[{"Plan": {"Node Type": "Aggregate","Strategy": "Plain","Partial Mode": "Simple","Parallel Aware": false,"Async Capable": false,"Startup Cost": 195918.31,"Total Cost": 195918.32,"Plan Rows": 1,"Plan Width": 32,"Actual Startup Time": 4858.750,"Actual Total Time": 4859.500,"Actual Rows": 1,"Actual Loops": 1,"Plans": [{"Node Type": "Hash Join","Parent Relationship": "Outer","Parallel Aware": false,"Async Capable": false,"Join Type": "Inner","Startup Cost": 6368.89,"Total Cost": 195913.44,"Plan Rows": 1946,"Plan Width": 8,"Actual Startup Time": 35.700,"Actual Total Time": 4859.054,"Actual Rows": 508,"Actual Loops": 1,"Inner Unique": true,"Hash Cond": "(lineitem.l_partkey = part.p_partkey)","Join Filter": "(lineitem.l_quantity < (SubPlan 1))","Rows Removed by Join Filter": 5113,"Plans": [{"Node Type": "Seq Scan","Parent Relationship": "Outer","Parallel Aware": false,"Async Capable": false,"Relation Name": "lineitem","Alias": "lineitem","Startup Cost": 0.00,"Total Cost": 172515.15,"Plan Rows": 6001215,"Plan Width": 17,"Actual Startup Time": 0.016,"Actual Total Time": 998.174,"Actual Rows": 6001215,"Actual Loops": 1},{"Node Type": "Hash","Parent Relationship": "Inner","Parallel Aware": false,"Async Capable": false,"Startup Cost": 6366.46,"Total Cost": 6366.46,"Plan Rows": 195,"Plan Width": 4,"Actual Startup Time": 30.190,"Actual Total Time": 30.904,"Actual Rows": 190,"Actual Loops": 1,"Hash Buckets": 1024,"Original Hash Buckets": 1024,"Hash Batches": 1,"Original Hash Batches": 1,"Peak Memory Usage": 15,"Plans": [{"Node Type": "Gather","Parent Relationship": "Outer","Parallel Aware": false,"Async Capable": false,"Startup Cost": 1000.00,"Total Cost": 6366.46,"Plan Rows": 195,"Plan Width": 4,"Actual Startup Time": 1.681,"Actual Total Time": 30.824,"Actual Rows": 190,"Actual Loops": 1,"Workers Planned": 2,"Workers Launched": 2,"Single Copy": false,"Plans": [{"Node Type": "Seq Scan","Parent Relationship": "Outer","Parallel Aware": true,"Async Capable": false,"Relation Name": "part","Alias": "part","Startup Cost": 0.00,"Total Cost": 5347.00,"Plan Rows": 81,"Plan Width": 4,"Actual Startup Time": 1.288,"Actual Total Time": 24.685,"Actual Rows": 63,"Actual Loops": 3,"Filter": "((p_brand = 'Brand#54'::bpchar) AND (p_container = 'SM PACK'::bpchar))","Rows Removed by Filter": 66603,"Workers": []}]}]},{"Node Type": "Aggregate","Strategy": "Plain","Partial Mode": "Simple","Parent Relationship": "SubPlan","Subplan Name": "SubPlan 1","Parallel Aware": false,"Async Capable": false,"Startup Cost": 127.60,"Total Cost": 127.61,"Plan Rows": 1,"Plan Width": 32,"Actual Startup Time": 0.133,"Actual Total Time": 0.133,"Actual Rows": 1,"Actual Loops": 5621,"Plans": [{"Node Type": "Bitmap Heap Scan","Parent Relationship": "Outer","Parallel Aware": false,"Async Capable": false,"Relation Name": "lineitem","Alias": "lineitem_1","Startup Cost": 4.67,"Total Cost": 127.52,"Plan Rows": 31,"Plan Width": 5,"Actual Startup Time": 0.014,"Actual Total Time": 0.126,"Actual Rows": 30,"Actual Loops": 5621,"Recheck Cond": "(l_partkey = part.p_partkey)","Rows Removed by Index Recheck": 0,"Exact Heap Blocks": 171071,"Lossy Heap Blocks": 0,"Plans": [{"Node Type": "Bitmap Index Scan","Parent Relationship": "Outer","Parallel Aware": false,"Async Capable": false,"Index Name": "idx_lineitem_part_supp","Startup Cost": 0.00,"Total Cost": 4.67,"Plan Rows": 31,"Plan Width": 0,"Actual Startup Time": 0.008,"Actual Total Time": 0.008,"Actual Rows": 30,"Actual Loops": 5621,"Index Cond": "(l_partkey = part.p_partkey)"}]}]}]}]},"Planning Time": 5.462,"Triggers": [],"Execution Time": 4859.846}]
[{"Plan": {"Node Type": "Aggregate","Strategy": "Plain","Partial Mode": "Simple","Parallel Aware": false,"Async Capable": false,"Startup Cost": 195919.27,"Total Cost": 195919.29,"Plan Rows": 1,"Plan Width": 32,"Actual Startup Time": 4663.492,"Actual Total Time": 4664.149,"Actual Rows": 1,"Actual Loops": 1,"Plans": [{"Node Type": "Hash Join","Parent Relationship": "Outer","Parallel Aware": false,"Async Capable": false,"Join Type": "Inner","Startup Cost": 6369.68,"Total Cost": 195914.23,"Plan Rows": 2016,"Plan Width": 8,"Actual Startup Time": 64.544,"Actual Total Time": 4663.758,"Actual Rows": 446,"Actual Loops": 1,"Inner Unique": true,"Hash Cond": "(lineitem.l_partkey = part.p_partkey)","Join Filter": "(lineitem.l_quantity < (SubPlan 1))","Rows Removed by Join Filter": 4264,"Plans": [{"Node Type": "Seq Scan","Parent Relationship": "Outer","Parallel Aware": false,"Async Capable": false,"Relation Name": "lineitem","Alias": "lineitem","Startup Cost": 0.00,"Total Cost": 172515.15,"Plan Rows": 6001215,"Plan Width": 17,"Actual Startup Time": 0.017,"Actual Total Time": 969.841,"Actual Rows": 6001215,"Actual Loops": 1},{"Node Type": "Hash","Parent Relationship": "Inner","Parallel Aware": false,"Async Capable": false,"Startup Cost": 6367.16,"Total Cost": 6367.16,"Plan Rows": 202,"Plan Width": 4,"Actual Startup Time": 31.478,"Actual Total Time": 32.098,"Actual Rows": 158,"Actual Loops": 1,"Hash Buckets": 1024,"Original Hash Buckets": 1024,"Hash Batches": 1,"Original Hash Batches": 1,"Peak Memory Usage": 14,"Plans": [{"Node Type": "Gather","Parent Relationship": "Outer","Parallel Aware": false,"Async Capable": false,"Startup Cost": 1000.00,"Total Cost": 6367.16,"Plan Rows": 202,"Plan Width": 4,"Actual Startup Time": 3.879,"Actual Total Time": 32.022,"Actual Rows": 158,"Actual Loops": 1,"Workers Planned": 2,"Workers Launched": 2,"Single Copy": false,"Plans": [{"Node Type": "Seq Scan","Parent Relationship": "Outer","Parallel Aware": true,"Async Capable": false,"Relation Name": "part","Alias": "part","Startup Cost": 0.00,"Total Cost": 5347.00,"Plan Rows": 84,"Plan Width": 4,"Actual Startup Time": 2.077,"Actual Total Time": 26.513,"Actual Rows": 53,"Actual Loops": 3,"Filter": "((p_brand = 'Brand#13'::bpchar) AND (p_container = 'SM JAR'::bpchar))","Rows Removed by Filter": 66614,"Workers": []}]}]},{"Node Type": "Aggregate","Strategy": "Plain","Partial Mode": "Simple","Parent Relationship": "SubPlan","Subplan Name": "SubPlan 1","Parallel Aware": false,"Async Capable": false,"Startup Cost": 127.60,"Total Cost": 127.61,"Plan Rows": 1,"Plan Width": 32,"Actual Startup Time": 0.118,"Actual Total Time": 0.118,"Actual Rows": 1,"Actual Loops": 4710,"Plans": [{"Node Type": "Bitmap Heap Scan","Parent Relationship": "Outer","Parallel Aware": false,"Async Capable": false,"Relation Name": "lineitem","Alias": "lineitem_1","Startup Cost": 4.67,"Total Cost": 127.52,"Plan Rows": 31,"Plan Width": 5,"Actual Startup Time": 0.013,"Actual Total Time": 0.111,"Actual Rows": 31,"Actual Loops": 4710,"Recheck Cond": "(l_partkey = part.p_partkey)","Rows Removed by Index Recheck": 0,"Exact Heap Blocks": 145043,"Lossy Heap Blocks": 0,"Plans": [{"Node Type": "Bitmap Index Scan","Parent Relationship": "Outer","Parallel Aware": false,"Async Capable": false,"Index Name": "idx_lineitem_part_supp","Startup Cost": 0.00,"Total Cost": 4.67,"Plan Rows": 31,"Plan Width": 0,"Actual Startup Time": 0.007,"Actual Total Time": 0.007,"Actual Rows": 31,"Actual Loops": 4710,"Index Cond": "(l_partkey = part.p_partkey)"}]}]}]}]},"Planning Time": 4.326,"Triggers": [],"Execution Time": 4664.618}]
[{"Plan": {"Node Type": "Aggregate","Strategy": "Plain","Partial Mode": "Simple","Parallel Aware": false,"Async Capable": false,"Startup Cost": 195919.67,"Total Cost": 195919.68,"Plan Rows": 1,"Plan Width": 32,"Actual Startup Time": 4833.365,"Actual Total Time": 4834.012,"Actual Rows": 1,"Actual Loops": 1,"Plans": [{"Node Type": "Hash Join","Parent Relationship": "Outer","Parallel Aware": false,"Async Capable": false,"Join Type": "Inner","Startup Cost": 6370.00,"Total Cost": 195914.55,"Plan Rows": 2045,"Plan Width": 8,"Actual Startup Time": 53.761,"Actual Total Time": 4833.486,"Actual Rows": 524,"Actual Loops": 1,"Inner Unique": true,"Hash Cond": "(lineitem.l_partkey = part.p_partkey)","Join Filter": "(lineitem.l_quantity < (SubPlan 1))","Rows Removed by Join Filter": 5468,"Plans": [{"Node Type": "Seq Scan","Parent Relationship": "Outer","Parallel Aware": false,"Async Capable": false,"Relation Name": "lineitem","Alias": "lineitem","Startup Cost": 0.00,"Total Cost": 172515.15,"Plan Rows": 6001215,"Plan Width": 17,"Actual Startup Time": 0.017,"Actual Total Time": 975.254,"Actual Rows": 6001215,"Actual Loops": 1},{"Node Type": "Hash","Parent Relationship": "Inner","Parallel Aware": false,"Async Capable": false,"Startup Cost": 6367.44,"Total Cost": 6367.44,"Plan Rows": 204,"Plan Width": 4,"Actual Startup Time": 32.524,"Actual Total Time": 33.145,"Actual Rows": 197,"Actual Loops": 1,"Hash Buckets": 1024,"Original Hash Buckets": 1024,"Hash Batches": 1,"Original Hash Batches": 1,"Peak Memory Usage": 15,"Plans": [{"Node Type": "Gather","Parent Relationship": "Outer","Parallel Aware": false,"Async Capable": false,"Startup Cost": 1000.00,"Total Cost": 6367.44,"Plan Rows": 204,"Plan Width": 4,"Actual Startup Time": 1.186,"Actual Total Time": 33.073,"Actual Rows": 197,"Actual Loops": 1,"Workers Planned": 2,"Workers Launched": 2,"Single Copy": false,"Plans": [{"Node Type": "Seq Scan","Parent Relationship": "Outer","Parallel Aware": true,"Async Capable": false,"Relation Name": "part","Alias": "part","Startup Cost": 0.00,"Total Cost": 5347.00,"Plan Rows": 85,"Plan Width": 4,"Actual Startup Time": 2.161,"Actual Total Time": 26.767,"Actual Rows": 66,"Actual Loops": 3,"Filter": "((p_brand = 'Brand#52'::bpchar) AND (p_container = 'SM CAN'::bpchar))","Rows Removed by Filter": 66601,"Workers": []}]}]},{"Node Type": "Aggregate","Strategy": "Plain","Partial Mode": "Simple","Parent Relationship": "SubPlan","Subplan Name": "SubPlan 1","Parallel Aware": false,"Async Capable": false,"Startup Cost": 127.60,"Total Cost": 127.61,"Plan Rows": 1,"Plan Width": 32,"Actual Startup Time": 0.117,"Actual Total Time": 0.117,"Actual Rows": 1,"Actual Loops": 5992,"Plans": [{"Node Type": "Bitmap Heap Scan","Parent Relationship": "Outer","Parallel Aware": false,"Async Capable": false,"Relation Name": "lineitem","Alias": "lineitem_1","Startup Cost": 4.67,"Total Cost": 127.52,"Plan Rows": 31,"Plan Width": 5,"Actual Startup Time": 0.013,"Actual Total Time": 0.110,"Actual Rows": 31,"Actual Loops": 5992,"Recheck Cond": "(l_partkey = part.p_partkey)","Rows Removed by Index Recheck": 0,"Exact Heap Blocks": 187538,"Lossy Heap Blocks": 0,"Plans": [{"Node Type": "Bitmap Index Scan","Parent Relationship": "Outer","Parallel Aware": false,"Async Capable": false,"Index Name": "idx_lineitem_part_supp","Startup Cost": 0.00,"Total Cost": 4.67,"Plan Rows": 31,"Plan Width": 0,"Actual Startup Time": 0.007,"Actual Total Time": 0.007,"Actual Rows": 31,"Actual Loops": 5992,"Index Cond": "(l_partkey = part.p_partkey)"}]}]}]}]},"Planning Time": 5.183,"Triggers": [],"Execution Time": 4834.378}]
[{"Plan": {"Node Type": "Aggregate","Strategy": "Plain","Partial Mode": "Simple","Parallel Aware": false,"Async Capable": false,"Startup Cost": 195918.90,"Total Cost": 195918.92,"Plan Rows": 1,"Plan Width": 32,"Actual Startup Time": 4907.669,"Actual Total Time": 4908.166,"Actual Rows": 1,"Actual Loops": 1,"Plans": [{"Node Type": "Hash Join","Parent Relationship": "Outer","Parallel Aware": false,"Async Capable": false,"Join Type": "Inner","Startup Cost": 6369.37,"Total Cost": 195913.93,"Plan Rows": 1989,"Plan Width": 8,"Actual Startup Time": 34.591,"Actual Total Time": 4907.971,"Actual Rows": 555,"Actual Loops": 1,"Inner Unique": true,"Hash Cond": "(lineitem.l_partkey = part.p_partkey)","Join Filter": "(lineitem.l_quantity < (SubPlan 1))","Rows Removed by Join Filter": 5647,"Plans": [{"Node Type": "Seq Scan","Parent Relationship": "Outer","Parallel Aware": false,"Async Capable": false,"Relation Name": "lineitem","Alias": "lineitem","Startup Cost": 0.00,"Total Cost": 172515.15,"Plan Rows": 6001215,"Plan Width": 17,"Actual Startup Time": 0.017,"Actual Total Time": 1031.314,"Actual Rows": 6001215,"Actual Loops": 1},{"Node Type": "Hash","Parent Relationship": "Inner","Parallel Aware": false,"Async Capable": false,"Startup Cost": 6366.89,"Total Cost": 6366.89,"Plan Rows": 199,"Plan Width": 4,"Actual Startup Time": 32.758,"Actual Total Time": 33.232,"Actual Rows": 208,"Actual Loops": 1,"Hash Buckets": 1024,"Original Hash Buckets": 1024,"Hash Batches": 1,"Original Hash Batches": 1,"Peak Memory Usage": 16,"Plans": [{"Node Type": "Gather","Parent Relationship": "Outer","Parallel Aware": false,"Async Capable": false,"Startup Cost": 1000.00,"Total Cost": 6366.89,"Plan Rows": 199,"Plan Width": 4,"Actual Startup Time": 2.048,"Actual Total Time": 33.183,"Actual Rows": 208,"Actual Loops": 1,"Workers Planned": 2,"Workers Launched": 2,"Single Copy": false,"Plans": [{"Node Type": "Seq Scan","Parent Relationship": "Outer","Parallel Aware": true,"Async Capable": false,"Relation Name": "part","Alias": "part","Startup Cost": 0.00,"Total Cost": 5347.00,"Plan Rows": 83,"Plan Width": 4,"Actual Startup Time": 1.403,"Actual Total Time": 26.728,"Actual Rows": 69,"Actual Loops": 3,"Filter": "((p_brand = 'Brand#21'::bpchar) AND (p_container = 'WRAP PKG'::bpchar))","Rows Removed by Filter": 66597,"Workers": []}]}]},{"Node Type": "Aggregate","Strategy": "Plain","Partial Mode": "Simple","Parent Relationship": "SubPlan","Subplan Name": "SubPlan 1","Parallel Aware": false,"Async Capable": false,"Startup Cost": 127.60,"Total Cost": 127.61,"Plan Rows": 1,"Plan Width": 32,"Actual Startup Time": 0.126,"Actual Total Time": 0.126,"Actual Rows": 1,"Actual Loops": 6202,"Plans": [{"Node Type": "Bitmap Heap Scan","Parent Relationship": "Outer","Parallel Aware": false,"Async Capable": false,"Relation Name": "lineitem","Alias": "lineitem_1","Startup Cost": 4.67,"Total Cost": 127.52,"Plan Rows": 31,"Plan Width": 5,"Actual Startup Time": 0.014,"Actual Total Time": 0.119,"Actual Rows": 31,"Actual Loops": 6202,"Recheck Cond": "(l_partkey = part.p_partkey)","Rows Removed by Index Recheck": 0,"Exact Heap Blocks": 191786,"Lossy Heap Blocks": 0,"Plans": [{"Node Type": "Bitmap Index Scan","Parent Relationship": "Outer","Parallel Aware": false,"Async Capable": false,"Index Name": "idx_lineitem_part_supp","Startup Cost": 0.00,"Total Cost": 4.67,"Plan Rows": 31,"Plan Width": 0,"Actual Startup Time": 0.008,"Actual Total Time": 0.008,"Actual Rows": 31,"Actual Loops": 6202,"Index Cond": "(l_partkey = part.p_partkey)"}]}]}]}]},"Planning Time": 5.929,"Triggers": [],"Execution Time": 4908.463}]
[{"Plan": {"Node Type": "Aggregate","Strategy": "Plain","Partial Mode": "Simple","Parallel Aware": false,"Async Capable": false,"Startup Cost": 195919.11,"Total Cost": 195919.12,"Plan Rows": 1,"Plan Width": 32,"Actual Startup Time": 4899.133,"Actual Total Time": 4899.526,"Actual Rows": 1,"Actual Loops": 1,"Plans": [{"Node Type": "Hash Join","Parent Relationship": "Outer","Parallel Aware": false,"Async Capable": false,"Join Type": "Inner","Startup Cost": 6369.54,"Total Cost": 195914.09,"Plan Rows": 2004,"Plan Width": 8,"Actual Startup Time": 34.035,"Actual Total Time": 4899.237,"Actual Rows": 565,"Actual Loops": 1,"Inner Unique": true,"Hash Cond": "(lineitem.l_partkey = part.p_partkey)","Join Filter": "(lineitem.l_quantity < (SubPlan 1))","Rows Removed by Join Filter": 5756,"Plans": [{"Node Type": "Seq Scan","Parent Relationship": "Outer","Parallel Aware": false,"Async Capable": false,"Relation Name": "lineitem","Alias": "lineitem","Startup Cost": 0.00,"Total Cost": 172515.15,"Plan Rows": 6001215,"Plan Width": 17,"Actual Startup Time": 0.021,"Actual Total Time": 931.182,"Actual Rows": 6001215,"Actual Loops": 1},{"Node Type": "Hash","Parent Relationship": "Inner","Parallel Aware": false,"Async Capable": false,"Startup Cost": 6367.04,"Total Cost": 6367.04,"Plan Rows": 200,"Plan Width": 4,"Actual Startup Time": 31.787,"Actual Total Time": 32.161,"Actual Rows": 209,"Actual Loops": 1,"Hash Buckets": 1024,"Original Hash Buckets": 1024,"Hash Batches": 1,"Original Hash Batches": 1,"Peak Memory Usage": 16,"Plans": [{"Node Type": "Gather","Parent Relationship": "Outer","Parallel Aware": false,"Async Capable": false,"Startup Cost": 1000.00,"Total Cost": 6367.04,"Plan Rows": 200,"Plan Width": 4,"Actual Startup Time": 0.653,"Actual Total Time": 32.073,"Actual Rows": 209,"Actual Loops": 1,"Workers Planned": 2,"Workers Launched": 2,"Single Copy": false,"Plans": [{"Node Type": "Seq Scan","Parent Relationship": "Outer","Parallel Aware": true,"Async Capable": false,"Relation Name": "part","Alias": "part","Startup Cost": 0.00,"Total Cost": 5347.00,"Plan Rows": 83,"Plan Width": 4,"Actual Startup Time": 0.494,"Actual Total Time": 26.434,"Actual Rows": 70,"Actual Loops": 3,"Filter": "((p_brand = 'Brand#32'::bpchar) AND (p_container = 'SM BOX'::bpchar))","Rows Removed by Filter": 66597,"Workers": []}]}]},{"Node Type": "Aggregate","Strategy": "Plain","Partial Mode": "Simple","Parent Relationship": "SubPlan","Subplan Name": "SubPlan 1","Parallel Aware": false,"Async Capable": false,"Startup Cost": 127.60,"Total Cost": 127.61,"Plan Rows": 1,"Plan Width": 32,"Actual Startup Time": 0.112,"Actual Total Time": 0.112,"Actual Rows": 1,"Actual Loops": 6321,"Plans": [{"Node Type": "Bitmap Heap Scan","Parent Relationship": "Outer","Parallel Aware": false,"Async Capable": false,"Relation Name": "lineitem","Alias": "lineitem_1","Startup Cost": 4.67,"Total Cost": 127.52,"Plan Rows": 31,"Plan Width": 5,"Actual Startup Time": 0.013,"Actual Total Time": 0.105,"Actual Rows": 31,"Actual Loops": 6321,"Recheck Cond": "(l_partkey = part.p_partkey)","Rows Removed by Index Recheck": 0,"Exact Heap Blocks": 197796,"Lossy Heap Blocks": 0,"Plans": [{"Node Type": "Bitmap Index Scan","Parent Relationship": "Outer","Parallel Aware": false,"Async Capable": false,"Index Name": "idx_lineitem_part_supp","Startup Cost": 0.00,"Total Cost": 4.67,"Plan Rows": 31,"Plan Width": 0,"Actual Startup Time": 0.007,"Actual Total Time": 0.007,"Actual Rows": 31,"Actual Loops": 6321,"Index Cond": "(l_partkey = part.p_partkey)"}]}]}]}]},"Planning Time": 6.069,"Triggers": [],"Execution Time": 4899.865}]
[{"Plan": {"Node Type": "Aggregate","Strategy": "Plain","Partial Mode": "Simple","Parallel Aware": false,"Async Capable": false,"Startup Cost": 195918.93,"Total Cost": 195918.94,"Plan Rows": 1,"Plan Width": 32,"Actual Startup Time": 4844.550,"Actual Total Time": 4845.307,"Actual Rows": 1,"Actual Loops": 1,"Plans": [{"Node Type": "Hash Join","Parent Relationship": "Outer","Parallel Aware": false,"Async Capable": false,"Join Type": "Inner","Startup Cost": 6369.40,"Total Cost": 195913.95,"Plan Rows": 1991,"Plan Width": 8,"Actual Startup Time": 33.578,"Actual Total Time": 4845.048,"Actual Rows": 533,"Actual Loops": 1,"Inner Unique": true,"Hash Cond": "(lineitem.l_partkey = part.p_partkey)","Join Filter": "(lineitem.l_quantity < (SubPlan 1))","Rows Removed by Join Filter": 5488,"Plans": [{"Node Type": "Seq Scan","Parent Relationship": "Outer","Parallel Aware": false,"Async Capable": false,"Relation Name": "lineitem","Alias": "lineitem","Startup Cost": 0.00,"Total Cost": 172515.15,"Plan Rows": 6001215,"Plan Width": 17,"Actual Startup Time": 0.013,"Actual Total Time": 1029.173,"Actual Rows": 6001215,"Actual Loops": 1},{"Node Type": "Hash","Parent Relationship": "Inner","Parallel Aware": false,"Async Capable": false,"Startup Cost": 6366.91,"Total Cost": 6366.91,"Plan Rows": 199,"Plan Width": 4,"Actual Startup Time": 28.918,"Actual Total Time": 29.659,"Actual Rows": 199,"Actual Loops": 1,"Hash Buckets": 1024,"Original Hash Buckets": 1024,"Hash Batches": 1,"Original Hash Batches": 1,"Peak Memory Usage": 15,"Plans": [{"Node Type": "Gather","Parent Relationship": "Outer","Parallel Aware": false,"Async Capable": false,"Startup Cost": 1000.00,"Total Cost": 6366.91,"Plan Rows": 199,"Plan Width": 4,"Actual Startup Time": 1.428,"Actual Total Time": 29.607,"Actual Rows": 199,"Actual Loops": 1,"Workers Planned": 2,"Workers Launched": 2,"Single Copy": false,"Plans": [{"Node Type": "Seq Scan","Parent Relationship": "Outer","Parallel Aware": true,"Async Capable": false,"Relation Name": "part","Alias": "part","Startup Cost": 0.00,"Total Cost": 5347.00,"Plan Rows": 83,"Plan Width": 4,"Actual Startup Time": 0.911,"Actual Total Time": 23.566,"Actual Rows": 66,"Actual Loops": 3,"Filter": "((p_brand = 'Brand#11'::bpchar) AND (p_container = 'SM PACK'::bpchar))","Rows Removed by Filter": 66600,"Workers": []}]}]},{"Node Type": "Aggregate","Strategy": "Plain","Partial Mode": "Simple","Parent Relationship": "SubPlan","Subplan Name": "SubPlan 1","Parallel Aware": false,"Async Capable": false,"Startup Cost": 127.60,"Total Cost": 127.61,"Plan Rows": 1,"Plan Width": 32,"Actual Startup Time": 0.126,"Actual Total Time": 0.126,"Actual Rows": 1,"Actual Loops": 6021,"Plans": [{"Node Type": "Bitmap Heap Scan","Parent Relationship": "Outer","Parallel Aware": false,"Async Capable": false,"Relation Name": "lineitem","Alias": "lineitem_1","Startup Cost": 4.67,"Total Cost": 127.52,"Plan Rows": 31,"Plan Width": 5,"Actual Startup Time": 0.014,"Actual Total Time": 0.119,"Actual Rows": 31,"Actual Loops": 6021,"Recheck Cond": "(l_partkey = part.p_partkey)","Rows Removed by Index Recheck": 0,"Exact Heap Blocks": 187990,"Lossy Heap Blocks": 0,"Plans": [{"Node Type": "Bitmap Index Scan","Parent Relationship": "Outer","Parallel Aware": false,"Async Capable": false,"Index Name": "idx_lineitem_part_supp","Startup Cost": 0.00,"Total Cost": 4.67,"Plan Rows": 31,"Plan Width": 0,"Actual Startup Time": 0.008,"Actual Total Time": 0.008,"Actual Rows": 31,"Actual Loops": 6021,"Index Cond": "(l_partkey = part.p_partkey)"}]}]}]}]},"Planning Time": 5.094,"Triggers": [],"Execution Time": 4845.546}]
[{"Plan": {"Node Type": "Aggregate","Strategy": "Plain","Partial Mode": "Simple","Parallel Aware": false,"Async Capable": false,"Startup Cost": 195919.36,"Total Cost": 195919.37,"Plan Rows": 1,"Plan Width": 32,"Actual Startup Time": 4825.585,"Actual Total Time": 4826.227,"Actual Rows": 1,"Actual Loops": 1,"Plans": [{"Node Type": "Hash Join","Parent Relationship": "Outer","Parallel Aware": false,"Async Capable": false,"Join Type": "Inner","Startup Cost": 6369.75,"Total Cost": 195914.30,"Plan Rows": 2022,"Plan Width": 8,"Actual Startup Time": 35.298,"Actual Total Time": 4825.760,"Actual Rows": 564,"Actual Loops": 1,"Inner Unique": true,"Hash Cond": "(lineitem.l_partkey = part.p_partkey)","Join Filter": "(lineitem.l_quantity < (SubPlan 1))","Rows Removed by Join Filter": 5600,"Plans": [{"Node Type": "Seq Scan","Parent Relationship": "Outer","Parallel Aware": false,"Async Capable": false,"Relation Name": "lineitem","Alias": "lineitem","Startup Cost": 0.00,"Total Cost": 172515.15,"Plan Rows": 6001215,"Plan Width": 17,"Actual Startup Time": 0.017,"Actual Total Time": 975.845,"Actual Rows": 6001215,"Actual Loops": 1},{"Node Type": "Hash","Parent Relationship": "Inner","Parallel Aware": false,"Async Capable": false,"Startup Cost": 6367.22,"Total Cost": 6367.22,"Plan Rows": 202,"Plan Width": 4,"Actual Startup Time": 31.015,"Actual Total Time": 31.628,"Actual Rows": 204,"Actual Loops": 1,"Hash Buckets": 1024,"Original Hash Buckets": 1024,"Hash Batches": 1,"Original Hash Batches": 1,"Peak Memory Usage": 16,"Plans": [{"Node Type": "Gather","Parent Relationship": "Outer","Parallel Aware": false,"Async Capable": false,"Startup Cost": 1000.00,"Total Cost": 6367.22,"Plan Rows": 202,"Plan Width": 4,"Actual Startup Time": 0.869,"Actual Total Time": 31.530,"Actual Rows": 204,"Actual Loops": 1,"Workers Planned": 2,"Workers Launched": 2,"Single Copy": false,"Plans": [{"Node Type": "Seq Scan","Parent Relationship": "Outer","Parallel Aware": true,"Async Capable": false,"Relation Name": "part","Alias": "part","Startup Cost": 0.00,"Total Cost": 5347.00,"Plan Rows": 84,"Plan Width": 4,"Actual Startup Time": 0.748,"Actual Total Time": 25.455,"Actual Rows": 68,"Actual Loops": 3,"Filter": "((p_brand = 'Brand#45'::bpchar) AND (p_container = 'LG BAG'::bpchar))","Rows Removed by Filter": 66599,"Workers": []}]}]},{"Node Type": "Aggregate","Strategy": "Plain","Partial Mode": "Simple","Parent Relationship": "SubPlan","Subplan Name": "SubPlan 1","Parallel Aware": false,"Async Capable": false,"Startup Cost": 127.60,"Total Cost": 127.61,"Plan Rows": 1,"Plan Width": 32,"Actual Startup Time": 0.118,"Actual Total Time": 0.118,"Actual Rows": 1,"Actual Loops": 6164,"Plans": [{"Node Type": "Bitmap Heap Scan","Parent Relationship": "Outer","Parallel Aware": false,"Async Capable": false,"Relation Name": "lineitem","Alias": "lineitem_1","Startup Cost": 4.67,"Total Cost": 127.52,"Plan Rows": 31,"Plan Width": 5,"Actual Startup Time": 0.013,"Actual Total Time": 0.111,"Actual Rows": 31,"Actual Loops": 6164,"Recheck Cond": "(l_partkey = part.p_partkey)","Rows Removed by Index Recheck": 0,"Exact Heap Blocks": 192188,"Lossy Heap Blocks": 0,"Plans": [{"Node Type": "Bitmap Index Scan","Parent Relationship": "Outer","Parallel Aware": false,"Async Capable": false,"Index Name": "idx_lineitem_part_supp","Startup Cost": 0.00,"Total Cost": 4.67,"Plan Rows": 31,"Plan Width": 0,"Actual Startup Time": 0.007,"Actual Total Time": 0.007,"Actual Rows": 31,"Actual Loops": 6164,"Index Cond": "(l_partkey = part.p_partkey)"}]}]}]}]},"Planning Time": 5.155,"Triggers": [],"Execution Time": 4826.598}]
[{"Plan": {"Node Type": "Aggregate","Strategy": "Plain","Partial Mode": "Simple","Parallel Aware": false,"Async Capable": false,"Startup Cost": 195918.24,"Total Cost": 195918.25,"Plan Rows": 1,"Plan Width": 32,"Actual Startup Time": 4674.598,"Actual Total Time": 4674.975,"Actual Rows": 1,"Actual Loops": 1,"Plans": [{"Node Type": "Hash Join","Parent Relationship": "Outer","Parallel Aware": false,"Async Capable": false,"Join Type": "Inner","Startup Cost": 6368.83,"Total Cost": 195913.38,"Plan Rows": 1941,"Plan Width": 8,"Actual Startup Time": 33.462,"Actual Total Time": 4674.751,"Actual Rows": 495,"Actual Loops": 1,"Inner Unique": true,"Hash Cond": "(lineitem.l_partkey = part.p_partkey)","Join Filter": "(lineitem.l_quantity < (SubPlan 1))","Rows Removed by Join Filter": 4991,"Plans": [{"Node Type": "Seq Scan","Parent Relationship": "Outer","Parallel Aware": false,"Async Capable": false,"Relation Name": "lineitem","Alias": "lineitem","Startup Cost": 0.00,"Total Cost": 172515.15,"Plan Rows": 6001215,"Plan Width": 17,"Actual Startup Time": 0.018,"Actual Total Time": 914.040,"Actual Rows": 6001215,"Actual Loops": 1},{"Node Type": "Hash","Parent Relationship": "Inner","Parallel Aware": false,"Async Capable": false,"Startup Cost": 6366.40,"Total Cost": 6366.40,"Plan Rows": 194,"Plan Width": 4,"Actual Startup Time": 32.429,"Actual Total Time": 32.793,"Actual Rows": 182,"Actual Loops": 1,"Hash Buckets": 1024,"Original Hash Buckets": 1024,"Hash Batches": 1,"Original Hash Batches": 1,"Peak Memory Usage": 15,"Plans": [{"Node Type": "Gather","Parent Relationship": "Outer","Parallel Aware": false,"Async Capable": false,"Startup Cost": 1000.00,"Total Cost": 6366.40,"Plan Rows": 194,"Plan Width": 4,"Actual Startup Time": 1.261,"Actual Total Time": 32.723,"Actual Rows": 182,"Actual Loops": 1,"Workers Planned": 2,"Workers Launched": 2,"Single Copy": false,"Plans": [{"Node Type": "Seq Scan","Parent Relationship": "Outer","Parallel Aware": true,"Async Capable": false,"Relation Name": "part","Alias": "part","Startup Cost": 0.00,"Total Cost": 5347.00,"Plan Rows": 81,"Plan Width": 4,"Actual Startup Time": 1.682,"Actual Total Time": 26.830,"Actual Rows": 61,"Actual Loops": 3,"Filter": "((p_brand = 'Brand#11'::bpchar) AND (p_container = 'WRAP PKG'::bpchar))","Rows Removed by Filter": 66606,"Workers": []}]}]},{"Node Type": "Aggregate","Strategy": "Plain","Partial Mode": "Simple","Parent Relationship": "SubPlan","Subplan Name": "SubPlan 1","Parallel Aware": false,"Async Capable": false,"Startup Cost": 127.60,"Total Cost": 127.61,"Plan Rows": 1,"Plan Width": 32,"Actual Startup Time": 0.113,"Actual Total Time": 0.113,"Actual Rows": 1,"Actual Loops": 5486,"Plans": [{"Node Type": "Bitmap Heap Scan","Parent Relationship": "Outer","Parallel Aware": false,"Async Capable": false,"Relation Name": "lineitem","Alias": "lineitem_1","Startup Cost": 4.67,"Total Cost": 127.52,"Plan Rows": 31,"Plan Width": 5,"Actual Startup Time": 0.013,"Actual Total Time": 0.106,"Actual Rows": 31,"Actual Loops": 5486,"Recheck Cond": "(l_partkey = part.p_partkey)","Rows Removed by Index Recheck": 0,"Exact Heap Blocks": 171543,"Lossy Heap Blocks": 0,"Plans": [{"Node Type": "Bitmap Index Scan","Parent Relationship": "Outer","Parallel Aware": false,"Async Capable": false,"Index Name": "idx_lineitem_part_supp","Startup Cost": 0.00,"Total Cost": 4.67,"Plan Rows": 31,"Plan Width": 0,"Actual Startup Time": 0.007,"Actual Total Time": 0.007,"Actual Rows": 31,"Actual Loops": 5486,"Index Cond": "(l_partkey = part.p_partkey)"}]}]}]}]},"Planning Time": 4.570,"Triggers": [],"Execution Time": 4675.244}]
[{"Plan": {"Node Type": "Aggregate","Strategy": "Plain","Partial Mode": "Simple","Parallel Aware": false,"Async Capable": false,"Startup Cost": 195918.28,"Total Cost": 195918.29,"Plan Rows": 1,"Plan Width": 32,"Actual Startup Time": 4716.921,"Actual Total Time": 4717.495,"Actual Rows": 1,"Actual Loops": 1,"Plans": [{"Node Type": "Hash Join","Parent Relationship": "Outer","Parallel Aware": false,"Async Capable": false,"Join Type": "Inner","Startup Cost": 6368.86,"Total Cost": 195913.41,"Plan Rows": 1944,"Plan Width": 8,"Actual Startup Time": 32.630,"Actual Total Time": 4717.182,"Actual Rows": 521,"Actual Loops": 1,"Inner Unique": true,"Hash Cond": "(lineitem.l_partkey = part.p_partkey)","Join Filter": "(lineitem.l_quantity < (SubPlan 1))","Rows Removed by Join Filter": 5241,"Plans": [{"Node Type": "Seq Scan","Parent Relationship": "Outer","Parallel Aware": false,"Async Capable": false,"Relation Name": "lineitem","Alias": "lineitem","Startup Cost": 0.00,"Total Cost": 172515.15,"Plan Rows": 6001215,"Plan Width": 17,"Actual Startup Time": 0.020,"Actual Total Time": 943.502,"Actual Rows": 6001215,"Actual Loops": 1},{"Node Type": "Hash","Parent Relationship": "Inner","Parallel Aware": false,"Async Capable": false,"Startup Cost": 6366.43,"Total Cost": 6366.43,"Plan Rows": 194,"Plan Width": 4,"Actual Startup Time": 30.698,"Actual Total Time": 31.248,"Actual Rows": 192,"Actual Loops": 1,"Hash Buckets": 1024,"Original Hash Buckets": 1024,"Hash Batches": 1,"Original Hash Batches": 1,"Peak Memory Usage": 15,"Plans": [{"Node Type": "Gather","Parent Relationship": "Outer","Parallel Aware": false,"Async Capable": false,"Startup Cost": 1000.00,"Total Cost": 6366.43,"Plan Rows": 194,"Plan Width": 4,"Actual Startup Time": 1.391,"Actual Total Time": 31.180,"Actual Rows": 192,"Actual Loops": 1,"Workers Planned": 2,"Workers Launched": 2,"Single Copy": false,"Plans": [{"Node Type": "Seq Scan","Parent Relationship": "Outer","Parallel Aware": true,"Async Capable": false,"Relation Name": "part","Alias": "part","Startup Cost": 0.00,"Total Cost": 5347.00,"Plan Rows": 81,"Plan Width": 4,"Actual Startup Time": 1.017,"Actual Total Time": 24.606,"Actual Rows": 64,"Actual Loops": 3,"Filter": "((p_brand = 'Brand#54'::bpchar) AND (p_container = 'WRAP CASE'::bpchar))","Rows Removed by Filter": 66603,"Workers": []}]}]},{"Node Type": "Aggregate","Strategy": "Plain","Partial Mode": "Simple","Parent Relationship": "SubPlan","Subplan Name": "SubPlan 1","Parallel Aware": false,"Async Capable": false,"Startup Cost": 127.60,"Total Cost": 127.61,"Plan Rows": 1,"Plan Width": 32,"Actual Startup Time": 0.115,"Actual Total Time": 0.115,"Actual Rows": 1,"Actual Loops": 5762,"Plans": [{"Node Type": "Bitmap Heap Scan","Parent Relationship": "Outer","Parallel Aware": false,"Async Capable": false,"Relation Name": "lineitem","Alias": "lineitem_1","Startup Cost": 4.67,"Total Cost": 127.52,"Plan Rows": 31,"Plan Width": 5,"Actual Startup Time": 0.013,"Actual Total Time": 0.108,"Actual Rows": 31,"Actual Loops": 5762,"Recheck Cond": "(l_partkey = part.p_partkey)","Rows Removed by Index Recheck": 0,"Exact Heap Blocks": 178630,"Lossy Heap Blocks": 0,"Plans": [{"Node Type": "Bitmap Index Scan","Parent Relationship": "Outer","Parallel Aware": false,"Async Capable": false,"Index Name": "idx_lineitem_part_supp","Startup Cost": 0.00,"Total Cost": 4.67,"Plan Rows": 31,"Plan Width": 0,"Actual Startup Time": 0.007,"Actual Total Time": 0.007,"Actual Rows": 31,"Actual Loops": 5762,"Index Cond": "(l_partkey = part.p_partkey)"}]}]}]}]},"Planning Time": 4.690,"Triggers": [],"Execution Time": 4717.778}]
[{"Plan": {"Node Type": "Aggregate","Strategy": "Plain","Partial Mode": "Simple","Parallel Aware": false,"Async Capable": false,"Startup Cost": 195919.57,"Total Cost": 195919.58,"Plan Rows": 1,"Plan Width": 32,"Actual Startup Time": 4892.757,"Actual Total Time": 4893.414,"Actual Rows": 1,"Actual Loops": 1,"Plans": [{"Node Type": "Hash Join","Parent Relationship": "Outer","Parallel Aware": false,"Async Capable": false,"Join Type": "Inner","Startup Cost": 6369.92,"Total Cost": 195914.47,"Plan Rows": 2038,"Plan Width": 8,"Actual Startup Time": 48.159,"Actual Total Time": 4893.048,"Actual Rows": 545,"Actual Loops": 1,"Inner Unique": true,"Hash Cond": "(lineitem.l_partkey = part.p_partkey)","Join Filter": "(lineitem.l_quantity < (SubPlan 1))","Rows Removed by Join Filter": 5820,"Plans": [{"Node Type": "Seq Scan","Parent Relationship": "Outer","Parallel Aware": false,"Async Capable": false,"Relation Name": "lineitem","Alias": "lineitem","Startup Cost": 0.00,"Total Cost": 172515.15,"Plan Rows": 6001215,"Plan Width": 17,"Actual Startup Time": 0.013,"Actual Total Time": 978.931,"Actual Rows": 6001215,"Actual Loops": 1},{"Node Type": "Hash","Parent Relationship": "Inner","Parallel Aware": false,"Async Capable": false,"Startup Cost": 6367.37,"Total Cost": 6367.37,"Plan Rows": 204,"Plan Width": 4,"Actual Startup Time": 33.433,"Actual Total Time": 34.051,"Actual Rows": 214,"Actual Loops": 1,"Hash Buckets": 1024,"Original Hash Buckets": 1024,"Hash Batches": 1,"Original Hash Batches": 1,"Peak Memory Usage": 16,"Plans": [{"Node Type": "Gather","Parent Relationship": "Outer","Parallel Aware": false,"Async Capable": false,"Startup Cost": 1000.00,"Total Cost": 6367.37,"Plan Rows": 204,"Plan Width": 4,"Actual Startup Time": 0.731,"Actual Total Time": 33.976,"Actual Rows": 214,"Actual Loops": 1,"Workers Planned": 2,"Workers Launched": 2,"Single Copy": false,"Plans": [{"Node Type": "Seq Scan","Parent Relationship": "Outer","Parallel Aware": true,"Async Capable": false,"Relation Name": "part","Alias": "part","Startup Cost": 0.00,"Total Cost": 5347.00,"Plan Rows": 85,"Plan Width": 4,"Actual Startup Time": 1.360,"Actual Total Time": 28.079,"Actual Rows": 71,"Actual Loops": 3,"Filter": "((p_brand = 'Brand#14'::bpchar) AND (p_container = 'WRAP JAR'::bpchar))","Rows Removed by Filter": 66595,"Workers": []}]}]},{"Node Type": "Aggregate","Strategy": "Plain","Partial Mode": "Simple","Parent Relationship": "SubPlan","Subplan Name": "SubPlan 1","Parallel Aware": false,"Async Capable": false,"Startup Cost": 127.60,"Total Cost": 127.61,"Plan Rows": 1,"Plan Width": 32,"Actual Startup Time": 0.115,"Actual Total Time": 0.115,"Actual Rows": 1,"Actual Loops": 6365,"Plans": [{"Node Type": "Bitmap Heap Scan","Parent Relationship": "Outer","Parallel Aware": false,"Async Capable": false,"Relation Name": "lineitem","Alias": "lineitem_1","Startup Cost": 4.67,"Total Cost": 127.52,"Plan Rows": 31,"Plan Width": 5,"Actual Startup Time": 0.013,"Actual Total Time": 0.108,"Actual Rows": 31,"Actual Loops": 6365,"Recheck Cond": "(l_partkey = part.p_partkey)","Rows Removed by Index Recheck": 0,"Exact Heap Blocks": 195354,"Lossy Heap Blocks": 0,"Plans": [{"Node Type": "Bitmap Index Scan","Parent Relationship": "Outer","Parallel Aware": false,"Async Capable": false,"Index Name": "idx_lineitem_part_supp","Startup Cost": 0.00,"Total Cost": 4.67,"Plan Rows": 31,"Plan Width": 0,"Actual Startup Time": 0.007,"Actual Total Time": 0.007,"Actual Rows": 31,"Actual Loops": 6365,"Index Cond": "(l_partkey = part.p_partkey)"}]}]}]}]},"Planning Time": 4.712,"Triggers": [],"Execution Time": 4893.739}]
[{"Plan": {"Node Type": "Aggregate","Strategy": "Plain","Partial Mode": "Simple","Parallel Aware": false,"Async Capable": false,"Startup Cost": 195919.40,"Total Cost": 195919.41,"Plan Rows": 1,"Plan Width": 32,"Actual Startup Time": 4780.310,"Actual Total Time": 4780.946,"Actual Rows": 1,"Actual Loops": 1,"Plans": [{"Node Type": "Hash Join","Parent Relationship": "Outer","Parallel Aware": false,"Async Capable": false,"Join Type": "Inner","Startup Cost": 6369.78,"Total Cost": 195914.33,"Plan Rows": 2025,"Plan Width": 8,"Actual Startup Time": 50.691,"Actual Total Time": 4780.506,"Actual Rows": 512,"Actual Loops": 1,"Inner Unique": true,"Hash Cond": "(lineitem.l_partkey = part.p_partkey)","Join Filter": "(lineitem.l_quantity < (SubPlan 1))","Rows Removed by Join Filter": 5169,"Plans": [{"Node Type": "Seq Scan","Parent Relationship": "Outer","Parallel Aware": false,"Async Capable": false,"Relation Name": "lineitem","Alias": "lineitem","Startup Cost": 0.00,"Total Cost": 172515.15,"Plan Rows": 6001215,"Plan Width": 17,"Actual Startup Time": 0.014,"Actual Total Time": 975.255,"Actual Rows": 6001215,"Actual Loops": 1},{"Node Type": "Hash","Parent Relationship": "Inner","Parallel Aware": false,"Async Capable": false,"Startup Cost": 6367.25,"Total Cost": 6367.25,"Plan Rows": 202,"Plan Width": 4,"Actual Startup Time": 32.687,"Actual Total Time": 33.289,"Actual Rows": 193,"Actual Loops": 1,"Hash Buckets": 1024,"Original Hash Buckets": 1024,"Hash Batches": 1,"Original Hash Batches": 1,"Peak Memory Usage": 15,"Plans": [{"Node Type": "Gather","Parent Relationship": "Outer","Parallel Aware": false,"Async Capable": false,"Startup Cost": 1000.00,"Total Cost": 6367.25,"Plan Rows": 202,"Plan Width": 4,"Actual Startup Time": 1.626,"Actual Total Time": 33.223,"Actual Rows": 193,"Actual Loops": 1,"Workers Planned": 2,"Workers Launched": 2,"Single Copy": false,"Plans": [{"Node Type": "Seq Scan","Parent Relationship": "Outer","Parallel Aware": true,"Async Capable": false,"Relation Name": "part","Alias": "part","Startup Cost": 0.00,"Total Cost": 5347.00,"Plan Rows": 84,"Plan Width": 4,"Actual Startup Time": 1.045,"Actual Total Time": 27.159,"Actual Rows": 64,"Actual Loops": 3,"Filter": "((p_brand = 'Brand#25'::bpchar) AND (p_container = 'SM BOX'::bpchar))","Rows Removed by Filter": 66602,"Workers": []}]}]},{"Node Type": "Aggregate","Strategy": "Plain","Partial Mode": "Simple","Parent Relationship": "SubPlan","Subplan Name": "SubPlan 1","Parallel Aware": false,"Async Capable": false,"Startup Cost": 127.60,"Total Cost": 127.61,"Plan Rows": 1,"Plan Width": 32,"Actual Startup Time": 0.115,"Actual Total Time": 0.115,"Actual Rows": 1,"Actual Loops": 5681,"Plans": [{"Node Type": "Bitmap Heap Scan","Parent Relationship": "Outer","Parallel Aware": false,"Async Capable": false,"Relation Name": "lineitem","Alias": "lineitem_1","Startup Cost": 4.67,"Total Cost": 127.52,"Plan Rows": 31,"Plan Width": 5,"Actual Startup Time": 0.013,"Actual Total Time": 0.108,"Actual Rows": 30,"Actual Loops": 5681,"Recheck Cond": "(l_partkey = part.p_partkey)","Rows Removed by Index Recheck": 0,"Exact Heap Blocks": 173001,"Lossy Heap Blocks": 0,"Plans": [{"Node Type": "Bitmap Index Scan","Parent Relationship": "Outer","Parallel Aware": false,"Async Capable": false,"Index Name": "idx_lineitem_part_supp","Startup Cost": 0.00,"Total Cost": 4.67,"Plan Rows": 31,"Plan Width": 0,"Actual Startup Time": 0.007,"Actual Total Time": 0.007,"Actual Rows": 30,"Actual Loops": 5681,"Index Cond": "(l_partkey = part.p_partkey)"}]}]}]}]},"Planning Time": 5.242,"Triggers": [],"Execution Time": 4781.254}]
[{"Plan": {"Node Type": "Aggregate","Strategy": "Plain","Partial Mode": "Simple","Parallel Aware": false,"Async Capable": false,"Startup Cost": 195916.35,"Total Cost": 195916.37,"Plan Rows": 1,"Plan Width": 32,"Actual Startup Time": 4688.028,"Actual Total Time": 4688.640,"Actual Rows": 1,"Actual Loops": 1,"Plans": [{"Node Type": "Hash Join","Parent Relationship": "Outer","Parallel Aware": false,"Async Capable": false,"Join Type": "Inner","Startup Cost": 6367.29,"Total Cost": 195911.84,"Plan Rows": 1804,"Plan Width": 8,"Actual Startup Time": 69.452,"Actual Total Time": 4688.230,"Actual Rows": 438,"Actual Loops": 1,"Inner Unique": true,"Hash Cond": "(lineitem.l_partkey = part.p_partkey)","Join Filter": "(lineitem.l_quantity < (SubPlan 1))","Rows Removed by Join Filter": 4669,"Plans": [{"Node Type": "Seq Scan","Parent Relationship": "Outer","Parallel Aware": false,"Async Capable": false,"Relation Name": "lineitem","Alias": "lineitem","Startup Cost": 0.00,"Total Cost": 172515.15,"Plan Rows": 6001215,"Plan Width": 17,"Actual Startup Time": 0.025,"Actual Total Time": 941.024,"Actual Rows": 6001215,"Actual Loops": 1},{"Node Type": "Hash","Parent Relationship": "Inner","Parallel Aware": false,"Async Capable": false,"Startup Cost": 6365.03,"Total Cost": 6365.03,"Plan Rows": 180,"Plan Width": 4,"Actual Startup Time": 32.819,"Actual Total Time": 33.394,"Actual Rows": 171,"Actual Loops": 1,"Hash Buckets": 1024,"Original Hash Buckets": 1024,"Hash Batches": 1,"Original Hash Batches": 1,"Peak Memory Usage": 15,"Plans": [{"Node Type": "Gather","Parent Relationship": "Outer","Parallel Aware": false,"Async Capable": false,"Startup Cost": 1000.00,"Total Cost": 6365.03,"Plan Rows": 180,"Plan Width": 4,"Actual Startup Time": 0.662,"Actual Total Time": 33.311,"Actual Rows": 171,"Actual Loops": 1,"Workers Planned": 2,"Workers Launched": 2,"Single Copy": false,"Plans": [{"Node Type": "Seq Scan","Parent Relationship": "Outer","Parallel Aware": true,"Async Capable": false,"Relation Name": "part","Alias": "part","Startup Cost": 0.00,"Total Cost": 5347.00,"Plan Rows": 75,"Plan Width": 4,"Actual Startup Time": 0.480,"Actual Total Time": 27.368,"Actual Rows": 57,"Actual Loops": 3,"Filter": "((p_brand = 'Brand#34'::bpchar) AND (p_container = 'WRAP PACK'::bpchar))","Rows Removed by Filter": 66610,"Workers": []}]}]},{"Node Type": "Aggregate","Strategy": "Plain","Partial Mode": "Simple","Parent Relationship": "SubPlan","Subplan Name": "SubPlan 1","Parallel Aware": false,"Async Capable": false,"Startup Cost": 127.60,"Total Cost": 127.61,"Plan Rows": 1,"Plan Width": 32,"Actual Startup Time": 0.117,"Actual Total Time": 0.117,"Actual Rows": 1,"Actual Loops": 5107,"Plans": [{"Node Type": "Bitmap Heap Scan","Parent Relationship": "Outer","Parallel Aware": false,"Async Capable": false,"Relation Name": "lineitem","Alias": "lineitem_1","Startup Cost": 4.67,"Total Cost": 127.52,"Plan Rows": 31,"Plan Width": 5,"Actual Startup Time": 0.013,"Actual Total Time": 0.110,"Actual Rows": 31,"Actual Loops": 5107,"Recheck Cond": "(l_partkey = part.p_partkey)","Rows Removed by Index Recheck": 0,"Exact Heap Blocks": 157312,"Lossy Heap Blocks": 0,"Plans": [{"Node Type": "Bitmap Index Scan","Parent Relationship": "Outer","Parallel Aware": false,"Async Capable": false,"Index Name": "idx_lineitem_part_supp","Startup Cost": 0.00,"Total Cost": 4.67,"Plan Rows": 31,"Plan Width": 0,"Actual Startup Time": 0.007,"Actual Total Time": 0.007,"Actual Rows": 31,"Actual Loops": 5107,"Index Cond": "(l_partkey = part.p_partkey)"}]}]}]}]},"Planning Time": 5.909,"Triggers": [],"Execution Time": 4689.141}]
[{"Plan": {"Node Type": "Aggregate","Strategy": "Plain","Partial Mode": "Simple","Parallel Aware": false,"Async Capable": false,"Startup Cost": 195919.63,"Total Cost": 195919.64,"Plan Rows": 1,"Plan Width": 32,"Actual Startup Time": 4783.702,"Actual Total Time": 4784.177,"Actual Rows": 1,"Actual Loops": 1,"Plans": [{"Node Type": "Hash Join","Parent Relationship": "Outer","Parallel Aware": false,"Async Capable": false,"Join Type": "Inner","Startup Cost": 6369.97,"Total Cost": 195914.52,"Plan Rows": 2042,"Plan Width": 8,"Actual Startup Time": 42.554,"Actual Total Time": 4783.990,"Actual Rows": 490,"Actual Loops": 1,"Inner Unique": true,"Hash Cond": "(lineitem.l_partkey = part.p_partkey)","Join Filter": "(lineitem.l_quantity < (SubPlan 1))","Rows Removed by Join Filter": 5225,"Plans": [{"Node Type": "Seq Scan","Parent Relationship": "Outer","Parallel Aware": false,"Async Capable": false,"Relation Name": "lineitem","Alias": "lineitem","Startup Cost": 0.00,"Total Cost": 172515.15,"Plan Rows": 6001215,"Plan Width": 17,"Actual Startup Time": 0.023,"Actual Total Time": 1023.794,"Actual Rows": 6001215,"Actual Loops": 1},{"Node Type": "Hash","Parent Relationship": "Inner","Parallel Aware": false,"Async Capable": false,"Startup Cost": 6367.42,"Total Cost": 6367.42,"Plan Rows": 204,"Plan Width": 4,"Actual Startup Time": 33.113,"Actual Total Time": 33.569,"Actual Rows": 189,"Actual Loops": 1,"Hash Buckets": 1024,"Original Hash Buckets": 1024,"Hash Batches": 1,"Original Hash Batches": 1,"Peak Memory Usage": 15,"Plans": [{"Node Type": "Gather","Parent Relationship": "Outer","Parallel Aware": false,"Async Capable": false,"Startup Cost": 1000.00,"Total Cost": 6367.42,"Plan Rows": 204,"Plan Width": 4,"Actual Startup Time": 0.923,"Actual Total Time": 33.489,"Actual Rows": 189,"Actual Loops": 1,"Workers Planned": 2,"Workers Launched": 2,"Single Copy": false,"Plans": [{"Node Type": "Seq Scan","Parent Relationship": "Outer","Parallel Aware": true,"Async Capable": false,"Relation Name": "part","Alias": "part","Startup Cost": 0.00,"Total Cost": 5347.00,"Plan Rows": 85,"Plan Width": 4,"Actual Startup Time": 0.310,"Actual Total Time": 26.766,"Actual Rows": 63,"Actual Loops": 3,"Filter": "((p_brand = 'Brand#31'::bpchar) AND (p_container = 'SM DRUM'::bpchar))","Rows Removed by Filter": 66604,"Workers": []}]}]},{"Node Type": "Aggregate","Strategy": "Plain","Partial Mode": "Simple","Parent Relationship": "SubPlan","Subplan Name": "SubPlan 1","Parallel Aware": false,"Async Capable": false,"Startup Cost": 127.60,"Total Cost": 127.61,"Plan Rows": 1,"Plan Width": 32,"Actual Startup Time": 0.128,"Actual Total Time": 0.128,"Actual Rows": 1,"Actual Loops": 5715,"Plans": [{"Node Type": "Bitmap Heap Scan","Parent Relationship": "Outer","Parallel Aware": false,"Async Capable": false,"Relation Name": "lineitem","Alias": "lineitem_1","Startup Cost": 4.67,"Total Cost": 127.52,"Plan Rows": 31,"Plan Width": 5,"Actual Startup Time": 0.014,"Actual Total Time": 0.121,"Actual Rows": 31,"Actual Loops": 5715,"Recheck Cond": "(l_partkey = part.p_partkey)","Rows Removed by Index Recheck": 0,"Exact Heap Blocks": 179321,"Lossy Heap Blocks": 0,"Plans": [{"Node Type": "Bitmap Index Scan","Parent Relationship": "Outer","Parallel Aware": false,"Async Capable": false,"Index Name": "idx_lineitem_part_supp","Startup Cost": 0.00,"Total Cost": 4.67,"Plan Rows": 31,"Plan Width": 0,"Actual Startup Time": 0.008,"Actual Total Time": 0.008,"Actual Rows": 31,"Actual Loops": 5715,"Index Cond": "(l_partkey = part.p_partkey)"}]}]}]}]},"Planning Time": 6.069,"Triggers": [],"Execution Time": 4784.562}]
[{"Plan": {"Node Type": "Aggregate","Strategy": "Plain","Partial Mode": "Simple","Parallel Aware": false,"Async Capable": false,"Startup Cost": 195919.19,"Total Cost": 195919.20,"Plan Rows": 1,"Plan Width": 32,"Actual Startup Time": 4732.751,"Actual Total Time": 4733.266,"Actual Rows": 1,"Actual Loops": 1,"Plans": [{"Node Type": "Hash Join","Parent Relationship": "Outer","Parallel Aware": false,"Async Capable": false,"Join Type": "Inner","Startup Cost": 6369.61,"Total Cost": 195914.16,"Plan Rows": 2010,"Plan Width": 8,"Actual Startup Time": 63.440,"Actual Total Time": 4733.073,"Actual Rows": 498,"Actual Loops": 1,"Inner Unique": true,"Hash Cond": "(lineitem.l_partkey = part.p_partkey)","Join Filter": "(lineitem.l_quantity < (SubPlan 1))","Rows Removed by Join Filter": 5537,"Plans": [{"Node Type": "Seq Scan","Parent Relationship": "Outer","Parallel Aware": false,"Async Capable": false,"Relation Name": "lineitem","Alias": "lineitem","Startup Cost": 0.00,"Total Cost": 172515.15,"Plan Rows": 6001215,"Plan Width": 17,"Actual Startup Time": 0.019,"Actual Total Time": 996.221,"Actual Rows": 6001215,"Actual Loops": 1},{"Node Type": "Hash","Parent Relationship": "Inner","Parallel Aware": false,"Async Capable": false,"Startup Cost": 6367.09,"Total Cost": 6367.09,"Plan Rows": 201,"Plan Width": 4,"Actual Startup Time": 34.196,"Actual Total Time": 34.694,"Actual Rows": 199,"Actual Loops": 1,"Hash Buckets": 1024,"Original Hash Buckets": 1024,"Hash Batches": 1,"Original Hash Batches": 1,"Peak Memory Usage": 15,"Plans": [{"Node Type": "Gather","Parent Relationship": "Outer","Parallel Aware": false,"Async Capable": false,"Startup Cost": 1000.00,"Total Cost": 6367.09,"Plan Rows": 201,"Plan Width": 4,"Actual Startup Time": 1.866,"Actual Total Time": 34.626,"Actual Rows": 199,"Actual Loops": 1,"Workers Planned": 2,"Workers Launched": 2,"Single Copy": false,"Plans": [{"Node Type": "Seq Scan","Parent Relationship": "Outer","Parallel Aware": true,"Async Capable": false,"Relation Name": "part","Alias": "part","Startup Cost": 0.00,"Total Cost": 5347.00,"Plan Rows": 84,"Plan Width": 4,"Actual Startup Time": 0.779,"Actual Total Time": 28.330,"Actual Rows": 66,"Actual Loops": 3,"Filter": "((p_brand = 'Brand#34'::bpchar) AND (p_container = 'JUMBO DRUM'::bpchar))","Rows Removed by Filter": 66600,"Workers": []}]}]},{"Node Type": "Aggregate","Strategy": "Plain","Partial Mode": "Simple","Parent Relationship": "SubPlan","Subplan Name": "SubPlan 1","Parallel Aware": false,"Async Capable": false,"Startup Cost": 127.60,"Total Cost": 127.61,"Plan Rows": 1,"Plan Width": 32,"Actual Startup Time": 0.131,"Actual Total Time": 0.131,"Actual Rows": 1,"Actual Loops": 6035,"Plans": [{"Node Type": "Bitmap Heap Scan","Parent Relationship": "Outer","Parallel Aware": false,"Async Capable": false,"Relation Name": "lineitem","Alias": "lineitem_1","Startup Cost": 4.67,"Total Cost": 127.52,"Plan Rows": 31,"Plan Width": 5,"Actual Startup Time": 0.014,"Actual Total Time": 0.124,"Actual Rows": 31,"Actual Loops": 6035,"Recheck Cond": "(l_partkey = part.p_partkey)","Rows Removed by Index Recheck": 0,"Exact Heap Blocks": 188270,"Lossy Heap Blocks": 0,"Plans": [{"Node Type": "Bitmap Index Scan","Parent Relationship": "Outer","Parallel Aware": false,"Async Capable": false,"Index Name": "idx_lineitem_part_supp","Startup Cost": 0.00,"Total Cost": 4.67,"Plan Rows": 31,"Plan Width": 0,"Actual Startup Time": 0.008,"Actual Total Time": 0.008,"Actual Rows": 31,"Actual Loops": 6035,"Index Cond": "(l_partkey = part.p_partkey)"}]}]}]}]},"Planning Time": 6.038,"Triggers": [],"Execution Time": 4733.545}]
[{"Plan": {"Node Type": "Aggregate","Strategy": "Plain","Partial Mode": "Simple","Parallel Aware": false,"Async Capable": false,"Startup Cost": 195918.85,"Total Cost": 195918.86,"Plan Rows": 1,"Plan Width": 32,"Actual Startup Time": 4860.433,"Actual Total Time": 4860.956,"Actual Rows": 1,"Actual Loops": 1,"Plans": [{"Node Type": "Hash Join","Parent Relationship": "Outer","Parallel Aware": false,"Async Capable": false,"Join Type": "Inner","Startup Cost": 6369.33,"Total Cost": 195913.88,"Plan Rows": 1985,"Plan Width": 8,"Actual Startup Time": 34.910,"Actual Total Time": 4860.689,"Actual Rows": 586,"Actual Loops": 1,"Inner Unique": true,"Hash Cond": "(lineitem.l_partkey = part.p_partkey)","Join Filter": "(lineitem.l_quantity < (SubPlan 1))","Rows Removed by Join Filter": 5915,"Plans": [{"Node Type": "Seq Scan","Parent Relationship": "Outer","Parallel Aware": false,"Async Capable": false,"Relation Name": "lineitem","Alias": "lineitem","Startup Cost": 0.00,"Total Cost": 172515.15,"Plan Rows": 6001215,"Plan Width": 17,"Actual Startup Time": 0.014,"Actual Total Time": 935.630,"Actual Rows": 6001215,"Actual Loops": 1},{"Node Type": "Hash","Parent Relationship": "Inner","Parallel Aware": false,"Async Capable": false,"Startup Cost": 6366.85,"Total Cost": 6366.85,"Plan Rows": 198,"Plan Width": 4,"Actual Startup Time": 33.217,"Actual Total Time": 33.724,"Actual Rows": 218,"Actual Loops": 1,"Hash Buckets": 1024,"Original Hash Buckets": 1024,"Hash Batches": 1,"Original Hash Batches": 1,"Peak Memory Usage": 16,"Plans": [{"Node Type": "Gather","Parent Relationship": "Outer","Parallel Aware": false,"Async Capable": false,"Startup Cost": 1000.00,"Total Cost": 6366.85,"Plan Rows": 198,"Plan Width": 4,"Actual Startup Time": 0.739,"Actual Total Time": 33.654,"Actual Rows": 218,"Actual Loops": 1,"Workers Planned": 2,"Workers Launched": 2,"Single Copy": false,"Plans": [{"Node Type": "Seq Scan","Parent Relationship": "Outer","Parallel Aware": true,"Async Capable": false,"Relation Name": "part","Alias": "part","Startup Cost": 0.00,"Total Cost": 5347.00,"Plan Rows": 83,"Plan Width": 4,"Actual Startup Time": 0.854,"Actual Total Time": 27.820,"Actual Rows": 73,"Actual Loops": 3,"Filter": "((p_brand = 'Brand#53'::bpchar) AND (p_container = 'WRAP CASE'::bpchar))","Rows Removed by Filter": 66594,"Workers": []}]}]},{"Node Type": "Aggregate","Strategy": "Plain","Partial Mode": "Simple","Parent Relationship": "SubPlan","Subplan Name": "SubPlan 1","Parallel Aware": false,"Async Capable": false,"Startup Cost": 127.60,"Total Cost": 127.61,"Plan Rows": 1,"Plan Width": 32,"Actual Startup Time": 0.115,"Actual Total Time": 0.115,"Actual Rows": 1,"Actual Loops": 6501,"Plans": [{"Node Type": "Bitmap Heap Scan","Parent Relationship": "Outer","Parallel Aware": false,"Async Capable": false,"Relation Name": "lineitem","Alias": "lineitem_1","Startup Cost": 4.67,"Total Cost": 127.52,"Plan Rows": 31,"Plan Width": 5,"Actual Startup Time": 0.013,"Actual Total Time": 0.108,"Actual Rows": 31,"Actual Loops": 6501,"Recheck Cond": "(l_partkey = part.p_partkey)","Rows Removed by Index Recheck": 0,"Exact Heap Blocks": 200245,"Lossy Heap Blocks": 0,"Plans": [{"Node Type": "Bitmap Index Scan","Parent Relationship": "Outer","Parallel Aware": false,"Async Capable": false,"Index Name": "idx_lineitem_part_supp","Startup Cost": 0.00,"Total Cost": 4.67,"Plan Rows": 31,"Plan Width": 0,"Actual Startup Time": 0.007,"Actual Total Time": 0.007,"Actual Rows": 31,"Actual Loops": 6501,"Index Cond": "(l_partkey = part.p_partkey)"}]}]}]}]},"Planning Time": 5.131,"Triggers": [],"Execution Time": 4861.183}]
[{"Plan": {"Node Type": "Aggregate","Strategy": "Plain","Partial Mode": "Simple","Parallel Aware": false,"Async Capable": false,"Startup Cost": 195918.29,"Total Cost": 195918.31,"Plan Rows": 1,"Plan Width": 32,"Actual Startup Time": 4807.539,"Actual Total Time": 4808.197,"Actual Rows": 1,"Actual Loops": 1,"Plans": [{"Node Type": "Hash Join","Parent Relationship": "Outer","Parallel Aware": false,"Async Capable": false,"Join Type": "Inner","Startup Cost": 6368.88,"Total Cost": 195913.43,"Plan Rows": 1945,"Plan Width": 8,"Actual Startup Time": 40.276,"Actual Total Time": 4807.742,"Actual Rows": 512,"Actual Loops": 1,"Inner Unique": true,"Hash Cond": "(lineitem.l_partkey = part.p_partkey)","Join Filter": "(lineitem.l_quantity < (SubPlan 1))","Rows Removed by Join Filter": 5176,"Plans": [{"Node Type": "Seq Scan","Parent Relationship": "Outer","Parallel Aware": false,"Async Capable": false,"Relation Name": "lineitem","Alias": "lineitem","Startup Cost": 0.00,"Total Cost": 172515.15,"Plan Rows": 6001215,"Plan Width": 17,"Actual Startup Time": 0.023,"Actual Total Time": 984.708,"Actual Rows": 6001215,"Actual Loops": 1},{"Node Type": "Hash","Parent Relationship": "Inner","Parallel Aware": false,"Async Capable": false,"Startup Cost": 6366.45,"Total Cost": 6366.45,"Plan Rows": 194,"Plan Width": 4,"Actual Startup Time": 30.760,"Actual Total Time": 31.375,"Actual Rows": 197,"Actual Loops": 1,"Hash Buckets": 1024,"Original Hash Buckets": 1024,"Hash Batches": 1,"Original Hash Batches": 1,"Peak Memory Usage": 15,"Plans": [{"Node Type": "Gather","Parent Relationship": "Outer","Parallel Aware": false,"Async Capable": false,"Startup Cost": 1000.00,"Total Cost": 6366.45,"Plan Rows": 194,"Plan Width": 4,"Actual Startup Time": 1.209,"Actual Total Time": 31.317,"Actual Rows": 197,"Actual Loops": 1,"Workers Planned": 2,"Workers Launched": 2,"Single Copy": false,"Plans": [{"Node Type": "Seq Scan","Parent Relationship": "Outer","Parallel Aware": true,"Async Capable": false,"Relation Name": "part","Alias": "part","Startup Cost": 0.00,"Total Cost": 5347.00,"Plan Rows": 81,"Plan Width": 4,"Actual Startup Time": 0.468,"Actual Total Time": 24.802,"Actual Rows": 66,"Actual Loops": 3,"Filter": "((p_brand = 'Brand#35'::bpchar) AND (p_container = 'JUMBO PKG'::bpchar))","Rows Removed by Filter": 66601,"Workers": []}]}]},{"Node Type": "Aggregate","Strategy": "Plain","Partial Mode": "Simple","Parent Relationship": "SubPlan","Subplan Name": "SubPlan 1","Parallel Aware": false,"Async Capable": false,"Startup Cost": 127.60,"Total Cost": 127.61,"Plan Rows": 1,"Plan Width": 32,"Actual Startup Time": 0.115,"Actual Total Time": 0.115,"Actual Rows": 1,"Actual Loops": 5688,"Plans": [{"Node Type": "Bitmap Heap Scan","Parent Relationship": "Outer","Parallel Aware": false,"Async Capable": false,"Relation Name": "lineitem","Alias": "lineitem_1","Startup Cost": 4.67,"Total Cost": 127.52,"Plan Rows": 31,"Plan Width": 5,"Actual Startup Time": 0.013,"Actual Total Time": 0.108,"Actual Rows": 30,"Actual Loops": 5688,"Recheck Cond": "(l_partkey = part.p_partkey)","Rows Removed by Index Recheck": 0,"Exact Heap Blocks": 170806,"Lossy Heap Blocks": 0,"Plans": [{"Node Type": "Bitmap Index Scan","Parent Relationship": "Outer","Parallel Aware": false,"Async Capable": false,"Index Name": "idx_lineitem_part_supp","Startup Cost": 0.00,"Total Cost": 4.67,"Plan Rows": 31,"Plan Width": 0,"Actual Startup Time": 0.007,"Actual Total Time": 0.007,"Actual Rows": 30,"Actual Loops": 5688,"Index Cond": "(l_partkey = part.p_partkey)"}]}]}]}]},"Planning Time": 5.205,"Triggers": [],"Execution Time": 4808.669}]
[{"Plan": {"Node Type": "Aggregate","Strategy": "Plain","Partial Mode": "Simple","Parallel Aware": false,"Async Capable": false,"Startup Cost": 195919.67,"Total Cost": 195919.68,"Plan Rows": 1,"Plan Width": 32,"Actual Startup Time": 4768.248,"Actual Total Time": 4768.871,"Actual Rows": 1,"Actual Loops": 1,"Plans": [{"Node Type": "Hash Join","Parent Relationship": "Outer","Parallel Aware": false,"Async Capable": false,"Join Type": "Inner","Startup Cost": 6370.00,"Total Cost": 195914.55,"Plan Rows": 2045,"Plan Width": 8,"Actual Startup Time": 36.730,"Actual Total Time": 4768.455,"Actual Rows": 532,"Actual Loops": 1,"Inner Unique": true,"Hash Cond": "(lineitem.l_partkey = part.p_partkey)","Join Filter": "(lineitem.l_quantity < (SubPlan 1))","Rows Removed by Join Filter": 5315,"Plans": [{"Node Type": "Seq Scan","Parent Relationship": "Outer","Parallel Aware": false,"Async Capable": false,"Relation Name": "lineitem","Alias": "lineitem","Startup Cost": 0.00,"Total Cost": 172515.15,"Plan Rows": 6001215,"Plan Width": 17,"Actual Startup Time": 0.013,"Actual Total Time": 975.296,"Actual Rows": 6001215,"Actual Loops": 1},{"Node Type": "Hash","Parent Relationship": "Inner","Parallel Aware": false,"Async Capable": false,"Startup Cost": 6367.45,"Total Cost": 6367.45,"Plan Rows": 204,"Plan Width": 4,"Actual Startup Time": 31.628,"Actual Total Time": 32.220,"Actual Rows": 195,"Actual Loops": 1,"Hash Buckets": 1024,"Original Hash Buckets": 1024,"Hash Batches": 1,"Original Hash Batches": 1,"Peak Memory Usage": 15,"Plans": [{"Node Type": "Gather","Parent Relationship": "Outer","Parallel Aware": false,"Async Capable": false,"Startup Cost": 1000.00,"Total Cost": 6367.45,"Plan Rows": 204,"Plan Width": 4,"Actual Startup Time": 1.954,"Actual Total Time": 32.141,"Actual Rows": 195,"Actual Loops": 1,"Workers Planned": 2,"Workers Launched": 2,"Single Copy": false,"Plans": [{"Node Type": "Seq Scan","Parent Relationship": "Outer","Parallel Aware": true,"Async Capable": false,"Relation Name": "part","Alias": "part","Startup Cost": 0.00,"Total Cost": 5347.00,"Plan Rows": 85,"Plan Width": 4,"Actual Startup Time": 1.588,"Actual Total Time": 26.186,"Actual Rows": 65,"Actual Loops": 3,"Filter": "((p_brand = 'Brand#42'::bpchar) AND (p_container = 'WRAP BOX'::bpchar))","Rows Removed by Filter": 66602,"Workers": []}]}]},{"Node Type": "Aggregate","Strategy": "Plain","Partial Mode": "Simple","Parent Relationship": "SubPlan","Subplan Name": "SubPlan 1","Parallel Aware": false,"Async Capable": false,"Startup Cost": 127.60,"Total Cost": 127.61,"Plan Rows": 1,"Plan Width": 32,"Actual Startup Time": 0.116,"Actual Total Time": 0.116,"Actual Rows": 1,"Actual Loops": 5847,"Plans": [{"Node Type": "Bitmap Heap Scan","Parent Relationship": "Outer","Parallel Aware": false,"Async Capable": false,"Relation Name": "lineitem","Alias": "lineitem_1","Startup Cost": 4.67,"Total Cost": 127.52,"Plan Rows": 31,"Plan Width": 5,"Actual Startup Time": 0.013,"Actual Total Time": 0.109,"Actual Rows": 31,"Actual Loops": 5847,"Recheck Cond": "(l_partkey = part.p_partkey)","Rows Removed by Index Recheck": 0,"Exact Heap Blocks": 181125,"Lossy Heap Blocks": 0,"Plans": [{"Node Type": "Bitmap Index Scan","Parent Relationship": "Outer","Parallel Aware": false,"Async Capable": false,"Index Name": "idx_lineitem_part_supp","Startup Cost": 0.00,"Total Cost": 4.67,"Plan Rows": 31,"Plan Width": 0,"Actual Startup Time": 0.007,"Actual Total Time": 0.007,"Actual Rows": 31,"Actual Loops": 5847,"Index Cond": "(l_partkey = part.p_partkey)"}]}]}]}]},"Planning Time": 5.786,"Triggers": [],"Execution Time": 4769.162}]
[{"Plan": {"Node Type": "Aggregate","Strategy": "Plain","Partial Mode": "Simple","Parallel Aware": false,"Async Capable": false,"Startup Cost": 195921.14,"Total Cost": 195921.15,"Plan Rows": 1,"Plan Width": 32,"Actual Startup Time": 4945.080,"Actual Total Time": 4945.550,"Actual Rows": 1,"Actual Loops": 1,"Plans": [{"Node Type": "Hash Join","Parent Relationship": "Outer","Parallel Aware": false,"Async Capable": false,"Join Type": "Inner","Startup Cost": 6371.20,"Total Cost": 195915.75,"Plan Rows": 2152,"Plan Width": 8,"Actual Startup Time": 62.129,"Actual Total Time": 4945.278,"Actual Rows": 581,"Actual Loops": 1,"Inner Unique": true,"Hash Cond": "(lineitem.l_partkey = part.p_partkey)","Join Filter": "(lineitem.l_quantity < (SubPlan 1))","Rows Removed by Join Filter": 5859,"Plans": [{"Node Type": "Seq Scan","Parent Relationship": "Outer","Parallel Aware": false,"Async Capable": false,"Relation Name": "lineitem","Alias": "lineitem","Startup Cost": 0.00,"Total Cost": 172515.15,"Plan Rows": 6001215,"Plan Width": 17,"Actual Startup Time": 0.022,"Actual Total Time": 1030.522,"Actual Rows": 6001215,"Actual Loops": 1},{"Node Type": "Hash","Parent Relationship": "Inner","Parallel Aware": false,"Async Capable": false,"Startup Cost": 6368.51,"Total Cost": 6368.51,"Plan Rows": 215,"Plan Width": 4,"Actual Startup Time": 33.119,"Actual Total Time": 33.570,"Actual Rows": 220,"Actual Loops": 1,"Hash Buckets": 1024,"Original Hash Buckets": 1024,"Hash Batches": 1,"Original Hash Batches": 1,"Peak Memory Usage": 16,"Plans": [{"Node Type": "Gather","Parent Relationship": "Outer","Parallel Aware": false,"Async Capable": false,"Startup Cost": 1000.00,"Total Cost": 6368.51,"Plan Rows": 215,"Plan Width": 4,"Actual Startup Time": 1.315,"Actual Total Time": 33.504,"Actual Rows": 220,"Actual Loops": 1,"Workers Planned": 2,"Workers Launched": 2,"Single Copy": false,"Plans": [{"Node Type": "Seq Scan","Parent Relationship": "Outer","Parallel Aware": true,"Async Capable": false,"Relation Name": "part","Alias": "part","Startup Cost": 0.00,"Total Cost": 5347.00,"Plan Rows": 90,"Plan Width": 4,"Actual Startup Time": 0.723,"Actual Total Time": 27.032,"Actual Rows": 73,"Actual Loops": 3,"Filter": "((p_brand = 'Brand#34'::bpchar) AND (p_container = 'LG JAR'::bpchar))","Rows Removed by Filter": 66593,"Workers": []}]}]},{"Node Type": "Aggregate","Strategy": "Plain","Partial Mode": "Simple","Parent Relationship": "SubPlan","Subplan Name": "SubPlan 1","Parallel Aware": false,"Async Capable": false,"Startup Cost": 127.60,"Total Cost": 127.61,"Plan Rows": 1,"Plan Width": 32,"Actual Startup Time": 0.127,"Actual Total Time": 0.127,"Actual Rows": 1,"Actual Loops": 6440,"Plans": [{"Node Type": "Bitmap Heap Scan","Parent Relationship": "Outer","Parallel Aware": false,"Async Capable": false,"Relation Name": "lineitem","Alias": "lineitem_1","Startup Cost": 4.67,"Total Cost": 127.52,"Plan Rows": 31,"Plan Width": 5,"Actual Startup Time": 0.014,"Actual Total Time": 0.120,"Actual Rows": 30,"Actual Loops": 6440,"Recheck Cond": "(l_partkey = part.p_partkey)","Rows Removed by Index Recheck": 0,"Exact Heap Blocks": 194144,"Lossy Heap Blocks": 0,"Plans": [{"Node Type": "Bitmap Index Scan","Parent Relationship": "Outer","Parallel Aware": false,"Async Capable": false,"Index Name": "idx_lineitem_part_supp","Startup Cost": 0.00,"Total Cost": 4.67,"Plan Rows": 31,"Plan Width": 0,"Actual Startup Time": 0.008,"Actual Total Time": 0.008,"Actual Rows": 30,"Actual Loops": 6440,"Index Cond": "(l_partkey = part.p_partkey)"}]}]}]}]},"Planning Time": 4.637,"Triggers": [],"Execution Time": 4945.841}]
[{"Plan": {"Node Type": "Aggregate","Strategy": "Plain","Partial Mode": "Simple","Parallel Aware": false,"Async Capable": false,"Startup Cost": 195920.62,"Total Cost": 195920.63,"Plan Rows": 1,"Plan Width": 32,"Actual Startup Time": 4799.554,"Actual Total Time": 4800.198,"Actual Rows": 1,"Actual Loops": 1,"Plans": [{"Node Type": "Hash Join","Parent Relationship": "Outer","Parallel Aware": false,"Async Capable": false,"Join Type": "Inner","Startup Cost": 6370.78,"Total Cost": 195915.33,"Plan Rows": 2114,"Plan Width": 8,"Actual Startup Time": 35.247,"Actual Total Time": 4799.804,"Actual Rows": 475,"Actual Loops": 1,"Inner Unique": true,"Hash Cond": "(lineitem.l_partkey = part.p_partkey)","Join Filter": "(lineitem.l_quantity < (SubPlan 1))","Rows Removed by Join Filter": 5215,"Plans": [{"Node Type": "Seq Scan","Parent Relationship": "Outer","Parallel Aware": false,"Async Capable": false,"Relation Name": "lineitem","Alias": "lineitem","Startup Cost": 0.00,"Total Cost": 172515.15,"Plan Rows": 6001215,"Plan Width": 17,"Actual Startup Time": 0.016,"Actual Total Time": 977.135,"Actual Rows": 6001215,"Actual Loops": 1},{"Node Type": "Hash","Parent Relationship": "Inner","Parallel Aware": false,"Async Capable": false,"Startup Cost": 6368.14,"Total Cost": 6368.14,"Plan Rows": 211,"Plan Width": 4,"Actual Startup Time": 32.434,"Actual Total Time": 33.046,"Actual Rows": 193,"Actual Loops": 1,"Hash Buckets": 1024,"Original Hash Buckets": 1024,"Hash Batches": 1,"Original Hash Batches": 1,"Peak Memory Usage": 15,"Plans": [{"Node Type": "Gather","Parent Relationship": "Outer","Parallel Aware": false,"Async Capable": false,"Startup Cost": 1000.00,"Total Cost": 6368.14,"Plan Rows": 211,"Plan Width": 4,"Actual Startup Time": 1.661,"Actual Total Time": 32.954,"Actual Rows": 193,"Actual Loops": 1,"Workers Planned": 2,"Workers Launched": 2,"Single Copy": false,"Plans": [{"Node Type": "Seq Scan","Parent Relationship": "Outer","Parallel Aware": true,"Async Capable": false,"Relation Name": "part","Alias": "part","Startup Cost": 0.00,"Total Cost": 5347.00,"Plan Rows": 88,"Plan Width": 4,"Actual Startup Time": 0.616,"Actual Total Time": 27.029,"Actual Rows": 64,"Actual Loops": 3,"Filter": "((p_brand = 'Brand#13'::bpchar) AND (p_container = 'MED JAR'::bpchar))","Rows Removed by Filter": 66602,"Workers": []}]}]},{"Node Type": "Aggregate","Strategy": "Plain","Partial Mode": "Simple","Parent Relationship": "SubPlan","Subplan Name": "SubPlan 1","Parallel Aware": false,"Async Capable": false,"Startup Cost": 127.60,"Total Cost": 127.61,"Plan Rows": 1,"Plan Width": 32,"Actual Startup Time": 0.116,"Actual Total Time": 0.116,"Actual Rows": 1,"Actual Loops": 5690,"Plans": [{"Node Type": "Bitmap Heap Scan","Parent Relationship": "Outer","Parallel Aware": false,"Async Capable": false,"Relation Name": "lineitem","Alias": "lineitem_1","Startup Cost": 4.67,"Total Cost": 127.52,"Plan Rows": 31,"Plan Width": 5,"Actual Startup Time": 0.013,"Actual Total Time": 0.109,"Actual Rows": 31,"Actual Loops": 5690,"Recheck Cond": "(l_partkey = part.p_partkey)","Rows Removed by Index Recheck": 0,"Exact Heap Blocks": 174395,"Lossy Heap Blocks": 0,"Plans": [{"Node Type": "Bitmap Index Scan","Parent Relationship": "Outer","Parallel Aware": false,"Async Capable": false,"Index Name": "idx_lineitem_part_supp","Startup Cost": 0.00,"Total Cost": 4.67,"Plan Rows": 31,"Plan Width": 0,"Actual Startup Time": 0.007,"Actual Total Time": 0.007,"Actual Rows": 31,"Actual Loops": 5690,"Index Cond": "(l_partkey = part.p_partkey)"}]}]}]}]},"Planning Time": 4.563,"Triggers": [],"Execution Time": 4800.542}]
[{"Plan": {"Node Type": "Aggregate","Strategy": "Plain","Partial Mode": "Simple","Parallel Aware": false,"Async Capable": false,"Startup Cost": 195917.32,"Total Cost": 195917.33,"Plan Rows": 1,"Plan Width": 32,"Actual Startup Time": 4813.127,"Actual Total Time": 4813.750,"Actual Rows": 1,"Actual Loops": 1,"Plans": [{"Node Type": "Hash Join","Parent Relationship": "Outer","Parallel Aware": false,"Async Capable": false,"Join Type": "Inner","Startup Cost": 6368.08,"Total Cost": 195912.63,"Plan Rows": 1874,"Plan Width": 8,"Actual Startup Time": 68.674,"Actual Total Time": 4813.363,"Actual Rows": 536,"Actual Loops": 1,"Inner Unique": true,"Hash Cond": "(lineitem.l_partkey = part.p_partkey)","Join Filter": "(lineitem.l_quantity < (SubPlan 1))","Rows Removed by Join Filter": 5216,"Plans": [{"Node Type": "Seq Scan","Parent Relationship": "Outer","Parallel Aware": false,"Async Capable": false,"Relation Name": "lineitem","Alias": "lineitem","Startup Cost": 0.00,"Total Cost": 172515.15,"Plan Rows": 6001215,"Plan Width": 17,"Actual Startup Time": 0.023,"Actual Total Time": 977.169,"Actual Rows": 6001215,"Actual Loops": 1},{"Node Type": "Hash","Parent Relationship": "Inner","Parallel Aware": false,"Async Capable": false,"Startup Cost": 6365.73,"Total Cost": 6365.73,"Plan Rows": 187,"Plan Width": 4,"Actual Startup Time": 32.456,"Actual Total Time": 33.043,"Actual Rows": 193,"Actual Loops": 1,"Hash Buckets": 1024,"Original Hash Buckets": 1024,"Hash Batches": 1,"Original Hash Batches": 1,"Peak Memory Usage": 15,"Plans": [{"Node Type": "Gather","Parent Relationship": "Outer","Parallel Aware": false,"Async Capable": false,"Startup Cost": 1000.00,"Total Cost": 6365.73,"Plan Rows": 187,"Plan Width": 4,"Actual Startup Time": 0.774,"Actual Total Time": 32.927,"Actual Rows": 193,"Actual Loops": 1,"Workers Planned": 2,"Workers Launched": 2,"Single Copy": false,"Plans": [{"Node Type": "Seq Scan","Parent Relationship": "Outer","Parallel Aware": true,"Async Capable": false,"Relation Name": "part","Alias": "part","Startup Cost": 0.00,"Total Cost": 5347.00,"Plan Rows": 78,"Plan Width": 4,"Actual Startup Time": 1.255,"Actual Total Time": 27.002,"Actual Rows": 64,"Actual Loops": 3,"Filter": "((p_brand = 'Brand#23'::bpchar) AND (p_container = 'JUMBO PKG'::bpchar))","Rows Removed by Filter": 66602,"Workers": []}]}]},{"Node Type": "Aggregate","Strategy": "Plain","Partial Mode": "Simple","Parent Relationship": "SubPlan","Subplan Name": "SubPlan 1","Parallel Aware": false,"Async Capable": false,"Startup Cost": 127.60,"Total Cost": 127.61,"Plan Rows": 1,"Plan Width": 32,"Actual Startup Time": 0.117,"Actual Total Time": 0.117,"Actual Rows": 1,"Actual Loops": 5752,"Plans": [{"Node Type": "Bitmap Heap Scan","Parent Relationship": "Outer","Parallel Aware": false,"Async Capable": false,"Relation Name": "lineitem","Alias": "lineitem_1","Startup Cost": 4.67,"Total Cost": 127.52,"Plan Rows": 31,"Plan Width": 5,"Actual Startup Time": 0.013,"Actual Total Time": 0.110,"Actual Rows": 31,"Actual Loops": 5752,"Recheck Cond": "(l_partkey = part.p_partkey)","Rows Removed by Index Recheck": 0,"Exact Heap Blocks": 177604,"Lossy Heap Blocks": 0,"Plans": [{"Node Type": "Bitmap Index Scan","Parent Relationship": "Outer","Parallel Aware": false,"Async Capable": false,"Index Name": "idx_lineitem_part_supp","Startup Cost": 0.00,"Total Cost": 4.67,"Plan Rows": 31,"Plan Width": 0,"Actual Startup Time": 0.007,"Actual Total Time": 0.007,"Actual Rows": 31,"Actual Loops": 5752,"Index Cond": "(l_partkey = part.p_partkey)"}]}]}]}]},"Planning Time": 4.543,"Triggers": [],"Execution Time": 4814.106}]
[{"Plan": {"Node Type": "Aggregate","Strategy": "Plain","Partial Mode": "Simple","Parallel Aware": false,"Async Capable": false,"Startup Cost": 195919.34,"Total Cost": 195919.36,"Plan Rows": 1,"Plan Width": 32,"Actual Startup Time": 4897.035,"Actual Total Time": 4897.692,"Actual Rows": 1,"Actual Loops": 1,"Plans": [{"Node Type": "Hash Join","Parent Relationship": "Outer","Parallel Aware": false,"Async Capable": false,"Join Type": "Inner","Startup Cost": 6369.74,"Total Cost": 195914.29,"Plan Rows": 2021,"Plan Width": 8,"Actual Startup Time": 59.823,"Actual Total Time": 4897.286,"Actual Rows": 559,"Actual Loops": 1,"Inner Unique": true,"Hash Cond": "(lineitem.l_partkey = part.p_partkey)","Join Filter": "(lineitem.l_quantity < (SubPlan 1))","Rows Removed by Join Filter": 5920,"Plans": [{"Node Type": "Seq Scan","Parent Relationship": "Outer","Parallel Aware": false,"Async Capable": false,"Relation Name": "lineitem","Alias": "lineitem","Startup Cost": 0.00,"Total Cost": 172515.15,"Plan Rows": 6001215,"Plan Width": 17,"Actual Startup Time": 0.012,"Actual Total Time": 975.334,"Actual Rows": 6001215,"Actual Loops": 1},{"Node Type": "Hash","Parent Relationship": "Inner","Parallel Aware": false,"Async Capable": false,"Startup Cost": 6367.21,"Total Cost": 6367.21,"Plan Rows": 202,"Plan Width": 4,"Actual Startup Time": 31.162,"Actual Total Time": 31.788,"Actual Rows": 215,"Actual Loops": 1,"Hash Buckets": 1024,"Original Hash Buckets": 1024,"Hash Batches": 1,"Original Hash Batches": 1,"Peak Memory Usage": 16,"Plans": [{"Node Type": "Gather","Parent Relationship": "Outer","Parallel Aware": false,"Async Capable": false,"Startup Cost": 1000.00,"Total Cost": 6367.21,"Plan Rows": 202,"Plan Width": 4,"Actual Startup Time": 3.885,"Actual Total Time": 31.724,"Actual Rows": 215,"Actual Loops": 1,"Workers Planned": 2,"Workers Launched": 2,"Single Copy": false,"Plans": [{"Node Type": "Seq Scan","Parent Relationship": "Outer","Parallel Aware": true,"Async Capable": false,"Relation Name": "part","Alias": "part","Startup Cost": 0.00,"Total Cost": 5347.00,"Plan Rows": 84,"Plan Width": 4,"Actual Startup Time": 2.093,"Actual Total Time": 25.595,"Actual Rows": 72,"Actual Loops": 3,"Filter": "((p_brand = 'Brand#14'::bpchar) AND (p_container = 'JUMBO DRUM'::bpchar))","Rows Removed by Filter": 66595,"Workers": []}]}]},{"Node Type": "Aggregate","Strategy": "Plain","Partial Mode": "Simple","Parent Relationship": "SubPlan","Subplan Name": "SubPlan 1","Parallel Aware": false,"Async Capable": false,"Startup Cost": 127.60,"Total Cost": 127.61,"Plan Rows": 1,"Plan Width": 32,"Actual Startup Time": 0.117,"Actual Total Time": 0.117,"Actual Rows": 1,"Actual Loops": 6479,"Plans": [{"Node Type": "Bitmap Heap Scan","Parent Relationship": "Outer","Parallel Aware": false,"Async Capable": false,"Relation Name": "lineitem","Alias": "lineitem_1","Startup Cost": 4.67,"Total Cost": 127.52,"Plan Rows": 31,"Plan Width": 5,"Actual Startup Time": 0.013,"Actual Total Time": 0.110,"Actual Rows": 31,"Actual Loops": 6479,"Recheck Cond": "(l_partkey = part.p_partkey)","Rows Removed by Index Recheck": 0,"Exact Heap Blocks": 202103,"Lossy Heap Blocks": 0,"Plans": [{"Node Type": "Bitmap Index Scan","Parent Relationship": "Outer","Parallel Aware": false,"Async Capable": false,"Index Name": "idx_lineitem_part_supp","Startup Cost": 0.00,"Total Cost": 4.67,"Plan Rows": 31,"Plan Width": 0,"Actual Startup Time": 0.007,"Actual Total Time": 0.007,"Actual Rows": 31,"Actual Loops": 6479,"Index Cond": "(l_partkey = part.p_partkey)"}]}]}]}]},"Planning Time": 5.888,"Triggers": [],"Execution Time": 4898.053}]
[{"Plan": {"Node Type": "Aggregate","Strategy": "Plain","Partial Mode": "Simple","Parallel Aware": false,"Async Capable": false,"Startup Cost": 195920.49,"Total Cost": 195920.50,"Plan Rows": 1,"Plan Width": 32,"Actual Startup Time": 4821.325,"Actual Total Time": 4821.978,"Actual Rows": 1,"Actual Loops": 1,"Plans": [{"Node Type": "Hash Join","Parent Relationship": "Outer","Parallel Aware": false,"Async Capable": false,"Join Type": "Inner","Startup Cost": 6370.67,"Total Cost": 195915.22,"Plan Rows": 2105,"Plan Width": 8,"Actual Startup Time": 71.427,"Actual Total Time": 4821.557,"Actual Rows": 543,"Actual Loops": 1,"Inner Unique": true,"Hash Cond": "(lineitem.l_partkey = part.p_partkey)","Join Filter": "(lineitem.l_quantity < (SubPlan 1))","Rows Removed by Join Filter": 5234,"Plans": [{"Node Type": "Seq Scan","Parent Relationship": "Outer","Parallel Aware": false,"Async Capable": false,"Relation Name": "lineitem","Alias": "lineitem","Startup Cost": 0.00,"Total Cost": 172515.15,"Plan Rows": 6001215,"Plan Width": 17,"Actual Startup Time": 0.016,"Actual Total Time": 979.756,"Actual Rows": 6001215,"Actual Loops": 1},{"Node Type": "Hash","Parent Relationship": "Inner","Parallel Aware": false,"Async Capable": false,"Startup Cost": 6368.04,"Total Cost": 6368.04,"Plan Rows": 210,"Plan Width": 4,"Actual Startup Time": 33.253,"Actual Total Time": 33.869,"Actual Rows": 190,"Actual Loops": 1,"Hash Buckets": 1024,"Original Hash Buckets": 1024,"Hash Batches": 1,"Original Hash Batches": 1,"Peak Memory Usage": 15,"Plans": [{"Node Type": "Gather","Parent Relationship": "Outer","Parallel Aware": false,"Async Capable": false,"Startup Cost": 1000.00,"Total Cost": 6368.04,"Plan Rows": 210,"Plan Width": 4,"Actual Startup Time": 0.789,"Actual Total Time": 33.782,"Actual Rows": 190,"Actual Loops": 1,"Workers Planned": 2,"Workers Launched": 2,"Single Copy": false,"Plans": [{"Node Type": "Seq Scan","Parent Relationship": "Outer","Parallel Aware": true,"Async Capable": false,"Relation Name": "part","Alias": "part","Startup Cost": 0.00,"Total Cost": 5347.00,"Plan Rows": 88,"Plan Width": 4,"Actual Startup Time": 0.515,"Actual Total Time": 27.656,"Actual Rows": 63,"Actual Loops": 3,"Filter": "((p_brand = 'Brand#53'::bpchar) AND (p_container = 'SM BOX'::bpchar))","Rows Removed by Filter": 66603,"Workers": []}]}]},{"Node Type": "Aggregate","Strategy": "Plain","Partial Mode": "Simple","Parent Relationship": "SubPlan","Subplan Name": "SubPlan 1","Parallel Aware": false,"Async Capable": false,"Startup Cost": 127.60,"Total Cost": 127.61,"Plan Rows": 1,"Plan Width": 32,"Actual Startup Time": 0.117,"Actual Total Time": 0.117,"Actual Rows": 1,"Actual Loops": 5777,"Plans": [{"Node Type": "Bitmap Heap Scan","Parent Relationship": "Outer","Parallel Aware": false,"Async Capable": false,"Relation Name": "lineitem","Alias": "lineitem_1","Startup Cost": 4.67,"Total Cost": 127.52,"Plan Rows": 31,"Plan Width": 5,"Actual Startup Time": 0.013,"Actual Total Time": 0.110,"Actual Rows": 31,"Actual Loops": 5777,"Recheck Cond": "(l_partkey = part.p_partkey)","Rows Removed by Index Recheck": 0,"Exact Heap Blocks": 181667,"Lossy Heap Blocks": 0,"Plans": [{"Node Type": "Bitmap Index Scan","Parent Relationship": "Outer","Parallel Aware": false,"Async Capable": false,"Index Name": "idx_lineitem_part_supp","Startup Cost": 0.00,"Total Cost": 4.67,"Plan Rows": 31,"Plan Width": 0,"Actual Startup Time": 0.007,"Actual Total Time": 0.007,"Actual Rows": 31,"Actual Loops": 5777,"Index Cond": "(l_partkey = part.p_partkey)"}]}]}]}]},"Planning Time": 4.620,"Triggers": [],"Execution Time": 4822.400}]
[{"Plan": {"Node Type": "Aggregate","Strategy": "Plain","Partial Mode": "Simple","Parallel Aware": false,"Async Capable": false,"Startup Cost": 195918.03,"Total Cost": 195918.05,"Plan Rows": 1,"Plan Width": 32,"Actual Startup Time": 4695.673,"Actual Total Time": 4696.028,"Actual Rows": 1,"Actual Loops": 1,"Plans": [{"Node Type": "Hash Join","Parent Relationship": "Outer","Parallel Aware": false,"Async Capable": false,"Join Type": "Inner","Startup Cost": 6368.66,"Total Cost": 195913.22,"Plan Rows": 1926,"Plan Width": 8,"Actual Startup Time": 34.300,"Actual Total Time": 4695.861,"Actual Rows": 494,"Actual Loops": 1,"Inner Unique": true,"Hash Cond": "(lineitem.l_partkey = part.p_partkey)","Join Filter": "(lineitem.l_quantity < (SubPlan 1))","Rows Removed by Join Filter": 4911,"Plans": [{"Node Type": "Seq Scan","Parent Relationship": "Outer","Parallel Aware": false,"Async Capable": false,"Relation Name": "lineitem","Alias": "lineitem","Startup Cost": 0.00,"Total Cost": 172515.15,"Plan Rows": 6001215,"Plan Width": 17,"Actual Startup Time": 0.010,"Actual Total Time": 914.564,"Actual Rows": 6001215,"Actual Loops": 1},{"Node Type": "Hash","Parent Relationship": "Inner","Parallel Aware": false,"Async Capable": false,"Startup Cost": 6366.26,"Total Cost": 6366.26,"Plan Rows": 193,"Plan Width": 4,"Actual Startup Time": 32.482,"Actual Total Time": 32.817,"Actual Rows": 179,"Actual Loops": 1,"Hash Buckets": 1024,"Original Hash Buckets": 1024,"Hash Batches": 1,"Original Hash Batches": 1,"Peak Memory Usage": 15,"Plans": [{"Node Type": "Gather","Parent Relationship": "Outer","Parallel Aware": false,"Async Capable": false,"Startup Cost": 1000.00,"Total Cost": 6366.26,"Plan Rows": 193,"Plan Width": 4,"Actual Startup Time": 1.540,"Actual Total Time": 32.754,"Actual Rows": 179,"Actual Loops": 1,"Workers Planned": 2,"Workers Launched": 2,"Single Copy": false,"Plans": [{"Node Type": "Seq Scan","Parent Relationship": "Outer","Parallel Aware": true,"Async Capable": false,"Relation Name": "part","Alias": "part","Startup Cost": 0.00,"Total Cost": 5347.00,"Plan Rows": 80,"Plan Width": 4,"Actual Startup Time": 1.506,"Actual Total Time": 27.090,"Actual Rows": 60,"Actual Loops": 3,"Filter": "((p_brand = 'Brand#52'::bpchar) AND (p_container = 'WRAP PKG'::bpchar))","Rows Removed by Filter": 66607,"Workers": []}]}]},{"Node Type": "Aggregate","Strategy": "Plain","Partial Mode": "Simple","Parent Relationship": "SubPlan","Subplan Name": "SubPlan 1","Parallel Aware": false,"Async Capable": false,"Startup Cost": 127.60,"Total Cost": 127.61,"Plan Rows": 1,"Plan Width": 32,"Actual Startup Time": 0.112,"Actual Total Time": 0.112,"Actual Rows": 1,"Actual Loops": 5405,"Plans": [{"Node Type": "Bitmap Heap Scan","Parent Relationship": "Outer","Parallel Aware": false,"Async Capable": false,"Relation Name": "lineitem","Alias": "lineitem_1","Startup Cost": 4.67,"Total Cost": 127.52,"Plan Rows": 31,"Plan Width": 5,"Actual Startup Time": 0.013,"Actual Total Time": 0.105,"Actual Rows": 31,"Actual Loops": 5405,"Recheck Cond": "(l_partkey = part.p_partkey)","Rows Removed by Index Recheck": 0,"Exact Heap Blocks": 168617,"Lossy Heap Blocks": 0,"Plans": [{"Node Type": "Bitmap Index Scan","Parent Relationship": "Outer","Parallel Aware": false,"Async Capable": false,"Index Name": "idx_lineitem_part_supp","Startup Cost": 0.00,"Total Cost": 4.67,"Plan Rows": 31,"Plan Width": 0,"Actual Startup Time": 0.007,"Actual Total Time": 0.007,"Actual Rows": 31,"Actual Loops": 5405,"Index Cond": "(l_partkey = part.p_partkey)"}]}]}]}]},"Planning Time": 4.935,"Triggers": [],"Execution Time": 4696.250}]
[{"Plan": {"Node Type": "Aggregate","Strategy": "Plain","Partial Mode": "Simple","Parallel Aware": false,"Async Capable": false,"Startup Cost": 195919.67,"Total Cost": 195919.68,"Plan Rows": 1,"Plan Width": 32,"Actual Startup Time": 4768.248,"Actual Total Time": 4768.871,"Actual Rows": 1,"Actual Loops": 1,"Plans": [{"Node Type": "Hash Join","Parent Relationship": "Outer","Parallel Aware": false,"Async Capable": false,"Join Type": "Inner","Startup Cost": 6370.00,"Total Cost": 195914.55,"Plan Rows": 2045,"Plan Width": 8,"Actual Startup Time": 36.730,"Actual Total Time": 4768.455,"Actual Rows": 532,"Actual Loops": 1,"Inner Unique": true,"Hash Cond": "(lineitem.l_partkey = part.p_partkey)","Join Filter": "(lineitem.l_quantity < (SubPlan 1))","Rows Removed by Join Filter": 5315,"Plans": [{"Node Type": "Seq Scan","Parent Relationship": "Outer","Parallel Aware": false,"Async Capable": false,"Relation Name": "lineitem","Alias": "lineitem","Startup Cost": 0.00,"Total Cost": 172515.15,"Plan Rows": 6001215,"Plan Width": 17,"Actual Startup Time": 0.013,"Actual Total Time": 975.296,"Actual Rows": 6001215,"Actual Loops": 1},{"Node Type": "Hash","Parent Relationship": "Inner","Parallel Aware": false,"Async Capable": false,"Startup Cost": 6367.45,"Total Cost": 6367.45,"Plan Rows": 204,"Plan Width": 4,"Actual Startup Time": 31.628,"Actual Total Time": 32.220,"Actual Rows": 195,"Actual Loops": 1,"Hash Buckets": 1024,"Original Hash Buckets": 1024,"Hash Batches": 1,"Original Hash Batches": 1,"Peak Memory Usage": 15,"Plans": [{"Node Type": "Gather","Parent Relationship": "Outer","Parallel Aware": false,"Async Capable": false,"Startup Cost": 1000.00,"Total Cost": 6367.45,"Plan Rows": 204,"Plan Width": 4,"Actual Startup Time": 1.954,"Actual Total Time": 32.141,"Actual Rows": 195,"Actual Loops": 1,"Workers Planned": 2,"Workers Launched": 2,"Single Copy": false,"Plans": [{"Node Type": "Seq Scan","Parent Relationship": "Outer","Parallel Aware": true,"Async Capable": false,"Relation Name": "part","Alias": "part","Startup Cost": 0.00,"Total Cost": 5347.00,"Plan Rows": 85,"Plan Width": 4,"Actual Startup Time": 1.588,"Actual Total Time": 26.186,"Actual Rows": 65,"Actual Loops": 3,"Filter": "((p_brand = 'Brand#42'::bpchar) AND (p_container = 'WRAP BOX'::bpchar))","Rows Removed by Filter": 66602,"Workers": []}]}]},{"Node Type": "Aggregate","Strategy": "Plain","Partial Mode": "Simple","Parent Relationship": "SubPlan","Subplan Name": "SubPlan 1","Parallel Aware": false,"Async Capable": false,"Startup Cost": 127.60,"Total Cost": 127.61,"Plan Rows": 1,"Plan Width": 32,"Actual Startup Time": 0.116,"Actual Total Time": 0.116,"Actual Rows": 1,"Actual Loops": 5847,"Plans": [{"Node Type": "Bitmap Heap Scan","Parent Relationship": "Outer","Parallel Aware": false,"Async Capable": false,"Relation Name": "lineitem","Alias": "lineitem_1","Startup Cost": 4.67,"Total Cost": 127.52,"Plan Rows": 31,"Plan Width": 5,"Actual Startup Time": 0.013,"Actual Total Time": 0.109,"Actual Rows": 31,"Actual Loops": 5847,"Recheck Cond": "(l_partkey = part.p_partkey)","Rows Removed by Index Recheck": 0,"Exact Heap Blocks": 181125,"Lossy Heap Blocks": 0,"Plans": [{"Node Type": "Bitmap Index Scan","Parent Relationship": "Outer","Parallel Aware": false,"Async Capable": false,"Index Name": "idx_lineitem_part_supp","Startup Cost": 0.00,"Total Cost": 4.67,"Plan Rows": 31,"Plan Width": 0,"Actual Startup Time": 0.007,"Actual Total Time": 0.007,"Actual Rows": 31,"Actual Loops": 5847,"Index Cond": "(l_partkey = part.p_partkey)"}]}]}]}]},"Planning Time": 5.786,"Triggers": [],"Execution Time": 4769.162}]
[{"Plan": {"Node Type": "Aggregate","Strategy": "Plain","Partial Mode": "Simple","Parallel Aware": false,"Async Capable": false,"Startup Cost": 195917.94,"Total Cost": 195917.95,"Plan Rows": 1,"Plan Width": 32,"Actual Startup Time": 5042.489,"Actual Total Time": 5043.303,"Actual Rows": 1,"Actual Loops": 1,"Plans": [{"Node Type": "Hash Join","Parent Relationship": "Outer","Parallel Aware": false,"Async Capable": false,"Join Type": "Inner","Startup Cost": 6368.59,"Total Cost": 195913.14,"Plan Rows": 1919,"Plan Width": 8,"Actual Startup Time": 51.840,"Actual Total Time": 5042.801,"Actual Rows": 591,"Actual Loops": 1,"Inner Unique": true,"Hash Cond": "(lineitem.l_partkey = part.p_partkey)","Join Filter": "(lineitem.l_quantity < (SubPlan 1))","Rows Removed by Join Filter": 5838,"Plans": [{"Node Type": "Seq Scan","Parent Relationship": "Outer","Parallel Aware": false,"Async Capable": false,"Relation Name": "lineitem","Alias": "lineitem","Startup Cost": 0.00,"Total Cost": 172515.15,"Plan Rows": 6001215,"Plan Width": 17,"Actual Startup Time": 0.022,"Actual Total Time": 1015.429,"Actual Rows": 6001215,"Actual Loops": 1},{"Node Type": "Hash","Parent Relationship": "Inner","Parallel Aware": false,"Async Capable": false,"Startup Cost": 6366.19,"Total Cost": 6366.19,"Plan Rows": 192,"Plan Width": 4,"Actual Startup Time": 29.980,"Actual Total Time": 30.741,"Actual Rows": 213,"Actual Loops": 1,"Hash Buckets": 1024,"Original Hash Buckets": 1024,"Hash Batches": 1,"Original Hash Batches": 1,"Peak Memory Usage": 16,"Plans": [{"Node Type": "Gather","Parent Relationship": "Outer","Parallel Aware": false,"Async Capable": false,"Startup Cost": 1000.00,"Total Cost": 6366.19,"Plan Rows": 192,"Plan Width": 4,"Actual Startup Time": 1.350,"Actual Total Time": 30.644,"Actual Rows": 213,"Actual Loops": 1,"Workers Planned": 2,"Workers Launched": 2,"Single Copy": false,"Plans": [{"Node Type": "Seq Scan","Parent Relationship": "Outer","Parallel Aware": true,"Async Capable": false,"Relation Name": "part","Alias": "part","Startup Cost": 0.00,"Total Cost": 5347.00,"Plan Rows": 80,"Plan Width": 4,"Actual Startup Time": 0.691,"Actual Total Time": 24.356,"Actual Rows": 71,"Actual Loops": 3,"Filter": "((p_brand = 'Brand#44'::bpchar) AND (p_container = 'LG PKG'::bpchar))","Rows Removed by Filter": 66596,"Workers": []}]}]},{"Node Type": "Aggregate","Strategy": "Plain","Partial Mode": "Simple","Parent Relationship": "SubPlan","Subplan Name": "SubPlan 1","Parallel Aware": false,"Async Capable": false,"Startup Cost": 127.60,"Total Cost": 127.61,"Plan Rows": 1,"Plan Width": 32,"Actual Startup Time": 0.132,"Actual Total Time": 0.132,"Actual Rows": 1,"Actual Loops": 6429,"Plans": [{"Node Type": "Bitmap Heap Scan","Parent Relationship": "Outer","Parallel Aware": false,"Async Capable": false,"Relation Name": "lineitem","Alias": "lineitem_1","Startup Cost": 4.67,"Total Cost": 127.52,"Plan Rows": 31,"Plan Width": 5,"Actual Startup Time": 0.014,"Actual Total Time": 0.125,"Actual Rows": 31,"Actual Loops": 6429,"Recheck Cond": "(l_partkey = part.p_partkey)","Rows Removed by Index Recheck": 0,"Exact Heap Blocks": 200967,"Lossy Heap Blocks": 0,"Plans": [{"Node Type": "Bitmap Index Scan","Parent Relationship": "Outer","Parallel Aware": false,"Async Capable": false,"Index Name": "idx_lineitem_part_supp","Startup Cost": 0.00,"Total Cost": 4.67,"Plan Rows": 31,"Plan Width": 0,"Actual Startup Time": 0.008,"Actual Total Time": 0.008,"Actual Rows": 31,"Actual Loops": 6429,"Index Cond": "(l_partkey = part.p_partkey)"}]}]}]}]},"Planning Time": 5.091,"Triggers": [],"Execution Time": 5043.728}]
[{"Plan": {"Node Type": "Aggregate","Strategy": "Plain","Partial Mode": "Simple","Parallel Aware": false,"Async Capable": false,"Startup Cost": 195919.28,"Total Cost": 195919.30,"Plan Rows": 1,"Plan Width": 32,"Actual Startup Time": 4902.843,"Actual Total Time": 4903.643,"Actual Rows": 1,"Actual Loops": 1,"Plans": [{"Node Type": "Hash Join","Parent Relationship": "Outer","Parallel Aware": false,"Async Capable": false,"Join Type": "Inner","Startup Cost": 6369.68,"Total Cost": 195914.24,"Plan Rows": 2017,"Plan Width": 8,"Actual Startup Time": 36.936,"Actual Total Time": 4903.208,"Actual Rows": 546,"Actual Loops": 1,"Inner Unique": true,"Hash Cond": "(lineitem.l_partkey = part.p_partkey)","Join Filter": "(lineitem.l_quantity < (SubPlan 1))","Rows Removed by Join Filter": 5272,"Plans": [{"Node Type": "Seq Scan","Parent Relationship": "Outer","Parallel Aware": false,"Async Capable": false,"Relation Name": "lineitem","Alias": "lineitem","Startup Cost": 0.00,"Total Cost": 172515.15,"Plan Rows": 6001215,"Plan Width": 17,"Actual Startup Time": 0.017,"Actual Total Time": 1008.610,"Actual Rows": 6001215,"Actual Loops": 1},{"Node Type": "Hash","Parent Relationship": "Inner","Parallel Aware": false,"Async Capable": false,"Startup Cost": 6367.16,"Total Cost": 6367.16,"Plan Rows": 202,"Plan Width": 4,"Actual Startup Time": 30.636,"Actual Total Time": 31.396,"Actual Rows": 196,"Actual Loops": 1,"Hash Buckets": 1024,"Original Hash Buckets": 1024,"Hash Batches": 1,"Original Hash Batches": 1,"Peak Memory Usage": 15,"Plans": [{"Node Type": "Gather","Parent Relationship": "Outer","Parallel Aware": false,"Async Capable": false,"Startup Cost": 1000.00,"Total Cost": 6367.16,"Plan Rows": 202,"Plan Width": 4,"Actual Startup Time": 0.805,"Actual Total Time": 31.344,"Actual Rows": 196,"Actual Loops": 1,"Workers Planned": 2,"Workers Launched": 2,"Single Copy": false,"Plans": [{"Node Type": "Seq Scan","Parent Relationship": "Outer","Parallel Aware": true,"Async Capable": false,"Relation Name": "part","Alias": "part","Startup Cost": 0.00,"Total Cost": 5347.00,"Plan Rows": 84,"Plan Width": 4,"Actual Startup Time": 0.332,"Actual Total Time": 24.900,"Actual Rows": 65,"Actual Loops": 3,"Filter": "((p_brand = 'Brand#45'::bpchar) AND (p_container = 'MED PKG'::bpchar))","Rows Removed by Filter": 66601,"Workers": []}]}]},{"Node Type": "Aggregate","Strategy": "Plain","Partial Mode": "Simple","Parent Relationship": "SubPlan","Subplan Name": "SubPlan 1","Parallel Aware": false,"Async Capable": false,"Startup Cost": 127.60,"Total Cost": 127.61,"Plan Rows": 1,"Plan Width": 32,"Actual Startup Time": 0.132,"Actual Total Time": 0.132,"Actual Rows": 1,"Actual Loops": 5818,"Plans": [{"Node Type": "Bitmap Heap Scan","Parent Relationship": "Outer","Parallel Aware": false,"Async Capable": false,"Relation Name": "lineitem","Alias": "lineitem_1","Startup Cost": 4.67,"Total Cost": 127.52,"Plan Rows": 31,"Plan Width": 5,"Actual Startup Time": 0.014,"Actual Total Time": 0.125,"Actual Rows": 31,"Actual Loops": 5818,"Recheck Cond": "(l_partkey = part.p_partkey)","Rows Removed by Index Recheck": 0,"Exact Heap Blocks": 178312,"Lossy Heap Blocks": 0,"Plans": [{"Node Type": "Bitmap Index Scan","Parent Relationship": "Outer","Parallel Aware": false,"Async Capable": false,"Index Name": "idx_lineitem_part_supp","Startup Cost": 0.00,"Total Cost": 4.67,"Plan Rows": 31,"Plan Width": 0,"Actual Startup Time": 0.008,"Actual Total Time": 0.008,"Actual Rows": 31,"Actual Loops": 5818,"Index Cond": "(l_partkey = part.p_partkey)"}]}]}]}]},"Planning Time": 4.806,"Triggers": [],"Execution Time": 4904.003}]
[{"Plan": {"Node Type": "Aggregate","Strategy": "Plain","Partial Mode": "Simple","Parallel Aware": false,"Async Capable": false,"Startup Cost": 195918.03,"Total Cost": 195918.05,"Plan Rows": 1,"Plan Width": 32,"Actual Startup Time": 4754.209,"Actual Total Time": 4754.984,"Actual Rows": 1,"Actual Loops": 1,"Plans": [{"Node Type": "Hash Join","Parent Relationship": "Outer","Parallel Aware": false,"Async Capable": false,"Join Type": "Inner","Startup Cost": 6368.66,"Total Cost": 195913.22,"Plan Rows": 1926,"Plan Width": 8,"Actual Startup Time": 72.739,"Actual Total Time": 4754.566,"Actual Rows": 485,"Actual Loops": 1,"Inner Unique": true,"Hash Cond": "(lineitem.l_partkey = part.p_partkey)","Join Filter": "(lineitem.l_quantity < (SubPlan 1))","Rows Removed by Join Filter": 5021,"Plans": [{"Node Type": "Seq Scan","Parent Relationship": "Outer","Parallel Aware": false,"Async Capable": false,"Relation Name": "lineitem","Alias": "lineitem","Startup Cost": 0.00,"Total Cost": 172515.15,"Plan Rows": 6001215,"Plan Width": 17,"Actual Startup Time": 0.021,"Actual Total Time": 967.769,"Actual Rows": 6001215,"Actual Loops": 1},{"Node Type": "Hash","Parent Relationship": "Inner","Parallel Aware": false,"Async Capable": false,"Startup Cost": 6366.26,"Total Cost": 6366.26,"Plan Rows": 193,"Plan Width": 4,"Actual Startup Time": 30.928,"Actual Total Time": 31.669,"Actual Rows": 184,"Actual Loops": 1,"Hash Buckets": 1024,"Original Hash Buckets": 1024,"Hash Batches": 1,"Original Hash Batches": 1,"Peak Memory Usage": 15,"Plans": [{"Node Type": "Gather","Parent Relationship": "Outer","Parallel Aware": false,"Async Capable": false,"Startup Cost": 1000.00,"Total Cost": 6366.26,"Plan Rows": 193,"Plan Width": 4,"Actual Startup Time": 3.760,"Actual Total Time": 31.618,"Actual Rows": 184,"Actual Loops": 1,"Workers Planned": 2,"Workers Launched": 2,"Single Copy": false,"Plans": [{"Node Type": "Seq Scan","Parent Relationship": "Outer","Parallel Aware": true,"Async Capable": false,"Relation Name": "part","Alias": "part","Startup Cost": 0.00,"Total Cost": 5347.00,"Plan Rows": 80,"Plan Width": 4,"Actual Startup Time": 1.509,"Actual Total Time": 25.133,"Actual Rows": 61,"Actual Loops": 3,"Filter": "((p_brand = 'Brand#52'::bpchar) AND (p_container = 'JUMBO PACK'::bpchar))","Rows Removed by Filter": 66605,"Workers": []}]}]},{"Node Type": "Aggregate","Strategy": "Plain","Partial Mode": "Simple","Parent Relationship": "SubPlan","Subplan Name": "SubPlan 1","Parallel Aware": false,"Async Capable": false,"Startup Cost": 127.60,"Total Cost": 127.61,"Plan Rows": 1,"Plan Width": 32,"Actual Startup Time": 0.116,"Actual Total Time": 0.116,"Actual Rows": 1,"Actual Loops": 5506,"Plans": [{"Node Type": "Bitmap Heap Scan","Parent Relationship": "Outer","Parallel Aware": false,"Async Capable": false,"Relation Name": "lineitem","Alias": "lineitem_1","Startup Cost": 4.67,"Total Cost": 127.52,"Plan Rows": 31,"Plan Width": 5,"Actual Startup Time": 0.013,"Actual Total Time": 0.109,"Actual Rows": 31,"Actual Loops": 5506,"Recheck Cond": "(l_partkey = part.p_partkey)","Rows Removed by Index Recheck": 0,"Exact Heap Blocks": 170208,"Lossy Heap Blocks": 0,"Plans": [{"Node Type": "Bitmap Index Scan","Parent Relationship": "Outer","Parallel Aware": false,"Async Capable": false,"Index Name": "idx_lineitem_part_supp","Startup Cost": 0.00,"Total Cost": 4.67,"Plan Rows": 31,"Plan Width": 0,"Actual Startup Time": 0.007,"Actual Total Time": 0.007,"Actual Rows": 31,"Actual Loops": 5506,"Index Cond": "(l_partkey = part.p_partkey)"}]}]}]}]},"Planning Time": 4.316,"Triggers": [],"Execution Time": 4755.392}]
[{"Plan": {"Node Type": "Aggregate","Strategy": "Plain","Partial Mode": "Simple","Parallel Aware": false,"Async Capable": false,"Startup Cost": 195918.18,"Total Cost": 195918.19,"Plan Rows": 1,"Plan Width": 32,"Actual Startup Time": 4900.218,"Actual Total Time": 4900.976,"Actual Rows": 1,"Actual Loops": 1,"Plans": [{"Node Type": "Hash Join","Parent Relationship": "Outer","Parallel Aware": false,"Async Capable": false,"Join Type": "Inner","Startup Cost": 6368.78,"Total Cost": 195913.34,"Plan Rows": 1937,"Plan Width": 8,"Actual Startup Time": 46.570,"Actual Total Time": 4900.573,"Actual Rows": 446,"Actual Loops": 1,"Inner Unique": true,"Hash Cond": "(lineitem.l_partkey = part.p_partkey)","Join Filter": "(lineitem.l_quantity < (SubPlan 1))","Rows Removed by Join Filter": 5139,"Plans": [{"Node Type": "Seq Scan","Parent Relationship": "Outer","Parallel Aware": false,"Async Capable": false,"Relation Name": "lineitem","Alias": "lineitem","Startup Cost": 0.00,"Total Cost": 172515.15,"Plan Rows": 6001215,"Plan Width": 17,"Actual Startup Time": 0.020,"Actual Total Time": 998.930,"Actual Rows": 6001215,"Actual Loops": 1},{"Node Type": "Hash","Parent Relationship": "Inner","Parallel Aware": false,"Async Capable": false,"Startup Cost": 6366.36,"Total Cost": 6366.36,"Plan Rows": 194,"Plan Width": 4,"Actual Startup Time": 31.869,"Actual Total Time": 32.592,"Actual Rows": 187,"Actual Loops": 1,"Hash Buckets": 1024,"Original Hash Buckets": 1024,"Hash Batches": 1,"Original Hash Batches": 1,"Peak Memory Usage": 15,"Plans": [{"Node Type": "Gather","Parent Relationship": "Outer","Parallel Aware": false,"Async Capable": false,"Startup Cost": 1000.00,"Total Cost": 6366.36,"Plan Rows": 194,"Plan Width": 4,"Actual Startup Time": 1.250,"Actual Total Time": 32.544,"Actual Rows": 187,"Actual Loops": 1,"Workers Planned": 2,"Workers Launched": 2,"Single Copy": false,"Plans": [{"Node Type": "Seq Scan","Parent Relationship": "Outer","Parallel Aware": true,"Async Capable": false,"Relation Name": "part","Alias": "part","Startup Cost": 0.00,"Total Cost": 5347.00,"Plan Rows": 81,"Plan Width": 4,"Actual Startup Time": 1.843,"Actual Total Time": 25.843,"Actual Rows": 62,"Actual Loops": 3,"Filter": "((p_brand = 'Brand#13'::bpchar) AND (p_container = 'LG CAN'::bpchar))","Rows Removed by Filter": 66604,"Workers": []}]}]},{"Node Type": "Aggregate","Strategy": "Plain","Partial Mode": "Simple","Parent Relationship": "SubPlan","Subplan Name": "SubPlan 1","Parallel Aware": false,"Async Capable": false,"Startup Cost": 127.60,"Total Cost": 127.61,"Plan Rows": 1,"Plan Width": 32,"Actual Startup Time": 0.133,"Actual Total Time": 0.133,"Actual Rows": 1,"Actual Loops": 5585,"Plans": [{"Node Type": "Bitmap Heap Scan","Parent Relationship": "Outer","Parallel Aware": false,"Async Capable": false,"Relation Name": "lineitem","Alias": "lineitem_1","Startup Cost": 4.67,"Total Cost": 127.52,"Plan Rows": 31,"Plan Width": 5,"Actual Startup Time": 0.014,"Actual Total Time": 0.126,"Actual Rows": 31,"Actual Loops": 5585,"Recheck Cond": "(l_partkey = part.p_partkey)","Rows Removed by Index Recheck": 0,"Exact Heap Blocks": 171796,"Lossy Heap Blocks": 0,"Plans": [{"Node Type": "Bitmap Index Scan","Parent Relationship": "Outer","Parallel Aware": false,"Async Capable": false,"Index Name": "idx_lineitem_part_supp","Startup Cost": 0.00,"Total Cost": 4.67,"Plan Rows": 31,"Plan Width": 0,"Actual Startup Time": 0.008,"Actual Total Time": 0.008,"Actual Rows": 31,"Actual Loops": 5585,"Index Cond": "(l_partkey = part.p_partkey)"}]}]}]}]},"Planning Time": 5.528,"Triggers": [],"Execution Time": 4901.373}]
[{"Plan": {"Node Type": "Aggregate","Strategy": "Plain","Partial Mode": "Simple","Parallel Aware": false,"Async Capable": false,"Startup Cost": 195919.63,"Total Cost": 195919.64,"Plan Rows": 1,"Plan Width": 32,"Actual Startup Time": 4969.036,"Actual Total Time": 4969.622,"Actual Rows": 1,"Actual Loops": 1,"Plans": [{"Node Type": "Hash Join","Parent Relationship": "Outer","Parallel Aware": false,"Async Capable": false,"Join Type": "Inner","Startup Cost": 6369.97,"Total Cost": 195914.52,"Plan Rows": 2042,"Plan Width": 8,"Actual Startup Time": 30.991,"Actual Total Time": 4969.353,"Actual Rows": 590,"Actual Loops": 1,"Inner Unique": true,"Hash Cond": "(lineitem.l_partkey = part.p_partkey)","Join Filter": "(lineitem.l_quantity < (SubPlan 1))","Rows Removed by Join Filter": 5864,"Plans": [{"Node Type": "Seq Scan","Parent Relationship": "Outer","Parallel Aware": false,"Async Capable": false,"Relation Name": "lineitem","Alias": "lineitem","Startup Cost": 0.00,"Total Cost": 172515.15,"Plan Rows": 6001215,"Plan Width": 17,"Actual Startup Time": 0.016,"Actual Total Time": 1019.377,"Actual Rows": 6001215,"Actual Loops": 1},{"Node Type": "Hash","Parent Relationship": "Inner","Parallel Aware": false,"Async Capable": false,"Startup Cost": 6367.42,"Total Cost": 6367.42,"Plan Rows": 204,"Plan Width": 4,"Actual Startup Time": 30.163,"Actual Total Time": 30.730,"Actual Rows": 218,"Actual Loops": 1,"Hash Buckets": 1024,"Original Hash Buckets": 1024,"Hash Batches": 1,"Original Hash Batches": 1,"Peak Memory Usage": 16,"Plans": [{"Node Type": "Gather","Parent Relationship": "Outer","Parallel Aware": false,"Async Capable": false,"Startup Cost": 1000.00,"Total Cost": 6367.42,"Plan Rows": 204,"Plan Width": 4,"Actual Startup Time": 0.998,"Actual Total Time": 30.643,"Actual Rows": 218,"Actual Loops": 1,"Workers Planned": 2,"Workers Launched": 2,"Single Copy": false,"Plans": [{"Node Type": "Seq Scan","Parent Relationship": "Outer","Parallel Aware": true,"Async Capable": false,"Relation Name": "part","Alias": "part","Startup Cost": 0.00,"Total Cost": 5347.00,"Plan Rows": 85,"Plan Width": 4,"Actual Startup Time": 0.354,"Actual Total Time": 24.561,"Actual Rows": 73,"Actual Loops": 3,"Filter": "((p_brand = 'Brand#33'::bpchar) AND (p_container = 'SM CASE'::bpchar))","Rows Removed by Filter": 66594,"Workers": []}]}]},{"Node Type": "Aggregate","Strategy": "Plain","Partial Mode": "Simple","Parent Relationship": "SubPlan","Subplan Name": "SubPlan 1","Parallel Aware": false,"Async Capable": false,"Startup Cost": 127.60,"Total Cost": 127.61,"Plan Rows": 1,"Plan Width": 32,"Actual Startup Time": 0.130,"Actual Total Time": 0.130,"Actual Rows": 1,"Actual Loops": 6454,"Plans": [{"Node Type": "Bitmap Heap Scan","Parent Relationship": "Outer","Parallel Aware": false,"Async Capable": false,"Relation Name": "lineitem","Alias": "lineitem_1","Startup Cost": 4.67,"Total Cost": 127.52,"Plan Rows": 31,"Plan Width": 5,"Actual Startup Time": 0.014,"Actual Total Time": 0.123,"Actual Rows": 31,"Actual Loops": 6454,"Recheck Cond": "(l_partkey = part.p_partkey)","Rows Removed by Index Recheck": 0,"Exact Heap Blocks": 197616,"Lossy Heap Blocks": 0,"Plans": [{"Node Type": "Bitmap Index Scan","Parent Relationship": "Outer","Parallel Aware": false,"Async Capable": false,"Index Name": "idx_lineitem_part_supp","Startup Cost": 0.00,"Total Cost": 4.67,"Plan Rows": 31,"Plan Width": 0,"Actual Startup Time": 0.008,"Actual Total Time": 0.008,"Actual Rows": 31,"Actual Loops": 6454,"Index Cond": "(l_partkey = part.p_partkey)"}]}]}]}]},"Planning Time": 4.327,"Triggers": [],"Execution Time": 4969.912}]
[{"Plan": {"Node Type": "Aggregate","Strategy": "Plain","Partial Mode": "Simple","Parallel Aware": false,"Async Capable": false,"Startup Cost": 195919.57,"Total Cost": 195919.58,"Plan Rows": 1,"Plan Width": 32,"Actual Startup Time": 4892.757,"Actual Total Time": 4893.414,"Actual Rows": 1,"Actual Loops": 1,"Plans": [{"Node Type": "Hash Join","Parent Relationship": "Outer","Parallel Aware": false,"Async Capable": false,"Join Type": "Inner","Startup Cost": 6369.92,"Total Cost": 195914.47,"Plan Rows": 2038,"Plan Width": 8,"Actual Startup Time": 48.159,"Actual Total Time": 4893.048,"Actual Rows": 545,"Actual Loops": 1,"Inner Unique": true,"Hash Cond": "(lineitem.l_partkey = part.p_partkey)","Join Filter": "(lineitem.l_quantity < (SubPlan 1))","Rows Removed by Join Filter": 5820,"Plans": [{"Node Type": "Seq Scan","Parent Relationship": "Outer","Parallel Aware": false,"Async Capable": false,"Relation Name": "lineitem","Alias": "lineitem","Startup Cost": 0.00,"Total Cost": 172515.15,"Plan Rows": 6001215,"Plan Width": 17,"Actual Startup Time": 0.013,"Actual Total Time": 978.931,"Actual Rows": 6001215,"Actual Loops": 1},{"Node Type": "Hash","Parent Relationship": "Inner","Parallel Aware": false,"Async Capable": false,"Startup Cost": 6367.37,"Total Cost": 6367.37,"Plan Rows": 204,"Plan Width": 4,"Actual Startup Time": 33.433,"Actual Total Time": 34.051,"Actual Rows": 214,"Actual Loops": 1,"Hash Buckets": 1024,"Original Hash Buckets": 1024,"Hash Batches": 1,"Original Hash Batches": 1,"Peak Memory Usage": 16,"Plans": [{"Node Type": "Gather","Parent Relationship": "Outer","Parallel Aware": false,"Async Capable": false,"Startup Cost": 1000.00,"Total Cost": 6367.37,"Plan Rows": 204,"Plan Width": 4,"Actual Startup Time": 0.731,"Actual Total Time": 33.976,"Actual Rows": 214,"Actual Loops": 1,"Workers Planned": 2,"Workers Launched": 2,"Single Copy": false,"Plans": [{"Node Type": "Seq Scan","Parent Relationship": "Outer","Parallel Aware": true,"Async Capable": false,"Relation Name": "part","Alias": "part","Startup Cost": 0.00,"Total Cost": 5347.00,"Plan Rows": 85,"Plan Width": 4,"Actual Startup Time": 1.360,"Actual Total Time": 28.079,"Actual Rows": 71,"Actual Loops": 3,"Filter": "((p_brand = 'Brand#14'::bpchar) AND (p_container = 'WRAP JAR'::bpchar))","Rows Removed by Filter": 66595,"Workers": []}]}]},{"Node Type": "Aggregate","Strategy": "Plain","Partial Mode": "Simple","Parent Relationship": "SubPlan","Subplan Name": "SubPlan 1","Parallel Aware": false,"Async Capable": false,"Startup Cost": 127.60,"Total Cost": 127.61,"Plan Rows": 1,"Plan Width": 32,"Actual Startup Time": 0.115,"Actual Total Time": 0.115,"Actual Rows": 1,"Actual Loops": 6365,"Plans": [{"Node Type": "Bitmap Heap Scan","Parent Relationship": "Outer","Parallel Aware": false,"Async Capable": false,"Relation Name": "lineitem","Alias": "lineitem_1","Startup Cost": 4.67,"Total Cost": 127.52,"Plan Rows": 31,"Plan Width": 5,"Actual Startup Time": 0.013,"Actual Total Time": 0.108,"Actual Rows": 31,"Actual Loops": 6365,"Recheck Cond": "(l_partkey = part.p_partkey)","Rows Removed by Index Recheck": 0,"Exact Heap Blocks": 195354,"Lossy Heap Blocks": 0,"Plans": [{"Node Type": "Bitmap Index Scan","Parent Relationship": "Outer","Parallel Aware": false,"Async Capable": false,"Index Name": "idx_lineitem_part_supp","Startup Cost": 0.00,"Total Cost": 4.67,"Plan Rows": 31,"Plan Width": 0,"Actual Startup Time": 0.007,"Actual Total Time": 0.007,"Actual Rows": 31,"Actual Loops": 6365,"Index Cond": "(l_partkey = part.p_partkey)"}]}]}]}]},"Planning Time": 4.712,"Triggers": [],"Execution Time": 4893.739}]
[{"Plan": {"Node Type": "Aggregate","Strategy": "Plain","Partial Mode": "Simple","Parallel Aware": false,"Async Capable": false,"Startup Cost": 195921.36,"Total Cost": 195921.37,"Plan Rows": 1,"Plan Width": 32,"Actual Startup Time": 4858.958,"Actual Total Time": 4859.520,"Actual Rows": 1,"Actual Loops": 1,"Plans": [{"Node Type": "Hash Join","Parent Relationship": "Outer","Parallel Aware": false,"Async Capable": false,"Join Type": "Inner","Startup Cost": 6371.38,"Total Cost": 195915.94,"Plan Rows": 2168,"Plan Width": 8,"Actual Startup Time": 66.337,"Actual Total Time": 4859.324,"Actual Rows": 567,"Actual Loops": 1,"Inner Unique": true,"Hash Cond": "(lineitem.l_partkey = part.p_partkey)","Join Filter": "(lineitem.l_quantity < (SubPlan 1))","Rows Removed by Join Filter": 5691,"Plans": [{"Node Type": "Seq Scan","Parent Relationship": "Outer","Parallel Aware": false,"Async Capable": false,"Relation Name": "lineitem","Alias": "lineitem","Startup Cost": 0.00,"Total Cost": 172515.15,"Plan Rows": 6001215,"Plan Width": 17,"Actual Startup Time": 0.016,"Actual Total Time": 1020.699,"Actual Rows": 6001215,"Actual Loops": 1},{"Node Type": "Hash","Parent Relationship": "Inner","Parallel Aware": false,"Async Capable": false,"Startup Cost": 6368.67,"Total Cost": 6368.67,"Plan Rows": 217,"Plan Width": 4,"Actual Startup Time": 32.175,"Actual Total Time": 32.721,"Actual Rows": 205,"Actual Loops": 1,"Hash Buckets": 1024,"Original Hash Buckets": 1024,"Hash Batches": 1,"Original Hash Batches": 1,"Peak Memory Usage": 16,"Plans": [{"Node Type": "Gather","Parent Relationship": "Outer","Parallel Aware": false,"Async Capable": false,"Startup Cost": 1000.00,"Total Cost": 6368.67,"Plan Rows": 217,"Plan Width": 4,"Actual Startup Time": 2.264,"Actual Total Time": 32.662,"Actual Rows": 205,"Actual Loops": 1,"Workers Planned": 2,"Workers Launched": 2,"Single Copy": false,"Plans": [{"Node Type": "Seq Scan","Parent Relationship": "Outer","Parallel Aware": true,"Async Capable": false,"Relation Name": "part","Alias": "part","Startup Cost": 0.00,"Total Cost": 5347.00,"Plan Rows": 90,"Plan Width": 4,"Actual Startup Time": 0.659,"Actual Total Time": 25.899,"Actual Rows": 68,"Actual Loops": 3,"Filter": "((p_brand = 'Brand#15'::bpchar) AND (p_container = 'JUMBO CAN'::bpchar))","Rows Removed by Filter": 66598,"Workers": []}]}]},{"Node Type": "Aggregate","Strategy": "Plain","Partial Mode": "Simple","Parent Relationship": "SubPlan","Subplan Name": "SubPlan 1","Parallel Aware": false,"Async Capable": false,"Startup Cost": 127.60,"Total Cost": 127.61,"Plan Rows": 1,"Plan Width": 32,"Actual Startup Time": 0.128,"Actual Total Time": 0.128,"Actual Rows": 1,"Actual Loops": 6258,"Plans": [{"Node Type": "Bitmap Heap Scan","Parent Relationship": "Outer","Parallel Aware": false,"Async Capable": false,"Relation Name": "lineitem","Alias": "lineitem_1","Startup Cost": 4.67,"Total Cost": 127.52,"Plan Rows": 31,"Plan Width": 5,"Actual Startup Time": 0.014,"Actual Total Time": 0.121,"Actual Rows": 32,"Actual Loops": 6258,"Recheck Cond": "(l_partkey = part.p_partkey)","Rows Removed by Index Recheck": 0,"Exact Heap Blocks": 197838,"Lossy Heap Blocks": 0,"Plans": [{"Node Type": "Bitmap Index Scan","Parent Relationship": "Outer","Parallel Aware": false,"Async Capable": false,"Index Name": "idx_lineitem_part_supp","Startup Cost": 0.00,"Total Cost": 4.67,"Plan Rows": 31,"Plan Width": 0,"Actual Startup Time": 0.008,"Actual Total Time": 0.008,"Actual Rows": 32,"Actual Loops": 6258,"Index Cond": "(l_partkey = part.p_partkey)"}]}]}]}]},"Planning Time": 5.180,"Triggers": [],"Execution Time": 4859.847}]
[{"Plan": {"Node Type": "Aggregate","Strategy": "Plain","Partial Mode": "Simple","Parallel Aware": false,"Async Capable": false,"Startup Cost": 195918.08,"Total Cost": 195918.09,"Plan Rows": 1,"Plan Width": 32,"Actual Startup Time": 4847.161,"Actual Total Time": 4847.700,"Actual Rows": 1,"Actual Loops": 1,"Plans": [{"Node Type": "Hash Join","Parent Relationship": "Outer","Parallel Aware": false,"Async Capable": false,"Join Type": "Inner","Startup Cost": 6368.70,"Total Cost": 195913.25,"Plan Rows": 1929,"Plan Width": 8,"Actual Startup Time": 35.096,"Actual Total Time": 4847.503,"Actual Rows": 483,"Actual Loops": 1,"Inner Unique": true,"Hash Cond": "(lineitem.l_partkey = part.p_partkey)","Join Filter": "(lineitem.l_quantity < (SubPlan 1))","Rows Removed by Join Filter": 5278,"Plans": [{"Node Type": "Seq Scan","Parent Relationship": "Outer","Parallel Aware": false,"Async Capable": false,"Relation Name": "lineitem","Alias": "lineitem","Startup Cost": 0.00,"Total Cost": 172515.15,"Plan Rows": 6001215,"Plan Width": 17,"Actual Startup Time": 0.022,"Actual Total Time": 1026.353,"Actual Rows": 6001215,"Actual Loops": 1},{"Node Type": "Hash","Parent Relationship": "Inner","Parallel Aware": false,"Async Capable": false,"Startup Cost": 6366.29,"Total Cost": 6366.29,"Plan Rows": 193,"Plan Width": 4,"Actual Startup Time": 33.762,"Actual Total Time": 34.286,"Actual Rows": 187,"Actual Loops": 1,"Hash Buckets": 1024,"Original Hash Buckets": 1024,"Hash Batches": 1,"Original Hash Batches": 1,"Peak Memory Usage": 15,"Plans": [{"Node Type": "Gather","Parent Relationship": "Outer","Parallel Aware": false,"Async Capable": false,"Startup Cost": 1000.00,"Total Cost": 6366.29,"Plan Rows": 193,"Plan Width": 4,"Actual Startup Time": 1.172,"Actual Total Time": 34.242,"Actual Rows": 187,"Actual Loops": 1,"Workers Planned": 2,"Workers Launched": 2,"Single Copy": false,"Plans": [{"Node Type": "Seq Scan","Parent Relationship": "Outer","Parallel Aware": true,"Async Capable": false,"Relation Name": "part","Alias": "part","Startup Cost": 0.00,"Total Cost": 5347.00,"Plan Rows": 80,"Plan Width": 4,"Actual Startup Time": 1.074,"Actual Total Time": 27.764,"Actual Rows": 62,"Actual Loops": 3,"Filter": "((p_brand = 'Brand#22'::bpchar) AND (p_container = 'SM PKG'::bpchar))","Rows Removed by Filter": 66604,"Workers": []}]}]},{"Node Type": "Aggregate","Strategy": "Plain","Partial Mode": "Simple","Parent Relationship": "SubPlan","Subplan Name": "SubPlan 1","Parallel Aware": false,"Async Capable": false,"Startup Cost": 127.60,"Total Cost": 127.61,"Plan Rows": 1,"Plan Width": 32,"Actual Startup Time": 0.129,"Actual Total Time": 0.129,"Actual Rows": 1,"Actual Loops": 5761,"Plans": [{"Node Type": "Bitmap Heap Scan","Parent Relationship": "Outer","Parallel Aware": false,"Async Capable": false,"Relation Name": "lineitem","Alias": "lineitem_1","Startup Cost": 4.67,"Total Cost": 127.52,"Plan Rows": 31,"Plan Width": 5,"Actual Startup Time": 0.014,"Actual Total Time": 0.122,"Actual Rows": 32,"Actual Loops": 5761,"Recheck Cond": "(l_partkey = part.p_partkey)","Rows Removed by Index Recheck": 0,"Exact Heap Blocks": 183113,"Lossy Heap Blocks": 0,"Plans": [{"Node Type": "Bitmap Index Scan","Parent Relationship": "Outer","Parallel Aware": false,"Async Capable": false,"Index Name": "idx_lineitem_part_supp","Startup Cost": 0.00,"Total Cost": 4.67,"Plan Rows": 31,"Plan Width": 0,"Actual Startup Time": 0.008,"Actual Total Time": 0.008,"Actual Rows": 32,"Actual Loops": 5761,"Index Cond": "(l_partkey = part.p_partkey)"}]}]}]}]},"Planning Time": 5.973,"Triggers": [],"Execution Time": 4848.087}]
[{"Plan": {"Node Type": "Aggregate","Strategy": "Plain","Partial Mode": "Simple","Parallel Aware": false,"Async Capable": false,"Startup Cost": 195917.98,"Total Cost": 195917.99,"Plan Rows": 1,"Plan Width": 32,"Actual Startup Time": 4852.467,"Actual Total Time": 4853.042,"Actual Rows": 1,"Actual Loops": 1,"Plans": [{"Node Type": "Hash Join","Parent Relationship": "Outer","Parallel Aware": false,"Async Capable": false,"Join Type": "Inner","Startup Cost": 6368.62,"Total Cost": 195913.17,"Plan Rows": 1922,"Plan Width": 8,"Actual Startup Time": 98.245,"Actual Total Time": 4852.778,"Actual Rows": 528,"Actual Loops": 1,"Inner Unique": true,"Hash Cond": "(lineitem.l_partkey = part.p_partkey)","Join Filter": "(lineitem.l_quantity < (SubPlan 1))","Rows Removed by Join Filter": 5433,"Plans": [{"Node Type": "Seq Scan","Parent Relationship": "Outer","Parallel Aware": false,"Async Capable": false,"Relation Name": "lineitem","Alias": "lineitem","Startup Cost": 0.00,"Total Cost": 172515.15,"Plan Rows": 6001215,"Plan Width": 17,"Actual Startup Time": 0.013,"Actual Total Time": 1025.234,"Actual Rows": 6001215,"Actual Loops": 1},{"Node Type": "Hash","Parent Relationship": "Inner","Parallel Aware": false,"Async Capable": false,"Startup Cost": 6366.22,"Total Cost": 6366.22,"Plan Rows": 192,"Plan Width": 4,"Actual Startup Time": 28.969,"Actual Total Time": 29.530,"Actual Rows": 195,"Actual Loops": 1,"Hash Buckets": 1024,"Original Hash Buckets": 1024,"Hash Batches": 1,"Original Hash Batches": 1,"Peak Memory Usage": 15,"Plans": [{"Node Type": "Gather","Parent Relationship": "Outer","Parallel Aware": false,"Async Capable": false,"Startup Cost": 1000.00,"Total Cost": 6366.22,"Plan Rows": 192,"Plan Width": 4,"Actual Startup Time": 0.578,"Actual Total Time": 29.455,"Actual Rows": 195,"Actual Loops": 1,"Workers Planned": 2,"Workers Launched": 2,"Single Copy": false,"Plans": [{"Node Type": "Seq Scan","Parent Relationship": "Outer","Parallel Aware": true,"Async Capable": false,"Relation Name": "part","Alias": "part","Startup Cost": 0.00,"Total Cost": 5347.00,"Plan Rows": 80,"Plan Width": 4,"Actual Startup Time": 1.539,"Actual Total Time": 23.612,"Actual Rows": 65,"Actual Loops": 3,"Filter": "((p_brand = 'Brand#12'::bpchar) AND (p_container = 'WRAP DRUM'::bpchar))","Rows Removed by Filter": 66602,"Workers": []}]}]},{"Node Type": "Aggregate","Strategy": "Plain","Partial Mode": "Simple","Parent Relationship": "SubPlan","Subplan Name": "SubPlan 1","Parallel Aware": false,"Async Capable": false,"Startup Cost": 127.60,"Total Cost": 127.61,"Plan Rows": 1,"Plan Width": 32,"Actual Startup Time": 0.130,"Actual Total Time": 0.130,"Actual Rows": 1,"Actual Loops": 5961,"Plans": [{"Node Type": "Bitmap Heap Scan","Parent Relationship": "Outer","Parallel Aware": false,"Async Capable": false,"Relation Name": "lineitem","Alias": "lineitem_1","Startup Cost": 4.67,"Total Cost": 127.52,"Plan Rows": 31,"Plan Width": 5,"Actual Startup Time": 0.014,"Actual Total Time": 0.123,"Actual Rows": 31,"Actual Loops": 5961,"Recheck Cond": "(l_partkey = part.p_partkey)","Rows Removed by Index Recheck": 0,"Exact Heap Blocks": 187640,"Lossy Heap Blocks": 0,"Plans": [{"Node Type": "Bitmap Index Scan","Parent Relationship": "Outer","Parallel Aware": false,"Async Capable": false,"Index Name": "idx_lineitem_part_supp","Startup Cost": 0.00,"Total Cost": 4.67,"Plan Rows": 31,"Plan Width": 0,"Actual Startup Time": 0.008,"Actual Total Time": 0.008,"Actual Rows": 31,"Actual Loops": 5961,"Index Cond": "(l_partkey = part.p_partkey)"}]}]}]}]},"Planning Time": 4.468,"Triggers": [],"Execution Time": 4853.260}]
[{"Plan": {"Node Type": "Aggregate","Strategy": "Plain","Partial Mode": "Simple","Parallel Aware": false,"Async Capable": false,"Startup Cost": 195918.24,"Total Cost": 195918.25,"Plan Rows": 1,"Plan Width": 32,"Actual Startup Time": 4674.598,"Actual Total Time": 4674.975,"Actual Rows": 1,"Actual Loops": 1,"Plans": [{"Node Type": "Hash Join","Parent Relationship": "Outer","Parallel Aware": false,"Async Capable": false,"Join Type": "Inner","Startup Cost": 6368.83,"Total Cost": 195913.38,"Plan Rows": 1941,"Plan Width": 8,"Actual Startup Time": 33.462,"Actual Total Time": 4674.751,"Actual Rows": 495,"Actual Loops": 1,"Inner Unique": true,"Hash Cond": "(lineitem.l_partkey = part.p_partkey)","Join Filter": "(lineitem.l_quantity < (SubPlan 1))","Rows Removed by Join Filter": 4991,"Plans": [{"Node Type": "Seq Scan","Parent Relationship": "Outer","Parallel Aware": false,"Async Capable": false,"Relation Name": "lineitem","Alias": "lineitem","Startup Cost": 0.00,"Total Cost": 172515.15,"Plan Rows": 6001215,"Plan Width": 17,"Actual Startup Time": 0.018,"Actual Total Time": 914.040,"Actual Rows": 6001215,"Actual Loops": 1},{"Node Type": "Hash","Parent Relationship": "Inner","Parallel Aware": false,"Async Capable": false,"Startup Cost": 6366.40,"Total Cost": 6366.40,"Plan Rows": 194,"Plan Width": 4,"Actual Startup Time": 32.429,"Actual Total Time": 32.793,"Actual Rows": 182,"Actual Loops": 1,"Hash Buckets": 1024,"Original Hash Buckets": 1024,"Hash Batches": 1,"Original Hash Batches": 1,"Peak Memory Usage": 15,"Plans": [{"Node Type": "Gather","Parent Relationship": "Outer","Parallel Aware": false,"Async Capable": false,"Startup Cost": 1000.00,"Total Cost": 6366.40,"Plan Rows": 194,"Plan Width": 4,"Actual Startup Time": 1.261,"Actual Total Time": 32.723,"Actual Rows": 182,"Actual Loops": 1,"Workers Planned": 2,"Workers Launched": 2,"Single Copy": false,"Plans": [{"Node Type": "Seq Scan","Parent Relationship": "Outer","Parallel Aware": true,"Async Capable": false,"Relation Name": "part","Alias": "part","Startup Cost": 0.00,"Total Cost": 5347.00,"Plan Rows": 81,"Plan Width": 4,"Actual Startup Time": 1.682,"Actual Total Time": 26.830,"Actual Rows": 61,"Actual Loops": 3,"Filter": "((p_brand = 'Brand#11'::bpchar) AND (p_container = 'WRAP PKG'::bpchar))","Rows Removed by Filter": 66606,"Workers": []}]}]},{"Node Type": "Aggregate","Strategy": "Plain","Partial Mode": "Simple","Parent Relationship": "SubPlan","Subplan Name": "SubPlan 1","Parallel Aware": false,"Async Capable": false,"Startup Cost": 127.60,"Total Cost": 127.61,"Plan Rows": 1,"Plan Width": 32,"Actual Startup Time": 0.113,"Actual Total Time": 0.113,"Actual Rows": 1,"Actual Loops": 5486,"Plans": [{"Node Type": "Bitmap Heap Scan","Parent Relationship": "Outer","Parallel Aware": false,"Async Capable": false,"Relation Name": "lineitem","Alias": "lineitem_1","Startup Cost": 4.67,"Total Cost": 127.52,"Plan Rows": 31,"Plan Width": 5,"Actual Startup Time": 0.013,"Actual Total Time": 0.106,"Actual Rows": 31,"Actual Loops": 5486,"Recheck Cond": "(l_partkey = part.p_partkey)","Rows Removed by Index Recheck": 0,"Exact Heap Blocks": 171543,"Lossy Heap Blocks": 0,"Plans": [{"Node Type": "Bitmap Index Scan","Parent Relationship": "Outer","Parallel Aware": false,"Async Capable": false,"Index Name": "idx_lineitem_part_supp","Startup Cost": 0.00,"Total Cost": 4.67,"Plan Rows": 31,"Plan Width": 0,"Actual Startup Time": 0.007,"Actual Total Time": 0.007,"Actual Rows": 31,"Actual Loops": 5486,"Index Cond": "(l_partkey = part.p_partkey)"}]}]}]}]},"Planning Time": 4.570,"Triggers": [],"Execution Time": 4675.244}]
[{"Plan": {"Node Type": "Aggregate","Strategy": "Plain","Partial Mode": "Simple","Parallel Aware": false,"Async Capable": false,"Startup Cost": 195919.69,"Total Cost": 195919.71,"Plan Rows": 1,"Plan Width": 32,"Actual Startup Time": 4941.636,"Actual Total Time": 4942.160,"Actual Rows": 1,"Actual Loops": 1,"Plans": [{"Node Type": "Hash Join","Parent Relationship": "Outer","Parallel Aware": false,"Async Capable": false,"Join Type": "Inner","Startup Cost": 6370.02,"Total Cost": 195914.57,"Plan Rows": 2047,"Plan Width": 8,"Actual Startup Time": 34.010,"Actual Total Time": 4941.966,"Actual Rows": 567,"Actual Loops": 1,"Inner Unique": true,"Hash Cond": "(lineitem.l_partkey = part.p_partkey)","Join Filter": "(lineitem.l_quantity < (SubPlan 1))","Rows Removed by Join Filter": 5780,"Plans": [{"Node Type": "Seq Scan","Parent Relationship": "Outer","Parallel Aware": false,"Async Capable": false,"Relation Name": "lineitem","Alias": "lineitem","Startup Cost": 0.00,"Total Cost": 172515.15,"Plan Rows": 6001215,"Plan Width": 17,"Actual Startup Time": 0.020,"Actual Total Time": 1028.471,"Actual Rows": 6001215,"Actual Loops": 1},{"Node Type": "Hash","Parent Relationship": "Inner","Parallel Aware": false,"Async Capable": false,"Startup Cost": 6367.46,"Total Cost": 6367.46,"Plan Rows": 205,"Plan Width": 4,"Actual Startup Time": 33.227,"Actual Total Time": 33.734,"Actual Rows": 208,"Actual Loops": 1,"Hash Buckets": 1024,"Original Hash Buckets": 1024,"Hash Batches": 1,"Original Hash Batches": 1,"Peak Memory Usage": 16,"Plans": [{"Node Type": "Gather","Parent Relationship": "Outer","Parallel Aware": false,"Async Capable": false,"Startup Cost": 1000.00,"Total Cost": 6367.46,"Plan Rows": 205,"Plan Width": 4,"Actual Startup Time": 0.713,"Actual Total Time": 33.687,"Actual Rows": 208,"Actual Loops": 1,"Workers Planned": 2,"Workers Launched": 2,"Single Copy": false,"Plans": [{"Node Type": "Seq Scan","Parent Relationship": "Outer","Parallel Aware": true,"Async Capable": false,"Relation Name": "part","Alias": "part","Startup Cost": 0.00,"Total Cost": 5347.00,"Plan Rows": 85,"Plan Width": 4,"Actual Startup Time": 1.585,"Actual Total Time": 27.581,"Actual Rows": 69,"Actual Loops": 3,"Filter": "((p_brand = 'Brand#43'::bpchar) AND (p_container = 'SM BAG'::bpchar))","Rows Removed by Filter": 66597,"Workers": []}]}]},{"Node Type": "Aggregate","Strategy": "Plain","Partial Mode": "Simple","Parent Relationship": "SubPlan","Subplan Name": "SubPlan 1","Parallel Aware": false,"Async Capable": false,"Startup Cost": 127.60,"Total Cost": 127.61,"Plan Rows": 1,"Plan Width": 32,"Actual Startup Time": 0.131,"Actual Total Time": 0.131,"Actual Rows": 1,"Actual Loops": 6347,"Plans": [{"Node Type": "Bitmap Heap Scan","Parent Relationship": "Outer","Parallel Aware": false,"Async Capable": false,"Relation Name": "lineitem","Alias": "lineitem_1","Startup Cost": 4.67,"Total Cost": 127.52,"Plan Rows": 31,"Plan Width": 5,"Actual Startup Time": 0.014,"Actual Total Time": 0.124,"Actual Rows": 32,"Actual Loops": 6347,"Recheck Cond": "(l_partkey = part.p_partkey)","Rows Removed by Index Recheck": 0,"Exact Heap Blocks": 200247,"Lossy Heap Blocks": 0,"Plans": [{"Node Type": "Bitmap Index Scan","Parent Relationship": "Outer","Parallel Aware": false,"Async Capable": false,"Index Name": "idx_lineitem_part_supp","Startup Cost": 0.00,"Total Cost": 4.67,"Plan Rows": 31,"Plan Width": 0,"Actual Startup Time": 0.008,"Actual Total Time": 0.008,"Actual Rows": 32,"Actual Loops": 6347,"Index Cond": "(l_partkey = part.p_partkey)"}]}]}]}]},"Planning Time": 4.898,"Triggers": [],"Execution Time": 4942.413}]
[{"Plan": {"Node Type": "Aggregate","Strategy": "Plain","Partial Mode": "Simple","Parallel Aware": false,"Async Capable": false,"Startup Cost": 195917.30,"Total Cost": 195917.31,"Plan Rows": 1,"Plan Width": 32,"Actual Startup Time": 4703.991,"Actual Total Time": 4704.545,"Actual Rows": 1,"Actual Loops": 1,"Plans": [{"Node Type": "Hash Join","Parent Relationship": "Outer","Parallel Aware": false,"Async Capable": false,"Join Type": "Inner","Startup Cost": 6368.06,"Total Cost": 195912.61,"Plan Rows": 1872,"Plan Width": 8,"Actual Startup Time": 46.060,"Actual Total Time": 4704.281,"Actual Rows": 458,"Actual Loops": 1,"Inner Unique": true,"Hash Cond": "(lineitem.l_partkey = part.p_partkey)","Join Filter": "(lineitem.l_quantity < (SubPlan 1))","Rows Removed by Join Filter": 4842,"Plans": [{"Node Type": "Seq Scan","Parent Relationship": "Outer","Parallel Aware": false,"Async Capable": false,"Relation Name": "lineitem","Alias": "lineitem","Startup Cost": 0.00,"Total Cost": 172515.15,"Plan Rows": 6001215,"Plan Width": 17,"Actual Startup Time": 0.011,"Actual Total Time": 933.789,"Actual Rows": 6001215,"Actual Loops": 1},{"Node Type": "Hash","Parent Relationship": "Inner","Parallel Aware": false,"Async Capable": false,"Startup Cost": 6365.72,"Total Cost": 6365.72,"Plan Rows": 187,"Plan Width": 4,"Actual Startup Time": 32.626,"Actual Total Time": 33.169,"Actual Rows": 175,"Actual Loops": 1,"Hash Buckets": 1024,"Original Hash Buckets": 1024,"Hash Batches": 1,"Original Hash Batches": 1,"Peak Memory Usage": 15,"Plans": [{"Node Type": "Gather","Parent Relationship": "Outer","Parallel Aware": false,"Async Capable": false,"Startup Cost": 1000.00,"Total Cost": 6365.72,"Plan Rows": 187,"Plan Width": 4,"Actual Startup Time": 1.125,"Actual Total Time": 33.087,"Actual Rows": 175,"Actual Loops": 1,"Workers Planned": 2,"Workers Launched": 2,"Single Copy": false,"Plans": [{"Node Type": "Seq Scan","Parent Relationship": "Outer","Parallel Aware": true,"Async Capable": false,"Relation Name": "part","Alias": "part","Startup Cost": 0.00,"Total Cost": 5347.00,"Plan Rows": 78,"Plan Width": 4,"Actual Startup Time": 0.480,"Actual Total Time": 27.177,"Actual Rows": 58,"Actual Loops": 3,"Filter": "((p_brand = 'Brand#43'::bpchar) AND (p_container = 'SM CASE'::bpchar))","Rows Removed by Filter": 66608,"Workers": []}]}]},{"Node Type": "Aggregate","Strategy": "Plain","Partial Mode": "Simple","Parent Relationship": "SubPlan","Subplan Name": "SubPlan 1","Parallel Aware": false,"Async Capable": false,"Startup Cost": 127.60,"Total Cost": 127.61,"Plan Rows": 1,"Plan Width": 32,"Actual Startup Time": 0.119,"Actual Total Time": 0.119,"Actual Rows": 1,"Actual Loops": 5300,"Plans": [{"Node Type": "Bitmap Heap Scan","Parent Relationship": "Outer","Parallel Aware": false,"Async Capable": false,"Relation Name": "lineitem","Alias": "lineitem_1","Startup Cost": 4.67,"Total Cost": 127.52,"Plan Rows": 31,"Plan Width": 5,"Actual Startup Time": 0.013,"Actual Total Time": 0.111,"Actual Rows": 31,"Actual Loops": 5300,"Recheck Cond": "(l_partkey = part.p_partkey)","Rows Removed by Index Recheck": 0,"Exact Heap Blocks": 166666,"Lossy Heap Blocks": 0,"Plans": [{"Node Type": "Bitmap Index Scan","Parent Relationship": "Outer","Parallel Aware": false,"Async Capable": false,"Index Name": "idx_lineitem_part_supp","Startup Cost": 0.00,"Total Cost": 4.67,"Plan Rows": 31,"Plan Width": 0,"Actual Startup Time": 0.007,"Actual Total Time": 0.007,"Actual Rows": 31,"Actual Loops": 5300,"Index Cond": "(l_partkey = part.p_partkey)"}]}]}]}]},"Planning Time": 4.384,"Triggers": [],"Execution Time": 4704.793}]
[{"Plan": {"Node Type": "Aggregate","Strategy": "Plain","Partial Mode": "Simple","Parallel Aware": false,"Async Capable": false,"Startup Cost": 195920.41,"Total Cost": 195920.43,"Plan Rows": 1,"Plan Width": 32,"Actual Startup Time": 4875.679,"Actual Total Time": 4876.175,"Actual Rows": 1,"Actual Loops": 1,"Plans": [{"Node Type": "Hash Join","Parent Relationship": "Outer","Parallel Aware": false,"Async Capable": false,"Join Type": "Inner","Startup Cost": 6370.61,"Total Cost": 195915.16,"Plan Rows": 2099,"Plan Width": 8,"Actual Startup Time": 64.044,"Actual Total Time": 4875.940,"Actual Rows": 522,"Actual Loops": 1,"Inner Unique": true,"Hash Cond": "(lineitem.l_partkey = part.p_partkey)","Join Filter": "(lineitem.l_quantity < (SubPlan 1))","Rows Removed by Join Filter": 5545,"Plans": [{"Node Type": "Seq Scan","Parent Relationship": "Outer","Parallel Aware": false,"Async Capable": false,"Relation Name": "lineitem","Alias": "lineitem","Startup Cost": 0.00,"Total Cost": 172515.15,"Plan Rows": 6001215,"Plan Width": 17,"Actual Startup Time": 0.010,"Actual Total Time": 1027.507,"Actual Rows": 6001215,"Actual Loops": 1},{"Node Type": "Hash","Parent Relationship": "Inner","Parallel Aware": false,"Async Capable": false,"Startup Cost": 6367.99,"Total Cost": 6367.99,"Plan Rows": 210,"Plan Width": 4,"Actual Startup Time": 33.581,"Actual Total Time": 34.059,"Actual Rows": 204,"Actual Loops": 1,"Hash Buckets": 1024,"Original Hash Buckets": 1024,"Hash Batches": 1,"Original Hash Batches": 1,"Peak Memory Usage": 16,"Plans": [{"Node Type": "Gather","Parent Relationship": "Outer","Parallel Aware": false,"Async Capable": false,"Startup Cost": 1000.00,"Total Cost": 6367.99,"Plan Rows": 210,"Plan Width": 4,"Actual Startup Time": 1.608,"Actual Total Time": 34.014,"Actual Rows": 204,"Actual Loops": 1,"Workers Planned": 2,"Workers Launched": 2,"Single Copy": false,"Plans": [{"Node Type": "Seq Scan","Parent Relationship": "Outer","Parallel Aware": true,"Async Capable": false,"Relation Name": "part","Alias": "part","Startup Cost": 0.00,"Total Cost": 5347.00,"Plan Rows": 87,"Plan Width": 4,"Actual Startup Time": 0.972,"Actual Total Time": 27.616,"Actual Rows": 68,"Actual Loops": 3,"Filter": "((p_brand = 'Brand#53'::bpchar) AND (p_container = 'JUMBO CAN'::bpchar))","Rows Removed by Filter": 66599,"Workers": []}]}]},{"Node Type": "Aggregate","Strategy": "Plain","Partial Mode": "Simple","Parent Relationship": "SubPlan","Subplan Name": "SubPlan 1","Parallel Aware": false,"Async Capable": false,"Startup Cost": 127.60,"Total Cost": 127.61,"Plan Rows": 1,"Plan Width": 32,"Actual Startup Time": 0.128,"Actual Total Time": 0.128,"Actual Rows": 1,"Actual Loops": 6067,"Plans": [{"Node Type": "Bitmap Heap Scan","Parent Relationship": "Outer","Parallel Aware": false,"Async Capable": false,"Relation Name": "lineitem","Alias": "lineitem_1","Startup Cost": 4.67,"Total Cost": 127.52,"Plan Rows": 31,"Plan Width": 5,"Actual Startup Time": 0.014,"Actual Total Time": 0.121,"Actual Rows": 31,"Actual Loops": 6067,"Recheck Cond": "(l_partkey = part.p_partkey)","Rows Removed by Index Recheck": 0,"Exact Heap Blocks": 185933,"Lossy Heap Blocks": 0,"Plans": [{"Node Type": "Bitmap Index Scan","Parent Relationship": "Outer","Parallel Aware": false,"Async Capable": false,"Index Name": "idx_lineitem_part_supp","Startup Cost": 0.00,"Total Cost": 4.67,"Plan Rows": 31,"Plan Width": 0,"Actual Startup Time": 0.008,"Actual Total Time": 0.008,"Actual Rows": 31,"Actual Loops": 6067,"Index Cond": "(l_partkey = part.p_partkey)"}]}]}]}]},"Planning Time": 5.248,"Triggers": [],"Execution Time": 4876.414}]
[{"Plan": {"Node Type": "Aggregate","Strategy": "Plain","Partial Mode": "Simple","Parallel Aware": false,"Async Capable": false,"Startup Cost": 195919.78,"Total Cost": 195919.79,"Plan Rows": 1,"Plan Width": 32,"Actual Startup Time": 4982.105,"Actual Total Time": 4982.936,"Actual Rows": 1,"Actual Loops": 1,"Plans": [{"Node Type": "Hash Join","Parent Relationship": "Outer","Parallel Aware": false,"Async Capable": false,"Join Type": "Inner","Startup Cost": 6370.09,"Total Cost": 195914.64,"Plan Rows": 2053,"Plan Width": 8,"Actual Startup Time": 31.865,"Actual Total Time": 4982.442,"Actual Rows": 572,"Actual Loops": 1,"Inner Unique": true,"Hash Cond": "(lineitem.l_partkey = part.p_partkey)","Join Filter": "(lineitem.l_quantity < (SubPlan 1))","Rows Removed by Join Filter": 5524,"Plans": [{"Node Type": "Seq Scan","Parent Relationship": "Outer","Parallel Aware": false,"Async Capable": false,"Relation Name": "lineitem","Alias": "lineitem","Startup Cost": 0.00,"Total Cost": 172515.15,"Plan Rows": 6001215,"Plan Width": 17,"Actual Startup Time": 0.022,"Actual Total Time": 997.571,"Actual Rows": 6001215,"Actual Loops": 1},{"Node Type": "Hash","Parent Relationship": "Inner","Parallel Aware": false,"Async Capable": false,"Startup Cost": 6367.52,"Total Cost": 6367.52,"Plan Rows": 205,"Plan Width": 4,"Actual Startup Time": 30.174,"Actual Total Time": 30.972,"Actual Rows": 197,"Actual Loops": 1,"Hash Buckets": 1024,"Original Hash Buckets": 1024,"Hash Batches": 1,"Original Hash Batches": 1,"Peak Memory Usage": 15,"Plans": [{"Node Type": "Gather","Parent Relationship": "Outer","Parallel Aware": false,"Async Capable": false,"Startup Cost": 1000.00,"Total Cost": 6367.52,"Plan Rows": 205,"Plan Width": 4,"Actual Startup Time": 1.164,"Actual Total Time": 30.904,"Actual Rows": 197,"Actual Loops": 1,"Workers Planned": 2,"Workers Launched": 2,"Single Copy": false,"Plans": [{"Node Type": "Seq Scan","Parent Relationship": "Outer","Parallel Aware": true,"Async Capable": false,"Relation Name": "part","Alias": "part","Startup Cost": 0.00,"Total Cost": 5347.00,"Plan Rows": 86,"Plan Width": 4,"Actual Startup Time": 0.917,"Actual Total Time": 24.457,"Actual Rows": 66,"Actual Loops": 3,"Filter": "((p_brand = 'Brand#15'::bpchar) AND (p_container = 'SM PACK'::bpchar))","Rows Removed by Filter": 66601,"Workers": []}]}]},{"Node Type": "Aggregate","Strategy": "Plain","Partial Mode": "Simple","Parent Relationship": "SubPlan","Subplan Name": "SubPlan 1","Parallel Aware": false,"Async Capable": false,"Startup Cost": 127.60,"Total Cost": 127.61,"Plan Rows": 1,"Plan Width": 32,"Actual Startup Time": 0.135,"Actual Total Time": 0.135,"Actual Rows": 1,"Actual Loops": 6096,"Plans": [{"Node Type": "Bitmap Heap Scan","Parent Relationship": "Outer","Parallel Aware": false,"Async Capable": false,"Relation Name": "lineitem","Alias": "lineitem_1","Startup Cost": 4.67,"Total Cost": 127.52,"Plan Rows": 31,"Plan Width": 5,"Actual Startup Time": 0.014,"Actual Total Time": 0.128,"Actual Rows": 32,"Actual Loops": 6096,"Recheck Cond": "(l_partkey = part.p_partkey)","Rows Removed by Index Recheck": 0,"Exact Heap Blocks": 194359,"Lossy Heap Blocks": 0,"Plans": [{"Node Type": "Bitmap Index Scan","Parent Relationship": "Outer","Parallel Aware": false,"Async Capable": false,"Index Name": "idx_lineitem_part_supp","Startup Cost": 0.00,"Total Cost": 4.67,"Plan Rows": 31,"Plan Width": 0,"Actual Startup Time": 0.008,"Actual Total Time": 0.008,"Actual Rows": 32,"Actual Loops": 6096,"Index Cond": "(l_partkey = part.p_partkey)"}]}]}]}]},"Planning Time": 5.982,"Triggers": [],"Execution Time": 4983.411}]
[{"Plan": {"Node Type": "Aggregate","Strategy": "Plain","Partial Mode": "Simple","Parallel Aware": false,"Async Capable": false,"Startup Cost": 195919.07,"Total Cost": 195919.08,"Plan Rows": 1,"Plan Width": 32,"Actual Startup Time": 4860.628,"Actual Total Time": 4861.378,"Actual Rows": 1,"Actual Loops": 1,"Plans": [{"Node Type": "Hash Join","Parent Relationship": "Outer","Parallel Aware": false,"Async Capable": false,"Join Type": "Inner","Startup Cost": 6369.51,"Total Cost": 195914.06,"Plan Rows": 2001,"Plan Width": 8,"Actual Startup Time": 87.351,"Actual Total Time": 4861.004,"Actual Rows": 531,"Actual Loops": 1,"Inner Unique": true,"Hash Cond": "(lineitem.l_partkey = part.p_partkey)","Join Filter": "(lineitem.l_quantity < (SubPlan 1))","Rows Removed by Join Filter": 5666,"Plans": [{"Node Type": "Seq Scan","Parent Relationship": "Outer","Parallel Aware": false,"Async Capable": false,"Relation Name": "lineitem","Alias": "lineitem","Startup Cost": 0.00,"Total Cost": 172515.15,"Plan Rows": 6001215,"Plan Width": 17,"Actual Startup Time": 0.010,"Actual Total Time": 981.292,"Actual Rows": 6001215,"Actual Loops": 1},{"Node Type": "Hash","Parent Relationship": "Inner","Parallel Aware": false,"Async Capable": false,"Startup Cost": 6367.01,"Total Cost": 6367.01,"Plan Rows": 200,"Plan Width": 4,"Actual Startup Time": 31.897,"Actual Total Time": 32.609,"Actual Rows": 203,"Actual Loops": 1,"Hash Buckets": 1024,"Original Hash Buckets": 1024,"Hash Batches": 1,"Original Hash Batches": 1,"Peak Memory Usage": 16,"Plans": [{"Node Type": "Gather","Parent Relationship": "Outer","Parallel Aware": false,"Async Capable": false,"Startup Cost": 1000.00,"Total Cost": 6367.01,"Plan Rows": 200,"Plan Width": 4,"Actual Startup Time": 1.156,"Actual Total Time": 32.514,"Actual Rows": 203,"Actual Loops": 1,"Workers Planned": 2,"Workers Launched": 2,"Single Copy": false,"Plans": [{"Node Type": "Seq Scan","Parent Relationship": "Outer","Parallel Aware": true,"Async Capable": false,"Relation Name": "part","Alias": "part","Startup Cost": 0.00,"Total Cost": 5347.00,"Plan Rows": 83,"Plan Width": 4,"Actual Startup Time": 1.371,"Actual Total Time": 26.215,"Actual Rows": 68,"Actual Loops": 3,"Filter": "((p_brand = 'Brand#35'::bpchar) AND (p_container = 'JUMBO BAG'::bpchar))","Rows Removed by Filter": 66599,"Workers": []}]}]},{"Node Type": "Aggregate","Strategy": "Plain","Partial Mode": "Simple","Parent Relationship": "SubPlan","Subplan Name": "SubPlan 1","Parallel Aware": false,"Async Capable": false,"Startup Cost": 127.60,"Total Cost": 127.61,"Plan Rows": 1,"Plan Width": 32,"Actual Startup Time": 0.119,"Actual Total Time": 0.119,"Actual Rows": 1,"Actual Loops": 6197,"Plans": [{"Node Type": "Bitmap Heap Scan","Parent Relationship": "Outer","Parallel Aware": false,"Async Capable": false,"Relation Name": "lineitem","Alias": "lineitem_1","Startup Cost": 4.67,"Total Cost": 127.52,"Plan Rows": 31,"Plan Width": 5,"Actual Startup Time": 0.013,"Actual Total Time": 0.112,"Actual Rows": 32,"Actual Loops": 6197,"Recheck Cond": "(l_partkey = part.p_partkey)","Rows Removed by Index Recheck": 0,"Exact Heap Blocks": 195891,"Lossy Heap Blocks": 0,"Plans": [{"Node Type": "Bitmap Index Scan","Parent Relationship": "Outer","Parallel Aware": false,"Async Capable": false,"Index Name": "idx_lineitem_part_supp","Startup Cost": 0.00,"Total Cost": 4.67,"Plan Rows": 31,"Plan Width": 0,"Actual Startup Time": 0.007,"Actual Total Time": 0.007,"Actual Rows": 32,"Actual Loops": 6197,"Index Cond": "(l_partkey = part.p_partkey)"}]}]}]}]},"Planning Time": 4.931,"Triggers": [],"Execution Time": 4861.742}]
[{"Plan": {"Node Type": "Aggregate","Strategy": "Plain","Partial Mode": "Simple","Parallel Aware": false,"Async Capable": false,"Startup Cost": 195920.33,"Total Cost": 195920.34,"Plan Rows": 1,"Plan Width": 32,"Actual Startup Time": 4913.389,"Actual Total Time": 4914.090,"Actual Rows": 1,"Actual Loops": 1,"Plans": [{"Node Type": "Hash Join","Parent Relationship": "Outer","Parallel Aware": false,"Async Capable": false,"Join Type": "Inner","Startup Cost": 6370.54,"Total Cost": 195915.10,"Plan Rows": 2093,"Plan Width": 8,"Actual Startup Time": 40.997,"Actual Total Time": 4913.661,"Actual Rows": 600,"Actual Loops": 1,"Inner Unique": true,"Hash Cond": "(lineitem.l_partkey = part.p_partkey)","Join Filter": "(lineitem.l_quantity < (SubPlan 1))","Rows Removed by Join Filter": 5865,"Plans": [{"Node Type": "Seq Scan","Parent Relationship": "Outer","Parallel Aware": false,"Async Capable": false,"Relation Name": "lineitem","Alias": "lineitem","Startup Cost": 0.00,"Total Cost": 172515.15,"Plan Rows": 6001215,"Plan Width": 17,"Actual Startup Time": 0.022,"Actual Total Time": 977.094,"Actual Rows": 6001215,"Actual Loops": 1},{"Node Type": "Hash","Parent Relationship": "Inner","Parallel Aware": false,"Async Capable": false,"Startup Cost": 6367.93,"Total Cost": 6367.93,"Plan Rows": 209,"Plan Width": 4,"Actual Startup Time": 31.535,"Actual Total Time": 32.213,"Actual Rows": 210,"Actual Loops": 1,"Hash Buckets": 1024,"Original Hash Buckets": 1024,"Hash Batches": 1,"Original Hash Batches": 1,"Peak Memory Usage": 16,"Plans": [{"Node Type": "Gather","Parent Relationship": "Outer","Parallel Aware": false,"Async Capable": false,"Startup Cost": 1000.00,"Total Cost": 6367.93,"Plan Rows": 209,"Plan Width": 4,"Actual Startup Time": 0.824,"Actual Total Time": 32.135,"Actual Rows": 210,"Actual Loops": 1,"Workers Planned": 2,"Workers Launched": 2,"Single Copy": false,"Plans": [{"Node Type": "Seq Scan","Parent Relationship": "Outer","Parallel Aware": true,"Async Capable": false,"Relation Name": "part","Alias": "part","Startup Cost": 0.00,"Total Cost": 5347.00,"Plan Rows": 87,"Plan Width": 4,"Actual Startup Time": 0.246,"Actual Total Time": 25.971,"Actual Rows": 70,"Actual Loops": 3,"Filter": "((p_brand = 'Brand#33'::bpchar) AND (p_container = 'LG PACK'::bpchar))","Rows Removed by Filter": 66597,"Workers": []}]}]},{"Node Type": "Aggregate","Strategy": "Plain","Partial Mode": "Simple","Parent Relationship": "SubPlan","Subplan Name": "SubPlan 1","Parallel Aware": false,"Async Capable": false,"Startup Cost": 127.60,"Total Cost": 127.61,"Plan Rows": 1,"Plan Width": 32,"Actual Startup Time": 0.119,"Actual Total Time": 0.119,"Actual Rows": 1,"Actual Loops": 6465,"Plans": [{"Node Type": "Bitmap Heap Scan","Parent Relationship": "Outer","Parallel Aware": false,"Async Capable": false,"Relation Name": "lineitem","Alias": "lineitem_1","Startup Cost": 4.67,"Total Cost": 127.52,"Plan Rows": 31,"Plan Width": 5,"Actual Startup Time": 0.013,"Actual Total Time": 0.112,"Actual Rows": 32,"Actual Loops": 6465,"Recheck Cond": "(l_partkey = part.p_partkey)","Rows Removed by Index Recheck": 0,"Exact Heap Blocks": 205951,"Lossy Heap Blocks": 0,"Plans": [{"Node Type": "Bitmap Index Scan","Parent Relationship": "Outer","Parallel Aware": false,"Async Capable": false,"Index Name": "idx_lineitem_part_supp","Startup Cost": 0.00,"Total Cost": 4.67,"Plan Rows": 31,"Plan Width": 0,"Actual Startup Time": 0.007,"Actual Total Time": 0.007,"Actual Rows": 32,"Actual Loops": 6465,"Index Cond": "(l_partkey = part.p_partkey)"}]}]}]}]},"Planning Time": 5.368,"Triggers": [],"Execution Time": 4914.461}]
[{"Plan": {"Node Type": "Aggregate","Strategy": "Plain","Partial Mode": "Simple","Parallel Aware": false,"Async Capable": false,"Startup Cost": 195918.61,"Total Cost": 195918.62,"Plan Rows": 1,"Plan Width": 32,"Actual Startup Time": 4873.620,"Actual Total Time": 4874.281,"Actual Rows": 1,"Actual Loops": 1,"Plans": [{"Node Type": "Hash Join","Parent Relationship": "Outer","Parallel Aware": false,"Async Capable": false,"Join Type": "Inner","Startup Cost": 6369.13,"Total Cost": 195913.68,"Plan Rows": 1968,"Plan Width": 8,"Actual Startup Time": 41.995,"Actual Total Time": 4873.816,"Actual Rows": 527,"Actual Loops": 1,"Inner Unique": true,"Hash Cond": "(lineitem.l_partkey = part.p_partkey)","Join Filter": "(lineitem.l_quantity < (SubPlan 1))","Rows Removed by Join Filter": 5678,"Plans": [{"Node Type": "Seq Scan","Parent Relationship": "Outer","Parallel Aware": false,"Async Capable": false,"Relation Name": "lineitem","Alias": "lineitem","Startup Cost": 0.00,"Total Cost": 172515.15,"Plan Rows": 6001215,"Plan Width": 17,"Actual Startup Time": 0.024,"Actual Total Time": 978.813,"Actual Rows": 6001215,"Actual Loops": 1},{"Node Type": "Hash","Parent Relationship": "Inner","Parallel Aware": false,"Async Capable": false,"Startup Cost": 6366.67,"Total Cost": 6366.67,"Plan Rows": 197,"Plan Width": 4,"Actual Startup Time": 31.573,"Actual Total Time": 32.198,"Actual Rows": 210,"Actual Loops": 1,"Hash Buckets": 1024,"Original Hash Buckets": 1024,"Hash Batches": 1,"Original Hash Batches": 1,"Peak Memory Usage": 16,"Plans": [{"Node Type": "Gather","Parent Relationship": "Outer","Parallel Aware": false,"Async Capable": false,"Startup Cost": 1000.00,"Total Cost": 6366.67,"Plan Rows": 197,"Plan Width": 4,"Actual Startup Time": 0.773,"Actual Total Time": 32.124,"Actual Rows": 210,"Actual Loops": 1,"Workers Planned": 2,"Workers Launched": 2,"Single Copy": false,"Plans": [{"Node Type": "Seq Scan","Parent Relationship": "Outer","Parallel Aware": true,"Async Capable": false,"Relation Name": "part","Alias": "part","Startup Cost": 0.00,"Total Cost": 5347.00,"Plan Rows": 82,"Plan Width": 4,"Actual Startup Time": 0.305,"Actual Total Time": 26.011,"Actual Rows": 70,"Actual Loops": 3,"Filter": "((p_brand = 'Brand#24'::bpchar) AND (p_container = 'WRAP DRUM'::bpchar))","Rows Removed by Filter": 66597,"Workers": []}]}]},{"Node Type": "Aggregate","Strategy": "Plain","Partial Mode": "Simple","Parent Relationship": "SubPlan","Subplan Name": "SubPlan 1","Parallel Aware": false,"Async Capable": false,"Startup Cost": 127.60,"Total Cost": 127.61,"Plan Rows": 1,"Plan Width": 32,"Actual Startup Time": 0.117,"Actual Total Time": 0.117,"Actual Rows": 1,"Actual Loops": 6205,"Plans": [{"Node Type": "Bitmap Heap Scan","Parent Relationship": "Outer","Parallel Aware": false,"Async Capable": false,"Relation Name": "lineitem","Alias": "lineitem_1","Startup Cost": 4.67,"Total Cost": 127.52,"Plan Rows": 31,"Plan Width": 5,"Actual Startup Time": 0.013,"Actual Total Time": 0.110,"Actual Rows": 31,"Actual Loops": 6205,"Recheck Cond": "(l_partkey = part.p_partkey)","Rows Removed by Index Recheck": 0,"Exact Heap Blocks": 189970,"Lossy Heap Blocks": 0,"Plans": [{"Node Type": "Bitmap Index Scan","Parent Relationship": "Outer","Parallel Aware": false,"Async Capable": false,"Index Name": "idx_lineitem_part_supp","Startup Cost": 0.00,"Total Cost": 4.67,"Plan Rows": 31,"Plan Width": 0,"Actual Startup Time": 0.007,"Actual Total Time": 0.007,"Actual Rows": 31,"Actual Loops": 6205,"Index Cond": "(l_partkey = part.p_partkey)"}]}]}]}]},"Planning Time": 5.818,"Triggers": [],"Execution Time": 4874.743}]
[{"Plan": {"Node Type": "Aggregate","Strategy": "Plain","Partial Mode": "Simple","Parallel Aware": false,"Async Capable": false,"Startup Cost": 195917.63,"Total Cost": 195917.64,"Plan Rows": 1,"Plan Width": 32,"Actual Startup Time": 4827.182,"Actual Total Time": 4827.715,"Actual Rows": 1,"Actual Loops": 1,"Plans": [{"Node Type": "Hash Join","Parent Relationship": "Outer","Parallel Aware": false,"Async Capable": false,"Join Type": "Inner","Startup Cost": 6368.33,"Total Cost": 195912.89,"Plan Rows": 1897,"Plan Width": 8,"Actual Startup Time": 31.288,"Actual Total Time": 4827.499,"Actual Rows": 533,"Actual Loops": 1,"Inner Unique": true,"Hash Cond": "(lineitem.l_partkey = part.p_partkey)","Join Filter": "(lineitem.l_quantity < (SubPlan 1))","Rows Removed by Join Filter": 5142,"Plans": [{"Node Type": "Seq Scan","Parent Relationship": "Outer","Parallel Aware": false,"Async Capable": false,"Relation Name": "lineitem","Alias": "lineitem","Startup Cost": 0.00,"Total Cost": 172515.15,"Plan Rows": 6001215,"Plan Width": 17,"Actual Startup Time": 0.015,"Actual Total Time": 1023.802,"Actual Rows": 6001215,"Actual Loops": 1},{"Node Type": "Hash","Parent Relationship": "Inner","Parallel Aware": false,"Async Capable": false,"Startup Cost": 6365.96,"Total Cost": 6365.96,"Plan Rows": 190,"Plan Width": 4,"Actual Startup Time": 30.077,"Actual Total Time": 30.596,"Actual Rows": 187,"Actual Loops": 1,"Hash Buckets": 1024,"Original Hash Buckets": 1024,"Hash Batches": 1,"Original Hash Batches": 1,"Peak Memory Usage": 15,"Plans": [{"Node Type": "Gather","Parent Relationship": "Outer","Parallel Aware": false,"Async Capable": false,"Startup Cost": 1000.00,"Total Cost": 6365.96,"Plan Rows": 190,"Plan Width": 4,"Actual Startup Time": 1.005,"Actual Total Time": 30.532,"Actual Rows": 187,"Actual Loops": 1,"Workers Planned": 2,"Workers Launched": 2,"Single Copy": false,"Plans": [{"Node Type": "Seq Scan","Parent Relationship": "Outer","Parallel Aware": true,"Async Capable": false,"Relation Name": "part","Alias": "part","Startup Cost": 0.00,"Total Cost": 5347.00,"Plan Rows": 79,"Plan Width": 4,"Actual Startup Time": 0.391,"Actual Total Time": 24.648,"Actual Rows": 62,"Actual Loops": 3,"Filter": "((p_brand = 'Brand#54'::bpchar) AND (p_container = 'JUMBO PACK'::bpchar))","Rows Removed by Filter": 66604,"Workers": []}]}]},{"Node Type": "Aggregate","Strategy": "Plain","Partial Mode": "Simple","Parent Relationship": "SubPlan","Subplan Name": "SubPlan 1","Parallel Aware": false,"Async Capable": false,"Startup Cost": 127.60,"Total Cost": 127.61,"Plan Rows": 1,"Plan Width": 32,"Actual Startup Time": 0.131,"Actual Total Time": 0.131,"Actual Rows": 1,"Actual Loops": 5675,"Plans": [{"Node Type": "Bitmap Heap Scan","Parent Relationship": "Outer","Parallel Aware": false,"Async Capable": false,"Relation Name": "lineitem","Alias": "lineitem_1","Startup Cost": 4.67,"Total Cost": 127.52,"Plan Rows": 31,"Plan Width": 5,"Actual Startup Time": 0.014,"Actual Total Time": 0.124,"Actual Rows": 31,"Actual Loops": 5675,"Recheck Cond": "(l_partkey = part.p_partkey)","Rows Removed by Index Recheck": 0,"Exact Heap Blocks": 177456,"Lossy Heap Blocks": 0,"Plans": [{"Node Type": "Bitmap Index Scan","Parent Relationship": "Outer","Parallel Aware": false,"Async Capable": false,"Index Name": "idx_lineitem_part_supp","Startup Cost": 0.00,"Total Cost": 4.67,"Plan Rows": 31,"Plan Width": 0,"Actual Startup Time": 0.008,"Actual Total Time": 0.008,"Actual Rows": 31,"Actual Loops": 5675,"Index Cond": "(l_partkey = part.p_partkey)"}]}]}]}]},"Planning Time": 5.918,"Triggers": [],"Execution Time": 4827.974}]
[{"Plan": {"Node Type": "Aggregate","Strategy": "Plain","Partial Mode": "Simple","Parallel Aware": false,"Async Capable": false,"Startup Cost": 195918.95,"Total Cost": 195918.97,"Plan Rows": 1,"Plan Width": 32,"Actual Startup Time": 4909.134,"Actual Total Time": 4909.647,"Actual Rows": 1,"Actual Loops": 1,"Plans": [{"Node Type": "Hash Join","Parent Relationship": "Outer","Parallel Aware": false,"Async Capable": false,"Join Type": "Inner","Startup Cost": 6369.42,"Total Cost": 195913.97,"Plan Rows": 1993,"Plan Width": 8,"Actual Startup Time": 35.098,"Actual Total Time": 4909.446,"Actual Rows": 592,"Actual Loops": 1,"Inner Unique": true,"Hash Cond": "(lineitem.l_partkey = part.p_partkey)","Join Filter": "(lineitem.l_quantity < (SubPlan 1))","Rows Removed by Join Filter": 5861,"Plans": [{"Node Type": "Seq Scan","Parent Relationship": "Outer","Parallel Aware": false,"Async Capable": false,"Relation Name": "lineitem","Alias": "lineitem","Startup Cost": 0.00,"Total Cost": 172515.15,"Plan Rows": 6001215,"Plan Width": 17,"Actual Startup Time": 0.015,"Actual Total Time": 937.035,"Actual Rows": 6001215,"Actual Loops": 1},{"Node Type": "Hash","Parent Relationship": "Inner","Parallel Aware": false,"Async Capable": false,"Startup Cost": 6366.92,"Total Cost": 6366.92,"Plan Rows": 199,"Plan Width": 4,"Actual Startup Time": 29.906,"Actual Total Time": 30.403,"Actual Rows": 216,"Actual Loops": 1,"Hash Buckets": 1024,"Original Hash Buckets": 1024,"Hash Batches": 1,"Original Hash Batches": 1,"Peak Memory Usage": 16,"Plans": [{"Node Type": "Gather","Parent Relationship": "Outer","Parallel Aware": false,"Async Capable": false,"Startup Cost": 1000.00,"Total Cost": 6366.92,"Plan Rows": 199,"Plan Width": 4,"Actual Startup Time": 1.646,"Actual Total Time": 30.336,"Actual Rows": 216,"Actual Loops": 1,"Workers Planned": 2,"Workers Launched": 2,"Single Copy": false,"Plans": [{"Node Type": "Seq Scan","Parent Relationship": "Outer","Parallel Aware": true,"Async Capable": false,"Relation Name": "part","Alias": "part","Startup Cost": 0.00,"Total Cost": 5347.00,"Plan Rows": 83,"Plan Width": 4,"Actual Startup Time": 0.786,"Actual Total Time": 24.030,"Actual Rows": 72,"Actual Loops": 3,"Filter": "((p_brand = 'Brand#51'::bpchar) AND (p_container = 'LG CASE'::bpchar))","Rows Removed by Filter": 66595,"Workers": []}]}]},{"Node Type": "Aggregate","Strategy": "Plain","Partial Mode": "Simple","Parent Relationship": "SubPlan","Subplan Name": "SubPlan 1","Parallel Aware": false,"Async Capable": false,"Startup Cost": 127.60,"Total Cost": 127.61,"Plan Rows": 1,"Plan Width": 32,"Actual Startup Time": 0.113,"Actual Total Time": 0.113,"Actual Rows": 1,"Actual Loops": 6453,"Plans": [{"Node Type": "Bitmap Heap Scan","Parent Relationship": "Outer","Parallel Aware": false,"Async Capable": false,"Relation Name": "lineitem","Alias": "lineitem_1","Startup Cost": 4.67,"Total Cost": 127.52,"Plan Rows": 31,"Plan Width": 5,"Actual Startup Time": 0.013,"Actual Total Time": 0.106,"Actual Rows": 31,"Actual Loops": 6453,"Recheck Cond": "(l_partkey = part.p_partkey)","Rows Removed by Index Recheck": 0,"Exact Heap Blocks": 200199,"Lossy Heap Blocks": 0,"Plans": [{"Node Type": "Bitmap Index Scan","Parent Relationship": "Outer","Parallel Aware": false,"Async Capable": false,"Index Name": "idx_lineitem_part_supp","Startup Cost": 0.00,"Total Cost": 4.67,"Plan Rows": 31,"Plan Width": 0,"Actual Startup Time": 0.007,"Actual Total Time": 0.007,"Actual Rows": 31,"Actual Loops": 6453,"Index Cond": "(l_partkey = part.p_partkey)"}]}]}]}]},"Planning Time": 4.481,"Triggers": [],"Execution Time": 4909.925}]
[{"Plan": {"Node Type": "Aggregate","Strategy": "Plain","Partial Mode": "Simple","Parallel Aware": false,"Async Capable": false,"Startup Cost": 195919.36,"Total Cost": 195919.37,"Plan Rows": 1,"Plan Width": 32,"Actual Startup Time": 4798.384,"Actual Total Time": 4798.895,"Actual Rows": 1,"Actual Loops": 1,"Plans": [{"Node Type": "Hash Join","Parent Relationship": "Outer","Parallel Aware": false,"Async Capable": false,"Join Type": "Inner","Startup Cost": 6369.75,"Total Cost": 195914.30,"Plan Rows": 2022,"Plan Width": 8,"Actual Startup Time": 66.066,"Actual Total Time": 4798.686,"Actual Rows": 508,"Actual Loops": 1,"Inner Unique": true,"Hash Cond": "(lineitem.l_partkey = part.p_partkey)","Join Filter": "(lineitem.l_quantity < (SubPlan 1))","Rows Removed by Join Filter": 5244,"Plans": [{"Node Type": "Seq Scan","Parent Relationship": "Outer","Parallel Aware": false,"Async Capable": false,"Relation Name": "lineitem","Alias": "lineitem","Startup Cost": 0.00,"Total Cost": 172515.15,"Plan Rows": 6001215,"Plan Width": 17,"Actual Startup Time": 0.013,"Actual Total Time": 1013.445,"Actual Rows": 6001215,"Actual Loops": 1},{"Node Type": "Hash","Parent Relationship": "Inner","Parallel Aware": false,"Async Capable": false,"Startup Cost": 6367.22,"Total Cost": 6367.22,"Plan Rows": 202,"Plan Width": 4,"Actual Startup Time": 31.230,"Actual Total Time": 31.725,"Actual Rows": 196,"Actual Loops": 1,"Hash Buckets": 1024,"Original Hash Buckets": 1024,"Hash Batches": 1,"Original Hash Batches": 1,"Peak Memory Usage": 15,"Plans": [{"Node Type": "Gather","Parent Relationship": "Outer","Parallel Aware": false,"Async Capable": false,"Startup Cost": 1000.00,"Total Cost": 6367.22,"Plan Rows": 202,"Plan Width": 4,"Actual Startup Time": 1.457,"Actual Total Time": 31.639,"Actual Rows": 196,"Actual Loops": 1,"Workers Planned": 2,"Workers Launched": 2,"Single Copy": false,"Plans": [{"Node Type": "Seq Scan","Parent Relationship": "Outer","Parallel Aware": true,"Async Capable": false,"Relation Name": "part","Alias": "part","Startup Cost": 0.00,"Total Cost": 5347.00,"Plan Rows": 84,"Plan Width": 4,"Actual Startup Time": 0.941,"Actual Total Time": 24.938,"Actual Rows": 65,"Actual Loops": 3,"Filter": "((p_brand = 'Brand#35'::bpchar) AND (p_container = 'WRAP JAR'::bpchar))","Rows Removed by Filter": 66601,"Workers": []}]}]},{"Node Type": "Aggregate","Strategy": "Plain","Partial Mode": "Simple","Parent Relationship": "SubPlan","Subplan Name": "SubPlan 1","Parallel Aware": false,"Async Capable": false,"Startup Cost": 127.60,"Total Cost": 127.61,"Plan Rows": 1,"Plan Width": 32,"Actual Startup Time": 0.129,"Actual Total Time": 0.129,"Actual Rows": 1,"Actual Loops": 5752,"Plans": [{"Node Type": "Bitmap Heap Scan","Parent Relationship": "Outer","Parallel Aware": false,"Async Capable": false,"Relation Name": "lineitem","Alias": "lineitem_1","Startup Cost": 4.67,"Total Cost": 127.52,"Plan Rows": 31,"Plan Width": 5,"Actual Startup Time": 0.014,"Actual Total Time": 0.122,"Actual Rows": 30,"Actual Loops": 5752,"Recheck Cond": "(l_partkey = part.p_partkey)","Rows Removed by Index Recheck": 0,"Exact Heap Blocks": 174127,"Lossy Heap Blocks": 0,"Plans": [{"Node Type": "Bitmap Index Scan","Parent Relationship": "Outer","Parallel Aware": false,"Async Capable": false,"Index Name": "idx_lineitem_part_supp","Startup Cost": 0.00,"Total Cost": 4.67,"Plan Rows": 31,"Plan Width": 0,"Actual Startup Time": 0.008,"Actual Total Time": 0.008,"Actual Rows": 30,"Actual Loops": 5752,"Index Cond": "(l_partkey = part.p_partkey)"}]}]}]}]},"Planning Time": 4.614,"Triggers": [],"Execution Time": 4799.125}]
[{"Plan": {"Node Type": "Aggregate","Strategy": "Plain","Partial Mode": "Simple","Parallel Aware": false,"Async Capable": false,"Startup Cost": 195920.94,"Total Cost": 195920.95,"Plan Rows": 1,"Plan Width": 32,"Actual Startup Time": 4935.257,"Actual Total Time": 4935.640,"Actual Rows": 1,"Actual Loops": 1,"Plans": [{"Node Type": "Hash Join","Parent Relationship": "Outer","Parallel Aware": false,"Async Capable": false,"Join Type": "Inner","Startup Cost": 6371.04,"Total Cost": 195915.59,"Plan Rows": 2137,"Plan Width": 8,"Actual Startup Time": 39.679,"Actual Total Time": 4935.422,"Actual Rows": 538,"Actual Loops": 1,"Inner Unique": true,"Hash Cond": "(lineitem.l_partkey = part.p_partkey)","Join Filter": "(lineitem.l_quantity < (SubPlan 1))","Rows Removed by Join Filter": 5688,"Plans": [{"Node Type": "Seq Scan","Parent Relationship": "Outer","Parallel Aware": false,"Async Capable": false,"Relation Name": "lineitem","Alias": "lineitem","Startup Cost": 0.00,"Total Cost": 172515.15,"Plan Rows": 6001215,"Plan Width": 17,"Actual Startup Time": 0.012,"Actual Total Time": 939.892,"Actual Rows": 6001215,"Actual Loops": 1},{"Node Type": "Hash","Parent Relationship": "Inner","Parallel Aware": false,"Async Capable": false,"Startup Cost": 6368.37,"Total Cost": 6368.37,"Plan Rows": 214,"Plan Width": 4,"Actual Startup Time": 33.646,"Actual Total Time": 34.017,"Actual Rows": 208,"Actual Loops": 1,"Hash Buckets": 1024,"Original Hash Buckets": 1024,"Hash Batches": 1,"Original Hash Batches": 1,"Peak Memory Usage": 16,"Plans": [{"Node Type": "Gather","Parent Relationship": "Outer","Parallel Aware": false,"Async Capable": false,"Startup Cost": 1000.00,"Total Cost": 6368.37,"Plan Rows": 214,"Plan Width": 4,"Actual Startup Time": 0.665,"Actual Total Time": 33.942,"Actual Rows": 208,"Actual Loops": 1,"Workers Planned": 2,"Workers Launched": 2,"Single Copy": false,"Plans": [{"Node Type": "Seq Scan","Parent Relationship": "Outer","Parallel Aware": true,"Async Capable": false,"Relation Name": "part","Alias": "part","Startup Cost": 0.00,"Total Cost": 5347.00,"Plan Rows": 89,"Plan Width": 4,"Actual Startup Time": 0.316,"Actual Total Time": 28.139,"Actual Rows": 69,"Actual Loops": 3,"Filter": "((p_brand = 'Brand#11'::bpchar) AND (p_container = 'LG JAR'::bpchar))","Rows Removed by Filter": 66597,"Workers": []}]}]},{"Node Type": "Aggregate","Strategy": "Plain","Partial Mode": "Simple","Parent Relationship": "SubPlan","Subplan Name": "SubPlan 1","Parallel Aware": false,"Async Capable": false,"Startup Cost": 127.60,"Total Cost": 127.61,"Plan Rows": 1,"Plan Width": 32,"Actual Startup Time": 0.114,"Actual Total Time": 0.114,"Actual Rows": 1,"Actual Loops": 6226,"Plans": [{"Node Type": "Bitmap Heap Scan","Parent Relationship": "Outer","Parallel Aware": false,"Async Capable": false,"Relation Name": "lineitem","Alias": "lineitem_1","Startup Cost": 4.67,"Total Cost": 127.52,"Plan Rows": 31,"Plan Width": 5,"Actual Startup Time": 0.013,"Actual Total Time": 0.107,"Actual Rows": 31,"Actual Loops": 6226,"Recheck Cond": "(l_partkey = part.p_partkey)","Rows Removed by Index Recheck": 0,"Exact Heap Blocks": 191922,"Lossy Heap Blocks": 0,"Plans": [{"Node Type": "Bitmap Index Scan","Parent Relationship": "Outer","Parallel Aware": false,"Async Capable": false,"Index Name": "idx_lineitem_part_supp","Startup Cost": 0.00,"Total Cost": 4.67,"Plan Rows": 31,"Plan Width": 0,"Actual Startup Time": 0.007,"Actual Total Time": 0.007,"Actual Rows": 31,"Actual Loops": 6226,"Index Cond": "(l_partkey = part.p_partkey)"}]}]}]}]},"Planning Time": 5.825,"Triggers": [],"Execution Time": 4935.879}]
[{"Plan": {"Node Type": "Aggregate","Strategy": "Plain","Partial Mode": "Simple","Parallel Aware": false,"Async Capable": false,"Startup Cost": 195919.13,"Total Cost": 195919.15,"Plan Rows": 1,"Plan Width": 32,"Actual Startup Time": 4872.627,"Actual Total Time": 4873.161,"Actual Rows": 1,"Actual Loops": 1,"Plans": [{"Node Type": "Hash Join","Parent Relationship": "Outer","Parallel Aware": false,"Async Capable": false,"Join Type": "Inner","Startup Cost": 6369.56,"Total Cost": 195914.12,"Plan Rows": 2006,"Plan Width": 8,"Actual Startup Time": 49.203,"Actual Total Time": 4872.944,"Actual Rows": 564,"Actual Loops": 1,"Inner Unique": true,"Hash Cond": "(lineitem.l_partkey = part.p_partkey)","Join Filter": "(lineitem.l_quantity < (SubPlan 1))","Rows Removed by Join Filter": 5433,"Plans": [{"Node Type": "Seq Scan","Parent Relationship": "Outer","Parallel Aware": false,"Async Capable": false,"Relation Name": "lineitem","Alias": "lineitem","Startup Cost": 0.00,"Total Cost": 172515.15,"Plan Rows": 6001215,"Plan Width": 17,"Actual Startup Time": 0.010,"Actual Total Time": 1009.982,"Actual Rows": 6001215,"Actual Loops": 1},{"Node Type": "Hash","Parent Relationship": "Inner","Parallel Aware": false,"Async Capable": false,"Startup Cost": 6367.06,"Total Cost": 6367.06,"Plan Rows": 201,"Plan Width": 4,"Actual Startup Time": 31.694,"Actual Total Time": 32.209,"Actual Rows": 203,"Actual Loops": 1,"Hash Buckets": 1024,"Original Hash Buckets": 1024,"Hash Batches": 1,"Original Hash Batches": 1,"Peak Memory Usage": 16,"Plans": [{"Node Type": "Gather","Parent Relationship": "Outer","Parallel Aware": false,"Async Capable": false,"Startup Cost": 1000.00,"Total Cost": 6367.06,"Plan Rows": 201,"Plan Width": 4,"Actual Startup Time": 0.873,"Actual Total Time": 32.140,"Actual Rows": 203,"Actual Loops": 1,"Workers Planned": 2,"Workers Launched": 2,"Single Copy": false,"Plans": [{"Node Type": "Seq Scan","Parent Relationship": "Outer","Parallel Aware": true,"Async Capable": false,"Relation Name": "part","Alias": "part","Startup Cost": 0.00,"Total Cost": 5347.00,"Plan Rows": 84,"Plan Width": 4,"Actual Startup Time": 1.765,"Actual Total Time": 25.651,"Actual Rows": 68,"Actual Loops": 3,"Filter": "((p_brand = 'Brand#51'::bpchar) AND (p_container = 'SM JAR'::bpchar))","Rows Removed by Filter": 66599,"Workers": []}]}]},{"Node Type": "Aggregate","Strategy": "Plain","Partial Mode": "Simple","Parent Relationship": "SubPlan","Subplan Name": "SubPlan 1","Parallel Aware": false,"Async Capable": false,"Startup Cost": 127.60,"Total Cost": 127.61,"Plan Rows": 1,"Plan Width": 32,"Actual Startup Time": 0.130,"Actual Total Time": 0.130,"Actual Rows": 1,"Actual Loops": 5997,"Plans": [{"Node Type": "Bitmap Heap Scan","Parent Relationship": "Outer","Parallel Aware": false,"Async Capable": false,"Relation Name": "lineitem","Alias": "lineitem_1","Startup Cost": 4.67,"Total Cost": 127.52,"Plan Rows": 31,"Plan Width": 5,"Actual Startup Time": 0.014,"Actual Total Time": 0.123,"Actual Rows": 30,"Actual Loops": 5997,"Recheck Cond": "(l_partkey = part.p_partkey)","Rows Removed by Index Recheck": 0,"Exact Heap Blocks": 182809,"Lossy Heap Blocks": 0,"Plans": [{"Node Type": "Bitmap Index Scan","Parent Relationship": "Outer","Parallel Aware": false,"Async Capable": false,"Index Name": "idx_lineitem_part_supp","Startup Cost": 0.00,"Total Cost": 4.67,"Plan Rows": 31,"Plan Width": 0,"Actual Startup Time": 0.008,"Actual Total Time": 0.008,"Actual Rows": 30,"Actual Loops": 5997,"Index Cond": "(l_partkey = part.p_partkey)"}]}]}]}]},"Planning Time": 4.761,"Triggers": [],"Execution Time": 4873.425}]
[{"Plan": {"Node Type": "Aggregate","Strategy": "Plain","Partial Mode": "Simple","Parallel Aware": false,"Async Capable": false,"Startup Cost": 195918.49,"Total Cost": 195918.50,"Plan Rows": 1,"Plan Width": 32,"Actual Startup Time": 4976.480,"Actual Total Time": 4976.888,"Actual Rows": 1,"Actual Loops": 1,"Plans": [{"Node Type": "Hash Join","Parent Relationship": "Outer","Parallel Aware": false,"Async Capable": false,"Join Type": "Inner","Startup Cost": 6369.03,"Total Cost": 195913.59,"Plan Rows": 1959,"Plan Width": 8,"Actual Startup Time": 33.170,"Actual Total Time": 4976.694,"Actual Rows": 620,"Actual Loops": 1,"Inner Unique": true,"Hash Cond": "(lineitem.l_partkey = part.p_partkey)","Join Filter": "(lineitem.l_quantity < (SubPlan 1))","Rows Removed by Join Filter": 5845,"Plans": [{"Node Type": "Seq Scan","Parent Relationship": "Outer","Parallel Aware": false,"Async Capable": false,"Relation Name": "lineitem","Alias": "lineitem","Startup Cost": 0.00,"Total Cost": 172515.15,"Plan Rows": 6001215,"Plan Width": 17,"Actual Startup Time": 0.021,"Actual Total Time": 940.428,"Actual Rows": 6001215,"Actual Loops": 1},{"Node Type": "Hash","Parent Relationship": "Inner","Parallel Aware": false,"Async Capable": false,"Startup Cost": 6366.59,"Total Cost": 6366.59,"Plan Rows": 196,"Plan Width": 4,"Actual Startup Time": 32.218,"Actual Total Time": 32.606,"Actual Rows": 214,"Actual Loops": 1,"Hash Buckets": 1024,"Original Hash Buckets": 1024,"Hash Batches": 1,"Original Hash Batches": 1,"Peak Memory Usage": 16,"Plans": [{"Node Type": "Gather","Parent Relationship": "Outer","Parallel Aware": false,"Async Capable": false,"Startup Cost": 1000.00,"Total Cost": 6366.59,"Plan Rows": 196,"Plan Width": 4,"Actual Startup Time": 2.211,"Actual Total Time": 32.528,"Actual Rows": 214,"Actual Loops": 1,"Workers Planned": 2,"Workers Launched": 2,"Single Copy": false,"Plans": [{"Node Type": "Seq Scan","Parent Relationship": "Outer","Parallel Aware": true,"Async Capable": false,"Relation Name": "part","Alias": "part","Startup Cost": 0.00,"Total Cost": 5347.00,"Plan Rows": 82,"Plan Width": 4,"Actual Startup Time": 0.878,"Actual Total Time": 26.287,"Actual Rows": 71,"Actual Loops": 3,"Filter": "((p_brand = 'Brand#55'::bpchar) AND (p_container = 'JUMBO BOX'::bpchar))","Rows Removed by Filter": 66595,"Workers": []}]}]},{"Node Type": "Aggregate","Strategy": "Plain","Partial Mode": "Simple","Parent Relationship": "SubPlan","Subplan Name": "SubPlan 1","Parallel Aware": false,"Async Capable": false,"Startup Cost": 127.60,"Total Cost": 127.61,"Plan Rows": 1,"Plan Width": 32,"Actual Startup Time": 0.115,"Actual Total Time": 0.115,"Actual Rows": 1,"Actual Loops": 6465,"Plans": [{"Node Type": "Bitmap Heap Scan","Parent Relationship": "Outer","Parallel Aware": false,"Async Capable": false,"Relation Name": "lineitem","Alias": "lineitem_1","Startup Cost": 4.67,"Total Cost": 127.52,"Plan Rows": 31,"Plan Width": 5,"Actual Startup Time": 0.013,"Actual Total Time": 0.108,"Actual Rows": 31,"Actual Loops": 6465,"Recheck Cond": "(l_partkey = part.p_partkey)","Rows Removed by Index Recheck": 0,"Exact Heap Blocks": 203189,"Lossy Heap Blocks": 0,"Plans": [{"Node Type": "Bitmap Index Scan","Parent Relationship": "Outer","Parallel Aware": false,"Async Capable": false,"Index Name": "idx_lineitem_part_supp","Startup Cost": 0.00,"Total Cost": 4.67,"Plan Rows": 31,"Plan Width": 0,"Actual Startup Time": 0.007,"Actual Total Time": 0.007,"Actual Rows": 31,"Actual Loops": 6465,"Index Cond": "(l_partkey = part.p_partkey)"}]}]}]}]},"Planning Time": 4.984,"Triggers": [],"Execution Time": 4977.183}]
[{"Plan": {"Node Type": "Aggregate","Strategy": "Plain","Partial Mode": "Simple","Parallel Aware": false,"Async Capable": false,"Startup Cost": 195918.90,"Total Cost": 195918.91,"Plan Rows": 1,"Plan Width": 32,"Actual Startup Time": 4814.747,"Actual Total Time": 4815.515,"Actual Rows": 1,"Actual Loops": 1,"Plans": [{"Node Type": "Hash Join","Parent Relationship": "Outer","Parallel Aware": false,"Async Capable": false,"Join Type": "Inner","Startup Cost": 6369.37,"Total Cost": 195913.93,"Plan Rows": 1989,"Plan Width": 8,"Actual Startup Time": 94.291,"Actual Total Time": 4815.100,"Actual Rows": 478,"Actual Loops": 1,"Inner Unique": true,"Hash Cond": "(lineitem.l_partkey = part.p_partkey)","Join Filter": "(lineitem.l_quantity < (SubPlan 1))","Rows Removed by Join Filter": 4861,"Plans": [{"Node Type": "Seq Scan","Parent Relationship": "Outer","Parallel Aware": false,"Async Capable": false,"Relation Name": "lineitem","Alias": "lineitem","Startup Cost": 0.00,"Total Cost": 172515.15,"Plan Rows": 6001215,"Plan Width": 17,"Actual Startup Time": 0.013,"Actual Total Time": 1007.554,"Actual Rows": 6001215,"Actual Loops": 1},{"Node Type": "Hash","Parent Relationship": "Inner","Parallel Aware": false,"Async Capable": false,"Startup Cost": 6366.89,"Total Cost": 6366.89,"Plan Rows": 199,"Plan Width": 4,"Actual Startup Time": 28.833,"Actual Total Time": 29.563,"Actual Rows": 178,"Actual Loops": 1,"Hash Buckets": 1024,"Original Hash Buckets": 1024,"Hash Batches": 1,"Original Hash Batches": 1,"Peak Memory Usage": 15,"Plans": [{"Node Type": "Gather","Parent Relationship": "Outer","Parallel Aware": false,"Async Capable": false,"Startup Cost": 1000.00,"Total Cost": 6366.89,"Plan Rows": 199,"Plan Width": 4,"Actual Startup Time": 2.088,"Actual Total Time": 29.495,"Actual Rows": 178,"Actual Loops": 1,"Workers Planned": 2,"Workers Launched": 2,"Single Copy": false,"Plans": [{"Node Type": "Seq Scan","Parent Relationship": "Outer","Parallel Aware": true,"Async Capable": false,"Relation Name": "part","Alias": "part","Startup Cost": 0.00,"Total Cost": 5347.00,"Plan Rows": 83,"Plan Width": 4,"Actual Startup Time": 2.006,"Actual Total Time": 23.567,"Actual Rows": 59,"Actual Loops": 3,"Filter": "((p_brand = 'Brand#24'::bpchar) AND (p_container = 'WRAP BOX'::bpchar))","Rows Removed by Filter": 66607,"Workers": []}]}]},{"Node Type": "Aggregate","Strategy": "Plain","Partial Mode": "Simple","Parent Relationship": "SubPlan","Subplan Name": "SubPlan 1","Parallel Aware": false,"Async Capable": false,"Startup Cost": 127.60,"Total Cost": 127.61,"Plan Rows": 1,"Plan Width": 32,"Actual Startup Time": 0.134,"Actual Total Time": 0.134,"Actual Rows": 1,"Actual Loops": 5339,"Plans": [{"Node Type": "Bitmap Heap Scan","Parent Relationship": "Outer","Parallel Aware": false,"Async Capable": false,"Relation Name": "lineitem","Alias": "lineitem_1","Startup Cost": 4.67,"Total Cost": 127.52,"Plan Rows": 31,"Plan Width": 5,"Actual Startup Time": 0.014,"Actual Total Time": 0.127,"Actual Rows": 31,"Actual Loops": 5339,"Recheck Cond": "(l_partkey = part.p_partkey)","Rows Removed by Index Recheck": 0,"Exact Heap Blocks": 164826,"Lossy Heap Blocks": 0,"Plans": [{"Node Type": "Bitmap Index Scan","Parent Relationship": "Outer","Parallel Aware": false,"Async Capable": false,"Index Name": "idx_lineitem_part_supp","Startup Cost": 0.00,"Total Cost": 4.67,"Plan Rows": 31,"Plan Width": 0,"Actual Startup Time": 0.008,"Actual Total Time": 0.008,"Actual Rows": 31,"Actual Loops": 5339,"Index Cond": "(l_partkey = part.p_partkey)"}]}]}]}]},"Planning Time": 4.623,"Triggers": [],"Execution Time": 4815.917}]
[{"Plan": {"Node Type": "Aggregate","Strategy": "Plain","Partial Mode": "Simple","Parallel Aware": false,"Async Capable": false,"Startup Cost": 195918.93,"Total Cost": 195918.94,"Plan Rows": 1,"Plan Width": 32,"Actual Startup Time": 4844.550,"Actual Total Time": 4845.307,"Actual Rows": 1,"Actual Loops": 1,"Plans": [{"Node Type": "Hash Join","Parent Relationship": "Outer","Parallel Aware": false,"Async Capable": false,"Join Type": "Inner","Startup Cost": 6369.40,"Total Cost": 195913.95,"Plan Rows": 1991,"Plan Width": 8,"Actual Startup Time": 33.578,"Actual Total Time": 4845.048,"Actual Rows": 533,"Actual Loops": 1,"Inner Unique": true,"Hash Cond": "(lineitem.l_partkey = part.p_partkey)","Join Filter": "(lineitem.l_quantity < (SubPlan 1))","Rows Removed by Join Filter": 5488,"Plans": [{"Node Type": "Seq Scan","Parent Relationship": "Outer","Parallel Aware": false,"Async Capable": false,"Relation Name": "lineitem","Alias": "lineitem","Startup Cost": 0.00,"Total Cost": 172515.15,"Plan Rows": 6001215,"Plan Width": 17,"Actual Startup Time": 0.013,"Actual Total Time": 1029.173,"Actual Rows": 6001215,"Actual Loops": 1},{"Node Type": "Hash","Parent Relationship": "Inner","Parallel Aware": false,"Async Capable": false,"Startup Cost": 6366.91,"Total Cost": 6366.91,"Plan Rows": 199,"Plan Width": 4,"Actual Startup Time": 28.918,"Actual Total Time": 29.659,"Actual Rows": 199,"Actual Loops": 1,"Hash Buckets": 1024,"Original Hash Buckets": 1024,"Hash Batches": 1,"Original Hash Batches": 1,"Peak Memory Usage": 15,"Plans": [{"Node Type": "Gather","Parent Relationship": "Outer","Parallel Aware": false,"Async Capable": false,"Startup Cost": 1000.00,"Total Cost": 6366.91,"Plan Rows": 199,"Plan Width": 4,"Actual Startup Time": 1.428,"Actual Total Time": 29.607,"Actual Rows": 199,"Actual Loops": 1,"Workers Planned": 2,"Workers Launched": 2,"Single Copy": false,"Plans": [{"Node Type": "Seq Scan","Parent Relationship": "Outer","Parallel Aware": true,"Async Capable": false,"Relation Name": "part","Alias": "part","Startup Cost": 0.00,"Total Cost": 5347.00,"Plan Rows": 83,"Plan Width": 4,"Actual Startup Time": 0.911,"Actual Total Time": 23.566,"Actual Rows": 66,"Actual Loops": 3,"Filter": "((p_brand = 'Brand#11'::bpchar) AND (p_container = 'SM PACK'::bpchar))","Rows Removed by Filter": 66600,"Workers": []}]}]},{"Node Type": "Aggregate","Strategy": "Plain","Partial Mode": "Simple","Parent Relationship": "SubPlan","Subplan Name": "SubPlan 1","Parallel Aware": false,"Async Capable": false,"Startup Cost": 127.60,"Total Cost": 127.61,"Plan Rows": 1,"Plan Width": 32,"Actual Startup Time": 0.126,"Actual Total Time": 0.126,"Actual Rows": 1,"Actual Loops": 6021,"Plans": [{"Node Type": "Bitmap Heap Scan","Parent Relationship": "Outer","Parallel Aware": false,"Async Capable": false,"Relation Name": "lineitem","Alias": "lineitem_1","Startup Cost": 4.67,"Total Cost": 127.52,"Plan Rows": 31,"Plan Width": 5,"Actual Startup Time": 0.014,"Actual Total Time": 0.119,"Actual Rows": 31,"Actual Loops": 6021,"Recheck Cond": "(l_partkey = part.p_partkey)","Rows Removed by Index Recheck": 0,"Exact Heap Blocks": 187990,"Lossy Heap Blocks": 0,"Plans": [{"Node Type": "Bitmap Index Scan","Parent Relationship": "Outer","Parallel Aware": false,"Async Capable": false,"Index Name": "idx_lineitem_part_supp","Startup Cost": 0.00,"Total Cost": 4.67,"Plan Rows": 31,"Plan Width": 0,"Actual Startup Time": 0.008,"Actual Total Time": 0.008,"Actual Rows": 31,"Actual Loops": 6021,"Index Cond": "(l_partkey = part.p_partkey)"}]}]}]}]},"Planning Time": 5.094,"Triggers": [],"Execution Time": 4845.546}]
[{"Plan": {"Node Type": "Aggregate","Strategy": "Plain","Partial Mode": "Simple","Parallel Aware": false,"Async Capable": false,"Startup Cost": 195920.00,"Total Cost": 195920.01,"Plan Rows": 1,"Plan Width": 32,"Actual Startup Time": 4991.838,"Actual Total Time": 4992.199,"Actual Rows": 1,"Actual Loops": 1,"Plans": [{"Node Type": "Hash Join","Parent Relationship": "Outer","Parallel Aware": false,"Async Capable": false,"Join Type": "Inner","Startup Cost": 6370.27,"Total Cost": 195914.83,"Plan Rows": 2069,"Plan Width": 8,"Actual Startup Time": 76.881,"Actual Total Time": 4991.953,"Actual Rows": 614,"Actual Loops": 1,"Inner Unique": true,"Hash Cond": "(lineitem.l_partkey = part.p_partkey)","Join Filter": "(lineitem.l_quantity < (SubPlan 1))","Rows Removed by Join Filter": 6181,"Plans": [{"Node Type": "Seq Scan","Parent Relationship": "Outer","Parallel Aware": false,"Async Capable": false,"Relation Name": "lineitem","Alias": "lineitem","Startup Cost": 0.00,"Total Cost": 172515.15,"Plan Rows": 6001215,"Plan Width": 17,"Actual Startup Time": 0.020,"Actual Total Time": 945.174,"Actual Rows": 6001215,"Actual Loops": 1},{"Node Type": "Hash","Parent Relationship": "Inner","Parallel Aware": false,"Async Capable": false,"Startup Cost": 6367.69,"Total Cost": 6367.69,"Plan Rows": 207,"Plan Width": 4,"Actual Startup Time": 31.136,"Actual Total Time": 31.475,"Actual Rows": 227,"Actual Loops": 1,"Hash Buckets": 1024,"Original Hash Buckets": 1024,"Hash Batches": 1,"Original Hash Batches": 1,"Peak Memory Usage": 16,"Plans": [{"Node Type": "Gather","Parent Relationship": "Outer","Parallel Aware": false,"Async Capable": false,"Startup Cost": 1000.00,"Total Cost": 6367.69,"Plan Rows": 207,"Plan Width": 4,"Actual Startup Time": 0.820,"Actual Total Time": 31.371,"Actual Rows": 227,"Actual Loops": 1,"Workers Planned": 2,"Workers Launched": 2,"Single Copy": false,"Plans": [{"Node Type": "Seq Scan","Parent Relationship": "Outer","Parallel Aware": true,"Async Capable": false,"Relation Name": "part","Alias": "part","Startup Cost": 0.00,"Total Cost": 5347.00,"Plan Rows": 86,"Plan Width": 4,"Actual Startup Time": 0.752,"Actual Total Time": 25.807,"Actual Rows": 76,"Actual Loops": 3,"Filter": "((p_brand = 'Brand#15'::bpchar) AND (p_container = 'SM DRUM'::bpchar))","Rows Removed by Filter": 66591,"Workers": []}]}]},{"Node Type": "Aggregate","Strategy": "Plain","Partial Mode": "Simple","Parent Relationship": "SubPlan","Subplan Name": "SubPlan 1","Parallel Aware": false,"Async Capable": false,"Startup Cost": 127.60,"Total Cost": 127.61,"Plan Rows": 1,"Plan Width": 32,"Actual Startup Time": 0.116,"Actual Total Time": 0.116,"Actual Rows": 1,"Actual Loops": 6795,"Plans": [{"Node Type": "Bitmap Heap Scan","Parent Relationship": "Outer","Parallel Aware": false,"Async Capable": false,"Relation Name": "lineitem","Alias": "lineitem_1","Startup Cost": 4.67,"Total Cost": 127.52,"Plan Rows": 31,"Plan Width": 5,"Actual Startup Time": 0.013,"Actual Total Time": 0.109,"Actual Rows": 31,"Actual Loops": 6795,"Recheck Cond": "(l_partkey = part.p_partkey)","Rows Removed by Index Recheck": 0,"Exact Heap Blocks": 209929,"Lossy Heap Blocks": 0,"Plans": [{"Node Type": "Bitmap Index Scan","Parent Relationship": "Outer","Parallel Aware": false,"Async Capable": false,"Index Name": "idx_lineitem_part_supp","Startup Cost": 0.00,"Total Cost": 4.67,"Plan Rows": 31,"Plan Width": 0,"Actual Startup Time": 0.007,"Actual Total Time": 0.007,"Actual Rows": 31,"Actual Loops": 6795,"Index Cond": "(l_partkey = part.p_partkey)"}]}]}]}]},"Planning Time": 4.642,"Triggers": [],"Execution Time": 4992.465}]
[{"Plan": {"Node Type": "Aggregate","Strategy": "Plain","Partial Mode": "Simple","Parallel Aware": false,"Async Capable": false,"Startup Cost": 195917.62,"Total Cost": 195917.63,"Plan Rows": 1,"Plan Width": 32,"Actual Startup Time": 4843.789,"Actual Total Time": 4844.342,"Actual Rows": 1,"Actual Loops": 1,"Plans": [{"Node Type": "Hash Join","Parent Relationship": "Outer","Parallel Aware": false,"Async Capable": false,"Join Type": "Inner","Startup Cost": 6368.32,"Total Cost": 195912.88,"Plan Rows": 1896,"Plan Width": 8,"Actual Startup Time": 33.340,"Actual Total Time": 4844.125,"Actual Rows": 597,"Actual Loops": 1,"Inner Unique": true,"Hash Cond": "(lineitem.l_partkey = part.p_partkey)","Join Filter": "(lineitem.l_quantity < (SubPlan 1))","Rows Removed by Join Filter": 5509,"Plans": [{"Node Type": "Seq Scan","Parent Relationship": "Outer","Parallel Aware": false,"Async Capable": false,"Relation Name": "lineitem","Alias": "lineitem","Startup Cost": 0.00,"Total Cost": 172515.15,"Plan Rows": 6001215,"Plan Width": 17,"Actual Startup Time": 0.019,"Actual Total Time": 1008.932,"Actual Rows": 6001215,"Actual Loops": 1},{"Node Type": "Hash","Parent Relationship": "Inner","Parallel Aware": false,"Async Capable": false,"Startup Cost": 6365.95,"Total Cost": 6365.95,"Plan Rows": 190,"Plan Width": 4,"Actual Startup Time": 30.764,"Actual Total Time": 31.302,"Actual Rows": 199,"Actual Loops": 1,"Hash Buckets": 1024,"Original Hash Buckets": 1024,"Hash Batches": 1,"Original Hash Batches": 1,"Peak Memory Usage": 15,"Plans": [{"Node Type": "Gather","Parent Relationship": "Outer","Parallel Aware": false,"Async Capable": false,"Startup Cost": 1000.00,"Total Cost": 6365.95,"Plan Rows": 190,"Plan Width": 4,"Actual Startup Time": 1.205,"Actual Total Time": 31.215,"Actual Rows": 199,"Actual Loops": 1,"Workers Planned": 2,"Workers Launched": 2,"Single Copy": false,"Plans": [{"Node Type": "Seq Scan","Parent Relationship": "Outer","Parallel Aware": true,"Async Capable": false,"Relation Name": "part","Alias": "part","Startup Cost": 0.00,"Total Cost": 5347.00,"Plan Rows": 79,"Plan Width": 4,"Actual Startup Time": 1.078,"Actual Total Time": 24.565,"Actual Rows": 66,"Actual Loops": 3,"Filter": "((p_brand = 'Brand#43'::bpchar) AND (p_container = 'JUMBO BOX'::bpchar))","Rows Removed by Filter": 66600,"Workers": []}]}]},{"Node Type": "Aggregate","Strategy": "Plain","Partial Mode": "Simple","Parent Relationship": "SubPlan","Subplan Name": "SubPlan 1","Parallel Aware": false,"Async Capable": false,"Startup Cost": 127.60,"Total Cost": 127.61,"Plan Rows": 1,"Plan Width": 32,"Actual Startup Time": 0.130,"Actual Total Time": 0.130,"Actual Rows": 1,"Actual Loops": 6106,"Plans": [{"Node Type": "Bitmap Heap Scan","Parent Relationship": "Outer","Parallel Aware": false,"Async Capable": false,"Relation Name": "lineitem","Alias": "lineitem_1","Startup Cost": 4.67,"Total Cost": 127.52,"Plan Rows": 31,"Plan Width": 5,"Actual Startup Time": 0.014,"Actual Total Time": 0.123,"Actual Rows": 32,"Actual Loops": 6106,"Recheck Cond": "(l_partkey = part.p_partkey)","Rows Removed by Index Recheck": 0,"Exact Heap Blocks": 192692,"Lossy Heap Blocks": 0,"Plans": [{"Node Type": "Bitmap Index Scan","Parent Relationship": "Outer","Parallel Aware": false,"Async Capable": false,"Index Name": "idx_lineitem_part_supp","Startup Cost": 0.00,"Total Cost": 4.67,"Plan Rows": 31,"Plan Width": 0,"Actual Startup Time": 0.008,"Actual Total Time": 0.008,"Actual Rows": 32,"Actual Loops": 6106,"Index Cond": "(l_partkey = part.p_partkey)"}]}]}]}]},"Planning Time": 6.036,"Triggers": [],"Execution Time": 4844.672}]
[{"Plan": {"Node Type": "Aggregate","Strategy": "Plain","Partial Mode": "Simple","Parallel Aware": false,"Async Capable": false,"Startup Cost": 195918.95,"Total Cost": 195918.97,"Plan Rows": 1,"Plan Width": 32,"Actual Startup Time": 4850.445,"Actual Total Time": 4851.016,"Actual Rows": 1,"Actual Loops": 1,"Plans": [{"Node Type": "Hash Join","Parent Relationship": "Outer","Parallel Aware": false,"Async Capable": false,"Join Type": "Inner","Startup Cost": 6369.42,"Total Cost": 195913.97,"Plan Rows": 1993,"Plan Width": 8,"Actual Startup Time": 41.921,"Actual Total Time": 4850.769,"Actual Rows": 558,"Actual Loops": 1,"Inner Unique": true,"Hash Cond": "(lineitem.l_partkey = part.p_partkey)","Join Filter": "(lineitem.l_quantity < (SubPlan 1))","Rows Removed by Join Filter": 5750,"Plans": [{"Node Type": "Seq Scan","Parent Relationship": "Outer","Parallel Aware": false,"Async Capable": false,"Relation Name": "lineitem","Alias": "lineitem","Startup Cost": 0.00,"Total Cost": 172515.15,"Plan Rows": 6001215,"Plan Width": 17,"Actual Startup Time": 0.022,"Actual Total Time": 942.138,"Actual Rows": 6001215,"Actual Loops": 1},{"Node Type": "Hash","Parent Relationship": "Inner","Parallel Aware": false,"Async Capable": false,"Startup Cost": 6366.92,"Total Cost": 6366.92,"Plan Rows": 199,"Plan Width": 4,"Actual Startup Time": 32.161,"Actual Total Time": 32.717,"Actual Rows": 207,"Actual Loops": 1,"Hash Buckets": 1024,"Original Hash Buckets": 1024,"Hash Batches": 1,"Original Hash Batches": 1,"Peak Memory Usage": 16,"Plans": [{"Node Type": "Gather","Parent Relationship": "Outer","Parallel Aware": false,"Async Capable": false,"Startup Cost": 1000.00,"Total Cost": 6366.92,"Plan Rows": 199,"Plan Width": 4,"Actual Startup Time": 1.031,"Actual Total Time": 32.656,"Actual Rows": 207,"Actual Loops": 1,"Workers Planned": 2,"Workers Launched": 2,"Single Copy": false,"Plans": [{"Node Type": "Seq Scan","Parent Relationship": "Outer","Parallel Aware": true,"Async Capable": false,"Relation Name": "part","Alias": "part","Startup Cost": 0.00,"Total Cost": 5347.00,"Plan Rows": 83,"Plan Width": 4,"Actual Startup Time": 1.551,"Actual Total Time": 26.517,"Actual Rows": 69,"Actual Loops": 3,"Filter": "((p_brand = 'Brand#51'::bpchar) AND (p_container = 'MED DRUM'::bpchar))","Rows Removed by Filter": 66598,"Workers": []}]}]},{"Node Type": "Aggregate","Strategy": "Plain","Partial Mode": "Simple","Parent Relationship": "SubPlan","Subplan Name": "SubPlan 1","Parallel Aware": false,"Async Capable": false,"Startup Cost": 127.60,"Total Cost": 127.61,"Plan Rows": 1,"Plan Width": 32,"Actual Startup Time": 0.118,"Actual Total Time": 0.118,"Actual Rows": 1,"Actual Loops": 6308,"Plans": [{"Node Type": "Bitmap Heap Scan","Parent Relationship": "Outer","Parallel Aware": false,"Async Capable": false,"Relation Name": "lineitem","Alias": "lineitem_1","Startup Cost": 4.67,"Total Cost": 127.52,"Plan Rows": 31,"Plan Width": 5,"Actual Startup Time": 0.013,"Actual Total Time": 0.111,"Actual Rows": 32,"Actual Loops": 6308,"Recheck Cond": "(l_partkey = part.p_partkey)","Rows Removed by Index Recheck": 0,"Exact Heap Blocks": 198978,"Lossy Heap Blocks": 0,"Plans": [{"Node Type": "Bitmap Index Scan","Parent Relationship": "Outer","Parallel Aware": false,"Async Capable": false,"Index Name": "idx_lineitem_part_supp","Startup Cost": 0.00,"Total Cost": 4.67,"Plan Rows": 31,"Plan Width": 0,"Actual Startup Time": 0.007,"Actual Total Time": 0.007,"Actual Rows": 32,"Actual Loops": 6308,"Index Cond": "(l_partkey = part.p_partkey)"}]}]}]}]},"Planning Time": 5.158,"Triggers": [],"Execution Time": 4851.347}]
[{"Plan": {"Node Type": "Aggregate","Strategy": "Plain","Partial Mode": "Simple","Parallel Aware": false,"Async Capable": false,"Startup Cost": 195918.19,"Total Cost": 195918.20,"Plan Rows": 1,"Plan Width": 32,"Actual Startup Time": 4799.655,"Actual Total Time": 4800.227,"Actual Rows": 1,"Actual Loops": 1,"Plans": [{"Node Type": "Hash Join","Parent Relationship": "Outer","Parallel Aware": false,"Async Capable": false,"Join Type": "Inner","Startup Cost": 6368.79,"Total Cost": 195913.34,"Plan Rows": 1937,"Plan Width": 8,"Actual Startup Time": 37.423,"Actual Total Time": 4800.021,"Actual Rows": 542,"Actual Loops": 1,"Inner Unique": true,"Hash Cond": "(lineitem.l_partkey = part.p_partkey)","Join Filter": "(lineitem.l_quantity < (SubPlan 1))","Rows Removed by Join Filter": 5121,"Plans": [{"Node Type": "Seq Scan","Parent Relationship": "Outer","Parallel Aware": false,"Async Capable": false,"Relation Name": "lineitem","Alias": "lineitem","Startup Cost": 0.00,"Total Cost": 172515.15,"Plan Rows": 6001215,"Plan Width": 17,"Actual Startup Time": 0.012,"Actual Total Time": 1021.342,"Actual Rows": 6001215,"Actual Loops": 1},{"Node Type": "Hash","Parent Relationship": "Inner","Parallel Aware": false,"Async Capable": false,"Startup Cost": 6366.37,"Total Cost": 6366.37,"Plan Rows": 194,"Plan Width": 4,"Actual Startup Time": 33.800,"Actual Total Time": 34.354,"Actual Rows": 189,"Actual Loops": 1,"Hash Buckets": 1024,"Original Hash Buckets": 1024,"Hash Batches": 1,"Original Hash Batches": 1,"Peak Memory Usage": 15,"Plans": [{"Node Type": "Gather","Parent Relationship": "Outer","Parallel Aware": false,"Async Capable": false,"Startup Cost": 1000.00,"Total Cost": 6366.37,"Plan Rows": 194,"Plan Width": 4,"Actual Startup Time": 4.537,"Actual Total Time": 34.294,"Actual Rows": 189,"Actual Loops": 1,"Workers Planned": 2,"Workers Launched": 2,"Single Copy": false,"Plans": [{"Node Type": "Seq Scan","Parent Relationship": "Outer","Parallel Aware": true,"Async Capable": false,"Relation Name": "part","Alias": "part","Startup Cost": 0.00,"Total Cost": 5347.00,"Plan Rows": 81,"Plan Width": 4,"Actual Startup Time": 2.214,"Actual Total Time": 27.709,"Actual Rows": 63,"Actual Loops": 3,"Filter": "((p_brand = 'Brand#53'::bpchar) AND (p_container = 'WRAP PKG'::bpchar))","Rows Removed by Filter": 66604,"Workers": []}]}]},{"Node Type": "Aggregate","Strategy": "Plain","Partial Mode": "Simple","Parent Relationship": "SubPlan","Subplan Name": "SubPlan 1","Parallel Aware": false,"Async Capable": false,"Startup Cost": 127.60,"Total Cost": 127.61,"Plan Rows": 1,"Plan Width": 32,"Actual Startup Time": 0.129,"Actual Total Time": 0.129,"Actual Rows": 1,"Actual Loops": 5663,"Plans": [{"Node Type": "Bitmap Heap Scan","Parent Relationship": "Outer","Parallel Aware": false,"Async Capable": false,"Relation Name": "lineitem","Alias": "lineitem_1","Startup Cost": 4.67,"Total Cost": 127.52,"Plan Rows": 31,"Plan Width": 5,"Actual Startup Time": 0.014,"Actual Total Time": 0.122,"Actual Rows": 31,"Actual Loops": 5663,"Recheck Cond": "(l_partkey = part.p_partkey)","Rows Removed by Index Recheck": 0,"Exact Heap Blocks": 175511,"Lossy Heap Blocks": 0,"Plans": [{"Node Type": "Bitmap Index Scan","Parent Relationship": "Outer","Parallel Aware": false,"Async Capable": false,"Index Name": "idx_lineitem_part_supp","Startup Cost": 0.00,"Total Cost": 4.67,"Plan Rows": 31,"Plan Width": 0,"Actual Startup Time": 0.008,"Actual Total Time": 0.008,"Actual Rows": 31,"Actual Loops": 5663,"Index Cond": "(l_partkey = part.p_partkey)"}]}]}]}]},"Planning Time": 5.774,"Triggers": [],"Execution Time": 4800.550}]
[{"Plan": {"Node Type": "Aggregate","Strategy": "Plain","Partial Mode": "Simple","Parallel Aware": false,"Async Capable": false,"Startup Cost": 195919.78,"Total Cost": 195919.80,"Plan Rows": 1,"Plan Width": 32,"Actual Startup Time": 4842.411,"Actual Total Time": 4843.031,"Actual Rows": 1,"Actual Loops": 1,"Plans": [{"Node Type": "Hash Join","Parent Relationship": "Outer","Parallel Aware": false,"Async Capable": false,"Join Type": "Inner","Startup Cost": 6370.09,"Total Cost": 195914.65,"Plan Rows": 2053,"Plan Width": 8,"Actual Startup Time": 46.014,"Actual Total Time": 4842.664,"Actual Rows": 538,"Actual Loops": 1,"Inner Unique": true,"Hash Cond": "(lineitem.l_partkey = part.p_partkey)","Join Filter": "(lineitem.l_quantity < (SubPlan 1))","Rows Removed by Join Filter": 5374,"Plans": [{"Node Type": "Seq Scan","Parent Relationship": "Outer","Parallel Aware": false,"Async Capable": false,"Relation Name": "lineitem","Alias": "lineitem","Startup Cost": 0.00,"Total Cost": 172515.15,"Plan Rows": 6001215,"Plan Width": 17,"Actual Startup Time": 0.026,"Actual Total Time": 978.904,"Actual Rows": 6001215,"Actual Loops": 1},{"Node Type": "Hash","Parent Relationship": "Inner","Parallel Aware": false,"Async Capable": false,"Startup Cost": 6367.53,"Total Cost": 6367.53,"Plan Rows": 205,"Plan Width": 4,"Actual Startup Time": 31.061,"Actual Total Time": 31.632,"Actual Rows": 196,"Actual Loops": 1,"Hash Buckets": 1024,"Original Hash Buckets": 1024,"Hash Batches": 1,"Original Hash Batches": 1,"Peak Memory Usage": 15,"Plans": [{"Node Type": "Gather","Parent Relationship": "Outer","Parallel Aware": false,"Async Capable": false,"Startup Cost": 1000.00,"Total Cost": 6367.53,"Plan Rows": 205,"Plan Width": 4,"Actual Startup Time": 0.975,"Actual Total Time": 31.542,"Actual Rows": 196,"Actual Loops": 1,"Workers Planned": 2,"Workers Launched": 2,"Single Copy": false,"Plans": [{"Node Type": "Seq Scan","Parent Relationship": "Outer","Parallel Aware": true,"Async Capable": false,"Relation Name": "part","Alias": "part","Startup Cost": 0.00,"Total Cost": 5347.00,"Plan Rows": 86,"Plan Width": 4,"Actual Startup Time": 0.707,"Actual Total Time": 25.248,"Actual Rows": 65,"Actual Loops": 3,"Filter": "((p_brand = 'Brand#25'::bpchar) AND (p_container = 'LG JAR'::bpchar))","Rows Removed by Filter": 66601,"Workers": []}]}]},{"Node Type": "Aggregate","Strategy": "Plain","Partial Mode": "Simple","Parent Relationship": "SubPlan","Subplan Name": "SubPlan 1","Parallel Aware": false,"Async Capable": false,"Startup Cost": 127.60,"Total Cost": 127.61,"Plan Rows": 1,"Plan Width": 32,"Actual Startup Time": 0.119,"Actual Total Time": 0.119,"Actual Rows": 1,"Actual Loops": 5912,"Plans": [{"Node Type": "Bitmap Heap Scan","Parent Relationship": "Outer","Parallel Aware": false,"Async Capable": false,"Relation Name": "lineitem","Alias": "lineitem_1","Startup Cost": 4.67,"Total Cost": 127.52,"Plan Rows": 31,"Plan Width": 5,"Actual Startup Time": 0.013,"Actual Total Time": 0.111,"Actual Rows": 31,"Actual Loops": 5912,"Recheck Cond": "(l_partkey = part.p_partkey)","Rows Removed by Index Recheck": 0,"Exact Heap Blocks": 184131,"Lossy Heap Blocks": 0,"Plans": [{"Node Type": "Bitmap Index Scan","Parent Relationship": "Outer","Parallel Aware": false,"Async Capable": false,"Index Name": "idx_lineitem_part_supp","Startup Cost": 0.00,"Total Cost": 4.67,"Plan Rows": 31,"Plan Width": 0,"Actual Startup Time": 0.007,"Actual Total Time": 0.007,"Actual Rows": 31,"Actual Loops": 5912,"Index Cond": "(l_partkey = part.p_partkey)"}]}]}]}]},"Planning Time": 5.698,"Triggers": [],"Execution Time": 4843.493}]
[{"Plan": {"Node Type": "Aggregate","Strategy": "Plain","Partial Mode": "Simple","Parallel Aware": false,"Async Capable": false,"Startup Cost": 195918.03,"Total Cost": 195918.04,"Plan Rows": 1,"Plan Width": 32,"Actual Startup Time": 4898.208,"Actual Total Time": 4898.801,"Actual Rows": 1,"Actual Loops": 1,"Plans": [{"Node Type": "Hash Join","Parent Relationship": "Outer","Parallel Aware": false,"Async Capable": false,"Join Type": "Inner","Startup Cost": 6368.66,"Total Cost": 195913.21,"Plan Rows": 1926,"Plan Width": 8,"Actual Startup Time": 31.153,"Actual Total Time": 4898.520,"Actual Rows": 523,"Actual Loops": 1,"Inner Unique": true,"Hash Cond": "(lineitem.l_partkey = part.p_partkey)","Join Filter": "(lineitem.l_quantity < (SubPlan 1))","Rows Removed by Join Filter": 5696,"Plans": [{"Node Type": "Seq Scan","Parent Relationship": "Outer","Parallel Aware": false,"Async Capable": false,"Relation Name": "lineitem","Alias": "lineitem","Startup Cost": 0.00,"Total Cost": 172515.15,"Plan Rows": 6001215,"Plan Width": 17,"Actual Startup Time": 0.016,"Actual Total Time": 1021.160,"Actual Rows": 6001215,"Actual Loops": 1},{"Node Type": "Hash","Parent Relationship": "Inner","Parallel Aware": false,"Async Capable": false,"Startup Cost": 6366.25,"Total Cost": 6366.25,"Plan Rows": 193,"Plan Width": 4,"Actual Startup Time": 28.675,"Actual Total Time": 29.245,"Actual Rows": 210,"Actual Loops": 1,"Hash Buckets": 1024,"Original Hash Buckets": 1024,"Hash Batches": 1,"Original Hash Batches": 1,"Peak Memory Usage": 16,"Plans": [{"Node Type": "Gather","Parent Relationship": "Outer","Parallel Aware": false,"Async Capable": false,"Startup Cost": 1000.00,"Total Cost": 6366.25,"Plan Rows": 193,"Plan Width": 4,"Actual Startup Time": 1.048,"Actual Total Time": 29.161,"Actual Rows": 210,"Actual Loops": 1,"Workers Planned": 2,"Workers Launched": 2,"Single Copy": false,"Plans": [{"Node Type": "Seq Scan","Parent Relationship": "Outer","Parallel Aware": true,"Async Capable": false,"Relation Name": "part","Alias": "part","Startup Cost": 0.00,"Total Cost": 5347.00,"Plan Rows": 80,"Plan Width": 4,"Actual Startup Time": 0.753,"Actual Total Time": 23.402,"Actual Rows": 70,"Actual Loops": 3,"Filter": "((p_brand = 'Brand#32'::bpchar) AND (p_container = 'MED BOX'::bpchar))","Rows Removed by Filter": 66597,"Workers": []}]}]},{"Node Type": "Aggregate","Strategy": "Plain","Partial Mode": "Simple","Parent Relationship": "SubPlan","Subplan Name": "SubPlan 1","Parallel Aware": false,"Async Capable": false,"Startup Cost": 127.60,"Total Cost": 127.61,"Plan Rows": 1,"Plan Width": 32,"Actual Startup Time": 0.129,"Actual Total Time": 0.129,"Actual Rows": 1,"Actual Loops": 6219,"Plans": [{"Node Type": "Bitmap Heap Scan","Parent Relationship": "Outer","Parallel Aware": false,"Async Capable": false,"Relation Name": "lineitem","Alias": "lineitem_1","Startup Cost": 4.67,"Total Cost": 127.52,"Plan Rows": 31,"Plan Width": 5,"Actual Startup Time": 0.014,"Actual Total Time": 0.122,"Actual Rows": 31,"Actual Loops": 6219,"Recheck Cond": "(l_partkey = part.p_partkey)","Rows Removed by Index Recheck": 0,"Exact Heap Blocks": 190271,"Lossy Heap Blocks": 0,"Plans": [{"Node Type": "Bitmap Index Scan","Parent Relationship": "Outer","Parallel Aware": false,"Async Capable": false,"Index Name": "idx_lineitem_part_supp","Startup Cost": 0.00,"Total Cost": 4.67,"Plan Rows": 31,"Plan Width": 0,"Actual Startup Time": 0.008,"Actual Total Time": 0.008,"Actual Rows": 31,"Actual Loops": 6219,"Index Cond": "(l_partkey = part.p_partkey)"}]}]}]}]},"Planning Time": 4.469,"Triggers": [],"Execution Time": 4899.033}]
[{"Plan": {"Node Type": "Aggregate","Strategy": "Plain","Partial Mode": "Simple","Parallel Aware": false,"Async Capable": false,"Startup Cost": 195919.49,"Total Cost": 195919.50,"Plan Rows": 1,"Plan Width": 32,"Actual Startup Time": 4776.224,"Actual Total Time": 4776.651,"Actual Rows": 1,"Actual Loops": 1,"Plans": [{"Node Type": "Hash Join","Parent Relationship": "Outer","Parallel Aware": false,"Async Capable": false,"Join Type": "Inner","Startup Cost": 6369.85,"Total Cost": 195914.41,"Plan Rows": 2032,"Plan Width": 8,"Actual Startup Time": 46.846,"Actual Total Time": 4776.413,"Actual Rows": 509,"Actual Loops": 1,"Inner Unique": true,"Hash Cond": "(lineitem.l_partkey = part.p_partkey)","Join Filter": "(lineitem.l_quantity < (SubPlan 1))","Rows Removed by Join Filter": 4998,"Plans": [{"Node Type": "Seq Scan","Parent Relationship": "Outer","Parallel Aware": false,"Async Capable": false,"Relation Name": "lineitem","Alias": "lineitem","Startup Cost": 0.00,"Total Cost": 172515.15,"Plan Rows": 6001215,"Plan Width": 17,"Actual Startup Time": 0.014,"Actual Total Time": 939.096,"Actual Rows": 6001215,"Actual Loops": 1},{"Node Type": "Hash","Parent Relationship": "Inner","Parallel Aware": false,"Async Capable": false,"Startup Cost": 6367.31,"Total Cost": 6367.31,"Plan Rows": 203,"Plan Width": 4,"Actual Startup Time": 30.341,"Actual Total Time": 30.753,"Actual Rows": 186,"Actual Loops": 1,"Hash Buckets": 1024,"Original Hash Buckets": 1024,"Hash Batches": 1,"Original Hash Batches": 1,"Peak Memory Usage": 15,"Plans": [{"Node Type": "Gather","Parent Relationship": "Outer","Parallel Aware": false,"Async Capable": false,"Startup Cost": 1000.00,"Total Cost": 6367.31,"Plan Rows": 203,"Plan Width": 4,"Actual Startup Time": 0.732,"Actual Total Time": 30.662,"Actual Rows": 186,"Actual Loops": 1,"Workers Planned": 2,"Workers Launched": 2,"Single Copy": false,"Plans": [{"Node Type": "Seq Scan","Parent Relationship": "Outer","Parallel Aware": true,"Async Capable": false,"Relation Name": "part","Alias": "part","Startup Cost": 0.00,"Total Cost": 5347.00,"Plan Rows": 85,"Plan Width": 4,"Actual Startup Time": 1.120,"Actual Total Time": 24.600,"Actual Rows": 62,"Actual Loops": 3,"Filter": "((p_brand = 'Brand#32'::bpchar) AND (p_container = 'LG JAR'::bpchar))","Rows Removed by Filter": 66605,"Workers": []}]}]},{"Node Type": "Aggregate","Strategy": "Plain","Partial Mode": "Simple","Parent Relationship": "SubPlan","Subplan Name": "SubPlan 1","Parallel Aware": false,"Async Capable": false,"Startup Cost": 127.60,"Total Cost": 127.61,"Plan Rows": 1,"Plan Width": 32,"Actual Startup Time": 0.113,"Actual Total Time": 0.113,"Actual Rows": 1,"Actual Loops": 5507,"Plans": [{"Node Type": "Bitmap Heap Scan","Parent Relationship": "Outer","Parallel Aware": false,"Async Capable": false,"Relation Name": "lineitem","Alias": "lineitem_1","Startup Cost": 4.67,"Total Cost": 127.52,"Plan Rows": 31,"Plan Width": 5,"Actual Startup Time": 0.013,"Actual Total Time": 0.106,"Actual Rows": 31,"Actual Loops": 5507,"Recheck Cond": "(l_partkey = part.p_partkey)","Rows Removed by Index Recheck": 0,"Exact Heap Blocks": 168947,"Lossy Heap Blocks": 0,"Plans": [{"Node Type": "Bitmap Index Scan","Parent Relationship": "Outer","Parallel Aware": false,"Async Capable": false,"Index Name": "idx_lineitem_part_supp","Startup Cost": 0.00,"Total Cost": 4.67,"Plan Rows": 31,"Plan Width": 0,"Actual Startup Time": 0.007,"Actual Total Time": 0.007,"Actual Rows": 31,"Actual Loops": 5507,"Index Cond": "(l_partkey = part.p_partkey)"}]}]}]}]},"Planning Time": 5.417,"Triggers": [],"Execution Time": 4776.885}]
[{"Plan": {"Node Type": "Aggregate","Strategy": "Plain","Partial Mode": "Simple","Parallel Aware": false,"Async Capable": false,"Startup Cost": 195919.40,"Total Cost": 195919.41,"Plan Rows": 1,"Plan Width": 32,"Actual Startup Time": 4803.766,"Actual Total Time": 4804.429,"Actual Rows": 1,"Actual Loops": 1,"Plans": [{"Node Type": "Hash Join","Parent Relationship": "Outer","Parallel Aware": false,"Async Capable": false,"Join Type": "Inner","Startup Cost": 6369.78,"Total Cost": 195914.33,"Plan Rows": 2025,"Plan Width": 8,"Actual Startup Time": 32.733,"Actual Total Time": 4804.222,"Actual Rows": 500,"Actual Loops": 1,"Inner Unique": true,"Hash Cond": "(lineitem.l_partkey = part.p_partkey)","Join Filter": "(lineitem.l_quantity < (SubPlan 1))","Rows Removed by Join Filter": 5257,"Plans": [{"Node Type": "Seq Scan","Parent Relationship": "Outer","Parallel Aware": false,"Async Capable": false,"Relation Name": "lineitem","Alias": "lineitem","Startup Cost": 0.00,"Total Cost": 172515.15,"Plan Rows": 6001215,"Plan Width": 17,"Actual Startup Time": 0.014,"Actual Total Time": 1012.644,"Actual Rows": 6001215,"Actual Loops": 1},{"Node Type": "Hash","Parent Relationship": "Inner","Parallel Aware": false,"Async Capable": false,"Startup Cost": 6367.25,"Total Cost": 6367.25,"Plan Rows": 202,"Plan Width": 4,"Actual Startup Time": 31.824,"Actual Total Time": 32.466,"Actual Rows": 197,"Actual Loops": 1,"Hash Buckets": 1024,"Original Hash Buckets": 1024,"Hash Batches": 1,"Original Hash Batches": 1,"Peak Memory Usage": 15,"Plans": [{"Node Type": "Gather","Parent Relationship": "Outer","Parallel Aware": false,"Async Capable": false,"Startup Cost": 1000.00,"Total Cost": 6367.25,"Plan Rows": 202,"Plan Width": 4,"Actual Startup Time": 0.697,"Actual Total Time": 32.415,"Actual Rows": 197,"Actual Loops": 1,"Workers Planned": 2,"Workers Launched": 2,"Single Copy": false,"Plans": [{"Node Type": "Seq Scan","Parent Relationship": "Outer","Parallel Aware": true,"Async Capable": false,"Relation Name": "part","Alias": "part","Startup Cost": 0.00,"Total Cost": 5347.00,"Plan Rows": 84,"Plan Width": 4,"Actual Startup Time": 1.040,"Actual Total Time": 25.806,"Actual Rows": 66,"Actual Loops": 3,"Filter": "((p_brand = 'Brand#15'::bpchar) AND (p_container = 'WRAP BOX'::bpchar))","Rows Removed by Filter": 66601,"Workers": []}]}]},{"Node Type": "Aggregate","Strategy": "Plain","Partial Mode": "Simple","Parent Relationship": "SubPlan","Subplan Name": "SubPlan 1","Parallel Aware": false,"Async Capable": false,"Startup Cost": 127.60,"Total Cost": 127.61,"Plan Rows": 1,"Plan Width": 32,"Actual Startup Time": 0.131,"Actual Total Time": 0.131,"Actual Rows": 1,"Actual Loops": 5757,"Plans": [{"Node Type": "Bitmap Heap Scan","Parent Relationship": "Outer","Parallel Aware": false,"Async Capable": false,"Relation Name": "lineitem","Alias": "lineitem_1","Startup Cost": 4.67,"Total Cost": 127.52,"Plan Rows": 31,"Plan Width": 5,"Actual Startup Time": 0.014,"Actual Total Time": 0.124,"Actual Rows": 30,"Actual Loops": 5757,"Recheck Cond": "(l_partkey = part.p_partkey)","Rows Removed by Index Recheck": 0,"Exact Heap Blocks": 174599,"Lossy Heap Blocks": 0,"Plans": [{"Node Type": "Bitmap Index Scan","Parent Relationship": "Outer","Parallel Aware": false,"Async Capable": false,"Index Name": "idx_lineitem_part_supp","Startup Cost": 0.00,"Total Cost": 4.67,"Plan Rows": 31,"Plan Width": 0,"Actual Startup Time": 0.008,"Actual Total Time": 0.008,"Actual Rows": 30,"Actual Loops": 5757,"Index Cond": "(l_partkey = part.p_partkey)"}]}]}]}]},"Planning Time": 4.748,"Triggers": [],"Execution Time": 4804.681}]
[{"Plan": {"Node Type": "Aggregate","Strategy": "Plain","Partial Mode": "Simple","Parallel Aware": false,"Async Capable": false,"Startup Cost": 195919.89,"Total Cost": 195919.90,"Plan Rows": 1,"Plan Width": 32,"Actual Startup Time": 4843.161,"Actual Total Time": 4843.994,"Actual Rows": 1,"Actual Loops": 1,"Plans": [{"Node Type": "Hash Join","Parent Relationship": "Outer","Parallel Aware": false,"Async Capable": false,"Join Type": "Inner","Startup Cost": 6370.18,"Total Cost": 195914.73,"Plan Rows": 2061,"Plan Width": 8,"Actual Startup Time": 45.551,"Actual Total Time": 4843.653,"Actual Rows": 466,"Actual Loops": 1,"Inner Unique": true,"Hash Cond": "(lineitem.l_partkey = part.p_partkey)","Join Filter": "(lineitem.l_quantity < (SubPlan 1))","Rows Removed by Join Filter": 4891,"Plans": [{"Node Type": "Seq Scan","Parent Relationship": "Outer","Parallel Aware": false,"Async Capable": false,"Relation Name": "lineitem","Alias": "lineitem","Startup Cost": 0.00,"Total Cost": 172515.15,"Plan Rows": 6001215,"Plan Width": 17,"Actual Startup Time": 0.023,"Actual Total Time": 1013.040,"Actual Rows": 6001215,"Actual Loops": 1},{"Node Type": "Hash","Parent Relationship": "Inner","Parallel Aware": false,"Async Capable": false,"Startup Cost": 6367.60,"Total Cost": 6367.60,"Plan Rows": 206,"Plan Width": 4,"Actual Startup Time": 30.275,"Actual Total Time": 31.061,"Actual Rows": 180,"Actual Loops": 1,"Hash Buckets": 1024,"Original Hash Buckets": 1024,"Hash Batches": 1,"Original Hash Batches": 1,"Peak Memory Usage": 15,"Plans": [{"Node Type": "Gather","Parent Relationship": "Outer","Parallel Aware": false,"Async Capable": false,"Startup Cost": 1000.00,"Total Cost": 6367.60,"Plan Rows": 206,"Plan Width": 4,"Actual Startup Time": 2.336,"Actual Total Time": 30.985,"Actual Rows": 180,"Actual Loops": 1,"Workers Planned": 2,"Workers Launched": 2,"Single Copy": false,"Plans": [{"Node Type": "Seq Scan","Parent Relationship": "Outer","Parallel Aware": true,"Async Capable": false,"Relation Name": "part","Alias": "part","Startup Cost": 0.00,"Total Cost": 5347.00,"Plan Rows": 86,"Plan Width": 4,"Actual Startup Time": 1.481,"Actual Total Time": 23.825,"Actual Rows": 60,"Actual Loops": 3,"Filter": "((p_brand = 'Brand#15'::bpchar) AND (p_container = 'WRAP BAG'::bpchar))","Rows Removed by Filter": 66607,"Workers": []}]}]},{"Node Type": "Aggregate","Strategy": "Plain","Partial Mode": "Simple","Parent Relationship": "SubPlan","Subplan Name": "SubPlan 1","Parallel Aware": false,"Async Capable": false,"Startup Cost": 127.60,"Total Cost": 127.61,"Plan Rows": 1,"Plan Width": 32,"Actual Startup Time": 0.132,"Actual Total Time": 0.132,"Actual Rows": 1,"Actual Loops": 5357,"Plans": [{"Node Type": "Bitmap Heap Scan","Parent Relationship": "Outer","Parallel Aware": false,"Async Capable": false,"Relation Name": "lineitem","Alias": "lineitem_1","Startup Cost": 4.67,"Total Cost": 127.52,"Plan Rows": 31,"Plan Width": 5,"Actual Startup Time": 0.014,"Actual Total Time": 0.124,"Actual Rows": 31,"Actual Loops": 5357,"Recheck Cond": "(l_partkey = part.p_partkey)","Rows Removed by Index Recheck": 0,"Exact Heap Blocks": 164641,"Lossy Heap Blocks": 0,"Plans": [{"Node Type": "Bitmap Index Scan","Parent Relationship": "Outer","Parallel Aware": false,"Async Capable": false,"Index Name": "idx_lineitem_part_supp","Startup Cost": 0.00,"Total Cost": 4.67,"Plan Rows": 31,"Plan Width": 0,"Actual Startup Time": 0.008,"Actual Total Time": 0.008,"Actual Rows": 31,"Actual Loops": 5357,"Index Cond": "(l_partkey = part.p_partkey)"}]}]}]}]},"Planning Time": 5.516,"Triggers": [],"Execution Time": 4844.535}]
[{"Plan": {"Node Type": "Aggregate","Strategy": "Plain","Partial Mode": "Simple","Parallel Aware": false,"Async Capable": false,"Startup Cost": 195918.94,"Total Cost": 195918.95,"Plan Rows": 1,"Plan Width": 32,"Actual Startup Time": 4854.436,"Actual Total Time": 4855.306,"Actual Rows": 1,"Actual Loops": 1,"Plans": [{"Node Type": "Hash Join","Parent Relationship": "Outer","Parallel Aware": false,"Async Capable": false,"Join Type": "Inner","Startup Cost": 6369.41,"Total Cost": 195913.96,"Plan Rows": 1992,"Plan Width": 8,"Actual Startup Time": 29.350,"Actual Total Time": 4855.112,"Actual Rows": 507,"Actual Loops": 1,"Inner Unique": true,"Hash Cond": "(lineitem.l_partkey = part.p_partkey)","Join Filter": "(lineitem.l_quantity < (SubPlan 1))","Rows Removed by Join Filter": 5411,"Plans": [{"Node Type": "Seq Scan","Parent Relationship": "Outer","Parallel Aware": false,"Async Capable": false,"Relation Name": "lineitem","Alias": "lineitem","Startup Cost": 0.00,"Total Cost": 172515.15,"Plan Rows": 6001215,"Plan Width": 17,"Actual Startup Time": 0.017,"Actual Total Time": 1012.897,"Actual Rows": 6001215,"Actual Loops": 1},{"Node Type": "Hash","Parent Relationship": "Inner","Parallel Aware": false,"Async Capable": false,"Startup Cost": 6366.92,"Total Cost": 6366.92,"Plan Rows": 199,"Plan Width": 4,"Actual Startup Time": 28.743,"Actual Total Time": 29.600,"Actual Rows": 199,"Actual Loops": 1,"Hash Buckets": 1024,"Original Hash Buckets": 1024,"Hash Batches": 1,"Original Hash Batches": 1,"Peak Memory Usage": 15,"Plans": [{"Node Type": "Gather","Parent Relationship": "Outer","Parallel Aware": false,"Async Capable": false,"Startup Cost": 1000.00,"Total Cost": 6366.92,"Plan Rows": 199,"Plan Width": 4,"Actual Startup Time": 0.891,"Actual Total Time": 29.531,"Actual Rows": 199,"Actual Loops": 1,"Workers Planned": 2,"Workers Launched": 2,"Single Copy": false,"Plans": [{"Node Type": "Seq Scan","Parent Relationship": "Outer","Parallel Aware": true,"Async Capable": false,"Relation Name": "part","Alias": "part","Startup Cost": 0.00,"Total Cost": 5347.00,"Plan Rows": 83,"Plan Width": 4,"Actual Startup Time": 0.321,"Actual Total Time": 23.208,"Actual Rows": 66,"Actual Loops": 3,"Filter": "((p_brand = 'Brand#21'::bpchar) AND (p_container = 'LG CAN'::bpchar))","Rows Removed by Filter": 66600,"Workers": []}]}]},{"Node Type": "Aggregate","Strategy": "Plain","Partial Mode": "Simple","Parent Relationship": "SubPlan","Subplan Name": "SubPlan 1","Parallel Aware": false,"Async Capable": false,"Startup Cost": 127.60,"Total Cost": 127.61,"Plan Rows": 1,"Plan Width": 32,"Actual Startup Time": 0.131,"Actual Total Time": 0.131,"Actual Rows": 1,"Actual Loops": 5918,"Plans": [{"Node Type": "Bitmap Heap Scan","Parent Relationship": "Outer","Parallel Aware": false,"Async Capable": false,"Relation Name": "lineitem","Alias": "lineitem_1","Startup Cost": 4.67,"Total Cost": 127.52,"Plan Rows": 31,"Plan Width": 5,"Actual Startup Time": 0.014,"Actual Total Time": 0.123,"Actual Rows": 31,"Actual Loops": 5918,"Recheck Cond": "(l_partkey = part.p_partkey)","Rows Removed by Index Recheck": 0,"Exact Heap Blocks": 181444,"Lossy Heap Blocks": 0,"Plans": [{"Node Type": "Bitmap Index Scan","Parent Relationship": "Outer","Parallel Aware": false,"Async Capable": false,"Index Name": "idx_lineitem_part_supp","Startup Cost": 0.00,"Total Cost": 4.67,"Plan Rows": 31,"Plan Width": 0,"Actual Startup Time": 0.008,"Actual Total Time": 0.008,"Actual Rows": 31,"Actual Loops": 5918,"Index Cond": "(l_partkey = part.p_partkey)"}]}]}]}]},"Planning Time": 4.675,"Triggers": [],"Execution Time": 4855.556}]
[{"Plan": {"Node Type": "Aggregate","Strategy": "Plain","Partial Mode": "Simple","Parallel Aware": false,"Async Capable": false,"Startup Cost": 195916.31,"Total Cost": 195916.32,"Plan Rows": 1,"Plan Width": 32,"Actual Startup Time": 4745.482,"Actual Total Time": 4745.879,"Actual Rows": 1,"Actual Loops": 1,"Plans": [{"Node Type": "Hash Join","Parent Relationship": "Outer","Parallel Aware": false,"Async Capable": false,"Join Type": "Inner","Startup Cost": 6367.25,"Total Cost": 195911.81,"Plan Rows": 1801,"Plan Width": 8,"Actual Startup Time": 40.141,"Actual Total Time": 4745.663,"Actual Rows": 454,"Actual Loops": 1,"Inner Unique": true,"Hash Cond": "(lineitem.l_partkey = part.p_partkey)","Join Filter": "(lineitem.l_quantity < (SubPlan 1))","Rows Removed by Join Filter": 4440,"Plans": [{"Node Type": "Seq Scan","Parent Relationship": "Outer","Parallel Aware": false,"Async Capable": false,"Relation Name": "lineitem","Alias": "lineitem","Startup Cost": 0.00,"Total Cost": 172515.15,"Plan Rows": 6001215,"Plan Width": 17,"Actual Startup Time": 0.016,"Actual Total Time": 938.489,"Actual Rows": 6001215,"Actual Loops": 1},{"Node Type": "Hash","Parent Relationship": "Inner","Parallel Aware": false,"Async Capable": false,"Startup Cost": 6365.00,"Total Cost": 6365.00,"Plan Rows": 180,"Plan Width": 4,"Actual Startup Time": 32.093,"Actual Total Time": 32.470,"Actual Rows": 169,"Actual Loops": 1,"Hash Buckets": 1024,"Original Hash Buckets": 1024,"Hash Batches": 1,"Original Hash Batches": 1,"Peak Memory Usage": 14,"Plans": [{"Node Type": "Gather","Parent Relationship": "Outer","Parallel Aware": false,"Async Capable": false,"Startup Cost": 1000.00,"Total Cost": 6365.00,"Plan Rows": 180,"Plan Width": 4,"Actual Startup Time": 1.256,"Actual Total Time": 32.423,"Actual Rows": 169,"Actual Loops": 1,"Workers Planned": 2,"Workers Launched": 2,"Single Copy": false,"Plans": [{"Node Type": "Seq Scan","Parent Relationship": "Outer","Parallel Aware": true,"Async Capable": false,"Relation Name": "part","Alias": "part","Startup Cost": 0.00,"Total Cost": 5347.00,"Plan Rows": 75,"Plan Width": 4,"Actual Startup Time": 0.768,"Actual Total Time": 26.435,"Actual Rows": 56,"Actual Loops": 3,"Filter": "((p_brand = 'Brand#35'::bpchar) AND (p_container = 'WRAP PACK'::bpchar))","Rows Removed by Filter": 66610,"Workers": []}]}]},{"Node Type": "Aggregate","Strategy": "Plain","Partial Mode": "Simple","Parent Relationship": "SubPlan","Subplan Name": "SubPlan 1","Parallel Aware": false,"Async Capable": false,"Startup Cost": 127.60,"Total Cost": 127.61,"Plan Rows": 1,"Plan Width": 32,"Actual Startup Time": 0.113,"Actual Total Time": 0.113,"Actual Rows": 1,"Actual Loops": 4894,"Plans": [{"Node Type": "Bitmap Heap Scan","Parent Relationship": "Outer","Parallel Aware": false,"Async Capable": false,"Relation Name": "lineitem","Alias": "lineitem_1","Startup Cost": 4.67,"Total Cost": 127.52,"Plan Rows": 31,"Plan Width": 5,"Actual Startup Time": 0.013,"Actual Total Time": 0.106,"Actual Rows": 30,"Actual Loops": 4894,"Recheck Cond": "(l_partkey = part.p_partkey)","Rows Removed by Index Recheck": 0,"Exact Heap Blocks": 146715,"Lossy Heap Blocks": 0,"Plans": [{"Node Type": "Bitmap Index Scan","Parent Relationship": "Outer","Parallel Aware": false,"Async Capable": false,"Index Name": "idx_lineitem_part_supp","Startup Cost": 0.00,"Total Cost": 4.67,"Plan Rows": 31,"Plan Width": 0,"Actual Startup Time": 0.007,"Actual Total Time": 0.007,"Actual Rows": 30,"Actual Loops": 4894,"Index Cond": "(l_partkey = part.p_partkey)"}]}]}]}]},"Planning Time": 5.428,"Triggers": [],"Execution Time": 4746.100}]
[{"Plan": {"Node Type": "Aggregate","Strategy": "Plain","Partial Mode": "Simple","Parallel Aware": false,"Async Capable": false,"Startup Cost": 195919.45,"Total Cost": 195919.46,"Plan Rows": 1,"Plan Width": 32,"Actual Startup Time": 4769.031,"Actual Total Time": 4769.598,"Actual Rows": 1,"Actual Loops": 1,"Plans": [{"Node Type": "Hash Join","Parent Relationship": "Outer","Parallel Aware": false,"Async Capable": false,"Join Type": "Inner","Startup Cost": 6369.82,"Total Cost": 195914.37,"Plan Rows": 2029,"Plan Width": 8,"Actual Startup Time": 34.801,"Actual Total Time": 4769.164,"Actual Rows": 459,"Actual Loops": 1,"Inner Unique": true,"Hash Cond": "(lineitem.l_partkey = part.p_partkey)","Join Filter": "(lineitem.l_quantity < (SubPlan 1))","Rows Removed by Join Filter": 4824,"Plans": [{"Node Type": "Seq Scan","Parent Relationship": "Outer","Parallel Aware": false,"Async Capable": false,"Relation Name": "lineitem","Alias": "lineitem","Startup Cost": 0.00,"Total Cost": 172515.15,"Plan Rows": 6001215,"Plan Width": 17,"Actual Startup Time": 0.009,"Actual Total Time": 964.618,"Actual Rows": 6001215,"Actual Loops": 1},{"Node Type": "Hash","Parent Relationship": "Inner","Parallel Aware": false,"Async Capable": false,"Startup Cost": 6367.28,"Total Cost": 6367.28,"Plan Rows": 203,"Plan Width": 4,"Actual Startup Time": 30.490,"Actual Total Time": 31.023,"Actual Rows": 176,"Actual Loops": 1,"Hash Buckets": 1024,"Original Hash Buckets": 1024,"Hash Batches": 1,"Original Hash Batches": 1,"Peak Memory Usage": 15,"Plans": [{"Node Type": "Gather","Parent Relationship": "Outer","Parallel Aware": false,"Async Capable": false,"Startup Cost": 1000.00,"Total Cost": 6367.28,"Plan Rows": 203,"Plan Width": 4,"Actual Startup Time": 0.685,"Actual Total Time": 30.961,"Actual Rows": 176,"Actual Loops": 1,"Workers Planned": 2,"Workers Launched": 2,"Single Copy": false,"Plans": [{"Node Type": "Seq Scan","Parent Relationship": "Outer","Parallel Aware": true,"Async Capable": false,"Relation Name": "part","Alias": "part","Startup Cost": 0.00,"Total Cost": 5347.00,"Plan Rows": 85,"Plan Width": 4,"Actual Startup Time": 1.078,"Actual Total Time": 24.836,"Actual Rows": 59,"Actual Loops": 3,"Filter": "((p_brand = 'Brand#55'::bpchar) AND (p_container = 'MED BAG'::bpchar))","Rows Removed by Filter": 66608,"Workers": []}]}]},{"Node Type": "Aggregate","Strategy": "Plain","Partial Mode": "Simple","Parent Relationship": "SubPlan","Subplan Name": "SubPlan 1","Parallel Aware": false,"Async Capable": false,"Startup Cost": 127.60,"Total Cost": 127.61,"Plan Rows": 1,"Plan Width": 32,"Actual Startup Time": 0.120,"Actual Total Time": 0.120,"Actual Rows": 1,"Actual Loops": 5283,"Plans": [{"Node Type": "Bitmap Heap Scan","Parent Relationship": "Outer","Parallel Aware": false,"Async Capable": false,"Relation Name": "lineitem","Alias": "lineitem_1","Startup Cost": 4.67,"Total Cost": 127.52,"Plan Rows": 31,"Plan Width": 5,"Actual Startup Time": 0.014,"Actual Total Time": 0.113,"Actual Rows": 31,"Actual Loops": 5283,"Recheck Cond": "(l_partkey = part.p_partkey)","Rows Removed by Index Recheck": 0,"Exact Heap Blocks": 164254,"Lossy Heap Blocks": 0,"Plans": [{"Node Type": "Bitmap Index Scan","Parent Relationship": "Outer","Parallel Aware": false,"Async Capable": false,"Index Name": "idx_lineitem_part_supp","Startup Cost": 0.00,"Total Cost": 4.67,"Plan Rows": 31,"Plan Width": 0,"Actual Startup Time": 0.008,"Actual Total Time": 0.008,"Actual Rows": 31,"Actual Loops": 5283,"Index Cond": "(l_partkey = part.p_partkey)"}]}]}]}]},"Planning Time": 5.012,"Triggers": [],"Execution Time": 4769.882}]
[{"Plan": {"Node Type": "Aggregate","Strategy": "Plain","Partial Mode": "Simple","Parallel Aware": false,"Async Capable": false,"Startup Cost": 195918.15,"Total Cost": 195918.16,"Plan Rows": 1,"Plan Width": 32,"Actual Startup Time": 4993.058,"Actual Total Time": 4993.522,"Actual Rows": 1,"Actual Loops": 1,"Plans": [{"Node Type": "Hash Join","Parent Relationship": "Outer","Parallel Aware": false,"Async Capable": false,"Join Type": "Inner","Startup Cost": 6368.76,"Total Cost": 195913.31,"Plan Rows": 1934,"Plan Width": 8,"Actual Startup Time": 56.261,"Actual Total Time": 4993.290,"Actual Rows": 558,"Actual Loops": 1,"Inner Unique": true,"Hash Cond": "(lineitem.l_partkey = part.p_partkey)","Join Filter": "(lineitem.l_quantity < (SubPlan 1))","Rows Removed by Join Filter": 6062,"Plans": [{"Node Type": "Seq Scan","Parent Relationship": "Outer","Parallel Aware": false,"Async Capable": false,"Relation Name": "lineitem","Alias": "lineitem","Startup Cost": 0.00,"Total Cost": 172515.15,"Plan Rows": 6001215,"Plan Width": 17,"Actual Startup Time": 0.023,"Actual Total Time": 1027.403,"Actual Rows": 6001215,"Actual Loops": 1},{"Node Type": "Hash","Parent Relationship": "Inner","Parallel Aware": false,"Async Capable": false,"Startup Cost": 6366.34,"Total Cost": 6366.34,"Plan Rows": 193,"Plan Width": 4,"Actual Startup Time": 32.651,"Actual Total Time": 33.099,"Actual Rows": 215,"Actual Loops": 1,"Hash Buckets": 1024,"Original Hash Buckets": 1024,"Hash Batches": 1,"Original Hash Batches": 1,"Peak Memory Usage": 16,"Plans": [{"Node Type": "Gather","Parent Relationship": "Outer","Parallel Aware": false,"Async Capable": false,"Startup Cost": 1000.00,"Total Cost": 6366.34,"Plan Rows": 193,"Plan Width": 4,"Actual Startup Time": 0.950,"Actual Total Time": 33.008,"Actual Rows": 215,"Actual Loops": 1,"Workers Planned": 2,"Workers Launched": 2,"Single Copy": false,"Plans": [{"Node Type": "Seq Scan","Parent Relationship": "Outer","Parallel Aware": true,"Async Capable": false,"Relation Name": "part","Alias": "part","Startup Cost": 0.00,"Total Cost": 5347.00,"Plan Rows": 81,"Plan Width": 4,"Actual Startup Time": 1.427,"Actual Total Time": 26.357,"Actual Rows": 72,"Actual Loops": 3,"Filter": "((p_brand = 'Brand#35'::bpchar) AND (p_container = 'SM PKG'::bpchar))","Rows Removed by Filter": 66595,"Workers": []}]}]},{"Node Type": "Aggregate","Strategy": "Plain","Partial Mode": "Simple","Parent Relationship": "SubPlan","Subplan Name": "SubPlan 1","Parallel Aware": false,"Async Capable": false,"Startup Cost": 127.60,"Total Cost": 127.61,"Plan Rows": 1,"Plan Width": 32,"Actual Startup Time": 0.132,"Actual Total Time": 0.132,"Actual Rows": 1,"Actual Loops": 6620,"Plans": [{"Node Type": "Bitmap Heap Scan","Parent Relationship": "Outer","Parallel Aware": false,"Async Capable": false,"Relation Name": "lineitem","Alias": "lineitem_1","Startup Cost": 4.67,"Total Cost": 127.52,"Plan Rows": 31,"Plan Width": 5,"Actual Startup Time": 0.014,"Actual Total Time": 0.125,"Actual Rows": 32,"Actual Loops": 6620,"Recheck Cond": "(l_partkey = part.p_partkey)","Rows Removed by Index Recheck": 0,"Exact Heap Blocks": 210364,"Lossy Heap Blocks": 0,"Plans": [{"Node Type": "Bitmap Index Scan","Parent Relationship": "Outer","Parallel Aware": false,"Async Capable": false,"Index Name": "idx_lineitem_part_supp","Startup Cost": 0.00,"Total Cost": 4.67,"Plan Rows": 31,"Plan Width": 0,"Actual Startup Time": 0.008,"Actual Total Time": 0.008,"Actual Rows": 32,"Actual Loops": 6620,"Index Cond": "(l_partkey = part.p_partkey)"}]}]}]}]},"Planning Time": 5.362,"Triggers": [],"Execution Time": 4993.872}]
[{"Plan": {"Node Type": "Aggregate","Strategy": "Plain","Partial Mode": "Simple","Parallel Aware": false,"Async Capable": false,"Startup Cost": 195921.65,"Total Cost": 195921.66,"Plan Rows": 1,"Plan Width": 32,"Actual Startup Time": 4645.931,"Actual Total Time": 4646.479,"Actual Rows": 1,"Actual Loops": 1,"Plans": [{"Node Type": "Hash Join","Parent Relationship": "Outer","Parallel Aware": false,"Async Capable": false,"Join Type": "Inner","Startup Cost": 6371.62,"Total Cost": 195916.17,"Plan Rows": 2189,"Plan Width": 8,"Actual Startup Time": 37.932,"Actual Total Time": 4646.310,"Actual Rows": 457,"Actual Loops": 1,"Inner Unique": true,"Hash Cond": "(lineitem.l_partkey = part.p_partkey)","Join Filter": "(lineitem.l_quantity < (SubPlan 1))","Rows Removed by Join Filter": 4442,"Plans": [{"Node Type": "Seq Scan","Parent Relationship": "Outer","Parallel Aware": false,"Async Capable": false,"Relation Name": "lineitem","Alias": "lineitem","Startup Cost": 0.00,"Total Cost": 172515.15,"Plan Rows": 6001215,"Plan Width": 17,"Actual Startup Time": 0.016,"Actual Total Time": 1006.907,"Actual Rows": 6001215,"Actual Loops": 1},{"Node Type": "Hash","Parent Relationship": "Inner","Parallel Aware": false,"Async Capable": false,"Startup Cost": 6368.88,"Total Cost": 6368.88,"Plan Rows": 219,"Plan Width": 4,"Actual Startup Time": 32.273,"Actual Total Time": 32.805,"Actual Rows": 163,"Actual Loops": 1,"Hash Buckets": 1024,"Original Hash Buckets": 1024,"Hash Batches": 1,"Original Hash Batches": 1,"Peak Memory Usage": 14,"Plans": [{"Node Type": "Gather","Parent Relationship": "Outer","Parallel Aware": false,"Async Capable": false,"Startup Cost": 1000.00,"Total Cost": 6368.88,"Plan Rows": 219,"Plan Width": 4,"Actual Startup Time": 1.011,"Actual Total Time": 32.752,"Actual Rows": 163,"Actual Loops": 1,"Workers Planned": 2,"Workers Launched": 2,"Single Copy": false,"Plans": [{"Node Type": "Seq Scan","Parent Relationship": "Outer","Parallel Aware": true,"Async Capable": false,"Relation Name": "part","Alias": "part","Startup Cost": 0.00,"Total Cost": 5347.00,"Plan Rows": 91,"Plan Width": 4,"Actual Startup Time": 0.462,"Actual Total Time": 26.271,"Actual Rows": 54,"Actual Loops": 3,"Filter": "((p_brand = 'Brand#42'::bpchar) AND (p_container = 'JUMBO CAN'::bpchar))","Rows Removed by Filter": 66612,"Workers": []}]}]},{"Node Type": "Aggregate","Strategy": "Plain","Partial Mode": "Simple","Parent Relationship": "SubPlan","Subplan Name": "SubPlan 1","Parallel Aware": false,"Async Capable": false,"Startup Cost": 127.60,"Total Cost": 127.61,"Plan Rows": 1,"Plan Width": 32,"Actual Startup Time": 0.129,"Actual Total Time": 0.129,"Actual Rows": 1,"Actual Loops": 4899,"Plans": [{"Node Type": "Bitmap Heap Scan","Parent Relationship": "Outer","Parallel Aware": false,"Async Capable": false,"Relation Name": "lineitem","Alias": "lineitem_1","Startup Cost": 4.67,"Total Cost": 127.52,"Plan Rows": 31,"Plan Width": 5,"Actual Startup Time": 0.014,"Actual Total Time": 0.122,"Actual Rows": 31,"Actual Loops": 4899,"Recheck Cond": "(l_partkey = part.p_partkey)","Rows Removed by Index Recheck": 0,"Exact Heap Blocks": 152225,"Lossy Heap Blocks": 0,"Plans": [{"Node Type": "Bitmap Index Scan","Parent Relationship": "Outer","Parallel Aware": false,"Async Capable": false,"Index Name": "idx_lineitem_part_supp","Startup Cost": 0.00,"Total Cost": 4.67,"Plan Rows": 31,"Plan Width": 0,"Actual Startup Time": 0.008,"Actual Total Time": 0.008,"Actual Rows": 31,"Actual Loops": 4899,"Index Cond": "(l_partkey = part.p_partkey)"}]}]}]}]},"Planning Time": 4.593,"Triggers": [],"Execution Time": 4646.727}]
[{"Plan": {"Node Type": "Aggregate","Strategy": "Plain","Partial Mode": "Simple","Parallel Aware": false,"Async Capable": false,"Startup Cost": 195919.10,"Total Cost": 195919.11,"Plan Rows": 1,"Plan Width": 32,"Actual Startup Time": 4997.472,"Actual Total Time": 4998.289,"Actual Rows": 1,"Actual Loops": 1,"Plans": [{"Node Type": "Hash Join","Parent Relationship": "Outer","Parallel Aware": false,"Async Capable": false,"Join Type": "Inner","Startup Cost": 6369.53,"Total Cost": 195914.09,"Plan Rows": 2003,"Plan Width": 8,"Actual Startup Time": 35.272,"Actual Total Time": 4997.824,"Actual Rows": 524,"Actual Loops": 1,"Inner Unique": true,"Hash Cond": "(lineitem.l_partkey = part.p_partkey)","Join Filter": "(lineitem.l_quantity < (SubPlan 1))","Rows Removed by Join Filter": 5477,"Plans": [{"Node Type": "Seq Scan","Parent Relationship": "Outer","Parallel Aware": false,"Async Capable": false,"Relation Name": "lineitem","Alias": "lineitem","Startup Cost": 0.00,"Total Cost": 172515.15,"Plan Rows": 6001215,"Plan Width": 17,"Actual Startup Time": 0.015,"Actual Total Time": 1005.729,"Actual Rows": 6001215,"Actual Loops": 1},{"Node Type": "Hash","Parent Relationship": "Inner","Parallel Aware": false,"Async Capable": false,"Startup Cost": 6367.03,"Total Cost": 6367.03,"Plan Rows": 200,"Plan Width": 4,"Actual Startup Time": 33.044,"Actual Total Time": 33.822,"Actual Rows": 203,"Actual Loops": 1,"Hash Buckets": 1024,"Original Hash Buckets": 1024,"Hash Batches": 1,"Original Hash Batches": 1,"Peak Memory Usage": 16,"Plans": [{"Node Type": "Gather","Parent Relationship": "Outer","Parallel Aware": false,"Async Capable": false,"Startup Cost": 1000.00,"Total Cost": 6367.03,"Plan Rows": 200,"Plan Width": 4,"Actual Startup Time": 0.754,"Actual Total Time": 33.737,"Actual Rows": 203,"Actual Loops": 1,"Workers Planned": 2,"Workers Launched": 2,"Single Copy": false,"Plans": [{"Node Type": "Seq Scan","Parent Relationship": "Outer","Parallel Aware": true,"Async Capable": false,"Relation Name": "part","Alias": "part","Startup Cost": 0.00,"Total Cost": 5347.00,"Plan Rows": 83,"Plan Width": 4,"Actual Startup Time": 0.171,"Actual Total Time": 27.139,"Actual Rows": 68,"Actual Loops": 3,"Filter": "((p_brand = 'Brand#42'::bpchar) AND (p_container = 'SM PKG'::bpchar))","Rows Removed by Filter": 66599,"Workers": []}]}]},{"Node Type": "Aggregate","Strategy": "Plain","Partial Mode": "Simple","Parent Relationship": "SubPlan","Subplan Name": "SubPlan 1","Parallel Aware": false,"Async Capable": false,"Startup Cost": 127.60,"Total Cost": 127.61,"Plan Rows": 1,"Plan Width": 32,"Actual Startup Time": 0.134,"Actual Total Time": 0.134,"Actual Rows": 1,"Actual Loops": 6001,"Plans": [{"Node Type": "Bitmap Heap Scan","Parent Relationship": "Outer","Parallel Aware": false,"Async Capable": false,"Relation Name": "lineitem","Alias": "lineitem_1","Startup Cost": 4.67,"Total Cost": 127.52,"Plan Rows": 31,"Plan Width": 5,"Actual Startup Time": 0.014,"Actual Total Time": 0.127,"Actual Rows": 31,"Actual Loops": 6001,"Recheck Cond": "(l_partkey = part.p_partkey)","Rows Removed by Index Recheck": 0,"Exact Heap Blocks": 183883,"Lossy Heap Blocks": 0,"Plans": [{"Node Type": "Bitmap Index Scan","Parent Relationship": "Outer","Parallel Aware": false,"Async Capable": false,"Index Name": "idx_lineitem_part_supp","Startup Cost": 0.00,"Total Cost": 4.67,"Plan Rows": 31,"Plan Width": 0,"Actual Startup Time": 0.008,"Actual Total Time": 0.008,"Actual Rows": 31,"Actual Loops": 6001,"Index Cond": "(l_partkey = part.p_partkey)"}]}]}]}]},"Planning Time": 5.541,"Triggers": [],"Execution Time": 4998.695}]
[{"Plan": {"Node Type": "Aggregate","Strategy": "Plain","Partial Mode": "Simple","Parallel Aware": false,"Async Capable": false,"Startup Cost": 195918.70,"Total Cost": 195918.72,"Plan Rows": 1,"Plan Width": 32,"Actual Startup Time": 4932.699,"Actual Total Time": 4933.451,"Actual Rows": 1,"Actual Loops": 1,"Plans": [{"Node Type": "Hash Join","Parent Relationship": "Outer","Parallel Aware": false,"Async Capable": false,"Join Type": "Inner","Startup Cost": 6369.21,"Total Cost": 195913.76,"Plan Rows": 1975,"Plan Width": 8,"Actual Startup Time": 31.738,"Actual Total Time": 4933.107,"Actual Rows": 544,"Actual Loops": 1,"Inner Unique": true,"Hash Cond": "(lineitem.l_partkey = part.p_partkey)","Join Filter": "(lineitem.l_quantity < (SubPlan 1))","Rows Removed by Join Filter": 5269,"Plans": [{"Node Type": "Seq Scan","Parent Relationship": "Outer","Parallel Aware": false,"Async Capable": false,"Relation Name": "lineitem","Alias": "lineitem","Startup Cost": 0.00,"Total Cost": 172515.15,"Plan Rows": 6001215,"Plan Width": 17,"Actual Startup Time": 0.013,"Actual Total Time": 1005.851,"Actual Rows": 6001215,"Actual Loops": 1},{"Node Type": "Hash","Parent Relationship": "Inner","Parallel Aware": false,"Async Capable": false,"Startup Cost": 6366.74,"Total Cost": 6366.74,"Plan Rows": 197,"Plan Width": 4,"Actual Startup Time": 30.926,"Actual Total Time": 31.643,"Actual Rows": 194,"Actual Loops": 1,"Hash Buckets": 1024,"Original Hash Buckets": 1024,"Hash Batches": 1,"Original Hash Batches": 1,"Peak Memory Usage": 15,"Plans": [{"Node Type": "Gather","Parent Relationship": "Outer","Parallel Aware": false,"Async Capable": false,"Startup Cost": 1000.00,"Total Cost": 6366.74,"Plan Rows": 197,"Plan Width": 4,"Actual Startup Time": 0.891,"Actual Total Time": 31.581,"Actual Rows": 194,"Actual Loops": 1,"Workers Planned": 2,"Workers Launched": 2,"Single Copy": false,"Plans": [{"Node Type": "Seq Scan","Parent Relationship": "Outer","Parallel Aware": true,"Async Capable": false,"Relation Name": "part","Alias": "part","Startup Cost": 0.00,"Total Cost": 5347.00,"Plan Rows": 82,"Plan Width": 4,"Actual Startup Time": 0.309,"Actual Total Time": 24.563,"Actual Rows": 65,"Actual Loops": 3,"Filter": "((p_brand = 'Brand#12'::bpchar) AND (p_container = 'JUMBO DRUM'::bpchar))","Rows Removed by Filter": 66602,"Workers": []}]}]},{"Node Type": "Aggregate","Strategy": "Plain","Partial Mode": "Simple","Parent Relationship": "SubPlan","Subplan Name": "SubPlan 1","Parallel Aware": false,"Async Capable": false,"Startup Cost": 127.60,"Total Cost": 127.61,"Plan Rows": 1,"Plan Width": 32,"Actual Startup Time": 0.135,"Actual Total Time": 0.135,"Actual Rows": 1,"Actual Loops": 5813,"Plans": [{"Node Type": "Bitmap Heap Scan","Parent Relationship": "Outer","Parallel Aware": false,"Async Capable": false,"Relation Name": "lineitem","Alias": "lineitem_1","Startup Cost": 4.67,"Total Cost": 127.52,"Plan Rows": 31,"Plan Width": 5,"Actual Startup Time": 0.014,"Actual Total Time": 0.128,"Actual Rows": 31,"Actual Loops": 5813,"Recheck Cond": "(l_partkey = part.p_partkey)","Rows Removed by Index Recheck": 0,"Exact Heap Blocks": 180572,"Lossy Heap Blocks": 0,"Plans": [{"Node Type": "Bitmap Index Scan","Parent Relationship": "Outer","Parallel Aware": false,"Async Capable": false,"Index Name": "idx_lineitem_part_supp","Startup Cost": 0.00,"Total Cost": 4.67,"Plan Rows": 31,"Plan Width": 0,"Actual Startup Time": 0.007,"Actual Total Time": 0.007,"Actual Rows": 31,"Actual Loops": 5813,"Index Cond": "(l_partkey = part.p_partkey)"}]}]}]}]},"Planning Time": 5.835,"Triggers": [],"Execution Time": 4933.826}]
[{"Plan": {"Node Type": "Aggregate","Strategy": "Plain","Partial Mode": "Simple","Parallel Aware": false,"Async Capable": false,"Startup Cost": 195916.25,"Total Cost": 195916.26,"Plan Rows": 1,"Plan Width": 32,"Actual Startup Time": 4789.914,"Actual Total Time": 4790.653,"Actual Rows": 1,"Actual Loops": 1,"Plans": [{"Node Type": "Hash Join","Parent Relationship": "Outer","Parallel Aware": false,"Async Capable": false,"Join Type": "Inner","Startup Cost": 6367.20,"Total Cost": 195911.76,"Plan Rows": 1796,"Plan Width": 8,"Actual Startup Time": 64.316,"Actual Total Time": 4790.202,"Actual Rows": 508,"Actual Loops": 1,"Inner Unique": true,"Hash Cond": "(lineitem.l_partkey = part.p_partkey)","Join Filter": "(lineitem.l_quantity < (SubPlan 1))","Rows Removed by Join Filter": 4910,"Plans": [{"Node Type": "Seq Scan","Parent Relationship": "Outer","Parallel Aware": false,"Async Capable": false,"Relation Name": "lineitem","Alias": "lineitem","Startup Cost": 0.00,"Total Cost": 172515.15,"Plan Rows": 6001215,"Plan Width": 17,"Actual Startup Time": 0.016,"Actual Total Time": 969.926,"Actual Rows": 6001215,"Actual Loops": 1},{"Node Type": "Hash","Parent Relationship": "Inner","Parallel Aware": false,"Async Capable": false,"Startup Cost": 6364.96,"Total Cost": 6364.96,"Plan Rows": 180,"Plan Width": 4,"Actual Startup Time": 32.206,"Actual Total Time": 32.897,"Actual Rows": 182,"Actual Loops": 1,"Hash Buckets": 1024,"Original Hash Buckets": 1024,"Hash Batches": 1,"Original Hash Batches": 1,"Peak Memory Usage": 15,"Plans": [{"Node Type": "Gather","Parent Relationship": "Outer","Parallel Aware": false,"Async Capable": false,"Startup Cost": 1000.00,"Total Cost": 6364.96,"Plan Rows": 180,"Plan Width": 4,"Actual Startup Time": 1.184,"Actual Total Time": 32.820,"Actual Rows": 182,"Actual Loops": 1,"Workers Planned": 2,"Workers Launched": 2,"Single Copy": false,"Plans": [{"Node Type": "Seq Scan","Parent Relationship": "Outer","Parallel Aware": true,"Async Capable": false,"Relation Name": "part","Alias": "part","Startup Cost": 0.00,"Total Cost": 5347.00,"Plan Rows": 75,"Plan Width": 4,"Actual Startup Time": 0.362,"Actual Total Time": 26.557,"Actual Rows": 61,"Actual Loops": 3,"Filter": "((p_brand = 'Brand#22'::bpchar) AND (p_container = 'WRAP PACK'::bpchar))","Rows Removed by Filter": 66606,"Workers": []}]}]},{"Node Type": "Aggregate","Strategy": "Plain","Partial Mode": "Simple","Parent Relationship": "SubPlan","Subplan Name": "SubPlan 1","Parallel Aware": false,"Async Capable": false,"Startup Cost": 127.60,"Total Cost": 127.61,"Plan Rows": 1,"Plan Width": 32,"Actual Startup Time": 0.117,"Actual Total Time": 0.117,"Actual Rows": 1,"Actual Loops": 5418,"Plans": [{"Node Type": "Bitmap Heap Scan","Parent Relationship": "Outer","Parallel Aware": false,"Async Capable": false,"Relation Name": "lineitem","Alias": "lineitem_1","Startup Cost": 4.67,"Total Cost": 127.52,"Plan Rows": 31,"Plan Width": 5,"Actual Startup Time": 0.013,"Actual Total Time": 0.110,"Actual Rows": 31,"Actual Loops": 5418,"Recheck Cond": "(l_partkey = part.p_partkey)","Rows Removed by Index Recheck": 0,"Exact Heap Blocks": 166262,"Lossy Heap Blocks": 0,"Plans": [{"Node Type": "Bitmap Index Scan","Parent Relationship": "Outer","Parallel Aware": false,"Async Capable": false,"Index Name": "idx_lineitem_part_supp","Startup Cost": 0.00,"Total Cost": 4.67,"Plan Rows": 31,"Plan Width": 0,"Actual Startup Time": 0.007,"Actual Total Time": 0.007,"Actual Rows": 31,"Actual Loops": 5418,"Index Cond": "(l_partkey = part.p_partkey)"}]}]}]}]},"Planning Time": 4.430,"Triggers": [],"Execution Time": 4791.035}]
[{"Plan": {"Node Type": "Aggregate","Strategy": "Plain","Partial Mode": "Simple","Parallel Aware": false,"Async Capable": false,"Startup Cost": 195919.89,"Total Cost": 195919.90,"Plan Rows": 1,"Plan Width": 32,"Actual Startup Time": 4843.161,"Actual Total Time": 4843.994,"Actual Rows": 1,"Actual Loops": 1,"Plans": [{"Node Type": "Hash Join","Parent Relationship": "Outer","Parallel Aware": false,"Async Capable": false,"Join Type": "Inner","Startup Cost": 6370.18,"Total Cost": 195914.73,"Plan Rows": 2061,"Plan Width": 8,"Actual Startup Time": 45.551,"Actual Total Time": 4843.653,"Actual Rows": 466,"Actual Loops": 1,"Inner Unique": true,"Hash Cond": "(lineitem.l_partkey = part.p_partkey)","Join Filter": "(lineitem.l_quantity < (SubPlan 1))","Rows Removed by Join Filter": 4891,"Plans": [{"Node Type": "Seq Scan","Parent Relationship": "Outer","Parallel Aware": false,"Async Capable": false,"Relation Name": "lineitem","Alias": "lineitem","Startup Cost": 0.00,"Total Cost": 172515.15,"Plan Rows": 6001215,"Plan Width": 17,"Actual Startup Time": 0.023,"Actual Total Time": 1013.040,"Actual Rows": 6001215,"Actual Loops": 1},{"Node Type": "Hash","Parent Relationship": "Inner","Parallel Aware": false,"Async Capable": false,"Startup Cost": 6367.60,"Total Cost": 6367.60,"Plan Rows": 206,"Plan Width": 4,"Actual Startup Time": 30.275,"Actual Total Time": 31.061,"Actual Rows": 180,"Actual Loops": 1,"Hash Buckets": 1024,"Original Hash Buckets": 1024,"Hash Batches": 1,"Original Hash Batches": 1,"Peak Memory Usage": 15,"Plans": [{"Node Type": "Gather","Parent Relationship": "Outer","Parallel Aware": false,"Async Capable": false,"Startup Cost": 1000.00,"Total Cost": 6367.60,"Plan Rows": 206,"Plan Width": 4,"Actual Startup Time": 2.336,"Actual Total Time": 30.985,"Actual Rows": 180,"Actual Loops": 1,"Workers Planned": 2,"Workers Launched": 2,"Single Copy": false,"Plans": [{"Node Type": "Seq Scan","Parent Relationship": "Outer","Parallel Aware": true,"Async Capable": false,"Relation Name": "part","Alias": "part","Startup Cost": 0.00,"Total Cost": 5347.00,"Plan Rows": 86,"Plan Width": 4,"Actual Startup Time": 1.481,"Actual Total Time": 23.825,"Actual Rows": 60,"Actual Loops": 3,"Filter": "((p_brand = 'Brand#15'::bpchar) AND (p_container = 'WRAP BAG'::bpchar))","Rows Removed by Filter": 66607,"Workers": []}]}]},{"Node Type": "Aggregate","Strategy": "Plain","Partial Mode": "Simple","Parent Relationship": "SubPlan","Subplan Name": "SubPlan 1","Parallel Aware": false,"Async Capable": false,"Startup Cost": 127.60,"Total Cost": 127.61,"Plan Rows": 1,"Plan Width": 32,"Actual Startup Time": 0.132,"Actual Total Time": 0.132,"Actual Rows": 1,"Actual Loops": 5357,"Plans": [{"Node Type": "Bitmap Heap Scan","Parent Relationship": "Outer","Parallel Aware": false,"Async Capable": false,"Relation Name": "lineitem","Alias": "lineitem_1","Startup Cost": 4.67,"Total Cost": 127.52,"Plan Rows": 31,"Plan Width": 5,"Actual Startup Time": 0.014,"Actual Total Time": 0.124,"Actual Rows": 31,"Actual Loops": 5357,"Recheck Cond": "(l_partkey = part.p_partkey)","Rows Removed by Index Recheck": 0,"Exact Heap Blocks": 164641,"Lossy Heap Blocks": 0,"Plans": [{"Node Type": "Bitmap Index Scan","Parent Relationship": "Outer","Parallel Aware": false,"Async Capable": false,"Index Name": "idx_lineitem_part_supp","Startup Cost": 0.00,"Total Cost": 4.67,"Plan Rows": 31,"Plan Width": 0,"Actual Startup Time": 0.008,"Actual Total Time": 0.008,"Actual Rows": 31,"Actual Loops": 5357,"Index Cond": "(l_partkey = part.p_partkey)"}]}]}]}]},"Planning Time": 5.516,"Triggers": [],"Execution Time": 4844.535}]
[{"Plan": {"Node Type": "Aggregate","Strategy": "Plain","Partial Mode": "Simple","Parallel Aware": false,"Async Capable": false,"Startup Cost": 195918.12,"Total Cost": 195918.13,"Plan Rows": 1,"Plan Width": 32,"Actual Startup Time": 4848.467,"Actual Total Time": 4849.096,"Actual Rows": 1,"Actual Loops": 1,"Plans": [{"Node Type": "Hash Join","Parent Relationship": "Outer","Parallel Aware": false,"Async Capable": false,"Join Type": "Inner","Startup Cost": 6368.73,"Total Cost": 195913.28,"Plan Rows": 1932,"Plan Width": 8,"Actual Startup Time": 38.335,"Actual Total Time": 4848.700,"Actual Rows": 563,"Actual Loops": 1,"Inner Unique": true,"Hash Cond": "(lineitem.l_partkey = part.p_partkey)","Join Filter": "(lineitem.l_quantity < (SubPlan 1))","Rows Removed by Join Filter": 5589,"Plans": [{"Node Type": "Seq Scan","Parent Relationship": "Outer","Parallel Aware": false,"Async Capable": false,"Relation Name": "lineitem","Alias": "lineitem","Startup Cost": 0.00,"Total Cost": 172515.15,"Plan Rows": 6001215,"Plan Width": 17,"Actual Startup Time": 0.014,"Actual Total Time": 976.474,"Actual Rows": 6001215,"Actual Loops": 1},{"Node Type": "Hash","Parent Relationship": "Inner","Parallel Aware": false,"Async Capable": false,"Startup Cost": 6366.32,"Total Cost": 6366.32,"Plan Rows": 193,"Plan Width": 4,"Actual Startup Time": 30.543,"Actual Total Time": 31.140,"Actual Rows": 211,"Actual Loops": 1,"Hash Buckets": 1024,"Original Hash Buckets": 1024,"Hash Batches": 1,"Original Hash Batches": 1,"Peak Memory Usage": 16,"Plans": [{"Node Type": "Gather","Parent Relationship": "Outer","Parallel Aware": false,"Async Capable": false,"Startup Cost": 1000.00,"Total Cost": 6366.32,"Plan Rows": 193,"Plan Width": 4,"Actual Startup Time": 2.666,"Actual Total Time": 31.086,"Actual Rows": 211,"Actual Loops": 1,"Workers Planned": 2,"Workers Launched": 2,"Single Copy": false,"Plans": [{"Node Type": "Seq Scan","Parent Relationship": "Outer","Parallel Aware": true,"Async Capable": false,"Relation Name": "part","Alias": "part","Startup Cost": 0.00,"Total Cost": 5347.00,"Plan Rows": 80,"Plan Width": 4,"Actual Startup Time": 1.179,"Actual Total Time": 24.781,"Actual Rows": 70,"Actual Loops": 3,"Filter": "((p_brand = 'Brand#53'::bpchar) AND (p_container = 'LG PKG'::bpchar))","Rows Removed by Filter": 66596,"Workers": []}]}]},{"Node Type": "Aggregate","Strategy": "Plain","Partial Mode": "Simple","Parent Relationship": "SubPlan","Subplan Name": "SubPlan 1","Parallel Aware": false,"Async Capable": false,"Startup Cost": 127.60,"Total Cost": 127.61,"Plan Rows": 1,"Plan Width": 32,"Actual Startup Time": 0.116,"Actual Total Time": 0.116,"Actual Rows": 1,"Actual Loops": 6152,"Plans": [{"Node Type": "Bitmap Heap Scan","Parent Relationship": "Outer","Parallel Aware": false,"Async Capable": false,"Relation Name": "lineitem","Alias": "lineitem_1","Startup Cost": 4.67,"Total Cost": 127.52,"Plan Rows": 31,"Plan Width": 5,"Actual Startup Time": 0.013,"Actual Total Time": 0.109,"Actual Rows": 30,"Actual Loops": 6152,"Recheck Cond": "(l_partkey = part.p_partkey)","Rows Removed by Index Recheck": 0,"Exact Heap Blocks": 185552,"Lossy Heap Blocks": 0,"Plans": [{"Node Type": "Bitmap Index Scan","Parent Relationship": "Outer","Parallel Aware": false,"Async Capable": false,"Index Name": "idx_lineitem_part_supp","Startup Cost": 0.00,"Total Cost": 4.67,"Plan Rows": 31,"Plan Width": 0,"Actual Startup Time": 0.007,"Actual Total Time": 0.007,"Actual Rows": 30,"Actual Loops": 6152,"Index Cond": "(l_partkey = part.p_partkey)"}]}]}]}]},"Planning Time": 4.982,"Triggers": [],"Execution Time": 4849.423}]
[{"Plan": {"Node Type": "Aggregate","Strategy": "Plain","Partial Mode": "Simple","Parallel Aware": false,"Async Capable": false,"Startup Cost": 195917.39,"Total Cost": 195917.40,"Plan Rows": 1,"Plan Width": 32,"Actual Startup Time": 4622.991,"Actual Total Time": 4623.477,"Actual Rows": 1,"Actual Loops": 1,"Plans": [{"Node Type": "Hash Join","Parent Relationship": "Outer","Parallel Aware": false,"Async Capable": false,"Join Type": "Inner","Startup Cost": 6368.13,"Total Cost": 195912.69,"Plan Rows": 1879,"Plan Width": 8,"Actual Startup Time": 65.543,"Actual Total Time": 4623.101,"Actual Rows": 588,"Actual Loops": 1,"Inner Unique": true,"Hash Cond": "(lineitem.l_partkey = part.p_partkey)","Join Filter": "(lineitem.l_quantity < (SubPlan 1))","Rows Removed by Join Filter": 5757,"Plans": [{"Node Type": "Seq Scan","Parent Relationship": "Outer","Parallel Aware": false,"Async Capable": false,"Relation Name": "lineitem","Alias": "lineitem","Startup Cost": 0.00,"Total Cost": 172515.15,"Plan Rows": 6001215,"Plan Width": 17,"Actual Startup Time": 0.018,"Actual Total Time": 895.463,"Actual Rows": 6001215,"Actual Loops": 1},{"Node Type": "Hash","Parent Relationship": "Inner","Parallel Aware": false,"Async Capable": false,"Startup Cost": 6365.79,"Total Cost": 6365.79,"Plan Rows": 188,"Plan Width": 4,"Actual Startup Time": 31.507,"Actual Total Time": 31.960,"Actual Rows": 212,"Actual Loops": 1,"Hash Buckets": 1024,"Original Hash Buckets": 1024,"Hash Batches": 1,"Original Hash Batches": 1,"Peak Memory Usage": 16,"Plans": [{"Node Type": "Gather","Parent Relationship": "Outer","Parallel Aware": false,"Async Capable": false,"Startup Cost": 1000.00,"Total Cost": 6365.79,"Plan Rows": 188,"Plan Width": 4,"Actual Startup Time": 0.573,"Actual Total Time": 31.875,"Actual Rows": 212,"Actual Loops": 1,"Workers Planned": 2,"Workers Launched": 2,"Single Copy": false,"Plans": [{"Node Type": "Seq Scan","Parent Relationship": "Outer","Parallel Aware": true,"Async Capable": false,"Relation Name": "part","Alias": "part","Startup Cost": 0.00,"Total Cost": 5347.00,"Plan Rows": 78,"Plan Width": 4,"Actual Startup Time": 0.770,"Actual Total Time": 25.680,"Actual Rows": 71,"Actual Loops": 3,"Filter": "((p_brand = 'Brand#23'::bpchar) AND (p_container = 'JUMBO PACK'::bpchar))","Rows Removed by Filter": 66596,"Workers": []}]}]},{"Node Type": "Aggregate","Strategy": "Plain","Partial Mode": "Simple","Parent Relationship": "SubPlan","Subplan Name": "SubPlan 1","Parallel Aware": false,"Async Capable": false,"Startup Cost": 127.60,"Total Cost": 127.61,"Plan Rows": 1,"Plan Width": 32,"Actual Startup Time": 0.114,"Actual Total Time": 0.114,"Actual Rows": 1,"Actual Loops": 6345,"Plans": [{"Node Type": "Bitmap Heap Scan","Parent Relationship": "Outer","Parallel Aware": false,"Async Capable": false,"Relation Name": "lineitem","Alias": "lineitem_1","Startup Cost": 4.67,"Total Cost": 127.52,"Plan Rows": 31,"Plan Width": 5,"Actual Startup Time": 0.013,"Actual Total Time": 0.107,"Actual Rows": 31,"Actual Loops": 6345,"Recheck Cond": "(l_partkey = part.p_partkey)","Rows Removed by Index Recheck": 0,"Exact Heap Blocks": 196382,"Lossy Heap Blocks": 0,"Plans": [{"Node Type": "Bitmap Index Scan","Parent Relationship": "Outer","Parallel Aware": false,"Async Capable": false,"Index Name": "idx_lineitem_part_supp","Startup Cost": 0.00,"Total Cost": 4.67,"Plan Rows": 31,"Plan Width": 0,"Actual Startup Time": 0.007,"Actual Total Time": 0.007,"Actual Rows": 31,"Actual Loops": 6345,"Index Cond": "(l_partkey = part.p_partkey)"}]}]}]}]},"Planning Time": 4.753,"Triggers": [],"Execution Time": 4623.804}]
[{"Plan": {"Node Type": "Aggregate","Strategy": "Plain","Partial Mode": "Simple","Parallel Aware": false,"Async Capable": false,"Startup Cost": 195918.29,"Total Cost": 195918.31,"Plan Rows": 1,"Plan Width": 32,"Actual Startup Time": 4927.736,"Actual Total Time": 4928.216,"Actual Rows": 1,"Actual Loops": 1,"Plans": [{"Node Type": "Hash Join","Parent Relationship": "Outer","Parallel Aware": false,"Async Capable": false,"Join Type": "Inner","Startup Cost": 6368.88,"Total Cost": 195913.43,"Plan Rows": 1945,"Plan Width": 8,"Actual Startup Time": 58.402,"Actual Total Time": 4927.998,"Actual Rows": 545,"Actual Loops": 1,"Inner Unique": true,"Hash Cond": "(lineitem.l_partkey = part.p_partkey)","Join Filter": "(lineitem.l_quantity < (SubPlan 1))","Rows Removed by Join Filter": 5718,"Plans": [{"Node Type": "Seq Scan","Parent Relationship": "Outer","Parallel Aware": false,"Async Capable": false,"Relation Name": "lineitem","Alias": "lineitem","Startup Cost": 0.00,"Total Cost": 172515.15,"Plan Rows": 6001215,"Plan Width": 17,"Actual Startup Time": 0.021,"Actual Total Time": 1027.282,"Actual Rows": 6001215,"Actual Loops": 1},{"Node Type": "Hash","Parent Relationship": "Inner","Parallel Aware": false,"Async Capable": false,"Startup Cost": 6366.44,"Total Cost": 6366.44,"Plan Rows": 194,"Plan Width": 4,"Actual Startup Time": 32.696,"Actual Total Time": 33.162,"Actual Rows": 205,"Actual Loops": 1,"Hash Buckets": 1024,"Original Hash Buckets": 1024,"Hash Batches": 1,"Original Hash Batches": 1,"Peak Memory Usage": 16,"Plans": [{"Node Type": "Gather","Parent Relationship": "Outer","Parallel Aware": false,"Async Capable": false,"Startup Cost": 1000.00,"Total Cost": 6366.44,"Plan Rows": 194,"Plan Width": 4,"Actual Startup Time": 1.727,"Actual Total Time": 33.114,"Actual Rows": 205,"Actual Loops": 1,"Workers Planned": 2,"Workers Launched": 2,"Single Copy": false,"Plans": [{"Node Type": "Seq Scan","Parent Relationship": "Outer","Parallel Aware": true,"Async Capable": false,"Relation Name": "part","Alias": "part","Startup Cost": 0.00,"Total Cost": 5347.00,"Plan Rows": 81,"Plan Width": 4,"Actual Startup Time": 1.543,"Actual Total Time": 26.747,"Actual Rows": 68,"Actual Loops": 3,"Filter": "((p_brand = 'Brand#31'::bpchar) AND (p_container = 'JUMBO CASE'::bpchar))","Rows Removed by Filter": 66598,"Workers": []}]}]},{"Node Type": "Aggregate","Strategy": "Plain","Partial Mode": "Simple","Parent Relationship": "SubPlan","Subplan Name": "SubPlan 1","Parallel Aware": false,"Async Capable": false,"Startup Cost": 127.60,"Total Cost": 127.61,"Plan Rows": 1,"Plan Width": 32,"Actual Startup Time": 0.130,"Actual Total Time": 0.130,"Actual Rows": 1,"Actual Loops": 6263,"Plans": [{"Node Type": "Bitmap Heap Scan","Parent Relationship": "Outer","Parallel Aware": false,"Async Capable": false,"Relation Name": "lineitem","Alias": "lineitem_1","Startup Cost": 4.67,"Total Cost": 127.52,"Plan Rows": 31,"Plan Width": 5,"Actual Startup Time": 0.013,"Actual Total Time": 0.123,"Actual Rows": 31,"Actual Loops": 6263,"Recheck Cond": "(l_partkey = part.p_partkey)","Rows Removed by Index Recheck": 0,"Exact Heap Blocks": 197040,"Lossy Heap Blocks": 0,"Plans": [{"Node Type": "Bitmap Index Scan","Parent Relationship": "Outer","Parallel Aware": false,"Async Capable": false,"Index Name": "idx_lineitem_part_supp","Startup Cost": 0.00,"Total Cost": 4.67,"Plan Rows": 31,"Plan Width": 0,"Actual Startup Time": 0.007,"Actual Total Time": 0.007,"Actual Rows": 31,"Actual Loops": 6263,"Index Cond": "(l_partkey = part.p_partkey)"}]}]}]}]},"Planning Time": 5.822,"Triggers": [],"Execution Time": 4928.533}]
[{"Plan": {"Node Type": "Aggregate","Strategy": "Plain","Partial Mode": "Simple","Parallel Aware": false,"Async Capable": false,"Startup Cost": 195917.96,"Total Cost": 195917.97,"Plan Rows": 1,"Plan Width": 32,"Actual Startup Time": 4801.613,"Actual Total Time": 4802.263,"Actual Rows": 1,"Actual Loops": 1,"Plans": [{"Node Type": "Hash Join","Parent Relationship": "Outer","Parallel Aware": false,"Async Capable": false,"Join Type": "Inner","Startup Cost": 6368.60,"Total Cost": 195913.16,"Plan Rows": 1921,"Plan Width": 8,"Actual Startup Time": 51.790,"Actual Total Time": 4801.795,"Actual Rows": 508,"Actual Loops": 1,"Inner Unique": true,"Hash Cond": "(lineitem.l_partkey = part.p_partkey)","Join Filter": "(lineitem.l_quantity < (SubPlan 1))","Rows Removed by Join Filter": 5203,"Plans": [{"Node Type": "Seq Scan","Parent Relationship": "Outer","Parallel Aware": false,"Async Capable": false,"Relation Name": "lineitem","Alias": "lineitem","Startup Cost": 0.00,"Total Cost": 172515.15,"Plan Rows": 6001215,"Plan Width": 17,"Actual Startup Time": 0.016,"Actual Total Time": 977.299,"Actual Rows": 6001215,"Actual Loops": 1},{"Node Type": "Hash","Parent Relationship": "Inner","Parallel Aware": false,"Async Capable": false,"Startup Cost": 6366.20,"Total Cost": 6366.20,"Plan Rows": 192,"Plan Width": 4,"Actual Startup Time": 32.265,"Actual Total Time": 32.868,"Actual Rows": 192,"Actual Loops": 1,"Hash Buckets": 1024,"Original Hash Buckets": 1024,"Hash Batches": 1,"Original Hash Batches": 1,"Peak Memory Usage": 15,"Plans": [{"Node Type": "Gather","Parent Relationship": "Outer","Parallel Aware": false,"Async Capable": false,"Startup Cost": 1000.00,"Total Cost": 6366.20,"Plan Rows": 192,"Plan Width": 4,"Actual Startup Time": 0.752,"Actual Total Time": 32.776,"Actual Rows": 192,"Actual Loops": 1,"Workers Planned": 2,"Workers Launched": 2,"Single Copy": false,"Plans": [{"Node Type": "Seq Scan","Parent Relationship": "Outer","Parallel Aware": true,"Async Capable": false,"Relation Name": "part","Alias": "part","Startup Cost": 0.00,"Total Cost": 5347.00,"Plan Rows": 80,"Plan Width": 4,"Actual Startup Time": 1.172,"Actual Total Time": 26.873,"Actual Rows": 64,"Actual Loops": 3,"Filter": "((p_brand = 'Brand#52'::bpchar) AND (p_container = 'LG PKG'::bpchar))","Rows Removed by Filter": 66603,"Workers": []}]}]},{"Node Type": "Aggregate","Strategy": "Plain","Partial Mode": "Simple","Parent Relationship": "SubPlan","Subplan Name": "SubPlan 1","Parallel Aware": false,"Async Capable": false,"Startup Cost": 127.60,"Total Cost": 127.61,"Plan Rows": 1,"Plan Width": 32,"Actual Startup Time": 0.117,"Actual Total Time": 0.117,"Actual Rows": 1,"Actual Loops": 5711,"Plans": [{"Node Type": "Bitmap Heap Scan","Parent Relationship": "Outer","Parallel Aware": false,"Async Capable": false,"Relation Name": "lineitem","Alias": "lineitem_1","Startup Cost": 4.67,"Total Cost": 127.52,"Plan Rows": 31,"Plan Width": 5,"Actual Startup Time": 0.013,"Actual Total Time": 0.110,"Actual Rows": 31,"Actual Loops": 5711,"Recheck Cond": "(l_partkey = part.p_partkey)","Rows Removed by Index Recheck": 0,"Exact Heap Blocks": 175513,"Lossy Heap Blocks": 0,"Plans": [{"Node Type": "Bitmap Index Scan","Parent Relationship": "Outer","Parallel Aware": false,"Async Capable": false,"Index Name": "idx_lineitem_part_supp","Startup Cost": 0.00,"Total Cost": 4.67,"Plan Rows": 31,"Plan Width": 0,"Actual Startup Time": 0.007,"Actual Total Time": 0.007,"Actual Rows": 31,"Actual Loops": 5711,"Index Cond": "(l_partkey = part.p_partkey)"}]}]}]}]},"Planning Time": 4.636,"Triggers": [],"Execution Time": 4802.626}]
[{"Plan": {"Node Type": "Aggregate","Strategy": "Plain","Partial Mode": "Simple","Parallel Aware": false,"Async Capable": false,"Startup Cost": 195918.70,"Total Cost": 195918.72,"Plan Rows": 1,"Plan Width": 32,"Actual Startup Time": 4828.741,"Actual Total Time": 4829.288,"Actual Rows": 1,"Actual Loops": 1,"Plans": [{"Node Type": "Hash Join","Parent Relationship": "Outer","Parallel Aware": false,"Async Capable": false,"Join Type": "Inner","Startup Cost": 6369.21,"Total Cost": 195913.76,"Plan Rows": 1975,"Plan Width": 8,"Actual Startup Time": 42.539,"Actual Total Time": 4828.832,"Actual Rows": 542,"Actual Loops": 1,"Inner Unique": true,"Hash Cond": "(lineitem.l_partkey = part.p_partkey)","Join Filter": "(lineitem.l_quantity < (SubPlan 1))","Rows Removed by Join Filter": 5405,"Plans": [{"Node Type": "Seq Scan","Parent Relationship": "Outer","Parallel Aware": false,"Async Capable": false,"Relation Name": "lineitem","Alias": "lineitem","Startup Cost": 0.00,"Total Cost": 172515.15,"Plan Rows": 6001215,"Plan Width": 17,"Actual Startup Time": 0.021,"Actual Total Time": 975.975,"Actual Rows": 6001215,"Actual Loops": 1},{"Node Type": "Hash","Parent Relationship": "Inner","Parallel Aware": false,"Async Capable": false,"Startup Cost": 6366.74,"Total Cost": 6366.74,"Plan Rows": 197,"Plan Width": 4,"Actual Startup Time": 32.576,"Actual Total Time": 33.093,"Actual Rows": 199,"Actual Loops": 1,"Hash Buckets": 1024,"Original Hash Buckets": 1024,"Hash Batches": 1,"Original Hash Batches": 1,"Peak Memory Usage": 15,"Plans": [{"Node Type": "Gather","Parent Relationship": "Outer","Parallel Aware": false,"Async Capable": false,"Startup Cost": 1000.00,"Total Cost": 6366.74,"Plan Rows": 197,"Plan Width": 4,"Actual Startup Time": 4.267,"Actual Total Time": 33.016,"Actual Rows": 199,"Actual Loops": 1,"Workers Planned": 2,"Workers Launched": 2,"Single Copy": false,"Plans": [{"Node Type": "Seq Scan","Parent Relationship": "Outer","Parallel Aware": true,"Async Capable": false,"Relation Name": "part","Alias": "part","Startup Cost": 0.00,"Total Cost": 5347.00,"Plan Rows": 82,"Plan Width": 4,"Actual Startup Time": 1.904,"Actual Total Time": 27.035,"Actual Rows": 66,"Actual Loops": 3,"Filter": "((p_brand = 'Brand#31'::bpchar) AND (p_container = 'JUMBO PACK'::bpchar))","Rows Removed by Filter": 66600,"Workers": []}]}]},{"Node Type": "Aggregate","Strategy": "Plain","Partial Mode": "Simple","Parent Relationship": "SubPlan","Subplan Name": "SubPlan 1","Parallel Aware": false,"Async Capable": false,"Startup Cost": 127.60,"Total Cost": 127.61,"Plan Rows": 1,"Plan Width": 32,"Actual Startup Time": 0.118,"Actual Total Time": 0.118,"Actual Rows": 1,"Actual Loops": 5947,"Plans": [{"Node Type": "Bitmap Heap Scan","Parent Relationship": "Outer","Parallel Aware": false,"Async Capable": false,"Relation Name": "lineitem","Alias": "lineitem_1","Startup Cost": 4.67,"Total Cost": 127.52,"Plan Rows": 31,"Plan Width": 5,"Actual Startup Time": 0.013,"Actual Total Time": 0.111,"Actual Rows": 31,"Actual Loops": 5947,"Recheck Cond": "(l_partkey = part.p_partkey)","Rows Removed by Index Recheck": 0,"Exact Heap Blocks": 184927,"Lossy Heap Blocks": 0,"Plans": [{"Node Type": "Bitmap Index Scan","Parent Relationship": "Outer","Parallel Aware": false,"Async Capable": false,"Index Name": "idx_lineitem_part_supp","Startup Cost": 0.00,"Total Cost": 4.67,"Plan Rows": 31,"Plan Width": 0,"Actual Startup Time": 0.007,"Actual Total Time": 0.007,"Actual Rows": 31,"Actual Loops": 5947,"Index Cond": "(l_partkey = part.p_partkey)"}]}]}]}]},"Planning Time": 4.895,"Triggers": [],"Execution Time": 4829.698}]
[{"Plan": {"Node Type": "Aggregate","Strategy": "Plain","Partial Mode": "Simple","Parallel Aware": false,"Async Capable": false,"Startup Cost": 195920.22,"Total Cost": 195920.23,"Plan Rows": 1,"Plan Width": 32,"Actual Startup Time": 4966.050,"Actual Total Time": 4966.462,"Actual Rows": 1,"Actual Loops": 1,"Plans": [{"Node Type": "Hash Join","Parent Relationship": "Outer","Parallel Aware": false,"Async Capable": false,"Join Type": "Inner","Startup Cost": 6370.45,"Total Cost": 195915.01,"Plan Rows": 2085,"Plan Width": 8,"Actual Startup Time": 40.769,"Actual Total Time": 4966.207,"Actual Rows": 598,"Actual Loops": 1,"Inner Unique": true,"Hash Cond": "(lineitem.l_partkey = part.p_partkey)","Join Filter": "(lineitem.l_quantity < (SubPlan 1))","Rows Removed by Join Filter": 5777,"Plans": [{"Node Type": "Seq Scan","Parent Relationship": "Outer","Parallel Aware": false,"Async Capable": false,"Relation Name": "lineitem","Alias": "lineitem","Startup Cost": 0.00,"Total Cost": 172515.15,"Plan Rows": 6001215,"Plan Width": 17,"Actual Startup Time": 0.018,"Actual Total Time": 940.689,"Actual Rows": 6001215,"Actual Loops": 1},{"Node Type": "Hash","Parent Relationship": "Inner","Parallel Aware": false,"Async Capable": false,"Startup Cost": 6367.85,"Total Cost": 6367.85,"Plan Rows": 208,"Plan Width": 4,"Actual Startup Time": 33.732,"Actual Total Time": 34.124,"Actual Rows": 211,"Actual Loops": 1,"Hash Buckets": 1024,"Original Hash Buckets": 1024,"Hash Batches": 1,"Original Hash Batches": 1,"Peak Memory Usage": 16,"Plans": [{"Node Type": "Gather","Parent Relationship": "Outer","Parallel Aware": false,"Async Capable": false,"Startup Cost": 1000.00,"Total Cost": 6367.85,"Plan Rows": 208,"Plan Width": 4,"Actual Startup Time": 3.238,"Actual Total Time": 34.025,"Actual Rows": 211,"Actual Loops": 1,"Workers Planned": 2,"Workers Launched": 2,"Single Copy": false,"Plans": [{"Node Type": "Seq Scan","Parent Relationship": "Outer","Parallel Aware": true,"Async Capable": false,"Relation Name": "part","Alias": "part","Startup Cost": 0.00,"Total Cost": 5347.00,"Plan Rows": 87,"Plan Width": 4,"Actual Startup Time": 2.281,"Actual Total Time": 27.985,"Actual Rows": 70,"Actual Loops": 3,"Filter": "((p_brand = 'Brand#12'::bpchar) AND (p_container = 'SM BOX'::bpchar))","Rows Removed by Filter": 66596,"Workers": []}]}]},{"Node Type": "Aggregate","Strategy": "Plain","Partial Mode": "Simple","Parent Relationship": "SubPlan","Subplan Name": "SubPlan 1","Parallel Aware": false,"Async Capable": false,"Startup Cost": 127.60,"Total Cost": 127.61,"Plan Rows": 1,"Plan Width": 32,"Actual Startup Time": 0.116,"Actual Total Time": 0.116,"Actual Rows": 1,"Actual Loops": 6375,"Plans": [{"Node Type": "Bitmap Heap Scan","Parent Relationship": "Outer","Parallel Aware": false,"Async Capable": false,"Relation Name": "lineitem","Alias": "lineitem_1","Startup Cost": 4.67,"Total Cost": 127.52,"Plan Rows": 31,"Plan Width": 5,"Actual Startup Time": 0.013,"Actual Total Time": 0.109,"Actual Rows": 31,"Actual Loops": 6375,"Recheck Cond": "(l_partkey = part.p_partkey)","Rows Removed by Index Recheck": 0,"Exact Heap Blocks": 199125,"Lossy Heap Blocks": 0,"Plans": [{"Node Type": "Bitmap Index Scan","Parent Relationship": "Outer","Parallel Aware": false,"Async Capable": false,"Index Name": "idx_lineitem_part_supp","Startup Cost": 0.00,"Total Cost": 4.67,"Plan Rows": 31,"Plan Width": 0,"Actual Startup Time": 0.007,"Actual Total Time": 0.007,"Actual Rows": 31,"Actual Loops": 6375,"Index Cond": "(l_partkey = part.p_partkey)"}]}]}]}]},"Planning Time": 4.753,"Triggers": [],"Execution Time": 4966.811}]
[{"Plan": {"Node Type": "Aggregate","Strategy": "Plain","Partial Mode": "Simple","Parallel Aware": false,"Async Capable": false,"Startup Cost": 195918.49,"Total Cost": 195918.50,"Plan Rows": 1,"Plan Width": 32,"Actual Startup Time": 4976.480,"Actual Total Time": 4976.888,"Actual Rows": 1,"Actual Loops": 1,"Plans": [{"Node Type": "Hash Join","Parent Relationship": "Outer","Parallel Aware": false,"Async Capable": false,"Join Type": "Inner","Startup Cost": 6369.03,"Total Cost": 195913.59,"Plan Rows": 1959,"Plan Width": 8,"Actual Startup Time": 33.170,"Actual Total Time": 4976.694,"Actual Rows": 620,"Actual Loops": 1,"Inner Unique": true,"Hash Cond": "(lineitem.l_partkey = part.p_partkey)","Join Filter": "(lineitem.l_quantity < (SubPlan 1))","Rows Removed by Join Filter": 5845,"Plans": [{"Node Type": "Seq Scan","Parent Relationship": "Outer","Parallel Aware": false,"Async Capable": false,"Relation Name": "lineitem","Alias": "lineitem","Startup Cost": 0.00,"Total Cost": 172515.15,"Plan Rows": 6001215,"Plan Width": 17,"Actual Startup Time": 0.021,"Actual Total Time": 940.428,"Actual Rows": 6001215,"Actual Loops": 1},{"Node Type": "Hash","Parent Relationship": "Inner","Parallel Aware": false,"Async Capable": false,"Startup Cost": 6366.59,"Total Cost": 6366.59,"Plan Rows": 196,"Plan Width": 4,"Actual Startup Time": 32.218,"Actual Total Time": 32.606,"Actual Rows": 214,"Actual Loops": 1,"Hash Buckets": 1024,"Original Hash Buckets": 1024,"Hash Batches": 1,"Original Hash Batches": 1,"Peak Memory Usage": 16,"Plans": [{"Node Type": "Gather","Parent Relationship": "Outer","Parallel Aware": false,"Async Capable": false,"Startup Cost": 1000.00,"Total Cost": 6366.59,"Plan Rows": 196,"Plan Width": 4,"Actual Startup Time": 2.211,"Actual Total Time": 32.528,"Actual Rows": 214,"Actual Loops": 1,"Workers Planned": 2,"Workers Launched": 2,"Single Copy": false,"Plans": [{"Node Type": "Seq Scan","Parent Relationship": "Outer","Parallel Aware": true,"Async Capable": false,"Relation Name": "part","Alias": "part","Startup Cost": 0.00,"Total Cost": 5347.00,"Plan Rows": 82,"Plan Width": 4,"Actual Startup Time": 0.878,"Actual Total Time": 26.287,"Actual Rows": 71,"Actual Loops": 3,"Filter": "((p_brand = 'Brand#55'::bpchar) AND (p_container = 'JUMBO BOX'::bpchar))","Rows Removed by Filter": 66595,"Workers": []}]}]},{"Node Type": "Aggregate","Strategy": "Plain","Partial Mode": "Simple","Parent Relationship": "SubPlan","Subplan Name": "SubPlan 1","Parallel Aware": false,"Async Capable": false,"Startup Cost": 127.60,"Total Cost": 127.61,"Plan Rows": 1,"Plan Width": 32,"Actual Startup Time": 0.115,"Actual Total Time": 0.115,"Actual Rows": 1,"Actual Loops": 6465,"Plans": [{"Node Type": "Bitmap Heap Scan","Parent Relationship": "Outer","Parallel Aware": false,"Async Capable": false,"Relation Name": "lineitem","Alias": "lineitem_1","Startup Cost": 4.67,"Total Cost": 127.52,"Plan Rows": 31,"Plan Width": 5,"Actual Startup Time": 0.013,"Actual Total Time": 0.108,"Actual Rows": 31,"Actual Loops": 6465,"Recheck Cond": "(l_partkey = part.p_partkey)","Rows Removed by Index Recheck": 0,"Exact Heap Blocks": 203189,"Lossy Heap Blocks": 0,"Plans": [{"Node Type": "Bitmap Index Scan","Parent Relationship": "Outer","Parallel Aware": false,"Async Capable": false,"Index Name": "idx_lineitem_part_supp","Startup Cost": 0.00,"Total Cost": 4.67,"Plan Rows": 31,"Plan Width": 0,"Actual Startup Time": 0.007,"Actual Total Time": 0.007,"Actual Rows": 31,"Actual Loops": 6465,"Index Cond": "(l_partkey = part.p_partkey)"}]}]}]}]},"Planning Time": 4.984,"Triggers": [],"Execution Time": 4977.183}]
[{"Plan": {"Node Type": "Aggregate","Strategy": "Plain","Partial Mode": "Simple","Parallel Aware": false,"Async Capable": false,"Startup Cost": 195919.63,"Total Cost": 195919.64,"Plan Rows": 1,"Plan Width": 32,"Actual Startup Time": 5003.669,"Actual Total Time": 5004.297,"Actual Rows": 1,"Actual Loops": 1,"Plans": [{"Node Type": "Hash Join","Parent Relationship": "Outer","Parallel Aware": false,"Async Capable": false,"Join Type": "Inner","Startup Cost": 6369.97,"Total Cost": 195914.52,"Plan Rows": 2042,"Plan Width": 8,"Actual Startup Time": 41.710,"Actual Total Time": 5003.795,"Actual Rows": 640,"Actual Loops": 1,"Inner Unique": true,"Hash Cond": "(lineitem.l_partkey = part.p_partkey)","Join Filter": "(lineitem.l_quantity < (SubPlan 1))","Rows Removed by Join Filter": 6658,"Plans": [{"Node Type": "Seq Scan","Parent Relationship": "Outer","Parallel Aware": false,"Async Capable": false,"Relation Name": "lineitem","Alias": "lineitem","Startup Cost": 0.00,"Total Cost": 172515.15,"Plan Rows": 6001215,"Plan Width": 17,"Actual Startup Time": 0.023,"Actual Total Time": 945.452,"Actual Rows": 6001215,"Actual Loops": 1},{"Node Type": "Hash","Parent Relationship": "Inner","Parallel Aware": false,"Async Capable": false,"Startup Cost": 6367.42,"Total Cost": 6367.42,"Plan Rows": 204,"Plan Width": 4,"Actual Startup Time": 31.994,"Actual Total Time": 32.597,"Actual Rows": 245,"Actual Loops": 1,"Hash Buckets": 1024,"Original Hash Buckets": 1024,"Hash Batches": 1,"Original Hash Batches": 1,"Peak Memory Usage": 17,"Plans": [{"Node Type": "Gather","Parent Relationship": "Outer","Parallel Aware": false,"Async Capable": false,"Startup Cost": 1000.00,"Total Cost": 6367.42,"Plan Rows": 204,"Plan Width": 4,"Actual Startup Time": 1.576,"Actual Total Time": 32.506,"Actual Rows": 245,"Actual Loops": 1,"Workers Planned": 2,"Workers Launched": 2,"Single Copy": false,"Plans": [{"Node Type": "Seq Scan","Parent Relationship": "Outer","Parallel Aware": true,"Async Capable": false,"Relation Name": "part","Alias": "part","Startup Cost": 0.00,"Total Cost": 5347.00,"Plan Rows": 85,"Plan Width": 4,"Actual Startup Time": 1.369,"Actual Total Time": 26.423,"Actual Rows": 82,"Actual Loops": 3,"Filter": "((p_brand = 'Brand#42'::bpchar) AND (p_container = 'LG PACK'::bpchar))","Rows Removed by Filter": 66585,"Workers": []}]}]},{"Node Type": "Aggregate","Strategy": "Plain","Partial Mode": "Simple","Parent Relationship": "SubPlan","Subplan Name": "SubPlan 1","Parallel Aware": false,"Async Capable": false,"Startup Cost": 127.60,"Total Cost": 127.61,"Plan Rows": 1,"Plan Width": 32,"Actual Startup Time": 0.118,"Actual Total Time": 0.118,"Actual Rows": 1,"Actual Loops": 7298,"Plans": [{"Node Type": "Bitmap Heap Scan","Parent Relationship": "Outer","Parallel Aware": false,"Async Capable": false,"Relation Name": "lineitem","Alias": "lineitem_1","Startup Cost": 4.67,"Total Cost": 127.52,"Plan Rows": 31,"Plan Width": 5,"Actual Startup Time": 0.013,"Actual Total Time": 0.111,"Actual Rows": 31,"Actual Loops": 7298,"Recheck Cond": "(l_partkey = part.p_partkey)","Rows Removed by Index Recheck": 0,"Exact Heap Blocks": 224472,"Lossy Heap Blocks": 0,"Plans": [{"Node Type": "Bitmap Index Scan","Parent Relationship": "Outer","Parallel Aware": false,"Async Capable": false,"Index Name": "idx_lineitem_part_supp","Startup Cost": 0.00,"Total Cost": 4.67,"Plan Rows": 31,"Plan Width": 0,"Actual Startup Time": 0.007,"Actual Total Time": 0.007,"Actual Rows": 31,"Actual Loops": 7298,"Index Cond": "(l_partkey = part.p_partkey)"}]}]}]}]},"Planning Time": 5.569,"Triggers": [],"Execution Time": 5004.721}]
[{"Plan": {"Node Type": "Aggregate","Strategy": "Plain","Partial Mode": "Simple","Parallel Aware": false,"Async Capable": false,"Startup Cost": 195917.28,"Total Cost": 195917.29,"Plan Rows": 1,"Plan Width": 32,"Actual Startup Time": 4703.795,"Actual Total Time": 4704.418,"Actual Rows": 1,"Actual Loops": 1,"Plans": [{"Node Type": "Hash Join","Parent Relationship": "Outer","Parallel Aware": false,"Async Capable": false,"Join Type": "Inner","Startup Cost": 6368.04,"Total Cost": 195912.60,"Plan Rows": 1871,"Plan Width": 8,"Actual Startup Time": 39.410,"Actual Total Time": 4704.142,"Actual Rows": 455,"Actual Loops": 1,"Inner Unique": true,"Hash Cond": "(lineitem.l_partkey = part.p_partkey)","Join Filter": "(lineitem.l_quantity < (SubPlan 1))","Rows Removed by Join Filter": 4762,"Plans": [{"Node Type": "Seq Scan","Parent Relationship": "Outer","Parallel Aware": false,"Async Capable": false,"Relation Name": "lineitem","Alias": "lineitem","Startup Cost": 0.00,"Total Cost": 172515.15,"Plan Rows": 6001215,"Plan Width": 17,"Actual Startup Time": 0.018,"Actual Total Time": 941.625,"Actual Rows": 6001215,"Actual Loops": 1},{"Node Type": "Hash","Parent Relationship": "Inner","Parallel Aware": false,"Async Capable": false,"Startup Cost": 6365.70,"Total Cost": 6365.70,"Plan Rows": 187,"Plan Width": 4,"Actual Startup Time": 31.272,"Actual Total Time": 31.884,"Actual Rows": 177,"Actual Loops": 1,"Hash Buckets": 1024,"Original Hash Buckets": 1024,"Hash Batches": 1,"Original Hash Batches": 1,"Peak Memory Usage": 15,"Plans": [{"Node Type": "Gather","Parent Relationship": "Outer","Parallel Aware": false,"Async Capable": false,"Startup Cost": 1000.00,"Total Cost": 6365.70,"Plan Rows": 187,"Plan Width": 4,"Actual Startup Time": 1.970,"Actual Total Time": 31.792,"Actual Rows": 177,"Actual Loops": 1,"Workers Planned": 2,"Workers Launched": 2,"Single Copy": false,"Plans": [{"Node Type": "Seq Scan","Parent Relationship": "Outer","Parallel Aware": true,"Async Capable": false,"Relation Name": "part","Alias": "part","Startup Cost": 0.00,"Total Cost": 5347.00,"Plan Rows": 78,"Plan Width": 4,"Actual Startup Time": 0.815,"Actual Total Time": 25.291,"Actual Rows": 59,"Actual Loops": 3,"Filter": "((p_brand = 'Brand#54'::bpchar) AND (p_container = 'SM CASE'::bpchar))","Rows Removed by Filter": 66608,"Workers": []}]}]},{"Node Type": "Aggregate","Strategy": "Plain","Partial Mode": "Simple","Parent Relationship": "SubPlan","Subplan Name": "SubPlan 1","Parallel Aware": false,"Async Capable": false,"Startup Cost": 127.60,"Total Cost": 127.61,"Plan Rows": 1,"Plan Width": 32,"Actual Startup Time": 0.117,"Actual Total Time": 0.117,"Actual Rows": 1,"Actual Loops": 5217,"Plans": [{"Node Type": "Bitmap Heap Scan","Parent Relationship": "Outer","Parallel Aware": false,"Async Capable": false,"Relation Name": "lineitem","Alias": "lineitem_1","Startup Cost": 4.67,"Total Cost": 127.52,"Plan Rows": 31,"Plan Width": 5,"Actual Startup Time": 0.013,"Actual Total Time": 0.110,"Actual Rows": 30,"Actual Loops": 5217,"Recheck Cond": "(l_partkey = part.p_partkey)","Rows Removed by Index Recheck": 0,"Exact Heap Blocks": 159101,"Lossy Heap Blocks": 0,"Plans": [{"Node Type": "Bitmap Index Scan","Parent Relationship": "Outer","Parallel Aware": false,"Async Capable": false,"Index Name": "idx_lineitem_part_supp","Startup Cost": 0.00,"Total Cost": 4.67,"Plan Rows": 31,"Plan Width": 0,"Actual Startup Time": 0.007,"Actual Total Time": 0.007,"Actual Rows": 30,"Actual Loops": 5217,"Index Cond": "(l_partkey = part.p_partkey)"}]}]}]}]},"Planning Time": 4.665,"Triggers": [],"Execution Time": 4704.702}]
[{"Plan": {"Node Type": "Aggregate","Strategy": "Plain","Partial Mode": "Simple","Parallel Aware": false,"Async Capable": false,"Startup Cost": 195918.03,"Total Cost": 195918.04,"Plan Rows": 1,"Plan Width": 32,"Actual Startup Time": 4898.208,"Actual Total Time": 4898.801,"Actual Rows": 1,"Actual Loops": 1,"Plans": [{"Node Type": "Hash Join","Parent Relationship": "Outer","Parallel Aware": false,"Async Capable": false,"Join Type": "Inner","Startup Cost": 6368.66,"Total Cost": 195913.21,"Plan Rows": 1926,"Plan Width": 8,"Actual Startup Time": 31.153,"Actual Total Time": 4898.520,"Actual Rows": 523,"Actual Loops": 1,"Inner Unique": true,"Hash Cond": "(lineitem.l_partkey = part.p_partkey)","Join Filter": "(lineitem.l_quantity < (SubPlan 1))","Rows Removed by Join Filter": 5696,"Plans": [{"Node Type": "Seq Scan","Parent Relationship": "Outer","Parallel Aware": false,"Async Capable": false,"Relation Name": "lineitem","Alias": "lineitem","Startup Cost": 0.00,"Total Cost": 172515.15,"Plan Rows": 6001215,"Plan Width": 17,"Actual Startup Time": 0.016,"Actual Total Time": 1021.160,"Actual Rows": 6001215,"Actual Loops": 1},{"Node Type": "Hash","Parent Relationship": "Inner","Parallel Aware": false,"Async Capable": false,"Startup Cost": 6366.25,"Total Cost": 6366.25,"Plan Rows": 193,"Plan Width": 4,"Actual Startup Time": 28.675,"Actual Total Time": 29.245,"Actual Rows": 210,"Actual Loops": 1,"Hash Buckets": 1024,"Original Hash Buckets": 1024,"Hash Batches": 1,"Original Hash Batches": 1,"Peak Memory Usage": 16,"Plans": [{"Node Type": "Gather","Parent Relationship": "Outer","Parallel Aware": false,"Async Capable": false,"Startup Cost": 1000.00,"Total Cost": 6366.25,"Plan Rows": 193,"Plan Width": 4,"Actual Startup Time": 1.048,"Actual Total Time": 29.161,"Actual Rows": 210,"Actual Loops": 1,"Workers Planned": 2,"Workers Launched": 2,"Single Copy": false,"Plans": [{"Node Type": "Seq Scan","Parent Relationship": "Outer","Parallel Aware": true,"Async Capable": false,"Relation Name": "part","Alias": "part","Startup Cost": 0.00,"Total Cost": 5347.00,"Plan Rows": 80,"Plan Width": 4,"Actual Startup Time": 0.753,"Actual Total Time": 23.402,"Actual Rows": 70,"Actual Loops": 3,"Filter": "((p_brand = 'Brand#32'::bpchar) AND (p_container = 'MED BOX'::bpchar))","Rows Removed by Filter": 66597,"Workers": []}]}]},{"Node Type": "Aggregate","Strategy": "Plain","Partial Mode": "Simple","Parent Relationship": "SubPlan","Subplan Name": "SubPlan 1","Parallel Aware": false,"Async Capable": false,"Startup Cost": 127.60,"Total Cost": 127.61,"Plan Rows": 1,"Plan Width": 32,"Actual Startup Time": 0.129,"Actual Total Time": 0.129,"Actual Rows": 1,"Actual Loops": 6219,"Plans": [{"Node Type": "Bitmap Heap Scan","Parent Relationship": "Outer","Parallel Aware": false,"Async Capable": false,"Relation Name": "lineitem","Alias": "lineitem_1","Startup Cost": 4.67,"Total Cost": 127.52,"Plan Rows": 31,"Plan Width": 5,"Actual Startup Time": 0.014,"Actual Total Time": 0.122,"Actual Rows": 31,"Actual Loops": 6219,"Recheck Cond": "(l_partkey = part.p_partkey)","Rows Removed by Index Recheck": 0,"Exact Heap Blocks": 190271,"Lossy Heap Blocks": 0,"Plans": [{"Node Type": "Bitmap Index Scan","Parent Relationship": "Outer","Parallel Aware": false,"Async Capable": false,"Index Name": "idx_lineitem_part_supp","Startup Cost": 0.00,"Total Cost": 4.67,"Plan Rows": 31,"Plan Width": 0,"Actual Startup Time": 0.008,"Actual Total Time": 0.008,"Actual Rows": 31,"Actual Loops": 6219,"Index Cond": "(l_partkey = part.p_partkey)"}]}]}]}]},"Planning Time": 4.469,"Triggers": [],"Execution Time": 4899.033}]
[{"Plan": {"Node Type": "Aggregate","Strategy": "Plain","Partial Mode": "Simple","Parallel Aware": false,"Async Capable": false,"Startup Cost": 195918.70,"Total Cost": 195918.72,"Plan Rows": 1,"Plan Width": 32,"Actual Startup Time": 4914.565,"Actual Total Time": 4915.109,"Actual Rows": 1,"Actual Loops": 1,"Plans": [{"Node Type": "Hash Join","Parent Relationship": "Outer","Parallel Aware": false,"Async Capable": false,"Join Type": "Inner","Startup Cost": 6369.21,"Total Cost": 195913.76,"Plan Rows": 1975,"Plan Width": 8,"Actual Startup Time": 44.536,"Actual Total Time": 4914.875,"Actual Rows": 541,"Actual Loops": 1,"Inner Unique": true,"Hash Cond": "(lineitem.l_partkey = part.p_partkey)","Join Filter": "(lineitem.l_quantity < (SubPlan 1))","Rows Removed by Join Filter": 5661,"Plans": [{"Node Type": "Seq Scan","Parent Relationship": "Outer","Parallel Aware": false,"Async Capable": false,"Relation Name": "lineitem","Alias": "lineitem","Startup Cost": 0.00,"Total Cost": 172515.15,"Plan Rows": 6001215,"Plan Width": 17,"Actual Startup Time": 0.017,"Actual Total Time": 1024.826,"Actual Rows": 6001215,"Actual Loops": 1},{"Node Type": "Hash","Parent Relationship": "Inner","Parallel Aware": false,"Async Capable": false,"Startup Cost": 6366.74,"Total Cost": 6366.74,"Plan Rows": 197,"Plan Width": 4,"Actual Startup Time": 33.632,"Actual Total Time": 34.159,"Actual Rows": 205,"Actual Loops": 1,"Hash Buckets": 1024,"Original Hash Buckets": 1024,"Hash Batches": 1,"Original Hash Batches": 1,"Peak Memory Usage": 16,"Plans": [{"Node Type": "Gather","Parent Relationship": "Outer","Parallel Aware": false,"Async Capable": false,"Startup Cost": 1000.00,"Total Cost": 6366.74,"Plan Rows": 197,"Plan Width": 4,"Actual Startup Time": 1.034,"Actual Total Time": 34.107,"Actual Rows": 205,"Actual Loops": 1,"Workers Planned": 2,"Workers Launched": 2,"Single Copy": false,"Plans": [{"Node Type": "Seq Scan","Parent Relationship": "Outer","Parallel Aware": true,"Async Capable": false,"Relation Name": "part","Alias": "part","Startup Cost": 0.00,"Total Cost": 5347.00,"Plan Rows": 82,"Plan Width": 4,"Actual Startup Time": 0.494,"Actual Total Time": 27.426,"Actual Rows": 68,"Actual Loops": 3,"Filter": "((p_brand = 'Brand#41'::bpchar) AND (p_container = 'WRAP PKG'::bpchar))","Rows Removed by Filter": 66598,"Workers": []}]}]},{"Node Type": "Aggregate","Strategy": "Plain","Partial Mode": "Simple","Parent Relationship": "SubPlan","Subplan Name": "SubPlan 1","Parallel Aware": false,"Async Capable": false,"Startup Cost": 127.60,"Total Cost": 127.61,"Plan Rows": 1,"Plan Width": 32,"Actual Startup Time": 0.133,"Actual Total Time": 0.133,"Actual Rows": 1,"Actual Loops": 6202,"Plans": [{"Node Type": "Bitmap Heap Scan","Parent Relationship": "Outer","Parallel Aware": false,"Async Capable": false,"Relation Name": "lineitem","Alias": "lineitem_1","Startup Cost": 4.67,"Total Cost": 127.52,"Plan Rows": 31,"Plan Width": 5,"Actual Startup Time": 0.014,"Actual Total Time": 0.126,"Actual Rows": 31,"Actual Loops": 6202,"Recheck Cond": "(l_partkey = part.p_partkey)","Rows Removed by Index Recheck": 0,"Exact Heap Blocks": 194194,"Lossy Heap Blocks": 0,"Plans": [{"Node Type": "Bitmap Index Scan","Parent Relationship": "Outer","Parallel Aware": false,"Async Capable": false,"Index Name": "idx_lineitem_part_supp","Startup Cost": 0.00,"Total Cost": 4.67,"Plan Rows": 31,"Plan Width": 0,"Actual Startup Time": 0.008,"Actual Total Time": 0.008,"Actual Rows": 31,"Actual Loops": 6202,"Index Cond": "(l_partkey = part.p_partkey)"}]}]}]}]},"Planning Time": 5.917,"Triggers": [],"Execution Time": 4915.466}]
[{"Plan": {"Node Type": "Aggregate","Strategy": "Plain","Partial Mode": "Simple","Parallel Aware": false,"Async Capable": false,"Startup Cost": 195916.50,"Total Cost": 195916.51,"Plan Rows": 1,"Plan Width": 32,"Actual Startup Time": 4948.298,"Actual Total Time": 4948.962,"Actual Rows": 1,"Actual Loops": 1,"Plans": [{"Node Type": "Hash Join","Parent Relationship": "Outer","Parallel Aware": false,"Async Capable": false,"Join Type": "Inner","Startup Cost": 6367.41,"Total Cost": 195911.96,"Plan Rows": 1814,"Plan Width": 8,"Actual Startup Time": 33.306,"Actual Total Time": 4948.575,"Actual Rows": 542,"Actual Loops": 1,"Inner Unique": true,"Hash Cond": "(lineitem.l_partkey = part.p_partkey)","Join Filter": "(lineitem.l_quantity < (SubPlan 1))","Rows Removed by Join Filter": 6034,"Plans": [{"Node Type": "Seq Scan","Parent Relationship": "Outer","Parallel Aware": false,"Async Capable": false,"Relation Name": "lineitem","Alias": "lineitem","Startup Cost": 0.00,"Total Cost": 172515.15,"Plan Rows": 6001215,"Plan Width": 17,"Actual Startup Time": 0.015,"Actual Total Time": 980.288,"Actual Rows": 6001215,"Actual Loops": 1},{"Node Type": "Hash","Parent Relationship": "Inner","Parallel Aware": false,"Async Capable": false,"Startup Cost": 6365.14,"Total Cost": 6365.14,"Plan Rows": 181,"Plan Width": 4,"Actual Startup Time": 32.478,"Actual Total Time": 33.101,"Actual Rows": 222,"Actual Loops": 1,"Hash Buckets": 1024,"Original Hash Buckets": 1024,"Hash Batches": 1,"Original Hash Batches": 1,"Peak Memory Usage": 16,"Plans": [{"Node Type": "Gather","Parent Relationship": "Outer","Parallel Aware": false,"Async Capable": false,"Startup Cost": 1000.00,"Total Cost": 6365.14,"Plan Rows": 181,"Plan Width": 4,"Actual Startup Time": 1.655,"Actual Total Time": 33.001,"Actual Rows": 222,"Actual Loops": 1,"Workers Planned": 2,"Workers Launched": 2,"Single Copy": false,"Plans": [{"Node Type": "Seq Scan","Parent Relationship": "Outer","Parallel Aware": true,"Async Capable": false,"Relation Name": "part","Alias": "part","Startup Cost": 0.00,"Total Cost": 5347.00,"Plan Rows": 76,"Plan Width": 4,"Actual Startup Time": 0.778,"Actual Total Time": 26.964,"Actual Rows": 74,"Actual Loops": 3,"Filter": "((p_brand = 'Brand#24'::bpchar) AND (p_container = 'WRAP PACK'::bpchar))","Rows Removed by Filter": 66593,"Workers": []}]}]},{"Node Type": "Aggregate","Strategy": "Plain","Partial Mode": "Simple","Parent Relationship": "SubPlan","Subplan Name": "SubPlan 1","Parallel Aware": false,"Async Capable": false,"Startup Cost": 127.60,"Total Cost": 127.61,"Plan Rows": 1,"Plan Width": 32,"Actual Startup Time": 0.118,"Actual Total Time": 0.118,"Actual Rows": 1,"Actual Loops": 6576,"Plans": [{"Node Type": "Bitmap Heap Scan","Parent Relationship": "Outer","Parallel Aware": false,"Async Capable": false,"Relation Name": "lineitem","Alias": "lineitem_1","Startup Cost": 4.67,"Total Cost": 127.52,"Plan Rows": 31,"Plan Width": 5,"Actual Startup Time": 0.013,"Actual Total Time": 0.111,"Actual Rows": 31,"Actual Loops": 6576,"Recheck Cond": "(l_partkey = part.p_partkey)","Rows Removed by Index Recheck": 0,"Exact Heap Blocks": 200754,"Lossy Heap Blocks": 0,"Plans": [{"Node Type": "Bitmap Index Scan","Parent Relationship": "Outer","Parallel Aware": false,"Async Capable": false,"Index Name": "idx_lineitem_part_supp","Startup Cost": 0.00,"Total Cost": 4.67,"Plan Rows": 31,"Plan Width": 0,"Actual Startup Time": 0.007,"Actual Total Time": 0.007,"Actual Rows": 31,"Actual Loops": 6576,"Index Cond": "(l_partkey = part.p_partkey)"}]}]}]}]},"Planning Time": 5.001,"Triggers": [],"Execution Time": 4949.337}]
[{"Plan": {"Node Type": "Aggregate","Strategy": "Plain","Partial Mode": "Simple","Parallel Aware": false,"Async Capable": false,"Startup Cost": 195918.64,"Total Cost": 195918.65,"Plan Rows": 1,"Plan Width": 32,"Actual Startup Time": 4503.336,"Actual Total Time": 4503.870,"Actual Rows": 1,"Actual Loops": 1,"Plans": [{"Node Type": "Hash Join","Parent Relationship": "Outer","Parallel Aware": false,"Async Capable": false,"Join Type": "Inner","Startup Cost": 6369.16,"Total Cost": 195913.71,"Plan Rows": 1970,"Plan Width": 8,"Actual Startup Time": 34.189,"Actual Total Time": 4503.422,"Actual Rows": 546,"Actual Loops": 1,"Inner Unique": true,"Hash Cond": "(lineitem.l_partkey = part.p_partkey)","Join Filter": "(lineitem.l_quantity < (SubPlan 1))","Rows Removed by Join Filter": 5186,"Plans": [{"Node Type": "Seq Scan","Parent Relationship": "Outer","Parallel Aware": false,"Async Capable": false,"Relation Name": "lineitem","Alias": "lineitem","Startup Cost": 0.00,"Total Cost": 172515.15,"Plan Rows": 6001215,"Plan Width": 17,"Actual Startup Time": 0.020,"Actual Total Time": 931.142,"Actual Rows": 6001215,"Actual Loops": 1},{"Node Type": "Hash","Parent Relationship": "Inner","Parallel Aware": false,"Async Capable": false,"Startup Cost": 6366.70,"Total Cost": 6366.70,"Plan Rows": 197,"Plan Width": 4,"Actual Startup Time": 31.040,"Actual Total Time": 31.537,"Actual Rows": 194,"Actual Loops": 1,"Hash Buckets": 1024,"Original Hash Buckets": 1024,"Hash Batches": 1,"Original Hash Batches": 1,"Peak Memory Usage": 15,"Plans": [{"Node Type": "Gather","Parent Relationship": "Outer","Parallel Aware": false,"Async Capable": false,"Startup Cost": 1000.00,"Total Cost": 6366.70,"Plan Rows": 197,"Plan Width": 4,"Actual Startup Time": 1.668,"Actual Total Time": 31.485,"Actual Rows": 194,"Actual Loops": 1,"Workers Planned": 2,"Workers Launched": 2,"Single Copy": false,"Plans": [{"Node Type": "Seq Scan","Parent Relationship": "Outer","Parallel Aware": true,"Async Capable": false,"Relation Name": "part","Alias": "part","Startup Cost": 0.00,"Total Cost": 5347.00,"Plan Rows": 82,"Plan Width": 4,"Actual Startup Time": 1.956,"Actual Total Time": 25.248,"Actual Rows": 65,"Actual Loops": 3,"Filter": "((p_brand = 'Brand#24'::bpchar) AND (p_container = 'LG BAG'::bpchar))","Rows Removed by Filter": 66602,"Workers": []}]}]},{"Node Type": "Aggregate","Strategy": "Plain","Partial Mode": "Simple","Parent Relationship": "SubPlan","Subplan Name": "SubPlan 1","Parallel Aware": false,"Async Capable": false,"Startup Cost": 127.60,"Total Cost": 127.61,"Plan Rows": 1,"Plan Width": 32,"Actual Startup Time": 0.118,"Actual Total Time": 0.118,"Actual Rows": 1,"Actual Loops": 5732,"Plans": [{"Node Type": "Bitmap Heap Scan","Parent Relationship": "Outer","Parallel Aware": false,"Async Capable": false,"Relation Name": "lineitem","Alias": "lineitem_1","Startup Cost": 4.67,"Total Cost": 127.52,"Plan Rows": 31,"Plan Width": 5,"Actual Startup Time": 0.013,"Actual Total Time": 0.112,"Actual Rows": 30,"Actual Loops": 5732,"Recheck Cond": "(l_partkey = part.p_partkey)","Rows Removed by Index Recheck": 0,"Exact Heap Blocks": 174788,"Lossy Heap Blocks": 0,"Plans": [{"Node Type": "Bitmap Index Scan","Parent Relationship": "Outer","Parallel Aware": false,"Async Capable": false,"Index Name": "idx_lineitem_part_supp","Startup Cost": 0.00,"Total Cost": 4.67,"Plan Rows": 31,"Plan Width": 0,"Actual Startup Time": 0.007,"Actual Total Time": 0.007,"Actual Rows": 30,"Actual Loops": 5732,"Index Cond": "(l_partkey = part.p_partkey)"}]}]}]}]},"Planning Time": 5.406,"Triggers": [],"Execution Time": 4504.257}]
[{"Plan": {"Node Type": "Aggregate","Strategy": "Plain","Partial Mode": "Simple","Parallel Aware": false,"Async Capable": false,"Startup Cost": 195917.79,"Total Cost": 195917.81,"Plan Rows": 1,"Plan Width": 32,"Actual Startup Time": 4828.475,"Actual Total Time": 4829.134,"Actual Rows": 1,"Actual Loops": 1,"Plans": [{"Node Type": "Hash Join","Parent Relationship": "Outer","Parallel Aware": false,"Async Capable": false,"Join Type": "Inner","Startup Cost": 6368.47,"Total Cost": 195913.02,"Plan Rows": 1909,"Plan Width": 8,"Actual Startup Time": 37.449,"Actual Total Time": 4828.574,"Actual Rows": 544,"Actual Loops": 1,"Inner Unique": true,"Hash Cond": "(lineitem.l_partkey = part.p_partkey)","Join Filter": "(lineitem.l_quantity < (SubPlan 1))","Rows Removed by Join Filter": 5426,"Plans": [{"Node Type": "Seq Scan","Parent Relationship": "Outer","Parallel Aware": false,"Async Capable": false,"Relation Name": "lineitem","Alias": "lineitem","Startup Cost": 0.00,"Total Cost": 172515.15,"Plan Rows": 6001215,"Plan Width": 17,"Actual Startup Time": 0.017,"Actual Total Time": 947.064,"Actual Rows": 6001215,"Actual Loops": 1},{"Node Type": "Hash","Parent Relationship": "Inner","Parallel Aware": false,"Async Capable": false,"Startup Cost": 6366.08,"Total Cost": 6366.08,"Plan Rows": 191,"Plan Width": 4,"Actual Startup Time": 31.156,"Actual Total Time": 31.777,"Actual Rows": 199,"Actual Loops": 1,"Hash Buckets": 1024,"Original Hash Buckets": 1024,"Hash Batches": 1,"Original Hash Batches": 1,"Peak Memory Usage": 15,"Plans": [{"Node Type": "Gather","Parent Relationship": "Outer","Parallel Aware": false,"Async Capable": false,"Startup Cost": 1000.00,"Total Cost": 6366.08,"Plan Rows": 191,"Plan Width": 4,"Actual Startup Time": 0.722,"Actual Total Time": 31.716,"Actual Rows": 199,"Actual Loops": 1,"Workers Planned": 2,"Workers Launched": 2,"Single Copy": false,"Plans": [{"Node Type": "Seq Scan","Parent Relationship": "Outer","Parallel Aware": true,"Async Capable": false,"Relation Name": "part","Alias": "part","Startup Cost": 0.00,"Total Cost": 5347.00,"Plan Rows": 80,"Plan Width": 4,"Actual Startup Time": 1.457,"Actual Total Time": 25.482,"Actual Rows": 66,"Actual Loops": 3,"Filter": "((p_brand = 'Brand#51'::bpchar) AND (p_container = 'SM PKG'::bpchar))","Rows Removed by Filter": 66600,"Workers": []}]}]},{"Node Type": "Aggregate","Strategy": "Plain","Partial Mode": "Simple","Parent Relationship": "SubPlan","Subplan Name": "SubPlan 1","Parallel Aware": false,"Async Capable": false,"Startup Cost": 127.60,"Total Cost": 127.61,"Plan Rows": 1,"Plan Width": 32,"Actual Startup Time": 0.118,"Actual Total Time": 0.118,"Actual Rows": 1,"Actual Loops": 5970,"Plans": [{"Node Type": "Bitmap Heap Scan","Parent Relationship": "Outer","Parallel Aware": false,"Async Capable": false,"Relation Name": "lineitem","Alias": "lineitem_1","Startup Cost": 4.67,"Total Cost": 127.52,"Plan Rows": 31,"Plan Width": 5,"Actual Startup Time": 0.013,"Actual Total Time": 0.111,"Actual Rows": 31,"Actual Loops": 5970,"Recheck Cond": "(l_partkey = part.p_partkey)","Rows Removed by Index Recheck": 0,"Exact Heap Blocks": 183850,"Lossy Heap Blocks": 0,"Plans": [{"Node Type": "Bitmap Index Scan","Parent Relationship": "Outer","Parallel Aware": false,"Async Capable": false,"Index Name": "idx_lineitem_part_supp","Startup Cost": 0.00,"Total Cost": 4.67,"Plan Rows": 31,"Plan Width": 0,"Actual Startup Time": 0.007,"Actual Total Time": 0.007,"Actual Rows": 31,"Actual Loops": 5970,"Index Cond": "(l_partkey = part.p_partkey)"}]}]}]}]},"Planning Time": 5.701,"Triggers": [],"Execution Time": 4829.480}]
[{"Plan": {"Node Type": "Aggregate","Strategy": "Plain","Partial Mode": "Simple","Parallel Aware": false,"Async Capable": false,"Startup Cost": 195918.11,"Total Cost": 195918.12,"Plan Rows": 1,"Plan Width": 32,"Actual Startup Time": 4780.007,"Actual Total Time": 4780.588,"Actual Rows": 1,"Actual Loops": 1,"Plans": [{"Node Type": "Hash Join","Parent Relationship": "Outer","Parallel Aware": false,"Async Capable": false,"Join Type": "Inner","Startup Cost": 6368.72,"Total Cost": 195913.28,"Plan Rows": 1931,"Plan Width": 8,"Actual Startup Time": 32.419,"Actual Total Time": 4780.247,"Actual Rows": 456,"Actual Loops": 1,"Inner Unique": true,"Hash Cond": "(lineitem.l_partkey = part.p_partkey)","Join Filter": "(lineitem.l_quantity < (SubPlan 1))","Rows Removed by Join Filter": 5166,"Plans": [{"Node Type": "Seq Scan","Parent Relationship": "Outer","Parallel Aware": false,"Async Capable": false,"Relation Name": "lineitem","Alias": "lineitem","Startup Cost": 0.00,"Total Cost": 172515.15,"Plan Rows": 6001215,"Plan Width": 17,"Actual Startup Time": 0.015,"Actual Total Time": 978.829,"Actual Rows": 6001215,"Actual Loops": 1},{"Node Type": "Hash","Parent Relationship": "Inner","Parallel Aware": false,"Async Capable": false,"Startup Cost": 6366.31,"Total Cost": 6366.31,"Plan Rows": 193,"Plan Width": 4,"Actual Startup Time": 30.488,"Actual Total Time": 31.038,"Actual Rows": 188,"Actual Loops": 1,"Hash Buckets": 1024,"Original Hash Buckets": 1024,"Hash Batches": 1,"Original Hash Batches": 1,"Peak Memory Usage": 15,"Plans": [{"Node Type": "Gather","Parent Relationship": "Outer","Parallel Aware": false,"Async Capable": false,"Startup Cost": 1000.00,"Total Cost": 6366.31,"Plan Rows": 193,"Plan Width": 4,"Actual Startup Time": 1.508,"Actual Total Time": 30.954,"Actual Rows": 188,"Actual Loops": 1,"Workers Planned": 2,"Workers Launched": 2,"Single Copy": false,"Plans": [{"Node Type": "Seq Scan","Parent Relationship": "Outer","Parallel Aware": true,"Async Capable": false,"Relation Name": "part","Alias": "part","Startup Cost": 0.00,"Total Cost": 5347.00,"Plan Rows": 80,"Plan Width": 4,"Actual Startup Time": 1.168,"Actual Total Time": 24.826,"Actual Rows": 63,"Actual Loops": 3,"Filter": "((p_brand = 'Brand#52'::bpchar) AND (p_container = 'LG BAG'::bpchar))","Rows Removed by Filter": 66604,"Workers": []}]}]},{"Node Type": "Aggregate","Strategy": "Plain","Partial Mode": "Simple","Parent Relationship": "SubPlan","Subplan Name": "SubPlan 1","Parallel Aware": false,"Async Capable": false,"Startup Cost": 127.60,"Total Cost": 127.61,"Plan Rows": 1,"Plan Width": 32,"Actual Startup Time": 0.120,"Actual Total Time": 0.120,"Actual Rows": 1,"Actual Loops": 5622,"Plans": [{"Node Type": "Bitmap Heap Scan","Parent Relationship": "Outer","Parallel Aware": false,"Async Capable": false,"Relation Name": "lineitem","Alias": "lineitem_1","Startup Cost": 4.67,"Total Cost": 127.52,"Plan Rows": 31,"Plan Width": 5,"Actual Startup Time": 0.013,"Actual Total Time": 0.112,"Actual Rows": 31,"Actual Loops": 5622,"Recheck Cond": "(l_partkey = part.p_partkey)","Rows Removed by Index Recheck": 0,"Exact Heap Blocks": 173682,"Lossy Heap Blocks": 0,"Plans": [{"Node Type": "Bitmap Index Scan","Parent Relationship": "Outer","Parallel Aware": false,"Async Capable": false,"Index Name": "idx_lineitem_part_supp","Startup Cost": 0.00,"Total Cost": 4.67,"Plan Rows": 31,"Plan Width": 0,"Actual Startup Time": 0.007,"Actual Total Time": 0.007,"Actual Rows": 31,"Actual Loops": 5622,"Index Cond": "(l_partkey = part.p_partkey)"}]}]}]}]},"Planning Time": 5.823,"Triggers": [],"Execution Time": 4780.908}]
[{"Plan": {"Node Type": "Aggregate","Strategy": "Plain","Partial Mode": "Simple","Parallel Aware": false,"Async Capable": false,"Startup Cost": 195916.19,"Total Cost": 195916.20,"Plan Rows": 1,"Plan Width": 32,"Actual Startup Time": 4938.753,"Actual Total Time": 4939.102,"Actual Rows": 1,"Actual Loops": 1,"Plans": [{"Node Type": "Hash Join","Parent Relationship": "Outer","Parallel Aware": false,"Async Capable": false,"Join Type": "Inner","Startup Cost": 6367.15,"Total Cost": 195911.71,"Plan Rows": 1792,"Plan Width": 8,"Actual Startup Time": 37.055,"Actual Total Time": 4938.896,"Actual Rows": 537,"Actual Loops": 1,"Inner Unique": true,"Hash Cond": "(lineitem.l_partkey = part.p_partkey)","Join Filter": "(lineitem.l_quantity < (SubPlan 1))","Rows Removed by Join Filter": 5720,"Plans": [{"Node Type": "Seq Scan","Parent Relationship": "Outer","Parallel Aware": false,"Async Capable": false,"Relation Name": "lineitem","Alias": "lineitem","Startup Cost": 0.00,"Total Cost": 172515.15,"Plan Rows": 6001215,"Plan Width": 17,"Actual Startup Time": 0.025,"Actual Total Time": 936.136,"Actual Rows": 6001215,"Actual Loops": 1},{"Node Type": "Hash","Parent Relationship": "Inner","Parallel Aware": false,"Async Capable": false,"Startup Cost": 6364.91,"Total Cost": 6364.91,"Plan Rows": 179,"Plan Width": 4,"Actual Startup Time": 32.659,"Actual Total Time": 32.989,"Actual Rows": 208,"Actual Loops": 1,"Hash Buckets": 1024,"Original Hash Buckets": 1024,"Hash Batches": 1,"Original Hash Batches": 1,"Peak Memory Usage": 16,"Plans": [{"Node Type": "Gather","Parent Relationship": "Outer","Parallel Aware": false,"Async Capable": false,"Startup Cost": 1000.00,"Total Cost": 6364.91,"Plan Rows": 179,"Plan Width": 4,"Actual Startup Time": 2.668,"Actual Total Time": 32.887,"Actual Rows": 208,"Actual Loops": 1,"Workers Planned": 2,"Workers Launched": 2,"Single Copy": false,"Plans": [{"Node Type": "Seq Scan","Parent Relationship": "Outer","Parallel Aware": true,"Async Capable": false,"Relation Name": "part","Alias": "part","Startup Cost": 0.00,"Total Cost": 5347.00,"Plan Rows": 75,"Plan Width": 4,"Actual Startup Time": 1.152,"Actual Total Time": 26.883,"Actual Rows": 69,"Actual Loops": 3,"Filter": "((p_brand = 'Brand#11'::bpchar) AND (p_container = 'WRAP PACK'::bpchar))","Rows Removed by Filter": 66597,"Workers": []}]}]},{"Node Type": "Aggregate","Strategy": "Plain","Partial Mode": "Simple","Parent Relationship": "SubPlan","Subplan Name": "SubPlan 1","Parallel Aware": false,"Async Capable": false,"Startup Cost": 127.60,"Total Cost": 127.61,"Plan Rows": 1,"Plan Width": 32,"Actual Startup Time": 0.115,"Actual Total Time": 0.115,"Actual Rows": 1,"Actual Loops": 6257,"Plans": [{"Node Type": "Bitmap Heap Scan","Parent Relationship": "Outer","Parallel Aware": false,"Async Capable": false,"Relation Name": "lineitem","Alias": "lineitem_1","Startup Cost": 4.67,"Total Cost": 127.52,"Plan Rows": 31,"Plan Width": 5,"Actual Startup Time": 0.013,"Actual Total Time": 0.108,"Actual Rows": 31,"Actual Loops": 6257,"Recheck Cond": "(l_partkey = part.p_partkey)","Rows Removed by Index Recheck": 0,"Exact Heap Blocks": 194853,"Lossy Heap Blocks": 0,"Plans": [{"Node Type": "Bitmap Index Scan","Parent Relationship": "Outer","Parallel Aware": false,"Async Capable": false,"Index Name": "idx_lineitem_part_supp","Startup Cost": 0.00,"Total Cost": 4.67,"Plan Rows": 31,"Plan Width": 0,"Actual Startup Time": 0.007,"Actual Total Time": 0.007,"Actual Rows": 31,"Actual Loops": 6257,"Index Cond": "(l_partkey = part.p_partkey)"}]}]}]}]},"Planning Time": 5.893,"Triggers": [],"Execution Time": 4939.511}]
[{"Plan": {"Node Type": "Aggregate","Strategy": "Plain","Partial Mode": "Simple","Parallel Aware": false,"Async Capable": false,"Startup Cost": 195919.52,"Total Cost": 195919.53,"Plan Rows": 1,"Plan Width": 32,"Actual Startup Time": 4849.800,"Actual Total Time": 4850.610,"Actual Rows": 1,"Actual Loops": 1,"Plans": [{"Node Type": "Hash Join","Parent Relationship": "Outer","Parallel Aware": false,"Async Capable": false,"Join Type": "Inner","Startup Cost": 6369.88,"Total Cost": 195914.43,"Plan Rows": 2034,"Plan Width": 8,"Actual Startup Time": 30.424,"Actual Total Time": 4850.223,"Actual Rows": 509,"Actual Loops": 1,"Inner Unique": true,"Hash Cond": "(lineitem.l_partkey = part.p_partkey)","Join Filter": "(lineitem.l_quantity < (SubPlan 1))","Rows Removed by Join Filter": 4972,"Plans": [{"Node Type": "Seq Scan","Parent Relationship": "Outer","Parallel Aware": false,"Async Capable": false,"Relation Name": "lineitem","Alias": "lineitem","Startup Cost": 0.00,"Total Cost": 172515.15,"Plan Rows": 6001215,"Plan Width": 17,"Actual Startup Time": 0.017,"Actual Total Time": 995.022,"Actual Rows": 6001215,"Actual Loops": 1},{"Node Type": "Hash","Parent Relationship": "Inner","Parallel Aware": false,"Async Capable": false,"Startup Cost": 6367.34,"Total Cost": 6367.34,"Plan Rows": 203,"Plan Width": 4,"Actual Startup Time": 29.391,"Actual Total Time": 30.166,"Actual Rows": 184,"Actual Loops": 1,"Hash Buckets": 1024,"Original Hash Buckets": 1024,"Hash Batches": 1,"Original Hash Batches": 1,"Peak Memory Usage": 15,"Plans": [{"Node Type": "Gather","Parent Relationship": "Outer","Parallel Aware": false,"Async Capable": false,"Startup Cost": 1000.00,"Total Cost": 6367.34,"Plan Rows": 203,"Plan Width": 4,"Actual Startup Time": 1.406,"Actual Total Time": 30.070,"Actual Rows": 184,"Actual Loops": 1,"Workers Planned": 2,"Workers Launched": 2,"Single Copy": false,"Plans": [{"Node Type": "Seq Scan","Parent Relationship": "Outer","Parallel Aware": true,"Async Capable": false,"Relation Name": "part","Alias": "part","Startup Cost": 0.00,"Total Cost": 5347.00,"Plan Rows": 85,"Plan Width": 4,"Actual Startup Time": 0.778,"Actual Total Time": 23.968,"Actual Rows": 61,"Actual Loops": 3,"Filter": "((p_brand = 'Brand#31'::bpchar) AND (p_container = 'WRAP BAG'::bpchar))","Rows Removed by Filter": 66605,"Workers": []}]}]},{"Node Type": "Aggregate","Strategy": "Plain","Partial Mode": "Simple","Parent Relationship": "SubPlan","Subplan Name": "SubPlan 1","Parallel Aware": false,"Async Capable": false,"Startup Cost": 127.60,"Total Cost": 127.61,"Plan Rows": 1,"Plan Width": 32,"Actual Startup Time": 0.135,"Actual Total Time": 0.135,"Actual Rows": 1,"Actual Loops": 5481,"Plans": [{"Node Type": "Bitmap Heap Scan","Parent Relationship": "Outer","Parallel Aware": false,"Async Capable": false,"Relation Name": "lineitem","Alias": "lineitem_1","Startup Cost": 4.67,"Total Cost": 127.52,"Plan Rows": 31,"Plan Width": 5,"Actual Startup Time": 0.014,"Actual Total Time": 0.128,"Actual Rows": 31,"Actual Loops": 5481,"Recheck Cond": "(l_partkey = part.p_partkey)","Rows Removed by Index Recheck": 0,"Exact Heap Blocks": 168873,"Lossy Heap Blocks": 0,"Plans": [{"Node Type": "Bitmap Index Scan","Parent Relationship": "Outer","Parallel Aware": false,"Async Capable": false,"Index Name": "idx_lineitem_part_supp","Startup Cost": 0.00,"Total Cost": 4.67,"Plan Rows": 31,"Plan Width": 0,"Actual Startup Time": 0.008,"Actual Total Time": 0.008,"Actual Rows": 31,"Actual Loops": 5481,"Index Cond": "(l_partkey = part.p_partkey)"}]}]}]}]},"Planning Time": 5.008,"Triggers": [],"Execution Time": 4850.944}]
[{"Plan": {"Node Type": "Aggregate","Strategy": "Plain","Partial Mode": "Simple","Parallel Aware": false,"Async Capable": false,"Startup Cost": 195917.94,"Total Cost": 195917.96,"Plan Rows": 1,"Plan Width": 32,"Actual Startup Time": 5069.951,"Actual Total Time": 5070.706,"Actual Rows": 1,"Actual Loops": 1,"Plans": [{"Node Type": "Hash Join","Parent Relationship": "Outer","Parallel Aware": false,"Async Capable": false,"Join Type": "Inner","Startup Cost": 6368.59,"Total Cost": 195913.14,"Plan Rows": 1919,"Plan Width": 8,"Actual Startup Time": 34.612,"Actual Total Time": 5070.319,"Actual Rows": 597,"Actual Loops": 1,"Inner Unique": true,"Hash Cond": "(lineitem.l_partkey = part.p_partkey)","Join Filter": "(lineitem.l_quantity < (SubPlan 1))","Rows Removed by Join Filter": 6153,"Plans": [{"Node Type": "Seq Scan","Parent Relationship": "Outer","Parallel Aware": false,"Async Capable": false,"Relation Name": "lineitem","Alias": "lineitem","Startup Cost": 0.00,"Total Cost": 172515.15,"Plan Rows": 6001215,"Plan Width": 17,"Actual Startup Time": 0.017,"Actual Total Time": 1004.097,"Actual Rows": 6001215,"Actual Loops": 1},{"Node Type": "Hash","Parent Relationship": "Inner","Parallel Aware": false,"Async Capable": false,"Startup Cost": 6366.19,"Total Cost": 6366.19,"Plan Rows": 192,"Plan Width": 4,"Actual Startup Time": 29.983,"Actual Total Time": 30.690,"Actual Rows": 222,"Actual Loops": 1,"Hash Buckets": 1024,"Original Hash Buckets": 1024,"Hash Batches": 1,"Original Hash Batches": 1,"Peak Memory Usage": 16,"Plans": [{"Node Type": "Gather","Parent Relationship": "Outer","Parallel Aware": false,"Async Capable": false,"Startup Cost": 1000.00,"Total Cost": 6366.19,"Plan Rows": 192,"Plan Width": 4,"Actual Startup Time": 0.704,"Actual Total Time": 30.615,"Actual Rows": 222,"Actual Loops": 1,"Workers Planned": 2,"Workers Launched": 2,"Single Copy": false,"Plans": [{"Node Type": "Seq Scan","Parent Relationship": "Outer","Parallel Aware": true,"Async Capable": false,"Relation Name": "part","Alias": "part","Startup Cost": 0.00,"Total Cost": 5347.00,"Plan Rows": 80,"Plan Width": 4,"Actual Startup Time": 0.335,"Actual Total Time": 24.447,"Actual Rows": 74,"Actual Loops": 3,"Filter": "((p_brand = 'Brand#12'::bpchar) AND (p_container = 'MED PKG'::bpchar))","Rows Removed by Filter": 66593,"Workers": []}]}]},{"Node Type": "Aggregate","Strategy": "Plain","Partial Mode": "Simple","Parent Relationship": "SubPlan","Subplan Name": "SubPlan 1","Parallel Aware": false,"Async Capable": false,"Startup Cost": 127.60,"Total Cost": 127.61,"Plan Rows": 1,"Plan Width": 32,"Actual Startup Time": 0.134,"Actual Total Time": 0.134,"Actual Rows": 1,"Actual Loops": 6750,"Plans": [{"Node Type": "Bitmap Heap Scan","Parent Relationship": "Outer","Parallel Aware": false,"Async Capable": false,"Relation Name": "lineitem","Alias": "lineitem_1","Startup Cost": 4.67,"Total Cost": 127.52,"Plan Rows": 31,"Plan Width": 5,"Actual Startup Time": 0.014,"Actual Total Time": 0.126,"Actual Rows": 32,"Actual Loops": 6750,"Recheck Cond": "(l_partkey = part.p_partkey)","Rows Removed by Index Recheck": 0,"Exact Heap Blocks": 212936,"Lossy Heap Blocks": 0,"Plans": [{"Node Type": "Bitmap Index Scan","Parent Relationship": "Outer","Parallel Aware": false,"Async Capable": false,"Index Name": "idx_lineitem_part_supp","Startup Cost": 0.00,"Total Cost": 4.67,"Plan Rows": 31,"Plan Width": 0,"Actual Startup Time": 0.008,"Actual Total Time": 0.008,"Actual Rows": 32,"Actual Loops": 6750,"Index Cond": "(l_partkey = part.p_partkey)"}]}]}]}]},"Planning Time": 4.539,"Triggers": [],"Execution Time": 5071.129}]
[{"Plan": {"Node Type": "Aggregate","Strategy": "Plain","Partial Mode": "Simple","Parallel Aware": false,"Async Capable": false,"Startup Cost": 195919.40,"Total Cost": 195919.42,"Plan Rows": 1,"Plan Width": 32,"Actual Startup Time": 4930.834,"Actual Total Time": 4931.343,"Actual Rows": 1,"Actual Loops": 1,"Plans": [{"Node Type": "Hash Join","Parent Relationship": "Outer","Parallel Aware": false,"Async Capable": false,"Join Type": "Inner","Startup Cost": 6369.78,"Total Cost": 195914.34,"Plan Rows": 2026,"Plan Width": 8,"Actual Startup Time": 30.059,"Actual Total Time": 4931.122,"Actual Rows": 591,"Actual Loops": 1,"Inner Unique": true,"Hash Cond": "(lineitem.l_partkey = part.p_partkey)","Join Filter": "(lineitem.l_quantity < (SubPlan 1))","Rows Removed by Join Filter": 5908,"Plans": [{"Node Type": "Seq Scan","Parent Relationship": "Outer","Parallel Aware": false,"Async Capable": false,"Relation Name": "lineitem","Alias": "lineitem","Startup Cost": 0.00,"Total Cost": 172515.15,"Plan Rows": 6001215,"Plan Width": 17,"Actual Startup Time": 0.021,"Actual Total Time": 1014.915,"Actual Rows": 6001215,"Actual Loops": 1},{"Node Type": "Hash","Parent Relationship": "Inner","Parallel Aware": false,"Async Capable": false,"Startup Cost": 6367.25,"Total Cost": 6367.25,"Plan Rows": 203,"Plan Width": 4,"Actual Startup Time": 29.284,"Actual Total Time": 29.780,"Actual Rows": 216,"Actual Loops": 1,"Hash Buckets": 1024,"Original Hash Buckets": 1024,"Hash Batches": 1,"Original Hash Batches": 1,"Peak Memory Usage": 16,"Plans": [{"Node Type": "Gather","Parent Relationship": "Outer","Parallel Aware": false,"Async Capable": false,"Startup Cost": 1000.00,"Total Cost": 6367.25,"Plan Rows": 203,"Plan Width": 4,"Actual Startup Time": 1.561,"Actual Total Time": 29.684,"Actual Rows": 216,"Actual Loops": 1,"Workers Planned": 2,"Workers Launched": 2,"Single Copy": false,"Plans": [{"Node Type": "Seq Scan","Parent Relationship": "Outer","Parallel Aware": true,"Async Capable": false,"Relation Name": "part","Alias": "part","Startup Cost": 0.00,"Total Cost": 5347.00,"Plan Rows": 84,"Plan Width": 4,"Actual Startup Time": 0.703,"Actual Total Time": 23.479,"Actual Rows": 72,"Actual Loops": 3,"Filter": "((p_brand = 'Brand#23'::bpchar) AND (p_container = 'SM BAG'::bpchar))","Rows Removed by Filter": 66595,"Workers": []}]}]},{"Node Type": "Aggregate","Strategy": "Plain","Partial Mode": "Simple","Parent Relationship": "SubPlan","Subplan Name": "SubPlan 1","Parallel Aware": false,"Async Capable": false,"Startup Cost": 127.60,"Total Cost": 127.61,"Plan Rows": 1,"Plan Width": 32,"Actual Startup Time": 0.133,"Actual Total Time": 0.133,"Actual Rows": 1,"Actual Loops": 6499,"Plans": [{"Node Type": "Bitmap Heap Scan","Parent Relationship": "Outer","Parallel Aware": false,"Async Capable": false,"Relation Name": "lineitem","Alias": "lineitem_1","Startup Cost": 4.67,"Total Cost": 127.52,"Plan Rows": 31,"Plan Width": 5,"Actual Startup Time": 0.014,"Actual Total Time": 0.125,"Actual Rows": 31,"Actual Loops": 6499,"Recheck Cond": "(l_partkey = part.p_partkey)","Rows Removed by Index Recheck": 0,"Exact Heap Blocks": 202701,"Lossy Heap Blocks": 0,"Plans": [{"Node Type": "Bitmap Index Scan","Parent Relationship": "Outer","Parallel Aware": false,"Async Capable": false,"Index Name": "idx_lineitem_part_supp","Startup Cost": 0.00,"Total Cost": 4.67,"Plan Rows": 31,"Plan Width": 0,"Actual Startup Time": 0.008,"Actual Total Time": 0.008,"Actual Rows": 31,"Actual Loops": 6499,"Index Cond": "(l_partkey = part.p_partkey)"}]}]}]}]},"Planning Time": 5.632,"Triggers": [],"Execution Time": 4931.669}]
[{"Plan": {"Node Type": "Aggregate","Strategy": "Plain","Partial Mode": "Simple","Parallel Aware": false,"Async Capable": false,"Startup Cost": 195918.81,"Total Cost": 195918.82,"Plan Rows": 1,"Plan Width": 32,"Actual Startup Time": 4888.643,"Actual Total Time": 4889.163,"Actual Rows": 1,"Actual Loops": 1,"Plans": [{"Node Type": "Hash Join","Parent Relationship": "Outer","Parallel Aware": false,"Async Capable": false,"Join Type": "Inner","Startup Cost": 6369.30,"Total Cost": 195913.85,"Plan Rows": 1982,"Plan Width": 8,"Actual Startup Time": 64.827,"Actual Total Time": 4888.976,"Actual Rows": 532,"Actual Loops": 1,"Inner Unique": true,"Hash Cond": "(lineitem.l_partkey = part.p_partkey)","Join Filter": "(lineitem.l_quantity < (SubPlan 1))","Rows Removed by Join Filter": 5410,"Plans": [{"Node Type": "Seq Scan","Parent Relationship": "Outer","Parallel Aware": false,"Async Capable": false,"Relation Name": "lineitem","Alias": "lineitem","Startup Cost": 0.00,"Total Cost": 172515.15,"Plan Rows": 6001215,"Plan Width": 17,"Actual Startup Time": 0.018,"Actual Total Time": 1031.721,"Actual Rows": 6001215,"Actual Loops": 1},{"Node Type": "Hash","Parent Relationship": "Inner","Parallel Aware": false,"Async Capable": false,"Startup Cost": 6366.82,"Total Cost": 6366.82,"Plan Rows": 198,"Plan Width": 4,"Actual Startup Time": 32.590,"Actual Total Time": 33.087,"Actual Rows": 196,"Actual Loops": 1,"Hash Buckets": 1024,"Original Hash Buckets": 1024,"Hash Batches": 1,"Original Hash Batches": 1,"Peak Memory Usage": 15,"Plans": [{"Node Type": "Gather","Parent Relationship": "Outer","Parallel Aware": false,"Async Capable": false,"Startup Cost": 1000.00,"Total Cost": 6366.82,"Plan Rows": 198,"Plan Width": 4,"Actual Startup Time": 0.899,"Actual Total Time": 33.004,"Actual Rows": 196,"Actual Loops": 1,"Workers Planned": 2,"Workers Launched": 2,"Single Copy": false,"Plans": [{"Node Type": "Seq Scan","Parent Relationship": "Outer","Parallel Aware": true,"Async Capable": false,"Relation Name": "part","Alias": "part","Startup Cost": 0.00,"Total Cost": 5347.00,"Plan Rows": 83,"Plan Width": 4,"Actual Startup Time": 1.140,"Actual Total Time": 26.454,"Actual Rows": 65,"Actual Loops": 3,"Filter": "((p_brand = 'Brand#44'::bpchar) AND (p_container = 'WRAP BAG'::bpchar))","Rows Removed by Filter": 66601,"Workers": []}]}]},{"Node Type": "Aggregate","Strategy": "Plain","Partial Mode": "Simple","Parent Relationship": "SubPlan","Subplan Name": "SubPlan 1","Parallel Aware": false,"Async Capable": false,"Startup Cost": 127.60,"Total Cost": 127.61,"Plan Rows": 1,"Plan Width": 32,"Actual Startup Time": 0.133,"Actual Total Time": 0.133,"Actual Rows": 1,"Actual Loops": 5942,"Plans": [{"Node Type": "Bitmap Heap Scan","Parent Relationship": "Outer","Parallel Aware": false,"Async Capable": false,"Relation Name": "lineitem","Alias": "lineitem_1","Startup Cost": 4.67,"Total Cost": 127.52,"Plan Rows": 31,"Plan Width": 5,"Actual Startup Time": 0.014,"Actual Total Time": 0.126,"Actual Rows": 31,"Actual Loops": 5942,"Recheck Cond": "(l_partkey = part.p_partkey)","Rows Removed by Index Recheck": 0,"Exact Heap Blocks": 185692,"Lossy Heap Blocks": 0,"Plans": [{"Node Type": "Bitmap Index Scan","Parent Relationship": "Outer","Parallel Aware": false,"Async Capable": false,"Index Name": "idx_lineitem_part_supp","Startup Cost": 0.00,"Total Cost": 4.67,"Plan Rows": 31,"Plan Width": 0,"Actual Startup Time": 0.008,"Actual Total Time": 0.008,"Actual Rows": 31,"Actual Loops": 5942,"Index Cond": "(l_partkey = part.p_partkey)"}]}]}]}]},"Planning Time": 4.413,"Triggers": [],"Execution Time": 4889.468}]
[{"Plan": {"Node Type": "Aggregate","Strategy": "Plain","Partial Mode": "Simple","Parallel Aware": false,"Async Capable": false,"Startup Cost": 195919.24,"Total Cost": 195919.25,"Plan Rows": 1,"Plan Width": 32,"Actual Startup Time": 4831.248,"Actual Total Time": 4831.911,"Actual Rows": 1,"Actual Loops": 1,"Plans": [{"Node Type": "Hash Join","Parent Relationship": "Outer","Parallel Aware": false,"Async Capable": false,"Join Type": "Inner","Startup Cost": 6369.65,"Total Cost": 195914.20,"Plan Rows": 2014,"Plan Width": 8,"Actual Startup Time": 33.275,"Actual Total Time": 4831.419,"Actual Rows": 572,"Actual Loops": 1,"Inner Unique": true,"Hash Cond": "(lineitem.l_partkey = part.p_partkey)","Join Filter": "(lineitem.l_quantity < (SubPlan 1))","Rows Removed by Join Filter": 5325,"Plans": [{"Node Type": "Seq Scan","Parent Relationship": "Outer","Parallel Aware": false,"Async Capable": false,"Relation Name": "lineitem","Alias": "lineitem","Startup Cost": 0.00,"Total Cost": 172515.15,"Plan Rows": 6001215,"Plan Width": 17,"Actual Startup Time": 0.019,"Actual Total Time": 978.466,"Actual Rows": 6001215,"Actual Loops": 1},{"Node Type": "Hash","Parent Relationship": "Inner","Parallel Aware": false,"Async Capable": false,"Startup Cost": 6367.13,"Total Cost": 6367.13,"Plan Rows": 201,"Plan Width": 4,"Actual Startup Time": 32.390,"Actual Total Time": 32.972,"Actual Rows": 196,"Actual Loops": 1,"Hash Buckets": 1024,"Original Hash Buckets": 1024,"Hash Batches": 1,"Original Hash Batches": 1,"Peak Memory Usage": 15,"Plans": [{"Node Type": "Gather","Parent Relationship": "Outer","Parallel Aware": false,"Async Capable": false,"Startup Cost": 1000.00,"Total Cost": 6367.13,"Plan Rows": 201,"Plan Width": 4,"Actual Startup Time": 1.509,"Actual Total Time": 32.880,"Actual Rows": 196,"Actual Loops": 1,"Workers Planned": 2,"Workers Launched": 2,"Single Copy": false,"Plans": [{"Node Type": "Seq Scan","Parent Relationship": "Outer","Parallel Aware": true,"Async Capable": false,"Relation Name": "part","Alias": "part","Startup Cost": 0.00,"Total Cost": 5347.00,"Plan Rows": 84,"Plan Width": 4,"Actual Startup Time": 0.418,"Actual Total Time": 26.714,"Actual Rows": 65,"Actual Loops": 3,"Filter": "((p_brand = 'Brand#54'::bpchar) AND (p_container = 'SM CAN'::bpchar))","Rows Removed by Filter": 66601,"Workers": []}]}]},{"Node Type": "Aggregate","Strategy": "Plain","Partial Mode": "Simple","Parent Relationship": "SubPlan","Subplan Name": "SubPlan 1","Parallel Aware": false,"Async Capable": false,"Startup Cost": 127.60,"Total Cost": 127.61,"Plan Rows": 1,"Plan Width": 32,"Actual Startup Time": 0.119,"Actual Total Time": 0.119,"Actual Rows": 1,"Actual Loops": 5897,"Plans": [{"Node Type": "Bitmap Heap Scan","Parent Relationship": "Outer","Parallel Aware": false,"Async Capable": false,"Relation Name": "lineitem","Alias": "lineitem_1","Startup Cost": 4.67,"Total Cost": 127.52,"Plan Rows": 31,"Plan Width": 5,"Actual Startup Time": 0.013,"Actual Total Time": 0.112,"Actual Rows": 31,"Actual Loops": 5897,"Recheck Cond": "(l_partkey = part.p_partkey)","Rows Removed by Index Recheck": 0,"Exact Heap Blocks": 183409,"Lossy Heap Blocks": 0,"Plans": [{"Node Type": "Bitmap Index Scan","Parent Relationship": "Outer","Parallel Aware": false,"Async Capable": false,"Index Name": "idx_lineitem_part_supp","Startup Cost": 0.00,"Total Cost": 4.67,"Plan Rows": 31,"Plan Width": 0,"Actual Startup Time": 0.007,"Actual Total Time": 0.007,"Actual Rows": 31,"Actual Loops": 5897,"Index Cond": "(l_partkey = part.p_partkey)"}]}]}]}]},"Planning Time": 5.622,"Triggers": [],"Execution Time": 4832.303}]
[{"Plan": {"Node Type": "Aggregate","Strategy": "Plain","Partial Mode": "Simple","Parallel Aware": false,"Async Capable": false,"Startup Cost": 195918.20,"Total Cost": 195918.21,"Plan Rows": 1,"Plan Width": 32,"Actual Startup Time": 4783.249,"Actual Total Time": 4783.965,"Actual Rows": 1,"Actual Loops": 1,"Plans": [{"Node Type": "Hash Join","Parent Relationship": "Outer","Parallel Aware": false,"Async Capable": false,"Join Type": "Inner","Startup Cost": 6368.80,"Total Cost": 195913.35,"Plan Rows": 1938,"Plan Width": 8,"Actual Startup Time": 44.282,"Actual Total Time": 4783.553,"Actual Rows": 521,"Actual Loops": 1,"Inner Unique": true,"Hash Cond": "(lineitem.l_partkey = part.p_partkey)","Join Filter": "(lineitem.l_quantity < (SubPlan 1))","Rows Removed by Join Filter": 5253,"Plans": [{"Node Type": "Seq Scan","Parent Relationship": "Outer","Parallel Aware": false,"Async Capable": false,"Relation Name": "lineitem","Alias": "lineitem","Startup Cost": 0.00,"Total Cost": 172515.15,"Plan Rows": 6001215,"Plan Width": 17,"Actual Startup Time": 0.019,"Actual Total Time": 939.855,"Actual Rows": 6001215,"Actual Loops": 1},{"Node Type": "Hash","Parent Relationship": "Inner","Parallel Aware": false,"Async Capable": false,"Startup Cost": 6366.38,"Total Cost": 6366.38,"Plan Rows": 194,"Plan Width": 4,"Actual Startup Time": 32.627,"Actual Total Time": 33.307,"Actual Rows": 195,"Actual Loops": 1,"Hash Buckets": 1024,"Original Hash Buckets": 1024,"Hash Batches": 1,"Original Hash Batches": 1,"Peak Memory Usage": 15,"Plans": [{"Node Type": "Gather","Parent Relationship": "Outer","Parallel Aware": false,"Async Capable": false,"Startup Cost": 1000.00,"Total Cost": 6366.38,"Plan Rows": 194,"Plan Width": 4,"Actual Startup Time": 1.325,"Actual Total Time": 33.238,"Actual Rows": 195,"Actual Loops": 1,"Workers Planned": 2,"Workers Launched": 2,"Single Copy": false,"Plans": [{"Node Type": "Seq Scan","Parent Relationship": "Outer","Parallel Aware": true,"Async Capable": false,"Relation Name": "part","Alias": "part","Startup Cost": 0.00,"Total Cost": 5347.00,"Plan Rows": 81,"Plan Width": 4,"Actual Startup Time": 1.098,"Actual Total Time": 27.041,"Actual Rows": 65,"Actual Loops": 3,"Filter": "((p_brand = 'Brand#24'::bpchar) AND (p_container = 'SM CASE'::bpchar))","Rows Removed by Filter": 66602,"Workers": []}]}]},{"Node Type": "Aggregate","Strategy": "Plain","Partial Mode": "Simple","Parent Relationship": "SubPlan","Subplan Name": "SubPlan 1","Parallel Aware": false,"Async Capable": false,"Startup Cost": 127.60,"Total Cost": 127.61,"Plan Rows": 1,"Plan Width": 32,"Actual Startup Time": 0.117,"Actual Total Time": 0.117,"Actual Rows": 1,"Actual Loops": 5774,"Plans": [{"Node Type": "Bitmap Heap Scan","Parent Relationship": "Outer","Parallel Aware": false,"Async Capable": false,"Relation Name": "lineitem","Alias": "lineitem_1","Startup Cost": 4.67,"Total Cost": 127.52,"Plan Rows": 31,"Plan Width": 5,"Actual Startup Time": 0.013,"Actual Total Time": 0.110,"Actual Rows": 31,"Actual Loops": 5774,"Recheck Cond": "(l_partkey = part.p_partkey)","Rows Removed by Index Recheck": 0,"Exact Heap Blocks": 176122,"Lossy Heap Blocks": 0,"Plans": [{"Node Type": "Bitmap Index Scan","Parent Relationship": "Outer","Parallel Aware": false,"Async Capable": false,"Index Name": "idx_lineitem_part_supp","Startup Cost": 0.00,"Total Cost": 4.67,"Plan Rows": 31,"Plan Width": 0,"Actual Startup Time": 0.007,"Actual Total Time": 0.007,"Actual Rows": 31,"Actual Loops": 5774,"Index Cond": "(l_partkey = part.p_partkey)"}]}]}]}]},"Planning Time": 4.727,"Triggers": [],"Execution Time": 4784.328}]
[{"Plan": {"Node Type": "Aggregate","Strategy": "Plain","Partial Mode": "Simple","Parallel Aware": false,"Async Capable": false,"Startup Cost": 195920.94,"Total Cost": 195920.95,"Plan Rows": 1,"Plan Width": 32,"Actual Startup Time": 4935.257,"Actual Total Time": 4935.640,"Actual Rows": 1,"Actual Loops": 1,"Plans": [{"Node Type": "Hash Join","Parent Relationship": "Outer","Parallel Aware": false,"Async Capable": false,"Join Type": "Inner","Startup Cost": 6371.04,"Total Cost": 195915.59,"Plan Rows": 2137,"Plan Width": 8,"Actual Startup Time": 39.679,"Actual Total Time": 4935.422,"Actual Rows": 538,"Actual Loops": 1,"Inner Unique": true,"Hash Cond": "(lineitem.l_partkey = part.p_partkey)","Join Filter": "(lineitem.l_quantity < (SubPlan 1))","Rows Removed by Join Filter": 5688,"Plans": [{"Node Type": "Seq Scan","Parent Relationship": "Outer","Parallel Aware": false,"Async Capable": false,"Relation Name": "lineitem","Alias": "lineitem","Startup Cost": 0.00,"Total Cost": 172515.15,"Plan Rows": 6001215,"Plan Width": 17,"Actual Startup Time": 0.012,"Actual Total Time": 939.892,"Actual Rows": 6001215,"Actual Loops": 1},{"Node Type": "Hash","Parent Relationship": "Inner","Parallel Aware": false,"Async Capable": false,"Startup Cost": 6368.37,"Total Cost": 6368.37,"Plan Rows": 214,"Plan Width": 4,"Actual Startup Time": 33.646,"Actual Total Time": 34.017,"Actual Rows": 208,"Actual Loops": 1,"Hash Buckets": 1024,"Original Hash Buckets": 1024,"Hash Batches": 1,"Original Hash Batches": 1,"Peak Memory Usage": 16,"Plans": [{"Node Type": "Gather","Parent Relationship": "Outer","Parallel Aware": false,"Async Capable": false,"Startup Cost": 1000.00,"Total Cost": 6368.37,"Plan Rows": 214,"Plan Width": 4,"Actual Startup Time": 0.665,"Actual Total Time": 33.942,"Actual Rows": 208,"Actual Loops": 1,"Workers Planned": 2,"Workers Launched": 2,"Single Copy": false,"Plans": [{"Node Type": "Seq Scan","Parent Relationship": "Outer","Parallel Aware": true,"Async Capable": false,"Relation Name": "part","Alias": "part","Startup Cost": 0.00,"Total Cost": 5347.00,"Plan Rows": 89,"Plan Width": 4,"Actual Startup Time": 0.316,"Actual Total Time": 28.139,"Actual Rows": 69,"Actual Loops": 3,"Filter": "((p_brand = 'Brand#11'::bpchar) AND (p_container = 'LG JAR'::bpchar))","Rows Removed by Filter": 66597,"Workers": []}]}]},{"Node Type": "Aggregate","Strategy": "Plain","Partial Mode": "Simple","Parent Relationship": "SubPlan","Subplan Name": "SubPlan 1","Parallel Aware": false,"Async Capable": false,"Startup Cost": 127.60,"Total Cost": 127.61,"Plan Rows": 1,"Plan Width": 32,"Actual Startup Time": 0.114,"Actual Total Time": 0.114,"Actual Rows": 1,"Actual Loops": 6226,"Plans": [{"Node Type": "Bitmap Heap Scan","Parent Relationship": "Outer","Parallel Aware": false,"Async Capable": false,"Relation Name": "lineitem","Alias": "lineitem_1","Startup Cost": 4.67,"Total Cost": 127.52,"Plan Rows": 31,"Plan Width": 5,"Actual Startup Time": 0.013,"Actual Total Time": 0.107,"Actual Rows": 31,"Actual Loops": 6226,"Recheck Cond": "(l_partkey = part.p_partkey)","Rows Removed by Index Recheck": 0,"Exact Heap Blocks": 191922,"Lossy Heap Blocks": 0,"Plans": [{"Node Type": "Bitmap Index Scan","Parent Relationship": "Outer","Parallel Aware": false,"Async Capable": false,"Index Name": "idx_lineitem_part_supp","Startup Cost": 0.00,"Total Cost": 4.67,"Plan Rows": 31,"Plan Width": 0,"Actual Startup Time": 0.007,"Actual Total Time": 0.007,"Actual Rows": 31,"Actual Loops": 6226,"Index Cond": "(l_partkey = part.p_partkey)"}]}]}]}]},"Planning Time": 5.825,"Triggers": [],"Execution Time": 4935.879}]
[{"Plan": {"Node Type": "Aggregate","Strategy": "Plain","Partial Mode": "Simple","Parallel Aware": false,"Async Capable": false,"Startup Cost": 195919.85,"Total Cost": 195919.86,"Plan Rows": 1,"Plan Width": 32,"Actual Startup Time": 4792.280,"Actual Total Time": 4792.919,"Actual Rows": 1,"Actual Loops": 1,"Plans": [{"Node Type": "Hash Join","Parent Relationship": "Outer","Parallel Aware": false,"Async Capable": false,"Join Type": "Inner","Startup Cost": 6370.15,"Total Cost": 195914.70,"Plan Rows": 2058,"Plan Width": 8,"Actual Startup Time": 59.927,"Actual Total Time": 4792.480,"Actual Rows": 528,"Actual Loops": 1,"Inner Unique": true,"Hash Cond": "(lineitem.l_partkey = part.p_partkey)","Join Filter": "(lineitem.l_quantity < (SubPlan 1))","Rows Removed by Join Filter": 5290,"Plans": [{"Node Type": "Seq Scan","Parent Relationship": "Outer","Parallel Aware": false,"Async Capable": false,"Relation Name": "lineitem","Alias": "lineitem","Startup Cost": 0.00,"Total Cost": 172515.15,"Plan Rows": 6001215,"Plan Width": 17,"Actual Startup Time": 0.019,"Actual Total Time": 965.467,"Actual Rows": 6001215,"Actual Loops": 1},{"Node Type": "Hash","Parent Relationship": "Inner","Parallel Aware": false,"Async Capable": false,"Startup Cost": 6367.58,"Total Cost": 6367.58,"Plan Rows": 206,"Plan Width": 4,"Actual Startup Time": 32.071,"Actual Total Time": 32.663,"Actual Rows": 194,"Actual Loops": 1,"Hash Buckets": 1024,"Original Hash Buckets": 1024,"Hash Batches": 1,"Original Hash Batches": 1,"Peak Memory Usage": 15,"Plans": [{"Node Type": "Gather","Parent Relationship": "Outer","Parallel Aware": false,"Async Capable": false,"Startup Cost": 1000.00,"Total Cost": 6367.58,"Plan Rows": 206,"Plan Width": 4,"Actual Startup Time": 1.462,"Actual Total Time": 32.600,"Actual Rows": 194,"Actual Loops": 1,"Workers Planned": 2,"Workers Launched": 2,"Single Copy": false,"Plans": [{"Node Type": "Seq Scan","Parent Relationship": "Outer","Parallel Aware": true,"Async Capable": false,"Relation Name": "part","Alias": "part","Startup Cost": 0.00,"Total Cost": 5347.00,"Plan Rows": 86,"Plan Width": 4,"Actual Startup Time": 0.504,"Actual Total Time": 26.016,"Actual Rows": 65,"Actual Loops": 3,"Filter": "((p_brand = 'Brand#15'::bpchar) AND (p_container = 'JUMBO DRUM'::bpchar))","Rows Removed by Filter": 66602,"Workers": []}]}]},{"Node Type": "Aggregate","Strategy": "Plain","Partial Mode": "Simple","Parent Relationship": "SubPlan","Subplan Name": "SubPlan 1","Parallel Aware": false,"Async Capable": false,"Startup Cost": 127.60,"Total Cost": 127.61,"Plan Rows": 1,"Plan Width": 32,"Actual Startup Time": 0.118,"Actual Total Time": 0.118,"Actual Rows": 1,"Actual Loops": 5818,"Plans": [{"Node Type": "Bitmap Heap Scan","Parent Relationship": "Outer","Parallel Aware": false,"Async Capable": false,"Relation Name": "lineitem","Alias": "lineitem_1","Startup Cost": 4.67,"Total Cost": 127.52,"Plan Rows": 31,"Plan Width": 5,"Actual Startup Time": 0.013,"Actual Total Time": 0.111,"Actual Rows": 31,"Actual Loops": 5818,"Recheck Cond": "(l_partkey = part.p_partkey)","Rows Removed by Index Recheck": 0,"Exact Heap Blocks": 180011,"Lossy Heap Blocks": 0,"Plans": [{"Node Type": "Bitmap Index Scan","Parent Relationship": "Outer","Parallel Aware": false,"Async Capable": false,"Index Name": "idx_lineitem_part_supp","Startup Cost": 0.00,"Total Cost": 4.67,"Plan Rows": 31,"Plan Width": 0,"Actual Startup Time": 0.007,"Actual Total Time": 0.007,"Actual Rows": 31,"Actual Loops": 5818,"Index Cond": "(l_partkey = part.p_partkey)"}]}]}]}]},"Planning Time": 5.439,"Triggers": [],"Execution Time": 4793.316}]
[{"Plan": {"Node Type": "Aggregate","Strategy": "Plain","Partial Mode": "Simple","Parallel Aware": false,"Async Capable": false,"Startup Cost": 195919.49,"Total Cost": 195919.51,"Plan Rows": 1,"Plan Width": 32,"Actual Startup Time": 4830.825,"Actual Total Time": 4831.289,"Actual Rows": 1,"Actual Loops": 1,"Plans": [{"Node Type": "Hash Join","Parent Relationship": "Outer","Parallel Aware": false,"Async Capable": false,"Join Type": "Inner","Startup Cost": 6369.86,"Total Cost": 195914.41,"Plan Rows": 2032,"Plan Width": 8,"Actual Startup Time": 42.884,"Actual Total Time": 4831.034,"Actual Rows": 515,"Actual Loops": 1,"Inner Unique": true,"Hash Cond": "(lineitem.l_partkey = part.p_partkey)","Join Filter": "(lineitem.l_quantity < (SubPlan 1))","Rows Removed by Join Filter": 5476,"Plans": [{"Node Type": "Seq Scan","Parent Relationship": "Outer","Parallel Aware": false,"Async Capable": false,"Relation Name": "lineitem","Alias": "lineitem","Startup Cost": 0.00,"Total Cost": 172515.15,"Plan Rows": 6001215,"Plan Width": 17,"Actual Startup Time": 0.039,"Actual Total Time": 943.896,"Actual Rows": 6001215,"Actual Loops": 1},{"Node Type": "Hash","Parent Relationship": "Inner","Parallel Aware": false,"Async Capable": false,"Startup Cost": 6367.32,"Total Cost": 6367.32,"Plan Rows": 203,"Plan Width": 4,"Actual Startup Time": 30.722,"Actual Total Time": 31.169,"Actual Rows": 199,"Actual Loops": 1,"Hash Buckets": 1024,"Original Hash Buckets": 1024,"Hash Batches": 1,"Original Hash Batches": 1,"Peak Memory Usage": 15,"Plans": [{"Node Type": "Gather","Parent Relationship": "Outer","Parallel Aware": false,"Async Capable": false,"Startup Cost": 1000.00,"Total Cost": 6367.32,"Plan Rows": 203,"Plan Width": 4,"Actual Startup Time": 0.527,"Actual Total Time": 31.124,"Actual Rows": 199,"Actual Loops": 1,"Workers Planned": 2,"Workers Launched": 2,"Single Copy": false,"Plans": [{"Node Type": "Seq Scan","Parent Relationship": "Outer","Parallel Aware": true,"Async Capable": false,"Relation Name": "part","Alias": "part","Startup Cost": 0.00,"Total Cost": 5347.00,"Plan Rows": 85,"Plan Width": 4,"Actual Startup Time": 0.748,"Actual Total Time": 24.978,"Actual Rows": 66,"Actual Loops": 3,"Filter": "((p_brand = 'Brand#24'::bpchar) AND (p_container = 'MED BAG'::bpchar))","Rows Removed by Filter": 66600,"Workers": []}]}]},{"Node Type": "Aggregate","Strategy": "Plain","Partial Mode": "Simple","Parent Relationship": "SubPlan","Subplan Name": "SubPlan 1","Parallel Aware": false,"Async Capable": false,"Startup Cost": 127.60,"Total Cost": 127.61,"Plan Rows": 1,"Plan Width": 32,"Actual Startup Time": 0.119,"Actual Total Time": 0.119,"Actual Rows": 1,"Actual Loops": 5991,"Plans": [{"Node Type": "Bitmap Heap Scan","Parent Relationship": "Outer","Parallel Aware": false,"Async Capable": false,"Relation Name": "lineitem","Alias": "lineitem_1","Startup Cost": 4.67,"Total Cost": 127.52,"Plan Rows": 31,"Plan Width": 5,"Actual Startup Time": 0.013,"Actual Total Time": 0.112,"Actual Rows": 31,"Actual Loops": 5991,"Recheck Cond": "(l_partkey = part.p_partkey)","Rows Removed by Index Recheck": 0,"Exact Heap Blocks": 185792,"Lossy Heap Blocks": 0,"Plans": [{"Node Type": "Bitmap Index Scan","Parent Relationship": "Outer","Parallel Aware": false,"Async Capable": false,"Index Name": "idx_lineitem_part_supp","Startup Cost": 0.00,"Total Cost": 4.67,"Plan Rows": 31,"Plan Width": 0,"Actual Startup Time": 0.007,"Actual Total Time": 0.007,"Actual Rows": 31,"Actual Loops": 5991,"Index Cond": "(l_partkey = part.p_partkey)"}]}]}]}]},"Planning Time": 5.997,"Triggers": [],"Execution Time": 4831.666}]
[{"Plan": {"Node Type": "Aggregate","Strategy": "Plain","Partial Mode": "Simple","Parallel Aware": false,"Async Capable": false,"Startup Cost": 195918.08,"Total Cost": 195918.09,"Plan Rows": 1,"Plan Width": 32,"Actual Startup Time": 4847.161,"Actual Total Time": 4847.700,"Actual Rows": 1,"Actual Loops": 1,"Plans": [{"Node Type": "Hash Join","Parent Relationship": "Outer","Parallel Aware": false,"Async Capable": false,"Join Type": "Inner","Startup Cost": 6368.70,"Total Cost": 195913.25,"Plan Rows": 1929,"Plan Width": 8,"Actual Startup Time": 35.096,"Actual Total Time": 4847.503,"Actual Rows": 483,"Actual Loops": 1,"Inner Unique": true,"Hash Cond": "(lineitem.l_partkey = part.p_partkey)","Join Filter": "(lineitem.l_quantity < (SubPlan 1))","Rows Removed by Join Filter": 5278,"Plans": [{"Node Type": "Seq Scan","Parent Relationship": "Outer","Parallel Aware": false,"Async Capable": false,"Relation Name": "lineitem","Alias": "lineitem","Startup Cost": 0.00,"Total Cost": 172515.15,"Plan Rows": 6001215,"Plan Width": 17,"Actual Startup Time": 0.022,"Actual Total Time": 1026.353,"Actual Rows": 6001215,"Actual Loops": 1},{"Node Type": "Hash","Parent Relationship": "Inner","Parallel Aware": false,"Async Capable": false,"Startup Cost": 6366.29,"Total Cost": 6366.29,"Plan Rows": 193,"Plan Width": 4,"Actual Startup Time": 33.762,"Actual Total Time": 34.286,"Actual Rows": 187,"Actual Loops": 1,"Hash Buckets": 1024,"Original Hash Buckets": 1024,"Hash Batches": 1,"Original Hash Batches": 1,"Peak Memory Usage": 15,"Plans": [{"Node Type": "Gather","Parent Relationship": "Outer","Parallel Aware": false,"Async Capable": false,"Startup Cost": 1000.00,"Total Cost": 6366.29,"Plan Rows": 193,"Plan Width": 4,"Actual Startup Time": 1.172,"Actual Total Time": 34.242,"Actual Rows": 187,"Actual Loops": 1,"Workers Planned": 2,"Workers Launched": 2,"Single Copy": false,"Plans": [{"Node Type": "Seq Scan","Parent Relationship": "Outer","Parallel Aware": true,"Async Capable": false,"Relation Name": "part","Alias": "part","Startup Cost": 0.00,"Total Cost": 5347.00,"Plan Rows": 80,"Plan Width": 4,"Actual Startup Time": 1.074,"Actual Total Time": 27.764,"Actual Rows": 62,"Actual Loops": 3,"Filter": "((p_brand = 'Brand#22'::bpchar) AND (p_container = 'SM PKG'::bpchar))","Rows Removed by Filter": 66604,"Workers": []}]}]},{"Node Type": "Aggregate","Strategy": "Plain","Partial Mode": "Simple","Parent Relationship": "SubPlan","Subplan Name": "SubPlan 1","Parallel Aware": false,"Async Capable": false,"Startup Cost": 127.60,"Total Cost": 127.61,"Plan Rows": 1,"Plan Width": 32,"Actual Startup Time": 0.129,"Actual Total Time": 0.129,"Actual Rows": 1,"Actual Loops": 5761,"Plans": [{"Node Type": "Bitmap Heap Scan","Parent Relationship": "Outer","Parallel Aware": false,"Async Capable": false,"Relation Name": "lineitem","Alias": "lineitem_1","Startup Cost": 4.67,"Total Cost": 127.52,"Plan Rows": 31,"Plan Width": 5,"Actual Startup Time": 0.014,"Actual Total Time": 0.122,"Actual Rows": 32,"Actual Loops": 5761,"Recheck Cond": "(l_partkey = part.p_partkey)","Rows Removed by Index Recheck": 0,"Exact Heap Blocks": 183113,"Lossy Heap Blocks": 0,"Plans": [{"Node Type": "Bitmap Index Scan","Parent Relationship": "Outer","Parallel Aware": false,"Async Capable": false,"Index Name": "idx_lineitem_part_supp","Startup Cost": 0.00,"Total Cost": 4.67,"Plan Rows": 31,"Plan Width": 0,"Actual Startup Time": 0.008,"Actual Total Time": 0.008,"Actual Rows": 32,"Actual Loops": 5761,"Index Cond": "(l_partkey = part.p_partkey)"}]}]}]}]},"Planning Time": 5.973,"Triggers": [],"Execution Time": 4848.087}]
[{"Plan": {"Node Type": "Aggregate","Strategy": "Plain","Partial Mode": "Simple","Parallel Aware": false,"Async Capable": false,"Startup Cost": 195918.70,"Total Cost": 195918.72,"Plan Rows": 1,"Plan Width": 32,"Actual Startup Time": 4831.605,"Actual Total Time": 4832.233,"Actual Rows": 1,"Actual Loops": 1,"Plans": [{"Node Type": "Hash Join","Parent Relationship": "Outer","Parallel Aware": false,"Async Capable": false,"Join Type": "Inner","Startup Cost": 6369.21,"Total Cost": 195913.76,"Plan Rows": 1975,"Plan Width": 8,"Actual Startup Time": 35.749,"Actual Total Time": 4831.803,"Actual Rows": 554,"Actual Loops": 1,"Inner Unique": true,"Hash Cond": "(lineitem.l_partkey = part.p_partkey)","Join Filter": "(lineitem.l_quantity < (SubPlan 1))","Rows Removed by Join Filter": 5609,"Plans": [{"Node Type": "Seq Scan","Parent Relationship": "Outer","Parallel Aware": false,"Async Capable": false,"Relation Name": "lineitem","Alias": "lineitem","Startup Cost": 0.00,"Total Cost": 172515.15,"Plan Rows": 6001215,"Plan Width": 17,"Actual Startup Time": 0.015,"Actual Total Time": 938.429,"Actual Rows": 6001215,"Actual Loops": 1},{"Node Type": "Hash","Parent Relationship": "Inner","Parallel Aware": false,"Async Capable": false,"Startup Cost": 6366.74,"Total Cost": 6366.74,"Plan Rows": 197,"Plan Width": 4,"Actual Startup Time": 32.546,"Actual Total Time": 33.139,"Actual Rows": 207,"Actual Loops": 1,"Hash Buckets": 1024,"Original Hash Buckets": 1024,"Hash Batches": 1,"Original Hash Batches": 1,"Peak Memory Usage": 16,"Plans": [{"Node Type": "Gather","Parent Relationship": "Outer","Parallel Aware": false,"Async Capable": false,"Startup Cost": 1000.00,"Total Cost": 6366.74,"Plan Rows": 197,"Plan Width": 4,"Actual Startup Time": 2.004,"Actual Total Time": 33.047,"Actual Rows": 207,"Actual Loops": 1,"Workers Planned": 2,"Workers Launched": 2,"Single Copy": false,"Plans": [{"Node Type": "Seq Scan","Parent Relationship": "Outer","Parallel Aware": true,"Async Capable": false,"Relation Name": "part","Alias": "part","Startup Cost": 0.00,"Total Cost": 5347.00,"Plan Rows": 82,"Plan Width": 4,"Actual Startup Time": 1.064,"Actual Total Time": 26.949,"Actual Rows": 69,"Actual Loops": 3,"Filter": "((p_brand = 'Brand#41'::bpchar) AND (p_container = 'MED PKG'::bpchar))","Rows Removed by Filter": 66598,"Workers": []}]}]},{"Node Type": "Aggregate","Strategy": "Plain","Partial Mode": "Simple","Parent Relationship": "SubPlan","Subplan Name": "SubPlan 1","Parallel Aware": false,"Async Capable": false,"Startup Cost": 127.60,"Total Cost": 127.61,"Plan Rows": 1,"Plan Width": 32,"Actual Startup Time": 0.119,"Actual Total Time": 0.119,"Actual Rows": 1,"Actual Loops": 6163,"Plans": [{"Node Type": "Bitmap Heap Scan","Parent Relationship": "Outer","Parallel Aware": false,"Async Capable": false,"Relation Name": "lineitem","Alias": "lineitem_1","Startup Cost": 4.67,"Total Cost": 127.52,"Plan Rows": 31,"Plan Width": 5,"Actual Startup Time": 0.013,"Actual Total Time": 0.112,"Actual Rows": 31,"Actual Loops": 6163,"Recheck Cond": "(l_partkey = part.p_partkey)","Rows Removed by Index Recheck": 0,"Exact Heap Blocks": 189100,"Lossy Heap Blocks": 0,"Plans": [{"Node Type": "Bitmap Index Scan","Parent Relationship": "Outer","Parallel Aware": false,"Async Capable": false,"Index Name": "idx_lineitem_part_supp","Startup Cost": 0.00,"Total Cost": 4.67,"Plan Rows": 31,"Plan Width": 0,"Actual Startup Time": 0.007,"Actual Total Time": 0.007,"Actual Rows": 31,"Actual Loops": 6163,"Index Cond": "(l_partkey = part.p_partkey)"}]}]}]}]},"Planning Time": 5.469,"Triggers": [],"Execution Time": 4832.684}]
[{"Plan": {"Node Type": "Aggregate","Strategy": "Plain","Partial Mode": "Simple","Parallel Aware": false,"Async Capable": false,"Startup Cost": 195919.81,"Total Cost": 195919.82,"Plan Rows": 1,"Plan Width": 32,"Actual Startup Time": 4907.015,"Actual Total Time": 4907.573,"Actual Rows": 1,"Actual Loops": 1,"Plans": [{"Node Type": "Hash Join","Parent Relationship": "Outer","Parallel Aware": false,"Async Capable": false,"Join Type": "Inner","Startup Cost": 6370.12,"Total Cost": 195914.67,"Plan Rows": 2055,"Plan Width": 8,"Actual Startup Time": 42.020,"Actual Total Time": 4907.372,"Actual Rows": 514,"Actual Loops": 1,"Inner Unique": true,"Hash Cond": "(lineitem.l_partkey = part.p_partkey)","Join Filter": "(lineitem.l_quantity < (SubPlan 1))","Rows Removed by Join Filter": 5450,"Plans": [{"Node Type": "Seq Scan","Parent Relationship": "Outer","Parallel Aware": false,"Async Capable": false,"Relation Name": "lineitem","Alias": "lineitem","Startup Cost": 0.00,"Total Cost": 172515.15,"Plan Rows": 6001215,"Plan Width": 17,"Actual Startup Time": 0.017,"Actual Total Time": 1027.615,"Actual Rows": 6001215,"Actual Loops": 1},{"Node Type": "Hash","Parent Relationship": "Inner","Parallel Aware": false,"Async Capable": false,"Startup Cost": 6367.55,"Total Cost": 6367.55,"Plan Rows": 205,"Plan Width": 4,"Actual Startup Time": 32.897,"Actual Total Time": 33.436,"Actual Rows": 199,"Actual Loops": 1,"Hash Buckets": 1024,"Original Hash Buckets": 1024,"Hash Batches": 1,"Original Hash Batches": 1,"Peak Memory Usage": 15,"Plans": [{"Node Type": "Gather","Parent Relationship": "Outer","Parallel Aware": false,"Async Capable": false,"Startup Cost": 1000.00,"Total Cost": 6367.55,"Plan Rows": 205,"Plan Width": 4,"Actual Startup Time": 0.884,"Actual Total Time": 33.378,"Actual Rows": 199,"Actual Loops": 1,"Workers Planned": 2,"Workers Launched": 2,"Single Copy": false,"Plans": [{"Node Type": "Seq Scan","Parent Relationship": "Outer","Parallel Aware": true,"Async Capable": false,"Relation Name": "part","Alias": "part","Startup Cost": 0.00,"Total Cost": 5347.00,"Plan Rows": 86,"Plan Width": 4,"Actual Startup Time": 0.836,"Actual Total Time": 26.867,"Actual Rows": 66,"Actual Loops": 3,"Filter": "((p_brand = 'Brand#52'::bpchar) AND (p_container = 'JUMBO JAR'::bpchar))","Rows Removed by Filter": 66600,"Workers": []}]}]},{"Node Type": "Aggregate","Strategy": "Plain","Partial Mode": "Simple","Parent Relationship": "SubPlan","Subplan Name": "SubPlan 1","Parallel Aware": false,"Async Capable": false,"Startup Cost": 127.60,"Total Cost": 127.61,"Plan Rows": 1,"Plan Width": 32,"Actual Startup Time": 0.133,"Actual Total Time": 0.133,"Actual Rows": 1,"Actual Loops": 5964,"Plans": [{"Node Type": "Bitmap Heap Scan","Parent Relationship": "Outer","Parallel Aware": false,"Async Capable": false,"Relation Name": "lineitem","Alias": "lineitem_1","Startup Cost": 4.67,"Total Cost": 127.52,"Plan Rows": 31,"Plan Width": 5,"Actual Startup Time": 0.014,"Actual Total Time": 0.126,"Actual Rows": 31,"Actual Loops": 5964,"Recheck Cond": "(l_partkey = part.p_partkey)","Rows Removed by Index Recheck": 0,"Exact Heap Blocks": 185240,"Lossy Heap Blocks": 0,"Plans": [{"Node Type": "Bitmap Index Scan","Parent Relationship": "Outer","Parallel Aware": false,"Async Capable": false,"Index Name": "idx_lineitem_part_supp","Startup Cost": 0.00,"Total Cost": 4.67,"Plan Rows": 31,"Plan Width": 0,"Actual Startup Time": 0.008,"Actual Total Time": 0.008,"Actual Rows": 31,"Actual Loops": 5964,"Index Cond": "(l_partkey = part.p_partkey)"}]}]}]}]},"Planning Time": 5.635,"Triggers": [],"Execution Time": 4907.855}]
[{"Plan": {"Node Type": "Aggregate","Strategy": "Plain","Partial Mode": "Simple","Parallel Aware": false,"Async Capable": false,"Startup Cost": 195918.74,"Total Cost": 195918.75,"Plan Rows": 1,"Plan Width": 32,"Actual Startup Time": 4953.050,"Actual Total Time": 4953.878,"Actual Rows": 1,"Actual Loops": 1,"Plans": [{"Node Type": "Hash Join","Parent Relationship": "Outer","Parallel Aware": false,"Async Capable": false,"Join Type": "Inner","Startup Cost": 6369.24,"Total Cost": 195913.79,"Plan Rows": 1977,"Plan Width": 8,"Actual Startup Time": 31.852,"Actual Total Time": 4953.450,"Actual Rows": 558,"Actual Loops": 1,"Inner Unique": true,"Hash Cond": "(lineitem.l_partkey = part.p_partkey)","Join Filter": "(lineitem.l_quantity < (SubPlan 1))","Rows Removed by Join Filter": 5608,"Plans": [{"Node Type": "Seq Scan","Parent Relationship": "Outer","Parallel Aware": false,"Async Capable": false,"Relation Name": "lineitem","Alias": "lineitem","Startup Cost": 0.00,"Total Cost": 172515.15,"Plan Rows": 6001215,"Plan Width": 17,"Actual Startup Time": 0.016,"Actual Total Time": 1006.629,"Actual Rows": 6001215,"Actual Loops": 1},{"Node Type": "Hash","Parent Relationship": "Inner","Parallel Aware": false,"Async Capable": false,"Startup Cost": 6366.77,"Total Cost": 6366.77,"Plan Rows": 198,"Plan Width": 4,"Actual Startup Time": 30.843,"Actual Total Time": 31.637,"Actual Rows": 203,"Actual Loops": 1,"Hash Buckets": 1024,"Original Hash Buckets": 1024,"Hash Batches": 1,"Original Hash Batches": 1,"Peak Memory Usage": 16,"Plans": [{"Node Type": "Gather","Parent Relationship": "Outer","Parallel Aware": false,"Async Capable": false,"Startup Cost": 1000.00,"Total Cost": 6366.77,"Plan Rows": 198,"Plan Width": 4,"Actual Startup Time": 0.783,"Actual Total Time": 31.554,"Actual Rows": 203,"Actual Loops": 1,"Workers Planned": 2,"Workers Launched": 2,"Single Copy": false,"Plans": [{"Node Type": "Seq Scan","Parent Relationship": "Outer","Parallel Aware": true,"Async Capable": false,"Relation Name": "part","Alias": "part","Startup Cost": 0.00,"Total Cost": 5347.00,"Plan Rows": 82,"Plan Width": 4,"Actual Startup Time": 1.571,"Actual Total Time": 25.317,"Actual Rows": 68,"Actual Loops": 3,"Filter": "((p_brand = 'Brand#31'::bpchar) AND (p_container = 'WRAP DRUM'::bpchar))","Rows Removed by Filter": 66599,"Workers": []}]}]},{"Node Type": "Aggregate","Strategy": "Plain","Partial Mode": "Simple","Parent Relationship": "SubPlan","Subplan Name": "SubPlan 1","Parallel Aware": false,"Async Capable": false,"Startup Cost": 127.60,"Total Cost": 127.61,"Plan Rows": 1,"Plan Width": 32,"Actual Startup Time": 0.134,"Actual Total Time": 0.134,"Actual Rows": 1,"Actual Loops": 6166,"Plans": [{"Node Type": "Bitmap Heap Scan","Parent Relationship": "Outer","Parallel Aware": false,"Async Capable": false,"Relation Name": "lineitem","Alias": "lineitem_1","Startup Cost": 4.67,"Total Cost": 127.52,"Plan Rows": 31,"Plan Width": 5,"Actual Startup Time": 0.014,"Actual Total Time": 0.127,"Actual Rows": 31,"Actual Loops": 6166,"Recheck Cond": "(l_partkey = part.p_partkey)","Rows Removed by Index Recheck": 0,"Exact Heap Blocks": 193683,"Lossy Heap Blocks": 0,"Plans": [{"Node Type": "Bitmap Index Scan","Parent Relationship": "Outer","Parallel Aware": false,"Async Capable": false,"Index Name": "idx_lineitem_part_supp","Startup Cost": 0.00,"Total Cost": 4.67,"Plan Rows": 31,"Plan Width": 0,"Actual Startup Time": 0.008,"Actual Total Time": 0.008,"Actual Rows": 31,"Actual Loops": 6166,"Index Cond": "(l_partkey = part.p_partkey)"}]}]}]}]},"Planning Time": 4.955,"Triggers": [],"Execution Time": 4954.276}]
[{"Plan": {"Node Type": "Aggregate","Strategy": "Plain","Partial Mode": "Simple","Parallel Aware": false,"Async Capable": false,"Startup Cost": 195919.24,"Total Cost": 195919.25,"Plan Rows": 1,"Plan Width": 32,"Actual Startup Time": 4831.248,"Actual Total Time": 4831.911,"Actual Rows": 1,"Actual Loops": 1,"Plans": [{"Node Type": "Hash Join","Parent Relationship": "Outer","Parallel Aware": false,"Async Capable": false,"Join Type": "Inner","Startup Cost": 6369.65,"Total Cost": 195914.20,"Plan Rows": 2014,"Plan Width": 8,"Actual Startup Time": 33.275,"Actual Total Time": 4831.419,"Actual Rows": 572,"Actual Loops": 1,"Inner Unique": true,"Hash Cond": "(lineitem.l_partkey = part.p_partkey)","Join Filter": "(lineitem.l_quantity < (SubPlan 1))","Rows Removed by Join Filter": 5325,"Plans": [{"Node Type": "Seq Scan","Parent Relationship": "Outer","Parallel Aware": false,"Async Capable": false,"Relation Name": "lineitem","Alias": "lineitem","Startup Cost": 0.00,"Total Cost": 172515.15,"Plan Rows": 6001215,"Plan Width": 17,"Actual Startup Time": 0.019,"Actual Total Time": 978.466,"Actual Rows": 6001215,"Actual Loops": 1},{"Node Type": "Hash","Parent Relationship": "Inner","Parallel Aware": false,"Async Capable": false,"Startup Cost": 6367.13,"Total Cost": 6367.13,"Plan Rows": 201,"Plan Width": 4,"Actual Startup Time": 32.390,"Actual Total Time": 32.972,"Actual Rows": 196,"Actual Loops": 1,"Hash Buckets": 1024,"Original Hash Buckets": 1024,"Hash Batches": 1,"Original Hash Batches": 1,"Peak Memory Usage": 15,"Plans": [{"Node Type": "Gather","Parent Relationship": "Outer","Parallel Aware": false,"Async Capable": false,"Startup Cost": 1000.00,"Total Cost": 6367.13,"Plan Rows": 201,"Plan Width": 4,"Actual Startup Time": 1.509,"Actual Total Time": 32.880,"Actual Rows": 196,"Actual Loops": 1,"Workers Planned": 2,"Workers Launched": 2,"Single Copy": false,"Plans": [{"Node Type": "Seq Scan","Parent Relationship": "Outer","Parallel Aware": true,"Async Capable": false,"Relation Name": "part","Alias": "part","Startup Cost": 0.00,"Total Cost": 5347.00,"Plan Rows": 84,"Plan Width": 4,"Actual Startup Time": 0.418,"Actual Total Time": 26.714,"Actual Rows": 65,"Actual Loops": 3,"Filter": "((p_brand = 'Brand#54'::bpchar) AND (p_container = 'SM CAN'::bpchar))","Rows Removed by Filter": 66601,"Workers": []}]}]},{"Node Type": "Aggregate","Strategy": "Plain","Partial Mode": "Simple","Parent Relationship": "SubPlan","Subplan Name": "SubPlan 1","Parallel Aware": false,"Async Capable": false,"Startup Cost": 127.60,"Total Cost": 127.61,"Plan Rows": 1,"Plan Width": 32,"Actual Startup Time": 0.119,"Actual Total Time": 0.119,"Actual Rows": 1,"Actual Loops": 5897,"Plans": [{"Node Type": "Bitmap Heap Scan","Parent Relationship": "Outer","Parallel Aware": false,"Async Capable": false,"Relation Name": "lineitem","Alias": "lineitem_1","Startup Cost": 4.67,"Total Cost": 127.52,"Plan Rows": 31,"Plan Width": 5,"Actual Startup Time": 0.013,"Actual Total Time": 0.112,"Actual Rows": 31,"Actual Loops": 5897,"Recheck Cond": "(l_partkey = part.p_partkey)","Rows Removed by Index Recheck": 0,"Exact Heap Blocks": 183409,"Lossy Heap Blocks": 0,"Plans": [{"Node Type": "Bitmap Index Scan","Parent Relationship": "Outer","Parallel Aware": false,"Async Capable": false,"Index Name": "idx_lineitem_part_supp","Startup Cost": 0.00,"Total Cost": 4.67,"Plan Rows": 31,"Plan Width": 0,"Actual Startup Time": 0.007,"Actual Total Time": 0.007,"Actual Rows": 31,"Actual Loops": 5897,"Index Cond": "(l_partkey = part.p_partkey)"}]}]}]}]},"Planning Time": 5.622,"Triggers": [],"Execution Time": 4832.303}]
[{"Plan": {"Node Type": "Aggregate","Strategy": "Plain","Partial Mode": "Simple","Parallel Aware": false,"Async Capable": false,"Startup Cost": 195919.79,"Total Cost": 195919.80,"Plan Rows": 1,"Plan Width": 32,"Actual Startup Time": 4919.834,"Actual Total Time": 4920.581,"Actual Rows": 1,"Actual Loops": 1,"Plans": [{"Node Type": "Hash Join","Parent Relationship": "Outer","Parallel Aware": false,"Async Capable": false,"Join Type": "Inner","Startup Cost": 6370.10,"Total Cost": 195914.65,"Plan Rows": 2054,"Plan Width": 8,"Actual Startup Time": 37.217,"Actual Total Time": 4920.382,"Actual Rows": 531,"Actual Loops": 1,"Inner Unique": true,"Hash Cond": "(lineitem.l_partkey = part.p_partkey)","Join Filter": "(lineitem.l_quantity < (SubPlan 1))","Rows Removed by Join Filter": 5711,"Plans": [{"Node Type": "Seq Scan","Parent Relationship": "Outer","Parallel Aware": false,"Async Capable": false,"Relation Name": "lineitem","Alias": "lineitem","Startup Cost": 0.00,"Total Cost": 172515.15,"Plan Rows": 6001215,"Plan Width": 17,"Actual Startup Time": 0.015,"Actual Total Time": 1030.956,"Actual Rows": 6001215,"Actual Loops": 1},{"Node Type": "Hash","Parent Relationship": "Inner","Parallel Aware": false,"Async Capable": false,"Startup Cost": 6367.53,"Total Cost": 6367.53,"Plan Rows": 205,"Plan Width": 4,"Actual Startup Time": 32.621,"Actual Total Time": 33.347,"Actual Rows": 205,"Actual Loops": 1,"Hash Buckets": 1024,"Original Hash Buckets": 1024,"Hash Batches": 1,"Original Hash Batches": 1,"Peak Memory Usage": 16,"Plans": [{"Node Type": "Gather","Parent Relationship": "Outer","Parallel Aware": false,"Async Capable": false,"Startup Cost": 1000.00,"Total Cost": 6367.53,"Plan Rows": 205,"Plan Width": 4,"Actual Startup Time": 0.787,"Actual Total Time": 33.286,"Actual Rows": 205,"Actual Loops": 1,"Workers Planned": 2,"Workers Launched": 2,"Single Copy": false,"Plans": [{"Node Type": "Seq Scan","Parent Relationship": "Outer","Parallel Aware": true,"Async Capable": false,"Relation Name": "part","Alias": "part","Startup Cost": 0.00,"Total Cost": 5347.00,"Plan Rows": 86,"Plan Width": 4,"Actual Startup Time": 1.292,"Actual Total Time": 26.726,"Actual Rows": 68,"Actual Loops": 3,"Filter": "((p_brand = 'Brand#12'::bpchar) AND (p_container = 'MED CAN'::bpchar))","Rows Removed by Filter": 66598,"Workers": []}]}]},{"Node Type": "Aggregate","Strategy": "Plain","Partial Mode": "Simple","Parent Relationship": "SubPlan","Subplan Name": "SubPlan 1","Parallel Aware": false,"Async Capable": false,"Startup Cost": 127.60,"Total Cost": 127.61,"Plan Rows": 1,"Plan Width": 32,"Actual Startup Time": 0.133,"Actual Total Time": 0.133,"Actual Rows": 1,"Actual Loops": 6242,"Plans": [{"Node Type": "Bitmap Heap Scan","Parent Relationship": "Outer","Parallel Aware": false,"Async Capable": false,"Relation Name": "lineitem","Alias": "lineitem_1","Startup Cost": 4.67,"Total Cost": 127.52,"Plan Rows": 31,"Plan Width": 5,"Actual Startup Time": 0.014,"Actual Total Time": 0.126,"Actual Rows": 31,"Actual Loops": 6242,"Recheck Cond": "(l_partkey = part.p_partkey)","Rows Removed by Index Recheck": 0,"Exact Heap Blocks": 195748,"Lossy Heap Blocks": 0,"Plans": [{"Node Type": "Bitmap Index Scan","Parent Relationship": "Outer","Parallel Aware": false,"Async Capable": false,"Index Name": "idx_lineitem_part_supp","Startup Cost": 0.00,"Total Cost": 4.67,"Plan Rows": 31,"Plan Width": 0,"Actual Startup Time": 0.008,"Actual Total Time": 0.008,"Actual Rows": 31,"Actual Loops": 6242,"Index Cond": "(l_partkey = part.p_partkey)"}]}]}]}]},"Planning Time": 5.822,"Triggers": [],"Execution Time": 4920.854}]
[{"Plan": {"Node Type": "Aggregate","Strategy": "Plain","Partial Mode": "Simple","Parallel Aware": false,"Async Capable": false,"Startup Cost": 195920.90,"Total Cost": 195920.91,"Plan Rows": 1,"Plan Width": 32,"Actual Startup Time": 4976.301,"Actual Total Time": 4976.748,"Actual Rows": 1,"Actual Loops": 1,"Plans": [{"Node Type": "Hash Join","Parent Relationship": "Outer","Parallel Aware": false,"Async Capable": false,"Join Type": "Inner","Startup Cost": 6371.01,"Total Cost": 195915.56,"Plan Rows": 2134,"Plan Width": 8,"Actual Startup Time": 66.892,"Actual Total Time": 4976.545,"Actual Rows": 610,"Actual Loops": 1,"Inner Unique": true,"Hash Cond": "(lineitem.l_partkey = part.p_partkey)","Join Filter": "(lineitem.l_quantity < (SubPlan 1))","Rows Removed by Join Filter": 5958,"Plans": [{"Node Type": "Seq Scan","Parent Relationship": "Outer","Parallel Aware": false,"Async Capable": false,"Relation Name": "lineitem","Alias": "lineitem","Startup Cost": 0.00,"Total Cost": 172515.15,"Plan Rows": 6001215,"Plan Width": 17,"Actual Startup Time": 0.015,"Actual Total Time": 938.367,"Actual Rows": 6001215,"Actual Loops": 1},{"Node Type": "Hash","Parent Relationship": "Inner","Parallel Aware": false,"Async Capable": false,"Startup Cost": 6368.34,"Total Cost": 6368.34,"Plan Rows": 213,"Plan Width": 4,"Actual Startup Time": 32.311,"Actual Total Time": 32.743,"Actual Rows": 224,"Actual Loops": 1,"Hash Buckets": 1024,"Original Hash Buckets": 1024,"Hash Batches": 1,"Original Hash Batches": 1,"Peak Memory Usage": 16,"Plans": [{"Node Type": "Gather","Parent Relationship": "Outer","Parallel Aware": false,"Async Capable": false,"Startup Cost": 1000.00,"Total Cost": 6368.34,"Plan Rows": 213,"Plan Width": 4,"Actual Startup Time": 0.652,"Actual Total Time": 32.668,"Actual Rows": 224,"Actual Loops": 1,"Workers Planned": 2,"Workers Launched": 2,"Single Copy": false,"Plans": [{"Node Type": "Seq Scan","Parent Relationship": "Outer","Parallel Aware": true,"Async Capable": false,"Relation Name": "part","Alias": "part","Startup Cost": 0.00,"Total Cost": 5347.00,"Plan Rows": 89,"Plan Width": 4,"Actual Startup Time": 0.393,"Actual Total Time": 26.484,"Actual Rows": 75,"Actual Loops": 3,"Filter": "((p_brand = 'Brand#14'::bpchar) AND (p_container = 'SM BOX'::bpchar))","Rows Removed by Filter": 66592,"Workers": []}]}]},{"Node Type": "Aggregate","Strategy": "Plain","Partial Mode": "Simple","Parent Relationship": "SubPlan","Subplan Name": "SubPlan 1","Parallel Aware": false,"Async Capable": false,"Startup Cost": 127.60,"Total Cost": 127.61,"Plan Rows": 1,"Plan Width": 32,"Actual Startup Time": 0.115,"Actual Total Time": 0.116,"Actual Rows": 1,"Actual Loops": 6568,"Plans": [{"Node Type": "Bitmap Heap Scan","Parent Relationship": "Outer","Parallel Aware": false,"Async Capable": false,"Relation Name": "lineitem","Alias": "lineitem_1","Startup Cost": 4.67,"Total Cost": 127.52,"Plan Rows": 31,"Plan Width": 5,"Actual Startup Time": 0.013,"Actual Total Time": 0.109,"Actual Rows": 30,"Actual Loops": 6568,"Recheck Cond": "(l_partkey = part.p_partkey)","Rows Removed by Index Recheck": 0,"Exact Heap Blocks": 199092,"Lossy Heap Blocks": 0,"Plans": [{"Node Type": "Bitmap Index Scan","Parent Relationship": "Outer","Parallel Aware": false,"Async Capable": false,"Index Name": "idx_lineitem_part_supp","Startup Cost": 0.00,"Total Cost": 4.67,"Plan Rows": 31,"Plan Width": 0,"Actual Startup Time": 0.007,"Actual Total Time": 0.007,"Actual Rows": 30,"Actual Loops": 6568,"Index Cond": "(l_partkey = part.p_partkey)"}]}]}]}]},"Planning Time": 4.553,"Triggers": [],"Execution Time": 4976.963}]
[{"Plan": {"Node Type": "Aggregate","Strategy": "Plain","Partial Mode": "Simple","Parallel Aware": false,"Async Capable": false,"Startup Cost": 195919.22,"Total Cost": 195919.23,"Plan Rows": 1,"Plan Width": 32,"Actual Startup Time": 4855.149,"Actual Total Time": 4855.518,"Actual Rows": 1,"Actual Loops": 1,"Plans": [{"Node Type": "Hash Join","Parent Relationship": "Outer","Parallel Aware": false,"Async Capable": false,"Join Type": "Inner","Startup Cost": 6369.63,"Total Cost": 195914.19,"Plan Rows": 2012,"Plan Width": 8,"Actual Startup Time": 35.243,"Actual Total Time": 4855.318,"Actual Rows": 519,"Actual Loops": 1,"Inner Unique": true,"Hash Cond": "(lineitem.l_partkey = part.p_partkey)","Join Filter": "(lineitem.l_quantity < (SubPlan 1))","Rows Removed by Join Filter": 5415,"Plans": [{"Node Type": "Seq Scan","Parent Relationship": "Outer","Parallel Aware": false,"Async Capable": false,"Relation Name": "lineitem","Alias": "lineitem","Startup Cost": 0.00,"Total Cost": 172515.15,"Plan Rows": 6001215,"Plan Width": 17,"Actual Startup Time": 0.018,"Actual Total Time": 936.392,"Actual Rows": 6001215,"Actual Loops": 1},{"Node Type": "Hash","Parent Relationship": "Inner","Parallel Aware": false,"Async Capable": false,"Startup Cost": 6367.12,"Total Cost": 6367.12,"Plan Rows": 201,"Plan Width": 4,"Actual Startup Time": 31.757,"Actual Total Time": 32.111,"Actual Rows": 205,"Actual Loops": 1,"Hash Buckets": 1024,"Original Hash Buckets": 1024,"Hash Batches": 1,"Original Hash Batches": 1,"Peak Memory Usage": 16,"Plans": [{"Node Type": "Gather","Parent Relationship": "Outer","Parallel Aware": false,"Async Capable": false,"Startup Cost": 1000.00,"Total Cost": 6367.12,"Plan Rows": 201,"Plan Width": 4,"Actual Startup Time": 1.231,"Actual Total Time": 32.030,"Actual Rows": 205,"Actual Loops": 1,"Workers Planned": 2,"Workers Launched": 2,"Single Copy": false,"Plans": [{"Node Type": "Seq Scan","Parent Relationship": "Outer","Parallel Aware": true,"Async Capable": false,"Relation Name": "part","Alias": "part","Startup Cost": 0.00,"Total Cost": 5347.00,"Plan Rows": 84,"Plan Width": 4,"Actual Startup Time": 1.579,"Actual Total Time": 26.204,"Actual Rows": 68,"Actual Loops": 3,"Filter": "((p_brand = 'Brand#11'::bpchar) AND (p_container = 'WRAP JAR'::bpchar))","Rows Removed by Filter": 66598,"Workers": []}]}]},{"Node Type": "Aggregate","Strategy": "Plain","Partial Mode": "Simple","Parent Relationship": "SubPlan","Subplan Name": "SubPlan 1","Parallel Aware": false,"Async Capable": false,"Startup Cost": 127.60,"Total Cost": 127.61,"Plan Rows": 1,"Plan Width": 32,"Actual Startup Time": 0.115,"Actual Total Time": 0.115,"Actual Rows": 1,"Actual Loops": 5934,"Plans": [{"Node Type": "Bitmap Heap Scan","Parent Relationship": "Outer","Parallel Aware": false,"Async Capable": false,"Relation Name": "lineitem","Alias": "lineitem_1","Startup Cost": 4.67,"Total Cost": 127.52,"Plan Rows": 31,"Plan Width": 5,"Actual Startup Time": 0.013,"Actual Total Time": 0.108,"Actual Rows": 30,"Actual Loops": 5934,"Recheck Cond": "(l_partkey = part.p_partkey)","Rows Removed by Index Recheck": 0,"Exact Heap Blocks": 177262,"Lossy Heap Blocks": 0,"Plans": [{"Node Type": "Bitmap Index Scan","Parent Relationship": "Outer","Parallel Aware": false,"Async Capable": false,"Index Name": "idx_lineitem_part_supp","Startup Cost": 0.00,"Total Cost": 4.67,"Plan Rows": 31,"Plan Width": 0,"Actual Startup Time": 0.007,"Actual Total Time": 0.007,"Actual Rows": 30,"Actual Loops": 5934,"Index Cond": "(l_partkey = part.p_partkey)"}]}]}]}]},"Planning Time": 5.770,"Triggers": [],"Execution Time": 4855.743}]
[{"Plan": {"Node Type": "Aggregate","Strategy": "Plain","Partial Mode": "Simple","Parallel Aware": false,"Async Capable": false,"Startup Cost": 195919.38,"Total Cost": 195919.39,"Plan Rows": 1,"Plan Width": 32,"Actual Startup Time": 4828.607,"Actual Total Time": 4829.344,"Actual Rows": 1,"Actual Loops": 1,"Plans": [{"Node Type": "Hash Join","Parent Relationship": "Outer","Parallel Aware": false,"Async Capable": false,"Join Type": "Inner","Startup Cost": 6369.77,"Total Cost": 195914.32,"Plan Rows": 2024,"Plan Width": 8,"Actual Startup Time": 42.498,"Actual Total Time": 4828.964,"Actual Rows": 466,"Actual Loops": 1,"Inner Unique": true,"Hash Cond": "(lineitem.l_partkey = part.p_partkey)","Join Filter": "(lineitem.l_quantity < (SubPlan 1))","Rows Removed by Join Filter": 4825,"Plans": [{"Node Type": "Seq Scan","Parent Relationship": "Outer","Parallel Aware": false,"Async Capable": false,"Relation Name": "lineitem","Alias": "lineitem","Startup Cost": 0.00,"Total Cost": 172515.15,"Plan Rows": 6001215,"Plan Width": 17,"Actual Startup Time": 0.020,"Actual Total Time": 1008.772,"Actual Rows": 6001215,"Actual Loops": 1},{"Node Type": "Hash","Parent Relationship": "Inner","Parallel Aware": false,"Async Capable": false,"Startup Cost": 6367.24,"Total Cost": 6367.24,"Plan Rows": 202,"Plan Width": 4,"Actual Startup Time": 29.844,"Actual Total Time": 30.542,"Actual Rows": 178,"Actual Loops": 1,"Hash Buckets": 1024,"Original Hash Buckets": 1024,"Hash Batches": 1,"Original Hash Batches": 1,"Peak Memory Usage": 15,"Plans": [{"Node Type": "Gather","Parent Relationship": "Outer","Parallel Aware": false,"Async Capable": false,"Startup Cost": 1000.00,"Total Cost": 6367.24,"Plan Rows": 202,"Plan Width": 4,"Actual Startup Time": 1.527,"Actual Total Time": 30.481,"Actual Rows": 178,"Actual Loops": 1,"Workers Planned": 2,"Workers Launched": 2,"Single Copy": false,"Plans": [{"Node Type": "Seq Scan","Parent Relationship": "Outer","Parallel Aware": true,"Async Capable": false,"Relation Name": "part","Alias": "part","Startup Cost": 0.00,"Total Cost": 5347.00,"Plan Rows": 84,"Plan Width": 4,"Actual Startup Time": 0.962,"Actual Total Time": 24.044,"Actual Rows": 59,"Actual Loops": 3,"Filter": "((p_brand = 'Brand#24'::bpchar) AND (p_container = 'WRAP BAG'::bpchar))","Rows Removed by Filter": 66607,"Workers": []}]}]},{"Node Type": "Aggregate","Strategy": "Plain","Partial Mode": "Simple","Parent Relationship": "SubPlan","Subplan Name": "SubPlan 1","Parallel Aware": false,"Async Capable": false,"Startup Cost": 127.60,"Total Cost": 127.61,"Plan Rows": 1,"Plan Width": 32,"Actual Startup Time": 0.137,"Actual Total Time": 0.137,"Actual Rows": 1,"Actual Loops": 5291,"Plans": [{"Node Type": "Bitmap Heap Scan","Parent Relationship": "Outer","Parallel Aware": false,"Async Capable": false,"Relation Name": "lineitem","Alias": "lineitem_1","Startup Cost": 4.67,"Total Cost": 127.52,"Plan Rows": 31,"Plan Width": 5,"Actual Startup Time": 0.014,"Actual Total Time": 0.129,"Actual Rows": 31,"Actual Loops": 5291,"Recheck Cond": "(l_partkey = part.p_partkey)","Rows Removed by Index Recheck": 0,"Exact Heap Blocks": 162377,"Lossy Heap Blocks": 0,"Plans": [{"Node Type": "Bitmap Index Scan","Parent Relationship": "Outer","Parallel Aware": false,"Async Capable": false,"Index Name": "idx_lineitem_part_supp","Startup Cost": 0.00,"Total Cost": 4.67,"Plan Rows": 31,"Plan Width": 0,"Actual Startup Time": 0.008,"Actual Total Time": 0.008,"Actual Rows": 31,"Actual Loops": 5291,"Index Cond": "(l_partkey = part.p_partkey)"}]}]}]}]},"Planning Time": 5.741,"Triggers": [],"Execution Time": 4829.767}]
[{"Plan": {"Node Type": "Aggregate","Strategy": "Plain","Partial Mode": "Simple","Parallel Aware": false,"Async Capable": false,"Startup Cost": 195916.60,"Total Cost": 195916.61,"Plan Rows": 1,"Plan Width": 32,"Actual Startup Time": 4729.167,"Actual Total Time": 4729.662,"Actual Rows": 1,"Actual Loops": 1,"Plans": [{"Node Type": "Hash Join","Parent Relationship": "Outer","Parallel Aware": false,"Async Capable": false,"Join Type": "Inner","Startup Cost": 6367.49,"Total Cost": 195912.04,"Plan Rows": 1822,"Plan Width": 8,"Actual Startup Time": 33.720,"Actual Total Time": 4729.436,"Actual Rows": 469,"Actual Loops": 1,"Inner Unique": true,"Hash Cond": "(lineitem.l_partkey = part.p_partkey)","Join Filter": "(lineitem.l_quantity < (SubPlan 1))","Rows Removed by Join Filter": 4838,"Plans": [{"Node Type": "Seq Scan","Parent Relationship": "Outer","Parallel Aware": false,"Async Capable": false,"Relation Name": "lineitem","Alias": "lineitem","Startup Cost": 0.00,"Total Cost": 172515.15,"Plan Rows": 6001215,"Plan Width": 17,"Actual Startup Time": 0.024,"Actual Total Time": 953.781,"Actual Rows": 6001215,"Actual Loops": 1},{"Node Type": "Hash","Parent Relationship": "Inner","Parallel Aware": false,"Async Capable": false,"Startup Cost": 6365.21,"Total Cost": 6365.21,"Plan Rows": 182,"Plan Width": 4,"Actual Startup Time": 30.816,"Actual Total Time": 31.300,"Actual Rows": 178,"Actual Loops": 1,"Hash Buckets": 1024,"Original Hash Buckets": 1024,"Hash Batches": 1,"Original Hash Batches": 1,"Peak Memory Usage": 15,"Plans": [{"Node Type": "Gather","Parent Relationship": "Outer","Parallel Aware": false,"Async Capable": false,"Startup Cost": 1000.00,"Total Cost": 6365.21,"Plan Rows": 182,"Plan Width": 4,"Actual Startup Time": 0.866,"Actual Total Time": 31.251,"Actual Rows": 178,"Actual Loops": 1,"Workers Planned": 2,"Workers Launched": 2,"Single Copy": false,"Plans": [{"Node Type": "Seq Scan","Parent Relationship": "Outer","Parallel Aware": true,"Async Capable": false,"Relation Name": "part","Alias": "part","Startup Cost": 0.00,"Total Cost": 5347.00,"Plan Rows": 76,"Plan Width": 4,"Actual Startup Time": 0.444,"Actual Total Time": 24.912,"Actual Rows": 59,"Actual Loops": 3,"Filter": "((p_brand = 'Brand#51'::bpchar) AND (p_container = 'LG DRUM'::bpchar))","Rows Removed by Filter": 66607,"Workers": []}]}]},{"Node Type": "Aggregate","Strategy": "Plain","Partial Mode": "Simple","Parent Relationship": "SubPlan","Subplan Name": "SubPlan 1","Parallel Aware": false,"Async Capable": false,"Startup Cost": 127.60,"Total Cost": 127.61,"Plan Rows": 1,"Plan Width": 32,"Actual Startup Time": 0.117,"Actual Total Time": 0.117,"Actual Rows": 1,"Actual Loops": 5307,"Plans": [{"Node Type": "Bitmap Heap Scan","Parent Relationship": "Outer","Parallel Aware": false,"Async Capable": false,"Relation Name": "lineitem","Alias": "lineitem_1","Startup Cost": 4.67,"Total Cost": 127.52,"Plan Rows": 31,"Plan Width": 5,"Actual Startup Time": 0.013,"Actual Total Time": 0.110,"Actual Rows": 31,"Actual Loops": 5307,"Recheck Cond": "(l_partkey = part.p_partkey)","Rows Removed by Index Recheck": 0,"Exact Heap Blocks": 163399,"Lossy Heap Blocks": 0,"Plans": [{"Node Type": "Bitmap Index Scan","Parent Relationship": "Outer","Parallel Aware": false,"Async Capable": false,"Index Name": "idx_lineitem_part_supp","Startup Cost": 0.00,"Total Cost": 4.67,"Plan Rows": 31,"Plan Width": 0,"Actual Startup Time": 0.007,"Actual Total Time": 0.007,"Actual Rows": 31,"Actual Loops": 5307,"Index Cond": "(l_partkey = part.p_partkey)"}]}]}]}]},"Planning Time": 4.692,"Triggers": [],"Execution Time": 4729.955}]
[{"Plan": {"Node Type": "Aggregate","Strategy": "Plain","Partial Mode": "Simple","Parallel Aware": false,"Async Capable": false,"Startup Cost": 195918.59,"Total Cost": 195918.61,"Plan Rows": 1,"Plan Width": 32,"Actual Startup Time": 4812.914,"Actual Total Time": 4813.535,"Actual Rows": 1,"Actual Loops": 1,"Plans": [{"Node Type": "Hash Join","Parent Relationship": "Outer","Parallel Aware": false,"Async Capable": false,"Join Type": "Inner","Startup Cost": 6369.12,"Total Cost": 195913.67,"Plan Rows": 1967,"Plan Width": 8,"Actual Startup Time": 42.375,"Actual Total Time": 4813.104,"Actual Rows": 535,"Actual Loops": 1,"Inner Unique": true,"Hash Cond": "(lineitem.l_partkey = part.p_partkey)","Join Filter": "(lineitem.l_quantity < (SubPlan 1))","Rows Removed by Join Filter": 5209,"Plans": [{"Node Type": "Seq Scan","Parent Relationship": "Outer","Parallel Aware": false,"Async Capable": false,"Relation Name": "lineitem","Alias": "lineitem","Startup Cost": 0.00,"Total Cost": 172515.15,"Plan Rows": 6001215,"Plan Width": 17,"Actual Startup Time": 0.015,"Actual Total Time": 975.693,"Actual Rows": 6001215,"Actual Loops": 1},{"Node Type": "Hash","Parent Relationship": "Inner","Parallel Aware": false,"Async Capable": false,"Startup Cost": 6366.66,"Total Cost": 6366.66,"Plan Rows": 197,"Plan Width": 4,"Actual Startup Time": 30.985,"Actual Total Time": 31.570,"Actual Rows": 194,"Actual Loops": 1,"Hash Buckets": 1024,"Original Hash Buckets": 1024,"Hash Batches": 1,"Original Hash Batches": 1,"Peak Memory Usage": 15,"Plans": [{"Node Type": "Gather","Parent Relationship": "Outer","Parallel Aware": false,"Async Capable": false,"Startup Cost": 1000.00,"Total Cost": 6366.66,"Plan Rows": 197,"Plan Width": 4,"Actual Startup Time": 0.907,"Actual Total Time": 31.490,"Actual Rows": 194,"Actual Loops": 1,"Workers Planned": 2,"Workers Launched": 2,"Single Copy": false,"Plans": [{"Node Type": "Seq Scan","Parent Relationship": "Outer","Parallel Aware": true,"Async Capable": false,"Relation Name": "part","Alias": "part","Startup Cost": 0.00,"Total Cost": 5347.00,"Plan Rows": 82,"Plan Width": 4,"Actual Startup Time": 0.770,"Actual Total Time": 25.376,"Actual Rows": 65,"Actual Loops": 3,"Filter": "((p_brand = 'Brand#22'::bpchar) AND (p_container = 'LG PACK'::bpchar))","Rows Removed by Filter": 66602,"Workers": []}]}]},{"Node Type": "Aggregate","Strategy": "Plain","Partial Mode": "Simple","Parent Relationship": "SubPlan","Subplan Name": "SubPlan 1","Parallel Aware": false,"Async Capable": false,"Startup Cost": 127.60,"Total Cost": 127.61,"Plan Rows": 1,"Plan Width": 32,"Actual Startup Time": 0.121,"Actual Total Time": 0.121,"Actual Rows": 1,"Actual Loops": 5744,"Plans": [{"Node Type": "Bitmap Heap Scan","Parent Relationship": "Outer","Parallel Aware": false,"Async Capable": false,"Relation Name": "lineitem","Alias": "lineitem_1","Startup Cost": 4.67,"Total Cost": 127.52,"Plan Rows": 31,"Plan Width": 5,"Actual Startup Time": 0.013,"Actual Total Time": 0.114,"Actual Rows": 30,"Actual Loops": 5744,"Recheck Cond": "(l_partkey = part.p_partkey)","Rows Removed by Index Recheck": 0,"Exact Heap Blocks": 174704,"Lossy Heap Blocks": 0,"Plans": [{"Node Type": "Bitmap Index Scan","Parent Relationship": "Outer","Parallel Aware": false,"Async Capable": false,"Index Name": "idx_lineitem_part_supp","Startup Cost": 0.00,"Total Cost": 4.67,"Plan Rows": 31,"Plan Width": 0,"Actual Startup Time": 0.007,"Actual Total Time": 0.007,"Actual Rows": 30,"Actual Loops": 5744,"Index Cond": "(l_partkey = part.p_partkey)"}]}]}]}]},"Planning Time": 4.568,"Triggers": [],"Execution Time": 4813.898}]
[{"Plan": {"Node Type": "Aggregate","Strategy": "Plain","Partial Mode": "Simple","Parallel Aware": false,"Async Capable": false,"Startup Cost": 195919.12,"Total Cost": 195919.13,"Plan Rows": 1,"Plan Width": 32,"Actual Startup Time": 4778.142,"Actual Total Time": 4778.741,"Actual Rows": 1,"Actual Loops": 1,"Plans": [{"Node Type": "Hash Join","Parent Relationship": "Outer","Parallel Aware": false,"Async Capable": false,"Join Type": "Inner","Startup Cost": 6369.55,"Total Cost": 195914.11,"Plan Rows": 2005,"Plan Width": 8,"Actual Startup Time": 44.458,"Actual Total Time": 4778.512,"Actual Rows": 487,"Actual Loops": 1,"Inner Unique": true,"Hash Cond": "(lineitem.l_partkey = part.p_partkey)","Join Filter": "(lineitem.l_quantity < (SubPlan 1))","Rows Removed by Join Filter": 5192,"Plans": [{"Node Type": "Seq Scan","Parent Relationship": "Outer","Parallel Aware": false,"Async Capable": false,"Relation Name": "lineitem","Alias": "lineitem","Startup Cost": 0.00,"Total Cost": 172515.15,"Plan Rows": 6001215,"Plan Width": 17,"Actual Startup Time": 0.016,"Actual Total Time": 943.649,"Actual Rows": 6001215,"Actual Loops": 1},{"Node Type": "Hash","Parent Relationship": "Inner","Parallel Aware": false,"Async Capable": false,"Startup Cost": 6367.05,"Total Cost": 6367.05,"Plan Rows": 200,"Plan Width": 4,"Actual Startup Time": 31.499,"Actual Total Time": 32.083,"Actual Rows": 190,"Actual Loops": 1,"Hash Buckets": 1024,"Original Hash Buckets": 1024,"Hash Batches": 1,"Original Hash Batches": 1,"Peak Memory Usage": 15,"Plans": [{"Node Type": "Gather","Parent Relationship": "Outer","Parallel Aware": false,"Async Capable": false,"Startup Cost": 1000.00,"Total Cost": 6367.05,"Plan Rows": 200,"Plan Width": 4,"Actual Startup Time": 2.088,"Actual Total Time": 32.035,"Actual Rows": 190,"Actual Loops": 1,"Workers Planned": 2,"Workers Launched": 2,"Single Copy": false,"Plans": [{"Node Type": "Seq Scan","Parent Relationship": "Outer","Parallel Aware": true,"Async Capable": false,"Relation Name": "part","Alias": "part","Startup Cost": 0.00,"Total Cost": 5347.00,"Plan Rows": 84,"Plan Width": 4,"Actual Startup Time": 0.864,"Actual Total Time": 25.532,"Actual Rows": 63,"Actual Loops": 3,"Filter": "((p_brand = 'Brand#23'::bpchar) AND (p_container = 'JUMBO JAR'::bpchar))","Rows Removed by Filter": 66603,"Workers": []}]}]},{"Node Type": "Aggregate","Strategy": "Plain","Partial Mode": "Simple","Parent Relationship": "SubPlan","Subplan Name": "SubPlan 1","Parallel Aware": false,"Async Capable": false,"Startup Cost": 127.60,"Total Cost": 127.61,"Plan Rows": 1,"Plan Width": 32,"Actual Startup Time": 0.118,"Actual Total Time": 0.119,"Actual Rows": 1,"Actual Loops": 5679,"Plans": [{"Node Type": "Bitmap Heap Scan","Parent Relationship": "Outer","Parallel Aware": false,"Async Capable": false,"Relation Name": "lineitem","Alias": "lineitem_1","Startup Cost": 4.67,"Total Cost": 127.52,"Plan Rows": 31,"Plan Width": 5,"Actual Startup Time": 0.013,"Actual Total Time": 0.111,"Actual Rows": 31,"Actual Loops": 5679,"Recheck Cond": "(l_partkey = part.p_partkey)","Rows Removed by Index Recheck": 0,"Exact Heap Blocks": 176344,"Lossy Heap Blocks": 0,"Plans": [{"Node Type": "Bitmap Index Scan","Parent Relationship": "Outer","Parallel Aware": false,"Async Capable": false,"Index Name": "idx_lineitem_part_supp","Startup Cost": 0.00,"Total Cost": 4.67,"Plan Rows": 31,"Plan Width": 0,"Actual Startup Time": 0.007,"Actual Total Time": 0.007,"Actual Rows": 31,"Actual Loops": 5679,"Index Cond": "(l_partkey = part.p_partkey)"}]}]}]}]},"Planning Time": 4.403,"Triggers": [],"Execution Time": 4779.024}]
[{"Plan": {"Node Type": "Aggregate","Strategy": "Plain","Partial Mode": "Simple","Parallel Aware": false,"Async Capable": false,"Startup Cost": 195918.63,"Total Cost": 195918.64,"Plan Rows": 1,"Plan Width": 32,"Actual Startup Time": 4741.470,"Actual Total Time": 4742.090,"Actual Rows": 1,"Actual Loops": 1,"Plans": [{"Node Type": "Hash Join","Parent Relationship": "Outer","Parallel Aware": false,"Async Capable": false,"Join Type": "Inner","Startup Cost": 6369.15,"Total Cost": 195913.70,"Plan Rows": 1969,"Plan Width": 8,"Actual Startup Time": 137.838,"Actual Total Time": 4741.637,"Actual Rows": 462,"Actual Loops": 1,"Inner Unique": true,"Hash Cond": "(lineitem.l_partkey = part.p_partkey)","Join Filter": "(lineitem.l_quantity < (SubPlan 1))","Rows Removed by Join Filter": 4777,"Plans": [{"Node Type": "Seq Scan","Parent Relationship": "Outer","Parallel Aware": false,"Async Capable": false,"Relation Name": "lineitem","Alias": "lineitem","Startup Cost": 0.00,"Total Cost": 172515.15,"Plan Rows": 6001215,"Plan Width": 17,"Actual Startup Time": 0.013,"Actual Total Time": 973.907,"Actual Rows": 6001215,"Actual Loops": 1},{"Node Type": "Hash","Parent Relationship": "Inner","Parallel Aware": false,"Async Capable": false,"Startup Cost": 6366.69,"Total Cost": 6366.69,"Plan Rows": 197,"Plan Width": 4,"Actual Startup Time": 31.580,"Actual Total Time": 32.167,"Actual Rows": 171,"Actual Loops": 1,"Hash Buckets": 1024,"Original Hash Buckets": 1024,"Hash Batches": 1,"Original Hash Batches": 1,"Peak Memory Usage": 15,"Plans": [{"Node Type": "Gather","Parent Relationship": "Outer","Parallel Aware": false,"Async Capable": false,"Startup Cost": 1000.00,"Total Cost": 6366.69,"Plan Rows": 197,"Plan Width": 4,"Actual Startup Time": 1.397,"Actual Total Time": 32.077,"Actual Rows": 171,"Actual Loops": 1,"Workers Planned": 2,"Workers Launched": 2,"Single Copy": false,"Plans": [{"Node Type": "Seq Scan","Parent Relationship": "Outer","Parallel Aware": true,"Async Capable": false,"Relation Name": "part","Alias": "part","Startup Cost": 0.00,"Total Cost": 5347.00,"Plan Rows": 82,"Plan Width": 4,"Actual Startup Time": 0.832,"Actual Total Time": 25.957,"Actual Rows": 57,"Actual Loops": 3,"Filter": "((p_brand = 'Brand#41'::bpchar) AND (p_container = 'JUMBO PKG'::bpchar))","Rows Removed by Filter": 66610,"Workers": []}]}]},{"Node Type": "Aggregate","Strategy": "Plain","Partial Mode": "Simple","Parent Relationship": "SubPlan","Subplan Name": "SubPlan 1","Parallel Aware": false,"Async Capable": false,"Startup Cost": 127.60,"Total Cost": 127.61,"Plan Rows": 1,"Plan Width": 32,"Actual Startup Time": 0.120,"Actual Total Time": 0.120,"Actual Rows": 1,"Actual Loops": 5239,"Plans": [{"Node Type": "Bitmap Heap Scan","Parent Relationship": "Outer","Parallel Aware": false,"Async Capable": false,"Relation Name": "lineitem","Alias": "lineitem_1","Startup Cost": 4.67,"Total Cost": 127.52,"Plan Rows": 31,"Plan Width": 5,"Actual Startup Time": 0.013,"Actual Total Time": 0.113,"Actual Rows": 32,"Actual Loops": 5239,"Recheck Cond": "(l_partkey = part.p_partkey)","Rows Removed by Index Recheck": 0,"Exact Heap Blocks": 166297,"Lossy Heap Blocks": 0,"Plans": [{"Node Type": "Bitmap Index Scan","Parent Relationship": "Outer","Parallel Aware": false,"Async Capable": false,"Index Name": "idx_lineitem_part_supp","Startup Cost": 0.00,"Total Cost": 4.67,"Plan Rows": 31,"Plan Width": 0,"Actual Startup Time": 0.007,"Actual Total Time": 0.007,"Actual Rows": 32,"Actual Loops": 5239,"Index Cond": "(l_partkey = part.p_partkey)"}]}]}]}]},"Planning Time": 4.544,"Triggers": [],"Execution Time": 4742.416}]
[{"Plan": {"Node Type": "Aggregate","Strategy": "Plain","Partial Mode": "Simple","Parallel Aware": false,"Async Capable": false,"Startup Cost": 195918.16,"Total Cost": 195918.17,"Plan Rows": 1,"Plan Width": 32,"Actual Startup Time": 4825.754,"Actual Total Time": 4826.411,"Actual Rows": 1,"Actual Loops": 1,"Plans": [{"Node Type": "Hash Join","Parent Relationship": "Outer","Parallel Aware": false,"Async Capable": false,"Join Type": "Inner","Startup Cost": 6368.77,"Total Cost": 195913.32,"Plan Rows": 1935,"Plan Width": 8,"Actual Startup Time": 43.877,"Actual Total Time": 4826.050,"Actual Rows": 505,"Actual Loops": 1,"Inner Unique": true,"Hash Cond": "(lineitem.l_partkey = part.p_partkey)","Join Filter": "(lineitem.l_quantity < (SubPlan 1))","Rows Removed by Join Filter": 5250,"Plans": [{"Node Type": "Seq Scan","Parent Relationship": "Outer","Parallel Aware": false,"Async Capable": false,"Relation Name": "lineitem","Alias": "lineitem","Startup Cost": 0.00,"Total Cost": 172515.15,"Plan Rows": 6001215,"Plan Width": 17,"Actual Startup Time": 0.011,"Actual Total Time": 980.544,"Actual Rows": 6001215,"Actual Loops": 1},{"Node Type": "Hash","Parent Relationship": "Inner","Parallel Aware": false,"Async Capable": false,"Startup Cost": 6366.35,"Total Cost": 6366.35,"Plan Rows": 193,"Plan Width": 4,"Actual Startup Time": 33.251,"Actual Total Time": 33.872,"Actual Rows": 191,"Actual Loops": 1,"Hash Buckets": 1024,"Original Hash Buckets": 1024,"Hash Batches": 1,"Original Hash Batches": 1,"Peak Memory Usage": 15,"Plans": [{"Node Type": "Gather","Parent Relationship": "Outer","Parallel Aware": false,"Async Capable": false,"Startup Cost": 1000.00,"Total Cost": 6366.35,"Plan Rows": 193,"Plan Width": 4,"Actual Startup Time": 1.056,"Actual Total Time": 33.780,"Actual Rows": 191,"Actual Loops": 1,"Workers Planned": 2,"Workers Launched": 2,"Single Copy": false,"Plans": [{"Node Type": "Seq Scan","Parent Relationship": "Outer","Parallel Aware": true,"Async Capable": false,"Relation Name": "part","Alias": "part","Startup Cost": 0.00,"Total Cost": 5347.00,"Plan Rows": 81,"Plan Width": 4,"Actual Startup Time": 0.930,"Actual Total Time": 27.717,"Actual Rows": 64,"Actual Loops": 3,"Filter": "((p_brand = 'Brand#14'::bpchar) AND (p_container = 'JUMBO CASE'::bpchar))","Rows Removed by Filter": 66603,"Workers": []}]}]},{"Node Type": "Aggregate","Strategy": "Plain","Partial Mode": "Simple","Parent Relationship": "SubPlan","Subplan Name": "SubPlan 1","Parallel Aware": false,"Async Capable": false,"Startup Cost": 127.60,"Total Cost": 127.61,"Plan Rows": 1,"Plan Width": 32,"Actual Startup Time": 0.118,"Actual Total Time": 0.118,"Actual Rows": 1,"Actual Loops": 5755,"Plans": [{"Node Type": "Bitmap Heap Scan","Parent Relationship": "Outer","Parallel Aware": false,"Async Capable": false,"Relation Name": "lineitem","Alias": "lineitem_1","Startup Cost": 4.67,"Total Cost": 127.52,"Plan Rows": 31,"Plan Width": 5,"Actual Startup Time": 0.013,"Actual Total Time": 0.111,"Actual Rows": 31,"Actual Loops": 5755,"Recheck Cond": "(l_partkey = part.p_partkey)","Rows Removed by Index Recheck": 0,"Exact Heap Blocks": 179589,"Lossy Heap Blocks": 0,"Plans": [{"Node Type": "Bitmap Index Scan","Parent Relationship": "Outer","Parallel Aware": false,"Async Capable": false,"Index Name": "idx_lineitem_part_supp","Startup Cost": 0.00,"Total Cost": 4.67,"Plan Rows": 31,"Plan Width": 0,"Actual Startup Time": 0.007,"Actual Total Time": 0.007,"Actual Rows": 31,"Actual Loops": 5755,"Index Cond": "(l_partkey = part.p_partkey)"}]}]}]}]},"Planning Time": 5.071,"Triggers": [],"Execution Time": 4826.768}]
[{"Plan": {"Node Type": "Aggregate","Strategy": "Plain","Partial Mode": "Simple","Parallel Aware": false,"Async Capable": false,"Startup Cost": 195920.74,"Total Cost": 195920.75,"Plan Rows": 1,"Plan Width": 32,"Actual Startup Time": 4888.402,"Actual Total Time": 4889.084,"Actual Rows": 1,"Actual Loops": 1,"Plans": [{"Node Type": "Hash Join","Parent Relationship": "Outer","Parallel Aware": false,"Async Capable": false,"Join Type": "Inner","Startup Cost": 6370.88,"Total Cost": 195915.43,"Plan Rows": 2123,"Plan Width": 8,"Actual Startup Time": 45.769,"Actual Total Time": 4888.620,"Actual Rows": 554,"Actual Loops": 1,"Inner Unique": true,"Hash Cond": "(lineitem.l_partkey = part.p_partkey)","Join Filter": "(lineitem.l_quantity < (SubPlan 1))","Rows Removed by Join Filter": 5756,"Plans": [{"Node Type": "Seq Scan","Parent Relationship": "Outer","Parallel Aware": false,"Async Capable": false,"Relation Name": "lineitem","Alias": "lineitem","Startup Cost": 0.00,"Total Cost": 172515.15,"Plan Rows": 6001215,"Plan Width": 17,"Actual Startup Time": 0.014,"Actual Total Time": 976.116,"Actual Rows": 6001215,"Actual Loops": 1},{"Node Type": "Hash","Parent Relationship": "Inner","Parallel Aware": false,"Async Capable": false,"Startup Cost": 6368.22,"Total Cost": 6368.22,"Plan Rows": 212,"Plan Width": 4,"Actual Startup Time": 32.765,"Actual Total Time": 33.417,"Actual Rows": 210,"Actual Loops": 1,"Hash Buckets": 1024,"Original Hash Buckets": 1024,"Hash Batches": 1,"Original Hash Batches": 1,"Peak Memory Usage": 16,"Plans": [{"Node Type": "Gather","Parent Relationship": "Outer","Parallel Aware": false,"Async Capable": false,"Startup Cost": 1000.00,"Total Cost": 6368.22,"Plan Rows": 212,"Plan Width": 4,"Actual Startup Time": 0.872,"Actual Total Time": 33.334,"Actual Rows": 210,"Actual Loops": 1,"Workers Planned": 2,"Workers Launched": 2,"Single Copy": false,"Plans": [{"Node Type": "Seq Scan","Parent Relationship": "Outer","Parallel Aware": true,"Async Capable": false,"Relation Name": "part","Alias": "part","Startup Cost": 0.00,"Total Cost": 5347.00,"Plan Rows": 88,"Plan Width": 4,"Actual Startup Time": 1.346,"Actual Total Time": 27.232,"Actual Rows": 70,"Actual Loops": 3,"Filter": "((p_brand = 'Brand#21'::bpchar) AND (p_container = 'JUMBO JAR'::bpchar))","Rows Removed by Filter": 66597,"Workers": []}]}]},{"Node Type": "Aggregate","Strategy": "Plain","Partial Mode": "Simple","Parent Relationship": "SubPlan","Subplan Name": "SubPlan 1","Parallel Aware": false,"Async Capable": false,"Startup Cost": 127.60,"Total Cost": 127.61,"Plan Rows": 1,"Plan Width": 32,"Actual Startup Time": 0.119,"Actual Total Time": 0.119,"Actual Rows": 1,"Actual Loops": 6310,"Plans": [{"Node Type": "Bitmap Heap Scan","Parent Relationship": "Outer","Parallel Aware": false,"Async Capable": false,"Relation Name": "lineitem","Alias": "lineitem_1","Startup Cost": 4.67,"Total Cost": 127.52,"Plan Rows": 31,"Plan Width": 5,"Actual Startup Time": 0.013,"Actual Total Time": 0.112,"Actual Rows": 31,"Actual Loops": 6310,"Recheck Cond": "(l_partkey = part.p_partkey)","Rows Removed by Index Recheck": 0,"Exact Heap Blocks": 195662,"Lossy Heap Blocks": 0,"Plans": [{"Node Type": "Bitmap Index Scan","Parent Relationship": "Outer","Parallel Aware": false,"Async Capable": false,"Index Name": "idx_lineitem_part_supp","Startup Cost": 0.00,"Total Cost": 4.67,"Plan Rows": 31,"Plan Width": 0,"Actual Startup Time": 0.007,"Actual Total Time": 0.007,"Actual Rows": 31,"Actual Loops": 6310,"Index Cond": "(l_partkey = part.p_partkey)"}]}]}]}]},"Planning Time": 5.521,"Triggers": [],"Execution Time": 4889.369}]
[{"Plan": {"Node Type": "Aggregate","Strategy": "Plain","Partial Mode": "Simple","Parallel Aware": false,"Async Capable": false,"Startup Cost": 195919.95,"Total Cost": 195919.96,"Plan Rows": 1,"Plan Width": 32,"Actual Startup Time": 4945.268,"Actual Total Time": 4945.742,"Actual Rows": 1,"Actual Loops": 1,"Plans": [{"Node Type": "Hash Join","Parent Relationship": "Outer","Parallel Aware": false,"Async Capable": false,"Join Type": "Inner","Startup Cost": 6370.23,"Total Cost": 195914.78,"Plan Rows": 2065,"Plan Width": 8,"Actual Startup Time": 49.356,"Actual Total Time": 4945.505,"Actual Rows": 601,"Actual Loops": 1,"Inner Unique": true,"Hash Cond": "(lineitem.l_partkey = part.p_partkey)","Join Filter": "(lineitem.l_quantity < (SubPlan 1))","Rows Removed by Join Filter": 5718,"Plans": [{"Node Type": "Seq Scan","Parent Relationship": "Outer","Parallel Aware": false,"Async Capable": false,"Relation Name": "lineitem","Alias": "lineitem","Startup Cost": 0.00,"Total Cost": 172515.15,"Plan Rows": 6001215,"Plan Width": 17,"Actual Startup Time": 0.021,"Actual Total Time": 1031.952,"Actual Rows": 6001215,"Actual Loops": 1},{"Node Type": "Hash","Parent Relationship": "Inner","Parallel Aware": false,"Async Capable": false,"Startup Cost": 6367.65,"Total Cost": 6367.65,"Plan Rows": 206,"Plan Width": 4,"Actual Startup Time": 34.178,"Actual Total Time": 34.632,"Actual Rows": 211,"Actual Loops": 1,"Hash Buckets": 1024,"Original Hash Buckets": 1024,"Hash Batches": 1,"Original Hash Batches": 1,"Peak Memory Usage": 16,"Plans": [{"Node Type": "Gather","Parent Relationship": "Outer","Parallel Aware": false,"Async Capable": false,"Startup Cost": 1000.00,"Total Cost": 6367.65,"Plan Rows": 206,"Plan Width": 4,"Actual Startup Time": 2.862,"Actual Total Time": 34.543,"Actual Rows": 211,"Actual Loops": 1,"Workers Planned": 2,"Workers Launched": 2,"Single Copy": false,"Plans": [{"Node Type": "Seq Scan","Parent Relationship": "Outer","Parallel Aware": true,"Async Capable": false,"Relation Name": "part","Alias": "part","Startup Cost": 0.00,"Total Cost": 5347.00,"Plan Rows": 86,"Plan Width": 4,"Actual Startup Time": 1.065,"Actual Total Time": 28.216,"Actual Rows": 70,"Actual Loops": 3,"Filter": "((p_brand = 'Brand#22'::bpchar) AND (p_container = 'SM CAN'::bpchar))","Rows Removed by Filter": 66596,"Workers": []}]}]},{"Node Type": "Aggregate","Strategy": "Plain","Partial Mode": "Simple","Parent Relationship": "SubPlan","Subplan Name": "SubPlan 1","Parallel Aware": false,"Async Capable": false,"Startup Cost": 127.60,"Total Cost": 127.61,"Plan Rows": 1,"Plan Width": 32,"Actual Startup Time": 0.131,"Actual Total Time": 0.131,"Actual Rows": 1,"Actual Loops": 6319,"Plans": [{"Node Type": "Bitmap Heap Scan","Parent Relationship": "Outer","Parallel Aware": false,"Async Capable": false,"Relation Name": "lineitem","Alias": "lineitem_1","Startup Cost": 4.67,"Total Cost": 127.52,"Plan Rows": 31,"Plan Width": 5,"Actual Startup Time": 0.014,"Actual Total Time": 0.124,"Actual Rows": 31,"Actual Loops": 6319,"Recheck Cond": "(l_partkey = part.p_partkey)","Rows Removed by Index Recheck": 0,"Exact Heap Blocks": 196783,"Lossy Heap Blocks": 0,"Plans": [{"Node Type": "Bitmap Index Scan","Parent Relationship": "Outer","Parallel Aware": false,"Async Capable": false,"Index Name": "idx_lineitem_part_supp","Startup Cost": 0.00,"Total Cost": 4.67,"Plan Rows": 31,"Plan Width": 0,"Actual Startup Time": 0.008,"Actual Total Time": 0.008,"Actual Rows": 31,"Actual Loops": 6319,"Index Cond": "(l_partkey = part.p_partkey)"}]}]}]}]},"Planning Time": 5.582,"Triggers": [],"Execution Time": 4946.119}]
[{"Plan": {"Node Type": "Aggregate","Strategy": "Plain","Partial Mode": "Simple","Parallel Aware": false,"Async Capable": false,"Startup Cost": 195917.98,"Total Cost": 195917.99,"Plan Rows": 1,"Plan Width": 32,"Actual Startup Time": 4875.394,"Actual Total Time": 4876.060,"Actual Rows": 1,"Actual Loops": 1,"Plans": [{"Node Type": "Hash Join","Parent Relationship": "Outer","Parallel Aware": false,"Async Capable": false,"Join Type": "Inner","Startup Cost": 6368.61,"Total Cost": 195913.17,"Plan Rows": 1922,"Plan Width": 8,"Actual Startup Time": 48.500,"Actual Total Time": 4875.587,"Actual Rows": 555,"Actual Loops": 1,"Inner Unique": true,"Hash Cond": "(lineitem.l_partkey = part.p_partkey)","Join Filter": "(lineitem.l_quantity < (SubPlan 1))","Rows Removed by Join Filter": 5633,"Plans": [{"Node Type": "Seq Scan","Parent Relationship": "Outer","Parallel Aware": false,"Async Capable": false,"Relation Name": "lineitem","Alias": "lineitem","Startup Cost": 0.00,"Total Cost": 172515.15,"Plan Rows": 6001215,"Plan Width": 17,"Actual Startup Time": 0.021,"Actual Total Time": 976.834,"Actual Rows": 6001215,"Actual Loops": 1},{"Node Type": "Hash","Parent Relationship": "Inner","Parallel Aware": false,"Async Capable": false,"Startup Cost": 6366.21,"Total Cost": 6366.21,"Plan Rows": 192,"Plan Width": 4,"Actual Startup Time": 32.679,"Actual Total Time": 33.316,"Actual Rows": 210,"Actual Loops": 1,"Hash Buckets": 1024,"Original Hash Buckets": 1024,"Hash Batches": 1,"Original Hash Batches": 1,"Peak Memory Usage": 16,"Plans": [{"Node Type": "Gather","Parent Relationship": "Outer","Parallel Aware": false,"Async Capable": false,"Startup Cost": 1000.00,"Total Cost": 6366.21,"Plan Rows": 192,"Plan Width": 4,"Actual Startup Time": 1.459,"Actual Total Time": 33.212,"Actual Rows": 210,"Actual Loops": 1,"Workers Planned": 2,"Workers Launched": 2,"Single Copy": false,"Plans": [{"Node Type": "Seq Scan","Parent Relationship": "Outer","Parallel Aware": true,"Async Capable": false,"Relation Name": "part","Alias": "part","Startup Cost": 0.00,"Total Cost": 5347.00,"Plan Rows": 80,"Plan Width": 4,"Actual Startup Time": 0.959,"Actual Total Time": 26.971,"Actual Rows": 70,"Actual Loops": 3,"Filter": "((p_brand = 'Brand#51'::bpchar) AND (p_container = 'JUMBO BOX'::bpchar))","Rows Removed by Filter": 66597,"Workers": []}]}]},{"Node Type": "Aggregate","Strategy": "Plain","Partial Mode": "Simple","Parent Relationship": "SubPlan","Subplan Name": "SubPlan 1","Parallel Aware": false,"Async Capable": false,"Startup Cost": 127.60,"Total Cost": 127.61,"Plan Rows": 1,"Plan Width": 32,"Actual Startup Time": 0.118,"Actual Total Time": 0.118,"Actual Rows": 1,"Actual Loops": 6188,"Plans": [{"Node Type": "Bitmap Heap Scan","Parent Relationship": "Outer","Parallel Aware": false,"Async Capable": false,"Relation Name": "lineitem","Alias": "lineitem_1","Startup Cost": 4.67,"Total Cost": 127.52,"Plan Rows": 31,"Plan Width": 5,"Actual Startup Time": 0.013,"Actual Total Time": 0.111,"Actual Rows": 30,"Actual Loops": 6188,"Recheck Cond": "(l_partkey = part.p_partkey)","Rows Removed by Index Recheck": 0,"Exact Heap Blocks": 187124,"Lossy Heap Blocks": 0,"Plans": [{"Node Type": "Bitmap Index Scan","Parent Relationship": "Outer","Parallel Aware": false,"Async Capable": false,"Index Name": "idx_lineitem_part_supp","Startup Cost": 0.00,"Total Cost": 4.67,"Plan Rows": 31,"Plan Width": 0,"Actual Startup Time": 0.007,"Actual Total Time": 0.007,"Actual Rows": 30,"Actual Loops": 6188,"Index Cond": "(l_partkey = part.p_partkey)"}]}]}]}]},"Planning Time": 5.299,"Triggers": [],"Execution Time": 4876.449}]
[{"Plan": {"Node Type": "Aggregate","Strategy": "Plain","Partial Mode": "Simple","Parallel Aware": false,"Async Capable": false,"Startup Cost": 195918.01,"Total Cost": 195918.02,"Plan Rows": 1,"Plan Width": 32,"Actual Startup Time": 4958.308,"Actual Total Time": 4959.081,"Actual Rows": 1,"Actual Loops": 1,"Plans": [{"Node Type": "Hash Join","Parent Relationship": "Outer","Parallel Aware": false,"Async Capable": false,"Join Type": "Inner","Startup Cost": 6368.64,"Total Cost": 195913.19,"Plan Rows": 1924,"Plan Width": 8,"Actual Startup Time": 31.664,"Actual Total Time": 4958.745,"Actual Rows": 603,"Actual Loops": 1,"Inner Unique": true,"Hash Cond": "(lineitem.l_partkey = part.p_partkey)","Join Filter": "(lineitem.l_quantity < (SubPlan 1))","Rows Removed by Join Filter": 6115,"Plans": [{"Node Type": "Seq Scan","Parent Relationship": "Outer","Parallel Aware": false,"Async Capable": false,"Relation Name": "lineitem","Alias": "lineitem","Startup Cost": 0.00,"Total Cost": 172515.15,"Plan Rows": 6001215,"Plan Width": 17,"Actual Startup Time": 0.023,"Actual Total Time": 949.086,"Actual Rows": 6001215,"Actual Loops": 1},{"Node Type": "Hash","Parent Relationship": "Inner","Parallel Aware": false,"Async Capable": false,"Startup Cost": 6366.24,"Total Cost": 6366.24,"Plan Rows": 192,"Plan Width": 4,"Actual Startup Time": 30.755,"Actual Total Time": 31.494,"Actual Rows": 222,"Actual Loops": 1,"Hash Buckets": 1024,"Original Hash Buckets": 1024,"Hash Batches": 1,"Original Hash Batches": 1,"Peak Memory Usage": 16,"Plans": [{"Node Type": "Gather","Parent Relationship": "Outer","Parallel Aware": false,"Async Capable": false,"Startup Cost": 1000.00,"Total Cost": 6366.24,"Plan Rows": 192,"Plan Width": 4,"Actual Startup Time": 1.127,"Actual Total Time": 31.413,"Actual Rows": 222,"Actual Loops": 1,"Workers Planned": 2,"Workers Launched": 2,"Single Copy": false,"Plans": [{"Node Type": "Seq Scan","Parent Relationship": "Outer","Parallel Aware": true,"Async Capable": false,"Relation Name": "part","Alias": "part","Startup Cost": 0.00,"Total Cost": 5347.00,"Plan Rows": 80,"Plan Width": 4,"Actual Startup Time": 0.562,"Actual Total Time": 24.620,"Actual Rows": 74,"Actual Loops": 3,"Filter": "((p_brand = 'Brand#34'::bpchar) AND (p_container = 'JUMBO CASE'::bpchar))","Rows Removed by Filter": 66593,"Workers": []}]}]},{"Node Type": "Aggregate","Strategy": "Plain","Partial Mode": "Simple","Parent Relationship": "SubPlan","Subplan Name": "SubPlan 1","Parallel Aware": false,"Async Capable": false,"Startup Cost": 127.60,"Total Cost": 127.61,"Plan Rows": 1,"Plan Width": 32,"Actual Startup Time": 0.122,"Actual Total Time": 0.122,"Actual Rows": 1,"Actual Loops": 6718,"Plans": [{"Node Type": "Bitmap Heap Scan","Parent Relationship": "Outer","Parallel Aware": false,"Async Capable": false,"Relation Name": "lineitem","Alias": "lineitem_1","Startup Cost": 4.67,"Total Cost": 127.52,"Plan Rows": 31,"Plan Width": 5,"Actual Startup Time": 0.013,"Actual Total Time": 0.114,"Actual Rows": 31,"Actual Loops": 6718,"Recheck Cond": "(l_partkey = part.p_partkey)","Rows Removed by Index Recheck": 0,"Exact Heap Blocks": 210046,"Lossy Heap Blocks": 0,"Plans": [{"Node Type": "Bitmap Index Scan","Parent Relationship": "Outer","Parallel Aware": false,"Async Capable": false,"Index Name": "idx_lineitem_part_supp","Startup Cost": 0.00,"Total Cost": 4.67,"Plan Rows": 31,"Plan Width": 0,"Actual Startup Time": 0.007,"Actual Total Time": 0.007,"Actual Rows": 31,"Actual Loops": 6718,"Index Cond": "(l_partkey = part.p_partkey)"}]}]}]}]},"Planning Time": 5.428,"Triggers": [],"Execution Time": 4959.557}]
[{"Plan": {"Node Type": "Aggregate","Strategy": "Plain","Partial Mode": "Simple","Parallel Aware": false,"Async Capable": false,"Startup Cost": 195918.31,"Total Cost": 195918.32,"Plan Rows": 1,"Plan Width": 32,"Actual Startup Time": 4732.961,"Actual Total Time": 4733.338,"Actual Rows": 1,"Actual Loops": 1,"Plans": [{"Node Type": "Hash Join","Parent Relationship": "Outer","Parallel Aware": false,"Async Capable": false,"Join Type": "Inner","Startup Cost": 6368.89,"Total Cost": 195913.44,"Plan Rows": 1946,"Plan Width": 8,"Actual Startup Time": 43.829,"Actual Total Time": 4733.167,"Actual Rows": 418,"Actual Loops": 1,"Inner Unique": true,"Hash Cond": "(lineitem.l_partkey = part.p_partkey)","Join Filter": "(lineitem.l_quantity < (SubPlan 1))","Rows Removed by Join Filter": 4382,"Plans": [{"Node Type": "Seq Scan","Parent Relationship": "Outer","Parallel Aware": false,"Async Capable": false,"Relation Name": "lineitem","Alias": "lineitem","Startup Cost": 0.00,"Total Cost": 172515.15,"Plan Rows": 6001215,"Plan Width": 17,"Actual Startup Time": 0.022,"Actual Total Time": 933.910,"Actual Rows": 6001215,"Actual Loops": 1},{"Node Type": "Hash","Parent Relationship": "Inner","Parallel Aware": false,"Async Capable": false,"Startup Cost": 6366.45,"Total Cost": 6366.45,"Plan Rows": 195,"Plan Width": 4,"Actual Startup Time": 31.447,"Actual Total Time": 31.803,"Actual Rows": 158,"Actual Loops": 1,"Hash Buckets": 1024,"Original Hash Buckets": 1024,"Hash Batches": 1,"Original Hash Batches": 1,"Peak Memory Usage": 14,"Plans": [{"Node Type": "Gather","Parent Relationship": "Outer","Parallel Aware": false,"Async Capable": false,"Startup Cost": 1000.00,"Total Cost": 6366.45,"Plan Rows": 195,"Plan Width": 4,"Actual Startup Time": 2.841,"Actual Total Time": 31.740,"Actual Rows": 158,"Actual Loops": 1,"Workers Planned": 2,"Workers Launched": 2,"Single Copy": false,"Plans": [{"Node Type": "Seq Scan","Parent Relationship": "Outer","Parallel Aware": true,"Async Capable": false,"Relation Name": "part","Alias": "part","Startup Cost": 0.00,"Total Cost": 5347.00,"Plan Rows": 81,"Plan Width": 4,"Actual Startup Time": 1.148,"Actual Total Time": 25.316,"Actual Rows": 53,"Actual Loops": 3,"Filter": "((p_brand = 'Brand#23'::bpchar) AND (p_container = 'LG CASE'::bpchar))","Rows Removed by Filter": 66614,"Workers": []}]}]},{"Node Type": "Aggregate","Strategy": "Plain","Partial Mode": "Simple","Parent Relationship": "SubPlan","Subplan Name": "SubPlan 1","Parallel Aware": false,"Async Capable": false,"Startup Cost": 127.60,"Total Cost": 127.61,"Plan Rows": 1,"Plan Width": 32,"Actual Startup Time": 0.118,"Actual Total Time": 0.118,"Actual Rows": 1,"Actual Loops": 4800,"Plans": [{"Node Type": "Bitmap Heap Scan","Parent Relationship": "Outer","Parallel Aware": false,"Async Capable": false,"Relation Name": "lineitem","Alias": "lineitem_1","Startup Cost": 4.67,"Total Cost": 127.52,"Plan Rows": 31,"Plan Width": 5,"Actual Startup Time": 0.013,"Actual Total Time": 0.111,"Actual Rows": 31,"Actual Loops": 4800,"Recheck Cond": "(l_partkey = part.p_partkey)","Rows Removed by Index Recheck": 0,"Exact Heap Blocks": 150066,"Lossy Heap Blocks": 0,"Plans": [{"Node Type": "Bitmap Index Scan","Parent Relationship": "Outer","Parallel Aware": false,"Async Capable": false,"Index Name": "idx_lineitem_part_supp","Startup Cost": 0.00,"Total Cost": 4.67,"Plan Rows": 31,"Plan Width": 0,"Actual Startup Time": 0.007,"Actual Total Time": 0.007,"Actual Rows": 31,"Actual Loops": 4800,"Index Cond": "(l_partkey = part.p_partkey)"}]}]}]}]},"Planning Time": 5.933,"Triggers": [],"Execution Time": 4733.708}]
[{"Plan": {"Node Type": "Aggregate","Strategy": "Plain","Partial Mode": "Simple","Parallel Aware": false,"Async Capable": false,"Startup Cost": 195919.28,"Total Cost": 195919.29,"Plan Rows": 1,"Plan Width": 32,"Actual Startup Time": 5055.595,"Actual Total Time": 5056.302,"Actual Rows": 1,"Actual Loops": 1,"Plans": [{"Node Type": "Hash Join","Parent Relationship": "Outer","Parallel Aware": false,"Async Capable": false,"Join Type": "Inner","Startup Cost": 6369.68,"Total Cost": 195914.24,"Plan Rows": 2017,"Plan Width": 8,"Actual Startup Time": 53.740,"Actual Total Time": 5055.893,"Actual Rows": 572,"Actual Loops": 1,"Inner Unique": true,"Hash Cond": "(lineitem.l_partkey = part.p_partkey)","Join Filter": "(lineitem.l_quantity < (SubPlan 1))","Rows Removed by Join Filter": 5812,"Plans": [{"Node Type": "Seq Scan","Parent Relationship": "Outer","Parallel Aware": false,"Async Capable": false,"Relation Name": "lineitem","Alias": "lineitem","Startup Cost": 0.00,"Total Cost": 172515.15,"Plan Rows": 6001215,"Plan Width": 17,"Actual Startup Time": 0.022,"Actual Total Time": 1006.227,"Actual Rows": 6001215,"Actual Loops": 1},{"Node Type": "Hash","Parent Relationship": "Inner","Parallel Aware": false,"Async Capable": false,"Startup Cost": 6367.16,"Total Cost": 6367.16,"Plan Rows": 202,"Plan Width": 4,"Actual Startup Time": 33.632,"Actual Total Time": 34.291,"Actual Rows": 213,"Actual Loops": 1,"Hash Buckets": 1024,"Original Hash Buckets": 1024,"Hash Batches": 1,"Original Hash Batches": 1,"Peak Memory Usage": 16,"Plans": [{"Node Type": "Gather","Parent Relationship": "Outer","Parallel Aware": false,"Async Capable": false,"Startup Cost": 1000.00,"Total Cost": 6367.16,"Plan Rows": 202,"Plan Width": 4,"Actual Startup Time": 0.864,"Actual Total Time": 34.194,"Actual Rows": 213,"Actual Loops": 1,"Workers Planned": 2,"Workers Launched": 2,"Single Copy": false,"Plans": [{"Node Type": "Seq Scan","Parent Relationship": "Outer","Parallel Aware": true,"Async Capable": false,"Relation Name": "part","Alias": "part","Startup Cost": 0.00,"Total Cost": 5347.00,"Plan Rows": 84,"Plan Width": 4,"Actual Startup Time": 0.464,"Actual Total Time": 27.672,"Actual Rows": 71,"Actual Loops": 3,"Filter": "((p_brand = 'Brand#32'::bpchar) AND (p_container = 'MED JAR'::bpchar))","Rows Removed by Filter": 66596,"Workers": []}]}]},{"Node Type": "Aggregate","Strategy": "Plain","Partial Mode": "Simple","Parent Relationship": "SubPlan","Subplan Name": "SubPlan 1","Parallel Aware": false,"Async Capable": false,"Startup Cost": 127.60,"Total Cost": 127.61,"Plan Rows": 1,"Plan Width": 32,"Actual Startup Time": 0.136,"Actual Total Time": 0.136,"Actual Rows": 1,"Actual Loops": 6384,"Plans": [{"Node Type": "Bitmap Heap Scan","Parent Relationship": "Outer","Parallel Aware": false,"Async Capable": false,"Relation Name": "lineitem","Alias": "lineitem_1","Startup Cost": 4.67,"Total Cost": 127.52,"Plan Rows": 31,"Plan Width": 5,"Actual Startup Time": 0.014,"Actual Total Time": 0.129,"Actual Rows": 31,"Actual Loops": 6384,"Recheck Cond": "(l_partkey = part.p_partkey)","Rows Removed by Index Recheck": 0,"Exact Heap Blocks": 197448,"Lossy Heap Blocks": 0,"Plans": [{"Node Type": "Bitmap Index Scan","Parent Relationship": "Outer","Parallel Aware": false,"Async Capable": false,"Index Name": "idx_lineitem_part_supp","Startup Cost": 0.00,"Total Cost": 4.67,"Plan Rows": 31,"Plan Width": 0,"Actual Startup Time": 0.008,"Actual Total Time": 0.008,"Actual Rows": 31,"Actual Loops": 6384,"Index Cond": "(l_partkey = part.p_partkey)"}]}]}]}]},"Planning Time": 4.991,"Triggers": [],"Execution Time": 5056.841}]
[{"Plan": {"Node Type": "Aggregate","Strategy": "Plain","Partial Mode": "Simple","Parallel Aware": false,"Async Capable": false,"Startup Cost": 195918.88,"Total Cost": 195918.90,"Plan Rows": 1,"Plan Width": 32,"Actual Startup Time": 4872.096,"Actual Total Time": 4872.832,"Actual Rows": 1,"Actual Loops": 1,"Plans": [{"Node Type": "Hash Join","Parent Relationship": "Outer","Parallel Aware": false,"Async Capable": false,"Join Type": "Inner","Startup Cost": 6369.36,"Total Cost": 195913.91,"Plan Rows": 1988,"Plan Width": 8,"Actual Startup Time": 32.530,"Actual Total Time": 4872.420,"Actual Rows": 511,"Actual Loops": 1,"Inner Unique": true,"Hash Cond": "(lineitem.l_partkey = part.p_partkey)","Join Filter": "(lineitem.l_quantity < (SubPlan 1))","Rows Removed by Join Filter": 5492,"Plans": [{"Node Type": "Seq Scan","Parent Relationship": "Outer","Parallel Aware": false,"Async Capable": false,"Relation Name": "lineitem","Alias": "lineitem","Startup Cost": 0.00,"Total Cost": 172515.15,"Plan Rows": 6001215,"Plan Width": 17,"Actual Startup Time": 0.014,"Actual Total Time": 964.509,"Actual Rows": 6001215,"Actual Loops": 1},{"Node Type": "Hash","Parent Relationship": "Inner","Parallel Aware": false,"Async Capable": false,"Startup Cost": 6366.87,"Total Cost": 6366.87,"Plan Rows": 199,"Plan Width": 4,"Actual Startup Time": 30.944,"Actual Total Time": 31.645,"Actual Rows": 198,"Actual Loops": 1,"Hash Buckets": 1024,"Original Hash Buckets": 1024,"Hash Batches": 1,"Original Hash Batches": 1,"Peak Memory Usage": 15,"Plans": [{"Node Type": "Gather","Parent Relationship": "Outer","Parallel Aware": false,"Async Capable": false,"Startup Cost": 1000.00,"Total Cost": 6366.87,"Plan Rows": 199,"Plan Width": 4,"Actual Startup Time": 0.850,"Actual Total Time": 31.580,"Actual Rows": 198,"Actual Loops": 1,"Workers Planned": 2,"Workers Launched": 2,"Single Copy": false,"Plans": [{"Node Type": "Seq Scan","Parent Relationship": "Outer","Parallel Aware": true,"Async Capable": false,"Relation Name": "part","Alias": "part","Startup Cost": 0.00,"Total Cost": 5347.00,"Plan Rows": 83,"Plan Width": 4,"Actual Startup Time": 0.677,"Actual Total Time": 25.286,"Actual Rows": 66,"Actual Loops": 3,"Filter": "((p_brand = 'Brand#12'::bpchar) AND (p_container = 'MED DRUM'::bpchar))","Rows Removed by Filter": 66601,"Workers": []}]}]},{"Node Type": "Aggregate","Strategy": "Plain","Partial Mode": "Simple","Parent Relationship": "SubPlan","Subplan Name": "SubPlan 1","Parallel Aware": false,"Async Capable": false,"Startup Cost": 127.60,"Total Cost": 127.61,"Plan Rows": 1,"Plan Width": 32,"Actual Startup Time": 0.121,"Actual Total Time": 0.121,"Actual Rows": 1,"Actual Loops": 6003,"Plans": [{"Node Type": "Bitmap Heap Scan","Parent Relationship": "Outer","Parallel Aware": false,"Async Capable": false,"Relation Name": "lineitem","Alias": "lineitem_1","Startup Cost": 4.67,"Total Cost": 127.52,"Plan Rows": 31,"Plan Width": 5,"Actual Startup Time": 0.013,"Actual Total Time": 0.114,"Actual Rows": 31,"Actual Loops": 6003,"Recheck Cond": "(l_partkey = part.p_partkey)","Rows Removed by Index Recheck": 0,"Exact Heap Blocks": 187879,"Lossy Heap Blocks": 0,"Plans": [{"Node Type": "Bitmap Index Scan","Parent Relationship": "Outer","Parallel Aware": false,"Async Capable": false,"Index Name": "idx_lineitem_part_supp","Startup Cost": 0.00,"Total Cost": 4.67,"Plan Rows": 31,"Plan Width": 0,"Actual Startup Time": 0.007,"Actual Total Time": 0.007,"Actual Rows": 31,"Actual Loops": 6003,"Index Cond": "(l_partkey = part.p_partkey)"}]}]}]}]},"Planning Time": 5.199,"Triggers": [],"Execution Time": 4873.143}]
[{"Plan": {"Node Type": "Aggregate","Strategy": "Plain","Partial Mode": "Simple","Parallel Aware": false,"Async Capable": false,"Startup Cost": 195919.78,"Total Cost": 195919.80,"Plan Rows": 1,"Plan Width": 32,"Actual Startup Time": 4776.621,"Actual Total Time": 4777.271,"Actual Rows": 1,"Actual Loops": 1,"Plans": [{"Node Type": "Hash Join","Parent Relationship": "Outer","Parallel Aware": false,"Async Capable": false,"Join Type": "Inner","Startup Cost": 6370.10,"Total Cost": 195914.65,"Plan Rows": 2053,"Plan Width": 8,"Actual Startup Time": 34.417,"Actual Total Time": 4776.932,"Actual Rows": 508,"Actual Loops": 1,"Inner Unique": true,"Hash Cond": "(lineitem.l_partkey = part.p_partkey)","Join Filter": "(lineitem.l_quantity < (SubPlan 1))","Rows Removed by Join Filter": 5030,"Plans": [{"Node Type": "Seq Scan","Parent Relationship": "Outer","Parallel Aware": false,"Async Capable": false,"Relation Name": "lineitem","Alias": "lineitem","Startup Cost": 0.00,"Total Cost": 172515.15,"Plan Rows": 6001215,"Plan Width": 17,"Actual Startup Time": 0.021,"Actual Total Time": 984.629,"Actual Rows": 6001215,"Actual Loops": 1},{"Node Type": "Hash","Parent Relationship": "Inner","Parallel Aware": false,"Async Capable": false,"Startup Cost": 6367.53,"Total Cost": 6367.53,"Plan Rows": 205,"Plan Width": 4,"Actual Startup Time": 32.482,"Actual Total Time": 33.080,"Actual Rows": 191,"Actual Loops": 1,"Hash Buckets": 1024,"Original Hash Buckets": 1024,"Hash Batches": 1,"Original Hash Batches": 1,"Peak Memory Usage": 15,"Plans": [{"Node Type": "Gather","Parent Relationship": "Outer","Parallel Aware": false,"Async Capable": false,"Startup Cost": 1000.00,"Total Cost": 6367.53,"Plan Rows": 205,"Plan Width": 4,"Actual Startup Time": 1.098,"Actual Total Time": 32.979,"Actual Rows": 191,"Actual Loops": 1,"Workers Planned": 2,"Workers Launched": 2,"Single Copy": false,"Plans": [{"Node Type": "Seq Scan","Parent Relationship": "Outer","Parallel Aware": true,"Async Capable": false,"Relation Name": "part","Alias": "part","Startup Cost": 0.00,"Total Cost": 5347.00,"Plan Rows": 86,"Plan Width": 4,"Actual Startup Time": 1.232,"Actual Total Time": 26.644,"Actual Rows": 64,"Actual Loops": 3,"Filter": "((p_brand = 'Brand#33'::bpchar) AND (p_container = 'SM PKG'::bpchar))","Rows Removed by Filter": 66603,"Workers": []}]}]},{"Node Type": "Aggregate","Strategy": "Plain","Partial Mode": "Simple","Parent Relationship": "SubPlan","Subplan Name": "SubPlan 1","Parallel Aware": false,"Async Capable": false,"Startup Cost": 127.60,"Total Cost": 127.61,"Plan Rows": 1,"Plan Width": 32,"Actual Startup Time": 0.119,"Actual Total Time": 0.119,"Actual Rows": 1,"Actual Loops": 5538,"Plans": [{"Node Type": "Bitmap Heap Scan","Parent Relationship": "Outer","Parallel Aware": false,"Async Capable": false,"Relation Name": "lineitem","Alias": "lineitem_1","Startup Cost": 4.67,"Total Cost": 127.52,"Plan Rows": 31,"Plan Width": 5,"Actual Startup Time": 0.013,"Actual Total Time": 0.112,"Actual Rows": 30,"Actual Loops": 5538,"Recheck Cond": "(l_partkey = part.p_partkey)","Rows Removed by Index Recheck": 0,"Exact Heap Blocks": 166290,"Lossy Heap Blocks": 0,"Plans": [{"Node Type": "Bitmap Index Scan","Parent Relationship": "Outer","Parallel Aware": false,"Async Capable": false,"Index Name": "idx_lineitem_part_supp","Startup Cost": 0.00,"Total Cost": 4.67,"Plan Rows": 31,"Plan Width": 0,"Actual Startup Time": 0.007,"Actual Total Time": 0.007,"Actual Rows": 30,"Actual Loops": 5538,"Index Cond": "(l_partkey = part.p_partkey)"}]}]}]}]},"Planning Time": 5.896,"Triggers": [],"Execution Time": 4777.797}]
[{"Plan": {"Node Type": "Aggregate","Strategy": "Plain","Partial Mode": "Simple","Parallel Aware": false,"Async Capable": false,"Startup Cost": 195919.67,"Total Cost": 195919.68,"Plan Rows": 1,"Plan Width": 32,"Actual Startup Time": 4836.951,"Actual Total Time": 4837.538,"Actual Rows": 1,"Actual Loops": 1,"Plans": [{"Node Type": "Hash Join","Parent Relationship": "Outer","Parallel Aware": false,"Async Capable": false,"Join Type": "Inner","Startup Cost": 6370.00,"Total Cost": 195914.55,"Plan Rows": 2045,"Plan Width": 8,"Actual Startup Time": 34.964,"Actual Total Time": 4837.146,"Actual Rows": 533,"Actual Loops": 1,"Inner Unique": true,"Hash Cond": "(lineitem.l_partkey = part.p_partkey)","Join Filter": "(lineitem.l_quantity < (SubPlan 1))","Rows Removed by Join Filter": 5458,"Plans": [{"Node Type": "Seq Scan","Parent Relationship": "Outer","Parallel Aware": false,"Async Capable": false,"Relation Name": "lineitem","Alias": "lineitem","Startup Cost": 0.00,"Total Cost": 172515.15,"Plan Rows": 6001215,"Plan Width": 17,"Actual Startup Time": 0.014,"Actual Total Time": 977.456,"Actual Rows": 6001215,"Actual Loops": 1},{"Node Type": "Hash","Parent Relationship": "Inner","Parallel Aware": false,"Async Capable": false,"Startup Cost": 6367.44,"Total Cost": 6367.44,"Plan Rows": 204,"Plan Width": 4,"Actual Startup Time": 32.775,"Actual Total Time": 33.332,"Actual Rows": 200,"Actual Loops": 1,"Hash Buckets": 1024,"Original Hash Buckets": 1024,"Hash Batches": 1,"Original Hash Batches": 1,"Peak Memory Usage": 16,"Plans": [{"Node Type": "Gather","Parent Relationship": "Outer","Parallel Aware": false,"Async Capable": false,"Startup Cost": 1000.00,"Total Cost": 6367.44,"Plan Rows": 204,"Plan Width": 4,"Actual Startup Time": 2.156,"Actual Total Time": 33.235,"Actual Rows": 200,"Actual Loops": 1,"Workers Planned": 2,"Workers Launched": 2,"Single Copy": false,"Plans": [{"Node Type": "Seq Scan","Parent Relationship": "Outer","Parallel Aware": true,"Async Capable": false,"Relation Name": "part","Alias": "part","Startup Cost": 0.00,"Total Cost": 5347.00,"Plan Rows": 85,"Plan Width": 4,"Actual Startup Time": 1.479,"Actual Total Time": 27.334,"Actual Rows": 67,"Actual Loops": 3,"Filter": "((p_brand = 'Brand#54'::bpchar) AND (p_container = 'SM BAG'::bpchar))","Rows Removed by Filter": 66600,"Workers": []}]}]},{"Node Type": "Aggregate","Strategy": "Plain","Partial Mode": "Simple","Parent Relationship": "SubPlan","Subplan Name": "SubPlan 1","Parallel Aware": false,"Async Capable": false,"Startup Cost": 127.60,"Total Cost": 127.61,"Plan Rows": 1,"Plan Width": 32,"Actual Startup Time": 0.120,"Actual Total Time": 0.120,"Actual Rows": 1,"Actual Loops": 5991,"Plans": [{"Node Type": "Bitmap Heap Scan","Parent Relationship": "Outer","Parallel Aware": false,"Async Capable": false,"Relation Name": "lineitem","Alias": "lineitem_1","Startup Cost": 4.67,"Total Cost": 127.52,"Plan Rows": 31,"Plan Width": 5,"Actual Startup Time": 0.013,"Actual Total Time": 0.113,"Actual Rows": 31,"Actual Loops": 5991,"Recheck Cond": "(l_partkey = part.p_partkey)","Rows Removed by Index Recheck": 0,"Exact Heap Blocks": 185822,"Lossy Heap Blocks": 0,"Plans": [{"Node Type": "Bitmap Index Scan","Parent Relationship": "Outer","Parallel Aware": false,"Async Capable": false,"Index Name": "idx_lineitem_part_supp","Startup Cost": 0.00,"Total Cost": 4.67,"Plan Rows": 31,"Plan Width": 0,"Actual Startup Time": 0.007,"Actual Total Time": 0.007,"Actual Rows": 31,"Actual Loops": 5991,"Index Cond": "(l_partkey = part.p_partkey)"}]}]}]}]},"Planning Time": 5.922,"Triggers": [],"Execution Time": 4837.928}]
[{"Plan": {"Node Type": "Aggregate","Strategy": "Plain","Partial Mode": "Simple","Parallel Aware": false,"Async Capable": false,"Startup Cost": 195919.84,"Total Cost": 195919.85,"Plan Rows": 1,"Plan Width": 32,"Actual Startup Time": 4966.323,"Actual Total Time": 4967.044,"Actual Rows": 1,"Actual Loops": 1,"Plans": [{"Node Type": "Hash Join","Parent Relationship": "Outer","Parallel Aware": false,"Async Capable": false,"Join Type": "Inner","Startup Cost": 6370.14,"Total Cost": 195914.69,"Plan Rows": 2057,"Plan Width": 8,"Actual Startup Time": 33.380,"Actual Total Time": 4966.594,"Actual Rows": 622,"Actual Loops": 1,"Inner Unique": true,"Hash Cond": "(lineitem.l_partkey = part.p_partkey)","Join Filter": "(lineitem.l_quantity < (SubPlan 1))","Rows Removed by Join Filter": 6028,"Plans": [{"Node Type": "Seq Scan","Parent Relationship": "Outer","Parallel Aware": false,"Async Capable": false,"Relation Name": "lineitem","Alias": "lineitem","Startup Cost": 0.00,"Total Cost": 172515.15,"Plan Rows": 6001215,"Plan Width": 17,"Actual Startup Time": 0.013,"Actual Total Time": 981.107,"Actual Rows": 6001215,"Actual Loops": 1},{"Node Type": "Hash","Parent Relationship": "Inner","Parallel Aware": false,"Async Capable": false,"Startup Cost": 6367.57,"Total Cost": 6367.57,"Plan Rows": 206,"Plan Width": 4,"Actual Startup Time": 32.809,"Actual Total Time": 33.482,"Actual Rows": 221,"Actual Loops": 1,"Hash Buckets": 1024,"Original Hash Buckets": 1024,"Hash Batches": 1,"Original Hash Batches": 1,"Peak Memory Usage": 16,"Plans": [{"Node Type": "Gather","Parent Relationship": "Outer","Parallel Aware": false,"Async Capable": false,"Startup Cost": 1000.00,"Total Cost": 6367.57,"Plan Rows": 206,"Plan Width": 4,"Actual Startup Time": 2.291,"Actual Total Time": 33.387,"Actual Rows": 221,"Actual Loops": 1,"Workers Planned": 2,"Workers Launched": 2,"Single Copy": false,"Plans": [{"Node Type": "Seq Scan","Parent Relationship": "Outer","Parallel Aware": true,"Async Capable": false,"Relation Name": "part","Alias": "part","Startup Cost": 0.00,"Total Cost": 5347.00,"Plan Rows": 86,"Plan Width": 4,"Actual Startup Time": 1.368,"Actual Total Time": 27.435,"Actual Rows": 74,"Actual Loops": 3,"Filter": "((p_brand = 'Brand#21'::bpchar) AND (p_container = 'SM DRUM'::bpchar))","Rows Removed by Filter": 66593,"Workers": []}]}]},{"Node Type": "Aggregate","Strategy": "Plain","Partial Mode": "Simple","Parent Relationship": "SubPlan","Subplan Name": "SubPlan 1","Parallel Aware": false,"Async Capable": false,"Startup Cost": 127.60,"Total Cost": 127.61,"Plan Rows": 1,"Plan Width": 32,"Actual Startup Time": 0.119,"Actual Total Time": 0.119,"Actual Rows": 1,"Actual Loops": 6650,"Plans": [{"Node Type": "Bitmap Heap Scan","Parent Relationship": "Outer","Parallel Aware": false,"Async Capable": false,"Relation Name": "lineitem","Alias": "lineitem_1","Startup Cost": 4.67,"Total Cost": 127.52,"Plan Rows": 31,"Plan Width": 5,"Actual Startup Time": 0.013,"Actual Total Time": 0.112,"Actual Rows": 31,"Actual Loops": 6650,"Recheck Cond": "(l_partkey = part.p_partkey)","Rows Removed by Index Recheck": 0,"Exact Heap Blocks": 206149,"Lossy Heap Blocks": 0,"Plans": [{"Node Type": "Bitmap Index Scan","Parent Relationship": "Outer","Parallel Aware": false,"Async Capable": false,"Index Name": "idx_lineitem_part_supp","Startup Cost": 0.00,"Total Cost": 4.67,"Plan Rows": 31,"Plan Width": 0,"Actual Startup Time": 0.007,"Actual Total Time": 0.007,"Actual Rows": 31,"Actual Loops": 6650,"Index Cond": "(l_partkey = part.p_partkey)"}]}]}]}]},"Planning Time": 5.700,"Triggers": [],"Execution Time": 4967.480}]
[{"Plan": {"Node Type": "Aggregate","Strategy": "Plain","Partial Mode": "Simple","Parallel Aware": false,"Async Capable": false,"Startup Cost": 195918.95,"Total Cost": 195918.97,"Plan Rows": 1,"Plan Width": 32,"Actual Startup Time": 4909.134,"Actual Total Time": 4909.647,"Actual Rows": 1,"Actual Loops": 1,"Plans": [{"Node Type": "Hash Join","Parent Relationship": "Outer","Parallel Aware": false,"Async Capable": false,"Join Type": "Inner","Startup Cost": 6369.42,"Total Cost": 195913.97,"Plan Rows": 1993,"Plan Width": 8,"Actual Startup Time": 35.098,"Actual Total Time": 4909.446,"Actual Rows": 592,"Actual Loops": 1,"Inner Unique": true,"Hash Cond": "(lineitem.l_partkey = part.p_partkey)","Join Filter": "(lineitem.l_quantity < (SubPlan 1))","Rows Removed by Join Filter": 5861,"Plans": [{"Node Type": "Seq Scan","Parent Relationship": "Outer","Parallel Aware": false,"Async Capable": false,"Relation Name": "lineitem","Alias": "lineitem","Startup Cost": 0.00,"Total Cost": 172515.15,"Plan Rows": 6001215,"Plan Width": 17,"Actual Startup Time": 0.015,"Actual Total Time": 937.035,"Actual Rows": 6001215,"Actual Loops": 1},{"Node Type": "Hash","Parent Relationship": "Inner","Parallel Aware": false,"Async Capable": false,"Startup Cost": 6366.92,"Total Cost": 6366.92,"Plan Rows": 199,"Plan Width": 4,"Actual Startup Time": 29.906,"Actual Total Time": 30.403,"Actual Rows": 216,"Actual Loops": 1,"Hash Buckets": 1024,"Original Hash Buckets": 1024,"Hash Batches": 1,"Original Hash Batches": 1,"Peak Memory Usage": 16,"Plans": [{"Node Type": "Gather","Parent Relationship": "Outer","Parallel Aware": false,"Async Capable": false,"Startup Cost": 1000.00,"Total Cost": 6366.92,"Plan Rows": 199,"Plan Width": 4,"Actual Startup Time": 1.646,"Actual Total Time": 30.336,"Actual Rows": 216,"Actual Loops": 1,"Workers Planned": 2,"Workers Launched": 2,"Single Copy": false,"Plans": [{"Node Type": "Seq Scan","Parent Relationship": "Outer","Parallel Aware": true,"Async Capable": false,"Relation Name": "part","Alias": "part","Startup Cost": 0.00,"Total Cost": 5347.00,"Plan Rows": 83,"Plan Width": 4,"Actual Startup Time": 0.786,"Actual Total Time": 24.030,"Actual Rows": 72,"Actual Loops": 3,"Filter": "((p_brand = 'Brand#51'::bpchar) AND (p_container = 'LG CASE'::bpchar))","Rows Removed by Filter": 66595,"Workers": []}]}]},{"Node Type": "Aggregate","Strategy": "Plain","Partial Mode": "Simple","Parent Relationship": "SubPlan","Subplan Name": "SubPlan 1","Parallel Aware": false,"Async Capable": false,"Startup Cost": 127.60,"Total Cost": 127.61,"Plan Rows": 1,"Plan Width": 32,"Actual Startup Time": 0.113,"Actual Total Time": 0.113,"Actual Rows": 1,"Actual Loops": 6453,"Plans": [{"Node Type": "Bitmap Heap Scan","Parent Relationship": "Outer","Parallel Aware": false,"Async Capable": false,"Relation Name": "lineitem","Alias": "lineitem_1","Startup Cost": 4.67,"Total Cost": 127.52,"Plan Rows": 31,"Plan Width": 5,"Actual Startup Time": 0.013,"Actual Total Time": 0.106,"Actual Rows": 31,"Actual Loops": 6453,"Recheck Cond": "(l_partkey = part.p_partkey)","Rows Removed by Index Recheck": 0,"Exact Heap Blocks": 200199,"Lossy Heap Blocks": 0,"Plans": [{"Node Type": "Bitmap Index Scan","Parent Relationship": "Outer","Parallel Aware": false,"Async Capable": false,"Index Name": "idx_lineitem_part_supp","Startup Cost": 0.00,"Total Cost": 4.67,"Plan Rows": 31,"Plan Width": 0,"Actual Startup Time": 0.007,"Actual Total Time": 0.007,"Actual Rows": 31,"Actual Loops": 6453,"Index Cond": "(l_partkey = part.p_partkey)"}]}]}]}]},"Planning Time": 4.481,"Triggers": [],"Execution Time": 4909.925}]
[{"Plan": {"Node Type": "Aggregate","Strategy": "Plain","Partial Mode": "Simple","Parallel Aware": false,"Async Capable": false,"Startup Cost": 195918.40,"Total Cost": 195918.42,"Plan Rows": 1,"Plan Width": 32,"Actual Startup Time": 4866.632,"Actual Total Time": 4867.324,"Actual Rows": 1,"Actual Loops": 1,"Plans": [{"Node Type": "Hash Join","Parent Relationship": "Outer","Parallel Aware": false,"Async Capable": false,"Join Type": "Inner","Startup Cost": 6368.97,"Total Cost": 195913.52,"Plan Rows": 1953,"Plan Width": 8,"Actual Startup Time": 40.442,"Actual Total Time": 4866.802,"Actual Rows": 551,"Actual Loops": 1,"Inner Unique": true,"Hash Cond": "(lineitem.l_partkey = part.p_partkey)","Join Filter": "(lineitem.l_quantity < (SubPlan 1))","Rows Removed by Join Filter": 5718,"Plans": [{"Node Type": "Seq Scan","Parent Relationship": "Outer","Parallel Aware": false,"Async Capable": false,"Relation Name": "lineitem","Alias": "lineitem","Startup Cost": 0.00,"Total Cost": 172515.15,"Plan Rows": 6001215,"Plan Width": 17,"Actual Startup Time": 0.011,"Actual Total Time": 977.299,"Actual Rows": 6001215,"Actual Loops": 1},{"Node Type": "Hash","Parent Relationship": "Inner","Parallel Aware": false,"Async Capable": false,"Startup Cost": 6366.53,"Total Cost": 6366.53,"Plan Rows": 195,"Plan Width": 4,"Actual Startup Time": 32.226,"Actual Total Time": 32.887,"Actual Rows": 209,"Actual Loops": 1,"Hash Buckets": 1024,"Original Hash Buckets": 1024,"Hash Batches": 1,"Original Hash Batches": 1,"Peak Memory Usage": 16,"Plans": [{"Node Type": "Gather","Parent Relationship": "Outer","Parallel Aware": false,"Async Capable": false,"Startup Cost": 1000.00,"Total Cost": 6366.53,"Plan Rows": 195,"Plan Width": 4,"Actual Startup Time": 1.744,"Actual Total Time": 32.792,"Actual Rows": 209,"Actual Loops": 1,"Workers Planned": 2,"Workers Launched": 2,"Single Copy": false,"Plans": [{"Node Type": "Seq Scan","Parent Relationship": "Outer","Parallel Aware": true,"Async Capable": false,"Relation Name": "part","Alias": "part","Startup Cost": 0.00,"Total Cost": 5347.00,"Plan Rows": 81,"Plan Width": 4,"Actual Startup Time": 0.744,"Actual Total Time": 26.868,"Actual Rows": 70,"Actual Loops": 3,"Filter": "((p_brand = 'Brand#35'::bpchar) AND (p_container = 'WRAP DRUM'::bpchar))","Rows Removed by Filter": 66597,"Workers": []}]}]},{"Node Type": "Aggregate","Strategy": "Plain","Partial Mode": "Simple","Parent Relationship": "SubPlan","Subplan Name": "SubPlan 1","Parallel Aware": false,"Async Capable": false,"Startup Cost": 127.60,"Total Cost": 127.61,"Plan Rows": 1,"Plan Width": 32,"Actual Startup Time": 0.121,"Actual Total Time": 0.121,"Actual Rows": 1,"Actual Loops": 6269,"Plans": [{"Node Type": "Bitmap Heap Scan","Parent Relationship": "Outer","Parallel Aware": false,"Async Capable": false,"Relation Name": "lineitem","Alias": "lineitem_1","Startup Cost": 4.67,"Total Cost": 127.52,"Plan Rows": 31,"Plan Width": 5,"Actual Startup Time": 0.013,"Actual Total Time": 0.114,"Actual Rows": 31,"Actual Loops": 6269,"Recheck Cond": "(l_partkey = part.p_partkey)","Rows Removed by Index Recheck": 0,"Exact Heap Blocks": 194875,"Lossy Heap Blocks": 0,"Plans": [{"Node Type": "Bitmap Index Scan","Parent Relationship": "Outer","Parallel Aware": false,"Async Capable": false,"Index Name": "idx_lineitem_part_supp","Startup Cost": 0.00,"Total Cost": 4.67,"Plan Rows": 31,"Plan Width": 0,"Actual Startup Time": 0.007,"Actual Total Time": 0.007,"Actual Rows": 31,"Actual Loops": 6269,"Index Cond": "(l_partkey = part.p_partkey)"}]}]}]}]},"Planning Time": 5.091,"Triggers": [],"Execution Time": 4867.639}]
[{"Plan": {"Node Type": "Aggregate","Strategy": "Plain","Partial Mode": "Simple","Parallel Aware": false,"Async Capable": false,"Startup Cost": 195920.32,"Total Cost": 195920.33,"Plan Rows": 1,"Plan Width": 32,"Actual Startup Time": 4829.051,"Actual Total Time": 4829.766,"Actual Rows": 1,"Actual Loops": 1,"Plans": [{"Node Type": "Hash Join","Parent Relationship": "Outer","Parallel Aware": false,"Async Capable": false,"Join Type": "Inner","Startup Cost": 6370.53,"Total Cost": 195915.08,"Plan Rows": 2092,"Plan Width": 8,"Actual Startup Time": 54.028,"Actual Total Time": 4829.417,"Actual Rows": 538,"Actual Loops": 1,"Inner Unique": true,"Hash Cond": "(lineitem.l_partkey = part.p_partkey)","Join Filter": "(lineitem.l_quantity < (SubPlan 1))","Rows Removed by Join Filter": 5324,"Plans": [{"Node Type": "Seq Scan","Parent Relationship": "Outer","Parallel Aware": false,"Async Capable": false,"Relation Name": "lineitem","Alias": "lineitem","Startup Cost": 0.00,"Total Cost": 172515.15,"Plan Rows": 6001215,"Plan Width": 17,"Actual Startup Time": 0.025,"Actual Total Time": 947.096,"Actual Rows": 6001215,"Actual Loops": 1},{"Node Type": "Hash","Parent Relationship": "Inner","Parallel Aware": false,"Async Capable": false,"Startup Cost": 6367.92,"Total Cost": 6367.92,"Plan Rows": 209,"Plan Width": 4,"Actual Startup Time": 30.704,"Actual Total Time": 31.378,"Actual Rows": 195,"Actual Loops": 1,"Hash Buckets": 1024,"Original Hash Buckets": 1024,"Hash Batches": 1,"Original Hash Batches": 1,"Peak Memory Usage": 15,"Plans": [{"Node Type": "Gather","Parent Relationship": "Outer","Parallel Aware": false,"Async Capable": false,"Startup Cost": 1000.00,"Total Cost": 6367.92,"Plan Rows": 209,"Plan Width": 4,"Actual Startup Time": 0.723,"Actual Total Time": 31.276,"Actual Rows": 195,"Actual Loops": 1,"Workers Planned": 2,"Workers Launched": 2,"Single Copy": false,"Plans": [{"Node Type": "Seq Scan","Parent Relationship": "Outer","Parallel Aware": true,"Async Capable": false,"Relation Name": "part","Alias": "part","Startup Cost": 0.00,"Total Cost": 5347.00,"Plan Rows": 87,"Plan Width": 4,"Actual Startup Time": 0.698,"Actual Total Time": 24.584,"Actual Rows": 65,"Actual Loops": 3,"Filter": "((p_brand = 'Brand#11'::bpchar) AND (p_container = 'SM BAG'::bpchar))","Rows Removed by Filter": 66602,"Workers": []}]}]},{"Node Type": "Aggregate","Strategy": "Plain","Partial Mode": "Simple","Parent Relationship": "SubPlan","Subplan Name": "SubPlan 1","Parallel Aware": false,"Async Capable": false,"Startup Cost": 127.60,"Total Cost": 127.61,"Plan Rows": 1,"Plan Width": 32,"Actual Startup Time": 0.122,"Actual Total Time": 0.122,"Actual Rows": 1,"Actual Loops": 5862,"Plans": [{"Node Type": "Bitmap Heap Scan","Parent Relationship": "Outer","Parallel Aware": false,"Async Capable": false,"Relation Name": "lineitem","Alias": "lineitem_1","Startup Cost": 4.67,"Total Cost": 127.52,"Plan Rows": 31,"Plan Width": 5,"Actual Startup Time": 0.013,"Actual Total Time": 0.115,"Actual Rows": 31,"Actual Loops": 5862,"Recheck Cond": "(l_partkey = part.p_partkey)","Rows Removed by Index Recheck": 0,"Exact Heap Blocks": 182138,"Lossy Heap Blocks": 0,"Plans": [{"Node Type": "Bitmap Index Scan","Parent Relationship": "Outer","Parallel Aware": false,"Async Capable": false,"Index Name": "idx_lineitem_part_supp","Startup Cost": 0.00,"Total Cost": 4.67,"Plan Rows": 31,"Plan Width": 0,"Actual Startup Time": 0.007,"Actual Total Time": 0.007,"Actual Rows": 31,"Actual Loops": 5862,"Index Cond": "(l_partkey = part.p_partkey)"}]}]}]}]},"Planning Time": 5.272,"Triggers": [],"Execution Time": 4830.246}]
[{"Plan": {"Node Type": "Aggregate","Strategy": "Plain","Partial Mode": "Simple","Parallel Aware": false,"Async Capable": false,"Startup Cost": 195918.24,"Total Cost": 195918.25,"Plan Rows": 1,"Plan Width": 32,"Actual Startup Time": 4674.598,"Actual Total Time": 4674.975,"Actual Rows": 1,"Actual Loops": 1,"Plans": [{"Node Type": "Hash Join","Parent Relationship": "Outer","Parallel Aware": false,"Async Capable": false,"Join Type": "Inner","Startup Cost": 6368.83,"Total Cost": 195913.38,"Plan Rows": 1941,"Plan Width": 8,"Actual Startup Time": 33.462,"Actual Total Time": 4674.751,"Actual Rows": 495,"Actual Loops": 1,"Inner Unique": true,"Hash Cond": "(lineitem.l_partkey = part.p_partkey)","Join Filter": "(lineitem.l_quantity < (SubPlan 1))","Rows Removed by Join Filter": 4991,"Plans": [{"Node Type": "Seq Scan","Parent Relationship": "Outer","Parallel Aware": false,"Async Capable": false,"Relation Name": "lineitem","Alias": "lineitem","Startup Cost": 0.00,"Total Cost": 172515.15,"Plan Rows": 6001215,"Plan Width": 17,"Actual Startup Time": 0.018,"Actual Total Time": 914.040,"Actual Rows": 6001215,"Actual Loops": 1},{"Node Type": "Hash","Parent Relationship": "Inner","Parallel Aware": false,"Async Capable": false,"Startup Cost": 6366.40,"Total Cost": 6366.40,"Plan Rows": 194,"Plan Width": 4,"Actual Startup Time": 32.429,"Actual Total Time": 32.793,"Actual Rows": 182,"Actual Loops": 1,"Hash Buckets": 1024,"Original Hash Buckets": 1024,"Hash Batches": 1,"Original Hash Batches": 1,"Peak Memory Usage": 15,"Plans": [{"Node Type": "Gather","Parent Relationship": "Outer","Parallel Aware": false,"Async Capable": false,"Startup Cost": 1000.00,"Total Cost": 6366.40,"Plan Rows": 194,"Plan Width": 4,"Actual Startup Time": 1.261,"Actual Total Time": 32.723,"Actual Rows": 182,"Actual Loops": 1,"Workers Planned": 2,"Workers Launched": 2,"Single Copy": false,"Plans": [{"Node Type": "Seq Scan","Parent Relationship": "Outer","Parallel Aware": true,"Async Capable": false,"Relation Name": "part","Alias": "part","Startup Cost": 0.00,"Total Cost": 5347.00,"Plan Rows": 81,"Plan Width": 4,"Actual Startup Time": 1.682,"Actual Total Time": 26.830,"Actual Rows": 61,"Actual Loops": 3,"Filter": "((p_brand = 'Brand#11'::bpchar) AND (p_container = 'WRAP PKG'::bpchar))","Rows Removed by Filter": 66606,"Workers": []}]}]},{"Node Type": "Aggregate","Strategy": "Plain","Partial Mode": "Simple","Parent Relationship": "SubPlan","Subplan Name": "SubPlan 1","Parallel Aware": false,"Async Capable": false,"Startup Cost": 127.60,"Total Cost": 127.61,"Plan Rows": 1,"Plan Width": 32,"Actual Startup Time": 0.113,"Actual Total Time": 0.113,"Actual Rows": 1,"Actual Loops": 5486,"Plans": [{"Node Type": "Bitmap Heap Scan","Parent Relationship": "Outer","Parallel Aware": false,"Async Capable": false,"Relation Name": "lineitem","Alias": "lineitem_1","Startup Cost": 4.67,"Total Cost": 127.52,"Plan Rows": 31,"Plan Width": 5,"Actual Startup Time": 0.013,"Actual Total Time": 0.106,"Actual Rows": 31,"Actual Loops": 5486,"Recheck Cond": "(l_partkey = part.p_partkey)","Rows Removed by Index Recheck": 0,"Exact Heap Blocks": 171543,"Lossy Heap Blocks": 0,"Plans": [{"Node Type": "Bitmap Index Scan","Parent Relationship": "Outer","Parallel Aware": false,"Async Capable": false,"Index Name": "idx_lineitem_part_supp","Startup Cost": 0.00,"Total Cost": 4.67,"Plan Rows": 31,"Plan Width": 0,"Actual Startup Time": 0.007,"Actual Total Time": 0.007,"Actual Rows": 31,"Actual Loops": 5486,"Index Cond": "(l_partkey = part.p_partkey)"}]}]}]}]},"Planning Time": 4.570,"Triggers": [],"Execution Time": 4675.244}]
[{"Plan": {"Node Type": "Aggregate","Strategy": "Plain","Partial Mode": "Simple","Parallel Aware": false,"Async Capable": false,"Startup Cost": 195919.36,"Total Cost": 195919.37,"Plan Rows": 1,"Plan Width": 32,"Actual Startup Time": 4825.585,"Actual Total Time": 4826.227,"Actual Rows": 1,"Actual Loops": 1,"Plans": [{"Node Type": "Hash Join","Parent Relationship": "Outer","Parallel Aware": false,"Async Capable": false,"Join Type": "Inner","Startup Cost": 6369.75,"Total Cost": 195914.30,"Plan Rows": 2022,"Plan Width": 8,"Actual Startup Time": 35.298,"Actual Total Time": 4825.760,"Actual Rows": 564,"Actual Loops": 1,"Inner Unique": true,"Hash Cond": "(lineitem.l_partkey = part.p_partkey)","Join Filter": "(lineitem.l_quantity < (SubPlan 1))","Rows Removed by Join Filter": 5600,"Plans": [{"Node Type": "Seq Scan","Parent Relationship": "Outer","Parallel Aware": false,"Async Capable": false,"Relation Name": "lineitem","Alias": "lineitem","Startup Cost": 0.00,"Total Cost": 172515.15,"Plan Rows": 6001215,"Plan Width": 17,"Actual Startup Time": 0.017,"Actual Total Time": 975.845,"Actual Rows": 6001215,"Actual Loops": 1},{"Node Type": "Hash","Parent Relationship": "Inner","Parallel Aware": false,"Async Capable": false,"Startup Cost": 6367.22,"Total Cost": 6367.22,"Plan Rows": 202,"Plan Width": 4,"Actual Startup Time": 31.015,"Actual Total Time": 31.628,"Actual Rows": 204,"Actual Loops": 1,"Hash Buckets": 1024,"Original Hash Buckets": 1024,"Hash Batches": 1,"Original Hash Batches": 1,"Peak Memory Usage": 16,"Plans": [{"Node Type": "Gather","Parent Relationship": "Outer","Parallel Aware": false,"Async Capable": false,"Startup Cost": 1000.00,"Total Cost": 6367.22,"Plan Rows": 202,"Plan Width": 4,"Actual Startup Time": 0.869,"Actual Total Time": 31.530,"Actual Rows": 204,"Actual Loops": 1,"Workers Planned": 2,"Workers Launched": 2,"Single Copy": false,"Plans": [{"Node Type": "Seq Scan","Parent Relationship": "Outer","Parallel Aware": true,"Async Capable": false,"Relation Name": "part","Alias": "part","Startup Cost": 0.00,"Total Cost": 5347.00,"Plan Rows": 84,"Plan Width": 4,"Actual Startup Time": 0.748,"Actual Total Time": 25.455,"Actual Rows": 68,"Actual Loops": 3,"Filter": "((p_brand = 'Brand#45'::bpchar) AND (p_container = 'LG BAG'::bpchar))","Rows Removed by Filter": 66599,"Workers": []}]}]},{"Node Type": "Aggregate","Strategy": "Plain","Partial Mode": "Simple","Parent Relationship": "SubPlan","Subplan Name": "SubPlan 1","Parallel Aware": false,"Async Capable": false,"Startup Cost": 127.60,"Total Cost": 127.61,"Plan Rows": 1,"Plan Width": 32,"Actual Startup Time": 0.118,"Actual Total Time": 0.118,"Actual Rows": 1,"Actual Loops": 6164,"Plans": [{"Node Type": "Bitmap Heap Scan","Parent Relationship": "Outer","Parallel Aware": false,"Async Capable": false,"Relation Name": "lineitem","Alias": "lineitem_1","Startup Cost": 4.67,"Total Cost": 127.52,"Plan Rows": 31,"Plan Width": 5,"Actual Startup Time": 0.013,"Actual Total Time": 0.111,"Actual Rows": 31,"Actual Loops": 6164,"Recheck Cond": "(l_partkey = part.p_partkey)","Rows Removed by Index Recheck": 0,"Exact Heap Blocks": 192188,"Lossy Heap Blocks": 0,"Plans": [{"Node Type": "Bitmap Index Scan","Parent Relationship": "Outer","Parallel Aware": false,"Async Capable": false,"Index Name": "idx_lineitem_part_supp","Startup Cost": 0.00,"Total Cost": 4.67,"Plan Rows": 31,"Plan Width": 0,"Actual Startup Time": 0.007,"Actual Total Time": 0.007,"Actual Rows": 31,"Actual Loops": 6164,"Index Cond": "(l_partkey = part.p_partkey)"}]}]}]}]},"Planning Time": 5.155,"Triggers": [],"Execution Time": 4826.598}]
[{"Plan": {"Node Type": "Aggregate","Strategy": "Plain","Partial Mode": "Simple","Parallel Aware": false,"Async Capable": false,"Startup Cost": 195919.40,"Total Cost": 195919.41,"Plan Rows": 1,"Plan Width": 32,"Actual Startup Time": 4803.766,"Actual Total Time": 4804.429,"Actual Rows": 1,"Actual Loops": 1,"Plans": [{"Node Type": "Hash Join","Parent Relationship": "Outer","Parallel Aware": false,"Async Capable": false,"Join Type": "Inner","Startup Cost": 6369.78,"Total Cost": 195914.33,"Plan Rows": 2025,"Plan Width": 8,"Actual Startup Time": 32.733,"Actual Total Time": 4804.222,"Actual Rows": 500,"Actual Loops": 1,"Inner Unique": true,"Hash Cond": "(lineitem.l_partkey = part.p_partkey)","Join Filter": "(lineitem.l_quantity < (SubPlan 1))","Rows Removed by Join Filter": 5257,"Plans": [{"Node Type": "Seq Scan","Parent Relationship": "Outer","Parallel Aware": false,"Async Capable": false,"Relation Name": "lineitem","Alias": "lineitem","Startup Cost": 0.00,"Total Cost": 172515.15,"Plan Rows": 6001215,"Plan Width": 17,"Actual Startup Time": 0.014,"Actual Total Time": 1012.644,"Actual Rows": 6001215,"Actual Loops": 1},{"Node Type": "Hash","Parent Relationship": "Inner","Parallel Aware": false,"Async Capable": false,"Startup Cost": 6367.25,"Total Cost": 6367.25,"Plan Rows": 202,"Plan Width": 4,"Actual Startup Time": 31.824,"Actual Total Time": 32.466,"Actual Rows": 197,"Actual Loops": 1,"Hash Buckets": 1024,"Original Hash Buckets": 1024,"Hash Batches": 1,"Original Hash Batches": 1,"Peak Memory Usage": 15,"Plans": [{"Node Type": "Gather","Parent Relationship": "Outer","Parallel Aware": false,"Async Capable": false,"Startup Cost": 1000.00,"Total Cost": 6367.25,"Plan Rows": 202,"Plan Width": 4,"Actual Startup Time": 0.697,"Actual Total Time": 32.415,"Actual Rows": 197,"Actual Loops": 1,"Workers Planned": 2,"Workers Launched": 2,"Single Copy": false,"Plans": [{"Node Type": "Seq Scan","Parent Relationship": "Outer","Parallel Aware": true,"Async Capable": false,"Relation Name": "part","Alias": "part","Startup Cost": 0.00,"Total Cost": 5347.00,"Plan Rows": 84,"Plan Width": 4,"Actual Startup Time": 1.040,"Actual Total Time": 25.806,"Actual Rows": 66,"Actual Loops": 3,"Filter": "((p_brand = 'Brand#15'::bpchar) AND (p_container = 'WRAP BOX'::bpchar))","Rows Removed by Filter": 66601,"Workers": []}]}]},{"Node Type": "Aggregate","Strategy": "Plain","Partial Mode": "Simple","Parent Relationship": "SubPlan","Subplan Name": "SubPlan 1","Parallel Aware": false,"Async Capable": false,"Startup Cost": 127.60,"Total Cost": 127.61,"Plan Rows": 1,"Plan Width": 32,"Actual Startup Time": 0.131,"Actual Total Time": 0.131,"Actual Rows": 1,"Actual Loops": 5757,"Plans": [{"Node Type": "Bitmap Heap Scan","Parent Relationship": "Outer","Parallel Aware": false,"Async Capable": false,"Relation Name": "lineitem","Alias": "lineitem_1","Startup Cost": 4.67,"Total Cost": 127.52,"Plan Rows": 31,"Plan Width": 5,"Actual Startup Time": 0.014,"Actual Total Time": 0.124,"Actual Rows": 30,"Actual Loops": 5757,"Recheck Cond": "(l_partkey = part.p_partkey)","Rows Removed by Index Recheck": 0,"Exact Heap Blocks": 174599,"Lossy Heap Blocks": 0,"Plans": [{"Node Type": "Bitmap Index Scan","Parent Relationship": "Outer","Parallel Aware": false,"Async Capable": false,"Index Name": "idx_lineitem_part_supp","Startup Cost": 0.00,"Total Cost": 4.67,"Plan Rows": 31,"Plan Width": 0,"Actual Startup Time": 0.008,"Actual Total Time": 0.008,"Actual Rows": 30,"Actual Loops": 5757,"Index Cond": "(l_partkey = part.p_partkey)"}]}]}]}]},"Planning Time": 4.748,"Triggers": [],"Execution Time": 4804.681}]
[{"Plan": {"Node Type": "Aggregate","Strategy": "Plain","Partial Mode": "Simple","Parallel Aware": false,"Async Capable": false,"Startup Cost": 195918.94,"Total Cost": 195918.95,"Plan Rows": 1,"Plan Width": 32,"Actual Startup Time": 4821.000,"Actual Total Time": 4821.610,"Actual Rows": 1,"Actual Loops": 1,"Plans": [{"Node Type": "Hash Join","Parent Relationship": "Outer","Parallel Aware": false,"Async Capable": false,"Join Type": "Inner","Startup Cost": 6369.40,"Total Cost": 195913.96,"Plan Rows": 1992,"Plan Width": 8,"Actual Startup Time": 37.997,"Actual Total Time": 4821.250,"Actual Rows": 530,"Actual Loops": 1,"Inner Unique": true,"Hash Cond": "(lineitem.l_partkey = part.p_partkey)","Join Filter": "(lineitem.l_quantity < (SubPlan 1))","Rows Removed by Join Filter": 5538,"Plans": [{"Node Type": "Seq Scan","Parent Relationship": "Outer","Parallel Aware": false,"Async Capable": false,"Relation Name": "lineitem","Alias": "lineitem","Startup Cost": 0.00,"Total Cost": 172515.15,"Plan Rows": 6001215,"Plan Width": 17,"Actual Startup Time": 0.016,"Actual Total Time": 980.035,"Actual Rows": 6001215,"Actual Loops": 1},{"Node Type": "Hash","Parent Relationship": "Inner","Parallel Aware": false,"Async Capable": false,"Startup Cost": 6366.92,"Total Cost": 6366.92,"Plan Rows": 199,"Plan Width": 4,"Actual Startup Time": 31.288,"Actual Total Time": 31.861,"Actual Rows": 199,"Actual Loops": 1,"Hash Buckets": 1024,"Original Hash Buckets": 1024,"Hash Batches": 1,"Original Hash Batches": 1,"Peak Memory Usage": 15,"Plans": [{"Node Type": "Gather","Parent Relationship": "Outer","Parallel Aware": false,"Async Capable": false,"Startup Cost": 1000.00,"Total Cost": 6366.92,"Plan Rows": 199,"Plan Width": 4,"Actual Startup Time": 1.292,"Actual Total Time": 31.802,"Actual Rows": 199,"Actual Loops": 1,"Workers Planned": 2,"Workers Launched": 2,"Single Copy": false,"Plans": [{"Node Type": "Seq Scan","Parent Relationship": "Outer","Parallel Aware": true,"Async Capable": false,"Relation Name": "part","Alias": "part","Startup Cost": 0.00,"Total Cost": 5347.00,"Plan Rows": 83,"Plan Width": 4,"Actual Startup Time": 0.497,"Actual Total Time": 25.951,"Actual Rows": 66,"Actual Loops": 3,"Filter": "((p_brand = 'Brand#52'::bpchar) AND (p_container = 'SM DRUM'::bpchar))","Rows Removed by Filter": 66600,"Workers": []}]}]},{"Node Type": "Aggregate","Strategy": "Plain","Partial Mode": "Simple","Parent Relationship": "SubPlan","Subplan Name": "SubPlan 1","Parallel Aware": false,"Async Capable": false,"Startup Cost": 127.60,"Total Cost": 127.61,"Plan Rows": 1,"Plan Width": 32,"Actual Startup Time": 0.122,"Actual Total Time": 0.122,"Actual Rows": 1,"Actual Loops": 6068,"Plans": [{"Node Type": "Bitmap Heap Scan","Parent Relationship": "Outer","Parallel Aware": false,"Async Capable": false,"Relation Name": "lineitem","Alias": "lineitem_1","Startup Cost": 4.67,"Total Cost": 127.52,"Plan Rows": 31,"Plan Width": 5,"Actual Startup Time": 0.013,"Actual Total Time": 0.114,"Actual Rows": 32,"Actual Loops": 6068,"Recheck Cond": "(l_partkey = part.p_partkey)","Rows Removed by Index Recheck": 0,"Exact Heap Blocks": 191324,"Lossy Heap Blocks": 0,"Plans": [{"Node Type": "Bitmap Index Scan","Parent Relationship": "Outer","Parallel Aware": false,"Async Capable": false,"Index Name": "idx_lineitem_part_supp","Startup Cost": 0.00,"Total Cost": 4.67,"Plan Rows": 31,"Plan Width": 0,"Actual Startup Time": 0.007,"Actual Total Time": 0.007,"Actual Rows": 32,"Actual Loops": 6068,"Index Cond": "(l_partkey = part.p_partkey)"}]}]}]}]},"Planning Time": 5.516,"Triggers": [],"Execution Time": 4821.941}]
[{"Plan": {"Node Type": "Aggregate","Strategy": "Plain","Partial Mode": "Simple","Parallel Aware": false,"Async Capable": false,"Startup Cost": 195919.05,"Total Cost": 195919.06,"Plan Rows": 1,"Plan Width": 32,"Actual Startup Time": 4893.660,"Actual Total Time": 4894.166,"Actual Rows": 1,"Actual Loops": 1,"Plans": [{"Node Type": "Hash Join","Parent Relationship": "Outer","Parallel Aware": false,"Async Capable": false,"Join Type": "Inner","Startup Cost": 6369.49,"Total Cost": 195914.05,"Plan Rows": 2000,"Plan Width": 8,"Actual Startup Time": 67.775,"Actual Total Time": 4893.946,"Actual Rows": 533,"Actual Loops": 1,"Inner Unique": true,"Hash Cond": "(lineitem.l_partkey = part.p_partkey)","Join Filter": "(lineitem.l_quantity < (SubPlan 1))","Rows Removed by Join Filter": 5452,"Plans": [{"Node Type": "Seq Scan","Parent Relationship": "Outer","Parallel Aware": false,"Async Capable": false,"Relation Name": "lineitem","Alias": "lineitem","Startup Cost": 0.00,"Total Cost": 172515.15,"Plan Rows": 6001215,"Plan Width": 17,"Actual Startup Time": 0.015,"Actual Total Time": 1031.210,"Actual Rows": 6001215,"Actual Loops": 1},{"Node Type": "Hash","Parent Relationship": "Inner","Parallel Aware": false,"Async Capable": false,"Startup Cost": 6366.99,"Total Cost": 6366.99,"Plan Rows": 200,"Plan Width": 4,"Actual Startup Time": 33.355,"Actual Total Time": 33.842,"Actual Rows": 205,"Actual Loops": 1,"Hash Buckets": 1024,"Original Hash Buckets": 1024,"Hash Batches": 1,"Original Hash Batches": 1,"Peak Memory Usage": 16,"Plans": [{"Node Type": "Gather","Parent Relationship": "Outer","Parallel Aware": false,"Async Capable": false,"Startup Cost": 1000.00,"Total Cost": 6366.99,"Plan Rows": 200,"Plan Width": 4,"Actual Startup Time": 0.569,"Actual Total Time": 33.795,"Actual Rows": 205,"Actual Loops": 1,"Workers Planned": 2,"Workers Launched": 2,"Single Copy": false,"Plans": [{"Node Type": "Seq Scan","Parent Relationship": "Outer","Parallel Aware": true,"Async Capable": false,"Relation Name": "part","Alias": "part","Startup Cost": 0.00,"Total Cost": 5347.00,"Plan Rows": 83,"Plan Width": 4,"Actual Startup Time": 0.878,"Actual Total Time": 27.428,"Actual Rows": 68,"Actual Loops": 3,"Filter": "((p_brand = 'Brand#52'::bpchar) AND (p_container = 'MED CASE'::bpchar))","Rows Removed by Filter": 66598,"Workers": []}]}]},{"Node Type": "Aggregate","Strategy": "Plain","Partial Mode": "Simple","Parent Relationship": "SubPlan","Subplan Name": "SubPlan 1","Parallel Aware": false,"Async Capable": false,"Startup Cost": 127.60,"Total Cost": 127.61,"Plan Rows": 1,"Plan Width": 32,"Actual Startup Time": 0.132,"Actual Total Time": 0.132,"Actual Rows": 1,"Actual Loops": 5985,"Plans": [{"Node Type": "Bitmap Heap Scan","Parent Relationship": "Outer","Parallel Aware": false,"Async Capable": false,"Relation Name": "lineitem","Alias": "lineitem_1","Startup Cost": 4.67,"Total Cost": 127.52,"Plan Rows": 31,"Plan Width": 5,"Actual Startup Time": 0.014,"Actual Total Time": 0.125,"Actual Rows": 30,"Actual Loops": 5985,"Recheck Cond": "(l_partkey = part.p_partkey)","Rows Removed by Index Recheck": 0,"Exact Heap Blocks": 182043,"Lossy Heap Blocks": 0,"Plans": [{"Node Type": "Bitmap Index Scan","Parent Relationship": "Outer","Parallel Aware": false,"Async Capable": false,"Index Name": "idx_lineitem_part_supp","Startup Cost": 0.00,"Total Cost": 4.67,"Plan Rows": 31,"Plan Width": 0,"Actual Startup Time": 0.008,"Actual Total Time": 0.008,"Actual Rows": 30,"Actual Loops": 5985,"Index Cond": "(l_partkey = part.p_partkey)"}]}]}]}]},"Planning Time": 5.206,"Triggers": [],"Execution Time": 4894.426}]
[{"Plan": {"Node Type": "Aggregate","Strategy": "Plain","Partial Mode": "Simple","Parallel Aware": false,"Async Capable": false,"Startup Cost": 195916.60,"Total Cost": 195916.61,"Plan Rows": 1,"Plan Width": 32,"Actual Startup Time": 4729.167,"Actual Total Time": 4729.662,"Actual Rows": 1,"Actual Loops": 1,"Plans": [{"Node Type": "Hash Join","Parent Relationship": "Outer","Parallel Aware": false,"Async Capable": false,"Join Type": "Inner","Startup Cost": 6367.49,"Total Cost": 195912.04,"Plan Rows": 1822,"Plan Width": 8,"Actual Startup Time": 33.720,"Actual Total Time": 4729.436,"Actual Rows": 469,"Actual Loops": 1,"Inner Unique": true,"Hash Cond": "(lineitem.l_partkey = part.p_partkey)","Join Filter": "(lineitem.l_quantity < (SubPlan 1))","Rows Removed by Join Filter": 4838,"Plans": [{"Node Type": "Seq Scan","Parent Relationship": "Outer","Parallel Aware": false,"Async Capable": false,"Relation Name": "lineitem","Alias": "lineitem","Startup Cost": 0.00,"Total Cost": 172515.15,"Plan Rows": 6001215,"Plan Width": 17,"Actual Startup Time": 0.024,"Actual Total Time": 953.781,"Actual Rows": 6001215,"Actual Loops": 1},{"Node Type": "Hash","Parent Relationship": "Inner","Parallel Aware": false,"Async Capable": false,"Startup Cost": 6365.21,"Total Cost": 6365.21,"Plan Rows": 182,"Plan Width": 4,"Actual Startup Time": 30.816,"Actual Total Time": 31.300,"Actual Rows": 178,"Actual Loops": 1,"Hash Buckets": 1024,"Original Hash Buckets": 1024,"Hash Batches": 1,"Original Hash Batches": 1,"Peak Memory Usage": 15,"Plans": [{"Node Type": "Gather","Parent Relationship": "Outer","Parallel Aware": false,"Async Capable": false,"Startup Cost": 1000.00,"Total Cost": 6365.21,"Plan Rows": 182,"Plan Width": 4,"Actual Startup Time": 0.866,"Actual Total Time": 31.251,"Actual Rows": 178,"Actual Loops": 1,"Workers Planned": 2,"Workers Launched": 2,"Single Copy": false,"Plans": [{"Node Type": "Seq Scan","Parent Relationship": "Outer","Parallel Aware": true,"Async Capable": false,"Relation Name": "part","Alias": "part","Startup Cost": 0.00,"Total Cost": 5347.00,"Plan Rows": 76,"Plan Width": 4,"Actual Startup Time": 0.444,"Actual Total Time": 24.912,"Actual Rows": 59,"Actual Loops": 3,"Filter": "((p_brand = 'Brand#51'::bpchar) AND (p_container = 'LG DRUM'::bpchar))","Rows Removed by Filter": 66607,"Workers": []}]}]},{"Node Type": "Aggregate","Strategy": "Plain","Partial Mode": "Simple","Parent Relationship": "SubPlan","Subplan Name": "SubPlan 1","Parallel Aware": false,"Async Capable": false,"Startup Cost": 127.60,"Total Cost": 127.61,"Plan Rows": 1,"Plan Width": 32,"Actual Startup Time": 0.117,"Actual Total Time": 0.117,"Actual Rows": 1,"Actual Loops": 5307,"Plans": [{"Node Type": "Bitmap Heap Scan","Parent Relationship": "Outer","Parallel Aware": false,"Async Capable": false,"Relation Name": "lineitem","Alias": "lineitem_1","Startup Cost": 4.67,"Total Cost": 127.52,"Plan Rows": 31,"Plan Width": 5,"Actual Startup Time": 0.013,"Actual Total Time": 0.110,"Actual Rows": 31,"Actual Loops": 5307,"Recheck Cond": "(l_partkey = part.p_partkey)","Rows Removed by Index Recheck": 0,"Exact Heap Blocks": 163399,"Lossy Heap Blocks": 0,"Plans": [{"Node Type": "Bitmap Index Scan","Parent Relationship": "Outer","Parallel Aware": false,"Async Capable": false,"Index Name": "idx_lineitem_part_supp","Startup Cost": 0.00,"Total Cost": 4.67,"Plan Rows": 31,"Plan Width": 0,"Actual Startup Time": 0.007,"Actual Total Time": 0.007,"Actual Rows": 31,"Actual Loops": 5307,"Index Cond": "(l_partkey = part.p_partkey)"}]}]}]}]},"Planning Time": 4.692,"Triggers": [],"Execution Time": 4729.955}]
[{"Plan": {"Node Type": "Aggregate","Strategy": "Plain","Partial Mode": "Simple","Parallel Aware": false,"Async Capable": false,"Startup Cost": 195921.22,"Total Cost": 195921.23,"Plan Rows": 1,"Plan Width": 32,"Actual Startup Time": 4836.929,"Actual Total Time": 4837.612,"Actual Rows": 1,"Actual Loops": 1,"Plans": [{"Node Type": "Hash Join","Parent Relationship": "Outer","Parallel Aware": false,"Async Capable": false,"Join Type": "Inner","Startup Cost": 6371.27,"Total Cost": 195915.82,"Plan Rows": 2158,"Plan Width": 8,"Actual Startup Time": 40.251,"Actual Total Time": 4837.146,"Actual Rows": 573,"Actual Loops": 1,"Inner Unique": true,"Hash Cond": "(lineitem.l_partkey = part.p_partkey)","Join Filter": "(lineitem.l_quantity < (SubPlan 1))","Rows Removed by Join Filter": 5622,"Plans": [{"Node Type": "Seq Scan","Parent Relationship": "Outer","Parallel Aware": false,"Async Capable": false,"Relation Name": "lineitem","Alias": "lineitem","Startup Cost": 0.00,"Total Cost": 172515.15,"Plan Rows": 6001215,"Plan Width": 17,"Actual Startup Time": 0.023,"Actual Total Time": 937.710,"Actual Rows": 6001215,"Actual Loops": 1},{"Node Type": "Hash","Parent Relationship": "Inner","Parallel Aware": false,"Async Capable": false,"Startup Cost": 6368.57,"Total Cost": 6368.57,"Plan Rows": 216,"Plan Width": 4,"Actual Startup Time": 32.631,"Actual Total Time": 33.283,"Actual Rows": 210,"Actual Loops": 1,"Hash Buckets": 1024,"Original Hash Buckets": 1024,"Hash Batches": 1,"Original Hash Batches": 1,"Peak Memory Usage": 16,"Plans": [{"Node Type": "Gather","Parent Relationship": "Outer","Parallel Aware": false,"Async Capable": false,"Startup Cost": 1000.00,"Total Cost": 6368.57,"Plan Rows": 216,"Plan Width": 4,"Actual Startup Time": 0.902,"Actual Total Time": 33.208,"Actual Rows": 210,"Actual Loops": 1,"Workers Planned": 2,"Workers Launched": 2,"Single Copy": false,"Plans": [{"Node Type": "Seq Scan","Parent Relationship": "Outer","Parallel Aware": true,"Async Capable": false,"Relation Name": "part","Alias": "part","Startup Cost": 0.00,"Total Cost": 5347.00,"Plan Rows": 90,"Plan Width": 4,"Actual Startup Time": 0.180,"Actual Total Time": 26.806,"Actual Rows": 70,"Actual Loops": 3,"Filter": "((p_brand = 'Brand#45'::bpchar) AND (p_container = 'MED CAN'::bpchar))","Rows Removed by Filter": 66597,"Workers": []}]}]},{"Node Type": "Aggregate","Strategy": "Plain","Partial Mode": "Simple","Parent Relationship": "SubPlan","Subplan Name": "SubPlan 1","Parallel Aware": false,"Async Capable": false,"Startup Cost": 127.60,"Total Cost": 127.61,"Plan Rows": 1,"Plan Width": 32,"Actual Startup Time": 0.118,"Actual Total Time": 0.118,"Actual Rows": 1,"Actual Loops": 6195,"Plans": [{"Node Type": "Bitmap Heap Scan","Parent Relationship": "Outer","Parallel Aware": false,"Async Capable": false,"Relation Name": "lineitem","Alias": "lineitem_1","Startup Cost": 4.67,"Total Cost": 127.52,"Plan Rows": 31,"Plan Width": 5,"Actual Startup Time": 0.013,"Actual Total Time": 0.111,"Actual Rows": 30,"Actual Loops": 6195,"Recheck Cond": "(l_partkey = part.p_partkey)","Rows Removed by Index Recheck": 0,"Exact Heap Blocks": 188226,"Lossy Heap Blocks": 0,"Plans": [{"Node Type": "Bitmap Index Scan","Parent Relationship": "Outer","Parallel Aware": false,"Async Capable": false,"Index Name": "idx_lineitem_part_supp","Startup Cost": 0.00,"Total Cost": 4.67,"Plan Rows": 31,"Plan Width": 0,"Actual Startup Time": 0.007,"Actual Total Time": 0.007,"Actual Rows": 30,"Actual Loops": 6195,"Index Cond": "(l_partkey = part.p_partkey)"}]}]}]}]},"Planning Time": 5.320,"Triggers": [],"Execution Time": 4838.036}]
[{"Plan": {"Node Type": "Aggregate","Strategy": "Plain","Partial Mode": "Simple","Parallel Aware": false,"Async Capable": false,"Startup Cost": 195918.84,"Total Cost": 195918.85,"Plan Rows": 1,"Plan Width": 32,"Actual Startup Time": 4909.250,"Actual Total Time": 4910.006,"Actual Rows": 1,"Actual Loops": 1,"Plans": [{"Node Type": "Hash Join","Parent Relationship": "Outer","Parallel Aware": false,"Async Capable": false,"Join Type": "Inner","Startup Cost": 6369.32,"Total Cost": 195913.87,"Plan Rows": 1984,"Plan Width": 8,"Actual Startup Time": 34.482,"Actual Total Time": 4909.602,"Actual Rows": 543,"Actual Loops": 1,"Inner Unique": true,"Hash Cond": "(lineitem.l_partkey = part.p_partkey)","Join Filter": "(lineitem.l_quantity < (SubPlan 1))","Rows Removed by Join Filter": 5721,"Plans": [{"Node Type": "Seq Scan","Parent Relationship": "Outer","Parallel Aware": false,"Async Capable": false,"Relation Name": "lineitem","Alias": "lineitem","Startup Cost": 0.00,"Total Cost": 172515.15,"Plan Rows": 6001215,"Plan Width": 17,"Actual Startup Time": 0.020,"Actual Total Time": 978.571,"Actual Rows": 6001215,"Actual Loops": 1},{"Node Type": "Hash","Parent Relationship": "Inner","Parallel Aware": false,"Async Capable": false,"Startup Cost": 6366.84,"Total Cost": 6366.84,"Plan Rows": 198,"Plan Width": 4,"Actual Startup Time": 32.576,"Actual Total Time": 33.259,"Actual Rows": 210,"Actual Loops": 1,"Hash Buckets": 1024,"Original Hash Buckets": 1024,"Hash Batches": 1,"Original Hash Batches": 1,"Peak Memory Usage": 16,"Plans": [{"Node Type": "Gather","Parent Relationship": "Outer","Parallel Aware": false,"Async Capable": false,"Startup Cost": 1000.00,"Total Cost": 6366.84,"Plan Rows": 198,"Plan Width": 4,"Actual Startup Time": 3.118,"Actual Total Time": 33.139,"Actual Rows": 210,"Actual Loops": 1,"Workers Planned": 2,"Workers Launched": 2,"Single Copy": false,"Plans": [{"Node Type": "Seq Scan","Parent Relationship": "Outer","Parallel Aware": true,"Async Capable": false,"Relation Name": "part","Alias": "part","Startup Cost": 0.00,"Total Cost": 5347.00,"Plan Rows": 83,"Plan Width": 4,"Actual Startup Time": 1.101,"Actual Total Time": 27.028,"Actual Rows": 70,"Actual Loops": 3,"Filter": "((p_brand = 'Brand#13'::bpchar) AND (p_container = 'SM PACK'::bpchar))","Rows Removed by Filter": 66597,"Workers": []}]}]},{"Node Type": "Aggregate","Strategy": "Plain","Partial Mode": "Simple","Parent Relationship": "SubPlan","Subplan Name": "SubPlan 1","Parallel Aware": false,"Async Capable": false,"Startup Cost": 127.60,"Total Cost": 127.61,"Plan Rows": 1,"Plan Width": 32,"Actual Startup Time": 0.119,"Actual Total Time": 0.120,"Actual Rows": 1,"Actual Loops": 6264,"Plans": [{"Node Type": "Bitmap Heap Scan","Parent Relationship": "Outer","Parallel Aware": false,"Async Capable": false,"Relation Name": "lineitem","Alias": "lineitem_1","Startup Cost": 4.67,"Total Cost": 127.52,"Plan Rows": 31,"Plan Width": 5,"Actual Startup Time": 0.013,"Actual Total Time": 0.112,"Actual Rows": 31,"Actual Loops": 6264,"Recheck Cond": "(l_partkey = part.p_partkey)","Rows Removed by Index Recheck": 0,"Exact Heap Blocks": 194044,"Lossy Heap Blocks": 0,"Plans": [{"Node Type": "Bitmap Index Scan","Parent Relationship": "Outer","Parallel Aware": false,"Async Capable": false,"Index Name": "idx_lineitem_part_supp","Startup Cost": 0.00,"Total Cost": 4.67,"Plan Rows": 31,"Plan Width": 0,"Actual Startup Time": 0.007,"Actual Total Time": 0.007,"Actual Rows": 31,"Actual Loops": 6264,"Index Cond": "(l_partkey = part.p_partkey)"}]}]}]}]},"Planning Time": 5.693,"Triggers": [],"Execution Time": 4910.411}]
[{"Plan": {"Node Type": "Aggregate","Strategy": "Plain","Partial Mode": "Simple","Parallel Aware": false,"Async Capable": false,"Startup Cost": 195919.25,"Total Cost": 195919.26,"Plan Rows": 1,"Plan Width": 32,"Actual Startup Time": 4863.303,"Actual Total Time": 4863.919,"Actual Rows": 1,"Actual Loops": 1,"Plans": [{"Node Type": "Hash Join","Parent Relationship": "Outer","Parallel Aware": false,"Async Capable": false,"Join Type": "Inner","Startup Cost": 6369.66,"Total Cost": 195914.21,"Plan Rows": 2015,"Plan Width": 8,"Actual Startup Time": 33.953,"Actual Total Time": 4863.488,"Actual Rows": 543,"Actual Loops": 1,"Inner Unique": true,"Hash Cond": "(lineitem.l_partkey = part.p_partkey)","Join Filter": "(lineitem.l_quantity < (SubPlan 1))","Rows Removed by Join Filter": 5511,"Plans": [{"Node Type": "Seq Scan","Parent Relationship": "Outer","Parallel Aware": false,"Async Capable": false,"Relation Name": "lineitem","Alias": "lineitem","Startup Cost": 0.00,"Total Cost": 172515.15,"Plan Rows": 6001215,"Plan Width": 17,"Actual Startup Time": 0.013,"Actual Total Time": 975.968,"Actual Rows": 6001215,"Actual Loops": 1},{"Node Type": "Hash","Parent Relationship": "Inner","Parallel Aware": false,"Async Capable": false,"Startup Cost": 6367.14,"Total Cost": 6367.14,"Plan Rows": 201,"Plan Width": 4,"Actual Startup Time": 33.423,"Actual Total Time": 34.002,"Actual Rows": 201,"Actual Loops": 1,"Hash Buckets": 1024,"Original Hash Buckets": 1024,"Hash Batches": 1,"Original Hash Batches": 1,"Peak Memory Usage": 16,"Plans": [{"Node Type": "Gather","Parent Relationship": "Outer","Parallel Aware": false,"Async Capable": false,"Startup Cost": 1000.00,"Total Cost": 6367.14,"Plan Rows": 201,"Plan Width": 4,"Actual Startup Time": 3.065,"Actual Total Time": 33.920,"Actual Rows": 201,"Actual Loops": 1,"Workers Planned": 2,"Workers Launched": 2,"Single Copy": false,"Plans": [{"Node Type": "Seq Scan","Parent Relationship": "Outer","Parallel Aware": true,"Async Capable": false,"Relation Name": "part","Alias": "part","Startup Cost": 0.00,"Total Cost": 5347.00,"Plan Rows": 84,"Plan Width": 4,"Actual Startup Time": 1.453,"Actual Total Time": 28.055,"Actual Rows": 67,"Actual Loops": 3,"Filter": "((p_brand = 'Brand#42'::bpchar) AND (p_container = 'LG PKG'::bpchar))","Rows Removed by Filter": 66600,"Workers": []}]}]},{"Node Type": "Aggregate","Strategy": "Plain","Partial Mode": "Simple","Parent Relationship": "SubPlan","Subplan Name": "SubPlan 1","Parallel Aware": false,"Async Capable": false,"Startup Cost": 127.60,"Total Cost": 127.61,"Plan Rows": 1,"Plan Width": 32,"Actual Startup Time": 0.121,"Actual Total Time": 0.121,"Actual Rows": 1,"Actual Loops": 6054,"Plans": [{"Node Type": "Bitmap Heap Scan","Parent Relationship": "Outer","Parallel Aware": false,"Async Capable": false,"Relation Name": "lineitem","Alias": "lineitem_1","Startup Cost": 4.67,"Total Cost": 127.52,"Plan Rows": 31,"Plan Width": 5,"Actual Startup Time": 0.013,"Actual Total Time": 0.114,"Actual Rows": 31,"Actual Loops": 6054,"Recheck Cond": "(l_partkey = part.p_partkey)","Rows Removed by Index Recheck": 0,"Exact Heap Blocks": 187633,"Lossy Heap Blocks": 0,"Plans": [{"Node Type": "Bitmap Index Scan","Parent Relationship": "Outer","Parallel Aware": false,"Async Capable": false,"Index Name": "idx_lineitem_part_supp","Startup Cost": 0.00,"Total Cost": 4.67,"Plan Rows": 31,"Plan Width": 0,"Actual Startup Time": 0.007,"Actual Total Time": 0.007,"Actual Rows": 31,"Actual Loops": 6054,"Index Cond": "(l_partkey = part.p_partkey)"}]}]}]}]},"Planning Time": 5.513,"Triggers": [],"Execution Time": 4864.263}]
[{"Plan": {"Node Type": "Aggregate","Strategy": "Plain","Partial Mode": "Simple","Parallel Aware": false,"Async Capable": false,"Startup Cost": 195918.48,"Total Cost": 195918.49,"Plan Rows": 1,"Plan Width": 32,"Actual Startup Time": 5014.651,"Actual Total Time": 5015.030,"Actual Rows": 1,"Actual Loops": 1,"Plans": [{"Node Type": "Hash Join","Parent Relationship": "Outer","Parallel Aware": false,"Async Capable": false,"Join Type": "Inner","Startup Cost": 6369.03,"Total Cost": 195913.58,"Plan Rows": 1958,"Plan Width": 8,"Actual Startup Time": 37.517,"Actual Total Time": 5014.851,"Actual Rows": 568,"Actual Loops": 1,"Inner Unique": true,"Hash Cond": "(lineitem.l_partkey = part.p_partkey)","Join Filter": "(lineitem.l_quantity < (SubPlan 1))","Rows Removed by Join Filter": 6078,"Plans": [{"Node Type": "Seq Scan","Parent Relationship": "Outer","Parallel Aware": false,"Async Capable": false,"Relation Name": "lineitem","Alias": "lineitem","Startup Cost": 0.00,"Total Cost": 172515.15,"Plan Rows": 6001215,"Plan Width": 17,"Actual Startup Time": 0.026,"Actual Total Time": 941.455,"Actual Rows": 6001215,"Actual Loops": 1},{"Node Type": "Hash","Parent Relationship": "Inner","Parallel Aware": false,"Async Capable": false,"Startup Cost": 6366.58,"Total Cost": 6366.58,"Plan Rows": 196,"Plan Width": 4,"Actual Startup Time": 30.780,"Actual Total Time": 31.150,"Actual Rows": 218,"Actual Loops": 1,"Hash Buckets": 1024,"Original Hash Buckets": 1024,"Hash Batches": 1,"Original Hash Batches": 1,"Peak Memory Usage": 16,"Plans": [{"Node Type": "Gather","Parent Relationship": "Outer","Parallel Aware": false,"Async Capable": false,"Startup Cost": 1000.00,"Total Cost": 6366.58,"Plan Rows": 196,"Plan Width": 4,"Actual Startup Time": 1.916,"Actual Total Time": 31.063,"Actual Rows": 218,"Actual Loops": 1,"Workers Planned": 2,"Workers Launched": 2,"Single Copy": false,"Plans": [{"Node Type": "Seq Scan","Parent Relationship": "Outer","Parallel Aware": true,"Async Capable": false,"Relation Name": "part","Alias": "part","Startup Cost": 0.00,"Total Cost": 5347.00,"Plan Rows": 82,"Plan Width": 4,"Actual Startup Time": 1.082,"Actual Total Time": 24.831,"Actual Rows": 73,"Actual Loops": 3,"Filter": "((p_brand = 'Brand#41'::bpchar) AND (p_container = 'SM PKG'::bpchar))","Rows Removed by Filter": 66594,"Workers": []}]}]},{"Node Type": "Aggregate","Strategy": "Plain","Partial Mode": "Simple","Parent Relationship": "SubPlan","Subplan Name": "SubPlan 1","Parallel Aware": false,"Async Capable": false,"Startup Cost": 127.60,"Total Cost": 127.61,"Plan Rows": 1,"Plan Width": 32,"Actual Startup Time": 0.119,"Actual Total Time": 0.119,"Actual Rows": 1,"Actual Loops": 6646,"Plans": [{"Node Type": "Bitmap Heap Scan","Parent Relationship": "Outer","Parallel Aware": false,"Async Capable": false,"Relation Name": "lineitem","Alias": "lineitem_1","Startup Cost": 4.67,"Total Cost": 127.52,"Plan Rows": 31,"Plan Width": 5,"Actual Startup Time": 0.013,"Actual Total Time": 0.112,"Actual Rows": 31,"Actual Loops": 6646,"Recheck Cond": "(l_partkey = part.p_partkey)","Rows Removed by Index Recheck": 0,"Exact Heap Blocks": 208369,"Lossy Heap Blocks": 0,"Plans": [{"Node Type": "Bitmap Index Scan","Parent Relationship": "Outer","Parallel Aware": false,"Async Capable": false,"Index Name": "idx_lineitem_part_supp","Startup Cost": 0.00,"Total Cost": 4.67,"Plan Rows": 31,"Plan Width": 0,"Actual Startup Time": 0.007,"Actual Total Time": 0.007,"Actual Rows": 31,"Actual Loops": 6646,"Index Cond": "(l_partkey = part.p_partkey)"}]}]}]}]},"Planning Time": 5.995,"Triggers": [],"Execution Time": 5015.395}]
[{"Plan": {"Node Type": "Aggregate","Strategy": "Plain","Partial Mode": "Simple","Parallel Aware": false,"Async Capable": false,"Startup Cost": 195918.42,"Total Cost": 195918.43,"Plan Rows": 1,"Plan Width": 32,"Actual Startup Time": 4940.393,"Actual Total Time": 4941.107,"Actual Rows": 1,"Actual Loops": 1,"Plans": [{"Node Type": "Hash Join","Parent Relationship": "Outer","Parallel Aware": false,"Async Capable": false,"Join Type": "Inner","Startup Cost": 6368.98,"Total Cost": 195913.53,"Plan Rows": 1954,"Plan Width": 8,"Actual Startup Time": 60.651,"Actual Total Time": 4940.618,"Actual Rows": 514,"Actual Loops": 1,"Inner Unique": true,"Hash Cond": "(lineitem.l_partkey = part.p_partkey)","Join Filter": "(lineitem.l_quantity < (SubPlan 1))","Rows Removed by Join Filter": 5351,"Plans": [{"Node Type": "Seq Scan","Parent Relationship": "Outer","Parallel Aware": false,"Async Capable": false,"Relation Name": "lineitem","Alias": "lineitem","Startup Cost": 0.00,"Total Cost": 172515.15,"Plan Rows": 6001215,"Plan Width": 17,"Actual Startup Time": 0.021,"Actual Total Time": 1008.806,"Actual Rows": 6001215,"Actual Loops": 1},{"Node Type": "Hash","Parent Relationship": "Inner","Parallel Aware": false,"Async Capable": false,"Startup Cost": 6366.54,"Total Cost": 6366.54,"Plan Rows": 195,"Plan Width": 4,"Actual Startup Time": 30.530,"Actual Total Time": 31.201,"Actual Rows": 195,"Actual Loops": 1,"Hash Buckets": 1024,"Original Hash Buckets": 1024,"Hash Batches": 1,"Original Hash Batches": 1,"Peak Memory Usage": 15,"Plans": [{"Node Type": "Gather","Parent Relationship": "Outer","Parallel Aware": false,"Async Capable": false,"Startup Cost": 1000.00,"Total Cost": 6366.54,"Plan Rows": 195,"Plan Width": 4,"Actual Startup Time": 1.328,"Actual Total Time": 31.123,"Actual Rows": 195,"Actual Loops": 1,"Workers Planned": 2,"Workers Launched": 2,"Single Copy": false,"Plans": [{"Node Type": "Seq Scan","Parent Relationship": "Outer","Parallel Aware": true,"Async Capable": false,"Relation Name": "part","Alias": "part","Startup Cost": 0.00,"Total Cost": 5347.00,"Plan Rows": 81,"Plan Width": 4,"Actual Startup Time": 1.119,"Actual Total Time": 24.520,"Actual Rows": 65,"Actual Loops": 3,"Filter": "((p_brand = 'Brand#54'::bpchar) AND (p_container = 'WRAP BAG'::bpchar))","Rows Removed by Filter": 66602,"Workers": []}]}]},{"Node Type": "Aggregate","Strategy": "Plain","Partial Mode": "Simple","Parent Relationship": "SubPlan","Subplan Name": "SubPlan 1","Parallel Aware": false,"Async Capable": false,"Startup Cost": 127.60,"Total Cost": 127.61,"Plan Rows": 1,"Plan Width": 32,"Actual Startup Time": 0.139,"Actual Total Time": 0.139,"Actual Rows": 1,"Actual Loops": 5865,"Plans": [{"Node Type": "Bitmap Heap Scan","Parent Relationship": "Outer","Parallel Aware": false,"Async Capable": false,"Relation Name": "lineitem","Alias": "lineitem_1","Startup Cost": 4.67,"Total Cost": 127.52,"Plan Rows": 31,"Plan Width": 5,"Actual Startup Time": 0.014,"Actual Total Time": 0.132,"Actual Rows": 31,"Actual Loops": 5865,"Recheck Cond": "(l_partkey = part.p_partkey)","Rows Removed by Index Recheck": 0,"Exact Heap Blocks": 181281,"Lossy Heap Blocks": 0,"Plans": [{"Node Type": "Bitmap Index Scan","Parent Relationship": "Outer","Parallel Aware": false,"Async Capable": false,"Index Name": "idx_lineitem_part_supp","Startup Cost": 0.00,"Total Cost": 4.67,"Plan Rows": 31,"Plan Width": 0,"Actual Startup Time": 0.008,"Actual Total Time": 0.008,"Actual Rows": 31,"Actual Loops": 5865,"Index Cond": "(l_partkey = part.p_partkey)"}]}]}]}]},"Planning Time": 5.186,"Triggers": [],"Execution Time": 4941.527}]
[{"Plan": {"Node Type": "Aggregate","Strategy": "Plain","Partial Mode": "Simple","Parallel Aware": false,"Async Capable": false,"Startup Cost": 195920.34,"Total Cost": 195920.35,"Plan Rows": 1,"Plan Width": 32,"Actual Startup Time": 4753.085,"Actual Total Time": 4753.863,"Actual Rows": 1,"Actual Loops": 1,"Plans": [{"Node Type": "Hash Join","Parent Relationship": "Outer","Parallel Aware": false,"Async Capable": false,"Join Type": "Inner","Startup Cost": 6370.55,"Total Cost": 195915.10,"Plan Rows": 2094,"Plan Width": 8,"Actual Startup Time": 32.434,"Actual Total Time": 4753.638,"Actual Rows": 471,"Actual Loops": 1,"Inner Unique": true,"Hash Cond": "(lineitem.l_partkey = part.p_partkey)","Join Filter": "(lineitem.l_quantity < (SubPlan 1))","Rows Removed by Join Filter": 4753,"Plans": [{"Node Type": "Seq Scan","Parent Relationship": "Outer","Parallel Aware": false,"Async Capable": false,"Relation Name": "lineitem","Alias": "lineitem","Startup Cost": 0.00,"Total Cost": 172515.15,"Plan Rows": 6001215,"Plan Width": 17,"Actual Startup Time": 0.013,"Actual Total Time": 1027.871,"Actual Rows": 6001215,"Actual Loops": 1},{"Node Type": "Hash","Parent Relationship": "Inner","Parallel Aware": false,"Async Capable": false,"Startup Cost": 6367.93,"Total Cost": 6367.93,"Plan Rows": 209,"Plan Width": 4,"Actual Startup Time": 30.790,"Actual Total Time": 31.550,"Actual Rows": 174,"Actual Loops": 1,"Hash Buckets": 1024,"Original Hash Buckets": 1024,"Hash Batches": 1,"Original Hash Batches": 1,"Peak Memory Usage": 15,"Plans": [{"Node Type": "Gather","Parent Relationship": "Outer","Parallel Aware": false,"Async Capable": false,"Startup Cost": 1000.00,"Total Cost": 6367.93,"Plan Rows": 209,"Plan Width": 4,"Actual Startup Time": 0.695,"Actual Total Time": 31.473,"Actual Rows": 174,"Actual Loops": 1,"Workers Planned": 2,"Workers Launched": 2,"Single Copy": false,"Plans": [{"Node Type": "Seq Scan","Parent Relationship": "Outer","Parallel Aware": true,"Async Capable": false,"Relation Name": "part","Alias": "part","Startup Cost": 0.00,"Total Cost": 5347.00,"Plan Rows": 87,"Plan Width": 4,"Actual Startup Time": 0.388,"Actual Total Time": 25.237,"Actual Rows": 58,"Actual Loops": 3,"Filter": "((p_brand = 'Brand#53'::bpchar) AND (p_container = 'LG BOX'::bpchar))","Rows Removed by Filter": 66609,"Workers": []}]}]},{"Node Type": "Aggregate","Strategy": "Plain","Partial Mode": "Simple","Parent Relationship": "SubPlan","Subplan Name": "SubPlan 1","Parallel Aware": false,"Async Capable": false,"Startup Cost": 127.60,"Total Cost": 127.61,"Plan Rows": 1,"Plan Width": 32,"Actual Startup Time": 0.133,"Actual Total Time": 0.133,"Actual Rows": 1,"Actual Loops": 5224,"Plans": [{"Node Type": "Bitmap Heap Scan","Parent Relationship": "Outer","Parallel Aware": false,"Async Capable": false,"Relation Name": "lineitem","Alias": "lineitem_1","Startup Cost": 4.67,"Total Cost": 127.52,"Plan Rows": 31,"Plan Width": 5,"Actual Startup Time": 0.014,"Actual Total Time": 0.125,"Actual Rows": 31,"Actual Loops": 5224,"Recheck Cond": "(l_partkey = part.p_partkey)","Rows Removed by Index Recheck": 0,"Exact Heap Blocks": 161959,"Lossy Heap Blocks": 0,"Plans": [{"Node Type": "Bitmap Index Scan","Parent Relationship": "Outer","Parallel Aware": false,"Async Capable": false,"Index Name": "idx_lineitem_part_supp","Startup Cost": 0.00,"Total Cost": 4.67,"Plan Rows": 31,"Plan Width": 0,"Actual Startup Time": 0.008,"Actual Total Time": 0.008,"Actual Rows": 31,"Actual Loops": 5224,"Index Cond": "(l_partkey = part.p_partkey)"}]}]}]}]},"Planning Time": 4.294,"Triggers": [],"Execution Time": 4754.142}]
[{"Plan": {"Node Type": "Aggregate","Strategy": "Plain","Partial Mode": "Simple","Parallel Aware": false,"Async Capable": false,"Startup Cost": 195920.41,"Total Cost": 195920.43,"Plan Rows": 1,"Plan Width": 32,"Actual Startup Time": 4875.679,"Actual Total Time": 4876.175,"Actual Rows": 1,"Actual Loops": 1,"Plans": [{"Node Type": "Hash Join","Parent Relationship": "Outer","Parallel Aware": false,"Async Capable": false,"Join Type": "Inner","Startup Cost": 6370.61,"Total Cost": 195915.16,"Plan Rows": 2099,"Plan Width": 8,"Actual Startup Time": 64.044,"Actual Total Time": 4875.940,"Actual Rows": 522,"Actual Loops": 1,"Inner Unique": true,"Hash Cond": "(lineitem.l_partkey = part.p_partkey)","Join Filter": "(lineitem.l_quantity < (SubPlan 1))","Rows Removed by Join Filter": 5545,"Plans": [{"Node Type": "Seq Scan","Parent Relationship": "Outer","Parallel Aware": false,"Async Capable": false,"Relation Name": "lineitem","Alias": "lineitem","Startup Cost": 0.00,"Total Cost": 172515.15,"Plan Rows": 6001215,"Plan Width": 17,"Actual Startup Time": 0.010,"Actual Total Time": 1027.507,"Actual Rows": 6001215,"Actual Loops": 1},{"Node Type": "Hash","Parent Relationship": "Inner","Parallel Aware": false,"Async Capable": false,"Startup Cost": 6367.99,"Total Cost": 6367.99,"Plan Rows": 210,"Plan Width": 4,"Actual Startup Time": 33.581,"Actual Total Time": 34.059,"Actual Rows": 204,"Actual Loops": 1,"Hash Buckets": 1024,"Original Hash Buckets": 1024,"Hash Batches": 1,"Original Hash Batches": 1,"Peak Memory Usage": 16,"Plans": [{"Node Type": "Gather","Parent Relationship": "Outer","Parallel Aware": false,"Async Capable": false,"Startup Cost": 1000.00,"Total Cost": 6367.99,"Plan Rows": 210,"Plan Width": 4,"Actual Startup Time": 1.608,"Actual Total Time": 34.014,"Actual Rows": 204,"Actual Loops": 1,"Workers Planned": 2,"Workers Launched": 2,"Single Copy": false,"Plans": [{"Node Type": "Seq Scan","Parent Relationship": "Outer","Parallel Aware": true,"Async Capable": false,"Relation Name": "part","Alias": "part","Startup Cost": 0.00,"Total Cost": 5347.00,"Plan Rows": 87,"Plan Width": 4,"Actual Startup Time": 0.972,"Actual Total Time": 27.616,"Actual Rows": 68,"Actual Loops": 3,"Filter": "((p_brand = 'Brand#53'::bpchar) AND (p_container = 'JUMBO CAN'::bpchar))","Rows Removed by Filter": 66599,"Workers": []}]}]},{"Node Type": "Aggregate","Strategy": "Plain","Partial Mode": "Simple","Parent Relationship": "SubPlan","Subplan Name": "SubPlan 1","Parallel Aware": false,"Async Capable": false,"Startup Cost": 127.60,"Total Cost": 127.61,"Plan Rows": 1,"Plan Width": 32,"Actual Startup Time": 0.128,"Actual Total Time": 0.128,"Actual Rows": 1,"Actual Loops": 6067,"Plans": [{"Node Type": "Bitmap Heap Scan","Parent Relationship": "Outer","Parallel Aware": false,"Async Capable": false,"Relation Name": "lineitem","Alias": "lineitem_1","Startup Cost": 4.67,"Total Cost": 127.52,"Plan Rows": 31,"Plan Width": 5,"Actual Startup Time": 0.014,"Actual Total Time": 0.121,"Actual Rows": 31,"Actual Loops": 6067,"Recheck Cond": "(l_partkey = part.p_partkey)","Rows Removed by Index Recheck": 0,"Exact Heap Blocks": 185933,"Lossy Heap Blocks": 0,"Plans": [{"Node Type": "Bitmap Index Scan","Parent Relationship": "Outer","Parallel Aware": false,"Async Capable": false,"Index Name": "idx_lineitem_part_supp","Startup Cost": 0.00,"Total Cost": 4.67,"Plan Rows": 31,"Plan Width": 0,"Actual Startup Time": 0.008,"Actual Total Time": 0.008,"Actual Rows": 31,"Actual Loops": 6067,"Index Cond": "(l_partkey = part.p_partkey)"}]}]}]}]},"Planning Time": 5.248,"Triggers": [],"Execution Time": 4876.414}]
[{"Plan": {"Node Type": "Aggregate","Strategy": "Plain","Partial Mode": "Simple","Parallel Aware": false,"Async Capable": false,"Startup Cost": 195918.30,"Total Cost": 195918.31,"Plan Rows": 1,"Plan Width": 32,"Actual Startup Time": 4717.190,"Actual Total Time": 4717.763,"Actual Rows": 1,"Actual Loops": 1,"Plans": [{"Node Type": "Hash Join","Parent Relationship": "Outer","Parallel Aware": false,"Async Capable": false,"Join Type": "Inner","Startup Cost": 6368.88,"Total Cost": 195913.43,"Plan Rows": 1945,"Plan Width": 8,"Actual Startup Time": 44.508,"Actual Total Time": 4717.570,"Actual Rows": 459,"Actual Loops": 1,"Inner Unique": true,"Hash Cond": "(lineitem.l_partkey = part.p_partkey)","Join Filter": "(lineitem.l_quantity < (SubPlan 1))","Rows Removed by Join Filter": 4594,"Plans": [{"Node Type": "Seq Scan","Parent Relationship": "Outer","Parallel Aware": false,"Async Capable": false,"Relation Name": "lineitem","Alias": "lineitem","Startup Cost": 0.00,"Total Cost": 172515.15,"Plan Rows": 6001215,"Plan Width": 17,"Actual Startup Time": 0.014,"Actual Total Time": 1015.798,"Actual Rows": 6001215,"Actual Loops": 1},{"Node Type": "Hash","Parent Relationship": "Inner","Parallel Aware": false,"Async Capable": false,"Startup Cost": 6366.45,"Total Cost": 6366.45,"Plan Rows": 195,"Plan Width": 4,"Actual Startup Time": 32.653,"Actual Total Time": 33.205,"Actual Rows": 169,"Actual Loops": 1,"Hash Buckets": 1024,"Original Hash Buckets": 1024,"Hash Batches": 1,"Original Hash Batches": 1,"Peak Memory Usage": 14,"Plans": [{"Node Type": "Gather","Parent Relationship": "Outer","Parallel Aware": false,"Async Capable": false,"Startup Cost": 1000.00,"Total Cost": 6366.45,"Plan Rows": 195,"Plan Width": 4,"Actual Startup Time": 1.072,"Actual Total Time": 33.142,"Actual Rows": 169,"Actual Loops": 1,"Workers Planned": 2,"Workers Launched": 2,"Single Copy": false,"Plans": [{"Node Type": "Seq Scan","Parent Relationship": "Outer","Parallel Aware": true,"Async Capable": false,"Relation Name": "part","Alias": "part","Startup Cost": 0.00,"Total Cost": 5347.00,"Plan Rows": 81,"Plan Width": 4,"Actual Startup Time": 0.644,"Actual Total Time": 26.787,"Actual Rows": 56,"Actual Loops": 3,"Filter": "((p_brand = 'Brand#51'::bpchar) AND (p_container = 'LG PACK'::bpchar))","Rows Removed by Filter": 66610,"Workers": []}]}]},{"Node Type": "Aggregate","Strategy": "Plain","Partial Mode": "Simple","Parent Relationship": "SubPlan","Subplan Name": "SubPlan 1","Parallel Aware": false,"Async Capable": false,"Startup Cost": 127.60,"Total Cost": 127.61,"Plan Rows": 1,"Plan Width": 32,"Actual Startup Time": 0.135,"Actual Total Time": 0.135,"Actual Rows": 1,"Actual Loops": 5053,"Plans": [{"Node Type": "Bitmap Heap Scan","Parent Relationship": "Outer","Parallel Aware": false,"Async Capable": false,"Relation Name": "lineitem","Alias": "lineitem_1","Startup Cost": 4.67,"Total Cost": 127.52,"Plan Rows": 31,"Plan Width": 5,"Actual Startup Time": 0.014,"Actual Total Time": 0.127,"Actual Rows": 31,"Actual Loops": 5053,"Recheck Cond": "(l_partkey = part.p_partkey)","Rows Removed by Index Recheck": 0,"Exact Heap Blocks": 157342,"Lossy Heap Blocks": 0,"Plans": [{"Node Type": "Bitmap Index Scan","Parent Relationship": "Outer","Parallel Aware": false,"Async Capable": false,"Index Name": "idx_lineitem_part_supp","Startup Cost": 0.00,"Total Cost": 4.67,"Plan Rows": 31,"Plan Width": 0,"Actual Startup Time": 0.008,"Actual Total Time": 0.008,"Actual Rows": 31,"Actual Loops": 5053,"Index Cond": "(l_partkey = part.p_partkey)"}]}]}]}]},"Planning Time": 4.665,"Triggers": [],"Execution Time": 4718.030}]
[{"Plan": {"Node Type": "Aggregate","Strategy": "Plain","Partial Mode": "Simple","Parallel Aware": false,"Async Capable": false,"Startup Cost": 195918.49,"Total Cost": 195918.50,"Plan Rows": 1,"Plan Width": 32,"Actual Startup Time": 4879.987,"Actual Total Time": 4880.595,"Actual Rows": 1,"Actual Loops": 1,"Plans": [{"Node Type": "Hash Join","Parent Relationship": "Outer","Parallel Aware": false,"Async Capable": false,"Join Type": "Inner","Startup Cost": 6369.04,"Total Cost": 195913.59,"Plan Rows": 1959,"Plan Width": 8,"Actual Startup Time": 46.927,"Actual Total Time": 4880.351,"Actual Rows": 571,"Actual Loops": 1,"Inner Unique": true,"Hash Cond": "(lineitem.l_partkey = part.p_partkey)","Join Filter": "(lineitem.l_quantity < (SubPlan 1))","Rows Removed by Join Filter": 5334,"Plans": [{"Node Type": "Seq Scan","Parent Relationship": "Outer","Parallel Aware": false,"Async Capable": false,"Relation Name": "lineitem","Alias": "lineitem","Startup Cost": 0.00,"Total Cost": 172515.15,"Plan Rows": 6001215,"Plan Width": 17,"Actual Startup Time": 0.015,"Actual Total Time": 1028.707,"Actual Rows": 6001215,"Actual Loops": 1},{"Node Type": "Hash","Parent Relationship": "Inner","Parallel Aware": false,"Async Capable": false,"Startup Cost": 6366.59,"Total Cost": 6366.59,"Plan Rows": 196,"Plan Width": 4,"Actual Startup Time": 33.868,"Actual Total Time": 34.456,"Actual Rows": 196,"Actual Loops": 1,"Hash Buckets": 1024,"Original Hash Buckets": 1024,"Hash Batches": 1,"Original Hash Batches": 1,"Peak Memory Usage": 15,"Plans": [{"Node Type": "Gather","Parent Relationship": "Outer","Parallel Aware": false,"Async Capable": false,"Startup Cost": 1000.00,"Total Cost": 6366.59,"Plan Rows": 196,"Plan Width": 4,"Actual Startup Time": 0.768,"Actual Total Time": 34.392,"Actual Rows": 196,"Actual Loops": 1,"Workers Planned": 2,"Workers Launched": 2,"Single Copy": false,"Plans": [{"Node Type": "Seq Scan","Parent Relationship": "Outer","Parallel Aware": true,"Async Capable": false,"Relation Name": "part","Alias": "part","Startup Cost": 0.00,"Total Cost": 5347.00,"Plan Rows": 82,"Plan Width": 4,"Actual Startup Time": 0.207,"Actual Total Time": 27.878,"Actual Rows": 65,"Actual Loops": 3,"Filter": "((p_brand = 'Brand#21'::bpchar) AND (p_container = 'JUMBO CASE'::bpchar))","Rows Removed by Filter": 66601,"Workers": []}]}]},{"Node Type": "Aggregate","Strategy": "Plain","Partial Mode": "Simple","Parent Relationship": "SubPlan","Subplan Name": "SubPlan 1","Parallel Aware": false,"Async Capable": false,"Startup Cost": 127.60,"Total Cost": 127.61,"Plan Rows": 1,"Plan Width": 32,"Actual Startup Time": 0.132,"Actual Total Time": 0.132,"Actual Rows": 1,"Actual Loops": 5905,"Plans": [{"Node Type": "Bitmap Heap Scan","Parent Relationship": "Outer","Parallel Aware": false,"Async Capable": false,"Relation Name": "lineitem","Alias": "lineitem_1","Startup Cost": 4.67,"Total Cost": 127.52,"Plan Rows": 31,"Plan Width": 5,"Actual Startup Time": 0.014,"Actual Total Time": 0.124,"Actual Rows": 31,"Actual Loops": 5905,"Recheck Cond": "(l_partkey = part.p_partkey)","Rows Removed by Index Recheck": 0,"Exact Heap Blocks": 184455,"Lossy Heap Blocks": 0,"Plans": [{"Node Type": "Bitmap Index Scan","Parent Relationship": "Outer","Parallel Aware": false,"Async Capable": false,"Index Name": "idx_lineitem_part_supp","Startup Cost": 0.00,"Total Cost": 4.67,"Plan Rows": 31,"Plan Width": 0,"Actual Startup Time": 0.008,"Actual Total Time": 0.008,"Actual Rows": 31,"Actual Loops": 5905,"Index Cond": "(l_partkey = part.p_partkey)"}]}]}]}]},"Planning Time": 5.074,"Triggers": [],"Execution Time": 4880.820}]
[{"Plan": {"Node Type": "Aggregate","Strategy": "Plain","Partial Mode": "Simple","Parallel Aware": false,"Async Capable": false,"Startup Cost": 195920.00,"Total Cost": 195920.01,"Plan Rows": 1,"Plan Width": 32,"Actual Startup Time": 4850.546,"Actual Total Time": 4851.174,"Actual Rows": 1,"Actual Loops": 1,"Plans": [{"Node Type": "Hash Join","Parent Relationship": "Outer","Parallel Aware": false,"Async Capable": false,"Join Type": "Inner","Startup Cost": 6370.27,"Total Cost": 195914.83,"Plan Rows": 2069,"Plan Width": 8,"Actual Startup Time": 86.568,"Actual Total Time": 4850.739,"Actual Rows": 544,"Actual Loops": 1,"Inner Unique": true,"Hash Cond": "(lineitem.l_partkey = part.p_partkey)","Join Filter": "(lineitem.l_quantity < (SubPlan 1))","Rows Removed by Join Filter": 5517,"Plans": [{"Node Type": "Seq Scan","Parent Relationship": "Outer","Parallel Aware": false,"Async Capable": false,"Relation Name": "lineitem","Alias": "lineitem","Startup Cost": 0.00,"Total Cost": 172515.15,"Plan Rows": 6001215,"Plan Width": 17,"Actual Startup Time": 0.018,"Actual Total Time": 981.762,"Actual Rows": 6001215,"Actual Loops": 1},{"Node Type": "Hash","Parent Relationship": "Inner","Parallel Aware": false,"Async Capable": false,"Startup Cost": 6367.69,"Total Cost": 6367.69,"Plan Rows": 207,"Plan Width": 4,"Actual Startup Time": 30.571,"Actual Total Time": 31.170,"Actual Rows": 202,"Actual Loops": 1,"Hash Buckets": 1024,"Original Hash Buckets": 1024,"Hash Batches": 1,"Original Hash Batches": 1,"Peak Memory Usage": 16,"Plans": [{"Node Type": "Gather","Parent Relationship": "Outer","Parallel Aware": false,"Async Capable": false,"Startup Cost": 1000.00,"Total Cost": 6367.69,"Plan Rows": 207,"Plan Width": 4,"Actual Startup Time": 1.469,"Actual Total Time": 31.107,"Actual Rows": 202,"Actual Loops": 1,"Workers Planned": 2,"Workers Launched": 2,"Single Copy": false,"Plans": [{"Node Type": "Seq Scan","Parent Relationship": "Outer","Parallel Aware": true,"Async Capable": false,"Relation Name": "part","Alias": "part","Startup Cost": 0.00,"Total Cost": 5347.00,"Plan Rows": 86,"Plan Width": 4,"Actual Startup Time": 1.399,"Actual Total Time": 25.100,"Actual Rows": 67,"Actual Loops": 3,"Filter": "((p_brand = 'Brand#15'::bpchar) AND (p_container = 'MED BAG'::bpchar))","Rows Removed by Filter": 66599,"Workers": []}]}]},{"Node Type": "Aggregate","Strategy": "Plain","Partial Mode": "Simple","Parent Relationship": "SubPlan","Subplan Name": "SubPlan 1","Parallel Aware": false,"Async Capable": false,"Startup Cost": 127.60,"Total Cost": 127.61,"Plan Rows": 1,"Plan Width": 32,"Actual Startup Time": 0.119,"Actual Total Time": 0.119,"Actual Rows": 1,"Actual Loops": 6061,"Plans": [{"Node Type": "Bitmap Heap Scan","Parent Relationship": "Outer","Parallel Aware": false,"Async Capable": false,"Relation Name": "lineitem","Alias": "lineitem_1","Startup Cost": 4.67,"Total Cost": 127.52,"Plan Rows": 31,"Plan Width": 5,"Actual Startup Time": 0.013,"Actual Total Time": 0.112,"Actual Rows": 31,"Actual Loops": 6061,"Recheck Cond": "(l_partkey = part.p_partkey)","Rows Removed by Index Recheck": 0,"Exact Heap Blocks": 189100,"Lossy Heap Blocks": 0,"Plans": [{"Node Type": "Bitmap Index Scan","Parent Relationship": "Outer","Parallel Aware": false,"Async Capable": false,"Index Name": "idx_lineitem_part_supp","Startup Cost": 0.00,"Total Cost": 4.67,"Plan Rows": 31,"Plan Width": 0,"Actual Startup Time": 0.007,"Actual Total Time": 0.007,"Actual Rows": 31,"Actual Loops": 6061,"Index Cond": "(l_partkey = part.p_partkey)"}]}]}]}]},"Planning Time": 4.734,"Triggers": [],"Execution Time": 4851.513}]
[{"Plan": {"Node Type": "Aggregate","Strategy": "Plain","Partial Mode": "Simple","Parallel Aware": false,"Async Capable": false,"Startup Cost": 195921.05,"Total Cost": 195921.06,"Plan Rows": 1,"Plan Width": 32,"Actual Startup Time": 4801.290,"Actual Total Time": 4801.804,"Actual Rows": 1,"Actual Loops": 1,"Plans": [{"Node Type": "Hash Join","Parent Relationship": "Outer","Parallel Aware": false,"Async Capable": false,"Join Type": "Inner","Startup Cost": 6371.13,"Total Cost": 195915.68,"Plan Rows": 2145,"Plan Width": 8,"Actual Startup Time": 42.942,"Actual Total Time": 4801.574,"Actual Rows": 477,"Actual Loops": 1,"Inner Unique": true,"Hash Cond": "(lineitem.l_partkey = part.p_partkey)","Join Filter": "(lineitem.l_quantity < (SubPlan 1))","Rows Removed by Join Filter": 4875,"Plans": [{"Node Type": "Seq Scan","Parent Relationship": "Outer","Parallel Aware": false,"Async Capable": false,"Relation Name": "lineitem","Alias": "lineitem","Startup Cost": 0.00,"Total Cost": 172515.15,"Plan Rows": 6001215,"Plan Width": 17,"Actual Startup Time": 0.023,"Actual Total Time": 1028.898,"Actual Rows": 6001215,"Actual Loops": 1},{"Node Type": "Hash","Parent Relationship": "Inner","Parallel Aware": false,"Async Capable": false,"Startup Cost": 6368.45,"Total Cost": 6368.45,"Plan Rows": 214,"Plan Width": 4,"Actual Startup Time": 32.088,"Actual Total Time": 32.585,"Actual Rows": 180,"Actual Loops": 1,"Hash Buckets": 1024,"Original Hash Buckets": 1024,"Hash Batches": 1,"Original Hash Batches": 1,"Peak Memory Usage": 15,"Plans": [{"Node Type": "Gather","Parent Relationship": "Outer","Parallel Aware": false,"Async Capable": false,"Startup Cost": 1000.00,"Total Cost": 6368.45,"Plan Rows": 214,"Plan Width": 4,"Actual Startup Time": 1.372,"Actual Total Time": 32.536,"Actual Rows": 180,"Actual Loops": 1,"Workers Planned": 2,"Workers Launched": 2,"Single Copy": false,"Plans": [{"Node Type": "Seq Scan","Parent Relationship": "Outer","Parallel Aware": true,"Async Capable": false,"Relation Name": "part","Alias": "part","Startup Cost": 0.00,"Total Cost": 5347.00,"Plan Rows": 89,"Plan Width": 4,"Actual Startup Time": 0.953,"Actual Total Time": 26.090,"Actual Rows": 60,"Actual Loops": 3,"Filter": "((p_brand = 'Brand#41'::bpchar) AND (p_container = 'SM BOX'::bpchar))","Rows Removed by Filter": 66607,"Workers": []}]}]},{"Node Type": "Aggregate","Strategy": "Plain","Partial Mode": "Simple","Parent Relationship": "SubPlan","Subplan Name": "SubPlan 1","Parallel Aware": false,"Async Capable": false,"Startup Cost": 127.60,"Total Cost": 127.61,"Plan Rows": 1,"Plan Width": 32,"Actual Startup Time": 0.133,"Actual Total Time": 0.133,"Actual Rows": 1,"Actual Loops": 5352,"Plans": [{"Node Type": "Bitmap Heap Scan","Parent Relationship": "Outer","Parallel Aware": false,"Async Capable": false,"Relation Name": "lineitem","Alias": "lineitem_1","Startup Cost": 4.67,"Total Cost": 127.52,"Plan Rows": 31,"Plan Width": 5,"Actual Startup Time": 0.014,"Actual Total Time": 0.126,"Actual Rows": 31,"Actual Loops": 5352,"Recheck Cond": "(l_partkey = part.p_partkey)","Rows Removed by Index Recheck": 0,"Exact Heap Blocks": 164113,"Lossy Heap Blocks": 0,"Plans": [{"Node Type": "Bitmap Index Scan","Parent Relationship": "Outer","Parallel Aware": false,"Async Capable": false,"Index Name": "idx_lineitem_part_supp","Startup Cost": 0.00,"Total Cost": 4.67,"Plan Rows": 31,"Plan Width": 0,"Actual Startup Time": 0.008,"Actual Total Time": 0.008,"Actual Rows": 31,"Actual Loops": 5352,"Index Cond": "(l_partkey = part.p_partkey)"}]}]}]}]},"Planning Time": 4.402,"Triggers": [],"Execution Time": 4802.122}]
[{"Plan": {"Node Type": "Aggregate","Strategy": "Plain","Partial Mode": "Simple","Parallel Aware": false,"Async Capable": false,"Startup Cost": 195918.24,"Total Cost": 195918.25,"Plan Rows": 1,"Plan Width": 32,"Actual Startup Time": 4674.598,"Actual Total Time": 4674.975,"Actual Rows": 1,"Actual Loops": 1,"Plans": [{"Node Type": "Hash Join","Parent Relationship": "Outer","Parallel Aware": false,"Async Capable": false,"Join Type": "Inner","Startup Cost": 6368.83,"Total Cost": 195913.38,"Plan Rows": 1941,"Plan Width": 8,"Actual Startup Time": 33.462,"Actual Total Time": 4674.751,"Actual Rows": 495,"Actual Loops": 1,"Inner Unique": true,"Hash Cond": "(lineitem.l_partkey = part.p_partkey)","Join Filter": "(lineitem.l_quantity < (SubPlan 1))","Rows Removed by Join Filter": 4991,"Plans": [{"Node Type": "Seq Scan","Parent Relationship": "Outer","Parallel Aware": false,"Async Capable": false,"Relation Name": "lineitem","Alias": "lineitem","Startup Cost": 0.00,"Total Cost": 172515.15,"Plan Rows": 6001215,"Plan Width": 17,"Actual Startup Time": 0.018,"Actual Total Time": 914.040,"Actual Rows": 6001215,"Actual Loops": 1},{"Node Type": "Hash","Parent Relationship": "Inner","Parallel Aware": false,"Async Capable": false,"Startup Cost": 6366.40,"Total Cost": 6366.40,"Plan Rows": 194,"Plan Width": 4,"Actual Startup Time": 32.429,"Actual Total Time": 32.793,"Actual Rows": 182,"Actual Loops": 1,"Hash Buckets": 1024,"Original Hash Buckets": 1024,"Hash Batches": 1,"Original Hash Batches": 1,"Peak Memory Usage": 15,"Plans": [{"Node Type": "Gather","Parent Relationship": "Outer","Parallel Aware": false,"Async Capable": false,"Startup Cost": 1000.00,"Total Cost": 6366.40,"Plan Rows": 194,"Plan Width": 4,"Actual Startup Time": 1.261,"Actual Total Time": 32.723,"Actual Rows": 182,"Actual Loops": 1,"Workers Planned": 2,"Workers Launched": 2,"Single Copy": false,"Plans": [{"Node Type": "Seq Scan","Parent Relationship": "Outer","Parallel Aware": true,"Async Capable": false,"Relation Name": "part","Alias": "part","Startup Cost": 0.00,"Total Cost": 5347.00,"Plan Rows": 81,"Plan Width": 4,"Actual Startup Time": 1.682,"Actual Total Time": 26.830,"Actual Rows": 61,"Actual Loops": 3,"Filter": "((p_brand = 'Brand#11'::bpchar) AND (p_container = 'WRAP PKG'::bpchar))","Rows Removed by Filter": 66606,"Workers": []}]}]},{"Node Type": "Aggregate","Strategy": "Plain","Partial Mode": "Simple","Parent Relationship": "SubPlan","Subplan Name": "SubPlan 1","Parallel Aware": false,"Async Capable": false,"Startup Cost": 127.60,"Total Cost": 127.61,"Plan Rows": 1,"Plan Width": 32,"Actual Startup Time": 0.113,"Actual Total Time": 0.113,"Actual Rows": 1,"Actual Loops": 5486,"Plans": [{"Node Type": "Bitmap Heap Scan","Parent Relationship": "Outer","Parallel Aware": false,"Async Capable": false,"Relation Name": "lineitem","Alias": "lineitem_1","Startup Cost": 4.67,"Total Cost": 127.52,"Plan Rows": 31,"Plan Width": 5,"Actual Startup Time": 0.013,"Actual Total Time": 0.106,"Actual Rows": 31,"Actual Loops": 5486,"Recheck Cond": "(l_partkey = part.p_partkey)","Rows Removed by Index Recheck": 0,"Exact Heap Blocks": 171543,"Lossy Heap Blocks": 0,"Plans": [{"Node Type": "Bitmap Index Scan","Parent Relationship": "Outer","Parallel Aware": false,"Async Capable": false,"Index Name": "idx_lineitem_part_supp","Startup Cost": 0.00,"Total Cost": 4.67,"Plan Rows": 31,"Plan Width": 0,"Actual Startup Time": 0.007,"Actual Total Time": 0.007,"Actual Rows": 31,"Actual Loops": 5486,"Index Cond": "(l_partkey = part.p_partkey)"}]}]}]}]},"Planning Time": 4.570,"Triggers": [],"Execution Time": 4675.244}]
[{"Plan": {"Node Type": "Aggregate","Strategy": "Plain","Partial Mode": "Simple","Parallel Aware": false,"Async Capable": false,"Startup Cost": 195918.68,"Total Cost": 195918.69,"Plan Rows": 1,"Plan Width": 32,"Actual Startup Time": 4839.494,"Actual Total Time": 4840.245,"Actual Rows": 1,"Actual Loops": 1,"Plans": [{"Node Type": "Hash Join","Parent Relationship": "Outer","Parallel Aware": false,"Async Capable": false,"Join Type": "Inner","Startup Cost": 6369.19,"Total Cost": 195913.74,"Plan Rows": 1973,"Plan Width": 8,"Actual Startup Time": 32.340,"Actual Total Time": 4839.825,"Actual Rows": 528,"Actual Loops": 1,"Inner Unique": true,"Hash Cond": "(lineitem.l_partkey = part.p_partkey)","Join Filter": "(lineitem.l_quantity < (SubPlan 1))","Rows Removed by Join Filter": 5443,"Plans": [{"Node Type": "Seq Scan","Parent Relationship": "Outer","Parallel Aware": false,"Async Capable": false,"Relation Name": "lineitem","Alias": "lineitem","Startup Cost": 0.00,"Total Cost": 172515.15,"Plan Rows": 6001215,"Plan Width": 17,"Actual Startup Time": 0.011,"Actual Total Time": 976.051,"Actual Rows": 6001215,"Actual Loops": 1},{"Node Type": "Hash","Parent Relationship": "Inner","Parallel Aware": false,"Async Capable": false,"Startup Cost": 6366.72,"Total Cost": 6366.72,"Plan Rows": 197,"Plan Width": 4,"Actual Startup Time": 30.829,"Actual Total Time": 31.544,"Actual Rows": 197,"Actual Loops": 1,"Hash Buckets": 1024,"Original Hash Buckets": 1024,"Hash Batches": 1,"Original Hash Batches": 1,"Peak Memory Usage": 15,"Plans": [{"Node Type": "Gather","Parent Relationship": "Outer","Parallel Aware": false,"Async Capable": false,"Startup Cost": 1000.00,"Total Cost": 6366.72,"Plan Rows": 197,"Plan Width": 4,"Actual Startup Time": 0.935,"Actual Total Time": 31.482,"Actual Rows": 197,"Actual Loops": 1,"Workers Planned": 2,"Workers Launched": 2,"Single Copy": false,"Plans": [{"Node Type": "Seq Scan","Parent Relationship": "Outer","Parallel Aware": true,"Async Capable": false,"Relation Name": "part","Alias": "part","Startup Cost": 0.00,"Total Cost": 5347.00,"Plan Rows": 82,"Plan Width": 4,"Actual Startup Time": 0.945,"Actual Total Time": 24.983,"Actual Rows": 66,"Actual Loops": 3,"Filter": "((p_brand = 'Brand#21'::bpchar) AND (p_container = 'SM PKG'::bpchar))","Rows Removed by Filter": 66601,"Workers": []}]}]},{"Node Type": "Aggregate","Strategy": "Plain","Partial Mode": "Simple","Parent Relationship": "SubPlan","Subplan Name": "SubPlan 1","Parallel Aware": false,"Async Capable": false,"Startup Cost": 127.60,"Total Cost": 127.61,"Plan Rows": 1,"Plan Width": 32,"Actual Startup Time": 0.119,"Actual Total Time": 0.119,"Actual Rows": 1,"Actual Loops": 5971,"Plans": [{"Node Type": "Bitmap Heap Scan","Parent Relationship": "Outer","Parallel Aware": false,"Async Capable": false,"Relation Name": "lineitem","Alias": "lineitem_1","Startup Cost": 4.67,"Total Cost": 127.52,"Plan Rows": 31,"Plan Width": 5,"Actual Startup Time": 0.013,"Actual Total Time": 0.112,"Actual Rows": 31,"Actual Loops": 5971,"Recheck Cond": "(l_partkey = part.p_partkey)","Rows Removed by Index Recheck": 0,"Exact Heap Blocks": 186735,"Lossy Heap Blocks": 0,"Plans": [{"Node Type": "Bitmap Index Scan","Parent Relationship": "Outer","Parallel Aware": false,"Async Capable": false,"Index Name": "idx_lineitem_part_supp","Startup Cost": 0.00,"Total Cost": 4.67,"Plan Rows": 31,"Plan Width": 0,"Actual Startup Time": 0.007,"Actual Total Time": 0.007,"Actual Rows": 31,"Actual Loops": 5971,"Index Cond": "(l_partkey = part.p_partkey)"}]}]}]}]},"Planning Time": 4.665,"Triggers": [],"Execution Time": 4840.600}]
[{"Plan": {"Node Type": "Aggregate","Strategy": "Plain","Partial Mode": "Simple","Parallel Aware": false,"Async Capable": false,"Startup Cost": 195918.33,"Total Cost": 195918.34,"Plan Rows": 1,"Plan Width": 32,"Actual Startup Time": 4801.977,"Actual Total Time": 4802.620,"Actual Rows": 1,"Actual Loops": 1,"Plans": [{"Node Type": "Hash Join","Parent Relationship": "Outer","Parallel Aware": false,"Async Capable": false,"Join Type": "Inner","Startup Cost": 6368.91,"Total Cost": 195913.46,"Plan Rows": 1948,"Plan Width": 8,"Actual Startup Time": 109.622,"Actual Total Time": 4802.142,"Actual Rows": 508,"Actual Loops": 1,"Inner Unique": true,"Hash Cond": "(lineitem.l_partkey = part.p_partkey)","Join Filter": "(lineitem.l_quantity < (SubPlan 1))","Rows Removed by Join Filter": 5050,"Plans": [{"Node Type": "Seq Scan","Parent Relationship": "Outer","Parallel Aware": false,"Async Capable": false,"Relation Name": "lineitem","Alias": "lineitem","Startup Cost": 0.00,"Total Cost": 172515.15,"Plan Rows": 6001215,"Plan Width": 17,"Actual Startup Time": 0.019,"Actual Total Time": 979.290,"Actual Rows": 6001215,"Actual Loops": 1},{"Node Type": "Hash","Parent Relationship": "Inner","Parallel Aware": false,"Async Capable": false,"Startup Cost": 6366.47,"Total Cost": 6366.47,"Plan Rows": 195,"Plan Width": 4,"Actual Startup Time": 34.385,"Actual Total Time": 34.985,"Actual Rows": 190,"Actual Loops": 1,"Hash Buckets": 1024,"Original Hash Buckets": 1024,"Hash Batches": 1,"Original Hash Batches": 1,"Peak Memory Usage": 15,"Plans": [{"Node Type": "Gather","Parent Relationship": "Outer","Parallel Aware": false,"Async Capable": false,"Startup Cost": 1000.00,"Total Cost": 6366.47,"Plan Rows": 195,"Plan Width": 4,"Actual Startup Time": 1.032,"Actual Total Time": 34.849,"Actual Rows": 190,"Actual Loops": 1,"Workers Planned": 2,"Workers Launched": 2,"Single Copy": false,"Plans": [{"Node Type": "Seq Scan","Parent Relationship": "Outer","Parallel Aware": true,"Async Capable": false,"Relation Name": "part","Alias": "part","Startup Cost": 0.00,"Total Cost": 5347.00,"Plan Rows": 81,"Plan Width": 4,"Actual Startup Time": 0.571,"Actual Total Time": 28.869,"Actual Rows": 63,"Actual Loops": 3,"Filter": "((p_brand = 'Brand#41'::bpchar) AND (p_container = 'SM CASE'::bpchar))","Rows Removed by Filter": 66603,"Workers": []}]}]},{"Node Type": "Aggregate","Strategy": "Plain","Partial Mode": "Simple","Parent Relationship": "SubPlan","Subplan Name": "SubPlan 1","Parallel Aware": false,"Async Capable": false,"Startup Cost": 127.60,"Total Cost": 127.61,"Plan Rows": 1,"Plan Width": 32,"Actual Startup Time": 0.118,"Actual Total Time": 0.118,"Actual Rows": 1,"Actual Loops": 5558,"Plans": [{"Node Type": "Bitmap Heap Scan","Parent Relationship": "Outer","Parallel Aware": false,"Async Capable": false,"Relation Name": "lineitem","Alias": "lineitem_1","Startup Cost": 4.67,"Total Cost": 127.52,"Plan Rows": 31,"Plan Width": 5,"Actual Startup Time": 0.013,"Actual Total Time": 0.111,"Actual Rows": 30,"Actual Loops": 5558,"Recheck Cond": "(l_partkey = part.p_partkey)","Rows Removed by Index Recheck": 0,"Exact Heap Blocks": 167595,"Lossy Heap Blocks": 0,"Plans": [{"Node Type": "Bitmap Index Scan","Parent Relationship": "Outer","Parallel Aware": false,"Async Capable": false,"Index Name": "idx_lineitem_part_supp","Startup Cost": 0.00,"Total Cost": 4.67,"Plan Rows": 31,"Plan Width": 0,"Actual Startup Time": 0.007,"Actual Total Time": 0.007,"Actual Rows": 30,"Actual Loops": 5558,"Index Cond": "(l_partkey = part.p_partkey)"}]}]}]}]},"Planning Time": 4.515,"Triggers": [],"Execution Time": 4803.053}]
[{"Plan": {"Node Type": "Aggregate","Strategy": "Plain","Partial Mode": "Simple","Parallel Aware": false,"Async Capable": false,"Startup Cost": 195919.86,"Total Cost": 195919.87,"Plan Rows": 1,"Plan Width": 32,"Actual Startup Time": 4885.398,"Actual Total Time": 4885.981,"Actual Rows": 1,"Actual Loops": 1,"Plans": [{"Node Type": "Hash Join","Parent Relationship": "Outer","Parallel Aware": false,"Async Capable": false,"Join Type": "Inner","Startup Cost": 6370.16,"Total Cost": 195914.71,"Plan Rows": 2059,"Plan Width": 8,"Actual Startup Time": 40.156,"Actual Total Time": 4885.783,"Actual Rows": 546,"Actual Loops": 1,"Inner Unique": true,"Hash Cond": "(lineitem.l_partkey = part.p_partkey)","Join Filter": "(lineitem.l_quantity < (SubPlan 1))","Rows Removed by Join Filter": 5462,"Plans": [{"Node Type": "Seq Scan","Parent Relationship": "Outer","Parallel Aware": false,"Async Capable": false,"Relation Name": "lineitem","Alias": "lineitem","Startup Cost": 0.00,"Total Cost": 172515.15,"Plan Rows": 6001215,"Plan Width": 17,"Actual Startup Time": 0.016,"Actual Total Time": 1024.600,"Actual Rows": 6001215,"Actual Loops": 1},{"Node Type": "Hash","Parent Relationship": "Inner","Parallel Aware": false,"Async Capable": false,"Startup Cost": 6367.58,"Total Cost": 6367.58,"Plan Rows": 206,"Plan Width": 4,"Actual Startup Time": 33.275,"Actual Total Time": 33.846,"Actual Rows": 199,"Actual Loops": 1,"Hash Buckets": 1024,"Original Hash Buckets": 1024,"Hash Batches": 1,"Original Hash Batches": 1,"Peak Memory Usage": 15,"Plans": [{"Node Type": "Gather","Parent Relationship": "Outer","Parallel Aware": false,"Async Capable": false,"Startup Cost": 1000.00,"Total Cost": 6367.58,"Plan Rows": 206,"Plan Width": 4,"Actual Startup Time": 2.212,"Actual Total Time": 33.799,"Actual Rows": 199,"Actual Loops": 1,"Workers Planned": 2,"Workers Launched": 2,"Single Copy": false,"Plans": [{"Node Type": "Seq Scan","Parent Relationship": "Outer","Parallel Aware": true,"Async Capable": false,"Relation Name": "part","Alias": "part","Startup Cost": 0.00,"Total Cost": 5347.00,"Plan Rows": 86,"Plan Width": 4,"Actual Startup Time": 0.847,"Actual Total Time": 27.229,"Actual Rows": 66,"Actual Loops": 3,"Filter": "((p_brand = 'Brand#51'::bpchar) AND (p_container = 'MED CAN'::bpchar))","Rows Removed by Filter": 66600,"Workers": []}]}]},{"Node Type": "Aggregate","Strategy": "Plain","Partial Mode": "Simple","Parent Relationship": "SubPlan","Subplan Name": "SubPlan 1","Parallel Aware": false,"Async Capable": false,"Startup Cost": 127.60,"Total Cost": 127.61,"Plan Rows": 1,"Plan Width": 32,"Actual Startup Time": 0.133,"Actual Total Time": 0.133,"Actual Rows": 1,"Actual Loops": 6008,"Plans": [{"Node Type": "Bitmap Heap Scan","Parent Relationship": "Outer","Parallel Aware": false,"Async Capable": false,"Relation Name": "lineitem","Alias": "lineitem_1","Startup Cost": 4.67,"Total Cost": 127.52,"Plan Rows": 31,"Plan Width": 5,"Actual Startup Time": 0.014,"Actual Total Time": 0.126,"Actual Rows": 31,"Actual Loops": 6008,"Recheck Cond": "(l_partkey = part.p_partkey)","Rows Removed by Index Recheck": 0,"Exact Heap Blocks": 187865,"Lossy Heap Blocks": 0,"Plans": [{"Node Type": "Bitmap Index Scan","Parent Relationship": "Outer","Parallel Aware": false,"Async Capable": false,"Index Name": "idx_lineitem_part_supp","Startup Cost": 0.00,"Total Cost": 4.67,"Plan Rows": 31,"Plan Width": 0,"Actual Startup Time": 0.008,"Actual Total Time": 0.008,"Actual Rows": 31,"Actual Loops": 6008,"Index Cond": "(l_partkey = part.p_partkey)"}]}]}]}]},"Planning Time": 4.689,"Triggers": [],"Execution Time": 4886.249}]
[{"Plan": {"Node Type": "Aggregate","Strategy": "Plain","Partial Mode": "Simple","Parallel Aware": false,"Async Capable": false,"Startup Cost": 195917.65,"Total Cost": 195917.67,"Plan Rows": 1,"Plan Width": 32,"Actual Startup Time": 4983.825,"Actual Total Time": 4984.298,"Actual Rows": 1,"Actual Loops": 1,"Plans": [{"Node Type": "Hash Join","Parent Relationship": "Outer","Parallel Aware": false,"Async Capable": false,"Join Type": "Inner","Startup Cost": 6368.35,"Total Cost": 195912.91,"Plan Rows": 1898,"Plan Width": 8,"Actual Startup Time": 35.362,"Actual Total Time": 4984.082,"Actual Rows": 549,"Actual Loops": 1,"Inner Unique": true,"Hash Cond": "(lineitem.l_partkey = part.p_partkey)","Join Filter": "(lineitem.l_quantity < (SubPlan 1))","Rows Removed by Join Filter": 5591,"Plans": [{"Node Type": "Seq Scan","Parent Relationship": "Outer","Parallel Aware": false,"Async Capable": false,"Relation Name": "lineitem","Alias": "lineitem","Startup Cost": 0.00,"Total Cost": 172515.15,"Plan Rows": 6001215,"Plan Width": 17,"Actual Startup Time": 0.011,"Actual Total Time": 949.258,"Actual Rows": 6001215,"Actual Loops": 1},{"Node Type": "Hash","Parent Relationship": "Inner","Parallel Aware": false,"Async Capable": false,"Startup Cost": 6365.98,"Total Cost": 6365.98,"Plan Rows": 190,"Plan Width": 4,"Actual Startup Time": 30.208,"Actual Total Time": 30.664,"Actual Rows": 202,"Actual Loops": 1,"Hash Buckets": 1024,"Original Hash Buckets": 1024,"Hash Batches": 1,"Original Hash Batches": 1,"Peak Memory Usage": 16,"Plans": [{"Node Type": "Gather","Parent Relationship": "Outer","Parallel Aware": false,"Async Capable": false,"Startup Cost": 1000.00,"Total Cost": 6365.98,"Plan Rows": 190,"Plan Width": 4,"Actual Startup Time": 0.825,"Actual Total Time": 30.570,"Actual Rows": 202,"Actual Loops": 1,"Workers Planned": 2,"Workers Launched": 2,"Single Copy": false,"Plans": [{"Node Type": "Seq Scan","Parent Relationship": "Outer","Parallel Aware": true,"Async Capable": false,"Relation Name": "part","Alias": "part","Startup Cost": 0.00,"Total Cost": 5347.00,"Plan Rows": 79,"Plan Width": 4,"Actual Startup Time": 0.899,"Actual Total Time": 24.453,"Actual Rows": 67,"Actual Loops": 3,"Filter": "((p_brand = 'Brand#43'::bpchar) AND (p_container = 'MED PKG'::bpchar))","Rows Removed by Filter": 66599,"Workers": []}]}]},{"Node Type": "Aggregate","Strategy": "Plain","Partial Mode": "Simple","Parent Relationship": "SubPlan","Subplan Name": "SubPlan 1","Parallel Aware": false,"Async Capable": false,"Startup Cost": 127.60,"Total Cost": 127.61,"Plan Rows": 1,"Plan Width": 32,"Actual Startup Time": 0.123,"Actual Total Time": 0.123,"Actual Rows": 1,"Actual Loops": 6140,"Plans": [{"Node Type": "Bitmap Heap Scan","Parent Relationship": "Outer","Parallel Aware": false,"Async Capable": false,"Relation Name": "lineitem","Alias": "lineitem_1","Startup Cost": 4.67,"Total Cost": 127.52,"Plan Rows": 31,"Plan Width": 5,"Actual Startup Time": 0.014,"Actual Total Time": 0.116,"Actual Rows": 31,"Actual Loops": 6140,"Recheck Cond": "(l_partkey = part.p_partkey)","Rows Removed by Index Recheck": 0,"Exact Heap Blocks": 192422,"Lossy Heap Blocks": 0,"Plans": [{"Node Type": "Bitmap Index Scan","Parent Relationship": "Outer","Parallel Aware": false,"Async Capable": false,"Index Name": "idx_lineitem_part_supp","Startup Cost": 0.00,"Total Cost": 4.67,"Plan Rows": 31,"Plan Width": 0,"Actual Startup Time": 0.008,"Actual Total Time": 0.008,"Actual Rows": 31,"Actual Loops": 6140,"Index Cond": "(l_partkey = part.p_partkey)"}]}]}]}]},"Planning Time": 4.806,"Triggers": [],"Execution Time": 4984.531}]
[{"Plan": {"Node Type": "Aggregate","Strategy": "Plain","Partial Mode": "Simple","Parallel Aware": false,"Async Capable": false,"Startup Cost": 195919.28,"Total Cost": 195919.30,"Plan Rows": 1,"Plan Width": 32,"Actual Startup Time": 4834.323,"Actual Total Time": 4834.815,"Actual Rows": 1,"Actual Loops": 1,"Plans": [{"Node Type": "Hash Join","Parent Relationship": "Outer","Parallel Aware": false,"Async Capable": false,"Join Type": "Inner","Startup Cost": 6369.68,"Total Cost": 195914.24,"Plan Rows": 2017,"Plan Width": 8,"Actual Startup Time": 33.974,"Actual Total Time": 4834.579,"Actual Rows": 491,"Actual Loops": 1,"Inner Unique": true,"Hash Cond": "(lineitem.l_partkey = part.p_partkey)","Join Filter": "(lineitem.l_quantity < (SubPlan 1))","Rows Removed by Join Filter": 5195,"Plans": [{"Node Type": "Seq Scan","Parent Relationship": "Outer","Parallel Aware": false,"Async Capable": false,"Relation Name": "lineitem","Alias": "lineitem","Startup Cost": 0.00,"Total Cost": 172515.15,"Plan Rows": 6001215,"Plan Width": 17,"Actual Startup Time": 0.013,"Actual Total Time": 936.736,"Actual Rows": 6001215,"Actual Loops": 1},{"Node Type": "Hash","Parent Relationship": "Inner","Parallel Aware": false,"Async Capable": false,"Startup Cost": 6367.16,"Total Cost": 6367.16,"Plan Rows": 202,"Plan Width": 4,"Actual Startup Time": 30.635,"Actual Total Time": 31.103,"Actual Rows": 191,"Actual Loops": 1,"Hash Buckets": 1024,"Original Hash Buckets": 1024,"Hash Batches": 1,"Original Hash Batches": 1,"Peak Memory Usage": 15,"Plans": [{"Node Type": "Gather","Parent Relationship": "Outer","Parallel Aware": false,"Async Capable": false,"Startup Cost": 1000.00,"Total Cost": 6367.16,"Plan Rows": 202,"Plan Width": 4,"Actual Startup Time": 1.310,"Actual Total Time": 31.046,"Actual Rows": 191,"Actual Loops": 1,"Workers Planned": 2,"Workers Launched": 2,"Single Copy": false,"Plans": [{"Node Type": "Seq Scan","Parent Relationship": "Outer","Parallel Aware": true,"Async Capable": false,"Relation Name": "part","Alias": "part","Startup Cost": 0.00,"Total Cost": 5347.00,"Plan Rows": 84,"Plan Width": 4,"Actual Startup Time": 0.984,"Actual Total Time": 24.868,"Actual Rows": 64,"Actual Loops": 3,"Filter": "((p_brand = 'Brand#45'::bpchar) AND (p_container = 'WRAP PKG'::bpchar))","Rows Removed by Filter": 66603,"Workers": []}]}]},{"Node Type": "Aggregate","Strategy": "Plain","Partial Mode": "Simple","Parent Relationship": "SubPlan","Subplan Name": "SubPlan 1","Parallel Aware": false,"Async Capable": false,"Startup Cost": 127.60,"Total Cost": 127.61,"Plan Rows": 1,"Plan Width": 32,"Actual Startup Time": 0.120,"Actual Total Time": 0.120,"Actual Rows": 1,"Actual Loops": 5686,"Plans": [{"Node Type": "Bitmap Heap Scan","Parent Relationship": "Outer","Parallel Aware": false,"Async Capable": false,"Relation Name": "lineitem","Alias": "lineitem_1","Startup Cost": 4.67,"Total Cost": 127.52,"Plan Rows": 31,"Plan Width": 5,"Actual Startup Time": 0.013,"Actual Total Time": 0.113,"Actual Rows": 31,"Actual Loops": 5686,"Recheck Cond": "(l_partkey = part.p_partkey)","Rows Removed by Index Recheck": 0,"Exact Heap Blocks": 174718,"Lossy Heap Blocks": 0,"Plans": [{"Node Type": "Bitmap Index Scan","Parent Relationship": "Outer","Parallel Aware": false,"Async Capable": false,"Index Name": "idx_lineitem_part_supp","Startup Cost": 0.00,"Total Cost": 4.67,"Plan Rows": 31,"Plan Width": 0,"Actual Startup Time": 0.007,"Actual Total Time": 0.007,"Actual Rows": 31,"Actual Loops": 5686,"Index Cond": "(l_partkey = part.p_partkey)"}]}]}]}]},"Planning Time": 4.937,"Triggers": [],"Execution Time": 4835.067}]
[{"Plan": {"Node Type": "Aggregate","Strategy": "Plain","Partial Mode": "Simple","Parallel Aware": false,"Async Capable": false,"Startup Cost": 195919.24,"Total Cost": 195919.25,"Plan Rows": 1,"Plan Width": 32,"Actual Startup Time": 4898.460,"Actual Total Time": 4899.190,"Actual Rows": 1,"Actual Loops": 1,"Plans": [{"Node Type": "Hash Join","Parent Relationship": "Outer","Parallel Aware": false,"Async Capable": false,"Join Type": "Inner","Startup Cost": 6369.65,"Total Cost": 195914.20,"Plan Rows": 2014,"Plan Width": 8,"Actual Startup Time": 32.700,"Actual Total Time": 4898.977,"Actual Rows": 510,"Actual Loops": 1,"Inner Unique": true,"Hash Cond": "(lineitem.l_partkey = part.p_partkey)","Join Filter": "(lineitem.l_quantity < (SubPlan 1))","Rows Removed by Join Filter": 5559,"Plans": [{"Node Type": "Seq Scan","Parent Relationship": "Outer","Parallel Aware": false,"Async Capable": false,"Relation Name": "lineitem","Alias": "lineitem","Startup Cost": 0.00,"Total Cost": 172515.15,"Plan Rows": 6001215,"Plan Width": 17,"Actual Startup Time": 0.017,"Actual Total Time": 1031.280,"Actual Rows": 6001215,"Actual Loops": 1},{"Node Type": "Hash","Parent Relationship": "Inner","Parallel Aware": false,"Async Capable": false,"Startup Cost": 6367.13,"Total Cost": 6367.13,"Plan Rows": 201,"Plan Width": 4,"Actual Startup Time": 31.692,"Actual Total Time": 32.409,"Actual Rows": 202,"Actual Loops": 1,"Hash Buckets": 1024,"Original Hash Buckets": 1024,"Hash Batches": 1,"Original Hash Batches": 1,"Peak Memory Usage": 16,"Plans": [{"Node Type": "Gather","Parent Relationship": "Outer","Parallel Aware": false,"Async Capable": false,"Startup Cost": 1000.00,"Total Cost": 6367.13,"Plan Rows": 201,"Plan Width": 4,"Actual Startup Time": 1.674,"Actual Total Time": 32.349,"Actual Rows": 202,"Actual Loops": 1,"Workers Planned": 2,"Workers Launched": 2,"Single Copy": false,"Plans": [{"Node Type": "Seq Scan","Parent Relationship": "Outer","Parallel Aware": true,"Async Capable": false,"Relation Name": "part","Alias": "part","Startup Cost": 0.00,"Total Cost": 5347.00,"Plan Rows": 84,"Plan Width": 4,"Actual Startup Time": 0.813,"Actual Total Time": 25.780,"Actual Rows": 67,"Actual Loops": 3,"Filter": "((p_brand = 'Brand#21'::bpchar) AND (p_container = 'WRAP BOX'::bpchar))","Rows Removed by Filter": 66599,"Workers": []}]}]},{"Node Type": "Aggregate","Strategy": "Plain","Partial Mode": "Simple","Parent Relationship": "SubPlan","Subplan Name": "SubPlan 1","Parallel Aware": false,"Async Capable": false,"Startup Cost": 127.60,"Total Cost": 127.61,"Plan Rows": 1,"Plan Width": 32,"Actual Startup Time": 0.136,"Actual Total Time": 0.136,"Actual Rows": 1,"Actual Loops": 6069,"Plans": [{"Node Type": "Bitmap Heap Scan","Parent Relationship": "Outer","Parallel Aware": false,"Async Capable": false,"Relation Name": "lineitem","Alias": "lineitem_1","Startup Cost": 4.67,"Total Cost": 127.52,"Plan Rows": 31,"Plan Width": 5,"Actual Startup Time": 0.014,"Actual Total Time": 0.128,"Actual Rows": 31,"Actual Loops": 6069,"Recheck Cond": "(l_partkey = part.p_partkey)","Rows Removed by Index Recheck": 0,"Exact Heap Blocks": 188137,"Lossy Heap Blocks": 0,"Plans": [{"Node Type": "Bitmap Index Scan","Parent Relationship": "Outer","Parallel Aware": false,"Async Capable": false,"Index Name": "idx_lineitem_part_supp","Startup Cost": 0.00,"Total Cost": 4.67,"Plan Rows": 31,"Plan Width": 0,"Actual Startup Time": 0.008,"Actual Total Time": 0.008,"Actual Rows": 31,"Actual Loops": 6069,"Index Cond": "(l_partkey = part.p_partkey)"}]}]}]}]},"Planning Time": 5.968,"Triggers": [],"Execution Time": 4899.455}]
[{"Plan": {"Node Type": "Aggregate","Strategy": "Plain","Partial Mode": "Simple","Parallel Aware": false,"Async Capable": false,"Startup Cost": 195918.31,"Total Cost": 195918.32,"Plan Rows": 1,"Plan Width": 32,"Actual Startup Time": 4858.750,"Actual Total Time": 4859.500,"Actual Rows": 1,"Actual Loops": 1,"Plans": [{"Node Type": "Hash Join","Parent Relationship": "Outer","Parallel Aware": false,"Async Capable": false,"Join Type": "Inner","Startup Cost": 6368.89,"Total Cost": 195913.44,"Plan Rows": 1946,"Plan Width": 8,"Actual Startup Time": 35.700,"Actual Total Time": 4859.054,"Actual Rows": 508,"Actual Loops": 1,"Inner Unique": true,"Hash Cond": "(lineitem.l_partkey = part.p_partkey)","Join Filter": "(lineitem.l_quantity < (SubPlan 1))","Rows Removed by Join Filter": 5113,"Plans": [{"Node Type": "Seq Scan","Parent Relationship": "Outer","Parallel Aware": false,"Async Capable": false,"Relation Name": "lineitem","Alias": "lineitem","Startup Cost": 0.00,"Total Cost": 172515.15,"Plan Rows": 6001215,"Plan Width": 17,"Actual Startup Time": 0.016,"Actual Total Time": 998.174,"Actual Rows": 6001215,"Actual Loops": 1},{"Node Type": "Hash","Parent Relationship": "Inner","Parallel Aware": false,"Async Capable": false,"Startup Cost": 6366.46,"Total Cost": 6366.46,"Plan Rows": 195,"Plan Width": 4,"Actual Startup Time": 30.190,"Actual Total Time": 30.904,"Actual Rows": 190,"Actual Loops": 1,"Hash Buckets": 1024,"Original Hash Buckets": 1024,"Hash Batches": 1,"Original Hash Batches": 1,"Peak Memory Usage": 15,"Plans": [{"Node Type": "Gather","Parent Relationship": "Outer","Parallel Aware": false,"Async Capable": false,"Startup Cost": 1000.00,"Total Cost": 6366.46,"Plan Rows": 195,"Plan Width": 4,"Actual Startup Time": 1.681,"Actual Total Time": 30.824,"Actual Rows": 190,"Actual Loops": 1,"Workers Planned": 2,"Workers Launched": 2,"Single Copy": false,"Plans": [{"Node Type": "Seq Scan","Parent Relationship": "Outer","Parallel Aware": true,"Async Capable": false,"Relation Name": "part","Alias": "part","Startup Cost": 0.00,"Total Cost": 5347.00,"Plan Rows": 81,"Plan Width": 4,"Actual Startup Time": 1.288,"Actual Total Time": 24.685,"Actual Rows": 63,"Actual Loops": 3,"Filter": "((p_brand = 'Brand#54'::bpchar) AND (p_container = 'SM PACK'::bpchar))","Rows Removed by Filter": 66603,"Workers": []}]}]},{"Node Type": "Aggregate","Strategy": "Plain","Partial Mode": "Simple","Parent Relationship": "SubPlan","Subplan Name": "SubPlan 1","Parallel Aware": false,"Async Capable": false,"Startup Cost": 127.60,"Total Cost": 127.61,"Plan Rows": 1,"Plan Width": 32,"Actual Startup Time": 0.133,"Actual Total Time": 0.133,"Actual Rows": 1,"Actual Loops": 5621,"Plans": [{"Node Type": "Bitmap Heap Scan","Parent Relationship": "Outer","Parallel Aware": false,"Async Capable": false,"Relation Name": "lineitem","Alias": "lineitem_1","Startup Cost": 4.67,"Total Cost": 127.52,"Plan Rows": 31,"Plan Width": 5,"Actual Startup Time": 0.014,"Actual Total Time": 0.126,"Actual Rows": 30,"Actual Loops": 5621,"Recheck Cond": "(l_partkey = part.p_partkey)","Rows Removed by Index Recheck": 0,"Exact Heap Blocks": 171071,"Lossy Heap Blocks": 0,"Plans": [{"Node Type": "Bitmap Index Scan","Parent Relationship": "Outer","Parallel Aware": false,"Async Capable": false,"Index Name": "idx_lineitem_part_supp","Startup Cost": 0.00,"Total Cost": 4.67,"Plan Rows": 31,"Plan Width": 0,"Actual Startup Time": 0.008,"Actual Total Time": 0.008,"Actual Rows": 30,"Actual Loops": 5621,"Index Cond": "(l_partkey = part.p_partkey)"}]}]}]}]},"Planning Time": 5.462,"Triggers": [],"Execution Time": 4859.846}]
[{"Plan": {"Node Type": "Aggregate","Strategy": "Plain","Partial Mode": "Simple","Parallel Aware": false,"Async Capable": false,"Startup Cost": 195919.40,"Total Cost": 195919.42,"Plan Rows": 1,"Plan Width": 32,"Actual Startup Time": 4930.834,"Actual Total Time": 4931.343,"Actual Rows": 1,"Actual Loops": 1,"Plans": [{"Node Type": "Hash Join","Parent Relationship": "Outer","Parallel Aware": false,"Async Capable": false,"Join Type": "Inner","Startup Cost": 6369.78,"Total Cost": 195914.34,"Plan Rows": 2026,"Plan Width": 8,"Actual Startup Time": 30.059,"Actual Total Time": 4931.122,"Actual Rows": 591,"Actual Loops": 1,"Inner Unique": true,"Hash Cond": "(lineitem.l_partkey = part.p_partkey)","Join Filter": "(lineitem.l_quantity < (SubPlan 1))","Rows Removed by Join Filter": 5908,"Plans": [{"Node Type": "Seq Scan","Parent Relationship": "Outer","Parallel Aware": false,"Async Capable": false,"Relation Name": "lineitem","Alias": "lineitem","Startup Cost": 0.00,"Total Cost": 172515.15,"Plan Rows": 6001215,"Plan Width": 17,"Actual Startup Time": 0.021,"Actual Total Time": 1014.915,"Actual Rows": 6001215,"Actual Loops": 1},{"Node Type": "Hash","Parent Relationship": "Inner","Parallel Aware": false,"Async Capable": false,"Startup Cost": 6367.25,"Total Cost": 6367.25,"Plan Rows": 203,"Plan Width": 4,"Actual Startup Time": 29.284,"Actual Total Time": 29.780,"Actual Rows": 216,"Actual Loops": 1,"Hash Buckets": 1024,"Original Hash Buckets": 1024,"Hash Batches": 1,"Original Hash Batches": 1,"Peak Memory Usage": 16,"Plans": [{"Node Type": "Gather","Parent Relationship": "Outer","Parallel Aware": false,"Async Capable": false,"Startup Cost": 1000.00,"Total Cost": 6367.25,"Plan Rows": 203,"Plan Width": 4,"Actual Startup Time": 1.561,"Actual Total Time": 29.684,"Actual Rows": 216,"Actual Loops": 1,"Workers Planned": 2,"Workers Launched": 2,"Single Copy": false,"Plans": [{"Node Type": "Seq Scan","Parent Relationship": "Outer","Parallel Aware": true,"Async Capable": false,"Relation Name": "part","Alias": "part","Startup Cost": 0.00,"Total Cost": 5347.00,"Plan Rows": 84,"Plan Width": 4,"Actual Startup Time": 0.703,"Actual Total Time": 23.479,"Actual Rows": 72,"Actual Loops": 3,"Filter": "((p_brand = 'Brand#23'::bpchar) AND (p_container = 'SM BAG'::bpchar))","Rows Removed by Filter": 66595,"Workers": []}]}]},{"Node Type": "Aggregate","Strategy": "Plain","Partial Mode": "Simple","Parent Relationship": "SubPlan","Subplan Name": "SubPlan 1","Parallel Aware": false,"Async Capable": false,"Startup Cost": 127.60,"Total Cost": 127.61,"Plan Rows": 1,"Plan Width": 32,"Actual Startup Time": 0.133,"Actual Total Time": 0.133,"Actual Rows": 1,"Actual Loops": 6499,"Plans": [{"Node Type": "Bitmap Heap Scan","Parent Relationship": "Outer","Parallel Aware": false,"Async Capable": false,"Relation Name": "lineitem","Alias": "lineitem_1","Startup Cost": 4.67,"Total Cost": 127.52,"Plan Rows": 31,"Plan Width": 5,"Actual Startup Time": 0.014,"Actual Total Time": 0.125,"Actual Rows": 31,"Actual Loops": 6499,"Recheck Cond": "(l_partkey = part.p_partkey)","Rows Removed by Index Recheck": 0,"Exact Heap Blocks": 202701,"Lossy Heap Blocks": 0,"Plans": [{"Node Type": "Bitmap Index Scan","Parent Relationship": "Outer","Parallel Aware": false,"Async Capable": false,"Index Name": "idx_lineitem_part_supp","Startup Cost": 0.00,"Total Cost": 4.67,"Plan Rows": 31,"Plan Width": 0,"Actual Startup Time": 0.008,"Actual Total Time": 0.008,"Actual Rows": 31,"Actual Loops": 6499,"Index Cond": "(l_partkey = part.p_partkey)"}]}]}]}]},"Planning Time": 5.632,"Triggers": [],"Execution Time": 4931.669}]
[{"Plan": {"Node Type": "Aggregate","Strategy": "Plain","Partial Mode": "Simple","Parallel Aware": false,"Async Capable": false,"Startup Cost": 195920.08,"Total Cost": 195920.09,"Plan Rows": 1,"Plan Width": 32,"Actual Startup Time": 4973.677,"Actual Total Time": 4974.411,"Actual Rows": 1,"Actual Loops": 1,"Plans": [{"Node Type": "Hash Join","Parent Relationship": "Outer","Parallel Aware": false,"Async Capable": false,"Join Type": "Inner","Startup Cost": 6370.33,"Total Cost": 195914.89,"Plan Rows": 2075,"Plan Width": 8,"Actual Startup Time": 57.674,"Actual Total Time": 4973.940,"Actual Rows": 532,"Actual Loops": 1,"Inner Unique": true,"Hash Cond": "(lineitem.l_partkey = part.p_partkey)","Join Filter": "(lineitem.l_quantity < (SubPlan 1))","Rows Removed by Join Filter": 5622,"Plans": [{"Node Type": "Seq Scan","Parent Relationship": "Outer","Parallel Aware": false,"Async Capable": false,"Relation Name": "lineitem","Alias": "lineitem","Startup Cost": 0.00,"Total Cost": 172515.15,"Plan Rows": 6001215,"Plan Width": 17,"Actual Startup Time": 0.019,"Actual Total Time": 1008.221,"Actual Rows": 6001215,"Actual Loops": 1},{"Node Type": "Hash","Parent Relationship": "Inner","Parallel Aware": false,"Async Capable": false,"Startup Cost": 6367.74,"Total Cost": 6367.74,"Plan Rows": 207,"Plan Width": 4,"Actual Startup Time": 32.692,"Actual Total Time": 33.394,"Actual Rows": 207,"Actual Loops": 1,"Hash Buckets": 1024,"Original Hash Buckets": 1024,"Hash Batches": 1,"Original Hash Batches": 1,"Peak Memory Usage": 16,"Plans": [{"Node Type": "Gather","Parent Relationship": "Outer","Parallel Aware": false,"Async Capable": false,"Startup Cost": 1000.00,"Total Cost": 6367.74,"Plan Rows": 207,"Plan Width": 4,"Actual Startup Time": 1.819,"Actual Total Time": 33.336,"Actual Rows": 207,"Actual Loops": 1,"Workers Planned": 2,"Workers Launched": 2,"Single Copy": false,"Plans": [{"Node Type": "Seq Scan","Parent Relationship": "Outer","Parallel Aware": true,"Async Capable": false,"Relation Name": "part","Alias": "part","Startup Cost": 0.00,"Total Cost": 5347.00,"Plan Rows": 86,"Plan Width": 4,"Actual Startup Time": 0.613,"Actual Total Time": 26.841,"Actual Rows": 69,"Actual Loops": 3,"Filter": "((p_brand = 'Brand#15'::bpchar) AND (p_container = 'WRAP JAR'::bpchar))","Rows Removed by Filter": 66598,"Workers": []}]}]},{"Node Type": "Aggregate","Strategy": "Plain","Partial Mode": "Simple","Parent Relationship": "SubPlan","Subplan Name": "SubPlan 1","Parallel Aware": false,"Async Capable": false,"Startup Cost": 127.60,"Total Cost": 127.61,"Plan Rows": 1,"Plan Width": 32,"Actual Startup Time": 0.136,"Actual Total Time": 0.136,"Actual Rows": 1,"Actual Loops": 6154,"Plans": [{"Node Type": "Bitmap Heap Scan","Parent Relationship": "Outer","Parallel Aware": false,"Async Capable": false,"Relation Name": "lineitem","Alias": "lineitem_1","Startup Cost": 4.67,"Total Cost": 127.52,"Plan Rows": 31,"Plan Width": 5,"Actual Startup Time": 0.014,"Actual Total Time": 0.128,"Actual Rows": 31,"Actual Loops": 6154,"Recheck Cond": "(l_partkey = part.p_partkey)","Rows Removed by Index Recheck": 0,"Exact Heap Blocks": 188660,"Lossy Heap Blocks": 0,"Plans": [{"Node Type": "Bitmap Index Scan","Parent Relationship": "Outer","Parallel Aware": false,"Async Capable": false,"Index Name": "idx_lineitem_part_supp","Startup Cost": 0.00,"Total Cost": 4.67,"Plan Rows": 31,"Plan Width": 0,"Actual Startup Time": 0.008,"Actual Total Time": 0.008,"Actual Rows": 31,"Actual Loops": 6154,"Index Cond": "(l_partkey = part.p_partkey)"}]}]}]}]},"Planning Time": 5.676,"Triggers": [],"Execution Time": 4974.843}]
[{"Plan": {"Node Type": "Aggregate","Strategy": "Plain","Partial Mode": "Simple","Parallel Aware": false,"Async Capable": false,"Startup Cost": 195917.65,"Total Cost": 195917.66,"Plan Rows": 1,"Plan Width": 32,"Actual Startup Time": 4852.232,"Actual Total Time": 4852.555,"Actual Rows": 1,"Actual Loops": 1,"Plans": [{"Node Type": "Hash Join","Parent Relationship": "Outer","Parallel Aware": false,"Async Capable": false,"Join Type": "Inner","Startup Cost": 6368.35,"Total Cost": 195912.90,"Plan Rows": 1898,"Plan Width": 8,"Actual Startup Time": 53.458,"Actual Total Time": 4852.316,"Actual Rows": 530,"Actual Loops": 1,"Inner Unique": true,"Hash Cond": "(lineitem.l_partkey = part.p_partkey)","Join Filter": "(lineitem.l_quantity < (SubPlan 1))","Rows Removed by Join Filter": 5339,"Plans": [{"Node Type": "Seq Scan","Parent Relationship": "Outer","Parallel Aware": false,"Async Capable": false,"Relation Name": "lineitem","Alias": "lineitem","Startup Cost": 0.00,"Total Cost": 172515.15,"Plan Rows": 6001215,"Plan Width": 17,"Actual Startup Time": 0.020,"Actual Total Time": 941.077,"Actual Rows": 6001215,"Actual Loops": 1},{"Node Type": "Hash","Parent Relationship": "Inner","Parallel Aware": false,"Async Capable": false,"Startup Cost": 6365.98,"Total Cost": 6365.98,"Plan Rows": 190,"Plan Width": 4,"Actual Startup Time": 31.620,"Actual Total Time": 31.930,"Actual Rows": 194,"Actual Loops": 1,"Hash Buckets": 1024,"Original Hash Buckets": 1024,"Hash Batches": 1,"Original Hash Batches": 1,"Peak Memory Usage": 15,"Plans": [{"Node Type": "Gather","Parent Relationship": "Outer","Parallel Aware": false,"Async Capable": false,"Startup Cost": 1000.00,"Total Cost": 6365.98,"Plan Rows": 190,"Plan Width": 4,"Actual Startup Time": 3.048,"Actual Total Time": 31.840,"Actual Rows": 194,"Actual Loops": 1,"Workers Planned": 2,"Workers Launched": 2,"Single Copy": false,"Plans": [{"Node Type": "Seq Scan","Parent Relationship": "Outer","Parallel Aware": true,"Async Capable": false,"Relation Name": "part","Alias": "part","Startup Cost": 0.00,"Total Cost": 5347.00,"Plan Rows": 79,"Plan Width": 4,"Actual Startup Time": 2.646,"Actual Total Time": 26.084,"Actual Rows": 65,"Actual Loops": 3,"Filter": "((p_brand = 'Brand#51'::bpchar) AND (p_container = 'SM CASE'::bpchar))","Rows Removed by Filter": 66602,"Workers": []}]}]},{"Node Type": "Aggregate","Strategy": "Plain","Partial Mode": "Simple","Parent Relationship": "SubPlan","Subplan Name": "SubPlan 1","Parallel Aware": false,"Async Capable": false,"Startup Cost": 127.60,"Total Cost": 127.61,"Plan Rows": 1,"Plan Width": 32,"Actual Startup Time": 0.120,"Actual Total Time": 0.120,"Actual Rows": 1,"Actual Loops": 5869,"Plans": [{"Node Type": "Bitmap Heap Scan","Parent Relationship": "Outer","Parallel Aware": false,"Async Capable": false,"Relation Name": "lineitem","Alias": "lineitem_1","Startup Cost": 4.67,"Total Cost": 127.52,"Plan Rows": 31,"Plan Width": 5,"Actual Startup Time": 0.013,"Actual Total Time": 0.112,"Actual Rows": 31,"Actual Loops": 5869,"Recheck Cond": "(l_partkey = part.p_partkey)","Rows Removed by Index Recheck": 0,"Exact Heap Blocks": 183627,"Lossy Heap Blocks": 0,"Plans": [{"Node Type": "Bitmap Index Scan","Parent Relationship": "Outer","Parallel Aware": false,"Async Capable": false,"Index Name": "idx_lineitem_part_supp","Startup Cost": 0.00,"Total Cost": 4.67,"Plan Rows": 31,"Plan Width": 0,"Actual Startup Time": 0.007,"Actual Total Time": 0.007,"Actual Rows": 31,"Actual Loops": 5869,"Index Cond": "(l_partkey = part.p_partkey)"}]}]}]}]},"Planning Time": 4.515,"Triggers": [],"Execution Time": 4852.866}]
[{"Plan": {"Node Type": "Aggregate","Strategy": "Plain","Partial Mode": "Simple","Parallel Aware": false,"Async Capable": false,"Startup Cost": 195918.56,"Total Cost": 195918.57,"Plan Rows": 1,"Plan Width": 32,"Actual Startup Time": 4778.195,"Actual Total Time": 4778.705,"Actual Rows": 1,"Actual Loops": 1,"Plans": [{"Node Type": "Hash Join","Parent Relationship": "Outer","Parallel Aware": false,"Async Capable": false,"Join Type": "Inner","Startup Cost": 6369.09,"Total Cost": 195913.65,"Plan Rows": 1964,"Plan Width": 8,"Actual Startup Time": 39.469,"Actual Total Time": 4778.515,"Actual Rows": 450,"Actual Loops": 1,"Inner Unique": true,"Hash Cond": "(lineitem.l_partkey = part.p_partkey)","Join Filter": "(lineitem.l_quantity < (SubPlan 1))","Rows Removed by Join Filter": 4814,"Plans": [{"Node Type": "Seq Scan","Parent Relationship": "Outer","Parallel Aware": false,"Async Capable": false,"Relation Name": "lineitem","Alias": "lineitem","Startup Cost": 0.00,"Total Cost": 172515.15,"Plan Rows": 6001215,"Plan Width": 17,"Actual Startup Time": 0.018,"Actual Total Time": 1024.340,"Actual Rows": 6001215,"Actual Loops": 1},{"Node Type": "Hash","Parent Relationship": "Inner","Parallel Aware": false,"Async Capable": false,"Startup Cost": 6366.64,"Total Cost": 6366.64,"Plan Rows": 196,"Plan Width": 4,"Actual Startup Time": 34.241,"Actual Total Time": 34.733,"Actual Rows": 170,"Actual Loops": 1,"Hash Buckets": 1024,"Original Hash Buckets": 1024,"Hash Batches": 1,"Original Hash Batches": 1,"Peak Memory Usage": 14,"Plans": [{"Node Type": "Gather","Parent Relationship": "Outer","Parallel Aware": false,"Async Capable": false,"Startup Cost": 1000.00,"Total Cost": 6366.64,"Plan Rows": 196,"Plan Width": 4,"Actual Startup Time": 1.862,"Actual Total Time": 34.663,"Actual Rows": 170,"Actual Loops": 1,"Workers Planned": 2,"Workers Launched": 2,"Single Copy": false,"Plans": [{"Node Type": "Seq Scan","Parent Relationship": "Outer","Parallel Aware": true,"Async Capable": false,"Relation Name": "part","Alias": "part","Startup Cost": 0.00,"Total Cost": 5347.00,"Plan Rows": 82,"Plan Width": 4,"Actual Startup Time": 0.681,"Actual Total Time": 28.192,"Actual Rows": 57,"Actual Loops": 3,"Filter": "((p_brand = 'Brand#55'::bpchar) AND (p_container = 'WRAP DRUM'::bpchar))","Rows Removed by Filter": 66610,"Workers": []}]}]},{"Node Type": "Aggregate","Strategy": "Plain","Partial Mode": "Simple","Parent Relationship": "SubPlan","Subplan Name": "SubPlan 1","Parallel Aware": false,"Async Capable": false,"Startup Cost": 127.60,"Total Cost": 127.61,"Plan Rows": 1,"Plan Width": 32,"Actual Startup Time": 0.137,"Actual Total Time": 0.137,"Actual Rows": 1,"Actual Loops": 5264,"Plans": [{"Node Type": "Bitmap Heap Scan","Parent Relationship": "Outer","Parallel Aware": false,"Async Capable": false,"Relation Name": "lineitem","Alias": "lineitem_1","Startup Cost": 4.67,"Total Cost": 127.52,"Plan Rows": 31,"Plan Width": 5,"Actual Startup Time": 0.014,"Actual Total Time": 0.130,"Actual Rows": 32,"Actual Loops": 5264,"Recheck Cond": "(l_partkey = part.p_partkey)","Rows Removed by Index Recheck": 0,"Exact Heap Blocks": 168578,"Lossy Heap Blocks": 0,"Plans": [{"Node Type": "Bitmap Index Scan","Parent Relationship": "Outer","Parallel Aware": false,"Async Capable": false,"Index Name": "idx_lineitem_part_supp","Startup Cost": 0.00,"Total Cost": 4.67,"Plan Rows": 31,"Plan Width": 0,"Actual Startup Time": 0.008,"Actual Total Time": 0.008,"Actual Rows": 32,"Actual Loops": 5264,"Index Cond": "(l_partkey = part.p_partkey)"}]}]}]}]},"Planning Time": 5.650,"Triggers": [],"Execution Time": 4779.009}]
[{"Plan": {"Node Type": "Aggregate","Strategy": "Plain","Partial Mode": "Simple","Parallel Aware": false,"Async Capable": false,"Startup Cost": 195918.81,"Total Cost": 195918.82,"Plan Rows": 1,"Plan Width": 32,"Actual Startup Time": 4888.643,"Actual Total Time": 4889.163,"Actual Rows": 1,"Actual Loops": 1,"Plans": [{"Node Type": "Hash Join","Parent Relationship": "Outer","Parallel Aware": false,"Async Capable": false,"Join Type": "Inner","Startup Cost": 6369.30,"Total Cost": 195913.85,"Plan Rows": 1982,"Plan Width": 8,"Actual Startup Time": 64.827,"Actual Total Time": 4888.976,"Actual Rows": 532,"Actual Loops": 1,"Inner Unique": true,"Hash Cond": "(lineitem.l_partkey = part.p_partkey)","Join Filter": "(lineitem.l_quantity < (SubPlan 1))","Rows Removed by Join Filter": 5410,"Plans": [{"Node Type": "Seq Scan","Parent Relationship": "Outer","Parallel Aware": false,"Async Capable": false,"Relation Name": "lineitem","Alias": "lineitem","Startup Cost": 0.00,"Total Cost": 172515.15,"Plan Rows": 6001215,"Plan Width": 17,"Actual Startup Time": 0.018,"Actual Total Time": 1031.721,"Actual Rows": 6001215,"Actual Loops": 1},{"Node Type": "Hash","Parent Relationship": "Inner","Parallel Aware": false,"Async Capable": false,"Startup Cost": 6366.82,"Total Cost": 6366.82,"Plan Rows": 198,"Plan Width": 4,"Actual Startup Time": 32.590,"Actual Total Time": 33.087,"Actual Rows": 196,"Actual Loops": 1,"Hash Buckets": 1024,"Original Hash Buckets": 1024,"Hash Batches": 1,"Original Hash Batches": 1,"Peak Memory Usage": 15,"Plans": [{"Node Type": "Gather","Parent Relationship": "Outer","Parallel Aware": false,"Async Capable": false,"Startup Cost": 1000.00,"Total Cost": 6366.82,"Plan Rows": 198,"Plan Width": 4,"Actual Startup Time": 0.899,"Actual Total Time": 33.004,"Actual Rows": 196,"Actual Loops": 1,"Workers Planned": 2,"Workers Launched": 2,"Single Copy": false,"Plans": [{"Node Type": "Seq Scan","Parent Relationship": "Outer","Parallel Aware": true,"Async Capable": false,"Relation Name": "part","Alias": "part","Startup Cost": 0.00,"Total Cost": 5347.00,"Plan Rows": 83,"Plan Width": 4,"Actual Startup Time": 1.140,"Actual Total Time": 26.454,"Actual Rows": 65,"Actual Loops": 3,"Filter": "((p_brand = 'Brand#44'::bpchar) AND (p_container = 'WRAP BAG'::bpchar))","Rows Removed by Filter": 66601,"Workers": []}]}]},{"Node Type": "Aggregate","Strategy": "Plain","Partial Mode": "Simple","Parent Relationship": "SubPlan","Subplan Name": "SubPlan 1","Parallel Aware": false,"Async Capable": false,"Startup Cost": 127.60,"Total Cost": 127.61,"Plan Rows": 1,"Plan Width": 32,"Actual Startup Time": 0.133,"Actual Total Time": 0.133,"Actual Rows": 1,"Actual Loops": 5942,"Plans": [{"Node Type": "Bitmap Heap Scan","Parent Relationship": "Outer","Parallel Aware": false,"Async Capable": false,"Relation Name": "lineitem","Alias": "lineitem_1","Startup Cost": 4.67,"Total Cost": 127.52,"Plan Rows": 31,"Plan Width": 5,"Actual Startup Time": 0.014,"Actual Total Time": 0.126,"Actual Rows": 31,"Actual Loops": 5942,"Recheck Cond": "(l_partkey = part.p_partkey)","Rows Removed by Index Recheck": 0,"Exact Heap Blocks": 185692,"Lossy Heap Blocks": 0,"Plans": [{"Node Type": "Bitmap Index Scan","Parent Relationship": "Outer","Parallel Aware": false,"Async Capable": false,"Index Name": "idx_lineitem_part_supp","Startup Cost": 0.00,"Total Cost": 4.67,"Plan Rows": 31,"Plan Width": 0,"Actual Startup Time": 0.008,"Actual Total Time": 0.008,"Actual Rows": 31,"Actual Loops": 5942,"Index Cond": "(l_partkey = part.p_partkey)"}]}]}]}]},"Planning Time": 4.413,"Triggers": [],"Execution Time": 4889.468}]
[{"Plan": {"Node Type": "Aggregate","Strategy": "Plain","Partial Mode": "Simple","Parallel Aware": false,"Async Capable": false,"Startup Cost": 195919.13,"Total Cost": 195919.15,"Plan Rows": 1,"Plan Width": 32,"Actual Startup Time": 4872.627,"Actual Total Time": 4873.161,"Actual Rows": 1,"Actual Loops": 1,"Plans": [{"Node Type": "Hash Join","Parent Relationship": "Outer","Parallel Aware": false,"Async Capable": false,"Join Type": "Inner","Startup Cost": 6369.56,"Total Cost": 195914.12,"Plan Rows": 2006,"Plan Width": 8,"Actual Startup Time": 49.203,"Actual Total Time": 4872.944,"Actual Rows": 564,"Actual Loops": 1,"Inner Unique": true,"Hash Cond": "(lineitem.l_partkey = part.p_partkey)","Join Filter": "(lineitem.l_quantity < (SubPlan 1))","Rows Removed by Join Filter": 5433,"Plans": [{"Node Type": "Seq Scan","Parent Relationship": "Outer","Parallel Aware": false,"Async Capable": false,"Relation Name": "lineitem","Alias": "lineitem","Startup Cost": 0.00,"Total Cost": 172515.15,"Plan Rows": 6001215,"Plan Width": 17,"Actual Startup Time": 0.010,"Actual Total Time": 1009.982,"Actual Rows": 6001215,"Actual Loops": 1},{"Node Type": "Hash","Parent Relationship": "Inner","Parallel Aware": false,"Async Capable": false,"Startup Cost": 6367.06,"Total Cost": 6367.06,"Plan Rows": 201,"Plan Width": 4,"Actual Startup Time": 31.694,"Actual Total Time": 32.209,"Actual Rows": 203,"Actual Loops": 1,"Hash Buckets": 1024,"Original Hash Buckets": 1024,"Hash Batches": 1,"Original Hash Batches": 1,"Peak Memory Usage": 16,"Plans": [{"Node Type": "Gather","Parent Relationship": "Outer","Parallel Aware": false,"Async Capable": false,"Startup Cost": 1000.00,"Total Cost": 6367.06,"Plan Rows": 201,"Plan Width": 4,"Actual Startup Time": 0.873,"Actual Total Time": 32.140,"Actual Rows": 203,"Actual Loops": 1,"Workers Planned": 2,"Workers Launched": 2,"Single Copy": false,"Plans": [{"Node Type": "Seq Scan","Parent Relationship": "Outer","Parallel Aware": true,"Async Capable": false,"Relation Name": "part","Alias": "part","Startup Cost": 0.00,"Total Cost": 5347.00,"Plan Rows": 84,"Plan Width": 4,"Actual Startup Time": 1.765,"Actual Total Time": 25.651,"Actual Rows": 68,"Actual Loops": 3,"Filter": "((p_brand = 'Brand#51'::bpchar) AND (p_container = 'SM JAR'::bpchar))","Rows Removed by Filter": 66599,"Workers": []}]}]},{"Node Type": "Aggregate","Strategy": "Plain","Partial Mode": "Simple","Parent Relationship": "SubPlan","Subplan Name": "SubPlan 1","Parallel Aware": false,"Async Capable": false,"Startup Cost": 127.60,"Total Cost": 127.61,"Plan Rows": 1,"Plan Width": 32,"Actual Startup Time": 0.130,"Actual Total Time": 0.130,"Actual Rows": 1,"Actual Loops": 5997,"Plans": [{"Node Type": "Bitmap Heap Scan","Parent Relationship": "Outer","Parallel Aware": false,"Async Capable": false,"Relation Name": "lineitem","Alias": "lineitem_1","Startup Cost": 4.67,"Total Cost": 127.52,"Plan Rows": 31,"Plan Width": 5,"Actual Startup Time": 0.014,"Actual Total Time": 0.123,"Actual Rows": 30,"Actual Loops": 5997,"Recheck Cond": "(l_partkey = part.p_partkey)","Rows Removed by Index Recheck": 0,"Exact Heap Blocks": 182809,"Lossy Heap Blocks": 0,"Plans": [{"Node Type": "Bitmap Index Scan","Parent Relationship": "Outer","Parallel Aware": false,"Async Capable": false,"Index Name": "idx_lineitem_part_supp","Startup Cost": 0.00,"Total Cost": 4.67,"Plan Rows": 31,"Plan Width": 0,"Actual Startup Time": 0.008,"Actual Total Time": 0.008,"Actual Rows": 30,"Actual Loops": 5997,"Index Cond": "(l_partkey = part.p_partkey)"}]}]}]}]},"Planning Time": 4.761,"Triggers": [],"Execution Time": 4873.425}]
[{"Plan": {"Node Type": "Aggregate","Strategy": "Plain","Partial Mode": "Simple","Parallel Aware": false,"Async Capable": false,"Startup Cost": 195917.65,"Total Cost": 195917.67,"Plan Rows": 1,"Plan Width": 32,"Actual Startup Time": 4841.140,"Actual Total Time": 4841.631,"Actual Rows": 1,"Actual Loops": 1,"Plans": [{"Node Type": "Hash Join","Parent Relationship": "Outer","Parallel Aware": false,"Async Capable": false,"Join Type": "Inner","Startup Cost": 6368.35,"Total Cost": 195912.91,"Plan Rows": 1898,"Plan Width": 8,"Actual Startup Time": 34.624,"Actual Total Time": 4841.337,"Actual Rows": 506,"Actual Loops": 1,"Inner Unique": true,"Hash Cond": "(lineitem.l_partkey = part.p_partkey)","Join Filter": "(lineitem.l_quantity < (SubPlan 1))","Rows Removed by Join Filter": 5560,"Plans": [{"Node Type": "Seq Scan","Parent Relationship": "Outer","Parallel Aware": false,"Async Capable": false,"Relation Name": "lineitem","Alias": "lineitem","Startup Cost": 0.00,"Total Cost": 172515.15,"Plan Rows": 6001215,"Plan Width": 17,"Actual Startup Time": 0.012,"Actual Total Time": 951.623,"Actual Rows": 6001215,"Actual Loops": 1},{"Node Type": "Hash","Parent Relationship": "Inner","Parallel Aware": false,"Async Capable": false,"Startup Cost": 6365.98,"Total Cost": 6365.98,"Plan Rows": 190,"Plan Width": 4,"Actual Startup Time": 32.237,"Actual Total Time": 32.715,"Actual Rows": 205,"Actual Loops": 1,"Hash Buckets": 1024,"Original Hash Buckets": 1024,"Hash Batches": 1,"Original Hash Batches": 1,"Peak Memory Usage": 16,"Plans": [{"Node Type": "Gather","Parent Relationship": "Outer","Parallel Aware": false,"Async Capable": false,"Startup Cost": 1000.00,"Total Cost": 6365.98,"Plan Rows": 190,"Plan Width": 4,"Actual Startup Time": 0.506,"Actual Total Time": 32.606,"Actual Rows": 205,"Actual Loops": 1,"Workers Planned": 2,"Workers Launched": 2,"Single Copy": false,"Plans": [{"Node Type": "Seq Scan","Parent Relationship": "Outer","Parallel Aware": true,"Async Capable": false,"Relation Name": "part","Alias": "part","Startup Cost": 0.00,"Total Cost": 5347.00,"Plan Rows": 79,"Plan Width": 4,"Actual Startup Time": 0.581,"Actual Total Time": 26.645,"Actual Rows": 68,"Actual Loops": 3,"Filter": "((p_brand = 'Brand#43'::bpchar) AND (p_container = 'JUMBO PACK'::bpchar))","Rows Removed by Filter": 66598,"Workers": []}]}]},{"Node Type": "Aggregate","Strategy": "Plain","Partial Mode": "Simple","Parent Relationship": "SubPlan","Subplan Name": "SubPlan 1","Parallel Aware": false,"Async Capable": false,"Startup Cost": 127.60,"Total Cost": 127.61,"Plan Rows": 1,"Plan Width": 32,"Actual Startup Time": 0.124,"Actual Total Time": 0.125,"Actual Rows": 1,"Actual Loops": 6066,"Plans": [{"Node Type": "Bitmap Heap Scan","Parent Relationship": "Outer","Parallel Aware": false,"Async Capable": false,"Relation Name": "lineitem","Alias": "lineitem_1","Startup Cost": 4.67,"Total Cost": 127.52,"Plan Rows": 31,"Plan Width": 5,"Actual Startup Time": 0.014,"Actual Total Time": 0.117,"Actual Rows": 31,"Actual Loops": 6066,"Recheck Cond": "(l_partkey = part.p_partkey)","Rows Removed by Index Recheck": 0,"Exact Heap Blocks": 185107,"Lossy Heap Blocks": 0,"Plans": [{"Node Type": "Bitmap Index Scan","Parent Relationship": "Outer","Parallel Aware": false,"Async Capable": false,"Index Name": "idx_lineitem_part_supp","Startup Cost": 0.00,"Total Cost": 4.67,"Plan Rows": 31,"Plan Width": 0,"Actual Startup Time": 0.008,"Actual Total Time": 0.008,"Actual Rows": 31,"Actual Loops": 6066,"Index Cond": "(l_partkey = part.p_partkey)"}]}]}]}]},"Planning Time": 5.818,"Triggers": [],"Execution Time": 4841.853}]
[{"Plan": {"Node Type": "Aggregate","Strategy": "Plain","Partial Mode": "Simple","Parallel Aware": false,"Async Capable": false,"Startup Cost": 195919.40,"Total Cost": 195919.41,"Plan Rows": 1,"Plan Width": 32,"Actual Startup Time": 4803.766,"Actual Total Time": 4804.429,"Actual Rows": 1,"Actual Loops": 1,"Plans": [{"Node Type": "Hash Join","Parent Relationship": "Outer","Parallel Aware": false,"Async Capable": false,"Join Type": "Inner","Startup Cost": 6369.78,"Total Cost": 195914.33,"Plan Rows": 2025,"Plan Width": 8,"Actual Startup Time": 32.733,"Actual Total Time": 4804.222,"Actual Rows": 500,"Actual Loops": 1,"Inner Unique": true,"Hash Cond": "(lineitem.l_partkey = part.p_partkey)","Join Filter": "(lineitem.l_quantity < (SubPlan 1))","Rows Removed by Join Filter": 5257,"Plans": [{"Node Type": "Seq Scan","Parent Relationship": "Outer","Parallel Aware": false,"Async Capable": false,"Relation Name": "lineitem","Alias": "lineitem","Startup Cost": 0.00,"Total Cost": 172515.15,"Plan Rows": 6001215,"Plan Width": 17,"Actual Startup Time": 0.014,"Actual Total Time": 1012.644,"Actual Rows": 6001215,"Actual Loops": 1},{"Node Type": "Hash","Parent Relationship": "Inner","Parallel Aware": false,"Async Capable": false,"Startup Cost": 6367.25,"Total Cost": 6367.25,"Plan Rows": 202,"Plan Width": 4,"Actual Startup Time": 31.824,"Actual Total Time": 32.466,"Actual Rows": 197,"Actual Loops": 1,"Hash Buckets": 1024,"Original Hash Buckets": 1024,"Hash Batches": 1,"Original Hash Batches": 1,"Peak Memory Usage": 15,"Plans": [{"Node Type": "Gather","Parent Relationship": "Outer","Parallel Aware": false,"Async Capable": false,"Startup Cost": 1000.00,"Total Cost": 6367.25,"Plan Rows": 202,"Plan Width": 4,"Actual Startup Time": 0.697,"Actual Total Time": 32.415,"Actual Rows": 197,"Actual Loops": 1,"Workers Planned": 2,"Workers Launched": 2,"Single Copy": false,"Plans": [{"Node Type": "Seq Scan","Parent Relationship": "Outer","Parallel Aware": true,"Async Capable": false,"Relation Name": "part","Alias": "part","Startup Cost": 0.00,"Total Cost": 5347.00,"Plan Rows": 84,"Plan Width": 4,"Actual Startup Time": 1.040,"Actual Total Time": 25.806,"Actual Rows": 66,"Actual Loops": 3,"Filter": "((p_brand = 'Brand#15'::bpchar) AND (p_container = 'WRAP BOX'::bpchar))","Rows Removed by Filter": 66601,"Workers": []}]}]},{"Node Type": "Aggregate","Strategy": "Plain","Partial Mode": "Simple","Parent Relationship": "SubPlan","Subplan Name": "SubPlan 1","Parallel Aware": false,"Async Capable": false,"Startup Cost": 127.60,"Total Cost": 127.61,"Plan Rows": 1,"Plan Width": 32,"Actual Startup Time": 0.131,"Actual Total Time": 0.131,"Actual Rows": 1,"Actual Loops": 5757,"Plans": [{"Node Type": "Bitmap Heap Scan","Parent Relationship": "Outer","Parallel Aware": false,"Async Capable": false,"Relation Name": "lineitem","Alias": "lineitem_1","Startup Cost": 4.67,"Total Cost": 127.52,"Plan Rows": 31,"Plan Width": 5,"Actual Startup Time": 0.014,"Actual Total Time": 0.124,"Actual Rows": 30,"Actual Loops": 5757,"Recheck Cond": "(l_partkey = part.p_partkey)","Rows Removed by Index Recheck": 0,"Exact Heap Blocks": 174599,"Lossy Heap Blocks": 0,"Plans": [{"Node Type": "Bitmap Index Scan","Parent Relationship": "Outer","Parallel Aware": false,"Async Capable": false,"Index Name": "idx_lineitem_part_supp","Startup Cost": 0.00,"Total Cost": 4.67,"Plan Rows": 31,"Plan Width": 0,"Actual Startup Time": 0.008,"Actual Total Time": 0.008,"Actual Rows": 30,"Actual Loops": 5757,"Index Cond": "(l_partkey = part.p_partkey)"}]}]}]}]},"Planning Time": 4.748,"Triggers": [],"Execution Time": 4804.681}]
[{"Plan": {"Node Type": "Aggregate","Strategy": "Plain","Partial Mode": "Simple","Parallel Aware": false,"Async Capable": false,"Startup Cost": 195918.24,"Total Cost": 195918.25,"Plan Rows": 1,"Plan Width": 32,"Actual Startup Time": 4674.598,"Actual Total Time": 4674.975,"Actual Rows": 1,"Actual Loops": 1,"Plans": [{"Node Type": "Hash Join","Parent Relationship": "Outer","Parallel Aware": false,"Async Capable": false,"Join Type": "Inner","Startup Cost": 6368.83,"Total Cost": 195913.38,"Plan Rows": 1941,"Plan Width": 8,"Actual Startup Time": 33.462,"Actual Total Time": 4674.751,"Actual Rows": 495,"Actual Loops": 1,"Inner Unique": true,"Hash Cond": "(lineitem.l_partkey = part.p_partkey)","Join Filter": "(lineitem.l_quantity < (SubPlan 1))","Rows Removed by Join Filter": 4991,"Plans": [{"Node Type": "Seq Scan","Parent Relationship": "Outer","Parallel Aware": false,"Async Capable": false,"Relation Name": "lineitem","Alias": "lineitem","Startup Cost": 0.00,"Total Cost": 172515.15,"Plan Rows": 6001215,"Plan Width": 17,"Actual Startup Time": 0.018,"Actual Total Time": 914.040,"Actual Rows": 6001215,"Actual Loops": 1},{"Node Type": "Hash","Parent Relationship": "Inner","Parallel Aware": false,"Async Capable": false,"Startup Cost": 6366.40,"Total Cost": 6366.40,"Plan Rows": 194,"Plan Width": 4,"Actual Startup Time": 32.429,"Actual Total Time": 32.793,"Actual Rows": 182,"Actual Loops": 1,"Hash Buckets": 1024,"Original Hash Buckets": 1024,"Hash Batches": 1,"Original Hash Batches": 1,"Peak Memory Usage": 15,"Plans": [{"Node Type": "Gather","Parent Relationship": "Outer","Parallel Aware": false,"Async Capable": false,"Startup Cost": 1000.00,"Total Cost": 6366.40,"Plan Rows": 194,"Plan Width": 4,"Actual Startup Time": 1.261,"Actual Total Time": 32.723,"Actual Rows": 182,"Actual Loops": 1,"Workers Planned": 2,"Workers Launched": 2,"Single Copy": false,"Plans": [{"Node Type": "Seq Scan","Parent Relationship": "Outer","Parallel Aware": true,"Async Capable": false,"Relation Name": "part","Alias": "part","Startup Cost": 0.00,"Total Cost": 5347.00,"Plan Rows": 81,"Plan Width": 4,"Actual Startup Time": 1.682,"Actual Total Time": 26.830,"Actual Rows": 61,"Actual Loops": 3,"Filter": "((p_brand = 'Brand#11'::bpchar) AND (p_container = 'WRAP PKG'::bpchar))","Rows Removed by Filter": 66606,"Workers": []}]}]},{"Node Type": "Aggregate","Strategy": "Plain","Partial Mode": "Simple","Parent Relationship": "SubPlan","Subplan Name": "SubPlan 1","Parallel Aware": false,"Async Capable": false,"Startup Cost": 127.60,"Total Cost": 127.61,"Plan Rows": 1,"Plan Width": 32,"Actual Startup Time": 0.113,"Actual Total Time": 0.113,"Actual Rows": 1,"Actual Loops": 5486,"Plans": [{"Node Type": "Bitmap Heap Scan","Parent Relationship": "Outer","Parallel Aware": false,"Async Capable": false,"Relation Name": "lineitem","Alias": "lineitem_1","Startup Cost": 4.67,"Total Cost": 127.52,"Plan Rows": 31,"Plan Width": 5,"Actual Startup Time": 0.013,"Actual Total Time": 0.106,"Actual Rows": 31,"Actual Loops": 5486,"Recheck Cond": "(l_partkey = part.p_partkey)","Rows Removed by Index Recheck": 0,"Exact Heap Blocks": 171543,"Lossy Heap Blocks": 0,"Plans": [{"Node Type": "Bitmap Index Scan","Parent Relationship": "Outer","Parallel Aware": false,"Async Capable": false,"Index Name": "idx_lineitem_part_supp","Startup Cost": 0.00,"Total Cost": 4.67,"Plan Rows": 31,"Plan Width": 0,"Actual Startup Time": 0.007,"Actual Total Time": 0.007,"Actual Rows": 31,"Actual Loops": 5486,"Index Cond": "(l_partkey = part.p_partkey)"}]}]}]}]},"Planning Time": 4.570,"Triggers": [],"Execution Time": 4675.244}]
[{"Plan": {"Node Type": "Aggregate","Strategy": "Plain","Partial Mode": "Simple","Parallel Aware": false,"Async Capable": false,"Startup Cost": 195920.31,"Total Cost": 195920.32,"Plan Rows": 1,"Plan Width": 32,"Actual Startup Time": 4940.635,"Actual Total Time": 4941.265,"Actual Rows": 1,"Actual Loops": 1,"Plans": [{"Node Type": "Hash Join","Parent Relationship": "Outer","Parallel Aware": false,"Async Capable": false,"Join Type": "Inner","Startup Cost": 6370.52,"Total Cost": 195915.08,"Plan Rows": 2091,"Plan Width": 8,"Actual Startup Time": 45.285,"Actual Total Time": 4940.726,"Actual Rows": 523,"Actual Loops": 1,"Inner Unique": true,"Hash Cond": "(lineitem.l_partkey = part.p_partkey)","Join Filter": "(lineitem.l_quantity < (SubPlan 1))","Rows Removed by Join Filter": 6146,"Plans": [{"Node Type": "Seq Scan","Parent Relationship": "Outer","Parallel Aware": false,"Async Capable": false,"Relation Name": "lineitem","Alias": "lineitem","Startup Cost": 0.00,"Total Cost": 172515.15,"Plan Rows": 6001215,"Plan Width": 17,"Actual Startup Time": 0.013,"Actual Total Time": 978.103,"Actual Rows": 6001215,"Actual Loops": 1},{"Node Type": "Hash","Parent Relationship": "Inner","Parallel Aware": false,"Async Capable": false,"Startup Cost": 6367.91,"Total Cost": 6367.91,"Plan Rows": 209,"Plan Width": 4,"Actual Startup Time": 32.084,"Actual Total Time": 32.680,"Actual Rows": 224,"Actual Loops": 1,"Hash Buckets": 1024,"Original Hash Buckets": 1024,"Hash Batches": 1,"Original Hash Batches": 1,"Peak Memory Usage": 16,"Plans": [{"Node Type": "Gather","Parent Relationship": "Outer","Parallel Aware": false,"Async Capable": false,"Startup Cost": 1000.00,"Total Cost": 6367.91,"Plan Rows": 209,"Plan Width": 4,"Actual Startup Time": 2.728,"Actual Total Time": 32.605,"Actual Rows": 224,"Actual Loops": 1,"Workers Planned": 2,"Workers Launched": 2,"Single Copy": false,"Plans": [{"Node Type": "Seq Scan","Parent Relationship": "Outer","Parallel Aware": true,"Async Capable": false,"Relation Name": "part","Alias": "part","Startup Cost": 0.00,"Total Cost": 5347.00,"Plan Rows": 87,"Plan Width": 4,"Actual Startup Time": 1.122,"Actual Total Time": 26.479,"Actual Rows": 75,"Actual Loops": 3,"Filter": "((p_brand = 'Brand#45'::bpchar) AND (p_container = 'WRAP JAR'::bpchar))","Rows Removed by Filter": 66592,"Workers": []}]}]},{"Node Type": "Aggregate","Strategy": "Plain","Partial Mode": "Simple","Parent Relationship": "SubPlan","Subplan Name": "SubPlan 1","Parallel Aware": false,"Async Capable": false,"Startup Cost": 127.60,"Total Cost": 127.61,"Plan Rows": 1,"Plan Width": 32,"Actual Startup Time": 0.120,"Actual Total Time": 0.120,"Actual Rows": 1,"Actual Loops": 6669,"Plans": [{"Node Type": "Bitmap Heap Scan","Parent Relationship": "Outer","Parallel Aware": false,"Async Capable": false,"Relation Name": "lineitem","Alias": "lineitem_1","Startup Cost": 4.67,"Total Cost": 127.52,"Plan Rows": 31,"Plan Width": 5,"Actual Startup Time": 0.013,"Actual Total Time": 0.113,"Actual Rows": 31,"Actual Loops": 6669,"Recheck Cond": "(l_partkey = part.p_partkey)","Rows Removed by Index Recheck": 0,"Exact Heap Blocks": 205264,"Lossy Heap Blocks": 0,"Plans": [{"Node Type": "Bitmap Index Scan","Parent Relationship": "Outer","Parallel Aware": false,"Async Capable": false,"Index Name": "idx_lineitem_part_supp","Startup Cost": 0.00,"Total Cost": 4.67,"Plan Rows": 31,"Plan Width": 0,"Actual Startup Time": 0.007,"Actual Total Time": 0.007,"Actual Rows": 31,"Actual Loops": 6669,"Index Cond": "(l_partkey = part.p_partkey)"}]}]}]}]},"Planning Time": 4.900,"Triggers": [],"Execution Time": 4941.603}]
[{"Plan": {"Node Type": "Aggregate","Strategy": "Plain","Partial Mode": "Simple","Parallel Aware": false,"Async Capable": false,"Startup Cost": 195918.44,"Total Cost": 195918.45,"Plan Rows": 1,"Plan Width": 32,"Actual Startup Time": 4935.088,"Actual Total Time": 4935.795,"Actual Rows": 1,"Actual Loops": 1,"Plans": [{"Node Type": "Hash Join","Parent Relationship": "Outer","Parallel Aware": false,"Async Capable": false,"Join Type": "Inner","Startup Cost": 6368.99,"Total Cost": 195913.55,"Plan Rows": 1955,"Plan Width": 8,"Actual Startup Time": 45.654,"Actual Total Time": 4935.361,"Actual Rows": 592,"Actual Loops": 1,"Inner Unique": true,"Hash Cond": "(lineitem.l_partkey = part.p_partkey)","Join Filter": "(lineitem.l_quantity < (SubPlan 1))","Rows Removed by Join Filter": 5858,"Plans": [{"Node Type": "Seq Scan","Parent Relationship": "Outer","Parallel Aware": false,"Async Capable": false,"Relation Name": "lineitem","Alias": "lineitem","Startup Cost": 0.00,"Total Cost": 172515.15,"Plan Rows": 6001215,"Plan Width": 17,"Actual Startup Time": 0.022,"Actual Total Time": 981.793,"Actual Rows": 6001215,"Actual Loops": 1},{"Node Type": "Hash","Parent Relationship": "Inner","Parallel Aware": false,"Async Capable": false,"Startup Cost": 6366.55,"Total Cost": 6366.55,"Plan Rows": 195,"Plan Width": 4,"Actual Startup Time": 33.213,"Actual Total Time": 33.883,"Actual Rows": 216,"Actual Loops": 1,"Hash Buckets": 1024,"Original Hash Buckets": 1024,"Hash Batches": 1,"Original Hash Batches": 1,"Peak Memory Usage": 16,"Plans": [{"Node Type": "Gather","Parent Relationship": "Outer","Parallel Aware": false,"Async Capable": false,"Startup Cost": 1000.00,"Total Cost": 6366.55,"Plan Rows": 195,"Plan Width": 4,"Actual Startup Time": 1.930,"Actual Total Time": 33.807,"Actual Rows": 216,"Actual Loops": 1,"Workers Planned": 2,"Workers Launched": 2,"Single Copy": false,"Plans": [{"Node Type": "Seq Scan","Parent Relationship": "Outer","Parallel Aware": true,"Async Capable": false,"Relation Name": "part","Alias": "part","Startup Cost": 0.00,"Total Cost": 5347.00,"Plan Rows": 81,"Plan Width": 4,"Actual Startup Time": 0.602,"Actual Total Time": 27.608,"Actual Rows": 72,"Actual Loops": 3,"Filter": "((p_brand = 'Brand#13'::bpchar) AND (p_container = 'LG PACK'::bpchar))","Rows Removed by Filter": 66595,"Workers": []}]}]},{"Node Type": "Aggregate","Strategy": "Plain","Partial Mode": "Simple","Parent Relationship": "SubPlan","Subplan Name": "SubPlan 1","Parallel Aware": false,"Async Capable": false,"Startup Cost": 127.60,"Total Cost": 127.61,"Plan Rows": 1,"Plan Width": 32,"Actual Startup Time": 0.120,"Actual Total Time": 0.120,"Actual Rows": 1,"Actual Loops": 6450,"Plans": [{"Node Type": "Bitmap Heap Scan","Parent Relationship": "Outer","Parallel Aware": false,"Async Capable": false,"Relation Name": "lineitem","Alias": "lineitem_1","Startup Cost": 4.67,"Total Cost": 127.52,"Plan Rows": 31,"Plan Width": 5,"Actual Startup Time": 0.013,"Actual Total Time": 0.113,"Actual Rows": 31,"Actual Loops": 6450,"Recheck Cond": "(l_partkey = part.p_partkey)","Rows Removed by Index Recheck": 0,"Exact Heap Blocks": 198768,"Lossy Heap Blocks": 0,"Plans": [{"Node Type": "Bitmap Index Scan","Parent Relationship": "Outer","Parallel Aware": false,"Async Capable": false,"Index Name": "idx_lineitem_part_supp","Startup Cost": 0.00,"Total Cost": 4.67,"Plan Rows": 31,"Plan Width": 0,"Actual Startup Time": 0.007,"Actual Total Time": 0.007,"Actual Rows": 31,"Actual Loops": 6450,"Index Cond": "(l_partkey = part.p_partkey)"}]}]}]}]},"Planning Time": 4.795,"Triggers": [],"Execution Time": 4936.209}]
[{"Plan": {"Node Type": "Aggregate","Strategy": "Plain","Partial Mode": "Simple","Parallel Aware": false,"Async Capable": false,"Startup Cost": 195918.31,"Total Cost": 195918.32,"Plan Rows": 1,"Plan Width": 32,"Actual Startup Time": 4858.750,"Actual Total Time": 4859.500,"Actual Rows": 1,"Actual Loops": 1,"Plans": [{"Node Type": "Hash Join","Parent Relationship": "Outer","Parallel Aware": false,"Async Capable": false,"Join Type": "Inner","Startup Cost": 6368.89,"Total Cost": 195913.44,"Plan Rows": 1946,"Plan Width": 8,"Actual Startup Time": 35.700,"Actual Total Time": 4859.054,"Actual Rows": 508,"Actual Loops": 1,"Inner Unique": true,"Hash Cond": "(lineitem.l_partkey = part.p_partkey)","Join Filter": "(lineitem.l_quantity < (SubPlan 1))","Rows Removed by Join Filter": 5113,"Plans": [{"Node Type": "Seq Scan","Parent Relationship": "Outer","Parallel Aware": false,"Async Capable": false,"Relation Name": "lineitem","Alias": "lineitem","Startup Cost": 0.00,"Total Cost": 172515.15,"Plan Rows": 6001215,"Plan Width": 17,"Actual Startup Time": 0.016,"Actual Total Time": 998.174,"Actual Rows": 6001215,"Actual Loops": 1},{"Node Type": "Hash","Parent Relationship": "Inner","Parallel Aware": false,"Async Capable": false,"Startup Cost": 6366.46,"Total Cost": 6366.46,"Plan Rows": 195,"Plan Width": 4,"Actual Startup Time": 30.190,"Actual Total Time": 30.904,"Actual Rows": 190,"Actual Loops": 1,"Hash Buckets": 1024,"Original Hash Buckets": 1024,"Hash Batches": 1,"Original Hash Batches": 1,"Peak Memory Usage": 15,"Plans": [{"Node Type": "Gather","Parent Relationship": "Outer","Parallel Aware": false,"Async Capable": false,"Startup Cost": 1000.00,"Total Cost": 6366.46,"Plan Rows": 195,"Plan Width": 4,"Actual Startup Time": 1.681,"Actual Total Time": 30.824,"Actual Rows": 190,"Actual Loops": 1,"Workers Planned": 2,"Workers Launched": 2,"Single Copy": false,"Plans": [{"Node Type": "Seq Scan","Parent Relationship": "Outer","Parallel Aware": true,"Async Capable": false,"Relation Name": "part","Alias": "part","Startup Cost": 0.00,"Total Cost": 5347.00,"Plan Rows": 81,"Plan Width": 4,"Actual Startup Time": 1.288,"Actual Total Time": 24.685,"Actual Rows": 63,"Actual Loops": 3,"Filter": "((p_brand = 'Brand#54'::bpchar) AND (p_container = 'SM PACK'::bpchar))","Rows Removed by Filter": 66603,"Workers": []}]}]},{"Node Type": "Aggregate","Strategy": "Plain","Partial Mode": "Simple","Parent Relationship": "SubPlan","Subplan Name": "SubPlan 1","Parallel Aware": false,"Async Capable": false,"Startup Cost": 127.60,"Total Cost": 127.61,"Plan Rows": 1,"Plan Width": 32,"Actual Startup Time": 0.133,"Actual Total Time": 0.133,"Actual Rows": 1,"Actual Loops": 5621,"Plans": [{"Node Type": "Bitmap Heap Scan","Parent Relationship": "Outer","Parallel Aware": false,"Async Capable": false,"Relation Name": "lineitem","Alias": "lineitem_1","Startup Cost": 4.67,"Total Cost": 127.52,"Plan Rows": 31,"Plan Width": 5,"Actual Startup Time": 0.014,"Actual Total Time": 0.126,"Actual Rows": 30,"Actual Loops": 5621,"Recheck Cond": "(l_partkey = part.p_partkey)","Rows Removed by Index Recheck": 0,"Exact Heap Blocks": 171071,"Lossy Heap Blocks": 0,"Plans": [{"Node Type": "Bitmap Index Scan","Parent Relationship": "Outer","Parallel Aware": false,"Async Capable": false,"Index Name": "idx_lineitem_part_supp","Startup Cost": 0.00,"Total Cost": 4.67,"Plan Rows": 31,"Plan Width": 0,"Actual Startup Time": 0.008,"Actual Total Time": 0.008,"Actual Rows": 30,"Actual Loops": 5621,"Index Cond": "(l_partkey = part.p_partkey)"}]}]}]}]},"Planning Time": 5.462,"Triggers": [],"Execution Time": 4859.846}]
[{"Plan": {"Node Type": "Aggregate","Strategy": "Plain","Partial Mode": "Simple","Parallel Aware": false,"Async Capable": false,"Startup Cost": 195918.06,"Total Cost": 195918.08,"Plan Rows": 1,"Plan Width": 32,"Actual Startup Time": 4749.362,"Actual Total Time": 4749.934,"Actual Rows": 1,"Actual Loops": 1,"Plans": [{"Node Type": "Hash Join","Parent Relationship": "Outer","Parallel Aware": false,"Async Capable": false,"Join Type": "Inner","Startup Cost": 6368.69,"Total Cost": 195913.24,"Plan Rows": 1928,"Plan Width": 8,"Actual Startup Time": 32.170,"Actual Total Time": 4749.650,"Actual Rows": 473,"Actual Loops": 1,"Inner Unique": true,"Hash Cond": "(lineitem.l_partkey = part.p_partkey)","Join Filter": "(lineitem.l_quantity < (SubPlan 1))","Rows Removed by Join Filter": 4961,"Plans": [{"Node Type": "Seq Scan","Parent Relationship": "Outer","Parallel Aware": false,"Async Capable": false,"Relation Name": "lineitem","Alias": "lineitem","Startup Cost": 0.00,"Total Cost": 172515.15,"Plan Rows": 6001215,"Plan Width": 17,"Actual Startup Time": 0.019,"Actual Total Time": 939.903,"Actual Rows": 6001215,"Actual Loops": 1},{"Node Type": "Hash","Parent Relationship": "Inner","Parallel Aware": false,"Async Capable": false,"Startup Cost": 6366.28,"Total Cost": 6366.28,"Plan Rows": 193,"Plan Width": 4,"Actual Startup Time": 30.839,"Actual Total Time": 31.390,"Actual Rows": 180,"Actual Loops": 1,"Hash Buckets": 1024,"Original Hash Buckets": 1024,"Hash Batches": 1,"Original Hash Batches": 1,"Peak Memory Usage": 15,"Plans": [{"Node Type": "Gather","Parent Relationship": "Outer","Parallel Aware": false,"Async Capable": false,"Startup Cost": 1000.00,"Total Cost": 6366.28,"Plan Rows": 193,"Plan Width": 4,"Actual Startup Time": 1.016,"Actual Total Time": 31.298,"Actual Rows": 180,"Actual Loops": 1,"Workers Planned": 2,"Workers Launched": 2,"Single Copy": false,"Plans": [{"Node Type": "Seq Scan","Parent Relationship": "Outer","Parallel Aware": true,"Async Capable": false,"Relation Name": "part","Alias": "part","Startup Cost": 0.00,"Total Cost": 5347.00,"Plan Rows": 80,"Plan Width": 4,"Actual Startup Time": 0.613,"Actual Total Time": 24.771,"Actual Rows": 60,"Actual Loops": 3,"Filter": "((p_brand = 'Brand#25'::bpchar) AND (p_container = 'MED BAG'::bpchar))","Rows Removed by Filter": 66607,"Workers": []}]}]},{"Node Type": "Aggregate","Strategy": "Plain","Partial Mode": "Simple","Parent Relationship": "SubPlan","Subplan Name": "SubPlan 1","Parallel Aware": false,"Async Capable": false,"Startup Cost": 127.60,"Total Cost": 127.61,"Plan Rows": 1,"Plan Width": 32,"Actual Startup Time": 0.122,"Actual Total Time": 0.122,"Actual Rows": 1,"Actual Loops": 5434,"Plans": [{"Node Type": "Bitmap Heap Scan","Parent Relationship": "Outer","Parallel Aware": false,"Async Capable": false,"Relation Name": "lineitem","Alias": "lineitem_1","Startup Cost": 4.67,"Total Cost": 127.52,"Plan Rows": 31,"Plan Width": 5,"Actual Startup Time": 0.013,"Actual Total Time": 0.115,"Actual Rows": 31,"Actual Loops": 5434,"Recheck Cond": "(l_partkey = part.p_partkey)","Rows Removed by Index Recheck": 0,"Exact Heap Blocks": 169186,"Lossy Heap Blocks": 0,"Plans": [{"Node Type": "Bitmap Index Scan","Parent Relationship": "Outer","Parallel Aware": false,"Async Capable": false,"Index Name": "idx_lineitem_part_supp","Startup Cost": 0.00,"Total Cost": 4.67,"Plan Rows": 31,"Plan Width": 0,"Actual Startup Time": 0.007,"Actual Total Time": 0.007,"Actual Rows": 31,"Actual Loops": 5434,"Index Cond": "(l_partkey = part.p_partkey)"}]}]}]}]},"Planning Time": 5.063,"Triggers": [],"Execution Time": 4750.233}]
[{"Plan": {"Node Type": "Aggregate","Strategy": "Plain","Partial Mode": "Simple","Parallel Aware": false,"Async Capable": false,"Startup Cost": 195917.97,"Total Cost": 195917.98,"Plan Rows": 1,"Plan Width": 32,"Actual Startup Time": 4949.956,"Actual Total Time": 4950.644,"Actual Rows": 1,"Actual Loops": 1,"Plans": [{"Node Type": "Hash Join","Parent Relationship": "Outer","Parallel Aware": false,"Async Capable": false,"Join Type": "Inner","Startup Cost": 6368.61,"Total Cost": 195913.16,"Plan Rows": 1921,"Plan Width": 8,"Actual Startup Time": 75.951,"Actual Total Time": 4950.187,"Actual Rows": 601,"Actual Loops": 1,"Inner Unique": true,"Hash Cond": "(lineitem.l_partkey = part.p_partkey)","Join Filter": "(lineitem.l_quantity < (SubPlan 1))","Rows Removed by Join Filter": 5993,"Plans": [{"Node Type": "Seq Scan","Parent Relationship": "Outer","Parallel Aware": false,"Async Capable": false,"Relation Name": "lineitem","Alias": "lineitem","Startup Cost": 0.00,"Total Cost": 172515.15,"Plan Rows": 6001215,"Plan Width": 17,"Actual Startup Time": 0.017,"Actual Total Time": 979.411,"Actual Rows": 6001215,"Actual Loops": 1},{"Node Type": "Hash","Parent Relationship": "Inner","Parallel Aware": false,"Async Capable": false,"Startup Cost": 6366.21,"Total Cost": 6366.21,"Plan Rows": 192,"Plan Width": 4,"Actual Startup Time": 32.741,"Actual Total Time": 33.378,"Actual Rows": 219,"Actual Loops": 1,"Hash Buckets": 1024,"Original Hash Buckets": 1024,"Hash Batches": 1,"Original Hash Batches": 1,"Peak Memory Usage": 16,"Plans": [{"Node Type": "Gather","Parent Relationship": "Outer","Parallel Aware": false,"Async Capable": false,"Startup Cost": 1000.00,"Total Cost": 6366.21,"Plan Rows": 192,"Plan Width": 4,"Actual Startup Time": 0.809,"Actual Total Time": 33.294,"Actual Rows": 219,"Actual Loops": 1,"Workers Planned": 2,"Workers Launched": 2,"Single Copy": false,"Plans": [{"Node Type": "Seq Scan","Parent Relationship": "Outer","Parallel Aware": true,"Async Capable": false,"Relation Name": "part","Alias": "part","Startup Cost": 0.00,"Total Cost": 5347.00,"Plan Rows": 80,"Plan Width": 4,"Actual Startup Time": 0.296,"Actual Total Time": 27.236,"Actual Rows": 73,"Actual Loops": 3,"Filter": "((p_brand = 'Brand#53'::bpchar) AND (p_container = 'SM PKG'::bpchar))","Rows Removed by Filter": 66594,"Workers": []}]}]},{"Node Type": "Aggregate","Strategy": "Plain","Partial Mode": "Simple","Parent Relationship": "SubPlan","Subplan Name": "SubPlan 1","Parallel Aware": false,"Async Capable": false,"Startup Cost": 127.60,"Total Cost": 127.61,"Plan Rows": 1,"Plan Width": 32,"Actual Startup Time": 0.119,"Actual Total Time": 0.119,"Actual Rows": 1,"Actual Loops": 6594,"Plans": [{"Node Type": "Bitmap Heap Scan","Parent Relationship": "Outer","Parallel Aware": false,"Async Capable": false,"Relation Name": "lineitem","Alias": "lineitem_1","Startup Cost": 4.67,"Total Cost": 127.52,"Plan Rows": 31,"Plan Width": 5,"Actual Startup Time": 0.013,"Actual Total Time": 0.112,"Actual Rows": 31,"Actual Loops": 6594,"Recheck Cond": "(l_partkey = part.p_partkey)","Rows Removed by Index Recheck": 0,"Exact Heap Blocks": 203742,"Lossy Heap Blocks": 0,"Plans": [{"Node Type": "Bitmap Index Scan","Parent Relationship": "Outer","Parallel Aware": false,"Async Capable": false,"Index Name": "idx_lineitem_part_supp","Startup Cost": 0.00,"Total Cost": 4.67,"Plan Rows": 31,"Plan Width": 0,"Actual Startup Time": 0.007,"Actual Total Time": 0.007,"Actual Rows": 31,"Actual Loops": 6594,"Index Cond": "(l_partkey = part.p_partkey)"}]}]}]}]},"Planning Time": 4.413,"Triggers": [],"Execution Time": 4951.047}]
[{"Plan": {"Node Type": "Aggregate","Strategy": "Plain","Partial Mode": "Simple","Parallel Aware": false,"Async Capable": false,"Startup Cost": 195919.22,"Total Cost": 195919.23,"Plan Rows": 1,"Plan Width": 32,"Actual Startup Time": 4806.127,"Actual Total Time": 4806.798,"Actual Rows": 1,"Actual Loops": 1,"Plans": [{"Node Type": "Hash Join","Parent Relationship": "Outer","Parallel Aware": false,"Async Capable": false,"Join Type": "Inner","Startup Cost": 6369.63,"Total Cost": 195914.18,"Plan Rows": 2012,"Plan Width": 8,"Actual Startup Time": 33.466,"Actual Total Time": 4806.369,"Actual Rows": 518,"Actual Loops": 1,"Inner Unique": true,"Hash Cond": "(lineitem.l_partkey = part.p_partkey)","Join Filter": "(lineitem.l_quantity < (SubPlan 1))","Rows Removed by Join Filter": 5137,"Plans": [{"Node Type": "Seq Scan","Parent Relationship": "Outer","Parallel Aware": false,"Async Capable": false,"Relation Name": "lineitem","Alias": "lineitem","Startup Cost": 0.00,"Total Cost": 172515.15,"Plan Rows": 6001215,"Plan Width": 17,"Actual Startup Time": 0.016,"Actual Total Time": 976.511,"Actual Rows": 6001215,"Actual Loops": 1},{"Node Type": "Hash","Parent Relationship": "Inner","Parallel Aware": false,"Async Capable": false,"Startup Cost": 6367.12,"Total Cost": 6367.12,"Plan Rows": 201,"Plan Width": 4,"Actual Startup Time": 31.651,"Actual Total Time": 32.289,"Actual Rows": 188,"Actual Loops": 1,"Hash Buckets": 1024,"Original Hash Buckets": 1024,"Hash Batches": 1,"Original Hash Batches": 1,"Peak Memory Usage": 15,"Plans": [{"Node Type": "Gather","Parent Relationship": "Outer","Parallel Aware": false,"Async Capable": false,"Startup Cost": 1000.00,"Total Cost": 6367.12,"Plan Rows": 201,"Plan Width": 4,"Actual Startup Time": 0.902,"Actual Total Time": 32.210,"Actual Rows": 188,"Actual Loops": 1,"Workers Planned": 2,"Workers Launched": 2,"Single Copy": false,"Plans": [{"Node Type": "Seq Scan","Parent Relationship": "Outer","Parallel Aware": true,"Async Capable": false,"Relation Name": "part","Alias": "part","Startup Cost": 0.00,"Total Cost": 5347.00,"Plan Rows": 84,"Plan Width": 4,"Actual Startup Time": 1.417,"Actual Total Time": 25.945,"Actual Rows": 63,"Actual Loops": 3,"Filter": "((p_brand = 'Brand#22'::bpchar) AND (p_container = 'SM DRUM'::bpchar))","Rows Removed by Filter": 66604,"Workers": []}]}]},{"Node Type": "Aggregate","Strategy": "Plain","Partial Mode": "Simple","Parent Relationship": "SubPlan","Subplan Name": "SubPlan 1","Parallel Aware": false,"Async Capable": false,"Startup Cost": 127.60,"Total Cost": 127.61,"Plan Rows": 1,"Plan Width": 32,"Actual Startup Time": 0.121,"Actual Total Time": 0.121,"Actual Rows": 1,"Actual Loops": 5655,"Plans": [{"Node Type": "Bitmap Heap Scan","Parent Relationship": "Outer","Parallel Aware": false,"Async Capable": false,"Relation Name": "lineitem","Alias": "lineitem_1","Startup Cost": 4.67,"Total Cost": 127.52,"Plan Rows": 31,"Plan Width": 5,"Actual Startup Time": 0.013,"Actual Total Time": 0.114,"Actual Rows": 31,"Actual Loops": 5655,"Recheck Cond": "(l_partkey = part.p_partkey)","Rows Removed by Index Recheck": 0,"Exact Heap Blocks": 175783,"Lossy Heap Blocks": 0,"Plans": [{"Node Type": "Bitmap Index Scan","Parent Relationship": "Outer","Parallel Aware": false,"Async Capable": false,"Index Name": "idx_lineitem_part_supp","Startup Cost": 0.00,"Total Cost": 4.67,"Plan Rows": 31,"Plan Width": 0,"Actual Startup Time": 0.007,"Actual Total Time": 0.007,"Actual Rows": 31,"Actual Loops": 5655,"Index Cond": "(l_partkey = part.p_partkey)"}]}]}]}]},"Planning Time": 5.375,"Triggers": [],"Execution Time": 4807.095}]
[{"Plan": {"Node Type": "Aggregate","Strategy": "Plain","Partial Mode": "Simple","Parallel Aware": false,"Async Capable": false,"Startup Cost": 195920.72,"Total Cost": 195920.73,"Plan Rows": 1,"Plan Width": 32,"Actual Startup Time": 5132.189,"Actual Total Time": 5132.643,"Actual Rows": 1,"Actual Loops": 1,"Plans": [{"Node Type": "Hash Join","Parent Relationship": "Outer","Parallel Aware": false,"Async Capable": false,"Join Type": "Inner","Startup Cost": 6370.86,"Total Cost": 195915.41,"Plan Rows": 2121,"Plan Width": 8,"Actual Startup Time": 34.479,"Actual Total Time": 5132.418,"Actual Rows": 625,"Actual Loops": 1,"Inner Unique": true,"Hash Cond": "(lineitem.l_partkey = part.p_partkey)","Join Filter": "(lineitem.l_quantity < (SubPlan 1))","Rows Removed by Join Filter": 6615,"Plans": [{"Node Type": "Seq Scan","Parent Relationship": "Outer","Parallel Aware": false,"Async Capable": false,"Relation Name": "lineitem","Alias": "lineitem","Startup Cost": 0.00,"Total Cost": 172515.15,"Plan Rows": 6001215,"Plan Width": 17,"Actual Startup Time": 0.014,"Actual Total Time": 944.860,"Actual Rows": 6001215,"Actual Loops": 1},{"Node Type": "Hash","Parent Relationship": "Inner","Parallel Aware": false,"Async Capable": false,"Startup Cost": 6368.21,"Total Cost": 6368.21,"Plan Rows": 212,"Plan Width": 4,"Actual Startup Time": 30.874,"Actual Total Time": 31.310,"Actual Rows": 243,"Actual Loops": 1,"Hash Buckets": 1024,"Original Hash Buckets": 1024,"Hash Batches": 1,"Original Hash Batches": 1,"Peak Memory Usage": 17,"Plans": [{"Node Type": "Gather","Parent Relationship": "Outer","Parallel Aware": false,"Async Capable": false,"Startup Cost": 1000.00,"Total Cost": 6368.21,"Plan Rows": 212,"Plan Width": 4,"Actual Startup Time": 0.642,"Actual Total Time": 31.238,"Actual Rows": 243,"Actual Loops": 1,"Workers Planned": 2,"Workers Launched": 2,"Single Copy": false,"Plans": [{"Node Type": "Seq Scan","Parent Relationship": "Outer","Parallel Aware": true,"Async Capable": false,"Relation Name": "part","Alias": "part","Startup Cost": 0.00,"Total Cost": 5347.00,"Plan Rows": 88,"Plan Width": 4,"Actual Startup Time": 0.788,"Actual Total Time": 24.974,"Actual Rows": 81,"Actual Loops": 3,"Filter": "((p_brand = 'Brand#52'::bpchar) AND (p_container = 'LG JAR'::bpchar))","Rows Removed by Filter": 66586,"Workers": []}]}]},{"Node Type": "Aggregate","Strategy": "Plain","Partial Mode": "Simple","Parent Relationship": "SubPlan","Subplan Name": "SubPlan 1","Parallel Aware": false,"Async Capable": false,"Startup Cost": 127.60,"Total Cost": 127.61,"Plan Rows": 1,"Plan Width": 32,"Actual Startup Time": 0.121,"Actual Total Time": 0.121,"Actual Rows": 1,"Actual Loops": 7240,"Plans": [{"Node Type": "Bitmap Heap Scan","Parent Relationship": "Outer","Parallel Aware": false,"Async Capable": false,"Relation Name": "lineitem","Alias": "lineitem_1","Startup Cost": 4.67,"Total Cost": 127.52,"Plan Rows": 31,"Plan Width": 5,"Actual Startup Time": 0.013,"Actual Total Time": 0.114,"Actual Rows": 31,"Actual Loops": 7240,"Recheck Cond": "(l_partkey = part.p_partkey)","Rows Removed by Index Recheck": 0,"Exact Heap Blocks": 222648,"Lossy Heap Blocks": 0,"Plans": [{"Node Type": "Bitmap Index Scan","Parent Relationship": "Outer","Parallel Aware": false,"Async Capable": false,"Index Name": "idx_lineitem_part_supp","Startup Cost": 0.00,"Total Cost": 4.67,"Plan Rows": 31,"Plan Width": 0,"Actual Startup Time": 0.007,"Actual Total Time": 0.007,"Actual Rows": 31,"Actual Loops": 7240,"Index Cond": "(l_partkey = part.p_partkey)"}]}]}]}]},"Planning Time": 6.075,"Triggers": [],"Execution Time": 5132.911}]
[{"Plan": {"Node Type": "Aggregate","Strategy": "Plain","Partial Mode": "Simple","Parallel Aware": false,"Async Capable": false,"Startup Cost": 195918.76,"Total Cost": 195918.77,"Plan Rows": 1,"Plan Width": 32,"Actual Startup Time": 4843.712,"Actual Total Time": 4844.497,"Actual Rows": 1,"Actual Loops": 1,"Plans": [{"Node Type": "Hash Join","Parent Relationship": "Outer","Parallel Aware": false,"Async Capable": false,"Join Type": "Inner","Startup Cost": 6369.26,"Total Cost": 195913.81,"Plan Rows": 1979,"Plan Width": 8,"Actual Startup Time": 36.885,"Actual Total Time": 4844.017,"Actual Rows": 537,"Actual Loops": 1,"Inner Unique": true,"Hash Cond": "(lineitem.l_partkey = part.p_partkey)","Join Filter": "(lineitem.l_quantity < (SubPlan 1))","Rows Removed by Join Filter": 5689,"Plans": [{"Node Type": "Seq Scan","Parent Relationship": "Outer","Parallel Aware": false,"Async Capable": false,"Relation Name": "lineitem","Alias": "lineitem","Startup Cost": 0.00,"Total Cost": 172515.15,"Plan Rows": 6001215,"Plan Width": 17,"Actual Startup Time": 0.015,"Actual Total Time": 975.463,"Actual Rows": 6001215,"Actual Loops": 1},{"Node Type": "Hash","Parent Relationship": "Inner","Parallel Aware": false,"Async Capable": false,"Startup Cost": 6366.79,"Total Cost": 6366.79,"Plan Rows": 198,"Plan Width": 4,"Actual Startup Time": 32.524,"Actual Total Time": 33.273,"Actual Rows": 208,"Actual Loops": 1,"Hash Buckets": 1024,"Original Hash Buckets": 1024,"Hash Batches": 1,"Original Hash Batches": 1,"Peak Memory Usage": 16,"Plans": [{"Node Type": "Gather","Parent Relationship": "Outer","Parallel Aware": false,"Async Capable": false,"Startup Cost": 1000.00,"Total Cost": 6366.79,"Plan Rows": 198,"Plan Width": 4,"Actual Startup Time": 0.550,"Actual Total Time": 33.175,"Actual Rows": 208,"Actual Loops": 1,"Workers Planned": 2,"Workers Launched": 2,"Single Copy": false,"Plans": [{"Node Type": "Seq Scan","Parent Relationship": "Outer","Parallel Aware": true,"Async Capable": false,"Relation Name": "part","Alias": "part","Startup Cost": 0.00,"Total Cost": 5347.00,"Plan Rows": 82,"Plan Width": 4,"Actual Startup Time": 0.853,"Actual Total Time": 27.029,"Actual Rows": 69,"Actual Loops": 3,"Filter": "((p_brand = 'Brand#43'::bpchar) AND (p_container = 'SM JAR'::bpchar))","Rows Removed by Filter": 66597,"Workers": []}]}]},{"Node Type": "Aggregate","Strategy": "Plain","Partial Mode": "Simple","Parent Relationship": "SubPlan","Subplan Name": "SubPlan 1","Parallel Aware": false,"Async Capable": false,"Startup Cost": 127.60,"Total Cost": 127.61,"Plan Rows": 1,"Plan Width": 32,"Actual Startup Time": 0.120,"Actual Total Time": 0.120,"Actual Rows": 1,"Actual Loops": 6226,"Plans": [{"Node Type": "Bitmap Heap Scan","Parent Relationship": "Outer","Parallel Aware": false,"Async Capable": false,"Relation Name": "lineitem","Alias": "lineitem_1","Startup Cost": 4.67,"Total Cost": 127.52,"Plan Rows": 31,"Plan Width": 5,"Actual Startup Time": 0.013,"Actual Total Time": 0.113,"Actual Rows": 31,"Actual Loops": 6226,"Recheck Cond": "(l_partkey = part.p_partkey)","Rows Removed by Index Recheck": 0,"Exact Heap Blocks": 193167,"Lossy Heap Blocks": 0,"Plans": [{"Node Type": "Bitmap Index Scan","Parent Relationship": "Outer","Parallel Aware": false,"Async Capable": false,"Index Name": "idx_lineitem_part_supp","Startup Cost": 0.00,"Total Cost": 4.67,"Plan Rows": 31,"Plan Width": 0,"Actual Startup Time": 0.007,"Actual Total Time": 0.007,"Actual Rows": 31,"Actual Loops": 6226,"Index Cond": "(l_partkey = part.p_partkey)"}]}]}]}]},"Planning Time": 4.574,"Triggers": [],"Execution Time": 4844.801}]
[{"Plan": {"Node Type": "Aggregate","Strategy": "Plain","Partial Mode": "Simple","Parallel Aware": false,"Async Capable": false,"Startup Cost": 195920.11,"Total Cost": 195920.13,"Plan Rows": 1,"Plan Width": 32,"Actual Startup Time": 5012.115,"Actual Total Time": 5012.691,"Actual Rows": 1,"Actual Loops": 1,"Plans": [{"Node Type": "Hash Join","Parent Relationship": "Outer","Parallel Aware": false,"Async Capable": false,"Join Type": "Inner","Startup Cost": 6370.37,"Total Cost": 195914.92,"Plan Rows": 2077,"Plan Width": 8,"Actual Startup Time": 35.716,"Actual Total Time": 5012.448,"Actual Rows": 566,"Actual Loops": 1,"Inner Unique": true,"Hash Cond": "(lineitem.l_partkey = part.p_partkey)","Join Filter": "(lineitem.l_quantity < (SubPlan 1))","Rows Removed by Join Filter": 5906,"Plans": [{"Node Type": "Seq Scan","Parent Relationship": "Outer","Parallel Aware": false,"Async Capable": false,"Relation Name": "lineitem","Alias": "lineitem","Startup Cost": 0.00,"Total Cost": 172515.15,"Plan Rows": 6001215,"Plan Width": 17,"Actual Startup Time": 0.019,"Actual Total Time": 1035.161,"Actual Rows": 6001215,"Actual Loops": 1},{"Node Type": "Hash","Parent Relationship": "Inner","Parallel Aware": false,"Async Capable": false,"Startup Cost": 6367.77,"Total Cost": 6367.77,"Plan Rows": 208,"Plan Width": 4,"Actual Startup Time": 34.156,"Actual Total Time": 34.713,"Actual Rows": 212,"Actual Loops": 1,"Hash Buckets": 1024,"Original Hash Buckets": 1024,"Hash Batches": 1,"Original Hash Batches": 1,"Peak Memory Usage": 16,"Plans": [{"Node Type": "Gather","Parent Relationship": "Outer","Parallel Aware": false,"Async Capable": false,"Startup Cost": 1000.00,"Total Cost": 6367.77,"Plan Rows": 208,"Plan Width": 4,"Actual Startup Time": 1.259,"Actual Total Time": 34.640,"Actual Rows": 212,"Actual Loops": 1,"Workers Planned": 2,"Workers Launched": 2,"Single Copy": false,"Plans": [{"Node Type": "Seq Scan","Parent Relationship": "Outer","Parallel Aware": true,"Async Capable": false,"Relation Name": "part","Alias": "part","Startup Cost": 0.00,"Total Cost": 5347.00,"Plan Rows": 87,"Plan Width": 4,"Actual Startup Time": 0.736,"Actual Total Time": 28.307,"Actual Rows": 71,"Actual Loops": 3,"Filter": "((p_brand = 'Brand#15'::bpchar) AND (p_container = 'MED CASE'::bpchar))","Rows Removed by Filter": 66596,"Workers": []}]}]},{"Node Type": "Aggregate","Strategy": "Plain","Partial Mode": "Simple","Parent Relationship": "SubPlan","Subplan Name": "SubPlan 1","Parallel Aware": false,"Async Capable": false,"Startup Cost": 127.60,"Total Cost": 127.61,"Plan Rows": 1,"Plan Width": 32,"Actual Startup Time": 0.137,"Actual Total Time": 0.137,"Actual Rows": 1,"Actual Loops": 6472,"Plans": [{"Node Type": "Bitmap Heap Scan","Parent Relationship": "Outer","Parallel Aware": false,"Async Capable": false,"Relation Name": "lineitem","Alias": "lineitem_1","Startup Cost": 4.67,"Total Cost": 127.52,"Plan Rows": 31,"Plan Width": 5,"Actual Startup Time": 0.014,"Actual Total Time": 0.130,"Actual Rows": 32,"Actual Loops": 6472,"Recheck Cond": "(l_partkey = part.p_partkey)","Rows Removed by Index Recheck": 0,"Exact Heap Blocks": 203911,"Lossy Heap Blocks": 0,"Plans": [{"Node Type": "Bitmap Index Scan","Parent Relationship": "Outer","Parallel Aware": false,"Async Capable": false,"Index Name": "idx_lineitem_part_supp","Startup Cost": 0.00,"Total Cost": 4.67,"Plan Rows": 31,"Plan Width": 0,"Actual Startup Time": 0.008,"Actual Total Time": 0.008,"Actual Rows": 32,"Actual Loops": 6472,"Index Cond": "(l_partkey = part.p_partkey)"}]}]}]}]},"Planning Time": 4.471,"Triggers": [],"Execution Time": 5012.986}]
[{"Plan": {"Node Type": "Aggregate","Strategy": "Plain","Partial Mode": "Simple","Parallel Aware": false,"Async Capable": false,"Startup Cost": 195920.08,"Total Cost": 195920.09,"Plan Rows": 1,"Plan Width": 32,"Actual Startup Time": 4912.339,"Actual Total Time": 4912.980,"Actual Rows": 1,"Actual Loops": 1,"Plans": [{"Node Type": "Hash Join","Parent Relationship": "Outer","Parallel Aware": false,"Async Capable": false,"Join Type": "Inner","Startup Cost": 6370.33,"Total Cost": 195914.89,"Plan Rows": 2075,"Plan Width": 8,"Actual Startup Time": 62.730,"Actual Total Time": 4912.540,"Actual Rows": 610,"Actual Loops": 1,"Inner Unique": true,"Hash Cond": "(lineitem.l_partkey = part.p_partkey)","Join Filter": "(lineitem.l_quantity < (SubPlan 1))","Rows Removed by Join Filter": 5850,"Plans": [{"Node Type": "Seq Scan","Parent Relationship": "Outer","Parallel Aware": false,"Async Capable": false,"Relation Name": "lineitem","Alias": "lineitem","Startup Cost": 0.00,"Total Cost": 172515.15,"Plan Rows": 6001215,"Plan Width": 17,"Actual Startup Time": 0.015,"Actual Total Time": 975.432,"Actual Rows": 6001215,"Actual Loops": 1},{"Node Type": "Hash","Parent Relationship": "Inner","Parallel Aware": false,"Async Capable": false,"Startup Cost": 6367.74,"Total Cost": 6367.74,"Plan Rows": 207,"Plan Width": 4,"Actual Startup Time": 30.182,"Actual Total Time": 30.789,"Actual Rows": 216,"Actual Loops": 1,"Hash Buckets": 1024,"Original Hash Buckets": 1024,"Hash Batches": 1,"Original Hash Batches": 1,"Peak Memory Usage": 16,"Plans": [{"Node Type": "Gather","Parent Relationship": "Outer","Parallel Aware": false,"Async Capable": false,"Startup Cost": 1000.00,"Total Cost": 6367.74,"Plan Rows": 207,"Plan Width": 4,"Actual Startup Time": 1.108,"Actual Total Time": 30.729,"Actual Rows": 216,"Actual Loops": 1,"Workers Planned": 2,"Workers Launched": 2,"Single Copy": false,"Plans": [{"Node Type": "Seq Scan","Parent Relationship": "Outer","Parallel Aware": true,"Async Capable": false,"Relation Name": "part","Alias": "part","Startup Cost": 0.00,"Total Cost": 5347.00,"Plan Rows": 86,"Plan Width": 4,"Actual Startup Time": 0.619,"Actual Total Time": 24.567,"Actual Rows": 72,"Actual Loops": 3,"Filter": "((p_brand = 'Brand#44'::bpchar) AND (p_container = 'SM BAG'::bpchar))","Rows Removed by Filter": 66595,"Workers": []}]}]},{"Node Type": "Aggregate","Strategy": "Plain","Partial Mode": "Simple","Parent Relationship": "SubPlan","Subplan Name": "SubPlan 1","Parallel Aware": false,"Async Capable": false,"Startup Cost": 127.60,"Total Cost": 127.61,"Plan Rows": 1,"Plan Width": 32,"Actual Startup Time": 0.120,"Actual Total Time": 0.120,"Actual Rows": 1,"Actual Loops": 6460,"Plans": [{"Node Type": "Bitmap Heap Scan","Parent Relationship": "Outer","Parallel Aware": false,"Async Capable": false,"Relation Name": "lineitem","Alias": "lineitem_1","Startup Cost": 4.67,"Total Cost": 127.52,"Plan Rows": 31,"Plan Width": 5,"Actual Startup Time": 0.013,"Actual Total Time": 0.113,"Actual Rows": 31,"Actual Loops": 6460,"Recheck Cond": "(l_partkey = part.p_partkey)","Rows Removed by Index Recheck": 0,"Exact Heap Blocks": 200004,"Lossy Heap Blocks": 0,"Plans": [{"Node Type": "Bitmap Index Scan","Parent Relationship": "Outer","Parallel Aware": false,"Async Capable": false,"Index Name": "idx_lineitem_part_supp","Startup Cost": 0.00,"Total Cost": 4.67,"Plan Rows": 31,"Plan Width": 0,"Actual Startup Time": 0.007,"Actual Total Time": 0.007,"Actual Rows": 31,"Actual Loops": 6460,"Index Cond": "(l_partkey = part.p_partkey)"}]}]}]}]},"Planning Time": 4.457,"Triggers": [],"Execution Time": 4913.321}]
[{"Plan": {"Node Type": "Aggregate","Strategy": "Plain","Partial Mode": "Simple","Parallel Aware": false,"Async Capable": false,"Startup Cost": 195919.27,"Total Cost": 195919.28,"Plan Rows": 1,"Plan Width": 32,"Actual Startup Time": 4995.778,"Actual Total Time": 4996.544,"Actual Rows": 1,"Actual Loops": 1,"Plans": [{"Node Type": "Hash Join","Parent Relationship": "Outer","Parallel Aware": false,"Async Capable": false,"Join Type": "Inner","Startup Cost": 6369.68,"Total Cost": 195914.23,"Plan Rows": 2016,"Plan Width": 8,"Actual Startup Time": 31.272,"Actual Total Time": 4996.176,"Actual Rows": 544,"Actual Loops": 1,"Inner Unique": true,"Hash Cond": "(lineitem.l_partkey = part.p_partkey)","Join Filter": "(lineitem.l_quantity < (SubPlan 1))","Rows Removed by Join Filter": 5484,"Plans": [{"Node Type": "Seq Scan","Parent Relationship": "Outer","Parallel Aware": false,"Async Capable": false,"Relation Name": "lineitem","Alias": "lineitem","Startup Cost": 0.00,"Total Cost": 172515.15,"Plan Rows": 6001215,"Plan Width": 17,"Actual Startup Time": 0.013,"Actual Total Time": 1007.315,"Actual Rows": 6001215,"Actual Loops": 1},{"Node Type": "Hash","Parent Relationship": "Inner","Parallel Aware": false,"Async Capable": false,"Startup Cost": 6367.16,"Total Cost": 6367.16,"Plan Rows": 202,"Plan Width": 4,"Actual Startup Time": 29.687,"Actual Total Time": 30.399,"Actual Rows": 201,"Actual Loops": 1,"Hash Buckets": 1024,"Original Hash Buckets": 1024,"Hash Batches": 1,"Original Hash Batches": 1,"Peak Memory Usage": 16,"Plans": [{"Node Type": "Gather","Parent Relationship": "Outer","Parallel Aware": false,"Async Capable": false,"Startup Cost": 1000.00,"Total Cost": 6367.16,"Plan Rows": 202,"Plan Width": 4,"Actual Startup Time": 1.207,"Actual Total Time": 30.271,"Actual Rows": 201,"Actual Loops": 1,"Workers Planned": 2,"Workers Launched": 2,"Single Copy": false,"Plans": [{"Node Type": "Seq Scan","Parent Relationship": "Outer","Parallel Aware": true,"Async Capable": false,"Relation Name": "part","Alias": "part","Startup Cost": 0.00,"Total Cost": 5347.00,"Plan Rows": 84,"Plan Width": 4,"Actual Startup Time": 0.385,"Actual Total Time": 24.148,"Actual Rows": 67,"Actual Loops": 3,"Filter": "((p_brand = 'Brand#24'::bpchar) AND (p_container = 'SM PACK'::bpchar))","Rows Removed by Filter": 66600,"Workers": []}]}]},{"Node Type": "Aggregate","Strategy": "Plain","Partial Mode": "Simple","Parent Relationship": "SubPlan","Subplan Name": "SubPlan 1","Parallel Aware": false,"Async Capable": false,"Startup Cost": 127.60,"Total Cost": 127.61,"Plan Rows": 1,"Plan Width": 32,"Actual Startup Time": 0.137,"Actual Total Time": 0.137,"Actual Rows": 1,"Actual Loops": 6028,"Plans": [{"Node Type": "Bitmap Heap Scan","Parent Relationship": "Outer","Parallel Aware": false,"Async Capable": false,"Relation Name": "lineitem","Alias": "lineitem_1","Startup Cost": 4.67,"Total Cost": 127.52,"Plan Rows": 31,"Plan Width": 5,"Actual Startup Time": 0.014,"Actual Total Time": 0.130,"Actual Rows": 31,"Actual Loops": 6028,"Recheck Cond": "(l_partkey = part.p_partkey)","Rows Removed by Index Recheck": 0,"Exact Heap Blocks": 186008,"Lossy Heap Blocks": 0,"Plans": [{"Node Type": "Bitmap Index Scan","Parent Relationship": "Outer","Parallel Aware": false,"Async Capable": false,"Index Name": "idx_lineitem_part_supp","Startup Cost": 0.00,"Total Cost": 4.67,"Plan Rows": 31,"Plan Width": 0,"Actual Startup Time": 0.008,"Actual Total Time": 0.008,"Actual Rows": 31,"Actual Loops": 6028,"Index Cond": "(l_partkey = part.p_partkey)"}]}]}]}]},"Planning Time": 6.007,"Triggers": [],"Execution Time": 4997.091}]
[{"Plan": {"Node Type": "Aggregate","Strategy": "Plain","Partial Mode": "Simple","Parallel Aware": false,"Async Capable": false,"Startup Cost": 195917.96,"Total Cost": 195917.97,"Plan Rows": 1,"Plan Width": 32,"Actual Startup Time": 4908.110,"Actual Total Time": 4908.610,"Actual Rows": 1,"Actual Loops": 1,"Plans": [{"Node Type": "Hash Join","Parent Relationship": "Outer","Parallel Aware": false,"Async Capable": false,"Join Type": "Inner","Startup Cost": 6368.60,"Total Cost": 195913.16,"Plan Rows": 1921,"Plan Width": 8,"Actual Startup Time": 33.792,"Actual Total Time": 4908.401,"Actual Rows": 527,"Actual Loops": 1,"Inner Unique": true,"Hash Cond": "(lineitem.l_partkey = part.p_partkey)","Join Filter": "(lineitem.l_quantity < (SubPlan 1))","Rows Removed by Join Filter": 5571,"Plans": [{"Node Type": "Seq Scan","Parent Relationship": "Outer","Parallel Aware": false,"Async Capable": false,"Relation Name": "lineitem","Alias": "lineitem","Startup Cost": 0.00,"Total Cost": 172515.15,"Plan Rows": 6001215,"Plan Width": 17,"Actual Startup Time": 0.016,"Actual Total Time": 1026.507,"Actual Rows": 6001215,"Actual Loops": 1},{"Node Type": "Hash","Parent Relationship": "Inner","Parallel Aware": false,"Async Capable": false,"Startup Cost": 6366.20,"Total Cost": 6366.20,"Plan Rows": 192,"Plan Width": 4,"Actual Startup Time": 29.790,"Actual Total Time": 30.278,"Actual Rows": 203,"Actual Loops": 1,"Hash Buckets": 1024,"Original Hash Buckets": 1024,"Hash Batches": 1,"Original Hash Batches": 1,"Peak Memory Usage": 16,"Plans": [{"Node Type": "Gather","Parent Relationship": "Outer","Parallel Aware": false,"Async Capable": false,"Startup Cost": 1000.00,"Total Cost": 6366.20,"Plan Rows": 192,"Plan Width": 4,"Actual Startup Time": 1.074,"Actual Total Time": 30.218,"Actual Rows": 203,"Actual Loops": 1,"Workers Planned": 2,"Workers Launched": 2,"Single Copy": false,"Plans": [{"Node Type": "Seq Scan","Parent Relationship": "Outer","Parallel Aware": true,"Async Capable": false,"Relation Name": "part","Alias": "part","Startup Cost": 0.00,"Total Cost": 5347.00,"Plan Rows": 80,"Plan Width": 4,"Actual Startup Time": 1.029,"Actual Total Time": 24.323,"Actual Rows": 68,"Actual Loops": 3,"Filter": "((p_brand = 'Brand#52'::bpchar) AND (p_container = 'JUMBO PKG'::bpchar))","Rows Removed by Filter": 66599,"Workers": []}]}]},{"Node Type": "Aggregate","Strategy": "Plain","Partial Mode": "Simple","Parent Relationship": "SubPlan","Subplan Name": "SubPlan 1","Parallel Aware": false,"Async Capable": false,"Startup Cost": 127.60,"Total Cost": 127.61,"Plan Rows": 1,"Plan Width": 32,"Actual Startup Time": 0.137,"Actual Total Time": 0.137,"Actual Rows": 1,"Actual Loops": 6098,"Plans": [{"Node Type": "Bitmap Heap Scan","Parent Relationship": "Outer","Parallel Aware": false,"Async Capable": false,"Relation Name": "lineitem","Alias": "lineitem_1","Startup Cost": 4.67,"Total Cost": 127.52,"Plan Rows": 31,"Plan Width": 5,"Actual Startup Time": 0.014,"Actual Total Time": 0.130,"Actual Rows": 31,"Actual Loops": 6098,"Recheck Cond": "(l_partkey = part.p_partkey)","Rows Removed by Index Recheck": 0,"Exact Heap Blocks": 189069,"Lossy Heap Blocks": 0,"Plans": [{"Node Type": "Bitmap Index Scan","Parent Relationship": "Outer","Parallel Aware": false,"Async Capable": false,"Index Name": "idx_lineitem_part_supp","Startup Cost": 0.00,"Total Cost": 4.67,"Plan Rows": 31,"Plan Width": 0,"Actual Startup Time": 0.008,"Actual Total Time": 0.008,"Actual Rows": 31,"Actual Loops": 6098,"Index Cond": "(l_partkey = part.p_partkey)"}]}]}]}]},"Planning Time": 5.649,"Triggers": [],"Execution Time": 4908.849}]
[{"Plan": {"Node Type": "Aggregate","Strategy": "Plain","Partial Mode": "Simple","Parallel Aware": false,"Async Capable": false,"Startup Cost": 195918.23,"Total Cost": 195918.24,"Plan Rows": 1,"Plan Width": 32,"Actual Startup Time": 4824.191,"Actual Total Time": 4824.864,"Actual Rows": 1,"Actual Loops": 1,"Plans": [{"Node Type": "Hash Join","Parent Relationship": "Outer","Parallel Aware": false,"Async Capable": false,"Join Type": "Inner","Startup Cost": 6368.82,"Total Cost": 195913.37,"Plan Rows": 1940,"Plan Width": 8,"Actual Startup Time": 43.515,"Actual Total Time": 4824.438,"Actual Rows": 526,"Actual Loops": 1,"Inner Unique": true,"Hash Cond": "(lineitem.l_partkey = part.p_partkey)","Join Filter": "(lineitem.l_quantity < (SubPlan 1))","Rows Removed by Join Filter": 5206,"Plans": [{"Node Type": "Seq Scan","Parent Relationship": "Outer","Parallel Aware": false,"Async Capable": false,"Relation Name": "lineitem","Alias": "lineitem","Startup Cost": 0.00,"Total Cost": 172515.15,"Plan Rows": 6001215,"Plan Width": 17,"Actual Startup Time": 0.019,"Actual Total Time": 982.450,"Actual Rows": 6001215,"Actual Loops": 1},{"Node Type": "Hash","Parent Relationship": "Inner","Parallel Aware": false,"Async Capable": false,"Startup Cost": 6366.40,"Total Cost": 6366.40,"Plan Rows": 194,"Plan Width": 4,"Actual Startup Time": 31.303,"Actual Total Time": 31.930,"Actual Rows": 194,"Actual Loops": 1,"Hash Buckets": 1024,"Original Hash Buckets": 1024,"Hash Batches": 1,"Original Hash Batches": 1,"Peak Memory Usage": 15,"Plans": [{"Node Type": "Gather","Parent Relationship": "Outer","Parallel Aware": false,"Async Capable": false,"Startup Cost": 1000.00,"Total Cost": 6366.40,"Plan Rows": 194,"Plan Width": 4,"Actual Startup Time": 1.426,"Actual Total Time": 31.846,"Actual Rows": 194,"Actual Loops": 1,"Workers Planned": 2,"Workers Launched": 2,"Single Copy": false,"Plans": [{"Node Type": "Seq Scan","Parent Relationship": "Outer","Parallel Aware": true,"Async Capable": false,"Relation Name": "part","Alias": "part","Startup Cost": 0.00,"Total Cost": 5347.00,"Plan Rows": 81,"Plan Width": 4,"Actual Startup Time": 1.152,"Actual Total Time": 25.501,"Actual Rows": 65,"Actual Loops": 3,"Filter": "((p_brand = 'Brand#43'::bpchar) AND (p_container = 'MED PACK'::bpchar))","Rows Removed by Filter": 66602,"Workers": []}]}]},{"Node Type": "Aggregate","Strategy": "Plain","Partial Mode": "Simple","Parent Relationship": "SubPlan","Subplan Name": "SubPlan 1","Parallel Aware": false,"Async Capable": false,"Startup Cost": 127.60,"Total Cost": 127.61,"Plan Rows": 1,"Plan Width": 32,"Actual Startup Time": 0.120,"Actual Total Time": 0.120,"Actual Rows": 1,"Actual Loops": 5732,"Plans": [{"Node Type": "Bitmap Heap Scan","Parent Relationship": "Outer","Parallel Aware": false,"Async Capable": false,"Relation Name": "lineitem","Alias": "lineitem_1","Startup Cost": 4.67,"Total Cost": 127.52,"Plan Rows": 31,"Plan Width": 5,"Actual Startup Time": 0.013,"Actual Total Time": 0.113,"Actual Rows": 30,"Actual Loops": 5732,"Recheck Cond": "(l_partkey = part.p_partkey)","Rows Removed by Index Recheck": 0,"Exact Heap Blocks": 174220,"Lossy Heap Blocks": 0,"Plans": [{"Node Type": "Bitmap Index Scan","Parent Relationship": "Outer","Parallel Aware": false,"Async Capable": false,"Index Name": "idx_lineitem_part_supp","Startup Cost": 0.00,"Total Cost": 4.67,"Plan Rows": 31,"Plan Width": 0,"Actual Startup Time": 0.007,"Actual Total Time": 0.007,"Actual Rows": 30,"Actual Loops": 5732,"Index Cond": "(l_partkey = part.p_partkey)"}]}]}]}]},"Planning Time": 5.168,"Triggers": [],"Execution Time": 4825.316}]
[{"Plan": {"Node Type": "Aggregate","Strategy": "Plain","Partial Mode": "Simple","Parallel Aware": false,"Async Capable": false,"Startup Cost": 195920.19,"Total Cost": 195920.20,"Plan Rows": 1,"Plan Width": 32,"Actual Startup Time": 4823.584,"Actual Total Time": 4824.182,"Actual Rows": 1,"Actual Loops": 1,"Plans": [{"Node Type": "Hash Join","Parent Relationship": "Outer","Parallel Aware": false,"Async Capable": false,"Join Type": "Inner","Startup Cost": 6370.42,"Total Cost": 195914.98,"Plan Rows": 2083,"Plan Width": 8,"Actual Startup Time": 39.363,"Actual Total Time": 4823.729,"Actual Rows": 567,"Actual Loops": 1,"Inner Unique": true,"Hash Cond": "(lineitem.l_partkey = part.p_partkey)","Join Filter": "(lineitem.l_quantity < (SubPlan 1))","Rows Removed by Join Filter": 5331,"Plans": [{"Node Type": "Seq Scan","Parent Relationship": "Outer","Parallel Aware": false,"Async Capable": false,"Relation Name": "lineitem","Alias": "lineitem","Startup Cost": 0.00,"Total Cost": 172515.15,"Plan Rows": 6001215,"Plan Width": 17,"Actual Startup Time": 0.012,"Actual Total Time": 947.004,"Actual Rows": 6001215,"Actual Loops": 1},{"Node Type": "Hash","Parent Relationship": "Inner","Parallel Aware": false,"Async Capable": false,"Startup Cost": 6367.82,"Total Cost": 6367.82,"Plan Rows": 208,"Plan Width": 4,"Actual Startup Time": 32.630,"Actual Total Time": 33.200,"Actual Rows": 198,"Actual Loops": 1,"Hash Buckets": 1024,"Original Hash Buckets": 1024,"Hash Batches": 1,"Original Hash Batches": 1,"Peak Memory Usage": 15,"Plans": [{"Node Type": "Gather","Parent Relationship": "Outer","Parallel Aware": false,"Async Capable": false,"Startup Cost": 1000.00,"Total Cost": 6367.82,"Plan Rows": 208,"Plan Width": 4,"Actual Startup Time": 1.798,"Actual Total Time": 33.097,"Actual Rows": 198,"Actual Loops": 1,"Workers Planned": 2,"Workers Launched": 2,"Single Copy": false,"Plans": [{"Node Type": "Seq Scan","Parent Relationship": "Outer","Parallel Aware": true,"Async Capable": false,"Relation Name": "part","Alias": "part","Startup Cost": 0.00,"Total Cost": 5347.00,"Plan Rows": 87,"Plan Width": 4,"Actual Startup Time": 1.015,"Actual Total Time": 27.159,"Actual Rows": 66,"Actual Loops": 3,"Filter": "((p_brand = 'Brand#55'::bpchar) AND (p_container = 'SM CAN'::bpchar))","Rows Removed by Filter": 66601,"Workers": []}]}]},{"Node Type": "Aggregate","Strategy": "Plain","Partial Mode": "Simple","Parent Relationship": "SubPlan","Subplan Name": "SubPlan 1","Parallel Aware": false,"Async Capable": false,"Startup Cost": 127.60,"Total Cost": 127.61,"Plan Rows": 1,"Plan Width": 32,"Actual Startup Time": 0.121,"Actual Total Time": 0.121,"Actual Rows": 1,"Actual Loops": 5898,"Plans": [{"Node Type": "Bitmap Heap Scan","Parent Relationship": "Outer","Parallel Aware": false,"Async Capable": false,"Relation Name": "lineitem","Alias": "lineitem_1","Startup Cost": 4.67,"Total Cost": 127.52,"Plan Rows": 31,"Plan Width": 5,"Actual Startup Time": 0.013,"Actual Total Time": 0.114,"Actual Rows": 31,"Actual Loops": 5898,"Recheck Cond": "(l_partkey = part.p_partkey)","Rows Removed by Index Recheck": 0,"Exact Heap Blocks": 182598,"Lossy Heap Blocks": 0,"Plans": [{"Node Type": "Bitmap Index Scan","Parent Relationship": "Outer","Parallel Aware": false,"Async Capable": false,"Index Name": "idx_lineitem_part_supp","Startup Cost": 0.00,"Total Cost": 4.67,"Plan Rows": 31,"Plan Width": 0,"Actual Startup Time": 0.007,"Actual Total Time": 0.007,"Actual Rows": 31,"Actual Loops": 5898,"Index Cond": "(l_partkey = part.p_partkey)"}]}]}]}]},"Planning Time": 5.831,"Triggers": [],"Execution Time": 4824.454}]
[{"Plan": {"Node Type": "Aggregate","Strategy": "Plain","Partial Mode": "Simple","Parallel Aware": false,"Async Capable": false,"Startup Cost": 195918.50,"Total Cost": 195918.51,"Plan Rows": 1,"Plan Width": 32,"Actual Startup Time": 4810.924,"Actual Total Time": 4811.317,"Actual Rows": 1,"Actual Loops": 1,"Plans": [{"Node Type": "Hash Join","Parent Relationship": "Outer","Parallel Aware": false,"Async Capable": false,"Join Type": "Inner","Startup Cost": 6369.04,"Total Cost": 195913.59,"Plan Rows": 1960,"Plan Width": 8,"Actual Startup Time": 36.140,"Actual Total Time": 4811.137,"Actual Rows": 457,"Actual Loops": 1,"Inner Unique": true,"Hash Cond": "(lineitem.l_partkey = part.p_partkey)","Join Filter": "(lineitem.l_quantity < (SubPlan 1))","Rows Removed by Join Filter": 4957,"Plans": [{"Node Type": "Seq Scan","Parent Relationship": "Outer","Parallel Aware": false,"Async Capable": false,"Relation Name": "lineitem","Alias": "lineitem","Startup Cost": 0.00,"Total Cost": 172515.15,"Plan Rows": 6001215,"Plan Width": 17,"Actual Startup Time": 0.014,"Actual Total Time": 942.233,"Actual Rows": 6001215,"Actual Loops": 1},{"Node Type": "Hash","Parent Relationship": "Inner","Parallel Aware": false,"Async Capable": false,"Startup Cost": 6366.59,"Total Cost": 6366.59,"Plan Rows": 196,"Plan Width": 4,"Actual Startup Time": 31.324,"Actual Total Time": 31.696,"Actual Rows": 180,"Actual Loops": 1,"Hash Buckets": 1024,"Original Hash Buckets": 1024,"Hash Batches": 1,"Original Hash Batches": 1,"Peak Memory Usage": 15,"Plans": [{"Node Type": "Gather","Parent Relationship": "Outer","Parallel Aware": false,"Async Capable": false,"Startup Cost": 1000.00,"Total Cost": 6366.59,"Plan Rows": 196,"Plan Width": 4,"Actual Startup Time": 1.327,"Actual Total Time": 31.598,"Actual Rows": 180,"Actual Loops": 1,"Workers Planned": 2,"Workers Launched": 2,"Single Copy": false,"Plans": [{"Node Type": "Seq Scan","Parent Relationship": "Outer","Parallel Aware": true,"Async Capable": false,"Relation Name": "part","Alias": "part","Startup Cost": 0.00,"Total Cost": 5347.00,"Plan Rows": 82,"Plan Width": 4,"Actual Startup Time": 0.657,"Actual Total Time": 25.386,"Actual Rows": 60,"Actual Loops": 3,"Filter": "((p_brand = 'Brand#14'::bpchar) AND (p_container = 'JUMBO PKG'::bpchar))","Rows Removed by Filter": 66607,"Workers": []}]}]},{"Node Type": "Aggregate","Strategy": "Plain","Partial Mode": "Simple","Parent Relationship": "SubPlan","Subplan Name": "SubPlan 1","Parallel Aware": false,"Async Capable": false,"Startup Cost": 127.60,"Total Cost": 127.61,"Plan Rows": 1,"Plan Width": 32,"Actual Startup Time": 0.119,"Actual Total Time": 0.119,"Actual Rows": 1,"Actual Loops": 5414,"Plans": [{"Node Type": "Bitmap Heap Scan","Parent Relationship": "Outer","Parallel Aware": false,"Async Capable": false,"Relation Name": "lineitem","Alias": "lineitem_1","Startup Cost": 4.67,"Total Cost": 127.52,"Plan Rows": 31,"Plan Width": 5,"Actual Startup Time": 0.013,"Actual Total Time": 0.112,"Actual Rows": 31,"Actual Loops": 5414,"Recheck Cond": "(l_partkey = part.p_partkey)","Rows Removed by Index Recheck": 0,"Exact Heap Blocks": 167559,"Lossy Heap Blocks": 0,"Plans": [{"Node Type": "Bitmap Index Scan","Parent Relationship": "Outer","Parallel Aware": false,"Async Capable": false,"Index Name": "idx_lineitem_part_supp","Startup Cost": 0.00,"Total Cost": 4.67,"Plan Rows": 31,"Plan Width": 0,"Actual Startup Time": 0.007,"Actual Total Time": 0.007,"Actual Rows": 31,"Actual Loops": 5414,"Index Cond": "(l_partkey = part.p_partkey)"}]}]}]}]},"Planning Time": 5.313,"Triggers": [],"Execution Time": 4811.557}]
[{"Plan": {"Node Type": "Aggregate","Strategy": "Plain","Partial Mode": "Simple","Parallel Aware": false,"Async Capable": false,"Startup Cost": 195919.17,"Total Cost": 195919.18,"Plan Rows": 1,"Plan Width": 32,"Actual Startup Time": 4811.128,"Actual Total Time": 4811.854,"Actual Rows": 1,"Actual Loops": 1,"Plans": [{"Node Type": "Hash Join","Parent Relationship": "Outer","Parallel Aware": false,"Async Capable": false,"Join Type": "Inner","Startup Cost": 6369.59,"Total Cost": 195914.15,"Plan Rows": 2009,"Plan Width": 8,"Actual Startup Time": 42.274,"Actual Total Time": 4811.433,"Actual Rows": 529,"Actual Loops": 1,"Inner Unique": true,"Hash Cond": "(lineitem.l_partkey = part.p_partkey)","Join Filter": "(lineitem.l_quantity < (SubPlan 1))","Rows Removed by Join Filter": 5478,"Plans": [{"Node Type": "Seq Scan","Parent Relationship": "Outer","Parallel Aware": false,"Async Capable": false,"Relation Name": "lineitem","Alias": "lineitem","Startup Cost": 0.00,"Total Cost": 172515.15,"Plan Rows": 6001215,"Plan Width": 17,"Actual Startup Time": 0.013,"Actual Total Time": 974.845,"Actual Rows": 6001215,"Actual Loops": 1},{"Node Type": "Hash","Parent Relationship": "Inner","Parallel Aware": false,"Async Capable": false,"Startup Cost": 6367.08,"Total Cost": 6367.08,"Plan Rows": 201,"Plan Width": 4,"Actual Startup Time": 31.680,"Actual Total Time": 32.369,"Actual Rows": 200,"Actual Loops": 1,"Hash Buckets": 1024,"Original Hash Buckets": 1024,"Hash Batches": 1,"Original Hash Batches": 1,"Peak Memory Usage": 16,"Plans": [{"Node Type": "Gather","Parent Relationship": "Outer","Parallel Aware": false,"Async Capable": false,"Startup Cost": 1000.00,"Total Cost": 6367.08,"Plan Rows": 201,"Plan Width": 4,"Actual Startup Time": 3.478,"Actual Total Time": 32.287,"Actual Rows": 200,"Actual Loops": 1,"Workers Planned": 2,"Workers Launched": 2,"Single Copy": false,"Plans": [{"Node Type": "Seq Scan","Parent Relationship": "Outer","Parallel Aware": true,"Async Capable": false,"Relation Name": "part","Alias": "part","Startup Cost": 0.00,"Total Cost": 5347.00,"Plan Rows": 84,"Plan Width": 4,"Actual Startup Time": 1.216,"Actual Total Time": 26.044,"Actual Rows": 67,"Actual Loops": 3,"Filter": "((p_brand = 'Brand#51'::bpchar) AND (p_container = 'MED BOX'::bpchar))","Rows Removed by Filter": 66600,"Workers": []}]}]},{"Node Type": "Aggregate","Strategy": "Plain","Partial Mode": "Simple","Parent Relationship": "SubPlan","Subplan Name": "SubPlan 1","Parallel Aware": false,"Async Capable": false,"Startup Cost": 127.60,"Total Cost": 127.61,"Plan Rows": 1,"Plan Width": 32,"Actual Startup Time": 0.120,"Actual Total Time": 0.120,"Actual Rows": 1,"Actual Loops": 6007,"Plans": [{"Node Type": "Bitmap Heap Scan","Parent Relationship": "Outer","Parallel Aware": false,"Async Capable": false,"Relation Name": "lineitem","Alias": "lineitem_1","Startup Cost": 4.67,"Total Cost": 127.52,"Plan Rows": 31,"Plan Width": 5,"Actual Startup Time": 0.013,"Actual Total Time": 0.113,"Actual Rows": 31,"Actual Loops": 6007,"Recheck Cond": "(l_partkey = part.p_partkey)","Rows Removed by Index Recheck": 0,"Exact Heap Blocks": 187153,"Lossy Heap Blocks": 0,"Plans": [{"Node Type": "Bitmap Index Scan","Parent Relationship": "Outer","Parallel Aware": false,"Async Capable": false,"Index Name": "idx_lineitem_part_supp","Startup Cost": 0.00,"Total Cost": 4.67,"Plan Rows": 31,"Plan Width": 0,"Actual Startup Time": 0.007,"Actual Total Time": 0.007,"Actual Rows": 31,"Actual Loops": 6007,"Index Cond": "(l_partkey = part.p_partkey)"}]}]}]}]},"Planning Time": 5.972,"Triggers": [],"Execution Time": 4812.271}]
[{"Plan": {"Node Type": "Aggregate","Strategy": "Plain","Partial Mode": "Simple","Parallel Aware": false,"Async Capable": false,"Startup Cost": 195919.29,"Total Cost": 195919.30,"Plan Rows": 1,"Plan Width": 32,"Actual Startup Time": 4875.991,"Actual Total Time": 4876.785,"Actual Rows": 1,"Actual Loops": 1,"Plans": [{"Node Type": "Hash Join","Parent Relationship": "Outer","Parallel Aware": false,"Async Capable": false,"Join Type": "Inner","Startup Cost": 6369.69,"Total Cost": 195914.24,"Plan Rows": 2017,"Plan Width": 8,"Actual Startup Time": 57.570,"Actual Total Time": 4876.351,"Actual Rows": 571,"Actual Loops": 1,"Inner Unique": true,"Hash Cond": "(lineitem.l_partkey = part.p_partkey)","Join Filter": "(lineitem.l_quantity < (SubPlan 1))","Rows Removed by Join Filter": 5695,"Plans": [{"Node Type": "Seq Scan","Parent Relationship": "Outer","Parallel Aware": false,"Async Capable": false,"Relation Name": "lineitem","Alias": "lineitem","Startup Cost": 0.00,"Total Cost": 172515.15,"Plan Rows": 6001215,"Plan Width": 17,"Actual Startup Time": 0.022,"Actual Total Time": 949.091,"Actual Rows": 6001215,"Actual Loops": 1},{"Node Type": "Hash","Parent Relationship": "Inner","Parallel Aware": false,"Async Capable": false,"Startup Cost": 6367.17,"Total Cost": 6367.17,"Plan Rows": 202,"Plan Width": 4,"Actual Startup Time": 32.396,"Actual Total Time": 33.134,"Actual Rows": 208,"Actual Loops": 1,"Hash Buckets": 1024,"Original Hash Buckets": 1024,"Hash Batches": 1,"Original Hash Batches": 1,"Peak Memory Usage": 16,"Plans": [{"Node Type": "Gather","Parent Relationship": "Outer","Parallel Aware": false,"Async Capable": false,"Startup Cost": 1000.00,"Total Cost": 6367.17,"Plan Rows": 202,"Plan Width": 4,"Actual Startup Time": 0.953,"Actual Total Time": 33.050,"Actual Rows": 208,"Actual Loops": 1,"Workers Planned": 2,"Workers Launched": 2,"Single Copy": false,"Plans": [{"Node Type": "Seq Scan","Parent Relationship": "Outer","Parallel Aware": true,"Async Capable": false,"Relation Name": "part","Alias": "part","Startup Cost": 0.00,"Total Cost": 5347.00,"Plan Rows": 84,"Plan Width": 4,"Actual Startup Time": 0.862,"Actual Total Time": 26.411,"Actual Rows": 69,"Actual Loops": 3,"Filter": "((p_brand = 'Brand#22'::bpchar) AND (p_container = 'WRAP JAR'::bpchar))","Rows Removed by Filter": 66597,"Workers": []}]}]},{"Node Type": "Aggregate","Strategy": "Plain","Partial Mode": "Simple","Parent Relationship": "SubPlan","Subplan Name": "SubPlan 1","Parallel Aware": false,"Async Capable": false,"Startup Cost": 127.60,"Total Cost": 127.61,"Plan Rows": 1,"Plan Width": 32,"Actual Startup Time": 0.120,"Actual Total Time": 0.120,"Actual Rows": 1,"Actual Loops": 6266,"Plans": [{"Node Type": "Bitmap Heap Scan","Parent Relationship": "Outer","Parallel Aware": false,"Async Capable": false,"Relation Name": "lineitem","Alias": "lineitem_1","Startup Cost": 4.67,"Total Cost": 127.52,"Plan Rows": 31,"Plan Width": 5,"Actual Startup Time": 0.013,"Actual Total Time": 0.113,"Actual Rows": 31,"Actual Loops": 6266,"Recheck Cond": "(l_partkey = part.p_partkey)","Rows Removed by Index Recheck": 0,"Exact Heap Blocks": 194306,"Lossy Heap Blocks": 0,"Plans": [{"Node Type": "Bitmap Index Scan","Parent Relationship": "Outer","Parallel Aware": false,"Async Capable": false,"Index Name": "idx_lineitem_part_supp","Startup Cost": 0.00,"Total Cost": 4.67,"Plan Rows": 31,"Plan Width": 0,"Actual Startup Time": 0.007,"Actual Total Time": 0.007,"Actual Rows": 31,"Actual Loops": 6266,"Index Cond": "(l_partkey = part.p_partkey)"}]}]}]}]},"Planning Time": 4.609,"Triggers": [],"Execution Time": 4877.220}]
[{"Plan": {"Node Type": "Aggregate","Strategy": "Plain","Partial Mode": "Simple","Parallel Aware": false,"Async Capable": false,"Startup Cost": 195921.05,"Total Cost": 195921.06,"Plan Rows": 1,"Plan Width": 32,"Actual Startup Time": 4801.290,"Actual Total Time": 4801.804,"Actual Rows": 1,"Actual Loops": 1,"Plans": [{"Node Type": "Hash Join","Parent Relationship": "Outer","Parallel Aware": false,"Async Capable": false,"Join Type": "Inner","Startup Cost": 6371.13,"Total Cost": 195915.68,"Plan Rows": 2145,"Plan Width": 8,"Actual Startup Time": 42.942,"Actual Total Time": 4801.574,"Actual Rows": 477,"Actual Loops": 1,"Inner Unique": true,"Hash Cond": "(lineitem.l_partkey = part.p_partkey)","Join Filter": "(lineitem.l_quantity < (SubPlan 1))","Rows Removed by Join Filter": 4875,"Plans": [{"Node Type": "Seq Scan","Parent Relationship": "Outer","Parallel Aware": false,"Async Capable": false,"Relation Name": "lineitem","Alias": "lineitem","Startup Cost": 0.00,"Total Cost": 172515.15,"Plan Rows": 6001215,"Plan Width": 17,"Actual Startup Time": 0.023,"Actual Total Time": 1028.898,"Actual Rows": 6001215,"Actual Loops": 1},{"Node Type": "Hash","Parent Relationship": "Inner","Parallel Aware": false,"Async Capable": false,"Startup Cost": 6368.45,"Total Cost": 6368.45,"Plan Rows": 214,"Plan Width": 4,"Actual Startup Time": 32.088,"Actual Total Time": 32.585,"Actual Rows": 180,"Actual Loops": 1,"Hash Buckets": 1024,"Original Hash Buckets": 1024,"Hash Batches": 1,"Original Hash Batches": 1,"Peak Memory Usage": 15,"Plans": [{"Node Type": "Gather","Parent Relationship": "Outer","Parallel Aware": false,"Async Capable": false,"Startup Cost": 1000.00,"Total Cost": 6368.45,"Plan Rows": 214,"Plan Width": 4,"Actual Startup Time": 1.372,"Actual Total Time": 32.536,"Actual Rows": 180,"Actual Loops": 1,"Workers Planned": 2,"Workers Launched": 2,"Single Copy": false,"Plans": [{"Node Type": "Seq Scan","Parent Relationship": "Outer","Parallel Aware": true,"Async Capable": false,"Relation Name": "part","Alias": "part","Startup Cost": 0.00,"Total Cost": 5347.00,"Plan Rows": 89,"Plan Width": 4,"Actual Startup Time": 0.953,"Actual Total Time": 26.090,"Actual Rows": 60,"Actual Loops": 3,"Filter": "((p_brand = 'Brand#41'::bpchar) AND (p_container = 'SM BOX'::bpchar))","Rows Removed by Filter": 66607,"Workers": []}]}]},{"Node Type": "Aggregate","Strategy": "Plain","Partial Mode": "Simple","Parent Relationship": "SubPlan","Subplan Name": "SubPlan 1","Parallel Aware": false,"Async Capable": false,"Startup Cost": 127.60,"Total Cost": 127.61,"Plan Rows": 1,"Plan Width": 32,"Actual Startup Time": 0.133,"Actual Total Time": 0.133,"Actual Rows": 1,"Actual Loops": 5352,"Plans": [{"Node Type": "Bitmap Heap Scan","Parent Relationship": "Outer","Parallel Aware": false,"Async Capable": false,"Relation Name": "lineitem","Alias": "lineitem_1","Startup Cost": 4.67,"Total Cost": 127.52,"Plan Rows": 31,"Plan Width": 5,"Actual Startup Time": 0.014,"Actual Total Time": 0.126,"Actual Rows": 31,"Actual Loops": 5352,"Recheck Cond": "(l_partkey = part.p_partkey)","Rows Removed by Index Recheck": 0,"Exact Heap Blocks": 164113,"Lossy Heap Blocks": 0,"Plans": [{"Node Type": "Bitmap Index Scan","Parent Relationship": "Outer","Parallel Aware": false,"Async Capable": false,"Index Name": "idx_lineitem_part_supp","Startup Cost": 0.00,"Total Cost": 4.67,"Plan Rows": 31,"Plan Width": 0,"Actual Startup Time": 0.008,"Actual Total Time": 0.008,"Actual Rows": 31,"Actual Loops": 5352,"Index Cond": "(l_partkey = part.p_partkey)"}]}]}]}]},"Planning Time": 4.402,"Triggers": [],"Execution Time": 4802.122}]
[{"Plan": {"Node Type": "Aggregate","Strategy": "Plain","Partial Mode": "Simple","Parallel Aware": false,"Async Capable": false,"Startup Cost": 195920.06,"Total Cost": 195920.07,"Plan Rows": 1,"Plan Width": 32,"Actual Startup Time": 4789.068,"Actual Total Time": 4789.677,"Actual Rows": 1,"Actual Loops": 1,"Plans": [{"Node Type": "Hash Join","Parent Relationship": "Outer","Parallel Aware": false,"Async Capable": false,"Join Type": "Inner","Startup Cost": 6370.32,"Total Cost": 195914.87,"Plan Rows": 2073,"Plan Width": 8,"Actual Startup Time": 69.299,"Actual Total Time": 4789.157,"Actual Rows": 479,"Actual Loops": 1,"Inner Unique": true,"Hash Cond": "(lineitem.l_partkey = part.p_partkey)","Join Filter": "(lineitem.l_quantity < (SubPlan 1))","Rows Removed by Join Filter": 5099,"Plans": [{"Node Type": "Seq Scan","Parent Relationship": "Outer","Parallel Aware": false,"Async Capable": false,"Relation Name": "lineitem","Alias": "lineitem","Startup Cost": 0.00,"Total Cost": 172515.15,"Plan Rows": 6001215,"Plan Width": 17,"Actual Startup Time": 0.016,"Actual Total Time": 976.462,"Actual Rows": 6001215,"Actual Loops": 1},{"Node Type": "Hash","Parent Relationship": "Inner","Parallel Aware": false,"Async Capable": false,"Startup Cost": 6367.73,"Total Cost": 6367.73,"Plan Rows": 207,"Plan Width": 4,"Actual Startup Time": 32.724,"Actual Total Time": 33.300,"Actual Rows": 187,"Actual Loops": 1,"Hash Buckets": 1024,"Original Hash Buckets": 1024,"Hash Batches": 1,"Original Hash Batches": 1,"Peak Memory Usage": 15,"Plans": [{"Node Type": "Gather","Parent Relationship": "Outer","Parallel Aware": false,"Async Capable": false,"Startup Cost": 1000.00,"Total Cost": 6367.73,"Plan Rows": 207,"Plan Width": 4,"Actual Startup Time": 0.625,"Actual Total Time": 33.224,"Actual Rows": 187,"Actual Loops": 1,"Workers Planned": 2,"Workers Launched": 2,"Single Copy": false,"Plans": [{"Node Type": "Seq Scan","Parent Relationship": "Outer","Parallel Aware": true,"Async Capable": false,"Relation Name": "part","Alias": "part","Startup Cost": 0.00,"Total Cost": 5347.00,"Plan Rows": 86,"Plan Width": 4,"Actual Startup Time": 0.870,"Actual Total Time": 27.209,"Actual Rows": 62,"Actual Loops": 3,"Filter": "((p_brand = 'Brand#33'::bpchar) AND (p_container = 'WRAP DRUM'::bpchar))","Rows Removed by Filter": 66604,"Workers": []}]}]},{"Node Type": "Aggregate","Strategy": "Plain","Partial Mode": "Simple","Parent Relationship": "SubPlan","Subplan Name": "SubPlan 1","Parallel Aware": false,"Async Capable": false,"Startup Cost": 127.60,"Total Cost": 127.61,"Plan Rows": 1,"Plan Width": 32,"Actual Startup Time": 0.120,"Actual Total Time": 0.120,"Actual Rows": 1,"Actual Loops": 5578,"Plans": [{"Node Type": "Bitmap Heap Scan","Parent Relationship": "Outer","Parallel Aware": false,"Async Capable": false,"Relation Name": "lineitem","Alias": "lineitem_1","Startup Cost": 4.67,"Total Cost": 127.52,"Plan Rows": 31,"Plan Width": 5,"Actual Startup Time": 0.013,"Actual Total Time": 0.113,"Actual Rows": 31,"Actual Loops": 5578,"Recheck Cond": "(l_partkey = part.p_partkey)","Rows Removed by Index Recheck": 0,"Exact Heap Blocks": 171541,"Lossy Heap Blocks": 0,"Plans": [{"Node Type": "Bitmap Index Scan","Parent Relationship": "Outer","Parallel Aware": false,"Async Capable": false,"Index Name": "idx_lineitem_part_supp","Startup Cost": 0.00,"Total Cost": 4.67,"Plan Rows": 31,"Plan Width": 0,"Actual Startup Time": 0.007,"Actual Total Time": 0.007,"Actual Rows": 31,"Actual Loops": 5578,"Index Cond": "(l_partkey = part.p_partkey)"}]}]}]}]},"Planning Time": 4.773,"Triggers": [],"Execution Time": 4789.968}]
[{"Plan": {"Node Type": "Aggregate","Strategy": "Plain","Partial Mode": "Simple","Parallel Aware": false,"Async Capable": false,"Startup Cost": 195918.89,"Total Cost": 195918.90,"Plan Rows": 1,"Plan Width": 32,"Actual Startup Time": 4811.077,"Actual Total Time": 4811.804,"Actual Rows": 1,"Actual Loops": 1,"Plans": [{"Node Type": "Hash Join","Parent Relationship": "Outer","Parallel Aware": false,"Async Capable": false,"Join Type": "Inner","Startup Cost": 6369.37,"Total Cost": 195913.92,"Plan Rows": 1988,"Plan Width": 8,"Actual Startup Time": 34.738,"Actual Total Time": 4811.410,"Actual Rows": 409,"Actual Loops": 1,"Inner Unique": true,"Hash Cond": "(lineitem.l_partkey = part.p_partkey)","Join Filter": "(lineitem.l_quantity < (SubPlan 1))","Rows Removed by Join Filter": 4569,"Plans": [{"Node Type": "Seq Scan","Parent Relationship": "Outer","Parallel Aware": false,"Async Capable": false,"Relation Name": "lineitem","Alias": "lineitem","Startup Cost": 0.00,"Total Cost": 172515.15,"Plan Rows": 6001215,"Plan Width": 17,"Actual Startup Time": 0.019,"Actual Total Time": 999.054,"Actual Rows": 6001215,"Actual Loops": 1},{"Node Type": "Hash","Parent Relationship": "Inner","Parallel Aware": false,"Async Capable": false,"Startup Cost": 6366.88,"Total Cost": 6366.88,"Plan Rows": 199,"Plan Width": 4,"Actual Startup Time": 33.607,"Actual Total Time": 34.283,"Actual Rows": 166,"Actual Loops": 1,"Hash Buckets": 1024,"Original Hash Buckets": 1024,"Hash Batches": 1,"Original Hash Batches": 1,"Peak Memory Usage": 14,"Plans": [{"Node Type": "Gather","Parent Relationship": "Outer","Parallel Aware": false,"Async Capable": false,"Startup Cost": 1000.00,"Total Cost": 6366.88,"Plan Rows": 199,"Plan Width": 4,"Actual Startup Time": 0.788,"Actual Total Time": 34.201,"Actual Rows": 166,"Actual Loops": 1,"Workers Planned": 2,"Workers Launched": 2,"Single Copy": false,"Plans": [{"Node Type": "Seq Scan","Parent Relationship": "Outer","Parallel Aware": true,"Async Capable": false,"Relation Name": "part","Alias": "part","Startup Cost": 0.00,"Total Cost": 5347.00,"Plan Rows": 83,"Plan Width": 4,"Actual Startup Time": 0.319,"Actual Total Time": 27.372,"Actual Rows": 55,"Actual Loops": 3,"Filter": "((p_brand = 'Brand#11'::bpchar) AND (p_container = 'WRAP CASE'::bpchar))","Rows Removed by Filter": 66611,"Workers": []}]}]},{"Node Type": "Aggregate","Strategy": "Plain","Partial Mode": "Simple","Parent Relationship": "SubPlan","Subplan Name": "SubPlan 1","Parallel Aware": false,"Async Capable": false,"Startup Cost": 127.60,"Total Cost": 127.61,"Plan Rows": 1,"Plan Width": 32,"Actual Startup Time": 0.139,"Actual Total Time": 0.139,"Actual Rows": 1,"Actual Loops": 4978,"Plans": [{"Node Type": "Bitmap Heap Scan","Parent Relationship": "Outer","Parallel Aware": false,"Async Capable": false,"Relation Name": "lineitem","Alias": "lineitem_1","Startup Cost": 4.67,"Total Cost": 127.52,"Plan Rows": 31,"Plan Width": 5,"Actual Startup Time": 0.014,"Actual Total Time": 0.132,"Actual Rows": 31,"Actual Loops": 4978,"Recheck Cond": "(l_partkey = part.p_partkey)","Rows Removed by Index Recheck": 0,"Exact Heap Blocks": 154576,"Lossy Heap Blocks": 0,"Plans": [{"Node Type": "Bitmap Index Scan","Parent Relationship": "Outer","Parallel Aware": false,"Async Capable": false,"Index Name": "idx_lineitem_part_supp","Startup Cost": 0.00,"Total Cost": 4.67,"Plan Rows": 31,"Plan Width": 0,"Actual Startup Time": 0.008,"Actual Total Time": 0.008,"Actual Rows": 31,"Actual Loops": 4978,"Index Cond": "(l_partkey = part.p_partkey)"}]}]}]}]},"Planning Time": 5.633,"Triggers": [],"Execution Time": 4812.348}]
[{"Plan": {"Node Type": "Aggregate","Strategy": "Plain","Partial Mode": "Simple","Parallel Aware": false,"Async Capable": false,"Startup Cost": 195918.58,"Total Cost": 195918.60,"Plan Rows": 1,"Plan Width": 32,"Actual Startup Time": 4863.033,"Actual Total Time": 4863.688,"Actual Rows": 1,"Actual Loops": 1,"Plans": [{"Node Type": "Hash Join","Parent Relationship": "Outer","Parallel Aware": false,"Async Capable": false,"Join Type": "Inner","Startup Cost": 6369.11,"Total Cost": 195913.67,"Plan Rows": 1966,"Plan Width": 8,"Actual Startup Time": 44.092,"Actual Total Time": 4863.207,"Actual Rows": 534,"Actual Loops": 1,"Inner Unique": true,"Hash Cond": "(lineitem.l_partkey = part.p_partkey)","Join Filter": "(lineitem.l_quantity < (SubPlan 1))","Rows Removed by Join Filter": 5520,"Plans": [{"Node Type": "Seq Scan","Parent Relationship": "Outer","Parallel Aware": false,"Async Capable": false,"Relation Name": "lineitem","Alias": "lineitem","Startup Cost": 0.00,"Total Cost": 172515.15,"Plan Rows": 6001215,"Plan Width": 17,"Actual Startup Time": 0.019,"Actual Total Time": 976.162,"Actual Rows": 6001215,"Actual Loops": 1},{"Node Type": "Hash","Parent Relationship": "Inner","Parallel Aware": false,"Async Capable": false,"Startup Cost": 6366.66,"Total Cost": 6366.66,"Plan Rows": 197,"Plan Width": 4,"Actual Startup Time": 33.423,"Actual Total Time": 34.046,"Actual Rows": 199,"Actual Loops": 1,"Hash Buckets": 1024,"Original Hash Buckets": 1024,"Hash Batches": 1,"Original Hash Batches": 1,"Peak Memory Usage": 15,"Plans": [{"Node Type": "Gather","Parent Relationship": "Outer","Parallel Aware": false,"Async Capable": false,"Startup Cost": 1000.00,"Total Cost": 6366.66,"Plan Rows": 197,"Plan Width": 4,"Actual Startup Time": 1.670,"Actual Total Time": 33.961,"Actual Rows": 199,"Actual Loops": 1,"Workers Planned": 2,"Workers Launched": 2,"Single Copy": false,"Plans": [{"Node Type": "Seq Scan","Parent Relationship": "Outer","Parallel Aware": true,"Async Capable": false,"Relation Name": "part","Alias": "part","Startup Cost": 0.00,"Total Cost": 5347.00,"Plan Rows": 82,"Plan Width": 4,"Actual Startup Time": 0.701,"Actual Total Time": 27.901,"Actual Rows": 66,"Actual Loops": 3,"Filter": "((p_brand = 'Brand#43'::bpchar) AND (p_container = 'MED DRUM'::bpchar))","Rows Removed by Filter": 66600,"Workers": []}]}]},{"Node Type": "Aggregate","Strategy": "Plain","Partial Mode": "Simple","Parent Relationship": "SubPlan","Subplan Name": "SubPlan 1","Parallel Aware": false,"Async Capable": false,"Startup Cost": 127.60,"Total Cost": 127.61,"Plan Rows": 1,"Plan Width": 32,"Actual Startup Time": 0.121,"Actual Total Time": 0.121,"Actual Rows": 1,"Actual Loops": 6054,"Plans": [{"Node Type": "Bitmap Heap Scan","Parent Relationship": "Outer","Parallel Aware": false,"Async Capable": false,"Relation Name": "lineitem","Alias": "lineitem_1","Startup Cost": 4.67,"Total Cost": 127.52,"Plan Rows": 31,"Plan Width": 5,"Actual Startup Time": 0.013,"Actual Total Time": 0.114,"Actual Rows": 31,"Actual Loops": 6054,"Recheck Cond": "(l_partkey = part.p_partkey)","Rows Removed by Index Recheck": 0,"Exact Heap Blocks": 190440,"Lossy Heap Blocks": 0,"Plans": [{"Node Type": "Bitmap Index Scan","Parent Relationship": "Outer","Parallel Aware": false,"Async Capable": false,"Index Name": "idx_lineitem_part_supp","Startup Cost": 0.00,"Total Cost": 4.67,"Plan Rows": 31,"Plan Width": 0,"Actual Startup Time": 0.007,"Actual Total Time": 0.007,"Actual Rows": 31,"Actual Loops": 6054,"Index Cond": "(l_partkey = part.p_partkey)"}]}]}]}]},"Planning Time": 5.929,"Triggers": [],"Execution Time": 4864.132}]
[{"Plan": {"Node Type": "Aggregate","Strategy": "Plain","Partial Mode": "Simple","Parallel Aware": false,"Async Capable": false,"Startup Cost": 195917.99,"Total Cost": 195918.01,"Plan Rows": 1,"Plan Width": 32,"Actual Startup Time": 4937.881,"Actual Total Time": 4938.612,"Actual Rows": 1,"Actual Loops": 1,"Plans": [{"Node Type": "Hash Join","Parent Relationship": "Outer","Parallel Aware": false,"Async Capable": false,"Join Type": "Inner","Startup Cost": 6368.63,"Total Cost": 195913.18,"Plan Rows": 1923,"Plan Width": 8,"Actual Startup Time": 70.219,"Actual Total Time": 4938.237,"Actual Rows": 593,"Actual Loops": 1,"Inner Unique": true,"Hash Cond": "(lineitem.l_partkey = part.p_partkey)","Join Filter": "(lineitem.l_quantity < (SubPlan 1))","Rows Removed by Join Filter": 6048,"Plans": [{"Node Type": "Seq Scan","Parent Relationship": "Outer","Parallel Aware": false,"Async Capable": false,"Relation Name": "lineitem","Alias": "lineitem","Startup Cost": 0.00,"Total Cost": 172515.15,"Plan Rows": 6001215,"Plan Width": 17,"Actual Startup Time": 0.020,"Actual Total Time": 952.563,"Actual Rows": 6001215,"Actual Loops": 1},{"Node Type": "Hash","Parent Relationship": "Inner","Parallel Aware": false,"Async Capable": false,"Startup Cost": 6366.23,"Total Cost": 6366.23,"Plan Rows": 192,"Plan Width": 4,"Actual Startup Time": 31.027,"Actual Total Time": 31.714,"Actual Rows": 222,"Actual Loops": 1,"Hash Buckets": 1024,"Original Hash Buckets": 1024,"Hash Batches": 1,"Original Hash Batches": 1,"Peak Memory Usage": 16,"Plans": [{"Node Type": "Gather","Parent Relationship": "Outer","Parallel Aware": false,"Async Capable": false,"Startup Cost": 1000.00,"Total Cost": 6366.23,"Plan Rows": 192,"Plan Width": 4,"Actual Startup Time": 0.962,"Actual Total Time": 31.625,"Actual Rows": 222,"Actual Loops": 1,"Workers Planned": 2,"Workers Launched": 2,"Single Copy": false,"Plans": [{"Node Type": "Seq Scan","Parent Relationship": "Outer","Parallel Aware": true,"Async Capable": false,"Relation Name": "part","Alias": "part","Startup Cost": 0.00,"Total Cost": 5347.00,"Plan Rows": 80,"Plan Width": 4,"Actual Startup Time": 0.534,"Actual Total Time": 25.218,"Actual Rows": 74,"Actual Loops": 3,"Filter": "((p_brand = 'Brand#32'::bpchar) AND (p_container = 'SM JAR'::bpchar))","Rows Removed by Filter": 66593,"Workers": []}]}]},{"Node Type": "Aggregate","Strategy": "Plain","Partial Mode": "Simple","Parent Relationship": "SubPlan","Subplan Name": "SubPlan 1","Parallel Aware": false,"Async Capable": false,"Startup Cost": 127.60,"Total Cost": 127.61,"Plan Rows": 1,"Plan Width": 32,"Actual Startup Time": 0.121,"Actual Total Time": 0.121,"Actual Rows": 1,"Actual Loops": 6641,"Plans": [{"Node Type": "Bitmap Heap Scan","Parent Relationship": "Outer","Parallel Aware": false,"Async Capable": false,"Relation Name": "lineitem","Alias": "lineitem_1","Startup Cost": 4.67,"Total Cost": 127.52,"Plan Rows": 31,"Plan Width": 5,"Actual Startup Time": 0.013,"Actual Total Time": 0.114,"Actual Rows": 31,"Actual Loops": 6641,"Recheck Cond": "(l_partkey = part.p_partkey)","Rows Removed by Index Recheck": 0,"Exact Heap Blocks": 204716,"Lossy Heap Blocks": 0,"Plans": [{"Node Type": "Bitmap Index Scan","Parent Relationship": "Outer","Parallel Aware": false,"Async Capable": false,"Index Name": "idx_lineitem_part_supp","Startup Cost": 0.00,"Total Cost": 4.67,"Plan Rows": 31,"Plan Width": 0,"Actual Startup Time": 0.007,"Actual Total Time": 0.007,"Actual Rows": 31,"Actual Loops": 6641,"Index Cond": "(l_partkey = part.p_partkey)"}]}]}]}]},"Planning Time": 4.902,"Triggers": [],"Execution Time": 4939.073}]
[{"Plan": {"Node Type": "Aggregate","Strategy": "Plain","Partial Mode": "Simple","Parallel Aware": false,"Async Capable": false,"Startup Cost": 195920.04,"Total Cost": 195920.05,"Plan Rows": 1,"Plan Width": 32,"Actual Startup Time": 4834.939,"Actual Total Time": 4835.604,"Actual Rows": 1,"Actual Loops": 1,"Plans": [{"Node Type": "Hash Join","Parent Relationship": "Outer","Parallel Aware": false,"Async Capable": false,"Join Type": "Inner","Startup Cost": 6370.30,"Total Cost": 195914.86,"Plan Rows": 2072,"Plan Width": 8,"Actual Startup Time": 39.890,"Actual Total Time": 4835.076,"Actual Rows": 500,"Actual Loops": 1,"Inner Unique": true,"Hash Cond": "(lineitem.l_partkey = part.p_partkey)","Join Filter": "(lineitem.l_quantity < (SubPlan 1))","Rows Removed by Join Filter": 5383,"Plans": [{"Node Type": "Seq Scan","Parent Relationship": "Outer","Parallel Aware": false,"Async Capable": false,"Relation Name": "lineitem","Alias": "lineitem","Startup Cost": 0.00,"Total Cost": 172515.15,"Plan Rows": 6001215,"Plan Width": 17,"Actual Startup Time": 0.014,"Actual Total Time": 979.791,"Actual Rows": 6001215,"Actual Loops": 1},{"Node Type": "Hash","Parent Relationship": "Inner","Parallel Aware": false,"Async Capable": false,"Startup Cost": 6367.71,"Total Cost": 6367.71,"Plan Rows": 207,"Plan Width": 4,"Actual Startup Time": 32.971,"Actual Total Time": 33.599,"Actual Rows": 197,"Actual Loops": 1,"Hash Buckets": 1024,"Original Hash Buckets": 1024,"Hash Batches": 1,"Original Hash Batches": 1,"Peak Memory Usage": 15,"Plans": [{"Node Type": "Gather","Parent Relationship": "Outer","Parallel Aware": false,"Async Capable": false,"Startup Cost": 1000.00,"Total Cost": 6367.71,"Plan Rows": 207,"Plan Width": 4,"Actual Startup Time": 2.463,"Actual Total Time": 33.514,"Actual Rows": 197,"Actual Loops": 1,"Workers Planned": 2,"Workers Launched": 2,"Single Copy": false,"Plans": [{"Node Type": "Seq Scan","Parent Relationship": "Outer","Parallel Aware": true,"Async Capable": false,"Relation Name": "part","Alias": "part","Startup Cost": 0.00,"Total Cost": 5347.00,"Plan Rows": 86,"Plan Width": 4,"Actual Startup Time": 1.513,"Actual Total Time": 27.590,"Actual Rows": 66,"Actual Loops": 3,"Filter": "((p_brand = 'Brand#15'::bpchar) AND (p_container = 'MED DRUM'::bpchar))","Rows Removed by Filter": 66601,"Workers": []}]}]},{"Node Type": "Aggregate","Strategy": "Plain","Partial Mode": "Simple","Parent Relationship": "SubPlan","Subplan Name": "SubPlan 1","Parallel Aware": false,"Async Capable": false,"Startup Cost": 127.60,"Total Cost": 127.61,"Plan Rows": 1,"Plan Width": 32,"Actual Startup Time": 0.120,"Actual Total Time": 0.120,"Actual Rows": 1,"Actual Loops": 5883,"Plans": [{"Node Type": "Bitmap Heap Scan","Parent Relationship": "Outer","Parallel Aware": false,"Async Capable": false,"Relation Name": "lineitem","Alias": "lineitem_1","Startup Cost": 4.67,"Total Cost": 127.52,"Plan Rows": 31,"Plan Width": 5,"Actual Startup Time": 0.013,"Actual Total Time": 0.113,"Actual Rows": 31,"Actual Loops": 5883,"Recheck Cond": "(l_partkey = part.p_partkey)","Rows Removed by Index Recheck": 0,"Exact Heap Blocks": 181532,"Lossy Heap Blocks": 0,"Plans": [{"Node Type": "Bitmap Index Scan","Parent Relationship": "Outer","Parallel Aware": false,"Async Capable": false,"Index Name": "idx_lineitem_part_supp","Startup Cost": 0.00,"Total Cost": 4.67,"Plan Rows": 31,"Plan Width": 0,"Actual Startup Time": 0.007,"Actual Total Time": 0.007,"Actual Rows": 31,"Actual Loops": 5883,"Index Cond": "(l_partkey = part.p_partkey)"}]}]}]}]},"Planning Time": 5.892,"Triggers": [],"Execution Time": 4835.942}]
[{"Plan": {"Node Type": "Aggregate","Strategy": "Plain","Partial Mode": "Simple","Parallel Aware": false,"Async Capable": false,"Startup Cost": 195918.52,"Total Cost": 195918.54,"Plan Rows": 1,"Plan Width": 32,"Actual Startup Time": 4872.423,"Actual Total Time": 4873.003,"Actual Rows": 1,"Actual Loops": 1,"Plans": [{"Node Type": "Hash Join","Parent Relationship": "Outer","Parallel Aware": false,"Async Capable": false,"Join Type": "Inner","Startup Cost": 6369.06,"Total Cost": 195913.62,"Plan Rows": 1962,"Plan Width": 8,"Actual Startup Time": 31.051,"Actual Total Time": 4872.751,"Actual Rows": 507,"Actual Loops": 1,"Inner Unique": true,"Hash Cond": "(lineitem.l_partkey = part.p_partkey)","Join Filter": "(lineitem.l_quantity < (SubPlan 1))","Rows Removed by Join Filter": 5270,"Plans": [{"Node Type": "Seq Scan","Parent Relationship": "Outer","Parallel Aware": false,"Async Capable": false,"Relation Name": "lineitem","Alias": "lineitem","Startup Cost": 0.00,"Total Cost": 172515.15,"Plan Rows": 6001215,"Plan Width": 17,"Actual Startup Time": 0.021,"Actual Total Time": 1029.609,"Actual Rows": 6001215,"Actual Loops": 1},{"Node Type": "Hash","Parent Relationship": "Inner","Parallel Aware": false,"Async Capable": false,"Startup Cost": 6366.61,"Total Cost": 6366.61,"Plan Rows": 196,"Plan Width": 4,"Actual Startup Time": 29.271,"Actual Total Time": 29.836,"Actual Rows": 194,"Actual Loops": 1,"Hash Buckets": 1024,"Original Hash Buckets": 1024,"Hash Batches": 1,"Original Hash Batches": 1,"Peak Memory Usage": 15,"Plans": [{"Node Type": "Gather","Parent Relationship": "Outer","Parallel Aware": false,"Async Capable": false,"Startup Cost": 1000.00,"Total Cost": 6366.61,"Plan Rows": 196,"Plan Width": 4,"Actual Startup Time": 1.330,"Actual Total Time": 29.755,"Actual Rows": 194,"Actual Loops": 1,"Workers Planned": 2,"Workers Launched": 2,"Single Copy": false,"Plans": [{"Node Type": "Seq Scan","Parent Relationship": "Outer","Parallel Aware": true,"Async Capable": false,"Relation Name": "part","Alias": "part","Startup Cost": 0.00,"Total Cost": 5347.00,"Plan Rows": 82,"Plan Width": 4,"Actual Startup Time": 0.680,"Actual Total Time": 23.874,"Actual Rows": 65,"Actual Loops": 3,"Filter": "((p_brand = 'Brand#55'::bpchar) AND (p_container = 'MED PKG'::bpchar))","Rows Removed by Filter": 66602,"Workers": []}]}]},{"Node Type": "Aggregate","Strategy": "Plain","Partial Mode": "Simple","Parent Relationship": "SubPlan","Subplan Name": "SubPlan 1","Parallel Aware": false,"Async Capable": false,"Startup Cost": 127.60,"Total Cost": 127.61,"Plan Rows": 1,"Plan Width": 32,"Actual Startup Time": 0.135,"Actual Total Time": 0.135,"Actual Rows": 1,"Actual Loops": 5777,"Plans": [{"Node Type": "Bitmap Heap Scan","Parent Relationship": "Outer","Parallel Aware": false,"Async Capable": false,"Relation Name": "lineitem","Alias": "lineitem_1","Startup Cost": 4.67,"Total Cost": 127.52,"Plan Rows": 31,"Plan Width": 5,"Actual Startup Time": 0.014,"Actual Total Time": 0.128,"Actual Rows": 31,"Actual Loops": 5777,"Recheck Cond": "(l_partkey = part.p_partkey)","Rows Removed by Index Recheck": 0,"Exact Heap Blocks": 177585,"Lossy Heap Blocks": 0,"Plans": [{"Node Type": "Bitmap Index Scan","Parent Relationship": "Outer","Parallel Aware": false,"Async Capable": false,"Index Name": "idx_lineitem_part_supp","Startup Cost": 0.00,"Total Cost": 4.67,"Plan Rows": 31,"Plan Width": 0,"Actual Startup Time": 0.008,"Actual Total Time": 0.008,"Actual Rows": 31,"Actual Loops": 5777,"Index Cond": "(l_partkey = part.p_partkey)"}]}]}]}]},"Planning Time": 4.603,"Triggers": [],"Execution Time": 4873.288}]
[{"Plan": {"Node Type": "Aggregate","Strategy": "Plain","Partial Mode": "Simple","Parallel Aware": false,"Async Capable": false,"Startup Cost": 195918.06,"Total Cost": 195918.08,"Plan Rows": 1,"Plan Width": 32,"Actual Startup Time": 4928.021,"Actual Total Time": 4928.735,"Actual Rows": 1,"Actual Loops": 1,"Plans": [{"Node Type": "Hash Join","Parent Relationship": "Outer","Parallel Aware": false,"Async Capable": false,"Join Type": "Inner","Startup Cost": 6368.69,"Total Cost": 195913.24,"Plan Rows": 1928,"Plan Width": 8,"Actual Startup Time": 47.242,"Actual Total Time": 4928.285,"Actual Rows": 606,"Actual Loops": 1,"Inner Unique": true,"Hash Cond": "(lineitem.l_partkey = part.p_partkey)","Join Filter": "(lineitem.l_quantity < (SubPlan 1))","Rows Removed by Join Filter": 6119,"Plans": [{"Node Type": "Seq Scan","Parent Relationship": "Outer","Parallel Aware": false,"Async Capable": false,"Relation Name": "lineitem","Alias": "lineitem","Startup Cost": 0.00,"Total Cost": 172515.15,"Plan Rows": 6001215,"Plan Width": 17,"Actual Startup Time": 0.011,"Actual Total Time": 977.318,"Actual Rows": 6001215,"Actual Loops": 1},{"Node Type": "Hash","Parent Relationship": "Inner","Parallel Aware": false,"Async Capable": false,"Startup Cost": 6366.28,"Total Cost": 6366.28,"Plan Rows": 193,"Plan Width": 4,"Actual Startup Time": 32.452,"Actual Total Time": 33.135,"Actual Rows": 221,"Actual Loops": 1,"Hash Buckets": 1024,"Original Hash Buckets": 1024,"Hash Batches": 1,"Original Hash Batches": 1,"Peak Memory Usage": 16,"Plans": [{"Node Type": "Gather","Parent Relationship": "Outer","Parallel Aware": false,"Async Capable": false,"Startup Cost": 1000.00,"Total Cost": 6366.28,"Plan Rows": 193,"Plan Width": 4,"Actual Startup Time": 0.763,"Actual Total Time": 33.033,"Actual Rows": 221,"Actual Loops": 1,"Workers Planned": 2,"Workers Launched": 2,"Single Copy": false,"Plans": [{"Node Type": "Seq Scan","Parent Relationship": "Outer","Parallel Aware": true,"Async Capable": false,"Relation Name": "part","Alias": "part","Startup Cost": 0.00,"Total Cost": 5347.00,"Plan Rows": 80,"Plan Width": 4,"Actual Startup Time": 0.686,"Actual Total Time": 26.947,"Actual Rows": 74,"Actual Loops": 3,"Filter": "((p_brand = 'Brand#25'::bpchar) AND (p_container = 'SM DRUM'::bpchar))","Rows Removed by Filter": 66593,"Workers": []}]}]},{"Node Type": "Aggregate","Strategy": "Plain","Partial Mode": "Simple","Parent Relationship": "SubPlan","Subplan Name": "SubPlan 1","Parallel Aware": false,"Async Capable": false,"Startup Cost": 127.60,"Total Cost": 127.61,"Plan Rows": 1,"Plan Width": 32,"Actual Startup Time": 0.121,"Actual Total Time": 0.121,"Actual Rows": 1,"Actual Loops": 6725,"Plans": [{"Node Type": "Bitmap Heap Scan","Parent Relationship": "Outer","Parallel Aware": false,"Async Capable": false,"Relation Name": "lineitem","Alias": "lineitem_1","Startup Cost": 4.67,"Total Cost": 127.52,"Plan Rows": 31,"Plan Width": 5,"Actual Startup Time": 0.013,"Actual Total Time": 0.114,"Actual Rows": 31,"Actual Loops": 6725,"Recheck Cond": "(l_partkey = part.p_partkey)","Rows Removed by Index Recheck": 0,"Exact Heap Blocks": 211100,"Lossy Heap Blocks": 0,"Plans": [{"Node Type": "Bitmap Index Scan","Parent Relationship": "Outer","Parallel Aware": false,"Async Capable": false,"Index Name": "idx_lineitem_part_supp","Startup Cost": 0.00,"Total Cost": 4.67,"Plan Rows": 31,"Plan Width": 0,"Actual Startup Time": 0.007,"Actual Total Time": 0.007,"Actual Rows": 31,"Actual Loops": 6725,"Index Cond": "(l_partkey = part.p_partkey)"}]}]}]}]},"Planning Time": 4.471,"Triggers": [],"Execution Time": 4929.113}]
[{"Plan": {"Node Type": "Aggregate","Strategy": "Plain","Partial Mode": "Simple","Parallel Aware": false,"Async Capable": false,"Startup Cost": 195917.96,"Total Cost": 195917.97,"Plan Rows": 1,"Plan Width": 32,"Actual Startup Time": 4801.613,"Actual Total Time": 4802.263,"Actual Rows": 1,"Actual Loops": 1,"Plans": [{"Node Type": "Hash Join","Parent Relationship": "Outer","Parallel Aware": false,"Async Capable": false,"Join Type": "Inner","Startup Cost": 6368.60,"Total Cost": 195913.16,"Plan Rows": 1921,"Plan Width": 8,"Actual Startup Time": 51.790,"Actual Total Time": 4801.795,"Actual Rows": 508,"Actual Loops": 1,"Inner Unique": true,"Hash Cond": "(lineitem.l_partkey = part.p_partkey)","Join Filter": "(lineitem.l_quantity < (SubPlan 1))","Rows Removed by Join Filter": 5203,"Plans": [{"Node Type": "Seq Scan","Parent Relationship": "Outer","Parallel Aware": false,"Async Capable": false,"Relation Name": "lineitem","Alias": "lineitem","Startup Cost": 0.00,"Total Cost": 172515.15,"Plan Rows": 6001215,"Plan Width": 17,"Actual Startup Time": 0.016,"Actual Total Time": 977.299,"Actual Rows": 6001215,"Actual Loops": 1},{"Node Type": "Hash","Parent Relationship": "Inner","Parallel Aware": false,"Async Capable": false,"Startup Cost": 6366.20,"Total Cost": 6366.20,"Plan Rows": 192,"Plan Width": 4,"Actual Startup Time": 32.265,"Actual Total Time": 32.868,"Actual Rows": 192,"Actual Loops": 1,"Hash Buckets": 1024,"Original Hash Buckets": 1024,"Hash Batches": 1,"Original Hash Batches": 1,"Peak Memory Usage": 15,"Plans": [{"Node Type": "Gather","Parent Relationship": "Outer","Parallel Aware": false,"Async Capable": false,"Startup Cost": 1000.00,"Total Cost": 6366.20,"Plan Rows": 192,"Plan Width": 4,"Actual Startup Time": 0.752,"Actual Total Time": 32.776,"Actual Rows": 192,"Actual Loops": 1,"Workers Planned": 2,"Workers Launched": 2,"Single Copy": false,"Plans": [{"Node Type": "Seq Scan","Parent Relationship": "Outer","Parallel Aware": true,"Async Capable": false,"Relation Name": "part","Alias": "part","Startup Cost": 0.00,"Total Cost": 5347.00,"Plan Rows": 80,"Plan Width": 4,"Actual Startup Time": 1.172,"Actual Total Time": 26.873,"Actual Rows": 64,"Actual Loops": 3,"Filter": "((p_brand = 'Brand#52'::bpchar) AND (p_container = 'LG PKG'::bpchar))","Rows Removed by Filter": 66603,"Workers": []}]}]},{"Node Type": "Aggregate","Strategy": "Plain","Partial Mode": "Simple","Parent Relationship": "SubPlan","Subplan Name": "SubPlan 1","Parallel Aware": false,"Async Capable": false,"Startup Cost": 127.60,"Total Cost": 127.61,"Plan Rows": 1,"Plan Width": 32,"Actual Startup Time": 0.117,"Actual Total Time": 0.117,"Actual Rows": 1,"Actual Loops": 5711,"Plans": [{"Node Type": "Bitmap Heap Scan","Parent Relationship": "Outer","Parallel Aware": false,"Async Capable": false,"Relation Name": "lineitem","Alias": "lineitem_1","Startup Cost": 4.67,"Total Cost": 127.52,"Plan Rows": 31,"Plan Width": 5,"Actual Startup Time": 0.013,"Actual Total Time": 0.110,"Actual Rows": 31,"Actual Loops": 5711,"Recheck Cond": "(l_partkey = part.p_partkey)","Rows Removed by Index Recheck": 0,"Exact Heap Blocks": 175513,"Lossy Heap Blocks": 0,"Plans": [{"Node Type": "Bitmap Index Scan","Parent Relationship": "Outer","Parallel Aware": false,"Async Capable": false,"Index Name": "idx_lineitem_part_supp","Startup Cost": 0.00,"Total Cost": 4.67,"Plan Rows": 31,"Plan Width": 0,"Actual Startup Time": 0.007,"Actual Total Time": 0.007,"Actual Rows": 31,"Actual Loops": 5711,"Index Cond": "(l_partkey = part.p_partkey)"}]}]}]}]},"Planning Time": 4.636,"Triggers": [],"Execution Time": 4802.626}]
[{"Plan": {"Node Type": "Aggregate","Strategy": "Plain","Partial Mode": "Simple","Parallel Aware": false,"Async Capable": false,"Startup Cost": 195919.27,"Total Cost": 195919.28,"Plan Rows": 1,"Plan Width": 32,"Actual Startup Time": 4995.778,"Actual Total Time": 4996.544,"Actual Rows": 1,"Actual Loops": 1,"Plans": [{"Node Type": "Hash Join","Parent Relationship": "Outer","Parallel Aware": false,"Async Capable": false,"Join Type": "Inner","Startup Cost": 6369.68,"Total Cost": 195914.23,"Plan Rows": 2016,"Plan Width": 8,"Actual Startup Time": 31.272,"Actual Total Time": 4996.176,"Actual Rows": 544,"Actual Loops": 1,"Inner Unique": true,"Hash Cond": "(lineitem.l_partkey = part.p_partkey)","Join Filter": "(lineitem.l_quantity < (SubPlan 1))","Rows Removed by Join Filter": 5484,"Plans": [{"Node Type": "Seq Scan","Parent Relationship": "Outer","Parallel Aware": false,"Async Capable": false,"Relation Name": "lineitem","Alias": "lineitem","Startup Cost": 0.00,"Total Cost": 172515.15,"Plan Rows": 6001215,"Plan Width": 17,"Actual Startup Time": 0.013,"Actual Total Time": 1007.315,"Actual Rows": 6001215,"Actual Loops": 1},{"Node Type": "Hash","Parent Relationship": "Inner","Parallel Aware": false,"Async Capable": false,"Startup Cost": 6367.16,"Total Cost": 6367.16,"Plan Rows": 202,"Plan Width": 4,"Actual Startup Time": 29.687,"Actual Total Time": 30.399,"Actual Rows": 201,"Actual Loops": 1,"Hash Buckets": 1024,"Original Hash Buckets": 1024,"Hash Batches": 1,"Original Hash Batches": 1,"Peak Memory Usage": 16,"Plans": [{"Node Type": "Gather","Parent Relationship": "Outer","Parallel Aware": false,"Async Capable": false,"Startup Cost": 1000.00,"Total Cost": 6367.16,"Plan Rows": 202,"Plan Width": 4,"Actual Startup Time": 1.207,"Actual Total Time": 30.271,"Actual Rows": 201,"Actual Loops": 1,"Workers Planned": 2,"Workers Launched": 2,"Single Copy": false,"Plans": [{"Node Type": "Seq Scan","Parent Relationship": "Outer","Parallel Aware": true,"Async Capable": false,"Relation Name": "part","Alias": "part","Startup Cost": 0.00,"Total Cost": 5347.00,"Plan Rows": 84,"Plan Width": 4,"Actual Startup Time": 0.385,"Actual Total Time": 24.148,"Actual Rows": 67,"Actual Loops": 3,"Filter": "((p_brand = 'Brand#24'::bpchar) AND (p_container = 'SM PACK'::bpchar))","Rows Removed by Filter": 66600,"Workers": []}]}]},{"Node Type": "Aggregate","Strategy": "Plain","Partial Mode": "Simple","Parent Relationship": "SubPlan","Subplan Name": "SubPlan 1","Parallel Aware": false,"Async Capable": false,"Startup Cost": 127.60,"Total Cost": 127.61,"Plan Rows": 1,"Plan Width": 32,"Actual Startup Time": 0.137,"Actual Total Time": 0.137,"Actual Rows": 1,"Actual Loops": 6028,"Plans": [{"Node Type": "Bitmap Heap Scan","Parent Relationship": "Outer","Parallel Aware": false,"Async Capable": false,"Relation Name": "lineitem","Alias": "lineitem_1","Startup Cost": 4.67,"Total Cost": 127.52,"Plan Rows": 31,"Plan Width": 5,"Actual Startup Time": 0.014,"Actual Total Time": 0.130,"Actual Rows": 31,"Actual Loops": 6028,"Recheck Cond": "(l_partkey = part.p_partkey)","Rows Removed by Index Recheck": 0,"Exact Heap Blocks": 186008,"Lossy Heap Blocks": 0,"Plans": [{"Node Type": "Bitmap Index Scan","Parent Relationship": "Outer","Parallel Aware": false,"Async Capable": false,"Index Name": "idx_lineitem_part_supp","Startup Cost": 0.00,"Total Cost": 4.67,"Plan Rows": 31,"Plan Width": 0,"Actual Startup Time": 0.008,"Actual Total Time": 0.008,"Actual Rows": 31,"Actual Loops": 6028,"Index Cond": "(l_partkey = part.p_partkey)"}]}]}]}]},"Planning Time": 6.007,"Triggers": [],"Execution Time": 4997.091}]
[{"Plan": {"Node Type": "Aggregate","Strategy": "Plain","Partial Mode": "Simple","Parallel Aware": false,"Async Capable": false,"Startup Cost": 195917.98,"Total Cost": 195917.99,"Plan Rows": 1,"Plan Width": 32,"Actual Startup Time": 4852.467,"Actual Total Time": 4853.042,"Actual Rows": 1,"Actual Loops": 1,"Plans": [{"Node Type": "Hash Join","Parent Relationship": "Outer","Parallel Aware": false,"Async Capable": false,"Join Type": "Inner","Startup Cost": 6368.62,"Total Cost": 195913.17,"Plan Rows": 1922,"Plan Width": 8,"Actual Startup Time": 98.245,"Actual Total Time": 4852.778,"Actual Rows": 528,"Actual Loops": 1,"Inner Unique": true,"Hash Cond": "(lineitem.l_partkey = part.p_partkey)","Join Filter": "(lineitem.l_quantity < (SubPlan 1))","Rows Removed by Join Filter": 5433,"Plans": [{"Node Type": "Seq Scan","Parent Relationship": "Outer","Parallel Aware": false,"Async Capable": false,"Relation Name": "lineitem","Alias": "lineitem","Startup Cost": 0.00,"Total Cost": 172515.15,"Plan Rows": 6001215,"Plan Width": 17,"Actual Startup Time": 0.013,"Actual Total Time": 1025.234,"Actual Rows": 6001215,"Actual Loops": 1},{"Node Type": "Hash","Parent Relationship": "Inner","Parallel Aware": false,"Async Capable": false,"Startup Cost": 6366.22,"Total Cost": 6366.22,"Plan Rows": 192,"Plan Width": 4,"Actual Startup Time": 28.969,"Actual Total Time": 29.530,"Actual Rows": 195,"Actual Loops": 1,"Hash Buckets": 1024,"Original Hash Buckets": 1024,"Hash Batches": 1,"Original Hash Batches": 1,"Peak Memory Usage": 15,"Plans": [{"Node Type": "Gather","Parent Relationship": "Outer","Parallel Aware": false,"Async Capable": false,"Startup Cost": 1000.00,"Total Cost": 6366.22,"Plan Rows": 192,"Plan Width": 4,"Actual Startup Time": 0.578,"Actual Total Time": 29.455,"Actual Rows": 195,"Actual Loops": 1,"Workers Planned": 2,"Workers Launched": 2,"Single Copy": false,"Plans": [{"Node Type": "Seq Scan","Parent Relationship": "Outer","Parallel Aware": true,"Async Capable": false,"Relation Name": "part","Alias": "part","Startup Cost": 0.00,"Total Cost": 5347.00,"Plan Rows": 80,"Plan Width": 4,"Actual Startup Time": 1.539,"Actual Total Time": 23.612,"Actual Rows": 65,"Actual Loops": 3,"Filter": "((p_brand = 'Brand#12'::bpchar) AND (p_container = 'WRAP DRUM'::bpchar))","Rows Removed by Filter": 66602,"Workers": []}]}]},{"Node Type": "Aggregate","Strategy": "Plain","Partial Mode": "Simple","Parent Relationship": "SubPlan","Subplan Name": "SubPlan 1","Parallel Aware": false,"Async Capable": false,"Startup Cost": 127.60,"Total Cost": 127.61,"Plan Rows": 1,"Plan Width": 32,"Actual Startup Time": 0.130,"Actual Total Time": 0.130,"Actual Rows": 1,"Actual Loops": 5961,"Plans": [{"Node Type": "Bitmap Heap Scan","Parent Relationship": "Outer","Parallel Aware": false,"Async Capable": false,"Relation Name": "lineitem","Alias": "lineitem_1","Startup Cost": 4.67,"Total Cost": 127.52,"Plan Rows": 31,"Plan Width": 5,"Actual Startup Time": 0.014,"Actual Total Time": 0.123,"Actual Rows": 31,"Actual Loops": 5961,"Recheck Cond": "(l_partkey = part.p_partkey)","Rows Removed by Index Recheck": 0,"Exact Heap Blocks": 187640,"Lossy Heap Blocks": 0,"Plans": [{"Node Type": "Bitmap Index Scan","Parent Relationship": "Outer","Parallel Aware": false,"Async Capable": false,"Index Name": "idx_lineitem_part_supp","Startup Cost": 0.00,"Total Cost": 4.67,"Plan Rows": 31,"Plan Width": 0,"Actual Startup Time": 0.008,"Actual Total Time": 0.008,"Actual Rows": 31,"Actual Loops": 5961,"Index Cond": "(l_partkey = part.p_partkey)"}]}]}]}]},"Planning Time": 4.468,"Triggers": [],"Execution Time": 4853.260}]
[{"Plan": {"Node Type": "Aggregate","Strategy": "Plain","Partial Mode": "Simple","Parallel Aware": false,"Async Capable": false,"Startup Cost": 195921.19,"Total Cost": 195921.20,"Plan Rows": 1,"Plan Width": 32,"Actual Startup Time": 4809.855,"Actual Total Time": 4810.504,"Actual Rows": 1,"Actual Loops": 1,"Plans": [{"Node Type": "Hash Join","Parent Relationship": "Outer","Parallel Aware": false,"Async Capable": false,"Join Type": "Inner","Startup Cost": 6371.24,"Total Cost": 195915.80,"Plan Rows": 2155,"Plan Width": 8,"Actual Startup Time": 45.036,"Actual Total Time": 4810.059,"Actual Rows": 508,"Actual Loops": 1,"Inner Unique": true,"Hash Cond": "(lineitem.l_partkey = part.p_partkey)","Join Filter": "(lineitem.l_quantity < (SubPlan 1))","Rows Removed by Join Filter": 5269,"Plans": [{"Node Type": "Seq Scan","Parent Relationship": "Outer","Parallel Aware": false,"Async Capable": false,"Relation Name": "lineitem","Alias": "lineitem","Startup Cost": 0.00,"Total Cost": 172515.15,"Plan Rows": 6001215,"Plan Width": 17,"Actual Startup Time": 0.016,"Actual Total Time": 948.480,"Actual Rows": 6001215,"Actual Loops": 1},{"Node Type": "Hash","Parent Relationship": "Inner","Parallel Aware": false,"Async Capable": false,"Startup Cost": 6368.55,"Total Cost": 6368.55,"Plan Rows": 216,"Plan Width": 4,"Actual Startup Time": 30.930,"Actual Total Time": 31.532,"Actual Rows": 191,"Actual Loops": 1,"Hash Buckets": 1024,"Original Hash Buckets": 1024,"Hash Batches": 1,"Original Hash Batches": 1,"Peak Memory Usage": 15,"Plans": [{"Node Type": "Gather","Parent Relationship": "Outer","Parallel Aware": false,"Async Capable": false,"Startup Cost": 1000.00,"Total Cost": 6368.55,"Plan Rows": 216,"Plan Width": 4,"Actual Startup Time": 0.617,"Actual Total Time": 31.451,"Actual Rows": 191,"Actual Loops": 1,"Workers Planned": 2,"Workers Launched": 2,"Single Copy": false,"Plans": [{"Node Type": "Seq Scan","Parent Relationship": "Outer","Parallel Aware": true,"Async Capable": false,"Relation Name": "part","Alias": "part","Startup Cost": 0.00,"Total Cost": 5347.00,"Plan Rows": 90,"Plan Width": 4,"Actual Startup Time": 0.162,"Actual Total Time": 25.253,"Actual Rows": 64,"Actual Loops": 3,"Filter": "((p_brand = 'Brand#21'::bpchar) AND (p_container = 'JUMBO CAN'::bpchar))","Rows Removed by Filter": 66603,"Workers": []}]}]},{"Node Type": "Aggregate","Strategy": "Plain","Partial Mode": "Simple","Parent Relationship": "SubPlan","Subplan Name": "SubPlan 1","Parallel Aware": false,"Async Capable": false,"Startup Cost": 127.60,"Total Cost": 127.61,"Plan Rows": 1,"Plan Width": 32,"Actual Startup Time": 0.121,"Actual Total Time": 0.121,"Actual Rows": 1,"Actual Loops": 5777,"Plans": [{"Node Type": "Bitmap Heap Scan","Parent Relationship": "Outer","Parallel Aware": false,"Async Capable": false,"Relation Name": "lineitem","Alias": "lineitem_1","Startup Cost": 4.67,"Total Cost": 127.52,"Plan Rows": 31,"Plan Width": 5,"Actual Startup Time": 0.013,"Actual Total Time": 0.114,"Actual Rows": 31,"Actual Loops": 5777,"Recheck Cond": "(l_partkey = part.p_partkey)","Rows Removed by Index Recheck": 0,"Exact Heap Blocks": 181373,"Lossy Heap Blocks": 0,"Plans": [{"Node Type": "Bitmap Index Scan","Parent Relationship": "Outer","Parallel Aware": false,"Async Capable": false,"Index Name": "idx_lineitem_part_supp","Startup Cost": 0.00,"Total Cost": 4.67,"Plan Rows": 31,"Plan Width": 0,"Actual Startup Time": 0.007,"Actual Total Time": 0.007,"Actual Rows": 31,"Actual Loops": 5777,"Index Cond": "(l_partkey = part.p_partkey)"}]}]}]}]},"Planning Time": 4.321,"Triggers": [],"Execution Time": 4810.929}]
[{"Plan": {"Node Type": "Aggregate","Strategy": "Plain","Partial Mode": "Simple","Parallel Aware": false,"Async Capable": false,"Startup Cost": 195918.53,"Total Cost": 195918.54,"Plan Rows": 1,"Plan Width": 32,"Actual Startup Time": 4872.365,"Actual Total Time": 4872.924,"Actual Rows": 1,"Actual Loops": 1,"Plans": [{"Node Type": "Hash Join","Parent Relationship": "Outer","Parallel Aware": false,"Async Capable": false,"Join Type": "Inner","Startup Cost": 6369.07,"Total Cost": 195913.62,"Plan Rows": 1962,"Plan Width": 8,"Actual Startup Time": 73.750,"Actual Total Time": 4872.665,"Actual Rows": 592,"Actual Loops": 1,"Inner Unique": true,"Hash Cond": "(lineitem.l_partkey = part.p_partkey)","Join Filter": "(lineitem.l_quantity < (SubPlan 1))","Rows Removed by Join Filter": 5804,"Plans": [{"Node Type": "Seq Scan","Parent Relationship": "Outer","Parallel Aware": false,"Async Capable": false,"Relation Name": "lineitem","Alias": "lineitem","Startup Cost": 0.00,"Total Cost": 172515.15,"Plan Rows": 6001215,"Plan Width": 17,"Actual Startup Time": 0.016,"Actual Total Time": 935.289,"Actual Rows": 6001215,"Actual Loops": 1},{"Node Type": "Hash","Parent Relationship": "Inner","Parallel Aware": false,"Async Capable": false,"Startup Cost": 6366.62,"Total Cost": 6366.62,"Plan Rows": 196,"Plan Width": 4,"Actual Startup Time": 31.150,"Actual Total Time": 31.694,"Actual Rows": 207,"Actual Loops": 1,"Hash Buckets": 1024,"Original Hash Buckets": 1024,"Hash Batches": 1,"Original Hash Batches": 1,"Peak Memory Usage": 16,"Plans": [{"Node Type": "Gather","Parent Relationship": "Outer","Parallel Aware": false,"Async Capable": false,"Startup Cost": 1000.00,"Total Cost": 6366.62,"Plan Rows": 196,"Plan Width": 4,"Actual Startup Time": 2.453,"Actual Total Time": 31.607,"Actual Rows": 207,"Actual Loops": 1,"Workers Planned": 2,"Workers Launched": 2,"Single Copy": false,"Plans": [{"Node Type": "Seq Scan","Parent Relationship": "Outer","Parallel Aware": true,"Async Capable": false,"Relation Name": "part","Alias": "part","Startup Cost": 0.00,"Total Cost": 5347.00,"Plan Rows": 82,"Plan Width": 4,"Actual Startup Time": 0.910,"Actual Total Time": 25.031,"Actual Rows": 69,"Actual Loops": 3,"Filter": "((p_brand = 'Brand#21'::bpchar) AND (p_container = 'SM CASE'::bpchar))","Rows Removed by Filter": 66598,"Workers": []}]}]},{"Node Type": "Aggregate","Strategy": "Plain","Partial Mode": "Simple","Parent Relationship": "SubPlan","Subplan Name": "SubPlan 1","Parallel Aware": false,"Async Capable": false,"Startup Cost": 127.60,"Total Cost": 127.61,"Plan Rows": 1,"Plan Width": 32,"Actual Startup Time": 0.121,"Actual Total Time": 0.121,"Actual Rows": 1,"Actual Loops": 6396,"Plans": [{"Node Type": "Bitmap Heap Scan","Parent Relationship": "Outer","Parallel Aware": false,"Async Capable": false,"Relation Name": "lineitem","Alias": "lineitem_1","Startup Cost": 4.67,"Total Cost": 127.52,"Plan Rows": 31,"Plan Width": 5,"Actual Startup Time": 0.013,"Actual Total Time": 0.114,"Actual Rows": 32,"Actual Loops": 6396,"Recheck Cond": "(l_partkey = part.p_partkey)","Rows Removed by Index Recheck": 0,"Exact Heap Blocks": 203684,"Lossy Heap Blocks": 0,"Plans": [{"Node Type": "Bitmap Index Scan","Parent Relationship": "Outer","Parallel Aware": false,"Async Capable": false,"Index Name": "idx_lineitem_part_supp","Startup Cost": 0.00,"Total Cost": 4.67,"Plan Rows": 31,"Plan Width": 0,"Actual Startup Time": 0.007,"Actual Total Time": 0.007,"Actual Rows": 32,"Actual Loops": 6396,"Index Cond": "(l_partkey = part.p_partkey)"}]}]}]}]},"Planning Time": 6.036,"Triggers": [],"Execution Time": 4873.292}]
[{"Plan": {"Node Type": "Aggregate","Strategy": "Plain","Partial Mode": "Simple","Parallel Aware": false,"Async Capable": false,"Startup Cost": 195918.52,"Total Cost": 195918.54,"Plan Rows": 1,"Plan Width": 32,"Actual Startup Time": 4874.334,"Actual Total Time": 4875.035,"Actual Rows": 1,"Actual Loops": 1,"Plans": [{"Node Type": "Hash Join","Parent Relationship": "Outer","Parallel Aware": false,"Async Capable": false,"Join Type": "Inner","Startup Cost": 6369.06,"Total Cost": 195913.62,"Plan Rows": 1962,"Plan Width": 8,"Actual Startup Time": 37.198,"Actual Total Time": 4874.624,"Actual Rows": 528,"Actual Loops": 1,"Inner Unique": true,"Hash Cond": "(lineitem.l_partkey = part.p_partkey)","Join Filter": "(lineitem.l_quantity < (SubPlan 1))","Rows Removed by Join Filter": 5469,"Plans": [{"Node Type": "Seq Scan","Parent Relationship": "Outer","Parallel Aware": false,"Async Capable": false,"Relation Name": "lineitem","Alias": "lineitem","Startup Cost": 0.00,"Total Cost": 172515.15,"Plan Rows": 6001215,"Plan Width": 17,"Actual Startup Time": 0.015,"Actual Total Time": 980.139,"Actual Rows": 6001215,"Actual Loops": 1},{"Node Type": "Hash","Parent Relationship": "Inner","Parallel Aware": false,"Async Capable": false,"Startup Cost": 6366.61,"Total Cost": 6366.61,"Plan Rows": 196,"Plan Width": 4,"Actual Startup Time": 32.015,"Actual Total Time": 32.669,"Actual Rows": 197,"Actual Loops": 1,"Hash Buckets": 1024,"Original Hash Buckets": 1024,"Hash Batches": 1,"Original Hash Batches": 1,"Peak Memory Usage": 15,"Plans": [{"Node Type": "Gather","Parent Relationship": "Outer","Parallel Aware": false,"Async Capable": false,"Startup Cost": 1000.00,"Total Cost": 6366.61,"Plan Rows": 196,"Plan Width": 4,"Actual Startup Time": 0.506,"Actual Total Time": 32.573,"Actual Rows": 197,"Actual Loops": 1,"Workers Planned": 2,"Workers Launched": 2,"Single Copy": false,"Plans": [{"Node Type": "Seq Scan","Parent Relationship": "Outer","Parallel Aware": true,"Async Capable": false,"Relation Name": "part","Alias": "part","Startup Cost": 0.00,"Total Cost": 5347.00,"Plan Rows": 82,"Plan Width": 4,"Actual Startup Time": 0.338,"Actual Total Time": 26.560,"Actual Rows": 66,"Actual Loops": 3,"Filter": "((p_brand = 'Brand#55'::bpchar) AND (p_container = 'JUMBO PACK'::bpchar))","Rows Removed by Filter": 66601,"Workers": []}]}]},{"Node Type": "Aggregate","Strategy": "Plain","Partial Mode": "Simple","Parent Relationship": "SubPlan","Subplan Name": "SubPlan 1","Parallel Aware": false,"Async Capable": false,"Startup Cost": 127.60,"Total Cost": 127.61,"Plan Rows": 1,"Plan Width": 32,"Actual Startup Time": 0.121,"Actual Total Time": 0.121,"Actual Rows": 1,"Actual Loops": 5997,"Plans": [{"Node Type": "Bitmap Heap Scan","Parent Relationship": "Outer","Parallel Aware": false,"Async Capable": false,"Relation Name": "lineitem","Alias": "lineitem_1","Startup Cost": 4.67,"Total Cost": 127.52,"Plan Rows": 31,"Plan Width": 5,"Actual Startup Time": 0.013,"Actual Total Time": 0.114,"Actual Rows": 31,"Actual Loops": 5997,"Recheck Cond": "(l_partkey = part.p_partkey)","Rows Removed by Index Recheck": 0,"Exact Heap Blocks": 188301,"Lossy Heap Blocks": 0,"Plans": [{"Node Type": "Bitmap Index Scan","Parent Relationship": "Outer","Parallel Aware": false,"Async Capable": false,"Index Name": "idx_lineitem_part_supp","Startup Cost": 0.00,"Total Cost": 4.67,"Plan Rows": 31,"Plan Width": 0,"Actual Startup Time": 0.007,"Actual Total Time": 0.007,"Actual Rows": 31,"Actual Loops": 5997,"Index Cond": "(l_partkey = part.p_partkey)"}]}]}]}]},"Planning Time": 6.064,"Triggers": [],"Execution Time": 4875.441}]
[{"Plan": {"Node Type": "Aggregate","Strategy": "Plain","Partial Mode": "Simple","Parallel Aware": false,"Async Capable": false,"Startup Cost": 195918.07,"Total Cost": 195918.08,"Plan Rows": 1,"Plan Width": 32,"Actual Startup Time": 4758.936,"Actual Total Time": 4759.550,"Actual Rows": 1,"Actual Loops": 1,"Plans": [{"Node Type": "Hash Join","Parent Relationship": "Outer","Parallel Aware": false,"Async Capable": false,"Join Type": "Inner","Startup Cost": 6368.69,"Total Cost": 195913.25,"Plan Rows": 1929,"Plan Width": 8,"Actual Startup Time": 33.523,"Actual Total Time": 4759.036,"Actual Rows": 531,"Actual Loops": 1,"Inner Unique": true,"Hash Cond": "(lineitem.l_partkey = part.p_partkey)","Join Filter": "(lineitem.l_quantity < (SubPlan 1))","Rows Removed by Join Filter": 5240,"Plans": [{"Node Type": "Seq Scan","Parent Relationship": "Outer","Parallel Aware": false,"Async Capable": false,"Relation Name": "lineitem","Alias": "lineitem","Startup Cost": 0.00,"Total Cost": 172515.15,"Plan Rows": 6001215,"Plan Width": 17,"Actual Startup Time": 0.018,"Actual Total Time": 938.706,"Actual Rows": 6001215,"Actual Loops": 1},{"Node Type": "Hash","Parent Relationship": "Inner","Parallel Aware": false,"Async Capable": false,"Startup Cost": 6366.28,"Total Cost": 6366.28,"Plan Rows": 193,"Plan Width": 4,"Actual Startup Time": 32.226,"Actual Total Time": 32.806,"Actual Rows": 195,"Actual Loops": 1,"Hash Buckets": 1024,"Original Hash Buckets": 1024,"Hash Batches": 1,"Original Hash Batches": 1,"Peak Memory Usage": 15,"Plans": [{"Node Type": "Gather","Parent Relationship": "Outer","Parallel Aware": false,"Async Capable": false,"Startup Cost": 1000.00,"Total Cost": 6366.28,"Plan Rows": 193,"Plan Width": 4,"Actual Startup Time": 2.047,"Actual Total Time": 32.691,"Actual Rows": 195,"Actual Loops": 1,"Workers Planned": 2,"Workers Launched": 2,"Single Copy": false,"Plans": [{"Node Type": "Seq Scan","Parent Relationship": "Outer","Parallel Aware": true,"Async Capable": false,"Relation Name": "part","Alias": "part","Startup Cost": 0.00,"Total Cost": 5347.00,"Plan Rows": 80,"Plan Width": 4,"Actual Startup Time": 0.976,"Actual Total Time": 26.695,"Actual Rows": 65,"Actual Loops": 3,"Filter": "((p_brand = 'Brand#52'::bpchar) AND (p_container = 'LG CAN'::bpchar))","Rows Removed by Filter": 66602,"Workers": []}]}]},{"Node Type": "Aggregate","Strategy": "Plain","Partial Mode": "Simple","Parent Relationship": "SubPlan","Subplan Name": "SubPlan 1","Parallel Aware": false,"Async Capable": false,"Startup Cost": 127.60,"Total Cost": 127.61,"Plan Rows": 1,"Plan Width": 32,"Actual Startup Time": 0.119,"Actual Total Time": 0.119,"Actual Rows": 1,"Actual Loops": 5771,"Plans": [{"Node Type": "Bitmap Heap Scan","Parent Relationship": "Outer","Parallel Aware": false,"Async Capable": false,"Relation Name": "lineitem","Alias": "lineitem_1","Startup Cost": 4.67,"Total Cost": 127.52,"Plan Rows": 31,"Plan Width": 5,"Actual Startup Time": 0.013,"Actual Total Time": 0.111,"Actual Rows": 31,"Actual Loops": 5771,"Recheck Cond": "(l_partkey = part.p_partkey)","Rows Removed by Index Recheck": 0,"Exact Heap Blocks": 176230,"Lossy Heap Blocks": 0,"Plans": [{"Node Type": "Bitmap Index Scan","Parent Relationship": "Outer","Parallel Aware": false,"Async Capable": false,"Index Name": "idx_lineitem_part_supp","Startup Cost": 0.00,"Total Cost": 4.67,"Plan Rows": 31,"Plan Width": 0,"Actual Startup Time": 0.007,"Actual Total Time": 0.007,"Actual Rows": 31,"Actual Loops": 5771,"Index Cond": "(l_partkey = part.p_partkey)"}]}]}]}]},"Planning Time": 4.642,"Triggers": [],"Execution Time": 4759.887}]
[{"Plan": {"Node Type": "Aggregate","Strategy": "Plain","Partial Mode": "Simple","Parallel Aware": false,"Async Capable": false,"Startup Cost": 195921.43,"Total Cost": 195921.44,"Plan Rows": 1,"Plan Width": 32,"Actual Startup Time": 4912.468,"Actual Total Time": 4913.172,"Actual Rows": 1,"Actual Loops": 1,"Plans": [{"Node Type": "Hash Join","Parent Relationship": "Outer","Parallel Aware": false,"Async Capable": false,"Join Type": "Inner","Startup Cost": 6371.44,"Total Cost": 195916.00,"Plan Rows": 2173,"Plan Width": 8,"Actual Startup Time": 33.999,"Actual Total Time": 4912.768,"Actual Rows": 540,"Actual Loops": 1,"Inner Unique": true,"Hash Cond": "(lineitem.l_partkey = part.p_partkey)","Join Filter": "(lineitem.l_quantity < (SubPlan 1))","Rows Removed by Join Filter": 5856,"Plans": [{"Node Type": "Seq Scan","Parent Relationship": "Outer","Parallel Aware": false,"Async Capable": false,"Relation Name": "lineitem","Alias": "lineitem","Startup Cost": 0.00,"Total Cost": 172515.15,"Plan Rows": 6001215,"Plan Width": 17,"Actual Startup Time": 0.027,"Actual Total Time": 981.948,"Actual Rows": 6001215,"Actual Loops": 1},{"Node Type": "Hash","Parent Relationship": "Inner","Parallel Aware": false,"Async Capable": false,"Startup Cost": 6368.73,"Total Cost": 6368.73,"Plan Rows": 217,"Plan Width": 4,"Actual Startup Time": 32.988,"Actual Total Time": 33.650,"Actual Rows": 215,"Actual Loops": 1,"Hash Buckets": 1024,"Original Hash Buckets": 1024,"Hash Batches": 1,"Original Hash Batches": 1,"Peak Memory Usage": 16,"Plans": [{"Node Type": "Gather","Parent Relationship": "Outer","Parallel Aware": false,"Async Capable": false,"Startup Cost": 1000.00,"Total Cost": 6368.73,"Plan Rows": 217,"Plan Width": 4,"Actual Startup Time": 2.813,"Actual Total Time": 33.546,"Actual Rows": 215,"Actual Loops": 1,"Workers Planned": 2,"Workers Launched": 2,"Single Copy": false,"Plans": [{"Node Type": "Seq Scan","Parent Relationship": "Outer","Parallel Aware": true,"Async Capable": false,"Relation Name": "part","Alias": "part","Startup Cost": 0.00,"Total Cost": 5347.00,"Plan Rows": 91,"Plan Width": 4,"Actual Startup Time": 1.264,"Actual Total Time": 27.293,"Actual Rows": 72,"Actual Loops": 3,"Filter": "((p_brand = 'Brand#15'::bpchar) AND (p_container = 'SM BOX'::bpchar))","Rows Removed by Filter": 66595,"Workers": []}]}]},{"Node Type": "Aggregate","Strategy": "Plain","Partial Mode": "Simple","Parent Relationship": "SubPlan","Subplan Name": "SubPlan 1","Parallel Aware": false,"Async Capable": false,"Startup Cost": 127.60,"Total Cost": 127.61,"Plan Rows": 1,"Plan Width": 32,"Actual Startup Time": 0.119,"Actual Total Time": 0.119,"Actual Rows": 1,"Actual Loops": 6396,"Plans": [{"Node Type": "Bitmap Heap Scan","Parent Relationship": "Outer","Parallel Aware": false,"Async Capable": false,"Relation Name": "lineitem","Alias": "lineitem_1","Startup Cost": 4.67,"Total Cost": 127.52,"Plan Rows": 31,"Plan Width": 5,"Actual Startup Time": 0.013,"Actual Total Time": 0.112,"Actual Rows": 31,"Actual Loops": 6396,"Recheck Cond": "(l_partkey = part.p_partkey)","Rows Removed by Index Recheck": 0,"Exact Heap Blocks": 196100,"Lossy Heap Blocks": 0,"Plans": [{"Node Type": "Bitmap Index Scan","Parent Relationship": "Outer","Parallel Aware": false,"Async Capable": false,"Index Name": "idx_lineitem_part_supp","Startup Cost": 0.00,"Total Cost": 4.67,"Plan Rows": 31,"Plan Width": 0,"Actual Startup Time": 0.007,"Actual Total Time": 0.007,"Actual Rows": 31,"Actual Loops": 6396,"Index Cond": "(l_partkey = part.p_partkey)"}]}]}]}]},"Planning Time": 5.355,"Triggers": [],"Execution Time": 4913.671}]
[{"Plan": {"Node Type": "Aggregate","Strategy": "Plain","Partial Mode": "Simple","Parallel Aware": false,"Async Capable": false,"Startup Cost": 195918.28,"Total Cost": 195918.29,"Plan Rows": 1,"Plan Width": 32,"Actual Startup Time": 4716.921,"Actual Total Time": 4717.495,"Actual Rows": 1,"Actual Loops": 1,"Plans": [{"Node Type": "Hash Join","Parent Relationship": "Outer","Parallel Aware": false,"Async Capable": false,"Join Type": "Inner","Startup Cost": 6368.86,"Total Cost": 195913.41,"Plan Rows": 1944,"Plan Width": 8,"Actual Startup Time": 32.630,"Actual Total Time": 4717.182,"Actual Rows": 521,"Actual Loops": 1,"Inner Unique": true,"Hash Cond": "(lineitem.l_partkey = part.p_partkey)","Join Filter": "(lineitem.l_quantity < (SubPlan 1))","Rows Removed by Join Filter": 5241,"Plans": [{"Node Type": "Seq Scan","Parent Relationship": "Outer","Parallel Aware": false,"Async Capable": false,"Relation Name": "lineitem","Alias": "lineitem","Startup Cost": 0.00,"Total Cost": 172515.15,"Plan Rows": 6001215,"Plan Width": 17,"Actual Startup Time": 0.020,"Actual Total Time": 943.502,"Actual Rows": 6001215,"Actual Loops": 1},{"Node Type": "Hash","Parent Relationship": "Inner","Parallel Aware": false,"Async Capable": false,"Startup Cost": 6366.43,"Total Cost": 6366.43,"Plan Rows": 194,"Plan Width": 4,"Actual Startup Time": 30.698,"Actual Total Time": 31.248,"Actual Rows": 192,"Actual Loops": 1,"Hash Buckets": 1024,"Original Hash Buckets": 1024,"Hash Batches": 1,"Original Hash Batches": 1,"Peak Memory Usage": 15,"Plans": [{"Node Type": "Gather","Parent Relationship": "Outer","Parallel Aware": false,"Async Capable": false,"Startup Cost": 1000.00,"Total Cost": 6366.43,"Plan Rows": 194,"Plan Width": 4,"Actual Startup Time": 1.391,"Actual Total Time": 31.180,"Actual Rows": 192,"Actual Loops": 1,"Workers Planned": 2,"Workers Launched": 2,"Single Copy": false,"Plans": [{"Node Type": "Seq Scan","Parent Relationship": "Outer","Parallel Aware": true,"Async Capable": false,"Relation Name": "part","Alias": "part","Startup Cost": 0.00,"Total Cost": 5347.00,"Plan Rows": 81,"Plan Width": 4,"Actual Startup Time": 1.017,"Actual Total Time": 24.606,"Actual Rows": 64,"Actual Loops": 3,"Filter": "((p_brand = 'Brand#54'::bpchar) AND (p_container = 'WRAP CASE'::bpchar))","Rows Removed by Filter": 66603,"Workers": []}]}]},{"Node Type": "Aggregate","Strategy": "Plain","Partial Mode": "Simple","Parent Relationship": "SubPlan","Subplan Name": "SubPlan 1","Parallel Aware": false,"Async Capable": false,"Startup Cost": 127.60,"Total Cost": 127.61,"Plan Rows": 1,"Plan Width": 32,"Actual Startup Time": 0.115,"Actual Total Time": 0.115,"Actual Rows": 1,"Actual Loops": 5762,"Plans": [{"Node Type": "Bitmap Heap Scan","Parent Relationship": "Outer","Parallel Aware": false,"Async Capable": false,"Relation Name": "lineitem","Alias": "lineitem_1","Startup Cost": 4.67,"Total Cost": 127.52,"Plan Rows": 31,"Plan Width": 5,"Actual Startup Time": 0.013,"Actual Total Time": 0.108,"Actual Rows": 31,"Actual Loops": 5762,"Recheck Cond": "(l_partkey = part.p_partkey)","Rows Removed by Index Recheck": 0,"Exact Heap Blocks": 178630,"Lossy Heap Blocks": 0,"Plans": [{"Node Type": "Bitmap Index Scan","Parent Relationship": "Outer","Parallel Aware": false,"Async Capable": false,"Index Name": "idx_lineitem_part_supp","Startup Cost": 0.00,"Total Cost": 4.67,"Plan Rows": 31,"Plan Width": 0,"Actual Startup Time": 0.007,"Actual Total Time": 0.007,"Actual Rows": 31,"Actual Loops": 5762,"Index Cond": "(l_partkey = part.p_partkey)"}]}]}]}]},"Planning Time": 4.690,"Triggers": [],"Execution Time": 4717.778}]
[{"Plan": {"Node Type": "Aggregate","Strategy": "Plain","Partial Mode": "Simple","Parallel Aware": false,"Async Capable": false,"Startup Cost": 195918.77,"Total Cost": 195918.79,"Plan Rows": 1,"Plan Width": 32,"Actual Startup Time": 4771.064,"Actual Total Time": 4771.704,"Actual Rows": 1,"Actual Loops": 1,"Plans": [{"Node Type": "Hash Join","Parent Relationship": "Outer","Parallel Aware": false,"Async Capable": false,"Join Type": "Inner","Startup Cost": 6369.27,"Total Cost": 195913.82,"Plan Rows": 1980,"Plan Width": 8,"Actual Startup Time": 34.763,"Actual Total Time": 4771.338,"Actual Rows": 470,"Actual Loops": 1,"Inner Unique": true,"Hash Cond": "(lineitem.l_partkey = part.p_partkey)","Join Filter": "(lineitem.l_quantity < (SubPlan 1))","Rows Removed by Join Filter": 4924,"Plans": [{"Node Type": "Seq Scan","Parent Relationship": "Outer","Parallel Aware": false,"Async Capable": false,"Relation Name": "lineitem","Alias": "lineitem","Startup Cost": 0.00,"Total Cost": 172515.15,"Plan Rows": 6001215,"Plan Width": 17,"Actual Startup Time": 0.019,"Actual Total Time": 976.595,"Actual Rows": 6001215,"Actual Loops": 1},{"Node Type": "Hash","Parent Relationship": "Inner","Parallel Aware": false,"Async Capable": false,"Startup Cost": 6366.79,"Total Cost": 6366.79,"Plan Rows": 198,"Plan Width": 4,"Actual Startup Time": 32.819,"Actual Total Time": 33.430,"Actual Rows": 179,"Actual Loops": 1,"Hash Buckets": 1024,"Original Hash Buckets": 1024,"Hash Batches": 1,"Original Hash Batches": 1,"Peak Memory Usage": 15,"Plans": [{"Node Type": "Gather","Parent Relationship": "Outer","Parallel Aware": false,"Async Capable": false,"Startup Cost": 1000.00,"Total Cost": 6366.79,"Plan Rows": 198,"Plan Width": 4,"Actual Startup Time": 1.125,"Actual Total Time": 33.336,"Actual Rows": 179,"Actual Loops": 1,"Workers Planned": 2,"Workers Launched": 2,"Single Copy": false,"Plans": [{"Node Type": "Seq Scan","Parent Relationship": "Outer","Parallel Aware": true,"Async Capable": false,"Relation Name": "part","Alias": "part","Startup Cost": 0.00,"Total Cost": 5347.00,"Plan Rows": 82,"Plan Width": 4,"Actual Startup Time": 1.546,"Actual Total Time": 27.543,"Actual Rows": 60,"Actual Loops": 3,"Filter": "((p_brand = 'Brand#53'::bpchar) AND (p_container = 'MED PACK'::bpchar))","Rows Removed by Filter": 66607,"Workers": []}]}]},{"Node Type": "Aggregate","Strategy": "Plain","Partial Mode": "Simple","Parent Relationship": "SubPlan","Subplan Name": "SubPlan 1","Parallel Aware": false,"Async Capable": false,"Startup Cost": 127.60,"Total Cost": 127.61,"Plan Rows": 1,"Plan Width": 32,"Actual Startup Time": 0.121,"Actual Total Time": 0.121,"Actual Rows": 1,"Actual Loops": 5394,"Plans": [{"Node Type": "Bitmap Heap Scan","Parent Relationship": "Outer","Parallel Aware": false,"Async Capable": false,"Relation Name": "lineitem","Alias": "lineitem_1","Startup Cost": 4.67,"Total Cost": 127.52,"Plan Rows": 31,"Plan Width": 5,"Actual Startup Time": 0.013,"Actual Total Time": 0.114,"Actual Rows": 31,"Actual Loops": 5394,"Recheck Cond": "(l_partkey = part.p_partkey)","Rows Removed by Index Recheck": 0,"Exact Heap Blocks": 168316,"Lossy Heap Blocks": 0,"Plans": [{"Node Type": "Bitmap Index Scan","Parent Relationship": "Outer","Parallel Aware": false,"Async Capable": false,"Index Name": "idx_lineitem_part_supp","Startup Cost": 0.00,"Total Cost": 4.67,"Plan Rows": 31,"Plan Width": 0,"Actual Startup Time": 0.007,"Actual Total Time": 0.007,"Actual Rows": 31,"Actual Loops": 5394,"Index Cond": "(l_partkey = part.p_partkey)"}]}]}]}]},"Planning Time": 4.643,"Triggers": [],"Execution Time": 4772.081}]
[{"Plan": {"Node Type": "Aggregate","Strategy": "Plain","Partial Mode": "Simple","Parallel Aware": false,"Async Capable": false,"Startup Cost": 195915.65,"Total Cost": 195915.67,"Plan Rows": 1,"Plan Width": 32,"Actual Startup Time": 4928.237,"Actual Total Time": 4928.913,"Actual Rows": 1,"Actual Loops": 1,"Plans": [{"Node Type": "Hash Join","Parent Relationship": "Outer","Parallel Aware": false,"Async Capable": false,"Join Type": "Inner","Startup Cost": 6366.71,"Total Cost": 195911.27,"Plan Rows": 1753,"Plan Width": 8,"Actual Startup Time": 38.256,"Actual Total Time": 4928.433,"Actual Rows": 548,"Actual Loops": 1,"Inner Unique": true,"Hash Cond": "(lineitem.l_partkey = part.p_partkey)","Join Filter": "(lineitem.l_quantity < (SubPlan 1))","Rows Removed by Join Filter": 5850,"Plans": [{"Node Type": "Seq Scan","Parent Relationship": "Outer","Parallel Aware": false,"Async Capable": false,"Relation Name": "lineitem","Alias": "lineitem","Startup Cost": 0.00,"Total Cost": 172515.15,"Plan Rows": 6001215,"Plan Width": 17,"Actual Startup Time": 0.025,"Actual Total Time": 980.795,"Actual Rows": 6001215,"Actual Loops": 1},{"Node Type": "Hash","Parent Relationship": "Inner","Parallel Aware": false,"Async Capable": false,"Startup Cost": 6364.52,"Total Cost": 6364.52,"Plan Rows": 175,"Plan Width": 4,"Actual Startup Time": 33.328,"Actual Total Time": 33.964,"Actual Rows": 215,"Actual Loops": 1,"Hash Buckets": 1024,"Original Hash Buckets": 1024,"Hash Batches": 1,"Original Hash Batches": 1,"Peak Memory Usage": 16,"Plans": [{"Node Type": "Gather","Parent Relationship": "Outer","Parallel Aware": false,"Async Capable": false,"Startup Cost": 1000.00,"Total Cost": 6364.52,"Plan Rows": 175,"Plan Width": 4,"Actual Startup Time": 2.340,"Actual Total Time": 33.846,"Actual Rows": 215,"Actual Loops": 1,"Workers Planned": 2,"Workers Launched": 2,"Single Copy": false,"Plans": [{"Node Type": "Seq Scan","Parent Relationship": "Outer","Parallel Aware": true,"Async Capable": false,"Relation Name": "part","Alias": "part","Startup Cost": 0.00,"Total Cost": 5347.00,"Plan Rows": 73,"Plan Width": 4,"Actual Startup Time": 0.852,"Actual Total Time": 27.730,"Actual Rows": 72,"Actual Loops": 3,"Filter": "((p_brand = 'Brand#43'::bpchar) AND (p_container = 'WRAP PACK'::bpchar))","Rows Removed by Filter": 66595,"Workers": []}]}]},{"Node Type": "Aggregate","Strategy": "Plain","Partial Mode": "Simple","Parent Relationship": "SubPlan","Subplan Name": "SubPlan 1","Parallel Aware": false,"Async Capable": false,"Startup Cost": 127.60,"Total Cost": 127.61,"Plan Rows": 1,"Plan Width": 32,"Actual Startup Time": 0.120,"Actual Total Time": 0.120,"Actual Rows": 1,"Actual Loops": 6398,"Plans": [{"Node Type": "Bitmap Heap Scan","Parent Relationship": "Outer","Parallel Aware": false,"Async Capable": false,"Relation Name": "lineitem","Alias": "lineitem_1","Startup Cost": 4.67,"Total Cost": 127.52,"Plan Rows": 31,"Plan Width": 5,"Actual Startup Time": 0.013,"Actual Total Time": 0.113,"Actual Rows": 31,"Actual Loops": 6398,"Recheck Cond": "(l_partkey = part.p_partkey)","Rows Removed by Index Recheck": 0,"Exact Heap Blocks": 197350,"Lossy Heap Blocks": 0,"Plans": [{"Node Type": "Bitmap Index Scan","Parent Relationship": "Outer","Parallel Aware": false,"Async Capable": false,"Index Name": "idx_lineitem_part_supp","Startup Cost": 0.00,"Total Cost": 4.67,"Plan Rows": 31,"Plan Width": 0,"Actual Startup Time": 0.007,"Actual Total Time": 0.007,"Actual Rows": 31,"Actual Loops": 6398,"Index Cond": "(l_partkey = part.p_partkey)"}]}]}]}]},"Planning Time": 6.034,"Triggers": [],"Execution Time": 4929.467}]
[{"Plan": {"Node Type": "Aggregate","Strategy": "Plain","Partial Mode": "Simple","Parallel Aware": false,"Async Capable": false,"Startup Cost": 195918.03,"Total Cost": 195918.05,"Plan Rows": 1,"Plan Width": 32,"Actual Startup Time": 4754.209,"Actual Total Time": 4754.984,"Actual Rows": 1,"Actual Loops": 1,"Plans": [{"Node Type": "Hash Join","Parent Relationship": "Outer","Parallel Aware": false,"Async Capable": false,"Join Type": "Inner","Startup Cost": 6368.66,"Total Cost": 195913.22,"Plan Rows": 1926,"Plan Width": 8,"Actual Startup Time": 72.739,"Actual Total Time": 4754.566,"Actual Rows": 485,"Actual Loops": 1,"Inner Unique": true,"Hash Cond": "(lineitem.l_partkey = part.p_partkey)","Join Filter": "(lineitem.l_quantity < (SubPlan 1))","Rows Removed by Join Filter": 5021,"Plans": [{"Node Type": "Seq Scan","Parent Relationship": "Outer","Parallel Aware": false,"Async Capable": false,"Relation Name": "lineitem","Alias": "lineitem","Startup Cost": 0.00,"Total Cost": 172515.15,"Plan Rows": 6001215,"Plan Width": 17,"Actual Startup Time": 0.021,"Actual Total Time": 967.769,"Actual Rows": 6001215,"Actual Loops": 1},{"Node Type": "Hash","Parent Relationship": "Inner","Parallel Aware": false,"Async Capable": false,"Startup Cost": 6366.26,"Total Cost": 6366.26,"Plan Rows": 193,"Plan Width": 4,"Actual Startup Time": 30.928,"Actual Total Time": 31.669,"Actual Rows": 184,"Actual Loops": 1,"Hash Buckets": 1024,"Original Hash Buckets": 1024,"Hash Batches": 1,"Original Hash Batches": 1,"Peak Memory Usage": 15,"Plans": [{"Node Type": "Gather","Parent Relationship": "Outer","Parallel Aware": false,"Async Capable": false,"Startup Cost": 1000.00,"Total Cost": 6366.26,"Plan Rows": 193,"Plan Width": 4,"Actual Startup Time": 3.760,"Actual Total Time": 31.618,"Actual Rows": 184,"Actual Loops": 1,"Workers Planned": 2,"Workers Launched": 2,"Single Copy": false,"Plans": [{"Node Type": "Seq Scan","Parent Relationship": "Outer","Parallel Aware": true,"Async Capable": false,"Relation Name": "part","Alias": "part","Startup Cost": 0.00,"Total Cost": 5347.00,"Plan Rows": 80,"Plan Width": 4,"Actual Startup Time": 1.509,"Actual Total Time": 25.133,"Actual Rows": 61,"Actual Loops": 3,"Filter": "((p_brand = 'Brand#52'::bpchar) AND (p_container = 'JUMBO PACK'::bpchar))","Rows Removed by Filter": 66605,"Workers": []}]}]},{"Node Type": "Aggregate","Strategy": "Plain","Partial Mode": "Simple","Parent Relationship": "SubPlan","Subplan Name": "SubPlan 1","Parallel Aware": false,"Async Capable": false,"Startup Cost": 127.60,"Total Cost": 127.61,"Plan Rows": 1,"Plan Width": 32,"Actual Startup Time": 0.116,"Actual Total Time": 0.116,"Actual Rows": 1,"Actual Loops": 5506,"Plans": [{"Node Type": "Bitmap Heap Scan","Parent Relationship": "Outer","Parallel Aware": false,"Async Capable": false,"Relation Name": "lineitem","Alias": "lineitem_1","Startup Cost": 4.67,"Total Cost": 127.52,"Plan Rows": 31,"Plan Width": 5,"Actual Startup Time": 0.013,"Actual Total Time": 0.109,"Actual Rows": 31,"Actual Loops": 5506,"Recheck Cond": "(l_partkey = part.p_partkey)","Rows Removed by Index Recheck": 0,"Exact Heap Blocks": 170208,"Lossy Heap Blocks": 0,"Plans": [{"Node Type": "Bitmap Index Scan","Parent Relationship": "Outer","Parallel Aware": false,"Async Capable": false,"Index Name": "idx_lineitem_part_supp","Startup Cost": 0.00,"Total Cost": 4.67,"Plan Rows": 31,"Plan Width": 0,"Actual Startup Time": 0.007,"Actual Total Time": 0.007,"Actual Rows": 31,"Actual Loops": 5506,"Index Cond": "(l_partkey = part.p_partkey)"}]}]}]}]},"Planning Time": 4.316,"Triggers": [],"Execution Time": 4755.392}]
[{"Plan": {"Node Type": "Aggregate","Strategy": "Plain","Partial Mode": "Simple","Parallel Aware": false,"Async Capable": false,"Startup Cost": 195918.28,"Total Cost": 195918.29,"Plan Rows": 1,"Plan Width": 32,"Actual Startup Time": 4716.921,"Actual Total Time": 4717.495,"Actual Rows": 1,"Actual Loops": 1,"Plans": [{"Node Type": "Hash Join","Parent Relationship": "Outer","Parallel Aware": false,"Async Capable": false,"Join Type": "Inner","Startup Cost": 6368.86,"Total Cost": 195913.41,"Plan Rows": 1944,"Plan Width": 8,"Actual Startup Time": 32.630,"Actual Total Time": 4717.182,"Actual Rows": 521,"Actual Loops": 1,"Inner Unique": true,"Hash Cond": "(lineitem.l_partkey = part.p_partkey)","Join Filter": "(lineitem.l_quantity < (SubPlan 1))","Rows Removed by Join Filter": 5241,"Plans": [{"Node Type": "Seq Scan","Parent Relationship": "Outer","Parallel Aware": false,"Async Capable": false,"Relation Name": "lineitem","Alias": "lineitem","Startup Cost": 0.00,"Total Cost": 172515.15,"Plan Rows": 6001215,"Plan Width": 17,"Actual Startup Time": 0.020,"Actual Total Time": 943.502,"Actual Rows": 6001215,"Actual Loops": 1},{"Node Type": "Hash","Parent Relationship": "Inner","Parallel Aware": false,"Async Capable": false,"Startup Cost": 6366.43,"Total Cost": 6366.43,"Plan Rows": 194,"Plan Width": 4,"Actual Startup Time": 30.698,"Actual Total Time": 31.248,"Actual Rows": 192,"Actual Loops": 1,"Hash Buckets": 1024,"Original Hash Buckets": 1024,"Hash Batches": 1,"Original Hash Batches": 1,"Peak Memory Usage": 15,"Plans": [{"Node Type": "Gather","Parent Relationship": "Outer","Parallel Aware": false,"Async Capable": false,"Startup Cost": 1000.00,"Total Cost": 6366.43,"Plan Rows": 194,"Plan Width": 4,"Actual Startup Time": 1.391,"Actual Total Time": 31.180,"Actual Rows": 192,"Actual Loops": 1,"Workers Planned": 2,"Workers Launched": 2,"Single Copy": false,"Plans": [{"Node Type": "Seq Scan","Parent Relationship": "Outer","Parallel Aware": true,"Async Capable": false,"Relation Name": "part","Alias": "part","Startup Cost": 0.00,"Total Cost": 5347.00,"Plan Rows": 81,"Plan Width": 4,"Actual Startup Time": 1.017,"Actual Total Time": 24.606,"Actual Rows": 64,"Actual Loops": 3,"Filter": "((p_brand = 'Brand#54'::bpchar) AND (p_container = 'WRAP CASE'::bpchar))","Rows Removed by Filter": 66603,"Workers": []}]}]},{"Node Type": "Aggregate","Strategy": "Plain","Partial Mode": "Simple","Parent Relationship": "SubPlan","Subplan Name": "SubPlan 1","Parallel Aware": false,"Async Capable": false,"Startup Cost": 127.60,"Total Cost": 127.61,"Plan Rows": 1,"Plan Width": 32,"Actual Startup Time": 0.115,"Actual Total Time": 0.115,"Actual Rows": 1,"Actual Loops": 5762,"Plans": [{"Node Type": "Bitmap Heap Scan","Parent Relationship": "Outer","Parallel Aware": false,"Async Capable": false,"Relation Name": "lineitem","Alias": "lineitem_1","Startup Cost": 4.67,"Total Cost": 127.52,"Plan Rows": 31,"Plan Width": 5,"Actual Startup Time": 0.013,"Actual Total Time": 0.108,"Actual Rows": 31,"Actual Loops": 5762,"Recheck Cond": "(l_partkey = part.p_partkey)","Rows Removed by Index Recheck": 0,"Exact Heap Blocks": 178630,"Lossy Heap Blocks": 0,"Plans": [{"Node Type": "Bitmap Index Scan","Parent Relationship": "Outer","Parallel Aware": false,"Async Capable": false,"Index Name": "idx_lineitem_part_supp","Startup Cost": 0.00,"Total Cost": 4.67,"Plan Rows": 31,"Plan Width": 0,"Actual Startup Time": 0.007,"Actual Total Time": 0.007,"Actual Rows": 31,"Actual Loops": 5762,"Index Cond": "(l_partkey = part.p_partkey)"}]}]}]}]},"Planning Time": 4.690,"Triggers": [],"Execution Time": 4717.778}]
[{"Plan": {"Node Type": "Aggregate","Strategy": "Plain","Partial Mode": "Simple","Parallel Aware": false,"Async Capable": false,"Startup Cost": 195917.94,"Total Cost": 195917.96,"Plan Rows": 1,"Plan Width": 32,"Actual Startup Time": 4786.683,"Actual Total Time": 4787.344,"Actual Rows": 1,"Actual Loops": 1,"Plans": [{"Node Type": "Hash Join","Parent Relationship": "Outer","Parallel Aware": false,"Async Capable": false,"Join Type": "Inner","Startup Cost": 6368.59,"Total Cost": 195913.14,"Plan Rows": 1919,"Plan Width": 8,"Actual Startup Time": 37.632,"Actual Total Time": 4786.887,"Actual Rows": 529,"Actual Loops": 1,"Inner Unique": true,"Hash Cond": "(lineitem.l_partkey = part.p_partkey)","Join Filter": "(lineitem.l_quantity < (SubPlan 1))","Rows Removed by Join Filter": 5119,"Plans": [{"Node Type": "Seq Scan","Parent Relationship": "Outer","Parallel Aware": false,"Async Capable": false,"Relation Name": "lineitem","Alias": "lineitem","Startup Cost": 0.00,"Total Cost": 172515.15,"Plan Rows": 6001215,"Plan Width": 17,"Actual Startup Time": 0.016,"Actual Total Time": 978.442,"Actual Rows": 6001215,"Actual Loops": 1},{"Node Type": "Hash","Parent Relationship": "Inner","Parallel Aware": false,"Async Capable": false,"Startup Cost": 6366.19,"Total Cost": 6366.19,"Plan Rows": 192,"Plan Width": 4,"Actual Startup Time": 31.994,"Actual Total Time": 32.626,"Actual Rows": 189,"Actual Loops": 1,"Hash Buckets": 1024,"Original Hash Buckets": 1024,"Hash Batches": 1,"Original Hash Batches": 1,"Peak Memory Usage": 15,"Plans": [{"Node Type": "Gather","Parent Relationship": "Outer","Parallel Aware": false,"Async Capable": false,"Startup Cost": 1000.00,"Total Cost": 6366.19,"Plan Rows": 192,"Plan Width": 4,"Actual Startup Time": 1.041,"Actual Total Time": 32.520,"Actual Rows": 189,"Actual Loops": 1,"Workers Planned": 2,"Workers Launched": 2,"Single Copy": false,"Plans": [{"Node Type": "Seq Scan","Parent Relationship": "Outer","Parallel Aware": true,"Async Capable": false,"Relation Name": "part","Alias": "part","Startup Cost": 0.00,"Total Cost": 5347.00,"Plan Rows": 80,"Plan Width": 4,"Actual Startup Time": 0.766,"Actual Total Time": 26.486,"Actual Rows": 63,"Actual Loops": 3,"Filter": "((p_brand = 'Brand#12'::bpchar) AND (p_container = 'JUMBO PACK'::bpchar))","Rows Removed by Filter": 66604,"Workers": []}]}]},{"Node Type": "Aggregate","Strategy": "Plain","Partial Mode": "Simple","Parent Relationship": "SubPlan","Subplan Name": "SubPlan 1","Parallel Aware": false,"Async Capable": false,"Startup Cost": 127.60,"Total Cost": 127.61,"Plan Rows": 1,"Plan Width": 32,"Actual Startup Time": 0.119,"Actual Total Time": 0.119,"Actual Rows": 1,"Actual Loops": 5648,"Plans": [{"Node Type": "Bitmap Heap Scan","Parent Relationship": "Outer","Parallel Aware": false,"Async Capable": false,"Relation Name": "lineitem","Alias": "lineitem_1","Startup Cost": 4.67,"Total Cost": 127.52,"Plan Rows": 31,"Plan Width": 5,"Actual Startup Time": 0.013,"Actual Total Time": 0.112,"Actual Rows": 31,"Actual Loops": 5648,"Recheck Cond": "(l_partkey = part.p_partkey)","Rows Removed by Index Recheck": 0,"Exact Heap Blocks": 174570,"Lossy Heap Blocks": 0,"Plans": [{"Node Type": "Bitmap Index Scan","Parent Relationship": "Outer","Parallel Aware": false,"Async Capable": false,"Index Name": "idx_lineitem_part_supp","Startup Cost": 0.00,"Total Cost": 4.67,"Plan Rows": 31,"Plan Width": 0,"Actual Startup Time": 0.007,"Actual Total Time": 0.007,"Actual Rows": 31,"Actual Loops": 5648,"Index Cond": "(l_partkey = part.p_partkey)"}]}]}]}]},"Planning Time": 5.190,"Triggers": [],"Execution Time": 4787.649}]
[{"Plan": {"Node Type": "Aggregate","Strategy": "Plain","Partial Mode": "Simple","Parallel Aware": false,"Async Capable": false,"Startup Cost": 195918.70,"Total Cost": 195918.71,"Plan Rows": 1,"Plan Width": 32,"Actual Startup Time": 4969.797,"Actual Total Time": 4970.506,"Actual Rows": 1,"Actual Loops": 1,"Plans": [{"Node Type": "Hash Join","Parent Relationship": "Outer","Parallel Aware": false,"Async Capable": false,"Join Type": "Inner","Startup Cost": 6369.21,"Total Cost": 195913.76,"Plan Rows": 1974,"Plan Width": 8,"Actual Startup Time": 32.500,"Actual Total Time": 4970.035,"Actual Rows": 583,"Actual Loops": 1,"Inner Unique": true,"Hash Cond": "(lineitem.l_partkey = part.p_partkey)","Join Filter": "(lineitem.l_quantity < (SubPlan 1))","Rows Removed by Join Filter": 5928,"Plans": [{"Node Type": "Seq Scan","Parent Relationship": "Outer","Parallel Aware": false,"Async Capable": false,"Relation Name": "lineitem","Alias": "lineitem","Startup Cost": 0.00,"Total Cost": 172515.15,"Plan Rows": 6001215,"Plan Width": 17,"Actual Startup Time": 0.022,"Actual Total Time": 984.084,"Actual Rows": 6001215,"Actual Loops": 1},{"Node Type": "Hash","Parent Relationship": "Inner","Parallel Aware": false,"Async Capable": false,"Startup Cost": 6366.74,"Total Cost": 6366.74,"Plan Rows": 197,"Plan Width": 4,"Actual Startup Time": 31.059,"Actual Total Time": 31.723,"Actual Rows": 215,"Actual Loops": 1,"Hash Buckets": 1024,"Original Hash Buckets": 1024,"Hash Batches": 1,"Original Hash Batches": 1,"Peak Memory Usage": 16,"Plans": [{"Node Type": "Gather","Parent Relationship": "Outer","Parallel Aware": false,"Async Capable": false,"Startup Cost": 1000.00,"Total Cost": 6366.74,"Plan Rows": 197,"Plan Width": 4,"Actual Startup Time": 1.068,"Actual Total Time": 31.644,"Actual Rows": 215,"Actual Loops": 1,"Workers Planned": 2,"Workers Launched": 2,"Single Copy": false,"Plans": [{"Node Type": "Seq Scan","Parent Relationship": "Outer","Parallel Aware": true,"Async Capable": false,"Relation Name": "part","Alias": "part","Startup Cost": 0.00,"Total Cost": 5347.00,"Plan Rows": 82,"Plan Width": 4,"Actual Startup Time": 1.650,"Actual Total Time": 25.198,"Actual Rows": 72,"Actual Loops": 3,"Filter": "((p_brand = 'Brand#51'::bpchar) AND (p_container = 'SM PACK'::bpchar))","Rows Removed by Filter": 66595,"Workers": []}]}]},{"Node Type": "Aggregate","Strategy": "Plain","Partial Mode": "Simple","Parent Relationship": "SubPlan","Subplan Name": "SubPlan 1","Parallel Aware": false,"Async Capable": false,"Startup Cost": 127.60,"Total Cost": 127.61,"Plan Rows": 1,"Plan Width": 32,"Actual Startup Time": 0.123,"Actual Total Time": 0.123,"Actual Rows": 1,"Actual Loops": 6511,"Plans": [{"Node Type": "Bitmap Heap Scan","Parent Relationship": "Outer","Parallel Aware": false,"Async Capable": false,"Relation Name": "lineitem","Alias": "lineitem_1","Startup Cost": 4.67,"Total Cost": 127.52,"Plan Rows": 31,"Plan Width": 5,"Actual Startup Time": 0.013,"Actual Total Time": 0.116,"Actual Rows": 31,"Actual Loops": 6511,"Recheck Cond": "(l_partkey = part.p_partkey)","Rows Removed by Index Recheck": 0,"Exact Heap Blocks": 203191,"Lossy Heap Blocks": 0,"Plans": [{"Node Type": "Bitmap Index Scan","Parent Relationship": "Outer","Parallel Aware": false,"Async Capable": false,"Index Name": "idx_lineitem_part_supp","Startup Cost": 0.00,"Total Cost": 4.67,"Plan Rows": 31,"Plan Width": 0,"Actual Startup Time": 0.007,"Actual Total Time": 0.007,"Actual Rows": 31,"Actual Loops": 6511,"Index Cond": "(l_partkey = part.p_partkey)"}]}]}]}]},"Planning Time": 5.961,"Triggers": [],"Execution Time": 4970.996}]
[{"Plan": {"Node Type": "Aggregate","Strategy": "Plain","Partial Mode": "Simple","Parallel Aware": false,"Async Capable": false,"Startup Cost": 195917.85,"Total Cost": 195917.87,"Plan Rows": 1,"Plan Width": 32,"Actual Startup Time": 4925.813,"Actual Total Time": 4926.590,"Actual Rows": 1,"Actual Loops": 1,"Plans": [{"Node Type": "Hash Join","Parent Relationship": "Outer","Parallel Aware": false,"Async Capable": false,"Join Type": "Inner","Startup Cost": 6368.52,"Total Cost": 195913.07,"Plan Rows": 1913,"Plan Width": 8,"Actual Startup Time": 47.136,"Actual Total Time": 4926.179,"Actual Rows": 503,"Actual Loops": 1,"Inner Unique": true,"Hash Cond": "(lineitem.l_partkey = part.p_partkey)","Join Filter": "(lineitem.l_quantity < (SubPlan 1))","Rows Removed by Join Filter": 5247,"Plans": [{"Node Type": "Seq Scan","Parent Relationship": "Outer","Parallel Aware": false,"Async Capable": false,"Relation Name": "lineitem","Alias": "lineitem","Startup Cost": 0.00,"Total Cost": 172515.15,"Plan Rows": 6001215,"Plan Width": 17,"Actual Startup Time": 0.018,"Actual Total Time": 1006.796,"Actual Rows": 6001215,"Actual Loops": 1},{"Node Type": "Hash","Parent Relationship": "Inner","Parallel Aware": false,"Async Capable": false,"Startup Cost": 6366.12,"Total Cost": 6366.12,"Plan Rows": 191,"Plan Width": 4,"Actual Startup Time": 31.027,"Actual Total Time": 31.761,"Actual Rows": 192,"Actual Loops": 1,"Hash Buckets": 1024,"Original Hash Buckets": 1024,"Hash Batches": 1,"Original Hash Batches": 1,"Peak Memory Usage": 15,"Plans": [{"Node Type": "Gather","Parent Relationship": "Outer","Parallel Aware": false,"Async Capable": false,"Startup Cost": 1000.00,"Total Cost": 6366.12,"Plan Rows": 191,"Plan Width": 4,"Actual Startup Time": 1.119,"Actual Total Time": 31.713,"Actual Rows": 192,"Actual Loops": 1,"Workers Planned": 2,"Workers Launched": 2,"Single Copy": false,"Plans": [{"Node Type": "Seq Scan","Parent Relationship": "Outer","Parallel Aware": true,"Async Capable": false,"Relation Name": "part","Alias": "part","Startup Cost": 0.00,"Total Cost": 5347.00,"Plan Rows": 80,"Plan Width": 4,"Actual Startup Time": 0.699,"Actual Total Time": 25.015,"Actual Rows": 64,"Actual Loops": 3,"Filter": "((p_brand = 'Brand#25'::bpchar) AND (p_container = 'JUMBO BAG'::bpchar))","Rows Removed by Filter": 66603,"Workers": []}]}]},{"Node Type": "Aggregate","Strategy": "Plain","Partial Mode": "Simple","Parent Relationship": "SubPlan","Subplan Name": "SubPlan 1","Parallel Aware": false,"Async Capable": false,"Startup Cost": 127.60,"Total Cost": 127.61,"Plan Rows": 1,"Plan Width": 32,"Actual Startup Time": 0.138,"Actual Total Time": 0.138,"Actual Rows": 1,"Actual Loops": 5750,"Plans": [{"Node Type": "Bitmap Heap Scan","Parent Relationship": "Outer","Parallel Aware": false,"Async Capable": false,"Relation Name": "lineitem","Alias": "lineitem_1","Startup Cost": 4.67,"Total Cost": 127.52,"Plan Rows": 31,"Plan Width": 5,"Actual Startup Time": 0.014,"Actual Total Time": 0.131,"Actual Rows": 31,"Actual Loops": 5750,"Recheck Cond": "(l_partkey = part.p_partkey)","Rows Removed by Index Recheck": 0,"Exact Heap Blocks": 177388,"Lossy Heap Blocks": 0,"Plans": [{"Node Type": "Bitmap Index Scan","Parent Relationship": "Outer","Parallel Aware": false,"Async Capable": false,"Index Name": "idx_lineitem_part_supp","Startup Cost": 0.00,"Total Cost": 4.67,"Plan Rows": 31,"Plan Width": 0,"Actual Startup Time": 0.008,"Actual Total Time": 0.008,"Actual Rows": 31,"Actual Loops": 5750,"Index Cond": "(l_partkey = part.p_partkey)"}]}]}]}]},"Planning Time": 4.793,"Triggers": [],"Execution Time": 4926.988}]
[{"Plan": {"Node Type": "Aggregate","Strategy": "Plain","Partial Mode": "Simple","Parallel Aware": false,"Async Capable": false,"Startup Cost": 195919.03,"Total Cost": 195919.04,"Plan Rows": 1,"Plan Width": 32,"Actual Startup Time": 4907.306,"Actual Total Time": 4907.707,"Actual Rows": 1,"Actual Loops": 1,"Plans": [{"Node Type": "Hash Join","Parent Relationship": "Outer","Parallel Aware": false,"Async Capable": false,"Join Type": "Inner","Startup Cost": 6369.48,"Total Cost": 195914.03,"Plan Rows": 1998,"Plan Width": 8,"Actual Startup Time": 54.575,"Actual Total Time": 4907.491,"Actual Rows": 514,"Actual Loops": 1,"Inner Unique": true,"Hash Cond": "(lineitem.l_partkey = part.p_partkey)","Join Filter": "(lineitem.l_quantity < (SubPlan 1))","Rows Removed by Join Filter": 5528,"Plans": [{"Node Type": "Seq Scan","Parent Relationship": "Outer","Parallel Aware": false,"Async Capable": false,"Relation Name": "lineitem","Alias": "lineitem","Startup Cost": 0.00,"Total Cost": 172515.15,"Plan Rows": 6001215,"Plan Width": 17,"Actual Startup Time": 0.019,"Actual Total Time": 943.314,"Actual Rows": 6001215,"Actual Loops": 1},{"Node Type": "Hash","Parent Relationship": "Inner","Parallel Aware": false,"Async Capable": false,"Startup Cost": 6366.98,"Total Cost": 6366.98,"Plan Rows": 200,"Plan Width": 4,"Actual Startup Time": 31.677,"Actual Total Time": 32.059,"Actual Rows": 197,"Actual Loops": 1,"Hash Buckets": 1024,"Original Hash Buckets": 1024,"Hash Batches": 1,"Original Hash Batches": 1,"Peak Memory Usage": 15,"Plans": [{"Node Type": "Gather","Parent Relationship": "Outer","Parallel Aware": false,"Async Capable": false,"Startup Cost": 1000.00,"Total Cost": 6366.98,"Plan Rows": 200,"Plan Width": 4,"Actual Startup Time": 0.710,"Actual Total Time": 31.998,"Actual Rows": 197,"Actual Loops": 1,"Workers Planned": 2,"Workers Launched": 2,"Single Copy": false,"Plans": [{"Node Type": "Seq Scan","Parent Relationship": "Outer","Parallel Aware": true,"Async Capable": false,"Relation Name": "part","Alias": "part","Startup Cost": 0.00,"Total Cost": 5347.00,"Plan Rows": 83,"Plan Width": 4,"Actual Startup Time": 0.305,"Actual Total Time": 25.700,"Actual Rows": 66,"Actual Loops": 3,"Filter": "((p_brand = 'Brand#35'::bpchar) AND (p_container = 'WRAP CASE'::bpchar))","Rows Removed by Filter": 66601,"Workers": []}]}]},{"Node Type": "Aggregate","Strategy": "Plain","Partial Mode": "Simple","Parent Relationship": "SubPlan","Subplan Name": "SubPlan 1","Parallel Aware": false,"Async Capable": false,"Startup Cost": 127.60,"Total Cost": 127.61,"Plan Rows": 1,"Plan Width": 32,"Actual Startup Time": 0.120,"Actual Total Time": 0.120,"Actual Rows": 1,"Actual Loops": 6042,"Plans": [{"Node Type": "Bitmap Heap Scan","Parent Relationship": "Outer","Parallel Aware": false,"Async Capable": false,"Relation Name": "lineitem","Alias": "lineitem_1","Startup Cost": 4.67,"Total Cost": 127.52,"Plan Rows": 31,"Plan Width": 5,"Actual Startup Time": 0.013,"Actual Total Time": 0.112,"Actual Rows": 32,"Actual Loops": 6042,"Recheck Cond": "(l_partkey = part.p_partkey)","Rows Removed by Index Recheck": 0,"Exact Heap Blocks": 191057,"Lossy Heap Blocks": 0,"Plans": [{"Node Type": "Bitmap Index Scan","Parent Relationship": "Outer","Parallel Aware": false,"Async Capable": false,"Index Name": "idx_lineitem_part_supp","Startup Cost": 0.00,"Total Cost": 4.67,"Plan Rows": 31,"Plan Width": 0,"Actual Startup Time": 0.007,"Actual Total Time": 0.007,"Actual Rows": 32,"Actual Loops": 6042,"Index Cond": "(l_partkey = part.p_partkey)"}]}]}]}]},"Planning Time": 4.579,"Triggers": [],"Execution Time": 4908.016}]
[{"Plan": {"Node Type": "Aggregate","Strategy": "Plain","Partial Mode": "Simple","Parallel Aware": false,"Async Capable": false,"Startup Cost": 195918.33,"Total Cost": 195918.34,"Plan Rows": 1,"Plan Width": 32,"Actual Startup Time": 4850.743,"Actual Total Time": 4851.496,"Actual Rows": 1,"Actual Loops": 1,"Plans": [{"Node Type": "Hash Join","Parent Relationship": "Outer","Parallel Aware": false,"Async Capable": false,"Join Type": "Inner","Startup Cost": 6368.91,"Total Cost": 195913.46,"Plan Rows": 1948,"Plan Width": 8,"Actual Startup Time": 34.405,"Actual Total Time": 4851.093,"Actual Rows": 555,"Actual Loops": 1,"Inner Unique": true,"Hash Cond": "(lineitem.l_partkey = part.p_partkey)","Join Filter": "(lineitem.l_quantity < (SubPlan 1))","Rows Removed by Join Filter": 5675,"Plans": [{"Node Type": "Seq Scan","Parent Relationship": "Outer","Parallel Aware": false,"Async Capable": false,"Relation Name": "lineitem","Alias": "lineitem","Startup Cost": 0.00,"Total Cost": 172515.15,"Plan Rows": 6001215,"Plan Width": 17,"Actual Startup Time": 0.020,"Actual Total Time": 975.947,"Actual Rows": 6001215,"Actual Loops": 1},{"Node Type": "Hash","Parent Relationship": "Inner","Parallel Aware": false,"Async Capable": false,"Startup Cost": 6366.47,"Total Cost": 6366.47,"Plan Rows": 195,"Plan Width": 4,"Actual Startup Time": 31.941,"Actual Total Time": 32.667,"Actual Rows": 210,"Actual Loops": 1,"Hash Buckets": 1024,"Original Hash Buckets": 1024,"Hash Batches": 1,"Original Hash Batches": 1,"Peak Memory Usage": 16,"Plans": [{"Node Type": "Gather","Parent Relationship": "Outer","Parallel Aware": false,"Async Capable": false,"Startup Cost": 1000.00,"Total Cost": 6366.47,"Plan Rows": 195,"Plan Width": 4,"Actual Startup Time": 0.716,"Actual Total Time": 32.601,"Actual Rows": 210,"Actual Loops": 1,"Workers Planned": 2,"Workers Launched": 2,"Single Copy": false,"Plans": [{"Node Type": "Seq Scan","Parent Relationship": "Outer","Parallel Aware": true,"Async Capable": false,"Relation Name": "part","Alias": "part","Startup Cost": 0.00,"Total Cost": 5347.00,"Plan Rows": 81,"Plan Width": 4,"Actual Startup Time": 0.913,"Actual Total Time": 26.591,"Actual Rows": 70,"Actual Loops": 3,"Filter": "((p_brand = 'Brand#35'::bpchar) AND (p_container = 'JUMBO BOX'::bpchar))","Rows Removed by Filter": 66597,"Workers": []}]}]},{"Node Type": "Aggregate","Strategy": "Plain","Partial Mode": "Simple","Parent Relationship": "SubPlan","Subplan Name": "SubPlan 1","Parallel Aware": false,"Async Capable": false,"Startup Cost": 127.60,"Total Cost": 127.61,"Plan Rows": 1,"Plan Width": 32,"Actual Startup Time": 0.121,"Actual Total Time": 0.121,"Actual Rows": 1,"Actual Loops": 6230,"Plans": [{"Node Type": "Bitmap Heap Scan","Parent Relationship": "Outer","Parallel Aware": false,"Async Capable": false,"Relation Name": "lineitem","Alias": "lineitem_1","Startup Cost": 4.67,"Total Cost": 127.52,"Plan Rows": 31,"Plan Width": 5,"Actual Startup Time": 0.013,"Actual Total Time": 0.113,"Actual Rows": 31,"Actual Loops": 6230,"Recheck Cond": "(l_partkey = part.p_partkey)","Rows Removed by Index Recheck": 0,"Exact Heap Blocks": 191221,"Lossy Heap Blocks": 0,"Plans": [{"Node Type": "Bitmap Index Scan","Parent Relationship": "Outer","Parallel Aware": false,"Async Capable": false,"Index Name": "idx_lineitem_part_supp","Startup Cost": 0.00,"Total Cost": 4.67,"Plan Rows": 31,"Plan Width": 0,"Actual Startup Time": 0.007,"Actual Total Time": 0.007,"Actual Rows": 31,"Actual Loops": 6230,"Index Cond": "(l_partkey = part.p_partkey)"}]}]}]}]},"Planning Time": 4.681,"Triggers": [],"Execution Time": 4851.851}]
[{"Plan": {"Node Type": "Aggregate","Strategy": "Plain","Partial Mode": "Simple","Parallel Aware": false,"Async Capable": false,"Startup Cost": 195915.98,"Total Cost": 195915.99,"Plan Rows": 1,"Plan Width": 32,"Actual Startup Time": 4891.721,"Actual Total Time": 4892.443,"Actual Rows": 1,"Actual Loops": 1,"Plans": [{"Node Type": "Hash Join","Parent Relationship": "Outer","Parallel Aware": false,"Async Capable": false,"Join Type": "Inner","Startup Cost": 6366.98,"Total Cost": 195911.54,"Plan Rows": 1777,"Plan Width": 8,"Actual Startup Time": 75.455,"Actual Total Time": 4892.023,"Actual Rows": 529,"Actual Loops": 1,"Inner Unique": true,"Hash Cond": "(lineitem.l_partkey = part.p_partkey)","Join Filter": "(lineitem.l_quantity < (SubPlan 1))","Rows Removed by Join Filter": 5644,"Plans": [{"Node Type": "Seq Scan","Parent Relationship": "Outer","Parallel Aware": false,"Async Capable": false,"Relation Name": "lineitem","Alias": "lineitem","Startup Cost": 0.00,"Total Cost": 172515.15,"Plan Rows": 6001215,"Plan Width": 17,"Actual Startup Time": 0.023,"Actual Total Time": 979.457,"Actual Rows": 6001215,"Actual Loops": 1},{"Node Type": "Hash","Parent Relationship": "Inner","Parallel Aware": false,"Async Capable": false,"Startup Cost": 6364.76,"Total Cost": 6364.76,"Plan Rows": 178,"Plan Width": 4,"Actual Startup Time": 34.157,"Actual Total Time": 34.839,"Actual Rows": 207,"Actual Loops": 1,"Hash Buckets": 1024,"Original Hash Buckets": 1024,"Hash Batches": 1,"Original Hash Batches": 1,"Peak Memory Usage": 16,"Plans": [{"Node Type": "Gather","Parent Relationship": "Outer","Parallel Aware": false,"Async Capable": false,"Startup Cost": 1000.00,"Total Cost": 6364.76,"Plan Rows": 178,"Plan Width": 4,"Actual Startup Time": 0.941,"Actual Total Time": 34.730,"Actual Rows": 207,"Actual Loops": 1,"Workers Planned": 2,"Workers Launched": 2,"Single Copy": false,"Plans": [{"Node Type": "Seq Scan","Parent Relationship": "Outer","Parallel Aware": true,"Async Capable": false,"Relation Name": "part","Alias": "part","Startup Cost": 0.00,"Total Cost": 5347.00,"Plan Rows": 74,"Plan Width": 4,"Actual Startup Time": 0.784,"Actual Total Time": 28.494,"Actual Rows": 69,"Actual Loops": 3,"Filter": "((p_brand = 'Brand#44'::bpchar) AND (p_container = 'WRAP PACK'::bpchar))","Rows Removed by Filter": 66598,"Workers": []}]}]},{"Node Type": "Aggregate","Strategy": "Plain","Partial Mode": "Simple","Parent Relationship": "SubPlan","Subplan Name": "SubPlan 1","Parallel Aware": false,"Async Capable": false,"Startup Cost": 127.60,"Total Cost": 127.61,"Plan Rows": 1,"Plan Width": 32,"Actual Startup Time": 0.120,"Actual Total Time": 0.120,"Actual Rows": 1,"Actual Loops": 6173,"Plans": [{"Node Type": "Bitmap Heap Scan","Parent Relationship": "Outer","Parallel Aware": false,"Async Capable": false,"Relation Name": "lineitem","Alias": "lineitem_1","Startup Cost": 4.67,"Total Cost": 127.52,"Plan Rows": 31,"Plan Width": 5,"Actual Startup Time": 0.013,"Actual Total Time": 0.113,"Actual Rows": 31,"Actual Loops": 6173,"Recheck Cond": "(l_partkey = part.p_partkey)","Rows Removed by Index Recheck": 0,"Exact Heap Blocks": 189976,"Lossy Heap Blocks": 0,"Plans": [{"Node Type": "Bitmap Index Scan","Parent Relationship": "Outer","Parallel Aware": false,"Async Capable": false,"Index Name": "idx_lineitem_part_supp","Startup Cost": 0.00,"Total Cost": 4.67,"Plan Rows": 31,"Plan Width": 0,"Actual Startup Time": 0.007,"Actual Total Time": 0.007,"Actual Rows": 31,"Actual Loops": 6173,"Index Cond": "(l_partkey = part.p_partkey)"}]}]}]}]},"Planning Time": 4.245,"Triggers": [],"Execution Time": 4892.856}]
[{"Plan": {"Node Type": "Aggregate","Strategy": "Plain","Partial Mode": "Simple","Parallel Aware": false,"Async Capable": false,"Startup Cost": 195919.55,"Total Cost": 195919.56,"Plan Rows": 1,"Plan Width": 32,"Actual Startup Time": 4872.544,"Actual Total Time": 4872.985,"Actual Rows": 1,"Actual Loops": 1,"Plans": [{"Node Type": "Hash Join","Parent Relationship": "Outer","Parallel Aware": false,"Async Capable": false,"Join Type": "Inner","Startup Cost": 6369.90,"Total Cost": 195914.45,"Plan Rows": 2036,"Plan Width": 8,"Actual Startup Time": 37.699,"Actual Total Time": 4872.791,"Actual Rows": 512,"Actual Loops": 1,"Inner Unique": true,"Hash Cond": "(lineitem.l_partkey = part.p_partkey)","Join Filter": "(lineitem.l_quantity < (SubPlan 1))","Rows Removed by Join Filter": 5153,"Plans": [{"Node Type": "Seq Scan","Parent Relationship": "Outer","Parallel Aware": false,"Async Capable": false,"Relation Name": "lineitem","Alias": "lineitem","Startup Cost": 0.00,"Total Cost": 172515.15,"Plan Rows": 6001215,"Plan Width": 17,"Actual Startup Time": 0.020,"Actual Total Time": 935.037,"Actual Rows": 6001215,"Actual Loops": 1},{"Node Type": "Hash","Parent Relationship": "Inner","Parallel Aware": false,"Async Capable": false,"Startup Cost": 6367.36,"Total Cost": 6367.36,"Plan Rows": 204,"Plan Width": 4,"Actual Startup Time": 30.777,"Actual Total Time": 31.193,"Actual Rows": 185,"Actual Loops": 1,"Hash Buckets": 1024,"Original Hash Buckets": 1024,"Hash Batches": 1,"Original Hash Batches": 1,"Peak Memory Usage": 15,"Plans": [{"Node Type": "Gather","Parent Relationship": "Outer","Parallel Aware": false,"Async Capable": false,"Startup Cost": 1000.00,"Total Cost": 6367.36,"Plan Rows": 204,"Plan Width": 4,"Actual Startup Time": 1.964,"Actual Total Time": 31.119,"Actual Rows": 185,"Actual Loops": 1,"Workers Planned": 2,"Workers Launched": 2,"Single Copy": false,"Plans": [{"Node Type": "Seq Scan","Parent Relationship": "Outer","Parallel Aware": true,"Async Capable": false,"Relation Name": "part","Alias": "part","Startup Cost": 0.00,"Total Cost": 5347.00,"Plan Rows": 85,"Plan Width": 4,"Actual Startup Time": 0.784,"Actual Total Time": 24.990,"Actual Rows": 62,"Actual Loops": 3,"Filter": "((p_brand = 'Brand#23'::bpchar) AND (p_container = 'JUMBO CAN'::bpchar))","Rows Removed by Filter": 66605,"Workers": []}]}]},{"Node Type": "Aggregate","Strategy": "Plain","Partial Mode": "Simple","Parent Relationship": "SubPlan","Subplan Name": "SubPlan 1","Parallel Aware": false,"Async Capable": false,"Startup Cost": 127.60,"Total Cost": 127.61,"Plan Rows": 1,"Plan Width": 32,"Actual Startup Time": 0.122,"Actual Total Time": 0.122,"Actual Rows": 1,"Actual Loops": 5665,"Plans": [{"Node Type": "Bitmap Heap Scan","Parent Relationship": "Outer","Parallel Aware": false,"Async Capable": false,"Relation Name": "lineitem","Alias": "lineitem_1","Startup Cost": 4.67,"Total Cost": 127.52,"Plan Rows": 31,"Plan Width": 5,"Actual Startup Time": 0.013,"Actual Total Time": 0.115,"Actual Rows": 32,"Actual Loops": 5665,"Recheck Cond": "(l_partkey = part.p_partkey)","Rows Removed by Index Recheck": 0,"Exact Heap Blocks": 179127,"Lossy Heap Blocks": 0,"Plans": [{"Node Type": "Bitmap Index Scan","Parent Relationship": "Outer","Parallel Aware": false,"Async Capable": false,"Index Name": "idx_lineitem_part_supp","Startup Cost": 0.00,"Total Cost": 4.67,"Plan Rows": 31,"Plan Width": 0,"Actual Startup Time": 0.007,"Actual Total Time": 0.007,"Actual Rows": 32,"Actual Loops": 5665,"Index Cond": "(l_partkey = part.p_partkey)"}]}]}]}]},"Planning Time": 4.703,"Triggers": [],"Execution Time": 4873.265}]
[{"Plan": {"Node Type": "Aggregate","Strategy": "Plain","Partial Mode": "Simple","Parallel Aware": false,"Async Capable": false,"Startup Cost": 195919.55,"Total Cost": 195919.57,"Plan Rows": 1,"Plan Width": 32,"Actual Startup Time": 5023.003,"Actual Total Time": 5023.818,"Actual Rows": 1,"Actual Loops": 1,"Plans": [{"Node Type": "Hash Join","Parent Relationship": "Outer","Parallel Aware": false,"Async Capable": false,"Join Type": "Inner","Startup Cost": 6369.91,"Total Cost": 195914.46,"Plan Rows": 2037,"Plan Width": 8,"Actual Startup Time": 43.645,"Actual Total Time": 5023.492,"Actual Rows": 574,"Actual Loops": 1,"Inner Unique": true,"Hash Cond": "(lineitem.l_partkey = part.p_partkey)","Join Filter": "(lineitem.l_quantity < (SubPlan 1))","Rows Removed by Join Filter": 5586,"Plans": [{"Node Type": "Seq Scan","Parent Relationship": "Outer","Parallel Aware": false,"Async Capable": false,"Relation Name": "lineitem","Alias": "lineitem","Startup Cost": 0.00,"Total Cost": 172515.15,"Plan Rows": 6001215,"Plan Width": 17,"Actual Startup Time": 0.012,"Actual Total Time": 1013.907,"Actual Rows": 6001215,"Actual Loops": 1},{"Node Type": "Hash","Parent Relationship": "Inner","Parallel Aware": false,"Async Capable": false,"Startup Cost": 6367.36,"Total Cost": 6367.36,"Plan Rows": 204,"Plan Width": 4,"Actual Startup Time": 31.805,"Actual Total Time": 32.573,"Actual Rows": 205,"Actual Loops": 1,"Hash Buckets": 1024,"Original Hash Buckets": 1024,"Hash Batches": 1,"Original Hash Batches": 1,"Peak Memory Usage": 16,"Plans": [{"Node Type": "Gather","Parent Relationship": "Outer","Parallel Aware": false,"Async Capable": false,"Startup Cost": 1000.00,"Total Cost": 6367.36,"Plan Rows": 204,"Plan Width": 4,"Actual Startup Time": 1.084,"Actual Total Time": 32.510,"Actual Rows": 205,"Actual Loops": 1,"Workers Planned": 2,"Workers Launched": 2,"Single Copy": false,"Plans": [{"Node Type": "Seq Scan","Parent Relationship": "Outer","Parallel Aware": true,"Async Capable": false,"Relation Name": "part","Alias": "part","Startup Cost": 0.00,"Total Cost": 5347.00,"Plan Rows": 85,"Plan Width": 4,"Actual Startup Time": 0.462,"Actual Total Time": 25.926,"Actual Rows": 68,"Actual Loops": 3,"Filter": "((p_brand = 'Brand#34'::bpchar) AND (p_container = 'SM JAR'::bpchar))","Rows Removed by Filter": 66598,"Workers": []}]}]},{"Node Type": "Aggregate","Strategy": "Plain","Partial Mode": "Simple","Parent Relationship": "SubPlan","Subplan Name": "SubPlan 1","Parallel Aware": false,"Async Capable": false,"Startup Cost": 127.60,"Total Cost": 127.61,"Plan Rows": 1,"Plan Width": 32,"Actual Startup Time": 0.138,"Actual Total Time": 0.138,"Actual Rows": 1,"Actual Loops": 6160,"Plans": [{"Node Type": "Bitmap Heap Scan","Parent Relationship": "Outer","Parallel Aware": false,"Async Capable": false,"Relation Name": "lineitem","Alias": "lineitem_1","Startup Cost": 4.67,"Total Cost": 127.52,"Plan Rows": 31,"Plan Width": 5,"Actual Startup Time": 0.014,"Actual Total Time": 0.130,"Actual Rows": 31,"Actual Loops": 6160,"Recheck Cond": "(l_partkey = part.p_partkey)","Rows Removed by Index Recheck": 0,"Exact Heap Blocks": 190160,"Lossy Heap Blocks": 0,"Plans": [{"Node Type": "Bitmap Index Scan","Parent Relationship": "Outer","Parallel Aware": false,"Async Capable": false,"Index Name": "idx_lineitem_part_supp","Startup Cost": 0.00,"Total Cost": 4.67,"Plan Rows": 31,"Plan Width": 0,"Actual Startup Time": 0.008,"Actual Total Time": 0.008,"Actual Rows": 31,"Actual Loops": 6160,"Index Cond": "(l_partkey = part.p_partkey)"}]}]}]}]},"Planning Time": 5.321,"Triggers": [],"Execution Time": 5024.249}]
[{"Plan": {"Node Type": "Aggregate","Strategy": "Plain","Partial Mode": "Simple","Parallel Aware": false,"Async Capable": false,"Startup Cost": 195920.82,"Total Cost": 195920.84,"Plan Rows": 1,"Plan Width": 32,"Actual Startup Time": 4843.943,"Actual Total Time": 4844.712,"Actual Rows": 1,"Actual Loops": 1,"Plans": [{"Node Type": "Hash Join","Parent Relationship": "Outer","Parallel Aware": false,"Async Capable": false,"Join Type": "Inner","Startup Cost": 6370.94,"Total Cost": 195915.50,"Plan Rows": 2129,"Plan Width": 8,"Actual Startup Time": 45.813,"Actual Total Time": 4844.215,"Actual Rows": 538,"Actual Loops": 1,"Inner Unique": true,"Hash Cond": "(lineitem.l_partkey = part.p_partkey)","Join Filter": "(lineitem.l_quantity < (SubPlan 1))","Rows Removed by Join Filter": 5423,"Plans": [{"Node Type": "Seq Scan","Parent Relationship": "Outer","Parallel Aware": false,"Async Capable": false,"Relation Name": "lineitem","Alias": "lineitem","Startup Cost": 0.00,"Total Cost": 172515.15,"Plan Rows": 6001215,"Plan Width": 17,"Actual Startup Time": 0.010,"Actual Total Time": 964.203,"Actual Rows": 6001215,"Actual Loops": 1},{"Node Type": "Hash","Parent Relationship": "Inner","Parallel Aware": false,"Async Capable": false,"Startup Cost": 6368.28,"Total Cost": 6368.28,"Plan Rows": 213,"Plan Width": 4,"Actual Startup Time": 31.331,"Actual Total Time": 32.070,"Actual Rows": 200,"Actual Loops": 1,"Hash Buckets": 1024,"Original Hash Buckets": 1024,"Hash Batches": 1,"Original Hash Batches": 1,"Peak Memory Usage": 16,"Plans": [{"Node Type": "Gather","Parent Relationship": "Outer","Parallel Aware": false,"Async Capable": false,"Startup Cost": 1000.00,"Total Cost": 6368.28,"Plan Rows": 213,"Plan Width": 4,"Actual Startup Time": 1.320,"Actual Total Time": 31.990,"Actual Rows": 200,"Actual Loops": 1,"Workers Planned": 2,"Workers Launched": 2,"Single Copy": false,"Plans": [{"Node Type": "Seq Scan","Parent Relationship": "Outer","Parallel Aware": true,"Async Capable": false,"Relation Name": "part","Alias": "part","Startup Cost": 0.00,"Total Cost": 5347.00,"Plan Rows": 89,"Plan Width": 4,"Actual Startup Time": 0.725,"Actual Total Time": 25.613,"Actual Rows": 67,"Actual Loops": 3,"Filter": "((p_brand = 'Brand#31'::bpchar) AND (p_container = 'SM BAG'::bpchar))","Rows Removed by Filter": 66600,"Workers": []}]}]},{"Node Type": "Aggregate","Strategy": "Plain","Partial Mode": "Simple","Parent Relationship": "SubPlan","Subplan Name": "SubPlan 1","Parallel Aware": false,"Async Capable": false,"Startup Cost": 127.60,"Total Cost": 127.61,"Plan Rows": 1,"Plan Width": 32,"Actual Startup Time": 0.121,"Actual Total Time": 0.121,"Actual Rows": 1,"Actual Loops": 5961,"Plans": [{"Node Type": "Bitmap Heap Scan","Parent Relationship": "Outer","Parallel Aware": false,"Async Capable": false,"Relation Name": "lineitem","Alias": "lineitem_1","Startup Cost": 4.67,"Total Cost": 127.52,"Plan Rows": 31,"Plan Width": 5,"Actual Startup Time": 0.014,"Actual Total Time": 0.114,"Actual Rows": 31,"Actual Loops": 5961,"Recheck Cond": "(l_partkey = part.p_partkey)","Rows Removed by Index Recheck": 0,"Exact Heap Blocks": 183473,"Lossy Heap Blocks": 0,"Plans": [{"Node Type": "Bitmap Index Scan","Parent Relationship": "Outer","Parallel Aware": false,"Async Capable": false,"Index Name": "idx_lineitem_part_supp","Startup Cost": 0.00,"Total Cost": 4.67,"Plan Rows": 31,"Plan Width": 0,"Actual Startup Time": 0.007,"Actual Total Time": 0.007,"Actual Rows": 31,"Actual Loops": 5961,"Index Cond": "(l_partkey = part.p_partkey)"}]}]}]}]},"Planning Time": 4.772,"Triggers": [],"Execution Time": 4845.011}]
[{"Plan": {"Node Type": "Aggregate","Strategy": "Plain","Partial Mode": "Simple","Parallel Aware": false,"Async Capable": false,"Startup Cost": 195917.98,"Total Cost": 195917.99,"Plan Rows": 1,"Plan Width": 32,"Actual Startup Time": 4704.297,"Actual Total Time": 4704.783,"Actual Rows": 1,"Actual Loops": 1,"Plans": [{"Node Type": "Hash Join","Parent Relationship": "Outer","Parallel Aware": false,"Async Capable": false,"Join Type": "Inner","Startup Cost": 6368.61,"Total Cost": 195913.17,"Plan Rows": 1922,"Plan Width": 8,"Actual Startup Time": 50.021,"Actual Total Time": 4704.546,"Actual Rows": 442,"Actual Loops": 1,"Inner Unique": true,"Hash Cond": "(lineitem.l_partkey = part.p_partkey)","Join Filter": "(lineitem.l_quantity < (SubPlan 1))","Rows Removed by Join Filter": 4333,"Plans": [{"Node Type": "Seq Scan","Parent Relationship": "Outer","Parallel Aware": false,"Async Capable": false,"Relation Name": "lineitem","Alias": "lineitem","Startup Cost": 0.00,"Total Cost": 172515.15,"Plan Rows": 6001215,"Plan Width": 17,"Actual Startup Time": 0.015,"Actual Total Time": 1025.436,"Actual Rows": 6001215,"Actual Loops": 1},{"Node Type": "Hash","Parent Relationship": "Inner","Parallel Aware": false,"Async Capable": false,"Startup Cost": 6366.21,"Total Cost": 6366.21,"Plan Rows": 192,"Plan Width": 4,"Actual Startup Time": 32.351,"Actual Total Time": 32.820,"Actual Rows": 161,"Actual Loops": 1,"Hash Buckets": 1024,"Original Hash Buckets": 1024,"Hash Batches": 1,"Original Hash Batches": 1,"Peak Memory Usage": 14,"Plans": [{"Node Type": "Gather","Parent Relationship": "Outer","Parallel Aware": false,"Async Capable": false,"Startup Cost": 1000.00,"Total Cost": 6366.21,"Plan Rows": 192,"Plan Width": 4,"Actual Startup Time": 1.785,"Actual Total Time": 32.762,"Actual Rows": 161,"Actual Loops": 1,"Workers Planned": 2,"Workers Launched": 2,"Single Copy": false,"Plans": [{"Node Type": "Seq Scan","Parent Relationship": "Outer","Parallel Aware": true,"Async Capable": false,"Relation Name": "part","Alias": "part","Startup Cost": 0.00,"Total Cost": 5347.00,"Plan Rows": 80,"Plan Width": 4,"Actual Startup Time": 0.605,"Actual Total Time": 26.345,"Actual Rows": 54,"Actual Loops": 3,"Filter": "((p_brand = 'Brand#44'::bpchar) AND (p_container = 'JUMBO BOX'::bpchar))","Rows Removed by Filter": 66613,"Workers": []}]}]},{"Node Type": "Aggregate","Strategy": "Plain","Partial Mode": "Simple","Parent Relationship": "SubPlan","Subplan Name": "SubPlan 1","Parallel Aware": false,"Async Capable": false,"Startup Cost": 127.60,"Total Cost": 127.61,"Plan Rows": 1,"Plan Width": 32,"Actual Startup Time": 0.137,"Actual Total Time": 0.137,"Actual Rows": 1,"Actual Loops": 4775,"Plans": [{"Node Type": "Bitmap Heap Scan","Parent Relationship": "Outer","Parallel Aware": false,"Async Capable": false,"Relation Name": "lineitem","Alias": "lineitem_1","Startup Cost": 4.67,"Total Cost": 127.52,"Plan Rows": 31,"Plan Width": 5,"Actual Startup Time": 0.014,"Actual Total Time": 0.130,"Actual Rows": 31,"Actual Loops": 4775,"Recheck Cond": "(l_partkey = part.p_partkey)","Rows Removed by Index Recheck": 0,"Exact Heap Blocks": 146115,"Lossy Heap Blocks": 0,"Plans": [{"Node Type": "Bitmap Index Scan","Parent Relationship": "Outer","Parallel Aware": false,"Async Capable": false,"Index Name": "idx_lineitem_part_supp","Startup Cost": 0.00,"Total Cost": 4.67,"Plan Rows": 31,"Plan Width": 0,"Actual Startup Time": 0.008,"Actual Total Time": 0.008,"Actual Rows": 31,"Actual Loops": 4775,"Index Cond": "(l_partkey = part.p_partkey)"}]}]}]}]},"Planning Time": 5.859,"Triggers": [],"Execution Time": 4705.091}]
[{"Plan": {"Node Type": "Aggregate","Strategy": "Plain","Partial Mode": "Simple","Parallel Aware": false,"Async Capable": false,"Startup Cost": 195918.34,"Total Cost": 195918.35,"Plan Rows": 1,"Plan Width": 32,"Actual Startup Time": 4888.937,"Actual Total Time": 4889.469,"Actual Rows": 1,"Actual Loops": 1,"Plans": [{"Node Type": "Hash Join","Parent Relationship": "Outer","Parallel Aware": false,"Async Capable": false,"Join Type": "Inner","Startup Cost": 6368.91,"Total Cost": 195913.46,"Plan Rows": 1948,"Plan Width": 8,"Actual Startup Time": 41.033,"Actual Total Time": 4889.236,"Actual Rows": 529,"Actual Loops": 1,"Inner Unique": true,"Hash Cond": "(lineitem.l_partkey = part.p_partkey)","Join Filter": "(lineitem.l_quantity < (SubPlan 1))","Rows Removed by Join Filter": 5415,"Plans": [{"Node Type": "Seq Scan","Parent Relationship": "Outer","Parallel Aware": false,"Async Capable": false,"Relation Name": "lineitem","Alias": "lineitem","Startup Cost": 0.00,"Total Cost": 172515.15,"Plan Rows": 6001215,"Plan Width": 17,"Actual Startup Time": 0.013,"Actual Total Time": 1030.000,"Actual Rows": 6001215,"Actual Loops": 1},{"Node Type": "Hash","Parent Relationship": "Inner","Parallel Aware": false,"Async Capable": false,"Startup Cost": 6366.48,"Total Cost": 6366.48,"Plan Rows": 195,"Plan Width": 4,"Actual Startup Time": 31.996,"Actual Total Time": 32.510,"Actual Rows": 203,"Actual Loops": 1,"Hash Buckets": 1024,"Original Hash Buckets": 1024,"Hash Batches": 1,"Original Hash Batches": 1,"Peak Memory Usage": 16,"Plans": [{"Node Type": "Gather","Parent Relationship": "Outer","Parallel Aware": false,"Async Capable": false,"Startup Cost": 1000.00,"Total Cost": 6366.48,"Plan Rows": 195,"Plan Width": 4,"Actual Startup Time": 1.155,"Actual Total Time": 32.462,"Actual Rows": 203,"Actual Loops": 1,"Workers Planned": 2,"Workers Launched": 2,"Single Copy": false,"Plans": [{"Node Type": "Seq Scan","Parent Relationship": "Outer","Parallel Aware": true,"Async Capable": false,"Relation Name": "part","Alias": "part","Startup Cost": 0.00,"Total Cost": 5347.00,"Plan Rows": 81,"Plan Width": 4,"Actual Startup Time": 1.214,"Actual Total Time": 25.976,"Actual Rows": 68,"Actual Loops": 3,"Filter": "((p_brand = 'Brand#51'::bpchar) AND (p_container = 'WRAP BOX'::bpchar))","Rows Removed by Filter": 66599,"Workers": []}]}]},{"Node Type": "Aggregate","Strategy": "Plain","Partial Mode": "Simple","Parent Relationship": "SubPlan","Subplan Name": "SubPlan 1","Parallel Aware": false,"Async Capable": false,"Startup Cost": 127.60,"Total Cost": 127.61,"Plan Rows": 1,"Plan Width": 32,"Actual Startup Time": 0.137,"Actual Total Time": 0.137,"Actual Rows": 1,"Actual Loops": 5944,"Plans": [{"Node Type": "Bitmap Heap Scan","Parent Relationship": "Outer","Parallel Aware": false,"Async Capable": false,"Relation Name": "lineitem","Alias": "lineitem_1","Startup Cost": 4.67,"Total Cost": 127.52,"Plan Rows": 31,"Plan Width": 5,"Actual Startup Time": 0.014,"Actual Total Time": 0.130,"Actual Rows": 30,"Actual Loops": 5944,"Recheck Cond": "(l_partkey = part.p_partkey)","Rows Removed by Index Recheck": 0,"Exact Heap Blocks": 180554,"Lossy Heap Blocks": 0,"Plans": [{"Node Type": "Bitmap Index Scan","Parent Relationship": "Outer","Parallel Aware": false,"Async Capable": false,"Index Name": "idx_lineitem_part_supp","Startup Cost": 0.00,"Total Cost": 4.67,"Plan Rows": 31,"Plan Width": 0,"Actual Startup Time": 0.008,"Actual Total Time": 0.008,"Actual Rows": 30,"Actual Loops": 5944,"Index Cond": "(l_partkey = part.p_partkey)"}]}]}]}]},"Planning Time": 4.797,"Triggers": [],"Execution Time": 4889.721}]
[{"Plan": {"Node Type": "Aggregate","Strategy": "Plain","Partial Mode": "Simple","Parallel Aware": false,"Async Capable": false,"Startup Cost": 195920.90,"Total Cost": 195920.91,"Plan Rows": 1,"Plan Width": 32,"Actual Startup Time": 4976.301,"Actual Total Time": 4976.748,"Actual Rows": 1,"Actual Loops": 1,"Plans": [{"Node Type": "Hash Join","Parent Relationship": "Outer","Parallel Aware": false,"Async Capable": false,"Join Type": "Inner","Startup Cost": 6371.01,"Total Cost": 195915.56,"Plan Rows": 2134,"Plan Width": 8,"Actual Startup Time": 66.892,"Actual Total Time": 4976.545,"Actual Rows": 610,"Actual Loops": 1,"Inner Unique": true,"Hash Cond": "(lineitem.l_partkey = part.p_partkey)","Join Filter": "(lineitem.l_quantity < (SubPlan 1))","Rows Removed by Join Filter": 5958,"Plans": [{"Node Type": "Seq Scan","Parent Relationship": "Outer","Parallel Aware": false,"Async Capable": false,"Relation Name": "lineitem","Alias": "lineitem","Startup Cost": 0.00,"Total Cost": 172515.15,"Plan Rows": 6001215,"Plan Width": 17,"Actual Startup Time": 0.015,"Actual Total Time": 938.367,"Actual Rows": 6001215,"Actual Loops": 1},{"Node Type": "Hash","Parent Relationship": "Inner","Parallel Aware": false,"Async Capable": false,"Startup Cost": 6368.34,"Total Cost": 6368.34,"Plan Rows": 213,"Plan Width": 4,"Actual Startup Time": 32.311,"Actual Total Time": 32.743,"Actual Rows": 224,"Actual Loops": 1,"Hash Buckets": 1024,"Original Hash Buckets": 1024,"Hash Batches": 1,"Original Hash Batches": 1,"Peak Memory Usage": 16,"Plans": [{"Node Type": "Gather","Parent Relationship": "Outer","Parallel Aware": false,"Async Capable": false,"Startup Cost": 1000.00,"Total Cost": 6368.34,"Plan Rows": 213,"Plan Width": 4,"Actual Startup Time": 0.652,"Actual Total Time": 32.668,"Actual Rows": 224,"Actual Loops": 1,"Workers Planned": 2,"Workers Launched": 2,"Single Copy": false,"Plans": [{"Node Type": "Seq Scan","Parent Relationship": "Outer","Parallel Aware": true,"Async Capable": false,"Relation Name": "part","Alias": "part","Startup Cost": 0.00,"Total Cost": 5347.00,"Plan Rows": 89,"Plan Width": 4,"Actual Startup Time": 0.393,"Actual Total Time": 26.484,"Actual Rows": 75,"Actual Loops": 3,"Filter": "((p_brand = 'Brand#14'::bpchar) AND (p_container = 'SM BOX'::bpchar))","Rows Removed by Filter": 66592,"Workers": []}]}]},{"Node Type": "Aggregate","Strategy": "Plain","Partial Mode": "Simple","Parent Relationship": "SubPlan","Subplan Name": "SubPlan 1","Parallel Aware": false,"Async Capable": false,"Startup Cost": 127.60,"Total Cost": 127.61,"Plan Rows": 1,"Plan Width": 32,"Actual Startup Time": 0.115,"Actual Total Time": 0.116,"Actual Rows": 1,"Actual Loops": 6568,"Plans": [{"Node Type": "Bitmap Heap Scan","Parent Relationship": "Outer","Parallel Aware": false,"Async Capable": false,"Relation Name": "lineitem","Alias": "lineitem_1","Startup Cost": 4.67,"Total Cost": 127.52,"Plan Rows": 31,"Plan Width": 5,"Actual Startup Time": 0.013,"Actual Total Time": 0.109,"Actual Rows": 30,"Actual Loops": 6568,"Recheck Cond": "(l_partkey = part.p_partkey)","Rows Removed by Index Recheck": 0,"Exact Heap Blocks": 199092,"Lossy Heap Blocks": 0,"Plans": [{"Node Type": "Bitmap Index Scan","Parent Relationship": "Outer","Parallel Aware": false,"Async Capable": false,"Index Name": "idx_lineitem_part_supp","Startup Cost": 0.00,"Total Cost": 4.67,"Plan Rows": 31,"Plan Width": 0,"Actual Startup Time": 0.007,"Actual Total Time": 0.007,"Actual Rows": 30,"Actual Loops": 6568,"Index Cond": "(l_partkey = part.p_partkey)"}]}]}]}]},"Planning Time": 4.553,"Triggers": [],"Execution Time": 4976.963}]
[{"Plan": {"Node Type": "Aggregate","Strategy": "Plain","Partial Mode": "Simple","Parallel Aware": false,"Async Capable": false,"Startup Cost": 195921.03,"Total Cost": 195921.04,"Plan Rows": 1,"Plan Width": 32,"Actual Startup Time": 5067.098,"Actual Total Time": 5067.564,"Actual Rows": 1,"Actual Loops": 1,"Plans": [{"Node Type": "Hash Join","Parent Relationship": "Outer","Parallel Aware": false,"Async Capable": false,"Join Type": "Inner","Startup Cost": 6371.12,"Total Cost": 195915.67,"Plan Rows": 2144,"Plan Width": 8,"Actual Startup Time": 37.375,"Actual Total Time": 5067.362,"Actual Rows": 618,"Actual Loops": 1,"Inner Unique": true,"Hash Cond": "(lineitem.l_partkey = part.p_partkey)","Join Filter": "(lineitem.l_quantity < (SubPlan 1))","Rows Removed by Join Filter": 6284,"Plans": [{"Node Type": "Seq Scan","Parent Relationship": "Outer","Parallel Aware": false,"Async Capable": false,"Relation Name": "lineitem","Alias": "lineitem","Startup Cost": 0.00,"Total Cost": 172515.15,"Plan Rows": 6001215,"Plan Width": 17,"Actual Startup Time": 0.014,"Actual Total Time": 944.406,"Actual Rows": 6001215,"Actual Loops": 1},{"Node Type": "Hash","Parent Relationship": "Inner","Parallel Aware": false,"Async Capable": false,"Startup Cost": 6368.44,"Total Cost": 6368.44,"Plan Rows": 214,"Plan Width": 4,"Actual Startup Time": 31.356,"Actual Total Time": 31.802,"Actual Rows": 227,"Actual Loops": 1,"Hash Buckets": 1024,"Original Hash Buckets": 1024,"Hash Batches": 1,"Original Hash Batches": 1,"Peak Memory Usage": 16,"Plans": [{"Node Type": "Gather","Parent Relationship": "Outer","Parallel Aware": false,"Async Capable": false,"Startup Cost": 1000.00,"Total Cost": 6368.44,"Plan Rows": 214,"Plan Width": 4,"Actual Startup Time": 0.691,"Actual Total Time": 31.708,"Actual Rows": 227,"Actual Loops": 1,"Workers Planned": 2,"Workers Launched": 2,"Single Copy": false,"Plans": [{"Node Type": "Seq Scan","Parent Relationship": "Outer","Parallel Aware": true,"Async Capable": false,"Relation Name": "part","Alias": "part","Startup Cost": 0.00,"Total Cost": 5347.00,"Plan Rows": 89,"Plan Width": 4,"Actual Startup Time": 0.509,"Actual Total Time": 25.316,"Actual Rows": 76,"Actual Loops": 3,"Filter": "((p_brand = 'Brand#33'::bpchar) AND (p_container = 'LG CASE'::bpchar))","Rows Removed by Filter": 66591,"Workers": []}]}]},{"Node Type": "Aggregate","Strategy": "Plain","Partial Mode": "Simple","Parent Relationship": "SubPlan","Subplan Name": "SubPlan 1","Parallel Aware": false,"Async Capable": false,"Startup Cost": 127.60,"Total Cost": 127.61,"Plan Rows": 1,"Plan Width": 32,"Actual Startup Time": 0.121,"Actual Total Time": 0.121,"Actual Rows": 1,"Actual Loops": 6902,"Plans": [{"Node Type": "Bitmap Heap Scan","Parent Relationship": "Outer","Parallel Aware": false,"Async Capable": false,"Relation Name": "lineitem","Alias": "lineitem_1","Startup Cost": 4.67,"Total Cost": 127.52,"Plan Rows": 31,"Plan Width": 5,"Actual Startup Time": 0.013,"Actual Total Time": 0.114,"Actual Rows": 31,"Actual Loops": 6902,"Recheck Cond": "(l_partkey = part.p_partkey)","Rows Removed by Index Recheck": 0,"Exact Heap Blocks": 215982,"Lossy Heap Blocks": 0,"Plans": [{"Node Type": "Bitmap Index Scan","Parent Relationship": "Outer","Parallel Aware": false,"Async Capable": false,"Index Name": "idx_lineitem_part_supp","Startup Cost": 0.00,"Total Cost": 4.67,"Plan Rows": 31,"Plan Width": 0,"Actual Startup Time": 0.007,"Actual Total Time": 0.007,"Actual Rows": 31,"Actual Loops": 6902,"Index Cond": "(l_partkey = part.p_partkey)"}]}]}]}]},"Planning Time": 5.340,"Triggers": [],"Execution Time": 5067.822}]
[{"Plan": {"Node Type": "Aggregate","Strategy": "Plain","Partial Mode": "Simple","Parallel Aware": false,"Async Capable": false,"Startup Cost": 195921.87,"Total Cost": 195921.88,"Plan Rows": 1,"Plan Width": 32,"Actual Startup Time": 5085.580,"Actual Total Time": 5086.307,"Actual Rows": 1,"Actual Loops": 1,"Plans": [{"Node Type": "Hash Join","Parent Relationship": "Outer","Parallel Aware": false,"Async Capable": false,"Join Type": "Inner","Startup Cost": 6371.80,"Total Cost": 195916.35,"Plan Rows": 2205,"Plan Width": 8,"Actual Startup Time": 64.717,"Actual Total Time": 5085.870,"Actual Rows": 599,"Actual Loops": 1,"Inner Unique": true,"Hash Cond": "(lineitem.l_partkey = part.p_partkey)","Join Filter": "(lineitem.l_quantity < (SubPlan 1))","Rows Removed by Join Filter": 6183,"Plans": [{"Node Type": "Seq Scan","Parent Relationship": "Outer","Parallel Aware": false,"Async Capable": false,"Relation Name": "lineitem","Alias": "lineitem","Startup Cost": 0.00,"Total Cost": 172515.15,"Plan Rows": 6001215,"Plan Width": 17,"Actual Startup Time": 0.018,"Actual Total Time": 1010.507,"Actual Rows": 6001215,"Actual Loops": 1},{"Node Type": "Hash","Parent Relationship": "Inner","Parallel Aware": false,"Async Capable": false,"Startup Cost": 6369.04,"Total Cost": 6369.04,"Plan Rows": 220,"Plan Width": 4,"Actual Startup Time": 29.340,"Actual Total Time": 30.027,"Actual Rows": 224,"Actual Loops": 1,"Hash Buckets": 1024,"Original Hash Buckets": 1024,"Hash Batches": 1,"Original Hash Batches": 1,"Peak Memory Usage": 16,"Plans": [{"Node Type": "Gather","Parent Relationship": "Outer","Parallel Aware": false,"Async Capable": false,"Startup Cost": 1000.00,"Total Cost": 6369.04,"Plan Rows": 220,"Plan Width": 4,"Actual Startup Time": 0.763,"Actual Total Time": 29.925,"Actual Rows": 224,"Actual Loops": 1,"Workers Planned": 2,"Workers Launched": 2,"Single Copy": false,"Plans": [{"Node Type": "Seq Scan","Parent Relationship": "Outer","Parallel Aware": true,"Async Capable": false,"Relation Name": "part","Alias": "part","Startup Cost": 0.00,"Total Cost": 5347.00,"Plan Rows": 92,"Plan Width": 4,"Actual Startup Time": 0.195,"Actual Total Time": 23.779,"Actual Rows": 75,"Actual Loops": 3,"Filter": "((p_brand = 'Brand#45'::bpchar) AND (p_container = 'MED JAR'::bpchar))","Rows Removed by Filter": 66592,"Workers": []}]}]},{"Node Type": "Aggregate","Strategy": "Plain","Partial Mode": "Simple","Parent Relationship": "SubPlan","Subplan Name": "SubPlan 1","Parallel Aware": false,"Async Capable": false,"Startup Cost": 127.60,"Total Cost": 127.61,"Plan Rows": 1,"Plan Width": 32,"Actual Startup Time": 0.138,"Actual Total Time": 0.138,"Actual Rows": 1,"Actual Loops": 6782,"Plans": [{"Node Type": "Bitmap Heap Scan","Parent Relationship": "Outer","Parallel Aware": false,"Async Capable": false,"Relation Name": "lineitem","Alias": "lineitem_1","Startup Cost": 4.67,"Total Cost": 127.52,"Plan Rows": 31,"Plan Width": 5,"Actual Startup Time": 0.014,"Actual Total Time": 0.131,"Actual Rows": 31,"Actual Loops": 6782,"Recheck Cond": "(l_partkey = part.p_partkey)","Rows Removed by Index Recheck": 0,"Exact Heap Blocks": 212215,"Lossy Heap Blocks": 0,"Plans": [{"Node Type": "Bitmap Index Scan","Parent Relationship": "Outer","Parallel Aware": false,"Async Capable": false,"Index Name": "idx_lineitem_part_supp","Startup Cost": 0.00,"Total Cost": 4.67,"Plan Rows": 31,"Plan Width": 0,"Actual Startup Time": 0.008,"Actual Total Time": 0.008,"Actual Rows": 31,"Actual Loops": 6782,"Index Cond": "(l_partkey = part.p_partkey)"}]}]}]}]},"Planning Time": 4.728,"Triggers": [],"Execution Time": 5086.704}]
[{"Plan": {"Node Type": "Aggregate","Strategy": "Plain","Partial Mode": "Simple","Parallel Aware": false,"Async Capable": false,"Startup Cost": 195917.79,"Total Cost": 195917.80,"Plan Rows": 1,"Plan Width": 32,"Actual Startup Time": 4816.995,"Actual Total Time": 4817.773,"Actual Rows": 1,"Actual Loops": 1,"Plans": [{"Node Type": "Hash Join","Parent Relationship": "Outer","Parallel Aware": false,"Async Capable": false,"Join Type": "Inner","Startup Cost": 6368.46,"Total Cost": 195913.01,"Plan Rows": 1908,"Plan Width": 8,"Actual Startup Time": 33.514,"Actual Total Time": 4817.463,"Actual Rows": 506,"Actual Loops": 1,"Inner Unique": true,"Hash Cond": "(lineitem.l_partkey = part.p_partkey)","Join Filter": "(lineitem.l_quantity < (SubPlan 1))","Rows Removed by Join Filter": 5396,"Plans": [{"Node Type": "Seq Scan","Parent Relationship": "Outer","Parallel Aware": false,"Async Capable": false,"Relation Name": "lineitem","Alias": "lineitem","Startup Cost": 0.00,"Total Cost": 172515.15,"Plan Rows": 6001215,"Plan Width": 17,"Actual Startup Time": 0.014,"Actual Total Time": 980.887,"Actual Rows": 6001215,"Actual Loops": 1},{"Node Type": "Hash","Parent Relationship": "Inner","Parallel Aware": false,"Async Capable": false,"Startup Cost": 6366.08,"Total Cost": 6366.08,"Plan Rows": 191,"Plan Width": 4,"Actual Startup Time": 32.416,"Actual Total Time": 33.155,"Actual Rows": 202,"Actual Loops": 1,"Hash Buckets": 1024,"Original Hash Buckets": 1024,"Hash Batches": 1,"Original Hash Batches": 1,"Peak Memory Usage": 16,"Plans": [{"Node Type": "Gather","Parent Relationship": "Outer","Parallel Aware": false,"Async Capable": false,"Startup Cost": 1000.00,"Total Cost": 6366.08,"Plan Rows": 191,"Plan Width": 4,"Actual Startup Time": 0.768,"Actual Total Time": 33.067,"Actual Rows": 202,"Actual Loops": 1,"Workers Planned": 2,"Workers Launched": 2,"Single Copy": false,"Plans": [{"Node Type": "Seq Scan","Parent Relationship": "Outer","Parallel Aware": true,"Async Capable": false,"Relation Name": "part","Alias": "part","Startup Cost": 0.00,"Total Cost": 5347.00,"Plan Rows": 79,"Plan Width": 4,"Actual Startup Time": 0.563,"Actual Total Time": 26.846,"Actual Rows": 67,"Actual Loops": 3,"Filter": "((p_brand = 'Brand#32'::bpchar) AND (p_container = 'SM DRUM'::bpchar))","Rows Removed by Filter": 66599,"Workers": []}]}]},{"Node Type": "Aggregate","Strategy": "Plain","Partial Mode": "Simple","Parent Relationship": "SubPlan","Subplan Name": "SubPlan 1","Parallel Aware": false,"Async Capable": false,"Startup Cost": 127.60,"Total Cost": 127.61,"Plan Rows": 1,"Plan Width": 32,"Actual Startup Time": 0.120,"Actual Total Time": 0.120,"Actual Rows": 1,"Actual Loops": 5902,"Plans": [{"Node Type": "Bitmap Heap Scan","Parent Relationship": "Outer","Parallel Aware": false,"Async Capable": false,"Relation Name": "lineitem","Alias": "lineitem_1","Startup Cost": 4.67,"Total Cost": 127.52,"Plan Rows": 31,"Plan Width": 5,"Actual Startup Time": 0.013,"Actual Total Time": 0.113,"Actual Rows": 30,"Actual Loops": 5902,"Recheck Cond": "(l_partkey = part.p_partkey)","Rows Removed by Index Recheck": 0,"Exact Heap Blocks": 178978,"Lossy Heap Blocks": 0,"Plans": [{"Node Type": "Bitmap Index Scan","Parent Relationship": "Outer","Parallel Aware": false,"Async Capable": false,"Index Name": "idx_lineitem_part_supp","Startup Cost": 0.00,"Total Cost": 4.67,"Plan Rows": 31,"Plan Width": 0,"Actual Startup Time": 0.007,"Actual Total Time": 0.007,"Actual Rows": 30,"Actual Loops": 5902,"Index Cond": "(l_partkey = part.p_partkey)"}]}]}]}]},"Planning Time": 5.028,"Triggers": [],"Execution Time": 4818.181}]
[{"Plan": {"Node Type": "Aggregate","Strategy": "Plain","Partial Mode": "Simple","Parallel Aware": false,"Async Capable": false,"Startup Cost": 195920.64,"Total Cost": 195920.66,"Plan Rows": 1,"Plan Width": 32,"Actual Startup Time": 5039.854,"Actual Total Time": 5040.377,"Actual Rows": 1,"Actual Loops": 1,"Plans": [{"Node Type": "Hash Join","Parent Relationship": "Outer","Parallel Aware": false,"Async Capable": false,"Join Type": "Inner","Startup Cost": 6370.80,"Total Cost": 195915.35,"Plan Rows": 2116,"Plan Width": 8,"Actual Startup Time": 34.772,"Actual Total Time": 5040.172,"Actual Rows": 597,"Actual Loops": 1,"Inner Unique": true,"Hash Cond": "(lineitem.l_partkey = part.p_partkey)","Join Filter": "(lineitem.l_quantity < (SubPlan 1))","Rows Removed by Join Filter": 6146,"Plans": [{"Node Type": "Seq Scan","Parent Relationship": "Outer","Parallel Aware": false,"Async Capable": false,"Relation Name": "lineitem","Alias": "lineitem","Startup Cost": 0.00,"Total Cost": 172515.15,"Plan Rows": 6001215,"Plan Width": 17,"Actual Startup Time": 0.011,"Actual Total Time": 1028.691,"Actual Rows": 6001215,"Actual Loops": 1},{"Node Type": "Hash","Parent Relationship": "Inner","Parallel Aware": false,"Async Capable": false,"Startup Cost": 6368.15,"Total Cost": 6368.15,"Plan Rows": 212,"Plan Width": 4,"Actual Startup Time": 33.066,"Actual Total Time": 33.572,"Actual Rows": 225,"Actual Loops": 1,"Hash Buckets": 1024,"Original Hash Buckets": 1024,"Hash Batches": 1,"Original Hash Batches": 1,"Peak Memory Usage": 16,"Plans": [{"Node Type": "Gather","Parent Relationship": "Outer","Parallel Aware": false,"Async Capable": false,"Startup Cost": 1000.00,"Total Cost": 6368.15,"Plan Rows": 212,"Plan Width": 4,"Actual Startup Time": 1.638,"Actual Total Time": 33.519,"Actual Rows": 225,"Actual Loops": 1,"Workers Planned": 2,"Workers Launched": 2,"Single Copy": false,"Plans": [{"Node Type": "Seq Scan","Parent Relationship": "Outer","Parallel Aware": true,"Async Capable": false,"Relation Name": "part","Alias": "part","Startup Cost": 0.00,"Total Cost": 5347.00,"Plan Rows": 88,"Plan Width": 4,"Actual Startup Time": 0.894,"Actual Total Time": 27.074,"Actual Rows": 75,"Actual Loops": 3,"Filter": "((p_brand = 'Brand#33'::bpchar) AND (p_container = 'MED PACK'::bpchar))","Rows Removed by Filter": 66592,"Workers": []}]}]},{"Node Type": "Aggregate","Strategy": "Plain","Partial Mode": "Simple","Parent Relationship": "SubPlan","Subplan Name": "SubPlan 1","Parallel Aware": false,"Async Capable": false,"Startup Cost": 127.60,"Total Cost": 127.61,"Plan Rows": 1,"Plan Width": 32,"Actual Startup Time": 0.139,"Actual Total Time": 0.139,"Actual Rows": 1,"Actual Loops": 6743,"Plans": [{"Node Type": "Bitmap Heap Scan","Parent Relationship": "Outer","Parallel Aware": false,"Async Capable": false,"Relation Name": "lineitem","Alias": "lineitem_1","Startup Cost": 4.67,"Total Cost": 127.52,"Plan Rows": 31,"Plan Width": 5,"Actual Startup Time": 0.014,"Actual Total Time": 0.132,"Actual Rows": 31,"Actual Loops": 6743,"Recheck Cond": "(l_partkey = part.p_partkey)","Rows Removed by Index Recheck": 0,"Exact Heap Blocks": 208537,"Lossy Heap Blocks": 0,"Plans": [{"Node Type": "Bitmap Index Scan","Parent Relationship": "Outer","Parallel Aware": false,"Async Capable": false,"Index Name": "idx_lineitem_part_supp","Startup Cost": 0.00,"Total Cost": 4.67,"Plan Rows": 31,"Plan Width": 0,"Actual Startup Time": 0.008,"Actual Total Time": 0.008,"Actual Rows": 31,"Actual Loops": 6743,"Index Cond": "(l_partkey = part.p_partkey)"}]}]}]}]},"Planning Time": 6.001,"Triggers": [],"Execution Time": 5040.613}]
[{"Plan": {"Node Type": "Aggregate","Strategy": "Plain","Partial Mode": "Simple","Parallel Aware": false,"Async Capable": false,"Startup Cost": 195917.11,"Total Cost": 195917.13,"Plan Rows": 1,"Plan Width": 32,"Actual Startup Time": 4848.532,"Actual Total Time": 4848.962,"Actual Rows": 1,"Actual Loops": 1,"Plans": [{"Node Type": "Hash Join","Parent Relationship": "Outer","Parallel Aware": false,"Async Capable": false,"Join Type": "Inner","Startup Cost": 6367.91,"Total Cost": 195912.46,"Plan Rows": 1859,"Plan Width": 8,"Actual Startup Time": 40.558,"Actual Total Time": 4848.756,"Actual Rows": 542,"Actual Loops": 1,"Inner Unique": true,"Hash Cond": "(lineitem.l_partkey = part.p_partkey)","Join Filter": "(lineitem.l_quantity < (SubPlan 1))","Rows Removed by Join Filter": 5154,"Plans": [{"Node Type": "Seq Scan","Parent Relationship": "Outer","Parallel Aware": false,"Async Capable": false,"Relation Name": "lineitem","Alias": "lineitem","Startup Cost": 0.00,"Total Cost": 172515.15,"Plan Rows": 6001215,"Plan Width": 17,"Actual Startup Time": 0.014,"Actual Total Time": 942.282,"Actual Rows": 6001215,"Actual Loops": 1},{"Node Type": "Hash","Parent Relationship": "Inner","Parallel Aware": false,"Async Capable": false,"Startup Cost": 6365.59,"Total Cost": 6365.59,"Plan Rows": 186,"Plan Width": 4,"Actual Startup Time": 31.767,"Actual Total Time": 32.180,"Actual Rows": 191,"Actual Loops": 1,"Hash Buckets": 1024,"Original Hash Buckets": 1024,"Hash Batches": 1,"Original Hash Batches": 1,"Peak Memory Usage": 15,"Plans": [{"Node Type": "Gather","Parent Relationship": "Outer","Parallel Aware": false,"Async Capable": false,"Startup Cost": 1000.00,"Total Cost": 6365.59,"Plan Rows": 186,"Plan Width": 4,"Actual Startup Time": 1.061,"Actual Total Time": 32.125,"Actual Rows": 191,"Actual Loops": 1,"Workers Planned": 2,"Workers Launched": 2,"Single Copy": false,"Plans": [{"Node Type": "Seq Scan","Parent Relationship": "Outer","Parallel Aware": true,"Async Capable": false,"Relation Name": "part","Alias": "part","Startup Cost": 0.00,"Total Cost": 5347.00,"Plan Rows": 77,"Plan Width": 4,"Actual Startup Time": 1.167,"Actual Total Time": 25.901,"Actual Rows": 64,"Actual Loops": 3,"Filter": "((p_brand = 'Brand#25'::bpchar) AND (p_container = 'JUMBO PKG'::bpchar))","Rows Removed by Filter": 66603,"Workers": []}]}]},{"Node Type": "Aggregate","Strategy": "Plain","Partial Mode": "Simple","Parent Relationship": "SubPlan","Subplan Name": "SubPlan 1","Parallel Aware": false,"Async Capable": false,"Startup Cost": 127.60,"Total Cost": 127.61,"Plan Rows": 1,"Plan Width": 32,"Actual Startup Time": 0.119,"Actual Total Time": 0.119,"Actual Rows": 1,"Actual Loops": 5696,"Plans": [{"Node Type": "Bitmap Heap Scan","Parent Relationship": "Outer","Parallel Aware": false,"Async Capable": false,"Relation Name": "lineitem","Alias": "lineitem_1","Startup Cost": 4.67,"Total Cost": 127.52,"Plan Rows": 31,"Plan Width": 5,"Actual Startup Time": 0.013,"Actual Total Time": 0.112,"Actual Rows": 31,"Actual Loops": 5696,"Recheck Cond": "(l_partkey = part.p_partkey)","Rows Removed by Index Recheck": 0,"Exact Heap Blocks": 176062,"Lossy Heap Blocks": 0,"Plans": [{"Node Type": "Bitmap Index Scan","Parent Relationship": "Outer","Parallel Aware": false,"Async Capable": false,"Index Name": "idx_lineitem_part_supp","Startup Cost": 0.00,"Total Cost": 4.67,"Plan Rows": 31,"Plan Width": 0,"Actual Startup Time": 0.007,"Actual Total Time": 0.007,"Actual Rows": 31,"Actual Loops": 5696,"Index Cond": "(l_partkey = part.p_partkey)"}]}]}]}]},"Planning Time": 5.156,"Triggers": [],"Execution Time": 4849.197}]
[{"Plan": {"Node Type": "Aggregate","Strategy": "Plain","Partial Mode": "Simple","Parallel Aware": false,"Async Capable": false,"Startup Cost": 195921.23,"Total Cost": 195921.24,"Plan Rows": 1,"Plan Width": 32,"Actual Startup Time": 4754.324,"Actual Total Time": 4754.929,"Actual Rows": 1,"Actual Loops": 1,"Plans": [{"Node Type": "Hash Join","Parent Relationship": "Outer","Parallel Aware": false,"Async Capable": false,"Join Type": "Inner","Startup Cost": 6371.28,"Total Cost": 195915.83,"Plan Rows": 2158,"Plan Width": 8,"Actual Startup Time": 46.653,"Actual Total Time": 4754.698,"Actual Rows": 467,"Actual Loops": 1,"Inner Unique": true,"Hash Cond": "(lineitem.l_partkey = part.p_partkey)","Join Filter": "(lineitem.l_quantity < (SubPlan 1))","Rows Removed by Join Filter": 4775,"Plans": [{"Node Type": "Seq Scan","Parent Relationship": "Outer","Parallel Aware": false,"Async Capable": false,"Relation Name": "lineitem","Alias": "lineitem","Startup Cost": 0.00,"Total Cost": 172515.15,"Plan Rows": 6001215,"Plan Width": 17,"Actual Startup Time": 0.017,"Actual Total Time": 1022.756,"Actual Rows": 6001215,"Actual Loops": 1},{"Node Type": "Hash","Parent Relationship": "Inner","Parallel Aware": false,"Async Capable": false,"Startup Cost": 6368.58,"Total Cost": 6368.58,"Plan Rows": 216,"Plan Width": 4,"Actual Startup Time": 31.479,"Actual Total Time": 32.071,"Actual Rows": 175,"Actual Loops": 1,"Hash Buckets": 1024,"Original Hash Buckets": 1024,"Hash Batches": 1,"Original Hash Batches": 1,"Peak Memory Usage": 15,"Plans": [{"Node Type": "Gather","Parent Relationship": "Outer","Parallel Aware": false,"Async Capable": false,"Startup Cost": 1000.00,"Total Cost": 6368.58,"Plan Rows": 216,"Plan Width": 4,"Actual Startup Time": 1.873,"Actual Total Time": 32.021,"Actual Rows": 175,"Actual Loops": 1,"Workers Planned": 2,"Workers Launched": 2,"Single Copy": false,"Plans": [{"Node Type": "Seq Scan","Parent Relationship": "Outer","Parallel Aware": true,"Async Capable": false,"Relation Name": "part","Alias": "part","Startup Cost": 0.00,"Total Cost": 5347.00,"Plan Rows": 90,"Plan Width": 4,"Actual Startup Time": 1.279,"Actual Total Time": 25.327,"Actual Rows": 58,"Actual Loops": 3,"Filter": "((p_brand = 'Brand#33'::bpchar) AND (p_container = 'SM JAR'::bpchar))","Rows Removed by Filter": 66608,"Workers": []}]}]},{"Node Type": "Aggregate","Strategy": "Plain","Partial Mode": "Simple","Parent Relationship": "SubPlan","Subplan Name": "SubPlan 1","Parallel Aware": false,"Async Capable": false,"Startup Cost": 127.60,"Total Cost": 127.61,"Plan Rows": 1,"Plan Width": 32,"Actual Startup Time": 0.139,"Actual Total Time": 0.139,"Actual Rows": 1,"Actual Loops": 5242,"Plans": [{"Node Type": "Bitmap Heap Scan","Parent Relationship": "Outer","Parallel Aware": false,"Async Capable": false,"Relation Name": "lineitem","Alias": "lineitem_1","Startup Cost": 4.67,"Total Cost": 127.52,"Plan Rows": 31,"Plan Width": 5,"Actual Startup Time": 0.014,"Actual Total Time": 0.132,"Actual Rows": 31,"Actual Loops": 5242,"Recheck Cond": "(l_partkey = part.p_partkey)","Rows Removed by Index Recheck": 0,"Exact Heap Blocks": 162279,"Lossy Heap Blocks": 0,"Plans": [{"Node Type": "Bitmap Index Scan","Parent Relationship": "Outer","Parallel Aware": false,"Async Capable": false,"Index Name": "idx_lineitem_part_supp","Startup Cost": 0.00,"Total Cost": 4.67,"Plan Rows": 31,"Plan Width": 0,"Actual Startup Time": 0.008,"Actual Total Time": 0.008,"Actual Rows": 31,"Actual Loops": 5242,"Index Cond": "(l_partkey = part.p_partkey)"}]}]}]}]},"Planning Time": 4.584,"Triggers": [],"Execution Time": 4755.196}]
[{"Plan": {"Node Type": "Aggregate","Strategy": "Plain","Partial Mode": "Simple","Parallel Aware": false,"Async Capable": false,"Startup Cost": 195919.18,"Total Cost": 195919.20,"Plan Rows": 1,"Plan Width": 32,"Actual Startup Time": 4870.748,"Actual Total Time": 4871.390,"Actual Rows": 1,"Actual Loops": 1,"Plans": [{"Node Type": "Hash Join","Parent Relationship": "Outer","Parallel Aware": false,"Async Capable": false,"Join Type": "Inner","Startup Cost": 6369.60,"Total Cost": 195914.16,"Plan Rows": 2010,"Plan Width": 8,"Actual Startup Time": 55.926,"Actual Total Time": 4871.067,"Actual Rows": 538,"Actual Loops": 1,"Inner Unique": true,"Hash Cond": "(lineitem.l_partkey = part.p_partkey)","Join Filter": "(lineitem.l_quantity < (SubPlan 1))","Rows Removed by Join Filter": 5200,"Plans": [{"Node Type": "Seq Scan","Parent Relationship": "Outer","Parallel Aware": false,"Async Capable": false,"Relation Name": "lineitem","Alias": "lineitem","Startup Cost": 0.00,"Total Cost": 172515.15,"Plan Rows": 6001215,"Plan Width": 17,"Actual Startup Time": 0.025,"Actual Total Time": 1026.872,"Actual Rows": 6001215,"Actual Loops": 1},{"Node Type": "Hash","Parent Relationship": "Inner","Parallel Aware": false,"Async Capable": false,"Startup Cost": 6367.09,"Total Cost": 6367.09,"Plan Rows": 201,"Plan Width": 4,"Actual Startup Time": 31.336,"Actual Total Time": 31.960,"Actual Rows": 192,"Actual Loops": 1,"Hash Buckets": 1024,"Original Hash Buckets": 1024,"Hash Batches": 1,"Original Hash Batches": 1,"Peak Memory Usage": 15,"Plans": [{"Node Type": "Gather","Parent Relationship": "Outer","Parallel Aware": false,"Async Capable": false,"Startup Cost": 1000.00,"Total Cost": 6367.09,"Plan Rows": 201,"Plan Width": 4,"Actual Startup Time": 5.821,"Actual Total Time": 31.882,"Actual Rows": 192,"Actual Loops": 1,"Workers Planned": 2,"Workers Launched": 2,"Single Copy": false,"Plans": [{"Node Type": "Seq Scan","Parent Relationship": "Outer","Parallel Aware": true,"Async Capable": false,"Relation Name": "part","Alias": "part","Startup Cost": 0.00,"Total Cost": 5347.00,"Plan Rows": 84,"Plan Width": 4,"Actual Startup Time": 1.902,"Actual Total Time": 25.604,"Actual Rows": 64,"Actual Loops": 3,"Filter": "((p_brand = 'Brand#11'::bpchar) AND (p_container = 'MED DRUM'::bpchar))","Rows Removed by Filter": 66603,"Workers": []}]}]},{"Node Type": "Aggregate","Strategy": "Plain","Partial Mode": "Simple","Parent Relationship": "SubPlan","Subplan Name": "SubPlan 1","Parallel Aware": false,"Async Capable": false,"Startup Cost": 127.60,"Total Cost": 127.61,"Plan Rows": 1,"Plan Width": 32,"Actual Startup Time": 0.137,"Actual Total Time": 0.137,"Actual Rows": 1,"Actual Loops": 5738,"Plans": [{"Node Type": "Bitmap Heap Scan","Parent Relationship": "Outer","Parallel Aware": false,"Async Capable": false,"Relation Name": "lineitem","Alias": "lineitem_1","Startup Cost": 4.67,"Total Cost": 127.52,"Plan Rows": 31,"Plan Width": 5,"Actual Startup Time": 0.014,"Actual Total Time": 0.130,"Actual Rows": 31,"Actual Loops": 5738,"Recheck Cond": "(l_partkey = part.p_partkey)","Rows Removed by Index Recheck": 0,"Exact Heap Blocks": 177070,"Lossy Heap Blocks": 0,"Plans": [{"Node Type": "Bitmap Index Scan","Parent Relationship": "Outer","Parallel Aware": false,"Async Capable": false,"Index Name": "idx_lineitem_part_supp","Startup Cost": 0.00,"Total Cost": 4.67,"Plan Rows": 31,"Plan Width": 0,"Actual Startup Time": 0.008,"Actual Total Time": 0.008,"Actual Rows": 31,"Actual Loops": 5738,"Index Cond": "(l_partkey = part.p_partkey)"}]}]}]}]},"Planning Time": 45.043,"Triggers": [],"Execution Time": 4871.801}]
[{"Plan": {"Node Type": "Aggregate","Strategy": "Plain","Partial Mode": "Simple","Parallel Aware": false,"Async Capable": false,"Startup Cost": 195918.70,"Total Cost": 195918.72,"Plan Rows": 1,"Plan Width": 32,"Actual Startup Time": 4859.655,"Actual Total Time": 4860.165,"Actual Rows": 1,"Actual Loops": 1,"Plans": [{"Node Type": "Hash Join","Parent Relationship": "Outer","Parallel Aware": false,"Async Capable": false,"Join Type": "Inner","Startup Cost": 6369.21,"Total Cost": 195913.76,"Plan Rows": 1975,"Plan Width": 8,"Actual Startup Time": 46.291,"Actual Total Time": 4859.907,"Actual Rows": 514,"Actual Loops": 1,"Inner Unique": true,"Hash Cond": "(lineitem.l_partkey = part.p_partkey)","Join Filter": "(lineitem.l_quantity < (SubPlan 1))","Rows Removed by Join Filter": 5264,"Plans": [{"Node Type": "Seq Scan","Parent Relationship": "Outer","Parallel Aware": false,"Async Capable": false,"Relation Name": "lineitem","Alias": "lineitem","Startup Cost": 0.00,"Total Cost": 172515.15,"Plan Rows": 6001215,"Plan Width": 17,"Actual Startup Time": 0.014,"Actual Total Time": 1023.467,"Actual Rows": 6001215,"Actual Loops": 1},{"Node Type": "Hash","Parent Relationship": "Inner","Parallel Aware": false,"Async Capable": false,"Startup Cost": 6366.74,"Total Cost": 6366.74,"Plan Rows": 197,"Plan Width": 4,"Actual Startup Time": 33.799,"Actual Total Time": 34.294,"Actual Rows": 197,"Actual Loops": 1,"Hash Buckets": 1024,"Original Hash Buckets": 1024,"Hash Batches": 1,"Original Hash Batches": 1,"Peak Memory Usage": 15,"Plans": [{"Node Type": "Gather","Parent Relationship": "Outer","Parallel Aware": false,"Async Capable": false,"Startup Cost": 1000.00,"Total Cost": 6366.74,"Plan Rows": 197,"Plan Width": 4,"Actual Startup Time": 1.577,"Actual Total Time": 34.238,"Actual Rows": 197,"Actual Loops": 1,"Workers Planned": 2,"Workers Launched": 2,"Single Copy": false,"Plans": [{"Node Type": "Seq Scan","Parent Relationship": "Outer","Parallel Aware": true,"Async Capable": false,"Relation Name": "part","Alias": "part","Startup Cost": 0.00,"Total Cost": 5347.00,"Plan Rows": 82,"Plan Width": 4,"Actual Startup Time": 0.807,"Actual Total Time": 27.747,"Actual Rows": 66,"Actual Loops": 3,"Filter": "((p_brand = 'Brand#31'::bpchar) AND (p_container = 'MED PKG'::bpchar))","Rows Removed by Filter": 66601,"Workers": []}]}]},{"Node Type": "Aggregate","Strategy": "Plain","Partial Mode": "Simple","Parent Relationship": "SubPlan","Subplan Name": "SubPlan 1","Parallel Aware": false,"Async Capable": false,"Startup Cost": 127.60,"Total Cost": 127.61,"Plan Rows": 1,"Plan Width": 32,"Actual Startup Time": 0.138,"Actual Total Time": 0.138,"Actual Rows": 1,"Actual Loops": 5778,"Plans": [{"Node Type": "Bitmap Heap Scan","Parent Relationship": "Outer","Parallel Aware": false,"Async Capable": false,"Relation Name": "lineitem","Alias": "lineitem_1","Startup Cost": 4.67,"Total Cost": 127.52,"Plan Rows": 31,"Plan Width": 5,"Actual Startup Time": 0.014,"Actual Total Time": 0.131,"Actual Rows": 30,"Actual Loops": 5778,"Recheck Cond": "(l_partkey = part.p_partkey)","Rows Removed by Index Recheck": 0,"Exact Heap Blocks": 174840,"Lossy Heap Blocks": 0,"Plans": [{"Node Type": "Bitmap Index Scan","Parent Relationship": "Outer","Parallel Aware": false,"Async Capable": false,"Index Name": "idx_lineitem_part_supp","Startup Cost": 0.00,"Total Cost": 4.67,"Plan Rows": 31,"Plan Width": 0,"Actual Startup Time": 0.008,"Actual Total Time": 0.008,"Actual Rows": 30,"Actual Loops": 5778,"Index Cond": "(l_partkey = part.p_partkey)"}]}]}]}]},"Planning Time": 4.608,"Triggers": [],"Execution Time": 4860.442}]
[{"Plan": {"Node Type": "Aggregate","Strategy": "Plain","Partial Mode": "Simple","Parallel Aware": false,"Async Capable": false,"Startup Cost": 195920.08,"Total Cost": 195920.09,"Plan Rows": 1,"Plan Width": 32,"Actual Startup Time": 4912.339,"Actual Total Time": 4912.980,"Actual Rows": 1,"Actual Loops": 1,"Plans": [{"Node Type": "Hash Join","Parent Relationship": "Outer","Parallel Aware": false,"Async Capable": false,"Join Type": "Inner","Startup Cost": 6370.33,"Total Cost": 195914.89,"Plan Rows": 2075,"Plan Width": 8,"Actual Startup Time": 62.730,"Actual Total Time": 4912.540,"Actual Rows": 610,"Actual Loops": 1,"Inner Unique": true,"Hash Cond": "(lineitem.l_partkey = part.p_partkey)","Join Filter": "(lineitem.l_quantity < (SubPlan 1))","Rows Removed by Join Filter": 5850,"Plans": [{"Node Type": "Seq Scan","Parent Relationship": "Outer","Parallel Aware": false,"Async Capable": false,"Relation Name": "lineitem","Alias": "lineitem","Startup Cost": 0.00,"Total Cost": 172515.15,"Plan Rows": 6001215,"Plan Width": 17,"Actual Startup Time": 0.015,"Actual Total Time": 975.432,"Actual Rows": 6001215,"Actual Loops": 1},{"Node Type": "Hash","Parent Relationship": "Inner","Parallel Aware": false,"Async Capable": false,"Startup Cost": 6367.74,"Total Cost": 6367.74,"Plan Rows": 207,"Plan Width": 4,"Actual Startup Time": 30.182,"Actual Total Time": 30.789,"Actual Rows": 216,"Actual Loops": 1,"Hash Buckets": 1024,"Original Hash Buckets": 1024,"Hash Batches": 1,"Original Hash Batches": 1,"Peak Memory Usage": 16,"Plans": [{"Node Type": "Gather","Parent Relationship": "Outer","Parallel Aware": false,"Async Capable": false,"Startup Cost": 1000.00,"Total Cost": 6367.74,"Plan Rows": 207,"Plan Width": 4,"Actual Startup Time": 1.108,"Actual Total Time": 30.729,"Actual Rows": 216,"Actual Loops": 1,"Workers Planned": 2,"Workers Launched": 2,"Single Copy": false,"Plans": [{"Node Type": "Seq Scan","Parent Relationship": "Outer","Parallel Aware": true,"Async Capable": false,"Relation Name": "part","Alias": "part","Startup Cost": 0.00,"Total Cost": 5347.00,"Plan Rows": 86,"Plan Width": 4,"Actual Startup Time": 0.619,"Actual Total Time": 24.567,"Actual Rows": 72,"Actual Loops": 3,"Filter": "((p_brand = 'Brand#44'::bpchar) AND (p_container = 'SM BAG'::bpchar))","Rows Removed by Filter": 66595,"Workers": []}]}]},{"Node Type": "Aggregate","Strategy": "Plain","Partial Mode": "Simple","Parent Relationship": "SubPlan","Subplan Name": "SubPlan 1","Parallel Aware": false,"Async Capable": false,"Startup Cost": 127.60,"Total Cost": 127.61,"Plan Rows": 1,"Plan Width": 32,"Actual Startup Time": 0.120,"Actual Total Time": 0.120,"Actual Rows": 1,"Actual Loops": 6460,"Plans": [{"Node Type": "Bitmap Heap Scan","Parent Relationship": "Outer","Parallel Aware": false,"Async Capable": false,"Relation Name": "lineitem","Alias": "lineitem_1","Startup Cost": 4.67,"Total Cost": 127.52,"Plan Rows": 31,"Plan Width": 5,"Actual Startup Time": 0.013,"Actual Total Time": 0.113,"Actual Rows": 31,"Actual Loops": 6460,"Recheck Cond": "(l_partkey = part.p_partkey)","Rows Removed by Index Recheck": 0,"Exact Heap Blocks": 200004,"Lossy Heap Blocks": 0,"Plans": [{"Node Type": "Bitmap Index Scan","Parent Relationship": "Outer","Parallel Aware": false,"Async Capable": false,"Index Name": "idx_lineitem_part_supp","Startup Cost": 0.00,"Total Cost": 4.67,"Plan Rows": 31,"Plan Width": 0,"Actual Startup Time": 0.007,"Actual Total Time": 0.007,"Actual Rows": 31,"Actual Loops": 6460,"Index Cond": "(l_partkey = part.p_partkey)"}]}]}]}]},"Planning Time": 4.457,"Triggers": [],"Execution Time": 4913.321}]
[{"Plan": {"Node Type": "Aggregate","Strategy": "Plain","Partial Mode": "Simple","Parallel Aware": false,"Async Capable": false,"Startup Cost": 195920.22,"Total Cost": 195920.23,"Plan Rows": 1,"Plan Width": 32,"Actual Startup Time": 4821.676,"Actual Total Time": 4822.328,"Actual Rows": 1,"Actual Loops": 1,"Plans": [{"Node Type": "Hash Join","Parent Relationship": "Outer","Parallel Aware": false,"Async Capable": false,"Join Type": "Inner","Startup Cost": 6370.45,"Total Cost": 195915.01,"Plan Rows": 2085,"Plan Width": 8,"Actual Startup Time": 41.282,"Actual Total Time": 4821.889,"Actual Rows": 515,"Actual Loops": 1,"Inner Unique": true,"Hash Cond": "(lineitem.l_partkey = part.p_partkey)","Join Filter": "(lineitem.l_quantity < (SubPlan 1))","Rows Removed by Join Filter": 5152,"Plans": [{"Node Type": "Seq Scan","Parent Relationship": "Outer","Parallel Aware": false,"Async Capable": false,"Relation Name": "lineitem","Alias": "lineitem","Startup Cost": 0.00,"Total Cost": 172515.15,"Plan Rows": 6001215,"Plan Width": 17,"Actual Startup Time": 0.021,"Actual Total Time": 981.791,"Actual Rows": 6001215,"Actual Loops": 1},{"Node Type": "Hash","Parent Relationship": "Inner","Parallel Aware": false,"Async Capable": false,"Startup Cost": 6367.85,"Total Cost": 6367.85,"Plan Rows": 208,"Plan Width": 4,"Actual Startup Time": 30.914,"Actual Total Time": 31.526,"Actual Rows": 188,"Actual Loops": 1,"Hash Buckets": 1024,"Original Hash Buckets": 1024,"Hash Batches": 1,"Original Hash Batches": 1,"Peak Memory Usage": 15,"Plans": [{"Node Type": "Gather","Parent Relationship": "Outer","Parallel Aware": false,"Async Capable": false,"Startup Cost": 1000.00,"Total Cost": 6367.85,"Plan Rows": 208,"Plan Width": 4,"Actual Startup Time": 1.378,"Actual Total Time": 31.459,"Actual Rows": 188,"Actual Loops": 1,"Workers Planned": 2,"Workers Launched": 2,"Single Copy": false,"Plans": [{"Node Type": "Seq Scan","Parent Relationship": "Outer","Parallel Aware": true,"Async Capable": false,"Relation Name": "part","Alias": "part","Startup Cost": 0.00,"Total Cost": 5347.00,"Plan Rows": 87,"Plan Width": 4,"Actual Startup Time": 1.250,"Actual Total Time": 25.366,"Actual Rows": 63,"Actual Loops": 3,"Filter": "((p_brand = 'Brand#13'::bpchar) AND (p_container = 'SM BAG'::bpchar))","Rows Removed by Filter": 66604,"Workers": []}]}]},{"Node Type": "Aggregate","Strategy": "Plain","Partial Mode": "Simple","Parent Relationship": "SubPlan","Subplan Name": "SubPlan 1","Parallel Aware": false,"Async Capable": false,"Startup Cost": 127.60,"Total Cost": 127.61,"Plan Rows": 1,"Plan Width": 32,"Actual Startup Time": 0.121,"Actual Total Time": 0.121,"Actual Rows": 1,"Actual Loops": 5667,"Plans": [{"Node Type": "Bitmap Heap Scan","Parent Relationship": "Outer","Parallel Aware": false,"Async Capable": false,"Relation Name": "lineitem","Alias": "lineitem_1","Startup Cost": 4.67,"Total Cost": 127.52,"Plan Rows": 31,"Plan Width": 5,"Actual Startup Time": 0.013,"Actual Total Time": 0.114,"Actual Rows": 31,"Actual Loops": 5667,"Recheck Cond": "(l_partkey = part.p_partkey)","Rows Removed by Index Recheck": 0,"Exact Heap Blocks": 176737,"Lossy Heap Blocks": 0,"Plans": [{"Node Type": "Bitmap Index Scan","Parent Relationship": "Outer","Parallel Aware": false,"Async Capable": false,"Index Name": "idx_lineitem_part_supp","Startup Cost": 0.00,"Total Cost": 4.67,"Plan Rows": 31,"Plan Width": 0,"Actual Startup Time": 0.007,"Actual Total Time": 0.007,"Actual Rows": 31,"Actual Loops": 5667,"Index Cond": "(l_partkey = part.p_partkey)"}]}]}]}]},"Planning Time": 4.688,"Triggers": [],"Execution Time": 4822.743}]
[{"Plan": {"Node Type": "Aggregate","Strategy": "Plain","Partial Mode": "Simple","Parallel Aware": false,"Async Capable": false,"Startup Cost": 195916.99,"Total Cost": 195917.00,"Plan Rows": 1,"Plan Width": 32,"Actual Startup Time": 4906.965,"Actual Total Time": 4907.622,"Actual Rows": 1,"Actual Loops": 1,"Plans": [{"Node Type": "Hash Join","Parent Relationship": "Outer","Parallel Aware": false,"Async Capable": false,"Join Type": "Inner","Startup Cost": 6367.81,"Total Cost": 195912.36,"Plan Rows": 1850,"Plan Width": 8,"Actual Startup Time": 68.186,"Actual Total Time": 4907.200,"Actual Rows": 602,"Actual Loops": 1,"Inner Unique": true,"Hash Cond": "(lineitem.l_partkey = part.p_partkey)","Join Filter": "(lineitem.l_quantity < (SubPlan 1))","Rows Removed by Join Filter": 5733,"Plans": [{"Node Type": "Seq Scan","Parent Relationship": "Outer","Parallel Aware": false,"Async Capable": false,"Relation Name": "lineitem","Alias": "lineitem","Startup Cost": 0.00,"Total Cost": 172515.15,"Plan Rows": 6001215,"Plan Width": 17,"Actual Startup Time": 0.017,"Actual Total Time": 976.064,"Actual Rows": 6001215,"Actual Loops": 1},{"Node Type": "Hash","Parent Relationship": "Inner","Parallel Aware": false,"Async Capable": false,"Startup Cost": 6365.50,"Total Cost": 6365.50,"Plan Rows": 185,"Plan Width": 4,"Actual Startup Time": 30.734,"Actual Total Time": 31.357,"Actual Rows": 207,"Actual Loops": 1,"Hash Buckets": 1024,"Original Hash Buckets": 1024,"Hash Batches": 1,"Original Hash Batches": 1,"Peak Memory Usage": 16,"Plans": [{"Node Type": "Gather","Parent Relationship": "Outer","Parallel Aware": false,"Async Capable": false,"Startup Cost": 1000.00,"Total Cost": 6365.50,"Plan Rows": 185,"Plan Width": 4,"Actual Startup Time": 1.386,"Actual Total Time": 31.293,"Actual Rows": 207,"Actual Loops": 1,"Workers Planned": 2,"Workers Launched": 2,"Single Copy": false,"Plans": [{"Node Type": "Seq Scan","Parent Relationship": "Outer","Parallel Aware": true,"Async Capable": false,"Relation Name": "part","Alias": "part","Startup Cost": 0.00,"Total Cost": 5347.00,"Plan Rows": 77,"Plan Width": 4,"Actual Startup Time": 0.609,"Actual Total Time": 25.158,"Actual Rows": 69,"Actual Loops": 3,"Filter": "((p_brand = 'Brand#32'::bpchar) AND (p_container = 'LG BAG'::bpchar))","Rows Removed by Filter": 66598,"Workers": []}]}]},{"Node Type": "Aggregate","Strategy": "Plain","Partial Mode": "Simple","Parent Relationship": "SubPlan","Subplan Name": "SubPlan 1","Parallel Aware": false,"Async Capable": false,"Startup Cost": 127.60,"Total Cost": 127.61,"Plan Rows": 1,"Plan Width": 32,"Actual Startup Time": 0.123,"Actual Total Time": 0.123,"Actual Rows": 1,"Actual Loops": 6335,"Plans": [{"Node Type": "Bitmap Heap Scan","Parent Relationship": "Outer","Parallel Aware": false,"Async Capable": false,"Relation Name": "lineitem","Alias": "lineitem_1","Startup Cost": 4.67,"Total Cost": 127.52,"Plan Rows": 31,"Plan Width": 5,"Actual Startup Time": 0.013,"Actual Total Time": 0.115,"Actual Rows": 32,"Actual Loops": 6335,"Recheck Cond": "(l_partkey = part.p_partkey)","Rows Removed by Index Recheck": 0,"Exact Heap Blocks": 200315,"Lossy Heap Blocks": 0,"Plans": [{"Node Type": "Bitmap Index Scan","Parent Relationship": "Outer","Parallel Aware": false,"Async Capable": false,"Index Name": "idx_lineitem_part_supp","Startup Cost": 0.00,"Total Cost": 4.67,"Plan Rows": 31,"Plan Width": 0,"Actual Startup Time": 0.007,"Actual Total Time": 0.007,"Actual Rows": 32,"Actual Loops": 6335,"Index Cond": "(l_partkey = part.p_partkey)"}]}]}]}]},"Planning Time": 4.560,"Triggers": [],"Execution Time": 4908.018}]
[{"Plan": {"Node Type": "Aggregate","Strategy": "Plain","Partial Mode": "Simple","Parallel Aware": false,"Async Capable": false,"Startup Cost": 195919.83,"Total Cost": 195919.85,"Plan Rows": 1,"Plan Width": 32,"Actual Startup Time": 4956.345,"Actual Total Time": 4956.851,"Actual Rows": 1,"Actual Loops": 1,"Plans": [{"Node Type": "Hash Join","Parent Relationship": "Outer","Parallel Aware": false,"Async Capable": false,"Join Type": "Inner","Startup Cost": 6370.14,"Total Cost": 195914.69,"Plan Rows": 2057,"Plan Width": 8,"Actual Startup Time": 35.731,"Actual Total Time": 4956.620,"Actual Rows": 546,"Actual Loops": 1,"Inner Unique": true,"Hash Cond": "(lineitem.l_partkey = part.p_partkey)","Join Filter": "(lineitem.l_quantity < (SubPlan 1))","Rows Removed by Join Filter": 5535,"Plans": [{"Node Type": "Seq Scan","Parent Relationship": "Outer","Parallel Aware": false,"Async Capable": false,"Relation Name": "lineitem","Alias": "lineitem","Startup Cost": 0.00,"Total Cost": 172515.15,"Plan Rows": 6001215,"Plan Width": 17,"Actual Startup Time": 0.012,"Actual Total Time": 1030.532,"Actual Rows": 6001215,"Actual Loops": 1},{"Node Type": "Hash","Parent Relationship": "Inner","Parallel Aware": false,"Async Capable": false,"Startup Cost": 6367.57,"Total Cost": 6367.57,"Plan Rows": 206,"Plan Width": 4,"Actual Startup Time": 32.960,"Actual Total Time": 33.444,"Actual Rows": 201,"Actual Loops": 1,"Hash Buckets": 1024,"Original Hash Buckets": 1024,"Hash Batches": 1,"Original Hash Batches": 1,"Peak Memory Usage": 16,"Plans": [{"Node Type": "Gather","Parent Relationship": "Outer","Parallel Aware": false,"Async Capable": false,"Startup Cost": 1000.00,"Total Cost": 6367.57,"Plan Rows": 206,"Plan Width": 4,"Actual Startup Time": 0.666,"Actual Total Time": 33.377,"Actual Rows": 201,"Actual Loops": 1,"Workers Planned": 2,"Workers Launched": 2,"Single Copy": false,"Plans": [{"Node Type": "Seq Scan","Parent Relationship": "Outer","Parallel Aware": true,"Async Capable": false,"Relation Name": "part","Alias": "part","Startup Cost": 0.00,"Total Cost": 5347.00,"Plan Rows": 86,"Plan Width": 4,"Actual Startup Time": 0.785,"Actual Total Time": 27.339,"Actual Rows": 67,"Actual Loops": 3,"Filter": "((p_brand = 'Brand#43'::bpchar) AND (p_container = 'JUMBO CAN'::bpchar))","Rows Removed by Filter": 66600,"Workers": []}]}]},{"Node Type": "Aggregate","Strategy": "Plain","Partial Mode": "Simple","Parent Relationship": "SubPlan","Subplan Name": "SubPlan 1","Parallel Aware": false,"Async Capable": false,"Startup Cost": 127.60,"Total Cost": 127.61,"Plan Rows": 1,"Plan Width": 32,"Actual Startup Time": 0.140,"Actual Total Time": 0.140,"Actual Rows": 1,"Actual Loops": 6081,"Plans": [{"Node Type": "Bitmap Heap Scan","Parent Relationship": "Outer","Parallel Aware": false,"Async Capable": false,"Relation Name": "lineitem","Alias": "lineitem_1","Startup Cost": 4.67,"Total Cost": 127.52,"Plan Rows": 31,"Plan Width": 5,"Actual Startup Time": 0.014,"Actual Total Time": 0.132,"Actual Rows": 31,"Actual Loops": 6081,"Recheck Cond": "(l_partkey = part.p_partkey)","Rows Removed by Index Recheck": 0,"Exact Heap Blocks": 189726,"Lossy Heap Blocks": 0,"Plans": [{"Node Type": "Bitmap Index Scan","Parent Relationship": "Outer","Parallel Aware": false,"Async Capable": false,"Index Name": "idx_lineitem_part_supp","Startup Cost": 0.00,"Total Cost": 4.67,"Plan Rows": 31,"Plan Width": 0,"Actual Startup Time": 0.008,"Actual Total Time": 0.008,"Actual Rows": 31,"Actual Loops": 6081,"Index Cond": "(l_partkey = part.p_partkey)"}]}]}]}]},"Planning Time": 4.651,"Triggers": [],"Execution Time": 4957.115}]
[{"Plan": {"Node Type": "Aggregate","Strategy": "Plain","Partial Mode": "Simple","Parallel Aware": false,"Async Capable": false,"Startup Cost": 195919.60,"Total Cost": 195919.62,"Plan Rows": 1,"Plan Width": 32,"Actual Startup Time": 4856.700,"Actual Total Time": 4857.322,"Actual Rows": 1,"Actual Loops": 1,"Plans": [{"Node Type": "Hash Join","Parent Relationship": "Outer","Parallel Aware": false,"Async Capable": false,"Join Type": "Inner","Startup Cost": 6369.95,"Total Cost": 195914.50,"Plan Rows": 2040,"Plan Width": 8,"Actual Startup Time": 35.320,"Actual Total Time": 4856.827,"Actual Rows": 509,"Actual Loops": 1,"Inner Unique": true,"Hash Cond": "(lineitem.l_partkey = part.p_partkey)","Join Filter": "(lineitem.l_quantity < (SubPlan 1))","Rows Removed by Join Filter": 5508,"Plans": [{"Node Type": "Seq Scan","Parent Relationship": "Outer","Parallel Aware": false,"Async Capable": false,"Relation Name": "lineitem","Alias": "lineitem","Startup Cost": 0.00,"Total Cost": 172515.15,"Plan Rows": 6001215,"Plan Width": 17,"Actual Startup Time": 0.017,"Actual Total Time": 977.925,"Actual Rows": 6001215,"Actual Loops": 1},{"Node Type": "Hash","Parent Relationship": "Inner","Parallel Aware": false,"Async Capable": false,"Startup Cost": 6367.40,"Total Cost": 6367.40,"Plan Rows": 204,"Plan Width": 4,"Actual Startup Time": 32.107,"Actual Total Time": 32.702,"Actual Rows": 194,"Actual Loops": 1,"Hash Buckets": 1024,"Original Hash Buckets": 1024,"Hash Batches": 1,"Original Hash Batches": 1,"Peak Memory Usage": 15,"Plans": [{"Node Type": "Gather","Parent Relationship": "Outer","Parallel Aware": false,"Async Capable": false,"Startup Cost": 1000.00,"Total Cost": 6367.40,"Plan Rows": 204,"Plan Width": 4,"Actual Startup Time": 0.719,"Actual Total Time": 32.642,"Actual Rows": 194,"Actual Loops": 1,"Workers Planned": 2,"Workers Launched": 2,"Single Copy": false,"Plans": [{"Node Type": "Seq Scan","Parent Relationship": "Outer","Parallel Aware": true,"Async Capable": false,"Relation Name": "part","Alias": "part","Startup Cost": 0.00,"Total Cost": 5347.00,"Plan Rows": 85,"Plan Width": 4,"Actual Startup Time": 0.766,"Actual Total Time": 26.476,"Actual Rows": 65,"Actual Loops": 3,"Filter": "((p_brand = 'Brand#14'::bpchar) AND (p_container = 'MED CASE'::bpchar))","Rows Removed by Filter": 66602,"Workers": []}]}]},{"Node Type": "Aggregate","Strategy": "Plain","Partial Mode": "Simple","Parent Relationship": "SubPlan","Subplan Name": "SubPlan 1","Parallel Aware": false,"Async Capable": false,"Startup Cost": 127.60,"Total Cost": 127.61,"Plan Rows": 1,"Plan Width": 32,"Actual Startup Time": 0.123,"Actual Total Time": 0.123,"Actual Rows": 1,"Actual Loops": 6017,"Plans": [{"Node Type": "Bitmap Heap Scan","Parent Relationship": "Outer","Parallel Aware": false,"Async Capable": false,"Relation Name": "lineitem","Alias": "lineitem_1","Startup Cost": 4.67,"Total Cost": 127.52,"Plan Rows": 31,"Plan Width": 5,"Actual Startup Time": 0.013,"Actual Total Time": 0.115,"Actual Rows": 32,"Actual Loops": 6017,"Recheck Cond": "(l_partkey = part.p_partkey)","Rows Removed by Index Recheck": 0,"Exact Heap Blocks": 193140,"Lossy Heap Blocks": 0,"Plans": [{"Node Type": "Bitmap Index Scan","Parent Relationship": "Outer","Parallel Aware": false,"Async Capable": false,"Index Name": "idx_lineitem_part_supp","Startup Cost": 0.00,"Total Cost": 4.67,"Plan Rows": 31,"Plan Width": 0,"Actual Startup Time": 0.007,"Actual Total Time": 0.007,"Actual Rows": 32,"Actual Loops": 6017,"Index Cond": "(l_partkey = part.p_partkey)"}]}]}]}]},"Planning Time": 5.394,"Triggers": [],"Execution Time": 4857.641}]
[{"Plan": {"Node Type": "Aggregate","Strategy": "Plain","Partial Mode": "Simple","Parallel Aware": false,"Async Capable": false,"Startup Cost": 195922.47,"Total Cost": 195922.49,"Plan Rows": 1,"Plan Width": 32,"Actual Startup Time": 4936.145,"Actual Total Time": 4936.685,"Actual Rows": 1,"Actual Loops": 1,"Plans": [{"Node Type": "Hash Join","Parent Relationship": "Outer","Parallel Aware": false,"Async Capable": false,"Join Type": "Inner","Startup Cost": 6372.30,"Total Cost": 195916.85,"Plan Rows": 2249,"Plan Width": 8,"Actual Startup Time": 58.718,"Actual Total Time": 4936.414,"Actual Rows": 584,"Actual Loops": 1,"Inner Unique": true,"Hash Cond": "(lineitem.l_partkey = part.p_partkey)","Join Filter": "(lineitem.l_quantity < (SubPlan 1))","Rows Removed by Join Filter": 5544,"Plans": [{"Node Type": "Seq Scan","Parent Relationship": "Outer","Parallel Aware": false,"Async Capable": false,"Relation Name": "lineitem","Alias": "lineitem","Startup Cost": 0.00,"Total Cost": 172515.15,"Plan Rows": 6001215,"Plan Width": 17,"Actual Startup Time": 0.026,"Actual Total Time": 1030.426,"Actual Rows": 6001215,"Actual Loops": 1},{"Node Type": "Hash","Parent Relationship": "Inner","Parallel Aware": false,"Async Capable": false,"Startup Cost": 6369.49,"Total Cost": 6369.49,"Plan Rows": 225,"Plan Width": 4,"Actual Startup Time": 32.261,"Actual Total Time": 32.787,"Actual Rows": 207,"Actual Loops": 1,"Hash Buckets": 1024,"Original Hash Buckets": 1024,"Hash Batches": 1,"Original Hash Batches": 1,"Peak Memory Usage": 16,"Plans": [{"Node Type": "Gather","Parent Relationship": "Outer","Parallel Aware": false,"Async Capable": false,"Startup Cost": 1000.00,"Total Cost": 6369.49,"Plan Rows": 225,"Plan Width": 4,"Actual Startup Time": 1.310,"Actual Total Time": 32.712,"Actual Rows": 207,"Actual Loops": 1,"Workers Planned": 2,"Workers Launched": 2,"Single Copy": false,"Plans": [{"Node Type": "Seq Scan","Parent Relationship": "Outer","Parallel Aware": true,"Async Capable": false,"Relation Name": "part","Alias": "part","Startup Cost": 0.00,"Total Cost": 5347.00,"Plan Rows": 94,"Plan Width": 4,"Actual Startup Time": 1.141,"Actual Total Time": 26.057,"Actual Rows": 69,"Actual Loops": 3,"Filter": "((p_brand = 'Brand#33'::bpchar) AND (p_container = 'SM BOX'::bpchar))","Rows Removed by Filter": 66598,"Workers": []}]}]},{"Node Type": "Aggregate","Strategy": "Plain","Partial Mode": "Simple","Parent Relationship": "SubPlan","Subplan Name": "SubPlan 1","Parallel Aware": false,"Async Capable": false,"Startup Cost": 127.60,"Total Cost": 127.61,"Plan Rows": 1,"Plan Width": 32,"Actual Startup Time": 0.139,"Actual Total Time": 0.139,"Actual Rows": 1,"Actual Loops": 6128,"Plans": [{"Node Type": "Bitmap Heap Scan","Parent Relationship": "Outer","Parallel Aware": false,"Async Capable": false,"Relation Name": "lineitem","Alias": "lineitem_1","Startup Cost": 4.67,"Total Cost": 127.52,"Plan Rows": 31,"Plan Width": 5,"Actual Startup Time": 0.014,"Actual Total Time": 0.132,"Actual Rows": 31,"Actual Loops": 6128,"Recheck Cond": "(l_partkey = part.p_partkey)","Rows Removed by Index Recheck": 0,"Exact Heap Blocks": 187282,"Lossy Heap Blocks": 0,"Plans": [{"Node Type": "Bitmap Index Scan","Parent Relationship": "Outer","Parallel Aware": false,"Async Capable": false,"Index Name": "idx_lineitem_part_supp","Startup Cost": 0.00,"Total Cost": 4.67,"Plan Rows": 31,"Plan Width": 0,"Actual Startup Time": 0.008,"Actual Total Time": 0.008,"Actual Rows": 31,"Actual Loops": 6128,"Index Cond": "(l_partkey = part.p_partkey)"}]}]}]}]},"Planning Time": 4.331,"Triggers": [],"Execution Time": 4936.957}]
[{"Plan": {"Node Type": "Aggregate","Strategy": "Plain","Partial Mode": "Simple","Parallel Aware": false,"Async Capable": false,"Startup Cost": 195918.44,"Total Cost": 195918.45,"Plan Rows": 1,"Plan Width": 32,"Actual Startup Time": 4935.088,"Actual Total Time": 4935.795,"Actual Rows": 1,"Actual Loops": 1,"Plans": [{"Node Type": "Hash Join","Parent Relationship": "Outer","Parallel Aware": false,"Async Capable": false,"Join Type": "Inner","Startup Cost": 6368.99,"Total Cost": 195913.55,"Plan Rows": 1955,"Plan Width": 8,"Actual Startup Time": 45.654,"Actual Total Time": 4935.361,"Actual Rows": 592,"Actual Loops": 1,"Inner Unique": true,"Hash Cond": "(lineitem.l_partkey = part.p_partkey)","Join Filter": "(lineitem.l_quantity < (SubPlan 1))","Rows Removed by Join Filter": 5858,"Plans": [{"Node Type": "Seq Scan","Parent Relationship": "Outer","Parallel Aware": false,"Async Capable": false,"Relation Name": "lineitem","Alias": "lineitem","Startup Cost": 0.00,"Total Cost": 172515.15,"Plan Rows": 6001215,"Plan Width": 17,"Actual Startup Time": 0.022,"Actual Total Time": 981.793,"Actual Rows": 6001215,"Actual Loops": 1},{"Node Type": "Hash","Parent Relationship": "Inner","Parallel Aware": false,"Async Capable": false,"Startup Cost": 6366.55,"Total Cost": 6366.55,"Plan Rows": 195,"Plan Width": 4,"Actual Startup Time": 33.213,"Actual Total Time": 33.883,"Actual Rows": 216,"Actual Loops": 1,"Hash Buckets": 1024,"Original Hash Buckets": 1024,"Hash Batches": 1,"Original Hash Batches": 1,"Peak Memory Usage": 16,"Plans": [{"Node Type": "Gather","Parent Relationship": "Outer","Parallel Aware": false,"Async Capable": false,"Startup Cost": 1000.00,"Total Cost": 6366.55,"Plan Rows": 195,"Plan Width": 4,"Actual Startup Time": 1.930,"Actual Total Time": 33.807,"Actual Rows": 216,"Actual Loops": 1,"Workers Planned": 2,"Workers Launched": 2,"Single Copy": false,"Plans": [{"Node Type": "Seq Scan","Parent Relationship": "Outer","Parallel Aware": true,"Async Capable": false,"Relation Name": "part","Alias": "part","Startup Cost": 0.00,"Total Cost": 5347.00,"Plan Rows": 81,"Plan Width": 4,"Actual Startup Time": 0.602,"Actual Total Time": 27.608,"Actual Rows": 72,"Actual Loops": 3,"Filter": "((p_brand = 'Brand#13'::bpchar) AND (p_container = 'LG PACK'::bpchar))","Rows Removed by Filter": 66595,"Workers": []}]}]},{"Node Type": "Aggregate","Strategy": "Plain","Partial Mode": "Simple","Parent Relationship": "SubPlan","Subplan Name": "SubPlan 1","Parallel Aware": false,"Async Capable": false,"Startup Cost": 127.60,"Total Cost": 127.61,"Plan Rows": 1,"Plan Width": 32,"Actual Startup Time": 0.120,"Actual Total Time": 0.120,"Actual Rows": 1,"Actual Loops": 6450,"Plans": [{"Node Type": "Bitmap Heap Scan","Parent Relationship": "Outer","Parallel Aware": false,"Async Capable": false,"Relation Name": "lineitem","Alias": "lineitem_1","Startup Cost": 4.67,"Total Cost": 127.52,"Plan Rows": 31,"Plan Width": 5,"Actual Startup Time": 0.013,"Actual Total Time": 0.113,"Actual Rows": 31,"Actual Loops": 6450,"Recheck Cond": "(l_partkey = part.p_partkey)","Rows Removed by Index Recheck": 0,"Exact Heap Blocks": 198768,"Lossy Heap Blocks": 0,"Plans": [{"Node Type": "Bitmap Index Scan","Parent Relationship": "Outer","Parallel Aware": false,"Async Capable": false,"Index Name": "idx_lineitem_part_supp","Startup Cost": 0.00,"Total Cost": 4.67,"Plan Rows": 31,"Plan Width": 0,"Actual Startup Time": 0.007,"Actual Total Time": 0.007,"Actual Rows": 31,"Actual Loops": 6450,"Index Cond": "(l_partkey = part.p_partkey)"}]}]}]}]},"Planning Time": 4.795,"Triggers": [],"Execution Time": 4936.209}]
[{"Plan": {"Node Type": "Aggregate","Strategy": "Plain","Partial Mode": "Simple","Parallel Aware": false,"Async Capable": false,"Startup Cost": 195918.24,"Total Cost": 195918.25,"Plan Rows": 1,"Plan Width": 32,"Actual Startup Time": 4674.598,"Actual Total Time": 4674.975,"Actual Rows": 1,"Actual Loops": 1,"Plans": [{"Node Type": "Hash Join","Parent Relationship": "Outer","Parallel Aware": false,"Async Capable": false,"Join Type": "Inner","Startup Cost": 6368.83,"Total Cost": 195913.38,"Plan Rows": 1941,"Plan Width": 8,"Actual Startup Time": 33.462,"Actual Total Time": 4674.751,"Actual Rows": 495,"Actual Loops": 1,"Inner Unique": true,"Hash Cond": "(lineitem.l_partkey = part.p_partkey)","Join Filter": "(lineitem.l_quantity < (SubPlan 1))","Rows Removed by Join Filter": 4991,"Plans": [{"Node Type": "Seq Scan","Parent Relationship": "Outer","Parallel Aware": false,"Async Capable": false,"Relation Name": "lineitem","Alias": "lineitem","Startup Cost": 0.00,"Total Cost": 172515.15,"Plan Rows": 6001215,"Plan Width": 17,"Actual Startup Time": 0.018,"Actual Total Time": 914.040,"Actual Rows": 6001215,"Actual Loops": 1},{"Node Type": "Hash","Parent Relationship": "Inner","Parallel Aware": false,"Async Capable": false,"Startup Cost": 6366.40,"Total Cost": 6366.40,"Plan Rows": 194,"Plan Width": 4,"Actual Startup Time": 32.429,"Actual Total Time": 32.793,"Actual Rows": 182,"Actual Loops": 1,"Hash Buckets": 1024,"Original Hash Buckets": 1024,"Hash Batches": 1,"Original Hash Batches": 1,"Peak Memory Usage": 15,"Plans": [{"Node Type": "Gather","Parent Relationship": "Outer","Parallel Aware": false,"Async Capable": false,"Startup Cost": 1000.00,"Total Cost": 6366.40,"Plan Rows": 194,"Plan Width": 4,"Actual Startup Time": 1.261,"Actual Total Time": 32.723,"Actual Rows": 182,"Actual Loops": 1,"Workers Planned": 2,"Workers Launched": 2,"Single Copy": false,"Plans": [{"Node Type": "Seq Scan","Parent Relationship": "Outer","Parallel Aware": true,"Async Capable": false,"Relation Name": "part","Alias": "part","Startup Cost": 0.00,"Total Cost": 5347.00,"Plan Rows": 81,"Plan Width": 4,"Actual Startup Time": 1.682,"Actual Total Time": 26.830,"Actual Rows": 61,"Actual Loops": 3,"Filter": "((p_brand = 'Brand#11'::bpchar) AND (p_container = 'WRAP PKG'::bpchar))","Rows Removed by Filter": 66606,"Workers": []}]}]},{"Node Type": "Aggregate","Strategy": "Plain","Partial Mode": "Simple","Parent Relationship": "SubPlan","Subplan Name": "SubPlan 1","Parallel Aware": false,"Async Capable": false,"Startup Cost": 127.60,"Total Cost": 127.61,"Plan Rows": 1,"Plan Width": 32,"Actual Startup Time": 0.113,"Actual Total Time": 0.113,"Actual Rows": 1,"Actual Loops": 5486,"Plans": [{"Node Type": "Bitmap Heap Scan","Parent Relationship": "Outer","Parallel Aware": false,"Async Capable": false,"Relation Name": "lineitem","Alias": "lineitem_1","Startup Cost": 4.67,"Total Cost": 127.52,"Plan Rows": 31,"Plan Width": 5,"Actual Startup Time": 0.013,"Actual Total Time": 0.106,"Actual Rows": 31,"Actual Loops": 5486,"Recheck Cond": "(l_partkey = part.p_partkey)","Rows Removed by Index Recheck": 0,"Exact Heap Blocks": 171543,"Lossy Heap Blocks": 0,"Plans": [{"Node Type": "Bitmap Index Scan","Parent Relationship": "Outer","Parallel Aware": false,"Async Capable": false,"Index Name": "idx_lineitem_part_supp","Startup Cost": 0.00,"Total Cost": 4.67,"Plan Rows": 31,"Plan Width": 0,"Actual Startup Time": 0.007,"Actual Total Time": 0.007,"Actual Rows": 31,"Actual Loops": 5486,"Index Cond": "(l_partkey = part.p_partkey)"}]}]}]}]},"Planning Time": 4.570,"Triggers": [],"Execution Time": 4675.244}]
[{"Plan": {"Node Type": "Aggregate","Strategy": "Plain","Partial Mode": "Simple","Parallel Aware": false,"Async Capable": false,"Startup Cost": 195917.78,"Total Cost": 195917.79,"Plan Rows": 1,"Plan Width": 32,"Actual Startup Time": 4892.197,"Actual Total Time": 4892.649,"Actual Rows": 1,"Actual Loops": 1,"Plans": [{"Node Type": "Hash Join","Parent Relationship": "Outer","Parallel Aware": false,"Async Capable": false,"Join Type": "Inner","Startup Cost": 6368.46,"Total Cost": 195913.01,"Plan Rows": 1908,"Plan Width": 8,"Actual Startup Time": 36.004,"Actual Total Time": 4892.480,"Actual Rows": 504,"Actual Loops": 1,"Inner Unique": true,"Hash Cond": "(lineitem.l_partkey = part.p_partkey)","Join Filter": "(lineitem.l_quantity < (SubPlan 1))","Rows Removed by Join Filter": 5506,"Plans": [{"Node Type": "Seq Scan","Parent Relationship": "Outer","Parallel Aware": false,"Async Capable": false,"Relation Name": "lineitem","Alias": "lineitem","Startup Cost": 0.00,"Total Cost": 172515.15,"Plan Rows": 6001215,"Plan Width": 17,"Actual Startup Time": 0.010,"Actual Total Time": 1024.029,"Actual Rows": 6001215,"Actual Loops": 1},{"Node Type": "Hash","Parent Relationship": "Inner","Parallel Aware": false,"Async Capable": false,"Startup Cost": 6366.07,"Total Cost": 6366.07,"Plan Rows": 191,"Plan Width": 4,"Actual Startup Time": 33.728,"Actual Total Time": 34.168,"Actual Rows": 199,"Actual Loops": 1,"Hash Buckets": 1024,"Original Hash Buckets": 1024,"Hash Batches": 1,"Original Hash Batches": 1,"Peak Memory Usage": 15,"Plans": [{"Node Type": "Gather","Parent Relationship": "Outer","Parallel Aware": false,"Async Capable": false,"Startup Cost": 1000.00,"Total Cost": 6366.07,"Plan Rows": 191,"Plan Width": 4,"Actual Startup Time": 1.517,"Actual Total Time": 34.090,"Actual Rows": 199,"Actual Loops": 1,"Workers Planned": 2,"Workers Launched": 2,"Single Copy": false,"Plans": [{"Node Type": "Seq Scan","Parent Relationship": "Outer","Parallel Aware": true,"Async Capable": false,"Relation Name": "part","Alias": "part","Startup Cost": 0.00,"Total Cost": 5347.00,"Plan Rows": 79,"Plan Width": 4,"Actual Startup Time": 0.440,"Actual Total Time": 27.580,"Actual Rows": 66,"Actual Loops": 3,"Filter": "((p_brand = 'Brand#13'::bpchar) AND (p_container = 'SM CASE'::bpchar))","Rows Removed by Filter": 66600,"Workers": []}]}]},{"Node Type": "Aggregate","Strategy": "Plain","Partial Mode": "Simple","Parent Relationship": "SubPlan","Subplan Name": "SubPlan 1","Parallel Aware": false,"Async Capable": false,"Startup Cost": 127.60,"Total Cost": 127.61,"Plan Rows": 1,"Plan Width": 32,"Actual Startup Time": 0.140,"Actual Total Time": 0.140,"Actual Rows": 1,"Actual Loops": 6010,"Plans": [{"Node Type": "Bitmap Heap Scan","Parent Relationship": "Outer","Parallel Aware": false,"Async Capable": false,"Relation Name": "lineitem","Alias": "lineitem_1","Startup Cost": 4.67,"Total Cost": 127.52,"Plan Rows": 31,"Plan Width": 5,"Actual Startup Time": 0.014,"Actual Total Time": 0.133,"Actual Rows": 31,"Actual Loops": 6010,"Recheck Cond": "(l_partkey = part.p_partkey)","Rows Removed by Index Recheck": 0,"Exact Heap Blocks": 187736,"Lossy Heap Blocks": 0,"Plans": [{"Node Type": "Bitmap Index Scan","Parent Relationship": "Outer","Parallel Aware": false,"Async Capable": false,"Index Name": "idx_lineitem_part_supp","Startup Cost": 0.00,"Total Cost": 4.67,"Plan Rows": 31,"Plan Width": 0,"Actual Startup Time": 0.008,"Actual Total Time": 0.008,"Actual Rows": 31,"Actual Loops": 6010,"Index Cond": "(l_partkey = part.p_partkey)"}]}]}]}]},"Planning Time": 4.658,"Triggers": [],"Execution Time": 4892.904}]
[{"Plan": {"Node Type": "Aggregate","Strategy": "Plain","Partial Mode": "Simple","Parallel Aware": false,"Async Capable": false,"Startup Cost": 195917.28,"Total Cost": 195917.29,"Plan Rows": 1,"Plan Width": 32,"Actual Startup Time": 4703.795,"Actual Total Time": 4704.418,"Actual Rows": 1,"Actual Loops": 1,"Plans": [{"Node Type": "Hash Join","Parent Relationship": "Outer","Parallel Aware": false,"Async Capable": false,"Join Type": "Inner","Startup Cost": 6368.04,"Total Cost": 195912.60,"Plan Rows": 1871,"Plan Width": 8,"Actual Startup Time": 39.410,"Actual Total Time": 4704.142,"Actual Rows": 455,"Actual Loops": 1,"Inner Unique": true,"Hash Cond": "(lineitem.l_partkey = part.p_partkey)","Join Filter": "(lineitem.l_quantity < (SubPlan 1))","Rows Removed by Join Filter": 4762,"Plans": [{"Node Type": "Seq Scan","Parent Relationship": "Outer","Parallel Aware": false,"Async Capable": false,"Relation Name": "lineitem","Alias": "lineitem","Startup Cost": 0.00,"Total Cost": 172515.15,"Plan Rows": 6001215,"Plan Width": 17,"Actual Startup Time": 0.018,"Actual Total Time": 941.625,"Actual Rows": 6001215,"Actual Loops": 1},{"Node Type": "Hash","Parent Relationship": "Inner","Parallel Aware": false,"Async Capable": false,"Startup Cost": 6365.70,"Total Cost": 6365.70,"Plan Rows": 187,"Plan Width": 4,"Actual Startup Time": 31.272,"Actual Total Time": 31.884,"Actual Rows": 177,"Actual Loops": 1,"Hash Buckets": 1024,"Original Hash Buckets": 1024,"Hash Batches": 1,"Original Hash Batches": 1,"Peak Memory Usage": 15,"Plans": [{"Node Type": "Gather","Parent Relationship": "Outer","Parallel Aware": false,"Async Capable": false,"Startup Cost": 1000.00,"Total Cost": 6365.70,"Plan Rows": 187,"Plan Width": 4,"Actual Startup Time": 1.970,"Actual Total Time": 31.792,"Actual Rows": 177,"Actual Loops": 1,"Workers Planned": 2,"Workers Launched": 2,"Single Copy": false,"Plans": [{"Node Type": "Seq Scan","Parent Relationship": "Outer","Parallel Aware": true,"Async Capable": false,"Relation Name": "part","Alias": "part","Startup Cost": 0.00,"Total Cost": 5347.00,"Plan Rows": 78,"Plan Width": 4,"Actual Startup Time": 0.815,"Actual Total Time": 25.291,"Actual Rows": 59,"Actual Loops": 3,"Filter": "((p_brand = 'Brand#54'::bpchar) AND (p_container = 'SM CASE'::bpchar))","Rows Removed by Filter": 66608,"Workers": []}]}]},{"Node Type": "Aggregate","Strategy": "Plain","Partial Mode": "Simple","Parent Relationship": "SubPlan","Subplan Name": "SubPlan 1","Parallel Aware": false,"Async Capable": false,"Startup Cost": 127.60,"Total Cost": 127.61,"Plan Rows": 1,"Plan Width": 32,"Actual Startup Time": 0.117,"Actual Total Time": 0.117,"Actual Rows": 1,"Actual Loops": 5217,"Plans": [{"Node Type": "Bitmap Heap Scan","Parent Relationship": "Outer","Parallel Aware": false,"Async Capable": false,"Relation Name": "lineitem","Alias": "lineitem_1","Startup Cost": 4.67,"Total Cost": 127.52,"Plan Rows": 31,"Plan Width": 5,"Actual Startup Time": 0.013,"Actual Total Time": 0.110,"Actual Rows": 30,"Actual Loops": 5217,"Recheck Cond": "(l_partkey = part.p_partkey)","Rows Removed by Index Recheck": 0,"Exact Heap Blocks": 159101,"Lossy Heap Blocks": 0,"Plans": [{"Node Type": "Bitmap Index Scan","Parent Relationship": "Outer","Parallel Aware": false,"Async Capable": false,"Index Name": "idx_lineitem_part_supp","Startup Cost": 0.00,"Total Cost": 4.67,"Plan Rows": 31,"Plan Width": 0,"Actual Startup Time": 0.007,"Actual Total Time": 0.007,"Actual Rows": 30,"Actual Loops": 5217,"Index Cond": "(l_partkey = part.p_partkey)"}]}]}]}]},"Planning Time": 4.665,"Triggers": [],"Execution Time": 4704.702}]
[{"Plan": {"Node Type": "Aggregate","Strategy": "Plain","Partial Mode": "Simple","Parallel Aware": false,"Async Capable": false,"Startup Cost": 195920.02,"Total Cost": 195920.03,"Plan Rows": 1,"Plan Width": 32,"Actual Startup Time": 4778.312,"Actual Total Time": 4778.865,"Actual Rows": 1,"Actual Loops": 1,"Plans": [{"Node Type": "Hash Join","Parent Relationship": "Outer","Parallel Aware": false,"Async Capable": false,"Join Type": "Inner","Startup Cost": 6370.29,"Total Cost": 195914.84,"Plan Rows": 2070,"Plan Width": 8,"Actual Startup Time": 37.793,"Actual Total Time": 4778.552,"Actual Rows": 493,"Actual Loops": 1,"Inner Unique": true,"Hash Cond": "(lineitem.l_partkey = part.p_partkey)","Join Filter": "(lineitem.l_quantity < (SubPlan 1))","Rows Removed by Join Filter": 5115,"Plans": [{"Node Type": "Seq Scan","Parent Relationship": "Outer","Parallel Aware": false,"Async Capable": false,"Relation Name": "lineitem","Alias": "lineitem","Startup Cost": 0.00,"Total Cost": 172515.15,"Plan Rows": 6001215,"Plan Width": 17,"Actual Startup Time": 0.011,"Actual Total Time": 943.335,"Actual Rows": 6001215,"Actual Loops": 1},{"Node Type": "Hash","Parent Relationship": "Inner","Parallel Aware": false,"Async Capable": false,"Startup Cost": 6367.70,"Total Cost": 6367.70,"Plan Rows": 207,"Plan Width": 4,"Actual Startup Time": 31.051,"Actual Total Time": 31.589,"Actual Rows": 189,"Actual Loops": 1,"Hash Buckets": 1024,"Original Hash Buckets": 1024,"Hash Batches": 1,"Original Hash Batches": 1,"Peak Memory Usage": 15,"Plans": [{"Node Type": "Gather","Parent Relationship": "Outer","Parallel Aware": false,"Async Capable": false,"Startup Cost": 1000.00,"Total Cost": 6367.70,"Plan Rows": 207,"Plan Width": 4,"Actual Startup Time": 0.903,"Actual Total Time": 31.533,"Actual Rows": 189,"Actual Loops": 1,"Workers Planned": 2,"Workers Launched": 2,"Single Copy": false,"Plans": [{"Node Type": "Seq Scan","Parent Relationship": "Outer","Parallel Aware": true,"Async Capable": false,"Relation Name": "part","Alias": "part","Startup Cost": 0.00,"Total Cost": 5347.00,"Plan Rows": 86,"Plan Width": 4,"Actual Startup Time": 0.696,"Actual Total Time": 25.412,"Actual Rows": 63,"Actual Loops": 3,"Filter": "((p_brand = 'Brand#33'::bpchar) AND (p_container = 'MED PKG'::bpchar))","Rows Removed by Filter": 66604,"Workers": []}]}]},{"Node Type": "Aggregate","Strategy": "Plain","Partial Mode": "Simple","Parent Relationship": "SubPlan","Subplan Name": "SubPlan 1","Parallel Aware": false,"Async Capable": false,"Startup Cost": 127.60,"Total Cost": 127.61,"Plan Rows": 1,"Plan Width": 32,"Actual Startup Time": 0.122,"Actual Total Time": 0.122,"Actual Rows": 1,"Actual Loops": 5608,"Plans": [{"Node Type": "Bitmap Heap Scan","Parent Relationship": "Outer","Parallel Aware": false,"Async Capable": false,"Relation Name": "lineitem","Alias": "lineitem_1","Startup Cost": 4.67,"Total Cost": 127.52,"Plan Rows": 31,"Plan Width": 5,"Actual Startup Time": 0.014,"Actual Total Time": 0.115,"Actual Rows": 31,"Actual Loops": 5608,"Recheck Cond": "(l_partkey = part.p_partkey)","Rows Removed by Index Recheck": 0,"Exact Heap Blocks": 171624,"Lossy Heap Blocks": 0,"Plans": [{"Node Type": "Bitmap Index Scan","Parent Relationship": "Outer","Parallel Aware": false,"Async Capable": false,"Index Name": "idx_lineitem_part_supp","Startup Cost": 0.00,"Total Cost": 4.67,"Plan Rows": 31,"Plan Width": 0,"Actual Startup Time": 0.007,"Actual Total Time": 0.007,"Actual Rows": 31,"Actual Loops": 5608,"Index Cond": "(l_partkey = part.p_partkey)"}]}]}]}]},"Planning Time": 5.561,"Triggers": [],"Execution Time": 4779.127}]
[{"Plan": {"Node Type": "Aggregate","Strategy": "Plain","Partial Mode": "Simple","Parallel Aware": false,"Async Capable": false,"Startup Cost": 195918.57,"Total Cost": 195918.58,"Plan Rows": 1,"Plan Width": 32,"Actual Startup Time": 4839.677,"Actual Total Time": 4840.336,"Actual Rows": 1,"Actual Loops": 1,"Plans": [{"Node Type": "Hash Join","Parent Relationship": "Outer","Parallel Aware": false,"Async Capable": false,"Join Type": "Inner","Startup Cost": 6369.10,"Total Cost": 195913.65,"Plan Rows": 1965,"Plan Width": 8,"Actual Startup Time": 44.646,"Actual Total Time": 4839.845,"Actual Rows": 569,"Actual Loops": 1,"Inner Unique": true,"Hash Cond": "(lineitem.l_partkey = part.p_partkey)","Join Filter": "(lineitem.l_quantity < (SubPlan 1))","Rows Removed by Join Filter": 5534,"Plans": [{"Node Type": "Seq Scan","Parent Relationship": "Outer","Parallel Aware": false,"Async Capable": false,"Relation Name": "lineitem","Alias": "lineitem","Startup Cost": 0.00,"Total Cost": 172515.15,"Plan Rows": 6001215,"Plan Width": 17,"Actual Startup Time": 0.019,"Actual Total Time": 938.527,"Actual Rows": 6001215,"Actual Loops": 1},{"Node Type": "Hash","Parent Relationship": "Inner","Parallel Aware": false,"Async Capable": false,"Startup Cost": 6366.65,"Total Cost": 6366.65,"Plan Rows": 196,"Plan Width": 4,"Actual Startup Time": 32.700,"Actual Total Time": 33.319,"Actual Rows": 202,"Actual Loops": 1,"Hash Buckets": 1024,"Original Hash Buckets": 1024,"Hash Batches": 1,"Original Hash Batches": 1,"Peak Memory Usage": 16,"Plans": [{"Node Type": "Gather","Parent Relationship": "Outer","Parallel Aware": false,"Async Capable": false,"Startup Cost": 1000.00,"Total Cost": 6366.65,"Plan Rows": 196,"Plan Width": 4,"Actual Startup Time": 1.022,"Actual Total Time": 33.246,"Actual Rows": 202,"Actual Loops": 1,"Workers Planned": 2,"Workers Launched": 2,"Single Copy": false,"Plans": [{"Node Type": "Seq Scan","Parent Relationship": "Outer","Parallel Aware": true,"Async Capable": false,"Relation Name": "part","Alias": "part","Startup Cost": 0.00,"Total Cost": 5347.00,"Plan Rows": 82,"Plan Width": 4,"Actual Startup Time": 1.805,"Actual Total Time": 27.019,"Actual Rows": 67,"Actual Loops": 3,"Filter": "((p_brand = 'Brand#24'::bpchar) AND (p_container = 'JUMBO PACK'::bpchar))","Rows Removed by Filter": 66599,"Workers": []}]}]},{"Node Type": "Aggregate","Strategy": "Plain","Partial Mode": "Simple","Parent Relationship": "SubPlan","Subplan Name": "SubPlan 1","Parallel Aware": false,"Async Capable": false,"Startup Cost": 127.60,"Total Cost": 127.61,"Plan Rows": 1,"Plan Width": 32,"Actual Startup Time": 0.123,"Actual Total Time": 0.123,"Actual Rows": 1,"Actual Loops": 6103,"Plans": [{"Node Type": "Bitmap Heap Scan","Parent Relationship": "Outer","Parallel Aware": false,"Async Capable": false,"Relation Name": "lineitem","Alias": "lineitem_1","Startup Cost": 4.67,"Total Cost": 127.52,"Plan Rows": 31,"Plan Width": 5,"Actual Startup Time": 0.013,"Actual Total Time": 0.116,"Actual Rows": 31,"Actual Loops": 6103,"Recheck Cond": "(l_partkey = part.p_partkey)","Rows Removed by Index Recheck": 0,"Exact Heap Blocks": 190585,"Lossy Heap Blocks": 0,"Plans": [{"Node Type": "Bitmap Index Scan","Parent Relationship": "Outer","Parallel Aware": false,"Async Capable": false,"Index Name": "idx_lineitem_part_supp","Startup Cost": 0.00,"Total Cost": 4.67,"Plan Rows": 31,"Plan Width": 0,"Actual Startup Time": 0.007,"Actual Total Time": 0.007,"Actual Rows": 31,"Actual Loops": 6103,"Index Cond": "(l_partkey = part.p_partkey)"}]}]}]}]},"Planning Time": 5.249,"Triggers": [],"Execution Time": 4840.764}]
[{"Plan": {"Node Type": "Aggregate","Strategy": "Plain","Partial Mode": "Simple","Parallel Aware": false,"Async Capable": false,"Startup Cost": 195914.97,"Total Cost": 195914.98,"Plan Rows": 1,"Plan Width": 32,"Actual Startup Time": 4840.422,"Actual Total Time": 4841.074,"Actual Rows": 1,"Actual Loops": 1,"Plans": [{"Node Type": "Hash Join","Parent Relationship": "Outer","Parallel Aware": false,"Async Capable": false,"Join Type": "Inner","Startup Cost": 6366.16,"Total Cost": 195910.71,"Plan Rows": 1703,"Plan Width": 8,"Actual Startup Time": 63.021,"Actual Total Time": 4840.725,"Actual Rows": 495,"Actual Loops": 1,"Inner Unique": true,"Hash Cond": "(lineitem.l_partkey = part.p_partkey)","Join Filter": "(lineitem.l_quantity < (SubPlan 1))","Rows Removed by Join Filter": 5264,"Plans": [{"Node Type": "Seq Scan","Parent Relationship": "Outer","Parallel Aware": false,"Async Capable": false,"Relation Name": "lineitem","Alias": "lineitem","Startup Cost": 0.00,"Total Cost": 172515.15,"Plan Rows": 6001215,"Plan Width": 17,"Actual Startup Time": 0.015,"Actual Total Time": 982.211,"Actual Rows": 6001215,"Actual Loops": 1},{"Node Type": "Hash","Parent Relationship": "Inner","Parallel Aware": false,"Async Capable": false,"Startup Cost": 6364.03,"Total Cost": 6364.03,"Plan Rows": 170,"Plan Width": 4,"Actual Startup Time": 32.894,"Actual Total Time": 33.501,"Actual Rows": 194,"Actual Loops": 1,"Hash Buckets": 1024,"Original Hash Buckets": 1024,"Hash Batches": 1,"Original Hash Batches": 1,"Peak Memory Usage": 15,"Plans": [{"Node Type": "Gather","Parent Relationship": "Outer","Parallel Aware": false,"Async Capable": false,"Startup Cost": 1000.00,"Total Cost": 6364.03,"Plan Rows": 170,"Plan Width": 4,"Actual Startup Time": 0.997,"Actual Total Time": 33.393,"Actual Rows": 194,"Actual Loops": 1,"Workers Planned": 2,"Workers Launched": 2,"Single Copy": false,"Plans": [{"Node Type": "Seq Scan","Parent Relationship": "Outer","Parallel Aware": true,"Async Capable": false,"Relation Name": "part","Alias": "part","Startup Cost": 0.00,"Total Cost": 5347.00,"Plan Rows": 71,"Plan Width": 4,"Actual Startup Time": 0.488,"Actual Total Time": 27.520,"Actual Rows": 65,"Actual Loops": 3,"Filter": "((p_brand = 'Brand#32'::bpchar) AND (p_container = 'WRAP PACK'::bpchar))","Rows Removed by Filter": 66602,"Workers": []}]}]},{"Node Type": "Aggregate","Strategy": "Plain","Partial Mode": "Simple","Parent Relationship": "SubPlan","Subplan Name": "SubPlan 1","Parallel Aware": false,"Async Capable": false,"Startup Cost": 127.60,"Total Cost": 127.61,"Plan Rows": 1,"Plan Width": 32,"Actual Startup Time": 0.122,"Actual Total Time": 0.122,"Actual Rows": 1,"Actual Loops": 5759,"Plans": [{"Node Type": "Bitmap Heap Scan","Parent Relationship": "Outer","Parallel Aware": false,"Async Capable": false,"Relation Name": "lineitem","Alias": "lineitem_1","Startup Cost": 4.67,"Total Cost": 127.52,"Plan Rows": 31,"Plan Width": 5,"Actual Startup Time": 0.013,"Actual Total Time": 0.115,"Actual Rows": 31,"Actual Loops": 5759,"Recheck Cond": "(l_partkey = part.p_partkey)","Rows Removed by Index Recheck": 0,"Exact Heap Blocks": 178582,"Lossy Heap Blocks": 0,"Plans": [{"Node Type": "Bitmap Index Scan","Parent Relationship": "Outer","Parallel Aware": false,"Async Capable": false,"Index Name": "idx_lineitem_part_supp","Startup Cost": 0.00,"Total Cost": 4.67,"Plan Rows": 31,"Plan Width": 0,"Actual Startup Time": 0.007,"Actual Total Time": 0.007,"Actual Rows": 31,"Actual Loops": 5759,"Index Cond": "(l_partkey = part.p_partkey)"}]}]}]}]},"Planning Time": 4.539,"Triggers": [],"Execution Time": 4841.523}]
[{"Plan": {"Node Type": "Aggregate","Strategy": "Plain","Partial Mode": "Simple","Parallel Aware": false,"Async Capable": false,"Startup Cost": 195917.84,"Total Cost": 195917.85,"Plan Rows": 1,"Plan Width": 32,"Actual Startup Time": 4879.734,"Actual Total Time": 4880.168,"Actual Rows": 1,"Actual Loops": 1,"Plans": [{"Node Type": "Hash Join","Parent Relationship": "Outer","Parallel Aware": false,"Async Capable": false,"Join Type": "Inner","Startup Cost": 6368.50,"Total Cost": 195913.05,"Plan Rows": 1912,"Plan Width": 8,"Actual Startup Time": 39.143,"Actual Total Time": 4879.933,"Actual Rows": 521,"Actual Loops": 1,"Inner Unique": true,"Hash Cond": "(lineitem.l_partkey = part.p_partkey)","Join Filter": "(lineitem.l_quantity < (SubPlan 1))","Rows Removed by Join Filter": 5385,"Plans": [{"Node Type": "Seq Scan","Parent Relationship": "Outer","Parallel Aware": false,"Async Capable": false,"Relation Name": "lineitem","Alias": "lineitem","Startup Cost": 0.00,"Total Cost": 172515.15,"Plan Rows": 6001215,"Plan Width": 17,"Actual Startup Time": 0.016,"Actual Total Time": 937.127,"Actual Rows": 6001215,"Actual Loops": 1},{"Node Type": "Hash","Parent Relationship": "Inner","Parallel Aware": false,"Async Capable": false,"Startup Cost": 6366.11,"Total Cost": 6366.11,"Plan Rows": 191,"Plan Width": 4,"Actual Startup Time": 32.616,"Actual Total Time": 33.030,"Actual Rows": 198,"Actual Loops": 1,"Hash Buckets": 1024,"Original Hash Buckets": 1024,"Hash Batches": 1,"Original Hash Batches": 1,"Peak Memory Usage": 15,"Plans": [{"Node Type": "Gather","Parent Relationship": "Outer","Parallel Aware": false,"Async Capable": false,"Startup Cost": 1000.00,"Total Cost": 6366.11,"Plan Rows": 191,"Plan Width": 4,"Actual Startup Time": 0.904,"Actual Total Time": 32.941,"Actual Rows": 198,"Actual Loops": 1,"Workers Planned": 2,"Workers Launched": 2,"Single Copy": false,"Plans": [{"Node Type": "Seq Scan","Parent Relationship": "Outer","Parallel Aware": true,"Async Capable": false,"Relation Name": "part","Alias": "part","Startup Cost": 0.00,"Total Cost": 5347.00,"Plan Rows": 80,"Plan Width": 4,"Actual Startup Time": 1.034,"Actual Total Time": 27.170,"Actual Rows": 66,"Actual Loops": 3,"Filter": "((p_brand = 'Brand#33'::bpchar) AND (p_container = 'WRAP PACK'::bpchar))","Rows Removed by Filter": 66601,"Workers": []}]}]},{"Node Type": "Aggregate","Strategy": "Plain","Partial Mode": "Simple","Parent Relationship": "SubPlan","Subplan Name": "SubPlan 1","Parallel Aware": false,"Async Capable": false,"Startup Cost": 127.60,"Total Cost": 127.61,"Plan Rows": 1,"Plan Width": 32,"Actual Startup Time": 0.122,"Actual Total Time": 0.122,"Actual Rows": 1,"Actual Loops": 5906,"Plans": [{"Node Type": "Bitmap Heap Scan","Parent Relationship": "Outer","Parallel Aware": false,"Async Capable": false,"Relation Name": "lineitem","Alias": "lineitem_1","Startup Cost": 4.67,"Total Cost": 127.52,"Plan Rows": 31,"Plan Width": 5,"Actual Startup Time": 0.013,"Actual Total Time": 0.114,"Actual Rows": 31,"Actual Loops": 5906,"Recheck Cond": "(l_partkey = part.p_partkey)","Rows Removed by Index Recheck": 0,"Exact Heap Blocks": 181432,"Lossy Heap Blocks": 0,"Plans": [{"Node Type": "Bitmap Index Scan","Parent Relationship": "Outer","Parallel Aware": false,"Async Capable": false,"Index Name": "idx_lineitem_part_supp","Startup Cost": 0.00,"Total Cost": 4.67,"Plan Rows": 31,"Plan Width": 0,"Actual Startup Time": 0.007,"Actual Total Time": 0.007,"Actual Rows": 31,"Actual Loops": 5906,"Index Cond": "(l_partkey = part.p_partkey)"}]}]}]}]},"Planning Time": 5.889,"Triggers": [],"Execution Time": 4880.409}]
[{"Plan": {"Node Type": "Aggregate","Strategy": "Plain","Partial Mode": "Simple","Parallel Aware": false,"Async Capable": false,"Startup Cost": 195918.95,"Total Cost": 195918.97,"Plan Rows": 1,"Plan Width": 32,"Actual Startup Time": 4850.445,"Actual Total Time": 4851.016,"Actual Rows": 1,"Actual Loops": 1,"Plans": [{"Node Type": "Hash Join","Parent Relationship": "Outer","Parallel Aware": false,"Async Capable": false,"Join Type": "Inner","Startup Cost": 6369.42,"Total Cost": 195913.97,"Plan Rows": 1993,"Plan Width": 8,"Actual Startup Time": 41.921,"Actual Total Time": 4850.769,"Actual Rows": 558,"Actual Loops": 1,"Inner Unique": true,"Hash Cond": "(lineitem.l_partkey = part.p_partkey)","Join Filter": "(lineitem.l_quantity < (SubPlan 1))","Rows Removed by Join Filter": 5750,"Plans": [{"Node Type": "Seq Scan","Parent Relationship": "Outer","Parallel Aware": false,"Async Capable": false,"Relation Name": "lineitem","Alias": "lineitem","Startup Cost": 0.00,"Total Cost": 172515.15,"Plan Rows": 6001215,"Plan Width": 17,"Actual Startup Time": 0.022,"Actual Total Time": 942.138,"Actual Rows": 6001215,"Actual Loops": 1},{"Node Type": "Hash","Parent Relationship": "Inner","Parallel Aware": false,"Async Capable": false,"Startup Cost": 6366.92,"Total Cost": 6366.92,"Plan Rows": 199,"Plan Width": 4,"Actual Startup Time": 32.161,"Actual Total Time": 32.717,"Actual Rows": 207,"Actual Loops": 1,"Hash Buckets": 1024,"Original Hash Buckets": 1024,"Hash Batches": 1,"Original Hash Batches": 1,"Peak Memory Usage": 16,"Plans": [{"Node Type": "Gather","Parent Relationship": "Outer","Parallel Aware": false,"Async Capable": false,"Startup Cost": 1000.00,"Total Cost": 6366.92,"Plan Rows": 199,"Plan Width": 4,"Actual Startup Time": 1.031,"Actual Total Time": 32.656,"Actual Rows": 207,"Actual Loops": 1,"Workers Planned": 2,"Workers Launched": 2,"Single Copy": false,"Plans": [{"Node Type": "Seq Scan","Parent Relationship": "Outer","Parallel Aware": true,"Async Capable": false,"Relation Name": "part","Alias": "part","Startup Cost": 0.00,"Total Cost": 5347.00,"Plan Rows": 83,"Plan Width": 4,"Actual Startup Time": 1.551,"Actual Total Time": 26.517,"Actual Rows": 69,"Actual Loops": 3,"Filter": "((p_brand = 'Brand#51'::bpchar) AND (p_container = 'MED DRUM'::bpchar))","Rows Removed by Filter": 66598,"Workers": []}]}]},{"Node Type": "Aggregate","Strategy": "Plain","Partial Mode": "Simple","Parent Relationship": "SubPlan","Subplan Name": "SubPlan 1","Parallel Aware": false,"Async Capable": false,"Startup Cost": 127.60,"Total Cost": 127.61,"Plan Rows": 1,"Plan Width": 32,"Actual Startup Time": 0.118,"Actual Total Time": 0.118,"Actual Rows": 1,"Actual Loops": 6308,"Plans": [{"Node Type": "Bitmap Heap Scan","Parent Relationship": "Outer","Parallel Aware": false,"Async Capable": false,"Relation Name": "lineitem","Alias": "lineitem_1","Startup Cost": 4.67,"Total Cost": 127.52,"Plan Rows": 31,"Plan Width": 5,"Actual Startup Time": 0.013,"Actual Total Time": 0.111,"Actual Rows": 32,"Actual Loops": 6308,"Recheck Cond": "(l_partkey = part.p_partkey)","Rows Removed by Index Recheck": 0,"Exact Heap Blocks": 198978,"Lossy Heap Blocks": 0,"Plans": [{"Node Type": "Bitmap Index Scan","Parent Relationship": "Outer","Parallel Aware": false,"Async Capable": false,"Index Name": "idx_lineitem_part_supp","Startup Cost": 0.00,"Total Cost": 4.67,"Plan Rows": 31,"Plan Width": 0,"Actual Startup Time": 0.007,"Actual Total Time": 0.007,"Actual Rows": 32,"Actual Loops": 6308,"Index Cond": "(l_partkey = part.p_partkey)"}]}]}]}]},"Planning Time": 5.158,"Triggers": [],"Execution Time": 4851.347}]
[{"Plan": {"Node Type": "Aggregate","Strategy": "Plain","Partial Mode": "Simple","Parallel Aware": false,"Async Capable": false,"Startup Cost": 195918.26,"Total Cost": 195918.28,"Plan Rows": 1,"Plan Width": 32,"Actual Startup Time": 4833.695,"Actual Total Time": 4834.377,"Actual Rows": 1,"Actual Loops": 1,"Plans": [{"Node Type": "Hash Join","Parent Relationship": "Outer","Parallel Aware": false,"Async Capable": false,"Join Type": "Inner","Startup Cost": 6368.85,"Total Cost": 195913.40,"Plan Rows": 1943,"Plan Width": 8,"Actual Startup Time": 42.170,"Actual Total Time": 4833.956,"Actual Rows": 510,"Actual Loops": 1,"Inner Unique": true,"Hash Cond": "(lineitem.l_partkey = part.p_partkey)","Join Filter": "(lineitem.l_quantity < (SubPlan 1))","Rows Removed by Join Filter": 5223,"Plans": [{"Node Type": "Seq Scan","Parent Relationship": "Outer","Parallel Aware": false,"Async Capable": false,"Relation Name": "lineitem","Alias": "lineitem","Startup Cost": 0.00,"Total Cost": 172515.15,"Plan Rows": 6001215,"Plan Width": 17,"Actual Startup Time": 0.015,"Actual Total Time": 970.226,"Actual Rows": 6001215,"Actual Loops": 1},{"Node Type": "Hash","Parent Relationship": "Inner","Parallel Aware": false,"Async Capable": false,"Startup Cost": 6366.42,"Total Cost": 6366.42,"Plan Rows": 194,"Plan Width": 4,"Actual Startup Time": 31.522,"Actual Total Time": 32.167,"Actual Rows": 190,"Actual Loops": 1,"Hash Buckets": 1024,"Original Hash Buckets": 1024,"Hash Batches": 1,"Original Hash Batches": 1,"Peak Memory Usage": 15,"Plans": [{"Node Type": "Gather","Parent Relationship": "Outer","Parallel Aware": false,"Async Capable": false,"Startup Cost": 1000.00,"Total Cost": 6366.42,"Plan Rows": 194,"Plan Width": 4,"Actual Startup Time": 0.493,"Actual Total Time": 32.105,"Actual Rows": 190,"Actual Loops": 1,"Workers Planned": 2,"Workers Launched": 2,"Single Copy": false,"Plans": [{"Node Type": "Seq Scan","Parent Relationship": "Outer","Parallel Aware": true,"Async Capable": false,"Relation Name": "part","Alias": "part","Startup Cost": 0.00,"Total Cost": 5347.00,"Plan Rows": 81,"Plan Width": 4,"Actual Startup Time": 0.458,"Actual Total Time": 25.864,"Actual Rows": 63,"Actual Loops": 3,"Filter": "((p_brand = 'Brand#53'::bpchar) AND (p_container = 'LG BAG'::bpchar))","Rows Removed by Filter": 66603,"Workers": []}]}]},{"Node Type": "Aggregate","Strategy": "Plain","Partial Mode": "Simple","Parent Relationship": "SubPlan","Subplan Name": "SubPlan 1","Parallel Aware": false,"Async Capable": false,"Startup Cost": 127.60,"Total Cost": 127.61,"Plan Rows": 1,"Plan Width": 32,"Actual Startup Time": 0.122,"Actual Total Time": 0.122,"Actual Rows": 1,"Actual Loops": 5733,"Plans": [{"Node Type": "Bitmap Heap Scan","Parent Relationship": "Outer","Parallel Aware": false,"Async Capable": false,"Relation Name": "lineitem","Alias": "lineitem_1","Startup Cost": 4.67,"Total Cost": 127.52,"Plan Rows": 31,"Plan Width": 5,"Actual Startup Time": 0.013,"Actual Total Time": 0.115,"Actual Rows": 31,"Actual Loops": 5733,"Recheck Cond": "(l_partkey = part.p_partkey)","Rows Removed by Index Recheck": 0,"Exact Heap Blocks": 178723,"Lossy Heap Blocks": 0,"Plans": [{"Node Type": "Bitmap Index Scan","Parent Relationship": "Outer","Parallel Aware": false,"Async Capable": false,"Index Name": "idx_lineitem_part_supp","Startup Cost": 0.00,"Total Cost": 4.67,"Plan Rows": 31,"Plan Width": 0,"Actual Startup Time": 0.007,"Actual Total Time": 0.007,"Actual Rows": 31,"Actual Loops": 5733,"Index Cond": "(l_partkey = part.p_partkey)"}]}]}]}]},"Planning Time": 4.641,"Triggers": [],"Execution Time": 4834.743}]
[{"Plan": {"Node Type": "Aggregate","Strategy": "Plain","Partial Mode": "Simple","Parallel Aware": false,"Async Capable": false,"Startup Cost": 195918.96,"Total Cost": 195918.97,"Plan Rows": 1,"Plan Width": 32,"Actual Startup Time": 4862.655,"Actual Total Time": 4863.084,"Actual Rows": 1,"Actual Loops": 1,"Plans": [{"Node Type": "Hash Join","Parent Relationship": "Outer","Parallel Aware": false,"Async Capable": false,"Join Type": "Inner","Startup Cost": 6369.42,"Total Cost": 195913.97,"Plan Rows": 1993,"Plan Width": 8,"Actual Startup Time": 62.256,"Actual Total Time": 4862.888,"Actual Rows": 533,"Actual Loops": 1,"Inner Unique": true,"Hash Cond": "(lineitem.l_partkey = part.p_partkey)","Join Filter": "(lineitem.l_quantity < (SubPlan 1))","Rows Removed by Join Filter": 5262,"Plans": [{"Node Type": "Seq Scan","Parent Relationship": "Outer","Parallel Aware": false,"Async Capable": false,"Relation Name": "lineitem","Alias": "lineitem","Startup Cost": 0.00,"Total Cost": 172515.15,"Plan Rows": 6001215,"Plan Width": 17,"Actual Startup Time": 0.014,"Actual Total Time": 948.221,"Actual Rows": 6001215,"Actual Loops": 1},{"Node Type": "Hash","Parent Relationship": "Inner","Parallel Aware": false,"Async Capable": false,"Startup Cost": 6366.93,"Total Cost": 6366.93,"Plan Rows": 199,"Plan Width": 4,"Actual Startup Time": 31.789,"Actual Total Time": 32.199,"Actual Rows": 194,"Actual Loops": 1,"Hash Buckets": 1024,"Original Hash Buckets": 1024,"Hash Batches": 1,"Original Hash Batches": 1,"Peak Memory Usage": 15,"Plans": [{"Node Type": "Gather","Parent Relationship": "Outer","Parallel Aware": false,"Async Capable": false,"Startup Cost": 1000.00,"Total Cost": 6366.93,"Plan Rows": 199,"Plan Width": 4,"Actual Startup Time": 4.511,"Actual Total Time": 32.135,"Actual Rows": 194,"Actual Loops": 1,"Workers Planned": 2,"Workers Launched": 2,"Single Copy": false,"Plans": [{"Node Type": "Seq Scan","Parent Relationship": "Outer","Parallel Aware": true,"Async Capable": false,"Relation Name": "part","Alias": "part","Startup Cost": 0.00,"Total Cost": 5347.00,"Plan Rows": 83,"Plan Width": 4,"Actual Startup Time": 3.173,"Actual Total Time": 26.115,"Actual Rows": 65,"Actual Loops": 3,"Filter": "((p_brand = 'Brand#22'::bpchar) AND (p_container = 'WRAP CASE'::bpchar))","Rows Removed by Filter": 66602,"Workers": []}]}]},{"Node Type": "Aggregate","Strategy": "Plain","Partial Mode": "Simple","Parent Relationship": "SubPlan","Subplan Name": "SubPlan 1","Parallel Aware": false,"Async Capable": false,"Startup Cost": 127.60,"Total Cost": 127.61,"Plan Rows": 1,"Plan Width": 32,"Actual Startup Time": 0.121,"Actual Total Time": 0.121,"Actual Rows": 1,"Actual Loops": 5795,"Plans": [{"Node Type": "Bitmap Heap Scan","Parent Relationship": "Outer","Parallel Aware": false,"Async Capable": false,"Relation Name": "lineitem","Alias": "lineitem_1","Startup Cost": 4.67,"Total Cost": 127.52,"Plan Rows": 31,"Plan Width": 5,"Actual Startup Time": 0.013,"Actual Total Time": 0.113,"Actual Rows": 31,"Actual Loops": 5795,"Recheck Cond": "(l_partkey = part.p_partkey)","Rows Removed by Index Recheck": 0,"Exact Heap Blocks": 178147,"Lossy Heap Blocks": 0,"Plans": [{"Node Type": "Bitmap Index Scan","Parent Relationship": "Outer","Parallel Aware": false,"Async Capable": false,"Index Name": "idx_lineitem_part_supp","Startup Cost": 0.00,"Total Cost": 4.67,"Plan Rows": 31,"Plan Width": 0,"Actual Startup Time": 0.007,"Actual Total Time": 0.007,"Actual Rows": 31,"Actual Loops": 5795,"Index Cond": "(l_partkey = part.p_partkey)"}]}]}]}]},"Planning Time": 5.012,"Triggers": [],"Execution Time": 4863.438}]
[{"Plan": {"Node Type": "Aggregate","Strategy": "Plain","Partial Mode": "Simple","Parallel Aware": false,"Async Capable": false,"Startup Cost": 195919.67,"Total Cost": 195919.68,"Plan Rows": 1,"Plan Width": 32,"Actual Startup Time": 4836.951,"Actual Total Time": 4837.538,"Actual Rows": 1,"Actual Loops": 1,"Plans": [{"Node Type": "Hash Join","Parent Relationship": "Outer","Parallel Aware": false,"Async Capable": false,"Join Type": "Inner","Startup Cost": 6370.00,"Total Cost": 195914.55,"Plan Rows": 2045,"Plan Width": 8,"Actual Startup Time": 34.964,"Actual Total Time": 4837.146,"Actual Rows": 533,"Actual Loops": 1,"Inner Unique": true,"Hash Cond": "(lineitem.l_partkey = part.p_partkey)","Join Filter": "(lineitem.l_quantity < (SubPlan 1))","Rows Removed by Join Filter": 5458,"Plans": [{"Node Type": "Seq Scan","Parent Relationship": "Outer","Parallel Aware": false,"Async Capable": false,"Relation Name": "lineitem","Alias": "lineitem","Startup Cost": 0.00,"Total Cost": 172515.15,"Plan Rows": 6001215,"Plan Width": 17,"Actual Startup Time": 0.014,"Actual Total Time": 977.456,"Actual Rows": 6001215,"Actual Loops": 1},{"Node Type": "Hash","Parent Relationship": "Inner","Parallel Aware": false,"Async Capable": false,"Startup Cost": 6367.44,"Total Cost": 6367.44,"Plan Rows": 204,"Plan Width": 4,"Actual Startup Time": 32.775,"Actual Total Time": 33.332,"Actual Rows": 200,"Actual Loops": 1,"Hash Buckets": 1024,"Original Hash Buckets": 1024,"Hash Batches": 1,"Original Hash Batches": 1,"Peak Memory Usage": 16,"Plans": [{"Node Type": "Gather","Parent Relationship": "Outer","Parallel Aware": false,"Async Capable": false,"Startup Cost": 1000.00,"Total Cost": 6367.44,"Plan Rows": 204,"Plan Width": 4,"Actual Startup Time": 2.156,"Actual Total Time": 33.235,"Actual Rows": 200,"Actual Loops": 1,"Workers Planned": 2,"Workers Launched": 2,"Single Copy": false,"Plans": [{"Node Type": "Seq Scan","Parent Relationship": "Outer","Parallel Aware": true,"Async Capable": false,"Relation Name": "part","Alias": "part","Startup Cost": 0.00,"Total Cost": 5347.00,"Plan Rows": 85,"Plan Width": 4,"Actual Startup Time": 1.479,"Actual Total Time": 27.334,"Actual Rows": 67,"Actual Loops": 3,"Filter": "((p_brand = 'Brand#54'::bpchar) AND (p_container = 'SM BAG'::bpchar))","Rows Removed by Filter": 66600,"Workers": []}]}]},{"Node Type": "Aggregate","Strategy": "Plain","Partial Mode": "Simple","Parent Relationship": "SubPlan","Subplan Name": "SubPlan 1","Parallel Aware": false,"Async Capable": false,"Startup Cost": 127.60,"Total Cost": 127.61,"Plan Rows": 1,"Plan Width": 32,"Actual Startup Time": 0.120,"Actual Total Time": 0.120,"Actual Rows": 1,"Actual Loops": 5991,"Plans": [{"Node Type": "Bitmap Heap Scan","Parent Relationship": "Outer","Parallel Aware": false,"Async Capable": false,"Relation Name": "lineitem","Alias": "lineitem_1","Startup Cost": 4.67,"Total Cost": 127.52,"Plan Rows": 31,"Plan Width": 5,"Actual Startup Time": 0.013,"Actual Total Time": 0.113,"Actual Rows": 31,"Actual Loops": 5991,"Recheck Cond": "(l_partkey = part.p_partkey)","Rows Removed by Index Recheck": 0,"Exact Heap Blocks": 185822,"Lossy Heap Blocks": 0,"Plans": [{"Node Type": "Bitmap Index Scan","Parent Relationship": "Outer","Parallel Aware": false,"Async Capable": false,"Index Name": "idx_lineitem_part_supp","Startup Cost": 0.00,"Total Cost": 4.67,"Plan Rows": 31,"Plan Width": 0,"Actual Startup Time": 0.007,"Actual Total Time": 0.007,"Actual Rows": 31,"Actual Loops": 5991,"Index Cond": "(l_partkey = part.p_partkey)"}]}]}]}]},"Planning Time": 5.922,"Triggers": [],"Execution Time": 4837.928}]
[{"Plan": {"Node Type": "Aggregate","Strategy": "Plain","Partial Mode": "Simple","Parallel Aware": false,"Async Capable": false,"Startup Cost": 195918.34,"Total Cost": 195918.35,"Plan Rows": 1,"Plan Width": 32,"Actual Startup Time": 4910.338,"Actual Total Time": 4911.079,"Actual Rows": 1,"Actual Loops": 1,"Plans": [{"Node Type": "Hash Join","Parent Relationship": "Outer","Parallel Aware": false,"Async Capable": false,"Join Type": "Inner","Startup Cost": 6368.91,"Total Cost": 195913.46,"Plan Rows": 1948,"Plan Width": 8,"Actual Startup Time": 38.062,"Actual Total Time": 4910.814,"Actual Rows": 536,"Actual Loops": 1,"Inner Unique": true,"Hash Cond": "(lineitem.l_partkey = part.p_partkey)","Join Filter": "(lineitem.l_quantity < (SubPlan 1))","Rows Removed by Join Filter": 5345,"Plans": [{"Node Type": "Seq Scan","Parent Relationship": "Outer","Parallel Aware": false,"Async Capable": false,"Relation Name": "lineitem","Alias": "lineitem","Startup Cost": 0.00,"Total Cost": 172515.15,"Plan Rows": 6001215,"Plan Width": 17,"Actual Startup Time": 0.020,"Actual Total Time": 1030.849,"Actual Rows": 6001215,"Actual Loops": 1},{"Node Type": "Hash","Parent Relationship": "Inner","Parallel Aware": false,"Async Capable": false,"Startup Cost": 6366.48,"Total Cost": 6366.48,"Plan Rows": 195,"Plan Width": 4,"Actual Startup Time": 32.590,"Actual Total Time": 33.313,"Actual Rows": 193,"Actual Loops": 1,"Hash Buckets": 1024,"Original Hash Buckets": 1024,"Hash Batches": 1,"Original Hash Batches": 1,"Peak Memory Usage": 15,"Plans": [{"Node Type": "Gather","Parent Relationship": "Outer","Parallel Aware": false,"Async Capable": false,"Startup Cost": 1000.00,"Total Cost": 6366.48,"Plan Rows": 195,"Plan Width": 4,"Actual Startup Time": 1.141,"Actual Total Time": 33.236,"Actual Rows": 193,"Actual Loops": 1,"Workers Planned": 2,"Workers Launched": 2,"Single Copy": false,"Plans": [{"Node Type": "Seq Scan","Parent Relationship": "Outer","Parallel Aware": true,"Async Capable": false,"Relation Name": "part","Alias": "part","Startup Cost": 0.00,"Total Cost": 5347.00,"Plan Rows": 81,"Plan Width": 4,"Actual Startup Time": 2.056,"Actual Total Time": 26.247,"Actual Rows": 64,"Actual Loops": 3,"Filter": "((p_brand = 'Brand#22'::bpchar) AND (p_container = 'LG CAN'::bpchar))","Rows Removed by Filter": 66602,"Workers": []}]}]},{"Node Type": "Aggregate","Strategy": "Plain","Partial Mode": "Simple","Parent Relationship": "SubPlan","Subplan Name": "SubPlan 1","Parallel Aware": false,"Async Capable": false,"Startup Cost": 127.60,"Total Cost": 127.61,"Plan Rows": 1,"Plan Width": 32,"Actual Startup Time": 0.141,"Actual Total Time": 0.141,"Actual Rows": 1,"Actual Loops": 5881,"Plans": [{"Node Type": "Bitmap Heap Scan","Parent Relationship": "Outer","Parallel Aware": false,"Async Capable": false,"Relation Name": "lineitem","Alias": "lineitem_1","Startup Cost": 4.67,"Total Cost": 127.52,"Plan Rows": 31,"Plan Width": 5,"Actual Startup Time": 0.014,"Actual Total Time": 0.133,"Actual Rows": 31,"Actual Loops": 5881,"Recheck Cond": "(l_partkey = part.p_partkey)","Rows Removed by Index Recheck": 0,"Exact Heap Blocks": 185063,"Lossy Heap Blocks": 0,"Plans": [{"Node Type": "Bitmap Index Scan","Parent Relationship": "Outer","Parallel Aware": false,"Async Capable": false,"Index Name": "idx_lineitem_part_supp","Startup Cost": 0.00,"Total Cost": 4.67,"Plan Rows": 31,"Plan Width": 0,"Actual Startup Time": 0.008,"Actual Total Time": 0.008,"Actual Rows": 31,"Actual Loops": 5881,"Index Cond": "(l_partkey = part.p_partkey)"}]}]}]}]},"Planning Time": 4.953,"Triggers": [],"Execution Time": 4911.401}]
[{"Plan": {"Node Type": "Aggregate","Strategy": "Plain","Partial Mode": "Simple","Parallel Aware": false,"Async Capable": false,"Startup Cost": 195918.01,"Total Cost": 195918.02,"Plan Rows": 1,"Plan Width": 32,"Actual Startup Time": 5094.258,"Actual Total Time": 5094.733,"Actual Rows": 1,"Actual Loops": 1,"Plans": [{"Node Type": "Hash Join","Parent Relationship": "Outer","Parallel Aware": false,"Async Capable": false,"Join Type": "Inner","Startup Cost": 6368.64,"Total Cost": 195913.20,"Plan Rows": 1924,"Plan Width": 8,"Actual Startup Time": 36.209,"Actual Total Time": 5094.505,"Actual Rows": 641,"Actual Loops": 1,"Inner Unique": true,"Hash Cond": "(lineitem.l_partkey = part.p_partkey)","Join Filter": "(lineitem.l_quantity < (SubPlan 1))","Rows Removed by Join Filter": 6321,"Plans": [{"Node Type": "Seq Scan","Parent Relationship": "Outer","Parallel Aware": false,"Async Capable": false,"Relation Name": "lineitem","Alias": "lineitem","Startup Cost": 0.00,"Total Cost": 172515.15,"Plan Rows": 6001215,"Plan Width": 17,"Actual Startup Time": 0.017,"Actual Total Time": 1031.320,"Actual Rows": 6001215,"Actual Loops": 1},{"Node Type": "Hash","Parent Relationship": "Inner","Parallel Aware": false,"Async Capable": false,"Startup Cost": 6366.24,"Total Cost": 6366.24,"Plan Rows": 192,"Plan Width": 4,"Actual Startup Time": 34.144,"Actual Total Time": 34.601,"Actual Rows": 233,"Actual Loops": 1,"Hash Buckets": 1024,"Original Hash Buckets": 1024,"Hash Batches": 1,"Original Hash Batches": 1,"Peak Memory Usage": 17,"Plans": [{"Node Type": "Gather","Parent Relationship": "Outer","Parallel Aware": false,"Async Capable": false,"Startup Cost": 1000.00,"Total Cost": 6366.24,"Plan Rows": 192,"Plan Width": 4,"Actual Startup Time": 1.574,"Actual Total Time": 34.542,"Actual Rows": 233,"Actual Loops": 1,"Workers Planned": 2,"Workers Launched": 2,"Single Copy": false,"Plans": [{"Node Type": "Seq Scan","Parent Relationship": "Outer","Parallel Aware": true,"Async Capable": false,"Relation Name": "part","Alias": "part","Startup Cost": 0.00,"Total Cost": 5347.00,"Plan Rows": 80,"Plan Width": 4,"Actual Startup Time": 1.645,"Actual Total Time": 28.258,"Actual Rows": 78,"Actual Loops": 3,"Filter": "((p_brand = 'Brand#44'::bpchar) AND (p_container = 'WRAP PKG'::bpchar))","Rows Removed by Filter": 66589,"Workers": []}]}]},{"Node Type": "Aggregate","Strategy": "Plain","Partial Mode": "Simple","Parent Relationship": "SubPlan","Subplan Name": "SubPlan 1","Parallel Aware": false,"Async Capable": false,"Startup Cost": 127.60,"Total Cost": 127.61,"Plan Rows": 1,"Plan Width": 32,"Actual Startup Time": 0.141,"Actual Total Time": 0.141,"Actual Rows": 1,"Actual Loops": 6962,"Plans": [{"Node Type": "Bitmap Heap Scan","Parent Relationship": "Outer","Parallel Aware": false,"Async Capable": false,"Relation Name": "lineitem","Alias": "lineitem_1","Startup Cost": 4.67,"Total Cost": 127.52,"Plan Rows": 31,"Plan Width": 5,"Actual Startup Time": 0.014,"Actual Total Time": 0.133,"Actual Rows": 31,"Actual Loops": 6962,"Recheck Cond": "(l_partkey = part.p_partkey)","Rows Removed by Index Recheck": 0,"Exact Heap Blocks": 213811,"Lossy Heap Blocks": 0,"Plans": [{"Node Type": "Bitmap Index Scan","Parent Relationship": "Outer","Parallel Aware": false,"Async Capable": false,"Index Name": "idx_lineitem_part_supp","Startup Cost": 0.00,"Total Cost": 4.67,"Plan Rows": 31,"Plan Width": 0,"Actual Startup Time": 0.008,"Actual Total Time": 0.008,"Actual Rows": 31,"Actual Loops": 6962,"Index Cond": "(l_partkey = part.p_partkey)"}]}]}]}]},"Planning Time": 5.007,"Triggers": [],"Execution Time": 5095.013}]
[{"Plan": {"Node Type": "Aggregate","Strategy": "Plain","Partial Mode": "Simple","Parallel Aware": false,"Async Capable": false,"Startup Cost": 195920.02,"Total Cost": 195920.03,"Plan Rows": 1,"Plan Width": 32,"Actual Startup Time": 4845.026,"Actual Total Time": 4845.727,"Actual Rows": 1,"Actual Loops": 1,"Plans": [{"Node Type": "Hash Join","Parent Relationship": "Outer","Parallel Aware": false,"Async Capable": false,"Join Type": "Inner","Startup Cost": 6370.29,"Total Cost": 195914.84,"Plan Rows": 2070,"Plan Width": 8,"Actual Startup Time": 84.479,"Actual Total Time": 4845.325,"Actual Rows": 532,"Actual Loops": 1,"Inner Unique": true,"Hash Cond": "(lineitem.l_partkey = part.p_partkey)","Join Filter": "(lineitem.l_quantity < (SubPlan 1))","Rows Removed by Join Filter": 5212,"Plans": [{"Node Type": "Seq Scan","Parent Relationship": "Outer","Parallel Aware": false,"Async Capable": false,"Relation Name": "lineitem","Alias": "lineitem","Startup Cost": 0.00,"Total Cost": 172515.15,"Plan Rows": 6001215,"Plan Width": 17,"Actual Startup Time": 0.023,"Actual Total Time": 983.266,"Actual Rows": 6001215,"Actual Loops": 1},{"Node Type": "Hash","Parent Relationship": "Inner","Parallel Aware": false,"Async Capable": false,"Startup Cost": 6367.70,"Total Cost": 6367.70,"Plan Rows": 207,"Plan Width": 4,"Actual Startup Time": 31.576,"Actual Total Time": 32.238,"Actual Rows": 191,"Actual Loops": 1,"Hash Buckets": 1024,"Original Hash Buckets": 1024,"Hash Batches": 1,"Original Hash Batches": 1,"Peak Memory Usage": 15,"Plans": [{"Node Type": "Gather","Parent Relationship": "Outer","Parallel Aware": false,"Async Capable": false,"Startup Cost": 1000.00,"Total Cost": 6367.70,"Plan Rows": 207,"Plan Width": 4,"Actual Startup Time": 0.997,"Actual Total Time": 32.156,"Actual Rows": 191,"Actual Loops": 1,"Workers Planned": 2,"Workers Launched": 2,"Single Copy": false,"Plans": [{"Node Type": "Seq Scan","Parent Relationship": "Outer","Parallel Aware": true,"Async Capable": false,"Relation Name": "part","Alias": "part","Startup Cost": 0.00,"Total Cost": 5347.00,"Plan Rows": 86,"Plan Width": 4,"Actual Startup Time": 0.749,"Actual Total Time": 25.867,"Actual Rows": 64,"Actual Loops": 3,"Filter": "((p_brand = 'Brand#33'::bpchar) AND (p_container = 'JUMBO PACK'::bpchar))","Rows Removed by Filter": 66603,"Workers": []}]}]},{"Node Type": "Aggregate","Strategy": "Plain","Partial Mode": "Simple","Parent Relationship": "SubPlan","Subplan Name": "SubPlan 1","Parallel Aware": false,"Async Capable": false,"Startup Cost": 127.60,"Total Cost": 127.61,"Plan Rows": 1,"Plan Width": 32,"Actual Startup Time": 0.123,"Actual Total Time": 0.123,"Actual Rows": 1,"Actual Loops": 5744,"Plans": [{"Node Type": "Bitmap Heap Scan","Parent Relationship": "Outer","Parallel Aware": false,"Async Capable": false,"Relation Name": "lineitem","Alias": "lineitem_1","Startup Cost": 4.67,"Total Cost": 127.52,"Plan Rows": 31,"Plan Width": 5,"Actual Startup Time": 0.013,"Actual Total Time": 0.115,"Actual Rows": 31,"Actual Loops": 5744,"Recheck Cond": "(l_partkey = part.p_partkey)","Rows Removed by Index Recheck": 0,"Exact Heap Blocks": 179192,"Lossy Heap Blocks": 0,"Plans": [{"Node Type": "Bitmap Index Scan","Parent Relationship": "Outer","Parallel Aware": false,"Async Capable": false,"Index Name": "idx_lineitem_part_supp","Startup Cost": 0.00,"Total Cost": 4.67,"Plan Rows": 31,"Plan Width": 0,"Actual Startup Time": 0.007,"Actual Total Time": 0.007,"Actual Rows": 31,"Actual Loops": 5744,"Index Cond": "(l_partkey = part.p_partkey)"}]}]}]}]},"Planning Time": 5.655,"Triggers": [],"Execution Time": 4846.213}]
[{"Plan": {"Node Type": "Aggregate","Strategy": "Plain","Partial Mode": "Simple","Parallel Aware": false,"Async Capable": false,"Startup Cost": 195916.50,"Total Cost": 195916.51,"Plan Rows": 1,"Plan Width": 32,"Actual Startup Time": 4959.969,"Actual Total Time": 4960.623,"Actual Rows": 1,"Actual Loops": 1,"Plans": [{"Node Type": "Hash Join","Parent Relationship": "Outer","Parallel Aware": false,"Async Capable": false,"Join Type": "Inner","Startup Cost": 6367.41,"Total Cost": 195911.96,"Plan Rows": 1814,"Plan Width": 8,"Actual Startup Time": 96.418,"Actual Total Time": 4960.224,"Actual Rows": 619,"Actual Loops": 1,"Inner Unique": true,"Hash Cond": "(lineitem.l_partkey = part.p_partkey)","Join Filter": "(lineitem.l_quantity < (SubPlan 1))","Rows Removed by Join Filter": 6040,"Plans": [{"Node Type": "Seq Scan","Parent Relationship": "Outer","Parallel Aware": false,"Async Capable": false,"Relation Name": "lineitem","Alias": "lineitem","Startup Cost": 0.00,"Total Cost": 172515.15,"Plan Rows": 6001215,"Plan Width": 17,"Actual Startup Time": 0.019,"Actual Total Time": 978.331,"Actual Rows": 6001215,"Actual Loops": 1},{"Node Type": "Hash","Parent Relationship": "Inner","Parallel Aware": false,"Async Capable": false,"Startup Cost": 6365.14,"Total Cost": 6365.14,"Plan Rows": 181,"Plan Width": 4,"Actual Startup Time": 32.938,"Actual Total Time": 33.559,"Actual Rows": 226,"Actual Loops": 1,"Hash Buckets": 1024,"Original Hash Buckets": 1024,"Hash Batches": 1,"Original Hash Batches": 1,"Peak Memory Usage": 16,"Plans": [{"Node Type": "Gather","Parent Relationship": "Outer","Parallel Aware": false,"Async Capable": false,"Startup Cost": 1000.00,"Total Cost": 6365.14,"Plan Rows": 181,"Plan Width": 4,"Actual Startup Time": 1.289,"Actual Total Time": 33.485,"Actual Rows": 226,"Actual Loops": 1,"Workers Planned": 2,"Workers Launched": 2,"Single Copy": false,"Plans": [{"Node Type": "Seq Scan","Parent Relationship": "Outer","Parallel Aware": true,"Async Capable": false,"Relation Name": "part","Alias": "part","Startup Cost": 0.00,"Total Cost": 5347.00,"Plan Rows": 76,"Plan Width": 4,"Actual Startup Time": 1.162,"Actual Total Time": 27.213,"Actual Rows": 75,"Actual Loops": 3,"Filter": "((p_brand = 'Brand#14'::bpchar) AND (p_container = 'WRAP PACK'::bpchar))","Rows Removed by Filter": 66591,"Workers": []}]}]},{"Node Type": "Aggregate","Strategy": "Plain","Partial Mode": "Simple","Parent Relationship": "SubPlan","Subplan Name": "SubPlan 1","Parallel Aware": false,"Async Capable": false,"Startup Cost": 127.60,"Total Cost": 127.61,"Plan Rows": 1,"Plan Width": 32,"Actual Startup Time": 0.122,"Actual Total Time": 0.122,"Actual Rows": 1,"Actual Loops": 6659,"Plans": [{"Node Type": "Bitmap Heap Scan","Parent Relationship": "Outer","Parallel Aware": false,"Async Capable": false,"Relation Name": "lineitem","Alias": "lineitem_1","Startup Cost": 4.67,"Total Cost": 127.52,"Plan Rows": 31,"Plan Width": 5,"Actual Startup Time": 0.013,"Actual Total Time": 0.115,"Actual Rows": 31,"Actual Loops": 6659,"Recheck Cond": "(l_partkey = part.p_partkey)","Rows Removed by Index Recheck": 0,"Exact Heap Blocks": 204340,"Lossy Heap Blocks": 0,"Plans": [{"Node Type": "Bitmap Index Scan","Parent Relationship": "Outer","Parallel Aware": false,"Async Capable": false,"Index Name": "idx_lineitem_part_supp","Startup Cost": 0.00,"Total Cost": 4.67,"Plan Rows": 31,"Plan Width": 0,"Actual Startup Time": 0.007,"Actual Total Time": 0.007,"Actual Rows": 31,"Actual Loops": 6659,"Index Cond": "(l_partkey = part.p_partkey)"}]}]}]}]},"Planning Time": 5.798,"Triggers": [],"Execution Time": 4961.029}]
[{"Plan": {"Node Type": "Aggregate","Strategy": "Plain","Partial Mode": "Simple","Parallel Aware": false,"Async Capable": false,"Startup Cost": 195921.93,"Total Cost": 195921.94,"Plan Rows": 1,"Plan Width": 32,"Actual Startup Time": 4876.386,"Actual Total Time": 4877.145,"Actual Rows": 1,"Actual Loops": 1,"Plans": [{"Node Type": "Hash Join","Parent Relationship": "Outer","Parallel Aware": false,"Async Capable": false,"Join Type": "Inner","Startup Cost": 6371.85,"Total Cost": 195916.40,"Plan Rows": 2209,"Plan Width": 8,"Actual Startup Time": 39.517,"Actual Total Time": 4876.592,"Actual Rows": 552,"Actual Loops": 1,"Inner Unique": true,"Hash Cond": "(lineitem.l_partkey = part.p_partkey)","Join Filter": "(lineitem.l_quantity < (SubPlan 1))","Rows Removed by Join Filter": 5647,"Plans": [{"Node Type": "Seq Scan","Parent Relationship": "Outer","Parallel Aware": false,"Async Capable": false,"Relation Name": "lineitem","Alias": "lineitem","Startup Cost": 0.00,"Total Cost": 172515.15,"Plan Rows": 6001215,"Plan Width": 17,"Actual Startup Time": 0.025,"Actual Total Time": 981.237,"Actual Rows": 6001215,"Actual Loops": 1},{"Node Type": "Hash","Parent Relationship": "Inner","Parallel Aware": false,"Async Capable": false,"Startup Cost": 6369.09,"Total Cost": 6369.09,"Plan Rows": 221,"Plan Width": 4,"Actual Startup Time": 32.633,"Actual Total Time": 33.354,"Actual Rows": 209,"Actual Loops": 1,"Hash Buckets": 1024,"Original Hash Buckets": 1024,"Hash Batches": 1,"Original Hash Batches": 1,"Peak Memory Usage": 16,"Plans": [{"Node Type": "Gather","Parent Relationship": "Outer","Parallel Aware": false,"Async Capable": false,"Startup Cost": 1000.00,"Total Cost": 6369.09,"Plan Rows": 221,"Plan Width": 4,"Actual Startup Time": 1.053,"Actual Total Time": 33.236,"Actual Rows": 209,"Actual Loops": 1,"Workers Planned": 2,"Workers Launched": 2,"Single Copy": false,"Plans": [{"Node Type": "Seq Scan","Parent Relationship": "Outer","Parallel Aware": true,"Async Capable": false,"Relation Name": "part","Alias": "part","Startup Cost": 0.00,"Total Cost": 5347.00,"Plan Rows": 92,"Plan Width": 4,"Actual Startup Time": 0.333,"Actual Total Time": 27.016,"Actual Rows": 70,"Actual Loops": 3,"Filter": "((p_brand = 'Brand#33'::bpchar) AND (p_container = 'JUMBO JAR'::bpchar))","Rows Removed by Filter": 66597,"Workers": []}]}]},{"Node Type": "Aggregate","Strategy": "Plain","Partial Mode": "Simple","Parent Relationship": "SubPlan","Subplan Name": "SubPlan 1","Parallel Aware": false,"Async Capable": false,"Startup Cost": 127.60,"Total Cost": 127.61,"Plan Rows": 1,"Plan Width": 32,"Actual Startup Time": 0.122,"Actual Total Time": 0.122,"Actual Rows": 1,"Actual Loops": 6199,"Plans": [{"Node Type": "Bitmap Heap Scan","Parent Relationship": "Outer","Parallel Aware": false,"Async Capable": false,"Relation Name": "lineitem","Alias": "lineitem_1","Startup Cost": 4.67,"Total Cost": 127.52,"Plan Rows": 31,"Plan Width": 5,"Actual Startup Time": 0.013,"Actual Total Time": 0.114,"Actual Rows": 31,"Actual Loops": 6199,"Recheck Cond": "(l_partkey = part.p_partkey)","Rows Removed by Index Recheck": 0,"Exact Heap Blocks": 189697,"Lossy Heap Blocks": 0,"Plans": [{"Node Type": "Bitmap Index Scan","Parent Relationship": "Outer","Parallel Aware": false,"Async Capable": false,"Index Name": "idx_lineitem_part_supp","Startup Cost": 0.00,"Total Cost": 4.67,"Plan Rows": 31,"Plan Width": 0,"Actual Startup Time": 0.007,"Actual Total Time": 0.007,"Actual Rows": 31,"Actual Loops": 6199,"Index Cond": "(l_partkey = part.p_partkey)"}]}]}]}]},"Planning Time": 6.055,"Triggers": [],"Execution Time": 4877.610}]
[{"Plan": {"Node Type": "Aggregate","Strategy": "Plain","Partial Mode": "Simple","Parallel Aware": false,"Async Capable": false,"Startup Cost": 195919.29,"Total Cost": 195919.30,"Plan Rows": 1,"Plan Width": 32,"Actual Startup Time": 4785.133,"Actual Total Time": 4785.765,"Actual Rows": 1,"Actual Loops": 1,"Plans": [{"Node Type": "Hash Join","Parent Relationship": "Outer","Parallel Aware": false,"Async Capable": false,"Join Type": "Inner","Startup Cost": 6369.69,"Total Cost": 195914.24,"Plan Rows": 2017,"Plan Width": 8,"Actual Startup Time": 63.695,"Actual Total Time": 4785.127,"Actual Rows": 479,"Actual Loops": 1,"Inner Unique": true,"Hash Cond": "(lineitem.l_partkey = part.p_partkey)","Join Filter": "(lineitem.l_quantity < (SubPlan 1))","Rows Removed by Join Filter": 4979,"Plans": [{"Node Type": "Seq Scan","Parent Relationship": "Outer","Parallel Aware": false,"Async Capable": false,"Relation Name": "lineitem","Alias": "lineitem","Startup Cost": 0.00,"Total Cost": 172515.15,"Plan Rows": 6001215,"Plan Width": 17,"Actual Startup Time": 0.017,"Actual Total Time": 977.566,"Actual Rows": 6001215,"Actual Loops": 1},{"Node Type": "Hash","Parent Relationship": "Inner","Parallel Aware": false,"Async Capable": false,"Startup Cost": 6367.17,"Total Cost": 6367.17,"Plan Rows": 202,"Plan Width": 4,"Actual Startup Time": 32.009,"Actual Total Time": 32.608,"Actual Rows": 180,"Actual Loops": 1,"Hash Buckets": 1024,"Original Hash Buckets": 1024,"Hash Batches": 1,"Original Hash Batches": 1,"Peak Memory Usage": 15,"Plans": [{"Node Type": "Gather","Parent Relationship": "Outer","Parallel Aware": false,"Async Capable": false,"Startup Cost": 1000.00,"Total Cost": 6367.17,"Plan Rows": 202,"Plan Width": 4,"Actual Startup Time": 1.183,"Actual Total Time": 32.513,"Actual Rows": 180,"Actual Loops": 1,"Workers Planned": 2,"Workers Launched": 2,"Single Copy": false,"Plans": [{"Node Type": "Seq Scan","Parent Relationship": "Outer","Parallel Aware": true,"Async Capable": false,"Relation Name": "part","Alias": "part","Startup Cost": 0.00,"Total Cost": 5347.00,"Plan Rows": 84,"Plan Width": 4,"Actual Startup Time": 0.402,"Actual Total Time": 26.572,"Actual Rows": 60,"Actual Loops": 3,"Filter": "((p_brand = 'Brand#42'::bpchar) AND (p_container = 'JUMBO BOX'::bpchar))","Rows Removed by Filter": 66607,"Workers": []}]}]},{"Node Type": "Aggregate","Strategy": "Plain","Partial Mode": "Simple","Parent Relationship": "SubPlan","Subplan Name": "SubPlan 1","Parallel Aware": false,"Async Capable": false,"Startup Cost": 127.60,"Total Cost": 127.61,"Plan Rows": 1,"Plan Width": 32,"Actual Startup Time": 0.122,"Actual Total Time": 0.122,"Actual Rows": 1,"Actual Loops": 5458,"Plans": [{"Node Type": "Bitmap Heap Scan","Parent Relationship": "Outer","Parallel Aware": false,"Async Capable": false,"Relation Name": "lineitem","Alias": "lineitem_1","Startup Cost": 4.67,"Total Cost": 127.52,"Plan Rows": 31,"Plan Width": 5,"Actual Startup Time": 0.013,"Actual Total Time": 0.115,"Actual Rows": 31,"Actual Loops": 5458,"Recheck Cond": "(l_partkey = part.p_partkey)","Rows Removed by Index Recheck": 0,"Exact Heap Blocks": 171110,"Lossy Heap Blocks": 0,"Plans": [{"Node Type": "Bitmap Index Scan","Parent Relationship": "Outer","Parallel Aware": false,"Async Capable": false,"Index Name": "idx_lineitem_part_supp","Startup Cost": 0.00,"Total Cost": 4.67,"Plan Rows": 31,"Plan Width": 0,"Actual Startup Time": 0.007,"Actual Total Time": 0.007,"Actual Rows": 31,"Actual Loops": 5458,"Index Cond": "(l_partkey = part.p_partkey)"}]}]}]}]},"Planning Time": 4.526,"Triggers": [],"Execution Time": 4786.112}]
[{"Plan": {"Node Type": "Aggregate","Strategy": "Plain","Partial Mode": "Simple","Parallel Aware": false,"Async Capable": false,"Startup Cost": 195919.11,"Total Cost": 195919.12,"Plan Rows": 1,"Plan Width": 32,"Actual Startup Time": 4812.345,"Actual Total Time": 4812.993,"Actual Rows": 1,"Actual Loops": 1,"Plans": [{"Node Type": "Hash Join","Parent Relationship": "Outer","Parallel Aware": false,"Async Capable": false,"Join Type": "Inner","Startup Cost": 6369.54,"Total Cost": 195914.10,"Plan Rows": 2004,"Plan Width": 8,"Actual Startup Time": 78.360,"Actual Total Time": 4812.622,"Actual Rows": 501,"Actual Loops": 1,"Inner Unique": true,"Hash Cond": "(lineitem.l_partkey = part.p_partkey)","Join Filter": "(lineitem.l_quantity < (SubPlan 1))","Rows Removed by Join Filter": 5070,"Plans": [{"Node Type": "Seq Scan","Parent Relationship": "Outer","Parallel Aware": false,"Async Capable": false,"Relation Name": "lineitem","Alias": "lineitem","Startup Cost": 0.00,"Total Cost": 172515.15,"Plan Rows": 6001215,"Plan Width": 17,"Actual Startup Time": 0.020,"Actual Total Time": 980.455,"Actual Rows": 6001215,"Actual Loops": 1},{"Node Type": "Hash","Parent Relationship": "Inner","Parallel Aware": false,"Async Capable": false,"Startup Cost": 6367.04,"Total Cost": 6367.04,"Plan Rows": 200,"Plan Width": 4,"Actual Startup Time": 33.156,"Actual Total Time": 33.755,"Actual Rows": 186,"Actual Loops": 1,"Hash Buckets": 1024,"Original Hash Buckets": 1024,"Hash Batches": 1,"Original Hash Batches": 1,"Peak Memory Usage": 15,"Plans": [{"Node Type": "Gather","Parent Relationship": "Outer","Parallel Aware": false,"Async Capable": false,"Startup Cost": 1000.00,"Total Cost": 6367.04,"Plan Rows": 200,"Plan Width": 4,"Actual Startup Time": 0.826,"Actual Total Time": 33.650,"Actual Rows": 186,"Actual Loops": 1,"Workers Planned": 2,"Workers Launched": 2,"Single Copy": false,"Plans": [{"Node Type": "Seq Scan","Parent Relationship": "Outer","Parallel Aware": true,"Async Capable": false,"Relation Name": "part","Alias": "part","Startup Cost": 0.00,"Total Cost": 5347.00,"Plan Rows": 83,"Plan Width": 4,"Actual Startup Time": 0.568,"Actual Total Time": 27.560,"Actual Rows": 62,"Actual Loops": 3,"Filter": "((p_brand = 'Brand#34'::bpchar) AND (p_container = 'SM PACK'::bpchar))","Rows Removed by Filter": 66605,"Workers": []}]}]},{"Node Type": "Aggregate","Strategy": "Plain","Partial Mode": "Simple","Parent Relationship": "SubPlan","Subplan Name": "SubPlan 1","Parallel Aware": false,"Async Capable": false,"Startup Cost": 127.60,"Total Cost": 127.61,"Plan Rows": 1,"Plan Width": 32,"Actual Startup Time": 0.123,"Actual Total Time": 0.123,"Actual Rows": 1,"Actual Loops": 5571,"Plans": [{"Node Type": "Bitmap Heap Scan","Parent Relationship": "Outer","Parallel Aware": false,"Async Capable": false,"Relation Name": "lineitem","Alias": "lineitem_1","Startup Cost": 4.67,"Total Cost": 127.52,"Plan Rows": 31,"Plan Width": 5,"Actual Startup Time": 0.013,"Actual Total Time": 0.115,"Actual Rows": 31,"Actual Loops": 5571,"Recheck Cond": "(l_partkey = part.p_partkey)","Rows Removed by Index Recheck": 0,"Exact Heap Blocks": 172947,"Lossy Heap Blocks": 0,"Plans": [{"Node Type": "Bitmap Index Scan","Parent Relationship": "Outer","Parallel Aware": false,"Async Capable": false,"Index Name": "idx_lineitem_part_supp","Startup Cost": 0.00,"Total Cost": 4.67,"Plan Rows": 31,"Plan Width": 0,"Actual Startup Time": 0.007,"Actual Total Time": 0.007,"Actual Rows": 31,"Actual Loops": 5571,"Index Cond": "(l_partkey = part.p_partkey)"}]}]}]}]},"Planning Time": 4.482,"Triggers": [],"Execution Time": 4813.370}]
[{"Plan": {"Node Type": "Aggregate","Strategy": "Plain","Partial Mode": "Simple","Parallel Aware": false,"Async Capable": false,"Startup Cost": 195919.67,"Total Cost": 195919.68,"Plan Rows": 1,"Plan Width": 32,"Actual Startup Time": 4863.754,"Actual Total Time": 4864.375,"Actual Rows": 1,"Actual Loops": 1,"Plans": [{"Node Type": "Hash Join","Parent Relationship": "Outer","Parallel Aware": false,"Async Capable": false,"Join Type": "Inner","Startup Cost": 6370.00,"Total Cost": 195914.55,"Plan Rows": 2045,"Plan Width": 8,"Actual Startup Time": 55.454,"Actual Total Time": 4863.869,"Actual Rows": 575,"Actual Loops": 1,"Inner Unique": true,"Hash Cond": "(lineitem.l_partkey = part.p_partkey)","Join Filter": "(lineitem.l_quantity < (SubPlan 1))","Rows Removed by Join Filter": 5371,"Plans": [{"Node Type": "Seq Scan","Parent Relationship": "Outer","Parallel Aware": false,"Async Capable": false,"Relation Name": "lineitem","Alias": "lineitem","Startup Cost": 0.00,"Total Cost": 172515.15,"Plan Rows": 6001215,"Plan Width": 17,"Actual Startup Time": 0.019,"Actual Total Time": 979.776,"Actual Rows": 6001215,"Actual Loops": 1},{"Node Type": "Hash","Parent Relationship": "Inner","Parallel Aware": false,"Async Capable": false,"Startup Cost": 6367.45,"Total Cost": 6367.45,"Plan Rows": 204,"Plan Width": 4,"Actual Startup Time": 30.560,"Actual Total Time": 31.151,"Actual Rows": 197,"Actual Loops": 1,"Hash Buckets": 1024,"Original Hash Buckets": 1024,"Hash Batches": 1,"Original Hash Batches": 1,"Peak Memory Usage": 15,"Plans": [{"Node Type": "Gather","Parent Relationship": "Outer","Parallel Aware": false,"Async Capable": false,"Startup Cost": 1000.00,"Total Cost": 6367.45,"Plan Rows": 204,"Plan Width": 4,"Actual Startup Time": 2.722,"Actual Total Time": 31.084,"Actual Rows": 197,"Actual Loops": 1,"Workers Planned": 2,"Workers Launched": 2,"Single Copy": false,"Plans": [{"Node Type": "Seq Scan","Parent Relationship": "Outer","Parallel Aware": true,"Async Capable": false,"Relation Name": "part","Alias": "part","Startup Cost": 0.00,"Total Cost": 5347.00,"Plan Rows": 85,"Plan Width": 4,"Actual Startup Time": 1.549,"Actual Total Time": 24.758,"Actual Rows": 66,"Actual Loops": 3,"Filter": "((p_brand = 'Brand#41'::bpchar) AND (p_container = 'MED DRUM'::bpchar))","Rows Removed by Filter": 66601,"Workers": []}]}]},{"Node Type": "Aggregate","Strategy": "Plain","Partial Mode": "Simple","Parent Relationship": "SubPlan","Subplan Name": "SubPlan 1","Parallel Aware": false,"Async Capable": false,"Startup Cost": 127.60,"Total Cost": 127.61,"Plan Rows": 1,"Plan Width": 32,"Actual Startup Time": 0.123,"Actual Total Time": 0.123,"Actual Rows": 1,"Actual Loops": 5946,"Plans": [{"Node Type": "Bitmap Heap Scan","Parent Relationship": "Outer","Parallel Aware": false,"Async Capable": false,"Relation Name": "lineitem","Alias": "lineitem_1","Startup Cost": 4.67,"Total Cost": 127.52,"Plan Rows": 31,"Plan Width": 5,"Actual Startup Time": 0.013,"Actual Total Time": 0.116,"Actual Rows": 31,"Actual Loops": 5946,"Recheck Cond": "(l_partkey = part.p_partkey)","Rows Removed by Index Recheck": 0,"Exact Heap Blocks": 184735,"Lossy Heap Blocks": 0,"Plans": [{"Node Type": "Bitmap Index Scan","Parent Relationship": "Outer","Parallel Aware": false,"Async Capable": false,"Index Name": "idx_lineitem_part_supp","Startup Cost": 0.00,"Total Cost": 4.67,"Plan Rows": 31,"Plan Width": 0,"Actual Startup Time": 0.007,"Actual Total Time": 0.007,"Actual Rows": 31,"Actual Loops": 5946,"Index Cond": "(l_partkey = part.p_partkey)"}]}]}]}]},"Planning Time": 5.065,"Triggers": [],"Execution Time": 4864.786}]
[{"Plan": {"Node Type": "Aggregate","Strategy": "Plain","Partial Mode": "Simple","Parallel Aware": false,"Async Capable": false,"Startup Cost": 195918.19,"Total Cost": 195918.20,"Plan Rows": 1,"Plan Width": 32,"Actual Startup Time": 4799.655,"Actual Total Time": 4800.227,"Actual Rows": 1,"Actual Loops": 1,"Plans": [{"Node Type": "Hash Join","Parent Relationship": "Outer","Parallel Aware": false,"Async Capable": false,"Join Type": "Inner","Startup Cost": 6368.79,"Total Cost": 195913.34,"Plan Rows": 1937,"Plan Width": 8,"Actual Startup Time": 37.423,"Actual Total Time": 4800.021,"Actual Rows": 542,"Actual Loops": 1,"Inner Unique": true,"Hash Cond": "(lineitem.l_partkey = part.p_partkey)","Join Filter": "(lineitem.l_quantity < (SubPlan 1))","Rows Removed by Join Filter": 5121,"Plans": [{"Node Type": "Seq Scan","Parent Relationship": "Outer","Parallel Aware": false,"Async Capable": false,"Relation Name": "lineitem","Alias": "lineitem","Startup Cost": 0.00,"Total Cost": 172515.15,"Plan Rows": 6001215,"Plan Width": 17,"Actual Startup Time": 0.012,"Actual Total Time": 1021.342,"Actual Rows": 6001215,"Actual Loops": 1},{"Node Type": "Hash","Parent Relationship": "Inner","Parallel Aware": false,"Async Capable": false,"Startup Cost": 6366.37,"Total Cost": 6366.37,"Plan Rows": 194,"Plan Width": 4,"Actual Startup Time": 33.800,"Actual Total Time": 34.354,"Actual Rows": 189,"Actual Loops": 1,"Hash Buckets": 1024,"Original Hash Buckets": 1024,"Hash Batches": 1,"Original Hash Batches": 1,"Peak Memory Usage": 15,"Plans": [{"Node Type": "Gather","Parent Relationship": "Outer","Parallel Aware": false,"Async Capable": false,"Startup Cost": 1000.00,"Total Cost": 6366.37,"Plan Rows": 194,"Plan Width": 4,"Actual Startup Time": 4.537,"Actual Total Time": 34.294,"Actual Rows": 189,"Actual Loops": 1,"Workers Planned": 2,"Workers Launched": 2,"Single Copy": false,"Plans": [{"Node Type": "Seq Scan","Parent Relationship": "Outer","Parallel Aware": true,"Async Capable": false,"Relation Name": "part","Alias": "part","Startup Cost": 0.00,"Total Cost": 5347.00,"Plan Rows": 81,"Plan Width": 4,"Actual Startup Time": 2.214,"Actual Total Time": 27.709,"Actual Rows": 63,"Actual Loops": 3,"Filter": "((p_brand = 'Brand#53'::bpchar) AND (p_container = 'WRAP PKG'::bpchar))","Rows Removed by Filter": 66604,"Workers": []}]}]},{"Node Type": "Aggregate","Strategy": "Plain","Partial Mode": "Simple","Parent Relationship": "SubPlan","Subplan Name": "SubPlan 1","Parallel Aware": false,"Async Capable": false,"Startup Cost": 127.60,"Total Cost": 127.61,"Plan Rows": 1,"Plan Width": 32,"Actual Startup Time": 0.129,"Actual Total Time": 0.129,"Actual Rows": 1,"Actual Loops": 5663,"Plans": [{"Node Type": "Bitmap Heap Scan","Parent Relationship": "Outer","Parallel Aware": false,"Async Capable": false,"Relation Name": "lineitem","Alias": "lineitem_1","Startup Cost": 4.67,"Total Cost": 127.52,"Plan Rows": 31,"Plan Width": 5,"Actual Startup Time": 0.014,"Actual Total Time": 0.122,"Actual Rows": 31,"Actual Loops": 5663,"Recheck Cond": "(l_partkey = part.p_partkey)","Rows Removed by Index Recheck": 0,"Exact Heap Blocks": 175511,"Lossy Heap Blocks": 0,"Plans": [{"Node Type": "Bitmap Index Scan","Parent Relationship": "Outer","Parallel Aware": false,"Async Capable": false,"Index Name": "idx_lineitem_part_supp","Startup Cost": 0.00,"Total Cost": 4.67,"Plan Rows": 31,"Plan Width": 0,"Actual Startup Time": 0.008,"Actual Total Time": 0.008,"Actual Rows": 31,"Actual Loops": 5663,"Index Cond": "(l_partkey = part.p_partkey)"}]}]}]}]},"Planning Time": 5.774,"Triggers": [],"Execution Time": 4800.550}]
[{"Plan": {"Node Type": "Aggregate","Strategy": "Plain","Partial Mode": "Simple","Parallel Aware": false,"Async Capable": false,"Startup Cost": 195917.95,"Total Cost": 195917.97,"Plan Rows": 1,"Plan Width": 32,"Actual Startup Time": 5036.361,"Actual Total Time": 5037.067,"Actual Rows": 1,"Actual Loops": 1,"Plans": [{"Node Type": "Hash Join","Parent Relationship": "Outer","Parallel Aware": false,"Async Capable": false,"Join Type": "Inner","Startup Cost": 6368.60,"Total Cost": 195913.15,"Plan Rows": 1920,"Plan Width": 8,"Actual Startup Time": 54.996,"Actual Total Time": 5036.629,"Actual Rows": 546,"Actual Loops": 1,"Inner Unique": true,"Hash Cond": "(lineitem.l_partkey = part.p_partkey)","Join Filter": "(lineitem.l_quantity < (SubPlan 1))","Rows Removed by Join Filter": 5556,"Plans": [{"Node Type": "Seq Scan","Parent Relationship": "Outer","Parallel Aware": false,"Async Capable": false,"Relation Name": "lineitem","Alias": "lineitem","Startup Cost": 0.00,"Total Cost": 172515.15,"Plan Rows": 6001215,"Plan Width": 17,"Actual Startup Time": 0.020,"Actual Total Time": 1008.311,"Actual Rows": 6001215,"Actual Loops": 1},{"Node Type": "Hash","Parent Relationship": "Inner","Parallel Aware": false,"Async Capable": false,"Startup Cost": 6366.20,"Total Cost": 6366.20,"Plan Rows": 192,"Plan Width": 4,"Actual Startup Time": 34.588,"Actual Total Time": 35.244,"Actual Rows": 204,"Actual Loops": 1,"Hash Buckets": 1024,"Original Hash Buckets": 1024,"Hash Batches": 1,"Original Hash Batches": 1,"Peak Memory Usage": 16,"Plans": [{"Node Type": "Gather","Parent Relationship": "Outer","Parallel Aware": false,"Async Capable": false,"Startup Cost": 1000.00,"Total Cost": 6366.20,"Plan Rows": 192,"Plan Width": 4,"Actual Startup Time": 1.080,"Actual Total Time": 35.147,"Actual Rows": 204,"Actual Loops": 1,"Workers Planned": 2,"Workers Launched": 2,"Single Copy": false,"Plans": [{"Node Type": "Seq Scan","Parent Relationship": "Outer","Parallel Aware": true,"Async Capable": false,"Relation Name": "part","Alias": "part","Startup Cost": 0.00,"Total Cost": 5347.00,"Plan Rows": 80,"Plan Width": 4,"Actual Startup Time": 1.126,"Actual Total Time": 28.427,"Actual Rows": 68,"Actual Loops": 3,"Filter": "((p_brand = 'Brand#54'::bpchar) AND (p_container = 'WRAP BOX'::bpchar))","Rows Removed by Filter": 66599,"Workers": []}]}]},{"Node Type": "Aggregate","Strategy": "Plain","Partial Mode": "Simple","Parent Relationship": "SubPlan","Subplan Name": "SubPlan 1","Parallel Aware": false,"Async Capable": false,"Startup Cost": 127.60,"Total Cost": 127.61,"Plan Rows": 1,"Plan Width": 32,"Actual Startup Time": 0.142,"Actual Total Time": 0.142,"Actual Rows": 1,"Actual Loops": 6102,"Plans": [{"Node Type": "Bitmap Heap Scan","Parent Relationship": "Outer","Parallel Aware": false,"Async Capable": false,"Relation Name": "lineitem","Alias": "lineitem_1","Startup Cost": 4.67,"Total Cost": 127.52,"Plan Rows": 31,"Plan Width": 5,"Actual Startup Time": 0.014,"Actual Total Time": 0.134,"Actual Rows": 31,"Actual Loops": 6102,"Recheck Cond": "(l_partkey = part.p_partkey)","Rows Removed by Index Recheck": 0,"Exact Heap Blocks": 187868,"Lossy Heap Blocks": 0,"Plans": [{"Node Type": "Bitmap Index Scan","Parent Relationship": "Outer","Parallel Aware": false,"Async Capable": false,"Index Name": "idx_lineitem_part_supp","Startup Cost": 0.00,"Total Cost": 4.67,"Plan Rows": 31,"Plan Width": 0,"Actual Startup Time": 0.008,"Actual Total Time": 0.008,"Actual Rows": 31,"Actual Loops": 6102,"Index Cond": "(l_partkey = part.p_partkey)"}]}]}]}]},"Planning Time": 4.724,"Triggers": [],"Execution Time": 5037.507}]
[{"Plan": {"Node Type": "Aggregate","Strategy": "Plain","Partial Mode": "Simple","Parallel Aware": false,"Async Capable": false,"Startup Cost": 195920.38,"Total Cost": 195920.39,"Plan Rows": 1,"Plan Width": 32,"Actual Startup Time": 4955.979,"Actual Total Time": 4956.710,"Actual Rows": 1,"Actual Loops": 1,"Plans": [{"Node Type": "Hash Join","Parent Relationship": "Outer","Parallel Aware": false,"Async Capable": false,"Join Type": "Inner","Startup Cost": 6370.58,"Total Cost": 195915.14,"Plan Rows": 2097,"Plan Width": 8,"Actual Startup Time": 41.797,"Actual Total Time": 4956.265,"Actual Rows": 558,"Actual Loops": 1,"Inner Unique": true,"Hash Cond": "(lineitem.l_partkey = part.p_partkey)","Join Filter": "(lineitem.l_quantity < (SubPlan 1))","Rows Removed by Join Filter": 5456,"Plans": [{"Node Type": "Seq Scan","Parent Relationship": "Outer","Parallel Aware": false,"Async Capable": false,"Relation Name": "lineitem","Alias": "lineitem","Startup Cost": 0.00,"Total Cost": 172515.15,"Plan Rows": 6001215,"Plan Width": 17,"Actual Startup Time": 0.013,"Actual Total Time": 1010.538,"Actual Rows": 6001215,"Actual Loops": 1},{"Node Type": "Hash","Parent Relationship": "Inner","Parallel Aware": false,"Async Capable": false,"Startup Cost": 6367.96,"Total Cost": 6367.96,"Plan Rows": 210,"Plan Width": 4,"Actual Startup Time": 29.310,"Actual Total Time": 30.003,"Actual Rows": 198,"Actual Loops": 1,"Hash Buckets": 1024,"Original Hash Buckets": 1024,"Hash Batches": 1,"Original Hash Batches": 1,"Peak Memory Usage": 15,"Plans": [{"Node Type": "Gather","Parent Relationship": "Outer","Parallel Aware": false,"Async Capable": false,"Startup Cost": 1000.00,"Total Cost": 6367.96,"Plan Rows": 210,"Plan Width": 4,"Actual Startup Time": 1.473,"Actual Total Time": 29.915,"Actual Rows": 198,"Actual Loops": 1,"Workers Planned": 2,"Workers Launched": 2,"Single Copy": false,"Plans": [{"Node Type": "Seq Scan","Parent Relationship": "Outer","Parallel Aware": true,"Async Capable": false,"Relation Name": "part","Alias": "part","Startup Cost": 0.00,"Total Cost": 5347.00,"Plan Rows": 87,"Plan Width": 4,"Actual Startup Time": 0.695,"Actual Total Time": 23.741,"Actual Rows": 66,"Actual Loops": 3,"Filter": "((p_brand = 'Brand#24'::bpchar) AND (p_container = 'JUMBO JAR'::bpchar))","Rows Removed by Filter": 66601,"Workers": []}]}]},{"Node Type": "Aggregate","Strategy": "Plain","Partial Mode": "Simple","Parent Relationship": "SubPlan","Subplan Name": "SubPlan 1","Parallel Aware": false,"Async Capable": false,"Startup Cost": 127.60,"Total Cost": 127.61,"Plan Rows": 1,"Plan Width": 32,"Actual Startup Time": 0.138,"Actual Total Time": 0.138,"Actual Rows": 1,"Actual Loops": 6014,"Plans": [{"Node Type": "Bitmap Heap Scan","Parent Relationship": "Outer","Parallel Aware": false,"Async Capable": false,"Relation Name": "lineitem","Alias": "lineitem_1","Startup Cost": 4.67,"Total Cost": 127.52,"Plan Rows": 31,"Plan Width": 5,"Actual Startup Time": 0.014,"Actual Total Time": 0.131,"Actual Rows": 31,"Actual Loops": 6014,"Recheck Cond": "(l_partkey = part.p_partkey)","Rows Removed by Index Recheck": 0,"Exact Heap Blocks": 188924,"Lossy Heap Blocks": 0,"Plans": [{"Node Type": "Bitmap Index Scan","Parent Relationship": "Outer","Parallel Aware": false,"Async Capable": false,"Index Name": "idx_lineitem_part_supp","Startup Cost": 0.00,"Total Cost": 4.67,"Plan Rows": 31,"Plan Width": 0,"Actual Startup Time": 0.008,"Actual Total Time": 0.008,"Actual Rows": 31,"Actual Loops": 6014,"Index Cond": "(l_partkey = part.p_partkey)"}]}]}]}]},"Planning Time": 4.711,"Triggers": [],"Execution Time": 4957.062}]
[{"Plan": {"Node Type": "Aggregate","Strategy": "Plain","Partial Mode": "Simple","Parallel Aware": false,"Async Capable": false,"Startup Cost": 195920.27,"Total Cost": 195920.28,"Plan Rows": 1,"Plan Width": 32,"Actual Startup Time": 4783.601,"Actual Total Time": 4784.087,"Actual Rows": 1,"Actual Loops": 1,"Plans": [{"Node Type": "Hash Join","Parent Relationship": "Outer","Parallel Aware": false,"Async Capable": false,"Join Type": "Inner","Startup Cost": 6370.49,"Total Cost": 195915.05,"Plan Rows": 2089,"Plan Width": 8,"Actual Startup Time": 42.083,"Actual Total Time": 4783.832,"Actual Rows": 520,"Actual Loops": 1,"Inner Unique": true,"Hash Cond": "(lineitem.l_partkey = part.p_partkey)","Join Filter": "(lineitem.l_quantity < (SubPlan 1))","Rows Removed by Join Filter": 5256,"Plans": [{"Node Type": "Seq Scan","Parent Relationship": "Outer","Parallel Aware": false,"Async Capable": false,"Relation Name": "lineitem","Alias": "lineitem","Startup Cost": 0.00,"Total Cost": 172515.15,"Plan Rows": 6001215,"Plan Width": 17,"Actual Startup Time": 0.020,"Actual Total Time": 955.472,"Actual Rows": 6001215,"Actual Loops": 1},{"Node Type": "Hash","Parent Relationship": "Inner","Parallel Aware": false,"Async Capable": false,"Startup Cost": 6367.88,"Total Cost": 6367.88,"Plan Rows": 209,"Plan Width": 4,"Actual Startup Time": 30.773,"Actual Total Time": 31.241,"Actual Rows": 195,"Actual Loops": 1,"Hash Buckets": 1024,"Original Hash Buckets": 1024,"Hash Batches": 1,"Original Hash Batches": 1,"Peak Memory Usage": 15,"Plans": [{"Node Type": "Gather","Parent Relationship": "Outer","Parallel Aware": false,"Async Capable": false,"Startup Cost": 1000.00,"Total Cost": 6367.88,"Plan Rows": 209,"Plan Width": 4,"Actual Startup Time": 1.310,"Actual Total Time": 31.156,"Actual Rows": 195,"Actual Loops": 1,"Workers Planned": 2,"Workers Launched": 2,"Single Copy": false,"Plans": [{"Node Type": "Seq Scan","Parent Relationship": "Outer","Parallel Aware": true,"Async Capable": false,"Relation Name": "part","Alias": "part","Startup Cost": 0.00,"Total Cost": 5347.00,"Plan Rows": 87,"Plan Width": 4,"Actual Startup Time": 0.802,"Actual Total Time": 24.738,"Actual Rows": 65,"Actual Loops": 3,"Filter": "((p_brand = 'Brand#45'::bpchar) AND (p_container = 'LG CASE'::bpchar))","Rows Removed by Filter": 66602,"Workers": []}]}]},{"Node Type": "Aggregate","Strategy": "Plain","Partial Mode": "Simple","Parent Relationship": "SubPlan","Subplan Name": "SubPlan 1","Parallel Aware": false,"Async Capable": false,"Startup Cost": 127.60,"Total Cost": 127.61,"Plan Rows": 1,"Plan Width": 32,"Actual Startup Time": 0.121,"Actual Total Time": 0.121,"Actual Rows": 1,"Actual Loops": 5776,"Plans": [{"Node Type": "Bitmap Heap Scan","Parent Relationship": "Outer","Parallel Aware": false,"Async Capable": false,"Relation Name": "lineitem","Alias": "lineitem_1","Startup Cost": 4.67,"Total Cost": 127.52,"Plan Rows": 31,"Plan Width": 5,"Actual Startup Time": 0.013,"Actual Total Time": 0.114,"Actual Rows": 31,"Actual Loops": 5776,"Recheck Cond": "(l_partkey = part.p_partkey)","Rows Removed by Index Recheck": 0,"Exact Heap Blocks": 176732,"Lossy Heap Blocks": 0,"Plans": [{"Node Type": "Bitmap Index Scan","Parent Relationship": "Outer","Parallel Aware": false,"Async Capable": false,"Index Name": "idx_lineitem_part_supp","Startup Cost": 0.00,"Total Cost": 4.67,"Plan Rows": 31,"Plan Width": 0,"Actual Startup Time": 0.007,"Actual Total Time": 0.007,"Actual Rows": 31,"Actual Loops": 5776,"Index Cond": "(l_partkey = part.p_partkey)"}]}]}]}]},"Planning Time": 4.802,"Triggers": [],"Execution Time": 4784.404}]
[{"Plan": {"Node Type": "Aggregate","Strategy": "Plain","Partial Mode": "Simple","Parallel Aware": false,"Async Capable": false,"Startup Cost": 195919.78,"Total Cost": 195919.80,"Plan Rows": 1,"Plan Width": 32,"Actual Startup Time": 4871.435,"Actual Total Time": 4872.050,"Actual Rows": 1,"Actual Loops": 1,"Plans": [{"Node Type": "Hash Join","Parent Relationship": "Outer","Parallel Aware": false,"Async Capable": false,"Join Type": "Inner","Startup Cost": 6370.09,"Total Cost": 195914.65,"Plan Rows": 2053,"Plan Width": 8,"Actual Startup Time": 56.789,"Actual Total Time": 4871.479,"Actual Rows": 521,"Actual Loops": 1,"Inner Unique": true,"Hash Cond": "(lineitem.l_partkey = part.p_partkey)","Join Filter": "(lineitem.l_quantity < (SubPlan 1))","Rows Removed by Join Filter": 5630,"Plans": [{"Node Type": "Seq Scan","Parent Relationship": "Outer","Parallel Aware": false,"Async Capable": false,"Relation Name": "lineitem","Alias": "lineitem","Startup Cost": 0.00,"Total Cost": 172515.15,"Plan Rows": 6001215,"Plan Width": 17,"Actual Startup Time": 0.022,"Actual Total Time": 980.108,"Actual Rows": 6001215,"Actual Loops": 1},{"Node Type": "Hash","Parent Relationship": "Inner","Parallel Aware": false,"Async Capable": false,"Startup Cost": 6367.53,"Total Cost": 6367.53,"Plan Rows": 205,"Plan Width": 4,"Actual Startup Time": 32.830,"Actual Total Time": 33.411,"Actual Rows": 205,"Actual Loops": 1,"Hash Buckets": 1024,"Original Hash Buckets": 1024,"Hash Batches": 1,"Original Hash Batches": 1,"Peak Memory Usage": 16,"Plans": [{"Node Type": "Gather","Parent Relationship": "Outer","Parallel Aware": false,"Async Capable": false,"Startup Cost": 1000.00,"Total Cost": 6367.53,"Plan Rows": 205,"Plan Width": 4,"Actual Startup Time": 1.973,"Actual Total Time": 33.339,"Actual Rows": 205,"Actual Loops": 1,"Workers Planned": 2,"Workers Launched": 2,"Single Copy": false,"Plans": [{"Node Type": "Seq Scan","Parent Relationship": "Outer","Parallel Aware": true,"Async Capable": false,"Relation Name": "part","Alias": "part","Startup Cost": 0.00,"Total Cost": 5347.00,"Plan Rows": 86,"Plan Width": 4,"Actual Startup Time": 0.792,"Actual Total Time": 27.238,"Actual Rows": 68,"Actual Loops": 3,"Filter": "((p_brand = 'Brand#13'::bpchar) AND (p_container = 'SM CAN'::bpchar))","Rows Removed by Filter": 66598,"Workers": []}]}]},{"Node Type": "Aggregate","Strategy": "Plain","Partial Mode": "Simple","Parent Relationship": "SubPlan","Subplan Name": "SubPlan 1","Parallel Aware": false,"Async Capable": false,"Startup Cost": 127.60,"Total Cost": 127.61,"Plan Rows": 1,"Plan Width": 32,"Actual Startup Time": 0.123,"Actual Total Time": 0.123,"Actual Rows": 1,"Actual Loops": 6151,"Plans": [{"Node Type": "Bitmap Heap Scan","Parent Relationship": "Outer","Parallel Aware": false,"Async Capable": false,"Relation Name": "lineitem","Alias": "lineitem_1","Startup Cost": 4.67,"Total Cost": 127.52,"Plan Rows": 31,"Plan Width": 5,"Actual Startup Time": 0.014,"Actual Total Time": 0.116,"Actual Rows": 31,"Actual Loops": 6151,"Recheck Cond": "(l_partkey = part.p_partkey)","Rows Removed by Index Recheck": 0,"Exact Heap Blocks": 189231,"Lossy Heap Blocks": 0,"Plans": [{"Node Type": "Bitmap Index Scan","Parent Relationship": "Outer","Parallel Aware": false,"Async Capable": false,"Index Name": "idx_lineitem_part_supp","Startup Cost": 0.00,"Total Cost": 4.67,"Plan Rows": 31,"Plan Width": 0,"Actual Startup Time": 0.007,"Actual Total Time": 0.007,"Actual Rows": 31,"Actual Loops": 6151,"Index Cond": "(l_partkey = part.p_partkey)"}]}]}]}]},"Planning Time": 5.898,"Triggers": [],"Execution Time": 4872.478}]
[{"Plan": {"Node Type": "Aggregate","Strategy": "Plain","Partial Mode": "Simple","Parallel Aware": false,"Async Capable": false,"Startup Cost": 195919.28,"Total Cost": 195919.30,"Plan Rows": 1,"Plan Width": 32,"Actual Startup Time": 4902.843,"Actual Total Time": 4903.643,"Actual Rows": 1,"Actual Loops": 1,"Plans": [{"Node Type": "Hash Join","Parent Relationship": "Outer","Parallel Aware": false,"Async Capable": false,"Join Type": "Inner","Startup Cost": 6369.68,"Total Cost": 195914.24,"Plan Rows": 2017,"Plan Width": 8,"Actual Startup Time": 36.936,"Actual Total Time": 4903.208,"Actual Rows": 546,"Actual Loops": 1,"Inner Unique": true,"Hash Cond": "(lineitem.l_partkey = part.p_partkey)","Join Filter": "(lineitem.l_quantity < (SubPlan 1))","Rows Removed by Join Filter": 5272,"Plans": [{"Node Type": "Seq Scan","Parent Relationship": "Outer","Parallel Aware": false,"Async Capable": false,"Relation Name": "lineitem","Alias": "lineitem","Startup Cost": 0.00,"Total Cost": 172515.15,"Plan Rows": 6001215,"Plan Width": 17,"Actual Startup Time": 0.017,"Actual Total Time": 1008.610,"Actual Rows": 6001215,"Actual Loops": 1},{"Node Type": "Hash","Parent Relationship": "Inner","Parallel Aware": false,"Async Capable": false,"Startup Cost": 6367.16,"Total Cost": 6367.16,"Plan Rows": 202,"Plan Width": 4,"Actual Startup Time": 30.636,"Actual Total Time": 31.396,"Actual Rows": 196,"Actual Loops": 1,"Hash Buckets": 1024,"Original Hash Buckets": 1024,"Hash Batches": 1,"Original Hash Batches": 1,"Peak Memory Usage": 15,"Plans": [{"Node Type": "Gather","Parent Relationship": "Outer","Parallel Aware": false,"Async Capable": false,"Startup Cost": 1000.00,"Total Cost": 6367.16,"Plan Rows": 202,"Plan Width": 4,"Actual Startup Time": 0.805,"Actual Total Time": 31.344,"Actual Rows": 196,"Actual Loops": 1,"Workers Planned": 2,"Workers Launched": 2,"Single Copy": false,"Plans": [{"Node Type": "Seq Scan","Parent Relationship": "Outer","Parallel Aware": true,"Async Capable": false,"Relation Name": "part","Alias": "part","Startup Cost": 0.00,"Total Cost": 5347.00,"Plan Rows": 84,"Plan Width": 4,"Actual Startup Time": 0.332,"Actual Total Time": 24.900,"Actual Rows": 65,"Actual Loops": 3,"Filter": "((p_brand = 'Brand#45'::bpchar) AND (p_container = 'MED PKG'::bpchar))","Rows Removed by Filter": 66601,"Workers": []}]}]},{"Node Type": "Aggregate","Strategy": "Plain","Partial Mode": "Simple","Parent Relationship": "SubPlan","Subplan Name": "SubPlan 1","Parallel Aware": false,"Async Capable": false,"Startup Cost": 127.60,"Total Cost": 127.61,"Plan Rows": 1,"Plan Width": 32,"Actual Startup Time": 0.132,"Actual Total Time": 0.132,"Actual Rows": 1,"Actual Loops": 5818,"Plans": [{"Node Type": "Bitmap Heap Scan","Parent Relationship": "Outer","Parallel Aware": false,"Async Capable": false,"Relation Name": "lineitem","Alias": "lineitem_1","Startup Cost": 4.67,"Total Cost": 127.52,"Plan Rows": 31,"Plan Width": 5,"Actual Startup Time": 0.014,"Actual Total Time": 0.125,"Actual Rows": 31,"Actual Loops": 5818,"Recheck Cond": "(l_partkey = part.p_partkey)","Rows Removed by Index Recheck": 0,"Exact Heap Blocks": 178312,"Lossy Heap Blocks": 0,"Plans": [{"Node Type": "Bitmap Index Scan","Parent Relationship": "Outer","Parallel Aware": false,"Async Capable": false,"Index Name": "idx_lineitem_part_supp","Startup Cost": 0.00,"Total Cost": 4.67,"Plan Rows": 31,"Plan Width": 0,"Actual Startup Time": 0.008,"Actual Total Time": 0.008,"Actual Rows": 31,"Actual Loops": 5818,"Index Cond": "(l_partkey = part.p_partkey)"}]}]}]}]},"Planning Time": 4.806,"Triggers": [],"Execution Time": 4904.003}]
[{"Plan": {"Node Type": "Aggregate","Strategy": "Plain","Partial Mode": "Simple","Parallel Aware": false,"Async Capable": false,"Startup Cost": 195917.56,"Total Cost": 195917.57,"Plan Rows": 1,"Plan Width": 32,"Actual Startup Time": 4876.701,"Actual Total Time": 4877.416,"Actual Rows": 1,"Actual Loops": 1,"Plans": [{"Node Type": "Hash Join","Parent Relationship": "Outer","Parallel Aware": false,"Async Capable": false,"Join Type": "Inner","Startup Cost": 6368.28,"Total Cost": 195912.83,"Plan Rows": 1892,"Plan Width": 8,"Actual Startup Time": 56.103,"Actual Total Time": 4876.921,"Actual Rows": 546,"Actual Loops": 1,"Inner Unique": true,"Hash Cond": "(lineitem.l_partkey = part.p_partkey)","Join Filter": "(lineitem.l_quantity < (SubPlan 1))","Rows Removed by Join Filter": 5518,"Plans": [{"Node Type": "Seq Scan","Parent Relationship": "Outer","Parallel Aware": false,"Async Capable": false,"Relation Name": "lineitem","Alias": "lineitem","Startup Cost": 0.00,"Total Cost": 172515.15,"Plan Rows": 6001215,"Plan Width": 17,"Actual Startup Time": 0.022,"Actual Total Time": 981.290,"Actual Rows": 6001215,"Actual Loops": 1},{"Node Type": "Hash","Parent Relationship": "Inner","Parallel Aware": false,"Async Capable": false,"Startup Cost": 6365.91,"Total Cost": 6365.91,"Plan Rows": 189,"Plan Width": 4,"Actual Startup Time": 33.839,"Actual Total Time": 34.503,"Actual Rows": 203,"Actual Loops": 1,"Hash Buckets": 1024,"Original Hash Buckets": 1024,"Hash Batches": 1,"Original Hash Batches": 1,"Peak Memory Usage": 16,"Plans": [{"Node Type": "Gather","Parent Relationship": "Outer","Parallel Aware": false,"Async Capable": false,"Startup Cost": 1000.00,"Total Cost": 6365.91,"Plan Rows": 189,"Plan Width": 4,"Actual Startup Time": 0.817,"Actual Total Time": 34.389,"Actual Rows": 203,"Actual Loops": 1,"Workers Planned": 2,"Workers Launched": 2,"Single Copy": false,"Plans": [{"Node Type": "Seq Scan","Parent Relationship": "Outer","Parallel Aware": true,"Async Capable": false,"Relation Name": "part","Alias": "part","Startup Cost": 0.00,"Total Cost": 5347.00,"Plan Rows": 79,"Plan Width": 4,"Actual Startup Time": 0.357,"Actual Total Time": 28.326,"Actual Rows": 68,"Actual Loops": 3,"Filter": "((p_brand = 'Brand#54'::bpchar) AND (p_container = 'LG PKG'::bpchar))","Rows Removed by Filter": 66599,"Workers": []}]}]},{"Node Type": "Aggregate","Strategy": "Plain","Partial Mode": "Simple","Parent Relationship": "SubPlan","Subplan Name": "SubPlan 1","Parallel Aware": false,"Async Capable": false,"Startup Cost": 127.60,"Total Cost": 127.61,"Plan Rows": 1,"Plan Width": 32,"Actual Startup Time": 0.121,"Actual Total Time": 0.121,"Actual Rows": 1,"Actual Loops": 6064,"Plans": [{"Node Type": "Bitmap Heap Scan","Parent Relationship": "Outer","Parallel Aware": false,"Async Capable": false,"Relation Name": "lineitem","Alias": "lineitem_1","Startup Cost": 4.67,"Total Cost": 127.52,"Plan Rows": 31,"Plan Width": 5,"Actual Startup Time": 0.013,"Actual Total Time": 0.114,"Actual Rows": 31,"Actual Loops": 6064,"Recheck Cond": "(l_partkey = part.p_partkey)","Rows Removed by Index Recheck": 0,"Exact Heap Blocks": 187060,"Lossy Heap Blocks": 0,"Plans": [{"Node Type": "Bitmap Index Scan","Parent Relationship": "Outer","Parallel Aware": false,"Async Capable": false,"Index Name": "idx_lineitem_part_supp","Startup Cost": 0.00,"Total Cost": 4.67,"Plan Rows": 31,"Plan Width": 0,"Actual Startup Time": 0.007,"Actual Total Time": 0.007,"Actual Rows": 31,"Actual Loops": 6064,"Index Cond": "(l_partkey = part.p_partkey)"}]}]}]}]},"Planning Time": 4.678,"Triggers": [],"Execution Time": 4877.824}]
[{"Plan": {"Node Type": "Aggregate","Strategy": "Plain","Partial Mode": "Simple","Parallel Aware": false,"Async Capable": false,"Startup Cost": 195919.17,"Total Cost": 195919.18,"Plan Rows": 1,"Plan Width": 32,"Actual Startup Time": 4926.703,"Actual Total Time": 4927.344,"Actual Rows": 1,"Actual Loops": 1,"Plans": [{"Node Type": "Hash Join","Parent Relationship": "Outer","Parallel Aware": false,"Async Capable": false,"Join Type": "Inner","Startup Cost": 6369.59,"Total Cost": 195914.15,"Plan Rows": 2009,"Plan Width": 8,"Actual Startup Time": 32.733,"Actual Total Time": 4926.793,"Actual Rows": 604,"Actual Loops": 1,"Inner Unique": true,"Hash Cond": "(lineitem.l_partkey = part.p_partkey)","Join Filter": "(lineitem.l_quantity < (SubPlan 1))","Rows Removed by Join Filter": 5864,"Plans": [{"Node Type": "Seq Scan","Parent Relationship": "Outer","Parallel Aware": false,"Async Capable": false,"Relation Name": "lineitem","Alias": "lineitem","Startup Cost": 0.00,"Total Cost": 172515.15,"Plan Rows": 6001215,"Plan Width": 17,"Actual Startup Time": 0.009,"Actual Total Time": 968.011,"Actual Rows": 6001215,"Actual Loops": 1},{"Node Type": "Hash","Parent Relationship": "Inner","Parallel Aware": false,"Async Capable": false,"Startup Cost": 6367.08,"Total Cost": 6367.08,"Plan Rows": 201,"Plan Width": 4,"Actual Startup Time": 31.308,"Actual Total Time": 31.915,"Actual Rows": 210,"Actual Loops": 1,"Hash Buckets": 1024,"Original Hash Buckets": 1024,"Hash Batches": 1,"Original Hash Batches": 1,"Peak Memory Usage": 16,"Plans": [{"Node Type": "Gather","Parent Relationship": "Outer","Parallel Aware": false,"Async Capable": false,"Startup Cost": 1000.00,"Total Cost": 6367.08,"Plan Rows": 201,"Plan Width": 4,"Actual Startup Time": 2.945,"Actual Total Time": 31.826,"Actual Rows": 210,"Actual Loops": 1,"Workers Planned": 2,"Workers Launched": 2,"Single Copy": false,"Plans": [{"Node Type": "Seq Scan","Parent Relationship": "Outer","Parallel Aware": true,"Async Capable": false,"Relation Name": "part","Alias": "part","Startup Cost": 0.00,"Total Cost": 5347.00,"Plan Rows": 84,"Plan Width": 4,"Actual Startup Time": 1.672,"Actual Total Time": 25.366,"Actual Rows": 70,"Actual Loops": 3,"Filter": "((p_brand = 'Brand#44'::bpchar) AND (p_container = 'MED BOX'::bpchar))","Rows Removed by Filter": 66597,"Workers": []}]}]},{"Node Type": "Aggregate","Strategy": "Plain","Partial Mode": "Simple","Parent Relationship": "SubPlan","Subplan Name": "SubPlan 1","Parallel Aware": false,"Async Capable": false,"Startup Cost": 127.60,"Total Cost": 127.61,"Plan Rows": 1,"Plan Width": 32,"Actual Startup Time": 0.124,"Actual Total Time": 0.124,"Actual Rows": 1,"Actual Loops": 6468,"Plans": [{"Node Type": "Bitmap Heap Scan","Parent Relationship": "Outer","Parallel Aware": false,"Async Capable": false,"Relation Name": "lineitem","Alias": "lineitem_1","Startup Cost": 4.67,"Total Cost": 127.52,"Plan Rows": 31,"Plan Width": 5,"Actual Startup Time": 0.013,"Actual Total Time": 0.117,"Actual Rows": 32,"Actual Loops": 6468,"Recheck Cond": "(l_partkey = part.p_partkey)","Rows Removed by Index Recheck": 0,"Exact Heap Blocks": 206508,"Lossy Heap Blocks": 0,"Plans": [{"Node Type": "Bitmap Index Scan","Parent Relationship": "Outer","Parallel Aware": false,"Async Capable": false,"Index Name": "idx_lineitem_part_supp","Startup Cost": 0.00,"Total Cost": 4.67,"Plan Rows": 31,"Plan Width": 0,"Actual Startup Time": 0.007,"Actual Total Time": 0.007,"Actual Rows": 32,"Actual Loops": 6468,"Index Cond": "(l_partkey = part.p_partkey)"}]}]}]}]},"Planning Time": 5.865,"Triggers": [],"Execution Time": 4927.700}]
[{"Plan": {"Node Type": "Aggregate","Strategy": "Plain","Partial Mode": "Simple","Parallel Aware": false,"Async Capable": false,"Startup Cost": 195918.20,"Total Cost": 195918.21,"Plan Rows": 1,"Plan Width": 32,"Actual Startup Time": 4913.123,"Actual Total Time": 4913.839,"Actual Rows": 1,"Actual Loops": 1,"Plans": [{"Node Type": "Hash Join","Parent Relationship": "Outer","Parallel Aware": false,"Async Capable": false,"Join Type": "Inner","Startup Cost": 6368.80,"Total Cost": 195913.35,"Plan Rows": 1938,"Plan Width": 8,"Actual Startup Time": 38.711,"Actual Total Time": 4913.345,"Actual Rows": 528,"Actual Loops": 1,"Inner Unique": true,"Hash Cond": "(lineitem.l_partkey = part.p_partkey)","Join Filter": "(lineitem.l_quantity < (SubPlan 1))","Rows Removed by Join Filter": 5736,"Plans": [{"Node Type": "Seq Scan","Parent Relationship": "Outer","Parallel Aware": false,"Async Capable": false,"Relation Name": "lineitem","Alias": "lineitem","Startup Cost": 0.00,"Total Cost": 172515.15,"Plan Rows": 6001215,"Plan Width": 17,"Actual Startup Time": 0.024,"Actual Total Time": 949.189,"Actual Rows": 6001215,"Actual Loops": 1},{"Node Type": "Hash","Parent Relationship": "Inner","Parallel Aware": false,"Async Capable": false,"Startup Cost": 6366.38,"Total Cost": 6366.38,"Plan Rows": 194,"Plan Width": 4,"Actual Startup Time": 33.556,"Actual Total Time": 34.223,"Actual Rows": 203,"Actual Loops": 1,"Hash Buckets": 1024,"Original Hash Buckets": 1024,"Hash Batches": 1,"Original Hash Batches": 1,"Peak Memory Usage": 16,"Plans": [{"Node Type": "Gather","Parent Relationship": "Outer","Parallel Aware": false,"Async Capable": false,"Startup Cost": 1000.00,"Total Cost": 6366.38,"Plan Rows": 194,"Plan Width": 4,"Actual Startup Time": 4.325,"Actual Total Time": 34.131,"Actual Rows": 203,"Actual Loops": 1,"Workers Planned": 2,"Workers Launched": 2,"Single Copy": false,"Plans": [{"Node Type": "Seq Scan","Parent Relationship": "Outer","Parallel Aware": true,"Async Capable": false,"Relation Name": "part","Alias": "part","Startup Cost": 0.00,"Total Cost": 5347.00,"Plan Rows": 81,"Plan Width": 4,"Actual Startup Time": 2.709,"Actual Total Time": 28.036,"Actual Rows": 68,"Actual Loops": 3,"Filter": "((p_brand = 'Brand#14'::bpchar) AND (p_container = 'SM CASE'::bpchar))","Rows Removed by Filter": 66599,"Workers": []}]}]},{"Node Type": "Aggregate","Strategy": "Plain","Partial Mode": "Simple","Parent Relationship": "SubPlan","Subplan Name": "SubPlan 1","Parallel Aware": false,"Async Capable": false,"Startup Cost": 127.60,"Total Cost": 127.61,"Plan Rows": 1,"Plan Width": 32,"Actual Startup Time": 0.125,"Actual Total Time": 0.125,"Actual Rows": 1,"Actual Loops": 6264,"Plans": [{"Node Type": "Bitmap Heap Scan","Parent Relationship": "Outer","Parallel Aware": false,"Async Capable": false,"Relation Name": "lineitem","Alias": "lineitem_1","Startup Cost": 4.67,"Total Cost": 127.52,"Plan Rows": 31,"Plan Width": 5,"Actual Startup Time": 0.014,"Actual Total Time": 0.118,"Actual Rows": 32,"Actual Loops": 6264,"Recheck Cond": "(l_partkey = part.p_partkey)","Rows Removed by Index Recheck": 0,"Exact Heap Blocks": 200050,"Lossy Heap Blocks": 0,"Plans": [{"Node Type": "Bitmap Index Scan","Parent Relationship": "Outer","Parallel Aware": false,"Async Capable": false,"Index Name": "idx_lineitem_part_supp","Startup Cost": 0.00,"Total Cost": 4.67,"Plan Rows": 31,"Plan Width": 0,"Actual Startup Time": 0.007,"Actual Total Time": 0.007,"Actual Rows": 32,"Actual Loops": 6264,"Index Cond": "(l_partkey = part.p_partkey)"}]}]}]}]},"Planning Time": 5.094,"Triggers": [],"Execution Time": 4914.318}]
[{"Plan": {"Node Type": "Aggregate","Strategy": "Plain","Partial Mode": "Simple","Parallel Aware": false,"Async Capable": false,"Startup Cost": 195917.96,"Total Cost": 195917.97,"Plan Rows": 1,"Plan Width": 32,"Actual Startup Time": 4908.110,"Actual Total Time": 4908.610,"Actual Rows": 1,"Actual Loops": 1,"Plans": [{"Node Type": "Hash Join","Parent Relationship": "Outer","Parallel Aware": false,"Async Capable": false,"Join Type": "Inner","Startup Cost": 6368.60,"Total Cost": 195913.16,"Plan Rows": 1921,"Plan Width": 8,"Actual Startup Time": 33.792,"Actual Total Time": 4908.401,"Actual Rows": 527,"Actual Loops": 1,"Inner Unique": true,"Hash Cond": "(lineitem.l_partkey = part.p_partkey)","Join Filter": "(lineitem.l_quantity < (SubPlan 1))","Rows Removed by Join Filter": 5571,"Plans": [{"Node Type": "Seq Scan","Parent Relationship": "Outer","Parallel Aware": false,"Async Capable": false,"Relation Name": "lineitem","Alias": "lineitem","Startup Cost": 0.00,"Total Cost": 172515.15,"Plan Rows": 6001215,"Plan Width": 17,"Actual Startup Time": 0.016,"Actual Total Time": 1026.507,"Actual Rows": 6001215,"Actual Loops": 1},{"Node Type": "Hash","Parent Relationship": "Inner","Parallel Aware": false,"Async Capable": false,"Startup Cost": 6366.20,"Total Cost": 6366.20,"Plan Rows": 192,"Plan Width": 4,"Actual Startup Time": 29.790,"Actual Total Time": 30.278,"Actual Rows": 203,"Actual Loops": 1,"Hash Buckets": 1024,"Original Hash Buckets": 1024,"Hash Batches": 1,"Original Hash Batches": 1,"Peak Memory Usage": 16,"Plans": [{"Node Type": "Gather","Parent Relationship": "Outer","Parallel Aware": false,"Async Capable": false,"Startup Cost": 1000.00,"Total Cost": 6366.20,"Plan Rows": 192,"Plan Width": 4,"Actual Startup Time": 1.074,"Actual Total Time": 30.218,"Actual Rows": 203,"Actual Loops": 1,"Workers Planned": 2,"Workers Launched": 2,"Single Copy": false,"Plans": [{"Node Type": "Seq Scan","Parent Relationship": "Outer","Parallel Aware": true,"Async Capable": false,"Relation Name": "part","Alias": "part","Startup Cost": 0.00,"Total Cost": 5347.00,"Plan Rows": 80,"Plan Width": 4,"Actual Startup Time": 1.029,"Actual Total Time": 24.323,"Actual Rows": 68,"Actual Loops": 3,"Filter": "((p_brand = 'Brand#52'::bpchar) AND (p_container = 'JUMBO PKG'::bpchar))","Rows Removed by Filter": 66599,"Workers": []}]}]},{"Node Type": "Aggregate","Strategy": "Plain","Partial Mode": "Simple","Parent Relationship": "SubPlan","Subplan Name": "SubPlan 1","Parallel Aware": false,"Async Capable": false,"Startup Cost": 127.60,"Total Cost": 127.61,"Plan Rows": 1,"Plan Width": 32,"Actual Startup Time": 0.137,"Actual Total Time": 0.137,"Actual Rows": 1,"Actual Loops": 6098,"Plans": [{"Node Type": "Bitmap Heap Scan","Parent Relationship": "Outer","Parallel Aware": false,"Async Capable": false,"Relation Name": "lineitem","Alias": "lineitem_1","Startup Cost": 4.67,"Total Cost": 127.52,"Plan Rows": 31,"Plan Width": 5,"Actual Startup Time": 0.014,"Actual Total Time": 0.130,"Actual Rows": 31,"Actual Loops": 6098,"Recheck Cond": "(l_partkey = part.p_partkey)","Rows Removed by Index Recheck": 0,"Exact Heap Blocks": 189069,"Lossy Heap Blocks": 0,"Plans": [{"Node Type": "Bitmap Index Scan","Parent Relationship": "Outer","Parallel Aware": false,"Async Capable": false,"Index Name": "idx_lineitem_part_supp","Startup Cost": 0.00,"Total Cost": 4.67,"Plan Rows": 31,"Plan Width": 0,"Actual Startup Time": 0.008,"Actual Total Time": 0.008,"Actual Rows": 31,"Actual Loops": 6098,"Index Cond": "(l_partkey = part.p_partkey)"}]}]}]}]},"Planning Time": 5.649,"Triggers": [],"Execution Time": 4908.849}]
[{"Plan": {"Node Type": "Aggregate","Strategy": "Plain","Partial Mode": "Simple","Parallel Aware": false,"Async Capable": false,"Startup Cost": 195919.16,"Total Cost": 195919.17,"Plan Rows": 1,"Plan Width": 32,"Actual Startup Time": 4908.176,"Actual Total Time": 4908.811,"Actual Rows": 1,"Actual Loops": 1,"Plans": [{"Node Type": "Hash Join","Parent Relationship": "Outer","Parallel Aware": false,"Async Capable": false,"Join Type": "Inner","Startup Cost": 6369.59,"Total Cost": 195914.14,"Plan Rows": 2008,"Plan Width": 8,"Actual Startup Time": 37.558,"Actual Total Time": 4908.362,"Actual Rows": 541,"Actual Loops": 1,"Inner Unique": true,"Hash Cond": "(lineitem.l_partkey = part.p_partkey)","Join Filter": "(lineitem.l_quantity < (SubPlan 1))","Rows Removed by Join Filter": 5750,"Plans": [{"Node Type": "Seq Scan","Parent Relationship": "Outer","Parallel Aware": false,"Async Capable": false,"Relation Name": "lineitem","Alias": "lineitem","Startup Cost": 0.00,"Total Cost": 172515.15,"Plan Rows": 6001215,"Plan Width": 17,"Actual Startup Time": 0.019,"Actual Total Time": 976.722,"Actual Rows": 6001215,"Actual Loops": 1},{"Node Type": "Hash","Parent Relationship": "Inner","Parallel Aware": false,"Async Capable": false,"Startup Cost": 6367.08,"Total Cost": 6367.08,"Plan Rows": 201,"Plan Width": 4,"Actual Startup Time": 31.642,"Actual Total Time": 32.245,"Actual Rows": 208,"Actual Loops": 1,"Hash Buckets": 1024,"Original Hash Buckets": 1024,"Hash Batches": 1,"Original Hash Batches": 1,"Peak Memory Usage": 16,"Plans": [{"Node Type": "Gather","Parent Relationship": "Outer","Parallel Aware": false,"Async Capable": false,"Startup Cost": 1000.00,"Total Cost": 6367.08,"Plan Rows": 201,"Plan Width": 4,"Actual Startup Time": 1.584,"Actual Total Time": 32.169,"Actual Rows": 208,"Actual Loops": 1,"Workers Planned": 2,"Workers Launched": 2,"Single Copy": false,"Plans": [{"Node Type": "Seq Scan","Parent Relationship": "Outer","Parallel Aware": true,"Async Capable": false,"Relation Name": "part","Alias": "part","Startup Cost": 0.00,"Total Cost": 5347.00,"Plan Rows": 84,"Plan Width": 4,"Actual Startup Time": 1.228,"Actual Total Time": 26.091,"Actual Rows": 69,"Actual Loops": 3,"Filter": "((p_brand = 'Brand#14'::bpchar) AND (p_container = 'MED PACK'::bpchar))","Rows Removed by Filter": 66597,"Workers": []}]}]},{"Node Type": "Aggregate","Strategy": "Plain","Partial Mode": "Simple","Parent Relationship": "SubPlan","Subplan Name": "SubPlan 1","Parallel Aware": false,"Async Capable": false,"Startup Cost": 127.60,"Total Cost": 127.61,"Plan Rows": 1,"Plan Width": 32,"Actual Startup Time": 0.123,"Actual Total Time": 0.123,"Actual Rows": 1,"Actual Loops": 6291,"Plans": [{"Node Type": "Bitmap Heap Scan","Parent Relationship": "Outer","Parallel Aware": false,"Async Capable": false,"Relation Name": "lineitem","Alias": "lineitem_1","Startup Cost": 4.67,"Total Cost": 127.52,"Plan Rows": 31,"Plan Width": 5,"Actual Startup Time": 0.013,"Actual Total Time": 0.116,"Actual Rows": 31,"Actual Loops": 6291,"Recheck Cond": "(l_partkey = part.p_partkey)","Rows Removed by Index Recheck": 0,"Exact Heap Blocks": 196649,"Lossy Heap Blocks": 0,"Plans": [{"Node Type": "Bitmap Index Scan","Parent Relationship": "Outer","Parallel Aware": false,"Async Capable": false,"Index Name": "idx_lineitem_part_supp","Startup Cost": 0.00,"Total Cost": 4.67,"Plan Rows": 31,"Plan Width": 0,"Actual Startup Time": 0.007,"Actual Total Time": 0.007,"Actual Rows": 31,"Actual Loops": 6291,"Index Cond": "(l_partkey = part.p_partkey)"}]}]}]}]},"Planning Time": 5.460,"Triggers": [],"Execution Time": 4909.197}]
[{"Plan": {"Node Type": "Aggregate","Strategy": "Plain","Partial Mode": "Simple","Parallel Aware": false,"Async Capable": false,"Startup Cost": 195919.71,"Total Cost": 195919.73,"Plan Rows": 1,"Plan Width": 32,"Actual Startup Time": 4637.705,"Actual Total Time": 4638.243,"Actual Rows": 1,"Actual Loops": 1,"Plans": [{"Node Type": "Hash Join","Parent Relationship": "Outer","Parallel Aware": false,"Async Capable": false,"Join Type": "Inner","Startup Cost": 6370.04,"Total Cost": 195914.59,"Plan Rows": 2048,"Plan Width": 8,"Actual Startup Time": 53.171,"Actual Total Time": 4638.007,"Actual Rows": 497,"Actual Loops": 1,"Inner Unique": true,"Hash Cond": "(lineitem.l_partkey = part.p_partkey)","Join Filter": "(lineitem.l_quantity < (SubPlan 1))","Rows Removed by Join Filter": 5252,"Plans": [{"Node Type": "Seq Scan","Parent Relationship": "Outer","Parallel Aware": false,"Async Capable": false,"Relation Name": "lineitem","Alias": "lineitem","Startup Cost": 0.00,"Total Cost": 172515.15,"Plan Rows": 6001215,"Plan Width": 17,"Actual Startup Time": 0.024,"Actual Total Time": 999.087,"Actual Rows": 6001215,"Actual Loops": 1},{"Node Type": "Hash","Parent Relationship": "Inner","Parallel Aware": false,"Async Capable": false,"Startup Cost": 6367.48,"Total Cost": 6367.48,"Plan Rows": 205,"Plan Width": 4,"Actual Startup Time": 32.998,"Actual Total Time": 33.512,"Actual Rows": 194,"Actual Loops": 1,"Hash Buckets": 1024,"Original Hash Buckets": 1024,"Hash Batches": 1,"Original Hash Batches": 1,"Peak Memory Usage": 15,"Plans": [{"Node Type": "Gather","Parent Relationship": "Outer","Parallel Aware": false,"Async Capable": false,"Startup Cost": 1000.00,"Total Cost": 6367.48,"Plan Rows": 205,"Plan Width": 4,"Actual Startup Time": 2.569,"Actual Total Time": 33.444,"Actual Rows": 194,"Actual Loops": 1,"Workers Planned": 2,"Workers Launched": 2,"Single Copy": false,"Plans": [{"Node Type": "Seq Scan","Parent Relationship": "Outer","Parallel Aware": true,"Async Capable": false,"Relation Name": "part","Alias": "part","Startup Cost": 0.00,"Total Cost": 5347.00,"Plan Rows": 85,"Plan Width": 4,"Actual Startup Time": 0.980,"Actual Total Time": 26.874,"Actual Rows": 65,"Actual Loops": 3,"Filter": "((p_brand = 'Brand#14'::bpchar) AND (p_container = 'SM JAR'::bpchar))","Rows Removed by Filter": 66602,"Workers": []}]}]},{"Node Type": "Aggregate","Strategy": "Plain","Partial Mode": "Simple","Parent Relationship": "SubPlan","Subplan Name": "SubPlan 1","Parallel Aware": false,"Async Capable": false,"Startup Cost": 127.60,"Total Cost": 127.61,"Plan Rows": 1,"Plan Width": 32,"Actual Startup Time": 0.135,"Actual Total Time": 0.135,"Actual Rows": 1,"Actual Loops": 5749,"Plans": [{"Node Type": "Bitmap Heap Scan","Parent Relationship": "Outer","Parallel Aware": false,"Async Capable": false,"Relation Name": "lineitem","Alias": "lineitem_1","Startup Cost": 4.67,"Total Cost": 127.52,"Plan Rows": 31,"Plan Width": 5,"Actual Startup Time": 0.014,"Actual Total Time": 0.128,"Actual Rows": 31,"Actual Loops": 5749,"Recheck Cond": "(l_partkey = part.p_partkey)","Rows Removed by Index Recheck": 0,"Exact Heap Blocks": 176605,"Lossy Heap Blocks": 0,"Plans": [{"Node Type": "Bitmap Index Scan","Parent Relationship": "Outer","Parallel Aware": false,"Async Capable": false,"Index Name": "idx_lineitem_part_supp","Startup Cost": 0.00,"Total Cost": 4.67,"Plan Rows": 31,"Plan Width": 0,"Actual Startup Time": 0.008,"Actual Total Time": 0.008,"Actual Rows": 31,"Actual Loops": 5749,"Index Cond": "(l_partkey = part.p_partkey)"}]}]}]}]},"Planning Time": 5.250,"Triggers": [],"Execution Time": 4638.587}]
[{"Plan": {"Node Type": "Aggregate","Strategy": "Plain","Partial Mode": "Simple","Parallel Aware": false,"Async Capable": false,"Startup Cost": 195918.45,"Total Cost": 195918.46,"Plan Rows": 1,"Plan Width": 32,"Actual Startup Time": 4876.558,"Actual Total Time": 4877.109,"Actual Rows": 1,"Actual Loops": 1,"Plans": [{"Node Type": "Hash Join","Parent Relationship": "Outer","Parallel Aware": false,"Async Capable": false,"Join Type": "Inner","Startup Cost": 6369.00,"Total Cost": 195913.56,"Plan Rows": 1956,"Plan Width": 8,"Actual Startup Time": 33.227,"Actual Total Time": 4876.793,"Actual Rows": 546,"Actual Loops": 1,"Inner Unique": true,"Hash Cond": "(lineitem.l_partkey = part.p_partkey)","Join Filter": "(lineitem.l_quantity < (SubPlan 1))","Rows Removed by Join Filter": 5926,"Plans": [{"Node Type": "Seq Scan","Parent Relationship": "Outer","Parallel Aware": false,"Async Capable": false,"Relation Name": "lineitem","Alias": "lineitem","Startup Cost": 0.00,"Total Cost": 172515.15,"Plan Rows": 6001215,"Plan Width": 17,"Actual Startup Time": 0.012,"Actual Total Time": 950.033,"Actual Rows": 6001215,"Actual Loops": 1},{"Node Type": "Hash","Parent Relationship": "Inner","Parallel Aware": false,"Async Capable": false,"Startup Cost": 6366.56,"Total Cost": 6366.56,"Plan Rows": 196,"Plan Width": 4,"Actual Startup Time": 31.088,"Actual Total Time": 31.623,"Actual Rows": 215,"Actual Loops": 1,"Hash Buckets": 1024,"Original Hash Buckets": 1024,"Hash Batches": 1,"Original Hash Batches": 1,"Peak Memory Usage": 16,"Plans": [{"Node Type": "Gather","Parent Relationship": "Outer","Parallel Aware": false,"Async Capable": false,"Startup Cost": 1000.00,"Total Cost": 6366.56,"Plan Rows": 196,"Plan Width": 4,"Actual Startup Time": 3.975,"Actual Total Time": 31.539,"Actual Rows": 215,"Actual Loops": 1,"Workers Planned": 2,"Workers Launched": 2,"Single Copy": false,"Plans": [{"Node Type": "Seq Scan","Parent Relationship": "Outer","Parallel Aware": true,"Async Capable": false,"Relation Name": "part","Alias": "part","Startup Cost": 0.00,"Total Cost": 5347.00,"Plan Rows": 81,"Plan Width": 4,"Actual Startup Time": 2.236,"Actual Total Time": 25.336,"Actual Rows": 72,"Actual Loops": 3,"Filter": "((p_brand = 'Brand#55'::bpchar) AND (p_container = 'JUMBO PKG'::bpchar))","Rows Removed by Filter": 66595,"Workers": []}]}]},{"Node Type": "Aggregate","Strategy": "Plain","Partial Mode": "Simple","Parent Relationship": "SubPlan","Subplan Name": "SubPlan 1","Parallel Aware": false,"Async Capable": false,"Startup Cost": 127.60,"Total Cost": 127.61,"Plan Rows": 1,"Plan Width": 32,"Actual Startup Time": 0.124,"Actual Total Time": 0.124,"Actual Rows": 1,"Actual Loops": 6472,"Plans": [{"Node Type": "Bitmap Heap Scan","Parent Relationship": "Outer","Parallel Aware": false,"Async Capable": false,"Relation Name": "lineitem","Alias": "lineitem_1","Startup Cost": 4.67,"Total Cost": 127.52,"Plan Rows": 31,"Plan Width": 5,"Actual Startup Time": 0.013,"Actual Total Time": 0.117,"Actual Rows": 31,"Actual Loops": 6472,"Recheck Cond": "(l_partkey = part.p_partkey)","Rows Removed by Index Recheck": 0,"Exact Heap Blocks": 201349,"Lossy Heap Blocks": 0,"Plans": [{"Node Type": "Bitmap Index Scan","Parent Relationship": "Outer","Parallel Aware": false,"Async Capable": false,"Index Name": "idx_lineitem_part_supp","Startup Cost": 0.00,"Total Cost": 4.67,"Plan Rows": 31,"Plan Width": 0,"Actual Startup Time": 0.007,"Actual Total Time": 0.007,"Actual Rows": 31,"Actual Loops": 6472,"Index Cond": "(l_partkey = part.p_partkey)"}]}]}]}]},"Planning Time": 4.150,"Triggers": [],"Execution Time": 4877.402}]
[{"Plan": {"Node Type": "Aggregate","Strategy": "Plain","Partial Mode": "Simple","Parallel Aware": false,"Async Capable": false,"Startup Cost": 195918.90,"Total Cost": 195918.92,"Plan Rows": 1,"Plan Width": 32,"Actual Startup Time": 4749.894,"Actual Total Time": 4750.636,"Actual Rows": 1,"Actual Loops": 1,"Plans": [{"Node Type": "Hash Join","Parent Relationship": "Outer","Parallel Aware": false,"Async Capable": false,"Join Type": "Inner","Startup Cost": 6369.37,"Total Cost": 195913.93,"Plan Rows": 1989,"Plan Width": 8,"Actual Startup Time": 76.217,"Actual Total Time": 4750.201,"Actual Rows": 452,"Actual Loops": 1,"Inner Unique": true,"Hash Cond": "(lineitem.l_partkey = part.p_partkey)","Join Filter": "(lineitem.l_quantity < (SubPlan 1))","Rows Removed by Join Filter": 4880,"Plans": [{"Node Type": "Seq Scan","Parent Relationship": "Outer","Parallel Aware": false,"Async Capable": false,"Relation Name": "lineitem","Alias": "lineitem","Startup Cost": 0.00,"Total Cost": 172515.15,"Plan Rows": 6001215,"Plan Width": 17,"Actual Startup Time": 0.014,"Actual Total Time": 947.295,"Actual Rows": 6001215,"Actual Loops": 1},{"Node Type": "Hash","Parent Relationship": "Inner","Parallel Aware": false,"Async Capable": false,"Startup Cost": 6366.89,"Total Cost": 6366.89,"Plan Rows": 199,"Plan Width": 4,"Actual Startup Time": 30.657,"Actual Total Time": 31.352,"Actual Rows": 173,"Actual Loops": 1,"Hash Buckets": 1024,"Original Hash Buckets": 1024,"Hash Batches": 1,"Original Hash Batches": 1,"Peak Memory Usage": 15,"Plans": [{"Node Type": "Gather","Parent Relationship": "Outer","Parallel Aware": false,"Async Capable": false,"Startup Cost": 1000.00,"Total Cost": 6366.89,"Plan Rows": 199,"Plan Width": 4,"Actual Startup Time": 1.933,"Actual Total Time": 31.264,"Actual Rows": 173,"Actual Loops": 1,"Workers Planned": 2,"Workers Launched": 2,"Single Copy": false,"Plans": [{"Node Type": "Seq Scan","Parent Relationship": "Outer","Parallel Aware": true,"Async Capable": false,"Relation Name": "part","Alias": "part","Startup Cost": 0.00,"Total Cost": 5347.00,"Plan Rows": 83,"Plan Width": 4,"Actual Startup Time": 0.917,"Actual Total Time": 24.774,"Actual Rows": 58,"Actual Loops": 3,"Filter": "((p_brand = 'Brand#21'::bpchar) AND (p_container = 'MED PKG'::bpchar))","Rows Removed by Filter": 66609,"Workers": []}]}]},{"Node Type": "Aggregate","Strategy": "Plain","Partial Mode": "Simple","Parent Relationship": "SubPlan","Subplan Name": "SubPlan 1","Parallel Aware": false,"Async Capable": false,"Startup Cost": 127.60,"Total Cost": 127.61,"Plan Rows": 1,"Plan Width": 32,"Actual Startup Time": 0.124,"Actual Total Time": 0.124,"Actual Rows": 1,"Actual Loops": 5332,"Plans": [{"Node Type": "Bitmap Heap Scan","Parent Relationship": "Outer","Parallel Aware": false,"Async Capable": false,"Relation Name": "lineitem","Alias": "lineitem_1","Startup Cost": 4.67,"Total Cost": 127.52,"Plan Rows": 31,"Plan Width": 5,"Actual Startup Time": 0.013,"Actual Total Time": 0.117,"Actual Rows": 32,"Actual Loops": 5332,"Recheck Cond": "(l_partkey = part.p_partkey)","Rows Removed by Index Recheck": 0,"Exact Heap Blocks": 169843,"Lossy Heap Blocks": 0,"Plans": [{"Node Type": "Bitmap Index Scan","Parent Relationship": "Outer","Parallel Aware": false,"Async Capable": false,"Index Name": "idx_lineitem_part_supp","Startup Cost": 0.00,"Total Cost": 4.67,"Plan Rows": 31,"Plan Width": 0,"Actual Startup Time": 0.007,"Actual Total Time": 0.007,"Actual Rows": 32,"Actual Loops": 5332,"Index Cond": "(l_partkey = part.p_partkey)"}]}]}]}]},"Planning Time": 4.547,"Triggers": [],"Execution Time": 4751.023}]
[{"Plan": {"Node Type": "Aggregate","Strategy": "Plain","Partial Mode": "Simple","Parallel Aware": false,"Async Capable": false,"Startup Cost": 195918.30,"Total Cost": 195918.31,"Plan Rows": 1,"Plan Width": 32,"Actual Startup Time": 4784.639,"Actual Total Time": 4785.189,"Actual Rows": 1,"Actual Loops": 1,"Plans": [{"Node Type": "Hash Join","Parent Relationship": "Outer","Parallel Aware": false,"Async Capable": false,"Join Type": "Inner","Startup Cost": 6368.88,"Total Cost": 195913.43,"Plan Rows": 1945,"Plan Width": 8,"Actual Startup Time": 46.366,"Actual Total Time": 4784.964,"Actual Rows": 450,"Actual Loops": 1,"Inner Unique": true,"Hash Cond": "(lineitem.l_partkey = part.p_partkey)","Join Filter": "(lineitem.l_quantity < (SubPlan 1))","Rows Removed by Join Filter": 4860,"Plans": [{"Node Type": "Seq Scan","Parent Relationship": "Outer","Parallel Aware": false,"Async Capable": false,"Relation Name": "lineitem","Alias": "lineitem","Startup Cost": 0.00,"Total Cost": 172515.15,"Plan Rows": 6001215,"Plan Width": 17,"Actual Startup Time": 0.019,"Actual Total Time": 934.687,"Actual Rows": 6001215,"Actual Loops": 1},{"Node Type": "Hash","Parent Relationship": "Inner","Parallel Aware": false,"Async Capable": false,"Startup Cost": 6366.45,"Total Cost": 6366.45,"Plan Rows": 194,"Plan Width": 4,"Actual Startup Time": 31.476,"Actual Total Time": 32.010,"Actual Rows": 178,"Actual Loops": 1,"Hash Buckets": 1024,"Original Hash Buckets": 1024,"Hash Batches": 1,"Original Hash Batches": 1,"Peak Memory Usage": 15,"Plans": [{"Node Type": "Gather","Parent Relationship": "Outer","Parallel Aware": false,"Async Capable": false,"Startup Cost": 1000.00,"Total Cost": 6366.45,"Plan Rows": 194,"Plan Width": 4,"Actual Startup Time": 0.612,"Actual Total Time": 31.934,"Actual Rows": 178,"Actual Loops": 1,"Workers Planned": 2,"Workers Launched": 2,"Single Copy": false,"Plans": [{"Node Type": "Seq Scan","Parent Relationship": "Outer","Parallel Aware": true,"Async Capable": false,"Relation Name": "part","Alias": "part","Startup Cost": 0.00,"Total Cost": 5347.00,"Plan Rows": 81,"Plan Width": 4,"Actual Startup Time": 0.899,"Actual Total Time": 25.965,"Actual Rows": 59,"Actual Loops": 3,"Filter": "((p_brand = 'Brand#43'::bpchar) AND (p_container = 'WRAP CASE'::bpchar))","Rows Removed by Filter": 66607,"Workers": []}]}]},{"Node Type": "Aggregate","Strategy": "Plain","Partial Mode": "Simple","Parent Relationship": "SubPlan","Subplan Name": "SubPlan 1","Parallel Aware": false,"Async Capable": false,"Startup Cost": 127.60,"Total Cost": 127.61,"Plan Rows": 1,"Plan Width": 32,"Actual Startup Time": 0.123,"Actual Total Time": 0.123,"Actual Rows": 1,"Actual Loops": 5310,"Plans": [{"Node Type": "Bitmap Heap Scan","Parent Relationship": "Outer","Parallel Aware": false,"Async Capable": false,"Relation Name": "lineitem","Alias": "lineitem_1","Startup Cost": 4.67,"Total Cost": 127.52,"Plan Rows": 31,"Plan Width": 5,"Actual Startup Time": 0.013,"Actual Total Time": 0.116,"Actual Rows": 31,"Actual Loops": 5310,"Recheck Cond": "(l_partkey = part.p_partkey)","Rows Removed by Index Recheck": 0,"Exact Heap Blocks": 163052,"Lossy Heap Blocks": 0,"Plans": [{"Node Type": "Bitmap Index Scan","Parent Relationship": "Outer","Parallel Aware": false,"Async Capable": false,"Index Name": "idx_lineitem_part_supp","Startup Cost": 0.00,"Total Cost": 4.67,"Plan Rows": 31,"Plan Width": 0,"Actual Startup Time": 0.007,"Actual Total Time": 0.007,"Actual Rows": 31,"Actual Loops": 5310,"Index Cond": "(l_partkey = part.p_partkey)"}]}]}]}]},"Planning Time": 4.599,"Triggers": [],"Execution Time": 4785.467}]
[{"Plan": {"Node Type": "Aggregate","Strategy": "Plain","Partial Mode": "Simple","Parallel Aware": false,"Async Capable": false,"Startup Cost": 195917.42,"Total Cost": 195917.43,"Plan Rows": 1,"Plan Width": 32,"Actual Startup Time": 4956.829,"Actual Total Time": 4957.602,"Actual Rows": 1,"Actual Loops": 1,"Plans": [{"Node Type": "Hash Join","Parent Relationship": "Outer","Parallel Aware": false,"Async Capable": false,"Join Type": "Inner","Startup Cost": 6368.16,"Total Cost": 195912.72,"Plan Rows": 1881,"Plan Width": 8,"Actual Startup Time": 33.818,"Actual Total Time": 4957.160,"Actual Rows": 525,"Actual Loops": 1,"Inner Unique": true,"Hash Cond": "(lineitem.l_partkey = part.p_partkey)","Join Filter": "(lineitem.l_quantity < (SubPlan 1))","Rows Removed by Join Filter": 5247,"Plans": [{"Node Type": "Seq Scan","Parent Relationship": "Outer","Parallel Aware": false,"Async Capable": false,"Relation Name": "lineitem","Alias": "lineitem","Startup Cost": 0.00,"Total Cost": 172515.15,"Plan Rows": 6001215,"Plan Width": 17,"Actual Startup Time": 0.011,"Actual Total Time": 1012.556,"Actual Rows": 6001215,"Actual Loops": 1},{"Node Type": "Hash","Parent Relationship": "Inner","Parallel Aware": false,"Async Capable": false,"Startup Cost": 6365.81,"Total Cost": 6365.81,"Plan Rows": 188,"Plan Width": 4,"Actual Startup Time": 29.594,"Actual Total Time": 30.314,"Actual Rows": 193,"Actual Loops": 1,"Hash Buckets": 1024,"Original Hash Buckets": 1024,"Hash Batches": 1,"Original Hash Batches": 1,"Peak Memory Usage": 15,"Plans": [{"Node Type": "Gather","Parent Relationship": "Outer","Parallel Aware": false,"Async Capable": false,"Startup Cost": 1000.00,"Total Cost": 6365.81,"Plan Rows": 188,"Plan Width": 4,"Actual Startup Time": 0.989,"Actual Total Time": 30.231,"Actual Rows": 193,"Actual Loops": 1,"Workers Planned": 2,"Workers Launched": 2,"Single Copy": false,"Plans": [{"Node Type": "Seq Scan","Parent Relationship": "Outer","Parallel Aware": true,"Async Capable": false,"Relation Name": "part","Alias": "part","Startup Cost": 0.00,"Total Cost": 5347.00,"Plan Rows": 78,"Plan Width": 4,"Actual Startup Time": 0.749,"Actual Total Time": 24.088,"Actual Rows": 64,"Actual Loops": 3,"Filter": "((p_brand = 'Brand#23'::bpchar) AND (p_container = 'WRAP DRUM'::bpchar))","Rows Removed by Filter": 66602,"Workers": []}]}]},{"Node Type": "Aggregate","Strategy": "Plain","Partial Mode": "Simple","Parent Relationship": "SubPlan","Subplan Name": "SubPlan 1","Parallel Aware": false,"Async Capable": false,"Startup Cost": 127.60,"Total Cost": 127.61,"Plan Rows": 1,"Plan Width": 32,"Actual Startup Time": 0.140,"Actual Total Time": 0.140,"Actual Rows": 1,"Actual Loops": 5772,"Plans": [{"Node Type": "Bitmap Heap Scan","Parent Relationship": "Outer","Parallel Aware": false,"Async Capable": false,"Relation Name": "lineitem","Alias": "lineitem_1","Startup Cost": 4.67,"Total Cost": 127.52,"Plan Rows": 31,"Plan Width": 5,"Actual Startup Time": 0.014,"Actual Total Time": 0.132,"Actual Rows": 31,"Actual Loops": 5772,"Recheck Cond": "(l_partkey = part.p_partkey)","Rows Removed by Index Recheck": 0,"Exact Heap Blocks": 177910,"Lossy Heap Blocks": 0,"Plans": [{"Node Type": "Bitmap Index Scan","Parent Relationship": "Outer","Parallel Aware": false,"Async Capable": false,"Index Name": "idx_lineitem_part_supp","Startup Cost": 0.00,"Total Cost": 4.67,"Plan Rows": 31,"Plan Width": 0,"Actual Startup Time": 0.008,"Actual Total Time": 0.008,"Actual Rows": 31,"Actual Loops": 5772,"Index Cond": "(l_partkey = part.p_partkey)"}]}]}]}]},"Planning Time": 4.588,"Triggers": [],"Execution Time": 4958.011}]
[{"Plan": {"Node Type": "Aggregate","Strategy": "Plain","Partial Mode": "Simple","Parallel Aware": false,"Async Capable": false,"Startup Cost": 195918.90,"Total Cost": 195918.92,"Plan Rows": 1,"Plan Width": 32,"Actual Startup Time": 4907.669,"Actual Total Time": 4908.166,"Actual Rows": 1,"Actual Loops": 1,"Plans": [{"Node Type": "Hash Join","Parent Relationship": "Outer","Parallel Aware": false,"Async Capable": false,"Join Type": "Inner","Startup Cost": 6369.37,"Total Cost": 195913.93,"Plan Rows": 1989,"Plan Width": 8,"Actual Startup Time": 34.591,"Actual Total Time": 4907.971,"Actual Rows": 555,"Actual Loops": 1,"Inner Unique": true,"Hash Cond": "(lineitem.l_partkey = part.p_partkey)","Join Filter": "(lineitem.l_quantity < (SubPlan 1))","Rows Removed by Join Filter": 5647,"Plans": [{"Node Type": "Seq Scan","Parent Relationship": "Outer","Parallel Aware": false,"Async Capable": false,"Relation Name": "lineitem","Alias": "lineitem","Startup Cost": 0.00,"Total Cost": 172515.15,"Plan Rows": 6001215,"Plan Width": 17,"Actual Startup Time": 0.017,"Actual Total Time": 1031.314,"Actual Rows": 6001215,"Actual Loops": 1},{"Node Type": "Hash","Parent Relationship": "Inner","Parallel Aware": false,"Async Capable": false,"Startup Cost": 6366.89,"Total Cost": 6366.89,"Plan Rows": 199,"Plan Width": 4,"Actual Startup Time": 32.758,"Actual Total Time": 33.232,"Actual Rows": 208,"Actual Loops": 1,"Hash Buckets": 1024,"Original Hash Buckets": 1024,"Hash Batches": 1,"Original Hash Batches": 1,"Peak Memory Usage": 16,"Plans": [{"Node Type": "Gather","Parent Relationship": "Outer","Parallel Aware": false,"Async Capable": false,"Startup Cost": 1000.00,"Total Cost": 6366.89,"Plan Rows": 199,"Plan Width": 4,"Actual Startup Time": 2.048,"Actual Total Time": 33.183,"Actual Rows": 208,"Actual Loops": 1,"Workers Planned": 2,"Workers Launched": 2,"Single Copy": false,"Plans": [{"Node Type": "Seq Scan","Parent Relationship": "Outer","Parallel Aware": true,"Async Capable": false,"Relation Name": "part","Alias": "part","Startup Cost": 0.00,"Total Cost": 5347.00,"Plan Rows": 83,"Plan Width": 4,"Actual Startup Time": 1.403,"Actual Total Time": 26.728,"Actual Rows": 69,"Actual Loops": 3,"Filter": "((p_brand = 'Brand#21'::bpchar) AND (p_container = 'WRAP PKG'::bpchar))","Rows Removed by Filter": 66597,"Workers": []}]}]},{"Node Type": "Aggregate","Strategy": "Plain","Partial Mode": "Simple","Parent Relationship": "SubPlan","Subplan Name": "SubPlan 1","Parallel Aware": false,"Async Capable": false,"Startup Cost": 127.60,"Total Cost": 127.61,"Plan Rows": 1,"Plan Width": 32,"Actual Startup Time": 0.126,"Actual Total Time": 0.126,"Actual Rows": 1,"Actual Loops": 6202,"Plans": [{"Node Type": "Bitmap Heap Scan","Parent Relationship": "Outer","Parallel Aware": false,"Async Capable": false,"Relation Name": "lineitem","Alias": "lineitem_1","Startup Cost": 4.67,"Total Cost": 127.52,"Plan Rows": 31,"Plan Width": 5,"Actual Startup Time": 0.014,"Actual Total Time": 0.119,"Actual Rows": 31,"Actual Loops": 6202,"Recheck Cond": "(l_partkey = part.p_partkey)","Rows Removed by Index Recheck": 0,"Exact Heap Blocks": 191786,"Lossy Heap Blocks": 0,"Plans": [{"Node Type": "Bitmap Index Scan","Parent Relationship": "Outer","Parallel Aware": false,"Async Capable": false,"Index Name": "idx_lineitem_part_supp","Startup Cost": 0.00,"Total Cost": 4.67,"Plan Rows": 31,"Plan Width": 0,"Actual Startup Time": 0.008,"Actual Total Time": 0.008,"Actual Rows": 31,"Actual Loops": 6202,"Index Cond": "(l_partkey = part.p_partkey)"}]}]}]}]},"Planning Time": 5.929,"Triggers": [],"Execution Time": 4908.463}]
[{"Plan": {"Node Type": "Aggregate","Strategy": "Plain","Partial Mode": "Simple","Parallel Aware": false,"Async Capable": false,"Startup Cost": 195919.15,"Total Cost": 195919.16,"Plan Rows": 1,"Plan Width": 32,"Actual Startup Time": 4832.336,"Actual Total Time": 4832.769,"Actual Rows": 1,"Actual Loops": 1,"Plans": [{"Node Type": "Hash Join","Parent Relationship": "Outer","Parallel Aware": false,"Async Capable": false,"Join Type": "Inner","Startup Cost": 6369.57,"Total Cost": 195914.13,"Plan Rows": 2007,"Plan Width": 8,"Actual Startup Time": 35.715,"Actual Total Time": 4832.586,"Actual Rows": 535,"Actual Loops": 1,"Inner Unique": true,"Hash Cond": "(lineitem.l_partkey = part.p_partkey)","Join Filter": "(lineitem.l_quantity < (SubPlan 1))","Rows Removed by Join Filter": 5129,"Plans": [{"Node Type": "Seq Scan","Parent Relationship": "Outer","Parallel Aware": false,"Async Capable": false,"Relation Name": "lineitem","Alias": "lineitem","Startup Cost": 0.00,"Total Cost": 172515.15,"Plan Rows": 6001215,"Plan Width": 17,"Actual Startup Time": 0.016,"Actual Total Time": 937.727,"Actual Rows": 6001215,"Actual Loops": 1},{"Node Type": "Hash","Parent Relationship": "Inner","Parallel Aware": false,"Async Capable": false,"Startup Cost": 6367.07,"Total Cost": 6367.07,"Plan Rows": 201,"Plan Width": 4,"Actual Startup Time": 31.197,"Actual Total Time": 31.611,"Actual Rows": 189,"Actual Loops": 1,"Hash Buckets": 1024,"Original Hash Buckets": 1024,"Hash Batches": 1,"Original Hash Batches": 1,"Peak Memory Usage": 15,"Plans": [{"Node Type": "Gather","Parent Relationship": "Outer","Parallel Aware": false,"Async Capable": false,"Startup Cost": 1000.00,"Total Cost": 6367.07,"Plan Rows": 201,"Plan Width": 4,"Actual Startup Time": 0.733,"Actual Total Time": 31.535,"Actual Rows": 189,"Actual Loops": 1,"Workers Planned": 2,"Workers Launched": 2,"Single Copy": false,"Plans": [{"Node Type": "Seq Scan","Parent Relationship": "Outer","Parallel Aware": true,"Async Capable": false,"Relation Name": "part","Alias": "part","Startup Cost": 0.00,"Total Cost": 5347.00,"Plan Rows": 84,"Plan Width": 4,"Actual Startup Time": 0.543,"Actual Total Time": 25.405,"Actual Rows": 63,"Actual Loops": 3,"Filter": "((p_brand = 'Brand#11'::bpchar) AND (p_container = 'MED BAG'::bpchar))","Rows Removed by Filter": 66604,"Workers": []}]}]},{"Node Type": "Aggregate","Strategy": "Plain","Partial Mode": "Simple","Parent Relationship": "SubPlan","Subplan Name": "SubPlan 1","Parallel Aware": false,"Async Capable": false,"Startup Cost": 127.60,"Total Cost": 127.61,"Plan Rows": 1,"Plan Width": 32,"Actual Startup Time": 0.121,"Actual Total Time": 0.121,"Actual Rows": 1,"Actual Loops": 5664,"Plans": [{"Node Type": "Bitmap Heap Scan","Parent Relationship": "Outer","Parallel Aware": false,"Async Capable": false,"Relation Name": "lineitem","Alias": "lineitem_1","Startup Cost": 4.67,"Total Cost": 127.52,"Plan Rows": 31,"Plan Width": 5,"Actual Startup Time": 0.013,"Actual Total Time": 0.114,"Actual Rows": 31,"Actual Loops": 5664,"Recheck Cond": "(l_partkey = part.p_partkey)","Rows Removed by Index Recheck": 0,"Exact Heap Blocks": 176325,"Lossy Heap Blocks": 0,"Plans": [{"Node Type": "Bitmap Index Scan","Parent Relationship": "Outer","Parallel Aware": false,"Async Capable": false,"Index Name": "idx_lineitem_part_supp","Startup Cost": 0.00,"Total Cost": 4.67,"Plan Rows": 31,"Plan Width": 0,"Actual Startup Time": 0.007,"Actual Total Time": 0.007,"Actual Rows": 31,"Actual Loops": 5664,"Index Cond": "(l_partkey = part.p_partkey)"}]}]}]}]},"Planning Time": 4.298,"Triggers": [],"Execution Time": 4833.023}]
[{"Plan": {"Node Type": "Aggregate","Strategy": "Plain","Partial Mode": "Simple","Parallel Aware": false,"Async Capable": false,"Startup Cost": 195915.98,"Total Cost": 195915.99,"Plan Rows": 1,"Plan Width": 32,"Actual Startup Time": 4645.741,"Actual Total Time": 4646.311,"Actual Rows": 1,"Actual Loops": 1,"Plans": [{"Node Type": "Hash Join","Parent Relationship": "Outer","Parallel Aware": false,"Async Capable": false,"Join Type": "Inner","Startup Cost": 6366.98,"Total Cost": 195911.54,"Plan Rows": 1777,"Plan Width": 8,"Actual Startup Time": 32.600,"Actual Total Time": 4646.031,"Actual Rows": 444,"Actual Loops": 1,"Inner Unique": true,"Hash Cond": "(lineitem.l_partkey = part.p_partkey)","Join Filter": "(lineitem.l_quantity < (SubPlan 1))","Rows Removed by Join Filter": 4545,"Plans": [{"Node Type": "Seq Scan","Parent Relationship": "Outer","Parallel Aware": false,"Async Capable": false,"Relation Name": "lineitem","Alias": "lineitem","Startup Cost": 0.00,"Total Cost": 172515.15,"Plan Rows": 6001215,"Plan Width": 17,"Actual Startup Time": 0.023,"Actual Total Time": 950.404,"Actual Rows": 6001215,"Actual Loops": 1},{"Node Type": "Hash","Parent Relationship": "Inner","Parallel Aware": false,"Async Capable": false,"Startup Cost": 6364.76,"Total Cost": 6364.76,"Plan Rows": 178,"Plan Width": 4,"Actual Startup Time": 31.496,"Actual Total Time": 32.048,"Actual Rows": 171,"Actual Loops": 1,"Hash Buckets": 1024,"Original Hash Buckets": 1024,"Hash Batches": 1,"Original Hash Batches": 1,"Peak Memory Usage": 15,"Plans": [{"Node Type": "Gather","Parent Relationship": "Outer","Parallel Aware": false,"Async Capable": false,"Startup Cost": 1000.00,"Total Cost": 6364.76,"Plan Rows": 178,"Plan Width": 4,"Actual Startup Time": 2.803,"Actual Total Time": 31.963,"Actual Rows": 171,"Actual Loops": 1,"Workers Planned": 2,"Workers Launched": 2,"Single Copy": false,"Plans": [{"Node Type": "Seq Scan","Parent Relationship": "Outer","Parallel Aware": true,"Async Capable": false,"Relation Name": "part","Alias": "part","Startup Cost": 0.00,"Total Cost": 5347.00,"Plan Rows": 74,"Plan Width": 4,"Actual Startup Time": 0.890,"Actual Total Time": 25.491,"Actual Rows": 57,"Actual Loops": 3,"Filter": "((p_brand = 'Brand#51'::bpchar) AND (p_container = 'WRAP PACK'::bpchar))","Rows Removed by Filter": 66610,"Workers": []}]}]},{"Node Type": "Aggregate","Strategy": "Plain","Partial Mode": "Simple","Parent Relationship": "SubPlan","Subplan Name": "SubPlan 1","Parallel Aware": false,"Async Capable": false,"Startup Cost": 127.60,"Total Cost": 127.61,"Plan Rows": 1,"Plan Width": 32,"Actual Startup Time": 0.122,"Actual Total Time": 0.122,"Actual Rows": 1,"Actual Loops": 4989,"Plans": [{"Node Type": "Bitmap Heap Scan","Parent Relationship": "Outer","Parallel Aware": false,"Async Capable": false,"Relation Name": "lineitem","Alias": "lineitem_1","Startup Cost": 4.67,"Total Cost": 127.52,"Plan Rows": 31,"Plan Width": 5,"Actual Startup Time": 0.013,"Actual Total Time": 0.115,"Actual Rows": 30,"Actual Loops": 4989,"Recheck Cond": "(l_partkey = part.p_partkey)","Rows Removed by Index Recheck": 0,"Exact Heap Blocks": 150981,"Lossy Heap Blocks": 0,"Plans": [{"Node Type": "Bitmap Index Scan","Parent Relationship": "Outer","Parallel Aware": false,"Async Capable": false,"Index Name": "idx_lineitem_part_supp","Startup Cost": 0.00,"Total Cost": 4.67,"Plan Rows": 31,"Plan Width": 0,"Actual Startup Time": 0.007,"Actual Total Time": 0.007,"Actual Rows": 30,"Actual Loops": 4989,"Index Cond": "(l_partkey = part.p_partkey)"}]}]}]}]},"Planning Time": 4.919,"Triggers": [],"Execution Time": 4646.684}]
[{"Plan": {"Node Type": "Aggregate","Strategy": "Plain","Partial Mode": "Simple","Parallel Aware": false,"Async Capable": false,"Startup Cost": 195918.11,"Total Cost": 195918.12,"Plan Rows": 1,"Plan Width": 32,"Actual Startup Time": 4780.007,"Actual Total Time": 4780.588,"Actual Rows": 1,"Actual Loops": 1,"Plans": [{"Node Type": "Hash Join","Parent Relationship": "Outer","Parallel Aware": false,"Async Capable": false,"Join Type": "Inner","Startup Cost": 6368.72,"Total Cost": 195913.28,"Plan Rows": 1931,"Plan Width": 8,"Actual Startup Time": 32.419,"Actual Total Time": 4780.247,"Actual Rows": 456,"Actual Loops": 1,"Inner Unique": true,"Hash Cond": "(lineitem.l_partkey = part.p_partkey)","Join Filter": "(lineitem.l_quantity < (SubPlan 1))","Rows Removed by Join Filter": 5166,"Plans": [{"Node Type": "Seq Scan","Parent Relationship": "Outer","Parallel Aware": false,"Async Capable": false,"Relation Name": "lineitem","Alias": "lineitem","Startup Cost": 0.00,"Total Cost": 172515.15,"Plan Rows": 6001215,"Plan Width": 17,"Actual Startup Time": 0.015,"Actual Total Time": 978.829,"Actual Rows": 6001215,"Actual Loops": 1},{"Node Type": "Hash","Parent Relationship": "Inner","Parallel Aware": false,"Async Capable": false,"Startup Cost": 6366.31,"Total Cost": 6366.31,"Plan Rows": 193,"Plan Width": 4,"Actual Startup Time": 30.488,"Actual Total Time": 31.038,"Actual Rows": 188,"Actual Loops": 1,"Hash Buckets": 1024,"Original Hash Buckets": 1024,"Hash Batches": 1,"Original Hash Batches": 1,"Peak Memory Usage": 15,"Plans": [{"Node Type": "Gather","Parent Relationship": "Outer","Parallel Aware": false,"Async Capable": false,"Startup Cost": 1000.00,"Total Cost": 6366.31,"Plan Rows": 193,"Plan Width": 4,"Actual Startup Time": 1.508,"Actual Total Time": 30.954,"Actual Rows": 188,"Actual Loops": 1,"Workers Planned": 2,"Workers Launched": 2,"Single Copy": false,"Plans": [{"Node Type": "Seq Scan","Parent Relationship": "Outer","Parallel Aware": true,"Async Capable": false,"Relation Name": "part","Alias": "part","Startup Cost": 0.00,"Total Cost": 5347.00,"Plan Rows": 80,"Plan Width": 4,"Actual Startup Time": 1.168,"Actual Total Time": 24.826,"Actual Rows": 63,"Actual Loops": 3,"Filter": "((p_brand = 'Brand#52'::bpchar) AND (p_container = 'LG BAG'::bpchar))","Rows Removed by Filter": 66604,"Workers": []}]}]},{"Node Type": "Aggregate","Strategy": "Plain","Partial Mode": "Simple","Parent Relationship": "SubPlan","Subplan Name": "SubPlan 1","Parallel Aware": false,"Async Capable": false,"Startup Cost": 127.60,"Total Cost": 127.61,"Plan Rows": 1,"Plan Width": 32,"Actual Startup Time": 0.120,"Actual Total Time": 0.120,"Actual Rows": 1,"Actual Loops": 5622,"Plans": [{"Node Type": "Bitmap Heap Scan","Parent Relationship": "Outer","Parallel Aware": false,"Async Capable": false,"Relation Name": "lineitem","Alias": "lineitem_1","Startup Cost": 4.67,"Total Cost": 127.52,"Plan Rows": 31,"Plan Width": 5,"Actual Startup Time": 0.013,"Actual Total Time": 0.112,"Actual Rows": 31,"Actual Loops": 5622,"Recheck Cond": "(l_partkey = part.p_partkey)","Rows Removed by Index Recheck": 0,"Exact Heap Blocks": 173682,"Lossy Heap Blocks": 0,"Plans": [{"Node Type": "Bitmap Index Scan","Parent Relationship": "Outer","Parallel Aware": false,"Async Capable": false,"Index Name": "idx_lineitem_part_supp","Startup Cost": 0.00,"Total Cost": 4.67,"Plan Rows": 31,"Plan Width": 0,"Actual Startup Time": 0.007,"Actual Total Time": 0.007,"Actual Rows": 31,"Actual Loops": 5622,"Index Cond": "(l_partkey = part.p_partkey)"}]}]}]}]},"Planning Time": 5.823,"Triggers": [],"Execution Time": 4780.908}]
[{"Plan": {"Node Type": "Aggregate","Strategy": "Plain","Partial Mode": "Simple","Parallel Aware": false,"Async Capable": false,"Startup Cost": 195918.14,"Total Cost": 195918.16,"Plan Rows": 1,"Plan Width": 32,"Actual Startup Time": 4810.850,"Actual Total Time": 4811.545,"Actual Rows": 1,"Actual Loops": 1,"Plans": [{"Node Type": "Hash Join","Parent Relationship": "Outer","Parallel Aware": false,"Async Capable": false,"Join Type": "Inner","Startup Cost": 6368.75,"Total Cost": 195913.31,"Plan Rows": 1934,"Plan Width": 8,"Actual Startup Time": 51.022,"Actual Total Time": 4811.065,"Actual Rows": 481,"Actual Loops": 1,"Inner Unique": true,"Hash Cond": "(lineitem.l_partkey = part.p_partkey)","Join Filter": "(lineitem.l_quantity < (SubPlan 1))","Rows Removed by Join Filter": 5148,"Plans": [{"Node Type": "Seq Scan","Parent Relationship": "Outer","Parallel Aware": false,"Async Capable": false,"Relation Name": "lineitem","Alias": "lineitem","Startup Cost": 0.00,"Total Cost": 172515.15,"Plan Rows": 6001215,"Plan Width": 17,"Actual Startup Time": 0.015,"Actual Total Time": 979.453,"Actual Rows": 6001215,"Actual Loops": 1},{"Node Type": "Hash","Parent Relationship": "Inner","Parallel Aware": false,"Async Capable": false,"Startup Cost": 6366.34,"Total Cost": 6366.34,"Plan Rows": 193,"Plan Width": 4,"Actual Startup Time": 32.318,"Actual Total Time": 32.981,"Actual Rows": 193,"Actual Loops": 1,"Hash Buckets": 1024,"Original Hash Buckets": 1024,"Hash Batches": 1,"Original Hash Batches": 1,"Peak Memory Usage": 15,"Plans": [{"Node Type": "Gather","Parent Relationship": "Outer","Parallel Aware": false,"Async Capable": false,"Startup Cost": 1000.00,"Total Cost": 6366.34,"Plan Rows": 193,"Plan Width": 4,"Actual Startup Time": 1.282,"Actual Total Time": 32.924,"Actual Rows": 193,"Actual Loops": 1,"Workers Planned": 2,"Workers Launched": 2,"Single Copy": false,"Plans": [{"Node Type": "Seq Scan","Parent Relationship": "Outer","Parallel Aware": true,"Async Capable": false,"Relation Name": "part","Alias": "part","Startup Cost": 0.00,"Total Cost": 5347.00,"Plan Rows": 81,"Plan Width": 4,"Actual Startup Time": 0.758,"Actual Total Time": 26.696,"Actual Rows": 64,"Actual Loops": 3,"Filter": "((p_brand = 'Brand#13'::bpchar) AND (p_container = 'JUMBO PACK'::bpchar))","Rows Removed by Filter": 66602,"Workers": []}]}]},{"Node Type": "Aggregate","Strategy": "Plain","Partial Mode": "Simple","Parent Relationship": "SubPlan","Subplan Name": "SubPlan 1","Parallel Aware": false,"Async Capable": false,"Startup Cost": 127.60,"Total Cost": 127.61,"Plan Rows": 1,"Plan Width": 32,"Actual Startup Time": 0.121,"Actual Total Time": 0.121,"Actual Rows": 1,"Actual Loops": 5629,"Plans": [{"Node Type": "Bitmap Heap Scan","Parent Relationship": "Outer","Parallel Aware": false,"Async Capable": false,"Relation Name": "lineitem","Alias": "lineitem_1","Startup Cost": 4.67,"Total Cost": 127.52,"Plan Rows": 31,"Plan Width": 5,"Actual Startup Time": 0.013,"Actual Total Time": 0.114,"Actual Rows": 30,"Actual Loops": 5629,"Recheck Cond": "(l_partkey = part.p_partkey)","Rows Removed by Index Recheck": 0,"Exact Heap Blocks": 169222,"Lossy Heap Blocks": 0,"Plans": [{"Node Type": "Bitmap Index Scan","Parent Relationship": "Outer","Parallel Aware": false,"Async Capable": false,"Index Name": "idx_lineitem_part_supp","Startup Cost": 0.00,"Total Cost": 4.67,"Plan Rows": 31,"Plan Width": 0,"Actual Startup Time": 0.007,"Actual Total Time": 0.007,"Actual Rows": 30,"Actual Loops": 5629,"Index Cond": "(l_partkey = part.p_partkey)"}]}]}]}]},"Planning Time": 5.481,"Triggers": [],"Execution Time": 4811.854}]
[{"Plan": {"Node Type": "Aggregate","Strategy": "Plain","Partial Mode": "Simple","Parallel Aware": false,"Async Capable": false,"Startup Cost": 195919.36,"Total Cost": 195919.37,"Plan Rows": 1,"Plan Width": 32,"Actual Startup Time": 5006.450,"Actual Total Time": 5007.139,"Actual Rows": 1,"Actual Loops": 1,"Plans": [{"Node Type": "Hash Join","Parent Relationship": "Outer","Parallel Aware": false,"Async Capable": false,"Join Type": "Inner","Startup Cost": 6369.75,"Total Cost": 195914.30,"Plan Rows": 2022,"Plan Width": 8,"Actual Startup Time": 51.101,"Actual Total Time": 5006.641,"Actual Rows": 647,"Actual Loops": 1,"Inner Unique": true,"Hash Cond": "(lineitem.l_partkey = part.p_partkey)","Join Filter": "(lineitem.l_quantity < (SubPlan 1))","Rows Removed by Join Filter": 6230,"Plans": [{"Node Type": "Seq Scan","Parent Relationship": "Outer","Parallel Aware": false,"Async Capable": false,"Relation Name": "lineitem","Alias": "lineitem","Startup Cost": 0.00,"Total Cost": 172515.15,"Plan Rows": 6001215,"Plan Width": 17,"Actual Startup Time": 0.017,"Actual Total Time": 982.817,"Actual Rows": 6001215,"Actual Loops": 1},{"Node Type": "Hash","Parent Relationship": "Inner","Parallel Aware": false,"Async Capable": false,"Startup Cost": 6367.22,"Total Cost": 6367.22,"Plan Rows": 202,"Plan Width": 4,"Actual Startup Time": 32.782,"Actual Total Time": 33.431,"Actual Rows": 232,"Actual Loops": 1,"Hash Buckets": 1024,"Original Hash Buckets": 1024,"Hash Batches": 1,"Original Hash Batches": 1,"Peak Memory Usage": 17,"Plans": [{"Node Type": "Gather","Parent Relationship": "Outer","Parallel Aware": false,"Async Capable": false,"Startup Cost": 1000.00,"Total Cost": 6367.22,"Plan Rows": 202,"Plan Width": 4,"Actual Startup Time": 0.677,"Actual Total Time": 33.317,"Actual Rows": 232,"Actual Loops": 1,"Workers Planned": 2,"Workers Launched": 2,"Single Copy": false,"Plans": [{"Node Type": "Seq Scan","Parent Relationship": "Outer","Parallel Aware": true,"Async Capable": false,"Relation Name": "part","Alias": "part","Startup Cost": 0.00,"Total Cost": 5347.00,"Plan Rows": 84,"Plan Width": 4,"Actual Startup Time": 0.397,"Actual Total Time": 27.211,"Actual Rows": 77,"Actual Loops": 3,"Filter": "((p_brand = 'Brand#53'::bpchar) AND (p_container = 'MED BOX'::bpchar))","Rows Removed by Filter": 66589,"Workers": []}]}]},{"Node Type": "Aggregate","Strategy": "Plain","Partial Mode": "Simple","Parent Relationship": "SubPlan","Subplan Name": "SubPlan 1","Parallel Aware": false,"Async Capable": false,"Startup Cost": 127.60,"Total Cost": 127.61,"Plan Rows": 1,"Plan Width": 32,"Actual Startup Time": 0.122,"Actual Total Time": 0.122,"Actual Rows": 1,"Actual Loops": 6877,"Plans": [{"Node Type": "Bitmap Heap Scan","Parent Relationship": "Outer","Parallel Aware": false,"Async Capable": false,"Relation Name": "lineitem","Alias": "lineitem_1","Startup Cost": 4.67,"Total Cost": 127.52,"Plan Rows": 31,"Plan Width": 5,"Actual Startup Time": 0.013,"Actual Total Time": 0.114,"Actual Rows": 31,"Actual Loops": 6877,"Recheck Cond": "(l_partkey = part.p_partkey)","Rows Removed by Index Recheck": 0,"Exact Heap Blocks": 211582,"Lossy Heap Blocks": 0,"Plans": [{"Node Type": "Bitmap Index Scan","Parent Relationship": "Outer","Parallel Aware": false,"Async Capable": false,"Index Name": "idx_lineitem_part_supp","Startup Cost": 0.00,"Total Cost": 4.67,"Plan Rows": 31,"Plan Width": 0,"Actual Startup Time": 0.007,"Actual Total Time": 0.007,"Actual Rows": 31,"Actual Loops": 6877,"Index Cond": "(l_partkey = part.p_partkey)"}]}]}]}]},"Planning Time": 4.406,"Triggers": [],"Execution Time": 5007.512}]
[{"Plan": {"Node Type": "Aggregate","Strategy": "Plain","Partial Mode": "Simple","Parallel Aware": false,"Async Capable": false,"Startup Cost": 195918.30,"Total Cost": 195918.31,"Plan Rows": 1,"Plan Width": 32,"Actual Startup Time": 4717.190,"Actual Total Time": 4717.763,"Actual Rows": 1,"Actual Loops": 1,"Plans": [{"Node Type": "Hash Join","Parent Relationship": "Outer","Parallel Aware": false,"Async Capable": false,"Join Type": "Inner","Startup Cost": 6368.88,"Total Cost": 195913.43,"Plan Rows": 1945,"Plan Width": 8,"Actual Startup Time": 44.508,"Actual Total Time": 4717.570,"Actual Rows": 459,"Actual Loops": 1,"Inner Unique": true,"Hash Cond": "(lineitem.l_partkey = part.p_partkey)","Join Filter": "(lineitem.l_quantity < (SubPlan 1))","Rows Removed by Join Filter": 4594,"Plans": [{"Node Type": "Seq Scan","Parent Relationship": "Outer","Parallel Aware": false,"Async Capable": false,"Relation Name": "lineitem","Alias": "lineitem","Startup Cost": 0.00,"Total Cost": 172515.15,"Plan Rows": 6001215,"Plan Width": 17,"Actual Startup Time": 0.014,"Actual Total Time": 1015.798,"Actual Rows": 6001215,"Actual Loops": 1},{"Node Type": "Hash","Parent Relationship": "Inner","Parallel Aware": false,"Async Capable": false,"Startup Cost": 6366.45,"Total Cost": 6366.45,"Plan Rows": 195,"Plan Width": 4,"Actual Startup Time": 32.653,"Actual Total Time": 33.205,"Actual Rows": 169,"Actual Loops": 1,"Hash Buckets": 1024,"Original Hash Buckets": 1024,"Hash Batches": 1,"Original Hash Batches": 1,"Peak Memory Usage": 14,"Plans": [{"Node Type": "Gather","Parent Relationship": "Outer","Parallel Aware": false,"Async Capable": false,"Startup Cost": 1000.00,"Total Cost": 6366.45,"Plan Rows": 195,"Plan Width": 4,"Actual Startup Time": 1.072,"Actual Total Time": 33.142,"Actual Rows": 169,"Actual Loops": 1,"Workers Planned": 2,"Workers Launched": 2,"Single Copy": false,"Plans": [{"Node Type": "Seq Scan","Parent Relationship": "Outer","Parallel Aware": true,"Async Capable": false,"Relation Name": "part","Alias": "part","Startup Cost": 0.00,"Total Cost": 5347.00,"Plan Rows": 81,"Plan Width": 4,"Actual Startup Time": 0.644,"Actual Total Time": 26.787,"Actual Rows": 56,"Actual Loops": 3,"Filter": "((p_brand = 'Brand#51'::bpchar) AND (p_container = 'LG PACK'::bpchar))","Rows Removed by Filter": 66610,"Workers": []}]}]},{"Node Type": "Aggregate","Strategy": "Plain","Partial Mode": "Simple","Parent Relationship": "SubPlan","Subplan Name": "SubPlan 1","Parallel Aware": false,"Async Capable": false,"Startup Cost": 127.60,"Total Cost": 127.61,"Plan Rows": 1,"Plan Width": 32,"Actual Startup Time": 0.135,"Actual Total Time": 0.135,"Actual Rows": 1,"Actual Loops": 5053,"Plans": [{"Node Type": "Bitmap Heap Scan","Parent Relationship": "Outer","Parallel Aware": false,"Async Capable": false,"Relation Name": "lineitem","Alias": "lineitem_1","Startup Cost": 4.67,"Total Cost": 127.52,"Plan Rows": 31,"Plan Width": 5,"Actual Startup Time": 0.014,"Actual Total Time": 0.127,"Actual Rows": 31,"Actual Loops": 5053,"Recheck Cond": "(l_partkey = part.p_partkey)","Rows Removed by Index Recheck": 0,"Exact Heap Blocks": 157342,"Lossy Heap Blocks": 0,"Plans": [{"Node Type": "Bitmap Index Scan","Parent Relationship": "Outer","Parallel Aware": false,"Async Capable": false,"Index Name": "idx_lineitem_part_supp","Startup Cost": 0.00,"Total Cost": 4.67,"Plan Rows": 31,"Plan Width": 0,"Actual Startup Time": 0.008,"Actual Total Time": 0.008,"Actual Rows": 31,"Actual Loops": 5053,"Index Cond": "(l_partkey = part.p_partkey)"}]}]}]}]},"Planning Time": 4.665,"Triggers": [],"Execution Time": 4718.030}]
[{"Plan": {"Node Type": "Aggregate","Strategy": "Plain","Partial Mode": "Simple","Parallel Aware": false,"Async Capable": false,"Startup Cost": 195919.00,"Total Cost": 195919.01,"Plan Rows": 1,"Plan Width": 32,"Actual Startup Time": 4861.912,"Actual Total Time": 4862.703,"Actual Rows": 1,"Actual Loops": 1,"Plans": [{"Node Type": "Hash Join","Parent Relationship": "Outer","Parallel Aware": false,"Async Capable": false,"Join Type": "Inner","Startup Cost": 6369.45,"Total Cost": 195914.01,"Plan Rows": 1996,"Plan Width": 8,"Actual Startup Time": 44.166,"Actual Total Time": 4862.189,"Actual Rows": 545,"Actual Loops": 1,"Inner Unique": true,"Hash Cond": "(lineitem.l_partkey = part.p_partkey)","Join Filter": "(lineitem.l_quantity < (SubPlan 1))","Rows Removed by Join Filter": 5592,"Plans": [{"Node Type": "Seq Scan","Parent Relationship": "Outer","Parallel Aware": false,"Async Capable": false,"Relation Name": "lineitem","Alias": "lineitem","Startup Cost": 0.00,"Total Cost": 172515.15,"Plan Rows": 6001215,"Plan Width": 17,"Actual Startup Time": 0.030,"Actual Total Time": 944.938,"Actual Rows": 6001215,"Actual Loops": 1},{"Node Type": "Hash","Parent Relationship": "Inner","Parallel Aware": false,"Async Capable": false,"Startup Cost": 6366.96,"Total Cost": 6366.96,"Plan Rows": 200,"Plan Width": 4,"Actual Startup Time": 30.751,"Actual Total Time": 31.505,"Actual Rows": 203,"Actual Loops": 1,"Hash Buckets": 1024,"Original Hash Buckets": 1024,"Hash Batches": 1,"Original Hash Batches": 1,"Peak Memory Usage": 16,"Plans": [{"Node Type": "Gather","Parent Relationship": "Outer","Parallel Aware": false,"Async Capable": false,"Startup Cost": 1000.00,"Total Cost": 6366.96,"Plan Rows": 200,"Plan Width": 4,"Actual Startup Time": 1.282,"Actual Total Time": 31.442,"Actual Rows": 203,"Actual Loops": 1,"Workers Planned": 2,"Workers Launched": 2,"Single Copy": false,"Plans": [{"Node Type": "Seq Scan","Parent Relationship": "Outer","Parallel Aware": true,"Async Capable": false,"Relation Name": "part","Alias": "part","Startup Cost": 0.00,"Total Cost": 5347.00,"Plan Rows": 83,"Plan Width": 4,"Actual Startup Time": 0.570,"Actual Total Time": 25.147,"Actual Rows": 68,"Actual Loops": 3,"Filter": "((p_brand = 'Brand#11'::bpchar) AND (p_container = 'JUMBO DRUM'::bpchar))","Rows Removed by Filter": 66599,"Workers": []}]}]},{"Node Type": "Aggregate","Strategy": "Plain","Partial Mode": "Simple","Parent Relationship": "SubPlan","Subplan Name": "SubPlan 1","Parallel Aware": false,"Async Capable": false,"Startup Cost": 127.60,"Total Cost": 127.61,"Plan Rows": 1,"Plan Width": 32,"Actual Startup Time": 0.123,"Actual Total Time": 0.123,"Actual Rows": 1,"Actual Loops": 6137,"Plans": [{"Node Type": "Bitmap Heap Scan","Parent Relationship": "Outer","Parallel Aware": false,"Async Capable": false,"Relation Name": "lineitem","Alias": "lineitem_1","Startup Cost": 4.67,"Total Cost": 127.52,"Plan Rows": 31,"Plan Width": 5,"Actual Startup Time": 0.013,"Actual Total Time": 0.115,"Actual Rows": 31,"Actual Loops": 6137,"Recheck Cond": "(l_partkey = part.p_partkey)","Rows Removed by Index Recheck": 0,"Exact Heap Blocks": 190984,"Lossy Heap Blocks": 0,"Plans": [{"Node Type": "Bitmap Index Scan","Parent Relationship": "Outer","Parallel Aware": false,"Async Capable": false,"Index Name": "idx_lineitem_part_supp","Startup Cost": 0.00,"Total Cost": 4.67,"Plan Rows": 31,"Plan Width": 0,"Actual Startup Time": 0.007,"Actual Total Time": 0.007,"Actual Rows": 31,"Actual Loops": 6137,"Index Cond": "(l_partkey = part.p_partkey)"}]}]}]}]},"Planning Time": 5.837,"Triggers": [],"Execution Time": 4863.010}]
[{"Plan": {"Node Type": "Aggregate","Strategy": "Plain","Partial Mode": "Simple","Parallel Aware": false,"Async Capable": false,"Startup Cost": 195921.23,"Total Cost": 195921.24,"Plan Rows": 1,"Plan Width": 32,"Actual Startup Time": 4754.324,"Actual Total Time": 4754.929,"Actual Rows": 1,"Actual Loops": 1,"Plans": [{"Node Type": "Hash Join","Parent Relationship": "Outer","Parallel Aware": false,"Async Capable": false,"Join Type": "Inner","Startup Cost": 6371.28,"Total Cost": 195915.83,"Plan Rows": 2158,"Plan Width": 8,"Actual Startup Time": 46.653,"Actual Total Time": 4754.698,"Actual Rows": 467,"Actual Loops": 1,"Inner Unique": true,"Hash Cond": "(lineitem.l_partkey = part.p_partkey)","Join Filter": "(lineitem.l_quantity < (SubPlan 1))","Rows Removed by Join Filter": 4775,"Plans": [{"Node Type": "Seq Scan","Parent Relationship": "Outer","Parallel Aware": false,"Async Capable": false,"Relation Name": "lineitem","Alias": "lineitem","Startup Cost": 0.00,"Total Cost": 172515.15,"Plan Rows": 6001215,"Plan Width": 17,"Actual Startup Time": 0.017,"Actual Total Time": 1022.756,"Actual Rows": 6001215,"Actual Loops": 1},{"Node Type": "Hash","Parent Relationship": "Inner","Parallel Aware": false,"Async Capable": false,"Startup Cost": 6368.58,"Total Cost": 6368.58,"Plan Rows": 216,"Plan Width": 4,"Actual Startup Time": 31.479,"Actual Total Time": 32.071,"Actual Rows": 175,"Actual Loops": 1,"Hash Buckets": 1024,"Original Hash Buckets": 1024,"Hash Batches": 1,"Original Hash Batches": 1,"Peak Memory Usage": 15,"Plans": [{"Node Type": "Gather","Parent Relationship": "Outer","Parallel Aware": false,"Async Capable": false,"Startup Cost": 1000.00,"Total Cost": 6368.58,"Plan Rows": 216,"Plan Width": 4,"Actual Startup Time": 1.873,"Actual Total Time": 32.021,"Actual Rows": 175,"Actual Loops": 1,"Workers Planned": 2,"Workers Launched": 2,"Single Copy": false,"Plans": [{"Node Type": "Seq Scan","Parent Relationship": "Outer","Parallel Aware": true,"Async Capable": false,"Relation Name": "part","Alias": "part","Startup Cost": 0.00,"Total Cost": 5347.00,"Plan Rows": 90,"Plan Width": 4,"Actual Startup Time": 1.279,"Actual Total Time": 25.327,"Actual Rows": 58,"Actual Loops": 3,"Filter": "((p_brand = 'Brand#33'::bpchar) AND (p_container = 'SM JAR'::bpchar))","Rows Removed by Filter": 66608,"Workers": []}]}]},{"Node Type": "Aggregate","Strategy": "Plain","Partial Mode": "Simple","Parent Relationship": "SubPlan","Subplan Name": "SubPlan 1","Parallel Aware": false,"Async Capable": false,"Startup Cost": 127.60,"Total Cost": 127.61,"Plan Rows": 1,"Plan Width": 32,"Actual Startup Time": 0.139,"Actual Total Time": 0.139,"Actual Rows": 1,"Actual Loops": 5242,"Plans": [{"Node Type": "Bitmap Heap Scan","Parent Relationship": "Outer","Parallel Aware": false,"Async Capable": false,"Relation Name": "lineitem","Alias": "lineitem_1","Startup Cost": 4.67,"Total Cost": 127.52,"Plan Rows": 31,"Plan Width": 5,"Actual Startup Time": 0.014,"Actual Total Time": 0.132,"Actual Rows": 31,"Actual Loops": 5242,"Recheck Cond": "(l_partkey = part.p_partkey)","Rows Removed by Index Recheck": 0,"Exact Heap Blocks": 162279,"Lossy Heap Blocks": 0,"Plans": [{"Node Type": "Bitmap Index Scan","Parent Relationship": "Outer","Parallel Aware": false,"Async Capable": false,"Index Name": "idx_lineitem_part_supp","Startup Cost": 0.00,"Total Cost": 4.67,"Plan Rows": 31,"Plan Width": 0,"Actual Startup Time": 0.008,"Actual Total Time": 0.008,"Actual Rows": 31,"Actual Loops": 5242,"Index Cond": "(l_partkey = part.p_partkey)"}]}]}]}]},"Planning Time": 4.584,"Triggers": [],"Execution Time": 4755.196}]
[{"Plan": {"Node Type": "Aggregate","Strategy": "Plain","Partial Mode": "Simple","Parallel Aware": false,"Async Capable": false,"Startup Cost": 195918.60,"Total Cost": 195918.61,"Plan Rows": 1,"Plan Width": 32,"Actual Startup Time": 4867.971,"Actual Total Time": 4868.480,"Actual Rows": 1,"Actual Loops": 1,"Plans": [{"Node Type": "Hash Join","Parent Relationship": "Outer","Parallel Aware": false,"Async Capable": false,"Join Type": "Inner","Startup Cost": 6369.12,"Total Cost": 195913.68,"Plan Rows": 1967,"Plan Width": 8,"Actual Startup Time": 50.504,"Actual Total Time": 4868.224,"Actual Rows": 537,"Actual Loops": 1,"Inner Unique": true,"Hash Cond": "(lineitem.l_partkey = part.p_partkey)","Join Filter": "(lineitem.l_quantity < (SubPlan 1))","Rows Removed by Join Filter": 5086,"Plans": [{"Node Type": "Seq Scan","Parent Relationship": "Outer","Parallel Aware": false,"Async Capable": false,"Relation Name": "lineitem","Alias": "lineitem","Startup Cost": 0.00,"Total Cost": 172515.15,"Plan Rows": 6001215,"Plan Width": 17,"Actual Startup Time": 0.026,"Actual Total Time": 1033.665,"Actual Rows": 6001215,"Actual Loops": 1},{"Node Type": "Hash","Parent Relationship": "Inner","Parallel Aware": false,"Async Capable": false,"Startup Cost": 6366.66,"Total Cost": 6366.66,"Plan Rows": 197,"Plan Width": 4,"Actual Startup Time": 34.861,"Actual Total Time": 35.352,"Actual Rows": 190,"Actual Loops": 1,"Hash Buckets": 1024,"Original Hash Buckets": 1024,"Hash Batches": 1,"Original Hash Batches": 1,"Peak Memory Usage": 15,"Plans": [{"Node Type": "Gather","Parent Relationship": "Outer","Parallel Aware": false,"Async Capable": false,"Startup Cost": 1000.00,"Total Cost": 6366.66,"Plan Rows": 197,"Plan Width": 4,"Actual Startup Time": 1.098,"Actual Total Time": 35.275,"Actual Rows": 190,"Actual Loops": 1,"Workers Planned": 2,"Workers Launched": 2,"Single Copy": false,"Plans": [{"Node Type": "Seq Scan","Parent Relationship": "Outer","Parallel Aware": true,"Async Capable": false,"Relation Name": "part","Alias": "part","Startup Cost": 0.00,"Total Cost": 5347.00,"Plan Rows": 82,"Plan Width": 4,"Actual Startup Time": 0.902,"Actual Total Time": 28.522,"Actual Rows": 63,"Actual Loops": 3,"Filter": "((p_brand = 'Brand#12'::bpchar) AND (p_container = 'WRAP CASE'::bpchar))","Rows Removed by Filter": 66603,"Workers": []}]}]},{"Node Type": "Aggregate","Strategy": "Plain","Partial Mode": "Simple","Parent Relationship": "SubPlan","Subplan Name": "SubPlan 1","Parallel Aware": false,"Async Capable": false,"Startup Cost": 127.60,"Total Cost": 127.61,"Plan Rows": 1,"Plan Width": 32,"Actual Startup Time": 0.139,"Actual Total Time": 0.139,"Actual Rows": 1,"Actual Loops": 5623,"Plans": [{"Node Type": "Bitmap Heap Scan","Parent Relationship": "Outer","Parallel Aware": false,"Async Capable": false,"Relation Name": "lineitem","Alias": "lineitem_1","Startup Cost": 4.67,"Total Cost": 127.52,"Plan Rows": 31,"Plan Width": 5,"Actual Startup Time": 0.014,"Actual Total Time": 0.132,"Actual Rows": 30,"Actual Loops": 5623,"Recheck Cond": "(l_partkey = part.p_partkey)","Rows Removed by Index Recheck": 0,"Exact Heap Blocks": 171501,"Lossy Heap Blocks": 0,"Plans": [{"Node Type": "Bitmap Index Scan","Parent Relationship": "Outer","Parallel Aware": false,"Async Capable": false,"Index Name": "idx_lineitem_part_supp","Startup Cost": 0.00,"Total Cost": 4.67,"Plan Rows": 31,"Plan Width": 0,"Actual Startup Time": 0.008,"Actual Total Time": 0.008,"Actual Rows": 30,"Actual Loops": 5623,"Index Cond": "(l_partkey = part.p_partkey)"}]}]}]}]},"Planning Time": 5.886,"Triggers": [],"Execution Time": 4868.853}]
[{"Plan": {"Node Type": "Aggregate","Strategy": "Plain","Partial Mode": "Simple","Parallel Aware": false,"Async Capable": false,"Startup Cost": 195921.19,"Total Cost": 195921.20,"Plan Rows": 1,"Plan Width": 32,"Actual Startup Time": 4809.855,"Actual Total Time": 4810.504,"Actual Rows": 1,"Actual Loops": 1,"Plans": [{"Node Type": "Hash Join","Parent Relationship": "Outer","Parallel Aware": false,"Async Capable": false,"Join Type": "Inner","Startup Cost": 6371.24,"Total Cost": 195915.80,"Plan Rows": 2155,"Plan Width": 8,"Actual Startup Time": 45.036,"Actual Total Time": 4810.059,"Actual Rows": 508,"Actual Loops": 1,"Inner Unique": true,"Hash Cond": "(lineitem.l_partkey = part.p_partkey)","Join Filter": "(lineitem.l_quantity < (SubPlan 1))","Rows Removed by Join Filter": 5269,"Plans": [{"Node Type": "Seq Scan","Parent Relationship": "Outer","Parallel Aware": false,"Async Capable": false,"Relation Name": "lineitem","Alias": "lineitem","Startup Cost": 0.00,"Total Cost": 172515.15,"Plan Rows": 6001215,"Plan Width": 17,"Actual Startup Time": 0.016,"Actual Total Time": 948.480,"Actual Rows": 6001215,"Actual Loops": 1},{"Node Type": "Hash","Parent Relationship": "Inner","Parallel Aware": false,"Async Capable": false,"Startup Cost": 6368.55,"Total Cost": 6368.55,"Plan Rows": 216,"Plan Width": 4,"Actual Startup Time": 30.930,"Actual Total Time": 31.532,"Actual Rows": 191,"Actual Loops": 1,"Hash Buckets": 1024,"Original Hash Buckets": 1024,"Hash Batches": 1,"Original Hash Batches": 1,"Peak Memory Usage": 15,"Plans": [{"Node Type": "Gather","Parent Relationship": "Outer","Parallel Aware": false,"Async Capable": false,"Startup Cost": 1000.00,"Total Cost": 6368.55,"Plan Rows": 216,"Plan Width": 4,"Actual Startup Time": 0.617,"Actual Total Time": 31.451,"Actual Rows": 191,"Actual Loops": 1,"Workers Planned": 2,"Workers Launched": 2,"Single Copy": false,"Plans": [{"Node Type": "Seq Scan","Parent Relationship": "Outer","Parallel Aware": true,"Async Capable": false,"Relation Name": "part","Alias": "part","Startup Cost": 0.00,"Total Cost": 5347.00,"Plan Rows": 90,"Plan Width": 4,"Actual Startup Time": 0.162,"Actual Total Time": 25.253,"Actual Rows": 64,"Actual Loops": 3,"Filter": "((p_brand = 'Brand#21'::bpchar) AND (p_container = 'JUMBO CAN'::bpchar))","Rows Removed by Filter": 66603,"Workers": []}]}]},{"Node Type": "Aggregate","Strategy": "Plain","Partial Mode": "Simple","Parent Relationship": "SubPlan","Subplan Name": "SubPlan 1","Parallel Aware": false,"Async Capable": false,"Startup Cost": 127.60,"Total Cost": 127.61,"Plan Rows": 1,"Plan Width": 32,"Actual Startup Time": 0.121,"Actual Total Time": 0.121,"Actual Rows": 1,"Actual Loops": 5777,"Plans": [{"Node Type": "Bitmap Heap Scan","Parent Relationship": "Outer","Parallel Aware": false,"Async Capable": false,"Relation Name": "lineitem","Alias": "lineitem_1","Startup Cost": 4.67,"Total Cost": 127.52,"Plan Rows": 31,"Plan Width": 5,"Actual Startup Time": 0.013,"Actual Total Time": 0.114,"Actual Rows": 31,"Actual Loops": 5777,"Recheck Cond": "(l_partkey = part.p_partkey)","Rows Removed by Index Recheck": 0,"Exact Heap Blocks": 181373,"Lossy Heap Blocks": 0,"Plans": [{"Node Type": "Bitmap Index Scan","Parent Relationship": "Outer","Parallel Aware": false,"Async Capable": false,"Index Name": "idx_lineitem_part_supp","Startup Cost": 0.00,"Total Cost": 4.67,"Plan Rows": 31,"Plan Width": 0,"Actual Startup Time": 0.007,"Actual Total Time": 0.007,"Actual Rows": 31,"Actual Loops": 5777,"Index Cond": "(l_partkey = part.p_partkey)"}]}]}]}]},"Planning Time": 4.321,"Triggers": [],"Execution Time": 4810.929}]
[{"Plan": {"Node Type": "Aggregate","Strategy": "Plain","Partial Mode": "Simple","Parallel Aware": false,"Async Capable": false,"Startup Cost": 195919.86,"Total Cost": 195919.87,"Plan Rows": 1,"Plan Width": 32,"Actual Startup Time": 4944.466,"Actual Total Time": 4945.179,"Actual Rows": 1,"Actual Loops": 1,"Plans": [{"Node Type": "Hash Join","Parent Relationship": "Outer","Parallel Aware": false,"Async Capable": false,"Join Type": "Inner","Startup Cost": 6370.16,"Total Cost": 195914.71,"Plan Rows": 2059,"Plan Width": 8,"Actual Startup Time": 41.834,"Actual Total Time": 4944.717,"Actual Rows": 565,"Actual Loops": 1,"Inner Unique": true,"Hash Cond": "(lineitem.l_partkey = part.p_partkey)","Join Filter": "(lineitem.l_quantity < (SubPlan 1))","Rows Removed by Join Filter": 5952,"Plans": [{"Node Type": "Seq Scan","Parent Relationship": "Outer","Parallel Aware": false,"Async Capable": false,"Relation Name": "lineitem","Alias": "lineitem","Startup Cost": 0.00,"Total Cost": 172515.15,"Plan Rows": 6001215,"Plan Width": 17,"Actual Startup Time": 0.014,"Actual Total Time": 979.891,"Actual Rows": 6001215,"Actual Loops": 1},{"Node Type": "Hash","Parent Relationship": "Inner","Parallel Aware": false,"Async Capable": false,"Startup Cost": 6367.58,"Total Cost": 6367.58,"Plan Rows": 206,"Plan Width": 4,"Actual Startup Time": 33.077,"Actual Total Time": 33.761,"Actual Rows": 216,"Actual Loops": 1,"Hash Buckets": 1024,"Original Hash Buckets": 1024,"Hash Batches": 1,"Original Hash Batches": 1,"Peak Memory Usage": 16,"Plans": [{"Node Type": "Gather","Parent Relationship": "Outer","Parallel Aware": false,"Async Capable": false,"Startup Cost": 1000.00,"Total Cost": 6367.58,"Plan Rows": 206,"Plan Width": 4,"Actual Startup Time": 0.631,"Actual Total Time": 33.628,"Actual Rows": 216,"Actual Loops": 1,"Workers Planned": 2,"Workers Launched": 2,"Single Copy": false,"Plans": [{"Node Type": "Seq Scan","Parent Relationship": "Outer","Parallel Aware": true,"Async Capable": false,"Relation Name": "part","Alias": "part","Startup Cost": 0.00,"Total Cost": 5347.00,"Plan Rows": 86,"Plan Width": 4,"Actual Startup Time": 1.299,"Actual Total Time": 27.486,"Actual Rows": 72,"Actual Loops": 3,"Filter": "((p_brand = 'Brand#44'::bpchar) AND (p_container = 'MED CAN'::bpchar))","Rows Removed by Filter": 66595,"Workers": []}]}]},{"Node Type": "Aggregate","Strategy": "Plain","Partial Mode": "Simple","Parent Relationship": "SubPlan","Subplan Name": "SubPlan 1","Parallel Aware": false,"Async Capable": false,"Startup Cost": 127.60,"Total Cost": 127.61,"Plan Rows": 1,"Plan Width": 32,"Actual Startup Time": 0.121,"Actual Total Time": 0.121,"Actual Rows": 1,"Actual Loops": 6517,"Plans": [{"Node Type": "Bitmap Heap Scan","Parent Relationship": "Outer","Parallel Aware": false,"Async Capable": false,"Relation Name": "lineitem","Alias": "lineitem_1","Startup Cost": 4.67,"Total Cost": 127.52,"Plan Rows": 31,"Plan Width": 5,"Actual Startup Time": 0.013,"Actual Total Time": 0.114,"Actual Rows": 31,"Actual Loops": 6517,"Recheck Cond": "(l_partkey = part.p_partkey)","Rows Removed by Index Recheck": 0,"Exact Heap Blocks": 203689,"Lossy Heap Blocks": 0,"Plans": [{"Node Type": "Bitmap Index Scan","Parent Relationship": "Outer","Parallel Aware": false,"Async Capable": false,"Index Name": "idx_lineitem_part_supp","Startup Cost": 0.00,"Total Cost": 4.67,"Plan Rows": 31,"Plan Width": 0,"Actual Startup Time": 0.007,"Actual Total Time": 0.007,"Actual Rows": 31,"Actual Loops": 6517,"Index Cond": "(l_partkey = part.p_partkey)"}]}]}]}]},"Planning Time": 4.597,"Triggers": [],"Execution Time": 4945.521}]
[{"Plan": {"Node Type": "Aggregate","Strategy": "Plain","Partial Mode": "Simple","Parallel Aware": false,"Async Capable": false,"Startup Cost": 195920.07,"Total Cost": 195920.08,"Plan Rows": 1,"Plan Width": 32,"Actual Startup Time": 4950.299,"Actual Total Time": 4950.760,"Actual Rows": 1,"Actual Loops": 1,"Plans": [{"Node Type": "Hash Join","Parent Relationship": "Outer","Parallel Aware": false,"Async Capable": false,"Join Type": "Inner","Startup Cost": 6370.33,"Total Cost": 195914.88,"Plan Rows": 2074,"Plan Width": 8,"Actual Startup Time": 35.138,"Actual Total Time": 4950.549,"Actual Rows": 516,"Actual Loops": 1,"Inner Unique": true,"Hash Cond": "(lineitem.l_partkey = part.p_partkey)","Join Filter": "(lineitem.l_quantity < (SubPlan 1))","Rows Removed by Join Filter": 5387,"Plans": [{"Node Type": "Seq Scan","Parent Relationship": "Outer","Parallel Aware": false,"Async Capable": false,"Relation Name": "lineitem","Alias": "lineitem","Startup Cost": 0.00,"Total Cost": 172515.15,"Plan Rows": 6001215,"Plan Width": 17,"Actual Startup Time": 0.019,"Actual Total Time": 1033.018,"Actual Rows": 6001215,"Actual Loops": 1},{"Node Type": "Hash","Parent Relationship": "Inner","Parallel Aware": false,"Async Capable": false,"Startup Cost": 6367.74,"Total Cost": 6367.74,"Plan Rows": 207,"Plan Width": 4,"Actual Startup Time": 34.306,"Actual Total Time": 34.751,"Actual Rows": 193,"Actual Loops": 1,"Hash Buckets": 1024,"Original Hash Buckets": 1024,"Hash Batches": 1,"Original Hash Batches": 1,"Peak Memory Usage": 15,"Plans": [{"Node Type": "Gather","Parent Relationship": "Outer","Parallel Aware": false,"Async Capable": false,"Startup Cost": 1000.00,"Total Cost": 6367.74,"Plan Rows": 207,"Plan Width": 4,"Actual Startup Time": 1.895,"Actual Total Time": 34.686,"Actual Rows": 193,"Actual Loops": 1,"Workers Planned": 2,"Workers Launched": 2,"Single Copy": false,"Plans": [{"Node Type": "Seq Scan","Parent Relationship": "Outer","Parallel Aware": true,"Async Capable": false,"Relation Name": "part","Alias": "part","Startup Cost": 0.00,"Total Cost": 5347.00,"Plan Rows": 86,"Plan Width": 4,"Actual Startup Time": 1.557,"Actual Total Time": 28.223,"Actual Rows": 64,"Actual Loops": 3,"Filter": "((p_brand = 'Brand#34'::bpchar) AND (p_container = 'SM CAN'::bpchar))","Rows Removed by Filter": 66602,"Workers": []}]}]},{"Node Type": "Aggregate","Strategy": "Plain","Partial Mode": "Simple","Parent Relationship": "SubPlan","Subplan Name": "SubPlan 1","Parallel Aware": false,"Async Capable": false,"Startup Cost": 127.60,"Total Cost": 127.61,"Plan Rows": 1,"Plan Width": 32,"Actual Startup Time": 0.143,"Actual Total Time": 0.143,"Actual Rows": 1,"Actual Loops": 5903,"Plans": [{"Node Type": "Bitmap Heap Scan","Parent Relationship": "Outer","Parallel Aware": false,"Async Capable": false,"Relation Name": "lineitem","Alias": "lineitem_1","Startup Cost": 4.67,"Total Cost": 127.52,"Plan Rows": 31,"Plan Width": 5,"Actual Startup Time": 0.014,"Actual Total Time": 0.135,"Actual Rows": 32,"Actual Loops": 5903,"Recheck Cond": "(l_partkey = part.p_partkey)","Rows Removed by Index Recheck": 0,"Exact Heap Blocks": 186349,"Lossy Heap Blocks": 0,"Plans": [{"Node Type": "Bitmap Index Scan","Parent Relationship": "Outer","Parallel Aware": false,"Async Capable": false,"Index Name": "idx_lineitem_part_supp","Startup Cost": 0.00,"Total Cost": 4.67,"Plan Rows": 31,"Plan Width": 0,"Actual Startup Time": 0.008,"Actual Total Time": 0.008,"Actual Rows": 32,"Actual Loops": 5903,"Index Cond": "(l_partkey = part.p_partkey)"}]}]}]}]},"Planning Time": 4.540,"Triggers": [],"Execution Time": 4951.011}]
[{"Plan": {"Node Type": "Aggregate","Strategy": "Plain","Partial Mode": "Simple","Parallel Aware": false,"Async Capable": false,"Startup Cost": 195919.52,"Total Cost": 195919.53,"Plan Rows": 1,"Plan Width": 32,"Actual Startup Time": 5028.744,"Actual Total Time": 5029.485,"Actual Rows": 1,"Actual Loops": 1,"Plans": [{"Node Type": "Hash Join","Parent Relationship": "Outer","Parallel Aware": false,"Async Capable": false,"Join Type": "Inner","Startup Cost": 6369.88,"Total Cost": 195914.43,"Plan Rows": 2034,"Plan Width": 8,"Actual Startup Time": 33.455,"Actual Total Time": 5029.015,"Actual Rows": 587,"Actual Loops": 1,"Inner Unique": true,"Hash Cond": "(lineitem.l_partkey = part.p_partkey)","Join Filter": "(lineitem.l_quantity < (SubPlan 1))","Rows Removed by Join Filter": 5664,"Plans": [{"Node Type": "Seq Scan","Parent Relationship": "Outer","Parallel Aware": false,"Async Capable": false,"Relation Name": "lineitem","Alias": "lineitem","Startup Cost": 0.00,"Total Cost": 172515.15,"Plan Rows": 6001215,"Plan Width": 17,"Actual Startup Time": 0.016,"Actual Total Time": 1000.980,"Actual Rows": 6001215,"Actual Loops": 1},{"Node Type": "Hash","Parent Relationship": "Inner","Parallel Aware": false,"Async Capable": false,"Startup Cost": 6367.34,"Total Cost": 6367.34,"Plan Rows": 203,"Plan Width": 4,"Actual Startup Time": 28.944,"Actual Total Time": 29.642,"Actual Rows": 209,"Actual Loops": 1,"Hash Buckets": 1024,"Original Hash Buckets": 1024,"Hash Batches": 1,"Original Hash Batches": 1,"Peak Memory Usage": 16,"Plans": [{"Node Type": "Gather","Parent Relationship": "Outer","Parallel Aware": false,"Async Capable": false,"Startup Cost": 1000.00,"Total Cost": 6367.34,"Plan Rows": 203,"Plan Width": 4,"Actual Startup Time": 4.813,"Actual Total Time": 29.571,"Actual Rows": 209,"Actual Loops": 1,"Workers Planned": 2,"Workers Launched": 2,"Single Copy": false,"Plans": [{"Node Type": "Seq Scan","Parent Relationship": "Outer","Parallel Aware": true,"Async Capable": false,"Relation Name": "part","Alias": "part","Startup Cost": 0.00,"Total Cost": 5347.00,"Plan Rows": 85,"Plan Width": 4,"Actual Startup Time": 1.506,"Actual Total Time": 23.161,"Actual Rows": 70,"Actual Loops": 3,"Filter": "((p_brand = 'Brand#55'::bpchar) AND (p_container = 'WRAP JAR'::bpchar))","Rows Removed by Filter": 66597,"Workers": []}]}]},{"Node Type": "Aggregate","Strategy": "Plain","Partial Mode": "Simple","Parent Relationship": "SubPlan","Subplan Name": "SubPlan 1","Parallel Aware": false,"Async Capable": false,"Startup Cost": 127.60,"Total Cost": 127.61,"Plan Rows": 1,"Plan Width": 32,"Actual Startup Time": 0.140,"Actual Total Time": 0.140,"Actual Rows": 1,"Actual Loops": 6251,"Plans": [{"Node Type": "Bitmap Heap Scan","Parent Relationship": "Outer","Parallel Aware": false,"Async Capable": false,"Relation Name": "lineitem","Alias": "lineitem_1","Startup Cost": 4.67,"Total Cost": 127.52,"Plan Rows": 31,"Plan Width": 5,"Actual Startup Time": 0.014,"Actual Total Time": 0.133,"Actual Rows": 31,"Actual Loops": 6251,"Recheck Cond": "(l_partkey = part.p_partkey)","Rows Removed by Index Recheck": 0,"Exact Heap Blocks": 193037,"Lossy Heap Blocks": 0,"Plans": [{"Node Type": "Bitmap Index Scan","Parent Relationship": "Outer","Parallel Aware": false,"Async Capable": false,"Index Name": "idx_lineitem_part_supp","Startup Cost": 0.00,"Total Cost": 4.67,"Plan Rows": 31,"Plan Width": 0,"Actual Startup Time": 0.008,"Actual Total Time": 0.008,"Actual Rows": 31,"Actual Loops": 6251,"Index Cond": "(l_partkey = part.p_partkey)"}]}]}]}]},"Planning Time": 5.687,"Triggers": [],"Execution Time": 5029.953}]
[{"Plan": {"Node Type": "Aggregate","Strategy": "Plain","Partial Mode": "Simple","Parallel Aware": false,"Async Capable": false,"Startup Cost": 195918.15,"Total Cost": 195918.16,"Plan Rows": 1,"Plan Width": 32,"Actual Startup Time": 4993.058,"Actual Total Time": 4993.522,"Actual Rows": 1,"Actual Loops": 1,"Plans": [{"Node Type": "Hash Join","Parent Relationship": "Outer","Parallel Aware": false,"Async Capable": false,"Join Type": "Inner","Startup Cost": 6368.76,"Total Cost": 195913.31,"Plan Rows": 1934,"Plan Width": 8,"Actual Startup Time": 56.261,"Actual Total Time": 4993.290,"Actual Rows": 558,"Actual Loops": 1,"Inner Unique": true,"Hash Cond": "(lineitem.l_partkey = part.p_partkey)","Join Filter": "(lineitem.l_quantity < (SubPlan 1))","Rows Removed by Join Filter": 6062,"Plans": [{"Node Type": "Seq Scan","Parent Relationship": "Outer","Parallel Aware": false,"Async Capable": false,"Relation Name": "lineitem","Alias": "lineitem","Startup Cost": 0.00,"Total Cost": 172515.15,"Plan Rows": 6001215,"Plan Width": 17,"Actual Startup Time": 0.023,"Actual Total Time": 1027.403,"Actual Rows": 6001215,"Actual Loops": 1},{"Node Type": "Hash","Parent Relationship": "Inner","Parallel Aware": false,"Async Capable": false,"Startup Cost": 6366.34,"Total Cost": 6366.34,"Plan Rows": 193,"Plan Width": 4,"Actual Startup Time": 32.651,"Actual Total Time": 33.099,"Actual Rows": 215,"Actual Loops": 1,"Hash Buckets": 1024,"Original Hash Buckets": 1024,"Hash Batches": 1,"Original Hash Batches": 1,"Peak Memory Usage": 16,"Plans": [{"Node Type": "Gather","Parent Relationship": "Outer","Parallel Aware": false,"Async Capable": false,"Startup Cost": 1000.00,"Total Cost": 6366.34,"Plan Rows": 193,"Plan Width": 4,"Actual Startup Time": 0.950,"Actual Total Time": 33.008,"Actual Rows": 215,"Actual Loops": 1,"Workers Planned": 2,"Workers Launched": 2,"Single Copy": false,"Plans": [{"Node Type": "Seq Scan","Parent Relationship": "Outer","Parallel Aware": true,"Async Capable": false,"Relation Name": "part","Alias": "part","Startup Cost": 0.00,"Total Cost": 5347.00,"Plan Rows": 81,"Plan Width": 4,"Actual Startup Time": 1.427,"Actual Total Time": 26.357,"Actual Rows": 72,"Actual Loops": 3,"Filter": "((p_brand = 'Brand#35'::bpchar) AND (p_container = 'SM PKG'::bpchar))","Rows Removed by Filter": 66595,"Workers": []}]}]},{"Node Type": "Aggregate","Strategy": "Plain","Partial Mode": "Simple","Parent Relationship": "SubPlan","Subplan Name": "SubPlan 1","Parallel Aware": false,"Async Capable": false,"Startup Cost": 127.60,"Total Cost": 127.61,"Plan Rows": 1,"Plan Width": 32,"Actual Startup Time": 0.132,"Actual Total Time": 0.132,"Actual Rows": 1,"Actual Loops": 6620,"Plans": [{"Node Type": "Bitmap Heap Scan","Parent Relationship": "Outer","Parallel Aware": false,"Async Capable": false,"Relation Name": "lineitem","Alias": "lineitem_1","Startup Cost": 4.67,"Total Cost": 127.52,"Plan Rows": 31,"Plan Width": 5,"Actual Startup Time": 0.014,"Actual Total Time": 0.125,"Actual Rows": 32,"Actual Loops": 6620,"Recheck Cond": "(l_partkey = part.p_partkey)","Rows Removed by Index Recheck": 0,"Exact Heap Blocks": 210364,"Lossy Heap Blocks": 0,"Plans": [{"Node Type": "Bitmap Index Scan","Parent Relationship": "Outer","Parallel Aware": false,"Async Capable": false,"Index Name": "idx_lineitem_part_supp","Startup Cost": 0.00,"Total Cost": 4.67,"Plan Rows": 31,"Plan Width": 0,"Actual Startup Time": 0.008,"Actual Total Time": 0.008,"Actual Rows": 32,"Actual Loops": 6620,"Index Cond": "(l_partkey = part.p_partkey)"}]}]}]}]},"Planning Time": 5.362,"Triggers": [],"Execution Time": 4993.872}]
[{"Plan": {"Node Type": "Aggregate","Strategy": "Plain","Partial Mode": "Simple","Parallel Aware": false,"Async Capable": false,"Startup Cost": 195917.99,"Total Cost": 195918.01,"Plan Rows": 1,"Plan Width": 32,"Actual Startup Time": 4937.881,"Actual Total Time": 4938.612,"Actual Rows": 1,"Actual Loops": 1,"Plans": [{"Node Type": "Hash Join","Parent Relationship": "Outer","Parallel Aware": false,"Async Capable": false,"Join Type": "Inner","Startup Cost": 6368.63,"Total Cost": 195913.18,"Plan Rows": 1923,"Plan Width": 8,"Actual Startup Time": 70.219,"Actual Total Time": 4938.237,"Actual Rows": 593,"Actual Loops": 1,"Inner Unique": true,"Hash Cond": "(lineitem.l_partkey = part.p_partkey)","Join Filter": "(lineitem.l_quantity < (SubPlan 1))","Rows Removed by Join Filter": 6048,"Plans": [{"Node Type": "Seq Scan","Parent Relationship": "Outer","Parallel Aware": false,"Async Capable": false,"Relation Name": "lineitem","Alias": "lineitem","Startup Cost": 0.00,"Total Cost": 172515.15,"Plan Rows": 6001215,"Plan Width": 17,"Actual Startup Time": 0.020,"Actual Total Time": 952.563,"Actual Rows": 6001215,"Actual Loops": 1},{"Node Type": "Hash","Parent Relationship": "Inner","Parallel Aware": false,"Async Capable": false,"Startup Cost": 6366.23,"Total Cost": 6366.23,"Plan Rows": 192,"Plan Width": 4,"Actual Startup Time": 31.027,"Actual Total Time": 31.714,"Actual Rows": 222,"Actual Loops": 1,"Hash Buckets": 1024,"Original Hash Buckets": 1024,"Hash Batches": 1,"Original Hash Batches": 1,"Peak Memory Usage": 16,"Plans": [{"Node Type": "Gather","Parent Relationship": "Outer","Parallel Aware": false,"Async Capable": false,"Startup Cost": 1000.00,"Total Cost": 6366.23,"Plan Rows": 192,"Plan Width": 4,"Actual Startup Time": 0.962,"Actual Total Time": 31.625,"Actual Rows": 222,"Actual Loops": 1,"Workers Planned": 2,"Workers Launched": 2,"Single Copy": false,"Plans": [{"Node Type": "Seq Scan","Parent Relationship": "Outer","Parallel Aware": true,"Async Capable": false,"Relation Name": "part","Alias": "part","Startup Cost": 0.00,"Total Cost": 5347.00,"Plan Rows": 80,"Plan Width": 4,"Actual Startup Time": 0.534,"Actual Total Time": 25.218,"Actual Rows": 74,"Actual Loops": 3,"Filter": "((p_brand = 'Brand#32'::bpchar) AND (p_container = 'SM JAR'::bpchar))","Rows Removed by Filter": 66593,"Workers": []}]}]},{"Node Type": "Aggregate","Strategy": "Plain","Partial Mode": "Simple","Parent Relationship": "SubPlan","Subplan Name": "SubPlan 1","Parallel Aware": false,"Async Capable": false,"Startup Cost": 127.60,"Total Cost": 127.61,"Plan Rows": 1,"Plan Width": 32,"Actual Startup Time": 0.121,"Actual Total Time": 0.121,"Actual Rows": 1,"Actual Loops": 6641,"Plans": [{"Node Type": "Bitmap Heap Scan","Parent Relationship": "Outer","Parallel Aware": false,"Async Capable": false,"Relation Name": "lineitem","Alias": "lineitem_1","Startup Cost": 4.67,"Total Cost": 127.52,"Plan Rows": 31,"Plan Width": 5,"Actual Startup Time": 0.013,"Actual Total Time": 0.114,"Actual Rows": 31,"Actual Loops": 6641,"Recheck Cond": "(l_partkey = part.p_partkey)","Rows Removed by Index Recheck": 0,"Exact Heap Blocks": 204716,"Lossy Heap Blocks": 0,"Plans": [{"Node Type": "Bitmap Index Scan","Parent Relationship": "Outer","Parallel Aware": false,"Async Capable": false,"Index Name": "idx_lineitem_part_supp","Startup Cost": 0.00,"Total Cost": 4.67,"Plan Rows": 31,"Plan Width": 0,"Actual Startup Time": 0.007,"Actual Total Time": 0.007,"Actual Rows": 31,"Actual Loops": 6641,"Index Cond": "(l_partkey = part.p_partkey)"}]}]}]}]},"Planning Time": 4.902,"Triggers": [],"Execution Time": 4939.073}]
[{"Plan": {"Node Type": "Aggregate","Strategy": "Plain","Partial Mode": "Simple","Parallel Aware": false,"Async Capable": false,"Startup Cost": 195917.47,"Total Cost": 195917.49,"Plan Rows": 1,"Plan Width": 32,"Actual Startup Time": 4903.249,"Actual Total Time": 4903.896,"Actual Rows": 1,"Actual Loops": 1,"Plans": [{"Node Type": "Hash Join","Parent Relationship": "Outer","Parallel Aware": false,"Async Capable": false,"Join Type": "Inner","Startup Cost": 6368.21,"Total Cost": 195912.76,"Plan Rows": 1885,"Plan Width": 8,"Actual Startup Time": 52.905,"Actual Total Time": 4903.446,"Actual Rows": 574,"Actual Loops": 1,"Inner Unique": true,"Hash Cond": "(lineitem.l_partkey = part.p_partkey)","Join Filter": "(lineitem.l_quantity < (SubPlan 1))","Rows Removed by Join Filter": 5852,"Plans": [{"Node Type": "Seq Scan","Parent Relationship": "Outer","Parallel Aware": false,"Async Capable": false,"Relation Name": "lineitem","Alias": "lineitem","Startup Cost": 0.00,"Total Cost": 172515.15,"Plan Rows": 6001215,"Plan Width": 17,"Actual Startup Time": 0.026,"Actual Total Time": 980.215,"Actual Rows": 6001215,"Actual Loops": 1},{"Node Type": "Hash","Parent Relationship": "Inner","Parallel Aware": false,"Async Capable": false,"Startup Cost": 6365.85,"Total Cost": 6365.85,"Plan Rows": 188,"Plan Width": 4,"Actual Startup Time": 32.017,"Actual Total Time": 32.627,"Actual Rows": 213,"Actual Loops": 1,"Hash Buckets": 1024,"Original Hash Buckets": 1024,"Hash Batches": 1,"Original Hash Batches": 1,"Peak Memory Usage": 16,"Plans": [{"Node Type": "Gather","Parent Relationship": "Outer","Parallel Aware": false,"Async Capable": false,"Startup Cost": 1000.00,"Total Cost": 6365.85,"Plan Rows": 188,"Plan Width": 4,"Actual Startup Time": 0.800,"Actual Total Time": 32.511,"Actual Rows": 213,"Actual Loops": 1,"Workers Planned": 2,"Workers Launched": 2,"Single Copy": false,"Plans": [{"Node Type": "Seq Scan","Parent Relationship": "Outer","Parallel Aware": true,"Async Capable": false,"Relation Name": "part","Alias": "part","Startup Cost": 0.00,"Total Cost": 5347.00,"Plan Rows": 79,"Plan Width": 4,"Actual Startup Time": 0.749,"Actual Total Time": 26.264,"Actual Rows": 71,"Actual Loops": 3,"Filter": "((p_brand = 'Brand#32'::bpchar) AND (p_container = 'MED PACK'::bpchar))","Rows Removed by Filter": 66596,"Workers": []}]}]},{"Node Type": "Aggregate","Strategy": "Plain","Partial Mode": "Simple","Parent Relationship": "SubPlan","Subplan Name": "SubPlan 1","Parallel Aware": false,"Async Capable": false,"Startup Cost": 127.60,"Total Cost": 127.61,"Plan Rows": 1,"Plan Width": 32,"Actual Startup Time": 0.123,"Actual Total Time": 0.123,"Actual Rows": 1,"Actual Loops": 6426,"Plans": [{"Node Type": "Bitmap Heap Scan","Parent Relationship": "Outer","Parallel Aware": false,"Async Capable": false,"Relation Name": "lineitem","Alias": "lineitem_1","Startup Cost": 4.67,"Total Cost": 127.52,"Plan Rows": 31,"Plan Width": 5,"Actual Startup Time": 0.013,"Actual Total Time": 0.115,"Actual Rows": 31,"Actual Loops": 6426,"Recheck Cond": "(l_partkey = part.p_partkey)","Rows Removed by Index Recheck": 0,"Exact Heap Blocks": 199973,"Lossy Heap Blocks": 0,"Plans": [{"Node Type": "Bitmap Index Scan","Parent Relationship": "Outer","Parallel Aware": false,"Async Capable": false,"Index Name": "idx_lineitem_part_supp","Startup Cost": 0.00,"Total Cost": 4.67,"Plan Rows": 31,"Plan Width": 0,"Actual Startup Time": 0.007,"Actual Total Time": 0.007,"Actual Rows": 31,"Actual Loops": 6426,"Index Cond": "(l_partkey = part.p_partkey)"}]}]}]}]},"Planning Time": 5.979,"Triggers": [],"Execution Time": 4904.419}]
[{"Plan": {"Node Type": "Aggregate","Strategy": "Plain","Partial Mode": "Simple","Parallel Aware": false,"Async Capable": false,"Startup Cost": 195918.29,"Total Cost": 195918.31,"Plan Rows": 1,"Plan Width": 32,"Actual Startup Time": 4927.736,"Actual Total Time": 4928.216,"Actual Rows": 1,"Actual Loops": 1,"Plans": [{"Node Type": "Hash Join","Parent Relationship": "Outer","Parallel Aware": false,"Async Capable": false,"Join Type": "Inner","Startup Cost": 6368.88,"Total Cost": 195913.43,"Plan Rows": 1945,"Plan Width": 8,"Actual Startup Time": 58.402,"Actual Total Time": 4927.998,"Actual Rows": 545,"Actual Loops": 1,"Inner Unique": true,"Hash Cond": "(lineitem.l_partkey = part.p_partkey)","Join Filter": "(lineitem.l_quantity < (SubPlan 1))","Rows Removed by Join Filter": 5718,"Plans": [{"Node Type": "Seq Scan","Parent Relationship": "Outer","Parallel Aware": false,"Async Capable": false,"Relation Name": "lineitem","Alias": "lineitem","Startup Cost": 0.00,"Total Cost": 172515.15,"Plan Rows": 6001215,"Plan Width": 17,"Actual Startup Time": 0.021,"Actual Total Time": 1027.282,"Actual Rows": 6001215,"Actual Loops": 1},{"Node Type": "Hash","Parent Relationship": "Inner","Parallel Aware": false,"Async Capable": false,"Startup Cost": 6366.44,"Total Cost": 6366.44,"Plan Rows": 194,"Plan Width": 4,"Actual Startup Time": 32.696,"Actual Total Time": 33.162,"Actual Rows": 205,"Actual Loops": 1,"Hash Buckets": 1024,"Original Hash Buckets": 1024,"Hash Batches": 1,"Original Hash Batches": 1,"Peak Memory Usage": 16,"Plans": [{"Node Type": "Gather","Parent Relationship": "Outer","Parallel Aware": false,"Async Capable": false,"Startup Cost": 1000.00,"Total Cost": 6366.44,"Plan Rows": 194,"Plan Width": 4,"Actual Startup Time": 1.727,"Actual Total Time": 33.114,"Actual Rows": 205,"Actual Loops": 1,"Workers Planned": 2,"Workers Launched": 2,"Single Copy": false,"Plans": [{"Node Type": "Seq Scan","Parent Relationship": "Outer","Parallel Aware": true,"Async Capable": false,"Relation Name": "part","Alias": "part","Startup Cost": 0.00,"Total Cost": 5347.00,"Plan Rows": 81,"Plan Width": 4,"Actual Startup Time": 1.543,"Actual Total Time": 26.747,"Actual Rows": 68,"Actual Loops": 3,"Filter": "((p_brand = 'Brand#31'::bpchar) AND (p_container = 'JUMBO CASE'::bpchar))","Rows Removed by Filter": 66598,"Workers": []}]}]},{"Node Type": "Aggregate","Strategy": "Plain","Partial Mode": "Simple","Parent Relationship": "SubPlan","Subplan Name": "SubPlan 1","Parallel Aware": false,"Async Capable": false,"Startup Cost": 127.60,"Total Cost": 127.61,"Plan Rows": 1,"Plan Width": 32,"Actual Startup Time": 0.130,"Actual Total Time": 0.130,"Actual Rows": 1,"Actual Loops": 6263,"Plans": [{"Node Type": "Bitmap Heap Scan","Parent Relationship": "Outer","Parallel Aware": false,"Async Capable": false,"Relation Name": "lineitem","Alias": "lineitem_1","Startup Cost": 4.67,"Total Cost": 127.52,"Plan Rows": 31,"Plan Width": 5,"Actual Startup Time": 0.013,"Actual Total Time": 0.123,"Actual Rows": 31,"Actual Loops": 6263,"Recheck Cond": "(l_partkey = part.p_partkey)","Rows Removed by Index Recheck": 0,"Exact Heap Blocks": 197040,"Lossy Heap Blocks": 0,"Plans": [{"Node Type": "Bitmap Index Scan","Parent Relationship": "Outer","Parallel Aware": false,"Async Capable": false,"Index Name": "idx_lineitem_part_supp","Startup Cost": 0.00,"Total Cost": 4.67,"Plan Rows": 31,"Plan Width": 0,"Actual Startup Time": 0.007,"Actual Total Time": 0.007,"Actual Rows": 31,"Actual Loops": 6263,"Index Cond": "(l_partkey = part.p_partkey)"}]}]}]}]},"Planning Time": 5.822,"Triggers": [],"Execution Time": 4928.533}]
[{"Plan": {"Node Type": "Aggregate","Strategy": "Plain","Partial Mode": "Simple","Parallel Aware": false,"Async Capable": false,"Startup Cost": 195917.42,"Total Cost": 195917.43,"Plan Rows": 1,"Plan Width": 32,"Actual Startup Time": 4944.322,"Actual Total Time": 4944.709,"Actual Rows": 1,"Actual Loops": 1,"Plans": [{"Node Type": "Hash Join","Parent Relationship": "Outer","Parallel Aware": false,"Async Capable": false,"Join Type": "Inner","Startup Cost": 6368.16,"Total Cost": 195912.72,"Plan Rows": 1881,"Plan Width": 8,"Actual Startup Time": 43.110,"Actual Total Time": 4944.493,"Actual Rows": 545,"Actual Loops": 1,"Inner Unique": true,"Hash Cond": "(lineitem.l_partkey = part.p_partkey)","Join Filter": "(lineitem.l_quantity < (SubPlan 1))","Rows Removed by Join Filter": 5509,"Plans": [{"Node Type": "Seq Scan","Parent Relationship": "Outer","Parallel Aware": false,"Async Capable": false,"Relation Name": "lineitem","Alias": "lineitem","Startup Cost": 0.00,"Total Cost": 172515.15,"Plan Rows": 6001215,"Plan Width": 17,"Actual Startup Time": 0.020,"Actual Total Time": 940.455,"Actual Rows": 6001215,"Actual Loops": 1},{"Node Type": "Hash","Parent Relationship": "Inner","Parallel Aware": false,"Async Capable": false,"Startup Cost": 6365.81,"Total Cost": 6365.81,"Plan Rows": 188,"Plan Width": 4,"Actual Startup Time": 32.848,"Actual Total Time": 33.214,"Actual Rows": 204,"Actual Loops": 1,"Hash Buckets": 1024,"Original Hash Buckets": 1024,"Hash Batches": 1,"Original Hash Batches": 1,"Peak Memory Usage": 16,"Plans": [{"Node Type": "Gather","Parent Relationship": "Outer","Parallel Aware": false,"Async Capable": false,"Startup Cost": 1000.00,"Total Cost": 6365.81,"Plan Rows": 188,"Plan Width": 4,"Actual Startup Time": 1.416,"Actual Total Time": 33.133,"Actual Rows": 204,"Actual Loops": 1,"Workers Planned": 2,"Workers Launched": 2,"Single Copy": false,"Plans": [{"Node Type": "Seq Scan","Parent Relationship": "Outer","Parallel Aware": true,"Async Capable": false,"Relation Name": "part","Alias": "part","Startup Cost": 0.00,"Total Cost": 5347.00,"Plan Rows": 78,"Plan Width": 4,"Actual Startup Time": 1.165,"Actual Total Time": 27.419,"Actual Rows": 68,"Actual Loops": 3,"Filter": "((p_brand = 'Brand#23'::bpchar) AND (p_container = 'LG CAN'::bpchar))","Rows Removed by Filter": 66599,"Workers": []}]}]},{"Node Type": "Aggregate","Strategy": "Plain","Partial Mode": "Simple","Parent Relationship": "SubPlan","Subplan Name": "SubPlan 1","Parallel Aware": false,"Async Capable": false,"Startup Cost": 127.60,"Total Cost": 127.61,"Plan Rows": 1,"Plan Width": 32,"Actual Startup Time": 0.122,"Actual Total Time": 0.122,"Actual Rows": 1,"Actual Loops": 6054,"Plans": [{"Node Type": "Bitmap Heap Scan","Parent Relationship": "Outer","Parallel Aware": false,"Async Capable": false,"Relation Name": "lineitem","Alias": "lineitem_1","Startup Cost": 4.67,"Total Cost": 127.52,"Plan Rows": 31,"Plan Width": 5,"Actual Startup Time": 0.013,"Actual Total Time": 0.115,"Actual Rows": 30,"Actual Loops": 6054,"Recheck Cond": "(l_partkey = part.p_partkey)","Rows Removed by Index Recheck": 0,"Exact Heap Blocks": 184446,"Lossy Heap Blocks": 0,"Plans": [{"Node Type": "Bitmap Index Scan","Parent Relationship": "Outer","Parallel Aware": false,"Async Capable": false,"Index Name": "idx_lineitem_part_supp","Startup Cost": 0.00,"Total Cost": 4.67,"Plan Rows": 31,"Plan Width": 0,"Actual Startup Time": 0.007,"Actual Total Time": 0.007,"Actual Rows": 30,"Actual Loops": 6054,"Index Cond": "(l_partkey = part.p_partkey)"}]}]}]}]},"Planning Time": 4.686,"Triggers": [],"Execution Time": 4944.978}]
[{"Plan": {"Node Type": "Aggregate","Strategy": "Plain","Partial Mode": "Simple","Parallel Aware": false,"Async Capable": false,"Startup Cost": 195918.70,"Total Cost": 195918.71,"Plan Rows": 1,"Plan Width": 32,"Actual Startup Time": 4856.477,"Actual Total Time": 4857.118,"Actual Rows": 1,"Actual Loops": 1,"Plans": [{"Node Type": "Hash Join","Parent Relationship": "Outer","Parallel Aware": false,"Async Capable": false,"Join Type": "Inner","Startup Cost": 6369.21,"Total Cost": 195913.76,"Plan Rows": 1974,"Plan Width": 8,"Actual Startup Time": 54.043,"Actual Total Time": 4856.920,"Actual Rows": 520,"Actual Loops": 1,"Inner Unique": true,"Hash Cond": "(lineitem.l_partkey = part.p_partkey)","Join Filter": "(lineitem.l_quantity < (SubPlan 1))","Rows Removed by Join Filter": 5140,"Plans": [{"Node Type": "Seq Scan","Parent Relationship": "Outer","Parallel Aware": false,"Async Capable": false,"Relation Name": "lineitem","Alias": "lineitem","Startup Cost": 0.00,"Total Cost": 172515.15,"Plan Rows": 6001215,"Plan Width": 17,"Actual Startup Time": 0.018,"Actual Total Time": 1029.992,"Actual Rows": 6001215,"Actual Loops": 1},{"Node Type": "Hash","Parent Relationship": "Inner","Parallel Aware": false,"Async Capable": false,"Startup Cost": 6366.74,"Total Cost": 6366.74,"Plan Rows": 197,"Plan Width": 4,"Actual Startup Time": 33.344,"Actual Total Time": 33.971,"Actual Rows": 188,"Actual Loops": 1,"Hash Buckets": 1024,"Original Hash Buckets": 1024,"Hash Batches": 1,"Original Hash Batches": 1,"Peak Memory Usage": 15,"Plans": [{"Node Type": "Gather","Parent Relationship": "Outer","Parallel Aware": false,"Async Capable": false,"Startup Cost": 1000.00,"Total Cost": 6366.74,"Plan Rows": 197,"Plan Width": 4,"Actual Startup Time": 2.411,"Actual Total Time": 33.909,"Actual Rows": 188,"Actual Loops": 1,"Workers Planned": 2,"Workers Launched": 2,"Single Copy": false,"Plans": [{"Node Type": "Seq Scan","Parent Relationship": "Outer","Parallel Aware": true,"Async Capable": false,"Relation Name": "part","Alias": "part","Startup Cost": 0.00,"Total Cost": 5347.00,"Plan Rows": 82,"Plan Width": 4,"Actual Startup Time": 1.109,"Actual Total Time": 27.158,"Actual Rows": 63,"Actual Loops": 3,"Filter": "((p_brand = 'Brand#44'::bpchar) AND (p_container = 'JUMBO BAG'::bpchar))","Rows Removed by Filter": 66604,"Workers": []}]}]},{"Node Type": "Aggregate","Strategy": "Plain","Partial Mode": "Simple","Parent Relationship": "SubPlan","Subplan Name": "SubPlan 1","Parallel Aware": false,"Async Capable": false,"Startup Cost": 127.60,"Total Cost": 127.61,"Plan Rows": 1,"Plan Width": 32,"Actual Startup Time": 0.141,"Actual Total Time": 0.141,"Actual Rows": 1,"Actual Loops": 5660,"Plans": [{"Node Type": "Bitmap Heap Scan","Parent Relationship": "Outer","Parallel Aware": false,"Async Capable": false,"Relation Name": "lineitem","Alias": "lineitem_1","Startup Cost": 4.67,"Total Cost": 127.52,"Plan Rows": 31,"Plan Width": 5,"Actual Startup Time": 0.014,"Actual Total Time": 0.133,"Actual Rows": 31,"Actual Loops": 5660,"Recheck Cond": "(l_partkey = part.p_partkey)","Rows Removed by Index Recheck": 0,"Exact Heap Blocks": 175622,"Lossy Heap Blocks": 0,"Plans": [{"Node Type": "Bitmap Index Scan","Parent Relationship": "Outer","Parallel Aware": false,"Async Capable": false,"Index Name": "idx_lineitem_part_supp","Startup Cost": 0.00,"Total Cost": 4.67,"Plan Rows": 31,"Plan Width": 0,"Actual Startup Time": 0.008,"Actual Total Time": 0.008,"Actual Rows": 31,"Actual Loops": 5660,"Index Cond": "(l_partkey = part.p_partkey)"}]}]}]}]},"Planning Time": 4.564,"Triggers": [],"Execution Time": 4857.416}]
[{"Plan": {"Node Type": "Aggregate","Strategy": "Plain","Partial Mode": "Simple","Parallel Aware": false,"Async Capable": false,"Startup Cost": 195918.74,"Total Cost": 195918.75,"Plan Rows": 1,"Plan Width": 32,"Actual Startup Time": 5062.595,"Actual Total Time": 5063.335,"Actual Rows": 1,"Actual Loops": 1,"Plans": [{"Node Type": "Hash Join","Parent Relationship": "Outer","Parallel Aware": false,"Async Capable": false,"Join Type": "Inner","Startup Cost": 6369.24,"Total Cost": 195913.79,"Plan Rows": 1977,"Plan Width": 8,"Actual Startup Time": 36.386,"Actual Total Time": 5062.799,"Actual Rows": 605,"Actual Loops": 1,"Inner Unique": true,"Hash Cond": "(lineitem.l_partkey = part.p_partkey)","Join Filter": "(lineitem.l_quantity < (SubPlan 1))","Rows Removed by Join Filter": 5929,"Plans": [{"Node Type": "Seq Scan","Parent Relationship": "Outer","Parallel Aware": false,"Async Capable": false,"Relation Name": "lineitem","Alias": "lineitem","Startup Cost": 0.00,"Total Cost": 172515.15,"Plan Rows": 6001215,"Plan Width": 17,"Actual Startup Time": 0.013,"Actual Total Time": 999.462,"Actual Rows": 6001215,"Actual Loops": 1},{"Node Type": "Hash","Parent Relationship": "Inner","Parallel Aware": false,"Async Capable": false,"Startup Cost": 6366.77,"Total Cost": 6366.77,"Plan Rows": 198,"Plan Width": 4,"Actual Startup Time": 33.322,"Actual Total Time": 34.020,"Actual Rows": 217,"Actual Loops": 1,"Hash Buckets": 1024,"Original Hash Buckets": 1024,"Hash Batches": 1,"Original Hash Batches": 1,"Peak Memory Usage": 16,"Plans": [{"Node Type": "Gather","Parent Relationship": "Outer","Parallel Aware": false,"Async Capable": false,"Startup Cost": 1000.00,"Total Cost": 6366.77,"Plan Rows": 198,"Plan Width": 4,"Actual Startup Time": 0.638,"Actual Total Time": 33.963,"Actual Rows": 217,"Actual Loops": 1,"Workers Planned": 2,"Workers Launched": 2,"Single Copy": false,"Plans": [{"Node Type": "Seq Scan","Parent Relationship": "Outer","Parallel Aware": true,"Async Capable": false,"Relation Name": "part","Alias": "part","Startup Cost": 0.00,"Total Cost": 5347.00,"Plan Rows": 82,"Plan Width": 4,"Actual Startup Time": 0.449,"Actual Total Time": 27.542,"Actual Rows": 72,"Actual Loops": 3,"Filter": "((p_brand = 'Brand#12'::bpchar) AND (p_container = 'WRAP BAG'::bpchar))","Rows Removed by Filter": 66594,"Workers": []}]}]},{"Node Type": "Aggregate","Strategy": "Plain","Partial Mode": "Simple","Parent Relationship": "SubPlan","Subplan Name": "SubPlan 1","Parallel Aware": false,"Async Capable": false,"Startup Cost": 127.60,"Total Cost": 127.61,"Plan Rows": 1,"Plan Width": 32,"Actual Startup Time": 0.139,"Actual Total Time": 0.139,"Actual Rows": 1,"Actual Loops": 6534,"Plans": [{"Node Type": "Bitmap Heap Scan","Parent Relationship": "Outer","Parallel Aware": false,"Async Capable": false,"Relation Name": "lineitem","Alias": "lineitem_1","Startup Cost": 4.67,"Total Cost": 127.52,"Plan Rows": 31,"Plan Width": 5,"Actual Startup Time": 0.014,"Actual Total Time": 0.132,"Actual Rows": 31,"Actual Loops": 6534,"Recheck Cond": "(l_partkey = part.p_partkey)","Rows Removed by Index Recheck": 0,"Exact Heap Blocks": 202851,"Lossy Heap Blocks": 0,"Plans": [{"Node Type": "Bitmap Index Scan","Parent Relationship": "Outer","Parallel Aware": false,"Async Capable": false,"Index Name": "idx_lineitem_part_supp","Startup Cost": 0.00,"Total Cost": 4.67,"Plan Rows": 31,"Plan Width": 0,"Actual Startup Time": 0.008,"Actual Total Time": 0.008,"Actual Rows": 31,"Actual Loops": 6534,"Index Cond": "(l_partkey = part.p_partkey)"}]}]}]}]},"Planning Time": 5.466,"Triggers": [],"Execution Time": 5063.669}]
[{"Plan": {"Node Type": "Aggregate","Strategy": "Plain","Partial Mode": "Simple","Parallel Aware": false,"Async Capable": false,"Startup Cost": 195918.24,"Total Cost": 195918.25,"Plan Rows": 1,"Plan Width": 32,"Actual Startup Time": 5028.694,"Actual Total Time": 5029.511,"Actual Rows": 1,"Actual Loops": 1,"Plans": [{"Node Type": "Hash Join","Parent Relationship": "Outer","Parallel Aware": false,"Async Capable": false,"Join Type": "Inner","Startup Cost": 6368.83,"Total Cost": 195913.38,"Plan Rows": 1941,"Plan Width": 8,"Actual Startup Time": 69.376,"Actual Total Time": 5029.124,"Actual Rows": 542,"Actual Loops": 1,"Inner Unique": true,"Hash Cond": "(lineitem.l_partkey = part.p_partkey)","Join Filter": "(lineitem.l_quantity < (SubPlan 1))","Rows Removed by Join Filter": 5769,"Plans": [{"Node Type": "Seq Scan","Parent Relationship": "Outer","Parallel Aware": false,"Async Capable": false,"Relation Name": "lineitem","Alias": "lineitem","Startup Cost": 0.00,"Total Cost": 172515.15,"Plan Rows": 6001215,"Plan Width": 17,"Actual Startup Time": 0.015,"Actual Total Time": 1016.176,"Actual Rows": 6001215,"Actual Loops": 1},{"Node Type": "Hash","Parent Relationship": "Inner","Parallel Aware": false,"Async Capable": false,"Startup Cost": 6366.40,"Total Cost": 6366.40,"Plan Rows": 194,"Plan Width": 4,"Actual Startup Time": 31.240,"Actual Total Time": 32.000,"Actual Rows": 212,"Actual Loops": 1,"Hash Buckets": 1024,"Original Hash Buckets": 1024,"Hash Batches": 1,"Original Hash Batches": 1,"Peak Memory Usage": 16,"Plans": [{"Node Type": "Gather","Parent Relationship": "Outer","Parallel Aware": false,"Async Capable": false,"Startup Cost": 1000.00,"Total Cost": 6366.40,"Plan Rows": 194,"Plan Width": 4,"Actual Startup Time": 0.497,"Actual Total Time": 31.918,"Actual Rows": 212,"Actual Loops": 1,"Workers Planned": 2,"Workers Launched": 2,"Single Copy": false,"Plans": [{"Node Type": "Seq Scan","Parent Relationship": "Outer","Parallel Aware": true,"Async Capable": false,"Relation Name": "part","Alias": "part","Startup Cost": 0.00,"Total Cost": 5347.00,"Plan Rows": 81,"Plan Width": 4,"Actual Startup Time": 0.541,"Actual Total Time": 25.406,"Actual Rows": 71,"Actual Loops": 3,"Filter": "((p_brand = 'Brand#11'::bpchar) AND (p_container = 'JUMBO PACK'::bpchar))","Rows Removed by Filter": 66596,"Workers": []}]}]},{"Node Type": "Aggregate","Strategy": "Plain","Partial Mode": "Simple","Parent Relationship": "SubPlan","Subplan Name": "SubPlan 1","Parallel Aware": false,"Async Capable": false,"Startup Cost": 127.60,"Total Cost": 127.61,"Plan Rows": 1,"Plan Width": 32,"Actual Startup Time": 0.140,"Actual Total Time": 0.140,"Actual Rows": 1,"Actual Loops": 6311,"Plans": [{"Node Type": "Bitmap Heap Scan","Parent Relationship": "Outer","Parallel Aware": false,"Async Capable": false,"Relation Name": "lineitem","Alias": "lineitem_1","Startup Cost": 4.67,"Total Cost": 127.52,"Plan Rows": 31,"Plan Width": 5,"Actual Startup Time": 0.014,"Actual Total Time": 0.132,"Actual Rows": 31,"Actual Loops": 6311,"Recheck Cond": "(l_partkey = part.p_partkey)","Rows Removed by Index Recheck": 0,"Exact Heap Blocks": 193713,"Lossy Heap Blocks": 0,"Plans": [{"Node Type": "Bitmap Index Scan","Parent Relationship": "Outer","Parallel Aware": false,"Async Capable": false,"Index Name": "idx_lineitem_part_supp","Startup Cost": 0.00,"Total Cost": 4.67,"Plan Rows": 31,"Plan Width": 0,"Actual Startup Time": 0.008,"Actual Total Time": 0.008,"Actual Rows": 31,"Actual Loops": 6311,"Index Cond": "(l_partkey = part.p_partkey)"}]}]}]}]},"Planning Time": 5.879,"Triggers": [],"Execution Time": 5029.908}]
[{"Plan": {"Node Type": "Aggregate","Strategy": "Plain","Partial Mode": "Simple","Parallel Aware": false,"Async Capable": false,"Startup Cost": 195921.23,"Total Cost": 195921.24,"Plan Rows": 1,"Plan Width": 32,"Actual Startup Time": 4754.324,"Actual Total Time": 4754.929,"Actual Rows": 1,"Actual Loops": 1,"Plans": [{"Node Type": "Hash Join","Parent Relationship": "Outer","Parallel Aware": false,"Async Capable": false,"Join Type": "Inner","Startup Cost": 6371.28,"Total Cost": 195915.83,"Plan Rows": 2158,"Plan Width": 8,"Actual Startup Time": 46.653,"Actual Total Time": 4754.698,"Actual Rows": 467,"Actual Loops": 1,"Inner Unique": true,"Hash Cond": "(lineitem.l_partkey = part.p_partkey)","Join Filter": "(lineitem.l_quantity < (SubPlan 1))","Rows Removed by Join Filter": 4775,"Plans": [{"Node Type": "Seq Scan","Parent Relationship": "Outer","Parallel Aware": false,"Async Capable": false,"Relation Name": "lineitem","Alias": "lineitem","Startup Cost": 0.00,"Total Cost": 172515.15,"Plan Rows": 6001215,"Plan Width": 17,"Actual Startup Time": 0.017,"Actual Total Time": 1022.756,"Actual Rows": 6001215,"Actual Loops": 1},{"Node Type": "Hash","Parent Relationship": "Inner","Parallel Aware": false,"Async Capable": false,"Startup Cost": 6368.58,"Total Cost": 6368.58,"Plan Rows": 216,"Plan Width": 4,"Actual Startup Time": 31.479,"Actual Total Time": 32.071,"Actual Rows": 175,"Actual Loops": 1,"Hash Buckets": 1024,"Original Hash Buckets": 1024,"Hash Batches": 1,"Original Hash Batches": 1,"Peak Memory Usage": 15,"Plans": [{"Node Type": "Gather","Parent Relationship": "Outer","Parallel Aware": false,"Async Capable": false,"Startup Cost": 1000.00,"Total Cost": 6368.58,"Plan Rows": 216,"Plan Width": 4,"Actual Startup Time": 1.873,"Actual Total Time": 32.021,"Actual Rows": 175,"Actual Loops": 1,"Workers Planned": 2,"Workers Launched": 2,"Single Copy": false,"Plans": [{"Node Type": "Seq Scan","Parent Relationship": "Outer","Parallel Aware": true,"Async Capable": false,"Relation Name": "part","Alias": "part","Startup Cost": 0.00,"Total Cost": 5347.00,"Plan Rows": 90,"Plan Width": 4,"Actual Startup Time": 1.279,"Actual Total Time": 25.327,"Actual Rows": 58,"Actual Loops": 3,"Filter": "((p_brand = 'Brand#33'::bpchar) AND (p_container = 'SM JAR'::bpchar))","Rows Removed by Filter": 66608,"Workers": []}]}]},{"Node Type": "Aggregate","Strategy": "Plain","Partial Mode": "Simple","Parent Relationship": "SubPlan","Subplan Name": "SubPlan 1","Parallel Aware": false,"Async Capable": false,"Startup Cost": 127.60,"Total Cost": 127.61,"Plan Rows": 1,"Plan Width": 32,"Actual Startup Time": 0.139,"Actual Total Time": 0.139,"Actual Rows": 1,"Actual Loops": 5242,"Plans": [{"Node Type": "Bitmap Heap Scan","Parent Relationship": "Outer","Parallel Aware": false,"Async Capable": false,"Relation Name": "lineitem","Alias": "lineitem_1","Startup Cost": 4.67,"Total Cost": 127.52,"Plan Rows": 31,"Plan Width": 5,"Actual Startup Time": 0.014,"Actual Total Time": 0.132,"Actual Rows": 31,"Actual Loops": 5242,"Recheck Cond": "(l_partkey = part.p_partkey)","Rows Removed by Index Recheck": 0,"Exact Heap Blocks": 162279,"Lossy Heap Blocks": 0,"Plans": [{"Node Type": "Bitmap Index Scan","Parent Relationship": "Outer","Parallel Aware": false,"Async Capable": false,"Index Name": "idx_lineitem_part_supp","Startup Cost": 0.00,"Total Cost": 4.67,"Plan Rows": 31,"Plan Width": 0,"Actual Startup Time": 0.008,"Actual Total Time": 0.008,"Actual Rows": 31,"Actual Loops": 5242,"Index Cond": "(l_partkey = part.p_partkey)"}]}]}]}]},"Planning Time": 4.584,"Triggers": [],"Execution Time": 4755.196}]
[{"Plan": {"Node Type": "Aggregate","Strategy": "Plain","Partial Mode": "Simple","Parallel Aware": false,"Async Capable": false,"Startup Cost": 195919.89,"Total Cost": 195919.90,"Plan Rows": 1,"Plan Width": 32,"Actual Startup Time": 4843.161,"Actual Total Time": 4843.994,"Actual Rows": 1,"Actual Loops": 1,"Plans": [{"Node Type": "Hash Join","Parent Relationship": "Outer","Parallel Aware": false,"Async Capable": false,"Join Type": "Inner","Startup Cost": 6370.18,"Total Cost": 195914.73,"Plan Rows": 2061,"Plan Width": 8,"Actual Startup Time": 45.551,"Actual Total Time": 4843.653,"Actual Rows": 466,"Actual Loops": 1,"Inner Unique": true,"Hash Cond": "(lineitem.l_partkey = part.p_partkey)","Join Filter": "(lineitem.l_quantity < (SubPlan 1))","Rows Removed by Join Filter": 4891,"Plans": [{"Node Type": "Seq Scan","Parent Relationship": "Outer","Parallel Aware": false,"Async Capable": false,"Relation Name": "lineitem","Alias": "lineitem","Startup Cost": 0.00,"Total Cost": 172515.15,"Plan Rows": 6001215,"Plan Width": 17,"Actual Startup Time": 0.023,"Actual Total Time": 1013.040,"Actual Rows": 6001215,"Actual Loops": 1},{"Node Type": "Hash","Parent Relationship": "Inner","Parallel Aware": false,"Async Capable": false,"Startup Cost": 6367.60,"Total Cost": 6367.60,"Plan Rows": 206,"Plan Width": 4,"Actual Startup Time": 30.275,"Actual Total Time": 31.061,"Actual Rows": 180,"Actual Loops": 1,"Hash Buckets": 1024,"Original Hash Buckets": 1024,"Hash Batches": 1,"Original Hash Batches": 1,"Peak Memory Usage": 15,"Plans": [{"Node Type": "Gather","Parent Relationship": "Outer","Parallel Aware": false,"Async Capable": false,"Startup Cost": 1000.00,"Total Cost": 6367.60,"Plan Rows": 206,"Plan Width": 4,"Actual Startup Time": 2.336,"Actual Total Time": 30.985,"Actual Rows": 180,"Actual Loops": 1,"Workers Planned": 2,"Workers Launched": 2,"Single Copy": false,"Plans": [{"Node Type": "Seq Scan","Parent Relationship": "Outer","Parallel Aware": true,"Async Capable": false,"Relation Name": "part","Alias": "part","Startup Cost": 0.00,"Total Cost": 5347.00,"Plan Rows": 86,"Plan Width": 4,"Actual Startup Time": 1.481,"Actual Total Time": 23.825,"Actual Rows": 60,"Actual Loops": 3,"Filter": "((p_brand = 'Brand#15'::bpchar) AND (p_container = 'WRAP BAG'::bpchar))","Rows Removed by Filter": 66607,"Workers": []}]}]},{"Node Type": "Aggregate","Strategy": "Plain","Partial Mode": "Simple","Parent Relationship": "SubPlan","Subplan Name": "SubPlan 1","Parallel Aware": false,"Async Capable": false,"Startup Cost": 127.60,"Total Cost": 127.61,"Plan Rows": 1,"Plan Width": 32,"Actual Startup Time": 0.132,"Actual Total Time": 0.132,"Actual Rows": 1,"Actual Loops": 5357,"Plans": [{"Node Type": "Bitmap Heap Scan","Parent Relationship": "Outer","Parallel Aware": false,"Async Capable": false,"Relation Name": "lineitem","Alias": "lineitem_1","Startup Cost": 4.67,"Total Cost": 127.52,"Plan Rows": 31,"Plan Width": 5,"Actual Startup Time": 0.014,"Actual Total Time": 0.124,"Actual Rows": 31,"Actual Loops": 5357,"Recheck Cond": "(l_partkey = part.p_partkey)","Rows Removed by Index Recheck": 0,"Exact Heap Blocks": 164641,"Lossy Heap Blocks": 0,"Plans": [{"Node Type": "Bitmap Index Scan","Parent Relationship": "Outer","Parallel Aware": false,"Async Capable": false,"Index Name": "idx_lineitem_part_supp","Startup Cost": 0.00,"Total Cost": 4.67,"Plan Rows": 31,"Plan Width": 0,"Actual Startup Time": 0.008,"Actual Total Time": 0.008,"Actual Rows": 31,"Actual Loops": 5357,"Index Cond": "(l_partkey = part.p_partkey)"}]}]}]}]},"Planning Time": 5.516,"Triggers": [],"Execution Time": 4844.535}]
[{"Plan": {"Node Type": "Aggregate","Strategy": "Plain","Partial Mode": "Simple","Parallel Aware": false,"Async Capable": false,"Startup Cost": 195919.24,"Total Cost": 195919.25,"Plan Rows": 1,"Plan Width": 32,"Actual Startup Time": 4831.248,"Actual Total Time": 4831.911,"Actual Rows": 1,"Actual Loops": 1,"Plans": [{"Node Type": "Hash Join","Parent Relationship": "Outer","Parallel Aware": false,"Async Capable": false,"Join Type": "Inner","Startup Cost": 6369.65,"Total Cost": 195914.20,"Plan Rows": 2014,"Plan Width": 8,"Actual Startup Time": 33.275,"Actual Total Time": 4831.419,"Actual Rows": 572,"Actual Loops": 1,"Inner Unique": true,"Hash Cond": "(lineitem.l_partkey = part.p_partkey)","Join Filter": "(lineitem.l_quantity < (SubPlan 1))","Rows Removed by Join Filter": 5325,"Plans": [{"Node Type": "Seq Scan","Parent Relationship": "Outer","Parallel Aware": false,"Async Capable": false,"Relation Name": "lineitem","Alias": "lineitem","Startup Cost": 0.00,"Total Cost": 172515.15,"Plan Rows": 6001215,"Plan Width": 17,"Actual Startup Time": 0.019,"Actual Total Time": 978.466,"Actual Rows": 6001215,"Actual Loops": 1},{"Node Type": "Hash","Parent Relationship": "Inner","Parallel Aware": false,"Async Capable": false,"Startup Cost": 6367.13,"Total Cost": 6367.13,"Plan Rows": 201,"Plan Width": 4,"Actual Startup Time": 32.390,"Actual Total Time": 32.972,"Actual Rows": 196,"Actual Loops": 1,"Hash Buckets": 1024,"Original Hash Buckets": 1024,"Hash Batches": 1,"Original Hash Batches": 1,"Peak Memory Usage": 15,"Plans": [{"Node Type": "Gather","Parent Relationship": "Outer","Parallel Aware": false,"Async Capable": false,"Startup Cost": 1000.00,"Total Cost": 6367.13,"Plan Rows": 201,"Plan Width": 4,"Actual Startup Time": 1.509,"Actual Total Time": 32.880,"Actual Rows": 196,"Actual Loops": 1,"Workers Planned": 2,"Workers Launched": 2,"Single Copy": false,"Plans": [{"Node Type": "Seq Scan","Parent Relationship": "Outer","Parallel Aware": true,"Async Capable": false,"Relation Name": "part","Alias": "part","Startup Cost": 0.00,"Total Cost": 5347.00,"Plan Rows": 84,"Plan Width": 4,"Actual Startup Time": 0.418,"Actual Total Time": 26.714,"Actual Rows": 65,"Actual Loops": 3,"Filter": "((p_brand = 'Brand#54'::bpchar) AND (p_container = 'SM CAN'::bpchar))","Rows Removed by Filter": 66601,"Workers": []}]}]},{"Node Type": "Aggregate","Strategy": "Plain","Partial Mode": "Simple","Parent Relationship": "SubPlan","Subplan Name": "SubPlan 1","Parallel Aware": false,"Async Capable": false,"Startup Cost": 127.60,"Total Cost": 127.61,"Plan Rows": 1,"Plan Width": 32,"Actual Startup Time": 0.119,"Actual Total Time": 0.119,"Actual Rows": 1,"Actual Loops": 5897,"Plans": [{"Node Type": "Bitmap Heap Scan","Parent Relationship": "Outer","Parallel Aware": false,"Async Capable": false,"Relation Name": "lineitem","Alias": "lineitem_1","Startup Cost": 4.67,"Total Cost": 127.52,"Plan Rows": 31,"Plan Width": 5,"Actual Startup Time": 0.013,"Actual Total Time": 0.112,"Actual Rows": 31,"Actual Loops": 5897,"Recheck Cond": "(l_partkey = part.p_partkey)","Rows Removed by Index Recheck": 0,"Exact Heap Blocks": 183409,"Lossy Heap Blocks": 0,"Plans": [{"Node Type": "Bitmap Index Scan","Parent Relationship": "Outer","Parallel Aware": false,"Async Capable": false,"Index Name": "idx_lineitem_part_supp","Startup Cost": 0.00,"Total Cost": 4.67,"Plan Rows": 31,"Plan Width": 0,"Actual Startup Time": 0.007,"Actual Total Time": 0.007,"Actual Rows": 31,"Actual Loops": 5897,"Index Cond": "(l_partkey = part.p_partkey)"}]}]}]}]},"Planning Time": 5.622,"Triggers": [],"Execution Time": 4832.303}]
[{"Plan": {"Node Type": "Aggregate","Strategy": "Plain","Partial Mode": "Simple","Parallel Aware": false,"Async Capable": false,"Startup Cost": 195918.29,"Total Cost": 195918.31,"Plan Rows": 1,"Plan Width": 32,"Actual Startup Time": 4927.736,"Actual Total Time": 4928.216,"Actual Rows": 1,"Actual Loops": 1,"Plans": [{"Node Type": "Hash Join","Parent Relationship": "Outer","Parallel Aware": false,"Async Capable": false,"Join Type": "Inner","Startup Cost": 6368.88,"Total Cost": 195913.43,"Plan Rows": 1945,"Plan Width": 8,"Actual Startup Time": 58.402,"Actual Total Time": 4927.998,"Actual Rows": 545,"Actual Loops": 1,"Inner Unique": true,"Hash Cond": "(lineitem.l_partkey = part.p_partkey)","Join Filter": "(lineitem.l_quantity < (SubPlan 1))","Rows Removed by Join Filter": 5718,"Plans": [{"Node Type": "Seq Scan","Parent Relationship": "Outer","Parallel Aware": false,"Async Capable": false,"Relation Name": "lineitem","Alias": "lineitem","Startup Cost": 0.00,"Total Cost": 172515.15,"Plan Rows": 6001215,"Plan Width": 17,"Actual Startup Time": 0.021,"Actual Total Time": 1027.282,"Actual Rows": 6001215,"Actual Loops": 1},{"Node Type": "Hash","Parent Relationship": "Inner","Parallel Aware": false,"Async Capable": false,"Startup Cost": 6366.44,"Total Cost": 6366.44,"Plan Rows": 194,"Plan Width": 4,"Actual Startup Time": 32.696,"Actual Total Time": 33.162,"Actual Rows": 205,"Actual Loops": 1,"Hash Buckets": 1024,"Original Hash Buckets": 1024,"Hash Batches": 1,"Original Hash Batches": 1,"Peak Memory Usage": 16,"Plans": [{"Node Type": "Gather","Parent Relationship": "Outer","Parallel Aware": false,"Async Capable": false,"Startup Cost": 1000.00,"Total Cost": 6366.44,"Plan Rows": 194,"Plan Width": 4,"Actual Startup Time": 1.727,"Actual Total Time": 33.114,"Actual Rows": 205,"Actual Loops": 1,"Workers Planned": 2,"Workers Launched": 2,"Single Copy": false,"Plans": [{"Node Type": "Seq Scan","Parent Relationship": "Outer","Parallel Aware": true,"Async Capable": false,"Relation Name": "part","Alias": "part","Startup Cost": 0.00,"Total Cost": 5347.00,"Plan Rows": 81,"Plan Width": 4,"Actual Startup Time": 1.543,"Actual Total Time": 26.747,"Actual Rows": 68,"Actual Loops": 3,"Filter": "((p_brand = 'Brand#31'::bpchar) AND (p_container = 'JUMBO CASE'::bpchar))","Rows Removed by Filter": 66598,"Workers": []}]}]},{"Node Type": "Aggregate","Strategy": "Plain","Partial Mode": "Simple","Parent Relationship": "SubPlan","Subplan Name": "SubPlan 1","Parallel Aware": false,"Async Capable": false,"Startup Cost": 127.60,"Total Cost": 127.61,"Plan Rows": 1,"Plan Width": 32,"Actual Startup Time": 0.130,"Actual Total Time": 0.130,"Actual Rows": 1,"Actual Loops": 6263,"Plans": [{"Node Type": "Bitmap Heap Scan","Parent Relationship": "Outer","Parallel Aware": false,"Async Capable": false,"Relation Name": "lineitem","Alias": "lineitem_1","Startup Cost": 4.67,"Total Cost": 127.52,"Plan Rows": 31,"Plan Width": 5,"Actual Startup Time": 0.013,"Actual Total Time": 0.123,"Actual Rows": 31,"Actual Loops": 6263,"Recheck Cond": "(l_partkey = part.p_partkey)","Rows Removed by Index Recheck": 0,"Exact Heap Blocks": 197040,"Lossy Heap Blocks": 0,"Plans": [{"Node Type": "Bitmap Index Scan","Parent Relationship": "Outer","Parallel Aware": false,"Async Capable": false,"Index Name": "idx_lineitem_part_supp","Startup Cost": 0.00,"Total Cost": 4.67,"Plan Rows": 31,"Plan Width": 0,"Actual Startup Time": 0.007,"Actual Total Time": 0.007,"Actual Rows": 31,"Actual Loops": 6263,"Index Cond": "(l_partkey = part.p_partkey)"}]}]}]}]},"Planning Time": 5.822,"Triggers": [],"Execution Time": 4928.533}]
[{"Plan": {"Node Type": "Aggregate","Strategy": "Plain","Partial Mode": "Simple","Parallel Aware": false,"Async Capable": false,"Startup Cost": 195919.38,"Total Cost": 195919.39,"Plan Rows": 1,"Plan Width": 32,"Actual Startup Time": 4850.745,"Actual Total Time": 4851.417,"Actual Rows": 1,"Actual Loops": 1,"Plans": [{"Node Type": "Hash Join","Parent Relationship": "Outer","Parallel Aware": false,"Async Capable": false,"Join Type": "Inner","Startup Cost": 6369.77,"Total Cost": 195914.32,"Plan Rows": 2024,"Plan Width": 8,"Actual Startup Time": 47.066,"Actual Total Time": 4851.189,"Actual Rows": 487,"Actual Loops": 1,"Inner Unique": true,"Hash Cond": "(lineitem.l_partkey = part.p_partkey)","Join Filter": "(lineitem.l_quantity < (SubPlan 1))","Rows Removed by Join Filter": 5274,"Plans": [{"Node Type": "Seq Scan","Parent Relationship": "Outer","Parallel Aware": false,"Async Capable": false,"Relation Name": "lineitem","Alias": "lineitem","Startup Cost": 0.00,"Total Cost": 172515.15,"Plan Rows": 6001215,"Plan Width": 17,"Actual Startup Time": 0.019,"Actual Total Time": 1013.858,"Actual Rows": 6001215,"Actual Loops": 1},{"Node Type": "Hash","Parent Relationship": "Inner","Parallel Aware": false,"Async Capable": false,"Startup Cost": 6367.24,"Total Cost": 6367.24,"Plan Rows": 202,"Plan Width": 4,"Actual Startup Time": 31.990,"Actual Total Time": 32.648,"Actual Rows": 192,"Actual Loops": 1,"Hash Buckets": 1024,"Original Hash Buckets": 1024,"Hash Batches": 1,"Original Hash Batches": 1,"Peak Memory Usage": 15,"Plans": [{"Node Type": "Gather","Parent Relationship": "Outer","Parallel Aware": false,"Async Capable": false,"Startup Cost": 1000.00,"Total Cost": 6367.24,"Plan Rows": 202,"Plan Width": 4,"Actual Startup Time": 0.720,"Actual Total Time": 32.587,"Actual Rows": 192,"Actual Loops": 1,"Workers Planned": 2,"Workers Launched": 2,"Single Copy": false,"Plans": [{"Node Type": "Seq Scan","Parent Relationship": "Outer","Parallel Aware": true,"Async Capable": false,"Relation Name": "part","Alias": "part","Startup Cost": 0.00,"Total Cost": 5347.00,"Plan Rows": 84,"Plan Width": 4,"Actual Startup Time": 0.695,"Actual Total Time": 25.886,"Actual Rows": 64,"Actual Loops": 3,"Filter": "((p_brand = 'Brand#54'::bpchar) AND (p_container = 'JUMBO JAR'::bpchar))","Rows Removed by Filter": 66603,"Workers": []}]}]},{"Node Type": "Aggregate","Strategy": "Plain","Partial Mode": "Simple","Parent Relationship": "SubPlan","Subplan Name": "SubPlan 1","Parallel Aware": false,"Async Capable": false,"Startup Cost": 127.60,"Total Cost": 127.61,"Plan Rows": 1,"Plan Width": 32,"Actual Startup Time": 0.142,"Actual Total Time": 0.142,"Actual Rows": 1,"Actual Loops": 5761,"Plans": [{"Node Type": "Bitmap Heap Scan","Parent Relationship": "Outer","Parallel Aware": false,"Async Capable": false,"Relation Name": "lineitem","Alias": "lineitem_1","Startup Cost": 4.67,"Total Cost": 127.52,"Plan Rows": 31,"Plan Width": 5,"Actual Startup Time": 0.014,"Actual Total Time": 0.135,"Actual Rows": 31,"Actual Loops": 5761,"Recheck Cond": "(l_partkey = part.p_partkey)","Rows Removed by Index Recheck": 0,"Exact Heap Blocks": 179127,"Lossy Heap Blocks": 0,"Plans": [{"Node Type": "Bitmap Index Scan","Parent Relationship": "Outer","Parallel Aware": false,"Async Capable": false,"Index Name": "idx_lineitem_part_supp","Startup Cost": 0.00,"Total Cost": 4.67,"Plan Rows": 31,"Plan Width": 0,"Actual Startup Time": 0.008,"Actual Total Time": 0.008,"Actual Rows": 31,"Actual Loops": 5761,"Index Cond": "(l_partkey = part.p_partkey)"}]}]}]}]},"Planning Time": 4.661,"Triggers": [],"Execution Time": 4851.707}]
[{"Plan": {"Node Type": "Aggregate","Strategy": "Plain","Partial Mode": "Simple","Parallel Aware": false,"Async Capable": false,"Startup Cost": 195918.01,"Total Cost": 195918.02,"Plan Rows": 1,"Plan Width": 32,"Actual Startup Time": 4958.308,"Actual Total Time": 4959.081,"Actual Rows": 1,"Actual Loops": 1,"Plans": [{"Node Type": "Hash Join","Parent Relationship": "Outer","Parallel Aware": false,"Async Capable": false,"Join Type": "Inner","Startup Cost": 6368.64,"Total Cost": 195913.19,"Plan Rows": 1924,"Plan Width": 8,"Actual Startup Time": 31.664,"Actual Total Time": 4958.745,"Actual Rows": 603,"Actual Loops": 1,"Inner Unique": true,"Hash Cond": "(lineitem.l_partkey = part.p_partkey)","Join Filter": "(lineitem.l_quantity < (SubPlan 1))","Rows Removed by Join Filter": 6115,"Plans": [{"Node Type": "Seq Scan","Parent Relationship": "Outer","Parallel Aware": false,"Async Capable": false,"Relation Name": "lineitem","Alias": "lineitem","Startup Cost": 0.00,"Total Cost": 172515.15,"Plan Rows": 6001215,"Plan Width": 17,"Actual Startup Time": 0.023,"Actual Total Time": 949.086,"Actual Rows": 6001215,"Actual Loops": 1},{"Node Type": "Hash","Parent Relationship": "Inner","Parallel Aware": false,"Async Capable": false,"Startup Cost": 6366.24,"Total Cost": 6366.24,"Plan Rows": 192,"Plan Width": 4,"Actual Startup Time": 30.755,"Actual Total Time": 31.494,"Actual Rows": 222,"Actual Loops": 1,"Hash Buckets": 1024,"Original Hash Buckets": 1024,"Hash Batches": 1,"Original Hash Batches": 1,"Peak Memory Usage": 16,"Plans": [{"Node Type": "Gather","Parent Relationship": "Outer","Parallel Aware": false,"Async Capable": false,"Startup Cost": 1000.00,"Total Cost": 6366.24,"Plan Rows": 192,"Plan Width": 4,"Actual Startup Time": 1.127,"Actual Total Time": 31.413,"Actual Rows": 222,"Actual Loops": 1,"Workers Planned": 2,"Workers Launched": 2,"Single Copy": false,"Plans": [{"Node Type": "Seq Scan","Parent Relationship": "Outer","Parallel Aware": true,"Async Capable": false,"Relation Name": "part","Alias": "part","Startup Cost": 0.00,"Total Cost": 5347.00,"Plan Rows": 80,"Plan Width": 4,"Actual Startup Time": 0.562,"Actual Total Time": 24.620,"Actual Rows": 74,"Actual Loops": 3,"Filter": "((p_brand = 'Brand#34'::bpchar) AND (p_container = 'JUMBO CASE'::bpchar))","Rows Removed by Filter": 66593,"Workers": []}]}]},{"Node Type": "Aggregate","Strategy": "Plain","Partial Mode": "Simple","Parent Relationship": "SubPlan","Subplan Name": "SubPlan 1","Parallel Aware": false,"Async Capable": false,"Startup Cost": 127.60,"Total Cost": 127.61,"Plan Rows": 1,"Plan Width": 32,"Actual Startup Time": 0.122,"Actual Total Time": 0.122,"Actual Rows": 1,"Actual Loops": 6718,"Plans": [{"Node Type": "Bitmap Heap Scan","Parent Relationship": "Outer","Parallel Aware": false,"Async Capable": false,"Relation Name": "lineitem","Alias": "lineitem_1","Startup Cost": 4.67,"Total Cost": 127.52,"Plan Rows": 31,"Plan Width": 5,"Actual Startup Time": 0.013,"Actual Total Time": 0.114,"Actual Rows": 31,"Actual Loops": 6718,"Recheck Cond": "(l_partkey = part.p_partkey)","Rows Removed by Index Recheck": 0,"Exact Heap Blocks": 210046,"Lossy Heap Blocks": 0,"Plans": [{"Node Type": "Bitmap Index Scan","Parent Relationship": "Outer","Parallel Aware": false,"Async Capable": false,"Index Name": "idx_lineitem_part_supp","Startup Cost": 0.00,"Total Cost": 4.67,"Plan Rows": 31,"Plan Width": 0,"Actual Startup Time": 0.007,"Actual Total Time": 0.007,"Actual Rows": 31,"Actual Loops": 6718,"Index Cond": "(l_partkey = part.p_partkey)"}]}]}]}]},"Planning Time": 5.428,"Triggers": [],"Execution Time": 4959.557}]
[{"Plan": {"Node Type": "Aggregate","Strategy": "Plain","Partial Mode": "Simple","Parallel Aware": false,"Async Capable": false,"Startup Cost": 195920.88,"Total Cost": 195920.89,"Plan Rows": 1,"Plan Width": 32,"Actual Startup Time": 4834.712,"Actual Total Time": 4835.385,"Actual Rows": 1,"Actual Loops": 1,"Plans": [{"Node Type": "Hash Join","Parent Relationship": "Outer","Parallel Aware": false,"Async Capable": false,"Join Type": "Inner","Startup Cost": 6370.99,"Total Cost": 195915.54,"Plan Rows": 2133,"Plan Width": 8,"Actual Startup Time": 37.043,"Actual Total Time": 4834.860,"Actual Rows": 542,"Actual Loops": 1,"Inner Unique": true,"Hash Cond": "(lineitem.l_partkey = part.p_partkey)","Join Filter": "(lineitem.l_quantity < (SubPlan 1))","Rows Removed by Join Filter": 5248,"Plans": [{"Node Type": "Seq Scan","Parent Relationship": "Outer","Parallel Aware": false,"Async Capable": false,"Relation Name": "lineitem","Alias": "lineitem","Startup Cost": 0.00,"Total Cost": 172515.15,"Plan Rows": 6001215,"Plan Width": 17,"Actual Startup Time": 0.024,"Actual Total Time": 981.067,"Actual Rows": 6001215,"Actual Loops": 1},{"Node Type": "Hash","Parent Relationship": "Inner","Parallel Aware": false,"Async Capable": false,"Startup Cost": 6368.32,"Total Cost": 6368.32,"Plan Rows": 213,"Plan Width": 4,"Actual Startup Time": 30.195,"Actual Total Time": 30.827,"Actual Rows": 197,"Actual Loops": 1,"Hash Buckets": 1024,"Original Hash Buckets": 1024,"Hash Batches": 1,"Original Hash Batches": 1,"Peak Memory Usage": 15,"Plans": [{"Node Type": "Gather","Parent Relationship": "Outer","Parallel Aware": false,"Async Capable": false,"Startup Cost": 1000.00,"Total Cost": 6368.32,"Plan Rows": 213,"Plan Width": 4,"Actual Startup Time": 0.930,"Actual Total Time": 30.750,"Actual Rows": 197,"Actual Loops": 1,"Workers Planned": 2,"Workers Launched": 2,"Single Copy": false,"Plans": [{"Node Type": "Seq Scan","Parent Relationship": "Outer","Parallel Aware": true,"Async Capable": false,"Relation Name": "part","Alias": "part","Startup Cost": 0.00,"Total Cost": 5347.00,"Plan Rows": 89,"Plan Width": 4,"Actual Startup Time": 0.486,"Actual Total Time": 24.307,"Actual Rows": 66,"Actual Loops": 3,"Filter": "((p_brand = 'Brand#33'::bpchar) AND (p_container = 'WRAP BAG'::bpchar))","Rows Removed by Filter": 66601,"Workers": []}]}]},{"Node Type": "Aggregate","Strategy": "Plain","Partial Mode": "Simple","Parent Relationship": "SubPlan","Subplan Name": "SubPlan 1","Parallel Aware": false,"Async Capable": false,"Startup Cost": 127.60,"Total Cost": 127.61,"Plan Rows": 1,"Plan Width": 32,"Actual Startup Time": 0.121,"Actual Total Time": 0.121,"Actual Rows": 1,"Actual Loops": 5790,"Plans": [{"Node Type": "Bitmap Heap Scan","Parent Relationship": "Outer","Parallel Aware": false,"Async Capable": false,"Relation Name": "lineitem","Alias": "lineitem_1","Startup Cost": 4.67,"Total Cost": 127.52,"Plan Rows": 31,"Plan Width": 5,"Actual Startup Time": 0.013,"Actual Total Time": 0.114,"Actual Rows": 30,"Actual Loops": 5790,"Recheck Cond": "(l_partkey = part.p_partkey)","Rows Removed by Index Recheck": 0,"Exact Heap Blocks": 176296,"Lossy Heap Blocks": 0,"Plans": [{"Node Type": "Bitmap Index Scan","Parent Relationship": "Outer","Parallel Aware": false,"Async Capable": false,"Index Name": "idx_lineitem_part_supp","Startup Cost": 0.00,"Total Cost": 4.67,"Plan Rows": 31,"Plan Width": 0,"Actual Startup Time": 0.007,"Actual Total Time": 0.007,"Actual Rows": 30,"Actual Loops": 5790,"Index Cond": "(l_partkey = part.p_partkey)"}]}]}]}]},"Planning Time": 5.240,"Triggers": [],"Execution Time": 4835.815}]
[{"Plan": {"Node Type": "Aggregate","Strategy": "Plain","Partial Mode": "Simple","Parallel Aware": false,"Async Capable": false,"Startup Cost": 195918.95,"Total Cost": 195918.97,"Plan Rows": 1,"Plan Width": 32,"Actual Startup Time": 4929.978,"Actual Total Time": 4930.592,"Actual Rows": 1,"Actual Loops": 1,"Plans": [{"Node Type": "Hash Join","Parent Relationship": "Outer","Parallel Aware": false,"Async Capable": false,"Join Type": "Inner","Startup Cost": 6369.42,"Total Cost": 195913.97,"Plan Rows": 1993,"Plan Width": 8,"Actual Startup Time": 34.202,"Actual Total Time": 4930.321,"Actual Rows": 573,"Actual Loops": 1,"Inner Unique": true,"Hash Cond": "(lineitem.l_partkey = part.p_partkey)","Join Filter": "(lineitem.l_quantity < (SubPlan 1))","Rows Removed by Join Filter": 5843,"Plans": [{"Node Type": "Seq Scan","Parent Relationship": "Outer","Parallel Aware": false,"Async Capable": false,"Relation Name": "lineitem","Alias": "lineitem","Startup Cost": 0.00,"Total Cost": 172515.15,"Plan Rows": 6001215,"Plan Width": 17,"Actual Startup Time": 0.012,"Actual Total Time": 937.066,"Actual Rows": 6001215,"Actual Loops": 1},{"Node Type": "Hash","Parent Relationship": "Inner","Parallel Aware": false,"Async Capable": false,"Startup Cost": 6366.92,"Total Cost": 6366.92,"Plan Rows": 199,"Plan Width": 4,"Actual Startup Time": 30.964,"Actual Total Time": 31.560,"Actual Rows": 214,"Actual Loops": 1,"Hash Buckets": 1024,"Original Hash Buckets": 1024,"Hash Batches": 1,"Original Hash Batches": 1,"Peak Memory Usage": 16,"Plans": [{"Node Type": "Gather","Parent Relationship": "Outer","Parallel Aware": false,"Async Capable": false,"Startup Cost": 1000.00,"Total Cost": 6366.92,"Plan Rows": 199,"Plan Width": 4,"Actual Startup Time": 1.238,"Actual Total Time": 31.480,"Actual Rows": 214,"Actual Loops": 1,"Workers Planned": 2,"Workers Launched": 2,"Single Copy": false,"Plans": [{"Node Type": "Seq Scan","Parent Relationship": "Outer","Parallel Aware": true,"Async Capable": false,"Relation Name": "part","Alias": "part","Startup Cost": 0.00,"Total Cost": 5347.00,"Plan Rows": 83,"Plan Width": 4,"Actual Startup Time": 1.124,"Actual Total Time": 25.208,"Actual Rows": 71,"Actual Loops": 3,"Filter": "((p_brand = 'Brand#44'::bpchar) AND (p_container = 'MED DRUM'::bpchar))","Rows Removed by Filter": 66595,"Workers": []}]}]},{"Node Type": "Aggregate","Strategy": "Plain","Partial Mode": "Simple","Parent Relationship": "SubPlan","Subplan Name": "SubPlan 1","Parallel Aware": false,"Async Capable": false,"Startup Cost": 127.60,"Total Cost": 127.61,"Plan Rows": 1,"Plan Width": 32,"Actual Startup Time": 0.125,"Actual Total Time": 0.125,"Actual Rows": 1,"Actual Loops": 6416,"Plans": [{"Node Type": "Bitmap Heap Scan","Parent Relationship": "Outer","Parallel Aware": false,"Async Capable": false,"Relation Name": "lineitem","Alias": "lineitem_1","Startup Cost": 4.67,"Total Cost": 127.52,"Plan Rows": 31,"Plan Width": 5,"Actual Startup Time": 0.014,"Actual Total Time": 0.118,"Actual Rows": 31,"Actual Loops": 6416,"Recheck Cond": "(l_partkey = part.p_partkey)","Rows Removed by Index Recheck": 0,"Exact Heap Blocks": 198673,"Lossy Heap Blocks": 0,"Plans": [{"Node Type": "Bitmap Index Scan","Parent Relationship": "Outer","Parallel Aware": false,"Async Capable": false,"Index Name": "idx_lineitem_part_supp","Startup Cost": 0.00,"Total Cost": 4.67,"Plan Rows": 31,"Plan Width": 0,"Actual Startup Time": 0.007,"Actual Total Time": 0.007,"Actual Rows": 31,"Actual Loops": 6416,"Index Cond": "(l_partkey = part.p_partkey)"}]}]}]}]},"Planning Time": 5.990,"Triggers": [],"Execution Time": 4930.837}]
[{"Plan": {"Node Type": "Aggregate","Strategy": "Plain","Partial Mode": "Simple","Parallel Aware": false,"Async Capable": false,"Startup Cost": 195917.63,"Total Cost": 195917.65,"Plan Rows": 1,"Plan Width": 32,"Actual Startup Time": 4963.241,"Actual Total Time": 4963.720,"Actual Rows": 1,"Actual Loops": 1,"Plans": [{"Node Type": "Hash Join","Parent Relationship": "Outer","Parallel Aware": false,"Async Capable": false,"Join Type": "Inner","Startup Cost": 6368.34,"Total Cost": 195912.89,"Plan Rows": 1897,"Plan Width": 8,"Actual Startup Time": 70.210,"Actual Total Time": 4963.462,"Actual Rows": 573,"Actual Loops": 1,"Inner Unique": true,"Hash Cond": "(lineitem.l_partkey = part.p_partkey)","Join Filter": "(lineitem.l_quantity < (SubPlan 1))","Rows Removed by Join Filter": 5622,"Plans": [{"Node Type": "Seq Scan","Parent Relationship": "Outer","Parallel Aware": false,"Async Capable": false,"Relation Name": "lineitem","Alias": "lineitem","Startup Cost": 0.00,"Total Cost": 172515.15,"Plan Rows": 6001215,"Plan Width": 17,"Actual Startup Time": 0.020,"Actual Total Time": 1033.979,"Actual Rows": 6001215,"Actual Loops": 1},{"Node Type": "Hash","Parent Relationship": "Inner","Parallel Aware": false,"Async Capable": false,"Startup Cost": 6365.97,"Total Cost": 6365.97,"Plan Rows": 190,"Plan Width": 4,"Actual Startup Time": 33.010,"Actual Total Time": 33.469,"Actual Rows": 203,"Actual Loops": 1,"Hash Buckets": 1024,"Original Hash Buckets": 1024,"Hash Batches": 1,"Original Hash Batches": 1,"Peak Memory Usage": 16,"Plans": [{"Node Type": "Gather","Parent Relationship": "Outer","Parallel Aware": false,"Async Capable": false,"Startup Cost": 1000.00,"Total Cost": 6365.97,"Plan Rows": 190,"Plan Width": 4,"Actual Startup Time": 1.467,"Actual Total Time": 33.423,"Actual Rows": 203,"Actual Loops": 1,"Workers Planned": 2,"Workers Launched": 2,"Single Copy": false,"Plans": [{"Node Type": "Seq Scan","Parent Relationship": "Outer","Parallel Aware": true,"Async Capable": false,"Relation Name": "part","Alias": "part","Startup Cost": 0.00,"Total Cost": 5347.00,"Plan Rows": 79,"Plan Width": 4,"Actual Startup Time": 1.041,"Actual Total Time": 27.544,"Actual Rows": 68,"Actual Loops": 3,"Filter": "((p_brand = 'Brand#52'::bpchar) AND (p_container = 'JUMBO CASE'::bpchar))","Rows Removed by Filter": 66599,"Workers": []}]}]},{"Node Type": "Aggregate","Strategy": "Plain","Partial Mode": "Simple","Parent Relationship": "SubPlan","Subplan Name": "SubPlan 1","Parallel Aware": false,"Async Capable": false,"Startup Cost": 127.60,"Total Cost": 127.61,"Plan Rows": 1,"Plan Width": 32,"Actual Startup Time": 0.140,"Actual Total Time": 0.140,"Actual Rows": 1,"Actual Loops": 6195,"Plans": [{"Node Type": "Bitmap Heap Scan","Parent Relationship": "Outer","Parallel Aware": false,"Async Capable": false,"Relation Name": "lineitem","Alias": "lineitem_1","Startup Cost": 4.67,"Total Cost": 127.52,"Plan Rows": 31,"Plan Width": 5,"Actual Startup Time": 0.014,"Actual Total Time": 0.133,"Actual Rows": 31,"Actual Loops": 6195,"Recheck Cond": "(l_partkey = part.p_partkey)","Rows Removed by Index Recheck": 0,"Exact Heap Blocks": 195013,"Lossy Heap Blocks": 0,"Plans": [{"Node Type": "Bitmap Index Scan","Parent Relationship": "Outer","Parallel Aware": false,"Async Capable": false,"Index Name": "idx_lineitem_part_supp","Startup Cost": 0.00,"Total Cost": 4.67,"Plan Rows": 31,"Plan Width": 0,"Actual Startup Time": 0.008,"Actual Total Time": 0.008,"Actual Rows": 31,"Actual Loops": 6195,"Index Cond": "(l_partkey = part.p_partkey)"}]}]}]}]},"Planning Time": 5.900,"Triggers": [],"Execution Time": 4964.037}]
[{"Plan": {"Node Type": "Aggregate","Strategy": "Plain","Partial Mode": "Simple","Parallel Aware": false,"Async Capable": false,"Startup Cost": 195919.67,"Total Cost": 195919.68,"Plan Rows": 1,"Plan Width": 32,"Actual Startup Time": 4863.754,"Actual Total Time": 4864.375,"Actual Rows": 1,"Actual Loops": 1,"Plans": [{"Node Type": "Hash Join","Parent Relationship": "Outer","Parallel Aware": false,"Async Capable": false,"Join Type": "Inner","Startup Cost": 6370.00,"Total Cost": 195914.55,"Plan Rows": 2045,"Plan Width": 8,"Actual Startup Time": 55.454,"Actual Total Time": 4863.869,"Actual Rows": 575,"Actual Loops": 1,"Inner Unique": true,"Hash Cond": "(lineitem.l_partkey = part.p_partkey)","Join Filter": "(lineitem.l_quantity < (SubPlan 1))","Rows Removed by Join Filter": 5371,"Plans": [{"Node Type": "Seq Scan","Parent Relationship": "Outer","Parallel Aware": false,"Async Capable": false,"Relation Name": "lineitem","Alias": "lineitem","Startup Cost": 0.00,"Total Cost": 172515.15,"Plan Rows": 6001215,"Plan Width": 17,"Actual Startup Time": 0.019,"Actual Total Time": 979.776,"Actual Rows": 6001215,"Actual Loops": 1},{"Node Type": "Hash","Parent Relationship": "Inner","Parallel Aware": false,"Async Capable": false,"Startup Cost": 6367.45,"Total Cost": 6367.45,"Plan Rows": 204,"Plan Width": 4,"Actual Startup Time": 30.560,"Actual Total Time": 31.151,"Actual Rows": 197,"Actual Loops": 1,"Hash Buckets": 1024,"Original Hash Buckets": 1024,"Hash Batches": 1,"Original Hash Batches": 1,"Peak Memory Usage": 15,"Plans": [{"Node Type": "Gather","Parent Relationship": "Outer","Parallel Aware": false,"Async Capable": false,"Startup Cost": 1000.00,"Total Cost": 6367.45,"Plan Rows": 204,"Plan Width": 4,"Actual Startup Time": 2.722,"Actual Total Time": 31.084,"Actual Rows": 197,"Actual Loops": 1,"Workers Planned": 2,"Workers Launched": 2,"Single Copy": false,"Plans": [{"Node Type": "Seq Scan","Parent Relationship": "Outer","Parallel Aware": true,"Async Capable": false,"Relation Name": "part","Alias": "part","Startup Cost": 0.00,"Total Cost": 5347.00,"Plan Rows": 85,"Plan Width": 4,"Actual Startup Time": 1.549,"Actual Total Time": 24.758,"Actual Rows": 66,"Actual Loops": 3,"Filter": "((p_brand = 'Brand#41'::bpchar) AND (p_container = 'MED DRUM'::bpchar))","Rows Removed by Filter": 66601,"Workers": []}]}]},{"Node Type": "Aggregate","Strategy": "Plain","Partial Mode": "Simple","Parent Relationship": "SubPlan","Subplan Name": "SubPlan 1","Parallel Aware": false,"Async Capable": false,"Startup Cost": 127.60,"Total Cost": 127.61,"Plan Rows": 1,"Plan Width": 32,"Actual Startup Time": 0.123,"Actual Total Time": 0.123,"Actual Rows": 1,"Actual Loops": 5946,"Plans": [{"Node Type": "Bitmap Heap Scan","Parent Relationship": "Outer","Parallel Aware": false,"Async Capable": false,"Relation Name": "lineitem","Alias": "lineitem_1","Startup Cost": 4.67,"Total Cost": 127.52,"Plan Rows": 31,"Plan Width": 5,"Actual Startup Time": 0.013,"Actual Total Time": 0.116,"Actual Rows": 31,"Actual Loops": 5946,"Recheck Cond": "(l_partkey = part.p_partkey)","Rows Removed by Index Recheck": 0,"Exact Heap Blocks": 184735,"Lossy Heap Blocks": 0,"Plans": [{"Node Type": "Bitmap Index Scan","Parent Relationship": "Outer","Parallel Aware": false,"Async Capable": false,"Index Name": "idx_lineitem_part_supp","Startup Cost": 0.00,"Total Cost": 4.67,"Plan Rows": 31,"Plan Width": 0,"Actual Startup Time": 0.007,"Actual Total Time": 0.007,"Actual Rows": 31,"Actual Loops": 5946,"Index Cond": "(l_partkey = part.p_partkey)"}]}]}]}]},"Planning Time": 5.065,"Triggers": [],"Execution Time": 4864.786}]
[{"Plan": {"Node Type": "Aggregate","Strategy": "Plain","Partial Mode": "Simple","Parallel Aware": false,"Async Capable": false,"Startup Cost": 195921.68,"Total Cost": 195921.69,"Plan Rows": 1,"Plan Width": 32,"Actual Startup Time": 4838.998,"Actual Total Time": 4839.635,"Actual Rows": 1,"Actual Loops": 1,"Plans": [{"Node Type": "Hash Join","Parent Relationship": "Outer","Parallel Aware": false,"Async Capable": false,"Join Type": "Inner","Startup Cost": 6371.64,"Total Cost": 195916.20,"Plan Rows": 2191,"Plan Width": 8,"Actual Startup Time": 38.598,"Actual Total Time": 4839.338,"Actual Rows": 553,"Actual Loops": 1,"Inner Unique": true,"Hash Cond": "(lineitem.l_partkey = part.p_partkey)","Join Filter": "(lineitem.l_quantity < (SubPlan 1))","Rows Removed by Join Filter": 5429,"Plans": [{"Node Type": "Seq Scan","Parent Relationship": "Outer","Parallel Aware": false,"Async Capable": false,"Relation Name": "lineitem","Alias": "lineitem","Startup Cost": 0.00,"Total Cost": 172515.15,"Plan Rows": 6001215,"Plan Width": 17,"Actual Startup Time": 0.017,"Actual Total Time": 944.631,"Actual Rows": 6001215,"Actual Loops": 1},{"Node Type": "Hash","Parent Relationship": "Inner","Parallel Aware": false,"Async Capable": false,"Startup Cost": 6368.90,"Total Cost": 6368.90,"Plan Rows": 219,"Plan Width": 4,"Actual Startup Time": 31.742,"Actual Total Time": 32.361,"Actual Rows": 198,"Actual Loops": 1,"Hash Buckets": 1024,"Original Hash Buckets": 1024,"Hash Batches": 1,"Original Hash Batches": 1,"Peak Memory Usage": 15,"Plans": [{"Node Type": "Gather","Parent Relationship": "Outer","Parallel Aware": false,"Async Capable": false,"Startup Cost": 1000.00,"Total Cost": 6368.90,"Plan Rows": 219,"Plan Width": 4,"Actual Startup Time": 0.781,"Actual Total Time": 32.266,"Actual Rows": 198,"Actual Loops": 1,"Workers Planned": 2,"Workers Launched": 2,"Single Copy": false,"Plans": [{"Node Type": "Seq Scan","Parent Relationship": "Outer","Parallel Aware": true,"Async Capable": false,"Relation Name": "part","Alias": "part","Startup Cost": 0.00,"Total Cost": 5347.00,"Plan Rows": 91,"Plan Width": 4,"Actual Startup Time": 0.841,"Actual Total Time": 25.778,"Actual Rows": 66,"Actual Loops": 3,"Filter": "((p_brand = 'Brand#45'::bpchar) AND (p_container = 'SM BOX'::bpchar))","Rows Removed by Filter": 66601,"Workers": []}]}]},{"Node Type": "Aggregate","Strategy": "Plain","Partial Mode": "Simple","Parent Relationship": "SubPlan","Subplan Name": "SubPlan 1","Parallel Aware": false,"Async Capable": false,"Startup Cost": 127.60,"Total Cost": 127.61,"Plan Rows": 1,"Plan Width": 32,"Actual Startup Time": 0.126,"Actual Total Time": 0.126,"Actual Rows": 1,"Actual Loops": 5982,"Plans": [{"Node Type": "Bitmap Heap Scan","Parent Relationship": "Outer","Parallel Aware": false,"Async Capable": false,"Relation Name": "lineitem","Alias": "lineitem_1","Startup Cost": 4.67,"Total Cost": 127.52,"Plan Rows": 31,"Plan Width": 5,"Actual Startup Time": 0.014,"Actual Total Time": 0.118,"Actual Rows": 31,"Actual Loops": 5982,"Recheck Cond": "(l_partkey = part.p_partkey)","Rows Removed by Index Recheck": 0,"Exact Heap Blocks": 186947,"Lossy Heap Blocks": 0,"Plans": [{"Node Type": "Bitmap Index Scan","Parent Relationship": "Outer","Parallel Aware": false,"Async Capable": false,"Index Name": "idx_lineitem_part_supp","Startup Cost": 0.00,"Total Cost": 4.67,"Plan Rows": 31,"Plan Width": 0,"Actual Startup Time": 0.008,"Actual Total Time": 0.008,"Actual Rows": 31,"Actual Loops": 5982,"Index Cond": "(l_partkey = part.p_partkey)"}]}]}]}]},"Planning Time": 4.646,"Triggers": [],"Execution Time": 4839.874}]
[{"Plan": {"Node Type": "Aggregate","Strategy": "Plain","Partial Mode": "Simple","Parallel Aware": false,"Async Capable": false,"Startup Cost": 195919.37,"Total Cost": 195919.38,"Plan Rows": 1,"Plan Width": 32,"Actual Startup Time": 4863.633,"Actual Total Time": 4864.374,"Actual Rows": 1,"Actual Loops": 1,"Plans": [{"Node Type": "Hash Join","Parent Relationship": "Outer","Parallel Aware": false,"Async Capable": false,"Join Type": "Inner","Startup Cost": 6369.76,"Total Cost": 195914.31,"Plan Rows": 2023,"Plan Width": 8,"Actual Startup Time": 48.589,"Actual Total Time": 4863.961,"Actual Rows": 558,"Actual Loops": 1,"Inner Unique": true,"Hash Cond": "(lineitem.l_partkey = part.p_partkey)","Join Filter": "(lineitem.l_quantity < (SubPlan 1))","Rows Removed by Join Filter": 5415,"Plans": [{"Node Type": "Seq Scan","Parent Relationship": "Outer","Parallel Aware": false,"Async Capable": false,"Relation Name": "lineitem","Alias": "lineitem","Startup Cost": 0.00,"Total Cost": 172515.15,"Plan Rows": 6001215,"Plan Width": 17,"Actual Startup Time": 0.016,"Actual Total Time": 981.573,"Actual Rows": 6001215,"Actual Loops": 1},{"Node Type": "Hash","Parent Relationship": "Inner","Parallel Aware": false,"Async Capable": false,"Startup Cost": 6367.23,"Total Cost": 6367.23,"Plan Rows": 202,"Plan Width": 4,"Actual Startup Time": 33.611,"Actual Total Time": 34.312,"Actual Rows": 200,"Actual Loops": 1,"Hash Buckets": 1024,"Original Hash Buckets": 1024,"Hash Batches": 1,"Original Hash Batches": 1,"Peak Memory Usage": 16,"Plans": [{"Node Type": "Gather","Parent Relationship": "Outer","Parallel Aware": false,"Async Capable": false,"Startup Cost": 1000.00,"Total Cost": 6367.23,"Plan Rows": 202,"Plan Width": 4,"Actual Startup Time": 1.038,"Actual Total Time": 34.194,"Actual Rows": 200,"Actual Loops": 1,"Workers Planned": 2,"Workers Launched": 2,"Single Copy": false,"Plans": [{"Node Type": "Seq Scan","Parent Relationship": "Outer","Parallel Aware": true,"Async Capable": false,"Relation Name": "part","Alias": "part","Startup Cost": 0.00,"Total Cost": 5347.00,"Plan Rows": 84,"Plan Width": 4,"Actual Startup Time": 0.951,"Actual Total Time": 27.936,"Actual Rows": 67,"Actual Loops": 3,"Filter": "((p_brand = 'Brand#34'::bpchar) AND (p_container = 'LG CASE'::bpchar))","Rows Removed by Filter": 66600,"Workers": []}]}]},{"Node Type": "Aggregate","Strategy": "Plain","Partial Mode": "Simple","Parent Relationship": "SubPlan","Subplan Name": "SubPlan 1","Parallel Aware": false,"Async Capable": false,"Startup Cost": 127.60,"Total Cost": 127.61,"Plan Rows": 1,"Plan Width": 32,"Actual Startup Time": 0.121,"Actual Total Time": 0.121,"Actual Rows": 1,"Actual Loops": 5973,"Plans": [{"Node Type": "Bitmap Heap Scan","Parent Relationship": "Outer","Parallel Aware": false,"Async Capable": false,"Relation Name": "lineitem","Alias": "lineitem_1","Startup Cost": 4.67,"Total Cost": 127.52,"Plan Rows": 31,"Plan Width": 5,"Actual Startup Time": 0.013,"Actual Total Time": 0.114,"Actual Rows": 31,"Actual Loops": 5973,"Recheck Cond": "(l_partkey = part.p_partkey)","Rows Removed by Index Recheck": 0,"Exact Heap Blocks": 184267,"Lossy Heap Blocks": 0,"Plans": [{"Node Type": "Bitmap Index Scan","Parent Relationship": "Outer","Parallel Aware": false,"Async Capable": false,"Index Name": "idx_lineitem_part_supp","Startup Cost": 0.00,"Total Cost": 4.67,"Plan Rows": 31,"Plan Width": 0,"Actual Startup Time": 0.007,"Actual Total Time": 0.007,"Actual Rows": 31,"Actual Loops": 5973,"Index Cond": "(l_partkey = part.p_partkey)"}]}]}]}]},"Planning Time": 4.734,"Triggers": [],"Execution Time": 4864.777}]
[{"Plan": {"Node Type": "Aggregate","Strategy": "Plain","Partial Mode": "Simple","Parallel Aware": false,"Async Capable": false,"Startup Cost": 195918.57,"Total Cost": 195918.58,"Plan Rows": 1,"Plan Width": 32,"Actual Startup Time": 4798.465,"Actual Total Time": 4799.054,"Actual Rows": 1,"Actual Loops": 1,"Plans": [{"Node Type": "Hash Join","Parent Relationship": "Outer","Parallel Aware": false,"Async Capable": false,"Join Type": "Inner","Startup Cost": 6369.10,"Total Cost": 195913.65,"Plan Rows": 1965,"Plan Width": 8,"Actual Startup Time": 39.056,"Actual Total Time": 4798.865,"Actual Rows": 493,"Actual Loops": 1,"Inner Unique": true,"Hash Cond": "(lineitem.l_partkey = part.p_partkey)","Join Filter": "(lineitem.l_quantity < (SubPlan 1))","Rows Removed by Join Filter": 4922,"Plans": [{"Node Type": "Seq Scan","Parent Relationship": "Outer","Parallel Aware": false,"Async Capable": false,"Relation Name": "lineitem","Alias": "lineitem","Startup Cost": 0.00,"Total Cost": 172515.15,"Plan Rows": 6001215,"Plan Width": 17,"Actual Startup Time": 0.017,"Actual Total Time": 1022.155,"Actual Rows": 6001215,"Actual Loops": 1},{"Node Type": "Hash","Parent Relationship": "Inner","Parallel Aware": false,"Async Capable": false,"Startup Cost": 6366.65,"Total Cost": 6366.65,"Plan Rows": 196,"Plan Width": 4,"Actual Startup Time": 32.856,"Actual Total Time": 33.429,"Actual Rows": 181,"Actual Loops": 1,"Hash Buckets": 1024,"Original Hash Buckets": 1024,"Hash Batches": 1,"Original Hash Batches": 1,"Peak Memory Usage": 15,"Plans": [{"Node Type": "Gather","Parent Relationship": "Outer","Parallel Aware": false,"Async Capable": false,"Startup Cost": 1000.00,"Total Cost": 6366.65,"Plan Rows": 196,"Plan Width": 4,"Actual Startup Time": 0.665,"Actual Total Time": 33.365,"Actual Rows": 181,"Actual Loops": 1,"Workers Planned": 2,"Workers Launched": 2,"Single Copy": false,"Plans": [{"Node Type": "Seq Scan","Parent Relationship": "Outer","Parallel Aware": true,"Async Capable": false,"Relation Name": "part","Alias": "part","Startup Cost": 0.00,"Total Cost": 5347.00,"Plan Rows": 82,"Plan Width": 4,"Actual Startup Time": 0.467,"Actual Total Time": 27.059,"Actual Rows": 60,"Actual Loops": 3,"Filter": "((p_brand = 'Brand#24'::bpchar) AND (p_container = 'MED PKG'::bpchar))","Rows Removed by Filter": 66606,"Workers": []}]}]},{"Node Type": "Aggregate","Strategy": "Plain","Partial Mode": "Simple","Parent Relationship": "SubPlan","Subplan Name": "SubPlan 1","Parallel Aware": false,"Async Capable": false,"Startup Cost": 127.60,"Total Cost": 127.61,"Plan Rows": 1,"Plan Width": 32,"Actual Startup Time": 0.142,"Actual Total Time": 0.142,"Actual Rows": 1,"Actual Loops": 5415,"Plans": [{"Node Type": "Bitmap Heap Scan","Parent Relationship": "Outer","Parallel Aware": false,"Async Capable": false,"Relation Name": "lineitem","Alias": "lineitem_1","Startup Cost": 4.67,"Total Cost": 127.52,"Plan Rows": 31,"Plan Width": 5,"Actual Startup Time": 0.014,"Actual Total Time": 0.134,"Actual Rows": 31,"Actual Loops": 5415,"Recheck Cond": "(l_partkey = part.p_partkey)","Rows Removed by Index Recheck": 0,"Exact Heap Blocks": 167054,"Lossy Heap Blocks": 0,"Plans": [{"Node Type": "Bitmap Index Scan","Parent Relationship": "Outer","Parallel Aware": false,"Async Capable": false,"Index Name": "idx_lineitem_part_supp","Startup Cost": 0.00,"Total Cost": 4.67,"Plan Rows": 31,"Plan Width": 0,"Actual Startup Time": 0.008,"Actual Total Time": 0.008,"Actual Rows": 31,"Actual Loops": 5415,"Index Cond": "(l_partkey = part.p_partkey)"}]}]}]}]},"Planning Time": 5.982,"Triggers": [],"Execution Time": 4799.338}]
[{"Plan": {"Node Type": "Aggregate","Strategy": "Plain","Partial Mode": "Simple","Parallel Aware": false,"Async Capable": false,"Startup Cost": 195919.19,"Total Cost": 195919.20,"Plan Rows": 1,"Plan Width": 32,"Actual Startup Time": 4952.487,"Actual Total Time": 4953.020,"Actual Rows": 1,"Actual Loops": 1,"Plans": [{"Node Type": "Hash Join","Parent Relationship": "Outer","Parallel Aware": false,"Async Capable": false,"Join Type": "Inner","Startup Cost": 6369.61,"Total Cost": 195914.16,"Plan Rows": 2010,"Plan Width": 8,"Actual Startup Time": 41.514,"Actual Total Time": 4952.816,"Actual Rows": 564,"Actual Loops": 1,"Inner Unique": true,"Hash Cond": "(lineitem.l_partkey = part.p_partkey)","Join Filter": "(lineitem.l_quantity < (SubPlan 1))","Rows Removed by Join Filter": 5555,"Plans": [{"Node Type": "Seq Scan","Parent Relationship": "Outer","Parallel Aware": false,"Async Capable": false,"Relation Name": "lineitem","Alias": "lineitem","Startup Cost": 0.00,"Total Cost": 172515.15,"Plan Rows": 6001215,"Plan Width": 17,"Actual Startup Time": 0.015,"Actual Total Time": 1027.128,"Actual Rows": 6001215,"Actual Loops": 1},{"Node Type": "Hash","Parent Relationship": "Inner","Parallel Aware": false,"Async Capable": false,"Startup Cost": 6367.10,"Total Cost": 6367.10,"Plan Rows": 201,"Plan Width": 4,"Actual Startup Time": 32.631,"Actual Total Time": 33.146,"Actual Rows": 204,"Actual Loops": 1,"Hash Buckets": 1024,"Original Hash Buckets": 1024,"Hash Batches": 1,"Original Hash Batches": 1,"Peak Memory Usage": 16,"Plans": [{"Node Type": "Gather","Parent Relationship": "Outer","Parallel Aware": false,"Async Capable": false,"Startup Cost": 1000.00,"Total Cost": 6367.10,"Plan Rows": 201,"Plan Width": 4,"Actual Startup Time": 1.508,"Actual Total Time": 33.080,"Actual Rows": 204,"Actual Loops": 1,"Workers Planned": 2,"Workers Launched": 2,"Single Copy": false,"Plans": [{"Node Type": "Seq Scan","Parent Relationship": "Outer","Parallel Aware": true,"Async Capable": false,"Relation Name": "part","Alias": "part","Startup Cost": 0.00,"Total Cost": 5347.00,"Plan Rows": 84,"Plan Width": 4,"Actual Startup Time": 0.844,"Actual Total Time": 26.656,"Actual Rows": 68,"Actual Loops": 3,"Filter": "((p_brand = 'Brand#55'::bpchar) AND (p_container = 'WRAP CASE'::bpchar))","Rows Removed by Filter": 66599,"Workers": []}]}]},{"Node Type": "Aggregate","Strategy": "Plain","Partial Mode": "Simple","Parent Relationship": "SubPlan","Subplan Name": "SubPlan 1","Parallel Aware": false,"Async Capable": false,"Startup Cost": 127.60,"Total Cost": 127.61,"Plan Rows": 1,"Plan Width": 32,"Actual Startup Time": 0.142,"Actual Total Time": 0.142,"Actual Rows": 1,"Actual Loops": 6119,"Plans": [{"Node Type": "Bitmap Heap Scan","Parent Relationship": "Outer","Parallel Aware": false,"Async Capable": false,"Relation Name": "lineitem","Alias": "lineitem_1","Startup Cost": 4.67,"Total Cost": 127.52,"Plan Rows": 31,"Plan Width": 5,"Actual Startup Time": 0.014,"Actual Total Time": 0.134,"Actual Rows": 31,"Actual Loops": 6119,"Recheck Cond": "(l_partkey = part.p_partkey)","Rows Removed by Index Recheck": 0,"Exact Heap Blocks": 189535,"Lossy Heap Blocks": 0,"Plans": [{"Node Type": "Bitmap Index Scan","Parent Relationship": "Outer","Parallel Aware": false,"Async Capable": false,"Index Name": "idx_lineitem_part_supp","Startup Cost": 0.00,"Total Cost": 4.67,"Plan Rows": 31,"Plan Width": 0,"Actual Startup Time": 0.008,"Actual Total Time": 0.008,"Actual Rows": 31,"Actual Loops": 6119,"Index Cond": "(l_partkey = part.p_partkey)"}]}]}]}]},"Planning Time": 4.813,"Triggers": [],"Execution Time": 4953.296}]
[{"Plan": {"Node Type": "Aggregate","Strategy": "Plain","Partial Mode": "Simple","Parallel Aware": false,"Async Capable": false,"Startup Cost": 195918.41,"Total Cost": 195918.43,"Plan Rows": 1,"Plan Width": 32,"Actual Startup Time": 4881.702,"Actual Total Time": 4882.308,"Actual Rows": 1,"Actual Loops": 1,"Plans": [{"Node Type": "Hash Join","Parent Relationship": "Outer","Parallel Aware": false,"Async Capable": false,"Join Type": "Inner","Startup Cost": 6368.97,"Total Cost": 195913.53,"Plan Rows": 1954,"Plan Width": 8,"Actual Startup Time": 61.151,"Actual Total Time": 4882.000,"Actual Rows": 545,"Actual Loops": 1,"Inner Unique": true,"Hash Cond": "(lineitem.l_partkey = part.p_partkey)","Join Filter": "(lineitem.l_quantity < (SubPlan 1))","Rows Removed by Join Filter": 5870,"Plans": [{"Node Type": "Seq Scan","Parent Relationship": "Outer","Parallel Aware": false,"Async Capable": false,"Relation Name": "lineitem","Alias": "lineitem","Startup Cost": 0.00,"Total Cost": 172515.15,"Plan Rows": 6001215,"Plan Width": 17,"Actual Startup Time": 0.014,"Actual Total Time": 941.137,"Actual Rows": 6001215,"Actual Loops": 1},{"Node Type": "Hash","Parent Relationship": "Inner","Parallel Aware": false,"Async Capable": false,"Startup Cost": 6366.53,"Total Cost": 6366.53,"Plan Rows": 195,"Plan Width": 4,"Actual Startup Time": 33.137,"Actual Total Time": 33.728,"Actual Rows": 215,"Actual Loops": 1,"Hash Buckets": 1024,"Original Hash Buckets": 1024,"Hash Batches": 1,"Original Hash Batches": 1,"Peak Memory Usage": 16,"Plans": [{"Node Type": "Gather","Parent Relationship": "Outer","Parallel Aware": false,"Async Capable": false,"Startup Cost": 1000.00,"Total Cost": 6366.53,"Plan Rows": 195,"Plan Width": 4,"Actual Startup Time": 1.746,"Actual Total Time": 33.636,"Actual Rows": 215,"Actual Loops": 1,"Workers Planned": 2,"Workers Launched": 2,"Single Copy": false,"Plans": [{"Node Type": "Seq Scan","Parent Relationship": "Outer","Parallel Aware": true,"Async Capable": false,"Relation Name": "part","Alias": "part","Startup Cost": 0.00,"Total Cost": 5347.00,"Plan Rows": 81,"Plan Width": 4,"Actual Startup Time": 1.604,"Actual Total Time": 27.651,"Actual Rows": 72,"Actual Loops": 3,"Filter": "((p_brand = 'Brand#34'::bpchar) AND (p_container = 'JUMBO PACK'::bpchar))","Rows Removed by Filter": 66595,"Workers": []}]}]},{"Node Type": "Aggregate","Strategy": "Plain","Partial Mode": "Simple","Parent Relationship": "SubPlan","Subplan Name": "SubPlan 1","Parallel Aware": false,"Async Capable": false,"Startup Cost": 127.60,"Total Cost": 127.61,"Plan Rows": 1,"Plan Width": 32,"Actual Startup Time": 0.123,"Actual Total Time": 0.123,"Actual Rows": 1,"Actual Loops": 6415,"Plans": [{"Node Type": "Bitmap Heap Scan","Parent Relationship": "Outer","Parallel Aware": false,"Async Capable": false,"Relation Name": "lineitem","Alias": "lineitem_1","Startup Cost": 4.67,"Total Cost": 127.52,"Plan Rows": 31,"Plan Width": 5,"Actual Startup Time": 0.014,"Actual Total Time": 0.116,"Actual Rows": 31,"Actual Loops": 6415,"Recheck Cond": "(l_partkey = part.p_partkey)","Rows Removed by Index Recheck": 0,"Exact Heap Blocks": 197114,"Lossy Heap Blocks": 0,"Plans": [{"Node Type": "Bitmap Index Scan","Parent Relationship": "Outer","Parallel Aware": false,"Async Capable": false,"Index Name": "idx_lineitem_part_supp","Startup Cost": 0.00,"Total Cost": 4.67,"Plan Rows": 31,"Plan Width": 0,"Actual Startup Time": 0.007,"Actual Total Time": 0.007,"Actual Rows": 31,"Actual Loops": 6415,"Index Cond": "(l_partkey = part.p_partkey)"}]}]}]}]},"Planning Time": 4.605,"Triggers": [],"Execution Time": 4882.562}]
[{"Plan": {"Node Type": "Aggregate","Strategy": "Plain","Partial Mode": "Simple","Parallel Aware": false,"Async Capable": false,"Startup Cost": 195918.90,"Total Cost": 195918.92,"Plan Rows": 1,"Plan Width": 32,"Actual Startup Time": 4907.669,"Actual Total Time": 4908.166,"Actual Rows": 1,"Actual Loops": 1,"Plans": [{"Node Type": "Hash Join","Parent Relationship": "Outer","Parallel Aware": false,"Async Capable": false,"Join Type": "Inner","Startup Cost": 6369.37,"Total Cost": 195913.93,"Plan Rows": 1989,"Plan Width": 8,"Actual Startup Time": 34.591,"Actual Total Time": 4907.971,"Actual Rows": 555,"Actual Loops": 1,"Inner Unique": true,"Hash Cond": "(lineitem.l_partkey = part.p_partkey)","Join Filter": "(lineitem.l_quantity < (SubPlan 1))","Rows Removed by Join Filter": 5647,"Plans": [{"Node Type": "Seq Scan","Parent Relationship": "Outer","Parallel Aware": false,"Async Capable": false,"Relation Name": "lineitem","Alias": "lineitem","Startup Cost": 0.00,"Total Cost": 172515.15,"Plan Rows": 6001215,"Plan Width": 17,"Actual Startup Time": 0.017,"Actual Total Time": 1031.314,"Actual Rows": 6001215,"Actual Loops": 1},{"Node Type": "Hash","Parent Relationship": "Inner","Parallel Aware": false,"Async Capable": false,"Startup Cost": 6366.89,"Total Cost": 6366.89,"Plan Rows": 199,"Plan Width": 4,"Actual Startup Time": 32.758,"Actual Total Time": 33.232,"Actual Rows": 208,"Actual Loops": 1,"Hash Buckets": 1024,"Original Hash Buckets": 1024,"Hash Batches": 1,"Original Hash Batches": 1,"Peak Memory Usage": 16,"Plans": [{"Node Type": "Gather","Parent Relationship": "Outer","Parallel Aware": false,"Async Capable": false,"Startup Cost": 1000.00,"Total Cost": 6366.89,"Plan Rows": 199,"Plan Width": 4,"Actual Startup Time": 2.048,"Actual Total Time": 33.183,"Actual Rows": 208,"Actual Loops": 1,"Workers Planned": 2,"Workers Launched": 2,"Single Copy": false,"Plans": [{"Node Type": "Seq Scan","Parent Relationship": "Outer","Parallel Aware": true,"Async Capable": false,"Relation Name": "part","Alias": "part","Startup Cost": 0.00,"Total Cost": 5347.00,"Plan Rows": 83,"Plan Width": 4,"Actual Startup Time": 1.403,"Actual Total Time": 26.728,"Actual Rows": 69,"Actual Loops": 3,"Filter": "((p_brand = 'Brand#21'::bpchar) AND (p_container = 'WRAP PKG'::bpchar))","Rows Removed by Filter": 66597,"Workers": []}]}]},{"Node Type": "Aggregate","Strategy": "Plain","Partial Mode": "Simple","Parent Relationship": "SubPlan","Subplan Name": "SubPlan 1","Parallel Aware": false,"Async Capable": false,"Startup Cost": 127.60,"Total Cost": 127.61,"Plan Rows": 1,"Plan Width": 32,"Actual Startup Time": 0.126,"Actual Total Time": 0.126,"Actual Rows": 1,"Actual Loops": 6202,"Plans": [{"Node Type": "Bitmap Heap Scan","Parent Relationship": "Outer","Parallel Aware": false,"Async Capable": false,"Relation Name": "lineitem","Alias": "lineitem_1","Startup Cost": 4.67,"Total Cost": 127.52,"Plan Rows": 31,"Plan Width": 5,"Actual Startup Time": 0.014,"Actual Total Time": 0.119,"Actual Rows": 31,"Actual Loops": 6202,"Recheck Cond": "(l_partkey = part.p_partkey)","Rows Removed by Index Recheck": 0,"Exact Heap Blocks": 191786,"Lossy Heap Blocks": 0,"Plans": [{"Node Type": "Bitmap Index Scan","Parent Relationship": "Outer","Parallel Aware": false,"Async Capable": false,"Index Name": "idx_lineitem_part_supp","Startup Cost": 0.00,"Total Cost": 4.67,"Plan Rows": 31,"Plan Width": 0,"Actual Startup Time": 0.008,"Actual Total Time": 0.008,"Actual Rows": 31,"Actual Loops": 6202,"Index Cond": "(l_partkey = part.p_partkey)"}]}]}]}]},"Planning Time": 5.929,"Triggers": [],"Execution Time": 4908.463}]
[{"Plan": {"Node Type": "Aggregate","Strategy": "Plain","Partial Mode": "Simple","Parallel Aware": false,"Async Capable": false,"Startup Cost": 195919.00,"Total Cost": 195919.01,"Plan Rows": 1,"Plan Width": 32,"Actual Startup Time": 5111.757,"Actual Total Time": 5112.508,"Actual Rows": 1,"Actual Loops": 1,"Plans": [{"Node Type": "Hash Join","Parent Relationship": "Outer","Parallel Aware": false,"Async Capable": false,"Join Type": "Inner","Startup Cost": 6369.45,"Total Cost": 195914.01,"Plan Rows": 1996,"Plan Width": 8,"Actual Startup Time": 31.775,"Actual Total Time": 5112.151,"Actual Rows": 559,"Actual Loops": 1,"Inner Unique": true,"Hash Cond": "(lineitem.l_partkey = part.p_partkey)","Join Filter": "(lineitem.l_quantity < (SubPlan 1))","Rows Removed by Join Filter": 5947,"Plans": [{"Node Type": "Seq Scan","Parent Relationship": "Outer","Parallel Aware": false,"Async Capable": false,"Relation Name": "lineitem","Alias": "lineitem","Startup Cost": 0.00,"Total Cost": 172515.15,"Plan Rows": 6001215,"Plan Width": 17,"Actual Startup Time": 0.017,"Actual Total Time": 1005.586,"Actual Rows": 6001215,"Actual Loops": 1},{"Node Type": "Hash","Parent Relationship": "Inner","Parallel Aware": false,"Async Capable": false,"Startup Cost": 6366.96,"Total Cost": 6366.96,"Plan Rows": 200,"Plan Width": 4,"Actual Startup Time": 29.962,"Actual Total Time": 30.675,"Actual Rows": 213,"Actual Loops": 1,"Hash Buckets": 1024,"Original Hash Buckets": 1024,"Hash Batches": 1,"Original Hash Batches": 1,"Peak Memory Usage": 16,"Plans": [{"Node Type": "Gather","Parent Relationship": "Outer","Parallel Aware": false,"Async Capable": false,"Startup Cost": 1000.00,"Total Cost": 6366.96,"Plan Rows": 200,"Plan Width": 4,"Actual Startup Time": 0.831,"Actual Total Time": 30.578,"Actual Rows": 213,"Actual Loops": 1,"Workers Planned": 2,"Workers Launched": 2,"Single Copy": false,"Plans": [{"Node Type": "Seq Scan","Parent Relationship": "Outer","Parallel Aware": true,"Async Capable": false,"Relation Name": "part","Alias": "part","Startup Cost": 0.00,"Total Cost": 5347.00,"Plan Rows": 83,"Plan Width": 4,"Actual Startup Time": 0.410,"Actual Total Time": 24.663,"Actual Rows": 71,"Actual Loops": 3,"Filter": "((p_brand = 'Brand#41'::bpchar) AND (p_container = 'LG PACK'::bpchar))","Rows Removed by Filter": 66596,"Workers": []}]}]},{"Node Type": "Aggregate","Strategy": "Plain","Partial Mode": "Simple","Parent Relationship": "SubPlan","Subplan Name": "SubPlan 1","Parallel Aware": false,"Async Capable": false,"Startup Cost": 127.60,"Total Cost": 127.61,"Plan Rows": 1,"Plan Width": 32,"Actual Startup Time": 0.143,"Actual Total Time": 0.143,"Actual Rows": 1,"Actual Loops": 6506,"Plans": [{"Node Type": "Bitmap Heap Scan","Parent Relationship": "Outer","Parallel Aware": false,"Async Capable": false,"Relation Name": "lineitem","Alias": "lineitem_1","Startup Cost": 4.67,"Total Cost": 127.52,"Plan Rows": 31,"Plan Width": 5,"Actual Startup Time": 0.014,"Actual Total Time": 0.136,"Actual Rows": 32,"Actual Loops": 6506,"Recheck Cond": "(l_partkey = part.p_partkey)","Rows Removed by Index Recheck": 0,"Exact Heap Blocks": 205720,"Lossy Heap Blocks": 0,"Plans": [{"Node Type": "Bitmap Index Scan","Parent Relationship": "Outer","Parallel Aware": false,"Async Capable": false,"Index Name": "idx_lineitem_part_supp","Startup Cost": 0.00,"Total Cost": 4.67,"Plan Rows": 31,"Plan Width": 0,"Actual Startup Time": 0.008,"Actual Total Time": 0.008,"Actual Rows": 32,"Actual Loops": 6506,"Index Cond": "(l_partkey = part.p_partkey)"}]}]}]}]},"Planning Time": 5.360,"Triggers": [],"Execution Time": 5112.920}]
[{"Plan": {"Node Type": "Aggregate","Strategy": "Plain","Partial Mode": "Simple","Parallel Aware": false,"Async Capable": false,"Startup Cost": 195918.23,"Total Cost": 195918.24,"Plan Rows": 1,"Plan Width": 32,"Actual Startup Time": 4824.191,"Actual Total Time": 4824.864,"Actual Rows": 1,"Actual Loops": 1,"Plans": [{"Node Type": "Hash Join","Parent Relationship": "Outer","Parallel Aware": false,"Async Capable": false,"Join Type": "Inner","Startup Cost": 6368.82,"Total Cost": 195913.37,"Plan Rows": 1940,"Plan Width": 8,"Actual Startup Time": 43.515,"Actual Total Time": 4824.438,"Actual Rows": 526,"Actual Loops": 1,"Inner Unique": true,"Hash Cond": "(lineitem.l_partkey = part.p_partkey)","Join Filter": "(lineitem.l_quantity < (SubPlan 1))","Rows Removed by Join Filter": 5206,"Plans": [{"Node Type": "Seq Scan","Parent Relationship": "Outer","Parallel Aware": false,"Async Capable": false,"Relation Name": "lineitem","Alias": "lineitem","Startup Cost": 0.00,"Total Cost": 172515.15,"Plan Rows": 6001215,"Plan Width": 17,"Actual Startup Time": 0.019,"Actual Total Time": 982.450,"Actual Rows": 6001215,"Actual Loops": 1},{"Node Type": "Hash","Parent Relationship": "Inner","Parallel Aware": false,"Async Capable": false,"Startup Cost": 6366.40,"Total Cost": 6366.40,"Plan Rows": 194,"Plan Width": 4,"Actual Startup Time": 31.303,"Actual Total Time": 31.930,"Actual Rows": 194,"Actual Loops": 1,"Hash Buckets": 1024,"Original Hash Buckets": 1024,"Hash Batches": 1,"Original Hash Batches": 1,"Peak Memory Usage": 15,"Plans": [{"Node Type": "Gather","Parent Relationship": "Outer","Parallel Aware": false,"Async Capable": false,"Startup Cost": 1000.00,"Total Cost": 6366.40,"Plan Rows": 194,"Plan Width": 4,"Actual Startup Time": 1.426,"Actual Total Time": 31.846,"Actual Rows": 194,"Actual Loops": 1,"Workers Planned": 2,"Workers Launched": 2,"Single Copy": false,"Plans": [{"Node Type": "Seq Scan","Parent Relationship": "Outer","Parallel Aware": true,"Async Capable": false,"Relation Name": "part","Alias": "part","Startup Cost": 0.00,"Total Cost": 5347.00,"Plan Rows": 81,"Plan Width": 4,"Actual Startup Time": 1.152,"Actual Total Time": 25.501,"Actual Rows": 65,"Actual Loops": 3,"Filter": "((p_brand = 'Brand#43'::bpchar) AND (p_container = 'MED PACK'::bpchar))","Rows Removed by Filter": 66602,"Workers": []}]}]},{"Node Type": "Aggregate","Strategy": "Plain","Partial Mode": "Simple","Parent Relationship": "SubPlan","Subplan Name": "SubPlan 1","Parallel Aware": false,"Async Capable": false,"Startup Cost": 127.60,"Total Cost": 127.61,"Plan Rows": 1,"Plan Width": 32,"Actual Startup Time": 0.120,"Actual Total Time": 0.120,"Actual Rows": 1,"Actual Loops": 5732,"Plans": [{"Node Type": "Bitmap Heap Scan","Parent Relationship": "Outer","Parallel Aware": false,"Async Capable": false,"Relation Name": "lineitem","Alias": "lineitem_1","Startup Cost": 4.67,"Total Cost": 127.52,"Plan Rows": 31,"Plan Width": 5,"Actual Startup Time": 0.013,"Actual Total Time": 0.113,"Actual Rows": 30,"Actual Loops": 5732,"Recheck Cond": "(l_partkey = part.p_partkey)","Rows Removed by Index Recheck": 0,"Exact Heap Blocks": 174220,"Lossy Heap Blocks": 0,"Plans": [{"Node Type": "Bitmap Index Scan","Parent Relationship": "Outer","Parallel Aware": false,"Async Capable": false,"Index Name": "idx_lineitem_part_supp","Startup Cost": 0.00,"Total Cost": 4.67,"Plan Rows": 31,"Plan Width": 0,"Actual Startup Time": 0.007,"Actual Total Time": 0.007,"Actual Rows": 30,"Actual Loops": 5732,"Index Cond": "(l_partkey = part.p_partkey)"}]}]}]}]},"Planning Time": 5.168,"Triggers": [],"Execution Time": 4825.316}]
[{"Plan": {"Node Type": "Aggregate","Strategy": "Plain","Partial Mode": "Simple","Parallel Aware": false,"Async Capable": false,"Startup Cost": 195918.23,"Total Cost": 195918.24,"Plan Rows": 1,"Plan Width": 32,"Actual Startup Time": 4876.484,"Actual Total Time": 4876.932,"Actual Rows": 1,"Actual Loops": 1,"Plans": [{"Node Type": "Hash Join","Parent Relationship": "Outer","Parallel Aware": false,"Async Capable": false,"Join Type": "Inner","Startup Cost": 6368.82,"Total Cost": 195913.37,"Plan Rows": 1940,"Plan Width": 8,"Actual Startup Time": 32.809,"Actual Total Time": 4876.726,"Actual Rows": 534,"Actual Loops": 1,"Inner Unique": true,"Hash Cond": "(lineitem.l_partkey = part.p_partkey)","Join Filter": "(lineitem.l_quantity < (SubPlan 1))","Rows Removed by Join Filter": 5369,"Plans": [{"Node Type": "Seq Scan","Parent Relationship": "Outer","Parallel Aware": false,"Async Capable": false,"Relation Name": "lineitem","Alias": "lineitem","Startup Cost": 0.00,"Total Cost": 172515.15,"Plan Rows": 6001215,"Plan Width": 17,"Actual Startup Time": 0.020,"Actual Total Time": 938.828,"Actual Rows": 6001215,"Actual Loops": 1},{"Node Type": "Hash","Parent Relationship": "Inner","Parallel Aware": false,"Async Capable": false,"Startup Cost": 6366.40,"Total Cost": 6366.40,"Plan Rows": 194,"Plan Width": 4,"Actual Startup Time": 30.971,"Actual Total Time": 31.399,"Actual Rows": 200,"Actual Loops": 1,"Hash Buckets": 1024,"Original Hash Buckets": 1024,"Hash Batches": 1,"Original Hash Batches": 1,"Peak Memory Usage": 16,"Plans": [{"Node Type": "Gather","Parent Relationship": "Outer","Parallel Aware": false,"Async Capable": false,"Startup Cost": 1000.00,"Total Cost": 6366.40,"Plan Rows": 194,"Plan Width": 4,"Actual Startup Time": 0.832,"Actual Total Time": 31.324,"Actual Rows": 200,"Actual Loops": 1,"Workers Planned": 2,"Workers Launched": 2,"Single Copy": false,"Plans": [{"Node Type": "Seq Scan","Parent Relationship": "Outer","Parallel Aware": true,"Async Capable": false,"Relation Name": "part","Alias": "part","Startup Cost": 0.00,"Total Cost": 5347.00,"Plan Rows": 81,"Plan Width": 4,"Actual Startup Time": 1.005,"Actual Total Time": 24.975,"Actual Rows": 67,"Actual Loops": 3,"Filter": "((p_brand = 'Brand#22'::bpchar) AND (p_container = 'JUMBO PKG'::bpchar))","Rows Removed by Filter": 66600,"Workers": []}]}]},{"Node Type": "Aggregate","Strategy": "Plain","Partial Mode": "Simple","Parent Relationship": "SubPlan","Subplan Name": "SubPlan 1","Parallel Aware": false,"Async Capable": false,"Startup Cost": 127.60,"Total Cost": 127.61,"Plan Rows": 1,"Plan Width": 32,"Actual Startup Time": 0.122,"Actual Total Time": 0.123,"Actual Rows": 1,"Actual Loops": 5903,"Plans": [{"Node Type": "Bitmap Heap Scan","Parent Relationship": "Outer","Parallel Aware": false,"Async Capable": false,"Relation Name": "lineitem","Alias": "lineitem_1","Startup Cost": 4.67,"Total Cost": 127.52,"Plan Rows": 31,"Plan Width": 5,"Actual Startup Time": 0.013,"Actual Total Time": 0.115,"Actual Rows": 31,"Actual Loops": 5903,"Recheck Cond": "(l_partkey = part.p_partkey)","Rows Removed by Index Recheck": 0,"Exact Heap Blocks": 181291,"Lossy Heap Blocks": 0,"Plans": [{"Node Type": "Bitmap Index Scan","Parent Relationship": "Outer","Parallel Aware": false,"Async Capable": false,"Index Name": "idx_lineitem_part_supp","Startup Cost": 0.00,"Total Cost": 4.67,"Plan Rows": 31,"Plan Width": 0,"Actual Startup Time": 0.007,"Actual Total Time": 0.007,"Actual Rows": 31,"Actual Loops": 5903,"Index Cond": "(l_partkey = part.p_partkey)"}]}]}]}]},"Planning Time": 5.524,"Triggers": [],"Execution Time": 4877.253}]
[{"Plan": {"Node Type": "Aggregate","Strategy": "Plain","Partial Mode": "Simple","Parallel Aware": false,"Async Capable": false,"Startup Cost": 195919.16,"Total Cost": 195919.17,"Plan Rows": 1,"Plan Width": 32,"Actual Startup Time": 4842.548,"Actual Total Time": 4843.280,"Actual Rows": 1,"Actual Loops": 1,"Plans": [{"Node Type": "Hash Join","Parent Relationship": "Outer","Parallel Aware": false,"Async Capable": false,"Join Type": "Inner","Startup Cost": 6369.58,"Total Cost": 195914.14,"Plan Rows": 2008,"Plan Width": 8,"Actual Startup Time": 45.479,"Actual Total Time": 4843.077,"Actual Rows": 470,"Actual Loops": 1,"Inner Unique": true,"Hash Cond": "(lineitem.l_partkey = part.p_partkey)","Join Filter": "(lineitem.l_quantity < (SubPlan 1))","Rows Removed by Join Filter": 5061,"Plans": [{"Node Type": "Seq Scan","Parent Relationship": "Outer","Parallel Aware": false,"Async Capable": false,"Relation Name": "lineitem","Alias": "lineitem","Startup Cost": 0.00,"Total Cost": 172515.15,"Plan Rows": 6001215,"Plan Width": 17,"Actual Startup Time": 0.024,"Actual Total Time": 1032.825,"Actual Rows": 6001215,"Actual Loops": 1},{"Node Type": "Hash","Parent Relationship": "Inner","Parallel Aware": false,"Async Capable": false,"Startup Cost": 6367.07,"Total Cost": 6367.07,"Plan Rows": 201,"Plan Width": 4,"Actual Startup Time": 31.840,"Actual Total Time": 32.551,"Actual Rows": 183,"Actual Loops": 1,"Hash Buckets": 1024,"Original Hash Buckets": 1024,"Hash Batches": 1,"Original Hash Batches": 1,"Peak Memory Usage": 15,"Plans": [{"Node Type": "Gather","Parent Relationship": "Outer","Parallel Aware": false,"Async Capable": false,"Startup Cost": 1000.00,"Total Cost": 6367.07,"Plan Rows": 201,"Plan Width": 4,"Actual Startup Time": 0.795,"Actual Total Time": 32.498,"Actual Rows": 183,"Actual Loops": 1,"Workers Planned": 2,"Workers Launched": 2,"Single Copy": false,"Plans": [{"Node Type": "Seq Scan","Parent Relationship": "Outer","Parallel Aware": true,"Async Capable": false,"Relation Name": "part","Alias": "part","Startup Cost": 0.00,"Total Cost": 5347.00,"Plan Rows": 84,"Plan Width": 4,"Actual Startup Time": 1.072,"Actual Total Time": 25.877,"Actual Rows": 61,"Actual Loops": 3,"Filter": "((p_brand = 'Brand#52'::bpchar) AND (p_container = 'SM JAR'::bpchar))","Rows Removed by Filter": 66606,"Workers": []}]}]},{"Node Type": "Aggregate","Strategy": "Plain","Partial Mode": "Simple","Parent Relationship": "SubPlan","Subplan Name": "SubPlan 1","Parallel Aware": false,"Async Capable": false,"Startup Cost": 127.60,"Total Cost": 127.61,"Plan Rows": 1,"Plan Width": 32,"Actual Startup Time": 0.140,"Actual Total Time": 0.140,"Actual Rows": 1,"Actual Loops": 5531,"Plans": [{"Node Type": "Bitmap Heap Scan","Parent Relationship": "Outer","Parallel Aware": false,"Async Capable": false,"Relation Name": "lineitem","Alias": "lineitem_1","Startup Cost": 4.67,"Total Cost": 127.52,"Plan Rows": 31,"Plan Width": 5,"Actual Startup Time": 0.014,"Actual Total Time": 0.133,"Actual Rows": 31,"Actual Loops": 5531,"Recheck Cond": "(l_partkey = part.p_partkey)","Rows Removed by Index Recheck": 0,"Exact Heap Blocks": 172693,"Lossy Heap Blocks": 0,"Plans": [{"Node Type": "Bitmap Index Scan","Parent Relationship": "Outer","Parallel Aware": false,"Async Capable": false,"Index Name": "idx_lineitem_part_supp","Startup Cost": 0.00,"Total Cost": 4.67,"Plan Rows": 31,"Plan Width": 0,"Actual Startup Time": 0.008,"Actual Total Time": 0.008,"Actual Rows": 31,"Actual Loops": 5531,"Index Cond": "(l_partkey = part.p_partkey)"}]}]}]}]},"Planning Time": 5.928,"Triggers": [],"Execution Time": 4843.650}]
[{"Plan": {"Node Type": "Aggregate","Strategy": "Plain","Partial Mode": "Simple","Parallel Aware": false,"Async Capable": false,"Startup Cost": 195920.82,"Total Cost": 195920.84,"Plan Rows": 1,"Plan Width": 32,"Actual Startup Time": 4843.943,"Actual Total Time": 4844.712,"Actual Rows": 1,"Actual Loops": 1,"Plans": [{"Node Type": "Hash Join","Parent Relationship": "Outer","Parallel Aware": false,"Async Capable": false,"Join Type": "Inner","Startup Cost": 6370.94,"Total Cost": 195915.50,"Plan Rows": 2129,"Plan Width": 8,"Actual Startup Time": 45.813,"Actual Total Time": 4844.215,"Actual Rows": 538,"Actual Loops": 1,"Inner Unique": true,"Hash Cond": "(lineitem.l_partkey = part.p_partkey)","Join Filter": "(lineitem.l_quantity < (SubPlan 1))","Rows Removed by Join Filter": 5423,"Plans": [{"Node Type": "Seq Scan","Parent Relationship": "Outer","Parallel Aware": false,"Async Capable": false,"Relation Name": "lineitem","Alias": "lineitem","Startup Cost": 0.00,"Total Cost": 172515.15,"Plan Rows": 6001215,"Plan Width": 17,"Actual Startup Time": 0.010,"Actual Total Time": 964.203,"Actual Rows": 6001215,"Actual Loops": 1},{"Node Type": "Hash","Parent Relationship": "Inner","Parallel Aware": false,"Async Capable": false,"Startup Cost": 6368.28,"Total Cost": 6368.28,"Plan Rows": 213,"Plan Width": 4,"Actual Startup Time": 31.331,"Actual Total Time": 32.070,"Actual Rows": 200,"Actual Loops": 1,"Hash Buckets": 1024,"Original Hash Buckets": 1024,"Hash Batches": 1,"Original Hash Batches": 1,"Peak Memory Usage": 16,"Plans": [{"Node Type": "Gather","Parent Relationship": "Outer","Parallel Aware": false,"Async Capable": false,"Startup Cost": 1000.00,"Total Cost": 6368.28,"Plan Rows": 213,"Plan Width": 4,"Actual Startup Time": 1.320,"Actual Total Time": 31.990,"Actual Rows": 200,"Actual Loops": 1,"Workers Planned": 2,"Workers Launched": 2,"Single Copy": false,"Plans": [{"Node Type": "Seq Scan","Parent Relationship": "Outer","Parallel Aware": true,"Async Capable": false,"Relation Name": "part","Alias": "part","Startup Cost": 0.00,"Total Cost": 5347.00,"Plan Rows": 89,"Plan Width": 4,"Actual Startup Time": 0.725,"Actual Total Time": 25.613,"Actual Rows": 67,"Actual Loops": 3,"Filter": "((p_brand = 'Brand#31'::bpchar) AND (p_container = 'SM BAG'::bpchar))","Rows Removed by Filter": 66600,"Workers": []}]}]},{"Node Type": "Aggregate","Strategy": "Plain","Partial Mode": "Simple","Parent Relationship": "SubPlan","Subplan Name": "SubPlan 1","Parallel Aware": false,"Async Capable": false,"Startup Cost": 127.60,"Total Cost": 127.61,"Plan Rows": 1,"Plan Width": 32,"Actual Startup Time": 0.121,"Actual Total Time": 0.121,"Actual Rows": 1,"Actual Loops": 5961,"Plans": [{"Node Type": "Bitmap Heap Scan","Parent Relationship": "Outer","Parallel Aware": false,"Async Capable": false,"Relation Name": "lineitem","Alias": "lineitem_1","Startup Cost": 4.67,"Total Cost": 127.52,"Plan Rows": 31,"Plan Width": 5,"Actual Startup Time": 0.014,"Actual Total Time": 0.114,"Actual Rows": 31,"Actual Loops": 5961,"Recheck Cond": "(l_partkey = part.p_partkey)","Rows Removed by Index Recheck": 0,"Exact Heap Blocks": 183473,"Lossy Heap Blocks": 0,"Plans": [{"Node Type": "Bitmap Index Scan","Parent Relationship": "Outer","Parallel Aware": false,"Async Capable": false,"Index Name": "idx_lineitem_part_supp","Startup Cost": 0.00,"Total Cost": 4.67,"Plan Rows": 31,"Plan Width": 0,"Actual Startup Time": 0.007,"Actual Total Time": 0.007,"Actual Rows": 31,"Actual Loops": 5961,"Index Cond": "(l_partkey = part.p_partkey)"}]}]}]}]},"Planning Time": 4.772,"Triggers": [],"Execution Time": 4845.011}]
[{"Plan": {"Node Type": "Aggregate","Strategy": "Plain","Partial Mode": "Simple","Parallel Aware": false,"Async Capable": false,"Startup Cost": 195920.32,"Total Cost": 195920.33,"Plan Rows": 1,"Plan Width": 32,"Actual Startup Time": 4995.166,"Actual Total Time": 4995.958,"Actual Rows": 1,"Actual Loops": 1,"Plans": [{"Node Type": "Hash Join","Parent Relationship": "Outer","Parallel Aware": false,"Async Capable": false,"Join Type": "Inner","Startup Cost": 6370.53,"Total Cost": 195915.08,"Plan Rows": 2092,"Plan Width": 8,"Actual Startup Time": 35.147,"Actual Total Time": 4995.538,"Actual Rows": 583,"Actual Loops": 1,"Inner Unique": true,"Hash Cond": "(lineitem.l_partkey = part.p_partkey)","Join Filter": "(lineitem.l_quantity < (SubPlan 1))","Rows Removed by Join Filter": 5557,"Plans": [{"Node Type": "Seq Scan","Parent Relationship": "Outer","Parallel Aware": false,"Async Capable": false,"Relation Name": "lineitem","Alias": "lineitem","Startup Cost": 0.00,"Total Cost": 172515.15,"Plan Rows": 6001215,"Plan Width": 17,"Actual Startup Time": 0.016,"Actual Total Time": 999.890,"Actual Rows": 6001215,"Actual Loops": 1},{"Node Type": "Hash","Parent Relationship": "Inner","Parallel Aware": false,"Async Capable": false,"Startup Cost": 6367.92,"Total Cost": 6367.92,"Plan Rows": 209,"Plan Width": 4,"Actual Startup Time": 28.941,"Actual Total Time": 29.702,"Actual Rows": 203,"Actual Loops": 1,"Hash Buckets": 1024,"Original Hash Buckets": 1024,"Hash Batches": 1,"Original Hash Batches": 1,"Peak Memory Usage": 16,"Plans": [{"Node Type": "Gather","Parent Relationship": "Outer","Parallel Aware": false,"Async Capable": false,"Startup Cost": 1000.00,"Total Cost": 6367.92,"Plan Rows": 209,"Plan Width": 4,"Actual Startup Time": 2.174,"Actual Total Time": 29.637,"Actual Rows": 203,"Actual Loops": 1,"Workers Planned": 2,"Workers Launched": 2,"Single Copy": false,"Plans": [{"Node Type": "Seq Scan","Parent Relationship": "Outer","Parallel Aware": true,"Async Capable": false,"Relation Name": "part","Alias": "part","Startup Cost": 0.00,"Total Cost": 5347.00,"Plan Rows": 87,"Plan Width": 4,"Actual Startup Time": 1.090,"Actual Total Time": 23.498,"Actual Rows": 68,"Actual Loops": 3,"Filter": "((p_brand = 'Brand#42'::bpchar) AND (p_container = 'MED DRUM'::bpchar))","Rows Removed by Filter": 66599,"Workers": []}]}]},{"Node Type": "Aggregate","Strategy": "Plain","Partial Mode": "Simple","Parent Relationship": "SubPlan","Subplan Name": "SubPlan 1","Parallel Aware": false,"Async Capable": false,"Startup Cost": 127.60,"Total Cost": 127.61,"Plan Rows": 1,"Plan Width": 32,"Actual Startup Time": 0.140,"Actual Total Time": 0.140,"Actual Rows": 1,"Actual Loops": 6140,"Plans": [{"Node Type": "Bitmap Heap Scan","Parent Relationship": "Outer","Parallel Aware": false,"Async Capable": false,"Relation Name": "lineitem","Alias": "lineitem_1","Startup Cost": 4.67,"Total Cost": 127.52,"Plan Rows": 31,"Plan Width": 5,"Actual Startup Time": 0.014,"Actual Total Time": 0.132,"Actual Rows": 31,"Actual Loops": 6140,"Recheck Cond": "(l_partkey = part.p_partkey)","Rows Removed by Index Recheck": 0,"Exact Heap Blocks": 192222,"Lossy Heap Blocks": 0,"Plans": [{"Node Type": "Bitmap Index Scan","Parent Relationship": "Outer","Parallel Aware": false,"Async Capable": false,"Index Name": "idx_lineitem_part_supp","Startup Cost": 0.00,"Total Cost": 4.67,"Plan Rows": 31,"Plan Width": 0,"Actual Startup Time": 0.008,"Actual Total Time": 0.008,"Actual Rows": 31,"Actual Loops": 6140,"Index Cond": "(l_partkey = part.p_partkey)"}]}]}]}]},"Planning Time": 5.330,"Triggers": [],"Execution Time": 4996.286}]
[{"Plan": {"Node Type": "Aggregate","Strategy": "Plain","Partial Mode": "Simple","Parallel Aware": false,"Async Capable": false,"Startup Cost": 195918.34,"Total Cost": 195918.35,"Plan Rows": 1,"Plan Width": 32,"Actual Startup Time": 4967.994,"Actual Total Time": 4968.573,"Actual Rows": 1,"Actual Loops": 1,"Plans": [{"Node Type": "Hash Join","Parent Relationship": "Outer","Parallel Aware": false,"Async Capable": false,"Join Type": "Inner","Startup Cost": 6368.91,"Total Cost": 195913.47,"Plan Rows": 1948,"Plan Width": 8,"Actual Startup Time": 47.149,"Actual Total Time": 4968.345,"Actual Rows": 523,"Actual Loops": 1,"Inner Unique": true,"Hash Cond": "(lineitem.l_partkey = part.p_partkey)","Join Filter": "(lineitem.l_quantity < (SubPlan 1))","Rows Removed by Join Filter": 5742,"Plans": [{"Node Type": "Seq Scan","Parent Relationship": "Outer","Parallel Aware": false,"Async Capable": false,"Relation Name": "lineitem","Alias": "lineitem","Startup Cost": 0.00,"Total Cost": 172515.15,"Plan Rows": 6001215,"Plan Width": 17,"Actual Startup Time": 0.015,"Actual Total Time": 1020.002,"Actual Rows": 6001215,"Actual Loops": 1},{"Node Type": "Hash","Parent Relationship": "Inner","Parallel Aware": false,"Async Capable": false,"Startup Cost": 6366.48,"Total Cost": 6366.48,"Plan Rows": 195,"Plan Width": 4,"Actual Startup Time": 31.399,"Actual Total Time": 31.964,"Actual Rows": 212,"Actual Loops": 1,"Hash Buckets": 1024,"Original Hash Buckets": 1024,"Hash Batches": 1,"Original Hash Batches": 1,"Peak Memory Usage": 16,"Plans": [{"Node Type": "Gather","Parent Relationship": "Outer","Parallel Aware": false,"Async Capable": false,"Startup Cost": 1000.00,"Total Cost": 6366.48,"Plan Rows": 195,"Plan Width": 4,"Actual Startup Time": 1.561,"Actual Total Time": 31.905,"Actual Rows": 212,"Actual Loops": 1,"Workers Planned": 2,"Workers Launched": 2,"Single Copy": false,"Plans": [{"Node Type": "Seq Scan","Parent Relationship": "Outer","Parallel Aware": true,"Async Capable": false,"Relation Name": "part","Alias": "part","Startup Cost": 0.00,"Total Cost": 5347.00,"Plan Rows": 81,"Plan Width": 4,"Actual Startup Time": 0.486,"Actual Total Time": 25.293,"Actual Rows": 71,"Actual Loops": 3,"Filter": "((p_brand = 'Brand#34'::bpchar) AND (p_container = 'JUMBO PKG'::bpchar))","Rows Removed by Filter": 66596,"Workers": []}]}]},{"Node Type": "Aggregate","Strategy": "Plain","Partial Mode": "Simple","Parent Relationship": "SubPlan","Subplan Name": "SubPlan 1","Parallel Aware": false,"Async Capable": false,"Startup Cost": 127.60,"Total Cost": 127.61,"Plan Rows": 1,"Plan Width": 32,"Actual Startup Time": 0.141,"Actual Total Time": 0.141,"Actual Rows": 1,"Actual Loops": 6265,"Plans": [{"Node Type": "Bitmap Heap Scan","Parent Relationship": "Outer","Parallel Aware": false,"Async Capable": false,"Relation Name": "lineitem","Alias": "lineitem_1","Startup Cost": 4.67,"Total Cost": 127.52,"Plan Rows": 31,"Plan Width": 5,"Actual Startup Time": 0.014,"Actual Total Time": 0.134,"Actual Rows": 31,"Actual Loops": 6265,"Recheck Cond": "(l_partkey = part.p_partkey)","Rows Removed by Index Recheck": 0,"Exact Heap Blocks": 192221,"Lossy Heap Blocks": 0,"Plans": [{"Node Type": "Bitmap Index Scan","Parent Relationship": "Outer","Parallel Aware": false,"Async Capable": false,"Index Name": "idx_lineitem_part_supp","Startup Cost": 0.00,"Total Cost": 4.67,"Plan Rows": 31,"Plan Width": 0,"Actual Startup Time": 0.008,"Actual Total Time": 0.008,"Actual Rows": 31,"Actual Loops": 6265,"Index Cond": "(l_partkey = part.p_partkey)"}]}]}]}]},"Planning Time": 4.925,"Triggers": [],"Execution Time": 4968.855}]
[{"Plan": {"Node Type": "Aggregate","Strategy": "Plain","Partial Mode": "Simple","Parallel Aware": false,"Async Capable": false,"Startup Cost": 195920.89,"Total Cost": 195920.90,"Plan Rows": 1,"Plan Width": 32,"Actual Startup Time": 4957.401,"Actual Total Time": 4957.761,"Actual Rows": 1,"Actual Loops": 1,"Plans": [{"Node Type": "Hash Join","Parent Relationship": "Outer","Parallel Aware": false,"Async Capable": false,"Join Type": "Inner","Startup Cost": 6371.00,"Total Cost": 195915.55,"Plan Rows": 2134,"Plan Width": 8,"Actual Startup Time": 33.899,"Actual Total Time": 4957.555,"Actual Rows": 528,"Actual Loops": 1,"Inner Unique": true,"Hash Cond": "(lineitem.l_partkey = part.p_partkey)","Join Filter": "(lineitem.l_quantity < (SubPlan 1))","Rows Removed by Join Filter": 5611,"Plans": [{"Node Type": "Seq Scan","Parent Relationship": "Outer","Parallel Aware": false,"Async Capable": false,"Relation Name": "lineitem","Alias": "lineitem","Startup Cost": 0.00,"Total Cost": 172515.15,"Plan Rows": 6001215,"Plan Width": 17,"Actual Startup Time": 0.015,"Actual Total Time": 938.433,"Actual Rows": 6001215,"Actual Loops": 1},{"Node Type": "Hash","Parent Relationship": "Inner","Parallel Aware": false,"Async Capable": false,"Startup Cost": 6368.33,"Total Cost": 6368.33,"Plan Rows": 213,"Plan Width": 4,"Actual Startup Time": 32.335,"Actual Total Time": 32.678,"Actual Rows": 203,"Actual Loops": 1,"Hash Buckets": 1024,"Original Hash Buckets": 1024,"Hash Batches": 1,"Original Hash Batches": 1,"Peak Memory Usage": 16,"Plans": [{"Node Type": "Gather","Parent Relationship": "Outer","Parallel Aware": false,"Async Capable": false,"Startup Cost": 1000.00,"Total Cost": 6368.33,"Plan Rows": 213,"Plan Width": 4,"Actual Startup Time": 0.947,"Actual Total Time": 32.609,"Actual Rows": 203,"Actual Loops": 1,"Workers Planned": 2,"Workers Launched": 2,"Single Copy": false,"Plans": [{"Node Type": "Seq Scan","Parent Relationship": "Outer","Parallel Aware": true,"Async Capable": false,"Relation Name": "part","Alias": "part","Startup Cost": 0.00,"Total Cost": 5347.00,"Plan Rows": 89,"Plan Width": 4,"Actual Startup Time": 1.752,"Actual Total Time": 27.007,"Actual Rows": 68,"Actual Loops": 3,"Filter": "((p_brand = 'Brand#53'::bpchar) AND (p_container = 'LG JAR'::bpchar))","Rows Removed by Filter": 66599,"Workers": []}]}]},{"Node Type": "Aggregate","Strategy": "Plain","Partial Mode": "Simple","Parent Relationship": "SubPlan","Subplan Name": "SubPlan 1","Parallel Aware": false,"Async Capable": false,"Startup Cost": 127.60,"Total Cost": 127.61,"Plan Rows": 1,"Plan Width": 32,"Actual Startup Time": 0.124,"Actual Total Time": 0.124,"Actual Rows": 1,"Actual Loops": 6139,"Plans": [{"Node Type": "Bitmap Heap Scan","Parent Relationship": "Outer","Parallel Aware": false,"Async Capable": false,"Relation Name": "lineitem","Alias": "lineitem_1","Startup Cost": 4.67,"Total Cost": 127.52,"Plan Rows": 31,"Plan Width": 5,"Actual Startup Time": 0.013,"Actual Total Time": 0.117,"Actual Rows": 31,"Actual Loops": 6139,"Recheck Cond": "(l_partkey = part.p_partkey)","Rows Removed by Index Recheck": 0,"Exact Heap Blocks": 191869,"Lossy Heap Blocks": 0,"Plans": [{"Node Type": "Bitmap Index Scan","Parent Relationship": "Outer","Parallel Aware": false,"Async Capable": false,"Index Name": "idx_lineitem_part_supp","Startup Cost": 0.00,"Total Cost": 4.67,"Plan Rows": 31,"Plan Width": 0,"Actual Startup Time": 0.007,"Actual Total Time": 0.007,"Actual Rows": 31,"Actual Loops": 6139,"Index Cond": "(l_partkey = part.p_partkey)"}]}]}]}]},"Planning Time": 5.003,"Triggers": [],"Execution Time": 4958.008}]
[{"Plan": {"Node Type": "Aggregate","Strategy": "Plain","Partial Mode": "Simple","Parallel Aware": false,"Async Capable": false,"Startup Cost": 195917.11,"Total Cost": 195917.13,"Plan Rows": 1,"Plan Width": 32,"Actual Startup Time": 4848.532,"Actual Total Time": 4848.962,"Actual Rows": 1,"Actual Loops": 1,"Plans": [{"Node Type": "Hash Join","Parent Relationship": "Outer","Parallel Aware": false,"Async Capable": false,"Join Type": "Inner","Startup Cost": 6367.91,"Total Cost": 195912.46,"Plan Rows": 1859,"Plan Width": 8,"Actual Startup Time": 40.558,"Actual Total Time": 4848.756,"Actual Rows": 542,"Actual Loops": 1,"Inner Unique": true,"Hash Cond": "(lineitem.l_partkey = part.p_partkey)","Join Filter": "(lineitem.l_quantity < (SubPlan 1))","Rows Removed by Join Filter": 5154,"Plans": [{"Node Type": "Seq Scan","Parent Relationship": "Outer","Parallel Aware": false,"Async Capable": false,"Relation Name": "lineitem","Alias": "lineitem","Startup Cost": 0.00,"Total Cost": 172515.15,"Plan Rows": 6001215,"Plan Width": 17,"Actual Startup Time": 0.014,"Actual Total Time": 942.282,"Actual Rows": 6001215,"Actual Loops": 1},{"Node Type": "Hash","Parent Relationship": "Inner","Parallel Aware": false,"Async Capable": false,"Startup Cost": 6365.59,"Total Cost": 6365.59,"Plan Rows": 186,"Plan Width": 4,"Actual Startup Time": 31.767,"Actual Total Time": 32.180,"Actual Rows": 191,"Actual Loops": 1,"Hash Buckets": 1024,"Original Hash Buckets": 1024,"Hash Batches": 1,"Original Hash Batches": 1,"Peak Memory Usage": 15,"Plans": [{"Node Type": "Gather","Parent Relationship": "Outer","Parallel Aware": false,"Async Capable": false,"Startup Cost": 1000.00,"Total Cost": 6365.59,"Plan Rows": 186,"Plan Width": 4,"Actual Startup Time": 1.061,"Actual Total Time": 32.125,"Actual Rows": 191,"Actual Loops": 1,"Workers Planned": 2,"Workers Launched": 2,"Single Copy": false,"Plans": [{"Node Type": "Seq Scan","Parent Relationship": "Outer","Parallel Aware": true,"Async Capable": false,"Relation Name": "part","Alias": "part","Startup Cost": 0.00,"Total Cost": 5347.00,"Plan Rows": 77,"Plan Width": 4,"Actual Startup Time": 1.167,"Actual Total Time": 25.901,"Actual Rows": 64,"Actual Loops": 3,"Filter": "((p_brand = 'Brand#25'::bpchar) AND (p_container = 'JUMBO PKG'::bpchar))","Rows Removed by Filter": 66603,"Workers": []}]}]},{"Node Type": "Aggregate","Strategy": "Plain","Partial Mode": "Simple","Parent Relationship": "SubPlan","Subplan Name": "SubPlan 1","Parallel Aware": false,"Async Capable": false,"Startup Cost": 127.60,"Total Cost": 127.61,"Plan Rows": 1,"Plan Width": 32,"Actual Startup Time": 0.119,"Actual Total Time": 0.119,"Actual Rows": 1,"Actual Loops": 5696,"Plans": [{"Node Type": "Bitmap Heap Scan","Parent Relationship": "Outer","Parallel Aware": false,"Async Capable": false,"Relation Name": "lineitem","Alias": "lineitem_1","Startup Cost": 4.67,"Total Cost": 127.52,"Plan Rows": 31,"Plan Width": 5,"Actual Startup Time": 0.013,"Actual Total Time": 0.112,"Actual Rows": 31,"Actual Loops": 5696,"Recheck Cond": "(l_partkey = part.p_partkey)","Rows Removed by Index Recheck": 0,"Exact Heap Blocks": 176062,"Lossy Heap Blocks": 0,"Plans": [{"Node Type": "Bitmap Index Scan","Parent Relationship": "Outer","Parallel Aware": false,"Async Capable": false,"Index Name": "idx_lineitem_part_supp","Startup Cost": 0.00,"Total Cost": 4.67,"Plan Rows": 31,"Plan Width": 0,"Actual Startup Time": 0.007,"Actual Total Time": 0.007,"Actual Rows": 31,"Actual Loops": 5696,"Index Cond": "(l_partkey = part.p_partkey)"}]}]}]}]},"Planning Time": 5.156,"Triggers": [],"Execution Time": 4849.197}]
[{"Plan": {"Node Type": "Aggregate","Strategy": "Plain","Partial Mode": "Simple","Parallel Aware": false,"Async Capable": false,"Startup Cost": 195920.39,"Total Cost": 195920.40,"Plan Rows": 1,"Plan Width": 32,"Actual Startup Time": 5006.030,"Actual Total Time": 5006.755,"Actual Rows": 1,"Actual Loops": 1,"Plans": [{"Node Type": "Hash Join","Parent Relationship": "Outer","Parallel Aware": false,"Async Capable": false,"Join Type": "Inner","Startup Cost": 6370.59,"Total Cost": 195915.14,"Plan Rows": 2097,"Plan Width": 8,"Actual Startup Time": 34.423,"Actual Total Time": 5006.297,"Actual Rows": 647,"Actual Loops": 1,"Inner Unique": true,"Hash Cond": "(lineitem.l_partkey = part.p_partkey)","Join Filter": "(lineitem.l_quantity < (SubPlan 1))","Rows Removed by Join Filter": 6392,"Plans": [{"Node Type": "Seq Scan","Parent Relationship": "Outer","Parallel Aware": false,"Async Capable": false,"Relation Name": "lineitem","Alias": "lineitem","Startup Cost": 0.00,"Total Cost": 172515.15,"Plan Rows": 6001215,"Plan Width": 17,"Actual Startup Time": 0.013,"Actual Total Time": 968.783,"Actual Rows": 6001215,"Actual Loops": 1},{"Node Type": "Hash","Parent Relationship": "Inner","Parallel Aware": false,"Async Capable": false,"Startup Cost": 6367.97,"Total Cost": 6367.97,"Plan Rows": 210,"Plan Width": 4,"Actual Startup Time": 33.434,"Actual Total Time": 34.120,"Actual Rows": 234,"Actual Loops": 1,"Hash Buckets": 1024,"Original Hash Buckets": 1024,"Hash Batches": 1,"Original Hash Batches": 1,"Peak Memory Usage": 17,"Plans": [{"Node Type": "Gather","Parent Relationship": "Outer","Parallel Aware": false,"Async Capable": false,"Startup Cost": 1000.00,"Total Cost": 6367.97,"Plan Rows": 210,"Plan Width": 4,"Actual Startup Time": 2.486,"Actual Total Time": 34.040,"Actual Rows": 234,"Actual Loops": 1,"Workers Planned": 2,"Workers Launched": 2,"Single Copy": false,"Plans": [{"Node Type": "Seq Scan","Parent Relationship": "Outer","Parallel Aware": true,"Async Capable": false,"Relation Name": "part","Alias": "part","Startup Cost": 0.00,"Total Cost": 5347.00,"Plan Rows": 87,"Plan Width": 4,"Actual Startup Time": 1.341,"Actual Total Time": 28.024,"Actual Rows": 78,"Actual Loops": 3,"Filter": "((p_brand = 'Brand#11'::bpchar) AND (p_container = 'LG BOX'::bpchar))","Rows Removed by Filter": 66589,"Workers": []}]}]},{"Node Type": "Aggregate","Strategy": "Plain","Partial Mode": "Simple","Parent Relationship": "SubPlan","Subplan Name": "SubPlan 1","Parallel Aware": false,"Async Capable": false,"Startup Cost": 127.60,"Total Cost": 127.61,"Plan Rows": 1,"Plan Width": 32,"Actual Startup Time": 0.123,"Actual Total Time": 0.123,"Actual Rows": 1,"Actual Loops": 7039,"Plans": [{"Node Type": "Bitmap Heap Scan","Parent Relationship": "Outer","Parallel Aware": false,"Async Capable": false,"Relation Name": "lineitem","Alias": "lineitem_1","Startup Cost": 4.67,"Total Cost": 127.52,"Plan Rows": 31,"Plan Width": 5,"Actual Startup Time": 0.013,"Actual Total Time": 0.115,"Actual Rows": 31,"Actual Loops": 7039,"Recheck Cond": "(l_partkey = part.p_partkey)","Rows Removed by Index Recheck": 0,"Exact Heap Blocks": 219499,"Lossy Heap Blocks": 0,"Plans": [{"Node Type": "Bitmap Index Scan","Parent Relationship": "Outer","Parallel Aware": false,"Async Capable": false,"Index Name": "idx_lineitem_part_supp","Startup Cost": 0.00,"Total Cost": 4.67,"Plan Rows": 31,"Plan Width": 0,"Actual Startup Time": 0.007,"Actual Total Time": 0.007,"Actual Rows": 31,"Actual Loops": 7039,"Index Cond": "(l_partkey = part.p_partkey)"}]}]}]}]},"Planning Time": 5.208,"Triggers": [],"Execution Time": 5007.201}]
[{"Plan": {"Node Type": "Aggregate","Strategy": "Plain","Partial Mode": "Simple","Parallel Aware": false,"Async Capable": false,"Startup Cost": 195916.80,"Total Cost": 195916.81,"Plan Rows": 1,"Plan Width": 32,"Actual Startup Time": 4802.722,"Actual Total Time": 4803.314,"Actual Rows": 1,"Actual Loops": 1,"Plans": [{"Node Type": "Hash Join","Parent Relationship": "Outer","Parallel Aware": false,"Async Capable": false,"Join Type": "Inner","Startup Cost": 6367.65,"Total Cost": 195912.21,"Plan Rows": 1836,"Plan Width": 8,"Actual Startup Time": 57.820,"Actual Total Time": 4803.128,"Actual Rows": 461,"Actual Loops": 1,"Inner Unique": true,"Hash Cond": "(lineitem.l_partkey = part.p_partkey)","Join Filter": "(lineitem.l_quantity < (SubPlan 1))","Rows Removed by Join Filter": 4899,"Plans": [{"Node Type": "Seq Scan","Parent Relationship": "Outer","Parallel Aware": false,"Async Capable": false,"Relation Name": "lineitem","Alias": "lineitem","Startup Cost": 0.00,"Total Cost": 172515.15,"Plan Rows": 6001215,"Plan Width": 17,"Actual Startup Time": 0.022,"Actual Total Time": 1026.891,"Actual Rows": 6001215,"Actual Loops": 1},{"Node Type": "Hash","Parent Relationship": "Inner","Parallel Aware": false,"Async Capable": false,"Startup Cost": 6365.36,"Total Cost": 6365.36,"Plan Rows": 184,"Plan Width": 4,"Actual Startup Time": 32.341,"Actual Total Time": 32.917,"Actual Rows": 176,"Actual Loops": 1,"Hash Buckets": 1024,"Original Hash Buckets": 1024,"Hash Batches": 1,"Original Hash Batches": 1,"Peak Memory Usage": 15,"Plans": [{"Node Type": "Gather","Parent Relationship": "Outer","Parallel Aware": false,"Async Capable": false,"Startup Cost": 1000.00,"Total Cost": 6365.36,"Plan Rows": 184,"Plan Width": 4,"Actual Startup Time": 1.049,"Actual Total Time": 32.877,"Actual Rows": 176,"Actual Loops": 1,"Workers Planned": 2,"Workers Launched": 2,"Single Copy": false,"Plans": [{"Node Type": "Seq Scan","Parent Relationship": "Outer","Parallel Aware": true,"Async Capable": false,"Relation Name": "part","Alias": "part","Startup Cost": 0.00,"Total Cost": 5347.00,"Plan Rows": 76,"Plan Width": 4,"Actual Startup Time": 0.580,"Actual Total Time": 26.297,"Actual Rows": 59,"Actual Loops": 3,"Filter": "((p_brand = 'Brand#25'::bpchar) AND (p_container = 'JUMBO CASE'::bpchar))","Rows Removed by Filter": 66608,"Workers": []}]}]},{"Node Type": "Aggregate","Strategy": "Plain","Partial Mode": "Simple","Parent Relationship": "SubPlan","Subplan Name": "SubPlan 1","Parallel Aware": false,"Async Capable": false,"Startup Cost": 127.60,"Total Cost": 127.61,"Plan Rows": 1,"Plan Width": 32,"Actual Startup Time": 0.141,"Actual Total Time": 0.141,"Actual Rows": 1,"Actual Loops": 5360,"Plans": [{"Node Type": "Bitmap Heap Scan","Parent Relationship": "Outer","Parallel Aware": false,"Async Capable": false,"Relation Name": "lineitem","Alias": "lineitem_1","Startup Cost": 4.67,"Total Cost": 127.52,"Plan Rows": 31,"Plan Width": 5,"Actual Startup Time": 0.014,"Actual Total Time": 0.133,"Actual Rows": 31,"Actual Loops": 5360,"Recheck Cond": "(l_partkey = part.p_partkey)","Rows Removed by Index Recheck": 0,"Exact Heap Blocks": 168756,"Lossy Heap Blocks": 0,"Plans": [{"Node Type": "Bitmap Index Scan","Parent Relationship": "Outer","Parallel Aware": false,"Async Capable": false,"Index Name": "idx_lineitem_part_supp","Startup Cost": 0.00,"Total Cost": 4.67,"Plan Rows": 31,"Plan Width": 0,"Actual Startup Time": 0.008,"Actual Total Time": 0.008,"Actual Rows": 31,"Actual Loops": 5360,"Index Cond": "(l_partkey = part.p_partkey)"}]}]}]}]},"Planning Time": 5.982,"Triggers": [],"Execution Time": 4803.680}]
[{"Plan": {"Node Type": "Aggregate","Strategy": "Plain","Partial Mode": "Simple","Parallel Aware": false,"Async Capable": false,"Startup Cost": 195918.80,"Total Cost": 195918.81,"Plan Rows": 1,"Plan Width": 32,"Actual Startup Time": 4937.955,"Actual Total Time": 4938.360,"Actual Rows": 1,"Actual Loops": 1,"Plans": [{"Node Type": "Hash Join","Parent Relationship": "Outer","Parallel Aware": false,"Async Capable": false,"Join Type": "Inner","Startup Cost": 6369.29,"Total Cost": 195913.84,"Plan Rows": 1982,"Plan Width": 8,"Actual Startup Time": 42.949,"Actual Total Time": 4938.149,"Actual Rows": 550,"Actual Loops": 1,"Inner Unique": true,"Hash Cond": "(lineitem.l_partkey = part.p_partkey)","Join Filter": "(lineitem.l_quantity < (SubPlan 1))","Rows Removed by Join Filter": 5439,"Plans": [{"Node Type": "Seq Scan","Parent Relationship": "Outer","Parallel Aware": false,"Async Capable": false,"Relation Name": "lineitem","Alias": "lineitem","Startup Cost": 0.00,"Total Cost": 172515.15,"Plan Rows": 6001215,"Plan Width": 17,"Actual Startup Time": 0.020,"Actual Total Time": 939.393,"Actual Rows": 6001215,"Actual Loops": 1},{"Node Type": "Hash","Parent Relationship": "Inner","Parallel Aware": false,"Async Capable": false,"Startup Cost": 6366.81,"Total Cost": 6366.81,"Plan Rows": 198,"Plan Width": 4,"Actual Startup Time": 33.717,"Actual Total Time": 34.107,"Actual Rows": 197,"Actual Loops": 1,"Hash Buckets": 1024,"Original Hash Buckets": 1024,"Hash Batches": 1,"Original Hash Batches": 1,"Peak Memory Usage": 15,"Plans": [{"Node Type": "Gather","Parent Relationship": "Outer","Parallel Aware": false,"Async Capable": false,"Startup Cost": 1000.00,"Total Cost": 6366.81,"Plan Rows": 198,"Plan Width": 4,"Actual Startup Time": 1.420,"Actual Total Time": 34.035,"Actual Rows": 197,"Actual Loops": 1,"Workers Planned": 2,"Workers Launched": 2,"Single Copy": false,"Plans": [{"Node Type": "Seq Scan","Parent Relationship": "Outer","Parallel Aware": true,"Async Capable": false,"Relation Name": "part","Alias": "part","Startup Cost": 0.00,"Total Cost": 5347.00,"Plan Rows": 83,"Plan Width": 4,"Actual Startup Time": 0.945,"Actual Total Time": 28.290,"Actual Rows": 66,"Actual Loops": 3,"Filter": "((p_brand = 'Brand#13'::bpchar) AND (p_container = 'WRAP CASE'::bpchar))","Rows Removed by Filter": 66601,"Workers": []}]}]},{"Node Type": "Aggregate","Strategy": "Plain","Partial Mode": "Simple","Parent Relationship": "SubPlan","Subplan Name": "SubPlan 1","Parallel Aware": false,"Async Capable": false,"Startup Cost": 127.60,"Total Cost": 127.61,"Plan Rows": 1,"Plan Width": 32,"Actual Startup Time": 0.123,"Actual Total Time": 0.123,"Actual Rows": 1,"Actual Loops": 5989,"Plans": [{"Node Type": "Bitmap Heap Scan","Parent Relationship": "Outer","Parallel Aware": false,"Async Capable": false,"Relation Name": "lineitem","Alias": "lineitem_1","Startup Cost": 4.67,"Total Cost": 127.52,"Plan Rows": 31,"Plan Width": 5,"Actual Startup Time": 0.013,"Actual Total Time": 0.115,"Actual Rows": 31,"Actual Loops": 5989,"Recheck Cond": "(l_partkey = part.p_partkey)","Rows Removed by Index Recheck": 0,"Exact Heap Blocks": 187523,"Lossy Heap Blocks": 0,"Plans": [{"Node Type": "Bitmap Index Scan","Parent Relationship": "Outer","Parallel Aware": false,"Async Capable": false,"Index Name": "idx_lineitem_part_supp","Startup Cost": 0.00,"Total Cost": 4.67,"Plan Rows": 31,"Plan Width": 0,"Actual Startup Time": 0.007,"Actual Total Time": 0.007,"Actual Rows": 31,"Actual Loops": 5989,"Index Cond": "(l_partkey = part.p_partkey)"}]}]}]}]},"Planning Time": 5.204,"Triggers": [],"Execution Time": 4938.595}]
[{"Plan": {"Node Type": "Aggregate","Strategy": "Plain","Partial Mode": "Simple","Parallel Aware": false,"Async Capable": false,"Startup Cost": 195915.63,"Total Cost": 195915.64,"Plan Rows": 1,"Plan Width": 32,"Actual Startup Time": 4787.814,"Actual Total Time": 4788.438,"Actual Rows": 1,"Actual Loops": 1,"Plans": [{"Node Type": "Hash Join","Parent Relationship": "Outer","Parallel Aware": false,"Async Capable": false,"Join Type": "Inner","Startup Cost": 6366.70,"Total Cost": 195911.25,"Plan Rows": 1751,"Plan Width": 8,"Actual Startup Time": 174.577,"Actual Total Time": 4788.007,"Actual Rows": 536,"Actual Loops": 1,"Inner Unique": true,"Hash Cond": "(lineitem.l_partkey = part.p_partkey)","Join Filter": "(lineitem.l_quantity < (SubPlan 1))","Rows Removed by Join Filter": 5283,"Plans": [{"Node Type": "Seq Scan","Parent Relationship": "Outer","Parallel Aware": false,"Async Capable": false,"Relation Name": "lineitem","Alias": "lineitem","Startup Cost": 0.00,"Total Cost": 172515.15,"Plan Rows": 6001215,"Plan Width": 17,"Actual Startup Time": 0.009,"Actual Total Time": 964.083,"Actual Rows": 6001215,"Actual Loops": 1},{"Node Type": "Hash","Parent Relationship": "Inner","Parallel Aware": false,"Async Capable": false,"Startup Cost": 6364.51,"Total Cost": 6364.51,"Plan Rows": 175,"Plan Width": 4,"Actual Startup Time": 31.252,"Actual Total Time": 31.841,"Actual Rows": 199,"Actual Loops": 1,"Hash Buckets": 1024,"Original Hash Buckets": 1024,"Hash Batches": 1,"Original Hash Batches": 1,"Peak Memory Usage": 15,"Plans": [{"Node Type": "Gather","Parent Relationship": "Outer","Parallel Aware": false,"Async Capable": false,"Startup Cost": 1000.00,"Total Cost": 6364.51,"Plan Rows": 175,"Plan Width": 4,"Actual Startup Time": 0.892,"Actual Total Time": 31.759,"Actual Rows": 199,"Actual Loops": 1,"Workers Planned": 2,"Workers Launched": 2,"Single Copy": false,"Plans": [{"Node Type": "Seq Scan","Parent Relationship": "Outer","Parallel Aware": true,"Async Capable": false,"Relation Name": "part","Alias": "part","Startup Cost": 0.00,"Total Cost": 5347.00,"Plan Rows": 73,"Plan Width": 4,"Actual Startup Time": 0.391,"Actual Total Time": 25.490,"Actual Rows": 66,"Actual Loops": 3,"Filter": "((p_brand = 'Brand#54'::bpchar) AND (p_container = 'WRAP PACK'::bpchar))","Rows Removed by Filter": 66600,"Workers": []}]}]},{"Node Type": "Aggregate","Strategy": "Plain","Partial Mode": "Simple","Parent Relationship": "SubPlan","Subplan Name": "SubPlan 1","Parallel Aware": false,"Async Capable": false,"Startup Cost": 127.60,"Total Cost": 127.61,"Plan Rows": 1,"Plan Width": 32,"Actual Startup Time": 0.122,"Actual Total Time": 0.122,"Actual Rows": 1,"Actual Loops": 5819,"Plans": [{"Node Type": "Bitmap Heap Scan","Parent Relationship": "Outer","Parallel Aware": false,"Async Capable": false,"Relation Name": "lineitem","Alias": "lineitem_1","Startup Cost": 4.67,"Total Cost": 127.52,"Plan Rows": 31,"Plan Width": 5,"Actual Startup Time": 0.013,"Actual Total Time": 0.115,"Actual Rows": 30,"Actual Loops": 5819,"Recheck Cond": "(l_partkey = part.p_partkey)","Rows Removed by Index Recheck": 0,"Exact Heap Blocks": 176385,"Lossy Heap Blocks": 0,"Plans": [{"Node Type": "Bitmap Index Scan","Parent Relationship": "Outer","Parallel Aware": false,"Async Capable": false,"Index Name": "idx_lineitem_part_supp","Startup Cost": 0.00,"Total Cost": 4.67,"Plan Rows": 31,"Plan Width": 0,"Actual Startup Time": 0.007,"Actual Total Time": 0.007,"Actual Rows": 30,"Actual Loops": 5819,"Index Cond": "(l_partkey = part.p_partkey)"}]}]}]}]},"Planning Time": 5.760,"Triggers": [],"Execution Time": 4788.771}]
[{"Plan": {"Node Type": "Aggregate","Strategy": "Plain","Partial Mode": "Simple","Parallel Aware": false,"Async Capable": false,"Startup Cost": 195919.84,"Total Cost": 195919.85,"Plan Rows": 1,"Plan Width": 32,"Actual Startup Time": 4873.056,"Actual Total Time": 4873.496,"Actual Rows": 1,"Actual Loops": 1,"Plans": [{"Node Type": "Hash Join","Parent Relationship": "Outer","Parallel Aware": false,"Async Capable": false,"Join Type": "Inner","Startup Cost": 6370.14,"Total Cost": 195914.69,"Plan Rows": 2057,"Plan Width": 8,"Actual Startup Time": 33.273,"Actual Total Time": 4873.309,"Actual Rows": 504,"Actual Loops": 1,"Inner Unique": true,"Hash Cond": "(lineitem.l_partkey = part.p_partkey)","Join Filter": "(lineitem.l_quantity < (SubPlan 1))","Rows Removed by Join Filter": 5118,"Plans": [{"Node Type": "Seq Scan","Parent Relationship": "Outer","Parallel Aware": false,"Async Capable": false,"Relation Name": "lineitem","Alias": "lineitem","Startup Cost": 0.00,"Total Cost": 172515.15,"Plan Rows": 6001215,"Plan Width": 17,"Actual Startup Time": 0.014,"Actual Total Time": 939.839,"Actual Rows": 6001215,"Actual Loops": 1},{"Node Type": "Hash","Parent Relationship": "Inner","Parallel Aware": false,"Async Capable": false,"Startup Cost": 6367.57,"Total Cost": 6367.57,"Plan Rows": 206,"Plan Width": 4,"Actual Startup Time": 32.053,"Actual Total Time": 32.478,"Actual Rows": 187,"Actual Loops": 1,"Hash Buckets": 1024,"Original Hash Buckets": 1024,"Hash Batches": 1,"Original Hash Batches": 1,"Peak Memory Usage": 15,"Plans": [{"Node Type": "Gather","Parent Relationship": "Outer","Parallel Aware": false,"Async Capable": false,"Startup Cost": 1000.00,"Total Cost": 6367.57,"Plan Rows": 206,"Plan Width": 4,"Actual Startup Time": 2.870,"Actual Total Time": 32.403,"Actual Rows": 187,"Actual Loops": 1,"Workers Planned": 2,"Workers Launched": 2,"Single Copy": false,"Plans": [{"Node Type": "Seq Scan","Parent Relationship": "Outer","Parallel Aware": true,"Async Capable": false,"Relation Name": "part","Alias": "part","Startup Cost": 0.00,"Total Cost": 5347.00,"Plan Rows": 86,"Plan Width": 4,"Actual Startup Time": 1.006,"Actual Total Time": 26.243,"Actual Rows": 62,"Actual Loops": 3,"Filter": "((p_brand = 'Brand#21'::bpchar) AND (p_container = 'MED BAG'::bpchar))","Rows Removed by Filter": 66604,"Workers": []}]}]},{"Node Type": "Aggregate","Strategy": "Plain","Partial Mode": "Simple","Parent Relationship": "SubPlan","Subplan Name": "SubPlan 1","Parallel Aware": false,"Async Capable": false,"Startup Cost": 127.60,"Total Cost": 127.61,"Plan Rows": 1,"Plan Width": 32,"Actual Startup Time": 0.121,"Actual Total Time": 0.121,"Actual Rows": 1,"Actual Loops": 5622,"Plans": [{"Node Type": "Bitmap Heap Scan","Parent Relationship": "Outer","Parallel Aware": false,"Async Capable": false,"Relation Name": "lineitem","Alias": "lineitem_1","Startup Cost": 4.67,"Total Cost": 127.52,"Plan Rows": 31,"Plan Width": 5,"Actual Startup Time": 0.013,"Actual Total Time": 0.114,"Actual Rows": 31,"Actual Loops": 5622,"Recheck Cond": "(l_partkey = part.p_partkey)","Rows Removed by Index Recheck": 0,"Exact Heap Blocks": 174418,"Lossy Heap Blocks": 0,"Plans": [{"Node Type": "Bitmap Index Scan","Parent Relationship": "Outer","Parallel Aware": false,"Async Capable": false,"Index Name": "idx_lineitem_part_supp","Startup Cost": 0.00,"Total Cost": 4.67,"Plan Rows": 31,"Plan Width": 0,"Actual Startup Time": 0.007,"Actual Total Time": 0.007,"Actual Rows": 31,"Actual Loops": 5622,"Index Cond": "(l_partkey = part.p_partkey)"}]}]}]}]},"Planning Time": 5.529,"Triggers": [],"Execution Time": 4873.767}]
[{"Plan": {"Node Type": "Aggregate","Strategy": "Plain","Partial Mode": "Simple","Parallel Aware": false,"Async Capable": false,"Startup Cost": 195921.28,"Total Cost": 195921.29,"Plan Rows": 1,"Plan Width": 32,"Actual Startup Time": 4768.356,"Actual Total Time": 4768.926,"Actual Rows": 1,"Actual Loops": 1,"Plans": [{"Node Type": "Hash Join","Parent Relationship": "Outer","Parallel Aware": false,"Async Capable": false,"Join Type": "Inner","Startup Cost": 6371.32,"Total Cost": 195915.87,"Plan Rows": 2162,"Plan Width": 8,"Actual Startup Time": 34.532,"Actual Total Time": 4768.627,"Actual Rows": 541,"Actual Loops": 1,"Inner Unique": true,"Hash Cond": "(lineitem.l_partkey = part.p_partkey)","Join Filter": "(lineitem.l_quantity < (SubPlan 1))","Rows Removed by Join Filter": 5405,"Plans": [{"Node Type": "Seq Scan","Parent Relationship": "Outer","Parallel Aware": false,"Async Capable": false,"Relation Name": "lineitem","Alias": "lineitem","Startup Cost": 0.00,"Total Cost": 172515.15,"Plan Rows": 6001215,"Plan Width": 17,"Actual Startup Time": 0.017,"Actual Total Time": 947.923,"Actual Rows": 6001215,"Actual Loops": 1},{"Node Type": "Hash","Parent Relationship": "Inner","Parallel Aware": false,"Async Capable": false,"Startup Cost": 6368.62,"Total Cost": 6368.62,"Plan Rows": 216,"Plan Width": 4,"Actual Startup Time": 30.904,"Actual Total Time": 31.458,"Actual Rows": 196,"Actual Loops": 1,"Hash Buckets": 1024,"Original Hash Buckets": 1024,"Hash Batches": 1,"Original Hash Batches": 1,"Peak Memory Usage": 15,"Plans": [{"Node Type": "Gather","Parent Relationship": "Outer","Parallel Aware": false,"Async Capable": false,"Startup Cost": 1000.00,"Total Cost": 6368.62,"Plan Rows": 216,"Plan Width": 4,"Actual Startup Time": 2.356,"Actual Total Time": 31.373,"Actual Rows": 196,"Actual Loops": 1,"Workers Planned": 2,"Workers Launched": 2,"Single Copy": false,"Plans": [{"Node Type": "Seq Scan","Parent Relationship": "Outer","Parallel Aware": true,"Async Capable": false,"Relation Name": "part","Alias": "part","Startup Cost": 0.00,"Total Cost": 5347.00,"Plan Rows": 90,"Plan Width": 4,"Actual Startup Time": 1.691,"Actual Total Time": 25.245,"Actual Rows": 65,"Actual Loops": 3,"Filter": "((p_brand = 'Brand#15'::bpchar) AND (p_container = 'LG BOX'::bpchar))","Rows Removed by Filter": 66601,"Workers": []}]}]},{"Node Type": "Aggregate","Strategy": "Plain","Partial Mode": "Simple","Parent Relationship": "SubPlan","Subplan Name": "SubPlan 1","Parallel Aware": false,"Async Capable": false,"Startup Cost": 127.60,"Total Cost": 127.61,"Plan Rows": 1,"Plan Width": 32,"Actual Startup Time": 0.125,"Actual Total Time": 0.125,"Actual Rows": 1,"Actual Loops": 5946,"Plans": [{"Node Type": "Bitmap Heap Scan","Parent Relationship": "Outer","Parallel Aware": false,"Async Capable": false,"Relation Name": "lineitem","Alias": "lineitem_1","Startup Cost": 4.67,"Total Cost": 127.52,"Plan Rows": 31,"Plan Width": 5,"Actual Startup Time": 0.013,"Actual Total Time": 0.118,"Actual Rows": 31,"Actual Loops": 5946,"Recheck Cond": "(l_partkey = part.p_partkey)","Rows Removed by Index Recheck": 0,"Exact Heap Blocks": 185227,"Lossy Heap Blocks": 0,"Plans": [{"Node Type": "Bitmap Index Scan","Parent Relationship": "Outer","Parallel Aware": false,"Async Capable": false,"Index Name": "idx_lineitem_part_supp","Startup Cost": 0.00,"Total Cost": 4.67,"Plan Rows": 31,"Plan Width": 0,"Actual Startup Time": 0.007,"Actual Total Time": 0.007,"Actual Rows": 31,"Actual Loops": 5946,"Index Cond": "(l_partkey = part.p_partkey)"}]}]}]}]},"Planning Time": 4.556,"Triggers": [],"Execution Time": 4769.220}]
[{"Plan": {"Node Type": "Aggregate","Strategy": "Plain","Partial Mode": "Simple","Parallel Aware": false,"Async Capable": false,"Startup Cost": 195918.14,"Total Cost": 195918.16,"Plan Rows": 1,"Plan Width": 32,"Actual Startup Time": 4810.850,"Actual Total Time": 4811.545,"Actual Rows": 1,"Actual Loops": 1,"Plans": [{"Node Type": "Hash Join","Parent Relationship": "Outer","Parallel Aware": false,"Async Capable": false,"Join Type": "Inner","Startup Cost": 6368.75,"Total Cost": 195913.31,"Plan Rows": 1934,"Plan Width": 8,"Actual Startup Time": 51.022,"Actual Total Time": 4811.065,"Actual Rows": 481,"Actual Loops": 1,"Inner Unique": true,"Hash Cond": "(lineitem.l_partkey = part.p_partkey)","Join Filter": "(lineitem.l_quantity < (SubPlan 1))","Rows Removed by Join Filter": 5148,"Plans": [{"Node Type": "Seq Scan","Parent Relationship": "Outer","Parallel Aware": false,"Async Capable": false,"Relation Name": "lineitem","Alias": "lineitem","Startup Cost": 0.00,"Total Cost": 172515.15,"Plan Rows": 6001215,"Plan Width": 17,"Actual Startup Time": 0.015,"Actual Total Time": 979.453,"Actual Rows": 6001215,"Actual Loops": 1},{"Node Type": "Hash","Parent Relationship": "Inner","Parallel Aware": false,"Async Capable": false,"Startup Cost": 6366.34,"Total Cost": 6366.34,"Plan Rows": 193,"Plan Width": 4,"Actual Startup Time": 32.318,"Actual Total Time": 32.981,"Actual Rows": 193,"Actual Loops": 1,"Hash Buckets": 1024,"Original Hash Buckets": 1024,"Hash Batches": 1,"Original Hash Batches": 1,"Peak Memory Usage": 15,"Plans": [{"Node Type": "Gather","Parent Relationship": "Outer","Parallel Aware": false,"Async Capable": false,"Startup Cost": 1000.00,"Total Cost": 6366.34,"Plan Rows": 193,"Plan Width": 4,"Actual Startup Time": 1.282,"Actual Total Time": 32.924,"Actual Rows": 193,"Actual Loops": 1,"Workers Planned": 2,"Workers Launched": 2,"Single Copy": false,"Plans": [{"Node Type": "Seq Scan","Parent Relationship": "Outer","Parallel Aware": true,"Async Capable": false,"Relation Name": "part","Alias": "part","Startup Cost": 0.00,"Total Cost": 5347.00,"Plan Rows": 81,"Plan Width": 4,"Actual Startup Time": 0.758,"Actual Total Time": 26.696,"Actual Rows": 64,"Actual Loops": 3,"Filter": "((p_brand = 'Brand#13'::bpchar) AND (p_container = 'JUMBO PACK'::bpchar))","Rows Removed by Filter": 66602,"Workers": []}]}]},{"Node Type": "Aggregate","Strategy": "Plain","Partial Mode": "Simple","Parent Relationship": "SubPlan","Subplan Name": "SubPlan 1","Parallel Aware": false,"Async Capable": false,"Startup Cost": 127.60,"Total Cost": 127.61,"Plan Rows": 1,"Plan Width": 32,"Actual Startup Time": 0.121,"Actual Total Time": 0.121,"Actual Rows": 1,"Actual Loops": 5629,"Plans": [{"Node Type": "Bitmap Heap Scan","Parent Relationship": "Outer","Parallel Aware": false,"Async Capable": false,"Relation Name": "lineitem","Alias": "lineitem_1","Startup Cost": 4.67,"Total Cost": 127.52,"Plan Rows": 31,"Plan Width": 5,"Actual Startup Time": 0.013,"Actual Total Time": 0.114,"Actual Rows": 30,"Actual Loops": 5629,"Recheck Cond": "(l_partkey = part.p_partkey)","Rows Removed by Index Recheck": 0,"Exact Heap Blocks": 169222,"Lossy Heap Blocks": 0,"Plans": [{"Node Type": "Bitmap Index Scan","Parent Relationship": "Outer","Parallel Aware": false,"Async Capable": false,"Index Name": "idx_lineitem_part_supp","Startup Cost": 0.00,"Total Cost": 4.67,"Plan Rows": 31,"Plan Width": 0,"Actual Startup Time": 0.007,"Actual Total Time": 0.007,"Actual Rows": 30,"Actual Loops": 5629,"Index Cond": "(l_partkey = part.p_partkey)"}]}]}]}]},"Planning Time": 5.481,"Triggers": [],"Execution Time": 4811.854}]
[{"Plan": {"Node Type": "Aggregate","Strategy": "Plain","Partial Mode": "Simple","Parallel Aware": false,"Async Capable": false,"Startup Cost": 195917.11,"Total Cost": 195917.13,"Plan Rows": 1,"Plan Width": 32,"Actual Startup Time": 4872.542,"Actual Total Time": 4872.877,"Actual Rows": 1,"Actual Loops": 1,"Plans": [{"Node Type": "Hash Join","Parent Relationship": "Outer","Parallel Aware": false,"Async Capable": false,"Join Type": "Inner","Startup Cost": 6367.91,"Total Cost": 195912.46,"Plan Rows": 1859,"Plan Width": 8,"Actual Startup Time": 82.588,"Actual Total Time": 4872.666,"Actual Rows": 485,"Actual Loops": 1,"Inner Unique": true,"Hash Cond": "(lineitem.l_partkey = part.p_partkey)","Join Filter": "(lineitem.l_quantity < (SubPlan 1))","Rows Removed by Join Filter": 5236,"Plans": [{"Node Type": "Seq Scan","Parent Relationship": "Outer","Parallel Aware": false,"Async Capable": false,"Relation Name": "lineitem","Alias": "lineitem","Startup Cost": 0.00,"Total Cost": 172515.15,"Plan Rows": 6001215,"Plan Width": 17,"Actual Startup Time": 0.015,"Actual Total Time": 941.941,"Actual Rows": 6001215,"Actual Loops": 1},{"Node Type": "Hash","Parent Relationship": "Inner","Parallel Aware": false,"Async Capable": false,"Startup Cost": 6365.59,"Total Cost": 6365.59,"Plan Rows": 186,"Plan Width": 4,"Actual Startup Time": 33.186,"Actual Total Time": 33.498,"Actual Rows": 189,"Actual Loops": 1,"Hash Buckets": 1024,"Original Hash Buckets": 1024,"Hash Batches": 1,"Original Hash Batches": 1,"Peak Memory Usage": 15,"Plans": [{"Node Type": "Gather","Parent Relationship": "Outer","Parallel Aware": false,"Async Capable": false,"Startup Cost": 1000.00,"Total Cost": 6365.59,"Plan Rows": 186,"Plan Width": 4,"Actual Startup Time": 1.119,"Actual Total Time": 33.424,"Actual Rows": 189,"Actual Loops": 1,"Workers Planned": 2,"Workers Launched": 2,"Single Copy": false,"Plans": [{"Node Type": "Seq Scan","Parent Relationship": "Outer","Parallel Aware": true,"Async Capable": false,"Relation Name": "part","Alias": "part","Startup Cost": 0.00,"Total Cost": 5347.00,"Plan Rows": 77,"Plan Width": 4,"Actual Startup Time": 0.555,"Actual Total Time": 27.694,"Actual Rows": 63,"Actual Loops": 3,"Filter": "((p_brand = 'Brand#25'::bpchar) AND (p_container = 'LG PKG'::bpchar))","Rows Removed by Filter": 66604,"Workers": []}]}]},{"Node Type": "Aggregate","Strategy": "Plain","Partial Mode": "Simple","Parent Relationship": "SubPlan","Subplan Name": "SubPlan 1","Parallel Aware": false,"Async Capable": false,"Startup Cost": 127.60,"Total Cost": 127.61,"Plan Rows": 1,"Plan Width": 32,"Actual Startup Time": 0.120,"Actual Total Time": 0.120,"Actual Rows": 1,"Actual Loops": 5721,"Plans": [{"Node Type": "Bitmap Heap Scan","Parent Relationship": "Outer","Parallel Aware": false,"Async Capable": false,"Relation Name": "lineitem","Alias": "lineitem_1","Startup Cost": 4.67,"Total Cost": 127.52,"Plan Rows": 31,"Plan Width": 5,"Actual Startup Time": 0.013,"Actual Total Time": 0.113,"Actual Rows": 31,"Actual Loops": 5721,"Recheck Cond": "(l_partkey = part.p_partkey)","Rows Removed by Index Recheck": 0,"Exact Heap Blocks": 179301,"Lossy Heap Blocks": 0,"Plans": [{"Node Type": "Bitmap Index Scan","Parent Relationship": "Outer","Parallel Aware": false,"Async Capable": false,"Index Name": "idx_lineitem_part_supp","Startup Cost": 0.00,"Total Cost": 4.67,"Plan Rows": 31,"Plan Width": 0,"Actual Startup Time": 0.007,"Actual Total Time": 0.007,"Actual Rows": 31,"Actual Loops": 5721,"Index Cond": "(l_partkey = part.p_partkey)"}]}]}]}]},"Planning Time": 4.633,"Triggers": [],"Execution Time": 4873.116}]
[{"Plan": {"Node Type": "Aggregate","Strategy": "Plain","Partial Mode": "Simple","Parallel Aware": false,"Async Capable": false,"Startup Cost": 195916.77,"Total Cost": 195916.78,"Plan Rows": 1,"Plan Width": 32,"Actual Startup Time": 4819.294,"Actual Total Time": 4819.829,"Actual Rows": 1,"Actual Loops": 1,"Plans": [{"Node Type": "Hash Join","Parent Relationship": "Outer","Parallel Aware": false,"Async Capable": false,"Join Type": "Inner","Startup Cost": 6367.63,"Total Cost": 195912.18,"Plan Rows": 1834,"Plan Width": 8,"Actual Startup Time": 53.923,"Actual Total Time": 4819.480,"Actual Rows": 559,"Actual Loops": 1,"Inner Unique": true,"Hash Cond": "(lineitem.l_partkey = part.p_partkey)","Join Filter": "(lineitem.l_quantity < (SubPlan 1))","Rows Removed by Join Filter": 5828,"Plans": [{"Node Type": "Seq Scan","Parent Relationship": "Outer","Parallel Aware": false,"Async Capable": false,"Relation Name": "lineitem","Alias": "lineitem","Startup Cost": 0.00,"Total Cost": 172515.15,"Plan Rows": 6001215,"Plan Width": 17,"Actual Startup Time": 0.018,"Actual Total Time": 951.355,"Actual Rows": 6001215,"Actual Loops": 1},{"Node Type": "Hash","Parent Relationship": "Inner","Parallel Aware": false,"Async Capable": false,"Startup Cost": 6365.33,"Total Cost": 6365.33,"Plan Rows": 183,"Plan Width": 4,"Actual Startup Time": 30.519,"Actual Total Time": 31.031,"Actual Rows": 214,"Actual Loops": 1,"Hash Buckets": 1024,"Original Hash Buckets": 1024,"Hash Batches": 1,"Original Hash Batches": 1,"Peak Memory Usage": 16,"Plans": [{"Node Type": "Gather","Parent Relationship": "Outer","Parallel Aware": false,"Async Capable": false,"Startup Cost": 1000.00,"Total Cost": 6365.33,"Plan Rows": 183,"Plan Width": 4,"Actual Startup Time": 1.416,"Actual Total Time": 30.964,"Actual Rows": 214,"Actual Loops": 1,"Workers Planned": 2,"Workers Launched": 2,"Single Copy": false,"Plans": [{"Node Type": "Seq Scan","Parent Relationship": "Outer","Parallel Aware": true,"Async Capable": false,"Relation Name": "part","Alias": "part","Startup Cost": 0.00,"Total Cost": 5347.00,"Plan Rows": 76,"Plan Width": 4,"Actual Startup Time": 1.066,"Actual Total Time": 24.862,"Actual Rows": 71,"Actual Loops": 3,"Filter": "((p_brand = 'Brand#53'::bpchar) AND (p_container = 'LG DRUM'::bpchar))","Rows Removed by Filter": 66595,"Workers": []}]}]},{"Node Type": "Aggregate","Strategy": "Plain","Partial Mode": "Simple","Parent Relationship": "SubPlan","Subplan Name": "SubPlan 1","Parallel Aware": false,"Async Capable": false,"Startup Cost": 127.60,"Total Cost": 127.61,"Plan Rows": 1,"Plan Width": 32,"Actual Startup Time": 0.123,"Actual Total Time": 0.123,"Actual Rows": 1,"Actual Loops": 6387,"Plans": [{"Node Type": "Bitmap Heap Scan","Parent Relationship": "Outer","Parallel Aware": false,"Async Capable": false,"Relation Name": "lineitem","Alias": "lineitem_1","Startup Cost": 4.67,"Total Cost": 127.52,"Plan Rows": 31,"Plan Width": 5,"Actual Startup Time": 0.013,"Actual Total Time": 0.116,"Actual Rows": 31,"Actual Loops": 6387,"Recheck Cond": "(l_partkey = part.p_partkey)","Rows Removed by Index Recheck": 0,"Exact Heap Blocks": 197929,"Lossy Heap Blocks": 0,"Plans": [{"Node Type": "Bitmap Index Scan","Parent Relationship": "Outer","Parallel Aware": false,"Async Capable": false,"Index Name": "idx_lineitem_part_supp","Startup Cost": 0.00,"Total Cost": 4.67,"Plan Rows": 31,"Plan Width": 0,"Actual Startup Time": 0.007,"Actual Total Time": 0.007,"Actual Rows": 31,"Actual Loops": 6387,"Index Cond": "(l_partkey = part.p_partkey)"}]}]}]}]},"Planning Time": 5.690,"Triggers": [],"Execution Time": 4820.097}]
[{"Plan": {"Node Type": "Aggregate","Strategy": "Plain","Partial Mode": "Simple","Parallel Aware": false,"Async Capable": false,"Startup Cost": 195919.00,"Total Cost": 195919.01,"Plan Rows": 1,"Plan Width": 32,"Actual Startup Time": 4937.182,"Actual Total Time": 4937.863,"Actual Rows": 1,"Actual Loops": 1,"Plans": [{"Node Type": "Hash Join","Parent Relationship": "Outer","Parallel Aware": false,"Async Capable": false,"Join Type": "Inner","Startup Cost": 6369.45,"Total Cost": 195914.00,"Plan Rows": 1996,"Plan Width": 8,"Actual Startup Time": 34.538,"Actual Total Time": 4937.457,"Actual Rows": 624,"Actual Loops": 1,"Inner Unique": true,"Hash Cond": "(lineitem.l_partkey = part.p_partkey)","Join Filter": "(lineitem.l_quantity < (SubPlan 1))","Rows Removed by Join Filter": 5905,"Plans": [{"Node Type": "Seq Scan","Parent Relationship": "Outer","Parallel Aware": false,"Async Capable": false,"Relation Name": "lineitem","Alias": "lineitem","Startup Cost": 0.00,"Total Cost": 172515.15,"Plan Rows": 6001215,"Plan Width": 17,"Actual Startup Time": 0.013,"Actual Total Time": 952.906,"Actual Rows": 6001215,"Actual Loops": 1},{"Node Type": "Hash","Parent Relationship": "Inner","Parallel Aware": false,"Async Capable": false,"Startup Cost": 6366.96,"Total Cost": 6366.96,"Plan Rows": 200,"Plan Width": 4,"Actual Startup Time": 30.850,"Actual Total Time": 31.496,"Actual Rows": 214,"Actual Loops": 1,"Hash Buckets": 1024,"Original Hash Buckets": 1024,"Hash Batches": 1,"Original Hash Batches": 1,"Peak Memory Usage": 16,"Plans": [{"Node Type": "Gather","Parent Relationship": "Outer","Parallel Aware": false,"Async Capable": false,"Startup Cost": 1000.00,"Total Cost": 6366.96,"Plan Rows": 200,"Plan Width": 4,"Actual Startup Time": 0.683,"Actual Total Time": 31.417,"Actual Rows": 214,"Actual Loops": 1,"Workers Planned": 2,"Workers Launched": 2,"Single Copy": false,"Plans": [{"Node Type": "Seq Scan","Parent Relationship": "Outer","Parallel Aware": true,"Async Capable": false,"Relation Name": "part","Alias": "part","Startup Cost": 0.00,"Total Cost": 5347.00,"Plan Rows": 83,"Plan Width": 4,"Actual Startup Time": 0.884,"Actual Total Time": 25.336,"Actual Rows": 71,"Actual Loops": 3,"Filter": "((p_brand = 'Brand#22'::bpchar) AND (p_container = 'SM PACK'::bpchar))","Rows Removed by Filter": 66595,"Workers": []}]}]},{"Node Type": "Aggregate","Strategy": "Plain","Partial Mode": "Simple","Parent Relationship": "SubPlan","Subplan Name": "SubPlan 1","Parallel Aware": false,"Async Capable": false,"Startup Cost": 127.60,"Total Cost": 127.61,"Plan Rows": 1,"Plan Width": 32,"Actual Startup Time": 0.124,"Actual Total Time": 0.124,"Actual Rows": 1,"Actual Loops": 6529,"Plans": [{"Node Type": "Bitmap Heap Scan","Parent Relationship": "Outer","Parallel Aware": false,"Async Capable": false,"Relation Name": "lineitem","Alias": "lineitem_1","Startup Cost": 4.67,"Total Cost": 127.52,"Plan Rows": 31,"Plan Width": 5,"Actual Startup Time": 0.013,"Actual Total Time": 0.117,"Actual Rows": 32,"Actual Loops": 6529,"Recheck Cond": "(l_partkey = part.p_partkey)","Rows Removed by Index Recheck": 0,"Exact Heap Blocks": 206455,"Lossy Heap Blocks": 0,"Plans": [{"Node Type": "Bitmap Index Scan","Parent Relationship": "Outer","Parallel Aware": false,"Async Capable": false,"Index Name": "idx_lineitem_part_supp","Startup Cost": 0.00,"Total Cost": 4.67,"Plan Rows": 31,"Plan Width": 0,"Actual Startup Time": 0.007,"Actual Total Time": 0.007,"Actual Rows": 32,"Actual Loops": 6529,"Index Cond": "(l_partkey = part.p_partkey)"}]}]}]}]},"Planning Time": 5.407,"Triggers": [],"Execution Time": 4938.256}]
[{"Plan": {"Node Type": "Aggregate","Strategy": "Plain","Partial Mode": "Simple","Parallel Aware": false,"Async Capable": false,"Startup Cost": 195918.79,"Total Cost": 195918.81,"Plan Rows": 1,"Plan Width": 32,"Actual Startup Time": 4853.833,"Actual Total Time": 4854.549,"Actual Rows": 1,"Actual Loops": 1,"Plans": [{"Node Type": "Hash Join","Parent Relationship": "Outer","Parallel Aware": false,"Async Capable": false,"Join Type": "Inner","Startup Cost": 6369.29,"Total Cost": 195913.84,"Plan Rows": 1981,"Plan Width": 8,"Actual Startup Time": 32.965,"Actual Total Time": 4854.033,"Actual Rows": 544,"Actual Loops": 1,"Inner Unique": true,"Hash Cond": "(lineitem.l_partkey = part.p_partkey)","Join Filter": "(lineitem.l_quantity < (SubPlan 1))","Rows Removed by Join Filter": 5589,"Plans": [{"Node Type": "Seq Scan","Parent Relationship": "Outer","Parallel Aware": false,"Async Capable": false,"Relation Name": "lineitem","Alias": "lineitem","Startup Cost": 0.00,"Total Cost": 172515.15,"Plan Rows": 6001215,"Plan Width": 17,"Actual Startup Time": 0.021,"Actual Total Time": 942.145,"Actual Rows": 6001215,"Actual Loops": 1},{"Node Type": "Hash","Parent Relationship": "Inner","Parallel Aware": false,"Async Capable": false,"Startup Cost": 6366.81,"Total Cost": 6366.81,"Plan Rows": 198,"Plan Width": 4,"Actual Startup Time": 30.860,"Actual Total Time": 31.544,"Actual Rows": 204,"Actual Loops": 1,"Hash Buckets": 1024,"Original Hash Buckets": 1024,"Hash Batches": 1,"Original Hash Batches": 1,"Peak Memory Usage": 16,"Plans": [{"Node Type": "Gather","Parent Relationship": "Outer","Parallel Aware": false,"Async Capable": false,"Startup Cost": 1000.00,"Total Cost": 6366.81,"Plan Rows": 198,"Plan Width": 4,"Actual Startup Time": 1.911,"Actual Total Time": 31.487,"Actual Rows": 204,"Actual Loops": 1,"Workers Planned": 2,"Workers Launched": 2,"Single Copy": false,"Plans": [{"Node Type": "Seq Scan","Parent Relationship": "Outer","Parallel Aware": true,"Async Capable": false,"Relation Name": "part","Alias": "part","Startup Cost": 0.00,"Total Cost": 5347.00,"Plan Rows": 83,"Plan Width": 4,"Actual Startup Time": 1.539,"Actual Total Time": 24.888,"Actual Rows": 68,"Actual Loops": 3,"Filter": "((p_brand = 'Brand#52'::bpchar) AND (p_container = 'JUMBO DRUM'::bpchar))","Rows Removed by Filter": 66599,"Workers": []}]}]},{"Node Type": "Aggregate","Strategy": "Plain","Partial Mode": "Simple","Parent Relationship": "SubPlan","Subplan Name": "SubPlan 1","Parallel Aware": false,"Async Capable": false,"Startup Cost": 127.60,"Total Cost": 127.61,"Plan Rows": 1,"Plan Width": 32,"Actual Startup Time": 0.124,"Actual Total Time": 0.124,"Actual Rows": 1,"Actual Loops": 6133,"Plans": [{"Node Type": "Bitmap Heap Scan","Parent Relationship": "Outer","Parallel Aware": false,"Async Capable": false,"Relation Name": "lineitem","Alias": "lineitem_1","Startup Cost": 4.67,"Total Cost": 127.52,"Plan Rows": 31,"Plan Width": 5,"Actual Startup Time": 0.014,"Actual Total Time": 0.117,"Actual Rows": 31,"Actual Loops": 6133,"Recheck Cond": "(l_partkey = part.p_partkey)","Rows Removed by Index Recheck": 0,"Exact Heap Blocks": 189716,"Lossy Heap Blocks": 0,"Plans": [{"Node Type": "Bitmap Index Scan","Parent Relationship": "Outer","Parallel Aware": false,"Async Capable": false,"Index Name": "idx_lineitem_part_supp","Startup Cost": 0.00,"Total Cost": 4.67,"Plan Rows": 31,"Plan Width": 0,"Actual Startup Time": 0.007,"Actual Total Time": 0.007,"Actual Rows": 31,"Actual Loops": 6133,"Index Cond": "(l_partkey = part.p_partkey)"}]}]}]}]},"Planning Time": 6.010,"Triggers": [],"Execution Time": 4854.983}]
[{"Plan": {"Node Type": "Aggregate","Strategy": "Plain","Partial Mode": "Simple","Parallel Aware": false,"Async Capable": false,"Startup Cost": 195919.40,"Total Cost": 195919.42,"Plan Rows": 1,"Plan Width": 32,"Actual Startup Time": 4930.834,"Actual Total Time": 4931.343,"Actual Rows": 1,"Actual Loops": 1,"Plans": [{"Node Type": "Hash Join","Parent Relationship": "Outer","Parallel Aware": false,"Async Capable": false,"Join Type": "Inner","Startup Cost": 6369.78,"Total Cost": 195914.34,"Plan Rows": 2026,"Plan Width": 8,"Actual Startup Time": 30.059,"Actual Total Time": 4931.122,"Actual Rows": 591,"Actual Loops": 1,"Inner Unique": true,"Hash Cond": "(lineitem.l_partkey = part.p_partkey)","Join Filter": "(lineitem.l_quantity < (SubPlan 1))","Rows Removed by Join Filter": 5908,"Plans": [{"Node Type": "Seq Scan","Parent Relationship": "Outer","Parallel Aware": false,"Async Capable": false,"Relation Name": "lineitem","Alias": "lineitem","Startup Cost": 0.00,"Total Cost": 172515.15,"Plan Rows": 6001215,"Plan Width": 17,"Actual Startup Time": 0.021,"Actual Total Time": 1014.915,"Actual Rows": 6001215,"Actual Loops": 1},{"Node Type": "Hash","Parent Relationship": "Inner","Parallel Aware": false,"Async Capable": false,"Startup Cost": 6367.25,"Total Cost": 6367.25,"Plan Rows": 203,"Plan Width": 4,"Actual Startup Time": 29.284,"Actual Total Time": 29.780,"Actual Rows": 216,"Actual Loops": 1,"Hash Buckets": 1024,"Original Hash Buckets": 1024,"Hash Batches": 1,"Original Hash Batches": 1,"Peak Memory Usage": 16,"Plans": [{"Node Type": "Gather","Parent Relationship": "Outer","Parallel Aware": false,"Async Capable": false,"Startup Cost": 1000.00,"Total Cost": 6367.25,"Plan Rows": 203,"Plan Width": 4,"Actual Startup Time": 1.561,"Actual Total Time": 29.684,"Actual Rows": 216,"Actual Loops": 1,"Workers Planned": 2,"Workers Launched": 2,"Single Copy": false,"Plans": [{"Node Type": "Seq Scan","Parent Relationship": "Outer","Parallel Aware": true,"Async Capable": false,"Relation Name": "part","Alias": "part","Startup Cost": 0.00,"Total Cost": 5347.00,"Plan Rows": 84,"Plan Width": 4,"Actual Startup Time": 0.703,"Actual Total Time": 23.479,"Actual Rows": 72,"Actual Loops": 3,"Filter": "((p_brand = 'Brand#23'::bpchar) AND (p_container = 'SM BAG'::bpchar))","Rows Removed by Filter": 66595,"Workers": []}]}]},{"Node Type": "Aggregate","Strategy": "Plain","Partial Mode": "Simple","Parent Relationship": "SubPlan","Subplan Name": "SubPlan 1","Parallel Aware": false,"Async Capable": false,"Startup Cost": 127.60,"Total Cost": 127.61,"Plan Rows": 1,"Plan Width": 32,"Actual Startup Time": 0.133,"Actual Total Time": 0.133,"Actual Rows": 1,"Actual Loops": 6499,"Plans": [{"Node Type": "Bitmap Heap Scan","Parent Relationship": "Outer","Parallel Aware": false,"Async Capable": false,"Relation Name": "lineitem","Alias": "lineitem_1","Startup Cost": 4.67,"Total Cost": 127.52,"Plan Rows": 31,"Plan Width": 5,"Actual Startup Time": 0.014,"Actual Total Time": 0.125,"Actual Rows": 31,"Actual Loops": 6499,"Recheck Cond": "(l_partkey = part.p_partkey)","Rows Removed by Index Recheck": 0,"Exact Heap Blocks": 202701,"Lossy Heap Blocks": 0,"Plans": [{"Node Type": "Bitmap Index Scan","Parent Relationship": "Outer","Parallel Aware": false,"Async Capable": false,"Index Name": "idx_lineitem_part_supp","Startup Cost": 0.00,"Total Cost": 4.67,"Plan Rows": 31,"Plan Width": 0,"Actual Startup Time": 0.008,"Actual Total Time": 0.008,"Actual Rows": 31,"Actual Loops": 6499,"Index Cond": "(l_partkey = part.p_partkey)"}]}]}]}]},"Planning Time": 5.632,"Triggers": [],"Execution Time": 4931.669}]
[{"Plan": {"Node Type": "Aggregate","Strategy": "Plain","Partial Mode": "Simple","Parallel Aware": false,"Async Capable": false,"Startup Cost": 195921.14,"Total Cost": 195921.16,"Plan Rows": 1,"Plan Width": 32,"Actual Startup Time": 4930.713,"Actual Total Time": 4931.026,"Actual Rows": 1,"Actual Loops": 1,"Plans": [{"Node Type": "Hash Join","Parent Relationship": "Outer","Parallel Aware": false,"Async Capable": false,"Join Type": "Inner","Startup Cost": 6371.21,"Total Cost": 195915.76,"Plan Rows": 2152,"Plan Width": 8,"Actual Startup Time": 35.513,"Actual Total Time": 4930.825,"Actual Rows": 544,"Actual Loops": 1,"Inner Unique": true,"Hash Cond": "(lineitem.l_partkey = part.p_partkey)","Join Filter": "(lineitem.l_quantity < (SubPlan 1))","Rows Removed by Join Filter": 5423,"Plans": [{"Node Type": "Seq Scan","Parent Relationship": "Outer","Parallel Aware": false,"Async Capable": false,"Relation Name": "lineitem","Alias": "lineitem","Startup Cost": 0.00,"Total Cost": 172515.15,"Plan Rows": 6001215,"Plan Width": 17,"Actual Startup Time": 0.017,"Actual Total Time": 940.339,"Actual Rows": 6001215,"Actual Loops": 1},{"Node Type": "Hash","Parent Relationship": "Inner","Parallel Aware": false,"Async Capable": false,"Startup Cost": 6368.52,"Total Cost": 6368.52,"Plan Rows": 215,"Plan Width": 4,"Actual Startup Time": 33.323,"Actual Total Time": 33.622,"Actual Rows": 203,"Actual Loops": 1,"Hash Buckets": 1024,"Original Hash Buckets": 1024,"Hash Batches": 1,"Original Hash Batches": 1,"Peak Memory Usage": 16,"Plans": [{"Node Type": "Gather","Parent Relationship": "Outer","Parallel Aware": false,"Async Capable": false,"Startup Cost": 1000.00,"Total Cost": 6368.52,"Plan Rows": 215,"Plan Width": 4,"Actual Startup Time": 3.882,"Actual Total Time": 33.513,"Actual Rows": 203,"Actual Loops": 1,"Workers Planned": 2,"Workers Launched": 2,"Single Copy": false,"Plans": [{"Node Type": "Seq Scan","Parent Relationship": "Outer","Parallel Aware": true,"Async Capable": false,"Relation Name": "part","Alias": "part","Startup Cost": 0.00,"Total Cost": 5347.00,"Plan Rows": 90,"Plan Width": 4,"Actual Startup Time": 2.476,"Actual Total Time": 27.874,"Actual Rows": 68,"Actual Loops": 3,"Filter": "((p_brand = 'Brand#45'::bpchar) AND (p_container = 'JUMBO JAR'::bpchar))","Rows Removed by Filter": 66599,"Workers": []}]}]},{"Node Type": "Aggregate","Strategy": "Plain","Partial Mode": "Simple","Parent Relationship": "SubPlan","Subplan Name": "SubPlan 1","Parallel Aware": false,"Async Capable": false,"Startup Cost": 127.60,"Total Cost": 127.61,"Plan Rows": 1,"Plan Width": 32,"Actual Startup Time": 0.120,"Actual Total Time": 0.120,"Actual Rows": 1,"Actual Loops": 5967,"Plans": [{"Node Type": "Bitmap Heap Scan","Parent Relationship": "Outer","Parallel Aware": false,"Async Capable": false,"Relation Name": "lineitem","Alias": "lineitem_1","Startup Cost": 4.67,"Total Cost": 127.52,"Plan Rows": 31,"Plan Width": 5,"Actual Startup Time": 0.013,"Actual Total Time": 0.112,"Actual Rows": 30,"Actual Loops": 5967,"Recheck Cond": "(l_partkey = part.p_partkey)","Rows Removed by Index Recheck": 0,"Exact Heap Blocks": 181281,"Lossy Heap Blocks": 0,"Plans": [{"Node Type": "Bitmap Index Scan","Parent Relationship": "Outer","Parallel Aware": false,"Async Capable": false,"Index Name": "idx_lineitem_part_supp","Startup Cost": 0.00,"Total Cost": 4.67,"Plan Rows": 31,"Plan Width": 0,"Actual Startup Time": 0.007,"Actual Total Time": 0.007,"Actual Rows": 30,"Actual Loops": 5967,"Index Cond": "(l_partkey = part.p_partkey)"}]}]}]}]},"Planning Time": 4.315,"Triggers": [],"Execution Time": 4931.353}]
[{"Plan": {"Node Type": "Aggregate","Strategy": "Plain","Partial Mode": "Simple","Parallel Aware": false,"Async Capable": false,"Startup Cost": 195918.74,"Total Cost": 195918.75,"Plan Rows": 1,"Plan Width": 32,"Actual Startup Time": 4754.014,"Actual Total Time": 4754.411,"Actual Rows": 1,"Actual Loops": 1,"Plans": [{"Node Type": "Hash Join","Parent Relationship": "Outer","Parallel Aware": false,"Async Capable": false,"Join Type": "Inner","Startup Cost": 6369.24,"Total Cost": 195913.79,"Plan Rows": 1977,"Plan Width": 8,"Actual Startup Time": 51.280,"Actual Total Time": 4754.131,"Actual Rows": 424,"Actual Loops": 1,"Inner Unique": true,"Hash Cond": "(lineitem.l_partkey = part.p_partkey)","Join Filter": "(lineitem.l_quantity < (SubPlan 1))","Rows Removed by Join Filter": 4692,"Plans": [{"Node Type": "Seq Scan","Parent Relationship": "Outer","Parallel Aware": false,"Async Capable": false,"Relation Name": "lineitem","Alias": "lineitem","Startup Cost": 0.00,"Total Cost": 172515.15,"Plan Rows": 6001215,"Plan Width": 17,"Actual Startup Time": 0.021,"Actual Total Time": 933.596,"Actual Rows": 6001215,"Actual Loops": 1},{"Node Type": "Hash","Parent Relationship": "Inner","Parallel Aware": false,"Async Capable": false,"Startup Cost": 6366.77,"Total Cost": 6366.77,"Plan Rows": 198,"Plan Width": 4,"Actual Startup Time": 31.340,"Actual Total Time": 31.720,"Actual Rows": 171,"Actual Loops": 1,"Hash Buckets": 1024,"Original Hash Buckets": 1024,"Hash Batches": 1,"Original Hash Batches": 1,"Peak Memory Usage": 15,"Plans": [{"Node Type": "Gather","Parent Relationship": "Outer","Parallel Aware": false,"Async Capable": false,"Startup Cost": 1000.00,"Total Cost": 6366.77,"Plan Rows": 198,"Plan Width": 4,"Actual Startup Time": 2.387,"Actual Total Time": 31.640,"Actual Rows": 171,"Actual Loops": 1,"Workers Planned": 2,"Workers Launched": 2,"Single Copy": false,"Plans": [{"Node Type": "Seq Scan","Parent Relationship": "Outer","Parallel Aware": true,"Async Capable": false,"Relation Name": "part","Alias": "part","Startup Cost": 0.00,"Total Cost": 5347.00,"Plan Rows": 82,"Plan Width": 4,"Actual Startup Time": 0.917,"Actual Total Time": 25.199,"Actual Rows": 57,"Actual Loops": 3,"Filter": "((p_brand = 'Brand#41'::bpchar) AND (p_container = 'LG CAN'::bpchar))","Rows Removed by Filter": 66610,"Workers": []}]}]},{"Node Type": "Aggregate","Strategy": "Plain","Partial Mode": "Simple","Parent Relationship": "SubPlan","Subplan Name": "SubPlan 1","Parallel Aware": false,"Async Capable": false,"Startup Cost": 127.60,"Total Cost": 127.61,"Plan Rows": 1,"Plan Width": 32,"Actual Startup Time": 0.121,"Actual Total Time": 0.121,"Actual Rows": 1,"Actual Loops": 5116,"Plans": [{"Node Type": "Bitmap Heap Scan","Parent Relationship": "Outer","Parallel Aware": false,"Async Capable": false,"Relation Name": "lineitem","Alias": "lineitem_1","Startup Cost": 4.67,"Total Cost": 127.52,"Plan Rows": 31,"Plan Width": 5,"Actual Startup Time": 0.013,"Actual Total Time": 0.114,"Actual Rows": 31,"Actual Loops": 5116,"Recheck Cond": "(l_partkey = part.p_partkey)","Rows Removed by Index Recheck": 0,"Exact Heap Blocks": 157872,"Lossy Heap Blocks": 0,"Plans": [{"Node Type": "Bitmap Index Scan","Parent Relationship": "Outer","Parallel Aware": false,"Async Capable": false,"Index Name": "idx_lineitem_part_supp","Startup Cost": 0.00,"Total Cost": 4.67,"Plan Rows": 31,"Plan Width": 0,"Actual Startup Time": 0.007,"Actual Total Time": 0.007,"Actual Rows": 31,"Actual Loops": 5116,"Index Cond": "(l_partkey = part.p_partkey)"}]}]}]}]},"Planning Time": 5.911,"Triggers": [],"Execution Time": 4754.764}]
[{"Plan": {"Node Type": "Aggregate","Strategy": "Plain","Partial Mode": "Simple","Parallel Aware": false,"Async Capable": false,"Startup Cost": 195920.91,"Total Cost": 195920.92,"Plan Rows": 1,"Plan Width": 32,"Actual Startup Time": 4924.067,"Actual Total Time": 4924.466,"Actual Rows": 1,"Actual Loops": 1,"Plans": [{"Node Type": "Hash Join","Parent Relationship": "Outer","Parallel Aware": false,"Async Capable": false,"Join Type": "Inner","Startup Cost": 6371.01,"Total Cost": 195915.57,"Plan Rows": 2135,"Plan Width": 8,"Actual Startup Time": 72.554,"Actual Total Time": 4924.245,"Actual Rows": 553,"Actual Loops": 1,"Inner Unique": true,"Hash Cond": "(lineitem.l_partkey = part.p_partkey)","Join Filter": "(lineitem.l_quantity < (SubPlan 1))","Rows Removed by Join Filter": 5644,"Plans": [{"Node Type": "Seq Scan","Parent Relationship": "Outer","Parallel Aware": false,"Async Capable": false,"Relation Name": "lineitem","Alias": "lineitem","Startup Cost": 0.00,"Total Cost": 172515.15,"Plan Rows": 6001215,"Plan Width": 17,"Actual Startup Time": 0.011,"Actual Total Time": 945.351,"Actual Rows": 6001215,"Actual Loops": 1},{"Node Type": "Hash","Parent Relationship": "Inner","Parallel Aware": false,"Async Capable": false,"Startup Cost": 6368.34,"Total Cost": 6368.34,"Plan Rows": 213,"Plan Width": 4,"Actual Startup Time": 30.983,"Actual Total Time": 31.361,"Actual Rows": 203,"Actual Loops": 1,"Hash Buckets": 1024,"Original Hash Buckets": 1024,"Hash Batches": 1,"Original Hash Batches": 1,"Peak Memory Usage": 16,"Plans": [{"Node Type": "Gather","Parent Relationship": "Outer","Parallel Aware": false,"Async Capable": false,"Startup Cost": 1000.00,"Total Cost": 6368.34,"Plan Rows": 213,"Plan Width": 4,"Actual Startup Time": 0.927,"Actual Total Time": 31.295,"Actual Rows": 203,"Actual Loops": 1,"Workers Planned": 2,"Workers Launched": 2,"Single Copy": false,"Plans": [{"Node Type": "Seq Scan","Parent Relationship": "Outer","Parallel Aware": true,"Async Capable": false,"Relation Name": "part","Alias": "part","Startup Cost": 0.00,"Total Cost": 5347.00,"Plan Rows": 89,"Plan Width": 4,"Actual Startup Time": 0.524,"Actual Total Time": 25.070,"Actual Rows": 68,"Actual Loops": 3,"Filter": "((p_brand = 'Brand#15'::bpchar) AND (p_container = 'JUMBO JAR'::bpchar))","Rows Removed by Filter": 66599,"Workers": []}]}]},{"Node Type": "Aggregate","Strategy": "Plain","Partial Mode": "Simple","Parent Relationship": "SubPlan","Subplan Name": "SubPlan 1","Parallel Aware": false,"Async Capable": false,"Startup Cost": 127.60,"Total Cost": 127.61,"Plan Rows": 1,"Plan Width": 32,"Actual Startup Time": 0.124,"Actual Total Time": 0.124,"Actual Rows": 1,"Actual Loops": 6197,"Plans": [{"Node Type": "Bitmap Heap Scan","Parent Relationship": "Outer","Parallel Aware": false,"Async Capable": false,"Relation Name": "lineitem","Alias": "lineitem_1","Startup Cost": 4.67,"Total Cost": 127.52,"Plan Rows": 31,"Plan Width": 5,"Actual Startup Time": 0.013,"Actual Total Time": 0.117,"Actual Rows": 32,"Actual Loops": 6197,"Recheck Cond": "(l_partkey = part.p_partkey)","Rows Removed by Index Recheck": 0,"Exact Heap Blocks": 196185,"Lossy Heap Blocks": 0,"Plans": [{"Node Type": "Bitmap Index Scan","Parent Relationship": "Outer","Parallel Aware": false,"Async Capable": false,"Index Name": "idx_lineitem_part_supp","Startup Cost": 0.00,"Total Cost": 4.67,"Plan Rows": 31,"Plan Width": 0,"Actual Startup Time": 0.007,"Actual Total Time": 0.007,"Actual Rows": 32,"Actual Loops": 6197,"Index Cond": "(l_partkey = part.p_partkey)"}]}]}]}]},"Planning Time": 4.450,"Triggers": [],"Execution Time": 4924.739}]
[{"Plan": {"Node Type": "Aggregate","Strategy": "Plain","Partial Mode": "Simple","Parallel Aware": false,"Async Capable": false,"Startup Cost": 195918.98,"Total Cost": 195918.99,"Plan Rows": 1,"Plan Width": 32,"Actual Startup Time": 4797.786,"Actual Total Time": 4798.198,"Actual Rows": 1,"Actual Loops": 1,"Plans": [{"Node Type": "Hash Join","Parent Relationship": "Outer","Parallel Aware": false,"Async Capable": false,"Join Type": "Inner","Startup Cost": 6369.44,"Total Cost": 195913.99,"Plan Rows": 1995,"Plan Width": 8,"Actual Startup Time": 32.796,"Actual Total Time": 4797.978,"Actual Rows": 462,"Actual Loops": 1,"Inner Unique": true,"Hash Cond": "(lineitem.l_partkey = part.p_partkey)","Join Filter": "(lineitem.l_quantity < (SubPlan 1))","Rows Removed by Join Filter": 4906,"Plans": [{"Node Type": "Seq Scan","Parent Relationship": "Outer","Parallel Aware": false,"Async Capable": false,"Relation Name": "lineitem","Alias": "lineitem","Startup Cost": 0.00,"Total Cost": 172515.15,"Plan Rows": 6001215,"Plan Width": 17,"Actual Startup Time": 0.013,"Actual Total Time": 935.357,"Actual Rows": 6001215,"Actual Loops": 1},{"Node Type": "Hash","Parent Relationship": "Inner","Parallel Aware": false,"Async Capable": false,"Startup Cost": 6366.94,"Total Cost": 6366.94,"Plan Rows": 199,"Plan Width": 4,"Actual Startup Time": 31.127,"Actual Total Time": 31.518,"Actual Rows": 179,"Actual Loops": 1,"Hash Buckets": 1024,"Original Hash Buckets": 1024,"Hash Batches": 1,"Original Hash Batches": 1,"Peak Memory Usage": 15,"Plans": [{"Node Type": "Gather","Parent Relationship": "Outer","Parallel Aware": false,"Async Capable": false,"Startup Cost": 1000.00,"Total Cost": 6366.94,"Plan Rows": 199,"Plan Width": 4,"Actual Startup Time": 0.651,"Actual Total Time": 31.431,"Actual Rows": 179,"Actual Loops": 1,"Workers Planned": 2,"Workers Launched": 2,"Single Copy": false,"Plans": [{"Node Type": "Seq Scan","Parent Relationship": "Outer","Parallel Aware": true,"Async Capable": false,"Relation Name": "part","Alias": "part","Startup Cost": 0.00,"Total Cost": 5347.00,"Plan Rows": 83,"Plan Width": 4,"Actual Startup Time": 1.199,"Actual Total Time": 25.371,"Actual Rows": 60,"Actual Loops": 3,"Filter": "((p_brand = 'Brand#21'::bpchar) AND (p_container = 'LG BAG'::bpchar))","Rows Removed by Filter": 66607,"Workers": []}]}]},{"Node Type": "Aggregate","Strategy": "Plain","Partial Mode": "Simple","Parent Relationship": "SubPlan","Subplan Name": "SubPlan 1","Parallel Aware": false,"Async Capable": false,"Startup Cost": 127.60,"Total Cost": 127.61,"Plan Rows": 1,"Plan Width": 32,"Actual Startup Time": 0.122,"Actual Total Time": 0.122,"Actual Rows": 1,"Actual Loops": 5368,"Plans": [{"Node Type": "Bitmap Heap Scan","Parent Relationship": "Outer","Parallel Aware": false,"Async Capable": false,"Relation Name": "lineitem","Alias": "lineitem_1","Startup Cost": 4.67,"Total Cost": 127.52,"Plan Rows": 31,"Plan Width": 5,"Actual Startup Time": 0.013,"Actual Total Time": 0.114,"Actual Rows": 31,"Actual Loops": 5368,"Recheck Cond": "(l_partkey = part.p_partkey)","Rows Removed by Index Recheck": 0,"Exact Heap Blocks": 165997,"Lossy Heap Blocks": 0,"Plans": [{"Node Type": "Bitmap Index Scan","Parent Relationship": "Outer","Parallel Aware": false,"Async Capable": false,"Index Name": "idx_lineitem_part_supp","Startup Cost": 0.00,"Total Cost": 4.67,"Plan Rows": 31,"Plan Width": 0,"Actual Startup Time": 0.007,"Actual Total Time": 0.007,"Actual Rows": 31,"Actual Loops": 5368,"Index Cond": "(l_partkey = part.p_partkey)"}]}]}]}]},"Planning Time": 5.853,"Triggers": [],"Execution Time": 4798.462}]
[{"Plan": {"Node Type": "Aggregate","Strategy": "Plain","Partial Mode": "Simple","Parallel Aware": false,"Async Capable": false,"Startup Cost": 195919.00,"Total Cost": 195919.01,"Plan Rows": 1,"Plan Width": 32,"Actual Startup Time": 4937.182,"Actual Total Time": 4937.863,"Actual Rows": 1,"Actual Loops": 1,"Plans": [{"Node Type": "Hash Join","Parent Relationship": "Outer","Parallel Aware": false,"Async Capable": false,"Join Type": "Inner","Startup Cost": 6369.45,"Total Cost": 195914.00,"Plan Rows": 1996,"Plan Width": 8,"Actual Startup Time": 34.538,"Actual Total Time": 4937.457,"Actual Rows": 624,"Actual Loops": 1,"Inner Unique": true,"Hash Cond": "(lineitem.l_partkey = part.p_partkey)","Join Filter": "(lineitem.l_quantity < (SubPlan 1))","Rows Removed by Join Filter": 5905,"Plans": [{"Node Type": "Seq Scan","Parent Relationship": "Outer","Parallel Aware": false,"Async Capable": false,"Relation Name": "lineitem","Alias": "lineitem","Startup Cost": 0.00,"Total Cost": 172515.15,"Plan Rows": 6001215,"Plan Width": 17,"Actual Startup Time": 0.013,"Actual Total Time": 952.906,"Actual Rows": 6001215,"Actual Loops": 1},{"Node Type": "Hash","Parent Relationship": "Inner","Parallel Aware": false,"Async Capable": false,"Startup Cost": 6366.96,"Total Cost": 6366.96,"Plan Rows": 200,"Plan Width": 4,"Actual Startup Time": 30.850,"Actual Total Time": 31.496,"Actual Rows": 214,"Actual Loops": 1,"Hash Buckets": 1024,"Original Hash Buckets": 1024,"Hash Batches": 1,"Original Hash Batches": 1,"Peak Memory Usage": 16,"Plans": [{"Node Type": "Gather","Parent Relationship": "Outer","Parallel Aware": false,"Async Capable": false,"Startup Cost": 1000.00,"Total Cost": 6366.96,"Plan Rows": 200,"Plan Width": 4,"Actual Startup Time": 0.683,"Actual Total Time": 31.417,"Actual Rows": 214,"Actual Loops": 1,"Workers Planned": 2,"Workers Launched": 2,"Single Copy": false,"Plans": [{"Node Type": "Seq Scan","Parent Relationship": "Outer","Parallel Aware": true,"Async Capable": false,"Relation Name": "part","Alias": "part","Startup Cost": 0.00,"Total Cost": 5347.00,"Plan Rows": 83,"Plan Width": 4,"Actual Startup Time": 0.884,"Actual Total Time": 25.336,"Actual Rows": 71,"Actual Loops": 3,"Filter": "((p_brand = 'Brand#22'::bpchar) AND (p_container = 'SM PACK'::bpchar))","Rows Removed by Filter": 66595,"Workers": []}]}]},{"Node Type": "Aggregate","Strategy": "Plain","Partial Mode": "Simple","Parent Relationship": "SubPlan","Subplan Name": "SubPlan 1","Parallel Aware": false,"Async Capable": false,"Startup Cost": 127.60,"Total Cost": 127.61,"Plan Rows": 1,"Plan Width": 32,"Actual Startup Time": 0.124,"Actual Total Time": 0.124,"Actual Rows": 1,"Actual Loops": 6529,"Plans": [{"Node Type": "Bitmap Heap Scan","Parent Relationship": "Outer","Parallel Aware": false,"Async Capable": false,"Relation Name": "lineitem","Alias": "lineitem_1","Startup Cost": 4.67,"Total Cost": 127.52,"Plan Rows": 31,"Plan Width": 5,"Actual Startup Time": 0.013,"Actual Total Time": 0.117,"Actual Rows": 32,"Actual Loops": 6529,"Recheck Cond": "(l_partkey = part.p_partkey)","Rows Removed by Index Recheck": 0,"Exact Heap Blocks": 206455,"Lossy Heap Blocks": 0,"Plans": [{"Node Type": "Bitmap Index Scan","Parent Relationship": "Outer","Parallel Aware": false,"Async Capable": false,"Index Name": "idx_lineitem_part_supp","Startup Cost": 0.00,"Total Cost": 4.67,"Plan Rows": 31,"Plan Width": 0,"Actual Startup Time": 0.007,"Actual Total Time": 0.007,"Actual Rows": 32,"Actual Loops": 6529,"Index Cond": "(l_partkey = part.p_partkey)"}]}]}]}]},"Planning Time": 5.407,"Triggers": [],"Execution Time": 4938.256}]
[{"Plan": {"Node Type": "Aggregate","Strategy": "Plain","Partial Mode": "Simple","Parallel Aware": false,"Async Capable": false,"Startup Cost": 195920.95,"Total Cost": 195920.97,"Plan Rows": 1,"Plan Width": 32,"Actual Startup Time": 4747.728,"Actual Total Time": 4748.428,"Actual Rows": 1,"Actual Loops": 1,"Plans": [{"Node Type": "Hash Join","Parent Relationship": "Outer","Parallel Aware": false,"Async Capable": false,"Join Type": "Inner","Startup Cost": 6371.05,"Total Cost": 195915.61,"Plan Rows": 2138,"Plan Width": 8,"Actual Startup Time": 34.136,"Actual Total Time": 4748.042,"Actual Rows": 488,"Actual Loops": 1,"Inner Unique": true,"Hash Cond": "(lineitem.l_partkey = part.p_partkey)","Join Filter": "(lineitem.l_quantity < (SubPlan 1))","Rows Removed by Join Filter": 4814,"Plans": [{"Node Type": "Seq Scan","Parent Relationship": "Outer","Parallel Aware": false,"Async Capable": false,"Relation Name": "lineitem","Alias": "lineitem","Startup Cost": 0.00,"Total Cost": 172515.15,"Plan Rows": 6001215,"Plan Width": 17,"Actual Startup Time": 0.017,"Actual Total Time": 982.210,"Actual Rows": 6001215,"Actual Loops": 1},{"Node Type": "Hash","Parent Relationship": "Inner","Parallel Aware": false,"Async Capable": false,"Startup Cost": 6368.38,"Total Cost": 6368.38,"Plan Rows": 214,"Plan Width": 4,"Actual Startup Time": 32.268,"Actual Total Time": 32.933,"Actual Rows": 177,"Actual Loops": 1,"Hash Buckets": 1024,"Original Hash Buckets": 1024,"Hash Batches": 1,"Original Hash Batches": 1,"Peak Memory Usage": 15,"Plans": [{"Node Type": "Gather","Parent Relationship": "Outer","Parallel Aware": false,"Async Capable": false,"Startup Cost": 1000.00,"Total Cost": 6368.38,"Plan Rows": 214,"Plan Width": 4,"Actual Startup Time": 1.852,"Actual Total Time": 32.847,"Actual Rows": 177,"Actual Loops": 1,"Workers Planned": 2,"Workers Launched": 2,"Single Copy": false,"Plans": [{"Node Type": "Seq Scan","Parent Relationship": "Outer","Parallel Aware": true,"Async Capable": false,"Relation Name": "part","Alias": "part","Startup Cost": 0.00,"Total Cost": 5347.00,"Plan Rows": 89,"Plan Width": 4,"Actual Startup Time": 0.861,"Actual Total Time": 26.873,"Actual Rows": 59,"Actual Loops": 3,"Filter": "((p_brand = 'Brand#45'::bpchar) AND (p_container = 'WRAP CAN'::bpchar))","Rows Removed by Filter": 66608,"Workers": []}]}]},{"Node Type": "Aggregate","Strategy": "Plain","Partial Mode": "Simple","Parent Relationship": "SubPlan","Subplan Name": "SubPlan 1","Parallel Aware": false,"Async Capable": false,"Startup Cost": 127.60,"Total Cost": 127.61,"Plan Rows": 1,"Plan Width": 32,"Actual Startup Time": 0.123,"Actual Total Time": 0.124,"Actual Rows": 1,"Actual Loops": 5302,"Plans": [{"Node Type": "Bitmap Heap Scan","Parent Relationship": "Outer","Parallel Aware": false,"Async Capable": false,"Relation Name": "lineitem","Alias": "lineitem_1","Startup Cost": 4.67,"Total Cost": 127.52,"Plan Rows": 31,"Plan Width": 5,"Actual Startup Time": 0.013,"Actual Total Time": 0.116,"Actual Rows": 31,"Actual Loops": 5302,"Recheck Cond": "(l_partkey = part.p_partkey)","Rows Removed by Index Recheck": 0,"Exact Heap Blocks": 164262,"Lossy Heap Blocks": 0,"Plans": [{"Node Type": "Bitmap Index Scan","Parent Relationship": "Outer","Parallel Aware": false,"Async Capable": false,"Index Name": "idx_lineitem_part_supp","Startup Cost": 0.00,"Total Cost": 4.67,"Plan Rows": 31,"Plan Width": 0,"Actual Startup Time": 0.007,"Actual Total Time": 0.007,"Actual Rows": 31,"Actual Loops": 5302,"Index Cond": "(l_partkey = part.p_partkey)"}]}]}]}]},"Planning Time": 4.707,"Triggers": [],"Execution Time": 4748.786}]
[{"Plan": {"Node Type": "Aggregate","Strategy": "Plain","Partial Mode": "Simple","Parallel Aware": false,"Async Capable": false,"Startup Cost": 195919.52,"Total Cost": 195919.53,"Plan Rows": 1,"Plan Width": 32,"Actual Startup Time": 4822.158,"Actual Total Time": 4822.784,"Actual Rows": 1,"Actual Loops": 1,"Plans": [{"Node Type": "Hash Join","Parent Relationship": "Outer","Parallel Aware": false,"Async Capable": false,"Join Type": "Inner","Startup Cost": 6369.88,"Total Cost": 195914.43,"Plan Rows": 2034,"Plan Width": 8,"Actual Startup Time": 93.351,"Actual Total Time": 4822.300,"Actual Rows": 530,"Actual Loops": 1,"Inner Unique": true,"Hash Cond": "(lineitem.l_partkey = part.p_partkey)","Join Filter": "(lineitem.l_quantity < (SubPlan 1))","Rows Removed by Join Filter": 5370,"Plans": [{"Node Type": "Seq Scan","Parent Relationship": "Outer","Parallel Aware": false,"Async Capable": false,"Relation Name": "lineitem","Alias": "lineitem","Startup Cost": 0.00,"Total Cost": 172515.15,"Plan Rows": 6001215,"Plan Width": 17,"Actual Startup Time": 0.022,"Actual Total Time": 941.898,"Actual Rows": 6001215,"Actual Loops": 1},{"Node Type": "Hash","Parent Relationship": "Inner","Parallel Aware": false,"Async Capable": false,"Startup Cost": 6367.34,"Total Cost": 6367.34,"Plan Rows": 203,"Plan Width": 4,"Actual Startup Time": 30.572,"Actual Total Time": 31.164,"Actual Rows": 198,"Actual Loops": 1,"Hash Buckets": 1024,"Original Hash Buckets": 1024,"Hash Batches": 1,"Original Hash Batches": 1,"Peak Memory Usage": 15,"Plans": [{"Node Type": "Gather","Parent Relationship": "Outer","Parallel Aware": false,"Async Capable": false,"Startup Cost": 1000.00,"Total Cost": 6367.34,"Plan Rows": 203,"Plan Width": 4,"Actual Startup Time": 1.381,"Actual Total Time": 31.084,"Actual Rows": 198,"Actual Loops": 1,"Workers Planned": 2,"Workers Launched": 2,"Single Copy": false,"Plans": [{"Node Type": "Seq Scan","Parent Relationship": "Outer","Parallel Aware": true,"Async Capable": false,"Relation Name": "part","Alias": "part","Startup Cost": 0.00,"Total Cost": 5347.00,"Plan Rows": 85,"Plan Width": 4,"Actual Startup Time": 0.349,"Actual Total Time": 24.628,"Actual Rows": 66,"Actual Loops": 3,"Filter": "((p_brand = 'Brand#41'::bpchar) AND (p_container = 'WRAP BAG'::bpchar))","Rows Removed by Filter": 66601,"Workers": []}]}]},{"Node Type": "Aggregate","Strategy": "Plain","Partial Mode": "Simple","Parent Relationship": "SubPlan","Subplan Name": "SubPlan 1","Parallel Aware": false,"Async Capable": false,"Startup Cost": 127.60,"Total Cost": 127.61,"Plan Rows": 1,"Plan Width": 32,"Actual Startup Time": 0.124,"Actual Total Time": 0.124,"Actual Rows": 1,"Actual Loops": 5900,"Plans": [{"Node Type": "Bitmap Heap Scan","Parent Relationship": "Outer","Parallel Aware": false,"Async Capable": false,"Relation Name": "lineitem","Alias": "lineitem_1","Startup Cost": 4.67,"Total Cost": 127.52,"Plan Rows": 31,"Plan Width": 5,"Actual Startup Time": 0.014,"Actual Total Time": 0.117,"Actual Rows": 31,"Actual Loops": 5900,"Recheck Cond": "(l_partkey = part.p_partkey)","Rows Removed by Index Recheck": 0,"Exact Heap Blocks": 182656,"Lossy Heap Blocks": 0,"Plans": [{"Node Type": "Bitmap Index Scan","Parent Relationship": "Outer","Parallel Aware": false,"Async Capable": false,"Index Name": "idx_lineitem_part_supp","Startup Cost": 0.00,"Total Cost": 4.67,"Plan Rows": 31,"Plan Width": 0,"Actual Startup Time": 0.007,"Actual Total Time": 0.007,"Actual Rows": 31,"Actual Loops": 5900,"Index Cond": "(l_partkey = part.p_partkey)"}]}]}]}]},"Planning Time": 4.742,"Triggers": [],"Execution Time": 4823.123}]
[{"Plan": {"Node Type": "Aggregate","Strategy": "Plain","Partial Mode": "Simple","Parallel Aware": false,"Async Capable": false,"Startup Cost": 195918.00,"Total Cost": 195918.01,"Plan Rows": 1,"Plan Width": 32,"Actual Startup Time": 5005.474,"Actual Total Time": 5006.048,"Actual Rows": 1,"Actual Loops": 1,"Plans": [{"Node Type": "Hash Join","Parent Relationship": "Outer","Parallel Aware": false,"Async Capable": false,"Join Type": "Inner","Startup Cost": 6368.63,"Total Cost": 195913.19,"Plan Rows": 1923,"Plan Width": 8,"Actual Startup Time": 31.184,"Actual Total Time": 5005.779,"Actual Rows": 565,"Actual Loops": 1,"Inner Unique": true,"Hash Cond": "(lineitem.l_partkey = part.p_partkey)","Join Filter": "(lineitem.l_quantity < (SubPlan 1))","Rows Removed by Join Filter": 5863,"Plans": [{"Node Type": "Seq Scan","Parent Relationship": "Outer","Parallel Aware": false,"Async Capable": false,"Relation Name": "lineitem","Alias": "lineitem","Startup Cost": 0.00,"Total Cost": 172515.15,"Plan Rows": 6001215,"Plan Width": 17,"Actual Startup Time": 0.026,"Actual Total Time": 1020.617,"Actual Rows": 6001215,"Actual Loops": 1},{"Node Type": "Hash","Parent Relationship": "Inner","Parallel Aware": false,"Async Capable": false,"Startup Cost": 6366.23,"Total Cost": 6366.23,"Plan Rows": 192,"Plan Width": 4,"Actual Startup Time": 30.134,"Actual Total Time": 30.688,"Actual Rows": 212,"Actual Loops": 1,"Hash Buckets": 1024,"Original Hash Buckets": 1024,"Hash Batches": 1,"Original Hash Batches": 1,"Peak Memory Usage": 16,"Plans": [{"Node Type": "Gather","Parent Relationship": "Outer","Parallel Aware": false,"Async Capable": false,"Startup Cost": 1000.00,"Total Cost": 6366.23,"Plan Rows": 192,"Plan Width": 4,"Actual Startup Time": 1.215,"Actual Total Time": 30.621,"Actual Rows": 212,"Actual Loops": 1,"Workers Planned": 2,"Workers Launched": 2,"Single Copy": false,"Plans": [{"Node Type": "Seq Scan","Parent Relationship": "Outer","Parallel Aware": true,"Async Capable": false,"Relation Name": "part","Alias": "part","Startup Cost": 0.00,"Total Cost": 5347.00,"Plan Rows": 80,"Plan Width": 4,"Actual Startup Time": 0.841,"Actual Total Time": 23.842,"Actual Rows": 71,"Actual Loops": 3,"Filter": "((p_brand = 'Brand#52'::bpchar) AND (p_container = 'JUMBO BOX'::bpchar))","Rows Removed by Filter": 66596,"Workers": []}]}]},{"Node Type": "Aggregate","Strategy": "Plain","Partial Mode": "Simple","Parent Relationship": "SubPlan","Subplan Name": "SubPlan 1","Parallel Aware": false,"Async Capable": false,"Startup Cost": 127.60,"Total Cost": 127.61,"Plan Rows": 1,"Plan Width": 32,"Actual Startup Time": 0.147,"Actual Total Time": 0.147,"Actual Rows": 1,"Actual Loops": 6428,"Plans": [{"Node Type": "Bitmap Heap Scan","Parent Relationship": "Outer","Parallel Aware": false,"Async Capable": false,"Relation Name": "lineitem","Alias": "lineitem_1","Startup Cost": 4.67,"Total Cost": 127.52,"Plan Rows": 31,"Plan Width": 5,"Actual Startup Time": 0.014,"Actual Total Time": 0.139,"Actual Rows": 31,"Actual Loops": 6428,"Recheck Cond": "(l_partkey = part.p_partkey)","Rows Removed by Index Recheck": 0,"Exact Heap Blocks": 200814,"Lossy Heap Blocks": 0,"Plans": [{"Node Type": "Bitmap Index Scan","Parent Relationship": "Outer","Parallel Aware": false,"Async Capable": false,"Index Name": "idx_lineitem_part_supp","Startup Cost": 0.00,"Total Cost": 4.67,"Plan Rows": 31,"Plan Width": 0,"Actual Startup Time": 0.008,"Actual Total Time": 0.008,"Actual Rows": 31,"Actual Loops": 6428,"Index Cond": "(l_partkey = part.p_partkey)"}]}]}]}]},"Planning Time": 5.527,"Triggers": [],"Execution Time": 5006.386}]
[{"Plan": {"Node Type": "Aggregate","Strategy": "Plain","Partial Mode": "Simple","Parallel Aware": false,"Async Capable": false,"Startup Cost": 195917.08,"Total Cost": 195917.10,"Plan Rows": 1,"Plan Width": 32,"Actual Startup Time": 4800.238,"Actual Total Time": 4800.814,"Actual Rows": 1,"Actual Loops": 1,"Plans": [{"Node Type": "Hash Join","Parent Relationship": "Outer","Parallel Aware": false,"Async Capable": false,"Join Type": "Inner","Startup Cost": 6367.89,"Total Cost": 195912.44,"Plan Rows": 1857,"Plan Width": 8,"Actual Startup Time": 62.537,"Actual Total Time": 4800.519,"Actual Rows": 492,"Actual Loops": 1,"Inner Unique": true,"Hash Cond": "(lineitem.l_partkey = part.p_partkey)","Join Filter": "(lineitem.l_quantity < (SubPlan 1))","Rows Removed by Join Filter": 5069,"Plans": [{"Node Type": "Seq Scan","Parent Relationship": "Outer","Parallel Aware": false,"Async Capable": false,"Relation Name": "lineitem","Alias": "lineitem","Startup Cost": 0.00,"Total Cost": 172515.15,"Plan Rows": 6001215,"Plan Width": 17,"Actual Startup Time": 0.015,"Actual Total Time": 936.690,"Actual Rows": 6001215,"Actual Loops": 1},{"Node Type": "Hash","Parent Relationship": "Inner","Parallel Aware": false,"Async Capable": false,"Startup Cost": 6365.56,"Total Cost": 6365.56,"Plan Rows": 186,"Plan Width": 4,"Actual Startup Time": 29.792,"Actual Total Time": 30.352,"Actual Rows": 185,"Actual Loops": 1,"Hash Buckets": 1024,"Original Hash Buckets": 1024,"Hash Batches": 1,"Original Hash Batches": 1,"Peak Memory Usage": 15,"Plans": [{"Node Type": "Gather","Parent Relationship": "Outer","Parallel Aware": false,"Async Capable": false,"Startup Cost": 1000.00,"Total Cost": 6365.56,"Plan Rows": 186,"Plan Width": 4,"Actual Startup Time": 1.263,"Actual Total Time": 30.278,"Actual Rows": 185,"Actual Loops": 1,"Workers Planned": 2,"Workers Launched": 2,"Single Copy": false,"Plans": [{"Node Type": "Seq Scan","Parent Relationship": "Outer","Parallel Aware": true,"Async Capable": false,"Relation Name": "part","Alias": "part","Startup Cost": 0.00,"Total Cost": 5347.00,"Plan Rows": 77,"Plan Width": 4,"Actual Startup Time": 1.111,"Actual Total Time": 23.939,"Actual Rows": 62,"Actual Loops": 3,"Filter": "((p_brand = 'Brand#55'::bpchar) AND (p_container = 'LG DRUM'::bpchar))","Rows Removed by Filter": 66605,"Workers": []}]}]},{"Node Type": "Aggregate","Strategy": "Plain","Partial Mode": "Simple","Parent Relationship": "SubPlan","Subplan Name": "SubPlan 1","Parallel Aware": false,"Async Capable": false,"Startup Cost": 127.60,"Total Cost": 127.61,"Plan Rows": 1,"Plan Width": 32,"Actual Startup Time": 0.124,"Actual Total Time": 0.124,"Actual Rows": 1,"Actual Loops": 5561,"Plans": [{"Node Type": "Bitmap Heap Scan","Parent Relationship": "Outer","Parallel Aware": false,"Async Capable": false,"Relation Name": "lineitem","Alias": "lineitem_1","Startup Cost": 4.67,"Total Cost": 127.52,"Plan Rows": 31,"Plan Width": 5,"Actual Startup Time": 0.013,"Actual Total Time": 0.116,"Actual Rows": 31,"Actual Loops": 5561,"Recheck Cond": "(l_partkey = part.p_partkey)","Rows Removed by Index Recheck": 0,"Exact Heap Blocks": 173111,"Lossy Heap Blocks": 0,"Plans": [{"Node Type": "Bitmap Index Scan","Parent Relationship": "Outer","Parallel Aware": false,"Async Capable": false,"Index Name": "idx_lineitem_part_supp","Startup Cost": 0.00,"Total Cost": 4.67,"Plan Rows": 31,"Plan Width": 0,"Actual Startup Time": 0.007,"Actual Total Time": 0.007,"Actual Rows": 31,"Actual Loops": 5561,"Index Cond": "(l_partkey = part.p_partkey)"}]}]}]}]},"Planning Time": 5.582,"Triggers": [],"Execution Time": 4801.049}]
[{"Plan": {"Node Type": "Aggregate","Strategy": "Plain","Partial Mode": "Simple","Parallel Aware": false,"Async Capable": false,"Startup Cost": 195919.93,"Total Cost": 195919.95,"Plan Rows": 1,"Plan Width": 32,"Actual Startup Time": 4661.345,"Actual Total Time": 4662.030,"Actual Rows": 1,"Actual Loops": 1,"Plans": [{"Node Type": "Hash Join","Parent Relationship": "Outer","Parallel Aware": false,"Async Capable": false,"Join Type": "Inner","Startup Cost": 6370.22,"Total Cost": 195914.77,"Plan Rows": 2064,"Plan Width": 8,"Actual Startup Time": 34.475,"Actual Total Time": 4661.528,"Actual Rows": 426,"Actual Loops": 1,"Inner Unique": true,"Hash Cond": "(lineitem.l_partkey = part.p_partkey)","Join Filter": "(lineitem.l_quantity < (SubPlan 1))","Rows Removed by Join Filter": 4308,"Plans": [{"Node Type": "Seq Scan","Parent Relationship": "Outer","Parallel Aware": false,"Async Capable": false,"Relation Name": "lineitem","Alias": "lineitem","Startup Cost": 0.00,"Total Cost": 172515.15,"Plan Rows": 6001215,"Plan Width": 17,"Actual Startup Time": 0.021,"Actual Total Time": 945.816,"Actual Rows": 6001215,"Actual Loops": 1},{"Node Type": "Hash","Parent Relationship": "Inner","Parallel Aware": false,"Async Capable": false,"Startup Cost": 6367.64,"Total Cost": 6367.64,"Plan Rows": 206,"Plan Width": 4,"Actual Startup Time": 32.889,"Actual Total Time": 33.530,"Actual Rows": 159,"Actual Loops": 1,"Hash Buckets": 1024,"Original Hash Buckets": 1024,"Hash Batches": 1,"Original Hash Batches": 1,"Peak Memory Usage": 14,"Plans": [{"Node Type": "Gather","Parent Relationship": "Outer","Parallel Aware": false,"Async Capable": false,"Startup Cost": 1000.00,"Total Cost": 6367.64,"Plan Rows": 206,"Plan Width": 4,"Actual Startup Time": 2.462,"Actual Total Time": 33.407,"Actual Rows": 159,"Actual Loops": 1,"Workers Planned": 2,"Workers Launched": 2,"Single Copy": false,"Plans": [{"Node Type": "Seq Scan","Parent Relationship": "Outer","Parallel Aware": true,"Async Capable": false,"Relation Name": "part","Alias": "part","Startup Cost": 0.00,"Total Cost": 5347.00,"Plan Rows": 86,"Plan Width": 4,"Actual Startup Time": 1.860,"Actual Total Time": 27.335,"Actual Rows": 53,"Actual Loops": 3,"Filter": "((p_brand = 'Brand#42'::bpchar) AND (p_container = 'MED PACK'::bpchar))","Rows Removed by Filter": 66614,"Workers": []}]}]},{"Node Type": "Aggregate","Strategy": "Plain","Partial Mode": "Simple","Parent Relationship": "SubPlan","Subplan Name": "SubPlan 1","Parallel Aware": false,"Async Capable": false,"Startup Cost": 127.60,"Total Cost": 127.61,"Plan Rows": 1,"Plan Width": 32,"Actual Startup Time": 0.124,"Actual Total Time": 0.124,"Actual Rows": 1,"Actual Loops": 4734,"Plans": [{"Node Type": "Bitmap Heap Scan","Parent Relationship": "Outer","Parallel Aware": false,"Async Capable": false,"Relation Name": "lineitem","Alias": "lineitem_1","Startup Cost": 4.67,"Total Cost": 127.52,"Plan Rows": 31,"Plan Width": 5,"Actual Startup Time": 0.014,"Actual Total Time": 0.117,"Actual Rows": 31,"Actual Loops": 4734,"Recheck Cond": "(l_partkey = part.p_partkey)","Rows Removed by Index Recheck": 0,"Exact Heap Blocks": 145496,"Lossy Heap Blocks": 0,"Plans": [{"Node Type": "Bitmap Index Scan","Parent Relationship": "Outer","Parallel Aware": false,"Async Capable": false,"Index Name": "idx_lineitem_part_supp","Startup Cost": 0.00,"Total Cost": 4.67,"Plan Rows": 31,"Plan Width": 0,"Actual Startup Time": 0.007,"Actual Total Time": 0.007,"Actual Rows": 31,"Actual Loops": 4734,"Index Cond": "(l_partkey = part.p_partkey)"}]}]}]}]},"Planning Time": 4.840,"Triggers": [],"Execution Time": 4662.518}]
[{"Plan": {"Node Type": "Aggregate","Strategy": "Plain","Partial Mode": "Simple","Parallel Aware": false,"Async Capable": false,"Startup Cost": 195918.00,"Total Cost": 195918.01,"Plan Rows": 1,"Plan Width": 32,"Actual Startup Time": 5138.068,"Actual Total Time": 5138.811,"Actual Rows": 1,"Actual Loops": 1,"Plans": [{"Node Type": "Hash Join","Parent Relationship": "Outer","Parallel Aware": false,"Async Capable": false,"Join Type": "Inner","Startup Cost": 6368.64,"Total Cost": 195913.19,"Plan Rows": 1924,"Plan Width": 8,"Actual Startup Time": 52.602,"Actual Total Time": 5138.383,"Actual Rows": 594,"Actual Loops": 1,"Inner Unique": true,"Hash Cond": "(lineitem.l_partkey = part.p_partkey)","Join Filter": "(lineitem.l_quantity < (SubPlan 1))","Rows Removed by Join Filter": 6333,"Plans": [{"Node Type": "Seq Scan","Parent Relationship": "Outer","Parallel Aware": false,"Async Capable": false,"Relation Name": "lineitem","Alias": "lineitem","Startup Cost": 0.00,"Total Cost": 172515.15,"Plan Rows": 6001215,"Plan Width": 17,"Actual Startup Time": 0.011,"Actual Total Time": 1000.372,"Actual Rows": 6001215,"Actual Loops": 1},{"Node Type": "Hash","Parent Relationship": "Inner","Parallel Aware": false,"Async Capable": false,"Startup Cost": 6366.23,"Total Cost": 6366.23,"Plan Rows": 192,"Plan Width": 4,"Actual Startup Time": 33.507,"Actual Total Time": 34.212,"Actual Rows": 225,"Actual Loops": 1,"Hash Buckets": 1024,"Original Hash Buckets": 1024,"Hash Batches": 1,"Original Hash Batches": 1,"Peak Memory Usage": 16,"Plans": [{"Node Type": "Gather","Parent Relationship": "Outer","Parallel Aware": false,"Async Capable": false,"Startup Cost": 1000.00,"Total Cost": 6366.23,"Plan Rows": 192,"Plan Width": 4,"Actual Startup Time": 0.568,"Actual Total Time": 34.158,"Actual Rows": 225,"Actual Loops": 1,"Workers Planned": 2,"Workers Launched": 2,"Single Copy": false,"Plans": [{"Node Type": "Seq Scan","Parent Relationship": "Outer","Parallel Aware": true,"Async Capable": false,"Relation Name": "part","Alias": "part","Startup Cost": 0.00,"Total Cost": 5347.00,"Plan Rows": 80,"Plan Width": 4,"Actual Startup Time": 2.079,"Actual Total Time": 27.960,"Actual Rows": 75,"Actual Loops": 3,"Filter": "((p_brand = 'Brand#35'::bpchar) AND (p_container = 'SM CASE'::bpchar))","Rows Removed by Filter": 66592,"Workers": []}]}]},{"Node Type": "Aggregate","Strategy": "Plain","Partial Mode": "Simple","Parent Relationship": "SubPlan","Subplan Name": "SubPlan 1","Parallel Aware": false,"Async Capable": false,"Startup Cost": 127.60,"Total Cost": 127.61,"Plan Rows": 1,"Plan Width": 32,"Actual Startup Time": 0.141,"Actual Total Time": 0.141,"Actual Rows": 1,"Actual Loops": 6927,"Plans": [{"Node Type": "Bitmap Heap Scan","Parent Relationship": "Outer","Parallel Aware": false,"Async Capable": false,"Relation Name": "lineitem","Alias": "lineitem_1","Startup Cost": 4.67,"Total Cost": 127.52,"Plan Rows": 31,"Plan Width": 5,"Actual Startup Time": 0.014,"Actual Total Time": 0.134,"Actual Rows": 32,"Actual Loops": 6927,"Recheck Cond": "(l_partkey = part.p_partkey)","Rows Removed by Index Recheck": 0,"Exact Heap Blocks": 220329,"Lossy Heap Blocks": 0,"Plans": [{"Node Type": "Bitmap Index Scan","Parent Relationship": "Outer","Parallel Aware": false,"Async Capable": false,"Index Name": "idx_lineitem_part_supp","Startup Cost": 0.00,"Total Cost": 4.67,"Plan Rows": 31,"Plan Width": 0,"Actual Startup Time": 0.008,"Actual Total Time": 0.008,"Actual Rows": 32,"Actual Loops": 6927,"Index Cond": "(l_partkey = part.p_partkey)"}]}]}]}]},"Planning Time": 4.333,"Triggers": [],"Execution Time": 5139.192}]
[{"Plan": {"Node Type": "Aggregate","Strategy": "Plain","Partial Mode": "Simple","Parallel Aware": false,"Async Capable": false,"Startup Cost": 195917.00,"Total Cost": 195917.01,"Plan Rows": 1,"Plan Width": 32,"Actual Startup Time": 5169.769,"Actual Total Time": 5170.362,"Actual Rows": 1,"Actual Loops": 1,"Plans": [{"Node Type": "Hash Join","Parent Relationship": "Outer","Parallel Aware": false,"Async Capable": false,"Join Type": "Inner","Startup Cost": 6367.82,"Total Cost": 195912.37,"Plan Rows": 1851,"Plan Width": 8,"Actual Startup Time": 34.757,"Actual Total Time": 5169.975,"Actual Rows": 553,"Actual Loops": 1,"Inner Unique": true,"Hash Cond": "(lineitem.l_partkey = part.p_partkey)","Join Filter": "(lineitem.l_quantity < (SubPlan 1))","Rows Removed by Join Filter": 6024,"Plans": [{"Node Type": "Seq Scan","Parent Relationship": "Outer","Parallel Aware": false,"Async Capable": false,"Relation Name": "lineitem","Alias": "lineitem","Startup Cost": 0.00,"Total Cost": 172515.15,"Plan Rows": 6001215,"Plan Width": 17,"Actual Startup Time": 0.018,"Actual Total Time": 1026.779,"Actual Rows": 6001215,"Actual Loops": 1},{"Node Type": "Hash","Parent Relationship": "Inner","Parallel Aware": false,"Async Capable": false,"Startup Cost": 6365.50,"Total Cost": 6365.50,"Plan Rows": 185,"Plan Width": 4,"Actual Startup Time": 30.098,"Actual Total Time": 30.670,"Actual Rows": 215,"Actual Loops": 1,"Hash Buckets": 1024,"Original Hash Buckets": 1024,"Hash Batches": 1,"Original Hash Batches": 1,"Peak Memory Usage": 16,"Plans": [{"Node Type": "Gather","Parent Relationship": "Outer","Parallel Aware": false,"Async Capable": false,"Startup Cost": 1000.00,"Total Cost": 6365.50,"Plan Rows": 185,"Plan Width": 4,"Actual Startup Time": 2.078,"Actual Total Time": 30.605,"Actual Rows": 215,"Actual Loops": 1,"Workers Planned": 2,"Workers Launched": 2,"Single Copy": false,"Plans": [{"Node Type": "Seq Scan","Parent Relationship": "Outer","Parallel Aware": true,"Async Capable": false,"Relation Name": "part","Alias": "part","Startup Cost": 0.00,"Total Cost": 5347.00,"Plan Rows": 77,"Plan Width": 4,"Actual Startup Time": 0.679,"Actual Total Time": 24.607,"Actual Rows": 72,"Actual Loops": 3,"Filter": "((p_brand = 'Brand#23'::bpchar) AND (p_container = 'JUMBO CASE'::bpchar))","Rows Removed by Filter": 66595,"Workers": []}]}]},{"Node Type": "Aggregate","Strategy": "Plain","Partial Mode": "Simple","Parent Relationship": "SubPlan","Subplan Name": "SubPlan 1","Parallel Aware": false,"Async Capable": false,"Startup Cost": 127.60,"Total Cost": 127.61,"Plan Rows": 1,"Plan Width": 32,"Actual Startup Time": 0.146,"Actual Total Time": 0.146,"Actual Rows": 1,"Actual Loops": 6577,"Plans": [{"Node Type": "Bitmap Heap Scan","Parent Relationship": "Outer","Parallel Aware": false,"Async Capable": false,"Relation Name": "lineitem","Alias": "lineitem_1","Startup Cost": 4.67,"Total Cost": 127.52,"Plan Rows": 31,"Plan Width": 5,"Actual Startup Time": 0.014,"Actual Total Time": 0.138,"Actual Rows": 32,"Actual Loops": 6577,"Recheck Cond": "(l_partkey = part.p_partkey)","Rows Removed by Index Recheck": 0,"Exact Heap Blocks": 207493,"Lossy Heap Blocks": 0,"Plans": [{"Node Type": "Bitmap Index Scan","Parent Relationship": "Outer","Parallel Aware": false,"Async Capable": false,"Index Name": "idx_lineitem_part_supp","Startup Cost": 0.00,"Total Cost": 4.67,"Plan Rows": 31,"Plan Width": 0,"Actual Startup Time": 0.008,"Actual Total Time": 0.008,"Actual Rows": 32,"Actual Loops": 6577,"Index Cond": "(l_partkey = part.p_partkey)"}]}]}]}]},"Planning Time": 4.824,"Triggers": [],"Execution Time": 5170.635}]
[{"Plan": {"Node Type": "Aggregate","Strategy": "Plain","Partial Mode": "Simple","Parallel Aware": false,"Async Capable": false,"Startup Cost": 195920.15,"Total Cost": 195920.16,"Plan Rows": 1,"Plan Width": 32,"Actual Startup Time": 4875.970,"Actual Total Time": 4876.711,"Actual Rows": 1,"Actual Loops": 1,"Plans": [{"Node Type": "Hash Join","Parent Relationship": "Outer","Parallel Aware": false,"Async Capable": false,"Join Type": "Inner","Startup Cost": 6370.39,"Total Cost": 195914.95,"Plan Rows": 2080,"Plan Width": 8,"Actual Startup Time": 34.010,"Actual Total Time": 4876.527,"Actual Rows": 508,"Actual Loops": 1,"Inner Unique": true,"Hash Cond": "(lineitem.l_partkey = part.p_partkey)","Join Filter": "(lineitem.l_quantity < (SubPlan 1))","Rows Removed by Join Filter": 5390,"Plans": [{"Node Type": "Seq Scan","Parent Relationship": "Outer","Parallel Aware": false,"Async Capable": false,"Relation Name": "lineitem","Alias": "lineitem","Startup Cost": 0.00,"Total Cost": 172515.15,"Plan Rows": 6001215,"Plan Width": 17,"Actual Startup Time": 0.018,"Actual Total Time": 1012.997,"Actual Rows": 6001215,"Actual Loops": 1},{"Node Type": "Hash","Parent Relationship": "Inner","Parallel Aware": false,"Async Capable": false,"Startup Cost": 6367.79,"Total Cost": 6367.79,"Plan Rows": 208,"Plan Width": 4,"Actual Startup Time": 32.339,"Actual Total Time": 33.071,"Actual Rows": 196,"Actual Loops": 1,"Hash Buckets": 1024,"Original Hash Buckets": 1024,"Hash Batches": 1,"Original Hash Batches": 1,"Peak Memory Usage": 15,"Plans": [{"Node Type": "Gather","Parent Relationship": "Outer","Parallel Aware": false,"Async Capable": false,"Startup Cost": 1000.00,"Total Cost": 6367.79,"Plan Rows": 208,"Plan Width": 4,"Actual Startup Time": 1.639,"Actual Total Time": 33.005,"Actual Rows": 196,"Actual Loops": 1,"Workers Planned": 2,"Workers Launched": 2,"Single Copy": false,"Plans": [{"Node Type": "Seq Scan","Parent Relationship": "Outer","Parallel Aware": true,"Async Capable": false,"Relation Name": "part","Alias": "part","Startup Cost": 0.00,"Total Cost": 5347.00,"Plan Rows": 87,"Plan Width": 4,"Actual Startup Time": 0.442,"Actual Total Time": 26.049,"Actual Rows": 65,"Actual Loops": 3,"Filter": "((p_brand = 'Brand#55'::bpchar) AND (p_container = 'WRAP CAN'::bpchar))","Rows Removed by Filter": 66601,"Workers": []}]}]},{"Node Type": "Aggregate","Strategy": "Plain","Partial Mode": "Simple","Parent Relationship": "SubPlan","Subplan Name": "SubPlan 1","Parallel Aware": false,"Async Capable": false,"Startup Cost": 127.60,"Total Cost": 127.61,"Plan Rows": 1,"Plan Width": 32,"Actual Startup Time": 0.145,"Actual Total Time": 0.145,"Actual Rows": 1,"Actual Loops": 5898,"Plans": [{"Node Type": "Bitmap Heap Scan","Parent Relationship": "Outer","Parallel Aware": false,"Async Capable": false,"Relation Name": "lineitem","Alias": "lineitem_1","Startup Cost": 4.67,"Total Cost": 127.52,"Plan Rows": 31,"Plan Width": 5,"Actual Startup Time": 0.014,"Actual Total Time": 0.137,"Actual Rows": 31,"Actual Loops": 5898,"Recheck Cond": "(l_partkey = part.p_partkey)","Rows Removed by Index Recheck": 0,"Exact Heap Blocks": 184474,"Lossy Heap Blocks": 0,"Plans": [{"Node Type": "Bitmap Index Scan","Parent Relationship": "Outer","Parallel Aware": false,"Async Capable": false,"Index Name": "idx_lineitem_part_supp","Startup Cost": 0.00,"Total Cost": 4.67,"Plan Rows": 31,"Plan Width": 0,"Actual Startup Time": 0.008,"Actual Total Time": 0.008,"Actual Rows": 31,"Actual Loops": 5898,"Index Cond": "(l_partkey = part.p_partkey)"}]}]}]}]},"Planning Time": 4.614,"Triggers": [],"Execution Time": 4876.972}]
[{"Plan": {"Node Type": "Aggregate","Strategy": "Plain","Partial Mode": "Simple","Parallel Aware": false,"Async Capable": false,"Startup Cost": 195918.96,"Total Cost": 195918.97,"Plan Rows": 1,"Plan Width": 32,"Actual Startup Time": 4862.655,"Actual Total Time": 4863.084,"Actual Rows": 1,"Actual Loops": 1,"Plans": [{"Node Type": "Hash Join","Parent Relationship": "Outer","Parallel Aware": false,"Async Capable": false,"Join Type": "Inner","Startup Cost": 6369.42,"Total Cost": 195913.97,"Plan Rows": 1993,"Plan Width": 8,"Actual Startup Time": 62.256,"Actual Total Time": 4862.888,"Actual Rows": 533,"Actual Loops": 1,"Inner Unique": true,"Hash Cond": "(lineitem.l_partkey = part.p_partkey)","Join Filter": "(lineitem.l_quantity < (SubPlan 1))","Rows Removed by Join Filter": 5262,"Plans": [{"Node Type": "Seq Scan","Parent Relationship": "Outer","Parallel Aware": false,"Async Capable": false,"Relation Name": "lineitem","Alias": "lineitem","Startup Cost": 0.00,"Total Cost": 172515.15,"Plan Rows": 6001215,"Plan Width": 17,"Actual Startup Time": 0.014,"Actual Total Time": 948.221,"Actual Rows": 6001215,"Actual Loops": 1},{"Node Type": "Hash","Parent Relationship": "Inner","Parallel Aware": false,"Async Capable": false,"Startup Cost": 6366.93,"Total Cost": 6366.93,"Plan Rows": 199,"Plan Width": 4,"Actual Startup Time": 31.789,"Actual Total Time": 32.199,"Actual Rows": 194,"Actual Loops": 1,"Hash Buckets": 1024,"Original Hash Buckets": 1024,"Hash Batches": 1,"Original Hash Batches": 1,"Peak Memory Usage": 15,"Plans": [{"Node Type": "Gather","Parent Relationship": "Outer","Parallel Aware": false,"Async Capable": false,"Startup Cost": 1000.00,"Total Cost": 6366.93,"Plan Rows": 199,"Plan Width": 4,"Actual Startup Time": 4.511,"Actual Total Time": 32.135,"Actual Rows": 194,"Actual Loops": 1,"Workers Planned": 2,"Workers Launched": 2,"Single Copy": false,"Plans": [{"Node Type": "Seq Scan","Parent Relationship": "Outer","Parallel Aware": true,"Async Capable": false,"Relation Name": "part","Alias": "part","Startup Cost": 0.00,"Total Cost": 5347.00,"Plan Rows": 83,"Plan Width": 4,"Actual Startup Time": 3.173,"Actual Total Time": 26.115,"Actual Rows": 65,"Actual Loops": 3,"Filter": "((p_brand = 'Brand#22'::bpchar) AND (p_container = 'WRAP CASE'::bpchar))","Rows Removed by Filter": 66602,"Workers": []}]}]},{"Node Type": "Aggregate","Strategy": "Plain","Partial Mode": "Simple","Parent Relationship": "SubPlan","Subplan Name": "SubPlan 1","Parallel Aware": false,"Async Capable": false,"Startup Cost": 127.60,"Total Cost": 127.61,"Plan Rows": 1,"Plan Width": 32,"Actual Startup Time": 0.121,"Actual Total Time": 0.121,"Actual Rows": 1,"Actual Loops": 5795,"Plans": [{"Node Type": "Bitmap Heap Scan","Parent Relationship": "Outer","Parallel Aware": false,"Async Capable": false,"Relation Name": "lineitem","Alias": "lineitem_1","Startup Cost": 4.67,"Total Cost": 127.52,"Plan Rows": 31,"Plan Width": 5,"Actual Startup Time": 0.013,"Actual Total Time": 0.113,"Actual Rows": 31,"Actual Loops": 5795,"Recheck Cond": "(l_partkey = part.p_partkey)","Rows Removed by Index Recheck": 0,"Exact Heap Blocks": 178147,"Lossy Heap Blocks": 0,"Plans": [{"Node Type": "Bitmap Index Scan","Parent Relationship": "Outer","Parallel Aware": false,"Async Capable": false,"Index Name": "idx_lineitem_part_supp","Startup Cost": 0.00,"Total Cost": 4.67,"Plan Rows": 31,"Plan Width": 0,"Actual Startup Time": 0.007,"Actual Total Time": 0.007,"Actual Rows": 31,"Actual Loops": 5795,"Index Cond": "(l_partkey = part.p_partkey)"}]}]}]}]},"Planning Time": 5.012,"Triggers": [],"Execution Time": 4863.438}]
[{"Plan": {"Node Type": "Aggregate","Strategy": "Plain","Partial Mode": "Simple","Parallel Aware": false,"Async Capable": false,"Startup Cost": 195919.21,"Total Cost": 195919.22,"Plan Rows": 1,"Plan Width": 32,"Actual Startup Time": 5023.622,"Actual Total Time": 5024.125,"Actual Rows": 1,"Actual Loops": 1,"Plans": [{"Node Type": "Hash Join","Parent Relationship": "Outer","Parallel Aware": false,"Async Capable": false,"Join Type": "Inner","Startup Cost": 6369.62,"Total Cost": 195914.18,"Plan Rows": 2011,"Plan Width": 8,"Actual Startup Time": 39.049,"Actual Total Time": 5023.930,"Actual Rows": 527,"Actual Loops": 1,"Inner Unique": true,"Hash Cond": "(lineitem.l_partkey = part.p_partkey)","Join Filter": "(lineitem.l_quantity < (SubPlan 1))","Rows Removed by Join Filter": 5936,"Plans": [{"Node Type": "Seq Scan","Parent Relationship": "Outer","Parallel Aware": false,"Async Capable": false,"Relation Name": "lineitem","Alias": "lineitem","Startup Cost": 0.00,"Total Cost": 172515.15,"Plan Rows": 6001215,"Plan Width": 17,"Actual Startup Time": 0.016,"Actual Total Time": 1034.015,"Actual Rows": 6001215,"Actual Loops": 1},{"Node Type": "Hash","Parent Relationship": "Inner","Parallel Aware": false,"Async Capable": false,"Startup Cost": 6367.11,"Total Cost": 6367.11,"Plan Rows": 201,"Plan Width": 4,"Actual Startup Time": 29.713,"Actual Total Time": 30.198,"Actual Rows": 215,"Actual Loops": 1,"Hash Buckets": 1024,"Original Hash Buckets": 1024,"Hash Batches": 1,"Original Hash Batches": 1,"Peak Memory Usage": 16,"Plans": [{"Node Type": "Gather","Parent Relationship": "Outer","Parallel Aware": false,"Async Capable": false,"Startup Cost": 1000.00,"Total Cost": 6367.11,"Plan Rows": 201,"Plan Width": 4,"Actual Startup Time": 2.411,"Actual Total Time": 30.127,"Actual Rows": 215,"Actual Loops": 1,"Workers Planned": 2,"Workers Launched": 2,"Single Copy": false,"Plans": [{"Node Type": "Seq Scan","Parent Relationship": "Outer","Parallel Aware": true,"Async Capable": false,"Relation Name": "part","Alias": "part","Startup Cost": 0.00,"Total Cost": 5347.00,"Plan Rows": 84,"Plan Width": 4,"Actual Startup Time": 1.014,"Actual Total Time": 24.456,"Actual Rows": 72,"Actual Loops": 3,"Filter": "((p_brand = 'Brand#45'::bpchar) AND (p_container = 'JUMBO PKG'::bpchar))","Rows Removed by Filter": 66595,"Workers": []}]}]},{"Node Type": "Aggregate","Strategy": "Plain","Partial Mode": "Simple","Parent Relationship": "SubPlan","Subplan Name": "SubPlan 1","Parallel Aware": false,"Async Capable": false,"Startup Cost": 127.60,"Total Cost": 127.61,"Plan Rows": 1,"Plan Width": 32,"Actual Startup Time": 0.143,"Actual Total Time": 0.143,"Actual Rows": 1,"Actual Loops": 6463,"Plans": [{"Node Type": "Bitmap Heap Scan","Parent Relationship": "Outer","Parallel Aware": false,"Async Capable": false,"Relation Name": "lineitem","Alias": "lineitem_1","Startup Cost": 4.67,"Total Cost": 127.52,"Plan Rows": 31,"Plan Width": 5,"Actual Startup Time": 0.014,"Actual Total Time": 0.136,"Actual Rows": 31,"Actual Loops": 6463,"Recheck Cond": "(l_partkey = part.p_partkey)","Rows Removed by Index Recheck": 0,"Exact Heap Blocks": 200511,"Lossy Heap Blocks": 0,"Plans": [{"Node Type": "Bitmap Index Scan","Parent Relationship": "Outer","Parallel Aware": false,"Async Capable": false,"Index Name": "idx_lineitem_part_supp","Startup Cost": 0.00,"Total Cost": 4.67,"Plan Rows": 31,"Plan Width": 0,"Actual Startup Time": 0.008,"Actual Total Time": 0.008,"Actual Rows": 31,"Actual Loops": 6463,"Index Cond": "(l_partkey = part.p_partkey)"}]}]}]}]},"Planning Time": 5.322,"Triggers": [],"Execution Time": 5024.362}]
[{"Plan": {"Node Type": "Aggregate","Strategy": "Plain","Partial Mode": "Simple","Parallel Aware": false,"Async Capable": false,"Startup Cost": 195920.60,"Total Cost": 195920.61,"Plan Rows": 1,"Plan Width": 32,"Actual Startup Time": 4847.721,"Actual Total Time": 4848.348,"Actual Rows": 1,"Actual Loops": 1,"Plans": [{"Node Type": "Hash Join","Parent Relationship": "Outer","Parallel Aware": false,"Async Capable": false,"Join Type": "Inner","Startup Cost": 6370.76,"Total Cost": 195915.31,"Plan Rows": 2113,"Plan Width": 8,"Actual Startup Time": 55.862,"Actual Total Time": 4848.003,"Actual Rows": 504,"Actual Loops": 1,"Inner Unique": true,"Hash Cond": "(lineitem.l_partkey = part.p_partkey)","Join Filter": "(lineitem.l_quantity < (SubPlan 1))","Rows Removed by Join Filter": 5310,"Plans": [{"Node Type": "Seq Scan","Parent Relationship": "Outer","Parallel Aware": false,"Async Capable": false,"Relation Name": "lineitem","Alias": "lineitem","Startup Cost": 0.00,"Total Cost": 172515.15,"Plan Rows": 6001215,"Plan Width": 17,"Actual Startup Time": 0.017,"Actual Total Time": 980.924,"Actual Rows": 6001215,"Actual Loops": 1},{"Node Type": "Hash","Parent Relationship": "Inner","Parallel Aware": false,"Async Capable": false,"Startup Cost": 6368.12,"Total Cost": 6368.12,"Plan Rows": 211,"Plan Width": 4,"Actual Startup Time": 30.696,"Actual Total Time": 31.292,"Actual Rows": 191,"Actual Loops": 1,"Hash Buckets": 1024,"Original Hash Buckets": 1024,"Hash Batches": 1,"Original Hash Batches": 1,"Peak Memory Usage": 15,"Plans": [{"Node Type": "Gather","Parent Relationship": "Outer","Parallel Aware": false,"Async Capable": false,"Startup Cost": 1000.00,"Total Cost": 6368.12,"Plan Rows": 211,"Plan Width": 4,"Actual Startup Time": 1.379,"Actual Total Time": 31.215,"Actual Rows": 191,"Actual Loops": 1,"Workers Planned": 2,"Workers Launched": 2,"Single Copy": false,"Plans": [{"Node Type": "Seq Scan","Parent Relationship": "Outer","Parallel Aware": true,"Async Capable": false,"Relation Name": "part","Alias": "part","Startup Cost": 0.00,"Total Cost": 5347.00,"Plan Rows": 88,"Plan Width": 4,"Actual Startup Time": 1.716,"Actual Total Time": 25.166,"Actual Rows": 64,"Actual Loops": 3,"Filter": "((p_brand = 'Brand#41'::bpchar) AND (p_container = 'MED CAN'::bpchar))","Rows Removed by Filter": 66603,"Workers": []}]}]},{"Node Type": "Aggregate","Strategy": "Plain","Partial Mode": "Simple","Parent Relationship": "SubPlan","Subplan Name": "SubPlan 1","Parallel Aware": false,"Async Capable": false,"Startup Cost": 127.60,"Total Cost": 127.61,"Plan Rows": 1,"Plan Width": 32,"Actual Startup Time": 0.124,"Actual Total Time": 0.124,"Actual Rows": 1,"Actual Loops": 5814,"Plans": [{"Node Type": "Bitmap Heap Scan","Parent Relationship": "Outer","Parallel Aware": false,"Async Capable": false,"Relation Name": "lineitem","Alias": "lineitem_1","Startup Cost": 4.67,"Total Cost": 127.52,"Plan Rows": 31,"Plan Width": 5,"Actual Startup Time": 0.013,"Actual Total Time": 0.116,"Actual Rows": 31,"Actual Loops": 5814,"Recheck Cond": "(l_partkey = part.p_partkey)","Rows Removed by Index Recheck": 0,"Exact Heap Blocks": 182018,"Lossy Heap Blocks": 0,"Plans": [{"Node Type": "Bitmap Index Scan","Parent Relationship": "Outer","Parallel Aware": false,"Async Capable": false,"Index Name": "idx_lineitem_part_supp","Startup Cost": 0.00,"Total Cost": 4.67,"Plan Rows": 31,"Plan Width": 0,"Actual Startup Time": 0.007,"Actual Total Time": 0.007,"Actual Rows": 31,"Actual Loops": 5814,"Index Cond": "(l_partkey = part.p_partkey)"}]}]}]}]},"Planning Time": 5.446,"Triggers": [],"Execution Time": 4848.748}]
[{"Plan": {"Node Type": "Aggregate","Strategy": "Plain","Partial Mode": "Simple","Parallel Aware": false,"Async Capable": false,"Startup Cost": 195919.86,"Total Cost": 195919.87,"Plan Rows": 1,"Plan Width": 32,"Actual Startup Time": 4885.398,"Actual Total Time": 4885.981,"Actual Rows": 1,"Actual Loops": 1,"Plans": [{"Node Type": "Hash Join","Parent Relationship": "Outer","Parallel Aware": false,"Async Capable": false,"Join Type": "Inner","Startup Cost": 6370.16,"Total Cost": 195914.71,"Plan Rows": 2059,"Plan Width": 8,"Actual Startup Time": 40.156,"Actual Total Time": 4885.783,"Actual Rows": 546,"Actual Loops": 1,"Inner Unique": true,"Hash Cond": "(lineitem.l_partkey = part.p_partkey)","Join Filter": "(lineitem.l_quantity < (SubPlan 1))","Rows Removed by Join Filter": 5462,"Plans": [{"Node Type": "Seq Scan","Parent Relationship": "Outer","Parallel Aware": false,"Async Capable": false,"Relation Name": "lineitem","Alias": "lineitem","Startup Cost": 0.00,"Total Cost": 172515.15,"Plan Rows": 6001215,"Plan Width": 17,"Actual Startup Time": 0.016,"Actual Total Time": 1024.600,"Actual Rows": 6001215,"Actual Loops": 1},{"Node Type": "Hash","Parent Relationship": "Inner","Parallel Aware": false,"Async Capable": false,"Startup Cost": 6367.58,"Total Cost": 6367.58,"Plan Rows": 206,"Plan Width": 4,"Actual Startup Time": 33.275,"Actual Total Time": 33.846,"Actual Rows": 199,"Actual Loops": 1,"Hash Buckets": 1024,"Original Hash Buckets": 1024,"Hash Batches": 1,"Original Hash Batches": 1,"Peak Memory Usage": 15,"Plans": [{"Node Type": "Gather","Parent Relationship": "Outer","Parallel Aware": false,"Async Capable": false,"Startup Cost": 1000.00,"Total Cost": 6367.58,"Plan Rows": 206,"Plan Width": 4,"Actual Startup Time": 2.212,"Actual Total Time": 33.799,"Actual Rows": 199,"Actual Loops": 1,"Workers Planned": 2,"Workers Launched": 2,"Single Copy": false,"Plans": [{"Node Type": "Seq Scan","Parent Relationship": "Outer","Parallel Aware": true,"Async Capable": false,"Relation Name": "part","Alias": "part","Startup Cost": 0.00,"Total Cost": 5347.00,"Plan Rows": 86,"Plan Width": 4,"Actual Startup Time": 0.847,"Actual Total Time": 27.229,"Actual Rows": 66,"Actual Loops": 3,"Filter": "((p_brand = 'Brand#51'::bpchar) AND (p_container = 'MED CAN'::bpchar))","Rows Removed by Filter": 66600,"Workers": []}]}]},{"Node Type": "Aggregate","Strategy": "Plain","Partial Mode": "Simple","Parent Relationship": "SubPlan","Subplan Name": "SubPlan 1","Parallel Aware": false,"Async Capable": false,"Startup Cost": 127.60,"Total Cost": 127.61,"Plan Rows": 1,"Plan Width": 32,"Actual Startup Time": 0.133,"Actual Total Time": 0.133,"Actual Rows": 1,"Actual Loops": 6008,"Plans": [{"Node Type": "Bitmap Heap Scan","Parent Relationship": "Outer","Parallel Aware": false,"Async Capable": false,"Relation Name": "lineitem","Alias": "lineitem_1","Startup Cost": 4.67,"Total Cost": 127.52,"Plan Rows": 31,"Plan Width": 5,"Actual Startup Time": 0.014,"Actual Total Time": 0.126,"Actual Rows": 31,"Actual Loops": 6008,"Recheck Cond": "(l_partkey = part.p_partkey)","Rows Removed by Index Recheck": 0,"Exact Heap Blocks": 187865,"Lossy Heap Blocks": 0,"Plans": [{"Node Type": "Bitmap Index Scan","Parent Relationship": "Outer","Parallel Aware": false,"Async Capable": false,"Index Name": "idx_lineitem_part_supp","Startup Cost": 0.00,"Total Cost": 4.67,"Plan Rows": 31,"Plan Width": 0,"Actual Startup Time": 0.008,"Actual Total Time": 0.008,"Actual Rows": 31,"Actual Loops": 6008,"Index Cond": "(l_partkey = part.p_partkey)"}]}]}]}]},"Planning Time": 4.689,"Triggers": [],"Execution Time": 4886.249}]
[{"Plan": {"Node Type": "Aggregate","Strategy": "Plain","Partial Mode": "Simple","Parallel Aware": false,"Async Capable": false,"Startup Cost": 195918.50,"Total Cost": 195918.51,"Plan Rows": 1,"Plan Width": 32,"Actual Startup Time": 4860.744,"Actual Total Time": 4861.480,"Actual Rows": 1,"Actual Loops": 1,"Plans": [{"Node Type": "Hash Join","Parent Relationship": "Outer","Parallel Aware": false,"Async Capable": false,"Join Type": "Inner","Startup Cost": 6369.04,"Total Cost": 195913.59,"Plan Rows": 1960,"Plan Width": 8,"Actual Startup Time": 87.063,"Actual Total Time": 4861.138,"Actual Rows": 485,"Actual Loops": 1,"Inner Unique": true,"Hash Cond": "(lineitem.l_partkey = part.p_partkey)","Join Filter": "(lineitem.l_quantity < (SubPlan 1))","Rows Removed by Join Filter": 5351,"Plans": [{"Node Type": "Seq Scan","Parent Relationship": "Outer","Parallel Aware": false,"Async Capable": false,"Relation Name": "lineitem","Alias": "lineitem","Startup Cost": 0.00,"Total Cost": 172515.15,"Plan Rows": 6001215,"Plan Width": 17,"Actual Startup Time": 0.017,"Actual Total Time": 985.025,"Actual Rows": 6001215,"Actual Loops": 1},{"Node Type": "Hash","Parent Relationship": "Inner","Parallel Aware": false,"Async Capable": false,"Startup Cost": 6366.59,"Total Cost": 6366.59,"Plan Rows": 196,"Plan Width": 4,"Actual Startup Time": 31.416,"Actual Total Time": 32.114,"Actual Rows": 198,"Actual Loops": 1,"Hash Buckets": 1024,"Original Hash Buckets": 1024,"Hash Batches": 1,"Original Hash Batches": 1,"Peak Memory Usage": 15,"Plans": [{"Node Type": "Gather","Parent Relationship": "Outer","Parallel Aware": false,"Async Capable": false,"Startup Cost": 1000.00,"Total Cost": 6366.59,"Plan Rows": 196,"Plan Width": 4,"Actual Startup Time": 2.942,"Actual Total Time": 32.040,"Actual Rows": 198,"Actual Loops": 1,"Workers Planned": 2,"Workers Launched": 2,"Single Copy": false,"Plans": [{"Node Type": "Seq Scan","Parent Relationship": "Outer","Parallel Aware": true,"Async Capable": false,"Relation Name": "part","Alias": "part","Startup Cost": 0.00,"Total Cost": 5347.00,"Plan Rows": 82,"Plan Width": 4,"Actual Startup Time": 1.138,"Actual Total Time": 25.504,"Actual Rows": 66,"Actual Loops": 3,"Filter": "((p_brand = 'Brand#24'::bpchar) AND (p_container = 'JUMBO PKG'::bpchar))","Rows Removed by Filter": 66601,"Workers": []}]}]},{"Node Type": "Aggregate","Strategy": "Plain","Partial Mode": "Simple","Parent Relationship": "SubPlan","Subplan Name": "SubPlan 1","Parallel Aware": false,"Async Capable": false,"Startup Cost": 127.60,"Total Cost": 127.61,"Plan Rows": 1,"Plan Width": 32,"Actual Startup Time": 0.123,"Actual Total Time": 0.123,"Actual Rows": 1,"Actual Loops": 5836,"Plans": [{"Node Type": "Bitmap Heap Scan","Parent Relationship": "Outer","Parallel Aware": false,"Async Capable": false,"Relation Name": "lineitem","Alias": "lineitem_1","Startup Cost": 4.67,"Total Cost": 127.52,"Plan Rows": 31,"Plan Width": 5,"Actual Startup Time": 0.013,"Actual Total Time": 0.116,"Actual Rows": 30,"Actual Loops": 5836,"Recheck Cond": "(l_partkey = part.p_partkey)","Rows Removed by Index Recheck": 0,"Exact Heap Blocks": 177434,"Lossy Heap Blocks": 0,"Plans": [{"Node Type": "Bitmap Index Scan","Parent Relationship": "Outer","Parallel Aware": false,"Async Capable": false,"Index Name": "idx_lineitem_part_supp","Startup Cost": 0.00,"Total Cost": 4.67,"Plan Rows": 31,"Plan Width": 0,"Actual Startup Time": 0.007,"Actual Total Time": 0.007,"Actual Rows": 30,"Actual Loops": 5836,"Index Cond": "(l_partkey = part.p_partkey)"}]}]}]}]},"Planning Time": 4.792,"Triggers": [],"Execution Time": 4861.913}]
[{"Plan": {"Node Type": "Aggregate","Strategy": "Plain","Partial Mode": "Simple","Parallel Aware": false,"Async Capable": false,"Startup Cost": 195918.95,"Total Cost": 195918.96,"Plan Rows": 1,"Plan Width": 32,"Actual Startup Time": 4981.010,"Actual Total Time": 4981.603,"Actual Rows": 1,"Actual Loops": 1,"Plans": [{"Node Type": "Hash Join","Parent Relationship": "Outer","Parallel Aware": false,"Async Capable": false,"Join Type": "Inner","Startup Cost": 6369.41,"Total Cost": 195913.96,"Plan Rows": 1992,"Plan Width": 8,"Actual Startup Time": 37.254,"Actual Total Time": 4981.357,"Actual Rows": 561,"Actual Loops": 1,"Inner Unique": true,"Hash Cond": "(lineitem.l_partkey = part.p_partkey)","Join Filter": "(lineitem.l_quantity < (SubPlan 1))","Rows Removed by Join Filter": 5753,"Plans": [{"Node Type": "Seq Scan","Parent Relationship": "Outer","Parallel Aware": false,"Async Capable": false,"Relation Name": "lineitem","Alias": "lineitem","Startup Cost": 0.00,"Total Cost": 172515.15,"Plan Rows": 6001215,"Plan Width": 17,"Actual Startup Time": 0.019,"Actual Total Time": 1026.200,"Actual Rows": 6001215,"Actual Loops": 1},{"Node Type": "Hash","Parent Relationship": "Inner","Parallel Aware": false,"Async Capable": false,"Startup Cost": 6366.92,"Total Cost": 6366.92,"Plan Rows": 199,"Plan Width": 4,"Actual Startup Time": 33.125,"Actual Total Time": 33.697,"Actual Rows": 212,"Actual Loops": 1,"Hash Buckets": 1024,"Original Hash Buckets": 1024,"Hash Batches": 1,"Original Hash Batches": 1,"Peak Memory Usage": 16,"Plans": [{"Node Type": "Gather","Parent Relationship": "Outer","Parallel Aware": false,"Async Capable": false,"Startup Cost": 1000.00,"Total Cost": 6366.92,"Plan Rows": 199,"Plan Width": 4,"Actual Startup Time": 1.742,"Actual Total Time": 33.643,"Actual Rows": 212,"Actual Loops": 1,"Workers Planned": 2,"Workers Launched": 2,"Single Copy": false,"Plans": [{"Node Type": "Seq Scan","Parent Relationship": "Outer","Parallel Aware": true,"Async Capable": false,"Relation Name": "part","Alias": "part","Startup Cost": 0.00,"Total Cost": 5347.00,"Plan Rows": 83,"Plan Width": 4,"Actual Startup Time": 1.558,"Actual Total Time": 27.019,"Actual Rows": 71,"Actual Loops": 3,"Filter": "((p_brand = 'Brand#42'::bpchar) AND (p_container = 'SM CASE'::bpchar))","Rows Removed by Filter": 66596,"Workers": []}]}]},{"Node Type": "Aggregate","Strategy": "Plain","Partial Mode": "Simple","Parent Relationship": "SubPlan","Subplan Name": "SubPlan 1","Parallel Aware": false,"Async Capable": false,"Startup Cost": 127.60,"Total Cost": 127.61,"Plan Rows": 1,"Plan Width": 32,"Actual Startup Time": 0.145,"Actual Total Time": 0.145,"Actual Rows": 1,"Actual Loops": 6314,"Plans": [{"Node Type": "Bitmap Heap Scan","Parent Relationship": "Outer","Parallel Aware": false,"Async Capable": false,"Relation Name": "lineitem","Alias": "lineitem_1","Startup Cost": 4.67,"Total Cost": 127.52,"Plan Rows": 31,"Plan Width": 5,"Actual Startup Time": 0.015,"Actual Total Time": 0.137,"Actual Rows": 31,"Actual Loops": 6314,"Recheck Cond": "(l_partkey = part.p_partkey)","Rows Removed by Index Recheck": 0,"Exact Heap Blocks": 194040,"Lossy Heap Blocks": 0,"Plans": [{"Node Type": "Bitmap Index Scan","Parent Relationship": "Outer","Parallel Aware": false,"Async Capable": false,"Index Name": "idx_lineitem_part_supp","Startup Cost": 0.00,"Total Cost": 4.67,"Plan Rows": 31,"Plan Width": 0,"Actual Startup Time": 0.008,"Actual Total Time": 0.008,"Actual Rows": 31,"Actual Loops": 6314,"Index Cond": "(l_partkey = part.p_partkey)"}]}]}]}]},"Planning Time": 6.092,"Triggers": [],"Execution Time": 4981.960}]
[{"Plan": {"Node Type": "Aggregate","Strategy": "Plain","Partial Mode": "Simple","Parallel Aware": false,"Async Capable": false,"Startup Cost": 195919.93,"Total Cost": 195919.95,"Plan Rows": 1,"Plan Width": 32,"Actual Startup Time": 4661.345,"Actual Total Time": 4662.030,"Actual Rows": 1,"Actual Loops": 1,"Plans": [{"Node Type": "Hash Join","Parent Relationship": "Outer","Parallel Aware": false,"Async Capable": false,"Join Type": "Inner","Startup Cost": 6370.22,"Total Cost": 195914.77,"Plan Rows": 2064,"Plan Width": 8,"Actual Startup Time": 34.475,"Actual Total Time": 4661.528,"Actual Rows": 426,"Actual Loops": 1,"Inner Unique": true,"Hash Cond": "(lineitem.l_partkey = part.p_partkey)","Join Filter": "(lineitem.l_quantity < (SubPlan 1))","Rows Removed by Join Filter": 4308,"Plans": [{"Node Type": "Seq Scan","Parent Relationship": "Outer","Parallel Aware": false,"Async Capable": false,"Relation Name": "lineitem","Alias": "lineitem","Startup Cost": 0.00,"Total Cost": 172515.15,"Plan Rows": 6001215,"Plan Width": 17,"Actual Startup Time": 0.021,"Actual Total Time": 945.816,"Actual Rows": 6001215,"Actual Loops": 1},{"Node Type": "Hash","Parent Relationship": "Inner","Parallel Aware": false,"Async Capable": false,"Startup Cost": 6367.64,"Total Cost": 6367.64,"Plan Rows": 206,"Plan Width": 4,"Actual Startup Time": 32.889,"Actual Total Time": 33.530,"Actual Rows": 159,"Actual Loops": 1,"Hash Buckets": 1024,"Original Hash Buckets": 1024,"Hash Batches": 1,"Original Hash Batches": 1,"Peak Memory Usage": 14,"Plans": [{"Node Type": "Gather","Parent Relationship": "Outer","Parallel Aware": false,"Async Capable": false,"Startup Cost": 1000.00,"Total Cost": 6367.64,"Plan Rows": 206,"Plan Width": 4,"Actual Startup Time": 2.462,"Actual Total Time": 33.407,"Actual Rows": 159,"Actual Loops": 1,"Workers Planned": 2,"Workers Launched": 2,"Single Copy": false,"Plans": [{"Node Type": "Seq Scan","Parent Relationship": "Outer","Parallel Aware": true,"Async Capable": false,"Relation Name": "part","Alias": "part","Startup Cost": 0.00,"Total Cost": 5347.00,"Plan Rows": 86,"Plan Width": 4,"Actual Startup Time": 1.860,"Actual Total Time": 27.335,"Actual Rows": 53,"Actual Loops": 3,"Filter": "((p_brand = 'Brand#42'::bpchar) AND (p_container = 'MED PACK'::bpchar))","Rows Removed by Filter": 66614,"Workers": []}]}]},{"Node Type": "Aggregate","Strategy": "Plain","Partial Mode": "Simple","Parent Relationship": "SubPlan","Subplan Name": "SubPlan 1","Parallel Aware": false,"Async Capable": false,"Startup Cost": 127.60,"Total Cost": 127.61,"Plan Rows": 1,"Plan Width": 32,"Actual Startup Time": 0.124,"Actual Total Time": 0.124,"Actual Rows": 1,"Actual Loops": 4734,"Plans": [{"Node Type": "Bitmap Heap Scan","Parent Relationship": "Outer","Parallel Aware": false,"Async Capable": false,"Relation Name": "lineitem","Alias": "lineitem_1","Startup Cost": 4.67,"Total Cost": 127.52,"Plan Rows": 31,"Plan Width": 5,"Actual Startup Time": 0.014,"Actual Total Time": 0.117,"Actual Rows": 31,"Actual Loops": 4734,"Recheck Cond": "(l_partkey = part.p_partkey)","Rows Removed by Index Recheck": 0,"Exact Heap Blocks": 145496,"Lossy Heap Blocks": 0,"Plans": [{"Node Type": "Bitmap Index Scan","Parent Relationship": "Outer","Parallel Aware": false,"Async Capable": false,"Index Name": "idx_lineitem_part_supp","Startup Cost": 0.00,"Total Cost": 4.67,"Plan Rows": 31,"Plan Width": 0,"Actual Startup Time": 0.007,"Actual Total Time": 0.007,"Actual Rows": 31,"Actual Loops": 4734,"Index Cond": "(l_partkey = part.p_partkey)"}]}]}]}]},"Planning Time": 4.840,"Triggers": [],"Execution Time": 4662.518}]
[{"Plan": {"Node Type": "Aggregate","Strategy": "Plain","Partial Mode": "Simple","Parallel Aware": false,"Async Capable": false,"Startup Cost": 195919.94,"Total Cost": 195919.95,"Plan Rows": 1,"Plan Width": 32,"Actual Startup Time": 4910.612,"Actual Total Time": 4911.173,"Actual Rows": 1,"Actual Loops": 1,"Plans": [{"Node Type": "Hash Join","Parent Relationship": "Outer","Parallel Aware": false,"Async Capable": false,"Join Type": "Inner","Startup Cost": 6370.22,"Total Cost": 195914.78,"Plan Rows": 2065,"Plan Width": 8,"Actual Startup Time": 33.998,"Actual Total Time": 4910.926,"Actual Rows": 553,"Actual Loops": 1,"Inner Unique": true,"Hash Cond": "(lineitem.l_partkey = part.p_partkey)","Join Filter": "(lineitem.l_quantity < (SubPlan 1))","Rows Removed by Join Filter": 6055,"Plans": [{"Node Type": "Seq Scan","Parent Relationship": "Outer","Parallel Aware": false,"Async Capable": false,"Relation Name": "lineitem","Alias": "lineitem","Startup Cost": 0.00,"Total Cost": 172515.15,"Plan Rows": 6001215,"Plan Width": 17,"Actual Startup Time": 0.019,"Actual Total Time": 958.234,"Actual Rows": 6001215,"Actual Loops": 1},{"Node Type": "Hash","Parent Relationship": "Inner","Parallel Aware": false,"Async Capable": false,"Startup Cost": 6367.64,"Total Cost": 6367.64,"Plan Rows": 206,"Plan Width": 4,"Actual Startup Time": 31.252,"Actual Total Time": 31.796,"Actual Rows": 224,"Actual Loops": 1,"Hash Buckets": 1024,"Original Hash Buckets": 1024,"Hash Batches": 1,"Original Hash Batches": 1,"Peak Memory Usage": 16,"Plans": [{"Node Type": "Gather","Parent Relationship": "Outer","Parallel Aware": false,"Async Capable": false,"Startup Cost": 1000.00,"Total Cost": 6367.64,"Plan Rows": 206,"Plan Width": 4,"Actual Startup Time": 0.827,"Actual Total Time": 31.735,"Actual Rows": 224,"Actual Loops": 1,"Workers Planned": 2,"Workers Launched": 2,"Single Copy": false,"Plans": [{"Node Type": "Seq Scan","Parent Relationship": "Outer","Parallel Aware": true,"Async Capable": false,"Relation Name": "part","Alias": "part","Startup Cost": 0.00,"Total Cost": 5347.00,"Plan Rows": 86,"Plan Width": 4,"Actual Startup Time": 0.585,"Actual Total Time": 25.542,"Actual Rows": 75,"Actual Loops": 3,"Filter": "((p_brand = 'Brand#33'::bpchar) AND (p_container = 'LG PKG'::bpchar))","Rows Removed by Filter": 66592,"Workers": []}]}]},{"Node Type": "Aggregate","Strategy": "Plain","Partial Mode": "Simple","Parent Relationship": "SubPlan","Subplan Name": "SubPlan 1","Parallel Aware": false,"Async Capable": false,"Startup Cost": 127.60,"Total Cost": 127.61,"Plan Rows": 1,"Plan Width": 32,"Actual Startup Time": 0.123,"Actual Total Time": 0.123,"Actual Rows": 1,"Actual Loops": 6608,"Plans": [{"Node Type": "Bitmap Heap Scan","Parent Relationship": "Outer","Parallel Aware": false,"Async Capable": false,"Relation Name": "lineitem","Alias": "lineitem_1","Startup Cost": 4.67,"Total Cost": 127.52,"Plan Rows": 31,"Plan Width": 5,"Actual Startup Time": 0.013,"Actual Total Time": 0.116,"Actual Rows": 31,"Actual Loops": 6608,"Recheck Cond": "(l_partkey = part.p_partkey)","Rows Removed by Index Recheck": 0,"Exact Heap Blocks": 202076,"Lossy Heap Blocks": 0,"Plans": [{"Node Type": "Bitmap Index Scan","Parent Relationship": "Outer","Parallel Aware": false,"Async Capable": false,"Index Name": "idx_lineitem_part_supp","Startup Cost": 0.00,"Total Cost": 4.67,"Plan Rows": 31,"Plan Width": 0,"Actual Startup Time": 0.007,"Actual Total Time": 0.007,"Actual Rows": 31,"Actual Loops": 6608,"Index Cond": "(l_partkey = part.p_partkey)"}]}]}]}]},"Planning Time": 5.038,"Triggers": [],"Execution Time": 4911.404}]
[{"Plan": {"Node Type": "Aggregate","Strategy": "Plain","Partial Mode": "Simple","Parallel Aware": false,"Async Capable": false,"Startup Cost": 195919.62,"Total Cost": 195919.64,"Plan Rows": 1,"Plan Width": 32,"Actual Startup Time": 4837.890,"Actual Total Time": 4838.515,"Actual Rows": 1,"Actual Loops": 1,"Plans": [{"Node Type": "Hash Join","Parent Relationship": "Outer","Parallel Aware": false,"Async Capable": false,"Join Type": "Inner","Startup Cost": 6369.96,"Total Cost": 195914.52,"Plan Rows": 2042,"Plan Width": 8,"Actual Startup Time": 70.739,"Actual Total Time": 4838.238,"Actual Rows": 478,"Actual Loops": 1,"Inner Unique": true,"Hash Cond": "(lineitem.l_partkey = part.p_partkey)","Join Filter": "(lineitem.l_quantity < (SubPlan 1))","Rows Removed by Join Filter": 4972,"Plans": [{"Node Type": "Seq Scan","Parent Relationship": "Outer","Parallel Aware": false,"Async Capable": false,"Relation Name": "lineitem","Alias": "lineitem","Startup Cost": 0.00,"Total Cost": 172515.15,"Plan Rows": 6001215,"Plan Width": 17,"Actual Startup Time": 0.010,"Actual Total Time": 1023.295,"Actual Rows": 6001215,"Actual Loops": 1},{"Node Type": "Hash","Parent Relationship": "Inner","Parallel Aware": false,"Async Capable": false,"Startup Cost": 6367.41,"Total Cost": 6367.41,"Plan Rows": 204,"Plan Width": 4,"Actual Startup Time": 29.394,"Actual Total Time": 30.007,"Actual Rows": 180,"Actual Loops": 1,"Hash Buckets": 1024,"Original Hash Buckets": 1024,"Hash Batches": 1,"Original Hash Batches": 1,"Peak Memory Usage": 15,"Plans": [{"Node Type": "Gather","Parent Relationship": "Outer","Parallel Aware": false,"Async Capable": false,"Startup Cost": 1000.00,"Total Cost": 6367.41,"Plan Rows": 204,"Plan Width": 4,"Actual Startup Time": 1.453,"Actual Total Time": 29.943,"Actual Rows": 180,"Actual Loops": 1,"Workers Planned": 2,"Workers Launched": 2,"Single Copy": false,"Plans": [{"Node Type": "Seq Scan","Parent Relationship": "Outer","Parallel Aware": true,"Async Capable": false,"Relation Name": "part","Alias": "part","Startup Cost": 0.00,"Total Cost": 5347.00,"Plan Rows": 85,"Plan Width": 4,"Actual Startup Time": 0.672,"Actual Total Time": 24.016,"Actual Rows": 60,"Actual Loops": 3,"Filter": "((p_brand = 'Brand#45'::bpchar) AND (p_container = 'WRAP BOX'::bpchar))","Rows Removed by Filter": 66607,"Workers": []}]}]},{"Node Type": "Aggregate","Strategy": "Plain","Partial Mode": "Simple","Parent Relationship": "SubPlan","Subplan Name": "SubPlan 1","Parallel Aware": false,"Async Capable": false,"Startup Cost": 127.60,"Total Cost": 127.61,"Plan Rows": 1,"Plan Width": 32,"Actual Startup Time": 0.145,"Actual Total Time": 0.145,"Actual Rows": 1,"Actual Loops": 5450,"Plans": [{"Node Type": "Bitmap Heap Scan","Parent Relationship": "Outer","Parallel Aware": false,"Async Capable": false,"Relation Name": "lineitem","Alias": "lineitem_1","Startup Cost": 4.67,"Total Cost": 127.52,"Plan Rows": 31,"Plan Width": 5,"Actual Startup Time": 0.014,"Actual Total Time": 0.138,"Actual Rows": 31,"Actual Loops": 5450,"Recheck Cond": "(l_partkey = part.p_partkey)","Rows Removed by Index Recheck": 0,"Exact Heap Blocks": 170730,"Lossy Heap Blocks": 0,"Plans": [{"Node Type": "Bitmap Index Scan","Parent Relationship": "Outer","Parallel Aware": false,"Async Capable": false,"Index Name": "idx_lineitem_part_supp","Startup Cost": 0.00,"Total Cost": 4.67,"Plan Rows": 31,"Plan Width": 0,"Actual Startup Time": 0.008,"Actual Total Time": 0.008,"Actual Rows": 31,"Actual Loops": 5450,"Index Cond": "(l_partkey = part.p_partkey)"}]}]}]}]},"Planning Time": 4.635,"Triggers": [],"Execution Time": 4838.747}]
[{"Plan": {"Node Type": "Aggregate","Strategy": "Plain","Partial Mode": "Simple","Parallel Aware": false,"Async Capable": false,"Startup Cost": 195917.17,"Total Cost": 195917.19,"Plan Rows": 1,"Plan Width": 32,"Actual Startup Time": 5000.010,"Actual Total Time": 5000.721,"Actual Rows": 1,"Actual Loops": 1,"Plans": [{"Node Type": "Hash Join","Parent Relationship": "Outer","Parallel Aware": false,"Async Capable": false,"Join Type": "Inner","Startup Cost": 6367.96,"Total Cost": 195912.51,"Plan Rows": 1863,"Plan Width": 8,"Actual Startup Time": 43.803,"Actual Total Time": 5000.323,"Actual Rows": 630,"Actual Loops": 1,"Inner Unique": true,"Hash Cond": "(lineitem.l_partkey = part.p_partkey)","Join Filter": "(lineitem.l_quantity < (SubPlan 1))","Rows Removed by Join Filter": 6393,"Plans": [{"Node Type": "Seq Scan","Parent Relationship": "Outer","Parallel Aware": false,"Async Capable": false,"Relation Name": "lineitem","Alias": "lineitem","Startup Cost": 0.00,"Total Cost": 172515.15,"Plan Rows": 6001215,"Plan Width": 17,"Actual Startup Time": 0.016,"Actual Total Time": 979.614,"Actual Rows": 6001215,"Actual Loops": 1},{"Node Type": "Hash","Parent Relationship": "Inner","Parallel Aware": false,"Async Capable": false,"Startup Cost": 6365.63,"Total Cost": 6365.63,"Plan Rows": 186,"Plan Width": 4,"Actual Startup Time": 31.450,"Actual Total Time": 32.105,"Actual Rows": 232,"Actual Loops": 1,"Hash Buckets": 1024,"Original Hash Buckets": 1024,"Hash Batches": 1,"Original Hash Batches": 1,"Peak Memory Usage": 17,"Plans": [{"Node Type": "Gather","Parent Relationship": "Outer","Parallel Aware": false,"Async Capable": false,"Startup Cost": 1000.00,"Total Cost": 6365.63,"Plan Rows": 186,"Plan Width": 4,"Actual Startup Time": 1.505,"Actual Total Time": 32.003,"Actual Rows": 232,"Actual Loops": 1,"Workers Planned": 2,"Workers Launched": 2,"Single Copy": false,"Plans": [{"Node Type": "Seq Scan","Parent Relationship": "Outer","Parallel Aware": true,"Async Capable": false,"Relation Name": "part","Alias": "part","Startup Cost": 0.00,"Total Cost": 5347.00,"Plan Rows": 78,"Plan Width": 4,"Actual Startup Time": 1.015,"Actual Total Time": 25.825,"Actual Rows": 77,"Actual Loops": 3,"Filter": "((p_brand = 'Brand#23'::bpchar) AND (p_container = 'SM PKG'::bpchar))","Rows Removed by Filter": 66589,"Workers": []}]}]},{"Node Type": "Aggregate","Strategy": "Plain","Partial Mode": "Simple","Parent Relationship": "SubPlan","Subplan Name": "SubPlan 1","Parallel Aware": false,"Async Capable": false,"Startup Cost": 127.60,"Total Cost": 127.61,"Plan Rows": 1,"Plan Width": 32,"Actual Startup Time": 0.124,"Actual Total Time": 0.124,"Actual Rows": 1,"Actual Loops": 7023,"Plans": [{"Node Type": "Bitmap Heap Scan","Parent Relationship": "Outer","Parallel Aware": false,"Async Capable": false,"Relation Name": "lineitem","Alias": "lineitem_1","Startup Cost": 4.67,"Total Cost": 127.52,"Plan Rows": 31,"Plan Width": 5,"Actual Startup Time": 0.014,"Actual Total Time": 0.117,"Actual Rows": 31,"Actual Loops": 7023,"Recheck Cond": "(l_partkey = part.p_partkey)","Rows Removed by Index Recheck": 0,"Exact Heap Blocks": 220365,"Lossy Heap Blocks": 0,"Plans": [{"Node Type": "Bitmap Index Scan","Parent Relationship": "Outer","Parallel Aware": false,"Async Capable": false,"Index Name": "idx_lineitem_part_supp","Startup Cost": 0.00,"Total Cost": 4.67,"Plan Rows": 31,"Plan Width": 0,"Actual Startup Time": 0.007,"Actual Total Time": 0.007,"Actual Rows": 31,"Actual Loops": 7023,"Index Cond": "(l_partkey = part.p_partkey)"}]}]}]}]},"Planning Time": 4.852,"Triggers": [],"Execution Time": 5001.187}]
[{"Plan": {"Node Type": "Aggregate","Strategy": "Plain","Partial Mode": "Simple","Parallel Aware": false,"Async Capable": false,"Startup Cost": 195918.40,"Total Cost": 195918.42,"Plan Rows": 1,"Plan Width": 32,"Actual Startup Time": 4874.810,"Actual Total Time": 4875.414,"Actual Rows": 1,"Actual Loops": 1,"Plans": [{"Node Type": "Hash Join","Parent Relationship": "Outer","Parallel Aware": false,"Async Capable": false,"Join Type": "Inner","Startup Cost": 6368.97,"Total Cost": 195913.52,"Plan Rows": 1953,"Plan Width": 8,"Actual Startup Time": 46.444,"Actual Total Time": 4874.986,"Actual Rows": 555,"Actual Loops": 1,"Inner Unique": true,"Hash Cond": "(lineitem.l_partkey = part.p_partkey)","Join Filter": "(lineitem.l_quantity < (SubPlan 1))","Rows Removed by Join Filter": 5476,"Plans": [{"Node Type": "Seq Scan","Parent Relationship": "Outer","Parallel Aware": false,"Async Capable": false,"Relation Name": "lineitem","Alias": "lineitem","Startup Cost": 0.00,"Total Cost": 172515.15,"Plan Rows": 6001215,"Plan Width": 17,"Actual Startup Time": 0.020,"Actual Total Time": 977.458,"Actual Rows": 6001215,"Actual Loops": 1},{"Node Type": "Hash","Parent Relationship": "Inner","Parallel Aware": false,"Async Capable": false,"Startup Cost": 6366.53,"Total Cost": 6366.53,"Plan Rows": 195,"Plan Width": 4,"Actual Startup Time": 33.293,"Actual Total Time": 33.865,"Actual Rows": 200,"Actual Loops": 1,"Hash Buckets": 1024,"Original Hash Buckets": 1024,"Hash Batches": 1,"Original Hash Batches": 1,"Peak Memory Usage": 16,"Plans": [{"Node Type": "Gather","Parent Relationship": "Outer","Parallel Aware": false,"Async Capable": false,"Startup Cost": 1000.00,"Total Cost": 6366.53,"Plan Rows": 195,"Plan Width": 4,"Actual Startup Time": 1.271,"Actual Total Time": 33.783,"Actual Rows": 200,"Actual Loops": 1,"Workers Planned": 2,"Workers Launched": 2,"Single Copy": false,"Plans": [{"Node Type": "Seq Scan","Parent Relationship": "Outer","Parallel Aware": true,"Async Capable": false,"Relation Name": "part","Alias": "part","Startup Cost": 0.00,"Total Cost": 5347.00,"Plan Rows": 81,"Plan Width": 4,"Actual Startup Time": 0.516,"Actual Total Time": 27.766,"Actual Rows": 67,"Actual Loops": 3,"Filter": "((p_brand = 'Brand#43'::bpchar) AND (p_container = 'JUMBO DRUM'::bpchar))","Rows Removed by Filter": 66600,"Workers": []}]}]},{"Node Type": "Aggregate","Strategy": "Plain","Partial Mode": "Simple","Parent Relationship": "SubPlan","Subplan Name": "SubPlan 1","Parallel Aware": false,"Async Capable": false,"Startup Cost": 127.60,"Total Cost": 127.61,"Plan Rows": 1,"Plan Width": 32,"Actual Startup Time": 0.124,"Actual Total Time": 0.124,"Actual Rows": 1,"Actual Loops": 6031,"Plans": [{"Node Type": "Bitmap Heap Scan","Parent Relationship": "Outer","Parallel Aware": false,"Async Capable": false,"Relation Name": "lineitem","Alias": "lineitem_1","Startup Cost": 4.67,"Total Cost": 127.52,"Plan Rows": 31,"Plan Width": 5,"Actual Startup Time": 0.013,"Actual Total Time": 0.117,"Actual Rows": 31,"Actual Loops": 6031,"Recheck Cond": "(l_partkey = part.p_partkey)","Rows Removed by Index Recheck": 0,"Exact Heap Blocks": 188225,"Lossy Heap Blocks": 0,"Plans": [{"Node Type": "Bitmap Index Scan","Parent Relationship": "Outer","Parallel Aware": false,"Async Capable": false,"Index Name": "idx_lineitem_part_supp","Startup Cost": 0.00,"Total Cost": 4.67,"Plan Rows": 31,"Plan Width": 0,"Actual Startup Time": 0.007,"Actual Total Time": 0.007,"Actual Rows": 31,"Actual Loops": 6031,"Index Cond": "(l_partkey = part.p_partkey)"}]}]}]}]},"Planning Time": 5.929,"Triggers": [],"Execution Time": 4875.827}]
[{"Plan": {"Node Type": "Aggregate","Strategy": "Plain","Partial Mode": "Simple","Parallel Aware": false,"Async Capable": false,"Startup Cost": 195919.67,"Total Cost": 195919.68,"Plan Rows": 1,"Plan Width": 32,"Actual Startup Time": 4836.951,"Actual Total Time": 4837.538,"Actual Rows": 1,"Actual Loops": 1,"Plans": [{"Node Type": "Hash Join","Parent Relationship": "Outer","Parallel Aware": false,"Async Capable": false,"Join Type": "Inner","Startup Cost": 6370.00,"Total Cost": 195914.55,"Plan Rows": 2045,"Plan Width": 8,"Actual Startup Time": 34.964,"Actual Total Time": 4837.146,"Actual Rows": 533,"Actual Loops": 1,"Inner Unique": true,"Hash Cond": "(lineitem.l_partkey = part.p_partkey)","Join Filter": "(lineitem.l_quantity < (SubPlan 1))","Rows Removed by Join Filter": 5458,"Plans": [{"Node Type": "Seq Scan","Parent Relationship": "Outer","Parallel Aware": false,"Async Capable": false,"Relation Name": "lineitem","Alias": "lineitem","Startup Cost": 0.00,"Total Cost": 172515.15,"Plan Rows": 6001215,"Plan Width": 17,"Actual Startup Time": 0.014,"Actual Total Time": 977.456,"Actual Rows": 6001215,"Actual Loops": 1},{"Node Type": "Hash","Parent Relationship": "Inner","Parallel Aware": false,"Async Capable": false,"Startup Cost": 6367.44,"Total Cost": 6367.44,"Plan Rows": 204,"Plan Width": 4,"Actual Startup Time": 32.775,"Actual Total Time": 33.332,"Actual Rows": 200,"Actual Loops": 1,"Hash Buckets": 1024,"Original Hash Buckets": 1024,"Hash Batches": 1,"Original Hash Batches": 1,"Peak Memory Usage": 16,"Plans": [{"Node Type": "Gather","Parent Relationship": "Outer","Parallel Aware": false,"Async Capable": false,"Startup Cost": 1000.00,"Total Cost": 6367.44,"Plan Rows": 204,"Plan Width": 4,"Actual Startup Time": 2.156,"Actual Total Time": 33.235,"Actual Rows": 200,"Actual Loops": 1,"Workers Planned": 2,"Workers Launched": 2,"Single Copy": false,"Plans": [{"Node Type": "Seq Scan","Parent Relationship": "Outer","Parallel Aware": true,"Async Capable": false,"Relation Name": "part","Alias": "part","Startup Cost": 0.00,"Total Cost": 5347.00,"Plan Rows": 85,"Plan Width": 4,"Actual Startup Time": 1.479,"Actual Total Time": 27.334,"Actual Rows": 67,"Actual Loops": 3,"Filter": "((p_brand = 'Brand#54'::bpchar) AND (p_container = 'SM BAG'::bpchar))","Rows Removed by Filter": 66600,"Workers": []}]}]},{"Node Type": "Aggregate","Strategy": "Plain","Partial Mode": "Simple","Parent Relationship": "SubPlan","Subplan Name": "SubPlan 1","Parallel Aware": false,"Async Capable": false,"Startup Cost": 127.60,"Total Cost": 127.61,"Plan Rows": 1,"Plan Width": 32,"Actual Startup Time": 0.120,"Actual Total Time": 0.120,"Actual Rows": 1,"Actual Loops": 5991,"Plans": [{"Node Type": "Bitmap Heap Scan","Parent Relationship": "Outer","Parallel Aware": false,"Async Capable": false,"Relation Name": "lineitem","Alias": "lineitem_1","Startup Cost": 4.67,"Total Cost": 127.52,"Plan Rows": 31,"Plan Width": 5,"Actual Startup Time": 0.013,"Actual Total Time": 0.113,"Actual Rows": 31,"Actual Loops": 5991,"Recheck Cond": "(l_partkey = part.p_partkey)","Rows Removed by Index Recheck": 0,"Exact Heap Blocks": 185822,"Lossy Heap Blocks": 0,"Plans": [{"Node Type": "Bitmap Index Scan","Parent Relationship": "Outer","Parallel Aware": false,"Async Capable": false,"Index Name": "idx_lineitem_part_supp","Startup Cost": 0.00,"Total Cost": 4.67,"Plan Rows": 31,"Plan Width": 0,"Actual Startup Time": 0.007,"Actual Total Time": 0.007,"Actual Rows": 31,"Actual Loops": 5991,"Index Cond": "(l_partkey = part.p_partkey)"}]}]}]}]},"Planning Time": 5.922,"Triggers": [],"Execution Time": 4837.928}]
[{"Plan": {"Node Type": "Aggregate","Strategy": "Plain","Partial Mode": "Simple","Parallel Aware": false,"Async Capable": false,"Startup Cost": 195914.97,"Total Cost": 195914.98,"Plan Rows": 1,"Plan Width": 32,"Actual Startup Time": 4840.422,"Actual Total Time": 4841.074,"Actual Rows": 1,"Actual Loops": 1,"Plans": [{"Node Type": "Hash Join","Parent Relationship": "Outer","Parallel Aware": false,"Async Capable": false,"Join Type": "Inner","Startup Cost": 6366.16,"Total Cost": 195910.71,"Plan Rows": 1703,"Plan Width": 8,"Actual Startup Time": 63.021,"Actual Total Time": 4840.725,"Actual Rows": 495,"Actual Loops": 1,"Inner Unique": true,"Hash Cond": "(lineitem.l_partkey = part.p_partkey)","Join Filter": "(lineitem.l_quantity < (SubPlan 1))","Rows Removed by Join Filter": 5264,"Plans": [{"Node Type": "Seq Scan","Parent Relationship": "Outer","Parallel Aware": false,"Async Capable": false,"Relation Name": "lineitem","Alias": "lineitem","Startup Cost": 0.00,"Total Cost": 172515.15,"Plan Rows": 6001215,"Plan Width": 17,"Actual Startup Time": 0.015,"Actual Total Time": 982.211,"Actual Rows": 6001215,"Actual Loops": 1},{"Node Type": "Hash","Parent Relationship": "Inner","Parallel Aware": false,"Async Capable": false,"Startup Cost": 6364.03,"Total Cost": 6364.03,"Plan Rows": 170,"Plan Width": 4,"Actual Startup Time": 32.894,"Actual Total Time": 33.501,"Actual Rows": 194,"Actual Loops": 1,"Hash Buckets": 1024,"Original Hash Buckets": 1024,"Hash Batches": 1,"Original Hash Batches": 1,"Peak Memory Usage": 15,"Plans": [{"Node Type": "Gather","Parent Relationship": "Outer","Parallel Aware": false,"Async Capable": false,"Startup Cost": 1000.00,"Total Cost": 6364.03,"Plan Rows": 170,"Plan Width": 4,"Actual Startup Time": 0.997,"Actual Total Time": 33.393,"Actual Rows": 194,"Actual Loops": 1,"Workers Planned": 2,"Workers Launched": 2,"Single Copy": false,"Plans": [{"Node Type": "Seq Scan","Parent Relationship": "Outer","Parallel Aware": true,"Async Capable": false,"Relation Name": "part","Alias": "part","Startup Cost": 0.00,"Total Cost": 5347.00,"Plan Rows": 71,"Plan Width": 4,"Actual Startup Time": 0.488,"Actual Total Time": 27.520,"Actual Rows": 65,"Actual Loops": 3,"Filter": "((p_brand = 'Brand#32'::bpchar) AND (p_container = 'WRAP PACK'::bpchar))","Rows Removed by Filter": 66602,"Workers": []}]}]},{"Node Type": "Aggregate","Strategy": "Plain","Partial Mode": "Simple","Parent Relationship": "SubPlan","Subplan Name": "SubPlan 1","Parallel Aware": false,"Async Capable": false,"Startup Cost": 127.60,"Total Cost": 127.61,"Plan Rows": 1,"Plan Width": 32,"Actual Startup Time": 0.122,"Actual Total Time": 0.122,"Actual Rows": 1,"Actual Loops": 5759,"Plans": [{"Node Type": "Bitmap Heap Scan","Parent Relationship": "Outer","Parallel Aware": false,"Async Capable": false,"Relation Name": "lineitem","Alias": "lineitem_1","Startup Cost": 4.67,"Total Cost": 127.52,"Plan Rows": 31,"Plan Width": 5,"Actual Startup Time": 0.013,"Actual Total Time": 0.115,"Actual Rows": 31,"Actual Loops": 5759,"Recheck Cond": "(l_partkey = part.p_partkey)","Rows Removed by Index Recheck": 0,"Exact Heap Blocks": 178582,"Lossy Heap Blocks": 0,"Plans": [{"Node Type": "Bitmap Index Scan","Parent Relationship": "Outer","Parallel Aware": false,"Async Capable": false,"Index Name": "idx_lineitem_part_supp","Startup Cost": 0.00,"Total Cost": 4.67,"Plan Rows": 31,"Plan Width": 0,"Actual Startup Time": 0.007,"Actual Total Time": 0.007,"Actual Rows": 31,"Actual Loops": 5759,"Index Cond": "(l_partkey = part.p_partkey)"}]}]}]}]},"Planning Time": 4.539,"Triggers": [],"Execution Time": 4841.523}]
[{"Plan": {"Node Type": "Aggregate","Strategy": "Plain","Partial Mode": "Simple","Parallel Aware": false,"Async Capable": false,"Startup Cost": 195918.86,"Total Cost": 195918.87,"Plan Rows": 1,"Plan Width": 32,"Actual Startup Time": 4927.325,"Actual Total Time": 4927.679,"Actual Rows": 1,"Actual Loops": 1,"Plans": [{"Node Type": "Hash Join","Parent Relationship": "Outer","Parallel Aware": false,"Async Capable": false,"Join Type": "Inner","Startup Cost": 6369.34,"Total Cost": 195913.89,"Plan Rows": 1986,"Plan Width": 8,"Actual Startup Time": 54.402,"Actual Total Time": 4927.492,"Actual Rows": 539,"Actual Loops": 1,"Inner Unique": true,"Hash Cond": "(lineitem.l_partkey = part.p_partkey)","Join Filter": "(lineitem.l_quantity < (SubPlan 1))","Rows Removed by Join Filter": 5366,"Plans": [{"Node Type": "Seq Scan","Parent Relationship": "Outer","Parallel Aware": false,"Async Capable": false,"Relation Name": "lineitem","Alias": "lineitem","Startup Cost": 0.00,"Total Cost": 172515.15,"Plan Rows": 6001215,"Plan Width": 17,"Actual Startup Time": 0.029,"Actual Total Time": 944.289,"Actual Rows": 6001215,"Actual Loops": 1},{"Node Type": "Hash","Parent Relationship": "Inner","Parallel Aware": false,"Async Capable": false,"Startup Cost": 6366.85,"Total Cost": 6366.85,"Plan Rows": 199,"Plan Width": 4,"Actual Startup Time": 32.699,"Actual Total Time": 33.040,"Actual Rows": 196,"Actual Loops": 1,"Hash Buckets": 1024,"Original Hash Buckets": 1024,"Hash Batches": 1,"Original Hash Batches": 1,"Peak Memory Usage": 15,"Plans": [{"Node Type": "Gather","Parent Relationship": "Outer","Parallel Aware": false,"Async Capable": false,"Startup Cost": 1000.00,"Total Cost": 6366.85,"Plan Rows": 199,"Plan Width": 4,"Actual Startup Time": 1.760,"Actual Total Time": 32.977,"Actual Rows": 196,"Actual Loops": 1,"Workers Planned": 2,"Workers Launched": 2,"Single Copy": false,"Plans": [{"Node Type": "Seq Scan","Parent Relationship": "Outer","Parallel Aware": true,"Async Capable": false,"Relation Name": "part","Alias": "part","Startup Cost": 0.00,"Total Cost": 5347.00,"Plan Rows": 83,"Plan Width": 4,"Actual Startup Time": 1.437,"Actual Total Time": 27.285,"Actual Rows": 65,"Actual Loops": 3,"Filter": "((p_brand = 'Brand#55'::bpchar) AND (p_container = 'WRAP BOX'::bpchar))","Rows Removed by Filter": 66601,"Workers": []}]}]},{"Node Type": "Aggregate","Strategy": "Plain","Partial Mode": "Simple","Parent Relationship": "SubPlan","Subplan Name": "SubPlan 1","Parallel Aware": false,"Async Capable": false,"Startup Cost": 127.60,"Total Cost": 127.61,"Plan Rows": 1,"Plan Width": 32,"Actual Startup Time": 0.122,"Actual Total Time": 0.122,"Actual Rows": 1,"Actual Loops": 5905,"Plans": [{"Node Type": "Bitmap Heap Scan","Parent Relationship": "Outer","Parallel Aware": false,"Async Capable": false,"Relation Name": "lineitem","Alias": "lineitem_1","Startup Cost": 4.67,"Total Cost": 127.52,"Plan Rows": 31,"Plan Width": 5,"Actual Startup Time": 0.013,"Actual Total Time": 0.115,"Actual Rows": 31,"Actual Loops": 5905,"Recheck Cond": "(l_partkey = part.p_partkey)","Rows Removed by Index Recheck": 0,"Exact Heap Blocks": 183486,"Lossy Heap Blocks": 0,"Plans": [{"Node Type": "Bitmap Index Scan","Parent Relationship": "Outer","Parallel Aware": false,"Async Capable": false,"Index Name": "idx_lineitem_part_supp","Startup Cost": 0.00,"Total Cost": 4.67,"Plan Rows": 31,"Plan Width": 0,"Actual Startup Time": 0.007,"Actual Total Time": 0.007,"Actual Rows": 31,"Actual Loops": 5905,"Index Cond": "(l_partkey = part.p_partkey)"}]}]}]}]},"Planning Time": 5.938,"Triggers": [],"Execution Time": 4928.063}]
[{"Plan": {"Node Type": "Aggregate","Strategy": "Plain","Partial Mode": "Simple","Parallel Aware": false,"Async Capable": false,"Startup Cost": 195918.23,"Total Cost": 195918.24,"Plan Rows": 1,"Plan Width": 32,"Actual Startup Time": 4824.191,"Actual Total Time": 4824.864,"Actual Rows": 1,"Actual Loops": 1,"Plans": [{"Node Type": "Hash Join","Parent Relationship": "Outer","Parallel Aware": false,"Async Capable": false,"Join Type": "Inner","Startup Cost": 6368.82,"Total Cost": 195913.37,"Plan Rows": 1940,"Plan Width": 8,"Actual Startup Time": 43.515,"Actual Total Time": 4824.438,"Actual Rows": 526,"Actual Loops": 1,"Inner Unique": true,"Hash Cond": "(lineitem.l_partkey = part.p_partkey)","Join Filter": "(lineitem.l_quantity < (SubPlan 1))","Rows Removed by Join Filter": 5206,"Plans": [{"Node Type": "Seq Scan","Parent Relationship": "Outer","Parallel Aware": false,"Async Capable": false,"Relation Name": "lineitem","Alias": "lineitem","Startup Cost": 0.00,"Total Cost": 172515.15,"Plan Rows": 6001215,"Plan Width": 17,"Actual Startup Time": 0.019,"Actual Total Time": 982.450,"Actual Rows": 6001215,"Actual Loops": 1},{"Node Type": "Hash","Parent Relationship": "Inner","Parallel Aware": false,"Async Capable": false,"Startup Cost": 6366.40,"Total Cost": 6366.40,"Plan Rows": 194,"Plan Width": 4,"Actual Startup Time": 31.303,"Actual Total Time": 31.930,"Actual Rows": 194,"Actual Loops": 1,"Hash Buckets": 1024,"Original Hash Buckets": 1024,"Hash Batches": 1,"Original Hash Batches": 1,"Peak Memory Usage": 15,"Plans": [{"Node Type": "Gather","Parent Relationship": "Outer","Parallel Aware": false,"Async Capable": false,"Startup Cost": 1000.00,"Total Cost": 6366.40,"Plan Rows": 194,"Plan Width": 4,"Actual Startup Time": 1.426,"Actual Total Time": 31.846,"Actual Rows": 194,"Actual Loops": 1,"Workers Planned": 2,"Workers Launched": 2,"Single Copy": false,"Plans": [{"Node Type": "Seq Scan","Parent Relationship": "Outer","Parallel Aware": true,"Async Capable": false,"Relation Name": "part","Alias": "part","Startup Cost": 0.00,"Total Cost": 5347.00,"Plan Rows": 81,"Plan Width": 4,"Actual Startup Time": 1.152,"Actual Total Time": 25.501,"Actual Rows": 65,"Actual Loops": 3,"Filter": "((p_brand = 'Brand#43'::bpchar) AND (p_container = 'MED PACK'::bpchar))","Rows Removed by Filter": 66602,"Workers": []}]}]},{"Node Type": "Aggregate","Strategy": "Plain","Partial Mode": "Simple","Parent Relationship": "SubPlan","Subplan Name": "SubPlan 1","Parallel Aware": false,"Async Capable": false,"Startup Cost": 127.60,"Total Cost": 127.61,"Plan Rows": 1,"Plan Width": 32,"Actual Startup Time": 0.120,"Actual Total Time": 0.120,"Actual Rows": 1,"Actual Loops": 5732,"Plans": [{"Node Type": "Bitmap Heap Scan","Parent Relationship": "Outer","Parallel Aware": false,"Async Capable": false,"Relation Name": "lineitem","Alias": "lineitem_1","Startup Cost": 4.67,"Total Cost": 127.52,"Plan Rows": 31,"Plan Width": 5,"Actual Startup Time": 0.013,"Actual Total Time": 0.113,"Actual Rows": 30,"Actual Loops": 5732,"Recheck Cond": "(l_partkey = part.p_partkey)","Rows Removed by Index Recheck": 0,"Exact Heap Blocks": 174220,"Lossy Heap Blocks": 0,"Plans": [{"Node Type": "Bitmap Index Scan","Parent Relationship": "Outer","Parallel Aware": false,"Async Capable": false,"Index Name": "idx_lineitem_part_supp","Startup Cost": 0.00,"Total Cost": 4.67,"Plan Rows": 31,"Plan Width": 0,"Actual Startup Time": 0.007,"Actual Total Time": 0.007,"Actual Rows": 30,"Actual Loops": 5732,"Index Cond": "(l_partkey = part.p_partkey)"}]}]}]}]},"Planning Time": 5.168,"Triggers": [],"Execution Time": 4825.316}]
[{"Plan": {"Node Type": "Aggregate","Strategy": "Plain","Partial Mode": "Simple","Parallel Aware": false,"Async Capable": false,"Startup Cost": 195918.29,"Total Cost": 195918.31,"Plan Rows": 1,"Plan Width": 32,"Actual Startup Time": 4807.539,"Actual Total Time": 4808.197,"Actual Rows": 1,"Actual Loops": 1,"Plans": [{"Node Type": "Hash Join","Parent Relationship": "Outer","Parallel Aware": false,"Async Capable": false,"Join Type": "Inner","Startup Cost": 6368.88,"Total Cost": 195913.43,"Plan Rows": 1945,"Plan Width": 8,"Actual Startup Time": 40.276,"Actual Total Time": 4807.742,"Actual Rows": 512,"Actual Loops": 1,"Inner Unique": true,"Hash Cond": "(lineitem.l_partkey = part.p_partkey)","Join Filter": "(lineitem.l_quantity < (SubPlan 1))","Rows Removed by Join Filter": 5176,"Plans": [{"Node Type": "Seq Scan","Parent Relationship": "Outer","Parallel Aware": false,"Async Capable": false,"Relation Name": "lineitem","Alias": "lineitem","Startup Cost": 0.00,"Total Cost": 172515.15,"Plan Rows": 6001215,"Plan Width": 17,"Actual Startup Time": 0.023,"Actual Total Time": 984.708,"Actual Rows": 6001215,"Actual Loops": 1},{"Node Type": "Hash","Parent Relationship": "Inner","Parallel Aware": false,"Async Capable": false,"Startup Cost": 6366.45,"Total Cost": 6366.45,"Plan Rows": 194,"Plan Width": 4,"Actual Startup Time": 30.760,"Actual Total Time": 31.375,"Actual Rows": 197,"Actual Loops": 1,"Hash Buckets": 1024,"Original Hash Buckets": 1024,"Hash Batches": 1,"Original Hash Batches": 1,"Peak Memory Usage": 15,"Plans": [{"Node Type": "Gather","Parent Relationship": "Outer","Parallel Aware": false,"Async Capable": false,"Startup Cost": 1000.00,"Total Cost": 6366.45,"Plan Rows": 194,"Plan Width": 4,"Actual Startup Time": 1.209,"Actual Total Time": 31.317,"Actual Rows": 197,"Actual Loops": 1,"Workers Planned": 2,"Workers Launched": 2,"Single Copy": false,"Plans": [{"Node Type": "Seq Scan","Parent Relationship": "Outer","Parallel Aware": true,"Async Capable": false,"Relation Name": "part","Alias": "part","Startup Cost": 0.00,"Total Cost": 5347.00,"Plan Rows": 81,"Plan Width": 4,"Actual Startup Time": 0.468,"Actual Total Time": 24.802,"Actual Rows": 66,"Actual Loops": 3,"Filter": "((p_brand = 'Brand#35'::bpchar) AND (p_container = 'JUMBO PKG'::bpchar))","Rows Removed by Filter": 66601,"Workers": []}]}]},{"Node Type": "Aggregate","Strategy": "Plain","Partial Mode": "Simple","Parent Relationship": "SubPlan","Subplan Name": "SubPlan 1","Parallel Aware": false,"Async Capable": false,"Startup Cost": 127.60,"Total Cost": 127.61,"Plan Rows": 1,"Plan Width": 32,"Actual Startup Time": 0.115,"Actual Total Time": 0.115,"Actual Rows": 1,"Actual Loops": 5688,"Plans": [{"Node Type": "Bitmap Heap Scan","Parent Relationship": "Outer","Parallel Aware": false,"Async Capable": false,"Relation Name": "lineitem","Alias": "lineitem_1","Startup Cost": 4.67,"Total Cost": 127.52,"Plan Rows": 31,"Plan Width": 5,"Actual Startup Time": 0.013,"Actual Total Time": 0.108,"Actual Rows": 30,"Actual Loops": 5688,"Recheck Cond": "(l_partkey = part.p_partkey)","Rows Removed by Index Recheck": 0,"Exact Heap Blocks": 170806,"Lossy Heap Blocks": 0,"Plans": [{"Node Type": "Bitmap Index Scan","Parent Relationship": "Outer","Parallel Aware": false,"Async Capable": false,"Index Name": "idx_lineitem_part_supp","Startup Cost": 0.00,"Total Cost": 4.67,"Plan Rows": 31,"Plan Width": 0,"Actual Startup Time": 0.007,"Actual Total Time": 0.007,"Actual Rows": 30,"Actual Loops": 5688,"Index Cond": "(l_partkey = part.p_partkey)"}]}]}]}]},"Planning Time": 5.205,"Triggers": [],"Execution Time": 4808.669}]
[{"Plan": {"Node Type": "Aggregate","Strategy": "Plain","Partial Mode": "Simple","Parallel Aware": false,"Async Capable": false,"Startup Cost": 195917.58,"Total Cost": 195917.59,"Plan Rows": 1,"Plan Width": 32,"Actual Startup Time": 4801.647,"Actual Total Time": 4802.354,"Actual Rows": 1,"Actual Loops": 1,"Plans": [{"Node Type": "Hash Join","Parent Relationship": "Outer","Parallel Aware": false,"Async Capable": false,"Join Type": "Inner","Startup Cost": 6368.29,"Total Cost": 195912.85,"Plan Rows": 1893,"Plan Width": 8,"Actual Startup Time": 34.739,"Actual Total Time": 4801.880,"Actual Rows": 512,"Actual Loops": 1,"Inner Unique": true,"Hash Cond": "(lineitem.l_partkey = part.p_partkey)","Join Filter": "(lineitem.l_quantity < (SubPlan 1))","Rows Removed by Join Filter": 5314,"Plans": [{"Node Type": "Seq Scan","Parent Relationship": "Outer","Parallel Aware": false,"Async Capable": false,"Relation Name": "lineitem","Alias": "lineitem","Startup Cost": 0.00,"Total Cost": 172515.15,"Plan Rows": 6001215,"Plan Width": 17,"Actual Startup Time": 0.015,"Actual Total Time": 979.922,"Actual Rows": 6001215,"Actual Loops": 1},{"Node Type": "Hash","Parent Relationship": "Inner","Parallel Aware": false,"Async Capable": false,"Startup Cost": 6365.93,"Total Cost": 6365.93,"Plan Rows": 189,"Plan Width": 4,"Actual Startup Time": 32.115,"Actual Total Time": 32.793,"Actual Rows": 194,"Actual Loops": 1,"Hash Buckets": 1024,"Original Hash Buckets": 1024,"Hash Batches": 1,"Original Hash Batches": 1,"Peak Memory Usage": 15,"Plans": [{"Node Type": "Gather","Parent Relationship": "Outer","Parallel Aware": false,"Async Capable": false,"Startup Cost": 1000.00,"Total Cost": 6365.93,"Plan Rows": 189,"Plan Width": 4,"Actual Startup Time": 0.633,"Actual Total Time": 32.690,"Actual Rows": 194,"Actual Loops": 1,"Workers Planned": 2,"Workers Launched": 2,"Single Copy": false,"Plans": [{"Node Type": "Seq Scan","Parent Relationship": "Outer","Parallel Aware": true,"Async Capable": false,"Relation Name": "part","Alias": "part","Startup Cost": 0.00,"Total Cost": 5347.00,"Plan Rows": 79,"Plan Width": 4,"Actual Startup Time": 1.022,"Actual Total Time": 26.735,"Actual Rows": 65,"Actual Loops": 3,"Filter": "((p_brand = 'Brand#43'::bpchar) AND (p_container = 'LG PKG'::bpchar))","Rows Removed by Filter": 66602,"Workers": []}]}]},{"Node Type": "Aggregate","Strategy": "Plain","Partial Mode": "Simple","Parent Relationship": "SubPlan","Subplan Name": "SubPlan 1","Parallel Aware": false,"Async Capable": false,"Startup Cost": 127.60,"Total Cost": 127.61,"Plan Rows": 1,"Plan Width": 32,"Actual Startup Time": 0.123,"Actual Total Time": 0.123,"Actual Rows": 1,"Actual Loops": 5826,"Plans": [{"Node Type": "Bitmap Heap Scan","Parent Relationship": "Outer","Parallel Aware": false,"Async Capable": false,"Relation Name": "lineitem","Alias": "lineitem_1","Startup Cost": 4.67,"Total Cost": 127.52,"Plan Rows": 31,"Plan Width": 5,"Actual Startup Time": 0.013,"Actual Total Time": 0.116,"Actual Rows": 31,"Actual Loops": 5826,"Recheck Cond": "(l_partkey = part.p_partkey)","Rows Removed by Index Recheck": 0,"Exact Heap Blocks": 179758,"Lossy Heap Blocks": 0,"Plans": [{"Node Type": "Bitmap Index Scan","Parent Relationship": "Outer","Parallel Aware": false,"Async Capable": false,"Index Name": "idx_lineitem_part_supp","Startup Cost": 0.00,"Total Cost": 4.67,"Plan Rows": 31,"Plan Width": 0,"Actual Startup Time": 0.007,"Actual Total Time": 0.007,"Actual Rows": 31,"Actual Loops": 5826,"Index Cond": "(l_partkey = part.p_partkey)"}]}]}]}]},"Planning Time": 5.710,"Triggers": [],"Execution Time": 4802.662}]
[{"Plan": {"Node Type": "Aggregate","Strategy": "Plain","Partial Mode": "Simple","Parallel Aware": false,"Async Capable": false,"Startup Cost": 195919.63,"Total Cost": 195919.64,"Plan Rows": 1,"Plan Width": 32,"Actual Startup Time": 5003.669,"Actual Total Time": 5004.297,"Actual Rows": 1,"Actual Loops": 1,"Plans": [{"Node Type": "Hash Join","Parent Relationship": "Outer","Parallel Aware": false,"Async Capable": false,"Join Type": "Inner","Startup Cost": 6369.97,"Total Cost": 195914.52,"Plan Rows": 2042,"Plan Width": 8,"Actual Startup Time": 41.710,"Actual Total Time": 5003.795,"Actual Rows": 640,"Actual Loops": 1,"Inner Unique": true,"Hash Cond": "(lineitem.l_partkey = part.p_partkey)","Join Filter": "(lineitem.l_quantity < (SubPlan 1))","Rows Removed by Join Filter": 6658,"Plans": [{"Node Type": "Seq Scan","Parent Relationship": "Outer","Parallel Aware": false,"Async Capable": false,"Relation Name": "lineitem","Alias": "lineitem","Startup Cost": 0.00,"Total Cost": 172515.15,"Plan Rows": 6001215,"Plan Width": 17,"Actual Startup Time": 0.023,"Actual Total Time": 945.452,"Actual Rows": 6001215,"Actual Loops": 1},{"Node Type": "Hash","Parent Relationship": "Inner","Parallel Aware": false,"Async Capable": false,"Startup Cost": 6367.42,"Total Cost": 6367.42,"Plan Rows": 204,"Plan Width": 4,"Actual Startup Time": 31.994,"Actual Total Time": 32.597,"Actual Rows": 245,"Actual Loops": 1,"Hash Buckets": 1024,"Original Hash Buckets": 1024,"Hash Batches": 1,"Original Hash Batches": 1,"Peak Memory Usage": 17,"Plans": [{"Node Type": "Gather","Parent Relationship": "Outer","Parallel Aware": false,"Async Capable": false,"Startup Cost": 1000.00,"Total Cost": 6367.42,"Plan Rows": 204,"Plan Width": 4,"Actual Startup Time": 1.576,"Actual Total Time": 32.506,"Actual Rows": 245,"Actual Loops": 1,"Workers Planned": 2,"Workers Launched": 2,"Single Copy": false,"Plans": [{"Node Type": "Seq Scan","Parent Relationship": "Outer","Parallel Aware": true,"Async Capable": false,"Relation Name": "part","Alias": "part","Startup Cost": 0.00,"Total Cost": 5347.00,"Plan Rows": 85,"Plan Width": 4,"Actual Startup Time": 1.369,"Actual Total Time": 26.423,"Actual Rows": 82,"Actual Loops": 3,"Filter": "((p_brand = 'Brand#42'::bpchar) AND (p_container = 'LG PACK'::bpchar))","Rows Removed by Filter": 66585,"Workers": []}]}]},{"Node Type": "Aggregate","Strategy": "Plain","Partial Mode": "Simple","Parent Relationship": "SubPlan","Subplan Name": "SubPlan 1","Parallel Aware": false,"Async Capable": false,"Startup Cost": 127.60,"Total Cost": 127.61,"Plan Rows": 1,"Plan Width": 32,"Actual Startup Time": 0.118,"Actual Total Time": 0.118,"Actual Rows": 1,"Actual Loops": 7298,"Plans": [{"Node Type": "Bitmap Heap Scan","Parent Relationship": "Outer","Parallel Aware": false,"Async Capable": false,"Relation Name": "lineitem","Alias": "lineitem_1","Startup Cost": 4.67,"Total Cost": 127.52,"Plan Rows": 31,"Plan Width": 5,"Actual Startup Time": 0.013,"Actual Total Time": 0.111,"Actual Rows": 31,"Actual Loops": 7298,"Recheck Cond": "(l_partkey = part.p_partkey)","Rows Removed by Index Recheck": 0,"Exact Heap Blocks": 224472,"Lossy Heap Blocks": 0,"Plans": [{"Node Type": "Bitmap Index Scan","Parent Relationship": "Outer","Parallel Aware": false,"Async Capable": false,"Index Name": "idx_lineitem_part_supp","Startup Cost": 0.00,"Total Cost": 4.67,"Plan Rows": 31,"Plan Width": 0,"Actual Startup Time": 0.007,"Actual Total Time": 0.007,"Actual Rows": 31,"Actual Loops": 7298,"Index Cond": "(l_partkey = part.p_partkey)"}]}]}]}]},"Planning Time": 5.569,"Triggers": [],"Execution Time": 5004.721}]
[{"Plan": {"Node Type": "Aggregate","Strategy": "Plain","Partial Mode": "Simple","Parallel Aware": false,"Async Capable": false,"Startup Cost": 195918.17,"Total Cost": 195918.18,"Plan Rows": 1,"Plan Width": 32,"Actual Startup Time": 5012.193,"Actual Total Time": 5012.657,"Actual Rows": 1,"Actual Loops": 1,"Plans": [{"Node Type": "Hash Join","Parent Relationship": "Outer","Parallel Aware": false,"Async Capable": false,"Join Type": "Inner","Startup Cost": 6368.77,"Total Cost": 195913.33,"Plan Rows": 1936,"Plan Width": 8,"Actual Startup Time": 48.905,"Actual Total Time": 5012.428,"Actual Rows": 552,"Actual Loops": 1,"Inner Unique": true,"Hash Cond": "(lineitem.l_partkey = part.p_partkey)","Join Filter": "(lineitem.l_quantity < (SubPlan 1))","Rows Removed by Join Filter": 5711,"Plans": [{"Node Type": "Seq Scan","Parent Relationship": "Outer","Parallel Aware": false,"Async Capable": false,"Relation Name": "lineitem","Alias": "lineitem","Startup Cost": 0.00,"Total Cost": 172515.15,"Plan Rows": 6001215,"Plan Width": 17,"Actual Startup Time": 0.022,"Actual Total Time": 1032.340,"Actual Rows": 6001215,"Actual Loops": 1},{"Node Type": "Hash","Parent Relationship": "Inner","Parallel Aware": false,"Async Capable": false,"Startup Cost": 6366.35,"Total Cost": 6366.35,"Plan Rows": 194,"Plan Width": 4,"Actual Startup Time": 33.369,"Actual Total Time": 33.813,"Actual Rows": 203,"Actual Loops": 1,"Hash Buckets": 1024,"Original Hash Buckets": 1024,"Hash Batches": 1,"Original Hash Batches": 1,"Peak Memory Usage": 16,"Plans": [{"Node Type": "Gather","Parent Relationship": "Outer","Parallel Aware": false,"Async Capable": false,"Startup Cost": 1000.00,"Total Cost": 6366.35,"Plan Rows": 194,"Plan Width": 4,"Actual Startup Time": 1.631,"Actual Total Time": 33.724,"Actual Rows": 203,"Actual Loops": 1,"Workers Planned": 2,"Workers Launched": 2,"Single Copy": false,"Plans": [{"Node Type": "Seq Scan","Parent Relationship": "Outer","Parallel Aware": true,"Async Capable": false,"Relation Name": "part","Alias": "part","Startup Cost": 0.00,"Total Cost": 5347.00,"Plan Rows": 81,"Plan Width": 4,"Actual Startup Time": 1.305,"Actual Total Time": 27.289,"Actual Rows": 68,"Actual Loops": 3,"Filter": "((p_brand = 'Brand#25'::bpchar) AND (p_container = 'MED CASE'::bpchar))","Rows Removed by Filter": 66599,"Workers": []}]}]},{"Node Type": "Aggregate","Strategy": "Plain","Partial Mode": "Simple","Parent Relationship": "SubPlan","Subplan Name": "SubPlan 1","Parallel Aware": false,"Async Capable": false,"Startup Cost": 127.60,"Total Cost": 127.61,"Plan Rows": 1,"Plan Width": 32,"Actual Startup Time": 0.146,"Actual Total Time": 0.146,"Actual Rows": 1,"Actual Loops": 6263,"Plans": [{"Node Type": "Bitmap Heap Scan","Parent Relationship": "Outer","Parallel Aware": false,"Async Capable": false,"Relation Name": "lineitem","Alias": "lineitem_1","Startup Cost": 4.67,"Total Cost": 127.52,"Plan Rows": 31,"Plan Width": 5,"Actual Startup Time": 0.014,"Actual Total Time": 0.139,"Actual Rows": 32,"Actual Loops": 6263,"Recheck Cond": "(l_partkey = part.p_partkey)","Rows Removed by Index Recheck": 0,"Exact Heap Blocks": 199000,"Lossy Heap Blocks": 0,"Plans": [{"Node Type": "Bitmap Index Scan","Parent Relationship": "Outer","Parallel Aware": false,"Async Capable": false,"Index Name": "idx_lineitem_part_supp","Startup Cost": 0.00,"Total Cost": 4.67,"Plan Rows": 31,"Plan Width": 0,"Actual Startup Time": 0.008,"Actual Total Time": 0.008,"Actual Rows": 32,"Actual Loops": 6263,"Index Cond": "(l_partkey = part.p_partkey)"}]}]}]}]},"Planning Time": 4.388,"Triggers": [],"Execution Time": 5012.945}]
[{"Plan": {"Node Type": "Aggregate","Strategy": "Plain","Partial Mode": "Simple","Parallel Aware": false,"Async Capable": false,"Startup Cost": 195920.26,"Total Cost": 195920.28,"Plan Rows": 1,"Plan Width": 32,"Actual Startup Time": 4806.927,"Actual Total Time": 4807.594,"Actual Rows": 1,"Actual Loops": 1,"Plans": [{"Node Type": "Hash Join","Parent Relationship": "Outer","Parallel Aware": false,"Async Capable": false,"Join Type": "Inner","Startup Cost": 6370.49,"Total Cost": 195915.04,"Plan Rows": 2088,"Plan Width": 8,"Actual Startup Time": 36.153,"Actual Total Time": 4807.205,"Actual Rows": 487,"Actual Loops": 1,"Inner Unique": true,"Hash Cond": "(lineitem.l_partkey = part.p_partkey)","Join Filter": "(lineitem.l_quantity < (SubPlan 1))","Rows Removed by Join Filter": 5082,"Plans": [{"Node Type": "Seq Scan","Parent Relationship": "Outer","Parallel Aware": false,"Async Capable": false,"Relation Name": "lineitem","Alias": "lineitem","Startup Cost": 0.00,"Total Cost": 172515.15,"Plan Rows": 6001215,"Plan Width": 17,"Actual Startup Time": 0.017,"Actual Total Time": 977.102,"Actual Rows": 6001215,"Actual Loops": 1},{"Node Type": "Hash","Parent Relationship": "Inner","Parallel Aware": false,"Async Capable": false,"Startup Cost": 6367.88,"Total Cost": 6367.88,"Plan Rows": 209,"Plan Width": 4,"Actual Startup Time": 32.404,"Actual Total Time": 33.033,"Actual Rows": 182,"Actual Loops": 1,"Hash Buckets": 1024,"Original Hash Buckets": 1024,"Hash Batches": 1,"Original Hash Batches": 1,"Peak Memory Usage": 15,"Plans": [{"Node Type": "Gather","Parent Relationship": "Outer","Parallel Aware": false,"Async Capable": false,"Startup Cost": 1000.00,"Total Cost": 6367.88,"Plan Rows": 209,"Plan Width": 4,"Actual Startup Time": 1.545,"Actual Total Time": 32.957,"Actual Rows": 182,"Actual Loops": 1,"Workers Planned": 2,"Workers Launched": 2,"Single Copy": false,"Plans": [{"Node Type": "Seq Scan","Parent Relationship": "Outer","Parallel Aware": true,"Async Capable": false,"Relation Name": "part","Alias": "part","Startup Cost": 0.00,"Total Cost": 5347.00,"Plan Rows": 87,"Plan Width": 4,"Actual Startup Time": 0.438,"Actual Total Time": 26.867,"Actual Rows": 61,"Actual Loops": 3,"Filter": "((p_brand = 'Brand#15'::bpchar) AND (p_container = 'MED BOX'::bpchar))","Rows Removed by Filter": 66606,"Workers": []}]}]},{"Node Type": "Aggregate","Strategy": "Plain","Partial Mode": "Simple","Parent Relationship": "SubPlan","Subplan Name": "SubPlan 1","Parallel Aware": false,"Async Capable": false,"Startup Cost": 127.60,"Total Cost": 127.61,"Plan Rows": 1,"Plan Width": 32,"Actual Startup Time": 0.125,"Actual Total Time": 0.125,"Actual Rows": 1,"Actual Loops": 5569,"Plans": [{"Node Type": "Bitmap Heap Scan","Parent Relationship": "Outer","Parallel Aware": false,"Async Capable": false,"Relation Name": "lineitem","Alias": "lineitem_1","Startup Cost": 4.67,"Total Cost": 127.52,"Plan Rows": 31,"Plan Width": 5,"Actual Startup Time": 0.013,"Actual Total Time": 0.117,"Actual Rows": 32,"Actual Loops": 5569,"Recheck Cond": "(l_partkey = part.p_partkey)","Rows Removed by Index Recheck": 0,"Exact Heap Blocks": 175741,"Lossy Heap Blocks": 0,"Plans": [{"Node Type": "Bitmap Index Scan","Parent Relationship": "Outer","Parallel Aware": false,"Async Capable": false,"Index Name": "idx_lineitem_part_supp","Startup Cost": 0.00,"Total Cost": 4.67,"Plan Rows": 31,"Plan Width": 0,"Actual Startup Time": 0.007,"Actual Total Time": 0.007,"Actual Rows": 32,"Actual Loops": 5569,"Index Cond": "(l_partkey = part.p_partkey)"}]}]}]}]},"Planning Time": 4.817,"Triggers": [],"Execution Time": 4807.938}]
[{"Plan": {"Node Type": "Aggregate","Strategy": "Plain","Partial Mode": "Simple","Parallel Aware": false,"Async Capable": false,"Startup Cost": 195918.05,"Total Cost": 195918.06,"Plan Rows": 1,"Plan Width": 32,"Actual Startup Time": 4813.017,"Actual Total Time": 4813.615,"Actual Rows": 1,"Actual Loops": 1,"Plans": [{"Node Type": "Hash Join","Parent Relationship": "Outer","Parallel Aware": false,"Async Capable": false,"Join Type": "Inner","Startup Cost": 6368.67,"Total Cost": 195913.23,"Plan Rows": 1927,"Plan Width": 8,"Actual Startup Time": 31.805,"Actual Total Time": 4813.419,"Actual Rows": 464,"Actual Loops": 1,"Inner Unique": true,"Hash Cond": "(lineitem.l_partkey = part.p_partkey)","Join Filter": "(lineitem.l_quantity < (SubPlan 1))","Rows Removed by Join Filter": 4720,"Plans": [{"Node Type": "Seq Scan","Parent Relationship": "Outer","Parallel Aware": false,"Async Capable": false,"Relation Name": "lineitem","Alias": "lineitem","Startup Cost": 0.00,"Total Cost": 172515.15,"Plan Rows": 6001215,"Plan Width": 17,"Actual Startup Time": 0.020,"Actual Total Time": 1030.645,"Actual Rows": 6001215,"Actual Loops": 1},{"Node Type": "Hash","Parent Relationship": "Inner","Parallel Aware": false,"Async Capable": false,"Startup Cost": 6366.27,"Total Cost": 6366.27,"Plan Rows": 193,"Plan Width": 4,"Actual Startup Time": 29.606,"Actual Total Time": 30.184,"Actual Rows": 173,"Actual Loops": 1,"Hash Buckets": 1024,"Original Hash Buckets": 1024,"Hash Batches": 1,"Original Hash Batches": 1,"Peak Memory Usage": 15,"Plans": [{"Node Type": "Gather","Parent Relationship": "Outer","Parallel Aware": false,"Async Capable": false,"Startup Cost": 1000.00,"Total Cost": 6366.27,"Plan Rows": 193,"Plan Width": 4,"Actual Startup Time": 1.119,"Actual Total Time": 30.135,"Actual Rows": 173,"Actual Loops": 1,"Workers Planned": 2,"Workers Launched": 2,"Single Copy": false,"Plans": [{"Node Type": "Seq Scan","Parent Relationship": "Outer","Parallel Aware": true,"Async Capable": false,"Relation Name": "part","Alias": "part","Startup Cost": 0.00,"Total Cost": 5347.00,"Plan Rows": 80,"Plan Width": 4,"Actual Startup Time": 0.555,"Actual Total Time": 24.126,"Actual Rows": 58,"Actual Loops": 3,"Filter": "((p_brand = 'Brand#51'::bpchar) AND (p_container = 'WRAP DRUM'::bpchar))","Rows Removed by Filter": 66609,"Workers": []}]}]},{"Node Type": "Aggregate","Strategy": "Plain","Partial Mode": "Simple","Parent Relationship": "SubPlan","Subplan Name": "SubPlan 1","Parallel Aware": false,"Async Capable": false,"Startup Cost": 127.60,"Total Cost": 127.61,"Plan Rows": 1,"Plan Width": 32,"Actual Startup Time": 0.145,"Actual Total Time": 0.145,"Actual Rows": 1,"Actual Loops": 5184,"Plans": [{"Node Type": "Bitmap Heap Scan","Parent Relationship": "Outer","Parallel Aware": false,"Async Capable": false,"Relation Name": "lineitem","Alias": "lineitem_1","Startup Cost": 4.67,"Total Cost": 127.52,"Plan Rows": 31,"Plan Width": 5,"Actual Startup Time": 0.014,"Actual Total Time": 0.137,"Actual Rows": 31,"Actual Loops": 5184,"Recheck Cond": "(l_partkey = part.p_partkey)","Rows Removed by Index Recheck": 0,"Exact Heap Blocks": 160720,"Lossy Heap Blocks": 0,"Plans": [{"Node Type": "Bitmap Index Scan","Parent Relationship": "Outer","Parallel Aware": false,"Async Capable": false,"Index Name": "idx_lineitem_part_supp","Startup Cost": 0.00,"Total Cost": 4.67,"Plan Rows": 31,"Plan Width": 0,"Actual Startup Time": 0.008,"Actual Total Time": 0.008,"Actual Rows": 31,"Actual Loops": 5184,"Index Cond": "(l_partkey = part.p_partkey)"}]}]}]}]},"Planning Time": 4.700,"Triggers": [],"Execution Time": 4813.909}]
[{"Plan": {"Node Type": "Aggregate","Strategy": "Plain","Partial Mode": "Simple","Parallel Aware": false,"Async Capable": false,"Startup Cost": 195918.27,"Total Cost": 195918.28,"Plan Rows": 1,"Plan Width": 32,"Actual Startup Time": 4771.405,"Actual Total Time": 4772.077,"Actual Rows": 1,"Actual Loops": 1,"Plans": [{"Node Type": "Hash Join","Parent Relationship": "Outer","Parallel Aware": false,"Async Capable": false,"Join Type": "Inner","Startup Cost": 6368.86,"Total Cost": 195913.41,"Plan Rows": 1943,"Plan Width": 8,"Actual Startup Time": 34.782,"Actual Total Time": 4771.610,"Actual Rows": 467,"Actual Loops": 1,"Inner Unique": true,"Hash Cond": "(lineitem.l_partkey = part.p_partkey)","Join Filter": "(lineitem.l_quantity < (SubPlan 1))","Rows Removed by Join Filter": 4924,"Plans": [{"Node Type": "Seq Scan","Parent Relationship": "Outer","Parallel Aware": false,"Async Capable": false,"Relation Name": "lineitem","Alias": "lineitem","Startup Cost": 0.00,"Total Cost": 172515.15,"Plan Rows": 6001215,"Plan Width": 17,"Actual Startup Time": 0.012,"Actual Total Time": 975.776,"Actual Rows": 6001215,"Actual Loops": 1},{"Node Type": "Hash","Parent Relationship": "Inner","Parallel Aware": false,"Async Capable": false,"Startup Cost": 6366.43,"Total Cost": 6366.43,"Plan Rows": 194,"Plan Width": 4,"Actual Startup Time": 33.204,"Actual Total Time": 33.841,"Actual Rows": 180,"Actual Loops": 1,"Hash Buckets": 1024,"Original Hash Buckets": 1024,"Hash Batches": 1,"Original Hash Batches": 1,"Peak Memory Usage": 15,"Plans": [{"Node Type": "Gather","Parent Relationship": "Outer","Parallel Aware": false,"Async Capable": false,"Startup Cost": 1000.00,"Total Cost": 6366.43,"Plan Rows": 194,"Plan Width": 4,"Actual Startup Time": 0.558,"Actual Total Time": 33.752,"Actual Rows": 180,"Actual Loops": 1,"Workers Planned": 2,"Workers Launched": 2,"Single Copy": false,"Plans": [{"Node Type": "Seq Scan","Parent Relationship": "Outer","Parallel Aware": true,"Async Capable": false,"Relation Name": "part","Alias": "part","Startup Cost": 0.00,"Total Cost": 5347.00,"Plan Rows": 81,"Plan Width": 4,"Actual Startup Time": 0.632,"Actual Total Time": 27.617,"Actual Rows": 60,"Actual Loops": 3,"Filter": "((p_brand = 'Brand#23'::bpchar) AND (p_container = 'MED BAG'::bpchar))","Rows Removed by Filter": 66607,"Workers": []}]}]},{"Node Type": "Aggregate","Strategy": "Plain","Partial Mode": "Simple","Parent Relationship": "SubPlan","Subplan Name": "SubPlan 1","Parallel Aware": false,"Async Capable": false,"Startup Cost": 127.60,"Total Cost": 127.61,"Plan Rows": 1,"Plan Width": 32,"Actual Startup Time": 0.123,"Actual Total Time": 0.123,"Actual Rows": 1,"Actual Loops": 5391,"Plans": [{"Node Type": "Bitmap Heap Scan","Parent Relationship": "Outer","Parallel Aware": false,"Async Capable": false,"Relation Name": "lineitem","Alias": "lineitem_1","Startup Cost": 4.67,"Total Cost": 127.52,"Plan Rows": 31,"Plan Width": 5,"Actual Startup Time": 0.013,"Actual Total Time": 0.116,"Actual Rows": 31,"Actual Loops": 5391,"Recheck Cond": "(l_partkey = part.p_partkey)","Rows Removed by Index Recheck": 0,"Exact Heap Blocks": 167047,"Lossy Heap Blocks": 0,"Plans": [{"Node Type": "Bitmap Index Scan","Parent Relationship": "Outer","Parallel Aware": false,"Async Capable": false,"Index Name": "idx_lineitem_part_supp","Startup Cost": 0.00,"Total Cost": 4.67,"Plan Rows": 31,"Plan Width": 0,"Actual Startup Time": 0.007,"Actual Total Time": 0.007,"Actual Rows": 31,"Actual Loops": 5391,"Index Cond": "(l_partkey = part.p_partkey)"}]}]}]}]},"Planning Time": 5.422,"Triggers": [],"Execution Time": 4772.409}]
[{"Plan": {"Node Type": "Aggregate","Strategy": "Plain","Partial Mode": "Simple","Parallel Aware": false,"Async Capable": false,"Startup Cost": 195917.90,"Total Cost": 195917.91,"Plan Rows": 1,"Plan Width": 32,"Actual Startup Time": 4814.567,"Actual Total Time": 4815.355,"Actual Rows": 1,"Actual Loops": 1,"Plans": [{"Node Type": "Hash Join","Parent Relationship": "Outer","Parallel Aware": false,"Async Capable": false,"Join Type": "Inner","Startup Cost": 6368.55,"Total Cost": 195913.11,"Plan Rows": 1916,"Plan Width": 8,"Actual Startup Time": 32.475,"Actual Total Time": 4814.971,"Actual Rows": 489,"Actual Loops": 1,"Inner Unique": true,"Hash Cond": "(lineitem.l_partkey = part.p_partkey)","Join Filter": "(lineitem.l_quantity < (SubPlan 1))","Rows Removed by Join Filter": 5252,"Plans": [{"Node Type": "Seq Scan","Parent Relationship": "Outer","Parallel Aware": false,"Async Capable": false,"Relation Name": "lineitem","Alias": "lineitem","Startup Cost": 0.00,"Total Cost": 172515.15,"Plan Rows": 6001215,"Plan Width": 17,"Actual Startup Time": 0.019,"Actual Total Time": 945.404,"Actual Rows": 6001215,"Actual Loops": 1},{"Node Type": "Hash","Parent Relationship": "Inner","Parallel Aware": false,"Async Capable": false,"Startup Cost": 6366.16,"Total Cost": 6366.16,"Plan Rows": 192,"Plan Width": 4,"Actual Startup Time": 31.017,"Actual Total Time": 31.768,"Actual Rows": 192,"Actual Loops": 1,"Hash Buckets": 1024,"Original Hash Buckets": 1024,"Hash Batches": 1,"Original Hash Batches": 1,"Peak Memory Usage": 15,"Plans": [{"Node Type": "Gather","Parent Relationship": "Outer","Parallel Aware": false,"Async Capable": false,"Startup Cost": 1000.00,"Total Cost": 6366.16,"Plan Rows": 192,"Plan Width": 4,"Actual Startup Time": 1.388,"Actual Total Time": 31.671,"Actual Rows": 192,"Actual Loops": 1,"Workers Planned": 2,"Workers Launched": 2,"Single Copy": false,"Plans": [{"Node Type": "Seq Scan","Parent Relationship": "Outer","Parallel Aware": true,"Async Capable": false,"Relation Name": "part","Alias": "part","Startup Cost": 0.00,"Total Cost": 5347.00,"Plan Rows": 80,"Plan Width": 4,"Actual Startup Time": 0.855,"Actual Total Time": 25.032,"Actual Rows": 64,"Actual Loops": 3,"Filter": "((p_brand = 'Brand#22'::bpchar) AND (p_container = 'JUMBO CASE'::bpchar))","Rows Removed by Filter": 66603,"Workers": []}]}]},{"Node Type": "Aggregate","Strategy": "Plain","Partial Mode": "Simple","Parent Relationship": "SubPlan","Subplan Name": "SubPlan 1","Parallel Aware": false,"Async Capable": false,"Startup Cost": 127.60,"Total Cost": 127.61,"Plan Rows": 1,"Plan Width": 32,"Actual Startup Time": 0.125,"Actual Total Time": 0.125,"Actual Rows": 1,"Actual Loops": 5741,"Plans": [{"Node Type": "Bitmap Heap Scan","Parent Relationship": "Outer","Parallel Aware": false,"Async Capable": false,"Relation Name": "lineitem","Alias": "lineitem_1","Startup Cost": 4.67,"Total Cost": 127.52,"Plan Rows": 31,"Plan Width": 5,"Actual Startup Time": 0.014,"Actual Total Time": 0.117,"Actual Rows": 31,"Actual Loops": 5741,"Recheck Cond": "(l_partkey = part.p_partkey)","Rows Removed by Index Recheck": 0,"Exact Heap Blocks": 178140,"Lossy Heap Blocks": 0,"Plans": [{"Node Type": "Bitmap Index Scan","Parent Relationship": "Outer","Parallel Aware": false,"Async Capable": false,"Index Name": "idx_lineitem_part_supp","Startup Cost": 0.00,"Total Cost": 4.67,"Plan Rows": 31,"Plan Width": 0,"Actual Startup Time": 0.007,"Actual Total Time": 0.007,"Actual Rows": 31,"Actual Loops": 5741,"Index Cond": "(l_partkey = part.p_partkey)"}]}]}]}]},"Planning Time": 4.446,"Triggers": [],"Execution Time": 4815.732}]
[{"Plan": {"Node Type": "Aggregate","Strategy": "Plain","Partial Mode": "Simple","Parallel Aware": false,"Async Capable": false,"Startup Cost": 195919.00,"Total Cost": 195919.01,"Plan Rows": 1,"Plan Width": 32,"Actual Startup Time": 4803.608,"Actual Total Time": 4804.186,"Actual Rows": 1,"Actual Loops": 1,"Plans": [{"Node Type": "Hash Join","Parent Relationship": "Outer","Parallel Aware": false,"Async Capable": false,"Join Type": "Inner","Startup Cost": 6369.45,"Total Cost": 195914.00,"Plan Rows": 1996,"Plan Width": 8,"Actual Startup Time": 75.163,"Actual Total Time": 4803.938,"Actual Rows": 533,"Actual Loops": 1,"Inner Unique": true,"Hash Cond": "(lineitem.l_partkey = part.p_partkey)","Join Filter": "(lineitem.l_quantity < (SubPlan 1))","Rows Removed by Join Filter": 5574,"Plans": [{"Node Type": "Seq Scan","Parent Relationship": "Outer","Parallel Aware": false,"Async Capable": false,"Relation Name": "lineitem","Alias": "lineitem","Startup Cost": 0.00,"Total Cost": 172515.15,"Plan Rows": 6001215,"Plan Width": 17,"Actual Startup Time": 0.020,"Actual Total Time": 941.442,"Actual Rows": 6001215,"Actual Loops": 1},{"Node Type": "Hash","Parent Relationship": "Inner","Parallel Aware": false,"Async Capable": false,"Startup Cost": 6366.96,"Total Cost": 6366.96,"Plan Rows": 200,"Plan Width": 4,"Actual Startup Time": 31.978,"Actual Total Time": 32.542,"Actual Rows": 200,"Actual Loops": 1,"Hash Buckets": 1024,"Original Hash Buckets": 1024,"Hash Batches": 1,"Original Hash Batches": 1,"Peak Memory Usage": 16,"Plans": [{"Node Type": "Gather","Parent Relationship": "Outer","Parallel Aware": false,"Async Capable": false,"Startup Cost": 1000.00,"Total Cost": 6366.96,"Plan Rows": 200,"Plan Width": 4,"Actual Startup Time": 1.277,"Actual Total Time": 32.461,"Actual Rows": 200,"Actual Loops": 1,"Workers Planned": 2,"Workers Launched": 2,"Single Copy": false,"Plans": [{"Node Type": "Seq Scan","Parent Relationship": "Outer","Parallel Aware": true,"Async Capable": false,"Relation Name": "part","Alias": "part","Startup Cost": 0.00,"Total Cost": 5347.00,"Plan Rows": 83,"Plan Width": 4,"Actual Startup Time": 0.643,"Actual Total Time": 25.825,"Actual Rows": 67,"Actual Loops": 3,"Filter": "((p_brand = 'Brand#22'::bpchar) AND (p_container = 'JUMBO BAG'::bpchar))","Rows Removed by Filter": 66600,"Workers": []}]}]},{"Node Type": "Aggregate","Strategy": "Plain","Partial Mode": "Simple","Parent Relationship": "SubPlan","Subplan Name": "SubPlan 1","Parallel Aware": false,"Async Capable": false,"Startup Cost": 127.60,"Total Cost": 127.61,"Plan Rows": 1,"Plan Width": 32,"Actual Startup Time": 0.126,"Actual Total Time": 0.126,"Actual Rows": 1,"Actual Loops": 6107,"Plans": [{"Node Type": "Bitmap Heap Scan","Parent Relationship": "Outer","Parallel Aware": false,"Async Capable": false,"Relation Name": "lineitem","Alias": "lineitem_1","Startup Cost": 4.67,"Total Cost": 127.52,"Plan Rows": 31,"Plan Width": 5,"Actual Startup Time": 0.013,"Actual Total Time": 0.118,"Actual Rows": 31,"Actual Loops": 6107,"Recheck Cond": "(l_partkey = part.p_partkey)","Rows Removed by Index Recheck": 0,"Exact Heap Blocks": 191918,"Lossy Heap Blocks": 0,"Plans": [{"Node Type": "Bitmap Index Scan","Parent Relationship": "Outer","Parallel Aware": false,"Async Capable": false,"Index Name": "idx_lineitem_part_supp","Startup Cost": 0.00,"Total Cost": 4.67,"Plan Rows": 31,"Plan Width": 0,"Actual Startup Time": 0.007,"Actual Total Time": 0.007,"Actual Rows": 31,"Actual Loops": 6107,"Index Cond": "(l_partkey = part.p_partkey)"}]}]}]}]},"Planning Time": 5.937,"Triggers": [],"Execution Time": 4804.525}]
[{"Plan": {"Node Type": "Aggregate","Strategy": "Plain","Partial Mode": "Simple","Parallel Aware": false,"Async Capable": false,"Startup Cost": 195918.50,"Total Cost": 195918.51,"Plan Rows": 1,"Plan Width": 32,"Actual Startup Time": 4880.050,"Actual Total Time": 4880.576,"Actual Rows": 1,"Actual Loops": 1,"Plans": [{"Node Type": "Hash Join","Parent Relationship": "Outer","Parallel Aware": false,"Async Capable": false,"Join Type": "Inner","Startup Cost": 6369.04,"Total Cost": 195913.59,"Plan Rows": 1960,"Plan Width": 8,"Actual Startup Time": 59.631,"Actual Total Time": 4880.378,"Actual Rows": 530,"Actual Loops": 1,"Inner Unique": true,"Hash Cond": "(lineitem.l_partkey = part.p_partkey)","Join Filter": "(lineitem.l_quantity < (SubPlan 1))","Rows Removed by Join Filter": 5291,"Plans": [{"Node Type": "Seq Scan","Parent Relationship": "Outer","Parallel Aware": false,"Async Capable": false,"Relation Name": "lineitem","Alias": "lineitem","Startup Cost": 0.00,"Total Cost": 172515.15,"Plan Rows": 6001215,"Plan Width": 17,"Actual Startup Time": 0.021,"Actual Total Time": 944.936,"Actual Rows": 6001215,"Actual Loops": 1},{"Node Type": "Hash","Parent Relationship": "Inner","Parallel Aware": false,"Async Capable": false,"Startup Cost": 6366.59,"Total Cost": 6366.59,"Plan Rows": 196,"Plan Width": 4,"Actual Startup Time": 31.069,"Actual Total Time": 31.574,"Actual Rows": 196,"Actual Loops": 1,"Hash Buckets": 1024,"Original Hash Buckets": 1024,"Hash Batches": 1,"Original Hash Batches": 1,"Peak Memory Usage": 15,"Plans": [{"Node Type": "Gather","Parent Relationship": "Outer","Parallel Aware": false,"Async Capable": false,"Startup Cost": 1000.00,"Total Cost": 6366.59,"Plan Rows": 196,"Plan Width": 4,"Actual Startup Time": 1.431,"Actual Total Time": 31.521,"Actual Rows": 196,"Actual Loops": 1,"Workers Planned": 2,"Workers Launched": 2,"Single Copy": false,"Plans": [{"Node Type": "Seq Scan","Parent Relationship": "Outer","Parallel Aware": true,"Async Capable": false,"Relation Name": "part","Alias": "part","Startup Cost": 0.00,"Total Cost": 5347.00,"Plan Rows": 82,"Plan Width": 4,"Actual Startup Time": 1.264,"Actual Total Time": 25.342,"Actual Rows": 65,"Actual Loops": 3,"Filter": "((p_brand = 'Brand#14'::bpchar) AND (p_container = 'LG PKG'::bpchar))","Rows Removed by Filter": 66601,"Workers": []}]}]},{"Node Type": "Aggregate","Strategy": "Plain","Partial Mode": "Simple","Parent Relationship": "SubPlan","Subplan Name": "SubPlan 1","Parallel Aware": false,"Async Capable": false,"Startup Cost": 127.60,"Total Cost": 127.61,"Plan Rows": 1,"Plan Width": 32,"Actual Startup Time": 0.122,"Actual Total Time": 0.122,"Actual Rows": 1,"Actual Loops": 5821,"Plans": [{"Node Type": "Bitmap Heap Scan","Parent Relationship": "Outer","Parallel Aware": false,"Async Capable": false,"Relation Name": "lineitem","Alias": "lineitem_1","Startup Cost": 4.67,"Total Cost": 127.52,"Plan Rows": 31,"Plan Width": 5,"Actual Startup Time": 0.013,"Actual Total Time": 0.115,"Actual Rows": 31,"Actual Loops": 5821,"Recheck Cond": "(l_partkey = part.p_partkey)","Rows Removed by Index Recheck": 0,"Exact Heap Blocks": 178828,"Lossy Heap Blocks": 0,"Plans": [{"Node Type": "Bitmap Index Scan","Parent Relationship": "Outer","Parallel Aware": false,"Async Capable": false,"Index Name": "idx_lineitem_part_supp","Startup Cost": 0.00,"Total Cost": 4.67,"Plan Rows": 31,"Plan Width": 0,"Actual Startup Time": 0.007,"Actual Total Time": 0.007,"Actual Rows": 31,"Actual Loops": 5821,"Index Cond": "(l_partkey = part.p_partkey)"}]}]}]}]},"Planning Time": 4.307,"Triggers": [],"Execution Time": 4880.872}]
[{"Plan": {"Node Type": "Aggregate","Strategy": "Plain","Partial Mode": "Simple","Parallel Aware": false,"Async Capable": false,"Startup Cost": 195920.15,"Total Cost": 195920.16,"Plan Rows": 1,"Plan Width": 32,"Actual Startup Time": 4875.970,"Actual Total Time": 4876.711,"Actual Rows": 1,"Actual Loops": 1,"Plans": [{"Node Type": "Hash Join","Parent Relationship": "Outer","Parallel Aware": false,"Async Capable": false,"Join Type": "Inner","Startup Cost": 6370.39,"Total Cost": 195914.95,"Plan Rows": 2080,"Plan Width": 8,"Actual Startup Time": 34.010,"Actual Total Time": 4876.527,"Actual Rows": 508,"Actual Loops": 1,"Inner Unique": true,"Hash Cond": "(lineitem.l_partkey = part.p_partkey)","Join Filter": "(lineitem.l_quantity < (SubPlan 1))","Rows Removed by Join Filter": 5390,"Plans": [{"Node Type": "Seq Scan","Parent Relationship": "Outer","Parallel Aware": false,"Async Capable": false,"Relation Name": "lineitem","Alias": "lineitem","Startup Cost": 0.00,"Total Cost": 172515.15,"Plan Rows": 6001215,"Plan Width": 17,"Actual Startup Time": 0.018,"Actual Total Time": 1012.997,"Actual Rows": 6001215,"Actual Loops": 1},{"Node Type": "Hash","Parent Relationship": "Inner","Parallel Aware": false,"Async Capable": false,"Startup Cost": 6367.79,"Total Cost": 6367.79,"Plan Rows": 208,"Plan Width": 4,"Actual Startup Time": 32.339,"Actual Total Time": 33.071,"Actual Rows": 196,"Actual Loops": 1,"Hash Buckets": 1024,"Original Hash Buckets": 1024,"Hash Batches": 1,"Original Hash Batches": 1,"Peak Memory Usage": 15,"Plans": [{"Node Type": "Gather","Parent Relationship": "Outer","Parallel Aware": false,"Async Capable": false,"Startup Cost": 1000.00,"Total Cost": 6367.79,"Plan Rows": 208,"Plan Width": 4,"Actual Startup Time": 1.639,"Actual Total Time": 33.005,"Actual Rows": 196,"Actual Loops": 1,"Workers Planned": 2,"Workers Launched": 2,"Single Copy": false,"Plans": [{"Node Type": "Seq Scan","Parent Relationship": "Outer","Parallel Aware": true,"Async Capable": false,"Relation Name": "part","Alias": "part","Startup Cost": 0.00,"Total Cost": 5347.00,"Plan Rows": 87,"Plan Width": 4,"Actual Startup Time": 0.442,"Actual Total Time": 26.049,"Actual Rows": 65,"Actual Loops": 3,"Filter": "((p_brand = 'Brand#55'::bpchar) AND (p_container = 'WRAP CAN'::bpchar))","Rows Removed by Filter": 66601,"Workers": []}]}]},{"Node Type": "Aggregate","Strategy": "Plain","Partial Mode": "Simple","Parent Relationship": "SubPlan","Subplan Name": "SubPlan 1","Parallel Aware": false,"Async Capable": false,"Startup Cost": 127.60,"Total Cost": 127.61,"Plan Rows": 1,"Plan Width": 32,"Actual Startup Time": 0.145,"Actual Total Time": 0.145,"Actual Rows": 1,"Actual Loops": 5898,"Plans": [{"Node Type": "Bitmap Heap Scan","Parent Relationship": "Outer","Parallel Aware": false,"Async Capable": false,"Relation Name": "lineitem","Alias": "lineitem_1","Startup Cost": 4.67,"Total Cost": 127.52,"Plan Rows": 31,"Plan Width": 5,"Actual Startup Time": 0.014,"Actual Total Time": 0.137,"Actual Rows": 31,"Actual Loops": 5898,"Recheck Cond": "(l_partkey = part.p_partkey)","Rows Removed by Index Recheck": 0,"Exact Heap Blocks": 184474,"Lossy Heap Blocks": 0,"Plans": [{"Node Type": "Bitmap Index Scan","Parent Relationship": "Outer","Parallel Aware": false,"Async Capable": false,"Index Name": "idx_lineitem_part_supp","Startup Cost": 0.00,"Total Cost": 4.67,"Plan Rows": 31,"Plan Width": 0,"Actual Startup Time": 0.008,"Actual Total Time": 0.008,"Actual Rows": 31,"Actual Loops": 5898,"Index Cond": "(l_partkey = part.p_partkey)"}]}]}]}]},"Planning Time": 4.614,"Triggers": [],"Execution Time": 4876.972}]
[{"Plan": {"Node Type": "Aggregate","Strategy": "Plain","Partial Mode": "Simple","Parallel Aware": false,"Async Capable": false,"Startup Cost": 195920.25,"Total Cost": 195920.26,"Plan Rows": 1,"Plan Width": 32,"Actual Startup Time": 4846.874,"Actual Total Time": 4847.535,"Actual Rows": 1,"Actual Loops": 1,"Plans": [{"Node Type": "Hash Join","Parent Relationship": "Outer","Parallel Aware": false,"Async Capable": false,"Join Type": "Inner","Startup Cost": 6370.47,"Total Cost": 195915.03,"Plan Rows": 2087,"Plan Width": 8,"Actual Startup Time": 68.359,"Actual Total Time": 4847.188,"Actual Rows": 545,"Actual Loops": 1,"Inner Unique": true,"Hash Cond": "(lineitem.l_partkey = part.p_partkey)","Join Filter": "(lineitem.l_quantity < (SubPlan 1))","Rows Removed by Join Filter": 5622,"Plans": [{"Node Type": "Seq Scan","Parent Relationship": "Outer","Parallel Aware": false,"Async Capable": false,"Relation Name": "lineitem","Alias": "lineitem","Startup Cost": 0.00,"Total Cost": 172515.15,"Plan Rows": 6001215,"Plan Width": 17,"Actual Startup Time": 0.010,"Actual Total Time": 966.015,"Actual Rows": 6001215,"Actual Loops": 1},{"Node Type": "Hash","Parent Relationship": "Inner","Parallel Aware": false,"Async Capable": false,"Startup Cost": 6367.86,"Total Cost": 6367.86,"Plan Rows": 209,"Plan Width": 4,"Actual Startup Time": 31.510,"Actual Total Time": 32.139,"Actual Rows": 205,"Actual Loops": 1,"Hash Buckets": 1024,"Original Hash Buckets": 1024,"Hash Batches": 1,"Original Hash Batches": 1,"Peak Memory Usage": 16,"Plans": [{"Node Type": "Gather","Parent Relationship": "Outer","Parallel Aware": false,"Async Capable": false,"Startup Cost": 1000.00,"Total Cost": 6367.86,"Plan Rows": 209,"Plan Width": 4,"Actual Startup Time": 1.245,"Actual Total Time": 32.077,"Actual Rows": 205,"Actual Loops": 1,"Workers Planned": 2,"Workers Launched": 2,"Single Copy": false,"Plans": [{"Node Type": "Seq Scan","Parent Relationship": "Outer","Parallel Aware": true,"Async Capable": false,"Relation Name": "part","Alias": "part","Startup Cost": 0.00,"Total Cost": 5347.00,"Plan Rows": 87,"Plan Width": 4,"Actual Startup Time": 1.025,"Actual Total Time": 26.070,"Actual Rows": 68,"Actual Loops": 3,"Filter": "((p_brand = 'Brand#52'::bpchar) AND (p_container = 'JUMBO CAN'::bpchar))","Rows Removed by Filter": 66598,"Workers": []}]}]},{"Node Type": "Aggregate","Strategy": "Plain","Partial Mode": "Simple","Parent Relationship": "SubPlan","Subplan Name": "SubPlan 1","Parallel Aware": false,"Async Capable": false,"Startup Cost": 127.60,"Total Cost": 127.61,"Plan Rows": 1,"Plan Width": 32,"Actual Startup Time": 0.123,"Actual Total Time": 0.123,"Actual Rows": 1,"Actual Loops": 6167,"Plans": [{"Node Type": "Bitmap Heap Scan","Parent Relationship": "Outer","Parallel Aware": false,"Async Capable": false,"Relation Name": "lineitem","Alias": "lineitem_1","Startup Cost": 4.67,"Total Cost": 127.52,"Plan Rows": 31,"Plan Width": 5,"Actual Startup Time": 0.013,"Actual Total Time": 0.116,"Actual Rows": 31,"Actual Loops": 6167,"Recheck Cond": "(l_partkey = part.p_partkey)","Rows Removed by Index Recheck": 0,"Exact Heap Blocks": 192499,"Lossy Heap Blocks": 0,"Plans": [{"Node Type": "Bitmap Index Scan","Parent Relationship": "Outer","Parallel Aware": false,"Async Capable": false,"Index Name": "idx_lineitem_part_supp","Startup Cost": 0.00,"Total Cost": 4.67,"Plan Rows": 31,"Plan Width": 0,"Actual Startup Time": 0.007,"Actual Total Time": 0.007,"Actual Rows": 31,"Actual Loops": 6167,"Index Cond": "(l_partkey = part.p_partkey)"}]}]}]}]},"Planning Time": 5.882,"Triggers": [],"Execution Time": 4847.859}]
[{"Plan": {"Node Type": "Aggregate","Strategy": "Plain","Partial Mode": "Simple","Parallel Aware": false,"Async Capable": false,"Startup Cost": 195921.27,"Total Cost": 195921.28,"Plan Rows": 1,"Plan Width": 32,"Actual Startup Time": 4860.197,"Actual Total Time": 4860.695,"Actual Rows": 1,"Actual Loops": 1,"Plans": [{"Node Type": "Hash Join","Parent Relationship": "Outer","Parallel Aware": false,"Async Capable": false,"Join Type": "Inner","Startup Cost": 6371.31,"Total Cost": 195915.86,"Plan Rows": 2161,"Plan Width": 8,"Actual Startup Time": 40.121,"Actual Total Time": 4860.467,"Actual Rows": 486,"Actual Loops": 1,"Inner Unique": true,"Hash Cond": "(lineitem.l_partkey = part.p_partkey)","Join Filter": "(lineitem.l_quantity < (SubPlan 1))","Rows Removed by Join Filter": 4990,"Plans": [{"Node Type": "Seq Scan","Parent Relationship": "Outer","Parallel Aware": false,"Async Capable": false,"Relation Name": "lineitem","Alias": "lineitem","Startup Cost": 0.00,"Total Cost": 172515.15,"Plan Rows": 6001215,"Plan Width": 17,"Actual Startup Time": 0.023,"Actual Total Time": 1027.445,"Actual Rows": 6001215,"Actual Loops": 1},{"Node Type": "Hash","Parent Relationship": "Inner","Parallel Aware": false,"Async Capable": false,"Startup Cost": 6368.61,"Total Cost": 6368.61,"Plan Rows": 216,"Plan Width": 4,"Actual Startup Time": 32.791,"Actual Total Time": 33.268,"Actual Rows": 181,"Actual Loops": 1,"Hash Buckets": 1024,"Original Hash Buckets": 1024,"Hash Batches": 1,"Original Hash Batches": 1,"Peak Memory Usage": 15,"Plans": [{"Node Type": "Gather","Parent Relationship": "Outer","Parallel Aware": false,"Async Capable": false,"Startup Cost": 1000.00,"Total Cost": 6368.61,"Plan Rows": 216,"Plan Width": 4,"Actual Startup Time": 1.325,"Actual Total Time": 33.204,"Actual Rows": 181,"Actual Loops": 1,"Workers Planned": 2,"Workers Launched": 2,"Single Copy": false,"Plans": [{"Node Type": "Seq Scan","Parent Relationship": "Outer","Parallel Aware": true,"Async Capable": false,"Relation Name": "part","Alias": "part","Startup Cost": 0.00,"Total Cost": 5347.00,"Plan Rows": 90,"Plan Width": 4,"Actual Startup Time": 1.086,"Actual Total Time": 26.560,"Actual Rows": 60,"Actual Loops": 3,"Filter": "((p_brand = 'Brand#42'::bpchar) AND (p_container = 'MED CAN'::bpchar))","Rows Removed by Filter": 66606,"Workers": []}]}]},{"Node Type": "Aggregate","Strategy": "Plain","Partial Mode": "Simple","Parent Relationship": "SubPlan","Subplan Name": "SubPlan 1","Parallel Aware": false,"Async Capable": false,"Startup Cost": 127.60,"Total Cost": 127.61,"Plan Rows": 1,"Plan Width": 32,"Actual Startup Time": 0.144,"Actual Total Time": 0.144,"Actual Rows": 1,"Actual Loops": 5476,"Plans": [{"Node Type": "Bitmap Heap Scan","Parent Relationship": "Outer","Parallel Aware": false,"Async Capable": false,"Relation Name": "lineitem","Alias": "lineitem_1","Startup Cost": 4.67,"Total Cost": 127.52,"Plan Rows": 31,"Plan Width": 5,"Actual Startup Time": 0.014,"Actual Total Time": 0.137,"Actual Rows": 31,"Actual Loops": 5476,"Recheck Cond": "(l_partkey = part.p_partkey)","Rows Removed by Index Recheck": 0,"Exact Heap Blocks": 171680,"Lossy Heap Blocks": 0,"Plans": [{"Node Type": "Bitmap Index Scan","Parent Relationship": "Outer","Parallel Aware": false,"Async Capable": false,"Index Name": "idx_lineitem_part_supp","Startup Cost": 0.00,"Total Cost": 4.67,"Plan Rows": 31,"Plan Width": 0,"Actual Startup Time": 0.008,"Actual Total Time": 0.008,"Actual Rows": 31,"Actual Loops": 5476,"Index Cond": "(l_partkey = part.p_partkey)"}]}]}]}]},"Planning Time": 4.702,"Triggers": [],"Execution Time": 4860.940}]
[{"Plan": {"Node Type": "Aggregate","Strategy": "Plain","Partial Mode": "Simple","Parallel Aware": false,"Async Capable": false,"Startup Cost": 195917.18,"Total Cost": 195917.20,"Plan Rows": 1,"Plan Width": 32,"Actual Startup Time": 4915.001,"Actual Total Time": 4915.700,"Actual Rows": 1,"Actual Loops": 1,"Plans": [{"Node Type": "Hash Join","Parent Relationship": "Outer","Parallel Aware": false,"Async Capable": false,"Join Type": "Inner","Startup Cost": 6367.97,"Total Cost": 195912.52,"Plan Rows": 1864,"Plan Width": 8,"Actual Startup Time": 37.421,"Actual Total Time": 4915.252,"Actual Rows": 594,"Actual Loops": 1,"Inner Unique": true,"Hash Cond": "(lineitem.l_partkey = part.p_partkey)","Join Filter": "(lineitem.l_quantity < (SubPlan 1))","Rows Removed by Join Filter": 5737,"Plans": [{"Node Type": "Seq Scan","Parent Relationship": "Outer","Parallel Aware": false,"Async Capable": false,"Relation Name": "lineitem","Alias": "lineitem","Startup Cost": 0.00,"Total Cost": 172515.15,"Plan Rows": 6001215,"Plan Width": 17,"Actual Startup Time": 0.020,"Actual Total Time": 977.108,"Actual Rows": 6001215,"Actual Loops": 1},{"Node Type": "Hash","Parent Relationship": "Inner","Parallel Aware": false,"Async Capable": false,"Startup Cost": 6365.64,"Total Cost": 6365.64,"Plan Rows": 186,"Plan Width": 4,"Actual Startup Time": 32.347,"Actual Total Time": 33.015,"Actual Rows": 209,"Actual Loops": 1,"Hash Buckets": 1024,"Original Hash Buckets": 1024,"Hash Batches": 1,"Original Hash Batches": 1,"Peak Memory Usage": 16,"Plans": [{"Node Type": "Gather","Parent Relationship": "Outer","Parallel Aware": false,"Async Capable": false,"Startup Cost": 1000.00,"Total Cost": 6365.64,"Plan Rows": 186,"Plan Width": 4,"Actual Startup Time": 2.386,"Actual Total Time": 32.890,"Actual Rows": 209,"Actual Loops": 1,"Workers Planned": 2,"Workers Launched": 2,"Single Copy": false,"Plans": [{"Node Type": "Seq Scan","Parent Relationship": "Outer","Parallel Aware": true,"Async Capable": false,"Relation Name": "part","Alias": "part","Startup Cost": 0.00,"Total Cost": 5347.00,"Plan Rows": 78,"Plan Width": 4,"Actual Startup Time": 1.180,"Actual Total Time": 26.872,"Actual Rows": 70,"Actual Loops": 3,"Filter": "((p_brand = 'Brand#25'::bpchar) AND (p_container = 'JUMBO PACK'::bpchar))","Rows Removed by Filter": 66597,"Workers": []}]}]},{"Node Type": "Aggregate","Strategy": "Plain","Partial Mode": "Simple","Parent Relationship": "SubPlan","Subplan Name": "SubPlan 1","Parallel Aware": false,"Async Capable": false,"Startup Cost": 127.60,"Total Cost": 127.61,"Plan Rows": 1,"Plan Width": 32,"Actual Startup Time": 0.125,"Actual Total Time": 0.125,"Actual Rows": 1,"Actual Loops": 6331,"Plans": [{"Node Type": "Bitmap Heap Scan","Parent Relationship": "Outer","Parallel Aware": false,"Async Capable": false,"Relation Name": "lineitem","Alias": "lineitem_1","Startup Cost": 4.67,"Total Cost": 127.52,"Plan Rows": 31,"Plan Width": 5,"Actual Startup Time": 0.013,"Actual Total Time": 0.117,"Actual Rows": 31,"Actual Loops": 6331,"Recheck Cond": "(l_partkey = part.p_partkey)","Rows Removed by Index Recheck": 0,"Exact Heap Blocks": 198708,"Lossy Heap Blocks": 0,"Plans": [{"Node Type": "Bitmap Index Scan","Parent Relationship": "Outer","Parallel Aware": false,"Async Capable": false,"Index Name": "idx_lineitem_part_supp","Startup Cost": 0.00,"Total Cost": 4.67,"Plan Rows": 31,"Plan Width": 0,"Actual Startup Time": 0.007,"Actual Total Time": 0.007,"Actual Rows": 31,"Actual Loops": 6331,"Index Cond": "(l_partkey = part.p_partkey)"}]}]}]}]},"Planning Time": 5.363,"Triggers": [],"Execution Time": 4916.141}]
[{"Plan": {"Node Type": "Aggregate","Strategy": "Plain","Partial Mode": "Simple","Parallel Aware": false,"Async Capable": false,"Startup Cost": 195920.10,"Total Cost": 195920.11,"Plan Rows": 1,"Plan Width": 32,"Actual Startup Time": 4874.623,"Actual Total Time": 4875.346,"Actual Rows": 1,"Actual Loops": 1,"Plans": [{"Node Type": "Hash Join","Parent Relationship": "Outer","Parallel Aware": false,"Async Capable": false,"Join Type": "Inner","Startup Cost": 6370.36,"Total Cost": 195914.91,"Plan Rows": 2076,"Plan Width": 8,"Actual Startup Time": 33.443,"Actual Total Time": 4874.923,"Actual Rows": 508,"Actual Loops": 1,"Inner Unique": true,"Hash Cond": "(lineitem.l_partkey = part.p_partkey)","Join Filter": "(lineitem.l_quantity < (SubPlan 1))","Rows Removed by Join Filter": 5383,"Plans": [{"Node Type": "Seq Scan","Parent Relationship": "Outer","Parallel Aware": false,"Async Capable": false,"Relation Name": "lineitem","Alias": "lineitem","Startup Cost": 0.00,"Total Cost": 172515.15,"Plan Rows": 6001215,"Plan Width": 17,"Actual Startup Time": 0.016,"Actual Total Time": 981.807,"Actual Rows": 6001215,"Actual Loops": 1},{"Node Type": "Hash","Parent Relationship": "Inner","Parallel Aware": false,"Async Capable": false,"Startup Cost": 6367.76,"Total Cost": 6367.76,"Plan Rows": 208,"Plan Width": 4,"Actual Startup Time": 32.525,"Actual Total Time": 33.209,"Actual Rows": 197,"Actual Loops": 1,"Hash Buckets": 1024,"Original Hash Buckets": 1024,"Hash Batches": 1,"Original Hash Batches": 1,"Peak Memory Usage": 15,"Plans": [{"Node Type": "Gather","Parent Relationship": "Outer","Parallel Aware": false,"Async Capable": false,"Startup Cost": 1000.00,"Total Cost": 6367.76,"Plan Rows": 208,"Plan Width": 4,"Actual Startup Time": 1.670,"Actual Total Time": 33.096,"Actual Rows": 197,"Actual Loops": 1,"Workers Planned": 2,"Workers Launched": 2,"Single Copy": false,"Plans": [{"Node Type": "Seq Scan","Parent Relationship": "Outer","Parallel Aware": true,"Async Capable": false,"Relation Name": "part","Alias": "part","Startup Cost": 0.00,"Total Cost": 5347.00,"Plan Rows": 87,"Plan Width": 4,"Actual Startup Time": 1.233,"Actual Total Time": 27.025,"Actual Rows": 66,"Actual Loops": 3,"Filter": "((p_brand = 'Brand#21'::bpchar) AND (p_container = 'MED BOX'::bpchar))","Rows Removed by Filter": 66601,"Workers": []}]}]},{"Node Type": "Aggregate","Strategy": "Plain","Partial Mode": "Simple","Parent Relationship": "SubPlan","Subplan Name": "SubPlan 1","Parallel Aware": false,"Async Capable": false,"Startup Cost": 127.60,"Total Cost": 127.61,"Plan Rows": 1,"Plan Width": 32,"Actual Startup Time": 0.123,"Actual Total Time": 0.124,"Actual Rows": 1,"Actual Loops": 5891,"Plans": [{"Node Type": "Bitmap Heap Scan","Parent Relationship": "Outer","Parallel Aware": false,"Async Capable": false,"Relation Name": "lineitem","Alias": "lineitem_1","Startup Cost": 4.67,"Total Cost": 127.52,"Plan Rows": 31,"Plan Width": 5,"Actual Startup Time": 0.013,"Actual Total Time": 0.116,"Actual Rows": 31,"Actual Loops": 5891,"Recheck Cond": "(l_partkey = part.p_partkey)","Rows Removed by Index Recheck": 0,"Exact Heap Blocks": 183076,"Lossy Heap Blocks": 0,"Plans": [{"Node Type": "Bitmap Index Scan","Parent Relationship": "Outer","Parallel Aware": false,"Async Capable": false,"Index Name": "idx_lineitem_part_supp","Startup Cost": 0.00,"Total Cost": 4.67,"Plan Rows": 31,"Plan Width": 0,"Actual Startup Time": 0.007,"Actual Total Time": 0.007,"Actual Rows": 31,"Actual Loops": 5891,"Index Cond": "(l_partkey = part.p_partkey)"}]}]}]}]},"Planning Time": 4.326,"Triggers": [],"Execution Time": 4875.801}]
[{"Plan": {"Node Type": "Aggregate","Strategy": "Plain","Partial Mode": "Simple","Parallel Aware": false,"Async Capable": false,"Startup Cost": 195919.30,"Total Cost": 195919.31,"Plan Rows": 1,"Plan Width": 32,"Actual Startup Time": 4822.122,"Actual Total Time": 4822.770,"Actual Rows": 1,"Actual Loops": 1,"Plans": [{"Node Type": "Hash Join","Parent Relationship": "Outer","Parallel Aware": false,"Async Capable": false,"Join Type": "Inner","Startup Cost": 6369.70,"Total Cost": 195914.25,"Plan Rows": 2018,"Plan Width": 8,"Actual Startup Time": 58.037,"Actual Total Time": 4822.320,"Actual Rows": 552,"Actual Loops": 1,"Inner Unique": true,"Hash Cond": "(lineitem.l_partkey = part.p_partkey)","Join Filter": "(lineitem.l_quantity < (SubPlan 1))","Rows Removed by Join Filter": 5351,"Plans": [{"Node Type": "Seq Scan","Parent Relationship": "Outer","Parallel Aware": false,"Async Capable": false,"Relation Name": "lineitem","Alias": "lineitem","Startup Cost": 0.00,"Total Cost": 172515.15,"Plan Rows": 6001215,"Plan Width": 17,"Actual Startup Time": 0.019,"Actual Total Time": 942.769,"Actual Rows": 6001215,"Actual Loops": 1},{"Node Type": "Hash","Parent Relationship": "Inner","Parallel Aware": false,"Async Capable": false,"Startup Cost": 6367.18,"Total Cost": 6367.18,"Plan Rows": 202,"Plan Width": 4,"Actual Startup Time": 30.491,"Actual Total Time": 31.110,"Actual Rows": 200,"Actual Loops": 1,"Hash Buckets": 1024,"Original Hash Buckets": 1024,"Hash Batches": 1,"Original Hash Batches": 1,"Peak Memory Usage": 16,"Plans": [{"Node Type": "Gather","Parent Relationship": "Outer","Parallel Aware": false,"Async Capable": false,"Startup Cost": 1000.00,"Total Cost": 6367.18,"Plan Rows": 202,"Plan Width": 4,"Actual Startup Time": 0.829,"Actual Total Time": 31.013,"Actual Rows": 200,"Actual Loops": 1,"Workers Planned": 2,"Workers Launched": 2,"Single Copy": false,"Plans": [{"Node Type": "Seq Scan","Parent Relationship": "Outer","Parallel Aware": true,"Async Capable": false,"Relation Name": "part","Alias": "part","Startup Cost": 0.00,"Total Cost": 5347.00,"Plan Rows": 84,"Plan Width": 4,"Actual Startup Time": 0.371,"Actual Total Time": 24.733,"Actual Rows": 67,"Actual Loops": 3,"Filter": "((p_brand = 'Brand#31'::bpchar) AND (p_container = 'MED PACK'::bpchar))","Rows Removed by Filter": 66600,"Workers": []}]}]},{"Node Type": "Aggregate","Strategy": "Plain","Partial Mode": "Simple","Parent Relationship": "SubPlan","Subplan Name": "SubPlan 1","Parallel Aware": false,"Async Capable": false,"Startup Cost": 127.60,"Total Cost": 127.61,"Plan Rows": 1,"Plan Width": 32,"Actual Startup Time": 0.125,"Actual Total Time": 0.125,"Actual Rows": 1,"Actual Loops": 5903,"Plans": [{"Node Type": "Bitmap Heap Scan","Parent Relationship": "Outer","Parallel Aware": false,"Async Capable": false,"Relation Name": "lineitem","Alias": "lineitem_1","Startup Cost": 4.67,"Total Cost": 127.52,"Plan Rows": 31,"Plan Width": 5,"Actual Startup Time": 0.014,"Actual Total Time": 0.118,"Actual Rows": 30,"Actual Loops": 5903,"Recheck Cond": "(l_partkey = part.p_partkey)","Rows Removed by Index Recheck": 0,"Exact Heap Blocks": 179723,"Lossy Heap Blocks": 0,"Plans": [{"Node Type": "Bitmap Index Scan","Parent Relationship": "Outer","Parallel Aware": false,"Async Capable": false,"Index Name": "idx_lineitem_part_supp","Startup Cost": 0.00,"Total Cost": 4.67,"Plan Rows": 31,"Plan Width": 0,"Actual Startup Time": 0.007,"Actual Total Time": 0.007,"Actual Rows": 30,"Actual Loops": 5903,"Index Cond": "(l_partkey = part.p_partkey)"}]}]}]}]},"Planning Time": 4.963,"Triggers": [],"Execution Time": 4823.148}]
[{"Plan": {"Node Type": "Aggregate","Strategy": "Plain","Partial Mode": "Simple","Parallel Aware": false,"Async Capable": false,"Startup Cost": 195919.37,"Total Cost": 195919.38,"Plan Rows": 1,"Plan Width": 32,"Actual Startup Time": 4893.019,"Actual Total Time": 4893.558,"Actual Rows": 1,"Actual Loops": 1,"Plans": [{"Node Type": "Hash Join","Parent Relationship": "Outer","Parallel Aware": false,"Async Capable": false,"Join Type": "Inner","Startup Cost": 6369.76,"Total Cost": 195914.31,"Plan Rows": 2023,"Plan Width": 8,"Actual Startup Time": 99.820,"Actual Total Time": 4893.342,"Actual Rows": 499,"Actual Loops": 1,"Inner Unique": true,"Hash Cond": "(lineitem.l_partkey = part.p_partkey)","Join Filter": "(lineitem.l_quantity < (SubPlan 1))","Rows Removed by Join Filter": 5067,"Plans": [{"Node Type": "Seq Scan","Parent Relationship": "Outer","Parallel Aware": false,"Async Capable": false,"Relation Name": "lineitem","Alias": "lineitem","Startup Cost": 0.00,"Total Cost": 172515.15,"Plan Rows": 6001215,"Plan Width": 17,"Actual Startup Time": 0.010,"Actual Total Time": 1029.442,"Actual Rows": 6001215,"Actual Loops": 1},{"Node Type": "Hash","Parent Relationship": "Inner","Parallel Aware": false,"Async Capable": false,"Startup Cost": 6367.23,"Total Cost": 6367.23,"Plan Rows": 202,"Plan Width": 4,"Actual Startup Time": 32.339,"Actual Total Time": 32.857,"Actual Rows": 181,"Actual Loops": 1,"Hash Buckets": 1024,"Original Hash Buckets": 1024,"Hash Batches": 1,"Original Hash Batches": 1,"Peak Memory Usage": 15,"Plans": [{"Node Type": "Gather","Parent Relationship": "Outer","Parallel Aware": false,"Async Capable": false,"Startup Cost": 1000.00,"Total Cost": 6367.23,"Plan Rows": 202,"Plan Width": 4,"Actual Startup Time": 0.529,"Actual Total Time": 32.815,"Actual Rows": 181,"Actual Loops": 1,"Workers Planned": 2,"Workers Launched": 2,"Single Copy": false,"Plans": [{"Node Type": "Seq Scan","Parent Relationship": "Outer","Parallel Aware": true,"Async Capable": false,"Relation Name": "part","Alias": "part","Startup Cost": 0.00,"Total Cost": 5347.00,"Plan Rows": 84,"Plan Width": 4,"Actual Startup Time": 0.599,"Actual Total Time": 26.616,"Actual Rows": 60,"Actual Loops": 3,"Filter": "((p_brand = 'Brand#34'::bpchar) AND (p_container = 'MED DRUM'::bpchar))","Rows Removed by Filter": 66606,"Workers": []}]}]},{"Node Type": "Aggregate","Strategy": "Plain","Partial Mode": "Simple","Parent Relationship": "SubPlan","Subplan Name": "SubPlan 1","Parallel Aware": false,"Async Capable": false,"Startup Cost": 127.60,"Total Cost": 127.61,"Plan Rows": 1,"Plan Width": 32,"Actual Startup Time": 0.147,"Actual Total Time": 0.147,"Actual Rows": 1,"Actual Loops": 5566,"Plans": [{"Node Type": "Bitmap Heap Scan","Parent Relationship": "Outer","Parallel Aware": false,"Async Capable": false,"Relation Name": "lineitem","Alias": "lineitem_1","Startup Cost": 4.67,"Total Cost": 127.52,"Plan Rows": 31,"Plan Width": 5,"Actual Startup Time": 0.014,"Actual Total Time": 0.139,"Actual Rows": 32,"Actual Loops": 5566,"Recheck Cond": "(l_partkey = part.p_partkey)","Rows Removed by Index Recheck": 0,"Exact Heap Blocks": 177461,"Lossy Heap Blocks": 0,"Plans": [{"Node Type": "Bitmap Index Scan","Parent Relationship": "Outer","Parallel Aware": false,"Async Capable": false,"Index Name": "idx_lineitem_part_supp","Startup Cost": 0.00,"Total Cost": 4.67,"Plan Rows": 31,"Plan Width": 0,"Actual Startup Time": 0.008,"Actual Total Time": 0.008,"Actual Rows": 32,"Actual Loops": 5566,"Index Cond": "(l_partkey = part.p_partkey)"}]}]}]}]},"Planning Time": 5.952,"Triggers": [],"Execution Time": 4893.822}]
[{"Plan": {"Node Type": "Aggregate","Strategy": "Plain","Partial Mode": "Simple","Parallel Aware": false,"Async Capable": false,"Startup Cost": 195915.65,"Total Cost": 195915.67,"Plan Rows": 1,"Plan Width": 32,"Actual Startup Time": 4928.237,"Actual Total Time": 4928.913,"Actual Rows": 1,"Actual Loops": 1,"Plans": [{"Node Type": "Hash Join","Parent Relationship": "Outer","Parallel Aware": false,"Async Capable": false,"Join Type": "Inner","Startup Cost": 6366.71,"Total Cost": 195911.27,"Plan Rows": 1753,"Plan Width": 8,"Actual Startup Time": 38.256,"Actual Total Time": 4928.433,"Actual Rows": 548,"Actual Loops": 1,"Inner Unique": true,"Hash Cond": "(lineitem.l_partkey = part.p_partkey)","Join Filter": "(lineitem.l_quantity < (SubPlan 1))","Rows Removed by Join Filter": 5850,"Plans": [{"Node Type": "Seq Scan","Parent Relationship": "Outer","Parallel Aware": false,"Async Capable": false,"Relation Name": "lineitem","Alias": "lineitem","Startup Cost": 0.00,"Total Cost": 172515.15,"Plan Rows": 6001215,"Plan Width": 17,"Actual Startup Time": 0.025,"Actual Total Time": 980.795,"Actual Rows": 6001215,"Actual Loops": 1},{"Node Type": "Hash","Parent Relationship": "Inner","Parallel Aware": false,"Async Capable": false,"Startup Cost": 6364.52,"Total Cost": 6364.52,"Plan Rows": 175,"Plan Width": 4,"Actual Startup Time": 33.328,"Actual Total Time": 33.964,"Actual Rows": 215,"Actual Loops": 1,"Hash Buckets": 1024,"Original Hash Buckets": 1024,"Hash Batches": 1,"Original Hash Batches": 1,"Peak Memory Usage": 16,"Plans": [{"Node Type": "Gather","Parent Relationship": "Outer","Parallel Aware": false,"Async Capable": false,"Startup Cost": 1000.00,"Total Cost": 6364.52,"Plan Rows": 175,"Plan Width": 4,"Actual Startup Time": 2.340,"Actual Total Time": 33.846,"Actual Rows": 215,"Actual Loops": 1,"Workers Planned": 2,"Workers Launched": 2,"Single Copy": false,"Plans": [{"Node Type": "Seq Scan","Parent Relationship": "Outer","Parallel Aware": true,"Async Capable": false,"Relation Name": "part","Alias": "part","Startup Cost": 0.00,"Total Cost": 5347.00,"Plan Rows": 73,"Plan Width": 4,"Actual Startup Time": 0.852,"Actual Total Time": 27.730,"Actual Rows": 72,"Actual Loops": 3,"Filter": "((p_brand = 'Brand#43'::bpchar) AND (p_container = 'WRAP PACK'::bpchar))","Rows Removed by Filter": 66595,"Workers": []}]}]},{"Node Type": "Aggregate","Strategy": "Plain","Partial Mode": "Simple","Parent Relationship": "SubPlan","Subplan Name": "SubPlan 1","Parallel Aware": false,"Async Capable": false,"Startup Cost": 127.60,"Total Cost": 127.61,"Plan Rows": 1,"Plan Width": 32,"Actual Startup Time": 0.120,"Actual Total Time": 0.120,"Actual Rows": 1,"Actual Loops": 6398,"Plans": [{"Node Type": "Bitmap Heap Scan","Parent Relationship": "Outer","Parallel Aware": false,"Async Capable": false,"Relation Name": "lineitem","Alias": "lineitem_1","Startup Cost": 4.67,"Total Cost": 127.52,"Plan Rows": 31,"Plan Width": 5,"Actual Startup Time": 0.013,"Actual Total Time": 0.113,"Actual Rows": 31,"Actual Loops": 6398,"Recheck Cond": "(l_partkey = part.p_partkey)","Rows Removed by Index Recheck": 0,"Exact Heap Blocks": 197350,"Lossy Heap Blocks": 0,"Plans": [{"Node Type": "Bitmap Index Scan","Parent Relationship": "Outer","Parallel Aware": false,"Async Capable": false,"Index Name": "idx_lineitem_part_supp","Startup Cost": 0.00,"Total Cost": 4.67,"Plan Rows": 31,"Plan Width": 0,"Actual Startup Time": 0.007,"Actual Total Time": 0.007,"Actual Rows": 31,"Actual Loops": 6398,"Index Cond": "(l_partkey = part.p_partkey)"}]}]}]}]},"Planning Time": 6.034,"Triggers": [],"Execution Time": 4929.467}]
[{"Plan": {"Node Type": "Aggregate","Strategy": "Plain","Partial Mode": "Simple","Parallel Aware": false,"Async Capable": false,"Startup Cost": 195918.38,"Total Cost": 195918.39,"Plan Rows": 1,"Plan Width": 32,"Actual Startup Time": 4798.764,"Actual Total Time": 4799.426,"Actual Rows": 1,"Actual Loops": 1,"Plans": [{"Node Type": "Hash Join","Parent Relationship": "Outer","Parallel Aware": false,"Async Capable": false,"Join Type": "Inner","Startup Cost": 6368.95,"Total Cost": 195913.50,"Plan Rows": 1951,"Plan Width": 8,"Actual Startup Time": 36.064,"Actual Total Time": 4799.066,"Actual Rows": 512,"Actual Loops": 1,"Inner Unique": true,"Hash Cond": "(lineitem.l_partkey = part.p_partkey)","Join Filter": "(lineitem.l_quantity < (SubPlan 1))","Rows Removed by Join Filter": 5490,"Plans": [{"Node Type": "Seq Scan","Parent Relationship": "Outer","Parallel Aware": false,"Async Capable": false,"Relation Name": "lineitem","Alias": "lineitem","Startup Cost": 0.00,"Total Cost": 172515.15,"Plan Rows": 6001215,"Plan Width": 17,"Actual Startup Time": 0.021,"Actual Total Time": 939.700,"Actual Rows": 6001215,"Actual Loops": 1},{"Node Type": "Hash","Parent Relationship": "Inner","Parallel Aware": false,"Async Capable": false,"Startup Cost": 6366.51,"Total Cost": 6366.51,"Plan Rows": 195,"Plan Width": 4,"Actual Startup Time": 30.214,"Actual Total Time": 30.862,"Actual Rows": 195,"Actual Loops": 1,"Hash Buckets": 1024,"Original Hash Buckets": 1024,"Hash Batches": 1,"Original Hash Batches": 1,"Peak Memory Usage": 15,"Plans": [{"Node Type": "Gather","Parent Relationship": "Outer","Parallel Aware": false,"Async Capable": false,"Startup Cost": 1000.00,"Total Cost": 6366.51,"Plan Rows": 195,"Plan Width": 4,"Actual Startup Time": 0.885,"Actual Total Time": 30.788,"Actual Rows": 195,"Actual Loops": 1,"Workers Planned": 2,"Workers Launched": 2,"Single Copy": false,"Plans": [{"Node Type": "Seq Scan","Parent Relationship": "Outer","Parallel Aware": true,"Async Capable": false,"Relation Name": "part","Alias": "part","Startup Cost": 0.00,"Total Cost": 5347.00,"Plan Rows": 81,"Plan Width": 4,"Actual Startup Time": 0.236,"Actual Total Time": 24.365,"Actual Rows": 65,"Actual Loops": 3,"Filter": "((p_brand = 'Brand#54'::bpchar) AND (p_container = 'JUMBO DRUM'::bpchar))","Rows Removed by Filter": 66602,"Workers": []}]}]},{"Node Type": "Aggregate","Strategy": "Plain","Partial Mode": "Simple","Parent Relationship": "SubPlan","Subplan Name": "SubPlan 1","Parallel Aware": false,"Async Capable": false,"Startup Cost": 127.60,"Total Cost": 127.61,"Plan Rows": 1,"Plan Width": 32,"Actual Startup Time": 0.125,"Actual Total Time": 0.125,"Actual Rows": 1,"Actual Loops": 6002,"Plans": [{"Node Type": "Bitmap Heap Scan","Parent Relationship": "Outer","Parallel Aware": false,"Async Capable": false,"Relation Name": "lineitem","Alias": "lineitem_1","Startup Cost": 4.67,"Total Cost": 127.52,"Plan Rows": 31,"Plan Width": 5,"Actual Startup Time": 0.013,"Actual Total Time": 0.118,"Actual Rows": 32,"Actual Loops": 6002,"Recheck Cond": "(l_partkey = part.p_partkey)","Rows Removed by Index Recheck": 0,"Exact Heap Blocks": 191460,"Lossy Heap Blocks": 0,"Plans": [{"Node Type": "Bitmap Index Scan","Parent Relationship": "Outer","Parallel Aware": false,"Async Capable": false,"Index Name": "idx_lineitem_part_supp","Startup Cost": 0.00,"Total Cost": 4.67,"Plan Rows": 31,"Plan Width": 0,"Actual Startup Time": 0.007,"Actual Total Time": 0.007,"Actual Rows": 32,"Actual Loops": 6002,"Index Cond": "(l_partkey = part.p_partkey)"}]}]}]}]},"Planning Time": 5.166,"Triggers": [],"Execution Time": 4799.734}]
[{"Plan": {"Node Type": "Aggregate","Strategy": "Plain","Partial Mode": "Simple","Parallel Aware": false,"Async Capable": false,"Startup Cost": 195919.40,"Total Cost": 195919.41,"Plan Rows": 1,"Plan Width": 32,"Actual Startup Time": 4803.766,"Actual Total Time": 4804.429,"Actual Rows": 1,"Actual Loops": 1,"Plans": [{"Node Type": "Hash Join","Parent Relationship": "Outer","Parallel Aware": false,"Async Capable": false,"Join Type": "Inner","Startup Cost": 6369.78,"Total Cost": 195914.33,"Plan Rows": 2025,"Plan Width": 8,"Actual Startup Time": 32.733,"Actual Total Time": 4804.222,"Actual Rows": 500,"Actual Loops": 1,"Inner Unique": true,"Hash Cond": "(lineitem.l_partkey = part.p_partkey)","Join Filter": "(lineitem.l_quantity < (SubPlan 1))","Rows Removed by Join Filter": 5257,"Plans": [{"Node Type": "Seq Scan","Parent Relationship": "Outer","Parallel Aware": false,"Async Capable": false,"Relation Name": "lineitem","Alias": "lineitem","Startup Cost": 0.00,"Total Cost": 172515.15,"Plan Rows": 6001215,"Plan Width": 17,"Actual Startup Time": 0.014,"Actual Total Time": 1012.644,"Actual Rows": 6001215,"Actual Loops": 1},{"Node Type": "Hash","Parent Relationship": "Inner","Parallel Aware": false,"Async Capable": false,"Startup Cost": 6367.25,"Total Cost": 6367.25,"Plan Rows": 202,"Plan Width": 4,"Actual Startup Time": 31.824,"Actual Total Time": 32.466,"Actual Rows": 197,"Actual Loops": 1,"Hash Buckets": 1024,"Original Hash Buckets": 1024,"Hash Batches": 1,"Original Hash Batches": 1,"Peak Memory Usage": 15,"Plans": [{"Node Type": "Gather","Parent Relationship": "Outer","Parallel Aware": false,"Async Capable": false,"Startup Cost": 1000.00,"Total Cost": 6367.25,"Plan Rows": 202,"Plan Width": 4,"Actual Startup Time": 0.697,"Actual Total Time": 32.415,"Actual Rows": 197,"Actual Loops": 1,"Workers Planned": 2,"Workers Launched": 2,"Single Copy": false,"Plans": [{"Node Type": "Seq Scan","Parent Relationship": "Outer","Parallel Aware": true,"Async Capable": false,"Relation Name": "part","Alias": "part","Startup Cost": 0.00,"Total Cost": 5347.00,"Plan Rows": 84,"Plan Width": 4,"Actual Startup Time": 1.040,"Actual Total Time": 25.806,"Actual Rows": 66,"Actual Loops": 3,"Filter": "((p_brand = 'Brand#15'::bpchar) AND (p_container = 'WRAP BOX'::bpchar))","Rows Removed by Filter": 66601,"Workers": []}]}]},{"Node Type": "Aggregate","Strategy": "Plain","Partial Mode": "Simple","Parent Relationship": "SubPlan","Subplan Name": "SubPlan 1","Parallel Aware": false,"Async Capable": false,"Startup Cost": 127.60,"Total Cost": 127.61,"Plan Rows": 1,"Plan Width": 32,"Actual Startup Time": 0.131,"Actual Total Time": 0.131,"Actual Rows": 1,"Actual Loops": 5757,"Plans": [{"Node Type": "Bitmap Heap Scan","Parent Relationship": "Outer","Parallel Aware": false,"Async Capable": false,"Relation Name": "lineitem","Alias": "lineitem_1","Startup Cost": 4.67,"Total Cost": 127.52,"Plan Rows": 31,"Plan Width": 5,"Actual Startup Time": 0.014,"Actual Total Time": 0.124,"Actual Rows": 30,"Actual Loops": 5757,"Recheck Cond": "(l_partkey = part.p_partkey)","Rows Removed by Index Recheck": 0,"Exact Heap Blocks": 174599,"Lossy Heap Blocks": 0,"Plans": [{"Node Type": "Bitmap Index Scan","Parent Relationship": "Outer","Parallel Aware": false,"Async Capable": false,"Index Name": "idx_lineitem_part_supp","Startup Cost": 0.00,"Total Cost": 4.67,"Plan Rows": 31,"Plan Width": 0,"Actual Startup Time": 0.008,"Actual Total Time": 0.008,"Actual Rows": 30,"Actual Loops": 5757,"Index Cond": "(l_partkey = part.p_partkey)"}]}]}]}]},"Planning Time": 4.748,"Triggers": [],"Execution Time": 4804.681}]
[{"Plan": {"Node Type": "Aggregate","Strategy": "Plain","Partial Mode": "Simple","Parallel Aware": false,"Async Capable": false,"Startup Cost": 195918.20,"Total Cost": 195918.21,"Plan Rows": 1,"Plan Width": 32,"Actual Startup Time": 4904.799,"Actual Total Time": 4905.345,"Actual Rows": 1,"Actual Loops": 1,"Plans": [{"Node Type": "Hash Join","Parent Relationship": "Outer","Parallel Aware": false,"Async Capable": false,"Join Type": "Inner","Startup Cost": 6368.80,"Total Cost": 195913.35,"Plan Rows": 1938,"Plan Width": 8,"Actual Startup Time": 38.941,"Actual Total Time": 4905.164,"Actual Rows": 507,"Actual Loops": 1,"Inner Unique": true,"Hash Cond": "(lineitem.l_partkey = part.p_partkey)","Join Filter": "(lineitem.l_quantity < (SubPlan 1))","Rows Removed by Join Filter": 5079,"Plans": [{"Node Type": "Seq Scan","Parent Relationship": "Outer","Parallel Aware": false,"Async Capable": false,"Relation Name": "lineitem","Alias": "lineitem","Startup Cost": 0.00,"Total Cost": 172515.15,"Plan Rows": 6001215,"Plan Width": 17,"Actual Startup Time": 0.023,"Actual Total Time": 1034.045,"Actual Rows": 6001215,"Actual Loops": 1},{"Node Type": "Hash","Parent Relationship": "Inner","Parallel Aware": false,"Async Capable": false,"Startup Cost": 6366.38,"Total Cost": 6366.38,"Plan Rows": 194,"Plan Width": 4,"Actual Startup Time": 33.781,"Actual Total Time": 34.308,"Actual Rows": 185,"Actual Loops": 1,"Hash Buckets": 1024,"Original Hash Buckets": 1024,"Hash Batches": 1,"Original Hash Batches": 1,"Peak Memory Usage": 15,"Plans": [{"Node Type": "Gather","Parent Relationship": "Outer","Parallel Aware": false,"Async Capable": false,"Startup Cost": 1000.00,"Total Cost": 6366.38,"Plan Rows": 194,"Plan Width": 4,"Actual Startup Time": 1.076,"Actual Total Time": 34.261,"Actual Rows": 185,"Actual Loops": 1,"Workers Planned": 2,"Workers Launched": 2,"Single Copy": false,"Plans": [{"Node Type": "Seq Scan","Parent Relationship": "Outer","Parallel Aware": true,"Async Capable": false,"Relation Name": "part","Alias": "part","Startup Cost": 0.00,"Total Cost": 5347.00,"Plan Rows": 81,"Plan Width": 4,"Actual Startup Time": 0.565,"Actual Total Time": 27.814,"Actual Rows": 62,"Actual Loops": 3,"Filter": "((p_brand = 'Brand#11'::bpchar) AND (p_container = 'JUMBO BOX'::bpchar))","Rows Removed by Filter": 66605,"Workers": []}]}]},{"Node Type": "Aggregate","Strategy": "Plain","Partial Mode": "Simple","Parent Relationship": "SubPlan","Subplan Name": "SubPlan 1","Parallel Aware": false,"Async Capable": false,"Startup Cost": 127.60,"Total Cost": 127.61,"Plan Rows": 1,"Plan Width": 32,"Actual Startup Time": 0.146,"Actual Total Time": 0.146,"Actual Rows": 1,"Actual Loops": 5586,"Plans": [{"Node Type": "Bitmap Heap Scan","Parent Relationship": "Outer","Parallel Aware": false,"Async Capable": false,"Relation Name": "lineitem","Alias": "lineitem_1","Startup Cost": 4.67,"Total Cost": 127.52,"Plan Rows": 31,"Plan Width": 5,"Actual Startup Time": 0.014,"Actual Total Time": 0.138,"Actual Rows": 31,"Actual Loops": 5586,"Recheck Cond": "(l_partkey = part.p_partkey)","Rows Removed by Index Recheck": 0,"Exact Heap Blocks": 174126,"Lossy Heap Blocks": 0,"Plans": [{"Node Type": "Bitmap Index Scan","Parent Relationship": "Outer","Parallel Aware": false,"Async Capable": false,"Index Name": "idx_lineitem_part_supp","Startup Cost": 0.00,"Total Cost": 4.67,"Plan Rows": 31,"Plan Width": 0,"Actual Startup Time": 0.008,"Actual Total Time": 0.008,"Actual Rows": 31,"Actual Loops": 5586,"Index Cond": "(l_partkey = part.p_partkey)"}]}]}]}]},"Planning Time": 4.627,"Triggers": [],"Execution Time": 4905.671}]
[{"Plan": {"Node Type": "Aggregate","Strategy": "Plain","Partial Mode": "Simple","Parallel Aware": false,"Async Capable": false,"Startup Cost": 195917.68,"Total Cost": 195917.69,"Plan Rows": 1,"Plan Width": 32,"Actual Startup Time": 4846.180,"Actual Total Time": 4846.691,"Actual Rows": 1,"Actual Loops": 1,"Plans": [{"Node Type": "Hash Join","Parent Relationship": "Outer","Parallel Aware": false,"Async Capable": false,"Join Type": "Inner","Startup Cost": 6368.38,"Total Cost": 195912.93,"Plan Rows": 1900,"Plan Width": 8,"Actual Startup Time": 50.900,"Actual Total Time": 4846.446,"Actual Rows": 484,"Actual Loops": 1,"Inner Unique": true,"Hash Cond": "(lineitem.l_partkey = part.p_partkey)","Join Filter": "(lineitem.l_quantity < (SubPlan 1))","Rows Removed by Join Filter": 5067,"Plans": [{"Node Type": "Seq Scan","Parent Relationship": "Outer","Parallel Aware": false,"Async Capable": false,"Relation Name": "lineitem","Alias": "lineitem","Startup Cost": 0.00,"Total Cost": 172515.15,"Plan Rows": 6001215,"Plan Width": 17,"Actual Startup Time": 0.011,"Actual Total Time": 1023.806,"Actual Rows": 6001215,"Actual Loops": 1},{"Node Type": "Hash","Parent Relationship": "Inner","Parallel Aware": false,"Async Capable": false,"Startup Cost": 6366.00,"Total Cost": 6366.00,"Plan Rows": 190,"Plan Width": 4,"Actual Startup Time": 32.824,"Actual Total Time": 33.318,"Actual Rows": 184,"Actual Loops": 1,"Hash Buckets": 1024,"Original Hash Buckets": 1024,"Hash Batches": 1,"Original Hash Batches": 1,"Peak Memory Usage": 15,"Plans": [{"Node Type": "Gather","Parent Relationship": "Outer","Parallel Aware": false,"Async Capable": false,"Startup Cost": 1000.00,"Total Cost": 6366.00,"Plan Rows": 190,"Plan Width": 4,"Actual Startup Time": 4.931,"Actual Total Time": 33.259,"Actual Rows": 184,"Actual Loops": 1,"Workers Planned": 2,"Workers Launched": 2,"Single Copy": false,"Plans": [{"Node Type": "Seq Scan","Parent Relationship": "Outer","Parallel Aware": true,"Async Capable": false,"Relation Name": "part","Alias": "part","Startup Cost": 0.00,"Total Cost": 5347.00,"Plan Rows": 79,"Plan Width": 4,"Actual Startup Time": 1.638,"Actual Total Time": 26.914,"Actual Rows": 61,"Actual Loops": 3,"Filter": "((p_brand = 'Brand#32'::bpchar) AND (p_container = 'WRAP BAG'::bpchar))","Rows Removed by Filter": 66605,"Workers": []}]}]},{"Node Type": "Aggregate","Strategy": "Plain","Partial Mode": "Simple","Parent Relationship": "SubPlan","Subplan Name": "SubPlan 1","Parallel Aware": false,"Async Capable": false,"Startup Cost": 127.60,"Total Cost": 127.61,"Plan Rows": 1,"Plan Width": 32,"Actual Startup Time": 0.146,"Actual Total Time": 0.146,"Actual Rows": 1,"Actual Loops": 5551,"Plans": [{"Node Type": "Bitmap Heap Scan","Parent Relationship": "Outer","Parallel Aware": false,"Async Capable": false,"Relation Name": "lineitem","Alias": "lineitem_1","Startup Cost": 4.67,"Total Cost": 127.52,"Plan Rows": 31,"Plan Width": 5,"Actual Startup Time": 0.014,"Actual Total Time": 0.138,"Actual Rows": 31,"Actual Loops": 5551,"Recheck Cond": "(l_partkey = part.p_partkey)","Rows Removed by Index Recheck": 0,"Exact Heap Blocks": 174225,"Lossy Heap Blocks": 0,"Plans": [{"Node Type": "Bitmap Index Scan","Parent Relationship": "Outer","Parallel Aware": false,"Async Capable": false,"Index Name": "idx_lineitem_part_supp","Startup Cost": 0.00,"Total Cost": 4.67,"Plan Rows": 31,"Plan Width": 0,"Actual Startup Time": 0.008,"Actual Total Time": 0.008,"Actual Rows": 31,"Actual Loops": 5551,"Index Cond": "(l_partkey = part.p_partkey)"}]}]}]}]},"Planning Time": 5.772,"Triggers": [],"Execution Time": 4846.971}]
[{"Plan": {"Node Type": "Aggregate","Strategy": "Plain","Partial Mode": "Simple","Parallel Aware": false,"Async Capable": false,"Startup Cost": 195918.78,"Total Cost": 195918.79,"Plan Rows": 1,"Plan Width": 32,"Actual Startup Time": 4878.277,"Actual Total Time": 4878.833,"Actual Rows": 1,"Actual Loops": 1,"Plans": [{"Node Type": "Hash Join","Parent Relationship": "Outer","Parallel Aware": false,"Async Capable": false,"Join Type": "Inner","Startup Cost": 6369.27,"Total Cost": 195913.82,"Plan Rows": 1980,"Plan Width": 8,"Actual Startup Time": 43.666,"Actual Total Time": 4878.640,"Actual Rows": 493,"Actual Loops": 1,"Inner Unique": true,"Hash Cond": "(lineitem.l_partkey = part.p_partkey)","Join Filter": "(lineitem.l_quantity < (SubPlan 1))","Rows Removed by Join Filter": 5176,"Plans": [{"Node Type": "Seq Scan","Parent Relationship": "Outer","Parallel Aware": false,"Async Capable": false,"Relation Name": "lineitem","Alias": "lineitem","Startup Cost": 0.00,"Total Cost": 172515.15,"Plan Rows": 6001215,"Plan Width": 17,"Actual Startup Time": 0.010,"Actual Total Time": 1030.368,"Actual Rows": 6001215,"Actual Loops": 1},{"Node Type": "Hash","Parent Relationship": "Inner","Parallel Aware": false,"Async Capable": false,"Startup Cost": 6366.80,"Total Cost": 6366.80,"Plan Rows": 198,"Plan Width": 4,"Actual Startup Time": 33.322,"Actual Total Time": 33.858,"Actual Rows": 186,"Actual Loops": 1,"Hash Buckets": 1024,"Original Hash Buckets": 1024,"Hash Batches": 1,"Original Hash Batches": 1,"Peak Memory Usage": 15,"Plans": [{"Node Type": "Gather","Parent Relationship": "Outer","Parallel Aware": false,"Async Capable": false,"Startup Cost": 1000.00,"Total Cost": 6366.80,"Plan Rows": 198,"Plan Width": 4,"Actual Startup Time": 1.261,"Actual Total Time": 33.810,"Actual Rows": 186,"Actual Loops": 1,"Workers Planned": 2,"Workers Launched": 2,"Single Copy": false,"Plans": [{"Node Type": "Seq Scan","Parent Relationship": "Outer","Parallel Aware": true,"Async Capable": false,"Relation Name": "part","Alias": "part","Startup Cost": 0.00,"Total Cost": 5347.00,"Plan Rows": 82,"Plan Width": 4,"Actual Startup Time": 1.544,"Actual Total Time": 27.359,"Actual Rows": 62,"Actual Loops": 3,"Filter": "((p_brand = 'Brand#54'::bpchar) AND (p_container = 'MED BOX'::bpchar))","Rows Removed by Filter": 66605,"Workers": []}]}]},{"Node Type": "Aggregate","Strategy": "Plain","Partial Mode": "Simple","Parent Relationship": "SubPlan","Subplan Name": "SubPlan 1","Parallel Aware": false,"Async Capable": false,"Startup Cost": 127.60,"Total Cost": 127.61,"Plan Rows": 1,"Plan Width": 32,"Actual Startup Time": 0.145,"Actual Total Time": 0.145,"Actual Rows": 1,"Actual Loops": 5669,"Plans": [{"Node Type": "Bitmap Heap Scan","Parent Relationship": "Outer","Parallel Aware": false,"Async Capable": false,"Relation Name": "lineitem","Alias": "lineitem_1","Startup Cost": 4.67,"Total Cost": 127.52,"Plan Rows": 31,"Plan Width": 5,"Actual Startup Time": 0.014,"Actual Total Time": 0.137,"Actual Rows": 31,"Actual Loops": 5669,"Recheck Cond": "(l_partkey = part.p_partkey)","Rows Removed by Index Recheck": 0,"Exact Heap Blocks": 177880,"Lossy Heap Blocks": 0,"Plans": [{"Node Type": "Bitmap Index Scan","Parent Relationship": "Outer","Parallel Aware": false,"Async Capable": false,"Index Name": "idx_lineitem_part_supp","Startup Cost": 0.00,"Total Cost": 4.67,"Plan Rows": 31,"Plan Width": 0,"Actual Startup Time": 0.008,"Actual Total Time": 0.008,"Actual Rows": 31,"Actual Loops": 5669,"Index Cond": "(l_partkey = part.p_partkey)"}]}]}]}]},"Planning Time": 5.853,"Triggers": [],"Execution Time": 4879.081}]
[{"Plan": {"Node Type": "Aggregate","Strategy": "Plain","Partial Mode": "Simple","Parallel Aware": false,"Async Capable": false,"Startup Cost": 195920.17,"Total Cost": 195920.18,"Plan Rows": 1,"Plan Width": 32,"Actual Startup Time": 5069.936,"Actual Total Time": 5070.330,"Actual Rows": 1,"Actual Loops": 1,"Plans": [{"Node Type": "Hash Join","Parent Relationship": "Outer","Parallel Aware": false,"Async Capable": false,"Join Type": "Inner","Startup Cost": 6370.41,"Total Cost": 195914.96,"Plan Rows": 2081,"Plan Width": 8,"Actual Startup Time": 63.096,"Actual Total Time": 5070.072,"Actual Rows": 632,"Actual Loops": 1,"Inner Unique": true,"Hash Cond": "(lineitem.l_partkey = part.p_partkey)","Join Filter": "(lineitem.l_quantity < (SubPlan 1))","Rows Removed by Join Filter": 6248,"Plans": [{"Node Type": "Seq Scan","Parent Relationship": "Outer","Parallel Aware": false,"Async Capable": false,"Relation Name": "lineitem","Alias": "lineitem","Startup Cost": 0.00,"Total Cost": 172515.15,"Plan Rows": 6001215,"Plan Width": 17,"Actual Startup Time": 0.013,"Actual Total Time": 937.378,"Actual Rows": 6001215,"Actual Loops": 1},{"Node Type": "Hash","Parent Relationship": "Inner","Parallel Aware": false,"Async Capable": false,"Startup Cost": 6367.81,"Total Cost": 6367.81,"Plan Rows": 208,"Plan Width": 4,"Actual Startup Time": 30.437,"Actual Total Time": 30.817,"Actual Rows": 234,"Actual Loops": 1,"Hash Buckets": 1024,"Original Hash Buckets": 1024,"Hash Batches": 1,"Original Hash Batches": 1,"Peak Memory Usage": 17,"Plans": [{"Node Type": "Gather","Parent Relationship": "Outer","Parallel Aware": false,"Async Capable": false,"Startup Cost": 1000.00,"Total Cost": 6367.81,"Plan Rows": 208,"Plan Width": 4,"Actual Startup Time": 0.511,"Actual Total Time": 30.743,"Actual Rows": 234,"Actual Loops": 1,"Workers Planned": 2,"Workers Launched": 2,"Single Copy": false,"Plans": [{"Node Type": "Seq Scan","Parent Relationship": "Outer","Parallel Aware": true,"Async Capable": false,"Relation Name": "part","Alias": "part","Startup Cost": 0.00,"Total Cost": 5347.00,"Plan Rows": 87,"Plan Width": 4,"Actual Startup Time": 0.851,"Actual Total Time": 24.658,"Actual Rows": 78,"Actual Loops": 3,"Filter": "((p_brand = 'Brand#35'::bpchar) AND (p_container = 'JUMBO JAR'::bpchar))","Rows Removed by Filter": 66589,"Workers": []}]}]},{"Node Type": "Aggregate","Strategy": "Plain","Partial Mode": "Simple","Parent Relationship": "SubPlan","Subplan Name": "SubPlan 1","Parallel Aware": false,"Async Capable": false,"Startup Cost": 127.60,"Total Cost": 127.61,"Plan Rows": 1,"Plan Width": 32,"Actual Startup Time": 0.125,"Actual Total Time": 0.125,"Actual Rows": 1,"Actual Loops": 6880,"Plans": [{"Node Type": "Bitmap Heap Scan","Parent Relationship": "Outer","Parallel Aware": false,"Async Capable": false,"Relation Name": "lineitem","Alias": "lineitem_1","Startup Cost": 4.67,"Total Cost": 127.52,"Plan Rows": 31,"Plan Width": 5,"Actual Startup Time": 0.013,"Actual Total Time": 0.118,"Actual Rows": 30,"Actual Loops": 6880,"Recheck Cond": "(l_partkey = part.p_partkey)","Rows Removed by Index Recheck": 0,"Exact Heap Blocks": 208946,"Lossy Heap Blocks": 0,"Plans": [{"Node Type": "Bitmap Index Scan","Parent Relationship": "Outer","Parallel Aware": false,"Async Capable": false,"Index Name": "idx_lineitem_part_supp","Startup Cost": 0.00,"Total Cost": 4.67,"Plan Rows": 31,"Plan Width": 0,"Actual Startup Time": 0.007,"Actual Total Time": 0.007,"Actual Rows": 30,"Actual Loops": 6880,"Index Cond": "(l_partkey = part.p_partkey)"}]}]}]}]},"Planning Time": 5.568,"Triggers": [],"Execution Time": 5070.552}]
[{"Plan": {"Node Type": "Aggregate","Strategy": "Plain","Partial Mode": "Simple","Parallel Aware": false,"Async Capable": false,"Startup Cost": 195918.96,"Total Cost": 195918.97,"Plan Rows": 1,"Plan Width": 32,"Actual Startup Time": 5097.630,"Actual Total Time": 5098.490,"Actual Rows": 1,"Actual Loops": 1,"Plans": [{"Node Type": "Hash Join","Parent Relationship": "Outer","Parallel Aware": false,"Async Capable": false,"Join Type": "Inner","Startup Cost": 6369.42,"Total Cost": 195913.97,"Plan Rows": 1993,"Plan Width": 8,"Actual Startup Time": 33.652,"Actual Total Time": 5098.120,"Actual Rows": 584,"Actual Loops": 1,"Inner Unique": true,"Hash Cond": "(lineitem.l_partkey = part.p_partkey)","Join Filter": "(lineitem.l_quantity < (SubPlan 1))","Rows Removed by Join Filter": 5891,"Plans": [{"Node Type": "Seq Scan","Parent Relationship": "Outer","Parallel Aware": false,"Async Capable": false,"Relation Name": "lineitem","Alias": "lineitem","Startup Cost": 0.00,"Total Cost": 172515.15,"Plan Rows": 6001215,"Plan Width": 17,"Actual Startup Time": 0.019,"Actual Total Time": 1008.702,"Actual Rows": 6001215,"Actual Loops": 1},{"Node Type": "Hash","Parent Relationship": "Inner","Parallel Aware": false,"Async Capable": false,"Startup Cost": 6366.93,"Total Cost": 6366.93,"Plan Rows": 199,"Plan Width": 4,"Actual Startup Time": 30.879,"Actual Total Time": 31.683,"Actual Rows": 216,"Actual Loops": 1,"Hash Buckets": 1024,"Original Hash Buckets": 1024,"Hash Batches": 1,"Original Hash Batches": 1,"Peak Memory Usage": 16,"Plans": [{"Node Type": "Gather","Parent Relationship": "Outer","Parallel Aware": false,"Async Capable": false,"Startup Cost": 1000.00,"Total Cost": 6366.93,"Plan Rows": 199,"Plan Width": 4,"Actual Startup Time": 0.909,"Actual Total Time": 31.617,"Actual Rows": 216,"Actual Loops": 1,"Workers Planned": 2,"Workers Launched": 2,"Single Copy": false,"Plans": [{"Node Type": "Seq Scan","Parent Relationship": "Outer","Parallel Aware": true,"Async Capable": false,"Relation Name": "part","Alias": "part","Startup Cost": 0.00,"Total Cost": 5347.00,"Plan Rows": 83,"Plan Width": 4,"Actual Startup Time": 0.458,"Actual Total Time": 25.225,"Actual Rows": 72,"Actual Loops": 3,"Filter": "((p_brand = 'Brand#12'::bpchar) AND (p_container = 'MED CASE'::bpchar))","Rows Removed by Filter": 66595,"Workers": []}]}]},{"Node Type": "Aggregate","Strategy": "Plain","Partial Mode": "Simple","Parent Relationship": "SubPlan","Subplan Name": "SubPlan 1","Parallel Aware": false,"Async Capable": false,"Startup Cost": 127.60,"Total Cost": 127.61,"Plan Rows": 1,"Plan Width": 32,"Actual Startup Time": 0.144,"Actual Total Time": 0.144,"Actual Rows": 1,"Actual Loops": 6475,"Plans": [{"Node Type": "Bitmap Heap Scan","Parent Relationship": "Outer","Parallel Aware": false,"Async Capable": false,"Relation Name": "lineitem","Alias": "lineitem_1","Startup Cost": 4.67,"Total Cost": 127.52,"Plan Rows": 31,"Plan Width": 5,"Actual Startup Time": 0.014,"Actual Total Time": 0.136,"Actual Rows": 31,"Actual Loops": 6475,"Recheck Cond": "(l_partkey = part.p_partkey)","Rows Removed by Index Recheck": 0,"Exact Heap Blocks": 200411,"Lossy Heap Blocks": 0,"Plans": [{"Node Type": "Bitmap Index Scan","Parent Relationship": "Outer","Parallel Aware": false,"Async Capable": false,"Index Name": "idx_lineitem_part_supp","Startup Cost": 0.00,"Total Cost": 4.67,"Plan Rows": 31,"Plan Width": 0,"Actual Startup Time": 0.008,"Actual Total Time": 0.008,"Actual Rows": 31,"Actual Loops": 6475,"Index Cond": "(l_partkey = part.p_partkey)"}]}]}]}]},"Planning Time": 4.688,"Triggers": [],"Execution Time": 5098.880}]
[{"Plan": {"Node Type": "Aggregate","Strategy": "Plain","Partial Mode": "Simple","Parallel Aware": false,"Async Capable": false,"Startup Cost": 195920.81,"Total Cost": 195920.83,"Plan Rows": 1,"Plan Width": 32,"Actual Startup Time": 4867.044,"Actual Total Time": 4867.551,"Actual Rows": 1,"Actual Loops": 1,"Plans": [{"Node Type": "Hash Join","Parent Relationship": "Outer","Parallel Aware": false,"Async Capable": false,"Join Type": "Inner","Startup Cost": 6370.94,"Total Cost": 195915.49,"Plan Rows": 2128,"Plan Width": 8,"Actual Startup Time": 70.258,"Actual Total Time": 4867.157,"Actual Rows": 555,"Actual Loops": 1,"Inner Unique": true,"Hash Cond": "(lineitem.l_partkey = part.p_partkey)","Join Filter": "(lineitem.l_quantity < (SubPlan 1))","Rows Removed by Join Filter": 5939,"Plans": [{"Node Type": "Seq Scan","Parent Relationship": "Outer","Parallel Aware": false,"Async Capable": false,"Relation Name": "lineitem","Alias": "lineitem","Startup Cost": 0.00,"Total Cost": 172515.15,"Plan Rows": 6001215,"Plan Width": 17,"Actual Startup Time": 0.011,"Actual Total Time": 946.846,"Actual Rows": 6001215,"Actual Loops": 1},{"Node Type": "Hash","Parent Relationship": "Inner","Parallel Aware": false,"Async Capable": false,"Startup Cost": 6368.28,"Total Cost": 6368.28,"Plan Rows": 213,"Plan Width": 4,"Actual Startup Time": 32.210,"Actual Total Time": 32.699,"Actual Rows": 216,"Actual Loops": 1,"Hash Buckets": 1024,"Original Hash Buckets": 1024,"Hash Batches": 1,"Original Hash Batches": 1,"Peak Memory Usage": 16,"Plans": [{"Node Type": "Gather","Parent Relationship": "Outer","Parallel Aware": false,"Async Capable": false,"Startup Cost": 1000.00,"Total Cost": 6368.28,"Plan Rows": 213,"Plan Width": 4,"Actual Startup Time": 1.348,"Actual Total Time": 32.611,"Actual Rows": 216,"Actual Loops": 1,"Workers Planned": 2,"Workers Launched": 2,"Single Copy": false,"Plans": [{"Node Type": "Seq Scan","Parent Relationship": "Outer","Parallel Aware": true,"Async Capable": false,"Relation Name": "part","Alias": "part","Startup Cost": 0.00,"Total Cost": 5347.00,"Plan Rows": 89,"Plan Width": 4,"Actual Startup Time": 0.469,"Actual Total Time": 26.796,"Actual Rows": 72,"Actual Loops": 3,"Filter": "((p_brand = 'Brand#21'::bpchar) AND (p_container = 'MED CAN'::bpchar))","Rows Removed by Filter": 66595,"Workers": []}]}]},{"Node Type": "Aggregate","Strategy": "Plain","Partial Mode": "Simple","Parent Relationship": "SubPlan","Subplan Name": "SubPlan 1","Parallel Aware": false,"Async Capable": false,"Startup Cost": 127.60,"Total Cost": 127.61,"Plan Rows": 1,"Plan Width": 32,"Actual Startup Time": 0.123,"Actual Total Time": 0.123,"Actual Rows": 1,"Actual Loops": 6494,"Plans": [{"Node Type": "Bitmap Heap Scan","Parent Relationship": "Outer","Parallel Aware": false,"Async Capable": false,"Relation Name": "lineitem","Alias": "lineitem_1","Startup Cost": 4.67,"Total Cost": 127.52,"Plan Rows": 31,"Plan Width": 5,"Actual Startup Time": 0.013,"Actual Total Time": 0.116,"Actual Rows": 31,"Actual Loops": 6494,"Recheck Cond": "(l_partkey = part.p_partkey)","Rows Removed by Index Recheck": 0,"Exact Heap Blocks": 201899,"Lossy Heap Blocks": 0,"Plans": [{"Node Type": "Bitmap Index Scan","Parent Relationship": "Outer","Parallel Aware": false,"Async Capable": false,"Index Name": "idx_lineitem_part_supp","Startup Cost": 0.00,"Total Cost": 4.67,"Plan Rows": 31,"Plan Width": 0,"Actual Startup Time": 0.007,"Actual Total Time": 0.007,"Actual Rows": 31,"Actual Loops": 6494,"Index Cond": "(l_partkey = part.p_partkey)"}]}]}]}]},"Planning Time": 5.946,"Triggers": [],"Execution Time": 4867.781}]
[{"Plan": {"Node Type": "Aggregate","Strategy": "Plain","Partial Mode": "Simple","Parallel Aware": false,"Async Capable": false,"Startup Cost": 195918.53,"Total Cost": 195918.54,"Plan Rows": 1,"Plan Width": 32,"Actual Startup Time": 4817.479,"Actual Total Time": 4818.131,"Actual Rows": 1,"Actual Loops": 1,"Plans": [{"Node Type": "Hash Join","Parent Relationship": "Outer","Parallel Aware": false,"Async Capable": false,"Join Type": "Inner","Startup Cost": 6369.06,"Total Cost": 195913.62,"Plan Rows": 1962,"Plan Width": 8,"Actual Startup Time": 32.923,"Actual Total Time": 4817.720,"Actual Rows": 493,"Actual Loops": 1,"Inner Unique": true,"Hash Cond": "(lineitem.l_partkey = part.p_partkey)","Join Filter": "(lineitem.l_quantity < (SubPlan 1))","Rows Removed by Join Filter": 5010,"Plans": [{"Node Type": "Seq Scan","Parent Relationship": "Outer","Parallel Aware": false,"Async Capable": false,"Relation Name": "lineitem","Alias": "lineitem","Startup Cost": 0.00,"Total Cost": 172515.15,"Plan Rows": 6001215,"Plan Width": 17,"Actual Startup Time": 0.026,"Actual Total Time": 983.826,"Actual Rows": 6001215,"Actual Loops": 1},{"Node Type": "Hash","Parent Relationship": "Inner","Parallel Aware": false,"Async Capable": false,"Startup Cost": 6366.61,"Total Cost": 6366.61,"Plan Rows": 196,"Plan Width": 4,"Actual Startup Time": 31.048,"Actual Total Time": 31.659,"Actual Rows": 187,"Actual Loops": 1,"Hash Buckets": 1024,"Original Hash Buckets": 1024,"Hash Batches": 1,"Original Hash Batches": 1,"Peak Memory Usage": 15,"Plans": [{"Node Type": "Gather","Parent Relationship": "Outer","Parallel Aware": false,"Async Capable": false,"Startup Cost": 1000.00,"Total Cost": 6366.61,"Plan Rows": 196,"Plan Width": 4,"Actual Startup Time": 1.730,"Actual Total Time": 31.596,"Actual Rows": 187,"Actual Loops": 1,"Workers Planned": 2,"Workers Launched": 2,"Single Copy": false,"Plans": [{"Node Type": "Seq Scan","Parent Relationship": "Outer","Parallel Aware": true,"Async Capable": false,"Relation Name": "part","Alias": "part","Startup Cost": 0.00,"Total Cost": 5347.00,"Plan Rows": 82,"Plan Width": 4,"Actual Startup Time": 0.930,"Actual Total Time": 25.200,"Actual Rows": 62,"Actual Loops": 3,"Filter": "((p_brand = 'Brand#54'::bpchar) AND (p_container = 'SM DRUM'::bpchar))","Rows Removed by Filter": 66604,"Workers": []}]}]},{"Node Type": "Aggregate","Strategy": "Plain","Partial Mode": "Simple","Parent Relationship": "SubPlan","Subplan Name": "SubPlan 1","Parallel Aware": false,"Async Capable": false,"Startup Cost": 127.60,"Total Cost": 127.61,"Plan Rows": 1,"Plan Width": 32,"Actual Startup Time": 0.124,"Actual Total Time": 0.124,"Actual Rows": 1,"Actual Loops": 5503,"Plans": [{"Node Type": "Bitmap Heap Scan","Parent Relationship": "Outer","Parallel Aware": false,"Async Capable": false,"Relation Name": "lineitem","Alias": "lineitem_1","Startup Cost": 4.67,"Total Cost": 127.52,"Plan Rows": 31,"Plan Width": 5,"Actual Startup Time": 0.014,"Actual Total Time": 0.117,"Actual Rows": 31,"Actual Loops": 5503,"Recheck Cond": "(l_partkey = part.p_partkey)","Rows Removed by Index Recheck": 0,"Exact Heap Blocks": 168068,"Lossy Heap Blocks": 0,"Plans": [{"Node Type": "Bitmap Index Scan","Parent Relationship": "Outer","Parallel Aware": false,"Async Capable": false,"Index Name": "idx_lineitem_part_supp","Startup Cost": 0.00,"Total Cost": 4.67,"Plan Rows": 31,"Plan Width": 0,"Actual Startup Time": 0.007,"Actual Total Time": 0.007,"Actual Rows": 31,"Actual Loops": 5503,"Index Cond": "(l_partkey = part.p_partkey)"}]}]}]}]},"Planning Time": 5.196,"Triggers": [],"Execution Time": 4818.576}]
[{"Plan": {"Node Type": "Aggregate","Strategy": "Plain","Partial Mode": "Simple","Parallel Aware": false,"Async Capable": false,"Startup Cost": 195918.19,"Total Cost": 195918.20,"Plan Rows": 1,"Plan Width": 32,"Actual Startup Time": 4765.755,"Actual Total Time": 4766.309,"Actual Rows": 1,"Actual Loops": 1,"Plans": [{"Node Type": "Hash Join","Parent Relationship": "Outer","Parallel Aware": false,"Async Capable": false,"Join Type": "Inner","Startup Cost": 6368.79,"Total Cost": 195913.34,"Plan Rows": 1937,"Plan Width": 8,"Actual Startup Time": 37.413,"Actual Total Time": 4766.034,"Actual Rows": 523,"Actual Loops": 1,"Inner Unique": true,"Hash Cond": "(lineitem.l_partkey = part.p_partkey)","Join Filter": "(lineitem.l_quantity < (SubPlan 1))","Rows Removed by Join Filter": 5018,"Plans": [{"Node Type": "Seq Scan","Parent Relationship": "Outer","Parallel Aware": false,"Async Capable": false,"Relation Name": "lineitem","Alias": "lineitem","Startup Cost": 0.00,"Total Cost": 172515.15,"Plan Rows": 6001215,"Plan Width": 17,"Actual Startup Time": 0.012,"Actual Total Time": 936.285,"Actual Rows": 6001215,"Actual Loops": 1},{"Node Type": "Hash","Parent Relationship": "Inner","Parallel Aware": false,"Async Capable": false,"Startup Cost": 6366.37,"Total Cost": 6366.37,"Plan Rows": 194,"Plan Width": 4,"Actual Startup Time": 30.922,"Actual Total Time": 31.461,"Actual Rows": 186,"Actual Loops": 1,"Hash Buckets": 1024,"Original Hash Buckets": 1024,"Hash Batches": 1,"Original Hash Batches": 1,"Peak Memory Usage": 15,"Plans": [{"Node Type": "Gather","Parent Relationship": "Outer","Parallel Aware": false,"Async Capable": false,"Startup Cost": 1000.00,"Total Cost": 6366.37,"Plan Rows": 194,"Plan Width": 4,"Actual Startup Time": 1.270,"Actual Total Time": 31.409,"Actual Rows": 186,"Actual Loops": 1,"Workers Planned": 2,"Workers Launched": 2,"Single Copy": false,"Plans": [{"Node Type": "Seq Scan","Parent Relationship": "Outer","Parallel Aware": true,"Async Capable": false,"Relation Name": "part","Alias": "part","Startup Cost": 0.00,"Total Cost": 5347.00,"Plan Rows": 81,"Plan Width": 4,"Actual Startup Time": 1.728,"Actual Total Time": 25.401,"Actual Rows": 62,"Actual Loops": 3,"Filter": "((p_brand = 'Brand#53'::bpchar) AND (p_container = 'MED PKG'::bpchar))","Rows Removed by Filter": 66605,"Workers": []}]}]},{"Node Type": "Aggregate","Strategy": "Plain","Partial Mode": "Simple","Parent Relationship": "SubPlan","Subplan Name": "SubPlan 1","Parallel Aware": false,"Async Capable": false,"Startup Cost": 127.60,"Total Cost": 127.61,"Plan Rows": 1,"Plan Width": 32,"Actual Startup Time": 0.125,"Actual Total Time": 0.125,"Actual Rows": 1,"Actual Loops": 5541,"Plans": [{"Node Type": "Bitmap Heap Scan","Parent Relationship": "Outer","Parallel Aware": false,"Async Capable": false,"Relation Name": "lineitem","Alias": "lineitem_1","Startup Cost": 4.67,"Total Cost": 127.52,"Plan Rows": 31,"Plan Width": 5,"Actual Startup Time": 0.014,"Actual Total Time": 0.118,"Actual Rows": 31,"Actual Loops": 5541,"Recheck Cond": "(l_partkey = part.p_partkey)","Rows Removed by Index Recheck": 0,"Exact Heap Blocks": 171203,"Lossy Heap Blocks": 0,"Plans": [{"Node Type": "Bitmap Index Scan","Parent Relationship": "Outer","Parallel Aware": false,"Async Capable": false,"Index Name": "idx_lineitem_part_supp","Startup Cost": 0.00,"Total Cost": 4.67,"Plan Rows": 31,"Plan Width": 0,"Actual Startup Time": 0.007,"Actual Total Time": 0.007,"Actual Rows": 31,"Actual Loops": 5541,"Index Cond": "(l_partkey = part.p_partkey)"}]}]}]}]},"Planning Time": 5.820,"Triggers": [],"Execution Time": 4766.531}]
[{"Plan": {"Node Type": "Aggregate","Strategy": "Plain","Partial Mode": "Simple","Parallel Aware": false,"Async Capable": false,"Startup Cost": 195919.37,"Total Cost": 195919.38,"Plan Rows": 1,"Plan Width": 32,"Actual Startup Time": 4863.633,"Actual Total Time": 4864.374,"Actual Rows": 1,"Actual Loops": 1,"Plans": [{"Node Type": "Hash Join","Parent Relationship": "Outer","Parallel Aware": false,"Async Capable": false,"Join Type": "Inner","Startup Cost": 6369.76,"Total Cost": 195914.31,"Plan Rows": 2023,"Plan Width": 8,"Actual Startup Time": 48.589,"Actual Total Time": 4863.961,"Actual Rows": 558,"Actual Loops": 1,"Inner Unique": true,"Hash Cond": "(lineitem.l_partkey = part.p_partkey)","Join Filter": "(lineitem.l_quantity < (SubPlan 1))","Rows Removed by Join Filter": 5415,"Plans": [{"Node Type": "Seq Scan","Parent Relationship": "Outer","Parallel Aware": false,"Async Capable": false,"Relation Name": "lineitem","Alias": "lineitem","Startup Cost": 0.00,"Total Cost": 172515.15,"Plan Rows": 6001215,"Plan Width": 17,"Actual Startup Time": 0.016,"Actual Total Time": 981.573,"Actual Rows": 6001215,"Actual Loops": 1},{"Node Type": "Hash","Parent Relationship": "Inner","Parallel Aware": false,"Async Capable": false,"Startup Cost": 6367.23,"Total Cost": 6367.23,"Plan Rows": 202,"Plan Width": 4,"Actual Startup Time": 33.611,"Actual Total Time": 34.312,"Actual Rows": 200,"Actual Loops": 1,"Hash Buckets": 1024,"Original Hash Buckets": 1024,"Hash Batches": 1,"Original Hash Batches": 1,"Peak Memory Usage": 16,"Plans": [{"Node Type": "Gather","Parent Relationship": "Outer","Parallel Aware": false,"Async Capable": false,"Startup Cost": 1000.00,"Total Cost": 6367.23,"Plan Rows": 202,"Plan Width": 4,"Actual Startup Time": 1.038,"Actual Total Time": 34.194,"Actual Rows": 200,"Actual Loops": 1,"Workers Planned": 2,"Workers Launched": 2,"Single Copy": false,"Plans": [{"Node Type": "Seq Scan","Parent Relationship": "Outer","Parallel Aware": true,"Async Capable": false,"Relation Name": "part","Alias": "part","Startup Cost": 0.00,"Total Cost": 5347.00,"Plan Rows": 84,"Plan Width": 4,"Actual Startup Time": 0.951,"Actual Total Time": 27.936,"Actual Rows": 67,"Actual Loops": 3,"Filter": "((p_brand = 'Brand#34'::bpchar) AND (p_container = 'LG CASE'::bpchar))","Rows Removed by Filter": 66600,"Workers": []}]}]},{"Node Type": "Aggregate","Strategy": "Plain","Partial Mode": "Simple","Parent Relationship": "SubPlan","Subplan Name": "SubPlan 1","Parallel Aware": false,"Async Capable": false,"Startup Cost": 127.60,"Total Cost": 127.61,"Plan Rows": 1,"Plan Width": 32,"Actual Startup Time": 0.121,"Actual Total Time": 0.121,"Actual Rows": 1,"Actual Loops": 5973,"Plans": [{"Node Type": "Bitmap Heap Scan","Parent Relationship": "Outer","Parallel Aware": false,"Async Capable": false,"Relation Name": "lineitem","Alias": "lineitem_1","Startup Cost": 4.67,"Total Cost": 127.52,"Plan Rows": 31,"Plan Width": 5,"Actual Startup Time": 0.013,"Actual Total Time": 0.114,"Actual Rows": 31,"Actual Loops": 5973,"Recheck Cond": "(l_partkey = part.p_partkey)","Rows Removed by Index Recheck": 0,"Exact Heap Blocks": 184267,"Lossy Heap Blocks": 0,"Plans": [{"Node Type": "Bitmap Index Scan","Parent Relationship": "Outer","Parallel Aware": false,"Async Capable": false,"Index Name": "idx_lineitem_part_supp","Startup Cost": 0.00,"Total Cost": 4.67,"Plan Rows": 31,"Plan Width": 0,"Actual Startup Time": 0.007,"Actual Total Time": 0.007,"Actual Rows": 31,"Actual Loops": 5973,"Index Cond": "(l_partkey = part.p_partkey)"}]}]}]}]},"Planning Time": 4.734,"Triggers": [],"Execution Time": 4864.777}]
[{"Plan": {"Node Type": "Aggregate","Strategy": "Plain","Partial Mode": "Simple","Parallel Aware": false,"Async Capable": false,"Startup Cost": 195918.34,"Total Cost": 195918.35,"Plan Rows": 1,"Plan Width": 32,"Actual Startup Time": 4967.994,"Actual Total Time": 4968.573,"Actual Rows": 1,"Actual Loops": 1,"Plans": [{"Node Type": "Hash Join","Parent Relationship": "Outer","Parallel Aware": false,"Async Capable": false,"Join Type": "Inner","Startup Cost": 6368.91,"Total Cost": 195913.47,"Plan Rows": 1948,"Plan Width": 8,"Actual Startup Time": 47.149,"Actual Total Time": 4968.345,"Actual Rows": 523,"Actual Loops": 1,"Inner Unique": true,"Hash Cond": "(lineitem.l_partkey = part.p_partkey)","Join Filter": "(lineitem.l_quantity < (SubPlan 1))","Rows Removed by Join Filter": 5742,"Plans": [{"Node Type": "Seq Scan","Parent Relationship": "Outer","Parallel Aware": false,"Async Capable": false,"Relation Name": "lineitem","Alias": "lineitem","Startup Cost": 0.00,"Total Cost": 172515.15,"Plan Rows": 6001215,"Plan Width": 17,"Actual Startup Time": 0.015,"Actual Total Time": 1020.002,"Actual Rows": 6001215,"Actual Loops": 1},{"Node Type": "Hash","Parent Relationship": "Inner","Parallel Aware": false,"Async Capable": false,"Startup Cost": 6366.48,"Total Cost": 6366.48,"Plan Rows": 195,"Plan Width": 4,"Actual Startup Time": 31.399,"Actual Total Time": 31.964,"Actual Rows": 212,"Actual Loops": 1,"Hash Buckets": 1024,"Original Hash Buckets": 1024,"Hash Batches": 1,"Original Hash Batches": 1,"Peak Memory Usage": 16,"Plans": [{"Node Type": "Gather","Parent Relationship": "Outer","Parallel Aware": false,"Async Capable": false,"Startup Cost": 1000.00,"Total Cost": 6366.48,"Plan Rows": 195,"Plan Width": 4,"Actual Startup Time": 1.561,"Actual Total Time": 31.905,"Actual Rows": 212,"Actual Loops": 1,"Workers Planned": 2,"Workers Launched": 2,"Single Copy": false,"Plans": [{"Node Type": "Seq Scan","Parent Relationship": "Outer","Parallel Aware": true,"Async Capable": false,"Relation Name": "part","Alias": "part","Startup Cost": 0.00,"Total Cost": 5347.00,"Plan Rows": 81,"Plan Width": 4,"Actual Startup Time": 0.486,"Actual Total Time": 25.293,"Actual Rows": 71,"Actual Loops": 3,"Filter": "((p_brand = 'Brand#34'::bpchar) AND (p_container = 'JUMBO PKG'::bpchar))","Rows Removed by Filter": 66596,"Workers": []}]}]},{"Node Type": "Aggregate","Strategy": "Plain","Partial Mode": "Simple","Parent Relationship": "SubPlan","Subplan Name": "SubPlan 1","Parallel Aware": false,"Async Capable": false,"Startup Cost": 127.60,"Total Cost": 127.61,"Plan Rows": 1,"Plan Width": 32,"Actual Startup Time": 0.141,"Actual Total Time": 0.141,"Actual Rows": 1,"Actual Loops": 6265,"Plans": [{"Node Type": "Bitmap Heap Scan","Parent Relationship": "Outer","Parallel Aware": false,"Async Capable": false,"Relation Name": "lineitem","Alias": "lineitem_1","Startup Cost": 4.67,"Total Cost": 127.52,"Plan Rows": 31,"Plan Width": 5,"Actual Startup Time": 0.014,"Actual Total Time": 0.134,"Actual Rows": 31,"Actual Loops": 6265,"Recheck Cond": "(l_partkey = part.p_partkey)","Rows Removed by Index Recheck": 0,"Exact Heap Blocks": 192221,"Lossy Heap Blocks": 0,"Plans": [{"Node Type": "Bitmap Index Scan","Parent Relationship": "Outer","Parallel Aware": false,"Async Capable": false,"Index Name": "idx_lineitem_part_supp","Startup Cost": 0.00,"Total Cost": 4.67,"Plan Rows": 31,"Plan Width": 0,"Actual Startup Time": 0.008,"Actual Total Time": 0.008,"Actual Rows": 31,"Actual Loops": 6265,"Index Cond": "(l_partkey = part.p_partkey)"}]}]}]}]},"Planning Time": 4.925,"Triggers": [],"Execution Time": 4968.855}]
[{"Plan": {"Node Type": "Aggregate","Strategy": "Plain","Partial Mode": "Simple","Parallel Aware": false,"Async Capable": false,"Startup Cost": 195921.19,"Total Cost": 195921.20,"Plan Rows": 1,"Plan Width": 32,"Actual Startup Time": 4809.855,"Actual Total Time": 4810.504,"Actual Rows": 1,"Actual Loops": 1,"Plans": [{"Node Type": "Hash Join","Parent Relationship": "Outer","Parallel Aware": false,"Async Capable": false,"Join Type": "Inner","Startup Cost": 6371.24,"Total Cost": 195915.80,"Plan Rows": 2155,"Plan Width": 8,"Actual Startup Time": 45.036,"Actual Total Time": 4810.059,"Actual Rows": 508,"Actual Loops": 1,"Inner Unique": true,"Hash Cond": "(lineitem.l_partkey = part.p_partkey)","Join Filter": "(lineitem.l_quantity < (SubPlan 1))","Rows Removed by Join Filter": 5269,"Plans": [{"Node Type": "Seq Scan","Parent Relationship": "Outer","Parallel Aware": false,"Async Capable": false,"Relation Name": "lineitem","Alias": "lineitem","Startup Cost": 0.00,"Total Cost": 172515.15,"Plan Rows": 6001215,"Plan Width": 17,"Actual Startup Time": 0.016,"Actual Total Time": 948.480,"Actual Rows": 6001215,"Actual Loops": 1},{"Node Type": "Hash","Parent Relationship": "Inner","Parallel Aware": false,"Async Capable": false,"Startup Cost": 6368.55,"Total Cost": 6368.55,"Plan Rows": 216,"Plan Width": 4,"Actual Startup Time": 30.930,"Actual Total Time": 31.532,"Actual Rows": 191,"Actual Loops": 1,"Hash Buckets": 1024,"Original Hash Buckets": 1024,"Hash Batches": 1,"Original Hash Batches": 1,"Peak Memory Usage": 15,"Plans": [{"Node Type": "Gather","Parent Relationship": "Outer","Parallel Aware": false,"Async Capable": false,"Startup Cost": 1000.00,"Total Cost": 6368.55,"Plan Rows": 216,"Plan Width": 4,"Actual Startup Time": 0.617,"Actual Total Time": 31.451,"Actual Rows": 191,"Actual Loops": 1,"Workers Planned": 2,"Workers Launched": 2,"Single Copy": false,"Plans": [{"Node Type": "Seq Scan","Parent Relationship": "Outer","Parallel Aware": true,"Async Capable": false,"Relation Name": "part","Alias": "part","Startup Cost": 0.00,"Total Cost": 5347.00,"Plan Rows": 90,"Plan Width": 4,"Actual Startup Time": 0.162,"Actual Total Time": 25.253,"Actual Rows": 64,"Actual Loops": 3,"Filter": "((p_brand = 'Brand#21'::bpchar) AND (p_container = 'JUMBO CAN'::bpchar))","Rows Removed by Filter": 66603,"Workers": []}]}]},{"Node Type": "Aggregate","Strategy": "Plain","Partial Mode": "Simple","Parent Relationship": "SubPlan","Subplan Name": "SubPlan 1","Parallel Aware": false,"Async Capable": false,"Startup Cost": 127.60,"Total Cost": 127.61,"Plan Rows": 1,"Plan Width": 32,"Actual Startup Time": 0.121,"Actual Total Time": 0.121,"Actual Rows": 1,"Actual Loops": 5777,"Plans": [{"Node Type": "Bitmap Heap Scan","Parent Relationship": "Outer","Parallel Aware": false,"Async Capable": false,"Relation Name": "lineitem","Alias": "lineitem_1","Startup Cost": 4.67,"Total Cost": 127.52,"Plan Rows": 31,"Plan Width": 5,"Actual Startup Time": 0.013,"Actual Total Time": 0.114,"Actual Rows": 31,"Actual Loops": 5777,"Recheck Cond": "(l_partkey = part.p_partkey)","Rows Removed by Index Recheck": 0,"Exact Heap Blocks": 181373,"Lossy Heap Blocks": 0,"Plans": [{"Node Type": "Bitmap Index Scan","Parent Relationship": "Outer","Parallel Aware": false,"Async Capable": false,"Index Name": "idx_lineitem_part_supp","Startup Cost": 0.00,"Total Cost": 4.67,"Plan Rows": 31,"Plan Width": 0,"Actual Startup Time": 0.007,"Actual Total Time": 0.007,"Actual Rows": 31,"Actual Loops": 5777,"Index Cond": "(l_partkey = part.p_partkey)"}]}]}]}]},"Planning Time": 4.321,"Triggers": [],"Execution Time": 4810.929}]
[{"Plan": {"Node Type": "Aggregate","Strategy": "Plain","Partial Mode": "Simple","Parallel Aware": false,"Async Capable": false,"Startup Cost": 195918.14,"Total Cost": 195918.16,"Plan Rows": 1,"Plan Width": 32,"Actual Startup Time": 4977.755,"Actual Total Time": 4978.254,"Actual Rows": 1,"Actual Loops": 1,"Plans": [{"Node Type": "Hash Join","Parent Relationship": "Outer","Parallel Aware": false,"Async Capable": false,"Join Type": "Inner","Startup Cost": 6368.75,"Total Cost": 195913.31,"Plan Rows": 1934,"Plan Width": 8,"Actual Startup Time": 33.330,"Actual Total Time": 4978.045,"Actual Rows": 521,"Actual Loops": 1,"Inner Unique": true,"Hash Cond": "(lineitem.l_partkey = part.p_partkey)","Join Filter": "(lineitem.l_quantity < (SubPlan 1))","Rows Removed by Join Filter": 5469,"Plans": [{"Node Type": "Seq Scan","Parent Relationship": "Outer","Parallel Aware": false,"Async Capable": false,"Relation Name": "lineitem","Alias": "lineitem","Startup Cost": 0.00,"Total Cost": 172515.15,"Plan Rows": 6001215,"Plan Width": 17,"Actual Startup Time": 0.018,"Actual Total Time": 1032.501,"Actual Rows": 6001215,"Actual Loops": 1},{"Node Type": "Hash","Parent Relationship": "Inner","Parallel Aware": false,"Async Capable": false,"Startup Cost": 6366.34,"Total Cost": 6366.34,"Plan Rows": 193,"Plan Width": 4,"Actual Startup Time": 29.430,"Actual Total Time": 29.908,"Actual Rows": 199,"Actual Loops": 1,"Hash Buckets": 1024,"Original Hash Buckets": 1024,"Hash Batches": 1,"Original Hash Batches": 1,"Peak Memory Usage": 15,"Plans": [{"Node Type": "Gather","Parent Relationship": "Outer","Parallel Aware": false,"Async Capable": false,"Startup Cost": 1000.00,"Total Cost": 6366.34,"Plan Rows": 193,"Plan Width": 4,"Actual Startup Time": 0.790,"Actual Total Time": 29.822,"Actual Rows": 199,"Actual Loops": 1,"Workers Planned": 2,"Workers Launched": 2,"Single Copy": false,"Plans": [{"Node Type": "Seq Scan","Parent Relationship": "Outer","Parallel Aware": true,"Async Capable": false,"Relation Name": "part","Alias": "part","Startup Cost": 0.00,"Total Cost": 5347.00,"Plan Rows": 81,"Plan Width": 4,"Actual Startup Time": 0.488,"Actual Total Time": 23.900,"Actual Rows": 66,"Actual Loops": 3,"Filter": "((p_brand = 'Brand#13'::bpchar) AND (p_container = 'WRAP PKG'::bpchar))","Rows Removed by Filter": 66600,"Workers": []}]}]},{"Node Type": "Aggregate","Strategy": "Plain","Partial Mode": "Simple","Parent Relationship": "SubPlan","Subplan Name": "SubPlan 1","Parallel Aware": false,"Async Capable": false,"Startup Cost": 127.60,"Total Cost": 127.61,"Plan Rows": 1,"Plan Width": 32,"Actual Startup Time": 0.146,"Actual Total Time": 0.146,"Actual Rows": 1,"Actual Loops": 5990,"Plans": [{"Node Type": "Bitmap Heap Scan","Parent Relationship": "Outer","Parallel Aware": false,"Async Capable": false,"Relation Name": "lineitem","Alias": "lineitem_1","Startup Cost": 4.67,"Total Cost": 127.52,"Plan Rows": 31,"Plan Width": 5,"Actual Startup Time": 0.014,"Actual Total Time": 0.138,"Actual Rows": 31,"Actual Loops": 5990,"Recheck Cond": "(l_partkey = part.p_partkey)","Rows Removed by Index Recheck": 0,"Exact Heap Blocks": 185638,"Lossy Heap Blocks": 0,"Plans": [{"Node Type": "Bitmap Index Scan","Parent Relationship": "Outer","Parallel Aware": false,"Async Capable": false,"Index Name": "idx_lineitem_part_supp","Startup Cost": 0.00,"Total Cost": 4.67,"Plan Rows": 31,"Plan Width": 0,"Actual Startup Time": 0.008,"Actual Total Time": 0.008,"Actual Rows": 31,"Actual Loops": 5990,"Index Cond": "(l_partkey = part.p_partkey)"}]}]}]}]},"Planning Time": 5.445,"Triggers": [],"Execution Time": 4978.495}]
[{"Plan": {"Node Type": "Aggregate","Strategy": "Plain","Partial Mode": "Simple","Parallel Aware": false,"Async Capable": false,"Startup Cost": 195918.98,"Total Cost": 195918.99,"Plan Rows": 1,"Plan Width": 32,"Actual Startup Time": 4924.451,"Actual Total Time": 4925.120,"Actual Rows": 1,"Actual Loops": 1,"Plans": [{"Node Type": "Hash Join","Parent Relationship": "Outer","Parallel Aware": false,"Async Capable": false,"Join Type": "Inner","Startup Cost": 6369.44,"Total Cost": 195913.99,"Plan Rows": 1995,"Plan Width": 8,"Actual Startup Time": 36.441,"Actual Total Time": 4924.671,"Actual Rows": 585,"Actual Loops": 1,"Inner Unique": true,"Hash Cond": "(lineitem.l_partkey = part.p_partkey)","Join Filter": "(lineitem.l_quantity < (SubPlan 1))","Rows Removed by Join Filter": 5900,"Plans": [{"Node Type": "Seq Scan","Parent Relationship": "Outer","Parallel Aware": false,"Async Capable": false,"Relation Name": "lineitem","Alias": "lineitem","Startup Cost": 0.00,"Total Cost": 172515.15,"Plan Rows": 6001215,"Plan Width": 17,"Actual Startup Time": 0.020,"Actual Total Time": 975.843,"Actual Rows": 6001215,"Actual Loops": 1},{"Node Type": "Hash","Parent Relationship": "Inner","Parallel Aware": false,"Async Capable": false,"Startup Cost": 6366.94,"Total Cost": 6366.94,"Plan Rows": 199,"Plan Width": 4,"Actual Startup Time": 30.685,"Actual Total Time": 31.327,"Actual Rows": 217,"Actual Loops": 1,"Hash Buckets": 1024,"Original Hash Buckets": 1024,"Hash Batches": 1,"Original Hash Batches": 1,"Peak Memory Usage": 16,"Plans": [{"Node Type": "Gather","Parent Relationship": "Outer","Parallel Aware": false,"Async Capable": false,"Startup Cost": 1000.00,"Total Cost": 6366.94,"Plan Rows": 199,"Plan Width": 4,"Actual Startup Time": 2.598,"Actual Total Time": 31.245,"Actual Rows": 217,"Actual Loops": 1,"Workers Planned": 2,"Workers Launched": 2,"Single Copy": false,"Plans": [{"Node Type": "Seq Scan","Parent Relationship": "Outer","Parallel Aware": true,"Async Capable": false,"Relation Name": "part","Alias": "part","Startup Cost": 0.00,"Total Cost": 5347.00,"Plan Rows": 83,"Plan Width": 4,"Actual Startup Time": 1.286,"Actual Total Time": 24.980,"Actual Rows": 72,"Actual Loops": 3,"Filter": "((p_brand = 'Brand#23'::bpchar) AND (p_container = 'SM CAN'::bpchar))","Rows Removed by Filter": 66594,"Workers": []}]}]},{"Node Type": "Aggregate","Strategy": "Plain","Partial Mode": "Simple","Parent Relationship": "SubPlan","Subplan Name": "SubPlan 1","Parallel Aware": false,"Async Capable": false,"Startup Cost": 127.60,"Total Cost": 127.61,"Plan Rows": 1,"Plan Width": 32,"Actual Startup Time": 0.122,"Actual Total Time": 0.122,"Actual Rows": 1,"Actual Loops": 6485,"Plans": [{"Node Type": "Bitmap Heap Scan","Parent Relationship": "Outer","Parallel Aware": false,"Async Capable": false,"Relation Name": "lineitem","Alias": "lineitem_1","Startup Cost": 4.67,"Total Cost": 127.52,"Plan Rows": 31,"Plan Width": 5,"Actual Startup Time": 0.013,"Actual Total Time": 0.115,"Actual Rows": 31,"Actual Loops": 6485,"Recheck Cond": "(l_partkey = part.p_partkey)","Rows Removed by Index Recheck": 0,"Exact Heap Blocks": 201193,"Lossy Heap Blocks": 0,"Plans": [{"Node Type": "Bitmap Index Scan","Parent Relationship": "Outer","Parallel Aware": false,"Async Capable": false,"Index Name": "idx_lineitem_part_supp","Startup Cost": 0.00,"Total Cost": 4.67,"Plan Rows": 31,"Plan Width": 0,"Actual Startup Time": 0.007,"Actual Total Time": 0.007,"Actual Rows": 31,"Actual Loops": 6485,"Index Cond": "(l_partkey = part.p_partkey)"}]}]}]}]},"Planning Time": 4.632,"Triggers": [],"Execution Time": 4925.490}]
[{"Plan": {"Node Type": "Aggregate","Strategy": "Plain","Partial Mode": "Simple","Parallel Aware": false,"Async Capable": false,"Startup Cost": 195919.16,"Total Cost": 195919.17,"Plan Rows": 1,"Plan Width": 32,"Actual Startup Time": 4842.548,"Actual Total Time": 4843.280,"Actual Rows": 1,"Actual Loops": 1,"Plans": [{"Node Type": "Hash Join","Parent Relationship": "Outer","Parallel Aware": false,"Async Capable": false,"Join Type": "Inner","Startup Cost": 6369.58,"Total Cost": 195914.14,"Plan Rows": 2008,"Plan Width": 8,"Actual Startup Time": 45.479,"Actual Total Time": 4843.077,"Actual Rows": 470,"Actual Loops": 1,"Inner Unique": true,"Hash Cond": "(lineitem.l_partkey = part.p_partkey)","Join Filter": "(lineitem.l_quantity < (SubPlan 1))","Rows Removed by Join Filter": 5061,"Plans": [{"Node Type": "Seq Scan","Parent Relationship": "Outer","Parallel Aware": false,"Async Capable": false,"Relation Name": "lineitem","Alias": "lineitem","Startup Cost": 0.00,"Total Cost": 172515.15,"Plan Rows": 6001215,"Plan Width": 17,"Actual Startup Time": 0.024,"Actual Total Time": 1032.825,"Actual Rows": 6001215,"Actual Loops": 1},{"Node Type": "Hash","Parent Relationship": "Inner","Parallel Aware": false,"Async Capable": false,"Startup Cost": 6367.07,"Total Cost": 6367.07,"Plan Rows": 201,"Plan Width": 4,"Actual Startup Time": 31.840,"Actual Total Time": 32.551,"Actual Rows": 183,"Actual Loops": 1,"Hash Buckets": 1024,"Original Hash Buckets": 1024,"Hash Batches": 1,"Original Hash Batches": 1,"Peak Memory Usage": 15,"Plans": [{"Node Type": "Gather","Parent Relationship": "Outer","Parallel Aware": false,"Async Capable": false,"Startup Cost": 1000.00,"Total Cost": 6367.07,"Plan Rows": 201,"Plan Width": 4,"Actual Startup Time": 0.795,"Actual Total Time": 32.498,"Actual Rows": 183,"Actual Loops": 1,"Workers Planned": 2,"Workers Launched": 2,"Single Copy": false,"Plans": [{"Node Type": "Seq Scan","Parent Relationship": "Outer","Parallel Aware": true,"Async Capable": false,"Relation Name": "part","Alias": "part","Startup Cost": 0.00,"Total Cost": 5347.00,"Plan Rows": 84,"Plan Width": 4,"Actual Startup Time": 1.072,"Actual Total Time": 25.877,"Actual Rows": 61,"Actual Loops": 3,"Filter": "((p_brand = 'Brand#52'::bpchar) AND (p_container = 'SM JAR'::bpchar))","Rows Removed by Filter": 66606,"Workers": []}]}]},{"Node Type": "Aggregate","Strategy": "Plain","Partial Mode": "Simple","Parent Relationship": "SubPlan","Subplan Name": "SubPlan 1","Parallel Aware": false,"Async Capable": false,"Startup Cost": 127.60,"Total Cost": 127.61,"Plan Rows": 1,"Plan Width": 32,"Actual Startup Time": 0.140,"Actual Total Time": 0.140,"Actual Rows": 1,"Actual Loops": 5531,"Plans": [{"Node Type": "Bitmap Heap Scan","Parent Relationship": "Outer","Parallel Aware": false,"Async Capable": false,"Relation Name": "lineitem","Alias": "lineitem_1","Startup Cost": 4.67,"Total Cost": 127.52,"Plan Rows": 31,"Plan Width": 5,"Actual Startup Time": 0.014,"Actual Total Time": 0.133,"Actual Rows": 31,"Actual Loops": 5531,"Recheck Cond": "(l_partkey = part.p_partkey)","Rows Removed by Index Recheck": 0,"Exact Heap Blocks": 172693,"Lossy Heap Blocks": 0,"Plans": [{"Node Type": "Bitmap Index Scan","Parent Relationship": "Outer","Parallel Aware": false,"Async Capable": false,"Index Name": "idx_lineitem_part_supp","Startup Cost": 0.00,"Total Cost": 4.67,"Plan Rows": 31,"Plan Width": 0,"Actual Startup Time": 0.008,"Actual Total Time": 0.008,"Actual Rows": 31,"Actual Loops": 5531,"Index Cond": "(l_partkey = part.p_partkey)"}]}]}]}]},"Planning Time": 5.928,"Triggers": [],"Execution Time": 4843.650}]
[{"Plan": {"Node Type": "Aggregate","Strategy": "Plain","Partial Mode": "Simple","Parallel Aware": false,"Async Capable": false,"Startup Cost": 195918.02,"Total Cost": 195918.03,"Plan Rows": 1,"Plan Width": 32,"Actual Startup Time": 4985.484,"Actual Total Time": 4986.135,"Actual Rows": 1,"Actual Loops": 1,"Plans": [{"Node Type": "Hash Join","Parent Relationship": "Outer","Parallel Aware": false,"Async Capable": false,"Join Type": "Inner","Startup Cost": 6368.65,"Total Cost": 195913.20,"Plan Rows": 1925,"Plan Width": 8,"Actual Startup Time": 54.043,"Actual Total Time": 4985.745,"Actual Rows": 516,"Actual Loops": 1,"Inner Unique": true,"Hash Cond": "(lineitem.l_partkey = part.p_partkey)","Join Filter": "(lineitem.l_quantity < (SubPlan 1))","Rows Removed by Join Filter": 5390,"Plans": [{"Node Type": "Seq Scan","Parent Relationship": "Outer","Parallel Aware": false,"Async Capable": false,"Relation Name": "lineitem","Alias": "lineitem","Startup Cost": 0.00,"Total Cost": 172515.15,"Plan Rows": 6001215,"Plan Width": 17,"Actual Startup Time": 0.023,"Actual Total Time": 1000.547,"Actual Rows": 6001215,"Actual Loops": 1},{"Node Type": "Hash","Parent Relationship": "Inner","Parallel Aware": false,"Async Capable": false,"Startup Cost": 6366.24,"Total Cost": 6366.24,"Plan Rows": 192,"Plan Width": 4,"Actual Startup Time": 30.280,"Actual Total Time": 30.882,"Actual Rows": 194,"Actual Loops": 1,"Hash Buckets": 1024,"Original Hash Buckets": 1024,"Hash Batches": 1,"Original Hash Batches": 1,"Peak Memory Usage": 15,"Plans": [{"Node Type": "Gather","Parent Relationship": "Outer","Parallel Aware": false,"Async Capable": false,"Startup Cost": 1000.00,"Total Cost": 6366.24,"Plan Rows": 192,"Plan Width": 4,"Actual Startup Time": 1.499,"Actual Total Time": 30.802,"Actual Rows": 194,"Actual Loops": 1,"Workers Planned": 2,"Workers Launched": 2,"Single Copy": false,"Plans": [{"Node Type": "Seq Scan","Parent Relationship": "Outer","Parallel Aware": true,"Async Capable": false,"Relation Name": "part","Alias": "part","Startup Cost": 0.00,"Total Cost": 5347.00,"Plan Rows": 80,"Plan Width": 4,"Actual Startup Time": 1.215,"Actual Total Time": 24.818,"Actual Rows": 65,"Actual Loops": 3,"Filter": "((p_brand = 'Brand#11'::bpchar) AND (p_container = 'SM PKG'::bpchar))","Rows Removed by Filter": 66602,"Workers": []}]}]},{"Node Type": "Aggregate","Strategy": "Plain","Partial Mode": "Simple","Parent Relationship": "SubPlan","Subplan Name": "SubPlan 1","Parallel Aware": false,"Async Capable": false,"Startup Cost": 127.60,"Total Cost": 127.61,"Plan Rows": 1,"Plan Width": 32,"Actual Startup Time": 0.146,"Actual Total Time": 0.146,"Actual Rows": 1,"Actual Loops": 5906,"Plans": [{"Node Type": "Bitmap Heap Scan","Parent Relationship": "Outer","Parallel Aware": false,"Async Capable": false,"Relation Name": "lineitem","Alias": "lineitem_1","Startup Cost": 4.67,"Total Cost": 127.52,"Plan Rows": 31,"Plan Width": 5,"Actual Startup Time": 0.014,"Actual Total Time": 0.138,"Actual Rows": 31,"Actual Loops": 5906,"Recheck Cond": "(l_partkey = part.p_partkey)","Rows Removed by Index Recheck": 0,"Exact Heap Blocks": 185950,"Lossy Heap Blocks": 0,"Plans": [{"Node Type": "Bitmap Index Scan","Parent Relationship": "Outer","Parallel Aware": false,"Async Capable": false,"Index Name": "idx_lineitem_part_supp","Startup Cost": 0.00,"Total Cost": 4.67,"Plan Rows": 31,"Plan Width": 0,"Actual Startup Time": 0.008,"Actual Total Time": 0.008,"Actual Rows": 31,"Actual Loops": 5906,"Index Cond": "(l_partkey = part.p_partkey)"}]}]}]}]},"Planning Time": 4.533,"Triggers": [],"Execution Time": 4986.538}]
[{"Plan": {"Node Type": "Aggregate","Strategy": "Plain","Partial Mode": "Simple","Parallel Aware": false,"Async Capable": false,"Startup Cost": 195919.25,"Total Cost": 195919.27,"Plan Rows": 1,"Plan Width": 32,"Actual Startup Time": 4919.244,"Actual Total Time": 4920.004,"Actual Rows": 1,"Actual Loops": 1,"Plans": [{"Node Type": "Hash Join","Parent Relationship": "Outer","Parallel Aware": false,"Async Capable": false,"Join Type": "Inner","Startup Cost": 6369.66,"Total Cost": 195914.21,"Plan Rows": 2015,"Plan Width": 8,"Actual Startup Time": 34.282,"Actual Total Time": 4919.509,"Actual Rows": 572,"Actual Loops": 1,"Inner Unique": true,"Hash Cond": "(lineitem.l_partkey = part.p_partkey)","Join Filter": "(lineitem.l_quantity < (SubPlan 1))","Rows Removed by Join Filter": 5987,"Plans": [{"Node Type": "Seq Scan","Parent Relationship": "Outer","Parallel Aware": false,"Async Capable": false,"Relation Name": "lineitem","Alias": "lineitem","Startup Cost": 0.00,"Total Cost": 172515.15,"Plan Rows": 6001215,"Plan Width": 17,"Actual Startup Time": 0.014,"Actual Total Time": 979.096,"Actual Rows": 6001215,"Actual Loops": 1},{"Node Type": "Hash","Parent Relationship": "Inner","Parallel Aware": false,"Async Capable": false,"Startup Cost": 6367.14,"Total Cost": 6367.14,"Plan Rows": 201,"Plan Width": 4,"Actual Startup Time": 32.702,"Actual Total Time": 33.438,"Actual Rows": 222,"Actual Loops": 1,"Hash Buckets": 1024,"Original Hash Buckets": 1024,"Hash Batches": 1,"Original Hash Batches": 1,"Peak Memory Usage": 16,"Plans": [{"Node Type": "Gather","Parent Relationship": "Outer","Parallel Aware": false,"Async Capable": false,"Startup Cost": 1000.00,"Total Cost": 6367.14,"Plan Rows": 201,"Plan Width": 4,"Actual Startup Time": 2.194,"Actual Total Time": 33.367,"Actual Rows": 222,"Actual Loops": 1,"Workers Planned": 2,"Workers Launched": 2,"Single Copy": false,"Plans": [{"Node Type": "Seq Scan","Parent Relationship": "Outer","Parallel Aware": true,"Async Capable": false,"Relation Name": "part","Alias": "part","Startup Cost": 0.00,"Total Cost": 5347.00,"Plan Rows": 84,"Plan Width": 4,"Actual Startup Time": 1.036,"Actual Total Time": 27.176,"Actual Rows": 74,"Actual Loops": 3,"Filter": "((p_brand = 'Brand#22'::bpchar) AND (p_container = 'MED DRUM'::bpchar))","Rows Removed by Filter": 66593,"Workers": []}]}]},{"Node Type": "Aggregate","Strategy": "Plain","Partial Mode": "Simple","Parent Relationship": "SubPlan","Subplan Name": "SubPlan 1","Parallel Aware": false,"Async Capable": false,"Startup Cost": 127.60,"Total Cost": 127.61,"Plan Rows": 1,"Plan Width": 32,"Actual Startup Time": 0.123,"Actual Total Time": 0.123,"Actual Rows": 1,"Actual Loops": 6559,"Plans": [{"Node Type": "Bitmap Heap Scan","Parent Relationship": "Outer","Parallel Aware": false,"Async Capable": false,"Relation Name": "lineitem","Alias": "lineitem_1","Startup Cost": 4.67,"Total Cost": 127.52,"Plan Rows": 31,"Plan Width": 5,"Actual Startup Time": 0.013,"Actual Total Time": 0.115,"Actual Rows": 31,"Actual Loops": 6559,"Recheck Cond": "(l_partkey = part.p_partkey)","Rows Removed by Index Recheck": 0,"Exact Heap Blocks": 201603,"Lossy Heap Blocks": 0,"Plans": [{"Node Type": "Bitmap Index Scan","Parent Relationship": "Outer","Parallel Aware": false,"Async Capable": false,"Index Name": "idx_lineitem_part_supp","Startup Cost": 0.00,"Total Cost": 4.67,"Plan Rows": 31,"Plan Width": 0,"Actual Startup Time": 0.007,"Actual Total Time": 0.007,"Actual Rows": 31,"Actual Loops": 6559,"Index Cond": "(l_partkey = part.p_partkey)"}]}]}]}]},"Planning Time": 4.847,"Triggers": [],"Execution Time": 4920.373}]
[{"Plan": {"Node Type": "Aggregate","Strategy": "Plain","Partial Mode": "Simple","Parallel Aware": false,"Async Capable": false,"Startup Cost": 195918.77,"Total Cost": 195918.79,"Plan Rows": 1,"Plan Width": 32,"Actual Startup Time": 4920.522,"Actual Total Time": 4920.996,"Actual Rows": 1,"Actual Loops": 1,"Plans": [{"Node Type": "Hash Join","Parent Relationship": "Outer","Parallel Aware": false,"Async Capable": false,"Join Type": "Inner","Startup Cost": 6369.27,"Total Cost": 195913.82,"Plan Rows": 1980,"Plan Width": 8,"Actual Startup Time": 45.822,"Actual Total Time": 4920.721,"Actual Rows": 507,"Actual Loops": 1,"Inner Unique": true,"Hash Cond": "(lineitem.l_partkey = part.p_partkey)","Join Filter": "(lineitem.l_quantity < (SubPlan 1))","Rows Removed by Join Filter": 5351,"Plans": [{"Node Type": "Seq Scan","Parent Relationship": "Outer","Parallel Aware": false,"Async Capable": false,"Relation Name": "lineitem","Alias": "lineitem","Startup Cost": 0.00,"Total Cost": 172515.15,"Plan Rows": 6001215,"Plan Width": 17,"Actual Startup Time": 0.016,"Actual Total Time": 1030.150,"Actual Rows": 6001215,"Actual Loops": 1},{"Node Type": "Hash","Parent Relationship": "Inner","Parallel Aware": false,"Async Capable": false,"Startup Cost": 6366.79,"Total Cost": 6366.79,"Plan Rows": 198,"Plan Width": 4,"Actual Startup Time": 32.537,"Actual Total Time": 32.992,"Actual Rows": 196,"Actual Loops": 1,"Hash Buckets": 1024,"Original Hash Buckets": 1024,"Hash Batches": 1,"Original Hash Batches": 1,"Peak Memory Usage": 15,"Plans": [{"Node Type": "Gather","Parent Relationship": "Outer","Parallel Aware": false,"Async Capable": false,"Startup Cost": 1000.00,"Total Cost": 6366.79,"Plan Rows": 198,"Plan Width": 4,"Actual Startup Time": 2.156,"Actual Total Time": 32.917,"Actual Rows": 196,"Actual Loops": 1,"Workers Planned": 2,"Workers Launched": 2,"Single Copy": false,"Plans": [{"Node Type": "Seq Scan","Parent Relationship": "Outer","Parallel Aware": true,"Async Capable": false,"Relation Name": "part","Alias": "part","Startup Cost": 0.00,"Total Cost": 5347.00,"Plan Rows": 82,"Plan Width": 4,"Actual Startup Time": 0.688,"Actual Total Time": 26.828,"Actual Rows": 65,"Actual Loops": 3,"Filter": "((p_brand = 'Brand#44'::bpchar) AND (p_container = 'JUMBO DRUM'::bpchar))","Rows Removed by Filter": 66601,"Workers": []}]}]},{"Node Type": "Aggregate","Strategy": "Plain","Partial Mode": "Simple","Parent Relationship": "SubPlan","Subplan Name": "SubPlan 1","Parallel Aware": false,"Async Capable": false,"Startup Cost": 127.60,"Total Cost": 127.61,"Plan Rows": 1,"Plan Width": 32,"Actual Startup Time": 0.144,"Actual Total Time": 0.144,"Actual Rows": 1,"Actual Loops": 5858,"Plans": [{"Node Type": "Bitmap Heap Scan","Parent Relationship": "Outer","Parallel Aware": false,"Async Capable": false,"Relation Name": "lineitem","Alias": "lineitem_1","Startup Cost": 4.67,"Total Cost": 127.52,"Plan Rows": 31,"Plan Width": 5,"Actual Startup Time": 0.014,"Actual Total Time": 0.137,"Actual Rows": 31,"Actual Loops": 5858,"Recheck Cond": "(l_partkey = part.p_partkey)","Rows Removed by Index Recheck": 0,"Exact Heap Blocks": 182630,"Lossy Heap Blocks": 0,"Plans": [{"Node Type": "Bitmap Index Scan","Parent Relationship": "Outer","Parallel Aware": false,"Async Capable": false,"Index Name": "idx_lineitem_part_supp","Startup Cost": 0.00,"Total Cost": 4.67,"Plan Rows": 31,"Plan Width": 0,"Actual Startup Time": 0.008,"Actual Total Time": 0.008,"Actual Rows": 31,"Actual Loops": 5858,"Index Cond": "(l_partkey = part.p_partkey)"}]}]}]}]},"Planning Time": 5.864,"Triggers": [],"Execution Time": 4921.300}]
[{"Plan": {"Node Type": "Aggregate","Strategy": "Plain","Partial Mode": "Simple","Parallel Aware": false,"Async Capable": false,"Startup Cost": 195919.59,"Total Cost": 195919.60,"Plan Rows": 1,"Plan Width": 32,"Actual Startup Time": 4869.991,"Actual Total Time": 4870.641,"Actual Rows": 1,"Actual Loops": 1,"Plans": [{"Node Type": "Hash Join","Parent Relationship": "Outer","Parallel Aware": false,"Async Capable": false,"Join Type": "Inner","Startup Cost": 6369.94,"Total Cost": 195914.49,"Plan Rows": 2039,"Plan Width": 8,"Actual Startup Time": 45.464,"Actual Total Time": 4870.175,"Actual Rows": 529,"Actual Loops": 1,"Inner Unique": true,"Hash Cond": "(lineitem.l_partkey = part.p_partkey)","Join Filter": "(lineitem.l_quantity < (SubPlan 1))","Rows Removed by Join Filter": 5482,"Plans": [{"Node Type": "Seq Scan","Parent Relationship": "Outer","Parallel Aware": false,"Async Capable": false,"Relation Name": "lineitem","Alias": "lineitem","Startup Cost": 0.00,"Total Cost": 172515.15,"Plan Rows": 6001215,"Plan Width": 17,"Actual Startup Time": 0.015,"Actual Total Time": 977.147,"Actual Rows": 6001215,"Actual Loops": 1},{"Node Type": "Hash","Parent Relationship": "Inner","Parallel Aware": false,"Async Capable": false,"Startup Cost": 6367.39,"Total Cost": 6367.39,"Plan Rows": 204,"Plan Width": 4,"Actual Startup Time": 33.165,"Actual Total Time": 33.784,"Actual Rows": 203,"Actual Loops": 1,"Hash Buckets": 1024,"Original Hash Buckets": 1024,"Hash Batches": 1,"Original Hash Batches": 1,"Peak Memory Usage": 16,"Plans": [{"Node Type": "Gather","Parent Relationship": "Outer","Parallel Aware": false,"Async Capable": false,"Startup Cost": 1000.00,"Total Cost": 6367.39,"Plan Rows": 204,"Plan Width": 4,"Actual Startup Time": 0.530,"Actual Total Time": 33.681,"Actual Rows": 203,"Actual Loops": 1,"Workers Planned": 2,"Workers Launched": 2,"Single Copy": false,"Plans": [{"Node Type": "Seq Scan","Parent Relationship": "Outer","Parallel Aware": true,"Async Capable": false,"Relation Name": "part","Alias": "part","Startup Cost": 0.00,"Total Cost": 5347.00,"Plan Rows": 85,"Plan Width": 4,"Actual Startup Time": 1.116,"Actual Total Time": 27.607,"Actual Rows": 68,"Actual Loops": 3,"Filter": "((p_brand = 'Brand#33'::bpchar) AND (p_container = 'JUMBO CASE'::bpchar))","Rows Removed by Filter": 66599,"Workers": []}]}]},{"Node Type": "Aggregate","Strategy": "Plain","Partial Mode": "Simple","Parent Relationship": "SubPlan","Subplan Name": "SubPlan 1","Parallel Aware": false,"Async Capable": false,"Startup Cost": 127.60,"Total Cost": 127.61,"Plan Rows": 1,"Plan Width": 32,"Actual Startup Time": 0.123,"Actual Total Time": 0.123,"Actual Rows": 1,"Actual Loops": 6011,"Plans": [{"Node Type": "Bitmap Heap Scan","Parent Relationship": "Outer","Parallel Aware": false,"Async Capable": false,"Relation Name": "lineitem","Alias": "lineitem_1","Startup Cost": 4.67,"Total Cost": 127.52,"Plan Rows": 31,"Plan Width": 5,"Actual Startup Time": 0.013,"Actual Total Time": 0.116,"Actual Rows": 31,"Actual Loops": 6011,"Recheck Cond": "(l_partkey = part.p_partkey)","Rows Removed by Index Recheck": 0,"Exact Heap Blocks": 184430,"Lossy Heap Blocks": 0,"Plans": [{"Node Type": "Bitmap Index Scan","Parent Relationship": "Outer","Parallel Aware": false,"Async Capable": false,"Index Name": "idx_lineitem_part_supp","Startup Cost": 0.00,"Total Cost": 4.67,"Plan Rows": 31,"Plan Width": 0,"Actual Startup Time": 0.007,"Actual Total Time": 0.007,"Actual Rows": 31,"Actual Loops": 6011,"Index Cond": "(l_partkey = part.p_partkey)"}]}]}]}]},"Planning Time": 4.464,"Triggers": [],"Execution Time": 4870.975}]
[{"Plan": {"Node Type": "Aggregate","Strategy": "Plain","Partial Mode": "Simple","Parallel Aware": false,"Async Capable": false,"Startup Cost": 195919.37,"Total Cost": 195919.38,"Plan Rows": 1,"Plan Width": 32,"Actual Startup Time": 4863.633,"Actual Total Time": 4864.374,"Actual Rows": 1,"Actual Loops": 1,"Plans": [{"Node Type": "Hash Join","Parent Relationship": "Outer","Parallel Aware": false,"Async Capable": false,"Join Type": "Inner","Startup Cost": 6369.76,"Total Cost": 195914.31,"Plan Rows": 2023,"Plan Width": 8,"Actual Startup Time": 48.589,"Actual Total Time": 4863.961,"Actual Rows": 558,"Actual Loops": 1,"Inner Unique": true,"Hash Cond": "(lineitem.l_partkey = part.p_partkey)","Join Filter": "(lineitem.l_quantity < (SubPlan 1))","Rows Removed by Join Filter": 5415,"Plans": [{"Node Type": "Seq Scan","Parent Relationship": "Outer","Parallel Aware": false,"Async Capable": false,"Relation Name": "lineitem","Alias": "lineitem","Startup Cost": 0.00,"Total Cost": 172515.15,"Plan Rows": 6001215,"Plan Width": 17,"Actual Startup Time": 0.016,"Actual Total Time": 981.573,"Actual Rows": 6001215,"Actual Loops": 1},{"Node Type": "Hash","Parent Relationship": "Inner","Parallel Aware": false,"Async Capable": false,"Startup Cost": 6367.23,"Total Cost": 6367.23,"Plan Rows": 202,"Plan Width": 4,"Actual Startup Time": 33.611,"Actual Total Time": 34.312,"Actual Rows": 200,"Actual Loops": 1,"Hash Buckets": 1024,"Original Hash Buckets": 1024,"Hash Batches": 1,"Original Hash Batches": 1,"Peak Memory Usage": 16,"Plans": [{"Node Type": "Gather","Parent Relationship": "Outer","Parallel Aware": false,"Async Capable": false,"Startup Cost": 1000.00,"Total Cost": 6367.23,"Plan Rows": 202,"Plan Width": 4,"Actual Startup Time": 1.038,"Actual Total Time": 34.194,"Actual Rows": 200,"Actual Loops": 1,"Workers Planned": 2,"Workers Launched": 2,"Single Copy": false,"Plans": [{"Node Type": "Seq Scan","Parent Relationship": "Outer","Parallel Aware": true,"Async Capable": false,"Relation Name": "part","Alias": "part","Startup Cost": 0.00,"Total Cost": 5347.00,"Plan Rows": 84,"Plan Width": 4,"Actual Startup Time": 0.951,"Actual Total Time": 27.936,"Actual Rows": 67,"Actual Loops": 3,"Filter": "((p_brand = 'Brand#34'::bpchar) AND (p_container = 'LG CASE'::bpchar))","Rows Removed by Filter": 66600,"Workers": []}]}]},{"Node Type": "Aggregate","Strategy": "Plain","Partial Mode": "Simple","Parent Relationship": "SubPlan","Subplan Name": "SubPlan 1","Parallel Aware": false,"Async Capable": false,"Startup Cost": 127.60,"Total Cost": 127.61,"Plan Rows": 1,"Plan Width": 32,"Actual Startup Time": 0.121,"Actual Total Time": 0.121,"Actual Rows": 1,"Actual Loops": 5973,"Plans": [{"Node Type": "Bitmap Heap Scan","Parent Relationship": "Outer","Parallel Aware": false,"Async Capable": false,"Relation Name": "lineitem","Alias": "lineitem_1","Startup Cost": 4.67,"Total Cost": 127.52,"Plan Rows": 31,"Plan Width": 5,"Actual Startup Time": 0.013,"Actual Total Time": 0.114,"Actual Rows": 31,"Actual Loops": 5973,"Recheck Cond": "(l_partkey = part.p_partkey)","Rows Removed by Index Recheck": 0,"Exact Heap Blocks": 184267,"Lossy Heap Blocks": 0,"Plans": [{"Node Type": "Bitmap Index Scan","Parent Relationship": "Outer","Parallel Aware": false,"Async Capable": false,"Index Name": "idx_lineitem_part_supp","Startup Cost": 0.00,"Total Cost": 4.67,"Plan Rows": 31,"Plan Width": 0,"Actual Startup Time": 0.007,"Actual Total Time": 0.007,"Actual Rows": 31,"Actual Loops": 5973,"Index Cond": "(l_partkey = part.p_partkey)"}]}]}]}]},"Planning Time": 4.734,"Triggers": [],"Execution Time": 4864.777}]
[{"Plan": {"Node Type": "Aggregate","Strategy": "Plain","Partial Mode": "Simple","Parallel Aware": false,"Async Capable": false,"Startup Cost": 195919.76,"Total Cost": 195919.78,"Plan Rows": 1,"Plan Width": 32,"Actual Startup Time": 4842.166,"Actual Total Time": 4842.811,"Actual Rows": 1,"Actual Loops": 1,"Plans": [{"Node Type": "Hash Join","Parent Relationship": "Outer","Parallel Aware": false,"Async Capable": false,"Join Type": "Inner","Startup Cost": 6370.08,"Total Cost": 195914.63,"Plan Rows": 2052,"Plan Width": 8,"Actual Startup Time": 39.289,"Actual Total Time": 4842.259,"Actual Rows": 533,"Actual Loops": 1,"Inner Unique": true,"Hash Cond": "(lineitem.l_partkey = part.p_partkey)","Join Filter": "(lineitem.l_quantity < (SubPlan 1))","Rows Removed by Join Filter": 5215,"Plans": [{"Node Type": "Seq Scan","Parent Relationship": "Outer","Parallel Aware": false,"Async Capable": false,"Relation Name": "lineitem","Alias": "lineitem","Startup Cost": 0.00,"Total Cost": 172515.15,"Plan Rows": 6001215,"Plan Width": 17,"Actual Startup Time": 0.020,"Actual Total Time": 980.584,"Actual Rows": 6001215,"Actual Loops": 1},{"Node Type": "Hash","Parent Relationship": "Inner","Parallel Aware": false,"Async Capable": false,"Startup Cost": 6367.51,"Total Cost": 6367.51,"Plan Rows": 205,"Plan Width": 4,"Actual Startup Time": 32.035,"Actual Total Time": 32.648,"Actual Rows": 192,"Actual Loops": 1,"Hash Buckets": 1024,"Original Hash Buckets": 1024,"Hash Batches": 1,"Original Hash Batches": 1,"Peak Memory Usage": 15,"Plans": [{"Node Type": "Gather","Parent Relationship": "Outer","Parallel Aware": false,"Async Capable": false,"Startup Cost": 1000.00,"Total Cost": 6367.51,"Plan Rows": 205,"Plan Width": 4,"Actual Startup Time": 0.490,"Actual Total Time": 32.557,"Actual Rows": 192,"Actual Loops": 1,"Workers Planned": 2,"Workers Launched": 2,"Single Copy": false,"Plans": [{"Node Type": "Seq Scan","Parent Relationship": "Outer","Parallel Aware": true,"Async Capable": false,"Relation Name": "part","Alias": "part","Startup Cost": 0.00,"Total Cost": 5347.00,"Plan Rows": 85,"Plan Width": 4,"Actual Startup Time": 1.039,"Actual Total Time": 26.601,"Actual Rows": 64,"Actual Loops": 3,"Filter": "((p_brand = 'Brand#43'::bpchar) AND (p_container = 'LG BOX'::bpchar))","Rows Removed by Filter": 66603,"Workers": []}]}]},{"Node Type": "Aggregate","Strategy": "Plain","Partial Mode": "Simple","Parent Relationship": "SubPlan","Subplan Name": "SubPlan 1","Parallel Aware": false,"Async Capable": false,"Startup Cost": 127.60,"Total Cost": 127.61,"Plan Rows": 1,"Plan Width": 32,"Actual Startup Time": 0.124,"Actual Total Time": 0.124,"Actual Rows": 1,"Actual Loops": 5748,"Plans": [{"Node Type": "Bitmap Heap Scan","Parent Relationship": "Outer","Parallel Aware": false,"Async Capable": false,"Relation Name": "lineitem","Alias": "lineitem_1","Startup Cost": 4.67,"Total Cost": 127.52,"Plan Rows": 31,"Plan Width": 5,"Actual Startup Time": 0.013,"Actual Total Time": 0.116,"Actual Rows": 31,"Actual Loops": 5748,"Recheck Cond": "(l_partkey = part.p_partkey)","Rows Removed by Index Recheck": 0,"Exact Heap Blocks": 177052,"Lossy Heap Blocks": 0,"Plans": [{"Node Type": "Bitmap Index Scan","Parent Relationship": "Outer","Parallel Aware": false,"Async Capable": false,"Index Name": "idx_lineitem_part_supp","Startup Cost": 0.00,"Total Cost": 4.67,"Plan Rows": 31,"Plan Width": 0,"Actual Startup Time": 0.007,"Actual Total Time": 0.007,"Actual Rows": 31,"Actual Loops": 5748,"Index Cond": "(l_partkey = part.p_partkey)"}]}]}]}]},"Planning Time": 5.244,"Triggers": [],"Execution Time": 4843.141}]
[{"Plan": {"Node Type": "Aggregate","Strategy": "Plain","Partial Mode": "Simple","Parallel Aware": false,"Async Capable": false,"Startup Cost": 195917.35,"Total Cost": 195917.36,"Plan Rows": 1,"Plan Width": 32,"Actual Startup Time": 5074.672,"Actual Total Time": 5075.522,"Actual Rows": 1,"Actual Loops": 1,"Plans": [{"Node Type": "Hash Join","Parent Relationship": "Outer","Parallel Aware": false,"Async Capable": false,"Join Type": "Inner","Startup Cost": 6368.10,"Total Cost": 195912.66,"Plan Rows": 1876,"Plan Width": 8,"Actual Startup Time": 32.846,"Actual Total Time": 5075.057,"Actual Rows": 597,"Actual Loops": 1,"Inner Unique": true,"Hash Cond": "(lineitem.l_partkey = part.p_partkey)","Join Filter": "(lineitem.l_quantity < (SubPlan 1))","Rows Removed by Join Filter": 5911,"Plans": [{"Node Type": "Seq Scan","Parent Relationship": "Outer","Parallel Aware": false,"Async Capable": false,"Relation Name": "lineitem","Alias": "lineitem","Startup Cost": 0.00,"Total Cost": 172515.15,"Plan Rows": 6001215,"Plan Width": 17,"Actual Startup Time": 0.014,"Actual Total Time": 1010.594,"Actual Rows": 6001215,"Actual Loops": 1},{"Node Type": "Hash","Parent Relationship": "Inner","Parallel Aware": false,"Async Capable": false,"Startup Cost": 6365.76,"Total Cost": 6365.76,"Plan Rows": 188,"Plan Width": 4,"Actual Startup Time": 29.217,"Actual Total Time": 30.037,"Actual Rows": 217,"Actual Loops": 1,"Hash Buckets": 1024,"Original Hash Buckets": 1024,"Hash Batches": 1,"Original Hash Batches": 1,"Peak Memory Usage": 16,"Plans": [{"Node Type": "Gather","Parent Relationship": "Outer","Parallel Aware": false,"Async Capable": false,"Startup Cost": 1000.00,"Total Cost": 6365.76,"Plan Rows": 188,"Plan Width": 4,"Actual Startup Time": 0.751,"Actual Total Time": 29.973,"Actual Rows": 217,"Actual Loops": 1,"Workers Planned": 2,"Workers Launched": 2,"Single Copy": false,"Plans": [{"Node Type": "Seq Scan","Parent Relationship": "Outer","Parallel Aware": true,"Async Capable": false,"Relation Name": "part","Alias": "part","Startup Cost": 0.00,"Total Cost": 5347.00,"Plan Rows": 78,"Plan Width": 4,"Actual Startup Time": 0.640,"Actual Total Time": 23.829,"Actual Rows": 72,"Actual Loops": 3,"Filter": "((p_brand = 'Brand#23'::bpchar) AND (p_container = 'JUMBO BOX'::bpchar))","Rows Removed by Filter": 66594,"Workers": []}]}]},{"Node Type": "Aggregate","Strategy": "Plain","Partial Mode": "Simple","Parent Relationship": "SubPlan","Subplan Name": "SubPlan 1","Parallel Aware": false,"Async Capable": false,"Startup Cost": 127.60,"Total Cost": 127.61,"Plan Rows": 1,"Plan Width": 32,"Actual Startup Time": 0.144,"Actual Total Time": 0.144,"Actual Rows": 1,"Actual Loops": 6508,"Plans": [{"Node Type": "Bitmap Heap Scan","Parent Relationship": "Outer","Parallel Aware": false,"Async Capable": false,"Relation Name": "lineitem","Alias": "lineitem_1","Startup Cost": 4.67,"Total Cost": 127.52,"Plan Rows": 31,"Plan Width": 5,"Actual Startup Time": 0.014,"Actual Total Time": 0.137,"Actual Rows": 31,"Actual Loops": 6508,"Recheck Cond": "(l_partkey = part.p_partkey)","Rows Removed by Index Recheck": 0,"Exact Heap Blocks": 200846,"Lossy Heap Blocks": 0,"Plans": [{"Node Type": "Bitmap Index Scan","Parent Relationship": "Outer","Parallel Aware": false,"Async Capable": false,"Index Name": "idx_lineitem_part_supp","Startup Cost": 0.00,"Total Cost": 4.67,"Plan Rows": 31,"Plan Width": 0,"Actual Startup Time": 0.008,"Actual Total Time": 0.008,"Actual Rows": 31,"Actual Loops": 6508,"Index Cond": "(l_partkey = part.p_partkey)"}]}]}]}]},"Planning Time": 5.102,"Triggers": [],"Execution Time": 5075.854}]
[{"Plan": {"Node Type": "Aggregate","Strategy": "Plain","Partial Mode": "Simple","Parallel Aware": false,"Async Capable": false,"Startup Cost": 195919.53,"Total Cost": 195919.55,"Plan Rows": 1,"Plan Width": 32,"Actual Startup Time": 4933.780,"Actual Total Time": 4934.416,"Actual Rows": 1,"Actual Loops": 1,"Plans": [{"Node Type": "Hash Join","Parent Relationship": "Outer","Parallel Aware": false,"Async Capable": false,"Join Type": "Inner","Startup Cost": 6369.89,"Total Cost": 195914.44,"Plan Rows": 2035,"Plan Width": 8,"Actual Startup Time": 35.617,"Actual Total Time": 4934.010,"Actual Rows": 601,"Actual Loops": 1,"Inner Unique": true,"Hash Cond": "(lineitem.l_partkey = part.p_partkey)","Join Filter": "(lineitem.l_quantity < (SubPlan 1))","Rows Removed by Join Filter": 5937,"Plans": [{"Node Type": "Seq Scan","Parent Relationship": "Outer","Parallel Aware": false,"Async Capable": false,"Relation Name": "lineitem","Alias": "lineitem","Startup Cost": 0.00,"Total Cost": 172515.15,"Plan Rows": 6001215,"Plan Width": 17,"Actual Startup Time": 0.011,"Actual Total Time": 968.237,"Actual Rows": 6001215,"Actual Loops": 1},{"Node Type": "Hash","Parent Relationship": "Inner","Parallel Aware": false,"Async Capable": false,"Startup Cost": 6367.35,"Total Cost": 6367.35,"Plan Rows": 203,"Plan Width": 4,"Actual Startup Time": 31.919,"Actual Total Time": 32.504,"Actual Rows": 216,"Actual Loops": 1,"Hash Buckets": 1024,"Original Hash Buckets": 1024,"Hash Batches": 1,"Original Hash Batches": 1,"Peak Memory Usage": 16,"Plans": [{"Node Type": "Gather","Parent Relationship": "Outer","Parallel Aware": false,"Async Capable": false,"Startup Cost": 1000.00,"Total Cost": 6367.35,"Plan Rows": 203,"Plan Width": 4,"Actual Startup Time": 2.102,"Actual Total Time": 32.412,"Actual Rows": 216,"Actual Loops": 1,"Workers Planned": 2,"Workers Launched": 2,"Single Copy": false,"Plans": [{"Node Type": "Seq Scan","Parent Relationship": "Outer","Parallel Aware": true,"Async Capable": false,"Relation Name": "part","Alias": "part","Startup Cost": 0.00,"Total Cost": 5347.00,"Plan Rows": 85,"Plan Width": 4,"Actual Startup Time": 1.651,"Actual Total Time": 26.383,"Actual Rows": 72,"Actual Loops": 3,"Filter": "((p_brand = 'Brand#12'::bpchar) AND (p_container = 'WRAP CAN'::bpchar))","Rows Removed by Filter": 66595,"Workers": []}]}]},{"Node Type": "Aggregate","Strategy": "Plain","Partial Mode": "Simple","Parent Relationship": "SubPlan","Subplan Name": "SubPlan 1","Parallel Aware": false,"Async Capable": false,"Startup Cost": 127.60,"Total Cost": 127.61,"Plan Rows": 1,"Plan Width": 32,"Actual Startup Time": 0.122,"Actual Total Time": 0.122,"Actual Rows": 1,"Actual Loops": 6538,"Plans": [{"Node Type": "Bitmap Heap Scan","Parent Relationship": "Outer","Parallel Aware": false,"Async Capable": false,"Relation Name": "lineitem","Alias": "lineitem_1","Startup Cost": 4.67,"Total Cost": 127.52,"Plan Rows": 31,"Plan Width": 5,"Actual Startup Time": 0.013,"Actual Total Time": 0.115,"Actual Rows": 31,"Actual Loops": 6538,"Recheck Cond": "(l_partkey = part.p_partkey)","Rows Removed by Index Recheck": 0,"Exact Heap Blocks": 204790,"Lossy Heap Blocks": 0,"Plans": [{"Node Type": "Bitmap Index Scan","Parent Relationship": "Outer","Parallel Aware": false,"Async Capable": false,"Index Name": "idx_lineitem_part_supp","Startup Cost": 0.00,"Total Cost": 4.67,"Plan Rows": 31,"Plan Width": 0,"Actual Startup Time": 0.007,"Actual Total Time": 0.007,"Actual Rows": 31,"Actual Loops": 6538,"Index Cond": "(l_partkey = part.p_partkey)"}]}]}]}]},"Planning Time": 4.724,"Triggers": [],"Execution Time": 4934.797}]
[{"Plan": {"Node Type": "Aggregate","Strategy": "Plain","Partial Mode": "Simple","Parallel Aware": false,"Async Capable": false,"Startup Cost": 195918.90,"Total Cost": 195918.91,"Plan Rows": 1,"Plan Width": 32,"Actual Startup Time": 4837.575,"Actual Total Time": 4837.997,"Actual Rows": 1,"Actual Loops": 1,"Plans": [{"Node Type": "Hash Join","Parent Relationship": "Outer","Parallel Aware": false,"Async Capable": false,"Join Type": "Inner","Startup Cost": 6369.37,"Total Cost": 195913.93,"Plan Rows": 1989,"Plan Width": 8,"Actual Startup Time": 30.980,"Actual Total Time": 4837.806,"Actual Rows": 492,"Actual Loops": 1,"Inner Unique": true,"Hash Cond": "(lineitem.l_partkey = part.p_partkey)","Join Filter": "(lineitem.l_quantity < (SubPlan 1))","Rows Removed by Join Filter": 5064,"Plans": [{"Node Type": "Seq Scan","Parent Relationship": "Outer","Parallel Aware": false,"Async Capable": false,"Relation Name": "lineitem","Alias": "lineitem","Startup Cost": 0.00,"Total Cost": 172515.15,"Plan Rows": 6001215,"Plan Width": 17,"Actual Startup Time": 0.019,"Actual Total Time": 937.589,"Actual Rows": 6001215,"Actual Loops": 1},{"Node Type": "Hash","Parent Relationship": "Inner","Parallel Aware": false,"Async Capable": false,"Startup Cost": 6366.89,"Total Cost": 6366.89,"Plan Rows": 199,"Plan Width": 4,"Actual Startup Time": 30.213,"Actual Total Time": 30.617,"Actual Rows": 186,"Actual Loops": 1,"Hash Buckets": 1024,"Original Hash Buckets": 1024,"Hash Batches": 1,"Original Hash Batches": 1,"Peak Memory Usage": 15,"Plans": [{"Node Type": "Gather","Parent Relationship": "Outer","Parallel Aware": false,"Async Capable": false,"Startup Cost": 1000.00,"Total Cost": 6366.89,"Plan Rows": 199,"Plan Width": 4,"Actual Startup Time": 2.106,"Actual Total Time": 30.540,"Actual Rows": 186,"Actual Loops": 1,"Workers Planned": 2,"Workers Launched": 2,"Single Copy": false,"Plans": [{"Node Type": "Seq Scan","Parent Relationship": "Outer","Parallel Aware": true,"Async Capable": false,"Relation Name": "part","Alias": "part","Startup Cost": 0.00,"Total Cost": 5347.00,"Plan Rows": 83,"Plan Width": 4,"Actual Startup Time": 1.351,"Actual Total Time": 24.165,"Actual Rows": 62,"Actual Loops": 3,"Filter": "((p_brand = 'Brand#45'::bpchar) AND (p_container = 'SM CASE'::bpchar))","Rows Removed by Filter": 66605,"Workers": []}]}]},{"Node Type": "Aggregate","Strategy": "Plain","Partial Mode": "Simple","Parent Relationship": "SubPlan","Subplan Name": "SubPlan 1","Parallel Aware": false,"Async Capable": false,"Startup Cost": 127.60,"Total Cost": 127.61,"Plan Rows": 1,"Plan Width": 32,"Actual Startup Time": 0.124,"Actual Total Time": 0.124,"Actual Rows": 1,"Actual Loops": 5556,"Plans": [{"Node Type": "Bitmap Heap Scan","Parent Relationship": "Outer","Parallel Aware": false,"Async Capable": false,"Relation Name": "lineitem","Alias": "lineitem_1","Startup Cost": 4.67,"Total Cost": 127.52,"Plan Rows": 31,"Plan Width": 5,"Actual Startup Time": 0.013,"Actual Total Time": 0.117,"Actual Rows": 31,"Actual Loops": 5556,"Recheck Cond": "(l_partkey = part.p_partkey)","Rows Removed by Index Recheck": 0,"Exact Heap Blocks": 171598,"Lossy Heap Blocks": 0,"Plans": [{"Node Type": "Bitmap Index Scan","Parent Relationship": "Outer","Parallel Aware": false,"Async Capable": false,"Index Name": "idx_lineitem_part_supp","Startup Cost": 0.00,"Total Cost": 4.67,"Plan Rows": 31,"Plan Width": 0,"Actual Startup Time": 0.007,"Actual Total Time": 0.007,"Actual Rows": 31,"Actual Loops": 5556,"Index Cond": "(l_partkey = part.p_partkey)"}]}]}]}]},"Planning Time": 5.660,"Triggers": [],"Execution Time": 4838.322}]
[{"Plan": {"Node Type": "Aggregate","Strategy": "Plain","Partial Mode": "Simple","Parallel Aware": false,"Async Capable": false,"Startup Cost": 195918.53,"Total Cost": 195918.54,"Plan Rows": 1,"Plan Width": 32,"Actual Startup Time": 4817.479,"Actual Total Time": 4818.131,"Actual Rows": 1,"Actual Loops": 1,"Plans": [{"Node Type": "Hash Join","Parent Relationship": "Outer","Parallel Aware": false,"Async Capable": false,"Join Type": "Inner","Startup Cost": 6369.06,"Total Cost": 195913.62,"Plan Rows": 1962,"Plan Width": 8,"Actual Startup Time": 32.923,"Actual Total Time": 4817.720,"Actual Rows": 493,"Actual Loops": 1,"Inner Unique": true,"Hash Cond": "(lineitem.l_partkey = part.p_partkey)","Join Filter": "(lineitem.l_quantity < (SubPlan 1))","Rows Removed by Join Filter": 5010,"Plans": [{"Node Type": "Seq Scan","Parent Relationship": "Outer","Parallel Aware": false,"Async Capable": false,"Relation Name": "lineitem","Alias": "lineitem","Startup Cost": 0.00,"Total Cost": 172515.15,"Plan Rows": 6001215,"Plan Width": 17,"Actual Startup Time": 0.026,"Actual Total Time": 983.826,"Actual Rows": 6001215,"Actual Loops": 1},{"Node Type": "Hash","Parent Relationship": "Inner","Parallel Aware": false,"Async Capable": false,"Startup Cost": 6366.61,"Total Cost": 6366.61,"Plan Rows": 196,"Plan Width": 4,"Actual Startup Time": 31.048,"Actual Total Time": 31.659,"Actual Rows": 187,"Actual Loops": 1,"Hash Buckets": 1024,"Original Hash Buckets": 1024,"Hash Batches": 1,"Original Hash Batches": 1,"Peak Memory Usage": 15,"Plans": [{"Node Type": "Gather","Parent Relationship": "Outer","Parallel Aware": false,"Async Capable": false,"Startup Cost": 1000.00,"Total Cost": 6366.61,"Plan Rows": 196,"Plan Width": 4,"Actual Startup Time": 1.730,"Actual Total Time": 31.596,"Actual Rows": 187,"Actual Loops": 1,"Workers Planned": 2,"Workers Launched": 2,"Single Copy": false,"Plans": [{"Node Type": "Seq Scan","Parent Relationship": "Outer","Parallel Aware": true,"Async Capable": false,"Relation Name": "part","Alias": "part","Startup Cost": 0.00,"Total Cost": 5347.00,"Plan Rows": 82,"Plan Width": 4,"Actual Startup Time": 0.930,"Actual Total Time": 25.200,"Actual Rows": 62,"Actual Loops": 3,"Filter": "((p_brand = 'Brand#54'::bpchar) AND (p_container = 'SM DRUM'::bpchar))","Rows Removed by Filter": 66604,"Workers": []}]}]},{"Node Type": "Aggregate","Strategy": "Plain","Partial Mode": "Simple","Parent Relationship": "SubPlan","Subplan Name": "SubPlan 1","Parallel Aware": false,"Async Capable": false,"Startup Cost": 127.60,"Total Cost": 127.61,"Plan Rows": 1,"Plan Width": 32,"Actual Startup Time": 0.124,"Actual Total Time": 0.124,"Actual Rows": 1,"Actual Loops": 5503,"Plans": [{"Node Type": "Bitmap Heap Scan","Parent Relationship": "Outer","Parallel Aware": false,"Async Capable": false,"Relation Name": "lineitem","Alias": "lineitem_1","Startup Cost": 4.67,"Total Cost": 127.52,"Plan Rows": 31,"Plan Width": 5,"Actual Startup Time": 0.014,"Actual Total Time": 0.117,"Actual Rows": 31,"Actual Loops": 5503,"Recheck Cond": "(l_partkey = part.p_partkey)","Rows Removed by Index Recheck": 0,"Exact Heap Blocks": 168068,"Lossy Heap Blocks": 0,"Plans": [{"Node Type": "Bitmap Index Scan","Parent Relationship": "Outer","Parallel Aware": false,"Async Capable": false,"Index Name": "idx_lineitem_part_supp","Startup Cost": 0.00,"Total Cost": 4.67,"Plan Rows": 31,"Plan Width": 0,"Actual Startup Time": 0.007,"Actual Total Time": 0.007,"Actual Rows": 31,"Actual Loops": 5503,"Index Cond": "(l_partkey = part.p_partkey)"}]}]}]}]},"Planning Time": 5.196,"Triggers": [],"Execution Time": 4818.576}]
[{"Plan": {"Node Type": "Aggregate","Strategy": "Plain","Partial Mode": "Simple","Parallel Aware": false,"Async Capable": false,"Startup Cost": 195919.61,"Total Cost": 195919.63,"Plan Rows": 1,"Plan Width": 32,"Actual Startup Time": 4923.649,"Actual Total Time": 4924.357,"Actual Rows": 1,"Actual Loops": 1,"Plans": [{"Node Type": "Hash Join","Parent Relationship": "Outer","Parallel Aware": false,"Async Capable": false,"Join Type": "Inner","Startup Cost": 6369.96,"Total Cost": 195914.51,"Plan Rows": 2041,"Plan Width": 8,"Actual Startup Time": 33.029,"Actual Total Time": 4924.092,"Actual Rows": 557,"Actual Loops": 1,"Inner Unique": true,"Hash Cond": "(lineitem.l_partkey = part.p_partkey)","Join Filter": "(lineitem.l_quantity < (SubPlan 1))","Rows Removed by Join Filter": 5279,"Plans": [{"Node Type": "Seq Scan","Parent Relationship": "Outer","Parallel Aware": false,"Async Capable": false,"Relation Name": "lineitem","Alias": "lineitem","Startup Cost": 0.00,"Total Cost": 172515.15,"Plan Rows": 6001215,"Plan Width": 17,"Actual Startup Time": 0.018,"Actual Total Time": 1032.556,"Actual Rows": 6001215,"Actual Loops": 1},{"Node Type": "Hash","Parent Relationship": "Inner","Parallel Aware": false,"Async Capable": false,"Startup Cost": 6367.41,"Total Cost": 6367.41,"Plan Rows": 204,"Plan Width": 4,"Actual Startup Time": 32.178,"Actual Total Time": 32.865,"Actual Rows": 199,"Actual Loops": 1,"Hash Buckets": 1024,"Original Hash Buckets": 1024,"Hash Batches": 1,"Original Hash Batches": 1,"Peak Memory Usage": 15,"Plans": [{"Node Type": "Gather","Parent Relationship": "Outer","Parallel Aware": false,"Async Capable": false,"Startup Cost": 1000.00,"Total Cost": 6367.41,"Plan Rows": 204,"Plan Width": 4,"Actual Startup Time": 1.484,"Actual Total Time": 32.813,"Actual Rows": 199,"Actual Loops": 1,"Workers Planned": 2,"Workers Launched": 2,"Single Copy": false,"Plans": [{"Node Type": "Seq Scan","Parent Relationship": "Outer","Parallel Aware": true,"Async Capable": false,"Relation Name": "part","Alias": "part","Startup Cost": 0.00,"Total Cost": 5347.00,"Plan Rows": 85,"Plan Width": 4,"Actual Startup Time": 1.225,"Actual Total Time": 25.909,"Actual Rows": 66,"Actual Loops": 3,"Filter": "((p_brand = 'Brand#21'::bpchar) AND (p_container = 'JUMBO BAG'::bpchar))","Rows Removed by Filter": 66600,"Workers": []}]}]},{"Node Type": "Aggregate","Strategy": "Plain","Partial Mode": "Simple","Parent Relationship": "SubPlan","Subplan Name": "SubPlan 1","Parallel Aware": false,"Async Capable": false,"Startup Cost": 127.60,"Total Cost": 127.61,"Plan Rows": 1,"Plan Width": 32,"Actual Startup Time": 0.145,"Actual Total Time": 0.145,"Actual Rows": 1,"Actual Loops": 5836,"Plans": [{"Node Type": "Bitmap Heap Scan","Parent Relationship": "Outer","Parallel Aware": false,"Async Capable": false,"Relation Name": "lineitem","Alias": "lineitem_1","Startup Cost": 4.67,"Total Cost": 127.52,"Plan Rows": 31,"Plan Width": 5,"Actual Startup Time": 0.014,"Actual Total Time": 0.138,"Actual Rows": 30,"Actual Loops": 5836,"Recheck Cond": "(l_partkey = part.p_partkey)","Rows Removed by Index Recheck": 0,"Exact Heap Blocks": 176101,"Lossy Heap Blocks": 0,"Plans": [{"Node Type": "Bitmap Index Scan","Parent Relationship": "Outer","Parallel Aware": false,"Async Capable": false,"Index Name": "idx_lineitem_part_supp","Startup Cost": 0.00,"Total Cost": 4.67,"Plan Rows": 31,"Plan Width": 0,"Actual Startup Time": 0.008,"Actual Total Time": 0.008,"Actual Rows": 30,"Actual Loops": 5836,"Index Cond": "(l_partkey = part.p_partkey)"}]}]}]}]},"Planning Time": 4.599,"Triggers": [],"Execution Time": 4924.613}]
[{"Plan": {"Node Type": "Aggregate","Strategy": "Plain","Partial Mode": "Simple","Parallel Aware": false,"Async Capable": false,"Startup Cost": 195919.15,"Total Cost": 195919.16,"Plan Rows": 1,"Plan Width": 32,"Actual Startup Time": 4832.336,"Actual Total Time": 4832.769,"Actual Rows": 1,"Actual Loops": 1,"Plans": [{"Node Type": "Hash Join","Parent Relationship": "Outer","Parallel Aware": false,"Async Capable": false,"Join Type": "Inner","Startup Cost": 6369.57,"Total Cost": 195914.13,"Plan Rows": 2007,"Plan Width": 8,"Actual Startup Time": 35.715,"Actual Total Time": 4832.586,"Actual Rows": 535,"Actual Loops": 1,"Inner Unique": true,"Hash Cond": "(lineitem.l_partkey = part.p_partkey)","Join Filter": "(lineitem.l_quantity < (SubPlan 1))","Rows Removed by Join Filter": 5129,"Plans": [{"Node Type": "Seq Scan","Parent Relationship": "Outer","Parallel Aware": false,"Async Capable": false,"Relation Name": "lineitem","Alias": "lineitem","Startup Cost": 0.00,"Total Cost": 172515.15,"Plan Rows": 6001215,"Plan Width": 17,"Actual Startup Time": 0.016,"Actual Total Time": 937.727,"Actual Rows": 6001215,"Actual Loops": 1},{"Node Type": "Hash","Parent Relationship": "Inner","Parallel Aware": false,"Async Capable": false,"Startup Cost": 6367.07,"Total Cost": 6367.07,"Plan Rows": 201,"Plan Width": 4,"Actual Startup Time": 31.197,"Actual Total Time": 31.611,"Actual Rows": 189,"Actual Loops": 1,"Hash Buckets": 1024,"Original Hash Buckets": 1024,"Hash Batches": 1,"Original Hash Batches": 1,"Peak Memory Usage": 15,"Plans": [{"Node Type": "Gather","Parent Relationship": "Outer","Parallel Aware": false,"Async Capable": false,"Startup Cost": 1000.00,"Total Cost": 6367.07,"Plan Rows": 201,"Plan Width": 4,"Actual Startup Time": 0.733,"Actual Total Time": 31.535,"Actual Rows": 189,"Actual Loops": 1,"Workers Planned": 2,"Workers Launched": 2,"Single Copy": false,"Plans": [{"Node Type": "Seq Scan","Parent Relationship": "Outer","Parallel Aware": true,"Async Capable": false,"Relation Name": "part","Alias": "part","Startup Cost": 0.00,"Total Cost": 5347.00,"Plan Rows": 84,"Plan Width": 4,"Actual Startup Time": 0.543,"Actual Total Time": 25.405,"Actual Rows": 63,"Actual Loops": 3,"Filter": "((p_brand = 'Brand#11'::bpchar) AND (p_container = 'MED BAG'::bpchar))","Rows Removed by Filter": 66604,"Workers": []}]}]},{"Node Type": "Aggregate","Strategy": "Plain","Partial Mode": "Simple","Parent Relationship": "SubPlan","Subplan Name": "SubPlan 1","Parallel Aware": false,"Async Capable": false,"Startup Cost": 127.60,"Total Cost": 127.61,"Plan Rows": 1,"Plan Width": 32,"Actual Startup Time": 0.121,"Actual Total Time": 0.121,"Actual Rows": 1,"Actual Loops": 5664,"Plans": [{"Node Type": "Bitmap Heap Scan","Parent Relationship": "Outer","Parallel Aware": false,"Async Capable": false,"Relation Name": "lineitem","Alias": "lineitem_1","Startup Cost": 4.67,"Total Cost": 127.52,"Plan Rows": 31,"Plan Width": 5,"Actual Startup Time": 0.013,"Actual Total Time": 0.114,"Actual Rows": 31,"Actual Loops": 5664,"Recheck Cond": "(l_partkey = part.p_partkey)","Rows Removed by Index Recheck": 0,"Exact Heap Blocks": 176325,"Lossy Heap Blocks": 0,"Plans": [{"Node Type": "Bitmap Index Scan","Parent Relationship": "Outer","Parallel Aware": false,"Async Capable": false,"Index Name": "idx_lineitem_part_supp","Startup Cost": 0.00,"Total Cost": 4.67,"Plan Rows": 31,"Plan Width": 0,"Actual Startup Time": 0.007,"Actual Total Time": 0.007,"Actual Rows": 31,"Actual Loops": 5664,"Index Cond": "(l_partkey = part.p_partkey)"}]}]}]}]},"Planning Time": 4.298,"Triggers": [],"Execution Time": 4833.023}]
[{"Plan": {"Node Type": "Aggregate","Strategy": "Plain","Partial Mode": "Simple","Parallel Aware": false,"Async Capable": false,"Startup Cost": 195919.95,"Total Cost": 195919.97,"Plan Rows": 1,"Plan Width": 32,"Actual Startup Time": 4928.896,"Actual Total Time": 4929.513,"Actual Rows": 1,"Actual Loops": 1,"Plans": [{"Node Type": "Hash Join","Parent Relationship": "Outer","Parallel Aware": false,"Async Capable": false,"Join Type": "Inner","Startup Cost": 6370.23,"Total Cost": 195914.79,"Plan Rows": 2066,"Plan Width": 8,"Actual Startup Time": 68.276,"Actual Total Time": 4929.303,"Actual Rows": 531,"Actual Loops": 1,"Inner Unique": true,"Hash Cond": "(lineitem.l_partkey = part.p_partkey)","Join Filter": "(lineitem.l_quantity < (SubPlan 1))","Rows Removed by Join Filter": 5428,"Plans": [{"Node Type": "Seq Scan","Parent Relationship": "Outer","Parallel Aware": false,"Async Capable": false,"Relation Name": "lineitem","Alias": "lineitem","Startup Cost": 0.00,"Total Cost": 172515.15,"Plan Rows": 6001215,"Plan Width": 17,"Actual Startup Time": 0.020,"Actual Total Time": 1026.227,"Actual Rows": 6001215,"Actual Loops": 1},{"Node Type": "Hash","Parent Relationship": "Inner","Parallel Aware": false,"Async Capable": false,"Startup Cost": 6367.65,"Total Cost": 6367.65,"Plan Rows": 207,"Plan Width": 4,"Actual Startup Time": 29.235,"Actual Total Time": 29.833,"Actual Rows": 195,"Actual Loops": 1,"Hash Buckets": 1024,"Original Hash Buckets": 1024,"Hash Batches": 1,"Original Hash Batches": 1,"Peak Memory Usage": 15,"Plans": [{"Node Type": "Gather","Parent Relationship": "Outer","Parallel Aware": false,"Async Capable": false,"Startup Cost": 1000.00,"Total Cost": 6367.65,"Plan Rows": 207,"Plan Width": 4,"Actual Startup Time": 1.853,"Actual Total Time": 29.763,"Actual Rows": 195,"Actual Loops": 1,"Workers Planned": 2,"Workers Launched": 2,"Single Copy": false,"Plans": [{"Node Type": "Seq Scan","Parent Relationship": "Outer","Parallel Aware": true,"Async Capable": false,"Relation Name": "part","Alias": "part","Startup Cost": 0.00,"Total Cost": 5347.00,"Plan Rows": 86,"Plan Width": 4,"Actual Startup Time": 0.836,"Actual Total Time": 23.563,"Actual Rows": 65,"Actual Loops": 3,"Filter": "((p_brand = 'Brand#21'::bpchar) AND (p_container = 'MED CASE'::bpchar))","Rows Removed by Filter": 66602,"Workers": []}]}]},{"Node Type": "Aggregate","Strategy": "Plain","Partial Mode": "Simple","Parent Relationship": "SubPlan","Subplan Name": "SubPlan 1","Parallel Aware": false,"Async Capable": false,"Startup Cost": 127.60,"Total Cost": 127.61,"Plan Rows": 1,"Plan Width": 32,"Actual Startup Time": 0.147,"Actual Total Time": 0.147,"Actual Rows": 1,"Actual Loops": 5959,"Plans": [{"Node Type": "Bitmap Heap Scan","Parent Relationship": "Outer","Parallel Aware": false,"Async Capable": false,"Relation Name": "lineitem","Alias": "lineitem_1","Startup Cost": 4.67,"Total Cost": 127.52,"Plan Rows": 31,"Plan Width": 5,"Actual Startup Time": 0.014,"Actual Total Time": 0.139,"Actual Rows": 32,"Actual Loops": 5959,"Recheck Cond": "(l_partkey = part.p_partkey)","Rows Removed by Index Recheck": 0,"Exact Heap Blocks": 187956,"Lossy Heap Blocks": 0,"Plans": [{"Node Type": "Bitmap Index Scan","Parent Relationship": "Outer","Parallel Aware": false,"Async Capable": false,"Index Name": "idx_lineitem_part_supp","Startup Cost": 0.00,"Total Cost": 4.67,"Plan Rows": 31,"Plan Width": 0,"Actual Startup Time": 0.008,"Actual Total Time": 0.008,"Actual Rows": 32,"Actual Loops": 5959,"Index Cond": "(l_partkey = part.p_partkey)"}]}]}]}]},"Planning Time": 6.030,"Triggers": [],"Execution Time": 4929.855}]
[{"Plan": {"Node Type": "Aggregate","Strategy": "Plain","Partial Mode": "Simple","Parallel Aware": false,"Async Capable": false,"Startup Cost": 195920.70,"Total Cost": 195920.72,"Plan Rows": 1,"Plan Width": 32,"Actual Startup Time": 5009.860,"Actual Total Time": 5010.315,"Actual Rows": 1,"Actual Loops": 1,"Plans": [{"Node Type": "Hash Join","Parent Relationship": "Outer","Parallel Aware": false,"Async Capable": false,"Join Type": "Inner","Startup Cost": 6370.85,"Total Cost": 195915.40,"Plan Rows": 2120,"Plan Width": 8,"Actual Startup Time": 33.848,"Actual Total Time": 5010.097,"Actual Rows": 570,"Actual Loops": 1,"Inner Unique": true,"Hash Cond": "(lineitem.l_partkey = part.p_partkey)","Join Filter": "(lineitem.l_quantity < (SubPlan 1))","Rows Removed by Join Filter": 5714,"Plans": [{"Node Type": "Seq Scan","Parent Relationship": "Outer","Parallel Aware": false,"Async Capable": false,"Relation Name": "lineitem","Alias": "lineitem","Startup Cost": 0.00,"Total Cost": 172515.15,"Plan Rows": 6001215,"Plan Width": 17,"Actual Startup Time": 0.011,"Actual Total Time": 1028.996,"Actual Rows": 6001215,"Actual Loops": 1},{"Node Type": "Hash","Parent Relationship": "Inner","Parallel Aware": false,"Async Capable": false,"Startup Cost": 6368.20,"Total Cost": 6368.20,"Plan Rows": 212,"Plan Width": 4,"Actual Startup Time": 32.266,"Actual Total Time": 32.697,"Actual Rows": 207,"Actual Loops": 1,"Hash Buckets": 1024,"Original Hash Buckets": 1024,"Hash Batches": 1,"Original Hash Batches": 1,"Peak Memory Usage": 16,"Plans": [{"Node Type": "Gather","Parent Relationship": "Outer","Parallel Aware": false,"Async Capable": false,"Startup Cost": 1000.00,"Total Cost": 6368.20,"Plan Rows": 212,"Plan Width": 4,"Actual Startup Time": 1.248,"Actual Total Time": 32.623,"Actual Rows": 207,"Actual Loops": 1,"Workers Planned": 2,"Workers Launched": 2,"Single Copy": false,"Plans": [{"Node Type": "Seq Scan","Parent Relationship": "Outer","Parallel Aware": true,"Async Capable": false,"Relation Name": "part","Alias": "part","Startup Cost": 0.00,"Total Cost": 5347.00,"Plan Rows": 88,"Plan Width": 4,"Actual Startup Time": 0.698,"Actual Total Time": 26.447,"Actual Rows": 69,"Actual Loops": 3,"Filter": "((p_brand = 'Brand#55'::bpchar) AND (p_container = 'LG BOX'::bpchar))","Rows Removed by Filter": 66598,"Workers": []}]}]},{"Node Type": "Aggregate","Strategy": "Plain","Partial Mode": "Simple","Parent Relationship": "SubPlan","Subplan Name": "SubPlan 1","Parallel Aware": false,"Async Capable": false,"Startup Cost": 127.60,"Total Cost": 127.61,"Plan Rows": 1,"Plan Width": 32,"Actual Startup Time": 0.148,"Actual Total Time": 0.148,"Actual Rows": 1,"Actual Loops": 6284,"Plans": [{"Node Type": "Bitmap Heap Scan","Parent Relationship": "Outer","Parallel Aware": false,"Async Capable": false,"Relation Name": "lineitem","Alias": "lineitem_1","Startup Cost": 4.67,"Total Cost": 127.52,"Plan Rows": 31,"Plan Width": 5,"Actual Startup Time": 0.015,"Actual Total Time": 0.141,"Actual Rows": 31,"Actual Loops": 6284,"Recheck Cond": "(l_partkey = part.p_partkey)","Rows Removed by Index Recheck": 0,"Exact Heap Blocks": 196800,"Lossy Heap Blocks": 0,"Plans": [{"Node Type": "Bitmap Index Scan","Parent Relationship": "Outer","Parallel Aware": false,"Async Capable": false,"Index Name": "idx_lineitem_part_supp","Startup Cost": 0.00,"Total Cost": 4.67,"Plan Rows": 31,"Plan Width": 0,"Actual Startup Time": 0.008,"Actual Total Time": 0.008,"Actual Rows": 31,"Actual Loops": 6284,"Index Cond": "(l_partkey = part.p_partkey)"}]}]}]}]},"Planning Time": 5.122,"Triggers": [],"Execution Time": 5010.577}]
[{"Plan": {"Node Type": "Aggregate","Strategy": "Plain","Partial Mode": "Simple","Parallel Aware": false,"Async Capable": false,"Startup Cost": 195917.69,"Total Cost": 195917.70,"Plan Rows": 1,"Plan Width": 32,"Actual Startup Time": 4844.561,"Actual Total Time": 4845.175,"Actual Rows": 1,"Actual Loops": 1,"Plans": [{"Node Type": "Hash Join","Parent Relationship": "Outer","Parallel Aware": false,"Async Capable": false,"Join Type": "Inner","Startup Cost": 6368.38,"Total Cost": 195912.93,"Plan Rows": 1901,"Plan Width": 8,"Actual Startup Time": 33.746,"Actual Total Time": 4844.677,"Actual Rows": 535,"Actual Loops": 1,"Inner Unique": true,"Hash Cond": "(lineitem.l_partkey = part.p_partkey)","Join Filter": "(lineitem.l_quantity < (SubPlan 1))","Rows Removed by Join Filter": 5261,"Plans": [{"Node Type": "Seq Scan","Parent Relationship": "Outer","Parallel Aware": false,"Async Capable": false,"Relation Name": "lineitem","Alias": "lineitem","Startup Cost": 0.00,"Total Cost": 172515.15,"Plan Rows": 6001215,"Plan Width": 17,"Actual Startup Time": 0.021,"Actual Total Time": 976.352,"Actual Rows": 6001215,"Actual Loops": 1},{"Node Type": "Hash","Parent Relationship": "Inner","Parallel Aware": false,"Async Capable": false,"Startup Cost": 6366.01,"Total Cost": 6366.01,"Plan Rows": 190,"Plan Width": 4,"Actual Startup Time": 32.483,"Actual Total Time": 33.068,"Actual Rows": 186,"Actual Loops": 1,"Hash Buckets": 1024,"Original Hash Buckets": 1024,"Hash Batches": 1,"Original Hash Batches": 1,"Peak Memory Usage": 15,"Plans": [{"Node Type": "Gather","Parent Relationship": "Outer","Parallel Aware": false,"Async Capable": false,"Startup Cost": 1000.00,"Total Cost": 6366.01,"Plan Rows": 190,"Plan Width": 4,"Actual Startup Time": 2.412,"Actual Total Time": 32.994,"Actual Rows": 186,"Actual Loops": 1,"Workers Planned": 2,"Workers Launched": 2,"Single Copy": false,"Plans": [{"Node Type": "Seq Scan","Parent Relationship": "Outer","Parallel Aware": true,"Async Capable": false,"Relation Name": "part","Alias": "part","Startup Cost": 0.00,"Total Cost": 5347.00,"Plan Rows": 79,"Plan Width": 4,"Actual Startup Time": 1.025,"Actual Total Time": 26.987,"Actual Rows": 62,"Actual Loops": 3,"Filter": "((p_brand = 'Brand#43'::bpchar) AND (p_container = 'LG CAN'::bpchar))","Rows Removed by Filter": 66605,"Workers": []}]}]},{"Node Type": "Aggregate","Strategy": "Plain","Partial Mode": "Simple","Parent Relationship": "SubPlan","Subplan Name": "SubPlan 1","Parallel Aware": false,"Async Capable": false,"Startup Cost": 127.60,"Total Cost": 127.61,"Plan Rows": 1,"Plan Width": 32,"Actual Startup Time": 0.126,"Actual Total Time": 0.126,"Actual Rows": 1,"Actual Loops": 5796,"Plans": [{"Node Type": "Bitmap Heap Scan","Parent Relationship": "Outer","Parallel Aware": false,"Async Capable": false,"Relation Name": "lineitem","Alias": "lineitem_1","Startup Cost": 4.67,"Total Cost": 127.52,"Plan Rows": 31,"Plan Width": 5,"Actual Startup Time": 0.013,"Actual Total Time": 0.119,"Actual Rows": 32,"Actual Loops": 5796,"Recheck Cond": "(l_partkey = part.p_partkey)","Rows Removed by Index Recheck": 0,"Exact Heap Blocks": 186530,"Lossy Heap Blocks": 0,"Plans": [{"Node Type": "Bitmap Index Scan","Parent Relationship": "Outer","Parallel Aware": false,"Async Capable": false,"Index Name": "idx_lineitem_part_supp","Startup Cost": 0.00,"Total Cost": 4.67,"Plan Rows": 31,"Plan Width": 0,"Actual Startup Time": 0.007,"Actual Total Time": 0.007,"Actual Rows": 32,"Actual Loops": 5796,"Index Cond": "(l_partkey = part.p_partkey)"}]}]}]}]},"Planning Time": 5.914,"Triggers": [],"Execution Time": 4845.626}]
[{"Plan": {"Node Type": "Aggregate","Strategy": "Plain","Partial Mode": "Simple","Parallel Aware": false,"Async Capable": false,"Startup Cost": 195919.53,"Total Cost": 195919.54,"Plan Rows": 1,"Plan Width": 32,"Actual Startup Time": 4722.401,"Actual Total Time": 4723.106,"Actual Rows": 1,"Actual Loops": 1,"Plans": [{"Node Type": "Hash Join","Parent Relationship": "Outer","Parallel Aware": false,"Async Capable": false,"Join Type": "Inner","Startup Cost": 6369.89,"Total Cost": 195914.44,"Plan Rows": 2035,"Plan Width": 8,"Actual Startup Time": 46.693,"Actual Total Time": 4722.670,"Actual Rows": 469,"Actual Loops": 1,"Inner Unique": true,"Hash Cond": "(lineitem.l_partkey = part.p_partkey)","Join Filter": "(lineitem.l_quantity < (SubPlan 1))","Rows Removed by Join Filter": 4723,"Plans": [{"Node Type": "Seq Scan","Parent Relationship": "Outer","Parallel Aware": false,"Async Capable": false,"Relation Name": "lineitem","Alias": "lineitem","Startup Cost": 0.00,"Total Cost": 172515.15,"Plan Rows": 6001215,"Plan Width": 17,"Actual Startup Time": 0.015,"Actual Total Time": 943.227,"Actual Rows": 6001215,"Actual Loops": 1},{"Node Type": "Hash","Parent Relationship": "Inner","Parallel Aware": false,"Async Capable": false,"Startup Cost": 6367.34,"Total Cost": 6367.34,"Plan Rows": 203,"Plan Width": 4,"Actual Startup Time": 32.142,"Actual Total Time": 32.811,"Actual Rows": 172,"Actual Loops": 1,"Hash Buckets": 1024,"Original Hash Buckets": 1024,"Hash Batches": 1,"Original Hash Batches": 1,"Peak Memory Usage": 15,"Plans": [{"Node Type": "Gather","Parent Relationship": "Outer","Parallel Aware": false,"Async Capable": false,"Startup Cost": 1000.00,"Total Cost": 6367.34,"Plan Rows": 203,"Plan Width": 4,"Actual Startup Time": 3.665,"Actual Total Time": 32.701,"Actual Rows": 172,"Actual Loops": 1,"Workers Planned": 2,"Workers Launched": 2,"Single Copy": false,"Plans": [{"Node Type": "Seq Scan","Parent Relationship": "Outer","Parallel Aware": true,"Async Capable": false,"Relation Name": "part","Alias": "part","Startup Cost": 0.00,"Total Cost": 5347.00,"Plan Rows": 85,"Plan Width": 4,"Actual Startup Time": 1.595,"Actual Total Time": 26.813,"Actual Rows": 57,"Actual Loops": 3,"Filter": "((p_brand = 'Brand#14'::bpchar) AND (p_container = 'LG CASE'::bpchar))","Rows Removed by Filter": 66609,"Workers": []}]}]},{"Node Type": "Aggregate","Strategy": "Plain","Partial Mode": "Simple","Parent Relationship": "SubPlan","Subplan Name": "SubPlan 1","Parallel Aware": false,"Async Capable": false,"Startup Cost": 127.60,"Total Cost": 127.61,"Plan Rows": 1,"Plan Width": 32,"Actual Startup Time": 0.126,"Actual Total Time": 0.126,"Actual Rows": 1,"Actual Loops": 5192,"Plans": [{"Node Type": "Bitmap Heap Scan","Parent Relationship": "Outer","Parallel Aware": false,"Async Capable": false,"Relation Name": "lineitem","Alias": "lineitem_1","Startup Cost": 4.67,"Total Cost": 127.52,"Plan Rows": 31,"Plan Width": 5,"Actual Startup Time": 0.014,"Actual Total Time": 0.119,"Actual Rows": 31,"Actual Loops": 5192,"Recheck Cond": "(l_partkey = part.p_partkey)","Rows Removed by Index Recheck": 0,"Exact Heap Blocks": 162188,"Lossy Heap Blocks": 0,"Plans": [{"Node Type": "Bitmap Index Scan","Parent Relationship": "Outer","Parallel Aware": false,"Async Capable": false,"Index Name": "idx_lineitem_part_supp","Startup Cost": 0.00,"Total Cost": 4.67,"Plan Rows": 31,"Plan Width": 0,"Actual Startup Time": 0.007,"Actual Total Time": 0.007,"Actual Rows": 31,"Actual Loops": 5192,"Index Cond": "(l_partkey = part.p_partkey)"}]}]}]}]},"Planning Time": 5.489,"Triggers": [],"Execution Time": 4723.536}]
[{"Plan": {"Node Type": "Aggregate","Strategy": "Plain","Partial Mode": "Simple","Parallel Aware": false,"Async Capable": false,"Startup Cost": 195918.99,"Total Cost": 195919.01,"Plan Rows": 1,"Plan Width": 32,"Actual Startup Time": 4824.745,"Actual Total Time": 4825.312,"Actual Rows": 1,"Actual Loops": 1,"Plans": [{"Node Type": "Hash Join","Parent Relationship": "Outer","Parallel Aware": false,"Async Capable": false,"Join Type": "Inner","Startup Cost": 6369.45,"Total Cost": 195914.00,"Plan Rows": 1996,"Plan Width": 8,"Actual Startup Time": 33.135,"Actual Total Time": 4825.008,"Actual Rows": 524,"Actual Loops": 1,"Inner Unique": true,"Hash Cond": "(lineitem.l_partkey = part.p_partkey)","Join Filter": "(lineitem.l_quantity < (SubPlan 1))","Rows Removed by Join Filter": 5394,"Plans": [{"Node Type": "Seq Scan","Parent Relationship": "Outer","Parallel Aware": false,"Async Capable": false,"Relation Name": "lineitem","Alias": "lineitem","Startup Cost": 0.00,"Total Cost": 172515.15,"Plan Rows": 6001215,"Plan Width": 17,"Actual Startup Time": 0.024,"Actual Total Time": 941.008,"Actual Rows": 6001215,"Actual Loops": 1},{"Node Type": "Hash","Parent Relationship": "Inner","Parallel Aware": false,"Async Capable": false,"Startup Cost": 6366.95,"Total Cost": 6366.95,"Plan Rows": 200,"Plan Width": 4,"Actual Startup Time": 31.888,"Actual Total Time": 32.438,"Actual Rows": 198,"Actual Loops": 1,"Hash Buckets": 1024,"Original Hash Buckets": 1024,"Hash Batches": 1,"Original Hash Batches": 1,"Peak Memory Usage": 15,"Plans": [{"Node Type": "Gather","Parent Relationship": "Outer","Parallel Aware": false,"Async Capable": false,"Startup Cost": 1000.00,"Total Cost": 6366.95,"Plan Rows": 200,"Plan Width": 4,"Actual Startup Time": 0.673,"Actual Total Time": 32.342,"Actual Rows": 198,"Actual Loops": 1,"Workers Planned": 2,"Workers Launched": 2,"Single Copy": false,"Plans": [{"Node Type": "Seq Scan","Parent Relationship": "Outer","Parallel Aware": true,"Async Capable": false,"Relation Name": "part","Alias": "part","Startup Cost": 0.00,"Total Cost": 5347.00,"Plan Rows": 83,"Plan Width": 4,"Actual Startup Time": 1.588,"Actual Total Time": 26.452,"Actual Rows": 66,"Actual Loops": 3,"Filter": "((p_brand = 'Brand#53'::bpchar) AND (p_container = 'WRAP BAG'::bpchar))","Rows Removed by Filter": 66601,"Workers": []}]}]},{"Node Type": "Aggregate","Strategy": "Plain","Partial Mode": "Simple","Parent Relationship": "SubPlan","Subplan Name": "SubPlan 1","Parallel Aware": false,"Async Capable": false,"Startup Cost": 127.60,"Total Cost": 127.61,"Plan Rows": 1,"Plan Width": 32,"Actual Startup Time": 0.126,"Actual Total Time": 0.126,"Actual Rows": 1,"Actual Loops": 5918,"Plans": [{"Node Type": "Bitmap Heap Scan","Parent Relationship": "Outer","Parallel Aware": false,"Async Capable": false,"Relation Name": "lineitem","Alias": "lineitem_1","Startup Cost": 4.67,"Total Cost": 127.52,"Plan Rows": 31,"Plan Width": 5,"Actual Startup Time": 0.013,"Actual Total Time": 0.119,"Actual Rows": 31,"Actual Loops": 5918,"Recheck Cond": "(l_partkey = part.p_partkey)","Rows Removed by Index Recheck": 0,"Exact Heap Blocks": 182289,"Lossy Heap Blocks": 0,"Plans": [{"Node Type": "Bitmap Index Scan","Parent Relationship": "Outer","Parallel Aware": false,"Async Capable": false,"Index Name": "idx_lineitem_part_supp","Startup Cost": 0.00,"Total Cost": 4.67,"Plan Rows": 31,"Plan Width": 0,"Actual Startup Time": 0.007,"Actual Total Time": 0.007,"Actual Rows": 31,"Actual Loops": 5918,"Index Cond": "(l_partkey = part.p_partkey)"}]}]}]}]},"Planning Time": 6.002,"Triggers": [],"Execution Time": 4825.655}]
[{"Plan": {"Node Type": "Aggregate","Strategy": "Plain","Partial Mode": "Simple","Parallel Aware": false,"Async Capable": false,"Startup Cost": 195918.37,"Total Cost": 195918.38,"Plan Rows": 1,"Plan Width": 32,"Actual Startup Time": 4871.321,"Actual Total Time": 4872.027,"Actual Rows": 1,"Actual Loops": 1,"Plans": [{"Node Type": "Hash Join","Parent Relationship": "Outer","Parallel Aware": false,"Async Capable": false,"Join Type": "Inner","Startup Cost": 6368.94,"Total Cost": 195913.49,"Plan Rows": 1950,"Plan Width": 8,"Actual Startup Time": 64.242,"Actual Total Time": 4871.604,"Actual Rows": 544,"Actual Loops": 1,"Inner Unique": true,"Hash Cond": "(lineitem.l_partkey = part.p_partkey)","Join Filter": "(lineitem.l_quantity < (SubPlan 1))","Rows Removed by Join Filter": 5284,"Plans": [{"Node Type": "Seq Scan","Parent Relationship": "Outer","Parallel Aware": false,"Async Capable": false,"Relation Name": "lineitem","Alias": "lineitem","Startup Cost": 0.00,"Total Cost": 172515.15,"Plan Rows": 6001215,"Plan Width": 17,"Actual Startup Time": 0.014,"Actual Total Time": 982.342,"Actual Rows": 6001215,"Actual Loops": 1},{"Node Type": "Hash","Parent Relationship": "Inner","Parallel Aware": false,"Async Capable": false,"Startup Cost": 6366.50,"Total Cost": 6366.50,"Plan Rows": 195,"Plan Width": 4,"Actual Startup Time": 31.150,"Actual Total Time": 31.813,"Actual Rows": 192,"Actual Loops": 1,"Hash Buckets": 1024,"Original Hash Buckets": 1024,"Hash Batches": 1,"Original Hash Batches": 1,"Peak Memory Usage": 15,"Plans": [{"Node Type": "Gather","Parent Relationship": "Outer","Parallel Aware": false,"Async Capable": false,"Startup Cost": 1000.00,"Total Cost": 6366.50,"Plan Rows": 195,"Plan Width": 4,"Actual Startup Time": 3.690,"Actual Total Time": 31.736,"Actual Rows": 192,"Actual Loops": 1,"Workers Planned": 2,"Workers Launched": 2,"Single Copy": false,"Plans": [{"Node Type": "Seq Scan","Parent Relationship": "Outer","Parallel Aware": true,"Async Capable": false,"Relation Name": "part","Alias": "part","Startup Cost": 0.00,"Total Cost": 5347.00,"Plan Rows": 81,"Plan Width": 4,"Actual Startup Time": 1.690,"Actual Total Time": 25.470,"Actual Rows": 64,"Actual Loops": 3,"Filter": "((p_brand = 'Brand#35'::bpchar) AND (p_container = 'JUMBO PACK'::bpchar))","Rows Removed by Filter": 66603,"Workers": []}]}]},{"Node Type": "Aggregate","Strategy": "Plain","Partial Mode": "Simple","Parent Relationship": "SubPlan","Subplan Name": "SubPlan 1","Parallel Aware": false,"Async Capable": false,"Startup Cost": 127.60,"Total Cost": 127.61,"Plan Rows": 1,"Plan Width": 32,"Actual Startup Time": 0.125,"Actual Total Time": 0.125,"Actual Rows": 1,"Actual Loops": 5828,"Plans": [{"Node Type": "Bitmap Heap Scan","Parent Relationship": "Outer","Parallel Aware": false,"Async Capable": false,"Relation Name": "lineitem","Alias": "lineitem_1","Startup Cost": 4.67,"Total Cost": 127.52,"Plan Rows": 31,"Plan Width": 5,"Actual Startup Time": 0.013,"Actual Total Time": 0.117,"Actual Rows": 31,"Actual Loops": 5828,"Recheck Cond": "(l_partkey = part.p_partkey)","Rows Removed by Index Recheck": 0,"Exact Heap Blocks": 182708,"Lossy Heap Blocks": 0,"Plans": [{"Node Type": "Bitmap Index Scan","Parent Relationship": "Outer","Parallel Aware": false,"Async Capable": false,"Index Name": "idx_lineitem_part_supp","Startup Cost": 0.00,"Total Cost": 4.67,"Plan Rows": 31,"Plan Width": 0,"Actual Startup Time": 0.007,"Actual Total Time": 0.007,"Actual Rows": 31,"Actual Loops": 5828,"Index Cond": "(l_partkey = part.p_partkey)"}]}]}]}]},"Planning Time": 5.997,"Triggers": [],"Execution Time": 4872.463}]
[{"Plan": {"Node Type": "Aggregate","Strategy": "Plain","Partial Mode": "Simple","Parallel Aware": false,"Async Capable": false,"Startup Cost": 195917.65,"Total Cost": 195917.66,"Plan Rows": 1,"Plan Width": 32,"Actual Startup Time": 4790.963,"Actual Total Time": 4791.541,"Actual Rows": 1,"Actual Loops": 1,"Plans": [{"Node Type": "Hash Join","Parent Relationship": "Outer","Parallel Aware": false,"Async Capable": false,"Join Type": "Inner","Startup Cost": 6368.35,"Total Cost": 195912.90,"Plan Rows": 1898,"Plan Width": 8,"Actual Startup Time": 33.638,"Actual Total Time": 4791.119,"Actual Rows": 488,"Actual Loops": 1,"Inner Unique": true,"Hash Cond": "(lineitem.l_partkey = part.p_partkey)","Join Filter": "(lineitem.l_quantity < (SubPlan 1))","Rows Removed by Join Filter": 5095,"Plans": [{"Node Type": "Seq Scan","Parent Relationship": "Outer","Parallel Aware": false,"Async Capable": false,"Relation Name": "lineitem","Alias": "lineitem","Startup Cost": 0.00,"Total Cost": 172515.15,"Plan Rows": 6001215,"Plan Width": 17,"Actual Startup Time": 0.020,"Actual Total Time": 977.561,"Actual Rows": 6001215,"Actual Loops": 1},{"Node Type": "Hash","Parent Relationship": "Inner","Parallel Aware": false,"Async Capable": false,"Startup Cost": 6365.98,"Total Cost": 6365.98,"Plan Rows": 190,"Plan Width": 4,"Actual Startup Time": 31.254,"Actual Total Time": 31.797,"Actual Rows": 185,"Actual Loops": 1,"Hash Buckets": 1024,"Original Hash Buckets": 1024,"Hash Batches": 1,"Original Hash Batches": 1,"Peak Memory Usage": 15,"Plans": [{"Node Type": "Gather","Parent Relationship": "Outer","Parallel Aware": false,"Async Capable": false,"Startup Cost": 1000.00,"Total Cost": 6365.98,"Plan Rows": 190,"Plan Width": 4,"Actual Startup Time": 1.596,"Actual Total Time": 31.717,"Actual Rows": 185,"Actual Loops": 1,"Workers Planned": 2,"Workers Launched": 2,"Single Copy": false,"Plans": [{"Node Type": "Seq Scan","Parent Relationship": "Outer","Parallel Aware": true,"Async Capable": false,"Relation Name": "part","Alias": "part","Startup Cost": 0.00,"Total Cost": 5347.00,"Plan Rows": 79,"Plan Width": 4,"Actual Startup Time": 1.151,"Actual Total Time": 25.646,"Actual Rows": 62,"Actual Loops": 3,"Filter": "((p_brand = 'Brand#32'::bpchar) AND (p_container = 'JUMBO DRUM'::bpchar))","Rows Removed by Filter": 66605,"Workers": []}]}]},{"Node Type": "Aggregate","Strategy": "Plain","Partial Mode": "Simple","Parent Relationship": "SubPlan","Subplan Name": "SubPlan 1","Parallel Aware": false,"Async Capable": false,"Startup Cost": 127.60,"Total Cost": 127.61,"Plan Rows": 1,"Plan Width": 32,"Actual Startup Time": 0.126,"Actual Total Time": 0.126,"Actual Rows": 1,"Actual Loops": 5583,"Plans": [{"Node Type": "Bitmap Heap Scan","Parent Relationship": "Outer","Parallel Aware": false,"Async Capable": false,"Relation Name": "lineitem","Alias": "lineitem_1","Startup Cost": 4.67,"Total Cost": 127.52,"Plan Rows": 31,"Plan Width": 5,"Actual Startup Time": 0.013,"Actual Total Time": 0.118,"Actual Rows": 31,"Actual Loops": 5583,"Recheck Cond": "(l_partkey = part.p_partkey)","Rows Removed by Index Recheck": 0,"Exact Heap Blocks": 173207,"Lossy Heap Blocks": 0,"Plans": [{"Node Type": "Bitmap Index Scan","Parent Relationship": "Outer","Parallel Aware": false,"Async Capable": false,"Index Name": "idx_lineitem_part_supp","Startup Cost": 0.00,"Total Cost": 4.67,"Plan Rows": 31,"Plan Width": 0,"Actual Startup Time": 0.007,"Actual Total Time": 0.007,"Actual Rows": 31,"Actual Loops": 5583,"Index Cond": "(l_partkey = part.p_partkey)"}]}]}]}]},"Planning Time": 5.869,"Triggers": [],"Execution Time": 4791.975}]
[{"Plan": {"Node Type": "Aggregate","Strategy": "Plain","Partial Mode": "Simple","Parallel Aware": false,"Async Capable": false,"Startup Cost": 195920.69,"Total Cost": 195920.70,"Plan Rows": 1,"Plan Width": 32,"Actual Startup Time": 5008.289,"Actual Total Time": 5009.016,"Actual Rows": 1,"Actual Loops": 1,"Plans": [{"Node Type": "Hash Join","Parent Relationship": "Outer","Parallel Aware": false,"Async Capable": false,"Join Type": "Inner","Startup Cost": 6370.84,"Total Cost": 195915.39,"Plan Rows": 2119,"Plan Width": 8,"Actual Startup Time": 48.135,"Actual Total Time": 5008.540,"Actual Rows": 661,"Actual Loops": 1,"Inner Unique": true,"Hash Cond": "(lineitem.l_partkey = part.p_partkey)","Join Filter": "(lineitem.l_quantity < (SubPlan 1))","Rows Removed by Join Filter": 6323,"Plans": [{"Node Type": "Seq Scan","Parent Relationship": "Outer","Parallel Aware": false,"Async Capable": false,"Relation Name": "lineitem","Alias": "lineitem","Startup Cost": 0.00,"Total Cost": 172515.15,"Plan Rows": 6001215,"Plan Width": 17,"Actual Startup Time": 0.021,"Actual Total Time": 953.600,"Actual Rows": 6001215,"Actual Loops": 1},{"Node Type": "Hash","Parent Relationship": "Inner","Parallel Aware": false,"Async Capable": false,"Startup Cost": 6368.19,"Total Cost": 6368.19,"Plan Rows": 212,"Plan Width": 4,"Actual Startup Time": 30.903,"Actual Total Time": 31.585,"Actual Rows": 236,"Actual Loops": 1,"Hash Buckets": 1024,"Original Hash Buckets": 1024,"Hash Batches": 1,"Original Hash Batches": 1,"Peak Memory Usage": 17,"Plans": [{"Node Type": "Gather","Parent Relationship": "Outer","Parallel Aware": false,"Async Capable": false,"Startup Cost": 1000.00,"Total Cost": 6368.19,"Plan Rows": 212,"Plan Width": 4,"Actual Startup Time": 1.811,"Actual Total Time": 31.491,"Actual Rows": 236,"Actual Loops": 1,"Workers Planned": 2,"Workers Launched": 2,"Single Copy": false,"Plans": [{"Node Type": "Seq Scan","Parent Relationship": "Outer","Parallel Aware": true,"Async Capable": false,"Relation Name": "part","Alias": "part","Startup Cost": 0.00,"Total Cost": 5347.00,"Plan Rows": 88,"Plan Width": 4,"Actual Startup Time": 0.639,"Actual Total Time": 24.989,"Actual Rows": 79,"Actual Loops": 3,"Filter": "((p_brand = 'Brand#51'::bpchar) AND (p_container = 'LG JAR'::bpchar))","Rows Removed by Filter": 66588,"Workers": []}]}]},{"Node Type": "Aggregate","Strategy": "Plain","Partial Mode": "Simple","Parent Relationship": "SubPlan","Subplan Name": "SubPlan 1","Parallel Aware": false,"Async Capable": false,"Startup Cost": 127.60,"Total Cost": 127.61,"Plan Rows": 1,"Plan Width": 32,"Actual Startup Time": 0.125,"Actual Total Time": 0.125,"Actual Rows": 1,"Actual Loops": 6984,"Plans": [{"Node Type": "Bitmap Heap Scan","Parent Relationship": "Outer","Parallel Aware": false,"Async Capable": false,"Relation Name": "lineitem","Alias": "lineitem_1","Startup Cost": 4.67,"Total Cost": 127.52,"Plan Rows": 31,"Plan Width": 5,"Actual Startup Time": 0.014,"Actual Total Time": 0.117,"Actual Rows": 31,"Actual Loops": 6984,"Recheck Cond": "(l_partkey = part.p_partkey)","Rows Removed by Index Recheck": 0,"Exact Heap Blocks": 213352,"Lossy Heap Blocks": 0,"Plans": [{"Node Type": "Bitmap Index Scan","Parent Relationship": "Outer","Parallel Aware": false,"Async Capable": false,"Index Name": "idx_lineitem_part_supp","Startup Cost": 0.00,"Total Cost": 4.67,"Plan Rows": 31,"Plan Width": 0,"Actual Startup Time": 0.007,"Actual Total Time": 0.007,"Actual Rows": 31,"Actual Loops": 6984,"Index Cond": "(l_partkey = part.p_partkey)"}]}]}]}]},"Planning Time": 4.642,"Triggers": [],"Execution Time": 5009.499}]
[{"Plan": {"Node Type": "Aggregate","Strategy": "Plain","Partial Mode": "Simple","Parallel Aware": false,"Async Capable": false,"Startup Cost": 195920.00,"Total Cost": 195920.02,"Plan Rows": 1,"Plan Width": 32,"Actual Startup Time": 4849.500,"Actual Total Time": 4849.979,"Actual Rows": 1,"Actual Loops": 1,"Plans": [{"Node Type": "Hash Join","Parent Relationship": "Outer","Parallel Aware": false,"Async Capable": false,"Join Type": "Inner","Startup Cost": 6370.28,"Total Cost": 195914.83,"Plan Rows": 2069,"Plan Width": 8,"Actual Startup Time": 66.615,"Actual Total Time": 4849.759,"Actual Rows": 479,"Actual Loops": 1,"Inner Unique": true,"Hash Cond": "(lineitem.l_partkey = part.p_partkey)","Join Filter": "(lineitem.l_quantity < (SubPlan 1))","Rows Removed by Join Filter": 4887,"Plans": [{"Node Type": "Seq Scan","Parent Relationship": "Outer","Parallel Aware": false,"Async Capable": false,"Relation Name": "lineitem","Alias": "lineitem","Startup Cost": 0.00,"Total Cost": 172515.15,"Plan Rows": 6001215,"Plan Width": 17,"Actual Startup Time": 0.012,"Actual Total Time": 937.596,"Actual Rows": 6001215,"Actual Loops": 1},{"Node Type": "Hash","Parent Relationship": "Inner","Parallel Aware": false,"Async Capable": false,"Startup Cost": 6367.69,"Total Cost": 6367.69,"Plan Rows": 207,"Plan Width": 4,"Actual Startup Time": 30.334,"Actual Total Time": 30.785,"Actual Rows": 181,"Actual Loops": 1,"Hash Buckets": 1024,"Original Hash Buckets": 1024,"Hash Batches": 1,"Original Hash Batches": 1,"Peak Memory Usage": 15,"Plans": [{"Node Type": "Gather","Parent Relationship": "Outer","Parallel Aware": false,"Async Capable": false,"Startup Cost": 1000.00,"Total Cost": 6367.69,"Plan Rows": 207,"Plan Width": 4,"Actual Startup Time": 0.534,"Actual Total Time": 30.721,"Actual Rows": 181,"Actual Loops": 1,"Workers Planned": 2,"Workers Launched": 2,"Single Copy": false,"Plans": [{"Node Type": "Seq Scan","Parent Relationship": "Outer","Parallel Aware": true,"Async Capable": false,"Relation Name": "part","Alias": "part","Startup Cost": 0.00,"Total Cost": 5347.00,"Plan Rows": 86,"Plan Width": 4,"Actual Startup Time": 0.785,"Actual Total Time": 24.434,"Actual Rows": 60,"Actual Loops": 3,"Filter": "((p_brand = 'Brand#45'::bpchar) AND (p_container = 'SM PACK'::bpchar))","Rows Removed by Filter": 66606,"Workers": []}]}]},{"Node Type": "Aggregate","Strategy": "Plain","Partial Mode": "Simple","Parent Relationship": "SubPlan","Subplan Name": "SubPlan 1","Parallel Aware": false,"Async Capable": false,"Startup Cost": 127.60,"Total Cost": 127.61,"Plan Rows": 1,"Plan Width": 32,"Actual Startup Time": 0.125,"Actual Total Time": 0.126,"Actual Rows": 1,"Actual Loops": 5366,"Plans": [{"Node Type": "Bitmap Heap Scan","Parent Relationship": "Outer","Parallel Aware": false,"Async Capable": false,"Relation Name": "lineitem","Alias": "lineitem_1","Startup Cost": 4.67,"Total Cost": 127.52,"Plan Rows": 31,"Plan Width": 5,"Actual Startup Time": 0.014,"Actual Total Time": 0.118,"Actual Rows": 31,"Actual Loops": 5366,"Recheck Cond": "(l_partkey = part.p_partkey)","Rows Removed by Index Recheck": 0,"Exact Heap Blocks": 164296,"Lossy Heap Blocks": 0,"Plans": [{"Node Type": "Bitmap Index Scan","Parent Relationship": "Outer","Parallel Aware": false,"Async Capable": false,"Index Name": "idx_lineitem_part_supp","Startup Cost": 0.00,"Total Cost": 4.67,"Plan Rows": 31,"Plan Width": 0,"Actual Startup Time": 0.007,"Actual Total Time": 0.007,"Actual Rows": 31,"Actual Loops": 5366,"Index Cond": "(l_partkey = part.p_partkey)"}]}]}]}]},"Planning Time": 4.623,"Triggers": [],"Execution Time": 4850.217}]
[{"Plan": {"Node Type": "Aggregate","Strategy": "Plain","Partial Mode": "Simple","Parallel Aware": false,"Async Capable": false,"Startup Cost": 195920.90,"Total Cost": 195920.91,"Plan Rows": 1,"Plan Width": 32,"Actual Startup Time": 4854.239,"Actual Total Time": 4854.822,"Actual Rows": 1,"Actual Loops": 1,"Plans": [{"Node Type": "Hash Join","Parent Relationship": "Outer","Parallel Aware": false,"Async Capable": false,"Join Type": "Inner","Startup Cost": 6371.01,"Total Cost": 195915.56,"Plan Rows": 2134,"Plan Width": 8,"Actual Startup Time": 76.074,"Actual Total Time": 4854.514,"Actual Rows": 538,"Actual Loops": 1,"Inner Unique": true,"Hash Cond": "(lineitem.l_partkey = part.p_partkey)","Join Filter": "(lineitem.l_quantity < (SubPlan 1))","Rows Removed by Join Filter": 5725,"Plans": [{"Node Type": "Seq Scan","Parent Relationship": "Outer","Parallel Aware": false,"Async Capable": false,"Relation Name": "lineitem","Alias": "lineitem","Startup Cost": 0.00,"Total Cost": 172515.15,"Plan Rows": 6001215,"Plan Width": 17,"Actual Startup Time": 0.013,"Actual Total Time": 957.018,"Actual Rows": 6001215,"Actual Loops": 1},{"Node Type": "Hash","Parent Relationship": "Inner","Parallel Aware": false,"Async Capable": false,"Startup Cost": 6368.34,"Total Cost": 6368.34,"Plan Rows": 213,"Plan Width": 4,"Actual Startup Time": 32.873,"Actual Total Time": 33.439,"Actual Rows": 212,"Actual Loops": 1,"Hash Buckets": 1024,"Original Hash Buckets": 1024,"Hash Batches": 1,"Original Hash Batches": 1,"Peak Memory Usage": 16,"Plans": [{"Node Type": "Gather","Parent Relationship": "Outer","Parallel Aware": false,"Async Capable": false,"Startup Cost": 1000.00,"Total Cost": 6368.34,"Plan Rows": 213,"Plan Width": 4,"Actual Startup Time": 0.887,"Actual Total Time": 33.356,"Actual Rows": 212,"Actual Loops": 1,"Workers Planned": 2,"Workers Launched": 2,"Single Copy": false,"Plans": [{"Node Type": "Seq Scan","Parent Relationship": "Outer","Parallel Aware": true,"Async Capable": false,"Relation Name": "part","Alias": "part","Startup Cost": 0.00,"Total Cost": 5347.00,"Plan Rows": 89,"Plan Width": 4,"Actual Startup Time": 0.763,"Actual Total Time": 27.458,"Actual Rows": 71,"Actual Loops": 3,"Filter": "((p_brand = 'Brand#31'::bpchar) AND (p_container = 'LG BOX'::bpchar))","Rows Removed by Filter": 66596,"Workers": []}]}]},{"Node Type": "Aggregate","Strategy": "Plain","Partial Mode": "Simple","Parent Relationship": "SubPlan","Subplan Name": "SubPlan 1","Parallel Aware": false,"Async Capable": false,"Startup Cost": 127.60,"Total Cost": 127.61,"Plan Rows": 1,"Plan Width": 32,"Actual Startup Time": 0.123,"Actual Total Time": 0.123,"Actual Rows": 1,"Actual Loops": 6263,"Plans": [{"Node Type": "Bitmap Heap Scan","Parent Relationship": "Outer","Parallel Aware": false,"Async Capable": false,"Relation Name": "lineitem","Alias": "lineitem_1","Startup Cost": 4.67,"Total Cost": 127.52,"Plan Rows": 31,"Plan Width": 5,"Actual Startup Time": 0.014,"Actual Total Time": 0.116,"Actual Rows": 31,"Actual Loops": 6263,"Recheck Cond": "(l_partkey = part.p_partkey)","Rows Removed by Index Recheck": 0,"Exact Heap Blocks": 192396,"Lossy Heap Blocks": 0,"Plans": [{"Node Type": "Bitmap Index Scan","Parent Relationship": "Outer","Parallel Aware": false,"Async Capable": false,"Index Name": "idx_lineitem_part_supp","Startup Cost": 0.00,"Total Cost": 4.67,"Plan Rows": 31,"Plan Width": 0,"Actual Startup Time": 0.007,"Actual Total Time": 0.007,"Actual Rows": 31,"Actual Loops": 6263,"Index Cond": "(l_partkey = part.p_partkey)"}]}]}]}]},"Planning Time": 5.869,"Triggers": [],"Execution Time": 4855.070}]
[{"Plan": {"Node Type": "Aggregate","Strategy": "Plain","Partial Mode": "Simple","Parallel Aware": false,"Async Capable": false,"Startup Cost": 195919.14,"Total Cost": 195919.15,"Plan Rows": 1,"Plan Width": 32,"Actual Startup Time": 4887.453,"Actual Total Time": 4888.137,"Actual Rows": 1,"Actual Loops": 1,"Plans": [{"Node Type": "Hash Join","Parent Relationship": "Outer","Parallel Aware": false,"Async Capable": false,"Join Type": "Inner","Startup Cost": 6369.57,"Total Cost": 195914.12,"Plan Rows": 2006,"Plan Width": 8,"Actual Startup Time": 46.967,"Actual Total Time": 4887.666,"Actual Rows": 573,"Actual Loops": 1,"Inner Unique": true,"Hash Cond": "(lineitem.l_partkey = part.p_partkey)","Join Filter": "(lineitem.l_quantity < (SubPlan 1))","Rows Removed by Join Filter": 5778,"Plans": [{"Node Type": "Seq Scan","Parent Relationship": "Outer","Parallel Aware": false,"Async Capable": false,"Relation Name": "lineitem","Alias": "lineitem","Startup Cost": 0.00,"Total Cost": 172515.15,"Plan Rows": 6001215,"Plan Width": 17,"Actual Startup Time": 0.021,"Actual Total Time": 942.067,"Actual Rows": 6001215,"Actual Loops": 1},{"Node Type": "Hash","Parent Relationship": "Inner","Parallel Aware": false,"Async Capable": false,"Startup Cost": 6367.06,"Total Cost": 6367.06,"Plan Rows": 201,"Plan Width": 4,"Actual Startup Time": 30.929,"Actual Total Time": 31.567,"Actual Rows": 210,"Actual Loops": 1,"Hash Buckets": 1024,"Original Hash Buckets": 1024,"Hash Batches": 1,"Original Hash Batches": 1,"Peak Memory Usage": 16,"Plans": [{"Node Type": "Gather","Parent Relationship": "Outer","Parallel Aware": false,"Async Capable": false,"Startup Cost": 1000.00,"Total Cost": 6367.06,"Plan Rows": 201,"Plan Width": 4,"Actual Startup Time": 1.461,"Actual Total Time": 31.464,"Actual Rows": 210,"Actual Loops": 1,"Workers Planned": 2,"Workers Launched": 2,"Single Copy": false,"Plans": [{"Node Type": "Seq Scan","Parent Relationship": "Outer","Parallel Aware": true,"Async Capable": false,"Relation Name": "part","Alias": "part","Startup Cost": 0.00,"Total Cost": 5347.00,"Plan Rows": 84,"Plan Width": 4,"Actual Startup Time": 0.861,"Actual Total Time": 25.087,"Actual Rows": 70,"Actual Loops": 3,"Filter": "((p_brand = 'Brand#53'::bpchar) AND (p_container = 'MED DRUM'::bpchar))","Rows Removed by Filter": 66597,"Workers": []}]}]},{"Node Type": "Aggregate","Strategy": "Plain","Partial Mode": "Simple","Parent Relationship": "SubPlan","Subplan Name": "SubPlan 1","Parallel Aware": false,"Async Capable": false,"Startup Cost": 127.60,"Total Cost": 127.61,"Plan Rows": 1,"Plan Width": 32,"Actual Startup Time": 0.126,"Actual Total Time": 0.126,"Actual Rows": 1,"Actual Loops": 6351,"Plans": [{"Node Type": "Bitmap Heap Scan","Parent Relationship": "Outer","Parallel Aware": false,"Async Capable": false,"Relation Name": "lineitem","Alias": "lineitem_1","Startup Cost": 4.67,"Total Cost": 127.52,"Plan Rows": 31,"Plan Width": 5,"Actual Startup Time": 0.014,"Actual Total Time": 0.118,"Actual Rows": 31,"Actual Loops": 6351,"Recheck Cond": "(l_partkey = part.p_partkey)","Rows Removed by Index Recheck": 0,"Exact Heap Blocks": 198299,"Lossy Heap Blocks": 0,"Plans": [{"Node Type": "Bitmap Index Scan","Parent Relationship": "Outer","Parallel Aware": false,"Async Capable": false,"Index Name": "idx_lineitem_part_supp","Startup Cost": 0.00,"Total Cost": 4.67,"Plan Rows": 31,"Plan Width": 0,"Actual Startup Time": 0.007,"Actual Total Time": 0.007,"Actual Rows": 31,"Actual Loops": 6351,"Index Cond": "(l_partkey = part.p_partkey)"}]}]}]}]},"Planning Time": 5.884,"Triggers": [],"Execution Time": 4888.568}]
[{"Plan": {"Node Type": "Aggregate","Strategy": "Plain","Partial Mode": "Simple","Parallel Aware": false,"Async Capable": false,"Startup Cost": 195917.94,"Total Cost": 195917.95,"Plan Rows": 1,"Plan Width": 32,"Actual Startup Time": 4950.851,"Actual Total Time": 4951.357,"Actual Rows": 1,"Actual Loops": 1,"Plans": [{"Node Type": "Hash Join","Parent Relationship": "Outer","Parallel Aware": false,"Async Capable": false,"Join Type": "Inner","Startup Cost": 6368.59,"Total Cost": 195913.14,"Plan Rows": 1919,"Plan Width": 8,"Actual Startup Time": 37.783,"Actual Total Time": 4951.160,"Actual Rows": 538,"Actual Loops": 1,"Inner Unique": true,"Hash Cond": "(lineitem.l_partkey = part.p_partkey)","Join Filter": "(lineitem.l_quantity < (SubPlan 1))","Rows Removed by Join Filter": 5535,"Plans": [{"Node Type": "Seq Scan","Parent Relationship": "Outer","Parallel Aware": false,"Async Capable": false,"Relation Name": "lineitem","Alias": "lineitem","Startup Cost": 0.00,"Total Cost": 172515.15,"Plan Rows": 6001215,"Plan Width": 17,"Actual Startup Time": 0.019,"Actual Total Time": 1029.207,"Actual Rows": 6001215,"Actual Loops": 1},{"Node Type": "Hash","Parent Relationship": "Inner","Parallel Aware": false,"Async Capable": false,"Startup Cost": 6366.19,"Total Cost": 6366.19,"Plan Rows": 192,"Plan Width": 4,"Actual Startup Time": 32.803,"Actual Total Time": 33.292,"Actual Rows": 203,"Actual Loops": 1,"Hash Buckets": 1024,"Original Hash Buckets": 1024,"Hash Batches": 1,"Original Hash Batches": 1,"Peak Memory Usage": 16,"Plans": [{"Node Type": "Gather","Parent Relationship": "Outer","Parallel Aware": false,"Async Capable": false,"Startup Cost": 1000.00,"Total Cost": 6366.19,"Plan Rows": 192,"Plan Width": 4,"Actual Startup Time": 1.681,"Actual Total Time": 33.240,"Actual Rows": 203,"Actual Loops": 1,"Workers Planned": 2,"Workers Launched": 2,"Single Copy": false,"Plans": [{"Node Type": "Seq Scan","Parent Relationship": "Outer","Parallel Aware": true,"Async Capable": false,"Relation Name": "part","Alias": "part","Startup Cost": 0.00,"Total Cost": 5347.00,"Plan Rows": 80,"Plan Width": 4,"Actual Startup Time": 0.955,"Actual Total Time": 26.762,"Actual Rows": 68,"Actual Loops": 3,"Filter": "((p_brand = 'Brand#43'::bpchar) AND (p_container = 'LG PACK'::bpchar))","Rows Removed by Filter": 66599,"Workers": []}]}]},{"Node Type": "Aggregate","Strategy": "Plain","Partial Mode": "Simple","Parent Relationship": "SubPlan","Subplan Name": "SubPlan 1","Parallel Aware": false,"Async Capable": false,"Startup Cost": 127.60,"Total Cost": 127.61,"Plan Rows": 1,"Plan Width": 32,"Actual Startup Time": 0.144,"Actual Total Time": 0.144,"Actual Rows": 1,"Actual Loops": 6073,"Plans": [{"Node Type": "Bitmap Heap Scan","Parent Relationship": "Outer","Parallel Aware": false,"Async Capable": false,"Relation Name": "lineitem","Alias": "lineitem_1","Startup Cost": 4.67,"Total Cost": 127.52,"Plan Rows": 31,"Plan Width": 5,"Actual Startup Time": 0.014,"Actual Total Time": 0.137,"Actual Rows": 31,"Actual Loops": 6073,"Recheck Cond": "(l_partkey = part.p_partkey)","Rows Removed by Index Recheck": 0,"Exact Heap Blocks": 187549,"Lossy Heap Blocks": 0,"Plans": [{"Node Type": "Bitmap Index Scan","Parent Relationship": "Outer","Parallel Aware": false,"Async Capable": false,"Index Name": "idx_lineitem_part_supp","Startup Cost": 0.00,"Total Cost": 4.67,"Plan Rows": 31,"Plan Width": 0,"Actual Startup Time": 0.008,"Actual Total Time": 0.008,"Actual Rows": 31,"Actual Loops": 6073,"Index Cond": "(l_partkey = part.p_partkey)"}]}]}]}]},"Planning Time": 4.866,"Triggers": [],"Execution Time": 4951.606}]
[{"Plan": {"Node Type": "Aggregate","Strategy": "Plain","Partial Mode": "Simple","Parallel Aware": false,"Async Capable": false,"Startup Cost": 195921.09,"Total Cost": 195921.10,"Plan Rows": 1,"Plan Width": 32,"Actual Startup Time": 5044.724,"Actual Total Time": 5045.182,"Actual Rows": 1,"Actual Loops": 1,"Plans": [{"Node Type": "Hash Join","Parent Relationship": "Outer","Parallel Aware": false,"Async Capable": false,"Join Type": "Inner","Startup Cost": 6371.16,"Total Cost": 195915.71,"Plan Rows": 2148,"Plan Width": 8,"Actual Startup Time": 39.105,"Actual Total Time": 5044.938,"Actual Rows": 642,"Actual Loops": 1,"Inner Unique": true,"Hash Cond": "(lineitem.l_partkey = part.p_partkey)","Join Filter": "(lineitem.l_quantity < (SubPlan 1))","Rows Removed by Join Filter": 6208,"Plans": [{"Node Type": "Seq Scan","Parent Relationship": "Outer","Parallel Aware": false,"Async Capable": false,"Relation Name": "lineitem","Alias": "lineitem","Startup Cost": 0.00,"Total Cost": 172515.15,"Plan Rows": 6001215,"Plan Width": 17,"Actual Startup Time": 0.017,"Actual Total Time": 949.671,"Actual Rows": 6001215,"Actual Loops": 1},{"Node Type": "Hash","Parent Relationship": "Inner","Parallel Aware": false,"Async Capable": false,"Startup Cost": 6368.48,"Total Cost": 6368.48,"Plan Rows": 215,"Plan Width": 4,"Actual Startup Time": 30.976,"Actual Total Time": 31.421,"Actual Rows": 225,"Actual Loops": 1,"Hash Buckets": 1024,"Original Hash Buckets": 1024,"Hash Batches": 1,"Original Hash Batches": 1,"Peak Memory Usage": 16,"Plans": [{"Node Type": "Gather","Parent Relationship": "Outer","Parallel Aware": false,"Async Capable": false,"Startup Cost": 1000.00,"Total Cost": 6368.48,"Plan Rows": 215,"Plan Width": 4,"Actual Startup Time": 0.802,"Actual Total Time": 31.330,"Actual Rows": 225,"Actual Loops": 1,"Workers Planned": 2,"Workers Launched": 2,"Single Copy": false,"Plans": [{"Node Type": "Seq Scan","Parent Relationship": "Outer","Parallel Aware": true,"Async Capable": false,"Relation Name": "part","Alias": "part","Startup Cost": 0.00,"Total Cost": 5347.00,"Plan Rows": 89,"Plan Width": 4,"Actual Startup Time": 0.487,"Actual Total Time": 25.146,"Actual Rows": 75,"Actual Loops": 3,"Filter": "((p_brand = 'Brand#14'::bpchar) AND (p_container = 'MED JAR'::bpchar))","Rows Removed by Filter": 66592,"Workers": []}]}]},{"Node Type": "Aggregate","Strategy": "Plain","Partial Mode": "Simple","Parent Relationship": "SubPlan","Subplan Name": "SubPlan 1","Parallel Aware": false,"Async Capable": false,"Startup Cost": 127.60,"Total Cost": 127.61,"Plan Rows": 1,"Plan Width": 32,"Actual Startup Time": 0.124,"Actual Total Time": 0.124,"Actual Rows": 1,"Actual Loops": 6850,"Plans": [{"Node Type": "Bitmap Heap Scan","Parent Relationship": "Outer","Parallel Aware": false,"Async Capable": false,"Relation Name": "lineitem","Alias": "lineitem_1","Startup Cost": 4.67,"Total Cost": 127.52,"Plan Rows": 31,"Plan Width": 5,"Actual Startup Time": 0.013,"Actual Total Time": 0.117,"Actual Rows": 31,"Actual Loops": 6850,"Recheck Cond": "(l_partkey = part.p_partkey)","Rows Removed by Index Recheck": 0,"Exact Heap Blocks": 214903,"Lossy Heap Blocks": 0,"Plans": [{"Node Type": "Bitmap Index Scan","Parent Relationship": "Outer","Parallel Aware": false,"Async Capable": false,"Index Name": "idx_lineitem_part_supp","Startup Cost": 0.00,"Total Cost": 4.67,"Plan Rows": 31,"Plan Width": 0,"Actual Startup Time": 0.007,"Actual Total Time": 0.007,"Actual Rows": 31,"Actual Loops": 6850,"Index Cond": "(l_partkey = part.p_partkey)"}]}]}]}]},"Planning Time": 4.522,"Triggers": [],"Execution Time": 5045.436}]
[{"Plan": {"Node Type": "Aggregate","Strategy": "Plain","Partial Mode": "Simple","Parallel Aware": false,"Async Capable": false,"Startup Cost": 195918.98,"Total Cost": 195918.99,"Plan Rows": 1,"Plan Width": 32,"Actual Startup Time": 5058.279,"Actual Total Time": 5059.030,"Actual Rows": 1,"Actual Loops": 1,"Plans": [{"Node Type": "Hash Join","Parent Relationship": "Outer","Parallel Aware": false,"Async Capable": false,"Join Type": "Inner","Startup Cost": 6369.43,"Total Cost": 195913.99,"Plan Rows": 1995,"Plan Width": 8,"Actual Startup Time": 36.541,"Actual Total Time": 5058.632,"Actual Rows": 557,"Actual Loops": 1,"Inner Unique": true,"Hash Cond": "(lineitem.l_partkey = part.p_partkey)","Join Filter": "(lineitem.l_quantity < (SubPlan 1))","Rows Removed by Join Filter": 5701,"Plans": [{"Node Type": "Seq Scan","Parent Relationship": "Outer","Parallel Aware": false,"Async Capable": false,"Relation Name": "lineitem","Alias": "lineitem","Startup Cost": 0.00,"Total Cost": 172515.15,"Plan Rows": 6001215,"Plan Width": 17,"Actual Startup Time": 0.019,"Actual Total Time": 1006.715,"Actual Rows": 6001215,"Actual Loops": 1},{"Node Type": "Hash","Parent Relationship": "Inner","Parallel Aware": false,"Async Capable": false,"Startup Cost": 6366.94,"Total Cost": 6366.94,"Plan Rows": 199,"Plan Width": 4,"Actual Startup Time": 31.838,"Actual Total Time": 32.533,"Actual Rows": 208,"Actual Loops": 1,"Hash Buckets": 1024,"Original Hash Buckets": 1024,"Hash Batches": 1,"Original Hash Batches": 1,"Peak Memory Usage": 16,"Plans": [{"Node Type": "Gather","Parent Relationship": "Outer","Parallel Aware": false,"Async Capable": false,"Startup Cost": 1000.00,"Total Cost": 6366.94,"Plan Rows": 199,"Plan Width": 4,"Actual Startup Time": 1.237,"Actual Total Time": 32.456,"Actual Rows": 208,"Actual Loops": 1,"Workers Planned": 2,"Workers Launched": 2,"Single Copy": false,"Plans": [{"Node Type": "Seq Scan","Parent Relationship": "Outer","Parallel Aware": true,"Async Capable": false,"Relation Name": "part","Alias": "part","Startup Cost": 0.00,"Total Cost": 5347.00,"Plan Rows": 83,"Plan Width": 4,"Actual Startup Time": 0.802,"Actual Total Time": 26.044,"Actual Rows": 69,"Actual Loops": 3,"Filter": "((p_brand = 'Brand#25'::bpchar) AND (p_container = 'MED CAN'::bpchar))","Rows Removed by Filter": 66597,"Workers": []}]}]},{"Node Type": "Aggregate","Strategy": "Plain","Partial Mode": "Simple","Parent Relationship": "SubPlan","Subplan Name": "SubPlan 1","Parallel Aware": false,"Async Capable": false,"Startup Cost": 127.60,"Total Cost": 127.61,"Plan Rows": 1,"Plan Width": 32,"Actual Startup Time": 0.145,"Actual Total Time": 0.145,"Actual Rows": 1,"Actual Loops": 6258,"Plans": [{"Node Type": "Bitmap Heap Scan","Parent Relationship": "Outer","Parallel Aware": false,"Async Capable": false,"Relation Name": "lineitem","Alias": "lineitem_1","Startup Cost": 4.67,"Total Cost": 127.52,"Plan Rows": 31,"Plan Width": 5,"Actual Startup Time": 0.014,"Actual Total Time": 0.137,"Actual Rows": 31,"Actual Loops": 6258,"Recheck Cond": "(l_partkey = part.p_partkey)","Rows Removed by Index Recheck": 0,"Exact Heap Blocks": 194776,"Lossy Heap Blocks": 0,"Plans": [{"Node Type": "Bitmap Index Scan","Parent Relationship": "Outer","Parallel Aware": false,"Async Capable": false,"Index Name": "idx_lineitem_part_supp","Startup Cost": 0.00,"Total Cost": 4.67,"Plan Rows": 31,"Plan Width": 0,"Actual Startup Time": 0.008,"Actual Total Time": 0.008,"Actual Rows": 31,"Actual Loops": 6258,"Index Cond": "(l_partkey = part.p_partkey)"}]}]}]}]},"Planning Time": 4.515,"Triggers": [],"Execution Time": 5059.447}]
[{"Plan": {"Node Type": "Aggregate","Strategy": "Plain","Partial Mode": "Simple","Parallel Aware": false,"Async Capable": false,"Startup Cost": 195919.27,"Total Cost": 195919.28,"Plan Rows": 1,"Plan Width": 32,"Actual Startup Time": 4995.778,"Actual Total Time": 4996.544,"Actual Rows": 1,"Actual Loops": 1,"Plans": [{"Node Type": "Hash Join","Parent Relationship": "Outer","Parallel Aware": false,"Async Capable": false,"Join Type": "Inner","Startup Cost": 6369.68,"Total Cost": 195914.23,"Plan Rows": 2016,"Plan Width": 8,"Actual Startup Time": 31.272,"Actual Total Time": 4996.176,"Actual Rows": 544,"Actual Loops": 1,"Inner Unique": true,"Hash Cond": "(lineitem.l_partkey = part.p_partkey)","Join Filter": "(lineitem.l_quantity < (SubPlan 1))","Rows Removed by Join Filter": 5484,"Plans": [{"Node Type": "Seq Scan","Parent Relationship": "Outer","Parallel Aware": false,"Async Capable": false,"Relation Name": "lineitem","Alias": "lineitem","Startup Cost": 0.00,"Total Cost": 172515.15,"Plan Rows": 6001215,"Plan Width": 17,"Actual Startup Time": 0.013,"Actual Total Time": 1007.315,"Actual Rows": 6001215,"Actual Loops": 1},{"Node Type": "Hash","Parent Relationship": "Inner","Parallel Aware": false,"Async Capable": false,"Startup Cost": 6367.16,"Total Cost": 6367.16,"Plan Rows": 202,"Plan Width": 4,"Actual Startup Time": 29.687,"Actual Total Time": 30.399,"Actual Rows": 201,"Actual Loops": 1,"Hash Buckets": 1024,"Original Hash Buckets": 1024,"Hash Batches": 1,"Original Hash Batches": 1,"Peak Memory Usage": 16,"Plans": [{"Node Type": "Gather","Parent Relationship": "Outer","Parallel Aware": false,"Async Capable": false,"Startup Cost": 1000.00,"Total Cost": 6367.16,"Plan Rows": 202,"Plan Width": 4,"Actual Startup Time": 1.207,"Actual Total Time": 30.271,"Actual Rows": 201,"Actual Loops": 1,"Workers Planned": 2,"Workers Launched": 2,"Single Copy": false,"Plans": [{"Node Type": "Seq Scan","Parent Relationship": "Outer","Parallel Aware": true,"Async Capable": false,"Relation Name": "part","Alias": "part","Startup Cost": 0.00,"Total Cost": 5347.00,"Plan Rows": 84,"Plan Width": 4,"Actual Startup Time": 0.385,"Actual Total Time": 24.148,"Actual Rows": 67,"Actual Loops": 3,"Filter": "((p_brand = 'Brand#24'::bpchar) AND (p_container = 'SM PACK'::bpchar))","Rows Removed by Filter": 66600,"Workers": []}]}]},{"Node Type": "Aggregate","Strategy": "Plain","Partial Mode": "Simple","Parent Relationship": "SubPlan","Subplan Name": "SubPlan 1","Parallel Aware": false,"Async Capable": false,"Startup Cost": 127.60,"Total Cost": 127.61,"Plan Rows": 1,"Plan Width": 32,"Actual Startup Time": 0.137,"Actual Total Time": 0.137,"Actual Rows": 1,"Actual Loops": 6028,"Plans": [{"Node Type": "Bitmap Heap Scan","Parent Relationship": "Outer","Parallel Aware": false,"Async Capable": false,"Relation Name": "lineitem","Alias": "lineitem_1","Startup Cost": 4.67,"Total Cost": 127.52,"Plan Rows": 31,"Plan Width": 5,"Actual Startup Time": 0.014,"Actual Total Time": 0.130,"Actual Rows": 31,"Actual Loops": 6028,"Recheck Cond": "(l_partkey = part.p_partkey)","Rows Removed by Index Recheck": 0,"Exact Heap Blocks": 186008,"Lossy Heap Blocks": 0,"Plans": [{"Node Type": "Bitmap Index Scan","Parent Relationship": "Outer","Parallel Aware": false,"Async Capable": false,"Index Name": "idx_lineitem_part_supp","Startup Cost": 0.00,"Total Cost": 4.67,"Plan Rows": 31,"Plan Width": 0,"Actual Startup Time": 0.008,"Actual Total Time": 0.008,"Actual Rows": 31,"Actual Loops": 6028,"Index Cond": "(l_partkey = part.p_partkey)"}]}]}]}]},"Planning Time": 6.007,"Triggers": [],"Execution Time": 4997.091}]
[{"Plan": {"Node Type": "Aggregate","Strategy": "Plain","Partial Mode": "Simple","Parallel Aware": false,"Async Capable": false,"Startup Cost": 195918.64,"Total Cost": 195918.65,"Plan Rows": 1,"Plan Width": 32,"Actual Startup Time": 4503.336,"Actual Total Time": 4503.870,"Actual Rows": 1,"Actual Loops": 1,"Plans": [{"Node Type": "Hash Join","Parent Relationship": "Outer","Parallel Aware": false,"Async Capable": false,"Join Type": "Inner","Startup Cost": 6369.16,"Total Cost": 195913.71,"Plan Rows": 1970,"Plan Width": 8,"Actual Startup Time": 34.189,"Actual Total Time": 4503.422,"Actual Rows": 546,"Actual Loops": 1,"Inner Unique": true,"Hash Cond": "(lineitem.l_partkey = part.p_partkey)","Join Filter": "(lineitem.l_quantity < (SubPlan 1))","Rows Removed by Join Filter": 5186,"Plans": [{"Node Type": "Seq Scan","Parent Relationship": "Outer","Parallel Aware": false,"Async Capable": false,"Relation Name": "lineitem","Alias": "lineitem","Startup Cost": 0.00,"Total Cost": 172515.15,"Plan Rows": 6001215,"Plan Width": 17,"Actual Startup Time": 0.020,"Actual Total Time": 931.142,"Actual Rows": 6001215,"Actual Loops": 1},{"Node Type": "Hash","Parent Relationship": "Inner","Parallel Aware": false,"Async Capable": false,"Startup Cost": 6366.70,"Total Cost": 6366.70,"Plan Rows": 197,"Plan Width": 4,"Actual Startup Time": 31.040,"Actual Total Time": 31.537,"Actual Rows": 194,"Actual Loops": 1,"Hash Buckets": 1024,"Original Hash Buckets": 1024,"Hash Batches": 1,"Original Hash Batches": 1,"Peak Memory Usage": 15,"Plans": [{"Node Type": "Gather","Parent Relationship": "Outer","Parallel Aware": false,"Async Capable": false,"Startup Cost": 1000.00,"Total Cost": 6366.70,"Plan Rows": 197,"Plan Width": 4,"Actual Startup Time": 1.668,"Actual Total Time": 31.485,"Actual Rows": 194,"Actual Loops": 1,"Workers Planned": 2,"Workers Launched": 2,"Single Copy": false,"Plans": [{"Node Type": "Seq Scan","Parent Relationship": "Outer","Parallel Aware": true,"Async Capable": false,"Relation Name": "part","Alias": "part","Startup Cost": 0.00,"Total Cost": 5347.00,"Plan Rows": 82,"Plan Width": 4,"Actual Startup Time": 1.956,"Actual Total Time": 25.248,"Actual Rows": 65,"Actual Loops": 3,"Filter": "((p_brand = 'Brand#24'::bpchar) AND (p_container = 'LG BAG'::bpchar))","Rows Removed by Filter": 66602,"Workers": []}]}]},{"Node Type": "Aggregate","Strategy": "Plain","Partial Mode": "Simple","Parent Relationship": "SubPlan","Subplan Name": "SubPlan 1","Parallel Aware": false,"Async Capable": false,"Startup Cost": 127.60,"Total Cost": 127.61,"Plan Rows": 1,"Plan Width": 32,"Actual Startup Time": 0.118,"Actual Total Time": 0.118,"Actual Rows": 1,"Actual Loops": 5732,"Plans": [{"Node Type": "Bitmap Heap Scan","Parent Relationship": "Outer","Parallel Aware": false,"Async Capable": false,"Relation Name": "lineitem","Alias": "lineitem_1","Startup Cost": 4.67,"Total Cost": 127.52,"Plan Rows": 31,"Plan Width": 5,"Actual Startup Time": 0.013,"Actual Total Time": 0.112,"Actual Rows": 30,"Actual Loops": 5732,"Recheck Cond": "(l_partkey = part.p_partkey)","Rows Removed by Index Recheck": 0,"Exact Heap Blocks": 174788,"Lossy Heap Blocks": 0,"Plans": [{"Node Type": "Bitmap Index Scan","Parent Relationship": "Outer","Parallel Aware": false,"Async Capable": false,"Index Name": "idx_lineitem_part_supp","Startup Cost": 0.00,"Total Cost": 4.67,"Plan Rows": 31,"Plan Width": 0,"Actual Startup Time": 0.007,"Actual Total Time": 0.007,"Actual Rows": 30,"Actual Loops": 5732,"Index Cond": "(l_partkey = part.p_partkey)"}]}]}]}]},"Planning Time": 5.406,"Triggers": [],"Execution Time": 4504.257}]
[{"Plan": {"Node Type": "Aggregate","Strategy": "Plain","Partial Mode": "Simple","Parallel Aware": false,"Async Capable": false,"Startup Cost": 195919.53,"Total Cost": 195919.54,"Plan Rows": 1,"Plan Width": 32,"Actual Startup Time": 4722.401,"Actual Total Time": 4723.106,"Actual Rows": 1,"Actual Loops": 1,"Plans": [{"Node Type": "Hash Join","Parent Relationship": "Outer","Parallel Aware": false,"Async Capable": false,"Join Type": "Inner","Startup Cost": 6369.89,"Total Cost": 195914.44,"Plan Rows": 2035,"Plan Width": 8,"Actual Startup Time": 46.693,"Actual Total Time": 4722.670,"Actual Rows": 469,"Actual Loops": 1,"Inner Unique": true,"Hash Cond": "(lineitem.l_partkey = part.p_partkey)","Join Filter": "(lineitem.l_quantity < (SubPlan 1))","Rows Removed by Join Filter": 4723,"Plans": [{"Node Type": "Seq Scan","Parent Relationship": "Outer","Parallel Aware": false,"Async Capable": false,"Relation Name": "lineitem","Alias": "lineitem","Startup Cost": 0.00,"Total Cost": 172515.15,"Plan Rows": 6001215,"Plan Width": 17,"Actual Startup Time": 0.015,"Actual Total Time": 943.227,"Actual Rows": 6001215,"Actual Loops": 1},{"Node Type": "Hash","Parent Relationship": "Inner","Parallel Aware": false,"Async Capable": false,"Startup Cost": 6367.34,"Total Cost": 6367.34,"Plan Rows": 203,"Plan Width": 4,"Actual Startup Time": 32.142,"Actual Total Time": 32.811,"Actual Rows": 172,"Actual Loops": 1,"Hash Buckets": 1024,"Original Hash Buckets": 1024,"Hash Batches": 1,"Original Hash Batches": 1,"Peak Memory Usage": 15,"Plans": [{"Node Type": "Gather","Parent Relationship": "Outer","Parallel Aware": false,"Async Capable": false,"Startup Cost": 1000.00,"Total Cost": 6367.34,"Plan Rows": 203,"Plan Width": 4,"Actual Startup Time": 3.665,"Actual Total Time": 32.701,"Actual Rows": 172,"Actual Loops": 1,"Workers Planned": 2,"Workers Launched": 2,"Single Copy": false,"Plans": [{"Node Type": "Seq Scan","Parent Relationship": "Outer","Parallel Aware": true,"Async Capable": false,"Relation Name": "part","Alias": "part","Startup Cost": 0.00,"Total Cost": 5347.00,"Plan Rows": 85,"Plan Width": 4,"Actual Startup Time": 1.595,"Actual Total Time": 26.813,"Actual Rows": 57,"Actual Loops": 3,"Filter": "((p_brand = 'Brand#14'::bpchar) AND (p_container = 'LG CASE'::bpchar))","Rows Removed by Filter": 66609,"Workers": []}]}]},{"Node Type": "Aggregate","Strategy": "Plain","Partial Mode": "Simple","Parent Relationship": "SubPlan","Subplan Name": "SubPlan 1","Parallel Aware": false,"Async Capable": false,"Startup Cost": 127.60,"Total Cost": 127.61,"Plan Rows": 1,"Plan Width": 32,"Actual Startup Time": 0.126,"Actual Total Time": 0.126,"Actual Rows": 1,"Actual Loops": 5192,"Plans": [{"Node Type": "Bitmap Heap Scan","Parent Relationship": "Outer","Parallel Aware": false,"Async Capable": false,"Relation Name": "lineitem","Alias": "lineitem_1","Startup Cost": 4.67,"Total Cost": 127.52,"Plan Rows": 31,"Plan Width": 5,"Actual Startup Time": 0.014,"Actual Total Time": 0.119,"Actual Rows": 31,"Actual Loops": 5192,"Recheck Cond": "(l_partkey = part.p_partkey)","Rows Removed by Index Recheck": 0,"Exact Heap Blocks": 162188,"Lossy Heap Blocks": 0,"Plans": [{"Node Type": "Bitmap Index Scan","Parent Relationship": "Outer","Parallel Aware": false,"Async Capable": false,"Index Name": "idx_lineitem_part_supp","Startup Cost": 0.00,"Total Cost": 4.67,"Plan Rows": 31,"Plan Width": 0,"Actual Startup Time": 0.007,"Actual Total Time": 0.007,"Actual Rows": 31,"Actual Loops": 5192,"Index Cond": "(l_partkey = part.p_partkey)"}]}]}]}]},"Planning Time": 5.489,"Triggers": [],"Execution Time": 4723.536}]
[{"Plan": {"Node Type": "Aggregate","Strategy": "Plain","Partial Mode": "Simple","Parallel Aware": false,"Async Capable": false,"Startup Cost": 195916.99,"Total Cost": 195917.00,"Plan Rows": 1,"Plan Width": 32,"Actual Startup Time": 4906.965,"Actual Total Time": 4907.622,"Actual Rows": 1,"Actual Loops": 1,"Plans": [{"Node Type": "Hash Join","Parent Relationship": "Outer","Parallel Aware": false,"Async Capable": false,"Join Type": "Inner","Startup Cost": 6367.81,"Total Cost": 195912.36,"Plan Rows": 1850,"Plan Width": 8,"Actual Startup Time": 68.186,"Actual Total Time": 4907.200,"Actual Rows": 602,"Actual Loops": 1,"Inner Unique": true,"Hash Cond": "(lineitem.l_partkey = part.p_partkey)","Join Filter": "(lineitem.l_quantity < (SubPlan 1))","Rows Removed by Join Filter": 5733,"Plans": [{"Node Type": "Seq Scan","Parent Relationship": "Outer","Parallel Aware": false,"Async Capable": false,"Relation Name": "lineitem","Alias": "lineitem","Startup Cost": 0.00,"Total Cost": 172515.15,"Plan Rows": 6001215,"Plan Width": 17,"Actual Startup Time": 0.017,"Actual Total Time": 976.064,"Actual Rows": 6001215,"Actual Loops": 1},{"Node Type": "Hash","Parent Relationship": "Inner","Parallel Aware": false,"Async Capable": false,"Startup Cost": 6365.50,"Total Cost": 6365.50,"Plan Rows": 185,"Plan Width": 4,"Actual Startup Time": 30.734,"Actual Total Time": 31.357,"Actual Rows": 207,"Actual Loops": 1,"Hash Buckets": 1024,"Original Hash Buckets": 1024,"Hash Batches": 1,"Original Hash Batches": 1,"Peak Memory Usage": 16,"Plans": [{"Node Type": "Gather","Parent Relationship": "Outer","Parallel Aware": false,"Async Capable": false,"Startup Cost": 1000.00,"Total Cost": 6365.50,"Plan Rows": 185,"Plan Width": 4,"Actual Startup Time": 1.386,"Actual Total Time": 31.293,"Actual Rows": 207,"Actual Loops": 1,"Workers Planned": 2,"Workers Launched": 2,"Single Copy": false,"Plans": [{"Node Type": "Seq Scan","Parent Relationship": "Outer","Parallel Aware": true,"Async Capable": false,"Relation Name": "part","Alias": "part","Startup Cost": 0.00,"Total Cost": 5347.00,"Plan Rows": 77,"Plan Width": 4,"Actual Startup Time": 0.609,"Actual Total Time": 25.158,"Actual Rows": 69,"Actual Loops": 3,"Filter": "((p_brand = 'Brand#32'::bpchar) AND (p_container = 'LG BAG'::bpchar))","Rows Removed by Filter": 66598,"Workers": []}]}]},{"Node Type": "Aggregate","Strategy": "Plain","Partial Mode": "Simple","Parent Relationship": "SubPlan","Subplan Name": "SubPlan 1","Parallel Aware": false,"Async Capable": false,"Startup Cost": 127.60,"Total Cost": 127.61,"Plan Rows": 1,"Plan Width": 32,"Actual Startup Time": 0.123,"Actual Total Time": 0.123,"Actual Rows": 1,"Actual Loops": 6335,"Plans": [{"Node Type": "Bitmap Heap Scan","Parent Relationship": "Outer","Parallel Aware": false,"Async Capable": false,"Relation Name": "lineitem","Alias": "lineitem_1","Startup Cost": 4.67,"Total Cost": 127.52,"Plan Rows": 31,"Plan Width": 5,"Actual Startup Time": 0.013,"Actual Total Time": 0.115,"Actual Rows": 32,"Actual Loops": 6335,"Recheck Cond": "(l_partkey = part.p_partkey)","Rows Removed by Index Recheck": 0,"Exact Heap Blocks": 200315,"Lossy Heap Blocks": 0,"Plans": [{"Node Type": "Bitmap Index Scan","Parent Relationship": "Outer","Parallel Aware": false,"Async Capable": false,"Index Name": "idx_lineitem_part_supp","Startup Cost": 0.00,"Total Cost": 4.67,"Plan Rows": 31,"Plan Width": 0,"Actual Startup Time": 0.007,"Actual Total Time": 0.007,"Actual Rows": 32,"Actual Loops": 6335,"Index Cond": "(l_partkey = part.p_partkey)"}]}]}]}]},"Planning Time": 4.560,"Triggers": [],"Execution Time": 4908.018}]
[{"Plan": {"Node Type": "Aggregate","Strategy": "Plain","Partial Mode": "Simple","Parallel Aware": false,"Async Capable": false,"Startup Cost": 195920.00,"Total Cost": 195920.02,"Plan Rows": 1,"Plan Width": 32,"Actual Startup Time": 5044.980,"Actual Total Time": 5045.695,"Actual Rows": 1,"Actual Loops": 1,"Plans": [{"Node Type": "Hash Join","Parent Relationship": "Outer","Parallel Aware": false,"Async Capable": false,"Join Type": "Inner","Startup Cost": 6370.28,"Total Cost": 195914.83,"Plan Rows": 2069,"Plan Width": 8,"Actual Startup Time": 33.645,"Actual Total Time": 5045.235,"Actual Rows": 568,"Actual Loops": 1,"Inner Unique": true,"Hash Cond": "(lineitem.l_partkey = part.p_partkey)","Join Filter": "(lineitem.l_quantity < (SubPlan 1))","Rows Removed by Join Filter": 5730,"Plans": [{"Node Type": "Seq Scan","Parent Relationship": "Outer","Parallel Aware": false,"Async Capable": false,"Relation Name": "lineitem","Alias": "lineitem","Startup Cost": 0.00,"Total Cost": 172515.15,"Plan Rows": 6001215,"Plan Width": 17,"Actual Startup Time": 0.016,"Actual Total Time": 1011.607,"Actual Rows": 6001215,"Actual Loops": 1},{"Node Type": "Hash","Parent Relationship": "Inner","Parallel Aware": false,"Async Capable": false,"Startup Cost": 6367.69,"Total Cost": 6367.69,"Plan Rows": 207,"Plan Width": 4,"Actual Startup Time": 28.880,"Actual Total Time": 29.558,"Actual Rows": 210,"Actual Loops": 1,"Hash Buckets": 1024,"Original Hash Buckets": 1024,"Hash Batches": 1,"Original Hash Batches": 1,"Peak Memory Usage": 16,"Plans": [{"Node Type": "Gather","Parent Relationship": "Outer","Parallel Aware": false,"Async Capable": false,"Startup Cost": 1000.00,"Total Cost": 6367.69,"Plan Rows": 207,"Plan Width": 4,"Actual Startup Time": 0.824,"Actual Total Time": 29.470,"Actual Rows": 210,"Actual Loops": 1,"Workers Planned": 2,"Workers Launched": 2,"Single Copy": false,"Plans": [{"Node Type": "Seq Scan","Parent Relationship": "Outer","Parallel Aware": true,"Async Capable": false,"Relation Name": "part","Alias": "part","Startup Cost": 0.00,"Total Cost": 5347.00,"Plan Rows": 86,"Plan Width": 4,"Actual Startup Time": 0.335,"Actual Total Time": 23.593,"Actual Rows": 70,"Actual Loops": 3,"Filter": "((p_brand = 'Brand#12'::bpchar) AND (p_container = 'SM BAG'::bpchar))","Rows Removed by Filter": 66597,"Workers": []}]}]},{"Node Type": "Aggregate","Strategy": "Plain","Partial Mode": "Simple","Parent Relationship": "SubPlan","Subplan Name": "SubPlan 1","Parallel Aware": false,"Async Capable": false,"Startup Cost": 127.60,"Total Cost": 127.61,"Plan Rows": 1,"Plan Width": 32,"Actual Startup Time": 0.143,"Actual Total Time": 0.143,"Actual Rows": 1,"Actual Loops": 6298,"Plans": [{"Node Type": "Bitmap Heap Scan","Parent Relationship": "Outer","Parallel Aware": false,"Async Capable": false,"Relation Name": "lineitem","Alias": "lineitem_1","Startup Cost": 4.67,"Total Cost": 127.52,"Plan Rows": 31,"Plan Width": 5,"Actual Startup Time": 0.014,"Actual Total Time": 0.135,"Actual Rows": 31,"Actual Loops": 6298,"Recheck Cond": "(l_partkey = part.p_partkey)","Rows Removed by Index Recheck": 0,"Exact Heap Blocks": 195497,"Lossy Heap Blocks": 0,"Plans": [{"Node Type": "Bitmap Index Scan","Parent Relationship": "Outer","Parallel Aware": false,"Async Capable": false,"Index Name": "idx_lineitem_part_supp","Startup Cost": 0.00,"Total Cost": 4.67,"Plan Rows": 31,"Plan Width": 0,"Actual Startup Time": 0.008,"Actual Total Time": 0.008,"Actual Rows": 31,"Actual Loops": 6298,"Index Cond": "(l_partkey = part.p_partkey)"}]}]}]}]},"Planning Time": 5.418,"Triggers": [],"Execution Time": 5046.048}]
[{"Plan": {"Node Type": "Aggregate","Strategy": "Plain","Partial Mode": "Simple","Parallel Aware": false,"Async Capable": false,"Startup Cost": 195918.61,"Total Cost": 195918.62,"Plan Rows": 1,"Plan Width": 32,"Actual Startup Time": 4903.213,"Actual Total Time": 4903.974,"Actual Rows": 1,"Actual Loops": 1,"Plans": [{"Node Type": "Hash Join","Parent Relationship": "Outer","Parallel Aware": false,"Async Capable": false,"Join Type": "Inner","Startup Cost": 6369.13,"Total Cost": 195913.68,"Plan Rows": 1968,"Plan Width": 8,"Actual Startup Time": 32.853,"Actual Total Time": 4903.579,"Actual Rows": 603,"Actual Loops": 1,"Inner Unique": true,"Hash Cond": "(lineitem.l_partkey = part.p_partkey)","Join Filter": "(lineitem.l_quantity < (SubPlan 1))","Rows Removed by Join Filter": 5697,"Plans": [{"Node Type": "Seq Scan","Parent Relationship": "Outer","Parallel Aware": false,"Async Capable": false,"Relation Name": "lineitem","Alias": "lineitem","Startup Cost": 0.00,"Total Cost": 172515.15,"Plan Rows": 6001215,"Plan Width": 17,"Actual Startup Time": 0.025,"Actual Total Time": 984.027,"Actual Rows": 6001215,"Actual Loops": 1},{"Node Type": "Hash","Parent Relationship": "Inner","Parallel Aware": false,"Async Capable": false,"Startup Cost": 6366.67,"Total Cost": 6366.67,"Plan Rows": 197,"Plan Width": 4,"Actual Startup Time": 32.239,"Actual Total Time": 32.962,"Actual Rows": 210,"Actual Loops": 1,"Hash Buckets": 1024,"Original Hash Buckets": 1024,"Hash Batches": 1,"Original Hash Batches": 1,"Peak Memory Usage": 16,"Plans": [{"Node Type": "Gather","Parent Relationship": "Outer","Parallel Aware": false,"Async Capable": false,"Startup Cost": 1000.00,"Total Cost": 6366.67,"Plan Rows": 197,"Plan Width": 4,"Actual Startup Time": 0.890,"Actual Total Time": 32.890,"Actual Rows": 210,"Actual Loops": 1,"Workers Planned": 2,"Workers Launched": 2,"Single Copy": false,"Plans": [{"Node Type": "Seq Scan","Parent Relationship": "Outer","Parallel Aware": true,"Async Capable": false,"Relation Name": "part","Alias": "part","Startup Cost": 0.00,"Total Cost": 5347.00,"Plan Rows": 82,"Plan Width": 4,"Actual Startup Time": 0.636,"Actual Total Time": 26.615,"Actual Rows": 70,"Actual Loops": 3,"Filter": "((p_brand = 'Brand#24'::bpchar) AND (p_container = 'LG CAN'::bpchar))","Rows Removed by Filter": 66597,"Workers": []}]}]},{"Node Type": "Aggregate","Strategy": "Plain","Partial Mode": "Simple","Parent Relationship": "SubPlan","Subplan Name": "SubPlan 1","Parallel Aware": false,"Async Capable": false,"Startup Cost": 127.60,"Total Cost": 127.61,"Plan Rows": 1,"Plan Width": 32,"Actual Startup Time": 0.123,"Actual Total Time": 0.124,"Actual Rows": 1,"Actual Loops": 6300,"Plans": [{"Node Type": "Bitmap Heap Scan","Parent Relationship": "Outer","Parallel Aware": false,"Async Capable": false,"Relation Name": "lineitem","Alias": "lineitem_1","Startup Cost": 4.67,"Total Cost": 127.52,"Plan Rows": 31,"Plan Width": 5,"Actual Startup Time": 0.013,"Actual Total Time": 0.116,"Actual Rows": 31,"Actual Loops": 6300,"Recheck Cond": "(l_partkey = part.p_partkey)","Rows Removed by Index Recheck": 0,"Exact Heap Blocks": 194454,"Lossy Heap Blocks": 0,"Plans": [{"Node Type": "Bitmap Index Scan","Parent Relationship": "Outer","Parallel Aware": false,"Async Capable": false,"Index Name": "idx_lineitem_part_supp","Startup Cost": 0.00,"Total Cost": 4.67,"Plan Rows": 31,"Plan Width": 0,"Actual Startup Time": 0.007,"Actual Total Time": 0.007,"Actual Rows": 31,"Actual Loops": 6300,"Index Cond": "(l_partkey = part.p_partkey)"}]}]}]}]},"Planning Time": 5.840,"Triggers": [],"Execution Time": 4904.404}]
[{"Plan": {"Node Type": "Aggregate","Strategy": "Plain","Partial Mode": "Simple","Parallel Aware": false,"Async Capable": false,"Startup Cost": 195917.98,"Total Cost": 195917.99,"Plan Rows": 1,"Plan Width": 32,"Actual Startup Time": 4752.254,"Actual Total Time": 4752.905,"Actual Rows": 1,"Actual Loops": 1,"Plans": [{"Node Type": "Hash Join","Parent Relationship": "Outer","Parallel Aware": false,"Async Capable": false,"Join Type": "Inner","Startup Cost": 6368.62,"Total Cost": 195913.17,"Plan Rows": 1922,"Plan Width": 8,"Actual Startup Time": 34.606,"Actual Total Time": 4752.497,"Actual Rows": 500,"Actual Loops": 1,"Inner Unique": true,"Hash Cond": "(lineitem.l_partkey = part.p_partkey)","Join Filter": "(lineitem.l_quantity < (SubPlan 1))","Rows Removed by Join Filter": 4998,"Plans": [{"Node Type": "Seq Scan","Parent Relationship": "Outer","Parallel Aware": false,"Async Capable": false,"Relation Name": "lineitem","Alias": "lineitem","Startup Cost": 0.00,"Total Cost": 172515.15,"Plan Rows": 6001215,"Plan Width": 17,"Actual Startup Time": 0.015,"Actual Total Time": 949.867,"Actual Rows": 6001215,"Actual Loops": 1},{"Node Type": "Hash","Parent Relationship": "Inner","Parallel Aware": false,"Async Capable": false,"Startup Cost": 6366.21,"Total Cost": 6366.21,"Plan Rows": 192,"Plan Width": 4,"Actual Startup Time": 29.967,"Actual Total Time": 30.590,"Actual Rows": 189,"Actual Loops": 1,"Hash Buckets": 1024,"Original Hash Buckets": 1024,"Hash Batches": 1,"Original Hash Batches": 1,"Peak Memory Usage": 15,"Plans": [{"Node Type": "Gather","Parent Relationship": "Outer","Parallel Aware": false,"Async Capable": false,"Startup Cost": 1000.00,"Total Cost": 6366.21,"Plan Rows": 192,"Plan Width": 4,"Actual Startup Time": 2.092,"Actual Total Time": 30.498,"Actual Rows": 189,"Actual Loops": 1,"Workers Planned": 2,"Workers Launched": 2,"Single Copy": false,"Plans": [{"Node Type": "Seq Scan","Parent Relationship": "Outer","Parallel Aware": true,"Async Capable": false,"Relation Name": "part","Alias": "part","Startup Cost": 0.00,"Total Cost": 5347.00,"Plan Rows": 80,"Plan Width": 4,"Actual Startup Time": 0.887,"Actual Total Time": 24.252,"Actual Rows": 63,"Actual Loops": 3,"Filter": "((p_brand = 'Brand#43'::bpchar) AND (p_container = 'WRAP BOX'::bpchar))","Rows Removed by Filter": 66604,"Workers": []}]}]},{"Node Type": "Aggregate","Strategy": "Plain","Partial Mode": "Simple","Parent Relationship": "SubPlan","Subplan Name": "SubPlan 1","Parallel Aware": false,"Async Capable": false,"Startup Cost": 127.60,"Total Cost": 127.61,"Plan Rows": 1,"Plan Width": 32,"Actual Startup Time": 0.123,"Actual Total Time": 0.123,"Actual Rows": 1,"Actual Loops": 5498,"Plans": [{"Node Type": "Bitmap Heap Scan","Parent Relationship": "Outer","Parallel Aware": false,"Async Capable": false,"Relation Name": "lineitem","Alias": "lineitem_1","Startup Cost": 4.67,"Total Cost": 127.52,"Plan Rows": 31,"Plan Width": 5,"Actual Startup Time": 0.013,"Actual Total Time": 0.115,"Actual Rows": 30,"Actual Loops": 5498,"Recheck Cond": "(l_partkey = part.p_partkey)","Rows Removed by Index Recheck": 0,"Exact Heap Blocks": 166443,"Lossy Heap Blocks": 0,"Plans": [{"Node Type": "Bitmap Index Scan","Parent Relationship": "Outer","Parallel Aware": false,"Async Capable": false,"Index Name": "idx_lineitem_part_supp","Startup Cost": 0.00,"Total Cost": 4.67,"Plan Rows": 31,"Plan Width": 0,"Actual Startup Time": 0.007,"Actual Total Time": 0.007,"Actual Rows": 30,"Actual Loops": 5498,"Index Cond": "(l_partkey = part.p_partkey)"}]}]}]}]},"Planning Time": 4.963,"Triggers": [],"Execution Time": 4753.287}]
[{"Plan": {"Node Type": "Aggregate","Strategy": "Plain","Partial Mode": "Simple","Parallel Aware": false,"Async Capable": false,"Startup Cost": 195918.69,"Total Cost": 195918.70,"Plan Rows": 1,"Plan Width": 32,"Actual Startup Time": 4827.144,"Actual Total Time": 4827.788,"Actual Rows": 1,"Actual Loops": 1,"Plans": [{"Node Type": "Hash Join","Parent Relationship": "Outer","Parallel Aware": false,"Async Capable": false,"Join Type": "Inner","Startup Cost": 6369.20,"Total Cost": 195913.75,"Plan Rows": 1974,"Plan Width": 8,"Actual Startup Time": 55.203,"Actual Total Time": 4827.331,"Actual Rows": 516,"Actual Loops": 1,"Inner Unique": true,"Hash Cond": "(lineitem.l_partkey = part.p_partkey)","Join Filter": "(lineitem.l_quantity < (SubPlan 1))","Rows Removed by Join Filter": 5054,"Plans": [{"Node Type": "Seq Scan","Parent Relationship": "Outer","Parallel Aware": false,"Async Capable": false,"Relation Name": "lineitem","Alias": "lineitem","Startup Cost": 0.00,"Total Cost": 172515.15,"Plan Rows": 6001215,"Plan Width": 17,"Actual Startup Time": 0.025,"Actual Total Time": 985.250,"Actual Rows": 6001215,"Actual Loops": 1},{"Node Type": "Hash","Parent Relationship": "Inner","Parallel Aware": false,"Async Capable": false,"Startup Cost": 6366.73,"Total Cost": 6366.73,"Plan Rows": 197,"Plan Width": 4,"Actual Startup Time": 31.679,"Actual Total Time": 32.284,"Actual Rows": 186,"Actual Loops": 1,"Hash Buckets": 1024,"Original Hash Buckets": 1024,"Hash Batches": 1,"Original Hash Batches": 1,"Peak Memory Usage": 15,"Plans": [{"Node Type": "Gather","Parent Relationship": "Outer","Parallel Aware": false,"Async Capable": false,"Startup Cost": 1000.00,"Total Cost": 6366.73,"Plan Rows": 197,"Plan Width": 4,"Actual Startup Time": 2.616,"Actual Total Time": 32.214,"Actual Rows": 186,"Actual Loops": 1,"Workers Planned": 2,"Workers Launched": 2,"Single Copy": false,"Plans": [{"Node Type": "Seq Scan","Parent Relationship": "Outer","Parallel Aware": true,"Async Capable": false,"Relation Name": "part","Alias": "part","Startup Cost": 0.00,"Total Cost": 5347.00,"Plan Rows": 82,"Plan Width": 4,"Actual Startup Time": 1.213,"Actual Total Time": 25.671,"Actual Rows": 62,"Actual Loops": 3,"Filter": "((p_brand = 'Brand#32'::bpchar) AND (p_container = 'MED CAN'::bpchar))","Rows Removed by Filter": 66605,"Workers": []}]}]},{"Node Type": "Aggregate","Strategy": "Plain","Partial Mode": "Simple","Parent Relationship": "SubPlan","Subplan Name": "SubPlan 1","Parallel Aware": false,"Async Capable": false,"Startup Cost": 127.60,"Total Cost": 127.61,"Plan Rows": 1,"Plan Width": 32,"Actual Startup Time": 0.124,"Actual Total Time": 0.124,"Actual Rows": 1,"Actual Loops": 5570,"Plans": [{"Node Type": "Bitmap Heap Scan","Parent Relationship": "Outer","Parallel Aware": false,"Async Capable": false,"Relation Name": "lineitem","Alias": "lineitem_1","Startup Cost": 4.67,"Total Cost": 127.52,"Plan Rows": 31,"Plan Width": 5,"Actual Startup Time": 0.013,"Actual Total Time": 0.117,"Actual Rows": 31,"Actual Loops": 5570,"Recheck Cond": "(l_partkey = part.p_partkey)","Rows Removed by Index Recheck": 0,"Exact Heap Blocks": 172347,"Lossy Heap Blocks": 0,"Plans": [{"Node Type": "Bitmap Index Scan","Parent Relationship": "Outer","Parallel Aware": false,"Async Capable": false,"Index Name": "idx_lineitem_part_supp","Startup Cost": 0.00,"Total Cost": 4.67,"Plan Rows": 31,"Plan Width": 0,"Actual Startup Time": 0.007,"Actual Total Time": 0.007,"Actual Rows": 31,"Actual Loops": 5570,"Index Cond": "(l_partkey = part.p_partkey)"}]}]}]}]},"Planning Time": 5.424,"Triggers": [],"Execution Time": 4828.342}]
[{"Plan": {"Node Type": "Aggregate","Strategy": "Plain","Partial Mode": "Simple","Parallel Aware": false,"Async Capable": false,"Startup Cost": 195921.00,"Total Cost": 195921.01,"Plan Rows": 1,"Plan Width": 32,"Actual Startup Time": 4912.767,"Actual Total Time": 4913.369,"Actual Rows": 1,"Actual Loops": 1,"Plans": [{"Node Type": "Hash Join","Parent Relationship": "Outer","Parallel Aware": false,"Async Capable": false,"Join Type": "Inner","Startup Cost": 6371.09,"Total Cost": 195915.64,"Plan Rows": 2142,"Plan Width": 8,"Actual Startup Time": 38.504,"Actual Total Time": 4913.199,"Actual Rows": 523,"Actual Loops": 1,"Inner Unique": true,"Hash Cond": "(lineitem.l_partkey = part.p_partkey)","Join Filter": "(lineitem.l_quantity < (SubPlan 1))","Rows Removed by Join Filter": 5378,"Plans": [{"Node Type": "Seq Scan","Parent Relationship": "Outer","Parallel Aware": false,"Async Capable": false,"Relation Name": "lineitem","Alias": "lineitem","Startup Cost": 0.00,"Total Cost": 172515.15,"Plan Rows": 6001215,"Plan Width": 17,"Actual Startup Time": 0.014,"Actual Total Time": 1023.966,"Actual Rows": 6001215,"Actual Loops": 1},{"Node Type": "Hash","Parent Relationship": "Inner","Parallel Aware": false,"Async Capable": false,"Startup Cost": 6368.41,"Total Cost": 6368.41,"Plan Rows": 214,"Plan Width": 4,"Actual Startup Time": 33.114,"Actual Total Time": 33.699,"Actual Rows": 196,"Actual Loops": 1,"Hash Buckets": 1024,"Original Hash Buckets": 1024,"Hash Batches": 1,"Original Hash Batches": 1,"Peak Memory Usage": 15,"Plans": [{"Node Type": "Gather","Parent Relationship": "Outer","Parallel Aware": false,"Async Capable": false,"Startup Cost": 1000.00,"Total Cost": 6368.41,"Plan Rows": 214,"Plan Width": 4,"Actual Startup Time": 0.925,"Actual Total Time": 33.638,"Actual Rows": 196,"Actual Loops": 1,"Workers Planned": 2,"Workers Launched": 2,"Single Copy": false,"Plans": [{"Node Type": "Seq Scan","Parent Relationship": "Outer","Parallel Aware": true,"Async Capable": false,"Relation Name": "part","Alias": "part","Startup Cost": 0.00,"Total Cost": 5347.00,"Plan Rows": 89,"Plan Width": 4,"Actual Startup Time": 0.458,"Actual Total Time": 27.354,"Actual Rows": 65,"Actual Loops": 3,"Filter": "((p_brand = 'Brand#42'::bpchar) AND (p_container = 'WRAP CAN'::bpchar))","Rows Removed by Filter": 66601,"Workers": []}]}]},{"Node Type": "Aggregate","Strategy": "Plain","Partial Mode": "Simple","Parent Relationship": "SubPlan","Subplan Name": "SubPlan 1","Parallel Aware": false,"Async Capable": false,"Startup Cost": 127.60,"Total Cost": 127.61,"Plan Rows": 1,"Plan Width": 32,"Actual Startup Time": 0.145,"Actual Total Time": 0.145,"Actual Rows": 1,"Actual Loops": 5901,"Plans": [{"Node Type": "Bitmap Heap Scan","Parent Relationship": "Outer","Parallel Aware": false,"Async Capable": false,"Relation Name": "lineitem","Alias": "lineitem_1","Startup Cost": 4.67,"Total Cost": 127.52,"Plan Rows": 31,"Plan Width": 5,"Actual Startup Time": 0.014,"Actual Total Time": 0.138,"Actual Rows": 31,"Actual Loops": 5901,"Recheck Cond": "(l_partkey = part.p_partkey)","Rows Removed by Index Recheck": 0,"Exact Heap Blocks": 183769,"Lossy Heap Blocks": 0,"Plans": [{"Node Type": "Bitmap Index Scan","Parent Relationship": "Outer","Parallel Aware": false,"Async Capable": false,"Index Name": "idx_lineitem_part_supp","Startup Cost": 0.00,"Total Cost": 4.67,"Plan Rows": 31,"Plan Width": 0,"Actual Startup Time": 0.008,"Actual Total Time": 0.008,"Actual Rows": 31,"Actual Loops": 5901,"Index Cond": "(l_partkey = part.p_partkey)"}]}]}]}]},"Planning Time": 4.698,"Triggers": [],"Execution Time": 4913.656}]
[{"Plan": {"Node Type": "Aggregate","Strategy": "Plain","Partial Mode": "Simple","Parallel Aware": false,"Async Capable": false,"Startup Cost": 195919.40,"Total Cost": 195919.41,"Plan Rows": 1,"Plan Width": 32,"Actual Startup Time": 4803.766,"Actual Total Time": 4804.429,"Actual Rows": 1,"Actual Loops": 1,"Plans": [{"Node Type": "Hash Join","Parent Relationship": "Outer","Parallel Aware": false,"Async Capable": false,"Join Type": "Inner","Startup Cost": 6369.78,"Total Cost": 195914.33,"Plan Rows": 2025,"Plan Width": 8,"Actual Startup Time": 32.733,"Actual Total Time": 4804.222,"Actual Rows": 500,"Actual Loops": 1,"Inner Unique": true,"Hash Cond": "(lineitem.l_partkey = part.p_partkey)","Join Filter": "(lineitem.l_quantity < (SubPlan 1))","Rows Removed by Join Filter": 5257,"Plans": [{"Node Type": "Seq Scan","Parent Relationship": "Outer","Parallel Aware": false,"Async Capable": false,"Relation Name": "lineitem","Alias": "lineitem","Startup Cost": 0.00,"Total Cost": 172515.15,"Plan Rows": 6001215,"Plan Width": 17,"Actual Startup Time": 0.014,"Actual Total Time": 1012.644,"Actual Rows": 6001215,"Actual Loops": 1},{"Node Type": "Hash","Parent Relationship": "Inner","Parallel Aware": false,"Async Capable": false,"Startup Cost": 6367.25,"Total Cost": 6367.25,"Plan Rows": 202,"Plan Width": 4,"Actual Startup Time": 31.824,"Actual Total Time": 32.466,"Actual Rows": 197,"Actual Loops": 1,"Hash Buckets": 1024,"Original Hash Buckets": 1024,"Hash Batches": 1,"Original Hash Batches": 1,"Peak Memory Usage": 15,"Plans": [{"Node Type": "Gather","Parent Relationship": "Outer","Parallel Aware": false,"Async Capable": false,"Startup Cost": 1000.00,"Total Cost": 6367.25,"Plan Rows": 202,"Plan Width": 4,"Actual Startup Time": 0.697,"Actual Total Time": 32.415,"Actual Rows": 197,"Actual Loops": 1,"Workers Planned": 2,"Workers Launched": 2,"Single Copy": false,"Plans": [{"Node Type": "Seq Scan","Parent Relationship": "Outer","Parallel Aware": true,"Async Capable": false,"Relation Name": "part","Alias": "part","Startup Cost": 0.00,"Total Cost": 5347.00,"Plan Rows": 84,"Plan Width": 4,"Actual Startup Time": 1.040,"Actual Total Time": 25.806,"Actual Rows": 66,"Actual Loops": 3,"Filter": "((p_brand = 'Brand#15'::bpchar) AND (p_container = 'WRAP BOX'::bpchar))","Rows Removed by Filter": 66601,"Workers": []}]}]},{"Node Type": "Aggregate","Strategy": "Plain","Partial Mode": "Simple","Parent Relationship": "SubPlan","Subplan Name": "SubPlan 1","Parallel Aware": false,"Async Capable": false,"Startup Cost": 127.60,"Total Cost": 127.61,"Plan Rows": 1,"Plan Width": 32,"Actual Startup Time": 0.131,"Actual Total Time": 0.131,"Actual Rows": 1,"Actual Loops": 5757,"Plans": [{"Node Type": "Bitmap Heap Scan","Parent Relationship": "Outer","Parallel Aware": false,"Async Capable": false,"Relation Name": "lineitem","Alias": "lineitem_1","Startup Cost": 4.67,"Total Cost": 127.52,"Plan Rows": 31,"Plan Width": 5,"Actual Startup Time": 0.014,"Actual Total Time": 0.124,"Actual Rows": 30,"Actual Loops": 5757,"Recheck Cond": "(l_partkey = part.p_partkey)","Rows Removed by Index Recheck": 0,"Exact Heap Blocks": 174599,"Lossy Heap Blocks": 0,"Plans": [{"Node Type": "Bitmap Index Scan","Parent Relationship": "Outer","Parallel Aware": false,"Async Capable": false,"Index Name": "idx_lineitem_part_supp","Startup Cost": 0.00,"Total Cost": 4.67,"Plan Rows": 31,"Plan Width": 0,"Actual Startup Time": 0.008,"Actual Total Time": 0.008,"Actual Rows": 30,"Actual Loops": 5757,"Index Cond": "(l_partkey = part.p_partkey)"}]}]}]}]},"Planning Time": 4.748,"Triggers": [],"Execution Time": 4804.681}]
[{"Plan": {"Node Type": "Aggregate","Strategy": "Plain","Partial Mode": "Simple","Parallel Aware": false,"Async Capable": false,"Startup Cost": 195917.92,"Total Cost": 195917.94,"Plan Rows": 1,"Plan Width": 32,"Actual Startup Time": 4822.892,"Actual Total Time": 4823.499,"Actual Rows": 1,"Actual Loops": 1,"Plans": [{"Node Type": "Hash Join","Parent Relationship": "Outer","Parallel Aware": false,"Async Capable": false,"Join Type": "Inner","Startup Cost": 6368.57,"Total Cost": 195913.13,"Plan Rows": 1918,"Plan Width": 8,"Actual Startup Time": 72.065,"Actual Total Time": 4823.142,"Actual Rows": 496,"Actual Loops": 1,"Inner Unique": true,"Hash Cond": "(lineitem.l_partkey = part.p_partkey)","Join Filter": "(lineitem.l_quantity < (SubPlan 1))","Rows Removed by Join Filter": 5083,"Plans": [{"Node Type": "Seq Scan","Parent Relationship": "Outer","Parallel Aware": false,"Async Capable": false,"Relation Name": "lineitem","Alias": "lineitem","Startup Cost": 0.00,"Total Cost": 172515.15,"Plan Rows": 6001215,"Plan Width": 17,"Actual Startup Time": 0.020,"Actual Total Time": 982.727,"Actual Rows": 6001215,"Actual Loops": 1},{"Node Type": "Hash","Parent Relationship": "Inner","Parallel Aware": false,"Async Capable": false,"Startup Cost": 6366.18,"Total Cost": 6366.18,"Plan Rows": 192,"Plan Width": 4,"Actual Startup Time": 32.246,"Actual Total Time": 32.811,"Actual Rows": 184,"Actual Loops": 1,"Hash Buckets": 1024,"Original Hash Buckets": 1024,"Hash Batches": 1,"Original Hash Batches": 1,"Peak Memory Usage": 15,"Plans": [{"Node Type": "Gather","Parent Relationship": "Outer","Parallel Aware": false,"Async Capable": false,"Startup Cost": 1000.00,"Total Cost": 6366.18,"Plan Rows": 192,"Plan Width": 4,"Actual Startup Time": 1.730,"Actual Total Time": 32.713,"Actual Rows": 184,"Actual Loops": 1,"Workers Planned": 2,"Workers Launched": 2,"Single Copy": false,"Plans": [{"Node Type": "Seq Scan","Parent Relationship": "Outer","Parallel Aware": true,"Async Capable": false,"Relation Name": "part","Alias": "part","Startup Cost": 0.00,"Total Cost": 5347.00,"Plan Rows": 80,"Plan Width": 4,"Actual Startup Time": 0.652,"Actual Total Time": 26.824,"Actual Rows": 61,"Actual Loops": 3,"Filter": "((p_brand = 'Brand#25'::bpchar) AND (p_container = 'JUMBO DRUM'::bpchar))","Rows Removed by Filter": 66605,"Workers": []}]}]},{"Node Type": "Aggregate","Strategy": "Plain","Partial Mode": "Simple","Parent Relationship": "SubPlan","Subplan Name": "SubPlan 1","Parallel Aware": false,"Async Capable": false,"Startup Cost": 127.60,"Total Cost": 127.61,"Plan Rows": 1,"Plan Width": 32,"Actual Startup Time": 0.124,"Actual Total Time": 0.124,"Actual Rows": 1,"Actual Loops": 5579,"Plans": [{"Node Type": "Bitmap Heap Scan","Parent Relationship": "Outer","Parallel Aware": false,"Async Capable": false,"Relation Name": "lineitem","Alias": "lineitem_1","Startup Cost": 4.67,"Total Cost": 127.52,"Plan Rows": 31,"Plan Width": 5,"Actual Startup Time": 0.014,"Actual Total Time": 0.117,"Actual Rows": 31,"Actual Loops": 5579,"Recheck Cond": "(l_partkey = part.p_partkey)","Rows Removed by Index Recheck": 0,"Exact Heap Blocks": 174533,"Lossy Heap Blocks": 0,"Plans": [{"Node Type": "Bitmap Index Scan","Parent Relationship": "Outer","Parallel Aware": false,"Async Capable": false,"Index Name": "idx_lineitem_part_supp","Startup Cost": 0.00,"Total Cost": 4.67,"Plan Rows": 31,"Plan Width": 0,"Actual Startup Time": 0.007,"Actual Total Time": 0.007,"Actual Rows": 31,"Actual Loops": 5579,"Index Cond": "(l_partkey = part.p_partkey)"}]}]}]}]},"Planning Time": 4.376,"Triggers": [],"Execution Time": 4823.939}]
[{"Plan": {"Node Type": "Aggregate","Strategy": "Plain","Partial Mode": "Simple","Parallel Aware": false,"Async Capable": false,"Startup Cost": 195919.00,"Total Cost": 195919.01,"Plan Rows": 1,"Plan Width": 32,"Actual Startup Time": 5111.757,"Actual Total Time": 5112.508,"Actual Rows": 1,"Actual Loops": 1,"Plans": [{"Node Type": "Hash Join","Parent Relationship": "Outer","Parallel Aware": false,"Async Capable": false,"Join Type": "Inner","Startup Cost": 6369.45,"Total Cost": 195914.01,"Plan Rows": 1996,"Plan Width": 8,"Actual Startup Time": 31.775,"Actual Total Time": 5112.151,"Actual Rows": 559,"Actual Loops": 1,"Inner Unique": true,"Hash Cond": "(lineitem.l_partkey = part.p_partkey)","Join Filter": "(lineitem.l_quantity < (SubPlan 1))","Rows Removed by Join Filter": 5947,"Plans": [{"Node Type": "Seq Scan","Parent Relationship": "Outer","Parallel Aware": false,"Async Capable": false,"Relation Name": "lineitem","Alias": "lineitem","Startup Cost": 0.00,"Total Cost": 172515.15,"Plan Rows": 6001215,"Plan Width": 17,"Actual Startup Time": 0.017,"Actual Total Time": 1005.586,"Actual Rows": 6001215,"Actual Loops": 1},{"Node Type": "Hash","Parent Relationship": "Inner","Parallel Aware": false,"Async Capable": false,"Startup Cost": 6366.96,"Total Cost": 6366.96,"Plan Rows": 200,"Plan Width": 4,"Actual Startup Time": 29.962,"Actual Total Time": 30.675,"Actual Rows": 213,"Actual Loops": 1,"Hash Buckets": 1024,"Original Hash Buckets": 1024,"Hash Batches": 1,"Original Hash Batches": 1,"Peak Memory Usage": 16,"Plans": [{"Node Type": "Gather","Parent Relationship": "Outer","Parallel Aware": false,"Async Capable": false,"Startup Cost": 1000.00,"Total Cost": 6366.96,"Plan Rows": 200,"Plan Width": 4,"Actual Startup Time": 0.831,"Actual Total Time": 30.578,"Actual Rows": 213,"Actual Loops": 1,"Workers Planned": 2,"Workers Launched": 2,"Single Copy": false,"Plans": [{"Node Type": "Seq Scan","Parent Relationship": "Outer","Parallel Aware": true,"Async Capable": false,"Relation Name": "part","Alias": "part","Startup Cost": 0.00,"Total Cost": 5347.00,"Plan Rows": 83,"Plan Width": 4,"Actual Startup Time": 0.410,"Actual Total Time": 24.663,"Actual Rows": 71,"Actual Loops": 3,"Filter": "((p_brand = 'Brand#41'::bpchar) AND (p_container = 'LG PACK'::bpchar))","Rows Removed by Filter": 66596,"Workers": []}]}]},{"Node Type": "Aggregate","Strategy": "Plain","Partial Mode": "Simple","Parent Relationship": "SubPlan","Subplan Name": "SubPlan 1","Parallel Aware": false,"Async Capable": false,"Startup Cost": 127.60,"Total Cost": 127.61,"Plan Rows": 1,"Plan Width": 32,"Actual Startup Time": 0.143,"Actual Total Time": 0.143,"Actual Rows": 1,"Actual Loops": 6506,"Plans": [{"Node Type": "Bitmap Heap Scan","Parent Relationship": "Outer","Parallel Aware": false,"Async Capable": false,"Relation Name": "lineitem","Alias": "lineitem_1","Startup Cost": 4.67,"Total Cost": 127.52,"Plan Rows": 31,"Plan Width": 5,"Actual Startup Time": 0.014,"Actual Total Time": 0.136,"Actual Rows": 32,"Actual Loops": 6506,"Recheck Cond": "(l_partkey = part.p_partkey)","Rows Removed by Index Recheck": 0,"Exact Heap Blocks": 205720,"Lossy Heap Blocks": 0,"Plans": [{"Node Type": "Bitmap Index Scan","Parent Relationship": "Outer","Parallel Aware": false,"Async Capable": false,"Index Name": "idx_lineitem_part_supp","Startup Cost": 0.00,"Total Cost": 4.67,"Plan Rows": 31,"Plan Width": 0,"Actual Startup Time": 0.008,"Actual Total Time": 0.008,"Actual Rows": 32,"Actual Loops": 6506,"Index Cond": "(l_partkey = part.p_partkey)"}]}]}]}]},"Planning Time": 5.360,"Triggers": [],"Execution Time": 5112.920}]
[{"Plan": {"Node Type": "Aggregate","Strategy": "Plain","Partial Mode": "Simple","Parallel Aware": false,"Async Capable": false,"Startup Cost": 195920.50,"Total Cost": 195920.51,"Plan Rows": 1,"Plan Width": 32,"Actual Startup Time": 4856.871,"Actual Total Time": 4857.537,"Actual Rows": 1,"Actual Loops": 1,"Plans": [{"Node Type": "Hash Join","Parent Relationship": "Outer","Parallel Aware": false,"Async Capable": false,"Join Type": "Inner","Startup Cost": 6370.68,"Total Cost": 195915.23,"Plan Rows": 2105,"Plan Width": 8,"Actual Startup Time": 53.656,"Actual Total Time": 4856.971,"Actual Rows": 556,"Actual Loops": 1,"Inner Unique": true,"Hash Cond": "(lineitem.l_partkey = part.p_partkey)","Join Filter": "(lineitem.l_quantity < (SubPlan 1))","Rows Removed by Join Filter": 5650,"Plans": [{"Node Type": "Seq Scan","Parent Relationship": "Outer","Parallel Aware": false,"Async Capable": false,"Relation Name": "lineitem","Alias": "lineitem","Startup Cost": 0.00,"Total Cost": 172515.15,"Plan Rows": 6001215,"Plan Width": 17,"Actual Startup Time": 0.021,"Actual Total Time": 941.004,"Actual Rows": 6001215,"Actual Loops": 1},{"Node Type": "Hash","Parent Relationship": "Inner","Parallel Aware": false,"Async Capable": false,"Startup Cost": 6368.05,"Total Cost": 6368.05,"Plan Rows": 210,"Plan Width": 4,"Actual Startup Time": 32.725,"Actual Total Time": 33.359,"Actual Rows": 208,"Actual Loops": 1,"Hash Buckets": 1024,"Original Hash Buckets": 1024,"Hash Batches": 1,"Original Hash Batches": 1,"Peak Memory Usage": 16,"Plans": [{"Node Type": "Gather","Parent Relationship": "Outer","Parallel Aware": false,"Async Capable": false,"Startup Cost": 1000.00,"Total Cost": 6368.05,"Plan Rows": 210,"Plan Width": 4,"Actual Startup Time": 1.560,"Actual Total Time": 33.259,"Actual Rows": 208,"Actual Loops": 1,"Workers Planned": 2,"Workers Launched": 2,"Single Copy": false,"Plans": [{"Node Type": "Seq Scan","Parent Relationship": "Outer","Parallel Aware": true,"Async Capable": false,"Relation Name": "part","Alias": "part","Startup Cost": 0.00,"Total Cost": 5347.00,"Plan Rows": 88,"Plan Width": 4,"Actual Startup Time": 0.729,"Actual Total Time": 27.188,"Actual Rows": 69,"Actual Loops": 3,"Filter": "((p_brand = 'Brand#52'::bpchar) AND (p_container = 'MED JAR'::bpchar))","Rows Removed by Filter": 66597,"Workers": []}]}]},{"Node Type": "Aggregate","Strategy": "Plain","Partial Mode": "Simple","Parent Relationship": "SubPlan","Subplan Name": "SubPlan 1","Parallel Aware": false,"Async Capable": false,"Startup Cost": 127.60,"Total Cost": 127.61,"Plan Rows": 1,"Plan Width": 32,"Actual Startup Time": 0.123,"Actual Total Time": 0.123,"Actual Rows": 1,"Actual Loops": 6206,"Plans": [{"Node Type": "Bitmap Heap Scan","Parent Relationship": "Outer","Parallel Aware": false,"Async Capable": false,"Relation Name": "lineitem","Alias": "lineitem_1","Startup Cost": 4.67,"Total Cost": 127.52,"Plan Rows": 31,"Plan Width": 5,"Actual Startup Time": 0.013,"Actual Total Time": 0.116,"Actual Rows": 31,"Actual Loops": 6206,"Recheck Cond": "(l_partkey = part.p_partkey)","Rows Removed by Index Recheck": 0,"Exact Heap Blocks": 190948,"Lossy Heap Blocks": 0,"Plans": [{"Node Type": "Bitmap Index Scan","Parent Relationship": "Outer","Parallel Aware": false,"Async Capable": false,"Index Name": "idx_lineitem_part_supp","Startup Cost": 0.00,"Total Cost": 4.67,"Plan Rows": 31,"Plan Width": 0,"Actual Startup Time": 0.007,"Actual Total Time": 0.007,"Actual Rows": 31,"Actual Loops": 6206,"Index Cond": "(l_partkey = part.p_partkey)"}]}]}]}]},"Planning Time": 4.547,"Triggers": [],"Execution Time": 4857.863}]
[{"Plan": {"Node Type": "Aggregate","Strategy": "Plain","Partial Mode": "Simple","Parallel Aware": false,"Async Capable": false,"Startup Cost": 195919.04,"Total Cost": 195919.05,"Plan Rows": 1,"Plan Width": 32,"Actual Startup Time": 4865.226,"Actual Total Time": 4865.744,"Actual Rows": 1,"Actual Loops": 1,"Plans": [{"Node Type": "Hash Join","Parent Relationship": "Outer","Parallel Aware": false,"Async Capable": false,"Join Type": "Inner","Startup Cost": 6369.48,"Total Cost": 195914.04,"Plan Rows": 1999,"Plan Width": 8,"Actual Startup Time": 40.442,"Actual Total Time": 4865.443,"Actual Rows": 492,"Actual Loops": 1,"Inner Unique": true,"Hash Cond": "(lineitem.l_partkey = part.p_partkey)","Join Filter": "(lineitem.l_quantity < (SubPlan 1))","Rows Removed by Join Filter": 4936,"Plans": [{"Node Type": "Seq Scan","Parent Relationship": "Outer","Parallel Aware": false,"Async Capable": false,"Relation Name": "lineitem","Alias": "lineitem","Startup Cost": 0.00,"Total Cost": 172515.15,"Plan Rows": 6001215,"Plan Width": 17,"Actual Startup Time": 0.017,"Actual Total Time": 1030.325,"Actual Rows": 6001215,"Actual Loops": 1},{"Node Type": "Hash","Parent Relationship": "Inner","Parallel Aware": false,"Async Capable": false,"Startup Cost": 6366.99,"Total Cost": 6366.99,"Plan Rows": 200,"Plan Width": 4,"Actual Startup Time": 29.531,"Actual Total Time": 30.032,"Actual Rows": 180,"Actual Loops": 1,"Hash Buckets": 1024,"Original Hash Buckets": 1024,"Hash Batches": 1,"Original Hash Batches": 1,"Peak Memory Usage": 15,"Plans": [{"Node Type": "Gather","Parent Relationship": "Outer","Parallel Aware": false,"Async Capable": false,"Startup Cost": 1000.00,"Total Cost": 6366.99,"Plan Rows": 200,"Plan Width": 4,"Actual Startup Time": 1.122,"Actual Total Time": 29.974,"Actual Rows": 180,"Actual Loops": 1,"Workers Planned": 2,"Workers Launched": 2,"Single Copy": false,"Plans": [{"Node Type": "Seq Scan","Parent Relationship": "Outer","Parallel Aware": true,"Async Capable": false,"Relation Name": "part","Alias": "part","Startup Cost": 0.00,"Total Cost": 5347.00,"Plan Rows": 83,"Plan Width": 4,"Actual Startup Time": 0.811,"Actual Total Time": 23.941,"Actual Rows": 60,"Actual Loops": 3,"Filter": "((p_brand = 'Brand#11'::bpchar) AND (p_container = 'WRAP BAG'::bpchar))","Rows Removed by Filter": 66607,"Workers": []}]}]},{"Node Type": "Aggregate","Strategy": "Plain","Partial Mode": "Simple","Parent Relationship": "SubPlan","Subplan Name": "SubPlan 1","Parallel Aware": false,"Async Capable": false,"Startup Cost": 127.60,"Total Cost": 127.61,"Plan Rows": 1,"Plan Width": 32,"Actual Startup Time": 0.148,"Actual Total Time": 0.148,"Actual Rows": 1,"Actual Loops": 5428,"Plans": [{"Node Type": "Bitmap Heap Scan","Parent Relationship": "Outer","Parallel Aware": false,"Async Capable": false,"Relation Name": "lineitem","Alias": "lineitem_1","Startup Cost": 4.67,"Total Cost": 127.52,"Plan Rows": 31,"Plan Width": 5,"Actual Startup Time": 0.014,"Actual Total Time": 0.140,"Actual Rows": 31,"Actual Loops": 5428,"Recheck Cond": "(l_partkey = part.p_partkey)","Rows Removed by Index Recheck": 0,"Exact Heap Blocks": 169560,"Lossy Heap Blocks": 0,"Plans": [{"Node Type": "Bitmap Index Scan","Parent Relationship": "Outer","Parallel Aware": false,"Async Capable": false,"Index Name": "idx_lineitem_part_supp","Startup Cost": 0.00,"Total Cost": 4.67,"Plan Rows": 31,"Plan Width": 0,"Actual Startup Time": 0.008,"Actual Total Time": 0.008,"Actual Rows": 31,"Actual Loops": 5428,"Index Cond": "(l_partkey = part.p_partkey)"}]}]}]}]},"Planning Time": 5.513,"Triggers": [],"Execution Time": 4865.994}]
[{"Plan": {"Node Type": "Aggregate","Strategy": "Plain","Partial Mode": "Simple","Parallel Aware": false,"Async Capable": false,"Startup Cost": 195918.59,"Total Cost": 195918.60,"Plan Rows": 1,"Plan Width": 32,"Actual Startup Time": 4936.177,"Actual Total Time": 4936.833,"Actual Rows": 1,"Actual Loops": 1,"Plans": [{"Node Type": "Hash Join","Parent Relationship": "Outer","Parallel Aware": false,"Async Capable": false,"Join Type": "Inner","Startup Cost": 6369.12,"Total Cost": 195913.67,"Plan Rows": 1967,"Plan Width": 8,"Actual Startup Time": 37.576,"Actual Total Time": 4936.440,"Actual Rows": 578,"Actual Loops": 1,"Inner Unique": true,"Hash Cond": "(lineitem.l_partkey = part.p_partkey)","Join Filter": "(lineitem.l_quantity < (SubPlan 1))","Rows Removed by Join Filter": 5893,"Plans": [{"Node Type": "Seq Scan","Parent Relationship": "Outer","Parallel Aware": false,"Async Capable": false,"Relation Name": "lineitem","Alias": "lineitem","Startup Cost": 0.00,"Total Cost": 172515.15,"Plan Rows": 6001215,"Plan Width": 17,"Actual Startup Time": 0.020,"Actual Total Time": 978.866,"Actual Rows": 6001215,"Actual Loops": 1},{"Node Type": "Hash","Parent Relationship": "Inner","Parallel Aware": false,"Async Capable": false,"Startup Cost": 6366.66,"Total Cost": 6366.66,"Plan Rows": 197,"Plan Width": 4,"Actual Startup Time": 33.419,"Actual Total Time": 34.049,"Actual Rows": 216,"Actual Loops": 1,"Hash Buckets": 1024,"Original Hash Buckets": 1024,"Hash Batches": 1,"Original Hash Batches": 1,"Peak Memory Usage": 16,"Plans": [{"Node Type": "Gather","Parent Relationship": "Outer","Parallel Aware": false,"Async Capable": false,"Startup Cost": 1000.00,"Total Cost": 6366.66,"Plan Rows": 197,"Plan Width": 4,"Actual Startup Time": 1.741,"Actual Total Time": 33.975,"Actual Rows": 216,"Actual Loops": 1,"Workers Planned": 2,"Workers Launched": 2,"Single Copy": false,"Plans": [{"Node Type": "Seq Scan","Parent Relationship": "Outer","Parallel Aware": true,"Async Capable": false,"Relation Name": "part","Alias": "part","Startup Cost": 0.00,"Total Cost": 5347.00,"Plan Rows": 82,"Plan Width": 4,"Actual Startup Time": 0.522,"Actual Total Time": 27.671,"Actual Rows": 72,"Actual Loops": 3,"Filter": "((p_brand = 'Brand#44'::bpchar) AND (p_container = 'MED PACK'::bpchar))","Rows Removed by Filter": 66595,"Workers": []}]}]},{"Node Type": "Aggregate","Strategy": "Plain","Partial Mode": "Simple","Parent Relationship": "SubPlan","Subplan Name": "SubPlan 1","Parallel Aware": false,"Async Capable": false,"Startup Cost": 127.60,"Total Cost": 127.61,"Plan Rows": 1,"Plan Width": 32,"Actual Startup Time": 0.123,"Actual Total Time": 0.123,"Actual Rows": 1,"Actual Loops": 6471,"Plans": [{"Node Type": "Bitmap Heap Scan","Parent Relationship": "Outer","Parallel Aware": false,"Async Capable": false,"Relation Name": "lineitem","Alias": "lineitem_1","Startup Cost": 4.67,"Total Cost": 127.52,"Plan Rows": 31,"Plan Width": 5,"Actual Startup Time": 0.013,"Actual Total Time": 0.116,"Actual Rows": 31,"Actual Loops": 6471,"Recheck Cond": "(l_partkey = part.p_partkey)","Rows Removed by Index Recheck": 0,"Exact Heap Blocks": 199989,"Lossy Heap Blocks": 0,"Plans": [{"Node Type": "Bitmap Index Scan","Parent Relationship": "Outer","Parallel Aware": false,"Async Capable": false,"Index Name": "idx_lineitem_part_supp","Startup Cost": 0.00,"Total Cost": 4.67,"Plan Rows": 31,"Plan Width": 0,"Actual Startup Time": 0.007,"Actual Total Time": 0.007,"Actual Rows": 31,"Actual Loops": 6471,"Index Cond": "(l_partkey = part.p_partkey)"}]}]}]}]},"Planning Time": 5.932,"Triggers": [],"Execution Time": 4937.244}]
[{"Plan": {"Node Type": "Aggregate","Strategy": "Plain","Partial Mode": "Simple","Parallel Aware": false,"Async Capable": false,"Startup Cost": 195918.98,"Total Cost": 195918.99,"Plan Rows": 1,"Plan Width": 32,"Actual Startup Time": 4924.451,"Actual Total Time": 4925.120,"Actual Rows": 1,"Actual Loops": 1,"Plans": [{"Node Type": "Hash Join","Parent Relationship": "Outer","Parallel Aware": false,"Async Capable": false,"Join Type": "Inner","Startup Cost": 6369.44,"Total Cost": 195913.99,"Plan Rows": 1995,"Plan Width": 8,"Actual Startup Time": 36.441,"Actual Total Time": 4924.671,"Actual Rows": 585,"Actual Loops": 1,"Inner Unique": true,"Hash Cond": "(lineitem.l_partkey = part.p_partkey)","Join Filter": "(lineitem.l_quantity < (SubPlan 1))","Rows Removed by Join Filter": 5900,"Plans": [{"Node Type": "Seq Scan","Parent Relationship": "Outer","Parallel Aware": false,"Async Capable": false,"Relation Name": "lineitem","Alias": "lineitem","Startup Cost": 0.00,"Total Cost": 172515.15,"Plan Rows": 6001215,"Plan Width": 17,"Actual Startup Time": 0.020,"Actual Total Time": 975.843,"Actual Rows": 6001215,"Actual Loops": 1},{"Node Type": "Hash","Parent Relationship": "Inner","Parallel Aware": false,"Async Capable": false,"Startup Cost": 6366.94,"Total Cost": 6366.94,"Plan Rows": 199,"Plan Width": 4,"Actual Startup Time": 30.685,"Actual Total Time": 31.327,"Actual Rows": 217,"Actual Loops": 1,"Hash Buckets": 1024,"Original Hash Buckets": 1024,"Hash Batches": 1,"Original Hash Batches": 1,"Peak Memory Usage": 16,"Plans": [{"Node Type": "Gather","Parent Relationship": "Outer","Parallel Aware": false,"Async Capable": false,"Startup Cost": 1000.00,"Total Cost": 6366.94,"Plan Rows": 199,"Plan Width": 4,"Actual Startup Time": 2.598,"Actual Total Time": 31.245,"Actual Rows": 217,"Actual Loops": 1,"Workers Planned": 2,"Workers Launched": 2,"Single Copy": false,"Plans": [{"Node Type": "Seq Scan","Parent Relationship": "Outer","Parallel Aware": true,"Async Capable": false,"Relation Name": "part","Alias": "part","Startup Cost": 0.00,"Total Cost": 5347.00,"Plan Rows": 83,"Plan Width": 4,"Actual Startup Time": 1.286,"Actual Total Time": 24.980,"Actual Rows": 72,"Actual Loops": 3,"Filter": "((p_brand = 'Brand#23'::bpchar) AND (p_container = 'SM CAN'::bpchar))","Rows Removed by Filter": 66594,"Workers": []}]}]},{"Node Type": "Aggregate","Strategy": "Plain","Partial Mode": "Simple","Parent Relationship": "SubPlan","Subplan Name": "SubPlan 1","Parallel Aware": false,"Async Capable": false,"Startup Cost": 127.60,"Total Cost": 127.61,"Plan Rows": 1,"Plan Width": 32,"Actual Startup Time": 0.122,"Actual Total Time": 0.122,"Actual Rows": 1,"Actual Loops": 6485,"Plans": [{"Node Type": "Bitmap Heap Scan","Parent Relationship": "Outer","Parallel Aware": false,"Async Capable": false,"Relation Name": "lineitem","Alias": "lineitem_1","Startup Cost": 4.67,"Total Cost": 127.52,"Plan Rows": 31,"Plan Width": 5,"Actual Startup Time": 0.013,"Actual Total Time": 0.115,"Actual Rows": 31,"Actual Loops": 6485,"Recheck Cond": "(l_partkey = part.p_partkey)","Rows Removed by Index Recheck": 0,"Exact Heap Blocks": 201193,"Lossy Heap Blocks": 0,"Plans": [{"Node Type": "Bitmap Index Scan","Parent Relationship": "Outer","Parallel Aware": false,"Async Capable": false,"Index Name": "idx_lineitem_part_supp","Startup Cost": 0.00,"Total Cost": 4.67,"Plan Rows": 31,"Plan Width": 0,"Actual Startup Time": 0.007,"Actual Total Time": 0.007,"Actual Rows": 31,"Actual Loops": 6485,"Index Cond": "(l_partkey = part.p_partkey)"}]}]}]}]},"Planning Time": 4.632,"Triggers": [],"Execution Time": 4925.490}]
[{"Plan": {"Node Type": "Aggregate","Strategy": "Plain","Partial Mode": "Simple","Parallel Aware": false,"Async Capable": false,"Startup Cost": 195920.49,"Total Cost": 195920.50,"Plan Rows": 1,"Plan Width": 32,"Actual Startup Time": 4821.325,"Actual Total Time": 4821.978,"Actual Rows": 1,"Actual Loops": 1,"Plans": [{"Node Type": "Hash Join","Parent Relationship": "Outer","Parallel Aware": false,"Async Capable": false,"Join Type": "Inner","Startup Cost": 6370.67,"Total Cost": 195915.22,"Plan Rows": 2105,"Plan Width": 8,"Actual Startup Time": 71.427,"Actual Total Time": 4821.557,"Actual Rows": 543,"Actual Loops": 1,"Inner Unique": true,"Hash Cond": "(lineitem.l_partkey = part.p_partkey)","Join Filter": "(lineitem.l_quantity < (SubPlan 1))","Rows Removed by Join Filter": 5234,"Plans": [{"Node Type": "Seq Scan","Parent Relationship": "Outer","Parallel Aware": false,"Async Capable": false,"Relation Name": "lineitem","Alias": "lineitem","Startup Cost": 0.00,"Total Cost": 172515.15,"Plan Rows": 6001215,"Plan Width": 17,"Actual Startup Time": 0.016,"Actual Total Time": 979.756,"Actual Rows": 6001215,"Actual Loops": 1},{"Node Type": "Hash","Parent Relationship": "Inner","Parallel Aware": false,"Async Capable": false,"Startup Cost": 6368.04,"Total Cost": 6368.04,"Plan Rows": 210,"Plan Width": 4,"Actual Startup Time": 33.253,"Actual Total Time": 33.869,"Actual Rows": 190,"Actual Loops": 1,"Hash Buckets": 1024,"Original Hash Buckets": 1024,"Hash Batches": 1,"Original Hash Batches": 1,"Peak Memory Usage": 15,"Plans": [{"Node Type": "Gather","Parent Relationship": "Outer","Parallel Aware": false,"Async Capable": false,"Startup Cost": 1000.00,"Total Cost": 6368.04,"Plan Rows": 210,"Plan Width": 4,"Actual Startup Time": 0.789,"Actual Total Time": 33.782,"Actual Rows": 190,"Actual Loops": 1,"Workers Planned": 2,"Workers Launched": 2,"Single Copy": false,"Plans": [{"Node Type": "Seq Scan","Parent Relationship": "Outer","Parallel Aware": true,"Async Capable": false,"Relation Name": "part","Alias": "part","Startup Cost": 0.00,"Total Cost": 5347.00,"Plan Rows": 88,"Plan Width": 4,"Actual Startup Time": 0.515,"Actual Total Time": 27.656,"Actual Rows": 63,"Actual Loops": 3,"Filter": "((p_brand = 'Brand#53'::bpchar) AND (p_container = 'SM BOX'::bpchar))","Rows Removed by Filter": 66603,"Workers": []}]}]},{"Node Type": "Aggregate","Strategy": "Plain","Partial Mode": "Simple","Parent Relationship": "SubPlan","Subplan Name": "SubPlan 1","Parallel Aware": false,"Async Capable": false,"Startup Cost": 127.60,"Total Cost": 127.61,"Plan Rows": 1,"Plan Width": 32,"Actual Startup Time": 0.117,"Actual Total Time": 0.117,"Actual Rows": 1,"Actual Loops": 5777,"Plans": [{"Node Type": "Bitmap Heap Scan","Parent Relationship": "Outer","Parallel Aware": false,"Async Capable": false,"Relation Name": "lineitem","Alias": "lineitem_1","Startup Cost": 4.67,"Total Cost": 127.52,"Plan Rows": 31,"Plan Width": 5,"Actual Startup Time": 0.013,"Actual Total Time": 0.110,"Actual Rows": 31,"Actual Loops": 5777,"Recheck Cond": "(l_partkey = part.p_partkey)","Rows Removed by Index Recheck": 0,"Exact Heap Blocks": 181667,"Lossy Heap Blocks": 0,"Plans": [{"Node Type": "Bitmap Index Scan","Parent Relationship": "Outer","Parallel Aware": false,"Async Capable": false,"Index Name": "idx_lineitem_part_supp","Startup Cost": 0.00,"Total Cost": 4.67,"Plan Rows": 31,"Plan Width": 0,"Actual Startup Time": 0.007,"Actual Total Time": 0.007,"Actual Rows": 31,"Actual Loops": 5777,"Index Cond": "(l_partkey = part.p_partkey)"}]}]}]}]},"Planning Time": 4.620,"Triggers": [],"Execution Time": 4822.400}]
[{"Plan": {"Node Type": "Aggregate","Strategy": "Plain","Partial Mode": "Simple","Parallel Aware": false,"Async Capable": false,"Startup Cost": 195918.67,"Total Cost": 195918.68,"Plan Rows": 1,"Plan Width": 32,"Actual Startup Time": 5170.164,"Actual Total Time": 5171.051,"Actual Rows": 1,"Actual Loops": 1,"Plans": [{"Node Type": "Hash Join","Parent Relationship": "Outer","Parallel Aware": false,"Async Capable": false,"Join Type": "Inner","Startup Cost": 6369.18,"Total Cost": 195913.73,"Plan Rows": 1972,"Plan Width": 8,"Actual Startup Time": 39.992,"Actual Total Time": 5170.695,"Actual Rows": 603,"Actual Loops": 1,"Inner Unique": true,"Hash Cond": "(lineitem.l_partkey = part.p_partkey)","Join Filter": "(lineitem.l_quantity < (SubPlan 1))","Rows Removed by Join Filter": 6233,"Plans": [{"Node Type": "Seq Scan","Parent Relationship": "Outer","Parallel Aware": false,"Async Capable": false,"Relation Name": "lineitem","Alias": "lineitem","Startup Cost": 0.00,"Total Cost": 172515.15,"Plan Rows": 6001215,"Plan Width": 17,"Actual Startup Time": 0.020,"Actual Total Time": 1017.833,"Actual Rows": 6001215,"Actual Loops": 1},{"Node Type": "Hash","Parent Relationship": "Inner","Parallel Aware": false,"Async Capable": false,"Startup Cost": 6366.72,"Total Cost": 6366.72,"Plan Rows": 197,"Plan Width": 4,"Actual Startup Time": 32.183,"Actual Total Time": 33.015,"Actual Rows": 227,"Actual Loops": 1,"Hash Buckets": 1024,"Original Hash Buckets": 1024,"Hash Batches": 1,"Original Hash Batches": 1,"Peak Memory Usage": 16,"Plans": [{"Node Type": "Gather","Parent Relationship": "Outer","Parallel Aware": false,"Async Capable": false,"Startup Cost": 1000.00,"Total Cost": 6366.72,"Plan Rows": 197,"Plan Width": 4,"Actual Startup Time": 2.084,"Actual Total Time": 32.947,"Actual Rows": 227,"Actual Loops": 1,"Workers Planned": 2,"Workers Launched": 2,"Single Copy": false,"Plans": [{"Node Type": "Seq Scan","Parent Relationship": "Outer","Parallel Aware": true,"Async Capable": false,"Relation Name": "part","Alias": "part","Startup Cost": 0.00,"Total Cost": 5347.00,"Plan Rows": 82,"Plan Width": 4,"Actual Startup Time": 1.514,"Actual Total Time": 26.094,"Actual Rows": 76,"Actual Loops": 3,"Filter": "((p_brand = 'Brand#41'::bpchar) AND (p_container = 'JUMBO BOX'::bpchar))","Rows Removed by Filter": 66591,"Workers": []}]}]},{"Node Type": "Aggregate","Strategy": "Plain","Partial Mode": "Simple","Parent Relationship": "SubPlan","Subplan Name": "SubPlan 1","Parallel Aware": false,"Async Capable": false,"Startup Cost": 127.60,"Total Cost": 127.61,"Plan Rows": 1,"Plan Width": 32,"Actual Startup Time": 0.145,"Actual Total Time": 0.145,"Actual Rows": 1,"Actual Loops": 6836,"Plans": [{"Node Type": "Bitmap Heap Scan","Parent Relationship": "Outer","Parallel Aware": false,"Async Capable": false,"Relation Name": "lineitem","Alias": "lineitem_1","Startup Cost": 4.67,"Total Cost": 127.52,"Plan Rows": 31,"Plan Width": 5,"Actual Startup Time": 0.014,"Actual Total Time": 0.137,"Actual Rows": 31,"Actual Loops": 6836,"Recheck Cond": "(l_partkey = part.p_partkey)","Rows Removed by Index Recheck": 0,"Exact Heap Blocks": 212773,"Lossy Heap Blocks": 0,"Plans": [{"Node Type": "Bitmap Index Scan","Parent Relationship": "Outer","Parallel Aware": false,"Async Capable": false,"Index Name": "idx_lineitem_part_supp","Startup Cost": 0.00,"Total Cost": 4.67,"Plan Rows": 31,"Plan Width": 0,"Actual Startup Time": 0.008,"Actual Total Time": 0.008,"Actual Rows": 31,"Actual Loops": 6836,"Index Cond": "(l_partkey = part.p_partkey)"}]}]}]}]},"Planning Time": 6.123,"Triggers": [],"Execution Time": 5171.579}]
[{"Plan": {"Node Type": "Aggregate","Strategy": "Plain","Partial Mode": "Simple","Parallel Aware": false,"Async Capable": false,"Startup Cost": 195920.75,"Total Cost": 195920.77,"Plan Rows": 1,"Plan Width": 32,"Actual Startup Time": 5011.535,"Actual Total Time": 5012.266,"Actual Rows": 1,"Actual Loops": 1,"Plans": [{"Node Type": "Hash Join","Parent Relationship": "Outer","Parallel Aware": false,"Async Capable": false,"Join Type": "Inner","Startup Cost": 6370.89,"Total Cost": 195915.44,"Plan Rows": 2124,"Plan Width": 8,"Actual Startup Time": 34.978,"Actual Total Time": 5011.799,"Actual Rows": 535,"Actual Loops": 1,"Inner Unique": true,"Hash Cond": "(lineitem.l_partkey = part.p_partkey)","Join Filter": "(lineitem.l_quantity < (SubPlan 1))","Rows Removed by Join Filter": 5606,"Plans": [{"Node Type": "Seq Scan","Parent Relationship": "Outer","Parallel Aware": false,"Async Capable": false,"Relation Name": "lineitem","Alias": "lineitem","Startup Cost": 0.00,"Total Cost": 172515.15,"Plan Rows": 6001215,"Plan Width": 17,"Actual Startup Time": 0.022,"Actual Total Time": 1008.101,"Actual Rows": 6001215,"Actual Loops": 1},{"Node Type": "Hash","Parent Relationship": "Inner","Parallel Aware": false,"Async Capable": false,"Startup Cost": 6368.23,"Total Cost": 6368.23,"Plan Rows": 212,"Plan Width": 4,"Actual Startup Time": 32.315,"Actual Total Time": 32.985,"Actual Rows": 202,"Actual Loops": 1,"Hash Buckets": 1024,"Original Hash Buckets": 1024,"Hash Batches": 1,"Original Hash Batches": 1,"Peak Memory Usage": 16,"Plans": [{"Node Type": "Gather","Parent Relationship": "Outer","Parallel Aware": false,"Async Capable": false,"Startup Cost": 1000.00,"Total Cost": 6368.23,"Plan Rows": 212,"Plan Width": 4,"Actual Startup Time": 0.908,"Actual Total Time": 32.921,"Actual Rows": 202,"Actual Loops": 1,"Workers Planned": 2,"Workers Launched": 2,"Single Copy": false,"Plans": [{"Node Type": "Seq Scan","Parent Relationship": "Outer","Parallel Aware": true,"Async Capable": false,"Relation Name": "part","Alias": "part","Startup Cost": 0.00,"Total Cost": 5347.00,"Plan Rows": 88,"Plan Width": 4,"Actual Startup Time": 0.246,"Actual Total Time": 26.032,"Actual Rows": 67,"Actual Loops": 3,"Filter": "((p_brand = 'Brand#15'::bpchar) AND (p_container = 'SM CAN'::bpchar))","Rows Removed by Filter": 66599,"Workers": []}]}]},{"Node Type": "Aggregate","Strategy": "Plain","Partial Mode": "Simple","Parent Relationship": "SubPlan","Subplan Name": "SubPlan 1","Parallel Aware": false,"Async Capable": false,"Startup Cost": 127.60,"Total Cost": 127.61,"Plan Rows": 1,"Plan Width": 32,"Actual Startup Time": 0.145,"Actual Total Time": 0.145,"Actual Rows": 1,"Actual Loops": 6141,"Plans": [{"Node Type": "Bitmap Heap Scan","Parent Relationship": "Outer","Parallel Aware": false,"Async Capable": false,"Relation Name": "lineitem","Alias": "lineitem_1","Startup Cost": 4.67,"Total Cost": 127.52,"Plan Rows": 31,"Plan Width": 5,"Actual Startup Time": 0.014,"Actual Total Time": 0.137,"Actual Rows": 32,"Actual Loops": 6141,"Recheck Cond": "(l_partkey = part.p_partkey)","Rows Removed by Index Recheck": 0,"Exact Heap Blocks": 194985,"Lossy Heap Blocks": 0,"Plans": [{"Node Type": "Bitmap Index Scan","Parent Relationship": "Outer","Parallel Aware": false,"Async Capable": false,"Index Name": "idx_lineitem_part_supp","Startup Cost": 0.00,"Total Cost": 4.67,"Plan Rows": 31,"Plan Width": 0,"Actual Startup Time": 0.008,"Actual Total Time": 0.008,"Actual Rows": 32,"Actual Loops": 6141,"Index Cond": "(l_partkey = part.p_partkey)"}]}]}]}]},"Planning Time": 5.313,"Triggers": [],"Execution Time": 5012.717}]
[{"Plan": {"Node Type": "Aggregate","Strategy": "Plain","Partial Mode": "Simple","Parallel Aware": false,"Async Capable": false,"Startup Cost": 195920.23,"Total Cost": 195920.25,"Plan Rows": 1,"Plan Width": 32,"Actual Startup Time": 4899.893,"Actual Total Time": 4900.677,"Actual Rows": 1,"Actual Loops": 1,"Plans": [{"Node Type": "Hash Join","Parent Relationship": "Outer","Parallel Aware": false,"Async Capable": false,"Join Type": "Inner","Startup Cost": 6370.46,"Total Cost": 195915.02,"Plan Rows": 2086,"Plan Width": 8,"Actual Startup Time": 49.484,"Actual Total Time": 4900.246,"Actual Rows": 553,"Actual Loops": 1,"Inner Unique": true,"Hash Cond": "(lineitem.l_partkey = part.p_partkey)","Join Filter": "(lineitem.l_quantity < (SubPlan 1))","Rows Removed by Join Filter": 5581,"Plans": [{"Node Type": "Seq Scan","Parent Relationship": "Outer","Parallel Aware": false,"Async Capable": false,"Relation Name": "lineitem","Alias": "lineitem","Startup Cost": 0.00,"Total Cost": 172515.15,"Plan Rows": 6001215,"Plan Width": 17,"Actual Startup Time": 0.024,"Actual Total Time": 972.615,"Actual Rows": 6001215,"Actual Loops": 1},{"Node Type": "Hash","Parent Relationship": "Inner","Parallel Aware": false,"Async Capable": false,"Startup Cost": 6367.86,"Total Cost": 6367.86,"Plan Rows": 209,"Plan Width": 4,"Actual Startup Time": 31.712,"Actual Total Time": 32.461,"Actual Rows": 203,"Actual Loops": 1,"Hash Buckets": 1024,"Original Hash Buckets": 1024,"Hash Batches": 1,"Original Hash Batches": 1,"Peak Memory Usage": 16,"Plans": [{"Node Type": "Gather","Parent Relationship": "Outer","Parallel Aware": false,"Async Capable": false,"Startup Cost": 1000.00,"Total Cost": 6367.86,"Plan Rows": 209,"Plan Width": 4,"Actual Startup Time": 0.989,"Actual Total Time": 32.382,"Actual Rows": 203,"Actual Loops": 1,"Workers Planned": 2,"Workers Launched": 2,"Single Copy": false,"Plans": [{"Node Type": "Seq Scan","Parent Relationship": "Outer","Parallel Aware": true,"Async Capable": false,"Relation Name": "part","Alias": "part","Startup Cost": 0.00,"Total Cost": 5347.00,"Plan Rows": 87,"Plan Width": 4,"Actual Startup Time": 0.763,"Actual Total Time": 26.037,"Actual Rows": 68,"Actual Loops": 3,"Filter": "((p_brand = 'Brand#24'::bpchar) AND (p_container = 'SM CAN'::bpchar))","Rows Removed by Filter": 66599,"Workers": []}]}]},{"Node Type": "Aggregate","Strategy": "Plain","Partial Mode": "Simple","Parent Relationship": "SubPlan","Subplan Name": "SubPlan 1","Parallel Aware": false,"Async Capable": false,"Startup Cost": 127.60,"Total Cost": 127.61,"Plan Rows": 1,"Plan Width": 32,"Actual Startup Time": 0.125,"Actual Total Time": 0.125,"Actual Rows": 1,"Actual Loops": 6134,"Plans": [{"Node Type": "Bitmap Heap Scan","Parent Relationship": "Outer","Parallel Aware": false,"Async Capable": false,"Relation Name": "lineitem","Alias": "lineitem_1","Startup Cost": 4.67,"Total Cost": 127.52,"Plan Rows": 31,"Plan Width": 5,"Actual Startup Time": 0.013,"Actual Total Time": 0.117,"Actual Rows": 31,"Actual Loops": 6134,"Recheck Cond": "(l_partkey = part.p_partkey)","Rows Removed by Index Recheck": 0,"Exact Heap Blocks": 192956,"Lossy Heap Blocks": 0,"Plans": [{"Node Type": "Bitmap Index Scan","Parent Relationship": "Outer","Parallel Aware": false,"Async Capable": false,"Index Name": "idx_lineitem_part_supp","Startup Cost": 0.00,"Total Cost": 4.67,"Plan Rows": 31,"Plan Width": 0,"Actual Startup Time": 0.007,"Actual Total Time": 0.007,"Actual Rows": 31,"Actual Loops": 6134,"Index Cond": "(l_partkey = part.p_partkey)"}]}]}]}]},"Planning Time": 5.872,"Triggers": [],"Execution Time": 4901.157}]
[{"Plan": {"Node Type": "Aggregate","Strategy": "Plain","Partial Mode": "Simple","Parallel Aware": false,"Async Capable": false,"Startup Cost": 195916.00,"Total Cost": 195916.01,"Plan Rows": 1,"Plan Width": 32,"Actual Startup Time": 4892.807,"Actual Total Time": 4893.447,"Actual Rows": 1,"Actual Loops": 1,"Plans": [{"Node Type": "Hash Join","Parent Relationship": "Outer","Parallel Aware": false,"Async Capable": false,"Join Type": "Inner","Startup Cost": 6367.00,"Total Cost": 195911.55,"Plan Rows": 1778,"Plan Width": 8,"Actual Startup Time": 32.307,"Actual Total Time": 4893.178,"Actual Rows": 596,"Actual Loops": 1,"Inner Unique": true,"Hash Cond": "(lineitem.l_partkey = part.p_partkey)","Join Filter": "(lineitem.l_quantity < (SubPlan 1))","Rows Removed by Join Filter": 5834,"Plans": [{"Node Type": "Seq Scan","Parent Relationship": "Outer","Parallel Aware": false,"Async Capable": false,"Relation Name": "lineitem","Alias": "lineitem","Startup Cost": 0.00,"Total Cost": 172515.15,"Plan Rows": 6001215,"Plan Width": 17,"Actual Startup Time": 0.018,"Actual Total Time": 936.828,"Actual Rows": 6001215,"Actual Loops": 1},{"Node Type": "Hash","Parent Relationship": "Inner","Parallel Aware": false,"Async Capable": false,"Startup Cost": 6364.78,"Total Cost": 6364.78,"Plan Rows": 178,"Plan Width": 4,"Actual Startup Time": 30.756,"Actual Total Time": 31.378,"Actual Rows": 214,"Actual Loops": 1,"Hash Buckets": 1024,"Original Hash Buckets": 1024,"Hash Batches": 1,"Original Hash Batches": 1,"Peak Memory Usage": 16,"Plans": [{"Node Type": "Gather","Parent Relationship": "Outer","Parallel Aware": false,"Async Capable": false,"Startup Cost": 1000.00,"Total Cost": 6364.78,"Plan Rows": 178,"Plan Width": 4,"Actual Startup Time": 0.930,"Actual Total Time": 31.319,"Actual Rows": 214,"Actual Loops": 1,"Workers Planned": 2,"Workers Launched": 2,"Single Copy": false,"Plans": [{"Node Type": "Seq Scan","Parent Relationship": "Outer","Parallel Aware": true,"Async Capable": false,"Relation Name": "part","Alias": "part","Startup Cost": 0.00,"Total Cost": 5347.00,"Plan Rows": 74,"Plan Width": 4,"Actual Startup Time": 1.102,"Actual Total Time": 24.888,"Actual Rows": 71,"Actual Loops": 3,"Filter": "((p_brand = 'Brand#52'::bpchar) AND (p_container = 'WRAP PACK'::bpchar))","Rows Removed by Filter": 66595,"Workers": []}]}]},{"Node Type": "Aggregate","Strategy": "Plain","Partial Mode": "Simple","Parent Relationship": "SubPlan","Subplan Name": "SubPlan 1","Parallel Aware": false,"Async Capable": false,"Startup Cost": 127.60,"Total Cost": 127.61,"Plan Rows": 1,"Plan Width": 32,"Actual Startup Time": 0.126,"Actual Total Time": 0.126,"Actual Rows": 1,"Actual Loops": 6430,"Plans": [{"Node Type": "Bitmap Heap Scan","Parent Relationship": "Outer","Parallel Aware": false,"Async Capable": false,"Relation Name": "lineitem","Alias": "lineitem_1","Startup Cost": 4.67,"Total Cost": 127.52,"Plan Rows": 31,"Plan Width": 5,"Actual Startup Time": 0.014,"Actual Total Time": 0.119,"Actual Rows": 31,"Actual Loops": 6430,"Recheck Cond": "(l_partkey = part.p_partkey)","Rows Removed by Index Recheck": 0,"Exact Heap Blocks": 199430,"Lossy Heap Blocks": 0,"Plans": [{"Node Type": "Bitmap Index Scan","Parent Relationship": "Outer","Parallel Aware": false,"Async Capable": false,"Index Name": "idx_lineitem_part_supp","Startup Cost": 0.00,"Total Cost": 4.67,"Plan Rows": 31,"Plan Width": 0,"Actual Startup Time": 0.007,"Actual Total Time": 0.007,"Actual Rows": 31,"Actual Loops": 6430,"Index Cond": "(l_partkey = part.p_partkey)"}]}]}]}]},"Planning Time": 4.611,"Triggers": [],"Execution Time": 4893.673}]
[{"Plan": {"Node Type": "Aggregate","Strategy": "Plain","Partial Mode": "Simple","Parallel Aware": false,"Async Capable": false,"Startup Cost": 195920.32,"Total Cost": 195920.33,"Plan Rows": 1,"Plan Width": 32,"Actual Startup Time": 4914.223,"Actual Total Time": 4914.595,"Actual Rows": 1,"Actual Loops": 1,"Plans": [{"Node Type": "Hash Join","Parent Relationship": "Outer","Parallel Aware": false,"Async Capable": false,"Join Type": "Inner","Startup Cost": 6370.53,"Total Cost": 195915.09,"Plan Rows": 2092,"Plan Width": 8,"Actual Startup Time": 38.008,"Actual Total Time": 4914.390,"Actual Rows": 547,"Actual Loops": 1,"Inner Unique": true,"Hash Cond": "(lineitem.l_partkey = part.p_partkey)","Join Filter": "(lineitem.l_quantity < (SubPlan 1))","Rows Removed by Join Filter": 5274,"Plans": [{"Node Type": "Seq Scan","Parent Relationship": "Outer","Parallel Aware": false,"Async Capable": false,"Relation Name": "lineitem","Alias": "lineitem","Startup Cost": 0.00,"Total Cost": 172515.15,"Plan Rows": 6001215,"Plan Width": 17,"Actual Startup Time": 0.026,"Actual Total Time": 938.743,"Actual Rows": 6001215,"Actual Loops": 1},{"Node Type": "Hash","Parent Relationship": "Inner","Parallel Aware": false,"Async Capable": false,"Startup Cost": 6367.92,"Total Cost": 6367.92,"Plan Rows": 209,"Plan Width": 4,"Actual Startup Time": 31.854,"Actual Total Time": 32.208,"Actual Rows": 198,"Actual Loops": 1,"Hash Buckets": 1024,"Original Hash Buckets": 1024,"Hash Batches": 1,"Original Hash Batches": 1,"Peak Memory Usage": 15,"Plans": [{"Node Type": "Gather","Parent Relationship": "Outer","Parallel Aware": false,"Async Capable": false,"Startup Cost": 1000.00,"Total Cost": 6367.92,"Plan Rows": 209,"Plan Width": 4,"Actual Startup Time": 0.781,"Actual Total Time": 32.127,"Actual Rows": 198,"Actual Loops": 1,"Workers Planned": 2,"Workers Launched": 2,"Single Copy": false,"Plans": [{"Node Type": "Seq Scan","Parent Relationship": "Outer","Parallel Aware": true,"Async Capable": false,"Relation Name": "part","Alias": "part","Startup Cost": 0.00,"Total Cost": 5347.00,"Plan Rows": 87,"Plan Width": 4,"Actual Startup Time": 0.266,"Actual Total Time": 25.910,"Actual Rows": 66,"Actual Loops": 3,"Filter": "((p_brand = 'Brand#52'::bpchar) AND (p_container = 'SM BOX'::bpchar))","Rows Removed by Filter": 66601,"Workers": []}]}]},{"Node Type": "Aggregate","Strategy": "Plain","Partial Mode": "Simple","Parent Relationship": "SubPlan","Subplan Name": "SubPlan 1","Parallel Aware": false,"Async Capable": false,"Startup Cost": 127.60,"Total Cost": 127.61,"Plan Rows": 1,"Plan Width": 32,"Actual Startup Time": 0.124,"Actual Total Time": 0.124,"Actual Rows": 1,"Actual Loops": 5821,"Plans": [{"Node Type": "Bitmap Heap Scan","Parent Relationship": "Outer","Parallel Aware": false,"Async Capable": false,"Relation Name": "lineitem","Alias": "lineitem_1","Startup Cost": 4.67,"Total Cost": 127.52,"Plan Rows": 31,"Plan Width": 5,"Actual Startup Time": 0.013,"Actual Total Time": 0.117,"Actual Rows": 30,"Actual Loops": 5821,"Recheck Cond": "(l_partkey = part.p_partkey)","Rows Removed by Index Recheck": 0,"Exact Heap Blocks": 176301,"Lossy Heap Blocks": 0,"Plans": [{"Node Type": "Bitmap Index Scan","Parent Relationship": "Outer","Parallel Aware": false,"Async Capable": false,"Index Name": "idx_lineitem_part_supp","Startup Cost": 0.00,"Total Cost": 4.67,"Plan Rows": 31,"Plan Width": 0,"Actual Startup Time": 0.007,"Actual Total Time": 0.007,"Actual Rows": 30,"Actual Loops": 5821,"Index Cond": "(l_partkey = part.p_partkey)"}]}]}]}]},"Planning Time": 5.190,"Triggers": [],"Execution Time": 4914.911}]
[{"Plan": {"Node Type": "Aggregate","Strategy": "Plain","Partial Mode": "Simple","Parallel Aware": false,"Async Capable": false,"Startup Cost": 195920.27,"Total Cost": 195920.28,"Plan Rows": 1,"Plan Width": 32,"Actual Startup Time": 4931.453,"Actual Total Time": 4932.010,"Actual Rows": 1,"Actual Loops": 1,"Plans": [{"Node Type": "Hash Join","Parent Relationship": "Outer","Parallel Aware": false,"Async Capable": false,"Join Type": "Inner","Startup Cost": 6370.49,"Total Cost": 195915.05,"Plan Rows": 2089,"Plan Width": 8,"Actual Startup Time": 38.056,"Actual Total Time": 4931.797,"Actual Rows": 567,"Actual Loops": 1,"Inner Unique": true,"Hash Cond": "(lineitem.l_partkey = part.p_partkey)","Join Filter": "(lineitem.l_quantity < (SubPlan 1))","Rows Removed by Join Filter": 5581,"Plans": [{"Node Type": "Seq Scan","Parent Relationship": "Outer","Parallel Aware": false,"Async Capable": false,"Relation Name": "lineitem","Alias": "lineitem","Startup Cost": 0.00,"Total Cost": 172515.15,"Plan Rows": 6001215,"Plan Width": 17,"Actual Startup Time": 0.017,"Actual Total Time": 1013.928,"Actual Rows": 6001215,"Actual Loops": 1},{"Node Type": "Hash","Parent Relationship": "Inner","Parallel Aware": false,"Async Capable": false,"Startup Cost": 6367.88,"Total Cost": 6367.88,"Plan Rows": 209,"Plan Width": 4,"Actual Startup Time": 31.713,"Actual Total Time": 32.257,"Actual Rows": 207,"Actual Loops": 1,"Hash Buckets": 1024,"Original Hash Buckets": 1024,"Hash Batches": 1,"Original Hash Batches": 1,"Peak Memory Usage": 16,"Plans": [{"Node Type": "Gather","Parent Relationship": "Outer","Parallel Aware": false,"Async Capable": false,"Startup Cost": 1000.00,"Total Cost": 6367.88,"Plan Rows": 209,"Plan Width": 4,"Actual Startup Time": 0.906,"Actual Total Time": 32.188,"Actual Rows": 207,"Actual Loops": 1,"Workers Planned": 2,"Workers Launched": 2,"Single Copy": false,"Plans": [{"Node Type": "Seq Scan","Parent Relationship": "Outer","Parallel Aware": true,"Async Capable": false,"Relation Name": "part","Alias": "part","Startup Cost": 0.00,"Total Cost": 5347.00,"Plan Rows": 87,"Plan Width": 4,"Actual Startup Time": 0.827,"Actual Total Time": 25.988,"Actual Rows": 69,"Actual Loops": 3,"Filter": "((p_brand = 'Brand#45'::bpchar) AND (p_container = 'MED DRUM'::bpchar))","Rows Removed by Filter": 66598,"Workers": []}]}]},{"Node Type": "Aggregate","Strategy": "Plain","Partial Mode": "Simple","Parent Relationship": "SubPlan","Subplan Name": "SubPlan 1","Parallel Aware": false,"Async Capable": false,"Startup Cost": 127.60,"Total Cost": 127.61,"Plan Rows": 1,"Plan Width": 32,"Actual Startup Time": 0.147,"Actual Total Time": 0.147,"Actual Rows": 1,"Actual Loops": 6148,"Plans": [{"Node Type": "Bitmap Heap Scan","Parent Relationship": "Outer","Parallel Aware": false,"Async Capable": false,"Relation Name": "lineitem","Alias": "lineitem_1","Startup Cost": 4.67,"Total Cost": 127.52,"Plan Rows": 31,"Plan Width": 5,"Actual Startup Time": 0.015,"Actual Total Time": 0.140,"Actual Rows": 31,"Actual Loops": 6148,"Recheck Cond": "(l_partkey = part.p_partkey)","Rows Removed by Index Recheck": 0,"Exact Heap Blocks": 190090,"Lossy Heap Blocks": 0,"Plans": [{"Node Type": "Bitmap Index Scan","Parent Relationship": "Outer","Parallel Aware": false,"Async Capable": false,"Index Name": "idx_lineitem_part_supp","Startup Cost": 0.00,"Total Cost": 4.67,"Plan Rows": 31,"Plan Width": 0,"Actual Startup Time": 0.008,"Actual Total Time": 0.008,"Actual Rows": 31,"Actual Loops": 6148,"Index Cond": "(l_partkey = part.p_partkey)"}]}]}]}]},"Planning Time": 5.144,"Triggers": [],"Execution Time": 4932.297}]
[{"Plan": {"Node Type": "Aggregate","Strategy": "Plain","Partial Mode": "Simple","Parallel Aware": false,"Async Capable": false,"Startup Cost": 195919.60,"Total Cost": 195919.62,"Plan Rows": 1,"Plan Width": 32,"Actual Startup Time": 4856.700,"Actual Total Time": 4857.322,"Actual Rows": 1,"Actual Loops": 1,"Plans": [{"Node Type": "Hash Join","Parent Relationship": "Outer","Parallel Aware": false,"Async Capable": false,"Join Type": "Inner","Startup Cost": 6369.95,"Total Cost": 195914.50,"Plan Rows": 2040,"Plan Width": 8,"Actual Startup Time": 35.320,"Actual Total Time": 4856.827,"Actual Rows": 509,"Actual Loops": 1,"Inner Unique": true,"Hash Cond": "(lineitem.l_partkey = part.p_partkey)","Join Filter": "(lineitem.l_quantity < (SubPlan 1))","Rows Removed by Join Filter": 5508,"Plans": [{"Node Type": "Seq Scan","Parent Relationship": "Outer","Parallel Aware": false,"Async Capable": false,"Relation Name": "lineitem","Alias": "lineitem","Startup Cost": 0.00,"Total Cost": 172515.15,"Plan Rows": 6001215,"Plan Width": 17,"Actual Startup Time": 0.017,"Actual Total Time": 977.925,"Actual Rows": 6001215,"Actual Loops": 1},{"Node Type": "Hash","Parent Relationship": "Inner","Parallel Aware": false,"Async Capable": false,"Startup Cost": 6367.40,"Total Cost": 6367.40,"Plan Rows": 204,"Plan Width": 4,"Actual Startup Time": 32.107,"Actual Total Time": 32.702,"Actual Rows": 194,"Actual Loops": 1,"Hash Buckets": 1024,"Original Hash Buckets": 1024,"Hash Batches": 1,"Original Hash Batches": 1,"Peak Memory Usage": 15,"Plans": [{"Node Type": "Gather","Parent Relationship": "Outer","Parallel Aware": false,"Async Capable": false,"Startup Cost": 1000.00,"Total Cost": 6367.40,"Plan Rows": 204,"Plan Width": 4,"Actual Startup Time": 0.719,"Actual Total Time": 32.642,"Actual Rows": 194,"Actual Loops": 1,"Workers Planned": 2,"Workers Launched": 2,"Single Copy": false,"Plans": [{"Node Type": "Seq Scan","Parent Relationship": "Outer","Parallel Aware": true,"Async Capable": false,"Relation Name": "part","Alias": "part","Startup Cost": 0.00,"Total Cost": 5347.00,"Plan Rows": 85,"Plan Width": 4,"Actual Startup Time": 0.766,"Actual Total Time": 26.476,"Actual Rows": 65,"Actual Loops": 3,"Filter": "((p_brand = 'Brand#14'::bpchar) AND (p_container = 'MED CASE'::bpchar))","Rows Removed by Filter": 66602,"Workers": []}]}]},{"Node Type": "Aggregate","Strategy": "Plain","Partial Mode": "Simple","Parent Relationship": "SubPlan","Subplan Name": "SubPlan 1","Parallel Aware": false,"Async Capable": false,"Startup Cost": 127.60,"Total Cost": 127.61,"Plan Rows": 1,"Plan Width": 32,"Actual Startup Time": 0.123,"Actual Total Time": 0.123,"Actual Rows": 1,"Actual Loops": 6017,"Plans": [{"Node Type": "Bitmap Heap Scan","Parent Relationship": "Outer","Parallel Aware": false,"Async Capable": false,"Relation Name": "lineitem","Alias": "lineitem_1","Startup Cost": 4.67,"Total Cost": 127.52,"Plan Rows": 31,"Plan Width": 5,"Actual Startup Time": 0.013,"Actual Total Time": 0.115,"Actual Rows": 32,"Actual Loops": 6017,"Recheck Cond": "(l_partkey = part.p_partkey)","Rows Removed by Index Recheck": 0,"Exact Heap Blocks": 193140,"Lossy Heap Blocks": 0,"Plans": [{"Node Type": "Bitmap Index Scan","Parent Relationship": "Outer","Parallel Aware": false,"Async Capable": false,"Index Name": "idx_lineitem_part_supp","Startup Cost": 0.00,"Total Cost": 4.67,"Plan Rows": 31,"Plan Width": 0,"Actual Startup Time": 0.007,"Actual Total Time": 0.007,"Actual Rows": 32,"Actual Loops": 6017,"Index Cond": "(l_partkey = part.p_partkey)"}]}]}]}]},"Planning Time": 5.394,"Triggers": [],"Execution Time": 4857.641}]
[{"Plan": {"Node Type": "Aggregate","Strategy": "Plain","Partial Mode": "Simple","Parallel Aware": false,"Async Capable": false,"Startup Cost": 195920.73,"Total Cost": 195920.74,"Plan Rows": 1,"Plan Width": 32,"Actual Startup Time": 4935.560,"Actual Total Time": 4936.230,"Actual Rows": 1,"Actual Loops": 1,"Plans": [{"Node Type": "Hash Join","Parent Relationship": "Outer","Parallel Aware": false,"Async Capable": false,"Join Type": "Inner","Startup Cost": 6370.87,"Total Cost": 195915.42,"Plan Rows": 2122,"Plan Width": 8,"Actual Startup Time": 43.220,"Actual Total Time": 4935.801,"Actual Rows": 550,"Actual Loops": 1,"Inner Unique": true,"Hash Cond": "(lineitem.l_partkey = part.p_partkey)","Join Filter": "(lineitem.l_quantity < (SubPlan 1))","Rows Removed by Join Filter": 5768,"Plans": [{"Node Type": "Seq Scan","Parent Relationship": "Outer","Parallel Aware": false,"Async Capable": false,"Relation Name": "lineitem","Alias": "lineitem","Startup Cost": 0.00,"Total Cost": 172515.15,"Plan Rows": 6001215,"Plan Width": 17,"Actual Startup Time": 0.013,"Actual Total Time": 980.947,"Actual Rows": 6001215,"Actual Loops": 1},{"Node Type": "Hash","Parent Relationship": "Inner","Parallel Aware": false,"Async Capable": false,"Startup Cost": 6368.22,"Total Cost": 6368.22,"Plan Rows": 212,"Plan Width": 4,"Actual Startup Time": 32.613,"Actual Total Time": 33.240,"Actual Rows": 212,"Actual Loops": 1,"Hash Buckets": 1024,"Original Hash Buckets": 1024,"Hash Batches": 1,"Original Hash Batches": 1,"Peak Memory Usage": 16,"Plans": [{"Node Type": "Gather","Parent Relationship": "Outer","Parallel Aware": false,"Async Capable": false,"Startup Cost": 1000.00,"Total Cost": 6368.22,"Plan Rows": 212,"Plan Width": 4,"Actual Startup Time": 2.121,"Actual Total Time": 33.166,"Actual Rows": 212,"Actual Loops": 1,"Workers Planned": 2,"Workers Launched": 2,"Single Copy": false,"Plans": [{"Node Type": "Seq Scan","Parent Relationship": "Outer","Parallel Aware": true,"Async Capable": false,"Relation Name": "part","Alias": "part","Startup Cost": 0.00,"Total Cost": 5347.00,"Plan Rows": 88,"Plan Width": 4,"Actual Startup Time": 1.927,"Actual Total Time": 27.179,"Actual Rows": 71,"Actual Loops": 3,"Filter": "((p_brand = 'Brand#34'::bpchar) AND (p_container = 'SM BOX'::bpchar))","Rows Removed by Filter": 66596,"Workers": []}]}]},{"Node Type": "Aggregate","Strategy": "Plain","Partial Mode": "Simple","Parent Relationship": "SubPlan","Subplan Name": "SubPlan 1","Parallel Aware": false,"Async Capable": false,"Startup Cost": 127.60,"Total Cost": 127.61,"Plan Rows": 1,"Plan Width": 32,"Actual Startup Time": 0.124,"Actual Total Time": 0.124,"Actual Rows": 1,"Actual Loops": 6318,"Plans": [{"Node Type": "Bitmap Heap Scan","Parent Relationship": "Outer","Parallel Aware": false,"Async Capable": false,"Relation Name": "lineitem","Alias": "lineitem_1","Startup Cost": 4.67,"Total Cost": 127.52,"Plan Rows": 31,"Plan Width": 5,"Actual Startup Time": 0.013,"Actual Total Time": 0.117,"Actual Rows": 31,"Actual Loops": 6318,"Recheck Cond": "(l_partkey = part.p_partkey)","Rows Removed by Index Recheck": 0,"Exact Heap Blocks": 195073,"Lossy Heap Blocks": 0,"Plans": [{"Node Type": "Bitmap Index Scan","Parent Relationship": "Outer","Parallel Aware": false,"Async Capable": false,"Index Name": "idx_lineitem_part_supp","Startup Cost": 0.00,"Total Cost": 4.67,"Plan Rows": 31,"Plan Width": 0,"Actual Startup Time": 0.007,"Actual Total Time": 0.007,"Actual Rows": 31,"Actual Loops": 6318,"Index Cond": "(l_partkey = part.p_partkey)"}]}]}]}]},"Planning Time": 5.438,"Triggers": [],"Execution Time": 4936.607}]
[{"Plan": {"Node Type": "Aggregate","Strategy": "Plain","Partial Mode": "Simple","Parallel Aware": false,"Async Capable": false,"Startup Cost": 195921.19,"Total Cost": 195921.20,"Plan Rows": 1,"Plan Width": 32,"Actual Startup Time": 4809.855,"Actual Total Time": 4810.504,"Actual Rows": 1,"Actual Loops": 1,"Plans": [{"Node Type": "Hash Join","Parent Relationship": "Outer","Parallel Aware": false,"Async Capable": false,"Join Type": "Inner","Startup Cost": 6371.24,"Total Cost": 195915.80,"Plan Rows": 2155,"Plan Width": 8,"Actual Startup Time": 45.036,"Actual Total Time": 4810.059,"Actual Rows": 508,"Actual Loops": 1,"Inner Unique": true,"Hash Cond": "(lineitem.l_partkey = part.p_partkey)","Join Filter": "(lineitem.l_quantity < (SubPlan 1))","Rows Removed by Join Filter": 5269,"Plans": [{"Node Type": "Seq Scan","Parent Relationship": "Outer","Parallel Aware": false,"Async Capable": false,"Relation Name": "lineitem","Alias": "lineitem","Startup Cost": 0.00,"Total Cost": 172515.15,"Plan Rows": 6001215,"Plan Width": 17,"Actual Startup Time": 0.016,"Actual Total Time": 948.480,"Actual Rows": 6001215,"Actual Loops": 1},{"Node Type": "Hash","Parent Relationship": "Inner","Parallel Aware": false,"Async Capable": false,"Startup Cost": 6368.55,"Total Cost": 6368.55,"Plan Rows": 216,"Plan Width": 4,"Actual Startup Time": 30.930,"Actual Total Time": 31.532,"Actual Rows": 191,"Actual Loops": 1,"Hash Buckets": 1024,"Original Hash Buckets": 1024,"Hash Batches": 1,"Original Hash Batches": 1,"Peak Memory Usage": 15,"Plans": [{"Node Type": "Gather","Parent Relationship": "Outer","Parallel Aware": false,"Async Capable": false,"Startup Cost": 1000.00,"Total Cost": 6368.55,"Plan Rows": 216,"Plan Width": 4,"Actual Startup Time": 0.617,"Actual Total Time": 31.451,"Actual Rows": 191,"Actual Loops": 1,"Workers Planned": 2,"Workers Launched": 2,"Single Copy": false,"Plans": [{"Node Type": "Seq Scan","Parent Relationship": "Outer","Parallel Aware": true,"Async Capable": false,"Relation Name": "part","Alias": "part","Startup Cost": 0.00,"Total Cost": 5347.00,"Plan Rows": 90,"Plan Width": 4,"Actual Startup Time": 0.162,"Actual Total Time": 25.253,"Actual Rows": 64,"Actual Loops": 3,"Filter": "((p_brand = 'Brand#21'::bpchar) AND (p_container = 'JUMBO CAN'::bpchar))","Rows Removed by Filter": 66603,"Workers": []}]}]},{"Node Type": "Aggregate","Strategy": "Plain","Partial Mode": "Simple","Parent Relationship": "SubPlan","Subplan Name": "SubPlan 1","Parallel Aware": false,"Async Capable": false,"Startup Cost": 127.60,"Total Cost": 127.61,"Plan Rows": 1,"Plan Width": 32,"Actual Startup Time": 0.121,"Actual Total Time": 0.121,"Actual Rows": 1,"Actual Loops": 5777,"Plans": [{"Node Type": "Bitmap Heap Scan","Parent Relationship": "Outer","Parallel Aware": false,"Async Capable": false,"Relation Name": "lineitem","Alias": "lineitem_1","Startup Cost": 4.67,"Total Cost": 127.52,"Plan Rows": 31,"Plan Width": 5,"Actual Startup Time": 0.013,"Actual Total Time": 0.114,"Actual Rows": 31,"Actual Loops": 5777,"Recheck Cond": "(l_partkey = part.p_partkey)","Rows Removed by Index Recheck": 0,"Exact Heap Blocks": 181373,"Lossy Heap Blocks": 0,"Plans": [{"Node Type": "Bitmap Index Scan","Parent Relationship": "Outer","Parallel Aware": false,"Async Capable": false,"Index Name": "idx_lineitem_part_supp","Startup Cost": 0.00,"Total Cost": 4.67,"Plan Rows": 31,"Plan Width": 0,"Actual Startup Time": 0.007,"Actual Total Time": 0.007,"Actual Rows": 31,"Actual Loops": 5777,"Index Cond": "(l_partkey = part.p_partkey)"}]}]}]}]},"Planning Time": 4.321,"Triggers": [],"Execution Time": 4810.929}]
[{"Plan": {"Node Type": "Aggregate","Strategy": "Plain","Partial Mode": "Simple","Parallel Aware": false,"Async Capable": false,"Startup Cost": 195919.11,"Total Cost": 195919.12,"Plan Rows": 1,"Plan Width": 32,"Actual Startup Time": 4794.774,"Actual Total Time": 4795.333,"Actual Rows": 1,"Actual Loops": 1,"Plans": [{"Node Type": "Hash Join","Parent Relationship": "Outer","Parallel Aware": false,"Async Capable": false,"Join Type": "Inner","Startup Cost": 6369.54,"Total Cost": 195914.10,"Plan Rows": 2004,"Plan Width": 8,"Actual Startup Time": 53.172,"Actual Total Time": 4795.114,"Actual Rows": 476,"Actual Loops": 1,"Inner Unique": true,"Hash Cond": "(lineitem.l_partkey = part.p_partkey)","Join Filter": "(lineitem.l_quantity < (SubPlan 1))","Rows Removed by Join Filter": 4863,"Plans": [{"Node Type": "Seq Scan","Parent Relationship": "Outer","Parallel Aware": false,"Async Capable": false,"Relation Name": "lineitem","Alias": "lineitem","Startup Cost": 0.00,"Total Cost": 172515.15,"Plan Rows": 6001215,"Plan Width": 17,"Actual Startup Time": 0.010,"Actual Total Time": 1025.766,"Actual Rows": 6001215,"Actual Loops": 1},{"Node Type": "Hash","Parent Relationship": "Inner","Parallel Aware": false,"Async Capable": false,"Startup Cost": 6367.04,"Total Cost": 6367.04,"Plan Rows": 200,"Plan Width": 4,"Actual Startup Time": 29.603,"Actual Total Time": 30.148,"Actual Rows": 178,"Actual Loops": 1,"Hash Buckets": 1024,"Original Hash Buckets": 1024,"Hash Batches": 1,"Original Hash Batches": 1,"Peak Memory Usage": 15,"Plans": [{"Node Type": "Gather","Parent Relationship": "Outer","Parallel Aware": false,"Async Capable": false,"Startup Cost": 1000.00,"Total Cost": 6367.04,"Plan Rows": 200,"Plan Width": 4,"Actual Startup Time": 2.232,"Actual Total Time": 30.080,"Actual Rows": 178,"Actual Loops": 1,"Workers Planned": 2,"Workers Launched": 2,"Single Copy": false,"Plans": [{"Node Type": "Seq Scan","Parent Relationship": "Outer","Parallel Aware": true,"Async Capable": false,"Relation Name": "part","Alias": "part","Startup Cost": 0.00,"Total Cost": 5347.00,"Plan Rows": 83,"Plan Width": 4,"Actual Startup Time": 0.879,"Actual Total Time": 24.208,"Actual Rows": 59,"Actual Loops": 3,"Filter": "((p_brand = 'Brand#34'::bpchar) AND (p_container = 'JUMBO BAG'::bpchar))","Rows Removed by Filter": 66607,"Workers": []}]}]},{"Node Type": "Aggregate","Strategy": "Plain","Partial Mode": "Simple","Parent Relationship": "SubPlan","Subplan Name": "SubPlan 1","Parallel Aware": false,"Async Capable": false,"Startup Cost": 127.60,"Total Cost": 127.61,"Plan Rows": 1,"Plan Width": 32,"Actual Startup Time": 0.146,"Actual Total Time": 0.146,"Actual Rows": 1,"Actual Loops": 5339,"Plans": [{"Node Type": "Bitmap Heap Scan","Parent Relationship": "Outer","Parallel Aware": false,"Async Capable": false,"Relation Name": "lineitem","Alias": "lineitem_1","Startup Cost": 4.67,"Total Cost": 127.52,"Plan Rows": 31,"Plan Width": 5,"Actual Startup Time": 0.014,"Actual Total Time": 0.138,"Actual Rows": 31,"Actual Loops": 5339,"Recheck Cond": "(l_partkey = part.p_partkey)","Rows Removed by Index Recheck": 0,"Exact Heap Blocks": 166741,"Lossy Heap Blocks": 0,"Plans": [{"Node Type": "Bitmap Index Scan","Parent Relationship": "Outer","Parallel Aware": false,"Async Capable": false,"Index Name": "idx_lineitem_part_supp","Startup Cost": 0.00,"Total Cost": 4.67,"Plan Rows": 31,"Plan Width": 0,"Actual Startup Time": 0.008,"Actual Total Time": 0.008,"Actual Rows": 31,"Actual Loops": 5339,"Index Cond": "(l_partkey = part.p_partkey)"}]}]}]}]},"Planning Time": 4.995,"Triggers": [],"Execution Time": 4795.663}]
[{"Plan": {"Node Type": "Aggregate","Strategy": "Plain","Partial Mode": "Simple","Parallel Aware": false,"Async Capable": false,"Startup Cost": 195918.07,"Total Cost": 195918.08,"Plan Rows": 1,"Plan Width": 32,"Actual Startup Time": 4823.606,"Actual Total Time": 4824.157,"Actual Rows": 1,"Actual Loops": 1,"Plans": [{"Node Type": "Hash Join","Parent Relationship": "Outer","Parallel Aware": false,"Async Capable": false,"Join Type": "Inner","Startup Cost": 6368.69,"Total Cost": 195913.25,"Plan Rows": 1929,"Plan Width": 8,"Actual Startup Time": 51.553,"Actual Total Time": 4823.941,"Actual Rows": 461,"Actual Loops": 1,"Inner Unique": true,"Hash Cond": "(lineitem.l_partkey = part.p_partkey)","Join Filter": "(lineitem.l_quantity < (SubPlan 1))","Rows Removed by Join Filter": 4816,"Plans": [{"Node Type": "Seq Scan","Parent Relationship": "Outer","Parallel Aware": false,"Async Capable": false,"Relation Name": "lineitem","Alias": "lineitem","Startup Cost": 0.00,"Total Cost": 172515.15,"Plan Rows": 6001215,"Plan Width": 17,"Actual Startup Time": 0.021,"Actual Total Time": 1027.110,"Actual Rows": 6001215,"Actual Loops": 1},{"Node Type": "Hash","Parent Relationship": "Inner","Parallel Aware": false,"Async Capable": false,"Startup Cost": 6366.28,"Total Cost": 6366.28,"Plan Rows": 193,"Plan Width": 4,"Actual Startup Time": 32.438,"Actual Total Time": 32.967,"Actual Rows": 178,"Actual Loops": 1,"Hash Buckets": 1024,"Original Hash Buckets": 1024,"Hash Batches": 1,"Original Hash Batches": 1,"Peak Memory Usage": 15,"Plans": [{"Node Type": "Gather","Parent Relationship": "Outer","Parallel Aware": false,"Async Capable": false,"Startup Cost": 1000.00,"Total Cost": 6366.28,"Plan Rows": 193,"Plan Width": 4,"Actual Startup Time": 0.929,"Actual Total Time": 32.908,"Actual Rows": 178,"Actual Loops": 1,"Workers Planned": 2,"Workers Launched": 2,"Single Copy": false,"Plans": [{"Node Type": "Seq Scan","Parent Relationship": "Outer","Parallel Aware": true,"Async Capable": false,"Relation Name": "part","Alias": "part","Startup Cost": 0.00,"Total Cost": 5347.00,"Plan Rows": 80,"Plan Width": 4,"Actual Startup Time": 0.876,"Actual Total Time": 26.500,"Actual Rows": 59,"Actual Loops": 3,"Filter": "((p_brand = 'Brand#13'::bpchar) AND (p_container = 'LG PKG'::bpchar))","Rows Removed by Filter": 66607,"Workers": []}]}]},{"Node Type": "Aggregate","Strategy": "Plain","Partial Mode": "Simple","Parent Relationship": "SubPlan","Subplan Name": "SubPlan 1","Parallel Aware": false,"Async Capable": false,"Startup Cost": 127.60,"Total Cost": 127.61,"Plan Rows": 1,"Plan Width": 32,"Actual Startup Time": 0.147,"Actual Total Time": 0.147,"Actual Rows": 1,"Actual Loops": 5277,"Plans": [{"Node Type": "Bitmap Heap Scan","Parent Relationship": "Outer","Parallel Aware": false,"Async Capable": false,"Relation Name": "lineitem","Alias": "lineitem_1","Startup Cost": 4.67,"Total Cost": 127.52,"Plan Rows": 31,"Plan Width": 5,"Actual Startup Time": 0.015,"Actual Total Time": 0.139,"Actual Rows": 31,"Actual Loops": 5277,"Recheck Cond": "(l_partkey = part.p_partkey)","Rows Removed by Index Recheck": 0,"Exact Heap Blocks": 161417,"Lossy Heap Blocks": 0,"Plans": [{"Node Type": "Bitmap Index Scan","Parent Relationship": "Outer","Parallel Aware": false,"Async Capable": false,"Index Name": "idx_lineitem_part_supp","Startup Cost": 0.00,"Total Cost": 4.67,"Plan Rows": 31,"Plan Width": 0,"Actual Startup Time": 0.008,"Actual Total Time": 0.008,"Actual Rows": 31,"Actual Loops": 5277,"Index Cond": "(l_partkey = part.p_partkey)"}]}]}]}]},"Planning Time": 5.463,"Triggers": [],"Execution Time": 4824.517}]
[{"Plan": {"Node Type": "Aggregate","Strategy": "Plain","Partial Mode": "Simple","Parallel Aware": false,"Async Capable": false,"Startup Cost": 195920.68,"Total Cost": 195920.69,"Plan Rows": 1,"Plan Width": 32,"Actual Startup Time": 4889.466,"Actual Total Time": 4889.836,"Actual Rows": 1,"Actual Loops": 1,"Plans": [{"Node Type": "Hash Join","Parent Relationship": "Outer","Parallel Aware": false,"Async Capable": false,"Join Type": "Inner","Startup Cost": 6370.83,"Total Cost": 195915.38,"Plan Rows": 2118,"Plan Width": 8,"Actual Startup Time": 39.585,"Actual Total Time": 4889.648,"Actual Rows": 492,"Actual Loops": 1,"Inner Unique": true,"Hash Cond": "(lineitem.l_partkey = part.p_partkey)","Join Filter": "(lineitem.l_quantity < (SubPlan 1))","Rows Removed by Join Filter": 5467,"Plans": [{"Node Type": "Seq Scan","Parent Relationship": "Outer","Parallel Aware": false,"Async Capable": false,"Relation Name": "lineitem","Alias": "lineitem","Startup Cost": 0.00,"Total Cost": 172515.15,"Plan Rows": 6001215,"Plan Width": 17,"Actual Startup Time": 0.021,"Actual Total Time": 939.204,"Actual Rows": 6001215,"Actual Loops": 1},{"Node Type": "Hash","Parent Relationship": "Inner","Parallel Aware": false,"Async Capable": false,"Startup Cost": 6368.18,"Total Cost": 6368.18,"Plan Rows": 212,"Plan Width": 4,"Actual Startup Time": 30.675,"Actual Total Time": 31.026,"Actual Rows": 201,"Actual Loops": 1,"Hash Buckets": 1024,"Original Hash Buckets": 1024,"Hash Batches": 1,"Original Hash Batches": 1,"Peak Memory Usage": 16,"Plans": [{"Node Type": "Gather","Parent Relationship": "Outer","Parallel Aware": false,"Async Capable": false,"Startup Cost": 1000.00,"Total Cost": 6368.18,"Plan Rows": 212,"Plan Width": 4,"Actual Startup Time": 1.498,"Actual Total Time": 30.972,"Actual Rows": 201,"Actual Loops": 1,"Workers Planned": 2,"Workers Launched": 2,"Single Copy": false,"Plans": [{"Node Type": "Seq Scan","Parent Relationship": "Outer","Parallel Aware": true,"Async Capable": false,"Relation Name": "part","Alias": "part","Startup Cost": 0.00,"Total Cost": 5347.00,"Plan Rows": 88,"Plan Width": 4,"Actual Startup Time": 0.810,"Actual Total Time": 24.999,"Actual Rows": 67,"Actual Loops": 3,"Filter": "((p_brand = 'Brand#14'::bpchar) AND (p_container = 'SM BAG'::bpchar))","Rows Removed by Filter": 66600,"Workers": []}]}]},{"Node Type": "Aggregate","Strategy": "Plain","Partial Mode": "Simple","Parent Relationship": "SubPlan","Subplan Name": "SubPlan 1","Parallel Aware": false,"Async Capable": false,"Startup Cost": 127.60,"Total Cost": 127.61,"Plan Rows": 1,"Plan Width": 32,"Actual Startup Time": 0.124,"Actual Total Time": 0.125,"Actual Rows": 1,"Actual Loops": 5959,"Plans": [{"Node Type": "Bitmap Heap Scan","Parent Relationship": "Outer","Parallel Aware": false,"Async Capable": false,"Relation Name": "lineitem","Alias": "lineitem_1","Startup Cost": 4.67,"Total Cost": 127.52,"Plan Rows": 31,"Plan Width": 5,"Actual Startup Time": 0.013,"Actual Total Time": 0.117,"Actual Rows": 31,"Actual Loops": 5959,"Recheck Cond": "(l_partkey = part.p_partkey)","Rows Removed by Index Recheck": 0,"Exact Heap Blocks": 183073,"Lossy Heap Blocks": 0,"Plans": [{"Node Type": "Bitmap Index Scan","Parent Relationship": "Outer","Parallel Aware": false,"Async Capable": false,"Index Name": "idx_lineitem_part_supp","Startup Cost": 0.00,"Total Cost": 4.67,"Plan Rows": 31,"Plan Width": 0,"Actual Startup Time": 0.007,"Actual Total Time": 0.007,"Actual Rows": 31,"Actual Loops": 5959,"Index Cond": "(l_partkey = part.p_partkey)"}]}]}]}]},"Planning Time": 4.401,"Triggers": [],"Execution Time": 4890.104}]
[{"Plan": {"Node Type": "Aggregate","Strategy": "Plain","Partial Mode": "Simple","Parallel Aware": false,"Async Capable": false,"Startup Cost": 195917.44,"Total Cost": 195917.45,"Plan Rows": 1,"Plan Width": 32,"Actual Startup Time": 4896.952,"Actual Total Time": 4897.634,"Actual Rows": 1,"Actual Loops": 1,"Plans": [{"Node Type": "Hash Join","Parent Relationship": "Outer","Parallel Aware": false,"Async Capable": false,"Join Type": "Inner","Startup Cost": 6368.18,"Total Cost": 195912.73,"Plan Rows": 1883,"Plan Width": 8,"Actual Startup Time": 111.492,"Actual Total Time": 4897.464,"Actual Rows": 478,"Actual Loops": 1,"Inner Unique": true,"Hash Cond": "(lineitem.l_partkey = part.p_partkey)","Join Filter": "(lineitem.l_quantity < (SubPlan 1))","Rows Removed by Join Filter": 5140,"Plans": [{"Node Type": "Seq Scan","Parent Relationship": "Outer","Parallel Aware": false,"Async Capable": false,"Relation Name": "lineitem","Alias": "lineitem","Startup Cost": 0.00,"Total Cost": 172515.15,"Plan Rows": 6001215,"Plan Width": 17,"Actual Startup Time": 0.024,"Actual Total Time": 1029.991,"Actual Rows": 6001215,"Actual Loops": 1},{"Node Type": "Hash","Parent Relationship": "Inner","Parallel Aware": false,"Async Capable": false,"Startup Cost": 6365.82,"Total Cost": 6365.82,"Plan Rows": 188,"Plan Width": 4,"Actual Startup Time": 32.075,"Actual Total Time": 32.741,"Actual Rows": 187,"Actual Loops": 1,"Hash Buckets": 1024,"Original Hash Buckets": 1024,"Hash Batches": 1,"Original Hash Batches": 1,"Peak Memory Usage": 15,"Plans": [{"Node Type": "Gather","Parent Relationship": "Outer","Parallel Aware": false,"Async Capable": false,"Startup Cost": 1000.00,"Total Cost": 6365.82,"Plan Rows": 188,"Plan Width": 4,"Actual Startup Time": 2.604,"Actual Total Time": 32.697,"Actual Rows": 187,"Actual Loops": 1,"Workers Planned": 2,"Workers Launched": 2,"Single Copy": false,"Plans": [{"Node Type": "Seq Scan","Parent Relationship": "Outer","Parallel Aware": true,"Async Capable": false,"Relation Name": "part","Alias": "part","Startup Cost": 0.00,"Total Cost": 5347.00,"Plan Rows": 78,"Plan Width": 4,"Actual Startup Time": 0.953,"Actual Total Time": 26.118,"Actual Rows": 62,"Actual Loops": 3,"Filter": "((p_brand = 'Brand#43'::bpchar) AND (p_container = 'SM PKG'::bpchar))","Rows Removed by Filter": 66604,"Workers": []}]}]},{"Node Type": "Aggregate","Strategy": "Plain","Partial Mode": "Simple","Parent Relationship": "SubPlan","Subplan Name": "SubPlan 1","Parallel Aware": false,"Async Capable": false,"Startup Cost": 127.60,"Total Cost": 127.61,"Plan Rows": 1,"Plan Width": 32,"Actual Startup Time": 0.147,"Actual Total Time": 0.147,"Actual Rows": 1,"Actual Loops": 5618,"Plans": [{"Node Type": "Bitmap Heap Scan","Parent Relationship": "Outer","Parallel Aware": false,"Async Capable": false,"Relation Name": "lineitem","Alias": "lineitem_1","Startup Cost": 4.67,"Total Cost": 127.52,"Plan Rows": 31,"Plan Width": 5,"Actual Startup Time": 0.014,"Actual Total Time": 0.139,"Actual Rows": 31,"Actual Loops": 5618,"Recheck Cond": "(l_partkey = part.p_partkey)","Rows Removed by Index Recheck": 0,"Exact Heap Blocks": 173920,"Lossy Heap Blocks": 0,"Plans": [{"Node Type": "Bitmap Index Scan","Parent Relationship": "Outer","Parallel Aware": false,"Async Capable": false,"Index Name": "idx_lineitem_part_supp","Startup Cost": 0.00,"Total Cost": 4.67,"Plan Rows": 31,"Plan Width": 0,"Actual Startup Time": 0.008,"Actual Total Time": 0.008,"Actual Rows": 31,"Actual Loops": 5618,"Index Cond": "(l_partkey = part.p_partkey)"}]}]}]}]},"Planning Time": 5.751,"Triggers": [],"Execution Time": 4897.895}]
[{"Plan": {"Node Type": "Aggregate","Strategy": "Plain","Partial Mode": "Simple","Parallel Aware": false,"Async Capable": false,"Startup Cost": 195921.07,"Total Cost": 195921.08,"Plan Rows": 1,"Plan Width": 32,"Actual Startup Time": 5007.943,"Actual Total Time": 5008.525,"Actual Rows": 1,"Actual Loops": 1,"Plans": [{"Node Type": "Hash Join","Parent Relationship": "Outer","Parallel Aware": false,"Async Capable": false,"Join Type": "Inner","Startup Cost": 6371.15,"Total Cost": 195915.70,"Plan Rows": 2147,"Plan Width": 8,"Actual Startup Time": 41.748,"Actual Total Time": 5008.284,"Actual Rows": 587,"Actual Loops": 1,"Inner Unique": true,"Hash Cond": "(lineitem.l_partkey = part.p_partkey)","Join Filter": "(lineitem.l_quantity < (SubPlan 1))","Rows Removed by Join Filter": 5803,"Plans": [{"Node Type": "Seq Scan","Parent Relationship": "Outer","Parallel Aware": false,"Async Capable": false,"Relation Name": "lineitem","Alias": "lineitem","Startup Cost": 0.00,"Total Cost": 172515.15,"Plan Rows": 6001215,"Plan Width": 17,"Actual Startup Time": 0.017,"Actual Total Time": 1023.097,"Actual Rows": 6001215,"Actual Loops": 1},{"Node Type": "Hash","Parent Relationship": "Inner","Parallel Aware": false,"Async Capable": false,"Startup Cost": 6368.47,"Total Cost": 6368.47,"Plan Rows": 215,"Plan Width": 4,"Actual Startup Time": 29.217,"Actual Total Time": 29.786,"Actual Rows": 206,"Actual Loops": 1,"Hash Buckets": 1024,"Original Hash Buckets": 1024,"Hash Batches": 1,"Original Hash Batches": 1,"Peak Memory Usage": 16,"Plans": [{"Node Type": "Gather","Parent Relationship": "Outer","Parallel Aware": false,"Async Capable": false,"Startup Cost": 1000.00,"Total Cost": 6368.47,"Plan Rows": 215,"Plan Width": 4,"Actual Startup Time": 1.439,"Actual Total Time": 29.706,"Actual Rows": 206,"Actual Loops": 1,"Workers Planned": 2,"Workers Launched": 2,"Single Copy": false,"Plans": [{"Node Type": "Seq Scan","Parent Relationship": "Outer","Parallel Aware": true,"Async Capable": false,"Relation Name": "part","Alias": "part","Startup Cost": 0.00,"Total Cost": 5347.00,"Plan Rows": 89,"Plan Width": 4,"Actual Startup Time": 0.739,"Actual Total Time": 23.806,"Actual Rows": 69,"Actual Loops": 3,"Filter": "((p_brand = 'Brand#33'::bpchar) AND (p_container = 'WRAP JAR'::bpchar))","Rows Removed by Filter": 66598,"Workers": []}]}]},{"Node Type": "Aggregate","Strategy": "Plain","Partial Mode": "Simple","Parent Relationship": "SubPlan","Subplan Name": "SubPlan 1","Parallel Aware": false,"Async Capable": false,"Startup Cost": 127.60,"Total Cost": 127.61,"Plan Rows": 1,"Plan Width": 32,"Actual Startup Time": 0.149,"Actual Total Time": 0.149,"Actual Rows": 1,"Actual Loops": 6390,"Plans": [{"Node Type": "Bitmap Heap Scan","Parent Relationship": "Outer","Parallel Aware": false,"Async Capable": false,"Relation Name": "lineitem","Alias": "lineitem_1","Startup Cost": 4.67,"Total Cost": 127.52,"Plan Rows": 31,"Plan Width": 5,"Actual Startup Time": 0.014,"Actual Total Time": 0.141,"Actual Rows": 32,"Actual Loops": 6390,"Recheck Cond": "(l_partkey = part.p_partkey)","Rows Removed by Index Recheck": 0,"Exact Heap Blocks": 203598,"Lossy Heap Blocks": 0,"Plans": [{"Node Type": "Bitmap Index Scan","Parent Relationship": "Outer","Parallel Aware": false,"Async Capable": false,"Index Name": "idx_lineitem_part_supp","Startup Cost": 0.00,"Total Cost": 4.67,"Plan Rows": 31,"Plan Width": 0,"Actual Startup Time": 0.008,"Actual Total Time": 0.008,"Actual Rows": 32,"Actual Loops": 6390,"Index Cond": "(l_partkey = part.p_partkey)"}]}]}]}]},"Planning Time": 5.952,"Triggers": [],"Execution Time": 5008.738}]
[{"Plan": {"Node Type": "Aggregate","Strategy": "Plain","Partial Mode": "Simple","Parallel Aware": false,"Async Capable": false,"Startup Cost": 195918.98,"Total Cost": 195918.99,"Plan Rows": 1,"Plan Width": 32,"Actual Startup Time": 4924.451,"Actual Total Time": 4925.120,"Actual Rows": 1,"Actual Loops": 1,"Plans": [{"Node Type": "Hash Join","Parent Relationship": "Outer","Parallel Aware": false,"Async Capable": false,"Join Type": "Inner","Startup Cost": 6369.44,"Total Cost": 195913.99,"Plan Rows": 1995,"Plan Width": 8,"Actual Startup Time": 36.441,"Actual Total Time": 4924.671,"Actual Rows": 585,"Actual Loops": 1,"Inner Unique": true,"Hash Cond": "(lineitem.l_partkey = part.p_partkey)","Join Filter": "(lineitem.l_quantity < (SubPlan 1))","Rows Removed by Join Filter": 5900,"Plans": [{"Node Type": "Seq Scan","Parent Relationship": "Outer","Parallel Aware": false,"Async Capable": false,"Relation Name": "lineitem","Alias": "lineitem","Startup Cost": 0.00,"Total Cost": 172515.15,"Plan Rows": 6001215,"Plan Width": 17,"Actual Startup Time": 0.020,"Actual Total Time": 975.843,"Actual Rows": 6001215,"Actual Loops": 1},{"Node Type": "Hash","Parent Relationship": "Inner","Parallel Aware": false,"Async Capable": false,"Startup Cost": 6366.94,"Total Cost": 6366.94,"Plan Rows": 199,"Plan Width": 4,"Actual Startup Time": 30.685,"Actual Total Time": 31.327,"Actual Rows": 217,"Actual Loops": 1,"Hash Buckets": 1024,"Original Hash Buckets": 1024,"Hash Batches": 1,"Original Hash Batches": 1,"Peak Memory Usage": 16,"Plans": [{"Node Type": "Gather","Parent Relationship": "Outer","Parallel Aware": false,"Async Capable": false,"Startup Cost": 1000.00,"Total Cost": 6366.94,"Plan Rows": 199,"Plan Width": 4,"Actual Startup Time": 2.598,"Actual Total Time": 31.245,"Actual Rows": 217,"Actual Loops": 1,"Workers Planned": 2,"Workers Launched": 2,"Single Copy": false,"Plans": [{"Node Type": "Seq Scan","Parent Relationship": "Outer","Parallel Aware": true,"Async Capable": false,"Relation Name": "part","Alias": "part","Startup Cost": 0.00,"Total Cost": 5347.00,"Plan Rows": 83,"Plan Width": 4,"Actual Startup Time": 1.286,"Actual Total Time": 24.980,"Actual Rows": 72,"Actual Loops": 3,"Filter": "((p_brand = 'Brand#23'::bpchar) AND (p_container = 'SM CAN'::bpchar))","Rows Removed by Filter": 66594,"Workers": []}]}]},{"Node Type": "Aggregate","Strategy": "Plain","Partial Mode": "Simple","Parent Relationship": "SubPlan","Subplan Name": "SubPlan 1","Parallel Aware": false,"Async Capable": false,"Startup Cost": 127.60,"Total Cost": 127.61,"Plan Rows": 1,"Plan Width": 32,"Actual Startup Time": 0.122,"Actual Total Time": 0.122,"Actual Rows": 1,"Actual Loops": 6485,"Plans": [{"Node Type": "Bitmap Heap Scan","Parent Relationship": "Outer","Parallel Aware": false,"Async Capable": false,"Relation Name": "lineitem","Alias": "lineitem_1","Startup Cost": 4.67,"Total Cost": 127.52,"Plan Rows": 31,"Plan Width": 5,"Actual Startup Time": 0.013,"Actual Total Time": 0.115,"Actual Rows": 31,"Actual Loops": 6485,"Recheck Cond": "(l_partkey = part.p_partkey)","Rows Removed by Index Recheck": 0,"Exact Heap Blocks": 201193,"Lossy Heap Blocks": 0,"Plans": [{"Node Type": "Bitmap Index Scan","Parent Relationship": "Outer","Parallel Aware": false,"Async Capable": false,"Index Name": "idx_lineitem_part_supp","Startup Cost": 0.00,"Total Cost": 4.67,"Plan Rows": 31,"Plan Width": 0,"Actual Startup Time": 0.007,"Actual Total Time": 0.007,"Actual Rows": 31,"Actual Loops": 6485,"Index Cond": "(l_partkey = part.p_partkey)"}]}]}]}]},"Planning Time": 4.632,"Triggers": [],"Execution Time": 4925.490}]
[{"Plan": {"Node Type": "Aggregate","Strategy": "Plain","Partial Mode": "Simple","Parallel Aware": false,"Async Capable": false,"Startup Cost": 195917.44,"Total Cost": 195917.45,"Plan Rows": 1,"Plan Width": 32,"Actual Startup Time": 4896.952,"Actual Total Time": 4897.634,"Actual Rows": 1,"Actual Loops": 1,"Plans": [{"Node Type": "Hash Join","Parent Relationship": "Outer","Parallel Aware": false,"Async Capable": false,"Join Type": "Inner","Startup Cost": 6368.18,"Total Cost": 195912.73,"Plan Rows": 1883,"Plan Width": 8,"Actual Startup Time": 111.492,"Actual Total Time": 4897.464,"Actual Rows": 478,"Actual Loops": 1,"Inner Unique": true,"Hash Cond": "(lineitem.l_partkey = part.p_partkey)","Join Filter": "(lineitem.l_quantity < (SubPlan 1))","Rows Removed by Join Filter": 5140,"Plans": [{"Node Type": "Seq Scan","Parent Relationship": "Outer","Parallel Aware": false,"Async Capable": false,"Relation Name": "lineitem","Alias": "lineitem","Startup Cost": 0.00,"Total Cost": 172515.15,"Plan Rows": 6001215,"Plan Width": 17,"Actual Startup Time": 0.024,"Actual Total Time": 1029.991,"Actual Rows": 6001215,"Actual Loops": 1},{"Node Type": "Hash","Parent Relationship": "Inner","Parallel Aware": false,"Async Capable": false,"Startup Cost": 6365.82,"Total Cost": 6365.82,"Plan Rows": 188,"Plan Width": 4,"Actual Startup Time": 32.075,"Actual Total Time": 32.741,"Actual Rows": 187,"Actual Loops": 1,"Hash Buckets": 1024,"Original Hash Buckets": 1024,"Hash Batches": 1,"Original Hash Batches": 1,"Peak Memory Usage": 15,"Plans": [{"Node Type": "Gather","Parent Relationship": "Outer","Parallel Aware": false,"Async Capable": false,"Startup Cost": 1000.00,"Total Cost": 6365.82,"Plan Rows": 188,"Plan Width": 4,"Actual Startup Time": 2.604,"Actual Total Time": 32.697,"Actual Rows": 187,"Actual Loops": 1,"Workers Planned": 2,"Workers Launched": 2,"Single Copy": false,"Plans": [{"Node Type": "Seq Scan","Parent Relationship": "Outer","Parallel Aware": true,"Async Capable": false,"Relation Name": "part","Alias": "part","Startup Cost": 0.00,"Total Cost": 5347.00,"Plan Rows": 78,"Plan Width": 4,"Actual Startup Time": 0.953,"Actual Total Time": 26.118,"Actual Rows": 62,"Actual Loops": 3,"Filter": "((p_brand = 'Brand#43'::bpchar) AND (p_container = 'SM PKG'::bpchar))","Rows Removed by Filter": 66604,"Workers": []}]}]},{"Node Type": "Aggregate","Strategy": "Plain","Partial Mode": "Simple","Parent Relationship": "SubPlan","Subplan Name": "SubPlan 1","Parallel Aware": false,"Async Capable": false,"Startup Cost": 127.60,"Total Cost": 127.61,"Plan Rows": 1,"Plan Width": 32,"Actual Startup Time": 0.147,"Actual Total Time": 0.147,"Actual Rows": 1,"Actual Loops": 5618,"Plans": [{"Node Type": "Bitmap Heap Scan","Parent Relationship": "Outer","Parallel Aware": false,"Async Capable": false,"Relation Name": "lineitem","Alias": "lineitem_1","Startup Cost": 4.67,"Total Cost": 127.52,"Plan Rows": 31,"Plan Width": 5,"Actual Startup Time": 0.014,"Actual Total Time": 0.139,"Actual Rows": 31,"Actual Loops": 5618,"Recheck Cond": "(l_partkey = part.p_partkey)","Rows Removed by Index Recheck": 0,"Exact Heap Blocks": 173920,"Lossy Heap Blocks": 0,"Plans": [{"Node Type": "Bitmap Index Scan","Parent Relationship": "Outer","Parallel Aware": false,"Async Capable": false,"Index Name": "idx_lineitem_part_supp","Startup Cost": 0.00,"Total Cost": 4.67,"Plan Rows": 31,"Plan Width": 0,"Actual Startup Time": 0.008,"Actual Total Time": 0.008,"Actual Rows": 31,"Actual Loops": 5618,"Index Cond": "(l_partkey = part.p_partkey)"}]}]}]}]},"Planning Time": 5.751,"Triggers": [],"Execution Time": 4897.895}]
[{"Plan": {"Node Type": "Aggregate","Strategy": "Plain","Partial Mode": "Simple","Parallel Aware": false,"Async Capable": false,"Startup Cost": 195921.77,"Total Cost": 195921.79,"Plan Rows": 1,"Plan Width": 32,"Actual Startup Time": 4930.867,"Actual Total Time": 4931.541,"Actual Rows": 1,"Actual Loops": 1,"Plans": [{"Node Type": "Hash Join","Parent Relationship": "Outer","Parallel Aware": false,"Async Capable": false,"Join Type": "Inner","Startup Cost": 6371.72,"Total Cost": 195916.28,"Plan Rows": 2198,"Plan Width": 8,"Actual Startup Time": 36.447,"Actual Total Time": 4931.189,"Actual Rows": 530,"Actual Loops": 1,"Inner Unique": true,"Hash Cond": "(lineitem.l_partkey = part.p_partkey)","Join Filter": "(lineitem.l_quantity < (SubPlan 1))","Rows Removed by Join Filter": 5153,"Plans": [{"Node Type": "Seq Scan","Parent Relationship": "Outer","Parallel Aware": false,"Async Capable": false,"Relation Name": "lineitem","Alias": "lineitem","Startup Cost": 0.00,"Total Cost": 172515.15,"Plan Rows": 6001215,"Plan Width": 17,"Actual Startup Time": 0.027,"Actual Total Time": 999.282,"Actual Rows": 6001215,"Actual Loops": 1},{"Node Type": "Hash","Parent Relationship": "Inner","Parallel Aware": false,"Async Capable": false,"Startup Cost": 6368.98,"Total Cost": 6368.98,"Plan Rows": 220,"Plan Width": 4,"Actual Startup Time": 33.633,"Actual Total Time": 34.269,"Actual Rows": 188,"Actual Loops": 1,"Hash Buckets": 1024,"Original Hash Buckets": 1024,"Hash Batches": 1,"Original Hash Batches": 1,"Peak Memory Usage": 15,"Plans": [{"Node Type": "Gather","Parent Relationship": "Outer","Parallel Aware": false,"Async Capable": false,"Startup Cost": 1000.00,"Total Cost": 6368.98,"Plan Rows": 220,"Plan Width": 4,"Actual Startup Time": 1.106,"Actual Total Time": 34.217,"Actual Rows": 188,"Actual Loops": 1,"Workers Planned": 2,"Workers Launched": 2,"Single Copy": false,"Plans": [{"Node Type": "Seq Scan","Parent Relationship": "Outer","Parallel Aware": true,"Async Capable": false,"Relation Name": "part","Alias": "part","Startup Cost": 0.00,"Total Cost": 5347.00,"Plan Rows": 92,"Plan Width": 4,"Actual Startup Time": 1.624,"Actual Total Time": 27.750,"Actual Rows": 63,"Actual Loops": 3,"Filter": "((p_brand = 'Brand#33'::bpchar) AND (p_container = 'SM CAN'::bpchar))","Rows Removed by Filter": 66604,"Workers": []}]}]},{"Node Type": "Aggregate","Strategy": "Plain","Partial Mode": "Simple","Parent Relationship": "SubPlan","Subplan Name": "SubPlan 1","Parallel Aware": false,"Async Capable": false,"Startup Cost": 127.60,"Total Cost": 127.61,"Plan Rows": 1,"Plan Width": 32,"Actual Startup Time": 0.144,"Actual Total Time": 0.144,"Actual Rows": 1,"Actual Loops": 5683,"Plans": [{"Node Type": "Bitmap Heap Scan","Parent Relationship": "Outer","Parallel Aware": false,"Async Capable": false,"Relation Name": "lineitem","Alias": "lineitem_1","Startup Cost": 4.67,"Total Cost": 127.52,"Plan Rows": 31,"Plan Width": 5,"Actual Startup Time": 0.014,"Actual Total Time": 0.136,"Actual Rows": 31,"Actual Loops": 5683,"Recheck Cond": "(l_partkey = part.p_partkey)","Rows Removed by Index Recheck": 0,"Exact Heap Blocks": 178061,"Lossy Heap Blocks": 0,"Plans": [{"Node Type": "Bitmap Index Scan","Parent Relationship": "Outer","Parallel Aware": false,"Async Capable": false,"Index Name": "idx_lineitem_part_supp","Startup Cost": 0.00,"Total Cost": 4.67,"Plan Rows": 31,"Plan Width": 0,"Actual Startup Time": 0.008,"Actual Total Time": 0.008,"Actual Rows": 31,"Actual Loops": 5683,"Index Cond": "(l_partkey = part.p_partkey)"}]}]}]}]},"Planning Time": 6.022,"Triggers": [],"Execution Time": 4932.067}]
[{"Plan": {"Node Type": "Aggregate","Strategy": "Plain","Partial Mode": "Simple","Parallel Aware": false,"Async Capable": false,"Startup Cost": 195918.15,"Total Cost": 195918.16,"Plan Rows": 1,"Plan Width": 32,"Actual Startup Time": 4993.058,"Actual Total Time": 4993.522,"Actual Rows": 1,"Actual Loops": 1,"Plans": [{"Node Type": "Hash Join","Parent Relationship": "Outer","Parallel Aware": false,"Async Capable": false,"Join Type": "Inner","Startup Cost": 6368.76,"Total Cost": 195913.31,"Plan Rows": 1934,"Plan Width": 8,"Actual Startup Time": 56.261,"Actual Total Time": 4993.290,"Actual Rows": 558,"Actual Loops": 1,"Inner Unique": true,"Hash Cond": "(lineitem.l_partkey = part.p_partkey)","Join Filter": "(lineitem.l_quantity < (SubPlan 1))","Rows Removed by Join Filter": 6062,"Plans": [{"Node Type": "Seq Scan","Parent Relationship": "Outer","Parallel Aware": false,"Async Capable": false,"Relation Name": "lineitem","Alias": "lineitem","Startup Cost": 0.00,"Total Cost": 172515.15,"Plan Rows": 6001215,"Plan Width": 17,"Actual Startup Time": 0.023,"Actual Total Time": 1027.403,"Actual Rows": 6001215,"Actual Loops": 1},{"Node Type": "Hash","Parent Relationship": "Inner","Parallel Aware": false,"Async Capable": false,"Startup Cost": 6366.34,"Total Cost": 6366.34,"Plan Rows": 193,"Plan Width": 4,"Actual Startup Time": 32.651,"Actual Total Time": 33.099,"Actual Rows": 215,"Actual Loops": 1,"Hash Buckets": 1024,"Original Hash Buckets": 1024,"Hash Batches": 1,"Original Hash Batches": 1,"Peak Memory Usage": 16,"Plans": [{"Node Type": "Gather","Parent Relationship": "Outer","Parallel Aware": false,"Async Capable": false,"Startup Cost": 1000.00,"Total Cost": 6366.34,"Plan Rows": 193,"Plan Width": 4,"Actual Startup Time": 0.950,"Actual Total Time": 33.008,"Actual Rows": 215,"Actual Loops": 1,"Workers Planned": 2,"Workers Launched": 2,"Single Copy": false,"Plans": [{"Node Type": "Seq Scan","Parent Relationship": "Outer","Parallel Aware": true,"Async Capable": false,"Relation Name": "part","Alias": "part","Startup Cost": 0.00,"Total Cost": 5347.00,"Plan Rows": 81,"Plan Width": 4,"Actual Startup Time": 1.427,"Actual Total Time": 26.357,"Actual Rows": 72,"Actual Loops": 3,"Filter": "((p_brand = 'Brand#35'::bpchar) AND (p_container = 'SM PKG'::bpchar))","Rows Removed by Filter": 66595,"Workers": []}]}]},{"Node Type": "Aggregate","Strategy": "Plain","Partial Mode": "Simple","Parent Relationship": "SubPlan","Subplan Name": "SubPlan 1","Parallel Aware": false,"Async Capable": false,"Startup Cost": 127.60,"Total Cost": 127.61,"Plan Rows": 1,"Plan Width": 32,"Actual Startup Time": 0.132,"Actual Total Time": 0.132,"Actual Rows": 1,"Actual Loops": 6620,"Plans": [{"Node Type": "Bitmap Heap Scan","Parent Relationship": "Outer","Parallel Aware": false,"Async Capable": false,"Relation Name": "lineitem","Alias": "lineitem_1","Startup Cost": 4.67,"Total Cost": 127.52,"Plan Rows": 31,"Plan Width": 5,"Actual Startup Time": 0.014,"Actual Total Time": 0.125,"Actual Rows": 32,"Actual Loops": 6620,"Recheck Cond": "(l_partkey = part.p_partkey)","Rows Removed by Index Recheck": 0,"Exact Heap Blocks": 210364,"Lossy Heap Blocks": 0,"Plans": [{"Node Type": "Bitmap Index Scan","Parent Relationship": "Outer","Parallel Aware": false,"Async Capable": false,"Index Name": "idx_lineitem_part_supp","Startup Cost": 0.00,"Total Cost": 4.67,"Plan Rows": 31,"Plan Width": 0,"Actual Startup Time": 0.008,"Actual Total Time": 0.008,"Actual Rows": 32,"Actual Loops": 6620,"Index Cond": "(l_partkey = part.p_partkey)"}]}]}]}]},"Planning Time": 5.362,"Triggers": [],"Execution Time": 4993.872}]
[{"Plan": {"Node Type": "Aggregate","Strategy": "Plain","Partial Mode": "Simple","Parallel Aware": false,"Async Capable": false,"Startup Cost": 195916.31,"Total Cost": 195916.32,"Plan Rows": 1,"Plan Width": 32,"Actual Startup Time": 4745.482,"Actual Total Time": 4745.879,"Actual Rows": 1,"Actual Loops": 1,"Plans": [{"Node Type": "Hash Join","Parent Relationship": "Outer","Parallel Aware": false,"Async Capable": false,"Join Type": "Inner","Startup Cost": 6367.25,"Total Cost": 195911.81,"Plan Rows": 1801,"Plan Width": 8,"Actual Startup Time": 40.141,"Actual Total Time": 4745.663,"Actual Rows": 454,"Actual Loops": 1,"Inner Unique": true,"Hash Cond": "(lineitem.l_partkey = part.p_partkey)","Join Filter": "(lineitem.l_quantity < (SubPlan 1))","Rows Removed by Join Filter": 4440,"Plans": [{"Node Type": "Seq Scan","Parent Relationship": "Outer","Parallel Aware": false,"Async Capable": false,"Relation Name": "lineitem","Alias": "lineitem","Startup Cost": 0.00,"Total Cost": 172515.15,"Plan Rows": 6001215,"Plan Width": 17,"Actual Startup Time": 0.016,"Actual Total Time": 938.489,"Actual Rows": 6001215,"Actual Loops": 1},{"Node Type": "Hash","Parent Relationship": "Inner","Parallel Aware": false,"Async Capable": false,"Startup Cost": 6365.00,"Total Cost": 6365.00,"Plan Rows": 180,"Plan Width": 4,"Actual Startup Time": 32.093,"Actual Total Time": 32.470,"Actual Rows": 169,"Actual Loops": 1,"Hash Buckets": 1024,"Original Hash Buckets": 1024,"Hash Batches": 1,"Original Hash Batches": 1,"Peak Memory Usage": 14,"Plans": [{"Node Type": "Gather","Parent Relationship": "Outer","Parallel Aware": false,"Async Capable": false,"Startup Cost": 1000.00,"Total Cost": 6365.00,"Plan Rows": 180,"Plan Width": 4,"Actual Startup Time": 1.256,"Actual Total Time": 32.423,"Actual Rows": 169,"Actual Loops": 1,"Workers Planned": 2,"Workers Launched": 2,"Single Copy": false,"Plans": [{"Node Type": "Seq Scan","Parent Relationship": "Outer","Parallel Aware": true,"Async Capable": false,"Relation Name": "part","Alias": "part","Startup Cost": 0.00,"Total Cost": 5347.00,"Plan Rows": 75,"Plan Width": 4,"Actual Startup Time": 0.768,"Actual Total Time": 26.435,"Actual Rows": 56,"Actual Loops": 3,"Filter": "((p_brand = 'Brand#35'::bpchar) AND (p_container = 'WRAP PACK'::bpchar))","Rows Removed by Filter": 66610,"Workers": []}]}]},{"Node Type": "Aggregate","Strategy": "Plain","Partial Mode": "Simple","Parent Relationship": "SubPlan","Subplan Name": "SubPlan 1","Parallel Aware": false,"Async Capable": false,"Startup Cost": 127.60,"Total Cost": 127.61,"Plan Rows": 1,"Plan Width": 32,"Actual Startup Time": 0.113,"Actual Total Time": 0.113,"Actual Rows": 1,"Actual Loops": 4894,"Plans": [{"Node Type": "Bitmap Heap Scan","Parent Relationship": "Outer","Parallel Aware": false,"Async Capable": false,"Relation Name": "lineitem","Alias": "lineitem_1","Startup Cost": 4.67,"Total Cost": 127.52,"Plan Rows": 31,"Plan Width": 5,"Actual Startup Time": 0.013,"Actual Total Time": 0.106,"Actual Rows": 30,"Actual Loops": 4894,"Recheck Cond": "(l_partkey = part.p_partkey)","Rows Removed by Index Recheck": 0,"Exact Heap Blocks": 146715,"Lossy Heap Blocks": 0,"Plans": [{"Node Type": "Bitmap Index Scan","Parent Relationship": "Outer","Parallel Aware": false,"Async Capable": false,"Index Name": "idx_lineitem_part_supp","Startup Cost": 0.00,"Total Cost": 4.67,"Plan Rows": 31,"Plan Width": 0,"Actual Startup Time": 0.007,"Actual Total Time": 0.007,"Actual Rows": 30,"Actual Loops": 4894,"Index Cond": "(l_partkey = part.p_partkey)"}]}]}]}]},"Planning Time": 5.428,"Triggers": [],"Execution Time": 4746.100}]
[{"Plan": {"Node Type": "Aggregate","Strategy": "Plain","Partial Mode": "Simple","Parallel Aware": false,"Async Capable": false,"Startup Cost": 195922.32,"Total Cost": 195922.33,"Plan Rows": 1,"Plan Width": 32,"Actual Startup Time": 4801.348,"Actual Total Time": 4802.096,"Actual Rows": 1,"Actual Loops": 1,"Plans": [{"Node Type": "Hash Join","Parent Relationship": "Outer","Parallel Aware": false,"Async Capable": false,"Join Type": "Inner","Startup Cost": 6372.17,"Total Cost": 195916.72,"Plan Rows": 2238,"Plan Width": 8,"Actual Startup Time": 36.327,"Actual Total Time": 4801.679,"Actual Rows": 508,"Actual Loops": 1,"Inner Unique": true,"Hash Cond": "(lineitem.l_partkey = part.p_partkey)","Join Filter": "(lineitem.l_quantity < (SubPlan 1))","Rows Removed by Join Filter": 5307,"Plans": [{"Node Type": "Seq Scan","Parent Relationship": "Outer","Parallel Aware": false,"Async Capable": false,"Relation Name": "lineitem","Alias": "lineitem","Startup Cost": 0.00,"Total Cost": 172515.15,"Plan Rows": 6001215,"Plan Width": 17,"Actual Startup Time": 0.014,"Actual Total Time": 967.394,"Actual Rows": 6001215,"Actual Loops": 1},{"Node Type": "Hash","Parent Relationship": "Inner","Parallel Aware": false,"Async Capable": false,"Startup Cost": 6369.37,"Total Cost": 6369.37,"Plan Rows": 224,"Plan Width": 4,"Actual Startup Time": 31.435,"Actual Total Time": 32.149,"Actual Rows": 197,"Actual Loops": 1,"Hash Buckets": 1024,"Original Hash Buckets": 1024,"Hash Batches": 1,"Original Hash Batches": 1,"Peak Memory Usage": 15,"Plans": [{"Node Type": "Gather","Parent Relationship": "Outer","Parallel Aware": false,"Async Capable": false,"Startup Cost": 1000.00,"Total Cost": 6369.37,"Plan Rows": 224,"Plan Width": 4,"Actual Startup Time": 1.045,"Actual Total Time": 32.075,"Actual Rows": 197,"Actual Loops": 1,"Workers Planned": 2,"Workers Launched": 2,"Single Copy": false,"Plans": [{"Node Type": "Seq Scan","Parent Relationship": "Outer","Parallel Aware": true,"Async Capable": false,"Relation Name": "part","Alias": "part","Startup Cost": 0.00,"Total Cost": 5347.00,"Plan Rows": 93,"Plan Width": 4,"Actual Startup Time": 0.862,"Actual Total Time": 26.041,"Actual Rows": 66,"Actual Loops": 3,"Filter": "((p_brand = 'Brand#33'::bpchar) AND (p_container = 'LG BOX'::bpchar))","Rows Removed by Filter": 66601,"Workers": []}]}]},{"Node Type": "Aggregate","Strategy": "Plain","Partial Mode": "Simple","Parent Relationship": "SubPlan","Subplan Name": "SubPlan 1","Parallel Aware": false,"Async Capable": false,"Startup Cost": 127.60,"Total Cost": 127.61,"Plan Rows": 1,"Plan Width": 32,"Actual Startup Time": 0.125,"Actual Total Time": 0.125,"Actual Rows": 1,"Actual Loops": 5815,"Plans": [{"Node Type": "Bitmap Heap Scan","Parent Relationship": "Outer","Parallel Aware": false,"Async Capable": false,"Relation Name": "lineitem","Alias": "lineitem_1","Startup Cost": 4.67,"Total Cost": 127.52,"Plan Rows": 31,"Plan Width": 5,"Actual Startup Time": 0.013,"Actual Total Time": 0.118,"Actual Rows": 31,"Actual Loops": 5815,"Recheck Cond": "(l_partkey = part.p_partkey)","Rows Removed by Index Recheck": 0,"Exact Heap Blocks": 177842,"Lossy Heap Blocks": 0,"Plans": [{"Node Type": "Bitmap Index Scan","Parent Relationship": "Outer","Parallel Aware": false,"Async Capable": false,"Index Name": "idx_lineitem_part_supp","Startup Cost": 0.00,"Total Cost": 4.67,"Plan Rows": 31,"Plan Width": 0,"Actual Startup Time": 0.007,"Actual Total Time": 0.007,"Actual Rows": 31,"Actual Loops": 5815,"Index Cond": "(l_partkey = part.p_partkey)"}]}]}]}]},"Planning Time": 4.798,"Triggers": [],"Execution Time": 4802.420}]
[{"Plan": {"Node Type": "Aggregate","Strategy": "Plain","Partial Mode": "Simple","Parallel Aware": false,"Async Capable": false,"Startup Cost": 195918.77,"Total Cost": 195918.79,"Plan Rows": 1,"Plan Width": 32,"Actual Startup Time": 4988.035,"Actual Total Time": 4988.845,"Actual Rows": 1,"Actual Loops": 1,"Plans": [{"Node Type": "Hash Join","Parent Relationship": "Outer","Parallel Aware": false,"Async Capable": false,"Join Type": "Inner","Startup Cost": 6369.27,"Total Cost": 195913.82,"Plan Rows": 1980,"Plan Width": 8,"Actual Startup Time": 55.904,"Actual Total Time": 4988.376,"Actual Rows": 538,"Actual Loops": 1,"Inner Unique": true,"Hash Cond": "(lineitem.l_partkey = part.p_partkey)","Join Filter": "(lineitem.l_quantity < (SubPlan 1))","Rows Removed by Join Filter": 5397,"Plans": [{"Node Type": "Seq Scan","Parent Relationship": "Outer","Parallel Aware": false,"Async Capable": false,"Relation Name": "lineitem","Alias": "lineitem","Startup Cost": 0.00,"Total Cost": 172515.15,"Plan Rows": 6001215,"Plan Width": 17,"Actual Startup Time": 0.018,"Actual Total Time": 1015.192,"Actual Rows": 6001215,"Actual Loops": 1},{"Node Type": "Hash","Parent Relationship": "Inner","Parallel Aware": false,"Async Capable": false,"Startup Cost": 6366.79,"Total Cost": 6366.79,"Plan Rows": 198,"Plan Width": 4,"Actual Startup Time": 31.576,"Actual Total Time": 32.343,"Actual Rows": 199,"Actual Loops": 1,"Hash Buckets": 1024,"Original Hash Buckets": 1024,"Hash Batches": 1,"Original Hash Batches": 1,"Peak Memory Usage": 15,"Plans": [{"Node Type": "Gather","Parent Relationship": "Outer","Parallel Aware": false,"Async Capable": false,"Startup Cost": 1000.00,"Total Cost": 6366.79,"Plan Rows": 198,"Plan Width": 4,"Actual Startup Time": 1.119,"Actual Total Time": 32.282,"Actual Rows": 199,"Actual Loops": 1,"Workers Planned": 2,"Workers Launched": 2,"Single Copy": false,"Plans": [{"Node Type": "Seq Scan","Parent Relationship": "Outer","Parallel Aware": true,"Async Capable": false,"Relation Name": "part","Alias": "part","Startup Cost": 0.00,"Total Cost": 5347.00,"Plan Rows": 82,"Plan Width": 4,"Actual Startup Time": 1.083,"Actual Total Time": 26.170,"Actual Rows": 66,"Actual Loops": 3,"Filter": "((p_brand = 'Brand#51'::bpchar) AND (p_container = 'JUMBO DRUM'::bpchar))","Rows Removed by Filter": 66600,"Workers": []}]}]},{"Node Type": "Aggregate","Strategy": "Plain","Partial Mode": "Simple","Parent Relationship": "SubPlan","Subplan Name": "SubPlan 1","Parallel Aware": false,"Async Capable": false,"Startup Cost": 127.60,"Total Cost": 127.61,"Plan Rows": 1,"Plan Width": 32,"Actual Startup Time": 0.146,"Actual Total Time": 0.146,"Actual Rows": 1,"Actual Loops": 5935,"Plans": [{"Node Type": "Bitmap Heap Scan","Parent Relationship": "Outer","Parallel Aware": false,"Async Capable": false,"Relation Name": "lineitem","Alias": "lineitem_1","Startup Cost": 4.67,"Total Cost": 127.52,"Plan Rows": 31,"Plan Width": 5,"Actual Startup Time": 0.014,"Actual Total Time": 0.139,"Actual Rows": 31,"Actual Loops": 5935,"Recheck Cond": "(l_partkey = part.p_partkey)","Rows Removed by Index Recheck": 0,"Exact Heap Blocks": 182981,"Lossy Heap Blocks": 0,"Plans": [{"Node Type": "Bitmap Index Scan","Parent Relationship": "Outer","Parallel Aware": false,"Async Capable": false,"Index Name": "idx_lineitem_part_supp","Startup Cost": 0.00,"Total Cost": 4.67,"Plan Rows": 31,"Plan Width": 0,"Actual Startup Time": 0.008,"Actual Total Time": 0.008,"Actual Rows": 31,"Actual Loops": 5935,"Index Cond": "(l_partkey = part.p_partkey)"}]}]}]}]},"Planning Time": 5.556,"Triggers": [],"Execution Time": 4989.281}]
[{"Plan": {"Node Type": "Aggregate","Strategy": "Plain","Partial Mode": "Simple","Parallel Aware": false,"Async Capable": false,"Startup Cost": 195917.63,"Total Cost": 195917.64,"Plan Rows": 1,"Plan Width": 32,"Actual Startup Time": 4821.320,"Actual Total Time": 4822.153,"Actual Rows": 1,"Actual Loops": 1,"Plans": [{"Node Type": "Hash Join","Parent Relationship": "Outer","Parallel Aware": false,"Async Capable": false,"Join Type": "Inner","Startup Cost": 6368.33,"Total Cost": 195912.89,"Plan Rows": 1897,"Plan Width": 8,"Actual Startup Time": 80.472,"Actual Total Time": 4821.944,"Actual Rows": 497,"Actual Loops": 1,"Inner Unique": true,"Hash Cond": "(lineitem.l_partkey = part.p_partkey)","Join Filter": "(lineitem.l_quantity < (SubPlan 1))","Rows Removed by Join Filter": 4988,"Plans": [{"Node Type": "Seq Scan","Parent Relationship": "Outer","Parallel Aware": false,"Async Capable": false,"Relation Name": "lineitem","Alias": "lineitem","Startup Cost": 0.00,"Total Cost": 172515.15,"Plan Rows": 6001215,"Plan Width": 17,"Actual Startup Time": 0.019,"Actual Total Time": 1012.322,"Actual Rows": 6001215,"Actual Loops": 1},{"Node Type": "Hash","Parent Relationship": "Inner","Parallel Aware": false,"Async Capable": false,"Startup Cost": 6365.96,"Total Cost": 6365.96,"Plan Rows": 190,"Plan Width": 4,"Actual Startup Time": 29.530,"Actual Total Time": 30.348,"Actual Rows": 185,"Actual Loops": 1,"Hash Buckets": 1024,"Original Hash Buckets": 1024,"Hash Batches": 1,"Original Hash Batches": 1,"Peak Memory Usage": 15,"Plans": [{"Node Type": "Gather","Parent Relationship": "Outer","Parallel Aware": false,"Async Capable": false,"Startup Cost": 1000.00,"Total Cost": 6365.96,"Plan Rows": 190,"Plan Width": 4,"Actual Startup Time": 1.499,"Actual Total Time": 30.272,"Actual Rows": 185,"Actual Loops": 1,"Workers Planned": 2,"Workers Launched": 2,"Single Copy": false,"Plans": [{"Node Type": "Seq Scan","Parent Relationship": "Outer","Parallel Aware": true,"Async Capable": false,"Relation Name": "part","Alias": "part","Startup Cost": 0.00,"Total Cost": 5347.00,"Plan Rows": 79,"Plan Width": 4,"Actual Startup Time": 0.954,"Actual Total Time": 23.880,"Actual Rows": 62,"Actual Loops": 3,"Filter": "((p_brand = 'Brand#54'::bpchar) AND (p_container = 'MED PKG'::bpchar))","Rows Removed by Filter": 66605,"Workers": []}]}]},{"Node Type": "Aggregate","Strategy": "Plain","Partial Mode": "Simple","Parent Relationship": "SubPlan","Subplan Name": "SubPlan 1","Parallel Aware": false,"Async Capable": false,"Startup Cost": 127.60,"Total Cost": 127.61,"Plan Rows": 1,"Plan Width": 32,"Actual Startup Time": 0.149,"Actual Total Time": 0.149,"Actual Rows": 1,"Actual Loops": 5485,"Plans": [{"Node Type": "Bitmap Heap Scan","Parent Relationship": "Outer","Parallel Aware": false,"Async Capable": false,"Relation Name": "lineitem","Alias": "lineitem_1","Startup Cost": 4.67,"Total Cost": 127.52,"Plan Rows": 31,"Plan Width": 5,"Actual Startup Time": 0.015,"Actual Total Time": 0.142,"Actual Rows": 31,"Actual Loops": 5485,"Recheck Cond": "(l_partkey = part.p_partkey)","Rows Removed by Index Recheck": 0,"Exact Heap Blocks": 169107,"Lossy Heap Blocks": 0,"Plans": [{"Node Type": "Bitmap Index Scan","Parent Relationship": "Outer","Parallel Aware": false,"Async Capable": false,"Index Name": "idx_lineitem_part_supp","Startup Cost": 0.00,"Total Cost": 4.67,"Plan Rows": 31,"Plan Width": 0,"Actual Startup Time": 0.008,"Actual Total Time": 0.008,"Actual Rows": 31,"Actual Loops": 5485,"Index Cond": "(l_partkey = part.p_partkey)"}]}]}]}]},"Planning Time": 5.430,"Triggers": [],"Execution Time": 4822.483}]
[{"Plan": {"Node Type": "Aggregate","Strategy": "Plain","Partial Mode": "Simple","Parallel Aware": false,"Async Capable": false,"Startup Cost": 195918.37,"Total Cost": 195918.39,"Plan Rows": 1,"Plan Width": 32,"Actual Startup Time": 4934.404,"Actual Total Time": 4934.753,"Actual Rows": 1,"Actual Loops": 1,"Plans": [{"Node Type": "Hash Join","Parent Relationship": "Outer","Parallel Aware": false,"Async Capable": false,"Join Type": "Inner","Startup Cost": 6368.94,"Total Cost": 195913.49,"Plan Rows": 1951,"Plan Width": 8,"Actual Startup Time": 50.256,"Actual Total Time": 4934.563,"Actual Rows": 554,"Actual Loops": 1,"Inner Unique": true,"Hash Cond": "(lineitem.l_partkey = part.p_partkey)","Join Filter": "(lineitem.l_quantity < (SubPlan 1))","Rows Removed by Join Filter": 5555,"Plans": [{"Node Type": "Seq Scan","Parent Relationship": "Outer","Parallel Aware": false,"Async Capable": false,"Relation Name": "lineitem","Alias": "lineitem","Startup Cost": 0.00,"Total Cost": 172515.15,"Plan Rows": 6001215,"Plan Width": 17,"Actual Startup Time": 0.016,"Actual Total Time": 941.537,"Actual Rows": 6001215,"Actual Loops": 1},{"Node Type": "Hash","Parent Relationship": "Inner","Parallel Aware": false,"Async Capable": false,"Startup Cost": 6366.50,"Total Cost": 6366.50,"Plan Rows": 195,"Plan Width": 4,"Actual Startup Time": 31.998,"Actual Total Time": 32.331,"Actual Rows": 203,"Actual Loops": 1,"Hash Buckets": 1024,"Original Hash Buckets": 1024,"Hash Batches": 1,"Original Hash Batches": 1,"Peak Memory Usage": 16,"Plans": [{"Node Type": "Gather","Parent Relationship": "Outer","Parallel Aware": false,"Async Capable": false,"Startup Cost": 1000.00,"Total Cost": 6366.50,"Plan Rows": 195,"Plan Width": 4,"Actual Startup Time": 2.508,"Actual Total Time": 32.248,"Actual Rows": 203,"Actual Loops": 1,"Workers Planned": 2,"Workers Launched": 2,"Single Copy": false,"Plans": [{"Node Type": "Seq Scan","Parent Relationship": "Outer","Parallel Aware": true,"Async Capable": false,"Relation Name": "part","Alias": "part","Startup Cost": 0.00,"Total Cost": 5347.00,"Plan Rows": 81,"Plan Width": 4,"Actual Startup Time": 1.600,"Actual Total Time": 26.460,"Actual Rows": 68,"Actual Loops": 3,"Filter": "((p_brand = 'Brand#22'::bpchar) AND (p_container = 'LG BAG'::bpchar))","Rows Removed by Filter": 66599,"Workers": []}]}]},{"Node Type": "Aggregate","Strategy": "Plain","Partial Mode": "Simple","Parent Relationship": "SubPlan","Subplan Name": "SubPlan 1","Parallel Aware": false,"Async Capable": false,"Startup Cost": 127.60,"Total Cost": 127.61,"Plan Rows": 1,"Plan Width": 32,"Actual Startup Time": 0.124,"Actual Total Time": 0.124,"Actual Rows": 1,"Actual Loops": 6109,"Plans": [{"Node Type": "Bitmap Heap Scan","Parent Relationship": "Outer","Parallel Aware": false,"Async Capable": false,"Relation Name": "lineitem","Alias": "lineitem_1","Startup Cost": 4.67,"Total Cost": 127.52,"Plan Rows": 31,"Plan Width": 5,"Actual Startup Time": 0.013,"Actual Total Time": 0.117,"Actual Rows": 31,"Actual Loops": 6109,"Recheck Cond": "(l_partkey = part.p_partkey)","Rows Removed by Index Recheck": 0,"Exact Heap Blocks": 189646,"Lossy Heap Blocks": 0,"Plans": [{"Node Type": "Bitmap Index Scan","Parent Relationship": "Outer","Parallel Aware": false,"Async Capable": false,"Index Name": "idx_lineitem_part_supp","Startup Cost": 0.00,"Total Cost": 4.67,"Plan Rows": 31,"Plan Width": 0,"Actual Startup Time": 0.007,"Actual Total Time": 0.007,"Actual Rows": 31,"Actual Loops": 6109,"Index Cond": "(l_partkey = part.p_partkey)"}]}]}]}]},"Planning Time": 5.544,"Triggers": [],"Execution Time": 4935.043}]
[{"Plan": {"Node Type": "Aggregate","Strategy": "Plain","Partial Mode": "Simple","Parallel Aware": false,"Async Capable": false,"Startup Cost": 195919.25,"Total Cost": 195919.26,"Plan Rows": 1,"Plan Width": 32,"Actual Startup Time": 4863.303,"Actual Total Time": 4863.919,"Actual Rows": 1,"Actual Loops": 1,"Plans": [{"Node Type": "Hash Join","Parent Relationship": "Outer","Parallel Aware": false,"Async Capable": false,"Join Type": "Inner","Startup Cost": 6369.66,"Total Cost": 195914.21,"Plan Rows": 2015,"Plan Width": 8,"Actual Startup Time": 33.953,"Actual Total Time": 4863.488,"Actual Rows": 543,"Actual Loops": 1,"Inner Unique": true,"Hash Cond": "(lineitem.l_partkey = part.p_partkey)","Join Filter": "(lineitem.l_quantity < (SubPlan 1))","Rows Removed by Join Filter": 5511,"Plans": [{"Node Type": "Seq Scan","Parent Relationship": "Outer","Parallel Aware": false,"Async Capable": false,"Relation Name": "lineitem","Alias": "lineitem","Startup Cost": 0.00,"Total Cost": 172515.15,"Plan Rows": 6001215,"Plan Width": 17,"Actual Startup Time": 0.013,"Actual Total Time": 975.968,"Actual Rows": 6001215,"Actual Loops": 1},{"Node Type": "Hash","Parent Relationship": "Inner","Parallel Aware": false,"Async Capable": false,"Startup Cost": 6367.14,"Total Cost": 6367.14,"Plan Rows": 201,"Plan Width": 4,"Actual Startup Time": 33.423,"Actual Total Time": 34.002,"Actual Rows": 201,"Actual Loops": 1,"Hash Buckets": 1024,"Original Hash Buckets": 1024,"Hash Batches": 1,"Original Hash Batches": 1,"Peak Memory Usage": 16,"Plans": [{"Node Type": "Gather","Parent Relationship": "Outer","Parallel Aware": false,"Async Capable": false,"Startup Cost": 1000.00,"Total Cost": 6367.14,"Plan Rows": 201,"Plan Width": 4,"Actual Startup Time": 3.065,"Actual Total Time": 33.920,"Actual Rows": 201,"Actual Loops": 1,"Workers Planned": 2,"Workers Launched": 2,"Single Copy": false,"Plans": [{"Node Type": "Seq Scan","Parent Relationship": "Outer","Parallel Aware": true,"Async Capable": false,"Relation Name": "part","Alias": "part","Startup Cost": 0.00,"Total Cost": 5347.00,"Plan Rows": 84,"Plan Width": 4,"Actual Startup Time": 1.453,"Actual Total Time": 28.055,"Actual Rows": 67,"Actual Loops": 3,"Filter": "((p_brand = 'Brand#42'::bpchar) AND (p_container = 'LG PKG'::bpchar))","Rows Removed by Filter": 66600,"Workers": []}]}]},{"Node Type": "Aggregate","Strategy": "Plain","Partial Mode": "Simple","Parent Relationship": "SubPlan","Subplan Name": "SubPlan 1","Parallel Aware": false,"Async Capable": false,"Startup Cost": 127.60,"Total Cost": 127.61,"Plan Rows": 1,"Plan Width": 32,"Actual Startup Time": 0.121,"Actual Total Time": 0.121,"Actual Rows": 1,"Actual Loops": 6054,"Plans": [{"Node Type": "Bitmap Heap Scan","Parent Relationship": "Outer","Parallel Aware": false,"Async Capable": false,"Relation Name": "lineitem","Alias": "lineitem_1","Startup Cost": 4.67,"Total Cost": 127.52,"Plan Rows": 31,"Plan Width": 5,"Actual Startup Time": 0.013,"Actual Total Time": 0.114,"Actual Rows": 31,"Actual Loops": 6054,"Recheck Cond": "(l_partkey = part.p_partkey)","Rows Removed by Index Recheck": 0,"Exact Heap Blocks": 187633,"Lossy Heap Blocks": 0,"Plans": [{"Node Type": "Bitmap Index Scan","Parent Relationship": "Outer","Parallel Aware": false,"Async Capable": false,"Index Name": "idx_lineitem_part_supp","Startup Cost": 0.00,"Total Cost": 4.67,"Plan Rows": 31,"Plan Width": 0,"Actual Startup Time": 0.007,"Actual Total Time": 0.007,"Actual Rows": 31,"Actual Loops": 6054,"Index Cond": "(l_partkey = part.p_partkey)"}]}]}]}]},"Planning Time": 5.513,"Triggers": [],"Execution Time": 4864.263}]
[{"Plan": {"Node Type": "Aggregate","Strategy": "Plain","Partial Mode": "Simple","Parallel Aware": false,"Async Capable": false,"Startup Cost": 195920.90,"Total Cost": 195920.91,"Plan Rows": 1,"Plan Width": 32,"Actual Startup Time": 4976.301,"Actual Total Time": 4976.748,"Actual Rows": 1,"Actual Loops": 1,"Plans": [{"Node Type": "Hash Join","Parent Relationship": "Outer","Parallel Aware": false,"Async Capable": false,"Join Type": "Inner","Startup Cost": 6371.01,"Total Cost": 195915.56,"Plan Rows": 2134,"Plan Width": 8,"Actual Startup Time": 66.892,"Actual Total Time": 4976.545,"Actual Rows": 610,"Actual Loops": 1,"Inner Unique": true,"Hash Cond": "(lineitem.l_partkey = part.p_partkey)","Join Filter": "(lineitem.l_quantity < (SubPlan 1))","Rows Removed by Join Filter": 5958,"Plans": [{"Node Type": "Seq Scan","Parent Relationship": "Outer","Parallel Aware": false,"Async Capable": false,"Relation Name": "lineitem","Alias": "lineitem","Startup Cost": 0.00,"Total Cost": 172515.15,"Plan Rows": 6001215,"Plan Width": 17,"Actual Startup Time": 0.015,"Actual Total Time": 938.367,"Actual Rows": 6001215,"Actual Loops": 1},{"Node Type": "Hash","Parent Relationship": "Inner","Parallel Aware": false,"Async Capable": false,"Startup Cost": 6368.34,"Total Cost": 6368.34,"Plan Rows": 213,"Plan Width": 4,"Actual Startup Time": 32.311,"Actual Total Time": 32.743,"Actual Rows": 224,"Actual Loops": 1,"Hash Buckets": 1024,"Original Hash Buckets": 1024,"Hash Batches": 1,"Original Hash Batches": 1,"Peak Memory Usage": 16,"Plans": [{"Node Type": "Gather","Parent Relationship": "Outer","Parallel Aware": false,"Async Capable": false,"Startup Cost": 1000.00,"Total Cost": 6368.34,"Plan Rows": 213,"Plan Width": 4,"Actual Startup Time": 0.652,"Actual Total Time": 32.668,"Actual Rows": 224,"Actual Loops": 1,"Workers Planned": 2,"Workers Launched": 2,"Single Copy": false,"Plans": [{"Node Type": "Seq Scan","Parent Relationship": "Outer","Parallel Aware": true,"Async Capable": false,"Relation Name": "part","Alias": "part","Startup Cost": 0.00,"Total Cost": 5347.00,"Plan Rows": 89,"Plan Width": 4,"Actual Startup Time": 0.393,"Actual Total Time": 26.484,"Actual Rows": 75,"Actual Loops": 3,"Filter": "((p_brand = 'Brand#14'::bpchar) AND (p_container = 'SM BOX'::bpchar))","Rows Removed by Filter": 66592,"Workers": []}]}]},{"Node Type": "Aggregate","Strategy": "Plain","Partial Mode": "Simple","Parent Relationship": "SubPlan","Subplan Name": "SubPlan 1","Parallel Aware": false,"Async Capable": false,"Startup Cost": 127.60,"Total Cost": 127.61,"Plan Rows": 1,"Plan Width": 32,"Actual Startup Time": 0.115,"Actual Total Time": 0.116,"Actual Rows": 1,"Actual Loops": 6568,"Plans": [{"Node Type": "Bitmap Heap Scan","Parent Relationship": "Outer","Parallel Aware": false,"Async Capable": false,"Relation Name": "lineitem","Alias": "lineitem_1","Startup Cost": 4.67,"Total Cost": 127.52,"Plan Rows": 31,"Plan Width": 5,"Actual Startup Time": 0.013,"Actual Total Time": 0.109,"Actual Rows": 30,"Actual Loops": 6568,"Recheck Cond": "(l_partkey = part.p_partkey)","Rows Removed by Index Recheck": 0,"Exact Heap Blocks": 199092,"Lossy Heap Blocks": 0,"Plans": [{"Node Type": "Bitmap Index Scan","Parent Relationship": "Outer","Parallel Aware": false,"Async Capable": false,"Index Name": "idx_lineitem_part_supp","Startup Cost": 0.00,"Total Cost": 4.67,"Plan Rows": 31,"Plan Width": 0,"Actual Startup Time": 0.007,"Actual Total Time": 0.007,"Actual Rows": 30,"Actual Loops": 6568,"Index Cond": "(l_partkey = part.p_partkey)"}]}]}]}]},"Planning Time": 4.553,"Triggers": [],"Execution Time": 4976.963}]
[{"Plan": {"Node Type": "Aggregate","Strategy": "Plain","Partial Mode": "Simple","Parallel Aware": false,"Async Capable": false,"Startup Cost": 195920.30,"Total Cost": 195920.31,"Plan Rows": 1,"Plan Width": 32,"Actual Startup Time": 5132.236,"Actual Total Time": 5132.786,"Actual Rows": 1,"Actual Loops": 1,"Plans": [{"Node Type": "Hash Join","Parent Relationship": "Outer","Parallel Aware": false,"Async Capable": false,"Join Type": "Inner","Startup Cost": 6370.52,"Total Cost": 195915.07,"Plan Rows": 2091,"Plan Width": 8,"Actual Startup Time": 31.150,"Actual Total Time": 5132.576,"Actual Rows": 656,"Actual Loops": 1,"Inner Unique": true,"Hash Cond": "(lineitem.l_partkey = part.p_partkey)","Join Filter": "(lineitem.l_quantity < (SubPlan 1))","Rows Removed by Join Filter": 6466,"Plans": [{"Node Type": "Seq Scan","Parent Relationship": "Outer","Parallel Aware": false,"Async Capable": false,"Relation Name": "lineitem","Alias": "lineitem","Startup Cost": 0.00,"Total Cost": 172515.15,"Plan Rows": 6001215,"Plan Width": 17,"Actual Startup Time": 0.015,"Actual Total Time": 1017.119,"Actual Rows": 6001215,"Actual Loops": 1},{"Node Type": "Hash","Parent Relationship": "Inner","Parallel Aware": false,"Async Capable": false,"Startup Cost": 6367.90,"Total Cost": 6367.90,"Plan Rows": 209,"Plan Width": 4,"Actual Startup Time": 30.528,"Actual Total Time": 31.062,"Actual Rows": 234,"Actual Loops": 1,"Hash Buckets": 1024,"Original Hash Buckets": 1024,"Hash Batches": 1,"Original Hash Batches": 1,"Peak Memory Usage": 17,"Plans": [{"Node Type": "Gather","Parent Relationship": "Outer","Parallel Aware": false,"Async Capable": false,"Startup Cost": 1000.00,"Total Cost": 6367.90,"Plan Rows": 209,"Plan Width": 4,"Actual Startup Time": 0.654,"Actual Total Time": 30.984,"Actual Rows": 234,"Actual Loops": 1,"Workers Planned": 2,"Workers Launched": 2,"Single Copy": false,"Plans": [{"Node Type": "Seq Scan","Parent Relationship": "Outer","Parallel Aware": true,"Async Capable": false,"Relation Name": "part","Alias": "part","Startup Cost": 0.00,"Total Cost": 5347.00,"Plan Rows": 87,"Plan Width": 4,"Actual Startup Time": 0.537,"Actual Total Time": 24.325,"Actual Rows": 78,"Actual Loops": 3,"Filter": "((p_brand = 'Brand#43'::bpchar) AND (p_container = 'LG JAR'::bpchar))","Rows Removed by Filter": 66589,"Workers": []}]}]},{"Node Type": "Aggregate","Strategy": "Plain","Partial Mode": "Simple","Parent Relationship": "SubPlan","Subplan Name": "SubPlan 1","Parallel Aware": false,"Async Capable": false,"Startup Cost": 127.60,"Total Cost": 127.61,"Plan Rows": 1,"Plan Width": 32,"Actual Startup Time": 0.152,"Actual Total Time": 0.152,"Actual Rows": 1,"Actual Loops": 7122,"Plans": [{"Node Type": "Bitmap Heap Scan","Parent Relationship": "Outer","Parallel Aware": false,"Async Capable": false,"Relation Name": "lineitem","Alias": "lineitem_1","Startup Cost": 4.67,"Total Cost": 127.52,"Plan Rows": 31,"Plan Width": 5,"Actual Startup Time": 0.015,"Actual Total Time": 0.144,"Actual Rows": 31,"Actual Loops": 7122,"Recheck Cond": "(l_partkey = part.p_partkey)","Rows Removed by Index Recheck": 0,"Exact Heap Blocks": 224124,"Lossy Heap Blocks": 0,"Plans": [{"Node Type": "Bitmap Index Scan","Parent Relationship": "Outer","Parallel Aware": false,"Async Capable": false,"Index Name": "idx_lineitem_part_supp","Startup Cost": 0.00,"Total Cost": 4.67,"Plan Rows": 31,"Plan Width": 0,"Actual Startup Time": 0.008,"Actual Total Time": 0.008,"Actual Rows": 31,"Actual Loops": 7122,"Index Cond": "(l_partkey = part.p_partkey)"}]}]}]}]},"Planning Time": 5.880,"Triggers": [],"Execution Time": 5133.001}]
[{"Plan": {"Node Type": "Aggregate","Strategy": "Plain","Partial Mode": "Simple","Parallel Aware": false,"Async Capable": false,"Startup Cost": 195918.30,"Total Cost": 195918.31,"Plan Rows": 1,"Plan Width": 32,"Actual Startup Time": 4784.639,"Actual Total Time": 4785.189,"Actual Rows": 1,"Actual Loops": 1,"Plans": [{"Node Type": "Hash Join","Parent Relationship": "Outer","Parallel Aware": false,"Async Capable": false,"Join Type": "Inner","Startup Cost": 6368.88,"Total Cost": 195913.43,"Plan Rows": 1945,"Plan Width": 8,"Actual Startup Time": 46.366,"Actual Total Time": 4784.964,"Actual Rows": 450,"Actual Loops": 1,"Inner Unique": true,"Hash Cond": "(lineitem.l_partkey = part.p_partkey)","Join Filter": "(lineitem.l_quantity < (SubPlan 1))","Rows Removed by Join Filter": 4860,"Plans": [{"Node Type": "Seq Scan","Parent Relationship": "Outer","Parallel Aware": false,"Async Capable": false,"Relation Name": "lineitem","Alias": "lineitem","Startup Cost": 0.00,"Total Cost": 172515.15,"Plan Rows": 6001215,"Plan Width": 17,"Actual Startup Time": 0.019,"Actual Total Time": 934.687,"Actual Rows": 6001215,"Actual Loops": 1},{"Node Type": "Hash","Parent Relationship": "Inner","Parallel Aware": false,"Async Capable": false,"Startup Cost": 6366.45,"Total Cost": 6366.45,"Plan Rows": 194,"Plan Width": 4,"Actual Startup Time": 31.476,"Actual Total Time": 32.010,"Actual Rows": 178,"Actual Loops": 1,"Hash Buckets": 1024,"Original Hash Buckets": 1024,"Hash Batches": 1,"Original Hash Batches": 1,"Peak Memory Usage": 15,"Plans": [{"Node Type": "Gather","Parent Relationship": "Outer","Parallel Aware": false,"Async Capable": false,"Startup Cost": 1000.00,"Total Cost": 6366.45,"Plan Rows": 194,"Plan Width": 4,"Actual Startup Time": 0.612,"Actual Total Time": 31.934,"Actual Rows": 178,"Actual Loops": 1,"Workers Planned": 2,"Workers Launched": 2,"Single Copy": false,"Plans": [{"Node Type": "Seq Scan","Parent Relationship": "Outer","Parallel Aware": true,"Async Capable": false,"Relation Name": "part","Alias": "part","Startup Cost": 0.00,"Total Cost": 5347.00,"Plan Rows": 81,"Plan Width": 4,"Actual Startup Time": 0.899,"Actual Total Time": 25.965,"Actual Rows": 59,"Actual Loops": 3,"Filter": "((p_brand = 'Brand#43'::bpchar) AND (p_container = 'WRAP CASE'::bpchar))","Rows Removed by Filter": 66607,"Workers": []}]}]},{"Node Type": "Aggregate","Strategy": "Plain","Partial Mode": "Simple","Parent Relationship": "SubPlan","Subplan Name": "SubPlan 1","Parallel Aware": false,"Async Capable": false,"Startup Cost": 127.60,"Total Cost": 127.61,"Plan Rows": 1,"Plan Width": 32,"Actual Startup Time": 0.123,"Actual Total Time": 0.123,"Actual Rows": 1,"Actual Loops": 5310,"Plans": [{"Node Type": "Bitmap Heap Scan","Parent Relationship": "Outer","Parallel Aware": false,"Async Capable": false,"Relation Name": "lineitem","Alias": "lineitem_1","Startup Cost": 4.67,"Total Cost": 127.52,"Plan Rows": 31,"Plan Width": 5,"Actual Startup Time": 0.013,"Actual Total Time": 0.116,"Actual Rows": 31,"Actual Loops": 5310,"Recheck Cond": "(l_partkey = part.p_partkey)","Rows Removed by Index Recheck": 0,"Exact Heap Blocks": 163052,"Lossy Heap Blocks": 0,"Plans": [{"Node Type": "Bitmap Index Scan","Parent Relationship": "Outer","Parallel Aware": false,"Async Capable": false,"Index Name": "idx_lineitem_part_supp","Startup Cost": 0.00,"Total Cost": 4.67,"Plan Rows": 31,"Plan Width": 0,"Actual Startup Time": 0.007,"Actual Total Time": 0.007,"Actual Rows": 31,"Actual Loops": 5310,"Index Cond": "(l_partkey = part.p_partkey)"}]}]}]}]},"Planning Time": 4.599,"Triggers": [],"Execution Time": 4785.467}]
[{"Plan": {"Node Type": "Aggregate","Strategy": "Plain","Partial Mode": "Simple","Parallel Aware": false,"Async Capable": false,"Startup Cost": 195918.29,"Total Cost": 195918.31,"Plan Rows": 1,"Plan Width": 32,"Actual Startup Time": 4938.040,"Actual Total Time": 4938.689,"Actual Rows": 1,"Actual Loops": 1,"Plans": [{"Node Type": "Hash Join","Parent Relationship": "Outer","Parallel Aware": false,"Async Capable": false,"Join Type": "Inner","Startup Cost": 6368.88,"Total Cost": 195913.43,"Plan Rows": 1945,"Plan Width": 8,"Actual Startup Time": 49.716,"Actual Total Time": 4938.269,"Actual Rows": 569,"Actual Loops": 1,"Inner Unique": true,"Hash Cond": "(lineitem.l_partkey = part.p_partkey)","Join Filter": "(lineitem.l_quantity < (SubPlan 1))","Rows Removed by Join Filter": 5689,"Plans": [{"Node Type": "Seq Scan","Parent Relationship": "Outer","Parallel Aware": false,"Async Capable": false,"Relation Name": "lineitem","Alias": "lineitem","Startup Cost": 0.00,"Total Cost": 172515.15,"Plan Rows": 6001215,"Plan Width": 17,"Actual Startup Time": 0.015,"Actual Total Time": 981.552,"Actual Rows": 6001215,"Actual Loops": 1},{"Node Type": "Hash","Parent Relationship": "Inner","Parallel Aware": false,"Async Capable": false,"Startup Cost": 6366.44,"Total Cost": 6366.44,"Plan Rows": 194,"Plan Width": 4,"Actual Startup Time": 31.574,"Actual Total Time": 32.182,"Actual Rows": 205,"Actual Loops": 1,"Hash Buckets": 1024,"Original Hash Buckets": 1024,"Hash Batches": 1,"Original Hash Batches": 1,"Peak Memory Usage": 16,"Plans": [{"Node Type": "Gather","Parent Relationship": "Outer","Parallel Aware": false,"Async Capable": false,"Startup Cost": 1000.00,"Total Cost": 6366.44,"Plan Rows": 194,"Plan Width": 4,"Actual Startup Time": 1.272,"Actual Total Time": 32.105,"Actual Rows": 205,"Actual Loops": 1,"Workers Planned": 2,"Workers Launched": 2,"Single Copy": false,"Plans": [{"Node Type": "Seq Scan","Parent Relationship": "Outer","Parallel Aware": true,"Async Capable": false,"Relation Name": "part","Alias": "part","Startup Cost": 0.00,"Total Cost": 5347.00,"Plan Rows": 81,"Plan Width": 4,"Actual Startup Time": 1.161,"Actual Total Time": 26.178,"Actual Rows": 68,"Actual Loops": 3,"Filter": "((p_brand = 'Brand#41'::bpchar) AND (p_container = 'JUMBO CASE'::bpchar))","Rows Removed by Filter": 66598,"Workers": []}]}]},{"Node Type": "Aggregate","Strategy": "Plain","Partial Mode": "Simple","Parent Relationship": "SubPlan","Subplan Name": "SubPlan 1","Parallel Aware": false,"Async Capable": false,"Startup Cost": 127.60,"Total Cost": 127.61,"Plan Rows": 1,"Plan Width": 32,"Actual Startup Time": 0.126,"Actual Total Time": 0.127,"Actual Rows": 1,"Actual Loops": 6258,"Plans": [{"Node Type": "Bitmap Heap Scan","Parent Relationship": "Outer","Parallel Aware": false,"Async Capable": false,"Relation Name": "lineitem","Alias": "lineitem_1","Startup Cost": 4.67,"Total Cost": 127.52,"Plan Rows": 31,"Plan Width": 5,"Actual Startup Time": 0.013,"Actual Total Time": 0.119,"Actual Rows": 32,"Actual Loops": 6258,"Recheck Cond": "(l_partkey = part.p_partkey)","Rows Removed by Index Recheck": 0,"Exact Heap Blocks": 198192,"Lossy Heap Blocks": 0,"Plans": [{"Node Type": "Bitmap Index Scan","Parent Relationship": "Outer","Parallel Aware": false,"Async Capable": false,"Index Name": "idx_lineitem_part_supp","Startup Cost": 0.00,"Total Cost": 4.67,"Plan Rows": 31,"Plan Width": 0,"Actual Startup Time": 0.007,"Actual Total Time": 0.007,"Actual Rows": 32,"Actual Loops": 6258,"Index Cond": "(l_partkey = part.p_partkey)"}]}]}]}]},"Planning Time": 5.871,"Triggers": [],"Execution Time": 4939.089}]
[{"Plan": {"Node Type": "Aggregate","Strategy": "Plain","Partial Mode": "Simple","Parallel Aware": false,"Async Capable": false,"Startup Cost": 195918.98,"Total Cost": 195918.99,"Plan Rows": 1,"Plan Width": 32,"Actual Startup Time": 5058.279,"Actual Total Time": 5059.030,"Actual Rows": 1,"Actual Loops": 1,"Plans": [{"Node Type": "Hash Join","Parent Relationship": "Outer","Parallel Aware": false,"Async Capable": false,"Join Type": "Inner","Startup Cost": 6369.43,"Total Cost": 195913.99,"Plan Rows": 1995,"Plan Width": 8,"Actual Startup Time": 36.541,"Actual Total Time": 5058.632,"Actual Rows": 557,"Actual Loops": 1,"Inner Unique": true,"Hash Cond": "(lineitem.l_partkey = part.p_partkey)","Join Filter": "(lineitem.l_quantity < (SubPlan 1))","Rows Removed by Join Filter": 5701,"Plans": [{"Node Type": "Seq Scan","Parent Relationship": "Outer","Parallel Aware": false,"Async Capable": false,"Relation Name": "lineitem","Alias": "lineitem","Startup Cost": 0.00,"Total Cost": 172515.15,"Plan Rows": 6001215,"Plan Width": 17,"Actual Startup Time": 0.019,"Actual Total Time": 1006.715,"Actual Rows": 6001215,"Actual Loops": 1},{"Node Type": "Hash","Parent Relationship": "Inner","Parallel Aware": false,"Async Capable": false,"Startup Cost": 6366.94,"Total Cost": 6366.94,"Plan Rows": 199,"Plan Width": 4,"Actual Startup Time": 31.838,"Actual Total Time": 32.533,"Actual Rows": 208,"Actual Loops": 1,"Hash Buckets": 1024,"Original Hash Buckets": 1024,"Hash Batches": 1,"Original Hash Batches": 1,"Peak Memory Usage": 16,"Plans": [{"Node Type": "Gather","Parent Relationship": "Outer","Parallel Aware": false,"Async Capable": false,"Startup Cost": 1000.00,"Total Cost": 6366.94,"Plan Rows": 199,"Plan Width": 4,"Actual Startup Time": 1.237,"Actual Total Time": 32.456,"Actual Rows": 208,"Actual Loops": 1,"Workers Planned": 2,"Workers Launched": 2,"Single Copy": false,"Plans": [{"Node Type": "Seq Scan","Parent Relationship": "Outer","Parallel Aware": true,"Async Capable": false,"Relation Name": "part","Alias": "part","Startup Cost": 0.00,"Total Cost": 5347.00,"Plan Rows": 83,"Plan Width": 4,"Actual Startup Time": 0.802,"Actual Total Time": 26.044,"Actual Rows": 69,"Actual Loops": 3,"Filter": "((p_brand = 'Brand#25'::bpchar) AND (p_container = 'MED CAN'::bpchar))","Rows Removed by Filter": 66597,"Workers": []}]}]},{"Node Type": "Aggregate","Strategy": "Plain","Partial Mode": "Simple","Parent Relationship": "SubPlan","Subplan Name": "SubPlan 1","Parallel Aware": false,"Async Capable": false,"Startup Cost": 127.60,"Total Cost": 127.61,"Plan Rows": 1,"Plan Width": 32,"Actual Startup Time": 0.145,"Actual Total Time": 0.145,"Actual Rows": 1,"Actual Loops": 6258,"Plans": [{"Node Type": "Bitmap Heap Scan","Parent Relationship": "Outer","Parallel Aware": false,"Async Capable": false,"Relation Name": "lineitem","Alias": "lineitem_1","Startup Cost": 4.67,"Total Cost": 127.52,"Plan Rows": 31,"Plan Width": 5,"Actual Startup Time": 0.014,"Actual Total Time": 0.137,"Actual Rows": 31,"Actual Loops": 6258,"Recheck Cond": "(l_partkey = part.p_partkey)","Rows Removed by Index Recheck": 0,"Exact Heap Blocks": 194776,"Lossy Heap Blocks": 0,"Plans": [{"Node Type": "Bitmap Index Scan","Parent Relationship": "Outer","Parallel Aware": false,"Async Capable": false,"Index Name": "idx_lineitem_part_supp","Startup Cost": 0.00,"Total Cost": 4.67,"Plan Rows": 31,"Plan Width": 0,"Actual Startup Time": 0.008,"Actual Total Time": 0.008,"Actual Rows": 31,"Actual Loops": 6258,"Index Cond": "(l_partkey = part.p_partkey)"}]}]}]}]},"Planning Time": 4.515,"Triggers": [],"Execution Time": 5059.447}]
[{"Plan": {"Node Type": "Aggregate","Strategy": "Plain","Partial Mode": "Simple","Parallel Aware": false,"Async Capable": false,"Startup Cost": 195921.19,"Total Cost": 195921.20,"Plan Rows": 1,"Plan Width": 32,"Actual Startup Time": 4899.520,"Actual Total Time": 4900.224,"Actual Rows": 1,"Actual Loops": 1,"Plans": [{"Node Type": "Hash Join","Parent Relationship": "Outer","Parallel Aware": false,"Async Capable": false,"Join Type": "Inner","Startup Cost": 6371.25,"Total Cost": 195915.80,"Plan Rows": 2156,"Plan Width": 8,"Actual Startup Time": 40.857,"Actual Total Time": 4899.745,"Actual Rows": 544,"Actual Loops": 1,"Inner Unique": true,"Hash Cond": "(lineitem.l_partkey = part.p_partkey)","Join Filter": "(lineitem.l_quantity < (SubPlan 1))","Rows Removed by Join Filter": 5641,"Plans": [{"Node Type": "Seq Scan","Parent Relationship": "Outer","Parallel Aware": false,"Async Capable": false,"Relation Name": "lineitem","Alias": "lineitem","Startup Cost": 0.00,"Total Cost": 172515.15,"Plan Rows": 6001215,"Plan Width": 17,"Actual Startup Time": 0.016,"Actual Total Time": 978.378,"Actual Rows": 6001215,"Actual Loops": 1},{"Node Type": "Hash","Parent Relationship": "Inner","Parallel Aware": false,"Async Capable": false,"Startup Cost": 6368.55,"Total Cost": 6368.55,"Plan Rows": 216,"Plan Width": 4,"Actual Startup Time": 32.146,"Actual Total Time": 32.813,"Actual Rows": 205,"Actual Loops": 1,"Hash Buckets": 1024,"Original Hash Buckets": 1024,"Hash Batches": 1,"Original Hash Batches": 1,"Peak Memory Usage": 16,"Plans": [{"Node Type": "Gather","Parent Relationship": "Outer","Parallel Aware": false,"Async Capable": false,"Startup Cost": 1000.00,"Total Cost": 6368.55,"Plan Rows": 216,"Plan Width": 4,"Actual Startup Time": 1.239,"Actual Total Time": 32.721,"Actual Rows": 205,"Actual Loops": 1,"Workers Planned": 2,"Workers Launched": 2,"Single Copy": false,"Plans": [{"Node Type": "Seq Scan","Parent Relationship": "Outer","Parallel Aware": true,"Async Capable": false,"Relation Name": "part","Alias": "part","Startup Cost": 0.00,"Total Cost": 5347.00,"Plan Rows": 90,"Plan Width": 4,"Actual Startup Time": 0.863,"Actual Total Time": 26.485,"Actual Rows": 68,"Actual Loops": 3,"Filter": "((p_brand = 'Brand#42'::bpchar) AND (p_container = 'JUMBO JAR'::bpchar))","Rows Removed by Filter": 66598,"Workers": []}]}]},{"Node Type": "Aggregate","Strategy": "Plain","Partial Mode": "Simple","Parent Relationship": "SubPlan","Subplan Name": "SubPlan 1","Parallel Aware": false,"Async Capable": false,"Startup Cost": 127.60,"Total Cost": 127.61,"Plan Rows": 1,"Plan Width": 32,"Actual Startup Time": 0.124,"Actual Total Time": 0.125,"Actual Rows": 1,"Actual Loops": 6185,"Plans": [{"Node Type": "Bitmap Heap Scan","Parent Relationship": "Outer","Parallel Aware": false,"Async Capable": false,"Relation Name": "lineitem","Alias": "lineitem_1","Startup Cost": 4.67,"Total Cost": 127.52,"Plan Rows": 31,"Plan Width": 5,"Actual Startup Time": 0.014,"Actual Total Time": 0.117,"Actual Rows": 31,"Actual Loops": 6185,"Recheck Cond": "(l_partkey = part.p_partkey)","Rows Removed by Index Recheck": 0,"Exact Heap Blocks": 192671,"Lossy Heap Blocks": 0,"Plans": [{"Node Type": "Bitmap Index Scan","Parent Relationship": "Outer","Parallel Aware": false,"Async Capable": false,"Index Name": "idx_lineitem_part_supp","Startup Cost": 0.00,"Total Cost": 4.67,"Plan Rows": 31,"Plan Width": 0,"Actual Startup Time": 0.007,"Actual Total Time": 0.007,"Actual Rows": 31,"Actual Loops": 6185,"Index Cond": "(l_partkey = part.p_partkey)"}]}]}]}]},"Planning Time": 4.827,"Triggers": [],"Execution Time": 4900.645}]
[{"Plan": {"Node Type": "Aggregate","Strategy": "Plain","Partial Mode": "Simple","Parallel Aware": false,"Async Capable": false,"Startup Cost": 195918.70,"Total Cost": 195918.72,"Plan Rows": 1,"Plan Width": 32,"Actual Startup Time": 4921.663,"Actual Total Time": 4922.028,"Actual Rows": 1,"Actual Loops": 1,"Plans": [{"Node Type": "Hash Join","Parent Relationship": "Outer","Parallel Aware": false,"Async Capable": false,"Join Type": "Inner","Startup Cost": 6369.21,"Total Cost": 195913.76,"Plan Rows": 1975,"Plan Width": 8,"Actual Startup Time": 78.914,"Actual Total Time": 4921.785,"Actual Rows": 498,"Actual Loops": 1,"Inner Unique": true,"Hash Cond": "(lineitem.l_partkey = part.p_partkey)","Join Filter": "(lineitem.l_quantity < (SubPlan 1))","Rows Removed by Join Filter": 5275,"Plans": [{"Node Type": "Seq Scan","Parent Relationship": "Outer","Parallel Aware": false,"Async Capable": false,"Relation Name": "lineitem","Alias": "lineitem","Startup Cost": 0.00,"Total Cost": 172515.15,"Plan Rows": 6001215,"Plan Width": 17,"Actual Startup Time": 0.017,"Actual Total Time": 945.417,"Actual Rows": 6001215,"Actual Loops": 1},{"Node Type": "Hash","Parent Relationship": "Inner","Parallel Aware": false,"Async Capable": false,"Startup Cost": 6366.74,"Total Cost": 6366.74,"Plan Rows": 197,"Plan Width": 4,"Actual Startup Time": 32.608,"Actual Total Time": 32.953,"Actual Rows": 195,"Actual Loops": 1,"Hash Buckets": 1024,"Original Hash Buckets": 1024,"Hash Batches": 1,"Original Hash Batches": 1,"Peak Memory Usage": 15,"Plans": [{"Node Type": "Gather","Parent Relationship": "Outer","Parallel Aware": false,"Async Capable": false,"Startup Cost": 1000.00,"Total Cost": 6366.74,"Plan Rows": 197,"Plan Width": 4,"Actual Startup Time": 0.797,"Actual Total Time": 32.874,"Actual Rows": 195,"Actual Loops": 1,"Workers Planned": 2,"Workers Launched": 2,"Single Copy": false,"Plans": [{"Node Type": "Seq Scan","Parent Relationship": "Outer","Parallel Aware": true,"Async Capable": false,"Relation Name": "part","Alias": "part","Startup Cost": 0.00,"Total Cost": 5347.00,"Plan Rows": 82,"Plan Width": 4,"Actual Startup Time": 1.298,"Actual Total Time": 27.107,"Actual Rows": 65,"Actual Loops": 3,"Filter": "((p_brand = 'Brand#41'::bpchar) AND (p_container = 'JUMBO PACK'::bpchar))","Rows Removed by Filter": 66602,"Workers": []}]}]},{"Node Type": "Aggregate","Strategy": "Plain","Partial Mode": "Simple","Parent Relationship": "SubPlan","Subplan Name": "SubPlan 1","Parallel Aware": false,"Async Capable": false,"Startup Cost": 127.60,"Total Cost": 127.61,"Plan Rows": 1,"Plan Width": 32,"Actual Startup Time": 0.126,"Actual Total Time": 0.126,"Actual Rows": 1,"Actual Loops": 5773,"Plans": [{"Node Type": "Bitmap Heap Scan","Parent Relationship": "Outer","Parallel Aware": false,"Async Capable": false,"Relation Name": "lineitem","Alias": "lineitem_1","Startup Cost": 4.67,"Total Cost": 127.52,"Plan Rows": 31,"Plan Width": 5,"Actual Startup Time": 0.013,"Actual Total Time": 0.118,"Actual Rows": 31,"Actual Loops": 5773,"Recheck Cond": "(l_partkey = part.p_partkey)","Rows Removed by Index Recheck": 0,"Exact Heap Blocks": 176244,"Lossy Heap Blocks": 0,"Plans": [{"Node Type": "Bitmap Index Scan","Parent Relationship": "Outer","Parallel Aware": false,"Async Capable": false,"Index Name": "idx_lineitem_part_supp","Startup Cost": 0.00,"Total Cost": 4.67,"Plan Rows": 31,"Plan Width": 0,"Actual Startup Time": 0.007,"Actual Total Time": 0.007,"Actual Rows": 31,"Actual Loops": 5773,"Index Cond": "(l_partkey = part.p_partkey)"}]}]}]}]},"Planning Time": 5.926,"Triggers": [],"Execution Time": 4922.314}]
[{"Plan": {"Node Type": "Aggregate","Strategy": "Plain","Partial Mode": "Simple","Parallel Aware": false,"Async Capable": false,"Startup Cost": 195919.49,"Total Cost": 195919.50,"Plan Rows": 1,"Plan Width": 32,"Actual Startup Time": 4852.879,"Actual Total Time": 4853.491,"Actual Rows": 1,"Actual Loops": 1,"Plans": [{"Node Type": "Hash Join","Parent Relationship": "Outer","Parallel Aware": false,"Async Capable": false,"Join Type": "Inner","Startup Cost": 6369.85,"Total Cost": 195914.40,"Plan Rows": 2032,"Plan Width": 8,"Actual Startup Time": 35.148,"Actual Total Time": 4853.207,"Actual Rows": 554,"Actual Loops": 1,"Inner Unique": true,"Hash Cond": "(lineitem.l_partkey = part.p_partkey)","Join Filter": "(lineitem.l_quantity < (SubPlan 1))","Rows Removed by Join Filter": 5589,"Plans": [{"Node Type": "Seq Scan","Parent Relationship": "Outer","Parallel Aware": false,"Async Capable": false,"Relation Name": "lineitem","Alias": "lineitem","Startup Cost": 0.00,"Total Cost": 172515.15,"Plan Rows": 6001215,"Plan Width": 17,"Actual Startup Time": 0.020,"Actual Total Time": 950.344,"Actual Rows": 6001215,"Actual Loops": 1},{"Node Type": "Hash","Parent Relationship": "Inner","Parallel Aware": false,"Async Capable": false,"Startup Cost": 6367.31,"Total Cost": 6367.31,"Plan Rows": 203,"Plan Width": 4,"Actual Startup Time": 30.246,"Actual Total Time": 30.840,"Actual Rows": 202,"Actual Loops": 1,"Hash Buckets": 1024,"Original Hash Buckets": 1024,"Hash Batches": 1,"Original Hash Batches": 1,"Peak Memory Usage": 16,"Plans": [{"Node Type": "Gather","Parent Relationship": "Outer","Parallel Aware": false,"Async Capable": false,"Startup Cost": 1000.00,"Total Cost": 6367.31,"Plan Rows": 203,"Plan Width": 4,"Actual Startup Time": 1.510,"Actual Total Time": 30.775,"Actual Rows": 202,"Actual Loops": 1,"Workers Planned": 2,"Workers Launched": 2,"Single Copy": false,"Plans": [{"Node Type": "Seq Scan","Parent Relationship": "Outer","Parallel Aware": true,"Async Capable": false,"Relation Name": "part","Alias": "part","Startup Cost": 0.00,"Total Cost": 5347.00,"Plan Rows": 85,"Plan Width": 4,"Actual Startup Time": 1.080,"Actual Total Time": 24.434,"Actual Rows": 67,"Actual Loops": 3,"Filter": "((p_brand = 'Brand#55'::bpchar) AND (p_container = 'LG CASE'::bpchar))","Rows Removed by Filter": 66599,"Workers": []}]}]},{"Node Type": "Aggregate","Strategy": "Plain","Partial Mode": "Simple","Parent Relationship": "SubPlan","Subplan Name": "SubPlan 1","Parallel Aware": false,"Async Capable": false,"Startup Cost": 127.60,"Total Cost": 127.61,"Plan Rows": 1,"Plan Width": 32,"Actual Startup Time": 0.128,"Actual Total Time": 0.128,"Actual Rows": 1,"Actual Loops": 6143,"Plans": [{"Node Type": "Bitmap Heap Scan","Parent Relationship": "Outer","Parallel Aware": false,"Async Capable": false,"Relation Name": "lineitem","Alias": "lineitem_1","Startup Cost": 4.67,"Total Cost": 127.52,"Plan Rows": 31,"Plan Width": 5,"Actual Startup Time": 0.014,"Actual Total Time": 0.121,"Actual Rows": 31,"Actual Loops": 6143,"Recheck Cond": "(l_partkey = part.p_partkey)","Rows Removed by Index Recheck": 0,"Exact Heap Blocks": 193023,"Lossy Heap Blocks": 0,"Plans": [{"Node Type": "Bitmap Index Scan","Parent Relationship": "Outer","Parallel Aware": false,"Async Capable": false,"Index Name": "idx_lineitem_part_supp","Startup Cost": 0.00,"Total Cost": 4.67,"Plan Rows": 31,"Plan Width": 0,"Actual Startup Time": 0.007,"Actual Total Time": 0.007,"Actual Rows": 31,"Actual Loops": 6143,"Index Cond": "(l_partkey = part.p_partkey)"}]}]}]}]},"Planning Time": 4.680,"Triggers": [],"Execution Time": 4853.765}]
[{"Plan": {"Node Type": "Aggregate","Strategy": "Plain","Partial Mode": "Simple","Parallel Aware": false,"Async Capable": false,"Startup Cost": 195918.83,"Total Cost": 195918.84,"Plan Rows": 1,"Plan Width": 32,"Actual Startup Time": 4946.953,"Actual Total Time": 4947.469,"Actual Rows": 1,"Actual Loops": 1,"Plans": [{"Node Type": "Hash Join","Parent Relationship": "Outer","Parallel Aware": false,"Async Capable": false,"Join Type": "Inner","Startup Cost": 6369.32,"Total Cost": 195913.87,"Plan Rows": 1984,"Plan Width": 8,"Actual Startup Time": 58.725,"Actual Total Time": 4947.038,"Actual Rows": 569,"Actual Loops": 1,"Inner Unique": true,"Hash Cond": "(lineitem.l_partkey = part.p_partkey)","Join Filter": "(lineitem.l_quantity < (SubPlan 1))","Rows Removed by Join Filter": 6066,"Plans": [{"Node Type": "Seq Scan","Parent Relationship": "Outer","Parallel Aware": false,"Async Capable": false,"Relation Name": "lineitem","Alias": "lineitem","Startup Cost": 0.00,"Total Cost": 172515.15,"Plan Rows": 6001215,"Plan Width": 17,"Actual Startup Time": 0.020,"Actual Total Time": 947.432,"Actual Rows": 6001215,"Actual Loops": 1},{"Node Type": "Hash","Parent Relationship": "Inner","Parallel Aware": false,"Async Capable": false,"Startup Cost": 6366.84,"Total Cost": 6366.84,"Plan Rows": 198,"Plan Width": 4,"Actual Startup Time": 31.448,"Actual Total Time": 31.948,"Actual Rows": 218,"Actual Loops": 1,"Hash Buckets": 1024,"Original Hash Buckets": 1024,"Hash Batches": 1,"Original Hash Batches": 1,"Peak Memory Usage": 16,"Plans": [{"Node Type": "Gather","Parent Relationship": "Outer","Parallel Aware": false,"Async Capable": false,"Startup Cost": 1000.00,"Total Cost": 6366.84,"Plan Rows": 198,"Plan Width": 4,"Actual Startup Time": 1.422,"Actual Total Time": 31.858,"Actual Rows": 218,"Actual Loops": 1,"Workers Planned": 2,"Workers Launched": 2,"Single Copy": false,"Plans": [{"Node Type": "Seq Scan","Parent Relationship": "Outer","Parallel Aware": true,"Async Capable": false,"Relation Name": "part","Alias": "part","Startup Cost": 0.00,"Total Cost": 5347.00,"Plan Rows": 83,"Plan Width": 4,"Actual Startup Time": 0.523,"Actual Total Time": 25.450,"Actual Rows": 73,"Actual Loops": 3,"Filter": "((p_brand = 'Brand#52'::bpchar) AND (p_container = 'WRAP BAG'::bpchar))","Rows Removed by Filter": 66594,"Workers": []}]}]},{"Node Type": "Aggregate","Strategy": "Plain","Partial Mode": "Simple","Parent Relationship": "SubPlan","Subplan Name": "SubPlan 1","Parallel Aware": false,"Async Capable": false,"Startup Cost": 127.60,"Total Cost": 127.61,"Plan Rows": 1,"Plan Width": 32,"Actual Startup Time": 0.127,"Actual Total Time": 0.127,"Actual Rows": 1,"Actual Loops": 6635,"Plans": [{"Node Type": "Bitmap Heap Scan","Parent Relationship": "Outer","Parallel Aware": false,"Async Capable": false,"Relation Name": "lineitem","Alias": "lineitem_1","Startup Cost": 4.67,"Total Cost": 127.52,"Plan Rows": 31,"Plan Width": 5,"Actual Startup Time": 0.014,"Actual Total Time": 0.120,"Actual Rows": 31,"Actual Loops": 6635,"Recheck Cond": "(l_partkey = part.p_partkey)","Rows Removed by Index Recheck": 0,"Exact Heap Blocks": 207642,"Lossy Heap Blocks": 0,"Plans": [{"Node Type": "Bitmap Index Scan","Parent Relationship": "Outer","Parallel Aware": false,"Async Capable": false,"Index Name": "idx_lineitem_part_supp","Startup Cost": 0.00,"Total Cost": 4.67,"Plan Rows": 31,"Plan Width": 0,"Actual Startup Time": 0.007,"Actual Total Time": 0.007,"Actual Rows": 31,"Actual Loops": 6635,"Index Cond": "(l_partkey = part.p_partkey)"}]}]}]}]},"Planning Time": 5.735,"Triggers": [],"Execution Time": 4947.846}]
[{"Plan": {"Node Type": "Aggregate","Strategy": "Plain","Partial Mode": "Simple","Parallel Aware": false,"Async Capable": false,"Startup Cost": 195919.67,"Total Cost": 195919.68,"Plan Rows": 1,"Plan Width": 32,"Actual Startup Time": 4863.754,"Actual Total Time": 4864.375,"Actual Rows": 1,"Actual Loops": 1,"Plans": [{"Node Type": "Hash Join","Parent Relationship": "Outer","Parallel Aware": false,"Async Capable": false,"Join Type": "Inner","Startup Cost": 6370.00,"Total Cost": 195914.55,"Plan Rows": 2045,"Plan Width": 8,"Actual Startup Time": 55.454,"Actual Total Time": 4863.869,"Actual Rows": 575,"Actual Loops": 1,"Inner Unique": true,"Hash Cond": "(lineitem.l_partkey = part.p_partkey)","Join Filter": "(lineitem.l_quantity < (SubPlan 1))","Rows Removed by Join Filter": 5371,"Plans": [{"Node Type": "Seq Scan","Parent Relationship": "Outer","Parallel Aware": false,"Async Capable": false,"Relation Name": "lineitem","Alias": "lineitem","Startup Cost": 0.00,"Total Cost": 172515.15,"Plan Rows": 6001215,"Plan Width": 17,"Actual Startup Time": 0.019,"Actual Total Time": 979.776,"Actual Rows": 6001215,"Actual Loops": 1},{"Node Type": "Hash","Parent Relationship": "Inner","Parallel Aware": false,"Async Capable": false,"Startup Cost": 6367.45,"Total Cost": 6367.45,"Plan Rows": 204,"Plan Width": 4,"Actual Startup Time": 30.560,"Actual Total Time": 31.151,"Actual Rows": 197,"Actual Loops": 1,"Hash Buckets": 1024,"Original Hash Buckets": 1024,"Hash Batches": 1,"Original Hash Batches": 1,"Peak Memory Usage": 15,"Plans": [{"Node Type": "Gather","Parent Relationship": "Outer","Parallel Aware": false,"Async Capable": false,"Startup Cost": 1000.00,"Total Cost": 6367.45,"Plan Rows": 204,"Plan Width": 4,"Actual Startup Time": 2.722,"Actual Total Time": 31.084,"Actual Rows": 197,"Actual Loops": 1,"Workers Planned": 2,"Workers Launched": 2,"Single Copy": false,"Plans": [{"Node Type": "Seq Scan","Parent Relationship": "Outer","Parallel Aware": true,"Async Capable": false,"Relation Name": "part","Alias": "part","Startup Cost": 0.00,"Total Cost": 5347.00,"Plan Rows": 85,"Plan Width": 4,"Actual Startup Time": 1.549,"Actual Total Time": 24.758,"Actual Rows": 66,"Actual Loops": 3,"Filter": "((p_brand = 'Brand#41'::bpchar) AND (p_container = 'MED DRUM'::bpchar))","Rows Removed by Filter": 66601,"Workers": []}]}]},{"Node Type": "Aggregate","Strategy": "Plain","Partial Mode": "Simple","Parent Relationship": "SubPlan","Subplan Name": "SubPlan 1","Parallel Aware": false,"Async Capable": false,"Startup Cost": 127.60,"Total Cost": 127.61,"Plan Rows": 1,"Plan Width": 32,"Actual Startup Time": 0.123,"Actual Total Time": 0.123,"Actual Rows": 1,"Actual Loops": 5946,"Plans": [{"Node Type": "Bitmap Heap Scan","Parent Relationship": "Outer","Parallel Aware": false,"Async Capable": false,"Relation Name": "lineitem","Alias": "lineitem_1","Startup Cost": 4.67,"Total Cost": 127.52,"Plan Rows": 31,"Plan Width": 5,"Actual Startup Time": 0.013,"Actual Total Time": 0.116,"Actual Rows": 31,"Actual Loops": 5946,"Recheck Cond": "(l_partkey = part.p_partkey)","Rows Removed by Index Recheck": 0,"Exact Heap Blocks": 184735,"Lossy Heap Blocks": 0,"Plans": [{"Node Type": "Bitmap Index Scan","Parent Relationship": "Outer","Parallel Aware": false,"Async Capable": false,"Index Name": "idx_lineitem_part_supp","Startup Cost": 0.00,"Total Cost": 4.67,"Plan Rows": 31,"Plan Width": 0,"Actual Startup Time": 0.007,"Actual Total Time": 0.007,"Actual Rows": 31,"Actual Loops": 5946,"Index Cond": "(l_partkey = part.p_partkey)"}]}]}]}]},"Planning Time": 5.065,"Triggers": [],"Execution Time": 4864.786}]
[{"Plan": {"Node Type": "Aggregate","Strategy": "Plain","Partial Mode": "Simple","Parallel Aware": false,"Async Capable": false,"Startup Cost": 195920.37,"Total Cost": 195920.38,"Plan Rows": 1,"Plan Width": 32,"Actual Startup Time": 5090.006,"Actual Total Time": 5090.599,"Actual Rows": 1,"Actual Loops": 1,"Plans": [{"Node Type": "Hash Join","Parent Relationship": "Outer","Parallel Aware": false,"Async Capable": false,"Join Type": "Inner","Startup Cost": 6370.57,"Total Cost": 195915.13,"Plan Rows": 2096,"Plan Width": 8,"Actual Startup Time": 35.710,"Actual Total Time": 5090.406,"Actual Rows": 542,"Actual Loops": 1,"Inner Unique": true,"Hash Cond": "(lineitem.l_partkey = part.p_partkey)","Join Filter": "(lineitem.l_quantity < (SubPlan 1))","Rows Removed by Join Filter": 6126,"Plans": [{"Node Type": "Seq Scan","Parent Relationship": "Outer","Parallel Aware": false,"Async Capable": false,"Relation Name": "lineitem","Alias": "lineitem","Startup Cost": 0.00,"Total Cost": 172515.15,"Plan Rows": 6001215,"Plan Width": 17,"Actual Startup Time": 0.018,"Actual Total Time": 1032.475,"Actual Rows": 6001215,"Actual Loops": 1},{"Node Type": "Hash","Parent Relationship": "Inner","Parallel Aware": false,"Async Capable": false,"Startup Cost": 6367.95,"Total Cost": 6367.95,"Plan Rows": 210,"Plan Width": 4,"Actual Startup Time": 33.102,"Actual Total Time": 33.678,"Actual Rows": 225,"Actual Loops": 1,"Hash Buckets": 1024,"Original Hash Buckets": 1024,"Hash Batches": 1,"Original Hash Batches": 1,"Peak Memory Usage": 16,"Plans": [{"Node Type": "Gather","Parent Relationship": "Outer","Parallel Aware": false,"Async Capable": false,"Startup Cost": 1000.00,"Total Cost": 6367.95,"Plan Rows": 210,"Plan Width": 4,"Actual Startup Time": 0.860,"Actual Total Time": 33.617,"Actual Rows": 225,"Actual Loops": 1,"Workers Planned": 2,"Workers Launched": 2,"Single Copy": false,"Plans": [{"Node Type": "Seq Scan","Parent Relationship": "Outer","Parallel Aware": true,"Async Capable": false,"Relation Name": "part","Alias": "part","Startup Cost": 0.00,"Total Cost": 5347.00,"Plan Rows": 87,"Plan Width": 4,"Actual Startup Time": 0.987,"Actual Total Time": 27.373,"Actual Rows": 75,"Actual Loops": 3,"Filter": "((p_brand = 'Brand#33'::bpchar) AND (p_container = 'WRAP BOX'::bpchar))","Rows Removed by Filter": 66592,"Workers": []}]}]},{"Node Type": "Aggregate","Strategy": "Plain","Partial Mode": "Simple","Parent Relationship": "SubPlan","Subplan Name": "SubPlan 1","Parallel Aware": false,"Async Capable": false,"Startup Cost": 127.60,"Total Cost": 127.61,"Plan Rows": 1,"Plan Width": 32,"Actual Startup Time": 0.147,"Actual Total Time": 0.147,"Actual Rows": 1,"Actual Loops": 6668,"Plans": [{"Node Type": "Bitmap Heap Scan","Parent Relationship": "Outer","Parallel Aware": false,"Async Capable": false,"Relation Name": "lineitem","Alias": "lineitem_1","Startup Cost": 4.67,"Total Cost": 127.52,"Plan Rows": 31,"Plan Width": 5,"Actual Startup Time": 0.015,"Actual Total Time": 0.140,"Actual Rows": 31,"Actual Loops": 6668,"Recheck Cond": "(l_partkey = part.p_partkey)","Rows Removed by Index Recheck": 0,"Exact Heap Blocks": 204292,"Lossy Heap Blocks": 0,"Plans": [{"Node Type": "Bitmap Index Scan","Parent Relationship": "Outer","Parallel Aware": false,"Async Capable": false,"Index Name": "idx_lineitem_part_supp","Startup Cost": 0.00,"Total Cost": 4.67,"Plan Rows": 31,"Plan Width": 0,"Actual Startup Time": 0.008,"Actual Total Time": 0.008,"Actual Rows": 31,"Actual Loops": 6668,"Index Cond": "(l_partkey = part.p_partkey)"}]}]}]}]},"Planning Time": 5.438,"Triggers": [],"Execution Time": 5090.856}]
[{"Plan": {"Node Type": "Aggregate","Strategy": "Plain","Partial Mode": "Simple","Parallel Aware": false,"Async Capable": false,"Startup Cost": 195919.32,"Total Cost": 195919.34,"Plan Rows": 1,"Plan Width": 32,"Actual Startup Time": 4924.854,"Actual Total Time": 4925.502,"Actual Rows": 1,"Actual Loops": 1,"Plans": [{"Node Type": "Hash Join","Parent Relationship": "Outer","Parallel Aware": false,"Async Capable": false,"Join Type": "Inner","Startup Cost": 6369.72,"Total Cost": 195914.27,"Plan Rows": 2020,"Plan Width": 8,"Actual Startup Time": 66.551,"Actual Total Time": 4925.130,"Actual Rows": 593,"Actual Loops": 1,"Inner Unique": true,"Hash Cond": "(lineitem.l_partkey = part.p_partkey)","Join Filter": "(lineitem.l_quantity < (SubPlan 1))","Rows Removed by Join Filter": 5784,"Plans": [{"Node Type": "Seq Scan","Parent Relationship": "Outer","Parallel Aware": false,"Async Capable": false,"Relation Name": "lineitem","Alias": "lineitem","Startup Cost": 0.00,"Total Cost": 172515.15,"Plan Rows": 6001215,"Plan Width": 17,"Actual Startup Time": 0.020,"Actual Total Time": 982.860,"Actual Rows": 6001215,"Actual Loops": 1},{"Node Type": "Hash","Parent Relationship": "Inner","Parallel Aware": false,"Async Capable": false,"Startup Cost": 6367.19,"Total Cost": 6367.19,"Plan Rows": 202,"Plan Width": 4,"Actual Startup Time": 32.301,"Actual Total Time": 32.910,"Actual Rows": 215,"Actual Loops": 1,"Hash Buckets": 1024,"Original Hash Buckets": 1024,"Hash Batches": 1,"Original Hash Batches": 1,"Peak Memory Usage": 16,"Plans": [{"Node Type": "Gather","Parent Relationship": "Outer","Parallel Aware": false,"Async Capable": false,"Startup Cost": 1000.00,"Total Cost": 6367.19,"Plan Rows": 202,"Plan Width": 4,"Actual Startup Time": 1.325,"Actual Total Time": 32.826,"Actual Rows": 215,"Actual Loops": 1,"Workers Planned": 2,"Workers Launched": 2,"Single Copy": false,"Plans": [{"Node Type": "Seq Scan","Parent Relationship": "Outer","Parallel Aware": true,"Async Capable": false,"Relation Name": "part","Alias": "part","Startup Cost": 0.00,"Total Cost": 5347.00,"Plan Rows": 84,"Plan Width": 4,"Actual Startup Time": 1.315,"Actual Total Time": 26.740,"Actual Rows": 72,"Actual Loops": 3,"Filter": "((p_brand = 'Brand#35'::bpchar) AND (p_container = 'MED DRUM'::bpchar))","Rows Removed by Filter": 66595,"Workers": []}]}]},{"Node Type": "Aggregate","Strategy": "Plain","Partial Mode": "Simple","Parent Relationship": "SubPlan","Subplan Name": "SubPlan 1","Parallel Aware": false,"Async Capable": false,"Startup Cost": 127.60,"Total Cost": 127.61,"Plan Rows": 1,"Plan Width": 32,"Actual Startup Time": 0.124,"Actual Total Time": 0.124,"Actual Rows": 1,"Actual Loops": 6377,"Plans": [{"Node Type": "Bitmap Heap Scan","Parent Relationship": "Outer","Parallel Aware": false,"Async Capable": false,"Relation Name": "lineitem","Alias": "lineitem_1","Startup Cost": 4.67,"Total Cost": 127.52,"Plan Rows": 31,"Plan Width": 5,"Actual Startup Time": 0.013,"Actual Total Time": 0.117,"Actual Rows": 31,"Actual Loops": 6377,"Recheck Cond": "(l_partkey = part.p_partkey)","Rows Removed by Index Recheck": 0,"Exact Heap Blocks": 194635,"Lossy Heap Blocks": 0,"Plans": [{"Node Type": "Bitmap Index Scan","Parent Relationship": "Outer","Parallel Aware": false,"Async Capable": false,"Index Name": "idx_lineitem_part_supp","Startup Cost": 0.00,"Total Cost": 4.67,"Plan Rows": 31,"Plan Width": 0,"Actual Startup Time": 0.007,"Actual Total Time": 0.007,"Actual Rows": 31,"Actual Loops": 6377,"Index Cond": "(l_partkey = part.p_partkey)"}]}]}]}]},"Planning Time": 4.527,"Triggers": [],"Execution Time": 4925.882}]
[{"Plan": {"Node Type": "Aggregate","Strategy": "Plain","Partial Mode": "Simple","Parallel Aware": false,"Async Capable": false,"Startup Cost": 195918.76,"Total Cost": 195918.78,"Plan Rows": 1,"Plan Width": 32,"Actual Startup Time": 4892.756,"Actual Total Time": 4893.339,"Actual Rows": 1,"Actual Loops": 1,"Plans": [{"Node Type": "Hash Join","Parent Relationship": "Outer","Parallel Aware": false,"Async Capable": false,"Join Type": "Inner","Startup Cost": 6369.26,"Total Cost": 195913.81,"Plan Rows": 1979,"Plan Width": 8,"Actual Startup Time": 34.693,"Actual Total Time": 4893.142,"Actual Rows": 549,"Actual Loops": 1,"Inner Unique": true,"Hash Cond": "(lineitem.l_partkey = part.p_partkey)","Join Filter": "(lineitem.l_quantity < (SubPlan 1))","Rows Removed by Join Filter": 5278,"Plans": [{"Node Type": "Seq Scan","Parent Relationship": "Outer","Parallel Aware": false,"Async Capable": false,"Relation Name": "lineitem","Alias": "lineitem","Startup Cost": 0.00,"Total Cost": 172515.15,"Plan Rows": 6001215,"Plan Width": 17,"Actual Startup Time": 0.013,"Actual Total Time": 1025.346,"Actual Rows": 6001215,"Actual Loops": 1},{"Node Type": "Hash","Parent Relationship": "Inner","Parallel Aware": false,"Async Capable": false,"Startup Cost": 6366.79,"Total Cost": 6366.79,"Plan Rows": 198,"Plan Width": 4,"Actual Startup Time": 32.204,"Actual Total Time": 32.773,"Actual Rows": 196,"Actual Loops": 1,"Hash Buckets": 1024,"Original Hash Buckets": 1024,"Hash Batches": 1,"Original Hash Batches": 1,"Peak Memory Usage": 15,"Plans": [{"Node Type": "Gather","Parent Relationship": "Outer","Parallel Aware": false,"Async Capable": false,"Startup Cost": 1000.00,"Total Cost": 6366.79,"Plan Rows": 198,"Plan Width": 4,"Actual Startup Time": 0.936,"Actual Total Time": 32.697,"Actual Rows": 196,"Actual Loops": 1,"Workers Planned": 2,"Workers Launched": 2,"Single Copy": false,"Plans": [{"Node Type": "Seq Scan","Parent Relationship": "Outer","Parallel Aware": true,"Async Capable": false,"Relation Name": "part","Alias": "part","Startup Cost": 0.00,"Total Cost": 5347.00,"Plan Rows": 82,"Plan Width": 4,"Actual Startup Time": 0.677,"Actual Total Time": 26.444,"Actual Rows": 65,"Actual Loops": 3,"Filter": "((p_brand = 'Brand#25'::bpchar) AND (p_container = 'SM CAN'::bpchar))","Rows Removed by Filter": 66601,"Workers": []}]}]},{"Node Type": "Aggregate","Strategy": "Plain","Partial Mode": "Simple","Parent Relationship": "SubPlan","Subplan Name": "SubPlan 1","Parallel Aware": false,"Async Capable": false,"Startup Cost": 127.60,"Total Cost": 127.61,"Plan Rows": 1,"Plan Width": 32,"Actual Startup Time": 0.146,"Actual Total Time": 0.146,"Actual Rows": 1,"Actual Loops": 5827,"Plans": [{"Node Type": "Bitmap Heap Scan","Parent Relationship": "Outer","Parallel Aware": false,"Async Capable": false,"Relation Name": "lineitem","Alias": "lineitem_1","Startup Cost": 4.67,"Total Cost": 127.52,"Plan Rows": 31,"Plan Width": 5,"Actual Startup Time": 0.014,"Actual Total Time": 0.138,"Actual Rows": 31,"Actual Loops": 5827,"Recheck Cond": "(l_partkey = part.p_partkey)","Rows Removed by Index Recheck": 0,"Exact Heap Blocks": 179096,"Lossy Heap Blocks": 0,"Plans": [{"Node Type": "Bitmap Index Scan","Parent Relationship": "Outer","Parallel Aware": false,"Async Capable": false,"Index Name": "idx_lineitem_part_supp","Startup Cost": 0.00,"Total Cost": 4.67,"Plan Rows": 31,"Plan Width": 0,"Actual Startup Time": 0.008,"Actual Total Time": 0.008,"Actual Rows": 31,"Actual Loops": 5827,"Index Cond": "(l_partkey = part.p_partkey)"}]}]}]}]},"Planning Time": 4.848,"Triggers": [],"Execution Time": 4893.563}]
[{"Plan": {"Node Type": "Aggregate","Strategy": "Plain","Partial Mode": "Simple","Parallel Aware": false,"Async Capable": false,"Startup Cost": 195920.33,"Total Cost": 195920.34,"Plan Rows": 1,"Plan Width": 32,"Actual Startup Time": 4913.389,"Actual Total Time": 4914.090,"Actual Rows": 1,"Actual Loops": 1,"Plans": [{"Node Type": "Hash Join","Parent Relationship": "Outer","Parallel Aware": false,"Async Capable": false,"Join Type": "Inner","Startup Cost": 6370.54,"Total Cost": 195915.10,"Plan Rows": 2093,"Plan Width": 8,"Actual Startup Time": 40.997,"Actual Total Time": 4913.661,"Actual Rows": 600,"Actual Loops": 1,"Inner Unique": true,"Hash Cond": "(lineitem.l_partkey = part.p_partkey)","Join Filter": "(lineitem.l_quantity < (SubPlan 1))","Rows Removed by Join Filter": 5865,"Plans": [{"Node Type": "Seq Scan","Parent Relationship": "Outer","Parallel Aware": false,"Async Capable": false,"Relation Name": "lineitem","Alias": "lineitem","Startup Cost": 0.00,"Total Cost": 172515.15,"Plan Rows": 6001215,"Plan Width": 17,"Actual Startup Time": 0.022,"Actual Total Time": 977.094,"Actual Rows": 6001215,"Actual Loops": 1},{"Node Type": "Hash","Parent Relationship": "Inner","Parallel Aware": false,"Async Capable": false,"Startup Cost": 6367.93,"Total Cost": 6367.93,"Plan Rows": 209,"Plan Width": 4,"Actual Startup Time": 31.535,"Actual Total Time": 32.213,"Actual Rows": 210,"Actual Loops": 1,"Hash Buckets": 1024,"Original Hash Buckets": 1024,"Hash Batches": 1,"Original Hash Batches": 1,"Peak Memory Usage": 16,"Plans": [{"Node Type": "Gather","Parent Relationship": "Outer","Parallel Aware": false,"Async Capable": false,"Startup Cost": 1000.00,"Total Cost": 6367.93,"Plan Rows": 209,"Plan Width": 4,"Actual Startup Time": 0.824,"Actual Total Time": 32.135,"Actual Rows": 210,"Actual Loops": 1,"Workers Planned": 2,"Workers Launched": 2,"Single Copy": false,"Plans": [{"Node Type": "Seq Scan","Parent Relationship": "Outer","Parallel Aware": true,"Async Capable": false,"Relation Name": "part","Alias": "part","Startup Cost": 0.00,"Total Cost": 5347.00,"Plan Rows": 87,"Plan Width": 4,"Actual Startup Time": 0.246,"Actual Total Time": 25.971,"Actual Rows": 70,"Actual Loops": 3,"Filter": "((p_brand = 'Brand#33'::bpchar) AND (p_container = 'LG PACK'::bpchar))","Rows Removed by Filter": 66597,"Workers": []}]}]},{"Node Type": "Aggregate","Strategy": "Plain","Partial Mode": "Simple","Parent Relationship": "SubPlan","Subplan Name": "SubPlan 1","Parallel Aware": false,"Async Capable": false,"Startup Cost": 127.60,"Total Cost": 127.61,"Plan Rows": 1,"Plan Width": 32,"Actual Startup Time": 0.119,"Actual Total Time": 0.119,"Actual Rows": 1,"Actual Loops": 6465,"Plans": [{"Node Type": "Bitmap Heap Scan","Parent Relationship": "Outer","Parallel Aware": false,"Async Capable": false,"Relation Name": "lineitem","Alias": "lineitem_1","Startup Cost": 4.67,"Total Cost": 127.52,"Plan Rows": 31,"Plan Width": 5,"Actual Startup Time": 0.013,"Actual Total Time": 0.112,"Actual Rows": 32,"Actual Loops": 6465,"Recheck Cond": "(l_partkey = part.p_partkey)","Rows Removed by Index Recheck": 0,"Exact Heap Blocks": 205951,"Lossy Heap Blocks": 0,"Plans": [{"Node Type": "Bitmap Index Scan","Parent Relationship": "Outer","Parallel Aware": false,"Async Capable": false,"Index Name": "idx_lineitem_part_supp","Startup Cost": 0.00,"Total Cost": 4.67,"Plan Rows": 31,"Plan Width": 0,"Actual Startup Time": 0.007,"Actual Total Time": 0.007,"Actual Rows": 32,"Actual Loops": 6465,"Index Cond": "(l_partkey = part.p_partkey)"}]}]}]}]},"Planning Time": 5.368,"Triggers": [],"Execution Time": 4914.461}]
[{"Plan": {"Node Type": "Aggregate","Strategy": "Plain","Partial Mode": "Simple","Parallel Aware": false,"Async Capable": false,"Startup Cost": 195917.60,"Total Cost": 195917.61,"Plan Rows": 1,"Plan Width": 32,"Actual Startup Time": 4822.409,"Actual Total Time": 4823.086,"Actual Rows": 1,"Actual Loops": 1,"Plans": [{"Node Type": "Hash Join","Parent Relationship": "Outer","Parallel Aware": false,"Async Capable": false,"Join Type": "Inner","Startup Cost": 6368.31,"Total Cost": 195912.86,"Plan Rows": 1894,"Plan Width": 8,"Actual Startup Time": 39.851,"Actual Total Time": 4822.730,"Actual Rows": 498,"Actual Loops": 1,"Inner Unique": true,"Hash Cond": "(lineitem.l_partkey = part.p_partkey)","Join Filter": "(lineitem.l_quantity < (SubPlan 1))","Rows Removed by Join Filter": 5209,"Plans": [{"Node Type": "Seq Scan","Parent Relationship": "Outer","Parallel Aware": false,"Async Capable": false,"Relation Name": "lineitem","Alias": "lineitem","Startup Cost": 0.00,"Total Cost": 172515.15,"Plan Rows": 6001215,"Plan Width": 17,"Actual Startup Time": 0.015,"Actual Total Time": 981.642,"Actual Rows": 6001215,"Actual Loops": 1},{"Node Type": "Hash","Parent Relationship": "Inner","Parallel Aware": false,"Async Capable": false,"Startup Cost": 6365.94,"Total Cost": 6365.94,"Plan Rows": 189,"Plan Width": 4,"Actual Startup Time": 33.528,"Actual Total Time": 34.172,"Actual Rows": 190,"Actual Loops": 1,"Hash Buckets": 1024,"Original Hash Buckets": 1024,"Hash Batches": 1,"Original Hash Batches": 1,"Peak Memory Usage": 15,"Plans": [{"Node Type": "Gather","Parent Relationship": "Outer","Parallel Aware": false,"Async Capable": false,"Startup Cost": 1000.00,"Total Cost": 6365.94,"Plan Rows": 189,"Plan Width": 4,"Actual Startup Time": 0.994,"Actual Total Time": 34.094,"Actual Rows": 190,"Actual Loops": 1,"Workers Planned": 2,"Workers Launched": 2,"Single Copy": false,"Plans": [{"Node Type": "Seq Scan","Parent Relationship": "Outer","Parallel Aware": true,"Async Capable": false,"Relation Name": "part","Alias": "part","Startup Cost": 0.00,"Total Cost": 5347.00,"Plan Rows": 79,"Plan Width": 4,"Actual Startup Time": 2.293,"Actual Total Time": 27.986,"Actual Rows": 63,"Actual Loops": 3,"Filter": "((p_brand = 'Brand#54'::bpchar) AND (p_container = 'JUMBO BOX'::bpchar))","Rows Removed by Filter": 66603,"Workers": []}]}]},{"Node Type": "Aggregate","Strategy": "Plain","Partial Mode": "Simple","Parent Relationship": "SubPlan","Subplan Name": "SubPlan 1","Parallel Aware": false,"Async Capable": false,"Startup Cost": 127.60,"Total Cost": 127.61,"Plan Rows": 1,"Plan Width": 32,"Actual Startup Time": 0.124,"Actual Total Time": 0.124,"Actual Rows": 1,"Actual Loops": 5707,"Plans": [{"Node Type": "Bitmap Heap Scan","Parent Relationship": "Outer","Parallel Aware": false,"Async Capable": false,"Relation Name": "lineitem","Alias": "lineitem_1","Startup Cost": 4.67,"Total Cost": 127.52,"Plan Rows": 31,"Plan Width": 5,"Actual Startup Time": 0.013,"Actual Total Time": 0.117,"Actual Rows": 31,"Actual Loops": 5707,"Recheck Cond": "(l_partkey = part.p_partkey)","Rows Removed by Index Recheck": 0,"Exact Heap Blocks": 177037,"Lossy Heap Blocks": 0,"Plans": [{"Node Type": "Bitmap Index Scan","Parent Relationship": "Outer","Parallel Aware": false,"Async Capable": false,"Index Name": "idx_lineitem_part_supp","Startup Cost": 0.00,"Total Cost": 4.67,"Plan Rows": 31,"Plan Width": 0,"Actual Startup Time": 0.007,"Actual Total Time": 0.007,"Actual Rows": 31,"Actual Loops": 5707,"Index Cond": "(l_partkey = part.p_partkey)"}]}]}]}]},"Planning Time": 5.725,"Triggers": [],"Execution Time": 4823.435}]
[{"Plan": {"Node Type": "Aggregate","Strategy": "Plain","Partial Mode": "Simple","Parallel Aware": false,"Async Capable": false,"Startup Cost": 195918.70,"Total Cost": 195918.72,"Plan Rows": 1,"Plan Width": 32,"Actual Startup Time": 4914.565,"Actual Total Time": 4915.109,"Actual Rows": 1,"Actual Loops": 1,"Plans": [{"Node Type": "Hash Join","Parent Relationship": "Outer","Parallel Aware": false,"Async Capable": false,"Join Type": "Inner","Startup Cost": 6369.21,"Total Cost": 195913.76,"Plan Rows": 1975,"Plan Width": 8,"Actual Startup Time": 44.536,"Actual Total Time": 4914.875,"Actual Rows": 541,"Actual Loops": 1,"Inner Unique": true,"Hash Cond": "(lineitem.l_partkey = part.p_partkey)","Join Filter": "(lineitem.l_quantity < (SubPlan 1))","Rows Removed by Join Filter": 5661,"Plans": [{"Node Type": "Seq Scan","Parent Relationship": "Outer","Parallel Aware": false,"Async Capable": false,"Relation Name": "lineitem","Alias": "lineitem","Startup Cost": 0.00,"Total Cost": 172515.15,"Plan Rows": 6001215,"Plan Width": 17,"Actual Startup Time": 0.017,"Actual Total Time": 1024.826,"Actual Rows": 6001215,"Actual Loops": 1},{"Node Type": "Hash","Parent Relationship": "Inner","Parallel Aware": false,"Async Capable": false,"Startup Cost": 6366.74,"Total Cost": 6366.74,"Plan Rows": 197,"Plan Width": 4,"Actual Startup Time": 33.632,"Actual Total Time": 34.159,"Actual Rows": 205,"Actual Loops": 1,"Hash Buckets": 1024,"Original Hash Buckets": 1024,"Hash Batches": 1,"Original Hash Batches": 1,"Peak Memory Usage": 16,"Plans": [{"Node Type": "Gather","Parent Relationship": "Outer","Parallel Aware": false,"Async Capable": false,"Startup Cost": 1000.00,"Total Cost": 6366.74,"Plan Rows": 197,"Plan Width": 4,"Actual Startup Time": 1.034,"Actual Total Time": 34.107,"Actual Rows": 205,"Actual Loops": 1,"Workers Planned": 2,"Workers Launched": 2,"Single Copy": false,"Plans": [{"Node Type": "Seq Scan","Parent Relationship": "Outer","Parallel Aware": true,"Async Capable": false,"Relation Name": "part","Alias": "part","Startup Cost": 0.00,"Total Cost": 5347.00,"Plan Rows": 82,"Plan Width": 4,"Actual Startup Time": 0.494,"Actual Total Time": 27.426,"Actual Rows": 68,"Actual Loops": 3,"Filter": "((p_brand = 'Brand#41'::bpchar) AND (p_container = 'WRAP PKG'::bpchar))","Rows Removed by Filter": 66598,"Workers": []}]}]},{"Node Type": "Aggregate","Strategy": "Plain","Partial Mode": "Simple","Parent Relationship": "SubPlan","Subplan Name": "SubPlan 1","Parallel Aware": false,"Async Capable": false,"Startup Cost": 127.60,"Total Cost": 127.61,"Plan Rows": 1,"Plan Width": 32,"Actual Startup Time": 0.133,"Actual Total Time": 0.133,"Actual Rows": 1,"Actual Loops": 6202,"Plans": [{"Node Type": "Bitmap Heap Scan","Parent Relationship": "Outer","Parallel Aware": false,"Async Capable": false,"Relation Name": "lineitem","Alias": "lineitem_1","Startup Cost": 4.67,"Total Cost": 127.52,"Plan Rows": 31,"Plan Width": 5,"Actual Startup Time": 0.014,"Actual Total Time": 0.126,"Actual Rows": 31,"Actual Loops": 6202,"Recheck Cond": "(l_partkey = part.p_partkey)","Rows Removed by Index Recheck": 0,"Exact Heap Blocks": 194194,"Lossy Heap Blocks": 0,"Plans": [{"Node Type": "Bitmap Index Scan","Parent Relationship": "Outer","Parallel Aware": false,"Async Capable": false,"Index Name": "idx_lineitem_part_supp","Startup Cost": 0.00,"Total Cost": 4.67,"Plan Rows": 31,"Plan Width": 0,"Actual Startup Time": 0.008,"Actual Total Time": 0.008,"Actual Rows": 31,"Actual Loops": 6202,"Index Cond": "(l_partkey = part.p_partkey)"}]}]}]}]},"Planning Time": 5.917,"Triggers": [],"Execution Time": 4915.466}]
[{"Plan": {"Node Type": "Aggregate","Strategy": "Plain","Partial Mode": "Simple","Parallel Aware": false,"Async Capable": false,"Startup Cost": 195919.53,"Total Cost": 195919.55,"Plan Rows": 1,"Plan Width": 32,"Actual Startup Time": 4933.780,"Actual Total Time": 4934.416,"Actual Rows": 1,"Actual Loops": 1,"Plans": [{"Node Type": "Hash Join","Parent Relationship": "Outer","Parallel Aware": false,"Async Capable": false,"Join Type": "Inner","Startup Cost": 6369.89,"Total Cost": 195914.44,"Plan Rows": 2035,"Plan Width": 8,"Actual Startup Time": 35.617,"Actual Total Time": 4934.010,"Actual Rows": 601,"Actual Loops": 1,"Inner Unique": true,"Hash Cond": "(lineitem.l_partkey = part.p_partkey)","Join Filter": "(lineitem.l_quantity < (SubPlan 1))","Rows Removed by Join Filter": 5937,"Plans": [{"Node Type": "Seq Scan","Parent Relationship": "Outer","Parallel Aware": false,"Async Capable": false,"Relation Name": "lineitem","Alias": "lineitem","Startup Cost": 0.00,"Total Cost": 172515.15,"Plan Rows": 6001215,"Plan Width": 17,"Actual Startup Time": 0.011,"Actual Total Time": 968.237,"Actual Rows": 6001215,"Actual Loops": 1},{"Node Type": "Hash","Parent Relationship": "Inner","Parallel Aware": false,"Async Capable": false,"Startup Cost": 6367.35,"Total Cost": 6367.35,"Plan Rows": 203,"Plan Width": 4,"Actual Startup Time": 31.919,"Actual Total Time": 32.504,"Actual Rows": 216,"Actual Loops": 1,"Hash Buckets": 1024,"Original Hash Buckets": 1024,"Hash Batches": 1,"Original Hash Batches": 1,"Peak Memory Usage": 16,"Plans": [{"Node Type": "Gather","Parent Relationship": "Outer","Parallel Aware": false,"Async Capable": false,"Startup Cost": 1000.00,"Total Cost": 6367.35,"Plan Rows": 203,"Plan Width": 4,"Actual Startup Time": 2.102,"Actual Total Time": 32.412,"Actual Rows": 216,"Actual Loops": 1,"Workers Planned": 2,"Workers Launched": 2,"Single Copy": false,"Plans": [{"Node Type": "Seq Scan","Parent Relationship": "Outer","Parallel Aware": true,"Async Capable": false,"Relation Name": "part","Alias": "part","Startup Cost": 0.00,"Total Cost": 5347.00,"Plan Rows": 85,"Plan Width": 4,"Actual Startup Time": 1.651,"Actual Total Time": 26.383,"Actual Rows": 72,"Actual Loops": 3,"Filter": "((p_brand = 'Brand#12'::bpchar) AND (p_container = 'WRAP CAN'::bpchar))","Rows Removed by Filter": 66595,"Workers": []}]}]},{"Node Type": "Aggregate","Strategy": "Plain","Partial Mode": "Simple","Parent Relationship": "SubPlan","Subplan Name": "SubPlan 1","Parallel Aware": false,"Async Capable": false,"Startup Cost": 127.60,"Total Cost": 127.61,"Plan Rows": 1,"Plan Width": 32,"Actual Startup Time": 0.122,"Actual Total Time": 0.122,"Actual Rows": 1,"Actual Loops": 6538,"Plans": [{"Node Type": "Bitmap Heap Scan","Parent Relationship": "Outer","Parallel Aware": false,"Async Capable": false,"Relation Name": "lineitem","Alias": "lineitem_1","Startup Cost": 4.67,"Total Cost": 127.52,"Plan Rows": 31,"Plan Width": 5,"Actual Startup Time": 0.013,"Actual Total Time": 0.115,"Actual Rows": 31,"Actual Loops": 6538,"Recheck Cond": "(l_partkey = part.p_partkey)","Rows Removed by Index Recheck": 0,"Exact Heap Blocks": 204790,"Lossy Heap Blocks": 0,"Plans": [{"Node Type": "Bitmap Index Scan","Parent Relationship": "Outer","Parallel Aware": false,"Async Capable": false,"Index Name": "idx_lineitem_part_supp","Startup Cost": 0.00,"Total Cost": 4.67,"Plan Rows": 31,"Plan Width": 0,"Actual Startup Time": 0.007,"Actual Total Time": 0.007,"Actual Rows": 31,"Actual Loops": 6538,"Index Cond": "(l_partkey = part.p_partkey)"}]}]}]}]},"Planning Time": 4.724,"Triggers": [],"Execution Time": 4934.797}]
[{"Plan": {"Node Type": "Aggregate","Strategy": "Plain","Partial Mode": "Simple","Parallel Aware": false,"Async Capable": false,"Startup Cost": 195918.20,"Total Cost": 195918.21,"Plan Rows": 1,"Plan Width": 32,"Actual Startup Time": 4783.249,"Actual Total Time": 4783.965,"Actual Rows": 1,"Actual Loops": 1,"Plans": [{"Node Type": "Hash Join","Parent Relationship": "Outer","Parallel Aware": false,"Async Capable": false,"Join Type": "Inner","Startup Cost": 6368.80,"Total Cost": 195913.35,"Plan Rows": 1938,"Plan Width": 8,"Actual Startup Time": 44.282,"Actual Total Time": 4783.553,"Actual Rows": 521,"Actual Loops": 1,"Inner Unique": true,"Hash Cond": "(lineitem.l_partkey = part.p_partkey)","Join Filter": "(lineitem.l_quantity < (SubPlan 1))","Rows Removed by Join Filter": 5253,"Plans": [{"Node Type": "Seq Scan","Parent Relationship": "Outer","Parallel Aware": false,"Async Capable": false,"Relation Name": "lineitem","Alias": "lineitem","Startup Cost": 0.00,"Total Cost": 172515.15,"Plan Rows": 6001215,"Plan Width": 17,"Actual Startup Time": 0.019,"Actual Total Time": 939.855,"Actual Rows": 6001215,"Actual Loops": 1},{"Node Type": "Hash","Parent Relationship": "Inner","Parallel Aware": false,"Async Capable": false,"Startup Cost": 6366.38,"Total Cost": 6366.38,"Plan Rows": 194,"Plan Width": 4,"Actual Startup Time": 32.627,"Actual Total Time": 33.307,"Actual Rows": 195,"Actual Loops": 1,"Hash Buckets": 1024,"Original Hash Buckets": 1024,"Hash Batches": 1,"Original Hash Batches": 1,"Peak Memory Usage": 15,"Plans": [{"Node Type": "Gather","Parent Relationship": "Outer","Parallel Aware": false,"Async Capable": false,"Startup Cost": 1000.00,"Total Cost": 6366.38,"Plan Rows": 194,"Plan Width": 4,"Actual Startup Time": 1.325,"Actual Total Time": 33.238,"Actual Rows": 195,"Actual Loops": 1,"Workers Planned": 2,"Workers Launched": 2,"Single Copy": false,"Plans": [{"Node Type": "Seq Scan","Parent Relationship": "Outer","Parallel Aware": true,"Async Capable": false,"Relation Name": "part","Alias": "part","Startup Cost": 0.00,"Total Cost": 5347.00,"Plan Rows": 81,"Plan Width": 4,"Actual Startup Time": 1.098,"Actual Total Time": 27.041,"Actual Rows": 65,"Actual Loops": 3,"Filter": "((p_brand = 'Brand#24'::bpchar) AND (p_container = 'SM CASE'::bpchar))","Rows Removed by Filter": 66602,"Workers": []}]}]},{"Node Type": "Aggregate","Strategy": "Plain","Partial Mode": "Simple","Parent Relationship": "SubPlan","Subplan Name": "SubPlan 1","Parallel Aware": false,"Async Capable": false,"Startup Cost": 127.60,"Total Cost": 127.61,"Plan Rows": 1,"Plan Width": 32,"Actual Startup Time": 0.117,"Actual Total Time": 0.117,"Actual Rows": 1,"Actual Loops": 5774,"Plans": [{"Node Type": "Bitmap Heap Scan","Parent Relationship": "Outer","Parallel Aware": false,"Async Capable": false,"Relation Name": "lineitem","Alias": "lineitem_1","Startup Cost": 4.67,"Total Cost": 127.52,"Plan Rows": 31,"Plan Width": 5,"Actual Startup Time": 0.013,"Actual Total Time": 0.110,"Actual Rows": 31,"Actual Loops": 5774,"Recheck Cond": "(l_partkey = part.p_partkey)","Rows Removed by Index Recheck": 0,"Exact Heap Blocks": 176122,"Lossy Heap Blocks": 0,"Plans": [{"Node Type": "Bitmap Index Scan","Parent Relationship": "Outer","Parallel Aware": false,"Async Capable": false,"Index Name": "idx_lineitem_part_supp","Startup Cost": 0.00,"Total Cost": 4.67,"Plan Rows": 31,"Plan Width": 0,"Actual Startup Time": 0.007,"Actual Total Time": 0.007,"Actual Rows": 31,"Actual Loops": 5774,"Index Cond": "(l_partkey = part.p_partkey)"}]}]}]}]},"Planning Time": 4.727,"Triggers": [],"Execution Time": 4784.328}]
[{"Plan": {"Node Type": "Aggregate","Strategy": "Plain","Partial Mode": "Simple","Parallel Aware": false,"Async Capable": false,"Startup Cost": 195922.40,"Total Cost": 195922.41,"Plan Rows": 1,"Plan Width": 32,"Actual Startup Time": 5048.488,"Actual Total Time": 5049.052,"Actual Rows": 1,"Actual Loops": 1,"Plans": [{"Node Type": "Hash Join","Parent Relationship": "Outer","Parallel Aware": false,"Async Capable": false,"Join Type": "Inner","Startup Cost": 6372.23,"Total Cost": 195916.79,"Plan Rows": 2243,"Plan Width": 8,"Actual Startup Time": 31.373,"Actual Total Time": 5048.831,"Actual Rows": 610,"Actual Loops": 1,"Inner Unique": true,"Hash Cond": "(lineitem.l_partkey = part.p_partkey)","Join Filter": "(lineitem.l_quantity < (SubPlan 1))","Rows Removed by Join Filter": 6135,"Plans": [{"Node Type": "Seq Scan","Parent Relationship": "Outer","Parallel Aware": false,"Async Capable": false,"Relation Name": "lineitem","Alias": "lineitem","Startup Cost": 0.00,"Total Cost": 172515.15,"Plan Rows": 6001215,"Plan Width": 17,"Actual Startup Time": 0.013,"Actual Total Time": 1031.486,"Actual Rows": 6001215,"Actual Loops": 1},{"Node Type": "Hash","Parent Relationship": "Inner","Parallel Aware": false,"Async Capable": false,"Startup Cost": 6369.43,"Total Cost": 6369.43,"Plan Rows": 224,"Plan Width": 4,"Actual Startup Time": 30.734,"Actual Total Time": 31.283,"Actual Rows": 228,"Actual Loops": 1,"Hash Buckets": 1024,"Original Hash Buckets": 1024,"Hash Batches": 1,"Original Hash Batches": 1,"Peak Memory Usage": 17,"Plans": [{"Node Type": "Gather","Parent Relationship": "Outer","Parallel Aware": false,"Async Capable": false,"Startup Cost": 1000.00,"Total Cost": 6369.43,"Plan Rows": 224,"Plan Width": 4,"Actual Startup Time": 1.116,"Actual Total Time": 31.220,"Actual Rows": 228,"Actual Loops": 1,"Workers Planned": 2,"Workers Launched": 2,"Single Copy": false,"Plans": [{"Node Type": "Seq Scan","Parent Relationship": "Outer","Parallel Aware": true,"Async Capable": false,"Relation Name": "part","Alias": "part","Startup Cost": 0.00,"Total Cost": 5347.00,"Plan Rows": 93,"Plan Width": 4,"Actual Startup Time": 0.541,"Actual Total Time": 25.063,"Actual Rows": 76,"Actual Loops": 3,"Filter": "((p_brand = 'Brand#33'::bpchar) AND (p_container = 'JUMBO CAN'::bpchar))","Rows Removed by Filter": 66591,"Workers": []}]}]},{"Node Type": "Aggregate","Strategy": "Plain","Partial Mode": "Simple","Parent Relationship": "SubPlan","Subplan Name": "SubPlan 1","Parallel Aware": false,"Async Capable": false,"Startup Cost": 127.60,"Total Cost": 127.61,"Plan Rows": 1,"Plan Width": 32,"Actual Startup Time": 0.148,"Actual Total Time": 0.148,"Actual Rows": 1,"Actual Loops": 6745,"Plans": [{"Node Type": "Bitmap Heap Scan","Parent Relationship": "Outer","Parallel Aware": false,"Async Capable": false,"Relation Name": "lineitem","Alias": "lineitem_1","Startup Cost": 4.67,"Total Cost": 127.52,"Plan Rows": 31,"Plan Width": 5,"Actual Startup Time": 0.015,"Actual Total Time": 0.140,"Actual Rows": 31,"Actual Loops": 6745,"Recheck Cond": "(l_partkey = part.p_partkey)","Rows Removed by Index Recheck": 0,"Exact Heap Blocks": 206012,"Lossy Heap Blocks": 0,"Plans": [{"Node Type": "Bitmap Index Scan","Parent Relationship": "Outer","Parallel Aware": false,"Async Capable": false,"Index Name": "idx_lineitem_part_supp","Startup Cost": 0.00,"Total Cost": 4.67,"Plan Rows": 31,"Plan Width": 0,"Actual Startup Time": 0.008,"Actual Total Time": 0.008,"Actual Rows": 31,"Actual Loops": 6745,"Index Cond": "(l_partkey = part.p_partkey)"}]}]}]}]},"Planning Time": 4.607,"Triggers": [],"Execution Time": 5049.338}]
[{"Plan": {"Node Type": "Aggregate","Strategy": "Plain","Partial Mode": "Simple","Parallel Aware": false,"Async Capable": false,"Startup Cost": 195921.07,"Total Cost": 195921.08,"Plan Rows": 1,"Plan Width": 32,"Actual Startup Time": 5007.943,"Actual Total Time": 5008.525,"Actual Rows": 1,"Actual Loops": 1,"Plans": [{"Node Type": "Hash Join","Parent Relationship": "Outer","Parallel Aware": false,"Async Capable": false,"Join Type": "Inner","Startup Cost": 6371.15,"Total Cost": 195915.70,"Plan Rows": 2147,"Plan Width": 8,"Actual Startup Time": 41.748,"Actual Total Time": 5008.284,"Actual Rows": 587,"Actual Loops": 1,"Inner Unique": true,"Hash Cond": "(lineitem.l_partkey = part.p_partkey)","Join Filter": "(lineitem.l_quantity < (SubPlan 1))","Rows Removed by Join Filter": 5803,"Plans": [{"Node Type": "Seq Scan","Parent Relationship": "Outer","Parallel Aware": false,"Async Capable": false,"Relation Name": "lineitem","Alias": "lineitem","Startup Cost": 0.00,"Total Cost": 172515.15,"Plan Rows": 6001215,"Plan Width": 17,"Actual Startup Time": 0.017,"Actual Total Time": 1023.097,"Actual Rows": 6001215,"Actual Loops": 1},{"Node Type": "Hash","Parent Relationship": "Inner","Parallel Aware": false,"Async Capable": false,"Startup Cost": 6368.47,"Total Cost": 6368.47,"Plan Rows": 215,"Plan Width": 4,"Actual Startup Time": 29.217,"Actual Total Time": 29.786,"Actual Rows": 206,"Actual Loops": 1,"Hash Buckets": 1024,"Original Hash Buckets": 1024,"Hash Batches": 1,"Original Hash Batches": 1,"Peak Memory Usage": 16,"Plans": [{"Node Type": "Gather","Parent Relationship": "Outer","Parallel Aware": false,"Async Capable": false,"Startup Cost": 1000.00,"Total Cost": 6368.47,"Plan Rows": 215,"Plan Width": 4,"Actual Startup Time": 1.439,"Actual Total Time": 29.706,"Actual Rows": 206,"Actual Loops": 1,"Workers Planned": 2,"Workers Launched": 2,"Single Copy": false,"Plans": [{"Node Type": "Seq Scan","Parent Relationship": "Outer","Parallel Aware": true,"Async Capable": false,"Relation Name": "part","Alias": "part","Startup Cost": 0.00,"Total Cost": 5347.00,"Plan Rows": 89,"Plan Width": 4,"Actual Startup Time": 0.739,"Actual Total Time": 23.806,"Actual Rows": 69,"Actual Loops": 3,"Filter": "((p_brand = 'Brand#33'::bpchar) AND (p_container = 'WRAP JAR'::bpchar))","Rows Removed by Filter": 66598,"Workers": []}]}]},{"Node Type": "Aggregate","Strategy": "Plain","Partial Mode": "Simple","Parent Relationship": "SubPlan","Subplan Name": "SubPlan 1","Parallel Aware": false,"Async Capable": false,"Startup Cost": 127.60,"Total Cost": 127.61,"Plan Rows": 1,"Plan Width": 32,"Actual Startup Time": 0.149,"Actual Total Time": 0.149,"Actual Rows": 1,"Actual Loops": 6390,"Plans": [{"Node Type": "Bitmap Heap Scan","Parent Relationship": "Outer","Parallel Aware": false,"Async Capable": false,"Relation Name": "lineitem","Alias": "lineitem_1","Startup Cost": 4.67,"Total Cost": 127.52,"Plan Rows": 31,"Plan Width": 5,"Actual Startup Time": 0.014,"Actual Total Time": 0.141,"Actual Rows": 32,"Actual Loops": 6390,"Recheck Cond": "(l_partkey = part.p_partkey)","Rows Removed by Index Recheck": 0,"Exact Heap Blocks": 203598,"Lossy Heap Blocks": 0,"Plans": [{"Node Type": "Bitmap Index Scan","Parent Relationship": "Outer","Parallel Aware": false,"Async Capable": false,"Index Name": "idx_lineitem_part_supp","Startup Cost": 0.00,"Total Cost": 4.67,"Plan Rows": 31,"Plan Width": 0,"Actual Startup Time": 0.008,"Actual Total Time": 0.008,"Actual Rows": 32,"Actual Loops": 6390,"Index Cond": "(l_partkey = part.p_partkey)"}]}]}]}]},"Planning Time": 5.952,"Triggers": [],"Execution Time": 5008.738}]
[{"Plan": {"Node Type": "Aggregate","Strategy": "Plain","Partial Mode": "Simple","Parallel Aware": false,"Async Capable": false,"Startup Cost": 195917.90,"Total Cost": 195917.91,"Plan Rows": 1,"Plan Width": 32,"Actual Startup Time": 4814.567,"Actual Total Time": 4815.355,"Actual Rows": 1,"Actual Loops": 1,"Plans": [{"Node Type": "Hash Join","Parent Relationship": "Outer","Parallel Aware": false,"Async Capable": false,"Join Type": "Inner","Startup Cost": 6368.55,"Total Cost": 195913.11,"Plan Rows": 1916,"Plan Width": 8,"Actual Startup Time": 32.475,"Actual Total Time": 4814.971,"Actual Rows": 489,"Actual Loops": 1,"Inner Unique": true,"Hash Cond": "(lineitem.l_partkey = part.p_partkey)","Join Filter": "(lineitem.l_quantity < (SubPlan 1))","Rows Removed by Join Filter": 5252,"Plans": [{"Node Type": "Seq Scan","Parent Relationship": "Outer","Parallel Aware": false,"Async Capable": false,"Relation Name": "lineitem","Alias": "lineitem","Startup Cost": 0.00,"Total Cost": 172515.15,"Plan Rows": 6001215,"Plan Width": 17,"Actual Startup Time": 0.019,"Actual Total Time": 945.404,"Actual Rows": 6001215,"Actual Loops": 1},{"Node Type": "Hash","Parent Relationship": "Inner","Parallel Aware": false,"Async Capable": false,"Startup Cost": 6366.16,"Total Cost": 6366.16,"Plan Rows": 192,"Plan Width": 4,"Actual Startup Time": 31.017,"Actual Total Time": 31.768,"Actual Rows": 192,"Actual Loops": 1,"Hash Buckets": 1024,"Original Hash Buckets": 1024,"Hash Batches": 1,"Original Hash Batches": 1,"Peak Memory Usage": 15,"Plans": [{"Node Type": "Gather","Parent Relationship": "Outer","Parallel Aware": false,"Async Capable": false,"Startup Cost": 1000.00,"Total Cost": 6366.16,"Plan Rows": 192,"Plan Width": 4,"Actual Startup Time": 1.388,"Actual Total Time": 31.671,"Actual Rows": 192,"Actual Loops": 1,"Workers Planned": 2,"Workers Launched": 2,"Single Copy": false,"Plans": [{"Node Type": "Seq Scan","Parent Relationship": "Outer","Parallel Aware": true,"Async Capable": false,"Relation Name": "part","Alias": "part","Startup Cost": 0.00,"Total Cost": 5347.00,"Plan Rows": 80,"Plan Width": 4,"Actual Startup Time": 0.855,"Actual Total Time": 25.032,"Actual Rows": 64,"Actual Loops": 3,"Filter": "((p_brand = 'Brand#22'::bpchar) AND (p_container = 'JUMBO CASE'::bpchar))","Rows Removed by Filter": 66603,"Workers": []}]}]},{"Node Type": "Aggregate","Strategy": "Plain","Partial Mode": "Simple","Parent Relationship": "SubPlan","Subplan Name": "SubPlan 1","Parallel Aware": false,"Async Capable": false,"Startup Cost": 127.60,"Total Cost": 127.61,"Plan Rows": 1,"Plan Width": 32,"Actual Startup Time": 0.125,"Actual Total Time": 0.125,"Actual Rows": 1,"Actual Loops": 5741,"Plans": [{"Node Type": "Bitmap Heap Scan","Parent Relationship": "Outer","Parallel Aware": false,"Async Capable": false,"Relation Name": "lineitem","Alias": "lineitem_1","Startup Cost": 4.67,"Total Cost": 127.52,"Plan Rows": 31,"Plan Width": 5,"Actual Startup Time": 0.014,"Actual Total Time": 0.117,"Actual Rows": 31,"Actual Loops": 5741,"Recheck Cond": "(l_partkey = part.p_partkey)","Rows Removed by Index Recheck": 0,"Exact Heap Blocks": 178140,"Lossy Heap Blocks": 0,"Plans": [{"Node Type": "Bitmap Index Scan","Parent Relationship": "Outer","Parallel Aware": false,"Async Capable": false,"Index Name": "idx_lineitem_part_supp","Startup Cost": 0.00,"Total Cost": 4.67,"Plan Rows": 31,"Plan Width": 0,"Actual Startup Time": 0.007,"Actual Total Time": 0.007,"Actual Rows": 31,"Actual Loops": 5741,"Index Cond": "(l_partkey = part.p_partkey)"}]}]}]}]},"Planning Time": 4.446,"Triggers": [],"Execution Time": 4815.732}]
[{"Plan": {"Node Type": "Aggregate","Strategy": "Plain","Partial Mode": "Simple","Parallel Aware": false,"Async Capable": false,"Startup Cost": 195919.41,"Total Cost": 195919.42,"Plan Rows": 1,"Plan Width": 32,"Actual Startup Time": 4888.220,"Actual Total Time": 4888.582,"Actual Rows": 1,"Actual Loops": 1,"Plans": [{"Node Type": "Hash Join","Parent Relationship": "Outer","Parallel Aware": false,"Async Capable": false,"Join Type": "Inner","Startup Cost": 6369.79,"Total Cost": 195914.34,"Plan Rows": 2026,"Plan Width": 8,"Actual Startup Time": 75.425,"Actual Total Time": 4888.347,"Actual Rows": 499,"Actual Loops": 1,"Inner Unique": true,"Hash Cond": "(lineitem.l_partkey = part.p_partkey)","Join Filter": "(lineitem.l_quantity < (SubPlan 1))","Rows Removed by Join Filter": 5095,"Plans": [{"Node Type": "Seq Scan","Parent Relationship": "Outer","Parallel Aware": false,"Async Capable": false,"Relation Name": "lineitem","Alias": "lineitem","Startup Cost": 0.00,"Total Cost": 172515.15,"Plan Rows": 6001215,"Plan Width": 17,"Actual Startup Time": 0.013,"Actual Total Time": 941.703,"Actual Rows": 6001215,"Actual Loops": 1},{"Node Type": "Hash","Parent Relationship": "Inner","Parallel Aware": false,"Async Capable": false,"Startup Cost": 6367.26,"Total Cost": 6367.26,"Plan Rows": 203,"Plan Width": 4,"Actual Startup Time": 32.676,"Actual Total Time": 33.022,"Actual Rows": 190,"Actual Loops": 1,"Hash Buckets": 1024,"Original Hash Buckets": 1024,"Hash Batches": 1,"Original Hash Batches": 1,"Peak Memory Usage": 15,"Plans": [{"Node Type": "Gather","Parent Relationship": "Outer","Parallel Aware": false,"Async Capable": false,"Startup Cost": 1000.00,"Total Cost": 6367.26,"Plan Rows": 203,"Plan Width": 4,"Actual Startup Time": 1.457,"Actual Total Time": 32.950,"Actual Rows": 190,"Actual Loops": 1,"Workers Planned": 2,"Workers Launched": 2,"Single Copy": false,"Plans": [{"Node Type": "Seq Scan","Parent Relationship": "Outer","Parallel Aware": true,"Async Capable": false,"Relation Name": "part","Alias": "part","Startup Cost": 0.00,"Total Cost": 5347.00,"Plan Rows": 84,"Plan Width": 4,"Actual Startup Time": 0.589,"Actual Total Time": 27.300,"Actual Rows": 63,"Actual Loops": 3,"Filter": "((p_brand = 'Brand#31'::bpchar) AND (p_container = 'JUMBO BAG'::bpchar))","Rows Removed by Filter": 66603,"Workers": []}]}]},{"Node Type": "Aggregate","Strategy": "Plain","Partial Mode": "Simple","Parent Relationship": "SubPlan","Subplan Name": "SubPlan 1","Parallel Aware": false,"Async Capable": false,"Startup Cost": 127.60,"Total Cost": 127.61,"Plan Rows": 1,"Plan Width": 32,"Actual Startup Time": 0.125,"Actual Total Time": 0.125,"Actual Rows": 1,"Actual Loops": 5594,"Plans": [{"Node Type": "Bitmap Heap Scan","Parent Relationship": "Outer","Parallel Aware": false,"Async Capable": false,"Relation Name": "lineitem","Alias": "lineitem_1","Startup Cost": 4.67,"Total Cost": 127.52,"Plan Rows": 31,"Plan Width": 5,"Actual Startup Time": 0.014,"Actual Total Time": 0.118,"Actual Rows": 31,"Actual Loops": 5594,"Recheck Cond": "(l_partkey = part.p_partkey)","Rows Removed by Index Recheck": 0,"Exact Heap Blocks": 170683,"Lossy Heap Blocks": 0,"Plans": [{"Node Type": "Bitmap Index Scan","Parent Relationship": "Outer","Parallel Aware": false,"Async Capable": false,"Index Name": "idx_lineitem_part_supp","Startup Cost": 0.00,"Total Cost": 4.67,"Plan Rows": 31,"Plan Width": 0,"Actual Startup Time": 0.007,"Actual Total Time": 0.007,"Actual Rows": 31,"Actual Loops": 5594,"Index Cond": "(l_partkey = part.p_partkey)"}]}]}]}]},"Planning Time": 5.978,"Triggers": [],"Execution Time": 4888.823}]
[{"Plan": {"Node Type": "Aggregate","Strategy": "Plain","Partial Mode": "Simple","Parallel Aware": false,"Async Capable": false,"Startup Cost": 195918.68,"Total Cost": 195918.69,"Plan Rows": 1,"Plan Width": 32,"Actual Startup Time": 4678.556,"Actual Total Time": 4679.354,"Actual Rows": 1,"Actual Loops": 1,"Plans": [{"Node Type": "Hash Join","Parent Relationship": "Outer","Parallel Aware": false,"Async Capable": false,"Join Type": "Inner","Startup Cost": 6369.19,"Total Cost": 195913.75,"Plan Rows": 1973,"Plan Width": 8,"Actual Startup Time": 33.289,"Actual Total Time": 4678.868,"Actual Rows": 417,"Actual Loops": 1,"Inner Unique": true,"Hash Cond": "(lineitem.l_partkey = part.p_partkey)","Join Filter": "(lineitem.l_quantity < (SubPlan 1))","Rows Removed by Join Filter": 4442,"Plans": [{"Node Type": "Seq Scan","Parent Relationship": "Outer","Parallel Aware": false,"Async Capable": false,"Relation Name": "lineitem","Alias": "lineitem","Startup Cost": 0.00,"Total Cost": 172515.15,"Plan Rows": 6001215,"Plan Width": 17,"Actual Startup Time": 0.011,"Actual Total Time": 981.432,"Actual Rows": 6001215,"Actual Loops": 1},{"Node Type": "Hash","Parent Relationship": "Inner","Parallel Aware": false,"Async Capable": false,"Startup Cost": 6366.73,"Total Cost": 6366.73,"Plan Rows": 197,"Plan Width": 4,"Actual Startup Time": 32.324,"Actual Total Time": 33.093,"Actual Rows": 166,"Actual Loops": 1,"Hash Buckets": 1024,"Original Hash Buckets": 1024,"Hash Batches": 1,"Original Hash Batches": 1,"Peak Memory Usage": 14,"Plans": [{"Node Type": "Gather","Parent Relationship": "Outer","Parallel Aware": false,"Async Capable": false,"Startup Cost": 1000.00,"Total Cost": 6366.73,"Plan Rows": 197,"Plan Width": 4,"Actual Startup Time": 0.969,"Actual Total Time": 33.016,"Actual Rows": 166,"Actual Loops": 1,"Workers Planned": 2,"Workers Launched": 2,"Single Copy": false,"Plans": [{"Node Type": "Seq Scan","Parent Relationship": "Outer","Parallel Aware": true,"Async Capable": false,"Relation Name": "part","Alias": "part","Startup Cost": 0.00,"Total Cost": 5347.00,"Plan Rows": 82,"Plan Width": 4,"Actual Startup Time": 0.410,"Actual Total Time": 26.826,"Actual Rows": 55,"Actual Loops": 3,"Filter": "((p_brand = 'Brand#15'::bpchar) AND (p_container = 'SM CASE'::bpchar))","Rows Removed by Filter": 66611,"Workers": []}]}]},{"Node Type": "Aggregate","Strategy": "Plain","Partial Mode": "Simple","Parent Relationship": "SubPlan","Subplan Name": "SubPlan 1","Parallel Aware": false,"Async Capable": false,"Startup Cost": 127.60,"Total Cost": 127.61,"Plan Rows": 1,"Plan Width": 32,"Actual Startup Time": 0.125,"Actual Total Time": 0.125,"Actual Rows": 1,"Actual Loops": 4859,"Plans": [{"Node Type": "Bitmap Heap Scan","Parent Relationship": "Outer","Parallel Aware": false,"Async Capable": false,"Relation Name": "lineitem","Alias": "lineitem_1","Startup Cost": 4.67,"Total Cost": 127.52,"Plan Rows": 31,"Plan Width": 5,"Actual Startup Time": 0.014,"Actual Total Time": 0.118,"Actual Rows": 30,"Actual Loops": 4859,"Recheck Cond": "(l_partkey = part.p_partkey)","Rows Removed by Index Recheck": 0,"Exact Heap Blocks": 146498,"Lossy Heap Blocks": 0,"Plans": [{"Node Type": "Bitmap Index Scan","Parent Relationship": "Outer","Parallel Aware": false,"Async Capable": false,"Index Name": "idx_lineitem_part_supp","Startup Cost": 0.00,"Total Cost": 4.67,"Plan Rows": 31,"Plan Width": 0,"Actual Startup Time": 0.007,"Actual Total Time": 0.007,"Actual Rows": 30,"Actual Loops": 4859,"Index Cond": "(l_partkey = part.p_partkey)"}]}]}]}]},"Planning Time": 5.433,"Triggers": [],"Execution Time": 4679.664}]
[{"Plan": {"Node Type": "Aggregate","Strategy": "Plain","Partial Mode": "Simple","Parallel Aware": false,"Async Capable": false,"Startup Cost": 195919.30,"Total Cost": 195919.31,"Plan Rows": 1,"Plan Width": 32,"Actual Startup Time": 5123.096,"Actual Total Time": 5123.666,"Actual Rows": 1,"Actual Loops": 1,"Plans": [{"Node Type": "Hash Join","Parent Relationship": "Outer","Parallel Aware": false,"Async Capable": false,"Join Type": "Inner","Startup Cost": 6369.70,"Total Cost": 195914.25,"Plan Rows": 2018,"Plan Width": 8,"Actual Startup Time": 50.504,"Actual Total Time": 5123.402,"Actual Rows": 631,"Actual Loops": 1,"Inner Unique": true,"Hash Cond": "(lineitem.l_partkey = part.p_partkey)","Join Filter": "(lineitem.l_quantity < (SubPlan 1))","Rows Removed by Join Filter": 6295,"Plans": [{"Node Type": "Seq Scan","Parent Relationship": "Outer","Parallel Aware": false,"Async Capable": false,"Relation Name": "lineitem","Alias": "lineitem","Startup Cost": 0.00,"Total Cost": 172515.15,"Plan Rows": 6001215,"Plan Width": 17,"Actual Startup Time": 0.022,"Actual Total Time": 1031.228,"Actual Rows": 6001215,"Actual Loops": 1},{"Node Type": "Hash","Parent Relationship": "Inner","Parallel Aware": false,"Async Capable": false,"Startup Cost": 6367.18,"Total Cost": 6367.18,"Plan Rows": 202,"Plan Width": 4,"Actual Startup Time": 33.410,"Actual Total Time": 33.957,"Actual Rows": 235,"Actual Loops": 1,"Hash Buckets": 1024,"Original Hash Buckets": 1024,"Hash Batches": 1,"Original Hash Batches": 1,"Peak Memory Usage": 17,"Plans": [{"Node Type": "Gather","Parent Relationship": "Outer","Parallel Aware": false,"Async Capable": false,"Startup Cost": 1000.00,"Total Cost": 6367.18,"Plan Rows": 202,"Plan Width": 4,"Actual Startup Time": 1.948,"Actual Total Time": 33.888,"Actual Rows": 235,"Actual Loops": 1,"Workers Planned": 2,"Workers Launched": 2,"Single Copy": false,"Plans": [{"Node Type": "Seq Scan","Parent Relationship": "Outer","Parallel Aware": true,"Async Capable": false,"Relation Name": "part","Alias": "part","Startup Cost": 0.00,"Total Cost": 5347.00,"Plan Rows": 84,"Plan Width": 4,"Actual Startup Time": 0.585,"Actual Total Time": 27.541,"Actual Rows": 78,"Actual Loops": 3,"Filter": "((p_brand = 'Brand#55'::bpchar) AND (p_container = 'JUMBO DRUM'::bpchar))","Rows Removed by Filter": 66588,"Workers": []}]}]},{"Node Type": "Aggregate","Strategy": "Plain","Partial Mode": "Simple","Parent Relationship": "SubPlan","Subplan Name": "SubPlan 1","Parallel Aware": false,"Async Capable": false,"Startup Cost": 127.60,"Total Cost": 127.61,"Plan Rows": 1,"Plan Width": 32,"Actual Startup Time": 0.147,"Actual Total Time": 0.147,"Actual Rows": 1,"Actual Loops": 6926,"Plans": [{"Node Type": "Bitmap Heap Scan","Parent Relationship": "Outer","Parallel Aware": false,"Async Capable": false,"Relation Name": "lineitem","Alias": "lineitem_1","Startup Cost": 4.67,"Total Cost": 127.52,"Plan Rows": 31,"Plan Width": 5,"Actual Startup Time": 0.015,"Actual Total Time": 0.140,"Actual Rows": 30,"Actual Loops": 6926,"Recheck Cond": "(l_partkey = part.p_partkey)","Rows Removed by Index Recheck": 0,"Exact Heap Blocks": 210872,"Lossy Heap Blocks": 0,"Plans": [{"Node Type": "Bitmap Index Scan","Parent Relationship": "Outer","Parallel Aware": false,"Async Capable": false,"Index Name": "idx_lineitem_part_supp","Startup Cost": 0.00,"Total Cost": 4.67,"Plan Rows": 31,"Plan Width": 0,"Actual Startup Time": 0.008,"Actual Total Time": 0.008,"Actual Rows": 30,"Actual Loops": 6926,"Index Cond": "(l_partkey = part.p_partkey)"}]}]}]}]},"Planning Time": 5.922,"Triggers": [],"Execution Time": 5124.067}]
[{"Plan": {"Node Type": "Aggregate","Strategy": "Plain","Partial Mode": "Simple","Parallel Aware": false,"Async Capable": false,"Startup Cost": 195918.95,"Total Cost": 195918.97,"Plan Rows": 1,"Plan Width": 32,"Actual Startup Time": 4929.978,"Actual Total Time": 4930.592,"Actual Rows": 1,"Actual Loops": 1,"Plans": [{"Node Type": "Hash Join","Parent Relationship": "Outer","Parallel Aware": false,"Async Capable": false,"Join Type": "Inner","Startup Cost": 6369.42,"Total Cost": 195913.97,"Plan Rows": 1993,"Plan Width": 8,"Actual Startup Time": 34.202,"Actual Total Time": 4930.321,"Actual Rows": 573,"Actual Loops": 1,"Inner Unique": true,"Hash Cond": "(lineitem.l_partkey = part.p_partkey)","Join Filter": "(lineitem.l_quantity < (SubPlan 1))","Rows Removed by Join Filter": 5843,"Plans": [{"Node Type": "Seq Scan","Parent Relationship": "Outer","Parallel Aware": false,"Async Capable": false,"Relation Name": "lineitem","Alias": "lineitem","Startup Cost": 0.00,"Total Cost": 172515.15,"Plan Rows": 6001215,"Plan Width": 17,"Actual Startup Time": 0.012,"Actual Total Time": 937.066,"Actual Rows": 6001215,"Actual Loops": 1},{"Node Type": "Hash","Parent Relationship": "Inner","Parallel Aware": false,"Async Capable": false,"Startup Cost": 6366.92,"Total Cost": 6366.92,"Plan Rows": 199,"Plan Width": 4,"Actual Startup Time": 30.964,"Actual Total Time": 31.560,"Actual Rows": 214,"Actual Loops": 1,"Hash Buckets": 1024,"Original Hash Buckets": 1024,"Hash Batches": 1,"Original Hash Batches": 1,"Peak Memory Usage": 16,"Plans": [{"Node Type": "Gather","Parent Relationship": "Outer","Parallel Aware": false,"Async Capable": false,"Startup Cost": 1000.00,"Total Cost": 6366.92,"Plan Rows": 199,"Plan Width": 4,"Actual Startup Time": 1.238,"Actual Total Time": 31.480,"Actual Rows": 214,"Actual Loops": 1,"Workers Planned": 2,"Workers Launched": 2,"Single Copy": false,"Plans": [{"Node Type": "Seq Scan","Parent Relationship": "Outer","Parallel Aware": true,"Async Capable": false,"Relation Name": "part","Alias": "part","Startup Cost": 0.00,"Total Cost": 5347.00,"Plan Rows": 83,"Plan Width": 4,"Actual Startup Time": 1.124,"Actual Total Time": 25.208,"Actual Rows": 71,"Actual Loops": 3,"Filter": "((p_brand = 'Brand#44'::bpchar) AND (p_container = 'MED DRUM'::bpchar))","Rows Removed by Filter": 66595,"Workers": []}]}]},{"Node Type": "Aggregate","Strategy": "Plain","Partial Mode": "Simple","Parent Relationship": "SubPlan","Subplan Name": "SubPlan 1","Parallel Aware": false,"Async Capable": false,"Startup Cost": 127.60,"Total Cost": 127.61,"Plan Rows": 1,"Plan Width": 32,"Actual Startup Time": 0.125,"Actual Total Time": 0.125,"Actual Rows": 1,"Actual Loops": 6416,"Plans": [{"Node Type": "Bitmap Heap Scan","Parent Relationship": "Outer","Parallel Aware": false,"Async Capable": false,"Relation Name": "lineitem","Alias": "lineitem_1","Startup Cost": 4.67,"Total Cost": 127.52,"Plan Rows": 31,"Plan Width": 5,"Actual Startup Time": 0.014,"Actual Total Time": 0.118,"Actual Rows": 31,"Actual Loops": 6416,"Recheck Cond": "(l_partkey = part.p_partkey)","Rows Removed by Index Recheck": 0,"Exact Heap Blocks": 198673,"Lossy Heap Blocks": 0,"Plans": [{"Node Type": "Bitmap Index Scan","Parent Relationship": "Outer","Parallel Aware": false,"Async Capable": false,"Index Name": "idx_lineitem_part_supp","Startup Cost": 0.00,"Total Cost": 4.67,"Plan Rows": 31,"Plan Width": 0,"Actual Startup Time": 0.007,"Actual Total Time": 0.007,"Actual Rows": 31,"Actual Loops": 6416,"Index Cond": "(l_partkey = part.p_partkey)"}]}]}]}]},"Planning Time": 5.990,"Triggers": [],"Execution Time": 4930.837}]
[{"Plan": {"Node Type": "Aggregate","Strategy": "Plain","Partial Mode": "Simple","Parallel Aware": false,"Async Capable": false,"Startup Cost": 195916.95,"Total Cost": 195916.96,"Plan Rows": 1,"Plan Width": 32,"Actual Startup Time": 4870.146,"Actual Total Time": 4870.756,"Actual Rows": 1,"Actual Loops": 1,"Plans": [{"Node Type": "Hash Join","Parent Relationship": "Outer","Parallel Aware": false,"Async Capable": false,"Join Type": "Inner","Startup Cost": 6367.78,"Total Cost": 195912.33,"Plan Rows": 1847,"Plan Width": 8,"Actual Startup Time": 69.309,"Actual Total Time": 4870.552,"Actual Rows": 498,"Actual Loops": 1,"Inner Unique": true,"Hash Cond": "(lineitem.l_partkey = part.p_partkey)","Join Filter": "(lineitem.l_quantity < (SubPlan 1))","Rows Removed by Join Filter": 5237,"Plans": [{"Node Type": "Seq Scan","Parent Relationship": "Outer","Parallel Aware": false,"Async Capable": false,"Relation Name": "lineitem","Alias": "lineitem","Startup Cost": 0.00,"Total Cost": 172515.15,"Plan Rows": 6001215,"Plan Width": 17,"Actual Startup Time": 0.020,"Actual Total Time": 1017.924,"Actual Rows": 6001215,"Actual Loops": 1},{"Node Type": "Hash","Parent Relationship": "Inner","Parallel Aware": false,"Async Capable": false,"Startup Cost": 6365.47,"Total Cost": 6365.47,"Plan Rows": 185,"Plan Width": 4,"Actual Startup Time": 35.969,"Actual Total Time": 36.568,"Actual Rows": 192,"Actual Loops": 1,"Hash Buckets": 1024,"Original Hash Buckets": 1024,"Hash Batches": 1,"Original Hash Batches": 1,"Peak Memory Usage": 15,"Plans": [{"Node Type": "Gather","Parent Relationship": "Outer","Parallel Aware": false,"Async Capable": false,"Startup Cost": 1000.00,"Total Cost": 6365.47,"Plan Rows": 185,"Plan Width": 4,"Actual Startup Time": 2.436,"Actual Total Time": 36.513,"Actual Rows": 192,"Actual Loops": 1,"Workers Planned": 2,"Workers Launched": 2,"Single Copy": false,"Plans": [{"Node Type": "Seq Scan","Parent Relationship": "Outer","Parallel Aware": true,"Async Capable": false,"Relation Name": "part","Alias": "part","Startup Cost": 0.00,"Total Cost": 5347.00,"Plan Rows": 77,"Plan Width": 4,"Actual Startup Time": 1.254,"Actual Total Time": 29.657,"Actual Rows": 64,"Actual Loops": 3,"Filter": "((p_brand = 'Brand#32'::bpchar) AND (p_container = 'WRAP DRUM'::bpchar))","Rows Removed by Filter": 66603,"Workers": []}]}]},{"Node Type": "Aggregate","Strategy": "Plain","Partial Mode": "Simple","Parent Relationship": "SubPlan","Subplan Name": "SubPlan 1","Parallel Aware": false,"Async Capable": false,"Startup Cost": 127.60,"Total Cost": 127.61,"Plan Rows": 1,"Plan Width": 32,"Actual Startup Time": 0.149,"Actual Total Time": 0.149,"Actual Rows": 1,"Actual Loops": 5735,"Plans": [{"Node Type": "Bitmap Heap Scan","Parent Relationship": "Outer","Parallel Aware": false,"Async Capable": false,"Relation Name": "lineitem","Alias": "lineitem_1","Startup Cost": 4.67,"Total Cost": 127.52,"Plan Rows": 31,"Plan Width": 5,"Actual Startup Time": 0.015,"Actual Total Time": 0.141,"Actual Rows": 31,"Actual Loops": 5735,"Recheck Cond": "(l_partkey = part.p_partkey)","Rows Removed by Index Recheck": 0,"Exact Heap Blocks": 176002,"Lossy Heap Blocks": 0,"Plans": [{"Node Type": "Bitmap Index Scan","Parent Relationship": "Outer","Parallel Aware": false,"Async Capable": false,"Index Name": "idx_lineitem_part_supp","Startup Cost": 0.00,"Total Cost": 4.67,"Plan Rows": 31,"Plan Width": 0,"Actual Startup Time": 0.008,"Actual Total Time": 0.008,"Actual Rows": 31,"Actual Loops": 5735,"Index Cond": "(l_partkey = part.p_partkey)"}]}]}]}]},"Planning Time": 25.081,"Triggers": [],"Execution Time": 4871.145}]
[{"Plan": {"Node Type": "Aggregate","Strategy": "Plain","Partial Mode": "Simple","Parallel Aware": false,"Async Capable": false,"Startup Cost": 195919.55,"Total Cost": 195919.57,"Plan Rows": 1,"Plan Width": 32,"Actual Startup Time": 5023.003,"Actual Total Time": 5023.818,"Actual Rows": 1,"Actual Loops": 1,"Plans": [{"Node Type": "Hash Join","Parent Relationship": "Outer","Parallel Aware": false,"Async Capable": false,"Join Type": "Inner","Startup Cost": 6369.91,"Total Cost": 195914.46,"Plan Rows": 2037,"Plan Width": 8,"Actual Startup Time": 43.645,"Actual Total Time": 5023.492,"Actual Rows": 574,"Actual Loops": 1,"Inner Unique": true,"Hash Cond": "(lineitem.l_partkey = part.p_partkey)","Join Filter": "(lineitem.l_quantity < (SubPlan 1))","Rows Removed by Join Filter": 5586,"Plans": [{"Node Type": "Seq Scan","Parent Relationship": "Outer","Parallel Aware": false,"Async Capable": false,"Relation Name": "lineitem","Alias": "lineitem","Startup Cost": 0.00,"Total Cost": 172515.15,"Plan Rows": 6001215,"Plan Width": 17,"Actual Startup Time": 0.012,"Actual Total Time": 1013.907,"Actual Rows": 6001215,"Actual Loops": 1},{"Node Type": "Hash","Parent Relationship": "Inner","Parallel Aware": false,"Async Capable": false,"Startup Cost": 6367.36,"Total Cost": 6367.36,"Plan Rows": 204,"Plan Width": 4,"Actual Startup Time": 31.805,"Actual Total Time": 32.573,"Actual Rows": 205,"Actual Loops": 1,"Hash Buckets": 1024,"Original Hash Buckets": 1024,"Hash Batches": 1,"Original Hash Batches": 1,"Peak Memory Usage": 16,"Plans": [{"Node Type": "Gather","Parent Relationship": "Outer","Parallel Aware": false,"Async Capable": false,"Startup Cost": 1000.00,"Total Cost": 6367.36,"Plan Rows": 204,"Plan Width": 4,"Actual Startup Time": 1.084,"Actual Total Time": 32.510,"Actual Rows": 205,"Actual Loops": 1,"Workers Planned": 2,"Workers Launched": 2,"Single Copy": false,"Plans": [{"Node Type": "Seq Scan","Parent Relationship": "Outer","Parallel Aware": true,"Async Capable": false,"Relation Name": "part","Alias": "part","Startup Cost": 0.00,"Total Cost": 5347.00,"Plan Rows": 85,"Plan Width": 4,"Actual Startup Time": 0.462,"Actual Total Time": 25.926,"Actual Rows": 68,"Actual Loops": 3,"Filter": "((p_brand = 'Brand#34'::bpchar) AND (p_container = 'SM JAR'::bpchar))","Rows Removed by Filter": 66598,"Workers": []}]}]},{"Node Type": "Aggregate","Strategy": "Plain","Partial Mode": "Simple","Parent Relationship": "SubPlan","Subplan Name": "SubPlan 1","Parallel Aware": false,"Async Capable": false,"Startup Cost": 127.60,"Total Cost": 127.61,"Plan Rows": 1,"Plan Width": 32,"Actual Startup Time": 0.138,"Actual Total Time": 0.138,"Actual Rows": 1,"Actual Loops": 6160,"Plans": [{"Node Type": "Bitmap Heap Scan","Parent Relationship": "Outer","Parallel Aware": false,"Async Capable": false,"Relation Name": "lineitem","Alias": "lineitem_1","Startup Cost": 4.67,"Total Cost": 127.52,"Plan Rows": 31,"Plan Width": 5,"Actual Startup Time": 0.014,"Actual Total Time": 0.130,"Actual Rows": 31,"Actual Loops": 6160,"Recheck Cond": "(l_partkey = part.p_partkey)","Rows Removed by Index Recheck": 0,"Exact Heap Blocks": 190160,"Lossy Heap Blocks": 0,"Plans": [{"Node Type": "Bitmap Index Scan","Parent Relationship": "Outer","Parallel Aware": false,"Async Capable": false,"Index Name": "idx_lineitem_part_supp","Startup Cost": 0.00,"Total Cost": 4.67,"Plan Rows": 31,"Plan Width": 0,"Actual Startup Time": 0.008,"Actual Total Time": 0.008,"Actual Rows": 31,"Actual Loops": 6160,"Index Cond": "(l_partkey = part.p_partkey)"}]}]}]}]},"Planning Time": 5.321,"Triggers": [],"Execution Time": 5024.249}]
[{"Plan": {"Node Type": "Aggregate","Strategy": "Plain","Partial Mode": "Simple","Parallel Aware": false,"Async Capable": false,"Startup Cost": 195918.05,"Total Cost": 195918.06,"Plan Rows": 1,"Plan Width": 32,"Actual Startup Time": 4920.273,"Actual Total Time": 4920.963,"Actual Rows": 1,"Actual Loops": 1,"Plans": [{"Node Type": "Hash Join","Parent Relationship": "Outer","Parallel Aware": false,"Async Capable": false,"Join Type": "Inner","Startup Cost": 6368.67,"Total Cost": 195913.23,"Plan Rows": 1927,"Plan Width": 8,"Actual Startup Time": 34.406,"Actual Total Time": 4920.569,"Actual Rows": 533,"Actual Loops": 1,"Inner Unique": true,"Hash Cond": "(lineitem.l_partkey = part.p_partkey)","Join Filter": "(lineitem.l_quantity < (SubPlan 1))","Rows Removed by Join Filter": 5735,"Plans": [{"Node Type": "Seq Scan","Parent Relationship": "Outer","Parallel Aware": false,"Async Capable": false,"Relation Name": "lineitem","Alias": "lineitem","Startup Cost": 0.00,"Total Cost": 172515.15,"Plan Rows": 6001215,"Plan Width": 17,"Actual Startup Time": 0.024,"Actual Total Time": 982.420,"Actual Rows": 6001215,"Actual Loops": 1},{"Node Type": "Hash","Parent Relationship": "Inner","Parallel Aware": false,"Async Capable": false,"Startup Cost": 6366.27,"Total Cost": 6366.27,"Plan Rows": 193,"Plan Width": 4,"Actual Startup Time": 33.349,"Actual Total Time": 33.995,"Actual Rows": 207,"Actual Loops": 1,"Hash Buckets": 1024,"Original Hash Buckets": 1024,"Hash Batches": 1,"Original Hash Batches": 1,"Peak Memory Usage": 16,"Plans": [{"Node Type": "Gather","Parent Relationship": "Outer","Parallel Aware": false,"Async Capable": false,"Startup Cost": 1000.00,"Total Cost": 6366.27,"Plan Rows": 193,"Plan Width": 4,"Actual Startup Time": 1.785,"Actual Total Time": 33.893,"Actual Rows": 207,"Actual Loops": 1,"Workers Planned": 2,"Workers Launched": 2,"Single Copy": false,"Plans": [{"Node Type": "Seq Scan","Parent Relationship": "Outer","Parallel Aware": true,"Async Capable": false,"Relation Name": "part","Alias": "part","Startup Cost": 0.00,"Total Cost": 5347.00,"Plan Rows": 80,"Plan Width": 4,"Actual Startup Time": 0.946,"Actual Total Time": 27.771,"Actual Rows": 69,"Actual Loops": 3,"Filter": "((p_brand = 'Brand#44'::bpchar) AND (p_container = 'LG CAN'::bpchar))","Rows Removed by Filter": 66598,"Workers": []}]}]},{"Node Type": "Aggregate","Strategy": "Plain","Partial Mode": "Simple","Parent Relationship": "SubPlan","Subplan Name": "SubPlan 1","Parallel Aware": false,"Async Capable": false,"Startup Cost": 127.60,"Total Cost": 127.61,"Plan Rows": 1,"Plan Width": 32,"Actual Startup Time": 0.123,"Actual Total Time": 0.123,"Actual Rows": 1,"Actual Loops": 6268,"Plans": [{"Node Type": "Bitmap Heap Scan","Parent Relationship": "Outer","Parallel Aware": false,"Async Capable": false,"Relation Name": "lineitem","Alias": "lineitem_1","Startup Cost": 4.67,"Total Cost": 127.52,"Plan Rows": 31,"Plan Width": 5,"Actual Startup Time": 0.013,"Actual Total Time": 0.116,"Actual Rows": 31,"Actual Loops": 6268,"Recheck Cond": "(l_partkey = part.p_partkey)","Rows Removed by Index Recheck": 0,"Exact Heap Blocks": 195693,"Lossy Heap Blocks": 0,"Plans": [{"Node Type": "Bitmap Index Scan","Parent Relationship": "Outer","Parallel Aware": false,"Async Capable": false,"Index Name": "idx_lineitem_part_supp","Startup Cost": 0.00,"Total Cost": 4.67,"Plan Rows": 31,"Plan Width": 0,"Actual Startup Time": 0.007,"Actual Total Time": 0.007,"Actual Rows": 31,"Actual Loops": 6268,"Index Cond": "(l_partkey = part.p_partkey)"}]}]}]}]},"Planning Time": 4.481,"Triggers": [],"Execution Time": 4921.364}]
[{"Plan": {"Node Type": "Aggregate","Strategy": "Plain","Partial Mode": "Simple","Parallel Aware": false,"Async Capable": false,"Startup Cost": 195921.11,"Total Cost": 195921.13,"Plan Rows": 1,"Plan Width": 32,"Actual Startup Time": 4891.013,"Actual Total Time": 4891.657,"Actual Rows": 1,"Actual Loops": 1,"Plans": [{"Node Type": "Hash Join","Parent Relationship": "Outer","Parallel Aware": false,"Async Capable": false,"Join Type": "Inner","Startup Cost": 6371.18,"Total Cost": 195915.74,"Plan Rows": 2150,"Plan Width": 8,"Actual Startup Time": 48.681,"Actual Total Time": 4891.202,"Actual Rows": 569,"Actual Loops": 1,"Inner Unique": true,"Hash Cond": "(lineitem.l_partkey = part.p_partkey)","Join Filter": "(lineitem.l_quantity < (SubPlan 1))","Rows Removed by Join Filter": 5509,"Plans": [{"Node Type": "Seq Scan","Parent Relationship": "Outer","Parallel Aware": false,"Async Capable": false,"Relation Name": "lineitem","Alias": "lineitem","Startup Cost": 0.00,"Total Cost": 172515.15,"Plan Rows": 6001215,"Plan Width": 17,"Actual Startup Time": 0.015,"Actual Total Time": 977.909,"Actual Rows": 6001215,"Actual Loops": 1},{"Node Type": "Hash","Parent Relationship": "Inner","Parallel Aware": false,"Async Capable": false,"Startup Cost": 6368.50,"Total Cost": 6368.50,"Plan Rows": 215,"Plan Width": 4,"Actual Startup Time": 33.178,"Actual Total Time": 33.788,"Actual Rows": 204,"Actual Loops": 1,"Hash Buckets": 1024,"Original Hash Buckets": 1024,"Hash Batches": 1,"Original Hash Batches": 1,"Peak Memory Usage": 16,"Plans": [{"Node Type": "Gather","Parent Relationship": "Outer","Parallel Aware": false,"Async Capable": false,"Startup Cost": 1000.00,"Total Cost": 6368.50,"Plan Rows": 215,"Plan Width": 4,"Actual Startup Time": 1.721,"Actual Total Time": 33.724,"Actual Rows": 204,"Actual Loops": 1,"Workers Planned": 2,"Workers Launched": 2,"Single Copy": false,"Plans": [{"Node Type": "Seq Scan","Parent Relationship": "Outer","Parallel Aware": true,"Async Capable": false,"Relation Name": "part","Alias": "part","Startup Cost": 0.00,"Total Cost": 5347.00,"Plan Rows": 90,"Plan Width": 4,"Actual Startup Time": 0.818,"Actual Total Time": 27.619,"Actual Rows": 68,"Actual Loops": 3,"Filter": "((p_brand = 'Brand#21'::bpchar) AND (p_container = 'LG BOX'::bpchar))","Rows Removed by Filter": 66599,"Workers": []}]}]},{"Node Type": "Aggregate","Strategy": "Plain","Partial Mode": "Simple","Parent Relationship": "SubPlan","Subplan Name": "SubPlan 1","Parallel Aware": false,"Async Capable": false,"Startup Cost": 127.60,"Total Cost": 127.61,"Plan Rows": 1,"Plan Width": 32,"Actual Startup Time": 0.124,"Actual Total Time": 0.124,"Actual Rows": 1,"Actual Loops": 6078,"Plans": [{"Node Type": "Bitmap Heap Scan","Parent Relationship": "Outer","Parallel Aware": false,"Async Capable": false,"Relation Name": "lineitem","Alias": "lineitem_1","Startup Cost": 4.67,"Total Cost": 127.52,"Plan Rows": 31,"Plan Width": 5,"Actual Startup Time": 0.013,"Actual Total Time": 0.117,"Actual Rows": 31,"Actual Loops": 6078,"Recheck Cond": "(l_partkey = part.p_partkey)","Rows Removed by Index Recheck": 0,"Exact Heap Blocks": 186998,"Lossy Heap Blocks": 0,"Plans": [{"Node Type": "Bitmap Index Scan","Parent Relationship": "Outer","Parallel Aware": false,"Async Capable": false,"Index Name": "idx_lineitem_part_supp","Startup Cost": 0.00,"Total Cost": 4.67,"Plan Rows": 31,"Plan Width": 0,"Actual Startup Time": 0.007,"Actual Total Time": 0.007,"Actual Rows": 31,"Actual Loops": 6078,"Index Cond": "(l_partkey = part.p_partkey)"}]}]}]}]},"Planning Time": 4.531,"Triggers": [],"Execution Time": 4892.005}]
[{"Plan": {"Node Type": "Aggregate","Strategy": "Plain","Partial Mode": "Simple","Parallel Aware": false,"Async Capable": false,"Startup Cost": 195919.11,"Total Cost": 195919.12,"Plan Rows": 1,"Plan Width": 32,"Actual Startup Time": 4899.133,"Actual Total Time": 4899.526,"Actual Rows": 1,"Actual Loops": 1,"Plans": [{"Node Type": "Hash Join","Parent Relationship": "Outer","Parallel Aware": false,"Async Capable": false,"Join Type": "Inner","Startup Cost": 6369.54,"Total Cost": 195914.09,"Plan Rows": 2004,"Plan Width": 8,"Actual Startup Time": 34.035,"Actual Total Time": 4899.237,"Actual Rows": 565,"Actual Loops": 1,"Inner Unique": true,"Hash Cond": "(lineitem.l_partkey = part.p_partkey)","Join Filter": "(lineitem.l_quantity < (SubPlan 1))","Rows Removed by Join Filter": 5756,"Plans": [{"Node Type": "Seq Scan","Parent Relationship": "Outer","Parallel Aware": false,"Async Capable": false,"Relation Name": "lineitem","Alias": "lineitem","Startup Cost": 0.00,"Total Cost": 172515.15,"Plan Rows": 6001215,"Plan Width": 17,"Actual Startup Time": 0.021,"Actual Total Time": 931.182,"Actual Rows": 6001215,"Actual Loops": 1},{"Node Type": "Hash","Parent Relationship": "Inner","Parallel Aware": false,"Async Capable": false,"Startup Cost": 6367.04,"Total Cost": 6367.04,"Plan Rows": 200,"Plan Width": 4,"Actual Startup Time": 31.787,"Actual Total Time": 32.161,"Actual Rows": 209,"Actual Loops": 1,"Hash Buckets": 1024,"Original Hash Buckets": 1024,"Hash Batches": 1,"Original Hash Batches": 1,"Peak Memory Usage": 16,"Plans": [{"Node Type": "Gather","Parent Relationship": "Outer","Parallel Aware": false,"Async Capable": false,"Startup Cost": 1000.00,"Total Cost": 6367.04,"Plan Rows": 200,"Plan Width": 4,"Actual Startup Time": 0.653,"Actual Total Time": 32.073,"Actual Rows": 209,"Actual Loops": 1,"Workers Planned": 2,"Workers Launched": 2,"Single Copy": false,"Plans": [{"Node Type": "Seq Scan","Parent Relationship": "Outer","Parallel Aware": true,"Async Capable": false,"Relation Name": "part","Alias": "part","Startup Cost": 0.00,"Total Cost": 5347.00,"Plan Rows": 83,"Plan Width": 4,"Actual Startup Time": 0.494,"Actual Total Time": 26.434,"Actual Rows": 70,"Actual Loops": 3,"Filter": "((p_brand = 'Brand#32'::bpchar) AND (p_container = 'SM BOX'::bpchar))","Rows Removed by Filter": 66597,"Workers": []}]}]},{"Node Type": "Aggregate","Strategy": "Plain","Partial Mode": "Simple","Parent Relationship": "SubPlan","Subplan Name": "SubPlan 1","Parallel Aware": false,"Async Capable": false,"Startup Cost": 127.60,"Total Cost": 127.61,"Plan Rows": 1,"Plan Width": 32,"Actual Startup Time": 0.112,"Actual Total Time": 0.112,"Actual Rows": 1,"Actual Loops": 6321,"Plans": [{"Node Type": "Bitmap Heap Scan","Parent Relationship": "Outer","Parallel Aware": false,"Async Capable": false,"Relation Name": "lineitem","Alias": "lineitem_1","Startup Cost": 4.67,"Total Cost": 127.52,"Plan Rows": 31,"Plan Width": 5,"Actual Startup Time": 0.013,"Actual Total Time": 0.105,"Actual Rows": 31,"Actual Loops": 6321,"Recheck Cond": "(l_partkey = part.p_partkey)","Rows Removed by Index Recheck": 0,"Exact Heap Blocks": 197796,"Lossy Heap Blocks": 0,"Plans": [{"Node Type": "Bitmap Index Scan","Parent Relationship": "Outer","Parallel Aware": false,"Async Capable": false,"Index Name": "idx_lineitem_part_supp","Startup Cost": 0.00,"Total Cost": 4.67,"Plan Rows": 31,"Plan Width": 0,"Actual Startup Time": 0.007,"Actual Total Time": 0.007,"Actual Rows": 31,"Actual Loops": 6321,"Index Cond": "(l_partkey = part.p_partkey)"}]}]}]}]},"Planning Time": 6.069,"Triggers": [],"Execution Time": 4899.865}]
[{"Plan": {"Node Type": "Aggregate","Strategy": "Plain","Partial Mode": "Simple","Parallel Aware": false,"Async Capable": false,"Startup Cost": 195919.26,"Total Cost": 195919.27,"Plan Rows": 1,"Plan Width": 32,"Actual Startup Time": 4985.353,"Actual Total Time": 4985.877,"Actual Rows": 1,"Actual Loops": 1,"Plans": [{"Node Type": "Hash Join","Parent Relationship": "Outer","Parallel Aware": false,"Async Capable": false,"Join Type": "Inner","Startup Cost": 6369.66,"Total Cost": 195914.22,"Plan Rows": 2015,"Plan Width": 8,"Actual Startup Time": 59.443,"Actual Total Time": 4985.671,"Actual Rows": 553,"Actual Loops": 1,"Inner Unique": true,"Hash Cond": "(lineitem.l_partkey = part.p_partkey)","Join Filter": "(lineitem.l_quantity < (SubPlan 1))","Rows Removed by Join Filter": 5604,"Plans": [{"Node Type": "Seq Scan","Parent Relationship": "Outer","Parallel Aware": false,"Async Capable": false,"Relation Name": "lineitem","Alias": "lineitem","Startup Cost": 0.00,"Total Cost": 172515.15,"Plan Rows": 6001215,"Plan Width": 17,"Actual Startup Time": 0.020,"Actual Total Time": 1030.117,"Actual Rows": 6001215,"Actual Loops": 1},{"Node Type": "Hash","Parent Relationship": "Inner","Parallel Aware": false,"Async Capable": false,"Startup Cost": 6367.15,"Total Cost": 6367.15,"Plan Rows": 201,"Plan Width": 4,"Actual Startup Time": 29.212,"Actual Total Time": 29.717,"Actual Rows": 205,"Actual Loops": 1,"Hash Buckets": 1024,"Original Hash Buckets": 1024,"Hash Batches": 1,"Original Hash Batches": 1,"Peak Memory Usage": 16,"Plans": [{"Node Type": "Gather","Parent Relationship": "Outer","Parallel Aware": false,"Async Capable": false,"Startup Cost": 1000.00,"Total Cost": 6367.15,"Plan Rows": 201,"Plan Width": 4,"Actual Startup Time": 1.824,"Actual Total Time": 29.662,"Actual Rows": 205,"Actual Loops": 1,"Workers Planned": 2,"Workers Launched": 2,"Single Copy": false,"Plans": [{"Node Type": "Seq Scan","Parent Relationship": "Outer","Parallel Aware": true,"Async Capable": false,"Relation Name": "part","Alias": "part","Startup Cost": 0.00,"Total Cost": 5347.00,"Plan Rows": 84,"Plan Width": 4,"Actual Startup Time": 0.473,"Actual Total Time": 23.561,"Actual Rows": 68,"Actual Loops": 3,"Filter": "((p_brand = 'Brand#11'::bpchar) AND (p_container = 'MED CASE'::bpchar))","Rows Removed by Filter": 66598,"Workers": []}]}]},{"Node Type": "Aggregate","Strategy": "Plain","Partial Mode": "Simple","Parent Relationship": "SubPlan","Subplan Name": "SubPlan 1","Parallel Aware": false,"Async Capable": false,"Startup Cost": 127.60,"Total Cost": 127.61,"Plan Rows": 1,"Plan Width": 32,"Actual Startup Time": 0.148,"Actual Total Time": 0.148,"Actual Rows": 1,"Actual Loops": 6157,"Plans": [{"Node Type": "Bitmap Heap Scan","Parent Relationship": "Outer","Parallel Aware": false,"Async Capable": false,"Relation Name": "lineitem","Alias": "lineitem_1","Startup Cost": 4.67,"Total Cost": 127.52,"Plan Rows": 31,"Plan Width": 5,"Actual Startup Time": 0.014,"Actual Total Time": 0.140,"Actual Rows": 31,"Actual Loops": 6157,"Recheck Cond": "(l_partkey = part.p_partkey)","Rows Removed by Index Recheck": 0,"Exact Heap Blocks": 190825,"Lossy Heap Blocks": 0,"Plans": [{"Node Type": "Bitmap Index Scan","Parent Relationship": "Outer","Parallel Aware": false,"Async Capable": false,"Index Name": "idx_lineitem_part_supp","Startup Cost": 0.00,"Total Cost": 4.67,"Plan Rows": 31,"Plan Width": 0,"Actual Startup Time": 0.008,"Actual Total Time": 0.008,"Actual Rows": 31,"Actual Loops": 6157,"Index Cond": "(l_partkey = part.p_partkey)"}]}]}]}]},"Planning Time": 5.252,"Triggers": [],"Execution Time": 4986.209}]
[{"Plan": {"Node Type": "Aggregate","Strategy": "Plain","Partial Mode": "Simple","Parallel Aware": false,"Async Capable": false,"Startup Cost": 195917.25,"Total Cost": 195917.27,"Plan Rows": 1,"Plan Width": 32,"Actual Startup Time": 4863.422,"Actual Total Time": 4863.985,"Actual Rows": 1,"Actual Loops": 1,"Plans": [{"Node Type": "Hash Join","Parent Relationship": "Outer","Parallel Aware": false,"Async Capable": false,"Join Type": "Inner","Startup Cost": 6368.03,"Total Cost": 195912.58,"Plan Rows": 1869,"Plan Width": 8,"Actual Startup Time": 33.268,"Actual Total Time": 4863.770,"Actual Rows": 472,"Actual Loops": 1,"Inner Unique": true,"Hash Cond": "(lineitem.l_partkey = part.p_partkey)","Join Filter": "(lineitem.l_quantity < (SubPlan 1))","Rows Removed by Join Filter": 5117,"Plans": [{"Node Type": "Seq Scan","Parent Relationship": "Outer","Parallel Aware": false,"Async Capable": false,"Relation Name": "lineitem","Alias": "lineitem","Startup Cost": 0.00,"Total Cost": 172515.15,"Plan Rows": 6001215,"Plan Width": 17,"Actual Startup Time": 0.015,"Actual Total Time": 1028.626,"Actual Rows": 6001215,"Actual Loops": 1},{"Node Type": "Hash","Parent Relationship": "Inner","Parallel Aware": false,"Async Capable": false,"Startup Cost": 6365.69,"Total Cost": 6365.69,"Plan Rows": 187,"Plan Width": 4,"Actual Startup Time": 32.074,"Actual Total Time": 32.620,"Actual Rows": 185,"Actual Loops": 1,"Hash Buckets": 1024,"Original Hash Buckets": 1024,"Hash Batches": 1,"Original Hash Batches": 1,"Peak Memory Usage": 15,"Plans": [{"Node Type": "Gather","Parent Relationship": "Outer","Parallel Aware": false,"Async Capable": false,"Startup Cost": 1000.00,"Total Cost": 6365.69,"Plan Rows": 187,"Plan Width": 4,"Actual Startup Time": 2.547,"Actual Total Time": 32.564,"Actual Rows": 185,"Actual Loops": 1,"Workers Planned": 2,"Workers Launched": 2,"Single Copy": false,"Plans": [{"Node Type": "Seq Scan","Parent Relationship": "Outer","Parallel Aware": true,"Async Capable": false,"Relation Name": "part","Alias": "part","Startup Cost": 0.00,"Total Cost": 5347.00,"Plan Rows": 78,"Plan Width": 4,"Actual Startup Time": 1.717,"Actual Total Time": 26.240,"Actual Rows": 62,"Actual Loops": 3,"Filter": "((p_brand = 'Brand#25'::bpchar) AND (p_container = 'LG BAG'::bpchar))","Rows Removed by Filter": 66605,"Workers": []}]}]},{"Node Type": "Aggregate","Strategy": "Plain","Partial Mode": "Simple","Parent Relationship": "SubPlan","Subplan Name": "SubPlan 1","Parallel Aware": false,"Async Capable": false,"Startup Cost": 127.60,"Total Cost": 127.61,"Plan Rows": 1,"Plan Width": 32,"Actual Startup Time": 0.149,"Actual Total Time": 0.149,"Actual Rows": 1,"Actual Loops": 5589,"Plans": [{"Node Type": "Bitmap Heap Scan","Parent Relationship": "Outer","Parallel Aware": false,"Async Capable": false,"Relation Name": "lineitem","Alias": "lineitem_1","Startup Cost": 4.67,"Total Cost": 127.52,"Plan Rows": 31,"Plan Width": 5,"Actual Startup Time": 0.015,"Actual Total Time": 0.141,"Actual Rows": 31,"Actual Loops": 5589,"Recheck Cond": "(l_partkey = part.p_partkey)","Rows Removed by Index Recheck": 0,"Exact Heap Blocks": 174331,"Lossy Heap Blocks": 0,"Plans": [{"Node Type": "Bitmap Index Scan","Parent Relationship": "Outer","Parallel Aware": false,"Async Capable": false,"Index Name": "idx_lineitem_part_supp","Startup Cost": 0.00,"Total Cost": 4.67,"Plan Rows": 31,"Plan Width": 0,"Actual Startup Time": 0.008,"Actual Total Time": 0.008,"Actual Rows": 31,"Actual Loops": 5589,"Index Cond": "(l_partkey = part.p_partkey)"}]}]}]}]},"Planning Time": 5.412,"Triggers": [],"Execution Time": 4864.226}]
[{"Plan": {"Node Type": "Aggregate","Strategy": "Plain","Partial Mode": "Simple","Parallel Aware": false,"Async Capable": false,"Startup Cost": 195918.86,"Total Cost": 195918.88,"Plan Rows": 1,"Plan Width": 32,"Actual Startup Time": 4902.861,"Actual Total Time": 4903.425,"Actual Rows": 1,"Actual Loops": 1,"Plans": [{"Node Type": "Hash Join","Parent Relationship": "Outer","Parallel Aware": false,"Async Capable": false,"Join Type": "Inner","Startup Cost": 6369.34,"Total Cost": 195913.90,"Plan Rows": 1986,"Plan Width": 8,"Actual Startup Time": 48.244,"Actual Total Time": 4903.197,"Actual Rows": 481,"Actual Loops": 1,"Inner Unique": true,"Hash Cond": "(lineitem.l_partkey = part.p_partkey)","Join Filter": "(lineitem.l_quantity < (SubPlan 1))","Rows Removed by Join Filter": 5191,"Plans": [{"Node Type": "Seq Scan","Parent Relationship": "Outer","Parallel Aware": false,"Async Capable": false,"Relation Name": "lineitem","Alias": "lineitem","Startup Cost": 0.00,"Total Cost": 172515.15,"Plan Rows": 6001215,"Plan Width": 17,"Actual Startup Time": 0.019,"Actual Total Time": 1027.515,"Actual Rows": 6001215,"Actual Loops": 1},{"Node Type": "Hash","Parent Relationship": "Inner","Parallel Aware": false,"Async Capable": false,"Startup Cost": 6366.86,"Total Cost": 6366.86,"Plan Rows": 199,"Plan Width": 4,"Actual Startup Time": 28.895,"Actual Total Time": 29.436,"Actual Rows": 186,"Actual Loops": 1,"Hash Buckets": 1024,"Original Hash Buckets": 1024,"Hash Batches": 1,"Original Hash Batches": 1,"Peak Memory Usage": 15,"Plans": [{"Node Type": "Gather","Parent Relationship": "Outer","Parallel Aware": false,"Async Capable": false,"Startup Cost": 1000.00,"Total Cost": 6366.86,"Plan Rows": 199,"Plan Width": 4,"Actual Startup Time": 1.123,"Actual Total Time": 29.383,"Actual Rows": 186,"Actual Loops": 1,"Workers Planned": 2,"Workers Launched": 2,"Single Copy": false,"Plans": [{"Node Type": "Seq Scan","Parent Relationship": "Outer","Parallel Aware": true,"Async Capable": false,"Relation Name": "part","Alias": "part","Startup Cost": 0.00,"Total Cost": 5347.00,"Plan Rows": 83,"Plan Width": 4,"Actual Startup Time": 0.677,"Actual Total Time": 23.440,"Actual Rows": 62,"Actual Loops": 3,"Filter": "((p_brand = 'Brand#24'::bpchar) AND (p_container = 'LG PACK'::bpchar))","Rows Removed by Filter": 66605,"Workers": []}]}]},{"Node Type": "Aggregate","Strategy": "Plain","Partial Mode": "Simple","Parent Relationship": "SubPlan","Subplan Name": "SubPlan 1","Parallel Aware": false,"Async Capable": false,"Startup Cost": 127.60,"Total Cost": 127.61,"Plan Rows": 1,"Plan Width": 32,"Actual Startup Time": 0.150,"Actual Total Time": 0.150,"Actual Rows": 1,"Actual Loops": 5672,"Plans": [{"Node Type": "Bitmap Heap Scan","Parent Relationship": "Outer","Parallel Aware": false,"Async Capable": false,"Relation Name": "lineitem","Alias": "lineitem_1","Startup Cost": 4.67,"Total Cost": 127.52,"Plan Rows": 31,"Plan Width": 5,"Actual Startup Time": 0.015,"Actual Total Time": 0.142,"Actual Rows": 31,"Actual Loops": 5672,"Recheck Cond": "(l_partkey = part.p_partkey)","Rows Removed by Index Recheck": 0,"Exact Heap Blocks": 177875,"Lossy Heap Blocks": 0,"Plans": [{"Node Type": "Bitmap Index Scan","Parent Relationship": "Outer","Parallel Aware": false,"Async Capable": false,"Index Name": "idx_lineitem_part_supp","Startup Cost": 0.00,"Total Cost": 4.67,"Plan Rows": 31,"Plan Width": 0,"Actual Startup Time": 0.008,"Actual Total Time": 0.008,"Actual Rows": 31,"Actual Loops": 5672,"Index Cond": "(l_partkey = part.p_partkey)"}]}]}]}]},"Planning Time": 5.825,"Triggers": [],"Execution Time": 4903.713}]
[{"Plan": {"Node Type": "Aggregate","Strategy": "Plain","Partial Mode": "Simple","Parallel Aware": false,"Async Capable": false,"Startup Cost": 195918.37,"Total Cost": 195918.38,"Plan Rows": 1,"Plan Width": 32,"Actual Startup Time": 4887.138,"Actual Total Time": 4887.676,"Actual Rows": 1,"Actual Loops": 1,"Plans": [{"Node Type": "Hash Join","Parent Relationship": "Outer","Parallel Aware": false,"Async Capable": false,"Join Type": "Inner","Startup Cost": 6368.94,"Total Cost": 195913.49,"Plan Rows": 1950,"Plan Width": 8,"Actual Startup Time": 31.937,"Actual Total Time": 4887.455,"Actual Rows": 569,"Actual Loops": 1,"Inner Unique": true,"Hash Cond": "(lineitem.l_partkey = part.p_partkey)","Join Filter": "(lineitem.l_quantity < (SubPlan 1))","Rows Removed by Join Filter": 5598,"Plans": [{"Node Type": "Seq Scan","Parent Relationship": "Outer","Parallel Aware": false,"Async Capable": false,"Relation Name": "lineitem","Alias": "lineitem","Startup Cost": 0.00,"Total Cost": 172515.15,"Plan Rows": 6001215,"Plan Width": 17,"Actual Startup Time": 0.015,"Actual Total Time": 942.857,"Actual Rows": 6001215,"Actual Loops": 1},{"Node Type": "Hash","Parent Relationship": "Inner","Parallel Aware": false,"Async Capable": false,"Startup Cost": 6366.50,"Total Cost": 6366.50,"Plan Rows": 195,"Plan Width": 4,"Actual Startup Time": 30.438,"Actual Total Time": 30.966,"Actual Rows": 207,"Actual Loops": 1,"Hash Buckets": 1024,"Original Hash Buckets": 1024,"Hash Batches": 1,"Original Hash Batches": 1,"Peak Memory Usage": 16,"Plans": [{"Node Type": "Gather","Parent Relationship": "Outer","Parallel Aware": false,"Async Capable": false,"Startup Cost": 1000.00,"Total Cost": 6366.50,"Plan Rows": 195,"Plan Width": 4,"Actual Startup Time": 1.677,"Actual Total Time": 30.852,"Actual Rows": 207,"Actual Loops": 1,"Workers Planned": 2,"Workers Launched": 2,"Single Copy": false,"Plans": [{"Node Type": "Seq Scan","Parent Relationship": "Outer","Parallel Aware": true,"Async Capable": false,"Relation Name": "part","Alias": "part","Startup Cost": 0.00,"Total Cost": 5347.00,"Plan Rows": 81,"Plan Width": 4,"Actual Startup Time": 0.566,"Actual Total Time": 24.838,"Actual Rows": 69,"Actual Loops": 3,"Filter": "((p_brand = 'Brand#35'::bpchar) AND (p_container = 'WRAP PKG'::bpchar))","Rows Removed by Filter": 66598,"Workers": []}]}]},{"Node Type": "Aggregate","Strategy": "Plain","Partial Mode": "Simple","Parent Relationship": "SubPlan","Subplan Name": "SubPlan 1","Parallel Aware": false,"Async Capable": false,"Startup Cost": 127.60,"Total Cost": 127.61,"Plan Rows": 1,"Plan Width": 32,"Actual Startup Time": 0.126,"Actual Total Time": 0.126,"Actual Rows": 1,"Actual Loops": 6167,"Plans": [{"Node Type": "Bitmap Heap Scan","Parent Relationship": "Outer","Parallel Aware": false,"Async Capable": false,"Relation Name": "lineitem","Alias": "lineitem_1","Startup Cost": 4.67,"Total Cost": 127.52,"Plan Rows": 31,"Plan Width": 5,"Actual Startup Time": 0.013,"Actual Total Time": 0.119,"Actual Rows": 31,"Actual Loops": 6167,"Recheck Cond": "(l_partkey = part.p_partkey)","Rows Removed by Index Recheck": 0,"Exact Heap Blocks": 189398,"Lossy Heap Blocks": 0,"Plans": [{"Node Type": "Bitmap Index Scan","Parent Relationship": "Outer","Parallel Aware": false,"Async Capable": false,"Index Name": "idx_lineitem_part_supp","Startup Cost": 0.00,"Total Cost": 4.67,"Plan Rows": 31,"Plan Width": 0,"Actual Startup Time": 0.007,"Actual Total Time": 0.007,"Actual Rows": 31,"Actual Loops": 6167,"Index Cond": "(l_partkey = part.p_partkey)"}]}]}]}]},"Planning Time": 5.160,"Triggers": [],"Execution Time": 4887.903}]
[{"Plan": {"Node Type": "Aggregate","Strategy": "Plain","Partial Mode": "Simple","Parallel Aware": false,"Async Capable": false,"Startup Cost": 195917.94,"Total Cost": 195917.96,"Plan Rows": 1,"Plan Width": 32,"Actual Startup Time": 4966.377,"Actual Total Time": 4967.066,"Actual Rows": 1,"Actual Loops": 1,"Plans": [{"Node Type": "Hash Join","Parent Relationship": "Outer","Parallel Aware": false,"Async Capable": false,"Join Type": "Inner","Startup Cost": 6368.59,"Total Cost": 195913.14,"Plan Rows": 1919,"Plan Width": 8,"Actual Startup Time": 35.248,"Actual Total Time": 4966.609,"Actual Rows": 581,"Actual Loops": 1,"Inner Unique": true,"Hash Cond": "(lineitem.l_partkey = part.p_partkey)","Join Filter": "(lineitem.l_quantity < (SubPlan 1))","Rows Removed by Join Filter": 5933,"Plans": [{"Node Type": "Seq Scan","Parent Relationship": "Outer","Parallel Aware": false,"Async Capable": false,"Relation Name": "lineitem","Alias": "lineitem","Startup Cost": 0.00,"Total Cost": 172515.15,"Plan Rows": 6001215,"Plan Width": 17,"Actual Startup Time": 0.025,"Actual Total Time": 982.205,"Actual Rows": 6001215,"Actual Loops": 1},{"Node Type": "Hash","Parent Relationship": "Inner","Parallel Aware": false,"Async Capable": false,"Startup Cost": 6366.19,"Total Cost": 6366.19,"Plan Rows": 192,"Plan Width": 4,"Actual Startup Time": 33.741,"Actual Total Time": 34.391,"Actual Rows": 218,"Actual Loops": 1,"Hash Buckets": 1024,"Original Hash Buckets": 1024,"Hash Batches": 1,"Original Hash Batches": 1,"Peak Memory Usage": 16,"Plans": [{"Node Type": "Gather","Parent Relationship": "Outer","Parallel Aware": false,"Async Capable": false,"Startup Cost": 1000.00,"Total Cost": 6366.19,"Plan Rows": 192,"Plan Width": 4,"Actual Startup Time": 1.442,"Actual Total Time": 34.303,"Actual Rows": 218,"Actual Loops": 1,"Workers Planned": 2,"Workers Launched": 2,"Single Copy": false,"Plans": [{"Node Type": "Seq Scan","Parent Relationship": "Outer","Parallel Aware": true,"Async Capable": false,"Relation Name": "part","Alias": "part","Startup Cost": 0.00,"Total Cost": 5347.00,"Plan Rows": 80,"Plan Width": 4,"Actual Startup Time": 1.352,"Actual Total Time": 27.894,"Actual Rows": 73,"Actual Loops": 3,"Filter": "((p_brand = 'Brand#12'::bpchar) AND (p_container = 'WRAP PKG'::bpchar))","Rows Removed by Filter": 66594,"Workers": []}]}]},{"Node Type": "Aggregate","Strategy": "Plain","Partial Mode": "Simple","Parent Relationship": "SubPlan","Subplan Name": "SubPlan 1","Parallel Aware": false,"Async Capable": false,"Startup Cost": 127.60,"Total Cost": 127.61,"Plan Rows": 1,"Plan Width": 32,"Actual Startup Time": 0.124,"Actual Total Time": 0.124,"Actual Rows": 1,"Actual Loops": 6514,"Plans": [{"Node Type": "Bitmap Heap Scan","Parent Relationship": "Outer","Parallel Aware": false,"Async Capable": false,"Relation Name": "lineitem","Alias": "lineitem_1","Startup Cost": 4.67,"Total Cost": 127.52,"Plan Rows": 31,"Plan Width": 5,"Actual Startup Time": 0.013,"Actual Total Time": 0.117,"Actual Rows": 31,"Actual Loops": 6514,"Recheck Cond": "(l_partkey = part.p_partkey)","Rows Removed by Index Recheck": 0,"Exact Heap Blocks": 200812,"Lossy Heap Blocks": 0,"Plans": [{"Node Type": "Bitmap Index Scan","Parent Relationship": "Outer","Parallel Aware": false,"Async Capable": false,"Index Name": "idx_lineitem_part_supp","Startup Cost": 0.00,"Total Cost": 4.67,"Plan Rows": 31,"Plan Width": 0,"Actual Startup Time": 0.007,"Actual Total Time": 0.007,"Actual Rows": 31,"Actual Loops": 6514,"Index Cond": "(l_partkey = part.p_partkey)"}]}]}]}]},"Planning Time": 5.584,"Triggers": [],"Execution Time": 4967.537}]
[{"Plan": {"Node Type": "Aggregate","Strategy": "Plain","Partial Mode": "Simple","Parallel Aware": false,"Async Capable": false,"Startup Cost": 195919.41,"Total Cost": 195919.42,"Plan Rows": 1,"Plan Width": 32,"Actual Startup Time": 4896.211,"Actual Total Time": 4896.851,"Actual Rows": 1,"Actual Loops": 1,"Plans": [{"Node Type": "Hash Join","Parent Relationship": "Outer","Parallel Aware": false,"Async Capable": false,"Join Type": "Inner","Startup Cost": 6369.79,"Total Cost": 195914.34,"Plan Rows": 2026,"Plan Width": 8,"Actual Startup Time": 48.922,"Actual Total Time": 4896.425,"Actual Rows": 561,"Actual Loops": 1,"Inner Unique": true,"Hash Cond": "(lineitem.l_partkey = part.p_partkey)","Join Filter": "(lineitem.l_quantity < (SubPlan 1))","Rows Removed by Join Filter": 5783,"Plans": [{"Node Type": "Seq Scan","Parent Relationship": "Outer","Parallel Aware": false,"Async Capable": false,"Relation Name": "lineitem","Alias": "lineitem","Startup Cost": 0.00,"Total Cost": 172515.15,"Plan Rows": 6001215,"Plan Width": 17,"Actual Startup Time": 0.013,"Actual Total Time": 979.786,"Actual Rows": 6001215,"Actual Loops": 1},{"Node Type": "Hash","Parent Relationship": "Inner","Parallel Aware": false,"Async Capable": false,"Startup Cost": 6367.25,"Total Cost": 6367.25,"Plan Rows": 203,"Plan Width": 4,"Actual Startup Time": 32.453,"Actual Total Time": 33.058,"Actual Rows": 208,"Actual Loops": 1,"Hash Buckets": 1024,"Original Hash Buckets": 1024,"Hash Batches": 1,"Original Hash Batches": 1,"Peak Memory Usage": 16,"Plans": [{"Node Type": "Gather","Parent Relationship": "Outer","Parallel Aware": false,"Async Capable": false,"Startup Cost": 1000.00,"Total Cost": 6367.25,"Plan Rows": 203,"Plan Width": 4,"Actual Startup Time": 0.866,"Actual Total Time": 32.972,"Actual Rows": 208,"Actual Loops": 1,"Workers Planned": 2,"Workers Launched": 2,"Single Copy": false,"Plans": [{"Node Type": "Seq Scan","Parent Relationship": "Outer","Parallel Aware": true,"Async Capable": false,"Relation Name": "part","Alias": "part","Startup Cost": 0.00,"Total Cost": 5347.00,"Plan Rows": 84,"Plan Width": 4,"Actual Startup Time": 0.698,"Actual Total Time": 27.006,"Actual Rows": 69,"Actual Loops": 3,"Filter": "((p_brand = 'Brand#34'::bpchar) AND (p_container = 'WRAP JAR'::bpchar))","Rows Removed by Filter": 66597,"Workers": []}]}]},{"Node Type": "Aggregate","Strategy": "Plain","Partial Mode": "Simple","Parent Relationship": "SubPlan","Subplan Name": "SubPlan 1","Parallel Aware": false,"Async Capable": false,"Startup Cost": 127.60,"Total Cost": 127.61,"Plan Rows": 1,"Plan Width": 32,"Actual Startup Time": 0.124,"Actual Total Time": 0.124,"Actual Rows": 1,"Actual Loops": 6344,"Plans": [{"Node Type": "Bitmap Heap Scan","Parent Relationship": "Outer","Parallel Aware": false,"Async Capable": false,"Relation Name": "lineitem","Alias": "lineitem_1","Startup Cost": 4.67,"Total Cost": 127.52,"Plan Rows": 31,"Plan Width": 5,"Actual Startup Time": 0.013,"Actual Total Time": 0.117,"Actual Rows": 31,"Actual Loops": 6344,"Recheck Cond": "(l_partkey = part.p_partkey)","Rows Removed by Index Recheck": 0,"Exact Heap Blocks": 199532,"Lossy Heap Blocks": 0,"Plans": [{"Node Type": "Bitmap Index Scan","Parent Relationship": "Outer","Parallel Aware": false,"Async Capable": false,"Index Name": "idx_lineitem_part_supp","Startup Cost": 0.00,"Total Cost": 4.67,"Plan Rows": 31,"Plan Width": 0,"Actual Startup Time": 0.007,"Actual Total Time": 0.007,"Actual Rows": 31,"Actual Loops": 6344,"Index Cond": "(l_partkey = part.p_partkey)"}]}]}]}]},"Planning Time": 4.416,"Triggers": [],"Execution Time": 4897.157}]
[{"Plan": {"Node Type": "Aggregate","Strategy": "Plain","Partial Mode": "Simple","Parallel Aware": false,"Async Capable": false,"Startup Cost": 195918.26,"Total Cost": 195918.28,"Plan Rows": 1,"Plan Width": 32,"Actual Startup Time": 4880.067,"Actual Total Time": 4880.743,"Actual Rows": 1,"Actual Loops": 1,"Plans": [{"Node Type": "Hash Join","Parent Relationship": "Outer","Parallel Aware": false,"Async Capable": false,"Join Type": "Inner","Startup Cost": 6368.85,"Total Cost": 195913.40,"Plan Rows": 1943,"Plan Width": 8,"Actual Startup Time": 47.767,"Actual Total Time": 4880.357,"Actual Rows": 567,"Actual Loops": 1,"Inner Unique": true,"Hash Cond": "(lineitem.l_partkey = part.p_partkey)","Join Filter": "(lineitem.l_quantity < (SubPlan 1))","Rows Removed by Join Filter": 5521,"Plans": [{"Node Type": "Seq Scan","Parent Relationship": "Outer","Parallel Aware": false,"Async Capable": false,"Relation Name": "lineitem","Alias": "lineitem","Startup Cost": 0.00,"Total Cost": 172515.15,"Plan Rows": 6001215,"Plan Width": 17,"Actual Startup Time": 0.013,"Actual Total Time": 953.529,"Actual Rows": 6001215,"Actual Loops": 1},{"Node Type": "Hash","Parent Relationship": "Inner","Parallel Aware": false,"Async Capable": false,"Startup Cost": 6366.42,"Total Cost": 6366.42,"Plan Rows": 194,"Plan Width": 4,"Actual Startup Time": 33.110,"Actual Total Time": 33.739,"Actual Rows": 202,"Actual Loops": 1,"Hash Buckets": 1024,"Original Hash Buckets": 1024,"Hash Batches": 1,"Original Hash Batches": 1,"Peak Memory Usage": 16,"Plans": [{"Node Type": "Gather","Parent Relationship": "Outer","Parallel Aware": false,"Async Capable": false,"Startup Cost": 1000.00,"Total Cost": 6366.42,"Plan Rows": 194,"Plan Width": 4,"Actual Startup Time": 1.629,"Actual Total Time": 33.634,"Actual Rows": 202,"Actual Loops": 1,"Workers Planned": 2,"Workers Launched": 2,"Single Copy": false,"Plans": [{"Node Type": "Seq Scan","Parent Relationship": "Outer","Parallel Aware": true,"Async Capable": false,"Relation Name": "part","Alias": "part","Startup Cost": 0.00,"Total Cost": 5347.00,"Plan Rows": 81,"Plan Width": 4,"Actual Startup Time": 2.253,"Actual Total Time": 27.678,"Actual Rows": 67,"Actual Loops": 3,"Filter": "((p_brand = 'Brand#22'::bpchar) AND (p_container = 'JUMBO BOX'::bpchar))","Rows Removed by Filter": 66599,"Workers": []}]}]},{"Node Type": "Aggregate","Strategy": "Plain","Partial Mode": "Simple","Parent Relationship": "SubPlan","Subplan Name": "SubPlan 1","Parallel Aware": false,"Async Capable": false,"Startup Cost": 127.60,"Total Cost": 127.61,"Plan Rows": 1,"Plan Width": 32,"Actual Startup Time": 0.126,"Actual Total Time": 0.126,"Actual Rows": 1,"Actual Loops": 6088,"Plans": [{"Node Type": "Bitmap Heap Scan","Parent Relationship": "Outer","Parallel Aware": false,"Async Capable": false,"Relation Name": "lineitem","Alias": "lineitem_1","Startup Cost": 4.67,"Total Cost": 127.52,"Plan Rows": 31,"Plan Width": 5,"Actual Startup Time": 0.013,"Actual Total Time": 0.119,"Actual Rows": 31,"Actual Loops": 6088,"Recheck Cond": "(l_partkey = part.p_partkey)","Rows Removed by Index Recheck": 0,"Exact Heap Blocks": 188484,"Lossy Heap Blocks": 0,"Plans": [{"Node Type": "Bitmap Index Scan","Parent Relationship": "Outer","Parallel Aware": false,"Async Capable": false,"Index Name": "idx_lineitem_part_supp","Startup Cost": 0.00,"Total Cost": 4.67,"Plan Rows": 31,"Plan Width": 0,"Actual Startup Time": 0.007,"Actual Total Time": 0.007,"Actual Rows": 31,"Actual Loops": 6088,"Index Cond": "(l_partkey = part.p_partkey)"}]}]}]}]},"Planning Time": 6.098,"Triggers": [],"Execution Time": 4881.106}]
[{"Plan": {"Node Type": "Aggregate","Strategy": "Plain","Partial Mode": "Simple","Parallel Aware": false,"Async Capable": false,"Startup Cost": 195918.45,"Total Cost": 195918.46,"Plan Rows": 1,"Plan Width": 32,"Actual Startup Time": 4934.899,"Actual Total Time": 4935.527,"Actual Rows": 1,"Actual Loops": 1,"Plans": [{"Node Type": "Hash Join","Parent Relationship": "Outer","Parallel Aware": false,"Async Capable": false,"Join Type": "Inner","Startup Cost": 6369.00,"Total Cost": 195913.56,"Plan Rows": 1956,"Plan Width": 8,"Actual Startup Time": 35.412,"Actual Total Time": 4935.335,"Actual Rows": 537,"Actual Loops": 1,"Inner Unique": true,"Hash Cond": "(lineitem.l_partkey = part.p_partkey)","Join Filter": "(lineitem.l_quantity < (SubPlan 1))","Rows Removed by Join Filter": 5334,"Plans": [{"Node Type": "Seq Scan","Parent Relationship": "Outer","Parallel Aware": false,"Async Capable": false,"Relation Name": "lineitem","Alias": "lineitem","Startup Cost": 0.00,"Total Cost": 172515.15,"Plan Rows": 6001215,"Plan Width": 17,"Actual Startup Time": 0.015,"Actual Total Time": 1027.607,"Actual Rows": 6001215,"Actual Loops": 1},{"Node Type": "Hash","Parent Relationship": "Inner","Parallel Aware": false,"Async Capable": false,"Startup Cost": 6366.56,"Total Cost": 6366.56,"Plan Rows": 196,"Plan Width": 4,"Actual Startup Time": 33.741,"Actual Total Time": 34.353,"Actual Rows": 194,"Actual Loops": 1,"Hash Buckets": 1024,"Original Hash Buckets": 1024,"Hash Batches": 1,"Original Hash Batches": 1,"Peak Memory Usage": 15,"Plans": [{"Node Type": "Gather","Parent Relationship": "Outer","Parallel Aware": false,"Async Capable": false,"Startup Cost": 1000.00,"Total Cost": 6366.56,"Plan Rows": 196,"Plan Width": 4,"Actual Startup Time": 0.814,"Actual Total Time": 34.302,"Actual Rows": 194,"Actual Loops": 1,"Workers Planned": 2,"Workers Launched": 2,"Single Copy": false,"Plans": [{"Node Type": "Seq Scan","Parent Relationship": "Outer","Parallel Aware": true,"Async Capable": false,"Relation Name": "part","Alias": "part","Startup Cost": 0.00,"Total Cost": 5347.00,"Plan Rows": 81,"Plan Width": 4,"Actual Startup Time": 1.273,"Actual Total Time": 27.678,"Actual Rows": 65,"Actual Loops": 3,"Filter": "((p_brand = 'Brand#34'::bpchar) AND (p_container = 'LG CAN'::bpchar))","Rows Removed by Filter": 66602,"Workers": []}]}]},{"Node Type": "Aggregate","Strategy": "Plain","Partial Mode": "Simple","Parent Relationship": "SubPlan","Subplan Name": "SubPlan 1","Parallel Aware": false,"Async Capable": false,"Startup Cost": 127.60,"Total Cost": 127.61,"Plan Rows": 1,"Plan Width": 32,"Actual Startup Time": 0.149,"Actual Total Time": 0.149,"Actual Rows": 1,"Actual Loops": 5871,"Plans": [{"Node Type": "Bitmap Heap Scan","Parent Relationship": "Outer","Parallel Aware": false,"Async Capable": false,"Relation Name": "lineitem","Alias": "lineitem_1","Startup Cost": 4.67,"Total Cost": 127.52,"Plan Rows": 31,"Plan Width": 5,"Actual Startup Time": 0.015,"Actual Total Time": 0.141,"Actual Rows": 31,"Actual Loops": 5871,"Recheck Cond": "(l_partkey = part.p_partkey)","Rows Removed by Index Recheck": 0,"Exact Heap Blocks": 183162,"Lossy Heap Blocks": 0,"Plans": [{"Node Type": "Bitmap Index Scan","Parent Relationship": "Outer","Parallel Aware": false,"Async Capable": false,"Index Name": "idx_lineitem_part_supp","Startup Cost": 0.00,"Total Cost": 4.67,"Plan Rows": 31,"Plan Width": 0,"Actual Startup Time": 0.008,"Actual Total Time": 0.008,"Actual Rows": 31,"Actual Loops": 5871,"Index Cond": "(l_partkey = part.p_partkey)"}]}]}]}]},"Planning Time": 4.602,"Triggers": [],"Execution Time": 4935.773}]
[{"Plan": {"Node Type": "Aggregate","Strategy": "Plain","Partial Mode": "Simple","Parallel Aware": false,"Async Capable": false,"Startup Cost": 195918.74,"Total Cost": 195918.75,"Plan Rows": 1,"Plan Width": 32,"Actual Startup Time": 5062.595,"Actual Total Time": 5063.335,"Actual Rows": 1,"Actual Loops": 1,"Plans": [{"Node Type": "Hash Join","Parent Relationship": "Outer","Parallel Aware": false,"Async Capable": false,"Join Type": "Inner","Startup Cost": 6369.24,"Total Cost": 195913.79,"Plan Rows": 1977,"Plan Width": 8,"Actual Startup Time": 36.386,"Actual Total Time": 5062.799,"Actual Rows": 605,"Actual Loops": 1,"Inner Unique": true,"Hash Cond": "(lineitem.l_partkey = part.p_partkey)","Join Filter": "(lineitem.l_quantity < (SubPlan 1))","Rows Removed by Join Filter": 5929,"Plans": [{"Node Type": "Seq Scan","Parent Relationship": "Outer","Parallel Aware": false,"Async Capable": false,"Relation Name": "lineitem","Alias": "lineitem","Startup Cost": 0.00,"Total Cost": 172515.15,"Plan Rows": 6001215,"Plan Width": 17,"Actual Startup Time": 0.013,"Actual Total Time": 999.462,"Actual Rows": 6001215,"Actual Loops": 1},{"Node Type": "Hash","Parent Relationship": "Inner","Parallel Aware": false,"Async Capable": false,"Startup Cost": 6366.77,"Total Cost": 6366.77,"Plan Rows": 198,"Plan Width": 4,"Actual Startup Time": 33.322,"Actual Total Time": 34.020,"Actual Rows": 217,"Actual Loops": 1,"Hash Buckets": 1024,"Original Hash Buckets": 1024,"Hash Batches": 1,"Original Hash Batches": 1,"Peak Memory Usage": 16,"Plans": [{"Node Type": "Gather","Parent Relationship": "Outer","Parallel Aware": false,"Async Capable": false,"Startup Cost": 1000.00,"Total Cost": 6366.77,"Plan Rows": 198,"Plan Width": 4,"Actual Startup Time": 0.638,"Actual Total Time": 33.963,"Actual Rows": 217,"Actual Loops": 1,"Workers Planned": 2,"Workers Launched": 2,"Single Copy": false,"Plans": [{"Node Type": "Seq Scan","Parent Relationship": "Outer","Parallel Aware": true,"Async Capable": false,"Relation Name": "part","Alias": "part","Startup Cost": 0.00,"Total Cost": 5347.00,"Plan Rows": 82,"Plan Width": 4,"Actual Startup Time": 0.449,"Actual Total Time": 27.542,"Actual Rows": 72,"Actual Loops": 3,"Filter": "((p_brand = 'Brand#12'::bpchar) AND (p_container = 'WRAP BAG'::bpchar))","Rows Removed by Filter": 66594,"Workers": []}]}]},{"Node Type": "Aggregate","Strategy": "Plain","Partial Mode": "Simple","Parent Relationship": "SubPlan","Subplan Name": "SubPlan 1","Parallel Aware": false,"Async Capable": false,"Startup Cost": 127.60,"Total Cost": 127.61,"Plan Rows": 1,"Plan Width": 32,"Actual Startup Time": 0.139,"Actual Total Time": 0.139,"Actual Rows": 1,"Actual Loops": 6534,"Plans": [{"Node Type": "Bitmap Heap Scan","Parent Relationship": "Outer","Parallel Aware": false,"Async Capable": false,"Relation Name": "lineitem","Alias": "lineitem_1","Startup Cost": 4.67,"Total Cost": 127.52,"Plan Rows": 31,"Plan Width": 5,"Actual Startup Time": 0.014,"Actual Total Time": 0.132,"Actual Rows": 31,"Actual Loops": 6534,"Recheck Cond": "(l_partkey = part.p_partkey)","Rows Removed by Index Recheck": 0,"Exact Heap Blocks": 202851,"Lossy Heap Blocks": 0,"Plans": [{"Node Type": "Bitmap Index Scan","Parent Relationship": "Outer","Parallel Aware": false,"Async Capable": false,"Index Name": "idx_lineitem_part_supp","Startup Cost": 0.00,"Total Cost": 4.67,"Plan Rows": 31,"Plan Width": 0,"Actual Startup Time": 0.008,"Actual Total Time": 0.008,"Actual Rows": 31,"Actual Loops": 6534,"Index Cond": "(l_partkey = part.p_partkey)"}]}]}]}]},"Planning Time": 5.466,"Triggers": [],"Execution Time": 5063.669}]
[{"Plan": {"Node Type": "Aggregate","Strategy": "Plain","Partial Mode": "Simple","Parallel Aware": false,"Async Capable": false,"Startup Cost": 195918.11,"Total Cost": 195918.12,"Plan Rows": 1,"Plan Width": 32,"Actual Startup Time": 4780.007,"Actual Total Time": 4780.588,"Actual Rows": 1,"Actual Loops": 1,"Plans": [{"Node Type": "Hash Join","Parent Relationship": "Outer","Parallel Aware": false,"Async Capable": false,"Join Type": "Inner","Startup Cost": 6368.72,"Total Cost": 195913.28,"Plan Rows": 1931,"Plan Width": 8,"Actual Startup Time": 32.419,"Actual Total Time": 4780.247,"Actual Rows": 456,"Actual Loops": 1,"Inner Unique": true,"Hash Cond": "(lineitem.l_partkey = part.p_partkey)","Join Filter": "(lineitem.l_quantity < (SubPlan 1))","Rows Removed by Join Filter": 5166,"Plans": [{"Node Type": "Seq Scan","Parent Relationship": "Outer","Parallel Aware": false,"Async Capable": false,"Relation Name": "lineitem","Alias": "lineitem","Startup Cost": 0.00,"Total Cost": 172515.15,"Plan Rows": 6001215,"Plan Width": 17,"Actual Startup Time": 0.015,"Actual Total Time": 978.829,"Actual Rows": 6001215,"Actual Loops": 1},{"Node Type": "Hash","Parent Relationship": "Inner","Parallel Aware": false,"Async Capable": false,"Startup Cost": 6366.31,"Total Cost": 6366.31,"Plan Rows": 193,"Plan Width": 4,"Actual Startup Time": 30.488,"Actual Total Time": 31.038,"Actual Rows": 188,"Actual Loops": 1,"Hash Buckets": 1024,"Original Hash Buckets": 1024,"Hash Batches": 1,"Original Hash Batches": 1,"Peak Memory Usage": 15,"Plans": [{"Node Type": "Gather","Parent Relationship": "Outer","Parallel Aware": false,"Async Capable": false,"Startup Cost": 1000.00,"Total Cost": 6366.31,"Plan Rows": 193,"Plan Width": 4,"Actual Startup Time": 1.508,"Actual Total Time": 30.954,"Actual Rows": 188,"Actual Loops": 1,"Workers Planned": 2,"Workers Launched": 2,"Single Copy": false,"Plans": [{"Node Type": "Seq Scan","Parent Relationship": "Outer","Parallel Aware": true,"Async Capable": false,"Relation Name": "part","Alias": "part","Startup Cost": 0.00,"Total Cost": 5347.00,"Plan Rows": 80,"Plan Width": 4,"Actual Startup Time": 1.168,"Actual Total Time": 24.826,"Actual Rows": 63,"Actual Loops": 3,"Filter": "((p_brand = 'Brand#52'::bpchar) AND (p_container = 'LG BAG'::bpchar))","Rows Removed by Filter": 66604,"Workers": []}]}]},{"Node Type": "Aggregate","Strategy": "Plain","Partial Mode": "Simple","Parent Relationship": "SubPlan","Subplan Name": "SubPlan 1","Parallel Aware": false,"Async Capable": false,"Startup Cost": 127.60,"Total Cost": 127.61,"Plan Rows": 1,"Plan Width": 32,"Actual Startup Time": 0.120,"Actual Total Time": 0.120,"Actual Rows": 1,"Actual Loops": 5622,"Plans": [{"Node Type": "Bitmap Heap Scan","Parent Relationship": "Outer","Parallel Aware": false,"Async Capable": false,"Relation Name": "lineitem","Alias": "lineitem_1","Startup Cost": 4.67,"Total Cost": 127.52,"Plan Rows": 31,"Plan Width": 5,"Actual Startup Time": 0.013,"Actual Total Time": 0.112,"Actual Rows": 31,"Actual Loops": 5622,"Recheck Cond": "(l_partkey = part.p_partkey)","Rows Removed by Index Recheck": 0,"Exact Heap Blocks": 173682,"Lossy Heap Blocks": 0,"Plans": [{"Node Type": "Bitmap Index Scan","Parent Relationship": "Outer","Parallel Aware": false,"Async Capable": false,"Index Name": "idx_lineitem_part_supp","Startup Cost": 0.00,"Total Cost": 4.67,"Plan Rows": 31,"Plan Width": 0,"Actual Startup Time": 0.007,"Actual Total Time": 0.007,"Actual Rows": 31,"Actual Loops": 5622,"Index Cond": "(l_partkey = part.p_partkey)"}]}]}]}]},"Planning Time": 5.823,"Triggers": [],"Execution Time": 4780.908}]
[{"Plan": {"Node Type": "Aggregate","Strategy": "Plain","Partial Mode": "Simple","Parallel Aware": false,"Async Capable": false,"Startup Cost": 195918.49,"Total Cost": 195918.50,"Plan Rows": 1,"Plan Width": 32,"Actual Startup Time": 4976.480,"Actual Total Time": 4976.888,"Actual Rows": 1,"Actual Loops": 1,"Plans": [{"Node Type": "Hash Join","Parent Relationship": "Outer","Parallel Aware": false,"Async Capable": false,"Join Type": "Inner","Startup Cost": 6369.03,"Total Cost": 195913.59,"Plan Rows": 1959,"Plan Width": 8,"Actual Startup Time": 33.170,"Actual Total Time": 4976.694,"Actual Rows": 620,"Actual Loops": 1,"Inner Unique": true,"Hash Cond": "(lineitem.l_partkey = part.p_partkey)","Join Filter": "(lineitem.l_quantity < (SubPlan 1))","Rows Removed by Join Filter": 5845,"Plans": [{"Node Type": "Seq Scan","Parent Relationship": "Outer","Parallel Aware": false,"Async Capable": false,"Relation Name": "lineitem","Alias": "lineitem","Startup Cost": 0.00,"Total Cost": 172515.15,"Plan Rows": 6001215,"Plan Width": 17,"Actual Startup Time": 0.021,"Actual Total Time": 940.428,"Actual Rows": 6001215,"Actual Loops": 1},{"Node Type": "Hash","Parent Relationship": "Inner","Parallel Aware": false,"Async Capable": false,"Startup Cost": 6366.59,"Total Cost": 6366.59,"Plan Rows": 196,"Plan Width": 4,"Actual Startup Time": 32.218,"Actual Total Time": 32.606,"Actual Rows": 214,"Actual Loops": 1,"Hash Buckets": 1024,"Original Hash Buckets": 1024,"Hash Batches": 1,"Original Hash Batches": 1,"Peak Memory Usage": 16,"Plans": [{"Node Type": "Gather","Parent Relationship": "Outer","Parallel Aware": false,"Async Capable": false,"Startup Cost": 1000.00,"Total Cost": 6366.59,"Plan Rows": 196,"Plan Width": 4,"Actual Startup Time": 2.211,"Actual Total Time": 32.528,"Actual Rows": 214,"Actual Loops": 1,"Workers Planned": 2,"Workers Launched": 2,"Single Copy": false,"Plans": [{"Node Type": "Seq Scan","Parent Relationship": "Outer","Parallel Aware": true,"Async Capable": false,"Relation Name": "part","Alias": "part","Startup Cost": 0.00,"Total Cost": 5347.00,"Plan Rows": 82,"Plan Width": 4,"Actual Startup Time": 0.878,"Actual Total Time": 26.287,"Actual Rows": 71,"Actual Loops": 3,"Filter": "((p_brand = 'Brand#55'::bpchar) AND (p_container = 'JUMBO BOX'::bpchar))","Rows Removed by Filter": 66595,"Workers": []}]}]},{"Node Type": "Aggregate","Strategy": "Plain","Partial Mode": "Simple","Parent Relationship": "SubPlan","Subplan Name": "SubPlan 1","Parallel Aware": false,"Async Capable": false,"Startup Cost": 127.60,"Total Cost": 127.61,"Plan Rows": 1,"Plan Width": 32,"Actual Startup Time": 0.115,"Actual Total Time": 0.115,"Actual Rows": 1,"Actual Loops": 6465,"Plans": [{"Node Type": "Bitmap Heap Scan","Parent Relationship": "Outer","Parallel Aware": false,"Async Capable": false,"Relation Name": "lineitem","Alias": "lineitem_1","Startup Cost": 4.67,"Total Cost": 127.52,"Plan Rows": 31,"Plan Width": 5,"Actual Startup Time": 0.013,"Actual Total Time": 0.108,"Actual Rows": 31,"Actual Loops": 6465,"Recheck Cond": "(l_partkey = part.p_partkey)","Rows Removed by Index Recheck": 0,"Exact Heap Blocks": 203189,"Lossy Heap Blocks": 0,"Plans": [{"Node Type": "Bitmap Index Scan","Parent Relationship": "Outer","Parallel Aware": false,"Async Capable": false,"Index Name": "idx_lineitem_part_supp","Startup Cost": 0.00,"Total Cost": 4.67,"Plan Rows": 31,"Plan Width": 0,"Actual Startup Time": 0.007,"Actual Total Time": 0.007,"Actual Rows": 31,"Actual Loops": 6465,"Index Cond": "(l_partkey = part.p_partkey)"}]}]}]}]},"Planning Time": 4.984,"Triggers": [],"Execution Time": 4977.183}]
[{"Plan": {"Node Type": "Aggregate","Strategy": "Plain","Partial Mode": "Simple","Parallel Aware": false,"Async Capable": false,"Startup Cost": 195918.41,"Total Cost": 195918.43,"Plan Rows": 1,"Plan Width": 32,"Actual Startup Time": 4881.702,"Actual Total Time": 4882.308,"Actual Rows": 1,"Actual Loops": 1,"Plans": [{"Node Type": "Hash Join","Parent Relationship": "Outer","Parallel Aware": false,"Async Capable": false,"Join Type": "Inner","Startup Cost": 6368.97,"Total Cost": 195913.53,"Plan Rows": 1954,"Plan Width": 8,"Actual Startup Time": 61.151,"Actual Total Time": 4882.000,"Actual Rows": 545,"Actual Loops": 1,"Inner Unique": true,"Hash Cond": "(lineitem.l_partkey = part.p_partkey)","Join Filter": "(lineitem.l_quantity < (SubPlan 1))","Rows Removed by Join Filter": 5870,"Plans": [{"Node Type": "Seq Scan","Parent Relationship": "Outer","Parallel Aware": false,"Async Capable": false,"Relation Name": "lineitem","Alias": "lineitem","Startup Cost": 0.00,"Total Cost": 172515.15,"Plan Rows": 6001215,"Plan Width": 17,"Actual Startup Time": 0.014,"Actual Total Time": 941.137,"Actual Rows": 6001215,"Actual Loops": 1},{"Node Type": "Hash","Parent Relationship": "Inner","Parallel Aware": false,"Async Capable": false,"Startup Cost": 6366.53,"Total Cost": 6366.53,"Plan Rows": 195,"Plan Width": 4,"Actual Startup Time": 33.137,"Actual Total Time": 33.728,"Actual Rows": 215,"Actual Loops": 1,"Hash Buckets": 1024,"Original Hash Buckets": 1024,"Hash Batches": 1,"Original Hash Batches": 1,"Peak Memory Usage": 16,"Plans": [{"Node Type": "Gather","Parent Relationship": "Outer","Parallel Aware": false,"Async Capable": false,"Startup Cost": 1000.00,"Total Cost": 6366.53,"Plan Rows": 195,"Plan Width": 4,"Actual Startup Time": 1.746,"Actual Total Time": 33.636,"Actual Rows": 215,"Actual Loops": 1,"Workers Planned": 2,"Workers Launched": 2,"Single Copy": false,"Plans": [{"Node Type": "Seq Scan","Parent Relationship": "Outer","Parallel Aware": true,"Async Capable": false,"Relation Name": "part","Alias": "part","Startup Cost": 0.00,"Total Cost": 5347.00,"Plan Rows": 81,"Plan Width": 4,"Actual Startup Time": 1.604,"Actual Total Time": 27.651,"Actual Rows": 72,"Actual Loops": 3,"Filter": "((p_brand = 'Brand#34'::bpchar) AND (p_container = 'JUMBO PACK'::bpchar))","Rows Removed by Filter": 66595,"Workers": []}]}]},{"Node Type": "Aggregate","Strategy": "Plain","Partial Mode": "Simple","Parent Relationship": "SubPlan","Subplan Name": "SubPlan 1","Parallel Aware": false,"Async Capable": false,"Startup Cost": 127.60,"Total Cost": 127.61,"Plan Rows": 1,"Plan Width": 32,"Actual Startup Time": 0.123,"Actual Total Time": 0.123,"Actual Rows": 1,"Actual Loops": 6415,"Plans": [{"Node Type": "Bitmap Heap Scan","Parent Relationship": "Outer","Parallel Aware": false,"Async Capable": false,"Relation Name": "lineitem","Alias": "lineitem_1","Startup Cost": 4.67,"Total Cost": 127.52,"Plan Rows": 31,"Plan Width": 5,"Actual Startup Time": 0.014,"Actual Total Time": 0.116,"Actual Rows": 31,"Actual Loops": 6415,"Recheck Cond": "(l_partkey = part.p_partkey)","Rows Removed by Index Recheck": 0,"Exact Heap Blocks": 197114,"Lossy Heap Blocks": 0,"Plans": [{"Node Type": "Bitmap Index Scan","Parent Relationship": "Outer","Parallel Aware": false,"Async Capable": false,"Index Name": "idx_lineitem_part_supp","Startup Cost": 0.00,"Total Cost": 4.67,"Plan Rows": 31,"Plan Width": 0,"Actual Startup Time": 0.007,"Actual Total Time": 0.007,"Actual Rows": 31,"Actual Loops": 6415,"Index Cond": "(l_partkey = part.p_partkey)"}]}]}]}]},"Planning Time": 4.605,"Triggers": [],"Execution Time": 4882.562}]
[{"Plan": {"Node Type": "Aggregate","Strategy": "Plain","Partial Mode": "Simple","Parallel Aware": false,"Async Capable": false,"Startup Cost": 195919.52,"Total Cost": 195919.53,"Plan Rows": 1,"Plan Width": 32,"Actual Startup Time": 4849.800,"Actual Total Time": 4850.610,"Actual Rows": 1,"Actual Loops": 1,"Plans": [{"Node Type": "Hash Join","Parent Relationship": "Outer","Parallel Aware": false,"Async Capable": false,"Join Type": "Inner","Startup Cost": 6369.88,"Total Cost": 195914.43,"Plan Rows": 2034,"Plan Width": 8,"Actual Startup Time": 30.424,"Actual Total Time": 4850.223,"Actual Rows": 509,"Actual Loops": 1,"Inner Unique": true,"Hash Cond": "(lineitem.l_partkey = part.p_partkey)","Join Filter": "(lineitem.l_quantity < (SubPlan 1))","Rows Removed by Join Filter": 4972,"Plans": [{"Node Type": "Seq Scan","Parent Relationship": "Outer","Parallel Aware": false,"Async Capable": false,"Relation Name": "lineitem","Alias": "lineitem","Startup Cost": 0.00,"Total Cost": 172515.15,"Plan Rows": 6001215,"Plan Width": 17,"Actual Startup Time": 0.017,"Actual Total Time": 995.022,"Actual Rows": 6001215,"Actual Loops": 1},{"Node Type": "Hash","Parent Relationship": "Inner","Parallel Aware": false,"Async Capable": false,"Startup Cost": 6367.34,"Total Cost": 6367.34,"Plan Rows": 203,"Plan Width": 4,"Actual Startup Time": 29.391,"Actual Total Time": 30.166,"Actual Rows": 184,"Actual Loops": 1,"Hash Buckets": 1024,"Original Hash Buckets": 1024,"Hash Batches": 1,"Original Hash Batches": 1,"Peak Memory Usage": 15,"Plans": [{"Node Type": "Gather","Parent Relationship": "Outer","Parallel Aware": false,"Async Capable": false,"Startup Cost": 1000.00,"Total Cost": 6367.34,"Plan Rows": 203,"Plan Width": 4,"Actual Startup Time": 1.406,"Actual Total Time": 30.070,"Actual Rows": 184,"Actual Loops": 1,"Workers Planned": 2,"Workers Launched": 2,"Single Copy": false,"Plans": [{"Node Type": "Seq Scan","Parent Relationship": "Outer","Parallel Aware": true,"Async Capable": false,"Relation Name": "part","Alias": "part","Startup Cost": 0.00,"Total Cost": 5347.00,"Plan Rows": 85,"Plan Width": 4,"Actual Startup Time": 0.778,"Actual Total Time": 23.968,"Actual Rows": 61,"Actual Loops": 3,"Filter": "((p_brand = 'Brand#31'::bpchar) AND (p_container = 'WRAP BAG'::bpchar))","Rows Removed by Filter": 66605,"Workers": []}]}]},{"Node Type": "Aggregate","Strategy": "Plain","Partial Mode": "Simple","Parent Relationship": "SubPlan","Subplan Name": "SubPlan 1","Parallel Aware": false,"Async Capable": false,"Startup Cost": 127.60,"Total Cost": 127.61,"Plan Rows": 1,"Plan Width": 32,"Actual Startup Time": 0.135,"Actual Total Time": 0.135,"Actual Rows": 1,"Actual Loops": 5481,"Plans": [{"Node Type": "Bitmap Heap Scan","Parent Relationship": "Outer","Parallel Aware": false,"Async Capable": false,"Relation Name": "lineitem","Alias": "lineitem_1","Startup Cost": 4.67,"Total Cost": 127.52,"Plan Rows": 31,"Plan Width": 5,"Actual Startup Time": 0.014,"Actual Total Time": 0.128,"Actual Rows": 31,"Actual Loops": 5481,"Recheck Cond": "(l_partkey = part.p_partkey)","Rows Removed by Index Recheck": 0,"Exact Heap Blocks": 168873,"Lossy Heap Blocks": 0,"Plans": [{"Node Type": "Bitmap Index Scan","Parent Relationship": "Outer","Parallel Aware": false,"Async Capable": false,"Index Name": "idx_lineitem_part_supp","Startup Cost": 0.00,"Total Cost": 4.67,"Plan Rows": 31,"Plan Width": 0,"Actual Startup Time": 0.008,"Actual Total Time": 0.008,"Actual Rows": 31,"Actual Loops": 5481,"Index Cond": "(l_partkey = part.p_partkey)"}]}]}]}]},"Planning Time": 5.008,"Triggers": [],"Execution Time": 4850.944}]
[{"Plan": {"Node Type": "Aggregate","Strategy": "Plain","Partial Mode": "Simple","Parallel Aware": false,"Async Capable": false,"Startup Cost": 195919.23,"Total Cost": 195919.25,"Plan Rows": 1,"Plan Width": 32,"Actual Startup Time": 4995.574,"Actual Total Time": 4996.300,"Actual Rows": 1,"Actual Loops": 1,"Plans": [{"Node Type": "Hash Join","Parent Relationship": "Outer","Parallel Aware": false,"Async Capable": false,"Join Type": "Inner","Startup Cost": 6369.65,"Total Cost": 195914.20,"Plan Rows": 2013,"Plan Width": 8,"Actual Startup Time": 43.125,"Actual Total Time": 4995.827,"Actual Rows": 633,"Actual Loops": 1,"Inner Unique": true,"Hash Cond": "(lineitem.l_partkey = part.p_partkey)","Join Filter": "(lineitem.l_quantity < (SubPlan 1))","Rows Removed by Join Filter": 6077,"Plans": [{"Node Type": "Seq Scan","Parent Relationship": "Outer","Parallel Aware": false,"Async Capable": false,"Relation Name": "lineitem","Alias": "lineitem","Startup Cost": 0.00,"Total Cost": 172515.15,"Plan Rows": 6001215,"Plan Width": 17,"Actual Startup Time": 0.021,"Actual Total Time": 981.697,"Actual Rows": 6001215,"Actual Loops": 1},{"Node Type": "Hash","Parent Relationship": "Inner","Parallel Aware": false,"Async Capable": false,"Startup Cost": 6367.13,"Total Cost": 6367.13,"Plan Rows": 201,"Plan Width": 4,"Actual Startup Time": 32.939,"Actual Total Time": 33.620,"Actual Rows": 223,"Actual Loops": 1,"Hash Buckets": 1024,"Original Hash Buckets": 1024,"Hash Batches": 1,"Original Hash Batches": 1,"Peak Memory Usage": 16,"Plans": [{"Node Type": "Gather","Parent Relationship": "Outer","Parallel Aware": false,"Async Capable": false,"Startup Cost": 1000.00,"Total Cost": 6367.13,"Plan Rows": 201,"Plan Width": 4,"Actual Startup Time": 1.267,"Actual Total Time": 33.520,"Actual Rows": 223,"Actual Loops": 1,"Workers Planned": 2,"Workers Launched": 2,"Single Copy": false,"Plans": [{"Node Type": "Seq Scan","Parent Relationship": "Outer","Parallel Aware": true,"Async Capable": false,"Relation Name": "part","Alias": "part","Startup Cost": 0.00,"Total Cost": 5347.00,"Plan Rows": 84,"Plan Width": 4,"Actual Startup Time": 1.064,"Actual Total Time": 27.446,"Actual Rows": 74,"Actual Loops": 3,"Filter": "((p_brand = 'Brand#24'::bpchar) AND (p_container = 'WRAP CASE'::bpchar))","Rows Removed by Filter": 66592,"Workers": []}]}]},{"Node Type": "Aggregate","Strategy": "Plain","Partial Mode": "Simple","Parent Relationship": "SubPlan","Subplan Name": "SubPlan 1","Parallel Aware": false,"Async Capable": false,"Startup Cost": 127.60,"Total Cost": 127.61,"Plan Rows": 1,"Plan Width": 32,"Actual Startup Time": 0.124,"Actual Total Time": 0.124,"Actual Rows": 1,"Actual Loops": 6710,"Plans": [{"Node Type": "Bitmap Heap Scan","Parent Relationship": "Outer","Parallel Aware": false,"Async Capable": false,"Relation Name": "lineitem","Alias": "lineitem_1","Startup Cost": 4.67,"Total Cost": 127.52,"Plan Rows": 31,"Plan Width": 5,"Actual Startup Time": 0.013,"Actual Total Time": 0.117,"Actual Rows": 31,"Actual Loops": 6710,"Recheck Cond": "(l_partkey = part.p_partkey)","Rows Removed by Index Recheck": 0,"Exact Heap Blocks": 208388,"Lossy Heap Blocks": 0,"Plans": [{"Node Type": "Bitmap Index Scan","Parent Relationship": "Outer","Parallel Aware": false,"Async Capable": false,"Index Name": "idx_lineitem_part_supp","Startup Cost": 0.00,"Total Cost": 4.67,"Plan Rows": 31,"Plan Width": 0,"Actual Startup Time": 0.007,"Actual Total Time": 0.007,"Actual Rows": 31,"Actual Loops": 6710,"Index Cond": "(l_partkey = part.p_partkey)"}]}]}]}]},"Planning Time": 4.986,"Triggers": [],"Execution Time": 4996.648}]
[{"Plan": {"Node Type": "Aggregate","Strategy": "Plain","Partial Mode": "Simple","Parallel Aware": false,"Async Capable": false,"Startup Cost": 195917.58,"Total Cost": 195917.59,"Plan Rows": 1,"Plan Width": 32,"Actual Startup Time": 4914.346,"Actual Total Time": 4915.075,"Actual Rows": 1,"Actual Loops": 1,"Plans": [{"Node Type": "Hash Join","Parent Relationship": "Outer","Parallel Aware": false,"Async Capable": false,"Join Type": "Inner","Startup Cost": 6368.29,"Total Cost": 195912.85,"Plan Rows": 1893,"Plan Width": 8,"Actual Startup Time": 35.507,"Actual Total Time": 4914.650,"Actual Rows": 565,"Actual Loops": 1,"Inner Unique": true,"Hash Cond": "(lineitem.l_partkey = part.p_partkey)","Join Filter": "(lineitem.l_quantity < (SubPlan 1))","Rows Removed by Join Filter": 5782,"Plans": [{"Node Type": "Seq Scan","Parent Relationship": "Outer","Parallel Aware": false,"Async Capable": false,"Relation Name": "lineitem","Alias": "lineitem","Startup Cost": 0.00,"Total Cost": 172515.15,"Plan Rows": 6001215,"Plan Width": 17,"Actual Startup Time": 0.014,"Actual Total Time": 977.139,"Actual Rows": 6001215,"Actual Loops": 1},{"Node Type": "Hash","Parent Relationship": "Inner","Parallel Aware": false,"Async Capable": false,"Startup Cost": 6365.93,"Total Cost": 6365.93,"Plan Rows": 189,"Plan Width": 4,"Actual Startup Time": 30.112,"Actual Total Time": 30.806,"Actual Rows": 210,"Actual Loops": 1,"Hash Buckets": 1024,"Original Hash Buckets": 1024,"Hash Batches": 1,"Original Hash Batches": 1,"Peak Memory Usage": 16,"Plans": [{"Node Type": "Gather","Parent Relationship": "Outer","Parallel Aware": false,"Async Capable": false,"Startup Cost": 1000.00,"Total Cost": 6365.93,"Plan Rows": 189,"Plan Width": 4,"Actual Startup Time": 2.861,"Actual Total Time": 30.751,"Actual Rows": 210,"Actual Loops": 1,"Workers Planned": 2,"Workers Launched": 2,"Single Copy": false,"Plans": [{"Node Type": "Seq Scan","Parent Relationship": "Outer","Parallel Aware": true,"Async Capable": false,"Relation Name": "part","Alias": "part","Startup Cost": 0.00,"Total Cost": 5347.00,"Plan Rows": 79,"Plan Width": 4,"Actual Startup Time": 1.603,"Actual Total Time": 24.324,"Actual Rows": 70,"Actual Loops": 3,"Filter": "((p_brand = 'Brand#12'::bpchar) AND (p_container = 'SM CASE'::bpchar))","Rows Removed by Filter": 66597,"Workers": []}]}]},{"Node Type": "Aggregate","Strategy": "Plain","Partial Mode": "Simple","Parent Relationship": "SubPlan","Subplan Name": "SubPlan 1","Parallel Aware": false,"Async Capable": false,"Startup Cost": 127.60,"Total Cost": 127.61,"Plan Rows": 1,"Plan Width": 32,"Actual Startup Time": 0.125,"Actual Total Time": 0.125,"Actual Rows": 1,"Actual Loops": 6347,"Plans": [{"Node Type": "Bitmap Heap Scan","Parent Relationship": "Outer","Parallel Aware": false,"Async Capable": false,"Relation Name": "lineitem","Alias": "lineitem_1","Startup Cost": 4.67,"Total Cost": 127.52,"Plan Rows": 31,"Plan Width": 5,"Actual Startup Time": 0.013,"Actual Total Time": 0.118,"Actual Rows": 31,"Actual Loops": 6347,"Recheck Cond": "(l_partkey = part.p_partkey)","Rows Removed by Index Recheck": 0,"Exact Heap Blocks": 197955,"Lossy Heap Blocks": 0,"Plans": [{"Node Type": "Bitmap Index Scan","Parent Relationship": "Outer","Parallel Aware": false,"Async Capable": false,"Index Name": "idx_lineitem_part_supp","Startup Cost": 0.00,"Total Cost": 4.67,"Plan Rows": 31,"Plan Width": 0,"Actual Startup Time": 0.007,"Actual Total Time": 0.007,"Actual Rows": 31,"Actual Loops": 6347,"Index Cond": "(l_partkey = part.p_partkey)"}]}]}]}]},"Planning Time": 4.795,"Triggers": [],"Execution Time": 4915.405}]
[{"Plan": {"Node Type": "Aggregate","Strategy": "Plain","Partial Mode": "Simple","Parallel Aware": false,"Async Capable": false,"Startup Cost": 195916.92,"Total Cost": 195916.93,"Plan Rows": 1,"Plan Width": 32,"Actual Startup Time": 5042.124,"Actual Total Time": 5042.774,"Actual Rows": 1,"Actual Loops": 1,"Plans": [{"Node Type": "Hash Join","Parent Relationship": "Outer","Parallel Aware": false,"Async Capable": false,"Join Type": "Inner","Startup Cost": 6367.75,"Total Cost": 195912.30,"Plan Rows": 1845,"Plan Width": 8,"Actual Startup Time": 31.014,"Actual Total Time": 5042.419,"Actual Rows": 575,"Actual Loops": 1,"Inner Unique": true,"Hash Cond": "(lineitem.l_partkey = part.p_partkey)","Join Filter": "(lineitem.l_quantity < (SubPlan 1))","Rows Removed by Join Filter": 5611,"Plans": [{"Node Type": "Seq Scan","Parent Relationship": "Outer","Parallel Aware": false,"Async Capable": false,"Relation Name": "lineitem","Alias": "lineitem","Startup Cost": 0.00,"Total Cost": 172515.15,"Plan Rows": 6001215,"Plan Width": 17,"Actual Startup Time": 0.021,"Actual Total Time": 1002.089,"Actual Rows": 6001215,"Actual Loops": 1},{"Node Type": "Hash","Parent Relationship": "Inner","Parallel Aware": false,"Async Capable": false,"Startup Cost": 6365.44,"Total Cost": 6365.44,"Plan Rows": 184,"Plan Width": 4,"Actual Startup Time": 30.074,"Actual Total Time": 30.675,"Actual Rows": 202,"Actual Loops": 1,"Hash Buckets": 1024,"Original Hash Buckets": 1024,"Hash Batches": 1,"Original Hash Batches": 1,"Peak Memory Usage": 16,"Plans": [{"Node Type": "Gather","Parent Relationship": "Outer","Parallel Aware": false,"Async Capable": false,"Startup Cost": 1000.00,"Total Cost": 6365.44,"Plan Rows": 184,"Plan Width": 4,"Actual Startup Time": 0.635,"Actual Total Time": 30.594,"Actual Rows": 202,"Actual Loops": 1,"Workers Planned": 2,"Workers Launched": 2,"Single Copy": false,"Plans": [{"Node Type": "Seq Scan","Parent Relationship": "Outer","Parallel Aware": true,"Async Capable": false,"Relation Name": "part","Alias": "part","Startup Cost": 0.00,"Total Cost": 5347.00,"Plan Rows": 77,"Plan Width": 4,"Actual Startup Time": 0.314,"Actual Total Time": 24.656,"Actual Rows": 67,"Actual Loops": 3,"Filter": "((p_brand = 'Brand#32'::bpchar) AND (p_container = 'MED PKG'::bpchar))","Rows Removed by Filter": 66599,"Workers": []}]}]},{"Node Type": "Aggregate","Strategy": "Plain","Partial Mode": "Simple","Parent Relationship": "SubPlan","Subplan Name": "SubPlan 1","Parallel Aware": false,"Async Capable": false,"Startup Cost": 127.60,"Total Cost": 127.61,"Plan Rows": 1,"Plan Width": 32,"Actual Startup Time": 0.146,"Actual Total Time": 0.146,"Actual Rows": 1,"Actual Loops": 6186,"Plans": [{"Node Type": "Bitmap Heap Scan","Parent Relationship": "Outer","Parallel Aware": false,"Async Capable": false,"Relation Name": "lineitem","Alias": "lineitem_1","Startup Cost": 4.67,"Total Cost": 127.52,"Plan Rows": 31,"Plan Width": 5,"Actual Startup Time": 0.014,"Actual Total Time": 0.138,"Actual Rows": 32,"Actual Loops": 6186,"Recheck Cond": "(l_partkey = part.p_partkey)","Rows Removed by Index Recheck": 0,"Exact Heap Blocks": 195877,"Lossy Heap Blocks": 0,"Plans": [{"Node Type": "Bitmap Index Scan","Parent Relationship": "Outer","Parallel Aware": false,"Async Capable": false,"Index Name": "idx_lineitem_part_supp","Startup Cost": 0.00,"Total Cost": 4.67,"Plan Rows": 31,"Plan Width": 0,"Actual Startup Time": 0.008,"Actual Total Time": 0.008,"Actual Rows": 32,"Actual Loops": 6186,"Index Cond": "(l_partkey = part.p_partkey)"}]}]}]}]},"Planning Time": 4.551,"Triggers": [],"Execution Time": 5043.171}]
[{"Plan": {"Node Type": "Aggregate","Strategy": "Plain","Partial Mode": "Simple","Parallel Aware": false,"Async Capable": false,"Startup Cost": 195918.23,"Total Cost": 195918.24,"Plan Rows": 1,"Plan Width": 32,"Actual Startup Time": 4824.191,"Actual Total Time": 4824.864,"Actual Rows": 1,"Actual Loops": 1,"Plans": [{"Node Type": "Hash Join","Parent Relationship": "Outer","Parallel Aware": false,"Async Capable": false,"Join Type": "Inner","Startup Cost": 6368.82,"Total Cost": 195913.37,"Plan Rows": 1940,"Plan Width": 8,"Actual Startup Time": 43.515,"Actual Total Time": 4824.438,"Actual Rows": 526,"Actual Loops": 1,"Inner Unique": true,"Hash Cond": "(lineitem.l_partkey = part.p_partkey)","Join Filter": "(lineitem.l_quantity < (SubPlan 1))","Rows Removed by Join Filter": 5206,"Plans": [{"Node Type": "Seq Scan","Parent Relationship": "Outer","Parallel Aware": false,"Async Capable": false,"Relation Name": "lineitem","Alias": "lineitem","Startup Cost": 0.00,"Total Cost": 172515.15,"Plan Rows": 6001215,"Plan Width": 17,"Actual Startup Time": 0.019,"Actual Total Time": 982.450,"Actual Rows": 6001215,"Actual Loops": 1},{"Node Type": "Hash","Parent Relationship": "Inner","Parallel Aware": false,"Async Capable": false,"Startup Cost": 6366.40,"Total Cost": 6366.40,"Plan Rows": 194,"Plan Width": 4,"Actual Startup Time": 31.303,"Actual Total Time": 31.930,"Actual Rows": 194,"Actual Loops": 1,"Hash Buckets": 1024,"Original Hash Buckets": 1024,"Hash Batches": 1,"Original Hash Batches": 1,"Peak Memory Usage": 15,"Plans": [{"Node Type": "Gather","Parent Relationship": "Outer","Parallel Aware": false,"Async Capable": false,"Startup Cost": 1000.00,"Total Cost": 6366.40,"Plan Rows": 194,"Plan Width": 4,"Actual Startup Time": 1.426,"Actual Total Time": 31.846,"Actual Rows": 194,"Actual Loops": 1,"Workers Planned": 2,"Workers Launched": 2,"Single Copy": false,"Plans": [{"Node Type": "Seq Scan","Parent Relationship": "Outer","Parallel Aware": true,"Async Capable": false,"Relation Name": "part","Alias": "part","Startup Cost": 0.00,"Total Cost": 5347.00,"Plan Rows": 81,"Plan Width": 4,"Actual Startup Time": 1.152,"Actual Total Time": 25.501,"Actual Rows": 65,"Actual Loops": 3,"Filter": "((p_brand = 'Brand#43'::bpchar) AND (p_container = 'MED PACK'::bpchar))","Rows Removed by Filter": 66602,"Workers": []}]}]},{"Node Type": "Aggregate","Strategy": "Plain","Partial Mode": "Simple","Parent Relationship": "SubPlan","Subplan Name": "SubPlan 1","Parallel Aware": false,"Async Capable": false,"Startup Cost": 127.60,"Total Cost": 127.61,"Plan Rows": 1,"Plan Width": 32,"Actual Startup Time": 0.120,"Actual Total Time": 0.120,"Actual Rows": 1,"Actual Loops": 5732,"Plans": [{"Node Type": "Bitmap Heap Scan","Parent Relationship": "Outer","Parallel Aware": false,"Async Capable": false,"Relation Name": "lineitem","Alias": "lineitem_1","Startup Cost": 4.67,"Total Cost": 127.52,"Plan Rows": 31,"Plan Width": 5,"Actual Startup Time": 0.013,"Actual Total Time": 0.113,"Actual Rows": 30,"Actual Loops": 5732,"Recheck Cond": "(l_partkey = part.p_partkey)","Rows Removed by Index Recheck": 0,"Exact Heap Blocks": 174220,"Lossy Heap Blocks": 0,"Plans": [{"Node Type": "Bitmap Index Scan","Parent Relationship": "Outer","Parallel Aware": false,"Async Capable": false,"Index Name": "idx_lineitem_part_supp","Startup Cost": 0.00,"Total Cost": 4.67,"Plan Rows": 31,"Plan Width": 0,"Actual Startup Time": 0.007,"Actual Total Time": 0.007,"Actual Rows": 30,"Actual Loops": 5732,"Index Cond": "(l_partkey = part.p_partkey)"}]}]}]}]},"Planning Time": 5.168,"Triggers": [],"Execution Time": 4825.316}]
[{"Plan": {"Node Type": "Aggregate","Strategy": "Plain","Partial Mode": "Simple","Parallel Aware": false,"Async Capable": false,"Startup Cost": 195920.25,"Total Cost": 195920.26,"Plan Rows": 1,"Plan Width": 32,"Actual Startup Time": 4846.874,"Actual Total Time": 4847.535,"Actual Rows": 1,"Actual Loops": 1,"Plans": [{"Node Type": "Hash Join","Parent Relationship": "Outer","Parallel Aware": false,"Async Capable": false,"Join Type": "Inner","Startup Cost": 6370.47,"Total Cost": 195915.03,"Plan Rows": 2087,"Plan Width": 8,"Actual Startup Time": 68.359,"Actual Total Time": 4847.188,"Actual Rows": 545,"Actual Loops": 1,"Inner Unique": true,"Hash Cond": "(lineitem.l_partkey = part.p_partkey)","Join Filter": "(lineitem.l_quantity < (SubPlan 1))","Rows Removed by Join Filter": 5622,"Plans": [{"Node Type": "Seq Scan","Parent Relationship": "Outer","Parallel Aware": false,"Async Capable": false,"Relation Name": "lineitem","Alias": "lineitem","Startup Cost": 0.00,"Total Cost": 172515.15,"Plan Rows": 6001215,"Plan Width": 17,"Actual Startup Time": 0.010,"Actual Total Time": 966.015,"Actual Rows": 6001215,"Actual Loops": 1},{"Node Type": "Hash","Parent Relationship": "Inner","Parallel Aware": false,"Async Capable": false,"Startup Cost": 6367.86,"Total Cost": 6367.86,"Plan Rows": 209,"Plan Width": 4,"Actual Startup Time": 31.510,"Actual Total Time": 32.139,"Actual Rows": 205,"Actual Loops": 1,"Hash Buckets": 1024,"Original Hash Buckets": 1024,"Hash Batches": 1,"Original Hash Batches": 1,"Peak Memory Usage": 16,"Plans": [{"Node Type": "Gather","Parent Relationship": "Outer","Parallel Aware": false,"Async Capable": false,"Startup Cost": 1000.00,"Total Cost": 6367.86,"Plan Rows": 209,"Plan Width": 4,"Actual Startup Time": 1.245,"Actual Total Time": 32.077,"Actual Rows": 205,"Actual Loops": 1,"Workers Planned": 2,"Workers Launched": 2,"Single Copy": false,"Plans": [{"Node Type": "Seq Scan","Parent Relationship": "Outer","Parallel Aware": true,"Async Capable": false,"Relation Name": "part","Alias": "part","Startup Cost": 0.00,"Total Cost": 5347.00,"Plan Rows": 87,"Plan Width": 4,"Actual Startup Time": 1.025,"Actual Total Time": 26.070,"Actual Rows": 68,"Actual Loops": 3,"Filter": "((p_brand = 'Brand#52'::bpchar) AND (p_container = 'JUMBO CAN'::bpchar))","Rows Removed by Filter": 66598,"Workers": []}]}]},{"Node Type": "Aggregate","Strategy": "Plain","Partial Mode": "Simple","Parent Relationship": "SubPlan","Subplan Name": "SubPlan 1","Parallel Aware": false,"Async Capable": false,"Startup Cost": 127.60,"Total Cost": 127.61,"Plan Rows": 1,"Plan Width": 32,"Actual Startup Time": 0.123,"Actual Total Time": 0.123,"Actual Rows": 1,"Actual Loops": 6167,"Plans": [{"Node Type": "Bitmap Heap Scan","Parent Relationship": "Outer","Parallel Aware": false,"Async Capable": false,"Relation Name": "lineitem","Alias": "lineitem_1","Startup Cost": 4.67,"Total Cost": 127.52,"Plan Rows": 31,"Plan Width": 5,"Actual Startup Time": 0.013,"Actual Total Time": 0.116,"Actual Rows": 31,"Actual Loops": 6167,"Recheck Cond": "(l_partkey = part.p_partkey)","Rows Removed by Index Recheck": 0,"Exact Heap Blocks": 192499,"Lossy Heap Blocks": 0,"Plans": [{"Node Type": "Bitmap Index Scan","Parent Relationship": "Outer","Parallel Aware": false,"Async Capable": false,"Index Name": "idx_lineitem_part_supp","Startup Cost": 0.00,"Total Cost": 4.67,"Plan Rows": 31,"Plan Width": 0,"Actual Startup Time": 0.007,"Actual Total Time": 0.007,"Actual Rows": 31,"Actual Loops": 6167,"Index Cond": "(l_partkey = part.p_partkey)"}]}]}]}]},"Planning Time": 5.882,"Triggers": [],"Execution Time": 4847.859}]
[{"Plan": {"Node Type": "Aggregate","Strategy": "Plain","Partial Mode": "Simple","Parallel Aware": false,"Async Capable": false,"Startup Cost": 195921.68,"Total Cost": 195921.69,"Plan Rows": 1,"Plan Width": 32,"Actual Startup Time": 4852.298,"Actual Total Time": 4852.967,"Actual Rows": 1,"Actual Loops": 1,"Plans": [{"Node Type": "Hash Join","Parent Relationship": "Outer","Parallel Aware": false,"Async Capable": false,"Join Type": "Inner","Startup Cost": 6371.64,"Total Cost": 195916.20,"Plan Rows": 2191,"Plan Width": 8,"Actual Startup Time": 33.012,"Actual Total Time": 4852.485,"Actual Rows": 518,"Actual Loops": 1,"Inner Unique": true,"Hash Cond": "(lineitem.l_partkey = part.p_partkey)","Join Filter": "(lineitem.l_quantity < (SubPlan 1))","Rows Removed by Join Filter": 5430,"Plans": [{"Node Type": "Seq Scan","Parent Relationship": "Outer","Parallel Aware": false,"Async Capable": false,"Relation Name": "lineitem","Alias": "lineitem","Startup Cost": 0.00,"Total Cost": 172515.15,"Plan Rows": 6001215,"Plan Width": 17,"Actual Startup Time": 0.020,"Actual Total Time": 969.438,"Actual Rows": 6001215,"Actual Loops": 1},{"Node Type": "Hash","Parent Relationship": "Inner","Parallel Aware": false,"Async Capable": false,"Startup Cost": 6368.90,"Total Cost": 6368.90,"Plan Rows": 219,"Plan Width": 4,"Actual Startup Time": 32.135,"Actual Total Time": 32.770,"Actual Rows": 200,"Actual Loops": 1,"Hash Buckets": 1024,"Original Hash Buckets": 1024,"Hash Batches": 1,"Original Hash Batches": 1,"Peak Memory Usage": 16,"Plans": [{"Node Type": "Gather","Parent Relationship": "Outer","Parallel Aware": false,"Async Capable": false,"Startup Cost": 1000.00,"Total Cost": 6368.90,"Plan Rows": 219,"Plan Width": 4,"Actual Startup Time": 2.363,"Actual Total Time": 32.709,"Actual Rows": 200,"Actual Loops": 1,"Workers Planned": 2,"Workers Launched": 2,"Single Copy": false,"Plans": [{"Node Type": "Seq Scan","Parent Relationship": "Outer","Parallel Aware": true,"Async Capable": false,"Relation Name": "part","Alias": "part","Startup Cost": 0.00,"Total Cost": 5347.00,"Plan Rows": 91,"Plan Width": 4,"Actual Startup Time": 1.947,"Actual Total Time": 26.691,"Actual Rows": 67,"Actual Loops": 3,"Filter": "((p_brand = 'Brand#21'::bpchar) AND (p_container = 'LG JAR'::bpchar))","Rows Removed by Filter": 66600,"Workers": []}]}]},{"Node Type": "Aggregate","Strategy": "Plain","Partial Mode": "Simple","Parent Relationship": "SubPlan","Subplan Name": "SubPlan 1","Parallel Aware": false,"Async Capable": false,"Startup Cost": 127.60,"Total Cost": 127.61,"Plan Rows": 1,"Plan Width": 32,"Actual Startup Time": 0.126,"Actual Total Time": 0.126,"Actual Rows": 1,"Actual Loops": 5948,"Plans": [{"Node Type": "Bitmap Heap Scan","Parent Relationship": "Outer","Parallel Aware": false,"Async Capable": false,"Relation Name": "lineitem","Alias": "lineitem_1","Startup Cost": 4.67,"Total Cost": 127.52,"Plan Rows": 31,"Plan Width": 5,"Actual Startup Time": 0.013,"Actual Total Time": 0.119,"Actual Rows": 31,"Actual Loops": 5948,"Recheck Cond": "(l_partkey = part.p_partkey)","Rows Removed by Index Recheck": 0,"Exact Heap Blocks": 182578,"Lossy Heap Blocks": 0,"Plans": [{"Node Type": "Bitmap Index Scan","Parent Relationship": "Outer","Parallel Aware": false,"Async Capable": false,"Index Name": "idx_lineitem_part_supp","Startup Cost": 0.00,"Total Cost": 4.67,"Plan Rows": 31,"Plan Width": 0,"Actual Startup Time": 0.007,"Actual Total Time": 0.007,"Actual Rows": 31,"Actual Loops": 5948,"Index Cond": "(l_partkey = part.p_partkey)"}]}]}]}]},"Planning Time": 4.899,"Triggers": [],"Execution Time": 4853.430}]
[{"Plan": {"Node Type": "Aggregate","Strategy": "Plain","Partial Mode": "Simple","Parallel Aware": false,"Async Capable": false,"Startup Cost": 195917.65,"Total Cost": 195917.66,"Plan Rows": 1,"Plan Width": 32,"Actual Startup Time": 4852.232,"Actual Total Time": 4852.555,"Actual Rows": 1,"Actual Loops": 1,"Plans": [{"Node Type": "Hash Join","Parent Relationship": "Outer","Parallel Aware": false,"Async Capable": false,"Join Type": "Inner","Startup Cost": 6368.35,"Total Cost": 195912.90,"Plan Rows": 1898,"Plan Width": 8,"Actual Startup Time": 53.458,"Actual Total Time": 4852.316,"Actual Rows": 530,"Actual Loops": 1,"Inner Unique": true,"Hash Cond": "(lineitem.l_partkey = part.p_partkey)","Join Filter": "(lineitem.l_quantity < (SubPlan 1))","Rows Removed by Join Filter": 5339,"Plans": [{"Node Type": "Seq Scan","Parent Relationship": "Outer","Parallel Aware": false,"Async Capable": false,"Relation Name": "lineitem","Alias": "lineitem","Startup Cost": 0.00,"Total Cost": 172515.15,"Plan Rows": 6001215,"Plan Width": 17,"Actual Startup Time": 0.020,"Actual Total Time": 941.077,"Actual Rows": 6001215,"Actual Loops": 1},{"Node Type": "Hash","Parent Relationship": "Inner","Parallel Aware": false,"Async Capable": false,"Startup Cost": 6365.98,"Total Cost": 6365.98,"Plan Rows": 190,"Plan Width": 4,"Actual Startup Time": 31.620,"Actual Total Time": 31.930,"Actual Rows": 194,"Actual Loops": 1,"Hash Buckets": 1024,"Original Hash Buckets": 1024,"Hash Batches": 1,"Original Hash Batches": 1,"Peak Memory Usage": 15,"Plans": [{"Node Type": "Gather","Parent Relationship": "Outer","Parallel Aware": false,"Async Capable": false,"Startup Cost": 1000.00,"Total Cost": 6365.98,"Plan Rows": 190,"Plan Width": 4,"Actual Startup Time": 3.048,"Actual Total Time": 31.840,"Actual Rows": 194,"Actual Loops": 1,"Workers Planned": 2,"Workers Launched": 2,"Single Copy": false,"Plans": [{"Node Type": "Seq Scan","Parent Relationship": "Outer","Parallel Aware": true,"Async Capable": false,"Relation Name": "part","Alias": "part","Startup Cost": 0.00,"Total Cost": 5347.00,"Plan Rows": 79,"Plan Width": 4,"Actual Startup Time": 2.646,"Actual Total Time": 26.084,"Actual Rows": 65,"Actual Loops": 3,"Filter": "((p_brand = 'Brand#51'::bpchar) AND (p_container = 'SM CASE'::bpchar))","Rows Removed by Filter": 66602,"Workers": []}]}]},{"Node Type": "Aggregate","Strategy": "Plain","Partial Mode": "Simple","Parent Relationship": "SubPlan","Subplan Name": "SubPlan 1","Parallel Aware": false,"Async Capable": false,"Startup Cost": 127.60,"Total Cost": 127.61,"Plan Rows": 1,"Plan Width": 32,"Actual Startup Time": 0.120,"Actual Total Time": 0.120,"Actual Rows": 1,"Actual Loops": 5869,"Plans": [{"Node Type": "Bitmap Heap Scan","Parent Relationship": "Outer","Parallel Aware": false,"Async Capable": false,"Relation Name": "lineitem","Alias": "lineitem_1","Startup Cost": 4.67,"Total Cost": 127.52,"Plan Rows": 31,"Plan Width": 5,"Actual Startup Time": 0.013,"Actual Total Time": 0.112,"Actual Rows": 31,"Actual Loops": 5869,"Recheck Cond": "(l_partkey = part.p_partkey)","Rows Removed by Index Recheck": 0,"Exact Heap Blocks": 183627,"Lossy Heap Blocks": 0,"Plans": [{"Node Type": "Bitmap Index Scan","Parent Relationship": "Outer","Parallel Aware": false,"Async Capable": false,"Index Name": "idx_lineitem_part_supp","Startup Cost": 0.00,"Total Cost": 4.67,"Plan Rows": 31,"Plan Width": 0,"Actual Startup Time": 0.007,"Actual Total Time": 0.007,"Actual Rows": 31,"Actual Loops": 5869,"Index Cond": "(l_partkey = part.p_partkey)"}]}]}]}]},"Planning Time": 4.515,"Triggers": [],"Execution Time": 4852.866}]
[{"Plan": {"Node Type": "Aggregate","Strategy": "Plain","Partial Mode": "Simple","Parallel Aware": false,"Async Capable": false,"Startup Cost": 195918.53,"Total Cost": 195918.54,"Plan Rows": 1,"Plan Width": 32,"Actual Startup Time": 4989.446,"Actual Total Time": 4990.109,"Actual Rows": 1,"Actual Loops": 1,"Plans": [{"Node Type": "Hash Join","Parent Relationship": "Outer","Parallel Aware": false,"Async Capable": false,"Join Type": "Inner","Startup Cost": 6369.07,"Total Cost": 195913.62,"Plan Rows": 1962,"Plan Width": 8,"Actual Startup Time": 31.847,"Actual Total Time": 4989.731,"Actual Rows": 669,"Actual Loops": 1,"Inner Unique": true,"Hash Cond": "(lineitem.l_partkey = part.p_partkey)","Join Filter": "(lineitem.l_quantity < (SubPlan 1))","Rows Removed by Join Filter": 6239,"Plans": [{"Node Type": "Seq Scan","Parent Relationship": "Outer","Parallel Aware": false,"Async Capable": false,"Relation Name": "lineitem","Alias": "lineitem","Startup Cost": 0.00,"Total Cost": 172515.15,"Plan Rows": 6001215,"Plan Width": 17,"Actual Startup Time": 0.018,"Actual Total Time": 979.529,"Actual Rows": 6001215,"Actual Loops": 1},{"Node Type": "Hash","Parent Relationship": "Inner","Parallel Aware": false,"Async Capable": false,"Startup Cost": 6366.62,"Total Cost": 6366.62,"Plan Rows": 196,"Plan Width": 4,"Actual Startup Time": 30.826,"Actual Total Time": 31.444,"Actual Rows": 231,"Actual Loops": 1,"Hash Buckets": 1024,"Original Hash Buckets": 1024,"Hash Batches": 1,"Original Hash Batches": 1,"Peak Memory Usage": 17,"Plans": [{"Node Type": "Gather","Parent Relationship": "Outer","Parallel Aware": false,"Async Capable": false,"Startup Cost": 1000.00,"Total Cost": 6366.62,"Plan Rows": 196,"Plan Width": 4,"Actual Startup Time": 1.445,"Actual Total Time": 31.362,"Actual Rows": 231,"Actual Loops": 1,"Workers Planned": 2,"Workers Launched": 2,"Single Copy": false,"Plans": [{"Node Type": "Seq Scan","Parent Relationship": "Outer","Parallel Aware": true,"Async Capable": false,"Relation Name": "part","Alias": "part","Startup Cost": 0.00,"Total Cost": 5347.00,"Plan Rows": 82,"Plan Width": 4,"Actual Startup Time": 1.111,"Actual Total Time": 24.900,"Actual Rows": 77,"Actual Loops": 3,"Filter": "((p_brand = 'Brand#24'::bpchar) AND (p_container = 'JUMBO BOX'::bpchar))","Rows Removed by Filter": 66590,"Workers": []}]}]},{"Node Type": "Aggregate","Strategy": "Plain","Partial Mode": "Simple","Parent Relationship": "SubPlan","Subplan Name": "SubPlan 1","Parallel Aware": false,"Async Capable": false,"Startup Cost": 127.60,"Total Cost": 127.61,"Plan Rows": 1,"Plan Width": 32,"Actual Startup Time": 0.126,"Actual Total Time": 0.126,"Actual Rows": 1,"Actual Loops": 6908,"Plans": [{"Node Type": "Bitmap Heap Scan","Parent Relationship": "Outer","Parallel Aware": false,"Async Capable": false,"Relation Name": "lineitem","Alias": "lineitem_1","Startup Cost": 4.67,"Total Cost": 127.52,"Plan Rows": 31,"Plan Width": 5,"Actual Startup Time": 0.013,"Actual Total Time": 0.118,"Actual Rows": 31,"Actual Loops": 6908,"Recheck Cond": "(l_partkey = part.p_partkey)","Rows Removed by Index Recheck": 0,"Exact Heap Blocks": 214540,"Lossy Heap Blocks": 0,"Plans": [{"Node Type": "Bitmap Index Scan","Parent Relationship": "Outer","Parallel Aware": false,"Async Capable": false,"Index Name": "idx_lineitem_part_supp","Startup Cost": 0.00,"Total Cost": 4.67,"Plan Rows": 31,"Plan Width": 0,"Actual Startup Time": 0.007,"Actual Total Time": 0.007,"Actual Rows": 31,"Actual Loops": 6908,"Index Cond": "(l_partkey = part.p_partkey)"}]}]}]}]},"Planning Time": 4.591,"Triggers": [],"Execution Time": 4990.580}]
[{"Plan": {"Node Type": "Aggregate","Strategy": "Plain","Partial Mode": "Simple","Parallel Aware": false,"Async Capable": false,"Startup Cost": 195920.35,"Total Cost": 195920.37,"Plan Rows": 1,"Plan Width": 32,"Actual Startup Time": 4899.873,"Actual Total Time": 4900.476,"Actual Rows": 1,"Actual Loops": 1,"Plans": [{"Node Type": "Hash Join","Parent Relationship": "Outer","Parallel Aware": false,"Async Capable": false,"Join Type": "Inner","Startup Cost": 6370.56,"Total Cost": 195915.11,"Plan Rows": 2095,"Plan Width": 8,"Actual Startup Time": 34.272,"Actual Total Time": 4900.211,"Actual Rows": 561,"Actual Loops": 1,"Inner Unique": true,"Hash Cond": "(lineitem.l_partkey = part.p_partkey)","Join Filter": "(lineitem.l_quantity < (SubPlan 1))","Rows Removed by Join Filter": 5635,"Plans": [{"Node Type": "Seq Scan","Parent Relationship": "Outer","Parallel Aware": false,"Async Capable": false,"Relation Name": "lineitem","Alias": "lineitem","Startup Cost": 0.00,"Total Cost": 172515.15,"Plan Rows": 6001215,"Plan Width": 17,"Actual Startup Time": 0.023,"Actual Total Time": 938.222,"Actual Rows": 6001215,"Actual Loops": 1},{"Node Type": "Hash","Parent Relationship": "Inner","Parallel Aware": false,"Async Capable": false,"Startup Cost": 6367.94,"Total Cost": 6367.94,"Plan Rows": 209,"Plan Width": 4,"Actual Startup Time": 31.007,"Actual Total Time": 31.595,"Actual Rows": 209,"Actual Loops": 1,"Hash Buckets": 1024,"Original Hash Buckets": 1024,"Hash Batches": 1,"Original Hash Batches": 1,"Peak Memory Usage": 16,"Plans": [{"Node Type": "Gather","Parent Relationship": "Outer","Parallel Aware": false,"Async Capable": false,"Startup Cost": 1000.00,"Total Cost": 6367.94,"Plan Rows": 209,"Plan Width": 4,"Actual Startup Time": 1.296,"Actual Total Time": 31.492,"Actual Rows": 209,"Actual Loops": 1,"Workers Planned": 2,"Workers Launched": 2,"Single Copy": false,"Plans": [{"Node Type": "Seq Scan","Parent Relationship": "Outer","Parallel Aware": true,"Async Capable": false,"Relation Name": "part","Alias": "part","Startup Cost": 0.00,"Total Cost": 5347.00,"Plan Rows": 87,"Plan Width": 4,"Actual Startup Time": 0.968,"Actual Total Time": 24.882,"Actual Rows": 70,"Actual Loops": 3,"Filter": "((p_brand = 'Brand#42'::bpchar) AND (p_container = 'WRAP JAR'::bpchar))","Rows Removed by Filter": 66597,"Workers": []}]}]},{"Node Type": "Aggregate","Strategy": "Plain","Partial Mode": "Simple","Parent Relationship": "SubPlan","Subplan Name": "SubPlan 1","Parallel Aware": false,"Async Capable": false,"Startup Cost": 127.60,"Total Cost": 127.61,"Plan Rows": 1,"Plan Width": 32,"Actual Startup Time": 0.127,"Actual Total Time": 0.127,"Actual Rows": 1,"Actual Loops": 6196,"Plans": [{"Node Type": "Bitmap Heap Scan","Parent Relationship": "Outer","Parallel Aware": false,"Async Capable": false,"Relation Name": "lineitem","Alias": "lineitem_1","Startup Cost": 4.67,"Total Cost": 127.52,"Plan Rows": 31,"Plan Width": 5,"Actual Startup Time": 0.013,"Actual Total Time": 0.119,"Actual Rows": 31,"Actual Loops": 6196,"Recheck Cond": "(l_partkey = part.p_partkey)","Rows Removed by Index Recheck": 0,"Exact Heap Blocks": 189518,"Lossy Heap Blocks": 0,"Plans": [{"Node Type": "Bitmap Index Scan","Parent Relationship": "Outer","Parallel Aware": false,"Async Capable": false,"Index Name": "idx_lineitem_part_supp","Startup Cost": 0.00,"Total Cost": 4.67,"Plan Rows": 31,"Plan Width": 0,"Actual Startup Time": 0.007,"Actual Total Time": 0.007,"Actual Rows": 31,"Actual Loops": 6196,"Index Cond": "(l_partkey = part.p_partkey)"}]}]}]}]},"Planning Time": 5.979,"Triggers": [],"Execution Time": 4900.811}]
[{"Plan": {"Node Type": "Aggregate","Strategy": "Plain","Partial Mode": "Simple","Parallel Aware": false,"Async Capable": false,"Startup Cost": 195919.00,"Total Cost": 195919.01,"Plan Rows": 1,"Plan Width": 32,"Actual Startup Time": 4803.608,"Actual Total Time": 4804.186,"Actual Rows": 1,"Actual Loops": 1,"Plans": [{"Node Type": "Hash Join","Parent Relationship": "Outer","Parallel Aware": false,"Async Capable": false,"Join Type": "Inner","Startup Cost": 6369.45,"Total Cost": 195914.00,"Plan Rows": 1996,"Plan Width": 8,"Actual Startup Time": 75.163,"Actual Total Time": 4803.938,"Actual Rows": 533,"Actual Loops": 1,"Inner Unique": true,"Hash Cond": "(lineitem.l_partkey = part.p_partkey)","Join Filter": "(lineitem.l_quantity < (SubPlan 1))","Rows Removed by Join Filter": 5574,"Plans": [{"Node Type": "Seq Scan","Parent Relationship": "Outer","Parallel Aware": false,"Async Capable": false,"Relation Name": "lineitem","Alias": "lineitem","Startup Cost": 0.00,"Total Cost": 172515.15,"Plan Rows": 6001215,"Plan Width": 17,"Actual Startup Time": 0.020,"Actual Total Time": 941.442,"Actual Rows": 6001215,"Actual Loops": 1},{"Node Type": "Hash","Parent Relationship": "Inner","Parallel Aware": false,"Async Capable": false,"Startup Cost": 6366.96,"Total Cost": 6366.96,"Plan Rows": 200,"Plan Width": 4,"Actual Startup Time": 31.978,"Actual Total Time": 32.542,"Actual Rows": 200,"Actual Loops": 1,"Hash Buckets": 1024,"Original Hash Buckets": 1024,"Hash Batches": 1,"Original Hash Batches": 1,"Peak Memory Usage": 16,"Plans": [{"Node Type": "Gather","Parent Relationship": "Outer","Parallel Aware": false,"Async Capable": false,"Startup Cost": 1000.00,"Total Cost": 6366.96,"Plan Rows": 200,"Plan Width": 4,"Actual Startup Time": 1.277,"Actual Total Time": 32.461,"Actual Rows": 200,"Actual Loops": 1,"Workers Planned": 2,"Workers Launched": 2,"Single Copy": false,"Plans": [{"Node Type": "Seq Scan","Parent Relationship": "Outer","Parallel Aware": true,"Async Capable": false,"Relation Name": "part","Alias": "part","Startup Cost": 0.00,"Total Cost": 5347.00,"Plan Rows": 83,"Plan Width": 4,"Actual Startup Time": 0.643,"Actual Total Time": 25.825,"Actual Rows": 67,"Actual Loops": 3,"Filter": "((p_brand = 'Brand#22'::bpchar) AND (p_container = 'JUMBO BAG'::bpchar))","Rows Removed by Filter": 66600,"Workers": []}]}]},{"Node Type": "Aggregate","Strategy": "Plain","Partial Mode": "Simple","Parent Relationship": "SubPlan","Subplan Name": "SubPlan 1","Parallel Aware": false,"Async Capable": false,"Startup Cost": 127.60,"Total Cost": 127.61,"Plan Rows": 1,"Plan Width": 32,"Actual Startup Time": 0.126,"Actual Total Time": 0.126,"Actual Rows": 1,"Actual Loops": 6107,"Plans": [{"Node Type": "Bitmap Heap Scan","Parent Relationship": "Outer","Parallel Aware": false,"Async Capable": false,"Relation Name": "lineitem","Alias": "lineitem_1","Startup Cost": 4.67,"Total Cost": 127.52,"Plan Rows": 31,"Plan Width": 5,"Actual Startup Time": 0.013,"Actual Total Time": 0.118,"Actual Rows": 31,"Actual Loops": 6107,"Recheck Cond": "(l_partkey = part.p_partkey)","Rows Removed by Index Recheck": 0,"Exact Heap Blocks": 191918,"Lossy Heap Blocks": 0,"Plans": [{"Node Type": "Bitmap Index Scan","Parent Relationship": "Outer","Parallel Aware": false,"Async Capable": false,"Index Name": "idx_lineitem_part_supp","Startup Cost": 0.00,"Total Cost": 4.67,"Plan Rows": 31,"Plan Width": 0,"Actual Startup Time": 0.007,"Actual Total Time": 0.007,"Actual Rows": 31,"Actual Loops": 6107,"Index Cond": "(l_partkey = part.p_partkey)"}]}]}]}]},"Planning Time": 5.937,"Triggers": [],"Execution Time": 4804.525}]
[{"Plan": {"Node Type": "Aggregate","Strategy": "Plain","Partial Mode": "Simple","Parallel Aware": false,"Async Capable": false,"Startup Cost": 195917.59,"Total Cost": 195917.60,"Plan Rows": 1,"Plan Width": 32,"Actual Startup Time": 4799.019,"Actual Total Time": 4799.684,"Actual Rows": 1,"Actual Loops": 1,"Plans": [{"Node Type": "Hash Join","Parent Relationship": "Outer","Parallel Aware": false,"Async Capable": false,"Join Type": "Inner","Startup Cost": 6368.30,"Total Cost": 195912.85,"Plan Rows": 1894,"Plan Width": 8,"Actual Startup Time": 33.120,"Actual Total Time": 4799.250,"Actual Rows": 460,"Actual Loops": 1,"Inner Unique": true,"Hash Cond": "(lineitem.l_partkey = part.p_partkey)","Join Filter": "(lineitem.l_quantity < (SubPlan 1))","Rows Removed by Join Filter": 4969,"Plans": [{"Node Type": "Seq Scan","Parent Relationship": "Outer","Parallel Aware": false,"Async Capable": false,"Relation Name": "lineitem","Alias": "lineitem","Startup Cost": 0.00,"Total Cost": 172515.15,"Plan Rows": 6001215,"Plan Width": 17,"Actual Startup Time": 0.023,"Actual Total Time": 983.619,"Actual Rows": 6001215,"Actual Loops": 1},{"Node Type": "Hash","Parent Relationship": "Inner","Parallel Aware": false,"Async Capable": false,"Startup Cost": 6365.93,"Total Cost": 6365.93,"Plan Rows": 189,"Plan Width": 4,"Actual Startup Time": 32.224,"Actual Total Time": 32.844,"Actual Rows": 183,"Actual Loops": 1,"Hash Buckets": 1024,"Original Hash Buckets": 1024,"Hash Batches": 1,"Original Hash Batches": 1,"Peak Memory Usage": 15,"Plans": [{"Node Type": "Gather","Parent Relationship": "Outer","Parallel Aware": false,"Async Capable": false,"Startup Cost": 1000.00,"Total Cost": 6365.93,"Plan Rows": 189,"Plan Width": 4,"Actual Startup Time": 0.762,"Actual Total Time": 32.794,"Actual Rows": 183,"Actual Loops": 1,"Workers Planned": 2,"Workers Launched": 2,"Single Copy": false,"Plans": [{"Node Type": "Seq Scan","Parent Relationship": "Outer","Parallel Aware": true,"Async Capable": false,"Relation Name": "part","Alias": "part","Startup Cost": 0.00,"Total Cost": 5347.00,"Plan Rows": 79,"Plan Width": 4,"Actual Startup Time": 1.365,"Actual Total Time": 26.506,"Actual Rows": 61,"Actual Loops": 3,"Filter": "((p_brand = 'Brand#15'::bpchar) AND (p_container = 'LG DRUM'::bpchar))","Rows Removed by Filter": 66606,"Workers": []}]}]},{"Node Type": "Aggregate","Strategy": "Plain","Partial Mode": "Simple","Parent Relationship": "SubPlan","Subplan Name": "SubPlan 1","Parallel Aware": false,"Async Capable": false,"Startup Cost": 127.60,"Total Cost": 127.61,"Plan Rows": 1,"Plan Width": 32,"Actual Startup Time": 0.125,"Actual Total Time": 0.125,"Actual Rows": 1,"Actual Loops": 5429,"Plans": [{"Node Type": "Bitmap Heap Scan","Parent Relationship": "Outer","Parallel Aware": false,"Async Capable": false,"Relation Name": "lineitem","Alias": "lineitem_1","Startup Cost": 4.67,"Total Cost": 127.52,"Plan Rows": 31,"Plan Width": 5,"Actual Startup Time": 0.014,"Actual Total Time": 0.117,"Actual Rows": 31,"Actual Loops": 5429,"Recheck Cond": "(l_partkey = part.p_partkey)","Rows Removed by Index Recheck": 0,"Exact Heap Blocks": 166301,"Lossy Heap Blocks": 0,"Plans": [{"Node Type": "Bitmap Index Scan","Parent Relationship": "Outer","Parallel Aware": false,"Async Capable": false,"Index Name": "idx_lineitem_part_supp","Startup Cost": 0.00,"Total Cost": 4.67,"Plan Rows": 31,"Plan Width": 0,"Actual Startup Time": 0.007,"Actual Total Time": 0.007,"Actual Rows": 31,"Actual Loops": 5429,"Index Cond": "(l_partkey = part.p_partkey)"}]}]}]}]},"Planning Time": 4.900,"Triggers": [],"Execution Time": 4800.132}]
[{"Plan": {"Node Type": "Aggregate","Strategy": "Plain","Partial Mode": "Simple","Parallel Aware": false,"Async Capable": false,"Startup Cost": 195919.29,"Total Cost": 195919.30,"Plan Rows": 1,"Plan Width": 32,"Actual Startup Time": 4950.822,"Actual Total Time": 4951.497,"Actual Rows": 1,"Actual Loops": 1,"Plans": [{"Node Type": "Hash Join","Parent Relationship": "Outer","Parallel Aware": false,"Async Capable": false,"Join Type": "Inner","Startup Cost": 6369.69,"Total Cost": 195914.24,"Plan Rows": 2017,"Plan Width": 8,"Actual Startup Time": 36.613,"Actual Total Time": 4951.034,"Actual Rows": 550,"Actual Loops": 1,"Inner Unique": true,"Hash Cond": "(lineitem.l_partkey = part.p_partkey)","Join Filter": "(lineitem.l_quantity < (SubPlan 1))","Rows Removed by Join Filter": 5917,"Plans": [{"Node Type": "Seq Scan","Parent Relationship": "Outer","Parallel Aware": false,"Async Capable": false,"Relation Name": "lineitem","Alias": "lineitem","Startup Cost": 0.00,"Total Cost": 172515.15,"Plan Rows": 6001215,"Plan Width": 17,"Actual Startup Time": 0.013,"Actual Total Time": 977.550,"Actual Rows": 6001215,"Actual Loops": 1},{"Node Type": "Hash","Parent Relationship": "Inner","Parallel Aware": false,"Async Capable": false,"Startup Cost": 6367.17,"Total Cost": 6367.17,"Plan Rows": 202,"Plan Width": 4,"Actual Startup Time": 32.360,"Actual Total Time": 33.005,"Actual Rows": 213,"Actual Loops": 1,"Hash Buckets": 1024,"Original Hash Buckets": 1024,"Hash Batches": 1,"Original Hash Batches": 1,"Peak Memory Usage": 16,"Plans": [{"Node Type": "Gather","Parent Relationship": "Outer","Parallel Aware": false,"Async Capable": false,"Startup Cost": 1000.00,"Total Cost": 6367.17,"Plan Rows": 202,"Plan Width": 4,"Actual Startup Time": 1.396,"Actual Total Time": 32.942,"Actual Rows": 213,"Actual Loops": 1,"Workers Planned": 2,"Workers Launched": 2,"Single Copy": false,"Plans": [{"Node Type": "Seq Scan","Parent Relationship": "Outer","Parallel Aware": true,"Async Capable": false,"Relation Name": "part","Alias": "part","Startup Cost": 0.00,"Total Cost": 5347.00,"Plan Rows": 84,"Plan Width": 4,"Actual Startup Time": 0.495,"Actual Total Time": 26.927,"Actual Rows": 71,"Actual Loops": 3,"Filter": "((p_brand = 'Brand#35'::bpchar) AND (p_container = 'MED BAG'::bpchar))","Rows Removed by Filter": 66596,"Workers": []}]}]},{"Node Type": "Aggregate","Strategy": "Plain","Partial Mode": "Simple","Parent Relationship": "SubPlan","Subplan Name": "SubPlan 1","Parallel Aware": false,"Async Capable": false,"Startup Cost": 127.60,"Total Cost": 127.61,"Plan Rows": 1,"Plan Width": 32,"Actual Startup Time": 0.126,"Actual Total Time": 0.126,"Actual Rows": 1,"Actual Loops": 6467,"Plans": [{"Node Type": "Bitmap Heap Scan","Parent Relationship": "Outer","Parallel Aware": false,"Async Capable": false,"Relation Name": "lineitem","Alias": "lineitem_1","Startup Cost": 4.67,"Total Cost": 127.52,"Plan Rows": 31,"Plan Width": 5,"Actual Startup Time": 0.013,"Actual Total Time": 0.118,"Actual Rows": 31,"Actual Loops": 6467,"Recheck Cond": "(l_partkey = part.p_partkey)","Rows Removed by Index Recheck": 0,"Exact Heap Blocks": 203081,"Lossy Heap Blocks": 0,"Plans": [{"Node Type": "Bitmap Index Scan","Parent Relationship": "Outer","Parallel Aware": false,"Async Capable": false,"Index Name": "idx_lineitem_part_supp","Startup Cost": 0.00,"Total Cost": 4.67,"Plan Rows": 31,"Plan Width": 0,"Actual Startup Time": 0.007,"Actual Total Time": 0.007,"Actual Rows": 31,"Actual Loops": 6467,"Index Cond": "(l_partkey = part.p_partkey)"}]}]}]}]},"Planning Time": 4.652,"Triggers": [],"Execution Time": 4951.813}]
[{"Plan": {"Node Type": "Aggregate","Strategy": "Plain","Partial Mode": "Simple","Parallel Aware": false,"Async Capable": false,"Startup Cost": 195919.13,"Total Cost": 195919.15,"Plan Rows": 1,"Plan Width": 32,"Actual Startup Time": 4860.293,"Actual Total Time": 4860.994,"Actual Rows": 1,"Actual Loops": 1,"Plans": [{"Node Type": "Hash Join","Parent Relationship": "Outer","Parallel Aware": false,"Async Capable": false,"Join Type": "Inner","Startup Cost": 6369.56,"Total Cost": 195914.12,"Plan Rows": 2006,"Plan Width": 8,"Actual Startup Time": 83.982,"Actual Total Time": 4860.601,"Actual Rows": 489,"Actual Loops": 1,"Inner Unique": true,"Hash Cond": "(lineitem.l_partkey = part.p_partkey)","Join Filter": "(lineitem.l_quantity < (SubPlan 1))","Rows Removed by Join Filter": 5219,"Plans": [{"Node Type": "Seq Scan","Parent Relationship": "Outer","Parallel Aware": false,"Async Capable": false,"Relation Name": "lineitem","Alias": "lineitem","Startup Cost": 0.00,"Total Cost": 172515.15,"Plan Rows": 6001215,"Plan Width": 17,"Actual Startup Time": 0.022,"Actual Total Time": 986.228,"Actual Rows": 6001215,"Actual Loops": 1},{"Node Type": "Hash","Parent Relationship": "Inner","Parallel Aware": false,"Async Capable": false,"Startup Cost": 6367.06,"Total Cost": 6367.06,"Plan Rows": 201,"Plan Width": 4,"Actual Startup Time": 30.758,"Actual Total Time": 31.419,"Actual Rows": 191,"Actual Loops": 1,"Hash Buckets": 1024,"Original Hash Buckets": 1024,"Hash Batches": 1,"Original Hash Batches": 1,"Peak Memory Usage": 15,"Plans": [{"Node Type": "Gather","Parent Relationship": "Outer","Parallel Aware": false,"Async Capable": false,"Startup Cost": 1000.00,"Total Cost": 6367.06,"Plan Rows": 201,"Plan Width": 4,"Actual Startup Time": 1.474,"Actual Total Time": 31.333,"Actual Rows": 191,"Actual Loops": 1,"Workers Planned": 2,"Workers Launched": 2,"Single Copy": false,"Plans": [{"Node Type": "Seq Scan","Parent Relationship": "Outer","Parallel Aware": true,"Async Capable": false,"Relation Name": "part","Alias": "part","Startup Cost": 0.00,"Total Cost": 5347.00,"Plan Rows": 84,"Plan Width": 4,"Actual Startup Time": 0.825,"Actual Total Time": 25.373,"Actual Rows": 64,"Actual Loops": 3,"Filter": "((p_brand = 'Brand#15'::bpchar) AND (p_container = 'LG BAG'::bpchar))","Rows Removed by Filter": 66603,"Workers": []}]}]},{"Node Type": "Aggregate","Strategy": "Plain","Partial Mode": "Simple","Parent Relationship": "SubPlan","Subplan Name": "SubPlan 1","Parallel Aware": false,"Async Capable": false,"Startup Cost": 127.60,"Total Cost": 127.61,"Plan Rows": 1,"Plan Width": 32,"Actual Startup Time": 0.126,"Actual Total Time": 0.126,"Actual Rows": 1,"Actual Loops": 5708,"Plans": [{"Node Type": "Bitmap Heap Scan","Parent Relationship": "Outer","Parallel Aware": false,"Async Capable": false,"Relation Name": "lineitem","Alias": "lineitem_1","Startup Cost": 4.67,"Total Cost": 127.52,"Plan Rows": 31,"Plan Width": 5,"Actual Startup Time": 0.013,"Actual Total Time": 0.119,"Actual Rows": 31,"Actual Loops": 5708,"Recheck Cond": "(l_partkey = part.p_partkey)","Rows Removed by Index Recheck": 0,"Exact Heap Blocks": 176020,"Lossy Heap Blocks": 0,"Plans": [{"Node Type": "Bitmap Index Scan","Parent Relationship": "Outer","Parallel Aware": false,"Async Capable": false,"Index Name": "idx_lineitem_part_supp","Startup Cost": 0.00,"Total Cost": 4.67,"Plan Rows": 31,"Plan Width": 0,"Actual Startup Time": 0.007,"Actual Total Time": 0.007,"Actual Rows": 31,"Actual Loops": 5708,"Index Cond": "(l_partkey = part.p_partkey)"}]}]}]}]},"Planning Time": 4.529,"Triggers": [],"Execution Time": 4861.390}]
[{"Plan": {"Node Type": "Aggregate","Strategy": "Plain","Partial Mode": "Simple","Parallel Aware": false,"Async Capable": false,"Startup Cost": 195917.99,"Total Cost": 195918.01,"Plan Rows": 1,"Plan Width": 32,"Actual Startup Time": 4937.881,"Actual Total Time": 4938.612,"Actual Rows": 1,"Actual Loops": 1,"Plans": [{"Node Type": "Hash Join","Parent Relationship": "Outer","Parallel Aware": false,"Async Capable": false,"Join Type": "Inner","Startup Cost": 6368.63,"Total Cost": 195913.18,"Plan Rows": 1923,"Plan Width": 8,"Actual Startup Time": 70.219,"Actual Total Time": 4938.237,"Actual Rows": 593,"Actual Loops": 1,"Inner Unique": true,"Hash Cond": "(lineitem.l_partkey = part.p_partkey)","Join Filter": "(lineitem.l_quantity < (SubPlan 1))","Rows Removed by Join Filter": 6048,"Plans": [{"Node Type": "Seq Scan","Parent Relationship": "Outer","Parallel Aware": false,"Async Capable": false,"Relation Name": "lineitem","Alias": "lineitem","Startup Cost": 0.00,"Total Cost": 172515.15,"Plan Rows": 6001215,"Plan Width": 17,"Actual Startup Time": 0.020,"Actual Total Time": 952.563,"Actual Rows": 6001215,"Actual Loops": 1},{"Node Type": "Hash","Parent Relationship": "Inner","Parallel Aware": false,"Async Capable": false,"Startup Cost": 6366.23,"Total Cost": 6366.23,"Plan Rows": 192,"Plan Width": 4,"Actual Startup Time": 31.027,"Actual Total Time": 31.714,"Actual Rows": 222,"Actual Loops": 1,"Hash Buckets": 1024,"Original Hash Buckets": 1024,"Hash Batches": 1,"Original Hash Batches": 1,"Peak Memory Usage": 16,"Plans": [{"Node Type": "Gather","Parent Relationship": "Outer","Parallel Aware": false,"Async Capable": false,"Startup Cost": 1000.00,"Total Cost": 6366.23,"Plan Rows": 192,"Plan Width": 4,"Actual Startup Time": 0.962,"Actual Total Time": 31.625,"Actual Rows": 222,"Actual Loops": 1,"Workers Planned": 2,"Workers Launched": 2,"Single Copy": false,"Plans": [{"Node Type": "Seq Scan","Parent Relationship": "Outer","Parallel Aware": true,"Async Capable": false,"Relation Name": "part","Alias": "part","Startup Cost": 0.00,"Total Cost": 5347.00,"Plan Rows": 80,"Plan Width": 4,"Actual Startup Time": 0.534,"Actual Total Time": 25.218,"Actual Rows": 74,"Actual Loops": 3,"Filter": "((p_brand = 'Brand#32'::bpchar) AND (p_container = 'SM JAR'::bpchar))","Rows Removed by Filter": 66593,"Workers": []}]}]},{"Node Type": "Aggregate","Strategy": "Plain","Partial Mode": "Simple","Parent Relationship": "SubPlan","Subplan Name": "SubPlan 1","Parallel Aware": false,"Async Capable": false,"Startup Cost": 127.60,"Total Cost": 127.61,"Plan Rows": 1,"Plan Width": 32,"Actual Startup Time": 0.121,"Actual Total Time": 0.121,"Actual Rows": 1,"Actual Loops": 6641,"Plans": [{"Node Type": "Bitmap Heap Scan","Parent Relationship": "Outer","Parallel Aware": false,"Async Capable": false,"Relation Name": "lineitem","Alias": "lineitem_1","Startup Cost": 4.67,"Total Cost": 127.52,"Plan Rows": 31,"Plan Width": 5,"Actual Startup Time": 0.013,"Actual Total Time": 0.114,"Actual Rows": 31,"Actual Loops": 6641,"Recheck Cond": "(l_partkey = part.p_partkey)","Rows Removed by Index Recheck": 0,"Exact Heap Blocks": 204716,"Lossy Heap Blocks": 0,"Plans": [{"Node Type": "Bitmap Index Scan","Parent Relationship": "Outer","Parallel Aware": false,"Async Capable": false,"Index Name": "idx_lineitem_part_supp","Startup Cost": 0.00,"Total Cost": 4.67,"Plan Rows": 31,"Plan Width": 0,"Actual Startup Time": 0.007,"Actual Total Time": 0.007,"Actual Rows": 31,"Actual Loops": 6641,"Index Cond": "(l_partkey = part.p_partkey)"}]}]}]}]},"Planning Time": 4.902,"Triggers": [],"Execution Time": 4939.073}]
[{"Plan": {"Node Type": "Aggregate","Strategy": "Plain","Partial Mode": "Simple","Parallel Aware": false,"Async Capable": false,"Startup Cost": 195921.52,"Total Cost": 195921.54,"Plan Rows": 1,"Plan Width": 32,"Actual Startup Time": 4838.160,"Actual Total Time": 4838.788,"Actual Rows": 1,"Actual Loops": 1,"Plans": [{"Node Type": "Hash Join","Parent Relationship": "Outer","Parallel Aware": false,"Async Capable": false,"Join Type": "Inner","Startup Cost": 6371.52,"Total Cost": 195916.07,"Plan Rows": 2180,"Plan Width": 8,"Actual Startup Time": 32.320,"Actual Total Time": 4838.372,"Actual Rows": 500,"Actual Loops": 1,"Inner Unique": true,"Hash Cond": "(lineitem.l_partkey = part.p_partkey)","Join Filter": "(lineitem.l_quantity < (SubPlan 1))","Rows Removed by Join Filter": 5236,"Plans": [{"Node Type": "Seq Scan","Parent Relationship": "Outer","Parallel Aware": false,"Async Capable": false,"Relation Name": "lineitem","Alias": "lineitem","Startup Cost": 0.00,"Total Cost": 172515.15,"Plan Rows": 6001215,"Plan Width": 17,"Actual Startup Time": 0.021,"Actual Total Time": 979.244,"Actual Rows": 6001215,"Actual Loops": 1},{"Node Type": "Hash","Parent Relationship": "Inner","Parallel Aware": false,"Async Capable": false,"Startup Cost": 6368.79,"Total Cost": 6368.79,"Plan Rows": 218,"Plan Width": 4,"Actual Startup Time": 30.861,"Actual Total Time": 31.463,"Actual Rows": 196,"Actual Loops": 1,"Hash Buckets": 1024,"Original Hash Buckets": 1024,"Hash Batches": 1,"Original Hash Batches": 1,"Peak Memory Usage": 15,"Plans": [{"Node Type": "Gather","Parent Relationship": "Outer","Parallel Aware": false,"Async Capable": false,"Startup Cost": 1000.00,"Total Cost": 6368.79,"Plan Rows": 218,"Plan Width": 4,"Actual Startup Time": 2.625,"Actual Total Time": 31.390,"Actual Rows": 196,"Actual Loops": 1,"Workers Planned": 2,"Workers Launched": 2,"Single Copy": false,"Plans": [{"Node Type": "Seq Scan","Parent Relationship": "Outer","Parallel Aware": true,"Async Capable": false,"Relation Name": "part","Alias": "part","Startup Cost": 0.00,"Total Cost": 5347.00,"Plan Rows": 91,"Plan Width": 4,"Actual Startup Time": 0.986,"Actual Total Time": 25.062,"Actual Rows": 65,"Actual Loops": 3,"Filter": "((p_brand = 'Brand#45'::bpchar) AND (p_container = 'LG BOX'::bpchar))","Rows Removed by Filter": 66601,"Workers": []}]}]},{"Node Type": "Aggregate","Strategy": "Plain","Partial Mode": "Simple","Parent Relationship": "SubPlan","Subplan Name": "SubPlan 1","Parallel Aware": false,"Async Capable": false,"Startup Cost": 127.60,"Total Cost": 127.61,"Plan Rows": 1,"Plan Width": 32,"Actual Startup Time": 0.125,"Actual Total Time": 0.125,"Actual Rows": 1,"Actual Loops": 5736,"Plans": [{"Node Type": "Bitmap Heap Scan","Parent Relationship": "Outer","Parallel Aware": false,"Async Capable": false,"Relation Name": "lineitem","Alias": "lineitem_1","Startup Cost": 4.67,"Total Cost": 127.52,"Plan Rows": 31,"Plan Width": 5,"Actual Startup Time": 0.013,"Actual Total Time": 0.118,"Actual Rows": 30,"Actual Loops": 5736,"Recheck Cond": "(l_partkey = part.p_partkey)","Rows Removed by Index Recheck": 0,"Exact Heap Blocks": 173756,"Lossy Heap Blocks": 0,"Plans": [{"Node Type": "Bitmap Index Scan","Parent Relationship": "Outer","Parallel Aware": false,"Async Capable": false,"Index Name": "idx_lineitem_part_supp","Startup Cost": 0.00,"Total Cost": 4.67,"Plan Rows": 31,"Plan Width": 0,"Actual Startup Time": 0.007,"Actual Total Time": 0.007,"Actual Rows": 30,"Actual Loops": 5736,"Index Cond": "(l_partkey = part.p_partkey)"}]}]}]}]},"Planning Time": 5.262,"Triggers": [],"Execution Time": 4839.185}]
[{"Plan": {"Node Type": "Aggregate","Strategy": "Plain","Partial Mode": "Simple","Parallel Aware": false,"Async Capable": false,"Startup Cost": 195918.29,"Total Cost": 195918.31,"Plan Rows": 1,"Plan Width": 32,"Actual Startup Time": 4940.558,"Actual Total Time": 4941.307,"Actual Rows": 1,"Actual Loops": 1,"Plans": [{"Node Type": "Hash Join","Parent Relationship": "Outer","Parallel Aware": false,"Async Capable": false,"Join Type": "Inner","Startup Cost": 6368.88,"Total Cost": 195913.43,"Plan Rows": 1945,"Plan Width": 8,"Actual Startup Time": 91.265,"Actual Total Time": 4940.840,"Actual Rows": 548,"Actual Loops": 1,"Inner Unique": true,"Hash Cond": "(lineitem.l_partkey = part.p_partkey)","Join Filter": "(lineitem.l_quantity < (SubPlan 1))","Rows Removed by Join Filter": 5757,"Plans": [{"Node Type": "Seq Scan","Parent Relationship": "Outer","Parallel Aware": false,"Async Capable": false,"Relation Name": "lineitem","Alias": "lineitem","Startup Cost": 0.00,"Total Cost": 172515.15,"Plan Rows": 6001215,"Plan Width": 17,"Actual Startup Time": 0.012,"Actual Total Time": 981.685,"Actual Rows": 6001215,"Actual Loops": 1},{"Node Type": "Hash","Parent Relationship": "Inner","Parallel Aware": false,"Async Capable": false,"Startup Cost": 6366.45,"Total Cost": 6366.45,"Plan Rows": 194,"Plan Width": 4,"Actual Startup Time": 32.832,"Actual Total Time": 33.526,"Actual Rows": 209,"Actual Loops": 1,"Hash Buckets": 1024,"Original Hash Buckets": 1024,"Hash Batches": 1,"Original Hash Batches": 1,"Peak Memory Usage": 16,"Plans": [{"Node Type": "Gather","Parent Relationship": "Outer","Parallel Aware": false,"Async Capable": false,"Startup Cost": 1000.00,"Total Cost": 6366.45,"Plan Rows": 194,"Plan Width": 4,"Actual Startup Time": 1.025,"Actual Total Time": 33.417,"Actual Rows": 209,"Actual Loops": 1,"Workers Planned": 2,"Workers Launched": 2,"Single Copy": false,"Plans": [{"Node Type": "Seq Scan","Parent Relationship": "Outer","Parallel Aware": true,"Async Capable": false,"Relation Name": "part","Alias": "part","Startup Cost": 0.00,"Total Cost": 5347.00,"Plan Rows": 81,"Plan Width": 4,"Actual Startup Time": 1.833,"Actual Total Time": 27.435,"Actual Rows": 70,"Actual Loops": 3,"Filter": "((p_brand = 'Brand#35'::bpchar) AND (p_container = 'LG PKG'::bpchar))","Rows Removed by Filter": 66597,"Workers": []}]}]},{"Node Type": "Aggregate","Strategy": "Plain","Partial Mode": "Simple","Parent Relationship": "SubPlan","Subplan Name": "SubPlan 1","Parallel Aware": false,"Async Capable": false,"Startup Cost": 127.60,"Total Cost": 127.61,"Plan Rows": 1,"Plan Width": 32,"Actual Startup Time": 0.125,"Actual Total Time": 0.125,"Actual Rows": 1,"Actual Loops": 6305,"Plans": [{"Node Type": "Bitmap Heap Scan","Parent Relationship": "Outer","Parallel Aware": false,"Async Capable": false,"Relation Name": "lineitem","Alias": "lineitem_1","Startup Cost": 4.67,"Total Cost": 127.52,"Plan Rows": 31,"Plan Width": 5,"Actual Startup Time": 0.013,"Actual Total Time": 0.118,"Actual Rows": 31,"Actual Loops": 6305,"Recheck Cond": "(l_partkey = part.p_partkey)","Rows Removed by Index Recheck": 0,"Exact Heap Blocks": 196875,"Lossy Heap Blocks": 0,"Plans": [{"Node Type": "Bitmap Index Scan","Parent Relationship": "Outer","Parallel Aware": false,"Async Capable": false,"Index Name": "idx_lineitem_part_supp","Startup Cost": 0.00,"Total Cost": 4.67,"Plan Rows": 31,"Plan Width": 0,"Actual Startup Time": 0.007,"Actual Total Time": 0.007,"Actual Rows": 31,"Actual Loops": 6305,"Index Cond": "(l_partkey = part.p_partkey)"}]}]}]}]},"Planning Time": 6.087,"Triggers": [],"Execution Time": 4941.643}]
