[{"Plan": {"Node Type": "Aggregate","Strategy": "Sorted","Partial Mode": "Finalize","Parallel Aware": false,"Async Capable": false,"Startup Cost": 12972.06,"Total Cost": 13071.37,"Plan Rows": 744,"Plan Width": 72,"Actual Startup Time": 133.436,"Actual Total Time": 137.019,"Actual Rows": 7,"Actual Loops": 1,"Group Key": ["(SUBSTRING(customer.c_phone FROM 1 FOR 2))"],"Plans": [{"Node Type": "Aggregate","Strategy": "Plain","Partial Mode": "Finalize","Parent Relationship": "InitPlan","Subplan Name": "InitPlan 1 (returns $1)","Parallel Aware": false,"Async Capable": false,"Startup Cost": 6230.83,"Total Cost": 6230.84,"Plan Rows": 1,"Plan Width": 32,"Actual Startup Time": 61.089,"Actual Total Time": 61.266,"Actual Rows": 1,"Actual Loops": 1,"Plans": [{"Node Type": "Gather","Parent Relationship": "Outer","Parallel Aware": false,"Async Capable": false,"Startup Cost": 6230.61,"Total Cost": 6230.82,"Plan Rows": 2,"Plan Width": 32,"Actual Startup Time": 61.011,"Actual Total Time": 61.252,"Actual Rows": 3,"Actual Loops": 1,"Workers Planned": 2,"Workers Launched": 2,"Single Copy": false,"Plans": [{"Node Type": "Aggregate","Strategy": "Plain","Partial Mode": "Partial","Parent Relationship": "Outer","Parallel Aware": false,"Async Capable": false,"Startup Cost": 5230.61,"Total Cost": 5230.62,"Plan Rows": 1,"Plan Width": 32,"Actual Startup Time": 54.889,"Actual Total Time": 54.891,"Actual Rows": 1,"Actual Loops": 3,"Workers": [],"Plans": [{"Node Type": "Seq Scan","Parent Relationship": "Outer","Parallel Aware": true,"Async Capable": false,"Relation Name": "customer","Alias": "customer_1","Startup Cost": 0.00,"Total Cost": 5225.62,"Plan Rows": 1994,"Plan Width": 6,"Actual Startup Time": 0.063,"Actual Total Time": 53.846,"Actual Rows": 12741,"Actual Loops": 3,"Filter": "((c_acctbal > 0.00) AND (SUBSTRING(c_phone FROM 1 FOR 2) = ANY ('{10,29,31,25,15,19,28}'::text[])))","Rows Removed by Filter": 37259,"Workers": []}]}]}]},{"Node Type": "Gather Merge","Parent Relationship": "Outer","Parallel Aware": false,"Async Capable": false,"Startup Cost": 6741.22,"Total Cost": 6821.30,"Plan Rows": 620,"Plan Width": 72,"Actual Startup Time": 133.328,"Actual Total Time": 136.795,"Actual Rows": 21,"Actual Loops": 1,"Workers Planned": 2,"Params Evaluated": ["$1"],"Workers Launched": 2,"Plans": [{"Node Type": "Aggregate","Strategy": "Sorted","Partial Mode": "Partial","Parent Relationship": "Outer","Parallel Aware": false,"Async Capable": false,"Startup Cost": 5741.19,"Total Cost": 5749.72,"Plan Rows": 310,"Plan Width": 72,"Actual Startup Time": 65.987,"Actual Total Time": 66.289,"Actual Rows": 7,"Actual Loops": 3,"Group Key": ["(SUBSTRING(customer.c_phone FROM 1 FOR 2))"],"Workers": [],"Plans": [{"Node Type": "Sort","Parent Relationship": "Outer","Parallel Aware": false,"Async Capable": false,"Startup Cost": 5741.19,"Total Cost": 5741.97,"Plan Rows": 310,"Plan Width": 38,"Actual Startup Time": 65.923,"Actual Total Time": 66.003,"Actual Rows": 2133,"Actual Loops": 3,"Sort Key": ["(SUBSTRING(customer.c_phone FROM 1 FOR 2))"],"Sort Method": "quicksort","Sort Space Used": 233,"Sort Space Type": "Memory","Workers": [{"Worker Number": 0,"Sort Method": "quicksort","Sort Space Used": 154,"Sort Space Type": "Memory"},{"Worker Number": 1,"Sort Method": "quicksort","Sort Space Used": 156,"Sort Space Type": "Memory"}],"Plans": [{"Node Type": "Nested Loop","Parent Relationship": "Outer","Parallel Aware": false,"Async Capable": false,"Join Type": "Anti","Startup Cost": 0.43,"Total Cost": 5728.36,"Plan Rows": 310,"Plan Width": 38,"Actual Startup Time": 0.170,"Actual Total Time": 65.163,"Actual Rows": 2133,"Actual Loops": 3,"Inner Unique": false,"Workers": [],"Plans": [{"Node Type": "Seq Scan","Parent Relationship": "Outer","Parallel Aware": true,"Async Capable": false,"Relation Name": "customer","Alias": "customer","Startup Cost": 0.00,"Total Cost": 5225.62,"Plan Rows": 729,"Plan Width": 26,"Actual Startup Time": 0.042,"Actual Total Time": 42.395,"Actual Rows": 6361,"Actual Loops": 3,"Filter": "((c_acctbal > $1) AND (SUBSTRING(c_phone FROM 1 FOR 2) = ANY ('{10,29,31,25,15,19,28}'::text[])))","Rows Removed by Filter": 43639,"Workers": []},{"Node Type": "Index Only Scan","Parent Relationship": "Inner","Parallel Aware": false,"Async Capable": false,"Scan Direction": "Forward","Index Name": "idx_orders_custkey","Relation Name": "orders","Alias": "orders","Startup Cost": 0.43,"Total Cost": 3.28,"Plan Rows": 17,"Plan Width": 4,"Actual Startup Time": 0.003,"Actual Total Time": 0.003,"Actual Rows": 1,"Actual Loops": 19084,"Index Cond": "(o_custkey = customer.c_custkey)","Rows Removed by Index Recheck": 0,"Heap Fetches": 0,"Workers": []}]}]}]}]}]},"Planning Time": 4.087,"Triggers": [],"Execution Time": 137.385}]
[{"Plan": {"Node Type": "Aggregate","Strategy": "Sorted","Partial Mode": "Finalize","Parallel Aware": false,"Async Capable": false,"Startup Cost": 12972.06,"Total Cost": 13071.37,"Plan Rows": 744,"Plan Width": 72,"Actual Startup Time": 133.725,"Actual Total Time": 137.234,"Actual Rows": 7,"Actual Loops": 1,"Group Key": ["(SUBSTRING(customer.c_phone FROM 1 FOR 2))"],"Plans": [{"Node Type": "Aggregate","Strategy": "Plain","Partial Mode": "Finalize","Parent Relationship": "InitPlan","Subplan Name": "InitPlan 1 (returns $1)","Parallel Aware": false,"Async Capable": false,"Startup Cost": 6230.83,"Total Cost": 6230.84,"Plan Rows": 1,"Plan Width": 32,"Actual Startup Time": 60.679,"Actual Total Time": 60.865,"Actual Rows": 1,"Actual Loops": 1,"Plans": [{"Node Type": "Gather","Parent Relationship": "Outer","Parallel Aware": false,"Async Capable": false,"Startup Cost": 6230.61,"Total Cost": 6230.82,"Plan Rows": 2,"Plan Width": 32,"Actual Startup Time": 60.600,"Actual Total Time": 60.856,"Actual Rows": 3,"Actual Loops": 1,"Workers Planned": 2,"Workers Launched": 2,"Single Copy": false,"Plans": [{"Node Type": "Aggregate","Strategy": "Plain","Partial Mode": "Partial","Parent Relationship": "Outer","Parallel Aware": false,"Async Capable": false,"Startup Cost": 5230.61,"Total Cost": 5230.62,"Plan Rows": 1,"Plan Width": 32,"Actual Startup Time": 54.783,"Actual Total Time": 54.785,"Actual Rows": 1,"Actual Loops": 3,"Workers": [],"Plans": [{"Node Type": "Seq Scan","Parent Relationship": "Outer","Parallel Aware": true,"Async Capable": false,"Relation Name": "customer","Alias": "customer_1","Startup Cost": 0.00,"Total Cost": 5225.62,"Plan Rows": 1994,"Plan Width": 6,"Actual Startup Time": 0.050,"Actual Total Time": 53.650,"Actual Rows": 12785,"Actual Loops": 3,"Filter": "((c_acctbal > 0.00) AND (SUBSTRING(c_phone FROM 1 FOR 2) = ANY ('{24,11,12,22,19,18,28}'::text[])))","Rows Removed by Filter": 37215,"Workers": []}]}]}]},{"Node Type": "Gather Merge","Parent Relationship": "Outer","Parallel Aware": false,"Async Capable": false,"Startup Cost": 6741.22,"Total Cost": 6821.30,"Plan Rows": 620,"Plan Width": 72,"Actual Startup Time": 133.611,"Actual Total Time": 136.995,"Actual Rows": 21,"Actual Loops": 1,"Workers Planned": 2,"Params Evaluated": ["$1"],"Workers Launched": 2,"Plans": [{"Node Type": "Aggregate","Strategy": "Sorted","Partial Mode": "Partial","Parent Relationship": "Outer","Parallel Aware": false,"Async Capable": false,"Startup Cost": 5741.19,"Total Cost": 5749.72,"Plan Rows": 310,"Plan Width": 72,"Actual Startup Time": 66.950,"Actual Total Time": 67.244,"Actual Rows": 7,"Actual Loops": 3,"Group Key": ["(SUBSTRING(customer.c_phone FROM 1 FOR 2))"],"Workers": [],"Plans": [{"Node Type": "Sort","Parent Relationship": "Outer","Parallel Aware": false,"Async Capable": false,"Startup Cost": 5741.19,"Total Cost": 5741.97,"Plan Rows": 310,"Plan Width": 38,"Actual Startup Time": 66.883,"Actual Total Time": 66.961,"Actual Rows": 2137,"Actual Loops": 3,"Sort Key": ["(SUBSTRING(customer.c_phone FROM 1 FOR 2))"],"Sort Method": "quicksort","Sort Space Used": 238,"Sort Space Type": "Memory","Workers": [{"Worker Number": 0,"Sort Method": "quicksort","Sort Space Used": 156,"Sort Space Type": "Memory"},{"Worker Number": 1,"Sort Method": "quicksort","Sort Space Used": 150,"Sort Space Type": "Memory"}],"Plans": [{"Node Type": "Nested Loop","Parent Relationship": "Outer","Parallel Aware": false,"Async Capable": false,"Join Type": "Anti","Startup Cost": 0.43,"Total Cost": 5728.36,"Plan Rows": 310,"Plan Width": 38,"Actual Startup Time": 0.133,"Actual Total Time": 66.085,"Actual Rows": 2137,"Actual Loops": 3,"Inner Unique": false,"Workers": [],"Plans": [{"Node Type": "Seq Scan","Parent Relationship": "Outer","Parallel Aware": true,"Async Capable": false,"Relation Name": "customer","Alias": "customer","Startup Cost": 0.00,"Total Cost": 5225.62,"Plan Rows": 729,"Plan Width": 26,"Actual Startup Time": 0.037,"Actual Total Time": 43.276,"Actual Rows": 6378,"Actual Loops": 3,"Filter": "((c_acctbal > $1) AND (SUBSTRING(c_phone FROM 1 FOR 2) = ANY ('{24,11,12,22,19,18,28}'::text[])))","Rows Removed by Filter": 43622,"Workers": []},{"Node Type": "Index Only Scan","Parent Relationship": "Inner","Parallel Aware": false,"Async Capable": false,"Scan Direction": "Forward","Index Name": "idx_orders_custkey","Relation Name": "orders","Alias": "orders","Startup Cost": 0.43,"Total Cost": 3.28,"Plan Rows": 17,"Plan Width": 4,"Actual Startup Time": 0.003,"Actual Total Time": 0.003,"Actual Rows": 1,"Actual Loops": 19133,"Index Cond": "(o_custkey = customer.c_custkey)","Rows Removed by Index Recheck": 0,"Heap Fetches": 0,"Workers": []}]}]}]}]}]},"Planning Time": 3.564,"Triggers": [],"Execution Time": 137.566}]
[{"Plan": {"Node Type": "Aggregate","Strategy": "Sorted","Partial Mode": "Finalize","Parallel Aware": false,"Async Capable": false,"Startup Cost": 12972.06,"Total Cost": 13071.37,"Plan Rows": 744,"Plan Width": 72,"Actual Startup Time": 133.663,"Actual Total Time": 136.964,"Actual Rows": 7,"Actual Loops": 1,"Group Key": ["(SUBSTRING(customer.c_phone FROM 1 FOR 2))"],"Plans": [{"Node Type": "Aggregate","Strategy": "Plain","Partial Mode": "Finalize","Parent Relationship": "InitPlan","Subplan Name": "InitPlan 1 (returns $1)","Parallel Aware": false,"Async Capable": false,"Startup Cost": 6230.83,"Total Cost": 6230.84,"Plan Rows": 1,"Plan Width": 32,"Actual Startup Time": 59.665,"Actual Total Time": 59.823,"Actual Rows": 1,"Actual Loops": 1,"Plans": [{"Node Type": "Gather","Parent Relationship": "Outer","Parallel Aware": false,"Async Capable": false,"Startup Cost": 6230.61,"Total Cost": 6230.82,"Plan Rows": 2,"Plan Width": 32,"Actual Startup Time": 59.600,"Actual Total Time": 59.811,"Actual Rows": 3,"Actual Loops": 1,"Workers Planned": 2,"Workers Launched": 2,"Single Copy": false,"Plans": [{"Node Type": "Aggregate","Strategy": "Plain","Partial Mode": "Partial","Parent Relationship": "Outer","Parallel Aware": false,"Async Capable": false,"Startup Cost": 5230.61,"Total Cost": 5230.62,"Plan Rows": 1,"Plan Width": 32,"Actual Startup Time": 53.665,"Actual Total Time": 53.666,"Actual Rows": 1,"Actual Loops": 3,"Workers": [],"Plans": [{"Node Type": "Seq Scan","Parent Relationship": "Outer","Parallel Aware": true,"Async Capable": false,"Relation Name": "customer","Alias": "customer_1","Startup Cost": 0.00,"Total Cost": 5225.62,"Plan Rows": 1994,"Plan Width": 6,"Actual Startup Time": 0.061,"Actual Total Time": 52.637,"Actual Rows": 12665,"Actual Loops": 3,"Filter": "((c_acctbal > 0.00) AND (SUBSTRING(c_phone FROM 1 FOR 2) = ANY ('{30,16,23,25,15,21,34}'::text[])))","Rows Removed by Filter": 37335,"Workers": []}]}]}]},{"Node Type": "Gather Merge","Parent Relationship": "Outer","Parallel Aware": false,"Async Capable": false,"Startup Cost": 6741.22,"Total Cost": 6821.30,"Plan Rows": 620,"Plan Width": 72,"Actual Startup Time": 133.555,"Actual Total Time": 136.753,"Actual Rows": 21,"Actual Loops": 1,"Workers Planned": 2,"Params Evaluated": ["$1"],"Workers Launched": 2,"Plans": [{"Node Type": "Aggregate","Strategy": "Sorted","Partial Mode": "Partial","Parent Relationship": "Outer","Parallel Aware": false,"Async Capable": false,"Startup Cost": 5741.19,"Total Cost": 5749.72,"Plan Rows": 310,"Plan Width": 72,"Actual Startup Time": 67.349,"Actual Total Time": 67.644,"Actual Rows": 7,"Actual Loops": 3,"Group Key": ["(SUBSTRING(customer.c_phone FROM 1 FOR 2))"],"Workers": [],"Plans": [{"Node Type": "Sort","Parent Relationship": "Outer","Parallel Aware": false,"Async Capable": false,"Startup Cost": 5741.19,"Total Cost": 5741.97,"Plan Rows": 310,"Plan Width": 38,"Actual Startup Time": 67.283,"Actual Total Time": 67.365,"Actual Rows": 2120,"Actual Loops": 3,"Sort Key": ["(SUBSTRING(customer.c_phone FROM 1 FOR 2))"],"Sort Method": "quicksort","Sort Space Used": 231,"Sort Space Type": "Memory","Workers": [{"Worker Number": 0,"Sort Method": "quicksort","Sort Space Used": 150,"Sort Space Type": "Memory"},{"Worker Number": 1,"Sort Method": "quicksort","Sort Space Used": 160,"Sort Space Type": "Memory"}],"Plans": [{"Node Type": "Nested Loop","Parent Relationship": "Outer","Parallel Aware": false,"Async Capable": false,"Join Type": "Anti","Startup Cost": 0.43,"Total Cost": 5728.36,"Plan Rows": 310,"Plan Width": 38,"Actual Startup Time": 0.157,"Actual Total Time": 66.516,"Actual Rows": 2120,"Actual Loops": 3,"Inner Unique": false,"Workers": [],"Plans": [{"Node Type": "Seq Scan","Parent Relationship": "Outer","Parallel Aware": true,"Async Capable": false,"Relation Name": "customer","Alias": "customer","Startup Cost": 0.00,"Total Cost": 5225.62,"Plan Rows": 729,"Plan Width": 26,"Actual Startup Time": 0.036,"Actual Total Time": 43.067,"Actual Rows": 6317,"Actual Loops": 3,"Filter": "((c_acctbal > $1) AND (SUBSTRING(c_phone FROM 1 FOR 2) = ANY ('{30,16,23,25,15,21,34}'::text[])))","Rows Removed by Filter": 43683,"Workers": []},{"Node Type": "Index Only Scan","Parent Relationship": "Inner","Parallel Aware": false,"Async Capable": false,"Scan Direction": "Forward","Index Name": "idx_orders_custkey","Relation Name": "orders","Alias": "orders","Startup Cost": 0.43,"Total Cost": 3.28,"Plan Rows": 17,"Plan Width": 4,"Actual Startup Time": 0.003,"Actual Total Time": 0.003,"Actual Rows": 1,"Actual Loops": 18951,"Index Cond": "(o_custkey = customer.c_custkey)","Rows Removed by Index Recheck": 0,"Heap Fetches": 0,"Workers": []}]}]}]}]}]},"Planning Time": 4.080,"Triggers": [],"Execution Time": 137.252}]
[{"Plan": {"Node Type": "Aggregate","Strategy": "Sorted","Partial Mode": "Finalize","Parallel Aware": false,"Async Capable": false,"Startup Cost": 12972.06,"Total Cost": 13071.37,"Plan Rows": 744,"Plan Width": 72,"Actual Startup Time": 129.058,"Actual Total Time": 132.187,"Actual Rows": 7,"Actual Loops": 1,"Group Key": ["(SUBSTRING(customer.c_phone FROM 1 FOR 2))"],"Plans": [{"Node Type": "Aggregate","Strategy": "Plain","Partial Mode": "Finalize","Parent Relationship": "InitPlan","Subplan Name": "InitPlan 1 (returns $1)","Parallel Aware": false,"Async Capable": false,"Startup Cost": 6230.83,"Total Cost": 6230.84,"Plan Rows": 1,"Plan Width": 32,"Actual Startup Time": 60.442,"Actual Total Time": 60.656,"Actual Rows": 1,"Actual Loops": 1,"Plans": [{"Node Type": "Gather","Parent Relationship": "Outer","Parallel Aware": false,"Async Capable": false,"Startup Cost": 6230.61,"Total Cost": 6230.82,"Plan Rows": 2,"Plan Width": 32,"Actual Startup Time": 60.351,"Actual Total Time": 60.639,"Actual Rows": 3,"Actual Loops": 1,"Workers Planned": 2,"Workers Launched": 2,"Single Copy": false,"Plans": [{"Node Type": "Aggregate","Strategy": "Plain","Partial Mode": "Partial","Parent Relationship": "Outer","Parallel Aware": false,"Async Capable": false,"Startup Cost": 5230.61,"Total Cost": 5230.62,"Plan Rows": 1,"Plan Width": 32,"Actual Startup Time": 54.231,"Actual Total Time": 54.233,"Actual Rows": 1,"Actual Loops": 3,"Workers": [],"Plans": [{"Node Type": "Seq Scan","Parent Relationship": "Outer","Parallel Aware": true,"Async Capable": false,"Relation Name": "customer","Alias": "customer_1","Startup Cost": 0.00,"Total Cost": 5225.62,"Plan Rows": 1994,"Plan Width": 6,"Actual Startup Time": 0.049,"Actual Total Time": 53.149,"Actual Rows": 12740,"Actual Loops": 3,"Filter": "((c_acctbal > 0.00) AND (SUBSTRING(c_phone FROM 1 FOR 2) = ANY ('{25,33,15,12,17,19,23}'::text[])))","Rows Removed by Filter": 37260,"Workers": []}]}]}]},{"Node Type": "Gather Merge","Parent Relationship": "Outer","Parallel Aware": false,"Async Capable": false,"Startup Cost": 6741.22,"Total Cost": 6821.30,"Plan Rows": 620,"Plan Width": 72,"Actual Startup Time": 128.939,"Actual Total Time": 131.886,"Actual Rows": 21,"Actual Loops": 1,"Workers Planned": 2,"Params Evaluated": ["$1"],"Workers Launched": 2,"Plans": [{"Node Type": "Aggregate","Strategy": "Sorted","Partial Mode": "Partial","Parent Relationship": "Outer","Parallel Aware": false,"Async Capable": false,"Startup Cost": 5741.19,"Total Cost": 5749.72,"Plan Rows": 310,"Plan Width": 72,"Actual Startup Time": 62.222,"Actual Total Time": 62.513,"Actual Rows": 7,"Actual Loops": 3,"Group Key": ["(SUBSTRING(customer.c_phone FROM 1 FOR 2))"],"Workers": [],"Plans": [{"Node Type": "Sort","Parent Relationship": "Outer","Parallel Aware": false,"Async Capable": false,"Startup Cost": 5741.19,"Total Cost": 5741.97,"Plan Rows": 310,"Plan Width": 38,"Actual Startup Time": 62.150,"Actual Total Time": 62.227,"Actual Rows": 2108,"Actual Loops": 3,"Sort Key": ["(SUBSTRING(customer.c_phone FROM 1 FOR 2))"],"Sort Method": "quicksort","Sort Space Used": 229,"Sort Space Type": "Memory","Workers": [{"Worker Number": 0,"Sort Method": "quicksort","Sort Space Used": 155,"Sort Space Type": "Memory"},{"Worker Number": 1,"Sort Method": "quicksort","Sort Space Used": 155,"Sort Space Type": "Memory"}],"Plans": [{"Node Type": "Nested Loop","Parent Relationship": "Outer","Parallel Aware": false,"Async Capable": false,"Join Type": "Anti","Startup Cost": 0.43,"Total Cost": 5728.36,"Plan Rows": 310,"Plan Width": 38,"Actual Startup Time": 0.163,"Actual Total Time": 61.395,"Actual Rows": 2108,"Actual Loops": 3,"Inner Unique": false,"Workers": [],"Plans": [{"Node Type": "Seq Scan","Parent Relationship": "Outer","Parallel Aware": true,"Async Capable": false,"Relation Name": "customer","Alias": "customer","Startup Cost": 0.00,"Total Cost": 5225.62,"Plan Rows": 729,"Plan Width": 26,"Actual Startup Time": 0.050,"Actual Total Time": 41.265,"Actual Rows": 6332,"Actual Loops": 3,"Filter": "((c_acctbal > $1) AND (SUBSTRING(c_phone FROM 1 FOR 2) = ANY ('{25,33,15,12,17,19,23}'::text[])))","Rows Removed by Filter": 43668,"Workers": []},{"Node Type": "Index Only Scan","Parent Relationship": "Inner","Parallel Aware": false,"Async Capable": false,"Scan Direction": "Forward","Index Name": "idx_orders_custkey","Relation Name": "orders","Alias": "orders","Startup Cost": 0.43,"Total Cost": 3.28,"Plan Rows": 17,"Plan Width": 4,"Actual Startup Time": 0.003,"Actual Total Time": 0.003,"Actual Rows": 1,"Actual Loops": 18997,"Index Cond": "(o_custkey = customer.c_custkey)","Rows Removed by Index Recheck": 0,"Heap Fetches": 0,"Workers": []}]}]}]}]}]},"Planning Time": 4.099,"Triggers": [],"Execution Time": 132.630}]
[{"Plan": {"Node Type": "Aggregate","Strategy": "Sorted","Partial Mode": "Finalize","Parallel Aware": false,"Async Capable": false,"Startup Cost": 12972.06,"Total Cost": 13071.37,"Plan Rows": 744,"Plan Width": 72,"Actual Startup Time": 129.653,"Actual Total Time": 133.005,"Actual Rows": 7,"Actual Loops": 1,"Group Key": ["(SUBSTRING(customer.c_phone FROM 1 FOR 2))"],"Plans": [{"Node Type": "Aggregate","Strategy": "Plain","Partial Mode": "Finalize","Parent Relationship": "InitPlan","Subplan Name": "InitPlan 1 (returns $1)","Parallel Aware": false,"Async Capable": false,"Startup Cost": 6230.83,"Total Cost": 6230.84,"Plan Rows": 1,"Plan Width": 32,"Actual Startup Time": 60.639,"Actual Total Time": 60.842,"Actual Rows": 1,"Actual Loops": 1,"Plans": [{"Node Type": "Gather","Parent Relationship": "Outer","Parallel Aware": false,"Async Capable": false,"Startup Cost": 6230.61,"Total Cost": 6230.82,"Plan Rows": 2,"Plan Width": 32,"Actual Startup Time": 60.532,"Actual Total Time": 60.824,"Actual Rows": 3,"Actual Loops": 1,"Workers Planned": 2,"Workers Launched": 2,"Single Copy": false,"Plans": [{"Node Type": "Aggregate","Strategy": "Plain","Partial Mode": "Partial","Parent Relationship": "Outer","Parallel Aware": false,"Async Capable": false,"Startup Cost": 5230.61,"Total Cost": 5230.62,"Plan Rows": 1,"Plan Width": 32,"Actual Startup Time": 54.704,"Actual Total Time": 54.706,"Actual Rows": 1,"Actual Loops": 3,"Workers": [],"Plans": [{"Node Type": "Seq Scan","Parent Relationship": "Outer","Parallel Aware": true,"Async Capable": false,"Relation Name": "customer","Alias": "customer_1","Startup Cost": 0.00,"Total Cost": 5225.62,"Plan Rows": 1994,"Plan Width": 6,"Actual Startup Time": 0.059,"Actual Total Time": 53.648,"Actual Rows": 12693,"Actual Loops": 3,"Filter": "((c_acctbal > 0.00) AND (SUBSTRING(c_phone FROM 1 FOR 2) = ANY ('{29,33,10,22,30,27,18}'::text[])))","Rows Removed by Filter": 37307,"Workers": []}]}]}]},{"Node Type": "Gather Merge","Parent Relationship": "Outer","Parallel Aware": false,"Async Capable": false,"Startup Cost": 6741.22,"Total Cost": 6821.30,"Plan Rows": 620,"Plan Width": 72,"Actual Startup Time": 129.552,"Actual Total Time": 132.751,"Actual Rows": 21,"Actual Loops": 1,"Workers Planned": 2,"Params Evaluated": ["$1"],"Workers Launched": 2,"Plans": [{"Node Type": "Aggregate","Strategy": "Sorted","Partial Mode": "Partial","Parent Relationship": "Outer","Parallel Aware": false,"Async Capable": false,"Startup Cost": 5741.19,"Total Cost": 5749.72,"Plan Rows": 310,"Plan Width": 72,"Actual Startup Time": 62.635,"Actual Total Time": 62.939,"Actual Rows": 7,"Actual Loops": 3,"Group Key": ["(SUBSTRING(customer.c_phone FROM 1 FOR 2))"],"Workers": [],"Plans": [{"Node Type": "Sort","Parent Relationship": "Outer","Parallel Aware": false,"Async Capable": false,"Startup Cost": 5741.19,"Total Cost": 5741.97,"Plan Rows": 310,"Plan Width": 38,"Actual Startup Time": 62.564,"Actual Total Time": 62.646,"Actual Rows": 2140,"Actual Loops": 3,"Sort Key": ["(SUBSTRING(customer.c_phone FROM 1 FOR 2))"],"Sort Method": "quicksort","Sort Space Used": 232,"Sort Space Type": "Memory","Workers": [{"Worker Number": 0,"Sort Method": "quicksort","Sort Space Used": 156,"Sort Space Type": "Memory"},{"Worker Number": 1,"Sort Method": "quicksort","Sort Space Used": 156,"Sort Space Type": "Memory"}],"Plans": [{"Node Type": "Nested Loop","Parent Relationship": "Outer","Parallel Aware": false,"Async Capable": false,"Join Type": "Anti","Startup Cost": 0.43,"Total Cost": 5728.36,"Plan Rows": 310,"Plan Width": 38,"Actual Startup Time": 0.124,"Actual Total Time": 61.772,"Actual Rows": 2140,"Actual Loops": 3,"Inner Unique": false,"Workers": [],"Plans": [{"Node Type": "Seq Scan","Parent Relationship": "Outer","Parallel Aware": true,"Async Capable": false,"Relation Name": "customer","Alias": "customer","Startup Cost": 0.00,"Total Cost": 5225.62,"Plan Rows": 729,"Plan Width": 26,"Actual Startup Time": 0.025,"Actual Total Time": 41.572,"Actual Rows": 6331,"Actual Loops": 3,"Filter": "((c_acctbal > $1) AND (SUBSTRING(c_phone FROM 1 FOR 2) = ANY ('{29,33,10,22,30,27,18}'::text[])))","Rows Removed by Filter": 43669,"Workers": []},{"Node Type": "Index Only Scan","Parent Relationship": "Inner","Parallel Aware": false,"Async Capable": false,"Scan Direction": "Forward","Index Name": "idx_orders_custkey","Relation Name": "orders","Alias": "orders","Startup Cost": 0.43,"Total Cost": 3.28,"Plan Rows": 17,"Plan Width": 4,"Actual Startup Time": 0.003,"Actual Total Time": 0.003,"Actual Rows": 1,"Actual Loops": 18992,"Index Cond": "(o_custkey = customer.c_custkey)","Rows Removed by Index Recheck": 0,"Heap Fetches": 0,"Workers": []}]}]}]}]}]},"Planning Time": 4.743,"Triggers": [],"Execution Time": 133.356}]
[{"Plan": {"Node Type": "Aggregate","Strategy": "Sorted","Partial Mode": "Finalize","Parallel Aware": false,"Async Capable": false,"Startup Cost": 12972.06,"Total Cost": 13071.37,"Plan Rows": 744,"Plan Width": 72,"Actual Startup Time": 130.936,"Actual Total Time": 134.737,"Actual Rows": 7,"Actual Loops": 1,"Group Key": ["(SUBSTRING(customer.c_phone FROM 1 FOR 2))"],"Plans": [{"Node Type": "Aggregate","Strategy": "Plain","Partial Mode": "Finalize","Parent Relationship": "InitPlan","Subplan Name": "InitPlan 1 (returns $1)","Parallel Aware": false,"Async Capable": false,"Startup Cost": 6230.83,"Total Cost": 6230.84,"Plan Rows": 1,"Plan Width": 32,"Actual Startup Time": 58.251,"Actual Total Time": 58.531,"Actual Rows": 1,"Actual Loops": 1,"Plans": [{"Node Type": "Gather","Parent Relationship": "Outer","Parallel Aware": false,"Async Capable": false,"Startup Cost": 6230.61,"Total Cost": 6230.82,"Plan Rows": 2,"Plan Width": 32,"Actual Startup Time": 58.188,"Actual Total Time": 58.518,"Actual Rows": 3,"Actual Loops": 1,"Workers Planned": 2,"Workers Launched": 2,"Single Copy": false,"Plans": [{"Node Type": "Aggregate","Strategy": "Plain","Partial Mode": "Partial","Parent Relationship": "Outer","Parallel Aware": false,"Async Capable": false,"Startup Cost": 5230.61,"Total Cost": 5230.62,"Plan Rows": 1,"Plan Width": 32,"Actual Startup Time": 52.469,"Actual Total Time": 52.470,"Actual Rows": 1,"Actual Loops": 3,"Workers": [],"Plans": [{"Node Type": "Seq Scan","Parent Relationship": "Outer","Parallel Aware": true,"Async Capable": false,"Relation Name": "customer","Alias": "customer_1","Startup Cost": 0.00,"Total Cost": 5225.62,"Plan Rows": 1994,"Plan Width": 6,"Actual Startup Time": 0.049,"Actual Total Time": 51.380,"Actual Rows": 12728,"Actual Loops": 3,"Filter": "((c_acctbal > 0.00) AND (SUBSTRING(c_phone FROM 1 FOR 2) = ANY ('{31,26,28,12,11,33,20}'::text[])))","Rows Removed by Filter": 37272,"Workers": []}]}]}]},{"Node Type": "Gather Merge","Parent Relationship": "Outer","Parallel Aware": false,"Async Capable": false,"Startup Cost": 6741.22,"Total Cost": 6821.30,"Plan Rows": 620,"Plan Width": 72,"Actual Startup Time": 130.725,"Actual Total Time": 134.383,"Actual Rows": 21,"Actual Loops": 1,"Workers Planned": 2,"Params Evaluated": ["$1"],"Workers Launched": 2,"Plans": [{"Node Type": "Aggregate","Strategy": "Sorted","Partial Mode": "Partial","Parent Relationship": "Outer","Parallel Aware": false,"Async Capable": false,"Startup Cost": 5741.19,"Total Cost": 5749.72,"Plan Rows": 310,"Plan Width": 72,"Actual Startup Time": 65.305,"Actual Total Time": 65.832,"Actual Rows": 7,"Actual Loops": 3,"Group Key": ["(SUBSTRING(customer.c_phone FROM 1 FOR 2))"],"Workers": [],"Plans": [{"Node Type": "Sort","Parent Relationship": "Outer","Parallel Aware": false,"Async Capable": false,"Startup Cost": 5741.19,"Total Cost": 5741.97,"Plan Rows": 310,"Plan Width": 38,"Actual Startup Time": 65.194,"Actual Total Time": 65.337,"Actual Rows": 2110,"Actual Loops": 3,"Sort Key": ["(SUBSTRING(customer.c_phone FROM 1 FOR 2))"],"Sort Method": "quicksort","Sort Space Used": 228,"Sort Space Type": "Memory","Workers": [{"Worker Number": 0,"Sort Method": "quicksort","Sort Space Used": 153,"Sort Space Type": "Memory"},{"Worker Number": 1,"Sort Method": "quicksort","Sort Space Used": 158,"Sort Space Type": "Memory"}],"Plans": [{"Node Type": "Nested Loop","Parent Relationship": "Outer","Parallel Aware": false,"Async Capable": false,"Join Type": "Anti","Startup Cost": 0.43,"Total Cost": 5728.36,"Plan Rows": 310,"Plan Width": 38,"Actual Startup Time": 0.126,"Actual Total Time": 64.229,"Actual Rows": 2110,"Actual Loops": 3,"Inner Unique": false,"Workers": [],"Plans": [{"Node Type": "Seq Scan","Parent Relationship": "Outer","Parallel Aware": true,"Async Capable": false,"Relation Name": "customer","Alias": "customer","Startup Cost": 0.00,"Total Cost": 5225.62,"Plan Rows": 729,"Plan Width": 26,"Actual Startup Time": 0.035,"Actual Total Time": 42.735,"Actual Rows": 6352,"Actual Loops": 3,"Filter": "((c_acctbal > $1) AND (SUBSTRING(c_phone FROM 1 FOR 2) = ANY ('{31,26,28,12,11,33,20}'::text[])))","Rows Removed by Filter": 43648,"Workers": []},{"Node Type": "Index Only Scan","Parent Relationship": "Inner","Parallel Aware": false,"Async Capable": false,"Scan Direction": "Forward","Index Name": "idx_orders_custkey","Relation Name": "orders","Alias": "orders","Startup Cost": 0.43,"Total Cost": 3.28,"Plan Rows": 17,"Plan Width": 4,"Actual Startup Time": 0.003,"Actual Total Time": 0.003,"Actual Rows": 1,"Actual Loops": 19055,"Index Cond": "(o_custkey = customer.c_custkey)","Rows Removed by Index Recheck": 0,"Heap Fetches": 0,"Workers": []}]}]}]}]}]},"Planning Time": 3.412,"Triggers": [],"Execution Time": 135.098}]
[{"Plan": {"Node Type": "Aggregate","Strategy": "Sorted","Partial Mode": "Finalize","Parallel Aware": false,"Async Capable": false,"Startup Cost": 12972.06,"Total Cost": 13071.37,"Plan Rows": 744,"Plan Width": 72,"Actual Startup Time": 138.553,"Actual Total Time": 141.813,"Actual Rows": 7,"Actual Loops": 1,"Group Key": ["(SUBSTRING(customer.c_phone FROM 1 FOR 2))"],"Plans": [{"Node Type": "Aggregate","Strategy": "Plain","Partial Mode": "Finalize","Parent Relationship": "InitPlan","Subplan Name": "InitPlan 1 (returns $1)","Parallel Aware": false,"Async Capable": false,"Startup Cost": 6230.83,"Total Cost": 6230.84,"Plan Rows": 1,"Plan Width": 32,"Actual Startup Time": 61.755,"Actual Total Time": 61.881,"Actual Rows": 1,"Actual Loops": 1,"Plans": [{"Node Type": "Gather","Parent Relationship": "Outer","Parallel Aware": false,"Async Capable": false,"Startup Cost": 6230.61,"Total Cost": 6230.82,"Plan Rows": 2,"Plan Width": 32,"Actual Startup Time": 61.715,"Actual Total Time": 61.860,"Actual Rows": 3,"Actual Loops": 1,"Workers Planned": 2,"Workers Launched": 2,"Single Copy": false,"Plans": [{"Node Type": "Aggregate","Strategy": "Plain","Partial Mode": "Partial","Parent Relationship": "Outer","Parallel Aware": false,"Async Capable": false,"Startup Cost": 5230.61,"Total Cost": 5230.62,"Plan Rows": 1,"Plan Width": 32,"Actual Startup Time": 55.939,"Actual Total Time": 55.940,"Actual Rows": 1,"Actual Loops": 3,"Workers": [],"Plans": [{"Node Type": "Seq Scan","Parent Relationship": "Outer","Parallel Aware": true,"Async Capable": false,"Relation Name": "customer","Alias": "customer_1","Startup Cost": 0.00,"Total Cost": 5225.62,"Plan Rows": 1994,"Plan Width": 6,"Actual Startup Time": 0.050,"Actual Total Time": 54.897,"Actual Rows": 12770,"Actual Loops": 3,"Filter": "((c_acctbal > 0.00) AND (SUBSTRING(c_phone FROM 1 FOR 2) = ANY ('{20,19,16,18,25,13,11}'::text[])))","Rows Removed by Filter": 37230,"Workers": []}]}]}]},{"Node Type": "Gather Merge","Parent Relationship": "Outer","Parallel Aware": false,"Async Capable": false,"Startup Cost": 6741.22,"Total Cost": 6821.30,"Plan Rows": 620,"Plan Width": 72,"Actual Startup Time": 138.434,"Actual Total Time": 141.638,"Actual Rows": 21,"Actual Loops": 1,"Workers Planned": 2,"Params Evaluated": ["$1"],"Workers Launched": 2,"Plans": [{"Node Type": "Aggregate","Strategy": "Sorted","Partial Mode": "Partial","Parent Relationship": "Outer","Parallel Aware": false,"Async Capable": false,"Startup Cost": 5741.19,"Total Cost": 5749.72,"Plan Rows": 310,"Plan Width": 72,"Actual Startup Time": 70.586,"Actual Total Time": 70.885,"Actual Rows": 7,"Actual Loops": 3,"Group Key": ["(SUBSTRING(customer.c_phone FROM 1 FOR 2))"],"Workers": [],"Plans": [{"Node Type": "Sort","Parent Relationship": "Outer","Parallel Aware": false,"Async Capable": false,"Startup Cost": 5741.19,"Total Cost": 5741.97,"Plan Rows": 310,"Plan Width": 38,"Actual Startup Time": 70.522,"Actual Total Time": 70.601,"Actual Rows": 2128,"Actual Loops": 3,"Sort Key": ["(SUBSTRING(customer.c_phone FROM 1 FOR 2))"],"Sort Method": "quicksort","Sort Space Used": 231,"Sort Space Type": "Memory","Workers": [{"Worker Number": 0,"Sort Method": "quicksort","Sort Space Used": 160,"Sort Space Type": "Memory"},{"Worker Number": 1,"Sort Method": "quicksort","Sort Space Used": 152,"Sort Space Type": "Memory"}],"Plans": [{"Node Type": "Nested Loop","Parent Relationship": "Outer","Parallel Aware": false,"Async Capable": false,"Join Type": "Anti","Startup Cost": 0.43,"Total Cost": 5728.36,"Plan Rows": 310,"Plan Width": 38,"Actual Startup Time": 0.214,"Actual Total Time": 69.732,"Actual Rows": 2128,"Actual Loops": 3,"Inner Unique": false,"Workers": [],"Plans": [{"Node Type": "Seq Scan","Parent Relationship": "Outer","Parallel Aware": true,"Async Capable": false,"Relation Name": "customer","Alias": "customer","Startup Cost": 0.00,"Total Cost": 5225.62,"Plan Rows": 729,"Plan Width": 26,"Actual Startup Time": 0.043,"Actual Total Time": 45.664,"Actual Rows": 6365,"Actual Loops": 3,"Filter": "((c_acctbal > $1) AND (SUBSTRING(c_phone FROM 1 FOR 2) = ANY ('{20,19,16,18,25,13,11}'::text[])))","Rows Removed by Filter": 43635,"Workers": []},{"Node Type": "Index Only Scan","Parent Relationship": "Inner","Parallel Aware": false,"Async Capable": false,"Scan Direction": "Forward","Index Name": "idx_orders_custkey","Relation Name": "orders","Alias": "orders","Startup Cost": 0.43,"Total Cost": 3.28,"Plan Rows": 17,"Plan Width": 4,"Actual Startup Time": 0.003,"Actual Total Time": 0.003,"Actual Rows": 1,"Actual Loops": 19095,"Index Cond": "(o_custkey = customer.c_custkey)","Rows Removed by Index Recheck": 0,"Heap Fetches": 0,"Workers": []}]}]}]}]}]},"Planning Time": 3.801,"Triggers": [],"Execution Time": 142.093}]
[{"Plan": {"Node Type": "Aggregate","Strategy": "Sorted","Partial Mode": "Finalize","Parallel Aware": false,"Async Capable": false,"Startup Cost": 12972.06,"Total Cost": 13071.37,"Plan Rows": 744,"Plan Width": 72,"Actual Startup Time": 138.728,"Actual Total Time": 142.010,"Actual Rows": 7,"Actual Loops": 1,"Group Key": ["(SUBSTRING(customer.c_phone FROM 1 FOR 2))"],"Plans": [{"Node Type": "Aggregate","Strategy": "Plain","Partial Mode": "Finalize","Parent Relationship": "InitPlan","Subplan Name": "InitPlan 1 (returns $1)","Parallel Aware": false,"Async Capable": false,"Startup Cost": 6230.83,"Total Cost": 6230.84,"Plan Rows": 1,"Plan Width": 32,"Actual Startup Time": 61.431,"Actual Total Time": 61.580,"Actual Rows": 1,"Actual Loops": 1,"Plans": [{"Node Type": "Gather","Parent Relationship": "Outer","Parallel Aware": false,"Async Capable": false,"Startup Cost": 6230.61,"Total Cost": 6230.82,"Plan Rows": 2,"Plan Width": 32,"Actual Startup Time": 61.344,"Actual Total Time": 61.569,"Actual Rows": 3,"Actual Loops": 1,"Workers Planned": 2,"Workers Launched": 2,"Single Copy": false,"Plans": [{"Node Type": "Aggregate","Strategy": "Plain","Partial Mode": "Partial","Parent Relationship": "Outer","Parallel Aware": false,"Async Capable": false,"Startup Cost": 5230.61,"Total Cost": 5230.62,"Plan Rows": 1,"Plan Width": 32,"Actual Startup Time": 55.562,"Actual Total Time": 55.564,"Actual Rows": 1,"Actual Loops": 3,"Workers": [],"Plans": [{"Node Type": "Seq Scan","Parent Relationship": "Outer","Parallel Aware": true,"Async Capable": false,"Relation Name": "customer","Alias": "customer_1","Startup Cost": 0.00,"Total Cost": 5225.62,"Plan Rows": 1994,"Plan Width": 6,"Actual Startup Time": 0.066,"Actual Total Time": 54.483,"Actual Rows": 12749,"Actual Loops": 3,"Filter": "((c_acctbal > 0.00) AND (SUBSTRING(c_phone FROM 1 FOR 2) = ANY ('{23,13,25,22,15,19,18}'::text[])))","Rows Removed by Filter": 37251,"Workers": []}]}]}]},{"Node Type": "Gather Merge","Parent Relationship": "Outer","Parallel Aware": false,"Async Capable": false,"Startup Cost": 6741.22,"Total Cost": 6821.30,"Plan Rows": 620,"Plan Width": 72,"Actual Startup Time": 138.607,"Actual Total Time": 141.799,"Actual Rows": 21,"Actual Loops": 1,"Workers Planned": 2,"Params Evaluated": ["$1"],"Workers Launched": 2,"Plans": [{"Node Type": "Aggregate","Strategy": "Sorted","Partial Mode": "Partial","Parent Relationship": "Outer","Parallel Aware": false,"Async Capable": false,"Startup Cost": 5741.19,"Total Cost": 5749.72,"Plan Rows": 310,"Plan Width": 72,"Actual Startup Time": 70.818,"Actual Total Time": 71.119,"Actual Rows": 7,"Actual Loops": 3,"Group Key": ["(SUBSTRING(customer.c_phone FROM 1 FOR 2))"],"Workers": [],"Plans": [{"Node Type": "Sort","Parent Relationship": "Outer","Parallel Aware": false,"Async Capable": false,"Startup Cost": 5741.19,"Total Cost": 5741.97,"Plan Rows": 310,"Plan Width": 38,"Actual Startup Time": 70.755,"Actual Total Time": 70.837,"Actual Rows": 2125,"Actual Loops": 3,"Sort Key": ["(SUBSTRING(customer.c_phone FROM 1 FOR 2))"],"Sort Method": "quicksort","Sort Space Used": 233,"Sort Space Type": "Memory","Workers": [{"Worker Number": 0,"Sort Method": "quicksort","Sort Space Used": 158,"Sort Space Type": "Memory"},{"Worker Number": 1,"Sort Method": "quicksort","Sort Space Used": 150,"Sort Space Type": "Memory"}],"Plans": [{"Node Type": "Nested Loop","Parent Relationship": "Outer","Parallel Aware": false,"Async Capable": false,"Join Type": "Anti","Startup Cost": 0.43,"Total Cost": 5728.36,"Plan Rows": 310,"Plan Width": 38,"Actual Startup Time": 0.176,"Actual Total Time": 69.990,"Actual Rows": 2125,"Actual Loops": 3,"Inner Unique": false,"Workers": [],"Plans": [{"Node Type": "Seq Scan","Parent Relationship": "Outer","Parallel Aware": true,"Async Capable": false,"Relation Name": "customer","Alias": "customer","Startup Cost": 0.00,"Total Cost": 5225.62,"Plan Rows": 729,"Plan Width": 26,"Actual Startup Time": 0.054,"Actual Total Time": 46.160,"Actual Rows": 6351,"Actual Loops": 3,"Filter": "((c_acctbal > $1) AND (SUBSTRING(c_phone FROM 1 FOR 2) = ANY ('{23,13,25,22,15,19,18}'::text[])))","Rows Removed by Filter": 43649,"Workers": []},{"Node Type": "Index Only Scan","Parent Relationship": "Inner","Parallel Aware": false,"Async Capable": false,"Scan Direction": "Forward","Index Name": "idx_orders_custkey","Relation Name": "orders","Alias": "orders","Startup Cost": 0.43,"Total Cost": 3.28,"Plan Rows": 17,"Plan Width": 4,"Actual Startup Time": 0.003,"Actual Total Time": 0.003,"Actual Rows": 1,"Actual Loops": 19054,"Index Cond": "(o_custkey = customer.c_custkey)","Rows Removed by Index Recheck": 0,"Heap Fetches": 0,"Workers": []}]}]}]}]}]},"Planning Time": 3.527,"Triggers": [],"Execution Time": 142.336}]
[{"Plan": {"Node Type": "Aggregate","Strategy": "Sorted","Partial Mode": "Finalize","Parallel Aware": false,"Async Capable": false,"Startup Cost": 12972.06,"Total Cost": 13071.37,"Plan Rows": 744,"Plan Width": 72,"Actual Startup Time": 140.226,"Actual Total Time": 143.746,"Actual Rows": 7,"Actual Loops": 1,"Group Key": ["(SUBSTRING(customer.c_phone FROM 1 FOR 2))"],"Plans": [{"Node Type": "Aggregate","Strategy": "Plain","Partial Mode": "Finalize","Parent Relationship": "InitPlan","Subplan Name": "InitPlan 1 (returns $1)","Parallel Aware": false,"Async Capable": false,"Startup Cost": 6230.83,"Total Cost": 6230.84,"Plan Rows": 1,"Plan Width": 32,"Actual Startup Time": 62.469,"Actual Total Time": 62.629,"Actual Rows": 1,"Actual Loops": 1,"Plans": [{"Node Type": "Gather","Parent Relationship": "Outer","Parallel Aware": false,"Async Capable": false,"Startup Cost": 6230.61,"Total Cost": 6230.82,"Plan Rows": 2,"Plan Width": 32,"Actual Startup Time": 62.390,"Actual Total Time": 62.614,"Actual Rows": 3,"Actual Loops": 1,"Workers Planned": 2,"Workers Launched": 2,"Single Copy": false,"Plans": [{"Node Type": "Aggregate","Strategy": "Plain","Partial Mode": "Partial","Parent Relationship": "Outer","Parallel Aware": false,"Async Capable": false,"Startup Cost": 5230.61,"Total Cost": 5230.62,"Plan Rows": 1,"Plan Width": 32,"Actual Startup Time": 56.644,"Actual Total Time": 56.645,"Actual Rows": 1,"Actual Loops": 3,"Workers": [],"Plans": [{"Node Type": "Seq Scan","Parent Relationship": "Outer","Parallel Aware": true,"Async Capable": false,"Relation Name": "customer","Alias": "customer_1","Startup Cost": 0.00,"Total Cost": 5225.62,"Plan Rows": 1994,"Plan Width": 6,"Actual Startup Time": 0.056,"Actual Total Time": 55.598,"Actual Rows": 12856,"Actual Loops": 3,"Filter": "((c_acctbal > 0.00) AND (SUBSTRING(c_phone FROM 1 FOR 2) = ANY ('{32,29,26,31,13,16,19}'::text[])))","Rows Removed by Filter": 37144,"Workers": []}]}]}]},{"Node Type": "Gather Merge","Parent Relationship": "Outer","Parallel Aware": false,"Async Capable": false,"Startup Cost": 6741.22,"Total Cost": 6821.30,"Plan Rows": 620,"Plan Width": 72,"Actual Startup Time": 140.120,"Actual Total Time": 143.545,"Actual Rows": 21,"Actual Loops": 1,"Workers Planned": 2,"Params Evaluated": ["$1"],"Workers Launched": 2,"Plans": [{"Node Type": "Aggregate","Strategy": "Sorted","Partial Mode": "Partial","Parent Relationship": "Outer","Parallel Aware": false,"Async Capable": false,"Startup Cost": 5741.19,"Total Cost": 5749.72,"Plan Rows": 310,"Plan Width": 72,"Actual Startup Time": 71.452,"Actual Total Time": 71.749,"Actual Rows": 7,"Actual Loops": 3,"Group Key": ["(SUBSTRING(customer.c_phone FROM 1 FOR 2))"],"Workers": [],"Plans": [{"Node Type": "Sort","Parent Relationship": "Outer","Parallel Aware": false,"Async Capable": false,"Startup Cost": 5741.19,"Total Cost": 5741.97,"Plan Rows": 310,"Plan Width": 38,"Actual Startup Time": 71.384,"Actual Total Time": 71.463,"Actual Rows": 2122,"Actual Loops": 3,"Sort Key": ["(SUBSTRING(customer.c_phone FROM 1 FOR 2))"],"Sort Method": "quicksort","Sort Space Used": 232,"Sort Space Type": "Memory","Workers": [{"Worker Number": 0,"Sort Method": "quicksort","Sort Space Used": 157,"Sort Space Type": "Memory"},{"Worker Number": 1,"Sort Method": "quicksort","Sort Space Used": 151,"Sort Space Type": "Memory"}],"Plans": [{"Node Type": "Nested Loop","Parent Relationship": "Outer","Parallel Aware": false,"Async Capable": false,"Join Type": "Anti","Startup Cost": 0.43,"Total Cost": 5728.36,"Plan Rows": 310,"Plan Width": 38,"Actual Startup Time": 0.164,"Actual Total Time": 70.642,"Actual Rows": 2122,"Actual Loops": 3,"Inner Unique": false,"Workers": [],"Plans": [{"Node Type": "Seq Scan","Parent Relationship": "Outer","Parallel Aware": true,"Async Capable": false,"Relation Name": "customer","Alias": "customer","Startup Cost": 0.00,"Total Cost": 5225.62,"Plan Rows": 729,"Plan Width": 26,"Actual Startup Time": 0.049,"Actual Total Time": 46.269,"Actual Rows": 6428,"Actual Loops": 3,"Filter": "((c_acctbal > $1) AND (SUBSTRING(c_phone FROM 1 FOR 2) = ANY ('{32,29,26,31,13,16,19}'::text[])))","Rows Removed by Filter": 43572,"Workers": []},{"Node Type": "Index Only Scan","Parent Relationship": "Inner","Parallel Aware": false,"Async Capable": false,"Scan Direction": "Forward","Index Name": "idx_orders_custkey","Relation Name": "orders","Alias": "orders","Startup Cost": 0.43,"Total Cost": 3.28,"Plan Rows": 17,"Plan Width": 4,"Actual Startup Time": 0.003,"Actual Total Time": 0.003,"Actual Rows": 1,"Actual Loops": 19283,"Index Cond": "(o_custkey = customer.c_custkey)","Rows Removed by Index Recheck": 0,"Heap Fetches": 0,"Workers": []}]}]}]}]}]},"Planning Time": 4.645,"Triggers": [],"Execution Time": 144.018}]
[{"Plan": {"Node Type": "Aggregate","Strategy": "Sorted","Partial Mode": "Finalize","Parallel Aware": false,"Async Capable": false,"Startup Cost": 12972.06,"Total Cost": 13071.37,"Plan Rows": 744,"Plan Width": 72,"Actual Startup Time": 138.569,"Actual Total Time": 141.758,"Actual Rows": 7,"Actual Loops": 1,"Group Key": ["(SUBSTRING(customer.c_phone FROM 1 FOR 2))"],"Plans": [{"Node Type": "Aggregate","Strategy": "Plain","Partial Mode": "Finalize","Parent Relationship": "InitPlan","Subplan Name": "InitPlan 1 (returns $1)","Parallel Aware": false,"Async Capable": false,"Startup Cost": 6230.83,"Total Cost": 6230.84,"Plan Rows": 1,"Plan Width": 32,"Actual Startup Time": 61.181,"Actual Total Time": 61.329,"Actual Rows": 1,"Actual Loops": 1,"Plans": [{"Node Type": "Gather","Parent Relationship": "Outer","Parallel Aware": false,"Async Capable": false,"Startup Cost": 6230.61,"Total Cost": 6230.82,"Plan Rows": 2,"Plan Width": 32,"Actual Startup Time": 61.100,"Actual Total Time": 61.316,"Actual Rows": 3,"Actual Loops": 1,"Workers Planned": 2,"Workers Launched": 2,"Single Copy": false,"Plans": [{"Node Type": "Aggregate","Strategy": "Plain","Partial Mode": "Partial","Parent Relationship": "Outer","Parallel Aware": false,"Async Capable": false,"Startup Cost": 5230.61,"Total Cost": 5230.62,"Plan Rows": 1,"Plan Width": 32,"Actual Startup Time": 55.294,"Actual Total Time": 55.295,"Actual Rows": 1,"Actual Loops": 3,"Workers": [],"Plans": [{"Node Type": "Seq Scan","Parent Relationship": "Outer","Parallel Aware": true,"Async Capable": false,"Relation Name": "customer","Alias": "customer_1","Startup Cost": 0.00,"Total Cost": 5225.62,"Plan Rows": 1994,"Plan Width": 6,"Actual Startup Time": 0.043,"Actual Total Time": 54.188,"Actual Rows": 12692,"Actual Loops": 3,"Filter": "((c_acctbal > 0.00) AND (SUBSTRING(c_phone FROM 1 FOR 2) = ANY ('{21,34,26,25,11,14,33}'::text[])))","Rows Removed by Filter": 37308,"Workers": []}]}]}]},{"Node Type": "Gather Merge","Parent Relationship": "Outer","Parallel Aware": false,"Async Capable": false,"Startup Cost": 6741.22,"Total Cost": 6821.30,"Plan Rows": 620,"Plan Width": 72,"Actual Startup Time": 138.459,"Actual Total Time": 141.561,"Actual Rows": 21,"Actual Loops": 1,"Workers Planned": 2,"Params Evaluated": ["$1"],"Workers Launched": 2,"Plans": [{"Node Type": "Aggregate","Strategy": "Sorted","Partial Mode": "Partial","Parent Relationship": "Outer","Parallel Aware": false,"Async Capable": false,"Startup Cost": 5741.19,"Total Cost": 5749.72,"Plan Rows": 310,"Plan Width": 72,"Actual Startup Time": 70.886,"Actual Total Time": 71.182,"Actual Rows": 7,"Actual Loops": 3,"Group Key": ["(SUBSTRING(customer.c_phone FROM 1 FOR 2))"],"Workers": [],"Plans": [{"Node Type": "Sort","Parent Relationship": "Outer","Parallel Aware": false,"Async Capable": false,"Startup Cost": 5741.19,"Total Cost": 5741.97,"Plan Rows": 310,"Plan Width": 38,"Actual Startup Time": 70.820,"Actual Total Time": 70.898,"Actual Rows": 2140,"Actual Loops": 3,"Sort Key": ["(SUBSTRING(customer.c_phone FROM 1 FOR 2))"],"Sort Method": "quicksort","Sort Space Used": 237,"Sort Space Type": "Memory","Workers": [{"Worker Number": 0,"Sort Method": "quicksort","Sort Space Used": 160,"Sort Space Type": "Memory"},{"Worker Number": 1,"Sort Method": "quicksort","Sort Space Used": 147,"Sort Space Type": "Memory"}],"Plans": [{"Node Type": "Nested Loop","Parent Relationship": "Outer","Parallel Aware": false,"Async Capable": false,"Join Type": "Anti","Startup Cost": 0.43,"Total Cost": 5728.36,"Plan Rows": 310,"Plan Width": 38,"Actual Startup Time": 0.171,"Actual Total Time": 70.021,"Actual Rows": 2140,"Actual Loops": 3,"Inner Unique": false,"Workers": [],"Plans": [{"Node Type": "Seq Scan","Parent Relationship": "Outer","Parallel Aware": true,"Async Capable": false,"Relation Name": "customer","Alias": "customer","Startup Cost": 0.00,"Total Cost": 5225.62,"Plan Rows": 729,"Plan Width": 26,"Actual Startup Time": 0.038,"Actual Total Time": 46.133,"Actual Rows": 6346,"Actual Loops": 3,"Filter": "((c_acctbal > $1) AND (SUBSTRING(c_phone FROM 1 FOR 2) = ANY ('{21,34,26,25,11,14,33}'::text[])))","Rows Removed by Filter": 43654,"Workers": []},{"Node Type": "Index Only Scan","Parent Relationship": "Inner","Parallel Aware": false,"Async Capable": false,"Scan Direction": "Forward","Index Name": "idx_orders_custkey","Relation Name": "orders","Alias": "orders","Startup Cost": 0.43,"Total Cost": 3.28,"Plan Rows": 17,"Plan Width": 4,"Actual Startup Time": 0.003,"Actual Total Time": 0.003,"Actual Rows": 1,"Actual Loops": 19038,"Index Cond": "(o_custkey = customer.c_custkey)","Rows Removed by Index Recheck": 0,"Heap Fetches": 0,"Workers": []}]}]}]}]}]},"Planning Time": 3.706,"Triggers": [],"Execution Time": 142.167}]
[{"Plan": {"Node Type": "Aggregate","Strategy": "Sorted","Partial Mode": "Finalize","Parallel Aware": false,"Async Capable": false,"Startup Cost": 12972.06,"Total Cost": 13071.37,"Plan Rows": 744,"Plan Width": 72,"Actual Startup Time": 130.673,"Actual Total Time": 135.173,"Actual Rows": 7,"Actual Loops": 1,"Group Key": ["(SUBSTRING(customer.c_phone FROM 1 FOR 2))"],"Plans": [{"Node Type": "Aggregate","Strategy": "Plain","Partial Mode": "Finalize","Parent Relationship": "InitPlan","Subplan Name": "InitPlan 1 (returns $1)","Parallel Aware": false,"Async Capable": false,"Startup Cost": 6230.83,"Total Cost": 6230.84,"Plan Rows": 1,"Plan Width": 32,"Actual Startup Time": 59.719,"Actual Total Time": 59.899,"Actual Rows": 1,"Actual Loops": 1,"Plans": [{"Node Type": "Gather","Parent Relationship": "Outer","Parallel Aware": false,"Async Capable": false,"Startup Cost": 6230.61,"Total Cost": 6230.82,"Plan Rows": 2,"Plan Width": 32,"Actual Startup Time": 59.666,"Actual Total Time": 59.888,"Actual Rows": 3,"Actual Loops": 1,"Workers Planned": 2,"Workers Launched": 2,"Single Copy": false,"Plans": [{"Node Type": "Aggregate","Strategy": "Plain","Partial Mode": "Partial","Parent Relationship": "Outer","Parallel Aware": false,"Async Capable": false,"Startup Cost": 5230.61,"Total Cost": 5230.62,"Plan Rows": 1,"Plan Width": 32,"Actual Startup Time": 53.596,"Actual Total Time": 53.597,"Actual Rows": 1,"Actual Loops": 3,"Workers": [],"Plans": [{"Node Type": "Seq Scan","Parent Relationship": "Outer","Parallel Aware": true,"Async Capable": false,"Relation Name": "customer","Alias": "customer_1","Startup Cost": 0.00,"Total Cost": 5225.62,"Plan Rows": 1994,"Plan Width": 6,"Actual Startup Time": 0.069,"Actual Total Time": 52.543,"Actual Rows": 12740,"Actual Loops": 3,"Filter": "((c_acctbal > 0.00) AND (SUBSTRING(c_phone FROM 1 FOR 2) = ANY ('{29,26,24,20,12,11,28}'::text[])))","Rows Removed by Filter": 37260,"Workers": []}]}]}]},{"Node Type": "Gather Merge","Parent Relationship": "Outer","Parallel Aware": false,"Async Capable": false,"Startup Cost": 6741.22,"Total Cost": 6821.30,"Plan Rows": 620,"Plan Width": 72,"Actual Startup Time": 130.592,"Actual Total Time": 134.956,"Actual Rows": 21,"Actual Loops": 1,"Workers Planned": 2,"Params Evaluated": ["$1"],"Workers Launched": 2,"Plans": [{"Node Type": "Aggregate","Strategy": "Sorted","Partial Mode": "Partial","Parent Relationship": "Outer","Parallel Aware": false,"Async Capable": false,"Startup Cost": 5741.19,"Total Cost": 5749.72,"Plan Rows": 310,"Plan Width": 72,"Actual Startup Time": 64.272,"Actual Total Time": 64.570,"Actual Rows": 7,"Actual Loops": 3,"Group Key": ["(SUBSTRING(customer.c_phone FROM 1 FOR 2))"],"Workers": [],"Plans": [{"Node Type": "Sort","Parent Relationship": "Outer","Parallel Aware": false,"Async Capable": false,"Startup Cost": 5741.19,"Total Cost": 5741.97,"Plan Rows": 310,"Plan Width": 38,"Actual Startup Time": 64.201,"Actual Total Time": 64.287,"Actual Rows": 2103,"Actual Loops": 3,"Sort Key": ["(SUBSTRING(customer.c_phone FROM 1 FOR 2))"],"Sort Method": "quicksort","Sort Space Used": 229,"Sort Space Type": "Memory","Workers": [{"Worker Number": 0,"Sort Method": "quicksort","Sort Space Used": 154,"Sort Space Type": "Memory"},{"Worker Number": 1,"Sort Method": "quicksort","Sort Space Used": 155,"Sort Space Type": "Memory"}],"Plans": [{"Node Type": "Nested Loop","Parent Relationship": "Outer","Parallel Aware": false,"Async Capable": false,"Join Type": "Anti","Startup Cost": 0.43,"Total Cost": 5728.36,"Plan Rows": 310,"Plan Width": 38,"Actual Startup Time": 0.151,"Actual Total Time": 63.391,"Actual Rows": 2103,"Actual Loops": 3,"Inner Unique": false,"Workers": [],"Plans": [{"Node Type": "Seq Scan","Parent Relationship": "Outer","Parallel Aware": true,"Async Capable": false,"Relation Name": "customer","Alias": "customer","Startup Cost": 0.00,"Total Cost": 5225.62,"Plan Rows": 729,"Plan Width": 26,"Actual Startup Time": 0.027,"Actual Total Time": 41.855,"Actual Rows": 6376,"Actual Loops": 3,"Filter": "((c_acctbal > $1) AND (SUBSTRING(c_phone FROM 1 FOR 2) = ANY ('{29,26,24,20,12,11,28}'::text[])))","Rows Removed by Filter": 43624,"Workers": []},{"Node Type": "Index Only Scan","Parent Relationship": "Inner","Parallel Aware": false,"Async Capable": false,"Scan Direction": "Forward","Index Name": "idx_orders_custkey","Relation Name": "orders","Alias": "orders","Startup Cost": 0.43,"Total Cost": 3.28,"Plan Rows": 17,"Plan Width": 4,"Actual Startup Time": 0.003,"Actual Total Time": 0.003,"Actual Rows": 1,"Actual Loops": 19129,"Index Cond": "(o_custkey = customer.c_custkey)","Rows Removed by Index Recheck": 0,"Heap Fetches": 0,"Workers": []}]}]}]}]}]},"Planning Time": 3.618,"Triggers": [],"Execution Time": 135.500}]
[{"Plan": {"Node Type": "Aggregate","Strategy": "Sorted","Partial Mode": "Finalize","Parallel Aware": false,"Async Capable": false,"Startup Cost": 12972.06,"Total Cost": 13071.37,"Plan Rows": 744,"Plan Width": 72,"Actual Startup Time": 137.633,"Actual Total Time": 141.178,"Actual Rows": 7,"Actual Loops": 1,"Group Key": ["(SUBSTRING(customer.c_phone FROM 1 FOR 2))"],"Plans": [{"Node Type": "Aggregate","Strategy": "Plain","Partial Mode": "Finalize","Parent Relationship": "InitPlan","Subplan Name": "InitPlan 1 (returns $1)","Parallel Aware": false,"Async Capable": false,"Startup Cost": 6230.83,"Total Cost": 6230.84,"Plan Rows": 1,"Plan Width": 32,"Actual Startup Time": 60.968,"Actual Total Time": 61.129,"Actual Rows": 1,"Actual Loops": 1,"Plans": [{"Node Type": "Gather","Parent Relationship": "Outer","Parallel Aware": false,"Async Capable": false,"Startup Cost": 6230.61,"Total Cost": 6230.82,"Plan Rows": 2,"Plan Width": 32,"Actual Startup Time": 60.927,"Actual Total Time": 61.114,"Actual Rows": 3,"Actual Loops": 1,"Workers Planned": 2,"Workers Launched": 2,"Single Copy": false,"Plans": [{"Node Type": "Aggregate","Strategy": "Plain","Partial Mode": "Partial","Parent Relationship": "Outer","Parallel Aware": false,"Async Capable": false,"Startup Cost": 5230.61,"Total Cost": 5230.62,"Plan Rows": 1,"Plan Width": 32,"Actual Startup Time": 55.327,"Actual Total Time": 55.328,"Actual Rows": 1,"Actual Loops": 3,"Workers": [],"Plans": [{"Node Type": "Seq Scan","Parent Relationship": "Outer","Parallel Aware": true,"Async Capable": false,"Relation Name": "customer","Alias": "customer_1","Startup Cost": 0.00,"Total Cost": 5225.62,"Plan Rows": 1994,"Plan Width": 6,"Actual Startup Time": 0.046,"Actual Total Time": 54.244,"Actual Rows": 12700,"Actual Loops": 3,"Filter": "((c_acctbal > 0.00) AND (SUBSTRING(c_phone FROM 1 FOR 2) = ANY ('{29,10,34,27,14,12,22}'::text[])))","Rows Removed by Filter": 37300,"Workers": []}]}]}]},{"Node Type": "Gather Merge","Parent Relationship": "Outer","Parallel Aware": false,"Async Capable": false,"Startup Cost": 6741.22,"Total Cost": 6821.30,"Plan Rows": 620,"Plan Width": 72,"Actual Startup Time": 137.543,"Actual Total Time": 140.968,"Actual Rows": 21,"Actual Loops": 1,"Workers Planned": 2,"Params Evaluated": ["$1"],"Workers Launched": 2,"Plans": [{"Node Type": "Aggregate","Strategy": "Sorted","Partial Mode": "Partial","Parent Relationship": "Outer","Parallel Aware": false,"Async Capable": false,"Startup Cost": 5741.19,"Total Cost": 5749.72,"Plan Rows": 310,"Plan Width": 72,"Actual Startup Time": 70.260,"Actual Total Time": 70.553,"Actual Rows": 7,"Actual Loops": 3,"Group Key": ["(SUBSTRING(customer.c_phone FROM 1 FOR 2))"],"Workers": [],"Plans": [{"Node Type": "Sort","Parent Relationship": "Outer","Parallel Aware": false,"Async Capable": false,"Startup Cost": 5741.19,"Total Cost": 5741.97,"Plan Rows": 310,"Plan Width": 38,"Actual Startup Time": 70.199,"Actual Total Time": 70.276,"Actual Rows": 2119,"Actual Loops": 3,"Sort Key": ["(SUBSTRING(customer.c_phone FROM 1 FOR 2))"],"Sort Method": "quicksort","Sort Space Used": 232,"Sort Space Type": "Memory","Workers": [{"Worker Number": 0,"Sort Method": "quicksort","Sort Space Used": 157,"Sort Space Type": "Memory"},{"Worker Number": 1,"Sort Method": "quicksort","Sort Space Used": 152,"Sort Space Type": "Memory"}],"Plans": [{"Node Type": "Nested Loop","Parent Relationship": "Outer","Parallel Aware": false,"Async Capable": false,"Join Type": "Anti","Startup Cost": 0.43,"Total Cost": 5728.36,"Plan Rows": 310,"Plan Width": 38,"Actual Startup Time": 0.143,"Actual Total Time": 69.408,"Actual Rows": 2119,"Actual Loops": 3,"Inner Unique": false,"Workers": [],"Plans": [{"Node Type": "Seq Scan","Parent Relationship": "Outer","Parallel Aware": true,"Async Capable": false,"Relation Name": "customer","Alias": "customer","Startup Cost": 0.00,"Total Cost": 5225.62,"Plan Rows": 729,"Plan Width": 26,"Actual Startup Time": 0.040,"Actual Total Time": 45.662,"Actual Rows": 6333,"Actual Loops": 3,"Filter": "((c_acctbal > $1) AND (SUBSTRING(c_phone FROM 1 FOR 2) = ANY ('{29,10,34,27,14,12,22}'::text[])))","Rows Removed by Filter": 43667,"Workers": []},{"Node Type": "Index Only Scan","Parent Relationship": "Inner","Parallel Aware": false,"Async Capable": false,"Scan Direction": "Forward","Index Name": "idx_orders_custkey","Relation Name": "orders","Alias": "orders","Startup Cost": 0.43,"Total Cost": 3.28,"Plan Rows": 17,"Plan Width": 4,"Actual Startup Time": 0.003,"Actual Total Time": 0.003,"Actual Rows": 1,"Actual Loops": 19000,"Index Cond": "(o_custkey = customer.c_custkey)","Rows Removed by Index Recheck": 0,"Heap Fetches": 0,"Workers": []}]}]}]}]}]},"Planning Time": 3.680,"Triggers": [],"Execution Time": 141.450}]
[{"Plan": {"Node Type": "Aggregate","Strategy": "Sorted","Partial Mode": "Finalize","Parallel Aware": false,"Async Capable": false,"Startup Cost": 12972.06,"Total Cost": 13071.37,"Plan Rows": 744,"Plan Width": 72,"Actual Startup Time": 138.480,"Actual Total Time": 141.965,"Actual Rows": 7,"Actual Loops": 1,"Group Key": ["(SUBSTRING(customer.c_phone FROM 1 FOR 2))"],"Plans": [{"Node Type": "Aggregate","Strategy": "Plain","Partial Mode": "Finalize","Parent Relationship": "InitPlan","Subplan Name": "InitPlan 1 (returns $1)","Parallel Aware": false,"Async Capable": false,"Startup Cost": 6230.83,"Total Cost": 6230.84,"Plan Rows": 1,"Plan Width": 32,"Actual Startup Time": 61.728,"Actual Total Time": 61.887,"Actual Rows": 1,"Actual Loops": 1,"Plans": [{"Node Type": "Gather","Parent Relationship": "Outer","Parallel Aware": false,"Async Capable": false,"Startup Cost": 6230.61,"Total Cost": 6230.82,"Plan Rows": 2,"Plan Width": 32,"Actual Startup Time": 61.656,"Actual Total Time": 61.869,"Actual Rows": 3,"Actual Loops": 1,"Workers Planned": 2,"Workers Launched": 2,"Single Copy": false,"Plans": [{"Node Type": "Aggregate","Strategy": "Plain","Partial Mode": "Partial","Parent Relationship": "Outer","Parallel Aware": false,"Async Capable": false,"Startup Cost": 5230.61,"Total Cost": 5230.62,"Plan Rows": 1,"Plan Width": 32,"Actual Startup Time": 55.996,"Actual Total Time": 55.997,"Actual Rows": 1,"Actual Loops": 3,"Workers": [],"Plans": [{"Node Type": "Seq Scan","Parent Relationship": "Outer","Parallel Aware": true,"Async Capable": false,"Relation Name": "customer","Alias": "customer_1","Startup Cost": 0.00,"Total Cost": 5225.62,"Plan Rows": 1994,"Plan Width": 6,"Actual Startup Time": 0.058,"Actual Total Time": 54.957,"Actual Rows": 12653,"Actual Loops": 3,"Filter": "((c_acctbal > 0.00) AND (SUBSTRING(c_phone FROM 1 FOR 2) = ANY ('{17,24,27,32,34,30,15}'::text[])))","Rows Removed by Filter": 37347,"Workers": []}]}]}]},{"Node Type": "Gather Merge","Parent Relationship": "Outer","Parallel Aware": false,"Async Capable": false,"Startup Cost": 6741.22,"Total Cost": 6821.30,"Plan Rows": 620,"Plan Width": 72,"Actual Startup Time": 138.362,"Actual Total Time": 141.742,"Actual Rows": 21,"Actual Loops": 1,"Workers Planned": 2,"Params Evaluated": ["$1"],"Workers Launched": 2,"Plans": [{"Node Type": "Aggregate","Strategy": "Sorted","Partial Mode": "Partial","Parent Relationship": "Outer","Parallel Aware": false,"Async Capable": false,"Startup Cost": 5741.19,"Total Cost": 5749.72,"Plan Rows": 310,"Plan Width": 72,"Actual Startup Time": 70.216,"Actual Total Time": 70.506,"Actual Rows": 7,"Actual Loops": 3,"Group Key": ["(SUBSTRING(customer.c_phone FROM 1 FOR 2))"],"Workers": [],"Plans": [{"Node Type": "Sort","Parent Relationship": "Outer","Parallel Aware": false,"Async Capable": false,"Startup Cost": 5741.19,"Total Cost": 5741.97,"Plan Rows": 310,"Plan Width": 38,"Actual Startup Time": 70.147,"Actual Total Time": 70.224,"Actual Rows": 2107,"Actual Loops": 3,"Sort Key": ["(SUBSTRING(customer.c_phone FROM 1 FOR 2))"],"Sort Method": "quicksort","Sort Space Used": 232,"Sort Space Type": "Memory","Workers": [{"Worker Number": 0,"Sort Method": "quicksort","Sort Space Used": 157,"Sort Space Type": "Memory"},{"Worker Number": 1,"Sort Method": "quicksort","Sort Space Used": 150,"Sort Space Type": "Memory"}],"Plans": [{"Node Type": "Nested Loop","Parent Relationship": "Outer","Parallel Aware": false,"Async Capable": false,"Join Type": "Anti","Startup Cost": 0.43,"Total Cost": 5728.36,"Plan Rows": 310,"Plan Width": 38,"Actual Startup Time": 0.186,"Actual Total Time": 69.410,"Actual Rows": 2107,"Actual Loops": 3,"Inner Unique": false,"Workers": [],"Plans": [{"Node Type": "Seq Scan","Parent Relationship": "Outer","Parallel Aware": true,"Async Capable": false,"Relation Name": "customer","Alias": "customer","Startup Cost": 0.00,"Total Cost": 5225.62,"Plan Rows": 729,"Plan Width": 26,"Actual Startup Time": 0.034,"Actual Total Time": 45.714,"Actual Rows": 6313,"Actual Loops": 3,"Filter": "((c_acctbal > $1) AND (SUBSTRING(c_phone FROM 1 FOR 2) = ANY ('{17,24,27,32,34,30,15}'::text[])))","Rows Removed by Filter": 43687,"Workers": []},{"Node Type": "Index Only Scan","Parent Relationship": "Inner","Parallel Aware": false,"Async Capable": false,"Scan Direction": "Forward","Index Name": "idx_orders_custkey","Relation Name": "orders","Alias": "orders","Startup Cost": 0.43,"Total Cost": 3.28,"Plan Rows": 17,"Plan Width": 4,"Actual Startup Time": 0.003,"Actual Total Time": 0.003,"Actual Rows": 1,"Actual Loops": 18940,"Index Cond": "(o_custkey = customer.c_custkey)","Rows Removed by Index Recheck": 0,"Heap Fetches": 0,"Workers": []}]}]}]}]}]},"Planning Time": 4.364,"Triggers": [],"Execution Time": 142.240}]
[{"Plan": {"Node Type": "Aggregate","Strategy": "Sorted","Partial Mode": "Finalize","Parallel Aware": false,"Async Capable": false,"Startup Cost": 12972.06,"Total Cost": 13071.37,"Plan Rows": 744,"Plan Width": 72,"Actual Startup Time": 134.983,"Actual Total Time": 138.335,"Actual Rows": 7,"Actual Loops": 1,"Group Key": ["(SUBSTRING(customer.c_phone FROM 1 FOR 2))"],"Plans": [{"Node Type": "Aggregate","Strategy": "Plain","Partial Mode": "Finalize","Parent Relationship": "InitPlan","Subplan Name": "InitPlan 1 (returns $1)","Parallel Aware": false,"Async Capable": false,"Startup Cost": 6230.83,"Total Cost": 6230.84,"Plan Rows": 1,"Plan Width": 32,"Actual Startup Time": 60.337,"Actual Total Time": 60.479,"Actual Rows": 1,"Actual Loops": 1,"Plans": [{"Node Type": "Gather","Parent Relationship": "Outer","Parallel Aware": false,"Async Capable": false,"Startup Cost": 6230.61,"Total Cost": 6230.82,"Plan Rows": 2,"Plan Width": 32,"Actual Startup Time": 60.282,"Actual Total Time": 60.468,"Actual Rows": 3,"Actual Loops": 1,"Workers Planned": 2,"Workers Launched": 2,"Single Copy": false,"Plans": [{"Node Type": "Aggregate","Strategy": "Plain","Partial Mode": "Partial","Parent Relationship": "Outer","Parallel Aware": false,"Async Capable": false,"Startup Cost": 5230.61,"Total Cost": 5230.62,"Plan Rows": 1,"Plan Width": 32,"Actual Startup Time": 54.148,"Actual Total Time": 54.149,"Actual Rows": 1,"Actual Loops": 3,"Workers": [],"Plans": [{"Node Type": "Seq Scan","Parent Relationship": "Outer","Parallel Aware": true,"Async Capable": false,"Relation Name": "customer","Alias": "customer_1","Startup Cost": 0.00,"Total Cost": 5225.62,"Plan Rows": 1994,"Plan Width": 6,"Actual Startup Time": 0.065,"Actual Total Time": 53.073,"Actual Rows": 12678,"Actual Loops": 3,"Filter": "((c_acctbal > 0.00) AND (SUBSTRING(c_phone FROM 1 FOR 2) = ANY ('{20,25,31,23,21,17,24}'::text[])))","Rows Removed by Filter": 37322,"Workers": []}]}]}]},{"Node Type": "Gather Merge","Parent Relationship": "Outer","Parallel Aware": false,"Async Capable": false,"Startup Cost": 6741.22,"Total Cost": 6821.30,"Plan Rows": 620,"Plan Width": 72,"Actual Startup Time": 134.848,"Actual Total Time": 138.132,"Actual Rows": 21,"Actual Loops": 1,"Workers Planned": 2,"Params Evaluated": ["$1"],"Workers Launched": 2,"Plans": [{"Node Type": "Aggregate","Strategy": "Sorted","Partial Mode": "Partial","Parent Relationship": "Outer","Parallel Aware": false,"Async Capable": false,"Startup Cost": 5741.19,"Total Cost": 5749.72,"Plan Rows": 310,"Plan Width": 72,"Actual Startup Time": 68.076,"Actual Total Time": 68.376,"Actual Rows": 7,"Actual Loops": 3,"Group Key": ["(SUBSTRING(customer.c_phone FROM 1 FOR 2))"],"Workers": [],"Plans": [{"Node Type": "Sort","Parent Relationship": "Outer","Parallel Aware": false,"Async Capable": false,"Startup Cost": 5741.19,"Total Cost": 5741.97,"Plan Rows": 310,"Plan Width": 38,"Actual Startup Time": 68.011,"Actual Total Time": 68.092,"Actual Rows": 2118,"Actual Loops": 3,"Sort Key": ["(SUBSTRING(customer.c_phone FROM 1 FOR 2))"],"Sort Method": "quicksort","Sort Space Used": 235,"Sort Space Type": "Memory","Workers": [{"Worker Number": 0,"Sort Method": "quicksort","Sort Space Used": 152,"Sort Space Type": "Memory"},{"Worker Number": 1,"Sort Method": "quicksort","Sort Space Used": 154,"Sort Space Type": "Memory"}],"Plans": [{"Node Type": "Nested Loop","Parent Relationship": "Outer","Parallel Aware": false,"Async Capable": false,"Join Type": "Anti","Startup Cost": 0.43,"Total Cost": 5728.36,"Plan Rows": 310,"Plan Width": 38,"Actual Startup Time": 0.187,"Actual Total Time": 67.243,"Actual Rows": 2118,"Actual Loops": 3,"Inner Unique": false,"Workers": [],"Plans": [{"Node Type": "Seq Scan","Parent Relationship": "Outer","Parallel Aware": true,"Async Capable": false,"Relation Name": "customer","Alias": "customer","Startup Cost": 0.00,"Total Cost": 5225.62,"Plan Rows": 729,"Plan Width": 26,"Actual Startup Time": 0.053,"Actual Total Time": 43.758,"Actual Rows": 6338,"Actual Loops": 3,"Filter": "((c_acctbal > $1) AND (SUBSTRING(c_phone FROM 1 FOR 2) = ANY ('{20,25,31,23,21,17,24}'::text[])))","Rows Removed by Filter": 43662,"Workers": []},{"Node Type": "Index Only Scan","Parent Relationship": "Inner","Parallel Aware": false,"Async Capable": false,"Scan Direction": "Forward","Index Name": "idx_orders_custkey","Relation Name": "orders","Alias": "orders","Startup Cost": 0.43,"Total Cost": 3.28,"Plan Rows": 17,"Plan Width": 4,"Actual Startup Time": 0.003,"Actual Total Time": 0.003,"Actual Rows": 1,"Actual Loops": 19013,"Index Cond": "(o_custkey = customer.c_custkey)","Rows Removed by Index Recheck": 0,"Heap Fetches": 0,"Workers": []}]}]}]}]}]},"Planning Time": 3.445,"Triggers": [],"Execution Time": 138.655}]
[{"Plan": {"Node Type": "Aggregate","Strategy": "Sorted","Partial Mode": "Finalize","Parallel Aware": false,"Async Capable": false,"Startup Cost": 12972.06,"Total Cost": 13071.37,"Plan Rows": 744,"Plan Width": 72,"Actual Startup Time": 135.295,"Actual Total Time": 139.151,"Actual Rows": 7,"Actual Loops": 1,"Group Key": ["(SUBSTRING(customer.c_phone FROM 1 FOR 2))"],"Plans": [{"Node Type": "Aggregate","Strategy": "Plain","Partial Mode": "Finalize","Parent Relationship": "InitPlan","Subplan Name": "InitPlan 1 (returns $1)","Parallel Aware": false,"Async Capable": false,"Startup Cost": 6230.83,"Total Cost": 6230.84,"Plan Rows": 1,"Plan Width": 32,"Actual Startup Time": 58.809,"Actual Total Time": 59.051,"Actual Rows": 1,"Actual Loops": 1,"Plans": [{"Node Type": "Gather","Parent Relationship": "Outer","Parallel Aware": false,"Async Capable": false,"Startup Cost": 6230.61,"Total Cost": 6230.82,"Plan Rows": 2,"Plan Width": 32,"Actual Startup Time": 58.710,"Actual Total Time": 59.026,"Actual Rows": 3,"Actual Loops": 1,"Workers Planned": 2,"Workers Launched": 2,"Single Copy": false,"Plans": [{"Node Type": "Aggregate","Strategy": "Plain","Partial Mode": "Partial","Parent Relationship": "Outer","Parallel Aware": false,"Async Capable": false,"Startup Cost": 5230.61,"Total Cost": 5230.62,"Plan Rows": 1,"Plan Width": 32,"Actual Startup Time": 52.915,"Actual Total Time": 52.916,"Actual Rows": 1,"Actual Loops": 3,"Workers": [],"Plans": [{"Node Type": "Seq Scan","Parent Relationship": "Outer","Parallel Aware": true,"Async Capable": false,"Relation Name": "customer","Alias": "customer_1","Startup Cost": 0.00,"Total Cost": 5225.62,"Plan Rows": 1994,"Plan Width": 6,"Actual Startup Time": 0.048,"Actual Total Time": 51.847,"Actual Rows": 12780,"Actual Loops": 3,"Filter": "((c_acctbal > 0.00) AND (SUBSTRING(c_phone FROM 1 FOR 2) = ANY ('{23,10,27,14,29,19,34}'::text[])))","Rows Removed by Filter": 37220,"Workers": []}]}]}]},{"Node Type": "Gather Merge","Parent Relationship": "Outer","Parallel Aware": false,"Async Capable": false,"Startup Cost": 6741.22,"Total Cost": 6821.30,"Plan Rows": 620,"Plan Width": 72,"Actual Startup Time": 135.051,"Actual Total Time": 138.839,"Actual Rows": 21,"Actual Loops": 1,"Workers Planned": 2,"Params Evaluated": ["$1"],"Workers Launched": 2,"Plans": [{"Node Type": "Aggregate","Strategy": "Sorted","Partial Mode": "Partial","Parent Relationship": "Outer","Parallel Aware": false,"Async Capable": false,"Startup Cost": 5741.19,"Total Cost": 5749.72,"Plan Rows": 310,"Plan Width": 72,"Actual Startup Time": 69.575,"Actual Total Time": 69.976,"Actual Rows": 7,"Actual Loops": 3,"Group Key": ["(SUBSTRING(customer.c_phone FROM 1 FOR 2))"],"Workers": [],"Plans": [{"Node Type": "Sort","Parent Relationship": "Outer","Parallel Aware": false,"Async Capable": false,"Startup Cost": 5741.19,"Total Cost": 5741.97,"Plan Rows": 310,"Plan Width": 38,"Actual Startup Time": 69.503,"Actual Total Time": 69.603,"Actual Rows": 2154,"Actual Loops": 3,"Sort Key": ["(SUBSTRING(customer.c_phone FROM 1 FOR 2))"],"Sort Method": "quicksort","Sort Space Used": 227,"Sort Space Type": "Memory","Workers": [{"Worker Number": 0,"Sort Method": "quicksort","Sort Space Used": 160,"Sort Space Type": "Memory"},{"Worker Number": 1,"Sort Method": "quicksort","Sort Space Used": 159,"Sort Space Type": "Memory"}],"Plans": [{"Node Type": "Nested Loop","Parent Relationship": "Outer","Parallel Aware": false,"Async Capable": false,"Join Type": "Anti","Startup Cost": 0.43,"Total Cost": 5728.36,"Plan Rows": 310,"Plan Width": 38,"Actual Startup Time": 0.165,"Actual Total Time": 68.720,"Actual Rows": 2154,"Actual Loops": 3,"Inner Unique": false,"Workers": [],"Plans": [{"Node Type": "Seq Scan","Parent Relationship": "Outer","Parallel Aware": true,"Async Capable": false,"Relation Name": "customer","Alias": "customer","Startup Cost": 0.00,"Total Cost": 5225.62,"Plan Rows": 729,"Plan Width": 26,"Actual Startup Time": 0.040,"Actual Total Time": 44.728,"Actual Rows": 6378,"Actual Loops": 3,"Filter": "((c_acctbal > $1) AND (SUBSTRING(c_phone FROM 1 FOR 2) = ANY ('{23,10,27,14,29,19,34}'::text[])))","Rows Removed by Filter": 43622,"Workers": []},{"Node Type": "Index Only Scan","Parent Relationship": "Inner","Parallel Aware": false,"Async Capable": false,"Scan Direction": "Forward","Index Name": "idx_orders_custkey","Relation Name": "orders","Alias": "orders","Startup Cost": 0.43,"Total Cost": 3.28,"Plan Rows": 17,"Plan Width": 4,"Actual Startup Time": 0.003,"Actual Total Time": 0.003,"Actual Rows": 1,"Actual Loops": 19133,"Index Cond": "(o_custkey = customer.c_custkey)","Rows Removed by Index Recheck": 0,"Heap Fetches": 0,"Workers": []}]}]}]}]}]},"Planning Time": 3.139,"Triggers": [],"Execution Time": 139.513}]
[{"Plan": {"Node Type": "Aggregate","Strategy": "Sorted","Partial Mode": "Finalize","Parallel Aware": false,"Async Capable": false,"Startup Cost": 12972.06,"Total Cost": 13071.37,"Plan Rows": 744,"Plan Width": 72,"Actual Startup Time": 133.866,"Actual Total Time": 137.388,"Actual Rows": 7,"Actual Loops": 1,"Group Key": ["(SUBSTRING(customer.c_phone FROM 1 FOR 2))"],"Plans": [{"Node Type": "Aggregate","Strategy": "Plain","Partial Mode": "Finalize","Parent Relationship": "InitPlan","Subplan Name": "InitPlan 1 (returns $1)","Parallel Aware": false,"Async Capable": false,"Startup Cost": 6230.83,"Total Cost": 6230.84,"Plan Rows": 1,"Plan Width": 32,"Actual Startup Time": 59.063,"Actual Total Time": 59.252,"Actual Rows": 1,"Actual Loops": 1,"Plans": [{"Node Type": "Gather","Parent Relationship": "Outer","Parallel Aware": false,"Async Capable": false,"Startup Cost": 6230.61,"Total Cost": 6230.82,"Plan Rows": 2,"Plan Width": 32,"Actual Startup Time": 58.991,"Actual Total Time": 59.239,"Actual Rows": 3,"Actual Loops": 1,"Workers Planned": 2,"Workers Launched": 2,"Single Copy": false,"Plans": [{"Node Type": "Aggregate","Strategy": "Plain","Partial Mode": "Partial","Parent Relationship": "Outer","Parallel Aware": false,"Async Capable": false,"Startup Cost": 5230.61,"Total Cost": 5230.62,"Plan Rows": 1,"Plan Width": 32,"Actual Startup Time": 53.000,"Actual Total Time": 53.001,"Actual Rows": 1,"Actual Loops": 3,"Workers": [],"Plans": [{"Node Type": "Seq Scan","Parent Relationship": "Outer","Parallel Aware": true,"Async Capable": false,"Relation Name": "customer","Alias": "customer_1","Startup Cost": 0.00,"Total Cost": 5225.62,"Plan Rows": 1994,"Plan Width": 6,"Actual Startup Time": 0.056,"Actual Total Time": 51.886,"Actual Rows": 12718,"Actual Loops": 3,"Filter": "((c_acctbal > 0.00) AND (SUBSTRING(c_phone FROM 1 FOR 2) = ANY ('{11,25,29,26,12,28,13}'::text[])))","Rows Removed by Filter": 37282,"Workers": []}]}]}]},{"Node Type": "Gather Merge","Parent Relationship": "Outer","Parallel Aware": false,"Async Capable": false,"Startup Cost": 6741.22,"Total Cost": 6821.30,"Plan Rows": 620,"Plan Width": 72,"Actual Startup Time": 133.749,"Actual Total Time": 137.143,"Actual Rows": 21,"Actual Loops": 1,"Workers Planned": 2,"Params Evaluated": ["$1"],"Workers Launched": 2,"Plans": [{"Node Type": "Aggregate","Strategy": "Sorted","Partial Mode": "Partial","Parent Relationship": "Outer","Parallel Aware": false,"Async Capable": false,"Startup Cost": 5741.19,"Total Cost": 5749.72,"Plan Rows": 310,"Plan Width": 72,"Actual Startup Time": 68.220,"Actual Total Time": 68.513,"Actual Rows": 7,"Actual Loops": 3,"Group Key": ["(SUBSTRING(customer.c_phone FROM 1 FOR 2))"],"Workers": [],"Plans": [{"Node Type": "Sort","Parent Relationship": "Outer","Parallel Aware": false,"Async Capable": false,"Startup Cost": 5741.19,"Total Cost": 5741.97,"Plan Rows": 310,"Plan Width": 38,"Actual Startup Time": 68.154,"Actual Total Time": 68.238,"Actual Rows": 2082,"Actual Loops": 3,"Sort Key": ["(SUBSTRING(customer.c_phone FROM 1 FOR 2))"],"Sort Method": "quicksort","Sort Space Used": 234,"Sort Space Type": "Memory","Workers": [{"Worker Number": 0,"Sort Method": "quicksort","Sort Space Used": 155,"Sort Space Type": "Memory"},{"Worker Number": 1,"Sort Method": "quicksort","Sort Space Used": 145,"Sort Space Type": "Memory"}],"Plans": [{"Node Type": "Nested Loop","Parent Relationship": "Outer","Parallel Aware": false,"Async Capable": false,"Join Type": "Anti","Startup Cost": 0.43,"Total Cost": 5728.36,"Plan Rows": 310,"Plan Width": 38,"Actual Startup Time": 0.140,"Actual Total Time": 67.404,"Actual Rows": 2082,"Actual Loops": 3,"Inner Unique": false,"Workers": [],"Plans": [{"Node Type": "Seq Scan","Parent Relationship": "Outer","Parallel Aware": true,"Async Capable": false,"Relation Name": "customer","Alias": "customer","Startup Cost": 0.00,"Total Cost": 5225.62,"Plan Rows": 729,"Plan Width": 26,"Actual Startup Time": 0.040,"Actual Total Time": 44.464,"Actual Rows": 6331,"Actual Loops": 3,"Filter": "((c_acctbal > $1) AND (SUBSTRING(c_phone FROM 1 FOR 2) = ANY ('{11,25,29,26,12,28,13}'::text[])))","Rows Removed by Filter": 43669,"Workers": []},{"Node Type": "Index Only Scan","Parent Relationship": "Inner","Parallel Aware": false,"Async Capable": false,"Scan Direction": "Forward","Index Name": "idx_orders_custkey","Relation Name": "orders","Alias": "orders","Startup Cost": 0.43,"Total Cost": 3.28,"Plan Rows": 17,"Plan Width": 4,"Actual Startup Time": 0.003,"Actual Total Time": 0.003,"Actual Rows": 1,"Actual Loops": 18992,"Index Cond": "(o_custkey = customer.c_custkey)","Rows Removed by Index Recheck": 0,"Heap Fetches": 0,"Workers": []}]}]}]}]}]},"Planning Time": 3.573,"Triggers": [],"Execution Time": 137.769}]
[{"Plan": {"Node Type": "Aggregate","Strategy": "Sorted","Partial Mode": "Finalize","Parallel Aware": false,"Async Capable": false,"Startup Cost": 12972.06,"Total Cost": 13071.37,"Plan Rows": 744,"Plan Width": 72,"Actual Startup Time": 135.509,"Actual Total Time": 138.944,"Actual Rows": 7,"Actual Loops": 1,"Group Key": ["(SUBSTRING(customer.c_phone FROM 1 FOR 2))"],"Plans": [{"Node Type": "Aggregate","Strategy": "Plain","Partial Mode": "Finalize","Parent Relationship": "InitPlan","Subplan Name": "InitPlan 1 (returns $1)","Parallel Aware": false,"Async Capable": false,"Startup Cost": 6230.83,"Total Cost": 6230.84,"Plan Rows": 1,"Plan Width": 32,"Actual Startup Time": 59.668,"Actual Total Time": 59.837,"Actual Rows": 1,"Actual Loops": 1,"Plans": [{"Node Type": "Gather","Parent Relationship": "Outer","Parallel Aware": false,"Async Capable": false,"Startup Cost": 6230.61,"Total Cost": 6230.82,"Plan Rows": 2,"Plan Width": 32,"Actual Startup Time": 59.588,"Actual Total Time": 59.825,"Actual Rows": 3,"Actual Loops": 1,"Workers Planned": 2,"Workers Launched": 2,"Single Copy": false,"Plans": [{"Node Type": "Aggregate","Strategy": "Plain","Partial Mode": "Partial","Parent Relationship": "Outer","Parallel Aware": false,"Async Capable": false,"Startup Cost": 5230.61,"Total Cost": 5230.62,"Plan Rows": 1,"Plan Width": 32,"Actual Startup Time": 53.400,"Actual Total Time": 53.402,"Actual Rows": 1,"Actual Loops": 3,"Workers": [],"Plans": [{"Node Type": "Seq Scan","Parent Relationship": "Outer","Parallel Aware": true,"Async Capable": false,"Relation Name": "customer","Alias": "customer_1","Startup Cost": 0.00,"Total Cost": 5225.62,"Plan Rows": 1994,"Plan Width": 6,"Actual Startup Time": 0.051,"Actual Total Time": 52.368,"Actual Rows": 12678,"Actual Loops": 3,"Filter": "((c_acctbal > 0.00) AND (SUBSTRING(c_phone FROM 1 FOR 2) = ANY ('{15,31,17,34,18,24,13}'::text[])))","Rows Removed by Filter": 37322,"Workers": []}]}]}]},{"Node Type": "Gather Merge","Parent Relationship": "Outer","Parallel Aware": false,"Async Capable": false,"Startup Cost": 6741.22,"Total Cost": 6821.30,"Plan Rows": 620,"Plan Width": 72,"Actual Startup Time": 135.391,"Actual Total Time": 138.719,"Actual Rows": 21,"Actual Loops": 1,"Workers Planned": 2,"Params Evaluated": ["$1"],"Workers Launched": 2,"Plans": [{"Node Type": "Aggregate","Strategy": "Sorted","Partial Mode": "Partial","Parent Relationship": "Outer","Parallel Aware": false,"Async Capable": false,"Startup Cost": 5741.19,"Total Cost": 5749.72,"Plan Rows": 310,"Plan Width": 72,"Actual Startup Time": 69.192,"Actual Total Time": 69.492,"Actual Rows": 7,"Actual Loops": 3,"Group Key": ["(SUBSTRING(customer.c_phone FROM 1 FOR 2))"],"Workers": [],"Plans": [{"Node Type": "Sort","Parent Relationship": "Outer","Parallel Aware": false,"Async Capable": false,"Startup Cost": 5741.19,"Total Cost": 5741.97,"Plan Rows": 310,"Plan Width": 38,"Actual Startup Time": 69.131,"Actual Total Time": 69.212,"Actual Rows": 2125,"Actual Loops": 3,"Sort Key": ["(SUBSTRING(customer.c_phone FROM 1 FOR 2))"],"Sort Method": "quicksort","Sort Space Used": 234,"Sort Space Type": "Memory","Workers": [{"Worker Number": 0,"Sort Method": "quicksort","Sort Space Used": 151,"Sort Space Type": "Memory"},{"Worker Number": 1,"Sort Method": "quicksort","Sort Space Used": 157,"Sort Space Type": "Memory"}],"Plans": [{"Node Type": "Nested Loop","Parent Relationship": "Outer","Parallel Aware": false,"Async Capable": false,"Join Type": "Anti","Startup Cost": 0.43,"Total Cost": 5728.36,"Plan Rows": 310,"Plan Width": 38,"Actual Startup Time": 0.169,"Actual Total Time": 68.377,"Actual Rows": 2125,"Actual Loops": 3,"Inner Unique": false,"Workers": [],"Plans": [{"Node Type": "Seq Scan","Parent Relationship": "Outer","Parallel Aware": true,"Async Capable": false,"Relation Name": "customer","Alias": "customer","Startup Cost": 0.00,"Total Cost": 5225.62,"Plan Rows": 729,"Plan Width": 26,"Actual Startup Time": 0.031,"Actual Total Time": 44.401,"Actual Rows": 6337,"Actual Loops": 3,"Filter": "((c_acctbal > $1) AND (SUBSTRING(c_phone FROM 1 FOR 2) = ANY ('{15,31,17,34,18,24,13}'::text[])))","Rows Removed by Filter": 43663,"Workers": []},{"Node Type": "Index Only Scan","Parent Relationship": "Inner","Parallel Aware": false,"Async Capable": false,"Scan Direction": "Forward","Index Name": "idx_orders_custkey","Relation Name": "orders","Alias": "orders","Startup Cost": 0.43,"Total Cost": 3.28,"Plan Rows": 17,"Plan Width": 4,"Actual Startup Time": 0.003,"Actual Total Time": 0.003,"Actual Rows": 1,"Actual Loops": 19010,"Index Cond": "(o_custkey = customer.c_custkey)","Rows Removed by Index Recheck": 0,"Heap Fetches": 0,"Workers": []}]}]}]}]}]},"Planning Time": 4.733,"Triggers": [],"Execution Time": 139.222}]
[{"Plan": {"Node Type": "Aggregate","Strategy": "Sorted","Partial Mode": "Finalize","Parallel Aware": false,"Async Capable": false,"Startup Cost": 12972.06,"Total Cost": 13071.37,"Plan Rows": 744,"Plan Width": 72,"Actual Startup Time": 136.212,"Actual Total Time": 140.176,"Actual Rows": 7,"Actual Loops": 1,"Group Key": ["(SUBSTRING(customer.c_phone FROM 1 FOR 2))"],"Plans": [{"Node Type": "Aggregate","Strategy": "Plain","Partial Mode": "Finalize","Parent Relationship": "InitPlan","Subplan Name": "InitPlan 1 (returns $1)","Parallel Aware": false,"Async Capable": false,"Startup Cost": 6230.83,"Total Cost": 6230.84,"Plan Rows": 1,"Plan Width": 32,"Actual Startup Time": 62.125,"Actual Total Time": 62.357,"Actual Rows": 1,"Actual Loops": 1,"Plans": [{"Node Type": "Gather","Parent Relationship": "Outer","Parallel Aware": false,"Async Capable": false,"Startup Cost": 6230.61,"Total Cost": 6230.82,"Plan Rows": 2,"Plan Width": 32,"Actual Startup Time": 62.051,"Actual Total Time": 62.339,"Actual Rows": 3,"Actual Loops": 1,"Workers Planned": 2,"Workers Launched": 2,"Single Copy": false,"Plans": [{"Node Type": "Aggregate","Strategy": "Plain","Partial Mode": "Partial","Parent Relationship": "Outer","Parallel Aware": false,"Async Capable": false,"Startup Cost": 5230.61,"Total Cost": 5230.62,"Plan Rows": 1,"Plan Width": 32,"Actual Startup Time": 55.427,"Actual Total Time": 55.428,"Actual Rows": 1,"Actual Loops": 3,"Workers": [],"Plans": [{"Node Type": "Seq Scan","Parent Relationship": "Outer","Parallel Aware": true,"Async Capable": false,"Relation Name": "customer","Alias": "customer_1","Startup Cost": 0.00,"Total Cost": 5225.62,"Plan Rows": 1994,"Plan Width": 6,"Actual Startup Time": 0.068,"Actual Total Time": 54.349,"Actual Rows": 12723,"Actual Loops": 3,"Filter": "((c_acctbal > 0.00) AND (SUBSTRING(c_phone FROM 1 FOR 2) = ANY ('{26,31,32,14,22,24,15}'::text[])))","Rows Removed by Filter": 37277,"Workers": []}]}]}]},{"Node Type": "Gather Merge","Parent Relationship": "Outer","Parallel Aware": false,"Async Capable": false,"Startup Cost": 6741.22,"Total Cost": 6821.30,"Plan Rows": 620,"Plan Width": 72,"Actual Startup Time": 136.093,"Actual Total Time": 139.881,"Actual Rows": 21,"Actual Loops": 1,"Workers Planned": 2,"Params Evaluated": ["$1"],"Workers Launched": 2,"Plans": [{"Node Type": "Aggregate","Strategy": "Sorted","Partial Mode": "Partial","Parent Relationship": "Outer","Parallel Aware": false,"Async Capable": false,"Startup Cost": 5741.19,"Total Cost": 5749.72,"Plan Rows": 310,"Plan Width": 72,"Actual Startup Time": 67.309,"Actual Total Time": 67.598,"Actual Rows": 7,"Actual Loops": 3,"Group Key": ["(SUBSTRING(customer.c_phone FROM 1 FOR 2))"],"Workers": [],"Plans": [{"Node Type": "Sort","Parent Relationship": "Outer","Parallel Aware": false,"Async Capable": false,"Startup Cost": 5741.19,"Total Cost": 5741.97,"Plan Rows": 310,"Plan Width": 38,"Actual Startup Time": 67.240,"Actual Total Time": 67.318,"Actual Rows": 2116,"Actual Loops": 3,"Sort Key": ["(SUBSTRING(customer.c_phone FROM 1 FOR 2))"],"Sort Method": "quicksort","Sort Space Used": 235,"Sort Space Type": "Memory","Workers": [{"Worker Number": 0,"Sort Method": "quicksort","Sort Space Used": 153,"Sort Space Type": "Memory"},{"Worker Number": 1,"Sort Method": "quicksort","Sort Space Used": 152,"Sort Space Type": "Memory"}],"Plans": [{"Node Type": "Nested Loop","Parent Relationship": "Outer","Parallel Aware": false,"Async Capable": false,"Join Type": "Anti","Startup Cost": 0.43,"Total Cost": 5728.36,"Plan Rows": 310,"Plan Width": 38,"Actual Startup Time": 0.130,"Actual Total Time": 66.450,"Actual Rows": 2116,"Actual Loops": 3,"Inner Unique": false,"Workers": [],"Plans": [{"Node Type": "Seq Scan","Parent Relationship": "Outer","Parallel Aware": true,"Async Capable": false,"Relation Name": "customer","Alias": "customer","Startup Cost": 0.00,"Total Cost": 5225.62,"Plan Rows": 729,"Plan Width": 26,"Actual Startup Time": 0.048,"Actual Total Time": 43.549,"Actual Rows": 6380,"Actual Loops": 3,"Filter": "((c_acctbal > $1) AND (SUBSTRING(c_phone FROM 1 FOR 2) = ANY ('{26,31,32,14,22,24,15}'::text[])))","Rows Removed by Filter": 43620,"Workers": []},{"Node Type": "Index Only Scan","Parent Relationship": "Inner","Parallel Aware": false,"Async Capable": false,"Scan Direction": "Forward","Index Name": "idx_orders_custkey","Relation Name": "orders","Alias": "orders","Startup Cost": 0.43,"Total Cost": 3.28,"Plan Rows": 17,"Plan Width": 4,"Actual Startup Time": 0.003,"Actual Total Time": 0.003,"Actual Rows": 1,"Actual Loops": 19139,"Index Cond": "(o_custkey = customer.c_custkey)","Rows Removed by Index Recheck": 0,"Heap Fetches": 0,"Workers": []}]}]}]}]}]},"Planning Time": 4.502,"Triggers": [],"Execution Time": 140.591}]
[{"Plan": {"Node Type": "Aggregate","Strategy": "Sorted","Partial Mode": "Finalize","Parallel Aware": false,"Async Capable": false,"Startup Cost": 12972.06,"Total Cost": 13071.37,"Plan Rows": 744,"Plan Width": 72,"Actual Startup Time": 132.812,"Actual Total Time": 137.586,"Actual Rows": 7,"Actual Loops": 1,"Group Key": ["(SUBSTRING(customer.c_phone FROM 1 FOR 2))"],"Plans": [{"Node Type": "Aggregate","Strategy": "Plain","Partial Mode": "Finalize","Parent Relationship": "InitPlan","Subplan Name": "InitPlan 1 (returns $1)","Parallel Aware": false,"Async Capable": false,"Startup Cost": 6230.83,"Total Cost": 6230.84,"Plan Rows": 1,"Plan Width": 32,"Actual Startup Time": 60.002,"Actual Total Time": 60.165,"Actual Rows": 1,"Actual Loops": 1,"Plans": [{"Node Type": "Gather","Parent Relationship": "Outer","Parallel Aware": false,"Async Capable": false,"Startup Cost": 6230.61,"Total Cost": 6230.82,"Plan Rows": 2,"Plan Width": 32,"Actual Startup Time": 59.898,"Actual Total Time": 60.152,"Actual Rows": 3,"Actual Loops": 1,"Workers Planned": 2,"Workers Launched": 2,"Single Copy": false,"Plans": [{"Node Type": "Aggregate","Strategy": "Plain","Partial Mode": "Partial","Parent Relationship": "Outer","Parallel Aware": false,"Async Capable": false,"Startup Cost": 5230.61,"Total Cost": 5230.62,"Plan Rows": 1,"Plan Width": 32,"Actual Startup Time": 54.106,"Actual Total Time": 54.107,"Actual Rows": 1,"Actual Loops": 3,"Workers": [],"Plans": [{"Node Type": "Seq Scan","Parent Relationship": "Outer","Parallel Aware": true,"Async Capable": false,"Relation Name": "customer","Alias": "customer_1","Startup Cost": 0.00,"Total Cost": 5225.62,"Plan Rows": 1994,"Plan Width": 6,"Actual Startup Time": 0.056,"Actual Total Time": 53.025,"Actual Rows": 12663,"Actual Loops": 3,"Filter": "((c_acctbal > 0.00) AND (SUBSTRING(c_phone FROM 1 FOR 2) = ANY ('{10,25,28,33,30,34,24}'::text[])))","Rows Removed by Filter": 37337,"Workers": []}]}]}]},{"Node Type": "Gather Merge","Parent Relationship": "Outer","Parallel Aware": false,"Async Capable": false,"Startup Cost": 6741.22,"Total Cost": 6821.30,"Plan Rows": 620,"Plan Width": 72,"Actual Startup Time": 132.711,"Actual Total Time": 137.381,"Actual Rows": 21,"Actual Loops": 1,"Workers Planned": 2,"Params Evaluated": ["$1"],"Workers Launched": 2,"Plans": [{"Node Type": "Aggregate","Strategy": "Sorted","Partial Mode": "Partial","Parent Relationship": "Outer","Parallel Aware": false,"Async Capable": false,"Startup Cost": 5741.19,"Total Cost": 5749.72,"Plan Rows": 310,"Plan Width": 72,"Actual Startup Time": 65.751,"Actual Total Time": 66.056,"Actual Rows": 7,"Actual Loops": 3,"Group Key": ["(SUBSTRING(customer.c_phone FROM 1 FOR 2))"],"Workers": [],"Plans": [{"Node Type": "Sort","Parent Relationship": "Outer","Parallel Aware": false,"Async Capable": false,"Startup Cost": 5741.19,"Total Cost": 5741.97,"Plan Rows": 310,"Plan Width": 38,"Actual Startup Time": 65.689,"Actual Total Time": 65.770,"Actual Rows": 2131,"Actual Loops": 3,"Sort Key": ["(SUBSTRING(customer.c_phone FROM 1 FOR 2))"],"Sort Method": "quicksort","Sort Space Used": 231,"Sort Space Type": "Memory","Workers": [{"Worker Number": 0,"Sort Method": "quicksort","Sort Space Used": 154,"Sort Space Type": "Memory"},{"Worker Number": 1,"Sort Method": "quicksort","Sort Space Used": 158,"Sort Space Type": "Memory"}],"Plans": [{"Node Type": "Nested Loop","Parent Relationship": "Outer","Parallel Aware": false,"Async Capable": false,"Join Type": "Anti","Startup Cost": 0.43,"Total Cost": 5728.36,"Plan Rows": 310,"Plan Width": 38,"Actual Startup Time": 0.162,"Actual Total Time": 64.854,"Actual Rows": 2131,"Actual Loops": 3,"Inner Unique": false,"Workers": [],"Plans": [{"Node Type": "Seq Scan","Parent Relationship": "Outer","Parallel Aware": true,"Async Capable": false,"Relation Name": "customer","Alias": "customer","Startup Cost": 0.00,"Total Cost": 5225.62,"Plan Rows": 729,"Plan Width": 26,"Actual Startup Time": 0.041,"Actual Total Time": 42.922,"Actual Rows": 6317,"Actual Loops": 3,"Filter": "((c_acctbal > $1) AND (SUBSTRING(c_phone FROM 1 FOR 2) = ANY ('{10,25,28,33,30,34,24}'::text[])))","Rows Removed by Filter": 43683,"Workers": []},{"Node Type": "Index Only Scan","Parent Relationship": "Inner","Parallel Aware": false,"Async Capable": false,"Scan Direction": "Forward","Index Name": "idx_orders_custkey","Relation Name": "orders","Alias": "orders","Startup Cost": 0.43,"Total Cost": 3.28,"Plan Rows": 17,"Plan Width": 4,"Actual Startup Time": 0.003,"Actual Total Time": 0.003,"Actual Rows": 1,"Actual Loops": 18952,"Index Cond": "(o_custkey = customer.c_custkey)","Rows Removed by Index Recheck": 0,"Heap Fetches": 0,"Workers": []}]}]}]}]}]},"Planning Time": 3.595,"Triggers": [],"Execution Time": 137.896}]
[{"Plan": {"Node Type": "Aggregate","Strategy": "Sorted","Partial Mode": "Finalize","Parallel Aware": false,"Async Capable": false,"Startup Cost": 12972.06,"Total Cost": 13071.37,"Plan Rows": 744,"Plan Width": 72,"Actual Startup Time": 136.901,"Actual Total Time": 140.344,"Actual Rows": 7,"Actual Loops": 1,"Group Key": ["(SUBSTRING(customer.c_phone FROM 1 FOR 2))"],"Plans": [{"Node Type": "Aggregate","Strategy": "Plain","Partial Mode": "Finalize","Parent Relationship": "InitPlan","Subplan Name": "InitPlan 1 (returns $1)","Parallel Aware": false,"Async Capable": false,"Startup Cost": 6230.83,"Total Cost": 6230.84,"Plan Rows": 1,"Plan Width": 32,"Actual Startup Time": 60.561,"Actual Total Time": 60.733,"Actual Rows": 1,"Actual Loops": 1,"Plans": [{"Node Type": "Gather","Parent Relationship": "Outer","Parallel Aware": false,"Async Capable": false,"Startup Cost": 6230.61,"Total Cost": 6230.82,"Plan Rows": 2,"Plan Width": 32,"Actual Startup Time": 60.466,"Actual Total Time": 60.708,"Actual Rows": 3,"Actual Loops": 1,"Workers Planned": 2,"Workers Launched": 2,"Single Copy": false,"Plans": [{"Node Type": "Aggregate","Strategy": "Plain","Partial Mode": "Partial","Parent Relationship": "Outer","Parallel Aware": false,"Async Capable": false,"Startup Cost": 5230.61,"Total Cost": 5230.62,"Plan Rows": 1,"Plan Width": 32,"Actual Startup Time": 54.781,"Actual Total Time": 54.783,"Actual Rows": 1,"Actual Loops": 3,"Workers": [],"Plans": [{"Node Type": "Seq Scan","Parent Relationship": "Outer","Parallel Aware": true,"Async Capable": false,"Relation Name": "customer","Alias": "customer_1","Startup Cost": 0.00,"Total Cost": 5225.62,"Plan Rows": 1994,"Plan Width": 6,"Actual Startup Time": 0.042,"Actual Total Time": 53.682,"Actual Rows": 12795,"Actual Loops": 3,"Filter": "((c_acctbal > 0.00) AND (SUBSTRING(c_phone FROM 1 FOR 2) = ANY ('{23,17,14,11,18,19,32}'::text[])))","Rows Removed by Filter": 37205,"Workers": []}]}]}]},{"Node Type": "Gather Merge","Parent Relationship": "Outer","Parallel Aware": false,"Async Capable": false,"Startup Cost": 6741.22,"Total Cost": 6821.30,"Plan Rows": 620,"Plan Width": 72,"Actual Startup Time": 136.789,"Actual Total Time": 140.142,"Actual Rows": 21,"Actual Loops": 1,"Workers Planned": 2,"Params Evaluated": ["$1"],"Workers Launched": 2,"Plans": [{"Node Type": "Aggregate","Strategy": "Sorted","Partial Mode": "Partial","Parent Relationship": "Outer","Parallel Aware": false,"Async Capable": false,"Startup Cost": 5741.19,"Total Cost": 5749.72,"Plan Rows": 310,"Plan Width": 72,"Actual Startup Time": 69.856,"Actual Total Time": 70.160,"Actual Rows": 7,"Actual Loops": 3,"Group Key": ["(SUBSTRING(customer.c_phone FROM 1 FOR 2))"],"Workers": [],"Plans": [{"Node Type": "Sort","Parent Relationship": "Outer","Parallel Aware": false,"Async Capable": false,"Startup Cost": 5741.19,"Total Cost": 5741.97,"Plan Rows": 310,"Plan Width": 38,"Actual Startup Time": 69.785,"Actual Total Time": 69.869,"Actual Rows": 2153,"Actual Loops": 3,"Sort Key": ["(SUBSTRING(customer.c_phone FROM 1 FOR 2))"],"Sort Method": "quicksort","Sort Space Used": 236,"Sort Space Type": "Memory","Workers": [{"Worker Number": 0,"Sort Method": "quicksort","Sort Space Used": 209,"Sort Space Type": "Memory"},{"Worker Number": 1,"Sort Method": "quicksort","Sort Space Used": 150,"Sort Space Type": "Memory"}],"Plans": [{"Node Type": "Nested Loop","Parent Relationship": "Outer","Parallel Aware": false,"Async Capable": false,"Join Type": "Anti","Startup Cost": 0.43,"Total Cost": 5728.36,"Plan Rows": 310,"Plan Width": 38,"Actual Startup Time": 0.149,"Actual Total Time": 68.983,"Actual Rows": 2153,"Actual Loops": 3,"Inner Unique": false,"Workers": [],"Plans": [{"Node Type": "Seq Scan","Parent Relationship": "Outer","Parallel Aware": true,"Async Capable": false,"Relation Name": "customer","Alias": "customer","Startup Cost": 0.00,"Total Cost": 5225.62,"Plan Rows": 729,"Plan Width": 26,"Actual Startup Time": 0.033,"Actual Total Time": 45.358,"Actual Rows": 6387,"Actual Loops": 3,"Filter": "((c_acctbal > $1) AND (SUBSTRING(c_phone FROM 1 FOR 2) = ANY ('{23,17,14,11,18,19,32}'::text[])))","Rows Removed by Filter": 43613,"Workers": []},{"Node Type": "Index Only Scan","Parent Relationship": "Inner","Parallel Aware": false,"Async Capable": false,"Scan Direction": "Forward","Index Name": "idx_orders_custkey","Relation Name": "orders","Alias": "orders","Startup Cost": 0.43,"Total Cost": 3.28,"Plan Rows": 17,"Plan Width": 4,"Actual Startup Time": 0.003,"Actual Total Time": 0.003,"Actual Rows": 1,"Actual Loops": 19161,"Index Cond": "(o_custkey = customer.c_custkey)","Rows Removed by Index Recheck": 0,"Heap Fetches": 0,"Workers": []}]}]}]}]}]},"Planning Time": 3.497,"Triggers": [],"Execution Time": 140.637}]
[{"Plan": {"Node Type": "Aggregate","Strategy": "Sorted","Partial Mode": "Finalize","Parallel Aware": false,"Async Capable": false,"Startup Cost": 12972.06,"Total Cost": 13071.37,"Plan Rows": 744,"Plan Width": 72,"Actual Startup Time": 132.452,"Actual Total Time": 136.221,"Actual Rows": 7,"Actual Loops": 1,"Group Key": ["(SUBSTRING(customer.c_phone FROM 1 FOR 2))"],"Plans": [{"Node Type": "Aggregate","Strategy": "Plain","Partial Mode": "Finalize","Parent Relationship": "InitPlan","Subplan Name": "InitPlan 1 (returns $1)","Parallel Aware": false,"Async Capable": false,"Startup Cost": 6230.83,"Total Cost": 6230.84,"Plan Rows": 1,"Plan Width": 32,"Actual Startup Time": 61.691,"Actual Total Time": 61.925,"Actual Rows": 1,"Actual Loops": 1,"Plans": [{"Node Type": "Gather","Parent Relationship": "Outer","Parallel Aware": false,"Async Capable": false,"Startup Cost": 6230.61,"Total Cost": 6230.82,"Plan Rows": 2,"Plan Width": 32,"Actual Startup Time": 61.600,"Actual Total Time": 61.908,"Actual Rows": 3,"Actual Loops": 1,"Workers Planned": 2,"Workers Launched": 2,"Single Copy": false,"Plans": [{"Node Type": "Aggregate","Strategy": "Plain","Partial Mode": "Partial","Parent Relationship": "Outer","Parallel Aware": false,"Async Capable": false,"Startup Cost": 5230.61,"Total Cost": 5230.62,"Plan Rows": 1,"Plan Width": 32,"Actual Startup Time": 55.371,"Actual Total Time": 55.372,"Actual Rows": 1,"Actual Loops": 3,"Workers": [],"Plans": [{"Node Type": "Seq Scan","Parent Relationship": "Outer","Parallel Aware": true,"Async Capable": false,"Relation Name": "customer","Alias": "customer_1","Startup Cost": 0.00,"Total Cost": 5225.62,"Plan Rows": 1994,"Plan Width": 6,"Actual Startup Time": 0.052,"Actual Total Time": 54.319,"Actual Rows": 12765,"Actual Loops": 3,"Filter": "((c_acctbal > 0.00) AND (SUBSTRING(c_phone FROM 1 FOR 2) = ANY ('{19,22,16,31,10,18,21}'::text[])))","Rows Removed by Filter": 37235,"Workers": []}]}]}]},{"Node Type": "Gather Merge","Parent Relationship": "Outer","Parallel Aware": false,"Async Capable": false,"Startup Cost": 6741.22,"Total Cost": 6821.30,"Plan Rows": 620,"Plan Width": 72,"Actual Startup Time": 132.353,"Actual Total Time": 135.936,"Actual Rows": 21,"Actual Loops": 1,"Workers Planned": 2,"Params Evaluated": ["$1"],"Workers Launched": 2,"Plans": [{"Node Type": "Aggregate","Strategy": "Sorted","Partial Mode": "Partial","Parent Relationship": "Outer","Parallel Aware": false,"Async Capable": false,"Startup Cost": 5741.19,"Total Cost": 5749.72,"Plan Rows": 310,"Plan Width": 72,"Actual Startup Time": 64.075,"Actual Total Time": 64.391,"Actual Rows": 7,"Actual Loops": 3,"Group Key": ["(SUBSTRING(customer.c_phone FROM 1 FOR 2))"],"Workers": [],"Plans": [{"Node Type": "Sort","Parent Relationship": "Outer","Parallel Aware": false,"Async Capable": false,"Startup Cost": 5741.19,"Total Cost": 5741.97,"Plan Rows": 310,"Plan Width": 38,"Actual Startup Time": 64.000,"Actual Total Time": 64.082,"Actual Rows": 2152,"Actual Loops": 3,"Sort Key": ["(SUBSTRING(customer.c_phone FROM 1 FOR 2))"],"Sort Method": "quicksort","Sort Space Used": 231,"Sort Space Type": "Memory","Workers": [{"Worker Number": 0,"Sort Method": "quicksort","Sort Space Used": 157,"Sort Space Type": "Memory"},{"Worker Number": 1,"Sort Method": "quicksort","Sort Space Used": 158,"Sort Space Type": "Memory"}],"Plans": [{"Node Type": "Nested Loop","Parent Relationship": "Outer","Parallel Aware": false,"Async Capable": false,"Join Type": "Anti","Startup Cost": 0.43,"Total Cost": 5728.36,"Plan Rows": 310,"Plan Width": 38,"Actual Startup Time": 0.167,"Actual Total Time": 63.222,"Actual Rows": 2152,"Actual Loops": 3,"Inner Unique": false,"Workers": [],"Plans": [{"Node Type": "Seq Scan","Parent Relationship": "Outer","Parallel Aware": true,"Async Capable": false,"Relation Name": "customer","Alias": "customer","Startup Cost": 0.00,"Total Cost": 5225.62,"Plan Rows": 729,"Plan Width": 26,"Actual Startup Time": 0.025,"Actual Total Time": 42.479,"Actual Rows": 6377,"Actual Loops": 3,"Filter": "((c_acctbal > $1) AND (SUBSTRING(c_phone FROM 1 FOR 2) = ANY ('{19,22,16,31,10,18,21}'::text[])))","Rows Removed by Filter": 43623,"Workers": []},{"Node Type": "Index Only Scan","Parent Relationship": "Inner","Parallel Aware": false,"Async Capable": false,"Scan Direction": "Forward","Index Name": "idx_orders_custkey","Relation Name": "orders","Alias": "orders","Startup Cost": 0.43,"Total Cost": 3.28,"Plan Rows": 17,"Plan Width": 4,"Actual Startup Time": 0.003,"Actual Total Time": 0.003,"Actual Rows": 1,"Actual Loops": 19132,"Index Cond": "(o_custkey = customer.c_custkey)","Rows Removed by Index Recheck": 0,"Heap Fetches": 0,"Workers": []}]}]}]}]}]},"Planning Time": 4.767,"Triggers": [],"Execution Time": 136.615}]
[{"Plan": {"Node Type": "Aggregate","Strategy": "Sorted","Partial Mode": "Finalize","Parallel Aware": false,"Async Capable": false,"Startup Cost": 12972.06,"Total Cost": 13071.37,"Plan Rows": 744,"Plan Width": 72,"Actual Startup Time": 138.792,"Actual Total Time": 142.322,"Actual Rows": 7,"Actual Loops": 1,"Group Key": ["(SUBSTRING(customer.c_phone FROM 1 FOR 2))"],"Plans": [{"Node Type": "Aggregate","Strategy": "Plain","Partial Mode": "Finalize","Parent Relationship": "InitPlan","Subplan Name": "InitPlan 1 (returns $1)","Parallel Aware": false,"Async Capable": false,"Startup Cost": 6230.83,"Total Cost": 6230.84,"Plan Rows": 1,"Plan Width": 32,"Actual Startup Time": 61.155,"Actual Total Time": 61.337,"Actual Rows": 1,"Actual Loops": 1,"Plans": [{"Node Type": "Gather","Parent Relationship": "Outer","Parallel Aware": false,"Async Capable": false,"Startup Cost": 6230.61,"Total Cost": 6230.82,"Plan Rows": 2,"Plan Width": 32,"Actual Startup Time": 61.072,"Actual Total Time": 61.322,"Actual Rows": 3,"Actual Loops": 1,"Workers Planned": 2,"Workers Launched": 2,"Single Copy": false,"Plans": [{"Node Type": "Aggregate","Strategy": "Plain","Partial Mode": "Partial","Parent Relationship": "Outer","Parallel Aware": false,"Async Capable": false,"Startup Cost": 5230.61,"Total Cost": 5230.62,"Plan Rows": 1,"Plan Width": 32,"Actual Startup Time": 55.135,"Actual Total Time": 55.136,"Actual Rows": 1,"Actual Loops": 3,"Workers": [],"Plans": [{"Node Type": "Seq Scan","Parent Relationship": "Outer","Parallel Aware": true,"Async Capable": false,"Relation Name": "customer","Alias": "customer_1","Startup Cost": 0.00,"Total Cost": 5225.62,"Plan Rows": 1994,"Plan Width": 6,"Actual Startup Time": 0.050,"Actual Total Time": 54.044,"Actual Rows": 12824,"Actual Loops": 3,"Filter": "((c_acctbal > 0.00) AND (SUBSTRING(c_phone FROM 1 FOR 2) = ANY ('{31,32,33,25,16,19,27}'::text[])))","Rows Removed by Filter": 37176,"Workers": []}]}]}]},{"Node Type": "Gather Merge","Parent Relationship": "Outer","Parallel Aware": false,"Async Capable": false,"Startup Cost": 6741.22,"Total Cost": 6821.30,"Plan Rows": 620,"Plan Width": 72,"Actual Startup Time": 138.661,"Actual Total Time": 142.079,"Actual Rows": 21,"Actual Loops": 1,"Workers Planned": 2,"Params Evaluated": ["$1"],"Workers Launched": 2,"Plans": [{"Node Type": "Aggregate","Strategy": "Sorted","Partial Mode": "Partial","Parent Relationship": "Outer","Parallel Aware": false,"Async Capable": false,"Startup Cost": 5741.19,"Total Cost": 5749.72,"Plan Rows": 310,"Plan Width": 72,"Actual Startup Time": 70.792,"Actual Total Time": 71.104,"Actual Rows": 7,"Actual Loops": 3,"Group Key": ["(SUBSTRING(customer.c_phone FROM 1 FOR 2))"],"Workers": [],"Plans": [{"Node Type": "Sort","Parent Relationship": "Outer","Parallel Aware": false,"Async Capable": false,"Startup Cost": 5741.19,"Total Cost": 5741.97,"Plan Rows": 310,"Plan Width": 38,"Actual Startup Time": 70.722,"Actual Total Time": 70.805,"Actual Rows": 2133,"Actual Loops": 3,"Sort Key": ["(SUBSTRING(customer.c_phone FROM 1 FOR 2))"],"Sort Method": "quicksort","Sort Space Used": 233,"Sort Space Type": "Memory","Workers": [{"Worker Number": 0,"Sort Method": "quicksort","Sort Space Used": 157,"Sort Space Type": "Memory"},{"Worker Number": 1,"Sort Method": "quicksort","Sort Space Used": 153,"Sort Space Type": "Memory"}],"Plans": [{"Node Type": "Nested Loop","Parent Relationship": "Outer","Parallel Aware": false,"Async Capable": false,"Join Type": "Anti","Startup Cost": 0.43,"Total Cost": 5728.36,"Plan Rows": 310,"Plan Width": 38,"Actual Startup Time": 0.172,"Actual Total Time": 69.881,"Actual Rows": 2133,"Actual Loops": 3,"Inner Unique": false,"Workers": [],"Plans": [{"Node Type": "Seq Scan","Parent Relationship": "Outer","Parallel Aware": true,"Async Capable": false,"Relation Name": "customer","Alias": "customer","Startup Cost": 0.00,"Total Cost": 5225.62,"Plan Rows": 729,"Plan Width": 26,"Actual Startup Time": 0.048,"Actual Total Time": 45.810,"Actual Rows": 6396,"Actual Loops": 3,"Filter": "((c_acctbal > $1) AND (SUBSTRING(c_phone FROM 1 FOR 2) = ANY ('{31,32,33,25,16,19,27}'::text[])))","Rows Removed by Filter": 43604,"Workers": []},{"Node Type": "Index Only Scan","Parent Relationship": "Inner","Parallel Aware": false,"Async Capable": false,"Scan Direction": "Forward","Index Name": "idx_orders_custkey","Relation Name": "orders","Alias": "orders","Startup Cost": 0.43,"Total Cost": 3.28,"Plan Rows": 17,"Plan Width": 4,"Actual Startup Time": 0.003,"Actual Total Time": 0.003,"Actual Rows": 1,"Actual Loops": 19189,"Index Cond": "(o_custkey = customer.c_custkey)","Rows Removed by Index Recheck": 0,"Heap Fetches": 0,"Workers": []}]}]}]}]}]},"Planning Time": 4.770,"Triggers": [],"Execution Time": 142.781}]
[{"Plan": {"Node Type": "Aggregate","Strategy": "Sorted","Partial Mode": "Finalize","Parallel Aware": false,"Async Capable": false,"Startup Cost": 12972.06,"Total Cost": 13071.37,"Plan Rows": 744,"Plan Width": 72,"Actual Startup Time": 139.732,"Actual Total Time": 143.157,"Actual Rows": 7,"Actual Loops": 1,"Group Key": ["(SUBSTRING(customer.c_phone FROM 1 FOR 2))"],"Plans": [{"Node Type": "Aggregate","Strategy": "Plain","Partial Mode": "Finalize","Parent Relationship": "InitPlan","Subplan Name": "InitPlan 1 (returns $1)","Parallel Aware": false,"Async Capable": false,"Startup Cost": 6230.83,"Total Cost": 6230.84,"Plan Rows": 1,"Plan Width": 32,"Actual Startup Time": 61.934,"Actual Total Time": 62.108,"Actual Rows": 1,"Actual Loops": 1,"Plans": [{"Node Type": "Gather","Parent Relationship": "Outer","Parallel Aware": false,"Async Capable": false,"Startup Cost": 6230.61,"Total Cost": 6230.82,"Plan Rows": 2,"Plan Width": 32,"Actual Startup Time": 61.852,"Actual Total Time": 62.082,"Actual Rows": 3,"Actual Loops": 1,"Workers Planned": 2,"Workers Launched": 2,"Single Copy": false,"Plans": [{"Node Type": "Aggregate","Strategy": "Plain","Partial Mode": "Partial","Parent Relationship": "Outer","Parallel Aware": false,"Async Capable": false,"Startup Cost": 5230.61,"Total Cost": 5230.62,"Plan Rows": 1,"Plan Width": 32,"Actual Startup Time": 55.574,"Actual Total Time": 55.575,"Actual Rows": 1,"Actual Loops": 3,"Workers": [],"Plans": [{"Node Type": "Seq Scan","Parent Relationship": "Outer","Parallel Aware": true,"Async Capable": false,"Relation Name": "customer","Alias": "customer_1","Startup Cost": 0.00,"Total Cost": 5225.62,"Plan Rows": 1994,"Plan Width": 6,"Actual Startup Time": 0.063,"Actual Total Time": 54.524,"Actual Rows": 12687,"Actual Loops": 3,"Filter": "((c_acctbal > 0.00) AND (SUBSTRING(c_phone FROM 1 FOR 2) = ANY ('{27,25,28,33,20,26,22}'::text[])))","Rows Removed by Filter": 37313,"Workers": []}]}]}]},{"Node Type": "Gather Merge","Parent Relationship": "Outer","Parallel Aware": false,"Async Capable": false,"Startup Cost": 6741.22,"Total Cost": 6821.30,"Plan Rows": 620,"Plan Width": 72,"Actual Startup Time": 139.610,"Actual Total Time": 142.928,"Actual Rows": 21,"Actual Loops": 1,"Workers Planned": 2,"Params Evaluated": ["$1"],"Workers Launched": 2,"Plans": [{"Node Type": "Aggregate","Strategy": "Sorted","Partial Mode": "Partial","Parent Relationship": "Outer","Parallel Aware": false,"Async Capable": false,"Startup Cost": 5741.19,"Total Cost": 5749.72,"Plan Rows": 310,"Plan Width": 72,"Actual Startup Time": 70.935,"Actual Total Time": 71.228,"Actual Rows": 7,"Actual Loops": 3,"Group Key": ["(SUBSTRING(customer.c_phone FROM 1 FOR 2))"],"Workers": [],"Plans": [{"Node Type": "Sort","Parent Relationship": "Outer","Parallel Aware": false,"Async Capable": false,"Startup Cost": 5741.19,"Total Cost": 5741.97,"Plan Rows": 310,"Plan Width": 38,"Actual Startup Time": 70.869,"Actual Total Time": 70.948,"Actual Rows": 2096,"Actual Loops": 3,"Sort Key": ["(SUBSTRING(customer.c_phone FROM 1 FOR 2))"],"Sort Method": "quicksort","Sort Space Used": 231,"Sort Space Type": "Memory","Workers": [{"Worker Number": 0,"Sort Method": "quicksort","Sort Space Used": 156,"Sort Space Type": "Memory"},{"Worker Number": 1,"Sort Method": "quicksort","Sort Space Used": 150,"Sort Space Type": "Memory"}],"Plans": [{"Node Type": "Nested Loop","Parent Relationship": "Outer","Parallel Aware": false,"Async Capable": false,"Join Type": "Anti","Startup Cost": 0.43,"Total Cost": 5728.36,"Plan Rows": 310,"Plan Width": 38,"Actual Startup Time": 0.286,"Actual Total Time": 70.062,"Actual Rows": 2096,"Actual Loops": 3,"Inner Unique": false,"Workers": [],"Plans": [{"Node Type": "Seq Scan","Parent Relationship": "Outer","Parallel Aware": true,"Async Capable": false,"Relation Name": "customer","Alias": "customer","Startup Cost": 0.00,"Total Cost": 5225.62,"Plan Rows": 729,"Plan Width": 26,"Actual Startup Time": 0.051,"Actual Total Time": 46.331,"Actual Rows": 6342,"Actual Loops": 3,"Filter": "((c_acctbal > $1) AND (SUBSTRING(c_phone FROM 1 FOR 2) = ANY ('{27,25,28,33,20,26,22}'::text[])))","Rows Removed by Filter": 43658,"Workers": []},{"Node Type": "Index Only Scan","Parent Relationship": "Inner","Parallel Aware": false,"Async Capable": false,"Scan Direction": "Forward","Index Name": "idx_orders_custkey","Relation Name": "orders","Alias": "orders","Startup Cost": 0.43,"Total Cost": 3.28,"Plan Rows": 17,"Plan Width": 4,"Actual Startup Time": 0.003,"Actual Total Time": 0.003,"Actual Rows": 1,"Actual Loops": 19025,"Index Cond": "(o_custkey = customer.c_custkey)","Rows Removed by Index Recheck": 0,"Heap Fetches": 0,"Workers": []}]}]}]}]}]},"Planning Time": 4.378,"Triggers": [],"Execution Time": 143.592}]
[{"Plan": {"Node Type": "Aggregate","Strategy": "Sorted","Partial Mode": "Finalize","Parallel Aware": false,"Async Capable": false,"Startup Cost": 12972.06,"Total Cost": 13071.37,"Plan Rows": 744,"Plan Width": 72,"Actual Startup Time": 138.944,"Actual Total Time": 142.432,"Actual Rows": 7,"Actual Loops": 1,"Group Key": ["(SUBSTRING(customer.c_phone FROM 1 FOR 2))"],"Plans": [{"Node Type": "Aggregate","Strategy": "Plain","Partial Mode": "Finalize","Parent Relationship": "InitPlan","Subplan Name": "InitPlan 1 (returns $1)","Parallel Aware": false,"Async Capable": false,"Startup Cost": 6230.83,"Total Cost": 6230.84,"Plan Rows": 1,"Plan Width": 32,"Actual Startup Time": 61.564,"Actual Total Time": 61.734,"Actual Rows": 1,"Actual Loops": 1,"Plans": [{"Node Type": "Gather","Parent Relationship": "Outer","Parallel Aware": false,"Async Capable": false,"Startup Cost": 6230.61,"Total Cost": 6230.82,"Plan Rows": 2,"Plan Width": 32,"Actual Startup Time": 61.486,"Actual Total Time": 61.719,"Actual Rows": 3,"Actual Loops": 1,"Workers Planned": 2,"Workers Launched": 2,"Single Copy": false,"Plans": [{"Node Type": "Aggregate","Strategy": "Plain","Partial Mode": "Partial","Parent Relationship": "Outer","Parallel Aware": false,"Async Capable": false,"Startup Cost": 5230.61,"Total Cost": 5230.62,"Plan Rows": 1,"Plan Width": 32,"Actual Startup Time": 55.545,"Actual Total Time": 55.547,"Actual Rows": 1,"Actual Loops": 3,"Workers": [],"Plans": [{"Node Type": "Seq Scan","Parent Relationship": "Outer","Parallel Aware": true,"Async Capable": false,"Relation Name": "customer","Alias": "customer_1","Startup Cost": 0.00,"Total Cost": 5225.62,"Plan Rows": 1994,"Plan Width": 6,"Actual Startup Time": 0.054,"Actual Total Time": 54.452,"Actual Rows": 12759,"Actual Loops": 3,"Filter": "((c_acctbal > 0.00) AND (SUBSTRING(c_phone FROM 1 FOR 2) = ANY ('{21,10,31,23,19,18,27}'::text[])))","Rows Removed by Filter": 37241,"Workers": []}]}]}]},{"Node Type": "Gather Merge","Parent Relationship": "Outer","Parallel Aware": false,"Async Capable": false,"Startup Cost": 6741.22,"Total Cost": 6821.30,"Plan Rows": 620,"Plan Width": 72,"Actual Startup Time": 138.793,"Actual Total Time": 142.201,"Actual Rows": 21,"Actual Loops": 1,"Workers Planned": 2,"Params Evaluated": ["$1"],"Workers Launched": 2,"Plans": [{"Node Type": "Aggregate","Strategy": "Sorted","Partial Mode": "Partial","Parent Relationship": "Outer","Parallel Aware": false,"Async Capable": false,"Startup Cost": 5741.19,"Total Cost": 5749.72,"Plan Rows": 310,"Plan Width": 72,"Actual Startup Time": 70.555,"Actual Total Time": 70.866,"Actual Rows": 7,"Actual Loops": 3,"Group Key": ["(SUBSTRING(customer.c_phone FROM 1 FOR 2))"],"Workers": [],"Plans": [{"Node Type": "Sort","Parent Relationship": "Outer","Parallel Aware": false,"Async Capable": false,"Startup Cost": 5741.19,"Total Cost": 5741.97,"Plan Rows": 310,"Plan Width": 38,"Actual Startup Time": 70.485,"Actual Total Time": 70.569,"Actual Rows": 2158,"Actual Loops": 3,"Sort Key": ["(SUBSTRING(customer.c_phone FROM 1 FOR 2))"],"Sort Method": "quicksort","Sort Space Used": 235,"Sort Space Type": "Memory","Workers": [{"Worker Number": 0,"Sort Method": "quicksort","Sort Space Used": 160,"Sort Space Type": "Memory"},{"Worker Number": 1,"Sort Method": "quicksort","Sort Space Used": 152,"Sort Space Type": "Memory"}],"Plans": [{"Node Type": "Nested Loop","Parent Relationship": "Outer","Parallel Aware": false,"Async Capable": false,"Join Type": "Anti","Startup Cost": 0.43,"Total Cost": 5728.36,"Plan Rows": 310,"Plan Width": 38,"Actual Startup Time": 0.232,"Actual Total Time": 69.662,"Actual Rows": 2158,"Actual Loops": 3,"Inner Unique": false,"Workers": [],"Plans": [{"Node Type": "Seq Scan","Parent Relationship": "Outer","Parallel Aware": true,"Async Capable": false,"Relation Name": "customer","Alias": "customer","Startup Cost": 0.00,"Total Cost": 5225.62,"Plan Rows": 729,"Plan Width": 26,"Actual Startup Time": 0.035,"Actual Total Time": 45.792,"Actual Rows": 6363,"Actual Loops": 3,"Filter": "((c_acctbal > $1) AND (SUBSTRING(c_phone FROM 1 FOR 2) = ANY ('{21,10,31,23,19,18,27}'::text[])))","Rows Removed by Filter": 43637,"Workers": []},{"Node Type": "Index Only Scan","Parent Relationship": "Inner","Parallel Aware": false,"Async Capable": false,"Scan Direction": "Forward","Index Name": "idx_orders_custkey","Relation Name": "orders","Alias": "orders","Startup Cost": 0.43,"Total Cost": 3.28,"Plan Rows": 17,"Plan Width": 4,"Actual Startup Time": 0.003,"Actual Total Time": 0.003,"Actual Rows": 1,"Actual Loops": 19088,"Index Cond": "(o_custkey = customer.c_custkey)","Rows Removed by Index Recheck": 0,"Heap Fetches": 0,"Workers": []}]}]}]}]}]},"Planning Time": 4.341,"Triggers": [],"Execution Time": 142.842}]
[{"Plan": {"Node Type": "Aggregate","Strategy": "Sorted","Partial Mode": "Finalize","Parallel Aware": false,"Async Capable": false,"Startup Cost": 12972.06,"Total Cost": 13071.37,"Plan Rows": 744,"Plan Width": 72,"Actual Startup Time": 130.449,"Actual Total Time": 135.953,"Actual Rows": 7,"Actual Loops": 1,"Group Key": ["(SUBSTRING(customer.c_phone FROM 1 FOR 2))"],"Plans": [{"Node Type": "Aggregate","Strategy": "Plain","Partial Mode": "Finalize","Parent Relationship": "InitPlan","Subplan Name": "InitPlan 1 (returns $1)","Parallel Aware": false,"Async Capable": false,"Startup Cost": 6230.83,"Total Cost": 6230.84,"Plan Rows": 1,"Plan Width": 32,"Actual Startup Time": 58.995,"Actual Total Time": 59.191,"Actual Rows": 1,"Actual Loops": 1,"Plans": [{"Node Type": "Gather","Parent Relationship": "Outer","Parallel Aware": false,"Async Capable": false,"Startup Cost": 6230.61,"Total Cost": 6230.82,"Plan Rows": 2,"Plan Width": 32,"Actual Startup Time": 58.892,"Actual Total Time": 59.177,"Actual Rows": 3,"Actual Loops": 1,"Workers Planned": 2,"Workers Launched": 2,"Single Copy": false,"Plans": [{"Node Type": "Aggregate","Strategy": "Plain","Partial Mode": "Partial","Parent Relationship": "Outer","Parallel Aware": false,"Async Capable": false,"Startup Cost": 5230.61,"Total Cost": 5230.62,"Plan Rows": 1,"Plan Width": 32,"Actual Startup Time": 53.057,"Actual Total Time": 53.059,"Actual Rows": 1,"Actual Loops": 3,"Workers": [],"Plans": [{"Node Type": "Seq Scan","Parent Relationship": "Outer","Parallel Aware": true,"Async Capable": false,"Relation Name": "customer","Alias": "customer_1","Startup Cost": 0.00,"Total Cost": 5225.62,"Plan Rows": 1994,"Plan Width": 6,"Actual Startup Time": 0.050,"Actual Total Time": 52.001,"Actual Rows": 12710,"Actual Loops": 3,"Filter": "((c_acctbal > 0.00) AND (SUBSTRING(c_phone FROM 1 FOR 2) = ANY ('{12,14,22,16,11,27,34}'::text[])))","Rows Removed by Filter": 37290,"Workers": []}]}]}]},{"Node Type": "Gather Merge","Parent Relationship": "Outer","Parallel Aware": false,"Async Capable": false,"Startup Cost": 6741.22,"Total Cost": 6821.30,"Plan Rows": 620,"Plan Width": 72,"Actual Startup Time": 130.366,"Actual Total Time": 135.715,"Actual Rows": 21,"Actual Loops": 1,"Workers Planned": 2,"Params Evaluated": ["$1"],"Workers Launched": 2,"Plans": [{"Node Type": "Aggregate","Strategy": "Sorted","Partial Mode": "Partial","Parent Relationship": "Outer","Parallel Aware": false,"Async Capable": false,"Startup Cost": 5741.19,"Total Cost": 5749.72,"Plan Rows": 310,"Plan Width": 72,"Actual Startup Time": 64.302,"Actual Total Time": 64.602,"Actual Rows": 7,"Actual Loops": 3,"Group Key": ["(SUBSTRING(customer.c_phone FROM 1 FOR 2))"],"Workers": [],"Plans": [{"Node Type": "Sort","Parent Relationship": "Outer","Parallel Aware": false,"Async Capable": false,"Startup Cost": 5741.19,"Total Cost": 5741.97,"Plan Rows": 310,"Plan Width": 38,"Actual Startup Time": 64.229,"Actual Total Time": 64.308,"Actual Rows": 2105,"Actual Loops": 3,"Sort Key": ["(SUBSTRING(customer.c_phone FROM 1 FOR 2))"],"Sort Method": "quicksort","Sort Space Used": 227,"Sort Space Type": "Memory","Workers": [{"Worker Number": 0,"Sort Method": "quicksort","Sort Space Used": 157,"Sort Space Type": "Memory"},{"Worker Number": 1,"Sort Method": "quicksort","Sort Space Used": 155,"Sort Space Type": "Memory"}],"Plans": [{"Node Type": "Nested Loop","Parent Relationship": "Outer","Parallel Aware": false,"Async Capable": false,"Join Type": "Anti","Startup Cost": 0.43,"Total Cost": 5728.36,"Plan Rows": 310,"Plan Width": 38,"Actual Startup Time": 0.182,"Actual Total Time": 63.402,"Actual Rows": 2105,"Actual Loops": 3,"Inner Unique": false,"Workers": [],"Plans": [{"Node Type": "Seq Scan","Parent Relationship": "Outer","Parallel Aware": true,"Async Capable": false,"Relation Name": "customer","Alias": "customer","Startup Cost": 0.00,"Total Cost": 5225.62,"Plan Rows": 729,"Plan Width": 26,"Actual Startup Time": 0.037,"Actual Total Time": 41.885,"Actual Rows": 6324,"Actual Loops": 3,"Filter": "((c_acctbal > $1) AND (SUBSTRING(c_phone FROM 1 FOR 2) = ANY ('{12,14,22,16,11,27,34}'::text[])))","Rows Removed by Filter": 43676,"Workers": []},{"Node Type": "Index Only Scan","Parent Relationship": "Inner","Parallel Aware": false,"Async Capable": false,"Scan Direction": "Forward","Index Name": "idx_orders_custkey","Relation Name": "orders","Alias": "orders","Startup Cost": 0.43,"Total Cost": 3.28,"Plan Rows": 17,"Plan Width": 4,"Actual Startup Time": 0.003,"Actual Total Time": 0.003,"Actual Rows": 1,"Actual Loops": 18973,"Index Cond": "(o_custkey = customer.c_custkey)","Rows Removed by Index Recheck": 0,"Heap Fetches": 0,"Workers": []}]}]}]}]}]},"Planning Time": 4.683,"Triggers": [],"Execution Time": 136.266}]
[{"Plan": {"Node Type": "Aggregate","Strategy": "Sorted","Partial Mode": "Finalize","Parallel Aware": false,"Async Capable": false,"Startup Cost": 12972.06,"Total Cost": 13071.37,"Plan Rows": 744,"Plan Width": 72,"Actual Startup Time": 139.185,"Actual Total Time": 142.623,"Actual Rows": 7,"Actual Loops": 1,"Group Key": ["(SUBSTRING(customer.c_phone FROM 1 FOR 2))"],"Plans": [{"Node Type": "Aggregate","Strategy": "Plain","Partial Mode": "Finalize","Parent Relationship": "InitPlan","Subplan Name": "InitPlan 1 (returns $1)","Parallel Aware": false,"Async Capable": false,"Startup Cost": 6230.83,"Total Cost": 6230.84,"Plan Rows": 1,"Plan Width": 32,"Actual Startup Time": 61.780,"Actual Total Time": 61.920,"Actual Rows": 1,"Actual Loops": 1,"Plans": [{"Node Type": "Gather","Parent Relationship": "Outer","Parallel Aware": false,"Async Capable": false,"Startup Cost": 6230.61,"Total Cost": 6230.82,"Plan Rows": 2,"Plan Width": 32,"Actual Startup Time": 61.719,"Actual Total Time": 61.904,"Actual Rows": 3,"Actual Loops": 1,"Workers Planned": 2,"Workers Launched": 2,"Single Copy": false,"Plans": [{"Node Type": "Aggregate","Strategy": "Plain","Partial Mode": "Partial","Parent Relationship": "Outer","Parallel Aware": false,"Async Capable": false,"Startup Cost": 5230.61,"Total Cost": 5230.62,"Plan Rows": 1,"Plan Width": 32,"Actual Startup Time": 56.151,"Actual Total Time": 56.152,"Actual Rows": 1,"Actual Loops": 3,"Workers": [],"Plans": [{"Node Type": "Seq Scan","Parent Relationship": "Outer","Parallel Aware": true,"Async Capable": false,"Relation Name": "customer","Alias": "customer_1","Startup Cost": 0.00,"Total Cost": 5225.62,"Plan Rows": 1994,"Plan Width": 6,"Actual Startup Time": 0.045,"Actual Total Time": 55.040,"Actual Rows": 12674,"Actual Loops": 3,"Filter": "((c_acctbal > 0.00) AND (SUBSTRING(c_phone FROM 1 FOR 2) = ANY ('{27,33,26,23,30,12,10}'::text[])))","Rows Removed by Filter": 37326,"Workers": []}]}]}]},{"Node Type": "Gather Merge","Parent Relationship": "Outer","Parallel Aware": false,"Async Capable": false,"Startup Cost": 6741.22,"Total Cost": 6821.30,"Plan Rows": 620,"Plan Width": 72,"Actual Startup Time": 139.093,"Actual Total Time": 142.440,"Actual Rows": 21,"Actual Loops": 1,"Workers Planned": 2,"Params Evaluated": ["$1"],"Workers Launched": 2,"Plans": [{"Node Type": "Aggregate","Strategy": "Sorted","Partial Mode": "Partial","Parent Relationship": "Outer","Parallel Aware": false,"Async Capable": false,"Startup Cost": 5741.19,"Total Cost": 5749.72,"Plan Rows": 310,"Plan Width": 72,"Actual Startup Time": 70.998,"Actual Total Time": 71.318,"Actual Rows": 7,"Actual Loops": 3,"Group Key": ["(SUBSTRING(customer.c_phone FROM 1 FOR 2))"],"Workers": [],"Plans": [{"Node Type": "Sort","Parent Relationship": "Outer","Parallel Aware": false,"Async Capable": false,"Startup Cost": 5741.19,"Total Cost": 5741.97,"Plan Rows": 310,"Plan Width": 38,"Actual Startup Time": 70.929,"Actual Total Time": 71.009,"Actual Rows": 2086,"Actual Loops": 3,"Sort Key": ["(SUBSTRING(customer.c_phone FROM 1 FOR 2))"],"Sort Method": "quicksort","Sort Space Used": 230,"Sort Space Type": "Memory","Workers": [{"Worker Number": 0,"Sort Method": "quicksort","Sort Space Used": 155,"Sort Space Type": "Memory"},{"Worker Number": 1,"Sort Method": "quicksort","Sort Space Used": 150,"Sort Space Type": "Memory"}],"Plans": [{"Node Type": "Nested Loop","Parent Relationship": "Outer","Parallel Aware": false,"Async Capable": false,"Join Type": "Anti","Startup Cost": 0.43,"Total Cost": 5728.36,"Plan Rows": 310,"Plan Width": 38,"Actual Startup Time": 0.144,"Actual Total Time": 70.147,"Actual Rows": 2086,"Actual Loops": 3,"Inner Unique": false,"Workers": [],"Plans": [{"Node Type": "Seq Scan","Parent Relationship": "Outer","Parallel Aware": true,"Async Capable": false,"Relation Name": "customer","Alias": "customer","Startup Cost": 0.00,"Total Cost": 5225.62,"Plan Rows": 729,"Plan Width": 26,"Actual Startup Time": 0.044,"Actual Total Time": 46.432,"Actual Rows": 6295,"Actual Loops": 3,"Filter": "((c_acctbal > $1) AND (SUBSTRING(c_phone FROM 1 FOR 2) = ANY ('{27,33,26,23,30,12,10}'::text[])))","Rows Removed by Filter": 43705,"Workers": []},{"Node Type": "Index Only Scan","Parent Relationship": "Inner","Parallel Aware": false,"Async Capable": false,"Scan Direction": "Forward","Index Name": "idx_orders_custkey","Relation Name": "orders","Alias": "orders","Startup Cost": 0.43,"Total Cost": 3.28,"Plan Rows": 17,"Plan Width": 4,"Actual Startup Time": 0.003,"Actual Total Time": 0.003,"Actual Rows": 1,"Actual Loops": 18886,"Index Cond": "(o_custkey = customer.c_custkey)","Rows Removed by Index Recheck": 0,"Heap Fetches": 0,"Workers": []}]}]}]}]}]},"Planning Time": 3.608,"Triggers": [],"Execution Time": 142.923}]
[{"Plan": {"Node Type": "Aggregate","Strategy": "Sorted","Partial Mode": "Finalize","Parallel Aware": false,"Async Capable": false,"Startup Cost": 12972.06,"Total Cost": 13071.37,"Plan Rows": 744,"Plan Width": 72,"Actual Startup Time": 131.171,"Actual Total Time": 135.564,"Actual Rows": 7,"Actual Loops": 1,"Group Key": ["(SUBSTRING(customer.c_phone FROM 1 FOR 2))"],"Plans": [{"Node Type": "Aggregate","Strategy": "Plain","Partial Mode": "Finalize","Parent Relationship": "InitPlan","Subplan Name": "InitPlan 1 (returns $1)","Parallel Aware": false,"Async Capable": false,"Startup Cost": 6230.83,"Total Cost": 6230.84,"Plan Rows": 1,"Plan Width": 32,"Actual Startup Time": 60.108,"Actual Total Time": 60.291,"Actual Rows": 1,"Actual Loops": 1,"Plans": [{"Node Type": "Gather","Parent Relationship": "Outer","Parallel Aware": false,"Async Capable": false,"Startup Cost": 6230.61,"Total Cost": 6230.82,"Plan Rows": 2,"Plan Width": 32,"Actual Startup Time": 60.011,"Actual Total Time": 60.276,"Actual Rows": 3,"Actual Loops": 1,"Workers Planned": 2,"Workers Launched": 2,"Single Copy": false,"Plans": [{"Node Type": "Aggregate","Strategy": "Plain","Partial Mode": "Partial","Parent Relationship": "Outer","Parallel Aware": false,"Async Capable": false,"Startup Cost": 5230.61,"Total Cost": 5230.62,"Plan Rows": 1,"Plan Width": 32,"Actual Startup Time": 53.993,"Actual Total Time": 53.995,"Actual Rows": 1,"Actual Loops": 3,"Workers": [],"Plans": [{"Node Type": "Seq Scan","Parent Relationship": "Outer","Parallel Aware": true,"Async Capable": false,"Relation Name": "customer","Alias": "customer_1","Startup Cost": 0.00,"Total Cost": 5225.62,"Plan Rows": 1994,"Plan Width": 6,"Actual Startup Time": 0.048,"Actual Total Time": 52.954,"Actual Rows": 12677,"Actual Loops": 3,"Filter": "((c_acctbal > 0.00) AND (SUBSTRING(c_phone FROM 1 FOR 2) = ANY ('{21,29,28,31,10,15,25}'::text[])))","Rows Removed by Filter": 37323,"Workers": []}]}]}]},{"Node Type": "Gather Merge","Parent Relationship": "Outer","Parallel Aware": false,"Async Capable": false,"Startup Cost": 6741.22,"Total Cost": 6821.30,"Plan Rows": 620,"Plan Width": 72,"Actual Startup Time": 131.090,"Actual Total Time": 135.340,"Actual Rows": 21,"Actual Loops": 1,"Workers Planned": 2,"Params Evaluated": ["$1"],"Workers Launched": 2,"Plans": [{"Node Type": "Aggregate","Strategy": "Sorted","Partial Mode": "Partial","Parent Relationship": "Outer","Parallel Aware": false,"Async Capable": false,"Startup Cost": 5741.19,"Total Cost": 5749.72,"Plan Rows": 310,"Plan Width": 72,"Actual Startup Time": 64.059,"Actual Total Time": 64.362,"Actual Rows": 7,"Actual Loops": 3,"Group Key": ["(SUBSTRING(customer.c_phone FROM 1 FOR 2))"],"Workers": [],"Plans": [{"Node Type": "Sort","Parent Relationship": "Outer","Parallel Aware": false,"Async Capable": false,"Startup Cost": 5741.19,"Total Cost": 5741.97,"Plan Rows": 310,"Plan Width": 38,"Actual Startup Time": 63.971,"Actual Total Time": 64.052,"Actual Rows": 2133,"Actual Loops": 3,"Sort Key": ["(SUBSTRING(customer.c_phone FROM 1 FOR 2))"],"Sort Method": "quicksort","Sort Space Used": 230,"Sort Space Type": "Memory","Workers": [{"Worker Number": 0,"Sort Method": "quicksort","Sort Space Used": 156,"Sort Space Type": "Memory"},{"Worker Number": 1,"Sort Method": "quicksort","Sort Space Used": 157,"Sort Space Type": "Memory"}],"Plans": [{"Node Type": "Nested Loop","Parent Relationship": "Outer","Parallel Aware": false,"Async Capable": false,"Join Type": "Anti","Startup Cost": 0.43,"Total Cost": 5728.36,"Plan Rows": 310,"Plan Width": 38,"Actual Startup Time": 0.169,"Actual Total Time": 63.175,"Actual Rows": 2133,"Actual Loops": 3,"Inner Unique": false,"Workers": [],"Plans": [{"Node Type": "Seq Scan","Parent Relationship": "Outer","Parallel Aware": true,"Async Capable": false,"Relation Name": "customer","Alias": "customer","Startup Cost": 0.00,"Total Cost": 5225.62,"Plan Rows": 729,"Plan Width": 26,"Actual Startup Time": 0.039,"Actual Total Time": 41.643,"Actual Rows": 6332,"Actual Loops": 3,"Filter": "((c_acctbal > $1) AND (SUBSTRING(c_phone FROM 1 FOR 2) = ANY ('{21,29,28,31,10,15,25}'::text[])))","Rows Removed by Filter": 43668,"Workers": []},{"Node Type": "Index Only Scan","Parent Relationship": "Inner","Parallel Aware": false,"Async Capable": false,"Scan Direction": "Forward","Index Name": "idx_orders_custkey","Relation Name": "orders","Alias": "orders","Startup Cost": 0.43,"Total Cost": 3.28,"Plan Rows": 17,"Plan Width": 4,"Actual Startup Time": 0.003,"Actual Total Time": 0.003,"Actual Rows": 1,"Actual Loops": 18997,"Index Cond": "(o_custkey = customer.c_custkey)","Rows Removed by Index Recheck": 0,"Heap Fetches": 0,"Workers": []}]}]}]}]}]},"Planning Time": 3.296,"Triggers": [],"Execution Time": 135.899}]
[{"Plan": {"Node Type": "Aggregate","Strategy": "Sorted","Partial Mode": "Finalize","Parallel Aware": false,"Async Capable": false,"Startup Cost": 12972.06,"Total Cost": 13071.37,"Plan Rows": 744,"Plan Width": 72,"Actual Startup Time": 140.430,"Actual Total Time": 144.031,"Actual Rows": 7,"Actual Loops": 1,"Group Key": ["(SUBSTRING(customer.c_phone FROM 1 FOR 2))"],"Plans": [{"Node Type": "Aggregate","Strategy": "Plain","Partial Mode": "Finalize","Parent Relationship": "InitPlan","Subplan Name": "InitPlan 1 (returns $1)","Parallel Aware": false,"Async Capable": false,"Startup Cost": 6230.83,"Total Cost": 6230.84,"Plan Rows": 1,"Plan Width": 32,"Actual Startup Time": 61.773,"Actual Total Time": 61.933,"Actual Rows": 1,"Actual Loops": 1,"Plans": [{"Node Type": "Gather","Parent Relationship": "Outer","Parallel Aware": false,"Async Capable": false,"Startup Cost": 6230.61,"Total Cost": 6230.82,"Plan Rows": 2,"Plan Width": 32,"Actual Startup Time": 61.694,"Actual Total Time": 61.922,"Actual Rows": 3,"Actual Loops": 1,"Workers Planned": 2,"Workers Launched": 2,"Single Copy": false,"Plans": [{"Node Type": "Aggregate","Strategy": "Plain","Partial Mode": "Partial","Parent Relationship": "Outer","Parallel Aware": false,"Async Capable": false,"Startup Cost": 5230.61,"Total Cost": 5230.62,"Plan Rows": 1,"Plan Width": 32,"Actual Startup Time": 55.993,"Actual Total Time": 55.995,"Actual Rows": 1,"Actual Loops": 3,"Workers": [],"Plans": [{"Node Type": "Seq Scan","Parent Relationship": "Outer","Parallel Aware": true,"Async Capable": false,"Relation Name": "customer","Alias": "customer_1","Startup Cost": 0.00,"Total Cost": 5225.62,"Plan Rows": 1994,"Plan Width": 6,"Actual Startup Time": 0.054,"Actual Total Time": 54.880,"Actual Rows": 12727,"Actual Loops": 3,"Filter": "((c_acctbal > 0.00) AND (SUBSTRING(c_phone FROM 1 FOR 2) = ANY ('{20,31,19,13,26,10,22}'::text[])))","Rows Removed by Filter": 37273,"Workers": []}]}]}]},{"Node Type": "Gather Merge","Parent Relationship": "Outer","Parallel Aware": false,"Async Capable": false,"Startup Cost": 6741.22,"Total Cost": 6821.30,"Plan Rows": 620,"Plan Width": 72,"Actual Startup Time": 140.304,"Actual Total Time": 143.809,"Actual Rows": 21,"Actual Loops": 1,"Workers Planned": 2,"Params Evaluated": ["$1"],"Workers Launched": 2,"Plans": [{"Node Type": "Aggregate","Strategy": "Sorted","Partial Mode": "Partial","Parent Relationship": "Outer","Parallel Aware": false,"Async Capable": false,"Startup Cost": 5741.19,"Total Cost": 5749.72,"Plan Rows": 310,"Plan Width": 72,"Actual Startup Time": 71.833,"Actual Total Time": 72.133,"Actual Rows": 7,"Actual Loops": 3,"Group Key": ["(SUBSTRING(customer.c_phone FROM 1 FOR 2))"],"Workers": [],"Plans": [{"Node Type": "Sort","Parent Relationship": "Outer","Parallel Aware": false,"Async Capable": false,"Startup Cost": 5741.19,"Total Cost": 5741.97,"Plan Rows": 310,"Plan Width": 38,"Actual Startup Time": 71.767,"Actual Total Time": 71.850,"Actual Rows": 2106,"Actual Loops": 3,"Sort Key": ["(SUBSTRING(customer.c_phone FROM 1 FOR 2))"],"Sort Method": "quicksort","Sort Space Used": 231,"Sort Space Type": "Memory","Workers": [{"Worker Number": 0,"Sort Method": "quicksort","Sort Space Used": 153,"Sort Space Type": "Memory"},{"Worker Number": 1,"Sort Method": "quicksort","Sort Space Used": 154,"Sort Space Type": "Memory"}],"Plans": [{"Node Type": "Nested Loop","Parent Relationship": "Outer","Parallel Aware": false,"Async Capable": false,"Join Type": "Anti","Startup Cost": 0.43,"Total Cost": 5728.36,"Plan Rows": 310,"Plan Width": 38,"Actual Startup Time": 0.235,"Actual Total Time": 70.949,"Actual Rows": 2106,"Actual Loops": 3,"Inner Unique": false,"Workers": [],"Plans": [{"Node Type": "Seq Scan","Parent Relationship": "Outer","Parallel Aware": true,"Async Capable": false,"Relation Name": "customer","Alias": "customer","Startup Cost": 0.00,"Total Cost": 5225.62,"Plan Rows": 729,"Plan Width": 26,"Actual Startup Time": 0.034,"Actual Total Time": 46.669,"Actual Rows": 6354,"Actual Loops": 3,"Filter": "((c_acctbal > $1) AND (SUBSTRING(c_phone FROM 1 FOR 2) = ANY ('{20,31,19,13,26,10,22}'::text[])))","Rows Removed by Filter": 43646,"Workers": []},{"Node Type": "Index Only Scan","Parent Relationship": "Inner","Parallel Aware": false,"Async Capable": false,"Scan Direction": "Forward","Index Name": "idx_orders_custkey","Relation Name": "orders","Alias": "orders","Startup Cost": 0.43,"Total Cost": 3.28,"Plan Rows": 17,"Plan Width": 4,"Actual Startup Time": 0.003,"Actual Total Time": 0.003,"Actual Rows": 1,"Actual Loops": 19063,"Index Cond": "(o_custkey = customer.c_custkey)","Rows Removed by Index Recheck": 0,"Heap Fetches": 0,"Workers": []}]}]}]}]}]},"Planning Time": 3.647,"Triggers": [],"Execution Time": 144.377}]
[{"Plan": {"Node Type": "Aggregate","Strategy": "Sorted","Partial Mode": "Finalize","Parallel Aware": false,"Async Capable": false,"Startup Cost": 12972.06,"Total Cost": 13071.37,"Plan Rows": 744,"Plan Width": 72,"Actual Startup Time": 138.093,"Actual Total Time": 141.936,"Actual Rows": 7,"Actual Loops": 1,"Group Key": ["(SUBSTRING(customer.c_phone FROM 1 FOR 2))"],"Plans": [{"Node Type": "Aggregate","Strategy": "Plain","Partial Mode": "Finalize","Parent Relationship": "InitPlan","Subplan Name": "InitPlan 1 (returns $1)","Parallel Aware": false,"Async Capable": false,"Startup Cost": 6230.83,"Total Cost": 6230.84,"Plan Rows": 1,"Plan Width": 32,"Actual Startup Time": 62.936,"Actual Total Time": 63.156,"Actual Rows": 1,"Actual Loops": 1,"Plans": [{"Node Type": "Gather","Parent Relationship": "Outer","Parallel Aware": false,"Async Capable": false,"Startup Cost": 6230.61,"Total Cost": 6230.82,"Plan Rows": 2,"Plan Width": 32,"Actual Startup Time": 62.840,"Actual Total Time": 63.136,"Actual Rows": 3,"Actual Loops": 1,"Workers Planned": 2,"Workers Launched": 2,"Single Copy": false,"Plans": [{"Node Type": "Aggregate","Strategy": "Plain","Partial Mode": "Partial","Parent Relationship": "Outer","Parallel Aware": false,"Async Capable": false,"Startup Cost": 5230.61,"Total Cost": 5230.62,"Plan Rows": 1,"Plan Width": 32,"Actual Startup Time": 56.518,"Actual Total Time": 56.520,"Actual Rows": 1,"Actual Loops": 3,"Workers": [],"Plans": [{"Node Type": "Seq Scan","Parent Relationship": "Outer","Parallel Aware": true,"Async Capable": false,"Relation Name": "customer","Alias": "customer_1","Startup Cost": 0.00,"Total Cost": 5225.62,"Plan Rows": 1994,"Plan Width": 6,"Actual Startup Time": 0.055,"Actual Total Time": 55.443,"Actual Rows": 12711,"Actual Loops": 3,"Filter": "((c_acctbal > 0.00) AND (SUBSTRING(c_phone FROM 1 FOR 2) = ANY ('{22,15,18,29,25,14,24}'::text[])))","Rows Removed by Filter": 37289,"Workers": []}]}]}]},{"Node Type": "Gather Merge","Parent Relationship": "Outer","Parallel Aware": false,"Async Capable": false,"Startup Cost": 6741.22,"Total Cost": 6821.30,"Plan Rows": 620,"Plan Width": 72,"Actual Startup Time": 137.976,"Actual Total Time": 141.663,"Actual Rows": 21,"Actual Loops": 1,"Workers Planned": 2,"Params Evaluated": ["$1"],"Workers Launched": 2,"Plans": [{"Node Type": "Aggregate","Strategy": "Sorted","Partial Mode": "Partial","Parent Relationship": "Outer","Parallel Aware": false,"Async Capable": false,"Startup Cost": 5741.19,"Total Cost": 5749.72,"Plan Rows": 310,"Plan Width": 72,"Actual Startup Time": 68.466,"Actual Total Time": 68.766,"Actual Rows": 7,"Actual Loops": 3,"Group Key": ["(SUBSTRING(customer.c_phone FROM 1 FOR 2))"],"Workers": [],"Plans": [{"Node Type": "Sort","Parent Relationship": "Outer","Parallel Aware": false,"Async Capable": false,"Startup Cost": 5741.19,"Total Cost": 5741.97,"Plan Rows": 310,"Plan Width": 38,"Actual Startup Time": 68.399,"Actual Total Time": 68.479,"Actual Rows": 2142,"Actual Loops": 3,"Sort Key": ["(SUBSTRING(customer.c_phone FROM 1 FOR 2))"],"Sort Method": "quicksort","Sort Space Used": 238,"Sort Space Type": "Memory","Workers": [{"Worker Number": 0,"Sort Method": "quicksort","Sort Space Used": 153,"Sort Space Type": "Memory"},{"Worker Number": 1,"Sort Method": "quicksort","Sort Space Used": 154,"Sort Space Type": "Memory"}],"Plans": [{"Node Type": "Nested Loop","Parent Relationship": "Outer","Parallel Aware": false,"Async Capable": false,"Join Type": "Anti","Startup Cost": 0.43,"Total Cost": 5728.36,"Plan Rows": 310,"Plan Width": 38,"Actual Startup Time": 0.115,"Actual Total Time": 67.622,"Actual Rows": 2142,"Actual Loops": 3,"Inner Unique": false,"Workers": [],"Plans": [{"Node Type": "Seq Scan","Parent Relationship": "Outer","Parallel Aware": true,"Async Capable": false,"Relation Name": "customer","Alias": "customer","Startup Cost": 0.00,"Total Cost": 5225.62,"Plan Rows": 729,"Plan Width": 26,"Actual Startup Time": 0.035,"Actual Total Time": 44.194,"Actual Rows": 6378,"Actual Loops": 3,"Filter": "((c_acctbal > $1) AND (SUBSTRING(c_phone FROM 1 FOR 2) = ANY ('{22,15,18,29,25,14,24}'::text[])))","Rows Removed by Filter": 43622,"Workers": []},{"Node Type": "Index Only Scan","Parent Relationship": "Inner","Parallel Aware": false,"Async Capable": false,"Scan Direction": "Forward","Index Name": "idx_orders_custkey","Relation Name": "orders","Alias": "orders","Startup Cost": 0.43,"Total Cost": 3.28,"Plan Rows": 17,"Plan Width": 4,"Actual Startup Time": 0.003,"Actual Total Time": 0.003,"Actual Rows": 1,"Actual Loops": 19133,"Index Cond": "(o_custkey = customer.c_custkey)","Rows Removed by Index Recheck": 0,"Heap Fetches": 0,"Workers": []}]}]}]}]}]},"Planning Time": 4.190,"Triggers": [],"Execution Time": 142.256}]
[{"Plan": {"Node Type": "Aggregate","Strategy": "Sorted","Partial Mode": "Finalize","Parallel Aware": false,"Async Capable": false,"Startup Cost": 12972.06,"Total Cost": 13071.37,"Plan Rows": 744,"Plan Width": 72,"Actual Startup Time": 139.172,"Actual Total Time": 142.548,"Actual Rows": 7,"Actual Loops": 1,"Group Key": ["(SUBSTRING(customer.c_phone FROM 1 FOR 2))"],"Plans": [{"Node Type": "Aggregate","Strategy": "Plain","Partial Mode": "Finalize","Parent Relationship": "InitPlan","Subplan Name": "InitPlan 1 (returns $1)","Parallel Aware": false,"Async Capable": false,"Startup Cost": 6230.83,"Total Cost": 6230.84,"Plan Rows": 1,"Plan Width": 32,"Actual Startup Time": 62.302,"Actual Total Time": 62.455,"Actual Rows": 1,"Actual Loops": 1,"Plans": [{"Node Type": "Gather","Parent Relationship": "Outer","Parallel Aware": false,"Async Capable": false,"Startup Cost": 6230.61,"Total Cost": 6230.82,"Plan Rows": 2,"Plan Width": 32,"Actual Startup Time": 62.206,"Actual Total Time": 62.437,"Actual Rows": 3,"Actual Loops": 1,"Workers Planned": 2,"Workers Launched": 2,"Single Copy": false,"Plans": [{"Node Type": "Aggregate","Strategy": "Plain","Partial Mode": "Partial","Parent Relationship": "Outer","Parallel Aware": false,"Async Capable": false,"Startup Cost": 5230.61,"Total Cost": 5230.62,"Plan Rows": 1,"Plan Width": 32,"Actual Startup Time": 56.129,"Actual Total Time": 56.131,"Actual Rows": 1,"Actual Loops": 3,"Workers": [],"Plans": [{"Node Type": "Seq Scan","Parent Relationship": "Outer","Parallel Aware": true,"Async Capable": false,"Relation Name": "customer","Alias": "customer_1","Startup Cost": 0.00,"Total Cost": 5225.62,"Plan Rows": 1994,"Plan Width": 6,"Actual Startup Time": 0.058,"Actual Total Time": 55.009,"Actual Rows": 12675,"Actual Loops": 3,"Filter": "((c_acctbal > 0.00) AND (SUBSTRING(c_phone FROM 1 FOR 2) = ANY ('{10,30,31,13,20,17,19}'::text[])))","Rows Removed by Filter": 37325,"Workers": []}]}]}]},{"Node Type": "Gather Merge","Parent Relationship": "Outer","Parallel Aware": false,"Async Capable": false,"Startup Cost": 6741.22,"Total Cost": 6821.30,"Plan Rows": 620,"Plan Width": 72,"Actual Startup Time": 139.052,"Actual Total Time": 142.347,"Actual Rows": 21,"Actual Loops": 1,"Workers Planned": 2,"Params Evaluated": ["$1"],"Workers Launched": 2,"Plans": [{"Node Type": "Aggregate","Strategy": "Sorted","Partial Mode": "Partial","Parent Relationship": "Outer","Parallel Aware": false,"Async Capable": false,"Startup Cost": 5741.19,"Total Cost": 5749.72,"Plan Rows": 310,"Plan Width": 72,"Actual Startup Time": 70.294,"Actual Total Time": 70.594,"Actual Rows": 7,"Actual Loops": 3,"Group Key": ["(SUBSTRING(customer.c_phone FROM 1 FOR 2))"],"Workers": [],"Plans": [{"Node Type": "Sort","Parent Relationship": "Outer","Parallel Aware": false,"Async Capable": false,"Startup Cost": 5741.19,"Total Cost": 5741.97,"Plan Rows": 310,"Plan Width": 38,"Actual Startup Time": 70.227,"Actual Total Time": 70.307,"Actual Rows": 2114,"Actual Loops": 3,"Sort Key": ["(SUBSTRING(customer.c_phone FROM 1 FOR 2))"],"Sort Method": "quicksort","Sort Space Used": 232,"Sort Space Type": "Memory","Workers": [{"Worker Number": 0,"Sort Method": "quicksort","Sort Space Used": 158,"Sort Space Type": "Memory"},{"Worker Number": 1,"Sort Method": "quicksort","Sort Space Used": 149,"Sort Space Type": "Memory"}],"Plans": [{"Node Type": "Nested Loop","Parent Relationship": "Outer","Parallel Aware": false,"Async Capable": false,"Join Type": "Anti","Startup Cost": 0.43,"Total Cost": 5728.36,"Plan Rows": 310,"Plan Width": 38,"Actual Startup Time": 0.153,"Actual Total Time": 69.477,"Actual Rows": 2114,"Actual Loops": 3,"Inner Unique": false,"Workers": [],"Plans": [{"Node Type": "Seq Scan","Parent Relationship": "Outer","Parallel Aware": true,"Async Capable": false,"Relation Name": "customer","Alias": "customer","Startup Cost": 0.00,"Total Cost": 5225.62,"Plan Rows": 729,"Plan Width": 26,"Actual Startup Time": 0.029,"Actual Total Time": 46.003,"Actual Rows": 6304,"Actual Loops": 3,"Filter": "((c_acctbal > $1) AND (SUBSTRING(c_phone FROM 1 FOR 2) = ANY ('{10,30,31,13,20,17,19}'::text[])))","Rows Removed by Filter": 43696,"Workers": []},{"Node Type": "Index Only Scan","Parent Relationship": "Inner","Parallel Aware": false,"Async Capable": false,"Scan Direction": "Forward","Index Name": "idx_orders_custkey","Relation Name": "orders","Alias": "orders","Startup Cost": 0.43,"Total Cost": 3.28,"Plan Rows": 17,"Plan Width": 4,"Actual Startup Time": 0.003,"Actual Total Time": 0.003,"Actual Rows": 1,"Actual Loops": 18911,"Index Cond": "(o_custkey = customer.c_custkey)","Rows Removed by Index Recheck": 0,"Heap Fetches": 0,"Workers": []}]}]}]}]}]},"Planning Time": 4.073,"Triggers": [],"Execution Time": 142.913}]
[{"Plan": {"Node Type": "Aggregate","Strategy": "Sorted","Partial Mode": "Finalize","Parallel Aware": false,"Async Capable": false,"Startup Cost": 12972.06,"Total Cost": 13071.37,"Plan Rows": 744,"Plan Width": 72,"Actual Startup Time": 136.910,"Actual Total Time": 140.510,"Actual Rows": 7,"Actual Loops": 1,"Group Key": ["(SUBSTRING(customer.c_phone FROM 1 FOR 2))"],"Plans": [{"Node Type": "Aggregate","Strategy": "Plain","Partial Mode": "Finalize","Parent Relationship": "InitPlan","Subplan Name": "InitPlan 1 (returns $1)","Parallel Aware": false,"Async Capable": false,"Startup Cost": 6230.83,"Total Cost": 6230.84,"Plan Rows": 1,"Plan Width": 32,"Actual Startup Time": 60.560,"Actual Total Time": 60.856,"Actual Rows": 1,"Actual Loops": 1,"Plans": [{"Node Type": "Gather","Parent Relationship": "Outer","Parallel Aware": false,"Async Capable": false,"Startup Cost": 6230.61,"Total Cost": 6230.82,"Plan Rows": 2,"Plan Width": 32,"Actual Startup Time": 60.473,"Actual Total Time": 60.839,"Actual Rows": 3,"Actual Loops": 1,"Workers Planned": 2,"Workers Launched": 2,"Single Copy": false,"Plans": [{"Node Type": "Aggregate","Strategy": "Plain","Partial Mode": "Partial","Parent Relationship": "Outer","Parallel Aware": false,"Async Capable": false,"Startup Cost": 5230.61,"Total Cost": 5230.62,"Plan Rows": 1,"Plan Width": 32,"Actual Startup Time": 54.625,"Actual Total Time": 54.627,"Actual Rows": 1,"Actual Loops": 3,"Workers": [],"Plans": [{"Node Type": "Seq Scan","Parent Relationship": "Outer","Parallel Aware": true,"Async Capable": false,"Relation Name": "customer","Alias": "customer_1","Startup Cost": 0.00,"Total Cost": 5225.62,"Plan Rows": 1994,"Plan Width": 6,"Actual Startup Time": 0.053,"Actual Total Time": 53.532,"Actual Rows": 12794,"Actual Loops": 3,"Filter": "((c_acctbal > 0.00) AND (SUBSTRING(c_phone FROM 1 FOR 2) = ANY ('{32,19,12,29,11,17,22}'::text[])))","Rows Removed by Filter": 37206,"Workers": []}]}]}]},{"Node Type": "Gather Merge","Parent Relationship": "Outer","Parallel Aware": false,"Async Capable": false,"Startup Cost": 6741.22,"Total Cost": 6821.30,"Plan Rows": 620,"Plan Width": 72,"Actual Startup Time": 136.789,"Actual Total Time": 140.162,"Actual Rows": 21,"Actual Loops": 1,"Workers Planned": 2,"Params Evaluated": ["$1"],"Workers Launched": 2,"Plans": [{"Node Type": "Aggregate","Strategy": "Sorted","Partial Mode": "Partial","Parent Relationship": "Outer","Parallel Aware": false,"Async Capable": false,"Startup Cost": 5741.19,"Total Cost": 5749.72,"Plan Rows": 310,"Plan Width": 72,"Actual Startup Time": 69.738,"Actual Total Time": 70.037,"Actual Rows": 7,"Actual Loops": 3,"Group Key": ["(SUBSTRING(customer.c_phone FROM 1 FOR 2))"],"Workers": [],"Plans": [{"Node Type": "Sort","Parent Relationship": "Outer","Parallel Aware": false,"Async Capable": false,"Startup Cost": 5741.19,"Total Cost": 5741.97,"Plan Rows": 310,"Plan Width": 38,"Actual Startup Time": 69.673,"Actual Total Time": 69.754,"Actual Rows": 2115,"Actual Loops": 3,"Sort Key": ["(SUBSTRING(customer.c_phone FROM 1 FOR 2))"],"Sort Method": "quicksort","Sort Space Used": 235,"Sort Space Type": "Memory","Workers": [{"Worker Number": 0,"Sort Method": "quicksort","Sort Space Used": 157,"Sort Space Type": "Memory"},{"Worker Number": 1,"Sort Method": "quicksort","Sort Space Used": 148,"Sort Space Type": "Memory"}],"Plans": [{"Node Type": "Nested Loop","Parent Relationship": "Outer","Parallel Aware": false,"Async Capable": false,"Join Type": "Anti","Startup Cost": 0.43,"Total Cost": 5728.36,"Plan Rows": 310,"Plan Width": 38,"Actual Startup Time": 0.196,"Actual Total Time": 68.859,"Actual Rows": 2115,"Actual Loops": 3,"Inner Unique": false,"Workers": [],"Plans": [{"Node Type": "Seq Scan","Parent Relationship": "Outer","Parallel Aware": true,"Async Capable": false,"Relation Name": "customer","Alias": "customer","Startup Cost": 0.00,"Total Cost": 5225.62,"Plan Rows": 729,"Plan Width": 26,"Actual Startup Time": 0.053,"Actual Total Time": 45.347,"Actual Rows": 6381,"Actual Loops": 3,"Filter": "((c_acctbal > $1) AND (SUBSTRING(c_phone FROM 1 FOR 2) = ANY ('{32,19,12,29,11,17,22}'::text[])))","Rows Removed by Filter": 43619,"Workers": []},{"Node Type": "Index Only Scan","Parent Relationship": "Inner","Parallel Aware": false,"Async Capable": false,"Scan Direction": "Forward","Index Name": "idx_orders_custkey","Relation Name": "orders","Alias": "orders","Startup Cost": 0.43,"Total Cost": 3.28,"Plan Rows": 17,"Plan Width": 4,"Actual Startup Time": 0.003,"Actual Total Time": 0.003,"Actual Rows": 1,"Actual Loops": 19142,"Index Cond": "(o_custkey = customer.c_custkey)","Rows Removed by Index Recheck": 0,"Heap Fetches": 0,"Workers": []}]}]}]}]}]},"Planning Time": 3.497,"Triggers": [],"Execution Time": 140.914}]
[{"Plan": {"Node Type": "Aggregate","Strategy": "Sorted","Partial Mode": "Finalize","Parallel Aware": false,"Async Capable": false,"Startup Cost": 12972.06,"Total Cost": 13071.37,"Plan Rows": 744,"Plan Width": 72,"Actual Startup Time": 139.049,"Actual Total Time": 142.748,"Actual Rows": 7,"Actual Loops": 1,"Group Key": ["(SUBSTRING(customer.c_phone FROM 1 FOR 2))"],"Plans": [{"Node Type": "Aggregate","Strategy": "Plain","Partial Mode": "Finalize","Parent Relationship": "InitPlan","Subplan Name": "InitPlan 1 (returns $1)","Parallel Aware": false,"Async Capable": false,"Startup Cost": 6230.83,"Total Cost": 6230.84,"Plan Rows": 1,"Plan Width": 32,"Actual Startup Time": 61.498,"Actual Total Time": 61.663,"Actual Rows": 1,"Actual Loops": 1,"Plans": [{"Node Type": "Gather","Parent Relationship": "Outer","Parallel Aware": false,"Async Capable": false,"Startup Cost": 6230.61,"Total Cost": 6230.82,"Plan Rows": 2,"Plan Width": 32,"Actual Startup Time": 61.372,"Actual Total Time": 61.635,"Actual Rows": 3,"Actual Loops": 1,"Workers Planned": 2,"Workers Launched": 2,"Single Copy": false,"Plans": [{"Node Type": "Aggregate","Strategy": "Plain","Partial Mode": "Partial","Parent Relationship": "Outer","Parallel Aware": false,"Async Capable": false,"Startup Cost": 5230.61,"Total Cost": 5230.62,"Plan Rows": 1,"Plan Width": 32,"Actual Startup Time": 55.573,"Actual Total Time": 55.575,"Actual Rows": 1,"Actual Loops": 3,"Workers": [],"Plans": [{"Node Type": "Seq Scan","Parent Relationship": "Outer","Parallel Aware": true,"Async Capable": false,"Relation Name": "customer","Alias": "customer_1","Startup Cost": 0.00,"Total Cost": 5225.62,"Plan Rows": 1994,"Plan Width": 6,"Actual Startup Time": 0.052,"Actual Total Time": 54.481,"Actual Rows": 12752,"Actual Loops": 3,"Filter": "((c_acctbal > 0.00) AND (SUBSTRING(c_phone FROM 1 FOR 2) = ANY ('{22,33,14,20,27,29,18}'::text[])))","Rows Removed by Filter": 37248,"Workers": []}]}]}]},{"Node Type": "Gather Merge","Parent Relationship": "Outer","Parallel Aware": false,"Async Capable": false,"Startup Cost": 6741.22,"Total Cost": 6821.30,"Plan Rows": 620,"Plan Width": 72,"Actual Startup Time": 138.926,"Actual Total Time": 142.532,"Actual Rows": 21,"Actual Loops": 1,"Workers Planned": 2,"Params Evaluated": ["$1"],"Workers Launched": 2,"Plans": [{"Node Type": "Aggregate","Strategy": "Sorted","Partial Mode": "Partial","Parent Relationship": "Outer","Parallel Aware": false,"Async Capable": false,"Startup Cost": 5741.19,"Total Cost": 5749.72,"Plan Rows": 310,"Plan Width": 72,"Actual Startup Time": 70.894,"Actual Total Time": 71.188,"Actual Rows": 7,"Actual Loops": 3,"Group Key": ["(SUBSTRING(customer.c_phone FROM 1 FOR 2))"],"Workers": [],"Plans": [{"Node Type": "Sort","Parent Relationship": "Outer","Parallel Aware": false,"Async Capable": false,"Startup Cost": 5741.19,"Total Cost": 5741.97,"Plan Rows": 310,"Plan Width": 38,"Actual Startup Time": 70.822,"Actual Total Time": 70.900,"Actual Rows": 2162,"Actual Loops": 3,"Sort Key": ["(SUBSTRING(customer.c_phone FROM 1 FOR 2))"],"Sort Method": "quicksort","Sort Space Used": 237,"Sort Space Type": "Memory","Workers": [{"Worker Number": 0,"Sort Method": "quicksort","Sort Space Used": 157,"Sort Space Type": "Memory"},{"Worker Number": 1,"Sort Method": "quicksort","Sort Space Used": 154,"Sort Space Type": "Memory"}],"Plans": [{"Node Type": "Nested Loop","Parent Relationship": "Outer","Parallel Aware": false,"Async Capable": false,"Join Type": "Anti","Startup Cost": 0.43,"Total Cost": 5728.36,"Plan Rows": 310,"Plan Width": 38,"Actual Startup Time": 0.174,"Actual Total Time": 70.035,"Actual Rows": 2162,"Actual Loops": 3,"Inner Unique": false,"Workers": [],"Plans": [{"Node Type": "Seq Scan","Parent Relationship": "Outer","Parallel Aware": true,"Async Capable": false,"Relation Name": "customer","Alias": "customer","Startup Cost": 0.00,"Total Cost": 5225.62,"Plan Rows": 729,"Plan Width": 26,"Actual Startup Time": 0.031,"Actual Total Time": 46.147,"Actual Rows": 6391,"Actual Loops": 3,"Filter": "((c_acctbal > $1) AND (SUBSTRING(c_phone FROM 1 FOR 2) = ANY ('{22,33,14,20,27,29,18}'::text[])))","Rows Removed by Filter": 43609,"Workers": []},{"Node Type": "Index Only Scan","Parent Relationship": "Inner","Parallel Aware": false,"Async Capable": false,"Scan Direction": "Forward","Index Name": "idx_orders_custkey","Relation Name": "orders","Alias": "orders","Startup Cost": 0.43,"Total Cost": 3.28,"Plan Rows": 17,"Plan Width": 4,"Actual Startup Time": 0.003,"Actual Total Time": 0.003,"Actual Rows": 1,"Actual Loops": 19173,"Index Cond": "(o_custkey = customer.c_custkey)","Rows Removed by Index Recheck": 0,"Heap Fetches": 0,"Workers": []}]}]}]}]}]},"Planning Time": 4.359,"Triggers": [],"Execution Time": 143.038}]
[{"Plan": {"Node Type": "Aggregate","Strategy": "Sorted","Partial Mode": "Finalize","Parallel Aware": false,"Async Capable": false,"Startup Cost": 12972.06,"Total Cost": 13071.37,"Plan Rows": 744,"Plan Width": 72,"Actual Startup Time": 139.992,"Actual Total Time": 143.485,"Actual Rows": 7,"Actual Loops": 1,"Group Key": ["(SUBSTRING(customer.c_phone FROM 1 FOR 2))"],"Plans": [{"Node Type": "Aggregate","Strategy": "Plain","Partial Mode": "Finalize","Parent Relationship": "InitPlan","Subplan Name": "InitPlan 1 (returns $1)","Parallel Aware": false,"Async Capable": false,"Startup Cost": 6230.83,"Total Cost": 6230.84,"Plan Rows": 1,"Plan Width": 32,"Actual Startup Time": 61.587,"Actual Total Time": 61.749,"Actual Rows": 1,"Actual Loops": 1,"Plans": [{"Node Type": "Gather","Parent Relationship": "Outer","Parallel Aware": false,"Async Capable": false,"Startup Cost": 6230.61,"Total Cost": 6230.82,"Plan Rows": 2,"Plan Width": 32,"Actual Startup Time": 61.527,"Actual Total Time": 61.740,"Actual Rows": 3,"Actual Loops": 1,"Workers Planned": 2,"Workers Launched": 2,"Single Copy": false,"Plans": [{"Node Type": "Aggregate","Strategy": "Plain","Partial Mode": "Partial","Parent Relationship": "Outer","Parallel Aware": false,"Async Capable": false,"Startup Cost": 5230.61,"Total Cost": 5230.62,"Plan Rows": 1,"Plan Width": 32,"Actual Startup Time": 55.722,"Actual Total Time": 55.724,"Actual Rows": 1,"Actual Loops": 3,"Workers": [],"Plans": [{"Node Type": "Seq Scan","Parent Relationship": "Outer","Parallel Aware": true,"Async Capable": false,"Relation Name": "customer","Alias": "customer_1","Startup Cost": 0.00,"Total Cost": 5225.62,"Plan Rows": 1994,"Plan Width": 6,"Actual Startup Time": 0.056,"Actual Total Time": 54.668,"Actual Rows": 12722,"Actual Loops": 3,"Filter": "((c_acctbal > 0.00) AND (SUBSTRING(c_phone FROM 1 FOR 2) = ANY ('{25,31,32,23,10,21,12}'::text[])))","Rows Removed by Filter": 37278,"Workers": []}]}]}]},{"Node Type": "Gather Merge","Parent Relationship": "Outer","Parallel Aware": false,"Async Capable": false,"Startup Cost": 6741.22,"Total Cost": 6821.30,"Plan Rows": 620,"Plan Width": 72,"Actual Startup Time": 139.859,"Actual Total Time": 143.264,"Actual Rows": 21,"Actual Loops": 1,"Workers Planned": 2,"Params Evaluated": ["$1"],"Workers Launched": 2,"Plans": [{"Node Type": "Aggregate","Strategy": "Sorted","Partial Mode": "Partial","Parent Relationship": "Outer","Parallel Aware": false,"Async Capable": false,"Startup Cost": 5741.19,"Total Cost": 5749.72,"Plan Rows": 310,"Plan Width": 72,"Actual Startup Time": 71.870,"Actual Total Time": 72.171,"Actual Rows": 7,"Actual Loops": 3,"Group Key": ["(SUBSTRING(customer.c_phone FROM 1 FOR 2))"],"Workers": [],"Plans": [{"Node Type": "Sort","Parent Relationship": "Outer","Parallel Aware": false,"Async Capable": false,"Startup Cost": 5741.19,"Total Cost": 5741.97,"Plan Rows": 310,"Plan Width": 38,"Actual Startup Time": 71.805,"Actual Total Time": 71.887,"Actual Rows": 2116,"Actual Loops": 3,"Sort Key": ["(SUBSTRING(customer.c_phone FROM 1 FOR 2))"],"Sort Method": "quicksort","Sort Space Used": 231,"Sort Space Type": "Memory","Workers": [{"Worker Number": 0,"Sort Method": "quicksort","Sort Space Used": 158,"Sort Space Type": "Memory"},{"Worker Number": 1,"Sort Method": "quicksort","Sort Space Used": 151,"Sort Space Type": "Memory"}],"Plans": [{"Node Type": "Nested Loop","Parent Relationship": "Outer","Parallel Aware": false,"Async Capable": false,"Join Type": "Anti","Startup Cost": 0.43,"Total Cost": 5728.36,"Plan Rows": 310,"Plan Width": 38,"Actual Startup Time": 0.158,"Actual Total Time": 71.059,"Actual Rows": 2116,"Actual Loops": 3,"Inner Unique": false,"Workers": [],"Plans": [{"Node Type": "Seq Scan","Parent Relationship": "Outer","Parallel Aware": true,"Async Capable": false,"Relation Name": "customer","Alias": "customer","Startup Cost": 0.00,"Total Cost": 5225.62,"Plan Rows": 729,"Plan Width": 26,"Actual Startup Time": 0.043,"Actual Total Time": 46.885,"Actual Rows": 6335,"Actual Loops": 3,"Filter": "((c_acctbal > $1) AND (SUBSTRING(c_phone FROM 1 FOR 2) = ANY ('{25,31,32,23,10,21,12}'::text[])))","Rows Removed by Filter": 43665,"Workers": []},{"Node Type": "Index Only Scan","Parent Relationship": "Inner","Parallel Aware": false,"Async Capable": false,"Scan Direction": "Forward","Index Name": "idx_orders_custkey","Relation Name": "orders","Alias": "orders","Startup Cost": 0.43,"Total Cost": 3.28,"Plan Rows": 17,"Plan Width": 4,"Actual Startup Time": 0.003,"Actual Total Time": 0.003,"Actual Rows": 1,"Actual Loops": 19005,"Index Cond": "(o_custkey = customer.c_custkey)","Rows Removed by Index Recheck": 0,"Heap Fetches": 0,"Workers": []}]}]}]}]}]},"Planning Time": 3.564,"Triggers": [],"Execution Time": 143.829}]
[{"Plan": {"Node Type": "Aggregate","Strategy": "Sorted","Partial Mode": "Finalize","Parallel Aware": false,"Async Capable": false,"Startup Cost": 12972.06,"Total Cost": 13071.37,"Plan Rows": 744,"Plan Width": 72,"Actual Startup Time": 138.195,"Actual Total Time": 141.553,"Actual Rows": 7,"Actual Loops": 1,"Group Key": ["(SUBSTRING(customer.c_phone FROM 1 FOR 2))"],"Plans": [{"Node Type": "Aggregate","Strategy": "Plain","Partial Mode": "Finalize","Parent Relationship": "InitPlan","Subplan Name": "InitPlan 1 (returns $1)","Parallel Aware": false,"Async Capable": false,"Startup Cost": 6230.83,"Total Cost": 6230.84,"Plan Rows": 1,"Plan Width": 32,"Actual Startup Time": 61.495,"Actual Total Time": 61.661,"Actual Rows": 1,"Actual Loops": 1,"Plans": [{"Node Type": "Gather","Parent Relationship": "Outer","Parallel Aware": false,"Async Capable": false,"Startup Cost": 6230.61,"Total Cost": 6230.82,"Plan Rows": 2,"Plan Width": 32,"Actual Startup Time": 61.400,"Actual Total Time": 61.642,"Actual Rows": 3,"Actual Loops": 1,"Workers Planned": 2,"Workers Launched": 2,"Single Copy": false,"Plans": [{"Node Type": "Aggregate","Strategy": "Plain","Partial Mode": "Partial","Parent Relationship": "Outer","Parallel Aware": false,"Async Capable": false,"Startup Cost": 5230.61,"Total Cost": 5230.62,"Plan Rows": 1,"Plan Width": 32,"Actual Startup Time": 55.745,"Actual Total Time": 55.747,"Actual Rows": 1,"Actual Loops": 3,"Workers": [],"Plans": [{"Node Type": "Seq Scan","Parent Relationship": "Outer","Parallel Aware": true,"Async Capable": false,"Relation Name": "customer","Alias": "customer_1","Startup Cost": 0.00,"Total Cost": 5225.62,"Plan Rows": 1994,"Plan Width": 6,"Actual Startup Time": 0.046,"Actual Total Time": 54.657,"Actual Rows": 12715,"Actual Loops": 3,"Filter": "((c_acctbal > 0.00) AND (SUBSTRING(c_phone FROM 1 FOR 2) = ANY ('{28,24,11,20,13,12,21}'::text[])))","Rows Removed by Filter": 37285,"Workers": []}]}]}]},{"Node Type": "Gather Merge","Parent Relationship": "Outer","Parallel Aware": false,"Async Capable": false,"Startup Cost": 6741.22,"Total Cost": 6821.30,"Plan Rows": 620,"Plan Width": 72,"Actual Startup Time": 138.068,"Actual Total Time": 141.317,"Actual Rows": 21,"Actual Loops": 1,"Workers Planned": 2,"Params Evaluated": ["$1"],"Workers Launched": 2,"Plans": [{"Node Type": "Aggregate","Strategy": "Sorted","Partial Mode": "Partial","Parent Relationship": "Outer","Parallel Aware": false,"Async Capable": false,"Startup Cost": 5741.19,"Total Cost": 5749.72,"Plan Rows": 310,"Plan Width": 72,"Actual Startup Time": 70.199,"Actual Total Time": 70.493,"Actual Rows": 7,"Actual Loops": 3,"Group Key": ["(SUBSTRING(customer.c_phone FROM 1 FOR 2))"],"Workers": [],"Plans": [{"Node Type": "Sort","Parent Relationship": "Outer","Parallel Aware": false,"Async Capable": false,"Startup Cost": 5741.19,"Total Cost": 5741.97,"Plan Rows": 310,"Plan Width": 38,"Actual Startup Time": 70.129,"Actual Total Time": 70.207,"Actual Rows": 2120,"Actual Loops": 3,"Sort Key": ["(SUBSTRING(customer.c_phone FROM 1 FOR 2))"],"Sort Method": "quicksort","Sort Space Used": 230,"Sort Space Type": "Memory","Workers": [{"Worker Number": 0,"Sort Method": "quicksort","Sort Space Used": 158,"Sort Space Type": "Memory"},{"Worker Number": 1,"Sort Method": "quicksort","Sort Space Used": 153,"Sort Space Type": "Memory"}],"Plans": [{"Node Type": "Nested Loop","Parent Relationship": "Outer","Parallel Aware": false,"Async Capable": false,"Join Type": "Anti","Startup Cost": 0.43,"Total Cost": 5728.36,"Plan Rows": 310,"Plan Width": 38,"Actual Startup Time": 0.220,"Actual Total Time": 69.368,"Actual Rows": 2120,"Actual Loops": 3,"Inner Unique": false,"Workers": [],"Plans": [{"Node Type": "Seq Scan","Parent Relationship": "Outer","Parallel Aware": true,"Async Capable": false,"Relation Name": "customer","Alias": "customer","Startup Cost": 0.00,"Total Cost": 5225.62,"Plan Rows": 729,"Plan Width": 26,"Actual Startup Time": 0.033,"Actual Total Time": 45.663,"Actual Rows": 6330,"Actual Loops": 3,"Filter": "((c_acctbal > $1) AND (SUBSTRING(c_phone FROM 1 FOR 2) = ANY ('{28,24,11,20,13,12,21}'::text[])))","Rows Removed by Filter": 43670,"Workers": []},{"Node Type": "Index Only Scan","Parent Relationship": "Inner","Parallel Aware": false,"Async Capable": false,"Scan Direction": "Forward","Index Name": "idx_orders_custkey","Relation Name": "orders","Alias": "orders","Startup Cost": 0.43,"Total Cost": 3.28,"Plan Rows": 17,"Plan Width": 4,"Actual Startup Time": 0.003,"Actual Total Time": 0.003,"Actual Rows": 1,"Actual Loops": 18989,"Index Cond": "(o_custkey = customer.c_custkey)","Rows Removed by Index Recheck": 0,"Heap Fetches": 0,"Workers": []}]}]}]}]}]},"Planning Time": 3.672,"Triggers": [],"Execution Time": 141.834}]
[{"Plan": {"Node Type": "Aggregate","Strategy": "Sorted","Partial Mode": "Finalize","Parallel Aware": false,"Async Capable": false,"Startup Cost": 12972.06,"Total Cost": 13071.37,"Plan Rows": 744,"Plan Width": 72,"Actual Startup Time": 137.555,"Actual Total Time": 141.008,"Actual Rows": 7,"Actual Loops": 1,"Group Key": ["(SUBSTRING(customer.c_phone FROM 1 FOR 2))"],"Plans": [{"Node Type": "Aggregate","Strategy": "Plain","Partial Mode": "Finalize","Parent Relationship": "InitPlan","Subplan Name": "InitPlan 1 (returns $1)","Parallel Aware": false,"Async Capable": false,"Startup Cost": 6230.83,"Total Cost": 6230.84,"Plan Rows": 1,"Plan Width": 32,"Actual Startup Time": 59.354,"Actual Total Time": 59.562,"Actual Rows": 1,"Actual Loops": 1,"Plans": [{"Node Type": "Gather","Parent Relationship": "Outer","Parallel Aware": false,"Async Capable": false,"Startup Cost": 6230.61,"Total Cost": 6230.82,"Plan Rows": 2,"Plan Width": 32,"Actual Startup Time": 59.310,"Actual Total Time": 59.538,"Actual Rows": 3,"Actual Loops": 1,"Workers Planned": 2,"Workers Launched": 2,"Single Copy": false,"Plans": [{"Node Type": "Aggregate","Strategy": "Plain","Partial Mode": "Partial","Parent Relationship": "Outer","Parallel Aware": false,"Async Capable": false,"Startup Cost": 5230.61,"Total Cost": 5230.62,"Plan Rows": 1,"Plan Width": 32,"Actual Startup Time": 53.370,"Actual Total Time": 53.371,"Actual Rows": 1,"Actual Loops": 3,"Workers": [],"Plans": [{"Node Type": "Seq Scan","Parent Relationship": "Outer","Parallel Aware": true,"Async Capable": false,"Relation Name": "customer","Alias": "customer_1","Startup Cost": 0.00,"Total Cost": 5225.62,"Plan Rows": 1994,"Plan Width": 6,"Actual Startup Time": 0.043,"Actual Total Time": 52.313,"Actual Rows": 12803,"Actual Loops": 3,"Filter": "((c_acctbal > 0.00) AND (SUBSTRING(c_phone FROM 1 FOR 2) = ANY ('{23,19,13,12,20,22,16}'::text[])))","Rows Removed by Filter": 37197,"Workers": []}]}]}]},{"Node Type": "Gather Merge","Parent Relationship": "Outer","Parallel Aware": false,"Async Capable": false,"Startup Cost": 6741.22,"Total Cost": 6821.30,"Plan Rows": 620,"Plan Width": 72,"Actual Startup Time": 137.462,"Actual Total Time": 140.752,"Actual Rows": 21,"Actual Loops": 1,"Workers Planned": 2,"Params Evaluated": ["$1"],"Workers Launched": 2,"Plans": [{"Node Type": "Aggregate","Strategy": "Sorted","Partial Mode": "Partial","Parent Relationship": "Outer","Parallel Aware": false,"Async Capable": false,"Startup Cost": 5741.19,"Total Cost": 5749.72,"Plan Rows": 310,"Plan Width": 72,"Actual Startup Time": 71.428,"Actual Total Time": 71.722,"Actual Rows": 7,"Actual Loops": 3,"Group Key": ["(SUBSTRING(customer.c_phone FROM 1 FOR 2))"],"Workers": [],"Plans": [{"Node Type": "Sort","Parent Relationship": "Outer","Parallel Aware": false,"Async Capable": false,"Startup Cost": 5741.19,"Total Cost": 5741.97,"Plan Rows": 310,"Plan Width": 38,"Actual Startup Time": 71.352,"Actual Total Time": 71.432,"Actual Rows": 2104,"Actual Loops": 3,"Sort Key": ["(SUBSTRING(customer.c_phone FROM 1 FOR 2))"],"Sort Method": "quicksort","Sort Space Used": 231,"Sort Space Type": "Memory","Workers": [{"Worker Number": 0,"Sort Method": "quicksort","Sort Space Used": 149,"Sort Space Type": "Memory"},{"Worker Number": 1,"Sort Method": "quicksort","Sort Space Used": 158,"Sort Space Type": "Memory"}],"Plans": [{"Node Type": "Nested Loop","Parent Relationship": "Outer","Parallel Aware": false,"Async Capable": false,"Join Type": "Anti","Startup Cost": 0.43,"Total Cost": 5728.36,"Plan Rows": 310,"Plan Width": 38,"Actual Startup Time": 0.233,"Actual Total Time": 70.553,"Actual Rows": 2104,"Actual Loops": 3,"Inner Unique": false,"Workers": [],"Plans": [{"Node Type": "Seq Scan","Parent Relationship": "Outer","Parallel Aware": true,"Async Capable": false,"Relation Name": "customer","Alias": "customer","Startup Cost": 0.00,"Total Cost": 5225.62,"Plan Rows": 729,"Plan Width": 26,"Actual Startup Time": 0.034,"Actual Total Time": 46.192,"Actual Rows": 6368,"Actual Loops": 3,"Filter": "((c_acctbal > $1) AND (SUBSTRING(c_phone FROM 1 FOR 2) = ANY ('{23,19,13,12,20,22,16}'::text[])))","Rows Removed by Filter": 43632,"Workers": []},{"Node Type": "Index Only Scan","Parent Relationship": "Inner","Parallel Aware": false,"Async Capable": false,"Scan Direction": "Forward","Index Name": "idx_orders_custkey","Relation Name": "orders","Alias": "orders","Startup Cost": 0.43,"Total Cost": 3.28,"Plan Rows": 17,"Plan Width": 4,"Actual Startup Time": 0.003,"Actual Total Time": 0.003,"Actual Rows": 1,"Actual Loops": 19105,"Index Cond": "(o_custkey = customer.c_custkey)","Rows Removed by Index Recheck": 0,"Heap Fetches": 0,"Workers": []}]}]}]}]}]},"Planning Time": 3.706,"Triggers": [],"Execution Time": 141.346}]
[{"Plan": {"Node Type": "Aggregate","Strategy": "Sorted","Partial Mode": "Finalize","Parallel Aware": false,"Async Capable": false,"Startup Cost": 12972.06,"Total Cost": 13071.37,"Plan Rows": 744,"Plan Width": 72,"Actual Startup Time": 136.620,"Actual Total Time": 139.938,"Actual Rows": 7,"Actual Loops": 1,"Group Key": ["(SUBSTRING(customer.c_phone FROM 1 FOR 2))"],"Plans": [{"Node Type": "Aggregate","Strategy": "Plain","Partial Mode": "Finalize","Parent Relationship": "InitPlan","Subplan Name": "InitPlan 1 (returns $1)","Parallel Aware": false,"Async Capable": false,"Startup Cost": 6230.83,"Total Cost": 6230.84,"Plan Rows": 1,"Plan Width": 32,"Actual Startup Time": 59.242,"Actual Total Time": 59.452,"Actual Rows": 1,"Actual Loops": 1,"Plans": [{"Node Type": "Gather","Parent Relationship": "Outer","Parallel Aware": false,"Async Capable": false,"Startup Cost": 6230.61,"Total Cost": 6230.82,"Plan Rows": 2,"Plan Width": 32,"Actual Startup Time": 59.135,"Actual Total Time": 59.431,"Actual Rows": 3,"Actual Loops": 1,"Workers Planned": 2,"Workers Launched": 2,"Single Copy": false,"Plans": [{"Node Type": "Aggregate","Strategy": "Plain","Partial Mode": "Partial","Parent Relationship": "Outer","Parallel Aware": false,"Async Capable": false,"Startup Cost": 5230.61,"Total Cost": 5230.62,"Plan Rows": 1,"Plan Width": 32,"Actual Startup Time": 53.057,"Actual Total Time": 53.059,"Actual Rows": 1,"Actual Loops": 3,"Workers": [],"Plans": [{"Node Type": "Seq Scan","Parent Relationship": "Outer","Parallel Aware": true,"Async Capable": false,"Relation Name": "customer","Alias": "customer_1","Startup Cost": 0.00,"Total Cost": 5225.62,"Plan Rows": 1994,"Plan Width": 6,"Actual Startup Time": 0.057,"Actual Total Time": 51.975,"Actual Rows": 12782,"Actual Loops": 3,"Filter": "((c_acctbal > 0.00) AND (SUBSTRING(c_phone FROM 1 FOR 2) = ANY ('{19,15,18,13,33,34,14}'::text[])))","Rows Removed by Filter": 37218,"Workers": []}]}]}]},{"Node Type": "Gather Merge","Parent Relationship": "Outer","Parallel Aware": false,"Async Capable": false,"Startup Cost": 6741.22,"Total Cost": 6821.30,"Plan Rows": 620,"Plan Width": 72,"Actual Startup Time": 136.489,"Actual Total Time": 139.670,"Actual Rows": 21,"Actual Loops": 1,"Workers Planned": 2,"Params Evaluated": ["$1"],"Workers Launched": 2,"Plans": [{"Node Type": "Aggregate","Strategy": "Sorted","Partial Mode": "Partial","Parent Relationship": "Outer","Parallel Aware": false,"Async Capable": false,"Startup Cost": 5741.19,"Total Cost": 5749.72,"Plan Rows": 310,"Plan Width": 72,"Actual Startup Time": 70.634,"Actual Total Time": 70.943,"Actual Rows": 7,"Actual Loops": 3,"Group Key": ["(SUBSTRING(customer.c_phone FROM 1 FOR 2))"],"Workers": [],"Plans": [{"Node Type": "Sort","Parent Relationship": "Outer","Parallel Aware": false,"Async Capable": false,"Startup Cost": 5741.19,"Total Cost": 5741.97,"Plan Rows": 310,"Plan Width": 38,"Actual Startup Time": 70.566,"Actual Total Time": 70.648,"Actual Rows": 2177,"Actual Loops": 3,"Sort Key": ["(SUBSTRING(customer.c_phone FROM 1 FOR 2))"],"Sort Method": "quicksort","Sort Space Used": 235,"Sort Space Type": "Memory","Workers": [{"Worker Number": 0,"Sort Method": "quicksort","Sort Space Used": 155,"Sort Space Type": "Memory"},{"Worker Number": 1,"Sort Method": "quicksort","Sort Space Used": 209,"Sort Space Type": "Memory"}],"Plans": [{"Node Type": "Nested Loop","Parent Relationship": "Outer","Parallel Aware": false,"Async Capable": false,"Join Type": "Anti","Startup Cost": 0.43,"Total Cost": 5728.36,"Plan Rows": 310,"Plan Width": 38,"Actual Startup Time": 0.197,"Actual Total Time": 69.731,"Actual Rows": 2177,"Actual Loops": 3,"Inner Unique": false,"Workers": [],"Plans": [{"Node Type": "Seq Scan","Parent Relationship": "Outer","Parallel Aware": true,"Async Capable": false,"Relation Name": "customer","Alias": "customer","Startup Cost": 0.00,"Total Cost": 5225.62,"Plan Rows": 729,"Plan Width": 26,"Actual Startup Time": 0.039,"Actual Total Time": 45.525,"Actual Rows": 6380,"Actual Loops": 3,"Filter": "((c_acctbal > $1) AND (SUBSTRING(c_phone FROM 1 FOR 2) = ANY ('{19,15,18,13,33,34,14}'::text[])))","Rows Removed by Filter": 43620,"Workers": []},{"Node Type": "Index Only Scan","Parent Relationship": "Inner","Parallel Aware": false,"Async Capable": false,"Scan Direction": "Forward","Index Name": "idx_orders_custkey","Relation Name": "orders","Alias": "orders","Startup Cost": 0.43,"Total Cost": 3.28,"Plan Rows": 17,"Plan Width": 4,"Actual Startup Time": 0.003,"Actual Total Time": 0.003,"Actual Rows": 1,"Actual Loops": 19141,"Index Cond": "(o_custkey = customer.c_custkey)","Rows Removed by Index Recheck": 0,"Heap Fetches": 0,"Workers": []}]}]}]}]}]},"Planning Time": 3.541,"Triggers": [],"Execution Time": 140.313}]
[{"Plan": {"Node Type": "Aggregate","Strategy": "Sorted","Partial Mode": "Finalize","Parallel Aware": false,"Async Capable": false,"Startup Cost": 12972.06,"Total Cost": 13071.37,"Plan Rows": 744,"Plan Width": 72,"Actual Startup Time": 137.216,"Actual Total Time": 140.688,"Actual Rows": 7,"Actual Loops": 1,"Group Key": ["(SUBSTRING(customer.c_phone FROM 1 FOR 2))"],"Plans": [{"Node Type": "Aggregate","Strategy": "Plain","Partial Mode": "Finalize","Parent Relationship": "InitPlan","Subplan Name": "InitPlan 1 (returns $1)","Parallel Aware": false,"Async Capable": false,"Startup Cost": 6230.83,"Total Cost": 6230.84,"Plan Rows": 1,"Plan Width": 32,"Actual Startup Time": 60.097,"Actual Total Time": 60.276,"Actual Rows": 1,"Actual Loops": 1,"Plans": [{"Node Type": "Gather","Parent Relationship": "Outer","Parallel Aware": false,"Async Capable": false,"Startup Cost": 6230.61,"Total Cost": 6230.82,"Plan Rows": 2,"Plan Width": 32,"Actual Startup Time": 60.023,"Actual Total Time": 60.257,"Actual Rows": 3,"Actual Loops": 1,"Workers Planned": 2,"Workers Launched": 2,"Single Copy": false,"Plans": [{"Node Type": "Aggregate","Strategy": "Plain","Partial Mode": "Partial","Parent Relationship": "Outer","Parallel Aware": false,"Async Capable": false,"Startup Cost": 5230.61,"Total Cost": 5230.62,"Plan Rows": 1,"Plan Width": 32,"Actual Startup Time": 53.817,"Actual Total Time": 53.819,"Actual Rows": 1,"Actual Loops": 3,"Workers": [],"Plans": [{"Node Type": "Seq Scan","Parent Relationship": "Outer","Parallel Aware": true,"Async Capable": false,"Relation Name": "customer","Alias": "customer_1","Startup Cost": 0.00,"Total Cost": 5225.62,"Plan Rows": 1994,"Plan Width": 6,"Actual Startup Time": 0.058,"Actual Total Time": 52.785,"Actual Rows": 12685,"Actual Loops": 3,"Filter": "((c_acctbal > 0.00) AND (SUBSTRING(c_phone FROM 1 FOR 2) = ANY ('{24,25,32,17,10,23,11}'::text[])))","Rows Removed by Filter": 37315,"Workers": []}]}]}]},{"Node Type": "Gather Merge","Parent Relationship": "Outer","Parallel Aware": false,"Async Capable": false,"Startup Cost": 6741.22,"Total Cost": 6821.30,"Plan Rows": 620,"Plan Width": 72,"Actual Startup Time": 137.111,"Actual Total Time": 140.463,"Actual Rows": 21,"Actual Loops": 1,"Workers Planned": 2,"Params Evaluated": ["$1"],"Workers Launched": 2,"Plans": [{"Node Type": "Aggregate","Strategy": "Sorted","Partial Mode": "Partial","Parent Relationship": "Outer","Parallel Aware": false,"Async Capable": false,"Startup Cost": 5741.19,"Total Cost": 5749.72,"Plan Rows": 310,"Plan Width": 72,"Actual Startup Time": 70.330,"Actual Total Time": 70.623,"Actual Rows": 7,"Actual Loops": 3,"Group Key": ["(SUBSTRING(customer.c_phone FROM 1 FOR 2))"],"Workers": [],"Plans": [{"Node Type": "Sort","Parent Relationship": "Outer","Parallel Aware": false,"Async Capable": false,"Startup Cost": 5741.19,"Total Cost": 5741.97,"Plan Rows": 310,"Plan Width": 38,"Actual Startup Time": 70.261,"Actual Total Time": 70.340,"Actual Rows": 2091,"Actual Loops": 3,"Sort Key": ["(SUBSTRING(customer.c_phone FROM 1 FOR 2))"],"Sort Method": "quicksort","Sort Space Used": 230,"Sort Space Type": "Memory","Workers": [{"Worker Number": 0,"Sort Method": "quicksort","Sort Space Used": 151,"Sort Space Type": "Memory"},{"Worker Number": 1,"Sort Method": "quicksort","Sort Space Used": 155,"Sort Space Type": "Memory"}],"Plans": [{"Node Type": "Nested Loop","Parent Relationship": "Outer","Parallel Aware": false,"Async Capable": false,"Join Type": "Anti","Startup Cost": 0.43,"Total Cost": 5728.36,"Plan Rows": 310,"Plan Width": 38,"Actual Startup Time": 0.127,"Actual Total Time": 69.531,"Actual Rows": 2091,"Actual Loops": 3,"Inner Unique": false,"Workers": [],"Plans": [{"Node Type": "Seq Scan","Parent Relationship": "Outer","Parallel Aware": true,"Async Capable": false,"Relation Name": "customer","Alias": "customer","Startup Cost": 0.00,"Total Cost": 5225.62,"Plan Rows": 729,"Plan Width": 26,"Actual Startup Time": 0.035,"Actual Total Time": 45.582,"Actual Rows": 6314,"Actual Loops": 3,"Filter": "((c_acctbal > $1) AND (SUBSTRING(c_phone FROM 1 FOR 2) = ANY ('{24,25,32,17,10,23,11}'::text[])))","Rows Removed by Filter": 43686,"Workers": []},{"Node Type": "Index Only Scan","Parent Relationship": "Inner","Parallel Aware": false,"Async Capable": false,"Scan Direction": "Forward","Index Name": "idx_orders_custkey","Relation Name": "orders","Alias": "orders","Startup Cost": 0.43,"Total Cost": 3.28,"Plan Rows": 17,"Plan Width": 4,"Actual Startup Time": 0.003,"Actual Total Time": 0.003,"Actual Rows": 1,"Actual Loops": 18941,"Index Cond": "(o_custkey = customer.c_custkey)","Rows Removed by Index Recheck": 0,"Heap Fetches": 0,"Workers": []}]}]}]}]}]},"Planning Time": 4.867,"Triggers": [],"Execution Time": 141.151}]
[{"Plan": {"Node Type": "Aggregate","Strategy": "Sorted","Partial Mode": "Finalize","Parallel Aware": false,"Async Capable": false,"Startup Cost": 12972.06,"Total Cost": 13071.37,"Plan Rows": 744,"Plan Width": 72,"Actual Startup Time": 138.738,"Actual Total Time": 142.107,"Actual Rows": 7,"Actual Loops": 1,"Group Key": ["(SUBSTRING(customer.c_phone FROM 1 FOR 2))"],"Plans": [{"Node Type": "Aggregate","Strategy": "Plain","Partial Mode": "Finalize","Parent Relationship": "InitPlan","Subplan Name": "InitPlan 1 (returns $1)","Parallel Aware": false,"Async Capable": false,"Startup Cost": 6230.83,"Total Cost": 6230.84,"Plan Rows": 1,"Plan Width": 32,"Actual Startup Time": 61.409,"Actual Total Time": 61.542,"Actual Rows": 1,"Actual Loops": 1,"Plans": [{"Node Type": "Gather","Parent Relationship": "Outer","Parallel Aware": false,"Async Capable": false,"Startup Cost": 6230.61,"Total Cost": 6230.82,"Plan Rows": 2,"Plan Width": 32,"Actual Startup Time": 61.320,"Actual Total Time": 61.525,"Actual Rows": 3,"Actual Loops": 1,"Workers Planned": 2,"Workers Launched": 2,"Single Copy": false,"Plans": [{"Node Type": "Aggregate","Strategy": "Plain","Partial Mode": "Partial","Parent Relationship": "Outer","Parallel Aware": false,"Async Capable": false,"Startup Cost": 5230.61,"Total Cost": 5230.62,"Plan Rows": 1,"Plan Width": 32,"Actual Startup Time": 55.639,"Actual Total Time": 55.641,"Actual Rows": 1,"Actual Loops": 3,"Workers": [],"Plans": [{"Node Type": "Seq Scan","Parent Relationship": "Outer","Parallel Aware": true,"Async Capable": false,"Relation Name": "customer","Alias": "customer_1","Startup Cost": 0.00,"Total Cost": 5225.62,"Plan Rows": 1994,"Plan Width": 6,"Actual Startup Time": 0.061,"Actual Total Time": 54.549,"Actual Rows": 12805,"Actual Loops": 3,"Filter": "((c_acctbal > 0.00) AND (SUBSTRING(c_phone FROM 1 FOR 2) = ANY ('{24,26,14,31,33,19,28}'::text[])))","Rows Removed by Filter": 37195,"Workers": []}]}]}]},{"Node Type": "Gather Merge","Parent Relationship": "Outer","Parallel Aware": false,"Async Capable": false,"Startup Cost": 6741.22,"Total Cost": 6821.30,"Plan Rows": 620,"Plan Width": 72,"Actual Startup Time": 138.606,"Actual Total Time": 141.921,"Actual Rows": 21,"Actual Loops": 1,"Workers Planned": 2,"Params Evaluated": ["$1"],"Workers Launched": 2,"Plans": [{"Node Type": "Aggregate","Strategy": "Sorted","Partial Mode": "Partial","Parent Relationship": "Outer","Parallel Aware": false,"Async Capable": false,"Startup Cost": 5741.19,"Total Cost": 5749.72,"Plan Rows": 310,"Plan Width": 72,"Actual Startup Time": 70.840,"Actual Total Time": 71.141,"Actual Rows": 7,"Actual Loops": 3,"Group Key": ["(SUBSTRING(customer.c_phone FROM 1 FOR 2))"],"Workers": [],"Plans": [{"Node Type": "Sort","Parent Relationship": "Outer","Parallel Aware": false,"Async Capable": false,"Startup Cost": 5741.19,"Total Cost": 5741.97,"Plan Rows": 310,"Plan Width": 38,"Actual Startup Time": 70.772,"Actual Total Time": 70.852,"Actual Rows": 2156,"Actual Loops": 3,"Sort Key": ["(SUBSTRING(customer.c_phone FROM 1 FOR 2))"],"Sort Method": "quicksort","Sort Space Used": 232,"Sort Space Type": "Memory","Workers": [{"Worker Number": 0,"Sort Method": "quicksort","Sort Space Used": 210,"Sort Space Type": "Memory"},{"Worker Number": 1,"Sort Method": "quicksort","Sort Space Used": 153,"Sort Space Type": "Memory"}],"Plans": [{"Node Type": "Nested Loop","Parent Relationship": "Outer","Parallel Aware": false,"Async Capable": false,"Join Type": "Anti","Startup Cost": 0.43,"Total Cost": 5728.36,"Plan Rows": 310,"Plan Width": 38,"Actual Startup Time": 0.170,"Actual Total Time": 69.941,"Actual Rows": 2156,"Actual Loops": 3,"Inner Unique": false,"Workers": [],"Plans": [{"Node Type": "Seq Scan","Parent Relationship": "Outer","Parallel Aware": true,"Async Capable": false,"Relation Name": "customer","Alias": "customer","Startup Cost": 0.00,"Total Cost": 5225.62,"Plan Rows": 729,"Plan Width": 26,"Actual Startup Time": 0.041,"Actual Total Time": 45.724,"Actual Rows": 6413,"Actual Loops": 3,"Filter": "((c_acctbal > $1) AND (SUBSTRING(c_phone FROM 1 FOR 2) = ANY ('{24,26,14,31,33,19,28}'::text[])))","Rows Removed by Filter": 43587,"Workers": []},{"Node Type": "Index Only Scan","Parent Relationship": "Inner","Parallel Aware": false,"Async Capable": false,"Scan Direction": "Forward","Index Name": "idx_orders_custkey","Relation Name": "orders","Alias": "orders","Startup Cost": 0.43,"Total Cost": 3.28,"Plan Rows": 17,"Plan Width": 4,"Actual Startup Time": 0.003,"Actual Total Time": 0.003,"Actual Rows": 1,"Actual Loops": 19240,"Index Cond": "(o_custkey = customer.c_custkey)","Rows Removed by Index Recheck": 0,"Heap Fetches": 0,"Workers": []}]}]}]}]}]},"Planning Time": 3.946,"Triggers": [],"Execution Time": 142.419}]
[{"Plan": {"Node Type": "Aggregate","Strategy": "Sorted","Partial Mode": "Finalize","Parallel Aware": false,"Async Capable": false,"Startup Cost": 12972.06,"Total Cost": 13071.37,"Plan Rows": 744,"Plan Width": 72,"Actual Startup Time": 139.507,"Actual Total Time": 142.944,"Actual Rows": 7,"Actual Loops": 1,"Group Key": ["(SUBSTRING(customer.c_phone FROM 1 FOR 2))"],"Plans": [{"Node Type": "Aggregate","Strategy": "Plain","Partial Mode": "Finalize","Parent Relationship": "InitPlan","Subplan Name": "InitPlan 1 (returns $1)","Parallel Aware": false,"Async Capable": false,"Startup Cost": 6230.83,"Total Cost": 6230.84,"Plan Rows": 1,"Plan Width": 32,"Actual Startup Time": 61.920,"Actual Total Time": 62.065,"Actual Rows": 1,"Actual Loops": 1,"Plans": [{"Node Type": "Gather","Parent Relationship": "Outer","Parallel Aware": false,"Async Capable": false,"Startup Cost": 6230.61,"Total Cost": 6230.82,"Plan Rows": 2,"Plan Width": 32,"Actual Startup Time": 61.817,"Actual Total Time": 62.048,"Actual Rows": 3,"Actual Loops": 1,"Workers Planned": 2,"Workers Launched": 2,"Single Copy": false,"Plans": [{"Node Type": "Aggregate","Strategy": "Plain","Partial Mode": "Partial","Parent Relationship": "Outer","Parallel Aware": false,"Async Capable": false,"Startup Cost": 5230.61,"Total Cost": 5230.62,"Plan Rows": 1,"Plan Width": 32,"Actual Startup Time": 56.206,"Actual Total Time": 56.208,"Actual Rows": 1,"Actual Loops": 3,"Workers": [],"Plans": [{"Node Type": "Seq Scan","Parent Relationship": "Outer","Parallel Aware": true,"Async Capable": false,"Relation Name": "customer","Alias": "customer_1","Startup Cost": 0.00,"Total Cost": 5225.62,"Plan Rows": 1994,"Plan Width": 6,"Actual Startup Time": 0.058,"Actual Total Time": 55.151,"Actual Rows": 12775,"Actual Loops": 3,"Filter": "((c_acctbal > 0.00) AND (SUBSTRING(c_phone FROM 1 FOR 2) = ANY ('{33,17,31,23,14,19,11}'::text[])))","Rows Removed by Filter": 37225,"Workers": []}]}]}]},{"Node Type": "Gather Merge","Parent Relationship": "Outer","Parallel Aware": false,"Async Capable": false,"Startup Cost": 6741.22,"Total Cost": 6821.30,"Plan Rows": 620,"Plan Width": 72,"Actual Startup Time": 139.384,"Actual Total Time": 142.734,"Actual Rows": 21,"Actual Loops": 1,"Workers Planned": 2,"Params Evaluated": ["$1"],"Workers Launched": 2,"Plans": [{"Node Type": "Aggregate","Strategy": "Sorted","Partial Mode": "Partial","Parent Relationship": "Outer","Parallel Aware": false,"Async Capable": false,"Startup Cost": 5741.19,"Total Cost": 5749.72,"Plan Rows": 310,"Plan Width": 72,"Actual Startup Time": 71.102,"Actual Total Time": 71.459,"Actual Rows": 7,"Actual Loops": 3,"Group Key": ["(SUBSTRING(customer.c_phone FROM 1 FOR 2))"],"Workers": [],"Plans": [{"Node Type": "Sort","Parent Relationship": "Outer","Parallel Aware": false,"Async Capable": false,"Startup Cost": 5741.19,"Total Cost": 5741.97,"Plan Rows": 310,"Plan Width": 38,"Actual Startup Time": 71.036,"Actual Total Time": 71.118,"Actual Rows": 2150,"Actual Loops": 3,"Sort Key": ["(SUBSTRING(customer.c_phone FROM 1 FOR 2))"],"Sort Method": "quicksort","Sort Space Used": 233,"Sort Space Type": "Memory","Workers": [{"Worker Number": 0,"Sort Method": "quicksort","Sort Space Used": 160,"Sort Space Type": "Memory"},{"Worker Number": 1,"Sort Method": "quicksort","Sort Space Used": 153,"Sort Space Type": "Memory"}],"Plans": [{"Node Type": "Nested Loop","Parent Relationship": "Outer","Parallel Aware": false,"Async Capable": false,"Join Type": "Anti","Startup Cost": 0.43,"Total Cost": 5728.36,"Plan Rows": 310,"Plan Width": 38,"Actual Startup Time": 0.157,"Actual Total Time": 70.225,"Actual Rows": 2150,"Actual Loops": 3,"Inner Unique": false,"Workers": [],"Plans": [{"Node Type": "Seq Scan","Parent Relationship": "Outer","Parallel Aware": true,"Async Capable": false,"Relation Name": "customer","Alias": "customer","Startup Cost": 0.00,"Total Cost": 5225.62,"Plan Rows": 729,"Plan Width": 26,"Actual Startup Time": 0.034,"Actual Total Time": 46.192,"Actual Rows": 6362,"Actual Loops": 3,"Filter": "((c_acctbal > $1) AND (SUBSTRING(c_phone FROM 1 FOR 2) = ANY ('{33,17,31,23,14,19,11}'::text[])))","Rows Removed by Filter": 43638,"Workers": []},{"Node Type": "Index Only Scan","Parent Relationship": "Inner","Parallel Aware": false,"Async Capable": false,"Scan Direction": "Forward","Index Name": "idx_orders_custkey","Relation Name": "orders","Alias": "orders","Startup Cost": 0.43,"Total Cost": 3.28,"Plan Rows": 17,"Plan Width": 4,"Actual Startup Time": 0.003,"Actual Total Time": 0.003,"Actual Rows": 1,"Actual Loops": 19087,"Index Cond": "(o_custkey = customer.c_custkey)","Rows Removed by Index Recheck": 0,"Heap Fetches": 0,"Workers": []}]}]}]}]}]},"Planning Time": 4.266,"Triggers": [],"Execution Time": 143.261}]
[{"Plan": {"Node Type": "Aggregate","Strategy": "Sorted","Partial Mode": "Finalize","Parallel Aware": false,"Async Capable": false,"Startup Cost": 12972.06,"Total Cost": 13071.37,"Plan Rows": 744,"Plan Width": 72,"Actual Startup Time": 135.804,"Actual Total Time": 139.540,"Actual Rows": 7,"Actual Loops": 1,"Group Key": ["(SUBSTRING(customer.c_phone FROM 1 FOR 2))"],"Plans": [{"Node Type": "Aggregate","Strategy": "Plain","Partial Mode": "Finalize","Parent Relationship": "InitPlan","Subplan Name": "InitPlan 1 (returns $1)","Parallel Aware": false,"Async Capable": false,"Startup Cost": 6230.83,"Total Cost": 6230.84,"Plan Rows": 1,"Plan Width": 32,"Actual Startup Time": 61.623,"Actual Total Time": 61.846,"Actual Rows": 1,"Actual Loops": 1,"Plans": [{"Node Type": "Gather","Parent Relationship": "Outer","Parallel Aware": false,"Async Capable": false,"Startup Cost": 6230.61,"Total Cost": 6230.82,"Plan Rows": 2,"Plan Width": 32,"Actual Startup Time": 61.526,"Actual Total Time": 61.834,"Actual Rows": 3,"Actual Loops": 1,"Workers Planned": 2,"Workers Launched": 2,"Single Copy": false,"Plans": [{"Node Type": "Aggregate","Strategy": "Plain","Partial Mode": "Partial","Parent Relationship": "Outer","Parallel Aware": false,"Async Capable": false,"Startup Cost": 5230.61,"Total Cost": 5230.62,"Plan Rows": 1,"Plan Width": 32,"Actual Startup Time": 55.197,"Actual Total Time": 55.197,"Actual Rows": 1,"Actual Loops": 3,"Workers": [],"Plans": [{"Node Type": "Seq Scan","Parent Relationship": "Outer","Parallel Aware": true,"Async Capable": false,"Relation Name": "customer","Alias": "customer_1","Startup Cost": 0.00,"Total Cost": 5225.62,"Plan Rows": 1994,"Plan Width": 6,"Actual Startup Time": 0.057,"Actual Total Time": 54.102,"Actual Rows": 12774,"Actual Loops": 3,"Filter": "((c_acctbal > 0.00) AND (SUBSTRING(c_phone FROM 1 FOR 2) = ANY ('{32,30,19,26,31,14,12}'::text[])))","Rows Removed by Filter": 37226,"Workers": []}]}]}]},{"Node Type": "Gather Merge","Parent Relationship": "Outer","Parallel Aware": false,"Async Capable": false,"Startup Cost": 6741.22,"Total Cost": 6821.30,"Plan Rows": 620,"Plan Width": 72,"Actual Startup Time": 135.676,"Actual Total Time": 139.262,"Actual Rows": 21,"Actual Loops": 1,"Workers Planned": 2,"Params Evaluated": ["$1"],"Workers Launched": 2,"Plans": [{"Node Type": "Aggregate","Strategy": "Sorted","Partial Mode": "Partial","Parent Relationship": "Outer","Parallel Aware": false,"Async Capable": false,"Startup Cost": 5741.19,"Total Cost": 5749.72,"Plan Rows": 310,"Plan Width": 72,"Actual Startup Time": 67.396,"Actual Total Time": 67.700,"Actual Rows": 7,"Actual Loops": 3,"Group Key": ["(SUBSTRING(customer.c_phone FROM 1 FOR 2))"],"Workers": [],"Plans": [{"Node Type": "Sort","Parent Relationship": "Outer","Parallel Aware": false,"Async Capable": false,"Startup Cost": 5741.19,"Total Cost": 5741.97,"Plan Rows": 310,"Plan Width": 38,"Actual Startup Time": 67.330,"Actual Total Time": 67.414,"Actual Rows": 2128,"Actual Loops": 3,"Sort Key": ["(SUBSTRING(customer.c_phone FROM 1 FOR 2))"],"Sort Method": "quicksort","Sort Space Used": 235,"Sort Space Type": "Memory","Workers": [{"Worker Number": 0,"Sort Method": "quicksort","Sort Space Used": 155,"Sort Space Type": "Memory"},{"Worker Number": 1,"Sort Method": "quicksort","Sort Space Used": 152,"Sort Space Type": "Memory"}],"Plans": [{"Node Type": "Nested Loop","Parent Relationship": "Outer","Parallel Aware": false,"Async Capable": false,"Join Type": "Anti","Startup Cost": 0.43,"Total Cost": 5728.36,"Plan Rows": 310,"Plan Width": 38,"Actual Startup Time": 0.168,"Actual Total Time": 66.545,"Actual Rows": 2128,"Actual Loops": 3,"Inner Unique": false,"Workers": [],"Plans": [{"Node Type": "Seq Scan","Parent Relationship": "Outer","Parallel Aware": true,"Async Capable": false,"Relation Name": "customer","Alias": "customer","Startup Cost": 0.00,"Total Cost": 5225.62,"Plan Rows": 729,"Plan Width": 26,"Actual Startup Time": 0.048,"Actual Total Time": 43.561,"Actual Rows": 6378,"Actual Loops": 3,"Filter": "((c_acctbal > $1) AND (SUBSTRING(c_phone FROM 1 FOR 2) = ANY ('{32,30,19,26,31,14,12}'::text[])))","Rows Removed by Filter": 43622,"Workers": []},{"Node Type": "Index Only Scan","Parent Relationship": "Inner","Parallel Aware": false,"Async Capable": false,"Scan Direction": "Forward","Index Name": "idx_orders_custkey","Relation Name": "orders","Alias": "orders","Startup Cost": 0.43,"Total Cost": 3.28,"Plan Rows": 17,"Plan Width": 4,"Actual Startup Time": 0.003,"Actual Total Time": 0.003,"Actual Rows": 1,"Actual Loops": 19134,"Index Cond": "(o_custkey = customer.c_custkey)","Rows Removed by Index Recheck": 0,"Heap Fetches": 0,"Workers": []}]}]}]}]}]},"Planning Time": 3.976,"Triggers": [],"Execution Time": 139.955}]
[{"Plan": {"Node Type": "Aggregate","Strategy": "Sorted","Partial Mode": "Finalize","Parallel Aware": false,"Async Capable": false,"Startup Cost": 12972.06,"Total Cost": 13071.37,"Plan Rows": 744,"Plan Width": 72,"Actual Startup Time": 136.109,"Actual Total Time": 139.573,"Actual Rows": 7,"Actual Loops": 1,"Group Key": ["(SUBSTRING(customer.c_phone FROM 1 FOR 2))"],"Plans": [{"Node Type": "Aggregate","Strategy": "Plain","Partial Mode": "Finalize","Parent Relationship": "InitPlan","Subplan Name": "InitPlan 1 (returns $1)","Parallel Aware": false,"Async Capable": false,"Startup Cost": 6230.83,"Total Cost": 6230.84,"Plan Rows": 1,"Plan Width": 32,"Actual Startup Time": 59.456,"Actual Total Time": 59.633,"Actual Rows": 1,"Actual Loops": 1,"Plans": [{"Node Type": "Gather","Parent Relationship": "Outer","Parallel Aware": false,"Async Capable": false,"Startup Cost": 6230.61,"Total Cost": 6230.82,"Plan Rows": 2,"Plan Width": 32,"Actual Startup Time": 59.357,"Actual Total Time": 59.615,"Actual Rows": 3,"Actual Loops": 1,"Workers Planned": 2,"Workers Launched": 2,"Single Copy": false,"Plans": [{"Node Type": "Aggregate","Strategy": "Plain","Partial Mode": "Partial","Parent Relationship": "Outer","Parallel Aware": false,"Async Capable": false,"Startup Cost": 5230.61,"Total Cost": 5230.62,"Plan Rows": 1,"Plan Width": 32,"Actual Startup Time": 53.368,"Actual Total Time": 53.369,"Actual Rows": 1,"Actual Loops": 3,"Workers": [],"Plans": [{"Node Type": "Seq Scan","Parent Relationship": "Outer","Parallel Aware": true,"Async Capable": false,"Relation Name": "customer","Alias": "customer_1","Startup Cost": 0.00,"Total Cost": 5225.62,"Plan Rows": 1994,"Plan Width": 6,"Actual Startup Time": 0.060,"Actual Total Time": 52.306,"Actual Rows": 12668,"Actual Loops": 3,"Filter": "((c_acctbal > 0.00) AND (SUBSTRING(c_phone FROM 1 FOR 2) = ANY ('{20,12,24,34,22,26,17}'::text[])))","Rows Removed by Filter": 37332,"Workers": []}]}]}]},{"Node Type": "Gather Merge","Parent Relationship": "Outer","Parallel Aware": false,"Async Capable": false,"Startup Cost": 6741.22,"Total Cost": 6821.30,"Plan Rows": 620,"Plan Width": 72,"Actual Startup Time": 135.989,"Actual Total Time": 139.344,"Actual Rows": 21,"Actual Loops": 1,"Workers Planned": 2,"Params Evaluated": ["$1"],"Workers Launched": 2,"Plans": [{"Node Type": "Aggregate","Strategy": "Sorted","Partial Mode": "Partial","Parent Relationship": "Outer","Parallel Aware": false,"Async Capable": false,"Startup Cost": 5741.19,"Total Cost": 5749.72,"Plan Rows": 310,"Plan Width": 72,"Actual Startup Time": 70.049,"Actual Total Time": 70.345,"Actual Rows": 7,"Actual Loops": 3,"Group Key": ["(SUBSTRING(customer.c_phone FROM 1 FOR 2))"],"Workers": [],"Plans": [{"Node Type": "Sort","Parent Relationship": "Outer","Parallel Aware": false,"Async Capable": false,"Startup Cost": 5741.19,"Total Cost": 5741.97,"Plan Rows": 310,"Plan Width": 38,"Actual Startup Time": 69.985,"Actual Total Time": 70.069,"Actual Rows": 2083,"Actual Loops": 3,"Sort Key": ["(SUBSTRING(customer.c_phone FROM 1 FOR 2))"],"Sort Method": "quicksort","Sort Space Used": 229,"Sort Space Type": "Memory","Workers": [{"Worker Number": 0,"Sort Method": "quicksort","Sort Space Used": 152,"Sort Space Type": "Memory"},{"Worker Number": 1,"Sort Method": "quicksort","Sort Space Used": 155,"Sort Space Type": "Memory"}],"Plans": [{"Node Type": "Nested Loop","Parent Relationship": "Outer","Parallel Aware": false,"Async Capable": false,"Join Type": "Anti","Startup Cost": 0.43,"Total Cost": 5728.36,"Plan Rows": 310,"Plan Width": 38,"Actual Startup Time": 0.132,"Actual Total Time": 69.215,"Actual Rows": 2083,"Actual Loops": 3,"Inner Unique": false,"Workers": [],"Plans": [{"Node Type": "Seq Scan","Parent Relationship": "Outer","Parallel Aware": true,"Async Capable": false,"Relation Name": "customer","Alias": "customer","Startup Cost": 0.00,"Total Cost": 5225.62,"Plan Rows": 729,"Plan Width": 26,"Actual Startup Time": 0.034,"Actual Total Time": 45.330,"Actual Rows": 6345,"Actual Loops": 3,"Filter": "((c_acctbal > $1) AND (SUBSTRING(c_phone FROM 1 FOR 2) = ANY ('{20,12,24,34,22,26,17}'::text[])))","Rows Removed by Filter": 43655,"Workers": []},{"Node Type": "Index Only Scan","Parent Relationship": "Inner","Parallel Aware": false,"Async Capable": false,"Scan Direction": "Forward","Index Name": "idx_orders_custkey","Relation Name": "orders","Alias": "orders","Startup Cost": 0.43,"Total Cost": 3.28,"Plan Rows": 17,"Plan Width": 4,"Actual Startup Time": 0.003,"Actual Total Time": 0.003,"Actual Rows": 1,"Actual Loops": 19036,"Index Cond": "(o_custkey = customer.c_custkey)","Rows Removed by Index Recheck": 0,"Heap Fetches": 0,"Workers": []}]}]}]}]}]},"Planning Time": 3.434,"Triggers": [],"Execution Time": 139.897}]
[{"Plan": {"Node Type": "Aggregate","Strategy": "Sorted","Partial Mode": "Finalize","Parallel Aware": false,"Async Capable": false,"Startup Cost": 12972.06,"Total Cost": 13071.37,"Plan Rows": 744,"Plan Width": 72,"Actual Startup Time": 138.552,"Actual Total Time": 142.089,"Actual Rows": 7,"Actual Loops": 1,"Group Key": ["(SUBSTRING(customer.c_phone FROM 1 FOR 2))"],"Plans": [{"Node Type": "Aggregate","Strategy": "Plain","Partial Mode": "Finalize","Parent Relationship": "InitPlan","Subplan Name": "InitPlan 1 (returns $1)","Parallel Aware": false,"Async Capable": false,"Startup Cost": 6230.83,"Total Cost": 6230.84,"Plan Rows": 1,"Plan Width": 32,"Actual Startup Time": 61.195,"Actual Total Time": 61.374,"Actual Rows": 1,"Actual Loops": 1,"Plans": [{"Node Type": "Gather","Parent Relationship": "Outer","Parallel Aware": false,"Async Capable": false,"Startup Cost": 6230.61,"Total Cost": 6230.82,"Plan Rows": 2,"Plan Width": 32,"Actual Startup Time": 61.118,"Actual Total Time": 61.356,"Actual Rows": 3,"Actual Loops": 1,"Workers Planned": 2,"Workers Launched": 2,"Single Copy": false,"Plans": [{"Node Type": "Aggregate","Strategy": "Plain","Partial Mode": "Partial","Parent Relationship": "Outer","Parallel Aware": false,"Async Capable": false,"Startup Cost": 5230.61,"Total Cost": 5230.62,"Plan Rows": 1,"Plan Width": 32,"Actual Startup Time": 55.513,"Actual Total Time": 55.515,"Actual Rows": 1,"Actual Loops": 3,"Workers": [],"Plans": [{"Node Type": "Seq Scan","Parent Relationship": "Outer","Parallel Aware": true,"Async Capable": false,"Relation Name": "customer","Alias": "customer_1","Startup Cost": 0.00,"Total Cost": 5225.62,"Plan Rows": 1994,"Plan Width": 6,"Actual Startup Time": 0.059,"Actual Total Time": 54.426,"Actual Rows": 12679,"Actual Loops": 3,"Filter": "((c_acctbal > 0.00) AND (SUBSTRING(c_phone FROM 1 FOR 2) = ANY ('{27,17,13,33,15,31,28}'::text[])))","Rows Removed by Filter": 37321,"Workers": []}]}]}]},{"Node Type": "Gather Merge","Parent Relationship": "Outer","Parallel Aware": false,"Async Capable": false,"Startup Cost": 6741.22,"Total Cost": 6821.30,"Plan Rows": 620,"Plan Width": 72,"Actual Startup Time": 138.423,"Actual Total Time": 141.859,"Actual Rows": 21,"Actual Loops": 1,"Workers Planned": 2,"Params Evaluated": ["$1"],"Workers Launched": 2,"Plans": [{"Node Type": "Aggregate","Strategy": "Sorted","Partial Mode": "Partial","Parent Relationship": "Outer","Parallel Aware": false,"Async Capable": false,"Startup Cost": 5741.19,"Total Cost": 5749.72,"Plan Rows": 310,"Plan Width": 72,"Actual Startup Time": 70.872,"Actual Total Time": 71.171,"Actual Rows": 7,"Actual Loops": 3,"Group Key": ["(SUBSTRING(customer.c_phone FROM 1 FOR 2))"],"Workers": [],"Plans": [{"Node Type": "Sort","Parent Relationship": "Outer","Parallel Aware": false,"Async Capable": false,"Startup Cost": 5741.19,"Total Cost": 5741.97,"Plan Rows": 310,"Plan Width": 38,"Actual Startup Time": 70.808,"Actual Total Time": 70.895,"Actual Rows": 2108,"Actual Loops": 3,"Sort Key": ["(SUBSTRING(customer.c_phone FROM 1 FOR 2))"],"Sort Method": "quicksort","Sort Space Used": 232,"Sort Space Type": "Memory","Workers": [{"Worker Number": 0,"Sort Method": "quicksort","Sort Space Used": 155,"Sort Space Type": "Memory"},{"Worker Number": 1,"Sort Method": "quicksort","Sort Space Used": 152,"Sort Space Type": "Memory"}],"Plans": [{"Node Type": "Nested Loop","Parent Relationship": "Outer","Parallel Aware": false,"Async Capable": false,"Join Type": "Anti","Startup Cost": 0.43,"Total Cost": 5728.36,"Plan Rows": 310,"Plan Width": 38,"Actual Startup Time": 0.158,"Actual Total Time": 70.000,"Actual Rows": 2108,"Actual Loops": 3,"Inner Unique": false,"Workers": [],"Plans": [{"Node Type": "Seq Scan","Parent Relationship": "Outer","Parallel Aware": true,"Async Capable": false,"Relation Name": "customer","Alias": "customer","Startup Cost": 0.00,"Total Cost": 5225.62,"Plan Rows": 729,"Plan Width": 26,"Actual Startup Time": 0.035,"Actual Total Time": 46.039,"Actual Rows": 6299,"Actual Loops": 3,"Filter": "((c_acctbal > $1) AND (SUBSTRING(c_phone FROM 1 FOR 2) = ANY ('{27,17,13,33,15,31,28}'::text[])))","Rows Removed by Filter": 43701,"Workers": []},{"Node Type": "Index Only Scan","Parent Relationship": "Inner","Parallel Aware": false,"Async Capable": false,"Scan Direction": "Forward","Index Name": "idx_orders_custkey","Relation Name": "orders","Alias": "orders","Startup Cost": 0.43,"Total Cost": 3.28,"Plan Rows": 17,"Plan Width": 4,"Actual Startup Time": 0.003,"Actual Total Time": 0.003,"Actual Rows": 1,"Actual Loops": 18896,"Index Cond": "(o_custkey = customer.c_custkey)","Rows Removed by Index Recheck": 0,"Heap Fetches": 0,"Workers": []}]}]}]}]}]},"Planning Time": 3.619,"Triggers": [],"Execution Time": 142.398}]
[{"Plan": {"Node Type": "Aggregate","Strategy": "Sorted","Partial Mode": "Finalize","Parallel Aware": false,"Async Capable": false,"Startup Cost": 12972.06,"Total Cost": 13071.37,"Plan Rows": 744,"Plan Width": 72,"Actual Startup Time": 141.192,"Actual Total Time": 144.599,"Actual Rows": 7,"Actual Loops": 1,"Group Key": ["(SUBSTRING(customer.c_phone FROM 1 FOR 2))"],"Plans": [{"Node Type": "Aggregate","Strategy": "Plain","Partial Mode": "Finalize","Parent Relationship": "InitPlan","Subplan Name": "InitPlan 1 (returns $1)","Parallel Aware": false,"Async Capable": false,"Startup Cost": 6230.83,"Total Cost": 6230.84,"Plan Rows": 1,"Plan Width": 32,"Actual Startup Time": 61.742,"Actual Total Time": 61.911,"Actual Rows": 1,"Actual Loops": 1,"Plans": [{"Node Type": "Gather","Parent Relationship": "Outer","Parallel Aware": false,"Async Capable": false,"Startup Cost": 6230.61,"Total Cost": 6230.82,"Plan Rows": 2,"Plan Width": 32,"Actual Startup Time": 61.650,"Actual Total Time": 61.890,"Actual Rows": 3,"Actual Loops": 1,"Workers Planned": 2,"Workers Launched": 2,"Single Copy": false,"Plans": [{"Node Type": "Aggregate","Strategy": "Plain","Partial Mode": "Partial","Parent Relationship": "Outer","Parallel Aware": false,"Async Capable": false,"Startup Cost": 5230.61,"Total Cost": 5230.62,"Plan Rows": 1,"Plan Width": 32,"Actual Startup Time": 55.943,"Actual Total Time": 55.944,"Actual Rows": 1,"Actual Loops": 3,"Workers": [],"Plans": [{"Node Type": "Seq Scan","Parent Relationship": "Outer","Parallel Aware": true,"Async Capable": false,"Relation Name": "customer","Alias": "customer_1","Startup Cost": 0.00,"Total Cost": 5225.62,"Plan Rows": 1994,"Plan Width": 6,"Actual Startup Time": 0.056,"Actual Total Time": 54.897,"Actual Rows": 12721,"Actual Loops": 3,"Filter": "((c_acctbal > 0.00) AND (SUBSTRING(c_phone FROM 1 FOR 2) = ANY ('{16,23,15,30,33,24,34}'::text[])))","Rows Removed by Filter": 37279,"Workers": []}]}]}]},{"Node Type": "Gather Merge","Parent Relationship": "Outer","Parallel Aware": false,"Async Capable": false,"Startup Cost": 6741.22,"Total Cost": 6821.30,"Plan Rows": 620,"Plan Width": 72,"Actual Startup Time": 141.061,"Actual Total Time": 144.366,"Actual Rows": 21,"Actual Loops": 1,"Workers Planned": 2,"Params Evaluated": ["$1"],"Workers Launched": 2,"Plans": [{"Node Type": "Aggregate","Strategy": "Sorted","Partial Mode": "Partial","Parent Relationship": "Outer","Parallel Aware": false,"Async Capable": false,"Startup Cost": 5741.19,"Total Cost": 5749.72,"Plan Rows": 310,"Plan Width": 72,"Actual Startup Time": 72.808,"Actual Total Time": 73.107,"Actual Rows": 7,"Actual Loops": 3,"Group Key": ["(SUBSTRING(customer.c_phone FROM 1 FOR 2))"],"Workers": [],"Plans": [{"Node Type": "Sort","Parent Relationship": "Outer","Parallel Aware": false,"Async Capable": false,"Startup Cost": 5741.19,"Total Cost": 5741.97,"Plan Rows": 310,"Plan Width": 38,"Actual Startup Time": 72.744,"Actual Total Time": 72.822,"Actual Rows": 2132,"Actual Loops": 3,"Sort Key": ["(SUBSTRING(customer.c_phone FROM 1 FOR 2))"],"Sort Method": "quicksort","Sort Space Used": 231,"Sort Space Type": "Memory","Workers": [{"Worker Number": 0,"Sort Method": "quicksort","Sort Space Used": 160,"Sort Space Type": "Memory"},{"Worker Number": 1,"Sort Method": "quicksort","Sort Space Used": 152,"Sort Space Type": "Memory"}],"Plans": [{"Node Type": "Nested Loop","Parent Relationship": "Outer","Parallel Aware": false,"Async Capable": false,"Join Type": "Anti","Startup Cost": 0.43,"Total Cost": 5728.36,"Plan Rows": 310,"Plan Width": 38,"Actual Startup Time": 0.225,"Actual Total Time": 71.971,"Actual Rows": 2132,"Actual Loops": 3,"Inner Unique": false,"Workers": [],"Plans": [{"Node Type": "Seq Scan","Parent Relationship": "Outer","Parallel Aware": true,"Async Capable": false,"Relation Name": "customer","Alias": "customer","Startup Cost": 0.00,"Total Cost": 5225.62,"Plan Rows": 729,"Plan Width": 26,"Actual Startup Time": 0.035,"Actual Total Time": 47.388,"Actual Rows": 6351,"Actual Loops": 3,"Filter": "((c_acctbal > $1) AND (SUBSTRING(c_phone FROM 1 FOR 2) = ANY ('{16,23,15,30,33,24,34}'::text[])))","Rows Removed by Filter": 43649,"Workers": []},{"Node Type": "Index Only Scan","Parent Relationship": "Inner","Parallel Aware": false,"Async Capable": false,"Scan Direction": "Forward","Index Name": "idx_orders_custkey","Relation Name": "orders","Alias": "orders","Startup Cost": 0.43,"Total Cost": 3.28,"Plan Rows": 17,"Plan Width": 4,"Actual Startup Time": 0.004,"Actual Total Time": 0.004,"Actual Rows": 1,"Actual Loops": 19054,"Index Cond": "(o_custkey = customer.c_custkey)","Rows Removed by Index Recheck": 0,"Heap Fetches": 0,"Workers": []}]}]}]}]}]},"Planning Time": 3.755,"Triggers": [],"Execution Time": 144.923}]
[{"Plan": {"Node Type": "Aggregate","Strategy": "Sorted","Partial Mode": "Finalize","Parallel Aware": false,"Async Capable": false,"Startup Cost": 12972.06,"Total Cost": 13071.37,"Plan Rows": 744,"Plan Width": 72,"Actual Startup Time": 132.353,"Actual Total Time": 136.184,"Actual Rows": 7,"Actual Loops": 1,"Group Key": ["(SUBSTRING(customer.c_phone FROM 1 FOR 2))"],"Plans": [{"Node Type": "Aggregate","Strategy": "Plain","Partial Mode": "Finalize","Parent Relationship": "InitPlan","Subplan Name": "InitPlan 1 (returns $1)","Parallel Aware": false,"Async Capable": false,"Startup Cost": 6230.83,"Total Cost": 6230.84,"Plan Rows": 1,"Plan Width": 32,"Actual Startup Time": 60.821,"Actual Total Time": 61.115,"Actual Rows": 1,"Actual Loops": 1,"Plans": [{"Node Type": "Gather","Parent Relationship": "Outer","Parallel Aware": false,"Async Capable": false,"Startup Cost": 6230.61,"Total Cost": 6230.82,"Plan Rows": 2,"Plan Width": 32,"Actual Startup Time": 60.694,"Actual Total Time": 61.090,"Actual Rows": 3,"Actual Loops": 1,"Workers Planned": 2,"Workers Launched": 2,"Single Copy": false,"Plans": [{"Node Type": "Aggregate","Strategy": "Plain","Partial Mode": "Partial","Parent Relationship": "Outer","Parallel Aware": false,"Async Capable": false,"Startup Cost": 5230.61,"Total Cost": 5230.62,"Plan Rows": 1,"Plan Width": 32,"Actual Startup Time": 54.683,"Actual Total Time": 54.687,"Actual Rows": 1,"Actual Loops": 3,"Workers": [],"Plans": [{"Node Type": "Seq Scan","Parent Relationship": "Outer","Parallel Aware": true,"Async Capable": false,"Relation Name": "customer","Alias": "customer_1","Startup Cost": 0.00,"Total Cost": 5225.62,"Plan Rows": 1994,"Plan Width": 6,"Actual Startup Time": 0.056,"Actual Total Time": 53.601,"Actual Rows": 12704,"Actual Loops": 3,"Filter": "((c_acctbal > 0.00) AND (SUBSTRING(c_phone FROM 1 FOR 2) = ANY ('{28,26,17,31,21,22,32}'::text[])))","Rows Removed by Filter": 37296,"Workers": []}]}]}]},{"Node Type": "Gather Merge","Parent Relationship": "Outer","Parallel Aware": false,"Async Capable": false,"Startup Cost": 6741.22,"Total Cost": 6821.30,"Plan Rows": 620,"Plan Width": 72,"Actual Startup Time": 132.262,"Actual Total Time": 135.846,"Actual Rows": 21,"Actual Loops": 1,"Workers Planned": 2,"Params Evaluated": ["$1"],"Workers Launched": 2,"Plans": [{"Node Type": "Aggregate","Strategy": "Sorted","Partial Mode": "Partial","Parent Relationship": "Outer","Parallel Aware": false,"Async Capable": false,"Startup Cost": 5741.19,"Total Cost": 5749.72,"Plan Rows": 310,"Plan Width": 72,"Actual Startup Time": 64.598,"Actual Total Time": 64.905,"Actual Rows": 7,"Actual Loops": 3,"Group Key": ["(SUBSTRING(customer.c_phone FROM 1 FOR 2))"],"Workers": [],"Plans": [{"Node Type": "Sort","Parent Relationship": "Outer","Parallel Aware": false,"Async Capable": false,"Startup Cost": 5741.19,"Total Cost": 5741.97,"Plan Rows": 310,"Plan Width": 38,"Actual Startup Time": 64.527,"Actual Total Time": 64.612,"Actual Rows": 2110,"Actual Loops": 3,"Sort Key": ["(SUBSTRING(customer.c_phone FROM 1 FOR 2))"],"Sort Method": "quicksort","Sort Space Used": 231,"Sort Space Type": "Memory","Workers": [{"Worker Number": 0,"Sort Method": "quicksort","Sort Space Used": 156,"Sort Space Type": "Memory"},{"Worker Number": 1,"Sort Method": "quicksort","Sort Space Used": 152,"Sort Space Type": "Memory"}],"Plans": [{"Node Type": "Nested Loop","Parent Relationship": "Outer","Parallel Aware": false,"Async Capable": false,"Join Type": "Anti","Startup Cost": 0.43,"Total Cost": 5728.36,"Plan Rows": 310,"Plan Width": 38,"Actual Startup Time": 0.329,"Actual Total Time": 63.705,"Actual Rows": 2110,"Actual Loops": 3,"Inner Unique": false,"Workers": [],"Plans": [{"Node Type": "Seq Scan","Parent Relationship": "Outer","Parallel Aware": true,"Async Capable": false,"Relation Name": "customer","Alias": "customer","Startup Cost": 0.00,"Total Cost": 5225.62,"Plan Rows": 729,"Plan Width": 26,"Actual Startup Time": 0.040,"Actual Total Time": 42.867,"Actual Rows": 6361,"Actual Loops": 3,"Filter": "((c_acctbal > $1) AND (SUBSTRING(c_phone FROM 1 FOR 2) = ANY ('{28,26,17,31,21,22,32}'::text[])))","Rows Removed by Filter": 43639,"Workers": []},{"Node Type": "Index Only Scan","Parent Relationship": "Inner","Parallel Aware": false,"Async Capable": false,"Scan Direction": "Forward","Index Name": "idx_orders_custkey","Relation Name": "orders","Alias": "orders","Startup Cost": 0.43,"Total Cost": 3.28,"Plan Rows": 17,"Plan Width": 4,"Actual Startup Time": 0.003,"Actual Total Time": 0.003,"Actual Rows": 1,"Actual Loops": 19084,"Index Cond": "(o_custkey = customer.c_custkey)","Rows Removed by Index Recheck": 0,"Heap Fetches": 0,"Workers": []}]}]}]}]}]},"Planning Time": 3.943,"Triggers": [],"Execution Time": 136.598}]
[{"Plan": {"Node Type": "Aggregate","Strategy": "Sorted","Partial Mode": "Finalize","Parallel Aware": false,"Async Capable": false,"Startup Cost": 12972.06,"Total Cost": 13071.37,"Plan Rows": 744,"Plan Width": 72,"Actual Startup Time": 135.632,"Actual Total Time": 139.359,"Actual Rows": 7,"Actual Loops": 1,"Group Key": ["(SUBSTRING(customer.c_phone FROM 1 FOR 2))"],"Plans": [{"Node Type": "Aggregate","Strategy": "Plain","Partial Mode": "Finalize","Parent Relationship": "InitPlan","Subplan Name": "InitPlan 1 (returns $1)","Parallel Aware": false,"Async Capable": false,"Startup Cost": 6230.83,"Total Cost": 6230.84,"Plan Rows": 1,"Plan Width": 32,"Actual Startup Time": 60.095,"Actual Total Time": 60.301,"Actual Rows": 1,"Actual Loops": 1,"Plans": [{"Node Type": "Gather","Parent Relationship": "Outer","Parallel Aware": false,"Async Capable": false,"Startup Cost": 6230.61,"Total Cost": 6230.82,"Plan Rows": 2,"Plan Width": 32,"Actual Startup Time": 60.003,"Actual Total Time": 60.285,"Actual Rows": 3,"Actual Loops": 1,"Workers Planned": 2,"Workers Launched": 2,"Single Copy": false,"Plans": [{"Node Type": "Aggregate","Strategy": "Plain","Partial Mode": "Partial","Parent Relationship": "Outer","Parallel Aware": false,"Async Capable": false,"Startup Cost": 5230.61,"Total Cost": 5230.62,"Plan Rows": 1,"Plan Width": 32,"Actual Startup Time": 54.146,"Actual Total Time": 54.147,"Actual Rows": 1,"Actual Loops": 3,"Workers": [],"Plans": [{"Node Type": "Seq Scan","Parent Relationship": "Outer","Parallel Aware": true,"Async Capable": false,"Relation Name": "customer","Alias": "customer_1","Startup Cost": 0.00,"Total Cost": 5225.62,"Plan Rows": 1994,"Plan Width": 6,"Actual Startup Time": 0.059,"Actual Total Time": 53.045,"Actual Rows": 12813,"Actual Loops": 3,"Filter": "((c_acctbal > 0.00) AND (SUBSTRING(c_phone FROM 1 FOR 2) = ANY ('{23,19,28,34,33,22,12}'::text[])))","Rows Removed by Filter": 37187,"Workers": []}]}]}]},{"Node Type": "Gather Merge","Parent Relationship": "Outer","Parallel Aware": false,"Async Capable": false,"Startup Cost": 6741.22,"Total Cost": 6821.30,"Plan Rows": 620,"Plan Width": 72,"Actual Startup Time": 135.491,"Actual Total Time": 139.074,"Actual Rows": 21,"Actual Loops": 1,"Workers Planned": 2,"Params Evaluated": ["$1"],"Workers Launched": 2,"Plans": [{"Node Type": "Aggregate","Strategy": "Sorted","Partial Mode": "Partial","Parent Relationship": "Outer","Parallel Aware": false,"Async Capable": false,"Startup Cost": 5741.19,"Total Cost": 5749.72,"Plan Rows": 310,"Plan Width": 72,"Actual Startup Time": 68.839,"Actual Total Time": 69.135,"Actual Rows": 7,"Actual Loops": 3,"Group Key": ["(SUBSTRING(customer.c_phone FROM 1 FOR 2))"],"Workers": [],"Plans": [{"Node Type": "Sort","Parent Relationship": "Outer","Parallel Aware": false,"Async Capable": false,"Startup Cost": 5741.19,"Total Cost": 5741.97,"Plan Rows": 310,"Plan Width": 38,"Actual Startup Time": 68.778,"Actual Total Time": 68.855,"Actual Rows": 2144,"Actual Loops": 3,"Sort Key": ["(SUBSTRING(customer.c_phone FROM 1 FOR 2))"],"Sort Method": "quicksort","Sort Space Used": 238,"Sort Space Type": "Memory","Workers": [{"Worker Number": 0,"Sort Method": "quicksort","Sort Space Used": 153,"Sort Space Type": "Memory"},{"Worker Number": 1,"Sort Method": "quicksort","Sort Space Used": 153,"Sort Space Type": "Memory"}],"Plans": [{"Node Type": "Nested Loop","Parent Relationship": "Outer","Parallel Aware": false,"Async Capable": false,"Join Type": "Anti","Startup Cost": 0.43,"Total Cost": 5728.36,"Plan Rows": 310,"Plan Width": 38,"Actual Startup Time": 0.187,"Actual Total Time": 67.978,"Actual Rows": 2144,"Actual Loops": 3,"Inner Unique": false,"Workers": [],"Plans": [{"Node Type": "Seq Scan","Parent Relationship": "Outer","Parallel Aware": true,"Async Capable": false,"Relation Name": "customer","Alias": "customer","Startup Cost": 0.00,"Total Cost": 5225.62,"Plan Rows": 729,"Plan Width": 26,"Actual Startup Time": 0.044,"Actual Total Time": 44.604,"Actual Rows": 6387,"Actual Loops": 3,"Filter": "((c_acctbal > $1) AND (SUBSTRING(c_phone FROM 1 FOR 2) = ANY ('{23,19,28,34,33,22,12}'::text[])))","Rows Removed by Filter": 43613,"Workers": []},{"Node Type": "Index Only Scan","Parent Relationship": "Inner","Parallel Aware": false,"Async Capable": false,"Scan Direction": "Forward","Index Name": "idx_orders_custkey","Relation Name": "orders","Alias": "orders","Startup Cost": 0.43,"Total Cost": 3.28,"Plan Rows": 17,"Plan Width": 4,"Actual Startup Time": 0.003,"Actual Total Time": 0.003,"Actual Rows": 1,"Actual Loops": 19162,"Index Cond": "(o_custkey = customer.c_custkey)","Rows Removed by Index Recheck": 0,"Heap Fetches": 0,"Workers": []}]}]}]}]}]},"Planning Time": 3.559,"Triggers": [],"Execution Time": 139.711}]
[{"Plan": {"Node Type": "Aggregate","Strategy": "Sorted","Partial Mode": "Finalize","Parallel Aware": false,"Async Capable": false,"Startup Cost": 12972.06,"Total Cost": 13071.37,"Plan Rows": 744,"Plan Width": 72,"Actual Startup Time": 133.026,"Actual Total Time": 136.694,"Actual Rows": 7,"Actual Loops": 1,"Group Key": ["(SUBSTRING(customer.c_phone FROM 1 FOR 2))"],"Plans": [{"Node Type": "Aggregate","Strategy": "Plain","Partial Mode": "Finalize","Parent Relationship": "InitPlan","Subplan Name": "InitPlan 1 (returns $1)","Parallel Aware": false,"Async Capable": false,"Startup Cost": 6230.83,"Total Cost": 6230.84,"Plan Rows": 1,"Plan Width": 32,"Actual Startup Time": 58.230,"Actual Total Time": 58.437,"Actual Rows": 1,"Actual Loops": 1,"Plans": [{"Node Type": "Gather","Parent Relationship": "Outer","Parallel Aware": false,"Async Capable": false,"Startup Cost": 6230.61,"Total Cost": 6230.82,"Plan Rows": 2,"Plan Width": 32,"Actual Startup Time": 58.156,"Actual Total Time": 58.419,"Actual Rows": 3,"Actual Loops": 1,"Workers Planned": 2,"Workers Launched": 2,"Single Copy": false,"Plans": [{"Node Type": "Aggregate","Strategy": "Plain","Partial Mode": "Partial","Parent Relationship": "Outer","Parallel Aware": false,"Async Capable": false,"Startup Cost": 5230.61,"Total Cost": 5230.62,"Plan Rows": 1,"Plan Width": 32,"Actual Startup Time": 52.240,"Actual Total Time": 52.241,"Actual Rows": 1,"Actual Loops": 3,"Workers": [],"Plans": [{"Node Type": "Seq Scan","Parent Relationship": "Outer","Parallel Aware": true,"Async Capable": false,"Relation Name": "customer","Alias": "customer_1","Startup Cost": 0.00,"Total Cost": 5225.62,"Plan Rows": 1994,"Plan Width": 6,"Actual Startup Time": 0.054,"Actual Total Time": 51.162,"Actual Rows": 12635,"Actual Loops": 3,"Filter": "((c_acctbal > 0.00) AND (SUBSTRING(c_phone FROM 1 FOR 2) = ANY ('{15,23,27,11,17,14,25}'::text[])))","Rows Removed by Filter": 37365,"Workers": []}]}]}]},{"Node Type": "Gather Merge","Parent Relationship": "Outer","Parallel Aware": false,"Async Capable": false,"Startup Cost": 6741.22,"Total Cost": 6821.30,"Plan Rows": 620,"Plan Width": 72,"Actual Startup Time": 132.921,"Actual Total Time": 136.428,"Actual Rows": 21,"Actual Loops": 1,"Workers Planned": 2,"Params Evaluated": ["$1"],"Workers Launched": 2,"Plans": [{"Node Type": "Aggregate","Strategy": "Sorted","Partial Mode": "Partial","Parent Relationship": "Outer","Parallel Aware": false,"Async Capable": false,"Startup Cost": 5741.19,"Total Cost": 5749.72,"Plan Rows": 310,"Plan Width": 72,"Actual Startup Time": 68.180,"Actual Total Time": 68.469,"Actual Rows": 7,"Actual Loops": 3,"Group Key": ["(SUBSTRING(customer.c_phone FROM 1 FOR 2))"],"Workers": [],"Plans": [{"Node Type": "Sort","Parent Relationship": "Outer","Parallel Aware": false,"Async Capable": false,"Startup Cost": 5741.19,"Total Cost": 5741.97,"Plan Rows": 310,"Plan Width": 38,"Actual Startup Time": 68.113,"Actual Total Time": 68.190,"Actual Rows": 2092,"Actual Loops": 3,"Sort Key": ["(SUBSTRING(customer.c_phone FROM 1 FOR 2))"],"Sort Method": "quicksort","Sort Space Used": 234,"Sort Space Type": "Memory","Workers": [{"Worker Number": 0,"Sort Method": "quicksort","Sort Space Used": 155,"Sort Space Type": "Memory"},{"Worker Number": 1,"Sort Method": "quicksort","Sort Space Used": 147,"Sort Space Type": "Memory"}],"Plans": [{"Node Type": "Nested Loop","Parent Relationship": "Outer","Parallel Aware": false,"Async Capable": false,"Join Type": "Anti","Startup Cost": 0.43,"Total Cost": 5728.36,"Plan Rows": 310,"Plan Width": 38,"Actual Startup Time": 0.157,"Actual Total Time": 67.354,"Actual Rows": 2092,"Actual Loops": 3,"Inner Unique": false,"Workers": [],"Plans": [{"Node Type": "Seq Scan","Parent Relationship": "Outer","Parallel Aware": true,"Async Capable": false,"Relation Name": "customer","Alias": "customer","Startup Cost": 0.00,"Total Cost": 5225.62,"Plan Rows": 729,"Plan Width": 26,"Actual Startup Time": 0.054,"Actual Total Time": 44.373,"Actual Rows": 6279,"Actual Loops": 3,"Filter": "((c_acctbal > $1) AND (SUBSTRING(c_phone FROM 1 FOR 2) = ANY ('{15,23,27,11,17,14,25}'::text[])))","Rows Removed by Filter": 43721,"Workers": []},{"Node Type": "Index Only Scan","Parent Relationship": "Inner","Parallel Aware": false,"Async Capable": false,"Scan Direction": "Forward","Index Name": "idx_orders_custkey","Relation Name": "orders","Alias": "orders","Startup Cost": 0.43,"Total Cost": 3.28,"Plan Rows": 17,"Plan Width": 4,"Actual Startup Time": 0.003,"Actual Total Time": 0.003,"Actual Rows": 1,"Actual Loops": 18836,"Index Cond": "(o_custkey = customer.c_custkey)","Rows Removed by Index Recheck": 0,"Heap Fetches": 0,"Workers": []}]}]}]}]}]},"Planning Time": 4.004,"Triggers": [],"Execution Time": 137.100}]
[{"Plan": {"Node Type": "Aggregate","Strategy": "Sorted","Partial Mode": "Finalize","Parallel Aware": false,"Async Capable": false,"Startup Cost": 12972.06,"Total Cost": 13071.37,"Plan Rows": 744,"Plan Width": 72,"Actual Startup Time": 136.844,"Actual Total Time": 140.373,"Actual Rows": 7,"Actual Loops": 1,"Group Key": ["(SUBSTRING(customer.c_phone FROM 1 FOR 2))"],"Plans": [{"Node Type": "Aggregate","Strategy": "Plain","Partial Mode": "Finalize","Parent Relationship": "InitPlan","Subplan Name": "InitPlan 1 (returns $1)","Parallel Aware": false,"Async Capable": false,"Startup Cost": 6230.83,"Total Cost": 6230.84,"Plan Rows": 1,"Plan Width": 32,"Actual Startup Time": 59.713,"Actual Total Time": 59.886,"Actual Rows": 1,"Actual Loops": 1,"Plans": [{"Node Type": "Gather","Parent Relationship": "Outer","Parallel Aware": false,"Async Capable": false,"Startup Cost": 6230.61,"Total Cost": 6230.82,"Plan Rows": 2,"Plan Width": 32,"Actual Startup Time": 59.607,"Actual Total Time": 59.867,"Actual Rows": 3,"Actual Loops": 1,"Workers Planned": 2,"Workers Launched": 2,"Single Copy": false,"Plans": [{"Node Type": "Aggregate","Strategy": "Plain","Partial Mode": "Partial","Parent Relationship": "Outer","Parallel Aware": false,"Async Capable": false,"Startup Cost": 5230.61,"Total Cost": 5230.62,"Plan Rows": 1,"Plan Width": 32,"Actual Startup Time": 53.174,"Actual Total Time": 53.175,"Actual Rows": 1,"Actual Loops": 3,"Workers": [],"Plans": [{"Node Type": "Seq Scan","Parent Relationship": "Outer","Parallel Aware": true,"Async Capable": false,"Relation Name": "customer","Alias": "customer_1","Startup Cost": 0.00,"Total Cost": 5225.62,"Plan Rows": 1994,"Plan Width": 6,"Actual Startup Time": 0.044,"Actual Total Time": 52.137,"Actual Rows": 12646,"Actual Loops": 3,"Filter": "((c_acctbal > 0.00) AND (SUBSTRING(c_phone FROM 1 FOR 2) = ANY ('{14,27,30,10,26,23,34}'::text[])))","Rows Removed by Filter": 37354,"Workers": []}]}]}]},{"Node Type": "Gather Merge","Parent Relationship": "Outer","Parallel Aware": false,"Async Capable": false,"Startup Cost": 6741.22,"Total Cost": 6821.30,"Plan Rows": 620,"Plan Width": 72,"Actual Startup Time": 136.710,"Actual Total Time": 140.142,"Actual Rows": 21,"Actual Loops": 1,"Workers Planned": 2,"Params Evaluated": ["$1"],"Workers Launched": 2,"Plans": [{"Node Type": "Aggregate","Strategy": "Sorted","Partial Mode": "Partial","Parent Relationship": "Outer","Parallel Aware": false,"Async Capable": false,"Startup Cost": 5741.19,"Total Cost": 5749.72,"Plan Rows": 310,"Plan Width": 72,"Actual Startup Time": 70.178,"Actual Total Time": 70.476,"Actual Rows": 7,"Actual Loops": 3,"Group Key": ["(SUBSTRING(customer.c_phone FROM 1 FOR 2))"],"Workers": [],"Plans": [{"Node Type": "Sort","Parent Relationship": "Outer","Parallel Aware": false,"Async Capable": false,"Startup Cost": 5741.19,"Total Cost": 5741.97,"Plan Rows": 310,"Plan Width": 38,"Actual Startup Time": 70.110,"Actual Total Time": 70.195,"Actual Rows": 2108,"Actual Loops": 3,"Sort Key": ["(SUBSTRING(customer.c_phone FROM 1 FOR 2))"],"Sort Method": "quicksort","Sort Space Used": 231,"Sort Space Type": "Memory","Workers": [{"Worker Number": 0,"Sort Method": "quicksort","Sort Space Used": 152,"Sort Space Type": "Memory"},{"Worker Number": 1,"Sort Method": "quicksort","Sort Space Used": 156,"Sort Space Type": "Memory"}],"Plans": [{"Node Type": "Nested Loop","Parent Relationship": "Outer","Parallel Aware": false,"Async Capable": false,"Join Type": "Anti","Startup Cost": 0.43,"Total Cost": 5728.36,"Plan Rows": 310,"Plan Width": 38,"Actual Startup Time": 0.195,"Actual Total Time": 69.342,"Actual Rows": 2108,"Actual Loops": 3,"Inner Unique": false,"Workers": [],"Plans": [{"Node Type": "Seq Scan","Parent Relationship": "Outer","Parallel Aware": true,"Async Capable": false,"Relation Name": "customer","Alias": "customer","Startup Cost": 0.00,"Total Cost": 5225.62,"Plan Rows": 729,"Plan Width": 26,"Actual Startup Time": 0.030,"Actual Total Time": 45.315,"Actual Rows": 6304,"Actual Loops": 3,"Filter": "((c_acctbal > $1) AND (SUBSTRING(c_phone FROM 1 FOR 2) = ANY ('{14,27,30,10,26,23,34}'::text[])))","Rows Removed by Filter": 43696,"Workers": []},{"Node Type": "Index Only Scan","Parent Relationship": "Inner","Parallel Aware": false,"Async Capable": false,"Scan Direction": "Forward","Index Name": "idx_orders_custkey","Relation Name": "orders","Alias": "orders","Startup Cost": 0.43,"Total Cost": 3.28,"Plan Rows": 17,"Plan Width": 4,"Actual Startup Time": 0.003,"Actual Total Time": 0.003,"Actual Rows": 1,"Actual Loops": 18911,"Index Cond": "(o_custkey = customer.c_custkey)","Rows Removed by Index Recheck": 0,"Heap Fetches": 0,"Workers": []}]}]}]}]}]},"Planning Time": 4.794,"Triggers": [],"Execution Time": 140.797}]
[{"Plan": {"Node Type": "Aggregate","Strategy": "Sorted","Partial Mode": "Finalize","Parallel Aware": false,"Async Capable": false,"Startup Cost": 12972.06,"Total Cost": 13071.37,"Plan Rows": 744,"Plan Width": 72,"Actual Startup Time": 137.808,"Actual Total Time": 141.212,"Actual Rows": 7,"Actual Loops": 1,"Group Key": ["(SUBSTRING(customer.c_phone FROM 1 FOR 2))"],"Plans": [{"Node Type": "Aggregate","Strategy": "Plain","Partial Mode": "Finalize","Parent Relationship": "InitPlan","Subplan Name": "InitPlan 1 (returns $1)","Parallel Aware": false,"Async Capable": false,"Startup Cost": 6230.83,"Total Cost": 6230.84,"Plan Rows": 1,"Plan Width": 32,"Actual Startup Time": 61.031,"Actual Total Time": 61.187,"Actual Rows": 1,"Actual Loops": 1,"Plans": [{"Node Type": "Gather","Parent Relationship": "Outer","Parallel Aware": false,"Async Capable": false,"Startup Cost": 6230.61,"Total Cost": 6230.82,"Plan Rows": 2,"Plan Width": 32,"Actual Startup Time": 60.961,"Actual Total Time": 61.174,"Actual Rows": 3,"Actual Loops": 1,"Workers Planned": 2,"Workers Launched": 2,"Single Copy": false,"Plans": [{"Node Type": "Aggregate","Strategy": "Plain","Partial Mode": "Partial","Parent Relationship": "Outer","Parallel Aware": false,"Async Capable": false,"Startup Cost": 5230.61,"Total Cost": 5230.62,"Plan Rows": 1,"Plan Width": 32,"Actual Startup Time": 55.058,"Actual Total Time": 55.059,"Actual Rows": 1,"Actual Loops": 3,"Workers": [],"Plans": [{"Node Type": "Seq Scan","Parent Relationship": "Outer","Parallel Aware": true,"Async Capable": false,"Relation Name": "customer","Alias": "customer_1","Startup Cost": 0.00,"Total Cost": 5225.62,"Plan Rows": 1994,"Plan Width": 6,"Actual Startup Time": 0.062,"Actual Total Time": 53.960,"Actual Rows": 12803,"Actual Loops": 3,"Filter": "((c_acctbal > 0.00) AND (SUBSTRING(c_phone FROM 1 FOR 2) = ANY ('{13,27,29,24,11,19,18}'::text[])))","Rows Removed by Filter": 37197,"Workers": []}]}]}]},{"Node Type": "Gather Merge","Parent Relationship": "Outer","Parallel Aware": false,"Async Capable": false,"Startup Cost": 6741.22,"Total Cost": 6821.30,"Plan Rows": 620,"Plan Width": 72,"Actual Startup Time": 137.693,"Actual Total Time": 141.010,"Actual Rows": 21,"Actual Loops": 1,"Workers Planned": 2,"Params Evaluated": ["$1"],"Workers Launched": 2,"Plans": [{"Node Type": "Aggregate","Strategy": "Sorted","Partial Mode": "Partial","Parent Relationship": "Outer","Parallel Aware": false,"Async Capable": false,"Startup Cost": 5741.19,"Total Cost": 5749.72,"Plan Rows": 310,"Plan Width": 72,"Actual Startup Time": 70.154,"Actual Total Time": 70.455,"Actual Rows": 7,"Actual Loops": 3,"Group Key": ["(SUBSTRING(customer.c_phone FROM 1 FOR 2))"],"Workers": [],"Plans": [{"Node Type": "Sort","Parent Relationship": "Outer","Parallel Aware": false,"Async Capable": false,"Startup Cost": 5741.19,"Total Cost": 5741.97,"Plan Rows": 310,"Plan Width": 38,"Actual Startup Time": 70.085,"Actual Total Time": 70.169,"Actual Rows": 2144,"Actual Loops": 3,"Sort Key": ["(SUBSTRING(customer.c_phone FROM 1 FOR 2))"],"Sort Method": "quicksort","Sort Space Used": 236,"Sort Space Type": "Memory","Workers": [{"Worker Number": 0,"Sort Method": "quicksort","Sort Space Used": 159,"Sort Space Type": "Memory"},{"Worker Number": 1,"Sort Method": "quicksort","Sort Space Used": 150,"Sort Space Type": "Memory"}],"Plans": [{"Node Type": "Nested Loop","Parent Relationship": "Outer","Parallel Aware": false,"Async Capable": false,"Join Type": "Anti","Startup Cost": 0.43,"Total Cost": 5728.36,"Plan Rows": 310,"Plan Width": 38,"Actual Startup Time": 0.145,"Actual Total Time": 69.308,"Actual Rows": 2144,"Actual Loops": 3,"Inner Unique": false,"Workers": [],"Plans": [{"Node Type": "Seq Scan","Parent Relationship": "Outer","Parallel Aware": true,"Async Capable": false,"Relation Name": "customer","Alias": "customer","Startup Cost": 0.00,"Total Cost": 5225.62,"Plan Rows": 729,"Plan Width": 26,"Actual Startup Time": 0.030,"Actual Total Time": 45.647,"Actual Rows": 6380,"Actual Loops": 3,"Filter": "((c_acctbal > $1) AND (SUBSTRING(c_phone FROM 1 FOR 2) = ANY ('{13,27,29,24,11,19,18}'::text[])))","Rows Removed by Filter": 43620,"Workers": []},{"Node Type": "Index Only Scan","Parent Relationship": "Inner","Parallel Aware": false,"Async Capable": false,"Scan Direction": "Forward","Index Name": "idx_orders_custkey","Relation Name": "orders","Alias": "orders","Startup Cost": 0.43,"Total Cost": 3.28,"Plan Rows": 17,"Plan Width": 4,"Actual Startup Time": 0.003,"Actual Total Time": 0.003,"Actual Rows": 1,"Actual Loops": 19140,"Index Cond": "(o_custkey = customer.c_custkey)","Rows Removed by Index Recheck": 0,"Heap Fetches": 0,"Workers": []}]}]}]}]}]},"Planning Time": 4.637,"Triggers": [],"Execution Time": 141.510}]
[{"Plan": {"Node Type": "Aggregate","Strategy": "Sorted","Partial Mode": "Finalize","Parallel Aware": false,"Async Capable": false,"Startup Cost": 12972.06,"Total Cost": 13071.37,"Plan Rows": 744,"Plan Width": 72,"Actual Startup Time": 137.432,"Actual Total Time": 140.869,"Actual Rows": 7,"Actual Loops": 1,"Group Key": ["(SUBSTRING(customer.c_phone FROM 1 FOR 2))"],"Plans": [{"Node Type": "Aggregate","Strategy": "Plain","Partial Mode": "Finalize","Parent Relationship": "InitPlan","Subplan Name": "InitPlan 1 (returns $1)","Parallel Aware": false,"Async Capable": false,"Startup Cost": 6230.83,"Total Cost": 6230.84,"Plan Rows": 1,"Plan Width": 32,"Actual Startup Time": 59.699,"Actual Total Time": 59.893,"Actual Rows": 1,"Actual Loops": 1,"Plans": [{"Node Type": "Gather","Parent Relationship": "Outer","Parallel Aware": false,"Async Capable": false,"Startup Cost": 6230.61,"Total Cost": 6230.82,"Plan Rows": 2,"Plan Width": 32,"Actual Startup Time": 59.635,"Actual Total Time": 59.878,"Actual Rows": 3,"Actual Loops": 1,"Workers Planned": 2,"Workers Launched": 2,"Single Copy": false,"Plans": [{"Node Type": "Aggregate","Strategy": "Plain","Partial Mode": "Partial","Parent Relationship": "Outer","Parallel Aware": false,"Async Capable": false,"Startup Cost": 5230.61,"Total Cost": 5230.62,"Plan Rows": 1,"Plan Width": 32,"Actual Startup Time": 53.589,"Actual Total Time": 53.591,"Actual Rows": 1,"Actual Loops": 3,"Workers": [],"Plans": [{"Node Type": "Seq Scan","Parent Relationship": "Outer","Parallel Aware": true,"Async Capable": false,"Relation Name": "customer","Alias": "customer_1","Startup Cost": 0.00,"Total Cost": 5225.62,"Plan Rows": 1994,"Plan Width": 6,"Actual Startup Time": 0.061,"Actual Total Time": 52.519,"Actual Rows": 12813,"Actual Loops": 3,"Filter": "((c_acctbal > 0.00) AND (SUBSTRING(c_phone FROM 1 FOR 2) = ANY ('{32,19,24,12,25,27,33}'::text[])))","Rows Removed by Filter": 37187,"Workers": []}]}]}]},{"Node Type": "Gather Merge","Parent Relationship": "Outer","Parallel Aware": false,"Async Capable": false,"Startup Cost": 6741.22,"Total Cost": 6821.30,"Plan Rows": 620,"Plan Width": 72,"Actual Startup Time": 137.325,"Actual Total Time": 140.629,"Actual Rows": 21,"Actual Loops": 1,"Workers Planned": 2,"Params Evaluated": ["$1"],"Workers Launched": 2,"Plans": [{"Node Type": "Aggregate","Strategy": "Sorted","Partial Mode": "Partial","Parent Relationship": "Outer","Parallel Aware": false,"Async Capable": false,"Startup Cost": 5741.19,"Total Cost": 5749.72,"Plan Rows": 310,"Plan Width": 72,"Actual Startup Time": 71.081,"Actual Total Time": 71.382,"Actual Rows": 7,"Actual Loops": 3,"Group Key": ["(SUBSTRING(customer.c_phone FROM 1 FOR 2))"],"Workers": [],"Plans": [{"Node Type": "Sort","Parent Relationship": "Outer","Parallel Aware": false,"Async Capable": false,"Startup Cost": 5741.19,"Total Cost": 5741.97,"Plan Rows": 310,"Plan Width": 38,"Actual Startup Time": 71.016,"Actual Total Time": 71.094,"Actual Rows": 2125,"Actual Loops": 3,"Sort Key": ["(SUBSTRING(customer.c_phone FROM 1 FOR 2))"],"Sort Method": "quicksort","Sort Space Used": 231,"Sort Space Type": "Memory","Workers": [{"Worker Number": 0,"Sort Method": "quicksort","Sort Space Used": 153,"Sort Space Type": "Memory"},{"Worker Number": 1,"Sort Method": "quicksort","Sort Space Used": 158,"Sort Space Type": "Memory"}],"Plans": [{"Node Type": "Nested Loop","Parent Relationship": "Outer","Parallel Aware": false,"Async Capable": false,"Join Type": "Anti","Startup Cost": 0.43,"Total Cost": 5728.36,"Plan Rows": 310,"Plan Width": 38,"Actual Startup Time": 0.165,"Actual Total Time": 70.224,"Actual Rows": 2125,"Actual Loops": 3,"Inner Unique": false,"Workers": [],"Plans": [{"Node Type": "Seq Scan","Parent Relationship": "Outer","Parallel Aware": true,"Async Capable": false,"Relation Name": "customer","Alias": "customer","Startup Cost": 0.00,"Total Cost": 5225.62,"Plan Rows": 729,"Plan Width": 26,"Actual Startup Time": 0.034,"Actual Total Time": 45.859,"Actual Rows": 6383,"Actual Loops": 3,"Filter": "((c_acctbal > $1) AND (SUBSTRING(c_phone FROM 1 FOR 2) = ANY ('{32,19,24,12,25,27,33}'::text[])))","Rows Removed by Filter": 43617,"Workers": []},{"Node Type": "Index Only Scan","Parent Relationship": "Inner","Parallel Aware": false,"Async Capable": false,"Scan Direction": "Forward","Index Name": "idx_orders_custkey","Relation Name": "orders","Alias": "orders","Startup Cost": 0.43,"Total Cost": 3.28,"Plan Rows": 17,"Plan Width": 4,"Actual Startup Time": 0.003,"Actual Total Time": 0.003,"Actual Rows": 1,"Actual Loops": 19148,"Index Cond": "(o_custkey = customer.c_custkey)","Rows Removed by Index Recheck": 0,"Heap Fetches": 0,"Workers": []}]}]}]}]}]},"Planning Time": 3.610,"Triggers": [],"Execution Time": 141.194}]
[{"Plan": {"Node Type": "Aggregate","Strategy": "Sorted","Partial Mode": "Finalize","Parallel Aware": false,"Async Capable": false,"Startup Cost": 12972.06,"Total Cost": 13071.37,"Plan Rows": 744,"Plan Width": 72,"Actual Startup Time": 134.318,"Actual Total Time": 138.204,"Actual Rows": 7,"Actual Loops": 1,"Group Key": ["(SUBSTRING(customer.c_phone FROM 1 FOR 2))"],"Plans": [{"Node Type": "Aggregate","Strategy": "Plain","Partial Mode": "Finalize","Parent Relationship": "InitPlan","Subplan Name": "InitPlan 1 (returns $1)","Parallel Aware": false,"Async Capable": false,"Startup Cost": 6230.83,"Total Cost": 6230.84,"Plan Rows": 1,"Plan Width": 32,"Actual Startup Time": 59.548,"Actual Total Time": 59.742,"Actual Rows": 1,"Actual Loops": 1,"Plans": [{"Node Type": "Gather","Parent Relationship": "Outer","Parallel Aware": false,"Async Capable": false,"Startup Cost": 6230.61,"Total Cost": 6230.82,"Plan Rows": 2,"Plan Width": 32,"Actual Startup Time": 59.451,"Actual Total Time": 59.721,"Actual Rows": 3,"Actual Loops": 1,"Workers Planned": 2,"Workers Launched": 2,"Single Copy": false,"Plans": [{"Node Type": "Aggregate","Strategy": "Plain","Partial Mode": "Partial","Parent Relationship": "Outer","Parallel Aware": false,"Async Capable": false,"Startup Cost": 5230.61,"Total Cost": 5230.62,"Plan Rows": 1,"Plan Width": 32,"Actual Startup Time": 53.892,"Actual Total Time": 53.897,"Actual Rows": 1,"Actual Loops": 3,"Workers": [],"Plans": [{"Node Type": "Seq Scan","Parent Relationship": "Outer","Parallel Aware": true,"Async Capable": false,"Relation Name": "customer","Alias": "customer_1","Startup Cost": 0.00,"Total Cost": 5225.62,"Plan Rows": 1994,"Plan Width": 6,"Actual Startup Time": 0.045,"Actual Total Time": 52.790,"Actual Rows": 12663,"Actual Loops": 3,"Filter": "((c_acctbal > 0.00) AND (SUBSTRING(c_phone FROM 1 FOR 2) = ANY ('{15,27,10,12,34,23,22}'::text[])))","Rows Removed by Filter": 37337,"Workers": []}]}]}]},{"Node Type": "Gather Merge","Parent Relationship": "Outer","Parallel Aware": false,"Async Capable": false,"Startup Cost": 6741.22,"Total Cost": 6821.30,"Plan Rows": 620,"Plan Width": 72,"Actual Startup Time": 134.182,"Actual Total Time": 137.954,"Actual Rows": 21,"Actual Loops": 1,"Workers Planned": 2,"Params Evaluated": ["$1"],"Workers Launched": 2,"Plans": [{"Node Type": "Aggregate","Strategy": "Sorted","Partial Mode": "Partial","Parent Relationship": "Outer","Parallel Aware": false,"Async Capable": false,"Startup Cost": 5741.19,"Total Cost": 5749.72,"Plan Rows": 310,"Plan Width": 72,"Actual Startup Time": 68.216,"Actual Total Time": 68.514,"Actual Rows": 7,"Actual Loops": 3,"Group Key": ["(SUBSTRING(customer.c_phone FROM 1 FOR 2))"],"Workers": [],"Plans": [{"Node Type": "Sort","Parent Relationship": "Outer","Parallel Aware": false,"Async Capable": false,"Startup Cost": 5741.19,"Total Cost": 5741.97,"Plan Rows": 310,"Plan Width": 38,"Actual Startup Time": 68.146,"Actual Total Time": 68.227,"Actual Rows": 2090,"Actual Loops": 3,"Sort Key": ["(SUBSTRING(customer.c_phone FROM 1 FOR 2))"],"Sort Method": "quicksort","Sort Space Used": 234,"Sort Space Type": "Memory","Workers": [{"Worker Number": 0,"Sort Method": "quicksort","Sort Space Used": 155,"Sort Space Type": "Memory"},{"Worker Number": 1,"Sort Method": "quicksort","Sort Space Used": 147,"Sort Space Type": "Memory"}],"Plans": [{"Node Type": "Nested Loop","Parent Relationship": "Outer","Parallel Aware": false,"Async Capable": false,"Join Type": "Anti","Startup Cost": 0.43,"Total Cost": 5728.36,"Plan Rows": 310,"Plan Width": 38,"Actual Startup Time": 0.149,"Actual Total Time": 67.370,"Actual Rows": 2090,"Actual Loops": 3,"Inner Unique": false,"Workers": [],"Plans": [{"Node Type": "Seq Scan","Parent Relationship": "Outer","Parallel Aware": true,"Async Capable": false,"Relation Name": "customer","Alias": "customer","Startup Cost": 0.00,"Total Cost": 5225.62,"Plan Rows": 729,"Plan Width": 26,"Actual Startup Time": 0.042,"Actual Total Time": 44.567,"Actual Rows": 6294,"Actual Loops": 3,"Filter": "((c_acctbal > $1) AND (SUBSTRING(c_phone FROM 1 FOR 2) = ANY ('{15,27,10,12,34,23,22}'::text[])))","Rows Removed by Filter": 43706,"Workers": []},{"Node Type": "Index Only Scan","Parent Relationship": "Inner","Parallel Aware": false,"Async Capable": false,"Scan Direction": "Forward","Index Name": "idx_orders_custkey","Relation Name": "orders","Alias": "orders","Startup Cost": 0.43,"Total Cost": 3.28,"Plan Rows": 17,"Plan Width": 4,"Actual Startup Time": 0.003,"Actual Total Time": 0.003,"Actual Rows": 1,"Actual Loops": 18883,"Index Cond": "(o_custkey = customer.c_custkey)","Rows Removed by Index Recheck": 0,"Heap Fetches": 0,"Workers": []}]}]}]}]}]},"Planning Time": 3.505,"Triggers": [],"Execution Time": 138.526}]
[{"Plan": {"Node Type": "Aggregate","Strategy": "Sorted","Partial Mode": "Finalize","Parallel Aware": false,"Async Capable": false,"Startup Cost": 12972.06,"Total Cost": 13071.37,"Plan Rows": 744,"Plan Width": 72,"Actual Startup Time": 137.970,"Actual Total Time": 141.453,"Actual Rows": 7,"Actual Loops": 1,"Group Key": ["(SUBSTRING(customer.c_phone FROM 1 FOR 2))"],"Plans": [{"Node Type": "Aggregate","Strategy": "Plain","Partial Mode": "Finalize","Parent Relationship": "InitPlan","Subplan Name": "InitPlan 1 (returns $1)","Parallel Aware": false,"Async Capable": false,"Startup Cost": 6230.83,"Total Cost": 6230.84,"Plan Rows": 1,"Plan Width": 32,"Actual Startup Time": 60.200,"Actual Total Time": 60.411,"Actual Rows": 1,"Actual Loops": 1,"Plans": [{"Node Type": "Gather","Parent Relationship": "Outer","Parallel Aware": false,"Async Capable": false,"Startup Cost": 6230.61,"Total Cost": 6230.82,"Plan Rows": 2,"Plan Width": 32,"Actual Startup Time": 60.112,"Actual Total Time": 60.395,"Actual Rows": 3,"Actual Loops": 1,"Workers Planned": 2,"Workers Launched": 2,"Single Copy": false,"Plans": [{"Node Type": "Aggregate","Strategy": "Plain","Partial Mode": "Partial","Parent Relationship": "Outer","Parallel Aware": false,"Async Capable": false,"Startup Cost": 5230.61,"Total Cost": 5230.62,"Plan Rows": 1,"Plan Width": 32,"Actual Startup Time": 53.962,"Actual Total Time": 53.964,"Actual Rows": 1,"Actual Loops": 3,"Workers": [],"Plans": [{"Node Type": "Seq Scan","Parent Relationship": "Outer","Parallel Aware": true,"Async Capable": false,"Relation Name": "customer","Alias": "customer_1","Startup Cost": 0.00,"Total Cost": 5225.62,"Plan Rows": 1994,"Plan Width": 6,"Actual Startup Time": 0.049,"Actual Total Time": 52.903,"Actual Rows": 12809,"Actual Loops": 3,"Filter": "((c_acctbal > 0.00) AND (SUBSTRING(c_phone FROM 1 FOR 2) = ANY ('{27,33,32,28,31,23,16}'::text[])))","Rows Removed by Filter": 37191,"Workers": []}]}]}]},{"Node Type": "Gather Merge","Parent Relationship": "Outer","Parallel Aware": false,"Async Capable": false,"Startup Cost": 6741.22,"Total Cost": 6821.30,"Plan Rows": 620,"Plan Width": 72,"Actual Startup Time": 137.855,"Actual Total Time": 141.196,"Actual Rows": 21,"Actual Loops": 1,"Workers Planned": 2,"Params Evaluated": ["$1"],"Workers Launched": 2,"Plans": [{"Node Type": "Aggregate","Strategy": "Sorted","Partial Mode": "Partial","Parent Relationship": "Outer","Parallel Aware": false,"Async Capable": false,"Startup Cost": 5741.19,"Total Cost": 5749.72,"Plan Rows": 310,"Plan Width": 72,"Actual Startup Time": 71.042,"Actual Total Time": 71.346,"Actual Rows": 7,"Actual Loops": 3,"Group Key": ["(SUBSTRING(customer.c_phone FROM 1 FOR 2))"],"Workers": [],"Plans": [{"Node Type": "Sort","Parent Relationship": "Outer","Parallel Aware": false,"Async Capable": false,"Startup Cost": 5741.19,"Total Cost": 5741.97,"Plan Rows": 310,"Plan Width": 38,"Actual Startup Time": 70.978,"Actual Total Time": 71.058,"Actual Rows": 2129,"Actual Loops": 3,"Sort Key": ["(SUBSTRING(customer.c_phone FROM 1 FOR 2))"],"Sort Method": "quicksort","Sort Space Used": 232,"Sort Space Type": "Memory","Workers": [{"Worker Number": 0,"Sort Method": "quicksort","Sort Space Used": 151,"Sort Space Type": "Memory"},{"Worker Number": 1,"Sort Method": "quicksort","Sort Space Used": 159,"Sort Space Type": "Memory"}],"Plans": [{"Node Type": "Nested Loop","Parent Relationship": "Outer","Parallel Aware": false,"Async Capable": false,"Join Type": "Anti","Startup Cost": 0.43,"Total Cost": 5728.36,"Plan Rows": 310,"Plan Width": 38,"Actual Startup Time": 0.124,"Actual Total Time": 70.241,"Actual Rows": 2129,"Actual Loops": 3,"Inner Unique": false,"Workers": [],"Plans": [{"Node Type": "Seq Scan","Parent Relationship": "Outer","Parallel Aware": true,"Async Capable": false,"Relation Name": "customer","Alias": "customer","Startup Cost": 0.00,"Total Cost": 5225.62,"Plan Rows": 729,"Plan Width": 26,"Actual Startup Time": 0.038,"Actual Total Time": 46.043,"Actual Rows": 6386,"Actual Loops": 3,"Filter": "((c_acctbal > $1) AND (SUBSTRING(c_phone FROM 1 FOR 2) = ANY ('{27,33,32,28,31,23,16}'::text[])))","Rows Removed by Filter": 43614,"Workers": []},{"Node Type": "Index Only Scan","Parent Relationship": "Inner","Parallel Aware": false,"Async Capable": false,"Scan Direction": "Forward","Index Name": "idx_orders_custkey","Relation Name": "orders","Alias": "orders","Startup Cost": 0.43,"Total Cost": 3.28,"Plan Rows": 17,"Plan Width": 4,"Actual Startup Time": 0.003,"Actual Total Time": 0.003,"Actual Rows": 1,"Actual Loops": 19157,"Index Cond": "(o_custkey = customer.c_custkey)","Rows Removed by Index Recheck": 0,"Heap Fetches": 0,"Workers": []}]}]}]}]}]},"Planning Time": 3.340,"Triggers": [],"Execution Time": 141.771}]
[{"Plan": {"Node Type": "Aggregate","Strategy": "Sorted","Partial Mode": "Finalize","Parallel Aware": false,"Async Capable": false,"Startup Cost": 12972.06,"Total Cost": 13071.37,"Plan Rows": 744,"Plan Width": 72,"Actual Startup Time": 130.828,"Actual Total Time": 134.484,"Actual Rows": 7,"Actual Loops": 1,"Group Key": ["(SUBSTRING(customer.c_phone FROM 1 FOR 2))"],"Plans": [{"Node Type": "Aggregate","Strategy": "Plain","Partial Mode": "Finalize","Parent Relationship": "InitPlan","Subplan Name": "InitPlan 1 (returns $1)","Parallel Aware": false,"Async Capable": false,"Startup Cost": 6230.83,"Total Cost": 6230.84,"Plan Rows": 1,"Plan Width": 32,"Actual Startup Time": 61.298,"Actual Total Time": 61.538,"Actual Rows": 1,"Actual Loops": 1,"Plans": [{"Node Type": "Gather","Parent Relationship": "Outer","Parallel Aware": false,"Async Capable": false,"Startup Cost": 6230.61,"Total Cost": 6230.82,"Plan Rows": 2,"Plan Width": 32,"Actual Startup Time": 61.222,"Actual Total Time": 61.520,"Actual Rows": 3,"Actual Loops": 1,"Workers Planned": 2,"Workers Launched": 2,"Single Copy": false,"Plans": [{"Node Type": "Aggregate","Strategy": "Plain","Partial Mode": "Partial","Parent Relationship": "Outer","Parallel Aware": false,"Async Capable": false,"Startup Cost": 5230.61,"Total Cost": 5230.62,"Plan Rows": 1,"Plan Width": 32,"Actual Startup Time": 55.064,"Actual Total Time": 55.068,"Actual Rows": 1,"Actual Loops": 3,"Workers": [],"Plans": [{"Node Type": "Seq Scan","Parent Relationship": "Outer","Parallel Aware": true,"Async Capable": false,"Relation Name": "customer","Alias": "customer_1","Startup Cost": 0.00,"Total Cost": 5225.62,"Plan Rows": 1994,"Plan Width": 6,"Actual Startup Time": 0.040,"Actual Total Time": 53.966,"Actual Rows": 12731,"Actual Loops": 3,"Filter": "((c_acctbal > 0.00) AND (SUBSTRING(c_phone FROM 1 FOR 2) = ANY ('{27,18,25,33,20,11,29}'::text[])))","Rows Removed by Filter": 37269,"Workers": []}]}]}]},{"Node Type": "Gather Merge","Parent Relationship": "Outer","Parallel Aware": false,"Async Capable": false,"Startup Cost": 6741.22,"Total Cost": 6821.30,"Plan Rows": 620,"Plan Width": 72,"Actual Startup Time": 130.726,"Actual Total Time": 134.193,"Actual Rows": 21,"Actual Loops": 1,"Workers Planned": 2,"Params Evaluated": ["$1"],"Workers Launched": 2,"Plans": [{"Node Type": "Aggregate","Strategy": "Sorted","Partial Mode": "Partial","Parent Relationship": "Outer","Parallel Aware": false,"Async Capable": false,"Startup Cost": 5741.19,"Total Cost": 5749.72,"Plan Rows": 310,"Plan Width": 72,"Actual Startup Time": 62.918,"Actual Total Time": 63.224,"Actual Rows": 7,"Actual Loops": 3,"Group Key": ["(SUBSTRING(customer.c_phone FROM 1 FOR 2))"],"Workers": [],"Plans": [{"Node Type": "Sort","Parent Relationship": "Outer","Parallel Aware": false,"Async Capable": false,"Startup Cost": 5741.19,"Total Cost": 5741.97,"Plan Rows": 310,"Plan Width": 38,"Actual Startup Time": 62.842,"Actual Total Time": 62.932,"Actual Rows": 2141,"Actual Loops": 3,"Sort Key": ["(SUBSTRING(customer.c_phone FROM 1 FOR 2))"],"Sort Method": "quicksort","Sort Space Used": 232,"Sort Space Type": "Memory","Workers": [{"Worker Number": 0,"Sort Method": "quicksort","Sort Space Used": 153,"Sort Space Type": "Memory"},{"Worker Number": 1,"Sort Method": "quicksort","Sort Space Used": 158,"Sort Space Type": "Memory"}],"Plans": [{"Node Type": "Nested Loop","Parent Relationship": "Outer","Parallel Aware": false,"Async Capable": false,"Join Type": "Anti","Startup Cost": 0.43,"Total Cost": 5728.36,"Plan Rows": 310,"Plan Width": 38,"Actual Startup Time": 0.121,"Actual Total Time": 62.088,"Actual Rows": 2141,"Actual Loops": 3,"Inner Unique": false,"Workers": [],"Plans": [{"Node Type": "Seq Scan","Parent Relationship": "Outer","Parallel Aware": true,"Async Capable": false,"Relation Name": "customer","Alias": "customer","Startup Cost": 0.00,"Total Cost": 5225.62,"Plan Rows": 729,"Plan Width": 26,"Actual Startup Time": 0.029,"Actual Total Time": 41.624,"Actual Rows": 6363,"Actual Loops": 3,"Filter": "((c_acctbal > $1) AND (SUBSTRING(c_phone FROM 1 FOR 2) = ANY ('{27,18,25,33,20,11,29}'::text[])))","Rows Removed by Filter": 43637,"Workers": []},{"Node Type": "Index Only Scan","Parent Relationship": "Inner","Parallel Aware": false,"Async Capable": false,"Scan Direction": "Forward","Index Name": "idx_orders_custkey","Relation Name": "orders","Alias": "orders","Startup Cost": 0.43,"Total Cost": 3.28,"Plan Rows": 17,"Plan Width": 4,"Actual Startup Time": 0.003,"Actual Total Time": 0.003,"Actual Rows": 1,"Actual Loops": 19088,"Index Cond": "(o_custkey = customer.c_custkey)","Rows Removed by Index Recheck": 0,"Heap Fetches": 0,"Workers": []}]}]}]}]}]},"Planning Time": 4.506,"Triggers": [],"Execution Time": 134.841}]
[{"Plan": {"Node Type": "Aggregate","Strategy": "Sorted","Partial Mode": "Finalize","Parallel Aware": false,"Async Capable": false,"Startup Cost": 12972.06,"Total Cost": 13071.37,"Plan Rows": 744,"Plan Width": 72,"Actual Startup Time": 133.294,"Actual Total Time": 138.825,"Actual Rows": 7,"Actual Loops": 1,"Group Key": ["(SUBSTRING(customer.c_phone FROM 1 FOR 2))"],"Plans": [{"Node Type": "Aggregate","Strategy": "Plain","Partial Mode": "Finalize","Parent Relationship": "InitPlan","Subplan Name": "InitPlan 1 (returns $1)","Parallel Aware": false,"Async Capable": false,"Startup Cost": 6230.83,"Total Cost": 6230.84,"Plan Rows": 1,"Plan Width": 32,"Actual Startup Time": 61.063,"Actual Total Time": 61.290,"Actual Rows": 1,"Actual Loops": 1,"Plans": [{"Node Type": "Gather","Parent Relationship": "Outer","Parallel Aware": false,"Async Capable": false,"Startup Cost": 6230.61,"Total Cost": 6230.82,"Plan Rows": 2,"Plan Width": 32,"Actual Startup Time": 60.984,"Actual Total Time": 61.274,"Actual Rows": 3,"Actual Loops": 1,"Workers Planned": 2,"Workers Launched": 2,"Single Copy": false,"Plans": [{"Node Type": "Aggregate","Strategy": "Plain","Partial Mode": "Partial","Parent Relationship": "Outer","Parallel Aware": false,"Async Capable": false,"Startup Cost": 5230.61,"Total Cost": 5230.62,"Plan Rows": 1,"Plan Width": 32,"Actual Startup Time": 54.827,"Actual Total Time": 54.830,"Actual Rows": 1,"Actual Loops": 3,"Workers": [],"Plans": [{"Node Type": "Seq Scan","Parent Relationship": "Outer","Parallel Aware": true,"Async Capable": false,"Relation Name": "customer","Alias": "customer_1","Startup Cost": 0.00,"Total Cost": 5225.62,"Plan Rows": 1994,"Plan Width": 6,"Actual Startup Time": 0.054,"Actual Total Time": 53.776,"Actual Rows": 12698,"Actual Loops": 3,"Filter": "((c_acctbal > 0.00) AND (SUBSTRING(c_phone FROM 1 FOR 2) = ANY ('{11,25,14,27,16,28,34}'::text[])))","Rows Removed by Filter": 37302,"Workers": []}]}]}]},{"Node Type": "Gather Merge","Parent Relationship": "Outer","Parallel Aware": false,"Async Capable": false,"Startup Cost": 6741.22,"Total Cost": 6821.30,"Plan Rows": 620,"Plan Width": 72,"Actual Startup Time": 133.196,"Actual Total Time": 138.548,"Actual Rows": 21,"Actual Loops": 1,"Workers Planned": 2,"Params Evaluated": ["$1"],"Workers Launched": 2,"Plans": [{"Node Type": "Aggregate","Strategy": "Sorted","Partial Mode": "Partial","Parent Relationship": "Outer","Parallel Aware": false,"Async Capable": false,"Startup Cost": 5741.19,"Total Cost": 5749.72,"Plan Rows": 310,"Plan Width": 72,"Actual Startup Time": 64.466,"Actual Total Time": 64.939,"Actual Rows": 7,"Actual Loops": 3,"Group Key": ["(SUBSTRING(customer.c_phone FROM 1 FOR 2))"],"Workers": [],"Plans": [{"Node Type": "Sort","Parent Relationship": "Outer","Parallel Aware": false,"Async Capable": false,"Startup Cost": 5741.19,"Total Cost": 5741.97,"Plan Rows": 310,"Plan Width": 38,"Actual Startup Time": 64.354,"Actual Total Time": 64.483,"Actual Rows": 2117,"Actual Loops": 3,"Sort Key": ["(SUBSTRING(customer.c_phone FROM 1 FOR 2))"],"Sort Method": "quicksort","Sort Space Used": 233,"Sort Space Type": "Memory","Workers": [{"Worker Number": 0,"Sort Method": "quicksort","Sort Space Used": 151,"Sort Space Type": "Memory"},{"Worker Number": 1,"Sort Method": "quicksort","Sort Space Used": 156,"Sort Space Type": "Memory"}],"Plans": [{"Node Type": "Nested Loop","Parent Relationship": "Outer","Parallel Aware": false,"Async Capable": false,"Join Type": "Anti","Startup Cost": 0.43,"Total Cost": 5728.36,"Plan Rows": 310,"Plan Width": 38,"Actual Startup Time": 0.150,"Actual Total Time": 63.432,"Actual Rows": 2117,"Actual Loops": 3,"Inner Unique": false,"Workers": [],"Plans": [{"Node Type": "Seq Scan","Parent Relationship": "Outer","Parallel Aware": true,"Async Capable": false,"Relation Name": "customer","Alias": "customer","Startup Cost": 0.00,"Total Cost": 5225.62,"Plan Rows": 729,"Plan Width": 26,"Actual Startup Time": 0.039,"Actual Total Time": 42.704,"Actual Rows": 6326,"Actual Loops": 3,"Filter": "((c_acctbal > $1) AND (SUBSTRING(c_phone FROM 1 FOR 2) = ANY ('{11,25,14,27,16,28,34}'::text[])))","Rows Removed by Filter": 43674,"Workers": []},{"Node Type": "Index Only Scan","Parent Relationship": "Inner","Parallel Aware": false,"Async Capable": false,"Scan Direction": "Forward","Index Name": "idx_orders_custkey","Relation Name": "orders","Alias": "orders","Startup Cost": 0.43,"Total Cost": 3.28,"Plan Rows": 17,"Plan Width": 4,"Actual Startup Time": 0.003,"Actual Total Time": 0.003,"Actual Rows": 1,"Actual Loops": 18977,"Index Cond": "(o_custkey = customer.c_custkey)","Rows Removed by Index Recheck": 0,"Heap Fetches": 0,"Workers": []}]}]}]}]}]},"Planning Time": 4.416,"Triggers": [],"Execution Time": 139.227}]
[{"Plan": {"Node Type": "Aggregate","Strategy": "Sorted","Partial Mode": "Finalize","Parallel Aware": false,"Async Capable": false,"Startup Cost": 12972.06,"Total Cost": 13071.37,"Plan Rows": 744,"Plan Width": 72,"Actual Startup Time": 136.318,"Actual Total Time": 139.947,"Actual Rows": 7,"Actual Loops": 1,"Group Key": ["(SUBSTRING(customer.c_phone FROM 1 FOR 2))"],"Plans": [{"Node Type": "Aggregate","Strategy": "Plain","Partial Mode": "Finalize","Parent Relationship": "InitPlan","Subplan Name": "InitPlan 1 (returns $1)","Parallel Aware": false,"Async Capable": false,"Startup Cost": 6230.83,"Total Cost": 6230.84,"Plan Rows": 1,"Plan Width": 32,"Actual Startup Time": 60.056,"Actual Total Time": 60.230,"Actual Rows": 1,"Actual Loops": 1,"Plans": [{"Node Type": "Gather","Parent Relationship": "Outer","Parallel Aware": false,"Async Capable": false,"Startup Cost": 6230.61,"Total Cost": 6230.82,"Plan Rows": 2,"Plan Width": 32,"Actual Startup Time": 59.956,"Actual Total Time": 60.214,"Actual Rows": 3,"Actual Loops": 1,"Workers Planned": 2,"Workers Launched": 2,"Single Copy": false,"Plans": [{"Node Type": "Aggregate","Strategy": "Plain","Partial Mode": "Partial","Parent Relationship": "Outer","Parallel Aware": false,"Async Capable": false,"Startup Cost": 5230.61,"Total Cost": 5230.62,"Plan Rows": 1,"Plan Width": 32,"Actual Startup Time": 54.070,"Actual Total Time": 54.072,"Actual Rows": 1,"Actual Loops": 3,"Workers": [],"Plans": [{"Node Type": "Seq Scan","Parent Relationship": "Outer","Parallel Aware": true,"Async Capable": false,"Relation Name": "customer","Alias": "customer_1","Startup Cost": 0.00,"Total Cost": 5225.62,"Plan Rows": 1994,"Plan Width": 6,"Actual Startup Time": 0.063,"Actual Total Time": 52.988,"Actual Rows": 12641,"Actual Loops": 3,"Filter": "((c_acctbal > 0.00) AND (SUBSTRING(c_phone FROM 1 FOR 2) = ANY ('{34,22,11,17,18,28,30}'::text[])))","Rows Removed by Filter": 37359,"Workers": []}]}]}]},{"Node Type": "Gather Merge","Parent Relationship": "Outer","Parallel Aware": false,"Async Capable": false,"Startup Cost": 6741.22,"Total Cost": 6821.30,"Plan Rows": 620,"Plan Width": 72,"Actual Startup Time": 136.214,"Actual Total Time": 139.718,"Actual Rows": 21,"Actual Loops": 1,"Workers Planned": 2,"Params Evaluated": ["$1"],"Workers Launched": 2,"Plans": [{"Node Type": "Aggregate","Strategy": "Sorted","Partial Mode": "Partial","Parent Relationship": "Outer","Parallel Aware": false,"Async Capable": false,"Startup Cost": 5741.19,"Total Cost": 5749.72,"Plan Rows": 310,"Plan Width": 72,"Actual Startup Time": 68.884,"Actual Total Time": 69.186,"Actual Rows": 7,"Actual Loops": 3,"Group Key": ["(SUBSTRING(customer.c_phone FROM 1 FOR 2))"],"Workers": [],"Plans": [{"Node Type": "Sort","Parent Relationship": "Outer","Parallel Aware": false,"Async Capable": false,"Startup Cost": 5741.19,"Total Cost": 5741.97,"Plan Rows": 310,"Plan Width": 38,"Actual Startup Time": 68.806,"Actual Total Time": 68.889,"Actual Rows": 2126,"Actual Loops": 3,"Sort Key": ["(SUBSTRING(customer.c_phone FROM 1 FOR 2))"],"Sort Method": "quicksort","Sort Space Used": 229,"Sort Space Type": "Memory","Workers": [{"Worker Number": 0,"Sort Method": "quicksort","Sort Space Used": 156,"Sort Space Type": "Memory"},{"Worker Number": 1,"Sort Method": "quicksort","Sort Space Used": 157,"Sort Space Type": "Memory"}],"Plans": [{"Node Type": "Nested Loop","Parent Relationship": "Outer","Parallel Aware": false,"Async Capable": false,"Join Type": "Anti","Startup Cost": 0.43,"Total Cost": 5728.36,"Plan Rows": 310,"Plan Width": 38,"Actual Startup Time": 0.166,"Actual Total Time": 68.001,"Actual Rows": 2126,"Actual Loops": 3,"Inner Unique": false,"Workers": [],"Plans": [{"Node Type": "Seq Scan","Parent Relationship": "Outer","Parallel Aware": true,"Async Capable": false,"Relation Name": "customer","Alias": "customer","Startup Cost": 0.00,"Total Cost": 5225.62,"Plan Rows": 729,"Plan Width": 26,"Actual Startup Time": 0.038,"Actual Total Time": 44.612,"Actual Rows": 6309,"Actual Loops": 3,"Filter": "((c_acctbal > $1) AND (SUBSTRING(c_phone FROM 1 FOR 2) = ANY ('{34,22,11,17,18,28,30}'::text[])))","Rows Removed by Filter": 43691,"Workers": []},{"Node Type": "Index Only Scan","Parent Relationship": "Inner","Parallel Aware": false,"Async Capable": false,"Scan Direction": "Forward","Index Name": "idx_orders_custkey","Relation Name": "orders","Alias": "orders","Startup Cost": 0.43,"Total Cost": 3.28,"Plan Rows": 17,"Plan Width": 4,"Actual Startup Time": 0.003,"Actual Total Time": 0.003,"Actual Rows": 1,"Actual Loops": 18927,"Index Cond": "(o_custkey = customer.c_custkey)","Rows Removed by Index Recheck": 0,"Heap Fetches": 0,"Workers": []}]}]}]}]}]},"Planning Time": 4.843,"Triggers": [],"Execution Time": 140.389}]
[{"Plan": {"Node Type": "Aggregate","Strategy": "Sorted","Partial Mode": "Finalize","Parallel Aware": false,"Async Capable": false,"Startup Cost": 12972.06,"Total Cost": 13071.37,"Plan Rows": 744,"Plan Width": 72,"Actual Startup Time": 136.458,"Actual Total Time": 139.790,"Actual Rows": 7,"Actual Loops": 1,"Group Key": ["(SUBSTRING(customer.c_phone FROM 1 FOR 2))"],"Plans": [{"Node Type": "Aggregate","Strategy": "Plain","Partial Mode": "Finalize","Parent Relationship": "InitPlan","Subplan Name": "InitPlan 1 (returns $1)","Parallel Aware": false,"Async Capable": false,"Startup Cost": 6230.83,"Total Cost": 6230.84,"Plan Rows": 1,"Plan Width": 32,"Actual Startup Time": 59.384,"Actual Total Time": 59.602,"Actual Rows": 1,"Actual Loops": 1,"Plans": [{"Node Type": "Gather","Parent Relationship": "Outer","Parallel Aware": false,"Async Capable": false,"Startup Cost": 6230.61,"Total Cost": 6230.82,"Plan Rows": 2,"Plan Width": 32,"Actual Startup Time": 59.270,"Actual Total Time": 59.584,"Actual Rows": 3,"Actual Loops": 1,"Workers Planned": 2,"Workers Launched": 2,"Single Copy": false,"Plans": [{"Node Type": "Aggregate","Strategy": "Plain","Partial Mode": "Partial","Parent Relationship": "Outer","Parallel Aware": false,"Async Capable": false,"Startup Cost": 5230.61,"Total Cost": 5230.62,"Plan Rows": 1,"Plan Width": 32,"Actual Startup Time": 53.043,"Actual Total Time": 53.046,"Actual Rows": 1,"Actual Loops": 3,"Workers": [],"Plans": [{"Node Type": "Seq Scan","Parent Relationship": "Outer","Parallel Aware": true,"Async Capable": false,"Relation Name": "customer","Alias": "customer_1","Startup Cost": 0.00,"Total Cost": 5225.62,"Plan Rows": 1994,"Plan Width": 6,"Actual Startup Time": 0.054,"Actual Total Time": 52.014,"Actual Rows": 12653,"Actual Loops": 3,"Filter": "((c_acctbal > 0.00) AND (SUBSTRING(c_phone FROM 1 FOR 2) = ANY ('{28,27,18,33,10,15,30}'::text[])))","Rows Removed by Filter": 37347,"Workers": []}]}]}]},{"Node Type": "Gather Merge","Parent Relationship": "Outer","Parallel Aware": false,"Async Capable": false,"Startup Cost": 6741.22,"Total Cost": 6821.30,"Plan Rows": 620,"Plan Width": 72,"Actual Startup Time": 136.315,"Actual Total Time": 139.493,"Actual Rows": 21,"Actual Loops": 1,"Workers Planned": 2,"Params Evaluated": ["$1"],"Workers Launched": 2,"Plans": [{"Node Type": "Aggregate","Strategy": "Sorted","Partial Mode": "Partial","Parent Relationship": "Outer","Parallel Aware": false,"Async Capable": false,"Startup Cost": 5741.19,"Total Cost": 5749.72,"Plan Rows": 310,"Plan Width": 72,"Actual Startup Time": 70.321,"Actual Total Time": 70.627,"Actual Rows": 7,"Actual Loops": 3,"Group Key": ["(SUBSTRING(customer.c_phone FROM 1 FOR 2))"],"Workers": [],"Plans": [{"Node Type": "Sort","Parent Relationship": "Outer","Parallel Aware": false,"Async Capable": false,"Startup Cost": 5741.19,"Total Cost": 5741.97,"Plan Rows": 310,"Plan Width": 38,"Actual Startup Time": 70.257,"Actual Total Time": 70.344,"Actual Rows": 2134,"Actual Loops": 3,"Sort Key": ["(SUBSTRING(customer.c_phone FROM 1 FOR 2))"],"Sort Method": "quicksort","Sort Space Used": 232,"Sort Space Type": "Memory","Workers": [{"Worker Number": 0,"Sort Method": "quicksort","Sort Space Used": 160,"Sort Space Type": "Memory"},{"Worker Number": 1,"Sort Method": "quicksort","Sort Space Used": 151,"Sort Space Type": "Memory"}],"Plans": [{"Node Type": "Nested Loop","Parent Relationship": "Outer","Parallel Aware": false,"Async Capable": false,"Join Type": "Anti","Startup Cost": 0.43,"Total Cost": 5728.36,"Plan Rows": 310,"Plan Width": 38,"Actual Startup Time": 0.200,"Actual Total Time": 69.470,"Actual Rows": 2134,"Actual Loops": 3,"Inner Unique": false,"Workers": [],"Plans": [{"Node Type": "Seq Scan","Parent Relationship": "Outer","Parallel Aware": true,"Async Capable": false,"Relation Name": "customer","Alias": "customer","Startup Cost": 0.00,"Total Cost": 5225.62,"Plan Rows": 729,"Plan Width": 26,"Actual Startup Time": 0.031,"Actual Total Time": 45.366,"Actual Rows": 6299,"Actual Loops": 3,"Filter": "((c_acctbal > $1) AND (SUBSTRING(c_phone FROM 1 FOR 2) = ANY ('{28,27,18,33,10,15,30}'::text[])))","Rows Removed by Filter": 43701,"Workers": []},{"Node Type": "Index Only Scan","Parent Relationship": "Inner","Parallel Aware": false,"Async Capable": false,"Scan Direction": "Forward","Index Name": "idx_orders_custkey","Relation Name": "orders","Alias": "orders","Startup Cost": 0.43,"Total Cost": 3.28,"Plan Rows": 17,"Plan Width": 4,"Actual Startup Time": 0.003,"Actual Total Time": 0.003,"Actual Rows": 1,"Actual Loops": 18897,"Index Cond": "(o_custkey = customer.c_custkey)","Rows Removed by Index Recheck": 0,"Heap Fetches": 0,"Workers": []}]}]}]}]}]},"Planning Time": 3.912,"Triggers": [],"Execution Time": 140.115}]
[{"Plan": {"Node Type": "Aggregate","Strategy": "Sorted","Partial Mode": "Finalize","Parallel Aware": false,"Async Capable": false,"Startup Cost": 12972.06,"Total Cost": 13071.37,"Plan Rows": 744,"Plan Width": 72,"Actual Startup Time": 132.115,"Actual Total Time": 135.975,"Actual Rows": 7,"Actual Loops": 1,"Group Key": ["(SUBSTRING(customer.c_phone FROM 1 FOR 2))"],"Plans": [{"Node Type": "Aggregate","Strategy": "Plain","Partial Mode": "Finalize","Parent Relationship": "InitPlan","Subplan Name": "InitPlan 1 (returns $1)","Parallel Aware": false,"Async Capable": false,"Startup Cost": 6230.83,"Total Cost": 6230.84,"Plan Rows": 1,"Plan Width": 32,"Actual Startup Time": 61.650,"Actual Total Time": 61.900,"Actual Rows": 1,"Actual Loops": 1,"Plans": [{"Node Type": "Gather","Parent Relationship": "Outer","Parallel Aware": false,"Async Capable": false,"Startup Cost": 6230.61,"Total Cost": 6230.82,"Plan Rows": 2,"Plan Width": 32,"Actual Startup Time": 61.559,"Actual Total Time": 61.880,"Actual Rows": 3,"Actual Loops": 1,"Workers Planned": 2,"Workers Launched": 2,"Single Copy": false,"Plans": [{"Node Type": "Aggregate","Strategy": "Plain","Partial Mode": "Partial","Parent Relationship": "Outer","Parallel Aware": false,"Async Capable": false,"Startup Cost": 5230.61,"Total Cost": 5230.62,"Plan Rows": 1,"Plan Width": 32,"Actual Startup Time": 55.688,"Actual Total Time": 55.690,"Actual Rows": 1,"Actual Loops": 3,"Workers": [],"Plans": [{"Node Type": "Seq Scan","Parent Relationship": "Outer","Parallel Aware": true,"Async Capable": false,"Relation Name": "customer","Alias": "customer_1","Startup Cost": 0.00,"Total Cost": 5225.62,"Plan Rows": 1994,"Plan Width": 6,"Actual Startup Time": 0.062,"Actual Total Time": 54.573,"Actual Rows": 12659,"Actual Loops": 3,"Filter": "((c_acctbal > 0.00) AND (SUBSTRING(c_phone FROM 1 FOR 2) = ANY ('{24,15,21,22,27,28,25}'::text[])))","Rows Removed by Filter": 37341,"Workers": []}]}]}]},{"Node Type": "Gather Merge","Parent Relationship": "Outer","Parallel Aware": false,"Async Capable": false,"Startup Cost": 6741.22,"Total Cost": 6821.30,"Plan Rows": 620,"Plan Width": 72,"Actual Startup Time": 132.013,"Actual Total Time": 135.675,"Actual Rows": 21,"Actual Loops": 1,"Workers Planned": 2,"Params Evaluated": ["$1"],"Workers Launched": 2,"Plans": [{"Node Type": "Aggregate","Strategy": "Sorted","Partial Mode": "Partial","Parent Relationship": "Outer","Parallel Aware": false,"Async Capable": false,"Startup Cost": 5741.19,"Total Cost": 5749.72,"Plan Rows": 310,"Plan Width": 72,"Actual Startup Time": 63.672,"Actual Total Time": 63.973,"Actual Rows": 7,"Actual Loops": 3,"Group Key": ["(SUBSTRING(customer.c_phone FROM 1 FOR 2))"],"Workers": [],"Plans": [{"Node Type": "Sort","Parent Relationship": "Outer","Parallel Aware": false,"Async Capable": false,"Startup Cost": 5741.19,"Total Cost": 5741.97,"Plan Rows": 310,"Plan Width": 38,"Actual Startup Time": 63.597,"Actual Total Time": 63.681,"Actual Rows": 2112,"Actual Loops": 3,"Sort Key": ["(SUBSTRING(customer.c_phone FROM 1 FOR 2))"],"Sort Method": "quicksort","Sort Space Used": 233,"Sort Space Type": "Memory","Workers": [{"Worker Number": 0,"Sort Method": "quicksort","Sort Space Used": 154,"Sort Space Type": "Memory"},{"Worker Number": 1,"Sort Method": "quicksort","Sort Space Used": 153,"Sort Space Type": "Memory"}],"Plans": [{"Node Type": "Nested Loop","Parent Relationship": "Outer","Parallel Aware": false,"Async Capable": false,"Join Type": "Anti","Startup Cost": 0.43,"Total Cost": 5728.36,"Plan Rows": 310,"Plan Width": 38,"Actual Startup Time": 0.124,"Actual Total Time": 62.803,"Actual Rows": 2112,"Actual Loops": 3,"Inner Unique": false,"Workers": [],"Plans": [{"Node Type": "Seq Scan","Parent Relationship": "Outer","Parallel Aware": true,"Async Capable": false,"Relation Name": "customer","Alias": "customer","Startup Cost": 0.00,"Total Cost": 5225.62,"Plan Rows": 729,"Plan Width": 26,"Actual Startup Time": 0.025,"Actual Total Time": 42.398,"Actual Rows": 6317,"Actual Loops": 3,"Filter": "((c_acctbal > $1) AND (SUBSTRING(c_phone FROM 1 FOR 2) = ANY ('{24,15,21,22,27,28,25}'::text[])))","Rows Removed by Filter": 43683,"Workers": []},{"Node Type": "Index Only Scan","Parent Relationship": "Inner","Parallel Aware": false,"Async Capable": false,"Scan Direction": "Forward","Index Name": "idx_orders_custkey","Relation Name": "orders","Alias": "orders","Startup Cost": 0.43,"Total Cost": 3.28,"Plan Rows": 17,"Plan Width": 4,"Actual Startup Time": 0.003,"Actual Total Time": 0.003,"Actual Rows": 1,"Actual Loops": 18950,"Index Cond": "(o_custkey = customer.c_custkey)","Rows Removed by Index Recheck": 0,"Heap Fetches": 0,"Workers": []}]}]}]}]}]},"Planning Time": 4.995,"Triggers": [],"Execution Time": 136.304}]
[{"Plan": {"Node Type": "Aggregate","Strategy": "Sorted","Partial Mode": "Finalize","Parallel Aware": false,"Async Capable": false,"Startup Cost": 12972.06,"Total Cost": 13071.37,"Plan Rows": 744,"Plan Width": 72,"Actual Startup Time": 133.374,"Actual Total Time": 137.770,"Actual Rows": 7,"Actual Loops": 1,"Group Key": ["(SUBSTRING(customer.c_phone FROM 1 FOR 2))"],"Plans": [{"Node Type": "Aggregate","Strategy": "Plain","Partial Mode": "Finalize","Parent Relationship": "InitPlan","Subplan Name": "InitPlan 1 (returns $1)","Parallel Aware": false,"Async Capable": false,"Startup Cost": 6230.83,"Total Cost": 6230.84,"Plan Rows": 1,"Plan Width": 32,"Actual Startup Time": 62.478,"Actual Total Time": 62.743,"Actual Rows": 1,"Actual Loops": 1,"Plans": [{"Node Type": "Gather","Parent Relationship": "Outer","Parallel Aware": false,"Async Capable": false,"Startup Cost": 6230.61,"Total Cost": 6230.82,"Plan Rows": 2,"Plan Width": 32,"Actual Startup Time": 62.383,"Actual Total Time": 62.725,"Actual Rows": 3,"Actual Loops": 1,"Workers Planned": 2,"Workers Launched": 2,"Single Copy": false,"Plans": [{"Node Type": "Aggregate","Strategy": "Plain","Partial Mode": "Partial","Parent Relationship": "Outer","Parallel Aware": false,"Async Capable": false,"Startup Cost": 5230.61,"Total Cost": 5230.62,"Plan Rows": 1,"Plan Width": 32,"Actual Startup Time": 56.435,"Actual Total Time": 56.439,"Actual Rows": 1,"Actual Loops": 3,"Workers": [],"Plans": [{"Node Type": "Seq Scan","Parent Relationship": "Outer","Parallel Aware": true,"Async Capable": false,"Relation Name": "customer","Alias": "customer_1","Startup Cost": 0.00,"Total Cost": 5225.62,"Plan Rows": 1994,"Plan Width": 6,"Actual Startup Time": 0.060,"Actual Total Time": 55.339,"Actual Rows": 12805,"Actual Loops": 3,"Filter": "((c_acctbal > 0.00) AND (SUBSTRING(c_phone FROM 1 FOR 2) = ANY ('{12,32,33,19,24,27,10}'::text[])))","Rows Removed by Filter": 37195,"Workers": []}]}]}]},{"Node Type": "Gather Merge","Parent Relationship": "Outer","Parallel Aware": false,"Async Capable": false,"Startup Cost": 6741.22,"Total Cost": 6821.30,"Plan Rows": 620,"Plan Width": 72,"Actual Startup Time": 133.284,"Actual Total Time": 137.459,"Actual Rows": 21,"Actual Loops": 1,"Workers Planned": 2,"Params Evaluated": ["$1"],"Workers Launched": 2,"Plans": [{"Node Type": "Aggregate","Strategy": "Sorted","Partial Mode": "Partial","Parent Relationship": "Outer","Parallel Aware": false,"Async Capable": false,"Startup Cost": 5741.19,"Total Cost": 5749.72,"Plan Rows": 310,"Plan Width": 72,"Actual Startup Time": 64.187,"Actual Total Time": 64.503,"Actual Rows": 7,"Actual Loops": 3,"Group Key": ["(SUBSTRING(customer.c_phone FROM 1 FOR 2))"],"Workers": [],"Plans": [{"Node Type": "Sort","Parent Relationship": "Outer","Parallel Aware": false,"Async Capable": false,"Startup Cost": 5741.19,"Total Cost": 5741.97,"Plan Rows": 310,"Plan Width": 38,"Actual Startup Time": 64.116,"Actual Total Time": 64.199,"Actual Rows": 2129,"Actual Loops": 3,"Sort Key": ["(SUBSTRING(customer.c_phone FROM 1 FOR 2))"],"Sort Method": "quicksort","Sort Space Used": 233,"Sort Space Type": "Memory","Workers": [{"Worker Number": 0,"Sort Method": "quicksort","Sort Space Used": 158,"Sort Space Type": "Memory"},{"Worker Number": 1,"Sort Method": "quicksort","Sort Space Used": 151,"Sort Space Type": "Memory"}],"Plans": [{"Node Type": "Nested Loop","Parent Relationship": "Outer","Parallel Aware": false,"Async Capable": false,"Join Type": "Anti","Startup Cost": 0.43,"Total Cost": 5728.36,"Plan Rows": 310,"Plan Width": 38,"Actual Startup Time": 0.117,"Actual Total Time": 63.275,"Actual Rows": 2129,"Actual Loops": 3,"Inner Unique": false,"Workers": [],"Plans": [{"Node Type": "Seq Scan","Parent Relationship": "Outer","Parallel Aware": true,"Async Capable": false,"Relation Name": "customer","Alias": "customer","Startup Cost": 0.00,"Total Cost": 5225.62,"Plan Rows": 729,"Plan Width": 26,"Actual Startup Time": 0.031,"Actual Total Time": 42.537,"Actual Rows": 6373,"Actual Loops": 3,"Filter": "((c_acctbal > $1) AND (SUBSTRING(c_phone FROM 1 FOR 2) = ANY ('{12,32,33,19,24,27,10}'::text[])))","Rows Removed by Filter": 43627,"Workers": []},{"Node Type": "Index Only Scan","Parent Relationship": "Inner","Parallel Aware": false,"Async Capable": false,"Scan Direction": "Forward","Index Name": "idx_orders_custkey","Relation Name": "orders","Alias": "orders","Startup Cost": 0.43,"Total Cost": 3.28,"Plan Rows": 17,"Plan Width": 4,"Actual Startup Time": 0.003,"Actual Total Time": 0.003,"Actual Rows": 1,"Actual Loops": 19118,"Index Cond": "(o_custkey = customer.c_custkey)","Rows Removed by Index Recheck": 0,"Heap Fetches": 0,"Workers": []}]}]}]}]}]},"Planning Time": 5.032,"Triggers": [],"Execution Time": 138.251}]
[{"Plan": {"Node Type": "Aggregate","Strategy": "Sorted","Partial Mode": "Finalize","Parallel Aware": false,"Async Capable": false,"Startup Cost": 12972.06,"Total Cost": 13071.37,"Plan Rows": 744,"Plan Width": 72,"Actual Startup Time": 136.390,"Actual Total Time": 139.757,"Actual Rows": 7,"Actual Loops": 1,"Group Key": ["(SUBSTRING(customer.c_phone FROM 1 FOR 2))"],"Plans": [{"Node Type": "Aggregate","Strategy": "Plain","Partial Mode": "Finalize","Parent Relationship": "InitPlan","Subplan Name": "InitPlan 1 (returns $1)","Parallel Aware": false,"Async Capable": false,"Startup Cost": 6230.83,"Total Cost": 6230.84,"Plan Rows": 1,"Plan Width": 32,"Actual Startup Time": 59.724,"Actual Total Time": 59.897,"Actual Rows": 1,"Actual Loops": 1,"Plans": [{"Node Type": "Gather","Parent Relationship": "Outer","Parallel Aware": false,"Async Capable": false,"Startup Cost": 6230.61,"Total Cost": 6230.82,"Plan Rows": 2,"Plan Width": 32,"Actual Startup Time": 59.644,"Actual Total Time": 59.883,"Actual Rows": 3,"Actual Loops": 1,"Workers Planned": 2,"Workers Launched": 2,"Single Copy": false,"Plans": [{"Node Type": "Aggregate","Strategy": "Plain","Partial Mode": "Partial","Parent Relationship": "Outer","Parallel Aware": false,"Async Capable": false,"Startup Cost": 5230.61,"Total Cost": 5230.62,"Plan Rows": 1,"Plan Width": 32,"Actual Startup Time": 53.668,"Actual Total Time": 53.670,"Actual Rows": 1,"Actual Loops": 3,"Workers": [],"Plans": [{"Node Type": "Seq Scan","Parent Relationship": "Outer","Parallel Aware": true,"Async Capable": false,"Relation Name": "customer","Alias": "customer_1","Startup Cost": 0.00,"Total Cost": 5225.62,"Plan Rows": 1994,"Plan Width": 6,"Actual Startup Time": 0.059,"Actual Total Time": 52.582,"Actual Rows": 12719,"Actual Loops": 3,"Filter": "((c_acctbal > 0.00) AND (SUBSTRING(c_phone FROM 1 FOR 2) = ANY ('{25,32,30,21,24,23,12}'::text[])))","Rows Removed by Filter": 37281,"Workers": []}]}]}]},{"Node Type": "Gather Merge","Parent Relationship": "Outer","Parallel Aware": false,"Async Capable": false,"Startup Cost": 6741.22,"Total Cost": 6821.30,"Plan Rows": 620,"Plan Width": 72,"Actual Startup Time": 136.267,"Actual Total Time": 139.525,"Actual Rows": 21,"Actual Loops": 1,"Workers Planned": 2,"Params Evaluated": ["$1"],"Workers Launched": 2,"Plans": [{"Node Type": "Aggregate","Strategy": "Sorted","Partial Mode": "Partial","Parent Relationship": "Outer","Parallel Aware": false,"Async Capable": false,"Startup Cost": 5741.19,"Total Cost": 5749.72,"Plan Rows": 310,"Plan Width": 72,"Actual Startup Time": 69.813,"Actual Total Time": 70.116,"Actual Rows": 7,"Actual Loops": 3,"Group Key": ["(SUBSTRING(customer.c_phone FROM 1 FOR 2))"],"Workers": [],"Plans": [{"Node Type": "Sort","Parent Relationship": "Outer","Parallel Aware": false,"Async Capable": false,"Startup Cost": 5741.19,"Total Cost": 5741.97,"Plan Rows": 310,"Plan Width": 38,"Actual Startup Time": 69.745,"Actual Total Time": 69.826,"Actual Rows": 2116,"Actual Loops": 3,"Sort Key": ["(SUBSTRING(customer.c_phone FROM 1 FOR 2))"],"Sort Method": "quicksort","Sort Space Used": 232,"Sort Space Type": "Memory","Workers": [{"Worker Number": 0,"Sort Method": "quicksort","Sort Space Used": 152,"Sort Space Type": "Memory"},{"Worker Number": 1,"Sort Method": "quicksort","Sort Space Used": 156,"Sort Space Type": "Memory"}],"Plans": [{"Node Type": "Nested Loop","Parent Relationship": "Outer","Parallel Aware": false,"Async Capable": false,"Join Type": "Anti","Startup Cost": 0.43,"Total Cost": 5728.36,"Plan Rows": 310,"Plan Width": 38,"Actual Startup Time": 0.149,"Actual Total Time": 68.964,"Actual Rows": 2116,"Actual Loops": 3,"Inner Unique": false,"Workers": [],"Plans": [{"Node Type": "Seq Scan","Parent Relationship": "Outer","Parallel Aware": true,"Async Capable": false,"Relation Name": "customer","Alias": "customer","Startup Cost": 0.00,"Total Cost": 5225.62,"Plan Rows": 729,"Plan Width": 26,"Actual Startup Time": 0.053,"Actual Total Time": 45.309,"Actual Rows": 6338,"Actual Loops": 3,"Filter": "((c_acctbal > $1) AND (SUBSTRING(c_phone FROM 1 FOR 2) = ANY ('{25,32,30,21,24,23,12}'::text[])))","Rows Removed by Filter": 43662,"Workers": []},{"Node Type": "Index Only Scan","Parent Relationship": "Inner","Parallel Aware": false,"Async Capable": false,"Scan Direction": "Forward","Index Name": "idx_orders_custkey","Relation Name": "orders","Alias": "orders","Startup Cost": 0.43,"Total Cost": 3.28,"Plan Rows": 17,"Plan Width": 4,"Actual Startup Time": 0.003,"Actual Total Time": 0.003,"Actual Rows": 1,"Actual Loops": 19014,"Index Cond": "(o_custkey = customer.c_custkey)","Rows Removed by Index Recheck": 0,"Heap Fetches": 0,"Workers": []}]}]}]}]}]},"Planning Time": 4.675,"Triggers": [],"Execution Time": 140.043}]
[{"Plan": {"Node Type": "Aggregate","Strategy": "Sorted","Partial Mode": "Finalize","Parallel Aware": false,"Async Capable": false,"Startup Cost": 12972.06,"Total Cost": 13071.37,"Plan Rows": 744,"Plan Width": 72,"Actual Startup Time": 137.293,"Actual Total Time": 140.646,"Actual Rows": 7,"Actual Loops": 1,"Group Key": ["(SUBSTRING(customer.c_phone FROM 1 FOR 2))"],"Plans": [{"Node Type": "Aggregate","Strategy": "Plain","Partial Mode": "Finalize","Parent Relationship": "InitPlan","Subplan Name": "InitPlan 1 (returns $1)","Parallel Aware": false,"Async Capable": false,"Startup Cost": 6230.83,"Total Cost": 6230.84,"Plan Rows": 1,"Plan Width": 32,"Actual Startup Time": 60.053,"Actual Total Time": 60.234,"Actual Rows": 1,"Actual Loops": 1,"Plans": [{"Node Type": "Gather","Parent Relationship": "Outer","Parallel Aware": false,"Async Capable": false,"Startup Cost": 6230.61,"Total Cost": 6230.82,"Plan Rows": 2,"Plan Width": 32,"Actual Startup Time": 59.955,"Actual Total Time": 60.221,"Actual Rows": 3,"Actual Loops": 1,"Workers Planned": 2,"Workers Launched": 2,"Single Copy": false,"Plans": [{"Node Type": "Aggregate","Strategy": "Plain","Partial Mode": "Partial","Parent Relationship": "Outer","Parallel Aware": false,"Async Capable": false,"Startup Cost": 5230.61,"Total Cost": 5230.62,"Plan Rows": 1,"Plan Width": 32,"Actual Startup Time": 53.933,"Actual Total Time": 53.936,"Actual Rows": 1,"Actual Loops": 3,"Workers": [],"Plans": [{"Node Type": "Seq Scan","Parent Relationship": "Outer","Parallel Aware": true,"Async Capable": false,"Relation Name": "customer","Alias": "customer_1","Startup Cost": 0.00,"Total Cost": 5225.62,"Plan Rows": 1994,"Plan Width": 6,"Actual Startup Time": 0.062,"Actual Total Time": 52.848,"Actual Rows": 12668,"Actual Loops": 3,"Filter": "((c_acctbal > 0.00) AND (SUBSTRING(c_phone FROM 1 FOR 2) = ANY ('{24,34,10,11,20,27,14}'::text[])))","Rows Removed by Filter": 37332,"Workers": []}]}]}]},{"Node Type": "Gather Merge","Parent Relationship": "Outer","Parallel Aware": false,"Async Capable": false,"Startup Cost": 6741.22,"Total Cost": 6821.30,"Plan Rows": 620,"Plan Width": 72,"Actual Startup Time": 137.174,"Actual Total Time": 140.422,"Actual Rows": 21,"Actual Loops": 1,"Workers Planned": 2,"Params Evaluated": ["$1"],"Workers Launched": 2,"Plans": [{"Node Type": "Aggregate","Strategy": "Sorted","Partial Mode": "Partial","Parent Relationship": "Outer","Parallel Aware": false,"Async Capable": false,"Startup Cost": 5741.19,"Total Cost": 5749.72,"Plan Rows": 310,"Plan Width": 72,"Actual Startup Time": 70.483,"Actual Total Time": 70.790,"Actual Rows": 7,"Actual Loops": 3,"Group Key": ["(SUBSTRING(customer.c_phone FROM 1 FOR 2))"],"Workers": [],"Plans": [{"Node Type": "Sort","Parent Relationship": "Outer","Parallel Aware": false,"Async Capable": false,"Startup Cost": 5741.19,"Total Cost": 5741.97,"Plan Rows": 310,"Plan Width": 38,"Actual Startup Time": 70.412,"Actual Total Time": 70.492,"Actual Rows": 2128,"Actual Loops": 3,"Sort Key": ["(SUBSTRING(customer.c_phone FROM 1 FOR 2))"],"Sort Method": "quicksort","Sort Space Used": 233,"Sort Space Type": "Memory","Workers": [{"Worker Number": 0,"Sort Method": "quicksort","Sort Space Used": 152,"Sort Space Type": "Memory"},{"Worker Number": 1,"Sort Method": "quicksort","Sort Space Used": 157,"Sort Space Type": "Memory"}],"Plans": [{"Node Type": "Nested Loop","Parent Relationship": "Outer","Parallel Aware": false,"Async Capable": false,"Join Type": "Anti","Startup Cost": 0.43,"Total Cost": 5728.36,"Plan Rows": 310,"Plan Width": 38,"Actual Startup Time": 0.212,"Actual Total Time": 69.611,"Actual Rows": 2128,"Actual Loops": 3,"Inner Unique": false,"Workers": [],"Plans": [{"Node Type": "Seq Scan","Parent Relationship": "Outer","Parallel Aware": true,"Async Capable": false,"Relation Name": "customer","Alias": "customer","Startup Cost": 0.00,"Total Cost": 5225.62,"Plan Rows": 729,"Plan Width": 26,"Actual Startup Time": 0.031,"Actual Total Time": 45.714,"Actual Rows": 6324,"Actual Loops": 3,"Filter": "((c_acctbal > $1) AND (SUBSTRING(c_phone FROM 1 FOR 2) = ANY ('{24,34,10,11,20,27,14}'::text[])))","Rows Removed by Filter": 43676,"Workers": []},{"Node Type": "Index Only Scan","Parent Relationship": "Inner","Parallel Aware": false,"Async Capable": false,"Scan Direction": "Forward","Index Name": "idx_orders_custkey","Relation Name": "orders","Alias": "orders","Startup Cost": 0.43,"Total Cost": 3.28,"Plan Rows": 17,"Plan Width": 4,"Actual Startup Time": 0.003,"Actual Total Time": 0.003,"Actual Rows": 1,"Actual Loops": 18971,"Index Cond": "(o_custkey = customer.c_custkey)","Rows Removed by Index Recheck": 0,"Heap Fetches": 0,"Workers": []}]}]}]}]}]},"Planning Time": 4.820,"Triggers": [],"Execution Time": 140.996}]
[{"Plan": {"Node Type": "Aggregate","Strategy": "Sorted","Partial Mode": "Finalize","Parallel Aware": false,"Async Capable": false,"Startup Cost": 12972.06,"Total Cost": 13071.37,"Plan Rows": 744,"Plan Width": 72,"Actual Startup Time": 135.520,"Actual Total Time": 139.243,"Actual Rows": 7,"Actual Loops": 1,"Group Key": ["(SUBSTRING(customer.c_phone FROM 1 FOR 2))"],"Plans": [{"Node Type": "Aggregate","Strategy": "Plain","Partial Mode": "Finalize","Parent Relationship": "InitPlan","Subplan Name": "InitPlan 1 (returns $1)","Parallel Aware": false,"Async Capable": false,"Startup Cost": 6230.83,"Total Cost": 6230.84,"Plan Rows": 1,"Plan Width": 32,"Actual Startup Time": 61.582,"Actual Total Time": 61.783,"Actual Rows": 1,"Actual Loops": 1,"Plans": [{"Node Type": "Gather","Parent Relationship": "Outer","Parallel Aware": false,"Async Capable": false,"Startup Cost": 6230.61,"Total Cost": 6230.82,"Plan Rows": 2,"Plan Width": 32,"Actual Startup Time": 61.482,"Actual Total Time": 61.762,"Actual Rows": 3,"Actual Loops": 1,"Workers Planned": 2,"Workers Launched": 2,"Single Copy": false,"Plans": [{"Node Type": "Aggregate","Strategy": "Plain","Partial Mode": "Partial","Parent Relationship": "Outer","Parallel Aware": false,"Async Capable": false,"Startup Cost": 5230.61,"Total Cost": 5230.62,"Plan Rows": 1,"Plan Width": 32,"Actual Startup Time": 55.493,"Actual Total Time": 55.495,"Actual Rows": 1,"Actual Loops": 3,"Workers": [],"Plans": [{"Node Type": "Seq Scan","Parent Relationship": "Outer","Parallel Aware": true,"Async Capable": false,"Relation Name": "customer","Alias": "customer_1","Startup Cost": 0.00,"Total Cost": 5225.62,"Plan Rows": 1994,"Plan Width": 6,"Actual Startup Time": 0.059,"Actual Total Time": 54.394,"Actual Rows": 12654,"Actual Loops": 3,"Filter": "((c_acctbal > 0.00) AND (SUBSTRING(c_phone FROM 1 FOR 2) = ANY ('{25,12,16,13,15,17,22}'::text[])))","Rows Removed by Filter": 37346,"Workers": []}]}]}]},{"Node Type": "Gather Merge","Parent Relationship": "Outer","Parallel Aware": false,"Async Capable": false,"Startup Cost": 6741.22,"Total Cost": 6821.30,"Plan Rows": 620,"Plan Width": 72,"Actual Startup Time": 135.382,"Actual Total Time": 138.988,"Actual Rows": 21,"Actual Loops": 1,"Workers Planned": 2,"Params Evaluated": ["$1"],"Workers Launched": 2,"Plans": [{"Node Type": "Aggregate","Strategy": "Sorted","Partial Mode": "Partial","Parent Relationship": "Outer","Parallel Aware": false,"Async Capable": false,"Startup Cost": 5741.19,"Total Cost": 5749.72,"Plan Rows": 310,"Plan Width": 72,"Actual Startup Time": 67.243,"Actual Total Time": 67.538,"Actual Rows": 7,"Actual Loops": 3,"Group Key": ["(SUBSTRING(customer.c_phone FROM 1 FOR 2))"],"Workers": [],"Plans": [{"Node Type": "Sort","Parent Relationship": "Outer","Parallel Aware": false,"Async Capable": false,"Startup Cost": 5741.19,"Total Cost": 5741.97,"Plan Rows": 310,"Plan Width": 38,"Actual Startup Time": 67.172,"Actual Total Time": 67.253,"Actual Rows": 2058,"Actual Loops": 3,"Sort Key": ["(SUBSTRING(customer.c_phone FROM 1 FOR 2))"],"Sort Method": "quicksort","Sort Space Used": 233,"Sort Space Type": "Memory","Workers": [{"Worker Number": 0,"Sort Method": "quicksort","Sort Space Used": 147,"Sort Space Type": "Memory"},{"Worker Number": 1,"Sort Method": "quicksort","Sort Space Used": 151,"Sort Space Type": "Memory"}],"Plans": [{"Node Type": "Nested Loop","Parent Relationship": "Outer","Parallel Aware": false,"Async Capable": false,"Join Type": "Anti","Startup Cost": 0.43,"Total Cost": 5728.36,"Plan Rows": 310,"Plan Width": 38,"Actual Startup Time": 0.126,"Actual Total Time": 66.367,"Actual Rows": 2058,"Actual Loops": 3,"Inner Unique": false,"Workers": [],"Plans": [{"Node Type": "Seq Scan","Parent Relationship": "Outer","Parallel Aware": true,"Async Capable": false,"Relation Name": "customer","Alias": "customer","Startup Cost": 0.00,"Total Cost": 5225.62,"Plan Rows": 729,"Plan Width": 26,"Actual Startup Time": 0.048,"Actual Total Time": 43.658,"Actual Rows": 6278,"Actual Loops": 3,"Filter": "((c_acctbal > $1) AND (SUBSTRING(c_phone FROM 1 FOR 2) = ANY ('{25,12,16,13,15,17,22}'::text[])))","Rows Removed by Filter": 43722,"Workers": []},{"Node Type": "Index Only Scan","Parent Relationship": "Inner","Parallel Aware": false,"Async Capable": false,"Scan Direction": "Forward","Index Name": "idx_orders_custkey","Relation Name": "orders","Alias": "orders","Startup Cost": 0.43,"Total Cost": 3.28,"Plan Rows": 17,"Plan Width": 4,"Actual Startup Time": 0.003,"Actual Total Time": 0.003,"Actual Rows": 1,"Actual Loops": 18834,"Index Cond": "(o_custkey = customer.c_custkey)","Rows Removed by Index Recheck": 0,"Heap Fetches": 0,"Workers": []}]}]}]}]}]},"Planning Time": 4.164,"Triggers": [],"Execution Time": 139.563}]
[{"Plan": {"Node Type": "Aggregate","Strategy": "Sorted","Partial Mode": "Finalize","Parallel Aware": false,"Async Capable": false,"Startup Cost": 12972.06,"Total Cost": 13071.37,"Plan Rows": 744,"Plan Width": 72,"Actual Startup Time": 139.065,"Actual Total Time": 142.615,"Actual Rows": 7,"Actual Loops": 1,"Group Key": ["(SUBSTRING(customer.c_phone FROM 1 FOR 2))"],"Plans": [{"Node Type": "Aggregate","Strategy": "Plain","Partial Mode": "Finalize","Parent Relationship": "InitPlan","Subplan Name": "InitPlan 1 (returns $1)","Parallel Aware": false,"Async Capable": false,"Startup Cost": 6230.83,"Total Cost": 6230.84,"Plan Rows": 1,"Plan Width": 32,"Actual Startup Time": 62.608,"Actual Total Time": 62.792,"Actual Rows": 1,"Actual Loops": 1,"Plans": [{"Node Type": "Gather","Parent Relationship": "Outer","Parallel Aware": false,"Async Capable": false,"Startup Cost": 6230.61,"Total Cost": 6230.82,"Plan Rows": 2,"Plan Width": 32,"Actual Startup Time": 62.496,"Actual Total Time": 62.767,"Actual Rows": 3,"Actual Loops": 1,"Workers Planned": 2,"Workers Launched": 2,"Single Copy": false,"Plans": [{"Node Type": "Aggregate","Strategy": "Plain","Partial Mode": "Partial","Parent Relationship": "Outer","Parallel Aware": false,"Async Capable": false,"Startup Cost": 5230.61,"Total Cost": 5230.62,"Plan Rows": 1,"Plan Width": 32,"Actual Startup Time": 56.682,"Actual Total Time": 56.683,"Actual Rows": 1,"Actual Loops": 3,"Workers": [],"Plans": [{"Node Type": "Seq Scan","Parent Relationship": "Outer","Parallel Aware": true,"Async Capable": false,"Relation Name": "customer","Alias": "customer_1","Startup Cost": 0.00,"Total Cost": 5225.62,"Plan Rows": 1994,"Plan Width": 6,"Actual Startup Time": 0.056,"Actual Total Time": 55.617,"Actual Rows": 12641,"Actual Loops": 3,"Filter": "((c_acctbal > 0.00) AND (SUBSTRING(c_phone FROM 1 FOR 2) = ANY ('{26,28,10,22,30,12,34}'::text[])))","Rows Removed by Filter": 37359,"Workers": []}]}]}]},{"Node Type": "Gather Merge","Parent Relationship": "Outer","Parallel Aware": false,"Async Capable": false,"Startup Cost": 6741.22,"Total Cost": 6821.30,"Plan Rows": 620,"Plan Width": 72,"Actual Startup Time": 138.973,"Actual Total Time": 142.381,"Actual Rows": 21,"Actual Loops": 1,"Workers Planned": 2,"Params Evaluated": ["$1"],"Workers Launched": 2,"Plans": [{"Node Type": "Aggregate","Strategy": "Sorted","Partial Mode": "Partial","Parent Relationship": "Outer","Parallel Aware": false,"Async Capable": false,"Startup Cost": 5741.19,"Total Cost": 5749.72,"Plan Rows": 310,"Plan Width": 72,"Actual Startup Time": 69.693,"Actual Total Time": 69.991,"Actual Rows": 7,"Actual Loops": 3,"Group Key": ["(SUBSTRING(customer.c_phone FROM 1 FOR 2))"],"Workers": [],"Plans": [{"Node Type": "Sort","Parent Relationship": "Outer","Parallel Aware": false,"Async Capable": false,"Startup Cost": 5741.19,"Total Cost": 5741.97,"Plan Rows": 310,"Plan Width": 38,"Actual Startup Time": 69.619,"Actual Total Time": 69.699,"Actual Rows": 2089,"Actual Loops": 3,"Sort Key": ["(SUBSTRING(customer.c_phone FROM 1 FOR 2))"],"Sort Method": "quicksort","Sort Space Used": 224,"Sort Space Type": "Memory","Workers": [{"Worker Number": 0,"Sort Method": "quicksort","Sort Space Used": 155,"Sort Space Type": "Memory"},{"Worker Number": 1,"Sort Method": "quicksort","Sort Space Used": 156,"Sort Space Type": "Memory"}],"Plans": [{"Node Type": "Nested Loop","Parent Relationship": "Outer","Parallel Aware": false,"Async Capable": false,"Join Type": "Anti","Startup Cost": 0.43,"Total Cost": 5728.36,"Plan Rows": 310,"Plan Width": 38,"Actual Startup Time": 0.169,"Actual Total Time": 68.820,"Actual Rows": 2089,"Actual Loops": 3,"Inner Unique": false,"Workers": [],"Plans": [{"Node Type": "Seq Scan","Parent Relationship": "Outer","Parallel Aware": true,"Async Capable": false,"Relation Name": "customer","Alias": "customer","Startup Cost": 0.00,"Total Cost": 5225.62,"Plan Rows": 729,"Plan Width": 26,"Actual Startup Time": 0.040,"Actual Total Time": 45.227,"Actual Rows": 6304,"Actual Loops": 3,"Filter": "((c_acctbal > $1) AND (SUBSTRING(c_phone FROM 1 FOR 2) = ANY ('{26,28,10,22,30,12,34}'::text[])))","Rows Removed by Filter": 43696,"Workers": []},{"Node Type": "Index Only Scan","Parent Relationship": "Inner","Parallel Aware": false,"Async Capable": false,"Scan Direction": "Forward","Index Name": "idx_orders_custkey","Relation Name": "orders","Alias": "orders","Startup Cost": 0.43,"Total Cost": 3.28,"Plan Rows": 17,"Plan Width": 4,"Actual Startup Time": 0.003,"Actual Total Time": 0.003,"Actual Rows": 1,"Actual Loops": 18912,"Index Cond": "(o_custkey = customer.c_custkey)","Rows Removed by Index Recheck": 0,"Heap Fetches": 0,"Workers": []}]}]}]}]}]},"Planning Time": 3.687,"Triggers": [],"Execution Time": 142.954}]
[{"Plan": {"Node Type": "Aggregate","Strategy": "Sorted","Partial Mode": "Finalize","Parallel Aware": false,"Async Capable": false,"Startup Cost": 12972.06,"Total Cost": 13071.37,"Plan Rows": 744,"Plan Width": 72,"Actual Startup Time": 140.477,"Actual Total Time": 143.965,"Actual Rows": 7,"Actual Loops": 1,"Group Key": ["(SUBSTRING(customer.c_phone FROM 1 FOR 2))"],"Plans": [{"Node Type": "Aggregate","Strategy": "Plain","Partial Mode": "Finalize","Parent Relationship": "InitPlan","Subplan Name": "InitPlan 1 (returns $1)","Parallel Aware": false,"Async Capable": false,"Startup Cost": 6230.83,"Total Cost": 6230.84,"Plan Rows": 1,"Plan Width": 32,"Actual Startup Time": 62.242,"Actual Total Time": 62.418,"Actual Rows": 1,"Actual Loops": 1,"Plans": [{"Node Type": "Gather","Parent Relationship": "Outer","Parallel Aware": false,"Async Capable": false,"Startup Cost": 6230.61,"Total Cost": 6230.82,"Plan Rows": 2,"Plan Width": 32,"Actual Startup Time": 62.171,"Actual Total Time": 62.401,"Actual Rows": 3,"Actual Loops": 1,"Workers Planned": 2,"Workers Launched": 2,"Single Copy": false,"Plans": [{"Node Type": "Aggregate","Strategy": "Plain","Partial Mode": "Partial","Parent Relationship": "Outer","Parallel Aware": false,"Async Capable": false,"Startup Cost": 5230.61,"Total Cost": 5230.62,"Plan Rows": 1,"Plan Width": 32,"Actual Startup Time": 56.431,"Actual Total Time": 56.433,"Actual Rows": 1,"Actual Loops": 3,"Workers": [],"Plans": [{"Node Type": "Seq Scan","Parent Relationship": "Outer","Parallel Aware": true,"Async Capable": false,"Relation Name": "customer","Alias": "customer_1","Startup Cost": 0.00,"Total Cost": 5225.62,"Plan Rows": 1994,"Plan Width": 6,"Actual Startup Time": 0.049,"Actual Total Time": 55.328,"Actual Rows": 12725,"Actual Loops": 3,"Filter": "((c_acctbal > 0.00) AND (SUBSTRING(c_phone FROM 1 FOR 2) = ANY ('{21,18,25,29,12,13,26}'::text[])))","Rows Removed by Filter": 37275,"Workers": []}]}]}]},{"Node Type": "Gather Merge","Parent Relationship": "Outer","Parallel Aware": false,"Async Capable": false,"Startup Cost": 6741.22,"Total Cost": 6821.30,"Plan Rows": 620,"Plan Width": 72,"Actual Startup Time": 140.366,"Actual Total Time": 143.736,"Actual Rows": 21,"Actual Loops": 1,"Workers Planned": 2,"Params Evaluated": ["$1"],"Workers Launched": 2,"Plans": [{"Node Type": "Aggregate","Strategy": "Sorted","Partial Mode": "Partial","Parent Relationship": "Outer","Parallel Aware": false,"Async Capable": false,"Startup Cost": 5741.19,"Total Cost": 5749.72,"Plan Rows": 310,"Plan Width": 72,"Actual Startup Time": 71.484,"Actual Total Time": 71.782,"Actual Rows": 7,"Actual Loops": 3,"Group Key": ["(SUBSTRING(customer.c_phone FROM 1 FOR 2))"],"Workers": [],"Plans": [{"Node Type": "Sort","Parent Relationship": "Outer","Parallel Aware": false,"Async Capable": false,"Startup Cost": 5741.19,"Total Cost": 5741.97,"Plan Rows": 310,"Plan Width": 38,"Actual Startup Time": 71.410,"Actual Total Time": 71.488,"Actual Rows": 2116,"Actual Loops": 3,"Sort Key": ["(SUBSTRING(customer.c_phone FROM 1 FOR 2))"],"Sort Method": "quicksort","Sort Space Used": 232,"Sort Space Type": "Memory","Workers": [{"Worker Number": 0,"Sort Method": "quicksort","Sort Space Used": 157,"Sort Space Type": "Memory"},{"Worker Number": 1,"Sort Method": "quicksort","Sort Space Used": 151,"Sort Space Type": "Memory"}],"Plans": [{"Node Type": "Nested Loop","Parent Relationship": "Outer","Parallel Aware": false,"Async Capable": false,"Join Type": "Anti","Startup Cost": 0.43,"Total Cost": 5728.36,"Plan Rows": 310,"Plan Width": 38,"Actual Startup Time": 0.168,"Actual Total Time": 70.618,"Actual Rows": 2116,"Actual Loops": 3,"Inner Unique": false,"Workers": [],"Plans": [{"Node Type": "Seq Scan","Parent Relationship": "Outer","Parallel Aware": true,"Async Capable": false,"Relation Name": "customer","Alias": "customer","Startup Cost": 0.00,"Total Cost": 5225.62,"Plan Rows": 729,"Plan Width": 26,"Actual Startup Time": 0.037,"Actual Total Time": 46.712,"Actual Rows": 6356,"Actual Loops": 3,"Filter": "((c_acctbal > $1) AND (SUBSTRING(c_phone FROM 1 FOR 2) = ANY ('{21,18,25,29,12,13,26}'::text[])))","Rows Removed by Filter": 43644,"Workers": []},{"Node Type": "Index Only Scan","Parent Relationship": "Inner","Parallel Aware": false,"Async Capable": false,"Scan Direction": "Forward","Index Name": "idx_orders_custkey","Relation Name": "orders","Alias": "orders","Startup Cost": 0.43,"Total Cost": 3.28,"Plan Rows": 17,"Plan Width": 4,"Actual Startup Time": 0.003,"Actual Total Time": 0.003,"Actual Rows": 1,"Actual Loops": 19067,"Index Cond": "(o_custkey = customer.c_custkey)","Rows Removed by Index Recheck": 0,"Heap Fetches": 0,"Workers": []}]}]}]}]}]},"Planning Time": 3.593,"Triggers": [],"Execution Time": 144.286}]
[{"Plan": {"Node Type": "Aggregate","Strategy": "Sorted","Partial Mode": "Finalize","Parallel Aware": false,"Async Capable": false,"Startup Cost": 12972.06,"Total Cost": 13071.37,"Plan Rows": 744,"Plan Width": 72,"Actual Startup Time": 140.195,"Actual Total Time": 143.636,"Actual Rows": 7,"Actual Loops": 1,"Group Key": ["(SUBSTRING(customer.c_phone FROM 1 FOR 2))"],"Plans": [{"Node Type": "Aggregate","Strategy": "Plain","Partial Mode": "Finalize","Parent Relationship": "InitPlan","Subplan Name": "InitPlan 1 (returns $1)","Parallel Aware": false,"Async Capable": false,"Startup Cost": 6230.83,"Total Cost": 6230.84,"Plan Rows": 1,"Plan Width": 32,"Actual Startup Time": 62.237,"Actual Total Time": 62.431,"Actual Rows": 1,"Actual Loops": 1,"Plans": [{"Node Type": "Gather","Parent Relationship": "Outer","Parallel Aware": false,"Async Capable": false,"Startup Cost": 6230.61,"Total Cost": 6230.82,"Plan Rows": 2,"Plan Width": 32,"Actual Startup Time": 62.131,"Actual Total Time": 62.404,"Actual Rows": 3,"Actual Loops": 1,"Workers Planned": 2,"Workers Launched": 2,"Single Copy": false,"Plans": [{"Node Type": "Aggregate","Strategy": "Plain","Partial Mode": "Partial","Parent Relationship": "Outer","Parallel Aware": false,"Async Capable": false,"Startup Cost": 5230.61,"Total Cost": 5230.62,"Plan Rows": 1,"Plan Width": 32,"Actual Startup Time": 56.130,"Actual Total Time": 56.132,"Actual Rows": 1,"Actual Loops": 3,"Workers": [],"Plans": [{"Node Type": "Seq Scan","Parent Relationship": "Outer","Parallel Aware": true,"Async Capable": false,"Relation Name": "customer","Alias": "customer_1","Startup Cost": 0.00,"Total Cost": 5225.62,"Plan Rows": 1994,"Plan Width": 6,"Actual Startup Time": 0.059,"Actual Total Time": 55.069,"Actual Rows": 12811,"Actual Loops": 3,"Filter": "((c_acctbal > 0.00) AND (SUBSTRING(c_phone FROM 1 FOR 2) = ANY ('{23,22,15,33,18,19,16}'::text[])))","Rows Removed by Filter": 37189,"Workers": []}]}]}]},{"Node Type": "Gather Merge","Parent Relationship": "Outer","Parallel Aware": false,"Async Capable": false,"Startup Cost": 6741.22,"Total Cost": 6821.30,"Plan Rows": 620,"Plan Width": 72,"Actual Startup Time": 140.091,"Actual Total Time": 143.377,"Actual Rows": 21,"Actual Loops": 1,"Workers Planned": 2,"Params Evaluated": ["$1"],"Workers Launched": 2,"Plans": [{"Node Type": "Aggregate","Strategy": "Sorted","Partial Mode": "Partial","Parent Relationship": "Outer","Parallel Aware": false,"Async Capable": false,"Startup Cost": 5741.19,"Total Cost": 5749.72,"Plan Rows": 310,"Plan Width": 72,"Actual Startup Time": 71.584,"Actual Total Time": 71.879,"Actual Rows": 7,"Actual Loops": 3,"Group Key": ["(SUBSTRING(customer.c_phone FROM 1 FOR 2))"],"Workers": [],"Plans": [{"Node Type": "Sort","Parent Relationship": "Outer","Parallel Aware": false,"Async Capable": false,"Startup Cost": 5741.19,"Total Cost": 5741.97,"Plan Rows": 310,"Plan Width": 38,"Actual Startup Time": 71.520,"Actual Total Time": 71.598,"Actual Rows": 2148,"Actual Loops": 3,"Sort Key": ["(SUBSTRING(customer.c_phone FROM 1 FOR 2))"],"Sort Method": "quicksort","Sort Space Used": 234,"Sort Space Type": "Memory","Workers": [{"Worker Number": 0,"Sort Method": "quicksort","Sort Space Used": 159,"Sort Space Type": "Memory"},{"Worker Number": 1,"Sort Method": "quicksort","Sort Space Used": 153,"Sort Space Type": "Memory"}],"Plans": [{"Node Type": "Nested Loop","Parent Relationship": "Outer","Parallel Aware": false,"Async Capable": false,"Join Type": "Anti","Startup Cost": 0.43,"Total Cost": 5728.36,"Plan Rows": 310,"Plan Width": 38,"Actual Startup Time": 0.207,"Actual Total Time": 70.705,"Actual Rows": 2148,"Actual Loops": 3,"Inner Unique": false,"Workers": [],"Plans": [{"Node Type": "Seq Scan","Parent Relationship": "Outer","Parallel Aware": true,"Async Capable": false,"Relation Name": "customer","Alias": "customer","Startup Cost": 0.00,"Total Cost": 5225.62,"Plan Rows": 729,"Plan Width": 26,"Actual Startup Time": 0.035,"Actual Total Time": 46.434,"Actual Rows": 6399,"Actual Loops": 3,"Filter": "((c_acctbal > $1) AND (SUBSTRING(c_phone FROM 1 FOR 2) = ANY ('{23,22,15,33,18,19,16}'::text[])))","Rows Removed by Filter": 43601,"Workers": []},{"Node Type": "Index Only Scan","Parent Relationship": "Inner","Parallel Aware": false,"Async Capable": false,"Scan Direction": "Forward","Index Name": "idx_orders_custkey","Relation Name": "orders","Alias": "orders","Startup Cost": 0.43,"Total Cost": 3.28,"Plan Rows": 17,"Plan Width": 4,"Actual Startup Time": 0.003,"Actual Total Time": 0.003,"Actual Rows": 1,"Actual Loops": 19197,"Index Cond": "(o_custkey = customer.c_custkey)","Rows Removed by Index Recheck": 0,"Heap Fetches": 0,"Workers": []}]}]}]}]}]},"Planning Time": 3.901,"Triggers": [],"Execution Time": 143.981}]
[{"Plan": {"Node Type": "Aggregate","Strategy": "Sorted","Partial Mode": "Finalize","Parallel Aware": false,"Async Capable": false,"Startup Cost": 12972.06,"Total Cost": 13071.37,"Plan Rows": 744,"Plan Width": 72,"Actual Startup Time": 136.825,"Actual Total Time": 140.248,"Actual Rows": 7,"Actual Loops": 1,"Group Key": ["(SUBSTRING(customer.c_phone FROM 1 FOR 2))"],"Plans": [{"Node Type": "Aggregate","Strategy": "Plain","Partial Mode": "Finalize","Parent Relationship": "InitPlan","Subplan Name": "InitPlan 1 (returns $1)","Parallel Aware": false,"Async Capable": false,"Startup Cost": 6230.83,"Total Cost": 6230.84,"Plan Rows": 1,"Plan Width": 32,"Actual Startup Time": 59.926,"Actual Total Time": 60.122,"Actual Rows": 1,"Actual Loops": 1,"Plans": [{"Node Type": "Gather","Parent Relationship": "Outer","Parallel Aware": false,"Async Capable": false,"Startup Cost": 6230.61,"Total Cost": 6230.82,"Plan Rows": 2,"Plan Width": 32,"Actual Startup Time": 59.820,"Actual Total Time": 60.111,"Actual Rows": 3,"Actual Loops": 1,"Workers Planned": 2,"Workers Launched": 2,"Single Copy": false,"Plans": [{"Node Type": "Aggregate","Strategy": "Plain","Partial Mode": "Partial","Parent Relationship": "Outer","Parallel Aware": false,"Async Capable": false,"Startup Cost": 5230.61,"Total Cost": 5230.62,"Plan Rows": 1,"Plan Width": 32,"Actual Startup Time": 53.887,"Actual Total Time": 53.888,"Actual Rows": 1,"Actual Loops": 3,"Workers": [],"Plans": [{"Node Type": "Seq Scan","Parent Relationship": "Outer","Parallel Aware": true,"Async Capable": false,"Relation Name": "customer","Alias": "customer_1","Startup Cost": 0.00,"Total Cost": 5225.62,"Plan Rows": 1994,"Plan Width": 6,"Actual Startup Time": 0.050,"Actual Total Time": 52.788,"Actual Rows": 12796,"Actual Loops": 3,"Filter": "((c_acctbal > 0.00) AND (SUBSTRING(c_phone FROM 1 FOR 2) = ANY ('{26,11,19,23,32,20,22}'::text[])))","Rows Removed by Filter": 37204,"Workers": []}]}]}]},{"Node Type": "Gather Merge","Parent Relationship": "Outer","Parallel Aware": false,"Async Capable": false,"Startup Cost": 6741.22,"Total Cost": 6821.30,"Plan Rows": 620,"Plan Width": 72,"Actual Startup Time": 136.684,"Actual Total Time": 139.990,"Actual Rows": 21,"Actual Loops": 1,"Workers Planned": 2,"Params Evaluated": ["$1"],"Workers Launched": 2,"Plans": [{"Node Type": "Aggregate","Strategy": "Sorted","Partial Mode": "Partial","Parent Relationship": "Outer","Parallel Aware": false,"Async Capable": false,"Startup Cost": 5741.19,"Total Cost": 5749.72,"Plan Rows": 310,"Plan Width": 72,"Actual Startup Time": 70.334,"Actual Total Time": 70.637,"Actual Rows": 7,"Actual Loops": 3,"Group Key": ["(SUBSTRING(customer.c_phone FROM 1 FOR 2))"],"Workers": [],"Plans": [{"Node Type": "Sort","Parent Relationship": "Outer","Parallel Aware": false,"Async Capable": false,"Startup Cost": 5741.19,"Total Cost": 5741.97,"Plan Rows": 310,"Plan Width": 38,"Actual Startup Time": 70.269,"Actual Total Time": 70.352,"Actual Rows": 2116,"Actual Loops": 3,"Sort Key": ["(SUBSTRING(customer.c_phone FROM 1 FOR 2))"],"Sort Method": "quicksort","Sort Space Used": 231,"Sort Space Type": "Memory","Workers": [{"Worker Number": 0,"Sort Method": "quicksort","Sort Space Used": 150,"Sort Space Type": "Memory"},{"Worker Number": 1,"Sort Method": "quicksort","Sort Space Used": 160,"Sort Space Type": "Memory"}],"Plans": [{"Node Type": "Nested Loop","Parent Relationship": "Outer","Parallel Aware": false,"Async Capable": false,"Join Type": "Anti","Startup Cost": 0.43,"Total Cost": 5728.36,"Plan Rows": 310,"Plan Width": 38,"Actual Startup Time": 0.130,"Actual Total Time": 69.498,"Actual Rows": 2116,"Actual Loops": 3,"Inner Unique": false,"Workers": [],"Plans": [{"Node Type": "Seq Scan","Parent Relationship": "Outer","Parallel Aware": true,"Async Capable": false,"Relation Name": "customer","Alias": "customer","Startup Cost": 0.00,"Total Cost": 5225.62,"Plan Rows": 729,"Plan Width": 26,"Actual Startup Time": 0.033,"Actual Total Time": 45.286,"Actual Rows": 6407,"Actual Loops": 3,"Filter": "((c_acctbal > $1) AND (SUBSTRING(c_phone FROM 1 FOR 2) = ANY ('{26,11,19,23,32,20,22}'::text[])))","Rows Removed by Filter": 43593,"Workers": []},{"Node Type": "Index Only Scan","Parent Relationship": "Inner","Parallel Aware": false,"Async Capable": false,"Scan Direction": "Forward","Index Name": "idx_orders_custkey","Relation Name": "orders","Alias": "orders","Startup Cost": 0.43,"Total Cost": 3.28,"Plan Rows": 17,"Plan Width": 4,"Actual Startup Time": 0.003,"Actual Total Time": 0.003,"Actual Rows": 1,"Actual Loops": 19220,"Index Cond": "(o_custkey = customer.c_custkey)","Rows Removed by Index Recheck": 0,"Heap Fetches": 0,"Workers": []}]}]}]}]}]},"Planning Time": 3.817,"Triggers": [],"Execution Time": 140.544}]
[{"Plan": {"Node Type": "Aggregate","Strategy": "Sorted","Partial Mode": "Finalize","Parallel Aware": false,"Async Capable": false,"Startup Cost": 12972.06,"Total Cost": 13071.37,"Plan Rows": 744,"Plan Width": 72,"Actual Startup Time": 137.518,"Actual Total Time": 141.101,"Actual Rows": 7,"Actual Loops": 1,"Group Key": ["(SUBSTRING(customer.c_phone FROM 1 FOR 2))"],"Plans": [{"Node Type": "Aggregate","Strategy": "Plain","Partial Mode": "Finalize","Parent Relationship": "InitPlan","Subplan Name": "InitPlan 1 (returns $1)","Parallel Aware": false,"Async Capable": false,"Startup Cost": 6230.83,"Total Cost": 6230.84,"Plan Rows": 1,"Plan Width": 32,"Actual Startup Time": 61.913,"Actual Total Time": 62.090,"Actual Rows": 1,"Actual Loops": 1,"Plans": [{"Node Type": "Gather","Parent Relationship": "Outer","Parallel Aware": false,"Async Capable": false,"Startup Cost": 6230.61,"Total Cost": 6230.82,"Plan Rows": 2,"Plan Width": 32,"Actual Startup Time": 61.836,"Actual Total Time": 62.078,"Actual Rows": 3,"Actual Loops": 1,"Workers Planned": 2,"Workers Launched": 2,"Single Copy": false,"Plans": [{"Node Type": "Aggregate","Strategy": "Plain","Partial Mode": "Partial","Parent Relationship": "Outer","Parallel Aware": false,"Async Capable": false,"Startup Cost": 5230.61,"Total Cost": 5230.62,"Plan Rows": 1,"Plan Width": 32,"Actual Startup Time": 55.524,"Actual Total Time": 55.526,"Actual Rows": 1,"Actual Loops": 3,"Workers": [],"Plans": [{"Node Type": "Seq Scan","Parent Relationship": "Outer","Parallel Aware": true,"Async Capable": false,"Relation Name": "customer","Alias": "customer_1","Startup Cost": 0.00,"Total Cost": 5225.62,"Plan Rows": 1994,"Plan Width": 6,"Actual Startup Time": 0.051,"Actual Total Time": 54.466,"Actual Rows": 12767,"Actual Loops": 3,"Filter": "((c_acctbal > 0.00) AND (SUBSTRING(c_phone FROM 1 FOR 2) = ANY ('{25,19,33,27,21,26,23}'::text[])))","Rows Removed by Filter": 37233,"Workers": []}]}]}]},{"Node Type": "Gather Merge","Parent Relationship": "Outer","Parallel Aware": false,"Async Capable": false,"Startup Cost": 6741.22,"Total Cost": 6821.30,"Plan Rows": 620,"Plan Width": 72,"Actual Startup Time": 137.379,"Actual Total Time": 140.870,"Actual Rows": 21,"Actual Loops": 1,"Workers Planned": 2,"Params Evaluated": ["$1"],"Workers Launched": 2,"Plans": [{"Node Type": "Aggregate","Strategy": "Sorted","Partial Mode": "Partial","Parent Relationship": "Outer","Parallel Aware": false,"Async Capable": false,"Startup Cost": 5741.19,"Total Cost": 5749.72,"Plan Rows": 310,"Plan Width": 72,"Actual Startup Time": 68.704,"Actual Total Time": 69.008,"Actual Rows": 7,"Actual Loops": 3,"Group Key": ["(SUBSTRING(customer.c_phone FROM 1 FOR 2))"],"Workers": [],"Plans": [{"Node Type": "Sort","Parent Relationship": "Outer","Parallel Aware": false,"Async Capable": false,"Startup Cost": 5741.19,"Total Cost": 5741.97,"Plan Rows": 310,"Plan Width": 38,"Actual Startup Time": 68.633,"Actual Total Time": 68.717,"Actual Rows": 2127,"Actual Loops": 3,"Sort Key": ["(SUBSTRING(customer.c_phone FROM 1 FOR 2))"],"Sort Method": "quicksort","Sort Space Used": 237,"Sort Space Type": "Memory","Workers": [{"Worker Number": 0,"Sort Method": "quicksort","Sort Space Used": 149,"Sort Space Type": "Memory"},{"Worker Number": 1,"Sort Method": "quicksort","Sort Space Used": 156,"Sort Space Type": "Memory"}],"Plans": [{"Node Type": "Nested Loop","Parent Relationship": "Outer","Parallel Aware": false,"Async Capable": false,"Join Type": "Anti","Startup Cost": 0.43,"Total Cost": 5728.36,"Plan Rows": 310,"Plan Width": 38,"Actual Startup Time": 0.231,"Actual Total Time": 67.853,"Actual Rows": 2127,"Actual Loops": 3,"Inner Unique": false,"Workers": [],"Plans": [{"Node Type": "Seq Scan","Parent Relationship": "Outer","Parallel Aware": true,"Async Capable": false,"Relation Name": "customer","Alias": "customer","Startup Cost": 0.00,"Total Cost": 5225.62,"Plan Rows": 729,"Plan Width": 26,"Actual Startup Time": 0.042,"Actual Total Time": 44.523,"Actual Rows": 6372,"Actual Loops": 3,"Filter": "((c_acctbal > $1) AND (SUBSTRING(c_phone FROM 1 FOR 2) = ANY ('{25,19,33,27,21,26,23}'::text[])))","Rows Removed by Filter": 43628,"Workers": []},{"Node Type": "Index Only Scan","Parent Relationship": "Inner","Parallel Aware": false,"Async Capable": false,"Scan Direction": "Forward","Index Name": "idx_orders_custkey","Relation Name": "orders","Alias": "orders","Startup Cost": 0.43,"Total Cost": 3.28,"Plan Rows": 17,"Plan Width": 4,"Actual Startup Time": 0.003,"Actual Total Time": 0.003,"Actual Rows": 1,"Actual Loops": 19115,"Index Cond": "(o_custkey = customer.c_custkey)","Rows Removed by Index Recheck": 0,"Heap Fetches": 0,"Workers": []}]}]}]}]}]},"Planning Time": 4.022,"Triggers": [],"Execution Time": 141.527}]
[{"Plan": {"Node Type": "Aggregate","Strategy": "Sorted","Partial Mode": "Finalize","Parallel Aware": false,"Async Capable": false,"Startup Cost": 12972.06,"Total Cost": 13071.37,"Plan Rows": 744,"Plan Width": 72,"Actual Startup Time": 139.903,"Actual Total Time": 143.499,"Actual Rows": 7,"Actual Loops": 1,"Group Key": ["(SUBSTRING(customer.c_phone FROM 1 FOR 2))"],"Plans": [{"Node Type": "Aggregate","Strategy": "Plain","Partial Mode": "Finalize","Parent Relationship": "InitPlan","Subplan Name": "InitPlan 1 (returns $1)","Parallel Aware": false,"Async Capable": false,"Startup Cost": 6230.83,"Total Cost": 6230.84,"Plan Rows": 1,"Plan Width": 32,"Actual Startup Time": 62.110,"Actual Total Time": 62.285,"Actual Rows": 1,"Actual Loops": 1,"Plans": [{"Node Type": "Gather","Parent Relationship": "Outer","Parallel Aware": false,"Async Capable": false,"Startup Cost": 6230.61,"Total Cost": 6230.82,"Plan Rows": 2,"Plan Width": 32,"Actual Startup Time": 62.029,"Actual Total Time": 62.270,"Actual Rows": 3,"Actual Loops": 1,"Workers Planned": 2,"Workers Launched": 2,"Single Copy": false,"Plans": [{"Node Type": "Aggregate","Strategy": "Plain","Partial Mode": "Partial","Parent Relationship": "Outer","Parallel Aware": false,"Async Capable": false,"Startup Cost": 5230.61,"Total Cost": 5230.62,"Plan Rows": 1,"Plan Width": 32,"Actual Startup Time": 56.178,"Actual Total Time": 56.179,"Actual Rows": 1,"Actual Loops": 3,"Workers": [],"Plans": [{"Node Type": "Seq Scan","Parent Relationship": "Outer","Parallel Aware": true,"Async Capable": false,"Relation Name": "customer","Alias": "customer_1","Startup Cost": 0.00,"Total Cost": 5225.62,"Plan Rows": 1994,"Plan Width": 6,"Actual Startup Time": 0.060,"Actual Total Time": 55.077,"Actual Rows": 12651,"Actual Loops": 3,"Filter": "((c_acctbal > 0.00) AND (SUBSTRING(c_phone FROM 1 FOR 2) = ANY ('{11,30,16,34,24,27,17}'::text[])))","Rows Removed by Filter": 37349,"Workers": []}]}]}]},{"Node Type": "Gather Merge","Parent Relationship": "Outer","Parallel Aware": false,"Async Capable": false,"Startup Cost": 6741.22,"Total Cost": 6821.30,"Plan Rows": 620,"Plan Width": 72,"Actual Startup Time": 139.800,"Actual Total Time": 143.268,"Actual Rows": 21,"Actual Loops": 1,"Workers Planned": 2,"Params Evaluated": ["$1"],"Workers Launched": 2,"Plans": [{"Node Type": "Aggregate","Strategy": "Sorted","Partial Mode": "Partial","Parent Relationship": "Outer","Parallel Aware": false,"Async Capable": false,"Startup Cost": 5741.19,"Total Cost": 5749.72,"Plan Rows": 310,"Plan Width": 72,"Actual Startup Time": 71.107,"Actual Total Time": 71.403,"Actual Rows": 7,"Actual Loops": 3,"Group Key": ["(SUBSTRING(customer.c_phone FROM 1 FOR 2))"],"Workers": [],"Plans": [{"Node Type": "Sort","Parent Relationship": "Outer","Parallel Aware": false,"Async Capable": false,"Startup Cost": 5741.19,"Total Cost": 5741.97,"Plan Rows": 310,"Plan Width": 38,"Actual Startup Time": 71.041,"Actual Total Time": 71.120,"Actual Rows": 2097,"Actual Loops": 3,"Sort Key": ["(SUBSTRING(customer.c_phone FROM 1 FOR 2))"],"Sort Method": "quicksort","Sort Space Used": 232,"Sort Space Type": "Memory","Workers": [{"Worker Number": 0,"Sort Method": "quicksort","Sort Space Used": 156,"Sort Space Type": "Memory"},{"Worker Number": 1,"Sort Method": "quicksort","Sort Space Used": 149,"Sort Space Type": "Memory"}],"Plans": [{"Node Type": "Nested Loop","Parent Relationship": "Outer","Parallel Aware": false,"Async Capable": false,"Join Type": "Anti","Startup Cost": 0.43,"Total Cost": 5728.36,"Plan Rows": 310,"Plan Width": 38,"Actual Startup Time": 0.181,"Actual Total Time": 70.237,"Actual Rows": 2097,"Actual Loops": 3,"Inner Unique": false,"Workers": [],"Plans": [{"Node Type": "Seq Scan","Parent Relationship": "Outer","Parallel Aware": true,"Async Capable": false,"Relation Name": "customer","Alias": "customer","Startup Cost": 0.00,"Total Cost": 5225.62,"Plan Rows": 729,"Plan Width": 26,"Actual Startup Time": 0.042,"Actual Total Time": 46.488,"Actual Rows": 6296,"Actual Loops": 3,"Filter": "((c_acctbal > $1) AND (SUBSTRING(c_phone FROM 1 FOR 2) = ANY ('{11,30,16,34,24,27,17}'::text[])))","Rows Removed by Filter": 43704,"Workers": []},{"Node Type": "Index Only Scan","Parent Relationship": "Inner","Parallel Aware": false,"Async Capable": false,"Scan Direction": "Forward","Index Name": "idx_orders_custkey","Relation Name": "orders","Alias": "orders","Startup Cost": 0.43,"Total Cost": 3.28,"Plan Rows": 17,"Plan Width": 4,"Actual Startup Time": 0.003,"Actual Total Time": 0.003,"Actual Rows": 1,"Actual Loops": 18889,"Index Cond": "(o_custkey = customer.c_custkey)","Rows Removed by Index Recheck": 0,"Heap Fetches": 0,"Workers": []}]}]}]}]}]},"Planning Time": 3.808,"Triggers": [],"Execution Time": 143.921}]
[{"Plan": {"Node Type": "Aggregate","Strategy": "Sorted","Partial Mode": "Finalize","Parallel Aware": false,"Async Capable": false,"Startup Cost": 12972.06,"Total Cost": 13071.37,"Plan Rows": 744,"Plan Width": 72,"Actual Startup Time": 131.406,"Actual Total Time": 136.170,"Actual Rows": 7,"Actual Loops": 1,"Group Key": ["(SUBSTRING(customer.c_phone FROM 1 FOR 2))"],"Plans": [{"Node Type": "Aggregate","Strategy": "Plain","Partial Mode": "Finalize","Parent Relationship": "InitPlan","Subplan Name": "InitPlan 1 (returns $1)","Parallel Aware": false,"Async Capable": false,"Startup Cost": 6230.83,"Total Cost": 6230.84,"Plan Rows": 1,"Plan Width": 32,"Actual Startup Time": 60.027,"Actual Total Time": 60.212,"Actual Rows": 1,"Actual Loops": 1,"Plans": [{"Node Type": "Gather","Parent Relationship": "Outer","Parallel Aware": false,"Async Capable": false,"Startup Cost": 6230.61,"Total Cost": 6230.82,"Plan Rows": 2,"Plan Width": 32,"Actual Startup Time": 59.930,"Actual Total Time": 60.201,"Actual Rows": 3,"Actual Loops": 1,"Workers Planned": 2,"Workers Launched": 2,"Single Copy": false,"Plans": [{"Node Type": "Aggregate","Strategy": "Plain","Partial Mode": "Partial","Parent Relationship": "Outer","Parallel Aware": false,"Async Capable": false,"Startup Cost": 5230.61,"Total Cost": 5230.62,"Plan Rows": 1,"Plan Width": 32,"Actual Startup Time": 53.770,"Actual Total Time": 53.773,"Actual Rows": 1,"Actual Loops": 3,"Workers": [],"Plans": [{"Node Type": "Seq Scan","Parent Relationship": "Outer","Parallel Aware": true,"Async Capable": false,"Relation Name": "customer","Alias": "customer_1","Startup Cost": 0.00,"Total Cost": 5225.62,"Plan Rows": 1994,"Plan Width": 6,"Actual Startup Time": 0.060,"Actual Total Time": 52.715,"Actual Rows": 12720,"Actual Loops": 3,"Filter": "((c_acctbal > 0.00) AND (SUBSTRING(c_phone FROM 1 FOR 2) = ANY ('{22,26,20,15,19,27,31}'::text[])))","Rows Removed by Filter": 37280,"Workers": []}]}]}]},{"Node Type": "Gather Merge","Parent Relationship": "Outer","Parallel Aware": false,"Async Capable": false,"Startup Cost": 6741.22,"Total Cost": 6821.30,"Plan Rows": 620,"Plan Width": 72,"Actual Startup Time": 131.306,"Actual Total Time": 135.934,"Actual Rows": 21,"Actual Loops": 1,"Workers Planned": 2,"Params Evaluated": ["$1"],"Workers Launched": 2,"Plans": [{"Node Type": "Aggregate","Strategy": "Sorted","Partial Mode": "Partial","Parent Relationship": "Outer","Parallel Aware": false,"Async Capable": false,"Startup Cost": 5741.19,"Total Cost": 5749.72,"Plan Rows": 310,"Plan Width": 72,"Actual Startup Time": 63.986,"Actual Total Time": 64.296,"Actual Rows": 7,"Actual Loops": 3,"Group Key": ["(SUBSTRING(customer.c_phone FROM 1 FOR 2))"],"Workers": [],"Plans": [{"Node Type": "Sort","Parent Relationship": "Outer","Parallel Aware": false,"Async Capable": false,"Startup Cost": 5741.19,"Total Cost": 5741.97,"Plan Rows": 310,"Plan Width": 38,"Actual Startup Time": 63.906,"Actual Total Time": 63.986,"Actual Rows": 2108,"Actual Loops": 3,"Sort Key": ["(SUBSTRING(customer.c_phone FROM 1 FOR 2))"],"Sort Method": "quicksort","Sort Space Used": 227,"Sort Space Type": "Memory","Workers": [{"Worker Number": 0,"Sort Method": "quicksort","Sort Space Used": 158,"Sort Space Type": "Memory"},{"Worker Number": 1,"Sort Method": "quicksort","Sort Space Used": 154,"Sort Space Type": "Memory"}],"Plans": [{"Node Type": "Nested Loop","Parent Relationship": "Outer","Parallel Aware": false,"Async Capable": false,"Join Type": "Anti","Startup Cost": 0.43,"Total Cost": 5728.36,"Plan Rows": 310,"Plan Width": 38,"Actual Startup Time": 0.171,"Actual Total Time": 63.059,"Actual Rows": 2108,"Actual Loops": 3,"Inner Unique": false,"Workers": [],"Plans": [{"Node Type": "Seq Scan","Parent Relationship": "Outer","Parallel Aware": true,"Async Capable": false,"Relation Name": "customer","Alias": "customer","Startup Cost": 0.00,"Total Cost": 5225.62,"Plan Rows": 729,"Plan Width": 26,"Actual Startup Time": 0.050,"Actual Total Time": 41.229,"Actual Rows": 6366,"Actual Loops": 3,"Filter": "((c_acctbal > $1) AND (SUBSTRING(c_phone FROM 1 FOR 2) = ANY ('{22,26,20,15,19,27,31}'::text[])))","Rows Removed by Filter": 43634,"Workers": []},{"Node Type": "Index Only Scan","Parent Relationship": "Inner","Parallel Aware": false,"Async Capable": false,"Scan Direction": "Forward","Index Name": "idx_orders_custkey","Relation Name": "orders","Alias": "orders","Startup Cost": 0.43,"Total Cost": 3.28,"Plan Rows": 17,"Plan Width": 4,"Actual Startup Time": 0.003,"Actual Total Time": 0.003,"Actual Rows": 1,"Actual Loops": 19098,"Index Cond": "(o_custkey = customer.c_custkey)","Rows Removed by Index Recheck": 0,"Heap Fetches": 0,"Workers": []}]}]}]}]}]},"Planning Time": 4.799,"Triggers": [],"Execution Time": 136.588}]
[{"Plan": {"Node Type": "Aggregate","Strategy": "Sorted","Partial Mode": "Finalize","Parallel Aware": false,"Async Capable": false,"Startup Cost": 12972.06,"Total Cost": 13071.37,"Plan Rows": 744,"Plan Width": 72,"Actual Startup Time": 137.288,"Actual Total Time": 140.937,"Actual Rows": 7,"Actual Loops": 1,"Group Key": ["(SUBSTRING(customer.c_phone FROM 1 FOR 2))"],"Plans": [{"Node Type": "Aggregate","Strategy": "Plain","Partial Mode": "Finalize","Parent Relationship": "InitPlan","Subplan Name": "InitPlan 1 (returns $1)","Parallel Aware": false,"Async Capable": false,"Startup Cost": 6230.83,"Total Cost": 6230.84,"Plan Rows": 1,"Plan Width": 32,"Actual Startup Time": 59.732,"Actual Total Time": 59.927,"Actual Rows": 1,"Actual Loops": 1,"Plans": [{"Node Type": "Gather","Parent Relationship": "Outer","Parallel Aware": false,"Async Capable": false,"Startup Cost": 6230.61,"Total Cost": 6230.82,"Plan Rows": 2,"Plan Width": 32,"Actual Startup Time": 59.692,"Actual Total Time": 59.898,"Actual Rows": 3,"Actual Loops": 1,"Workers Planned": 2,"Workers Launched": 2,"Single Copy": false,"Plans": [{"Node Type": "Aggregate","Strategy": "Plain","Partial Mode": "Partial","Parent Relationship": "Outer","Parallel Aware": false,"Async Capable": false,"Startup Cost": 5230.61,"Total Cost": 5230.62,"Plan Rows": 1,"Plan Width": 32,"Actual Startup Time": 53.623,"Actual Total Time": 53.626,"Actual Rows": 1,"Actual Loops": 3,"Workers": [],"Plans": [{"Node Type": "Seq Scan","Parent Relationship": "Outer","Parallel Aware": true,"Async Capable": false,"Relation Name": "customer","Alias": "customer_1","Startup Cost": 0.00,"Total Cost": 5225.62,"Plan Rows": 1994,"Plan Width": 6,"Actual Startup Time": 0.055,"Actual Total Time": 52.543,"Actual Rows": 12684,"Actual Loops": 3,"Filter": "((c_acctbal > 0.00) AND (SUBSTRING(c_phone FROM 1 FOR 2) = ANY ('{25,20,26,23,21,22,13}'::text[])))","Rows Removed by Filter": 37316,"Workers": []}]}]}]},{"Node Type": "Gather Merge","Parent Relationship": "Outer","Parallel Aware": false,"Async Capable": false,"Startup Cost": 6741.22,"Total Cost": 6821.30,"Plan Rows": 620,"Plan Width": 72,"Actual Startup Time": 137.154,"Actual Total Time": 140.685,"Actual Rows": 21,"Actual Loops": 1,"Workers Planned": 2,"Params Evaluated": ["$1"],"Workers Launched": 2,"Plans": [{"Node Type": "Aggregate","Strategy": "Sorted","Partial Mode": "Partial","Parent Relationship": "Outer","Parallel Aware": false,"Async Capable": false,"Startup Cost": 5741.19,"Total Cost": 5749.72,"Plan Rows": 310,"Plan Width": 72,"Actual Startup Time": 70.580,"Actual Total Time": 70.880,"Actual Rows": 7,"Actual Loops": 3,"Group Key": ["(SUBSTRING(customer.c_phone FROM 1 FOR 2))"],"Workers": [],"Plans": [{"Node Type": "Sort","Parent Relationship": "Outer","Parallel Aware": false,"Async Capable": false,"Startup Cost": 5741.19,"Total Cost": 5741.97,"Plan Rows": 310,"Plan Width": 38,"Actual Startup Time": 70.510,"Actual Total Time": 70.591,"Actual Rows": 2096,"Actual Loops": 3,"Sort Key": ["(SUBSTRING(customer.c_phone FROM 1 FOR 2))"],"Sort Method": "quicksort","Sort Space Used": 230,"Sort Space Type": "Memory","Workers": [{"Worker Number": 0,"Sort Method": "quicksort","Sort Space Used": 149,"Sort Space Type": "Memory"},{"Worker Number": 1,"Sort Method": "quicksort","Sort Space Used": 158,"Sort Space Type": "Memory"}],"Plans": [{"Node Type": "Nested Loop","Parent Relationship": "Outer","Parallel Aware": false,"Async Capable": false,"Join Type": "Anti","Startup Cost": 0.43,"Total Cost": 5728.36,"Plan Rows": 310,"Plan Width": 38,"Actual Startup Time": 0.169,"Actual Total Time": 69.708,"Actual Rows": 2096,"Actual Loops": 3,"Inner Unique": false,"Workers": [],"Plans": [{"Node Type": "Seq Scan","Parent Relationship": "Outer","Parallel Aware": true,"Async Capable": false,"Relation Name": "customer","Alias": "customer","Startup Cost": 0.00,"Total Cost": 5225.62,"Plan Rows": 729,"Plan Width": 26,"Actual Startup Time": 0.043,"Actual Total Time": 45.685,"Actual Rows": 6336,"Actual Loops": 3,"Filter": "((c_acctbal > $1) AND (SUBSTRING(c_phone FROM 1 FOR 2) = ANY ('{25,20,26,23,21,22,13}'::text[])))","Rows Removed by Filter": 43664,"Workers": []},{"Node Type": "Index Only Scan","Parent Relationship": "Inner","Parallel Aware": false,"Async Capable": false,"Scan Direction": "Forward","Index Name": "idx_orders_custkey","Relation Name": "orders","Alias": "orders","Startup Cost": 0.43,"Total Cost": 3.28,"Plan Rows": 17,"Plan Width": 4,"Actual Startup Time": 0.003,"Actual Total Time": 0.003,"Actual Rows": 1,"Actual Loops": 19007,"Index Cond": "(o_custkey = customer.c_custkey)","Rows Removed by Index Recheck": 0,"Heap Fetches": 0,"Workers": []}]}]}]}]}]},"Planning Time": 4.139,"Triggers": [],"Execution Time": 141.264}]
[{"Plan": {"Node Type": "Aggregate","Strategy": "Sorted","Partial Mode": "Finalize","Parallel Aware": false,"Async Capable": false,"Startup Cost": 12972.06,"Total Cost": 13071.37,"Plan Rows": 744,"Plan Width": 72,"Actual Startup Time": 132.774,"Actual Total Time": 136.627,"Actual Rows": 7,"Actual Loops": 1,"Group Key": ["(SUBSTRING(customer.c_phone FROM 1 FOR 2))"],"Plans": [{"Node Type": "Aggregate","Strategy": "Plain","Partial Mode": "Finalize","Parent Relationship": "InitPlan","Subplan Name": "InitPlan 1 (returns $1)","Parallel Aware": false,"Async Capable": false,"Startup Cost": 6230.83,"Total Cost": 6230.84,"Plan Rows": 1,"Plan Width": 32,"Actual Startup Time": 61.854,"Actual Total Time": 62.119,"Actual Rows": 1,"Actual Loops": 1,"Plans": [{"Node Type": "Gather","Parent Relationship": "Outer","Parallel Aware": false,"Async Capable": false,"Startup Cost": 6230.61,"Total Cost": 6230.82,"Plan Rows": 2,"Plan Width": 32,"Actual Startup Time": 61.736,"Actual Total Time": 62.098,"Actual Rows": 3,"Actual Loops": 1,"Workers Planned": 2,"Workers Launched": 2,"Single Copy": false,"Plans": [{"Node Type": "Aggregate","Strategy": "Plain","Partial Mode": "Partial","Parent Relationship": "Outer","Parallel Aware": false,"Async Capable": false,"Startup Cost": 5230.61,"Total Cost": 5230.62,"Plan Rows": 1,"Plan Width": 32,"Actual Startup Time": 55.558,"Actual Total Time": 55.562,"Actual Rows": 1,"Actual Loops": 3,"Workers": [],"Plans": [{"Node Type": "Seq Scan","Parent Relationship": "Outer","Parallel Aware": true,"Async Capable": false,"Relation Name": "customer","Alias": "customer_1","Startup Cost": 0.00,"Total Cost": 5225.62,"Plan Rows": 1994,"Plan Width": 6,"Actual Startup Time": 0.056,"Actual Total Time": 54.490,"Actual Rows": 12700,"Actual Loops": 3,"Filter": "((c_acctbal > 0.00) AND (SUBSTRING(c_phone FROM 1 FOR 2) = ANY ('{11,33,14,21,10,18,20}'::text[])))","Rows Removed by Filter": 37300,"Workers": []}]}]}]},{"Node Type": "Gather Merge","Parent Relationship": "Outer","Parallel Aware": false,"Async Capable": false,"Startup Cost": 6741.22,"Total Cost": 6821.30,"Plan Rows": 620,"Plan Width": 72,"Actual Startup Time": 132.667,"Actual Total Time": 136.300,"Actual Rows": 21,"Actual Loops": 1,"Workers Planned": 2,"Params Evaluated": ["$1"],"Workers Launched": 2,"Plans": [{"Node Type": "Aggregate","Strategy": "Sorted","Partial Mode": "Partial","Parent Relationship": "Outer","Parallel Aware": false,"Async Capable": false,"Startup Cost": 5741.19,"Total Cost": 5749.72,"Plan Rows": 310,"Plan Width": 72,"Actual Startup Time": 64.386,"Actual Total Time": 64.708,"Actual Rows": 7,"Actual Loops": 3,"Group Key": ["(SUBSTRING(customer.c_phone FROM 1 FOR 2))"],"Workers": [],"Plans": [{"Node Type": "Sort","Parent Relationship": "Outer","Parallel Aware": false,"Async Capable": false,"Startup Cost": 5741.19,"Total Cost": 5741.97,"Plan Rows": 310,"Plan Width": 38,"Actual Startup Time": 64.305,"Actual Total Time": 64.391,"Actual Rows": 2172,"Actual Loops": 3,"Sort Key": ["(SUBSTRING(customer.c_phone FROM 1 FOR 2))"],"Sort Method": "quicksort","Sort Space Used": 237,"Sort Space Type": "Memory","Workers": [{"Worker Number": 0,"Sort Method": "quicksort","Sort Space Used": 154,"Sort Space Type": "Memory"},{"Worker Number": 1,"Sort Method": "quicksort","Sort Space Used": 159,"Sort Space Type": "Memory"}],"Plans": [{"Node Type": "Nested Loop","Parent Relationship": "Outer","Parallel Aware": false,"Async Capable": false,"Join Type": "Anti","Startup Cost": 0.43,"Total Cost": 5728.36,"Plan Rows": 310,"Plan Width": 38,"Actual Startup Time": 0.147,"Actual Total Time": 63.469,"Actual Rows": 2172,"Actual Loops": 3,"Inner Unique": false,"Workers": [],"Plans": [{"Node Type": "Seq Scan","Parent Relationship": "Outer","Parallel Aware": true,"Async Capable": false,"Relation Name": "customer","Alias": "customer","Startup Cost": 0.00,"Total Cost": 5225.62,"Plan Rows": 729,"Plan Width": 26,"Actual Startup Time": 0.035,"Actual Total Time": 42.839,"Actual Rows": 6344,"Actual Loops": 3,"Filter": "((c_acctbal > $1) AND (SUBSTRING(c_phone FROM 1 FOR 2) = ANY ('{11,33,14,21,10,18,20}'::text[])))","Rows Removed by Filter": 43656,"Workers": []},{"Node Type": "Index Only Scan","Parent Relationship": "Inner","Parallel Aware": false,"Async Capable": false,"Scan Direction": "Forward","Index Name": "idx_orders_custkey","Relation Name": "orders","Alias": "orders","Startup Cost": 0.43,"Total Cost": 3.28,"Plan Rows": 17,"Plan Width": 4,"Actual Startup Time": 0.003,"Actual Total Time": 0.003,"Actual Rows": 1,"Actual Loops": 19033,"Index Cond": "(o_custkey = customer.c_custkey)","Rows Removed by Index Recheck": 0,"Heap Fetches": 0,"Workers": []}]}]}]}]}]},"Planning Time": 4.864,"Triggers": [],"Execution Time": 136.976}]
[{"Plan": {"Node Type": "Aggregate","Strategy": "Sorted","Partial Mode": "Finalize","Parallel Aware": false,"Async Capable": false,"Startup Cost": 12972.06,"Total Cost": 13071.37,"Plan Rows": 744,"Plan Width": 72,"Actual Startup Time": 136.021,"Actual Total Time": 139.674,"Actual Rows": 7,"Actual Loops": 1,"Group Key": ["(SUBSTRING(customer.c_phone FROM 1 FOR 2))"],"Plans": [{"Node Type": "Aggregate","Strategy": "Plain","Partial Mode": "Finalize","Parent Relationship": "InitPlan","Subplan Name": "InitPlan 1 (returns $1)","Parallel Aware": false,"Async Capable": false,"Startup Cost": 6230.83,"Total Cost": 6230.84,"Plan Rows": 1,"Plan Width": 32,"Actual Startup Time": 60.452,"Actual Total Time": 60.674,"Actual Rows": 1,"Actual Loops": 1,"Plans": [{"Node Type": "Gather","Parent Relationship": "Outer","Parallel Aware": false,"Async Capable": false,"Startup Cost": 6230.61,"Total Cost": 6230.82,"Plan Rows": 2,"Plan Width": 32,"Actual Startup Time": 60.337,"Actual Total Time": 60.658,"Actual Rows": 3,"Actual Loops": 1,"Workers Planned": 2,"Workers Launched": 2,"Single Copy": false,"Plans": [{"Node Type": "Aggregate","Strategy": "Plain","Partial Mode": "Partial","Parent Relationship": "Outer","Parallel Aware": false,"Async Capable": false,"Startup Cost": 5230.61,"Total Cost": 5230.62,"Plan Rows": 1,"Plan Width": 32,"Actual Startup Time": 54.391,"Actual Total Time": 54.392,"Actual Rows": 1,"Actual Loops": 3,"Workers": [],"Plans": [{"Node Type": "Seq Scan","Parent Relationship": "Outer","Parallel Aware": true,"Async Capable": false,"Relation Name": "customer","Alias": "customer_1","Startup Cost": 0.00,"Total Cost": 5225.62,"Plan Rows": 1994,"Plan Width": 6,"Actual Startup Time": 0.054,"Actual Total Time": 53.289,"Actual Rows": 12606,"Actual Loops": 3,"Filter": "((c_acctbal > 0.00) AND (SUBSTRING(c_phone FROM 1 FOR 2) = ANY ('{10,30,14,15,21,25,12}'::text[])))","Rows Removed by Filter": 37394,"Workers": []}]}]}]},{"Node Type": "Gather Merge","Parent Relationship": "Outer","Parallel Aware": false,"Async Capable": false,"Startup Cost": 6741.22,"Total Cost": 6821.30,"Plan Rows": 620,"Plan Width": 72,"Actual Startup Time": 135.882,"Actual Total Time": 139.389,"Actual Rows": 21,"Actual Loops": 1,"Workers Planned": 2,"Params Evaluated": ["$1"],"Workers Launched": 2,"Plans": [{"Node Type": "Aggregate","Strategy": "Sorted","Partial Mode": "Partial","Parent Relationship": "Outer","Parallel Aware": false,"Async Capable": false,"Startup Cost": 5741.19,"Total Cost": 5749.72,"Plan Rows": 310,"Plan Width": 72,"Actual Startup Time": 68.784,"Actual Total Time": 69.083,"Actual Rows": 7,"Actual Loops": 3,"Group Key": ["(SUBSTRING(customer.c_phone FROM 1 FOR 2))"],"Workers": [],"Plans": [{"Node Type": "Sort","Parent Relationship": "Outer","Parallel Aware": false,"Async Capable": false,"Startup Cost": 5741.19,"Total Cost": 5741.97,"Plan Rows": 310,"Plan Width": 38,"Actual Startup Time": 68.713,"Actual Total Time": 68.792,"Actual Rows": 2114,"Actual Loops": 3,"Sort Key": ["(SUBSTRING(customer.c_phone FROM 1 FOR 2))"],"Sort Method": "quicksort","Sort Space Used": 234,"Sort Space Type": "Memory","Workers": [{"Worker Number": 0,"Sort Method": "quicksort","Sort Space Used": 154,"Sort Space Type": "Memory"},{"Worker Number": 1,"Sort Method": "quicksort","Sort Space Used": 152,"Sort Space Type": "Memory"}],"Plans": [{"Node Type": "Nested Loop","Parent Relationship": "Outer","Parallel Aware": false,"Async Capable": false,"Join Type": "Anti","Startup Cost": 0.43,"Total Cost": 5728.36,"Plan Rows": 310,"Plan Width": 38,"Actual Startup Time": 0.129,"Actual Total Time": 67.922,"Actual Rows": 2114,"Actual Loops": 3,"Inner Unique": false,"Workers": [],"Plans": [{"Node Type": "Seq Scan","Parent Relationship": "Outer","Parallel Aware": true,"Async Capable": false,"Relation Name": "customer","Alias": "customer","Startup Cost": 0.00,"Total Cost": 5225.62,"Plan Rows": 729,"Plan Width": 26,"Actual Startup Time": 0.044,"Actual Total Time": 45.130,"Actual Rows": 6265,"Actual Loops": 3,"Filter": "((c_acctbal > $1) AND (SUBSTRING(c_phone FROM 1 FOR 2) = ANY ('{10,30,14,15,21,25,12}'::text[])))","Rows Removed by Filter": 43735,"Workers": []},{"Node Type": "Index Only Scan","Parent Relationship": "Inner","Parallel Aware": false,"Async Capable": false,"Scan Direction": "Forward","Index Name": "idx_orders_custkey","Relation Name": "orders","Alias": "orders","Startup Cost": 0.43,"Total Cost": 3.28,"Plan Rows": 17,"Plan Width": 4,"Actual Startup Time": 0.003,"Actual Total Time": 0.003,"Actual Rows": 1,"Actual Loops": 18796,"Index Cond": "(o_custkey = customer.c_custkey)","Rows Removed by Index Recheck": 0,"Heap Fetches": 0,"Workers": []}]}]}]}]}]},"Planning Time": 3.569,"Triggers": [],"Execution Time": 140.038}]
[{"Plan": {"Node Type": "Aggregate","Strategy": "Sorted","Partial Mode": "Finalize","Parallel Aware": false,"Async Capable": false,"Startup Cost": 12972.06,"Total Cost": 13071.37,"Plan Rows": 744,"Plan Width": 72,"Actual Startup Time": 140.167,"Actual Total Time": 143.679,"Actual Rows": 7,"Actual Loops": 1,"Group Key": ["(SUBSTRING(customer.c_phone FROM 1 FOR 2))"],"Plans": [{"Node Type": "Aggregate","Strategy": "Plain","Partial Mode": "Finalize","Parent Relationship": "InitPlan","Subplan Name": "InitPlan 1 (returns $1)","Parallel Aware": false,"Async Capable": false,"Startup Cost": 6230.83,"Total Cost": 6230.84,"Plan Rows": 1,"Plan Width": 32,"Actual Startup Time": 62.070,"Actual Total Time": 62.247,"Actual Rows": 1,"Actual Loops": 1,"Plans": [{"Node Type": "Gather","Parent Relationship": "Outer","Parallel Aware": false,"Async Capable": false,"Startup Cost": 6230.61,"Total Cost": 6230.82,"Plan Rows": 2,"Plan Width": 32,"Actual Startup Time": 61.974,"Actual Total Time": 62.225,"Actual Rows": 3,"Actual Loops": 1,"Workers Planned": 2,"Workers Launched": 2,"Single Copy": false,"Plans": [{"Node Type": "Aggregate","Strategy": "Plain","Partial Mode": "Partial","Parent Relationship": "Outer","Parallel Aware": false,"Async Capable": false,"Startup Cost": 5230.61,"Total Cost": 5230.62,"Plan Rows": 1,"Plan Width": 32,"Actual Startup Time": 56.073,"Actual Total Time": 56.074,"Actual Rows": 1,"Actual Loops": 3,"Workers": [],"Plans": [{"Node Type": "Seq Scan","Parent Relationship": "Outer","Parallel Aware": true,"Async Capable": false,"Relation Name": "customer","Alias": "customer_1","Startup Cost": 0.00,"Total Cost": 5225.62,"Plan Rows": 1994,"Plan Width": 6,"Actual Startup Time": 0.052,"Actual Total Time": 55.002,"Actual Rows": 12778,"Actual Loops": 3,"Filter": "((c_acctbal > 0.00) AND (SUBSTRING(c_phone FROM 1 FOR 2) = ANY ('{12,14,30,25,19,32,16}'::text[])))","Rows Removed by Filter": 37222,"Workers": []}]}]}]},{"Node Type": "Gather Merge","Parent Relationship": "Outer","Parallel Aware": false,"Async Capable": false,"Startup Cost": 6741.22,"Total Cost": 6821.30,"Plan Rows": 620,"Plan Width": 72,"Actual Startup Time": 140.024,"Actual Total Time": 143.446,"Actual Rows": 21,"Actual Loops": 1,"Workers Planned": 2,"Params Evaluated": ["$1"],"Workers Launched": 2,"Plans": [{"Node Type": "Aggregate","Strategy": "Sorted","Partial Mode": "Partial","Parent Relationship": "Outer","Parallel Aware": false,"Async Capable": false,"Startup Cost": 5741.19,"Total Cost": 5749.72,"Plan Rows": 310,"Plan Width": 72,"Actual Startup Time": 71.408,"Actual Total Time": 71.712,"Actual Rows": 7,"Actual Loops": 3,"Group Key": ["(SUBSTRING(customer.c_phone FROM 1 FOR 2))"],"Workers": [],"Plans": [{"Node Type": "Sort","Parent Relationship": "Outer","Parallel Aware": false,"Async Capable": false,"Startup Cost": 5741.19,"Total Cost": 5741.97,"Plan Rows": 310,"Plan Width": 38,"Actual Startup Time": 71.340,"Actual Total Time": 71.419,"Actual Rows": 2123,"Actual Loops": 3,"Sort Key": ["(SUBSTRING(customer.c_phone FROM 1 FOR 2))"],"Sort Method": "quicksort","Sort Space Used": 234,"Sort Space Type": "Memory","Workers": [{"Worker Number": 0,"Sort Method": "quicksort","Sort Space Used": 155,"Sort Space Type": "Memory"},{"Worker Number": 1,"Sort Method": "quicksort","Sort Space Used": 152,"Sort Space Type": "Memory"}],"Plans": [{"Node Type": "Nested Loop","Parent Relationship": "Outer","Parallel Aware": false,"Async Capable": false,"Join Type": "Anti","Startup Cost": 0.43,"Total Cost": 5728.36,"Plan Rows": 310,"Plan Width": 38,"Actual Startup Time": 0.160,"Actual Total Time": 70.567,"Actual Rows": 2123,"Actual Loops": 3,"Inner Unique": false,"Workers": [],"Plans": [{"Node Type": "Seq Scan","Parent Relationship": "Outer","Parallel Aware": true,"Async Capable": false,"Relation Name": "customer","Alias": "customer","Startup Cost": 0.00,"Total Cost": 5225.62,"Plan Rows": 729,"Plan Width": 26,"Actual Startup Time": 0.037,"Actual Total Time": 46.649,"Actual Rows": 6363,"Actual Loops": 3,"Filter": "((c_acctbal > $1) AND (SUBSTRING(c_phone FROM 1 FOR 2) = ANY ('{12,14,30,25,19,32,16}'::text[])))","Rows Removed by Filter": 43637,"Workers": []},{"Node Type": "Index Only Scan","Parent Relationship": "Inner","Parallel Aware": false,"Async Capable": false,"Scan Direction": "Forward","Index Name": "idx_orders_custkey","Relation Name": "orders","Alias": "orders","Startup Cost": 0.43,"Total Cost": 3.28,"Plan Rows": 17,"Plan Width": 4,"Actual Startup Time": 0.003,"Actual Total Time": 0.003,"Actual Rows": 1,"Actual Loops": 19089,"Index Cond": "(o_custkey = customer.c_custkey)","Rows Removed by Index Recheck": 0,"Heap Fetches": 0,"Workers": []}]}]}]}]}]},"Planning Time": 3.755,"Triggers": [],"Execution Time": 144.082}]
[{"Plan": {"Node Type": "Aggregate","Strategy": "Sorted","Partial Mode": "Finalize","Parallel Aware": false,"Async Capable": false,"Startup Cost": 12972.06,"Total Cost": 13071.37,"Plan Rows": 744,"Plan Width": 72,"Actual Startup Time": 133.027,"Actual Total Time": 136.791,"Actual Rows": 7,"Actual Loops": 1,"Group Key": ["(SUBSTRING(customer.c_phone FROM 1 FOR 2))"],"Plans": [{"Node Type": "Aggregate","Strategy": "Plain","Partial Mode": "Finalize","Parent Relationship": "InitPlan","Subplan Name": "InitPlan 1 (returns $1)","Parallel Aware": false,"Async Capable": false,"Startup Cost": 6230.83,"Total Cost": 6230.84,"Plan Rows": 1,"Plan Width": 32,"Actual Startup Time": 61.852,"Actual Total Time": 62.121,"Actual Rows": 1,"Actual Loops": 1,"Plans": [{"Node Type": "Gather","Parent Relationship": "Outer","Parallel Aware": false,"Async Capable": false,"Startup Cost": 6230.61,"Total Cost": 6230.82,"Plan Rows": 2,"Plan Width": 32,"Actual Startup Time": 61.750,"Actual Total Time": 62.106,"Actual Rows": 3,"Actual Loops": 1,"Workers Planned": 2,"Workers Launched": 2,"Single Copy": false,"Plans": [{"Node Type": "Aggregate","Strategy": "Plain","Partial Mode": "Partial","Parent Relationship": "Outer","Parallel Aware": false,"Async Capable": false,"Startup Cost": 5230.61,"Total Cost": 5230.62,"Plan Rows": 1,"Plan Width": 32,"Actual Startup Time": 55.283,"Actual Total Time": 55.285,"Actual Rows": 1,"Actual Loops": 3,"Workers": [],"Plans": [{"Node Type": "Seq Scan","Parent Relationship": "Outer","Parallel Aware": true,"Async Capable": false,"Relation Name": "customer","Alias": "customer_1","Startup Cost": 0.00,"Total Cost": 5225.62,"Plan Rows": 1994,"Plan Width": 6,"Actual Startup Time": 0.054,"Actual Total Time": 54.184,"Actual Rows": 12612,"Actual Loops": 3,"Filter": "((c_acctbal > 0.00) AND (SUBSTRING(c_phone FROM 1 FOR 2) = ANY ('{22,11,27,21,20,30,10}'::text[])))","Rows Removed by Filter": 37388,"Workers": []}]}]}]},{"Node Type": "Gather Merge","Parent Relationship": "Outer","Parallel Aware": false,"Async Capable": false,"Startup Cost": 6741.22,"Total Cost": 6821.30,"Plan Rows": 620,"Plan Width": 72,"Actual Startup Time": 132.869,"Actual Total Time": 136.480,"Actual Rows": 21,"Actual Loops": 1,"Workers Planned": 2,"Params Evaluated": ["$1"],"Workers Launched": 2,"Plans": [{"Node Type": "Aggregate","Strategy": "Sorted","Partial Mode": "Partial","Parent Relationship": "Outer","Parallel Aware": false,"Async Capable": false,"Startup Cost": 5741.19,"Total Cost": 5749.72,"Plan Rows": 310,"Plan Width": 72,"Actual Startup Time": 64.181,"Actual Total Time": 64.487,"Actual Rows": 7,"Actual Loops": 3,"Group Key": ["(SUBSTRING(customer.c_phone FROM 1 FOR 2))"],"Workers": [],"Plans": [{"Node Type": "Sort","Parent Relationship": "Outer","Parallel Aware": false,"Async Capable": false,"Startup Cost": 5741.19,"Total Cost": 5741.97,"Plan Rows": 310,"Plan Width": 38,"Actual Startup Time": 64.103,"Actual Total Time": 64.182,"Actual Rows": 2113,"Actual Loops": 3,"Sort Key": ["(SUBSTRING(customer.c_phone FROM 1 FOR 2))"],"Sort Method": "quicksort","Sort Space Used": 235,"Sort Space Type": "Memory","Workers": [{"Worker Number": 0,"Sort Method": "quicksort","Sort Space Used": 152,"Sort Space Type": "Memory"},{"Worker Number": 1,"Sort Method": "quicksort","Sort Space Used": 153,"Sort Space Type": "Memory"}],"Plans": [{"Node Type": "Nested Loop","Parent Relationship": "Outer","Parallel Aware": false,"Async Capable": false,"Join Type": "Anti","Startup Cost": 0.43,"Total Cost": 5728.36,"Plan Rows": 310,"Plan Width": 38,"Actual Startup Time": 0.195,"Actual Total Time": 63.285,"Actual Rows": 2113,"Actual Loops": 3,"Inner Unique": false,"Workers": [],"Plans": [{"Node Type": "Seq Scan","Parent Relationship": "Outer","Parallel Aware": true,"Async Capable": false,"Relation Name": "customer","Alias": "customer","Startup Cost": 0.00,"Total Cost": 5225.62,"Plan Rows": 729,"Plan Width": 26,"Actual Startup Time": 0.048,"Actual Total Time": 42.873,"Actual Rows": 6277,"Actual Loops": 3,"Filter": "((c_acctbal > $1) AND (SUBSTRING(c_phone FROM 1 FOR 2) = ANY ('{22,11,27,21,20,30,10}'::text[])))","Rows Removed by Filter": 43723,"Workers": []},{"Node Type": "Index Only Scan","Parent Relationship": "Inner","Parallel Aware": false,"Async Capable": false,"Scan Direction": "Forward","Index Name": "idx_orders_custkey","Relation Name": "orders","Alias": "orders","Startup Cost": 0.43,"Total Cost": 3.28,"Plan Rows": 17,"Plan Width": 4,"Actual Startup Time": 0.003,"Actual Total Time": 0.003,"Actual Rows": 1,"Actual Loops": 18832,"Index Cond": "(o_custkey = customer.c_custkey)","Rows Removed by Index Recheck": 0,"Heap Fetches": 0,"Workers": []}]}]}]}]}]},"Planning Time": 4.777,"Triggers": [],"Execution Time": 137.264}]
[{"Plan": {"Node Type": "Aggregate","Strategy": "Sorted","Partial Mode": "Finalize","Parallel Aware": false,"Async Capable": false,"Startup Cost": 12972.06,"Total Cost": 13071.37,"Plan Rows": 744,"Plan Width": 72,"Actual Startup Time": 133.651,"Actual Total Time": 137.105,"Actual Rows": 7,"Actual Loops": 1,"Group Key": ["(SUBSTRING(customer.c_phone FROM 1 FOR 2))"],"Plans": [{"Node Type": "Aggregate","Strategy": "Plain","Partial Mode": "Finalize","Parent Relationship": "InitPlan","Subplan Name": "InitPlan 1 (returns $1)","Parallel Aware": false,"Async Capable": false,"Startup Cost": 6230.83,"Total Cost": 6230.84,"Plan Rows": 1,"Plan Width": 32,"Actual Startup Time": 61.604,"Actual Total Time": 61.873,"Actual Rows": 1,"Actual Loops": 1,"Plans": [{"Node Type": "Gather","Parent Relationship": "Outer","Parallel Aware": false,"Async Capable": false,"Startup Cost": 6230.61,"Total Cost": 6230.82,"Plan Rows": 2,"Plan Width": 32,"Actual Startup Time": 61.492,"Actual Total Time": 61.855,"Actual Rows": 3,"Actual Loops": 1,"Workers Planned": 2,"Workers Launched": 2,"Single Copy": false,"Plans": [{"Node Type": "Aggregate","Strategy": "Plain","Partial Mode": "Partial","Parent Relationship": "Outer","Parallel Aware": false,"Async Capable": false,"Startup Cost": 5230.61,"Total Cost": 5230.62,"Plan Rows": 1,"Plan Width": 32,"Actual Startup Time": 54.951,"Actual Total Time": 54.952,"Actual Rows": 1,"Actual Loops": 3,"Workers": [],"Plans": [{"Node Type": "Seq Scan","Parent Relationship": "Outer","Parallel Aware": true,"Async Capable": false,"Relation Name": "customer","Alias": "customer_1","Startup Cost": 0.00,"Total Cost": 5225.62,"Plan Rows": 1994,"Plan Width": 6,"Actual Startup Time": 0.049,"Actual Total Time": 53.904,"Actual Rows": 12744,"Actual Loops": 3,"Filter": "((c_acctbal > 0.00) AND (SUBSTRING(c_phone FROM 1 FOR 2) = ANY ('{13,24,33,26,34,29,25}'::text[])))","Rows Removed by Filter": 37256,"Workers": []}]}]}]},{"Node Type": "Gather Merge","Parent Relationship": "Outer","Parallel Aware": false,"Async Capable": false,"Startup Cost": 6741.22,"Total Cost": 6821.30,"Plan Rows": 620,"Plan Width": 72,"Actual Startup Time": 133.561,"Actual Total Time": 136.789,"Actual Rows": 21,"Actual Loops": 1,"Workers Planned": 2,"Params Evaluated": ["$1"],"Workers Launched": 2,"Plans": [{"Node Type": "Aggregate","Strategy": "Sorted","Partial Mode": "Partial","Parent Relationship": "Outer","Parallel Aware": false,"Async Capable": false,"Startup Cost": 5741.19,"Total Cost": 5749.72,"Plan Rows": 310,"Plan Width": 72,"Actual Startup Time": 65.362,"Actual Total Time": 65.668,"Actual Rows": 7,"Actual Loops": 3,"Group Key": ["(SUBSTRING(customer.c_phone FROM 1 FOR 2))"],"Workers": [],"Plans": [{"Node Type": "Sort","Parent Relationship": "Outer","Parallel Aware": false,"Async Capable": false,"Startup Cost": 5741.19,"Total Cost": 5741.97,"Plan Rows": 310,"Plan Width": 38,"Actual Startup Time": 65.284,"Actual Total Time": 65.367,"Actual Rows": 2120,"Actual Loops": 3,"Sort Key": ["(SUBSTRING(customer.c_phone FROM 1 FOR 2))"],"Sort Method": "quicksort","Sort Space Used": 234,"Sort Space Type": "Memory","Workers": [{"Worker Number": 0,"Sort Method": "quicksort","Sort Space Used": 154,"Sort Space Type": "Memory"},{"Worker Number": 1,"Sort Method": "quicksort","Sort Space Used": 153,"Sort Space Type": "Memory"}],"Plans": [{"Node Type": "Nested Loop","Parent Relationship": "Outer","Parallel Aware": false,"Async Capable": false,"Join Type": "Anti","Startup Cost": 0.43,"Total Cost": 5728.36,"Plan Rows": 310,"Plan Width": 38,"Actual Startup Time": 0.128,"Actual Total Time": 64.450,"Actual Rows": 2120,"Actual Loops": 3,"Inner Unique": false,"Workers": [],"Plans": [{"Node Type": "Seq Scan","Parent Relationship": "Outer","Parallel Aware": true,"Async Capable": false,"Relation Name": "customer","Alias": "customer","Startup Cost": 0.00,"Total Cost": 5225.62,"Plan Rows": 729,"Plan Width": 26,"Actual Startup Time": 0.038,"Actual Total Time": 43.280,"Actual Rows": 6382,"Actual Loops": 3,"Filter": "((c_acctbal > $1) AND (SUBSTRING(c_phone FROM 1 FOR 2) = ANY ('{13,24,33,26,34,29,25}'::text[])))","Rows Removed by Filter": 43618,"Workers": []},{"Node Type": "Index Only Scan","Parent Relationship": "Inner","Parallel Aware": false,"Async Capable": false,"Scan Direction": "Forward","Index Name": "idx_orders_custkey","Relation Name": "orders","Alias": "orders","Startup Cost": 0.43,"Total Cost": 3.28,"Plan Rows": 17,"Plan Width": 4,"Actual Startup Time": 0.003,"Actual Total Time": 0.003,"Actual Rows": 1,"Actual Loops": 19145,"Index Cond": "(o_custkey = customer.c_custkey)","Rows Removed by Index Recheck": 0,"Heap Fetches": 0,"Workers": []}]}]}]}]}]},"Planning Time": 3.727,"Triggers": [],"Execution Time": 137.481}]
[{"Plan": {"Node Type": "Aggregate","Strategy": "Sorted","Partial Mode": "Finalize","Parallel Aware": false,"Async Capable": false,"Startup Cost": 12972.06,"Total Cost": 13071.37,"Plan Rows": 744,"Plan Width": 72,"Actual Startup Time": 134.936,"Actual Total Time": 138.559,"Actual Rows": 7,"Actual Loops": 1,"Group Key": ["(SUBSTRING(customer.c_phone FROM 1 FOR 2))"],"Plans": [{"Node Type": "Aggregate","Strategy": "Plain","Partial Mode": "Finalize","Parent Relationship": "InitPlan","Subplan Name": "InitPlan 1 (returns $1)","Parallel Aware": false,"Async Capable": false,"Startup Cost": 6230.83,"Total Cost": 6230.84,"Plan Rows": 1,"Plan Width": 32,"Actual Startup Time": 59.528,"Actual Total Time": 59.752,"Actual Rows": 1,"Actual Loops": 1,"Plans": [{"Node Type": "Gather","Parent Relationship": "Outer","Parallel Aware": false,"Async Capable": false,"Startup Cost": 6230.61,"Total Cost": 6230.82,"Plan Rows": 2,"Plan Width": 32,"Actual Startup Time": 59.443,"Actual Total Time": 59.731,"Actual Rows": 3,"Actual Loops": 1,"Workers Planned": 2,"Workers Launched": 2,"Single Copy": false,"Plans": [{"Node Type": "Aggregate","Strategy": "Plain","Partial Mode": "Partial","Parent Relationship": "Outer","Parallel Aware": false,"Async Capable": false,"Startup Cost": 5230.61,"Total Cost": 5230.62,"Plan Rows": 1,"Plan Width": 32,"Actual Startup Time": 53.775,"Actual Total Time": 53.777,"Actual Rows": 1,"Actual Loops": 3,"Workers": [],"Plans": [{"Node Type": "Seq Scan","Parent Relationship": "Outer","Parallel Aware": true,"Async Capable": false,"Relation Name": "customer","Alias": "customer_1","Startup Cost": 0.00,"Total Cost": 5225.62,"Plan Rows": 1994,"Plan Width": 6,"Actual Startup Time": 0.056,"Actual Total Time": 52.662,"Actual Rows": 12676,"Actual Loops": 3,"Filter": "((c_acctbal > 0.00) AND (SUBSTRING(c_phone FROM 1 FOR 2) = ANY ('{30,14,29,34,28,10,26}'::text[])))","Rows Removed by Filter": 37324,"Workers": []}]}]}]},{"Node Type": "Gather Merge","Parent Relationship": "Outer","Parallel Aware": false,"Async Capable": false,"Startup Cost": 6741.22,"Total Cost": 6821.30,"Plan Rows": 620,"Plan Width": 72,"Actual Startup Time": 134.797,"Actual Total Time": 138.277,"Actual Rows": 21,"Actual Loops": 1,"Workers Planned": 2,"Params Evaluated": ["$1"],"Workers Launched": 2,"Plans": [{"Node Type": "Aggregate","Strategy": "Sorted","Partial Mode": "Partial","Parent Relationship": "Outer","Parallel Aware": false,"Async Capable": false,"Startup Cost": 5741.19,"Total Cost": 5749.72,"Plan Rows": 310,"Plan Width": 72,"Actual Startup Time": 68.757,"Actual Total Time": 69.060,"Actual Rows": 7,"Actual Loops": 3,"Group Key": ["(SUBSTRING(customer.c_phone FROM 1 FOR 2))"],"Workers": [],"Plans": [{"Node Type": "Sort","Parent Relationship": "Outer","Parallel Aware": false,"Async Capable": false,"Startup Cost": 5741.19,"Total Cost": 5741.97,"Plan Rows": 310,"Plan Width": 38,"Actual Startup Time": 68.692,"Actual Total Time": 68.779,"Actual Rows": 2133,"Actual Loops": 3,"Sort Key": ["(SUBSTRING(customer.c_phone FROM 1 FOR 2))"],"Sort Method": "quicksort","Sort Space Used": 237,"Sort Space Type": "Memory","Workers": [{"Worker Number": 0,"Sort Method": "quicksort","Sort Space Used": 155,"Sort Space Type": "Memory"},{"Worker Number": 1,"Sort Method": "quicksort","Sort Space Used": 150,"Sort Space Type": "Memory"}],"Plans": [{"Node Type": "Nested Loop","Parent Relationship": "Outer","Parallel Aware": false,"Async Capable": false,"Join Type": "Anti","Startup Cost": 0.43,"Total Cost": 5728.36,"Plan Rows": 310,"Plan Width": 38,"Actual Startup Time": 0.160,"Actual Total Time": 67.865,"Actual Rows": 2133,"Actual Loops": 3,"Inner Unique": false,"Workers": [],"Plans": [{"Node Type": "Seq Scan","Parent Relationship": "Outer","Parallel Aware": true,"Async Capable": false,"Relation Name": "customer","Alias": "customer","Startup Cost": 0.00,"Total Cost": 5225.62,"Plan Rows": 729,"Plan Width": 26,"Actual Startup Time": 0.041,"Actual Total Time": 44.809,"Actual Rows": 6345,"Actual Loops": 3,"Filter": "((c_acctbal > $1) AND (SUBSTRING(c_phone FROM 1 FOR 2) = ANY ('{30,14,29,34,28,10,26}'::text[])))","Rows Removed by Filter": 43655,"Workers": []},{"Node Type": "Index Only Scan","Parent Relationship": "Inner","Parallel Aware": false,"Async Capable": false,"Scan Direction": "Forward","Index Name": "idx_orders_custkey","Relation Name": "orders","Alias": "orders","Startup Cost": 0.43,"Total Cost": 3.28,"Plan Rows": 17,"Plan Width": 4,"Actual Startup Time": 0.003,"Actual Total Time": 0.003,"Actual Rows": 1,"Actual Loops": 19035,"Index Cond": "(o_custkey = customer.c_custkey)","Rows Removed by Index Recheck": 0,"Heap Fetches": 0,"Workers": []}]}]}]}]}]},"Planning Time": 4.764,"Triggers": [],"Execution Time": 138.923}]
[{"Plan": {"Node Type": "Aggregate","Strategy": "Sorted","Partial Mode": "Finalize","Parallel Aware": false,"Async Capable": false,"Startup Cost": 12972.06,"Total Cost": 13071.37,"Plan Rows": 744,"Plan Width": 72,"Actual Startup Time": 134.097,"Actual Total Time": 137.880,"Actual Rows": 7,"Actual Loops": 1,"Group Key": ["(SUBSTRING(customer.c_phone FROM 1 FOR 2))"],"Plans": [{"Node Type": "Aggregate","Strategy": "Plain","Partial Mode": "Finalize","Parent Relationship": "InitPlan","Subplan Name": "InitPlan 1 (returns $1)","Parallel Aware": false,"Async Capable": false,"Startup Cost": 6230.83,"Total Cost": 6230.84,"Plan Rows": 1,"Plan Width": 32,"Actual Startup Time": 61.991,"Actual Total Time": 62.284,"Actual Rows": 1,"Actual Loops": 1,"Plans": [{"Node Type": "Gather","Parent Relationship": "Outer","Parallel Aware": false,"Async Capable": false,"Startup Cost": 6230.61,"Total Cost": 6230.82,"Plan Rows": 2,"Plan Width": 32,"Actual Startup Time": 61.825,"Actual Total Time": 62.262,"Actual Rows": 3,"Actual Loops": 1,"Workers Planned": 2,"Workers Launched": 2,"Single Copy": false,"Plans": [{"Node Type": "Aggregate","Strategy": "Plain","Partial Mode": "Partial","Parent Relationship": "Outer","Parallel Aware": false,"Async Capable": false,"Startup Cost": 5230.61,"Total Cost": 5230.62,"Plan Rows": 1,"Plan Width": 32,"Actual Startup Time": 55.502,"Actual Total Time": 55.503,"Actual Rows": 1,"Actual Loops": 3,"Workers": [],"Plans": [{"Node Type": "Seq Scan","Parent Relationship": "Outer","Parallel Aware": true,"Async Capable": false,"Relation Name": "customer","Alias": "customer_1","Startup Cost": 0.00,"Total Cost": 5225.62,"Plan Rows": 1994,"Plan Width": 6,"Actual Startup Time": 0.056,"Actual Total Time": 54.451,"Actual Rows": 12735,"Actual Loops": 3,"Filter": "((c_acctbal > 0.00) AND (SUBSTRING(c_phone FROM 1 FOR 2) = ANY ('{25,13,28,31,18,26,29}'::text[])))","Rows Removed by Filter": 37265,"Workers": []}]}]}]},{"Node Type": "Gather Merge","Parent Relationship": "Outer","Parallel Aware": false,"Async Capable": false,"Startup Cost": 6741.22,"Total Cost": 6821.30,"Plan Rows": 620,"Plan Width": 72,"Actual Startup Time": 134.000,"Actual Total Time": 137.547,"Actual Rows": 21,"Actual Loops": 1,"Workers Planned": 2,"Params Evaluated": ["$1"],"Workers Launched": 2,"Plans": [{"Node Type": "Aggregate","Strategy": "Sorted","Partial Mode": "Partial","Parent Relationship": "Outer","Parallel Aware": false,"Async Capable": false,"Startup Cost": 5741.19,"Total Cost": 5749.72,"Plan Rows": 310,"Plan Width": 72,"Actual Startup Time": 65.021,"Actual Total Time": 65.328,"Actual Rows": 7,"Actual Loops": 3,"Group Key": ["(SUBSTRING(customer.c_phone FROM 1 FOR 2))"],"Workers": [],"Plans": [{"Node Type": "Sort","Parent Relationship": "Outer","Parallel Aware": false,"Async Capable": false,"Startup Cost": 5741.19,"Total Cost": 5741.97,"Plan Rows": 310,"Plan Width": 38,"Actual Startup Time": 64.943,"Actual Total Time": 65.026,"Actual Rows": 2120,"Actual Loops": 3,"Sort Key": ["(SUBSTRING(customer.c_phone FROM 1 FOR 2))"],"Sort Method": "quicksort","Sort Space Used": 233,"Sort Space Type": "Memory","Workers": [{"Worker Number": 0,"Sort Method": "quicksort","Sort Space Used": 158,"Sort Space Type": "Memory"},{"Worker Number": 1,"Sort Method": "quicksort","Sort Space Used": 150,"Sort Space Type": "Memory"}],"Plans": [{"Node Type": "Nested Loop","Parent Relationship": "Outer","Parallel Aware": false,"Async Capable": false,"Join Type": "Anti","Startup Cost": 0.43,"Total Cost": 5728.36,"Plan Rows": 310,"Plan Width": 38,"Actual Startup Time": 0.175,"Actual Total Time": 64.117,"Actual Rows": 2120,"Actual Loops": 3,"Inner Unique": false,"Workers": [],"Plans": [{"Node Type": "Seq Scan","Parent Relationship": "Outer","Parallel Aware": true,"Async Capable": false,"Relation Name": "customer","Alias": "customer","Startup Cost": 0.00,"Total Cost": 5225.62,"Plan Rows": 729,"Plan Width": 26,"Actual Startup Time": 0.042,"Actual Total Time": 43.314,"Actual Rows": 6371,"Actual Loops": 3,"Filter": "((c_acctbal > $1) AND (SUBSTRING(c_phone FROM 1 FOR 2) = ANY ('{25,13,28,31,18,26,29}'::text[])))","Rows Removed by Filter": 43629,"Workers": []},{"Node Type": "Index Only Scan","Parent Relationship": "Inner","Parallel Aware": false,"Async Capable": false,"Scan Direction": "Forward","Index Name": "idx_orders_custkey","Relation Name": "orders","Alias": "orders","Startup Cost": 0.43,"Total Cost": 3.28,"Plan Rows": 17,"Plan Width": 4,"Actual Startup Time": 0.003,"Actual Total Time": 0.003,"Actual Rows": 1,"Actual Loops": 19114,"Index Cond": "(o_custkey = customer.c_custkey)","Rows Removed by Index Recheck": 0,"Heap Fetches": 0,"Workers": []}]}]}]}]}]},"Planning Time": 3.855,"Triggers": [],"Execution Time": 138.318}]
[{"Plan": {"Node Type": "Aggregate","Strategy": "Sorted","Partial Mode": "Finalize","Parallel Aware": false,"Async Capable": false,"Startup Cost": 12972.06,"Total Cost": 13071.37,"Plan Rows": 744,"Plan Width": 72,"Actual Startup Time": 137.239,"Actual Total Time": 141.080,"Actual Rows": 7,"Actual Loops": 1,"Group Key": ["(SUBSTRING(customer.c_phone FROM 1 FOR 2))"],"Plans": [{"Node Type": "Aggregate","Strategy": "Plain","Partial Mode": "Finalize","Parent Relationship": "InitPlan","Subplan Name": "InitPlan 1 (returns $1)","Parallel Aware": false,"Async Capable": false,"Startup Cost": 6230.83,"Total Cost": 6230.84,"Plan Rows": 1,"Plan Width": 32,"Actual Startup Time": 59.850,"Actual Total Time": 60.085,"Actual Rows": 1,"Actual Loops": 1,"Plans": [{"Node Type": "Gather","Parent Relationship": "Outer","Parallel Aware": false,"Async Capable": false,"Startup Cost": 6230.61,"Total Cost": 6230.82,"Plan Rows": 2,"Plan Width": 32,"Actual Startup Time": 59.732,"Actual Total Time": 60.072,"Actual Rows": 3,"Actual Loops": 1,"Workers Planned": 2,"Workers Launched": 2,"Single Copy": false,"Plans": [{"Node Type": "Aggregate","Strategy": "Plain","Partial Mode": "Partial","Parent Relationship": "Outer","Parallel Aware": false,"Async Capable": false,"Startup Cost": 5230.61,"Total Cost": 5230.62,"Plan Rows": 1,"Plan Width": 32,"Actual Startup Time": 53.781,"Actual Total Time": 53.783,"Actual Rows": 1,"Actual Loops": 3,"Workers": [],"Plans": [{"Node Type": "Seq Scan","Parent Relationship": "Outer","Parallel Aware": true,"Async Capable": false,"Relation Name": "customer","Alias": "customer_1","Startup Cost": 0.00,"Total Cost": 5225.62,"Plan Rows": 1994,"Plan Width": 6,"Actual Startup Time": 0.052,"Actual Total Time": 52.699,"Actual Rows": 12655,"Actual Loops": 3,"Filter": "((c_acctbal > 0.00) AND (SUBSTRING(c_phone FROM 1 FOR 2) = ANY ('{26,33,27,10,11,17,18}'::text[])))","Rows Removed by Filter": 37345,"Workers": []}]}]}]},{"Node Type": "Gather Merge","Parent Relationship": "Outer","Parallel Aware": false,"Async Capable": false,"Startup Cost": 6741.22,"Total Cost": 6821.30,"Plan Rows": 620,"Plan Width": 72,"Actual Startup Time": 137.117,"Actual Total Time": 140.793,"Actual Rows": 21,"Actual Loops": 1,"Workers Planned": 2,"Params Evaluated": ["$1"],"Workers Launched": 2,"Plans": [{"Node Type": "Aggregate","Strategy": "Sorted","Partial Mode": "Partial","Parent Relationship": "Outer","Parallel Aware": false,"Async Capable": false,"Startup Cost": 5741.19,"Total Cost": 5749.72,"Plan Rows": 310,"Plan Width": 72,"Actual Startup Time": 70.190,"Actual Total Time": 70.479,"Actual Rows": 7,"Actual Loops": 3,"Group Key": ["(SUBSTRING(customer.c_phone FROM 1 FOR 2))"],"Workers": [],"Plans": [{"Node Type": "Sort","Parent Relationship": "Outer","Parallel Aware": false,"Async Capable": false,"Startup Cost": 5741.19,"Total Cost": 5741.97,"Plan Rows": 310,"Plan Width": 38,"Actual Startup Time": 70.123,"Actual Total Time": 70.201,"Actual Rows": 2100,"Actual Loops": 3,"Sort Key": ["(SUBSTRING(customer.c_phone FROM 1 FOR 2))"],"Sort Method": "quicksort","Sort Space Used": 230,"Sort Space Type": "Memory","Workers": [{"Worker Number": 0,"Sort Method": "quicksort","Sort Space Used": 153,"Sort Space Type": "Memory"},{"Worker Number": 1,"Sort Method": "quicksort","Sort Space Used": 155,"Sort Space Type": "Memory"}],"Plans": [{"Node Type": "Nested Loop","Parent Relationship": "Outer","Parallel Aware": false,"Async Capable": false,"Join Type": "Anti","Startup Cost": 0.43,"Total Cost": 5728.36,"Plan Rows": 310,"Plan Width": 38,"Actual Startup Time": 0.132,"Actual Total Time": 69.355,"Actual Rows": 2100,"Actual Loops": 3,"Inner Unique": false,"Workers": [],"Plans": [{"Node Type": "Seq Scan","Parent Relationship": "Outer","Parallel Aware": true,"Async Capable": false,"Relation Name": "customer","Alias": "customer","Startup Cost": 0.00,"Total Cost": 5225.62,"Plan Rows": 729,"Plan Width": 26,"Actual Startup Time": 0.029,"Actual Total Time": 45.594,"Actual Rows": 6303,"Actual Loops": 3,"Filter": "((c_acctbal > $1) AND (SUBSTRING(c_phone FROM 1 FOR 2) = ANY ('{26,33,27,10,11,17,18}'::text[])))","Rows Removed by Filter": 43697,"Workers": []},{"Node Type": "Index Only Scan","Parent Relationship": "Inner","Parallel Aware": false,"Async Capable": false,"Scan Direction": "Forward","Index Name": "idx_orders_custkey","Relation Name": "orders","Alias": "orders","Startup Cost": 0.43,"Total Cost": 3.28,"Plan Rows": 17,"Plan Width": 4,"Actual Startup Time": 0.003,"Actual Total Time": 0.003,"Actual Rows": 1,"Actual Loops": 18908,"Index Cond": "(o_custkey = customer.c_custkey)","Rows Removed by Index Recheck": 0,"Heap Fetches": 0,"Workers": []}]}]}]}]}]},"Planning Time": 4.153,"Triggers": [],"Execution Time": 141.519}]
[{"Plan": {"Node Type": "Aggregate","Strategy": "Sorted","Partial Mode": "Finalize","Parallel Aware": false,"Async Capable": false,"Startup Cost": 12972.06,"Total Cost": 13071.37,"Plan Rows": 744,"Plan Width": 72,"Actual Startup Time": 140.244,"Actual Total Time": 143.877,"Actual Rows": 7,"Actual Loops": 1,"Group Key": ["(SUBSTRING(customer.c_phone FROM 1 FOR 2))"],"Plans": [{"Node Type": "Aggregate","Strategy": "Plain","Partial Mode": "Finalize","Parent Relationship": "InitPlan","Subplan Name": "InitPlan 1 (returns $1)","Parallel Aware": false,"Async Capable": false,"Startup Cost": 6230.83,"Total Cost": 6230.84,"Plan Rows": 1,"Plan Width": 32,"Actual Startup Time": 62.092,"Actual Total Time": 62.263,"Actual Rows": 1,"Actual Loops": 1,"Plans": [{"Node Type": "Gather","Parent Relationship": "Outer","Parallel Aware": false,"Async Capable": false,"Startup Cost": 6230.61,"Total Cost": 6230.82,"Plan Rows": 2,"Plan Width": 32,"Actual Startup Time": 61.979,"Actual Total Time": 62.242,"Actual Rows": 3,"Actual Loops": 1,"Workers Planned": 2,"Workers Launched": 2,"Single Copy": false,"Plans": [{"Node Type": "Aggregate","Strategy": "Plain","Partial Mode": "Partial","Parent Relationship": "Outer","Parallel Aware": false,"Async Capable": false,"Startup Cost": 5230.61,"Total Cost": 5230.62,"Plan Rows": 1,"Plan Width": 32,"Actual Startup Time": 56.062,"Actual Total Time": 56.063,"Actual Rows": 1,"Actual Loops": 3,"Workers": [],"Plans": [{"Node Type": "Seq Scan","Parent Relationship": "Outer","Parallel Aware": true,"Async Capable": false,"Relation Name": "customer","Alias": "customer_1","Startup Cost": 0.00,"Total Cost": 5225.62,"Plan Rows": 1994,"Plan Width": 6,"Actual Startup Time": 0.062,"Actual Total Time": 55.004,"Actual Rows": 12724,"Actual Loops": 3,"Filter": "((c_acctbal > 0.00) AND (SUBSTRING(c_phone FROM 1 FOR 2) = ANY ('{10,26,21,22,31,32,16}'::text[])))","Rows Removed by Filter": 37276,"Workers": []}]}]}]},{"Node Type": "Gather Merge","Parent Relationship": "Outer","Parallel Aware": false,"Async Capable": false,"Startup Cost": 6741.22,"Total Cost": 6821.30,"Plan Rows": 620,"Plan Width": 72,"Actual Startup Time": 140.119,"Actual Total Time": 143.656,"Actual Rows": 21,"Actual Loops": 1,"Workers Planned": 2,"Params Evaluated": ["$1"],"Workers Launched": 2,"Plans": [{"Node Type": "Aggregate","Strategy": "Sorted","Partial Mode": "Partial","Parent Relationship": "Outer","Parallel Aware": false,"Async Capable": false,"Startup Cost": 5741.19,"Total Cost": 5749.72,"Plan Rows": 310,"Plan Width": 72,"Actual Startup Time": 71.301,"Actual Total Time": 71.598,"Actual Rows": 7,"Actual Loops": 3,"Group Key": ["(SUBSTRING(customer.c_phone FROM 1 FOR 2))"],"Workers": [],"Plans": [{"Node Type": "Sort","Parent Relationship": "Outer","Parallel Aware": false,"Async Capable": false,"Startup Cost": 5741.19,"Total Cost": 5741.97,"Plan Rows": 310,"Plan Width": 38,"Actual Startup Time": 71.226,"Actual Total Time": 71.310,"Actual Rows": 2105,"Actual Loops": 3,"Sort Key": ["(SUBSTRING(customer.c_phone FROM 1 FOR 2))"],"Sort Method": "quicksort","Sort Space Used": 233,"Sort Space Type": "Memory","Workers": [{"Worker Number": 0,"Sort Method": "quicksort","Sort Space Used": 157,"Sort Space Type": "Memory"},{"Worker Number": 1,"Sort Method": "quicksort","Sort Space Used": 148,"Sort Space Type": "Memory"}],"Plans": [{"Node Type": "Nested Loop","Parent Relationship": "Outer","Parallel Aware": false,"Async Capable": false,"Join Type": "Anti","Startup Cost": 0.43,"Total Cost": 5728.36,"Plan Rows": 310,"Plan Width": 38,"Actual Startup Time": 0.135,"Actual Total Time": 70.423,"Actual Rows": 2105,"Actual Loops": 3,"Inner Unique": false,"Workers": [],"Plans": [{"Node Type": "Seq Scan","Parent Relationship": "Outer","Parallel Aware": true,"Async Capable": false,"Relation Name": "customer","Alias": "customer","Startup Cost": 0.00,"Total Cost": 5225.62,"Plan Rows": 729,"Plan Width": 26,"Actual Startup Time": 0.035,"Actual Total Time": 46.379,"Actual Rows": 6366,"Actual Loops": 3,"Filter": "((c_acctbal > $1) AND (SUBSTRING(c_phone FROM 1 FOR 2) = ANY ('{10,26,21,22,31,32,16}'::text[])))","Rows Removed by Filter": 43634,"Workers": []},{"Node Type": "Index Only Scan","Parent Relationship": "Inner","Parallel Aware": false,"Async Capable": false,"Scan Direction": "Forward","Index Name": "idx_orders_custkey","Relation Name": "orders","Alias": "orders","Startup Cost": 0.43,"Total Cost": 3.28,"Plan Rows": 17,"Plan Width": 4,"Actual Startup Time": 0.003,"Actual Total Time": 0.003,"Actual Rows": 1,"Actual Loops": 19098,"Index Cond": "(o_custkey = customer.c_custkey)","Rows Removed by Index Recheck": 0,"Heap Fetches": 0,"Workers": []}]}]}]}]}]},"Planning Time": 4.381,"Triggers": [],"Execution Time": 144.298}]
[{"Plan": {"Node Type": "Aggregate","Strategy": "Sorted","Partial Mode": "Finalize","Parallel Aware": false,"Async Capable": false,"Startup Cost": 12972.06,"Total Cost": 13071.37,"Plan Rows": 744,"Plan Width": 72,"Actual Startup Time": 138.521,"Actual Total Time": 141.924,"Actual Rows": 7,"Actual Loops": 1,"Group Key": ["(SUBSTRING(customer.c_phone FROM 1 FOR 2))"],"Plans": [{"Node Type": "Aggregate","Strategy": "Plain","Partial Mode": "Finalize","Parent Relationship": "InitPlan","Subplan Name": "InitPlan 1 (returns $1)","Parallel Aware": false,"Async Capable": false,"Startup Cost": 6230.83,"Total Cost": 6230.84,"Plan Rows": 1,"Plan Width": 32,"Actual Startup Time": 61.091,"Actual Total Time": 61.269,"Actual Rows": 1,"Actual Loops": 1,"Plans": [{"Node Type": "Gather","Parent Relationship": "Outer","Parallel Aware": false,"Async Capable": false,"Startup Cost": 6230.61,"Total Cost": 6230.82,"Plan Rows": 2,"Plan Width": 32,"Actual Startup Time": 61.013,"Actual Total Time": 61.255,"Actual Rows": 3,"Actual Loops": 1,"Workers Planned": 2,"Workers Launched": 2,"Single Copy": false,"Plans": [{"Node Type": "Aggregate","Strategy": "Plain","Partial Mode": "Partial","Parent Relationship": "Outer","Parallel Aware": false,"Async Capable": false,"Startup Cost": 5230.61,"Total Cost": 5230.62,"Plan Rows": 1,"Plan Width": 32,"Actual Startup Time": 55.265,"Actual Total Time": 55.265,"Actual Rows": 1,"Actual Loops": 3,"Workers": [],"Plans": [{"Node Type": "Seq Scan","Parent Relationship": "Outer","Parallel Aware": true,"Async Capable": false,"Relation Name": "customer","Alias": "customer_1","Startup Cost": 0.00,"Total Cost": 5225.62,"Plan Rows": 1994,"Plan Width": 6,"Actual Startup Time": 0.049,"Actual Total Time": 54.184,"Actual Rows": 12641,"Actual Loops": 3,"Filter": "((c_acctbal > 0.00) AND (SUBSTRING(c_phone FROM 1 FOR 2) = ANY ('{20,27,10,22,33,11,17}'::text[])))","Rows Removed by Filter": 37359,"Workers": []}]}]}]},{"Node Type": "Gather Merge","Parent Relationship": "Outer","Parallel Aware": false,"Async Capable": false,"Startup Cost": 6741.22,"Total Cost": 6821.30,"Plan Rows": 620,"Plan Width": 72,"Actual Startup Time": 138.378,"Actual Total Time": 141.681,"Actual Rows": 21,"Actual Loops": 1,"Workers Planned": 2,"Params Evaluated": ["$1"],"Workers Launched": 2,"Plans": [{"Node Type": "Aggregate","Strategy": "Sorted","Partial Mode": "Partial","Parent Relationship": "Outer","Parallel Aware": false,"Async Capable": false,"Startup Cost": 5741.19,"Total Cost": 5749.72,"Plan Rows": 310,"Plan Width": 72,"Actual Startup Time": 70.749,"Actual Total Time": 71.038,"Actual Rows": 7,"Actual Loops": 3,"Group Key": ["(SUBSTRING(customer.c_phone FROM 1 FOR 2))"],"Workers": [],"Plans": [{"Node Type": "Sort","Parent Relationship": "Outer","Parallel Aware": false,"Async Capable": false,"Startup Cost": 5741.19,"Total Cost": 5741.97,"Plan Rows": 310,"Plan Width": 38,"Actual Startup Time": 70.680,"Actual Total Time": 70.757,"Actual Rows": 2099,"Actual Loops": 3,"Sort Key": ["(SUBSTRING(customer.c_phone FROM 1 FOR 2))"],"Sort Method": "quicksort","Sort Space Used": 235,"Sort Space Type": "Memory","Workers": [{"Worker Number": 0,"Sort Method": "quicksort","Sort Space Used": 153,"Sort Space Type": "Memory"},{"Worker Number": 1,"Sort Method": "quicksort","Sort Space Used": 150,"Sort Space Type": "Memory"}],"Plans": [{"Node Type": "Nested Loop","Parent Relationship": "Outer","Parallel Aware": false,"Async Capable": false,"Join Type": "Anti","Startup Cost": 0.43,"Total Cost": 5728.36,"Plan Rows": 310,"Plan Width": 38,"Actual Startup Time": 0.124,"Actual Total Time": 69.863,"Actual Rows": 2099,"Actual Loops": 3,"Inner Unique": false,"Workers": [],"Plans": [{"Node Type": "Seq Scan","Parent Relationship": "Outer","Parallel Aware": true,"Async Capable": false,"Relation Name": "customer","Alias": "customer","Startup Cost": 0.00,"Total Cost": 5225.62,"Plan Rows": 729,"Plan Width": 26,"Actual Startup Time": 0.038,"Actual Total Time": 46.275,"Actual Rows": 6290,"Actual Loops": 3,"Filter": "((c_acctbal > $1) AND (SUBSTRING(c_phone FROM 1 FOR 2) = ANY ('{20,27,10,22,33,11,17}'::text[])))","Rows Removed by Filter": 43710,"Workers": []},{"Node Type": "Index Only Scan","Parent Relationship": "Inner","Parallel Aware": false,"Async Capable": false,"Scan Direction": "Forward","Index Name": "idx_orders_custkey","Relation Name": "orders","Alias": "orders","Startup Cost": 0.43,"Total Cost": 3.28,"Plan Rows": 17,"Plan Width": 4,"Actual Startup Time": 0.003,"Actual Total Time": 0.003,"Actual Rows": 1,"Actual Loops": 18870,"Index Cond": "(o_custkey = customer.c_custkey)","Rows Removed by Index Recheck": 0,"Heap Fetches": 0,"Workers": []}]}]}]}]}]},"Planning Time": 4.657,"Triggers": [],"Execution Time": 142.226}]
[{"Plan": {"Node Type": "Aggregate","Strategy": "Sorted","Partial Mode": "Finalize","Parallel Aware": false,"Async Capable": false,"Startup Cost": 12972.06,"Total Cost": 13071.37,"Plan Rows": 744,"Plan Width": 72,"Actual Startup Time": 137.466,"Actual Total Time": 141.155,"Actual Rows": 7,"Actual Loops": 1,"Group Key": ["(SUBSTRING(customer.c_phone FROM 1 FOR 2))"],"Plans": [{"Node Type": "Aggregate","Strategy": "Plain","Partial Mode": "Finalize","Parent Relationship": "InitPlan","Subplan Name": "InitPlan 1 (returns $1)","Parallel Aware": false,"Async Capable": false,"Startup Cost": 6230.83,"Total Cost": 6230.84,"Plan Rows": 1,"Plan Width": 32,"Actual Startup Time": 62.181,"Actual Total Time": 62.388,"Actual Rows": 1,"Actual Loops": 1,"Plans": [{"Node Type": "Gather","Parent Relationship": "Outer","Parallel Aware": false,"Async Capable": false,"Startup Cost": 6230.61,"Total Cost": 6230.82,"Plan Rows": 2,"Plan Width": 32,"Actual Startup Time": 62.104,"Actual Total Time": 62.373,"Actual Rows": 3,"Actual Loops": 1,"Workers Planned": 2,"Workers Launched": 2,"Single Copy": false,"Plans": [{"Node Type": "Aggregate","Strategy": "Plain","Partial Mode": "Partial","Parent Relationship": "Outer","Parallel Aware": false,"Async Capable": false,"Startup Cost": 5230.61,"Total Cost": 5230.62,"Plan Rows": 1,"Plan Width": 32,"Actual Startup Time": 55.601,"Actual Total Time": 55.602,"Actual Rows": 1,"Actual Loops": 3,"Workers": [],"Plans": [{"Node Type": "Seq Scan","Parent Relationship": "Outer","Parallel Aware": true,"Async Capable": false,"Relation Name": "customer","Alias": "customer_1","Startup Cost": 0.00,"Total Cost": 5225.62,"Plan Rows": 1994,"Plan Width": 6,"Actual Startup Time": 0.062,"Actual Total Time": 54.552,"Actual Rows": 12754,"Actual Loops": 3,"Filter": "((c_acctbal > 0.00) AND (SUBSTRING(c_phone FROM 1 FOR 2) = ANY ('{20,23,18,27,13,34,29}'::text[])))","Rows Removed by Filter": 37246,"Workers": []}]}]}]},{"Node Type": "Gather Merge","Parent Relationship": "Outer","Parallel Aware": false,"Async Capable": false,"Startup Cost": 6741.22,"Total Cost": 6821.30,"Plan Rows": 620,"Plan Width": 72,"Actual Startup Time": 137.349,"Actual Total Time": 140.902,"Actual Rows": 21,"Actual Loops": 1,"Workers Planned": 2,"Params Evaluated": ["$1"],"Workers Launched": 2,"Plans": [{"Node Type": "Aggregate","Strategy": "Sorted","Partial Mode": "Partial","Parent Relationship": "Outer","Parallel Aware": false,"Async Capable": false,"Startup Cost": 5741.19,"Total Cost": 5749.72,"Plan Rows": 310,"Plan Width": 72,"Actual Startup Time": 68.319,"Actual Total Time": 68.630,"Actual Rows": 7,"Actual Loops": 3,"Group Key": ["(SUBSTRING(customer.c_phone FROM 1 FOR 2))"],"Workers": [],"Plans": [{"Node Type": "Sort","Parent Relationship": "Outer","Parallel Aware": false,"Async Capable": false,"Startup Cost": 5741.19,"Total Cost": 5741.97,"Plan Rows": 310,"Plan Width": 38,"Actual Startup Time": 68.248,"Actual Total Time": 68.330,"Actual Rows": 2141,"Actual Loops": 3,"Sort Key": ["(SUBSTRING(customer.c_phone FROM 1 FOR 2))"],"Sort Method": "quicksort","Sort Space Used": 232,"Sort Space Type": "Memory","Workers": [{"Worker Number": 0,"Sort Method": "quicksort","Sort Space Used": 156,"Sort Space Type": "Memory"},{"Worker Number": 1,"Sort Method": "quicksort","Sort Space Used": 156,"Sort Space Type": "Memory"}],"Plans": [{"Node Type": "Nested Loop","Parent Relationship": "Outer","Parallel Aware": false,"Async Capable": false,"Join Type": "Anti","Startup Cost": 0.43,"Total Cost": 5728.36,"Plan Rows": 310,"Plan Width": 38,"Actual Startup Time": 0.189,"Actual Total Time": 67.462,"Actual Rows": 2141,"Actual Loops": 3,"Inner Unique": false,"Workers": [],"Plans": [{"Node Type": "Seq Scan","Parent Relationship": "Outer","Parallel Aware": true,"Async Capable": false,"Relation Name": "customer","Alias": "customer","Startup Cost": 0.00,"Total Cost": 5225.62,"Plan Rows": 729,"Plan Width": 26,"Actual Startup Time": 0.043,"Actual Total Time": 44.080,"Actual Rows": 6374,"Actual Loops": 3,"Filter": "((c_acctbal > $1) AND (SUBSTRING(c_phone FROM 1 FOR 2) = ANY ('{20,23,18,27,13,34,29}'::text[])))","Rows Removed by Filter": 43626,"Workers": []},{"Node Type": "Index Only Scan","Parent Relationship": "Inner","Parallel Aware": false,"Async Capable": false,"Scan Direction": "Forward","Index Name": "idx_orders_custkey","Relation Name": "orders","Alias": "orders","Startup Cost": 0.43,"Total Cost": 3.28,"Plan Rows": 17,"Plan Width": 4,"Actual Startup Time": 0.003,"Actual Total Time": 0.003,"Actual Rows": 1,"Actual Loops": 19122,"Index Cond": "(o_custkey = customer.c_custkey)","Rows Removed by Index Recheck": 0,"Heap Fetches": 0,"Workers": []}]}]}]}]}]},"Planning Time": 3.960,"Triggers": [],"Execution Time": 141.560}]
[{"Plan": {"Node Type": "Aggregate","Strategy": "Sorted","Partial Mode": "Finalize","Parallel Aware": false,"Async Capable": false,"Startup Cost": 12972.06,"Total Cost": 13071.37,"Plan Rows": 744,"Plan Width": 72,"Actual Startup Time": 137.505,"Actual Total Time": 141.345,"Actual Rows": 7,"Actual Loops": 1,"Group Key": ["(SUBSTRING(customer.c_phone FROM 1 FOR 2))"],"Plans": [{"Node Type": "Aggregate","Strategy": "Plain","Partial Mode": "Finalize","Parent Relationship": "InitPlan","Subplan Name": "InitPlan 1 (returns $1)","Parallel Aware": false,"Async Capable": false,"Startup Cost": 6230.83,"Total Cost": 6230.84,"Plan Rows": 1,"Plan Width": 32,"Actual Startup Time": 60.235,"Actual Total Time": 60.428,"Actual Rows": 1,"Actual Loops": 1,"Plans": [{"Node Type": "Gather","Parent Relationship": "Outer","Parallel Aware": false,"Async Capable": false,"Startup Cost": 6230.61,"Total Cost": 6230.82,"Plan Rows": 2,"Plan Width": 32,"Actual Startup Time": 60.186,"Actual Total Time": 60.407,"Actual Rows": 3,"Actual Loops": 1,"Workers Planned": 2,"Workers Launched": 2,"Single Copy": false,"Plans": [{"Node Type": "Aggregate","Strategy": "Plain","Partial Mode": "Partial","Parent Relationship": "Outer","Parallel Aware": false,"Async Capable": false,"Startup Cost": 5230.61,"Total Cost": 5230.62,"Plan Rows": 1,"Plan Width": 32,"Actual Startup Time": 53.938,"Actual Total Time": 53.940,"Actual Rows": 1,"Actual Loops": 3,"Workers": [],"Plans": [{"Node Type": "Seq Scan","Parent Relationship": "Outer","Parallel Aware": true,"Async Capable": false,"Relation Name": "customer","Alias": "customer_1","Startup Cost": 0.00,"Total Cost": 5225.62,"Plan Rows": 1994,"Plan Width": 6,"Actual Startup Time": 0.051,"Actual Total Time": 52.851,"Actual Rows": 12704,"Actual Loops": 3,"Filter": "((c_acctbal > 0.00) AND (SUBSTRING(c_phone FROM 1 FOR 2) = ANY ('{18,22,30,24,32,14,25}'::text[])))","Rows Removed by Filter": 37296,"Workers": []}]}]}]},{"Node Type": "Gather Merge","Parent Relationship": "Outer","Parallel Aware": false,"Async Capable": false,"Startup Cost": 6741.22,"Total Cost": 6821.30,"Plan Rows": 620,"Plan Width": 72,"Actual Startup Time": 137.380,"Actual Total Time": 141.099,"Actual Rows": 21,"Actual Loops": 1,"Workers Planned": 2,"Params Evaluated": ["$1"],"Workers Launched": 2,"Plans": [{"Node Type": "Aggregate","Strategy": "Sorted","Partial Mode": "Partial","Parent Relationship": "Outer","Parallel Aware": false,"Async Capable": false,"Startup Cost": 5741.19,"Total Cost": 5749.72,"Plan Rows": 310,"Plan Width": 72,"Actual Startup Time": 70.589,"Actual Total Time": 70.890,"Actual Rows": 7,"Actual Loops": 3,"Group Key": ["(SUBSTRING(customer.c_phone FROM 1 FOR 2))"],"Workers": [],"Plans": [{"Node Type": "Sort","Parent Relationship": "Outer","Parallel Aware": false,"Async Capable": false,"Startup Cost": 5741.19,"Total Cost": 5741.97,"Plan Rows": 310,"Plan Width": 38,"Actual Startup Time": 70.517,"Actual Total Time": 70.602,"Actual Rows": 2141,"Actual Loops": 3,"Sort Key": ["(SUBSTRING(customer.c_phone FROM 1 FOR 2))"],"Sort Method": "quicksort","Sort Space Used": 237,"Sort Space Type": "Memory","Workers": [{"Worker Number": 0,"Sort Method": "quicksort","Sort Space Used": 152,"Sort Space Type": "Memory"},{"Worker Number": 1,"Sort Method": "quicksort","Sort Space Used": 155,"Sort Space Type": "Memory"}],"Plans": [{"Node Type": "Nested Loop","Parent Relationship": "Outer","Parallel Aware": false,"Async Capable": false,"Join Type": "Anti","Startup Cost": 0.43,"Total Cost": 5728.36,"Plan Rows": 310,"Plan Width": 38,"Actual Startup Time": 0.155,"Actual Total Time": 69.720,"Actual Rows": 2141,"Actual Loops": 3,"Inner Unique": false,"Workers": [],"Plans": [{"Node Type": "Seq Scan","Parent Relationship": "Outer","Parallel Aware": true,"Async Capable": false,"Relation Name": "customer","Alias": "customer","Startup Cost": 0.00,"Total Cost": 5225.62,"Plan Rows": 729,"Plan Width": 26,"Actual Startup Time": 0.045,"Actual Total Time": 45.816,"Actual Rows": 6359,"Actual Loops": 3,"Filter": "((c_acctbal > $1) AND (SUBSTRING(c_phone FROM 1 FOR 2) = ANY ('{18,22,30,24,32,14,25}'::text[])))","Rows Removed by Filter": 43641,"Workers": []},{"Node Type": "Index Only Scan","Parent Relationship": "Inner","Parallel Aware": false,"Async Capable": false,"Scan Direction": "Forward","Index Name": "idx_orders_custkey","Relation Name": "orders","Alias": "orders","Startup Cost": 0.43,"Total Cost": 3.28,"Plan Rows": 17,"Plan Width": 4,"Actual Startup Time": 0.003,"Actual Total Time": 0.003,"Actual Rows": 1,"Actual Loops": 19076,"Index Cond": "(o_custkey = customer.c_custkey)","Rows Removed by Index Recheck": 0,"Heap Fetches": 0,"Workers": []}]}]}]}]}]},"Planning Time": 4.519,"Triggers": [],"Execution Time": 141.626}]
[{"Plan": {"Node Type": "Aggregate","Strategy": "Sorted","Partial Mode": "Finalize","Parallel Aware": false,"Async Capable": false,"Startup Cost": 12972.06,"Total Cost": 13071.37,"Plan Rows": 744,"Plan Width": 72,"Actual Startup Time": 141.527,"Actual Total Time": 144.929,"Actual Rows": 7,"Actual Loops": 1,"Group Key": ["(SUBSTRING(customer.c_phone FROM 1 FOR 2))"],"Plans": [{"Node Type": "Aggregate","Strategy": "Plain","Partial Mode": "Finalize","Parent Relationship": "InitPlan","Subplan Name": "InitPlan 1 (returns $1)","Parallel Aware": false,"Async Capable": false,"Startup Cost": 6230.83,"Total Cost": 6230.84,"Plan Rows": 1,"Plan Width": 32,"Actual Startup Time": 62.161,"Actual Total Time": 62.356,"Actual Rows": 1,"Actual Loops": 1,"Plans": [{"Node Type": "Gather","Parent Relationship": "Outer","Parallel Aware": false,"Async Capable": false,"Startup Cost": 6230.61,"Total Cost": 6230.82,"Plan Rows": 2,"Plan Width": 32,"Actual Startup Time": 62.057,"Actual Total Time": 62.341,"Actual Rows": 3,"Actual Loops": 1,"Workers Planned": 2,"Workers Launched": 2,"Single Copy": false,"Plans": [{"Node Type": "Aggregate","Strategy": "Plain","Partial Mode": "Partial","Parent Relationship": "Outer","Parallel Aware": false,"Async Capable": false,"Startup Cost": 5230.61,"Total Cost": 5230.62,"Plan Rows": 1,"Plan Width": 32,"Actual Startup Time": 56.237,"Actual Total Time": 56.238,"Actual Rows": 1,"Actual Loops": 3,"Workers": [],"Plans": [{"Node Type": "Seq Scan","Parent Relationship": "Outer","Parallel Aware": true,"Async Capable": false,"Relation Name": "customer","Alias": "customer_1","Startup Cost": 0.00,"Total Cost": 5225.62,"Plan Rows": 1994,"Plan Width": 6,"Actual Startup Time": 0.057,"Actual Total Time": 55.161,"Actual Rows": 12643,"Actual Loops": 3,"Filter": "((c_acctbal > 0.00) AND (SUBSTRING(c_phone FROM 1 FOR 2) = ANY ('{11,30,20,15,21,24,34}'::text[])))","Rows Removed by Filter": 37357,"Workers": []}]}]}]},{"Node Type": "Gather Merge","Parent Relationship": "Outer","Parallel Aware": false,"Async Capable": false,"Startup Cost": 6741.22,"Total Cost": 6821.30,"Plan Rows": 620,"Plan Width": 72,"Actual Startup Time": 141.403,"Actual Total Time": 144.678,"Actual Rows": 21,"Actual Loops": 1,"Workers Planned": 2,"Params Evaluated": ["$1"],"Workers Launched": 2,"Plans": [{"Node Type": "Aggregate","Strategy": "Sorted","Partial Mode": "Partial","Parent Relationship": "Outer","Parallel Aware": false,"Async Capable": false,"Startup Cost": 5741.19,"Total Cost": 5749.72,"Plan Rows": 310,"Plan Width": 72,"Actual Startup Time": 72.435,"Actual Total Time": 72.730,"Actual Rows": 7,"Actual Loops": 3,"Group Key": ["(SUBSTRING(customer.c_phone FROM 1 FOR 2))"],"Workers": [],"Plans": [{"Node Type": "Sort","Parent Relationship": "Outer","Parallel Aware": false,"Async Capable": false,"Startup Cost": 5741.19,"Total Cost": 5741.97,"Plan Rows": 310,"Plan Width": 38,"Actual Startup Time": 72.367,"Actual Total Time": 72.444,"Actual Rows": 2142,"Actual Loops": 3,"Sort Key": ["(SUBSTRING(customer.c_phone FROM 1 FOR 2))"],"Sort Method": "quicksort","Sort Space Used": 234,"Sort Space Type": "Memory","Workers": [{"Worker Number": 0,"Sort Method": "quicksort","Sort Space Used": 158,"Sort Space Type": "Memory"},{"Worker Number": 1,"Sort Method": "quicksort","Sort Space Used": 153,"Sort Space Type": "Memory"}],"Plans": [{"Node Type": "Nested Loop","Parent Relationship": "Outer","Parallel Aware": false,"Async Capable": false,"Join Type": "Anti","Startup Cost": 0.43,"Total Cost": 5728.36,"Plan Rows": 310,"Plan Width": 38,"Actual Startup Time": 0.164,"Actual Total Time": 71.560,"Actual Rows": 2142,"Actual Loops": 3,"Inner Unique": false,"Workers": [],"Plans": [{"Node Type": "Seq Scan","Parent Relationship": "Outer","Parallel Aware": true,"Async Capable": false,"Relation Name": "customer","Alias": "customer","Startup Cost": 0.00,"Total Cost": 5225.62,"Plan Rows": 729,"Plan Width": 26,"Actual Startup Time": 0.036,"Actual Total Time": 47.376,"Actual Rows": 6327,"Actual Loops": 3,"Filter": "((c_acctbal > $1) AND (SUBSTRING(c_phone FROM 1 FOR 2) = ANY ('{11,30,20,15,21,24,34}'::text[])))","Rows Removed by Filter": 43673,"Workers": []},{"Node Type": "Index Only Scan","Parent Relationship": "Inner","Parallel Aware": false,"Async Capable": false,"Scan Direction": "Forward","Index Name": "idx_orders_custkey","Relation Name": "orders","Alias": "orders","Startup Cost": 0.43,"Total Cost": 3.28,"Plan Rows": 17,"Plan Width": 4,"Actual Startup Time": 0.003,"Actual Total Time": 0.003,"Actual Rows": 1,"Actual Loops": 18982,"Index Cond": "(o_custkey = customer.c_custkey)","Rows Removed by Index Recheck": 0,"Heap Fetches": 0,"Workers": []}]}]}]}]}]},"Planning Time": 4.331,"Triggers": [],"Execution Time": 145.248}]
[{"Plan": {"Node Type": "Aggregate","Strategy": "Sorted","Partial Mode": "Finalize","Parallel Aware": false,"Async Capable": false,"Startup Cost": 12972.06,"Total Cost": 13071.37,"Plan Rows": 744,"Plan Width": 72,"Actual Startup Time": 132.232,"Actual Total Time": 136.650,"Actual Rows": 7,"Actual Loops": 1,"Group Key": ["(SUBSTRING(customer.c_phone FROM 1 FOR 2))"],"Plans": [{"Node Type": "Aggregate","Strategy": "Plain","Partial Mode": "Finalize","Parent Relationship": "InitPlan","Subplan Name": "InitPlan 1 (returns $1)","Parallel Aware": false,"Async Capable": false,"Startup Cost": 6230.83,"Total Cost": 6230.84,"Plan Rows": 1,"Plan Width": 32,"Actual Startup Time": 60.896,"Actual Total Time": 61.098,"Actual Rows": 1,"Actual Loops": 1,"Plans": [{"Node Type": "Gather","Parent Relationship": "Outer","Parallel Aware": false,"Async Capable": false,"Startup Cost": 6230.61,"Total Cost": 6230.82,"Plan Rows": 2,"Plan Width": 32,"Actual Startup Time": 60.793,"Actual Total Time": 61.080,"Actual Rows": 3,"Actual Loops": 1,"Workers Planned": 2,"Workers Launched": 2,"Single Copy": false,"Plans": [{"Node Type": "Aggregate","Strategy": "Plain","Partial Mode": "Partial","Parent Relationship": "Outer","Parallel Aware": false,"Async Capable": false,"Startup Cost": 5230.61,"Total Cost": 5230.62,"Plan Rows": 1,"Plan Width": 32,"Actual Startup Time": 54.818,"Actual Total Time": 54.820,"Actual Rows": 1,"Actual Loops": 3,"Workers": [],"Plans": [{"Node Type": "Seq Scan","Parent Relationship": "Outer","Parallel Aware": true,"Async Capable": false,"Relation Name": "customer","Alias": "customer_1","Startup Cost": 0.00,"Total Cost": 5225.62,"Plan Rows": 1994,"Plan Width": 6,"Actual Startup Time": 0.070,"Actual Total Time": 53.701,"Actual Rows": 12738,"Actual Loops": 3,"Filter": "((c_acctbal > 0.00) AND (SUBSTRING(c_phone FROM 1 FOR 2) = ANY ('{12,22,15,21,24,23,29}'::text[])))","Rows Removed by Filter": 37262,"Workers": []}]}]}]},{"Node Type": "Gather Merge","Parent Relationship": "Outer","Parallel Aware": false,"Async Capable": false,"Startup Cost": 6741.22,"Total Cost": 6821.30,"Plan Rows": 620,"Plan Width": 72,"Actual Startup Time": 132.102,"Actual Total Time": 136.357,"Actual Rows": 21,"Actual Loops": 1,"Workers Planned": 2,"Params Evaluated": ["$1"],"Workers Launched": 2,"Plans": [{"Node Type": "Aggregate","Strategy": "Sorted","Partial Mode": "Partial","Parent Relationship": "Outer","Parallel Aware": false,"Async Capable": false,"Startup Cost": 5741.19,"Total Cost": 5749.72,"Plan Rows": 310,"Plan Width": 72,"Actual Startup Time": 64.114,"Actual Total Time": 64.413,"Actual Rows": 7,"Actual Loops": 3,"Group Key": ["(SUBSTRING(customer.c_phone FROM 1 FOR 2))"],"Workers": [],"Plans": [{"Node Type": "Sort","Parent Relationship": "Outer","Parallel Aware": false,"Async Capable": false,"Startup Cost": 5741.19,"Total Cost": 5741.97,"Plan Rows": 310,"Plan Width": 38,"Actual Startup Time": 64.034,"Actual Total Time": 64.115,"Actual Rows": 2124,"Actual Loops": 3,"Sort Key": ["(SUBSTRING(customer.c_phone FROM 1 FOR 2))"],"Sort Method": "quicksort","Sort Space Used": 234,"Sort Space Type": "Memory","Workers": [{"Worker Number": 0,"Sort Method": "quicksort","Sort Space Used": 155,"Sort Space Type": "Memory"},{"Worker Number": 1,"Sort Method": "quicksort","Sort Space Used": 153,"Sort Space Type": "Memory"}],"Plans": [{"Node Type": "Nested Loop","Parent Relationship": "Outer","Parallel Aware": false,"Async Capable": false,"Join Type": "Anti","Startup Cost": 0.43,"Total Cost": 5728.36,"Plan Rows": 310,"Plan Width": 38,"Actual Startup Time": 0.194,"Actual Total Time": 63.187,"Actual Rows": 2124,"Actual Loops": 3,"Inner Unique": false,"Workers": [],"Plans": [{"Node Type": "Seq Scan","Parent Relationship": "Outer","Parallel Aware": true,"Async Capable": false,"Relation Name": "customer","Alias": "customer","Startup Cost": 0.00,"Total Cost": 5225.62,"Plan Rows": 729,"Plan Width": 26,"Actual Startup Time": 0.041,"Actual Total Time": 41.636,"Actual Rows": 6366,"Actual Loops": 3,"Filter": "((c_acctbal > $1) AND (SUBSTRING(c_phone FROM 1 FOR 2) = ANY ('{12,22,15,21,24,23,29}'::text[])))","Rows Removed by Filter": 43634,"Workers": []},{"Node Type": "Index Only Scan","Parent Relationship": "Inner","Parallel Aware": false,"Async Capable": false,"Scan Direction": "Forward","Index Name": "idx_orders_custkey","Relation Name": "orders","Alias": "orders","Startup Cost": 0.43,"Total Cost": 3.28,"Plan Rows": 17,"Plan Width": 4,"Actual Startup Time": 0.003,"Actual Total Time": 0.003,"Actual Rows": 1,"Actual Loops": 19099,"Index Cond": "(o_custkey = customer.c_custkey)","Rows Removed by Index Recheck": 0,"Heap Fetches": 0,"Workers": []}]}]}]}]}]},"Planning Time": 3.505,"Triggers": [],"Execution Time": 136.976}]
[{"Plan": {"Node Type": "Aggregate","Strategy": "Sorted","Partial Mode": "Finalize","Parallel Aware": false,"Async Capable": false,"Startup Cost": 12972.06,"Total Cost": 13071.37,"Plan Rows": 744,"Plan Width": 72,"Actual Startup Time": 137.948,"Actual Total Time": 141.402,"Actual Rows": 7,"Actual Loops": 1,"Group Key": ["(SUBSTRING(customer.c_phone FROM 1 FOR 2))"],"Plans": [{"Node Type": "Aggregate","Strategy": "Plain","Partial Mode": "Finalize","Parent Relationship": "InitPlan","Subplan Name": "InitPlan 1 (returns $1)","Parallel Aware": false,"Async Capable": false,"Startup Cost": 6230.83,"Total Cost": 6230.84,"Plan Rows": 1,"Plan Width": 32,"Actual Startup Time": 59.949,"Actual Total Time": 60.143,"Actual Rows": 1,"Actual Loops": 1,"Plans": [{"Node Type": "Gather","Parent Relationship": "Outer","Parallel Aware": false,"Async Capable": false,"Startup Cost": 6230.61,"Total Cost": 6230.82,"Plan Rows": 2,"Plan Width": 32,"Actual Startup Time": 59.861,"Actual Total Time": 60.128,"Actual Rows": 3,"Actual Loops": 1,"Workers Planned": 2,"Workers Launched": 2,"Single Copy": false,"Plans": [{"Node Type": "Aggregate","Strategy": "Plain","Partial Mode": "Partial","Parent Relationship": "Outer","Parallel Aware": false,"Async Capable": false,"Startup Cost": 5230.61,"Total Cost": 5230.62,"Plan Rows": 1,"Plan Width": 32,"Actual Startup Time": 53.572,"Actual Total Time": 53.573,"Actual Rows": 1,"Actual Loops": 3,"Workers": [],"Plans": [{"Node Type": "Seq Scan","Parent Relationship": "Outer","Parallel Aware": true,"Async Capable": false,"Relation Name": "customer","Alias": "customer_1","Startup Cost": 0.00,"Total Cost": 5225.62,"Plan Rows": 1994,"Plan Width": 6,"Actual Startup Time": 0.062,"Actual Total Time": 52.531,"Actual Rows": 12640,"Actual Loops": 3,"Filter": "((c_acctbal > 0.00) AND (SUBSTRING(c_phone FROM 1 FOR 2) = ANY ('{21,17,15,14,28,23,30}'::text[])))","Rows Removed by Filter": 37360,"Workers": []}]}]}]},{"Node Type": "Gather Merge","Parent Relationship": "Outer","Parallel Aware": false,"Async Capable": false,"Startup Cost": 6741.22,"Total Cost": 6821.30,"Plan Rows": 620,"Plan Width": 72,"Actual Startup Time": 137.831,"Actual Total Time": 141.144,"Actual Rows": 21,"Actual Loops": 1,"Workers Planned": 2,"Params Evaluated": ["$1"],"Workers Launched": 2,"Plans": [{"Node Type": "Aggregate","Strategy": "Sorted","Partial Mode": "Partial","Parent Relationship": "Outer","Parallel Aware": false,"Async Capable": false,"Startup Cost": 5741.19,"Total Cost": 5749.72,"Plan Rows": 310,"Plan Width": 72,"Actual Startup Time": 71.123,"Actual Total Time": 71.421,"Actual Rows": 7,"Actual Loops": 3,"Group Key": ["(SUBSTRING(customer.c_phone FROM 1 FOR 2))"],"Workers": [],"Plans": [{"Node Type": "Sort","Parent Relationship": "Outer","Parallel Aware": false,"Async Capable": false,"Startup Cost": 5741.19,"Total Cost": 5741.97,"Plan Rows": 310,"Plan Width": 38,"Actual Startup Time": 71.054,"Actual Total Time": 71.134,"Actual Rows": 2132,"Actual Loops": 3,"Sort Key": ["(SUBSTRING(customer.c_phone FROM 1 FOR 2))"],"Sort Method": "quicksort","Sort Space Used": 229,"Sort Space Type": "Memory","Workers": [{"Worker Number": 0,"Sort Method": "quicksort","Sort Space Used": 156,"Sort Space Type": "Memory"},{"Worker Number": 1,"Sort Method": "quicksort","Sort Space Used": 158,"Sort Space Type": "Memory"}],"Plans": [{"Node Type": "Nested Loop","Parent Relationship": "Outer","Parallel Aware": false,"Async Capable": false,"Join Type": "Anti","Startup Cost": 0.43,"Total Cost": 5728.36,"Plan Rows": 310,"Plan Width": 38,"Actual Startup Time": 0.149,"Actual Total Time": 70.298,"Actual Rows": 2132,"Actual Loops": 3,"Inner Unique": false,"Workers": [],"Plans": [{"Node Type": "Seq Scan","Parent Relationship": "Outer","Parallel Aware": true,"Async Capable": false,"Relation Name": "customer","Alias": "customer","Startup Cost": 0.00,"Total Cost": 5225.62,"Plan Rows": 729,"Plan Width": 26,"Actual Startup Time": 0.036,"Actual Total Time": 46.164,"Actual Rows": 6299,"Actual Loops": 3,"Filter": "((c_acctbal > $1) AND (SUBSTRING(c_phone FROM 1 FOR 2) = ANY ('{21,17,15,14,28,23,30}'::text[])))","Rows Removed by Filter": 43701,"Workers": []},{"Node Type": "Index Only Scan","Parent Relationship": "Inner","Parallel Aware": false,"Async Capable": false,"Scan Direction": "Forward","Index Name": "idx_orders_custkey","Relation Name": "orders","Alias": "orders","Startup Cost": 0.43,"Total Cost": 3.28,"Plan Rows": 17,"Plan Width": 4,"Actual Startup Time": 0.003,"Actual Total Time": 0.003,"Actual Rows": 1,"Actual Loops": 18896,"Index Cond": "(o_custkey = customer.c_custkey)","Rows Removed by Index Recheck": 0,"Heap Fetches": 0,"Workers": []}]}]}]}]}]},"Planning Time": 4.119,"Triggers": [],"Execution Time": 141.781}]
[{"Plan": {"Node Type": "Aggregate","Strategy": "Sorted","Partial Mode": "Finalize","Parallel Aware": false,"Async Capable": false,"Startup Cost": 12972.06,"Total Cost": 13071.37,"Plan Rows": 744,"Plan Width": 72,"Actual Startup Time": 129.937,"Actual Total Time": 134.397,"Actual Rows": 7,"Actual Loops": 1,"Group Key": ["(SUBSTRING(customer.c_phone FROM 1 FOR 2))"],"Plans": [{"Node Type": "Aggregate","Strategy": "Plain","Partial Mode": "Finalize","Parent Relationship": "InitPlan","Subplan Name": "InitPlan 1 (returns $1)","Parallel Aware": false,"Async Capable": false,"Startup Cost": 6230.83,"Total Cost": 6230.84,"Plan Rows": 1,"Plan Width": 32,"Actual Startup Time": 59.111,"Actual Total Time": 59.326,"Actual Rows": 1,"Actual Loops": 1,"Plans": [{"Node Type": "Gather","Parent Relationship": "Outer","Parallel Aware": false,"Async Capable": false,"Startup Cost": 6230.61,"Total Cost": 6230.82,"Plan Rows": 2,"Plan Width": 32,"Actual Startup Time": 58.998,"Actual Total Time": 59.304,"Actual Rows": 3,"Actual Loops": 1,"Workers Planned": 2,"Workers Launched": 2,"Single Copy": false,"Plans": [{"Node Type": "Aggregate","Strategy": "Plain","Partial Mode": "Partial","Parent Relationship": "Outer","Parallel Aware": false,"Async Capable": false,"Startup Cost": 5230.61,"Total Cost": 5230.62,"Plan Rows": 1,"Plan Width": 32,"Actual Startup Time": 53.374,"Actual Total Time": 53.376,"Actual Rows": 1,"Actual Loops": 3,"Workers": [],"Plans": [{"Node Type": "Seq Scan","Parent Relationship": "Outer","Parallel Aware": true,"Async Capable": false,"Relation Name": "customer","Alias": "customer_1","Startup Cost": 0.00,"Total Cost": 5225.62,"Plan Rows": 1994,"Plan Width": 6,"Actual Startup Time": 0.050,"Actual Total Time": 52.275,"Actual Rows": 12717,"Actual Loops": 3,"Filter": "((c_acctbal > 0.00) AND (SUBSTRING(c_phone FROM 1 FOR 2) = ANY ('{12,21,22,29,23,17,34}'::text[])))","Rows Removed by Filter": 37283,"Workers": []}]}]}]},{"Node Type": "Gather Merge","Parent Relationship": "Outer","Parallel Aware": false,"Async Capable": false,"Startup Cost": 6741.22,"Total Cost": 6821.30,"Plan Rows": 620,"Plan Width": 72,"Actual Startup Time": 129.847,"Actual Total Time": 134.142,"Actual Rows": 21,"Actual Loops": 1,"Workers Planned": 2,"Params Evaluated": ["$1"],"Workers Launched": 2,"Plans": [{"Node Type": "Aggregate","Strategy": "Sorted","Partial Mode": "Partial","Parent Relationship": "Outer","Parallel Aware": false,"Async Capable": false,"Startup Cost": 5741.19,"Total Cost": 5749.72,"Plan Rows": 310,"Plan Width": 72,"Actual Startup Time": 63.478,"Actual Total Time": 63.785,"Actual Rows": 7,"Actual Loops": 3,"Group Key": ["(SUBSTRING(customer.c_phone FROM 1 FOR 2))"],"Workers": [],"Plans": [{"Node Type": "Sort","Parent Relationship": "Outer","Parallel Aware": false,"Async Capable": false,"Startup Cost": 5741.19,"Total Cost": 5741.97,"Plan Rows": 310,"Plan Width": 38,"Actual Startup Time": 63.398,"Actual Total Time": 63.484,"Actual Rows": 2121,"Actual Loops": 3,"Sort Key": ["(SUBSTRING(customer.c_phone FROM 1 FOR 2))"],"Sort Method": "quicksort","Sort Space Used": 227,"Sort Space Type": "Memory","Workers": [{"Worker Number": 0,"Sort Method": "quicksort","Sort Space Used": 158,"Sort Space Type": "Memory"},{"Worker Number": 1,"Sort Method": "quicksort","Sort Space Used": 156,"Sort Space Type": "Memory"}],"Plans": [{"Node Type": "Nested Loop","Parent Relationship": "Outer","Parallel Aware": false,"Async Capable": false,"Join Type": "Anti","Startup Cost": 0.43,"Total Cost": 5728.36,"Plan Rows": 310,"Plan Width": 38,"Actual Startup Time": 0.139,"Actual Total Time": 62.540,"Actual Rows": 2121,"Actual Loops": 3,"Inner Unique": false,"Workers": [],"Plans": [{"Node Type": "Seq Scan","Parent Relationship": "Outer","Parallel Aware": true,"Async Capable": false,"Relation Name": "customer","Alias": "customer","Startup Cost": 0.00,"Total Cost": 5225.62,"Plan Rows": 729,"Plan Width": 26,"Actual Startup Time": 0.041,"Actual Total Time": 41.197,"Actual Rows": 6352,"Actual Loops": 3,"Filter": "((c_acctbal > $1) AND (SUBSTRING(c_phone FROM 1 FOR 2) = ANY ('{12,21,22,29,23,17,34}'::text[])))","Rows Removed by Filter": 43648,"Workers": []},{"Node Type": "Index Only Scan","Parent Relationship": "Inner","Parallel Aware": false,"Async Capable": false,"Scan Direction": "Forward","Index Name": "idx_orders_custkey","Relation Name": "orders","Alias": "orders","Startup Cost": 0.43,"Total Cost": 3.28,"Plan Rows": 17,"Plan Width": 4,"Actual Startup Time": 0.003,"Actual Total Time": 0.003,"Actual Rows": 1,"Actual Loops": 19055,"Index Cond": "(o_custkey = customer.c_custkey)","Rows Removed by Index Recheck": 0,"Heap Fetches": 0,"Workers": []}]}]}]}]}]},"Planning Time": 4.918,"Triggers": [],"Execution Time": 134.760}]
[{"Plan": {"Node Type": "Aggregate","Strategy": "Sorted","Partial Mode": "Finalize","Parallel Aware": false,"Async Capable": false,"Startup Cost": 12972.06,"Total Cost": 13071.37,"Plan Rows": 744,"Plan Width": 72,"Actual Startup Time": 138.870,"Actual Total Time": 142.274,"Actual Rows": 7,"Actual Loops": 1,"Group Key": ["(SUBSTRING(customer.c_phone FROM 1 FOR 2))"],"Plans": [{"Node Type": "Aggregate","Strategy": "Plain","Partial Mode": "Finalize","Parent Relationship": "InitPlan","Subplan Name": "InitPlan 1 (returns $1)","Parallel Aware": false,"Async Capable": false,"Startup Cost": 6230.83,"Total Cost": 6230.84,"Plan Rows": 1,"Plan Width": 32,"Actual Startup Time": 61.898,"Actual Total Time": 62.107,"Actual Rows": 1,"Actual Loops": 1,"Plans": [{"Node Type": "Gather","Parent Relationship": "Outer","Parallel Aware": false,"Async Capable": false,"Startup Cost": 6230.61,"Total Cost": 6230.82,"Plan Rows": 2,"Plan Width": 32,"Actual Startup Time": 61.819,"Actual Total Time": 62.093,"Actual Rows": 3,"Actual Loops": 1,"Workers Planned": 2,"Workers Launched": 2,"Single Copy": false,"Plans": [{"Node Type": "Aggregate","Strategy": "Plain","Partial Mode": "Partial","Parent Relationship": "Outer","Parallel Aware": false,"Async Capable": false,"Startup Cost": 5230.61,"Total Cost": 5230.62,"Plan Rows": 1,"Plan Width": 32,"Actual Startup Time": 55.905,"Actual Total Time": 55.906,"Actual Rows": 1,"Actual Loops": 3,"Workers": [],"Plans": [{"Node Type": "Seq Scan","Parent Relationship": "Outer","Parallel Aware": true,"Async Capable": false,"Relation Name": "customer","Alias": "customer_1","Startup Cost": 0.00,"Total Cost": 5225.62,"Plan Rows": 1994,"Plan Width": 6,"Actual Startup Time": 0.050,"Actual Total Time": 54.833,"Actual Rows": 12721,"Actual Loops": 3,"Filter": "((c_acctbal > 0.00) AND (SUBSTRING(c_phone FROM 1 FOR 2) = ANY ('{23,21,22,16,18,10,13}'::text[])))","Rows Removed by Filter": 37279,"Workers": []}]}]}]},{"Node Type": "Gather Merge","Parent Relationship": "Outer","Parallel Aware": false,"Async Capable": false,"Startup Cost": 6741.22,"Total Cost": 6821.30,"Plan Rows": 620,"Plan Width": 72,"Actual Startup Time": 138.627,"Actual Total Time": 141.995,"Actual Rows": 21,"Actual Loops": 1,"Workers Planned": 2,"Params Evaluated": ["$1"],"Workers Launched": 2,"Plans": [{"Node Type": "Aggregate","Strategy": "Sorted","Partial Mode": "Partial","Parent Relationship": "Outer","Parallel Aware": false,"Async Capable": false,"Startup Cost": 5741.19,"Total Cost": 5749.72,"Plan Rows": 310,"Plan Width": 72,"Actual Startup Time": 69.819,"Actual Total Time": 70.215,"Actual Rows": 7,"Actual Loops": 3,"Group Key": ["(SUBSTRING(customer.c_phone FROM 1 FOR 2))"],"Workers": [],"Plans": [{"Node Type": "Sort","Parent Relationship": "Outer","Parallel Aware": false,"Async Capable": false,"Startup Cost": 5741.19,"Total Cost": 5741.97,"Plan Rows": 310,"Plan Width": 38,"Actual Startup Time": 69.753,"Actual Total Time": 69.860,"Actual Rows": 2124,"Actual Loops": 3,"Sort Key": ["(SUBSTRING(customer.c_phone FROM 1 FOR 2))"],"Sort Method": "quicksort","Sort Space Used": 229,"Sort Space Type": "Memory","Workers": [{"Worker Number": 0,"Sort Method": "quicksort","Sort Space Used": 155,"Sort Space Type": "Memory"},{"Worker Number": 1,"Sort Method": "quicksort","Sort Space Used": 158,"Sort Space Type": "Memory"}],"Plans": [{"Node Type": "Nested Loop","Parent Relationship": "Outer","Parallel Aware": false,"Async Capable": false,"Join Type": "Anti","Startup Cost": 0.43,"Total Cost": 5728.36,"Plan Rows": 310,"Plan Width": 38,"Actual Startup Time": 0.210,"Actual Total Time": 68.951,"Actual Rows": 2124,"Actual Loops": 3,"Inner Unique": false,"Workers": [],"Plans": [{"Node Type": "Seq Scan","Parent Relationship": "Outer","Parallel Aware": true,"Async Capable": false,"Relation Name": "customer","Alias": "customer","Startup Cost": 0.00,"Total Cost": 5225.62,"Plan Rows": 729,"Plan Width": 26,"Actual Startup Time": 0.041,"Actual Total Time": 45.252,"Actual Rows": 6333,"Actual Loops": 3,"Filter": "((c_acctbal > $1) AND (SUBSTRING(c_phone FROM 1 FOR 2) = ANY ('{23,21,22,16,18,10,13}'::text[])))","Rows Removed by Filter": 43667,"Workers": []},{"Node Type": "Index Only Scan","Parent Relationship": "Inner","Parallel Aware": false,"Async Capable": false,"Scan Direction": "Forward","Index Name": "idx_orders_custkey","Relation Name": "orders","Alias": "orders","Startup Cost": 0.43,"Total Cost": 3.28,"Plan Rows": 17,"Plan Width": 4,"Actual Startup Time": 0.003,"Actual Total Time": 0.003,"Actual Rows": 1,"Actual Loops": 19000,"Index Cond": "(o_custkey = customer.c_custkey)","Rows Removed by Index Recheck": 0,"Heap Fetches": 0,"Workers": []}]}]}]}]}]},"Planning Time": 3.721,"Triggers": [],"Execution Time": 142.581}]
[{"Plan": {"Node Type": "Aggregate","Strategy": "Sorted","Partial Mode": "Finalize","Parallel Aware": false,"Async Capable": false,"Startup Cost": 12972.06,"Total Cost": 13071.37,"Plan Rows": 744,"Plan Width": 72,"Actual Startup Time": 138.582,"Actual Total Time": 141.834,"Actual Rows": 7,"Actual Loops": 1,"Group Key": ["(SUBSTRING(customer.c_phone FROM 1 FOR 2))"],"Plans": [{"Node Type": "Aggregate","Strategy": "Plain","Partial Mode": "Finalize","Parent Relationship": "InitPlan","Subplan Name": "InitPlan 1 (returns $1)","Parallel Aware": false,"Async Capable": false,"Startup Cost": 6230.83,"Total Cost": 6230.84,"Plan Rows": 1,"Plan Width": 32,"Actual Startup Time": 61.643,"Actual Total Time": 61.814,"Actual Rows": 1,"Actual Loops": 1,"Plans": [{"Node Type": "Gather","Parent Relationship": "Outer","Parallel Aware": false,"Async Capable": false,"Startup Cost": 6230.61,"Total Cost": 6230.82,"Plan Rows": 2,"Plan Width": 32,"Actual Startup Time": 61.558,"Actual Total Time": 61.794,"Actual Rows": 3,"Actual Loops": 1,"Workers Planned": 2,"Workers Launched": 2,"Single Copy": false,"Plans": [{"Node Type": "Aggregate","Strategy": "Plain","Partial Mode": "Partial","Parent Relationship": "Outer","Parallel Aware": false,"Async Capable": false,"Startup Cost": 5230.61,"Total Cost": 5230.62,"Plan Rows": 1,"Plan Width": 32,"Actual Startup Time": 55.520,"Actual Total Time": 55.522,"Actual Rows": 1,"Actual Loops": 3,"Workers": [],"Plans": [{"Node Type": "Seq Scan","Parent Relationship": "Outer","Parallel Aware": true,"Async Capable": false,"Relation Name": "customer","Alias": "customer_1","Startup Cost": 0.00,"Total Cost": 5225.62,"Plan Rows": 1994,"Plan Width": 6,"Actual Startup Time": 0.056,"Actual Total Time": 54.440,"Actual Rows": 12689,"Actual Loops": 3,"Filter": "((c_acctbal > 0.00) AND (SUBSTRING(c_phone FROM 1 FOR 2) = ANY ('{15,33,22,13,21,24,25}'::text[])))","Rows Removed by Filter": 37311,"Workers": []}]}]}]},{"Node Type": "Gather Merge","Parent Relationship": "Outer","Parallel Aware": false,"Async Capable": false,"Startup Cost": 6741.22,"Total Cost": 6821.30,"Plan Rows": 620,"Plan Width": 72,"Actual Startup Time": 138.447,"Actual Total Time": 141.611,"Actual Rows": 21,"Actual Loops": 1,"Workers Planned": 2,"Params Evaluated": ["$1"],"Workers Launched": 2,"Plans": [{"Node Type": "Aggregate","Strategy": "Sorted","Partial Mode": "Partial","Parent Relationship": "Outer","Parallel Aware": false,"Async Capable": false,"Startup Cost": 5741.19,"Total Cost": 5749.72,"Plan Rows": 310,"Plan Width": 72,"Actual Startup Time": 70.403,"Actual Total Time": 70.711,"Actual Rows": 7,"Actual Loops": 3,"Group Key": ["(SUBSTRING(customer.c_phone FROM 1 FOR 2))"],"Workers": [],"Plans": [{"Node Type": "Sort","Parent Relationship": "Outer","Parallel Aware": false,"Async Capable": false,"Startup Cost": 5741.19,"Total Cost": 5741.97,"Plan Rows": 310,"Plan Width": 38,"Actual Startup Time": 70.337,"Actual Total Time": 70.427,"Actual Rows": 2124,"Actual Loops": 3,"Sort Key": ["(SUBSTRING(customer.c_phone FROM 1 FOR 2))"],"Sort Method": "quicksort","Sort Space Used": 233,"Sort Space Type": "Memory","Workers": [{"Worker Number": 0,"Sort Method": "quicksort","Sort Space Used": 210,"Sort Space Type": "Memory"},{"Worker Number": 1,"Sort Method": "quicksort","Sort Space Used": 147,"Sort Space Type": "Memory"}],"Plans": [{"Node Type": "Nested Loop","Parent Relationship": "Outer","Parallel Aware": false,"Async Capable": false,"Join Type": "Anti","Startup Cost": 0.43,"Total Cost": 5728.36,"Plan Rows": 310,"Plan Width": 38,"Actual Startup Time": 0.151,"Actual Total Time": 69.561,"Actual Rows": 2124,"Actual Loops": 3,"Inner Unique": false,"Workers": [],"Plans": [{"Node Type": "Seq Scan","Parent Relationship": "Outer","Parallel Aware": true,"Async Capable": false,"Relation Name": "customer","Alias": "customer","Startup Cost": 0.00,"Total Cost": 5225.62,"Plan Rows": 729,"Plan Width": 26,"Actual Startup Time": 0.040,"Actual Total Time": 45.954,"Actual Rows": 6327,"Actual Loops": 3,"Filter": "((c_acctbal > $1) AND (SUBSTRING(c_phone FROM 1 FOR 2) = ANY ('{15,33,22,13,21,24,25}'::text[])))","Rows Removed by Filter": 43673,"Workers": []},{"Node Type": "Index Only Scan","Parent Relationship": "Inner","Parallel Aware": false,"Async Capable": false,"Scan Direction": "Forward","Index Name": "idx_orders_custkey","Relation Name": "orders","Alias": "orders","Startup Cost": 0.43,"Total Cost": 3.28,"Plan Rows": 17,"Plan Width": 4,"Actual Startup Time": 0.003,"Actual Total Time": 0.003,"Actual Rows": 1,"Actual Loops": 18982,"Index Cond": "(o_custkey = customer.c_custkey)","Rows Removed by Index Recheck": 0,"Heap Fetches": 0,"Workers": []}]}]}]}]}]},"Planning Time": 4.194,"Triggers": [],"Execution Time": 142.232}]
[{"Plan": {"Node Type": "Aggregate","Strategy": "Sorted","Partial Mode": "Finalize","Parallel Aware": false,"Async Capable": false,"Startup Cost": 12972.06,"Total Cost": 13071.37,"Plan Rows": 744,"Plan Width": 72,"Actual Startup Time": 135.360,"Actual Total Time": 139.050,"Actual Rows": 7,"Actual Loops": 1,"Group Key": ["(SUBSTRING(customer.c_phone FROM 1 FOR 2))"],"Plans": [{"Node Type": "Aggregate","Strategy": "Plain","Partial Mode": "Finalize","Parent Relationship": "InitPlan","Subplan Name": "InitPlan 1 (returns $1)","Parallel Aware": false,"Async Capable": false,"Startup Cost": 6230.83,"Total Cost": 6230.84,"Plan Rows": 1,"Plan Width": 32,"Actual Startup Time": 61.068,"Actual Total Time": 61.359,"Actual Rows": 1,"Actual Loops": 1,"Plans": [{"Node Type": "Gather","Parent Relationship": "Outer","Parallel Aware": false,"Async Capable": false,"Startup Cost": 6230.61,"Total Cost": 6230.82,"Plan Rows": 2,"Plan Width": 32,"Actual Startup Time": 60.973,"Actual Total Time": 61.346,"Actual Rows": 3,"Actual Loops": 1,"Workers Planned": 2,"Workers Launched": 2,"Single Copy": false,"Plans": [{"Node Type": "Aggregate","Strategy": "Plain","Partial Mode": "Partial","Parent Relationship": "Outer","Parallel Aware": false,"Async Capable": false,"Startup Cost": 5230.61,"Total Cost": 5230.62,"Plan Rows": 1,"Plan Width": 32,"Actual Startup Time": 54.875,"Actual Total Time": 54.877,"Actual Rows": 1,"Actual Loops": 3,"Workers": [],"Plans": [{"Node Type": "Seq Scan","Parent Relationship": "Outer","Parallel Aware": true,"Async Capable": false,"Relation Name": "customer","Alias": "customer_1","Startup Cost": 0.00,"Total Cost": 5225.62,"Plan Rows": 1994,"Plan Width": 6,"Actual Startup Time": 0.054,"Actual Total Time": 53.825,"Actual Rows": 12773,"Actual Loops": 3,"Filter": "((c_acctbal > 0.00) AND (SUBSTRING(c_phone FROM 1 FOR 2) = ANY ('{16,23,28,12,17,24,32}'::text[])))","Rows Removed by Filter": 37227,"Workers": []}]}]}]},{"Node Type": "Gather Merge","Parent Relationship": "Outer","Parallel Aware": false,"Async Capable": false,"Startup Cost": 6741.22,"Total Cost": 6821.30,"Plan Rows": 620,"Plan Width": 72,"Actual Startup Time": 135.264,"Actual Total Time": 138.710,"Actual Rows": 21,"Actual Loops": 1,"Workers Planned": 2,"Params Evaluated": ["$1"],"Workers Launched": 2,"Plans": [{"Node Type": "Aggregate","Strategy": "Sorted","Partial Mode": "Partial","Parent Relationship": "Outer","Parallel Aware": false,"Async Capable": false,"Startup Cost": 5741.19,"Total Cost": 5749.72,"Plan Rows": 310,"Plan Width": 72,"Actual Startup Time": 67.438,"Actual Total Time": 67.740,"Actual Rows": 7,"Actual Loops": 3,"Group Key": ["(SUBSTRING(customer.c_phone FROM 1 FOR 2))"],"Workers": [],"Plans": [{"Node Type": "Sort","Parent Relationship": "Outer","Parallel Aware": false,"Async Capable": false,"Startup Cost": 5741.19,"Total Cost": 5741.97,"Plan Rows": 310,"Plan Width": 38,"Actual Startup Time": 67.360,"Actual Total Time": 67.441,"Actual Rows": 2095,"Actual Loops": 3,"Sort Key": ["(SUBSTRING(customer.c_phone FROM 1 FOR 2))"],"Sort Method": "quicksort","Sort Space Used": 235,"Sort Space Type": "Memory","Workers": [{"Worker Number": 0,"Sort Method": "quicksort","Sort Space Used": 151,"Sort Space Type": "Memory"},{"Worker Number": 1,"Sort Method": "quicksort","Sort Space Used": 151,"Sort Space Type": "Memory"}],"Plans": [{"Node Type": "Nested Loop","Parent Relationship": "Outer","Parallel Aware": false,"Async Capable": false,"Join Type": "Anti","Startup Cost": 0.43,"Total Cost": 5728.36,"Plan Rows": 310,"Plan Width": 38,"Actual Startup Time": 0.160,"Actual Total Time": 66.563,"Actual Rows": 2095,"Actual Loops": 3,"Inner Unique": false,"Workers": [],"Plans": [{"Node Type": "Seq Scan","Parent Relationship": "Outer","Parallel Aware": true,"Async Capable": false,"Relation Name": "customer","Alias": "customer","Startup Cost": 0.00,"Total Cost": 5225.62,"Plan Rows": 729,"Plan Width": 26,"Actual Startup Time": 0.039,"Actual Total Time": 45.082,"Actual Rows": 6365,"Actual Loops": 3,"Filter": "((c_acctbal > $1) AND (SUBSTRING(c_phone FROM 1 FOR 2) = ANY ('{16,23,28,12,17,24,32}'::text[])))","Rows Removed by Filter": 43635,"Workers": []},{"Node Type": "Index Only Scan","Parent Relationship": "Inner","Parallel Aware": false,"Async Capable": false,"Scan Direction": "Forward","Index Name": "idx_orders_custkey","Relation Name": "orders","Alias": "orders","Startup Cost": 0.43,"Total Cost": 3.28,"Plan Rows": 17,"Plan Width": 4,"Actual Startup Time": 0.003,"Actual Total Time": 0.003,"Actual Rows": 1,"Actual Loops": 19096,"Index Cond": "(o_custkey = customer.c_custkey)","Rows Removed by Index Recheck": 0,"Heap Fetches": 0,"Workers": []}]}]}]}]}]},"Planning Time": 3.521,"Triggers": [],"Execution Time": 139.429}]
[{"Plan": {"Node Type": "Aggregate","Strategy": "Sorted","Partial Mode": "Finalize","Parallel Aware": false,"Async Capable": false,"Startup Cost": 12972.06,"Total Cost": 13071.37,"Plan Rows": 744,"Plan Width": 72,"Actual Startup Time": 134.453,"Actual Total Time": 138.181,"Actual Rows": 7,"Actual Loops": 1,"Group Key": ["(SUBSTRING(customer.c_phone FROM 1 FOR 2))"],"Plans": [{"Node Type": "Aggregate","Strategy": "Plain","Partial Mode": "Finalize","Parent Relationship": "InitPlan","Subplan Name": "InitPlan 1 (returns $1)","Parallel Aware": false,"Async Capable": false,"Startup Cost": 6230.83,"Total Cost": 6230.84,"Plan Rows": 1,"Plan Width": 32,"Actual Startup Time": 59.444,"Actual Total Time": 59.644,"Actual Rows": 1,"Actual Loops": 1,"Plans": [{"Node Type": "Gather","Parent Relationship": "Outer","Parallel Aware": false,"Async Capable": false,"Startup Cost": 6230.61,"Total Cost": 6230.82,"Plan Rows": 2,"Plan Width": 32,"Actual Startup Time": 59.372,"Actual Total Time": 59.631,"Actual Rows": 3,"Actual Loops": 1,"Workers Planned": 2,"Workers Launched": 2,"Single Copy": false,"Plans": [{"Node Type": "Aggregate","Strategy": "Plain","Partial Mode": "Partial","Parent Relationship": "Outer","Parallel Aware": false,"Async Capable": false,"Startup Cost": 5230.61,"Total Cost": 5230.62,"Plan Rows": 1,"Plan Width": 32,"Actual Startup Time": 53.515,"Actual Total Time": 53.517,"Actual Rows": 1,"Actual Loops": 3,"Workers": [],"Plans": [{"Node Type": "Seq Scan","Parent Relationship": "Outer","Parallel Aware": true,"Async Capable": false,"Relation Name": "customer","Alias": "customer_1","Startup Cost": 0.00,"Total Cost": 5225.62,"Plan Rows": 1994,"Plan Width": 6,"Actual Startup Time": 0.055,"Actual Total Time": 52.402,"Actual Rows": 12749,"Actual Loops": 3,"Filter": "((c_acctbal > 0.00) AND (SUBSTRING(c_phone FROM 1 FOR 2) = ANY ('{11,29,15,14,18,23,24}'::text[])))","Rows Removed by Filter": 37251,"Workers": []}]}]}]},{"Node Type": "Gather Merge","Parent Relationship": "Outer","Parallel Aware": false,"Async Capable": false,"Startup Cost": 6741.22,"Total Cost": 6821.30,"Plan Rows": 620,"Plan Width": 72,"Actual Startup Time": 134.310,"Actual Total Time": 137.902,"Actual Rows": 21,"Actual Loops": 1,"Workers Planned": 2,"Params Evaluated": ["$1"],"Workers Launched": 2,"Plans": [{"Node Type": "Aggregate","Strategy": "Sorted","Partial Mode": "Partial","Parent Relationship": "Outer","Parallel Aware": false,"Async Capable": false,"Startup Cost": 5741.19,"Total Cost": 5749.72,"Plan Rows": 310,"Plan Width": 72,"Actual Startup Time": 68.229,"Actual Total Time": 68.526,"Actual Rows": 7,"Actual Loops": 3,"Group Key": ["(SUBSTRING(customer.c_phone FROM 1 FOR 2))"],"Workers": [],"Plans": [{"Node Type": "Sort","Parent Relationship": "Outer","Parallel Aware": false,"Async Capable": false,"Startup Cost": 5741.19,"Total Cost": 5741.97,"Plan Rows": 310,"Plan Width": 38,"Actual Startup Time": 68.164,"Actual Total Time": 68.243,"Actual Rows": 2152,"Actual Loops": 3,"Sort Key": ["(SUBSTRING(customer.c_phone FROM 1 FOR 2))"],"Sort Method": "quicksort","Sort Space Used": 234,"Sort Space Type": "Memory","Workers": [{"Worker Number": 0,"Sort Method": "quicksort","Sort Space Used": 158,"Sort Space Type": "Memory"},{"Worker Number": 1,"Sort Method": "quicksort","Sort Space Used": 154,"Sort Space Type": "Memory"}],"Plans": [{"Node Type": "Nested Loop","Parent Relationship": "Outer","Parallel Aware": false,"Async Capable": false,"Join Type": "Anti","Startup Cost": 0.43,"Total Cost": 5728.36,"Plan Rows": 310,"Plan Width": 38,"Actual Startup Time": 0.185,"Actual Total Time": 67.364,"Actual Rows": 2152,"Actual Loops": 3,"Inner Unique": false,"Workers": [],"Plans": [{"Node Type": "Seq Scan","Parent Relationship": "Outer","Parallel Aware": true,"Async Capable": false,"Relation Name": "customer","Alias": "customer","Startup Cost": 0.00,"Total Cost": 5225.62,"Plan Rows": 729,"Plan Width": 26,"Actual Startup Time": 0.041,"Actual Total Time": 44.462,"Actual Rows": 6380,"Actual Loops": 3,"Filter": "((c_acctbal > $1) AND (SUBSTRING(c_phone FROM 1 FOR 2) = ANY ('{11,29,15,14,18,23,24}'::text[])))","Rows Removed by Filter": 43620,"Workers": []},{"Node Type": "Index Only Scan","Parent Relationship": "Inner","Parallel Aware": false,"Async Capable": false,"Scan Direction": "Forward","Index Name": "idx_orders_custkey","Relation Name": "orders","Alias": "orders","Startup Cost": 0.43,"Total Cost": 3.28,"Plan Rows": 17,"Plan Width": 4,"Actual Startup Time": 0.003,"Actual Total Time": 0.003,"Actual Rows": 1,"Actual Loops": 19140,"Index Cond": "(o_custkey = customer.c_custkey)","Rows Removed by Index Recheck": 0,"Heap Fetches": 0,"Workers": []}]}]}]}]}]},"Planning Time": 3.544,"Triggers": [],"Execution Time": 138.564}]
[{"Plan": {"Node Type": "Aggregate","Strategy": "Sorted","Partial Mode": "Finalize","Parallel Aware": false,"Async Capable": false,"Startup Cost": 12972.06,"Total Cost": 13071.37,"Plan Rows": 744,"Plan Width": 72,"Actual Startup Time": 135.042,"Actual Total Time": 138.747,"Actual Rows": 7,"Actual Loops": 1,"Group Key": ["(SUBSTRING(customer.c_phone FROM 1 FOR 2))"],"Plans": [{"Node Type": "Aggregate","Strategy": "Plain","Partial Mode": "Finalize","Parent Relationship": "InitPlan","Subplan Name": "InitPlan 1 (returns $1)","Parallel Aware": false,"Async Capable": false,"Startup Cost": 6230.83,"Total Cost": 6230.84,"Plan Rows": 1,"Plan Width": 32,"Actual Startup Time": 59.966,"Actual Total Time": 60.192,"Actual Rows": 1,"Actual Loops": 1,"Plans": [{"Node Type": "Gather","Parent Relationship": "Outer","Parallel Aware": false,"Async Capable": false,"Startup Cost": 6230.61,"Total Cost": 6230.82,"Plan Rows": 2,"Plan Width": 32,"Actual Startup Time": 59.870,"Actual Total Time": 60.180,"Actual Rows": 3,"Actual Loops": 1,"Workers Planned": 2,"Workers Launched": 2,"Single Copy": false,"Plans": [{"Node Type": "Aggregate","Strategy": "Plain","Partial Mode": "Partial","Parent Relationship": "Outer","Parallel Aware": false,"Async Capable": false,"Startup Cost": 5230.61,"Total Cost": 5230.62,"Plan Rows": 1,"Plan Width": 32,"Actual Startup Time": 54.136,"Actual Total Time": 54.138,"Actual Rows": 1,"Actual Loops": 3,"Workers": [],"Plans": [{"Node Type": "Seq Scan","Parent Relationship": "Outer","Parallel Aware": true,"Async Capable": false,"Relation Name": "customer","Alias": "customer_1","Startup Cost": 0.00,"Total Cost": 5225.62,"Plan Rows": 1994,"Plan Width": 6,"Actual Startup Time": 0.057,"Actual Total Time": 53.060,"Actual Rows": 12665,"Actual Loops": 3,"Filter": "((c_acctbal > 0.00) AND (SUBSTRING(c_phone FROM 1 FOR 2) = ANY ('{30,10,17,21,32,33,20}'::text[])))","Rows Removed by Filter": 37335,"Workers": []}]}]}]},{"Node Type": "Gather Merge","Parent Relationship": "Outer","Parallel Aware": false,"Async Capable": false,"Startup Cost": 6741.22,"Total Cost": 6821.30,"Plan Rows": 620,"Plan Width": 72,"Actual Startup Time": 134.929,"Actual Total Time": 138.471,"Actual Rows": 21,"Actual Loops": 1,"Workers Planned": 2,"Params Evaluated": ["$1"],"Workers Launched": 2,"Plans": [{"Node Type": "Aggregate","Strategy": "Sorted","Partial Mode": "Partial","Parent Relationship": "Outer","Parallel Aware": false,"Async Capable": false,"Startup Cost": 5741.19,"Total Cost": 5749.72,"Plan Rows": 310,"Plan Width": 72,"Actual Startup Time": 68.484,"Actual Total Time": 68.781,"Actual Rows": 7,"Actual Loops": 3,"Group Key": ["(SUBSTRING(customer.c_phone FROM 1 FOR 2))"],"Workers": [],"Plans": [{"Node Type": "Sort","Parent Relationship": "Outer","Parallel Aware": false,"Async Capable": false,"Startup Cost": 5741.19,"Total Cost": 5741.97,"Plan Rows": 310,"Plan Width": 38,"Actual Startup Time": 68.415,"Actual Total Time": 68.493,"Actual Rows": 2134,"Actual Loops": 3,"Sort Key": ["(SUBSTRING(customer.c_phone FROM 1 FOR 2))"],"Sort Method": "quicksort","Sort Space Used": 239,"Sort Space Type": "Memory","Workers": [{"Worker Number": 0,"Sort Method": "quicksort","Sort Space Used": 154,"Sort Space Type": "Memory"},{"Worker Number": 1,"Sort Method": "quicksort","Sort Space Used": 150,"Sort Space Type": "Memory"}],"Plans": [{"Node Type": "Nested Loop","Parent Relationship": "Outer","Parallel Aware": false,"Async Capable": false,"Join Type": "Anti","Startup Cost": 0.43,"Total Cost": 5728.36,"Plan Rows": 310,"Plan Width": 38,"Actual Startup Time": 0.178,"Actual Total Time": 67.638,"Actual Rows": 2134,"Actual Loops": 3,"Inner Unique": false,"Workers": [],"Plans": [{"Node Type": "Seq Scan","Parent Relationship": "Outer","Parallel Aware": true,"Async Capable": false,"Relation Name": "customer","Alias": "customer","Startup Cost": 0.00,"Total Cost": 5225.62,"Plan Rows": 729,"Plan Width": 26,"Actual Startup Time": 0.041,"Actual Total Time": 44.689,"Actual Rows": 6320,"Actual Loops": 3,"Filter": "((c_acctbal > $1) AND (SUBSTRING(c_phone FROM 1 FOR 2) = ANY ('{30,10,17,21,32,33,20}'::text[])))","Rows Removed by Filter": 43680,"Workers": []},{"Node Type": "Index Only Scan","Parent Relationship": "Inner","Parallel Aware": false,"Async Capable": false,"Scan Direction": "Forward","Index Name": "idx_orders_custkey","Relation Name": "orders","Alias": "orders","Startup Cost": 0.43,"Total Cost": 3.28,"Plan Rows": 17,"Plan Width": 4,"Actual Startup Time": 0.003,"Actual Total Time": 0.003,"Actual Rows": 1,"Actual Loops": 18961,"Index Cond": "(o_custkey = customer.c_custkey)","Rows Removed by Index Recheck": 0,"Heap Fetches": 0,"Workers": []}]}]}]}]}]},"Planning Time": 3.565,"Triggers": [],"Execution Time": 139.113}]
[{"Plan": {"Node Type": "Aggregate","Strategy": "Sorted","Partial Mode": "Finalize","Parallel Aware": false,"Async Capable": false,"Startup Cost": 12972.06,"Total Cost": 13071.37,"Plan Rows": 744,"Plan Width": 72,"Actual Startup Time": 137.016,"Actual Total Time": 140.338,"Actual Rows": 7,"Actual Loops": 1,"Group Key": ["(SUBSTRING(customer.c_phone FROM 1 FOR 2))"],"Plans": [{"Node Type": "Aggregate","Strategy": "Plain","Partial Mode": "Finalize","Parent Relationship": "InitPlan","Subplan Name": "InitPlan 1 (returns $1)","Parallel Aware": false,"Async Capable": false,"Startup Cost": 6230.83,"Total Cost": 6230.84,"Plan Rows": 1,"Plan Width": 32,"Actual Startup Time": 59.160,"Actual Total Time": 59.342,"Actual Rows": 1,"Actual Loops": 1,"Plans": [{"Node Type": "Gather","Parent Relationship": "Outer","Parallel Aware": false,"Async Capable": false,"Startup Cost": 6230.61,"Total Cost": 6230.82,"Plan Rows": 2,"Plan Width": 32,"Actual Startup Time": 59.082,"Actual Total Time": 59.329,"Actual Rows": 3,"Actual Loops": 1,"Workers Planned": 2,"Workers Launched": 2,"Single Copy": false,"Plans": [{"Node Type": "Aggregate","Strategy": "Plain","Partial Mode": "Partial","Parent Relationship": "Outer","Parallel Aware": false,"Async Capable": false,"Startup Cost": 5230.61,"Total Cost": 5230.62,"Plan Rows": 1,"Plan Width": 32,"Actual Startup Time": 52.973,"Actual Total Time": 52.975,"Actual Rows": 1,"Actual Loops": 3,"Workers": [],"Plans": [{"Node Type": "Seq Scan","Parent Relationship": "Outer","Parallel Aware": true,"Async Capable": false,"Relation Name": "customer","Alias": "customer_1","Startup Cost": 0.00,"Total Cost": 5225.62,"Plan Rows": 1994,"Plan Width": 6,"Actual Startup Time": 0.059,"Actual Total Time": 51.890,"Actual Rows": 12745,"Actual Loops": 3,"Filter": "((c_acctbal > 0.00) AND (SUBSTRING(c_phone FROM 1 FOR 2) = ANY ('{31,23,18,28,24,16,17}'::text[])))","Rows Removed by Filter": 37255,"Workers": []}]}]}]},{"Node Type": "Gather Merge","Parent Relationship": "Outer","Parallel Aware": false,"Async Capable": false,"Startup Cost": 6741.22,"Total Cost": 6821.30,"Plan Rows": 620,"Plan Width": 72,"Actual Startup Time": 136.895,"Actual Total Time": 140.097,"Actual Rows": 21,"Actual Loops": 1,"Workers Planned": 2,"Params Evaluated": ["$1"],"Workers Launched": 2,"Plans": [{"Node Type": "Aggregate","Strategy": "Sorted","Partial Mode": "Partial","Parent Relationship": "Outer","Parallel Aware": false,"Async Capable": false,"Startup Cost": 5741.19,"Total Cost": 5749.72,"Plan Rows": 310,"Plan Width": 72,"Actual Startup Time": 70.963,"Actual Total Time": 71.266,"Actual Rows": 7,"Actual Loops": 3,"Group Key": ["(SUBSTRING(customer.c_phone FROM 1 FOR 2))"],"Workers": [],"Plans": [{"Node Type": "Sort","Parent Relationship": "Outer","Parallel Aware": false,"Async Capable": false,"Startup Cost": 5741.19,"Total Cost": 5741.97,"Plan Rows": 310,"Plan Width": 38,"Actual Startup Time": 70.889,"Actual Total Time": 70.969,"Actual Rows": 2124,"Actual Loops": 3,"Sort Key": ["(SUBSTRING(customer.c_phone FROM 1 FOR 2))"],"Sort Method": "quicksort","Sort Space Used": 237,"Sort Space Type": "Memory","Workers": [{"Worker Number": 0,"Sort Method": "quicksort","Sort Space Used": 151,"Sort Space Type": "Memory"},{"Worker Number": 1,"Sort Method": "quicksort","Sort Space Used": 153,"Sort Space Type": "Memory"}],"Plans": [{"Node Type": "Nested Loop","Parent Relationship": "Outer","Parallel Aware": false,"Async Capable": false,"Join Type": "Anti","Startup Cost": 0.43,"Total Cost": 5728.36,"Plan Rows": 310,"Plan Width": 38,"Actual Startup Time": 0.129,"Actual Total Time": 70.064,"Actual Rows": 2124,"Actual Loops": 3,"Inner Unique": false,"Workers": [],"Plans": [{"Node Type": "Seq Scan","Parent Relationship": "Outer","Parallel Aware": true,"Async Capable": false,"Relation Name": "customer","Alias": "customer","Startup Cost": 0.00,"Total Cost": 5225.62,"Plan Rows": 729,"Plan Width": 26,"Actual Startup Time": 0.044,"Actual Total Time": 46.095,"Actual Rows": 6367,"Actual Loops": 3,"Filter": "((c_acctbal > $1) AND (SUBSTRING(c_phone FROM 1 FOR 2) = ANY ('{31,23,18,28,24,16,17}'::text[])))","Rows Removed by Filter": 43633,"Workers": []},{"Node Type": "Index Only Scan","Parent Relationship": "Inner","Parallel Aware": false,"Async Capable": false,"Scan Direction": "Forward","Index Name": "idx_orders_custkey","Relation Name": "orders","Alias": "orders","Startup Cost": 0.43,"Total Cost": 3.28,"Plan Rows": 17,"Plan Width": 4,"Actual Startup Time": 0.003,"Actual Total Time": 0.003,"Actual Rows": 1,"Actual Loops": 19102,"Index Cond": "(o_custkey = customer.c_custkey)","Rows Removed by Index Recheck": 0,"Heap Fetches": 0,"Workers": []}]}]}]}]}]},"Planning Time": 3.754,"Triggers": [],"Execution Time": 140.734}]
[{"Plan": {"Node Type": "Aggregate","Strategy": "Sorted","Partial Mode": "Finalize","Parallel Aware": false,"Async Capable": false,"Startup Cost": 12972.06,"Total Cost": 13071.37,"Plan Rows": 744,"Plan Width": 72,"Actual Startup Time": 138.233,"Actual Total Time": 141.714,"Actual Rows": 7,"Actual Loops": 1,"Group Key": ["(SUBSTRING(customer.c_phone FROM 1 FOR 2))"],"Plans": [{"Node Type": "Aggregate","Strategy": "Plain","Partial Mode": "Finalize","Parent Relationship": "InitPlan","Subplan Name": "InitPlan 1 (returns $1)","Parallel Aware": false,"Async Capable": false,"Startup Cost": 6230.83,"Total Cost": 6230.84,"Plan Rows": 1,"Plan Width": 32,"Actual Startup Time": 60.757,"Actual Total Time": 60.922,"Actual Rows": 1,"Actual Loops": 1,"Plans": [{"Node Type": "Gather","Parent Relationship": "Outer","Parallel Aware": false,"Async Capable": false,"Startup Cost": 6230.61,"Total Cost": 6230.82,"Plan Rows": 2,"Plan Width": 32,"Actual Startup Time": 60.683,"Actual Total Time": 60.905,"Actual Rows": 3,"Actual Loops": 1,"Workers Planned": 2,"Workers Launched": 2,"Single Copy": false,"Plans": [{"Node Type": "Aggregate","Strategy": "Plain","Partial Mode": "Partial","Parent Relationship": "Outer","Parallel Aware": false,"Async Capable": false,"Startup Cost": 5230.61,"Total Cost": 5230.62,"Plan Rows": 1,"Plan Width": 32,"Actual Startup Time": 54.513,"Actual Total Time": 54.516,"Actual Rows": 1,"Actual Loops": 3,"Workers": [],"Plans": [{"Node Type": "Seq Scan","Parent Relationship": "Outer","Parallel Aware": true,"Async Capable": false,"Relation Name": "customer","Alias": "customer_1","Startup Cost": 0.00,"Total Cost": 5225.62,"Plan Rows": 1994,"Plan Width": 6,"Actual Startup Time": 0.063,"Actual Total Time": 53.446,"Actual Rows": 12726,"Actual Loops": 3,"Filter": "((c_acctbal > 0.00) AND (SUBSTRING(c_phone FROM 1 FOR 2) = ANY ('{11,18,15,27,29,33,22}'::text[])))","Rows Removed by Filter": 37274,"Workers": []}]}]}]},{"Node Type": "Gather Merge","Parent Relationship": "Outer","Parallel Aware": false,"Async Capable": false,"Startup Cost": 6741.22,"Total Cost": 6821.30,"Plan Rows": 620,"Plan Width": 72,"Actual Startup Time": 138.099,"Actual Total Time": 141.469,"Actual Rows": 21,"Actual Loops": 1,"Workers Planned": 2,"Params Evaluated": ["$1"],"Workers Launched": 2,"Plans": [{"Node Type": "Aggregate","Strategy": "Sorted","Partial Mode": "Partial","Parent Relationship": "Outer","Parallel Aware": false,"Async Capable": false,"Startup Cost": 5741.19,"Total Cost": 5749.72,"Plan Rows": 310,"Plan Width": 72,"Actual Startup Time": 70.699,"Actual Total Time": 70.996,"Actual Rows": 7,"Actual Loops": 3,"Group Key": ["(SUBSTRING(customer.c_phone FROM 1 FOR 2))"],"Workers": [],"Plans": [{"Node Type": "Sort","Parent Relationship": "Outer","Parallel Aware": false,"Async Capable": false,"Startup Cost": 5741.19,"Total Cost": 5741.97,"Plan Rows": 310,"Plan Width": 38,"Actual Startup Time": 70.628,"Actual Total Time": 70.706,"Actual Rows": 2139,"Actual Loops": 3,"Sort Key": ["(SUBSTRING(customer.c_phone FROM 1 FOR 2))"],"Sort Method": "quicksort","Sort Space Used": 234,"Sort Space Type": "Memory","Workers": [{"Worker Number": 0,"Sort Method": "quicksort","Sort Space Used": 151,"Sort Space Type": "Memory"},{"Worker Number": 1,"Sort Method": "quicksort","Sort Space Used": 160,"Sort Space Type": "Memory"}],"Plans": [{"Node Type": "Nested Loop","Parent Relationship": "Outer","Parallel Aware": false,"Async Capable": false,"Join Type": "Anti","Startup Cost": 0.43,"Total Cost": 5728.36,"Plan Rows": 310,"Plan Width": 38,"Actual Startup Time": 0.157,"Actual Total Time": 69.863,"Actual Rows": 2139,"Actual Loops": 3,"Inner Unique": false,"Workers": [],"Plans": [{"Node Type": "Seq Scan","Parent Relationship": "Outer","Parallel Aware": true,"Async Capable": false,"Relation Name": "customer","Alias": "customer","Startup Cost": 0.00,"Total Cost": 5225.62,"Plan Rows": 729,"Plan Width": 26,"Actual Startup Time": 0.032,"Actual Total Time": 45.766,"Actual Rows": 6354,"Actual Loops": 3,"Filter": "((c_acctbal > $1) AND (SUBSTRING(c_phone FROM 1 FOR 2) = ANY ('{11,18,15,27,29,33,22}'::text[])))","Rows Removed by Filter": 43646,"Workers": []},{"Node Type": "Index Only Scan","Parent Relationship": "Inner","Parallel Aware": false,"Async Capable": false,"Scan Direction": "Forward","Index Name": "idx_orders_custkey","Relation Name": "orders","Alias": "orders","Startup Cost": 0.43,"Total Cost": 3.28,"Plan Rows": 17,"Plan Width": 4,"Actual Startup Time": 0.003,"Actual Total Time": 0.003,"Actual Rows": 1,"Actual Loops": 19062,"Index Cond": "(o_custkey = customer.c_custkey)","Rows Removed by Index Recheck": 0,"Heap Fetches": 0,"Workers": []}]}]}]}]}]},"Planning Time": 3.526,"Triggers": [],"Execution Time": 142.022}]
[{"Plan": {"Node Type": "Aggregate","Strategy": "Sorted","Partial Mode": "Finalize","Parallel Aware": false,"Async Capable": false,"Startup Cost": 12972.06,"Total Cost": 13071.37,"Plan Rows": 744,"Plan Width": 72,"Actual Startup Time": 134.038,"Actual Total Time": 140.015,"Actual Rows": 7,"Actual Loops": 1,"Group Key": ["(SUBSTRING(customer.c_phone FROM 1 FOR 2))"],"Plans": [{"Node Type": "Aggregate","Strategy": "Plain","Partial Mode": "Finalize","Parent Relationship": "InitPlan","Subplan Name": "InitPlan 1 (returns $1)","Parallel Aware": false,"Async Capable": false,"Startup Cost": 6230.83,"Total Cost": 6230.84,"Plan Rows": 1,"Plan Width": 32,"Actual Startup Time": 61.305,"Actual Total Time": 61.569,"Actual Rows": 1,"Actual Loops": 1,"Plans": [{"Node Type": "Gather","Parent Relationship": "Outer","Parallel Aware": false,"Async Capable": false,"Startup Cost": 6230.61,"Total Cost": 6230.82,"Plan Rows": 2,"Plan Width": 32,"Actual Startup Time": 61.226,"Actual Total Time": 61.553,"Actual Rows": 3,"Actual Loops": 1,"Workers Planned": 2,"Workers Launched": 2,"Single Copy": false,"Plans": [{"Node Type": "Aggregate","Strategy": "Plain","Partial Mode": "Partial","Parent Relationship": "Outer","Parallel Aware": false,"Async Capable": false,"Startup Cost": 5230.61,"Total Cost": 5230.62,"Plan Rows": 1,"Plan Width": 32,"Actual Startup Time": 55.147,"Actual Total Time": 55.151,"Actual Rows": 1,"Actual Loops": 3,"Workers": [],"Plans": [{"Node Type": "Seq Scan","Parent Relationship": "Outer","Parallel Aware": true,"Async Capable": false,"Relation Name": "customer","Alias": "customer_1","Startup Cost": 0.00,"Total Cost": 5225.62,"Plan Rows": 1994,"Plan Width": 6,"Actual Startup Time": 0.059,"Actual Total Time": 54.064,"Actual Rows": 12714,"Actual Loops": 3,"Filter": "((c_acctbal > 0.00) AND (SUBSTRING(c_phone FROM 1 FOR 2) = ANY ('{32,34,28,22,17,10,29}'::text[])))","Rows Removed by Filter": 37286,"Workers": []}]}]}]},{"Node Type": "Gather Merge","Parent Relationship": "Outer","Parallel Aware": false,"Async Capable": false,"Startup Cost": 6741.22,"Total Cost": 6821.30,"Plan Rows": 620,"Plan Width": 72,"Actual Startup Time": 133.944,"Actual Total Time": 139.705,"Actual Rows": 21,"Actual Loops": 1,"Workers Planned": 2,"Params Evaluated": ["$1"],"Workers Launched": 2,"Plans": [{"Node Type": "Aggregate","Strategy": "Sorted","Partial Mode": "Partial","Parent Relationship": "Outer","Parallel Aware": false,"Async Capable": false,"Startup Cost": 5741.19,"Total Cost": 5749.72,"Plan Rows": 310,"Plan Width": 72,"Actual Startup Time": 65.647,"Actual Total Time": 65.957,"Actual Rows": 7,"Actual Loops": 3,"Group Key": ["(SUBSTRING(customer.c_phone FROM 1 FOR 2))"],"Workers": [],"Plans": [{"Node Type": "Sort","Parent Relationship": "Outer","Parallel Aware": false,"Async Capable": false,"Startup Cost": 5741.19,"Total Cost": 5741.97,"Plan Rows": 310,"Plan Width": 38,"Actual Startup Time": 65.567,"Actual Total Time": 65.663,"Actual Rows": 2120,"Actual Loops": 3,"Sort Key": ["(SUBSTRING(customer.c_phone FROM 1 FOR 2))"],"Sort Method": "quicksort","Sort Space Used": 236,"Sort Space Type": "Memory","Workers": [{"Worker Number": 0,"Sort Method": "quicksort","Sort Space Used": 152,"Sort Space Type": "Memory"},{"Worker Number": 1,"Sort Method": "quicksort","Sort Space Used": 153,"Sort Space Type": "Memory"}],"Plans": [{"Node Type": "Nested Loop","Parent Relationship": "Outer","Parallel Aware": false,"Async Capable": false,"Join Type": "Anti","Startup Cost": 0.43,"Total Cost": 5728.36,"Plan Rows": 310,"Plan Width": 38,"Actual Startup Time": 0.253,"Actual Total Time": 64.740,"Actual Rows": 2120,"Actual Loops": 3,"Inner Unique": false,"Workers": [],"Plans": [{"Node Type": "Seq Scan","Parent Relationship": "Outer","Parallel Aware": true,"Async Capable": false,"Relation Name": "customer","Alias": "customer","Startup Cost": 0.00,"Total Cost": 5225.62,"Plan Rows": 729,"Plan Width": 26,"Actual Startup Time": 0.046,"Actual Total Time": 43.601,"Actual Rows": 6360,"Actual Loops": 3,"Filter": "((c_acctbal > $1) AND (SUBSTRING(c_phone FROM 1 FOR 2) = ANY ('{32,34,28,22,17,10,29}'::text[])))","Rows Removed by Filter": 43640,"Workers": []},{"Node Type": "Index Only Scan","Parent Relationship": "Inner","Parallel Aware": false,"Async Capable": false,"Scan Direction": "Forward","Index Name": "idx_orders_custkey","Relation Name": "orders","Alias": "orders","Startup Cost": 0.43,"Total Cost": 3.28,"Plan Rows": 17,"Plan Width": 4,"Actual Startup Time": 0.003,"Actual Total Time": 0.003,"Actual Rows": 1,"Actual Loops": 19081,"Index Cond": "(o_custkey = customer.c_custkey)","Rows Removed by Index Recheck": 0,"Heap Fetches": 0,"Workers": []}]}]}]}]}]},"Planning Time": 3.404,"Triggers": [],"Execution Time": 140.421}]
[{"Plan": {"Node Type": "Aggregate","Strategy": "Sorted","Partial Mode": "Finalize","Parallel Aware": false,"Async Capable": false,"Startup Cost": 12972.06,"Total Cost": 13071.37,"Plan Rows": 744,"Plan Width": 72,"Actual Startup Time": 134.689,"Actual Total Time": 140.790,"Actual Rows": 7,"Actual Loops": 1,"Group Key": ["(SUBSTRING(customer.c_phone FROM 1 FOR 2))"],"Plans": [{"Node Type": "Aggregate","Strategy": "Plain","Partial Mode": "Finalize","Parent Relationship": "InitPlan","Subplan Name": "InitPlan 1 (returns $1)","Parallel Aware": false,"Async Capable": false,"Startup Cost": 6230.83,"Total Cost": 6230.84,"Plan Rows": 1,"Plan Width": 32,"Actual Startup Time": 62.924,"Actual Total Time": 63.154,"Actual Rows": 1,"Actual Loops": 1,"Plans": [{"Node Type": "Gather","Parent Relationship": "Outer","Parallel Aware": false,"Async Capable": false,"Startup Cost": 6230.61,"Total Cost": 6230.82,"Plan Rows": 2,"Plan Width": 32,"Actual Startup Time": 62.782,"Actual Total Time": 63.135,"Actual Rows": 3,"Actual Loops": 1,"Workers Planned": 2,"Workers Launched": 2,"Single Copy": false,"Plans": [{"Node Type": "Aggregate","Strategy": "Plain","Partial Mode": "Partial","Parent Relationship": "Outer","Parallel Aware": false,"Async Capable": false,"Startup Cost": 5230.61,"Total Cost": 5230.62,"Plan Rows": 1,"Plan Width": 32,"Actual Startup Time": 56.469,"Actual Total Time": 56.471,"Actual Rows": 1,"Actual Loops": 3,"Workers": [],"Plans": [{"Node Type": "Seq Scan","Parent Relationship": "Outer","Parallel Aware": true,"Async Capable": false,"Relation Name": "customer","Alias": "customer_1","Startup Cost": 0.00,"Total Cost": 5225.62,"Plan Rows": 1994,"Plan Width": 6,"Actual Startup Time": 0.057,"Actual Total Time": 55.384,"Actual Rows": 12749,"Actual Loops": 3,"Filter": "((c_acctbal > 0.00) AND (SUBSTRING(c_phone FROM 1 FOR 2) = ANY ('{28,18,27,13,25,11,19}'::text[])))","Rows Removed by Filter": 37251,"Workers": []}]}]}]},{"Node Type": "Gather Merge","Parent Relationship": "Outer","Parallel Aware": false,"Async Capable": false,"Startup Cost": 6741.22,"Total Cost": 6821.30,"Plan Rows": 620,"Plan Width": 72,"Actual Startup Time": 134.593,"Actual Total Time": 140.508,"Actual Rows": 21,"Actual Loops": 1,"Workers Planned": 2,"Params Evaluated": ["$1"],"Workers Launched": 2,"Plans": [{"Node Type": "Aggregate","Strategy": "Sorted","Partial Mode": "Partial","Parent Relationship": "Outer","Parallel Aware": false,"Async Capable": false,"Startup Cost": 5741.19,"Total Cost": 5749.72,"Plan Rows": 310,"Plan Width": 72,"Actual Startup Time": 64.848,"Actual Total Time": 65.160,"Actual Rows": 7,"Actual Loops": 3,"Group Key": ["(SUBSTRING(customer.c_phone FROM 1 FOR 2))"],"Workers": [],"Plans": [{"Node Type": "Sort","Parent Relationship": "Outer","Parallel Aware": false,"Async Capable": false,"Startup Cost": 5741.19,"Total Cost": 5741.97,"Plan Rows": 310,"Plan Width": 38,"Actual Startup Time": 64.772,"Actual Total Time": 64.856,"Actual Rows": 2129,"Actual Loops": 3,"Sort Key": ["(SUBSTRING(customer.c_phone FROM 1 FOR 2))"],"Sort Method": "quicksort","Sort Space Used": 231,"Sort Space Type": "Memory","Workers": [{"Worker Number": 0,"Sort Method": "quicksort","Sort Space Used": 157,"Sort Space Type": "Memory"},{"Worker Number": 1,"Sort Method": "quicksort","Sort Space Used": 154,"Sort Space Type": "Memory"}],"Plans": [{"Node Type": "Nested Loop","Parent Relationship": "Outer","Parallel Aware": false,"Async Capable": false,"Join Type": "Anti","Startup Cost": 0.43,"Total Cost": 5728.36,"Plan Rows": 310,"Plan Width": 38,"Actual Startup Time": 0.167,"Actual Total Time": 63.926,"Actual Rows": 2129,"Actual Loops": 3,"Inner Unique": false,"Workers": [],"Plans": [{"Node Type": "Seq Scan","Parent Relationship": "Outer","Parallel Aware": true,"Async Capable": false,"Relation Name": "customer","Alias": "customer","Startup Cost": 0.00,"Total Cost": 5225.62,"Plan Rows": 729,"Plan Width": 26,"Actual Startup Time": 0.047,"Actual Total Time": 43.147,"Actual Rows": 6336,"Actual Loops": 3,"Filter": "((c_acctbal > $1) AND (SUBSTRING(c_phone FROM 1 FOR 2) = ANY ('{28,18,27,13,25,11,19}'::text[])))","Rows Removed by Filter": 43664,"Workers": []},{"Node Type": "Index Only Scan","Parent Relationship": "Inner","Parallel Aware": false,"Async Capable": false,"Scan Direction": "Forward","Index Name": "idx_orders_custkey","Relation Name": "orders","Alias": "orders","Startup Cost": 0.43,"Total Cost": 3.28,"Plan Rows": 17,"Plan Width": 4,"Actual Startup Time": 0.003,"Actual Total Time": 0.003,"Actual Rows": 1,"Actual Loops": 19008,"Index Cond": "(o_custkey = customer.c_custkey)","Rows Removed by Index Recheck": 0,"Heap Fetches": 0,"Workers": []}]}]}]}]}]},"Planning Time": 4.368,"Triggers": [],"Execution Time": 141.235}]
[{"Plan": {"Node Type": "Aggregate","Strategy": "Sorted","Partial Mode": "Finalize","Parallel Aware": false,"Async Capable": false,"Startup Cost": 12972.06,"Total Cost": 13071.37,"Plan Rows": 744,"Plan Width": 72,"Actual Startup Time": 139.351,"Actual Total Time": 142.882,"Actual Rows": 7,"Actual Loops": 1,"Group Key": ["(SUBSTRING(customer.c_phone FROM 1 FOR 2))"],"Plans": [{"Node Type": "Aggregate","Strategy": "Plain","Partial Mode": "Finalize","Parent Relationship": "InitPlan","Subplan Name": "InitPlan 1 (returns $1)","Parallel Aware": false,"Async Capable": false,"Startup Cost": 6230.83,"Total Cost": 6230.84,"Plan Rows": 1,"Plan Width": 32,"Actual Startup Time": 61.599,"Actual Total Time": 61.771,"Actual Rows": 1,"Actual Loops": 1,"Plans": [{"Node Type": "Gather","Parent Relationship": "Outer","Parallel Aware": false,"Async Capable": false,"Startup Cost": 6230.61,"Total Cost": 6230.82,"Plan Rows": 2,"Plan Width": 32,"Actual Startup Time": 61.510,"Actual Total Time": 61.755,"Actual Rows": 3,"Actual Loops": 1,"Workers Planned": 2,"Workers Launched": 2,"Single Copy": false,"Plans": [{"Node Type": "Aggregate","Strategy": "Plain","Partial Mode": "Partial","Parent Relationship": "Outer","Parallel Aware": false,"Async Capable": false,"Startup Cost": 5230.61,"Total Cost": 5230.62,"Plan Rows": 1,"Plan Width": 32,"Actual Startup Time": 55.734,"Actual Total Time": 55.737,"Actual Rows": 1,"Actual Loops": 3,"Workers": [],"Plans": [{"Node Type": "Seq Scan","Parent Relationship": "Outer","Parallel Aware": true,"Async Capable": false,"Relation Name": "customer","Alias": "customer_1","Startup Cost": 0.00,"Total Cost": 5225.62,"Plan Rows": 1994,"Plan Width": 6,"Actual Startup Time": 0.051,"Actual Total Time": 54.637,"Actual Rows": 12703,"Actual Loops": 3,"Filter": "((c_acctbal > 0.00) AND (SUBSTRING(c_phone FROM 1 FOR 2) = ANY ('{10,16,14,17,23,26,33}'::text[])))","Rows Removed by Filter": 37297,"Workers": []}]}]}]},{"Node Type": "Gather Merge","Parent Relationship": "Outer","Parallel Aware": false,"Async Capable": false,"Startup Cost": 6741.22,"Total Cost": 6821.30,"Plan Rows": 620,"Plan Width": 72,"Actual Startup Time": 139.223,"Actual Total Time": 142.645,"Actual Rows": 21,"Actual Loops": 1,"Workers Planned": 2,"Params Evaluated": ["$1"],"Workers Launched": 2,"Plans": [{"Node Type": "Aggregate","Strategy": "Sorted","Partial Mode": "Partial","Parent Relationship": "Outer","Parallel Aware": false,"Async Capable": false,"Startup Cost": 5741.19,"Total Cost": 5749.72,"Plan Rows": 310,"Plan Width": 72,"Actual Startup Time": 70.894,"Actual Total Time": 71.185,"Actual Rows": 7,"Actual Loops": 3,"Group Key": ["(SUBSTRING(customer.c_phone FROM 1 FOR 2))"],"Workers": [],"Plans": [{"Node Type": "Sort","Parent Relationship": "Outer","Parallel Aware": false,"Async Capable": false,"Startup Cost": 5741.19,"Total Cost": 5741.97,"Plan Rows": 310,"Plan Width": 38,"Actual Startup Time": 70.826,"Actual Total Time": 70.904,"Actual Rows": 2100,"Actual Loops": 3,"Sort Key": ["(SUBSTRING(customer.c_phone FROM 1 FOR 2))"],"Sort Method": "quicksort","Sort Space Used": 230,"Sort Space Type": "Memory","Workers": [{"Worker Number": 0,"Sort Method": "quicksort","Sort Space Used": 159,"Sort Space Type": "Memory"},{"Worker Number": 1,"Sort Method": "quicksort","Sort Space Used": 149,"Sort Space Type": "Memory"}],"Plans": [{"Node Type": "Nested Loop","Parent Relationship": "Outer","Parallel Aware": false,"Async Capable": false,"Join Type": "Anti","Startup Cost": 0.43,"Total Cost": 5728.36,"Plan Rows": 310,"Plan Width": 38,"Actual Startup Time": 0.196,"Actual Total Time": 70.059,"Actual Rows": 2100,"Actual Loops": 3,"Inner Unique": false,"Workers": [],"Plans": [{"Node Type": "Seq Scan","Parent Relationship": "Outer","Parallel Aware": true,"Async Capable": false,"Relation Name": "customer","Alias": "customer","Startup Cost": 0.00,"Total Cost": 5225.62,"Plan Rows": 729,"Plan Width": 26,"Actual Startup Time": 0.050,"Actual Total Time": 46.353,"Actual Rows": 6335,"Actual Loops": 3,"Filter": "((c_acctbal > $1) AND (SUBSTRING(c_phone FROM 1 FOR 2) = ANY ('{10,16,14,17,23,26,33}'::text[])))","Rows Removed by Filter": 43665,"Workers": []},{"Node Type": "Index Only Scan","Parent Relationship": "Inner","Parallel Aware": false,"Async Capable": false,"Scan Direction": "Forward","Index Name": "idx_orders_custkey","Relation Name": "orders","Alias": "orders","Startup Cost": 0.43,"Total Cost": 3.28,"Plan Rows": 17,"Plan Width": 4,"Actual Startup Time": 0.003,"Actual Total Time": 0.003,"Actual Rows": 1,"Actual Loops": 19006,"Index Cond": "(o_custkey = customer.c_custkey)","Rows Removed by Index Recheck": 0,"Heap Fetches": 0,"Workers": []}]}]}]}]}]},"Planning Time": 3.904,"Triggers": [],"Execution Time": 143.233}]
[{"Plan": {"Node Type": "Aggregate","Strategy": "Sorted","Partial Mode": "Finalize","Parallel Aware": false,"Async Capable": false,"Startup Cost": 12972.06,"Total Cost": 13071.37,"Plan Rows": 744,"Plan Width": 72,"Actual Startup Time": 133.083,"Actual Total Time": 137.441,"Actual Rows": 7,"Actual Loops": 1,"Group Key": ["(SUBSTRING(customer.c_phone FROM 1 FOR 2))"],"Plans": [{"Node Type": "Aggregate","Strategy": "Plain","Partial Mode": "Finalize","Parent Relationship": "InitPlan","Subplan Name": "InitPlan 1 (returns $1)","Parallel Aware": false,"Async Capable": false,"Startup Cost": 6230.83,"Total Cost": 6230.84,"Plan Rows": 1,"Plan Width": 32,"Actual Startup Time": 60.654,"Actual Total Time": 60.883,"Actual Rows": 1,"Actual Loops": 1,"Plans": [{"Node Type": "Gather","Parent Relationship": "Outer","Parallel Aware": false,"Async Capable": false,"Startup Cost": 6230.61,"Total Cost": 6230.82,"Plan Rows": 2,"Plan Width": 32,"Actual Startup Time": 60.518,"Actual Total Time": 60.863,"Actual Rows": 3,"Actual Loops": 1,"Workers Planned": 2,"Workers Launched": 2,"Single Copy": false,"Plans": [{"Node Type": "Aggregate","Strategy": "Plain","Partial Mode": "Partial","Parent Relationship": "Outer","Parallel Aware": false,"Async Capable": false,"Startup Cost": 5230.61,"Total Cost": 5230.62,"Plan Rows": 1,"Plan Width": 32,"Actual Startup Time": 54.328,"Actual Total Time": 54.332,"Actual Rows": 1,"Actual Loops": 3,"Workers": [],"Plans": [{"Node Type": "Seq Scan","Parent Relationship": "Outer","Parallel Aware": true,"Async Capable": false,"Relation Name": "customer","Alias": "customer_1","Startup Cost": 0.00,"Total Cost": 5225.62,"Plan Rows": 1994,"Plan Width": 6,"Actual Startup Time": 0.061,"Actual Total Time": 53.252,"Actual Rows": 12741,"Actual Loops": 3,"Filter": "((c_acctbal > 0.00) AND (SUBSTRING(c_phone FROM 1 FOR 2) = ANY ('{24,20,27,13,12,18,16}'::text[])))","Rows Removed by Filter": 37259,"Workers": []}]}]}]},{"Node Type": "Gather Merge","Parent Relationship": "Outer","Parallel Aware": false,"Async Capable": false,"Startup Cost": 6741.22,"Total Cost": 6821.30,"Plan Rows": 620,"Plan Width": 72,"Actual Startup Time": 133.000,"Actual Total Time": 137.174,"Actual Rows": 21,"Actual Loops": 1,"Workers Planned": 2,"Params Evaluated": ["$1"],"Workers Launched": 2,"Plans": [{"Node Type": "Aggregate","Strategy": "Sorted","Partial Mode": "Partial","Parent Relationship": "Outer","Parallel Aware": false,"Async Capable": false,"Startup Cost": 5741.19,"Total Cost": 5749.72,"Plan Rows": 310,"Plan Width": 72,"Actual Startup Time": 64.861,"Actual Total Time": 65.163,"Actual Rows": 7,"Actual Loops": 3,"Group Key": ["(SUBSTRING(customer.c_phone FROM 1 FOR 2))"],"Workers": [],"Plans": [{"Node Type": "Sort","Parent Relationship": "Outer","Parallel Aware": false,"Async Capable": false,"Startup Cost": 5741.19,"Total Cost": 5741.97,"Plan Rows": 310,"Plan Width": 38,"Actual Startup Time": 64.789,"Actual Total Time": 64.868,"Actual Rows": 2104,"Actual Loops": 3,"Sort Key": ["(SUBSTRING(customer.c_phone FROM 1 FOR 2))"],"Sort Method": "quicksort","Sort Space Used": 228,"Sort Space Type": "Memory","Workers": [{"Worker Number": 0,"Sort Method": "quicksort","Sort Space Used": 152,"Sort Space Type": "Memory"},{"Worker Number": 1,"Sort Method": "quicksort","Sort Space Used": 158,"Sort Space Type": "Memory"}],"Plans": [{"Node Type": "Nested Loop","Parent Relationship": "Outer","Parallel Aware": false,"Async Capable": false,"Join Type": "Anti","Startup Cost": 0.43,"Total Cost": 5728.36,"Plan Rows": 310,"Plan Width": 38,"Actual Startup Time": 0.206,"Actual Total Time": 63.971,"Actual Rows": 2104,"Actual Loops": 3,"Inner Unique": false,"Workers": [],"Plans": [{"Node Type": "Seq Scan","Parent Relationship": "Outer","Parallel Aware": true,"Async Capable": false,"Relation Name": "customer","Alias": "customer","Startup Cost": 0.00,"Total Cost": 5225.62,"Plan Rows": 729,"Plan Width": 26,"Actual Startup Time": 0.039,"Actual Total Time": 42.090,"Actual Rows": 6345,"Actual Loops": 3,"Filter": "((c_acctbal > $1) AND (SUBSTRING(c_phone FROM 1 FOR 2) = ANY ('{24,20,27,13,12,18,16}'::text[])))","Rows Removed by Filter": 43655,"Workers": []},{"Node Type": "Index Only Scan","Parent Relationship": "Inner","Parallel Aware": false,"Async Capable": false,"Scan Direction": "Forward","Index Name": "idx_orders_custkey","Relation Name": "orders","Alias": "orders","Startup Cost": 0.43,"Total Cost": 3.28,"Plan Rows": 17,"Plan Width": 4,"Actual Startup Time": 0.003,"Actual Total Time": 0.003,"Actual Rows": 1,"Actual Loops": 19036,"Index Cond": "(o_custkey = customer.c_custkey)","Rows Removed by Index Recheck": 0,"Heap Fetches": 0,"Workers": []}]}]}]}]}]},"Planning Time": 3.408,"Triggers": [],"Execution Time": 137.780}]
[{"Plan": {"Node Type": "Aggregate","Strategy": "Sorted","Partial Mode": "Finalize","Parallel Aware": false,"Async Capable": false,"Startup Cost": 12972.06,"Total Cost": 13071.37,"Plan Rows": 744,"Plan Width": 72,"Actual Startup Time": 136.090,"Actual Total Time": 139.455,"Actual Rows": 7,"Actual Loops": 1,"Group Key": ["(SUBSTRING(customer.c_phone FROM 1 FOR 2))"],"Plans": [{"Node Type": "Aggregate","Strategy": "Plain","Partial Mode": "Finalize","Parent Relationship": "InitPlan","Subplan Name": "InitPlan 1 (returns $1)","Parallel Aware": false,"Async Capable": false,"Startup Cost": 6230.83,"Total Cost": 6230.84,"Plan Rows": 1,"Plan Width": 32,"Actual Startup Time": 59.251,"Actual Total Time": 59.457,"Actual Rows": 1,"Actual Loops": 1,"Plans": [{"Node Type": "Gather","Parent Relationship": "Outer","Parallel Aware": false,"Async Capable": false,"Startup Cost": 6230.61,"Total Cost": 6230.82,"Plan Rows": 2,"Plan Width": 32,"Actual Startup Time": 59.178,"Actual Total Time": 59.437,"Actual Rows": 3,"Actual Loops": 1,"Workers Planned": 2,"Workers Launched": 2,"Single Copy": false,"Plans": [{"Node Type": "Aggregate","Strategy": "Plain","Partial Mode": "Partial","Parent Relationship": "Outer","Parallel Aware": false,"Async Capable": false,"Startup Cost": 5230.61,"Total Cost": 5230.62,"Plan Rows": 1,"Plan Width": 32,"Actual Startup Time": 52.970,"Actual Total Time": 52.973,"Actual Rows": 1,"Actual Loops": 3,"Workers": [],"Plans": [{"Node Type": "Seq Scan","Parent Relationship": "Outer","Parallel Aware": true,"Async Capable": false,"Relation Name": "customer","Alias": "customer_1","Startup Cost": 0.00,"Total Cost": 5225.62,"Plan Rows": 1994,"Plan Width": 6,"Actual Startup Time": 0.045,"Actual Total Time": 51.876,"Actual Rows": 12754,"Actual Loops": 3,"Filter": "((c_acctbal > 0.00) AND (SUBSTRING(c_phone FROM 1 FOR 2) = ANY ('{28,13,21,19,22,18,15}'::text[])))","Rows Removed by Filter": 37246,"Workers": []}]}]}]},{"Node Type": "Gather Merge","Parent Relationship": "Outer","Parallel Aware": false,"Async Capable": false,"Startup Cost": 6741.22,"Total Cost": 6821.30,"Plan Rows": 620,"Plan Width": 72,"Actual Startup Time": 135.955,"Actual Total Time": 139.184,"Actual Rows": 21,"Actual Loops": 1,"Workers Planned": 2,"Params Evaluated": ["$1"],"Workers Launched": 2,"Plans": [{"Node Type": "Aggregate","Strategy": "Sorted","Partial Mode": "Partial","Parent Relationship": "Outer","Parallel Aware": false,"Async Capable": false,"Startup Cost": 5741.19,"Total Cost": 5749.72,"Plan Rows": 310,"Plan Width": 72,"Actual Startup Time": 70.012,"Actual Total Time": 70.316,"Actual Rows": 7,"Actual Loops": 3,"Group Key": ["(SUBSTRING(customer.c_phone FROM 1 FOR 2))"],"Workers": [],"Plans": [{"Node Type": "Sort","Parent Relationship": "Outer","Parallel Aware": false,"Async Capable": false,"Startup Cost": 5741.19,"Total Cost": 5741.97,"Plan Rows": 310,"Plan Width": 38,"Actual Startup Time": 69.942,"Actual Total Time": 70.029,"Actual Rows": 2156,"Actual Loops": 3,"Sort Key": ["(SUBSTRING(customer.c_phone FROM 1 FOR 2))"],"Sort Method": "quicksort","Sort Space Used": 233,"Sort Space Type": "Memory","Workers": [{"Worker Number": 0,"Sort Method": "quicksort","Sort Space Used": 152,"Sort Space Type": "Memory"},{"Worker Number": 1,"Sort Method": "quicksort","Sort Space Used": 210,"Sort Space Type": "Memory"}],"Plans": [{"Node Type": "Nested Loop","Parent Relationship": "Outer","Parallel Aware": false,"Async Capable": false,"Join Type": "Anti","Startup Cost": 0.43,"Total Cost": 5728.36,"Plan Rows": 310,"Plan Width": 38,"Actual Startup Time": 0.193,"Actual Total Time": 69.138,"Actual Rows": 2156,"Actual Loops": 3,"Inner Unique": false,"Workers": [],"Plans": [{"Node Type": "Seq Scan","Parent Relationship": "Outer","Parallel Aware": true,"Async Capable": false,"Relation Name": "customer","Alias": "customer","Startup Cost": 0.00,"Total Cost": 5225.62,"Plan Rows": 729,"Plan Width": 26,"Actual Startup Time": 0.035,"Actual Total Time": 45.396,"Actual Rows": 6364,"Actual Loops": 3,"Filter": "((c_acctbal > $1) AND (SUBSTRING(c_phone FROM 1 FOR 2) = ANY ('{28,13,21,19,22,18,15}'::text[])))","Rows Removed by Filter": 43636,"Workers": []},{"Node Type": "Index Only Scan","Parent Relationship": "Inner","Parallel Aware": false,"Async Capable": false,"Scan Direction": "Forward","Index Name": "idx_orders_custkey","Relation Name": "orders","Alias": "orders","Startup Cost": 0.43,"Total Cost": 3.28,"Plan Rows": 17,"Plan Width": 4,"Actual Startup Time": 0.003,"Actual Total Time": 0.003,"Actual Rows": 1,"Actual Loops": 19093,"Index Cond": "(o_custkey = customer.c_custkey)","Rows Removed by Index Recheck": 0,"Heap Fetches": 0,"Workers": []}]}]}]}]}]},"Planning Time": 4.701,"Triggers": [],"Execution Time": 139.890}]
[{"Plan": {"Node Type": "Aggregate","Strategy": "Sorted","Partial Mode": "Finalize","Parallel Aware": false,"Async Capable": false,"Startup Cost": 12972.06,"Total Cost": 13071.37,"Plan Rows": 744,"Plan Width": 72,"Actual Startup Time": 137.816,"Actual Total Time": 141.493,"Actual Rows": 7,"Actual Loops": 1,"Group Key": ["(SUBSTRING(customer.c_phone FROM 1 FOR 2))"],"Plans": [{"Node Type": "Aggregate","Strategy": "Plain","Partial Mode": "Finalize","Parent Relationship": "InitPlan","Subplan Name": "InitPlan 1 (returns $1)","Parallel Aware": false,"Async Capable": false,"Startup Cost": 6230.83,"Total Cost": 6230.84,"Plan Rows": 1,"Plan Width": 32,"Actual Startup Time": 62.340,"Actual Total Time": 62.552,"Actual Rows": 1,"Actual Loops": 1,"Plans": [{"Node Type": "Gather","Parent Relationship": "Outer","Parallel Aware": false,"Async Capable": false,"Startup Cost": 6230.61,"Total Cost": 6230.82,"Plan Rows": 2,"Plan Width": 32,"Actual Startup Time": 62.205,"Actual Total Time": 62.533,"Actual Rows": 3,"Actual Loops": 1,"Workers Planned": 2,"Workers Launched": 2,"Single Copy": false,"Plans": [{"Node Type": "Aggregate","Strategy": "Plain","Partial Mode": "Partial","Parent Relationship": "Outer","Parallel Aware": false,"Async Capable": false,"Startup Cost": 5230.61,"Total Cost": 5230.62,"Plan Rows": 1,"Plan Width": 32,"Actual Startup Time": 55.972,"Actual Total Time": 55.975,"Actual Rows": 1,"Actual Loops": 3,"Workers": [],"Plans": [{"Node Type": "Seq Scan","Parent Relationship": "Outer","Parallel Aware": true,"Async Capable": false,"Relation Name": "customer","Alias": "customer_1","Startup Cost": 0.00,"Total Cost": 5225.62,"Plan Rows": 1994,"Plan Width": 6,"Actual Startup Time": 0.052,"Actual Total Time": 54.946,"Actual Rows": 12736,"Actual Loops": 3,"Filter": "((c_acctbal > 0.00) AND (SUBSTRING(c_phone FROM 1 FOR 2) = ANY ('{26,34,15,29,12,31,23}'::text[])))","Rows Removed by Filter": 37264,"Workers": []}]}]}]},{"Node Type": "Gather Merge","Parent Relationship": "Outer","Parallel Aware": false,"Async Capable": false,"Startup Cost": 6741.22,"Total Cost": 6821.30,"Plan Rows": 620,"Plan Width": 72,"Actual Startup Time": 137.694,"Actual Total Time": 141.229,"Actual Rows": 21,"Actual Loops": 1,"Workers Planned": 2,"Params Evaluated": ["$1"],"Workers Launched": 2,"Plans": [{"Node Type": "Aggregate","Strategy": "Sorted","Partial Mode": "Partial","Parent Relationship": "Outer","Parallel Aware": false,"Async Capable": false,"Startup Cost": 5741.19,"Total Cost": 5749.72,"Plan Rows": 310,"Plan Width": 72,"Actual Startup Time": 68.706,"Actual Total Time": 69.009,"Actual Rows": 7,"Actual Loops": 3,"Group Key": ["(SUBSTRING(customer.c_phone FROM 1 FOR 2))"],"Workers": [],"Plans": [{"Node Type": "Sort","Parent Relationship": "Outer","Parallel Aware": false,"Async Capable": false,"Startup Cost": 5741.19,"Total Cost": 5741.97,"Plan Rows": 310,"Plan Width": 38,"Actual Startup Time": 68.636,"Actual Total Time": 68.717,"Actual Rows": 2107,"Actual Loops": 3,"Sort Key": ["(SUBSTRING(customer.c_phone FROM 1 FOR 2))"],"Sort Method": "quicksort","Sort Space Used": 234,"Sort Space Type": "Memory","Workers": [{"Worker Number": 0,"Sort Method": "quicksort","Sort Space Used": 149,"Sort Space Type": "Memory"},{"Worker Number": 1,"Sort Method": "quicksort","Sort Space Used": 155,"Sort Space Type": "Memory"}],"Plans": [{"Node Type": "Nested Loop","Parent Relationship": "Outer","Parallel Aware": false,"Async Capable": false,"Join Type": "Anti","Startup Cost": 0.43,"Total Cost": 5728.36,"Plan Rows": 310,"Plan Width": 38,"Actual Startup Time": 0.278,"Actual Total Time": 67.901,"Actual Rows": 2107,"Actual Loops": 3,"Inner Unique": false,"Workers": [],"Plans": [{"Node Type": "Seq Scan","Parent Relationship": "Outer","Parallel Aware": true,"Async Capable": false,"Relation Name": "customer","Alias": "customer","Startup Cost": 0.00,"Total Cost": 5225.62,"Plan Rows": 729,"Plan Width": 26,"Actual Startup Time": 0.050,"Actual Total Time": 44.749,"Actual Rows": 6372,"Actual Loops": 3,"Filter": "((c_acctbal > $1) AND (SUBSTRING(c_phone FROM 1 FOR 2) = ANY ('{26,34,15,29,12,31,23}'::text[])))","Rows Removed by Filter": 43628,"Workers": []},{"Node Type": "Index Only Scan","Parent Relationship": "Inner","Parallel Aware": false,"Async Capable": false,"Scan Direction": "Forward","Index Name": "idx_orders_custkey","Relation Name": "orders","Alias": "orders","Startup Cost": 0.43,"Total Cost": 3.28,"Plan Rows": 17,"Plan Width": 4,"Actual Startup Time": 0.003,"Actual Total Time": 0.003,"Actual Rows": 1,"Actual Loops": 19116,"Index Cond": "(o_custkey = customer.c_custkey)","Rows Removed by Index Recheck": 0,"Heap Fetches": 0,"Workers": []}]}]}]}]}]},"Planning Time": 3.956,"Triggers": [],"Execution Time": 141.807}]
[{"Plan": {"Node Type": "Aggregate","Strategy": "Sorted","Partial Mode": "Finalize","Parallel Aware": false,"Async Capable": false,"Startup Cost": 12972.06,"Total Cost": 13071.37,"Plan Rows": 744,"Plan Width": 72,"Actual Startup Time": 140.075,"Actual Total Time": 143.540,"Actual Rows": 7,"Actual Loops": 1,"Group Key": ["(SUBSTRING(customer.c_phone FROM 1 FOR 2))"],"Plans": [{"Node Type": "Aggregate","Strategy": "Plain","Partial Mode": "Finalize","Parent Relationship": "InitPlan","Subplan Name": "InitPlan 1 (returns $1)","Parallel Aware": false,"Async Capable": false,"Startup Cost": 6230.83,"Total Cost": 6230.84,"Plan Rows": 1,"Plan Width": 32,"Actual Startup Time": 61.186,"Actual Total Time": 61.355,"Actual Rows": 1,"Actual Loops": 1,"Plans": [{"Node Type": "Gather","Parent Relationship": "Outer","Parallel Aware": false,"Async Capable": false,"Startup Cost": 6230.61,"Total Cost": 6230.82,"Plan Rows": 2,"Plan Width": 32,"Actual Startup Time": 61.058,"Actual Total Time": 61.332,"Actual Rows": 3,"Actual Loops": 1,"Workers Planned": 2,"Workers Launched": 2,"Single Copy": false,"Plans": [{"Node Type": "Aggregate","Strategy": "Plain","Partial Mode": "Partial","Parent Relationship": "Outer","Parallel Aware": false,"Async Capable": false,"Startup Cost": 5230.61,"Total Cost": 5230.62,"Plan Rows": 1,"Plan Width": 32,"Actual Startup Time": 55.322,"Actual Total Time": 55.323,"Actual Rows": 1,"Actual Loops": 3,"Workers": [],"Plans": [{"Node Type": "Seq Scan","Parent Relationship": "Outer","Parallel Aware": true,"Async Capable": false,"Relation Name": "customer","Alias": "customer_1","Startup Cost": 0.00,"Total Cost": 5225.62,"Plan Rows": 1994,"Plan Width": 6,"Actual Startup Time": 0.046,"Actual Total Time": 54.232,"Actual Rows": 12773,"Actual Loops": 3,"Filter": "((c_acctbal > 0.00) AND (SUBSTRING(c_phone FROM 1 FOR 2) = ANY ('{12,11,13,16,32,31,14}'::text[])))","Rows Removed by Filter": 37227,"Workers": []}]}]}]},{"Node Type": "Gather Merge","Parent Relationship": "Outer","Parallel Aware": false,"Async Capable": false,"Startup Cost": 6741.22,"Total Cost": 6821.30,"Plan Rows": 620,"Plan Width": 72,"Actual Startup Time": 139.953,"Actual Total Time": 143.314,"Actual Rows": 21,"Actual Loops": 1,"Workers Planned": 2,"Params Evaluated": ["$1"],"Workers Launched": 2,"Plans": [{"Node Type": "Aggregate","Strategy": "Sorted","Partial Mode": "Partial","Parent Relationship": "Outer","Parallel Aware": false,"Async Capable": false,"Startup Cost": 5741.19,"Total Cost": 5749.72,"Plan Rows": 310,"Plan Width": 72,"Actual Startup Time": 72.174,"Actual Total Time": 72.467,"Actual Rows": 7,"Actual Loops": 3,"Group Key": ["(SUBSTRING(customer.c_phone FROM 1 FOR 2))"],"Workers": [],"Plans": [{"Node Type": "Sort","Parent Relationship": "Outer","Parallel Aware": false,"Async Capable": false,"Startup Cost": 5741.19,"Total Cost": 5741.97,"Plan Rows": 310,"Plan Width": 38,"Actual Startup Time": 72.102,"Actual Total Time": 72.180,"Actual Rows": 2112,"Actual Loops": 3,"Sort Key": ["(SUBSTRING(customer.c_phone FROM 1 FOR 2))"],"Sort Method": "quicksort","Sort Space Used": 234,"Sort Space Type": "Memory","Workers": [{"Worker Number": 0,"Sort Method": "quicksort","Sort Space Used": 159,"Sort Space Type": "Memory"},{"Worker Number": 1,"Sort Method": "quicksort","Sort Space Used": 147,"Sort Space Type": "Memory"}],"Plans": [{"Node Type": "Nested Loop","Parent Relationship": "Outer","Parallel Aware": false,"Async Capable": false,"Join Type": "Anti","Startup Cost": 0.43,"Total Cost": 5728.36,"Plan Rows": 310,"Plan Width": 38,"Actual Startup Time": 0.121,"Actual Total Time": 71.284,"Actual Rows": 2112,"Actual Loops": 3,"Inner Unique": false,"Workers": [],"Plans": [{"Node Type": "Seq Scan","Parent Relationship": "Outer","Parallel Aware": true,"Async Capable": false,"Relation Name": "customer","Alias": "customer","Startup Cost": 0.00,"Total Cost": 5225.62,"Plan Rows": 729,"Plan Width": 26,"Actual Startup Time": 0.032,"Actual Total Time": 46.962,"Actual Rows": 6347,"Actual Loops": 3,"Filter": "((c_acctbal > $1) AND (SUBSTRING(c_phone FROM 1 FOR 2) = ANY ('{12,11,13,16,32,31,14}'::text[])))","Rows Removed by Filter": 43653,"Workers": []},{"Node Type": "Index Only Scan","Parent Relationship": "Inner","Parallel Aware": false,"Async Capable": false,"Scan Direction": "Forward","Index Name": "idx_orders_custkey","Relation Name": "orders","Alias": "orders","Startup Cost": 0.43,"Total Cost": 3.28,"Plan Rows": 17,"Plan Width": 4,"Actual Startup Time": 0.003,"Actual Total Time": 0.003,"Actual Rows": 1,"Actual Loops": 19041,"Index Cond": "(o_custkey = customer.c_custkey)","Rows Removed by Index Recheck": 0,"Heap Fetches": 0,"Workers": []}]}]}]}]}]},"Planning Time": 4.790,"Triggers": [],"Execution Time": 143.842}]
[{"Plan": {"Node Type": "Aggregate","Strategy": "Sorted","Partial Mode": "Finalize","Parallel Aware": false,"Async Capable": false,"Startup Cost": 12972.06,"Total Cost": 13071.37,"Plan Rows": 744,"Plan Width": 72,"Actual Startup Time": 140.824,"Actual Total Time": 144.376,"Actual Rows": 7,"Actual Loops": 1,"Group Key": ["(SUBSTRING(customer.c_phone FROM 1 FOR 2))"],"Plans": [{"Node Type": "Aggregate","Strategy": "Plain","Partial Mode": "Finalize","Parent Relationship": "InitPlan","Subplan Name": "InitPlan 1 (returns $1)","Parallel Aware": false,"Async Capable": false,"Startup Cost": 6230.83,"Total Cost": 6230.84,"Plan Rows": 1,"Plan Width": 32,"Actual Startup Time": 61.611,"Actual Total Time": 61.791,"Actual Rows": 1,"Actual Loops": 1,"Plans": [{"Node Type": "Gather","Parent Relationship": "Outer","Parallel Aware": false,"Async Capable": false,"Startup Cost": 6230.61,"Total Cost": 6230.82,"Plan Rows": 2,"Plan Width": 32,"Actual Startup Time": 61.552,"Actual Total Time": 61.778,"Actual Rows": 3,"Actual Loops": 1,"Workers Planned": 2,"Workers Launched": 2,"Single Copy": false,"Plans": [{"Node Type": "Aggregate","Strategy": "Plain","Partial Mode": "Partial","Parent Relationship": "Outer","Parallel Aware": false,"Async Capable": false,"Startup Cost": 5230.61,"Total Cost": 5230.62,"Plan Rows": 1,"Plan Width": 32,"Actual Startup Time": 55.928,"Actual Total Time": 55.933,"Actual Rows": 1,"Actual Loops": 3,"Workers": [],"Plans": [{"Node Type": "Seq Scan","Parent Relationship": "Outer","Parallel Aware": true,"Async Capable": false,"Relation Name": "customer","Alias": "customer_1","Startup Cost": 0.00,"Total Cost": 5225.62,"Plan Rows": 1994,"Plan Width": 6,"Actual Startup Time": 0.046,"Actual Total Time": 54.855,"Actual Rows": 12830,"Actual Loops": 3,"Filter": "((c_acctbal > 0.00) AND (SUBSTRING(c_phone FROM 1 FOR 2) = ANY ('{33,21,31,19,32,13,34}'::text[])))","Rows Removed by Filter": 37170,"Workers": []}]}]}]},{"Node Type": "Gather Merge","Parent Relationship": "Outer","Parallel Aware": false,"Async Capable": false,"Startup Cost": 6741.22,"Total Cost": 6821.30,"Plan Rows": 620,"Plan Width": 72,"Actual Startup Time": 140.690,"Actual Total Time": 144.140,"Actual Rows": 21,"Actual Loops": 1,"Workers Planned": 2,"Params Evaluated": ["$1"],"Workers Launched": 2,"Plans": [{"Node Type": "Aggregate","Strategy": "Sorted","Partial Mode": "Partial","Parent Relationship": "Outer","Parallel Aware": false,"Async Capable": false,"Startup Cost": 5741.19,"Total Cost": 5749.72,"Plan Rows": 310,"Plan Width": 72,"Actual Startup Time": 72.360,"Actual Total Time": 72.671,"Actual Rows": 7,"Actual Loops": 3,"Group Key": ["(SUBSTRING(customer.c_phone FROM 1 FOR 2))"],"Workers": [],"Plans": [{"Node Type": "Sort","Parent Relationship": "Outer","Parallel Aware": false,"Async Capable": false,"Startup Cost": 5741.19,"Total Cost": 5741.97,"Plan Rows": 310,"Plan Width": 38,"Actual Startup Time": 72.291,"Actual Total Time": 72.373,"Actual Rows": 2176,"Actual Loops": 3,"Sort Key": ["(SUBSTRING(customer.c_phone FROM 1 FOR 2))"],"Sort Method": "quicksort","Sort Space Used": 235,"Sort Space Type": "Memory","Workers": [{"Worker Number": 0,"Sort Method": "quicksort","Sort Space Used": 210,"Sort Space Type": "Memory"},{"Worker Number": 1,"Sort Method": "quicksort","Sort Space Used": 153,"Sort Space Type": "Memory"}],"Plans": [{"Node Type": "Nested Loop","Parent Relationship": "Outer","Parallel Aware": false,"Async Capable": false,"Join Type": "Anti","Startup Cost": 0.43,"Total Cost": 5728.36,"Plan Rows": 310,"Plan Width": 38,"Actual Startup Time": 0.197,"Actual Total Time": 71.483,"Actual Rows": 2176,"Actual Loops": 3,"Inner Unique": false,"Workers": [],"Plans": [{"Node Type": "Seq Scan","Parent Relationship": "Outer","Parallel Aware": true,"Async Capable": false,"Relation Name": "customer","Alias": "customer","Startup Cost": 0.00,"Total Cost": 5225.62,"Plan Rows": 729,"Plan Width": 26,"Actual Startup Time": 0.039,"Actual Total Time": 47.088,"Actual Rows": 6409,"Actual Loops": 3,"Filter": "((c_acctbal > $1) AND (SUBSTRING(c_phone FROM 1 FOR 2) = ANY ('{33,21,31,19,32,13,34}'::text[])))","Rows Removed by Filter": 43591,"Workers": []},{"Node Type": "Index Only Scan","Parent Relationship": "Inner","Parallel Aware": false,"Async Capable": false,"Scan Direction": "Forward","Index Name": "idx_orders_custkey","Relation Name": "orders","Alias": "orders","Startup Cost": 0.43,"Total Cost": 3.28,"Plan Rows": 17,"Plan Width": 4,"Actual Startup Time": 0.003,"Actual Total Time": 0.003,"Actual Rows": 1,"Actual Loops": 19226,"Index Cond": "(o_custkey = customer.c_custkey)","Rows Removed by Index Recheck": 0,"Heap Fetches": 0,"Workers": []}]}]}]}]}]},"Planning Time": 4.438,"Triggers": [],"Execution Time": 144.687}]
[{"Plan": {"Node Type": "Aggregate","Strategy": "Sorted","Partial Mode": "Finalize","Parallel Aware": false,"Async Capable": false,"Startup Cost": 12972.06,"Total Cost": 13071.37,"Plan Rows": 744,"Plan Width": 72,"Actual Startup Time": 132.960,"Actual Total Time": 136.916,"Actual Rows": 7,"Actual Loops": 1,"Group Key": ["(SUBSTRING(customer.c_phone FROM 1 FOR 2))"],"Plans": [{"Node Type": "Aggregate","Strategy": "Plain","Partial Mode": "Finalize","Parent Relationship": "InitPlan","Subplan Name": "InitPlan 1 (returns $1)","Parallel Aware": false,"Async Capable": false,"Startup Cost": 6230.83,"Total Cost": 6230.84,"Plan Rows": 1,"Plan Width": 32,"Actual Startup Time": 61.389,"Actual Total Time": 61.649,"Actual Rows": 1,"Actual Loops": 1,"Plans": [{"Node Type": "Gather","Parent Relationship": "Outer","Parallel Aware": false,"Async Capable": false,"Startup Cost": 6230.61,"Total Cost": 6230.82,"Plan Rows": 2,"Plan Width": 32,"Actual Startup Time": 61.286,"Actual Total Time": 61.631,"Actual Rows": 3,"Actual Loops": 1,"Workers Planned": 2,"Workers Launched": 2,"Single Copy": false,"Plans": [{"Node Type": "Aggregate","Strategy": "Plain","Partial Mode": "Partial","Parent Relationship": "Outer","Parallel Aware": false,"Async Capable": false,"Startup Cost": 5230.61,"Total Cost": 5230.62,"Plan Rows": 1,"Plan Width": 32,"Actual Startup Time": 55.403,"Actual Total Time": 55.406,"Actual Rows": 1,"Actual Loops": 3,"Workers": [],"Plans": [{"Node Type": "Seq Scan","Parent Relationship": "Outer","Parallel Aware": true,"Async Capable": false,"Relation Name": "customer","Alias": "customer_1","Startup Cost": 0.00,"Total Cost": 5225.62,"Plan Rows": 1994,"Plan Width": 6,"Actual Startup Time": 0.052,"Actual Total Time": 54.300,"Actual Rows": 12768,"Actual Loops": 3,"Filter": "((c_acctbal > 0.00) AND (SUBSTRING(c_phone FROM 1 FOR 2) = ANY ('{13,19,10,29,24,22,11}'::text[])))","Rows Removed by Filter": 37232,"Workers": []}]}]}]},{"Node Type": "Gather Merge","Parent Relationship": "Outer","Parallel Aware": false,"Async Capable": false,"Startup Cost": 6741.22,"Total Cost": 6821.30,"Plan Rows": 620,"Plan Width": 72,"Actual Startup Time": 132.860,"Actual Total Time": 136.602,"Actual Rows": 21,"Actual Loops": 1,"Workers Planned": 2,"Params Evaluated": ["$1"],"Workers Launched": 2,"Plans": [{"Node Type": "Aggregate","Strategy": "Sorted","Partial Mode": "Partial","Parent Relationship": "Outer","Parallel Aware": false,"Async Capable": false,"Startup Cost": 5741.19,"Total Cost": 5749.72,"Plan Rows": 310,"Plan Width": 72,"Actual Startup Time": 64.757,"Actual Total Time": 65.067,"Actual Rows": 7,"Actual Loops": 3,"Group Key": ["(SUBSTRING(customer.c_phone FROM 1 FOR 2))"],"Workers": [],"Plans": [{"Node Type": "Sort","Parent Relationship": "Outer","Parallel Aware": false,"Async Capable": false,"Startup Cost": 5741.19,"Total Cost": 5741.97,"Plan Rows": 310,"Plan Width": 38,"Actual Startup Time": 64.676,"Actual Total Time": 64.771,"Actual Rows": 2127,"Actual Loops": 3,"Sort Key": ["(SUBSTRING(customer.c_phone FROM 1 FOR 2))"],"Sort Method": "quicksort","Sort Space Used": 233,"Sort Space Type": "Memory","Workers": [{"Worker Number": 0,"Sort Method": "quicksort","Sort Space Used": 157,"Sort Space Type": "Memory"},{"Worker Number": 1,"Sort Method": "quicksort","Sort Space Used": 152,"Sort Space Type": "Memory"}],"Plans": [{"Node Type": "Nested Loop","Parent Relationship": "Outer","Parallel Aware": false,"Async Capable": false,"Join Type": "Anti","Startup Cost": 0.43,"Total Cost": 5728.36,"Plan Rows": 310,"Plan Width": 38,"Actual Startup Time": 0.130,"Actual Total Time": 63.857,"Actual Rows": 2127,"Actual Loops": 3,"Inner Unique": false,"Workers": [],"Plans": [{"Node Type": "Seq Scan","Parent Relationship": "Outer","Parallel Aware": true,"Async Capable": false,"Relation Name": "customer","Alias": "customer","Startup Cost": 0.00,"Total Cost": 5225.62,"Plan Rows": 729,"Plan Width": 26,"Actual Startup Time": 0.032,"Actual Total Time": 43.291,"Actual Rows": 6360,"Actual Loops": 3,"Filter": "((c_acctbal > $1) AND (SUBSTRING(c_phone FROM 1 FOR 2) = ANY ('{13,19,10,29,24,22,11}'::text[])))","Rows Removed by Filter": 43640,"Workers": []},{"Node Type": "Index Only Scan","Parent Relationship": "Inner","Parallel Aware": false,"Async Capable": false,"Scan Direction": "Forward","Index Name": "idx_orders_custkey","Relation Name": "orders","Alias": "orders","Startup Cost": 0.43,"Total Cost": 3.28,"Plan Rows": 17,"Plan Width": 4,"Actual Startup Time": 0.003,"Actual Total Time": 0.003,"Actual Rows": 1,"Actual Loops": 19080,"Index Cond": "(o_custkey = customer.c_custkey)","Rows Removed by Index Recheck": 0,"Heap Fetches": 0,"Workers": []}]}]}]}]}]},"Planning Time": 3.863,"Triggers": [],"Execution Time": 137.342}]
[{"Plan": {"Node Type": "Aggregate","Strategy": "Sorted","Partial Mode": "Finalize","Parallel Aware": false,"Async Capable": false,"Startup Cost": 12972.06,"Total Cost": 13071.37,"Plan Rows": 744,"Plan Width": 72,"Actual Startup Time": 138.745,"Actual Total Time": 142.278,"Actual Rows": 7,"Actual Loops": 1,"Group Key": ["(SUBSTRING(customer.c_phone FROM 1 FOR 2))"],"Plans": [{"Node Type": "Aggregate","Strategy": "Plain","Partial Mode": "Finalize","Parent Relationship": "InitPlan","Subplan Name": "InitPlan 1 (returns $1)","Parallel Aware": false,"Async Capable": false,"Startup Cost": 6230.83,"Total Cost": 6230.84,"Plan Rows": 1,"Plan Width": 32,"Actual Startup Time": 60.570,"Actual Total Time": 60.781,"Actual Rows": 1,"Actual Loops": 1,"Plans": [{"Node Type": "Gather","Parent Relationship": "Outer","Parallel Aware": false,"Async Capable": false,"Startup Cost": 6230.61,"Total Cost": 6230.82,"Plan Rows": 2,"Plan Width": 32,"Actual Startup Time": 60.462,"Actual Total Time": 60.758,"Actual Rows": 3,"Actual Loops": 1,"Workers Planned": 2,"Workers Launched": 2,"Single Copy": false,"Plans": [{"Node Type": "Aggregate","Strategy": "Plain","Partial Mode": "Partial","Parent Relationship": "Outer","Parallel Aware": false,"Async Capable": false,"Startup Cost": 5230.61,"Total Cost": 5230.62,"Plan Rows": 1,"Plan Width": 32,"Actual Startup Time": 54.299,"Actual Total Time": 54.301,"Actual Rows": 1,"Actual Loops": 3,"Workers": [],"Plans": [{"Node Type": "Seq Scan","Parent Relationship": "Outer","Parallel Aware": true,"Async Capable": false,"Relation Name": "customer","Alias": "customer_1","Startup Cost": 0.00,"Total Cost": 5225.62,"Plan Rows": 1994,"Plan Width": 6,"Actual Startup Time": 0.076,"Actual Total Time": 53.214,"Actual Rows": 12742,"Actual Loops": 3,"Filter": "((c_acctbal > 0.00) AND (SUBSTRING(c_phone FROM 1 FOR 2) = ANY ('{22,18,33,31,30,28,29}'::text[])))","Rows Removed by Filter": 37258,"Workers": []}]}]}]},{"Node Type": "Gather Merge","Parent Relationship": "Outer","Parallel Aware": false,"Async Capable": false,"Startup Cost": 6741.22,"Total Cost": 6821.30,"Plan Rows": 620,"Plan Width": 72,"Actual Startup Time": 138.620,"Actual Total Time": 142.006,"Actual Rows": 21,"Actual Loops": 1,"Workers Planned": 2,"Params Evaluated": ["$1"],"Workers Launched": 2,"Plans": [{"Node Type": "Aggregate","Strategy": "Sorted","Partial Mode": "Partial","Parent Relationship": "Outer","Parallel Aware": false,"Async Capable": false,"Startup Cost": 5741.19,"Total Cost": 5749.72,"Plan Rows": 310,"Plan Width": 72,"Actual Startup Time": 71.367,"Actual Total Time": 71.668,"Actual Rows": 7,"Actual Loops": 3,"Group Key": ["(SUBSTRING(customer.c_phone FROM 1 FOR 2))"],"Workers": [],"Plans": [{"Node Type": "Sort","Parent Relationship": "Outer","Parallel Aware": false,"Async Capable": false,"Startup Cost": 5741.19,"Total Cost": 5741.97,"Plan Rows": 310,"Plan Width": 38,"Actual Startup Time": 71.294,"Actual Total Time": 71.377,"Actual Rows": 2163,"Actual Loops": 3,"Sort Key": ["(SUBSTRING(customer.c_phone FROM 1 FOR 2))"],"Sort Method": "quicksort","Sort Space Used": 235,"Sort Space Type": "Memory","Workers": [{"Worker Number": 0,"Sort Method": "quicksort","Sort Space Used": 149,"Sort Space Type": "Memory"},{"Worker Number": 1,"Sort Method": "quicksort","Sort Space Used": 212,"Sort Space Type": "Memory"}],"Plans": [{"Node Type": "Nested Loop","Parent Relationship": "Outer","Parallel Aware": false,"Async Capable": false,"Join Type": "Anti","Startup Cost": 0.43,"Total Cost": 5728.36,"Plan Rows": 310,"Plan Width": 38,"Actual Startup Time": 0.218,"Actual Total Time": 70.441,"Actual Rows": 2163,"Actual Loops": 3,"Inner Unique": false,"Workers": [],"Plans": [{"Node Type": "Seq Scan","Parent Relationship": "Outer","Parallel Aware": true,"Async Capable": false,"Relation Name": "customer","Alias": "customer","Startup Cost": 0.00,"Total Cost": 5225.62,"Plan Rows": 729,"Plan Width": 26,"Actual Startup Time": 0.031,"Actual Total Time": 45.856,"Actual Rows": 6380,"Actual Loops": 3,"Filter": "((c_acctbal > $1) AND (SUBSTRING(c_phone FROM 1 FOR 2) = ANY ('{22,18,33,31,30,28,29}'::text[])))","Rows Removed by Filter": 43620,"Workers": []},{"Node Type": "Index Only Scan","Parent Relationship": "Inner","Parallel Aware": false,"Async Capable": false,"Scan Direction": "Forward","Index Name": "idx_orders_custkey","Relation Name": "orders","Alias": "orders","Startup Cost": 0.43,"Total Cost": 3.28,"Plan Rows": 17,"Plan Width": 4,"Actual Startup Time": 0.004,"Actual Total Time": 0.004,"Actual Rows": 1,"Actual Loops": 19139,"Index Cond": "(o_custkey = customer.c_custkey)","Rows Removed by Index Recheck": 0,"Heap Fetches": 0,"Workers": []}]}]}]}]}]},"Planning Time": 3.617,"Triggers": [],"Execution Time": 142.594}]
[{"Plan": {"Node Type": "Aggregate","Strategy": "Sorted","Partial Mode": "Finalize","Parallel Aware": false,"Async Capable": false,"Startup Cost": 12972.06,"Total Cost": 13071.37,"Plan Rows": 744,"Plan Width": 72,"Actual Startup Time": 135.765,"Actual Total Time": 139.448,"Actual Rows": 7,"Actual Loops": 1,"Group Key": ["(SUBSTRING(customer.c_phone FROM 1 FOR 2))"],"Plans": [{"Node Type": "Aggregate","Strategy": "Plain","Partial Mode": "Finalize","Parent Relationship": "InitPlan","Subplan Name": "InitPlan 1 (returns $1)","Parallel Aware": false,"Async Capable": false,"Startup Cost": 6230.83,"Total Cost": 6230.84,"Plan Rows": 1,"Plan Width": 32,"Actual Startup Time": 59.931,"Actual Total Time": 60.148,"Actual Rows": 1,"Actual Loops": 1,"Plans": [{"Node Type": "Gather","Parent Relationship": "Outer","Parallel Aware": false,"Async Capable": false,"Startup Cost": 6230.61,"Total Cost": 6230.82,"Plan Rows": 2,"Plan Width": 32,"Actual Startup Time": 59.830,"Actual Total Time": 60.130,"Actual Rows": 3,"Actual Loops": 1,"Workers Planned": 2,"Workers Launched": 2,"Single Copy": false,"Plans": [{"Node Type": "Aggregate","Strategy": "Plain","Partial Mode": "Partial","Parent Relationship": "Outer","Parallel Aware": false,"Async Capable": false,"Startup Cost": 5230.61,"Total Cost": 5230.62,"Plan Rows": 1,"Plan Width": 32,"Actual Startup Time": 54.000,"Actual Total Time": 54.002,"Actual Rows": 1,"Actual Loops": 3,"Workers": [],"Plans": [{"Node Type": "Seq Scan","Parent Relationship": "Outer","Parallel Aware": true,"Async Capable": false,"Relation Name": "customer","Alias": "customer_1","Startup Cost": 0.00,"Total Cost": 5225.62,"Plan Rows": 1994,"Plan Width": 6,"Actual Startup Time": 0.055,"Actual Total Time": 52.893,"Actual Rows": 12699,"Actual Loops": 3,"Filter": "((c_acctbal > 0.00) AND (SUBSTRING(c_phone FROM 1 FOR 2) = ANY ('{21,12,22,23,27,24,25}'::text[])))","Rows Removed by Filter": 37301,"Workers": []}]}]}]},{"Node Type": "Gather Merge","Parent Relationship": "Outer","Parallel Aware": false,"Async Capable": false,"Startup Cost": 6741.22,"Total Cost": 6821.30,"Plan Rows": 620,"Plan Width": 72,"Actual Startup Time": 135.632,"Actual Total Time": 139.165,"Actual Rows": 21,"Actual Loops": 1,"Workers Planned": 2,"Params Evaluated": ["$1"],"Workers Launched": 2,"Plans": [{"Node Type": "Aggregate","Strategy": "Sorted","Partial Mode": "Partial","Parent Relationship": "Outer","Parallel Aware": false,"Async Capable": false,"Startup Cost": 5741.19,"Total Cost": 5749.72,"Plan Rows": 310,"Plan Width": 72,"Actual Startup Time": 69.055,"Actual Total Time": 69.347,"Actual Rows": 7,"Actual Loops": 3,"Group Key": ["(SUBSTRING(customer.c_phone FROM 1 FOR 2))"],"Workers": [],"Plans": [{"Node Type": "Sort","Parent Relationship": "Outer","Parallel Aware": false,"Async Capable": false,"Startup Cost": 5741.19,"Total Cost": 5741.97,"Plan Rows": 310,"Plan Width": 38,"Actual Startup Time": 68.985,"Actual Total Time": 69.063,"Actual Rows": 2099,"Actual Loops": 3,"Sort Key": ["(SUBSTRING(customer.c_phone FROM 1 FOR 2))"],"Sort Method": "quicksort","Sort Space Used": 233,"Sort Space Type": "Memory","Workers": [{"Worker Number": 0,"Sort Method": "quicksort","Sort Space Used": 152,"Sort Space Type": "Memory"},{"Worker Number": 1,"Sort Method": "quicksort","Sort Space Used": 152,"Sort Space Type": "Memory"}],"Plans": [{"Node Type": "Nested Loop","Parent Relationship": "Outer","Parallel Aware": false,"Async Capable": false,"Join Type": "Anti","Startup Cost": 0.43,"Total Cost": 5728.36,"Plan Rows": 310,"Plan Width": 38,"Actual Startup Time": 0.120,"Actual Total Time": 68.198,"Actual Rows": 2099,"Actual Loops": 3,"Inner Unique": false,"Workers": [],"Plans": [{"Node Type": "Seq Scan","Parent Relationship": "Outer","Parallel Aware": true,"Async Capable": false,"Relation Name": "customer","Alias": "customer","Startup Cost": 0.00,"Total Cost": 5225.62,"Plan Rows": 729,"Plan Width": 26,"Actual Startup Time": 0.035,"Actual Total Time": 45.078,"Actual Rows": 6320,"Actual Loops": 3,"Filter": "((c_acctbal > $1) AND (SUBSTRING(c_phone FROM 1 FOR 2) = ANY ('{21,12,22,23,27,24,25}'::text[])))","Rows Removed by Filter": 43680,"Workers": []},{"Node Type": "Index Only Scan","Parent Relationship": "Inner","Parallel Aware": false,"Async Capable": false,"Scan Direction": "Forward","Index Name": "idx_orders_custkey","Relation Name": "orders","Alias": "orders","Startup Cost": 0.43,"Total Cost": 3.28,"Plan Rows": 17,"Plan Width": 4,"Actual Startup Time": 0.003,"Actual Total Time": 0.003,"Actual Rows": 1,"Actual Loops": 18961,"Index Cond": "(o_custkey = customer.c_custkey)","Rows Removed by Index Recheck": 0,"Heap Fetches": 0,"Workers": []}]}]}]}]}]},"Planning Time": 3.488,"Triggers": [],"Execution Time": 139.836}]
[{"Plan": {"Node Type": "Aggregate","Strategy": "Sorted","Partial Mode": "Finalize","Parallel Aware": false,"Async Capable": false,"Startup Cost": 12972.06,"Total Cost": 13071.37,"Plan Rows": 744,"Plan Width": 72,"Actual Startup Time": 135.376,"Actual Total Time": 139.082,"Actual Rows": 7,"Actual Loops": 1,"Group Key": ["(SUBSTRING(customer.c_phone FROM 1 FOR 2))"],"Plans": [{"Node Type": "Aggregate","Strategy": "Plain","Partial Mode": "Finalize","Parent Relationship": "InitPlan","Subplan Name": "InitPlan 1 (returns $1)","Parallel Aware": false,"Async Capable": false,"Startup Cost": 6230.83,"Total Cost": 6230.84,"Plan Rows": 1,"Plan Width": 32,"Actual Startup Time": 58.541,"Actual Total Time": 58.784,"Actual Rows": 1,"Actual Loops": 1,"Plans": [{"Node Type": "Gather","Parent Relationship": "Outer","Parallel Aware": false,"Async Capable": false,"Startup Cost": 6230.61,"Total Cost": 6230.82,"Plan Rows": 2,"Plan Width": 32,"Actual Startup Time": 58.422,"Actual Total Time": 58.768,"Actual Rows": 3,"Actual Loops": 1,"Workers Planned": 2,"Workers Launched": 2,"Single Copy": false,"Plans": [{"Node Type": "Aggregate","Strategy": "Plain","Partial Mode": "Partial","Parent Relationship": "Outer","Parallel Aware": false,"Async Capable": false,"Startup Cost": 5230.61,"Total Cost": 5230.62,"Plan Rows": 1,"Plan Width": 32,"Actual Startup Time": 52.538,"Actual Total Time": 52.539,"Actual Rows": 1,"Actual Loops": 3,"Workers": [],"Plans": [{"Node Type": "Seq Scan","Parent Relationship": "Outer","Parallel Aware": true,"Async Capable": false,"Relation Name": "customer","Alias": "customer_1","Startup Cost": 0.00,"Total Cost": 5225.62,"Plan Rows": 1994,"Plan Width": 6,"Actual Startup Time": 0.046,"Actual Total Time": 51.485,"Actual Rows": 12690,"Actual Loops": 3,"Filter": "((c_acctbal > 0.00) AND (SUBSTRING(c_phone FROM 1 FOR 2) = ANY ('{14,18,25,27,33,31,10}'::text[])))","Rows Removed by Filter": 37310,"Workers": []}]}]}]},{"Node Type": "Gather Merge","Parent Relationship": "Outer","Parallel Aware": false,"Async Capable": false,"Startup Cost": 6741.22,"Total Cost": 6821.30,"Plan Rows": 620,"Plan Width": 72,"Actual Startup Time": 135.236,"Actual Total Time": 138.784,"Actual Rows": 21,"Actual Loops": 1,"Workers Planned": 2,"Params Evaluated": ["$1"],"Workers Launched": 2,"Plans": [{"Node Type": "Aggregate","Strategy": "Sorted","Partial Mode": "Partial","Parent Relationship": "Outer","Parallel Aware": false,"Async Capable": false,"Startup Cost": 5741.19,"Total Cost": 5749.72,"Plan Rows": 310,"Plan Width": 72,"Actual Startup Time": 69.879,"Actual Total Time": 70.188,"Actual Rows": 7,"Actual Loops": 3,"Group Key": ["(SUBSTRING(customer.c_phone FROM 1 FOR 2))"],"Workers": [],"Plans": [{"Node Type": "Sort","Parent Relationship": "Outer","Parallel Aware": false,"Async Capable": false,"Startup Cost": 5741.19,"Total Cost": 5741.97,"Plan Rows": 310,"Plan Width": 38,"Actual Startup Time": 69.809,"Actual Total Time": 69.893,"Actual Rows": 2144,"Actual Loops": 3,"Sort Key": ["(SUBSTRING(customer.c_phone FROM 1 FOR 2))"],"Sort Method": "quicksort","Sort Space Used": 240,"Sort Space Type": "Memory","Workers": [{"Worker Number": 0,"Sort Method": "quicksort","Sort Space Used": 156,"Sort Space Type": "Memory"},{"Worker Number": 1,"Sort Method": "quicksort","Sort Space Used": 149,"Sort Space Type": "Memory"}],"Plans": [{"Node Type": "Nested Loop","Parent Relationship": "Outer","Parallel Aware": false,"Async Capable": false,"Join Type": "Anti","Startup Cost": 0.43,"Total Cost": 5728.36,"Plan Rows": 310,"Plan Width": 38,"Actual Startup Time": 0.156,"Actual Total Time": 69.020,"Actual Rows": 2144,"Actual Loops": 3,"Inner Unique": false,"Workers": [],"Plans": [{"Node Type": "Seq Scan","Parent Relationship": "Outer","Parallel Aware": true,"Async Capable": false,"Relation Name": "customer","Alias": "customer","Startup Cost": 0.00,"Total Cost": 5225.62,"Plan Rows": 729,"Plan Width": 26,"Actual Startup Time": 0.036,"Actual Total Time": 45.603,"Actual Rows": 6324,"Actual Loops": 3,"Filter": "((c_acctbal > $1) AND (SUBSTRING(c_phone FROM 1 FOR 2) = ANY ('{14,18,25,27,33,31,10}'::text[])))","Rows Removed by Filter": 43676,"Workers": []},{"Node Type": "Index Only Scan","Parent Relationship": "Inner","Parallel Aware": false,"Async Capable": false,"Scan Direction": "Forward","Index Name": "idx_orders_custkey","Relation Name": "orders","Alias": "orders","Startup Cost": 0.43,"Total Cost": 3.28,"Plan Rows": 17,"Plan Width": 4,"Actual Startup Time": 0.003,"Actual Total Time": 0.003,"Actual Rows": 1,"Actual Loops": 18972,"Index Cond": "(o_custkey = customer.c_custkey)","Rows Removed by Index Recheck": 0,"Heap Fetches": 0,"Workers": []}]}]}]}]}]},"Planning Time": 4.470,"Triggers": [],"Execution Time": 139.501}]
[{"Plan": {"Node Type": "Aggregate","Strategy": "Sorted","Partial Mode": "Finalize","Parallel Aware": false,"Async Capable": false,"Startup Cost": 12972.06,"Total Cost": 13071.37,"Plan Rows": 744,"Plan Width": 72,"Actual Startup Time": 136.535,"Actual Total Time": 139.947,"Actual Rows": 7,"Actual Loops": 1,"Group Key": ["(SUBSTRING(customer.c_phone FROM 1 FOR 2))"],"Plans": [{"Node Type": "Aggregate","Strategy": "Plain","Partial Mode": "Finalize","Parent Relationship": "InitPlan","Subplan Name": "InitPlan 1 (returns $1)","Parallel Aware": false,"Async Capable": false,"Startup Cost": 6230.83,"Total Cost": 6230.84,"Plan Rows": 1,"Plan Width": 32,"Actual Startup Time": 58.965,"Actual Total Time": 59.161,"Actual Rows": 1,"Actual Loops": 1,"Plans": [{"Node Type": "Gather","Parent Relationship": "Outer","Parallel Aware": false,"Async Capable": false,"Startup Cost": 6230.61,"Total Cost": 6230.82,"Plan Rows": 2,"Plan Width": 32,"Actual Startup Time": 58.852,"Actual Total Time": 59.148,"Actual Rows": 3,"Actual Loops": 1,"Workers Planned": 2,"Workers Launched": 2,"Single Copy": false,"Plans": [{"Node Type": "Aggregate","Strategy": "Plain","Partial Mode": "Partial","Parent Relationship": "Outer","Parallel Aware": false,"Async Capable": false,"Startup Cost": 5230.61,"Total Cost": 5230.62,"Plan Rows": 1,"Plan Width": 32,"Actual Startup Time": 52.625,"Actual Total Time": 52.627,"Actual Rows": 1,"Actual Loops": 3,"Workers": [],"Plans": [{"Node Type": "Seq Scan","Parent Relationship": "Outer","Parallel Aware": true,"Async Capable": false,"Relation Name": "customer","Alias": "customer_1","Startup Cost": 0.00,"Total Cost": 5225.62,"Plan Rows": 1994,"Plan Width": 6,"Actual Startup Time": 0.060,"Actual Total Time": 51.540,"Actual Rows": 12777,"Actual Loops": 3,"Filter": "((c_acctbal > 0.00) AND (SUBSTRING(c_phone FROM 1 FOR 2) = ANY ('{26,32,11,23,29,13,20}'::text[])))","Rows Removed by Filter": 37223,"Workers": []}]}]}]},{"Node Type": "Gather Merge","Parent Relationship": "Outer","Parallel Aware": false,"Async Capable": false,"Startup Cost": 6741.22,"Total Cost": 6821.30,"Plan Rows": 620,"Plan Width": 72,"Actual Startup Time": 136.427,"Actual Total Time": 139.709,"Actual Rows": 21,"Actual Loops": 1,"Workers Planned": 2,"Params Evaluated": ["$1"],"Workers Launched": 2,"Plans": [{"Node Type": "Aggregate","Strategy": "Sorted","Partial Mode": "Partial","Parent Relationship": "Outer","Parallel Aware": false,"Async Capable": false,"Startup Cost": 5741.19,"Total Cost": 5749.72,"Plan Rows": 310,"Plan Width": 72,"Actual Startup Time": 70.726,"Actual Total Time": 71.030,"Actual Rows": 7,"Actual Loops": 3,"Group Key": ["(SUBSTRING(customer.c_phone FROM 1 FOR 2))"],"Workers": [],"Plans": [{"Node Type": "Sort","Parent Relationship": "Outer","Parallel Aware": false,"Async Capable": false,"Startup Cost": 5741.19,"Total Cost": 5741.97,"Plan Rows": 310,"Plan Width": 38,"Actual Startup Time": 70.650,"Actual Total Time": 70.734,"Actual Rows": 2108,"Actual Loops": 3,"Sort Key": ["(SUBSTRING(customer.c_phone FROM 1 FOR 2))"],"Sort Method": "quicksort","Sort Space Used": 233,"Sort Space Type": "Memory","Workers": [{"Worker Number": 0,"Sort Method": "quicksort","Sort Space Used": 150,"Sort Space Type": "Memory"},{"Worker Number": 1,"Sort Method": "quicksort","Sort Space Used": 156,"Sort Space Type": "Memory"}],"Plans": [{"Node Type": "Nested Loop","Parent Relationship": "Outer","Parallel Aware": false,"Async Capable": false,"Join Type": "Anti","Startup Cost": 0.43,"Total Cost": 5728.36,"Plan Rows": 310,"Plan Width": 38,"Actual Startup Time": 0.152,"Actual Total Time": 69.880,"Actual Rows": 2108,"Actual Loops": 3,"Inner Unique": false,"Workers": [],"Plans": [{"Node Type": "Seq Scan","Parent Relationship": "Outer","Parallel Aware": true,"Async Capable": false,"Relation Name": "customer","Alias": "customer","Startup Cost": 0.00,"Total Cost": 5225.62,"Plan Rows": 729,"Plan Width": 26,"Actual Startup Time": 0.034,"Actual Total Time": 45.914,"Actual Rows": 6388,"Actual Loops": 3,"Filter": "((c_acctbal > $1) AND (SUBSTRING(c_phone FROM 1 FOR 2) = ANY ('{26,32,11,23,29,13,20}'::text[])))","Rows Removed by Filter": 43612,"Workers": []},{"Node Type": "Index Only Scan","Parent Relationship": "Inner","Parallel Aware": false,"Async Capable": false,"Scan Direction": "Forward","Index Name": "idx_orders_custkey","Relation Name": "orders","Alias": "orders","Startup Cost": 0.43,"Total Cost": 3.28,"Plan Rows": 17,"Plan Width": 4,"Actual Startup Time": 0.003,"Actual Total Time": 0.003,"Actual Rows": 1,"Actual Loops": 19163,"Index Cond": "(o_custkey = customer.c_custkey)","Rows Removed by Index Recheck": 0,"Heap Fetches": 0,"Workers": []}]}]}]}]}]},"Planning Time": 4.630,"Triggers": [],"Execution Time": 140.384}]
[{"Plan": {"Node Type": "Aggregate","Strategy": "Sorted","Partial Mode": "Finalize","Parallel Aware": false,"Async Capable": false,"Startup Cost": 12972.06,"Total Cost": 13071.37,"Plan Rows": 744,"Plan Width": 72,"Actual Startup Time": 139.539,"Actual Total Time": 142.911,"Actual Rows": 7,"Actual Loops": 1,"Group Key": ["(SUBSTRING(customer.c_phone FROM 1 FOR 2))"],"Plans": [{"Node Type": "Aggregate","Strategy": "Plain","Partial Mode": "Finalize","Parent Relationship": "InitPlan","Subplan Name": "InitPlan 1 (returns $1)","Parallel Aware": false,"Async Capable": false,"Startup Cost": 6230.83,"Total Cost": 6230.84,"Plan Rows": 1,"Plan Width": 32,"Actual Startup Time": 62.512,"Actual Total Time": 62.747,"Actual Rows": 1,"Actual Loops": 1,"Plans": [{"Node Type": "Gather","Parent Relationship": "Outer","Parallel Aware": false,"Async Capable": false,"Startup Cost": 6230.61,"Total Cost": 6230.82,"Plan Rows": 2,"Plan Width": 32,"Actual Startup Time": 62.428,"Actual Total Time": 62.727,"Actual Rows": 3,"Actual Loops": 1,"Workers Planned": 2,"Workers Launched": 2,"Single Copy": false,"Plans": [{"Node Type": "Aggregate","Strategy": "Plain","Partial Mode": "Partial","Parent Relationship": "Outer","Parallel Aware": false,"Async Capable": false,"Startup Cost": 5230.61,"Total Cost": 5230.62,"Plan Rows": 1,"Plan Width": 32,"Actual Startup Time": 56.634,"Actual Total Time": 56.635,"Actual Rows": 1,"Actual Loops": 3,"Workers": [],"Plans": [{"Node Type": "Seq Scan","Parent Relationship": "Outer","Parallel Aware": true,"Async Capable": false,"Relation Name": "customer","Alias": "customer_1","Startup Cost": 0.00,"Total Cost": 5225.62,"Plan Rows": 1994,"Plan Width": 6,"Actual Startup Time": 0.057,"Actual Total Time": 55.557,"Actual Rows": 12652,"Actual Loops": 3,"Filter": "((c_acctbal > 0.00) AND (SUBSTRING(c_phone FROM 1 FOR 2) = ANY ('{27,26,12,14,31,10,15}'::text[])))","Rows Removed by Filter": 37348,"Workers": []}]}]}]},{"Node Type": "Gather Merge","Parent Relationship": "Outer","Parallel Aware": false,"Async Capable": false,"Startup Cost": 6741.22,"Total Cost": 6821.30,"Plan Rows": 620,"Plan Width": 72,"Actual Startup Time": 139.287,"Actual Total Time": 142.602,"Actual Rows": 21,"Actual Loops": 1,"Workers Planned": 2,"Params Evaluated": ["$1"],"Workers Launched": 2,"Plans": [{"Node Type": "Aggregate","Strategy": "Sorted","Partial Mode": "Partial","Parent Relationship": "Outer","Parallel Aware": false,"Async Capable": false,"Startup Cost": 5741.19,"Total Cost": 5749.72,"Plan Rows": 310,"Plan Width": 72,"Actual Startup Time": 69.672,"Actual Total Time": 70.057,"Actual Rows": 7,"Actual Loops": 3,"Group Key": ["(SUBSTRING(customer.c_phone FROM 1 FOR 2))"],"Workers": [],"Plans": [{"Node Type": "Sort","Parent Relationship": "Outer","Parallel Aware": false,"Async Capable": false,"Startup Cost": 5741.19,"Total Cost": 5741.97,"Plan Rows": 310,"Plan Width": 38,"Actual Startup Time": 69.600,"Actual Total Time": 69.698,"Actual Rows": 2088,"Actual Loops": 3,"Sort Key": ["(SUBSTRING(customer.c_phone FROM 1 FOR 2))"],"Sort Method": "quicksort","Sort Space Used": 225,"Sort Space Type": "Memory","Workers": [{"Worker Number": 0,"Sort Method": "quicksort","Sort Space Used": 153,"Sort Space Type": "Memory"},{"Worker Number": 1,"Sort Method": "quicksort","Sort Space Used": 157,"Sort Space Type": "Memory"}],"Plans": [{"Node Type": "Nested Loop","Parent Relationship": "Outer","Parallel Aware": false,"Async Capable": false,"Join Type": "Anti","Startup Cost": 0.43,"Total Cost": 5728.36,"Plan Rows": 310,"Plan Width": 38,"Actual Startup Time": 0.190,"Actual Total Time": 68.744,"Actual Rows": 2088,"Actual Loops": 3,"Inner Unique": false,"Workers": [],"Plans": [{"Node Type": "Seq Scan","Parent Relationship": "Outer","Parallel Aware": true,"Async Capable": false,"Relation Name": "customer","Alias": "customer","Startup Cost": 0.00,"Total Cost": 5225.62,"Plan Rows": 729,"Plan Width": 26,"Actual Startup Time": 0.038,"Actual Total Time": 45.156,"Actual Rows": 6298,"Actual Loops": 3,"Filter": "((c_acctbal > $1) AND (SUBSTRING(c_phone FROM 1 FOR 2) = ANY ('{27,26,12,14,31,10,15}'::text[])))","Rows Removed by Filter": 43702,"Workers": []},{"Node Type": "Index Only Scan","Parent Relationship": "Inner","Parallel Aware": false,"Async Capable": false,"Scan Direction": "Forward","Index Name": "idx_orders_custkey","Relation Name": "orders","Alias": "orders","Startup Cost": 0.43,"Total Cost": 3.28,"Plan Rows": 17,"Plan Width": 4,"Actual Startup Time": 0.003,"Actual Total Time": 0.003,"Actual Rows": 1,"Actual Loops": 18894,"Index Cond": "(o_custkey = customer.c_custkey)","Rows Removed by Index Recheck": 0,"Heap Fetches": 0,"Workers": []}]}]}]}]}]},"Planning Time": 3.597,"Triggers": [],"Execution Time": 143.215}]
[{"Plan": {"Node Type": "Aggregate","Strategy": "Sorted","Partial Mode": "Finalize","Parallel Aware": false,"Async Capable": false,"Startup Cost": 12972.06,"Total Cost": 13071.37,"Plan Rows": 744,"Plan Width": 72,"Actual Startup Time": 139.851,"Actual Total Time": 143.488,"Actual Rows": 7,"Actual Loops": 1,"Group Key": ["(SUBSTRING(customer.c_phone FROM 1 FOR 2))"],"Plans": [{"Node Type": "Aggregate","Strategy": "Plain","Partial Mode": "Finalize","Parent Relationship": "InitPlan","Subplan Name": "InitPlan 1 (returns $1)","Parallel Aware": false,"Async Capable": false,"Startup Cost": 6230.83,"Total Cost": 6230.84,"Plan Rows": 1,"Plan Width": 32,"Actual Startup Time": 61.797,"Actual Total Time": 61.960,"Actual Rows": 1,"Actual Loops": 1,"Plans": [{"Node Type": "Gather","Parent Relationship": "Outer","Parallel Aware": false,"Async Capable": false,"Startup Cost": 6230.61,"Total Cost": 6230.82,"Plan Rows": 2,"Plan Width": 32,"Actual Startup Time": 61.712,"Actual Total Time": 61.940,"Actual Rows": 3,"Actual Loops": 1,"Workers Planned": 2,"Workers Launched": 2,"Single Copy": false,"Plans": [{"Node Type": "Aggregate","Strategy": "Plain","Partial Mode": "Partial","Parent Relationship": "Outer","Parallel Aware": false,"Async Capable": false,"Startup Cost": 5230.61,"Total Cost": 5230.62,"Plan Rows": 1,"Plan Width": 32,"Actual Startup Time": 55.815,"Actual Total Time": 55.818,"Actual Rows": 1,"Actual Loops": 3,"Workers": [],"Plans": [{"Node Type": "Seq Scan","Parent Relationship": "Outer","Parallel Aware": true,"Async Capable": false,"Relation Name": "customer","Alias": "customer_1","Startup Cost": 0.00,"Total Cost": 5225.62,"Plan Rows": 1994,"Plan Width": 6,"Actual Startup Time": 0.056,"Actual Total Time": 54.746,"Actual Rows": 12727,"Actual Loops": 3,"Filter": "((c_acctbal > 0.00) AND (SUBSTRING(c_phone FROM 1 FOR 2) = ANY ('{16,31,15,14,27,30,19}'::text[])))","Rows Removed by Filter": 37273,"Workers": []}]}]}]},{"Node Type": "Gather Merge","Parent Relationship": "Outer","Parallel Aware": false,"Async Capable": false,"Startup Cost": 6741.22,"Total Cost": 6821.30,"Plan Rows": 620,"Plan Width": 72,"Actual Startup Time": 139.722,"Actual Total Time": 143.248,"Actual Rows": 21,"Actual Loops": 1,"Workers Planned": 2,"Params Evaluated": ["$1"],"Workers Launched": 2,"Plans": [{"Node Type": "Aggregate","Strategy": "Sorted","Partial Mode": "Partial","Parent Relationship": "Outer","Parallel Aware": false,"Async Capable": false,"Startup Cost": 5741.19,"Total Cost": 5749.72,"Plan Rows": 310,"Plan Width": 72,"Actual Startup Time": 71.298,"Actual Total Time": 71.589,"Actual Rows": 7,"Actual Loops": 3,"Group Key": ["(SUBSTRING(customer.c_phone FROM 1 FOR 2))"],"Workers": [],"Plans": [{"Node Type": "Sort","Parent Relationship": "Outer","Parallel Aware": false,"Async Capable": false,"Startup Cost": 5741.19,"Total Cost": 5741.97,"Plan Rows": 310,"Plan Width": 38,"Actual Startup Time": 71.230,"Actual Total Time": 71.308,"Actual Rows": 2133,"Actual Loops": 3,"Sort Key": ["(SUBSTRING(customer.c_phone FROM 1 FOR 2))"],"Sort Method": "quicksort","Sort Space Used": 237,"Sort Space Type": "Memory","Workers": [{"Worker Number": 0,"Sort Method": "quicksort","Sort Space Used": 155,"Sort Space Type": "Memory"},{"Worker Number": 1,"Sort Method": "quicksort","Sort Space Used": 151,"Sort Space Type": "Memory"}],"Plans": [{"Node Type": "Nested Loop","Parent Relationship": "Outer","Parallel Aware": false,"Async Capable": false,"Join Type": "Anti","Startup Cost": 0.43,"Total Cost": 5728.36,"Plan Rows": 310,"Plan Width": 38,"Actual Startup Time": 0.117,"Actual Total Time": 70.449,"Actual Rows": 2133,"Actual Loops": 3,"Inner Unique": false,"Workers": [],"Plans": [{"Node Type": "Seq Scan","Parent Relationship": "Outer","Parallel Aware": true,"Async Capable": false,"Relation Name": "customer","Alias": "customer","Startup Cost": 0.00,"Total Cost": 5225.62,"Plan Rows": 729,"Plan Width": 26,"Actual Startup Time": 0.024,"Actual Total Time": 46.649,"Actual Rows": 6340,"Actual Loops": 3,"Filter": "((c_acctbal > $1) AND (SUBSTRING(c_phone FROM 1 FOR 2) = ANY ('{16,31,15,14,27,30,19}'::text[])))","Rows Removed by Filter": 43660,"Workers": []},{"Node Type": "Index Only Scan","Parent Relationship": "Inner","Parallel Aware": false,"Async Capable": false,"Scan Direction": "Forward","Index Name": "idx_orders_custkey","Relation Name": "orders","Alias": "orders","Startup Cost": 0.43,"Total Cost": 3.28,"Plan Rows": 17,"Plan Width": 4,"Actual Startup Time": 0.003,"Actual Total Time": 0.003,"Actual Rows": 1,"Actual Loops": 19020,"Index Cond": "(o_custkey = customer.c_custkey)","Rows Removed by Index Recheck": 0,"Heap Fetches": 0,"Workers": []}]}]}]}]}]},"Planning Time": 4.783,"Triggers": [],"Execution Time": 143.876}]
[{"Plan": {"Node Type": "Aggregate","Strategy": "Sorted","Partial Mode": "Finalize","Parallel Aware": false,"Async Capable": false,"Startup Cost": 12972.06,"Total Cost": 13071.37,"Plan Rows": 744,"Plan Width": 72,"Actual Startup Time": 133.587,"Actual Total Time": 137.306,"Actual Rows": 7,"Actual Loops": 1,"Group Key": ["(SUBSTRING(customer.c_phone FROM 1 FOR 2))"],"Plans": [{"Node Type": "Aggregate","Strategy": "Plain","Partial Mode": "Finalize","Parent Relationship": "InitPlan","Subplan Name": "InitPlan 1 (returns $1)","Parallel Aware": false,"Async Capable": false,"Startup Cost": 6230.83,"Total Cost": 6230.84,"Plan Rows": 1,"Plan Width": 32,"Actual Startup Time": 61.757,"Actual Total Time": 62.092,"Actual Rows": 1,"Actual Loops": 1,"Plans": [{"Node Type": "Gather","Parent Relationship": "Outer","Parallel Aware": false,"Async Capable": false,"Startup Cost": 6230.61,"Total Cost": 6230.82,"Plan Rows": 2,"Plan Width": 32,"Actual Startup Time": 61.670,"Actual Total Time": 62.072,"Actual Rows": 3,"Actual Loops": 1,"Workers Planned": 2,"Workers Launched": 2,"Single Copy": false,"Plans": [{"Node Type": "Aggregate","Strategy": "Plain","Partial Mode": "Partial","Parent Relationship": "Outer","Parallel Aware": false,"Async Capable": false,"Startup Cost": 5230.61,"Total Cost": 5230.62,"Plan Rows": 1,"Plan Width": 32,"Actual Startup Time": 55.434,"Actual Total Time": 55.437,"Actual Rows": 1,"Actual Loops": 3,"Workers": [],"Plans": [{"Node Type": "Seq Scan","Parent Relationship": "Outer","Parallel Aware": true,"Async Capable": false,"Relation Name": "customer","Alias": "customer_1","Startup Cost": 0.00,"Total Cost": 5225.62,"Plan Rows": 1994,"Plan Width": 6,"Actual Startup Time": 0.054,"Actual Total Time": 54.362,"Actual Rows": 12656,"Actual Loops": 3,"Filter": "((c_acctbal > 0.00) AND (SUBSTRING(c_phone FROM 1 FOR 2) = ANY ('{18,16,11,17,10,26,22}'::text[])))","Rows Removed by Filter": 37344,"Workers": []}]}]}]},{"Node Type": "Gather Merge","Parent Relationship": "Outer","Parallel Aware": false,"Async Capable": false,"Startup Cost": 6741.22,"Total Cost": 6821.30,"Plan Rows": 620,"Plan Width": 72,"Actual Startup Time": 133.491,"Actual Total Time": 136.922,"Actual Rows": 21,"Actual Loops": 1,"Workers Planned": 2,"Params Evaluated": ["$1"],"Workers Launched": 2,"Plans": [{"Node Type": "Aggregate","Strategy": "Sorted","Partial Mode": "Partial","Parent Relationship": "Outer","Parallel Aware": false,"Async Capable": false,"Startup Cost": 5741.19,"Total Cost": 5749.72,"Plan Rows": 310,"Plan Width": 72,"Actual Startup Time": 64.918,"Actual Total Time": 65.220,"Actual Rows": 7,"Actual Loops": 3,"Group Key": ["(SUBSTRING(customer.c_phone FROM 1 FOR 2))"],"Workers": [],"Plans": [{"Node Type": "Sort","Parent Relationship": "Outer","Parallel Aware": false,"Async Capable": false,"Startup Cost": 5741.19,"Total Cost": 5741.97,"Plan Rows": 310,"Plan Width": 38,"Actual Startup Time": 64.838,"Actual Total Time": 64.919,"Actual Rows": 2080,"Actual Loops": 3,"Sort Key": ["(SUBSTRING(customer.c_phone FROM 1 FOR 2))"],"Sort Method": "quicksort","Sort Space Used": 229,"Sort Space Type": "Memory","Workers": [{"Worker Number": 0,"Sort Method": "quicksort","Sort Space Used": 153,"Sort Space Type": "Memory"},{"Worker Number": 1,"Sort Method": "quicksort","Sort Space Used": 153,"Sort Space Type": "Memory"}],"Plans": [{"Node Type": "Nested Loop","Parent Relationship": "Outer","Parallel Aware": false,"Async Capable": false,"Join Type": "Anti","Startup Cost": 0.43,"Total Cost": 5728.36,"Plan Rows": 310,"Plan Width": 38,"Actual Startup Time": 0.211,"Actual Total Time": 64.071,"Actual Rows": 2080,"Actual Loops": 3,"Inner Unique": false,"Workers": [],"Plans": [{"Node Type": "Seq Scan","Parent Relationship": "Outer","Parallel Aware": true,"Async Capable": false,"Relation Name": "customer","Alias": "customer","Startup Cost": 0.00,"Total Cost": 5225.62,"Plan Rows": 729,"Plan Width": 26,"Actual Startup Time": 0.038,"Actual Total Time": 43.173,"Actual Rows": 6313,"Actual Loops": 3,"Filter": "((c_acctbal > $1) AND (SUBSTRING(c_phone FROM 1 FOR 2) = ANY ('{18,16,11,17,10,26,22}'::text[])))","Rows Removed by Filter": 43687,"Workers": []},{"Node Type": "Index Only Scan","Parent Relationship": "Inner","Parallel Aware": false,"Async Capable": false,"Scan Direction": "Forward","Index Name": "idx_orders_custkey","Relation Name": "orders","Alias": "orders","Startup Cost": 0.43,"Total Cost": 3.28,"Plan Rows": 17,"Plan Width": 4,"Actual Startup Time": 0.003,"Actual Total Time": 0.003,"Actual Rows": 1,"Actual Loops": 18939,"Index Cond": "(o_custkey = customer.c_custkey)","Rows Removed by Index Recheck": 0,"Heap Fetches": 0,"Workers": []}]}]}]}]}]},"Planning Time": 4.173,"Triggers": [],"Execution Time": 137.698}]
[{"Plan": {"Node Type": "Aggregate","Strategy": "Sorted","Partial Mode": "Finalize","Parallel Aware": false,"Async Capable": false,"Startup Cost": 12972.06,"Total Cost": 13071.37,"Plan Rows": 744,"Plan Width": 72,"Actual Startup Time": 140.482,"Actual Total Time": 143.880,"Actual Rows": 7,"Actual Loops": 1,"Group Key": ["(SUBSTRING(customer.c_phone FROM 1 FOR 2))"],"Plans": [{"Node Type": "Aggregate","Strategy": "Plain","Partial Mode": "Finalize","Parent Relationship": "InitPlan","Subplan Name": "InitPlan 1 (returns $1)","Parallel Aware": false,"Async Capable": false,"Startup Cost": 6230.83,"Total Cost": 6230.84,"Plan Rows": 1,"Plan Width": 32,"Actual Startup Time": 61.997,"Actual Total Time": 62.156,"Actual Rows": 1,"Actual Loops": 1,"Plans": [{"Node Type": "Gather","Parent Relationship": "Outer","Parallel Aware": false,"Async Capable": false,"Startup Cost": 6230.61,"Total Cost": 6230.82,"Plan Rows": 2,"Plan Width": 32,"Actual Startup Time": 61.894,"Actual Total Time": 62.135,"Actual Rows": 3,"Actual Loops": 1,"Workers Planned": 2,"Workers Launched": 2,"Single Copy": false,"Plans": [{"Node Type": "Aggregate","Strategy": "Plain","Partial Mode": "Partial","Parent Relationship": "Outer","Parallel Aware": false,"Async Capable": false,"Startup Cost": 5230.61,"Total Cost": 5230.62,"Plan Rows": 1,"Plan Width": 32,"Actual Startup Time": 56.168,"Actual Total Time": 56.169,"Actual Rows": 1,"Actual Loops": 3,"Workers": [],"Plans": [{"Node Type": "Seq Scan","Parent Relationship": "Outer","Parallel Aware": true,"Async Capable": false,"Relation Name": "customer","Alias": "customer_1","Startup Cost": 0.00,"Total Cost": 5225.62,"Plan Rows": 1994,"Plan Width": 6,"Actual Startup Time": 0.057,"Actual Total Time": 55.043,"Actual Rows": 12764,"Actual Loops": 3,"Filter": "((c_acctbal > 0.00) AND (SUBSTRING(c_phone FROM 1 FOR 2) = ANY ('{13,29,17,14,12,32,18}'::text[])))","Rows Removed by Filter": 37236,"Workers": []}]}]}]},{"Node Type": "Gather Merge","Parent Relationship": "Outer","Parallel Aware": false,"Async Capable": false,"Startup Cost": 6741.22,"Total Cost": 6821.30,"Plan Rows": 620,"Plan Width": 72,"Actual Startup Time": 140.345,"Actual Total Time": 143.661,"Actual Rows": 21,"Actual Loops": 1,"Workers Planned": 2,"Params Evaluated": ["$1"],"Workers Launched": 2,"Plans": [{"Node Type": "Aggregate","Strategy": "Sorted","Partial Mode": "Partial","Parent Relationship": "Outer","Parallel Aware": false,"Async Capable": false,"Startup Cost": 5741.19,"Total Cost": 5749.72,"Plan Rows": 310,"Plan Width": 72,"Actual Startup Time": 71.534,"Actual Total Time": 71.845,"Actual Rows": 7,"Actual Loops": 3,"Group Key": ["(SUBSTRING(customer.c_phone FROM 1 FOR 2))"],"Workers": [],"Plans": [{"Node Type": "Sort","Parent Relationship": "Outer","Parallel Aware": false,"Async Capable": false,"Startup Cost": 5741.19,"Total Cost": 5741.97,"Plan Rows": 310,"Plan Width": 38,"Actual Startup Time": 71.466,"Actual Total Time": 71.550,"Actual Rows": 2130,"Actual Loops": 3,"Sort Key": ["(SUBSTRING(customer.c_phone FROM 1 FOR 2))"],"Sort Method": "quicksort","Sort Space Used": 233,"Sort Space Type": "Memory","Workers": [{"Worker Number": 0,"Sort Method": "quicksort","Sort Space Used": 159,"Sort Space Type": "Memory"},{"Worker Number": 1,"Sort Method": "quicksort","Sort Space Used": 150,"Sort Space Type": "Memory"}],"Plans": [{"Node Type": "Nested Loop","Parent Relationship": "Outer","Parallel Aware": false,"Async Capable": false,"Join Type": "Anti","Startup Cost": 0.43,"Total Cost": 5728.36,"Plan Rows": 310,"Plan Width": 38,"Actual Startup Time": 0.160,"Actual Total Time": 70.649,"Actual Rows": 2130,"Actual Loops": 3,"Inner Unique": false,"Workers": [],"Plans": [{"Node Type": "Seq Scan","Parent Relationship": "Outer","Parallel Aware": true,"Async Capable": false,"Relation Name": "customer","Alias": "customer","Startup Cost": 0.00,"Total Cost": 5225.62,"Plan Rows": 729,"Plan Width": 26,"Actual Startup Time": 0.044,"Actual Total Time": 46.717,"Actual Rows": 6365,"Actual Loops": 3,"Filter": "((c_acctbal > $1) AND (SUBSTRING(c_phone FROM 1 FOR 2) = ANY ('{13,29,17,14,12,32,18}'::text[])))","Rows Removed by Filter": 43635,"Workers": []},{"Node Type": "Index Only Scan","Parent Relationship": "Inner","Parallel Aware": false,"Async Capable": false,"Scan Direction": "Forward","Index Name": "idx_orders_custkey","Relation Name": "orders","Alias": "orders","Startup Cost": 0.43,"Total Cost": 3.28,"Plan Rows": 17,"Plan Width": 4,"Actual Startup Time": 0.003,"Actual Total Time": 0.003,"Actual Rows": 1,"Actual Loops": 19094,"Index Cond": "(o_custkey = customer.c_custkey)","Rows Removed by Index Recheck": 0,"Heap Fetches": 0,"Workers": []}]}]}]}]}]},"Planning Time": 3.946,"Triggers": [],"Execution Time": 144.180}]
[{"Plan": {"Node Type": "Aggregate","Strategy": "Sorted","Partial Mode": "Finalize","Parallel Aware": false,"Async Capable": false,"Startup Cost": 12972.06,"Total Cost": 13071.37,"Plan Rows": 744,"Plan Width": 72,"Actual Startup Time": 131.009,"Actual Total Time": 135.640,"Actual Rows": 7,"Actual Loops": 1,"Group Key": ["(SUBSTRING(customer.c_phone FROM 1 FOR 2))"],"Plans": [{"Node Type": "Aggregate","Strategy": "Plain","Partial Mode": "Finalize","Parent Relationship": "InitPlan","Subplan Name": "InitPlan 1 (returns $1)","Parallel Aware": false,"Async Capable": false,"Startup Cost": 6230.83,"Total Cost": 6230.84,"Plan Rows": 1,"Plan Width": 32,"Actual Startup Time": 60.522,"Actual Total Time": 60.705,"Actual Rows": 1,"Actual Loops": 1,"Plans": [{"Node Type": "Gather","Parent Relationship": "Outer","Parallel Aware": false,"Async Capable": false,"Startup Cost": 6230.61,"Total Cost": 6230.82,"Plan Rows": 2,"Plan Width": 32,"Actual Startup Time": 60.424,"Actual Total Time": 60.687,"Actual Rows": 3,"Actual Loops": 1,"Workers Planned": 2,"Workers Launched": 2,"Single Copy": false,"Plans": [{"Node Type": "Aggregate","Strategy": "Plain","Partial Mode": "Partial","Parent Relationship": "Outer","Parallel Aware": false,"Async Capable": false,"Startup Cost": 5230.61,"Total Cost": 5230.62,"Plan Rows": 1,"Plan Width": 32,"Actual Startup Time": 54.383,"Actual Total Time": 54.385,"Actual Rows": 1,"Actual Loops": 3,"Workers": [],"Plans": [{"Node Type": "Seq Scan","Parent Relationship": "Outer","Parallel Aware": true,"Async Capable": false,"Relation Name": "customer","Alias": "customer_1","Startup Cost": 0.00,"Total Cost": 5225.62,"Plan Rows": 1994,"Plan Width": 6,"Actual Startup Time": 0.046,"Actual Total Time": 53.336,"Actual Rows": 12682,"Actual Loops": 3,"Filter": "((c_acctbal > 0.00) AND (SUBSTRING(c_phone FROM 1 FOR 2) = ANY ('{11,10,19,15,14,30,31}'::text[])))","Rows Removed by Filter": 37318,"Workers": []}]}]}]},{"Node Type": "Gather Merge","Parent Relationship": "Outer","Parallel Aware": false,"Async Capable": false,"Startup Cost": 6741.22,"Total Cost": 6821.30,"Plan Rows": 620,"Plan Width": 72,"Actual Startup Time": 130.938,"Actual Total Time": 135.423,"Actual Rows": 21,"Actual Loops": 1,"Workers Planned": 2,"Params Evaluated": ["$1"],"Workers Launched": 2,"Plans": [{"Node Type": "Aggregate","Strategy": "Sorted","Partial Mode": "Partial","Parent Relationship": "Outer","Parallel Aware": false,"Async Capable": false,"Startup Cost": 5741.19,"Total Cost": 5749.72,"Plan Rows": 310,"Plan Width": 72,"Actual Startup Time": 63.184,"Actual Total Time": 63.493,"Actual Rows": 7,"Actual Loops": 3,"Group Key": ["(SUBSTRING(customer.c_phone FROM 1 FOR 2))"],"Workers": [],"Plans": [{"Node Type": "Sort","Parent Relationship": "Outer","Parallel Aware": false,"Async Capable": false,"Startup Cost": 5741.19,"Total Cost": 5741.97,"Plan Rows": 310,"Plan Width": 38,"Actual Startup Time": 63.107,"Actual Total Time": 63.191,"Actual Rows": 2140,"Actual Loops": 3,"Sort Key": ["(SUBSTRING(customer.c_phone FROM 1 FOR 2))"],"Sort Method": "quicksort","Sort Space Used": 226,"Sort Space Type": "Memory","Workers": [{"Worker Number": 0,"Sort Method": "quicksort","Sort Space Used": 208,"Sort Space Type": "Memory"},{"Worker Number": 1,"Sort Method": "quicksort","Sort Space Used": 157,"Sort Space Type": "Memory"}],"Plans": [{"Node Type": "Nested Loop","Parent Relationship": "Outer","Parallel Aware": false,"Async Capable": false,"Join Type": "Anti","Startup Cost": 0.43,"Total Cost": 5728.36,"Plan Rows": 310,"Plan Width": 38,"Actual Startup Time": 0.118,"Actual Total Time": 62.331,"Actual Rows": 2140,"Actual Loops": 3,"Inner Unique": false,"Workers": [],"Plans": [{"Node Type": "Seq Scan","Parent Relationship": "Outer","Parallel Aware": true,"Async Capable": false,"Relation Name": "customer","Alias": "customer","Startup Cost": 0.00,"Total Cost": 5225.62,"Plan Rows": 729,"Plan Width": 26,"Actual Startup Time": 0.028,"Actual Total Time": 41.041,"Actual Rows": 6310,"Actual Loops": 3,"Filter": "((c_acctbal > $1) AND (SUBSTRING(c_phone FROM 1 FOR 2) = ANY ('{11,10,19,15,14,30,31}'::text[])))","Rows Removed by Filter": 43690,"Workers": []},{"Node Type": "Index Only Scan","Parent Relationship": "Inner","Parallel Aware": false,"Async Capable": false,"Scan Direction": "Forward","Index Name": "idx_orders_custkey","Relation Name": "orders","Alias": "orders","Startup Cost": 0.43,"Total Cost": 3.28,"Plan Rows": 17,"Plan Width": 4,"Actual Startup Time": 0.003,"Actual Total Time": 0.003,"Actual Rows": 1,"Actual Loops": 18931,"Index Cond": "(o_custkey = customer.c_custkey)","Rows Removed by Index Recheck": 0,"Heap Fetches": 0,"Workers": []}]}]}]}]}]},"Planning Time": 4.803,"Triggers": [],"Execution Time": 136.064}]
[{"Plan": {"Node Type": "Aggregate","Strategy": "Sorted","Partial Mode": "Finalize","Parallel Aware": false,"Async Capable": false,"Startup Cost": 12972.06,"Total Cost": 13071.37,"Plan Rows": 744,"Plan Width": 72,"Actual Startup Time": 138.445,"Actual Total Time": 141.785,"Actual Rows": 7,"Actual Loops": 1,"Group Key": ["(SUBSTRING(customer.c_phone FROM 1 FOR 2))"],"Plans": [{"Node Type": "Aggregate","Strategy": "Plain","Partial Mode": "Finalize","Parent Relationship": "InitPlan","Subplan Name": "InitPlan 1 (returns $1)","Parallel Aware": false,"Async Capable": false,"Startup Cost": 6230.83,"Total Cost": 6230.84,"Plan Rows": 1,"Plan Width": 32,"Actual Startup Time": 62.148,"Actual Total Time": 62.332,"Actual Rows": 1,"Actual Loops": 1,"Plans": [{"Node Type": "Gather","Parent Relationship": "Outer","Parallel Aware": false,"Async Capable": false,"Startup Cost": 6230.61,"Total Cost": 6230.82,"Plan Rows": 2,"Plan Width": 32,"Actual Startup Time": 62.097,"Actual Total Time": 62.318,"Actual Rows": 3,"Actual Loops": 1,"Workers Planned": 2,"Workers Launched": 2,"Single Copy": false,"Plans": [{"Node Type": "Aggregate","Strategy": "Plain","Partial Mode": "Partial","Parent Relationship": "Outer","Parallel Aware": false,"Async Capable": false,"Startup Cost": 5230.61,"Total Cost": 5230.62,"Plan Rows": 1,"Plan Width": 32,"Actual Startup Time": 56.340,"Actual Total Time": 56.342,"Actual Rows": 1,"Actual Loops": 3,"Workers": [],"Plans": [{"Node Type": "Seq Scan","Parent Relationship": "Outer","Parallel Aware": true,"Async Capable": false,"Relation Name": "customer","Alias": "customer_1","Startup Cost": 0.00,"Total Cost": 5225.62,"Plan Rows": 1994,"Plan Width": 6,"Actual Startup Time": 0.058,"Actual Total Time": 55.224,"Actual Rows": 12793,"Actual Loops": 3,"Filter": "((c_acctbal > 0.00) AND (SUBSTRING(c_phone FROM 1 FOR 2) = ANY ('{28,29,22,31,32,26,16}'::text[])))","Rows Removed by Filter": 37207,"Workers": []}]}]}]},{"Node Type": "Gather Merge","Parent Relationship": "Outer","Parallel Aware": false,"Async Capable": false,"Startup Cost": 6741.22,"Total Cost": 6821.30,"Plan Rows": 620,"Plan Width": 72,"Actual Startup Time": 138.170,"Actual Total Time": 141.532,"Actual Rows": 21,"Actual Loops": 1,"Workers Planned": 2,"Params Evaluated": ["$1"],"Workers Launched": 2,"Plans": [{"Node Type": "Aggregate","Strategy": "Sorted","Partial Mode": "Partial","Parent Relationship": "Outer","Parallel Aware": false,"Async Capable": false,"Startup Cost": 5741.19,"Total Cost": 5749.72,"Plan Rows": 310,"Plan Width": 72,"Actual Startup Time": 68.874,"Actual Total Time": 69.261,"Actual Rows": 7,"Actual Loops": 3,"Group Key": ["(SUBSTRING(customer.c_phone FROM 1 FOR 2))"],"Workers": [],"Plans": [{"Node Type": "Sort","Parent Relationship": "Outer","Parallel Aware": false,"Async Capable": false,"Startup Cost": 5741.19,"Total Cost": 5741.97,"Plan Rows": 310,"Plan Width": 38,"Actual Startup Time": 68.802,"Actual Total Time": 68.910,"Actual Rows": 2110,"Actual Loops": 3,"Sort Key": ["(SUBSTRING(customer.c_phone FROM 1 FOR 2))"],"Sort Method": "quicksort","Sort Space Used": 229,"Sort Space Type": "Memory","Workers": [{"Worker Number": 0,"Sort Method": "quicksort","Sort Space Used": 159,"Sort Space Type": "Memory"},{"Worker Number": 1,"Sort Method": "quicksort","Sort Space Used": 151,"Sort Space Type": "Memory"}],"Plans": [{"Node Type": "Nested Loop","Parent Relationship": "Outer","Parallel Aware": false,"Async Capable": false,"Join Type": "Anti","Startup Cost": 0.43,"Total Cost": 5728.36,"Plan Rows": 310,"Plan Width": 38,"Actual Startup Time": 0.185,"Actual Total Time": 67.993,"Actual Rows": 2110,"Actual Loops": 3,"Inner Unique": false,"Workers": [],"Plans": [{"Node Type": "Seq Scan","Parent Relationship": "Outer","Parallel Aware": true,"Async Capable": false,"Relation Name": "customer","Alias": "customer","Startup Cost": 0.00,"Total Cost": 5225.62,"Plan Rows": 729,"Plan Width": 26,"Actual Startup Time": 0.047,"Actual Total Time": 44.586,"Actual Rows": 6417,"Actual Loops": 3,"Filter": "((c_acctbal > $1) AND (SUBSTRING(c_phone FROM 1 FOR 2) = ANY ('{28,29,22,31,32,26,16}'::text[])))","Rows Removed by Filter": 43583,"Workers": []},{"Node Type": "Index Only Scan","Parent Relationship": "Inner","Parallel Aware": false,"Async Capable": false,"Scan Direction": "Forward","Index Name": "idx_orders_custkey","Relation Name": "orders","Alias": "orders","Startup Cost": 0.43,"Total Cost": 3.28,"Plan Rows": 17,"Plan Width": 4,"Actual Startup Time": 0.003,"Actual Total Time": 0.003,"Actual Rows": 1,"Actual Loops": 19250,"Index Cond": "(o_custkey = customer.c_custkey)","Rows Removed by Index Recheck": 0,"Heap Fetches": 0,"Workers": []}]}]}]}]}]},"Planning Time": 3.754,"Triggers": [],"Execution Time": 142.072}]
[{"Plan": {"Node Type": "Aggregate","Strategy": "Sorted","Partial Mode": "Finalize","Parallel Aware": false,"Async Capable": false,"Startup Cost": 12972.06,"Total Cost": 13071.37,"Plan Rows": 744,"Plan Width": 72,"Actual Startup Time": 132.601,"Actual Total Time": 136.867,"Actual Rows": 7,"Actual Loops": 1,"Group Key": ["(SUBSTRING(customer.c_phone FROM 1 FOR 2))"],"Plans": [{"Node Type": "Aggregate","Strategy": "Plain","Partial Mode": "Finalize","Parent Relationship": "InitPlan","Subplan Name": "InitPlan 1 (returns $1)","Parallel Aware": false,"Async Capable": false,"Startup Cost": 6230.83,"Total Cost": 6230.84,"Plan Rows": 1,"Plan Width": 32,"Actual Startup Time": 60.196,"Actual Total Time": 60.401,"Actual Rows": 1,"Actual Loops": 1,"Plans": [{"Node Type": "Gather","Parent Relationship": "Outer","Parallel Aware": false,"Async Capable": false,"Startup Cost": 6230.61,"Total Cost": 6230.82,"Plan Rows": 2,"Plan Width": 32,"Actual Startup Time": 60.042,"Actual Total Time": 60.382,"Actual Rows": 3,"Actual Loops": 1,"Workers Planned": 2,"Workers Launched": 2,"Single Copy": false,"Plans": [{"Node Type": "Aggregate","Strategy": "Plain","Partial Mode": "Partial","Parent Relationship": "Outer","Parallel Aware": false,"Async Capable": false,"Startup Cost": 5230.61,"Total Cost": 5230.62,"Plan Rows": 1,"Plan Width": 32,"Actual Startup Time": 53.886,"Actual Total Time": 53.888,"Actual Rows": 1,"Actual Loops": 3,"Workers": [],"Plans": [{"Node Type": "Seq Scan","Parent Relationship": "Outer","Parallel Aware": true,"Async Capable": false,"Relation Name": "customer","Alias": "customer_1","Startup Cost": 0.00,"Total Cost": 5225.62,"Plan Rows": 1994,"Plan Width": 6,"Actual Startup Time": 0.057,"Actual Total Time": 52.835,"Actual Rows": 12651,"Actual Loops": 3,"Filter": "((c_acctbal > 0.00) AND (SUBSTRING(c_phone FROM 1 FOR 2) = ANY ('{31,28,10,17,25,13,18}'::text[])))","Rows Removed by Filter": 37349,"Workers": []}]}]}]},{"Node Type": "Gather Merge","Parent Relationship": "Outer","Parallel Aware": false,"Async Capable": false,"Startup Cost": 6741.22,"Total Cost": 6821.30,"Plan Rows": 620,"Plan Width": 72,"Actual Startup Time": 132.516,"Actual Total Time": 136.623,"Actual Rows": 21,"Actual Loops": 1,"Workers Planned": 2,"Params Evaluated": ["$1"],"Workers Launched": 2,"Plans": [{"Node Type": "Aggregate","Strategy": "Sorted","Partial Mode": "Partial","Parent Relationship": "Outer","Parallel Aware": false,"Async Capable": false,"Startup Cost": 5741.19,"Total Cost": 5749.72,"Plan Rows": 310,"Plan Width": 72,"Actual Startup Time": 64.235,"Actual Total Time": 64.533,"Actual Rows": 7,"Actual Loops": 3,"Group Key": ["(SUBSTRING(customer.c_phone FROM 1 FOR 2))"],"Workers": [],"Plans": [{"Node Type": "Sort","Parent Relationship": "Outer","Parallel Aware": false,"Async Capable": false,"Startup Cost": 5741.19,"Total Cost": 5741.97,"Plan Rows": 310,"Plan Width": 38,"Actual Startup Time": 64.165,"Actual Total Time": 64.244,"Actual Rows": 2107,"Actual Loops": 3,"Sort Key": ["(SUBSTRING(customer.c_phone FROM 1 FOR 2))"],"Sort Method": "quicksort","Sort Space Used": 231,"Sort Space Type": "Memory","Workers": [{"Worker Number": 0,"Sort Method": "quicksort","Sort Space Used": 154,"Sort Space Type": "Memory"},{"Worker Number": 1,"Sort Method": "quicksort","Sort Space Used": 154,"Sort Space Type": "Memory"}],"Plans": [{"Node Type": "Nested Loop","Parent Relationship": "Outer","Parallel Aware": false,"Async Capable": false,"Join Type": "Anti","Startup Cost": 0.43,"Total Cost": 5728.36,"Plan Rows": 310,"Plan Width": 38,"Actual Startup Time": 0.217,"Actual Total Time": 63.342,"Actual Rows": 2107,"Actual Loops": 3,"Inner Unique": false,"Workers": [],"Plans": [{"Node Type": "Seq Scan","Parent Relationship": "Outer","Parallel Aware": true,"Async Capable": false,"Relation Name": "customer","Alias": "customer","Startup Cost": 0.00,"Total Cost": 5225.62,"Plan Rows": 729,"Plan Width": 26,"Actual Startup Time": 0.045,"Actual Total Time": 41.555,"Actual Rows": 6291,"Actual Loops": 3,"Filter": "((c_acctbal > $1) AND (SUBSTRING(c_phone FROM 1 FOR 2) = ANY ('{31,28,10,17,25,13,18}'::text[])))","Rows Removed by Filter": 43709,"Workers": []},{"Node Type": "Index Only Scan","Parent Relationship": "Inner","Parallel Aware": false,"Async Capable": false,"Scan Direction": "Forward","Index Name": "idx_orders_custkey","Relation Name": "orders","Alias": "orders","Startup Cost": 0.43,"Total Cost": 3.28,"Plan Rows": 17,"Plan Width": 4,"Actual Startup Time": 0.003,"Actual Total Time": 0.003,"Actual Rows": 1,"Actual Loops": 18873,"Index Cond": "(o_custkey = customer.c_custkey)","Rows Removed by Index Recheck": 0,"Heap Fetches": 0,"Workers": []}]}]}]}]}]},"Planning Time": 3.907,"Triggers": [],"Execution Time": 137.249}]
[{"Plan": {"Node Type": "Aggregate","Strategy": "Sorted","Partial Mode": "Finalize","Parallel Aware": false,"Async Capable": false,"Startup Cost": 12972.06,"Total Cost": 13071.37,"Plan Rows": 744,"Plan Width": 72,"Actual Startup Time": 139.781,"Actual Total Time": 143.151,"Actual Rows": 7,"Actual Loops": 1,"Group Key": ["(SUBSTRING(customer.c_phone FROM 1 FOR 2))"],"Plans": [{"Node Type": "Aggregate","Strategy": "Plain","Partial Mode": "Finalize","Parent Relationship": "InitPlan","Subplan Name": "InitPlan 1 (returns $1)","Parallel Aware": false,"Async Capable": false,"Startup Cost": 6230.83,"Total Cost": 6230.84,"Plan Rows": 1,"Plan Width": 32,"Actual Startup Time": 61.825,"Actual Total Time": 61.985,"Actual Rows": 1,"Actual Loops": 1,"Plans": [{"Node Type": "Gather","Parent Relationship": "Outer","Parallel Aware": false,"Async Capable": false,"Startup Cost": 6230.61,"Total Cost": 6230.82,"Plan Rows": 2,"Plan Width": 32,"Actual Startup Time": 61.731,"Actual Total Time": 61.973,"Actual Rows": 3,"Actual Loops": 1,"Workers Planned": 2,"Workers Launched": 2,"Single Copy": false,"Plans": [{"Node Type": "Aggregate","Strategy": "Plain","Partial Mode": "Partial","Parent Relationship": "Outer","Parallel Aware": false,"Async Capable": false,"Startup Cost": 5230.61,"Total Cost": 5230.62,"Plan Rows": 1,"Plan Width": 32,"Actual Startup Time": 56.022,"Actual Total Time": 56.023,"Actual Rows": 1,"Actual Loops": 3,"Workers": [],"Plans": [{"Node Type": "Seq Scan","Parent Relationship": "Outer","Parallel Aware": true,"Async Capable": false,"Relation Name": "customer","Alias": "customer_1","Startup Cost": 0.00,"Total Cost": 5225.62,"Plan Rows": 1994,"Plan Width": 6,"Actual Startup Time": 0.052,"Actual Total Time": 54.928,"Actual Rows": 12655,"Actual Loops": 3,"Filter": "((c_acctbal > 0.00) AND (SUBSTRING(c_phone FROM 1 FOR 2) = ANY ('{12,31,27,17,22,20,11}'::text[])))","Rows Removed by Filter": 37345,"Workers": []}]}]}]},{"Node Type": "Gather Merge","Parent Relationship": "Outer","Parallel Aware": false,"Async Capable": false,"Startup Cost": 6741.22,"Total Cost": 6821.30,"Plan Rows": 620,"Plan Width": 72,"Actual Startup Time": 139.653,"Actual Total Time": 142.935,"Actual Rows": 21,"Actual Loops": 1,"Workers Planned": 2,"Params Evaluated": ["$1"],"Workers Launched": 2,"Plans": [{"Node Type": "Aggregate","Strategy": "Sorted","Partial Mode": "Partial","Parent Relationship": "Outer","Parallel Aware": false,"Async Capable": false,"Startup Cost": 5741.19,"Total Cost": 5749.72,"Plan Rows": 310,"Plan Width": 72,"Actual Startup Time": 71.245,"Actual Total Time": 71.540,"Actual Rows": 7,"Actual Loops": 3,"Group Key": ["(SUBSTRING(customer.c_phone FROM 1 FOR 2))"],"Workers": [],"Plans": [{"Node Type": "Sort","Parent Relationship": "Outer","Parallel Aware": false,"Async Capable": false,"Startup Cost": 5741.19,"Total Cost": 5741.97,"Plan Rows": 310,"Plan Width": 38,"Actual Startup Time": 71.171,"Actual Total Time": 71.250,"Actual Rows": 2083,"Actual Loops": 3,"Sort Key": ["(SUBSTRING(customer.c_phone FROM 1 FOR 2))"],"Sort Method": "quicksort","Sort Space Used": 232,"Sort Space Type": "Memory","Workers": [{"Worker Number": 0,"Sort Method": "quicksort","Sort Space Used": 155,"Sort Space Type": "Memory"},{"Worker Number": 1,"Sort Method": "quicksort","Sort Space Used": 148,"Sort Space Type": "Memory"}],"Plans": [{"Node Type": "Nested Loop","Parent Relationship": "Outer","Parallel Aware": false,"Async Capable": false,"Join Type": "Anti","Startup Cost": 0.43,"Total Cost": 5728.36,"Plan Rows": 310,"Plan Width": 38,"Actual Startup Time": 0.139,"Actual Total Time": 70.363,"Actual Rows": 2083,"Actual Loops": 3,"Inner Unique": false,"Workers": [],"Plans": [{"Node Type": "Seq Scan","Parent Relationship": "Outer","Parallel Aware": true,"Async Capable": false,"Relation Name": "customer","Alias": "customer","Startup Cost": 0.00,"Total Cost": 5225.62,"Plan Rows": 729,"Plan Width": 26,"Actual Startup Time": 0.043,"Actual Total Time": 46.541,"Actual Rows": 6294,"Actual Loops": 3,"Filter": "((c_acctbal > $1) AND (SUBSTRING(c_phone FROM 1 FOR 2) = ANY ('{12,31,27,17,22,20,11}'::text[])))","Rows Removed by Filter": 43706,"Workers": []},{"Node Type": "Index Only Scan","Parent Relationship": "Inner","Parallel Aware": false,"Async Capable": false,"Scan Direction": "Forward","Index Name": "idx_orders_custkey","Relation Name": "orders","Alias": "orders","Startup Cost": 0.43,"Total Cost": 3.28,"Plan Rows": 17,"Plan Width": 4,"Actual Startup Time": 0.003,"Actual Total Time": 0.003,"Actual Rows": 1,"Actual Loops": 18882,"Index Cond": "(o_custkey = customer.c_custkey)","Rows Removed by Index Recheck": 0,"Heap Fetches": 0,"Workers": []}]}]}]}]}]},"Planning Time": 4.654,"Triggers": [],"Execution Time": 143.438}]
[{"Plan": {"Node Type": "Aggregate","Strategy": "Sorted","Partial Mode": "Finalize","Parallel Aware": false,"Async Capable": false,"Startup Cost": 12972.06,"Total Cost": 13071.37,"Plan Rows": 744,"Plan Width": 72,"Actual Startup Time": 138.340,"Actual Total Time": 141.612,"Actual Rows": 7,"Actual Loops": 1,"Group Key": ["(SUBSTRING(customer.c_phone FROM 1 FOR 2))"],"Plans": [{"Node Type": "Aggregate","Strategy": "Plain","Partial Mode": "Finalize","Parent Relationship": "InitPlan","Subplan Name": "InitPlan 1 (returns $1)","Parallel Aware": false,"Async Capable": false,"Startup Cost": 6230.83,"Total Cost": 6230.84,"Plan Rows": 1,"Plan Width": 32,"Actual Startup Time": 60.316,"Actual Total Time": 60.496,"Actual Rows": 1,"Actual Loops": 1,"Plans": [{"Node Type": "Gather","Parent Relationship": "Outer","Parallel Aware": false,"Async Capable": false,"Startup Cost": 6230.61,"Total Cost": 6230.82,"Plan Rows": 2,"Plan Width": 32,"Actual Startup Time": 60.182,"Actual Total Time": 60.474,"Actual Rows": 3,"Actual Loops": 1,"Workers Planned": 2,"Workers Launched": 2,"Single Copy": false,"Plans": [{"Node Type": "Aggregate","Strategy": "Plain","Partial Mode": "Partial","Parent Relationship": "Outer","Parallel Aware": false,"Async Capable": false,"Startup Cost": 5230.61,"Total Cost": 5230.62,"Plan Rows": 1,"Plan Width": 32,"Actual Startup Time": 53.963,"Actual Total Time": 53.966,"Actual Rows": 1,"Actual Loops": 3,"Workers": [],"Plans": [{"Node Type": "Seq Scan","Parent Relationship": "Outer","Parallel Aware": true,"Async Capable": false,"Relation Name": "customer","Alias": "customer_1","Startup Cost": 0.00,"Total Cost": 5225.62,"Plan Rows": 1994,"Plan Width": 6,"Actual Startup Time": 0.060,"Actual Total Time": 52.894,"Actual Rows": 12739,"Actual Loops": 3,"Filter": "((c_acctbal > 0.00) AND (SUBSTRING(c_phone FROM 1 FOR 2) = ANY ('{16,28,21,31,13,12,20}'::text[])))","Rows Removed by Filter": 37261,"Workers": []}]}]}]},{"Node Type": "Gather Merge","Parent Relationship": "Outer","Parallel Aware": false,"Async Capable": false,"Startup Cost": 6741.22,"Total Cost": 6821.30,"Plan Rows": 620,"Plan Width": 72,"Actual Startup Time": 138.205,"Actual Total Time": 141.364,"Actual Rows": 21,"Actual Loops": 1,"Workers Planned": 2,"Params Evaluated": ["$1"],"Workers Launched": 2,"Plans": [{"Node Type": "Aggregate","Strategy": "Sorted","Partial Mode": "Partial","Parent Relationship": "Outer","Parallel Aware": false,"Async Capable": false,"Startup Cost": 5741.19,"Total Cost": 5749.72,"Plan Rows": 310,"Plan Width": 72,"Actual Startup Time": 70.915,"Actual Total Time": 71.215,"Actual Rows": 7,"Actual Loops": 3,"Group Key": ["(SUBSTRING(customer.c_phone FROM 1 FOR 2))"],"Workers": [],"Plans": [{"Node Type": "Sort","Parent Relationship": "Outer","Parallel Aware": false,"Async Capable": false,"Startup Cost": 5741.19,"Total Cost": 5741.97,"Plan Rows": 310,"Plan Width": 38,"Actual Startup Time": 70.851,"Actual Total Time": 70.931,"Actual Rows": 2118,"Actual Loops": 3,"Sort Key": ["(SUBSTRING(customer.c_phone FROM 1 FOR 2))"],"Sort Method": "quicksort","Sort Space Used": 230,"Sort Space Type": "Memory","Workers": [{"Worker Number": 0,"Sort Method": "quicksort","Sort Space Used": 154,"Sort Space Type": "Memory"},{"Worker Number": 1,"Sort Method": "quicksort","Sort Space Used": 157,"Sort Space Type": "Memory"}],"Plans": [{"Node Type": "Nested Loop","Parent Relationship": "Outer","Parallel Aware": false,"Async Capable": false,"Join Type": "Anti","Startup Cost": 0.43,"Total Cost": 5728.36,"Plan Rows": 310,"Plan Width": 38,"Actual Startup Time": 0.151,"Actual Total Time": 70.055,"Actual Rows": 2118,"Actual Loops": 3,"Inner Unique": false,"Workers": [],"Plans": [{"Node Type": "Seq Scan","Parent Relationship": "Outer","Parallel Aware": true,"Async Capable": false,"Relation Name": "customer","Alias": "customer","Startup Cost": 0.00,"Total Cost": 5225.62,"Plan Rows": 729,"Plan Width": 26,"Actual Startup Time": 0.034,"Actual Total Time": 45.888,"Actual Rows": 6343,"Actual Loops": 3,"Filter": "((c_acctbal > $1) AND (SUBSTRING(c_phone FROM 1 FOR 2) = ANY ('{16,28,21,31,13,12,20}'::text[])))","Rows Removed by Filter": 43657,"Workers": []},{"Node Type": "Index Only Scan","Parent Relationship": "Inner","Parallel Aware": false,"Async Capable": false,"Scan Direction": "Forward","Index Name": "idx_orders_custkey","Relation Name": "orders","Alias": "orders","Startup Cost": 0.43,"Total Cost": 3.28,"Plan Rows": 17,"Plan Width": 4,"Actual Startup Time": 0.003,"Actual Total Time": 0.003,"Actual Rows": 1,"Actual Loops": 19028,"Index Cond": "(o_custkey = customer.c_custkey)","Rows Removed by Index Recheck": 0,"Heap Fetches": 0,"Workers": []}]}]}]}]}]},"Planning Time": 3.717,"Triggers": [],"Execution Time": 141.919}]
[{"Plan": {"Node Type": "Aggregate","Strategy": "Sorted","Partial Mode": "Finalize","Parallel Aware": false,"Async Capable": false,"Startup Cost": 12972.06,"Total Cost": 13071.37,"Plan Rows": 744,"Plan Width": 72,"Actual Startup Time": 140.810,"Actual Total Time": 144.347,"Actual Rows": 7,"Actual Loops": 1,"Group Key": ["(SUBSTRING(customer.c_phone FROM 1 FOR 2))"],"Plans": [{"Node Type": "Aggregate","Strategy": "Plain","Partial Mode": "Finalize","Parent Relationship": "InitPlan","Subplan Name": "InitPlan 1 (returns $1)","Parallel Aware": false,"Async Capable": false,"Startup Cost": 6230.83,"Total Cost": 6230.84,"Plan Rows": 1,"Plan Width": 32,"Actual Startup Time": 62.016,"Actual Total Time": 62.168,"Actual Rows": 1,"Actual Loops": 1,"Plans": [{"Node Type": "Gather","Parent Relationship": "Outer","Parallel Aware": false,"Async Capable": false,"Startup Cost": 6230.61,"Total Cost": 6230.82,"Plan Rows": 2,"Plan Width": 32,"Actual Startup Time": 61.938,"Actual Total Time": 62.158,"Actual Rows": 3,"Actual Loops": 1,"Workers Planned": 2,"Workers Launched": 2,"Single Copy": false,"Plans": [{"Node Type": "Aggregate","Strategy": "Plain","Partial Mode": "Partial","Parent Relationship": "Outer","Parallel Aware": false,"Async Capable": false,"Startup Cost": 5230.61,"Total Cost": 5230.62,"Plan Rows": 1,"Plan Width": 32,"Actual Startup Time": 56.114,"Actual Total Time": 56.116,"Actual Rows": 1,"Actual Loops": 3,"Workers": [],"Plans": [{"Node Type": "Seq Scan","Parent Relationship": "Outer","Parallel Aware": true,"Async Capable": false,"Relation Name": "customer","Alias": "customer_1","Startup Cost": 0.00,"Total Cost": 5225.62,"Plan Rows": 1994,"Plan Width": 6,"Actual Startup Time": 0.061,"Actual Total Time": 55.013,"Actual Rows": 12771,"Actual Loops": 3,"Filter": "((c_acctbal > 0.00) AND (SUBSTRING(c_phone FROM 1 FOR 2) = ANY ('{18,34,12,19,10,26,33}'::text[])))","Rows Removed by Filter": 37229,"Workers": []}]}]}]},{"Node Type": "Gather Merge","Parent Relationship": "Outer","Parallel Aware": false,"Async Capable": false,"Startup Cost": 6741.22,"Total Cost": 6821.30,"Plan Rows": 620,"Plan Width": 72,"Actual Startup Time": 140.668,"Actual Total Time": 144.126,"Actual Rows": 21,"Actual Loops": 1,"Workers Planned": 2,"Params Evaluated": ["$1"],"Workers Launched": 2,"Plans": [{"Node Type": "Aggregate","Strategy": "Sorted","Partial Mode": "Partial","Parent Relationship": "Outer","Parallel Aware": false,"Async Capable": false,"Startup Cost": 5741.19,"Total Cost": 5749.72,"Plan Rows": 310,"Plan Width": 72,"Actual Startup Time": 72.083,"Actual Total Time": 72.388,"Actual Rows": 7,"Actual Loops": 3,"Group Key": ["(SUBSTRING(customer.c_phone FROM 1 FOR 2))"],"Workers": [],"Plans": [{"Node Type": "Sort","Parent Relationship": "Outer","Parallel Aware": false,"Async Capable": false,"Startup Cost": 5741.19,"Total Cost": 5741.97,"Plan Rows": 310,"Plan Width": 38,"Actual Startup Time": 72.019,"Actual Total Time": 72.101,"Actual Rows": 2139,"Actual Loops": 3,"Sort Key": ["(SUBSTRING(customer.c_phone FROM 1 FOR 2))"],"Sort Method": "quicksort","Sort Space Used": 235,"Sort Space Type": "Memory","Workers": [{"Worker Number": 0,"Sort Method": "quicksort","Sort Space Used": 159,"Sort Space Type": "Memory"},{"Worker Number": 1,"Sort Method": "quicksort","Sort Space Used": 150,"Sort Space Type": "Memory"}],"Plans": [{"Node Type": "Nested Loop","Parent Relationship": "Outer","Parallel Aware": false,"Async Capable": false,"Join Type": "Anti","Startup Cost": 0.43,"Total Cost": 5728.36,"Plan Rows": 310,"Plan Width": 38,"Actual Startup Time": 0.164,"Actual Total Time": 71.186,"Actual Rows": 2139,"Actual Loops": 3,"Inner Unique": false,"Workers": [],"Plans": [{"Node Type": "Seq Scan","Parent Relationship": "Outer","Parallel Aware": true,"Async Capable": false,"Relation Name": "customer","Alias": "customer","Startup Cost": 0.00,"Total Cost": 5225.62,"Plan Rows": 729,"Plan Width": 26,"Actual Startup Time": 0.044,"Actual Total Time": 46.934,"Actual Rows": 6380,"Actual Loops": 3,"Filter": "((c_acctbal > $1) AND (SUBSTRING(c_phone FROM 1 FOR 2) = ANY ('{18,34,12,19,10,26,33}'::text[])))","Rows Removed by Filter": 43620,"Workers": []},{"Node Type": "Index Only Scan","Parent Relationship": "Inner","Parallel Aware": false,"Async Capable": false,"Scan Direction": "Forward","Index Name": "idx_orders_custkey","Relation Name": "orders","Alias": "orders","Startup Cost": 0.43,"Total Cost": 3.28,"Plan Rows": 17,"Plan Width": 4,"Actual Startup Time": 0.003,"Actual Total Time": 0.003,"Actual Rows": 1,"Actual Loops": 19139,"Index Cond": "(o_custkey = customer.c_custkey)","Rows Removed by Index Recheck": 0,"Heap Fetches": 0,"Workers": []}]}]}]}]}]},"Planning Time": 4.017,"Triggers": [],"Execution Time": 144.670}]
[{"Plan": {"Node Type": "Aggregate","Strategy": "Sorted","Partial Mode": "Finalize","Parallel Aware": false,"Async Capable": false,"Startup Cost": 12972.06,"Total Cost": 13071.37,"Plan Rows": 744,"Plan Width": 72,"Actual Startup Time": 137.345,"Actual Total Time": 140.728,"Actual Rows": 7,"Actual Loops": 1,"Group Key": ["(SUBSTRING(customer.c_phone FROM 1 FOR 2))"],"Plans": [{"Node Type": "Aggregate","Strategy": "Plain","Partial Mode": "Finalize","Parent Relationship": "InitPlan","Subplan Name": "InitPlan 1 (returns $1)","Parallel Aware": false,"Async Capable": false,"Startup Cost": 6230.83,"Total Cost": 6230.84,"Plan Rows": 1,"Plan Width": 32,"Actual Startup Time": 60.066,"Actual Total Time": 60.241,"Actual Rows": 1,"Actual Loops": 1,"Plans": [{"Node Type": "Gather","Parent Relationship": "Outer","Parallel Aware": false,"Async Capable": false,"Startup Cost": 6230.61,"Total Cost": 6230.82,"Plan Rows": 2,"Plan Width": 32,"Actual Startup Time": 59.971,"Actual Total Time": 60.225,"Actual Rows": 3,"Actual Loops": 1,"Workers Planned": 2,"Workers Launched": 2,"Single Copy": false,"Plans": [{"Node Type": "Aggregate","Strategy": "Plain","Partial Mode": "Partial","Parent Relationship": "Outer","Parallel Aware": false,"Async Capable": false,"Startup Cost": 5230.61,"Total Cost": 5230.62,"Plan Rows": 1,"Plan Width": 32,"Actual Startup Time": 53.756,"Actual Total Time": 53.758,"Actual Rows": 1,"Actual Loops": 3,"Workers": [],"Plans": [{"Node Type": "Seq Scan","Parent Relationship": "Outer","Parallel Aware": true,"Async Capable": false,"Relation Name": "customer","Alias": "customer_1","Startup Cost": 0.00,"Total Cost": 5225.62,"Plan Rows": 1994,"Plan Width": 6,"Actual Startup Time": 0.062,"Actual Total Time": 52.701,"Actual Rows": 12745,"Actual Loops": 3,"Filter": "((c_acctbal > 0.00) AND (SUBSTRING(c_phone FROM 1 FOR 2) = ANY ('{30,16,34,24,12,15,19}'::text[])))","Rows Removed by Filter": 37255,"Workers": []}]}]}]},{"Node Type": "Gather Merge","Parent Relationship": "Outer","Parallel Aware": false,"Async Capable": false,"Startup Cost": 6741.22,"Total Cost": 6821.30,"Plan Rows": 620,"Plan Width": 72,"Actual Startup Time": 137.225,"Actual Total Time": 140.493,"Actual Rows": 21,"Actual Loops": 1,"Workers Planned": 2,"Params Evaluated": ["$1"],"Workers Launched": 2,"Plans": [{"Node Type": "Aggregate","Strategy": "Sorted","Partial Mode": "Partial","Parent Relationship": "Outer","Parallel Aware": false,"Async Capable": false,"Startup Cost": 5741.19,"Total Cost": 5749.72,"Plan Rows": 310,"Plan Width": 72,"Actual Startup Time": 70.354,"Actual Total Time": 70.654,"Actual Rows": 7,"Actual Loops": 3,"Group Key": ["(SUBSTRING(customer.c_phone FROM 1 FOR 2))"],"Workers": [],"Plans": [{"Node Type": "Sort","Parent Relationship": "Outer","Parallel Aware": false,"Async Capable": false,"Startup Cost": 5741.19,"Total Cost": 5741.97,"Plan Rows": 310,"Plan Width": 38,"Actual Startup Time": 70.284,"Actual Total Time": 70.363,"Actual Rows": 2122,"Actual Loops": 3,"Sort Key": ["(SUBSTRING(customer.c_phone FROM 1 FOR 2))"],"Sort Method": "quicksort","Sort Space Used": 231,"Sort Space Type": "Memory","Workers": [{"Worker Number": 0,"Sort Method": "quicksort","Sort Space Used": 155,"Sort Space Type": "Memory"},{"Worker Number": 1,"Sort Method": "quicksort","Sort Space Used": 155,"Sort Space Type": "Memory"}],"Plans": [{"Node Type": "Nested Loop","Parent Relationship": "Outer","Parallel Aware": false,"Async Capable": false,"Join Type": "Anti","Startup Cost": 0.43,"Total Cost": 5728.36,"Plan Rows": 310,"Plan Width": 38,"Actual Startup Time": 0.217,"Actual Total Time": 69.514,"Actual Rows": 2122,"Actual Loops": 3,"Inner Unique": false,"Workers": [],"Plans": [{"Node Type": "Seq Scan","Parent Relationship": "Outer","Parallel Aware": true,"Async Capable": false,"Relation Name": "customer","Alias": "customer","Startup Cost": 0.00,"Total Cost": 5225.62,"Plan Rows": 729,"Plan Width": 26,"Actual Startup Time": 0.041,"Actual Total Time": 45.508,"Actual Rows": 6354,"Actual Loops": 3,"Filter": "((c_acctbal > $1) AND (SUBSTRING(c_phone FROM 1 FOR 2) = ANY ('{30,16,34,24,12,15,19}'::text[])))","Rows Removed by Filter": 43646,"Workers": []},{"Node Type": "Index Only Scan","Parent Relationship": "Inner","Parallel Aware": false,"Async Capable": false,"Scan Direction": "Forward","Index Name": "idx_orders_custkey","Relation Name": "orders","Alias": "orders","Startup Cost": 0.43,"Total Cost": 3.28,"Plan Rows": 17,"Plan Width": 4,"Actual Startup Time": 0.003,"Actual Total Time": 0.003,"Actual Rows": 1,"Actual Loops": 19063,"Index Cond": "(o_custkey = customer.c_custkey)","Rows Removed by Index Recheck": 0,"Heap Fetches": 0,"Workers": []}]}]}]}]}]},"Planning Time": 3.510,"Triggers": [],"Execution Time": 141.067}]
[{"Plan": {"Node Type": "Aggregate","Strategy": "Sorted","Partial Mode": "Finalize","Parallel Aware": false,"Async Capable": false,"Startup Cost": 12972.06,"Total Cost": 13071.37,"Plan Rows": 744,"Plan Width": 72,"Actual Startup Time": 136.471,"Actual Total Time": 139.749,"Actual Rows": 7,"Actual Loops": 1,"Group Key": ["(SUBSTRING(customer.c_phone FROM 1 FOR 2))"],"Plans": [{"Node Type": "Aggregate","Strategy": "Plain","Partial Mode": "Finalize","Parent Relationship": "InitPlan","Subplan Name": "InitPlan 1 (returns $1)","Parallel Aware": false,"Async Capable": false,"Startup Cost": 6230.83,"Total Cost": 6230.84,"Plan Rows": 1,"Plan Width": 32,"Actual Startup Time": 59.591,"Actual Total Time": 59.774,"Actual Rows": 1,"Actual Loops": 1,"Plans": [{"Node Type": "Gather","Parent Relationship": "Outer","Parallel Aware": false,"Async Capable": false,"Startup Cost": 6230.61,"Total Cost": 6230.82,"Plan Rows": 2,"Plan Width": 32,"Actual Startup Time": 59.486,"Actual Total Time": 59.761,"Actual Rows": 3,"Actual Loops": 1,"Workers Planned": 2,"Workers Launched": 2,"Single Copy": false,"Plans": [{"Node Type": "Aggregate","Strategy": "Plain","Partial Mode": "Partial","Parent Relationship": "Outer","Parallel Aware": false,"Async Capable": false,"Startup Cost": 5230.61,"Total Cost": 5230.62,"Plan Rows": 1,"Plan Width": 32,"Actual Startup Time": 53.200,"Actual Total Time": 53.202,"Actual Rows": 1,"Actual Loops": 3,"Workers": [],"Plans": [{"Node Type": "Seq Scan","Parent Relationship": "Outer","Parallel Aware": true,"Async Capable": false,"Relation Name": "customer","Alias": "customer_1","Startup Cost": 0.00,"Total Cost": 5225.62,"Plan Rows": 1994,"Plan Width": 6,"Actual Startup Time": 0.064,"Actual Total Time": 52.113,"Actual Rows": 12782,"Actual Loops": 3,"Filter": "((c_acctbal > 0.00) AND (SUBSTRING(c_phone FROM 1 FOR 2) = ANY ('{29,23,11,15,27,31,19}'::text[])))","Rows Removed by Filter": 37218,"Workers": []}]}]}]},{"Node Type": "Gather Merge","Parent Relationship": "Outer","Parallel Aware": false,"Async Capable": false,"Startup Cost": 6741.22,"Total Cost": 6821.30,"Plan Rows": 620,"Plan Width": 72,"Actual Startup Time": 136.344,"Actual Total Time": 139.512,"Actual Rows": 21,"Actual Loops": 1,"Workers Planned": 2,"Params Evaluated": ["$1"],"Workers Launched": 2,"Plans": [{"Node Type": "Aggregate","Strategy": "Sorted","Partial Mode": "Partial","Parent Relationship": "Outer","Parallel Aware": false,"Async Capable": false,"Startup Cost": 5741.19,"Total Cost": 5749.72,"Plan Rows": 310,"Plan Width": 72,"Actual Startup Time": 70.071,"Actual Total Time": 70.374,"Actual Rows": 7,"Actual Loops": 3,"Group Key": ["(SUBSTRING(customer.c_phone FROM 1 FOR 2))"],"Workers": [],"Plans": [{"Node Type": "Sort","Parent Relationship": "Outer","Parallel Aware": false,"Async Capable": false,"Startup Cost": 5741.19,"Total Cost": 5741.97,"Plan Rows": 310,"Plan Width": 38,"Actual Startup Time": 70.003,"Actual Total Time": 70.087,"Actual Rows": 2135,"Actual Loops": 3,"Sort Key": ["(SUBSTRING(customer.c_phone FROM 1 FOR 2))"],"Sort Method": "quicksort","Sort Space Used": 232,"Sort Space Type": "Memory","Workers": [{"Worker Number": 0,"Sort Method": "quicksort","Sort Space Used": 154,"Sort Space Type": "Memory"},{"Worker Number": 1,"Sort Method": "quicksort","Sort Space Used": 157,"Sort Space Type": "Memory"}],"Plans": [{"Node Type": "Nested Loop","Parent Relationship": "Outer","Parallel Aware": false,"Async Capable": false,"Join Type": "Anti","Startup Cost": 0.43,"Total Cost": 5728.36,"Plan Rows": 310,"Plan Width": 38,"Actual Startup Time": 0.186,"Actual Total Time": 69.221,"Actual Rows": 2135,"Actual Loops": 3,"Inner Unique": false,"Workers": [],"Plans": [{"Node Type": "Seq Scan","Parent Relationship": "Outer","Parallel Aware": true,"Async Capable": false,"Relation Name": "customer","Alias": "customer","Startup Cost": 0.00,"Total Cost": 5225.62,"Plan Rows": 729,"Plan Width": 26,"Actual Startup Time": 0.041,"Actual Total Time": 45.428,"Actual Rows": 6373,"Actual Loops": 3,"Filter": "((c_acctbal > $1) AND (SUBSTRING(c_phone FROM 1 FOR 2) = ANY ('{29,23,11,15,27,31,19}'::text[])))","Rows Removed by Filter": 43627,"Workers": []},{"Node Type": "Index Only Scan","Parent Relationship": "Inner","Parallel Aware": false,"Async Capable": false,"Scan Direction": "Forward","Index Name": "idx_orders_custkey","Relation Name": "orders","Alias": "orders","Startup Cost": 0.43,"Total Cost": 3.28,"Plan Rows": 17,"Plan Width": 4,"Actual Startup Time": 0.003,"Actual Total Time": 0.003,"Actual Rows": 1,"Actual Loops": 19118,"Index Cond": "(o_custkey = customer.c_custkey)","Rows Removed by Index Recheck": 0,"Heap Fetches": 0,"Workers": []}]}]}]}]}]},"Planning Time": 4.195,"Triggers": [],"Execution Time": 140.138}]
[{"Plan": {"Node Type": "Aggregate","Strategy": "Sorted","Partial Mode": "Finalize","Parallel Aware": false,"Async Capable": false,"Startup Cost": 12972.06,"Total Cost": 13071.37,"Plan Rows": 744,"Plan Width": 72,"Actual Startup Time": 138.159,"Actual Total Time": 141.579,"Actual Rows": 7,"Actual Loops": 1,"Group Key": ["(SUBSTRING(customer.c_phone FROM 1 FOR 2))"],"Plans": [{"Node Type": "Aggregate","Strategy": "Plain","Partial Mode": "Finalize","Parent Relationship": "InitPlan","Subplan Name": "InitPlan 1 (returns $1)","Parallel Aware": false,"Async Capable": false,"Startup Cost": 6230.83,"Total Cost": 6230.84,"Plan Rows": 1,"Plan Width": 32,"Actual Startup Time": 60.380,"Actual Total Time": 60.570,"Actual Rows": 1,"Actual Loops": 1,"Plans": [{"Node Type": "Gather","Parent Relationship": "Outer","Parallel Aware": false,"Async Capable": false,"Startup Cost": 6230.61,"Total Cost": 6230.82,"Plan Rows": 2,"Plan Width": 32,"Actual Startup Time": 60.303,"Actual Total Time": 60.549,"Actual Rows": 3,"Actual Loops": 1,"Workers Planned": 2,"Workers Launched": 2,"Single Copy": false,"Plans": [{"Node Type": "Aggregate","Strategy": "Plain","Partial Mode": "Partial","Parent Relationship": "Outer","Parallel Aware": false,"Async Capable": false,"Startup Cost": 5230.61,"Total Cost": 5230.62,"Plan Rows": 1,"Plan Width": 32,"Actual Startup Time": 54.259,"Actual Total Time": 54.262,"Actual Rows": 1,"Actual Loops": 3,"Workers": [],"Plans": [{"Node Type": "Seq Scan","Parent Relationship": "Outer","Parallel Aware": true,"Async Capable": false,"Relation Name": "customer","Alias": "customer_1","Startup Cost": 0.00,"Total Cost": 5225.62,"Plan Rows": 1994,"Plan Width": 6,"Actual Startup Time": 0.051,"Actual Total Time": 53.219,"Actual Rows": 12659,"Actual Loops": 3,"Filter": "((c_acctbal > 0.00) AND (SUBSTRING(c_phone FROM 1 FOR 2) = ANY ('{13,30,18,31,27,28,10}'::text[])))","Rows Removed by Filter": 37341,"Workers": []}]}]}]},{"Node Type": "Gather Merge","Parent Relationship": "Outer","Parallel Aware": false,"Async Capable": false,"Startup Cost": 6741.22,"Total Cost": 6821.30,"Plan Rows": 620,"Plan Width": 72,"Actual Startup Time": 138.028,"Actual Total Time": 141.325,"Actual Rows": 21,"Actual Loops": 1,"Workers Planned": 2,"Params Evaluated": ["$1"],"Workers Launched": 2,"Plans": [{"Node Type": "Aggregate","Strategy": "Sorted","Partial Mode": "Partial","Parent Relationship": "Outer","Parallel Aware": false,"Async Capable": false,"Startup Cost": 5741.19,"Total Cost": 5749.72,"Plan Rows": 310,"Plan Width": 72,"Actual Startup Time": 70.935,"Actual Total Time": 71.237,"Actual Rows": 7,"Actual Loops": 3,"Group Key": ["(SUBSTRING(customer.c_phone FROM 1 FOR 2))"],"Workers": [],"Plans": [{"Node Type": "Sort","Parent Relationship": "Outer","Parallel Aware": false,"Async Capable": false,"Startup Cost": 5741.19,"Total Cost": 5741.97,"Plan Rows": 310,"Plan Width": 38,"Actual Startup Time": 70.864,"Actual Total Time": 70.946,"Actual Rows": 2123,"Actual Loops": 3,"Sort Key": ["(SUBSTRING(customer.c_phone FROM 1 FOR 2))"],"Sort Method": "quicksort","Sort Space Used": 233,"Sort Space Type": "Memory","Workers": [{"Worker Number": 0,"Sort Method": "quicksort","Sort Space Used": 150,"Sort Space Type": "Memory"},{"Worker Number": 1,"Sort Method": "quicksort","Sort Space Used": 159,"Sort Space Type": "Memory"}],"Plans": [{"Node Type": "Nested Loop","Parent Relationship": "Outer","Parallel Aware": false,"Async Capable": false,"Join Type": "Anti","Startup Cost": 0.43,"Total Cost": 5728.36,"Plan Rows": 310,"Plan Width": 38,"Actual Startup Time": 0.166,"Actual Total Time": 70.052,"Actual Rows": 2123,"Actual Loops": 3,"Inner Unique": false,"Workers": [],"Plans": [{"Node Type": "Seq Scan","Parent Relationship": "Outer","Parallel Aware": true,"Async Capable": false,"Relation Name": "customer","Alias": "customer","Startup Cost": 0.00,"Total Cost": 5225.62,"Plan Rows": 729,"Plan Width": 26,"Actual Startup Time": 0.043,"Actual Total Time": 45.808,"Actual Rows": 6289,"Actual Loops": 3,"Filter": "((c_acctbal > $1) AND (SUBSTRING(c_phone FROM 1 FOR 2) = ANY ('{13,30,18,31,27,28,10}'::text[])))","Rows Removed by Filter": 43711,"Workers": []},{"Node Type": "Index Only Scan","Parent Relationship": "Inner","Parallel Aware": false,"Async Capable": false,"Scan Direction": "Forward","Index Name": "idx_orders_custkey","Relation Name": "orders","Alias": "orders","Startup Cost": 0.43,"Total Cost": 3.28,"Plan Rows": 17,"Plan Width": 4,"Actual Startup Time": 0.004,"Actual Total Time": 0.004,"Actual Rows": 1,"Actual Loops": 18866,"Index Cond": "(o_custkey = customer.c_custkey)","Rows Removed by Index Recheck": 0,"Heap Fetches": 0,"Workers": []}]}]}]}]}]},"Planning Time": 3.640,"Triggers": [],"Execution Time": 141.938}]
[{"Plan": {"Node Type": "Aggregate","Strategy": "Sorted","Partial Mode": "Finalize","Parallel Aware": false,"Async Capable": false,"Startup Cost": 12972.06,"Total Cost": 13071.37,"Plan Rows": 744,"Plan Width": 72,"Actual Startup Time": 135.478,"Actual Total Time": 139.067,"Actual Rows": 7,"Actual Loops": 1,"Group Key": ["(SUBSTRING(customer.c_phone FROM 1 FOR 2))"],"Plans": [{"Node Type": "Aggregate","Strategy": "Plain","Partial Mode": "Finalize","Parent Relationship": "InitPlan","Subplan Name": "InitPlan 1 (returns $1)","Parallel Aware": false,"Async Capable": false,"Startup Cost": 6230.83,"Total Cost": 6230.84,"Plan Rows": 1,"Plan Width": 32,"Actual Startup Time": 59.940,"Actual Total Time": 60.138,"Actual Rows": 1,"Actual Loops": 1,"Plans": [{"Node Type": "Gather","Parent Relationship": "Outer","Parallel Aware": false,"Async Capable": false,"Startup Cost": 6230.61,"Total Cost": 6230.82,"Plan Rows": 2,"Plan Width": 32,"Actual Startup Time": 59.825,"Actual Total Time": 60.114,"Actual Rows": 3,"Actual Loops": 1,"Workers Planned": 2,"Workers Launched": 2,"Single Copy": false,"Plans": [{"Node Type": "Aggregate","Strategy": "Plain","Partial Mode": "Partial","Parent Relationship": "Outer","Parallel Aware": false,"Async Capable": false,"Startup Cost": 5230.61,"Total Cost": 5230.62,"Plan Rows": 1,"Plan Width": 32,"Actual Startup Time": 53.716,"Actual Total Time": 53.718,"Actual Rows": 1,"Actual Loops": 3,"Workers": [],"Plans": [{"Node Type": "Seq Scan","Parent Relationship": "Outer","Parallel Aware": true,"Async Capable": false,"Relation Name": "customer","Alias": "customer_1","Startup Cost": 0.00,"Total Cost": 5225.62,"Plan Rows": 1994,"Plan Width": 6,"Actual Startup Time": 0.057,"Actual Total Time": 52.613,"Actual Rows": 12724,"Actual Loops": 3,"Filter": "((c_acctbal > 0.00) AND (SUBSTRING(c_phone FROM 1 FOR 2) = ANY ('{22,16,23,30,27,32,26}'::text[])))","Rows Removed by Filter": 37276,"Workers": []}]}]}]},{"Node Type": "Gather Merge","Parent Relationship": "Outer","Parallel Aware": false,"Async Capable": false,"Startup Cost": 6741.22,"Total Cost": 6821.30,"Plan Rows": 620,"Plan Width": 72,"Actual Startup Time": 135.330,"Actual Total Time": 138.789,"Actual Rows": 21,"Actual Loops": 1,"Workers Planned": 2,"Params Evaluated": ["$1"],"Workers Launched": 2,"Plans": [{"Node Type": "Aggregate","Strategy": "Sorted","Partial Mode": "Partial","Parent Relationship": "Outer","Parallel Aware": false,"Async Capable": false,"Startup Cost": 5741.19,"Total Cost": 5749.72,"Plan Rows": 310,"Plan Width": 72,"Actual Startup Time": 68.468,"Actual Total Time": 68.757,"Actual Rows": 7,"Actual Loops": 3,"Group Key": ["(SUBSTRING(customer.c_phone FROM 1 FOR 2))"],"Workers": [],"Plans": [{"Node Type": "Sort","Parent Relationship": "Outer","Parallel Aware": false,"Async Capable": false,"Startup Cost": 5741.19,"Total Cost": 5741.97,"Plan Rows": 310,"Plan Width": 38,"Actual Startup Time": 68.398,"Actual Total Time": 68.474,"Actual Rows": 2082,"Actual Loops": 3,"Sort Key": ["(SUBSTRING(customer.c_phone FROM 1 FOR 2))"],"Sort Method": "quicksort","Sort Space Used": 232,"Sort Space Type": "Memory","Workers": [{"Worker Number": 0,"Sort Method": "quicksort","Sort Space Used": 154,"Sort Space Type": "Memory"},{"Worker Number": 1,"Sort Method": "quicksort","Sort Space Used": 149,"Sort Space Type": "Memory"}],"Plans": [{"Node Type": "Nested Loop","Parent Relationship": "Outer","Parallel Aware": false,"Async Capable": false,"Join Type": "Anti","Startup Cost": 0.43,"Total Cost": 5728.36,"Plan Rows": 310,"Plan Width": 38,"Actual Startup Time": 0.181,"Actual Total Time": 67.604,"Actual Rows": 2082,"Actual Loops": 3,"Inner Unique": false,"Workers": [],"Plans": [{"Node Type": "Seq Scan","Parent Relationship": "Outer","Parallel Aware": true,"Async Capable": false,"Relation Name": "customer","Alias": "customer","Startup Cost": 0.00,"Total Cost": 5225.62,"Plan Rows": 729,"Plan Width": 26,"Actual Startup Time": 0.049,"Actual Total Time": 44.665,"Actual Rows": 6350,"Actual Loops": 3,"Filter": "((c_acctbal > $1) AND (SUBSTRING(c_phone FROM 1 FOR 2) = ANY ('{22,16,23,30,27,32,26}'::text[])))","Rows Removed by Filter": 43650,"Workers": []},{"Node Type": "Index Only Scan","Parent Relationship": "Inner","Parallel Aware": false,"Async Capable": false,"Scan Direction": "Forward","Index Name": "idx_orders_custkey","Relation Name": "orders","Alias": "orders","Startup Cost": 0.43,"Total Cost": 3.28,"Plan Rows": 17,"Plan Width": 4,"Actual Startup Time": 0.003,"Actual Total Time": 0.003,"Actual Rows": 1,"Actual Loops": 19051,"Index Cond": "(o_custkey = customer.c_custkey)","Rows Removed by Index Recheck": 0,"Heap Fetches": 0,"Workers": []}]}]}]}]}]},"Planning Time": 4.589,"Triggers": [],"Execution Time": 139.524}]
[{"Plan": {"Node Type": "Aggregate","Strategy": "Sorted","Partial Mode": "Finalize","Parallel Aware": false,"Async Capable": false,"Startup Cost": 12972.06,"Total Cost": 13071.37,"Plan Rows": 744,"Plan Width": 72,"Actual Startup Time": 133.302,"Actual Total Time": 137.341,"Actual Rows": 7,"Actual Loops": 1,"Group Key": ["(SUBSTRING(customer.c_phone FROM 1 FOR 2))"],"Plans": [{"Node Type": "Aggregate","Strategy": "Plain","Partial Mode": "Finalize","Parent Relationship": "InitPlan","Subplan Name": "InitPlan 1 (returns $1)","Parallel Aware": false,"Async Capable": false,"Startup Cost": 6230.83,"Total Cost": 6230.84,"Plan Rows": 1,"Plan Width": 32,"Actual Startup Time": 61.160,"Actual Total Time": 61.419,"Actual Rows": 1,"Actual Loops": 1,"Plans": [{"Node Type": "Gather","Parent Relationship": "Outer","Parallel Aware": false,"Async Capable": false,"Startup Cost": 6230.61,"Total Cost": 6230.82,"Plan Rows": 2,"Plan Width": 32,"Actual Startup Time": 61.061,"Actual Total Time": 61.401,"Actual Rows": 3,"Actual Loops": 1,"Workers Planned": 2,"Workers Launched": 2,"Single Copy": false,"Plans": [{"Node Type": "Aggregate","Strategy": "Plain","Partial Mode": "Partial","Parent Relationship": "Outer","Parallel Aware": false,"Async Capable": false,"Startup Cost": 5230.61,"Total Cost": 5230.62,"Plan Rows": 1,"Plan Width": 32,"Actual Startup Time": 55.001,"Actual Total Time": 55.002,"Actual Rows": 1,"Actual Loops": 3,"Workers": [],"Plans": [{"Node Type": "Seq Scan","Parent Relationship": "Outer","Parallel Aware": true,"Async Capable": false,"Relation Name": "customer","Alias": "customer_1","Startup Cost": 0.00,"Total Cost": 5225.62,"Plan Rows": 1994,"Plan Width": 6,"Actual Startup Time": 0.050,"Actual Total Time": 53.958,"Actual Rows": 12767,"Actual Loops": 3,"Filter": "((c_acctbal > 0.00) AND (SUBSTRING(c_phone FROM 1 FOR 2) = ANY ('{16,28,23,30,21,11,19}'::text[])))","Rows Removed by Filter": 37233,"Workers": []}]}]}]},{"Node Type": "Gather Merge","Parent Relationship": "Outer","Parallel Aware": false,"Async Capable": false,"Startup Cost": 6741.22,"Total Cost": 6821.30,"Plan Rows": 620,"Plan Width": 72,"Actual Startup Time": 133.208,"Actual Total Time": 137.033,"Actual Rows": 21,"Actual Loops": 1,"Workers Planned": 2,"Params Evaluated": ["$1"],"Workers Launched": 2,"Plans": [{"Node Type": "Aggregate","Strategy": "Sorted","Partial Mode": "Partial","Parent Relationship": "Outer","Parallel Aware": false,"Async Capable": false,"Startup Cost": 5741.19,"Total Cost": 5749.72,"Plan Rows": 310,"Plan Width": 72,"Actual Startup Time": 65.424,"Actual Total Time": 65.729,"Actual Rows": 7,"Actual Loops": 3,"Group Key": ["(SUBSTRING(customer.c_phone FROM 1 FOR 2))"],"Workers": [],"Plans": [{"Node Type": "Sort","Parent Relationship": "Outer","Parallel Aware": false,"Async Capable": false,"Startup Cost": 5741.19,"Total Cost": 5741.97,"Plan Rows": 310,"Plan Width": 38,"Actual Startup Time": 65.345,"Actual Total Time": 65.428,"Actual Rows": 2144,"Actual Loops": 3,"Sort Key": ["(SUBSTRING(customer.c_phone FROM 1 FOR 2))"],"Sort Method": "quicksort","Sort Space Used": 233,"Sort Space Type": "Memory","Workers": [{"Worker Number": 0,"Sort Method": "quicksort","Sort Space Used": 156,"Sort Space Type": "Memory"},{"Worker Number": 1,"Sort Method": "quicksort","Sort Space Used": 156,"Sort Space Type": "Memory"}],"Plans": [{"Node Type": "Nested Loop","Parent Relationship": "Outer","Parallel Aware": false,"Async Capable": false,"Join Type": "Anti","Startup Cost": 0.43,"Total Cost": 5728.36,"Plan Rows": 310,"Plan Width": 38,"Actual Startup Time": 0.156,"Actual Total Time": 64.536,"Actual Rows": 2144,"Actual Loops": 3,"Inner Unique": false,"Workers": [],"Plans": [{"Node Type": "Seq Scan","Parent Relationship": "Outer","Parallel Aware": true,"Async Capable": false,"Relation Name": "customer","Alias": "customer","Startup Cost": 0.00,"Total Cost": 5225.62,"Plan Rows": 729,"Plan Width": 26,"Actual Startup Time": 0.031,"Actual Total Time": 43.505,"Actual Rows": 6358,"Actual Loops": 3,"Filter": "((c_acctbal > $1) AND (SUBSTRING(c_phone FROM 1 FOR 2) = ANY ('{16,28,23,30,21,11,19}'::text[])))","Rows Removed by Filter": 43642,"Workers": []},{"Node Type": "Index Only Scan","Parent Relationship": "Inner","Parallel Aware": false,"Async Capable": false,"Scan Direction": "Forward","Index Name": "idx_orders_custkey","Relation Name": "orders","Alias": "orders","Startup Cost": 0.43,"Total Cost": 3.28,"Plan Rows": 17,"Plan Width": 4,"Actual Startup Time": 0.003,"Actual Total Time": 0.003,"Actual Rows": 1,"Actual Loops": 19074,"Index Cond": "(o_custkey = customer.c_custkey)","Rows Removed by Index Recheck": 0,"Heap Fetches": 0,"Workers": []}]}]}]}]}]},"Planning Time": 3.696,"Triggers": [],"Execution Time": 137.692}]
[{"Plan": {"Node Type": "Aggregate","Strategy": "Sorted","Partial Mode": "Finalize","Parallel Aware": false,"Async Capable": false,"Startup Cost": 12972.06,"Total Cost": 13071.37,"Plan Rows": 744,"Plan Width": 72,"Actual Startup Time": 137.511,"Actual Total Time": 140.760,"Actual Rows": 7,"Actual Loops": 1,"Group Key": ["(SUBSTRING(customer.c_phone FROM 1 FOR 2))"],"Plans": [{"Node Type": "Aggregate","Strategy": "Plain","Partial Mode": "Finalize","Parent Relationship": "InitPlan","Subplan Name": "InitPlan 1 (returns $1)","Parallel Aware": false,"Async Capable": false,"Startup Cost": 6230.83,"Total Cost": 6230.84,"Plan Rows": 1,"Plan Width": 32,"Actual Startup Time": 60.232,"Actual Total Time": 60.403,"Actual Rows": 1,"Actual Loops": 1,"Plans": [{"Node Type": "Gather","Parent Relationship": "Outer","Parallel Aware": false,"Async Capable": false,"Startup Cost": 6230.61,"Total Cost": 6230.82,"Plan Rows": 2,"Plan Width": 32,"Actual Startup Time": 60.136,"Actual Total Time": 60.389,"Actual Rows": 3,"Actual Loops": 1,"Workers Planned": 2,"Workers Launched": 2,"Single Copy": false,"Plans": [{"Node Type": "Aggregate","Strategy": "Plain","Partial Mode": "Partial","Parent Relationship": "Outer","Parallel Aware": false,"Async Capable": false,"Startup Cost": 5230.61,"Total Cost": 5230.62,"Plan Rows": 1,"Plan Width": 32,"Actual Startup Time": 54.013,"Actual Total Time": 54.015,"Actual Rows": 1,"Actual Loops": 3,"Workers": [],"Plans": [{"Node Type": "Seq Scan","Parent Relationship": "Outer","Parallel Aware": true,"Async Capable": false,"Relation Name": "customer","Alias": "customer_1","Startup Cost": 0.00,"Total Cost": 5225.62,"Plan Rows": 1994,"Plan Width": 6,"Actual Startup Time": 0.063,"Actual Total Time": 52.931,"Actual Rows": 12760,"Actual Loops": 3,"Filter": "((c_acctbal > 0.00) AND (SUBSTRING(c_phone FROM 1 FOR 2) = ANY ('{19,13,20,31,14,34,27}'::text[])))","Rows Removed by Filter": 37240,"Workers": []}]}]}]},{"Node Type": "Gather Merge","Parent Relationship": "Outer","Parallel Aware": false,"Async Capable": false,"Startup Cost": 6741.22,"Total Cost": 6821.30,"Plan Rows": 620,"Plan Width": 72,"Actual Startup Time": 137.379,"Actual Total Time": 140.533,"Actual Rows": 21,"Actual Loops": 1,"Workers Planned": 2,"Params Evaluated": ["$1"],"Workers Launched": 2,"Plans": [{"Node Type": "Aggregate","Strategy": "Sorted","Partial Mode": "Partial","Parent Relationship": "Outer","Parallel Aware": false,"Async Capable": false,"Startup Cost": 5741.19,"Total Cost": 5749.72,"Plan Rows": 310,"Plan Width": 72,"Actual Startup Time": 70.404,"Actual Total Time": 70.713,"Actual Rows": 7,"Actual Loops": 3,"Group Key": ["(SUBSTRING(customer.c_phone FROM 1 FOR 2))"],"Workers": [],"Plans": [{"Node Type": "Sort","Parent Relationship": "Outer","Parallel Aware": false,"Async Capable": false,"Startup Cost": 5741.19,"Total Cost": 5741.97,"Plan Rows": 310,"Plan Width": 38,"Actual Startup Time": 70.331,"Actual Total Time": 70.420,"Actual Rows": 2149,"Actual Loops": 3,"Sort Key": ["(SUBSTRING(customer.c_phone FROM 1 FOR 2))"],"Sort Method": "quicksort","Sort Space Used": 235,"Sort Space Type": "Memory","Workers": [{"Worker Number": 0,"Sort Method": "quicksort","Sort Space Used": 151,"Sort Space Type": "Memory"},{"Worker Number": 1,"Sort Method": "quicksort","Sort Space Used": 159,"Sort Space Type": "Memory"}],"Plans": [{"Node Type": "Nested Loop","Parent Relationship": "Outer","Parallel Aware": false,"Async Capable": false,"Join Type": "Anti","Startup Cost": 0.43,"Total Cost": 5728.36,"Plan Rows": 310,"Plan Width": 38,"Actual Startup Time": 0.152,"Actual Total Time": 69.530,"Actual Rows": 2149,"Actual Loops": 3,"Inner Unique": false,"Workers": [],"Plans": [{"Node Type": "Seq Scan","Parent Relationship": "Outer","Parallel Aware": true,"Async Capable": false,"Relation Name": "customer","Alias": "customer","Startup Cost": 0.00,"Total Cost": 5225.62,"Plan Rows": 729,"Plan Width": 26,"Actual Startup Time": 0.057,"Actual Total Time": 45.315,"Actual Rows": 6366,"Actual Loops": 3,"Filter": "((c_acctbal > $1) AND (SUBSTRING(c_phone FROM 1 FOR 2) = ANY ('{19,13,20,31,14,34,27}'::text[])))","Rows Removed by Filter": 43634,"Workers": []},{"Node Type": "Index Only Scan","Parent Relationship": "Inner","Parallel Aware": false,"Async Capable": false,"Scan Direction": "Forward","Index Name": "idx_orders_custkey","Relation Name": "orders","Alias": "orders","Startup Cost": 0.43,"Total Cost": 3.28,"Plan Rows": 17,"Plan Width": 4,"Actual Startup Time": 0.003,"Actual Total Time": 0.003,"Actual Rows": 1,"Actual Loops": 19098,"Index Cond": "(o_custkey = customer.c_custkey)","Rows Removed by Index Recheck": 0,"Heap Fetches": 0,"Workers": []}]}]}]}]}]},"Planning Time": 4.082,"Triggers": [],"Execution Time": 141.134}]
[{"Plan": {"Node Type": "Aggregate","Strategy": "Sorted","Partial Mode": "Finalize","Parallel Aware": false,"Async Capable": false,"Startup Cost": 12972.06,"Total Cost": 13071.37,"Plan Rows": 744,"Plan Width": 72,"Actual Startup Time": 138.280,"Actual Total Time": 141.513,"Actual Rows": 7,"Actual Loops": 1,"Group Key": ["(SUBSTRING(customer.c_phone FROM 1 FOR 2))"],"Plans": [{"Node Type": "Aggregate","Strategy": "Plain","Partial Mode": "Finalize","Parent Relationship": "InitPlan","Subplan Name": "InitPlan 1 (returns $1)","Parallel Aware": false,"Async Capable": false,"Startup Cost": 6230.83,"Total Cost": 6230.84,"Plan Rows": 1,"Plan Width": 32,"Actual Startup Time": 60.012,"Actual Total Time": 60.189,"Actual Rows": 1,"Actual Loops": 1,"Plans": [{"Node Type": "Gather","Parent Relationship": "Outer","Parallel Aware": false,"Async Capable": false,"Startup Cost": 6230.61,"Total Cost": 6230.82,"Plan Rows": 2,"Plan Width": 32,"Actual Startup Time": 59.908,"Actual Total Time": 60.179,"Actual Rows": 3,"Actual Loops": 1,"Workers Planned": 2,"Workers Launched": 2,"Single Copy": false,"Plans": [{"Node Type": "Aggregate","Strategy": "Plain","Partial Mode": "Partial","Parent Relationship": "Outer","Parallel Aware": false,"Async Capable": false,"Startup Cost": 5230.61,"Total Cost": 5230.62,"Plan Rows": 1,"Plan Width": 32,"Actual Startup Time": 53.824,"Actual Total Time": 53.829,"Actual Rows": 1,"Actual Loops": 3,"Workers": [],"Plans": [{"Node Type": "Seq Scan","Parent Relationship": "Outer","Parallel Aware": true,"Async Capable": false,"Relation Name": "customer","Alias": "customer_1","Startup Cost": 0.00,"Total Cost": 5225.62,"Plan Rows": 1994,"Plan Width": 6,"Actual Startup Time": 0.053,"Actual Total Time": 52.740,"Actual Rows": 12710,"Actual Loops": 3,"Filter": "((c_acctbal > 0.00) AND (SUBSTRING(c_phone FROM 1 FOR 2) = ANY ('{28,15,25,11,27,21,19}'::text[])))","Rows Removed by Filter": 37290,"Workers": []}]}]}]},{"Node Type": "Gather Merge","Parent Relationship": "Outer","Parallel Aware": false,"Async Capable": false,"Startup Cost": 6741.22,"Total Cost": 6821.30,"Plan Rows": 620,"Plan Width": 72,"Actual Startup Time": 138.165,"Actual Total Time": 141.283,"Actual Rows": 21,"Actual Loops": 1,"Workers Planned": 2,"Params Evaluated": ["$1"],"Workers Launched": 2,"Plans": [{"Node Type": "Aggregate","Strategy": "Sorted","Partial Mode": "Partial","Parent Relationship": "Outer","Parallel Aware": false,"Async Capable": false,"Startup Cost": 5741.19,"Total Cost": 5749.72,"Plan Rows": 310,"Plan Width": 72,"Actual Startup Time": 71.517,"Actual Total Time": 71.818,"Actual Rows": 7,"Actual Loops": 3,"Group Key": ["(SUBSTRING(customer.c_phone FROM 1 FOR 2))"],"Workers": [],"Plans": [{"Node Type": "Sort","Parent Relationship": "Outer","Parallel Aware": false,"Async Capable": false,"Startup Cost": 5741.19,"Total Cost": 5741.97,"Plan Rows": 310,"Plan Width": 38,"Actual Startup Time": 71.440,"Actual Total Time": 71.521,"Actual Rows": 2129,"Actual Loops": 3,"Sort Key": ["(SUBSTRING(customer.c_phone FROM 1 FOR 2))"],"Sort Method": "quicksort","Sort Space Used": 230,"Sort Space Type": "Memory","Workers": [{"Worker Number": 0,"Sort Method": "quicksort","Sort Space Used": 154,"Sort Space Type": "Memory"},{"Worker Number": 1,"Sort Method": "quicksort","Sort Space Used": 158,"Sort Space Type": "Memory"}],"Plans": [{"Node Type": "Nested Loop","Parent Relationship": "Outer","Parallel Aware": false,"Async Capable": false,"Join Type": "Anti","Startup Cost": 0.43,"Total Cost": 5728.36,"Plan Rows": 310,"Plan Width": 38,"Actual Startup Time": 0.152,"Actual Total Time": 70.611,"Actual Rows": 2129,"Actual Loops": 3,"Inner Unique": false,"Workers": [],"Plans": [{"Node Type": "Seq Scan","Parent Relationship": "Outer","Parallel Aware": true,"Async Capable": false,"Relation Name": "customer","Alias": "customer","Startup Cost": 0.00,"Total Cost": 5225.62,"Plan Rows": 729,"Plan Width": 26,"Actual Startup Time": 0.037,"Actual Total Time": 46.146,"Actual Rows": 6327,"Actual Loops": 3,"Filter": "((c_acctbal > $1) AND (SUBSTRING(c_phone FROM 1 FOR 2) = ANY ('{28,15,25,11,27,21,19}'::text[])))","Rows Removed by Filter": 43673,"Workers": []},{"Node Type": "Index Only Scan","Parent Relationship": "Inner","Parallel Aware": false,"Async Capable": false,"Scan Direction": "Forward","Index Name": "idx_orders_custkey","Relation Name": "orders","Alias": "orders","Startup Cost": 0.43,"Total Cost": 3.28,"Plan Rows": 17,"Plan Width": 4,"Actual Startup Time": 0.004,"Actual Total Time": 0.004,"Actual Rows": 1,"Actual Loops": 18980,"Index Cond": "(o_custkey = customer.c_custkey)","Rows Removed by Index Recheck": 0,"Heap Fetches": 0,"Workers": []}]}]}]}]}]},"Planning Time": 4.349,"Triggers": [],"Execution Time": 141.805}]
[{"Plan": {"Node Type": "Aggregate","Strategy": "Sorted","Partial Mode": "Finalize","Parallel Aware": false,"Async Capable": false,"Startup Cost": 12972.06,"Total Cost": 13071.37,"Plan Rows": 744,"Plan Width": 72,"Actual Startup Time": 137.393,"Actual Total Time": 140.901,"Actual Rows": 7,"Actual Loops": 1,"Group Key": ["(SUBSTRING(customer.c_phone FROM 1 FOR 2))"],"Plans": [{"Node Type": "Aggregate","Strategy": "Plain","Partial Mode": "Finalize","Parent Relationship": "InitPlan","Subplan Name": "InitPlan 1 (returns $1)","Parallel Aware": false,"Async Capable": false,"Startup Cost": 6230.83,"Total Cost": 6230.84,"Plan Rows": 1,"Plan Width": 32,"Actual Startup Time": 59.604,"Actual Total Time": 59.769,"Actual Rows": 1,"Actual Loops": 1,"Plans": [{"Node Type": "Gather","Parent Relationship": "Outer","Parallel Aware": false,"Async Capable": false,"Startup Cost": 6230.61,"Total Cost": 6230.82,"Plan Rows": 2,"Plan Width": 32,"Actual Startup Time": 59.504,"Actual Total Time": 59.747,"Actual Rows": 3,"Actual Loops": 1,"Workers Planned": 2,"Workers Launched": 2,"Single Copy": false,"Plans": [{"Node Type": "Aggregate","Strategy": "Plain","Partial Mode": "Partial","Parent Relationship": "Outer","Parallel Aware": false,"Async Capable": false,"Startup Cost": 5230.61,"Total Cost": 5230.62,"Plan Rows": 1,"Plan Width": 32,"Actual Startup Time": 53.410,"Actual Total Time": 53.413,"Actual Rows": 1,"Actual Loops": 3,"Workers": [],"Plans": [{"Node Type": "Seq Scan","Parent Relationship": "Outer","Parallel Aware": true,"Async Capable": false,"Relation Name": "customer","Alias": "customer_1","Startup Cost": 0.00,"Total Cost": 5225.62,"Plan Rows": 1994,"Plan Width": 6,"Actual Startup Time": 0.067,"Actual Total Time": 52.329,"Actual Rows": 12764,"Actual Loops": 3,"Filter": "((c_acctbal > 0.00) AND (SUBSTRING(c_phone FROM 1 FOR 2) = ANY ('{32,34,23,11,18,20,13}'::text[])))","Rows Removed by Filter": 37236,"Workers": []}]}]}]},{"Node Type": "Gather Merge","Parent Relationship": "Outer","Parallel Aware": false,"Async Capable": false,"Startup Cost": 6741.22,"Total Cost": 6821.30,"Plan Rows": 620,"Plan Width": 72,"Actual Startup Time": 137.265,"Actual Total Time": 140.679,"Actual Rows": 21,"Actual Loops": 1,"Workers Planned": 2,"Params Evaluated": ["$1"],"Workers Launched": 2,"Plans": [{"Node Type": "Aggregate","Strategy": "Sorted","Partial Mode": "Partial","Parent Relationship": "Outer","Parallel Aware": false,"Async Capable": false,"Startup Cost": 5741.19,"Total Cost": 5749.72,"Plan Rows": 310,"Plan Width": 72,"Actual Startup Time": 70.914,"Actual Total Time": 71.221,"Actual Rows": 7,"Actual Loops": 3,"Group Key": ["(SUBSTRING(customer.c_phone FROM 1 FOR 2))"],"Workers": [],"Plans": [{"Node Type": "Sort","Parent Relationship": "Outer","Parallel Aware": false,"Async Capable": false,"Startup Cost": 5741.19,"Total Cost": 5741.97,"Plan Rows": 310,"Plan Width": 38,"Actual Startup Time": 70.852,"Actual Total Time": 70.936,"Actual Rows": 2142,"Actual Loops": 3,"Sort Key": ["(SUBSTRING(customer.c_phone FROM 1 FOR 2))"],"Sort Method": "quicksort","Sort Space Used": 236,"Sort Space Type": "Memory","Workers": [{"Worker Number": 0,"Sort Method": "quicksort","Sort Space Used": 152,"Sort Space Type": "Memory"},{"Worker Number": 1,"Sort Method": "quicksort","Sort Space Used": 156,"Sort Space Type": "Memory"}],"Plans": [{"Node Type": "Nested Loop","Parent Relationship": "Outer","Parallel Aware": false,"Async Capable": false,"Join Type": "Anti","Startup Cost": 0.43,"Total Cost": 5728.36,"Plan Rows": 310,"Plan Width": 38,"Actual Startup Time": 0.181,"Actual Total Time": 70.026,"Actual Rows": 2142,"Actual Loops": 3,"Inner Unique": false,"Workers": [],"Plans": [{"Node Type": "Seq Scan","Parent Relationship": "Outer","Parallel Aware": true,"Async Capable": false,"Relation Name": "customer","Alias": "customer","Startup Cost": 0.00,"Total Cost": 5225.62,"Plan Rows": 729,"Plan Width": 26,"Actual Startup Time": 0.038,"Actual Total Time": 46.058,"Actual Rows": 6377,"Actual Loops": 3,"Filter": "((c_acctbal > $1) AND (SUBSTRING(c_phone FROM 1 FOR 2) = ANY ('{32,34,23,11,18,20,13}'::text[])))","Rows Removed by Filter": 43623,"Workers": []},{"Node Type": "Index Only Scan","Parent Relationship": "Inner","Parallel Aware": false,"Async Capable": false,"Scan Direction": "Forward","Index Name": "idx_orders_custkey","Relation Name": "orders","Alias": "orders","Startup Cost": 0.43,"Total Cost": 3.28,"Plan Rows": 17,"Plan Width": 4,"Actual Startup Time": 0.003,"Actual Total Time": 0.003,"Actual Rows": 1,"Actual Loops": 19130,"Index Cond": "(o_custkey = customer.c_custkey)","Rows Removed by Index Recheck": 0,"Heap Fetches": 0,"Workers": []}]}]}]}]}]},"Planning Time": 3.735,"Triggers": [],"Execution Time": 141.240}]
[{"Plan": {"Node Type": "Aggregate","Strategy": "Sorted","Partial Mode": "Finalize","Parallel Aware": false,"Async Capable": false,"Startup Cost": 12972.06,"Total Cost": 13071.37,"Plan Rows": 744,"Plan Width": 72,"Actual Startup Time": 134.438,"Actual Total Time": 138.237,"Actual Rows": 7,"Actual Loops": 1,"Group Key": ["(SUBSTRING(customer.c_phone FROM 1 FOR 2))"],"Plans": [{"Node Type": "Aggregate","Strategy": "Plain","Partial Mode": "Finalize","Parent Relationship": "InitPlan","Subplan Name": "InitPlan 1 (returns $1)","Parallel Aware": false,"Async Capable": false,"Startup Cost": 6230.83,"Total Cost": 6230.84,"Plan Rows": 1,"Plan Width": 32,"Actual Startup Time": 58.669,"Actual Total Time": 58.868,"Actual Rows": 1,"Actual Loops": 1,"Plans": [{"Node Type": "Gather","Parent Relationship": "Outer","Parallel Aware": false,"Async Capable": false,"Startup Cost": 6230.61,"Total Cost": 6230.82,"Plan Rows": 2,"Plan Width": 32,"Actual Startup Time": 58.531,"Actual Total Time": 58.847,"Actual Rows": 3,"Actual Loops": 1,"Workers Planned": 2,"Workers Launched": 2,"Single Copy": false,"Plans": [{"Node Type": "Aggregate","Strategy": "Plain","Partial Mode": "Partial","Parent Relationship": "Outer","Parallel Aware": false,"Async Capable": false,"Startup Cost": 5230.61,"Total Cost": 5230.62,"Plan Rows": 1,"Plan Width": 32,"Actual Startup Time": 52.643,"Actual Total Time": 52.644,"Actual Rows": 1,"Actual Loops": 3,"Workers": [],"Plans": [{"Node Type": "Seq Scan","Parent Relationship": "Outer","Parallel Aware": true,"Async Capable": false,"Relation Name": "customer","Alias": "customer_1","Startup Cost": 0.00,"Total Cost": 5225.62,"Plan Rows": 1994,"Plan Width": 6,"Actual Startup Time": 0.056,"Actual Total Time": 51.595,"Actual Rows": 12675,"Actual Loops": 3,"Filter": "((c_acctbal > 0.00) AND (SUBSTRING(c_phone FROM 1 FOR 2) = ANY ('{17,22,28,21,30,32,13}'::text[])))","Rows Removed by Filter": 37325,"Workers": []}]}]}]},{"Node Type": "Gather Merge","Parent Relationship": "Outer","Parallel Aware": false,"Async Capable": false,"Startup Cost": 6741.22,"Total Cost": 6821.30,"Plan Rows": 620,"Plan Width": 72,"Actual Startup Time": 134.313,"Actual Total Time": 137.991,"Actual Rows": 21,"Actual Loops": 1,"Workers Planned": 2,"Params Evaluated": ["$1"],"Workers Launched": 2,"Plans": [{"Node Type": "Aggregate","Strategy": "Sorted","Partial Mode": "Partial","Parent Relationship": "Outer","Parallel Aware": false,"Async Capable": false,"Startup Cost": 5741.19,"Total Cost": 5749.72,"Plan Rows": 310,"Plan Width": 72,"Actual Startup Time": 68.746,"Actual Total Time": 69.047,"Actual Rows": 7,"Actual Loops": 3,"Group Key": ["(SUBSTRING(customer.c_phone FROM 1 FOR 2))"],"Workers": [],"Plans": [{"Node Type": "Sort","Parent Relationship": "Outer","Parallel Aware": false,"Async Capable": false,"Startup Cost": 5741.19,"Total Cost": 5741.97,"Plan Rows": 310,"Plan Width": 38,"Actual Startup Time": 68.676,"Actual Total Time": 68.761,"Actual Rows": 2115,"Actual Loops": 3,"Sort Key": ["(SUBSTRING(customer.c_phone FROM 1 FOR 2))"],"Sort Method": "quicksort","Sort Space Used": 236,"Sort Space Type": "Memory","Workers": [{"Worker Number": 0,"Sort Method": "quicksort","Sort Space Used": 155,"Sort Space Type": "Memory"},{"Worker Number": 1,"Sort Method": "quicksort","Sort Space Used": 149,"Sort Space Type": "Memory"}],"Plans": [{"Node Type": "Nested Loop","Parent Relationship": "Outer","Parallel Aware": false,"Async Capable": false,"Join Type": "Anti","Startup Cost": 0.43,"Total Cost": 5728.36,"Plan Rows": 310,"Plan Width": 38,"Actual Startup Time": 0.303,"Actual Total Time": 67.888,"Actual Rows": 2115,"Actual Loops": 3,"Inner Unique": false,"Workers": [],"Plans": [{"Node Type": "Seq Scan","Parent Relationship": "Outer","Parallel Aware": true,"Async Capable": false,"Relation Name": "customer","Alias": "customer","Startup Cost": 0.00,"Total Cost": 5225.62,"Plan Rows": 729,"Plan Width": 26,"Actual Startup Time": 0.032,"Actual Total Time": 44.908,"Actual Rows": 6311,"Actual Loops": 3,"Filter": "((c_acctbal > $1) AND (SUBSTRING(c_phone FROM 1 FOR 2) = ANY ('{17,22,28,21,30,32,13}'::text[])))","Rows Removed by Filter": 43689,"Workers": []},{"Node Type": "Index Only Scan","Parent Relationship": "Inner","Parallel Aware": false,"Async Capable": false,"Scan Direction": "Forward","Index Name": "idx_orders_custkey","Relation Name": "orders","Alias": "orders","Startup Cost": 0.43,"Total Cost": 3.28,"Plan Rows": 17,"Plan Width": 4,"Actual Startup Time": 0.003,"Actual Total Time": 0.003,"Actual Rows": 1,"Actual Loops": 18932,"Index Cond": "(o_custkey = customer.c_custkey)","Rows Removed by Index Recheck": 0,"Heap Fetches": 0,"Workers": []}]}]}]}]}]},"Planning Time": 4.480,"Triggers": [],"Execution Time": 138.587}]
[{"Plan": {"Node Type": "Aggregate","Strategy": "Sorted","Partial Mode": "Finalize","Parallel Aware": false,"Async Capable": false,"Startup Cost": 12972.06,"Total Cost": 13071.37,"Plan Rows": 744,"Plan Width": 72,"Actual Startup Time": 137.218,"Actual Total Time": 141.354,"Actual Rows": 7,"Actual Loops": 1,"Group Key": ["(SUBSTRING(customer.c_phone FROM 1 FOR 2))"],"Plans": [{"Node Type": "Aggregate","Strategy": "Plain","Partial Mode": "Finalize","Parent Relationship": "InitPlan","Subplan Name": "InitPlan 1 (returns $1)","Parallel Aware": false,"Async Capable": false,"Startup Cost": 6230.83,"Total Cost": 6230.84,"Plan Rows": 1,"Plan Width": 32,"Actual Startup Time": 58.382,"Actual Total Time": 58.616,"Actual Rows": 1,"Actual Loops": 1,"Plans": [{"Node Type": "Gather","Parent Relationship": "Outer","Parallel Aware": false,"Async Capable": false,"Startup Cost": 6230.61,"Total Cost": 6230.82,"Plan Rows": 2,"Plan Width": 32,"Actual Startup Time": 58.322,"Actual Total Time": 58.604,"Actual Rows": 3,"Actual Loops": 1,"Workers Planned": 2,"Workers Launched": 2,"Single Copy": false,"Plans": [{"Node Type": "Aggregate","Strategy": "Plain","Partial Mode": "Partial","Parent Relationship": "Outer","Parallel Aware": false,"Async Capable": false,"Startup Cost": 5230.61,"Total Cost": 5230.62,"Plan Rows": 1,"Plan Width": 32,"Actual Startup Time": 52.416,"Actual Total Time": 52.418,"Actual Rows": 1,"Actual Loops": 3,"Workers": [],"Plans": [{"Node Type": "Seq Scan","Parent Relationship": "Outer","Parallel Aware": true,"Async Capable": false,"Relation Name": "customer","Alias": "customer_1","Startup Cost": 0.00,"Total Cost": 5225.62,"Plan Rows": 1994,"Plan Width": 6,"Actual Startup Time": 0.055,"Actual Total Time": 51.325,"Actual Rows": 12693,"Actual Loops": 3,"Filter": "((c_acctbal > 0.00) AND (SUBSTRING(c_phone FROM 1 FOR 2) = ANY ('{21,22,18,16,17,25,23}'::text[])))","Rows Removed by Filter": 37307,"Workers": []}]}]}]},{"Node Type": "Gather Merge","Parent Relationship": "Outer","Parallel Aware": false,"Async Capable": false,"Startup Cost": 6741.22,"Total Cost": 6821.30,"Plan Rows": 620,"Plan Width": 72,"Actual Startup Time": 136.943,"Actual Total Time": 141.040,"Actual Rows": 21,"Actual Loops": 1,"Workers Planned": 2,"Params Evaluated": ["$1"],"Workers Launched": 2,"Plans": [{"Node Type": "Aggregate","Strategy": "Sorted","Partial Mode": "Partial","Parent Relationship": "Outer","Parallel Aware": false,"Async Capable": false,"Startup Cost": 5741.19,"Total Cost": 5749.72,"Plan Rows": 310,"Plan Width": 72,"Actual Startup Time": 71.518,"Actual Total Time": 71.886,"Actual Rows": 7,"Actual Loops": 3,"Group Key": ["(SUBSTRING(customer.c_phone FROM 1 FOR 2))"],"Workers": [],"Plans": [{"Node Type": "Sort","Parent Relationship": "Outer","Parallel Aware": false,"Async Capable": false,"Startup Cost": 5741.19,"Total Cost": 5741.97,"Plan Rows": 310,"Plan Width": 38,"Actual Startup Time": 71.448,"Actual Total Time": 71.547,"Actual Rows": 2113,"Actual Loops": 3,"Sort Key": ["(SUBSTRING(customer.c_phone FROM 1 FOR 2))"],"Sort Method": "quicksort","Sort Space Used": 231,"Sort Space Type": "Memory","Workers": [{"Worker Number": 0,"Sort Method": "quicksort","Sort Space Used": 156,"Sort Space Type": "Memory"},{"Worker Number": 1,"Sort Method": "quicksort","Sort Space Used": 153,"Sort Space Type": "Memory"}],"Plans": [{"Node Type": "Nested Loop","Parent Relationship": "Outer","Parallel Aware": false,"Async Capable": false,"Join Type": "Anti","Startup Cost": 0.43,"Total Cost": 5728.36,"Plan Rows": 310,"Plan Width": 38,"Actual Startup Time": 0.213,"Actual Total Time": 70.645,"Actual Rows": 2113,"Actual Loops": 3,"Inner Unique": false,"Workers": [],"Plans": [{"Node Type": "Seq Scan","Parent Relationship": "Outer","Parallel Aware": true,"Async Capable": false,"Relation Name": "customer","Alias": "customer","Startup Cost": 0.00,"Total Cost": 5225.62,"Plan Rows": 729,"Plan Width": 26,"Actual Startup Time": 0.049,"Actual Total Time": 46.738,"Actual Rows": 6335,"Actual Loops": 3,"Filter": "((c_acctbal > $1) AND (SUBSTRING(c_phone FROM 1 FOR 2) = ANY ('{21,22,18,16,17,25,23}'::text[])))","Rows Removed by Filter": 43665,"Workers": []},{"Node Type": "Index Only Scan","Parent Relationship": "Inner","Parallel Aware": false,"Async Capable": false,"Scan Direction": "Forward","Index Name": "idx_orders_custkey","Relation Name": "orders","Alias": "orders","Startup Cost": 0.43,"Total Cost": 3.28,"Plan Rows": 17,"Plan Width": 4,"Actual Startup Time": 0.003,"Actual Total Time": 0.003,"Actual Rows": 1,"Actual Loops": 19006,"Index Cond": "(o_custkey = customer.c_custkey)","Rows Removed by Index Recheck": 0,"Heap Fetches": 0,"Workers": []}]}]}]}]}]},"Planning Time": 4.528,"Triggers": [],"Execution Time": 141.793}]
[{"Plan": {"Node Type": "Aggregate","Strategy": "Sorted","Partial Mode": "Finalize","Parallel Aware": false,"Async Capable": false,"Startup Cost": 12972.06,"Total Cost": 13071.37,"Plan Rows": 744,"Plan Width": 72,"Actual Startup Time": 140.099,"Actual Total Time": 143.580,"Actual Rows": 7,"Actual Loops": 1,"Group Key": ["(SUBSTRING(customer.c_phone FROM 1 FOR 2))"],"Plans": [{"Node Type": "Aggregate","Strategy": "Plain","Partial Mode": "Finalize","Parent Relationship": "InitPlan","Subplan Name": "InitPlan 1 (returns $1)","Parallel Aware": false,"Async Capable": false,"Startup Cost": 6230.83,"Total Cost": 6230.84,"Plan Rows": 1,"Plan Width": 32,"Actual Startup Time": 61.731,"Actual Total Time": 61.930,"Actual Rows": 1,"Actual Loops": 1,"Plans": [{"Node Type": "Gather","Parent Relationship": "Outer","Parallel Aware": false,"Async Capable": false,"Startup Cost": 6230.61,"Total Cost": 6230.82,"Plan Rows": 2,"Plan Width": 32,"Actual Startup Time": 61.631,"Actual Total Time": 61.912,"Actual Rows": 3,"Actual Loops": 1,"Workers Planned": 2,"Workers Launched": 2,"Single Copy": false,"Plans": [{"Node Type": "Aggregate","Strategy": "Plain","Partial Mode": "Partial","Parent Relationship": "Outer","Parallel Aware": false,"Async Capable": false,"Startup Cost": 5230.61,"Total Cost": 5230.62,"Plan Rows": 1,"Plan Width": 32,"Actual Startup Time": 55.723,"Actual Total Time": 55.724,"Actual Rows": 1,"Actual Loops": 3,"Workers": [],"Plans": [{"Node Type": "Seq Scan","Parent Relationship": "Outer","Parallel Aware": true,"Async Capable": false,"Relation Name": "customer","Alias": "customer_1","Startup Cost": 0.00,"Total Cost": 5225.62,"Plan Rows": 1994,"Plan Width": 6,"Actual Startup Time": 0.059,"Actual Total Time": 54.681,"Actual Rows": 12688,"Actual Loops": 3,"Filter": "((c_acctbal > 0.00) AND (SUBSTRING(c_phone FROM 1 FOR 2) = ANY ('{33,15,25,17,27,31,32}'::text[])))","Rows Removed by Filter": 37312,"Workers": []}]}]}]},{"Node Type": "Gather Merge","Parent Relationship": "Outer","Parallel Aware": false,"Async Capable": false,"Startup Cost": 6741.22,"Total Cost": 6821.30,"Plan Rows": 620,"Plan Width": 72,"Actual Startup Time": 139.839,"Actual Total Time": 143.308,"Actual Rows": 21,"Actual Loops": 1,"Workers Planned": 2,"Params Evaluated": ["$1"],"Workers Launched": 2,"Plans": [{"Node Type": "Aggregate","Strategy": "Sorted","Partial Mode": "Partial","Parent Relationship": "Outer","Parallel Aware": false,"Async Capable": false,"Startup Cost": 5741.19,"Total Cost": 5749.72,"Plan Rows": 310,"Plan Width": 72,"Actual Startup Time": 71.234,"Actual Total Time": 71.590,"Actual Rows": 7,"Actual Loops": 3,"Group Key": ["(SUBSTRING(customer.c_phone FROM 1 FOR 2))"],"Workers": [],"Plans": [{"Node Type": "Sort","Parent Relationship": "Outer","Parallel Aware": false,"Async Capable": false,"Startup Cost": 5741.19,"Total Cost": 5741.97,"Plan Rows": 310,"Plan Width": 38,"Actual Startup Time": 71.164,"Actual Total Time": 71.256,"Actual Rows": 2106,"Actual Loops": 3,"Sort Key": ["(SUBSTRING(customer.c_phone FROM 1 FOR 2))"],"Sort Method": "quicksort","Sort Space Used": 228,"Sort Space Type": "Memory","Workers": [{"Worker Number": 0,"Sort Method": "quicksort","Sort Space Used": 156,"Sort Space Type": "Memory"},{"Worker Number": 1,"Sort Method": "quicksort","Sort Space Used": 155,"Sort Space Type": "Memory"}],"Plans": [{"Node Type": "Nested Loop","Parent Relationship": "Outer","Parallel Aware": false,"Async Capable": false,"Join Type": "Anti","Startup Cost": 0.43,"Total Cost": 5728.36,"Plan Rows": 310,"Plan Width": 38,"Actual Startup Time": 0.205,"Actual Total Time": 70.373,"Actual Rows": 2106,"Actual Loops": 3,"Inner Unique": false,"Workers": [],"Plans": [{"Node Type": "Seq Scan","Parent Relationship": "Outer","Parallel Aware": true,"Async Capable": false,"Relation Name": "customer","Alias": "customer","Startup Cost": 0.00,"Total Cost": 5225.62,"Plan Rows": 729,"Plan Width": 26,"Actual Startup Time": 0.038,"Actual Total Time": 46.233,"Actual Rows": 6322,"Actual Loops": 3,"Filter": "((c_acctbal > $1) AND (SUBSTRING(c_phone FROM 1 FOR 2) = ANY ('{33,15,25,17,27,31,32}'::text[])))","Rows Removed by Filter": 43678,"Workers": []},{"Node Type": "Index Only Scan","Parent Relationship": "Inner","Parallel Aware": false,"Async Capable": false,"Scan Direction": "Forward","Index Name": "idx_orders_custkey","Relation Name": "orders","Alias": "orders","Startup Cost": 0.43,"Total Cost": 3.28,"Plan Rows": 17,"Plan Width": 4,"Actual Startup Time": 0.003,"Actual Total Time": 0.003,"Actual Rows": 1,"Actual Loops": 18966,"Index Cond": "(o_custkey = customer.c_custkey)","Rows Removed by Index Recheck": 0,"Heap Fetches": 0,"Workers": []}]}]}]}]}]},"Planning Time": 4.882,"Triggers": [],"Execution Time": 144.011}]
[{"Plan": {"Node Type": "Aggregate","Strategy": "Sorted","Partial Mode": "Finalize","Parallel Aware": false,"Async Capable": false,"Startup Cost": 12972.06,"Total Cost": 13071.37,"Plan Rows": 744,"Plan Width": 72,"Actual Startup Time": 131.792,"Actual Total Time": 135.879,"Actual Rows": 7,"Actual Loops": 1,"Group Key": ["(SUBSTRING(customer.c_phone FROM 1 FOR 2))"],"Plans": [{"Node Type": "Aggregate","Strategy": "Plain","Partial Mode": "Finalize","Parent Relationship": "InitPlan","Subplan Name": "InitPlan 1 (returns $1)","Parallel Aware": false,"Async Capable": false,"Startup Cost": 6230.83,"Total Cost": 6230.84,"Plan Rows": 1,"Plan Width": 32,"Actual Startup Time": 60.764,"Actual Total Time": 60.943,"Actual Rows": 1,"Actual Loops": 1,"Plans": [{"Node Type": "Gather","Parent Relationship": "Outer","Parallel Aware": false,"Async Capable": false,"Startup Cost": 6230.61,"Total Cost": 6230.82,"Plan Rows": 2,"Plan Width": 32,"Actual Startup Time": 60.634,"Actual Total Time": 60.923,"Actual Rows": 3,"Actual Loops": 1,"Workers Planned": 2,"Workers Launched": 2,"Single Copy": false,"Plans": [{"Node Type": "Aggregate","Strategy": "Plain","Partial Mode": "Partial","Parent Relationship": "Outer","Parallel Aware": false,"Async Capable": false,"Startup Cost": 5230.61,"Total Cost": 5230.62,"Plan Rows": 1,"Plan Width": 32,"Actual Startup Time": 54.724,"Actual Total Time": 54.727,"Actual Rows": 1,"Actual Loops": 3,"Workers": [],"Plans": [{"Node Type": "Seq Scan","Parent Relationship": "Outer","Parallel Aware": true,"Async Capable": false,"Relation Name": "customer","Alias": "customer_1","Startup Cost": 0.00,"Total Cost": 5225.62,"Plan Rows": 1994,"Plan Width": 6,"Actual Startup Time": 0.065,"Actual Total Time": 53.597,"Actual Rows": 12785,"Actual Loops": 3,"Filter": "((c_acctbal > 0.00) AND (SUBSTRING(c_phone FROM 1 FOR 2) = ANY ('{17,19,15,13,33,24,32}'::text[])))","Rows Removed by Filter": 37215,"Workers": []}]}]}]},{"Node Type": "Gather Merge","Parent Relationship": "Outer","Parallel Aware": false,"Async Capable": false,"Startup Cost": 6741.22,"Total Cost": 6821.30,"Plan Rows": 620,"Plan Width": 72,"Actual Startup Time": 131.707,"Actual Total Time": 135.660,"Actual Rows": 21,"Actual Loops": 1,"Workers Planned": 2,"Params Evaluated": ["$1"],"Workers Launched": 2,"Plans": [{"Node Type": "Aggregate","Strategy": "Sorted","Partial Mode": "Partial","Parent Relationship": "Outer","Parallel Aware": false,"Async Capable": false,"Startup Cost": 5741.19,"Total Cost": 5749.72,"Plan Rows": 310,"Plan Width": 72,"Actual Startup Time": 63.702,"Actual Total Time": 64.010,"Actual Rows": 7,"Actual Loops": 3,"Group Key": ["(SUBSTRING(customer.c_phone FROM 1 FOR 2))"],"Workers": [],"Plans": [{"Node Type": "Sort","Parent Relationship": "Outer","Parallel Aware": false,"Async Capable": false,"Startup Cost": 5741.19,"Total Cost": 5741.97,"Plan Rows": 310,"Plan Width": 38,"Actual Startup Time": 63.627,"Actual Total Time": 63.710,"Actual Rows": 2131,"Actual Loops": 3,"Sort Key": ["(SUBSTRING(customer.c_phone FROM 1 FOR 2))"],"Sort Method": "quicksort","Sort Space Used": 228,"Sort Space Type": "Memory","Workers": [{"Worker Number": 0,"Sort Method": "quicksort","Sort Space Used": 155,"Sort Space Type": "Memory"},{"Worker Number": 1,"Sort Method": "quicksort","Sort Space Used": 160,"Sort Space Type": "Memory"}],"Plans": [{"Node Type": "Nested Loop","Parent Relationship": "Outer","Parallel Aware": false,"Async Capable": false,"Join Type": "Anti","Startup Cost": 0.43,"Total Cost": 5728.36,"Plan Rows": 310,"Plan Width": 38,"Actual Startup Time": 0.169,"Actual Total Time": 62.803,"Actual Rows": 2131,"Actual Loops": 3,"Inner Unique": false,"Workers": [],"Plans": [{"Node Type": "Seq Scan","Parent Relationship": "Outer","Parallel Aware": true,"Async Capable": false,"Relation Name": "customer","Alias": "customer","Startup Cost": 0.00,"Total Cost": 5225.62,"Plan Rows": 729,"Plan Width": 26,"Actual Startup Time": 0.046,"Actual Total Time": 41.323,"Actual Rows": 6372,"Actual Loops": 3,"Filter": "((c_acctbal > $1) AND (SUBSTRING(c_phone FROM 1 FOR 2) = ANY ('{17,19,15,13,33,24,32}'::text[])))","Rows Removed by Filter": 43628,"Workers": []},{"Node Type": "Index Only Scan","Parent Relationship": "Inner","Parallel Aware": false,"Async Capable": false,"Scan Direction": "Forward","Index Name": "idx_orders_custkey","Relation Name": "orders","Alias": "orders","Startup Cost": 0.43,"Total Cost": 3.28,"Plan Rows": 17,"Plan Width": 4,"Actual Startup Time": 0.003,"Actual Total Time": 0.003,"Actual Rows": 1,"Actual Loops": 19117,"Index Cond": "(o_custkey = customer.c_custkey)","Rows Removed by Index Recheck": 0,"Heap Fetches": 0,"Workers": []}]}]}]}]}]},"Planning Time": 3.606,"Triggers": [],"Execution Time": 136.210}]
[{"Plan": {"Node Type": "Aggregate","Strategy": "Sorted","Partial Mode": "Finalize","Parallel Aware": false,"Async Capable": false,"Startup Cost": 12972.06,"Total Cost": 13071.37,"Plan Rows": 744,"Plan Width": 72,"Actual Startup Time": 140.888,"Actual Total Time": 144.484,"Actual Rows": 7,"Actual Loops": 1,"Group Key": ["(SUBSTRING(customer.c_phone FROM 1 FOR 2))"],"Plans": [{"Node Type": "Aggregate","Strategy": "Plain","Partial Mode": "Finalize","Parent Relationship": "InitPlan","Subplan Name": "InitPlan 1 (returns $1)","Parallel Aware": false,"Async Capable": false,"Startup Cost": 6230.83,"Total Cost": 6230.84,"Plan Rows": 1,"Plan Width": 32,"Actual Startup Time": 62.021,"Actual Total Time": 62.200,"Actual Rows": 1,"Actual Loops": 1,"Plans": [{"Node Type": "Gather","Parent Relationship": "Outer","Parallel Aware": false,"Async Capable": false,"Startup Cost": 6230.61,"Total Cost": 6230.82,"Plan Rows": 2,"Plan Width": 32,"Actual Startup Time": 61.943,"Actual Total Time": 62.183,"Actual Rows": 3,"Actual Loops": 1,"Workers Planned": 2,"Workers Launched": 2,"Single Copy": false,"Plans": [{"Node Type": "Aggregate","Strategy": "Plain","Partial Mode": "Partial","Parent Relationship": "Outer","Parallel Aware": false,"Async Capable": false,"Startup Cost": 5230.61,"Total Cost": 5230.62,"Plan Rows": 1,"Plan Width": 32,"Actual Startup Time": 56.191,"Actual Total Time": 56.192,"Actual Rows": 1,"Actual Loops": 3,"Workers": [],"Plans": [{"Node Type": "Seq Scan","Parent Relationship": "Outer","Parallel Aware": true,"Async Capable": false,"Relation Name": "customer","Alias": "customer_1","Startup Cost": 0.00,"Total Cost": 5225.62,"Plan Rows": 1994,"Plan Width": 6,"Actual Startup Time": 0.056,"Actual Total Time": 55.136,"Actual Rows": 12689,"Actual Loops": 3,"Filter": "((c_acctbal > 0.00) AND (SUBSTRING(c_phone FROM 1 FOR 2) = ANY ('{25,12,22,13,15,16,14}'::text[])))","Rows Removed by Filter": 37311,"Workers": []}]}]}]},{"Node Type": "Gather Merge","Parent Relationship": "Outer","Parallel Aware": false,"Async Capable": false,"Startup Cost": 6741.22,"Total Cost": 6821.30,"Plan Rows": 620,"Plan Width": 72,"Actual Startup Time": 140.768,"Actual Total Time": 144.259,"Actual Rows": 21,"Actual Loops": 1,"Workers Planned": 2,"Params Evaluated": ["$1"],"Workers Launched": 2,"Plans": [{"Node Type": "Aggregate","Strategy": "Sorted","Partial Mode": "Partial","Parent Relationship": "Outer","Parallel Aware": false,"Async Capable": false,"Startup Cost": 5741.19,"Total Cost": 5749.72,"Plan Rows": 310,"Plan Width": 72,"Actual Startup Time": 72.163,"Actual Total Time": 72.459,"Actual Rows": 7,"Actual Loops": 3,"Group Key": ["(SUBSTRING(customer.c_phone FROM 1 FOR 2))"],"Workers": [],"Plans": [{"Node Type": "Sort","Parent Relationship": "Outer","Parallel Aware": false,"Async Capable": false,"Startup Cost": 5741.19,"Total Cost": 5741.97,"Plan Rows": 310,"Plan Width": 38,"Actual Startup Time": 72.095,"Actual Total Time": 72.175,"Actual Rows": 2085,"Actual Loops": 3,"Sort Key": ["(SUBSTRING(customer.c_phone FROM 1 FOR 2))"],"Sort Method": "quicksort","Sort Space Used": 233,"Sort Space Type": "Memory","Workers": [{"Worker Number": 0,"Sort Method": "quicksort","Sort Space Used": 155,"Sort Space Type": "Memory"},{"Worker Number": 1,"Sort Method": "quicksort","Sort Space Used": 148,"Sort Space Type": "Memory"}],"Plans": [{"Node Type": "Nested Loop","Parent Relationship": "Outer","Parallel Aware": false,"Async Capable": false,"Join Type": "Anti","Startup Cost": 0.43,"Total Cost": 5728.36,"Plan Rows": 310,"Plan Width": 38,"Actual Startup Time": 0.174,"Actual Total Time": 71.332,"Actual Rows": 2085,"Actual Loops": 3,"Inner Unique": false,"Workers": [],"Plans": [{"Node Type": "Seq Scan","Parent Relationship": "Outer","Parallel Aware": true,"Async Capable": false,"Relation Name": "customer","Alias": "customer","Startup Cost": 0.00,"Total Cost": 5225.62,"Plan Rows": 729,"Plan Width": 26,"Actual Startup Time": 0.033,"Actual Total Time": 47.332,"Actual Rows": 6302,"Actual Loops": 3,"Filter": "((c_acctbal > $1) AND (SUBSTRING(c_phone FROM 1 FOR 2) = ANY ('{25,12,22,13,15,16,14}'::text[])))","Rows Removed by Filter": 43698,"Workers": []},{"Node Type": "Index Only Scan","Parent Relationship": "Inner","Parallel Aware": false,"Async Capable": false,"Scan Direction": "Forward","Index Name": "idx_orders_custkey","Relation Name": "orders","Alias": "orders","Startup Cost": 0.43,"Total Cost": 3.28,"Plan Rows": 17,"Plan Width": 4,"Actual Startup Time": 0.003,"Actual Total Time": 0.003,"Actual Rows": 1,"Actual Loops": 18905,"Index Cond": "(o_custkey = customer.c_custkey)","Rows Removed by Index Recheck": 0,"Heap Fetches": 0,"Workers": []}]}]}]}]}]},"Planning Time": 4.601,"Triggers": [],"Execution Time": 144.822}]
[{"Plan": {"Node Type": "Aggregate","Strategy": "Sorted","Partial Mode": "Finalize","Parallel Aware": false,"Async Capable": false,"Startup Cost": 12972.06,"Total Cost": 13071.37,"Plan Rows": 744,"Plan Width": 72,"Actual Startup Time": 133.787,"Actual Total Time": 137.531,"Actual Rows": 7,"Actual Loops": 1,"Group Key": ["(SUBSTRING(customer.c_phone FROM 1 FOR 2))"],"Plans": [{"Node Type": "Aggregate","Strategy": "Plain","Partial Mode": "Finalize","Parent Relationship": "InitPlan","Subplan Name": "InitPlan 1 (returns $1)","Parallel Aware": false,"Async Capable": false,"Startup Cost": 6230.83,"Total Cost": 6230.84,"Plan Rows": 1,"Plan Width": 32,"Actual Startup Time": 62.302,"Actual Total Time": 62.511,"Actual Rows": 1,"Actual Loops": 1,"Plans": [{"Node Type": "Gather","Parent Relationship": "Outer","Parallel Aware": false,"Async Capable": false,"Startup Cost": 6230.61,"Total Cost": 6230.82,"Plan Rows": 2,"Plan Width": 32,"Actual Startup Time": 62.209,"Actual Total Time": 62.494,"Actual Rows": 3,"Actual Loops": 1,"Workers Planned": 2,"Workers Launched": 2,"Single Copy": false,"Plans": [{"Node Type": "Aggregate","Strategy": "Plain","Partial Mode": "Partial","Parent Relationship": "Outer","Parallel Aware": false,"Async Capable": false,"Startup Cost": 5230.61,"Total Cost": 5230.62,"Plan Rows": 1,"Plan Width": 32,"Actual Startup Time": 55.883,"Actual Total Time": 55.887,"Actual Rows": 1,"Actual Loops": 3,"Workers": [],"Plans": [{"Node Type": "Seq Scan","Parent Relationship": "Outer","Parallel Aware": true,"Async Capable": false,"Relation Name": "customer","Alias": "customer_1","Startup Cost": 0.00,"Total Cost": 5225.62,"Plan Rows": 1994,"Plan Width": 6,"Actual Startup Time": 0.054,"Actual Total Time": 54.782,"Actual Rows": 12717,"Actual Loops": 3,"Filter": "((c_acctbal > 0.00) AND (SUBSTRING(c_phone FROM 1 FOR 2) = ANY ('{10,25,24,12,19,15,31}'::text[])))","Rows Removed by Filter": 37283,"Workers": []}]}]}]},{"Node Type": "Gather Merge","Parent Relationship": "Outer","Parallel Aware": false,"Async Capable": false,"Startup Cost": 6741.22,"Total Cost": 6821.30,"Plan Rows": 620,"Plan Width": 72,"Actual Startup Time": 133.691,"Actual Total Time": 137.272,"Actual Rows": 21,"Actual Loops": 1,"Workers Planned": 2,"Params Evaluated": ["$1"],"Workers Launched": 2,"Plans": [{"Node Type": "Aggregate","Strategy": "Sorted","Partial Mode": "Partial","Parent Relationship": "Outer","Parallel Aware": false,"Async Capable": false,"Startup Cost": 5741.19,"Total Cost": 5749.72,"Plan Rows": 310,"Plan Width": 72,"Actual Startup Time": 64.614,"Actual Total Time": 64.914,"Actual Rows": 7,"Actual Loops": 3,"Group Key": ["(SUBSTRING(customer.c_phone FROM 1 FOR 2))"],"Workers": [],"Plans": [{"Node Type": "Sort","Parent Relationship": "Outer","Parallel Aware": false,"Async Capable": false,"Startup Cost": 5741.19,"Total Cost": 5741.97,"Plan Rows": 310,"Plan Width": 38,"Actual Startup Time": 64.538,"Actual Total Time": 64.618,"Actual Rows": 2108,"Actual Loops": 3,"Sort Key": ["(SUBSTRING(customer.c_phone FROM 1 FOR 2))"],"Sort Method": "quicksort","Sort Space Used": 233,"Sort Space Type": "Memory","Workers": [{"Worker Number": 0,"Sort Method": "quicksort","Sort Space Used": 152,"Sort Space Type": "Memory"},{"Worker Number": 1,"Sort Method": "quicksort","Sort Space Used": 154,"Sort Space Type": "Memory"}],"Plans": [{"Node Type": "Nested Loop","Parent Relationship": "Outer","Parallel Aware": false,"Async Capable": false,"Join Type": "Anti","Startup Cost": 0.43,"Total Cost": 5728.36,"Plan Rows": 310,"Plan Width": 38,"Actual Startup Time": 0.134,"Actual Total Time": 63.763,"Actual Rows": 2108,"Actual Loops": 3,"Inner Unique": false,"Workers": [],"Plans": [{"Node Type": "Seq Scan","Parent Relationship": "Outer","Parallel Aware": true,"Async Capable": false,"Relation Name": "customer","Alias": "customer","Startup Cost": 0.00,"Total Cost": 5225.62,"Plan Rows": 729,"Plan Width": 26,"Actual Startup Time": 0.050,"Actual Total Time": 43.069,"Actual Rows": 6332,"Actual Loops": 3,"Filter": "((c_acctbal > $1) AND (SUBSTRING(c_phone FROM 1 FOR 2) = ANY ('{10,25,24,12,19,15,31}'::text[])))","Rows Removed by Filter": 43668,"Workers": []},{"Node Type": "Index Only Scan","Parent Relationship": "Inner","Parallel Aware": false,"Async Capable": false,"Scan Direction": "Forward","Index Name": "idx_orders_custkey","Relation Name": "orders","Alias": "orders","Startup Cost": 0.43,"Total Cost": 3.28,"Plan Rows": 17,"Plan Width": 4,"Actual Startup Time": 0.003,"Actual Total Time": 0.003,"Actual Rows": 1,"Actual Loops": 18996,"Index Cond": "(o_custkey = customer.c_custkey)","Rows Removed by Index Recheck": 0,"Heap Fetches": 0,"Workers": []}]}]}]}]}]},"Planning Time": 5.075,"Triggers": [],"Execution Time": 138.028}]
[{"Plan": {"Node Type": "Aggregate","Strategy": "Sorted","Partial Mode": "Finalize","Parallel Aware": false,"Async Capable": false,"Startup Cost": 12972.06,"Total Cost": 13071.37,"Plan Rows": 744,"Plan Width": 72,"Actual Startup Time": 139.110,"Actual Total Time": 142.458,"Actual Rows": 7,"Actual Loops": 1,"Group Key": ["(SUBSTRING(customer.c_phone FROM 1 FOR 2))"],"Plans": [{"Node Type": "Aggregate","Strategy": "Plain","Partial Mode": "Finalize","Parent Relationship": "InitPlan","Subplan Name": "InitPlan 1 (returns $1)","Parallel Aware": false,"Async Capable": false,"Startup Cost": 6230.83,"Total Cost": 6230.84,"Plan Rows": 1,"Plan Width": 32,"Actual Startup Time": 62.342,"Actual Total Time": 62.546,"Actual Rows": 1,"Actual Loops": 1,"Plans": [{"Node Type": "Gather","Parent Relationship": "Outer","Parallel Aware": false,"Async Capable": false,"Startup Cost": 6230.61,"Total Cost": 6230.82,"Plan Rows": 2,"Plan Width": 32,"Actual Startup Time": 62.285,"Actual Total Time": 62.518,"Actual Rows": 3,"Actual Loops": 1,"Workers Planned": 2,"Workers Launched": 2,"Single Copy": false,"Plans": [{"Node Type": "Aggregate","Strategy": "Plain","Partial Mode": "Partial","Parent Relationship": "Outer","Parallel Aware": false,"Async Capable": false,"Startup Cost": 5230.61,"Total Cost": 5230.62,"Plan Rows": 1,"Plan Width": 32,"Actual Startup Time": 56.487,"Actual Total Time": 56.488,"Actual Rows": 1,"Actual Loops": 3,"Workers": [],"Plans": [{"Node Type": "Seq Scan","Parent Relationship": "Outer","Parallel Aware": true,"Async Capable": false,"Relation Name": "customer","Alias": "customer_1","Startup Cost": 0.00,"Total Cost": 5225.62,"Plan Rows": 1994,"Plan Width": 6,"Actual Startup Time": 0.054,"Actual Total Time": 55.428,"Actual Rows": 12669,"Actual Loops": 3,"Filter": "((c_acctbal > 0.00) AND (SUBSTRING(c_phone FROM 1 FOR 2) = ANY ('{29,30,12,10,20,27,14}'::text[])))","Rows Removed by Filter": 37331,"Workers": []}]}]}]},{"Node Type": "Gather Merge","Parent Relationship": "Outer","Parallel Aware": false,"Async Capable": false,"Startup Cost": 6741.22,"Total Cost": 6821.30,"Plan Rows": 620,"Plan Width": 72,"Actual Startup Time": 138.988,"Actual Total Time": 142.165,"Actual Rows": 21,"Actual Loops": 1,"Workers Planned": 2,"Params Evaluated": ["$1"],"Workers Launched": 2,"Plans": [{"Node Type": "Aggregate","Strategy": "Sorted","Partial Mode": "Partial","Parent Relationship": "Outer","Parallel Aware": false,"Async Capable": false,"Startup Cost": 5741.19,"Total Cost": 5749.72,"Plan Rows": 310,"Plan Width": 72,"Actual Startup Time": 69.520,"Actual Total Time": 69.811,"Actual Rows": 7,"Actual Loops": 3,"Group Key": ["(SUBSTRING(customer.c_phone FROM 1 FOR 2))"],"Workers": [],"Plans": [{"Node Type": "Sort","Parent Relationship": "Outer","Parallel Aware": false,"Async Capable": false,"Startup Cost": 5741.19,"Total Cost": 5741.97,"Plan Rows": 310,"Plan Width": 38,"Actual Startup Time": 69.447,"Actual Total Time": 69.523,"Actual Rows": 2119,"Actual Loops": 3,"Sort Key": ["(SUBSTRING(customer.c_phone FROM 1 FOR 2))"],"Sort Method": "quicksort","Sort Space Used": 233,"Sort Space Type": "Memory","Workers": [{"Worker Number": 0,"Sort Method": "quicksort","Sort Space Used": 153,"Sort Space Type": "Memory"},{"Worker Number": 1,"Sort Method": "quicksort","Sort Space Used": 155,"Sort Space Type": "Memory"}],"Plans": [{"Node Type": "Nested Loop","Parent Relationship": "Outer","Parallel Aware": false,"Async Capable": false,"Join Type": "Anti","Startup Cost": 0.43,"Total Cost": 5728.36,"Plan Rows": 310,"Plan Width": 38,"Actual Startup Time": 0.202,"Actual Total Time": 68.642,"Actual Rows": 2119,"Actual Loops": 3,"Inner Unique": false,"Workers": [],"Plans": [{"Node Type": "Seq Scan","Parent Relationship": "Outer","Parallel Aware": true,"Async Capable": false,"Relation Name": "customer","Alias": "customer","Startup Cost": 0.00,"Total Cost": 5225.62,"Plan Rows": 729,"Plan Width": 26,"Actual Startup Time": 0.038,"Actual Total Time": 45.186,"Actual Rows": 6312,"Actual Loops": 3,"Filter": "((c_acctbal > $1) AND (SUBSTRING(c_phone FROM 1 FOR 2) = ANY ('{29,30,12,10,20,27,14}'::text[])))","Rows Removed by Filter": 43688,"Workers": []},{"Node Type": "Index Only Scan","Parent Relationship": "Inner","Parallel Aware": false,"Async Capable": false,"Scan Direction": "Forward","Index Name": "idx_orders_custkey","Relation Name": "orders","Alias": "orders","Startup Cost": 0.43,"Total Cost": 3.28,"Plan Rows": 17,"Plan Width": 4,"Actual Startup Time": 0.003,"Actual Total Time": 0.003,"Actual Rows": 1,"Actual Loops": 18936,"Index Cond": "(o_custkey = customer.c_custkey)","Rows Removed by Index Recheck": 0,"Heap Fetches": 0,"Workers": []}]}]}]}]}]},"Planning Time": 4.613,"Triggers": [],"Execution Time": 142.772}]
[{"Plan": {"Node Type": "Aggregate","Strategy": "Sorted","Partial Mode": "Finalize","Parallel Aware": false,"Async Capable": false,"Startup Cost": 12972.06,"Total Cost": 13071.37,"Plan Rows": 744,"Plan Width": 72,"Actual Startup Time": 135.834,"Actual Total Time": 139.066,"Actual Rows": 7,"Actual Loops": 1,"Group Key": ["(SUBSTRING(customer.c_phone FROM 1 FOR 2))"],"Plans": [{"Node Type": "Aggregate","Strategy": "Plain","Partial Mode": "Finalize","Parent Relationship": "InitPlan","Subplan Name": "InitPlan 1 (returns $1)","Parallel Aware": false,"Async Capable": false,"Startup Cost": 6230.83,"Total Cost": 6230.84,"Plan Rows": 1,"Plan Width": 32,"Actual Startup Time": 58.897,"Actual Total Time": 59.078,"Actual Rows": 1,"Actual Loops": 1,"Plans": [{"Node Type": "Gather","Parent Relationship": "Outer","Parallel Aware": false,"Async Capable": false,"Startup Cost": 6230.61,"Total Cost": 6230.82,"Plan Rows": 2,"Plan Width": 32,"Actual Startup Time": 58.847,"Actual Total Time": 59.064,"Actual Rows": 3,"Actual Loops": 1,"Workers Planned": 2,"Workers Launched": 2,"Single Copy": false,"Plans": [{"Node Type": "Aggregate","Strategy": "Plain","Partial Mode": "Partial","Parent Relationship": "Outer","Parallel Aware": false,"Async Capable": false,"Startup Cost": 5230.61,"Total Cost": 5230.62,"Plan Rows": 1,"Plan Width": 32,"Actual Startup Time": 52.985,"Actual Total Time": 52.987,"Actual Rows": 1,"Actual Loops": 3,"Workers": [],"Plans": [{"Node Type": "Seq Scan","Parent Relationship": "Outer","Parallel Aware": true,"Async Capable": false,"Relation Name": "customer","Alias": "customer_1","Startup Cost": 0.00,"Total Cost": 5225.62,"Plan Rows": 1994,"Plan Width": 6,"Actual Startup Time": 0.063,"Actual Total Time": 51.891,"Actual Rows": 12695,"Actual Loops": 3,"Filter": "((c_acctbal > 0.00) AND (SUBSTRING(c_phone FROM 1 FOR 2) = ANY ('{34,10,14,33,22,28,26}'::text[])))","Rows Removed by Filter": 37305,"Workers": []}]}]}]},{"Node Type": "Gather Merge","Parent Relationship": "Outer","Parallel Aware": false,"Async Capable": false,"Startup Cost": 6741.22,"Total Cost": 6821.30,"Plan Rows": 620,"Plan Width": 72,"Actual Startup Time": 135.702,"Actual Total Time": 138.833,"Actual Rows": 21,"Actual Loops": 1,"Workers Planned": 2,"Params Evaluated": ["$1"],"Workers Launched": 2,"Plans": [{"Node Type": "Aggregate","Strategy": "Sorted","Partial Mode": "Partial","Parent Relationship": "Outer","Parallel Aware": false,"Async Capable": false,"Startup Cost": 5741.19,"Total Cost": 5749.72,"Plan Rows": 310,"Plan Width": 72,"Actual Startup Time": 70.022,"Actual Total Time": 70.328,"Actual Rows": 7,"Actual Loops": 3,"Group Key": ["(SUBSTRING(customer.c_phone FROM 1 FOR 2))"],"Workers": [],"Plans": [{"Node Type": "Sort","Parent Relationship": "Outer","Parallel Aware": false,"Async Capable": false,"Startup Cost": 5741.19,"Total Cost": 5741.97,"Plan Rows": 310,"Plan Width": 38,"Actual Startup Time": 69.954,"Actual Total Time": 70.036,"Actual Rows": 2130,"Actual Loops": 3,"Sort Key": ["(SUBSTRING(customer.c_phone FROM 1 FOR 2))"],"Sort Method": "quicksort","Sort Space Used": 237,"Sort Space Type": "Memory","Workers": [{"Worker Number": 0,"Sort Method": "quicksort","Sort Space Used": 150,"Sort Space Type": "Memory"},{"Worker Number": 1,"Sort Method": "quicksort","Sort Space Used": 155,"Sort Space Type": "Memory"}],"Plans": [{"Node Type": "Nested Loop","Parent Relationship": "Outer","Parallel Aware": false,"Async Capable": false,"Join Type": "Anti","Startup Cost": 0.43,"Total Cost": 5728.36,"Plan Rows": 310,"Plan Width": 38,"Actual Startup Time": 0.170,"Actual Total Time": 69.177,"Actual Rows": 2130,"Actual Loops": 3,"Inner Unique": false,"Workers": [],"Plans": [{"Node Type": "Seq Scan","Parent Relationship": "Outer","Parallel Aware": true,"Async Capable": false,"Relation Name": "customer","Alias": "customer","Startup Cost": 0.00,"Total Cost": 5225.62,"Plan Rows": 729,"Plan Width": 26,"Actual Startup Time": 0.048,"Actual Total Time": 45.327,"Actual Rows": 6352,"Actual Loops": 3,"Filter": "((c_acctbal > $1) AND (SUBSTRING(c_phone FROM 1 FOR 2) = ANY ('{34,10,14,33,22,28,26}'::text[])))","Rows Removed by Filter": 43648,"Workers": []},{"Node Type": "Index Only Scan","Parent Relationship": "Inner","Parallel Aware": false,"Async Capable": false,"Scan Direction": "Forward","Index Name": "idx_orders_custkey","Relation Name": "orders","Alias": "orders","Startup Cost": 0.43,"Total Cost": 3.28,"Plan Rows": 17,"Plan Width": 4,"Actual Startup Time": 0.003,"Actual Total Time": 0.003,"Actual Rows": 1,"Actual Loops": 19055,"Index Cond": "(o_custkey = customer.c_custkey)","Rows Removed by Index Recheck": 0,"Heap Fetches": 0,"Workers": []}]}]}]}]}]},"Planning Time": 3.234,"Triggers": [],"Execution Time": 139.335}]
[{"Plan": {"Node Type": "Aggregate","Strategy": "Sorted","Partial Mode": "Finalize","Parallel Aware": false,"Async Capable": false,"Startup Cost": 12972.06,"Total Cost": 13071.37,"Plan Rows": 744,"Plan Width": 72,"Actual Startup Time": 133.368,"Actual Total Time": 138.941,"Actual Rows": 7,"Actual Loops": 1,"Group Key": ["(SUBSTRING(customer.c_phone FROM 1 FOR 2))"],"Plans": [{"Node Type": "Aggregate","Strategy": "Plain","Partial Mode": "Finalize","Parent Relationship": "InitPlan","Subplan Name": "InitPlan 1 (returns $1)","Parallel Aware": false,"Async Capable": false,"Startup Cost": 6230.83,"Total Cost": 6230.84,"Plan Rows": 1,"Plan Width": 32,"Actual Startup Time": 61.124,"Actual Total Time": 61.439,"Actual Rows": 1,"Actual Loops": 1,"Plans": [{"Node Type": "Gather","Parent Relationship": "Outer","Parallel Aware": false,"Async Capable": false,"Startup Cost": 6230.61,"Total Cost": 6230.82,"Plan Rows": 2,"Plan Width": 32,"Actual Startup Time": 60.992,"Actual Total Time": 61.422,"Actual Rows": 3,"Actual Loops": 1,"Workers Planned": 2,"Workers Launched": 2,"Single Copy": false,"Plans": [{"Node Type": "Aggregate","Strategy": "Plain","Partial Mode": "Partial","Parent Relationship": "Outer","Parallel Aware": false,"Async Capable": false,"Startup Cost": 5230.61,"Total Cost": 5230.62,"Plan Rows": 1,"Plan Width": 32,"Actual Startup Time": 54.885,"Actual Total Time": 54.888,"Actual Rows": 1,"Actual Loops": 3,"Workers": [],"Plans": [{"Node Type": "Seq Scan","Parent Relationship": "Outer","Parallel Aware": true,"Async Capable": false,"Relation Name": "customer","Alias": "customer_1","Startup Cost": 0.00,"Total Cost": 5225.62,"Plan Rows": 1994,"Plan Width": 6,"Actual Startup Time": 0.052,"Actual Total Time": 53.821,"Actual Rows": 12739,"Actual Loops": 3,"Filter": "((c_acctbal > 0.00) AND (SUBSTRING(c_phone FROM 1 FOR 2) = ANY ('{28,33,22,30,31,16,23}'::text[])))","Rows Removed by Filter": 37261,"Workers": []}]}]}]},{"Node Type": "Gather Merge","Parent Relationship": "Outer","Parallel Aware": false,"Async Capable": false,"Startup Cost": 6741.22,"Total Cost": 6821.30,"Plan Rows": 620,"Plan Width": 72,"Actual Startup Time": 133.261,"Actual Total Time": 138.569,"Actual Rows": 21,"Actual Loops": 1,"Workers Planned": 2,"Params Evaluated": ["$1"],"Workers Launched": 2,"Plans": [{"Node Type": "Aggregate","Strategy": "Sorted","Partial Mode": "Partial","Parent Relationship": "Outer","Parallel Aware": false,"Async Capable": false,"Startup Cost": 5741.19,"Total Cost": 5749.72,"Plan Rows": 310,"Plan Width": 72,"Actual Startup Time": 65.544,"Actual Total Time": 65.855,"Actual Rows": 7,"Actual Loops": 3,"Group Key": ["(SUBSTRING(customer.c_phone FROM 1 FOR 2))"],"Workers": [],"Plans": [{"Node Type": "Sort","Parent Relationship": "Outer","Parallel Aware": false,"Async Capable": false,"Startup Cost": 5741.19,"Total Cost": 5741.97,"Plan Rows": 310,"Plan Width": 38,"Actual Startup Time": 65.464,"Actual Total Time": 65.547,"Actual Rows": 2127,"Actual Loops": 3,"Sort Key": ["(SUBSTRING(customer.c_phone FROM 1 FOR 2))"],"Sort Method": "quicksort","Sort Space Used": 233,"Sort Space Type": "Memory","Workers": [{"Worker Number": 0,"Sort Method": "quicksort","Sort Space Used": 152,"Sort Space Type": "Memory"},{"Worker Number": 1,"Sort Method": "quicksort","Sort Space Used": 157,"Sort Space Type": "Memory"}],"Plans": [{"Node Type": "Nested Loop","Parent Relationship": "Outer","Parallel Aware": false,"Async Capable": false,"Join Type": "Anti","Startup Cost": 0.43,"Total Cost": 5728.36,"Plan Rows": 310,"Plan Width": 38,"Actual Startup Time": 0.128,"Actual Total Time": 64.651,"Actual Rows": 2127,"Actual Loops": 3,"Inner Unique": false,"Workers": [],"Plans": [{"Node Type": "Seq Scan","Parent Relationship": "Outer","Parallel Aware": true,"Async Capable": false,"Relation Name": "customer","Alias": "customer","Startup Cost": 0.00,"Total Cost": 5225.62,"Plan Rows": 729,"Plan Width": 26,"Actual Startup Time": 0.031,"Actual Total Time": 43.584,"Actual Rows": 6351,"Actual Loops": 3,"Filter": "((c_acctbal > $1) AND (SUBSTRING(c_phone FROM 1 FOR 2) = ANY ('{28,33,22,30,31,16,23}'::text[])))","Rows Removed by Filter": 43649,"Workers": []},{"Node Type": "Index Only Scan","Parent Relationship": "Inner","Parallel Aware": false,"Async Capable": false,"Scan Direction": "Forward","Index Name": "idx_orders_custkey","Relation Name": "orders","Alias": "orders","Startup Cost": 0.43,"Total Cost": 3.28,"Plan Rows": 17,"Plan Width": 4,"Actual Startup Time": 0.003,"Actual Total Time": 0.003,"Actual Rows": 1,"Actual Loops": 19053,"Index Cond": "(o_custkey = customer.c_custkey)","Rows Removed by Index Recheck": 0,"Heap Fetches": 0,"Workers": []}]}]}]}]}]},"Planning Time": 3.902,"Triggers": [],"Execution Time": 139.348}]
[{"Plan": {"Node Type": "Aggregate","Strategy": "Sorted","Partial Mode": "Finalize","Parallel Aware": false,"Async Capable": false,"Startup Cost": 12972.06,"Total Cost": 13071.37,"Plan Rows": 744,"Plan Width": 72,"Actual Startup Time": 133.375,"Actual Total Time": 137.261,"Actual Rows": 7,"Actual Loops": 1,"Group Key": ["(SUBSTRING(customer.c_phone FROM 1 FOR 2))"],"Plans": [{"Node Type": "Aggregate","Strategy": "Plain","Partial Mode": "Finalize","Parent Relationship": "InitPlan","Subplan Name": "InitPlan 1 (returns $1)","Parallel Aware": false,"Async Capable": false,"Startup Cost": 6230.83,"Total Cost": 6230.84,"Plan Rows": 1,"Plan Width": 32,"Actual Startup Time": 61.766,"Actual Total Time": 62.084,"Actual Rows": 1,"Actual Loops": 1,"Plans": [{"Node Type": "Gather","Parent Relationship": "Outer","Parallel Aware": false,"Async Capable": false,"Startup Cost": 6230.61,"Total Cost": 6230.82,"Plan Rows": 2,"Plan Width": 32,"Actual Startup Time": 61.625,"Actual Total Time": 62.060,"Actual Rows": 3,"Actual Loops": 1,"Workers Planned": 2,"Workers Launched": 2,"Single Copy": false,"Plans": [{"Node Type": "Aggregate","Strategy": "Plain","Partial Mode": "Partial","Parent Relationship": "Outer","Parallel Aware": false,"Async Capable": false,"Startup Cost": 5230.61,"Total Cost": 5230.62,"Plan Rows": 1,"Plan Width": 32,"Actual Startup Time": 55.309,"Actual Total Time": 55.311,"Actual Rows": 1,"Actual Loops": 3,"Workers": [],"Plans": [{"Node Type": "Seq Scan","Parent Relationship": "Outer","Parallel Aware": true,"Async Capable": false,"Relation Name": "customer","Alias": "customer_1","Startup Cost": 0.00,"Total Cost": 5225.62,"Plan Rows": 1994,"Plan Width": 6,"Actual Startup Time": 0.051,"Actual Total Time": 54.227,"Actual Rows": 12656,"Actual Loops": 3,"Filter": "((c_acctbal > 0.00) AND (SUBSTRING(c_phone FROM 1 FOR 2) = ANY ('{32,12,30,15,17,13,22}'::text[])))","Rows Removed by Filter": 37344,"Workers": []}]}]}]},{"Node Type": "Gather Merge","Parent Relationship": "Outer","Parallel Aware": false,"Async Capable": false,"Startup Cost": 6741.22,"Total Cost": 6821.30,"Plan Rows": 620,"Plan Width": 72,"Actual Startup Time": 133.279,"Actual Total Time": 136.892,"Actual Rows": 21,"Actual Loops": 1,"Workers Planned": 2,"Params Evaluated": ["$1"],"Workers Launched": 2,"Plans": [{"Node Type": "Aggregate","Strategy": "Sorted","Partial Mode": "Partial","Parent Relationship": "Outer","Parallel Aware": false,"Async Capable": false,"Startup Cost": 5741.19,"Total Cost": 5749.72,"Plan Rows": 310,"Plan Width": 72,"Actual Startup Time": 64.600,"Actual Total Time": 64.898,"Actual Rows": 7,"Actual Loops": 3,"Group Key": ["(SUBSTRING(customer.c_phone FROM 1 FOR 2))"],"Workers": [],"Plans": [{"Node Type": "Sort","Parent Relationship": "Outer","Parallel Aware": false,"Async Capable": false,"Startup Cost": 5741.19,"Total Cost": 5741.97,"Plan Rows": 310,"Plan Width": 38,"Actual Startup Time": 64.525,"Actual Total Time": 64.607,"Actual Rows": 2080,"Actual Loops": 3,"Sort Key": ["(SUBSTRING(customer.c_phone FROM 1 FOR 2))"],"Sort Method": "quicksort","Sort Space Used": 234,"Sort Space Type": "Memory","Workers": [{"Worker Number": 0,"Sort Method": "quicksort","Sort Space Used": 149,"Sort Space Type": "Memory"},{"Worker Number": 1,"Sort Method": "quicksort","Sort Space Used": 151,"Sort Space Type": "Memory"}],"Plans": [{"Node Type": "Nested Loop","Parent Relationship": "Outer","Parallel Aware": false,"Async Capable": false,"Join Type": "Anti","Startup Cost": 0.43,"Total Cost": 5728.36,"Plan Rows": 310,"Plan Width": 38,"Actual Startup Time": 0.149,"Actual Total Time": 63.736,"Actual Rows": 2080,"Actual Loops": 3,"Inner Unique": false,"Workers": [],"Plans": [{"Node Type": "Seq Scan","Parent Relationship": "Outer","Parallel Aware": true,"Async Capable": false,"Relation Name": "customer","Alias": "customer","Startup Cost": 0.00,"Total Cost": 5225.62,"Plan Rows": 729,"Plan Width": 26,"Actual Startup Time": 0.027,"Actual Total Time": 43.080,"Actual Rows": 6284,"Actual Loops": 3,"Filter": "((c_acctbal > $1) AND (SUBSTRING(c_phone FROM 1 FOR 2) = ANY ('{32,12,30,15,17,13,22}'::text[])))","Rows Removed by Filter": 43716,"Workers": []},{"Node Type": "Index Only Scan","Parent Relationship": "Inner","Parallel Aware": false,"Async Capable": false,"Scan Direction": "Forward","Index Name": "idx_orders_custkey","Relation Name": "orders","Alias": "orders","Startup Cost": 0.43,"Total Cost": 3.28,"Plan Rows": 17,"Plan Width": 4,"Actual Startup Time": 0.003,"Actual Total Time": 0.003,"Actual Rows": 1,"Actual Loops": 18853,"Index Cond": "(o_custkey = customer.c_custkey)","Rows Removed by Index Recheck": 0,"Heap Fetches": 0,"Workers": []}]}]}]}]}]},"Planning Time": 3.704,"Triggers": [],"Execution Time": 137.666}]
[{"Plan": {"Node Type": "Aggregate","Strategy": "Sorted","Partial Mode": "Finalize","Parallel Aware": false,"Async Capable": false,"Startup Cost": 12972.06,"Total Cost": 13071.37,"Plan Rows": 744,"Plan Width": 72,"Actual Startup Time": 135.817,"Actual Total Time": 139.374,"Actual Rows": 7,"Actual Loops": 1,"Group Key": ["(SUBSTRING(customer.c_phone FROM 1 FOR 2))"],"Plans": [{"Node Type": "Aggregate","Strategy": "Plain","Partial Mode": "Finalize","Parent Relationship": "InitPlan","Subplan Name": "InitPlan 1 (returns $1)","Parallel Aware": false,"Async Capable": false,"Startup Cost": 6230.83,"Total Cost": 6230.84,"Plan Rows": 1,"Plan Width": 32,"Actual Startup Time": 59.851,"Actual Total Time": 60.038,"Actual Rows": 1,"Actual Loops": 1,"Plans": [{"Node Type": "Gather","Parent Relationship": "Outer","Parallel Aware": false,"Async Capable": false,"Startup Cost": 6230.61,"Total Cost": 6230.82,"Plan Rows": 2,"Plan Width": 32,"Actual Startup Time": 59.763,"Actual Total Time": 60.010,"Actual Rows": 3,"Actual Loops": 1,"Workers Planned": 2,"Workers Launched": 2,"Single Copy": false,"Plans": [{"Node Type": "Aggregate","Strategy": "Plain","Partial Mode": "Partial","Parent Relationship": "Outer","Parallel Aware": false,"Async Capable": false,"Startup Cost": 5230.61,"Total Cost": 5230.62,"Plan Rows": 1,"Plan Width": 32,"Actual Startup Time": 53.796,"Actual Total Time": 53.797,"Actual Rows": 1,"Actual Loops": 3,"Workers": [],"Plans": [{"Node Type": "Seq Scan","Parent Relationship": "Outer","Parallel Aware": true,"Async Capable": false,"Relation Name": "customer","Alias": "customer_1","Startup Cost": 0.00,"Total Cost": 5225.62,"Plan Rows": 1994,"Plan Width": 6,"Actual Startup Time": 0.061,"Actual Total Time": 52.738,"Actual Rows": 12658,"Actual Loops": 3,"Filter": "((c_acctbal > 0.00) AND (SUBSTRING(c_phone FROM 1 FOR 2) = ANY ('{21,11,25,10,15,18,16}'::text[])))","Rows Removed by Filter": 37342,"Workers": []}]}]}]},{"Node Type": "Gather Merge","Parent Relationship": "Outer","Parallel Aware": false,"Async Capable": false,"Startup Cost": 6741.22,"Total Cost": 6821.30,"Plan Rows": 620,"Plan Width": 72,"Actual Startup Time": 135.685,"Actual Total Time": 139.135,"Actual Rows": 21,"Actual Loops": 1,"Workers Planned": 2,"Params Evaluated": ["$1"],"Workers Launched": 2,"Plans": [{"Node Type": "Aggregate","Strategy": "Sorted","Partial Mode": "Partial","Parent Relationship": "Outer","Parallel Aware": false,"Async Capable": false,"Startup Cost": 5741.19,"Total Cost": 5749.72,"Plan Rows": 310,"Plan Width": 72,"Actual Startup Time": 69.307,"Actual Total Time": 69.618,"Actual Rows": 7,"Actual Loops": 3,"Group Key": ["(SUBSTRING(customer.c_phone FROM 1 FOR 2))"],"Workers": [],"Plans": [{"Node Type": "Sort","Parent Relationship": "Outer","Parallel Aware": false,"Async Capable": false,"Startup Cost": 5741.19,"Total Cost": 5741.97,"Plan Rows": 310,"Plan Width": 38,"Actual Startup Time": 69.240,"Actual Total Time": 69.321,"Actual Rows": 2120,"Actual Loops": 3,"Sort Key": ["(SUBSTRING(customer.c_phone FROM 1 FOR 2))"],"Sort Method": "quicksort","Sort Space Used": 234,"Sort Space Type": "Memory","Workers": [{"Worker Number": 0,"Sort Method": "quicksort","Sort Space Used": 154,"Sort Space Type": "Memory"},{"Worker Number": 1,"Sort Method": "quicksort","Sort Space Used": 153,"Sort Space Type": "Memory"}],"Plans": [{"Node Type": "Nested Loop","Parent Relationship": "Outer","Parallel Aware": false,"Async Capable": false,"Join Type": "Anti","Startup Cost": 0.43,"Total Cost": 5728.36,"Plan Rows": 310,"Plan Width": 38,"Actual Startup Time": 0.215,"Actual Total Time": 68.440,"Actual Rows": 2120,"Actual Loops": 3,"Inner Unique": false,"Workers": [],"Plans": [{"Node Type": "Seq Scan","Parent Relationship": "Outer","Parallel Aware": true,"Async Capable": false,"Relation Name": "customer","Alias": "customer","Startup Cost": 0.00,"Total Cost": 5225.62,"Plan Rows": 729,"Plan Width": 26,"Actual Startup Time": 0.047,"Actual Total Time": 45.273,"Actual Rows": 6307,"Actual Loops": 3,"Filter": "((c_acctbal > $1) AND (SUBSTRING(c_phone FROM 1 FOR 2) = ANY ('{21,11,25,10,15,18,16}'::text[])))","Rows Removed by Filter": 43693,"Workers": []},{"Node Type": "Index Only Scan","Parent Relationship": "Inner","Parallel Aware": false,"Async Capable": false,"Scan Direction": "Forward","Index Name": "idx_orders_custkey","Relation Name": "orders","Alias": "orders","Startup Cost": 0.43,"Total Cost": 3.28,"Plan Rows": 17,"Plan Width": 4,"Actual Startup Time": 0.003,"Actual Total Time": 0.003,"Actual Rows": 1,"Actual Loops": 18922,"Index Cond": "(o_custkey = customer.c_custkey)","Rows Removed by Index Recheck": 0,"Heap Fetches": 0,"Workers": []}]}]}]}]}]},"Planning Time": 4.083,"Triggers": [],"Execution Time": 139.812}]
[{"Plan": {"Node Type": "Aggregate","Strategy": "Sorted","Partial Mode": "Finalize","Parallel Aware": false,"Async Capable": false,"Startup Cost": 12972.06,"Total Cost": 13071.37,"Plan Rows": 744,"Plan Width": 72,"Actual Startup Time": 139.767,"Actual Total Time": 143.370,"Actual Rows": 7,"Actual Loops": 1,"Group Key": ["(SUBSTRING(customer.c_phone FROM 1 FOR 2))"],"Plans": [{"Node Type": "Aggregate","Strategy": "Plain","Partial Mode": "Finalize","Parent Relationship": "InitPlan","Subplan Name": "InitPlan 1 (returns $1)","Parallel Aware": false,"Async Capable": false,"Startup Cost": 6230.83,"Total Cost": 6230.84,"Plan Rows": 1,"Plan Width": 32,"Actual Startup Time": 62.074,"Actual Total Time": 62.245,"Actual Rows": 1,"Actual Loops": 1,"Plans": [{"Node Type": "Gather","Parent Relationship": "Outer","Parallel Aware": false,"Async Capable": false,"Startup Cost": 6230.61,"Total Cost": 6230.82,"Plan Rows": 2,"Plan Width": 32,"Actual Startup Time": 61.949,"Actual Total Time": 62.227,"Actual Rows": 3,"Actual Loops": 1,"Workers Planned": 2,"Workers Launched": 2,"Single Copy": false,"Plans": [{"Node Type": "Aggregate","Strategy": "Plain","Partial Mode": "Partial","Parent Relationship": "Outer","Parallel Aware": false,"Async Capable": false,"Startup Cost": 5230.61,"Total Cost": 5230.62,"Plan Rows": 1,"Plan Width": 32,"Actual Startup Time": 56.020,"Actual Total Time": 56.022,"Actual Rows": 1,"Actual Loops": 3,"Workers": [],"Plans": [{"Node Type": "Seq Scan","Parent Relationship": "Outer","Parallel Aware": true,"Async Capable": false,"Relation Name": "customer","Alias": "customer_1","Startup Cost": 0.00,"Total Cost": 5225.62,"Plan Rows": 1994,"Plan Width": 6,"Actual Startup Time": 0.051,"Actual Total Time": 54.916,"Actual Rows": 12745,"Actual Loops": 3,"Filter": "((c_acctbal > 0.00) AND (SUBSTRING(c_phone FROM 1 FOR 2) = ANY ('{18,27,32,13,20,21,12}'::text[])))","Rows Removed by Filter": 37255,"Workers": []}]}]}]},{"Node Type": "Gather Merge","Parent Relationship": "Outer","Parallel Aware": false,"Async Capable": false,"Startup Cost": 6741.22,"Total Cost": 6821.30,"Plan Rows": 620,"Plan Width": 72,"Actual Startup Time": 139.636,"Actual Total Time": 143.132,"Actual Rows": 21,"Actual Loops": 1,"Workers Planned": 2,"Params Evaluated": ["$1"],"Workers Launched": 2,"Plans": [{"Node Type": "Aggregate","Strategy": "Sorted","Partial Mode": "Partial","Parent Relationship": "Outer","Parallel Aware": false,"Async Capable": false,"Startup Cost": 5741.19,"Total Cost": 5749.72,"Plan Rows": 310,"Plan Width": 72,"Actual Startup Time": 70.697,"Actual Total Time": 70.992,"Actual Rows": 7,"Actual Loops": 3,"Group Key": ["(SUBSTRING(customer.c_phone FROM 1 FOR 2))"],"Workers": [],"Plans": [{"Node Type": "Sort","Parent Relationship": "Outer","Parallel Aware": false,"Async Capable": false,"Startup Cost": 5741.19,"Total Cost": 5741.97,"Plan Rows": 310,"Plan Width": 38,"Actual Startup Time": 70.630,"Actual Total Time": 70.708,"Actual Rows": 2132,"Actual Loops": 3,"Sort Key": ["(SUBSTRING(customer.c_phone FROM 1 FOR 2))"],"Sort Method": "quicksort","Sort Space Used": 236,"Sort Space Type": "Memory","Workers": [{"Worker Number": 0,"Sort Method": "quicksort","Sort Space Used": 156,"Sort Space Type": "Memory"},{"Worker Number": 1,"Sort Method": "quicksort","Sort Space Used": 150,"Sort Space Type": "Memory"}],"Plans": [{"Node Type": "Nested Loop","Parent Relationship": "Outer","Parallel Aware": false,"Async Capable": false,"Join Type": "Anti","Startup Cost": 0.43,"Total Cost": 5728.36,"Plan Rows": 310,"Plan Width": 38,"Actual Startup Time": 0.220,"Actual Total Time": 69.840,"Actual Rows": 2132,"Actual Loops": 3,"Inner Unique": false,"Workers": [],"Plans": [{"Node Type": "Seq Scan","Parent Relationship": "Outer","Parallel Aware": true,"Async Capable": false,"Relation Name": "customer","Alias": "customer","Startup Cost": 0.00,"Total Cost": 5225.62,"Plan Rows": 729,"Plan Width": 26,"Actual Startup Time": 0.047,"Actual Total Time": 45.944,"Actual Rows": 6354,"Actual Loops": 3,"Filter": "((c_acctbal > $1) AND (SUBSTRING(c_phone FROM 1 FOR 2) = ANY ('{18,27,32,13,20,21,12}'::text[])))","Rows Removed by Filter": 43646,"Workers": []},{"Node Type": "Index Only Scan","Parent Relationship": "Inner","Parallel Aware": false,"Async Capable": false,"Scan Direction": "Forward","Index Name": "idx_orders_custkey","Relation Name": "orders","Alias": "orders","Startup Cost": 0.43,"Total Cost": 3.28,"Plan Rows": 17,"Plan Width": 4,"Actual Startup Time": 0.003,"Actual Total Time": 0.003,"Actual Rows": 1,"Actual Loops": 19062,"Index Cond": "(o_custkey = customer.c_custkey)","Rows Removed by Index Recheck": 0,"Heap Fetches": 0,"Workers": []}]}]}]}]}]},"Planning Time": 3.764,"Triggers": [],"Execution Time": 143.740}]
[{"Plan": {"Node Type": "Aggregate","Strategy": "Sorted","Partial Mode": "Finalize","Parallel Aware": false,"Async Capable": false,"Startup Cost": 12972.06,"Total Cost": 13071.37,"Plan Rows": 744,"Plan Width": 72,"Actual Startup Time": 140.336,"Actual Total Time": 143.526,"Actual Rows": 7,"Actual Loops": 1,"Group Key": ["(SUBSTRING(customer.c_phone FROM 1 FOR 2))"],"Plans": [{"Node Type": "Aggregate","Strategy": "Plain","Partial Mode": "Finalize","Parent Relationship": "InitPlan","Subplan Name": "InitPlan 1 (returns $1)","Parallel Aware": false,"Async Capable": false,"Startup Cost": 6230.83,"Total Cost": 6230.84,"Plan Rows": 1,"Plan Width": 32,"Actual Startup Time": 61.118,"Actual Total Time": 61.272,"Actual Rows": 1,"Actual Loops": 1,"Plans": [{"Node Type": "Gather","Parent Relationship": "Outer","Parallel Aware": false,"Async Capable": false,"Startup Cost": 6230.61,"Total Cost": 6230.82,"Plan Rows": 2,"Plan Width": 32,"Actual Startup Time": 60.981,"Actual Total Time": 61.255,"Actual Rows": 3,"Actual Loops": 1,"Workers Planned": 2,"Workers Launched": 2,"Single Copy": false,"Plans": [{"Node Type": "Aggregate","Strategy": "Plain","Partial Mode": "Partial","Parent Relationship": "Outer","Parallel Aware": false,"Async Capable": false,"Startup Cost": 5230.61,"Total Cost": 5230.62,"Plan Rows": 1,"Plan Width": 32,"Actual Startup Time": 55.107,"Actual Total Time": 55.109,"Actual Rows": 1,"Actual Loops": 3,"Workers": [],"Plans": [{"Node Type": "Seq Scan","Parent Relationship": "Outer","Parallel Aware": true,"Async Capable": false,"Relation Name": "customer","Alias": "customer_1","Startup Cost": 0.00,"Total Cost": 5225.62,"Plan Rows": 1994,"Plan Width": 6,"Actual Startup Time": 0.060,"Actual Total Time": 54.039,"Actual Rows": 12720,"Actual Loops": 3,"Filter": "((c_acctbal > 0.00) AND (SUBSTRING(c_phone FROM 1 FOR 2) = ANY ('{33,21,23,17,22,31,18}'::text[])))","Rows Removed by Filter": 37280,"Workers": []}]}]}]},{"Node Type": "Gather Merge","Parent Relationship": "Outer","Parallel Aware": false,"Async Capable": false,"Startup Cost": 6741.22,"Total Cost": 6821.30,"Plan Rows": 620,"Plan Width": 72,"Actual Startup Time": 140.199,"Actual Total Time": 143.313,"Actual Rows": 21,"Actual Loops": 1,"Workers Planned": 2,"Params Evaluated": ["$1"],"Workers Launched": 2,"Plans": [{"Node Type": "Aggregate","Strategy": "Sorted","Partial Mode": "Partial","Parent Relationship": "Outer","Parallel Aware": false,"Async Capable": false,"Startup Cost": 5741.19,"Total Cost": 5749.72,"Plan Rows": 310,"Plan Width": 72,"Actual Startup Time": 72.128,"Actual Total Time": 72.435,"Actual Rows": 7,"Actual Loops": 3,"Group Key": ["(SUBSTRING(customer.c_phone FROM 1 FOR 2))"],"Workers": [],"Plans": [{"Node Type": "Sort","Parent Relationship": "Outer","Parallel Aware": false,"Async Capable": false,"Startup Cost": 5741.19,"Total Cost": 5741.97,"Plan Rows": 310,"Plan Width": 38,"Actual Startup Time": 72.060,"Actual Total Time": 72.143,"Actual Rows": 2150,"Actual Loops": 3,"Sort Key": ["(SUBSTRING(customer.c_phone FROM 1 FOR 2))"],"Sort Method": "quicksort","Sort Space Used": 235,"Sort Space Type": "Memory","Workers": [{"Worker Number": 0,"Sort Method": "quicksort","Sort Space Used": 152,"Sort Space Type": "Memory"},{"Worker Number": 1,"Sort Method": "quicksort","Sort Space Used": 159,"Sort Space Type": "Memory"}],"Plans": [{"Node Type": "Nested Loop","Parent Relationship": "Outer","Parallel Aware": false,"Async Capable": false,"Join Type": "Anti","Startup Cost": 0.43,"Total Cost": 5728.36,"Plan Rows": 310,"Plan Width": 38,"Actual Startup Time": 0.206,"Actual Total Time": 71.269,"Actual Rows": 2150,"Actual Loops": 3,"Inner Unique": false,"Workers": [],"Plans": [{"Node Type": "Seq Scan","Parent Relationship": "Outer","Parallel Aware": true,"Async Capable": false,"Relation Name": "customer","Alias": "customer","Startup Cost": 0.00,"Total Cost": 5225.62,"Plan Rows": 729,"Plan Width": 26,"Actual Startup Time": 0.039,"Actual Total Time": 46.877,"Actual Rows": 6355,"Actual Loops": 3,"Filter": "((c_acctbal > $1) AND (SUBSTRING(c_phone FROM 1 FOR 2) = ANY ('{33,21,23,17,22,31,18}'::text[])))","Rows Removed by Filter": 43645,"Workers": []},{"Node Type": "Index Only Scan","Parent Relationship": "Inner","Parallel Aware": false,"Async Capable": false,"Scan Direction": "Forward","Index Name": "idx_orders_custkey","Relation Name": "orders","Alias": "orders","Startup Cost": 0.43,"Total Cost": 3.28,"Plan Rows": 17,"Plan Width": 4,"Actual Startup Time": 0.004,"Actual Total Time": 0.004,"Actual Rows": 1,"Actual Loops": 19064,"Index Cond": "(o_custkey = customer.c_custkey)","Rows Removed by Index Recheck": 0,"Heap Fetches": 0,"Workers": []}]}]}]}]}]},"Planning Time": 4.841,"Triggers": [],"Execution Time": 143.926}]
[{"Plan": {"Node Type": "Aggregate","Strategy": "Sorted","Partial Mode": "Finalize","Parallel Aware": false,"Async Capable": false,"Startup Cost": 12972.06,"Total Cost": 13071.37,"Plan Rows": 744,"Plan Width": 72,"Actual Startup Time": 140.634,"Actual Total Time": 144.129,"Actual Rows": 7,"Actual Loops": 1,"Group Key": ["(SUBSTRING(customer.c_phone FROM 1 FOR 2))"],"Plans": [{"Node Type": "Aggregate","Strategy": "Plain","Partial Mode": "Finalize","Parent Relationship": "InitPlan","Subplan Name": "InitPlan 1 (returns $1)","Parallel Aware": false,"Async Capable": false,"Startup Cost": 6230.83,"Total Cost": 6230.84,"Plan Rows": 1,"Plan Width": 32,"Actual Startup Time": 61.887,"Actual Total Time": 62.070,"Actual Rows": 1,"Actual Loops": 1,"Plans": [{"Node Type": "Gather","Parent Relationship": "Outer","Parallel Aware": false,"Async Capable": false,"Startup Cost": 6230.61,"Total Cost": 6230.82,"Plan Rows": 2,"Plan Width": 32,"Actual Startup Time": 61.783,"Actual Total Time": 62.056,"Actual Rows": 3,"Actual Loops": 1,"Workers Planned": 2,"Workers Launched": 2,"Single Copy": false,"Plans": [{"Node Type": "Aggregate","Strategy": "Plain","Partial Mode": "Partial","Parent Relationship": "Outer","Parallel Aware": false,"Async Capable": false,"Startup Cost": 5230.61,"Total Cost": 5230.62,"Plan Rows": 1,"Plan Width": 32,"Actual Startup Time": 56.061,"Actual Total Time": 56.062,"Actual Rows": 1,"Actual Loops": 3,"Workers": [],"Plans": [{"Node Type": "Seq Scan","Parent Relationship": "Outer","Parallel Aware": true,"Async Capable": false,"Relation Name": "customer","Alias": "customer_1","Startup Cost": 0.00,"Total Cost": 5225.62,"Plan Rows": 1994,"Plan Width": 6,"Actual Startup Time": 0.059,"Actual Total Time": 54.951,"Actual Rows": 12773,"Actual Loops": 3,"Filter": "((c_acctbal > 0.00) AND (SUBSTRING(c_phone FROM 1 FOR 2) = ANY ('{24,14,20,11,21,18,19}'::text[])))","Rows Removed by Filter": 37227,"Workers": []}]}]}]},{"Node Type": "Gather Merge","Parent Relationship": "Outer","Parallel Aware": false,"Async Capable": false,"Startup Cost": 6741.22,"Total Cost": 6821.30,"Plan Rows": 620,"Plan Width": 72,"Actual Startup Time": 140.476,"Actual Total Time": 143.885,"Actual Rows": 21,"Actual Loops": 1,"Workers Planned": 2,"Params Evaluated": ["$1"],"Workers Launched": 2,"Plans": [{"Node Type": "Aggregate","Strategy": "Sorted","Partial Mode": "Partial","Parent Relationship": "Outer","Parallel Aware": false,"Async Capable": false,"Startup Cost": 5741.19,"Total Cost": 5749.72,"Plan Rows": 310,"Plan Width": 72,"Actual Startup Time": 71.883,"Actual Total Time": 72.198,"Actual Rows": 7,"Actual Loops": 3,"Group Key": ["(SUBSTRING(customer.c_phone FROM 1 FOR 2))"],"Workers": [],"Plans": [{"Node Type": "Sort","Parent Relationship": "Outer","Parallel Aware": false,"Async Capable": false,"Startup Cost": 5741.19,"Total Cost": 5741.97,"Plan Rows": 310,"Plan Width": 38,"Actual Startup Time": 71.811,"Actual Total Time": 71.897,"Actual Rows": 2183,"Actual Loops": 3,"Sort Key": ["(SUBSTRING(customer.c_phone FROM 1 FOR 2))"],"Sort Method": "quicksort","Sort Space Used": 238,"Sort Space Type": "Memory","Workers": [{"Worker Number": 0,"Sort Method": "quicksort","Sort Space Used": 160,"Sort Space Type": "Memory"},{"Worker Number": 1,"Sort Method": "quicksort","Sort Space Used": 153,"Sort Space Type": "Memory"}],"Plans": [{"Node Type": "Nested Loop","Parent Relationship": "Outer","Parallel Aware": false,"Async Capable": false,"Join Type": "Anti","Startup Cost": 0.43,"Total Cost": 5728.36,"Plan Rows": 310,"Plan Width": 38,"Actual Startup Time": 0.189,"Actual Total Time": 70.946,"Actual Rows": 2183,"Actual Loops": 3,"Inner Unique": false,"Workers": [],"Plans": [{"Node Type": "Seq Scan","Parent Relationship": "Outer","Parallel Aware": true,"Async Capable": false,"Relation Name": "customer","Alias": "customer","Startup Cost": 0.00,"Total Cost": 5225.62,"Plan Rows": 729,"Plan Width": 26,"Actual Startup Time": 0.040,"Actual Total Time": 46.829,"Actual Rows": 6401,"Actual Loops": 3,"Filter": "((c_acctbal > $1) AND (SUBSTRING(c_phone FROM 1 FOR 2) = ANY ('{24,14,20,11,21,18,19}'::text[])))","Rows Removed by Filter": 43599,"Workers": []},{"Node Type": "Index Only Scan","Parent Relationship": "Inner","Parallel Aware": false,"Async Capable": false,"Scan Direction": "Forward","Index Name": "idx_orders_custkey","Relation Name": "orders","Alias": "orders","Startup Cost": 0.43,"Total Cost": 3.28,"Plan Rows": 17,"Plan Width": 4,"Actual Startup Time": 0.003,"Actual Total Time": 0.003,"Actual Rows": 1,"Actual Loops": 19204,"Index Cond": "(o_custkey = customer.c_custkey)","Rows Removed by Index Recheck": 0,"Heap Fetches": 0,"Workers": []}]}]}]}]}]},"Planning Time": 3.497,"Triggers": [],"Execution Time": 144.447}]
[{"Plan": {"Node Type": "Aggregate","Strategy": "Sorted","Partial Mode": "Finalize","Parallel Aware": false,"Async Capable": false,"Startup Cost": 12972.06,"Total Cost": 13071.37,"Plan Rows": 744,"Plan Width": 72,"Actual Startup Time": 139.452,"Actual Total Time": 143.018,"Actual Rows": 7,"Actual Loops": 1,"Group Key": ["(SUBSTRING(customer.c_phone FROM 1 FOR 2))"],"Plans": [{"Node Type": "Aggregate","Strategy": "Plain","Partial Mode": "Finalize","Parent Relationship": "InitPlan","Subplan Name": "InitPlan 1 (returns $1)","Parallel Aware": false,"Async Capable": false,"Startup Cost": 6230.83,"Total Cost": 6230.84,"Plan Rows": 1,"Plan Width": 32,"Actual Startup Time": 61.521,"Actual Total Time": 61.714,"Actual Rows": 1,"Actual Loops": 1,"Plans": [{"Node Type": "Gather","Parent Relationship": "Outer","Parallel Aware": false,"Async Capable": false,"Startup Cost": 6230.61,"Total Cost": 6230.82,"Plan Rows": 2,"Plan Width": 32,"Actual Startup Time": 61.414,"Actual Total Time": 61.704,"Actual Rows": 3,"Actual Loops": 1,"Workers Planned": 2,"Workers Launched": 2,"Single Copy": false,"Plans": [{"Node Type": "Aggregate","Strategy": "Plain","Partial Mode": "Partial","Parent Relationship": "Outer","Parallel Aware": false,"Async Capable": false,"Startup Cost": 5230.61,"Total Cost": 5230.62,"Plan Rows": 1,"Plan Width": 32,"Actual Startup Time": 55.723,"Actual Total Time": 55.725,"Actual Rows": 1,"Actual Loops": 3,"Workers": [],"Plans": [{"Node Type": "Seq Scan","Parent Relationship": "Outer","Parallel Aware": true,"Async Capable": false,"Relation Name": "customer","Alias": "customer_1","Startup Cost": 0.00,"Total Cost": 5225.62,"Plan Rows": 1994,"Plan Width": 6,"Actual Startup Time": 0.053,"Actual Total Time": 54.668,"Actual Rows": 12719,"Actual Loops": 3,"Filter": "((c_acctbal > 0.00) AND (SUBSTRING(c_phone FROM 1 FOR 2) = ANY ('{24,10,12,15,33,16,13}'::text[])))","Rows Removed by Filter": 37281,"Workers": []}]}]}]},{"Node Type": "Gather Merge","Parent Relationship": "Outer","Parallel Aware": false,"Async Capable": false,"Startup Cost": 6741.22,"Total Cost": 6821.30,"Plan Rows": 620,"Plan Width": 72,"Actual Startup Time": 139.317,"Actual Total Time": 142.760,"Actual Rows": 21,"Actual Loops": 1,"Workers Planned": 2,"Params Evaluated": ["$1"],"Workers Launched": 2,"Plans": [{"Node Type": "Aggregate","Strategy": "Sorted","Partial Mode": "Partial","Parent Relationship": "Outer","Parallel Aware": false,"Async Capable": false,"Startup Cost": 5741.19,"Total Cost": 5749.72,"Plan Rows": 310,"Plan Width": 72,"Actual Startup Time": 71.238,"Actual Total Time": 71.532,"Actual Rows": 7,"Actual Loops": 3,"Group Key": ["(SUBSTRING(customer.c_phone FROM 1 FOR 2))"],"Workers": [],"Plans": [{"Node Type": "Sort","Parent Relationship": "Outer","Parallel Aware": false,"Async Capable": false,"Startup Cost": 5741.19,"Total Cost": 5741.97,"Plan Rows": 310,"Plan Width": 38,"Actual Startup Time": 71.170,"Actual Total Time": 71.250,"Actual Rows": 2096,"Actual Loops": 3,"Sort Key": ["(SUBSTRING(customer.c_phone FROM 1 FOR 2))"],"Sort Method": "quicksort","Sort Space Used": 231,"Sort Space Type": "Memory","Workers": [{"Worker Number": 0,"Sort Method": "quicksort","Sort Space Used": 153,"Sort Space Type": "Memory"},{"Worker Number": 1,"Sort Method": "quicksort","Sort Space Used": 153,"Sort Space Type": "Memory"}],"Plans": [{"Node Type": "Nested Loop","Parent Relationship": "Outer","Parallel Aware": false,"Async Capable": false,"Join Type": "Anti","Startup Cost": 0.43,"Total Cost": 5728.36,"Plan Rows": 310,"Plan Width": 38,"Actual Startup Time": 0.138,"Actual Total Time": 70.388,"Actual Rows": 2096,"Actual Loops": 3,"Inner Unique": false,"Workers": [],"Plans": [{"Node Type": "Seq Scan","Parent Relationship": "Outer","Parallel Aware": true,"Async Capable": false,"Relation Name": "customer","Alias": "customer","Startup Cost": 0.00,"Total Cost": 5225.62,"Plan Rows": 729,"Plan Width": 26,"Actual Startup Time": 0.035,"Actual Total Time": 46.369,"Actual Rows": 6313,"Actual Loops": 3,"Filter": "((c_acctbal > $1) AND (SUBSTRING(c_phone FROM 1 FOR 2) = ANY ('{24,10,12,15,33,16,13}'::text[])))","Rows Removed by Filter": 43687,"Workers": []},{"Node Type": "Index Only Scan","Parent Relationship": "Inner","Parallel Aware": false,"Async Capable": false,"Scan Direction": "Forward","Index Name": "idx_orders_custkey","Relation Name": "orders","Alias": "orders","Startup Cost": 0.43,"Total Cost": 3.28,"Plan Rows": 17,"Plan Width": 4,"Actual Startup Time": 0.003,"Actual Total Time": 0.003,"Actual Rows": 1,"Actual Loops": 18940,"Index Cond": "(o_custkey = customer.c_custkey)","Rows Removed by Index Recheck": 0,"Heap Fetches": 0,"Workers": []}]}]}]}]}]},"Planning Time": 3.847,"Triggers": [],"Execution Time": 143.386}]
[{"Plan": {"Node Type": "Aggregate","Strategy": "Sorted","Partial Mode": "Finalize","Parallel Aware": false,"Async Capable": false,"Startup Cost": 12972.06,"Total Cost": 13071.37,"Plan Rows": 744,"Plan Width": 72,"Actual Startup Time": 132.417,"Actual Total Time": 136.544,"Actual Rows": 7,"Actual Loops": 1,"Group Key": ["(SUBSTRING(customer.c_phone FROM 1 FOR 2))"],"Plans": [{"Node Type": "Aggregate","Strategy": "Plain","Partial Mode": "Finalize","Parent Relationship": "InitPlan","Subplan Name": "InitPlan 1 (returns $1)","Parallel Aware": false,"Async Capable": false,"Startup Cost": 6230.83,"Total Cost": 6230.84,"Plan Rows": 1,"Plan Width": 32,"Actual Startup Time": 60.826,"Actual Total Time": 61.100,"Actual Rows": 1,"Actual Loops": 1,"Plans": [{"Node Type": "Gather","Parent Relationship": "Outer","Parallel Aware": false,"Async Capable": false,"Startup Cost": 6230.61,"Total Cost": 6230.82,"Plan Rows": 2,"Plan Width": 32,"Actual Startup Time": 60.733,"Actual Total Time": 61.084,"Actual Rows": 3,"Actual Loops": 1,"Workers Planned": 2,"Workers Launched": 2,"Single Copy": false,"Plans": [{"Node Type": "Aggregate","Strategy": "Plain","Partial Mode": "Partial","Parent Relationship": "Outer","Parallel Aware": false,"Async Capable": false,"Startup Cost": 5230.61,"Total Cost": 5230.62,"Plan Rows": 1,"Plan Width": 32,"Actual Startup Time": 54.669,"Actual Total Time": 54.673,"Actual Rows": 1,"Actual Loops": 3,"Workers": [],"Plans": [{"Node Type": "Seq Scan","Parent Relationship": "Outer","Parallel Aware": true,"Async Capable": false,"Relation Name": "customer","Alias": "customer_1","Startup Cost": 0.00,"Total Cost": 5225.62,"Plan Rows": 1994,"Plan Width": 6,"Actual Startup Time": 0.050,"Actual Total Time": 53.594,"Actual Rows": 12660,"Actual Loops": 3,"Filter": "((c_acctbal > 0.00) AND (SUBSTRING(c_phone FROM 1 FOR 2) = ANY ('{17,26,28,21,27,22,24}'::text[])))","Rows Removed by Filter": 37340,"Workers": []}]}]}]},{"Node Type": "Gather Merge","Parent Relationship": "Outer","Parallel Aware": false,"Async Capable": false,"Startup Cost": 6741.22,"Total Cost": 6821.30,"Plan Rows": 620,"Plan Width": 72,"Actual Startup Time": 132.307,"Actual Total Time": 136.213,"Actual Rows": 21,"Actual Loops": 1,"Workers Planned": 2,"Params Evaluated": ["$1"],"Workers Launched": 2,"Plans": [{"Node Type": "Aggregate","Strategy": "Sorted","Partial Mode": "Partial","Parent Relationship": "Outer","Parallel Aware": false,"Async Capable": false,"Startup Cost": 5741.19,"Total Cost": 5749.72,"Plan Rows": 310,"Plan Width": 72,"Actual Startup Time": 64.794,"Actual Total Time": 65.101,"Actual Rows": 7,"Actual Loops": 3,"Group Key": ["(SUBSTRING(customer.c_phone FROM 1 FOR 2))"],"Workers": [],"Plans": [{"Node Type": "Sort","Parent Relationship": "Outer","Parallel Aware": false,"Async Capable": false,"Startup Cost": 5741.19,"Total Cost": 5741.97,"Plan Rows": 310,"Plan Width": 38,"Actual Startup Time": 64.721,"Actual Total Time": 64.804,"Actual Rows": 2094,"Actual Loops": 3,"Sort Key": ["(SUBSTRING(customer.c_phone FROM 1 FOR 2))"],"Sort Method": "quicksort","Sort Space Used": 235,"Sort Space Type": "Memory","Workers": [{"Worker Number": 0,"Sort Method": "quicksort","Sort Space Used": 148,"Sort Space Type": "Memory"},{"Worker Number": 1,"Sort Method": "quicksort","Sort Space Used": 154,"Sort Space Type": "Memory"}],"Plans": [{"Node Type": "Nested Loop","Parent Relationship": "Outer","Parallel Aware": false,"Async Capable": false,"Join Type": "Anti","Startup Cost": 0.43,"Total Cost": 5728.36,"Plan Rows": 310,"Plan Width": 38,"Actual Startup Time": 0.112,"Actual Total Time": 63.938,"Actual Rows": 2094,"Actual Loops": 3,"Inner Unique": false,"Workers": [],"Plans": [{"Node Type": "Seq Scan","Parent Relationship": "Outer","Parallel Aware": true,"Async Capable": false,"Relation Name": "customer","Alias": "customer","Startup Cost": 0.00,"Total Cost": 5225.62,"Plan Rows": 729,"Plan Width": 26,"Actual Startup Time": 0.044,"Actual Total Time": 43.324,"Actual Rows": 6328,"Actual Loops": 3,"Filter": "((c_acctbal > $1) AND (SUBSTRING(c_phone FROM 1 FOR 2) = ANY ('{17,26,28,21,27,22,24}'::text[])))","Rows Removed by Filter": 43672,"Workers": []},{"Node Type": "Index Only Scan","Parent Relationship": "Inner","Parallel Aware": false,"Async Capable": false,"Scan Direction": "Forward","Index Name": "idx_orders_custkey","Relation Name": "orders","Alias": "orders","Startup Cost": 0.43,"Total Cost": 3.28,"Plan Rows": 17,"Plan Width": 4,"Actual Startup Time": 0.003,"Actual Total Time": 0.003,"Actual Rows": 1,"Actual Loops": 18983,"Index Cond": "(o_custkey = customer.c_custkey)","Rows Removed by Index Recheck": 0,"Heap Fetches": 0,"Workers": []}]}]}]}]}]},"Planning Time": 4.419,"Triggers": [],"Execution Time": 136.905}]
[{"Plan": {"Node Type": "Aggregate","Strategy": "Sorted","Partial Mode": "Finalize","Parallel Aware": false,"Async Capable": false,"Startup Cost": 12972.06,"Total Cost": 13071.37,"Plan Rows": 744,"Plan Width": 72,"Actual Startup Time": 141.672,"Actual Total Time": 145.031,"Actual Rows": 7,"Actual Loops": 1,"Group Key": ["(SUBSTRING(customer.c_phone FROM 1 FOR 2))"],"Plans": [{"Node Type": "Aggregate","Strategy": "Plain","Partial Mode": "Finalize","Parent Relationship": "InitPlan","Subplan Name": "InitPlan 1 (returns $1)","Parallel Aware": false,"Async Capable": false,"Startup Cost": 6230.83,"Total Cost": 6230.84,"Plan Rows": 1,"Plan Width": 32,"Actual Startup Time": 63.339,"Actual Total Time": 63.503,"Actual Rows": 1,"Actual Loops": 1,"Plans": [{"Node Type": "Gather","Parent Relationship": "Outer","Parallel Aware": false,"Async Capable": false,"Startup Cost": 6230.61,"Total Cost": 6230.82,"Plan Rows": 2,"Plan Width": 32,"Actual Startup Time": 63.281,"Actual Total Time": 63.493,"Actual Rows": 3,"Actual Loops": 1,"Workers Planned": 2,"Workers Launched": 2,"Single Copy": false,"Plans": [{"Node Type": "Aggregate","Strategy": "Plain","Partial Mode": "Partial","Parent Relationship": "Outer","Parallel Aware": false,"Async Capable": false,"Startup Cost": 5230.61,"Total Cost": 5230.62,"Plan Rows": 1,"Plan Width": 32,"Actual Startup Time": 57.529,"Actual Total Time": 57.531,"Actual Rows": 1,"Actual Loops": 3,"Workers": [],"Plans": [{"Node Type": "Seq Scan","Parent Relationship": "Outer","Parallel Aware": true,"Async Capable": false,"Relation Name": "customer","Alias": "customer_1","Startup Cost": 0.00,"Total Cost": 5225.62,"Plan Rows": 1994,"Plan Width": 6,"Actual Startup Time": 0.055,"Actual Total Time": 56.452,"Actual Rows": 12797,"Actual Loops": 3,"Filter": "((c_acctbal > 0.00) AND (SUBSTRING(c_phone FROM 1 FOR 2) = ANY ('{12,19,22,28,14,23,31}'::text[])))","Rows Removed by Filter": 37203,"Workers": []}]}]}]},{"Node Type": "Gather Merge","Parent Relationship": "Outer","Parallel Aware": false,"Async Capable": false,"Startup Cost": 6741.22,"Total Cost": 6821.30,"Plan Rows": 620,"Plan Width": 72,"Actual Startup Time": 141.541,"Actual Total Time": 144.802,"Actual Rows": 21,"Actual Loops": 1,"Workers Planned": 2,"Params Evaluated": ["$1"],"Workers Launched": 2,"Plans": [{"Node Type": "Aggregate","Strategy": "Sorted","Partial Mode": "Partial","Parent Relationship": "Outer","Parallel Aware": false,"Async Capable": false,"Startup Cost": 5741.19,"Total Cost": 5749.72,"Plan Rows": 310,"Plan Width": 72,"Actual Startup Time": 71.531,"Actual Total Time": 71.829,"Actual Rows": 7,"Actual Loops": 3,"Group Key": ["(SUBSTRING(customer.c_phone FROM 1 FOR 2))"],"Workers": [],"Plans": [{"Node Type": "Sort","Parent Relationship": "Outer","Parallel Aware": false,"Async Capable": false,"Startup Cost": 5741.19,"Total Cost": 5741.97,"Plan Rows": 310,"Plan Width": 38,"Actual Startup Time": 71.468,"Actual Total Time": 71.545,"Actual Rows": 2139,"Actual Loops": 3,"Sort Key": ["(SUBSTRING(customer.c_phone FROM 1 FOR 2))"],"Sort Method": "quicksort","Sort Space Used": 236,"Sort Space Type": "Memory","Workers": [{"Worker Number": 0,"Sort Method": "quicksort","Sort Space Used": 159,"Sort Space Type": "Memory"},{"Worker Number": 1,"Sort Method": "quicksort","Sort Space Used": 150,"Sort Space Type": "Memory"}],"Plans": [{"Node Type": "Nested Loop","Parent Relationship": "Outer","Parallel Aware": false,"Async Capable": false,"Join Type": "Anti","Startup Cost": 0.43,"Total Cost": 5728.36,"Plan Rows": 310,"Plan Width": 38,"Actual Startup Time": 0.160,"Actual Total Time": 70.655,"Actual Rows": 2139,"Actual Loops": 3,"Inner Unique": false,"Workers": [],"Plans": [{"Node Type": "Seq Scan","Parent Relationship": "Outer","Parallel Aware": true,"Async Capable": false,"Relation Name": "customer","Alias": "customer","Startup Cost": 0.00,"Total Cost": 5225.62,"Plan Rows": 729,"Plan Width": 26,"Actual Startup Time": 0.039,"Actual Total Time": 46.658,"Actual Rows": 6376,"Actual Loops": 3,"Filter": "((c_acctbal > $1) AND (SUBSTRING(c_phone FROM 1 FOR 2) = ANY ('{12,19,22,28,14,23,31}'::text[])))","Rows Removed by Filter": 43624,"Workers": []},{"Node Type": "Index Only Scan","Parent Relationship": "Inner","Parallel Aware": false,"Async Capable": false,"Scan Direction": "Forward","Index Name": "idx_orders_custkey","Relation Name": "orders","Alias": "orders","Startup Cost": 0.43,"Total Cost": 3.28,"Plan Rows": 17,"Plan Width": 4,"Actual Startup Time": 0.003,"Actual Total Time": 0.003,"Actual Rows": 1,"Actual Loops": 19129,"Index Cond": "(o_custkey = customer.c_custkey)","Rows Removed by Index Recheck": 0,"Heap Fetches": 0,"Workers": []}]}]}]}]}]},"Planning Time": 3.626,"Triggers": [],"Execution Time": 145.331}]
[{"Plan": {"Node Type": "Aggregate","Strategy": "Sorted","Partial Mode": "Finalize","Parallel Aware": false,"Async Capable": false,"Startup Cost": 12972.06,"Total Cost": 13071.37,"Plan Rows": 744,"Plan Width": 72,"Actual Startup Time": 132.761,"Actual Total Time": 136.471,"Actual Rows": 7,"Actual Loops": 1,"Group Key": ["(SUBSTRING(customer.c_phone FROM 1 FOR 2))"],"Plans": [{"Node Type": "Aggregate","Strategy": "Plain","Partial Mode": "Finalize","Parent Relationship": "InitPlan","Subplan Name": "InitPlan 1 (returns $1)","Parallel Aware": false,"Async Capable": false,"Startup Cost": 6230.83,"Total Cost": 6230.84,"Plan Rows": 1,"Plan Width": 32,"Actual Startup Time": 61.248,"Actual Total Time": 61.529,"Actual Rows": 1,"Actual Loops": 1,"Plans": [{"Node Type": "Gather","Parent Relationship": "Outer","Parallel Aware": false,"Async Capable": false,"Startup Cost": 6230.61,"Total Cost": 6230.82,"Plan Rows": 2,"Plan Width": 32,"Actual Startup Time": 61.142,"Actual Total Time": 61.511,"Actual Rows": 3,"Actual Loops": 1,"Workers Planned": 2,"Workers Launched": 2,"Single Copy": false,"Plans": [{"Node Type": "Aggregate","Strategy": "Plain","Partial Mode": "Partial","Parent Relationship": "Outer","Parallel Aware": false,"Async Capable": false,"Startup Cost": 5230.61,"Total Cost": 5230.62,"Plan Rows": 1,"Plan Width": 32,"Actual Startup Time": 54.870,"Actual Total Time": 54.874,"Actual Rows": 1,"Actual Loops": 3,"Workers": [],"Plans": [{"Node Type": "Seq Scan","Parent Relationship": "Outer","Parallel Aware": true,"Async Capable": false,"Relation Name": "customer","Alias": "customer_1","Startup Cost": 0.00,"Total Cost": 5225.62,"Plan Rows": 1994,"Plan Width": 6,"Actual Startup Time": 0.054,"Actual Total Time": 53.797,"Actual Rows": 12655,"Actual Loops": 3,"Filter": "((c_acctbal > 0.00) AND (SUBSTRING(c_phone FROM 1 FOR 2) = ANY ('{26,34,11,20,25,33,30}'::text[])))","Rows Removed by Filter": 37345,"Workers": []}]}]}]},{"Node Type": "Gather Merge","Parent Relationship": "Outer","Parallel Aware": false,"Async Capable": false,"Startup Cost": 6741.22,"Total Cost": 6821.30,"Plan Rows": 620,"Plan Width": 72,"Actual Startup Time": 132.656,"Actual Total Time": 136.130,"Actual Rows": 21,"Actual Loops": 1,"Workers Planned": 2,"Params Evaluated": ["$1"],"Workers Launched": 2,"Plans": [{"Node Type": "Aggregate","Strategy": "Sorted","Partial Mode": "Partial","Parent Relationship": "Outer","Parallel Aware": false,"Async Capable": false,"Startup Cost": 5741.19,"Total Cost": 5749.72,"Plan Rows": 310,"Plan Width": 72,"Actual Startup Time": 64.678,"Actual Total Time": 64.988,"Actual Rows": 7,"Actual Loops": 3,"Group Key": ["(SUBSTRING(customer.c_phone FROM 1 FOR 2))"],"Workers": [],"Plans": [{"Node Type": "Sort","Parent Relationship": "Outer","Parallel Aware": false,"Async Capable": false,"Startup Cost": 5741.19,"Total Cost": 5741.97,"Plan Rows": 310,"Plan Width": 38,"Actual Startup Time": 64.604,"Actual Total Time": 64.689,"Actual Rows": 2113,"Actual Loops": 3,"Sort Key": ["(SUBSTRING(customer.c_phone FROM 1 FOR 2))"],"Sort Method": "quicksort","Sort Space Used": 233,"Sort Space Type": "Memory","Workers": [{"Worker Number": 0,"Sort Method": "quicksort","Sort Space Used": 155,"Sort Space Type": "Memory"},{"Worker Number": 1,"Sort Method": "quicksort","Sort Space Used": 151,"Sort Space Type": "Memory"}],"Plans": [{"Node Type": "Nested Loop","Parent Relationship": "Outer","Parallel Aware": false,"Async Capable": false,"Join Type": "Anti","Startup Cost": 0.43,"Total Cost": 5728.36,"Plan Rows": 310,"Plan Width": 38,"Actual Startup Time": 0.178,"Actual Total Time": 63.814,"Actual Rows": 2113,"Actual Loops": 3,"Inner Unique": false,"Workers": [],"Plans": [{"Node Type": "Seq Scan","Parent Relationship": "Outer","Parallel Aware": true,"Async Capable": false,"Relation Name": "customer","Alias": "customer","Startup Cost": 0.00,"Total Cost": 5225.62,"Plan Rows": 729,"Plan Width": 26,"Actual Startup Time": 0.038,"Actual Total Time": 43.228,"Actual Rows": 6326,"Actual Loops": 3,"Filter": "((c_acctbal > $1) AND (SUBSTRING(c_phone FROM 1 FOR 2) = ANY ('{26,34,11,20,25,33,30}'::text[])))","Rows Removed by Filter": 43674,"Workers": []},{"Node Type": "Index Only Scan","Parent Relationship": "Inner","Parallel Aware": false,"Async Capable": false,"Scan Direction": "Forward","Index Name": "idx_orders_custkey","Relation Name": "orders","Alias": "orders","Startup Cost": 0.43,"Total Cost": 3.28,"Plan Rows": 17,"Plan Width": 4,"Actual Startup Time": 0.003,"Actual Total Time": 0.003,"Actual Rows": 1,"Actual Loops": 18979,"Index Cond": "(o_custkey = customer.c_custkey)","Rows Removed by Index Recheck": 0,"Heap Fetches": 0,"Workers": []}]}]}]}]}]},"Planning Time": 3.731,"Triggers": [],"Execution Time": 136.857}]
[{"Plan": {"Node Type": "Aggregate","Strategy": "Sorted","Partial Mode": "Finalize","Parallel Aware": false,"Async Capable": false,"Startup Cost": 12972.06,"Total Cost": 13071.37,"Plan Rows": 744,"Plan Width": 72,"Actual Startup Time": 136.894,"Actual Total Time": 140.480,"Actual Rows": 7,"Actual Loops": 1,"Group Key": ["(SUBSTRING(customer.c_phone FROM 1 FOR 2))"],"Plans": [{"Node Type": "Aggregate","Strategy": "Plain","Partial Mode": "Finalize","Parent Relationship": "InitPlan","Subplan Name": "InitPlan 1 (returns $1)","Parallel Aware": false,"Async Capable": false,"Startup Cost": 6230.83,"Total Cost": 6230.84,"Plan Rows": 1,"Plan Width": 32,"Actual Startup Time": 60.198,"Actual Total Time": 60.427,"Actual Rows": 1,"Actual Loops": 1,"Plans": [{"Node Type": "Gather","Parent Relationship": "Outer","Parallel Aware": false,"Async Capable": false,"Startup Cost": 6230.61,"Total Cost": 6230.82,"Plan Rows": 2,"Plan Width": 32,"Actual Startup Time": 60.093,"Actual Total Time": 60.407,"Actual Rows": 3,"Actual Loops": 1,"Workers Planned": 2,"Workers Launched": 2,"Single Copy": false,"Plans": [{"Node Type": "Aggregate","Strategy": "Plain","Partial Mode": "Partial","Parent Relationship": "Outer","Parallel Aware": false,"Async Capable": false,"Startup Cost": 5230.61,"Total Cost": 5230.62,"Plan Rows": 1,"Plan Width": 32,"Actual Startup Time": 54.134,"Actual Total Time": 54.135,"Actual Rows": 1,"Actual Loops": 3,"Workers": [],"Plans": [{"Node Type": "Seq Scan","Parent Relationship": "Outer","Parallel Aware": true,"Async Capable": false,"Relation Name": "customer","Alias": "customer_1","Startup Cost": 0.00,"Total Cost": 5225.62,"Plan Rows": 1994,"Plan Width": 6,"Actual Startup Time": 0.051,"Actual Total Time": 53.059,"Actual Rows": 12699,"Actual Loops": 3,"Filter": "((c_acctbal > 0.00) AND (SUBSTRING(c_phone FROM 1 FOR 2) = ANY ('{10,21,15,18,24,33,14}'::text[])))","Rows Removed by Filter": 37301,"Workers": []}]}]}]},{"Node Type": "Gather Merge","Parent Relationship": "Outer","Parallel Aware": false,"Async Capable": false,"Startup Cost": 6741.22,"Total Cost": 6821.30,"Plan Rows": 620,"Plan Width": 72,"Actual Startup Time": 136.758,"Actual Total Time": 140.202,"Actual Rows": 21,"Actual Loops": 1,"Workers Planned": 2,"Params Evaluated": ["$1"],"Workers Launched": 2,"Plans": [{"Node Type": "Aggregate","Strategy": "Sorted","Partial Mode": "Partial","Parent Relationship": "Outer","Parallel Aware": false,"Async Capable": false,"Startup Cost": 5741.19,"Total Cost": 5749.72,"Plan Rows": 310,"Plan Width": 72,"Actual Startup Time": 69.918,"Actual Total Time": 70.219,"Actual Rows": 7,"Actual Loops": 3,"Group Key": ["(SUBSTRING(customer.c_phone FROM 1 FOR 2))"],"Workers": [],"Plans": [{"Node Type": "Sort","Parent Relationship": "Outer","Parallel Aware": false,"Async Capable": false,"Startup Cost": 5741.19,"Total Cost": 5741.97,"Plan Rows": 310,"Plan Width": 38,"Actual Startup Time": 69.851,"Actual Total Time": 69.931,"Actual Rows": 2170,"Actual Loops": 3,"Sort Key": ["(SUBSTRING(customer.c_phone FROM 1 FOR 2))"],"Sort Method": "quicksort","Sort Space Used": 239,"Sort Space Type": "Memory","Workers": [{"Worker Number": 0,"Sort Method": "quicksort","Sort Space Used": 157,"Sort Space Type": "Memory"},{"Worker Number": 1,"Sort Method": "quicksort","Sort Space Used": 152,"Sort Space Type": "Memory"}],"Plans": [{"Node Type": "Nested Loop","Parent Relationship": "Outer","Parallel Aware": false,"Async Capable": false,"Join Type": "Anti","Startup Cost": 0.43,"Total Cost": 5728.36,"Plan Rows": 310,"Plan Width": 38,"Actual Startup Time": 0.144,"Actual Total Time": 69.019,"Actual Rows": 2170,"Actual Loops": 3,"Inner Unique": false,"Workers": [],"Plans": [{"Node Type": "Seq Scan","Parent Relationship": "Outer","Parallel Aware": true,"Async Capable": false,"Relation Name": "customer","Alias": "customer","Startup Cost": 0.00,"Total Cost": 5225.62,"Plan Rows": 729,"Plan Width": 26,"Actual Startup Time": 0.045,"Actual Total Time": 45.482,"Actual Rows": 6349,"Actual Loops": 3,"Filter": "((c_acctbal > $1) AND (SUBSTRING(c_phone FROM 1 FOR 2) = ANY ('{10,21,15,18,24,33,14}'::text[])))","Rows Removed by Filter": 43651,"Workers": []},{"Node Type": "Index Only Scan","Parent Relationship": "Inner","Parallel Aware": false,"Async Capable": false,"Scan Direction": "Forward","Index Name": "idx_orders_custkey","Relation Name": "orders","Alias": "orders","Startup Cost": 0.43,"Total Cost": 3.28,"Plan Rows": 17,"Plan Width": 4,"Actual Startup Time": 0.003,"Actual Total Time": 0.003,"Actual Rows": 1,"Actual Loops": 19048,"Index Cond": "(o_custkey = customer.c_custkey)","Rows Removed by Index Recheck": 0,"Heap Fetches": 0,"Workers": []}]}]}]}]}]},"Planning Time": 4.212,"Triggers": [],"Execution Time": 140.921}]
[{"Plan": {"Node Type": "Aggregate","Strategy": "Sorted","Partial Mode": "Finalize","Parallel Aware": false,"Async Capable": false,"Startup Cost": 12972.06,"Total Cost": 13071.37,"Plan Rows": 744,"Plan Width": 72,"Actual Startup Time": 137.026,"Actual Total Time": 140.587,"Actual Rows": 7,"Actual Loops": 1,"Group Key": ["(SUBSTRING(customer.c_phone FROM 1 FOR 2))"],"Plans": [{"Node Type": "Aggregate","Strategy": "Plain","Partial Mode": "Finalize","Parent Relationship": "InitPlan","Subplan Name": "InitPlan 1 (returns $1)","Parallel Aware": false,"Async Capable": false,"Startup Cost": 6230.83,"Total Cost": 6230.84,"Plan Rows": 1,"Plan Width": 32,"Actual Startup Time": 59.172,"Actual Total Time": 59.345,"Actual Rows": 1,"Actual Loops": 1,"Plans": [{"Node Type": "Gather","Parent Relationship": "Outer","Parallel Aware": false,"Async Capable": false,"Startup Cost": 6230.61,"Total Cost": 6230.82,"Plan Rows": 2,"Plan Width": 32,"Actual Startup Time": 59.064,"Actual Total Time": 59.333,"Actual Rows": 3,"Actual Loops": 1,"Workers Planned": 2,"Workers Launched": 2,"Single Copy": false,"Plans": [{"Node Type": "Aggregate","Strategy": "Plain","Partial Mode": "Partial","Parent Relationship": "Outer","Parallel Aware": false,"Async Capable": false,"Startup Cost": 5230.61,"Total Cost": 5230.62,"Plan Rows": 1,"Plan Width": 32,"Actual Startup Time": 52.652,"Actual Total Time": 52.655,"Actual Rows": 1,"Actual Loops": 3,"Workers": [],"Plans": [{"Node Type": "Seq Scan","Parent Relationship": "Outer","Parallel Aware": true,"Async Capable": false,"Relation Name": "customer","Alias": "customer_1","Startup Cost": 0.00,"Total Cost": 5225.62,"Plan Rows": 1994,"Plan Width": 6,"Actual Startup Time": 0.047,"Actual Total Time": 51.572,"Actual Rows": 12687,"Actual Loops": 3,"Filter": "((c_acctbal > 0.00) AND (SUBSTRING(c_phone FROM 1 FOR 2) = ANY ('{34,13,18,33,25,26,10}'::text[])))","Rows Removed by Filter": 37313,"Workers": []}]}]}]},{"Node Type": "Gather Merge","Parent Relationship": "Outer","Parallel Aware": false,"Async Capable": false,"Startup Cost": 6741.22,"Total Cost": 6821.30,"Plan Rows": 620,"Plan Width": 72,"Actual Startup Time": 136.913,"Actual Total Time": 140.364,"Actual Rows": 21,"Actual Loops": 1,"Workers Planned": 2,"Params Evaluated": ["$1"],"Workers Launched": 2,"Plans": [{"Node Type": "Aggregate","Strategy": "Sorted","Partial Mode": "Partial","Parent Relationship": "Outer","Parallel Aware": false,"Async Capable": false,"Startup Cost": 5741.19,"Total Cost": 5749.72,"Plan Rows": 310,"Plan Width": 72,"Actual Startup Time": 70.987,"Actual Total Time": 71.290,"Actual Rows": 7,"Actual Loops": 3,"Group Key": ["(SUBSTRING(customer.c_phone FROM 1 FOR 2))"],"Workers": [],"Plans": [{"Node Type": "Sort","Parent Relationship": "Outer","Parallel Aware": false,"Async Capable": false,"Startup Cost": 5741.19,"Total Cost": 5741.97,"Plan Rows": 310,"Plan Width": 38,"Actual Startup Time": 70.912,"Actual Total Time": 70.992,"Actual Rows": 2117,"Actual Loops": 3,"Sort Key": ["(SUBSTRING(customer.c_phone FROM 1 FOR 2))"],"Sort Method": "quicksort","Sort Space Used": 231,"Sort Space Type": "Memory","Workers": [{"Worker Number": 0,"Sort Method": "quicksort","Sort Space Used": 151,"Sort Space Type": "Memory"},{"Worker Number": 1,"Sort Method": "quicksort","Sort Space Used": 159,"Sort Space Type": "Memory"}],"Plans": [{"Node Type": "Nested Loop","Parent Relationship": "Outer","Parallel Aware": false,"Async Capable": false,"Join Type": "Anti","Startup Cost": 0.43,"Total Cost": 5728.36,"Plan Rows": 310,"Plan Width": 38,"Actual Startup Time": 0.190,"Actual Total Time": 70.102,"Actual Rows": 2117,"Actual Loops": 3,"Inner Unique": false,"Workers": [],"Plans": [{"Node Type": "Seq Scan","Parent Relationship": "Outer","Parallel Aware": true,"Async Capable": false,"Relation Name": "customer","Alias": "customer","Startup Cost": 0.00,"Total Cost": 5225.62,"Plan Rows": 729,"Plan Width": 26,"Actual Startup Time": 0.040,"Actual Total Time": 46.010,"Actual Rows": 6330,"Actual Loops": 3,"Filter": "((c_acctbal > $1) AND (SUBSTRING(c_phone FROM 1 FOR 2) = ANY ('{34,13,18,33,25,26,10}'::text[])))","Rows Removed by Filter": 43670,"Workers": []},{"Node Type": "Index Only Scan","Parent Relationship": "Inner","Parallel Aware": false,"Async Capable": false,"Scan Direction": "Forward","Index Name": "idx_orders_custkey","Relation Name": "orders","Alias": "orders","Startup Cost": 0.43,"Total Cost": 3.28,"Plan Rows": 17,"Plan Width": 4,"Actual Startup Time": 0.003,"Actual Total Time": 0.003,"Actual Rows": 1,"Actual Loops": 18990,"Index Cond": "(o_custkey = customer.c_custkey)","Rows Removed by Index Recheck": 0,"Heap Fetches": 0,"Workers": []}]}]}]}]}]},"Planning Time": 3.645,"Triggers": [],"Execution Time": 140.918}]
[{"Plan": {"Node Type": "Aggregate","Strategy": "Sorted","Partial Mode": "Finalize","Parallel Aware": false,"Async Capable": false,"Startup Cost": 12972.06,"Total Cost": 13071.37,"Plan Rows": 744,"Plan Width": 72,"Actual Startup Time": 134.858,"Actual Total Time": 138.686,"Actual Rows": 7,"Actual Loops": 1,"Group Key": ["(SUBSTRING(customer.c_phone FROM 1 FOR 2))"],"Plans": [{"Node Type": "Aggregate","Strategy": "Plain","Partial Mode": "Finalize","Parent Relationship": "InitPlan","Subplan Name": "InitPlan 1 (returns $1)","Parallel Aware": false,"Async Capable": false,"Startup Cost": 6230.83,"Total Cost": 6230.84,"Plan Rows": 1,"Plan Width": 32,"Actual Startup Time": 59.248,"Actual Total Time": 59.497,"Actual Rows": 1,"Actual Loops": 1,"Plans": [{"Node Type": "Gather","Parent Relationship": "Outer","Parallel Aware": false,"Async Capable": false,"Startup Cost": 6230.61,"Total Cost": 6230.82,"Plan Rows": 2,"Plan Width": 32,"Actual Startup Time": 59.110,"Actual Total Time": 59.471,"Actual Rows": 3,"Actual Loops": 1,"Workers Planned": 2,"Workers Launched": 2,"Single Copy": false,"Plans": [{"Node Type": "Aggregate","Strategy": "Plain","Partial Mode": "Partial","Parent Relationship": "Outer","Parallel Aware": false,"Async Capable": false,"Startup Cost": 5230.61,"Total Cost": 5230.62,"Plan Rows": 1,"Plan Width": 32,"Actual Startup Time": 53.078,"Actual Total Time": 53.081,"Actual Rows": 1,"Actual Loops": 3,"Workers": [],"Plans": [{"Node Type": "Seq Scan","Parent Relationship": "Outer","Parallel Aware": true,"Async Capable": false,"Relation Name": "customer","Alias": "customer_1","Startup Cost": 0.00,"Total Cost": 5225.62,"Plan Rows": 1994,"Plan Width": 6,"Actual Startup Time": 0.051,"Actual Total Time": 52.015,"Actual Rows": 12715,"Actual Loops": 3,"Filter": "((c_acctbal > 0.00) AND (SUBSTRING(c_phone FROM 1 FOR 2) = ANY ('{29,31,27,25,34,18,26}'::text[])))","Rows Removed by Filter": 37285,"Workers": []}]}]}]},{"Node Type": "Gather Merge","Parent Relationship": "Outer","Parallel Aware": false,"Async Capable": false,"Startup Cost": 6741.22,"Total Cost": 6821.30,"Plan Rows": 620,"Plan Width": 72,"Actual Startup Time": 134.733,"Actual Total Time": 138.375,"Actual Rows": 21,"Actual Loops": 1,"Workers Planned": 2,"Params Evaluated": ["$1"],"Workers Launched": 2,"Plans": [{"Node Type": "Aggregate","Strategy": "Sorted","Partial Mode": "Partial","Parent Relationship": "Outer","Parallel Aware": false,"Async Capable": false,"Startup Cost": 5741.19,"Total Cost": 5749.72,"Plan Rows": 310,"Plan Width": 72,"Actual Startup Time": 68.746,"Actual Total Time": 69.041,"Actual Rows": 7,"Actual Loops": 3,"Group Key": ["(SUBSTRING(customer.c_phone FROM 1 FOR 2))"],"Workers": [],"Plans": [{"Node Type": "Sort","Parent Relationship": "Outer","Parallel Aware": false,"Async Capable": false,"Startup Cost": 5741.19,"Total Cost": 5741.97,"Plan Rows": 310,"Plan Width": 38,"Actual Startup Time": 68.676,"Actual Total Time": 68.755,"Actual Rows": 2122,"Actual Loops": 3,"Sort Key": ["(SUBSTRING(customer.c_phone FROM 1 FOR 2))"],"Sort Method": "quicksort","Sort Space Used": 236,"Sort Space Type": "Memory","Workers": [{"Worker Number": 0,"Sort Method": "quicksort","Sort Space Used": 156,"Sort Space Type": "Memory"},{"Worker Number": 1,"Sort Method": "quicksort","Sort Space Used": 148,"Sort Space Type": "Memory"}],"Plans": [{"Node Type": "Nested Loop","Parent Relationship": "Outer","Parallel Aware": false,"Async Capable": false,"Join Type": "Anti","Startup Cost": 0.43,"Total Cost": 5728.36,"Plan Rows": 310,"Plan Width": 38,"Actual Startup Time": 0.173,"Actual Total Time": 67.872,"Actual Rows": 2122,"Actual Loops": 3,"Inner Unique": false,"Workers": [],"Plans": [{"Node Type": "Seq Scan","Parent Relationship": "Outer","Parallel Aware": true,"Async Capable": false,"Relation Name": "customer","Alias": "customer","Startup Cost": 0.00,"Total Cost": 5225.62,"Plan Rows": 729,"Plan Width": 26,"Actual Startup Time": 0.045,"Actual Total Time": 44.710,"Actual Rows": 6375,"Actual Loops": 3,"Filter": "((c_acctbal > $1) AND (SUBSTRING(c_phone FROM 1 FOR 2) = ANY ('{29,31,27,25,34,18,26}'::text[])))","Rows Removed by Filter": 43625,"Workers": []},{"Node Type": "Index Only Scan","Parent Relationship": "Inner","Parallel Aware": false,"Async Capable": false,"Scan Direction": "Forward","Index Name": "idx_orders_custkey","Relation Name": "orders","Alias": "orders","Startup Cost": 0.43,"Total Cost": 3.28,"Plan Rows": 17,"Plan Width": 4,"Actual Startup Time": 0.003,"Actual Total Time": 0.003,"Actual Rows": 1,"Actual Loops": 19124,"Index Cond": "(o_custkey = customer.c_custkey)","Rows Removed by Index Recheck": 0,"Heap Fetches": 0,"Workers": []}]}]}]}]}]},"Planning Time": 4.744,"Triggers": [],"Execution Time": 139.149}]
[{"Plan": {"Node Type": "Aggregate","Strategy": "Sorted","Partial Mode": "Finalize","Parallel Aware": false,"Async Capable": false,"Startup Cost": 12972.06,"Total Cost": 13071.37,"Plan Rows": 744,"Plan Width": 72,"Actual Startup Time": 135.511,"Actual Total Time": 139.059,"Actual Rows": 7,"Actual Loops": 1,"Group Key": ["(SUBSTRING(customer.c_phone FROM 1 FOR 2))"],"Plans": [{"Node Type": "Aggregate","Strategy": "Plain","Partial Mode": "Finalize","Parent Relationship": "InitPlan","Subplan Name": "InitPlan 1 (returns $1)","Parallel Aware": false,"Async Capable": false,"Startup Cost": 6230.83,"Total Cost": 6230.84,"Plan Rows": 1,"Plan Width": 32,"Actual Startup Time": 59.905,"Actual Total Time": 60.102,"Actual Rows": 1,"Actual Loops": 1,"Plans": [{"Node Type": "Gather","Parent Relationship": "Outer","Parallel Aware": false,"Async Capable": false,"Startup Cost": 6230.61,"Total Cost": 6230.82,"Plan Rows": 2,"Plan Width": 32,"Actual Startup Time": 59.816,"Actual Total Time": 60.086,"Actual Rows": 3,"Actual Loops": 1,"Workers Planned": 2,"Workers Launched": 2,"Single Copy": false,"Plans": [{"Node Type": "Aggregate","Strategy": "Plain","Partial Mode": "Partial","Parent Relationship": "Outer","Parallel Aware": false,"Async Capable": false,"Startup Cost": 5230.61,"Total Cost": 5230.62,"Plan Rows": 1,"Plan Width": 32,"Actual Startup Time": 54.028,"Actual Total Time": 54.030,"Actual Rows": 1,"Actual Loops": 3,"Workers": [],"Plans": [{"Node Type": "Seq Scan","Parent Relationship": "Outer","Parallel Aware": true,"Async Capable": false,"Relation Name": "customer","Alias": "customer_1","Startup Cost": 0.00,"Total Cost": 5225.62,"Plan Rows": 1994,"Plan Width": 6,"Actual Startup Time": 0.051,"Actual Total Time": 52.918,"Actual Rows": 12697,"Actual Loops": 3,"Filter": "((c_acctbal > 0.00) AND (SUBSTRING(c_phone FROM 1 FOR 2) = ANY ('{17,23,10,12,33,21,28}'::text[])))","Rows Removed by Filter": 37303,"Workers": []}]}]}]},{"Node Type": "Gather Merge","Parent Relationship": "Outer","Parallel Aware": false,"Async Capable": false,"Startup Cost": 6741.22,"Total Cost": 6821.30,"Plan Rows": 620,"Plan Width": 72,"Actual Startup Time": 135.405,"Actual Total Time": 138.784,"Actual Rows": 21,"Actual Loops": 1,"Workers Planned": 2,"Params Evaluated": ["$1"],"Workers Launched": 2,"Plans": [{"Node Type": "Aggregate","Strategy": "Sorted","Partial Mode": "Partial","Parent Relationship": "Outer","Parallel Aware": false,"Async Capable": false,"Startup Cost": 5741.19,"Total Cost": 5749.72,"Plan Rows": 310,"Plan Width": 72,"Actual Startup Time": 68.909,"Actual Total Time": 69.202,"Actual Rows": 7,"Actual Loops": 3,"Group Key": ["(SUBSTRING(customer.c_phone FROM 1 FOR 2))"],"Workers": [],"Plans": [{"Node Type": "Sort","Parent Relationship": "Outer","Parallel Aware": false,"Async Capable": false,"Startup Cost": 5741.19,"Total Cost": 5741.97,"Plan Rows": 310,"Plan Width": 38,"Actual Startup Time": 68.842,"Actual Total Time": 68.922,"Actual Rows": 2117,"Actual Loops": 3,"Sort Key": ["(SUBSTRING(customer.c_phone FROM 1 FOR 2))"],"Sort Method": "quicksort","Sort Space Used": 234,"Sort Space Type": "Memory","Workers": [{"Worker Number": 0,"Sort Method": "quicksort","Sort Space Used": 156,"Sort Space Type": "Memory"},{"Worker Number": 1,"Sort Method": "quicksort","Sort Space Used": 150,"Sort Space Type": "Memory"}],"Plans": [{"Node Type": "Nested Loop","Parent Relationship": "Outer","Parallel Aware": false,"Async Capable": false,"Join Type": "Anti","Startup Cost": 0.43,"Total Cost": 5728.36,"Plan Rows": 310,"Plan Width": 38,"Actual Startup Time": 0.130,"Actual Total Time": 68.058,"Actual Rows": 2117,"Actual Loops": 3,"Inner Unique": false,"Workers": [],"Plans": [{"Node Type": "Seq Scan","Parent Relationship": "Outer","Parallel Aware": true,"Async Capable": false,"Relation Name": "customer","Alias": "customer","Startup Cost": 0.00,"Total Cost": 5225.62,"Plan Rows": 729,"Plan Width": 26,"Actual Startup Time": 0.042,"Actual Total Time": 44.964,"Actual Rows": 6303,"Actual Loops": 3,"Filter": "((c_acctbal > $1) AND (SUBSTRING(c_phone FROM 1 FOR 2) = ANY ('{17,23,10,12,33,21,28}'::text[])))","Rows Removed by Filter": 43697,"Workers": []},{"Node Type": "Index Only Scan","Parent Relationship": "Inner","Parallel Aware": false,"Async Capable": false,"Scan Direction": "Forward","Index Name": "idx_orders_custkey","Relation Name": "orders","Alias": "orders","Startup Cost": 0.43,"Total Cost": 3.28,"Plan Rows": 17,"Plan Width": 4,"Actual Startup Time": 0.003,"Actual Total Time": 0.003,"Actual Rows": 1,"Actual Loops": 18909,"Index Cond": "(o_custkey = customer.c_custkey)","Rows Removed by Index Recheck": 0,"Heap Fetches": 0,"Workers": []}]}]}]}]}]},"Planning Time": 3.725,"Triggers": [],"Execution Time": 139.452}]
[{"Plan": {"Node Type": "Aggregate","Strategy": "Sorted","Partial Mode": "Finalize","Parallel Aware": false,"Async Capable": false,"Startup Cost": 12972.06,"Total Cost": 13071.37,"Plan Rows": 744,"Plan Width": 72,"Actual Startup Time": 137.746,"Actual Total Time": 141.118,"Actual Rows": 7,"Actual Loops": 1,"Group Key": ["(SUBSTRING(customer.c_phone FROM 1 FOR 2))"],"Plans": [{"Node Type": "Aggregate","Strategy": "Plain","Partial Mode": "Finalize","Parent Relationship": "InitPlan","Subplan Name": "InitPlan 1 (returns $1)","Parallel Aware": false,"Async Capable": false,"Startup Cost": 6230.83,"Total Cost": 6230.84,"Plan Rows": 1,"Plan Width": 32,"Actual Startup Time": 60.226,"Actual Total Time": 60.427,"Actual Rows": 1,"Actual Loops": 1,"Plans": [{"Node Type": "Gather","Parent Relationship": "Outer","Parallel Aware": false,"Async Capable": false,"Startup Cost": 6230.61,"Total Cost": 6230.82,"Plan Rows": 2,"Plan Width": 32,"Actual Startup Time": 60.103,"Actual Total Time": 60.405,"Actual Rows": 3,"Actual Loops": 1,"Workers Planned": 2,"Workers Launched": 2,"Single Copy": false,"Plans": [{"Node Type": "Aggregate","Strategy": "Plain","Partial Mode": "Partial","Parent Relationship": "Outer","Parallel Aware": false,"Async Capable": false,"Startup Cost": 5230.61,"Total Cost": 5230.62,"Plan Rows": 1,"Plan Width": 32,"Actual Startup Time": 53.764,"Actual Total Time": 53.768,"Actual Rows": 1,"Actual Loops": 3,"Workers": [],"Plans": [{"Node Type": "Seq Scan","Parent Relationship": "Outer","Parallel Aware": true,"Async Capable": false,"Relation Name": "customer","Alias": "customer_1","Startup Cost": 0.00,"Total Cost": 5225.62,"Plan Rows": 1994,"Plan Width": 6,"Actual Startup Time": 0.055,"Actual Total Time": 52.716,"Actual Rows": 12710,"Actual Loops": 3,"Filter": "((c_acctbal > 0.00) AND (SUBSTRING(c_phone FROM 1 FOR 2) = ANY ('{18,21,33,11,13,10,31}'::text[])))","Rows Removed by Filter": 37290,"Workers": []}]}]}]},{"Node Type": "Gather Merge","Parent Relationship": "Outer","Parallel Aware": false,"Async Capable": false,"Startup Cost": 6741.22,"Total Cost": 6821.30,"Plan Rows": 620,"Plan Width": 72,"Actual Startup Time": 137.657,"Actual Total Time": 140.870,"Actual Rows": 21,"Actual Loops": 1,"Workers Planned": 2,"Params Evaluated": ["$1"],"Workers Launched": 2,"Plans": [{"Node Type": "Aggregate","Strategy": "Sorted","Partial Mode": "Partial","Parent Relationship": "Outer","Parallel Aware": false,"Async Capable": false,"Startup Cost": 5741.19,"Total Cost": 5749.72,"Plan Rows": 310,"Plan Width": 72,"Actual Startup Time": 70.753,"Actual Total Time": 71.067,"Actual Rows": 7,"Actual Loops": 3,"Group Key": ["(SUBSTRING(customer.c_phone FROM 1 FOR 2))"],"Workers": [],"Plans": [{"Node Type": "Sort","Parent Relationship": "Outer","Parallel Aware": false,"Async Capable": false,"Startup Cost": 5741.19,"Total Cost": 5741.97,"Plan Rows": 310,"Plan Width": 38,"Actual Startup Time": 70.687,"Actual Total Time": 70.781,"Actual Rows": 2152,"Actual Loops": 3,"Sort Key": ["(SUBSTRING(customer.c_phone FROM 1 FOR 2))"],"Sort Method": "quicksort","Sort Space Used": 233,"Sort Space Type": "Memory","Workers": [{"Worker Number": 0,"Sort Method": "quicksort","Sort Space Used": 156,"Sort Space Type": "Memory"},{"Worker Number": 1,"Sort Method": "quicksort","Sort Space Used": 156,"Sort Space Type": "Memory"}],"Plans": [{"Node Type": "Nested Loop","Parent Relationship": "Outer","Parallel Aware": false,"Async Capable": false,"Join Type": "Anti","Startup Cost": 0.43,"Total Cost": 5728.36,"Plan Rows": 310,"Plan Width": 38,"Actual Startup Time": 0.167,"Actual Total Time": 69.911,"Actual Rows": 2152,"Actual Loops": 3,"Inner Unique": false,"Workers": [],"Plans": [{"Node Type": "Seq Scan","Parent Relationship": "Outer","Parallel Aware": true,"Async Capable": false,"Relation Name": "customer","Alias": "customer","Startup Cost": 0.00,"Total Cost": 5225.62,"Plan Rows": 729,"Plan Width": 26,"Actual Startup Time": 0.034,"Actual Total Time": 45.735,"Actual Rows": 6322,"Actual Loops": 3,"Filter": "((c_acctbal > $1) AND (SUBSTRING(c_phone FROM 1 FOR 2) = ANY ('{18,21,33,11,13,10,31}'::text[])))","Rows Removed by Filter": 43678,"Workers": []},{"Node Type": "Index Only Scan","Parent Relationship": "Inner","Parallel Aware": false,"Async Capable": false,"Scan Direction": "Forward","Index Name": "idx_orders_custkey","Relation Name": "orders","Alias": "orders","Startup Cost": 0.43,"Total Cost": 3.28,"Plan Rows": 17,"Plan Width": 4,"Actual Startup Time": 0.003,"Actual Total Time": 0.003,"Actual Rows": 1,"Actual Loops": 18966,"Index Cond": "(o_custkey = customer.c_custkey)","Rows Removed by Index Recheck": 0,"Heap Fetches": 0,"Workers": []}]}]}]}]}]},"Planning Time": 3.711,"Triggers": [],"Execution Time": 141.443}]
[{"Plan": {"Node Type": "Aggregate","Strategy": "Sorted","Partial Mode": "Finalize","Parallel Aware": false,"Async Capable": false,"Startup Cost": 12972.06,"Total Cost": 13071.37,"Plan Rows": 744,"Plan Width": 72,"Actual Startup Time": 135.187,"Actual Total Time": 139.038,"Actual Rows": 7,"Actual Loops": 1,"Group Key": ["(SUBSTRING(customer.c_phone FROM 1 FOR 2))"],"Plans": [{"Node Type": "Aggregate","Strategy": "Plain","Partial Mode": "Finalize","Parent Relationship": "InitPlan","Subplan Name": "InitPlan 1 (returns $1)","Parallel Aware": false,"Async Capable": false,"Startup Cost": 6230.83,"Total Cost": 6230.84,"Plan Rows": 1,"Plan Width": 32,"Actual Startup Time": 59.925,"Actual Total Time": 60.158,"Actual Rows": 1,"Actual Loops": 1,"Plans": [{"Node Type": "Gather","Parent Relationship": "Outer","Parallel Aware": false,"Async Capable": false,"Startup Cost": 6230.61,"Total Cost": 6230.82,"Plan Rows": 2,"Plan Width": 32,"Actual Startup Time": 59.834,"Actual Total Time": 60.134,"Actual Rows": 3,"Actual Loops": 1,"Workers Planned": 2,"Workers Launched": 2,"Single Copy": false,"Plans": [{"Node Type": "Aggregate","Strategy": "Plain","Partial Mode": "Partial","Parent Relationship": "Outer","Parallel Aware": false,"Async Capable": false,"Startup Cost": 5230.61,"Total Cost": 5230.62,"Plan Rows": 1,"Plan Width": 32,"Actual Startup Time": 54.087,"Actual Total Time": 54.089,"Actual Rows": 1,"Actual Loops": 3,"Workers": [],"Plans": [{"Node Type": "Seq Scan","Parent Relationship": "Outer","Parallel Aware": true,"Async Capable": false,"Relation Name": "customer","Alias": "customer_1","Startup Cost": 0.00,"Total Cost": 5225.62,"Plan Rows": 1994,"Plan Width": 6,"Actual Startup Time": 0.052,"Actual Total Time": 52.963,"Actual Rows": 12674,"Actual Loops": 3,"Filter": "((c_acctbal > 0.00) AND (SUBSTRING(c_phone FROM 1 FOR 2) = ANY ('{10,23,22,27,12,26,21}'::text[])))","Rows Removed by Filter": 37326,"Workers": []}]}]}]},{"Node Type": "Gather Merge","Parent Relationship": "Outer","Parallel Aware": false,"Async Capable": false,"Startup Cost": 6741.22,"Total Cost": 6821.30,"Plan Rows": 620,"Plan Width": 72,"Actual Startup Time": 135.085,"Actual Total Time": 138.748,"Actual Rows": 21,"Actual Loops": 1,"Workers Planned": 2,"Params Evaluated": ["$1"],"Workers Launched": 2,"Plans": [{"Node Type": "Aggregate","Strategy": "Sorted","Partial Mode": "Partial","Parent Relationship": "Outer","Parallel Aware": false,"Async Capable": false,"Startup Cost": 5741.19,"Total Cost": 5749.72,"Plan Rows": 310,"Plan Width": 72,"Actual Startup Time": 68.490,"Actual Total Time": 68.789,"Actual Rows": 7,"Actual Loops": 3,"Group Key": ["(SUBSTRING(customer.c_phone FROM 1 FOR 2))"],"Workers": [],"Plans": [{"Node Type": "Sort","Parent Relationship": "Outer","Parallel Aware": false,"Async Capable": false,"Startup Cost": 5741.19,"Total Cost": 5741.97,"Plan Rows": 310,"Plan Width": 38,"Actual Startup Time": 68.410,"Actual Total Time": 68.497,"Actual Rows": 2083,"Actual Loops": 3,"Sort Key": ["(SUBSTRING(customer.c_phone FROM 1 FOR 2))"],"Sort Method": "quicksort","Sort Space Used": 234,"Sort Space Type": "Memory","Workers": [{"Worker Number": 0,"Sort Method": "quicksort","Sort Space Used": 149,"Sort Space Type": "Memory"},{"Worker Number": 1,"Sort Method": "quicksort","Sort Space Used": 152,"Sort Space Type": "Memory"}],"Plans": [{"Node Type": "Nested Loop","Parent Relationship": "Outer","Parallel Aware": false,"Async Capable": false,"Join Type": "Anti","Startup Cost": 0.43,"Total Cost": 5728.36,"Plan Rows": 310,"Plan Width": 38,"Actual Startup Time": 0.147,"Actual Total Time": 67.596,"Actual Rows": 2083,"Actual Loops": 3,"Inner Unique": false,"Workers": [],"Plans": [{"Node Type": "Seq Scan","Parent Relationship": "Outer","Parallel Aware": true,"Async Capable": false,"Relation Name": "customer","Alias": "customer","Startup Cost": 0.00,"Total Cost": 5225.62,"Plan Rows": 729,"Plan Width": 26,"Actual Startup Time": 0.041,"Actual Total Time": 44.689,"Actual Rows": 6309,"Actual Loops": 3,"Filter": "((c_acctbal > $1) AND (SUBSTRING(c_phone FROM 1 FOR 2) = ANY ('{10,23,22,27,12,26,21}'::text[])))","Rows Removed by Filter": 43691,"Workers": []},{"Node Type": "Index Only Scan","Parent Relationship": "Inner","Parallel Aware": false,"Async Capable": false,"Scan Direction": "Forward","Index Name": "idx_orders_custkey","Relation Name": "orders","Alias": "orders","Startup Cost": 0.43,"Total Cost": 3.28,"Plan Rows": 17,"Plan Width": 4,"Actual Startup Time": 0.003,"Actual Total Time": 0.003,"Actual Rows": 1,"Actual Loops": 18926,"Index Cond": "(o_custkey = customer.c_custkey)","Rows Removed by Index Recheck": 0,"Heap Fetches": 0,"Workers": []}]}]}]}]}]},"Planning Time": 3.591,"Triggers": [],"Execution Time": 139.413}]
[{"Plan": {"Node Type": "Aggregate","Strategy": "Sorted","Partial Mode": "Finalize","Parallel Aware": false,"Async Capable": false,"Startup Cost": 12972.06,"Total Cost": 13071.37,"Plan Rows": 744,"Plan Width": 72,"Actual Startup Time": 135.147,"Actual Total Time": 138.822,"Actual Rows": 7,"Actual Loops": 1,"Group Key": ["(SUBSTRING(customer.c_phone FROM 1 FOR 2))"],"Plans": [{"Node Type": "Aggregate","Strategy": "Plain","Partial Mode": "Finalize","Parent Relationship": "InitPlan","Subplan Name": "InitPlan 1 (returns $1)","Parallel Aware": false,"Async Capable": false,"Startup Cost": 6230.83,"Total Cost": 6230.84,"Plan Rows": 1,"Plan Width": 32,"Actual Startup Time": 59.433,"Actual Total Time": 59.684,"Actual Rows": 1,"Actual Loops": 1,"Plans": [{"Node Type": "Gather","Parent Relationship": "Outer","Parallel Aware": false,"Async Capable": false,"Startup Cost": 6230.61,"Total Cost": 6230.82,"Plan Rows": 2,"Plan Width": 32,"Actual Startup Time": 59.288,"Actual Total Time": 59.664,"Actual Rows": 3,"Actual Loops": 1,"Workers Planned": 2,"Workers Launched": 2,"Single Copy": false,"Plans": [{"Node Type": "Aggregate","Strategy": "Plain","Partial Mode": "Partial","Parent Relationship": "Outer","Parallel Aware": false,"Async Capable": false,"Startup Cost": 5230.61,"Total Cost": 5230.62,"Plan Rows": 1,"Plan Width": 32,"Actual Startup Time": 53.316,"Actual Total Time": 53.319,"Actual Rows": 1,"Actual Loops": 3,"Workers": [],"Plans": [{"Node Type": "Seq Scan","Parent Relationship": "Outer","Parallel Aware": true,"Async Capable": false,"Relation Name": "customer","Alias": "customer_1","Startup Cost": 0.00,"Total Cost": 5225.62,"Plan Rows": 1994,"Plan Width": 6,"Actual Startup Time": 0.034,"Actual Total Time": 52.262,"Actual Rows": 12681,"Actual Loops": 3,"Filter": "((c_acctbal > 0.00) AND (SUBSTRING(c_phone FROM 1 FOR 2) = ANY ('{23,22,24,33,15,25,10}'::text[])))","Rows Removed by Filter": 37319,"Workers": []}]}]}]},{"Node Type": "Gather Merge","Parent Relationship": "Outer","Parallel Aware": false,"Async Capable": false,"Startup Cost": 6741.22,"Total Cost": 6821.30,"Plan Rows": 620,"Plan Width": 72,"Actual Startup Time": 135.027,"Actual Total Time": 138.525,"Actual Rows": 21,"Actual Loops": 1,"Workers Planned": 2,"Params Evaluated": ["$1"],"Workers Launched": 2,"Plans": [{"Node Type": "Aggregate","Strategy": "Sorted","Partial Mode": "Partial","Parent Relationship": "Outer","Parallel Aware": false,"Async Capable": false,"Startup Cost": 5741.19,"Total Cost": 5749.72,"Plan Rows": 310,"Plan Width": 72,"Actual Startup Time": 69.011,"Actual Total Time": 69.311,"Actual Rows": 7,"Actual Loops": 3,"Group Key": ["(SUBSTRING(customer.c_phone FROM 1 FOR 2))"],"Workers": [],"Plans": [{"Node Type": "Sort","Parent Relationship": "Outer","Parallel Aware": false,"Async Capable": false,"Startup Cost": 5741.19,"Total Cost": 5741.97,"Plan Rows": 310,"Plan Width": 38,"Actual Startup Time": 68.943,"Actual Total Time": 69.023,"Actual Rows": 2107,"Actual Loops": 3,"Sort Key": ["(SUBSTRING(customer.c_phone FROM 1 FOR 2))"],"Sort Method": "quicksort","Sort Space Used": 236,"Sort Space Type": "Memory","Workers": [{"Worker Number": 0,"Sort Method": "quicksort","Sort Space Used": 155,"Sort Space Type": "Memory"},{"Worker Number": 1,"Sort Method": "quicksort","Sort Space Used": 147,"Sort Space Type": "Memory"}],"Plans": [{"Node Type": "Nested Loop","Parent Relationship": "Outer","Parallel Aware": false,"Async Capable": false,"Join Type": "Anti","Startup Cost": 0.43,"Total Cost": 5728.36,"Plan Rows": 310,"Plan Width": 38,"Actual Startup Time": 0.179,"Actual Total Time": 68.144,"Actual Rows": 2107,"Actual Loops": 3,"Inner Unique": false,"Workers": [],"Plans": [{"Node Type": "Seq Scan","Parent Relationship": "Outer","Parallel Aware": true,"Async Capable": false,"Relation Name": "customer","Alias": "customer","Startup Cost": 0.00,"Total Cost": 5225.62,"Plan Rows": 729,"Plan Width": 26,"Actual Startup Time": 0.055,"Actual Total Time": 45.046,"Actual Rows": 6318,"Actual Loops": 3,"Filter": "((c_acctbal > $1) AND (SUBSTRING(c_phone FROM 1 FOR 2) = ANY ('{23,22,24,33,15,25,10}'::text[])))","Rows Removed by Filter": 43682,"Workers": []},{"Node Type": "Index Only Scan","Parent Relationship": "Inner","Parallel Aware": false,"Async Capable": false,"Scan Direction": "Forward","Index Name": "idx_orders_custkey","Relation Name": "orders","Alias": "orders","Startup Cost": 0.43,"Total Cost": 3.28,"Plan Rows": 17,"Plan Width": 4,"Actual Startup Time": 0.003,"Actual Total Time": 0.003,"Actual Rows": 1,"Actual Loops": 18955,"Index Cond": "(o_custkey = customer.c_custkey)","Rows Removed by Index Recheck": 0,"Heap Fetches": 0,"Workers": []}]}]}]}]}]},"Planning Time": 4.332,"Triggers": [],"Execution Time": 139.166}]
[{"Plan": {"Node Type": "Aggregate","Strategy": "Sorted","Partial Mode": "Finalize","Parallel Aware": false,"Async Capable": false,"Startup Cost": 12972.06,"Total Cost": 13071.37,"Plan Rows": 744,"Plan Width": 72,"Actual Startup Time": 131.172,"Actual Total Time": 135.976,"Actual Rows": 7,"Actual Loops": 1,"Group Key": ["(SUBSTRING(customer.c_phone FROM 1 FOR 2))"],"Plans": [{"Node Type": "Aggregate","Strategy": "Plain","Partial Mode": "Finalize","Parent Relationship": "InitPlan","Subplan Name": "InitPlan 1 (returns $1)","Parallel Aware": false,"Async Capable": false,"Startup Cost": 6230.83,"Total Cost": 6230.84,"Plan Rows": 1,"Plan Width": 32,"Actual Startup Time": 60.036,"Actual Total Time": 60.224,"Actual Rows": 1,"Actual Loops": 1,"Plans": [{"Node Type": "Gather","Parent Relationship": "Outer","Parallel Aware": false,"Async Capable": false,"Startup Cost": 6230.61,"Total Cost": 6230.82,"Plan Rows": 2,"Plan Width": 32,"Actual Startup Time": 59.904,"Actual Total Time": 60.205,"Actual Rows": 3,"Actual Loops": 1,"Workers Planned": 2,"Workers Launched": 2,"Single Copy": false,"Plans": [{"Node Type": "Aggregate","Strategy": "Plain","Partial Mode": "Partial","Parent Relationship": "Outer","Parallel Aware": false,"Async Capable": false,"Startup Cost": 5230.61,"Total Cost": 5230.62,"Plan Rows": 1,"Plan Width": 32,"Actual Startup Time": 53.885,"Actual Total Time": 53.889,"Actual Rows": 1,"Actual Loops": 3,"Workers": [],"Plans": [{"Node Type": "Seq Scan","Parent Relationship": "Outer","Parallel Aware": true,"Async Capable": false,"Relation Name": "customer","Alias": "customer_1","Startup Cost": 0.00,"Total Cost": 5225.62,"Plan Rows": 1994,"Plan Width": 6,"Actual Startup Time": 0.061,"Actual Total Time": 52.780,"Actual Rows": 12744,"Actual Loops": 3,"Filter": "((c_acctbal > 0.00) AND (SUBSTRING(c_phone FROM 1 FOR 2) = ANY ('{31,28,12,10,24,19,15}'::text[])))","Rows Removed by Filter": 37256,"Workers": []}]}]}]},{"Node Type": "Gather Merge","Parent Relationship": "Outer","Parallel Aware": false,"Async Capable": false,"Startup Cost": 6741.22,"Total Cost": 6821.30,"Plan Rows": 620,"Plan Width": 72,"Actual Startup Time": 131.083,"Actual Total Time": 135.743,"Actual Rows": 21,"Actual Loops": 1,"Workers Planned": 2,"Params Evaluated": ["$1"],"Workers Launched": 2,"Plans": [{"Node Type": "Aggregate","Strategy": "Sorted","Partial Mode": "Partial","Parent Relationship": "Outer","Parallel Aware": false,"Async Capable": false,"Startup Cost": 5741.19,"Total Cost": 5749.72,"Plan Rows": 310,"Plan Width": 72,"Actual Startup Time": 63.935,"Actual Total Time": 64.243,"Actual Rows": 7,"Actual Loops": 3,"Group Key": ["(SUBSTRING(customer.c_phone FROM 1 FOR 2))"],"Workers": [],"Plans": [{"Node Type": "Sort","Parent Relationship": "Outer","Parallel Aware": false,"Async Capable": false,"Startup Cost": 5741.19,"Total Cost": 5741.97,"Plan Rows": 310,"Plan Width": 38,"Actual Startup Time": 63.858,"Actual Total Time": 63.942,"Actual Rows": 2123,"Actual Loops": 3,"Sort Key": ["(SUBSTRING(customer.c_phone FROM 1 FOR 2))"],"Sort Method": "quicksort","Sort Space Used": 228,"Sort Space Type": "Memory","Workers": [{"Worker Number": 0,"Sort Method": "quicksort","Sort Space Used": 157,"Sort Space Type": "Memory"},{"Worker Number": 1,"Sort Method": "quicksort","Sort Space Used": 156,"Sort Space Type": "Memory"}],"Plans": [{"Node Type": "Nested Loop","Parent Relationship": "Outer","Parallel Aware": false,"Async Capable": false,"Join Type": "Anti","Startup Cost": 0.43,"Total Cost": 5728.36,"Plan Rows": 310,"Plan Width": 38,"Actual Startup Time": 0.169,"Actual Total Time": 63.025,"Actual Rows": 2123,"Actual Loops": 3,"Inner Unique": false,"Workers": [],"Plans": [{"Node Type": "Seq Scan","Parent Relationship": "Outer","Parallel Aware": true,"Async Capable": false,"Relation Name": "customer","Alias": "customer","Startup Cost": 0.00,"Total Cost": 5225.62,"Plan Rows": 729,"Plan Width": 26,"Actual Startup Time": 0.037,"Actual Total Time": 41.466,"Actual Rows": 6347,"Actual Loops": 3,"Filter": "((c_acctbal > $1) AND (SUBSTRING(c_phone FROM 1 FOR 2) = ANY ('{31,28,12,10,24,19,15}'::text[])))","Rows Removed by Filter": 43653,"Workers": []},{"Node Type": "Index Only Scan","Parent Relationship": "Inner","Parallel Aware": false,"Async Capable": false,"Scan Direction": "Forward","Index Name": "idx_orders_custkey","Relation Name": "orders","Alias": "orders","Startup Cost": 0.43,"Total Cost": 3.28,"Plan Rows": 17,"Plan Width": 4,"Actual Startup Time": 0.003,"Actual Total Time": 0.003,"Actual Rows": 1,"Actual Loops": 19041,"Index Cond": "(o_custkey = customer.c_custkey)","Rows Removed by Index Recheck": 0,"Heap Fetches": 0,"Workers": []}]}]}]}]}]},"Planning Time": 3.524,"Triggers": [],"Execution Time": 136.325}]
[{"Plan": {"Node Type": "Aggregate","Strategy": "Sorted","Partial Mode": "Finalize","Parallel Aware": false,"Async Capable": false,"Startup Cost": 12972.06,"Total Cost": 13071.37,"Plan Rows": 744,"Plan Width": 72,"Actual Startup Time": 133.673,"Actual Total Time": 138.534,"Actual Rows": 7,"Actual Loops": 1,"Group Key": ["(SUBSTRING(customer.c_phone FROM 1 FOR 2))"],"Plans": [{"Node Type": "Aggregate","Strategy": "Plain","Partial Mode": "Finalize","Parent Relationship": "InitPlan","Subplan Name": "InitPlan 1 (returns $1)","Parallel Aware": false,"Async Capable": false,"Startup Cost": 6230.83,"Total Cost": 6230.84,"Plan Rows": 1,"Plan Width": 32,"Actual Startup Time": 59.891,"Actual Total Time": 60.057,"Actual Rows": 1,"Actual Loops": 1,"Plans": [{"Node Type": "Gather","Parent Relationship": "Outer","Parallel Aware": false,"Async Capable": false,"Startup Cost": 6230.61,"Total Cost": 6230.82,"Plan Rows": 2,"Plan Width": 32,"Actual Startup Time": 59.765,"Actual Total Time": 60.036,"Actual Rows": 3,"Actual Loops": 1,"Workers Planned": 2,"Workers Launched": 2,"Single Copy": false,"Plans": [{"Node Type": "Aggregate","Strategy": "Plain","Partial Mode": "Partial","Parent Relationship": "Outer","Parallel Aware": false,"Async Capable": false,"Startup Cost": 5230.61,"Total Cost": 5230.62,"Plan Rows": 1,"Plan Width": 32,"Actual Startup Time": 53.825,"Actual Total Time": 53.828,"Actual Rows": 1,"Actual Loops": 3,"Workers": [],"Plans": [{"Node Type": "Seq Scan","Parent Relationship": "Outer","Parallel Aware": true,"Async Capable": false,"Relation Name": "customer","Alias": "customer_1","Startup Cost": 0.00,"Total Cost": 5225.62,"Plan Rows": 1994,"Plan Width": 6,"Actual Startup Time": 0.050,"Actual Total Time": 52.767,"Actual Rows": 12705,"Actual Loops": 3,"Filter": "((c_acctbal > 0.00) AND (SUBSTRING(c_phone FROM 1 FOR 2) = ANY ('{32,15,30,14,26,31,23}'::text[])))","Rows Removed by Filter": 37295,"Workers": []}]}]}]},{"Node Type": "Gather Merge","Parent Relationship": "Outer","Parallel Aware": false,"Async Capable": false,"Startup Cost": 6741.22,"Total Cost": 6821.30,"Plan Rows": 620,"Plan Width": 72,"Actual Startup Time": 133.583,"Actual Total Time": 138.325,"Actual Rows": 21,"Actual Loops": 1,"Workers Planned": 2,"Params Evaluated": ["$1"],"Workers Launched": 2,"Plans": [{"Node Type": "Aggregate","Strategy": "Sorted","Partial Mode": "Partial","Parent Relationship": "Outer","Parallel Aware": false,"Async Capable": false,"Startup Cost": 5741.19,"Total Cost": 5749.72,"Plan Rows": 310,"Plan Width": 72,"Actual Startup Time": 65.531,"Actual Total Time": 65.995,"Actual Rows": 7,"Actual Loops": 3,"Group Key": ["(SUBSTRING(customer.c_phone FROM 1 FOR 2))"],"Workers": [],"Plans": [{"Node Type": "Sort","Parent Relationship": "Outer","Parallel Aware": false,"Async Capable": false,"Startup Cost": 5741.19,"Total Cost": 5741.97,"Plan Rows": 310,"Plan Width": 38,"Actual Startup Time": 65.421,"Actual Total Time": 65.546,"Actual Rows": 2119,"Actual Loops": 3,"Sort Key": ["(SUBSTRING(customer.c_phone FROM 1 FOR 2))"],"Sort Method": "quicksort","Sort Space Used": 235,"Sort Space Type": "Memory","Workers": [{"Worker Number": 0,"Sort Method": "quicksort","Sort Space Used": 150,"Sort Space Type": "Memory"},{"Worker Number": 1,"Sort Method": "quicksort","Sort Space Used": 156,"Sort Space Type": "Memory"}],"Plans": [{"Node Type": "Nested Loop","Parent Relationship": "Outer","Parallel Aware": false,"Async Capable": false,"Join Type": "Anti","Startup Cost": 0.43,"Total Cost": 5728.36,"Plan Rows": 310,"Plan Width": 38,"Actual Startup Time": 0.161,"Actual Total Time": 64.469,"Actual Rows": 2119,"Actual Loops": 3,"Inner Unique": false,"Workers": [],"Plans": [{"Node Type": "Seq Scan","Parent Relationship": "Outer","Parallel Aware": true,"Async Capable": false,"Relation Name": "customer","Alias": "customer","Startup Cost": 0.00,"Total Cost": 5225.62,"Plan Rows": 729,"Plan Width": 26,"Actual Startup Time": 0.035,"Actual Total Time": 42.130,"Actual Rows": 6352,"Actual Loops": 3,"Filter": "((c_acctbal > $1) AND (SUBSTRING(c_phone FROM 1 FOR 2) = ANY ('{32,15,30,14,26,31,23}'::text[])))","Rows Removed by Filter": 43648,"Workers": []},{"Node Type": "Index Only Scan","Parent Relationship": "Inner","Parallel Aware": false,"Async Capable": false,"Scan Direction": "Forward","Index Name": "idx_orders_custkey","Relation Name": "orders","Alias": "orders","Startup Cost": 0.43,"Total Cost": 3.28,"Plan Rows": 17,"Plan Width": 4,"Actual Startup Time": 0.003,"Actual Total Time": 0.003,"Actual Rows": 1,"Actual Loops": 19056,"Index Cond": "(o_custkey = customer.c_custkey)","Rows Removed by Index Recheck": 0,"Heap Fetches": 0,"Workers": []}]}]}]}]}]},"Planning Time": 3.490,"Triggers": [],"Execution Time": 138.850}]
[{"Plan": {"Node Type": "Aggregate","Strategy": "Sorted","Partial Mode": "Finalize","Parallel Aware": false,"Async Capable": false,"Startup Cost": 12972.06,"Total Cost": 13071.37,"Plan Rows": 744,"Plan Width": 72,"Actual Startup Time": 134.610,"Actual Total Time": 138.333,"Actual Rows": 7,"Actual Loops": 1,"Group Key": ["(SUBSTRING(customer.c_phone FROM 1 FOR 2))"],"Plans": [{"Node Type": "Aggregate","Strategy": "Plain","Partial Mode": "Finalize","Parent Relationship": "InitPlan","Subplan Name": "InitPlan 1 (returns $1)","Parallel Aware": false,"Async Capable": false,"Startup Cost": 6230.83,"Total Cost": 6230.84,"Plan Rows": 1,"Plan Width": 32,"Actual Startup Time": 59.706,"Actual Total Time": 59.952,"Actual Rows": 1,"Actual Loops": 1,"Plans": [{"Node Type": "Gather","Parent Relationship": "Outer","Parallel Aware": false,"Async Capable": false,"Startup Cost": 6230.61,"Total Cost": 6230.82,"Plan Rows": 2,"Plan Width": 32,"Actual Startup Time": 59.596,"Actual Total Time": 59.932,"Actual Rows": 3,"Actual Loops": 1,"Workers Planned": 2,"Workers Launched": 2,"Single Copy": false,"Plans": [{"Node Type": "Aggregate","Strategy": "Plain","Partial Mode": "Partial","Parent Relationship": "Outer","Parallel Aware": false,"Async Capable": false,"Startup Cost": 5230.61,"Total Cost": 5230.62,"Plan Rows": 1,"Plan Width": 32,"Actual Startup Time": 53.630,"Actual Total Time": 53.632,"Actual Rows": 1,"Actual Loops": 3,"Workers": [],"Plans": [{"Node Type": "Seq Scan","Parent Relationship": "Outer","Parallel Aware": true,"Async Capable": false,"Relation Name": "customer","Alias": "customer_1","Startup Cost": 0.00,"Total Cost": 5225.62,"Plan Rows": 1994,"Plan Width": 6,"Actual Startup Time": 0.063,"Actual Total Time": 52.519,"Actual Rows": 12817,"Actual Loops": 3,"Filter": "((c_acctbal > 0.00) AND (SUBSTRING(c_phone FROM 1 FOR 2) = ANY ('{29,16,12,28,22,19,26}'::text[])))","Rows Removed by Filter": 37183,"Workers": []}]}]}]},{"Node Type": "Gather Merge","Parent Relationship": "Outer","Parallel Aware": false,"Async Capable": false,"Startup Cost": 6741.22,"Total Cost": 6821.30,"Plan Rows": 620,"Plan Width": 72,"Actual Startup Time": 134.510,"Actual Total Time": 138.017,"Actual Rows": 21,"Actual Loops": 1,"Workers Planned": 2,"Params Evaluated": ["$1"],"Workers Launched": 2,"Plans": [{"Node Type": "Aggregate","Strategy": "Sorted","Partial Mode": "Partial","Parent Relationship": "Outer","Parallel Aware": false,"Async Capable": false,"Startup Cost": 5741.19,"Total Cost": 5749.72,"Plan Rows": 310,"Plan Width": 72,"Actual Startup Time": 68.162,"Actual Total Time": 68.453,"Actual Rows": 7,"Actual Loops": 3,"Group Key": ["(SUBSTRING(customer.c_phone FROM 1 FOR 2))"],"Workers": [],"Plans": [{"Node Type": "Sort","Parent Relationship": "Outer","Parallel Aware": false,"Async Capable": false,"Startup Cost": 5741.19,"Total Cost": 5741.97,"Plan Rows": 310,"Plan Width": 38,"Actual Startup Time": 68.099,"Actual Total Time": 68.176,"Actual Rows": 2106,"Actual Loops": 3,"Sort Key": ["(SUBSTRING(customer.c_phone FROM 1 FOR 2))"],"Sort Method": "quicksort","Sort Space Used": 232,"Sort Space Type": "Memory","Workers": [{"Worker Number": 0,"Sort Method": "quicksort","Sort Space Used": 155,"Sort Space Type": "Memory"},{"Worker Number": 1,"Sort Method": "quicksort","Sort Space Used": 151,"Sort Space Type": "Memory"}],"Plans": [{"Node Type": "Nested Loop","Parent Relationship": "Outer","Parallel Aware": false,"Async Capable": false,"Join Type": "Anti","Startup Cost": 0.43,"Total Cost": 5728.36,"Plan Rows": 310,"Plan Width": 38,"Actual Startup Time": 0.288,"Actual Total Time": 67.304,"Actual Rows": 2106,"Actual Loops": 3,"Inner Unique": false,"Workers": [],"Plans": [{"Node Type": "Seq Scan","Parent Relationship": "Outer","Parallel Aware": true,"Async Capable": false,"Relation Name": "customer","Alias": "customer","Startup Cost": 0.00,"Total Cost": 5225.62,"Plan Rows": 729,"Plan Width": 26,"Actual Startup Time": 0.073,"Actual Total Time": 44.139,"Actual Rows": 6409,"Actual Loops": 3,"Filter": "((c_acctbal > $1) AND (SUBSTRING(c_phone FROM 1 FOR 2) = ANY ('{29,16,12,28,22,19,26}'::text[])))","Rows Removed by Filter": 43591,"Workers": []},{"Node Type": "Index Only Scan","Parent Relationship": "Inner","Parallel Aware": false,"Async Capable": false,"Scan Direction": "Forward","Index Name": "idx_orders_custkey","Relation Name": "orders","Alias": "orders","Startup Cost": 0.43,"Total Cost": 3.28,"Plan Rows": 17,"Plan Width": 4,"Actual Startup Time": 0.003,"Actual Total Time": 0.003,"Actual Rows": 1,"Actual Loops": 19226,"Index Cond": "(o_custkey = customer.c_custkey)","Rows Removed by Index Recheck": 0,"Heap Fetches": 0,"Workers": []}]}]}]}]}]},"Planning Time": 4.395,"Triggers": [],"Execution Time": 138.812}]
[{"Plan": {"Node Type": "Aggregate","Strategy": "Sorted","Partial Mode": "Finalize","Parallel Aware": false,"Async Capable": false,"Startup Cost": 12972.06,"Total Cost": 13071.37,"Plan Rows": 744,"Plan Width": 72,"Actual Startup Time": 132.654,"Actual Total Time": 136.274,"Actual Rows": 7,"Actual Loops": 1,"Group Key": ["(SUBSTRING(customer.c_phone FROM 1 FOR 2))"],"Plans": [{"Node Type": "Aggregate","Strategy": "Plain","Partial Mode": "Finalize","Parent Relationship": "InitPlan","Subplan Name": "InitPlan 1 (returns $1)","Parallel Aware": false,"Async Capable": false,"Startup Cost": 6230.83,"Total Cost": 6230.84,"Plan Rows": 1,"Plan Width": 32,"Actual Startup Time": 60.860,"Actual Total Time": 61.091,"Actual Rows": 1,"Actual Loops": 1,"Plans": [{"Node Type": "Gather","Parent Relationship": "Outer","Parallel Aware": false,"Async Capable": false,"Startup Cost": 6230.61,"Total Cost": 6230.82,"Plan Rows": 2,"Plan Width": 32,"Actual Startup Time": 60.751,"Actual Total Time": 61.070,"Actual Rows": 3,"Actual Loops": 1,"Workers Planned": 2,"Workers Launched": 2,"Single Copy": false,"Plans": [{"Node Type": "Aggregate","Strategy": "Plain","Partial Mode": "Partial","Parent Relationship": "Outer","Parallel Aware": false,"Async Capable": false,"Startup Cost": 5230.61,"Total Cost": 5230.62,"Plan Rows": 1,"Plan Width": 32,"Actual Startup Time": 54.454,"Actual Total Time": 54.457,"Actual Rows": 1,"Actual Loops": 3,"Workers": [],"Plans": [{"Node Type": "Seq Scan","Parent Relationship": "Outer","Parallel Aware": true,"Async Capable": false,"Relation Name": "customer","Alias": "customer_1","Startup Cost": 0.00,"Total Cost": 5225.62,"Plan Rows": 1994,"Plan Width": 6,"Actual Startup Time": 0.054,"Actual Total Time": 53.418,"Actual Rows": 12681,"Actual Loops": 3,"Filter": "((c_acctbal > 0.00) AND (SUBSTRING(c_phone FROM 1 FOR 2) = ANY ('{15,31,21,27,25,19,30}'::text[])))","Rows Removed by Filter": 37319,"Workers": []}]}]}]},{"Node Type": "Gather Merge","Parent Relationship": "Outer","Parallel Aware": false,"Async Capable": false,"Startup Cost": 6741.22,"Total Cost": 6821.30,"Plan Rows": 620,"Plan Width": 72,"Actual Startup Time": 132.552,"Actual Total Time": 135.997,"Actual Rows": 21,"Actual Loops": 1,"Workers Planned": 2,"Params Evaluated": ["$1"],"Workers Launched": 2,"Plans": [{"Node Type": "Aggregate","Strategy": "Sorted","Partial Mode": "Partial","Parent Relationship": "Outer","Parallel Aware": false,"Async Capable": false,"Startup Cost": 5741.19,"Total Cost": 5749.72,"Plan Rows": 310,"Plan Width": 72,"Actual Startup Time": 64.960,"Actual Total Time": 65.265,"Actual Rows": 7,"Actual Loops": 3,"Group Key": ["(SUBSTRING(customer.c_phone FROM 1 FOR 2))"],"Workers": [],"Plans": [{"Node Type": "Sort","Parent Relationship": "Outer","Parallel Aware": false,"Async Capable": false,"Startup Cost": 5741.19,"Total Cost": 5741.97,"Plan Rows": 310,"Plan Width": 38,"Actual Startup Time": 64.880,"Actual Total Time": 64.963,"Actual Rows": 2133,"Actual Loops": 3,"Sort Key": ["(SUBSTRING(customer.c_phone FROM 1 FOR 2))"],"Sort Method": "quicksort","Sort Space Used": 231,"Sort Space Type": "Memory","Workers": [{"Worker Number": 0,"Sort Method": "quicksort","Sort Space Used": 156,"Sort Space Type": "Memory"},{"Worker Number": 1,"Sort Method": "quicksort","Sort Space Used": 156,"Sort Space Type": "Memory"}],"Plans": [{"Node Type": "Nested Loop","Parent Relationship": "Outer","Parallel Aware": false,"Async Capable": false,"Join Type": "Anti","Startup Cost": 0.43,"Total Cost": 5728.36,"Plan Rows": 310,"Plan Width": 38,"Actual Startup Time": 0.161,"Actual Total Time": 64.095,"Actual Rows": 2133,"Actual Loops": 3,"Inner Unique": false,"Workers": [],"Plans": [{"Node Type": "Seq Scan","Parent Relationship": "Outer","Parallel Aware": true,"Async Capable": false,"Relation Name": "customer","Alias": "customer","Startup Cost": 0.00,"Total Cost": 5225.62,"Plan Rows": 729,"Plan Width": 26,"Actual Startup Time": 0.036,"Actual Total Time": 43.108,"Actual Rows": 6316,"Actual Loops": 3,"Filter": "((c_acctbal > $1) AND (SUBSTRING(c_phone FROM 1 FOR 2) = ANY ('{15,31,21,27,25,19,30}'::text[])))","Rows Removed by Filter": 43684,"Workers": []},{"Node Type": "Index Only Scan","Parent Relationship": "Inner","Parallel Aware": false,"Async Capable": false,"Scan Direction": "Forward","Index Name": "idx_orders_custkey","Relation Name": "orders","Alias": "orders","Startup Cost": 0.43,"Total Cost": 3.28,"Plan Rows": 17,"Plan Width": 4,"Actual Startup Time": 0.003,"Actual Total Time": 0.003,"Actual Rows": 1,"Actual Loops": 18947,"Index Cond": "(o_custkey = customer.c_custkey)","Rows Removed by Index Recheck": 0,"Heap Fetches": 0,"Workers": []}]}]}]}]}]},"Planning Time": 3.893,"Triggers": [],"Execution Time": 136.648}]
[{"Plan": {"Node Type": "Aggregate","Strategy": "Sorted","Partial Mode": "Finalize","Parallel Aware": false,"Async Capable": false,"Startup Cost": 12972.06,"Total Cost": 13071.37,"Plan Rows": 744,"Plan Width": 72,"Actual Startup Time": 139.262,"Actual Total Time": 142.697,"Actual Rows": 7,"Actual Loops": 1,"Group Key": ["(SUBSTRING(customer.c_phone FROM 1 FOR 2))"],"Plans": [{"Node Type": "Aggregate","Strategy": "Plain","Partial Mode": "Finalize","Parent Relationship": "InitPlan","Subplan Name": "InitPlan 1 (returns $1)","Parallel Aware": false,"Async Capable": false,"Startup Cost": 6230.83,"Total Cost": 6230.84,"Plan Rows": 1,"Plan Width": 32,"Actual Startup Time": 61.300,"Actual Total Time": 61.462,"Actual Rows": 1,"Actual Loops": 1,"Plans": [{"Node Type": "Gather","Parent Relationship": "Outer","Parallel Aware": false,"Async Capable": false,"Startup Cost": 6230.61,"Total Cost": 6230.82,"Plan Rows": 2,"Plan Width": 32,"Actual Startup Time": 61.228,"Actual Total Time": 61.443,"Actual Rows": 3,"Actual Loops": 1,"Workers Planned": 2,"Workers Launched": 2,"Single Copy": false,"Plans": [{"Node Type": "Aggregate","Strategy": "Plain","Partial Mode": "Partial","Parent Relationship": "Outer","Parallel Aware": false,"Async Capable": false,"Startup Cost": 5230.61,"Total Cost": 5230.62,"Plan Rows": 1,"Plan Width": 32,"Actual Startup Time": 55.468,"Actual Total Time": 55.469,"Actual Rows": 1,"Actual Loops": 3,"Workers": [],"Plans": [{"Node Type": "Seq Scan","Parent Relationship": "Outer","Parallel Aware": true,"Async Capable": false,"Relation Name": "customer","Alias": "customer_1","Startup Cost": 0.00,"Total Cost": 5225.62,"Plan Rows": 1994,"Plan Width": 6,"Actual Startup Time": 0.059,"Actual Total Time": 54.370,"Actual Rows": 12676,"Actual Loops": 3,"Filter": "((c_acctbal > 0.00) AND (SUBSTRING(c_phone FROM 1 FOR 2) = ANY ('{26,20,11,16,18,17,27}'::text[])))","Rows Removed by Filter": 37324,"Workers": []}]}]}]},{"Node Type": "Gather Merge","Parent Relationship": "Outer","Parallel Aware": false,"Async Capable": false,"Startup Cost": 6741.22,"Total Cost": 6821.30,"Plan Rows": 620,"Plan Width": 72,"Actual Startup Time": 139.143,"Actual Total Time": 142.486,"Actual Rows": 21,"Actual Loops": 1,"Workers Planned": 2,"Params Evaluated": ["$1"],"Workers Launched": 2,"Plans": [{"Node Type": "Aggregate","Strategy": "Sorted","Partial Mode": "Partial","Parent Relationship": "Outer","Parallel Aware": false,"Async Capable": false,"Startup Cost": 5741.19,"Total Cost": 5749.72,"Plan Rows": 310,"Plan Width": 72,"Actual Startup Time": 71.042,"Actual Total Time": 71.338,"Actual Rows": 7,"Actual Loops": 3,"Group Key": ["(SUBSTRING(customer.c_phone FROM 1 FOR 2))"],"Workers": [],"Plans": [{"Node Type": "Sort","Parent Relationship": "Outer","Parallel Aware": false,"Async Capable": false,"Startup Cost": 5741.19,"Total Cost": 5741.97,"Plan Rows": 310,"Plan Width": 38,"Actual Startup Time": 70.971,"Actual Total Time": 71.055,"Actual Rows": 2087,"Actual Loops": 3,"Sort Key": ["(SUBSTRING(customer.c_phone FROM 1 FOR 2))"],"Sort Method": "quicksort","Sort Space Used": 232,"Sort Space Type": "Memory","Workers": [{"Worker Number": 0,"Sort Method": "quicksort","Sort Space Used": 154,"Sort Space Type": "Memory"},{"Worker Number": 1,"Sort Method": "quicksort","Sort Space Used": 149,"Sort Space Type": "Memory"}],"Plans": [{"Node Type": "Nested Loop","Parent Relationship": "Outer","Parallel Aware": false,"Async Capable": false,"Join Type": "Anti","Startup Cost": 0.43,"Total Cost": 5728.36,"Plan Rows": 310,"Plan Width": 38,"Actual Startup Time": 0.218,"Actual Total Time": 70.197,"Actual Rows": 2087,"Actual Loops": 3,"Inner Unique": false,"Workers": [],"Plans": [{"Node Type": "Seq Scan","Parent Relationship": "Outer","Parallel Aware": true,"Async Capable": false,"Relation Name": "customer","Alias": "customer","Startup Cost": 0.00,"Total Cost": 5225.62,"Plan Rows": 729,"Plan Width": 26,"Actual Startup Time": 0.051,"Actual Total Time": 46.345,"Actual Rows": 6333,"Actual Loops": 3,"Filter": "((c_acctbal > $1) AND (SUBSTRING(c_phone FROM 1 FOR 2) = ANY ('{26,20,11,16,18,17,27}'::text[])))","Rows Removed by Filter": 43667,"Workers": []},{"Node Type": "Index Only Scan","Parent Relationship": "Inner","Parallel Aware": false,"Async Capable": false,"Scan Direction": "Forward","Index Name": "idx_orders_custkey","Relation Name": "orders","Alias": "orders","Startup Cost": 0.43,"Total Cost": 3.28,"Plan Rows": 17,"Plan Width": 4,"Actual Startup Time": 0.003,"Actual Total Time": 0.003,"Actual Rows": 1,"Actual Loops": 18999,"Index Cond": "(o_custkey = customer.c_custkey)","Rows Removed by Index Recheck": 0,"Heap Fetches": 0,"Workers": []}]}]}]}]}]},"Planning Time": 3.807,"Triggers": [],"Execution Time": 143.062}]
[{"Plan": {"Node Type": "Aggregate","Strategy": "Sorted","Partial Mode": "Finalize","Parallel Aware": false,"Async Capable": false,"Startup Cost": 12972.06,"Total Cost": 13071.37,"Plan Rows": 744,"Plan Width": 72,"Actual Startup Time": 140.914,"Actual Total Time": 144.501,"Actual Rows": 7,"Actual Loops": 1,"Group Key": ["(SUBSTRING(customer.c_phone FROM 1 FOR 2))"],"Plans": [{"Node Type": "Aggregate","Strategy": "Plain","Partial Mode": "Finalize","Parent Relationship": "InitPlan","Subplan Name": "InitPlan 1 (returns $1)","Parallel Aware": false,"Async Capable": false,"Startup Cost": 6230.83,"Total Cost": 6230.84,"Plan Rows": 1,"Plan Width": 32,"Actual Startup Time": 61.520,"Actual Total Time": 61.725,"Actual Rows": 1,"Actual Loops": 1,"Plans": [{"Node Type": "Gather","Parent Relationship": "Outer","Parallel Aware": false,"Async Capable": false,"Startup Cost": 6230.61,"Total Cost": 6230.82,"Plan Rows": 2,"Plan Width": 32,"Actual Startup Time": 61.414,"Actual Total Time": 61.708,"Actual Rows": 3,"Actual Loops": 1,"Workers Planned": 2,"Workers Launched": 2,"Single Copy": false,"Plans": [{"Node Type": "Aggregate","Strategy": "Plain","Partial Mode": "Partial","Parent Relationship": "Outer","Parallel Aware": false,"Async Capable": false,"Startup Cost": 5230.61,"Total Cost": 5230.62,"Plan Rows": 1,"Plan Width": 32,"Actual Startup Time": 55.632,"Actual Total Time": 55.633,"Actual Rows": 1,"Actual Loops": 3,"Workers": [],"Plans": [{"Node Type": "Seq Scan","Parent Relationship": "Outer","Parallel Aware": true,"Async Capable": false,"Relation Name": "customer","Alias": "customer_1","Startup Cost": 0.00,"Total Cost": 5225.62,"Plan Rows": 1994,"Plan Width": 6,"Actual Startup Time": 0.068,"Actual Total Time": 54.568,"Actual Rows": 12690,"Actual Loops": 3,"Filter": "((c_acctbal > 0.00) AND (SUBSTRING(c_phone FROM 1 FOR 2) = ANY ('{27,15,24,28,26,12,14}'::text[])))","Rows Removed by Filter": 37310,"Workers": []}]}]}]},{"Node Type": "Gather Merge","Parent Relationship": "Outer","Parallel Aware": false,"Async Capable": false,"Startup Cost": 6741.22,"Total Cost": 6821.30,"Plan Rows": 620,"Plan Width": 72,"Actual Startup Time": 140.785,"Actual Total Time": 144.221,"Actual Rows": 21,"Actual Loops": 1,"Workers Planned": 2,"Params Evaluated": ["$1"],"Workers Launched": 2,"Plans": [{"Node Type": "Aggregate","Strategy": "Sorted","Partial Mode": "Partial","Parent Relationship": "Outer","Parallel Aware": false,"Async Capable": false,"Startup Cost": 5741.19,"Total Cost": 5749.72,"Plan Rows": 310,"Plan Width": 72,"Actual Startup Time": 72.545,"Actual Total Time": 72.834,"Actual Rows": 7,"Actual Loops": 3,"Group Key": ["(SUBSTRING(customer.c_phone FROM 1 FOR 2))"],"Workers": [],"Plans": [{"Node Type": "Sort","Parent Relationship": "Outer","Parallel Aware": false,"Async Capable": false,"Startup Cost": 5741.19,"Total Cost": 5741.97,"Plan Rows": 310,"Plan Width": 38,"Actual Startup Time": 72.474,"Actual Total Time": 72.551,"Actual Rows": 2095,"Actual Loops": 3,"Sort Key": ["(SUBSTRING(customer.c_phone FROM 1 FOR 2))"],"Sort Method": "quicksort","Sort Space Used": 234,"Sort Space Type": "Memory","Workers": [{"Worker Number": 0,"Sort Method": "quicksort","Sort Space Used": 153,"Sort Space Type": "Memory"},{"Worker Number": 1,"Sort Method": "quicksort","Sort Space Used": 150,"Sort Space Type": "Memory"}],"Plans": [{"Node Type": "Nested Loop","Parent Relationship": "Outer","Parallel Aware": false,"Async Capable": false,"Join Type": "Anti","Startup Cost": 0.43,"Total Cost": 5728.36,"Plan Rows": 310,"Plan Width": 38,"Actual Startup Time": 0.169,"Actual Total Time": 71.654,"Actual Rows": 2095,"Actual Loops": 3,"Inner Unique": false,"Workers": [],"Plans": [{"Node Type": "Seq Scan","Parent Relationship": "Outer","Parallel Aware": true,"Async Capable": false,"Relation Name": "customer","Alias": "customer","Startup Cost": 0.00,"Total Cost": 5225.62,"Plan Rows": 729,"Plan Width": 26,"Actual Startup Time": 0.053,"Actual Total Time": 47.347,"Actual Rows": 6330,"Actual Loops": 3,"Filter": "((c_acctbal > $1) AND (SUBSTRING(c_phone FROM 1 FOR 2) = ANY ('{27,15,24,28,26,12,14}'::text[])))","Rows Removed by Filter": 43670,"Workers": []},{"Node Type": "Index Only Scan","Parent Relationship": "Inner","Parallel Aware": false,"Async Capable": false,"Scan Direction": "Forward","Index Name": "idx_orders_custkey","Relation Name": "orders","Alias": "orders","Startup Cost": 0.43,"Total Cost": 3.28,"Plan Rows": 17,"Plan Width": 4,"Actual Startup Time": 0.004,"Actual Total Time": 0.004,"Actual Rows": 1,"Actual Loops": 18991,"Index Cond": "(o_custkey = customer.c_custkey)","Rows Removed by Index Recheck": 0,"Heap Fetches": 0,"Workers": []}]}]}]}]}]},"Planning Time": 3.434,"Triggers": [],"Execution Time": 144.826}]
[{"Plan": {"Node Type": "Aggregate","Strategy": "Sorted","Partial Mode": "Finalize","Parallel Aware": false,"Async Capable": false,"Startup Cost": 12972.06,"Total Cost": 13071.37,"Plan Rows": 744,"Plan Width": 72,"Actual Startup Time": 132.019,"Actual Total Time": 136.651,"Actual Rows": 7,"Actual Loops": 1,"Group Key": ["(SUBSTRING(customer.c_phone FROM 1 FOR 2))"],"Plans": [{"Node Type": "Aggregate","Strategy": "Plain","Partial Mode": "Finalize","Parent Relationship": "InitPlan","Subplan Name": "InitPlan 1 (returns $1)","Parallel Aware": false,"Async Capable": false,"Startup Cost": 6230.83,"Total Cost": 6230.84,"Plan Rows": 1,"Plan Width": 32,"Actual Startup Time": 59.845,"Actual Total Time": 60.021,"Actual Rows": 1,"Actual Loops": 1,"Plans": [{"Node Type": "Gather","Parent Relationship": "Outer","Parallel Aware": false,"Async Capable": false,"Startup Cost": 6230.61,"Total Cost": 6230.82,"Plan Rows": 2,"Plan Width": 32,"Actual Startup Time": 59.736,"Actual Total Time": 60.006,"Actual Rows": 3,"Actual Loops": 1,"Workers Planned": 2,"Workers Launched": 2,"Single Copy": false,"Plans": [{"Node Type": "Aggregate","Strategy": "Plain","Partial Mode": "Partial","Parent Relationship": "Outer","Parallel Aware": false,"Async Capable": false,"Startup Cost": 5230.61,"Total Cost": 5230.62,"Plan Rows": 1,"Plan Width": 32,"Actual Startup Time": 53.681,"Actual Total Time": 53.685,"Actual Rows": 1,"Actual Loops": 3,"Workers": [],"Plans": [{"Node Type": "Seq Scan","Parent Relationship": "Outer","Parallel Aware": true,"Async Capable": false,"Relation Name": "customer","Alias": "customer_1","Startup Cost": 0.00,"Total Cost": 5225.62,"Plan Rows": 1994,"Plan Width": 6,"Actual Startup Time": 0.063,"Actual Total Time": 52.596,"Actual Rows": 12776,"Actual Loops": 3,"Filter": "((c_acctbal > 0.00) AND (SUBSTRING(c_phone FROM 1 FOR 2) = ANY ('{33,29,32,27,31,25,13}'::text[])))","Rows Removed by Filter": 37224,"Workers": []}]}]}]},{"Node Type": "Gather Merge","Parent Relationship": "Outer","Parallel Aware": false,"Async Capable": false,"Startup Cost": 6741.22,"Total Cost": 6821.30,"Plan Rows": 620,"Plan Width": 72,"Actual Startup Time": 131.902,"Actual Total Time": 136.402,"Actual Rows": 21,"Actual Loops": 1,"Workers Planned": 2,"Params Evaluated": ["$1"],"Workers Launched": 2,"Plans": [{"Node Type": "Aggregate","Strategy": "Sorted","Partial Mode": "Partial","Parent Relationship": "Outer","Parallel Aware": false,"Async Capable": false,"Startup Cost": 5741.19,"Total Cost": 5749.72,"Plan Rows": 310,"Plan Width": 72,"Actual Startup Time": 64.517,"Actual Total Time": 64.816,"Actual Rows": 7,"Actual Loops": 3,"Group Key": ["(SUBSTRING(customer.c_phone FROM 1 FOR 2))"],"Workers": [],"Plans": [{"Node Type": "Sort","Parent Relationship": "Outer","Parallel Aware": false,"Async Capable": false,"Startup Cost": 5741.19,"Total Cost": 5741.97,"Plan Rows": 310,"Plan Width": 38,"Actual Startup Time": 64.439,"Actual Total Time": 64.521,"Actual Rows": 2126,"Actual Loops": 3,"Sort Key": ["(SUBSTRING(customer.c_phone FROM 1 FOR 2))"],"Sort Method": "quicksort","Sort Space Used": 233,"Sort Space Type": "Memory","Workers": [{"Worker Number": 0,"Sort Method": "quicksort","Sort Space Used": 154,"Sort Space Type": "Memory"},{"Worker Number": 1,"Sort Method": "quicksort","Sort Space Used": 156,"Sort Space Type": "Memory"}],"Plans": [{"Node Type": "Nested Loop","Parent Relationship": "Outer","Parallel Aware": false,"Async Capable": false,"Join Type": "Anti","Startup Cost": 0.43,"Total Cost": 5728.36,"Plan Rows": 310,"Plan Width": 38,"Actual Startup Time": 0.278,"Actual Total Time": 63.597,"Actual Rows": 2126,"Actual Loops": 3,"Inner Unique": false,"Workers": [],"Plans": [{"Node Type": "Seq Scan","Parent Relationship": "Outer","Parallel Aware": true,"Async Capable": false,"Relation Name": "customer","Alias": "customer","Startup Cost": 0.00,"Total Cost": 5225.62,"Plan Rows": 729,"Plan Width": 26,"Actual Startup Time": 0.054,"Actual Total Time": 41.770,"Actual Rows": 6368,"Actual Loops": 3,"Filter": "((c_acctbal > $1) AND (SUBSTRING(c_phone FROM 1 FOR 2) = ANY ('{33,29,32,27,31,25,13}'::text[])))","Rows Removed by Filter": 43632,"Workers": []},{"Node Type": "Index Only Scan","Parent Relationship": "Inner","Parallel Aware": false,"Async Capable": false,"Scan Direction": "Forward","Index Name": "idx_orders_custkey","Relation Name": "orders","Alias": "orders","Startup Cost": 0.43,"Total Cost": 3.28,"Plan Rows": 17,"Plan Width": 4,"Actual Startup Time": 0.003,"Actual Total Time": 0.003,"Actual Rows": 1,"Actual Loops": 19105,"Index Cond": "(o_custkey = customer.c_custkey)","Rows Removed by Index Recheck": 0,"Heap Fetches": 0,"Workers": []}]}]}]}]}]},"Planning Time": 3.395,"Triggers": [],"Execution Time": 136.985}]
[{"Plan": {"Node Type": "Aggregate","Strategy": "Sorted","Partial Mode": "Finalize","Parallel Aware": false,"Async Capable": false,"Startup Cost": 12972.06,"Total Cost": 13071.37,"Plan Rows": 744,"Plan Width": 72,"Actual Startup Time": 134.748,"Actual Total Time": 138.405,"Actual Rows": 7,"Actual Loops": 1,"Group Key": ["(SUBSTRING(customer.c_phone FROM 1 FOR 2))"],"Plans": [{"Node Type": "Aggregate","Strategy": "Plain","Partial Mode": "Finalize","Parent Relationship": "InitPlan","Subplan Name": "InitPlan 1 (returns $1)","Parallel Aware": false,"Async Capable": false,"Startup Cost": 6230.83,"Total Cost": 6230.84,"Plan Rows": 1,"Plan Width": 32,"Actual Startup Time": 63.244,"Actual Total Time": 63.518,"Actual Rows": 1,"Actual Loops": 1,"Plans": [{"Node Type": "Gather","Parent Relationship": "Outer","Parallel Aware": false,"Async Capable": false,"Startup Cost": 6230.61,"Total Cost": 6230.82,"Plan Rows": 2,"Plan Width": 32,"Actual Startup Time": 63.033,"Actual Total Time": 63.493,"Actual Rows": 3,"Actual Loops": 1,"Workers Planned": 2,"Workers Launched": 2,"Single Copy": false,"Plans": [{"Node Type": "Aggregate","Strategy": "Plain","Partial Mode": "Partial","Parent Relationship": "Outer","Parallel Aware": false,"Async Capable": false,"Startup Cost": 5230.61,"Total Cost": 5230.62,"Plan Rows": 1,"Plan Width": 32,"Actual Startup Time": 56.734,"Actual Total Time": 56.738,"Actual Rows": 1,"Actual Loops": 3,"Workers": [],"Plans": [{"Node Type": "Seq Scan","Parent Relationship": "Outer","Parallel Aware": true,"Async Capable": false,"Relation Name": "customer","Alias": "customer_1","Startup Cost": 0.00,"Total Cost": 5225.62,"Plan Rows": 1994,"Plan Width": 6,"Actual Startup Time": 0.059,"Actual Total Time": 55.621,"Actual Rows": 12704,"Actual Loops": 3,"Filter": "((c_acctbal > 0.00) AND (SUBSTRING(c_phone FROM 1 FOR 2) = ANY ('{12,32,27,20,21,10,34}'::text[])))","Rows Removed by Filter": 37296,"Workers": []}]}]}]},{"Node Type": "Gather Merge","Parent Relationship": "Outer","Parallel Aware": false,"Async Capable": false,"Startup Cost": 6741.22,"Total Cost": 6821.30,"Plan Rows": 620,"Plan Width": 72,"Actual Startup Time": 134.661,"Actual Total Time": 138.086,"Actual Rows": 21,"Actual Loops": 1,"Workers Planned": 2,"Params Evaluated": ["$1"],"Workers Launched": 2,"Plans": [{"Node Type": "Aggregate","Strategy": "Sorted","Partial Mode": "Partial","Parent Relationship": "Outer","Parallel Aware": false,"Async Capable": false,"Startup Cost": 5741.19,"Total Cost": 5749.72,"Plan Rows": 310,"Plan Width": 72,"Actual Startup Time": 64.519,"Actual Total Time": 64.820,"Actual Rows": 7,"Actual Loops": 3,"Group Key": ["(SUBSTRING(customer.c_phone FROM 1 FOR 2))"],"Workers": [],"Plans": [{"Node Type": "Sort","Parent Relationship": "Outer","Parallel Aware": false,"Async Capable": false,"Startup Cost": 5741.19,"Total Cost": 5741.97,"Plan Rows": 310,"Plan Width": 38,"Actual Startup Time": 64.441,"Actual Total Time": 64.522,"Actual Rows": 2123,"Actual Loops": 3,"Sort Key": ["(SUBSTRING(customer.c_phone FROM 1 FOR 2))"],"Sort Method": "quicksort","Sort Space Used": 232,"Sort Space Type": "Memory","Workers": [{"Worker Number": 0,"Sort Method": "quicksort","Sort Space Used": 157,"Sort Space Type": "Memory"},{"Worker Number": 1,"Sort Method": "quicksort","Sort Space Used": 152,"Sort Space Type": "Memory"}],"Plans": [{"Node Type": "Nested Loop","Parent Relationship": "Outer","Parallel Aware": false,"Async Capable": false,"Join Type": "Anti","Startup Cost": 0.43,"Total Cost": 5728.36,"Plan Rows": 310,"Plan Width": 38,"Actual Startup Time": 0.150,"Actual Total Time": 63.644,"Actual Rows": 2123,"Actual Loops": 3,"Inner Unique": false,"Workers": [],"Plans": [{"Node Type": "Seq Scan","Parent Relationship": "Outer","Parallel Aware": true,"Async Capable": false,"Relation Name": "customer","Alias": "customer","Startup Cost": 0.00,"Total Cost": 5225.62,"Plan Rows": 729,"Plan Width": 26,"Actual Startup Time": 0.042,"Actual Total Time": 42.946,"Actual Rows": 6340,"Actual Loops": 3,"Filter": "((c_acctbal > $1) AND (SUBSTRING(c_phone FROM 1 FOR 2) = ANY ('{12,32,27,20,21,10,34}'::text[])))","Rows Removed by Filter": 43660,"Workers": []},{"Node Type": "Index Only Scan","Parent Relationship": "Inner","Parallel Aware": false,"Async Capable": false,"Scan Direction": "Forward","Index Name": "idx_orders_custkey","Relation Name": "orders","Alias": "orders","Startup Cost": 0.43,"Total Cost": 3.28,"Plan Rows": 17,"Plan Width": 4,"Actual Startup Time": 0.003,"Actual Total Time": 0.003,"Actual Rows": 1,"Actual Loops": 19020,"Index Cond": "(o_custkey = customer.c_custkey)","Rows Removed by Index Recheck": 0,"Heap Fetches": 0,"Workers": []}]}]}]}]}]},"Planning Time": 3.983,"Triggers": [],"Execution Time": 138.868}]
[{"Plan": {"Node Type": "Aggregate","Strategy": "Sorted","Partial Mode": "Finalize","Parallel Aware": false,"Async Capable": false,"Startup Cost": 12972.06,"Total Cost": 13071.37,"Plan Rows": 744,"Plan Width": 72,"Actual Startup Time": 137.345,"Actual Total Time": 141.751,"Actual Rows": 7,"Actual Loops": 1,"Group Key": ["(SUBSTRING(customer.c_phone FROM 1 FOR 2))"],"Plans": [{"Node Type": "Aggregate","Strategy": "Plain","Partial Mode": "Finalize","Parent Relationship": "InitPlan","Subplan Name": "InitPlan 1 (returns $1)","Parallel Aware": false,"Async Capable": false,"Startup Cost": 6230.83,"Total Cost": 6230.84,"Plan Rows": 1,"Plan Width": 32,"Actual Startup Time": 59.323,"Actual Total Time": 59.540,"Actual Rows": 1,"Actual Loops": 1,"Plans": [{"Node Type": "Gather","Parent Relationship": "Outer","Parallel Aware": false,"Async Capable": false,"Startup Cost": 6230.61,"Total Cost": 6230.82,"Plan Rows": 2,"Plan Width": 32,"Actual Startup Time": 59.219,"Actual Total Time": 59.521,"Actual Rows": 3,"Actual Loops": 1,"Workers Planned": 2,"Workers Launched": 2,"Single Copy": false,"Plans": [{"Node Type": "Aggregate","Strategy": "Plain","Partial Mode": "Partial","Parent Relationship": "Outer","Parallel Aware": false,"Async Capable": false,"Startup Cost": 5230.61,"Total Cost": 5230.62,"Plan Rows": 1,"Plan Width": 32,"Actual Startup Time": 53.282,"Actual Total Time": 53.284,"Actual Rows": 1,"Actual Loops": 3,"Workers": [],"Plans": [{"Node Type": "Seq Scan","Parent Relationship": "Outer","Parallel Aware": true,"Async Capable": false,"Relation Name": "customer","Alias": "customer_1","Startup Cost": 0.00,"Total Cost": 5225.62,"Plan Rows": 1994,"Plan Width": 6,"Actual Startup Time": 0.050,"Actual Total Time": 52.169,"Actual Rows": 12705,"Actual Loops": 3,"Filter": "((c_acctbal > 0.00) AND (SUBSTRING(c_phone FROM 1 FOR 2) = ANY ('{25,29,30,13,31,21,23}'::text[])))","Rows Removed by Filter": 37295,"Workers": []}]}]}]},{"Node Type": "Gather Merge","Parent Relationship": "Outer","Parallel Aware": false,"Async Capable": false,"Startup Cost": 6741.22,"Total Cost": 6821.30,"Plan Rows": 620,"Plan Width": 72,"Actual Startup Time": 137.236,"Actual Total Time": 141.471,"Actual Rows": 21,"Actual Loops": 1,"Workers Planned": 2,"Params Evaluated": ["$1"],"Workers Launched": 2,"Plans": [{"Node Type": "Aggregate","Strategy": "Sorted","Partial Mode": "Partial","Parent Relationship": "Outer","Parallel Aware": false,"Async Capable": false,"Startup Cost": 5741.19,"Total Cost": 5749.72,"Plan Rows": 310,"Plan Width": 72,"Actual Startup Time": 70.844,"Actual Total Time": 71.141,"Actual Rows": 7,"Actual Loops": 3,"Group Key": ["(SUBSTRING(customer.c_phone FROM 1 FOR 2))"],"Workers": [],"Plans": [{"Node Type": "Sort","Parent Relationship": "Outer","Parallel Aware": false,"Async Capable": false,"Startup Cost": 5741.19,"Total Cost": 5741.97,"Plan Rows": 310,"Plan Width": 38,"Actual Startup Time": 70.774,"Actual Total Time": 70.855,"Actual Rows": 2132,"Actual Loops": 3,"Sort Key": ["(SUBSTRING(customer.c_phone FROM 1 FOR 2))"],"Sort Method": "quicksort","Sort Space Used": 230,"Sort Space Type": "Memory","Workers": [{"Worker Number": 0,"Sort Method": "quicksort","Sort Space Used": 157,"Sort Space Type": "Memory"},{"Worker Number": 1,"Sort Method": "quicksort","Sort Space Used": 155,"Sort Space Type": "Memory"}],"Plans": [{"Node Type": "Nested Loop","Parent Relationship": "Outer","Parallel Aware": false,"Async Capable": false,"Join Type": "Anti","Startup Cost": 0.43,"Total Cost": 5728.36,"Plan Rows": 310,"Plan Width": 38,"Actual Startup Time": 0.154,"Actual Total Time": 69.976,"Actual Rows": 2132,"Actual Loops": 3,"Inner Unique": false,"Workers": [],"Plans": [{"Node Type": "Seq Scan","Parent Relationship": "Outer","Parallel Aware": true,"Async Capable": false,"Relation Name": "customer","Alias": "customer","Startup Cost": 0.00,"Total Cost": 5225.62,"Plan Rows": 729,"Plan Width": 26,"Actual Startup Time": 0.036,"Actual Total Time": 45.968,"Actual Rows": 6331,"Actual Loops": 3,"Filter": "((c_acctbal > $1) AND (SUBSTRING(c_phone FROM 1 FOR 2) = ANY ('{25,29,30,13,31,21,23}'::text[])))","Rows Removed by Filter": 43669,"Workers": []},{"Node Type": "Index Only Scan","Parent Relationship": "Inner","Parallel Aware": false,"Async Capable": false,"Scan Direction": "Forward","Index Name": "idx_orders_custkey","Relation Name": "orders","Alias": "orders","Startup Cost": 0.43,"Total Cost": 3.28,"Plan Rows": 17,"Plan Width": 4,"Actual Startup Time": 0.003,"Actual Total Time": 0.003,"Actual Rows": 1,"Actual Loops": 18994,"Index Cond": "(o_custkey = customer.c_custkey)","Rows Removed by Index Recheck": 0,"Heap Fetches": 0,"Workers": []}]}]}]}]}]},"Planning Time": 4.898,"Triggers": [],"Execution Time": 142.258}]
[{"Plan": {"Node Type": "Aggregate","Strategy": "Sorted","Partial Mode": "Finalize","Parallel Aware": false,"Async Capable": false,"Startup Cost": 12972.06,"Total Cost": 13071.37,"Plan Rows": 744,"Plan Width": 72,"Actual Startup Time": 134.912,"Actual Total Time": 138.925,"Actual Rows": 7,"Actual Loops": 1,"Group Key": ["(SUBSTRING(customer.c_phone FROM 1 FOR 2))"],"Plans": [{"Node Type": "Aggregate","Strategy": "Plain","Partial Mode": "Finalize","Parent Relationship": "InitPlan","Subplan Name": "InitPlan 1 (returns $1)","Parallel Aware": false,"Async Capable": false,"Startup Cost": 6230.83,"Total Cost": 6230.84,"Plan Rows": 1,"Plan Width": 32,"Actual Startup Time": 62.624,"Actual Total Time": 62.898,"Actual Rows": 1,"Actual Loops": 1,"Plans": [{"Node Type": "Gather","Parent Relationship": "Outer","Parallel Aware": false,"Async Capable": false,"Startup Cost": 6230.61,"Total Cost": 6230.82,"Plan Rows": 2,"Plan Width": 32,"Actual Startup Time": 62.545,"Actual Total Time": 62.880,"Actual Rows": 3,"Actual Loops": 1,"Workers Planned": 2,"Workers Launched": 2,"Single Copy": false,"Plans": [{"Node Type": "Aggregate","Strategy": "Plain","Partial Mode": "Partial","Parent Relationship": "Outer","Parallel Aware": false,"Async Capable": false,"Startup Cost": 5230.61,"Total Cost": 5230.62,"Plan Rows": 1,"Plan Width": 32,"Actual Startup Time": 56.204,"Actual Total Time": 56.208,"Actual Rows": 1,"Actual Loops": 3,"Workers": [],"Plans": [{"Node Type": "Seq Scan","Parent Relationship": "Outer","Parallel Aware": true,"Async Capable": false,"Relation Name": "customer","Alias": "customer_1","Startup Cost": 0.00,"Total Cost": 5225.62,"Plan Rows": 1994,"Plan Width": 6,"Actual Startup Time": 0.054,"Actual Total Time": 55.144,"Actual Rows": 12783,"Actual Loops": 3,"Filter": "((c_acctbal > 0.00) AND (SUBSTRING(c_phone FROM 1 FOR 2) = ANY ('{26,25,32,19,18,21,34}'::text[])))","Rows Removed by Filter": 37217,"Workers": []}]}]}]},{"Node Type": "Gather Merge","Parent Relationship": "Outer","Parallel Aware": false,"Async Capable": false,"Startup Cost": 6741.22,"Total Cost": 6821.30,"Plan Rows": 620,"Plan Width": 72,"Actual Startup Time": 134.813,"Actual Total Time": 138.599,"Actual Rows": 21,"Actual Loops": 1,"Workers Planned": 2,"Params Evaluated": ["$1"],"Workers Launched": 2,"Plans": [{"Node Type": "Aggregate","Strategy": "Sorted","Partial Mode": "Partial","Parent Relationship": "Outer","Parallel Aware": false,"Async Capable": false,"Startup Cost": 5741.19,"Total Cost": 5749.72,"Plan Rows": 310,"Plan Width": 72,"Actual Startup Time": 65.307,"Actual Total Time": 65.614,"Actual Rows": 7,"Actual Loops": 3,"Group Key": ["(SUBSTRING(customer.c_phone FROM 1 FOR 2))"],"Workers": [],"Plans": [{"Node Type": "Sort","Parent Relationship": "Outer","Parallel Aware": false,"Async Capable": false,"Startup Cost": 5741.19,"Total Cost": 5741.97,"Plan Rows": 310,"Plan Width": 38,"Actual Startup Time": 65.225,"Actual Total Time": 65.310,"Actual Rows": 2154,"Actual Loops": 3,"Sort Key": ["(SUBSTRING(customer.c_phone FROM 1 FOR 2))"],"Sort Method": "quicksort","Sort Space Used": 231,"Sort Space Type": "Memory","Workers": [{"Worker Number": 0,"Sort Method": "quicksort","Sort Space Used": 158,"Sort Space Type": "Memory"},{"Worker Number": 1,"Sort Method": "quicksort","Sort Space Used": 157,"Sort Space Type": "Memory"}],"Plans": [{"Node Type": "Nested Loop","Parent Relationship": "Outer","Parallel Aware": false,"Async Capable": false,"Join Type": "Anti","Startup Cost": 0.43,"Total Cost": 5728.36,"Plan Rows": 310,"Plan Width": 38,"Actual Startup Time": 0.159,"Actual Total Time": 64.431,"Actual Rows": 2154,"Actual Loops": 3,"Inner Unique": false,"Workers": [],"Plans": [{"Node Type": "Seq Scan","Parent Relationship": "Outer","Parallel Aware": true,"Async Capable": false,"Relation Name": "customer","Alias": "customer","Startup Cost": 0.00,"Total Cost": 5225.62,"Plan Rows": 729,"Plan Width": 26,"Actual Startup Time": 0.040,"Actual Total Time": 43.535,"Actual Rows": 6413,"Actual Loops": 3,"Filter": "((c_acctbal > $1) AND (SUBSTRING(c_phone FROM 1 FOR 2) = ANY ('{26,25,32,19,18,21,34}'::text[])))","Rows Removed by Filter": 43587,"Workers": []},{"Node Type": "Index Only Scan","Parent Relationship": "Inner","Parallel Aware": false,"Async Capable": false,"Scan Direction": "Forward","Index Name": "idx_orders_custkey","Relation Name": "orders","Alias": "orders","Startup Cost": 0.43,"Total Cost": 3.28,"Plan Rows": 17,"Plan Width": 4,"Actual Startup Time": 0.003,"Actual Total Time": 0.003,"Actual Rows": 1,"Actual Loops": 19238,"Index Cond": "(o_custkey = customer.c_custkey)","Rows Removed by Index Recheck": 0,"Heap Fetches": 0,"Workers": []}]}]}]}]}]},"Planning Time": 4.156,"Triggers": [],"Execution Time": 139.389}]
[{"Plan": {"Node Type": "Aggregate","Strategy": "Sorted","Partial Mode": "Finalize","Parallel Aware": false,"Async Capable": false,"Startup Cost": 12972.06,"Total Cost": 13071.37,"Plan Rows": 744,"Plan Width": 72,"Actual Startup Time": 134.652,"Actual Total Time": 140.321,"Actual Rows": 7,"Actual Loops": 1,"Group Key": ["(SUBSTRING(customer.c_phone FROM 1 FOR 2))"],"Plans": [{"Node Type": "Aggregate","Strategy": "Plain","Partial Mode": "Finalize","Parent Relationship": "InitPlan","Subplan Name": "InitPlan 1 (returns $1)","Parallel Aware": false,"Async Capable": false,"Startup Cost": 6230.83,"Total Cost": 6230.84,"Plan Rows": 1,"Plan Width": 32,"Actual Startup Time": 61.130,"Actual Total Time": 61.328,"Actual Rows": 1,"Actual Loops": 1,"Plans": [{"Node Type": "Gather","Parent Relationship": "Outer","Parallel Aware": false,"Async Capable": false,"Startup Cost": 6230.61,"Total Cost": 6230.82,"Plan Rows": 2,"Plan Width": 32,"Actual Startup Time": 61.015,"Actual Total Time": 61.308,"Actual Rows": 3,"Actual Loops": 1,"Workers Planned": 2,"Workers Launched": 2,"Single Copy": false,"Plans": [{"Node Type": "Aggregate","Strategy": "Plain","Partial Mode": "Partial","Parent Relationship": "Outer","Parallel Aware": false,"Async Capable": false,"Startup Cost": 5230.61,"Total Cost": 5230.62,"Plan Rows": 1,"Plan Width": 32,"Actual Startup Time": 55.123,"Actual Total Time": 55.125,"Actual Rows": 1,"Actual Loops": 3,"Workers": [],"Plans": [{"Node Type": "Seq Scan","Parent Relationship": "Outer","Parallel Aware": true,"Async Capable": false,"Relation Name": "customer","Alias": "customer_1","Startup Cost": 0.00,"Total Cost": 5225.62,"Plan Rows": 1994,"Plan Width": 6,"Actual Startup Time": 0.051,"Actual Total Time": 54.020,"Actual Rows": 12830,"Actual Loops": 3,"Filter": "((c_acctbal > 0.00) AND (SUBSTRING(c_phone FROM 1 FOR 2) = ANY ('{28,19,29,23,14,12,34}'::text[])))","Rows Removed by Filter": 37170,"Workers": []}]}]}]},{"Node Type": "Gather Merge","Parent Relationship": "Outer","Parallel Aware": false,"Async Capable": false,"Startup Cost": 6741.22,"Total Cost": 6821.30,"Plan Rows": 620,"Plan Width": 72,"Actual Startup Time": 134.544,"Actual Total Time": 140.076,"Actual Rows": 21,"Actual Loops": 1,"Workers Planned": 2,"Params Evaluated": ["$1"],"Workers Launched": 2,"Plans": [{"Node Type": "Aggregate","Strategy": "Sorted","Partial Mode": "Partial","Parent Relationship": "Outer","Parallel Aware": false,"Async Capable": false,"Startup Cost": 5741.19,"Total Cost": 5749.72,"Plan Rows": 310,"Plan Width": 72,"Actual Startup Time": 65.743,"Actual Total Time": 66.239,"Actual Rows": 7,"Actual Loops": 3,"Group Key": ["(SUBSTRING(customer.c_phone FROM 1 FOR 2))"],"Workers": [],"Plans": [{"Node Type": "Sort","Parent Relationship": "Outer","Parallel Aware": false,"Async Capable": false,"Startup Cost": 5741.19,"Total Cost": 5741.97,"Plan Rows": 310,"Plan Width": 38,"Actual Startup Time": 65.636,"Actual Total Time": 65.768,"Actual Rows": 2159,"Actual Loops": 3,"Sort Key": ["(SUBSTRING(customer.c_phone FROM 1 FOR 2))"],"Sort Method": "quicksort","Sort Space Used": 234,"Sort Space Type": "Memory","Workers": [{"Worker Number": 0,"Sort Method": "quicksort","Sort Space Used": 158,"Sort Space Type": "Memory"},{"Worker Number": 1,"Sort Method": "quicksort","Sort Space Used": 155,"Sort Space Type": "Memory"}],"Plans": [{"Node Type": "Nested Loop","Parent Relationship": "Outer","Parallel Aware": false,"Async Capable": false,"Join Type": "Anti","Startup Cost": 0.43,"Total Cost": 5728.36,"Plan Rows": 310,"Plan Width": 38,"Actual Startup Time": 0.120,"Actual Total Time": 64.694,"Actual Rows": 2159,"Actual Loops": 3,"Inner Unique": false,"Workers": [],"Plans": [{"Node Type": "Seq Scan","Parent Relationship": "Outer","Parallel Aware": true,"Async Capable": false,"Relation Name": "customer","Alias": "customer","Startup Cost": 0.00,"Total Cost": 5225.62,"Plan Rows": 729,"Plan Width": 26,"Actual Startup Time": 0.030,"Actual Total Time": 43.565,"Actual Rows": 6410,"Actual Loops": 3,"Filter": "((c_acctbal > $1) AND (SUBSTRING(c_phone FROM 1 FOR 2) = ANY ('{28,19,29,23,14,12,34}'::text[])))","Rows Removed by Filter": 43590,"Workers": []},{"Node Type": "Index Only Scan","Parent Relationship": "Inner","Parallel Aware": false,"Async Capable": false,"Scan Direction": "Forward","Index Name": "idx_orders_custkey","Relation Name": "orders","Alias": "orders","Startup Cost": 0.43,"Total Cost": 3.28,"Plan Rows": 17,"Plan Width": 4,"Actual Startup Time": 0.003,"Actual Total Time": 0.003,"Actual Rows": 1,"Actual Loops": 19230,"Index Cond": "(o_custkey = customer.c_custkey)","Rows Removed by Index Recheck": 0,"Heap Fetches": 0,"Workers": []}]}]}]}]}]},"Planning Time": 4.157,"Triggers": [],"Execution Time": 140.695}]
[{"Plan": {"Node Type": "Aggregate","Strategy": "Sorted","Partial Mode": "Finalize","Parallel Aware": false,"Async Capable": false,"Startup Cost": 12972.06,"Total Cost": 13071.37,"Plan Rows": 744,"Plan Width": 72,"Actual Startup Time": 136.318,"Actual Total Time": 139.920,"Actual Rows": 7,"Actual Loops": 1,"Group Key": ["(SUBSTRING(customer.c_phone FROM 1 FOR 2))"],"Plans": [{"Node Type": "Aggregate","Strategy": "Plain","Partial Mode": "Finalize","Parent Relationship": "InitPlan","Subplan Name": "InitPlan 1 (returns $1)","Parallel Aware": false,"Async Capable": false,"Startup Cost": 6230.83,"Total Cost": 6230.84,"Plan Rows": 1,"Plan Width": 32,"Actual Startup Time": 59.961,"Actual Total Time": 60.179,"Actual Rows": 1,"Actual Loops": 1,"Plans": [{"Node Type": "Gather","Parent Relationship": "Outer","Parallel Aware": false,"Async Capable": false,"Startup Cost": 6230.61,"Total Cost": 6230.82,"Plan Rows": 2,"Plan Width": 32,"Actual Startup Time": 59.834,"Actual Total Time": 60.152,"Actual Rows": 3,"Actual Loops": 1,"Workers Planned": 2,"Workers Launched": 2,"Single Copy": false,"Plans": [{"Node Type": "Aggregate","Strategy": "Plain","Partial Mode": "Partial","Parent Relationship": "Outer","Parallel Aware": false,"Async Capable": false,"Startup Cost": 5230.61,"Total Cost": 5230.62,"Plan Rows": 1,"Plan Width": 32,"Actual Startup Time": 54.067,"Actual Total Time": 54.069,"Actual Rows": 1,"Actual Loops": 3,"Workers": [],"Plans": [{"Node Type": "Seq Scan","Parent Relationship": "Outer","Parallel Aware": true,"Async Capable": false,"Relation Name": "customer","Alias": "customer_1","Startup Cost": 0.00,"Total Cost": 5225.62,"Plan Rows": 1994,"Plan Width": 6,"Actual Startup Time": 0.059,"Actual Total Time": 53.002,"Actual Rows": 12698,"Actual Loops": 3,"Filter": "((c_acctbal > 0.00) AND (SUBSTRING(c_phone FROM 1 FOR 2) = ANY ('{26,20,19,25,15,22,11}'::text[])))","Rows Removed by Filter": 37302,"Workers": []}]}]}]},{"Node Type": "Gather Merge","Parent Relationship": "Outer","Parallel Aware": false,"Async Capable": false,"Startup Cost": 6741.22,"Total Cost": 6821.30,"Plan Rows": 620,"Plan Width": 72,"Actual Startup Time": 136.198,"Actual Total Time": 139.654,"Actual Rows": 21,"Actual Loops": 1,"Workers Planned": 2,"Params Evaluated": ["$1"],"Workers Launched": 2,"Plans": [{"Node Type": "Aggregate","Strategy": "Sorted","Partial Mode": "Partial","Parent Relationship": "Outer","Parallel Aware": false,"Async Capable": false,"Startup Cost": 5741.19,"Total Cost": 5749.72,"Plan Rows": 310,"Plan Width": 72,"Actual Startup Time": 69.541,"Actual Total Time": 69.845,"Actual Rows": 7,"Actual Loops": 3,"Group Key": ["(SUBSTRING(customer.c_phone FROM 1 FOR 2))"],"Workers": [],"Plans": [{"Node Type": "Sort","Parent Relationship": "Outer","Parallel Aware": false,"Async Capable": false,"Startup Cost": 5741.19,"Total Cost": 5741.97,"Plan Rows": 310,"Plan Width": 38,"Actual Startup Time": 69.470,"Actual Total Time": 69.557,"Actual Rows": 2098,"Actual Loops": 3,"Sort Key": ["(SUBSTRING(customer.c_phone FROM 1 FOR 2))"],"Sort Method": "quicksort","Sort Space Used": 234,"Sort Space Type": "Memory","Workers": [{"Worker Number": 0,"Sort Method": "quicksort","Sort Space Used": 154,"Sort Space Type": "Memory"},{"Worker Number": 1,"Sort Method": "quicksort","Sort Space Used": 149,"Sort Space Type": "Memory"}],"Plans": [{"Node Type": "Nested Loop","Parent Relationship": "Outer","Parallel Aware": false,"Async Capable": false,"Join Type": "Anti","Startup Cost": 0.43,"Total Cost": 5728.36,"Plan Rows": 310,"Plan Width": 38,"Actual Startup Time": 0.182,"Actual Total Time": 68.697,"Actual Rows": 2098,"Actual Loops": 3,"Inner Unique": false,"Workers": [],"Plans": [{"Node Type": "Seq Scan","Parent Relationship": "Outer","Parallel Aware": true,"Async Capable": false,"Relation Name": "customer","Alias": "customer","Startup Cost": 0.00,"Total Cost": 5225.62,"Plan Rows": 729,"Plan Width": 26,"Actual Startup Time": 0.042,"Actual Total Time": 45.285,"Actual Rows": 6349,"Actual Loops": 3,"Filter": "((c_acctbal > $1) AND (SUBSTRING(c_phone FROM 1 FOR 2) = ANY ('{26,20,19,25,15,22,11}'::text[])))","Rows Removed by Filter": 43651,"Workers": []},{"Node Type": "Index Only Scan","Parent Relationship": "Inner","Parallel Aware": false,"Async Capable": false,"Scan Direction": "Forward","Index Name": "idx_orders_custkey","Relation Name": "orders","Alias": "orders","Startup Cost": 0.43,"Total Cost": 3.28,"Plan Rows": 17,"Plan Width": 4,"Actual Startup Time": 0.003,"Actual Total Time": 0.003,"Actual Rows": 1,"Actual Loops": 19048,"Index Cond": "(o_custkey = customer.c_custkey)","Rows Removed by Index Recheck": 0,"Heap Fetches": 0,"Workers": []}]}]}]}]}]},"Planning Time": 4.381,"Triggers": [],"Execution Time": 140.290}]
[{"Plan": {"Node Type": "Aggregate","Strategy": "Sorted","Partial Mode": "Finalize","Parallel Aware": false,"Async Capable": false,"Startup Cost": 12972.06,"Total Cost": 13071.37,"Plan Rows": 744,"Plan Width": 72,"Actual Startup Time": 140.517,"Actual Total Time": 144.088,"Actual Rows": 7,"Actual Loops": 1,"Group Key": ["(SUBSTRING(customer.c_phone FROM 1 FOR 2))"],"Plans": [{"Node Type": "Aggregate","Strategy": "Plain","Partial Mode": "Finalize","Parent Relationship": "InitPlan","Subplan Name": "InitPlan 1 (returns $1)","Parallel Aware": false,"Async Capable": false,"Startup Cost": 6230.83,"Total Cost": 6230.84,"Plan Rows": 1,"Plan Width": 32,"Actual Startup Time": 61.908,"Actual Total Time": 62.063,"Actual Rows": 1,"Actual Loops": 1,"Plans": [{"Node Type": "Gather","Parent Relationship": "Outer","Parallel Aware": false,"Async Capable": false,"Startup Cost": 6230.61,"Total Cost": 6230.82,"Plan Rows": 2,"Plan Width": 32,"Actual Startup Time": 61.823,"Actual Total Time": 62.038,"Actual Rows": 3,"Actual Loops": 1,"Workers Planned": 2,"Workers Launched": 2,"Single Copy": false,"Plans": [{"Node Type": "Aggregate","Strategy": "Plain","Partial Mode": "Partial","Parent Relationship": "Outer","Parallel Aware": false,"Async Capable": false,"Startup Cost": 5230.61,"Total Cost": 5230.62,"Plan Rows": 1,"Plan Width": 32,"Actual Startup Time": 55.787,"Actual Total Time": 55.789,"Actual Rows": 1,"Actual Loops": 3,"Workers": [],"Plans": [{"Node Type": "Seq Scan","Parent Relationship": "Outer","Parallel Aware": true,"Async Capable": false,"Relation Name": "customer","Alias": "customer_1","Startup Cost": 0.00,"Total Cost": 5225.62,"Plan Rows": 1994,"Plan Width": 6,"Actual Startup Time": 0.055,"Actual Total Time": 54.680,"Actual Rows": 12721,"Actual Loops": 3,"Filter": "((c_acctbal > 0.00) AND (SUBSTRING(c_phone FROM 1 FOR 2) = ANY ('{10,19,29,25,27,14,15}'::text[])))","Rows Removed by Filter": 37279,"Workers": []}]}]}]},{"Node Type": "Gather Merge","Parent Relationship": "Outer","Parallel Aware": false,"Async Capable": false,"Startup Cost": 6741.22,"Total Cost": 6821.30,"Plan Rows": 620,"Plan Width": 72,"Actual Startup Time": 140.365,"Actual Total Time": 143.867,"Actual Rows": 21,"Actual Loops": 1,"Workers Planned": 2,"Params Evaluated": ["$1"],"Workers Launched": 2,"Plans": [{"Node Type": "Aggregate","Strategy": "Sorted","Partial Mode": "Partial","Parent Relationship": "Outer","Parallel Aware": false,"Async Capable": false,"Startup Cost": 5741.19,"Total Cost": 5749.72,"Plan Rows": 310,"Plan Width": 72,"Actual Startup Time": 71.480,"Actual Total Time": 71.785,"Actual Rows": 7,"Actual Loops": 3,"Group Key": ["(SUBSTRING(customer.c_phone FROM 1 FOR 2))"],"Workers": [],"Plans": [{"Node Type": "Sort","Parent Relationship": "Outer","Parallel Aware": false,"Async Capable": false,"Startup Cost": 5741.19,"Total Cost": 5741.97,"Plan Rows": 310,"Plan Width": 38,"Actual Startup Time": 71.412,"Actual Total Time": 71.493,"Actual Rows": 2131,"Actual Loops": 3,"Sort Key": ["(SUBSTRING(customer.c_phone FROM 1 FOR 2))"],"Sort Method": "quicksort","Sort Space Used": 235,"Sort Space Type": "Memory","Workers": [{"Worker Number": 0,"Sort Method": "quicksort","Sort Space Used": 158,"Sort Space Type": "Memory"},{"Worker Number": 1,"Sort Method": "quicksort","Sort Space Used": 150,"Sort Space Type": "Memory"}],"Plans": [{"Node Type": "Nested Loop","Parent Relationship": "Outer","Parallel Aware": false,"Async Capable": false,"Join Type": "Anti","Startup Cost": 0.43,"Total Cost": 5728.36,"Plan Rows": 310,"Plan Width": 38,"Actual Startup Time": 0.284,"Actual Total Time": 70.598,"Actual Rows": 2131,"Actual Loops": 3,"Inner Unique": false,"Workers": [],"Plans": [{"Node Type": "Seq Scan","Parent Relationship": "Outer","Parallel Aware": true,"Async Capable": false,"Relation Name": "customer","Alias": "customer","Startup Cost": 0.00,"Total Cost": 5225.62,"Plan Rows": 729,"Plan Width": 26,"Actual Startup Time": 0.049,"Actual Total Time": 46.715,"Actual Rows": 6341,"Actual Loops": 3,"Filter": "((c_acctbal > $1) AND (SUBSTRING(c_phone FROM 1 FOR 2) = ANY ('{10,19,29,25,27,14,15}'::text[])))","Rows Removed by Filter": 43659,"Workers": []},{"Node Type": "Index Only Scan","Parent Relationship": "Inner","Parallel Aware": false,"Async Capable": false,"Scan Direction": "Forward","Index Name": "idx_orders_custkey","Relation Name": "orders","Alias": "orders","Startup Cost": 0.43,"Total Cost": 3.28,"Plan Rows": 17,"Plan Width": 4,"Actual Startup Time": 0.003,"Actual Total Time": 0.003,"Actual Rows": 1,"Actual Loops": 19022,"Index Cond": "(o_custkey = customer.c_custkey)","Rows Removed by Index Recheck": 0,"Heap Fetches": 0,"Workers": []}]}]}]}]}]},"Planning Time": 4.531,"Triggers": [],"Execution Time": 144.503}]
[{"Plan": {"Node Type": "Aggregate","Strategy": "Sorted","Partial Mode": "Finalize","Parallel Aware": false,"Async Capable": false,"Startup Cost": 12972.06,"Total Cost": 13071.37,"Plan Rows": 744,"Plan Width": 72,"Actual Startup Time": 131.971,"Actual Total Time": 136.989,"Actual Rows": 7,"Actual Loops": 1,"Group Key": ["(SUBSTRING(customer.c_phone FROM 1 FOR 2))"],"Plans": [{"Node Type": "Aggregate","Strategy": "Plain","Partial Mode": "Finalize","Parent Relationship": "InitPlan","Subplan Name": "InitPlan 1 (returns $1)","Parallel Aware": false,"Async Capable": false,"Startup Cost": 6230.83,"Total Cost": 6230.84,"Plan Rows": 1,"Plan Width": 32,"Actual Startup Time": 60.310,"Actual Total Time": 60.492,"Actual Rows": 1,"Actual Loops": 1,"Plans": [{"Node Type": "Gather","Parent Relationship": "Outer","Parallel Aware": false,"Async Capable": false,"Startup Cost": 6230.61,"Total Cost": 6230.82,"Plan Rows": 2,"Plan Width": 32,"Actual Startup Time": 60.189,"Actual Total Time": 60.471,"Actual Rows": 3,"Actual Loops": 1,"Workers Planned": 2,"Workers Launched": 2,"Single Copy": false,"Plans": [{"Node Type": "Aggregate","Strategy": "Plain","Partial Mode": "Partial","Parent Relationship": "Outer","Parallel Aware": false,"Async Capable": false,"Startup Cost": 5230.61,"Total Cost": 5230.62,"Plan Rows": 1,"Plan Width": 32,"Actual Startup Time": 54.148,"Actual Total Time": 54.151,"Actual Rows": 1,"Actual Loops": 3,"Workers": [],"Plans": [{"Node Type": "Seq Scan","Parent Relationship": "Outer","Parallel Aware": true,"Async Capable": false,"Relation Name": "customer","Alias": "customer_1","Startup Cost": 0.00,"Total Cost": 5225.62,"Plan Rows": 1994,"Plan Width": 6,"Actual Startup Time": 0.054,"Actual Total Time": 53.068,"Actual Rows": 12739,"Actual Loops": 3,"Filter": "((c_acctbal > 0.00) AND (SUBSTRING(c_phone FROM 1 FOR 2) = ANY ('{28,18,32,22,13,14,25}'::text[])))","Rows Removed by Filter": 37261,"Workers": []}]}]}]},{"Node Type": "Gather Merge","Parent Relationship": "Outer","Parallel Aware": false,"Async Capable": false,"Startup Cost": 6741.22,"Total Cost": 6821.30,"Plan Rows": 620,"Plan Width": 72,"Actual Startup Time": 131.874,"Actual Total Time": 136.756,"Actual Rows": 21,"Actual Loops": 1,"Workers Planned": 2,"Params Evaluated": ["$1"],"Workers Launched": 2,"Plans": [{"Node Type": "Aggregate","Strategy": "Sorted","Partial Mode": "Partial","Parent Relationship": "Outer","Parallel Aware": false,"Async Capable": false,"Startup Cost": 5741.19,"Total Cost": 5749.72,"Plan Rows": 310,"Plan Width": 72,"Actual Startup Time": 64.270,"Actual Total Time": 64.582,"Actual Rows": 7,"Actual Loops": 3,"Group Key": ["(SUBSTRING(customer.c_phone FROM 1 FOR 2))"],"Workers": [],"Plans": [{"Node Type": "Sort","Parent Relationship": "Outer","Parallel Aware": false,"Async Capable": false,"Startup Cost": 5741.19,"Total Cost": 5741.97,"Plan Rows": 310,"Plan Width": 38,"Actual Startup Time": 64.197,"Actual Total Time": 64.279,"Actual Rows": 2135,"Actual Loops": 3,"Sort Key": ["(SUBSTRING(customer.c_phone FROM 1 FOR 2))"],"Sort Method": "quicksort","Sort Space Used": 229,"Sort Space Type": "Memory","Workers": [{"Worker Number": 0,"Sort Method": "quicksort","Sort Space Used": 153,"Sort Space Type": "Memory"},{"Worker Number": 1,"Sort Method": "quicksort","Sort Space Used": 209,"Sort Space Type": "Memory"}],"Plans": [{"Node Type": "Nested Loop","Parent Relationship": "Outer","Parallel Aware": false,"Async Capable": false,"Join Type": "Anti","Startup Cost": 0.43,"Total Cost": 5728.36,"Plan Rows": 310,"Plan Width": 38,"Actual Startup Time": 0.161,"Actual Total Time": 63.353,"Actual Rows": 2135,"Actual Loops": 3,"Inner Unique": false,"Workers": [],"Plans": [{"Node Type": "Seq Scan","Parent Relationship": "Outer","Parallel Aware": true,"Async Capable": false,"Relation Name": "customer","Alias": "customer","Startup Cost": 0.00,"Total Cost": 5225.62,"Plan Rows": 729,"Plan Width": 26,"Actual Startup Time": 0.029,"Actual Total Time": 41.613,"Actual Rows": 6359,"Actual Loops": 3,"Filter": "((c_acctbal > $1) AND (SUBSTRING(c_phone FROM 1 FOR 2) = ANY ('{28,18,32,22,13,14,25}'::text[])))","Rows Removed by Filter": 43641,"Workers": []},{"Node Type": "Index Only Scan","Parent Relationship": "Inner","Parallel Aware": false,"Async Capable": false,"Scan Direction": "Forward","Index Name": "idx_orders_custkey","Relation Name": "orders","Alias": "orders","Startup Cost": 0.43,"Total Cost": 3.28,"Plan Rows": 17,"Plan Width": 4,"Actual Startup Time": 0.003,"Actual Total Time": 0.003,"Actual Rows": 1,"Actual Loops": 19076,"Index Cond": "(o_custkey = customer.c_custkey)","Rows Removed by Index Recheck": 0,"Heap Fetches": 0,"Workers": []}]}]}]}]}]},"Planning Time": 4.773,"Triggers": [],"Execution Time": 137.431}]
[{"Plan": {"Node Type": "Aggregate","Strategy": "Sorted","Partial Mode": "Finalize","Parallel Aware": false,"Async Capable": false,"Startup Cost": 12972.06,"Total Cost": 13071.37,"Plan Rows": 744,"Plan Width": 72,"Actual Startup Time": 137.522,"Actual Total Time": 141.037,"Actual Rows": 7,"Actual Loops": 1,"Group Key": ["(SUBSTRING(customer.c_phone FROM 1 FOR 2))"],"Plans": [{"Node Type": "Aggregate","Strategy": "Plain","Partial Mode": "Finalize","Parent Relationship": "InitPlan","Subplan Name": "InitPlan 1 (returns $1)","Parallel Aware": false,"Async Capable": false,"Startup Cost": 6230.83,"Total Cost": 6230.84,"Plan Rows": 1,"Plan Width": 32,"Actual Startup Time": 59.429,"Actual Total Time": 59.585,"Actual Rows": 1,"Actual Loops": 1,"Plans": [{"Node Type": "Gather","Parent Relationship": "Outer","Parallel Aware": false,"Async Capable": false,"Startup Cost": 6230.61,"Total Cost": 6230.82,"Plan Rows": 2,"Plan Width": 32,"Actual Startup Time": 59.332,"Actual Total Time": 59.567,"Actual Rows": 3,"Actual Loops": 1,"Workers Planned": 2,"Workers Launched": 2,"Single Copy": false,"Plans": [{"Node Type": "Aggregate","Strategy": "Plain","Partial Mode": "Partial","Parent Relationship": "Outer","Parallel Aware": false,"Async Capable": false,"Startup Cost": 5230.61,"Total Cost": 5230.62,"Plan Rows": 1,"Plan Width": 32,"Actual Startup Time": 53.265,"Actual Total Time": 53.267,"Actual Rows": 1,"Actual Loops": 3,"Workers": [],"Plans": [{"Node Type": "Seq Scan","Parent Relationship": "Outer","Parallel Aware": true,"Async Capable": false,"Relation Name": "customer","Alias": "customer_1","Startup Cost": 0.00,"Total Cost": 5225.62,"Plan Rows": 1994,"Plan Width": 6,"Actual Startup Time": 0.065,"Actual Total Time": 52.179,"Actual Rows": 12761,"Actual Loops": 3,"Filter": "((c_acctbal > 0.00) AND (SUBSTRING(c_phone FROM 1 FOR 2) = ANY ('{19,18,30,20,33,24,27}'::text[])))","Rows Removed by Filter": 37239,"Workers": []}]}]}]},{"Node Type": "Gather Merge","Parent Relationship": "Outer","Parallel Aware": false,"Async Capable": false,"Startup Cost": 6741.22,"Total Cost": 6821.30,"Plan Rows": 620,"Plan Width": 72,"Actual Startup Time": 137.397,"Actual Total Time": 140.832,"Actual Rows": 21,"Actual Loops": 1,"Workers Planned": 2,"Params Evaluated": ["$1"],"Workers Launched": 2,"Plans": [{"Node Type": "Aggregate","Strategy": "Sorted","Partial Mode": "Partial","Parent Relationship": "Outer","Parallel Aware": false,"Async Capable": false,"Startup Cost": 5741.19,"Total Cost": 5749.72,"Plan Rows": 310,"Plan Width": 72,"Actual Startup Time": 71.101,"Actual Total Time": 71.406,"Actual Rows": 7,"Actual Loops": 3,"Group Key": ["(SUBSTRING(customer.c_phone FROM 1 FOR 2))"],"Workers": [],"Plans": [{"Node Type": "Sort","Parent Relationship": "Outer","Parallel Aware": false,"Async Capable": false,"Startup Cost": 5741.19,"Total Cost": 5741.97,"Plan Rows": 310,"Plan Width": 38,"Actual Startup Time": 71.029,"Actual Total Time": 71.115,"Actual Rows": 2163,"Actual Loops": 3,"Sort Key": ["(SUBSTRING(customer.c_phone FROM 1 FOR 2))"],"Sort Method": "quicksort","Sort Space Used": 239,"Sort Space Type": "Memory","Workers": [{"Worker Number": 0,"Sort Method": "quicksort","Sort Space Used": 150,"Sort Space Type": "Memory"},{"Worker Number": 1,"Sort Method": "quicksort","Sort Space Used": 159,"Sort Space Type": "Memory"}],"Plans": [{"Node Type": "Nested Loop","Parent Relationship": "Outer","Parallel Aware": false,"Async Capable": false,"Join Type": "Anti","Startup Cost": 0.43,"Total Cost": 5728.36,"Plan Rows": 310,"Plan Width": 38,"Actual Startup Time": 0.172,"Actual Total Time": 70.217,"Actual Rows": 2163,"Actual Loops": 3,"Inner Unique": false,"Workers": [],"Plans": [{"Node Type": "Seq Scan","Parent Relationship": "Outer","Parallel Aware": true,"Async Capable": false,"Relation Name": "customer","Alias": "customer","Startup Cost": 0.00,"Total Cost": 5225.62,"Plan Rows": 729,"Plan Width": 26,"Actual Startup Time": 0.043,"Actual Total Time": 45.916,"Actual Rows": 6378,"Actual Loops": 3,"Filter": "((c_acctbal > $1) AND (SUBSTRING(c_phone FROM 1 FOR 2) = ANY ('{19,18,30,20,33,24,27}'::text[])))","Rows Removed by Filter": 43622,"Workers": []},{"Node Type": "Index Only Scan","Parent Relationship": "Inner","Parallel Aware": false,"Async Capable": false,"Scan Direction": "Forward","Index Name": "idx_orders_custkey","Relation Name": "orders","Alias": "orders","Startup Cost": 0.43,"Total Cost": 3.28,"Plan Rows": 17,"Plan Width": 4,"Actual Startup Time": 0.003,"Actual Total Time": 0.003,"Actual Rows": 1,"Actual Loops": 19135,"Index Cond": "(o_custkey = customer.c_custkey)","Rows Removed by Index Recheck": 0,"Heap Fetches": 0,"Workers": []}]}]}]}]}]},"Planning Time": 3.852,"Triggers": [],"Execution Time": 141.344}]
[{"Plan": {"Node Type": "Aggregate","Strategy": "Sorted","Partial Mode": "Finalize","Parallel Aware": false,"Async Capable": false,"Startup Cost": 12972.06,"Total Cost": 13071.37,"Plan Rows": 744,"Plan Width": 72,"Actual Startup Time": 131.082,"Actual Total Time": 135.626,"Actual Rows": 7,"Actual Loops": 1,"Group Key": ["(SUBSTRING(customer.c_phone FROM 1 FOR 2))"],"Plans": [{"Node Type": "Aggregate","Strategy": "Plain","Partial Mode": "Finalize","Parent Relationship": "InitPlan","Subplan Name": "InitPlan 1 (returns $1)","Parallel Aware": false,"Async Capable": false,"Startup Cost": 6230.83,"Total Cost": 6230.84,"Plan Rows": 1,"Plan Width": 32,"Actual Startup Time": 60.867,"Actual Total Time": 61.048,"Actual Rows": 1,"Actual Loops": 1,"Plans": [{"Node Type": "Gather","Parent Relationship": "Outer","Parallel Aware": false,"Async Capable": false,"Startup Cost": 6230.61,"Total Cost": 6230.82,"Plan Rows": 2,"Plan Width": 32,"Actual Startup Time": 60.734,"Actual Total Time": 61.032,"Actual Rows": 3,"Actual Loops": 1,"Workers Planned": 2,"Workers Launched": 2,"Single Copy": false,"Plans": [{"Node Type": "Aggregate","Strategy": "Plain","Partial Mode": "Partial","Parent Relationship": "Outer","Parallel Aware": false,"Async Capable": false,"Startup Cost": 5230.61,"Total Cost": 5230.62,"Plan Rows": 1,"Plan Width": 32,"Actual Startup Time": 54.507,"Actual Total Time": 54.508,"Actual Rows": 1,"Actual Loops": 3,"Workers": [],"Plans": [{"Node Type": "Seq Scan","Parent Relationship": "Outer","Parallel Aware": true,"Async Capable": false,"Relation Name": "customer","Alias": "customer_1","Startup Cost": 0.00,"Total Cost": 5225.62,"Plan Rows": 1994,"Plan Width": 6,"Actual Startup Time": 0.057,"Actual Total Time": 53.438,"Actual Rows": 12681,"Actual Loops": 3,"Filter": "((c_acctbal > 0.00) AND (SUBSTRING(c_phone FROM 1 FOR 2) = ANY ('{32,21,25,28,30,27,34}'::text[])))","Rows Removed by Filter": 37319,"Workers": []}]}]}]},{"Node Type": "Gather Merge","Parent Relationship": "Outer","Parallel Aware": false,"Async Capable": false,"Startup Cost": 6741.22,"Total Cost": 6821.30,"Plan Rows": 620,"Plan Width": 72,"Actual Startup Time": 130.992,"Actual Total Time": 135.398,"Actual Rows": 21,"Actual Loops": 1,"Workers Planned": 2,"Params Evaluated": ["$1"],"Workers Launched": 2,"Plans": [{"Node Type": "Aggregate","Strategy": "Sorted","Partial Mode": "Partial","Parent Relationship": "Outer","Parallel Aware": false,"Async Capable": false,"Startup Cost": 5741.19,"Total Cost": 5749.72,"Plan Rows": 310,"Plan Width": 72,"Actual Startup Time": 62.868,"Actual Total Time": 63.174,"Actual Rows": 7,"Actual Loops": 3,"Group Key": ["(SUBSTRING(customer.c_phone FROM 1 FOR 2))"],"Workers": [],"Plans": [{"Node Type": "Sort","Parent Relationship": "Outer","Parallel Aware": false,"Async Capable": false,"Startup Cost": 5741.19,"Total Cost": 5741.97,"Plan Rows": 310,"Plan Width": 38,"Actual Startup Time": 62.789,"Actual Total Time": 62.882,"Actual Rows": 2134,"Actual Loops": 3,"Sort Key": ["(SUBSTRING(customer.c_phone FROM 1 FOR 2))"],"Sort Method": "quicksort","Sort Space Used": 231,"Sort Space Type": "Memory","Workers": [{"Worker Number": 0,"Sort Method": "quicksort","Sort Space Used": 154,"Sort Space Type": "Memory"},{"Worker Number": 1,"Sort Method": "quicksort","Sort Space Used": 158,"Sort Space Type": "Memory"}],"Plans": [{"Node Type": "Nested Loop","Parent Relationship": "Outer","Parallel Aware": false,"Async Capable": false,"Join Type": "Anti","Startup Cost": 0.43,"Total Cost": 5728.36,"Plan Rows": 310,"Plan Width": 38,"Actual Startup Time": 0.129,"Actual Total Time": 62.008,"Actual Rows": 2134,"Actual Loops": 3,"Inner Unique": false,"Workers": [],"Plans": [{"Node Type": "Seq Scan","Parent Relationship": "Outer","Parallel Aware": true,"Async Capable": false,"Relation Name": "customer","Alias": "customer","Startup Cost": 0.00,"Total Cost": 5225.62,"Plan Rows": 729,"Plan Width": 26,"Actual Startup Time": 0.032,"Actual Total Time": 40.732,"Actual Rows": 6330,"Actual Loops": 3,"Filter": "((c_acctbal > $1) AND (SUBSTRING(c_phone FROM 1 FOR 2) = ANY ('{32,21,25,28,30,27,34}'::text[])))","Rows Removed by Filter": 43670,"Workers": []},{"Node Type": "Index Only Scan","Parent Relationship": "Inner","Parallel Aware": false,"Async Capable": false,"Scan Direction": "Forward","Index Name": "idx_orders_custkey","Relation Name": "orders","Alias": "orders","Startup Cost": 0.43,"Total Cost": 3.28,"Plan Rows": 17,"Plan Width": 4,"Actual Startup Time": 0.003,"Actual Total Time": 0.003,"Actual Rows": 1,"Actual Loops": 18990,"Index Cond": "(o_custkey = customer.c_custkey)","Rows Removed by Index Recheck": 0,"Heap Fetches": 0,"Workers": []}]}]}]}]}]},"Planning Time": 4.629,"Triggers": [],"Execution Time": 136.071}]
[{"Plan": {"Node Type": "Aggregate","Strategy": "Sorted","Partial Mode": "Finalize","Parallel Aware": false,"Async Capable": false,"Startup Cost": 12972.06,"Total Cost": 13071.37,"Plan Rows": 744,"Plan Width": 72,"Actual Startup Time": 139.145,"Actual Total Time": 142.549,"Actual Rows": 7,"Actual Loops": 1,"Group Key": ["(SUBSTRING(customer.c_phone FROM 1 FOR 2))"],"Plans": [{"Node Type": "Aggregate","Strategy": "Plain","Partial Mode": "Finalize","Parent Relationship": "InitPlan","Subplan Name": "InitPlan 1 (returns $1)","Parallel Aware": false,"Async Capable": false,"Startup Cost": 6230.83,"Total Cost": 6230.84,"Plan Rows": 1,"Plan Width": 32,"Actual Startup Time": 61.505,"Actual Total Time": 61.668,"Actual Rows": 1,"Actual Loops": 1,"Plans": [{"Node Type": "Gather","Parent Relationship": "Outer","Parallel Aware": false,"Async Capable": false,"Startup Cost": 6230.61,"Total Cost": 6230.82,"Plan Rows": 2,"Plan Width": 32,"Actual Startup Time": 61.425,"Actual Total Time": 61.654,"Actual Rows": 3,"Actual Loops": 1,"Workers Planned": 2,"Workers Launched": 2,"Single Copy": false,"Plans": [{"Node Type": "Aggregate","Strategy": "Plain","Partial Mode": "Partial","Parent Relationship": "Outer","Parallel Aware": false,"Async Capable": false,"Startup Cost": 5230.61,"Total Cost": 5230.62,"Plan Rows": 1,"Plan Width": 32,"Actual Startup Time": 56.121,"Actual Total Time": 56.123,"Actual Rows": 1,"Actual Loops": 3,"Workers": [],"Plans": [{"Node Type": "Seq Scan","Parent Relationship": "Outer","Parallel Aware": true,"Async Capable": false,"Relation Name": "customer","Alias": "customer_1","Startup Cost": 0.00,"Total Cost": 5225.62,"Plan Rows": 1994,"Plan Width": 6,"Actual Startup Time": 0.053,"Actual Total Time": 55.023,"Actual Rows": 12662,"Actual Loops": 3,"Filter": "((c_acctbal > 0.00) AND (SUBSTRING(c_phone FROM 1 FOR 2) = ANY ('{15,28,14,33,10,26,25}'::text[])))","Rows Removed by Filter": 37338,"Workers": []}]}]}]},{"Node Type": "Gather Merge","Parent Relationship": "Outer","Parallel Aware": false,"Async Capable": false,"Startup Cost": 6741.22,"Total Cost": 6821.30,"Plan Rows": 620,"Plan Width": 72,"Actual Startup Time": 139.004,"Actual Total Time": 142.327,"Actual Rows": 21,"Actual Loops": 1,"Workers Planned": 2,"Params Evaluated": ["$1"],"Workers Launched": 2,"Plans": [{"Node Type": "Aggregate","Strategy": "Sorted","Partial Mode": "Partial","Parent Relationship": "Outer","Parallel Aware": false,"Async Capable": false,"Startup Cost": 5741.19,"Total Cost": 5749.72,"Plan Rows": 310,"Plan Width": 72,"Actual Startup Time": 70.987,"Actual Total Time": 71.288,"Actual Rows": 7,"Actual Loops": 3,"Group Key": ["(SUBSTRING(customer.c_phone FROM 1 FOR 2))"],"Workers": [],"Plans": [{"Node Type": "Sort","Parent Relationship": "Outer","Parallel Aware": false,"Async Capable": false,"Startup Cost": 5741.19,"Total Cost": 5741.97,"Plan Rows": 310,"Plan Width": 38,"Actual Startup Time": 70.920,"Actual Total Time": 71.001,"Actual Rows": 2110,"Actual Loops": 3,"Sort Key": ["(SUBSTRING(customer.c_phone FROM 1 FOR 2))"],"Sort Method": "quicksort","Sort Space Used": 233,"Sort Space Type": "Memory","Workers": [{"Worker Number": 0,"Sort Method": "quicksort","Sort Space Used": 155,"Sort Space Type": "Memory"},{"Worker Number": 1,"Sort Method": "quicksort","Sort Space Used": 151,"Sort Space Type": "Memory"}],"Plans": [{"Node Type": "Nested Loop","Parent Relationship": "Outer","Parallel Aware": false,"Async Capable": false,"Join Type": "Anti","Startup Cost": 0.43,"Total Cost": 5728.36,"Plan Rows": 310,"Plan Width": 38,"Actual Startup Time": 0.154,"Actual Total Time": 70.158,"Actual Rows": 2110,"Actual Loops": 3,"Inner Unique": false,"Workers": [],"Plans": [{"Node Type": "Seq Scan","Parent Relationship": "Outer","Parallel Aware": true,"Async Capable": false,"Relation Name": "customer","Alias": "customer","Startup Cost": 0.00,"Total Cost": 5225.62,"Plan Rows": 729,"Plan Width": 26,"Actual Startup Time": 0.029,"Actual Total Time": 46.299,"Actual Rows": 6318,"Actual Loops": 3,"Filter": "((c_acctbal > $1) AND (SUBSTRING(c_phone FROM 1 FOR 2) = ANY ('{15,28,14,33,10,26,25}'::text[])))","Rows Removed by Filter": 43682,"Workers": []},{"Node Type": "Index Only Scan","Parent Relationship": "Inner","Parallel Aware": false,"Async Capable": false,"Scan Direction": "Forward","Index Name": "idx_orders_custkey","Relation Name": "orders","Alias": "orders","Startup Cost": 0.43,"Total Cost": 3.28,"Plan Rows": 17,"Plan Width": 4,"Actual Startup Time": 0.003,"Actual Total Time": 0.003,"Actual Rows": 1,"Actual Loops": 18955,"Index Cond": "(o_custkey = customer.c_custkey)","Rows Removed by Index Recheck": 0,"Heap Fetches": 0,"Workers": []}]}]}]}]}]},"Planning Time": 3.725,"Triggers": [],"Execution Time": 142.903}]
[{"Plan": {"Node Type": "Aggregate","Strategy": "Sorted","Partial Mode": "Finalize","Parallel Aware": false,"Async Capable": false,"Startup Cost": 12972.06,"Total Cost": 13071.37,"Plan Rows": 744,"Plan Width": 72,"Actual Startup Time": 131.152,"Actual Total Time": 135.465,"Actual Rows": 7,"Actual Loops": 1,"Group Key": ["(SUBSTRING(customer.c_phone FROM 1 FOR 2))"],"Plans": [{"Node Type": "Aggregate","Strategy": "Plain","Partial Mode": "Finalize","Parent Relationship": "InitPlan","Subplan Name": "InitPlan 1 (returns $1)","Parallel Aware": false,"Async Capable": false,"Startup Cost": 6230.83,"Total Cost": 6230.84,"Plan Rows": 1,"Plan Width": 32,"Actual Startup Time": 59.568,"Actual Total Time": 59.776,"Actual Rows": 1,"Actual Loops": 1,"Plans": [{"Node Type": "Gather","Parent Relationship": "Outer","Parallel Aware": false,"Async Capable": false,"Startup Cost": 6230.61,"Total Cost": 6230.82,"Plan Rows": 2,"Plan Width": 32,"Actual Startup Time": 59.482,"Actual Total Time": 59.761,"Actual Rows": 3,"Actual Loops": 1,"Workers Planned": 2,"Workers Launched": 2,"Single Copy": false,"Plans": [{"Node Type": "Aggregate","Strategy": "Plain","Partial Mode": "Partial","Parent Relationship": "Outer","Parallel Aware": false,"Async Capable": false,"Startup Cost": 5230.61,"Total Cost": 5230.62,"Plan Rows": 1,"Plan Width": 32,"Actual Startup Time": 53.398,"Actual Total Time": 53.403,"Actual Rows": 1,"Actual Loops": 3,"Workers": [],"Plans": [{"Node Type": "Seq Scan","Parent Relationship": "Outer","Parallel Aware": true,"Async Capable": false,"Relation Name": "customer","Alias": "customer_1","Startup Cost": 0.00,"Total Cost": 5225.62,"Plan Rows": 1994,"Plan Width": 6,"Actual Startup Time": 0.054,"Actual Total Time": 52.355,"Actual Rows": 12742,"Actual Loops": 3,"Filter": "((c_acctbal > 0.00) AND (SUBSTRING(c_phone FROM 1 FOR 2) = ANY ('{12,22,23,34,29,17,16}'::text[])))","Rows Removed by Filter": 37258,"Workers": []}]}]}]},{"Node Type": "Gather Merge","Parent Relationship": "Outer","Parallel Aware": false,"Async Capable": false,"Startup Cost": 6741.22,"Total Cost": 6821.30,"Plan Rows": 620,"Plan Width": 72,"Actual Startup Time": 131.059,"Actual Total Time": 135.209,"Actual Rows": 21,"Actual Loops": 1,"Workers Planned": 2,"Params Evaluated": ["$1"],"Workers Launched": 2,"Plans": [{"Node Type": "Aggregate","Strategy": "Sorted","Partial Mode": "Partial","Parent Relationship": "Outer","Parallel Aware": false,"Async Capable": false,"Startup Cost": 5741.19,"Total Cost": 5749.72,"Plan Rows": 310,"Plan Width": 72,"Actual Startup Time": 64.435,"Actual Total Time": 64.737,"Actual Rows": 7,"Actual Loops": 3,"Group Key": ["(SUBSTRING(customer.c_phone FROM 1 FOR 2))"],"Workers": [],"Plans": [{"Node Type": "Sort","Parent Relationship": "Outer","Parallel Aware": false,"Async Capable": false,"Startup Cost": 5741.19,"Total Cost": 5741.97,"Plan Rows": 310,"Plan Width": 38,"Actual Startup Time": 64.368,"Actual Total Time": 64.457,"Actual Rows": 2098,"Actual Loops": 3,"Sort Key": ["(SUBSTRING(customer.c_phone FROM 1 FOR 2))"],"Sort Method": "quicksort","Sort Space Used": 227,"Sort Space Type": "Memory","Workers": [{"Worker Number": 0,"Sort Method": "quicksort","Sort Space Used": 155,"Sort Space Type": "Memory"},{"Worker Number": 1,"Sort Method": "quicksort","Sort Space Used": 155,"Sort Space Type": "Memory"}],"Plans": [{"Node Type": "Nested Loop","Parent Relationship": "Outer","Parallel Aware": false,"Async Capable": false,"Join Type": "Anti","Startup Cost": 0.43,"Total Cost": 5728.36,"Plan Rows": 310,"Plan Width": 38,"Actual Startup Time": 0.154,"Actual Total Time": 63.550,"Actual Rows": 2098,"Actual Loops": 3,"Inner Unique": false,"Workers": [],"Plans": [{"Node Type": "Seq Scan","Parent Relationship": "Outer","Parallel Aware": true,"Async Capable": false,"Relation Name": "customer","Alias": "customer","Startup Cost": 0.00,"Total Cost": 5225.62,"Plan Rows": 729,"Plan Width": 26,"Actual Startup Time": 0.056,"Actual Total Time": 41.769,"Actual Rows": 6359,"Actual Loops": 3,"Filter": "((c_acctbal > $1) AND (SUBSTRING(c_phone FROM 1 FOR 2) = ANY ('{12,22,23,34,29,17,16}'::text[])))","Rows Removed by Filter": 43641,"Workers": []},{"Node Type": "Index Only Scan","Parent Relationship": "Inner","Parallel Aware": false,"Async Capable": false,"Scan Direction": "Forward","Index Name": "idx_orders_custkey","Relation Name": "orders","Alias": "orders","Startup Cost": 0.43,"Total Cost": 3.28,"Plan Rows": 17,"Plan Width": 4,"Actual Startup Time": 0.003,"Actual Total Time": 0.003,"Actual Rows": 1,"Actual Loops": 19078,"Index Cond": "(o_custkey = customer.c_custkey)","Rows Removed by Index Recheck": 0,"Heap Fetches": 0,"Workers": []}]}]}]}]}]},"Planning Time": 3.624,"Triggers": [],"Execution Time": 135.802}]
[{"Plan": {"Node Type": "Aggregate","Strategy": "Sorted","Partial Mode": "Finalize","Parallel Aware": false,"Async Capable": false,"Startup Cost": 12972.06,"Total Cost": 13071.37,"Plan Rows": 744,"Plan Width": 72,"Actual Startup Time": 140.307,"Actual Total Time": 143.772,"Actual Rows": 7,"Actual Loops": 1,"Group Key": ["(SUBSTRING(customer.c_phone FROM 1 FOR 2))"],"Plans": [{"Node Type": "Aggregate","Strategy": "Plain","Partial Mode": "Finalize","Parent Relationship": "InitPlan","Subplan Name": "InitPlan 1 (returns $1)","Parallel Aware": false,"Async Capable": false,"Startup Cost": 6230.83,"Total Cost": 6230.84,"Plan Rows": 1,"Plan Width": 32,"Actual Startup Time": 61.524,"Actual Total Time": 61.729,"Actual Rows": 1,"Actual Loops": 1,"Plans": [{"Node Type": "Gather","Parent Relationship": "Outer","Parallel Aware": false,"Async Capable": false,"Startup Cost": 6230.61,"Total Cost": 6230.82,"Plan Rows": 2,"Plan Width": 32,"Actual Startup Time": 61.413,"Actual Total Time": 61.715,"Actual Rows": 3,"Actual Loops": 1,"Workers Planned": 2,"Workers Launched": 2,"Single Copy": false,"Plans": [{"Node Type": "Aggregate","Strategy": "Plain","Partial Mode": "Partial","Parent Relationship": "Outer","Parallel Aware": false,"Async Capable": false,"Startup Cost": 5230.61,"Total Cost": 5230.62,"Plan Rows": 1,"Plan Width": 32,"Actual Startup Time": 55.864,"Actual Total Time": 55.865,"Actual Rows": 1,"Actual Loops": 3,"Workers": [],"Plans": [{"Node Type": "Seq Scan","Parent Relationship": "Outer","Parallel Aware": true,"Async Capable": false,"Relation Name": "customer","Alias": "customer_1","Startup Cost": 0.00,"Total Cost": 5225.62,"Plan Rows": 1994,"Plan Width": 6,"Actual Startup Time": 0.064,"Actual Total Time": 54.734,"Actual Rows": 12711,"Actual Loops": 3,"Filter": "((c_acctbal > 0.00) AND (SUBSTRING(c_phone FROM 1 FOR 2) = ANY ('{31,10,13,32,18,24,17}'::text[])))","Rows Removed by Filter": 37289,"Workers": []}]}]}]},{"Node Type": "Gather Merge","Parent Relationship": "Outer","Parallel Aware": false,"Async Capable": false,"Startup Cost": 6741.22,"Total Cost": 6821.30,"Plan Rows": 620,"Plan Width": 72,"Actual Startup Time": 140.192,"Actual Total Time": 143.526,"Actual Rows": 21,"Actual Loops": 1,"Workers Planned": 2,"Params Evaluated": ["$1"],"Workers Launched": 2,"Plans": [{"Node Type": "Aggregate","Strategy": "Sorted","Partial Mode": "Partial","Parent Relationship": "Outer","Parallel Aware": false,"Async Capable": false,"Startup Cost": 5741.19,"Total Cost": 5749.72,"Plan Rows": 310,"Plan Width": 72,"Actual Startup Time": 72.052,"Actual Total Time": 72.354,"Actual Rows": 7,"Actual Loops": 3,"Group Key": ["(SUBSTRING(customer.c_phone FROM 1 FOR 2))"],"Workers": [],"Plans": [{"Node Type": "Sort","Parent Relationship": "Outer","Parallel Aware": false,"Async Capable": false,"Startup Cost": 5741.19,"Total Cost": 5741.97,"Plan Rows": 310,"Plan Width": 38,"Actual Startup Time": 71.981,"Actual Total Time": 72.059,"Actual Rows": 2118,"Actual Loops": 3,"Sort Key": ["(SUBSTRING(customer.c_phone FROM 1 FOR 2))"],"Sort Method": "quicksort","Sort Space Used": 233,"Sort Space Type": "Memory","Workers": [{"Worker Number": 0,"Sort Method": "quicksort","Sort Space Used": 157,"Sort Space Type": "Memory"},{"Worker Number": 1,"Sort Method": "quicksort","Sort Space Used": 150,"Sort Space Type": "Memory"}],"Plans": [{"Node Type": "Nested Loop","Parent Relationship": "Outer","Parallel Aware": false,"Async Capable": false,"Join Type": "Anti","Startup Cost": 0.43,"Total Cost": 5728.36,"Plan Rows": 310,"Plan Width": 38,"Actual Startup Time": 0.176,"Actual Total Time": 71.183,"Actual Rows": 2118,"Actual Loops": 3,"Inner Unique": false,"Workers": [],"Plans": [{"Node Type": "Seq Scan","Parent Relationship": "Outer","Parallel Aware": true,"Async Capable": false,"Relation Name": "customer","Alias": "customer","Startup Cost": 0.00,"Total Cost": 5225.62,"Plan Rows": 729,"Plan Width": 26,"Actual Startup Time": 0.043,"Actual Total Time": 47.137,"Actual Rows": 6338,"Actual Loops": 3,"Filter": "((c_acctbal > $1) AND (SUBSTRING(c_phone FROM 1 FOR 2) = ANY ('{31,10,13,32,18,24,17}'::text[])))","Rows Removed by Filter": 43662,"Workers": []},{"Node Type": "Index Only Scan","Parent Relationship": "Inner","Parallel Aware": false,"Async Capable": false,"Scan Direction": "Forward","Index Name": "idx_orders_custkey","Relation Name": "orders","Alias": "orders","Startup Cost": 0.43,"Total Cost": 3.28,"Plan Rows": 17,"Plan Width": 4,"Actual Startup Time": 0.003,"Actual Total Time": 0.003,"Actual Rows": 1,"Actual Loops": 19015,"Index Cond": "(o_custkey = customer.c_custkey)","Rows Removed by Index Recheck": 0,"Heap Fetches": 0,"Workers": []}]}]}]}]}]},"Planning Time": 4.815,"Triggers": [],"Execution Time": 144.235}]
[{"Plan": {"Node Type": "Aggregate","Strategy": "Sorted","Partial Mode": "Finalize","Parallel Aware": false,"Async Capable": false,"Startup Cost": 12972.06,"Total Cost": 13071.37,"Plan Rows": 744,"Plan Width": 72,"Actual Startup Time": 140.313,"Actual Total Time": 143.667,"Actual Rows": 7,"Actual Loops": 1,"Group Key": ["(SUBSTRING(customer.c_phone FROM 1 FOR 2))"],"Plans": [{"Node Type": "Aggregate","Strategy": "Plain","Partial Mode": "Finalize","Parent Relationship": "InitPlan","Subplan Name": "InitPlan 1 (returns $1)","Parallel Aware": false,"Async Capable": false,"Startup Cost": 6230.83,"Total Cost": 6230.84,"Plan Rows": 1,"Plan Width": 32,"Actual Startup Time": 61.514,"Actual Total Time": 61.705,"Actual Rows": 1,"Actual Loops": 1,"Plans": [{"Node Type": "Gather","Parent Relationship": "Outer","Parallel Aware": false,"Async Capable": false,"Startup Cost": 6230.61,"Total Cost": 6230.82,"Plan Rows": 2,"Plan Width": 32,"Actual Startup Time": 61.421,"Actual Total Time": 61.690,"Actual Rows": 3,"Actual Loops": 1,"Workers Planned": 2,"Workers Launched": 2,"Single Copy": false,"Plans": [{"Node Type": "Aggregate","Strategy": "Plain","Partial Mode": "Partial","Parent Relationship": "Outer","Parallel Aware": false,"Async Capable": false,"Startup Cost": 5230.61,"Total Cost": 5230.62,"Plan Rows": 1,"Plan Width": 32,"Actual Startup Time": 55.552,"Actual Total Time": 55.553,"Actual Rows": 1,"Actual Loops": 3,"Workers": [],"Plans": [{"Node Type": "Seq Scan","Parent Relationship": "Outer","Parallel Aware": true,"Async Capable": false,"Relation Name": "customer","Alias": "customer_1","Startup Cost": 0.00,"Total Cost": 5225.62,"Plan Rows": 1994,"Plan Width": 6,"Actual Startup Time": 0.059,"Actual Total Time": 54.508,"Actual Rows": 12779,"Actual Loops": 3,"Filter": "((c_acctbal > 0.00) AND (SUBSTRING(c_phone FROM 1 FOR 2) = ANY ('{29,32,23,34,12,10,28}'::text[])))","Rows Removed by Filter": 37221,"Workers": []}]}]}]},{"Node Type": "Gather Merge","Parent Relationship": "Outer","Parallel Aware": false,"Async Capable": false,"Startup Cost": 6741.22,"Total Cost": 6821.30,"Plan Rows": 620,"Plan Width": 72,"Actual Startup Time": 140.179,"Actual Total Time": 143.420,"Actual Rows": 21,"Actual Loops": 1,"Workers Planned": 2,"Params Evaluated": ["$1"],"Workers Launched": 2,"Plans": [{"Node Type": "Aggregate","Strategy": "Sorted","Partial Mode": "Partial","Parent Relationship": "Outer","Parallel Aware": false,"Async Capable": false,"Startup Cost": 5741.19,"Total Cost": 5749.72,"Plan Rows": 310,"Plan Width": 72,"Actual Startup Time": 72.015,"Actual Total Time": 72.320,"Actual Rows": 7,"Actual Loops": 3,"Group Key": ["(SUBSTRING(customer.c_phone FROM 1 FOR 2))"],"Workers": [],"Plans": [{"Node Type": "Sort","Parent Relationship": "Outer","Parallel Aware": false,"Async Capable": false,"Startup Cost": 5741.19,"Total Cost": 5741.97,"Plan Rows": 310,"Plan Width": 38,"Actual Startup Time": 71.950,"Actual Total Time": 72.033,"Actual Rows": 2128,"Actual Loops": 3,"Sort Key": ["(SUBSTRING(customer.c_phone FROM 1 FOR 2))"],"Sort Method": "quicksort","Sort Space Used": 233,"Sort Space Type": "Memory","Workers": [{"Worker Number": 0,"Sort Method": "quicksort","Sort Space Used": 159,"Sort Space Type": "Memory"},{"Worker Number": 1,"Sort Method": "quicksort","Sort Space Used": 150,"Sort Space Type": "Memory"}],"Plans": [{"Node Type": "Nested Loop","Parent Relationship": "Outer","Parallel Aware": false,"Async Capable": false,"Join Type": "Anti","Startup Cost": 0.43,"Total Cost": 5728.36,"Plan Rows": 310,"Plan Width": 38,"Actual Startup Time": 0.205,"Actual Total Time": 71.146,"Actual Rows": 2128,"Actual Loops": 3,"Inner Unique": false,"Workers": [],"Plans": [{"Node Type": "Seq Scan","Parent Relationship": "Outer","Parallel Aware": true,"Async Capable": false,"Relation Name": "customer","Alias": "customer","Startup Cost": 0.00,"Total Cost": 5225.62,"Plan Rows": 729,"Plan Width": 26,"Actual Startup Time": 0.048,"Actual Total Time": 47.129,"Actual Rows": 6380,"Actual Loops": 3,"Filter": "((c_acctbal > $1) AND (SUBSTRING(c_phone FROM 1 FOR 2) = ANY ('{29,32,23,34,12,10,28}'::text[])))","Rows Removed by Filter": 43620,"Workers": []},{"Node Type": "Index Only Scan","Parent Relationship": "Inner","Parallel Aware": false,"Async Capable": false,"Scan Direction": "Forward","Index Name": "idx_orders_custkey","Relation Name": "orders","Alias": "orders","Startup Cost": 0.43,"Total Cost": 3.28,"Plan Rows": 17,"Plan Width": 4,"Actual Startup Time": 0.003,"Actual Total Time": 0.003,"Actual Rows": 1,"Actual Loops": 19141,"Index Cond": "(o_custkey = customer.c_custkey)","Rows Removed by Index Recheck": 0,"Heap Fetches": 0,"Workers": []}]}]}]}]}]},"Planning Time": 4.167,"Triggers": [],"Execution Time": 143.979}]
[{"Plan": {"Node Type": "Aggregate","Strategy": "Sorted","Partial Mode": "Finalize","Parallel Aware": false,"Async Capable": false,"Startup Cost": 12972.06,"Total Cost": 13071.37,"Plan Rows": 744,"Plan Width": 72,"Actual Startup Time": 136.521,"Actual Total Time": 139.781,"Actual Rows": 7,"Actual Loops": 1,"Group Key": ["(SUBSTRING(customer.c_phone FROM 1 FOR 2))"],"Plans": [{"Node Type": "Aggregate","Strategy": "Plain","Partial Mode": "Finalize","Parent Relationship": "InitPlan","Subplan Name": "InitPlan 1 (returns $1)","Parallel Aware": false,"Async Capable": false,"Startup Cost": 6230.83,"Total Cost": 6230.84,"Plan Rows": 1,"Plan Width": 32,"Actual Startup Time": 59.504,"Actual Total Time": 59.687,"Actual Rows": 1,"Actual Loops": 1,"Plans": [{"Node Type": "Gather","Parent Relationship": "Outer","Parallel Aware": false,"Async Capable": false,"Startup Cost": 6230.61,"Total Cost": 6230.82,"Plan Rows": 2,"Plan Width": 32,"Actual Startup Time": 59.425,"Actual Total Time": 59.679,"Actual Rows": 3,"Actual Loops": 1,"Workers Planned": 2,"Workers Launched": 2,"Single Copy": false,"Plans": [{"Node Type": "Aggregate","Strategy": "Plain","Partial Mode": "Partial","Parent Relationship": "Outer","Parallel Aware": false,"Async Capable": false,"Startup Cost": 5230.61,"Total Cost": 5230.62,"Plan Rows": 1,"Plan Width": 32,"Actual Startup Time": 53.391,"Actual Total Time": 53.393,"Actual Rows": 1,"Actual Loops": 3,"Workers": [],"Plans": [{"Node Type": "Seq Scan","Parent Relationship": "Outer","Parallel Aware": true,"Async Capable": false,"Relation Name": "customer","Alias": "customer_1","Startup Cost": 0.00,"Total Cost": 5225.62,"Plan Rows": 1994,"Plan Width": 6,"Actual Startup Time": 0.072,"Actual Total Time": 52.298,"Actual Rows": 12693,"Actual Loops": 3,"Filter": "((c_acctbal > 0.00) AND (SUBSTRING(c_phone FROM 1 FOR 2) = ANY ('{27,21,15,17,19,20,34}'::text[])))","Rows Removed by Filter": 37307,"Workers": []}]}]}]},{"Node Type": "Gather Merge","Parent Relationship": "Outer","Parallel Aware": false,"Async Capable": false,"Startup Cost": 6741.22,"Total Cost": 6821.30,"Plan Rows": 620,"Plan Width": 72,"Actual Startup Time": 136.396,"Actual Total Time": 139.548,"Actual Rows": 21,"Actual Loops": 1,"Workers Planned": 2,"Params Evaluated": ["$1"],"Workers Launched": 2,"Plans": [{"Node Type": "Aggregate","Strategy": "Sorted","Partial Mode": "Partial","Parent Relationship": "Outer","Parallel Aware": false,"Async Capable": false,"Startup Cost": 5741.19,"Total Cost": 5749.72,"Plan Rows": 310,"Plan Width": 72,"Actual Startup Time": 70.156,"Actual Total Time": 70.459,"Actual Rows": 7,"Actual Loops": 3,"Group Key": ["(SUBSTRING(customer.c_phone FROM 1 FOR 2))"],"Workers": [],"Plans": [{"Node Type": "Sort","Parent Relationship": "Outer","Parallel Aware": false,"Async Capable": false,"Startup Cost": 5741.19,"Total Cost": 5741.97,"Plan Rows": 310,"Plan Width": 38,"Actual Startup Time": 70.089,"Actual Total Time": 70.176,"Actual Rows": 2138,"Actual Loops": 3,"Sort Key": ["(SUBSTRING(customer.c_phone FROM 1 FOR 2))"],"Sort Method": "quicksort","Sort Space Used": 235,"Sort Space Type": "Memory","Workers": [{"Worker Number": 0,"Sort Method": "quicksort","Sort Space Used": 152,"Sort Space Type": "Memory"},{"Worker Number": 1,"Sort Method": "quicksort","Sort Space Used": 157,"Sort Space Type": "Memory"}],"Plans": [{"Node Type": "Nested Loop","Parent Relationship": "Outer","Parallel Aware": false,"Async Capable": false,"Join Type": "Anti","Startup Cost": 0.43,"Total Cost": 5728.36,"Plan Rows": 310,"Plan Width": 38,"Actual Startup Time": 0.215,"Actual Total Time": 69.290,"Actual Rows": 2138,"Actual Loops": 3,"Inner Unique": false,"Workers": [],"Plans": [{"Node Type": "Seq Scan","Parent Relationship": "Outer","Parallel Aware": true,"Async Capable": false,"Relation Name": "customer","Alias": "customer","Startup Cost": 0.00,"Total Cost": 5225.62,"Plan Rows": 729,"Plan Width": 26,"Actual Startup Time": 0.050,"Actual Total Time": 45.241,"Actual Rows": 6344,"Actual Loops": 3,"Filter": "((c_acctbal > $1) AND (SUBSTRING(c_phone FROM 1 FOR 2) = ANY ('{27,21,15,17,19,20,34}'::text[])))","Rows Removed by Filter": 43656,"Workers": []},{"Node Type": "Index Only Scan","Parent Relationship": "Inner","Parallel Aware": false,"Async Capable": false,"Scan Direction": "Forward","Index Name": "idx_orders_custkey","Relation Name": "orders","Alias": "orders","Startup Cost": 0.43,"Total Cost": 3.28,"Plan Rows": 17,"Plan Width": 4,"Actual Startup Time": 0.003,"Actual Total Time": 0.003,"Actual Rows": 1,"Actual Loops": 19031,"Index Cond": "(o_custkey = customer.c_custkey)","Rows Removed by Index Recheck": 0,"Heap Fetches": 0,"Workers": []}]}]}]}]}]},"Planning Time": 3.595,"Triggers": [],"Execution Time": 140.113}]
[{"Plan": {"Node Type": "Aggregate","Strategy": "Sorted","Partial Mode": "Finalize","Parallel Aware": false,"Async Capable": false,"Startup Cost": 12972.06,"Total Cost": 13071.37,"Plan Rows": 744,"Plan Width": 72,"Actual Startup Time": 134.454,"Actual Total Time": 138.251,"Actual Rows": 7,"Actual Loops": 1,"Group Key": ["(SUBSTRING(customer.c_phone FROM 1 FOR 2))"],"Plans": [{"Node Type": "Aggregate","Strategy": "Plain","Partial Mode": "Finalize","Parent Relationship": "InitPlan","Subplan Name": "InitPlan 1 (returns $1)","Parallel Aware": false,"Async Capable": false,"Startup Cost": 6230.83,"Total Cost": 6230.84,"Plan Rows": 1,"Plan Width": 32,"Actual Startup Time": 61.147,"Actual Total Time": 61.496,"Actual Rows": 1,"Actual Loops": 1,"Plans": [{"Node Type": "Gather","Parent Relationship": "Outer","Parallel Aware": false,"Async Capable": false,"Startup Cost": 6230.61,"Total Cost": 6230.82,"Plan Rows": 2,"Plan Width": 32,"Actual Startup Time": 61.017,"Actual Total Time": 61.475,"Actual Rows": 3,"Actual Loops": 1,"Workers Planned": 2,"Workers Launched": 2,"Single Copy": false,"Plans": [{"Node Type": "Aggregate","Strategy": "Plain","Partial Mode": "Partial","Parent Relationship": "Outer","Parallel Aware": false,"Async Capable": false,"Startup Cost": 5230.61,"Total Cost": 5230.62,"Plan Rows": 1,"Plan Width": 32,"Actual Startup Time": 54.815,"Actual Total Time": 54.817,"Actual Rows": 1,"Actual Loops": 3,"Workers": [],"Plans": [{"Node Type": "Seq Scan","Parent Relationship": "Outer","Parallel Aware": true,"Async Capable": false,"Relation Name": "customer","Alias": "customer_1","Startup Cost": 0.00,"Total Cost": 5225.62,"Plan Rows": 1994,"Plan Width": 6,"Actual Startup Time": 0.048,"Actual Total Time": 53.776,"Actual Rows": 12672,"Actual Loops": 3,"Filter": "((c_acctbal > 0.00) AND (SUBSTRING(c_phone FROM 1 FOR 2) = ANY ('{28,21,26,30,33,25,14}'::text[])))","Rows Removed by Filter": 37328,"Workers": []}]}]}]},{"Node Type": "Gather Merge","Parent Relationship": "Outer","Parallel Aware": false,"Async Capable": false,"Startup Cost": 6741.22,"Total Cost": 6821.30,"Plan Rows": 620,"Plan Width": 72,"Actual Startup Time": 134.355,"Actual Total Time": 137.855,"Actual Rows": 21,"Actual Loops": 1,"Workers Planned": 2,"Params Evaluated": ["$1"],"Workers Launched": 2,"Plans": [{"Node Type": "Aggregate","Strategy": "Sorted","Partial Mode": "Partial","Parent Relationship": "Outer","Parallel Aware": false,"Async Capable": false,"Startup Cost": 5741.19,"Total Cost": 5749.72,"Plan Rows": 310,"Plan Width": 72,"Actual Startup Time": 66.093,"Actual Total Time": 66.399,"Actual Rows": 7,"Actual Loops": 3,"Group Key": ["(SUBSTRING(customer.c_phone FROM 1 FOR 2))"],"Workers": [],"Plans": [{"Node Type": "Sort","Parent Relationship": "Outer","Parallel Aware": false,"Async Capable": false,"Startup Cost": 5741.19,"Total Cost": 5741.97,"Plan Rows": 310,"Plan Width": 38,"Actual Startup Time": 66.016,"Actual Total Time": 66.107,"Actual Rows": 2138,"Actual Loops": 3,"Sort Key": ["(SUBSTRING(customer.c_phone FROM 1 FOR 2))"],"Sort Method": "quicksort","Sort Space Used": 233,"Sort Space Type": "Memory","Workers": [{"Worker Number": 0,"Sort Method": "quicksort","Sort Space Used": 151,"Sort Space Type": "Memory"},{"Worker Number": 1,"Sort Method": "quicksort","Sort Space Used": 160,"Sort Space Type": "Memory"}],"Plans": [{"Node Type": "Nested Loop","Parent Relationship": "Outer","Parallel Aware": false,"Async Capable": false,"Join Type": "Anti","Startup Cost": 0.43,"Total Cost": 5728.36,"Plan Rows": 310,"Plan Width": 38,"Actual Startup Time": 0.192,"Actual Total Time": 65.188,"Actual Rows": 2138,"Actual Loops": 3,"Inner Unique": false,"Workers": [],"Plans": [{"Node Type": "Seq Scan","Parent Relationship": "Outer","Parallel Aware": true,"Async Capable": false,"Relation Name": "customer","Alias": "customer","Startup Cost": 0.00,"Total Cost": 5225.62,"Plan Rows": 729,"Plan Width": 26,"Actual Startup Time": 0.035,"Actual Total Time": 44.146,"Actual Rows": 6331,"Actual Loops": 3,"Filter": "((c_acctbal > $1) AND (SUBSTRING(c_phone FROM 1 FOR 2) = ANY ('{28,21,26,30,33,25,14}'::text[])))","Rows Removed by Filter": 43669,"Workers": []},{"Node Type": "Index Only Scan","Parent Relationship": "Inner","Parallel Aware": false,"Async Capable": false,"Scan Direction": "Forward","Index Name": "idx_orders_custkey","Relation Name": "orders","Alias": "orders","Startup Cost": 0.43,"Total Cost": 3.28,"Plan Rows": 17,"Plan Width": 4,"Actual Startup Time": 0.003,"Actual Total Time": 0.003,"Actual Rows": 1,"Actual Loops": 18994,"Index Cond": "(o_custkey = customer.c_custkey)","Rows Removed by Index Recheck": 0,"Heap Fetches": 0,"Workers": []}]}]}]}]}]},"Planning Time": 3.687,"Triggers": [],"Execution Time": 138.617}]
[{"Plan": {"Node Type": "Aggregate","Strategy": "Sorted","Partial Mode": "Finalize","Parallel Aware": false,"Async Capable": false,"Startup Cost": 12972.06,"Total Cost": 13071.37,"Plan Rows": 744,"Plan Width": 72,"Actual Startup Time": 135.108,"Actual Total Time": 138.674,"Actual Rows": 7,"Actual Loops": 1,"Group Key": ["(SUBSTRING(customer.c_phone FROM 1 FOR 2))"],"Plans": [{"Node Type": "Aggregate","Strategy": "Plain","Partial Mode": "Finalize","Parent Relationship": "InitPlan","Subplan Name": "InitPlan 1 (returns $1)","Parallel Aware": false,"Async Capable": false,"Startup Cost": 6230.83,"Total Cost": 6230.84,"Plan Rows": 1,"Plan Width": 32,"Actual Startup Time": 59.455,"Actual Total Time": 59.686,"Actual Rows": 1,"Actual Loops": 1,"Plans": [{"Node Type": "Gather","Parent Relationship": "Outer","Parallel Aware": false,"Async Capable": false,"Startup Cost": 6230.61,"Total Cost": 6230.82,"Plan Rows": 2,"Plan Width": 32,"Actual Startup Time": 59.365,"Actual Total Time": 59.671,"Actual Rows": 3,"Actual Loops": 1,"Workers Planned": 2,"Workers Launched": 2,"Single Copy": false,"Plans": [{"Node Type": "Aggregate","Strategy": "Plain","Partial Mode": "Partial","Parent Relationship": "Outer","Parallel Aware": false,"Async Capable": false,"Startup Cost": 5230.61,"Total Cost": 5230.62,"Plan Rows": 1,"Plan Width": 32,"Actual Startup Time": 53.343,"Actual Total Time": 53.345,"Actual Rows": 1,"Actual Loops": 3,"Workers": [],"Plans": [{"Node Type": "Seq Scan","Parent Relationship": "Outer","Parallel Aware": true,"Async Capable": false,"Relation Name": "customer","Alias": "customer_1","Startup Cost": 0.00,"Total Cost": 5225.62,"Plan Rows": 1994,"Plan Width": 6,"Actual Startup Time": 0.047,"Actual Total Time": 52.231,"Actual Rows": 12792,"Actual Loops": 3,"Filter": "((c_acctbal > 0.00) AND (SUBSTRING(c_phone FROM 1 FOR 2) = ANY ('{32,26,25,31,14,19,24}'::text[])))","Rows Removed by Filter": 37208,"Workers": []}]}]}]},{"Node Type": "Gather Merge","Parent Relationship": "Outer","Parallel Aware": false,"Async Capable": false,"Startup Cost": 6741.22,"Total Cost": 6821.30,"Plan Rows": 620,"Plan Width": 72,"Actual Startup Time": 134.964,"Actual Total Time": 138.370,"Actual Rows": 21,"Actual Loops": 1,"Workers Planned": 2,"Params Evaluated": ["$1"],"Workers Launched": 2,"Plans": [{"Node Type": "Aggregate","Strategy": "Sorted","Partial Mode": "Partial","Parent Relationship": "Outer","Parallel Aware": false,"Async Capable": false,"Startup Cost": 5741.19,"Total Cost": 5749.72,"Plan Rows": 310,"Plan Width": 72,"Actual Startup Time": 68.925,"Actual Total Time": 69.217,"Actual Rows": 7,"Actual Loops": 3,"Group Key": ["(SUBSTRING(customer.c_phone FROM 1 FOR 2))"],"Workers": [],"Plans": [{"Node Type": "Sort","Parent Relationship": "Outer","Parallel Aware": false,"Async Capable": false,"Startup Cost": 5741.19,"Total Cost": 5741.97,"Plan Rows": 310,"Plan Width": 38,"Actual Startup Time": 68.854,"Actual Total Time": 68.932,"Actual Rows": 2131,"Actual Loops": 3,"Sort Key": ["(SUBSTRING(customer.c_phone FROM 1 FOR 2))"],"Sort Method": "quicksort","Sort Space Used": 239,"Sort Space Type": "Memory","Workers": [{"Worker Number": 0,"Sort Method": "quicksort","Sort Space Used": 154,"Sort Space Type": "Memory"},{"Worker Number": 1,"Sort Method": "quicksort","Sort Space Used": 149,"Sort Space Type": "Memory"}],"Plans": [{"Node Type": "Nested Loop","Parent Relationship": "Outer","Parallel Aware": false,"Async Capable": false,"Join Type": "Anti","Startup Cost": 0.43,"Total Cost": 5728.36,"Plan Rows": 310,"Plan Width": 38,"Actual Startup Time": 0.199,"Actual Total Time": 68.060,"Actual Rows": 2131,"Actual Loops": 3,"Inner Unique": false,"Workers": [],"Plans": [{"Node Type": "Seq Scan","Parent Relationship": "Outer","Parallel Aware": true,"Async Capable": false,"Relation Name": "customer","Alias": "customer","Startup Cost": 0.00,"Total Cost": 5225.62,"Plan Rows": 729,"Plan Width": 26,"Actual Startup Time": 0.042,"Actual Total Time": 44.969,"Actual Rows": 6408,"Actual Loops": 3,"Filter": "((c_acctbal > $1) AND (SUBSTRING(c_phone FROM 1 FOR 2) = ANY ('{32,26,25,31,14,19,24}'::text[])))","Rows Removed by Filter": 43592,"Workers": []},{"Node Type": "Index Only Scan","Parent Relationship": "Inner","Parallel Aware": false,"Async Capable": false,"Scan Direction": "Forward","Index Name": "idx_orders_custkey","Relation Name": "orders","Alias": "orders","Startup Cost": 0.43,"Total Cost": 3.28,"Plan Rows": 17,"Plan Width": 4,"Actual Startup Time": 0.003,"Actual Total Time": 0.003,"Actual Rows": 1,"Actual Loops": 19224,"Index Cond": "(o_custkey = customer.c_custkey)","Rows Removed by Index Recheck": 0,"Heap Fetches": 0,"Workers": []}]}]}]}]}]},"Planning Time": 4.994,"Triggers": [],"Execution Time": 139.139}]
[{"Plan": {"Node Type": "Aggregate","Strategy": "Sorted","Partial Mode": "Finalize","Parallel Aware": false,"Async Capable": false,"Startup Cost": 12972.06,"Total Cost": 13071.37,"Plan Rows": 744,"Plan Width": 72,"Actual Startup Time": 139.724,"Actual Total Time": 143.120,"Actual Rows": 7,"Actual Loops": 1,"Group Key": ["(SUBSTRING(customer.c_phone FROM 1 FOR 2))"],"Plans": [{"Node Type": "Aggregate","Strategy": "Plain","Partial Mode": "Finalize","Parent Relationship": "InitPlan","Subplan Name": "InitPlan 1 (returns $1)","Parallel Aware": false,"Async Capable": false,"Startup Cost": 6230.83,"Total Cost": 6230.84,"Plan Rows": 1,"Plan Width": 32,"Actual Startup Time": 61.862,"Actual Total Time": 62.040,"Actual Rows": 1,"Actual Loops": 1,"Plans": [{"Node Type": "Gather","Parent Relationship": "Outer","Parallel Aware": false,"Async Capable": false,"Startup Cost": 6230.61,"Total Cost": 6230.82,"Plan Rows": 2,"Plan Width": 32,"Actual Startup Time": 61.772,"Actual Total Time": 62.023,"Actual Rows": 3,"Actual Loops": 1,"Workers Planned": 2,"Workers Launched": 2,"Single Copy": false,"Plans": [{"Node Type": "Aggregate","Strategy": "Plain","Partial Mode": "Partial","Parent Relationship": "Outer","Parallel Aware": false,"Async Capable": false,"Startup Cost": 5230.61,"Total Cost": 5230.62,"Plan Rows": 1,"Plan Width": 32,"Actual Startup Time": 55.168,"Actual Total Time": 55.170,"Actual Rows": 1,"Actual Loops": 3,"Workers": [],"Plans": [{"Node Type": "Seq Scan","Parent Relationship": "Outer","Parallel Aware": true,"Async Capable": false,"Relation Name": "customer","Alias": "customer_1","Startup Cost": 0.00,"Total Cost": 5225.62,"Plan Rows": 1994,"Plan Width": 6,"Actual Startup Time": 0.080,"Actual Total Time": 54.106,"Actual Rows": 12755,"Actual Loops": 3,"Filter": "((c_acctbal > 0.00) AND (SUBSTRING(c_phone FROM 1 FOR 2) = ANY ('{19,21,14,24,30,18,12}'::text[])))","Rows Removed by Filter": 37245,"Workers": []}]}]}]},{"Node Type": "Gather Merge","Parent Relationship": "Outer","Parallel Aware": false,"Async Capable": false,"Startup Cost": 6741.22,"Total Cost": 6821.30,"Plan Rows": 620,"Plan Width": 72,"Actual Startup Time": 139.616,"Actual Total Time": 142.897,"Actual Rows": 21,"Actual Loops": 1,"Workers Planned": 2,"Params Evaluated": ["$1"],"Workers Launched": 2,"Plans": [{"Node Type": "Aggregate","Strategy": "Sorted","Partial Mode": "Partial","Parent Relationship": "Outer","Parallel Aware": false,"Async Capable": false,"Startup Cost": 5741.19,"Total Cost": 5749.72,"Plan Rows": 310,"Plan Width": 72,"Actual Startup Time": 70.964,"Actual Total Time": 71.272,"Actual Rows": 7,"Actual Loops": 3,"Group Key": ["(SUBSTRING(customer.c_phone FROM 1 FOR 2))"],"Workers": [],"Plans": [{"Node Type": "Sort","Parent Relationship": "Outer","Parallel Aware": false,"Async Capable": false,"Startup Cost": 5741.19,"Total Cost": 5741.97,"Plan Rows": 310,"Plan Width": 38,"Actual Startup Time": 70.898,"Actual Total Time": 70.980,"Actual Rows": 2171,"Actual Loops": 3,"Sort Key": ["(SUBSTRING(customer.c_phone FROM 1 FOR 2))"],"Sort Method": "quicksort","Sort Space Used": 233,"Sort Space Type": "Memory","Workers": [{"Worker Number": 0,"Sort Method": "quicksort","Sort Space Used": 153,"Sort Space Type": "Memory"},{"Worker Number": 1,"Sort Method": "quicksort","Sort Space Used": 211,"Sort Space Type": "Memory"}],"Plans": [{"Node Type": "Nested Loop","Parent Relationship": "Outer","Parallel Aware": false,"Async Capable": false,"Join Type": "Anti","Startup Cost": 0.43,"Total Cost": 5728.36,"Plan Rows": 310,"Plan Width": 38,"Actual Startup Time": 0.167,"Actual Total Time": 70.054,"Actual Rows": 2171,"Actual Loops": 3,"Inner Unique": false,"Workers": [],"Plans": [{"Node Type": "Seq Scan","Parent Relationship": "Outer","Parallel Aware": true,"Async Capable": false,"Relation Name": "customer","Alias": "customer","Startup Cost": 0.00,"Total Cost": 5225.62,"Plan Rows": 729,"Plan Width": 26,"Actual Startup Time": 0.029,"Actual Total Time": 45.696,"Actual Rows": 6369,"Actual Loops": 3,"Filter": "((c_acctbal > $1) AND (SUBSTRING(c_phone FROM 1 FOR 2) = ANY ('{19,21,14,24,30,18,12}'::text[])))","Rows Removed by Filter": 43631,"Workers": []},{"Node Type": "Index Only Scan","Parent Relationship": "Inner","Parallel Aware": false,"Async Capable": false,"Scan Direction": "Forward","Index Name": "idx_orders_custkey","Relation Name": "orders","Alias": "orders","Startup Cost": 0.43,"Total Cost": 3.28,"Plan Rows": 17,"Plan Width": 4,"Actual Startup Time": 0.003,"Actual Total Time": 0.003,"Actual Rows": 1,"Actual Loops": 19108,"Index Cond": "(o_custkey = customer.c_custkey)","Rows Removed by Index Recheck": 0,"Heap Fetches": 0,"Workers": []}]}]}]}]}]},"Planning Time": 4.909,"Triggers": [],"Execution Time": 143.540}]
[{"Plan": {"Node Type": "Aggregate","Strategy": "Sorted","Partial Mode": "Finalize","Parallel Aware": false,"Async Capable": false,"Startup Cost": 12972.06,"Total Cost": 13071.37,"Plan Rows": 744,"Plan Width": 72,"Actual Startup Time": 135.376,"Actual Total Time": 139.082,"Actual Rows": 7,"Actual Loops": 1,"Group Key": ["(SUBSTRING(customer.c_phone FROM 1 FOR 2))"],"Plans": [{"Node Type": "Aggregate","Strategy": "Plain","Partial Mode": "Finalize","Parent Relationship": "InitPlan","Subplan Name": "InitPlan 1 (returns $1)","Parallel Aware": false,"Async Capable": false,"Startup Cost": 6230.83,"Total Cost": 6230.84,"Plan Rows": 1,"Plan Width": 32,"Actual Startup Time": 58.541,"Actual Total Time": 58.784,"Actual Rows": 1,"Actual Loops": 1,"Plans": [{"Node Type": "Gather","Parent Relationship": "Outer","Parallel Aware": false,"Async Capable": false,"Startup Cost": 6230.61,"Total Cost": 6230.82,"Plan Rows": 2,"Plan Width": 32,"Actual Startup Time": 58.422,"Actual Total Time": 58.768,"Actual Rows": 3,"Actual Loops": 1,"Workers Planned": 2,"Workers Launched": 2,"Single Copy": false,"Plans": [{"Node Type": "Aggregate","Strategy": "Plain","Partial Mode": "Partial","Parent Relationship": "Outer","Parallel Aware": false,"Async Capable": false,"Startup Cost": 5230.61,"Total Cost": 5230.62,"Plan Rows": 1,"Plan Width": 32,"Actual Startup Time": 52.538,"Actual Total Time": 52.539,"Actual Rows": 1,"Actual Loops": 3,"Workers": [],"Plans": [{"Node Type": "Seq Scan","Parent Relationship": "Outer","Parallel Aware": true,"Async Capable": false,"Relation Name": "customer","Alias": "customer_1","Startup Cost": 0.00,"Total Cost": 5225.62,"Plan Rows": 1994,"Plan Width": 6,"Actual Startup Time": 0.046,"Actual Total Time": 51.485,"Actual Rows": 12690,"Actual Loops": 3,"Filter": "((c_acctbal > 0.00) AND (SUBSTRING(c_phone FROM 1 FOR 2) = ANY ('{14,18,25,27,33,31,10}'::text[])))","Rows Removed by Filter": 37310,"Workers": []}]}]}]},{"Node Type": "Gather Merge","Parent Relationship": "Outer","Parallel Aware": false,"Async Capable": false,"Startup Cost": 6741.22,"Total Cost": 6821.30,"Plan Rows": 620,"Plan Width": 72,"Actual Startup Time": 135.236,"Actual Total Time": 138.784,"Actual Rows": 21,"Actual Loops": 1,"Workers Planned": 2,"Params Evaluated": ["$1"],"Workers Launched": 2,"Plans": [{"Node Type": "Aggregate","Strategy": "Sorted","Partial Mode": "Partial","Parent Relationship": "Outer","Parallel Aware": false,"Async Capable": false,"Startup Cost": 5741.19,"Total Cost": 5749.72,"Plan Rows": 310,"Plan Width": 72,"Actual Startup Time": 69.879,"Actual Total Time": 70.188,"Actual Rows": 7,"Actual Loops": 3,"Group Key": ["(SUBSTRING(customer.c_phone FROM 1 FOR 2))"],"Workers": [],"Plans": [{"Node Type": "Sort","Parent Relationship": "Outer","Parallel Aware": false,"Async Capable": false,"Startup Cost": 5741.19,"Total Cost": 5741.97,"Plan Rows": 310,"Plan Width": 38,"Actual Startup Time": 69.809,"Actual Total Time": 69.893,"Actual Rows": 2144,"Actual Loops": 3,"Sort Key": ["(SUBSTRING(customer.c_phone FROM 1 FOR 2))"],"Sort Method": "quicksort","Sort Space Used": 240,"Sort Space Type": "Memory","Workers": [{"Worker Number": 0,"Sort Method": "quicksort","Sort Space Used": 156,"Sort Space Type": "Memory"},{"Worker Number": 1,"Sort Method": "quicksort","Sort Space Used": 149,"Sort Space Type": "Memory"}],"Plans": [{"Node Type": "Nested Loop","Parent Relationship": "Outer","Parallel Aware": false,"Async Capable": false,"Join Type": "Anti","Startup Cost": 0.43,"Total Cost": 5728.36,"Plan Rows": 310,"Plan Width": 38,"Actual Startup Time": 0.156,"Actual Total Time": 69.020,"Actual Rows": 2144,"Actual Loops": 3,"Inner Unique": false,"Workers": [],"Plans": [{"Node Type": "Seq Scan","Parent Relationship": "Outer","Parallel Aware": true,"Async Capable": false,"Relation Name": "customer","Alias": "customer","Startup Cost": 0.00,"Total Cost": 5225.62,"Plan Rows": 729,"Plan Width": 26,"Actual Startup Time": 0.036,"Actual Total Time": 45.603,"Actual Rows": 6324,"Actual Loops": 3,"Filter": "((c_acctbal > $1) AND (SUBSTRING(c_phone FROM 1 FOR 2) = ANY ('{14,18,25,27,33,31,10}'::text[])))","Rows Removed by Filter": 43676,"Workers": []},{"Node Type": "Index Only Scan","Parent Relationship": "Inner","Parallel Aware": false,"Async Capable": false,"Scan Direction": "Forward","Index Name": "idx_orders_custkey","Relation Name": "orders","Alias": "orders","Startup Cost": 0.43,"Total Cost": 3.28,"Plan Rows": 17,"Plan Width": 4,"Actual Startup Time": 0.003,"Actual Total Time": 0.003,"Actual Rows": 1,"Actual Loops": 18972,"Index Cond": "(o_custkey = customer.c_custkey)","Rows Removed by Index Recheck": 0,"Heap Fetches": 0,"Workers": []}]}]}]}]}]},"Planning Time": 4.470,"Triggers": [],"Execution Time": 139.501}]
[{"Plan": {"Node Type": "Aggregate","Strategy": "Sorted","Partial Mode": "Finalize","Parallel Aware": false,"Async Capable": false,"Startup Cost": 12972.06,"Total Cost": 13071.37,"Plan Rows": 744,"Plan Width": 72,"Actual Startup Time": 131.764,"Actual Total Time": 135.931,"Actual Rows": 7,"Actual Loops": 1,"Group Key": ["(SUBSTRING(customer.c_phone FROM 1 FOR 2))"],"Plans": [{"Node Type": "Aggregate","Strategy": "Plain","Partial Mode": "Finalize","Parent Relationship": "InitPlan","Subplan Name": "InitPlan 1 (returns $1)","Parallel Aware": false,"Async Capable": false,"Startup Cost": 6230.83,"Total Cost": 6230.84,"Plan Rows": 1,"Plan Width": 32,"Actual Startup Time": 61.489,"Actual Total Time": 61.767,"Actual Rows": 1,"Actual Loops": 1,"Plans": [{"Node Type": "Gather","Parent Relationship": "Outer","Parallel Aware": false,"Async Capable": false,"Startup Cost": 6230.61,"Total Cost": 6230.82,"Plan Rows": 2,"Plan Width": 32,"Actual Startup Time": 61.388,"Actual Total Time": 61.742,"Actual Rows": 3,"Actual Loops": 1,"Workers Planned": 2,"Workers Launched": 2,"Single Copy": false,"Plans": [{"Node Type": "Aggregate","Strategy": "Plain","Partial Mode": "Partial","Parent Relationship": "Outer","Parallel Aware": false,"Async Capable": false,"Startup Cost": 5230.61,"Total Cost": 5230.62,"Plan Rows": 1,"Plan Width": 32,"Actual Startup Time": 55.395,"Actual Total Time": 55.396,"Actual Rows": 1,"Actual Loops": 3,"Workers": [],"Plans": [{"Node Type": "Seq Scan","Parent Relationship": "Outer","Parallel Aware": true,"Async Capable": false,"Relation Name": "customer","Alias": "customer_1","Startup Cost": 0.00,"Total Cost": 5225.62,"Plan Rows": 1994,"Plan Width": 6,"Actual Startup Time": 0.045,"Actual Total Time": 54.316,"Actual Rows": 12602,"Actual Loops": 3,"Filter": "((c_acctbal > 0.00) AND (SUBSTRING(c_phone FROM 1 FOR 2) = ANY ('{17,15,27,21,11,10,34}'::text[])))","Rows Removed by Filter": 37398,"Workers": []}]}]}]},{"Node Type": "Gather Merge","Parent Relationship": "Outer","Parallel Aware": false,"Async Capable": false,"Startup Cost": 6741.22,"Total Cost": 6821.30,"Plan Rows": 620,"Plan Width": 72,"Actual Startup Time": 131.671,"Actual Total Time": 135.606,"Actual Rows": 21,"Actual Loops": 1,"Workers Planned": 2,"Params Evaluated": ["$1"],"Workers Launched": 2,"Plans": [{"Node Type": "Aggregate","Strategy": "Sorted","Partial Mode": "Partial","Parent Relationship": "Outer","Parallel Aware": false,"Async Capable": false,"Startup Cost": 5741.19,"Total Cost": 5749.72,"Plan Rows": 310,"Plan Width": 72,"Actual Startup Time": 63.333,"Actual Total Time": 63.639,"Actual Rows": 7,"Actual Loops": 3,"Group Key": ["(SUBSTRING(customer.c_phone FROM 1 FOR 2))"],"Workers": [],"Plans": [{"Node Type": "Sort","Parent Relationship": "Outer","Parallel Aware": false,"Async Capable": false,"Startup Cost": 5741.19,"Total Cost": 5741.97,"Plan Rows": 310,"Plan Width": 38,"Actual Startup Time": 63.247,"Actual Total Time": 63.329,"Actual Rows": 2109,"Actual Loops": 3,"Sort Key": ["(SUBSTRING(customer.c_phone FROM 1 FOR 2))"],"Sort Method": "quicksort","Sort Space Used": 230,"Sort Space Type": "Memory","Workers": [{"Worker Number": 0,"Sort Method": "quicksort","Sort Space Used": 155,"Sort Space Type": "Memory"},{"Worker Number": 1,"Sort Method": "quicksort","Sort Space Used": 154,"Sort Space Type": "Memory"}],"Plans": [{"Node Type": "Nested Loop","Parent Relationship": "Outer","Parallel Aware": false,"Async Capable": false,"Join Type": "Anti","Startup Cost": 0.43,"Total Cost": 5728.36,"Plan Rows": 310,"Plan Width": 38,"Actual Startup Time": 0.233,"Actual Total Time": 62.458,"Actual Rows": 2109,"Actual Loops": 3,"Inner Unique": false,"Workers": [],"Plans": [{"Node Type": "Seq Scan","Parent Relationship": "Outer","Parallel Aware": true,"Async Capable": false,"Relation Name": "customer","Alias": "customer","Startup Cost": 0.00,"Total Cost": 5225.62,"Plan Rows": 729,"Plan Width": 26,"Actual Startup Time": 0.046,"Actual Total Time": 41.928,"Actual Rows": 6271,"Actual Loops": 3,"Filter": "((c_acctbal > $1) AND (SUBSTRING(c_phone FROM 1 FOR 2) = ANY ('{17,15,27,21,11,10,34}'::text[])))","Rows Removed by Filter": 43729,"Workers": []},{"Node Type": "Index Only Scan","Parent Relationship": "Inner","Parallel Aware": false,"Async Capable": false,"Scan Direction": "Forward","Index Name": "idx_orders_custkey","Relation Name": "orders","Alias": "orders","Startup Cost": 0.43,"Total Cost": 3.28,"Plan Rows": 17,"Plan Width": 4,"Actual Startup Time": 0.003,"Actual Total Time": 0.003,"Actual Rows": 1,"Actual Loops": 18812,"Index Cond": "(o_custkey = customer.c_custkey)","Rows Removed by Index Recheck": 0,"Heap Fetches": 0,"Workers": []}]}]}]}]}]},"Planning Time": 4.335,"Triggers": [],"Execution Time": 136.394}]
[{"Plan": {"Node Type": "Aggregate","Strategy": "Sorted","Partial Mode": "Finalize","Parallel Aware": false,"Async Capable": false,"Startup Cost": 12972.06,"Total Cost": 13071.37,"Plan Rows": 744,"Plan Width": 72,"Actual Startup Time": 133.427,"Actual Total Time": 137.259,"Actual Rows": 7,"Actual Loops": 1,"Group Key": ["(SUBSTRING(customer.c_phone FROM 1 FOR 2))"],"Plans": [{"Node Type": "Aggregate","Strategy": "Plain","Partial Mode": "Finalize","Parent Relationship": "InitPlan","Subplan Name": "InitPlan 1 (returns $1)","Parallel Aware": false,"Async Capable": false,"Startup Cost": 6230.83,"Total Cost": 6230.84,"Plan Rows": 1,"Plan Width": 32,"Actual Startup Time": 61.248,"Actual Total Time": 61.504,"Actual Rows": 1,"Actual Loops": 1,"Plans": [{"Node Type": "Gather","Parent Relationship": "Outer","Parallel Aware": false,"Async Capable": false,"Startup Cost": 6230.61,"Total Cost": 6230.82,"Plan Rows": 2,"Plan Width": 32,"Actual Startup Time": 61.129,"Actual Total Time": 61.486,"Actual Rows": 3,"Actual Loops": 1,"Workers Planned": 2,"Workers Launched": 2,"Single Copy": false,"Plans": [{"Node Type": "Aggregate","Strategy": "Plain","Partial Mode": "Partial","Parent Relationship": "Outer","Parallel Aware": false,"Async Capable": false,"Startup Cost": 5230.61,"Total Cost": 5230.62,"Plan Rows": 1,"Plan Width": 32,"Actual Startup Time": 54.877,"Actual Total Time": 54.880,"Actual Rows": 1,"Actual Loops": 3,"Workers": [],"Plans": [{"Node Type": "Seq Scan","Parent Relationship": "Outer","Parallel Aware": true,"Async Capable": false,"Relation Name": "customer","Alias": "customer_1","Startup Cost": 0.00,"Total Cost": 5225.62,"Plan Rows": 1994,"Plan Width": 6,"Actual Startup Time": 0.056,"Actual Total Time": 53.833,"Actual Rows": 12834,"Actual Loops": 3,"Filter": "((c_acctbal > 0.00) AND (SUBSTRING(c_phone FROM 1 FOR 2) = ANY ('{23,28,25,11,19,29,32}'::text[])))","Rows Removed by Filter": 37166,"Workers": []}]}]}]},{"Node Type": "Gather Merge","Parent Relationship": "Outer","Parallel Aware": false,"Async Capable": false,"Startup Cost": 6741.22,"Total Cost": 6821.30,"Plan Rows": 620,"Plan Width": 72,"Actual Startup Time": 133.316,"Actual Total Time": 136.950,"Actual Rows": 21,"Actual Loops": 1,"Workers Planned": 2,"Params Evaluated": ["$1"],"Workers Launched": 2,"Plans": [{"Node Type": "Aggregate","Strategy": "Sorted","Partial Mode": "Partial","Parent Relationship": "Outer","Parallel Aware": false,"Async Capable": false,"Startup Cost": 5741.19,"Total Cost": 5749.72,"Plan Rows": 310,"Plan Width": 72,"Actual Startup Time": 65.321,"Actual Total Time": 65.632,"Actual Rows": 7,"Actual Loops": 3,"Group Key": ["(SUBSTRING(customer.c_phone FROM 1 FOR 2))"],"Workers": [],"Plans": [{"Node Type": "Sort","Parent Relationship": "Outer","Parallel Aware": false,"Async Capable": false,"Startup Cost": 5741.19,"Total Cost": 5741.97,"Plan Rows": 310,"Plan Width": 38,"Actual Startup Time": 65.242,"Actual Total Time": 65.324,"Actual Rows": 2142,"Actual Loops": 3,"Sort Key": ["(SUBSTRING(customer.c_phone FROM 1 FOR 2))"],"Sort Method": "quicksort","Sort Space Used": 238,"Sort Space Type": "Memory","Workers": [{"Worker Number": 0,"Sort Method": "quicksort","Sort Space Used": 151,"Sort Space Type": "Memory"},{"Worker Number": 1,"Sort Method": "quicksort","Sort Space Used": 156,"Sort Space Type": "Memory"}],"Plans": [{"Node Type": "Nested Loop","Parent Relationship": "Outer","Parallel Aware": false,"Async Capable": false,"Join Type": "Anti","Startup Cost": 0.43,"Total Cost": 5728.36,"Plan Rows": 310,"Plan Width": 38,"Actual Startup Time": 0.147,"Actual Total Time": 64.417,"Actual Rows": 2142,"Actual Loops": 3,"Inner Unique": false,"Workers": [],"Plans": [{"Node Type": "Seq Scan","Parent Relationship": "Outer","Parallel Aware": true,"Async Capable": false,"Relation Name": "customer","Alias": "customer","Startup Cost": 0.00,"Total Cost": 5225.62,"Plan Rows": 729,"Plan Width": 26,"Actual Startup Time": 0.030,"Actual Total Time": 43.192,"Actual Rows": 6411,"Actual Loops": 3,"Filter": "((c_acctbal > $1) AND (SUBSTRING(c_phone FROM 1 FOR 2) = ANY ('{23,28,25,11,19,29,32}'::text[])))","Rows Removed by Filter": 43589,"Workers": []},{"Node Type": "Index Only Scan","Parent Relationship": "Inner","Parallel Aware": false,"Async Capable": false,"Scan Direction": "Forward","Index Name": "idx_orders_custkey","Relation Name": "orders","Alias": "orders","Startup Cost": 0.43,"Total Cost": 3.28,"Plan Rows": 17,"Plan Width": 4,"Actual Startup Time": 0.003,"Actual Total Time": 0.003,"Actual Rows": 1,"Actual Loops": 19234,"Index Cond": "(o_custkey = customer.c_custkey)","Rows Removed by Index Recheck": 0,"Heap Fetches": 0,"Workers": []}]}]}]}]}]},"Planning Time": 3.766,"Triggers": [],"Execution Time": 137.666}]
[{"Plan": {"Node Type": "Aggregate","Strategy": "Sorted","Partial Mode": "Finalize","Parallel Aware": false,"Async Capable": false,"Startup Cost": 12972.06,"Total Cost": 13071.37,"Plan Rows": 744,"Plan Width": 72,"Actual Startup Time": 137.754,"Actual Total Time": 141.178,"Actual Rows": 7,"Actual Loops": 1,"Group Key": ["(SUBSTRING(customer.c_phone FROM 1 FOR 2))"],"Plans": [{"Node Type": "Aggregate","Strategy": "Plain","Partial Mode": "Finalize","Parent Relationship": "InitPlan","Subplan Name": "InitPlan 1 (returns $1)","Parallel Aware": false,"Async Capable": false,"Startup Cost": 6230.83,"Total Cost": 6230.84,"Plan Rows": 1,"Plan Width": 32,"Actual Startup Time": 60.100,"Actual Total Time": 60.285,"Actual Rows": 1,"Actual Loops": 1,"Plans": [{"Node Type": "Gather","Parent Relationship": "Outer","Parallel Aware": false,"Async Capable": false,"Startup Cost": 6230.61,"Total Cost": 6230.82,"Plan Rows": 2,"Plan Width": 32,"Actual Startup Time": 59.984,"Actual Total Time": 60.268,"Actual Rows": 3,"Actual Loops": 1,"Workers Planned": 2,"Workers Launched": 2,"Single Copy": false,"Plans": [{"Node Type": "Aggregate","Strategy": "Plain","Partial Mode": "Partial","Parent Relationship": "Outer","Parallel Aware": false,"Async Capable": false,"Startup Cost": 5230.61,"Total Cost": 5230.62,"Plan Rows": 1,"Plan Width": 32,"Actual Startup Time": 53.779,"Actual Total Time": 53.782,"Actual Rows": 1,"Actual Loops": 3,"Workers": [],"Plans": [{"Node Type": "Seq Scan","Parent Relationship": "Outer","Parallel Aware": true,"Async Capable": false,"Relation Name": "customer","Alias": "customer_1","Startup Cost": 0.00,"Total Cost": 5225.62,"Plan Rows": 1994,"Plan Width": 6,"Actual Startup Time": 0.050,"Actual Total Time": 52.684,"Actual Rows": 12669,"Actual Loops": 3,"Filter": "((c_acctbal > 0.00) AND (SUBSTRING(c_phone FROM 1 FOR 2) = ANY ('{33,18,26,22,21,25,17}'::text[])))","Rows Removed by Filter": 37331,"Workers": []}]}]}]},{"Node Type": "Gather Merge","Parent Relationship": "Outer","Parallel Aware": false,"Async Capable": false,"Startup Cost": 6741.22,"Total Cost": 6821.30,"Plan Rows": 620,"Plan Width": 72,"Actual Startup Time": 137.611,"Actual Total Time": 140.928,"Actual Rows": 21,"Actual Loops": 1,"Workers Planned": 2,"Params Evaluated": ["$1"],"Workers Launched": 2,"Plans": [{"Node Type": "Aggregate","Strategy": "Sorted","Partial Mode": "Partial","Parent Relationship": "Outer","Parallel Aware": false,"Async Capable": false,"Startup Cost": 5741.19,"Total Cost": 5749.72,"Plan Rows": 310,"Plan Width": 72,"Actual Startup Time": 70.701,"Actual Total Time": 71.004,"Actual Rows": 7,"Actual Loops": 3,"Group Key": ["(SUBSTRING(customer.c_phone FROM 1 FOR 2))"],"Workers": [],"Plans": [{"Node Type": "Sort","Parent Relationship": "Outer","Parallel Aware": false,"Async Capable": false,"Startup Cost": 5741.19,"Total Cost": 5741.97,"Plan Rows": 310,"Plan Width": 38,"Actual Startup Time": 70.636,"Actual Total Time": 70.720,"Actual Rows": 2118,"Actual Loops": 3,"Sort Key": ["(SUBSTRING(customer.c_phone FROM 1 FOR 2))"],"Sort Method": "quicksort","Sort Space Used": 233,"Sort Space Type": "Memory","Workers": [{"Worker Number": 0,"Sort Method": "quicksort","Sort Space Used": 153,"Sort Space Type": "Memory"},{"Worker Number": 1,"Sort Method": "quicksort","Sort Space Used": 154,"Sort Space Type": "Memory"}],"Plans": [{"Node Type": "Nested Loop","Parent Relationship": "Outer","Parallel Aware": false,"Async Capable": false,"Join Type": "Anti","Startup Cost": 0.43,"Total Cost": 5728.36,"Plan Rows": 310,"Plan Width": 38,"Actual Startup Time": 0.146,"Actual Total Time": 69.843,"Actual Rows": 2118,"Actual Loops": 3,"Inner Unique": false,"Workers": [],"Plans": [{"Node Type": "Seq Scan","Parent Relationship": "Outer","Parallel Aware": true,"Async Capable": false,"Relation Name": "customer","Alias": "customer","Startup Cost": 0.00,"Total Cost": 5225.62,"Plan Rows": 729,"Plan Width": 26,"Actual Startup Time": 0.057,"Actual Total Time": 45.859,"Actual Rows": 6342,"Actual Loops": 3,"Filter": "((c_acctbal > $1) AND (SUBSTRING(c_phone FROM 1 FOR 2) = ANY ('{33,18,26,22,21,25,17}'::text[])))","Rows Removed by Filter": 43658,"Workers": []},{"Node Type": "Index Only Scan","Parent Relationship": "Inner","Parallel Aware": false,"Async Capable": false,"Scan Direction": "Forward","Index Name": "idx_orders_custkey","Relation Name": "orders","Alias": "orders","Startup Cost": 0.43,"Total Cost": 3.28,"Plan Rows": 17,"Plan Width": 4,"Actual Startup Time": 0.003,"Actual Total Time": 0.003,"Actual Rows": 1,"Actual Loops": 19026,"Index Cond": "(o_custkey = customer.c_custkey)","Rows Removed by Index Recheck": 0,"Heap Fetches": 0,"Workers": []}]}]}]}]}]},"Planning Time": 3.826,"Triggers": [],"Execution Time": 141.529}]
[{"Plan": {"Node Type": "Aggregate","Strategy": "Sorted","Partial Mode": "Finalize","Parallel Aware": false,"Async Capable": false,"Startup Cost": 12972.06,"Total Cost": 13071.37,"Plan Rows": 744,"Plan Width": 72,"Actual Startup Time": 136.000,"Actual Total Time": 139.798,"Actual Rows": 7,"Actual Loops": 1,"Group Key": ["(SUBSTRING(customer.c_phone FROM 1 FOR 2))"],"Plans": [{"Node Type": "Aggregate","Strategy": "Plain","Partial Mode": "Finalize","Parent Relationship": "InitPlan","Subplan Name": "InitPlan 1 (returns $1)","Parallel Aware": false,"Async Capable": false,"Startup Cost": 6230.83,"Total Cost": 6230.84,"Plan Rows": 1,"Plan Width": 32,"Actual Startup Time": 59.697,"Actual Total Time": 59.946,"Actual Rows": 1,"Actual Loops": 1,"Plans": [{"Node Type": "Gather","Parent Relationship": "Outer","Parallel Aware": false,"Async Capable": false,"Startup Cost": 6230.61,"Total Cost": 6230.82,"Plan Rows": 2,"Plan Width": 32,"Actual Startup Time": 59.590,"Actual Total Time": 59.927,"Actual Rows": 3,"Actual Loops": 1,"Workers Planned": 2,"Workers Launched": 2,"Single Copy": false,"Plans": [{"Node Type": "Aggregate","Strategy": "Plain","Partial Mode": "Partial","Parent Relationship": "Outer","Parallel Aware": false,"Async Capable": false,"Startup Cost": 5230.61,"Total Cost": 5230.62,"Plan Rows": 1,"Plan Width": 32,"Actual Startup Time": 53.597,"Actual Total Time": 53.599,"Actual Rows": 1,"Actual Loops": 3,"Workers": [],"Plans": [{"Node Type": "Seq Scan","Parent Relationship": "Outer","Parallel Aware": true,"Async Capable": false,"Relation Name": "customer","Alias": "customer_1","Startup Cost": 0.00,"Total Cost": 5225.62,"Plan Rows": 1994,"Plan Width": 6,"Actual Startup Time": 0.053,"Actual Total Time": 52.548,"Actual Rows": 12676,"Actual Loops": 3,"Filter": "((c_acctbal > 0.00) AND (SUBSTRING(c_phone FROM 1 FOR 2) = ANY ('{25,26,10,29,22,20,31}'::text[])))","Rows Removed by Filter": 37324,"Workers": []}]}]}]},{"Node Type": "Gather Merge","Parent Relationship": "Outer","Parallel Aware": false,"Async Capable": false,"Startup Cost": 6741.22,"Total Cost": 6821.30,"Plan Rows": 620,"Plan Width": 72,"Actual Startup Time": 135.870,"Actual Total Time": 139.493,"Actual Rows": 21,"Actual Loops": 1,"Workers Planned": 2,"Params Evaluated": ["$1"],"Workers Launched": 2,"Plans": [{"Node Type": "Aggregate","Strategy": "Sorted","Partial Mode": "Partial","Parent Relationship": "Outer","Parallel Aware": false,"Async Capable": false,"Startup Cost": 5741.19,"Total Cost": 5749.72,"Plan Rows": 310,"Plan Width": 72,"Actual Startup Time": 69.478,"Actual Total Time": 69.775,"Actual Rows": 7,"Actual Loops": 3,"Group Key": ["(SUBSTRING(customer.c_phone FROM 1 FOR 2))"],"Workers": [],"Plans": [{"Node Type": "Sort","Parent Relationship": "Outer","Parallel Aware": false,"Async Capable": false,"Startup Cost": 5741.19,"Total Cost": 5741.97,"Plan Rows": 310,"Plan Width": 38,"Actual Startup Time": 69.405,"Actual Total Time": 69.488,"Actual Rows": 2097,"Actual Loops": 3,"Sort Key": ["(SUBSTRING(customer.c_phone FROM 1 FOR 2))"],"Sort Method": "quicksort","Sort Space Used": 233,"Sort Space Type": "Memory","Workers": [{"Worker Number": 0,"Sort Method": "quicksort","Sort Space Used": 156,"Sort Space Type": "Memory"},{"Worker Number": 1,"Sort Method": "quicksort","Sort Space Used": 148,"Sort Space Type": "Memory"}],"Plans": [{"Node Type": "Nested Loop","Parent Relationship": "Outer","Parallel Aware": false,"Async Capable": false,"Join Type": "Anti","Startup Cost": 0.43,"Total Cost": 5728.36,"Plan Rows": 310,"Plan Width": 38,"Actual Startup Time": 0.133,"Actual Total Time": 68.629,"Actual Rows": 2097,"Actual Loops": 3,"Inner Unique": false,"Workers": [],"Plans": [{"Node Type": "Seq Scan","Parent Relationship": "Outer","Parallel Aware": true,"Async Capable": false,"Relation Name": "customer","Alias": "customer","Startup Cost": 0.00,"Total Cost": 5225.62,"Plan Rows": 729,"Plan Width": 26,"Actual Startup Time": 0.036,"Actual Total Time": 45.366,"Actual Rows": 6355,"Actual Loops": 3,"Filter": "((c_acctbal > $1) AND (SUBSTRING(c_phone FROM 1 FOR 2) = ANY ('{25,26,10,29,22,20,31}'::text[])))","Rows Removed by Filter": 43645,"Workers": []},{"Node Type": "Index Only Scan","Parent Relationship": "Inner","Parallel Aware": false,"Async Capable": false,"Scan Direction": "Forward","Index Name": "idx_orders_custkey","Relation Name": "orders","Alias": "orders","Startup Cost": 0.43,"Total Cost": 3.28,"Plan Rows": 17,"Plan Width": 4,"Actual Startup Time": 0.003,"Actual Total Time": 0.003,"Actual Rows": 1,"Actual Loops": 19066,"Index Cond": "(o_custkey = customer.c_custkey)","Rows Removed by Index Recheck": 0,"Heap Fetches": 0,"Workers": []}]}]}]}]}]},"Planning Time": 3.933,"Triggers": [],"Execution Time": 140.122}]
[{"Plan": {"Node Type": "Aggregate","Strategy": "Sorted","Partial Mode": "Finalize","Parallel Aware": false,"Async Capable": false,"Startup Cost": 12972.06,"Total Cost": 13071.37,"Plan Rows": 744,"Plan Width": 72,"Actual Startup Time": 135.258,"Actual Total Time": 138.795,"Actual Rows": 7,"Actual Loops": 1,"Group Key": ["(SUBSTRING(customer.c_phone FROM 1 FOR 2))"],"Plans": [{"Node Type": "Aggregate","Strategy": "Plain","Partial Mode": "Finalize","Parent Relationship": "InitPlan","Subplan Name": "InitPlan 1 (returns $1)","Parallel Aware": false,"Async Capable": false,"Startup Cost": 6230.83,"Total Cost": 6230.84,"Plan Rows": 1,"Plan Width": 32,"Actual Startup Time": 58.985,"Actual Total Time": 59.204,"Actual Rows": 1,"Actual Loops": 1,"Plans": [{"Node Type": "Gather","Parent Relationship": "Outer","Parallel Aware": false,"Async Capable": false,"Startup Cost": 6230.61,"Total Cost": 6230.82,"Plan Rows": 2,"Plan Width": 32,"Actual Startup Time": 58.903,"Actual Total Time": 59.186,"Actual Rows": 3,"Actual Loops": 1,"Workers Planned": 2,"Workers Launched": 2,"Single Copy": false,"Plans": [{"Node Type": "Aggregate","Strategy": "Plain","Partial Mode": "Partial","Parent Relationship": "Outer","Parallel Aware": false,"Async Capable": false,"Startup Cost": 5230.61,"Total Cost": 5230.62,"Plan Rows": 1,"Plan Width": 32,"Actual Startup Time": 53.121,"Actual Total Time": 53.122,"Actual Rows": 1,"Actual Loops": 3,"Workers": [],"Plans": [{"Node Type": "Seq Scan","Parent Relationship": "Outer","Parallel Aware": true,"Async Capable": false,"Relation Name": "customer","Alias": "customer_1","Startup Cost": 0.00,"Total Cost": 5225.62,"Plan Rows": 1994,"Plan Width": 6,"Actual Startup Time": 0.059,"Actual Total Time": 52.027,"Actual Rows": 12739,"Actual Loops": 3,"Filter": "((c_acctbal > 0.00) AND (SUBSTRING(c_phone FROM 1 FOR 2) = ANY ('{24,26,27,23,19,21,17}'::text[])))","Rows Removed by Filter": 37261,"Workers": []}]}]}]},{"Node Type": "Gather Merge","Parent Relationship": "Outer","Parallel Aware": false,"Async Capable": false,"Startup Cost": 6741.22,"Total Cost": 6821.30,"Plan Rows": 620,"Plan Width": 72,"Actual Startup Time": 135.127,"Actual Total Time": 138.531,"Actual Rows": 21,"Actual Loops": 1,"Workers Planned": 2,"Params Evaluated": ["$1"],"Workers Launched": 2,"Plans": [{"Node Type": "Aggregate","Strategy": "Sorted","Partial Mode": "Partial","Parent Relationship": "Outer","Parallel Aware": false,"Async Capable": false,"Startup Cost": 5741.19,"Total Cost": 5749.72,"Plan Rows": 310,"Plan Width": 72,"Actual Startup Time": 69.462,"Actual Total Time": 69.753,"Actual Rows": 7,"Actual Loops": 3,"Group Key": ["(SUBSTRING(customer.c_phone FROM 1 FOR 2))"],"Workers": [],"Plans": [{"Node Type": "Sort","Parent Relationship": "Outer","Parallel Aware": false,"Async Capable": false,"Startup Cost": 5741.19,"Total Cost": 5741.97,"Plan Rows": 310,"Plan Width": 38,"Actual Startup Time": 69.395,"Actual Total Time": 69.473,"Actual Rows": 2111,"Actual Loops": 3,"Sort Key": ["(SUBSTRING(customer.c_phone FROM 1 FOR 2))"],"Sort Method": "quicksort","Sort Space Used": 236,"Sort Space Type": "Memory","Workers": [{"Worker Number": 0,"Sort Method": "quicksort","Sort Space Used": 153,"Sort Space Type": "Memory"},{"Worker Number": 1,"Sort Method": "quicksort","Sort Space Used": 150,"Sort Space Type": "Memory"}],"Plans": [{"Node Type": "Nested Loop","Parent Relationship": "Outer","Parallel Aware": false,"Async Capable": false,"Join Type": "Anti","Startup Cost": 0.43,"Total Cost": 5728.36,"Plan Rows": 310,"Plan Width": 38,"Actual Startup Time": 0.220,"Actual Total Time": 68.590,"Actual Rows": 2111,"Actual Loops": 3,"Inner Unique": false,"Workers": [],"Plans": [{"Node Type": "Seq Scan","Parent Relationship": "Outer","Parallel Aware": true,"Async Capable": false,"Relation Name": "customer","Alias": "customer","Startup Cost": 0.00,"Total Cost": 5225.62,"Plan Rows": 729,"Plan Width": 26,"Actual Startup Time": 0.056,"Actual Total Time": 45.444,"Actual Rows": 6362,"Actual Loops": 3,"Filter": "((c_acctbal > $1) AND (SUBSTRING(c_phone FROM 1 FOR 2) = ANY ('{24,26,27,23,19,21,17}'::text[])))","Rows Removed by Filter": 43638,"Workers": []},{"Node Type": "Index Only Scan","Parent Relationship": "Inner","Parallel Aware": false,"Async Capable": false,"Scan Direction": "Forward","Index Name": "idx_orders_custkey","Relation Name": "orders","Alias": "orders","Startup Cost": 0.43,"Total Cost": 3.28,"Plan Rows": 17,"Plan Width": 4,"Actual Startup Time": 0.003,"Actual Total Time": 0.003,"Actual Rows": 1,"Actual Loops": 19085,"Index Cond": "(o_custkey = customer.c_custkey)","Rows Removed by Index Recheck": 0,"Heap Fetches": 0,"Workers": []}]}]}]}]}]},"Planning Time": 3.801,"Triggers": [],"Execution Time": 139.146}]
[{"Plan": {"Node Type": "Aggregate","Strategy": "Sorted","Partial Mode": "Finalize","Parallel Aware": false,"Async Capable": false,"Startup Cost": 12972.06,"Total Cost": 13071.37,"Plan Rows": 744,"Plan Width": 72,"Actual Startup Time": 135.490,"Actual Total Time": 139.232,"Actual Rows": 7,"Actual Loops": 1,"Group Key": ["(SUBSTRING(customer.c_phone FROM 1 FOR 2))"],"Plans": [{"Node Type": "Aggregate","Strategy": "Plain","Partial Mode": "Finalize","Parent Relationship": "InitPlan","Subplan Name": "InitPlan 1 (returns $1)","Parallel Aware": false,"Async Capable": false,"Startup Cost": 6230.83,"Total Cost": 6230.84,"Plan Rows": 1,"Plan Width": 32,"Actual Startup Time": 59.226,"Actual Total Time": 59.416,"Actual Rows": 1,"Actual Loops": 1,"Plans": [{"Node Type": "Gather","Parent Relationship": "Outer","Parallel Aware": false,"Async Capable": false,"Startup Cost": 6230.61,"Total Cost": 6230.82,"Plan Rows": 2,"Plan Width": 32,"Actual Startup Time": 59.133,"Actual Total Time": 59.398,"Actual Rows": 3,"Actual Loops": 1,"Workers Planned": 2,"Workers Launched": 2,"Single Copy": false,"Plans": [{"Node Type": "Aggregate","Strategy": "Plain","Partial Mode": "Partial","Parent Relationship": "Outer","Parallel Aware": false,"Async Capable": false,"Startup Cost": 5230.61,"Total Cost": 5230.62,"Plan Rows": 1,"Plan Width": 32,"Actual Startup Time": 53.302,"Actual Total Time": 53.303,"Actual Rows": 1,"Actual Loops": 3,"Workers": [],"Plans": [{"Node Type": "Seq Scan","Parent Relationship": "Outer","Parallel Aware": true,"Async Capable": false,"Relation Name": "customer","Alias": "customer_1","Startup Cost": 0.00,"Total Cost": 5225.62,"Plan Rows": 1994,"Plan Width": 6,"Actual Startup Time": 0.054,"Actual Total Time": 52.238,"Actual Rows": 12761,"Actual Loops": 3,"Filter": "((c_acctbal > 0.00) AND (SUBSTRING(c_phone FROM 1 FOR 2) = ANY ('{21,29,16,10,23,12,24}'::text[])))","Rows Removed by Filter": 37239,"Workers": []}]}]}]},{"Node Type": "Gather Merge","Parent Relationship": "Outer","Parallel Aware": false,"Async Capable": false,"Startup Cost": 6741.22,"Total Cost": 6821.30,"Plan Rows": 620,"Plan Width": 72,"Actual Startup Time": 135.354,"Actual Total Time": 138.985,"Actual Rows": 21,"Actual Loops": 1,"Workers Planned": 2,"Params Evaluated": ["$1"],"Workers Launched": 2,"Plans": [{"Node Type": "Aggregate","Strategy": "Sorted","Partial Mode": "Partial","Parent Relationship": "Outer","Parallel Aware": false,"Async Capable": false,"Startup Cost": 5741.19,"Total Cost": 5749.72,"Plan Rows": 310,"Plan Width": 72,"Actual Startup Time": 69.091,"Actual Total Time": 69.391,"Actual Rows": 7,"Actual Loops": 3,"Group Key": ["(SUBSTRING(customer.c_phone FROM 1 FOR 2))"],"Workers": [],"Plans": [{"Node Type": "Sort","Parent Relationship": "Outer","Parallel Aware": false,"Async Capable": false,"Startup Cost": 5741.19,"Total Cost": 5741.97,"Plan Rows": 310,"Plan Width": 38,"Actual Startup Time": 69.021,"Actual Total Time": 69.102,"Actual Rows": 2120,"Actual Loops": 3,"Sort Key": ["(SUBSTRING(customer.c_phone FROM 1 FOR 2))"],"Sort Method": "quicksort","Sort Space Used": 233,"Sort Space Type": "Memory","Workers": [{"Worker Number": 0,"Sort Method": "quicksort","Sort Space Used": 156,"Sort Space Type": "Memory"},{"Worker Number": 1,"Sort Method": "quicksort","Sort Space Used": 151,"Sort Space Type": "Memory"}],"Plans": [{"Node Type": "Nested Loop","Parent Relationship": "Outer","Parallel Aware": false,"Async Capable": false,"Join Type": "Anti","Startup Cost": 0.43,"Total Cost": 5728.36,"Plan Rows": 310,"Plan Width": 38,"Actual Startup Time": 0.197,"Actual Total Time": 68.202,"Actual Rows": 2120,"Actual Loops": 3,"Inner Unique": false,"Workers": [],"Plans": [{"Node Type": "Seq Scan","Parent Relationship": "Outer","Parallel Aware": true,"Async Capable": false,"Relation Name": "customer","Alias": "customer","Startup Cost": 0.00,"Total Cost": 5225.62,"Plan Rows": 729,"Plan Width": 26,"Actual Startup Time": 0.048,"Actual Total Time": 44.765,"Actual Rows": 6366,"Actual Loops": 3,"Filter": "((c_acctbal > $1) AND (SUBSTRING(c_phone FROM 1 FOR 2) = ANY ('{21,29,16,10,23,12,24}'::text[])))","Rows Removed by Filter": 43634,"Workers": []},{"Node Type": "Index Only Scan","Parent Relationship": "Inner","Parallel Aware": false,"Async Capable": false,"Scan Direction": "Forward","Index Name": "idx_orders_custkey","Relation Name": "orders","Alias": "orders","Startup Cost": 0.43,"Total Cost": 3.28,"Plan Rows": 17,"Plan Width": 4,"Actual Startup Time": 0.003,"Actual Total Time": 0.003,"Actual Rows": 1,"Actual Loops": 19098,"Index Cond": "(o_custkey = customer.c_custkey)","Rows Removed by Index Recheck": 0,"Heap Fetches": 0,"Workers": []}]}]}]}]}]},"Planning Time": 4.112,"Triggers": [],"Execution Time": 139.537}]
[{"Plan": {"Node Type": "Aggregate","Strategy": "Sorted","Partial Mode": "Finalize","Parallel Aware": false,"Async Capable": false,"Startup Cost": 12972.06,"Total Cost": 13071.37,"Plan Rows": 744,"Plan Width": 72,"Actual Startup Time": 133.440,"Actual Total Time": 137.193,"Actual Rows": 7,"Actual Loops": 1,"Group Key": ["(SUBSTRING(customer.c_phone FROM 1 FOR 2))"],"Plans": [{"Node Type": "Aggregate","Strategy": "Plain","Partial Mode": "Finalize","Parent Relationship": "InitPlan","Subplan Name": "InitPlan 1 (returns $1)","Parallel Aware": false,"Async Capable": false,"Startup Cost": 6230.83,"Total Cost": 6230.84,"Plan Rows": 1,"Plan Width": 32,"Actual Startup Time": 59.147,"Actual Total Time": 59.335,"Actual Rows": 1,"Actual Loops": 1,"Plans": [{"Node Type": "Gather","Parent Relationship": "Outer","Parallel Aware": false,"Async Capable": false,"Startup Cost": 6230.61,"Total Cost": 6230.82,"Plan Rows": 2,"Plan Width": 32,"Actual Startup Time": 59.040,"Actual Total Time": 59.318,"Actual Rows": 3,"Actual Loops": 1,"Workers Planned": 2,"Workers Launched": 2,"Single Copy": false,"Plans": [{"Node Type": "Aggregate","Strategy": "Plain","Partial Mode": "Partial","Parent Relationship": "Outer","Parallel Aware": false,"Async Capable": false,"Startup Cost": 5230.61,"Total Cost": 5230.62,"Plan Rows": 1,"Plan Width": 32,"Actual Startup Time": 53.001,"Actual Total Time": 53.003,"Actual Rows": 1,"Actual Loops": 3,"Workers": [],"Plans": [{"Node Type": "Seq Scan","Parent Relationship": "Outer","Parallel Aware": true,"Async Capable": false,"Relation Name": "customer","Alias": "customer_1","Startup Cost": 0.00,"Total Cost": 5225.62,"Plan Rows": 1994,"Plan Width": 6,"Actual Startup Time": 0.051,"Actual Total Time": 51.916,"Actual Rows": 12757,"Actual Loops": 3,"Filter": "((c_acctbal > 0.00) AND (SUBSTRING(c_phone FROM 1 FOR 2) = ANY ('{22,19,26,25,33,13,34}'::text[])))","Rows Removed by Filter": 37243,"Workers": []}]}]}]},{"Node Type": "Gather Merge","Parent Relationship": "Outer","Parallel Aware": false,"Async Capable": false,"Startup Cost": 6741.22,"Total Cost": 6821.30,"Plan Rows": 620,"Plan Width": 72,"Actual Startup Time": 133.315,"Actual Total Time": 136.946,"Actual Rows": 21,"Actual Loops": 1,"Workers Planned": 2,"Params Evaluated": ["$1"],"Workers Launched": 2,"Plans": [{"Node Type": "Aggregate","Strategy": "Sorted","Partial Mode": "Partial","Parent Relationship": "Outer","Parallel Aware": false,"Async Capable": false,"Startup Cost": 5741.19,"Total Cost": 5749.72,"Plan Rows": 310,"Plan Width": 72,"Actual Startup Time": 67.545,"Actual Total Time": 67.839,"Actual Rows": 7,"Actual Loops": 3,"Group Key": ["(SUBSTRING(customer.c_phone FROM 1 FOR 2))"],"Workers": [],"Plans": [{"Node Type": "Sort","Parent Relationship": "Outer","Parallel Aware": false,"Async Capable": false,"Startup Cost": 5741.19,"Total Cost": 5741.97,"Plan Rows": 310,"Plan Width": 38,"Actual Startup Time": 67.478,"Actual Total Time": 67.555,"Actual Rows": 2118,"Actual Loops": 3,"Sort Key": ["(SUBSTRING(customer.c_phone FROM 1 FOR 2))"],"Sort Method": "quicksort","Sort Space Used": 237,"Sort Space Type": "Memory","Workers": [{"Worker Number": 0,"Sort Method": "quicksort","Sort Space Used": 153,"Sort Space Type": "Memory"},{"Worker Number": 1,"Sort Method": "quicksort","Sort Space Used": 150,"Sort Space Type": "Memory"}],"Plans": [{"Node Type": "Nested Loop","Parent Relationship": "Outer","Parallel Aware": false,"Async Capable": false,"Join Type": "Anti","Startup Cost": 0.43,"Total Cost": 5728.36,"Plan Rows": 310,"Plan Width": 38,"Actual Startup Time": 0.122,"Actual Total Time": 66.688,"Actual Rows": 2118,"Actual Loops": 3,"Inner Unique": false,"Workers": [],"Plans": [{"Node Type": "Seq Scan","Parent Relationship": "Outer","Parallel Aware": true,"Async Capable": false,"Relation Name": "customer","Alias": "customer","Startup Cost": 0.00,"Total Cost": 5225.62,"Plan Rows": 729,"Plan Width": 26,"Actual Startup Time": 0.030,"Actual Total Time": 43.808,"Actual Rows": 6365,"Actual Loops": 3,"Filter": "((c_acctbal > $1) AND (SUBSTRING(c_phone FROM 1 FOR 2) = ANY ('{22,19,26,25,33,13,34}'::text[])))","Rows Removed by Filter": 43635,"Workers": []},{"Node Type": "Index Only Scan","Parent Relationship": "Inner","Parallel Aware": false,"Async Capable": false,"Scan Direction": "Forward","Index Name": "idx_orders_custkey","Relation Name": "orders","Alias": "orders","Startup Cost": 0.43,"Total Cost": 3.28,"Plan Rows": 17,"Plan Width": 4,"Actual Startup Time": 0.003,"Actual Total Time": 0.003,"Actual Rows": 1,"Actual Loops": 19095,"Index Cond": "(o_custkey = customer.c_custkey)","Rows Removed by Index Recheck": 0,"Heap Fetches": 0,"Workers": []}]}]}]}]}]},"Planning Time": 4.537,"Triggers": [],"Execution Time": 137.597}]
[{"Plan": {"Node Type": "Aggregate","Strategy": "Sorted","Partial Mode": "Finalize","Parallel Aware": false,"Async Capable": false,"Startup Cost": 12972.06,"Total Cost": 13071.37,"Plan Rows": 744,"Plan Width": 72,"Actual Startup Time": 137.224,"Actual Total Time": 140.737,"Actual Rows": 7,"Actual Loops": 1,"Group Key": ["(SUBSTRING(customer.c_phone FROM 1 FOR 2))"],"Plans": [{"Node Type": "Aggregate","Strategy": "Plain","Partial Mode": "Finalize","Parent Relationship": "InitPlan","Subplan Name": "InitPlan 1 (returns $1)","Parallel Aware": false,"Async Capable": false,"Startup Cost": 6230.83,"Total Cost": 6230.84,"Plan Rows": 1,"Plan Width": 32,"Actual Startup Time": 62.588,"Actual Total Time": 62.815,"Actual Rows": 1,"Actual Loops": 1,"Plans": [{"Node Type": "Gather","Parent Relationship": "Outer","Parallel Aware": false,"Async Capable": false,"Startup Cost": 6230.61,"Total Cost": 6230.82,"Plan Rows": 2,"Plan Width": 32,"Actual Startup Time": 62.479,"Actual Total Time": 62.799,"Actual Rows": 3,"Actual Loops": 1,"Workers Planned": 2,"Workers Launched": 2,"Single Copy": false,"Plans": [{"Node Type": "Aggregate","Strategy": "Plain","Partial Mode": "Partial","Parent Relationship": "Outer","Parallel Aware": false,"Async Capable": false,"Startup Cost": 5230.61,"Total Cost": 5230.62,"Plan Rows": 1,"Plan Width": 32,"Actual Startup Time": 55.910,"Actual Total Time": 55.912,"Actual Rows": 1,"Actual Loops": 3,"Workers": [],"Plans": [{"Node Type": "Seq Scan","Parent Relationship": "Outer","Parallel Aware": true,"Async Capable": false,"Relation Name": "customer","Alias": "customer_1","Startup Cost": 0.00,"Total Cost": 5225.62,"Plan Rows": 1994,"Plan Width": 6,"Actual Startup Time": 0.054,"Actual Total Time": 54.866,"Actual Rows": 12649,"Actual Loops": 3,"Filter": "((c_acctbal > 0.00) AND (SUBSTRING(c_phone FROM 1 FOR 2) = ANY ('{21,31,22,25,11,17,24}'::text[])))","Rows Removed by Filter": 37351,"Workers": []}]}]}]},{"Node Type": "Gather Merge","Parent Relationship": "Outer","Parallel Aware": false,"Async Capable": false,"Startup Cost": 6741.22,"Total Cost": 6821.30,"Plan Rows": 620,"Plan Width": 72,"Actual Startup Time": 137.101,"Actual Total Time": 140.463,"Actual Rows": 21,"Actual Loops": 1,"Workers Planned": 2,"Params Evaluated": ["$1"],"Workers Launched": 2,"Plans": [{"Node Type": "Aggregate","Strategy": "Sorted","Partial Mode": "Partial","Parent Relationship": "Outer","Parallel Aware": false,"Async Capable": false,"Startup Cost": 5741.19,"Total Cost": 5749.72,"Plan Rows": 310,"Plan Width": 72,"Actual Startup Time": 67.998,"Actual Total Time": 68.300,"Actual Rows": 7,"Actual Loops": 3,"Group Key": ["(SUBSTRING(customer.c_phone FROM 1 FOR 2))"],"Workers": [],"Plans": [{"Node Type": "Sort","Parent Relationship": "Outer","Parallel Aware": false,"Async Capable": false,"Startup Cost": 5741.19,"Total Cost": 5741.97,"Plan Rows": 310,"Plan Width": 38,"Actual Startup Time": 67.931,"Actual Total Time": 68.011,"Actual Rows": 2108,"Actual Loops": 3,"Sort Key": ["(SUBSTRING(customer.c_phone FROM 1 FOR 2))"],"Sort Method": "quicksort","Sort Space Used": 231,"Sort Space Type": "Memory","Workers": [{"Worker Number": 0,"Sort Method": "quicksort","Sort Space Used": 154,"Sort Space Type": "Memory"},{"Worker Number": 1,"Sort Method": "quicksort","Sort Space Used": 154,"Sort Space Type": "Memory"}],"Plans": [{"Node Type": "Nested Loop","Parent Relationship": "Outer","Parallel Aware": false,"Async Capable": false,"Join Type": "Anti","Startup Cost": 0.43,"Total Cost": 5728.36,"Plan Rows": 310,"Plan Width": 38,"Actual Startup Time": 0.146,"Actual Total Time": 67.152,"Actual Rows": 2108,"Actual Loops": 3,"Inner Unique": false,"Workers": [],"Plans": [{"Node Type": "Seq Scan","Parent Relationship": "Outer","Parallel Aware": true,"Async Capable": false,"Relation Name": "customer","Alias": "customer","Startup Cost": 0.00,"Total Cost": 5225.62,"Plan Rows": 729,"Plan Width": 26,"Actual Startup Time": 0.038,"Actual Total Time": 44.352,"Actual Rows": 6314,"Actual Loops": 3,"Filter": "((c_acctbal > $1) AND (SUBSTRING(c_phone FROM 1 FOR 2) = ANY ('{21,31,22,25,11,17,24}'::text[])))","Rows Removed by Filter": 43686,"Workers": []},{"Node Type": "Index Only Scan","Parent Relationship": "Inner","Parallel Aware": false,"Async Capable": false,"Scan Direction": "Forward","Index Name": "idx_orders_custkey","Relation Name": "orders","Alias": "orders","Startup Cost": 0.43,"Total Cost": 3.28,"Plan Rows": 17,"Plan Width": 4,"Actual Startup Time": 0.003,"Actual Total Time": 0.003,"Actual Rows": 1,"Actual Loops": 18941,"Index Cond": "(o_custkey = customer.c_custkey)","Rows Removed by Index Recheck": 0,"Heap Fetches": 0,"Workers": []}]}]}]}]}]},"Planning Time": 3.672,"Triggers": [],"Execution Time": 141.133}]
[{"Plan": {"Node Type": "Aggregate","Strategy": "Sorted","Partial Mode": "Finalize","Parallel Aware": false,"Async Capable": false,"Startup Cost": 12972.06,"Total Cost": 13071.37,"Plan Rows": 744,"Plan Width": 72,"Actual Startup Time": 136.824,"Actual Total Time": 140.449,"Actual Rows": 7,"Actual Loops": 1,"Group Key": ["(SUBSTRING(customer.c_phone FROM 1 FOR 2))"],"Plans": [{"Node Type": "Aggregate","Strategy": "Plain","Partial Mode": "Finalize","Parent Relationship": "InitPlan","Subplan Name": "InitPlan 1 (returns $1)","Parallel Aware": false,"Async Capable": false,"Startup Cost": 6230.83,"Total Cost": 6230.84,"Plan Rows": 1,"Plan Width": 32,"Actual Startup Time": 61.935,"Actual Total Time": 62.223,"Actual Rows": 1,"Actual Loops": 1,"Plans": [{"Node Type": "Gather","Parent Relationship": "Outer","Parallel Aware": false,"Async Capable": false,"Startup Cost": 6230.61,"Total Cost": 6230.82,"Plan Rows": 2,"Plan Width": 32,"Actual Startup Time": 61.820,"Actual Total Time": 62.207,"Actual Rows": 3,"Actual Loops": 1,"Workers Planned": 2,"Workers Launched": 2,"Single Copy": false,"Plans": [{"Node Type": "Aggregate","Strategy": "Plain","Partial Mode": "Partial","Parent Relationship": "Outer","Parallel Aware": false,"Async Capable": false,"Startup Cost": 5230.61,"Total Cost": 5230.62,"Plan Rows": 1,"Plan Width": 32,"Actual Startup Time": 55.413,"Actual Total Time": 55.415,"Actual Rows": 1,"Actual Loops": 3,"Workers": [],"Plans": [{"Node Type": "Seq Scan","Parent Relationship": "Outer","Parallel Aware": true,"Async Capable": false,"Relation Name": "customer","Alias": "customer_1","Startup Cost": 0.00,"Total Cost": 5225.62,"Plan Rows": 1994,"Plan Width": 6,"Actual Startup Time": 0.042,"Actual Total Time": 54.324,"Actual Rows": 12691,"Actual Loops": 3,"Filter": "((c_acctbal > 0.00) AND (SUBSTRING(c_phone FROM 1 FOR 2) = ANY ('{30,34,13,26,33,11,24}'::text[])))","Rows Removed by Filter": 37309,"Workers": []}]}]}]},{"Node Type": "Gather Merge","Parent Relationship": "Outer","Parallel Aware": false,"Async Capable": false,"Startup Cost": 6741.22,"Total Cost": 6821.30,"Plan Rows": 620,"Plan Width": 72,"Actual Startup Time": 136.693,"Actual Total Time": 140.103,"Actual Rows": 21,"Actual Loops": 1,"Workers Planned": 2,"Params Evaluated": ["$1"],"Workers Launched": 2,"Plans": [{"Node Type": "Aggregate","Strategy": "Sorted","Partial Mode": "Partial","Parent Relationship": "Outer","Parallel Aware": false,"Async Capable": false,"Startup Cost": 5741.19,"Total Cost": 5749.72,"Plan Rows": 310,"Plan Width": 72,"Actual Startup Time": 67.956,"Actual Total Time": 68.255,"Actual Rows": 7,"Actual Loops": 3,"Group Key": ["(SUBSTRING(customer.c_phone FROM 1 FOR 2))"],"Workers": [],"Plans": [{"Node Type": "Sort","Parent Relationship": "Outer","Parallel Aware": false,"Async Capable": false,"Startup Cost": 5741.19,"Total Cost": 5741.97,"Plan Rows": 310,"Plan Width": 38,"Actual Startup Time": 67.891,"Actual Total Time": 67.970,"Actual Rows": 2116,"Actual Loops": 3,"Sort Key": ["(SUBSTRING(customer.c_phone FROM 1 FOR 2))"],"Sort Method": "quicksort","Sort Space Used": 234,"Sort Space Type": "Memory","Workers": [{"Worker Number": 0,"Sort Method": "quicksort","Sort Space Used": 152,"Sort Space Type": "Memory"},{"Worker Number": 1,"Sort Method": "quicksort","Sort Space Used": 154,"Sort Space Type": "Memory"}],"Plans": [{"Node Type": "Nested Loop","Parent Relationship": "Outer","Parallel Aware": false,"Async Capable": false,"Join Type": "Anti","Startup Cost": 0.43,"Total Cost": 5728.36,"Plan Rows": 310,"Plan Width": 38,"Actual Startup Time": 0.165,"Actual Total Time": 67.122,"Actual Rows": 2116,"Actual Loops": 3,"Inner Unique": false,"Workers": [],"Plans": [{"Node Type": "Seq Scan","Parent Relationship": "Outer","Parallel Aware": true,"Async Capable": false,"Relation Name": "customer","Alias": "customer","Startup Cost": 0.00,"Total Cost": 5225.62,"Plan Rows": 729,"Plan Width": 26,"Actual Startup Time": 0.042,"Actual Total Time": 44.355,"Actual Rows": 6328,"Actual Loops": 3,"Filter": "((c_acctbal > $1) AND (SUBSTRING(c_phone FROM 1 FOR 2) = ANY ('{30,34,13,26,33,11,24}'::text[])))","Rows Removed by Filter": 43672,"Workers": []},{"Node Type": "Index Only Scan","Parent Relationship": "Inner","Parallel Aware": false,"Async Capable": false,"Scan Direction": "Forward","Index Name": "idx_orders_custkey","Relation Name": "orders","Alias": "orders","Startup Cost": 0.43,"Total Cost": 3.28,"Plan Rows": 17,"Plan Width": 4,"Actual Startup Time": 0.003,"Actual Total Time": 0.003,"Actual Rows": 1,"Actual Loops": 18983,"Index Cond": "(o_custkey = customer.c_custkey)","Rows Removed by Index Recheck": 0,"Heap Fetches": 0,"Workers": []}]}]}]}]}]},"Planning Time": 4.245,"Triggers": [],"Execution Time": 140.794}]
[{"Plan": {"Node Type": "Aggregate","Strategy": "Sorted","Partial Mode": "Finalize","Parallel Aware": false,"Async Capable": false,"Startup Cost": 12972.06,"Total Cost": 13071.37,"Plan Rows": 744,"Plan Width": 72,"Actual Startup Time": 140.553,"Actual Total Time": 144.465,"Actual Rows": 7,"Actual Loops": 1,"Group Key": ["(SUBSTRING(customer.c_phone FROM 1 FOR 2))"],"Plans": [{"Node Type": "Aggregate","Strategy": "Plain","Partial Mode": "Finalize","Parent Relationship": "InitPlan","Subplan Name": "InitPlan 1 (returns $1)","Parallel Aware": false,"Async Capable": false,"Startup Cost": 6230.83,"Total Cost": 6230.84,"Plan Rows": 1,"Plan Width": 32,"Actual Startup Time": 62.132,"Actual Total Time": 62.353,"Actual Rows": 1,"Actual Loops": 1,"Plans": [{"Node Type": "Gather","Parent Relationship": "Outer","Parallel Aware": false,"Async Capable": false,"Startup Cost": 6230.61,"Total Cost": 6230.82,"Plan Rows": 2,"Plan Width": 32,"Actual Startup Time": 62.061,"Actual Total Time": 62.338,"Actual Rows": 3,"Actual Loops": 1,"Workers Planned": 2,"Workers Launched": 2,"Single Copy": false,"Plans": [{"Node Type": "Aggregate","Strategy": "Plain","Partial Mode": "Partial","Parent Relationship": "Outer","Parallel Aware": false,"Async Capable": false,"Startup Cost": 5230.61,"Total Cost": 5230.62,"Plan Rows": 1,"Plan Width": 32,"Actual Startup Time": 56.302,"Actual Total Time": 56.303,"Actual Rows": 1,"Actual Loops": 3,"Workers": [],"Plans": [{"Node Type": "Seq Scan","Parent Relationship": "Outer","Parallel Aware": true,"Async Capable": false,"Relation Name": "customer","Alias": "customer_1","Startup Cost": 0.00,"Total Cost": 5225.62,"Plan Rows": 1994,"Plan Width": 6,"Actual Startup Time": 0.057,"Actual Total Time": 55.232,"Actual Rows": 12678,"Actual Loops": 3,"Filter": "((c_acctbal > 0.00) AND (SUBSTRING(c_phone FROM 1 FOR 2) = ANY ('{28,25,27,21,14,30,29}'::text[])))","Rows Removed by Filter": 37322,"Workers": []}]}]}]},{"Node Type": "Gather Merge","Parent Relationship": "Outer","Parallel Aware": false,"Async Capable": false,"Startup Cost": 6741.22,"Total Cost": 6821.30,"Plan Rows": 620,"Plan Width": 72,"Actual Startup Time": 140.448,"Actual Total Time": 144.186,"Actual Rows": 21,"Actual Loops": 1,"Workers Planned": 2,"Params Evaluated": ["$1"],"Workers Launched": 2,"Plans": [{"Node Type": "Aggregate","Strategy": "Sorted","Partial Mode": "Partial","Parent Relationship": "Outer","Parallel Aware": false,"Async Capable": false,"Startup Cost": 5741.19,"Total Cost": 5749.72,"Plan Rows": 310,"Plan Width": 72,"Actual Startup Time": 71.535,"Actual Total Time": 71.836,"Actual Rows": 7,"Actual Loops": 3,"Group Key": ["(SUBSTRING(customer.c_phone FROM 1 FOR 2))"],"Workers": [],"Plans": [{"Node Type": "Sort","Parent Relationship": "Outer","Parallel Aware": false,"Async Capable": false,"Startup Cost": 5741.19,"Total Cost": 5741.97,"Plan Rows": 310,"Plan Width": 38,"Actual Startup Time": 71.457,"Actual Total Time": 71.538,"Actual Rows": 2144,"Actual Loops": 3,"Sort Key": ["(SUBSTRING(customer.c_phone FROM 1 FOR 2))"],"Sort Method": "quicksort","Sort Space Used": 228,"Sort Space Type": "Memory","Workers": [{"Worker Number": 0,"Sort Method": "quicksort","Sort Space Used": 158,"Sort Space Type": "Memory"},{"Worker Number": 1,"Sort Method": "quicksort","Sort Space Used": 158,"Sort Space Type": "Memory"}],"Plans": [{"Node Type": "Nested Loop","Parent Relationship": "Outer","Parallel Aware": false,"Async Capable": false,"Join Type": "Anti","Startup Cost": 0.43,"Total Cost": 5728.36,"Plan Rows": 310,"Plan Width": 38,"Actual Startup Time": 0.184,"Actual Total Time": 70.614,"Actual Rows": 2144,"Actual Loops": 3,"Inner Unique": false,"Workers": [],"Plans": [{"Node Type": "Seq Scan","Parent Relationship": "Outer","Parallel Aware": true,"Async Capable": false,"Relation Name": "customer","Alias": "customer","Startup Cost": 0.00,"Total Cost": 5225.62,"Plan Rows": 729,"Plan Width": 26,"Actual Startup Time": 0.034,"Actual Total Time": 46.405,"Actual Rows": 6326,"Actual Loops": 3,"Filter": "((c_acctbal > $1) AND (SUBSTRING(c_phone FROM 1 FOR 2) = ANY ('{28,25,27,21,14,30,29}'::text[])))","Rows Removed by Filter": 43674,"Workers": []},{"Node Type": "Index Only Scan","Parent Relationship": "Inner","Parallel Aware": false,"Async Capable": false,"Scan Direction": "Forward","Index Name": "idx_orders_custkey","Relation Name": "orders","Alias": "orders","Startup Cost": 0.43,"Total Cost": 3.28,"Plan Rows": 17,"Plan Width": 4,"Actual Startup Time": 0.003,"Actual Total Time": 0.003,"Actual Rows": 1,"Actual Loops": 18979,"Index Cond": "(o_custkey = customer.c_custkey)","Rows Removed by Index Recheck": 0,"Heap Fetches": 0,"Workers": []}]}]}]}]}]},"Planning Time": 3.541,"Triggers": [],"Execution Time": 144.824}]
[{"Plan": {"Node Type": "Aggregate","Strategy": "Sorted","Partial Mode": "Finalize","Parallel Aware": false,"Async Capable": false,"Startup Cost": 12972.06,"Total Cost": 13071.37,"Plan Rows": 744,"Plan Width": 72,"Actual Startup Time": 136.729,"Actual Total Time": 140.488,"Actual Rows": 7,"Actual Loops": 1,"Group Key": ["(SUBSTRING(customer.c_phone FROM 1 FOR 2))"],"Plans": [{"Node Type": "Aggregate","Strategy": "Plain","Partial Mode": "Finalize","Parent Relationship": "InitPlan","Subplan Name": "InitPlan 1 (returns $1)","Parallel Aware": false,"Async Capable": false,"Startup Cost": 6230.83,"Total Cost": 6230.84,"Plan Rows": 1,"Plan Width": 32,"Actual Startup Time": 62.214,"Actual Total Time": 62.422,"Actual Rows": 1,"Actual Loops": 1,"Plans": [{"Node Type": "Gather","Parent Relationship": "Outer","Parallel Aware": false,"Async Capable": false,"Startup Cost": 6230.61,"Total Cost": 6230.82,"Plan Rows": 2,"Plan Width": 32,"Actual Startup Time": 62.121,"Actual Total Time": 62.402,"Actual Rows": 3,"Actual Loops": 1,"Workers Planned": 2,"Workers Launched": 2,"Single Copy": false,"Plans": [{"Node Type": "Aggregate","Strategy": "Plain","Partial Mode": "Partial","Parent Relationship": "Outer","Parallel Aware": false,"Async Capable": false,"Startup Cost": 5230.61,"Total Cost": 5230.62,"Plan Rows": 1,"Plan Width": 32,"Actual Startup Time": 55.938,"Actual Total Time": 55.939,"Actual Rows": 1,"Actual Loops": 3,"Workers": [],"Plans": [{"Node Type": "Seq Scan","Parent Relationship": "Outer","Parallel Aware": true,"Async Capable": false,"Relation Name": "customer","Alias": "customer_1","Startup Cost": 0.00,"Total Cost": 5225.62,"Plan Rows": 1994,"Plan Width": 6,"Actual Startup Time": 0.060,"Actual Total Time": 54.830,"Actual Rows": 12760,"Actual Loops": 3,"Filter": "((c_acctbal > 0.00) AND (SUBSTRING(c_phone FROM 1 FOR 2) = ANY ('{27,15,28,18,16,32,24}'::text[])))","Rows Removed by Filter": 37240,"Workers": []}]}]}]},{"Node Type": "Gather Merge","Parent Relationship": "Outer","Parallel Aware": false,"Async Capable": false,"Startup Cost": 6741.22,"Total Cost": 6821.30,"Plan Rows": 620,"Plan Width": 72,"Actual Startup Time": 136.601,"Actual Total Time": 140.229,"Actual Rows": 21,"Actual Loops": 1,"Workers Planned": 2,"Params Evaluated": ["$1"],"Workers Launched": 2,"Plans": [{"Node Type": "Aggregate","Strategy": "Sorted","Partial Mode": "Partial","Parent Relationship": "Outer","Parallel Aware": false,"Async Capable": false,"Startup Cost": 5741.19,"Total Cost": 5749.72,"Plan Rows": 310,"Plan Width": 72,"Actual Startup Time": 67.665,"Actual Total Time": 67.968,"Actual Rows": 7,"Actual Loops": 3,"Group Key": ["(SUBSTRING(customer.c_phone FROM 1 FOR 2))"],"Workers": [],"Plans": [{"Node Type": "Sort","Parent Relationship": "Outer","Parallel Aware": false,"Async Capable": false,"Startup Cost": 5741.19,"Total Cost": 5741.97,"Plan Rows": 310,"Plan Width": 38,"Actual Startup Time": 67.600,"Actual Total Time": 67.688,"Actual Rows": 2127,"Actual Loops": 3,"Sort Key": ["(SUBSTRING(customer.c_phone FROM 1 FOR 2))"],"Sort Method": "quicksort","Sort Space Used": 234,"Sort Space Type": "Memory","Workers": [{"Worker Number": 0,"Sort Method": "quicksort","Sort Space Used": 152,"Sort Space Type": "Memory"},{"Worker Number": 1,"Sort Method": "quicksort","Sort Space Used": 157,"Sort Space Type": "Memory"}],"Plans": [{"Node Type": "Nested Loop","Parent Relationship": "Outer","Parallel Aware": false,"Async Capable": false,"Join Type": "Anti","Startup Cost": 0.43,"Total Cost": 5728.36,"Plan Rows": 310,"Plan Width": 38,"Actual Startup Time": 0.156,"Actual Total Time": 66.828,"Actual Rows": 2127,"Actual Loops": 3,"Inner Unique": false,"Workers": [],"Plans": [{"Node Type": "Seq Scan","Parent Relationship": "Outer","Parallel Aware": true,"Async Capable": false,"Relation Name": "customer","Alias": "customer","Startup Cost": 0.00,"Total Cost": 5225.62,"Plan Rows": 729,"Plan Width": 26,"Actual Startup Time": 0.035,"Actual Total Time": 44.014,"Actual Rows": 6381,"Actual Loops": 3,"Filter": "((c_acctbal > $1) AND (SUBSTRING(c_phone FROM 1 FOR 2) = ANY ('{27,15,28,18,16,32,24}'::text[])))","Rows Removed by Filter": 43619,"Workers": []},{"Node Type": "Index Only Scan","Parent Relationship": "Inner","Parallel Aware": false,"Async Capable": false,"Scan Direction": "Forward","Index Name": "idx_orders_custkey","Relation Name": "orders","Alias": "orders","Startup Cost": 0.43,"Total Cost": 3.28,"Plan Rows": 17,"Plan Width": 4,"Actual Startup Time": 0.003,"Actual Total Time": 0.003,"Actual Rows": 1,"Actual Loops": 19143,"Index Cond": "(o_custkey = customer.c_custkey)","Rows Removed by Index Recheck": 0,"Heap Fetches": 0,"Workers": []}]}]}]}]}]},"Planning Time": 4.608,"Triggers": [],"Execution Time": 140.833}]
[{"Plan": {"Node Type": "Aggregate","Strategy": "Sorted","Partial Mode": "Finalize","Parallel Aware": false,"Async Capable": false,"Startup Cost": 12972.06,"Total Cost": 13071.37,"Plan Rows": 744,"Plan Width": 72,"Actual Startup Time": 138.751,"Actual Total Time": 142.481,"Actual Rows": 7,"Actual Loops": 1,"Group Key": ["(SUBSTRING(customer.c_phone FROM 1 FOR 2))"],"Plans": [{"Node Type": "Aggregate","Strategy": "Plain","Partial Mode": "Finalize","Parent Relationship": "InitPlan","Subplan Name": "InitPlan 1 (returns $1)","Parallel Aware": false,"Async Capable": false,"Startup Cost": 6230.83,"Total Cost": 6230.84,"Plan Rows": 1,"Plan Width": 32,"Actual Startup Time": 62.893,"Actual Total Time": 63.089,"Actual Rows": 1,"Actual Loops": 1,"Plans": [{"Node Type": "Gather","Parent Relationship": "Outer","Parallel Aware": false,"Async Capable": false,"Startup Cost": 6230.61,"Total Cost": 6230.82,"Plan Rows": 2,"Plan Width": 32,"Actual Startup Time": 62.827,"Actual Total Time": 63.072,"Actual Rows": 3,"Actual Loops": 1,"Workers Planned": 2,"Workers Launched": 2,"Single Copy": false,"Plans": [{"Node Type": "Aggregate","Strategy": "Plain","Partial Mode": "Partial","Parent Relationship": "Outer","Parallel Aware": false,"Async Capable": false,"Startup Cost": 5230.61,"Total Cost": 5230.62,"Plan Rows": 1,"Plan Width": 32,"Actual Startup Time": 56.493,"Actual Total Time": 56.495,"Actual Rows": 1,"Actual Loops": 3,"Workers": [],"Plans": [{"Node Type": "Seq Scan","Parent Relationship": "Outer","Parallel Aware": true,"Async Capable": false,"Relation Name": "customer","Alias": "customer_1","Startup Cost": 0.00,"Total Cost": 5225.62,"Plan Rows": 1994,"Plan Width": 6,"Actual Startup Time": 0.056,"Actual Total Time": 55.443,"Actual Rows": 12678,"Actual Loops": 3,"Filter": "((c_acctbal > 0.00) AND (SUBSTRING(c_phone FROM 1 FOR 2) = ANY ('{33,25,21,10,14,31,11}'::text[])))","Rows Removed by Filter": 37322,"Workers": []}]}]}]},{"Node Type": "Gather Merge","Parent Relationship": "Outer","Parallel Aware": false,"Async Capable": false,"Startup Cost": 6741.22,"Total Cost": 6821.30,"Plan Rows": 620,"Plan Width": 72,"Actual Startup Time": 138.665,"Actual Total Time": 142.241,"Actual Rows": 21,"Actual Loops": 1,"Workers Planned": 2,"Params Evaluated": ["$1"],"Workers Launched": 2,"Plans": [{"Node Type": "Aggregate","Strategy": "Sorted","Partial Mode": "Partial","Parent Relationship": "Outer","Parallel Aware": false,"Async Capable": false,"Startup Cost": 5741.19,"Total Cost": 5749.72,"Plan Rows": 310,"Plan Width": 72,"Actual Startup Time": 69.291,"Actual Total Time": 69.598,"Actual Rows": 7,"Actual Loops": 3,"Group Key": ["(SUBSTRING(customer.c_phone FROM 1 FOR 2))"],"Workers": [],"Plans": [{"Node Type": "Sort","Parent Relationship": "Outer","Parallel Aware": false,"Async Capable": false,"Startup Cost": 5741.19,"Total Cost": 5741.97,"Plan Rows": 310,"Plan Width": 38,"Actual Startup Time": 69.220,"Actual Total Time": 69.301,"Actual Rows": 2147,"Actual Loops": 3,"Sort Key": ["(SUBSTRING(customer.c_phone FROM 1 FOR 2))"],"Sort Method": "quicksort","Sort Space Used": 235,"Sort Space Type": "Memory","Workers": [{"Worker Number": 0,"Sort Method": "quicksort","Sort Space Used": 155,"Sort Space Type": "Memory"},{"Worker Number": 1,"Sort Method": "quicksort","Sort Space Used": 155,"Sort Space Type": "Memory"}],"Plans": [{"Node Type": "Nested Loop","Parent Relationship": "Outer","Parallel Aware": false,"Async Capable": false,"Join Type": "Anti","Startup Cost": 0.43,"Total Cost": 5728.36,"Plan Rows": 310,"Plan Width": 38,"Actual Startup Time": 0.159,"Actual Total Time": 68.414,"Actual Rows": 2147,"Actual Loops": 3,"Inner Unique": false,"Workers": [],"Plans": [{"Node Type": "Seq Scan","Parent Relationship": "Outer","Parallel Aware": true,"Async Capable": false,"Relation Name": "customer","Alias": "customer","Startup Cost": 0.00,"Total Cost": 5225.62,"Plan Rows": 729,"Plan Width": 26,"Actual Startup Time": 0.037,"Actual Total Time": 45.179,"Actual Rows": 6313,"Actual Loops": 3,"Filter": "((c_acctbal > $1) AND (SUBSTRING(c_phone FROM 1 FOR 2) = ANY ('{33,25,21,10,14,31,11}'::text[])))","Rows Removed by Filter": 43687,"Workers": []},{"Node Type": "Index Only Scan","Parent Relationship": "Inner","Parallel Aware": false,"Async Capable": false,"Scan Direction": "Forward","Index Name": "idx_orders_custkey","Relation Name": "orders","Alias": "orders","Startup Cost": 0.43,"Total Cost": 3.28,"Plan Rows": 17,"Plan Width": 4,"Actual Startup Time": 0.003,"Actual Total Time": 0.003,"Actual Rows": 1,"Actual Loops": 18940,"Index Cond": "(o_custkey = customer.c_custkey)","Rows Removed by Index Recheck": 0,"Heap Fetches": 0,"Workers": []}]}]}]}]}]},"Planning Time": 4.003,"Triggers": [],"Execution Time": 142.838}]
[{"Plan": {"Node Type": "Aggregate","Strategy": "Sorted","Partial Mode": "Finalize","Parallel Aware": false,"Async Capable": false,"Startup Cost": 12972.06,"Total Cost": 13071.37,"Plan Rows": 744,"Plan Width": 72,"Actual Startup Time": 134.437,"Actual Total Time": 137.910,"Actual Rows": 7,"Actual Loops": 1,"Group Key": ["(SUBSTRING(customer.c_phone FROM 1 FOR 2))"],"Plans": [{"Node Type": "Aggregate","Strategy": "Plain","Partial Mode": "Finalize","Parent Relationship": "InitPlan","Subplan Name": "InitPlan 1 (returns $1)","Parallel Aware": false,"Async Capable": false,"Startup Cost": 6230.83,"Total Cost": 6230.84,"Plan Rows": 1,"Plan Width": 32,"Actual Startup Time": 61.417,"Actual Total Time": 61.693,"Actual Rows": 1,"Actual Loops": 1,"Plans": [{"Node Type": "Gather","Parent Relationship": "Outer","Parallel Aware": false,"Async Capable": false,"Startup Cost": 6230.61,"Total Cost": 6230.82,"Plan Rows": 2,"Plan Width": 32,"Actual Startup Time": 61.294,"Actual Total Time": 61.675,"Actual Rows": 3,"Actual Loops": 1,"Workers Planned": 2,"Workers Launched": 2,"Single Copy": false,"Plans": [{"Node Type": "Aggregate","Strategy": "Plain","Partial Mode": "Partial","Parent Relationship": "Outer","Parallel Aware": false,"Async Capable": false,"Startup Cost": 5230.61,"Total Cost": 5230.62,"Plan Rows": 1,"Plan Width": 32,"Actual Startup Time": 54.964,"Actual Total Time": 54.967,"Actual Rows": 1,"Actual Loops": 3,"Workers": [],"Plans": [{"Node Type": "Seq Scan","Parent Relationship": "Outer","Parallel Aware": true,"Async Capable": false,"Relation Name": "customer","Alias": "customer_1","Startup Cost": 0.00,"Total Cost": 5225.62,"Plan Rows": 1994,"Plan Width": 6,"Actual Startup Time": 0.050,"Actual Total Time": 53.882,"Actual Rows": 12678,"Actual Loops": 3,"Filter": "((c_acctbal > 0.00) AND (SUBSTRING(c_phone FROM 1 FOR 2) = ANY ('{12,31,21,26,10,28,11}'::text[])))","Rows Removed by Filter": 37322,"Workers": []}]}]}]},{"Node Type": "Gather Merge","Parent Relationship": "Outer","Parallel Aware": false,"Async Capable": false,"Startup Cost": 6741.22,"Total Cost": 6821.30,"Plan Rows": 620,"Plan Width": 72,"Actual Startup Time": 134.198,"Actual Total Time": 137.546,"Actual Rows": 21,"Actual Loops": 1,"Workers Planned": 2,"Params Evaluated": ["$1"],"Workers Launched": 2,"Plans": [{"Node Type": "Aggregate","Strategy": "Sorted","Partial Mode": "Partial","Parent Relationship": "Outer","Parallel Aware": false,"Async Capable": false,"Startup Cost": 5741.19,"Total Cost": 5749.72,"Plan Rows": 310,"Plan Width": 72,"Actual Startup Time": 65.780,"Actual Total Time": 66.314,"Actual Rows": 7,"Actual Loops": 3,"Group Key": ["(SUBSTRING(customer.c_phone FROM 1 FOR 2))"],"Workers": [],"Plans": [{"Node Type": "Sort","Parent Relationship": "Outer","Parallel Aware": false,"Async Capable": false,"Startup Cost": 5741.19,"Total Cost": 5741.97,"Plan Rows": 310,"Plan Width": 38,"Actual Startup Time": 65.665,"Actual Total Time": 65.810,"Actual Rows": 2102,"Actual Loops": 3,"Sort Key": ["(SUBSTRING(customer.c_phone FROM 1 FOR 2))"],"Sort Method": "quicksort","Sort Space Used": 230,"Sort Space Type": "Memory","Workers": [{"Worker Number": 0,"Sort Method": "quicksort","Sort Space Used": 155,"Sort Space Type": "Memory"},{"Worker Number": 1,"Sort Method": "quicksort","Sort Space Used": 153,"Sort Space Type": "Memory"}],"Plans": [{"Node Type": "Nested Loop","Parent Relationship": "Outer","Parallel Aware": false,"Async Capable": false,"Join Type": "Anti","Startup Cost": 0.43,"Total Cost": 5728.36,"Plan Rows": 310,"Plan Width": 38,"Actual Startup Time": 0.110,"Actual Total Time": 64.684,"Actual Rows": 2102,"Actual Loops": 3,"Inner Unique": false,"Workers": [],"Plans": [{"Node Type": "Seq Scan","Parent Relationship": "Outer","Parallel Aware": true,"Async Capable": false,"Relation Name": "customer","Alias": "customer","Startup Cost": 0.00,"Total Cost": 5225.62,"Plan Rows": 729,"Plan Width": 26,"Actual Startup Time": 0.035,"Actual Total Time": 43.822,"Actual Rows": 6312,"Actual Loops": 3,"Filter": "((c_acctbal > $1) AND (SUBSTRING(c_phone FROM 1 FOR 2) = ANY ('{12,31,21,26,10,28,11}'::text[])))","Rows Removed by Filter": 43688,"Workers": []},{"Node Type": "Index Only Scan","Parent Relationship": "Inner","Parallel Aware": false,"Async Capable": false,"Scan Direction": "Forward","Index Name": "idx_orders_custkey","Relation Name": "orders","Alias": "orders","Startup Cost": 0.43,"Total Cost": 3.28,"Plan Rows": 17,"Plan Width": 4,"Actual Startup Time": 0.003,"Actual Total Time": 0.003,"Actual Rows": 1,"Actual Loops": 18937,"Index Cond": "(o_custkey = customer.c_custkey)","Rows Removed by Index Recheck": 0,"Heap Fetches": 0,"Workers": []}]}]}]}]}]},"Planning Time": 3.592,"Triggers": [],"Execution Time": 138.336}]
[{"Plan": {"Node Type": "Aggregate","Strategy": "Sorted","Partial Mode": "Finalize","Parallel Aware": false,"Async Capable": false,"Startup Cost": 12972.06,"Total Cost": 13071.37,"Plan Rows": 744,"Plan Width": 72,"Actual Startup Time": 134.702,"Actual Total Time": 138.351,"Actual Rows": 7,"Actual Loops": 1,"Group Key": ["(SUBSTRING(customer.c_phone FROM 1 FOR 2))"],"Plans": [{"Node Type": "Aggregate","Strategy": "Plain","Partial Mode": "Finalize","Parent Relationship": "InitPlan","Subplan Name": "InitPlan 1 (returns $1)","Parallel Aware": false,"Async Capable": false,"Startup Cost": 6230.83,"Total Cost": 6230.84,"Plan Rows": 1,"Plan Width": 32,"Actual Startup Time": 59.349,"Actual Total Time": 59.591,"Actual Rows": 1,"Actual Loops": 1,"Plans": [{"Node Type": "Gather","Parent Relationship": "Outer","Parallel Aware": false,"Async Capable": false,"Startup Cost": 6230.61,"Total Cost": 6230.82,"Plan Rows": 2,"Plan Width": 32,"Actual Startup Time": 59.241,"Actual Total Time": 59.572,"Actual Rows": 3,"Actual Loops": 1,"Workers Planned": 2,"Workers Launched": 2,"Single Copy": false,"Plans": [{"Node Type": "Aggregate","Strategy": "Plain","Partial Mode": "Partial","Parent Relationship": "Outer","Parallel Aware": false,"Async Capable": false,"Startup Cost": 5230.61,"Total Cost": 5230.62,"Plan Rows": 1,"Plan Width": 32,"Actual Startup Time": 53.228,"Actual Total Time": 53.229,"Actual Rows": 1,"Actual Loops": 3,"Workers": [],"Plans": [{"Node Type": "Seq Scan","Parent Relationship": "Outer","Parallel Aware": true,"Async Capable": false,"Relation Name": "customer","Alias": "customer_1","Startup Cost": 0.00,"Total Cost": 5225.62,"Plan Rows": 1994,"Plan Width": 6,"Actual Startup Time": 0.039,"Actual Total Time": 52.171,"Actual Rows": 12736,"Actual Loops": 3,"Filter": "((c_acctbal > 0.00) AND (SUBSTRING(c_phone FROM 1 FOR 2) = ANY ('{15,23,10,16,34,32,14}'::text[])))","Rows Removed by Filter": 37264,"Workers": []}]}]}]},{"Node Type": "Gather Merge","Parent Relationship": "Outer","Parallel Aware": false,"Async Capable": false,"Startup Cost": 6741.22,"Total Cost": 6821.30,"Plan Rows": 620,"Plan Width": 72,"Actual Startup Time": 134.606,"Actual Total Time": 138.068,"Actual Rows": 21,"Actual Loops": 1,"Workers Planned": 2,"Params Evaluated": ["$1"],"Workers Launched": 2,"Plans": [{"Node Type": "Aggregate","Strategy": "Sorted","Partial Mode": "Partial","Parent Relationship": "Outer","Parallel Aware": false,"Async Capable": false,"Startup Cost": 5741.19,"Total Cost": 5749.72,"Plan Rows": 310,"Plan Width": 72,"Actual Startup Time": 68.458,"Actual Total Time": 68.760,"Actual Rows": 7,"Actual Loops": 3,"Group Key": ["(SUBSTRING(customer.c_phone FROM 1 FOR 2))"],"Workers": [],"Plans": [{"Node Type": "Sort","Parent Relationship": "Outer","Parallel Aware": false,"Async Capable": false,"Startup Cost": 5741.19,"Total Cost": 5741.97,"Plan Rows": 310,"Plan Width": 38,"Actual Startup Time": 68.389,"Actual Total Time": 68.469,"Actual Rows": 2128,"Actual Loops": 3,"Sort Key": ["(SUBSTRING(customer.c_phone FROM 1 FOR 2))"],"Sort Method": "quicksort","Sort Space Used": 241,"Sort Space Type": "Memory","Workers": [{"Worker Number": 0,"Sort Method": "quicksort","Sort Space Used": 152,"Sort Space Type": "Memory"},{"Worker Number": 1,"Sort Method": "quicksort","Sort Space Used": 149,"Sort Space Type": "Memory"}],"Plans": [{"Node Type": "Nested Loop","Parent Relationship": "Outer","Parallel Aware": false,"Async Capable": false,"Join Type": "Anti","Startup Cost": 0.43,"Total Cost": 5728.36,"Plan Rows": 310,"Plan Width": 38,"Actual Startup Time": 0.128,"Actual Total Time": 67.581,"Actual Rows": 2128,"Actual Loops": 3,"Inner Unique": false,"Workers": [],"Plans": [{"Node Type": "Seq Scan","Parent Relationship": "Outer","Parallel Aware": true,"Async Capable": false,"Relation Name": "customer","Alias": "customer","Startup Cost": 0.00,"Total Cost": 5225.62,"Plan Rows": 729,"Plan Width": 26,"Actual Startup Time": 0.036,"Actual Total Time": 44.538,"Actual Rows": 6361,"Actual Loops": 3,"Filter": "((c_acctbal > $1) AND (SUBSTRING(c_phone FROM 1 FOR 2) = ANY ('{15,23,10,16,34,32,14}'::text[])))","Rows Removed by Filter": 43639,"Workers": []},{"Node Type": "Index Only Scan","Parent Relationship": "Inner","Parallel Aware": false,"Async Capable": false,"Scan Direction": "Forward","Index Name": "idx_orders_custkey","Relation Name": "orders","Alias": "orders","Startup Cost": 0.43,"Total Cost": 3.28,"Plan Rows": 17,"Plan Width": 4,"Actual Startup Time": 0.003,"Actual Total Time": 0.003,"Actual Rows": 1,"Actual Loops": 19084,"Index Cond": "(o_custkey = customer.c_custkey)","Rows Removed by Index Recheck": 0,"Heap Fetches": 0,"Workers": []}]}]}]}]}]},"Planning Time": 4.222,"Triggers": [],"Execution Time": 138.790}]
[{"Plan": {"Node Type": "Aggregate","Strategy": "Sorted","Partial Mode": "Finalize","Parallel Aware": false,"Async Capable": false,"Startup Cost": 12972.06,"Total Cost": 13071.37,"Plan Rows": 744,"Plan Width": 72,"Actual Startup Time": 135.083,"Actual Total Time": 140.607,"Actual Rows": 7,"Actual Loops": 1,"Group Key": ["(SUBSTRING(customer.c_phone FROM 1 FOR 2))"],"Plans": [{"Node Type": "Aggregate","Strategy": "Plain","Partial Mode": "Finalize","Parent Relationship": "InitPlan","Subplan Name": "InitPlan 1 (returns $1)","Parallel Aware": false,"Async Capable": false,"Startup Cost": 6230.83,"Total Cost": 6230.84,"Plan Rows": 1,"Plan Width": 32,"Actual Startup Time": 61.622,"Actual Total Time": 61.844,"Actual Rows": 1,"Actual Loops": 1,"Plans": [{"Node Type": "Gather","Parent Relationship": "Outer","Parallel Aware": false,"Async Capable": false,"Startup Cost": 6230.61,"Total Cost": 6230.82,"Plan Rows": 2,"Plan Width": 32,"Actual Startup Time": 61.518,"Actual Total Time": 61.828,"Actual Rows": 3,"Actual Loops": 1,"Workers Planned": 2,"Workers Launched": 2,"Single Copy": false,"Plans": [{"Node Type": "Aggregate","Strategy": "Plain","Partial Mode": "Partial","Parent Relationship": "Outer","Parallel Aware": false,"Async Capable": false,"Startup Cost": 5230.61,"Total Cost": 5230.62,"Plan Rows": 1,"Plan Width": 32,"Actual Startup Time": 54.923,"Actual Total Time": 54.924,"Actual Rows": 1,"Actual Loops": 3,"Workers": [],"Plans": [{"Node Type": "Seq Scan","Parent Relationship": "Outer","Parallel Aware": true,"Async Capable": false,"Relation Name": "customer","Alias": "customer_1","Startup Cost": 0.00,"Total Cost": 5225.62,"Plan Rows": 1994,"Plan Width": 6,"Actual Startup Time": 0.061,"Actual Total Time": 53.839,"Actual Rows": 12763,"Actual Loops": 3,"Filter": "((c_acctbal > 0.00) AND (SUBSTRING(c_phone FROM 1 FOR 2) = ANY ('{24,20,16,33,32,17,13}'::text[])))","Rows Removed by Filter": 37237,"Workers": []}]}]}]},{"Node Type": "Gather Merge","Parent Relationship": "Outer","Parallel Aware": false,"Async Capable": false,"Startup Cost": 6741.22,"Total Cost": 6821.30,"Plan Rows": 620,"Plan Width": 72,"Actual Startup Time": 134.993,"Actual Total Time": 140.340,"Actual Rows": 21,"Actual Loops": 1,"Workers Planned": 2,"Params Evaluated": ["$1"],"Workers Launched": 2,"Plans": [{"Node Type": "Aggregate","Strategy": "Sorted","Partial Mode": "Partial","Parent Relationship": "Outer","Parallel Aware": false,"Async Capable": false,"Startup Cost": 5741.19,"Total Cost": 5749.72,"Plan Rows": 310,"Plan Width": 72,"Actual Startup Time": 65.906,"Actual Total Time": 66.383,"Actual Rows": 7,"Actual Loops": 3,"Group Key": ["(SUBSTRING(customer.c_phone FROM 1 FOR 2))"],"Workers": [],"Plans": [{"Node Type": "Sort","Parent Relationship": "Outer","Parallel Aware": false,"Async Capable": false,"Startup Cost": 5741.19,"Total Cost": 5741.97,"Plan Rows": 310,"Plan Width": 38,"Actual Startup Time": 65.801,"Actual Total Time": 65.927,"Actual Rows": 2113,"Actual Loops": 3,"Sort Key": ["(SUBSTRING(customer.c_phone FROM 1 FOR 2))"],"Sort Method": "quicksort","Sort Space Used": 235,"Sort Space Type": "Memory","Workers": [{"Worker Number": 0,"Sort Method": "quicksort","Sort Space Used": 151,"Sort Space Type": "Memory"},{"Worker Number": 1,"Sort Method": "quicksort","Sort Space Used": 154,"Sort Space Type": "Memory"}],"Plans": [{"Node Type": "Nested Loop","Parent Relationship": "Outer","Parallel Aware": false,"Async Capable": false,"Join Type": "Anti","Startup Cost": 0.43,"Total Cost": 5728.36,"Plan Rows": 310,"Plan Width": 38,"Actual Startup Time": 0.128,"Actual Total Time": 64.876,"Actual Rows": 2113,"Actual Loops": 3,"Inner Unique": false,"Workers": [],"Plans": [{"Node Type": "Seq Scan","Parent Relationship": "Outer","Parallel Aware": true,"Async Capable": false,"Relation Name": "customer","Alias": "customer","Startup Cost": 0.00,"Total Cost": 5225.62,"Plan Rows": 729,"Plan Width": 26,"Actual Startup Time": 0.050,"Actual Total Time": 43.758,"Actual Rows": 6370,"Actual Loops": 3,"Filter": "((c_acctbal > $1) AND (SUBSTRING(c_phone FROM 1 FOR 2) = ANY ('{24,20,16,33,32,17,13}'::text[])))","Rows Removed by Filter": 43630,"Workers": []},{"Node Type": "Index Only Scan","Parent Relationship": "Inner","Parallel Aware": false,"Async Capable": false,"Scan Direction": "Forward","Index Name": "idx_orders_custkey","Relation Name": "orders","Alias": "orders","Startup Cost": 0.43,"Total Cost": 3.28,"Plan Rows": 17,"Plan Width": 4,"Actual Startup Time": 0.003,"Actual Total Time": 0.003,"Actual Rows": 1,"Actual Loops": 19111,"Index Cond": "(o_custkey = customer.c_custkey)","Rows Removed by Index Recheck": 0,"Heap Fetches": 0,"Workers": []}]}]}]}]}]},"Planning Time": 3.578,"Triggers": [],"Execution Time": 141.016}]
[{"Plan": {"Node Type": "Aggregate","Strategy": "Sorted","Partial Mode": "Finalize","Parallel Aware": false,"Async Capable": false,"Startup Cost": 12972.06,"Total Cost": 13071.37,"Plan Rows": 744,"Plan Width": 72,"Actual Startup Time": 138.176,"Actual Total Time": 142.119,"Actual Rows": 7,"Actual Loops": 1,"Group Key": ["(SUBSTRING(customer.c_phone FROM 1 FOR 2))"],"Plans": [{"Node Type": "Aggregate","Strategy": "Plain","Partial Mode": "Finalize","Parent Relationship": "InitPlan","Subplan Name": "InitPlan 1 (returns $1)","Parallel Aware": false,"Async Capable": false,"Startup Cost": 6230.83,"Total Cost": 6230.84,"Plan Rows": 1,"Plan Width": 32,"Actual Startup Time": 61.900,"Actual Total Time": 62.147,"Actual Rows": 1,"Actual Loops": 1,"Plans": [{"Node Type": "Gather","Parent Relationship": "Outer","Parallel Aware": false,"Async Capable": false,"Startup Cost": 6230.61,"Total Cost": 6230.82,"Plan Rows": 2,"Plan Width": 32,"Actual Startup Time": 61.797,"Actual Total Time": 62.128,"Actual Rows": 3,"Actual Loops": 1,"Workers Planned": 2,"Workers Launched": 2,"Single Copy": false,"Plans": [{"Node Type": "Aggregate","Strategy": "Plain","Partial Mode": "Partial","Parent Relationship": "Outer","Parallel Aware": false,"Async Capable": false,"Startup Cost": 5230.61,"Total Cost": 5230.62,"Plan Rows": 1,"Plan Width": 32,"Actual Startup Time": 55.138,"Actual Total Time": 55.139,"Actual Rows": 1,"Actual Loops": 3,"Workers": [],"Plans": [{"Node Type": "Seq Scan","Parent Relationship": "Outer","Parallel Aware": true,"Async Capable": false,"Relation Name": "customer","Alias": "customer_1","Startup Cost": 0.00,"Total Cost": 5225.62,"Plan Rows": 1994,"Plan Width": 6,"Actual Startup Time": 0.054,"Actual Total Time": 54.105,"Actual Rows": 12721,"Actual Loops": 3,"Filter": "((c_acctbal > 0.00) AND (SUBSTRING(c_phone FROM 1 FOR 2) = ANY ('{17,19,14,22,27,28,20}'::text[])))","Rows Removed by Filter": 37279,"Workers": []}]}]}]},{"Node Type": "Gather Merge","Parent Relationship": "Outer","Parallel Aware": false,"Async Capable": false,"Startup Cost": 6741.22,"Total Cost": 6821.30,"Plan Rows": 620,"Plan Width": 72,"Actual Startup Time": 138.066,"Actual Total Time": 141.812,"Actual Rows": 21,"Actual Loops": 1,"Workers Planned": 2,"Params Evaluated": ["$1"],"Workers Launched": 2,"Plans": [{"Node Type": "Aggregate","Strategy": "Sorted","Partial Mode": "Partial","Parent Relationship": "Outer","Parallel Aware": false,"Async Capable": false,"Startup Cost": 5741.19,"Total Cost": 5749.72,"Plan Rows": 310,"Plan Width": 72,"Actual Startup Time": 69.461,"Actual Total Time": 69.751,"Actual Rows": 7,"Actual Loops": 3,"Group Key": ["(SUBSTRING(customer.c_phone FROM 1 FOR 2))"],"Workers": [],"Plans": [{"Node Type": "Sort","Parent Relationship": "Outer","Parallel Aware": false,"Async Capable": false,"Startup Cost": 5741.19,"Total Cost": 5741.97,"Plan Rows": 310,"Plan Width": 38,"Actual Startup Time": 69.387,"Actual Total Time": 69.464,"Actual Rows": 2128,"Actual Loops": 3,"Sort Key": ["(SUBSTRING(customer.c_phone FROM 1 FOR 2))"],"Sort Method": "quicksort","Sort Space Used": 240,"Sort Space Type": "Memory","Workers": [{"Worker Number": 0,"Sort Method": "quicksort","Sort Space Used": 151,"Sort Space Type": "Memory"},{"Worker Number": 1,"Sort Method": "quicksort","Sort Space Used": 151,"Sort Space Type": "Memory"}],"Plans": [{"Node Type": "Nested Loop","Parent Relationship": "Outer","Parallel Aware": false,"Async Capable": false,"Join Type": "Anti","Startup Cost": 0.43,"Total Cost": 5728.36,"Plan Rows": 310,"Plan Width": 38,"Actual Startup Time": 0.175,"Actual Total Time": 68.523,"Actual Rows": 2128,"Actual Loops": 3,"Inner Unique": false,"Workers": [],"Plans": [{"Node Type": "Seq Scan","Parent Relationship": "Outer","Parallel Aware": true,"Async Capable": false,"Relation Name": "customer","Alias": "customer","Startup Cost": 0.00,"Total Cost": 5225.62,"Plan Rows": 729,"Plan Width": 26,"Actual Startup Time": 0.053,"Actual Total Time": 45.230,"Actual Rows": 6350,"Actual Loops": 3,"Filter": "((c_acctbal > $1) AND (SUBSTRING(c_phone FROM 1 FOR 2) = ANY ('{17,19,14,22,27,28,20}'::text[])))","Rows Removed by Filter": 43650,"Workers": []},{"Node Type": "Index Only Scan","Parent Relationship": "Inner","Parallel Aware": false,"Async Capable": false,"Scan Direction": "Forward","Index Name": "idx_orders_custkey","Relation Name": "orders","Alias": "orders","Startup Cost": 0.43,"Total Cost": 3.28,"Plan Rows": 17,"Plan Width": 4,"Actual Startup Time": 0.003,"Actual Total Time": 0.003,"Actual Rows": 1,"Actual Loops": 19051,"Index Cond": "(o_custkey = customer.c_custkey)","Rows Removed by Index Recheck": 0,"Heap Fetches": 0,"Workers": []}]}]}]}]}]},"Planning Time": 3.636,"Triggers": [],"Execution Time": 142.465}]
[{"Plan": {"Node Type": "Aggregate","Strategy": "Sorted","Partial Mode": "Finalize","Parallel Aware": false,"Async Capable": false,"Startup Cost": 12972.06,"Total Cost": 13071.37,"Plan Rows": 744,"Plan Width": 72,"Actual Startup Time": 140.450,"Actual Total Time": 143.955,"Actual Rows": 7,"Actual Loops": 1,"Group Key": ["(SUBSTRING(customer.c_phone FROM 1 FOR 2))"],"Plans": [{"Node Type": "Aggregate","Strategy": "Plain","Partial Mode": "Finalize","Parent Relationship": "InitPlan","Subplan Name": "InitPlan 1 (returns $1)","Parallel Aware": false,"Async Capable": false,"Startup Cost": 6230.83,"Total Cost": 6230.84,"Plan Rows": 1,"Plan Width": 32,"Actual Startup Time": 62.365,"Actual Total Time": 62.530,"Actual Rows": 1,"Actual Loops": 1,"Plans": [{"Node Type": "Gather","Parent Relationship": "Outer","Parallel Aware": false,"Async Capable": false,"Startup Cost": 6230.61,"Total Cost": 6230.82,"Plan Rows": 2,"Plan Width": 32,"Actual Startup Time": 62.267,"Actual Total Time": 62.514,"Actual Rows": 3,"Actual Loops": 1,"Workers Planned": 2,"Workers Launched": 2,"Single Copy": false,"Plans": [{"Node Type": "Aggregate","Strategy": "Plain","Partial Mode": "Partial","Parent Relationship": "Outer","Parallel Aware": false,"Async Capable": false,"Startup Cost": 5230.61,"Total Cost": 5230.62,"Plan Rows": 1,"Plan Width": 32,"Actual Startup Time": 56.586,"Actual Total Time": 56.588,"Actual Rows": 1,"Actual Loops": 3,"Workers": [],"Plans": [{"Node Type": "Seq Scan","Parent Relationship": "Outer","Parallel Aware": true,"Async Capable": false,"Relation Name": "customer","Alias": "customer_1","Startup Cost": 0.00,"Total Cost": 5225.62,"Plan Rows": 1994,"Plan Width": 6,"Actual Startup Time": 0.054,"Actual Total Time": 55.489,"Actual Rows": 12705,"Actual Loops": 3,"Filter": "((c_acctbal > 0.00) AND (SUBSTRING(c_phone FROM 1 FOR 2) = ANY ('{34,31,33,27,10,13,12}'::text[])))","Rows Removed by Filter": 37295,"Workers": []}]}]}]},{"Node Type": "Gather Merge","Parent Relationship": "Outer","Parallel Aware": false,"Async Capable": false,"Startup Cost": 6741.22,"Total Cost": 6821.30,"Plan Rows": 620,"Plan Width": 72,"Actual Startup Time": 140.342,"Actual Total Time": 143.738,"Actual Rows": 21,"Actual Loops": 1,"Workers Planned": 2,"Params Evaluated": ["$1"],"Workers Launched": 2,"Plans": [{"Node Type": "Aggregate","Strategy": "Sorted","Partial Mode": "Partial","Parent Relationship": "Outer","Parallel Aware": false,"Async Capable": false,"Startup Cost": 5741.19,"Total Cost": 5749.72,"Plan Rows": 310,"Plan Width": 72,"Actual Startup Time": 71.395,"Actual Total Time": 71.688,"Actual Rows": 7,"Actual Loops": 3,"Group Key": ["(SUBSTRING(customer.c_phone FROM 1 FOR 2))"],"Workers": [],"Plans": [{"Node Type": "Sort","Parent Relationship": "Outer","Parallel Aware": false,"Async Capable": false,"Startup Cost": 5741.19,"Total Cost": 5741.97,"Plan Rows": 310,"Plan Width": 38,"Actual Startup Time": 71.314,"Actual Total Time": 71.398,"Actual Rows": 2112,"Actual Loops": 3,"Sort Key": ["(SUBSTRING(customer.c_phone FROM 1 FOR 2))"],"Sort Method": "quicksort","Sort Space Used": 235,"Sort Space Type": "Memory","Workers": [{"Worker Number": 0,"Sort Method": "quicksort","Sort Space Used": 155,"Sort Space Type": "Memory"},{"Worker Number": 1,"Sort Method": "quicksort","Sort Space Used": 150,"Sort Space Type": "Memory"}],"Plans": [{"Node Type": "Nested Loop","Parent Relationship": "Outer","Parallel Aware": false,"Async Capable": false,"Join Type": "Anti","Startup Cost": 0.43,"Total Cost": 5728.36,"Plan Rows": 310,"Plan Width": 38,"Actual Startup Time": 0.235,"Actual Total Time": 70.500,"Actual Rows": 2112,"Actual Loops": 3,"Inner Unique": false,"Workers": [],"Plans": [{"Node Type": "Seq Scan","Parent Relationship": "Outer","Parallel Aware": true,"Async Capable": false,"Relation Name": "customer","Alias": "customer","Startup Cost": 0.00,"Total Cost": 5225.62,"Plan Rows": 729,"Plan Width": 26,"Actual Startup Time": 0.055,"Actual Total Time": 46.633,"Actual Rows": 6303,"Actual Loops": 3,"Filter": "((c_acctbal > $1) AND (SUBSTRING(c_phone FROM 1 FOR 2) = ANY ('{34,31,33,27,10,13,12}'::text[])))","Rows Removed by Filter": 43697,"Workers": []},{"Node Type": "Index Only Scan","Parent Relationship": "Inner","Parallel Aware": false,"Async Capable": false,"Scan Direction": "Forward","Index Name": "idx_orders_custkey","Relation Name": "orders","Alias": "orders","Startup Cost": 0.43,"Total Cost": 3.28,"Plan Rows": 17,"Plan Width": 4,"Actual Startup Time": 0.003,"Actual Total Time": 0.003,"Actual Rows": 1,"Actual Loops": 18910,"Index Cond": "(o_custkey = customer.c_custkey)","Rows Removed by Index Recheck": 0,"Heap Fetches": 0,"Workers": []}]}]}]}]}]},"Planning Time": 4.538,"Triggers": [],"Execution Time": 144.257}]
[{"Plan": {"Node Type": "Aggregate","Strategy": "Sorted","Partial Mode": "Finalize","Parallel Aware": false,"Async Capable": false,"Startup Cost": 12972.06,"Total Cost": 13071.37,"Plan Rows": 744,"Plan Width": 72,"Actual Startup Time": 139.229,"Actual Total Time": 143.099,"Actual Rows": 7,"Actual Loops": 1,"Group Key": ["(SUBSTRING(customer.c_phone FROM 1 FOR 2))"],"Plans": [{"Node Type": "Aggregate","Strategy": "Plain","Partial Mode": "Finalize","Parent Relationship": "InitPlan","Subplan Name": "InitPlan 1 (returns $1)","Parallel Aware": false,"Async Capable": false,"Startup Cost": 6230.83,"Total Cost": 6230.84,"Plan Rows": 1,"Plan Width": 32,"Actual Startup Time": 62.281,"Actual Total Time": 62.515,"Actual Rows": 1,"Actual Loops": 1,"Plans": [{"Node Type": "Gather","Parent Relationship": "Outer","Parallel Aware": false,"Async Capable": false,"Startup Cost": 6230.61,"Total Cost": 6230.82,"Plan Rows": 2,"Plan Width": 32,"Actual Startup Time": 62.167,"Actual Total Time": 62.502,"Actual Rows": 3,"Actual Loops": 1,"Workers Planned": 2,"Workers Launched": 2,"Single Copy": false,"Plans": [{"Node Type": "Aggregate","Strategy": "Plain","Partial Mode": "Partial","Parent Relationship": "Outer","Parallel Aware": false,"Async Capable": false,"Startup Cost": 5230.61,"Total Cost": 5230.62,"Plan Rows": 1,"Plan Width": 32,"Actual Startup Time": 56.411,"Actual Total Time": 56.412,"Actual Rows": 1,"Actual Loops": 3,"Workers": [],"Plans": [{"Node Type": "Seq Scan","Parent Relationship": "Outer","Parallel Aware": true,"Async Capable": false,"Relation Name": "customer","Alias": "customer_1","Startup Cost": 0.00,"Total Cost": 5225.62,"Plan Rows": 1994,"Plan Width": 6,"Actual Startup Time": 0.056,"Actual Total Time": 55.345,"Actual Rows": 12658,"Actual Loops": 3,"Filter": "((c_acctbal > 0.00) AND (SUBSTRING(c_phone FROM 1 FOR 2) = ANY ('{30,28,20,13,15,18,26}'::text[])))","Rows Removed by Filter": 37342,"Workers": []}]}]}]},{"Node Type": "Gather Merge","Parent Relationship": "Outer","Parallel Aware": false,"Async Capable": false,"Startup Cost": 6741.22,"Total Cost": 6821.30,"Plan Rows": 620,"Plan Width": 72,"Actual Startup Time": 139.138,"Actual Total Time": 142.814,"Actual Rows": 21,"Actual Loops": 1,"Workers Planned": 2,"Params Evaluated": ["$1"],"Workers Launched": 2,"Plans": [{"Node Type": "Aggregate","Strategy": "Sorted","Partial Mode": "Partial","Parent Relationship": "Outer","Parallel Aware": false,"Async Capable": false,"Startup Cost": 5741.19,"Total Cost": 5749.72,"Plan Rows": 310,"Plan Width": 72,"Actual Startup Time": 69.887,"Actual Total Time": 70.182,"Actual Rows": 7,"Actual Loops": 3,"Group Key": ["(SUBSTRING(customer.c_phone FROM 1 FOR 2))"],"Workers": [],"Plans": [{"Node Type": "Sort","Parent Relationship": "Outer","Parallel Aware": false,"Async Capable": false,"Startup Cost": 5741.19,"Total Cost": 5741.97,"Plan Rows": 310,"Plan Width": 38,"Actual Startup Time": 69.813,"Actual Total Time": 69.893,"Actual Rows": 2115,"Actual Loops": 3,"Sort Key": ["(SUBSTRING(customer.c_phone FROM 1 FOR 2))"],"Sort Method": "quicksort","Sort Space Used": 230,"Sort Space Type": "Memory","Workers": [{"Worker Number": 0,"Sort Method": "quicksort","Sort Space Used": 155,"Sort Space Type": "Memory"},{"Worker Number": 1,"Sort Method": "quicksort","Sort Space Used": 155,"Sort Space Type": "Memory"}],"Plans": [{"Node Type": "Nested Loop","Parent Relationship": "Outer","Parallel Aware": false,"Async Capable": false,"Join Type": "Anti","Startup Cost": 0.43,"Total Cost": 5728.36,"Plan Rows": 310,"Plan Width": 38,"Actual Startup Time": 0.265,"Actual Total Time": 69.000,"Actual Rows": 2115,"Actual Loops": 3,"Inner Unique": false,"Workers": [],"Plans": [{"Node Type": "Seq Scan","Parent Relationship": "Outer","Parallel Aware": true,"Async Capable": false,"Relation Name": "customer","Alias": "customer","Startup Cost": 0.00,"Total Cost": 5225.62,"Plan Rows": 729,"Plan Width": 26,"Actual Startup Time": 0.038,"Actual Total Time": 45.440,"Actual Rows": 6327,"Actual Loops": 3,"Filter": "((c_acctbal > $1) AND (SUBSTRING(c_phone FROM 1 FOR 2) = ANY ('{30,28,20,13,15,18,26}'::text[])))","Rows Removed by Filter": 43673,"Workers": []},{"Node Type": "Index Only Scan","Parent Relationship": "Inner","Parallel Aware": false,"Async Capable": false,"Scan Direction": "Forward","Index Name": "idx_orders_custkey","Relation Name": "orders","Alias": "orders","Startup Cost": 0.43,"Total Cost": 3.28,"Plan Rows": 17,"Plan Width": 4,"Actual Startup Time": 0.003,"Actual Total Time": 0.003,"Actual Rows": 1,"Actual Loops": 18982,"Index Cond": "(o_custkey = customer.c_custkey)","Rows Removed by Index Recheck": 0,"Heap Fetches": 0,"Workers": []}]}]}]}]}]},"Planning Time": 3.374,"Triggers": [],"Execution Time": 143.416}]
[{"Plan": {"Node Type": "Aggregate","Strategy": "Sorted","Partial Mode": "Finalize","Parallel Aware": false,"Async Capable": false,"Startup Cost": 12972.06,"Total Cost": 13071.37,"Plan Rows": 744,"Plan Width": 72,"Actual Startup Time": 139.767,"Actual Total Time": 143.370,"Actual Rows": 7,"Actual Loops": 1,"Group Key": ["(SUBSTRING(customer.c_phone FROM 1 FOR 2))"],"Plans": [{"Node Type": "Aggregate","Strategy": "Plain","Partial Mode": "Finalize","Parent Relationship": "InitPlan","Subplan Name": "InitPlan 1 (returns $1)","Parallel Aware": false,"Async Capable": false,"Startup Cost": 6230.83,"Total Cost": 6230.84,"Plan Rows": 1,"Plan Width": 32,"Actual Startup Time": 62.074,"Actual Total Time": 62.245,"Actual Rows": 1,"Actual Loops": 1,"Plans": [{"Node Type": "Gather","Parent Relationship": "Outer","Parallel Aware": false,"Async Capable": false,"Startup Cost": 6230.61,"Total Cost": 6230.82,"Plan Rows": 2,"Plan Width": 32,"Actual Startup Time": 61.949,"Actual Total Time": 62.227,"Actual Rows": 3,"Actual Loops": 1,"Workers Planned": 2,"Workers Launched": 2,"Single Copy": false,"Plans": [{"Node Type": "Aggregate","Strategy": "Plain","Partial Mode": "Partial","Parent Relationship": "Outer","Parallel Aware": false,"Async Capable": false,"Startup Cost": 5230.61,"Total Cost": 5230.62,"Plan Rows": 1,"Plan Width": 32,"Actual Startup Time": 56.020,"Actual Total Time": 56.022,"Actual Rows": 1,"Actual Loops": 3,"Workers": [],"Plans": [{"Node Type": "Seq Scan","Parent Relationship": "Outer","Parallel Aware": true,"Async Capable": false,"Relation Name": "customer","Alias": "customer_1","Startup Cost": 0.00,"Total Cost": 5225.62,"Plan Rows": 1994,"Plan Width": 6,"Actual Startup Time": 0.051,"Actual Total Time": 54.916,"Actual Rows": 12745,"Actual Loops": 3,"Filter": "((c_acctbal > 0.00) AND (SUBSTRING(c_phone FROM 1 FOR 2) = ANY ('{18,27,32,13,20,21,12}'::text[])))","Rows Removed by Filter": 37255,"Workers": []}]}]}]},{"Node Type": "Gather Merge","Parent Relationship": "Outer","Parallel Aware": false,"Async Capable": false,"Startup Cost": 6741.22,"Total Cost": 6821.30,"Plan Rows": 620,"Plan Width": 72,"Actual Startup Time": 139.636,"Actual Total Time": 143.132,"Actual Rows": 21,"Actual Loops": 1,"Workers Planned": 2,"Params Evaluated": ["$1"],"Workers Launched": 2,"Plans": [{"Node Type": "Aggregate","Strategy": "Sorted","Partial Mode": "Partial","Parent Relationship": "Outer","Parallel Aware": false,"Async Capable": false,"Startup Cost": 5741.19,"Total Cost": 5749.72,"Plan Rows": 310,"Plan Width": 72,"Actual Startup Time": 70.697,"Actual Total Time": 70.992,"Actual Rows": 7,"Actual Loops": 3,"Group Key": ["(SUBSTRING(customer.c_phone FROM 1 FOR 2))"],"Workers": [],"Plans": [{"Node Type": "Sort","Parent Relationship": "Outer","Parallel Aware": false,"Async Capable": false,"Startup Cost": 5741.19,"Total Cost": 5741.97,"Plan Rows": 310,"Plan Width": 38,"Actual Startup Time": 70.630,"Actual Total Time": 70.708,"Actual Rows": 2132,"Actual Loops": 3,"Sort Key": ["(SUBSTRING(customer.c_phone FROM 1 FOR 2))"],"Sort Method": "quicksort","Sort Space Used": 236,"Sort Space Type": "Memory","Workers": [{"Worker Number": 0,"Sort Method": "quicksort","Sort Space Used": 156,"Sort Space Type": "Memory"},{"Worker Number": 1,"Sort Method": "quicksort","Sort Space Used": 150,"Sort Space Type": "Memory"}],"Plans": [{"Node Type": "Nested Loop","Parent Relationship": "Outer","Parallel Aware": false,"Async Capable": false,"Join Type": "Anti","Startup Cost": 0.43,"Total Cost": 5728.36,"Plan Rows": 310,"Plan Width": 38,"Actual Startup Time": 0.220,"Actual Total Time": 69.840,"Actual Rows": 2132,"Actual Loops": 3,"Inner Unique": false,"Workers": [],"Plans": [{"Node Type": "Seq Scan","Parent Relationship": "Outer","Parallel Aware": true,"Async Capable": false,"Relation Name": "customer","Alias": "customer","Startup Cost": 0.00,"Total Cost": 5225.62,"Plan Rows": 729,"Plan Width": 26,"Actual Startup Time": 0.047,"Actual Total Time": 45.944,"Actual Rows": 6354,"Actual Loops": 3,"Filter": "((c_acctbal > $1) AND (SUBSTRING(c_phone FROM 1 FOR 2) = ANY ('{18,27,32,13,20,21,12}'::text[])))","Rows Removed by Filter": 43646,"Workers": []},{"Node Type": "Index Only Scan","Parent Relationship": "Inner","Parallel Aware": false,"Async Capable": false,"Scan Direction": "Forward","Index Name": "idx_orders_custkey","Relation Name": "orders","Alias": "orders","Startup Cost": 0.43,"Total Cost": 3.28,"Plan Rows": 17,"Plan Width": 4,"Actual Startup Time": 0.003,"Actual Total Time": 0.003,"Actual Rows": 1,"Actual Loops": 19062,"Index Cond": "(o_custkey = customer.c_custkey)","Rows Removed by Index Recheck": 0,"Heap Fetches": 0,"Workers": []}]}]}]}]}]},"Planning Time": 3.764,"Triggers": [],"Execution Time": 143.740}]
[{"Plan": {"Node Type": "Aggregate","Strategy": "Sorted","Partial Mode": "Finalize","Parallel Aware": false,"Async Capable": false,"Startup Cost": 12972.06,"Total Cost": 13071.37,"Plan Rows": 744,"Plan Width": 72,"Actual Startup Time": 134.547,"Actual Total Time": 138.171,"Actual Rows": 7,"Actual Loops": 1,"Group Key": ["(SUBSTRING(customer.c_phone FROM 1 FOR 2))"],"Plans": [{"Node Type": "Aggregate","Strategy": "Plain","Partial Mode": "Finalize","Parent Relationship": "InitPlan","Subplan Name": "InitPlan 1 (returns $1)","Parallel Aware": false,"Async Capable": false,"Startup Cost": 6230.83,"Total Cost": 6230.84,"Plan Rows": 1,"Plan Width": 32,"Actual Startup Time": 58.949,"Actual Total Time": 59.151,"Actual Rows": 1,"Actual Loops": 1,"Plans": [{"Node Type": "Gather","Parent Relationship": "Outer","Parallel Aware": false,"Async Capable": false,"Startup Cost": 6230.61,"Total Cost": 6230.82,"Plan Rows": 2,"Plan Width": 32,"Actual Startup Time": 58.825,"Actual Total Time": 59.122,"Actual Rows": 3,"Actual Loops": 1,"Workers Planned": 2,"Workers Launched": 2,"Single Copy": false,"Plans": [{"Node Type": "Aggregate","Strategy": "Plain","Partial Mode": "Partial","Parent Relationship": "Outer","Parallel Aware": false,"Async Capable": false,"Startup Cost": 5230.61,"Total Cost": 5230.62,"Plan Rows": 1,"Plan Width": 32,"Actual Startup Time": 53.101,"Actual Total Time": 53.104,"Actual Rows": 1,"Actual Loops": 3,"Workers": [],"Plans": [{"Node Type": "Seq Scan","Parent Relationship": "Outer","Parallel Aware": true,"Async Capable": false,"Relation Name": "customer","Alias": "customer_1","Startup Cost": 0.00,"Total Cost": 5225.62,"Plan Rows": 1994,"Plan Width": 6,"Actual Startup Time": 0.054,"Actual Total Time": 52.016,"Actual Rows": 12712,"Actual Loops": 3,"Filter": "((c_acctbal > 0.00) AND (SUBSTRING(c_phone FROM 1 FOR 2) = ANY ('{17,13,27,26,24,28,32}'::text[])))","Rows Removed by Filter": 37288,"Workers": []}]}]}]},{"Node Type": "Gather Merge","Parent Relationship": "Outer","Parallel Aware": false,"Async Capable": false,"Startup Cost": 6741.22,"Total Cost": 6821.30,"Plan Rows": 620,"Plan Width": 72,"Actual Startup Time": 134.423,"Actual Total Time": 137.887,"Actual Rows": 21,"Actual Loops": 1,"Workers Planned": 2,"Params Evaluated": ["$1"],"Workers Launched": 2,"Plans": [{"Node Type": "Aggregate","Strategy": "Sorted","Partial Mode": "Partial","Parent Relationship": "Outer","Parallel Aware": false,"Async Capable": false,"Startup Cost": 5741.19,"Total Cost": 5749.72,"Plan Rows": 310,"Plan Width": 72,"Actual Startup Time": 68.628,"Actual Total Time": 68.919,"Actual Rows": 7,"Actual Loops": 3,"Group Key": ["(SUBSTRING(customer.c_phone FROM 1 FOR 2))"],"Workers": [],"Plans": [{"Node Type": "Sort","Parent Relationship": "Outer","Parallel Aware": false,"Async Capable": false,"Startup Cost": 5741.19,"Total Cost": 5741.97,"Plan Rows": 310,"Plan Width": 38,"Actual Startup Time": 68.552,"Actual Total Time": 68.628,"Actual Rows": 2082,"Actual Loops": 3,"Sort Key": ["(SUBSTRING(customer.c_phone FROM 1 FOR 2))"],"Sort Method": "quicksort","Sort Space Used": 234,"Sort Space Type": "Memory","Workers": [{"Worker Number": 0,"Sort Method": "quicksort","Sort Space Used": 151,"Sort Space Type": "Memory"},{"Worker Number": 1,"Sort Method": "quicksort","Sort Space Used": 149,"Sort Space Type": "Memory"}],"Plans": [{"Node Type": "Nested Loop","Parent Relationship": "Outer","Parallel Aware": false,"Async Capable": false,"Join Type": "Anti","Startup Cost": 0.43,"Total Cost": 5728.36,"Plan Rows": 310,"Plan Width": 38,"Actual Startup Time": 0.173,"Actual Total Time": 67.741,"Actual Rows": 2082,"Actual Loops": 3,"Inner Unique": false,"Workers": [],"Plans": [{"Node Type": "Seq Scan","Parent Relationship": "Outer","Parallel Aware": true,"Async Capable": false,"Relation Name": "customer","Alias": "customer","Startup Cost": 0.00,"Total Cost": 5225.62,"Plan Rows": 729,"Plan Width": 26,"Actual Startup Time": 0.049,"Actual Total Time": 44.964,"Actual Rows": 6338,"Actual Loops": 3,"Filter": "((c_acctbal > $1) AND (SUBSTRING(c_phone FROM 1 FOR 2) = ANY ('{17,13,27,26,24,28,32}'::text[])))","Rows Removed by Filter": 43662,"Workers": []},{"Node Type": "Index Only Scan","Parent Relationship": "Inner","Parallel Aware": false,"Async Capable": false,"Scan Direction": "Forward","Index Name": "idx_orders_custkey","Relation Name": "orders","Alias": "orders","Startup Cost": 0.43,"Total Cost": 3.28,"Plan Rows": 17,"Plan Width": 4,"Actual Startup Time": 0.003,"Actual Total Time": 0.003,"Actual Rows": 1,"Actual Loops": 19015,"Index Cond": "(o_custkey = customer.c_custkey)","Rows Removed by Index Recheck": 0,"Heap Fetches": 0,"Workers": []}]}]}]}]}]},"Planning Time": 3.888,"Triggers": [],"Execution Time": 138.479}]
[{"Plan": {"Node Type": "Aggregate","Strategy": "Sorted","Partial Mode": "Finalize","Parallel Aware": false,"Async Capable": false,"Startup Cost": 12972.06,"Total Cost": 13071.37,"Plan Rows": 744,"Plan Width": 72,"Actual Startup Time": 136.972,"Actual Total Time": 140.691,"Actual Rows": 7,"Actual Loops": 1,"Group Key": ["(SUBSTRING(customer.c_phone FROM 1 FOR 2))"],"Plans": [{"Node Type": "Aggregate","Strategy": "Plain","Partial Mode": "Finalize","Parent Relationship": "InitPlan","Subplan Name": "InitPlan 1 (returns $1)","Parallel Aware": false,"Async Capable": false,"Startup Cost": 6230.83,"Total Cost": 6230.84,"Plan Rows": 1,"Plan Width": 32,"Actual Startup Time": 62.026,"Actual Total Time": 62.238,"Actual Rows": 1,"Actual Loops": 1,"Plans": [{"Node Type": "Gather","Parent Relationship": "Outer","Parallel Aware": false,"Async Capable": false,"Startup Cost": 6230.61,"Total Cost": 6230.82,"Plan Rows": 2,"Plan Width": 32,"Actual Startup Time": 61.935,"Actual Total Time": 62.223,"Actual Rows": 3,"Actual Loops": 1,"Workers Planned": 2,"Workers Launched": 2,"Single Copy": false,"Plans": [{"Node Type": "Aggregate","Strategy": "Plain","Partial Mode": "Partial","Parent Relationship": "Outer","Parallel Aware": false,"Async Capable": false,"Startup Cost": 5230.61,"Total Cost": 5230.62,"Plan Rows": 1,"Plan Width": 32,"Actual Startup Time": 55.321,"Actual Total Time": 55.323,"Actual Rows": 1,"Actual Loops": 3,"Workers": [],"Plans": [{"Node Type": "Seq Scan","Parent Relationship": "Outer","Parallel Aware": true,"Async Capable": false,"Relation Name": "customer","Alias": "customer_1","Startup Cost": 0.00,"Total Cost": 5225.62,"Plan Rows": 1994,"Plan Width": 6,"Actual Startup Time": 0.046,"Actual Total Time": 54.292,"Actual Rows": 12729,"Actual Loops": 3,"Filter": "((c_acctbal > 0.00) AND (SUBSTRING(c_phone FROM 1 FOR 2) = ANY ('{24,23,34,12,25,15,29}'::text[])))","Rows Removed by Filter": 37271,"Workers": []}]}]}]},{"Node Type": "Gather Merge","Parent Relationship": "Outer","Parallel Aware": false,"Async Capable": false,"Startup Cost": 6741.22,"Total Cost": 6821.30,"Plan Rows": 620,"Plan Width": 72,"Actual Startup Time": 136.849,"Actual Total Time": 140.410,"Actual Rows": 21,"Actual Loops": 1,"Workers Planned": 2,"Params Evaluated": ["$1"],"Workers Launched": 2,"Plans": [{"Node Type": "Aggregate","Strategy": "Sorted","Partial Mode": "Partial","Parent Relationship": "Outer","Parallel Aware": false,"Async Capable": false,"Startup Cost": 5741.19,"Total Cost": 5749.72,"Plan Rows": 310,"Plan Width": 72,"Actual Startup Time": 68.418,"Actual Total Time": 68.714,"Actual Rows": 7,"Actual Loops": 3,"Group Key": ["(SUBSTRING(customer.c_phone FROM 1 FOR 2))"],"Workers": [],"Plans": [{"Node Type": "Sort","Parent Relationship": "Outer","Parallel Aware": false,"Async Capable": false,"Startup Cost": 5741.19,"Total Cost": 5741.97,"Plan Rows": 310,"Plan Width": 38,"Actual Startup Time": 68.345,"Actual Total Time": 68.421,"Actual Rows": 2112,"Actual Loops": 3,"Sort Key": ["(SUBSTRING(customer.c_phone FROM 1 FOR 2))"],"Sort Method": "quicksort","Sort Space Used": 233,"Sort Space Type": "Memory","Workers": [{"Worker Number": 0,"Sort Method": "quicksort","Sort Space Used": 151,"Sort Space Type": "Memory"},{"Worker Number": 1,"Sort Method": "quicksort","Sort Space Used": 155,"Sort Space Type": "Memory"}],"Plans": [{"Node Type": "Nested Loop","Parent Relationship": "Outer","Parallel Aware": false,"Async Capable": false,"Join Type": "Anti","Startup Cost": 0.43,"Total Cost": 5728.36,"Plan Rows": 310,"Plan Width": 38,"Actual Startup Time": 0.135,"Actual Total Time": 67.545,"Actual Rows": 2112,"Actual Loops": 3,"Inner Unique": false,"Workers": [],"Plans": [{"Node Type": "Seq Scan","Parent Relationship": "Outer","Parallel Aware": true,"Async Capable": false,"Relation Name": "customer","Alias": "customer","Startup Cost": 0.00,"Total Cost": 5225.62,"Plan Rows": 729,"Plan Width": 26,"Actual Startup Time": 0.040,"Actual Total Time": 44.315,"Actual Rows": 6360,"Actual Loops": 3,"Filter": "((c_acctbal > $1) AND (SUBSTRING(c_phone FROM 1 FOR 2) = ANY ('{24,23,34,12,25,15,29}'::text[])))","Rows Removed by Filter": 43640,"Workers": []},{"Node Type": "Index Only Scan","Parent Relationship": "Inner","Parallel Aware": false,"Async Capable": false,"Scan Direction": "Forward","Index Name": "idx_orders_custkey","Relation Name": "orders","Alias": "orders","Startup Cost": 0.43,"Total Cost": 3.28,"Plan Rows": 17,"Plan Width": 4,"Actual Startup Time": 0.003,"Actual Total Time": 0.003,"Actual Rows": 1,"Actual Loops": 19080,"Index Cond": "(o_custkey = customer.c_custkey)","Rows Removed by Index Recheck": 0,"Heap Fetches": 0,"Workers": []}]}]}]}]}]},"Planning Time": 3.826,"Triggers": [],"Execution Time": 141.046}]
[{"Plan": {"Node Type": "Aggregate","Strategy": "Sorted","Partial Mode": "Finalize","Parallel Aware": false,"Async Capable": false,"Startup Cost": 12972.06,"Total Cost": 13071.37,"Plan Rows": 744,"Plan Width": 72,"Actual Startup Time": 134.441,"Actual Total Time": 138.209,"Actual Rows": 7,"Actual Loops": 1,"Group Key": ["(SUBSTRING(customer.c_phone FROM 1 FOR 2))"],"Plans": [{"Node Type": "Aggregate","Strategy": "Plain","Partial Mode": "Finalize","Parent Relationship": "InitPlan","Subplan Name": "InitPlan 1 (returns $1)","Parallel Aware": false,"Async Capable": false,"Startup Cost": 6230.83,"Total Cost": 6230.84,"Plan Rows": 1,"Plan Width": 32,"Actual Startup Time": 59.254,"Actual Total Time": 59.462,"Actual Rows": 1,"Actual Loops": 1,"Plans": [{"Node Type": "Gather","Parent Relationship": "Outer","Parallel Aware": false,"Async Capable": false,"Startup Cost": 6230.61,"Total Cost": 6230.82,"Plan Rows": 2,"Plan Width": 32,"Actual Startup Time": 59.176,"Actual Total Time": 59.440,"Actual Rows": 3,"Actual Loops": 1,"Workers Planned": 2,"Workers Launched": 2,"Single Copy": false,"Plans": [{"Node Type": "Aggregate","Strategy": "Plain","Partial Mode": "Partial","Parent Relationship": "Outer","Parallel Aware": false,"Async Capable": false,"Startup Cost": 5230.61,"Total Cost": 5230.62,"Plan Rows": 1,"Plan Width": 32,"Actual Startup Time": 53.061,"Actual Total Time": 53.062,"Actual Rows": 1,"Actual Loops": 3,"Workers": [],"Plans": [{"Node Type": "Seq Scan","Parent Relationship": "Outer","Parallel Aware": true,"Async Capable": false,"Relation Name": "customer","Alias": "customer_1","Startup Cost": 0.00,"Total Cost": 5225.62,"Plan Rows": 1994,"Plan Width": 6,"Actual Startup Time": 0.038,"Actual Total Time": 51.949,"Actual Rows": 12629,"Actual Loops": 3,"Filter": "((c_acctbal > 0.00) AND (SUBSTRING(c_phone FROM 1 FOR 2) = ANY ('{26,25,17,20,10,21,23}'::text[])))","Rows Removed by Filter": 37371,"Workers": []}]}]}]},{"Node Type": "Gather Merge","Parent Relationship": "Outer","Parallel Aware": false,"Async Capable": false,"Startup Cost": 6741.22,"Total Cost": 6821.30,"Plan Rows": 620,"Plan Width": 72,"Actual Startup Time": 134.346,"Actual Total Time": 137.953,"Actual Rows": 21,"Actual Loops": 1,"Workers Planned": 2,"Params Evaluated": ["$1"],"Workers Launched": 2,"Plans": [{"Node Type": "Aggregate","Strategy": "Sorted","Partial Mode": "Partial","Parent Relationship": "Outer","Parallel Aware": false,"Async Capable": false,"Startup Cost": 5741.19,"Total Cost": 5749.72,"Plan Rows": 310,"Plan Width": 72,"Actual Startup Time": 68.378,"Actual Total Time": 68.666,"Actual Rows": 7,"Actual Loops": 3,"Group Key": ["(SUBSTRING(customer.c_phone FROM 1 FOR 2))"],"Workers": [],"Plans": [{"Node Type": "Sort","Parent Relationship": "Outer","Parallel Aware": false,"Async Capable": false,"Startup Cost": 5741.19,"Total Cost": 5741.97,"Plan Rows": 310,"Plan Width": 38,"Actual Startup Time": 68.312,"Actual Total Time": 68.391,"Actual Rows": 2086,"Actual Loops": 3,"Sort Key": ["(SUBSTRING(customer.c_phone FROM 1 FOR 2))"],"Sort Method": "quicksort","Sort Space Used": 232,"Sort Space Type": "Memory","Workers": [{"Worker Number": 0,"Sort Method": "quicksort","Sort Space Used": 151,"Sort Space Type": "Memory"},{"Worker Number": 1,"Sort Method": "quicksort","Sort Space Used": 153,"Sort Space Type": "Memory"}],"Plans": [{"Node Type": "Nested Loop","Parent Relationship": "Outer","Parallel Aware": false,"Async Capable": false,"Join Type": "Anti","Startup Cost": 0.43,"Total Cost": 5728.36,"Plan Rows": 310,"Plan Width": 38,"Actual Startup Time": 0.151,"Actual Total Time": 67.490,"Actual Rows": 2086,"Actual Loops": 3,"Inner Unique": false,"Workers": [],"Plans": [{"Node Type": "Seq Scan","Parent Relationship": "Outer","Parallel Aware": true,"Async Capable": false,"Relation Name": "customer","Alias": "customer","Startup Cost": 0.00,"Total Cost": 5225.62,"Plan Rows": 729,"Plan Width": 26,"Actual Startup Time": 0.041,"Actual Total Time": 44.649,"Actual Rows": 6306,"Actual Loops": 3,"Filter": "((c_acctbal > $1) AND (SUBSTRING(c_phone FROM 1 FOR 2) = ANY ('{26,25,17,20,10,21,23}'::text[])))","Rows Removed by Filter": 43694,"Workers": []},{"Node Type": "Index Only Scan","Parent Relationship": "Inner","Parallel Aware": false,"Async Capable": false,"Scan Direction": "Forward","Index Name": "idx_orders_custkey","Relation Name": "orders","Alias": "orders","Startup Cost": 0.43,"Total Cost": 3.28,"Plan Rows": 17,"Plan Width": 4,"Actual Startup Time": 0.003,"Actual Total Time": 0.003,"Actual Rows": 1,"Actual Loops": 18919,"Index Cond": "(o_custkey = customer.c_custkey)","Rows Removed by Index Recheck": 0,"Heap Fetches": 0,"Workers": []}]}]}]}]}]},"Planning Time": 4.417,"Triggers": [],"Execution Time": 138.664}]
[{"Plan": {"Node Type": "Aggregate","Strategy": "Sorted","Partial Mode": "Finalize","Parallel Aware": false,"Async Capable": false,"Startup Cost": 12972.06,"Total Cost": 13071.37,"Plan Rows": 744,"Plan Width": 72,"Actual Startup Time": 131.811,"Actual Total Time": 136.676,"Actual Rows": 7,"Actual Loops": 1,"Group Key": ["(SUBSTRING(customer.c_phone FROM 1 FOR 2))"],"Plans": [{"Node Type": "Aggregate","Strategy": "Plain","Partial Mode": "Finalize","Parent Relationship": "InitPlan","Subplan Name": "InitPlan 1 (returns $1)","Parallel Aware": false,"Async Capable": false,"Startup Cost": 6230.83,"Total Cost": 6230.84,"Plan Rows": 1,"Plan Width": 32,"Actual Startup Time": 60.052,"Actual Total Time": 60.269,"Actual Rows": 1,"Actual Loops": 1,"Plans": [{"Node Type": "Gather","Parent Relationship": "Outer","Parallel Aware": false,"Async Capable": false,"Startup Cost": 6230.61,"Total Cost": 6230.82,"Plan Rows": 2,"Plan Width": 32,"Actual Startup Time": 59.935,"Actual Total Time": 60.254,"Actual Rows": 3,"Actual Loops": 1,"Workers Planned": 2,"Workers Launched": 2,"Single Copy": false,"Plans": [{"Node Type": "Aggregate","Strategy": "Plain","Partial Mode": "Partial","Parent Relationship": "Outer","Parallel Aware": false,"Async Capable": false,"Startup Cost": 5230.61,"Total Cost": 5230.62,"Plan Rows": 1,"Plan Width": 32,"Actual Startup Time": 54.088,"Actual Total Time": 54.092,"Actual Rows": 1,"Actual Loops": 3,"Workers": [],"Plans": [{"Node Type": "Seq Scan","Parent Relationship": "Outer","Parallel Aware": true,"Async Capable": false,"Relation Name": "customer","Alias": "customer_1","Startup Cost": 0.00,"Total Cost": 5225.62,"Plan Rows": 1994,"Plan Width": 6,"Actual Startup Time": 0.059,"Actual Total Time": 53.029,"Actual Rows": 12683,"Actual Loops": 3,"Filter": "((c_acctbal > 0.00) AND (SUBSTRING(c_phone FROM 1 FOR 2) = ANY ('{33,18,25,16,15,27,10}'::text[])))","Rows Removed by Filter": 37317,"Workers": []}]}]}]},{"Node Type": "Gather Merge","Parent Relationship": "Outer","Parallel Aware": false,"Async Capable": false,"Startup Cost": 6741.22,"Total Cost": 6821.30,"Plan Rows": 620,"Plan Width": 72,"Actual Startup Time": 131.730,"Actual Total Time": 136.423,"Actual Rows": 21,"Actual Loops": 1,"Workers Planned": 2,"Params Evaluated": ["$1"],"Workers Launched": 2,"Plans": [{"Node Type": "Aggregate","Strategy": "Sorted","Partial Mode": "Partial","Parent Relationship": "Outer","Parallel Aware": false,"Async Capable": false,"Startup Cost": 5741.19,"Total Cost": 5749.72,"Plan Rows": 310,"Plan Width": 72,"Actual Startup Time": 64.448,"Actual Total Time": 64.741,"Actual Rows": 7,"Actual Loops": 3,"Group Key": ["(SUBSTRING(customer.c_phone FROM 1 FOR 2))"],"Workers": [],"Plans": [{"Node Type": "Sort","Parent Relationship": "Outer","Parallel Aware": false,"Async Capable": false,"Startup Cost": 5741.19,"Total Cost": 5741.97,"Plan Rows": 310,"Plan Width": 38,"Actual Startup Time": 64.372,"Actual Total Time": 64.450,"Actual Rows": 2113,"Actual Loops": 3,"Sort Key": ["(SUBSTRING(customer.c_phone FROM 1 FOR 2))"],"Sort Method": "quicksort","Sort Space Used": 229,"Sort Space Type": "Memory","Workers": [{"Worker Number": 0,"Sort Method": "quicksort","Sort Space Used": 154,"Sort Space Type": "Memory"},{"Worker Number": 1,"Sort Method": "quicksort","Sort Space Used": 157,"Sort Space Type": "Memory"}],"Plans": [{"Node Type": "Nested Loop","Parent Relationship": "Outer","Parallel Aware": false,"Async Capable": false,"Join Type": "Anti","Startup Cost": 0.43,"Total Cost": 5728.36,"Plan Rows": 310,"Plan Width": 38,"Actual Startup Time": 0.168,"Actual Total Time": 63.547,"Actual Rows": 2113,"Actual Loops": 3,"Inner Unique": false,"Workers": [],"Plans": [{"Node Type": "Seq Scan","Parent Relationship": "Outer","Parallel Aware": true,"Async Capable": false,"Relation Name": "customer","Alias": "customer","Startup Cost": 0.00,"Total Cost": 5225.62,"Plan Rows": 729,"Plan Width": 26,"Actual Startup Time": 0.037,"Actual Total Time": 41.698,"Actual Rows": 6316,"Actual Loops": 3,"Filter": "((c_acctbal > $1) AND (SUBSTRING(c_phone FROM 1 FOR 2) = ANY ('{33,18,25,16,15,27,10}'::text[])))","Rows Removed by Filter": 43684,"Workers": []},{"Node Type": "Index Only Scan","Parent Relationship": "Inner","Parallel Aware": false,"Async Capable": false,"Scan Direction": "Forward","Index Name": "idx_orders_custkey","Relation Name": "orders","Alias": "orders","Startup Cost": 0.43,"Total Cost": 3.28,"Plan Rows": 17,"Plan Width": 4,"Actual Startup Time": 0.003,"Actual Total Time": 0.003,"Actual Rows": 1,"Actual Loops": 18949,"Index Cond": "(o_custkey = customer.c_custkey)","Rows Removed by Index Recheck": 0,"Heap Fetches": 0,"Workers": []}]}]}]}]}]},"Planning Time": 3.370,"Triggers": [],"Execution Time": 137.001}]
[{"Plan": {"Node Type": "Aggregate","Strategy": "Sorted","Partial Mode": "Finalize","Parallel Aware": false,"Async Capable": false,"Startup Cost": 12972.06,"Total Cost": 13071.37,"Plan Rows": 744,"Plan Width": 72,"Actual Startup Time": 137.226,"Actual Total Time": 140.829,"Actual Rows": 7,"Actual Loops": 1,"Group Key": ["(SUBSTRING(customer.c_phone FROM 1 FOR 2))"],"Plans": [{"Node Type": "Aggregate","Strategy": "Plain","Partial Mode": "Finalize","Parent Relationship": "InitPlan","Subplan Name": "InitPlan 1 (returns $1)","Parallel Aware": false,"Async Capable": false,"Startup Cost": 6230.83,"Total Cost": 6230.84,"Plan Rows": 1,"Plan Width": 32,"Actual Startup Time": 61.521,"Actual Total Time": 61.702,"Actual Rows": 1,"Actual Loops": 1,"Plans": [{"Node Type": "Gather","Parent Relationship": "Outer","Parallel Aware": false,"Async Capable": false,"Startup Cost": 6230.61,"Total Cost": 6230.82,"Plan Rows": 2,"Plan Width": 32,"Actual Startup Time": 61.416,"Actual Total Time": 61.676,"Actual Rows": 3,"Actual Loops": 1,"Workers Planned": 2,"Workers Launched": 2,"Single Copy": false,"Plans": [{"Node Type": "Aggregate","Strategy": "Plain","Partial Mode": "Partial","Parent Relationship": "Outer","Parallel Aware": false,"Async Capable": false,"Startup Cost": 5230.61,"Total Cost": 5230.62,"Plan Rows": 1,"Plan Width": 32,"Actual Startup Time": 55.463,"Actual Total Time": 55.465,"Actual Rows": 1,"Actual Loops": 3,"Workers": [],"Plans": [{"Node Type": "Seq Scan","Parent Relationship": "Outer","Parallel Aware": true,"Async Capable": false,"Relation Name": "customer","Alias": "customer_1","Startup Cost": 0.00,"Total Cost": 5225.62,"Plan Rows": 1994,"Plan Width": 6,"Actual Startup Time": 0.051,"Actual Total Time": 54.382,"Actual Rows": 12787,"Actual Loops": 3,"Filter": "((c_acctbal > 0.00) AND (SUBSTRING(c_phone FROM 1 FOR 2) = ANY ('{17,33,19,23,21,31,18}'::text[])))","Rows Removed by Filter": 37213,"Workers": []}]}]}]},{"Node Type": "Gather Merge","Parent Relationship": "Outer","Parallel Aware": false,"Async Capable": false,"Startup Cost": 6741.22,"Total Cost": 6821.30,"Plan Rows": 620,"Plan Width": 72,"Actual Startup Time": 137.100,"Actual Total Time": 140.597,"Actual Rows": 21,"Actual Loops": 1,"Workers Planned": 2,"Params Evaluated": ["$1"],"Workers Launched": 2,"Plans": [{"Node Type": "Aggregate","Strategy": "Sorted","Partial Mode": "Partial","Parent Relationship": "Outer","Parallel Aware": false,"Async Capable": false,"Startup Cost": 5741.19,"Total Cost": 5749.72,"Plan Rows": 310,"Plan Width": 72,"Actual Startup Time": 68.771,"Actual Total Time": 69.076,"Actual Rows": 7,"Actual Loops": 3,"Group Key": ["(SUBSTRING(customer.c_phone FROM 1 FOR 2))"],"Workers": [],"Plans": [{"Node Type": "Sort","Parent Relationship": "Outer","Parallel Aware": false,"Async Capable": false,"Startup Cost": 5741.19,"Total Cost": 5741.97,"Plan Rows": 310,"Plan Width": 38,"Actual Startup Time": 68.706,"Actual Total Time": 68.787,"Actual Rows": 2172,"Actual Loops": 3,"Sort Key": ["(SUBSTRING(customer.c_phone FROM 1 FOR 2))"],"Sort Method": "quicksort","Sort Space Used": 236,"Sort Space Type": "Memory","Workers": [{"Worker Number": 0,"Sort Method": "quicksort","Sort Space Used": 154,"Sort Space Type": "Memory"},{"Worker Number": 1,"Sort Method": "quicksort","Sort Space Used": 159,"Sort Space Type": "Memory"}],"Plans": [{"Node Type": "Nested Loop","Parent Relationship": "Outer","Parallel Aware": false,"Async Capable": false,"Join Type": "Anti","Startup Cost": 0.43,"Total Cost": 5728.36,"Plan Rows": 310,"Plan Width": 38,"Actual Startup Time": 0.165,"Actual Total Time": 67.907,"Actual Rows": 2172,"Actual Loops": 3,"Inner Unique": false,"Workers": [],"Plans": [{"Node Type": "Seq Scan","Parent Relationship": "Outer","Parallel Aware": true,"Async Capable": false,"Relation Name": "customer","Alias": "customer","Startup Cost": 0.00,"Total Cost": 5225.62,"Plan Rows": 729,"Plan Width": 26,"Actual Startup Time": 0.042,"Actual Total Time": 44.716,"Actual Rows": 6387,"Actual Loops": 3,"Filter": "((c_acctbal > $1) AND (SUBSTRING(c_phone FROM 1 FOR 2) = ANY ('{17,33,19,23,21,31,18}'::text[])))","Rows Removed by Filter": 43613,"Workers": []},{"Node Type": "Index Only Scan","Parent Relationship": "Inner","Parallel Aware": false,"Async Capable": false,"Scan Direction": "Forward","Index Name": "idx_orders_custkey","Relation Name": "orders","Alias": "orders","Startup Cost": 0.43,"Total Cost": 3.28,"Plan Rows": 17,"Plan Width": 4,"Actual Startup Time": 0.003,"Actual Total Time": 0.003,"Actual Rows": 1,"Actual Loops": 19160,"Index Cond": "(o_custkey = customer.c_custkey)","Rows Removed by Index Recheck": 0,"Heap Fetches": 0,"Workers": []}]}]}]}]}]},"Planning Time": 4.159,"Triggers": [],"Execution Time": 141.179}]
[{"Plan": {"Node Type": "Aggregate","Strategy": "Sorted","Partial Mode": "Finalize","Parallel Aware": false,"Async Capable": false,"Startup Cost": 12972.06,"Total Cost": 13071.37,"Plan Rows": 744,"Plan Width": 72,"Actual Startup Time": 140.113,"Actual Total Time": 143.711,"Actual Rows": 7,"Actual Loops": 1,"Group Key": ["(SUBSTRING(customer.c_phone FROM 1 FOR 2))"],"Plans": [{"Node Type": "Aggregate","Strategy": "Plain","Partial Mode": "Finalize","Parent Relationship": "InitPlan","Subplan Name": "InitPlan 1 (returns $1)","Parallel Aware": false,"Async Capable": false,"Startup Cost": 6230.83,"Total Cost": 6230.84,"Plan Rows": 1,"Plan Width": 32,"Actual Startup Time": 62.218,"Actual Total Time": 62.396,"Actual Rows": 1,"Actual Loops": 1,"Plans": [{"Node Type": "Gather","Parent Relationship": "Outer","Parallel Aware": false,"Async Capable": false,"Startup Cost": 6230.61,"Total Cost": 6230.82,"Plan Rows": 2,"Plan Width": 32,"Actual Startup Time": 62.160,"Actual Total Time": 62.383,"Actual Rows": 3,"Actual Loops": 1,"Workers Planned": 2,"Workers Launched": 2,"Single Copy": false,"Plans": [{"Node Type": "Aggregate","Strategy": "Plain","Partial Mode": "Partial","Parent Relationship": "Outer","Parallel Aware": false,"Async Capable": false,"Startup Cost": 5230.61,"Total Cost": 5230.62,"Plan Rows": 1,"Plan Width": 32,"Actual Startup Time": 56.421,"Actual Total Time": 56.423,"Actual Rows": 1,"Actual Loops": 3,"Workers": [],"Plans": [{"Node Type": "Seq Scan","Parent Relationship": "Outer","Parallel Aware": true,"Async Capable": false,"Relation Name": "customer","Alias": "customer_1","Startup Cost": 0.00,"Total Cost": 5225.62,"Plan Rows": 1994,"Plan Width": 6,"Actual Startup Time": 0.057,"Actual Total Time": 55.354,"Actual Rows": 12768,"Actual Loops": 3,"Filter": "((c_acctbal > 0.00) AND (SUBSTRING(c_phone FROM 1 FOR 2) = ANY ('{23,21,19,18,30,14,24}'::text[])))","Rows Removed by Filter": 37232,"Workers": []}]}]}]},{"Node Type": "Gather Merge","Parent Relationship": "Outer","Parallel Aware": false,"Async Capable": false,"Startup Cost": 6741.22,"Total Cost": 6821.30,"Plan Rows": 620,"Plan Width": 72,"Actual Startup Time": 139.840,"Actual Total Time": 143.452,"Actual Rows": 21,"Actual Loops": 1,"Workers Planned": 2,"Params Evaluated": ["$1"],"Workers Launched": 2,"Plans": [{"Node Type": "Aggregate","Strategy": "Sorted","Partial Mode": "Partial","Parent Relationship": "Outer","Parallel Aware": false,"Async Capable": false,"Startup Cost": 5741.19,"Total Cost": 5749.72,"Plan Rows": 310,"Plan Width": 72,"Actual Startup Time": 70.491,"Actual Total Time": 71.012,"Actual Rows": 7,"Actual Loops": 3,"Group Key": ["(SUBSTRING(customer.c_phone FROM 1 FOR 2))"],"Workers": [],"Plans": [{"Node Type": "Sort","Parent Relationship": "Outer","Parallel Aware": false,"Async Capable": false,"Startup Cost": 5741.19,"Total Cost": 5741.97,"Plan Rows": 310,"Plan Width": 38,"Actual Startup Time": 70.419,"Actual Total Time": 70.548,"Actual Rows": 2182,"Actual Loops": 3,"Sort Key": ["(SUBSTRING(customer.c_phone FROM 1 FOR 2))"],"Sort Method": "quicksort","Sort Space Used": 231,"Sort Space Type": "Memory","Workers": [{"Worker Number": 0,"Sort Method": "quicksort","Sort Space Used": 209,"Sort Space Type": "Memory"},{"Worker Number": 1,"Sort Method": "quicksort","Sort Space Used": 159,"Sort Space Type": "Memory"}],"Plans": [{"Node Type": "Nested Loop","Parent Relationship": "Outer","Parallel Aware": false,"Async Capable": false,"Join Type": "Anti","Startup Cost": 0.43,"Total Cost": 5728.36,"Plan Rows": 310,"Plan Width": 38,"Actual Startup Time": 0.207,"Actual Total Time": 69.554,"Actual Rows": 2182,"Actual Loops": 3,"Inner Unique": false,"Workers": [],"Plans": [{"Node Type": "Seq Scan","Parent Relationship": "Outer","Parallel Aware": true,"Async Capable": false,"Relation Name": "customer","Alias": "customer","Startup Cost": 0.00,"Total Cost": 5225.62,"Plan Rows": 729,"Plan Width": 26,"Actual Startup Time": 0.043,"Actual Total Time": 45.806,"Actual Rows": 6383,"Actual Loops": 3,"Filter": "((c_acctbal > $1) AND (SUBSTRING(c_phone FROM 1 FOR 2) = ANY ('{23,21,19,18,30,14,24}'::text[])))","Rows Removed by Filter": 43617,"Workers": []},{"Node Type": "Index Only Scan","Parent Relationship": "Inner","Parallel Aware": false,"Async Capable": false,"Scan Direction": "Forward","Index Name": "idx_orders_custkey","Relation Name": "orders","Alias": "orders","Startup Cost": 0.43,"Total Cost": 3.28,"Plan Rows": 17,"Plan Width": 4,"Actual Startup Time": 0.003,"Actual Total Time": 0.003,"Actual Rows": 1,"Actual Loops": 19148,"Index Cond": "(o_custkey = customer.c_custkey)","Rows Removed by Index Recheck": 0,"Heap Fetches": 0,"Workers": []}]}]}]}]}]},"Planning Time": 4.367,"Triggers": [],"Execution Time": 144.022}]
[{"Plan": {"Node Type": "Aggregate","Strategy": "Sorted","Partial Mode": "Finalize","Parallel Aware": false,"Async Capable": false,"Startup Cost": 12972.06,"Total Cost": 13071.37,"Plan Rows": 744,"Plan Width": 72,"Actual Startup Time": 140.699,"Actual Total Time": 144.191,"Actual Rows": 7,"Actual Loops": 1,"Group Key": ["(SUBSTRING(customer.c_phone FROM 1 FOR 2))"],"Plans": [{"Node Type": "Aggregate","Strategy": "Plain","Partial Mode": "Finalize","Parent Relationship": "InitPlan","Subplan Name": "InitPlan 1 (returns $1)","Parallel Aware": false,"Async Capable": false,"Startup Cost": 6230.83,"Total Cost": 6230.84,"Plan Rows": 1,"Plan Width": 32,"Actual Startup Time": 62.142,"Actual Total Time": 62.293,"Actual Rows": 1,"Actual Loops": 1,"Plans": [{"Node Type": "Gather","Parent Relationship": "Outer","Parallel Aware": false,"Async Capable": false,"Startup Cost": 6230.61,"Total Cost": 6230.82,"Plan Rows": 2,"Plan Width": 32,"Actual Startup Time": 62.004,"Actual Total Time": 62.260,"Actual Rows": 3,"Actual Loops": 1,"Workers Planned": 2,"Workers Launched": 2,"Single Copy": false,"Plans": [{"Node Type": "Aggregate","Strategy": "Plain","Partial Mode": "Partial","Parent Relationship": "Outer","Parallel Aware": false,"Async Capable": false,"Startup Cost": 5230.61,"Total Cost": 5230.62,"Plan Rows": 1,"Plan Width": 32,"Actual Startup Time": 56.354,"Actual Total Time": 56.356,"Actual Rows": 1,"Actual Loops": 3,"Workers": [],"Plans": [{"Node Type": "Seq Scan","Parent Relationship": "Outer","Parallel Aware": true,"Async Capable": false,"Relation Name": "customer","Alias": "customer_1","Startup Cost": 0.00,"Total Cost": 5225.62,"Plan Rows": 1994,"Plan Width": 6,"Actual Startup Time": 0.048,"Actual Total Time": 55.251,"Actual Rows": 12712,"Actual Loops": 3,"Filter": "((c_acctbal > 0.00) AND (SUBSTRING(c_phone FROM 1 FOR 2) = ANY ('{13,26,31,29,34,30,18}'::text[])))","Rows Removed by Filter": 37288,"Workers": []}]}]}]},{"Node Type": "Gather Merge","Parent Relationship": "Outer","Parallel Aware": false,"Async Capable": false,"Startup Cost": 6741.22,"Total Cost": 6821.30,"Plan Rows": 620,"Plan Width": 72,"Actual Startup Time": 140.569,"Actual Total Time": 143.987,"Actual Rows": 21,"Actual Loops": 1,"Workers Planned": 2,"Params Evaluated": ["$1"],"Workers Launched": 2,"Plans": [{"Node Type": "Aggregate","Strategy": "Sorted","Partial Mode": "Partial","Parent Relationship": "Outer","Parallel Aware": false,"Async Capable": false,"Startup Cost": 5741.19,"Total Cost": 5749.72,"Plan Rows": 310,"Plan Width": 72,"Actual Startup Time": 71.426,"Actual Total Time": 71.730,"Actual Rows": 7,"Actual Loops": 3,"Group Key": ["(SUBSTRING(customer.c_phone FROM 1 FOR 2))"],"Workers": [],"Plans": [{"Node Type": "Sort","Parent Relationship": "Outer","Parallel Aware": false,"Async Capable": false,"Startup Cost": 5741.19,"Total Cost": 5741.97,"Plan Rows": 310,"Plan Width": 38,"Actual Startup Time": 71.360,"Actual Total Time": 71.443,"Actual Rows": 2135,"Actual Loops": 3,"Sort Key": ["(SUBSTRING(customer.c_phone FROM 1 FOR 2))"],"Sort Method": "quicksort","Sort Space Used": 235,"Sort Space Type": "Memory","Workers": [{"Worker Number": 0,"Sort Method": "quicksort","Sort Space Used": 158,"Sort Space Type": "Memory"},{"Worker Number": 1,"Sort Method": "quicksort","Sort Space Used": 150,"Sort Space Type": "Memory"}],"Plans": [{"Node Type": "Nested Loop","Parent Relationship": "Outer","Parallel Aware": false,"Async Capable": false,"Join Type": "Anti","Startup Cost": 0.43,"Total Cost": 5728.36,"Plan Rows": 310,"Plan Width": 38,"Actual Startup Time": 0.120,"Actual Total Time": 70.543,"Actual Rows": 2135,"Actual Loops": 3,"Inner Unique": false,"Workers": [],"Plans": [{"Node Type": "Seq Scan","Parent Relationship": "Outer","Parallel Aware": true,"Async Capable": false,"Relation Name": "customer","Alias": "customer","Startup Cost": 0.00,"Total Cost": 5225.62,"Plan Rows": 729,"Plan Width": 26,"Actual Startup Time": 0.032,"Actual Total Time": 46.579,"Actual Rows": 6367,"Actual Loops": 3,"Filter": "((c_acctbal > $1) AND (SUBSTRING(c_phone FROM 1 FOR 2) = ANY ('{13,26,31,29,34,30,18}'::text[])))","Rows Removed by Filter": 43633,"Workers": []},{"Node Type": "Index Only Scan","Parent Relationship": "Inner","Parallel Aware": false,"Async Capable": false,"Scan Direction": "Forward","Index Name": "idx_orders_custkey","Relation Name": "orders","Alias": "orders","Startup Cost": 0.43,"Total Cost": 3.28,"Plan Rows": 17,"Plan Width": 4,"Actual Startup Time": 0.003,"Actual Total Time": 0.003,"Actual Rows": 1,"Actual Loops": 19102,"Index Cond": "(o_custkey = customer.c_custkey)","Rows Removed by Index Recheck": 0,"Heap Fetches": 0,"Workers": []}]}]}]}]}]},"Planning Time": 3.389,"Triggers": [],"Execution Time": 144.498}]
[{"Plan": {"Node Type": "Aggregate","Strategy": "Sorted","Partial Mode": "Finalize","Parallel Aware": false,"Async Capable": false,"Startup Cost": 12972.06,"Total Cost": 13071.37,"Plan Rows": 744,"Plan Width": 72,"Actual Startup Time": 137.357,"Actual Total Time": 140.856,"Actual Rows": 7,"Actual Loops": 1,"Group Key": ["(SUBSTRING(customer.c_phone FROM 1 FOR 2))"],"Plans": [{"Node Type": "Aggregate","Strategy": "Plain","Partial Mode": "Finalize","Parent Relationship": "InitPlan","Subplan Name": "InitPlan 1 (returns $1)","Parallel Aware": false,"Async Capable": false,"Startup Cost": 6230.83,"Total Cost": 6230.84,"Plan Rows": 1,"Plan Width": 32,"Actual Startup Time": 61.631,"Actual Total Time": 61.831,"Actual Rows": 1,"Actual Loops": 1,"Plans": [{"Node Type": "Gather","Parent Relationship": "Outer","Parallel Aware": false,"Async Capable": false,"Startup Cost": 6230.61,"Total Cost": 6230.82,"Plan Rows": 2,"Plan Width": 32,"Actual Startup Time": 61.537,"Actual Total Time": 61.813,"Actual Rows": 3,"Actual Loops": 1,"Workers Planned": 2,"Workers Launched": 2,"Single Copy": false,"Plans": [{"Node Type": "Aggregate","Strategy": "Plain","Partial Mode": "Partial","Parent Relationship": "Outer","Parallel Aware": false,"Async Capable": false,"Startup Cost": 5230.61,"Total Cost": 5230.62,"Plan Rows": 1,"Plan Width": 32,"Actual Startup Time": 55.542,"Actual Total Time": 55.544,"Actual Rows": 1,"Actual Loops": 3,"Workers": [],"Plans": [{"Node Type": "Seq Scan","Parent Relationship": "Outer","Parallel Aware": true,"Async Capable": false,"Relation Name": "customer","Alias": "customer_1","Startup Cost": 0.00,"Total Cost": 5225.62,"Plan Rows": 1994,"Plan Width": 6,"Actual Startup Time": 0.048,"Actual Total Time": 54.513,"Actual Rows": 12687,"Actual Loops": 3,"Filter": "((c_acctbal > 0.00) AND (SUBSTRING(c_phone FROM 1 FOR 2) = ANY ('{20,30,18,12,15,23,28}'::text[])))","Rows Removed by Filter": 37313,"Workers": []}]}]}]},{"Node Type": "Gather Merge","Parent Relationship": "Outer","Parallel Aware": false,"Async Capable": false,"Startup Cost": 6741.22,"Total Cost": 6821.30,"Plan Rows": 620,"Plan Width": 72,"Actual Startup Time": 137.254,"Actual Total Time": 140.611,"Actual Rows": 21,"Actual Loops": 1,"Workers Planned": 2,"Params Evaluated": ["$1"],"Workers Launched": 2,"Plans": [{"Node Type": "Aggregate","Strategy": "Sorted","Partial Mode": "Partial","Parent Relationship": "Outer","Parallel Aware": false,"Async Capable": false,"Startup Cost": 5741.19,"Total Cost": 5749.72,"Plan Rows": 310,"Plan Width": 72,"Actual Startup Time": 69.129,"Actual Total Time": 69.430,"Actual Rows": 7,"Actual Loops": 3,"Group Key": ["(SUBSTRING(customer.c_phone FROM 1 FOR 2))"],"Workers": [],"Plans": [{"Node Type": "Sort","Parent Relationship": "Outer","Parallel Aware": false,"Async Capable": false,"Startup Cost": 5741.19,"Total Cost": 5741.97,"Plan Rows": 310,"Plan Width": 38,"Actual Startup Time": 69.058,"Actual Total Time": 69.139,"Actual Rows": 2123,"Actual Loops": 3,"Sort Key": ["(SUBSTRING(customer.c_phone FROM 1 FOR 2))"],"Sort Method": "quicksort","Sort Space Used": 233,"Sort Space Type": "Memory","Workers": [{"Worker Number": 0,"Sort Method": "quicksort","Sort Space Used": 156,"Sort Space Type": "Memory"},{"Worker Number": 1,"Sort Method": "quicksort","Sort Space Used": 153,"Sort Space Type": "Memory"}],"Plans": [{"Node Type": "Nested Loop","Parent Relationship": "Outer","Parallel Aware": false,"Async Capable": false,"Join Type": "Anti","Startup Cost": 0.43,"Total Cost": 5728.36,"Plan Rows": 310,"Plan Width": 38,"Actual Startup Time": 0.169,"Actual Total Time": 68.261,"Actual Rows": 2123,"Actual Loops": 3,"Inner Unique": false,"Workers": [],"Plans": [{"Node Type": "Seq Scan","Parent Relationship": "Outer","Parallel Aware": true,"Async Capable": false,"Relation Name": "customer","Alias": "customer","Startup Cost": 0.00,"Total Cost": 5225.62,"Plan Rows": 729,"Plan Width": 26,"Actual Startup Time": 0.036,"Actual Total Time": 44.937,"Actual Rows": 6325,"Actual Loops": 3,"Filter": "((c_acctbal > $1) AND (SUBSTRING(c_phone FROM 1 FOR 2) = ANY ('{20,30,18,12,15,23,28}'::text[])))","Rows Removed by Filter": 43675,"Workers": []},{"Node Type": "Index Only Scan","Parent Relationship": "Inner","Parallel Aware": false,"Async Capable": false,"Scan Direction": "Forward","Index Name": "idx_orders_custkey","Relation Name": "orders","Alias": "orders","Startup Cost": 0.43,"Total Cost": 3.28,"Plan Rows": 17,"Plan Width": 4,"Actual Startup Time": 0.003,"Actual Total Time": 0.003,"Actual Rows": 1,"Actual Loops": 18976,"Index Cond": "(o_custkey = customer.c_custkey)","Rows Removed by Index Recheck": 0,"Heap Fetches": 0,"Workers": []}]}]}]}]}]},"Planning Time": 3.771,"Triggers": [],"Execution Time": 141.213}]
[{"Plan": {"Node Type": "Aggregate","Strategy": "Sorted","Partial Mode": "Finalize","Parallel Aware": false,"Async Capable": false,"Startup Cost": 12972.06,"Total Cost": 13071.37,"Plan Rows": 744,"Plan Width": 72,"Actual Startup Time": 137.084,"Actual Total Time": 141.040,"Actual Rows": 7,"Actual Loops": 1,"Group Key": ["(SUBSTRING(customer.c_phone FROM 1 FOR 2))"],"Plans": [{"Node Type": "Aggregate","Strategy": "Plain","Partial Mode": "Finalize","Parent Relationship": "InitPlan","Subplan Name": "InitPlan 1 (returns $1)","Parallel Aware": false,"Async Capable": false,"Startup Cost": 6230.83,"Total Cost": 6230.84,"Plan Rows": 1,"Plan Width": 32,"Actual Startup Time": 61.928,"Actual Total Time": 62.176,"Actual Rows": 1,"Actual Loops": 1,"Plans": [{"Node Type": "Gather","Parent Relationship": "Outer","Parallel Aware": false,"Async Capable": false,"Startup Cost": 6230.61,"Total Cost": 6230.82,"Plan Rows": 2,"Plan Width": 32,"Actual Startup Time": 61.820,"Actual Total Time": 62.160,"Actual Rows": 3,"Actual Loops": 1,"Workers Planned": 2,"Workers Launched": 2,"Single Copy": false,"Plans": [{"Node Type": "Aggregate","Strategy": "Plain","Partial Mode": "Partial","Parent Relationship": "Outer","Parallel Aware": false,"Async Capable": false,"Startup Cost": 5230.61,"Total Cost": 5230.62,"Plan Rows": 1,"Plan Width": 32,"Actual Startup Time": 55.820,"Actual Total Time": 55.822,"Actual Rows": 1,"Actual Loops": 3,"Workers": [],"Plans": [{"Node Type": "Seq Scan","Parent Relationship": "Outer","Parallel Aware": true,"Async Capable": false,"Relation Name": "customer","Alias": "customer_1","Startup Cost": 0.00,"Total Cost": 5225.62,"Plan Rows": 1994,"Plan Width": 6,"Actual Startup Time": 0.051,"Actual Total Time": 54.745,"Actual Rows": 12802,"Actual Loops": 3,"Filter": "((c_acctbal > 0.00) AND (SUBSTRING(c_phone FROM 1 FOR 2) = ANY ('{27,19,29,10,18,28,33}'::text[])))","Rows Removed by Filter": 37198,"Workers": []}]}]}]},{"Node Type": "Gather Merge","Parent Relationship": "Outer","Parallel Aware": false,"Async Capable": false,"Startup Cost": 6741.22,"Total Cost": 6821.30,"Plan Rows": 620,"Plan Width": 72,"Actual Startup Time": 136.951,"Actual Total Time": 140.740,"Actual Rows": 21,"Actual Loops": 1,"Workers Planned": 2,"Params Evaluated": ["$1"],"Workers Launched": 2,"Plans": [{"Node Type": "Aggregate","Strategy": "Sorted","Partial Mode": "Partial","Parent Relationship": "Outer","Parallel Aware": false,"Async Capable": false,"Startup Cost": 5741.19,"Total Cost": 5749.72,"Plan Rows": 310,"Plan Width": 72,"Actual Startup Time": 68.339,"Actual Total Time": 68.641,"Actual Rows": 7,"Actual Loops": 3,"Group Key": ["(SUBSTRING(customer.c_phone FROM 1 FOR 2))"],"Workers": [],"Plans": [{"Node Type": "Sort","Parent Relationship": "Outer","Parallel Aware": false,"Async Capable": false,"Startup Cost": 5741.19,"Total Cost": 5741.97,"Plan Rows": 310,"Plan Width": 38,"Actual Startup Time": 68.273,"Actual Total Time": 68.354,"Actual Rows": 2167,"Actual Loops": 3,"Sort Key": ["(SUBSTRING(customer.c_phone FROM 1 FOR 2))"],"Sort Method": "quicksort","Sort Space Used": 238,"Sort Space Type": "Memory","Workers": [{"Worker Number": 0,"Sort Method": "quicksort","Sort Space Used": 153,"Sort Space Type": "Memory"},{"Worker Number": 1,"Sort Method": "quicksort","Sort Space Used": 157,"Sort Space Type": "Memory"}],"Plans": [{"Node Type": "Nested Loop","Parent Relationship": "Outer","Parallel Aware": false,"Async Capable": false,"Join Type": "Anti","Startup Cost": 0.43,"Total Cost": 5728.36,"Plan Rows": 310,"Plan Width": 38,"Actual Startup Time": 0.213,"Actual Total Time": 67.467,"Actual Rows": 2167,"Actual Loops": 3,"Inner Unique": false,"Workers": [],"Plans": [{"Node Type": "Seq Scan","Parent Relationship": "Outer","Parallel Aware": true,"Async Capable": false,"Relation Name": "customer","Alias": "customer","Startup Cost": 0.00,"Total Cost": 5225.62,"Plan Rows": 729,"Plan Width": 26,"Actual Startup Time": 0.037,"Actual Total Time": 44.161,"Actual Rows": 6394,"Actual Loops": 3,"Filter": "((c_acctbal > $1) AND (SUBSTRING(c_phone FROM 1 FOR 2) = ANY ('{27,19,29,10,18,28,33}'::text[])))","Rows Removed by Filter": 43606,"Workers": []},{"Node Type": "Index Only Scan","Parent Relationship": "Inner","Parallel Aware": false,"Async Capable": false,"Scan Direction": "Forward","Index Name": "idx_orders_custkey","Relation Name": "orders","Alias": "orders","Startup Cost": 0.43,"Total Cost": 3.28,"Plan Rows": 17,"Plan Width": 4,"Actual Startup Time": 0.003,"Actual Total Time": 0.003,"Actual Rows": 1,"Actual Loops": 19182,"Index Cond": "(o_custkey = customer.c_custkey)","Rows Removed by Index Recheck": 0,"Heap Fetches": 0,"Workers": []}]}]}]}]}]},"Planning Time": 4.279,"Triggers": [],"Execution Time": 141.388}]
[{"Plan": {"Node Type": "Aggregate","Strategy": "Sorted","Partial Mode": "Finalize","Parallel Aware": false,"Async Capable": false,"Startup Cost": 12972.06,"Total Cost": 13071.37,"Plan Rows": 744,"Plan Width": 72,"Actual Startup Time": 141.150,"Actual Total Time": 144.589,"Actual Rows": 7,"Actual Loops": 1,"Group Key": ["(SUBSTRING(customer.c_phone FROM 1 FOR 2))"],"Plans": [{"Node Type": "Aggregate","Strategy": "Plain","Partial Mode": "Finalize","Parent Relationship": "InitPlan","Subplan Name": "InitPlan 1 (returns $1)","Parallel Aware": false,"Async Capable": false,"Startup Cost": 6230.83,"Total Cost": 6230.84,"Plan Rows": 1,"Plan Width": 32,"Actual Startup Time": 62.411,"Actual Total Time": 62.587,"Actual Rows": 1,"Actual Loops": 1,"Plans": [{"Node Type": "Gather","Parent Relationship": "Outer","Parallel Aware": false,"Async Capable": false,"Startup Cost": 6230.61,"Total Cost": 6230.82,"Plan Rows": 2,"Plan Width": 32,"Actual Startup Time": 62.331,"Actual Total Time": 62.570,"Actual Rows": 3,"Actual Loops": 1,"Workers Planned": 2,"Workers Launched": 2,"Single Copy": false,"Plans": [{"Node Type": "Aggregate","Strategy": "Plain","Partial Mode": "Partial","Parent Relationship": "Outer","Parallel Aware": false,"Async Capable": false,"Startup Cost": 5230.61,"Total Cost": 5230.62,"Plan Rows": 1,"Plan Width": 32,"Actual Startup Time": 56.530,"Actual Total Time": 56.532,"Actual Rows": 1,"Actual Loops": 3,"Workers": [],"Plans": [{"Node Type": "Seq Scan","Parent Relationship": "Outer","Parallel Aware": true,"Async Capable": false,"Relation Name": "customer","Alias": "customer_1","Startup Cost": 0.00,"Total Cost": 5225.62,"Plan Rows": 1994,"Plan Width": 6,"Actual Startup Time": 0.045,"Actual Total Time": 55.463,"Actual Rows": 12656,"Actual Loops": 3,"Filter": "((c_acctbal > 0.00) AND (SUBSTRING(c_phone FROM 1 FOR 2) = ANY ('{10,18,22,25,14,34,26}'::text[])))","Rows Removed by Filter": 37344,"Workers": []}]}]}]},{"Node Type": "Gather Merge","Parent Relationship": "Outer","Parallel Aware": false,"Async Capable": false,"Startup Cost": 6741.22,"Total Cost": 6821.30,"Plan Rows": 620,"Plan Width": 72,"Actual Startup Time": 141.042,"Actual Total Time": 144.371,"Actual Rows": 21,"Actual Loops": 1,"Workers Planned": 2,"Params Evaluated": ["$1"],"Workers Launched": 2,"Plans": [{"Node Type": "Aggregate","Strategy": "Sorted","Partial Mode": "Partial","Parent Relationship": "Outer","Parallel Aware": false,"Async Capable": false,"Startup Cost": 5741.19,"Total Cost": 5749.72,"Plan Rows": 310,"Plan Width": 72,"Actual Startup Time": 72.119,"Actual Total Time": 72.418,"Actual Rows": 7,"Actual Loops": 3,"Group Key": ["(SUBSTRING(customer.c_phone FROM 1 FOR 2))"],"Workers": [],"Plans": [{"Node Type": "Sort","Parent Relationship": "Outer","Parallel Aware": false,"Async Capable": false,"Startup Cost": 5741.19,"Total Cost": 5741.97,"Plan Rows": 310,"Plan Width": 38,"Actual Startup Time": 72.046,"Actual Total Time": 72.126,"Actual Rows": 2119,"Actual Loops": 3,"Sort Key": ["(SUBSTRING(customer.c_phone FROM 1 FOR 2))"],"Sort Method": "quicksort","Sort Space Used": 233,"Sort Space Type": "Memory","Workers": [{"Worker Number": 0,"Sort Method": "quicksort","Sort Space Used": 154,"Sort Space Type": "Memory"},{"Worker Number": 1,"Sort Method": "quicksort","Sort Space Used": 153,"Sort Space Type": "Memory"}],"Plans": [{"Node Type": "Nested Loop","Parent Relationship": "Outer","Parallel Aware": false,"Async Capable": false,"Join Type": "Anti","Startup Cost": 0.43,"Total Cost": 5728.36,"Plan Rows": 310,"Plan Width": 38,"Actual Startup Time": 0.208,"Actual Total Time": 71.212,"Actual Rows": 2119,"Actual Loops": 3,"Inner Unique": false,"Workers": [],"Plans": [{"Node Type": "Seq Scan","Parent Relationship": "Outer","Parallel Aware": true,"Async Capable": false,"Relation Name": "customer","Alias": "customer","Startup Cost": 0.00,"Total Cost": 5225.62,"Plan Rows": 729,"Plan Width": 26,"Actual Startup Time": 0.027,"Actual Total Time": 47.127,"Actual Rows": 6338,"Actual Loops": 3,"Filter": "((c_acctbal > $1) AND (SUBSTRING(c_phone FROM 1 FOR 2) = ANY ('{10,18,22,25,14,34,26}'::text[])))","Rows Removed by Filter": 43662,"Workers": []},{"Node Type": "Index Only Scan","Parent Relationship": "Inner","Parallel Aware": false,"Async Capable": false,"Scan Direction": "Forward","Index Name": "idx_orders_custkey","Relation Name": "orders","Alias": "orders","Startup Cost": 0.43,"Total Cost": 3.28,"Plan Rows": 17,"Plan Width": 4,"Actual Startup Time": 0.003,"Actual Total Time": 0.003,"Actual Rows": 1,"Actual Loops": 19014,"Index Cond": "(o_custkey = customer.c_custkey)","Rows Removed by Index Recheck": 0,"Heap Fetches": 0,"Workers": []}]}]}]}]}]},"Planning Time": 3.579,"Triggers": [],"Execution Time": 144.954}]
[{"Plan": {"Node Type": "Aggregate","Strategy": "Sorted","Partial Mode": "Finalize","Parallel Aware": false,"Async Capable": false,"Startup Cost": 12972.06,"Total Cost": 13071.37,"Plan Rows": 744,"Plan Width": 72,"Actual Startup Time": 131.861,"Actual Total Time": 137.717,"Actual Rows": 7,"Actual Loops": 1,"Group Key": ["(SUBSTRING(customer.c_phone FROM 1 FOR 2))"],"Plans": [{"Node Type": "Aggregate","Strategy": "Plain","Partial Mode": "Finalize","Parent Relationship": "InitPlan","Subplan Name": "InitPlan 1 (returns $1)","Parallel Aware": false,"Async Capable": false,"Startup Cost": 6230.83,"Total Cost": 6230.84,"Plan Rows": 1,"Plan Width": 32,"Actual Startup Time": 60.875,"Actual Total Time": 61.035,"Actual Rows": 1,"Actual Loops": 1,"Plans": [{"Node Type": "Gather","Parent Relationship": "Outer","Parallel Aware": false,"Async Capable": false,"Startup Cost": 6230.61,"Total Cost": 6230.82,"Plan Rows": 2,"Plan Width": 32,"Actual Startup Time": 60.763,"Actual Total Time": 61.014,"Actual Rows": 3,"Actual Loops": 1,"Workers Planned": 2,"Workers Launched": 2,"Single Copy": false,"Plans": [{"Node Type": "Aggregate","Strategy": "Plain","Partial Mode": "Partial","Parent Relationship": "Outer","Parallel Aware": false,"Async Capable": false,"Startup Cost": 5230.61,"Total Cost": 5230.62,"Plan Rows": 1,"Plan Width": 32,"Actual Startup Time": 54.934,"Actual Total Time": 54.939,"Actual Rows": 1,"Actual Loops": 3,"Workers": [],"Plans": [{"Node Type": "Seq Scan","Parent Relationship": "Outer","Parallel Aware": true,"Async Capable": false,"Relation Name": "customer","Alias": "customer_1","Startup Cost": 0.00,"Total Cost": 5225.62,"Plan Rows": 1994,"Plan Width": 6,"Actual Startup Time": 0.052,"Actual Total Time": 53.809,"Actual Rows": 12712,"Actual Loops": 3,"Filter": "((c_acctbal > 0.00) AND (SUBSTRING(c_phone FROM 1 FOR 2) = ANY ('{29,17,20,30,32,27,23}'::text[])))","Rows Removed by Filter": 37288,"Workers": []}]}]}]},{"Node Type": "Gather Merge","Parent Relationship": "Outer","Parallel Aware": false,"Async Capable": false,"Startup Cost": 6741.22,"Total Cost": 6821.30,"Plan Rows": 620,"Plan Width": 72,"Actual Startup Time": 131.734,"Actual Total Time": 137.457,"Actual Rows": 21,"Actual Loops": 1,"Workers Planned": 2,"Params Evaluated": ["$1"],"Workers Launched": 2,"Plans": [{"Node Type": "Aggregate","Strategy": "Sorted","Partial Mode": "Partial","Parent Relationship": "Outer","Parallel Aware": false,"Async Capable": false,"Startup Cost": 5741.19,"Total Cost": 5749.72,"Plan Rows": 310,"Plan Width": 72,"Actual Startup Time": 63.782,"Actual Total Time": 64.076,"Actual Rows": 7,"Actual Loops": 3,"Group Key": ["(SUBSTRING(customer.c_phone FROM 1 FOR 2))"],"Workers": [],"Plans": [{"Node Type": "Sort","Parent Relationship": "Outer","Parallel Aware": false,"Async Capable": false,"Startup Cost": 5741.19,"Total Cost": 5741.97,"Plan Rows": 310,"Plan Width": 38,"Actual Startup Time": 63.707,"Actual Total Time": 63.786,"Actual Rows": 2114,"Actual Loops": 3,"Sort Key": ["(SUBSTRING(customer.c_phone FROM 1 FOR 2))"],"Sort Method": "quicksort","Sort Space Used": 229,"Sort Space Type": "Memory","Workers": [{"Worker Number": 0,"Sort Method": "quicksort","Sort Space Used": 154,"Sort Space Type": "Memory"},{"Worker Number": 1,"Sort Method": "quicksort","Sort Space Used": 157,"Sort Space Type": "Memory"}],"Plans": [{"Node Type": "Nested Loop","Parent Relationship": "Outer","Parallel Aware": false,"Async Capable": false,"Join Type": "Anti","Startup Cost": 0.43,"Total Cost": 5728.36,"Plan Rows": 310,"Plan Width": 38,"Actual Startup Time": 0.121,"Actual Total Time": 62.881,"Actual Rows": 2114,"Actual Loops": 3,"Inner Unique": false,"Workers": [],"Plans": [{"Node Type": "Seq Scan","Parent Relationship": "Outer","Parallel Aware": true,"Async Capable": false,"Relation Name": "customer","Alias": "customer","Startup Cost": 0.00,"Total Cost": 5225.62,"Plan Rows": 729,"Plan Width": 26,"Actual Startup Time": 0.025,"Actual Total Time": 41.438,"Actual Rows": 6351,"Actual Loops": 3,"Filter": "((c_acctbal > $1) AND (SUBSTRING(c_phone FROM 1 FOR 2) = ANY ('{29,17,20,30,32,27,23}'::text[])))","Rows Removed by Filter": 43649,"Workers": []},{"Node Type": "Index Only Scan","Parent Relationship": "Inner","Parallel Aware": false,"Async Capable": false,"Scan Direction": "Forward","Index Name": "idx_orders_custkey","Relation Name": "orders","Alias": "orders","Startup Cost": 0.43,"Total Cost": 3.28,"Plan Rows": 17,"Plan Width": 4,"Actual Startup Time": 0.003,"Actual Total Time": 0.003,"Actual Rows": 1,"Actual Loops": 19053,"Index Cond": "(o_custkey = customer.c_custkey)","Rows Removed by Index Recheck": 0,"Heap Fetches": 0,"Workers": []}]}]}]}]}]},"Planning Time": 4.815,"Triggers": [],"Execution Time": 138.159}]
[{"Plan": {"Node Type": "Aggregate","Strategy": "Sorted","Partial Mode": "Finalize","Parallel Aware": false,"Async Capable": false,"Startup Cost": 12972.06,"Total Cost": 13071.37,"Plan Rows": 744,"Plan Width": 72,"Actual Startup Time": 137.998,"Actual Total Time": 141.517,"Actual Rows": 7,"Actual Loops": 1,"Group Key": ["(SUBSTRING(customer.c_phone FROM 1 FOR 2))"],"Plans": [{"Node Type": "Aggregate","Strategy": "Plain","Partial Mode": "Finalize","Parent Relationship": "InitPlan","Subplan Name": "InitPlan 1 (returns $1)","Parallel Aware": false,"Async Capable": false,"Startup Cost": 6230.83,"Total Cost": 6230.84,"Plan Rows": 1,"Plan Width": 32,"Actual Startup Time": 61.824,"Actual Total Time": 61.984,"Actual Rows": 1,"Actual Loops": 1,"Plans": [{"Node Type": "Gather","Parent Relationship": "Outer","Parallel Aware": false,"Async Capable": false,"Startup Cost": 6230.61,"Total Cost": 6230.82,"Plan Rows": 2,"Plan Width": 32,"Actual Startup Time": 61.728,"Actual Total Time": 61.966,"Actual Rows": 3,"Actual Loops": 1,"Workers Planned": 2,"Workers Launched": 2,"Single Copy": false,"Plans": [{"Node Type": "Aggregate","Strategy": "Plain","Partial Mode": "Partial","Parent Relationship": "Outer","Parallel Aware": false,"Async Capable": false,"Startup Cost": 5230.61,"Total Cost": 5230.62,"Plan Rows": 1,"Plan Width": 32,"Actual Startup Time": 55.549,"Actual Total Time": 55.551,"Actual Rows": 1,"Actual Loops": 3,"Workers": [],"Plans": [{"Node Type": "Seq Scan","Parent Relationship": "Outer","Parallel Aware": true,"Async Capable": false,"Relation Name": "customer","Alias": "customer_1","Startup Cost": 0.00,"Total Cost": 5225.62,"Plan Rows": 1994,"Plan Width": 6,"Actual Startup Time": 0.041,"Actual Total Time": 54.490,"Actual Rows": 12752,"Actual Loops": 3,"Filter": "((c_acctbal > 0.00) AND (SUBSTRING(c_phone FROM 1 FOR 2) = ANY ('{32,12,11,22,29,25,31}'::text[])))","Rows Removed by Filter": 37248,"Workers": []}]}]}]},{"Node Type": "Gather Merge","Parent Relationship": "Outer","Parallel Aware": false,"Async Capable": false,"Startup Cost": 6741.22,"Total Cost": 6821.30,"Plan Rows": 620,"Plan Width": 72,"Actual Startup Time": 137.879,"Actual Total Time": 141.292,"Actual Rows": 21,"Actual Loops": 1,"Workers Planned": 2,"Params Evaluated": ["$1"],"Workers Launched": 2,"Plans": [{"Node Type": "Aggregate","Strategy": "Sorted","Partial Mode": "Partial","Parent Relationship": "Outer","Parallel Aware": false,"Async Capable": false,"Startup Cost": 5741.19,"Total Cost": 5749.72,"Plan Rows": 310,"Plan Width": 72,"Actual Startup Time": 69.362,"Actual Total Time": 69.653,"Actual Rows": 7,"Actual Loops": 3,"Group Key": ["(SUBSTRING(customer.c_phone FROM 1 FOR 2))"],"Workers": [],"Plans": [{"Node Type": "Sort","Parent Relationship": "Outer","Parallel Aware": false,"Async Capable": false,"Startup Cost": 5741.19,"Total Cost": 5741.97,"Plan Rows": 310,"Plan Width": 38,"Actual Startup Time": 69.294,"Actual Total Time": 69.371,"Actual Rows": 2106,"Actual Loops": 3,"Sort Key": ["(SUBSTRING(customer.c_phone FROM 1 FOR 2))"],"Sort Method": "quicksort","Sort Space Used": 231,"Sort Space Type": "Memory","Workers": [{"Worker Number": 0,"Sort Method": "quicksort","Sort Space Used": 151,"Sort Space Type": "Memory"},{"Worker Number": 1,"Sort Method": "quicksort","Sort Space Used": 156,"Sort Space Type": "Memory"}],"Plans": [{"Node Type": "Nested Loop","Parent Relationship": "Outer","Parallel Aware": false,"Async Capable": false,"Join Type": "Anti","Startup Cost": 0.43,"Total Cost": 5728.36,"Plan Rows": 310,"Plan Width": 38,"Actual Startup Time": 0.174,"Actual Total Time": 68.536,"Actual Rows": 2106,"Actual Loops": 3,"Inner Unique": false,"Workers": [],"Plans": [{"Node Type": "Seq Scan","Parent Relationship": "Outer","Parallel Aware": true,"Async Capable": false,"Relation Name": "customer","Alias": "customer","Startup Cost": 0.00,"Total Cost": 5225.62,"Plan Rows": 729,"Plan Width": 26,"Actual Startup Time": 0.044,"Actual Total Time": 45.207,"Actual Rows": 6363,"Actual Loops": 3,"Filter": "((c_acctbal > $1) AND (SUBSTRING(c_phone FROM 1 FOR 2) = ANY ('{32,12,11,22,29,25,31}'::text[])))","Rows Removed by Filter": 43637,"Workers": []},{"Node Type": "Index Only Scan","Parent Relationship": "Inner","Parallel Aware": false,"Async Capable": false,"Scan Direction": "Forward","Index Name": "idx_orders_custkey","Relation Name": "orders","Alias": "orders","Startup Cost": 0.43,"Total Cost": 3.28,"Plan Rows": 17,"Plan Width": 4,"Actual Startup Time": 0.003,"Actual Total Time": 0.003,"Actual Rows": 1,"Actual Loops": 19090,"Index Cond": "(o_custkey = customer.c_custkey)","Rows Removed by Index Recheck": 0,"Heap Fetches": 0,"Workers": []}]}]}]}]}]},"Planning Time": 3.839,"Triggers": [],"Execution Time": 141.879}]
[{"Plan": {"Node Type": "Aggregate","Strategy": "Sorted","Partial Mode": "Finalize","Parallel Aware": false,"Async Capable": false,"Startup Cost": 12972.06,"Total Cost": 13071.37,"Plan Rows": 744,"Plan Width": 72,"Actual Startup Time": 135.300,"Actual Total Time": 139.033,"Actual Rows": 7,"Actual Loops": 1,"Group Key": ["(SUBSTRING(customer.c_phone FROM 1 FOR 2))"],"Plans": [{"Node Type": "Aggregate","Strategy": "Plain","Partial Mode": "Finalize","Parent Relationship": "InitPlan","Subplan Name": "InitPlan 1 (returns $1)","Parallel Aware": false,"Async Capable": false,"Startup Cost": 6230.83,"Total Cost": 6230.84,"Plan Rows": 1,"Plan Width": 32,"Actual Startup Time": 59.549,"Actual Total Time": 59.782,"Actual Rows": 1,"Actual Loops": 1,"Plans": [{"Node Type": "Gather","Parent Relationship": "Outer","Parallel Aware": false,"Async Capable": false,"Startup Cost": 6230.61,"Total Cost": 6230.82,"Plan Rows": 2,"Plan Width": 32,"Actual Startup Time": 59.435,"Actual Total Time": 59.766,"Actual Rows": 3,"Actual Loops": 1,"Workers Planned": 2,"Workers Launched": 2,"Single Copy": false,"Plans": [{"Node Type": "Aggregate","Strategy": "Plain","Partial Mode": "Partial","Parent Relationship": "Outer","Parallel Aware": false,"Async Capable": false,"Startup Cost": 5230.61,"Total Cost": 5230.62,"Plan Rows": 1,"Plan Width": 32,"Actual Startup Time": 53.704,"Actual Total Time": 53.706,"Actual Rows": 1,"Actual Loops": 3,"Workers": [],"Plans": [{"Node Type": "Seq Scan","Parent Relationship": "Outer","Parallel Aware": true,"Async Capable": false,"Relation Name": "customer","Alias": "customer_1","Startup Cost": 0.00,"Total Cost": 5225.62,"Plan Rows": 1994,"Plan Width": 6,"Actual Startup Time": 0.040,"Actual Total Time": 52.613,"Actual Rows": 12699,"Actual Loops": 3,"Filter": "((c_acctbal > 0.00) AND (SUBSTRING(c_phone FROM 1 FOR 2) = ANY ('{33,21,10,23,18,30,12}'::text[])))","Rows Removed by Filter": 37301,"Workers": []}]}]}]},{"Node Type": "Gather Merge","Parent Relationship": "Outer","Parallel Aware": false,"Async Capable": false,"Startup Cost": 6741.22,"Total Cost": 6821.30,"Plan Rows": 620,"Plan Width": 72,"Actual Startup Time": 135.199,"Actual Total Time": 138.738,"Actual Rows": 21,"Actual Loops": 1,"Workers Planned": 2,"Params Evaluated": ["$1"],"Workers Launched": 2,"Plans": [{"Node Type": "Aggregate","Strategy": "Sorted","Partial Mode": "Partial","Parent Relationship": "Outer","Parallel Aware": false,"Async Capable": false,"Startup Cost": 5741.19,"Total Cost": 5749.72,"Plan Rows": 310,"Plan Width": 72,"Actual Startup Time": 68.761,"Actual Total Time": 69.057,"Actual Rows": 7,"Actual Loops": 3,"Group Key": ["(SUBSTRING(customer.c_phone FROM 1 FOR 2))"],"Workers": [],"Plans": [{"Node Type": "Sort","Parent Relationship": "Outer","Parallel Aware": false,"Async Capable": false,"Startup Cost": 5741.19,"Total Cost": 5741.97,"Plan Rows": 310,"Plan Width": 38,"Actual Startup Time": 68.694,"Actual Total Time": 68.773,"Actual Rows": 2145,"Actual Loops": 3,"Sort Key": ["(SUBSTRING(customer.c_phone FROM 1 FOR 2))"],"Sort Method": "quicksort","Sort Space Used": 238,"Sort Space Type": "Memory","Workers": [{"Worker Number": 0,"Sort Method": "quicksort","Sort Space Used": 154,"Sort Space Type": "Memory"},{"Worker Number": 1,"Sort Method": "quicksort","Sort Space Used": 153,"Sort Space Type": "Memory"}],"Plans": [{"Node Type": "Nested Loop","Parent Relationship": "Outer","Parallel Aware": false,"Async Capable": false,"Join Type": "Anti","Startup Cost": 0.43,"Total Cost": 5728.36,"Plan Rows": 310,"Plan Width": 38,"Actual Startup Time": 0.151,"Actual Total Time": 67.917,"Actual Rows": 2145,"Actual Loops": 3,"Inner Unique": false,"Workers": [],"Plans": [{"Node Type": "Seq Scan","Parent Relationship": "Outer","Parallel Aware": true,"Async Capable": false,"Relation Name": "customer","Alias": "customer","Startup Cost": 0.00,"Total Cost": 5225.62,"Plan Rows": 729,"Plan Width": 26,"Actual Startup Time": 0.039,"Actual Total Time": 44.930,"Actual Rows": 6319,"Actual Loops": 3,"Filter": "((c_acctbal > $1) AND (SUBSTRING(c_phone FROM 1 FOR 2) = ANY ('{33,21,10,23,18,30,12}'::text[])))","Rows Removed by Filter": 43681,"Workers": []},{"Node Type": "Index Only Scan","Parent Relationship": "Inner","Parallel Aware": false,"Async Capable": false,"Scan Direction": "Forward","Index Name": "idx_orders_custkey","Relation Name": "orders","Alias": "orders","Startup Cost": 0.43,"Total Cost": 3.28,"Plan Rows": 17,"Plan Width": 4,"Actual Startup Time": 0.003,"Actual Total Time": 0.003,"Actual Rows": 1,"Actual Loops": 18956,"Index Cond": "(o_custkey = customer.c_custkey)","Rows Removed by Index Recheck": 0,"Heap Fetches": 0,"Workers": []}]}]}]}]}]},"Planning Time": 3.532,"Triggers": [],"Execution Time": 139.382}]
[{"Plan": {"Node Type": "Aggregate","Strategy": "Sorted","Partial Mode": "Finalize","Parallel Aware": false,"Async Capable": false,"Startup Cost": 12972.06,"Total Cost": 13071.37,"Plan Rows": 744,"Plan Width": 72,"Actual Startup Time": 136.456,"Actual Total Time": 142.198,"Actual Rows": 7,"Actual Loops": 1,"Group Key": ["(SUBSTRING(customer.c_phone FROM 1 FOR 2))"],"Plans": [{"Node Type": "Aggregate","Strategy": "Plain","Partial Mode": "Finalize","Parent Relationship": "InitPlan","Subplan Name": "InitPlan 1 (returns $1)","Parallel Aware": false,"Async Capable": false,"Startup Cost": 6230.83,"Total Cost": 6230.84,"Plan Rows": 1,"Plan Width": 32,"Actual Startup Time": 61.662,"Actual Total Time": 61.847,"Actual Rows": 1,"Actual Loops": 1,"Plans": [{"Node Type": "Gather","Parent Relationship": "Outer","Parallel Aware": false,"Async Capable": false,"Startup Cost": 6230.61,"Total Cost": 6230.82,"Plan Rows": 2,"Plan Width": 32,"Actual Startup Time": 61.549,"Actual Total Time": 61.831,"Actual Rows": 3,"Actual Loops": 1,"Workers Planned": 2,"Workers Launched": 2,"Single Copy": false,"Plans": [{"Node Type": "Aggregate","Strategy": "Plain","Partial Mode": "Partial","Parent Relationship": "Outer","Parallel Aware": false,"Async Capable": false,"Startup Cost": 5230.61,"Total Cost": 5230.62,"Plan Rows": 1,"Plan Width": 32,"Actual Startup Time": 55.446,"Actual Total Time": 55.448,"Actual Rows": 1,"Actual Loops": 3,"Workers": [],"Plans": [{"Node Type": "Seq Scan","Parent Relationship": "Outer","Parallel Aware": true,"Async Capable": false,"Relation Name": "customer","Alias": "customer_1","Startup Cost": 0.00,"Total Cost": 5225.62,"Plan Rows": 1994,"Plan Width": 6,"Actual Startup Time": 0.065,"Actual Total Time": 54.403,"Actual Rows": 12685,"Actual Loops": 3,"Filter": "((c_acctbal > 0.00) AND (SUBSTRING(c_phone FROM 1 FOR 2) = ANY ('{28,22,29,15,26,10,31}'::text[])))","Rows Removed by Filter": 37315,"Workers": []}]}]}]},{"Node Type": "Gather Merge","Parent Relationship": "Outer","Parallel Aware": false,"Async Capable": false,"Startup Cost": 6741.22,"Total Cost": 6821.30,"Plan Rows": 620,"Plan Width": 72,"Actual Startup Time": 136.354,"Actual Total Time": 141.959,"Actual Rows": 21,"Actual Loops": 1,"Workers Planned": 2,"Params Evaluated": ["$1"],"Workers Launched": 2,"Plans": [{"Node Type": "Aggregate","Strategy": "Sorted","Partial Mode": "Partial","Parent Relationship": "Outer","Parallel Aware": false,"Async Capable": false,"Startup Cost": 5741.19,"Total Cost": 5749.72,"Plan Rows": 310,"Plan Width": 72,"Actual Startup Time": 66.874,"Actual Total Time": 67.366,"Actual Rows": 7,"Actual Loops": 3,"Group Key": ["(SUBSTRING(customer.c_phone FROM 1 FOR 2))"],"Workers": [],"Plans": [{"Node Type": "Sort","Parent Relationship": "Outer","Parallel Aware": false,"Async Capable": false,"Startup Cost": 5741.19,"Total Cost": 5741.97,"Plan Rows": 310,"Plan Width": 38,"Actual Startup Time": 66.764,"Actual Total Time": 66.891,"Actual Rows": 2104,"Actual Loops": 3,"Sort Key": ["(SUBSTRING(customer.c_phone FROM 1 FOR 2))"],"Sort Method": "quicksort","Sort Space Used": 232,"Sort Space Type": "Memory","Workers": [{"Worker Number": 0,"Sort Method": "quicksort","Sort Space Used": 152,"Sort Space Type": "Memory"},{"Worker Number": 1,"Sort Method": "quicksort","Sort Space Used": 154,"Sort Space Type": "Memory"}],"Plans": [{"Node Type": "Nested Loop","Parent Relationship": "Outer","Parallel Aware": false,"Async Capable": false,"Join Type": "Anti","Startup Cost": 0.43,"Total Cost": 5728.36,"Plan Rows": 310,"Plan Width": 38,"Actual Startup Time": 0.172,"Actual Total Time": 65.815,"Actual Rows": 2104,"Actual Loops": 3,"Inner Unique": false,"Workers": [],"Plans": [{"Node Type": "Seq Scan","Parent Relationship": "Outer","Parallel Aware": true,"Async Capable": false,"Relation Name": "customer","Alias": "customer","Startup Cost": 0.00,"Total Cost": 5225.62,"Plan Rows": 729,"Plan Width": 26,"Actual Startup Time": 0.048,"Actual Total Time": 44.432,"Actual Rows": 6351,"Actual Loops": 3,"Filter": "((c_acctbal > $1) AND (SUBSTRING(c_phone FROM 1 FOR 2) = ANY ('{28,22,29,15,26,10,31}'::text[])))","Rows Removed by Filter": 43649,"Workers": []},{"Node Type": "Index Only Scan","Parent Relationship": "Inner","Parallel Aware": false,"Async Capable": false,"Scan Direction": "Forward","Index Name": "idx_orders_custkey","Relation Name": "orders","Alias": "orders","Startup Cost": 0.43,"Total Cost": 3.28,"Plan Rows": 17,"Plan Width": 4,"Actual Startup Time": 0.003,"Actual Total Time": 0.003,"Actual Rows": 1,"Actual Loops": 19052,"Index Cond": "(o_custkey = customer.c_custkey)","Rows Removed by Index Recheck": 0,"Heap Fetches": 0,"Workers": []}]}]}]}]}]},"Planning Time": 3.647,"Triggers": [],"Execution Time": 142.580}]
[{"Plan": {"Node Type": "Aggregate","Strategy": "Sorted","Partial Mode": "Finalize","Parallel Aware": false,"Async Capable": false,"Startup Cost": 12972.06,"Total Cost": 13071.37,"Plan Rows": 744,"Plan Width": 72,"Actual Startup Time": 134.879,"Actual Total Time": 138.430,"Actual Rows": 7,"Actual Loops": 1,"Group Key": ["(SUBSTRING(customer.c_phone FROM 1 FOR 2))"],"Plans": [{"Node Type": "Aggregate","Strategy": "Plain","Partial Mode": "Finalize","Parent Relationship": "InitPlan","Subplan Name": "InitPlan 1 (returns $1)","Parallel Aware": false,"Async Capable": false,"Startup Cost": 6230.83,"Total Cost": 6230.84,"Plan Rows": 1,"Plan Width": 32,"Actual Startup Time": 59.514,"Actual Total Time": 59.718,"Actual Rows": 1,"Actual Loops": 1,"Plans": [{"Node Type": "Gather","Parent Relationship": "Outer","Parallel Aware": false,"Async Capable": false,"Startup Cost": 6230.61,"Total Cost": 6230.82,"Plan Rows": 2,"Plan Width": 32,"Actual Startup Time": 59.427,"Actual Total Time": 59.699,"Actual Rows": 3,"Actual Loops": 1,"Workers Planned": 2,"Workers Launched": 2,"Single Copy": false,"Plans": [{"Node Type": "Aggregate","Strategy": "Plain","Partial Mode": "Partial","Parent Relationship": "Outer","Parallel Aware": false,"Async Capable": false,"Startup Cost": 5230.61,"Total Cost": 5230.62,"Plan Rows": 1,"Plan Width": 32,"Actual Startup Time": 53.618,"Actual Total Time": 53.620,"Actual Rows": 1,"Actual Loops": 3,"Workers": [],"Plans": [{"Node Type": "Seq Scan","Parent Relationship": "Outer","Parallel Aware": true,"Async Capable": false,"Relation Name": "customer","Alias": "customer_1","Startup Cost": 0.00,"Total Cost": 5225.62,"Plan Rows": 1994,"Plan Width": 6,"Actual Startup Time": 0.049,"Actual Total Time": 52.516,"Actual Rows": 12787,"Actual Loops": 3,"Filter": "((c_acctbal > 0.00) AND (SUBSTRING(c_phone FROM 1 FOR 2) = ANY ('{30,19,26,32,16,14,13}'::text[])))","Rows Removed by Filter": 37213,"Workers": []}]}]}]},{"Node Type": "Gather Merge","Parent Relationship": "Outer","Parallel Aware": false,"Async Capable": false,"Startup Cost": 6741.22,"Total Cost": 6821.30,"Plan Rows": 620,"Plan Width": 72,"Actual Startup Time": 134.741,"Actual Total Time": 138.156,"Actual Rows": 21,"Actual Loops": 1,"Workers Planned": 2,"Params Evaluated": ["$1"],"Workers Launched": 2,"Plans": [{"Node Type": "Aggregate","Strategy": "Sorted","Partial Mode": "Partial","Parent Relationship": "Outer","Parallel Aware": false,"Async Capable": false,"Startup Cost": 5741.19,"Total Cost": 5749.72,"Plan Rows": 310,"Plan Width": 72,"Actual Startup Time": 68.478,"Actual Total Time": 68.775,"Actual Rows": 7,"Actual Loops": 3,"Group Key": ["(SUBSTRING(customer.c_phone FROM 1 FOR 2))"],"Workers": [],"Plans": [{"Node Type": "Sort","Parent Relationship": "Outer","Parallel Aware": false,"Async Capable": false,"Startup Cost": 5741.19,"Total Cost": 5741.97,"Plan Rows": 310,"Plan Width": 38,"Actual Startup Time": 68.408,"Actual Total Time": 68.488,"Actual Rows": 2121,"Actual Loops": 3,"Sort Key": ["(SUBSTRING(customer.c_phone FROM 1 FOR 2))"],"Sort Method": "quicksort","Sort Space Used": 235,"Sort Space Type": "Memory","Workers": [{"Worker Number": 0,"Sort Method": "quicksort","Sort Space Used": 154,"Sort Space Type": "Memory"},{"Worker Number": 1,"Sort Method": "quicksort","Sort Space Used": 153,"Sort Space Type": "Memory"}],"Plans": [{"Node Type": "Nested Loop","Parent Relationship": "Outer","Parallel Aware": false,"Async Capable": false,"Join Type": "Anti","Startup Cost": 0.43,"Total Cost": 5728.36,"Plan Rows": 310,"Plan Width": 38,"Actual Startup Time": 0.148,"Actual Total Time": 67.639,"Actual Rows": 2121,"Actual Loops": 3,"Inner Unique": false,"Workers": [],"Plans": [{"Node Type": "Seq Scan","Parent Relationship": "Outer","Parallel Aware": true,"Async Capable": false,"Relation Name": "customer","Alias": "customer","Startup Cost": 0.00,"Total Cost": 5225.62,"Plan Rows": 729,"Plan Width": 26,"Actual Startup Time": 0.044,"Actual Total Time": 44.741,"Actual Rows": 6376,"Actual Loops": 3,"Filter": "((c_acctbal > $1) AND (SUBSTRING(c_phone FROM 1 FOR 2) = ANY ('{30,19,26,32,16,14,13}'::text[])))","Rows Removed by Filter": 43624,"Workers": []},{"Node Type": "Index Only Scan","Parent Relationship": "Inner","Parallel Aware": false,"Async Capable": false,"Scan Direction": "Forward","Index Name": "idx_orders_custkey","Relation Name": "orders","Alias": "orders","Startup Cost": 0.43,"Total Cost": 3.28,"Plan Rows": 17,"Plan Width": 4,"Actual Startup Time": 0.003,"Actual Total Time": 0.003,"Actual Rows": 1,"Actual Loops": 19128,"Index Cond": "(o_custkey = customer.c_custkey)","Rows Removed by Index Recheck": 0,"Heap Fetches": 0,"Workers": []}]}]}]}]}]},"Planning Time": 3.418,"Triggers": [],"Execution Time": 138.826}]
[{"Plan": {"Node Type": "Aggregate","Strategy": "Sorted","Partial Mode": "Finalize","Parallel Aware": false,"Async Capable": false,"Startup Cost": 12972.06,"Total Cost": 13071.37,"Plan Rows": 744,"Plan Width": 72,"Actual Startup Time": 137.861,"Actual Total Time": 141.615,"Actual Rows": 7,"Actual Loops": 1,"Group Key": ["(SUBSTRING(customer.c_phone FROM 1 FOR 2))"],"Plans": [{"Node Type": "Aggregate","Strategy": "Plain","Partial Mode": "Finalize","Parent Relationship": "InitPlan","Subplan Name": "InitPlan 1 (returns $1)","Parallel Aware": false,"Async Capable": false,"Startup Cost": 6230.83,"Total Cost": 6230.84,"Plan Rows": 1,"Plan Width": 32,"Actual Startup Time": 62.233,"Actual Total Time": 62.417,"Actual Rows": 1,"Actual Loops": 1,"Plans": [{"Node Type": "Gather","Parent Relationship": "Outer","Parallel Aware": false,"Async Capable": false,"Startup Cost": 6230.61,"Total Cost": 6230.82,"Plan Rows": 2,"Plan Width": 32,"Actual Startup Time": 62.156,"Actual Total Time": 62.400,"Actual Rows": 3,"Actual Loops": 1,"Workers Planned": 2,"Workers Launched": 2,"Single Copy": false,"Plans": [{"Node Type": "Aggregate","Strategy": "Plain","Partial Mode": "Partial","Parent Relationship": "Outer","Parallel Aware": false,"Async Capable": false,"Startup Cost": 5230.61,"Total Cost": 5230.62,"Plan Rows": 1,"Plan Width": 32,"Actual Startup Time": 55.881,"Actual Total Time": 55.883,"Actual Rows": 1,"Actual Loops": 3,"Workers": [],"Plans": [{"Node Type": "Seq Scan","Parent Relationship": "Outer","Parallel Aware": true,"Async Capable": false,"Relation Name": "customer","Alias": "customer_1","Startup Cost": 0.00,"Total Cost": 5225.62,"Plan Rows": 1994,"Plan Width": 6,"Actual Startup Time": 0.048,"Actual Total Time": 54.822,"Actual Rows": 12681,"Actual Loops": 3,"Filter": "((c_acctbal > 0.00) AND (SUBSTRING(c_phone FROM 1 FOR 2) = ANY ('{34,23,20,31,17,11,21}'::text[])))","Rows Removed by Filter": 37319,"Workers": []}]}]}]},{"Node Type": "Gather Merge","Parent Relationship": "Outer","Parallel Aware": false,"Async Capable": false,"Startup Cost": 6741.22,"Total Cost": 6821.30,"Plan Rows": 620,"Plan Width": 72,"Actual Startup Time": 137.736,"Actual Total Time": 141.386,"Actual Rows": 21,"Actual Loops": 1,"Workers Planned": 2,"Params Evaluated": ["$1"],"Workers Launched": 2,"Plans": [{"Node Type": "Aggregate","Strategy": "Sorted","Partial Mode": "Partial","Parent Relationship": "Outer","Parallel Aware": false,"Async Capable": false,"Startup Cost": 5741.19,"Total Cost": 5749.72,"Plan Rows": 310,"Plan Width": 72,"Actual Startup Time": 69.019,"Actual Total Time": 69.325,"Actual Rows": 7,"Actual Loops": 3,"Group Key": ["(SUBSTRING(customer.c_phone FROM 1 FOR 2))"],"Workers": [],"Plans": [{"Node Type": "Sort","Parent Relationship": "Outer","Parallel Aware": false,"Async Capable": false,"Startup Cost": 5741.19,"Total Cost": 5741.97,"Plan Rows": 310,"Plan Width": 38,"Actual Startup Time": 68.954,"Actual Total Time": 69.044,"Actual Rows": 2133,"Actual Loops": 3,"Sort Key": ["(SUBSTRING(customer.c_phone FROM 1 FOR 2))"],"Sort Method": "quicksort","Sort Space Used": 236,"Sort Space Type": "Memory","Workers": [{"Worker Number": 0,"Sort Method": "quicksort","Sort Space Used": 148,"Sort Space Type": "Memory"},{"Worker Number": 1,"Sort Method": "quicksort","Sort Space Used": 159,"Sort Space Type": "Memory"}],"Plans": [{"Node Type": "Nested Loop","Parent Relationship": "Outer","Parallel Aware": false,"Async Capable": false,"Join Type": "Anti","Startup Cost": 0.43,"Total Cost": 5728.36,"Plan Rows": 310,"Plan Width": 38,"Actual Startup Time": 0.117,"Actual Total Time": 68.153,"Actual Rows": 2133,"Actual Loops": 3,"Inner Unique": false,"Workers": [],"Plans": [{"Node Type": "Seq Scan","Parent Relationship": "Outer","Parallel Aware": true,"Async Capable": false,"Relation Name": "customer","Alias": "customer","Startup Cost": 0.00,"Total Cost": 5225.62,"Plan Rows": 729,"Plan Width": 26,"Actual Startup Time": 0.035,"Actual Total Time": 44.782,"Actual Rows": 6336,"Actual Loops": 3,"Filter": "((c_acctbal > $1) AND (SUBSTRING(c_phone FROM 1 FOR 2) = ANY ('{34,23,20,31,17,11,21}'::text[])))","Rows Removed by Filter": 43664,"Workers": []},{"Node Type": "Index Only Scan","Parent Relationship": "Inner","Parallel Aware": false,"Async Capable": false,"Scan Direction": "Forward","Index Name": "idx_orders_custkey","Relation Name": "orders","Alias": "orders","Startup Cost": 0.43,"Total Cost": 3.28,"Plan Rows": 17,"Plan Width": 4,"Actual Startup Time": 0.003,"Actual Total Time": 0.003,"Actual Rows": 1,"Actual Loops": 19009,"Index Cond": "(o_custkey = customer.c_custkey)","Rows Removed by Index Recheck": 0,"Heap Fetches": 0,"Workers": []}]}]}]}]}]},"Planning Time": 4.203,"Triggers": [],"Execution Time": 142.037}]
[{"Plan": {"Node Type": "Aggregate","Strategy": "Sorted","Partial Mode": "Finalize","Parallel Aware": false,"Async Capable": false,"Startup Cost": 12972.06,"Total Cost": 13071.37,"Plan Rows": 744,"Plan Width": 72,"Actual Startup Time": 137.769,"Actual Total Time": 141.377,"Actual Rows": 7,"Actual Loops": 1,"Group Key": ["(SUBSTRING(customer.c_phone FROM 1 FOR 2))"],"Plans": [{"Node Type": "Aggregate","Strategy": "Plain","Partial Mode": "Finalize","Parent Relationship": "InitPlan","Subplan Name": "InitPlan 1 (returns $1)","Parallel Aware": false,"Async Capable": false,"Startup Cost": 6230.83,"Total Cost": 6230.84,"Plan Rows": 1,"Plan Width": 32,"Actual Startup Time": 63.125,"Actual Total Time": 63.342,"Actual Rows": 1,"Actual Loops": 1,"Plans": [{"Node Type": "Gather","Parent Relationship": "Outer","Parallel Aware": false,"Async Capable": false,"Startup Cost": 6230.61,"Total Cost": 6230.82,"Plan Rows": 2,"Plan Width": 32,"Actual Startup Time": 63.024,"Actual Total Time": 63.327,"Actual Rows": 3,"Actual Loops": 1,"Workers Planned": 2,"Workers Launched": 2,"Single Copy": false,"Plans": [{"Node Type": "Aggregate","Strategy": "Plain","Partial Mode": "Partial","Parent Relationship": "Outer","Parallel Aware": false,"Async Capable": false,"Startup Cost": 5230.61,"Total Cost": 5230.62,"Plan Rows": 1,"Plan Width": 32,"Actual Startup Time": 56.605,"Actual Total Time": 56.607,"Actual Rows": 1,"Actual Loops": 3,"Workers": [],"Plans": [{"Node Type": "Seq Scan","Parent Relationship": "Outer","Parallel Aware": true,"Async Capable": false,"Relation Name": "customer","Alias": "customer_1","Startup Cost": 0.00,"Total Cost": 5225.62,"Plan Rows": 1994,"Plan Width": 6,"Actual Startup Time": 0.053,"Actual Total Time": 55.474,"Actual Rows": 12667,"Actual Loops": 3,"Filter": "((c_acctbal > 0.00) AND (SUBSTRING(c_phone FROM 1 FOR 2) = ANY ('{17,13,22,25,32,15,14}'::text[])))","Rows Removed by Filter": 37333,"Workers": []}]}]}]},{"Node Type": "Gather Merge","Parent Relationship": "Outer","Parallel Aware": false,"Async Capable": false,"Startup Cost": 6741.22,"Total Cost": 6821.30,"Plan Rows": 620,"Plan Width": 72,"Actual Startup Time": 137.648,"Actual Total Time": 141.116,"Actual Rows": 21,"Actual Loops": 1,"Workers Planned": 2,"Params Evaluated": ["$1"],"Workers Launched": 2,"Plans": [{"Node Type": "Aggregate","Strategy": "Sorted","Partial Mode": "Partial","Parent Relationship": "Outer","Parallel Aware": false,"Async Capable": false,"Startup Cost": 5741.19,"Total Cost": 5749.72,"Plan Rows": 310,"Plan Width": 72,"Actual Startup Time": 67.818,"Actual Total Time": 68.119,"Actual Rows": 7,"Actual Loops": 3,"Group Key": ["(SUBSTRING(customer.c_phone FROM 1 FOR 2))"],"Workers": [],"Plans": [{"Node Type": "Sort","Parent Relationship": "Outer","Parallel Aware": false,"Async Capable": false,"Startup Cost": 5741.19,"Total Cost": 5741.97,"Plan Rows": 310,"Plan Width": 38,"Actual Startup Time": 67.753,"Actual Total Time": 67.833,"Actual Rows": 2097,"Actual Loops": 3,"Sort Key": ["(SUBSTRING(customer.c_phone FROM 1 FOR 2))"],"Sort Method": "quicksort","Sort Space Used": 234,"Sort Space Type": "Memory","Workers": [{"Worker Number": 0,"Sort Method": "quicksort","Sort Space Used": 151,"Sort Space Type": "Memory"},{"Worker Number": 1,"Sort Method": "quicksort","Sort Space Used": 152,"Sort Space Type": "Memory"}],"Plans": [{"Node Type": "Nested Loop","Parent Relationship": "Outer","Parallel Aware": false,"Async Capable": false,"Join Type": "Anti","Startup Cost": 0.43,"Total Cost": 5728.36,"Plan Rows": 310,"Plan Width": 38,"Actual Startup Time": 0.131,"Actual Total Time": 66.983,"Actual Rows": 2097,"Actual Loops": 3,"Inner Unique": false,"Workers": [],"Plans": [{"Node Type": "Seq Scan","Parent Relationship": "Outer","Parallel Aware": true,"Async Capable": false,"Relation Name": "customer","Alias": "customer","Startup Cost": 0.00,"Total Cost": 5225.62,"Plan Rows": 729,"Plan Width": 26,"Actual Startup Time": 0.040,"Actual Total Time": 44.315,"Actual Rows": 6309,"Actual Loops": 3,"Filter": "((c_acctbal > $1) AND (SUBSTRING(c_phone FROM 1 FOR 2) = ANY ('{17,13,22,25,32,15,14}'::text[])))","Rows Removed by Filter": 43691,"Workers": []},{"Node Type": "Index Only Scan","Parent Relationship": "Inner","Parallel Aware": false,"Async Capable": false,"Scan Direction": "Forward","Index Name": "idx_orders_custkey","Relation Name": "orders","Alias": "orders","Startup Cost": 0.43,"Total Cost": 3.28,"Plan Rows": 17,"Plan Width": 4,"Actual Startup Time": 0.003,"Actual Total Time": 0.003,"Actual Rows": 1,"Actual Loops": 18928,"Index Cond": "(o_custkey = customer.c_custkey)","Rows Removed by Index Recheck": 0,"Heap Fetches": 0,"Workers": []}]}]}]}]}]},"Planning Time": 4.422,"Triggers": [],"Execution Time": 141.867}]
[{"Plan": {"Node Type": "Aggregate","Strategy": "Sorted","Partial Mode": "Finalize","Parallel Aware": false,"Async Capable": false,"Startup Cost": 12972.06,"Total Cost": 13071.37,"Plan Rows": 744,"Plan Width": 72,"Actual Startup Time": 137.776,"Actual Total Time": 141.528,"Actual Rows": 7,"Actual Loops": 1,"Group Key": ["(SUBSTRING(customer.c_phone FROM 1 FOR 2))"],"Plans": [{"Node Type": "Aggregate","Strategy": "Plain","Partial Mode": "Finalize","Parent Relationship": "InitPlan","Subplan Name": "InitPlan 1 (returns $1)","Parallel Aware": false,"Async Capable": false,"Startup Cost": 6230.83,"Total Cost": 6230.84,"Plan Rows": 1,"Plan Width": 32,"Actual Startup Time": 61.970,"Actual Total Time": 62.166,"Actual Rows": 1,"Actual Loops": 1,"Plans": [{"Node Type": "Gather","Parent Relationship": "Outer","Parallel Aware": false,"Async Capable": false,"Startup Cost": 6230.61,"Total Cost": 6230.82,"Plan Rows": 2,"Plan Width": 32,"Actual Startup Time": 61.865,"Actual Total Time": 62.154,"Actual Rows": 3,"Actual Loops": 1,"Workers Planned": 2,"Workers Launched": 2,"Single Copy": false,"Plans": [{"Node Type": "Aggregate","Strategy": "Plain","Partial Mode": "Partial","Parent Relationship": "Outer","Parallel Aware": false,"Async Capable": false,"Startup Cost": 5230.61,"Total Cost": 5230.62,"Plan Rows": 1,"Plan Width": 32,"Actual Startup Time": 55.437,"Actual Total Time": 55.438,"Actual Rows": 1,"Actual Loops": 3,"Workers": [],"Plans": [{"Node Type": "Seq Scan","Parent Relationship": "Outer","Parallel Aware": true,"Async Capable": false,"Relation Name": "customer","Alias": "customer_1","Startup Cost": 0.00,"Total Cost": 5225.62,"Plan Rows": 1994,"Plan Width": 6,"Actual Startup Time": 0.058,"Actual Total Time": 54.404,"Actual Rows": 12765,"Actual Loops": 3,"Filter": "((c_acctbal > 0.00) AND (SUBSTRING(c_phone FROM 1 FOR 2) = ANY ('{16,23,11,21,17,19,13}'::text[])))","Rows Removed by Filter": 37235,"Workers": []}]}]}]},{"Node Type": "Gather Merge","Parent Relationship": "Outer","Parallel Aware": false,"Async Capable": false,"Startup Cost": 6741.22,"Total Cost": 6821.30,"Plan Rows": 620,"Plan Width": 72,"Actual Startup Time": 137.658,"Actual Total Time": 141.286,"Actual Rows": 21,"Actual Loops": 1,"Workers Planned": 2,"Params Evaluated": ["$1"],"Workers Launched": 2,"Plans": [{"Node Type": "Aggregate","Strategy": "Sorted","Partial Mode": "Partial","Parent Relationship": "Outer","Parallel Aware": false,"Async Capable": false,"Startup Cost": 5741.19,"Total Cost": 5749.72,"Plan Rows": 310,"Plan Width": 72,"Actual Startup Time": 68.932,"Actual Total Time": 69.233,"Actual Rows": 7,"Actual Loops": 3,"Group Key": ["(SUBSTRING(customer.c_phone FROM 1 FOR 2))"],"Workers": [],"Plans": [{"Node Type": "Sort","Parent Relationship": "Outer","Parallel Aware": false,"Async Capable": false,"Startup Cost": 5741.19,"Total Cost": 5741.97,"Plan Rows": 310,"Plan Width": 38,"Actual Startup Time": 68.866,"Actual Total Time": 68.947,"Actual Rows": 2118,"Actual Loops": 3,"Sort Key": ["(SUBSTRING(customer.c_phone FROM 1 FOR 2))"],"Sort Method": "quicksort","Sort Space Used": 233,"Sort Space Type": "Memory","Workers": [{"Worker Number": 0,"Sort Method": "quicksort","Sort Space Used": 151,"Sort Space Type": "Memory"},{"Worker Number": 1,"Sort Method": "quicksort","Sort Space Used": 157,"Sort Space Type": "Memory"}],"Plans": [{"Node Type": "Nested Loop","Parent Relationship": "Outer","Parallel Aware": false,"Async Capable": false,"Join Type": "Anti","Startup Cost": 0.43,"Total Cost": 5728.36,"Plan Rows": 310,"Plan Width": 38,"Actual Startup Time": 0.155,"Actual Total Time": 68.073,"Actual Rows": 2118,"Actual Loops": 3,"Inner Unique": false,"Workers": [],"Plans": [{"Node Type": "Seq Scan","Parent Relationship": "Outer","Parallel Aware": true,"Async Capable": false,"Relation Name": "customer","Alias": "customer","Startup Cost": 0.00,"Total Cost": 5225.62,"Plan Rows": 729,"Plan Width": 26,"Actual Startup Time": 0.033,"Actual Total Time": 44.758,"Actual Rows": 6342,"Actual Loops": 3,"Filter": "((c_acctbal > $1) AND (SUBSTRING(c_phone FROM 1 FOR 2) = ANY ('{16,23,11,21,17,19,13}'::text[])))","Rows Removed by Filter": 43658,"Workers": []},{"Node Type": "Index Only Scan","Parent Relationship": "Inner","Parallel Aware": false,"Async Capable": false,"Scan Direction": "Forward","Index Name": "idx_orders_custkey","Relation Name": "orders","Alias": "orders","Startup Cost": 0.43,"Total Cost": 3.28,"Plan Rows": 17,"Plan Width": 4,"Actual Startup Time": 0.003,"Actual Total Time": 0.003,"Actual Rows": 1,"Actual Loops": 19025,"Index Cond": "(o_custkey = customer.c_custkey)","Rows Removed by Index Recheck": 0,"Heap Fetches": 0,"Workers": []}]}]}]}]}]},"Planning Time": 4.845,"Triggers": [],"Execution Time": 141.911}]
[{"Plan": {"Node Type": "Aggregate","Strategy": "Sorted","Partial Mode": "Finalize","Parallel Aware": false,"Async Capable": false,"Startup Cost": 12972.06,"Total Cost": 13071.37,"Plan Rows": 744,"Plan Width": 72,"Actual Startup Time": 137.179,"Actual Total Time": 141.162,"Actual Rows": 7,"Actual Loops": 1,"Group Key": ["(SUBSTRING(customer.c_phone FROM 1 FOR 2))"],"Plans": [{"Node Type": "Aggregate","Strategy": "Plain","Partial Mode": "Finalize","Parent Relationship": "InitPlan","Subplan Name": "InitPlan 1 (returns $1)","Parallel Aware": false,"Async Capable": false,"Startup Cost": 6230.83,"Total Cost": 6230.84,"Plan Rows": 1,"Plan Width": 32,"Actual Startup Time": 60.776,"Actual Total Time": 60.977,"Actual Rows": 1,"Actual Loops": 1,"Plans": [{"Node Type": "Gather","Parent Relationship": "Outer","Parallel Aware": false,"Async Capable": false,"Startup Cost": 6230.61,"Total Cost": 6230.82,"Plan Rows": 2,"Plan Width": 32,"Actual Startup Time": 60.706,"Actual Total Time": 60.964,"Actual Rows": 3,"Actual Loops": 1,"Workers Planned": 2,"Workers Launched": 2,"Single Copy": false,"Plans": [{"Node Type": "Aggregate","Strategy": "Plain","Partial Mode": "Partial","Parent Relationship": "Outer","Parallel Aware": false,"Async Capable": false,"Startup Cost": 5230.61,"Total Cost": 5230.62,"Plan Rows": 1,"Plan Width": 32,"Actual Startup Time": 54.618,"Actual Total Time": 54.620,"Actual Rows": 1,"Actual Loops": 3,"Workers": [],"Plans": [{"Node Type": "Seq Scan","Parent Relationship": "Outer","Parallel Aware": true,"Async Capable": false,"Relation Name": "customer","Alias": "customer_1","Startup Cost": 0.00,"Total Cost": 5225.62,"Plan Rows": 1994,"Plan Width": 6,"Actual Startup Time": 0.057,"Actual Total Time": 53.549,"Actual Rows": 12656,"Actual Loops": 3,"Filter": "((c_acctbal > 0.00) AND (SUBSTRING(c_phone FROM 1 FOR 2) = ANY ('{11,30,31,33,17,27,28}'::text[])))","Rows Removed by Filter": 37344,"Workers": []}]}]}]},{"Node Type": "Gather Merge","Parent Relationship": "Outer","Parallel Aware": false,"Async Capable": false,"Startup Cost": 6741.22,"Total Cost": 6821.30,"Plan Rows": 620,"Plan Width": 72,"Actual Startup Time": 137.077,"Actual Total Time": 140.901,"Actual Rows": 21,"Actual Loops": 1,"Workers Planned": 2,"Params Evaluated": ["$1"],"Workers Launched": 2,"Plans": [{"Node Type": "Aggregate","Strategy": "Sorted","Partial Mode": "Partial","Parent Relationship": "Outer","Parallel Aware": false,"Async Capable": false,"Startup Cost": 5741.19,"Total Cost": 5749.72,"Plan Rows": 310,"Plan Width": 72,"Actual Startup Time": 69.459,"Actual Total Time": 69.753,"Actual Rows": 7,"Actual Loops": 3,"Group Key": ["(SUBSTRING(customer.c_phone FROM 1 FOR 2))"],"Workers": [],"Plans": [{"Node Type": "Sort","Parent Relationship": "Outer","Parallel Aware": false,"Async Capable": false,"Startup Cost": 5741.19,"Total Cost": 5741.97,"Plan Rows": 310,"Plan Width": 38,"Actual Startup Time": 69.386,"Actual Total Time": 69.465,"Actual Rows": 2117,"Actual Loops": 3,"Sort Key": ["(SUBSTRING(customer.c_phone FROM 1 FOR 2))"],"Sort Method": "quicksort","Sort Space Used": 228,"Sort Space Type": "Memory","Workers": [{"Worker Number": 0,"Sort Method": "quicksort","Sort Space Used": 157,"Sort Space Type": "Memory"},{"Worker Number": 1,"Sort Method": "quicksort","Sort Space Used": 156,"Sort Space Type": "Memory"}],"Plans": [{"Node Type": "Nested Loop","Parent Relationship": "Outer","Parallel Aware": false,"Async Capable": false,"Join Type": "Anti","Startup Cost": 0.43,"Total Cost": 5728.36,"Plan Rows": 310,"Plan Width": 38,"Actual Startup Time": 0.151,"Actual Total Time": 68.581,"Actual Rows": 2117,"Actual Loops": 3,"Inner Unique": false,"Workers": [],"Plans": [{"Node Type": "Seq Scan","Parent Relationship": "Outer","Parallel Aware": true,"Async Capable": false,"Relation Name": "customer","Alias": "customer","Startup Cost": 0.00,"Total Cost": 5225.62,"Plan Rows": 729,"Plan Width": 26,"Actual Startup Time": 0.038,"Actual Total Time": 44.969,"Actual Rows": 6292,"Actual Loops": 3,"Filter": "((c_acctbal > $1) AND (SUBSTRING(c_phone FROM 1 FOR 2) = ANY ('{11,30,31,33,17,27,28}'::text[])))","Rows Removed by Filter": 43708,"Workers": []},{"Node Type": "Index Only Scan","Parent Relationship": "Inner","Parallel Aware": false,"Async Capable": false,"Scan Direction": "Forward","Index Name": "idx_orders_custkey","Relation Name": "orders","Alias": "orders","Startup Cost": 0.43,"Total Cost": 3.28,"Plan Rows": 17,"Plan Width": 4,"Actual Startup Time": 0.003,"Actual Total Time": 0.003,"Actual Rows": 1,"Actual Loops": 18875,"Index Cond": "(o_custkey = customer.c_custkey)","Rows Removed by Index Recheck": 0,"Heap Fetches": 0,"Workers": []}]}]}]}]}]},"Planning Time": 4.354,"Triggers": [],"Execution Time": 141.577}]
[{"Plan": {"Node Type": "Aggregate","Strategy": "Sorted","Partial Mode": "Finalize","Parallel Aware": false,"Async Capable": false,"Startup Cost": 12972.06,"Total Cost": 13071.37,"Plan Rows": 744,"Plan Width": 72,"Actual Startup Time": 131.916,"Actual Total Time": 136.837,"Actual Rows": 7,"Actual Loops": 1,"Group Key": ["(SUBSTRING(customer.c_phone FROM 1 FOR 2))"],"Plans": [{"Node Type": "Aggregate","Strategy": "Plain","Partial Mode": "Finalize","Parent Relationship": "InitPlan","Subplan Name": "InitPlan 1 (returns $1)","Parallel Aware": false,"Async Capable": false,"Startup Cost": 6230.83,"Total Cost": 6230.84,"Plan Rows": 1,"Plan Width": 32,"Actual Startup Time": 59.472,"Actual Total Time": 59.675,"Actual Rows": 1,"Actual Loops": 1,"Plans": [{"Node Type": "Gather","Parent Relationship": "Outer","Parallel Aware": false,"Async Capable": false,"Startup Cost": 6230.61,"Total Cost": 6230.82,"Plan Rows": 2,"Plan Width": 32,"Actual Startup Time": 59.363,"Actual Total Time": 59.649,"Actual Rows": 3,"Actual Loops": 1,"Workers Planned": 2,"Workers Launched": 2,"Single Copy": false,"Plans": [{"Node Type": "Aggregate","Strategy": "Plain","Partial Mode": "Partial","Parent Relationship": "Outer","Parallel Aware": false,"Async Capable": false,"Startup Cost": 5230.61,"Total Cost": 5230.62,"Plan Rows": 1,"Plan Width": 32,"Actual Startup Time": 53.338,"Actual Total Time": 53.341,"Actual Rows": 1,"Actual Loops": 3,"Workers": [],"Plans": [{"Node Type": "Seq Scan","Parent Relationship": "Outer","Parallel Aware": true,"Async Capable": false,"Relation Name": "customer","Alias": "customer_1","Startup Cost": 0.00,"Total Cost": 5225.62,"Plan Rows": 1994,"Plan Width": 6,"Actual Startup Time": 0.066,"Actual Total Time": 52.295,"Actual Rows": 12771,"Actual Loops": 3,"Filter": "((c_acctbal > 0.00) AND (SUBSTRING(c_phone FROM 1 FOR 2) = ANY ('{19,32,29,27,30,14,15}'::text[])))","Rows Removed by Filter": 37229,"Workers": []}]}]}]},{"Node Type": "Gather Merge","Parent Relationship": "Outer","Parallel Aware": false,"Async Capable": false,"Startup Cost": 6741.22,"Total Cost": 6821.30,"Plan Rows": 620,"Plan Width": 72,"Actual Startup Time": 131.827,"Actual Total Time": 136.597,"Actual Rows": 21,"Actual Loops": 1,"Workers Planned": 2,"Params Evaluated": ["$1"],"Workers Launched": 2,"Plans": [{"Node Type": "Aggregate","Strategy": "Sorted","Partial Mode": "Partial","Parent Relationship": "Outer","Parallel Aware": false,"Async Capable": false,"Startup Cost": 5741.19,"Total Cost": 5749.72,"Plan Rows": 310,"Plan Width": 72,"Actual Startup Time": 64.844,"Actual Total Time": 65.154,"Actual Rows": 7,"Actual Loops": 3,"Group Key": ["(SUBSTRING(customer.c_phone FROM 1 FOR 2))"],"Workers": [],"Plans": [{"Node Type": "Sort","Parent Relationship": "Outer","Parallel Aware": false,"Async Capable": false,"Startup Cost": 5741.19,"Total Cost": 5741.97,"Plan Rows": 310,"Plan Width": 38,"Actual Startup Time": 64.759,"Actual Total Time": 64.842,"Actual Rows": 2151,"Actual Loops": 3,"Sort Key": ["(SUBSTRING(customer.c_phone FROM 1 FOR 2))"],"Sort Method": "quicksort","Sort Space Used": 231,"Sort Space Type": "Memory","Workers": [{"Worker Number": 0,"Sort Method": "quicksort","Sort Space Used": 157,"Sort Space Type": "Memory"},{"Worker Number": 1,"Sort Method": "quicksort","Sort Space Used": 158,"Sort Space Type": "Memory"}],"Plans": [{"Node Type": "Nested Loop","Parent Relationship": "Outer","Parallel Aware": false,"Async Capable": false,"Join Type": "Anti","Startup Cost": 0.43,"Total Cost": 5728.36,"Plan Rows": 310,"Plan Width": 38,"Actual Startup Time": 0.161,"Actual Total Time": 63.921,"Actual Rows": 2151,"Actual Loops": 3,"Inner Unique": false,"Workers": [],"Plans": [{"Node Type": "Seq Scan","Parent Relationship": "Outer","Parallel Aware": true,"Async Capable": false,"Relation Name": "customer","Alias": "customer","Startup Cost": 0.00,"Total Cost": 5225.62,"Plan Rows": 729,"Plan Width": 26,"Actual Startup Time": 0.046,"Actual Total Time": 41.895,"Actual Rows": 6375,"Actual Loops": 3,"Filter": "((c_acctbal > $1) AND (SUBSTRING(c_phone FROM 1 FOR 2) = ANY ('{19,32,29,27,30,14,15}'::text[])))","Rows Removed by Filter": 43625,"Workers": []},{"Node Type": "Index Only Scan","Parent Relationship": "Inner","Parallel Aware": false,"Async Capable": false,"Scan Direction": "Forward","Index Name": "idx_orders_custkey","Relation Name": "orders","Alias": "orders","Startup Cost": 0.43,"Total Cost": 3.28,"Plan Rows": 17,"Plan Width": 4,"Actual Startup Time": 0.003,"Actual Total Time": 0.003,"Actual Rows": 1,"Actual Loops": 19125,"Index Cond": "(o_custkey = customer.c_custkey)","Rows Removed by Index Recheck": 0,"Heap Fetches": 0,"Workers": []}]}]}]}]}]},"Planning Time": 3.721,"Triggers": [],"Execution Time": 137.226}]
[{"Plan": {"Node Type": "Aggregate","Strategy": "Sorted","Partial Mode": "Finalize","Parallel Aware": false,"Async Capable": false,"Startup Cost": 12972.06,"Total Cost": 13071.37,"Plan Rows": 744,"Plan Width": 72,"Actual Startup Time": 140.826,"Actual Total Time": 144.268,"Actual Rows": 7,"Actual Loops": 1,"Group Key": ["(SUBSTRING(customer.c_phone FROM 1 FOR 2))"],"Plans": [{"Node Type": "Aggregate","Strategy": "Plain","Partial Mode": "Finalize","Parent Relationship": "InitPlan","Subplan Name": "InitPlan 1 (returns $1)","Parallel Aware": false,"Async Capable": false,"Startup Cost": 6230.83,"Total Cost": 6230.84,"Plan Rows": 1,"Plan Width": 32,"Actual Startup Time": 61.922,"Actual Total Time": 62.112,"Actual Rows": 1,"Actual Loops": 1,"Plans": [{"Node Type": "Gather","Parent Relationship": "Outer","Parallel Aware": false,"Async Capable": false,"Startup Cost": 6230.61,"Total Cost": 6230.82,"Plan Rows": 2,"Plan Width": 32,"Actual Startup Time": 61.816,"Actual Total Time": 62.086,"Actual Rows": 3,"Actual Loops": 1,"Workers Planned": 2,"Workers Launched": 2,"Single Copy": false,"Plans": [{"Node Type": "Aggregate","Strategy": "Plain","Partial Mode": "Partial","Parent Relationship": "Outer","Parallel Aware": false,"Async Capable": false,"Startup Cost": 5230.61,"Total Cost": 5230.62,"Plan Rows": 1,"Plan Width": 32,"Actual Startup Time": 55.925,"Actual Total Time": 55.927,"Actual Rows": 1,"Actual Loops": 3,"Workers": [],"Plans": [{"Node Type": "Seq Scan","Parent Relationship": "Outer","Parallel Aware": true,"Async Capable": false,"Relation Name": "customer","Alias": "customer_1","Startup Cost": 0.00,"Total Cost": 5225.62,"Plan Rows": 1994,"Plan Width": 6,"Actual Startup Time": 0.054,"Actual Total Time": 54.822,"Actual Rows": 12751,"Actual Loops": 3,"Filter": "((c_acctbal > 0.00) AND (SUBSTRING(c_phone FROM 1 FOR 2) = ANY ('{12,22,25,13,16,18,29}'::text[])))","Rows Removed by Filter": 37249,"Workers": []}]}]}]},{"Node Type": "Gather Merge","Parent Relationship": "Outer","Parallel Aware": false,"Async Capable": false,"Startup Cost": 6741.22,"Total Cost": 6821.30,"Plan Rows": 620,"Plan Width": 72,"Actual Startup Time": 140.684,"Actual Total Time": 144.020,"Actual Rows": 21,"Actual Loops": 1,"Workers Planned": 2,"Params Evaluated": ["$1"],"Workers Launched": 2,"Plans": [{"Node Type": "Aggregate","Strategy": "Sorted","Partial Mode": "Partial","Parent Relationship": "Outer","Parallel Aware": false,"Async Capable": false,"Startup Cost": 5741.19,"Total Cost": 5749.72,"Plan Rows": 310,"Plan Width": 72,"Actual Startup Time": 72.192,"Actual Total Time": 72.498,"Actual Rows": 7,"Actual Loops": 3,"Group Key": ["(SUBSTRING(customer.c_phone FROM 1 FOR 2))"],"Workers": [],"Plans": [{"Node Type": "Sort","Parent Relationship": "Outer","Parallel Aware": false,"Async Capable": false,"Startup Cost": 5741.19,"Total Cost": 5741.97,"Plan Rows": 310,"Plan Width": 38,"Actual Startup Time": 72.123,"Actual Total Time": 72.206,"Actual Rows": 2104,"Actual Loops": 3,"Sort Key": ["(SUBSTRING(customer.c_phone FROM 1 FOR 2))"],"Sort Method": "quicksort","Sort Space Used": 231,"Sort Space Type": "Memory","Workers": [{"Worker Number": 0,"Sort Method": "quicksort","Sort Space Used": 157,"Sort Space Type": "Memory"},{"Worker Number": 1,"Sort Method": "quicksort","Sort Space Used": 151,"Sort Space Type": "Memory"}],"Plans": [{"Node Type": "Nested Loop","Parent Relationship": "Outer","Parallel Aware": false,"Async Capable": false,"Join Type": "Anti","Startup Cost": 0.43,"Total Cost": 5728.36,"Plan Rows": 310,"Plan Width": 38,"Actual Startup Time": 0.197,"Actual Total Time": 71.324,"Actual Rows": 2104,"Actual Loops": 3,"Inner Unique": false,"Workers": [],"Plans": [{"Node Type": "Seq Scan","Parent Relationship": "Outer","Parallel Aware": true,"Async Capable": false,"Relation Name": "customer","Alias": "customer","Startup Cost": 0.00,"Total Cost": 5225.62,"Plan Rows": 729,"Plan Width": 26,"Actual Startup Time": 0.048,"Actual Total Time": 47.065,"Actual Rows": 6355,"Actual Loops": 3,"Filter": "((c_acctbal > $1) AND (SUBSTRING(c_phone FROM 1 FOR 2) = ANY ('{12,22,25,13,16,18,29}'::text[])))","Rows Removed by Filter": 43645,"Workers": []},{"Node Type": "Index Only Scan","Parent Relationship": "Inner","Parallel Aware": false,"Async Capable": false,"Scan Direction": "Forward","Index Name": "idx_orders_custkey","Relation Name": "orders","Alias": "orders","Startup Cost": 0.43,"Total Cost": 3.28,"Plan Rows": 17,"Plan Width": 4,"Actual Startup Time": 0.003,"Actual Total Time": 0.003,"Actual Rows": 1,"Actual Loops": 19066,"Index Cond": "(o_custkey = customer.c_custkey)","Rows Removed by Index Recheck": 0,"Heap Fetches": 0,"Workers": []}]}]}]}]}]},"Planning Time": 3.594,"Triggers": [],"Execution Time": 144.616}]
[{"Plan": {"Node Type": "Aggregate","Strategy": "Sorted","Partial Mode": "Finalize","Parallel Aware": false,"Async Capable": false,"Startup Cost": 12972.06,"Total Cost": 13071.37,"Plan Rows": 744,"Plan Width": 72,"Actual Startup Time": 137.559,"Actual Total Time": 141.280,"Actual Rows": 7,"Actual Loops": 1,"Group Key": ["(SUBSTRING(customer.c_phone FROM 1 FOR 2))"],"Plans": [{"Node Type": "Aggregate","Strategy": "Plain","Partial Mode": "Finalize","Parent Relationship": "InitPlan","Subplan Name": "InitPlan 1 (returns $1)","Parallel Aware": false,"Async Capable": false,"Startup Cost": 6230.83,"Total Cost": 6230.84,"Plan Rows": 1,"Plan Width": 32,"Actual Startup Time": 62.270,"Actual Total Time": 62.472,"Actual Rows": 1,"Actual Loops": 1,"Plans": [{"Node Type": "Gather","Parent Relationship": "Outer","Parallel Aware": false,"Async Capable": false,"Startup Cost": 6230.61,"Total Cost": 6230.82,"Plan Rows": 2,"Plan Width": 32,"Actual Startup Time": 62.149,"Actual Total Time": 62.455,"Actual Rows": 3,"Actual Loops": 1,"Workers Planned": 2,"Workers Launched": 2,"Single Copy": false,"Plans": [{"Node Type": "Aggregate","Strategy": "Plain","Partial Mode": "Partial","Parent Relationship": "Outer","Parallel Aware": false,"Async Capable": false,"Startup Cost": 5230.61,"Total Cost": 5230.62,"Plan Rows": 1,"Plan Width": 32,"Actual Startup Time": 55.574,"Actual Total Time": 55.575,"Actual Rows": 1,"Actual Loops": 3,"Workers": [],"Plans": [{"Node Type": "Seq Scan","Parent Relationship": "Outer","Parallel Aware": true,"Async Capable": false,"Relation Name": "customer","Alias": "customer_1","Startup Cost": 0.00,"Total Cost": 5225.62,"Plan Rows": 1994,"Plan Width": 6,"Actual Startup Time": 0.055,"Actual Total Time": 54.523,"Actual Rows": 12794,"Actual Loops": 3,"Filter": "((c_acctbal > 0.00) AND (SUBSTRING(c_phone FROM 1 FOR 2) = ANY ('{14,32,19,11,28,30,33}'::text[])))","Rows Removed by Filter": 37206,"Workers": []}]}]}]},{"Node Type": "Gather Merge","Parent Relationship": "Outer","Parallel Aware": false,"Async Capable": false,"Startup Cost": 6741.22,"Total Cost": 6821.30,"Plan Rows": 620,"Plan Width": 72,"Actual Startup Time": 137.422,"Actual Total Time": 141.032,"Actual Rows": 21,"Actual Loops": 1,"Workers Planned": 2,"Params Evaluated": ["$1"],"Workers Launched": 2,"Plans": [{"Node Type": "Aggregate","Strategy": "Sorted","Partial Mode": "Partial","Parent Relationship": "Outer","Parallel Aware": false,"Async Capable": false,"Startup Cost": 5741.19,"Total Cost": 5749.72,"Plan Rows": 310,"Plan Width": 72,"Actual Startup Time": 68.487,"Actual Total Time": 68.800,"Actual Rows": 7,"Actual Loops": 3,"Group Key": ["(SUBSTRING(customer.c_phone FROM 1 FOR 2))"],"Workers": [],"Plans": [{"Node Type": "Sort","Parent Relationship": "Outer","Parallel Aware": false,"Async Capable": false,"Startup Cost": 5741.19,"Total Cost": 5741.97,"Plan Rows": 310,"Plan Width": 38,"Actual Startup Time": 68.420,"Actual Total Time": 68.501,"Actual Rows": 2168,"Actual Loops": 3,"Sort Key": ["(SUBSTRING(customer.c_phone FROM 1 FOR 2))"],"Sort Method": "quicksort","Sort Space Used": 240,"Sort Space Type": "Memory","Workers": [{"Worker Number": 0,"Sort Method": "quicksort","Sort Space Used": 153,"Sort Space Type": "Memory"},{"Worker Number": 1,"Sort Method": "quicksort","Sort Space Used": 155,"Sort Space Type": "Memory"}],"Plans": [{"Node Type": "Nested Loop","Parent Relationship": "Outer","Parallel Aware": false,"Async Capable": false,"Join Type": "Anti","Startup Cost": 0.43,"Total Cost": 5728.36,"Plan Rows": 310,"Plan Width": 38,"Actual Startup Time": 0.125,"Actual Total Time": 67.658,"Actual Rows": 2168,"Actual Loops": 3,"Inner Unique": false,"Workers": [],"Plans": [{"Node Type": "Seq Scan","Parent Relationship": "Outer","Parallel Aware": true,"Async Capable": false,"Relation Name": "customer","Alias": "customer","Startup Cost": 0.00,"Total Cost": 5225.62,"Plan Rows": 729,"Plan Width": 26,"Actual Startup Time": 0.038,"Actual Total Time": 44.723,"Actual Rows": 6380,"Actual Loops": 3,"Filter": "((c_acctbal > $1) AND (SUBSTRING(c_phone FROM 1 FOR 2) = ANY ('{14,32,19,11,28,30,33}'::text[])))","Rows Removed by Filter": 43620,"Workers": []},{"Node Type": "Index Only Scan","Parent Relationship": "Inner","Parallel Aware": false,"Async Capable": false,"Scan Direction": "Forward","Index Name": "idx_orders_custkey","Relation Name": "orders","Alias": "orders","Startup Cost": 0.43,"Total Cost": 3.28,"Plan Rows": 17,"Plan Width": 4,"Actual Startup Time": 0.003,"Actual Total Time": 0.003,"Actual Rows": 1,"Actual Loops": 19140,"Index Cond": "(o_custkey = customer.c_custkey)","Rows Removed by Index Recheck": 0,"Heap Fetches": 0,"Workers": []}]}]}]}]}]},"Planning Time": 4.926,"Triggers": [],"Execution Time": 141.648}]
[{"Plan": {"Node Type": "Aggregate","Strategy": "Sorted","Partial Mode": "Finalize","Parallel Aware": false,"Async Capable": false,"Startup Cost": 12972.06,"Total Cost": 13071.37,"Plan Rows": 744,"Plan Width": 72,"Actual Startup Time": 137.383,"Actual Total Time": 141.181,"Actual Rows": 7,"Actual Loops": 1,"Group Key": ["(SUBSTRING(customer.c_phone FROM 1 FOR 2))"],"Plans": [{"Node Type": "Aggregate","Strategy": "Plain","Partial Mode": "Finalize","Parent Relationship": "InitPlan","Subplan Name": "InitPlan 1 (returns $1)","Parallel Aware": false,"Async Capable": false,"Startup Cost": 6230.83,"Total Cost": 6230.84,"Plan Rows": 1,"Plan Width": 32,"Actual Startup Time": 62.571,"Actual Total Time": 62.791,"Actual Rows": 1,"Actual Loops": 1,"Plans": [{"Node Type": "Gather","Parent Relationship": "Outer","Parallel Aware": false,"Async Capable": false,"Startup Cost": 6230.61,"Total Cost": 6230.82,"Plan Rows": 2,"Plan Width": 32,"Actual Startup Time": 62.484,"Actual Total Time": 62.775,"Actual Rows": 3,"Actual Loops": 1,"Workers Planned": 2,"Workers Launched": 2,"Single Copy": false,"Plans": [{"Node Type": "Aggregate","Strategy": "Plain","Partial Mode": "Partial","Parent Relationship": "Outer","Parallel Aware": false,"Async Capable": false,"Startup Cost": 5230.61,"Total Cost": 5230.62,"Plan Rows": 1,"Plan Width": 32,"Actual Startup Time": 55.818,"Actual Total Time": 55.819,"Actual Rows": 1,"Actual Loops": 3,"Workers": [],"Plans": [{"Node Type": "Seq Scan","Parent Relationship": "Outer","Parallel Aware": true,"Async Capable": false,"Relation Name": "customer","Alias": "customer_1","Startup Cost": 0.00,"Total Cost": 5225.62,"Plan Rows": 1994,"Plan Width": 6,"Actual Startup Time": 0.067,"Actual Total Time": 54.728,"Actual Rows": 12743,"Actual Loops": 3,"Filter": "((c_acctbal > 0.00) AND (SUBSTRING(c_phone FROM 1 FOR 2) = ANY ('{21,23,18,24,22,15,29}'::text[])))","Rows Removed by Filter": 37257,"Workers": []}]}]}]},{"Node Type": "Gather Merge","Parent Relationship": "Outer","Parallel Aware": false,"Async Capable": false,"Startup Cost": 6741.22,"Total Cost": 6821.30,"Plan Rows": 620,"Plan Width": 72,"Actual Startup Time": 137.252,"Actual Total Time": 140.890,"Actual Rows": 21,"Actual Loops": 1,"Workers Planned": 2,"Params Evaluated": ["$1"],"Workers Launched": 2,"Plans": [{"Node Type": "Aggregate","Strategy": "Sorted","Partial Mode": "Partial","Parent Relationship": "Outer","Parallel Aware": false,"Async Capable": false,"Startup Cost": 5741.19,"Total Cost": 5749.72,"Plan Rows": 310,"Plan Width": 72,"Actual Startup Time": 67.849,"Actual Total Time": 68.149,"Actual Rows": 7,"Actual Loops": 3,"Group Key": ["(SUBSTRING(customer.c_phone FROM 1 FOR 2))"],"Workers": [],"Plans": [{"Node Type": "Sort","Parent Relationship": "Outer","Parallel Aware": false,"Async Capable": false,"Startup Cost": 5741.19,"Total Cost": 5741.97,"Plan Rows": 310,"Plan Width": 38,"Actual Startup Time": 67.781,"Actual Total Time": 67.863,"Actual Rows": 2153,"Actual Loops": 3,"Sort Key": ["(SUBSTRING(customer.c_phone FROM 1 FOR 2))"],"Sort Method": "quicksort","Sort Space Used": 237,"Sort Space Type": "Memory","Workers": [{"Worker Number": 0,"Sort Method": "quicksort","Sort Space Used": 151,"Sort Space Type": "Memory"},{"Worker Number": 1,"Sort Method": "quicksort","Sort Space Used": 159,"Sort Space Type": "Memory"}],"Plans": [{"Node Type": "Nested Loop","Parent Relationship": "Outer","Parallel Aware": false,"Async Capable": false,"Join Type": "Anti","Startup Cost": 0.43,"Total Cost": 5728.36,"Plan Rows": 310,"Plan Width": 38,"Actual Startup Time": 0.111,"Actual Total Time": 67.008,"Actual Rows": 2153,"Actual Loops": 3,"Inner Unique": false,"Workers": [],"Plans": [{"Node Type": "Seq Scan","Parent Relationship": "Outer","Parallel Aware": true,"Async Capable": false,"Relation Name": "customer","Alias": "customer","Startup Cost": 0.00,"Total Cost": 5225.62,"Plan Rows": 729,"Plan Width": 26,"Actual Startup Time": 0.039,"Actual Total Time": 43.929,"Actual Rows": 6391,"Actual Loops": 3,"Filter": "((c_acctbal > $1) AND (SUBSTRING(c_phone FROM 1 FOR 2) = ANY ('{21,23,18,24,22,15,29}'::text[])))","Rows Removed by Filter": 43609,"Workers": []},{"Node Type": "Index Only Scan","Parent Relationship": "Inner","Parallel Aware": false,"Async Capable": false,"Scan Direction": "Forward","Index Name": "idx_orders_custkey","Relation Name": "orders","Alias": "orders","Startup Cost": 0.43,"Total Cost": 3.28,"Plan Rows": 17,"Plan Width": 4,"Actual Startup Time": 0.003,"Actual Total Time": 0.003,"Actual Rows": 1,"Actual Loops": 19174,"Index Cond": "(o_custkey = customer.c_custkey)","Rows Removed by Index Recheck": 0,"Heap Fetches": 0,"Workers": []}]}]}]}]}]},"Planning Time": 4.786,"Triggers": [],"Execution Time": 141.654}]
[{"Plan": {"Node Type": "Aggregate","Strategy": "Sorted","Partial Mode": "Finalize","Parallel Aware": false,"Async Capable": false,"Startup Cost": 12972.06,"Total Cost": 13071.37,"Plan Rows": 744,"Plan Width": 72,"Actual Startup Time": 142.118,"Actual Total Time": 145.364,"Actual Rows": 7,"Actual Loops": 1,"Group Key": ["(SUBSTRING(customer.c_phone FROM 1 FOR 2))"],"Plans": [{"Node Type": "Aggregate","Strategy": "Plain","Partial Mode": "Finalize","Parent Relationship": "InitPlan","Subplan Name": "InitPlan 1 (returns $1)","Parallel Aware": false,"Async Capable": false,"Startup Cost": 6230.83,"Total Cost": 6230.84,"Plan Rows": 1,"Plan Width": 32,"Actual Startup Time": 62.464,"Actual Total Time": 62.622,"Actual Rows": 1,"Actual Loops": 1,"Plans": [{"Node Type": "Gather","Parent Relationship": "Outer","Parallel Aware": false,"Async Capable": false,"Startup Cost": 6230.61,"Total Cost": 6230.82,"Plan Rows": 2,"Plan Width": 32,"Actual Startup Time": 62.387,"Actual Total Time": 62.597,"Actual Rows": 3,"Actual Loops": 1,"Workers Planned": 2,"Workers Launched": 2,"Single Copy": false,"Plans": [{"Node Type": "Aggregate","Strategy": "Plain","Partial Mode": "Partial","Parent Relationship": "Outer","Parallel Aware": false,"Async Capable": false,"Startup Cost": 5230.61,"Total Cost": 5230.62,"Plan Rows": 1,"Plan Width": 32,"Actual Startup Time": 56.576,"Actual Total Time": 56.579,"Actual Rows": 1,"Actual Loops": 3,"Workers": [],"Plans": [{"Node Type": "Seq Scan","Parent Relationship": "Outer","Parallel Aware": true,"Async Capable": false,"Relation Name": "customer","Alias": "customer_1","Startup Cost": 0.00,"Total Cost": 5225.62,"Plan Rows": 1994,"Plan Width": 6,"Actual Startup Time": 0.059,"Actual Total Time": 55.509,"Actual Rows": 12657,"Actual Loops": 3,"Filter": "((c_acctbal > 0.00) AND (SUBSTRING(c_phone FROM 1 FOR 2) = ANY ('{21,24,30,11,27,22,31}'::text[])))","Rows Removed by Filter": 37343,"Workers": []}]}]}]},{"Node Type": "Gather Merge","Parent Relationship": "Outer","Parallel Aware": false,"Async Capable": false,"Startup Cost": 6741.22,"Total Cost": 6821.30,"Plan Rows": 620,"Plan Width": 72,"Actual Startup Time": 142.002,"Actual Total Time": 145.142,"Actual Rows": 21,"Actual Loops": 1,"Workers Planned": 2,"Params Evaluated": ["$1"],"Workers Launched": 2,"Plans": [{"Node Type": "Aggregate","Strategy": "Sorted","Partial Mode": "Partial","Parent Relationship": "Outer","Parallel Aware": false,"Async Capable": false,"Startup Cost": 5741.19,"Total Cost": 5749.72,"Plan Rows": 310,"Plan Width": 72,"Actual Startup Time": 72.763,"Actual Total Time": 73.057,"Actual Rows": 7,"Actual Loops": 3,"Group Key": ["(SUBSTRING(customer.c_phone FROM 1 FOR 2))"],"Workers": [],"Plans": [{"Node Type": "Sort","Parent Relationship": "Outer","Parallel Aware": false,"Async Capable": false,"Startup Cost": 5741.19,"Total Cost": 5741.97,"Plan Rows": 310,"Plan Width": 38,"Actual Startup Time": 72.694,"Actual Total Time": 72.769,"Actual Rows": 2124,"Actual Loops": 3,"Sort Key": ["(SUBSTRING(customer.c_phone FROM 1 FOR 2))"],"Sort Method": "quicksort","Sort Space Used": 232,"Sort Space Type": "Memory","Workers": [{"Worker Number": 0,"Sort Method": "quicksort","Sort Space Used": 158,"Sort Space Type": "Memory"},{"Worker Number": 1,"Sort Method": "quicksort","Sort Space Used": 151,"Sort Space Type": "Memory"}],"Plans": [{"Node Type": "Nested Loop","Parent Relationship": "Outer","Parallel Aware": false,"Async Capable": false,"Join Type": "Anti","Startup Cost": 0.43,"Total Cost": 5728.36,"Plan Rows": 310,"Plan Width": 38,"Actual Startup Time": 0.153,"Actual Total Time": 71.881,"Actual Rows": 2124,"Actual Loops": 3,"Inner Unique": false,"Workers": [],"Plans": [{"Node Type": "Seq Scan","Parent Relationship": "Outer","Parallel Aware": true,"Async Capable": false,"Relation Name": "customer","Alias": "customer","Startup Cost": 0.00,"Total Cost": 5225.62,"Plan Rows": 729,"Plan Width": 26,"Actual Startup Time": 0.044,"Actual Total Time": 47.695,"Actual Rows": 6308,"Actual Loops": 3,"Filter": "((c_acctbal > $1) AND (SUBSTRING(c_phone FROM 1 FOR 2) = ANY ('{21,24,30,11,27,22,31}'::text[])))","Rows Removed by Filter": 43692,"Workers": []},{"Node Type": "Index Only Scan","Parent Relationship": "Inner","Parallel Aware": false,"Async Capable": false,"Scan Direction": "Forward","Index Name": "idx_orders_custkey","Relation Name": "orders","Alias": "orders","Startup Cost": 0.43,"Total Cost": 3.28,"Plan Rows": 17,"Plan Width": 4,"Actual Startup Time": 0.003,"Actual Total Time": 0.003,"Actual Rows": 1,"Actual Loops": 18923,"Index Cond": "(o_custkey = customer.c_custkey)","Rows Removed by Index Recheck": 0,"Heap Fetches": 0,"Workers": []}]}]}]}]}]},"Planning Time": 3.244,"Triggers": [],"Execution Time": 145.677}]
[{"Plan": {"Node Type": "Aggregate","Strategy": "Sorted","Partial Mode": "Finalize","Parallel Aware": false,"Async Capable": false,"Startup Cost": 12972.06,"Total Cost": 13071.37,"Plan Rows": 744,"Plan Width": 72,"Actual Startup Time": 137.739,"Actual Total Time": 141.504,"Actual Rows": 7,"Actual Loops": 1,"Group Key": ["(SUBSTRING(customer.c_phone FROM 1 FOR 2))"],"Plans": [{"Node Type": "Aggregate","Strategy": "Plain","Partial Mode": "Finalize","Parent Relationship": "InitPlan","Subplan Name": "InitPlan 1 (returns $1)","Parallel Aware": false,"Async Capable": false,"Startup Cost": 6230.83,"Total Cost": 6230.84,"Plan Rows": 1,"Plan Width": 32,"Actual Startup Time": 62.420,"Actual Total Time": 62.573,"Actual Rows": 1,"Actual Loops": 1,"Plans": [{"Node Type": "Gather","Parent Relationship": "Outer","Parallel Aware": false,"Async Capable": false,"Startup Cost": 6230.61,"Total Cost": 6230.82,"Plan Rows": 2,"Plan Width": 32,"Actual Startup Time": 62.329,"Actual Total Time": 62.561,"Actual Rows": 3,"Actual Loops": 1,"Workers Planned": 2,"Workers Launched": 2,"Single Copy": false,"Plans": [{"Node Type": "Aggregate","Strategy": "Plain","Partial Mode": "Partial","Parent Relationship": "Outer","Parallel Aware": false,"Async Capable": false,"Startup Cost": 5230.61,"Total Cost": 5230.62,"Plan Rows": 1,"Plan Width": 32,"Actual Startup Time": 55.881,"Actual Total Time": 55.883,"Actual Rows": 1,"Actual Loops": 3,"Workers": [],"Plans": [{"Node Type": "Seq Scan","Parent Relationship": "Outer","Parallel Aware": true,"Async Capable": false,"Relation Name": "customer","Alias": "customer_1","Startup Cost": 0.00,"Total Cost": 5225.62,"Plan Rows": 1994,"Plan Width": 6,"Actual Startup Time": 0.053,"Actual Total Time": 54.808,"Actual Rows": 12706,"Actual Loops": 3,"Filter": "((c_acctbal > 0.00) AND (SUBSTRING(c_phone FROM 1 FOR 2) = ANY ('{16,28,11,24,14,13,30}'::text[])))","Rows Removed by Filter": 37294,"Workers": []}]}]}]},{"Node Type": "Gather Merge","Parent Relationship": "Outer","Parallel Aware": false,"Async Capable": false,"Startup Cost": 6741.22,"Total Cost": 6821.30,"Plan Rows": 620,"Plan Width": 72,"Actual Startup Time": 137.597,"Actual Total Time": 141.285,"Actual Rows": 21,"Actual Loops": 1,"Workers Planned": 2,"Params Evaluated": ["$1"],"Workers Launched": 2,"Plans": [{"Node Type": "Aggregate","Strategy": "Sorted","Partial Mode": "Partial","Parent Relationship": "Outer","Parallel Aware": false,"Async Capable": false,"Startup Cost": 5741.19,"Total Cost": 5749.72,"Plan Rows": 310,"Plan Width": 72,"Actual Startup Time": 68.474,"Actual Total Time": 68.778,"Actual Rows": 7,"Actual Loops": 3,"Group Key": ["(SUBSTRING(customer.c_phone FROM 1 FOR 2))"],"Workers": [],"Plans": [{"Node Type": "Sort","Parent Relationship": "Outer","Parallel Aware": false,"Async Capable": false,"Startup Cost": 5741.19,"Total Cost": 5741.97,"Plan Rows": 310,"Plan Width": 38,"Actual Startup Time": 68.404,"Actual Total Time": 68.494,"Actual Rows": 2121,"Actual Loops": 3,"Sort Key": ["(SUBSTRING(customer.c_phone FROM 1 FOR 2))"],"Sort Method": "quicksort","Sort Space Used": 235,"Sort Space Type": "Memory","Workers": [{"Worker Number": 0,"Sort Method": "quicksort","Sort Space Used": 153,"Sort Space Type": "Memory"},{"Worker Number": 1,"Sort Method": "quicksort","Sort Space Used": 153,"Sort Space Type": "Memory"}],"Plans": [{"Node Type": "Nested Loop","Parent Relationship": "Outer","Parallel Aware": false,"Async Capable": false,"Join Type": "Anti","Startup Cost": 0.43,"Total Cost": 5728.36,"Plan Rows": 310,"Plan Width": 38,"Actual Startup Time": 0.121,"Actual Total Time": 67.601,"Actual Rows": 2121,"Actual Loops": 3,"Inner Unique": false,"Workers": [],"Plans": [{"Node Type": "Seq Scan","Parent Relationship": "Outer","Parallel Aware": true,"Async Capable": false,"Relation Name": "customer","Alias": "customer","Startup Cost": 0.00,"Total Cost": 5225.62,"Plan Rows": 729,"Plan Width": 26,"Actual Startup Time": 0.030,"Actual Total Time": 44.474,"Actual Rows": 6318,"Actual Loops": 3,"Filter": "((c_acctbal > $1) AND (SUBSTRING(c_phone FROM 1 FOR 2) = ANY ('{16,28,11,24,14,13,30}'::text[])))","Rows Removed by Filter": 43682,"Workers": []},{"Node Type": "Index Only Scan","Parent Relationship": "Inner","Parallel Aware": false,"Async Capable": false,"Scan Direction": "Forward","Index Name": "idx_orders_custkey","Relation Name": "orders","Alias": "orders","Startup Cost": 0.43,"Total Cost": 3.28,"Plan Rows": 17,"Plan Width": 4,"Actual Startup Time": 0.003,"Actual Total Time": 0.003,"Actual Rows": 1,"Actual Loops": 18953,"Index Cond": "(o_custkey = customer.c_custkey)","Rows Removed by Index Recheck": 0,"Heap Fetches": 0,"Workers": []}]}]}]}]}]},"Planning Time": 3.605,"Triggers": [],"Execution Time": 141.864}]
[{"Plan": {"Node Type": "Aggregate","Strategy": "Sorted","Partial Mode": "Finalize","Parallel Aware": false,"Async Capable": false,"Startup Cost": 12972.06,"Total Cost": 13071.37,"Plan Rows": 744,"Plan Width": 72,"Actual Startup Time": 141.362,"Actual Total Time": 144.823,"Actual Rows": 7,"Actual Loops": 1,"Group Key": ["(SUBSTRING(customer.c_phone FROM 1 FOR 2))"],"Plans": [{"Node Type": "Aggregate","Strategy": "Plain","Partial Mode": "Finalize","Parent Relationship": "InitPlan","Subplan Name": "InitPlan 1 (returns $1)","Parallel Aware": false,"Async Capable": false,"Startup Cost": 6230.83,"Total Cost": 6230.84,"Plan Rows": 1,"Plan Width": 32,"Actual Startup Time": 62.092,"Actual Total Time": 62.254,"Actual Rows": 1,"Actual Loops": 1,"Plans": [{"Node Type": "Gather","Parent Relationship": "Outer","Parallel Aware": false,"Async Capable": false,"Startup Cost": 6230.61,"Total Cost": 6230.82,"Plan Rows": 2,"Plan Width": 32,"Actual Startup Time": 61.999,"Actual Total Time": 62.238,"Actual Rows": 3,"Actual Loops": 1,"Workers Planned": 2,"Workers Launched": 2,"Single Copy": false,"Plans": [{"Node Type": "Aggregate","Strategy": "Plain","Partial Mode": "Partial","Parent Relationship": "Outer","Parallel Aware": false,"Async Capable": false,"Startup Cost": 5230.61,"Total Cost": 5230.62,"Plan Rows": 1,"Plan Width": 32,"Actual Startup Time": 56.068,"Actual Total Time": 56.069,"Actual Rows": 1,"Actual Loops": 3,"Workers": [],"Plans": [{"Node Type": "Seq Scan","Parent Relationship": "Outer","Parallel Aware": true,"Async Capable": false,"Relation Name": "customer","Alias": "customer_1","Startup Cost": 0.00,"Total Cost": 5225.62,"Plan Rows": 1994,"Plan Width": 6,"Actual Startup Time": 0.056,"Actual Total Time": 55.016,"Actual Rows": 12715,"Actual Loops": 3,"Filter": "((c_acctbal > 0.00) AND (SUBSTRING(c_phone FROM 1 FOR 2) = ANY ('{27,12,22,10,11,33,29}'::text[])))","Rows Removed by Filter": 37285,"Workers": []}]}]}]},{"Node Type": "Gather Merge","Parent Relationship": "Outer","Parallel Aware": false,"Async Capable": false,"Startup Cost": 6741.22,"Total Cost": 6821.30,"Plan Rows": 620,"Plan Width": 72,"Actual Startup Time": 141.232,"Actual Total Time": 144.602,"Actual Rows": 21,"Actual Loops": 1,"Workers Planned": 2,"Params Evaluated": ["$1"],"Workers Launched": 2,"Plans": [{"Node Type": "Aggregate","Strategy": "Sorted","Partial Mode": "Partial","Parent Relationship": "Outer","Parallel Aware": false,"Async Capable": false,"Startup Cost": 5741.19,"Total Cost": 5749.72,"Plan Rows": 310,"Plan Width": 72,"Actual Startup Time": 72.064,"Actual Total Time": 72.366,"Actual Rows": 7,"Actual Loops": 3,"Group Key": ["(SUBSTRING(customer.c_phone FROM 1 FOR 2))"],"Workers": [],"Plans": [{"Node Type": "Sort","Parent Relationship": "Outer","Parallel Aware": false,"Async Capable": false,"Startup Cost": 5741.19,"Total Cost": 5741.97,"Plan Rows": 310,"Plan Width": 38,"Actual Startup Time": 71.998,"Actual Total Time": 72.085,"Actual Rows": 2108,"Actual Loops": 3,"Sort Key": ["(SUBSTRING(customer.c_phone FROM 1 FOR 2))"],"Sort Method": "quicksort","Sort Space Used": 229,"Sort Space Type": "Memory","Workers": [{"Worker Number": 0,"Sort Method": "quicksort","Sort Space Used": 159,"Sort Space Type": "Memory"},{"Worker Number": 1,"Sort Method": "quicksort","Sort Space Used": 151,"Sort Space Type": "Memory"}],"Plans": [{"Node Type": "Nested Loop","Parent Relationship": "Outer","Parallel Aware": false,"Async Capable": false,"Join Type": "Anti","Startup Cost": 0.43,"Total Cost": 5728.36,"Plan Rows": 310,"Plan Width": 38,"Actual Startup Time": 0.182,"Actual Total Time": 71.191,"Actual Rows": 2108,"Actual Loops": 3,"Inner Unique": false,"Workers": [],"Plans": [{"Node Type": "Seq Scan","Parent Relationship": "Outer","Parallel Aware": true,"Async Capable": false,"Relation Name": "customer","Alias": "customer","Startup Cost": 0.00,"Total Cost": 5225.62,"Plan Rows": 729,"Plan Width": 26,"Actual Startup Time": 0.040,"Actual Total Time": 47.042,"Actual Rows": 6319,"Actual Loops": 3,"Filter": "((c_acctbal > $1) AND (SUBSTRING(c_phone FROM 1 FOR 2) = ANY ('{27,12,22,10,11,33,29}'::text[])))","Rows Removed by Filter": 43681,"Workers": []},{"Node Type": "Index Only Scan","Parent Relationship": "Inner","Parallel Aware": false,"Async Capable": false,"Scan Direction": "Forward","Index Name": "idx_orders_custkey","Relation Name": "orders","Alias": "orders","Startup Cost": 0.43,"Total Cost": 3.28,"Plan Rows": 17,"Plan Width": 4,"Actual Startup Time": 0.003,"Actual Total Time": 0.003,"Actual Rows": 1,"Actual Loops": 18958,"Index Cond": "(o_custkey = customer.c_custkey)","Rows Removed by Index Recheck": 0,"Heap Fetches": 0,"Workers": []}]}]}]}]}]},"Planning Time": 4.714,"Triggers": [],"Execution Time": 145.270}]
[{"Plan": {"Node Type": "Aggregate","Strategy": "Sorted","Partial Mode": "Finalize","Parallel Aware": false,"Async Capable": false,"Startup Cost": 12972.06,"Total Cost": 13071.37,"Plan Rows": 744,"Plan Width": 72,"Actual Startup Time": 136.939,"Actual Total Time": 140.706,"Actual Rows": 7,"Actual Loops": 1,"Group Key": ["(SUBSTRING(customer.c_phone FROM 1 FOR 2))"],"Plans": [{"Node Type": "Aggregate","Strategy": "Plain","Partial Mode": "Finalize","Parent Relationship": "InitPlan","Subplan Name": "InitPlan 1 (returns $1)","Parallel Aware": false,"Async Capable": false,"Startup Cost": 6230.83,"Total Cost": 6230.84,"Plan Rows": 1,"Plan Width": 32,"Actual Startup Time": 62.213,"Actual Total Time": 62.417,"Actual Rows": 1,"Actual Loops": 1,"Plans": [{"Node Type": "Gather","Parent Relationship": "Outer","Parallel Aware": false,"Async Capable": false,"Startup Cost": 6230.61,"Total Cost": 6230.82,"Plan Rows": 2,"Plan Width": 32,"Actual Startup Time": 62.149,"Actual Total Time": 62.402,"Actual Rows": 3,"Actual Loops": 1,"Workers Planned": 2,"Workers Launched": 2,"Single Copy": false,"Plans": [{"Node Type": "Aggregate","Strategy": "Plain","Partial Mode": "Partial","Parent Relationship": "Outer","Parallel Aware": false,"Async Capable": false,"Startup Cost": 5230.61,"Total Cost": 5230.62,"Plan Rows": 1,"Plan Width": 32,"Actual Startup Time": 55.651,"Actual Total Time": 55.654,"Actual Rows": 1,"Actual Loops": 3,"Workers": [],"Plans": [{"Node Type": "Seq Scan","Parent Relationship": "Outer","Parallel Aware": true,"Async Capable": false,"Relation Name": "customer","Alias": "customer_1","Startup Cost": 0.00,"Total Cost": 5225.62,"Plan Rows": 1994,"Plan Width": 6,"Actual Startup Time": 0.051,"Actual Total Time": 54.567,"Actual Rows": 12705,"Actual Loops": 3,"Filter": "((c_acctbal > 0.00) AND (SUBSTRING(c_phone FROM 1 FOR 2) = ANY ('{26,32,31,13,10,18,15}'::text[])))","Rows Removed by Filter": 37295,"Workers": []}]}]}]},{"Node Type": "Gather Merge","Parent Relationship": "Outer","Parallel Aware": false,"Async Capable": false,"Startup Cost": 6741.22,"Total Cost": 6821.30,"Plan Rows": 620,"Plan Width": 72,"Actual Startup Time": 136.814,"Actual Total Time": 140.456,"Actual Rows": 21,"Actual Loops": 1,"Workers Planned": 2,"Params Evaluated": ["$1"],"Workers Launched": 2,"Plans": [{"Node Type": "Aggregate","Strategy": "Sorted","Partial Mode": "Partial","Parent Relationship": "Outer","Parallel Aware": false,"Async Capable": false,"Startup Cost": 5741.19,"Total Cost": 5749.72,"Plan Rows": 310,"Plan Width": 72,"Actual Startup Time": 67.812,"Actual Total Time": 68.114,"Actual Rows": 7,"Actual Loops": 3,"Group Key": ["(SUBSTRING(customer.c_phone FROM 1 FOR 2))"],"Workers": [],"Plans": [{"Node Type": "Sort","Parent Relationship": "Outer","Parallel Aware": false,"Async Capable": false,"Startup Cost": 5741.19,"Total Cost": 5741.97,"Plan Rows": 310,"Plan Width": 38,"Actual Startup Time": 67.742,"Actual Total Time": 67.824,"Actual Rows": 2108,"Actual Loops": 3,"Sort Key": ["(SUBSTRING(customer.c_phone FROM 1 FOR 2))"],"Sort Method": "quicksort","Sort Space Used": 235,"Sort Space Type": "Memory","Workers": [{"Worker Number": 0,"Sort Method": "quicksort","Sort Space Used": 151,"Sort Space Type": "Memory"},{"Worker Number": 1,"Sort Method": "quicksort","Sort Space Used": 152,"Sort Space Type": "Memory"}],"Plans": [{"Node Type": "Nested Loop","Parent Relationship": "Outer","Parallel Aware": false,"Async Capable": false,"Join Type": "Anti","Startup Cost": 0.43,"Total Cost": 5728.36,"Plan Rows": 310,"Plan Width": 38,"Actual Startup Time": 0.141,"Actual Total Time": 66.925,"Actual Rows": 2108,"Actual Loops": 3,"Inner Unique": false,"Workers": [],"Plans": [{"Node Type": "Seq Scan","Parent Relationship": "Outer","Parallel Aware": true,"Async Capable": false,"Relation Name": "customer","Alias": "customer","Startup Cost": 0.00,"Total Cost": 5225.62,"Plan Rows": 729,"Plan Width": 26,"Actual Startup Time": 0.041,"Actual Total Time": 44.007,"Actual Rows": 6342,"Actual Loops": 3,"Filter": "((c_acctbal > $1) AND (SUBSTRING(c_phone FROM 1 FOR 2) = ANY ('{26,32,31,13,10,18,15}'::text[])))","Rows Removed by Filter": 43658,"Workers": []},{"Node Type": "Index Only Scan","Parent Relationship": "Inner","Parallel Aware": false,"Async Capable": false,"Scan Direction": "Forward","Index Name": "idx_orders_custkey","Relation Name": "orders","Alias": "orders","Startup Cost": 0.43,"Total Cost": 3.28,"Plan Rows": 17,"Plan Width": 4,"Actual Startup Time": 0.003,"Actual Total Time": 0.003,"Actual Rows": 1,"Actual Loops": 19026,"Index Cond": "(o_custkey = customer.c_custkey)","Rows Removed by Index Recheck": 0,"Heap Fetches": 0,"Workers": []}]}]}]}]}]},"Planning Time": 3.774,"Triggers": [],"Execution Time": 141.038}]
[{"Plan": {"Node Type": "Aggregate","Strategy": "Sorted","Partial Mode": "Finalize","Parallel Aware": false,"Async Capable": false,"Startup Cost": 12972.06,"Total Cost": 13071.37,"Plan Rows": 744,"Plan Width": 72,"Actual Startup Time": 140.984,"Actual Total Time": 144.529,"Actual Rows": 7,"Actual Loops": 1,"Group Key": ["(SUBSTRING(customer.c_phone FROM 1 FOR 2))"],"Plans": [{"Node Type": "Aggregate","Strategy": "Plain","Partial Mode": "Finalize","Parent Relationship": "InitPlan","Subplan Name": "InitPlan 1 (returns $1)","Parallel Aware": false,"Async Capable": false,"Startup Cost": 6230.83,"Total Cost": 6230.84,"Plan Rows": 1,"Plan Width": 32,"Actual Startup Time": 61.559,"Actual Total Time": 61.735,"Actual Rows": 1,"Actual Loops": 1,"Plans": [{"Node Type": "Gather","Parent Relationship": "Outer","Parallel Aware": false,"Async Capable": false,"Startup Cost": 6230.61,"Total Cost": 6230.82,"Plan Rows": 2,"Plan Width": 32,"Actual Startup Time": 61.464,"Actual Total Time": 61.718,"Actual Rows": 3,"Actual Loops": 1,"Workers Planned": 2,"Workers Launched": 2,"Single Copy": false,"Plans": [{"Node Type": "Aggregate","Strategy": "Plain","Partial Mode": "Partial","Parent Relationship": "Outer","Parallel Aware": false,"Async Capable": false,"Startup Cost": 5230.61,"Total Cost": 5230.62,"Plan Rows": 1,"Plan Width": 32,"Actual Startup Time": 55.576,"Actual Total Time": 55.578,"Actual Rows": 1,"Actual Loops": 3,"Workers": [],"Plans": [{"Node Type": "Seq Scan","Parent Relationship": "Outer","Parallel Aware": true,"Async Capable": false,"Relation Name": "customer","Alias": "customer_1","Startup Cost": 0.00,"Total Cost": 5225.62,"Plan Rows": 1994,"Plan Width": 6,"Actual Startup Time": 0.042,"Actual Total Time": 54.510,"Actual Rows": 12702,"Actual Loops": 3,"Filter": "((c_acctbal > 0.00) AND (SUBSTRING(c_phone FROM 1 FOR 2) = ANY ('{24,12,31,34,28,17,13}'::text[])))","Rows Removed by Filter": 37298,"Workers": []}]}]}]},{"Node Type": "Gather Merge","Parent Relationship": "Outer","Parallel Aware": false,"Async Capable": false,"Startup Cost": 6741.22,"Total Cost": 6821.30,"Plan Rows": 620,"Plan Width": 72,"Actual Startup Time": 140.856,"Actual Total Time": 144.307,"Actual Rows": 21,"Actual Loops": 1,"Workers Planned": 2,"Params Evaluated": ["$1"],"Workers Launched": 2,"Plans": [{"Node Type": "Aggregate","Strategy": "Sorted","Partial Mode": "Partial","Parent Relationship": "Outer","Parallel Aware": false,"Async Capable": false,"Startup Cost": 5741.19,"Total Cost": 5749.72,"Plan Rows": 310,"Plan Width": 72,"Actual Startup Time": 72.547,"Actual Total Time": 72.849,"Actual Rows": 7,"Actual Loops": 3,"Group Key": ["(SUBSTRING(customer.c_phone FROM 1 FOR 2))"],"Workers": [],"Plans": [{"Node Type": "Sort","Parent Relationship": "Outer","Parallel Aware": false,"Async Capable": false,"Startup Cost": 5741.19,"Total Cost": 5741.97,"Plan Rows": 310,"Plan Width": 38,"Actual Startup Time": 72.476,"Actual Total Time": 72.563,"Actual Rows": 2105,"Actual Loops": 3,"Sort Key": ["(SUBSTRING(customer.c_phone FROM 1 FOR 2))"],"Sort Method": "quicksort","Sort Space Used": 232,"Sort Space Type": "Memory","Workers": [{"Worker Number": 0,"Sort Method": "quicksort","Sort Space Used": 155,"Sort Space Type": "Memory"},{"Worker Number": 1,"Sort Method": "quicksort","Sort Space Used": 151,"Sort Space Type": "Memory"}],"Plans": [{"Node Type": "Nested Loop","Parent Relationship": "Outer","Parallel Aware": false,"Async Capable": false,"Join Type": "Anti","Startup Cost": 0.43,"Total Cost": 5728.36,"Plan Rows": 310,"Plan Width": 38,"Actual Startup Time": 0.176,"Actual Total Time": 71.662,"Actual Rows": 2105,"Actual Loops": 3,"Inner Unique": false,"Workers": [],"Plans": [{"Node Type": "Seq Scan","Parent Relationship": "Outer","Parallel Aware": true,"Async Capable": false,"Relation Name": "customer","Alias": "customer","Startup Cost": 0.00,"Total Cost": 5225.62,"Plan Rows": 729,"Plan Width": 26,"Actual Startup Time": 0.043,"Actual Total Time": 47.465,"Actual Rows": 6326,"Actual Loops": 3,"Filter": "((c_acctbal > $1) AND (SUBSTRING(c_phone FROM 1 FOR 2) = ANY ('{24,12,31,34,28,17,13}'::text[])))","Rows Removed by Filter": 43674,"Workers": []},{"Node Type": "Index Only Scan","Parent Relationship": "Inner","Parallel Aware": false,"Async Capable": false,"Scan Direction": "Forward","Index Name": "idx_orders_custkey","Relation Name": "orders","Alias": "orders","Startup Cost": 0.43,"Total Cost": 3.28,"Plan Rows": 17,"Plan Width": 4,"Actual Startup Time": 0.003,"Actual Total Time": 0.003,"Actual Rows": 1,"Actual Loops": 18977,"Index Cond": "(o_custkey = customer.c_custkey)","Rows Removed by Index Recheck": 0,"Heap Fetches": 0,"Workers": []}]}]}]}]}]},"Planning Time": 3.984,"Triggers": [],"Execution Time": 144.904}]
[{"Plan": {"Node Type": "Aggregate","Strategy": "Sorted","Partial Mode": "Finalize","Parallel Aware": false,"Async Capable": false,"Startup Cost": 12972.06,"Total Cost": 13071.37,"Plan Rows": 744,"Plan Width": 72,"Actual Startup Time": 136.932,"Actual Total Time": 140.694,"Actual Rows": 7,"Actual Loops": 1,"Group Key": ["(SUBSTRING(customer.c_phone FROM 1 FOR 2))"],"Plans": [{"Node Type": "Aggregate","Strategy": "Plain","Partial Mode": "Finalize","Parent Relationship": "InitPlan","Subplan Name": "InitPlan 1 (returns $1)","Parallel Aware": false,"Async Capable": false,"Startup Cost": 6230.83,"Total Cost": 6230.84,"Plan Rows": 1,"Plan Width": 32,"Actual Startup Time": 62.160,"Actual Total Time": 62.386,"Actual Rows": 1,"Actual Loops": 1,"Plans": [{"Node Type": "Gather","Parent Relationship": "Outer","Parallel Aware": false,"Async Capable": false,"Startup Cost": 6230.61,"Total Cost": 6230.82,"Plan Rows": 2,"Plan Width": 32,"Actual Startup Time": 62.062,"Actual Total Time": 62.367,"Actual Rows": 3,"Actual Loops": 1,"Workers Planned": 2,"Workers Launched": 2,"Single Copy": false,"Plans": [{"Node Type": "Aggregate","Strategy": "Plain","Partial Mode": "Partial","Parent Relationship": "Outer","Parallel Aware": false,"Async Capable": false,"Startup Cost": 5230.61,"Total Cost": 5230.62,"Plan Rows": 1,"Plan Width": 32,"Actual Startup Time": 55.619,"Actual Total Time": 55.620,"Actual Rows": 1,"Actual Loops": 3,"Workers": [],"Plans": [{"Node Type": "Seq Scan","Parent Relationship": "Outer","Parallel Aware": true,"Async Capable": false,"Relation Name": "customer","Alias": "customer_1","Startup Cost": 0.00,"Total Cost": 5225.62,"Plan Rows": 1994,"Plan Width": 6,"Actual Startup Time": 0.055,"Actual Total Time": 54.552,"Actual Rows": 12657,"Actual Loops": 3,"Filter": "((c_acctbal > 0.00) AND (SUBSTRING(c_phone FROM 1 FOR 2) = ANY ('{27,17,12,23,34,26,15}'::text[])))","Rows Removed by Filter": 37343,"Workers": []}]}]}]},{"Node Type": "Gather Merge","Parent Relationship": "Outer","Parallel Aware": false,"Async Capable": false,"Startup Cost": 6741.22,"Total Cost": 6821.30,"Plan Rows": 620,"Plan Width": 72,"Actual Startup Time": 136.816,"Actual Total Time": 140.417,"Actual Rows": 21,"Actual Loops": 1,"Workers Planned": 2,"Params Evaluated": ["$1"],"Workers Launched": 2,"Plans": [{"Node Type": "Aggregate","Strategy": "Sorted","Partial Mode": "Partial","Parent Relationship": "Outer","Parallel Aware": false,"Async Capable": false,"Startup Cost": 5741.19,"Total Cost": 5749.72,"Plan Rows": 310,"Plan Width": 72,"Actual Startup Time": 67.875,"Actual Total Time": 68.167,"Actual Rows": 7,"Actual Loops": 3,"Group Key": ["(SUBSTRING(customer.c_phone FROM 1 FOR 2))"],"Workers": [],"Plans": [{"Node Type": "Sort","Parent Relationship": "Outer","Parallel Aware": false,"Async Capable": false,"Startup Cost": 5741.19,"Total Cost": 5741.97,"Plan Rows": 310,"Plan Width": 38,"Actual Startup Time": 67.810,"Actual Total Time": 67.889,"Actual Rows": 2071,"Actual Loops": 3,"Sort Key": ["(SUBSTRING(customer.c_phone FROM 1 FOR 2))"],"Sort Method": "quicksort","Sort Space Used": 232,"Sort Space Type": "Memory","Workers": [{"Worker Number": 0,"Sort Method": "quicksort","Sort Space Used": 150,"Sort Space Type": "Memory"},{"Worker Number": 1,"Sort Method": "quicksort","Sort Space Used": 152,"Sort Space Type": "Memory"}],"Plans": [{"Node Type": "Nested Loop","Parent Relationship": "Outer","Parallel Aware": false,"Async Capable": false,"Join Type": "Anti","Startup Cost": 0.43,"Total Cost": 5728.36,"Plan Rows": 310,"Plan Width": 38,"Actual Startup Time": 0.245,"Actual Total Time": 67.024,"Actual Rows": 2071,"Actual Loops": 3,"Inner Unique": false,"Workers": [],"Plans": [{"Node Type": "Seq Scan","Parent Relationship": "Outer","Parallel Aware": true,"Async Capable": false,"Relation Name": "customer","Alias": "customer","Startup Cost": 0.00,"Total Cost": 5225.62,"Plan Rows": 729,"Plan Width": 26,"Actual Startup Time": 0.043,"Actual Total Time": 44.152,"Actual Rows": 6305,"Actual Loops": 3,"Filter": "((c_acctbal > $1) AND (SUBSTRING(c_phone FROM 1 FOR 2) = ANY ('{27,17,12,23,34,26,15}'::text[])))","Rows Removed by Filter": 43695,"Workers": []},{"Node Type": "Index Only Scan","Parent Relationship": "Inner","Parallel Aware": false,"Async Capable": false,"Scan Direction": "Forward","Index Name": "idx_orders_custkey","Relation Name": "orders","Alias": "orders","Startup Cost": 0.43,"Total Cost": 3.28,"Plan Rows": 17,"Plan Width": 4,"Actual Startup Time": 0.003,"Actual Total Time": 0.003,"Actual Rows": 1,"Actual Loops": 18915,"Index Cond": "(o_custkey = customer.c_custkey)","Rows Removed by Index Recheck": 0,"Heap Fetches": 0,"Workers": []}]}]}]}]}]},"Planning Time": 3.429,"Triggers": [],"Execution Time": 141.032}]
[{"Plan": {"Node Type": "Aggregate","Strategy": "Sorted","Partial Mode": "Finalize","Parallel Aware": false,"Async Capable": false,"Startup Cost": 12972.06,"Total Cost": 13071.37,"Plan Rows": 744,"Plan Width": 72,"Actual Startup Time": 138.223,"Actual Total Time": 141.974,"Actual Rows": 7,"Actual Loops": 1,"Group Key": ["(SUBSTRING(customer.c_phone FROM 1 FOR 2))"],"Plans": [{"Node Type": "Aggregate","Strategy": "Plain","Partial Mode": "Finalize","Parent Relationship": "InitPlan","Subplan Name": "InitPlan 1 (returns $1)","Parallel Aware": false,"Async Capable": false,"Startup Cost": 6230.83,"Total Cost": 6230.84,"Plan Rows": 1,"Plan Width": 32,"Actual Startup Time": 62.016,"Actual Total Time": 62.234,"Actual Rows": 1,"Actual Loops": 1,"Plans": [{"Node Type": "Gather","Parent Relationship": "Outer","Parallel Aware": false,"Async Capable": false,"Startup Cost": 6230.61,"Total Cost": 6230.82,"Plan Rows": 2,"Plan Width": 32,"Actual Startup Time": 61.942,"Actual Total Time": 62.221,"Actual Rows": 3,"Actual Loops": 1,"Workers Planned": 2,"Workers Launched": 2,"Single Copy": false,"Plans": [{"Node Type": "Aggregate","Strategy": "Plain","Partial Mode": "Partial","Parent Relationship": "Outer","Parallel Aware": false,"Async Capable": false,"Startup Cost": 5230.61,"Total Cost": 5230.62,"Plan Rows": 1,"Plan Width": 32,"Actual Startup Time": 55.502,"Actual Total Time": 55.504,"Actual Rows": 1,"Actual Loops": 3,"Workers": [],"Plans": [{"Node Type": "Seq Scan","Parent Relationship": "Outer","Parallel Aware": true,"Async Capable": false,"Relation Name": "customer","Alias": "customer_1","Startup Cost": 0.00,"Total Cost": 5225.62,"Plan Rows": 1994,"Plan Width": 6,"Actual Startup Time": 0.046,"Actual Total Time": 54.472,"Actual Rows": 12634,"Actual Loops": 3,"Filter": "((c_acctbal > 0.00) AND (SUBSTRING(c_phone FROM 1 FOR 2) = ANY ('{21,25,17,13,28,10,14}'::text[])))","Rows Removed by Filter": 37366,"Workers": []}]}]}]},{"Node Type": "Gather Merge","Parent Relationship": "Outer","Parallel Aware": false,"Async Capable": false,"Startup Cost": 6741.22,"Total Cost": 6821.30,"Plan Rows": 620,"Plan Width": 72,"Actual Startup Time": 138.110,"Actual Total Time": 141.708,"Actual Rows": 21,"Actual Loops": 1,"Workers Planned": 2,"Params Evaluated": ["$1"],"Workers Launched": 2,"Plans": [{"Node Type": "Aggregate","Strategy": "Sorted","Partial Mode": "Partial","Parent Relationship": "Outer","Parallel Aware": false,"Async Capable": false,"Startup Cost": 5741.19,"Total Cost": 5749.72,"Plan Rows": 310,"Plan Width": 72,"Actual Startup Time": 69.340,"Actual Total Time": 69.642,"Actual Rows": 7,"Actual Loops": 3,"Group Key": ["(SUBSTRING(customer.c_phone FROM 1 FOR 2))"],"Workers": [],"Plans": [{"Node Type": "Sort","Parent Relationship": "Outer","Parallel Aware": false,"Async Capable": false,"Startup Cost": 5741.19,"Total Cost": 5741.97,"Plan Rows": 310,"Plan Width": 38,"Actual Startup Time": 69.273,"Actual Total Time": 69.356,"Actual Rows": 2114,"Actual Loops": 3,"Sort Key": ["(SUBSTRING(customer.c_phone FROM 1 FOR 2))"],"Sort Method": "quicksort","Sort Space Used": 233,"Sort Space Type": "Memory","Workers": [{"Worker Number": 0,"Sort Method": "quicksort","Sort Space Used": 153,"Sort Space Type": "Memory"},{"Worker Number": 1,"Sort Method": "quicksort","Sort Space Used": 154,"Sort Space Type": "Memory"}],"Plans": [{"Node Type": "Nested Loop","Parent Relationship": "Outer","Parallel Aware": false,"Async Capable": false,"Join Type": "Anti","Startup Cost": 0.43,"Total Cost": 5728.36,"Plan Rows": 310,"Plan Width": 38,"Actual Startup Time": 0.131,"Actual Total Time": 68.497,"Actual Rows": 2114,"Actual Loops": 3,"Inner Unique": false,"Workers": [],"Plans": [{"Node Type": "Seq Scan","Parent Relationship": "Outer","Parallel Aware": true,"Async Capable": false,"Relation Name": "customer","Alias": "customer","Startup Cost": 0.00,"Total Cost": 5225.62,"Plan Rows": 729,"Plan Width": 26,"Actual Startup Time": 0.030,"Actual Total Time": 45.248,"Actual Rows": 6279,"Actual Loops": 3,"Filter": "((c_acctbal > $1) AND (SUBSTRING(c_phone FROM 1 FOR 2) = ANY ('{21,25,17,13,28,10,14}'::text[])))","Rows Removed by Filter": 43721,"Workers": []},{"Node Type": "Index Only Scan","Parent Relationship": "Inner","Parallel Aware": false,"Async Capable": false,"Scan Direction": "Forward","Index Name": "idx_orders_custkey","Relation Name": "orders","Alias": "orders","Startup Cost": 0.43,"Total Cost": 3.28,"Plan Rows": 17,"Plan Width": 4,"Actual Startup Time": 0.003,"Actual Total Time": 0.003,"Actual Rows": 1,"Actual Loops": 18836,"Index Cond": "(o_custkey = customer.c_custkey)","Rows Removed by Index Recheck": 0,"Heap Fetches": 0,"Workers": []}]}]}]}]}]},"Planning Time": 3.772,"Triggers": [],"Execution Time": 142.339}]
[{"Plan": {"Node Type": "Aggregate","Strategy": "Sorted","Partial Mode": "Finalize","Parallel Aware": false,"Async Capable": false,"Startup Cost": 12972.06,"Total Cost": 13071.37,"Plan Rows": 744,"Plan Width": 72,"Actual Startup Time": 140.609,"Actual Total Time": 143.963,"Actual Rows": 7,"Actual Loops": 1,"Group Key": ["(SUBSTRING(customer.c_phone FROM 1 FOR 2))"],"Plans": [{"Node Type": "Aggregate","Strategy": "Plain","Partial Mode": "Finalize","Parent Relationship": "InitPlan","Subplan Name": "InitPlan 1 (returns $1)","Parallel Aware": false,"Async Capable": false,"Startup Cost": 6230.83,"Total Cost": 6230.84,"Plan Rows": 1,"Plan Width": 32,"Actual Startup Time": 62.333,"Actual Total Time": 62.485,"Actual Rows": 1,"Actual Loops": 1,"Plans": [{"Node Type": "Gather","Parent Relationship": "Outer","Parallel Aware": false,"Async Capable": false,"Startup Cost": 6230.61,"Total Cost": 6230.82,"Plan Rows": 2,"Plan Width": 32,"Actual Startup Time": 62.261,"Actual Total Time": 62.472,"Actual Rows": 3,"Actual Loops": 1,"Workers Planned": 2,"Workers Launched": 2,"Single Copy": false,"Plans": [{"Node Type": "Aggregate","Strategy": "Plain","Partial Mode": "Partial","Parent Relationship": "Outer","Parallel Aware": false,"Async Capable": false,"Startup Cost": 5230.61,"Total Cost": 5230.62,"Plan Rows": 1,"Plan Width": 32,"Actual Startup Time": 56.553,"Actual Total Time": 56.555,"Actual Rows": 1,"Actual Loops": 3,"Workers": [],"Plans": [{"Node Type": "Seq Scan","Parent Relationship": "Outer","Parallel Aware": true,"Async Capable": false,"Relation Name": "customer","Alias": "customer_1","Startup Cost": 0.00,"Total Cost": 5225.62,"Plan Rows": 1994,"Plan Width": 6,"Actual Startup Time": 0.051,"Actual Total Time": 55.448,"Actual Rows": 12756,"Actual Loops": 3,"Filter": "((c_acctbal > 0.00) AND (SUBSTRING(c_phone FROM 1 FOR 2) = ANY ('{18,16,23,26,24,31,22}'::text[])))","Rows Removed by Filter": 37244,"Workers": []}]}]}]},{"Node Type": "Gather Merge","Parent Relationship": "Outer","Parallel Aware": false,"Async Capable": false,"Startup Cost": 6741.22,"Total Cost": 6821.30,"Plan Rows": 620,"Plan Width": 72,"Actual Startup Time": 140.465,"Actual Total Time": 143.748,"Actual Rows": 21,"Actual Loops": 1,"Workers Planned": 2,"Params Evaluated": ["$1"],"Workers Launched": 2,"Plans": [{"Node Type": "Aggregate","Strategy": "Sorted","Partial Mode": "Partial","Parent Relationship": "Outer","Parallel Aware": false,"Async Capable": false,"Startup Cost": 5741.19,"Total Cost": 5749.72,"Plan Rows": 310,"Plan Width": 72,"Actual Startup Time": 71.559,"Actual Total Time": 71.860,"Actual Rows": 7,"Actual Loops": 3,"Group Key": ["(SUBSTRING(customer.c_phone FROM 1 FOR 2))"],"Workers": [],"Plans": [{"Node Type": "Sort","Parent Relationship": "Outer","Parallel Aware": false,"Async Capable": false,"Startup Cost": 5741.19,"Total Cost": 5741.97,"Plan Rows": 310,"Plan Width": 38,"Actual Startup Time": 71.495,"Actual Total Time": 71.578,"Actual Rows": 2110,"Actual Loops": 3,"Sort Key": ["(SUBSTRING(customer.c_phone FROM 1 FOR 2))"],"Sort Method": "quicksort","Sort Space Used": 232,"Sort Space Type": "Memory","Workers": [{"Worker Number": 0,"Sort Method": "quicksort","Sort Space Used": 154,"Sort Space Type": "Memory"},{"Worker Number": 1,"Sort Method": "quicksort","Sort Space Used": 153,"Sort Space Type": "Memory"}],"Plans": [{"Node Type": "Nested Loop","Parent Relationship": "Outer","Parallel Aware": false,"Async Capable": false,"Join Type": "Anti","Startup Cost": 0.43,"Total Cost": 5728.36,"Plan Rows": 310,"Plan Width": 38,"Actual Startup Time": 0.154,"Actual Total Time": 70.687,"Actual Rows": 2110,"Actual Loops": 3,"Inner Unique": false,"Workers": [],"Plans": [{"Node Type": "Seq Scan","Parent Relationship": "Outer","Parallel Aware": true,"Async Capable": false,"Relation Name": "customer","Alias": "customer","Startup Cost": 0.00,"Total Cost": 5225.62,"Plan Rows": 729,"Plan Width": 26,"Actual Startup Time": 0.038,"Actual Total Time": 46.639,"Actual Rows": 6393,"Actual Loops": 3,"Filter": "((c_acctbal > $1) AND (SUBSTRING(c_phone FROM 1 FOR 2) = ANY ('{18,16,23,26,24,31,22}'::text[])))","Rows Removed by Filter": 43607,"Workers": []},{"Node Type": "Index Only Scan","Parent Relationship": "Inner","Parallel Aware": false,"Async Capable": false,"Scan Direction": "Forward","Index Name": "idx_orders_custkey","Relation Name": "orders","Alias": "orders","Startup Cost": 0.43,"Total Cost": 3.28,"Plan Rows": 17,"Plan Width": 4,"Actual Startup Time": 0.003,"Actual Total Time": 0.003,"Actual Rows": 1,"Actual Loops": 19178,"Index Cond": "(o_custkey = customer.c_custkey)","Rows Removed by Index Recheck": 0,"Heap Fetches": 0,"Workers": []}]}]}]}]}]},"Planning Time": 3.614,"Triggers": [],"Execution Time": 144.283}]
[{"Plan": {"Node Type": "Aggregate","Strategy": "Sorted","Partial Mode": "Finalize","Parallel Aware": false,"Async Capable": false,"Startup Cost": 12972.06,"Total Cost": 13071.37,"Plan Rows": 744,"Plan Width": 72,"Actual Startup Time": 138.225,"Actual Total Time": 141.654,"Actual Rows": 7,"Actual Loops": 1,"Group Key": ["(SUBSTRING(customer.c_phone FROM 1 FOR 2))"],"Plans": [{"Node Type": "Aggregate","Strategy": "Plain","Partial Mode": "Finalize","Parent Relationship": "InitPlan","Subplan Name": "InitPlan 1 (returns $1)","Parallel Aware": false,"Async Capable": false,"Startup Cost": 6230.83,"Total Cost": 6230.84,"Plan Rows": 1,"Plan Width": 32,"Actual Startup Time": 61.835,"Actual Total Time": 62.000,"Actual Rows": 1,"Actual Loops": 1,"Plans": [{"Node Type": "Gather","Parent Relationship": "Outer","Parallel Aware": false,"Async Capable": false,"Startup Cost": 6230.61,"Total Cost": 6230.82,"Plan Rows": 2,"Plan Width": 32,"Actual Startup Time": 61.707,"Actual Total Time": 61.975,"Actual Rows": 3,"Actual Loops": 1,"Workers Planned": 2,"Workers Launched": 2,"Single Copy": false,"Plans": [{"Node Type": "Aggregate","Strategy": "Plain","Partial Mode": "Partial","Parent Relationship": "Outer","Parallel Aware": false,"Async Capable": false,"Startup Cost": 5230.61,"Total Cost": 5230.62,"Plan Rows": 1,"Plan Width": 32,"Actual Startup Time": 55.222,"Actual Total Time": 55.223,"Actual Rows": 1,"Actual Loops": 3,"Workers": [],"Plans": [{"Node Type": "Seq Scan","Parent Relationship": "Outer","Parallel Aware": true,"Async Capable": false,"Relation Name": "customer","Alias": "customer_1","Startup Cost": 0.00,"Total Cost": 5225.62,"Plan Rows": 1994,"Plan Width": 6,"Actual Startup Time": 0.052,"Actual Total Time": 54.184,"Actual Rows": 12687,"Actual Loops": 3,"Filter": "((c_acctbal > 0.00) AND (SUBSTRING(c_phone FROM 1 FOR 2) = ANY ('{10,20,27,14,23,11,24}'::text[])))","Rows Removed by Filter": 37313,"Workers": []}]}]}]},{"Node Type": "Gather Merge","Parent Relationship": "Outer","Parallel Aware": false,"Async Capable": false,"Startup Cost": 6741.22,"Total Cost": 6821.30,"Plan Rows": 620,"Plan Width": 72,"Actual Startup Time": 138.105,"Actual Total Time": 141.434,"Actual Rows": 21,"Actual Loops": 1,"Workers Planned": 2,"Params Evaluated": ["$1"],"Workers Launched": 2,"Plans": [{"Node Type": "Aggregate","Strategy": "Sorted","Partial Mode": "Partial","Parent Relationship": "Outer","Parallel Aware": false,"Async Capable": false,"Startup Cost": 5741.19,"Total Cost": 5749.72,"Plan Rows": 310,"Plan Width": 72,"Actual Startup Time": 69.377,"Actual Total Time": 69.677,"Actual Rows": 7,"Actual Loops": 3,"Group Key": ["(SUBSTRING(customer.c_phone FROM 1 FOR 2))"],"Workers": [],"Plans": [{"Node Type": "Sort","Parent Relationship": "Outer","Parallel Aware": false,"Async Capable": false,"Startup Cost": 5741.19,"Total Cost": 5741.97,"Plan Rows": 310,"Plan Width": 38,"Actual Startup Time": 69.308,"Actual Total Time": 69.388,"Actual Rows": 2119,"Actual Loops": 3,"Sort Key": ["(SUBSTRING(customer.c_phone FROM 1 FOR 2))"],"Sort Method": "quicksort","Sort Space Used": 234,"Sort Space Type": "Memory","Workers": [{"Worker Number": 0,"Sort Method": "quicksort","Sort Space Used": 151,"Sort Space Type": "Memory"},{"Worker Number": 1,"Sort Method": "quicksort","Sort Space Used": 155,"Sort Space Type": "Memory"}],"Plans": [{"Node Type": "Nested Loop","Parent Relationship": "Outer","Parallel Aware": false,"Async Capable": false,"Join Type": "Anti","Startup Cost": 0.43,"Total Cost": 5728.36,"Plan Rows": 310,"Plan Width": 38,"Actual Startup Time": 0.140,"Actual Total Time": 68.509,"Actual Rows": 2119,"Actual Loops": 3,"Inner Unique": false,"Workers": [],"Plans": [{"Node Type": "Seq Scan","Parent Relationship": "Outer","Parallel Aware": true,"Async Capable": false,"Relation Name": "customer","Alias": "customer","Startup Cost": 0.00,"Total Cost": 5225.62,"Plan Rows": 729,"Plan Width": 26,"Actual Startup Time": 0.036,"Actual Total Time": 45.287,"Actual Rows": 6321,"Actual Loops": 3,"Filter": "((c_acctbal > $1) AND (SUBSTRING(c_phone FROM 1 FOR 2) = ANY ('{10,20,27,14,23,11,24}'::text[])))","Rows Removed by Filter": 43679,"Workers": []},{"Node Type": "Index Only Scan","Parent Relationship": "Inner","Parallel Aware": false,"Async Capable": false,"Scan Direction": "Forward","Index Name": "idx_orders_custkey","Relation Name": "orders","Alias": "orders","Startup Cost": 0.43,"Total Cost": 3.28,"Plan Rows": 17,"Plan Width": 4,"Actual Startup Time": 0.003,"Actual Total Time": 0.003,"Actual Rows": 1,"Actual Loops": 18964,"Index Cond": "(o_custkey = customer.c_custkey)","Rows Removed by Index Recheck": 0,"Heap Fetches": 0,"Workers": []}]}]}]}]}]},"Planning Time": 4.291,"Triggers": [],"Execution Time": 141.992}]
[{"Plan": {"Node Type": "Aggregate","Strategy": "Sorted","Partial Mode": "Finalize","Parallel Aware": false,"Async Capable": false,"Startup Cost": 12972.06,"Total Cost": 13071.37,"Plan Rows": 744,"Plan Width": 72,"Actual Startup Time": 131.489,"Actual Total Time": 135.431,"Actual Rows": 7,"Actual Loops": 1,"Group Key": ["(SUBSTRING(customer.c_phone FROM 1 FOR 2))"],"Plans": [{"Node Type": "Aggregate","Strategy": "Plain","Partial Mode": "Finalize","Parent Relationship": "InitPlan","Subplan Name": "InitPlan 1 (returns $1)","Parallel Aware": false,"Async Capable": false,"Startup Cost": 6230.83,"Total Cost": 6230.84,"Plan Rows": 1,"Plan Width": 32,"Actual Startup Time": 60.283,"Actual Total Time": 60.556,"Actual Rows": 1,"Actual Loops": 1,"Plans": [{"Node Type": "Gather","Parent Relationship": "Outer","Parallel Aware": false,"Async Capable": false,"Startup Cost": 6230.61,"Total Cost": 6230.82,"Plan Rows": 2,"Plan Width": 32,"Actual Startup Time": 60.163,"Actual Total Time": 60.535,"Actual Rows": 3,"Actual Loops": 1,"Workers Planned": 2,"Workers Launched": 2,"Single Copy": false,"Plans": [{"Node Type": "Aggregate","Strategy": "Plain","Partial Mode": "Partial","Parent Relationship": "Outer","Parallel Aware": false,"Async Capable": false,"Startup Cost": 5230.61,"Total Cost": 5230.62,"Plan Rows": 1,"Plan Width": 32,"Actual Startup Time": 53.715,"Actual Total Time": 53.717,"Actual Rows": 1,"Actual Loops": 3,"Workers": [],"Plans": [{"Node Type": "Seq Scan","Parent Relationship": "Outer","Parallel Aware": true,"Async Capable": false,"Relation Name": "customer","Alias": "customer_1","Startup Cost": 0.00,"Total Cost": 5225.62,"Plan Rows": 1994,"Plan Width": 6,"Actual Startup Time": 0.052,"Actual Total Time": 52.635,"Actual Rows": 12754,"Actual Loops": 3,"Filter": "((c_acctbal > 0.00) AND (SUBSTRING(c_phone FROM 1 FOR 2) = ANY ('{21,24,12,25,29,14,33}'::text[])))","Rows Removed by Filter": 37246,"Workers": []}]}]}]},{"Node Type": "Gather Merge","Parent Relationship": "Outer","Parallel Aware": false,"Async Capable": false,"Startup Cost": 6741.22,"Total Cost": 6821.30,"Plan Rows": 620,"Plan Width": 72,"Actual Startup Time": 131.384,"Actual Total Time": 135.106,"Actual Rows": 21,"Actual Loops": 1,"Workers Planned": 2,"Params Evaluated": ["$1"],"Workers Launched": 2,"Plans": [{"Node Type": "Aggregate","Strategy": "Sorted","Partial Mode": "Partial","Parent Relationship": "Outer","Parallel Aware": false,"Async Capable": false,"Startup Cost": 5741.19,"Total Cost": 5749.72,"Plan Rows": 310,"Plan Width": 72,"Actual Startup Time": 64.239,"Actual Total Time": 64.557,"Actual Rows": 7,"Actual Loops": 3,"Group Key": ["(SUBSTRING(customer.c_phone FROM 1 FOR 2))"],"Workers": [],"Plans": [{"Node Type": "Sort","Parent Relationship": "Outer","Parallel Aware": false,"Async Capable": false,"Startup Cost": 5741.19,"Total Cost": 5741.97,"Plan Rows": 310,"Plan Width": 38,"Actual Startup Time": 64.160,"Actual Total Time": 64.257,"Actual Rows": 2153,"Actual Loops": 3,"Sort Key": ["(SUBSTRING(customer.c_phone FROM 1 FOR 2))"],"Sort Method": "quicksort","Sort Space Used": 237,"Sort Space Type": "Memory","Workers": [{"Worker Number": 0,"Sort Method": "quicksort","Sort Space Used": 156,"Sort Space Type": "Memory"},{"Worker Number": 1,"Sort Method": "quicksort","Sort Space Used": 154,"Sort Space Type": "Memory"}],"Plans": [{"Node Type": "Nested Loop","Parent Relationship": "Outer","Parallel Aware": false,"Async Capable": false,"Join Type": "Anti","Startup Cost": 0.43,"Total Cost": 5728.36,"Plan Rows": 310,"Plan Width": 38,"Actual Startup Time": 0.136,"Actual Total Time": 63.330,"Actual Rows": 2153,"Actual Loops": 3,"Inner Unique": false,"Workers": [],"Plans": [{"Node Type": "Seq Scan","Parent Relationship": "Outer","Parallel Aware": true,"Async Capable": false,"Relation Name": "customer","Alias": "customer","Startup Cost": 0.00,"Total Cost": 5225.62,"Plan Rows": 729,"Plan Width": 26,"Actual Startup Time": 0.025,"Actual Total Time": 42.568,"Actual Rows": 6377,"Actual Loops": 3,"Filter": "((c_acctbal > $1) AND (SUBSTRING(c_phone FROM 1 FOR 2) = ANY ('{21,24,12,25,29,14,33}'::text[])))","Rows Removed by Filter": 43623,"Workers": []},{"Node Type": "Index Only Scan","Parent Relationship": "Inner","Parallel Aware": false,"Async Capable": false,"Scan Direction": "Forward","Index Name": "idx_orders_custkey","Relation Name": "orders","Alias": "orders","Startup Cost": 0.43,"Total Cost": 3.28,"Plan Rows": 17,"Plan Width": 4,"Actual Startup Time": 0.003,"Actual Total Time": 0.003,"Actual Rows": 1,"Actual Loops": 19131,"Index Cond": "(o_custkey = customer.c_custkey)","Rows Removed by Index Recheck": 0,"Heap Fetches": 0,"Workers": []}]}]}]}]}]},"Planning Time": 4.065,"Triggers": [],"Execution Time": 135.771}]
[{"Plan": {"Node Type": "Aggregate","Strategy": "Sorted","Partial Mode": "Finalize","Parallel Aware": false,"Async Capable": false,"Startup Cost": 12972.06,"Total Cost": 13071.37,"Plan Rows": 744,"Plan Width": 72,"Actual Startup Time": 134.830,"Actual Total Time": 138.469,"Actual Rows": 7,"Actual Loops": 1,"Group Key": ["(SUBSTRING(customer.c_phone FROM 1 FOR 2))"],"Plans": [{"Node Type": "Aggregate","Strategy": "Plain","Partial Mode": "Finalize","Parent Relationship": "InitPlan","Subplan Name": "InitPlan 1 (returns $1)","Parallel Aware": false,"Async Capable": false,"Startup Cost": 6230.83,"Total Cost": 6230.84,"Plan Rows": 1,"Plan Width": 32,"Actual Startup Time": 61.946,"Actual Total Time": 62.152,"Actual Rows": 1,"Actual Loops": 1,"Plans": [{"Node Type": "Gather","Parent Relationship": "Outer","Parallel Aware": false,"Async Capable": false,"Startup Cost": 6230.61,"Total Cost": 6230.82,"Plan Rows": 2,"Plan Width": 32,"Actual Startup Time": 61.862,"Actual Total Time": 62.139,"Actual Rows": 3,"Actual Loops": 1,"Workers Planned": 2,"Workers Launched": 2,"Single Copy": false,"Plans": [{"Node Type": "Aggregate","Strategy": "Plain","Partial Mode": "Partial","Parent Relationship": "Outer","Parallel Aware": false,"Async Capable": false,"Startup Cost": 5230.61,"Total Cost": 5230.62,"Plan Rows": 1,"Plan Width": 32,"Actual Startup Time": 55.479,"Actual Total Time": 55.482,"Actual Rows": 1,"Actual Loops": 3,"Workers": [],"Plans": [{"Node Type": "Seq Scan","Parent Relationship": "Outer","Parallel Aware": true,"Async Capable": false,"Relation Name": "customer","Alias": "customer_1","Startup Cost": 0.00,"Total Cost": 5225.62,"Plan Rows": 1994,"Plan Width": 6,"Actual Startup Time": 0.061,"Actual Total Time": 54.435,"Actual Rows": 12650,"Actual Loops": 3,"Filter": "((c_acctbal > 0.00) AND (SUBSTRING(c_phone FROM 1 FOR 2) = ANY ('{10,30,29,33,15,17,12}'::text[])))","Rows Removed by Filter": 37350,"Workers": []}]}]}]},{"Node Type": "Gather Merge","Parent Relationship": "Outer","Parallel Aware": false,"Async Capable": false,"Startup Cost": 6741.22,"Total Cost": 6821.30,"Plan Rows": 620,"Plan Width": 72,"Actual Startup Time": 134.740,"Actual Total Time": 138.220,"Actual Rows": 21,"Actual Loops": 1,"Workers Planned": 2,"Params Evaluated": ["$1"],"Workers Launched": 2,"Plans": [{"Node Type": "Aggregate","Strategy": "Sorted","Partial Mode": "Partial","Parent Relationship": "Outer","Parallel Aware": false,"Async Capable": false,"Startup Cost": 5741.19,"Total Cost": 5749.72,"Plan Rows": 310,"Plan Width": 72,"Actual Startup Time": 66.067,"Actual Total Time": 66.369,"Actual Rows": 7,"Actual Loops": 3,"Group Key": ["(SUBSTRING(customer.c_phone FROM 1 FOR 2))"],"Workers": [],"Plans": [{"Node Type": "Sort","Parent Relationship": "Outer","Parallel Aware": false,"Async Capable": false,"Startup Cost": 5741.19,"Total Cost": 5741.97,"Plan Rows": 310,"Plan Width": 38,"Actual Startup Time": 65.983,"Actual Total Time": 66.063,"Actual Rows": 2106,"Actual Loops": 3,"Sort Key": ["(SUBSTRING(customer.c_phone FROM 1 FOR 2))"],"Sort Method": "quicksort","Sort Space Used": 232,"Sort Space Type": "Memory","Workers": [{"Worker Number": 0,"Sort Method": "quicksort","Sort Space Used": 153,"Sort Space Type": "Memory"},{"Worker Number": 1,"Sort Method": "quicksort","Sort Space Used": 153,"Sort Space Type": "Memory"}],"Plans": [{"Node Type": "Nested Loop","Parent Relationship": "Outer","Parallel Aware": false,"Async Capable": false,"Join Type": "Anti","Startup Cost": 0.43,"Total Cost": 5728.36,"Plan Rows": 310,"Plan Width": 38,"Actual Startup Time": 0.192,"Actual Total Time": 65.204,"Actual Rows": 2106,"Actual Loops": 3,"Inner Unique": false,"Workers": [],"Plans": [{"Node Type": "Seq Scan","Parent Relationship": "Outer","Parallel Aware": true,"Async Capable": false,"Relation Name": "customer","Alias": "customer","Startup Cost": 0.00,"Total Cost": 5225.62,"Plan Rows": 729,"Plan Width": 26,"Actual Startup Time": 0.028,"Actual Total Time": 44.231,"Actual Rows": 6291,"Actual Loops": 3,"Filter": "((c_acctbal > $1) AND (SUBSTRING(c_phone FROM 1 FOR 2) = ANY ('{10,30,29,33,15,17,12}'::text[])))","Rows Removed by Filter": 43709,"Workers": []},{"Node Type": "Index Only Scan","Parent Relationship": "Inner","Parallel Aware": false,"Async Capable": false,"Scan Direction": "Forward","Index Name": "idx_orders_custkey","Relation Name": "orders","Alias": "orders","Startup Cost": 0.43,"Total Cost": 3.28,"Plan Rows": 17,"Plan Width": 4,"Actual Startup Time": 0.003,"Actual Total Time": 0.003,"Actual Rows": 1,"Actual Loops": 18873,"Index Cond": "(o_custkey = customer.c_custkey)","Rows Removed by Index Recheck": 0,"Heap Fetches": 0,"Workers": []}]}]}]}]}]},"Planning Time": 4.849,"Triggers": [],"Execution Time": 138.861}]
[{"Plan": {"Node Type": "Aggregate","Strategy": "Sorted","Partial Mode": "Finalize","Parallel Aware": false,"Async Capable": false,"Startup Cost": 12972.06,"Total Cost": 13071.37,"Plan Rows": 744,"Plan Width": 72,"Actual Startup Time": 138.639,"Actual Total Time": 142.186,"Actual Rows": 7,"Actual Loops": 1,"Group Key": ["(SUBSTRING(customer.c_phone FROM 1 FOR 2))"],"Plans": [{"Node Type": "Aggregate","Strategy": "Plain","Partial Mode": "Finalize","Parent Relationship": "InitPlan","Subplan Name": "InitPlan 1 (returns $1)","Parallel Aware": false,"Async Capable": false,"Startup Cost": 6230.83,"Total Cost": 6230.84,"Plan Rows": 1,"Plan Width": 32,"Actual Startup Time": 60.253,"Actual Total Time": 60.413,"Actual Rows": 1,"Actual Loops": 1,"Plans": [{"Node Type": "Gather","Parent Relationship": "Outer","Parallel Aware": false,"Async Capable": false,"Startup Cost": 6230.61,"Total Cost": 6230.82,"Plan Rows": 2,"Plan Width": 32,"Actual Startup Time": 60.177,"Actual Total Time": 60.402,"Actual Rows": 3,"Actual Loops": 1,"Workers Planned": 2,"Workers Launched": 2,"Single Copy": false,"Plans": [{"Node Type": "Aggregate","Strategy": "Plain","Partial Mode": "Partial","Parent Relationship": "Outer","Parallel Aware": false,"Async Capable": false,"Startup Cost": 5230.61,"Total Cost": 5230.62,"Plan Rows": 1,"Plan Width": 32,"Actual Startup Time": 54.129,"Actual Total Time": 54.131,"Actual Rows": 1,"Actual Loops": 3,"Workers": [],"Plans": [{"Node Type": "Seq Scan","Parent Relationship": "Outer","Parallel Aware": true,"Async Capable": false,"Relation Name": "customer","Alias": "customer_1","Startup Cost": 0.00,"Total Cost": 5225.62,"Plan Rows": 1994,"Plan Width": 6,"Actual Startup Time": 0.056,"Actual Total Time": 53.006,"Actual Rows": 12703,"Actual Loops": 3,"Filter": "((c_acctbal > 0.00) AND (SUBSTRING(c_phone FROM 1 FOR 2) = ANY ('{33,27,17,12,25,32,22}'::text[])))","Rows Removed by Filter": 37297,"Workers": []}]}]}]},{"Node Type": "Gather Merge","Parent Relationship": "Outer","Parallel Aware": false,"Async Capable": false,"Startup Cost": 6741.22,"Total Cost": 6821.30,"Plan Rows": 620,"Plan Width": 72,"Actual Startup Time": 138.522,"Actual Total Time": 141.972,"Actual Rows": 21,"Actual Loops": 1,"Workers Planned": 2,"Params Evaluated": ["$1"],"Workers Launched": 2,"Plans": [{"Node Type": "Aggregate","Strategy": "Sorted","Partial Mode": "Partial","Parent Relationship": "Outer","Parallel Aware": false,"Async Capable": false,"Startup Cost": 5741.19,"Total Cost": 5749.72,"Plan Rows": 310,"Plan Width": 72,"Actual Startup Time": 71.496,"Actual Total Time": 71.793,"Actual Rows": 7,"Actual Loops": 3,"Group Key": ["(SUBSTRING(customer.c_phone FROM 1 FOR 2))"],"Workers": [],"Plans": [{"Node Type": "Sort","Parent Relationship": "Outer","Parallel Aware": false,"Async Capable": false,"Startup Cost": 5741.19,"Total Cost": 5741.97,"Plan Rows": 310,"Plan Width": 38,"Actual Startup Time": 71.429,"Actual Total Time": 71.509,"Actual Rows": 2088,"Actual Loops": 3,"Sort Key": ["(SUBSTRING(customer.c_phone FROM 1 FOR 2))"],"Sort Method": "quicksort","Sort Space Used": 234,"Sort Space Type": "Memory","Workers": [{"Worker Number": 0,"Sort Method": "quicksort","Sort Space Used": 147,"Sort Space Type": "Memory"},{"Worker Number": 1,"Sort Method": "quicksort","Sort Space Used": 154,"Sort Space Type": "Memory"}],"Plans": [{"Node Type": "Nested Loop","Parent Relationship": "Outer","Parallel Aware": false,"Async Capable": false,"Join Type": "Anti","Startup Cost": 0.43,"Total Cost": 5728.36,"Plan Rows": 310,"Plan Width": 38,"Actual Startup Time": 0.167,"Actual Total Time": 70.585,"Actual Rows": 2088,"Actual Loops": 3,"Inner Unique": false,"Workers": [],"Plans": [{"Node Type": "Seq Scan","Parent Relationship": "Outer","Parallel Aware": true,"Async Capable": false,"Relation Name": "customer","Alias": "customer","Startup Cost": 0.00,"Total Cost": 5225.62,"Plan Rows": 729,"Plan Width": 26,"Actual Startup Time": 0.048,"Actual Total Time": 46.436,"Actual Rows": 6319,"Actual Loops": 3,"Filter": "((c_acctbal > $1) AND (SUBSTRING(c_phone FROM 1 FOR 2) = ANY ('{33,27,17,12,25,32,22}'::text[])))","Rows Removed by Filter": 43681,"Workers": []},{"Node Type": "Index Only Scan","Parent Relationship": "Inner","Parallel Aware": false,"Async Capable": false,"Scan Direction": "Forward","Index Name": "idx_orders_custkey","Relation Name": "orders","Alias": "orders","Startup Cost": 0.43,"Total Cost": 3.28,"Plan Rows": 17,"Plan Width": 4,"Actual Startup Time": 0.003,"Actual Total Time": 0.003,"Actual Rows": 1,"Actual Loops": 18958,"Index Cond": "(o_custkey = customer.c_custkey)","Rows Removed by Index Recheck": 0,"Heap Fetches": 0,"Workers": []}]}]}]}]}]},"Planning Time": 4.662,"Triggers": [],"Execution Time": 142.479}]
[{"Plan": {"Node Type": "Aggregate","Strategy": "Sorted","Partial Mode": "Finalize","Parallel Aware": false,"Async Capable": false,"Startup Cost": 12972.06,"Total Cost": 13071.37,"Plan Rows": 744,"Plan Width": 72,"Actual Startup Time": 138.026,"Actual Total Time": 141.815,"Actual Rows": 7,"Actual Loops": 1,"Group Key": ["(SUBSTRING(customer.c_phone FROM 1 FOR 2))"],"Plans": [{"Node Type": "Aggregate","Strategy": "Plain","Partial Mode": "Finalize","Parent Relationship": "InitPlan","Subplan Name": "InitPlan 1 (returns $1)","Parallel Aware": false,"Async Capable": false,"Startup Cost": 6230.83,"Total Cost": 6230.84,"Plan Rows": 1,"Plan Width": 32,"Actual Startup Time": 62.280,"Actual Total Time": 62.482,"Actual Rows": 1,"Actual Loops": 1,"Plans": [{"Node Type": "Gather","Parent Relationship": "Outer","Parallel Aware": false,"Async Capable": false,"Startup Cost": 6230.61,"Total Cost": 6230.82,"Plan Rows": 2,"Plan Width": 32,"Actual Startup Time": 62.176,"Actual Total Time": 62.464,"Actual Rows": 3,"Actual Loops": 1,"Workers Planned": 2,"Workers Launched": 2,"Single Copy": false,"Plans": [{"Node Type": "Aggregate","Strategy": "Plain","Partial Mode": "Partial","Parent Relationship": "Outer","Parallel Aware": false,"Async Capable": false,"Startup Cost": 5230.61,"Total Cost": 5230.62,"Plan Rows": 1,"Plan Width": 32,"Actual Startup Time": 55.659,"Actual Total Time": 55.661,"Actual Rows": 1,"Actual Loops": 3,"Workers": [],"Plans": [{"Node Type": "Seq Scan","Parent Relationship": "Outer","Parallel Aware": true,"Async Capable": false,"Relation Name": "customer","Alias": "customer_1","Startup Cost": 0.00,"Total Cost": 5225.62,"Plan Rows": 1994,"Plan Width": 6,"Actual Startup Time": 0.052,"Actual Total Time": 54.614,"Actual Rows": 12681,"Actual Loops": 3,"Filter": "((c_acctbal > 0.00) AND (SUBSTRING(c_phone FROM 1 FOR 2) = ANY ('{14,34,15,27,25,33,13}'::text[])))","Rows Removed by Filter": 37319,"Workers": []}]}]}]},{"Node Type": "Gather Merge","Parent Relationship": "Outer","Parallel Aware": false,"Async Capable": false,"Startup Cost": 6741.22,"Total Cost": 6821.30,"Plan Rows": 620,"Plan Width": 72,"Actual Startup Time": 137.906,"Actual Total Time": 141.565,"Actual Rows": 21,"Actual Loops": 1,"Workers Planned": 2,"Params Evaluated": ["$1"],"Workers Launched": 2,"Plans": [{"Node Type": "Aggregate","Strategy": "Sorted","Partial Mode": "Partial","Parent Relationship": "Outer","Parallel Aware": false,"Async Capable": false,"Startup Cost": 5741.19,"Total Cost": 5749.72,"Plan Rows": 310,"Plan Width": 72,"Actual Startup Time": 68.951,"Actual Total Time": 69.252,"Actual Rows": 7,"Actual Loops": 3,"Group Key": ["(SUBSTRING(customer.c_phone FROM 1 FOR 2))"],"Workers": [],"Plans": [{"Node Type": "Sort","Parent Relationship": "Outer","Parallel Aware": false,"Async Capable": false,"Startup Cost": 5741.19,"Total Cost": 5741.97,"Plan Rows": 310,"Plan Width": 38,"Actual Startup Time": 68.880,"Actual Total Time": 68.960,"Actual Rows": 2127,"Actual Loops": 3,"Sort Key": ["(SUBSTRING(customer.c_phone FROM 1 FOR 2))"],"Sort Method": "quicksort","Sort Space Used": 238,"Sort Space Type": "Memory","Workers": [{"Worker Number": 0,"Sort Method": "quicksort","Sort Space Used": 151,"Sort Space Type": "Memory"},{"Worker Number": 1,"Sort Method": "quicksort","Sort Space Used": 153,"Sort Space Type": "Memory"}],"Plans": [{"Node Type": "Nested Loop","Parent Relationship": "Outer","Parallel Aware": false,"Async Capable": false,"Join Type": "Anti","Startup Cost": 0.43,"Total Cost": 5728.36,"Plan Rows": 310,"Plan Width": 38,"Actual Startup Time": 0.151,"Actual Total Time": 68.099,"Actual Rows": 2127,"Actual Loops": 3,"Inner Unique": false,"Workers": [],"Plans": [{"Node Type": "Seq Scan","Parent Relationship": "Outer","Parallel Aware": true,"Async Capable": false,"Relation Name": "customer","Alias": "customer","Startup Cost": 0.00,"Total Cost": 5225.62,"Plan Rows": 729,"Plan Width": 26,"Actual Startup Time": 0.047,"Actual Total Time": 44.747,"Actual Rows": 6312,"Actual Loops": 3,"Filter": "((c_acctbal > $1) AND (SUBSTRING(c_phone FROM 1 FOR 2) = ANY ('{14,34,15,27,25,33,13}'::text[])))","Rows Removed by Filter": 43688,"Workers": []},{"Node Type": "Index Only Scan","Parent Relationship": "Inner","Parallel Aware": false,"Async Capable": false,"Scan Direction": "Forward","Index Name": "idx_orders_custkey","Relation Name": "orders","Alias": "orders","Startup Cost": 0.43,"Total Cost": 3.28,"Plan Rows": 17,"Plan Width": 4,"Actual Startup Time": 0.003,"Actual Total Time": 0.003,"Actual Rows": 1,"Actual Loops": 18937,"Index Cond": "(o_custkey = customer.c_custkey)","Rows Removed by Index Recheck": 0,"Heap Fetches": 0,"Workers": []}]}]}]}]}]},"Planning Time": 3.661,"Triggers": [],"Execution Time": 142.191}]
[{"Plan": {"Node Type": "Aggregate","Strategy": "Sorted","Partial Mode": "Finalize","Parallel Aware": false,"Async Capable": false,"Startup Cost": 12972.06,"Total Cost": 13071.37,"Plan Rows": 744,"Plan Width": 72,"Actual Startup Time": 138.043,"Actual Total Time": 141.673,"Actual Rows": 7,"Actual Loops": 1,"Group Key": ["(SUBSTRING(customer.c_phone FROM 1 FOR 2))"],"Plans": [{"Node Type": "Aggregate","Strategy": "Plain","Partial Mode": "Finalize","Parent Relationship": "InitPlan","Subplan Name": "InitPlan 1 (returns $1)","Parallel Aware": false,"Async Capable": false,"Startup Cost": 6230.83,"Total Cost": 6230.84,"Plan Rows": 1,"Plan Width": 32,"Actual Startup Time": 62.690,"Actual Total Time": 62.884,"Actual Rows": 1,"Actual Loops": 1,"Plans": [{"Node Type": "Gather","Parent Relationship": "Outer","Parallel Aware": false,"Async Capable": false,"Startup Cost": 6230.61,"Total Cost": 6230.82,"Plan Rows": 2,"Plan Width": 32,"Actual Startup Time": 62.582,"Actual Total Time": 62.863,"Actual Rows": 3,"Actual Loops": 1,"Workers Planned": 2,"Workers Launched": 2,"Single Copy": false,"Plans": [{"Node Type": "Aggregate","Strategy": "Plain","Partial Mode": "Partial","Parent Relationship": "Outer","Parallel Aware": false,"Async Capable": false,"Startup Cost": 5230.61,"Total Cost": 5230.62,"Plan Rows": 1,"Plan Width": 32,"Actual Startup Time": 56.020,"Actual Total Time": 56.022,"Actual Rows": 1,"Actual Loops": 3,"Workers": [],"Plans": [{"Node Type": "Seq Scan","Parent Relationship": "Outer","Parallel Aware": true,"Async Capable": false,"Relation Name": "customer","Alias": "customer_1","Startup Cost": 0.00,"Total Cost": 5225.62,"Plan Rows": 1994,"Plan Width": 6,"Actual Startup Time": 0.050,"Actual Total Time": 54.916,"Actual Rows": 12767,"Actual Loops": 3,"Filter": "((c_acctbal > 0.00) AND (SUBSTRING(c_phone FROM 1 FOR 2) = ANY ('{23,26,28,19,10,34,18}'::text[])))","Rows Removed by Filter": 37233,"Workers": []}]}]}]},{"Node Type": "Gather Merge","Parent Relationship": "Outer","Parallel Aware": false,"Async Capable": false,"Startup Cost": 6741.22,"Total Cost": 6821.30,"Plan Rows": 620,"Plan Width": 72,"Actual Startup Time": 137.921,"Actual Total Time": 141.426,"Actual Rows": 21,"Actual Loops": 1,"Workers Planned": 2,"Params Evaluated": ["$1"],"Workers Launched": 2,"Plans": [{"Node Type": "Aggregate","Strategy": "Sorted","Partial Mode": "Partial","Parent Relationship": "Outer","Parallel Aware": false,"Async Capable": false,"Startup Cost": 5741.19,"Total Cost": 5749.72,"Plan Rows": 310,"Plan Width": 72,"Actual Startup Time": 68.543,"Actual Total Time": 68.847,"Actual Rows": 7,"Actual Loops": 3,"Group Key": ["(SUBSTRING(customer.c_phone FROM 1 FOR 2))"],"Workers": [],"Plans": [{"Node Type": "Sort","Parent Relationship": "Outer","Parallel Aware": false,"Async Capable": false,"Startup Cost": 5741.19,"Total Cost": 5741.97,"Plan Rows": 310,"Plan Width": 38,"Actual Startup Time": 68.477,"Actual Total Time": 68.559,"Actual Rows": 2140,"Actual Loops": 3,"Sort Key": ["(SUBSTRING(customer.c_phone FROM 1 FOR 2))"],"Sort Method": "quicksort","Sort Space Used": 238,"Sort Space Type": "Memory","Workers": [{"Worker Number": 0,"Sort Method": "quicksort","Sort Space Used": 151,"Sort Space Type": "Memory"},{"Worker Number": 1,"Sort Method": "quicksort","Sort Space Used": 156,"Sort Space Type": "Memory"}],"Plans": [{"Node Type": "Nested Loop","Parent Relationship": "Outer","Parallel Aware": false,"Async Capable": false,"Join Type": "Anti","Startup Cost": 0.43,"Total Cost": 5728.36,"Plan Rows": 310,"Plan Width": 38,"Actual Startup Time": 0.154,"Actual Total Time": 67.674,"Actual Rows": 2140,"Actual Loops": 3,"Inner Unique": false,"Workers": [],"Plans": [{"Node Type": "Seq Scan","Parent Relationship": "Outer","Parallel Aware": true,"Async Capable": false,"Relation Name": "customer","Alias": "customer","Startup Cost": 0.00,"Total Cost": 5225.62,"Plan Rows": 729,"Plan Width": 26,"Actual Startup Time": 0.038,"Actual Total Time": 44.415,"Actual Rows": 6388,"Actual Loops": 3,"Filter": "((c_acctbal > $1) AND (SUBSTRING(c_phone FROM 1 FOR 2) = ANY ('{23,26,28,19,10,34,18}'::text[])))","Rows Removed by Filter": 43612,"Workers": []},{"Node Type": "Index Only Scan","Parent Relationship": "Inner","Parallel Aware": false,"Async Capable": false,"Scan Direction": "Forward","Index Name": "idx_orders_custkey","Relation Name": "orders","Alias": "orders","Startup Cost": 0.43,"Total Cost": 3.28,"Plan Rows": 17,"Plan Width": 4,"Actual Startup Time": 0.003,"Actual Total Time": 0.003,"Actual Rows": 1,"Actual Loops": 19165,"Index Cond": "(o_custkey = customer.c_custkey)","Rows Removed by Index Recheck": 0,"Heap Fetches": 0,"Workers": []}]}]}]}]}]},"Planning Time": 4.848,"Triggers": [],"Execution Time": 142.161}]
[{"Plan": {"Node Type": "Aggregate","Strategy": "Sorted","Partial Mode": "Finalize","Parallel Aware": false,"Async Capable": false,"Startup Cost": 12972.06,"Total Cost": 13071.37,"Plan Rows": 744,"Plan Width": 72,"Actual Startup Time": 142.071,"Actual Total Time": 145.686,"Actual Rows": 7,"Actual Loops": 1,"Group Key": ["(SUBSTRING(customer.c_phone FROM 1 FOR 2))"],"Plans": [{"Node Type": "Aggregate","Strategy": "Plain","Partial Mode": "Finalize","Parent Relationship": "InitPlan","Subplan Name": "InitPlan 1 (returns $1)","Parallel Aware": false,"Async Capable": false,"Startup Cost": 6230.83,"Total Cost": 6230.84,"Plan Rows": 1,"Plan Width": 32,"Actual Startup Time": 61.987,"Actual Total Time": 62.152,"Actual Rows": 1,"Actual Loops": 1,"Plans": [{"Node Type": "Gather","Parent Relationship": "Outer","Parallel Aware": false,"Async Capable": false,"Startup Cost": 6230.61,"Total Cost": 6230.82,"Plan Rows": 2,"Plan Width": 32,"Actual Startup Time": 61.925,"Actual Total Time": 62.136,"Actual Rows": 3,"Actual Loops": 1,"Workers Planned": 2,"Workers Launched": 2,"Single Copy": false,"Plans": [{"Node Type": "Aggregate","Strategy": "Plain","Partial Mode": "Partial","Parent Relationship": "Outer","Parallel Aware": false,"Async Capable": false,"Startup Cost": 5230.61,"Total Cost": 5230.62,"Plan Rows": 1,"Plan Width": 32,"Actual Startup Time": 56.002,"Actual Total Time": 56.004,"Actual Rows": 1,"Actual Loops": 3,"Workers": [],"Plans": [{"Node Type": "Seq Scan","Parent Relationship": "Outer","Parallel Aware": true,"Async Capable": false,"Relation Name": "customer","Alias": "customer_1","Startup Cost": 0.00,"Total Cost": 5225.62,"Plan Rows": 1994,"Plan Width": 6,"Actual Startup Time": 0.048,"Actual Total Time": 54.931,"Actual Rows": 12737,"Actual Loops": 3,"Filter": "((c_acctbal > 0.00) AND (SUBSTRING(c_phone FROM 1 FOR 2) = ANY ('{12,18,14,33,24,28,10}'::text[])))","Rows Removed by Filter": 37263,"Workers": []}]}]}]},{"Node Type": "Gather Merge","Parent Relationship": "Outer","Parallel Aware": false,"Async Capable": false,"Startup Cost": 6741.22,"Total Cost": 6821.30,"Plan Rows": 620,"Plan Width": 72,"Actual Startup Time": 141.929,"Actual Total Time": 145.455,"Actual Rows": 21,"Actual Loops": 1,"Workers Planned": 2,"Params Evaluated": ["$1"],"Workers Launched": 2,"Plans": [{"Node Type": "Aggregate","Strategy": "Sorted","Partial Mode": "Partial","Parent Relationship": "Outer","Parallel Aware": false,"Async Capable": false,"Startup Cost": 5741.19,"Total Cost": 5749.72,"Plan Rows": 310,"Plan Width": 72,"Actual Startup Time": 73.172,"Actual Total Time": 73.491,"Actual Rows": 7,"Actual Loops": 3,"Group Key": ["(SUBSTRING(customer.c_phone FROM 1 FOR 2))"],"Workers": [],"Plans": [{"Node Type": "Sort","Parent Relationship": "Outer","Parallel Aware": false,"Async Capable": false,"Startup Cost": 5741.19,"Total Cost": 5741.97,"Plan Rows": 310,"Plan Width": 38,"Actual Startup Time": 73.103,"Actual Total Time": 73.188,"Actual Rows": 2151,"Actual Loops": 3,"Sort Key": ["(SUBSTRING(customer.c_phone FROM 1 FOR 2))"],"Sort Method": "quicksort","Sort Space Used": 233,"Sort Space Type": "Memory","Workers": [{"Worker Number": 0,"Sort Method": "quicksort","Sort Space Used": 160,"Sort Space Type": "Memory"},{"Worker Number": 1,"Sort Method": "quicksort","Sort Space Used": 153,"Sort Space Type": "Memory"}],"Plans": [{"Node Type": "Nested Loop","Parent Relationship": "Outer","Parallel Aware": false,"Async Capable": false,"Join Type": "Anti","Startup Cost": 0.43,"Total Cost": 5728.36,"Plan Rows": 310,"Plan Width": 38,"Actual Startup Time": 0.158,"Actual Total Time": 72.282,"Actual Rows": 2151,"Actual Loops": 3,"Inner Unique": false,"Workers": [],"Plans": [{"Node Type": "Seq Scan","Parent Relationship": "Outer","Parallel Aware": true,"Async Capable": false,"Relation Name": "customer","Alias": "customer","Startup Cost": 0.00,"Total Cost": 5225.62,"Plan Rows": 729,"Plan Width": 26,"Actual Startup Time": 0.033,"Actual Total Time": 47.817,"Actual Rows": 6351,"Actual Loops": 3,"Filter": "((c_acctbal > $1) AND (SUBSTRING(c_phone FROM 1 FOR 2) = ANY ('{12,18,14,33,24,28,10}'::text[])))","Rows Removed by Filter": 43649,"Workers": []},{"Node Type": "Index Only Scan","Parent Relationship": "Inner","Parallel Aware": false,"Async Capable": false,"Scan Direction": "Forward","Index Name": "idx_orders_custkey","Relation Name": "orders","Alias": "orders","Startup Cost": 0.43,"Total Cost": 3.28,"Plan Rows": 17,"Plan Width": 4,"Actual Startup Time": 0.004,"Actual Total Time": 0.004,"Actual Rows": 1,"Actual Loops": 19054,"Index Cond": "(o_custkey = customer.c_custkey)","Rows Removed by Index Recheck": 0,"Heap Fetches": 0,"Workers": []}]}]}]}]}]},"Planning Time": 4.133,"Triggers": [],"Execution Time": 146.009}]
[{"Plan": {"Node Type": "Aggregate","Strategy": "Sorted","Partial Mode": "Finalize","Parallel Aware": false,"Async Capable": false,"Startup Cost": 12972.06,"Total Cost": 13071.37,"Plan Rows": 744,"Plan Width": 72,"Actual Startup Time": 136.630,"Actual Total Time": 140.335,"Actual Rows": 7,"Actual Loops": 1,"Group Key": ["(SUBSTRING(customer.c_phone FROM 1 FOR 2))"],"Plans": [{"Node Type": "Aggregate","Strategy": "Plain","Partial Mode": "Finalize","Parent Relationship": "InitPlan","Subplan Name": "InitPlan 1 (returns $1)","Parallel Aware": false,"Async Capable": false,"Startup Cost": 6230.83,"Total Cost": 6230.84,"Plan Rows": 1,"Plan Width": 32,"Actual Startup Time": 61.236,"Actual Total Time": 61.425,"Actual Rows": 1,"Actual Loops": 1,"Plans": [{"Node Type": "Gather","Parent Relationship": "Outer","Parallel Aware": false,"Async Capable": false,"Startup Cost": 6230.61,"Total Cost": 6230.82,"Plan Rows": 2,"Plan Width": 32,"Actual Startup Time": 61.139,"Actual Total Time": 61.409,"Actual Rows": 3,"Actual Loops": 1,"Workers Planned": 2,"Workers Launched": 2,"Single Copy": false,"Plans": [{"Node Type": "Aggregate","Strategy": "Plain","Partial Mode": "Partial","Parent Relationship": "Outer","Parallel Aware": false,"Async Capable": false,"Startup Cost": 5230.61,"Total Cost": 5230.62,"Plan Rows": 1,"Plan Width": 32,"Actual Startup Time": 54.614,"Actual Total Time": 54.615,"Actual Rows": 1,"Actual Loops": 3,"Workers": [],"Plans": [{"Node Type": "Seq Scan","Parent Relationship": "Outer","Parallel Aware": true,"Async Capable": false,"Relation Name": "customer","Alias": "customer_1","Startup Cost": 0.00,"Total Cost": 5225.62,"Plan Rows": 1994,"Plan Width": 6,"Actual Startup Time": 0.062,"Actual Total Time": 53.533,"Actual Rows": 12745,"Actual Loops": 3,"Filter": "((c_acctbal > 0.00) AND (SUBSTRING(c_phone FROM 1 FOR 2) = ANY ('{24,29,21,33,27,22,20}'::text[])))","Rows Removed by Filter": 37255,"Workers": []}]}]}]},{"Node Type": "Gather Merge","Parent Relationship": "Outer","Parallel Aware": false,"Async Capable": false,"Startup Cost": 6741.22,"Total Cost": 6821.30,"Plan Rows": 620,"Plan Width": 72,"Actual Startup Time": 136.500,"Actual Total Time": 140.101,"Actual Rows": 21,"Actual Loops": 1,"Workers Planned": 2,"Params Evaluated": ["$1"],"Workers Launched": 2,"Plans": [{"Node Type": "Aggregate","Strategy": "Sorted","Partial Mode": "Partial","Parent Relationship": "Outer","Parallel Aware": false,"Async Capable": false,"Startup Cost": 5741.19,"Total Cost": 5749.72,"Plan Rows": 310,"Plan Width": 72,"Actual Startup Time": 68.581,"Actual Total Time": 68.890,"Actual Rows": 7,"Actual Loops": 3,"Group Key": ["(SUBSTRING(customer.c_phone FROM 1 FOR 2))"],"Workers": [],"Plans": [{"Node Type": "Sort","Parent Relationship": "Outer","Parallel Aware": false,"Async Capable": false,"Startup Cost": 5741.19,"Total Cost": 5741.97,"Plan Rows": 310,"Plan Width": 38,"Actual Startup Time": 68.513,"Actual Total Time": 68.596,"Actual Rows": 2150,"Actual Loops": 3,"Sort Key": ["(SUBSTRING(customer.c_phone FROM 1 FOR 2))"],"Sort Method": "quicksort","Sort Space Used": 236,"Sort Space Type": "Memory","Workers": [{"Worker Number": 0,"Sort Method": "quicksort","Sort Space Used": 152,"Sort Space Type": "Memory"},{"Worker Number": 1,"Sort Method": "quicksort","Sort Space Used": 158,"Sort Space Type": "Memory"}],"Plans": [{"Node Type": "Nested Loop","Parent Relationship": "Outer","Parallel Aware": false,"Async Capable": false,"Join Type": "Anti","Startup Cost": 0.43,"Total Cost": 5728.36,"Plan Rows": 310,"Plan Width": 38,"Actual Startup Time": 0.144,"Actual Total Time": 67.741,"Actual Rows": 2150,"Actual Loops": 3,"Inner Unique": false,"Workers": [],"Plans": [{"Node Type": "Seq Scan","Parent Relationship": "Outer","Parallel Aware": true,"Async Capable": false,"Relation Name": "customer","Alias": "customer","Startup Cost": 0.00,"Total Cost": 5225.62,"Plan Rows": 729,"Plan Width": 26,"Actual Startup Time": 0.038,"Actual Total Time": 44.853,"Actual Rows": 6388,"Actual Loops": 3,"Filter": "((c_acctbal > $1) AND (SUBSTRING(c_phone FROM 1 FOR 2) = ANY ('{24,29,21,33,27,22,20}'::text[])))","Rows Removed by Filter": 43612,"Workers": []},{"Node Type": "Index Only Scan","Parent Relationship": "Inner","Parallel Aware": false,"Async Capable": false,"Scan Direction": "Forward","Index Name": "idx_orders_custkey","Relation Name": "orders","Alias": "orders","Startup Cost": 0.43,"Total Cost": 3.28,"Plan Rows": 17,"Plan Width": 4,"Actual Startup Time": 0.003,"Actual Total Time": 0.003,"Actual Rows": 1,"Actual Loops": 19163,"Index Cond": "(o_custkey = customer.c_custkey)","Rows Removed by Index Recheck": 0,"Heap Fetches": 0,"Workers": []}]}]}]}]}]},"Planning Time": 4.608,"Triggers": [],"Execution Time": 140.663}]
[{"Plan": {"Node Type": "Aggregate","Strategy": "Sorted","Partial Mode": "Finalize","Parallel Aware": false,"Async Capable": false,"Startup Cost": 12972.06,"Total Cost": 13071.37,"Plan Rows": 744,"Plan Width": 72,"Actual Startup Time": 135.534,"Actual Total Time": 139.419,"Actual Rows": 7,"Actual Loops": 1,"Group Key": ["(SUBSTRING(customer.c_phone FROM 1 FOR 2))"],"Plans": [{"Node Type": "Aggregate","Strategy": "Plain","Partial Mode": "Finalize","Parent Relationship": "InitPlan","Subplan Name": "InitPlan 1 (returns $1)","Parallel Aware": false,"Async Capable": false,"Startup Cost": 6230.83,"Total Cost": 6230.84,"Plan Rows": 1,"Plan Width": 32,"Actual Startup Time": 58.335,"Actual Total Time": 58.562,"Actual Rows": 1,"Actual Loops": 1,"Plans": [{"Node Type": "Gather","Parent Relationship": "Outer","Parallel Aware": false,"Async Capable": false,"Startup Cost": 6230.61,"Total Cost": 6230.82,"Plan Rows": 2,"Plan Width": 32,"Actual Startup Time": 58.262,"Actual Total Time": 58.547,"Actual Rows": 3,"Actual Loops": 1,"Workers Planned": 2,"Workers Launched": 2,"Single Copy": false,"Plans": [{"Node Type": "Aggregate","Strategy": "Plain","Partial Mode": "Partial","Parent Relationship": "Outer","Parallel Aware": false,"Async Capable": false,"Startup Cost": 5230.61,"Total Cost": 5230.62,"Plan Rows": 1,"Plan Width": 32,"Actual Startup Time": 52.477,"Actual Total Time": 52.478,"Actual Rows": 1,"Actual Loops": 3,"Workers": [],"Plans": [{"Node Type": "Seq Scan","Parent Relationship": "Outer","Parallel Aware": true,"Async Capable": false,"Relation Name": "customer","Alias": "customer_1","Startup Cost": 0.00,"Total Cost": 5225.62,"Plan Rows": 1994,"Plan Width": 6,"Actual Startup Time": 0.043,"Actual Total Time": 51.425,"Actual Rows": 12633,"Actual Loops": 3,"Filter": "((c_acctbal > 0.00) AND (SUBSTRING(c_phone FROM 1 FOR 2) = ANY ('{15,34,22,11,28,27,17}'::text[])))","Rows Removed by Filter": 37367,"Workers": []}]}]}]},{"Node Type": "Gather Merge","Parent Relationship": "Outer","Parallel Aware": false,"Async Capable": false,"Startup Cost": 6741.22,"Total Cost": 6821.30,"Plan Rows": 620,"Plan Width": 72,"Actual Startup Time": 135.412,"Actual Total Time": 139.134,"Actual Rows": 21,"Actual Loops": 1,"Workers Planned": 2,"Params Evaluated": ["$1"],"Workers Launched": 2,"Plans": [{"Node Type": "Aggregate","Strategy": "Sorted","Partial Mode": "Partial","Parent Relationship": "Outer","Parallel Aware": false,"Async Capable": false,"Startup Cost": 5741.19,"Total Cost": 5749.72,"Plan Rows": 310,"Plan Width": 72,"Actual Startup Time": 70.072,"Actual Total Time": 70.366,"Actual Rows": 7,"Actual Loops": 3,"Group Key": ["(SUBSTRING(customer.c_phone FROM 1 FOR 2))"],"Workers": [],"Plans": [{"Node Type": "Sort","Parent Relationship": "Outer","Parallel Aware": false,"Async Capable": false,"Startup Cost": 5741.19,"Total Cost": 5741.97,"Plan Rows": 310,"Plan Width": 38,"Actual Startup Time": 70.003,"Actual Total Time": 70.083,"Actual Rows": 2097,"Actual Loops": 3,"Sort Key": ["(SUBSTRING(customer.c_phone FROM 1 FOR 2))"],"Sort Method": "quicksort","Sort Space Used": 232,"Sort Space Type": "Memory","Workers": [{"Worker Number": 0,"Sort Method": "quicksort","Sort Space Used": 155,"Sort Space Type": "Memory"},{"Worker Number": 1,"Sort Method": "quicksort","Sort Space Used": 150,"Sort Space Type": "Memory"}],"Plans": [{"Node Type": "Nested Loop","Parent Relationship": "Outer","Parallel Aware": false,"Async Capable": false,"Join Type": "Anti","Startup Cost": 0.43,"Total Cost": 5728.36,"Plan Rows": 310,"Plan Width": 38,"Actual Startup Time": 0.222,"Actual Total Time": 69.227,"Actual Rows": 2097,"Actual Loops": 3,"Inner Unique": false,"Workers": [],"Plans": [{"Node Type": "Seq Scan","Parent Relationship": "Outer","Parallel Aware": true,"Async Capable": false,"Relation Name": "customer","Alias": "customer","Startup Cost": 0.00,"Total Cost": 5225.62,"Plan Rows": 729,"Plan Width": 26,"Actual Startup Time": 0.042,"Actual Total Time": 45.924,"Actual Rows": 6292,"Actual Loops": 3,"Filter": "((c_acctbal > $1) AND (SUBSTRING(c_phone FROM 1 FOR 2) = ANY ('{15,34,22,11,28,27,17}'::text[])))","Rows Removed by Filter": 43708,"Workers": []},{"Node Type": "Index Only Scan","Parent Relationship": "Inner","Parallel Aware": false,"Async Capable": false,"Scan Direction": "Forward","Index Name": "idx_orders_custkey","Relation Name": "orders","Alias": "orders","Startup Cost": 0.43,"Total Cost": 3.28,"Plan Rows": 17,"Plan Width": 4,"Actual Startup Time": 0.003,"Actual Total Time": 0.003,"Actual Rows": 1,"Actual Loops": 18876,"Index Cond": "(o_custkey = customer.c_custkey)","Rows Removed by Index Recheck": 0,"Heap Fetches": 0,"Workers": []}]}]}]}]}]},"Planning Time": 3.757,"Triggers": [],"Execution Time": 139.729}]
[{"Plan": {"Node Type": "Aggregate","Strategy": "Sorted","Partial Mode": "Finalize","Parallel Aware": false,"Async Capable": false,"Startup Cost": 12972.06,"Total Cost": 13071.37,"Plan Rows": 744,"Plan Width": 72,"Actual Startup Time": 137.928,"Actual Total Time": 141.659,"Actual Rows": 7,"Actual Loops": 1,"Group Key": ["(SUBSTRING(customer.c_phone FROM 1 FOR 2))"],"Plans": [{"Node Type": "Aggregate","Strategy": "Plain","Partial Mode": "Finalize","Parent Relationship": "InitPlan","Subplan Name": "InitPlan 1 (returns $1)","Parallel Aware": false,"Async Capable": false,"Startup Cost": 6230.83,"Total Cost": 6230.84,"Plan Rows": 1,"Plan Width": 32,"Actual Startup Time": 62.361,"Actual Total Time": 62.556,"Actual Rows": 1,"Actual Loops": 1,"Plans": [{"Node Type": "Gather","Parent Relationship": "Outer","Parallel Aware": false,"Async Capable": false,"Startup Cost": 6230.61,"Total Cost": 6230.82,"Plan Rows": 2,"Plan Width": 32,"Actual Startup Time": 62.278,"Actual Total Time": 62.537,"Actual Rows": 3,"Actual Loops": 1,"Workers Planned": 2,"Workers Launched": 2,"Single Copy": false,"Plans": [{"Node Type": "Aggregate","Strategy": "Plain","Partial Mode": "Partial","Parent Relationship": "Outer","Parallel Aware": false,"Async Capable": false,"Startup Cost": 5230.61,"Total Cost": 5230.62,"Plan Rows": 1,"Plan Width": 32,"Actual Startup Time": 55.995,"Actual Total Time": 55.997,"Actual Rows": 1,"Actual Loops": 3,"Workers": [],"Plans": [{"Node Type": "Seq Scan","Parent Relationship": "Outer","Parallel Aware": true,"Async Capable": false,"Relation Name": "customer","Alias": "customer_1","Startup Cost": 0.00,"Total Cost": 5225.62,"Plan Rows": 1994,"Plan Width": 6,"Actual Startup Time": 0.060,"Actual Total Time": 54.905,"Actual Rows": 12686,"Actual Loops": 3,"Filter": "((c_acctbal > 0.00) AND (SUBSTRING(c_phone FROM 1 FOR 2) = ANY ('{13,11,16,27,17,28,34}'::text[])))","Rows Removed by Filter": 37314,"Workers": []}]}]}]},{"Node Type": "Gather Merge","Parent Relationship": "Outer","Parallel Aware": false,"Async Capable": false,"Startup Cost": 6741.22,"Total Cost": 6821.30,"Plan Rows": 620,"Plan Width": 72,"Actual Startup Time": 137.807,"Actual Total Time": 141.413,"Actual Rows": 21,"Actual Loops": 1,"Workers Planned": 2,"Params Evaluated": ["$1"],"Workers Launched": 2,"Plans": [{"Node Type": "Aggregate","Strategy": "Sorted","Partial Mode": "Partial","Parent Relationship": "Outer","Parallel Aware": false,"Async Capable": false,"Startup Cost": 5741.19,"Total Cost": 5749.72,"Plan Rows": 310,"Plan Width": 72,"Actual Startup Time": 68.803,"Actual Total Time": 69.110,"Actual Rows": 7,"Actual Loops": 3,"Group Key": ["(SUBSTRING(customer.c_phone FROM 1 FOR 2))"],"Workers": [],"Plans": [{"Node Type": "Sort","Parent Relationship": "Outer","Parallel Aware": false,"Async Capable": false,"Startup Cost": 5741.19,"Total Cost": 5741.97,"Plan Rows": 310,"Plan Width": 38,"Actual Startup Time": 68.727,"Actual Total Time": 68.809,"Actual Rows": 2093,"Actual Loops": 3,"Sort Key": ["(SUBSTRING(customer.c_phone FROM 1 FOR 2))"],"Sort Method": "quicksort","Sort Space Used": 233,"Sort Space Type": "Memory","Workers": [{"Worker Number": 0,"Sort Method": "quicksort","Sort Space Used": 149,"Sort Space Type": "Memory"},{"Worker Number": 1,"Sort Method": "quicksort","Sort Space Used": 155,"Sort Space Type": "Memory"}],"Plans": [{"Node Type": "Nested Loop","Parent Relationship": "Outer","Parallel Aware": false,"Async Capable": false,"Join Type": "Anti","Startup Cost": 0.43,"Total Cost": 5728.36,"Plan Rows": 310,"Plan Width": 38,"Actual Startup Time": 0.126,"Actual Total Time": 67.959,"Actual Rows": 2093,"Actual Loops": 3,"Inner Unique": false,"Workers": [],"Plans": [{"Node Type": "Seq Scan","Parent Relationship": "Outer","Parallel Aware": true,"Async Capable": false,"Relation Name": "customer","Alias": "customer","Startup Cost": 0.00,"Total Cost": 5225.62,"Plan Rows": 729,"Plan Width": 26,"Actual Startup Time": 0.044,"Actual Total Time": 44.674,"Actual Rows": 6302,"Actual Loops": 3,"Filter": "((c_acctbal > $1) AND (SUBSTRING(c_phone FROM 1 FOR 2) = ANY ('{13,11,16,27,17,28,34}'::text[])))","Rows Removed by Filter": 43698,"Workers": []},{"Node Type": "Index Only Scan","Parent Relationship": "Inner","Parallel Aware": false,"Async Capable": false,"Scan Direction": "Forward","Index Name": "idx_orders_custkey","Relation Name": "orders","Alias": "orders","Startup Cost": 0.43,"Total Cost": 3.28,"Plan Rows": 17,"Plan Width": 4,"Actual Startup Time": 0.003,"Actual Total Time": 0.003,"Actual Rows": 1,"Actual Loops": 18905,"Index Cond": "(o_custkey = customer.c_custkey)","Rows Removed by Index Recheck": 0,"Heap Fetches": 0,"Workers": []}]}]}]}]}]},"Planning Time": 3.737,"Triggers": [],"Execution Time": 142.064}]
[{"Plan": {"Node Type": "Aggregate","Strategy": "Sorted","Partial Mode": "Finalize","Parallel Aware": false,"Async Capable": false,"Startup Cost": 12972.06,"Total Cost": 13071.37,"Plan Rows": 744,"Plan Width": 72,"Actual Startup Time": 141.170,"Actual Total Time": 144.871,"Actual Rows": 7,"Actual Loops": 1,"Group Key": ["(SUBSTRING(customer.c_phone FROM 1 FOR 2))"],"Plans": [{"Node Type": "Aggregate","Strategy": "Plain","Partial Mode": "Finalize","Parent Relationship": "InitPlan","Subplan Name": "InitPlan 1 (returns $1)","Parallel Aware": false,"Async Capable": false,"Startup Cost": 6230.83,"Total Cost": 6230.84,"Plan Rows": 1,"Plan Width": 32,"Actual Startup Time": 62.396,"Actual Total Time": 62.584,"Actual Rows": 1,"Actual Loops": 1,"Plans": [{"Node Type": "Gather","Parent Relationship": "Outer","Parallel Aware": false,"Async Capable": false,"Startup Cost": 6230.61,"Total Cost": 6230.82,"Plan Rows": 2,"Plan Width": 32,"Actual Startup Time": 62.290,"Actual Total Time": 62.570,"Actual Rows": 3,"Actual Loops": 1,"Workers Planned": 2,"Workers Launched": 2,"Single Copy": false,"Plans": [{"Node Type": "Aggregate","Strategy": "Plain","Partial Mode": "Partial","Parent Relationship": "Outer","Parallel Aware": false,"Async Capable": false,"Startup Cost": 5230.61,"Total Cost": 5230.62,"Plan Rows": 1,"Plan Width": 32,"Actual Startup Time": 56.537,"Actual Total Time": 56.539,"Actual Rows": 1,"Actual Loops": 3,"Workers": [],"Plans": [{"Node Type": "Seq Scan","Parent Relationship": "Outer","Parallel Aware": true,"Async Capable": false,"Relation Name": "customer","Alias": "customer_1","Startup Cost": 0.00,"Total Cost": 5225.62,"Plan Rows": 1994,"Plan Width": 6,"Actual Startup Time": 0.056,"Actual Total Time": 55.472,"Actual Rows": 12771,"Actual Loops": 3,"Filter": "((c_acctbal > 0.00) AND (SUBSTRING(c_phone FROM 1 FOR 2) = ANY ('{29,22,26,20,34,11,19}'::text[])))","Rows Removed by Filter": 37229,"Workers": []}]}]}]},{"Node Type": "Gather Merge","Parent Relationship": "Outer","Parallel Aware": false,"Async Capable": false,"Startup Cost": 6741.22,"Total Cost": 6821.30,"Plan Rows": 620,"Plan Width": 72,"Actual Startup Time": 141.031,"Actual Total Time": 144.622,"Actual Rows": 21,"Actual Loops": 1,"Workers Planned": 2,"Params Evaluated": ["$1"],"Workers Launched": 2,"Plans": [{"Node Type": "Aggregate","Strategy": "Sorted","Partial Mode": "Partial","Parent Relationship": "Outer","Parallel Aware": false,"Async Capable": false,"Startup Cost": 5741.19,"Total Cost": 5749.72,"Plan Rows": 310,"Plan Width": 72,"Actual Startup Time": 71.985,"Actual Total Time": 72.289,"Actual Rows": 7,"Actual Loops": 3,"Group Key": ["(SUBSTRING(customer.c_phone FROM 1 FOR 2))"],"Workers": [],"Plans": [{"Node Type": "Sort","Parent Relationship": "Outer","Parallel Aware": false,"Async Capable": false,"Startup Cost": 5741.19,"Total Cost": 5741.97,"Plan Rows": 310,"Plan Width": 38,"Actual Startup Time": 71.908,"Actual Total Time": 71.990,"Actual Rows": 2132,"Actual Loops": 3,"Sort Key": ["(SUBSTRING(customer.c_phone FROM 1 FOR 2))"],"Sort Method": "quicksort","Sort Space Used": 235,"Sort Space Type": "Memory","Workers": [{"Worker Number": 0,"Sort Method": "quicksort","Sort Space Used": 154,"Sort Space Type": "Memory"},{"Worker Number": 1,"Sort Method": "quicksort","Sort Space Used": 154,"Sort Space Type": "Memory"}],"Plans": [{"Node Type": "Nested Loop","Parent Relationship": "Outer","Parallel Aware": false,"Async Capable": false,"Join Type": "Anti","Startup Cost": 0.43,"Total Cost": 5728.36,"Plan Rows": 310,"Plan Width": 38,"Actual Startup Time": 0.162,"Actual Total Time": 71.081,"Actual Rows": 2132,"Actual Loops": 3,"Inner Unique": false,"Workers": [],"Plans": [{"Node Type": "Seq Scan","Parent Relationship": "Outer","Parallel Aware": true,"Async Capable": false,"Relation Name": "customer","Alias": "customer","Startup Cost": 0.00,"Total Cost": 5225.62,"Plan Rows": 729,"Plan Width": 26,"Actual Startup Time": 0.034,"Actual Total Time": 46.935,"Actual Rows": 6406,"Actual Loops": 3,"Filter": "((c_acctbal > $1) AND (SUBSTRING(c_phone FROM 1 FOR 2) = ANY ('{29,22,26,20,34,11,19}'::text[])))","Rows Removed by Filter": 43594,"Workers": []},{"Node Type": "Index Only Scan","Parent Relationship": "Inner","Parallel Aware": false,"Async Capable": false,"Scan Direction": "Forward","Index Name": "idx_orders_custkey","Relation Name": "orders","Alias": "orders","Startup Cost": 0.43,"Total Cost": 3.28,"Plan Rows": 17,"Plan Width": 4,"Actual Startup Time": 0.003,"Actual Total Time": 0.003,"Actual Rows": 1,"Actual Loops": 19219,"Index Cond": "(o_custkey = customer.c_custkey)","Rows Removed by Index Recheck": 0,"Heap Fetches": 0,"Workers": []}]}]}]}]}]},"Planning Time": 4.482,"Triggers": [],"Execution Time": 145.246}]
[{"Plan": {"Node Type": "Aggregate","Strategy": "Sorted","Partial Mode": "Finalize","Parallel Aware": false,"Async Capable": false,"Startup Cost": 12972.06,"Total Cost": 13071.37,"Plan Rows": 744,"Plan Width": 72,"Actual Startup Time": 139.366,"Actual Total Time": 142.859,"Actual Rows": 7,"Actual Loops": 1,"Group Key": ["(SUBSTRING(customer.c_phone FROM 1 FOR 2))"],"Plans": [{"Node Type": "Aggregate","Strategy": "Plain","Partial Mode": "Finalize","Parent Relationship": "InitPlan","Subplan Name": "InitPlan 1 (returns $1)","Parallel Aware": false,"Async Capable": false,"Startup Cost": 6230.83,"Total Cost": 6230.84,"Plan Rows": 1,"Plan Width": 32,"Actual Startup Time": 62.790,"Actual Total Time": 62.976,"Actual Rows": 1,"Actual Loops": 1,"Plans": [{"Node Type": "Gather","Parent Relationship": "Outer","Parallel Aware": false,"Async Capable": false,"Startup Cost": 6230.61,"Total Cost": 6230.82,"Plan Rows": 2,"Plan Width": 32,"Actual Startup Time": 62.728,"Actual Total Time": 62.961,"Actual Rows": 3,"Actual Loops": 1,"Workers Planned": 2,"Workers Launched": 2,"Single Copy": false,"Plans": [{"Node Type": "Aggregate","Strategy": "Plain","Partial Mode": "Partial","Parent Relationship": "Outer","Parallel Aware": false,"Async Capable": false,"Startup Cost": 5230.61,"Total Cost": 5230.62,"Plan Rows": 1,"Plan Width": 32,"Actual Startup Time": 56.835,"Actual Total Time": 56.837,"Actual Rows": 1,"Actual Loops": 3,"Workers": [],"Plans": [{"Node Type": "Seq Scan","Parent Relationship": "Outer","Parallel Aware": true,"Async Capable": false,"Relation Name": "customer","Alias": "customer_1","Startup Cost": 0.00,"Total Cost": 5225.62,"Plan Rows": 1994,"Plan Width": 6,"Actual Startup Time": 0.057,"Actual Total Time": 55.722,"Actual Rows": 12752,"Actual Loops": 3,"Filter": "((c_acctbal > 0.00) AND (SUBSTRING(c_phone FROM 1 FOR 2) = ANY ('{23,22,18,34,33,26,24}'::text[])))","Rows Removed by Filter": 37248,"Workers": []}]}]}]},{"Node Type": "Gather Merge","Parent Relationship": "Outer","Parallel Aware": false,"Async Capable": false,"Startup Cost": 6741.22,"Total Cost": 6821.30,"Plan Rows": 620,"Plan Width": 72,"Actual Startup Time": 139.096,"Actual Total Time": 142.593,"Actual Rows": 21,"Actual Loops": 1,"Workers Planned": 2,"Params Evaluated": ["$1"],"Workers Launched": 2,"Plans": [{"Node Type": "Aggregate","Strategy": "Sorted","Partial Mode": "Partial","Parent Relationship": "Outer","Parallel Aware": false,"Async Capable": false,"Startup Cost": 5741.19,"Total Cost": 5749.72,"Plan Rows": 310,"Plan Width": 72,"Actual Startup Time": 69.276,"Actual Total Time": 69.761,"Actual Rows": 7,"Actual Loops": 3,"Group Key": ["(SUBSTRING(customer.c_phone FROM 1 FOR 2))"],"Workers": [],"Plans": [{"Node Type": "Sort","Parent Relationship": "Outer","Parallel Aware": false,"Async Capable": false,"Startup Cost": 5741.19,"Total Cost": 5741.97,"Plan Rows": 310,"Plan Width": 38,"Actual Startup Time": 69.193,"Actual Total Time": 69.325,"Actual Rows": 2135,"Actual Loops": 3,"Sort Key": ["(SUBSTRING(customer.c_phone FROM 1 FOR 2))"],"Sort Method": "quicksort","Sort Space Used": 231,"Sort Space Type": "Memory","Workers": [{"Worker Number": 0,"Sort Method": "quicksort","Sort Space Used": 159,"Sort Space Type": "Memory"},{"Worker Number": 1,"Sort Method": "quicksort","Sort Space Used": 154,"Sort Space Type": "Memory"}],"Plans": [{"Node Type": "Nested Loop","Parent Relationship": "Outer","Parallel Aware": false,"Async Capable": false,"Join Type": "Anti","Startup Cost": 0.43,"Total Cost": 5728.36,"Plan Rows": 310,"Plan Width": 38,"Actual Startup Time": 0.137,"Actual Total Time": 68.404,"Actual Rows": 2135,"Actual Loops": 3,"Inner Unique": false,"Workers": [],"Plans": [{"Node Type": "Seq Scan","Parent Relationship": "Outer","Parallel Aware": true,"Async Capable": false,"Relation Name": "customer","Alias": "customer","Startup Cost": 0.00,"Total Cost": 5225.62,"Plan Rows": 729,"Plan Width": 26,"Actual Startup Time": 0.027,"Actual Total Time": 44.761,"Actual Rows": 6395,"Actual Loops": 3,"Filter": "((c_acctbal > $1) AND (SUBSTRING(c_phone FROM 1 FOR 2) = ANY ('{23,22,18,34,33,26,24}'::text[])))","Rows Removed by Filter": 43605,"Workers": []},{"Node Type": "Index Only Scan","Parent Relationship": "Inner","Parallel Aware": false,"Async Capable": false,"Scan Direction": "Forward","Index Name": "idx_orders_custkey","Relation Name": "orders","Alias": "orders","Startup Cost": 0.43,"Total Cost": 3.28,"Plan Rows": 17,"Plan Width": 4,"Actual Startup Time": 0.003,"Actual Total Time": 0.003,"Actual Rows": 1,"Actual Loops": 19186,"Index Cond": "(o_custkey = customer.c_custkey)","Rows Removed by Index Recheck": 0,"Heap Fetches": 0,"Workers": []}]}]}]}]}]},"Planning Time": 3.442,"Triggers": [],"Execution Time": 143.185}]
[{"Plan": {"Node Type": "Aggregate","Strategy": "Sorted","Partial Mode": "Finalize","Parallel Aware": false,"Async Capable": false,"Startup Cost": 12972.06,"Total Cost": 13071.37,"Plan Rows": 744,"Plan Width": 72,"Actual Startup Time": 136.349,"Actual Total Time": 140.047,"Actual Rows": 7,"Actual Loops": 1,"Group Key": ["(SUBSTRING(customer.c_phone FROM 1 FOR 2))"],"Plans": [{"Node Type": "Aggregate","Strategy": "Plain","Partial Mode": "Finalize","Parent Relationship": "InitPlan","Subplan Name": "InitPlan 1 (returns $1)","Parallel Aware": false,"Async Capable": false,"Startup Cost": 6230.83,"Total Cost": 6230.84,"Plan Rows": 1,"Plan Width": 32,"Actual Startup Time": 61.536,"Actual Total Time": 61.765,"Actual Rows": 1,"Actual Loops": 1,"Plans": [{"Node Type": "Gather","Parent Relationship": "Outer","Parallel Aware": false,"Async Capable": false,"Startup Cost": 6230.61,"Total Cost": 6230.82,"Plan Rows": 2,"Plan Width": 32,"Actual Startup Time": 61.465,"Actual Total Time": 61.751,"Actual Rows": 3,"Actual Loops": 1,"Workers Planned": 2,"Workers Launched": 2,"Single Copy": false,"Plans": [{"Node Type": "Aggregate","Strategy": "Plain","Partial Mode": "Partial","Parent Relationship": "Outer","Parallel Aware": false,"Async Capable": false,"Startup Cost": 5230.61,"Total Cost": 5230.62,"Plan Rows": 1,"Plan Width": 32,"Actual Startup Time": 55.096,"Actual Total Time": 55.098,"Actual Rows": 1,"Actual Loops": 3,"Workers": [],"Plans": [{"Node Type": "Seq Scan","Parent Relationship": "Outer","Parallel Aware": true,"Async Capable": false,"Relation Name": "customer","Alias": "customer_1","Startup Cost": 0.00,"Total Cost": 5225.62,"Plan Rows": 1994,"Plan Width": 6,"Actual Startup Time": 0.058,"Actual Total Time": 54.058,"Actual Rows": 12710,"Actual Loops": 3,"Filter": "((c_acctbal > 0.00) AND (SUBSTRING(c_phone FROM 1 FOR 2) = ANY ('{22,32,34,28,11,30,24}'::text[])))","Rows Removed by Filter": 37290,"Workers": []}]}]}]},{"Node Type": "Gather Merge","Parent Relationship": "Outer","Parallel Aware": false,"Async Capable": false,"Startup Cost": 6741.22,"Total Cost": 6821.30,"Plan Rows": 620,"Plan Width": 72,"Actual Startup Time": 136.227,"Actual Total Time": 139.761,"Actual Rows": 21,"Actual Loops": 1,"Workers Planned": 2,"Params Evaluated": ["$1"],"Workers Launched": 2,"Plans": [{"Node Type": "Aggregate","Strategy": "Sorted","Partial Mode": "Partial","Parent Relationship": "Outer","Parallel Aware": false,"Async Capable": false,"Startup Cost": 5741.19,"Total Cost": 5749.72,"Plan Rows": 310,"Plan Width": 72,"Actual Startup Time": 67.893,"Actual Total Time": 68.194,"Actual Rows": 7,"Actual Loops": 3,"Group Key": ["(SUBSTRING(customer.c_phone FROM 1 FOR 2))"],"Workers": [],"Plans": [{"Node Type": "Sort","Parent Relationship": "Outer","Parallel Aware": false,"Async Capable": false,"Startup Cost": 5741.19,"Total Cost": 5741.97,"Plan Rows": 310,"Plan Width": 38,"Actual Startup Time": 67.820,"Actual Total Time": 67.900,"Actual Rows": 2131,"Actual Loops": 3,"Sort Key": ["(SUBSTRING(customer.c_phone FROM 1 FOR 2))"],"Sort Method": "quicksort","Sort Space Used": 237,"Sort Space Type": "Memory","Workers": [{"Worker Number": 0,"Sort Method": "quicksort","Sort Space Used": 151,"Sort Space Type": "Memory"},{"Worker Number": 1,"Sort Method": "quicksort","Sort Space Used": 155,"Sort Space Type": "Memory"}],"Plans": [{"Node Type": "Nested Loop","Parent Relationship": "Outer","Parallel Aware": false,"Async Capable": false,"Join Type": "Anti","Startup Cost": 0.43,"Total Cost": 5728.36,"Plan Rows": 310,"Plan Width": 38,"Actual Startup Time": 0.112,"Actual Total Time": 67.025,"Actual Rows": 2131,"Actual Loops": 3,"Inner Unique": false,"Workers": [],"Plans": [{"Node Type": "Seq Scan","Parent Relationship": "Outer","Parallel Aware": true,"Async Capable": false,"Relation Name": "customer","Alias": "customer","Startup Cost": 0.00,"Total Cost": 5225.62,"Plan Rows": 729,"Plan Width": 26,"Actual Startup Time": 0.037,"Actual Total Time": 44.076,"Actual Rows": 6353,"Actual Loops": 3,"Filter": "((c_acctbal > $1) AND (SUBSTRING(c_phone FROM 1 FOR 2) = ANY ('{22,32,34,28,11,30,24}'::text[])))","Rows Removed by Filter": 43647,"Workers": []},{"Node Type": "Index Only Scan","Parent Relationship": "Inner","Parallel Aware": false,"Async Capable": false,"Scan Direction": "Forward","Index Name": "idx_orders_custkey","Relation Name": "orders","Alias": "orders","Startup Cost": 0.43,"Total Cost": 3.28,"Plan Rows": 17,"Plan Width": 4,"Actual Startup Time": 0.003,"Actual Total Time": 0.003,"Actual Rows": 1,"Actual Loops": 19060,"Index Cond": "(o_custkey = customer.c_custkey)","Rows Removed by Index Recheck": 0,"Heap Fetches": 0,"Workers": []}]}]}]}]}]},"Planning Time": 4.308,"Triggers": [],"Execution Time": 140.400}]
[{"Plan": {"Node Type": "Aggregate","Strategy": "Sorted","Partial Mode": "Finalize","Parallel Aware": false,"Async Capable": false,"Startup Cost": 12972.06,"Total Cost": 13071.37,"Plan Rows": 744,"Plan Width": 72,"Actual Startup Time": 138.767,"Actual Total Time": 142.421,"Actual Rows": 7,"Actual Loops": 1,"Group Key": ["(SUBSTRING(customer.c_phone FROM 1 FOR 2))"],"Plans": [{"Node Type": "Aggregate","Strategy": "Plain","Partial Mode": "Finalize","Parent Relationship": "InitPlan","Subplan Name": "InitPlan 1 (returns $1)","Parallel Aware": false,"Async Capable": false,"Startup Cost": 6230.83,"Total Cost": 6230.84,"Plan Rows": 1,"Plan Width": 32,"Actual Startup Time": 62.646,"Actual Total Time": 62.843,"Actual Rows": 1,"Actual Loops": 1,"Plans": [{"Node Type": "Gather","Parent Relationship": "Outer","Parallel Aware": false,"Async Capable": false,"Startup Cost": 6230.61,"Total Cost": 6230.82,"Plan Rows": 2,"Plan Width": 32,"Actual Startup Time": 62.557,"Actual Total Time": 62.826,"Actual Rows": 3,"Actual Loops": 1,"Workers Planned": 2,"Workers Launched": 2,"Single Copy": false,"Plans": [{"Node Type": "Aggregate","Strategy": "Plain","Partial Mode": "Partial","Parent Relationship": "Outer","Parallel Aware": false,"Async Capable": false,"Startup Cost": 5230.61,"Total Cost": 5230.62,"Plan Rows": 1,"Plan Width": 32,"Actual Startup Time": 56.233,"Actual Total Time": 56.234,"Actual Rows": 1,"Actual Loops": 3,"Workers": [],"Plans": [{"Node Type": "Seq Scan","Parent Relationship": "Outer","Parallel Aware": true,"Async Capable": false,"Relation Name": "customer","Alias": "customer_1","Startup Cost": 0.00,"Total Cost": 5225.62,"Plan Rows": 1994,"Plan Width": 6,"Actual Startup Time": 0.070,"Actual Total Time": 55.151,"Actual Rows": 12773,"Actual Loops": 3,"Filter": "((c_acctbal > 0.00) AND (SUBSTRING(c_phone FROM 1 FOR 2) = ANY ('{12,32,17,34,28,29,23}'::text[])))","Rows Removed by Filter": 37227,"Workers": []}]}]}]},{"Node Type": "Gather Merge","Parent Relationship": "Outer","Parallel Aware": false,"Async Capable": false,"Startup Cost": 6741.22,"Total Cost": 6821.30,"Plan Rows": 620,"Plan Width": 72,"Actual Startup Time": 138.648,"Actual Total Time": 142.171,"Actual Rows": 21,"Actual Loops": 1,"Workers Planned": 2,"Params Evaluated": ["$1"],"Workers Launched": 2,"Plans": [{"Node Type": "Aggregate","Strategy": "Sorted","Partial Mode": "Partial","Parent Relationship": "Outer","Parallel Aware": false,"Async Capable": false,"Startup Cost": 5741.19,"Total Cost": 5749.72,"Plan Rows": 310,"Plan Width": 72,"Actual Startup Time": 69.207,"Actual Total Time": 69.508,"Actual Rows": 7,"Actual Loops": 3,"Group Key": ["(SUBSTRING(customer.c_phone FROM 1 FOR 2))"],"Workers": [],"Plans": [{"Node Type": "Sort","Parent Relationship": "Outer","Parallel Aware": false,"Async Capable": false,"Startup Cost": 5741.19,"Total Cost": 5741.97,"Plan Rows": 310,"Plan Width": 38,"Actual Startup Time": 69.139,"Actual Total Time": 69.224,"Actual Rows": 2121,"Actual Loops": 3,"Sort Key": ["(SUBSTRING(customer.c_phone FROM 1 FOR 2))"],"Sort Method": "quicksort","Sort Space Used": 237,"Sort Space Type": "Memory","Workers": [{"Worker Number": 0,"Sort Method": "quicksort","Sort Space Used": 149,"Sort Space Type": "Memory"},{"Worker Number": 1,"Sort Method": "quicksort","Sort Space Used": 156,"Sort Space Type": "Memory"}],"Plans": [{"Node Type": "Nested Loop","Parent Relationship": "Outer","Parallel Aware": false,"Async Capable": false,"Join Type": "Anti","Startup Cost": 0.43,"Total Cost": 5728.36,"Plan Rows": 310,"Plan Width": 38,"Actual Startup Time": 0.166,"Actual Total Time": 68.349,"Actual Rows": 2121,"Actual Loops": 3,"Inner Unique": false,"Workers": [],"Plans": [{"Node Type": "Seq Scan","Parent Relationship": "Outer","Parallel Aware": true,"Async Capable": false,"Relation Name": "customer","Alias": "customer","Startup Cost": 0.00,"Total Cost": 5225.62,"Plan Rows": 729,"Plan Width": 26,"Actual Startup Time": 0.039,"Actual Total Time": 45.102,"Actual Rows": 6382,"Actual Loops": 3,"Filter": "((c_acctbal > $1) AND (SUBSTRING(c_phone FROM 1 FOR 2) = ANY ('{12,32,17,34,28,29,23}'::text[])))","Rows Removed by Filter": 43618,"Workers": []},{"Node Type": "Index Only Scan","Parent Relationship": "Inner","Parallel Aware": false,"Async Capable": false,"Scan Direction": "Forward","Index Name": "idx_orders_custkey","Relation Name": "orders","Alias": "orders","Startup Cost": 0.43,"Total Cost": 3.28,"Plan Rows": 17,"Plan Width": 4,"Actual Startup Time": 0.003,"Actual Total Time": 0.003,"Actual Rows": 1,"Actual Loops": 19146,"Index Cond": "(o_custkey = customer.c_custkey)","Rows Removed by Index Recheck": 0,"Heap Fetches": 0,"Workers": []}]}]}]}]}]},"Planning Time": 3.680,"Triggers": [],"Execution Time": 142.769}]
[{"Plan": {"Node Type": "Aggregate","Strategy": "Sorted","Partial Mode": "Finalize","Parallel Aware": false,"Async Capable": false,"Startup Cost": 12972.06,"Total Cost": 13071.37,"Plan Rows": 744,"Plan Width": 72,"Actual Startup Time": 139.062,"Actual Total Time": 142.776,"Actual Rows": 7,"Actual Loops": 1,"Group Key": ["(SUBSTRING(customer.c_phone FROM 1 FOR 2))"],"Plans": [{"Node Type": "Aggregate","Strategy": "Plain","Partial Mode": "Finalize","Parent Relationship": "InitPlan","Subplan Name": "InitPlan 1 (returns $1)","Parallel Aware": false,"Async Capable": false,"Startup Cost": 6230.83,"Total Cost": 6230.84,"Plan Rows": 1,"Plan Width": 32,"Actual Startup Time": 63.009,"Actual Total Time": 63.216,"Actual Rows": 1,"Actual Loops": 1,"Plans": [{"Node Type": "Gather","Parent Relationship": "Outer","Parallel Aware": false,"Async Capable": false,"Startup Cost": 6230.61,"Total Cost": 6230.82,"Plan Rows": 2,"Plan Width": 32,"Actual Startup Time": 62.924,"Actual Total Time": 63.200,"Actual Rows": 3,"Actual Loops": 1,"Workers Planned": 2,"Workers Launched": 2,"Single Copy": false,"Plans": [{"Node Type": "Aggregate","Strategy": "Plain","Partial Mode": "Partial","Parent Relationship": "Outer","Parallel Aware": false,"Async Capable": false,"Startup Cost": 5230.61,"Total Cost": 5230.62,"Plan Rows": 1,"Plan Width": 32,"Actual Startup Time": 56.232,"Actual Total Time": 56.233,"Actual Rows": 1,"Actual Loops": 3,"Workers": [],"Plans": [{"Node Type": "Seq Scan","Parent Relationship": "Outer","Parallel Aware": true,"Async Capable": false,"Relation Name": "customer","Alias": "customer_1","Startup Cost": 0.00,"Total Cost": 5225.62,"Plan Rows": 1994,"Plan Width": 6,"Actual Startup Time": 0.066,"Actual Total Time": 55.174,"Actual Rows": 12710,"Actual Loops": 3,"Filter": "((c_acctbal > 0.00) AND (SUBSTRING(c_phone FROM 1 FOR 2) = ANY ('{18,16,25,34,27,28,21}'::text[])))","Rows Removed by Filter": 37290,"Workers": []}]}]}]},{"Node Type": "Gather Merge","Parent Relationship": "Outer","Parallel Aware": false,"Async Capable": false,"Startup Cost": 6741.22,"Total Cost": 6821.30,"Plan Rows": 620,"Plan Width": 72,"Actual Startup Time": 138.958,"Actual Total Time": 142.516,"Actual Rows": 21,"Actual Loops": 1,"Workers Planned": 2,"Params Evaluated": ["$1"],"Workers Launched": 2,"Plans": [{"Node Type": "Aggregate","Strategy": "Sorted","Partial Mode": "Partial","Parent Relationship": "Outer","Parallel Aware": false,"Async Capable": false,"Startup Cost": 5741.19,"Total Cost": 5749.72,"Plan Rows": 310,"Plan Width": 72,"Actual Startup Time": 69.122,"Actual Total Time": 69.418,"Actual Rows": 7,"Actual Loops": 3,"Group Key": ["(SUBSTRING(customer.c_phone FROM 1 FOR 2))"],"Workers": [],"Plans": [{"Node Type": "Sort","Parent Relationship": "Outer","Parallel Aware": false,"Async Capable": false,"Startup Cost": 5741.19,"Total Cost": 5741.97,"Plan Rows": 310,"Plan Width": 38,"Actual Startup Time": 69.054,"Actual Total Time": 69.132,"Actual Rows": 2138,"Actual Loops": 3,"Sort Key": ["(SUBSTRING(customer.c_phone FROM 1 FOR 2))"],"Sort Method": "quicksort","Sort Space Used": 235,"Sort Space Type": "Memory","Workers": [{"Worker Number": 0,"Sort Method": "quicksort","Sort Space Used": 152,"Sort Space Type": "Memory"},{"Worker Number": 1,"Sort Method": "quicksort","Sort Space Used": 157,"Sort Space Type": "Memory"}],"Plans": [{"Node Type": "Nested Loop","Parent Relationship": "Outer","Parallel Aware": false,"Async Capable": false,"Join Type": "Anti","Startup Cost": 0.43,"Total Cost": 5728.36,"Plan Rows": 310,"Plan Width": 38,"Actual Startup Time": 0.159,"Actual Total Time": 68.290,"Actual Rows": 2138,"Actual Loops": 3,"Inner Unique": false,"Workers": [],"Plans": [{"Node Type": "Seq Scan","Parent Relationship": "Outer","Parallel Aware": true,"Async Capable": false,"Relation Name": "customer","Alias": "customer","Startup Cost": 0.00,"Total Cost": 5225.62,"Plan Rows": 729,"Plan Width": 26,"Actual Startup Time": 0.037,"Actual Total Time": 44.913,"Actual Rows": 6350,"Actual Loops": 3,"Filter": "((c_acctbal > $1) AND (SUBSTRING(c_phone FROM 1 FOR 2) = ANY ('{18,16,25,34,27,28,21}'::text[])))","Rows Removed by Filter": 43650,"Workers": []},{"Node Type": "Index Only Scan","Parent Relationship": "Inner","Parallel Aware": false,"Async Capable": false,"Scan Direction": "Forward","Index Name": "idx_orders_custkey","Relation Name": "orders","Alias": "orders","Startup Cost": 0.43,"Total Cost": 3.28,"Plan Rows": 17,"Plan Width": 4,"Actual Startup Time": 0.003,"Actual Total Time": 0.003,"Actual Rows": 1,"Actual Loops": 19051,"Index Cond": "(o_custkey = customer.c_custkey)","Rows Removed by Index Recheck": 0,"Heap Fetches": 0,"Workers": []}]}]}]}]}]},"Planning Time": 4.887,"Triggers": [],"Execution Time": 143.217}]
[{"Plan": {"Node Type": "Aggregate","Strategy": "Sorted","Partial Mode": "Finalize","Parallel Aware": false,"Async Capable": false,"Startup Cost": 12972.06,"Total Cost": 13071.37,"Plan Rows": 744,"Plan Width": 72,"Actual Startup Time": 138.826,"Actual Total Time": 142.376,"Actual Rows": 7,"Actual Loops": 1,"Group Key": ["(SUBSTRING(customer.c_phone FROM 1 FOR 2))"],"Plans": [{"Node Type": "Aggregate","Strategy": "Plain","Partial Mode": "Finalize","Parent Relationship": "InitPlan","Subplan Name": "InitPlan 1 (returns $1)","Parallel Aware": false,"Async Capable": false,"Startup Cost": 6230.83,"Total Cost": 6230.84,"Plan Rows": 1,"Plan Width": 32,"Actual Startup Time": 62.004,"Actual Total Time": 62.200,"Actual Rows": 1,"Actual Loops": 1,"Plans": [{"Node Type": "Gather","Parent Relationship": "Outer","Parallel Aware": false,"Async Capable": false,"Startup Cost": 6230.61,"Total Cost": 6230.82,"Plan Rows": 2,"Plan Width": 32,"Actual Startup Time": 61.921,"Actual Total Time": 62.185,"Actual Rows": 3,"Actual Loops": 1,"Workers Planned": 2,"Workers Launched": 2,"Single Copy": false,"Plans": [{"Node Type": "Aggregate","Strategy": "Plain","Partial Mode": "Partial","Parent Relationship": "Outer","Parallel Aware": false,"Async Capable": false,"Startup Cost": 5230.61,"Total Cost": 5230.62,"Plan Rows": 1,"Plan Width": 32,"Actual Startup Time": 56.185,"Actual Total Time": 56.187,"Actual Rows": 1,"Actual Loops": 3,"Workers": [],"Plans": [{"Node Type": "Seq Scan","Parent Relationship": "Outer","Parallel Aware": true,"Async Capable": false,"Relation Name": "customer","Alias": "customer_1","Startup Cost": 0.00,"Total Cost": 5225.62,"Plan Rows": 1994,"Plan Width": 6,"Actual Startup Time": 0.044,"Actual Total Time": 55.065,"Actual Rows": 12755,"Actual Loops": 3,"Filter": "((c_acctbal > 0.00) AND (SUBSTRING(c_phone FROM 1 FOR 2) = ANY ('{21,10,19,25,14,12,29}'::text[])))","Rows Removed by Filter": 37245,"Workers": []}]}]}]},{"Node Type": "Gather Merge","Parent Relationship": "Outer","Parallel Aware": false,"Async Capable": false,"Startup Cost": 6741.22,"Total Cost": 6821.30,"Plan Rows": 620,"Plan Width": 72,"Actual Startup Time": 138.554,"Actual Total Time": 142.092,"Actual Rows": 21,"Actual Loops": 1,"Workers Planned": 2,"Params Evaluated": ["$1"],"Workers Launched": 2,"Plans": [{"Node Type": "Aggregate","Strategy": "Sorted","Partial Mode": "Partial","Parent Relationship": "Outer","Parallel Aware": false,"Async Capable": false,"Startup Cost": 5741.19,"Total Cost": 5749.72,"Plan Rows": 310,"Plan Width": 72,"Actual Startup Time": 69.531,"Actual Total Time": 70.007,"Actual Rows": 7,"Actual Loops": 3,"Group Key": ["(SUBSTRING(customer.c_phone FROM 1 FOR 2))"],"Workers": [],"Plans": [{"Node Type": "Sort","Parent Relationship": "Outer","Parallel Aware": false,"Async Capable": false,"Startup Cost": 5741.19,"Total Cost": 5741.97,"Plan Rows": 310,"Plan Width": 38,"Actual Startup Time": 69.460,"Actual Total Time": 69.584,"Actual Rows": 2146,"Actual Loops": 3,"Sort Key": ["(SUBSTRING(customer.c_phone FROM 1 FOR 2))"],"Sort Method": "quicksort","Sort Space Used": 226,"Sort Space Type": "Memory","Workers": [{"Worker Number": 0,"Sort Method": "quicksort","Sort Space Used": 159,"Sort Space Type": "Memory"},{"Worker Number": 1,"Sort Method": "quicksort","Sort Space Used": 159,"Sort Space Type": "Memory"}],"Plans": [{"Node Type": "Nested Loop","Parent Relationship": "Outer","Parallel Aware": false,"Async Capable": false,"Join Type": "Anti","Startup Cost": 0.43,"Total Cost": 5728.36,"Plan Rows": 310,"Plan Width": 38,"Actual Startup Time": 0.190,"Actual Total Time": 68.661,"Actual Rows": 2146,"Actual Loops": 3,"Inner Unique": false,"Workers": [],"Plans": [{"Node Type": "Seq Scan","Parent Relationship": "Outer","Parallel Aware": true,"Async Capable": false,"Relation Name": "customer","Alias": "customer","Startup Cost": 0.00,"Total Cost": 5225.62,"Plan Rows": 729,"Plan Width": 26,"Actual Startup Time": 0.051,"Actual Total Time": 45.242,"Actual Rows": 6360,"Actual Loops": 3,"Filter": "((c_acctbal > $1) AND (SUBSTRING(c_phone FROM 1 FOR 2) = ANY ('{21,10,19,25,14,12,29}'::text[])))","Rows Removed by Filter": 43640,"Workers": []},{"Node Type": "Index Only Scan","Parent Relationship": "Inner","Parallel Aware": false,"Async Capable": false,"Scan Direction": "Forward","Index Name": "idx_orders_custkey","Relation Name": "orders","Alias": "orders","Startup Cost": 0.43,"Total Cost": 3.28,"Plan Rows": 17,"Plan Width": 4,"Actual Startup Time": 0.003,"Actual Total Time": 0.003,"Actual Rows": 1,"Actual Loops": 19079,"Index Cond": "(o_custkey = customer.c_custkey)","Rows Removed by Index Recheck": 0,"Heap Fetches": 0,"Workers": []}]}]}]}]}]},"Planning Time": 3.336,"Triggers": [],"Execution Time": 142.702}]
[{"Plan": {"Node Type": "Aggregate","Strategy": "Sorted","Partial Mode": "Finalize","Parallel Aware": false,"Async Capable": false,"Startup Cost": 12972.06,"Total Cost": 13071.37,"Plan Rows": 744,"Plan Width": 72,"Actual Startup Time": 140.375,"Actual Total Time": 144.030,"Actual Rows": 7,"Actual Loops": 1,"Group Key": ["(SUBSTRING(customer.c_phone FROM 1 FOR 2))"],"Plans": [{"Node Type": "Aggregate","Strategy": "Plain","Partial Mode": "Finalize","Parent Relationship": "InitPlan","Subplan Name": "InitPlan 1 (returns $1)","Parallel Aware": false,"Async Capable": false,"Startup Cost": 6230.83,"Total Cost": 6230.84,"Plan Rows": 1,"Plan Width": 32,"Actual Startup Time": 61.502,"Actual Total Time": 61.685,"Actual Rows": 1,"Actual Loops": 1,"Plans": [{"Node Type": "Gather","Parent Relationship": "Outer","Parallel Aware": false,"Async Capable": false,"Startup Cost": 6230.61,"Total Cost": 6230.82,"Plan Rows": 2,"Plan Width": 32,"Actual Startup Time": 61.413,"Actual Total Time": 61.669,"Actual Rows": 3,"Actual Loops": 1,"Workers Planned": 2,"Workers Launched": 2,"Single Copy": false,"Plans": [{"Node Type": "Aggregate","Strategy": "Plain","Partial Mode": "Partial","Parent Relationship": "Outer","Parallel Aware": false,"Async Capable": false,"Startup Cost": 5230.61,"Total Cost": 5230.62,"Plan Rows": 1,"Plan Width": 32,"Actual Startup Time": 55.463,"Actual Total Time": 55.464,"Actual Rows": 1,"Actual Loops": 3,"Workers": [],"Plans": [{"Node Type": "Seq Scan","Parent Relationship": "Outer","Parallel Aware": true,"Async Capable": false,"Relation Name": "customer","Alias": "customer_1","Startup Cost": 0.00,"Total Cost": 5225.62,"Plan Rows": 1994,"Plan Width": 6,"Actual Startup Time": 0.052,"Actual Total Time": 54.411,"Actual Rows": 12628,"Actual Loops": 3,"Filter": "((c_acctbal > 0.00) AND (SUBSTRING(c_phone FROM 1 FOR 2) = ANY ('{30,22,11,16,15,17,31}'::text[])))","Rows Removed by Filter": 37372,"Workers": []}]}]}]},{"Node Type": "Gather Merge","Parent Relationship": "Outer","Parallel Aware": false,"Async Capable": false,"Startup Cost": 6741.22,"Total Cost": 6821.30,"Plan Rows": 620,"Plan Width": 72,"Actual Startup Time": 140.253,"Actual Total Time": 143.783,"Actual Rows": 21,"Actual Loops": 1,"Workers Planned": 2,"Params Evaluated": ["$1"],"Workers Launched": 2,"Plans": [{"Node Type": "Aggregate","Strategy": "Sorted","Partial Mode": "Partial","Parent Relationship": "Outer","Parallel Aware": false,"Async Capable": false,"Startup Cost": 5741.19,"Total Cost": 5749.72,"Plan Rows": 310,"Plan Width": 72,"Actual Startup Time": 72.171,"Actual Total Time": 72.457,"Actual Rows": 7,"Actual Loops": 3,"Group Key": ["(SUBSTRING(customer.c_phone FROM 1 FOR 2))"],"Workers": [],"Plans": [{"Node Type": "Sort","Parent Relationship": "Outer","Parallel Aware": false,"Async Capable": false,"Startup Cost": 5741.19,"Total Cost": 5741.97,"Plan Rows": 310,"Plan Width": 38,"Actual Startup Time": 72.102,"Actual Total Time": 72.177,"Actual Rows": 2088,"Actual Loops": 3,"Sort Key": ["(SUBSTRING(customer.c_phone FROM 1 FOR 2))"],"Sort Method": "quicksort","Sort Space Used": 229,"Sort Space Type": "Memory","Workers": [{"Worker Number": 0,"Sort Method": "quicksort","Sort Space Used": 158,"Sort Space Type": "Memory"},{"Worker Number": 1,"Sort Method": "quicksort","Sort Space Used": 149,"Sort Space Type": "Memory"}],"Plans": [{"Node Type": "Nested Loop","Parent Relationship": "Outer","Parallel Aware": false,"Async Capable": false,"Join Type": "Anti","Startup Cost": 0.43,"Total Cost": 5728.36,"Plan Rows": 310,"Plan Width": 38,"Actual Startup Time": 0.145,"Actual Total Time": 71.345,"Actual Rows": 2088,"Actual Loops": 3,"Inner Unique": false,"Workers": [],"Plans": [{"Node Type": "Seq Scan","Parent Relationship": "Outer","Parallel Aware": true,"Async Capable": false,"Relation Name": "customer","Alias": "customer","Startup Cost": 0.00,"Total Cost": 5225.62,"Plan Rows": 729,"Plan Width": 26,"Actual Startup Time": 0.050,"Actual Total Time": 47.377,"Actual Rows": 6284,"Actual Loops": 3,"Filter": "((c_acctbal > $1) AND (SUBSTRING(c_phone FROM 1 FOR 2) = ANY ('{30,22,11,16,15,17,31}'::text[])))","Rows Removed by Filter": 43716,"Workers": []},{"Node Type": "Index Only Scan","Parent Relationship": "Inner","Parallel Aware": false,"Async Capable": false,"Scan Direction": "Forward","Index Name": "idx_orders_custkey","Relation Name": "orders","Alias": "orders","Startup Cost": 0.43,"Total Cost": 3.28,"Plan Rows": 17,"Plan Width": 4,"Actual Startup Time": 0.003,"Actual Total Time": 0.003,"Actual Rows": 1,"Actual Loops": 18853,"Index Cond": "(o_custkey = customer.c_custkey)","Rows Removed by Index Recheck": 0,"Heap Fetches": 0,"Workers": []}]}]}]}]}]},"Planning Time": 4.616,"Triggers": [],"Execution Time": 144.467}]
[{"Plan": {"Node Type": "Aggregate","Strategy": "Sorted","Partial Mode": "Finalize","Parallel Aware": false,"Async Capable": false,"Startup Cost": 12972.06,"Total Cost": 13071.37,"Plan Rows": 744,"Plan Width": 72,"Actual Startup Time": 140.207,"Actual Total Time": 143.490,"Actual Rows": 7,"Actual Loops": 1,"Group Key": ["(SUBSTRING(customer.c_phone FROM 1 FOR 2))"],"Plans": [{"Node Type": "Aggregate","Strategy": "Plain","Partial Mode": "Finalize","Parent Relationship": "InitPlan","Subplan Name": "InitPlan 1 (returns $1)","Parallel Aware": false,"Async Capable": false,"Startup Cost": 6230.83,"Total Cost": 6230.84,"Plan Rows": 1,"Plan Width": 32,"Actual Startup Time": 61.367,"Actual Total Time": 61.537,"Actual Rows": 1,"Actual Loops": 1,"Plans": [{"Node Type": "Gather","Parent Relationship": "Outer","Parallel Aware": false,"Async Capable": false,"Startup Cost": 6230.61,"Total Cost": 6230.82,"Plan Rows": 2,"Plan Width": 32,"Actual Startup Time": 61.281,"Actual Total Time": 61.516,"Actual Rows": 3,"Actual Loops": 1,"Workers Planned": 2,"Workers Launched": 2,"Single Copy": false,"Plans": [{"Node Type": "Aggregate","Strategy": "Plain","Partial Mode": "Partial","Parent Relationship": "Outer","Parallel Aware": false,"Async Capable": false,"Startup Cost": 5230.61,"Total Cost": 5230.62,"Plan Rows": 1,"Plan Width": 32,"Actual Startup Time": 55.498,"Actual Total Time": 55.499,"Actual Rows": 1,"Actual Loops": 3,"Workers": [],"Plans": [{"Node Type": "Seq Scan","Parent Relationship": "Outer","Parallel Aware": true,"Async Capable": false,"Relation Name": "customer","Alias": "customer_1","Startup Cost": 0.00,"Total Cost": 5225.62,"Plan Rows": 1994,"Plan Width": 6,"Actual Startup Time": 0.038,"Actual Total Time": 54.417,"Actual Rows": 12672,"Actual Loops": 3,"Filter": "((c_acctbal > 0.00) AND (SUBSTRING(c_phone FROM 1 FOR 2) = ANY ('{25,28,13,20,30,33,26}'::text[])))","Rows Removed by Filter": 37328,"Workers": []}]}]}]},{"Node Type": "Gather Merge","Parent Relationship": "Outer","Parallel Aware": false,"Async Capable": false,"Startup Cost": 6741.22,"Total Cost": 6821.30,"Plan Rows": 620,"Plan Width": 72,"Actual Startup Time": 140.060,"Actual Total Time": 143.258,"Actual Rows": 21,"Actual Loops": 1,"Workers Planned": 2,"Params Evaluated": ["$1"],"Workers Launched": 2,"Plans": [{"Node Type": "Aggregate","Strategy": "Sorted","Partial Mode": "Partial","Parent Relationship": "Outer","Parallel Aware": false,"Async Capable": false,"Startup Cost": 5741.19,"Total Cost": 5749.72,"Plan Rows": 310,"Plan Width": 72,"Actual Startup Time": 72.106,"Actual Total Time": 72.396,"Actual Rows": 7,"Actual Loops": 3,"Group Key": ["(SUBSTRING(customer.c_phone FROM 1 FOR 2))"],"Workers": [],"Plans": [{"Node Type": "Sort","Parent Relationship": "Outer","Parallel Aware": false,"Async Capable": false,"Startup Cost": 5741.19,"Total Cost": 5741.97,"Plan Rows": 310,"Plan Width": 38,"Actual Startup Time": 72.034,"Actual Total Time": 72.113,"Actual Rows": 2103,"Actual Loops": 3,"Sort Key": ["(SUBSTRING(customer.c_phone FROM 1 FOR 2))"],"Sort Method": "quicksort","Sort Space Used": 230,"Sort Space Type": "Memory","Workers": [{"Worker Number": 0,"Sort Method": "quicksort","Sort Space Used": 157,"Sort Space Type": "Memory"},{"Worker Number": 1,"Sort Method": "quicksort","Sort Space Used": 151,"Sort Space Type": "Memory"}],"Plans": [{"Node Type": "Nested Loop","Parent Relationship": "Outer","Parallel Aware": false,"Async Capable": false,"Join Type": "Anti","Startup Cost": 0.43,"Total Cost": 5728.36,"Plan Rows": 310,"Plan Width": 38,"Actual Startup Time": 0.149,"Actual Total Time": 71.215,"Actual Rows": 2103,"Actual Loops": 3,"Inner Unique": false,"Workers": [],"Plans": [{"Node Type": "Seq Scan","Parent Relationship": "Outer","Parallel Aware": true,"Async Capable": false,"Relation Name": "customer","Alias": "customer","Startup Cost": 0.00,"Total Cost": 5225.62,"Plan Rows": 729,"Plan Width": 26,"Actual Startup Time": 0.048,"Actual Total Time": 47.195,"Actual Rows": 6319,"Actual Loops": 3,"Filter": "((c_acctbal > $1) AND (SUBSTRING(c_phone FROM 1 FOR 2) = ANY ('{25,28,13,20,30,33,26}'::text[])))","Rows Removed by Filter": 43681,"Workers": []},{"Node Type": "Index Only Scan","Parent Relationship": "Inner","Parallel Aware": false,"Async Capable": false,"Scan Direction": "Forward","Index Name": "idx_orders_custkey","Relation Name": "orders","Alias": "orders","Startup Cost": 0.43,"Total Cost": 3.28,"Plan Rows": 17,"Plan Width": 4,"Actual Startup Time": 0.003,"Actual Total Time": 0.003,"Actual Rows": 1,"Actual Loops": 18958,"Index Cond": "(o_custkey = customer.c_custkey)","Rows Removed by Index Recheck": 0,"Heap Fetches": 0,"Workers": []}]}]}]}]}]},"Planning Time": 4.872,"Triggers": [],"Execution Time": 143.940}]
[{"Plan": {"Node Type": "Aggregate","Strategy": "Sorted","Partial Mode": "Finalize","Parallel Aware": false,"Async Capable": false,"Startup Cost": 12972.06,"Total Cost": 13071.37,"Plan Rows": 744,"Plan Width": 72,"Actual Startup Time": 138.769,"Actual Total Time": 142.403,"Actual Rows": 7,"Actual Loops": 1,"Group Key": ["(SUBSTRING(customer.c_phone FROM 1 FOR 2))"],"Plans": [{"Node Type": "Aggregate","Strategy": "Plain","Partial Mode": "Finalize","Parent Relationship": "InitPlan","Subplan Name": "InitPlan 1 (returns $1)","Parallel Aware": false,"Async Capable": false,"Startup Cost": 6230.83,"Total Cost": 6230.84,"Plan Rows": 1,"Plan Width": 32,"Actual Startup Time": 62.450,"Actual Total Time": 62.649,"Actual Rows": 1,"Actual Loops": 1,"Plans": [{"Node Type": "Gather","Parent Relationship": "Outer","Parallel Aware": false,"Async Capable": false,"Startup Cost": 6230.61,"Total Cost": 6230.82,"Plan Rows": 2,"Plan Width": 32,"Actual Startup Time": 62.408,"Actual Total Time": 62.633,"Actual Rows": 3,"Actual Loops": 1,"Workers Planned": 2,"Workers Launched": 2,"Single Copy": false,"Plans": [{"Node Type": "Aggregate","Strategy": "Plain","Partial Mode": "Partial","Parent Relationship": "Outer","Parallel Aware": false,"Async Capable": false,"Startup Cost": 5230.61,"Total Cost": 5230.62,"Plan Rows": 1,"Plan Width": 32,"Actual Startup Time": 55.874,"Actual Total Time": 55.874,"Actual Rows": 1,"Actual Loops": 3,"Workers": [],"Plans": [{"Node Type": "Seq Scan","Parent Relationship": "Outer","Parallel Aware": true,"Async Capable": false,"Relation Name": "customer","Alias": "customer_1","Startup Cost": 0.00,"Total Cost": 5225.62,"Plan Rows": 1994,"Plan Width": 6,"Actual Startup Time": 0.054,"Actual Total Time": 54.833,"Actual Rows": 12743,"Actual Loops": 3,"Filter": "((c_acctbal > 0.00) AND (SUBSTRING(c_phone FROM 1 FOR 2) = ANY ('{33,28,10,15,27,19,12}'::text[])))","Rows Removed by Filter": 37257,"Workers": []}]}]}]},{"Node Type": "Gather Merge","Parent Relationship": "Outer","Parallel Aware": false,"Async Capable": false,"Startup Cost": 6741.22,"Total Cost": 6821.30,"Plan Rows": 620,"Plan Width": 72,"Actual Startup Time": 138.657,"Actual Total Time": 142.142,"Actual Rows": 21,"Actual Loops": 1,"Workers Planned": 2,"Params Evaluated": ["$1"],"Workers Launched": 2,"Plans": [{"Node Type": "Aggregate","Strategy": "Sorted","Partial Mode": "Partial","Parent Relationship": "Outer","Parallel Aware": false,"Async Capable": false,"Startup Cost": 5741.19,"Total Cost": 5749.72,"Plan Rows": 310,"Plan Width": 72,"Actual Startup Time": 69.580,"Actual Total Time": 69.873,"Actual Rows": 7,"Actual Loops": 3,"Group Key": ["(SUBSTRING(customer.c_phone FROM 1 FOR 2))"],"Workers": [],"Plans": [{"Node Type": "Sort","Parent Relationship": "Outer","Parallel Aware": false,"Async Capable": false,"Startup Cost": 5741.19,"Total Cost": 5741.97,"Plan Rows": 310,"Plan Width": 38,"Actual Startup Time": 69.515,"Actual Total Time": 69.592,"Actual Rows": 2119,"Actual Loops": 3,"Sort Key": ["(SUBSTRING(customer.c_phone FROM 1 FOR 2))"],"Sort Method": "quicksort","Sort Space Used": 234,"Sort Space Type": "Memory","Workers": [{"Worker Number": 0,"Sort Method": "quicksort","Sort Space Used": 151,"Sort Space Type": "Memory"},{"Worker Number": 1,"Sort Method": "quicksort","Sort Space Used": 156,"Sort Space Type": "Memory"}],"Plans": [{"Node Type": "Nested Loop","Parent Relationship": "Outer","Parallel Aware": false,"Async Capable": false,"Join Type": "Anti","Startup Cost": 0.43,"Total Cost": 5728.36,"Plan Rows": 310,"Plan Width": 38,"Actual Startup Time": 0.129,"Actual Total Time": 68.739,"Actual Rows": 2119,"Actual Loops": 3,"Inner Unique": false,"Workers": [],"Plans": [{"Node Type": "Seq Scan","Parent Relationship": "Outer","Parallel Aware": true,"Async Capable": false,"Relation Name": "customer","Alias": "customer","Startup Cost": 0.00,"Total Cost": 5225.62,"Plan Rows": 729,"Plan Width": 26,"Actual Startup Time": 0.032,"Actual Total Time": 45.343,"Actual Rows": 6325,"Actual Loops": 3,"Filter": "((c_acctbal > $1) AND (SUBSTRING(c_phone FROM 1 FOR 2) = ANY ('{33,28,10,15,27,19,12}'::text[])))","Rows Removed by Filter": 43675,"Workers": []},{"Node Type": "Index Only Scan","Parent Relationship": "Inner","Parallel Aware": false,"Async Capable": false,"Scan Direction": "Forward","Index Name": "idx_orders_custkey","Relation Name": "orders","Alias": "orders","Startup Cost": 0.43,"Total Cost": 3.28,"Plan Rows": 17,"Plan Width": 4,"Actual Startup Time": 0.003,"Actual Total Time": 0.003,"Actual Rows": 1,"Actual Loops": 18974,"Index Cond": "(o_custkey = customer.c_custkey)","Rows Removed by Index Recheck": 0,"Heap Fetches": 0,"Workers": []}]}]}]}]}]},"Planning Time": 4.756,"Triggers": [],"Execution Time": 142.721}]
[{"Plan": {"Node Type": "Aggregate","Strategy": "Sorted","Partial Mode": "Finalize","Parallel Aware": false,"Async Capable": false,"Startup Cost": 12972.06,"Total Cost": 13071.37,"Plan Rows": 744,"Plan Width": 72,"Actual Startup Time": 134.227,"Actual Total Time": 138.467,"Actual Rows": 7,"Actual Loops": 1,"Group Key": ["(SUBSTRING(customer.c_phone FROM 1 FOR 2))"],"Plans": [{"Node Type": "Aggregate","Strategy": "Plain","Partial Mode": "Finalize","Parent Relationship": "InitPlan","Subplan Name": "InitPlan 1 (returns $1)","Parallel Aware": false,"Async Capable": false,"Startup Cost": 6230.83,"Total Cost": 6230.84,"Plan Rows": 1,"Plan Width": 32,"Actual Startup Time": 59.642,"Actual Total Time": 59.973,"Actual Rows": 1,"Actual Loops": 1,"Plans": [{"Node Type": "Gather","Parent Relationship": "Outer","Parallel Aware": false,"Async Capable": false,"Startup Cost": 6230.61,"Total Cost": 6230.82,"Plan Rows": 2,"Plan Width": 32,"Actual Startup Time": 59.529,"Actual Total Time": 59.951,"Actual Rows": 3,"Actual Loops": 1,"Workers Planned": 2,"Workers Launched": 2,"Single Copy": false,"Plans": [{"Node Type": "Aggregate","Strategy": "Plain","Partial Mode": "Partial","Parent Relationship": "Outer","Parallel Aware": false,"Async Capable": false,"Startup Cost": 5230.61,"Total Cost": 5230.62,"Plan Rows": 1,"Plan Width": 32,"Actual Startup Time": 53.242,"Actual Total Time": 53.245,"Actual Rows": 1,"Actual Loops": 3,"Workers": [],"Plans": [{"Node Type": "Seq Scan","Parent Relationship": "Outer","Parallel Aware": true,"Async Capable": false,"Relation Name": "customer","Alias": "customer_1","Startup Cost": 0.00,"Total Cost": 5225.62,"Plan Rows": 1994,"Plan Width": 6,"Actual Startup Time": 0.074,"Actual Total Time": 52.159,"Actual Rows": 12671,"Actual Loops": 3,"Filter": "((c_acctbal > 0.00) AND (SUBSTRING(c_phone FROM 1 FOR 2) = ANY ('{14,20,17,30,31,32,26}'::text[])))","Rows Removed by Filter": 37329,"Workers": []}]}]}]},{"Node Type": "Gather Merge","Parent Relationship": "Outer","Parallel Aware": false,"Async Capable": false,"Startup Cost": 6741.22,"Total Cost": 6821.30,"Plan Rows": 620,"Plan Width": 72,"Actual Startup Time": 134.017,"Actual Total Time": 138.064,"Actual Rows": 21,"Actual Loops": 1,"Workers Planned": 2,"Params Evaluated": ["$1"],"Workers Launched": 2,"Plans": [{"Node Type": "Aggregate","Strategy": "Sorted","Partial Mode": "Partial","Parent Relationship": "Outer","Parallel Aware": false,"Async Capable": false,"Startup Cost": 5741.19,"Total Cost": 5749.72,"Plan Rows": 310,"Plan Width": 72,"Actual Startup Time": 66.560,"Actual Total Time": 67.072,"Actual Rows": 7,"Actual Loops": 3,"Group Key": ["(SUBSTRING(customer.c_phone FROM 1 FOR 2))"],"Workers": [],"Plans": [{"Node Type": "Sort","Parent Relationship": "Outer","Parallel Aware": false,"Async Capable": false,"Startup Cost": 5741.19,"Total Cost": 5741.97,"Plan Rows": 310,"Plan Width": 38,"Actual Startup Time": 66.428,"Actual Total Time": 66.573,"Actual Rows": 2112,"Actual Loops": 3,"Sort Key": ["(SUBSTRING(customer.c_phone FROM 1 FOR 2))"],"Sort Method": "quicksort","Sort Space Used": 225,"Sort Space Type": "Memory","Workers": [{"Worker Number": 0,"Sort Method": "quicksort","Sort Space Used": 155,"Sort Space Type": "Memory"},{"Worker Number": 1,"Sort Method": "quicksort","Sort Space Used": 160,"Sort Space Type": "Memory"}],"Plans": [{"Node Type": "Nested Loop","Parent Relationship": "Outer","Parallel Aware": false,"Async Capable": false,"Join Type": "Anti","Startup Cost": 0.43,"Total Cost": 5728.36,"Plan Rows": 310,"Plan Width": 38,"Actual Startup Time": 0.184,"Actual Total Time": 65.424,"Actual Rows": 2112,"Actual Loops": 3,"Inner Unique": false,"Workers": [],"Plans": [{"Node Type": "Seq Scan","Parent Relationship": "Outer","Parallel Aware": true,"Async Capable": false,"Relation Name": "customer","Alias": "customer","Startup Cost": 0.00,"Total Cost": 5225.62,"Plan Rows": 729,"Plan Width": 26,"Actual Startup Time": 0.058,"Actual Total Time": 42.772,"Actual Rows": 6346,"Actual Loops": 3,"Filter": "((c_acctbal > $1) AND (SUBSTRING(c_phone FROM 1 FOR 2) = ANY ('{14,20,17,30,31,32,26}'::text[])))","Rows Removed by Filter": 43654,"Workers": []},{"Node Type": "Index Only Scan","Parent Relationship": "Inner","Parallel Aware": false,"Async Capable": false,"Scan Direction": "Forward","Index Name": "idx_orders_custkey","Relation Name": "orders","Alias": "orders","Startup Cost": 0.43,"Total Cost": 3.28,"Plan Rows": 17,"Plan Width": 4,"Actual Startup Time": 0.003,"Actual Total Time": 0.003,"Actual Rows": 1,"Actual Loops": 19038,"Index Cond": "(o_custkey = customer.c_custkey)","Rows Removed by Index Recheck": 0,"Heap Fetches": 0,"Workers": []}]}]}]}]}]},"Planning Time": 3.729,"Triggers": [],"Execution Time": 138.882}]
[{"Plan": {"Node Type": "Aggregate","Strategy": "Sorted","Partial Mode": "Finalize","Parallel Aware": false,"Async Capable": false,"Startup Cost": 12972.06,"Total Cost": 13071.37,"Plan Rows": 744,"Plan Width": 72,"Actual Startup Time": 140.187,"Actual Total Time": 143.954,"Actual Rows": 7,"Actual Loops": 1,"Group Key": ["(SUBSTRING(customer.c_phone FROM 1 FOR 2))"],"Plans": [{"Node Type": "Aggregate","Strategy": "Plain","Partial Mode": "Finalize","Parent Relationship": "InitPlan","Subplan Name": "InitPlan 1 (returns $1)","Parallel Aware": false,"Async Capable": false,"Startup Cost": 6230.83,"Total Cost": 6230.84,"Plan Rows": 1,"Plan Width": 32,"Actual Startup Time": 61.889,"Actual Total Time": 62.107,"Actual Rows": 1,"Actual Loops": 1,"Plans": [{"Node Type": "Gather","Parent Relationship": "Outer","Parallel Aware": false,"Async Capable": false,"Startup Cost": 6230.61,"Total Cost": 6230.82,"Plan Rows": 2,"Plan Width": 32,"Actual Startup Time": 61.826,"Actual Total Time": 62.096,"Actual Rows": 3,"Actual Loops": 1,"Workers Planned": 2,"Workers Launched": 2,"Single Copy": false,"Plans": [{"Node Type": "Aggregate","Strategy": "Plain","Partial Mode": "Partial","Parent Relationship": "Outer","Parallel Aware": false,"Async Capable": false,"Startup Cost": 5230.61,"Total Cost": 5230.62,"Plan Rows": 1,"Plan Width": 32,"Actual Startup Time": 56.109,"Actual Total Time": 56.111,"Actual Rows": 1,"Actual Loops": 3,"Workers": [],"Plans": [{"Node Type": "Seq Scan","Parent Relationship": "Outer","Parallel Aware": true,"Async Capable": false,"Relation Name": "customer","Alias": "customer_1","Startup Cost": 0.00,"Total Cost": 5225.62,"Plan Rows": 1994,"Plan Width": 6,"Actual Startup Time": 0.048,"Actual Total Time": 55.034,"Actual Rows": 12735,"Actual Loops": 3,"Filter": "((c_acctbal > 0.00) AND (SUBSTRING(c_phone FROM 1 FOR 2) = ANY ('{13,27,22,33,12,24,31}'::text[])))","Rows Removed by Filter": 37265,"Workers": []}]}]}]},{"Node Type": "Gather Merge","Parent Relationship": "Outer","Parallel Aware": false,"Async Capable": false,"Startup Cost": 6741.22,"Total Cost": 6821.30,"Plan Rows": 620,"Plan Width": 72,"Actual Startup Time": 139.927,"Actual Total Time": 143.656,"Actual Rows": 21,"Actual Loops": 1,"Workers Planned": 2,"Params Evaluated": ["$1"],"Workers Launched": 2,"Plans": [{"Node Type": "Aggregate","Strategy": "Sorted","Partial Mode": "Partial","Parent Relationship": "Outer","Parallel Aware": false,"Async Capable": false,"Startup Cost": 5741.19,"Total Cost": 5749.72,"Plan Rows": 310,"Plan Width": 72,"Actual Startup Time": 70.949,"Actual Total Time": 71.329,"Actual Rows": 7,"Actual Loops": 3,"Group Key": ["(SUBSTRING(customer.c_phone FROM 1 FOR 2))"],"Workers": [],"Plans": [{"Node Type": "Sort","Parent Relationship": "Outer","Parallel Aware": false,"Async Capable": false,"Startup Cost": 5741.19,"Total Cost": 5741.97,"Plan Rows": 310,"Plan Width": 38,"Actual Startup Time": 70.874,"Actual Total Time": 70.974,"Actual Rows": 2106,"Actual Loops": 3,"Sort Key": ["(SUBSTRING(customer.c_phone FROM 1 FOR 2))"],"Sort Method": "quicksort","Sort Space Used": 225,"Sort Space Type": "Memory","Workers": [{"Worker Number": 0,"Sort Method": "quicksort","Sort Space Used": 157,"Sort Space Type": "Memory"},{"Worker Number": 1,"Sort Method": "quicksort","Sort Space Used": 156,"Sort Space Type": "Memory"}],"Plans": [{"Node Type": "Nested Loop","Parent Relationship": "Outer","Parallel Aware": false,"Async Capable": false,"Join Type": "Anti","Startup Cost": 0.43,"Total Cost": 5728.36,"Plan Rows": 310,"Plan Width": 38,"Actual Startup Time": 0.256,"Actual Total Time": 70.027,"Actual Rows": 2106,"Actual Loops": 3,"Inner Unique": false,"Workers": [],"Plans": [{"Node Type": "Seq Scan","Parent Relationship": "Outer","Parallel Aware": true,"Async Capable": false,"Relation Name": "customer","Alias": "customer","Startup Cost": 0.00,"Total Cost": 5225.62,"Plan Rows": 729,"Plan Width": 26,"Actual Startup Time": 0.043,"Actual Total Time": 46.065,"Actual Rows": 6327,"Actual Loops": 3,"Filter": "((c_acctbal > $1) AND (SUBSTRING(c_phone FROM 1 FOR 2) = ANY ('{13,27,22,33,12,24,31}'::text[])))","Rows Removed by Filter": 43673,"Workers": []},{"Node Type": "Index Only Scan","Parent Relationship": "Inner","Parallel Aware": false,"Async Capable": false,"Scan Direction": "Forward","Index Name": "idx_orders_custkey","Relation Name": "orders","Alias": "orders","Startup Cost": 0.43,"Total Cost": 3.28,"Plan Rows": 17,"Plan Width": 4,"Actual Startup Time": 0.003,"Actual Total Time": 0.003,"Actual Rows": 1,"Actual Loops": 18982,"Index Cond": "(o_custkey = customer.c_custkey)","Rows Removed by Index Recheck": 0,"Heap Fetches": 0,"Workers": []}]}]}]}]}]},"Planning Time": 3.635,"Triggers": [],"Execution Time": 144.298}]
[{"Plan": {"Node Type": "Aggregate","Strategy": "Sorted","Partial Mode": "Finalize","Parallel Aware": false,"Async Capable": false,"Startup Cost": 12972.06,"Total Cost": 13071.37,"Plan Rows": 744,"Plan Width": 72,"Actual Startup Time": 132.743,"Actual Total Time": 136.719,"Actual Rows": 7,"Actual Loops": 1,"Group Key": ["(SUBSTRING(customer.c_phone FROM 1 FOR 2))"],"Plans": [{"Node Type": "Aggregate","Strategy": "Plain","Partial Mode": "Finalize","Parent Relationship": "InitPlan","Subplan Name": "InitPlan 1 (returns $1)","Parallel Aware": false,"Async Capable": false,"Startup Cost": 6230.83,"Total Cost": 6230.84,"Plan Rows": 1,"Plan Width": 32,"Actual Startup Time": 60.962,"Actual Total Time": 61.179,"Actual Rows": 1,"Actual Loops": 1,"Plans": [{"Node Type": "Gather","Parent Relationship": "Outer","Parallel Aware": false,"Async Capable": false,"Startup Cost": 6230.61,"Total Cost": 6230.82,"Plan Rows": 2,"Plan Width": 32,"Actual Startup Time": 60.873,"Actual Total Time": 61.162,"Actual Rows": 3,"Actual Loops": 1,"Workers Planned": 2,"Workers Launched": 2,"Single Copy": false,"Plans": [{"Node Type": "Aggregate","Strategy": "Plain","Partial Mode": "Partial","Parent Relationship": "Outer","Parallel Aware": false,"Async Capable": false,"Startup Cost": 5230.61,"Total Cost": 5230.62,"Plan Rows": 1,"Plan Width": 32,"Actual Startup Time": 54.307,"Actual Total Time": 54.309,"Actual Rows": 1,"Actual Loops": 3,"Workers": [],"Plans": [{"Node Type": "Seq Scan","Parent Relationship": "Outer","Parallel Aware": true,"Async Capable": false,"Relation Name": "customer","Alias": "customer_1","Startup Cost": 0.00,"Total Cost": 5225.62,"Plan Rows": 1994,"Plan Width": 6,"Actual Startup Time": 0.052,"Actual Total Time": 53.236,"Actual Rows": 12678,"Actual Loops": 3,"Filter": "((c_acctbal > 0.00) AND (SUBSTRING(c_phone FROM 1 FOR 2) = ANY ('{13,25,18,34,21,15,31}'::text[])))","Rows Removed by Filter": 37322,"Workers": []}]}]}]},{"Node Type": "Gather Merge","Parent Relationship": "Outer","Parallel Aware": false,"Async Capable": false,"Startup Cost": 6741.22,"Total Cost": 6821.30,"Plan Rows": 620,"Plan Width": 72,"Actual Startup Time": 132.651,"Actual Total Time": 136.458,"Actual Rows": 21,"Actual Loops": 1,"Workers Planned": 2,"Params Evaluated": ["$1"],"Workers Launched": 2,"Plans": [{"Node Type": "Aggregate","Strategy": "Sorted","Partial Mode": "Partial","Parent Relationship": "Outer","Parallel Aware": false,"Async Capable": false,"Startup Cost": 5741.19,"Total Cost": 5749.72,"Plan Rows": 310,"Plan Width": 72,"Actual Startup Time": 65.180,"Actual Total Time": 65.495,"Actual Rows": 7,"Actual Loops": 3,"Group Key": ["(SUBSTRING(customer.c_phone FROM 1 FOR 2))"],"Workers": [],"Plans": [{"Node Type": "Sort","Parent Relationship": "Outer","Parallel Aware": false,"Async Capable": false,"Startup Cost": 5741.19,"Total Cost": 5741.97,"Plan Rows": 310,"Plan Width": 38,"Actual Startup Time": 65.104,"Actual Total Time": 65.188,"Actual Rows": 2144,"Actual Loops": 3,"Sort Key": ["(SUBSTRING(customer.c_phone FROM 1 FOR 2))"],"Sort Method": "quicksort","Sort Space Used": 232,"Sort Space Type": "Memory","Workers": [{"Worker Number": 0,"Sort Method": "quicksort","Sort Space Used": 156,"Sort Space Type": "Memory"},{"Worker Number": 1,"Sort Method": "quicksort","Sort Space Used": 157,"Sort Space Type": "Memory"}],"Plans": [{"Node Type": "Nested Loop","Parent Relationship": "Outer","Parallel Aware": false,"Async Capable": false,"Join Type": "Anti","Startup Cost": 0.43,"Total Cost": 5728.36,"Plan Rows": 310,"Plan Width": 38,"Actual Startup Time": 0.116,"Actual Total Time": 64.275,"Actual Rows": 2144,"Actual Loops": 3,"Inner Unique": false,"Workers": [],"Plans": [{"Node Type": "Seq Scan","Parent Relationship": "Outer","Parallel Aware": true,"Async Capable": false,"Relation Name": "customer","Alias": "customer","Startup Cost": 0.00,"Total Cost": 5225.62,"Plan Rows": 729,"Plan Width": 26,"Actual Startup Time": 0.032,"Actual Total Time": 43.537,"Actual Rows": 6334,"Actual Loops": 3,"Filter": "((c_acctbal > $1) AND (SUBSTRING(c_phone FROM 1 FOR 2) = ANY ('{13,25,18,34,21,15,31}'::text[])))","Rows Removed by Filter": 43666,"Workers": []},{"Node Type": "Index Only Scan","Parent Relationship": "Inner","Parallel Aware": false,"Async Capable": false,"Scan Direction": "Forward","Index Name": "idx_orders_custkey","Relation Name": "orders","Alias": "orders","Startup Cost": 0.43,"Total Cost": 3.28,"Plan Rows": 17,"Plan Width": 4,"Actual Startup Time": 0.003,"Actual Total Time": 0.003,"Actual Rows": 1,"Actual Loops": 19003,"Index Cond": "(o_custkey = customer.c_custkey)","Rows Removed by Index Recheck": 0,"Heap Fetches": 0,"Workers": []}]}]}]}]}]},"Planning Time": 4.307,"Triggers": [],"Execution Time": 137.070}]
[{"Plan": {"Node Type": "Aggregate","Strategy": "Sorted","Partial Mode": "Finalize","Parallel Aware": false,"Async Capable": false,"Startup Cost": 12972.06,"Total Cost": 13071.37,"Plan Rows": 744,"Plan Width": 72,"Actual Startup Time": 139.110,"Actual Total Time": 142.836,"Actual Rows": 7,"Actual Loops": 1,"Group Key": ["(SUBSTRING(customer.c_phone FROM 1 FOR 2))"],"Plans": [{"Node Type": "Aggregate","Strategy": "Plain","Partial Mode": "Finalize","Parent Relationship": "InitPlan","Subplan Name": "InitPlan 1 (returns $1)","Parallel Aware": false,"Async Capable": false,"Startup Cost": 6230.83,"Total Cost": 6230.84,"Plan Rows": 1,"Plan Width": 32,"Actual Startup Time": 62.681,"Actual Total Time": 62.856,"Actual Rows": 1,"Actual Loops": 1,"Plans": [{"Node Type": "Gather","Parent Relationship": "Outer","Parallel Aware": false,"Async Capable": false,"Startup Cost": 6230.61,"Total Cost": 6230.82,"Plan Rows": 2,"Plan Width": 32,"Actual Startup Time": 62.575,"Actual Total Time": 62.844,"Actual Rows": 3,"Actual Loops": 1,"Workers Planned": 2,"Workers Launched": 2,"Single Copy": false,"Plans": [{"Node Type": "Aggregate","Strategy": "Plain","Partial Mode": "Partial","Parent Relationship": "Outer","Parallel Aware": false,"Async Capable": false,"Startup Cost": 5230.61,"Total Cost": 5230.62,"Plan Rows": 1,"Plan Width": 32,"Actual Startup Time": 56.105,"Actual Total Time": 56.106,"Actual Rows": 1,"Actual Loops": 3,"Workers": [],"Plans": [{"Node Type": "Seq Scan","Parent Relationship": "Outer","Parallel Aware": true,"Async Capable": false,"Relation Name": "customer","Alias": "customer_1","Startup Cost": 0.00,"Total Cost": 5225.62,"Plan Rows": 1994,"Plan Width": 6,"Actual Startup Time": 0.051,"Actual Total Time": 55.056,"Actual Rows": 12835,"Actual Loops": 3,"Filter": "((c_acctbal > 0.00) AND (SUBSTRING(c_phone FROM 1 FOR 2) = ANY ('{12,20,19,32,29,11,31}'::text[])))","Rows Removed by Filter": 37165,"Workers": []}]}]}]},{"Node Type": "Gather Merge","Parent Relationship": "Outer","Parallel Aware": false,"Async Capable": false,"Startup Cost": 6741.22,"Total Cost": 6821.30,"Plan Rows": 620,"Plan Width": 72,"Actual Startup Time": 138.997,"Actual Total Time": 142.607,"Actual Rows": 21,"Actual Loops": 1,"Workers Planned": 2,"Params Evaluated": ["$1"],"Workers Launched": 2,"Plans": [{"Node Type": "Aggregate","Strategy": "Sorted","Partial Mode": "Partial","Parent Relationship": "Outer","Parallel Aware": false,"Async Capable": false,"Startup Cost": 5741.19,"Total Cost": 5749.72,"Plan Rows": 310,"Plan Width": 72,"Actual Startup Time": 69.566,"Actual Total Time": 69.875,"Actual Rows": 7,"Actual Loops": 3,"Group Key": ["(SUBSTRING(customer.c_phone FROM 1 FOR 2))"],"Workers": [],"Plans": [{"Node Type": "Sort","Parent Relationship": "Outer","Parallel Aware": false,"Async Capable": false,"Startup Cost": 5741.19,"Total Cost": 5741.97,"Plan Rows": 310,"Plan Width": 38,"Actual Startup Time": 69.501,"Actual Total Time": 69.581,"Actual Rows": 2141,"Actual Loops": 3,"Sort Key": ["(SUBSTRING(customer.c_phone FROM 1 FOR 2))"],"Sort Method": "quicksort","Sort Space Used": 233,"Sort Space Type": "Memory","Workers": [{"Worker Number": 0,"Sort Method": "quicksort","Sort Space Used": 155,"Sort Space Type": "Memory"},{"Worker Number": 1,"Sort Method": "quicksort","Sort Space Used": 156,"Sort Space Type": "Memory"}],"Plans": [{"Node Type": "Nested Loop","Parent Relationship": "Outer","Parallel Aware": false,"Async Capable": false,"Join Type": "Anti","Startup Cost": 0.43,"Total Cost": 5728.36,"Plan Rows": 310,"Plan Width": 38,"Actual Startup Time": 0.169,"Actual Total Time": 68.726,"Actual Rows": 2141,"Actual Loops": 3,"Inner Unique": false,"Workers": [],"Plans": [{"Node Type": "Seq Scan","Parent Relationship": "Outer","Parallel Aware": true,"Async Capable": false,"Relation Name": "customer","Alias": "customer","Startup Cost": 0.00,"Total Cost": 5225.62,"Plan Rows": 729,"Plan Width": 26,"Actual Startup Time": 0.066,"Actual Total Time": 45.117,"Actual Rows": 6416,"Actual Loops": 3,"Filter": "((c_acctbal > $1) AND (SUBSTRING(c_phone FROM 1 FOR 2) = ANY ('{12,20,19,32,29,11,31}'::text[])))","Rows Removed by Filter": 43584,"Workers": []},{"Node Type": "Index Only Scan","Parent Relationship": "Inner","Parallel Aware": false,"Async Capable": false,"Scan Direction": "Forward","Index Name": "idx_orders_custkey","Relation Name": "orders","Alias": "orders","Startup Cost": 0.43,"Total Cost": 3.28,"Plan Rows": 17,"Plan Width": 4,"Actual Startup Time": 0.003,"Actual Total Time": 0.003,"Actual Rows": 1,"Actual Loops": 19247,"Index Cond": "(o_custkey = customer.c_custkey)","Rows Removed by Index Recheck": 0,"Heap Fetches": 0,"Workers": []}]}]}]}]}]},"Planning Time": 3.870,"Triggers": [],"Execution Time": 143.172}]
[{"Plan": {"Node Type": "Aggregate","Strategy": "Sorted","Partial Mode": "Finalize","Parallel Aware": false,"Async Capable": false,"Startup Cost": 12972.06,"Total Cost": 13071.37,"Plan Rows": 744,"Plan Width": 72,"Actual Startup Time": 137.543,"Actual Total Time": 141.312,"Actual Rows": 7,"Actual Loops": 1,"Group Key": ["(SUBSTRING(customer.c_phone FROM 1 FOR 2))"],"Plans": [{"Node Type": "Aggregate","Strategy": "Plain","Partial Mode": "Finalize","Parent Relationship": "InitPlan","Subplan Name": "InitPlan 1 (returns $1)","Parallel Aware": false,"Async Capable": false,"Startup Cost": 6230.83,"Total Cost": 6230.84,"Plan Rows": 1,"Plan Width": 32,"Actual Startup Time": 62.660,"Actual Total Time": 62.855,"Actual Rows": 1,"Actual Loops": 1,"Plans": [{"Node Type": "Gather","Parent Relationship": "Outer","Parallel Aware": false,"Async Capable": false,"Startup Cost": 6230.61,"Total Cost": 6230.82,"Plan Rows": 2,"Plan Width": 32,"Actual Startup Time": 62.566,"Actual Total Time": 62.839,"Actual Rows": 3,"Actual Loops": 1,"Workers Planned": 2,"Workers Launched": 2,"Single Copy": false,"Plans": [{"Node Type": "Aggregate","Strategy": "Plain","Partial Mode": "Partial","Parent Relationship": "Outer","Parallel Aware": false,"Async Capable": false,"Startup Cost": 5230.61,"Total Cost": 5230.62,"Plan Rows": 1,"Plan Width": 32,"Actual Startup Time": 55.592,"Actual Total Time": 55.594,"Actual Rows": 1,"Actual Loops": 3,"Workers": [],"Plans": [{"Node Type": "Seq Scan","Parent Relationship": "Outer","Parallel Aware": true,"Async Capable": false,"Relation Name": "customer","Alias": "customer_1","Startup Cost": 0.00,"Total Cost": 5225.62,"Plan Rows": 1994,"Plan Width": 6,"Actual Startup Time": 0.068,"Actual Total Time": 54.473,"Actual Rows": 12723,"Actual Loops": 3,"Filter": "((c_acctbal > 0.00) AND (SUBSTRING(c_phone FROM 1 FOR 2) = ANY ('{25,16,17,23,14,32,27}'::text[])))","Rows Removed by Filter": 37277,"Workers": []}]}]}]},{"Node Type": "Gather Merge","Parent Relationship": "Outer","Parallel Aware": false,"Async Capable": false,"Startup Cost": 6741.22,"Total Cost": 6821.30,"Plan Rows": 620,"Plan Width": 72,"Actual Startup Time": 137.435,"Actual Total Time": 141.051,"Actual Rows": 21,"Actual Loops": 1,"Workers Planned": 2,"Params Evaluated": ["$1"],"Workers Launched": 2,"Plans": [{"Node Type": "Aggregate","Strategy": "Sorted","Partial Mode": "Partial","Parent Relationship": "Outer","Parallel Aware": false,"Async Capable": false,"Startup Cost": 5741.19,"Total Cost": 5749.72,"Plan Rows": 310,"Plan Width": 72,"Actual Startup Time": 68.031,"Actual Total Time": 68.317,"Actual Rows": 7,"Actual Loops": 3,"Group Key": ["(SUBSTRING(customer.c_phone FROM 1 FOR 2))"],"Workers": [],"Plans": [{"Node Type": "Sort","Parent Relationship": "Outer","Parallel Aware": false,"Async Capable": false,"Startup Cost": 5741.19,"Total Cost": 5741.97,"Plan Rows": 310,"Plan Width": 38,"Actual Startup Time": 67.960,"Actual Total Time": 68.037,"Actual Rows": 2098,"Actual Loops": 3,"Sort Key": ["(SUBSTRING(customer.c_phone FROM 1 FOR 2))"],"Sort Method": "quicksort","Sort Space Used": 236,"Sort Space Type": "Memory","Workers": [{"Worker Number": 0,"Sort Method": "quicksort","Sort Space Used": 151,"Sort Space Type": "Memory"},{"Worker Number": 1,"Sort Method": "quicksort","Sort Space Used": 151,"Sort Space Type": "Memory"}],"Plans": [{"Node Type": "Nested Loop","Parent Relationship": "Outer","Parallel Aware": false,"Async Capable": false,"Join Type": "Anti","Startup Cost": 0.43,"Total Cost": 5728.36,"Plan Rows": 310,"Plan Width": 38,"Actual Startup Time": 0.145,"Actual Total Time": 67.193,"Actual Rows": 2098,"Actual Loops": 3,"Inner Unique": false,"Workers": [],"Plans": [{"Node Type": "Seq Scan","Parent Relationship": "Outer","Parallel Aware": true,"Async Capable": false,"Relation Name": "customer","Alias": "customer","Startup Cost": 0.00,"Total Cost": 5225.62,"Plan Rows": 729,"Plan Width": 26,"Actual Startup Time": 0.037,"Actual Total Time": 44.178,"Actual Rows": 6340,"Actual Loops": 3,"Filter": "((c_acctbal > $1) AND (SUBSTRING(c_phone FROM 1 FOR 2) = ANY ('{25,16,17,23,14,32,27}'::text[])))","Rows Removed by Filter": 43660,"Workers": []},{"Node Type": "Index Only Scan","Parent Relationship": "Inner","Parallel Aware": false,"Async Capable": false,"Scan Direction": "Forward","Index Name": "idx_orders_custkey","Relation Name": "orders","Alias": "orders","Startup Cost": 0.43,"Total Cost": 3.28,"Plan Rows": 17,"Plan Width": 4,"Actual Startup Time": 0.003,"Actual Total Time": 0.003,"Actual Rows": 1,"Actual Loops": 19019,"Index Cond": "(o_custkey = customer.c_custkey)","Rows Removed by Index Recheck": 0,"Heap Fetches": 0,"Workers": []}]}]}]}]}]},"Planning Time": 4.841,"Triggers": [],"Execution Time": 141.817}]
[{"Plan": {"Node Type": "Aggregate","Strategy": "Sorted","Partial Mode": "Finalize","Parallel Aware": false,"Async Capable": false,"Startup Cost": 12972.06,"Total Cost": 13071.37,"Plan Rows": 744,"Plan Width": 72,"Actual Startup Time": 140.449,"Actual Total Time": 143.978,"Actual Rows": 7,"Actual Loops": 1,"Group Key": ["(SUBSTRING(customer.c_phone FROM 1 FOR 2))"],"Plans": [{"Node Type": "Aggregate","Strategy": "Plain","Partial Mode": "Finalize","Parent Relationship": "InitPlan","Subplan Name": "InitPlan 1 (returns $1)","Parallel Aware": false,"Async Capable": false,"Startup Cost": 6230.83,"Total Cost": 6230.84,"Plan Rows": 1,"Plan Width": 32,"Actual Startup Time": 61.918,"Actual Total Time": 62.095,"Actual Rows": 1,"Actual Loops": 1,"Plans": [{"Node Type": "Gather","Parent Relationship": "Outer","Parallel Aware": false,"Async Capable": false,"Startup Cost": 6230.61,"Total Cost": 6230.82,"Plan Rows": 2,"Plan Width": 32,"Actual Startup Time": 61.851,"Actual Total Time": 62.084,"Actual Rows": 3,"Actual Loops": 1,"Workers Planned": 2,"Workers Launched": 2,"Single Copy": false,"Plans": [{"Node Type": "Aggregate","Strategy": "Plain","Partial Mode": "Partial","Parent Relationship": "Outer","Parallel Aware": false,"Async Capable": false,"Startup Cost": 5230.61,"Total Cost": 5230.62,"Plan Rows": 1,"Plan Width": 32,"Actual Startup Time": 55.927,"Actual Total Time": 55.930,"Actual Rows": 1,"Actual Loops": 3,"Workers": [],"Plans": [{"Node Type": "Seq Scan","Parent Relationship": "Outer","Parallel Aware": true,"Async Capable": false,"Relation Name": "customer","Alias": "customer_1","Startup Cost": 0.00,"Total Cost": 5225.62,"Plan Rows": 1994,"Plan Width": 6,"Actual Startup Time": 0.049,"Actual Total Time": 54.886,"Actual Rows": 12634,"Actual Loops": 3,"Filter": "((c_acctbal > 0.00) AND (SUBSTRING(c_phone FROM 1 FOR 2) = ANY ('{20,27,26,11,34,25,15}'::text[])))","Rows Removed by Filter": 37366,"Workers": []}]}]}]},{"Node Type": "Gather Merge","Parent Relationship": "Outer","Parallel Aware": false,"Async Capable": false,"Startup Cost": 6741.22,"Total Cost": 6821.30,"Plan Rows": 620,"Plan Width": 72,"Actual Startup Time": 140.342,"Actual Total Time": 143.758,"Actual Rows": 21,"Actual Loops": 1,"Workers Planned": 2,"Params Evaluated": ["$1"],"Workers Launched": 2,"Plans": [{"Node Type": "Aggregate","Strategy": "Sorted","Partial Mode": "Partial","Parent Relationship": "Outer","Parallel Aware": false,"Async Capable": false,"Startup Cost": 5741.19,"Total Cost": 5749.72,"Plan Rows": 310,"Plan Width": 72,"Actual Startup Time": 71.856,"Actual Total Time": 72.152,"Actual Rows": 7,"Actual Loops": 3,"Group Key": ["(SUBSTRING(customer.c_phone FROM 1 FOR 2))"],"Workers": [],"Plans": [{"Node Type": "Sort","Parent Relationship": "Outer","Parallel Aware": false,"Async Capable": false,"Startup Cost": 5741.19,"Total Cost": 5741.97,"Plan Rows": 310,"Plan Width": 38,"Actual Startup Time": 71.782,"Actual Total Time": 71.861,"Actual Rows": 2087,"Actual Loops": 3,"Sort Key": ["(SUBSTRING(customer.c_phone FROM 1 FOR 2))"],"Sort Method": "quicksort","Sort Space Used": 230,"Sort Space Type": "Memory","Workers": [{"Worker Number": 0,"Sort Method": "quicksort","Sort Space Used": 154,"Sort Space Type": "Memory"},{"Worker Number": 1,"Sort Method": "quicksort","Sort Space Used": 151,"Sort Space Type": "Memory"}],"Plans": [{"Node Type": "Nested Loop","Parent Relationship": "Outer","Parallel Aware": false,"Async Capable": false,"Join Type": "Anti","Startup Cost": 0.43,"Total Cost": 5728.36,"Plan Rows": 310,"Plan Width": 38,"Actual Startup Time": 0.157,"Actual Total Time": 70.974,"Actual Rows": 2087,"Actual Loops": 3,"Inner Unique": false,"Workers": [],"Plans": [{"Node Type": "Seq Scan","Parent Relationship": "Outer","Parallel Aware": true,"Async Capable": false,"Relation Name": "customer","Alias": "customer","Startup Cost": 0.00,"Total Cost": 5225.62,"Plan Rows": 729,"Plan Width": 26,"Actual Startup Time": 0.041,"Actual Total Time": 46.859,"Actual Rows": 6314,"Actual Loops": 3,"Filter": "((c_acctbal > $1) AND (SUBSTRING(c_phone FROM 1 FOR 2) = ANY ('{20,27,26,11,34,25,15}'::text[])))","Rows Removed by Filter": 43686,"Workers": []},{"Node Type": "Index Only Scan","Parent Relationship": "Inner","Parallel Aware": false,"Async Capable": false,"Scan Direction": "Forward","Index Name": "idx_orders_custkey","Relation Name": "orders","Alias": "orders","Startup Cost": 0.43,"Total Cost": 3.28,"Plan Rows": 17,"Plan Width": 4,"Actual Startup Time": 0.003,"Actual Total Time": 0.003,"Actual Rows": 1,"Actual Loops": 18942,"Index Cond": "(o_custkey = customer.c_custkey)","Rows Removed by Index Recheck": 0,"Heap Fetches": 0,"Workers": []}]}]}]}]}]},"Planning Time": 4.454,"Triggers": [],"Execution Time": 144.402}]
[{"Plan": {"Node Type": "Aggregate","Strategy": "Sorted","Partial Mode": "Finalize","Parallel Aware": false,"Async Capable": false,"Startup Cost": 12972.06,"Total Cost": 13071.37,"Plan Rows": 744,"Plan Width": 72,"Actual Startup Time": 130.557,"Actual Total Time": 135.060,"Actual Rows": 7,"Actual Loops": 1,"Group Key": ["(SUBSTRING(customer.c_phone FROM 1 FOR 2))"],"Plans": [{"Node Type": "Aggregate","Strategy": "Plain","Partial Mode": "Finalize","Parent Relationship": "InitPlan","Subplan Name": "InitPlan 1 (returns $1)","Parallel Aware": false,"Async Capable": false,"Startup Cost": 6230.83,"Total Cost": 6230.84,"Plan Rows": 1,"Plan Width": 32,"Actual Startup Time": 60.022,"Actual Total Time": 60.205,"Actual Rows": 1,"Actual Loops": 1,"Plans": [{"Node Type": "Gather","Parent Relationship": "Outer","Parallel Aware": false,"Async Capable": false,"Startup Cost": 6230.61,"Total Cost": 6230.82,"Plan Rows": 2,"Plan Width": 32,"Actual Startup Time": 59.941,"Actual Total Time": 60.191,"Actual Rows": 3,"Actual Loops": 1,"Workers Planned": 2,"Workers Launched": 2,"Single Copy": false,"Plans": [{"Node Type": "Aggregate","Strategy": "Plain","Partial Mode": "Partial","Parent Relationship": "Outer","Parallel Aware": false,"Async Capable": false,"Startup Cost": 5230.61,"Total Cost": 5230.62,"Plan Rows": 1,"Plan Width": 32,"Actual Startup Time": 54.027,"Actual Total Time": 54.029,"Actual Rows": 1,"Actual Loops": 3,"Workers": [],"Plans": [{"Node Type": "Seq Scan","Parent Relationship": "Outer","Parallel Aware": true,"Async Capable": false,"Relation Name": "customer","Alias": "customer_1","Startup Cost": 0.00,"Total Cost": 5225.62,"Plan Rows": 1994,"Plan Width": 6,"Actual Startup Time": 0.064,"Actual Total Time": 52.914,"Actual Rows": 12782,"Actual Loops": 3,"Filter": "((c_acctbal > 0.00) AND (SUBSTRING(c_phone FROM 1 FOR 2) = ANY ('{19,10,26,15,18,32,33}'::text[])))","Rows Removed by Filter": 37218,"Workers": []}]}]}]},{"Node Type": "Gather Merge","Parent Relationship": "Outer","Parallel Aware": false,"Async Capable": false,"Startup Cost": 6741.22,"Total Cost": 6821.30,"Plan Rows": 620,"Plan Width": 72,"Actual Startup Time": 130.455,"Actual Total Time": 134.825,"Actual Rows": 21,"Actual Loops": 1,"Workers Planned": 2,"Params Evaluated": ["$1"],"Workers Launched": 2,"Plans": [{"Node Type": "Aggregate","Strategy": "Sorted","Partial Mode": "Partial","Parent Relationship": "Outer","Parallel Aware": false,"Async Capable": false,"Startup Cost": 5741.19,"Total Cost": 5749.72,"Plan Rows": 310,"Plan Width": 72,"Actual Startup Time": 63.191,"Actual Total Time": 63.498,"Actual Rows": 7,"Actual Loops": 3,"Group Key": ["(SUBSTRING(customer.c_phone FROM 1 FOR 2))"],"Workers": [],"Plans": [{"Node Type": "Sort","Parent Relationship": "Outer","Parallel Aware": false,"Async Capable": false,"Startup Cost": 5741.19,"Total Cost": 5741.97,"Plan Rows": 310,"Plan Width": 38,"Actual Startup Time": 63.118,"Actual Total Time": 63.200,"Actual Rows": 2142,"Actual Loops": 3,"Sort Key": ["(SUBSTRING(customer.c_phone FROM 1 FOR 2))"],"Sort Method": "quicksort","Sort Space Used": 233,"Sort Space Type": "Memory","Workers": [{"Worker Number": 0,"Sort Method": "quicksort","Sort Space Used": 158,"Sort Space Type": "Memory"},{"Worker Number": 1,"Sort Method": "quicksort","Sort Space Used": 154,"Sort Space Type": "Memory"}],"Plans": [{"Node Type": "Nested Loop","Parent Relationship": "Outer","Parallel Aware": false,"Async Capable": false,"Join Type": "Anti","Startup Cost": 0.43,"Total Cost": 5728.36,"Plan Rows": 310,"Plan Width": 38,"Actual Startup Time": 0.149,"Actual Total Time": 62.331,"Actual Rows": 2142,"Actual Loops": 3,"Inner Unique": false,"Workers": [],"Plans": [{"Node Type": "Seq Scan","Parent Relationship": "Outer","Parallel Aware": true,"Async Capable": false,"Relation Name": "customer","Alias": "customer","Startup Cost": 0.00,"Total Cost": 5225.62,"Plan Rows": 729,"Plan Width": 26,"Actual Startup Time": 0.037,"Actual Total Time": 41.013,"Actual Rows": 6396,"Actual Loops": 3,"Filter": "((c_acctbal > $1) AND (SUBSTRING(c_phone FROM 1 FOR 2) = ANY ('{19,10,26,15,18,32,33}'::text[])))","Rows Removed by Filter": 43604,"Workers": []},{"Node Type": "Index Only Scan","Parent Relationship": "Inner","Parallel Aware": false,"Async Capable": false,"Scan Direction": "Forward","Index Name": "idx_orders_custkey","Relation Name": "orders","Alias": "orders","Startup Cost": 0.43,"Total Cost": 3.28,"Plan Rows": 17,"Plan Width": 4,"Actual Startup Time": 0.003,"Actual Total Time": 0.003,"Actual Rows": 1,"Actual Loops": 19187,"Index Cond": "(o_custkey = customer.c_custkey)","Rows Removed by Index Recheck": 0,"Heap Fetches": 0,"Workers": []}]}]}]}]}]},"Planning Time": 4.512,"Triggers": [],"Execution Time": 135.373}]
[{"Plan": {"Node Type": "Aggregate","Strategy": "Sorted","Partial Mode": "Finalize","Parallel Aware": false,"Async Capable": false,"Startup Cost": 12972.06,"Total Cost": 13071.37,"Plan Rows": 744,"Plan Width": 72,"Actual Startup Time": 131.639,"Actual Total Time": 136.053,"Actual Rows": 7,"Actual Loops": 1,"Group Key": ["(SUBSTRING(customer.c_phone FROM 1 FOR 2))"],"Plans": [{"Node Type": "Aggregate","Strategy": "Plain","Partial Mode": "Finalize","Parent Relationship": "InitPlan","Subplan Name": "InitPlan 1 (returns $1)","Parallel Aware": false,"Async Capable": false,"Startup Cost": 6230.83,"Total Cost": 6230.84,"Plan Rows": 1,"Plan Width": 32,"Actual Startup Time": 60.192,"Actual Total Time": 60.379,"Actual Rows": 1,"Actual Loops": 1,"Plans": [{"Node Type": "Gather","Parent Relationship": "Outer","Parallel Aware": false,"Async Capable": false,"Startup Cost": 6230.61,"Total Cost": 6230.82,"Plan Rows": 2,"Plan Width": 32,"Actual Startup Time": 60.075,"Actual Total Time": 60.365,"Actual Rows": 3,"Actual Loops": 1,"Workers Planned": 2,"Workers Launched": 2,"Single Copy": false,"Plans": [{"Node Type": "Aggregate","Strategy": "Plain","Partial Mode": "Partial","Parent Relationship": "Outer","Parallel Aware": false,"Async Capable": false,"Startup Cost": 5230.61,"Total Cost": 5230.62,"Plan Rows": 1,"Plan Width": 32,"Actual Startup Time": 53.775,"Actual Total Time": 53.778,"Actual Rows": 1,"Actual Loops": 3,"Workers": [],"Plans": [{"Node Type": "Seq Scan","Parent Relationship": "Outer","Parallel Aware": true,"Async Capable": false,"Relation Name": "customer","Alias": "customer_1","Startup Cost": 0.00,"Total Cost": 5225.62,"Plan Rows": 1994,"Plan Width": 6,"Actual Startup Time": 0.050,"Actual Total Time": 52.731,"Actual Rows": 12740,"Actual Loops": 3,"Filter": "((c_acctbal > 0.00) AND (SUBSTRING(c_phone FROM 1 FOR 2) = ANY ('{16,14,11,23,27,15,29}'::text[])))","Rows Removed by Filter": 37260,"Workers": []}]}]}]},{"Node Type": "Gather Merge","Parent Relationship": "Outer","Parallel Aware": false,"Async Capable": false,"Startup Cost": 6741.22,"Total Cost": 6821.30,"Plan Rows": 620,"Plan Width": 72,"Actual Startup Time": 131.540,"Actual Total Time": 135.818,"Actual Rows": 21,"Actual Loops": 1,"Workers Planned": 2,"Params Evaluated": ["$1"],"Workers Launched": 2,"Plans": [{"Node Type": "Aggregate","Strategy": "Sorted","Partial Mode": "Partial","Parent Relationship": "Outer","Parallel Aware": false,"Async Capable": false,"Startup Cost": 5741.19,"Total Cost": 5749.72,"Plan Rows": 310,"Plan Width": 72,"Actual Startup Time": 64.104,"Actual Total Time": 64.412,"Actual Rows": 7,"Actual Loops": 3,"Group Key": ["(SUBSTRING(customer.c_phone FROM 1 FOR 2))"],"Workers": [],"Plans": [{"Node Type": "Sort","Parent Relationship": "Outer","Parallel Aware": false,"Async Capable": false,"Startup Cost": 5741.19,"Total Cost": 5741.97,"Plan Rows": 310,"Plan Width": 38,"Actual Startup Time": 64.025,"Actual Total Time": 64.111,"Actual Rows": 2120,"Actual Loops": 3,"Sort Key": ["(SUBSTRING(customer.c_phone FROM 1 FOR 2))"],"Sort Method": "quicksort","Sort Space Used": 229,"Sort Space Type": "Memory","Workers": [{"Worker Number": 0,"Sort Method": "quicksort","Sort Space Used": 158,"Sort Space Type": "Memory"},{"Worker Number": 1,"Sort Method": "quicksort","Sort Space Used": 154,"Sort Space Type": "Memory"}],"Plans": [{"Node Type": "Nested Loop","Parent Relationship": "Outer","Parallel Aware": false,"Async Capable": false,"Join Type": "Anti","Startup Cost": 0.43,"Total Cost": 5728.36,"Plan Rows": 310,"Plan Width": 38,"Actual Startup Time": 0.150,"Actual Total Time": 63.197,"Actual Rows": 2120,"Actual Loops": 3,"Inner Unique": false,"Workers": [],"Plans": [{"Node Type": "Seq Scan","Parent Relationship": "Outer","Parallel Aware": true,"Async Capable": false,"Relation Name": "customer","Alias": "customer","Startup Cost": 0.00,"Total Cost": 5225.62,"Plan Rows": 729,"Plan Width": 26,"Actual Startup Time": 0.028,"Actual Total Time": 41.454,"Actual Rows": 6352,"Actual Loops": 3,"Filter": "((c_acctbal > $1) AND (SUBSTRING(c_phone FROM 1 FOR 2) = ANY ('{16,14,11,23,27,15,29}'::text[])))","Rows Removed by Filter": 43648,"Workers": []},{"Node Type": "Index Only Scan","Parent Relationship": "Inner","Parallel Aware": false,"Async Capable": false,"Scan Direction": "Forward","Index Name": "idx_orders_custkey","Relation Name": "orders","Alias": "orders","Startup Cost": 0.43,"Total Cost": 3.28,"Plan Rows": 17,"Plan Width": 4,"Actual Startup Time": 0.003,"Actual Total Time": 0.003,"Actual Rows": 1,"Actual Loops": 19055,"Index Cond": "(o_custkey = customer.c_custkey)","Rows Removed by Index Recheck": 0,"Heap Fetches": 0,"Workers": []}]}]}]}]}]},"Planning Time": 3.623,"Triggers": [],"Execution Time": 136.389}]
[{"Plan": {"Node Type": "Aggregate","Strategy": "Sorted","Partial Mode": "Finalize","Parallel Aware": false,"Async Capable": false,"Startup Cost": 12972.06,"Total Cost": 13071.37,"Plan Rows": 744,"Plan Width": 72,"Actual Startup Time": 137.720,"Actual Total Time": 141.310,"Actual Rows": 7,"Actual Loops": 1,"Group Key": ["(SUBSTRING(customer.c_phone FROM 1 FOR 2))"],"Plans": [{"Node Type": "Aggregate","Strategy": "Plain","Partial Mode": "Finalize","Parent Relationship": "InitPlan","Subplan Name": "InitPlan 1 (returns $1)","Parallel Aware": false,"Async Capable": false,"Startup Cost": 6230.83,"Total Cost": 6230.84,"Plan Rows": 1,"Plan Width": 32,"Actual Startup Time": 62.614,"Actual Total Time": 62.815,"Actual Rows": 1,"Actual Loops": 1,"Plans": [{"Node Type": "Gather","Parent Relationship": "Outer","Parallel Aware": false,"Async Capable": false,"Startup Cost": 6230.61,"Total Cost": 6230.82,"Plan Rows": 2,"Plan Width": 32,"Actual Startup Time": 62.546,"Actual Total Time": 62.804,"Actual Rows": 3,"Actual Loops": 1,"Workers Planned": 2,"Workers Launched": 2,"Single Copy": false,"Plans": [{"Node Type": "Aggregate","Strategy": "Plain","Partial Mode": "Partial","Parent Relationship": "Outer","Parallel Aware": false,"Async Capable": false,"Startup Cost": 5230.61,"Total Cost": 5230.62,"Plan Rows": 1,"Plan Width": 32,"Actual Startup Time": 55.999,"Actual Total Time": 56.001,"Actual Rows": 1,"Actual Loops": 3,"Workers": [],"Plans": [{"Node Type": "Seq Scan","Parent Relationship": "Outer","Parallel Aware": true,"Async Capable": false,"Relation Name": "customer","Alias": "customer_1","Startup Cost": 0.00,"Total Cost": 5225.62,"Plan Rows": 1994,"Plan Width": 6,"Actual Startup Time": 0.042,"Actual Total Time": 54.914,"Actual Rows": 12681,"Actual Loops": 3,"Filter": "((c_acctbal > 0.00) AND (SUBSTRING(c_phone FROM 1 FOR 2) = ANY ('{20,16,18,17,13,15,34}'::text[])))","Rows Removed by Filter": 37319,"Workers": []}]}]}]},{"Node Type": "Gather Merge","Parent Relationship": "Outer","Parallel Aware": false,"Async Capable": false,"Startup Cost": 6741.22,"Total Cost": 6821.30,"Plan Rows": 620,"Plan Width": 72,"Actual Startup Time": 137.579,"Actual Total Time": 141.053,"Actual Rows": 21,"Actual Loops": 1,"Workers Planned": 2,"Params Evaluated": ["$1"],"Workers Launched": 2,"Plans": [{"Node Type": "Aggregate","Strategy": "Sorted","Partial Mode": "Partial","Parent Relationship": "Outer","Parallel Aware": false,"Async Capable": false,"Startup Cost": 5741.19,"Total Cost": 5749.72,"Plan Rows": 310,"Plan Width": 72,"Actual Startup Time": 68.430,"Actual Total Time": 68.735,"Actual Rows": 7,"Actual Loops": 3,"Group Key": ["(SUBSTRING(customer.c_phone FROM 1 FOR 2))"],"Workers": [],"Plans": [{"Node Type": "Sort","Parent Relationship": "Outer","Parallel Aware": false,"Async Capable": false,"Startup Cost": 5741.19,"Total Cost": 5741.97,"Plan Rows": 310,"Plan Width": 38,"Actual Startup Time": 68.361,"Actual Total Time": 68.444,"Actual Rows": 2114,"Actual Loops": 3,"Sort Key": ["(SUBSTRING(customer.c_phone FROM 1 FOR 2))"],"Sort Method": "quicksort","Sort Space Used": 234,"Sort Space Type": "Memory","Workers": [{"Worker Number": 0,"Sort Method": "quicksort","Sort Space Used": 149,"Sort Space Type": "Memory"},{"Worker Number": 1,"Sort Method": "quicksort","Sort Space Used": 157,"Sort Space Type": "Memory"}],"Plans": [{"Node Type": "Nested Loop","Parent Relationship": "Outer","Parallel Aware": false,"Async Capable": false,"Join Type": "Anti","Startup Cost": 0.43,"Total Cost": 5728.36,"Plan Rows": 310,"Plan Width": 38,"Actual Startup Time": 0.182,"Actual Total Time": 67.551,"Actual Rows": 2114,"Actual Loops": 3,"Inner Unique": false,"Workers": [],"Plans": [{"Node Type": "Seq Scan","Parent Relationship": "Outer","Parallel Aware": true,"Async Capable": false,"Relation Name": "customer","Alias": "customer","Startup Cost": 0.00,"Total Cost": 5225.62,"Plan Rows": 729,"Plan Width": 26,"Actual Startup Time": 0.040,"Actual Total Time": 44.281,"Actual Rows": 6334,"Actual Loops": 3,"Filter": "((c_acctbal > $1) AND (SUBSTRING(c_phone FROM 1 FOR 2) = ANY ('{20,16,18,17,13,15,34}'::text[])))","Rows Removed by Filter": 43666,"Workers": []},{"Node Type": "Index Only Scan","Parent Relationship": "Inner","Parallel Aware": false,"Async Capable": false,"Scan Direction": "Forward","Index Name": "idx_orders_custkey","Relation Name": "orders","Alias": "orders","Startup Cost": 0.43,"Total Cost": 3.28,"Plan Rows": 17,"Plan Width": 4,"Actual Startup Time": 0.003,"Actual Total Time": 0.003,"Actual Rows": 1,"Actual Loops": 19002,"Index Cond": "(o_custkey = customer.c_custkey)","Rows Removed by Index Recheck": 0,"Heap Fetches": 0,"Workers": []}]}]}]}]}]},"Planning Time": 3.982,"Triggers": [],"Execution Time": 141.716}]
[{"Plan": {"Node Type": "Aggregate","Strategy": "Sorted","Partial Mode": "Finalize","Parallel Aware": false,"Async Capable": false,"Startup Cost": 12972.06,"Total Cost": 13071.37,"Plan Rows": 744,"Plan Width": 72,"Actual Startup Time": 138.472,"Actual Total Time": 142.326,"Actual Rows": 7,"Actual Loops": 1,"Group Key": ["(SUBSTRING(customer.c_phone FROM 1 FOR 2))"],"Plans": [{"Node Type": "Aggregate","Strategy": "Plain","Partial Mode": "Finalize","Parent Relationship": "InitPlan","Subplan Name": "InitPlan 1 (returns $1)","Parallel Aware": false,"Async Capable": false,"Startup Cost": 6230.83,"Total Cost": 6230.84,"Plan Rows": 1,"Plan Width": 32,"Actual Startup Time": 62.309,"Actual Total Time": 62.553,"Actual Rows": 1,"Actual Loops": 1,"Plans": [{"Node Type": "Gather","Parent Relationship": "Outer","Parallel Aware": false,"Async Capable": false,"Startup Cost": 6230.61,"Total Cost": 6230.82,"Plan Rows": 2,"Plan Width": 32,"Actual Startup Time": 62.198,"Actual Total Time": 62.534,"Actual Rows": 3,"Actual Loops": 1,"Workers Planned": 2,"Workers Launched": 2,"Single Copy": false,"Plans": [{"Node Type": "Aggregate","Strategy": "Plain","Partial Mode": "Partial","Parent Relationship": "Outer","Parallel Aware": false,"Async Capable": false,"Startup Cost": 5230.61,"Total Cost": 5230.62,"Plan Rows": 1,"Plan Width": 32,"Actual Startup Time": 55.872,"Actual Total Time": 55.875,"Actual Rows": 1,"Actual Loops": 3,"Workers": [],"Plans": [{"Node Type": "Seq Scan","Parent Relationship": "Outer","Parallel Aware": true,"Async Capable": false,"Relation Name": "customer","Alias": "customer_1","Startup Cost": 0.00,"Total Cost": 5225.62,"Plan Rows": 1994,"Plan Width": 6,"Actual Startup Time": 0.059,"Actual Total Time": 54.818,"Actual Rows": 12700,"Actual Loops": 3,"Filter": "((c_acctbal > 0.00) AND (SUBSTRING(c_phone FROM 1 FOR 2) = ANY ('{12,26,11,25,18,24,13}'::text[])))","Rows Removed by Filter": 37300,"Workers": []}]}]}]},{"Node Type": "Gather Merge","Parent Relationship": "Outer","Parallel Aware": false,"Async Capable": false,"Startup Cost": 6741.22,"Total Cost": 6821.30,"Plan Rows": 620,"Plan Width": 72,"Actual Startup Time": 138.345,"Actual Total Time": 142.023,"Actual Rows": 21,"Actual Loops": 1,"Workers Planned": 2,"Params Evaluated": ["$1"],"Workers Launched": 2,"Plans": [{"Node Type": "Aggregate","Strategy": "Sorted","Partial Mode": "Partial","Parent Relationship": "Outer","Parallel Aware": false,"Async Capable": false,"Startup Cost": 5741.19,"Total Cost": 5749.72,"Plan Rows": 310,"Plan Width": 72,"Actual Startup Time": 69.329,"Actual Total Time": 69.633,"Actual Rows": 7,"Actual Loops": 3,"Group Key": ["(SUBSTRING(customer.c_phone FROM 1 FOR 2))"],"Workers": [],"Plans": [{"Node Type": "Sort","Parent Relationship": "Outer","Parallel Aware": false,"Async Capable": false,"Startup Cost": 5741.19,"Total Cost": 5741.97,"Plan Rows": 310,"Plan Width": 38,"Actual Startup Time": 69.261,"Actual Total Time": 69.340,"Actual Rows": 2087,"Actual Loops": 3,"Sort Key": ["(SUBSTRING(customer.c_phone FROM 1 FOR 2))"],"Sort Method": "quicksort","Sort Space Used": 232,"Sort Space Type": "Memory","Workers": [{"Worker Number": 0,"Sort Method": "quicksort","Sort Space Used": 148,"Sort Space Type": "Memory"},{"Worker Number": 1,"Sort Method": "quicksort","Sort Space Used": 155,"Sort Space Type": "Memory"}],"Plans": [{"Node Type": "Nested Loop","Parent Relationship": "Outer","Parallel Aware": false,"Async Capable": false,"Join Type": "Anti","Startup Cost": 0.43,"Total Cost": 5728.36,"Plan Rows": 310,"Plan Width": 38,"Actual Startup Time": 0.171,"Actual Total Time": 68.492,"Actual Rows": 2087,"Actual Loops": 3,"Inner Unique": false,"Workers": [],"Plans": [{"Node Type": "Seq Scan","Parent Relationship": "Outer","Parallel Aware": true,"Async Capable": false,"Relation Name": "customer","Alias": "customer","Startup Cost": 0.00,"Total Cost": 5225.62,"Plan Rows": 729,"Plan Width": 26,"Actual Startup Time": 0.037,"Actual Total Time": 45.073,"Actual Rows": 6323,"Actual Loops": 3,"Filter": "((c_acctbal > $1) AND (SUBSTRING(c_phone FROM 1 FOR 2) = ANY ('{12,26,11,25,18,24,13}'::text[])))","Rows Removed by Filter": 43677,"Workers": []},{"Node Type": "Index Only Scan","Parent Relationship": "Inner","Parallel Aware": false,"Async Capable": false,"Scan Direction": "Forward","Index Name": "idx_orders_custkey","Relation Name": "orders","Alias": "orders","Startup Cost": 0.43,"Total Cost": 3.28,"Plan Rows": 17,"Plan Width": 4,"Actual Startup Time": 0.003,"Actual Total Time": 0.003,"Actual Rows": 1,"Actual Loops": 18968,"Index Cond": "(o_custkey = customer.c_custkey)","Rows Removed by Index Recheck": 0,"Heap Fetches": 0,"Workers": []}]}]}]}]}]},"Planning Time": 3.716,"Triggers": [],"Execution Time": 142.704}]
[{"Plan": {"Node Type": "Aggregate","Strategy": "Sorted","Partial Mode": "Finalize","Parallel Aware": false,"Async Capable": false,"Startup Cost": 12972.06,"Total Cost": 13071.37,"Plan Rows": 744,"Plan Width": 72,"Actual Startup Time": 129.945,"Actual Total Time": 134.713,"Actual Rows": 7,"Actual Loops": 1,"Group Key": ["(SUBSTRING(customer.c_phone FROM 1 FOR 2))"],"Plans": [{"Node Type": "Aggregate","Strategy": "Plain","Partial Mode": "Finalize","Parent Relationship": "InitPlan","Subplan Name": "InitPlan 1 (returns $1)","Parallel Aware": false,"Async Capable": false,"Startup Cost": 6230.83,"Total Cost": 6230.84,"Plan Rows": 1,"Plan Width": 32,"Actual Startup Time": 59.725,"Actual Total Time": 59.923,"Actual Rows": 1,"Actual Loops": 1,"Plans": [{"Node Type": "Gather","Parent Relationship": "Outer","Parallel Aware": false,"Async Capable": false,"Startup Cost": 6230.61,"Total Cost": 6230.82,"Plan Rows": 2,"Plan Width": 32,"Actual Startup Time": 59.618,"Actual Total Time": 59.911,"Actual Rows": 3,"Actual Loops": 1,"Workers Planned": 2,"Workers Launched": 2,"Single Copy": false,"Plans": [{"Node Type": "Aggregate","Strategy": "Plain","Partial Mode": "Partial","Parent Relationship": "Outer","Parallel Aware": false,"Async Capable": false,"Startup Cost": 5230.61,"Total Cost": 5230.62,"Plan Rows": 1,"Plan Width": 32,"Actual Startup Time": 53.565,"Actual Total Time": 53.568,"Actual Rows": 1,"Actual Loops": 3,"Workers": [],"Plans": [{"Node Type": "Seq Scan","Parent Relationship": "Outer","Parallel Aware": true,"Async Capable": false,"Relation Name": "customer","Alias": "customer_1","Startup Cost": 0.00,"Total Cost": 5225.62,"Plan Rows": 1994,"Plan Width": 6,"Actual Startup Time": 0.051,"Actual Total Time": 52.483,"Actual Rows": 12679,"Actual Loops": 3,"Filter": "((c_acctbal > 0.00) AND (SUBSTRING(c_phone FROM 1 FOR 2) = ANY ('{13,15,11,12,31,30,33}'::text[])))","Rows Removed by Filter": 37321,"Workers": []}]}]}]},{"Node Type": "Gather Merge","Parent Relationship": "Outer","Parallel Aware": false,"Async Capable": false,"Startup Cost": 6741.22,"Total Cost": 6821.30,"Plan Rows": 620,"Plan Width": 72,"Actual Startup Time": 129.859,"Actual Total Time": 134.475,"Actual Rows": 21,"Actual Loops": 1,"Workers Planned": 2,"Params Evaluated": ["$1"],"Workers Launched": 2,"Plans": [{"Node Type": "Aggregate","Strategy": "Sorted","Partial Mode": "Partial","Parent Relationship": "Outer","Parallel Aware": false,"Async Capable": false,"Startup Cost": 5741.19,"Total Cost": 5749.72,"Plan Rows": 310,"Plan Width": 72,"Actual Startup Time": 62.981,"Actual Total Time": 63.285,"Actual Rows": 7,"Actual Loops": 3,"Group Key": ["(SUBSTRING(customer.c_phone FROM 1 FOR 2))"],"Workers": [],"Plans": [{"Node Type": "Sort","Parent Relationship": "Outer","Parallel Aware": false,"Async Capable": false,"Startup Cost": 5741.19,"Total Cost": 5741.97,"Plan Rows": 310,"Plan Width": 38,"Actual Startup Time": 62.907,"Actual Total Time": 62.991,"Actual Rows": 2110,"Actual Loops": 3,"Sort Key": ["(SUBSTRING(customer.c_phone FROM 1 FOR 2))"],"Sort Method": "quicksort","Sort Space Used": 229,"Sort Space Type": "Memory","Workers": [{"Worker Number": 0,"Sort Method": "quicksort","Sort Space Used": 153,"Sort Space Type": "Memory"},{"Worker Number": 1,"Sort Method": "quicksort","Sort Space Used": 157,"Sort Space Type": "Memory"}],"Plans": [{"Node Type": "Nested Loop","Parent Relationship": "Outer","Parallel Aware": false,"Async Capable": false,"Join Type": "Anti","Startup Cost": 0.43,"Total Cost": 5728.36,"Plan Rows": 310,"Plan Width": 38,"Actual Startup Time": 0.156,"Actual Total Time": 62.105,"Actual Rows": 2110,"Actual Loops": 3,"Inner Unique": false,"Workers": [],"Plans": [{"Node Type": "Seq Scan","Parent Relationship": "Outer","Parallel Aware": true,"Async Capable": false,"Relation Name": "customer","Alias": "customer","Startup Cost": 0.00,"Total Cost": 5225.62,"Plan Rows": 729,"Plan Width": 26,"Actual Startup Time": 0.045,"Actual Total Time": 40.768,"Actual Rows": 6284,"Actual Loops": 3,"Filter": "((c_acctbal > $1) AND (SUBSTRING(c_phone FROM 1 FOR 2) = ANY ('{13,15,11,12,31,30,33}'::text[])))","Rows Removed by Filter": 43716,"Workers": []},{"Node Type": "Index Only Scan","Parent Relationship": "Inner","Parallel Aware": false,"Async Capable": false,"Scan Direction": "Forward","Index Name": "idx_orders_custkey","Relation Name": "orders","Alias": "orders","Startup Cost": 0.43,"Total Cost": 3.28,"Plan Rows": 17,"Plan Width": 4,"Actual Startup Time": 0.003,"Actual Total Time": 0.003,"Actual Rows": 1,"Actual Loops": 18851,"Index Cond": "(o_custkey = customer.c_custkey)","Rows Removed by Index Recheck": 0,"Heap Fetches": 0,"Workers": []}]}]}]}]}]},"Planning Time": 3.636,"Triggers": [],"Execution Time": 135.010}]
[{"Plan": {"Node Type": "Aggregate","Strategy": "Sorted","Partial Mode": "Finalize","Parallel Aware": false,"Async Capable": false,"Startup Cost": 12972.06,"Total Cost": 13071.37,"Plan Rows": 744,"Plan Width": 72,"Actual Startup Time": 141.206,"Actual Total Time": 144.582,"Actual Rows": 7,"Actual Loops": 1,"Group Key": ["(SUBSTRING(customer.c_phone FROM 1 FOR 2))"],"Plans": [{"Node Type": "Aggregate","Strategy": "Plain","Partial Mode": "Finalize","Parent Relationship": "InitPlan","Subplan Name": "InitPlan 1 (returns $1)","Parallel Aware": false,"Async Capable": false,"Startup Cost": 6230.83,"Total Cost": 6230.84,"Plan Rows": 1,"Plan Width": 32,"Actual Startup Time": 62.764,"Actual Total Time": 62.933,"Actual Rows": 1,"Actual Loops": 1,"Plans": [{"Node Type": "Gather","Parent Relationship": "Outer","Parallel Aware": false,"Async Capable": false,"Startup Cost": 6230.61,"Total Cost": 6230.82,"Plan Rows": 2,"Plan Width": 32,"Actual Startup Time": 62.701,"Actual Total Time": 62.922,"Actual Rows": 3,"Actual Loops": 1,"Workers Planned": 2,"Workers Launched": 2,"Single Copy": false,"Plans": [{"Node Type": "Aggregate","Strategy": "Plain","Partial Mode": "Partial","Parent Relationship": "Outer","Parallel Aware": false,"Async Capable": false,"Startup Cost": 5230.61,"Total Cost": 5230.62,"Plan Rows": 1,"Plan Width": 32,"Actual Startup Time": 56.874,"Actual Total Time": 56.877,"Actual Rows": 1,"Actual Loops": 3,"Workers": [],"Plans": [{"Node Type": "Seq Scan","Parent Relationship": "Outer","Parallel Aware": true,"Async Capable": false,"Relation Name": "customer","Alias": "customer_1","Startup Cost": 0.00,"Total Cost": 5225.62,"Plan Rows": 1994,"Plan Width": 6,"Actual Startup Time": 0.052,"Actual Total Time": 55.801,"Actual Rows": 12707,"Actual Loops": 3,"Filter": "((c_acctbal > 0.00) AND (SUBSTRING(c_phone FROM 1 FOR 2) = ANY ('{18,20,26,21,29,24,30}'::text[])))","Rows Removed by Filter": 37293,"Workers": []}]}]}]},{"Node Type": "Gather Merge","Parent Relationship": "Outer","Parallel Aware": false,"Async Capable": false,"Startup Cost": 6741.22,"Total Cost": 6821.30,"Plan Rows": 620,"Plan Width": 72,"Actual Startup Time": 141.072,"Actual Total Time": 144.357,"Actual Rows": 21,"Actual Loops": 1,"Workers Planned": 2,"Params Evaluated": ["$1"],"Workers Launched": 2,"Plans": [{"Node Type": "Aggregate","Strategy": "Sorted","Partial Mode": "Partial","Parent Relationship": "Outer","Parallel Aware": false,"Async Capable": false,"Startup Cost": 5741.19,"Total Cost": 5749.72,"Plan Rows": 310,"Plan Width": 72,"Actual Startup Time": 71.724,"Actual Total Time": 72.031,"Actual Rows": 7,"Actual Loops": 3,"Group Key": ["(SUBSTRING(customer.c_phone FROM 1 FOR 2))"],"Workers": [],"Plans": [{"Node Type": "Sort","Parent Relationship": "Outer","Parallel Aware": false,"Async Capable": false,"Startup Cost": 5741.19,"Total Cost": 5741.97,"Plan Rows": 310,"Plan Width": 38,"Actual Startup Time": 71.651,"Actual Total Time": 71.731,"Actual Rows": 2149,"Actual Loops": 3,"Sort Key": ["(SUBSTRING(customer.c_phone FROM 1 FOR 2))"],"Sort Method": "quicksort","Sort Space Used": 233,"Sort Space Type": "Memory","Workers": [{"Worker Number": 0,"Sort Method": "quicksort","Sort Space Used": 160,"Sort Space Type": "Memory"},{"Worker Number": 1,"Sort Method": "quicksort","Sort Space Used": 152,"Sort Space Type": "Memory"}],"Plans": [{"Node Type": "Nested Loop","Parent Relationship": "Outer","Parallel Aware": false,"Async Capable": false,"Join Type": "Anti","Startup Cost": 0.43,"Total Cost": 5728.36,"Plan Rows": 310,"Plan Width": 38,"Actual Startup Time": 0.161,"Actual Total Time": 70.826,"Actual Rows": 2149,"Actual Loops": 3,"Inner Unique": false,"Workers": [],"Plans": [{"Node Type": "Seq Scan","Parent Relationship": "Outer","Parallel Aware": true,"Async Capable": false,"Relation Name": "customer","Alias": "customer","Startup Cost": 0.00,"Total Cost": 5225.62,"Plan Rows": 729,"Plan Width": 26,"Actual Startup Time": 0.032,"Actual Total Time": 46.569,"Actual Rows": 6391,"Actual Loops": 3,"Filter": "((c_acctbal > $1) AND (SUBSTRING(c_phone FROM 1 FOR 2) = ANY ('{18,20,26,21,29,24,30}'::text[])))","Rows Removed by Filter": 43609,"Workers": []},{"Node Type": "Index Only Scan","Parent Relationship": "Inner","Parallel Aware": false,"Async Capable": false,"Scan Direction": "Forward","Index Name": "idx_orders_custkey","Relation Name": "orders","Alias": "orders","Startup Cost": 0.43,"Total Cost": 3.28,"Plan Rows": 17,"Plan Width": 4,"Actual Startup Time": 0.003,"Actual Total Time": 0.003,"Actual Rows": 1,"Actual Loops": 19173,"Index Cond": "(o_custkey = customer.c_custkey)","Rows Removed by Index Recheck": 0,"Heap Fetches": 0,"Workers": []}]}]}]}]}]},"Planning Time": 3.511,"Triggers": [],"Execution Time": 144.963}]
[{"Plan": {"Node Type": "Aggregate","Strategy": "Sorted","Partial Mode": "Finalize","Parallel Aware": false,"Async Capable": false,"Startup Cost": 12972.06,"Total Cost": 13071.37,"Plan Rows": 744,"Plan Width": 72,"Actual Startup Time": 132.248,"Actual Total Time": 136.793,"Actual Rows": 7,"Actual Loops": 1,"Group Key": ["(SUBSTRING(customer.c_phone FROM 1 FOR 2))"],"Plans": [{"Node Type": "Aggregate","Strategy": "Plain","Partial Mode": "Finalize","Parent Relationship": "InitPlan","Subplan Name": "InitPlan 1 (returns $1)","Parallel Aware": false,"Async Capable": false,"Startup Cost": 6230.83,"Total Cost": 6230.84,"Plan Rows": 1,"Plan Width": 32,"Actual Startup Time": 60.931,"Actual Total Time": 61.128,"Actual Rows": 1,"Actual Loops": 1,"Plans": [{"Node Type": "Gather","Parent Relationship": "Outer","Parallel Aware": false,"Async Capable": false,"Startup Cost": 6230.61,"Total Cost": 6230.82,"Plan Rows": 2,"Plan Width": 32,"Actual Startup Time": 60.808,"Actual Total Time": 61.109,"Actual Rows": 3,"Actual Loops": 1,"Workers Planned": 2,"Workers Launched": 2,"Single Copy": false,"Plans": [{"Node Type": "Aggregate","Strategy": "Plain","Partial Mode": "Partial","Parent Relationship": "Outer","Parallel Aware": false,"Async Capable": false,"Startup Cost": 5230.61,"Total Cost": 5230.62,"Plan Rows": 1,"Plan Width": 32,"Actual Startup Time": 54.693,"Actual Total Time": 54.697,"Actual Rows": 1,"Actual Loops": 3,"Workers": [],"Plans": [{"Node Type": "Seq Scan","Parent Relationship": "Outer","Parallel Aware": true,"Async Capable": false,"Relation Name": "customer","Alias": "customer_1","Startup Cost": 0.00,"Total Cost": 5225.62,"Plan Rows": 1994,"Plan Width": 6,"Actual Startup Time": 0.065,"Actual Total Time": 53.583,"Actual Rows": 12629,"Actual Loops": 3,"Filter": "((c_acctbal > 0.00) AND (SUBSTRING(c_phone FROM 1 FOR 2) = ANY ('{22,10,14,17,13,12,25}'::text[])))","Rows Removed by Filter": 37371,"Workers": []}]}]}]},{"Node Type": "Gather Merge","Parent Relationship": "Outer","Parallel Aware": false,"Async Capable": false,"Startup Cost": 6741.22,"Total Cost": 6821.30,"Plan Rows": 620,"Plan Width": 72,"Actual Startup Time": 132.145,"Actual Total Time": 136.544,"Actual Rows": 21,"Actual Loops": 1,"Workers Planned": 2,"Params Evaluated": ["$1"],"Workers Launched": 2,"Plans": [{"Node Type": "Aggregate","Strategy": "Sorted","Partial Mode": "Partial","Parent Relationship": "Outer","Parallel Aware": false,"Async Capable": false,"Startup Cost": 5741.19,"Total Cost": 5749.72,"Plan Rows": 310,"Plan Width": 72,"Actual Startup Time": 63.719,"Actual Total Time": 64.017,"Actual Rows": 7,"Actual Loops": 3,"Group Key": ["(SUBSTRING(customer.c_phone FROM 1 FOR 2))"],"Workers": [],"Plans": [{"Node Type": "Sort","Parent Relationship": "Outer","Parallel Aware": false,"Async Capable": false,"Startup Cost": 5741.19,"Total Cost": 5741.97,"Plan Rows": 310,"Plan Width": 38,"Actual Startup Time": 63.646,"Actual Total Time": 63.726,"Actual Rows": 2077,"Actual Loops": 3,"Sort Key": ["(SUBSTRING(customer.c_phone FROM 1 FOR 2))"],"Sort Method": "quicksort","Sort Space Used": 232,"Sort Space Type": "Memory","Workers": [{"Worker Number": 0,"Sort Method": "quicksort","Sort Space Used": 148,"Sort Space Type": "Memory"},{"Worker Number": 1,"Sort Method": "quicksort","Sort Space Used": 153,"Sort Space Type": "Memory"}],"Plans": [{"Node Type": "Nested Loop","Parent Relationship": "Outer","Parallel Aware": false,"Async Capable": false,"Join Type": "Anti","Startup Cost": 0.43,"Total Cost": 5728.36,"Plan Rows": 310,"Plan Width": 38,"Actual Startup Time": 0.140,"Actual Total Time": 62.838,"Actual Rows": 2077,"Actual Loops": 3,"Inner Unique": false,"Workers": [],"Plans": [{"Node Type": "Seq Scan","Parent Relationship": "Outer","Parallel Aware": true,"Async Capable": false,"Relation Name": "customer","Alias": "customer","Startup Cost": 0.00,"Total Cost": 5225.62,"Plan Rows": 729,"Plan Width": 26,"Actual Startup Time": 0.031,"Actual Total Time": 41.652,"Actual Rows": 6261,"Actual Loops": 3,"Filter": "((c_acctbal > $1) AND (SUBSTRING(c_phone FROM 1 FOR 2) = ANY ('{22,10,14,17,13,12,25}'::text[])))","Rows Removed by Filter": 43739,"Workers": []},{"Node Type": "Index Only Scan","Parent Relationship": "Inner","Parallel Aware": false,"Async Capable": false,"Scan Direction": "Forward","Index Name": "idx_orders_custkey","Relation Name": "orders","Alias": "orders","Startup Cost": 0.43,"Total Cost": 3.28,"Plan Rows": 17,"Plan Width": 4,"Actual Startup Time": 0.003,"Actual Total Time": 0.003,"Actual Rows": 1,"Actual Loops": 18782,"Index Cond": "(o_custkey = customer.c_custkey)","Rows Removed by Index Recheck": 0,"Heap Fetches": 0,"Workers": []}]}]}]}]}]},"Planning Time": 4.785,"Triggers": [],"Execution Time": 137.252}]
[{"Plan": {"Node Type": "Aggregate","Strategy": "Sorted","Partial Mode": "Finalize","Parallel Aware": false,"Async Capable": false,"Startup Cost": 12972.06,"Total Cost": 13071.37,"Plan Rows": 744,"Plan Width": 72,"Actual Startup Time": 137.839,"Actual Total Time": 141.435,"Actual Rows": 7,"Actual Loops": 1,"Group Key": ["(SUBSTRING(customer.c_phone FROM 1 FOR 2))"],"Plans": [{"Node Type": "Aggregate","Strategy": "Plain","Partial Mode": "Finalize","Parent Relationship": "InitPlan","Subplan Name": "InitPlan 1 (returns $1)","Parallel Aware": false,"Async Capable": false,"Startup Cost": 6230.83,"Total Cost": 6230.84,"Plan Rows": 1,"Plan Width": 32,"Actual Startup Time": 62.244,"Actual Total Time": 62.440,"Actual Rows": 1,"Actual Loops": 1,"Plans": [{"Node Type": "Gather","Parent Relationship": "Outer","Parallel Aware": false,"Async Capable": false,"Startup Cost": 6230.61,"Total Cost": 6230.82,"Plan Rows": 2,"Plan Width": 32,"Actual Startup Time": 62.127,"Actual Total Time": 62.419,"Actual Rows": 3,"Actual Loops": 1,"Workers Planned": 2,"Workers Launched": 2,"Single Copy": false,"Plans": [{"Node Type": "Aggregate","Strategy": "Plain","Partial Mode": "Partial","Parent Relationship": "Outer","Parallel Aware": false,"Async Capable": false,"Startup Cost": 5230.61,"Total Cost": 5230.62,"Plan Rows": 1,"Plan Width": 32,"Actual Startup Time": 55.587,"Actual Total Time": 55.588,"Actual Rows": 1,"Actual Loops": 3,"Workers": [],"Plans": [{"Node Type": "Seq Scan","Parent Relationship": "Outer","Parallel Aware": true,"Async Capable": false,"Relation Name": "customer","Alias": "customer_1","Startup Cost": 0.00,"Total Cost": 5225.62,"Plan Rows": 1994,"Plan Width": 6,"Actual Startup Time": 0.069,"Actual Total Time": 54.550,"Actual Rows": 12685,"Actual Loops": 3,"Filter": "((c_acctbal > 0.00) AND (SUBSTRING(c_phone FROM 1 FOR 2) = ANY ('{14,28,12,17,27,18,21}'::text[])))","Rows Removed by Filter": 37315,"Workers": []}]}]}]},{"Node Type": "Gather Merge","Parent Relationship": "Outer","Parallel Aware": false,"Async Capable": false,"Startup Cost": 6741.22,"Total Cost": 6821.30,"Plan Rows": 620,"Plan Width": 72,"Actual Startup Time": 137.743,"Actual Total Time": 141.200,"Actual Rows": 21,"Actual Loops": 1,"Workers Planned": 2,"Params Evaluated": ["$1"],"Workers Launched": 2,"Plans": [{"Node Type": "Aggregate","Strategy": "Sorted","Partial Mode": "Partial","Parent Relationship": "Outer","Parallel Aware": false,"Async Capable": false,"Startup Cost": 5741.19,"Total Cost": 5749.72,"Plan Rows": 310,"Plan Width": 72,"Actual Startup Time": 68.592,"Actual Total Time": 68.889,"Actual Rows": 7,"Actual Loops": 3,"Group Key": ["(SUBSTRING(customer.c_phone FROM 1 FOR 2))"],"Workers": [],"Plans": [{"Node Type": "Sort","Parent Relationship": "Outer","Parallel Aware": false,"Async Capable": false,"Startup Cost": 5741.19,"Total Cost": 5741.97,"Plan Rows": 310,"Plan Width": 38,"Actual Startup Time": 68.524,"Actual Total Time": 68.603,"Actual Rows": 2134,"Actual Loops": 3,"Sort Key": ["(SUBSTRING(customer.c_phone FROM 1 FOR 2))"],"Sort Method": "quicksort","Sort Space Used": 235,"Sort Space Type": "Memory","Workers": [{"Worker Number": 0,"Sort Method": "quicksort","Sort Space Used": 149,"Sort Space Type": "Memory"},{"Worker Number": 1,"Sort Method": "quicksort","Sort Space Used": 159,"Sort Space Type": "Memory"}],"Plans": [{"Node Type": "Nested Loop","Parent Relationship": "Outer","Parallel Aware": false,"Async Capable": false,"Join Type": "Anti","Startup Cost": 0.43,"Total Cost": 5728.36,"Plan Rows": 310,"Plan Width": 38,"Actual Startup Time": 0.129,"Actual Total Time": 67.700,"Actual Rows": 2134,"Actual Loops": 3,"Inner Unique": false,"Workers": [],"Plans": [{"Node Type": "Seq Scan","Parent Relationship": "Outer","Parallel Aware": true,"Async Capable": false,"Relation Name": "customer","Alias": "customer","Startup Cost": 0.00,"Total Cost": 5225.62,"Plan Rows": 729,"Plan Width": 26,"Actual Startup Time": 0.047,"Actual Total Time": 44.470,"Actual Rows": 6318,"Actual Loops": 3,"Filter": "((c_acctbal > $1) AND (SUBSTRING(c_phone FROM 1 FOR 2) = ANY ('{14,28,12,17,27,18,21}'::text[])))","Rows Removed by Filter": 43682,"Workers": []},{"Node Type": "Index Only Scan","Parent Relationship": "Inner","Parallel Aware": false,"Async Capable": false,"Scan Direction": "Forward","Index Name": "idx_orders_custkey","Relation Name": "orders","Alias": "orders","Startup Cost": 0.43,"Total Cost": 3.28,"Plan Rows": 17,"Plan Width": 4,"Actual Startup Time": 0.003,"Actual Total Time": 0.003,"Actual Rows": 1,"Actual Loops": 18954,"Index Cond": "(o_custkey = customer.c_custkey)","Rows Removed by Index Recheck": 0,"Heap Fetches": 0,"Workers": []}]}]}]}]}]},"Planning Time": 3.707,"Triggers": [],"Execution Time": 141.826}]
[{"Plan": {"Node Type": "Aggregate","Strategy": "Sorted","Partial Mode": "Finalize","Parallel Aware": false,"Async Capable": false,"Startup Cost": 12972.06,"Total Cost": 13071.37,"Plan Rows": 744,"Plan Width": 72,"Actual Startup Time": 129.917,"Actual Total Time": 134.191,"Actual Rows": 7,"Actual Loops": 1,"Group Key": ["(SUBSTRING(customer.c_phone FROM 1 FOR 2))"],"Plans": [{"Node Type": "Aggregate","Strategy": "Plain","Partial Mode": "Finalize","Parent Relationship": "InitPlan","Subplan Name": "InitPlan 1 (returns $1)","Parallel Aware": false,"Async Capable": false,"Startup Cost": 6230.83,"Total Cost": 6230.84,"Plan Rows": 1,"Plan Width": 32,"Actual Startup Time": 58.987,"Actual Total Time": 59.186,"Actual Rows": 1,"Actual Loops": 1,"Plans": [{"Node Type": "Gather","Parent Relationship": "Outer","Parallel Aware": false,"Async Capable": false,"Startup Cost": 6230.61,"Total Cost": 6230.82,"Plan Rows": 2,"Plan Width": 32,"Actual Startup Time": 58.886,"Actual Total Time": 59.170,"Actual Rows": 3,"Actual Loops": 1,"Workers Planned": 2,"Workers Launched": 2,"Single Copy": false,"Plans": [{"Node Type": "Aggregate","Strategy": "Plain","Partial Mode": "Partial","Parent Relationship": "Outer","Parallel Aware": false,"Async Capable": false,"Startup Cost": 5230.61,"Total Cost": 5230.62,"Plan Rows": 1,"Plan Width": 32,"Actual Startup Time": 53.142,"Actual Total Time": 53.144,"Actual Rows": 1,"Actual Loops": 3,"Workers": [],"Plans": [{"Node Type": "Seq Scan","Parent Relationship": "Outer","Parallel Aware": true,"Async Capable": false,"Relation Name": "customer","Alias": "customer_1","Startup Cost": 0.00,"Total Cost": 5225.62,"Plan Rows": 1994,"Plan Width": 6,"Actual Startup Time": 0.058,"Actual Total Time": 52.049,"Actual Rows": 12769,"Actual Loops": 3,"Filter": "((c_acctbal > 0.00) AND (SUBSTRING(c_phone FROM 1 FOR 2) = ANY ('{18,16,20,19,31,27,25}'::text[])))","Rows Removed by Filter": 37231,"Workers": []}]}]}]},{"Node Type": "Gather Merge","Parent Relationship": "Outer","Parallel Aware": false,"Async Capable": false,"Startup Cost": 6741.22,"Total Cost": 6821.30,"Plan Rows": 620,"Plan Width": 72,"Actual Startup Time": 129.805,"Actual Total Time": 133.937,"Actual Rows": 21,"Actual Loops": 1,"Workers Planned": 2,"Params Evaluated": ["$1"],"Workers Launched": 2,"Plans": [{"Node Type": "Aggregate","Strategy": "Sorted","Partial Mode": "Partial","Parent Relationship": "Outer","Parallel Aware": false,"Async Capable": false,"Startup Cost": 5741.19,"Total Cost": 5749.72,"Plan Rows": 310,"Plan Width": 72,"Actual Startup Time": 63.291,"Actual Total Time": 63.602,"Actual Rows": 7,"Actual Loops": 3,"Group Key": ["(SUBSTRING(customer.c_phone FROM 1 FOR 2))"],"Workers": [],"Plans": [{"Node Type": "Sort","Parent Relationship": "Outer","Parallel Aware": false,"Async Capable": false,"Startup Cost": 5741.19,"Total Cost": 5741.97,"Plan Rows": 310,"Plan Width": 38,"Actual Startup Time": 63.212,"Actual Total Time": 63.298,"Actual Rows": 2132,"Actual Loops": 3,"Sort Key": ["(SUBSTRING(customer.c_phone FROM 1 FOR 2))"],"Sort Method": "quicksort","Sort Space Used": 230,"Sort Space Type": "Memory","Workers": [{"Worker Number": 0,"Sort Method": "quicksort","Sort Space Used": 155,"Sort Space Type": "Memory"},{"Worker Number": 1,"Sort Method": "quicksort","Sort Space Used": 158,"Sort Space Type": "Memory"}],"Plans": [{"Node Type": "Nested Loop","Parent Relationship": "Outer","Parallel Aware": false,"Async Capable": false,"Join Type": "Anti","Startup Cost": 0.43,"Total Cost": 5728.36,"Plan Rows": 310,"Plan Width": 38,"Actual Startup Time": 0.241,"Actual Total Time": 62.382,"Actual Rows": 2132,"Actual Loops": 3,"Inner Unique": false,"Workers": [],"Plans": [{"Node Type": "Seq Scan","Parent Relationship": "Outer","Parallel Aware": true,"Async Capable": false,"Relation Name": "customer","Alias": "customer","Startup Cost": 0.00,"Total Cost": 5225.62,"Plan Rows": 729,"Plan Width": 26,"Actual Startup Time": 0.060,"Actual Total Time": 41.008,"Actual Rows": 6381,"Actual Loops": 3,"Filter": "((c_acctbal > $1) AND (SUBSTRING(c_phone FROM 1 FOR 2) = ANY ('{18,16,20,19,31,27,25}'::text[])))","Rows Removed by Filter": 43619,"Workers": []},{"Node Type": "Index Only Scan","Parent Relationship": "Inner","Parallel Aware": false,"Async Capable": false,"Scan Direction": "Forward","Index Name": "idx_orders_custkey","Relation Name": "orders","Alias": "orders","Startup Cost": 0.43,"Total Cost": 3.28,"Plan Rows": 17,"Plan Width": 4,"Actual Startup Time": 0.003,"Actual Total Time": 0.003,"Actual Rows": 1,"Actual Loops": 19143,"Index Cond": "(o_custkey = customer.c_custkey)","Rows Removed by Index Recheck": 0,"Heap Fetches": 0,"Workers": []}]}]}]}]}]},"Planning Time": 4.788,"Triggers": [],"Execution Time": 134.624}]
[{"Plan": {"Node Type": "Aggregate","Strategy": "Sorted","Partial Mode": "Finalize","Parallel Aware": false,"Async Capable": false,"Startup Cost": 12972.06,"Total Cost": 13071.37,"Plan Rows": 744,"Plan Width": 72,"Actual Startup Time": 141.057,"Actual Total Time": 144.688,"Actual Rows": 7,"Actual Loops": 1,"Group Key": ["(SUBSTRING(customer.c_phone FROM 1 FOR 2))"],"Plans": [{"Node Type": "Aggregate","Strategy": "Plain","Partial Mode": "Finalize","Parent Relationship": "InitPlan","Subplan Name": "InitPlan 1 (returns $1)","Parallel Aware": false,"Async Capable": false,"Startup Cost": 6230.83,"Total Cost": 6230.84,"Plan Rows": 1,"Plan Width": 32,"Actual Startup Time": 61.874,"Actual Total Time": 62.037,"Actual Rows": 1,"Actual Loops": 1,"Plans": [{"Node Type": "Gather","Parent Relationship": "Outer","Parallel Aware": false,"Async Capable": false,"Startup Cost": 6230.61,"Total Cost": 6230.82,"Plan Rows": 2,"Plan Width": 32,"Actual Startup Time": 61.788,"Actual Total Time": 62.011,"Actual Rows": 3,"Actual Loops": 1,"Workers Planned": 2,"Workers Launched": 2,"Single Copy": false,"Plans": [{"Node Type": "Aggregate","Strategy": "Plain","Partial Mode": "Partial","Parent Relationship": "Outer","Parallel Aware": false,"Async Capable": false,"Startup Cost": 5230.61,"Total Cost": 5230.62,"Plan Rows": 1,"Plan Width": 32,"Actual Startup Time": 55.984,"Actual Total Time": 55.986,"Actual Rows": 1,"Actual Loops": 3,"Workers": [],"Plans": [{"Node Type": "Seq Scan","Parent Relationship": "Outer","Parallel Aware": true,"Async Capable": false,"Relation Name": "customer","Alias": "customer_1","Startup Cost": 0.00,"Total Cost": 5225.62,"Plan Rows": 1994,"Plan Width": 6,"Actual Startup Time": 0.050,"Actual Total Time": 54.903,"Actual Rows": 12671,"Actual Loops": 3,"Filter": "((c_acctbal > 0.00) AND (SUBSTRING(c_phone FROM 1 FOR 2) = ANY ('{32,25,15,13,17,22,12}'::text[])))","Rows Removed by Filter": 37329,"Workers": []}]}]}]},{"Node Type": "Gather Merge","Parent Relationship": "Outer","Parallel Aware": false,"Async Capable": false,"Startup Cost": 6741.22,"Total Cost": 6821.30,"Plan Rows": 620,"Plan Width": 72,"Actual Startup Time": 140.920,"Actual Total Time": 144.468,"Actual Rows": 21,"Actual Loops": 1,"Workers Planned": 2,"Params Evaluated": ["$1"],"Workers Launched": 2,"Plans": [{"Node Type": "Aggregate","Strategy": "Sorted","Partial Mode": "Partial","Parent Relationship": "Outer","Parallel Aware": false,"Async Capable": false,"Startup Cost": 5741.19,"Total Cost": 5749.72,"Plan Rows": 310,"Plan Width": 72,"Actual Startup Time": 72.267,"Actual Total Time": 72.565,"Actual Rows": 7,"Actual Loops": 3,"Group Key": ["(SUBSTRING(customer.c_phone FROM 1 FOR 2))"],"Workers": [],"Plans": [{"Node Type": "Sort","Parent Relationship": "Outer","Parallel Aware": false,"Async Capable": false,"Startup Cost": 5741.19,"Total Cost": 5741.97,"Plan Rows": 310,"Plan Width": 38,"Actual Startup Time": 72.205,"Actual Total Time": 72.285,"Actual Rows": 2070,"Actual Loops": 3,"Sort Key": ["(SUBSTRING(customer.c_phone FROM 1 FOR 2))"],"Sort Method": "quicksort","Sort Space Used": 227,"Sort Space Type": "Memory","Workers": [{"Worker Number": 0,"Sort Method": "quicksort","Sort Space Used": 155,"Sort Space Type": "Memory"},{"Worker Number": 1,"Sort Method": "quicksort","Sort Space Used": 151,"Sort Space Type": "Memory"}],"Plans": [{"Node Type": "Nested Loop","Parent Relationship": "Outer","Parallel Aware": false,"Async Capable": false,"Join Type": "Anti","Startup Cost": 0.43,"Total Cost": 5728.36,"Plan Rows": 310,"Plan Width": 38,"Actual Startup Time": 0.168,"Actual Total Time": 71.433,"Actual Rows": 2070,"Actual Loops": 3,"Inner Unique": false,"Workers": [],"Plans": [{"Node Type": "Seq Scan","Parent Relationship": "Outer","Parallel Aware": true,"Async Capable": false,"Relation Name": "customer","Alias": "customer","Startup Cost": 0.00,"Total Cost": 5225.62,"Plan Rows": 729,"Plan Width": 26,"Actual Startup Time": 0.045,"Actual Total Time": 47.061,"Actual Rows": 6294,"Actual Loops": 3,"Filter": "((c_acctbal > $1) AND (SUBSTRING(c_phone FROM 1 FOR 2) = ANY ('{32,25,15,13,17,22,12}'::text[])))","Rows Removed by Filter": 43706,"Workers": []},{"Node Type": "Index Only Scan","Parent Relationship": "Inner","Parallel Aware": false,"Async Capable": false,"Scan Direction": "Forward","Index Name": "idx_orders_custkey","Relation Name": "orders","Alias": "orders","Startup Cost": 0.43,"Total Cost": 3.28,"Plan Rows": 17,"Plan Width": 4,"Actual Startup Time": 0.004,"Actual Total Time": 0.004,"Actual Rows": 1,"Actual Loops": 18882,"Index Cond": "(o_custkey = customer.c_custkey)","Rows Removed by Index Recheck": 0,"Heap Fetches": 0,"Workers": []}]}]}]}]}]},"Planning Time": 3.599,"Triggers": [],"Execution Time": 145.032}]
[{"Plan": {"Node Type": "Aggregate","Strategy": "Sorted","Partial Mode": "Finalize","Parallel Aware": false,"Async Capable": false,"Startup Cost": 12972.06,"Total Cost": 13071.37,"Plan Rows": 744,"Plan Width": 72,"Actual Startup Time": 140.301,"Actual Total Time": 143.698,"Actual Rows": 7,"Actual Loops": 1,"Group Key": ["(SUBSTRING(customer.c_phone FROM 1 FOR 2))"],"Plans": [{"Node Type": "Aggregate","Strategy": "Plain","Partial Mode": "Finalize","Parent Relationship": "InitPlan","Subplan Name": "InitPlan 1 (returns $1)","Parallel Aware": false,"Async Capable": false,"Startup Cost": 6230.83,"Total Cost": 6230.84,"Plan Rows": 1,"Plan Width": 32,"Actual Startup Time": 61.395,"Actual Total Time": 61.563,"Actual Rows": 1,"Actual Loops": 1,"Plans": [{"Node Type": "Gather","Parent Relationship": "Outer","Parallel Aware": false,"Async Capable": false,"Startup Cost": 6230.61,"Total Cost": 6230.82,"Plan Rows": 2,"Plan Width": 32,"Actual Startup Time": 61.310,"Actual Total Time": 61.546,"Actual Rows": 3,"Actual Loops": 1,"Workers Planned": 2,"Workers Launched": 2,"Single Copy": false,"Plans": [{"Node Type": "Aggregate","Strategy": "Plain","Partial Mode": "Partial","Parent Relationship": "Outer","Parallel Aware": false,"Async Capable": false,"Startup Cost": 5230.61,"Total Cost": 5230.62,"Plan Rows": 1,"Plan Width": 32,"Actual Startup Time": 55.625,"Actual Total Time": 55.627,"Actual Rows": 1,"Actual Loops": 3,"Workers": [],"Plans": [{"Node Type": "Seq Scan","Parent Relationship": "Outer","Parallel Aware": true,"Async Capable": false,"Relation Name": "customer","Alias": "customer_1","Startup Cost": 0.00,"Total Cost": 5225.62,"Plan Rows": 1994,"Plan Width": 6,"Actual Startup Time": 0.059,"Actual Total Time": 54.543,"Actual Rows": 12776,"Actual Loops": 3,"Filter": "((c_acctbal > 0.00) AND (SUBSTRING(c_phone FROM 1 FOR 2) = ANY ('{29,14,34,23,28,24,13}'::text[])))","Rows Removed by Filter": 37224,"Workers": []}]}]}]},{"Node Type": "Gather Merge","Parent Relationship": "Outer","Parallel Aware": false,"Async Capable": false,"Startup Cost": 6741.22,"Total Cost": 6821.30,"Plan Rows": 620,"Plan Width": 72,"Actual Startup Time": 140.168,"Actual Total Time": 143.478,"Actual Rows": 21,"Actual Loops": 1,"Workers Planned": 2,"Params Evaluated": ["$1"],"Workers Launched": 2,"Plans": [{"Node Type": "Aggregate","Strategy": "Sorted","Partial Mode": "Partial","Parent Relationship": "Outer","Parallel Aware": false,"Async Capable": false,"Startup Cost": 5741.19,"Total Cost": 5749.72,"Plan Rows": 310,"Plan Width": 72,"Actual Startup Time": 72.195,"Actual Total Time": 72.501,"Actual Rows": 7,"Actual Loops": 3,"Group Key": ["(SUBSTRING(customer.c_phone FROM 1 FOR 2))"],"Workers": [],"Plans": [{"Node Type": "Sort","Parent Relationship": "Outer","Parallel Aware": false,"Async Capable": false,"Startup Cost": 5741.19,"Total Cost": 5741.97,"Plan Rows": 310,"Plan Width": 38,"Actual Startup Time": 72.126,"Actual Total Time": 72.207,"Actual Rows": 2150,"Actual Loops": 3,"Sort Key": ["(SUBSTRING(customer.c_phone FROM 1 FOR 2))"],"Sort Method": "quicksort","Sort Space Used": 236,"Sort Space Type": "Memory","Workers": [{"Worker Number": 0,"Sort Method": "quicksort","Sort Space Used": 158,"Sort Space Type": "Memory"},{"Worker Number": 1,"Sort Method": "quicksort","Sort Space Used": 152,"Sort Space Type": "Memory"}],"Plans": [{"Node Type": "Nested Loop","Parent Relationship": "Outer","Parallel Aware": false,"Async Capable": false,"Join Type": "Anti","Startup Cost": 0.43,"Total Cost": 5728.36,"Plan Rows": 310,"Plan Width": 38,"Actual Startup Time": 0.186,"Actual Total Time": 71.300,"Actual Rows": 2150,"Actual Loops": 3,"Inner Unique": false,"Workers": [],"Plans": [{"Node Type": "Seq Scan","Parent Relationship": "Outer","Parallel Aware": true,"Async Capable": false,"Relation Name": "customer","Alias": "customer","Startup Cost": 0.00,"Total Cost": 5225.62,"Plan Rows": 729,"Plan Width": 26,"Actual Startup Time": 0.036,"Actual Total Time": 47.132,"Actual Rows": 6387,"Actual Loops": 3,"Filter": "((c_acctbal > $1) AND (SUBSTRING(c_phone FROM 1 FOR 2) = ANY ('{29,14,34,23,28,24,13}'::text[])))","Rows Removed by Filter": 43613,"Workers": []},{"Node Type": "Index Only Scan","Parent Relationship": "Inner","Parallel Aware": false,"Async Capable": false,"Scan Direction": "Forward","Index Name": "idx_orders_custkey","Relation Name": "orders","Alias": "orders","Startup Cost": 0.43,"Total Cost": 3.28,"Plan Rows": 17,"Plan Width": 4,"Actual Startup Time": 0.003,"Actual Total Time": 0.003,"Actual Rows": 1,"Actual Loops": 19160,"Index Cond": "(o_custkey = customer.c_custkey)","Rows Removed by Index Recheck": 0,"Heap Fetches": 0,"Workers": []}]}]}]}]}]},"Planning Time": 4.232,"Triggers": [],"Execution Time": 144.042}]
[{"Plan": {"Node Type": "Aggregate","Strategy": "Sorted","Partial Mode": "Finalize","Parallel Aware": false,"Async Capable": false,"Startup Cost": 12972.06,"Total Cost": 13071.37,"Plan Rows": 744,"Plan Width": 72,"Actual Startup Time": 141.560,"Actual Total Time": 145.193,"Actual Rows": 7,"Actual Loops": 1,"Group Key": ["(SUBSTRING(customer.c_phone FROM 1 FOR 2))"],"Plans": [{"Node Type": "Aggregate","Strategy": "Plain","Partial Mode": "Finalize","Parent Relationship": "InitPlan","Subplan Name": "InitPlan 1 (returns $1)","Parallel Aware": false,"Async Capable": false,"Startup Cost": 6230.83,"Total Cost": 6230.84,"Plan Rows": 1,"Plan Width": 32,"Actual Startup Time": 62.403,"Actual Total Time": 62.591,"Actual Rows": 1,"Actual Loops": 1,"Plans": [{"Node Type": "Gather","Parent Relationship": "Outer","Parallel Aware": false,"Async Capable": false,"Startup Cost": 6230.61,"Total Cost": 6230.82,"Plan Rows": 2,"Plan Width": 32,"Actual Startup Time": 62.285,"Actual Total Time": 62.562,"Actual Rows": 3,"Actual Loops": 1,"Workers Planned": 2,"Workers Launched": 2,"Single Copy": false,"Plans": [{"Node Type": "Aggregate","Strategy": "Plain","Partial Mode": "Partial","Parent Relationship": "Outer","Parallel Aware": false,"Async Capable": false,"Startup Cost": 5230.61,"Total Cost": 5230.62,"Plan Rows": 1,"Plan Width": 32,"Actual Startup Time": 56.585,"Actual Total Time": 56.587,"Actual Rows": 1,"Actual Loops": 3,"Workers": [],"Plans": [{"Node Type": "Seq Scan","Parent Relationship": "Outer","Parallel Aware": true,"Async Capable": false,"Relation Name": "customer","Alias": "customer_1","Startup Cost": 0.00,"Total Cost": 5225.62,"Plan Rows": 1994,"Plan Width": 6,"Actual Startup Time": 0.056,"Actual Total Time": 55.549,"Actual Rows": 12747,"Actual Loops": 3,"Filter": "((c_acctbal > 0.00) AND (SUBSTRING(c_phone FROM 1 FOR 2) = ANY ('{31,10,14,26,19,13,28}'::text[])))","Rows Removed by Filter": 37253,"Workers": []}]}]}]},{"Node Type": "Gather Merge","Parent Relationship": "Outer","Parallel Aware": false,"Async Capable": false,"Startup Cost": 6741.22,"Total Cost": 6821.30,"Plan Rows": 620,"Plan Width": 72,"Actual Startup Time": 141.448,"Actual Total Time": 144.948,"Actual Rows": 21,"Actual Loops": 1,"Workers Planned": 2,"Params Evaluated": ["$1"],"Workers Launched": 2,"Plans": [{"Node Type": "Aggregate","Strategy": "Sorted","Partial Mode": "Partial","Parent Relationship": "Outer","Parallel Aware": false,"Async Capable": false,"Startup Cost": 5741.19,"Total Cost": 5749.72,"Plan Rows": 310,"Plan Width": 72,"Actual Startup Time": 72.405,"Actual Total Time": 72.702,"Actual Rows": 7,"Actual Loops": 3,"Group Key": ["(SUBSTRING(customer.c_phone FROM 1 FOR 2))"],"Workers": [],"Plans": [{"Node Type": "Sort","Parent Relationship": "Outer","Parallel Aware": false,"Async Capable": false,"Startup Cost": 5741.19,"Total Cost": 5741.97,"Plan Rows": 310,"Plan Width": 38,"Actual Startup Time": 72.339,"Actual Total Time": 72.417,"Actual Rows": 2126,"Actual Loops": 3,"Sort Key": ["(SUBSTRING(customer.c_phone FROM 1 FOR 2))"],"Sort Method": "quicksort","Sort Space Used": 230,"Sort Space Type": "Memory","Workers": [{"Worker Number": 0,"Sort Method": "quicksort","Sort Space Used": 159,"Sort Space Type": "Memory"},{"Worker Number": 1,"Sort Method": "quicksort","Sort Space Used": 152,"Sort Space Type": "Memory"}],"Plans": [{"Node Type": "Nested Loop","Parent Relationship": "Outer","Parallel Aware": false,"Async Capable": false,"Join Type": "Anti","Startup Cost": 0.43,"Total Cost": 5728.36,"Plan Rows": 310,"Plan Width": 38,"Actual Startup Time": 0.209,"Actual Total Time": 71.563,"Actual Rows": 2126,"Actual Loops": 3,"Inner Unique": false,"Workers": [],"Plans": [{"Node Type": "Seq Scan","Parent Relationship": "Outer","Parallel Aware": true,"Async Capable": false,"Relation Name": "customer","Alias": "customer","Startup Cost": 0.00,"Total Cost": 5225.62,"Plan Rows": 729,"Plan Width": 26,"Actual Startup Time": 0.043,"Actual Total Time": 47.346,"Actual Rows": 6355,"Actual Loops": 3,"Filter": "((c_acctbal > $1) AND (SUBSTRING(c_phone FROM 1 FOR 2) = ANY ('{31,10,14,26,19,13,28}'::text[])))","Rows Removed by Filter": 43645,"Workers": []},{"Node Type": "Index Only Scan","Parent Relationship": "Inner","Parallel Aware": false,"Async Capable": false,"Scan Direction": "Forward","Index Name": "idx_orders_custkey","Relation Name": "orders","Alias": "orders","Startup Cost": 0.43,"Total Cost": 3.28,"Plan Rows": 17,"Plan Width": 4,"Actual Startup Time": 0.003,"Actual Total Time": 0.003,"Actual Rows": 1,"Actual Loops": 19066,"Index Cond": "(o_custkey = customer.c_custkey)","Rows Removed by Index Recheck": 0,"Heap Fetches": 0,"Workers": []}]}]}]}]}]},"Planning Time": 4.613,"Triggers": [],"Execution Time": 145.500}]
[{"Plan": {"Node Type": "Aggregate","Strategy": "Sorted","Partial Mode": "Finalize","Parallel Aware": false,"Async Capable": false,"Startup Cost": 12972.06,"Total Cost": 13071.37,"Plan Rows": 744,"Plan Width": 72,"Actual Startup Time": 134.061,"Actual Total Time": 137.872,"Actual Rows": 7,"Actual Loops": 1,"Group Key": ["(SUBSTRING(customer.c_phone FROM 1 FOR 2))"],"Plans": [{"Node Type": "Aggregate","Strategy": "Plain","Partial Mode": "Finalize","Parent Relationship": "InitPlan","Subplan Name": "InitPlan 1 (returns $1)","Parallel Aware": false,"Async Capable": false,"Startup Cost": 6230.83,"Total Cost": 6230.84,"Plan Rows": 1,"Plan Width": 32,"Actual Startup Time": 58.813,"Actual Total Time": 59.034,"Actual Rows": 1,"Actual Loops": 1,"Plans": [{"Node Type": "Gather","Parent Relationship": "Outer","Parallel Aware": false,"Async Capable": false,"Startup Cost": 6230.61,"Total Cost": 6230.82,"Plan Rows": 2,"Plan Width": 32,"Actual Startup Time": 58.718,"Actual Total Time": 59.016,"Actual Rows": 3,"Actual Loops": 1,"Workers Planned": 2,"Workers Launched": 2,"Single Copy": false,"Plans": [{"Node Type": "Aggregate","Strategy": "Plain","Partial Mode": "Partial","Parent Relationship": "Outer","Parallel Aware": false,"Async Capable": false,"Startup Cost": 5230.61,"Total Cost": 5230.62,"Plan Rows": 1,"Plan Width": 32,"Actual Startup Time": 52.798,"Actual Total Time": 52.800,"Actual Rows": 1,"Actual Loops": 3,"Workers": [],"Plans": [{"Node Type": "Seq Scan","Parent Relationship": "Outer","Parallel Aware": true,"Async Capable": false,"Relation Name": "customer","Alias": "customer_1","Startup Cost": 0.00,"Total Cost": 5225.62,"Plan Rows": 1994,"Plan Width": 6,"Actual Startup Time": 0.048,"Actual Total Time": 51.704,"Actual Rows": 12680,"Actual Loops": 3,"Filter": "((c_acctbal > 0.00) AND (SUBSTRING(c_phone FROM 1 FOR 2) = ANY ('{20,10,13,25,18,23,22}'::text[])))","Rows Removed by Filter": 37320,"Workers": []}]}]}]},{"Node Type": "Gather Merge","Parent Relationship": "Outer","Parallel Aware": false,"Async Capable": false,"Startup Cost": 6741.22,"Total Cost": 6821.30,"Plan Rows": 620,"Plan Width": 72,"Actual Startup Time": 133.945,"Actual Total Time": 137.573,"Actual Rows": 21,"Actual Loops": 1,"Workers Planned": 2,"Params Evaluated": ["$1"],"Workers Launched": 2,"Plans": [{"Node Type": "Aggregate","Strategy": "Sorted","Partial Mode": "Partial","Parent Relationship": "Outer","Parallel Aware": false,"Async Capable": false,"Startup Cost": 5741.19,"Total Cost": 5749.72,"Plan Rows": 310,"Plan Width": 72,"Actual Startup Time": 68.127,"Actual Total Time": 68.417,"Actual Rows": 7,"Actual Loops": 3,"Group Key": ["(SUBSTRING(customer.c_phone FROM 1 FOR 2))"],"Workers": [],"Plans": [{"Node Type": "Sort","Parent Relationship": "Outer","Parallel Aware": false,"Async Capable": false,"Startup Cost": 5741.19,"Total Cost": 5741.97,"Plan Rows": 310,"Plan Width": 38,"Actual Startup Time": 68.052,"Actual Total Time": 68.129,"Actual Rows": 2109,"Actual Loops": 3,"Sort Key": ["(SUBSTRING(customer.c_phone FROM 1 FOR 2))"],"Sort Method": "quicksort","Sort Space Used": 241,"Sort Space Type": "Memory","Workers": [{"Worker Number": 0,"Sort Method": "quicksort","Sort Space Used": 149,"Sort Space Type": "Memory"},{"Worker Number": 1,"Sort Method": "quicksort","Sort Space Used": 148,"Sort Space Type": "Memory"}],"Plans": [{"Node Type": "Nested Loop","Parent Relationship": "Outer","Parallel Aware": false,"Async Capable": false,"Join Type": "Anti","Startup Cost": 0.43,"Total Cost": 5728.36,"Plan Rows": 310,"Plan Width": 38,"Actual Startup Time": 0.169,"Actual Total Time": 67.274,"Actual Rows": 2109,"Actual Loops": 3,"Inner Unique": false,"Workers": [],"Plans": [{"Node Type": "Seq Scan","Parent Relationship": "Outer","Parallel Aware": true,"Async Capable": false,"Relation Name": "customer","Alias": "customer","Startup Cost": 0.00,"Total Cost": 5225.62,"Plan Rows": 729,"Plan Width": 26,"Actual Startup Time": 0.050,"Actual Total Time": 44.516,"Actual Rows": 6318,"Actual Loops": 3,"Filter": "((c_acctbal > $1) AND (SUBSTRING(c_phone FROM 1 FOR 2) = ANY ('{20,10,13,25,18,23,22}'::text[])))","Rows Removed by Filter": 43682,"Workers": []},{"Node Type": "Index Only Scan","Parent Relationship": "Inner","Parallel Aware": false,"Async Capable": false,"Scan Direction": "Forward","Index Name": "idx_orders_custkey","Relation Name": "orders","Alias": "orders","Startup Cost": 0.43,"Total Cost": 3.28,"Plan Rows": 17,"Plan Width": 4,"Actual Startup Time": 0.003,"Actual Total Time": 0.003,"Actual Rows": 1,"Actual Loops": 18953,"Index Cond": "(o_custkey = customer.c_custkey)","Rows Removed by Index Recheck": 0,"Heap Fetches": 0,"Workers": []}]}]}]}]}]},"Planning Time": 3.958,"Triggers": [],"Execution Time": 138.289}]
[{"Plan": {"Node Type": "Aggregate","Strategy": "Sorted","Partial Mode": "Finalize","Parallel Aware": false,"Async Capable": false,"Startup Cost": 12972.06,"Total Cost": 13071.37,"Plan Rows": 744,"Plan Width": 72,"Actual Startup Time": 136.496,"Actual Total Time": 140.448,"Actual Rows": 7,"Actual Loops": 1,"Group Key": ["(SUBSTRING(customer.c_phone FROM 1 FOR 2))"],"Plans": [{"Node Type": "Aggregate","Strategy": "Plain","Partial Mode": "Finalize","Parent Relationship": "InitPlan","Subplan Name": "InitPlan 1 (returns $1)","Parallel Aware": false,"Async Capable": false,"Startup Cost": 6230.83,"Total Cost": 6230.84,"Plan Rows": 1,"Plan Width": 32,"Actual Startup Time": 63.339,"Actual Total Time": 63.603,"Actual Rows": 1,"Actual Loops": 1,"Plans": [{"Node Type": "Gather","Parent Relationship": "Outer","Parallel Aware": false,"Async Capable": false,"Startup Cost": 6230.61,"Total Cost": 6230.82,"Plan Rows": 2,"Plan Width": 32,"Actual Startup Time": 63.269,"Actual Total Time": 63.590,"Actual Rows": 3,"Actual Loops": 1,"Workers Planned": 2,"Workers Launched": 2,"Single Copy": false,"Plans": [{"Node Type": "Aggregate","Strategy": "Plain","Partial Mode": "Partial","Parent Relationship": "Outer","Parallel Aware": false,"Async Capable": false,"Startup Cost": 5230.61,"Total Cost": 5230.62,"Plan Rows": 1,"Plan Width": 32,"Actual Startup Time": 56.878,"Actual Total Time": 56.879,"Actual Rows": 1,"Actual Loops": 3,"Workers": [],"Plans": [{"Node Type": "Seq Scan","Parent Relationship": "Outer","Parallel Aware": true,"Async Capable": false,"Relation Name": "customer","Alias": "customer_1","Startup Cost": 0.00,"Total Cost": 5225.62,"Plan Rows": 1994,"Plan Width": 6,"Actual Startup Time": 0.055,"Actual Total Time": 55.794,"Actual Rows": 12764,"Actual Loops": 3,"Filter": "((c_acctbal > 0.00) AND (SUBSTRING(c_phone FROM 1 FOR 2) = ANY ('{34,31,18,33,23,25,16}'::text[])))","Rows Removed by Filter": 37236,"Workers": []}]}]}]},{"Node Type": "Gather Merge","Parent Relationship": "Outer","Parallel Aware": false,"Async Capable": false,"Startup Cost": 6741.22,"Total Cost": 6821.30,"Plan Rows": 620,"Plan Width": 72,"Actual Startup Time": 136.390,"Actual Total Time": 140.131,"Actual Rows": 21,"Actual Loops": 1,"Workers Planned": 2,"Params Evaluated": ["$1"],"Workers Launched": 2,"Plans": [{"Node Type": "Aggregate","Strategy": "Sorted","Partial Mode": "Partial","Parent Relationship": "Outer","Parallel Aware": false,"Async Capable": false,"Startup Cost": 5741.19,"Total Cost": 5749.72,"Plan Rows": 310,"Plan Width": 72,"Actual Startup Time": 66.307,"Actual Total Time": 66.630,"Actual Rows": 7,"Actual Loops": 3,"Group Key": ["(SUBSTRING(customer.c_phone FROM 1 FOR 2))"],"Workers": [],"Plans": [{"Node Type": "Sort","Parent Relationship": "Outer","Parallel Aware": false,"Async Capable": false,"Startup Cost": 5741.19,"Total Cost": 5741.97,"Plan Rows": 310,"Plan Width": 38,"Actual Startup Time": 66.231,"Actual Total Time": 66.320,"Actual Rows": 2143,"Actual Loops": 3,"Sort Key": ["(SUBSTRING(customer.c_phone FROM 1 FOR 2))"],"Sort Method": "quicksort","Sort Space Used": 235,"Sort Space Type": "Memory","Workers": [{"Worker Number": 0,"Sort Method": "quicksort","Sort Space Used": 154,"Sort Space Type": "Memory"},{"Worker Number": 1,"Sort Method": "quicksort","Sort Space Used": 156,"Sort Space Type": "Memory"}],"Plans": [{"Node Type": "Nested Loop","Parent Relationship": "Outer","Parallel Aware": false,"Async Capable": false,"Join Type": "Anti","Startup Cost": 0.43,"Total Cost": 5728.36,"Plan Rows": 310,"Plan Width": 38,"Actual Startup Time": 0.110,"Actual Total Time": 65.383,"Actual Rows": 2143,"Actual Loops": 3,"Inner Unique": false,"Workers": [],"Plans": [{"Node Type": "Seq Scan","Parent Relationship": "Outer","Parallel Aware": true,"Async Capable": false,"Relation Name": "customer","Alias": "customer","Startup Cost": 0.00,"Total Cost": 5225.62,"Plan Rows": 729,"Plan Width": 26,"Actual Startup Time": 0.034,"Actual Total Time": 44.171,"Actual Rows": 6379,"Actual Loops": 3,"Filter": "((c_acctbal > $1) AND (SUBSTRING(c_phone FROM 1 FOR 2) = ANY ('{34,31,18,33,23,25,16}'::text[])))","Rows Removed by Filter": 43621,"Workers": []},{"Node Type": "Index Only Scan","Parent Relationship": "Inner","Parallel Aware": false,"Async Capable": false,"Scan Direction": "Forward","Index Name": "idx_orders_custkey","Relation Name": "orders","Alias": "orders","Startup Cost": 0.43,"Total Cost": 3.28,"Plan Rows": 17,"Plan Width": 4,"Actual Startup Time": 0.003,"Actual Total Time": 0.003,"Actual Rows": 1,"Actual Loops": 19138,"Index Cond": "(o_custkey = customer.c_custkey)","Rows Removed by Index Recheck": 0,"Heap Fetches": 0,"Workers": []}]}]}]}]}]},"Planning Time": 4.624,"Triggers": [],"Execution Time": 140.812}]
[{"Plan": {"Node Type": "Aggregate","Strategy": "Sorted","Partial Mode": "Finalize","Parallel Aware": false,"Async Capable": false,"Startup Cost": 12972.06,"Total Cost": 13071.37,"Plan Rows": 744,"Plan Width": 72,"Actual Startup Time": 138.291,"Actual Total Time": 141.642,"Actual Rows": 7,"Actual Loops": 1,"Group Key": ["(SUBSTRING(customer.c_phone FROM 1 FOR 2))"],"Plans": [{"Node Type": "Aggregate","Strategy": "Plain","Partial Mode": "Finalize","Parent Relationship": "InitPlan","Subplan Name": "InitPlan 1 (returns $1)","Parallel Aware": false,"Async Capable": false,"Startup Cost": 6230.83,"Total Cost": 6230.84,"Plan Rows": 1,"Plan Width": 32,"Actual Startup Time": 61.080,"Actual Total Time": 61.239,"Actual Rows": 1,"Actual Loops": 1,"Plans": [{"Node Type": "Gather","Parent Relationship": "Outer","Parallel Aware": false,"Async Capable": false,"Startup Cost": 6230.61,"Total Cost": 6230.82,"Plan Rows": 2,"Plan Width": 32,"Actual Startup Time": 60.967,"Actual Total Time": 61.207,"Actual Rows": 3,"Actual Loops": 1,"Workers Planned": 2,"Workers Launched": 2,"Single Copy": false,"Plans": [{"Node Type": "Aggregate","Strategy": "Plain","Partial Mode": "Partial","Parent Relationship": "Outer","Parallel Aware": false,"Async Capable": false,"Startup Cost": 5230.61,"Total Cost": 5230.62,"Plan Rows": 1,"Plan Width": 32,"Actual Startup Time": 55.128,"Actual Total Time": 55.131,"Actual Rows": 1,"Actual Loops": 3,"Workers": [],"Plans": [{"Node Type": "Seq Scan","Parent Relationship": "Outer","Parallel Aware": true,"Async Capable": false,"Relation Name": "customer","Alias": "customer_1","Startup Cost": 0.00,"Total Cost": 5225.62,"Plan Rows": 1994,"Plan Width": 6,"Actual Startup Time": 0.041,"Actual Total Time": 54.056,"Actual Rows": 12715,"Actual Loops": 3,"Filter": "((c_acctbal > 0.00) AND (SUBSTRING(c_phone FROM 1 FOR 2) = ANY ('{12,16,17,28,25,20,29}'::text[])))","Rows Removed by Filter": 37285,"Workers": []}]}]}]},{"Node Type": "Gather Merge","Parent Relationship": "Outer","Parallel Aware": false,"Async Capable": false,"Startup Cost": 6741.22,"Total Cost": 6821.30,"Plan Rows": 620,"Plan Width": 72,"Actual Startup Time": 138.160,"Actual Total Time": 141.431,"Actual Rows": 21,"Actual Loops": 1,"Workers Planned": 2,"Params Evaluated": ["$1"],"Workers Launched": 2,"Plans": [{"Node Type": "Aggregate","Strategy": "Sorted","Partial Mode": "Partial","Parent Relationship": "Outer","Parallel Aware": false,"Async Capable": false,"Startup Cost": 5741.19,"Total Cost": 5749.72,"Plan Rows": 310,"Plan Width": 72,"Actual Startup Time": 70.669,"Actual Total Time": 70.974,"Actual Rows": 7,"Actual Loops": 3,"Group Key": ["(SUBSTRING(customer.c_phone FROM 1 FOR 2))"],"Workers": [],"Plans": [{"Node Type": "Sort","Parent Relationship": "Outer","Parallel Aware": false,"Async Capable": false,"Startup Cost": 5741.19,"Total Cost": 5741.97,"Plan Rows": 310,"Plan Width": 38,"Actual Startup Time": 70.605,"Actual Total Time": 70.695,"Actual Rows": 2091,"Actual Loops": 3,"Sort Key": ["(SUBSTRING(customer.c_phone FROM 1 FOR 2))"],"Sort Method": "quicksort","Sort Space Used": 227,"Sort Space Type": "Memory","Workers": [{"Worker Number": 0,"Sort Method": "quicksort","Sort Space Used": 157,"Sort Space Type": "Memory"},{"Worker Number": 1,"Sort Method": "quicksort","Sort Space Used": 152,"Sort Space Type": "Memory"}],"Plans": [{"Node Type": "Nested Loop","Parent Relationship": "Outer","Parallel Aware": false,"Async Capable": false,"Join Type": "Anti","Startup Cost": 0.43,"Total Cost": 5728.36,"Plan Rows": 310,"Plan Width": 38,"Actual Startup Time": 0.154,"Actual Total Time": 69.807,"Actual Rows": 2091,"Actual Loops": 3,"Inner Unique": false,"Workers": [],"Plans": [{"Node Type": "Seq Scan","Parent Relationship": "Outer","Parallel Aware": true,"Async Capable": false,"Relation Name": "customer","Alias": "customer","Startup Cost": 0.00,"Total Cost": 5225.62,"Plan Rows": 729,"Plan Width": 26,"Actual Startup Time": 0.048,"Actual Total Time": 46.145,"Actual Rows": 6346,"Actual Loops": 3,"Filter": "((c_acctbal > $1) AND (SUBSTRING(c_phone FROM 1 FOR 2) = ANY ('{12,16,17,28,25,20,29}'::text[])))","Rows Removed by Filter": 43654,"Workers": []},{"Node Type": "Index Only Scan","Parent Relationship": "Inner","Parallel Aware": false,"Async Capable": false,"Scan Direction": "Forward","Index Name": "idx_orders_custkey","Relation Name": "orders","Alias": "orders","Startup Cost": 0.43,"Total Cost": 3.28,"Plan Rows": 17,"Plan Width": 4,"Actual Startup Time": 0.003,"Actual Total Time": 0.003,"Actual Rows": 1,"Actual Loops": 19037,"Index Cond": "(o_custkey = customer.c_custkey)","Rows Removed by Index Recheck": 0,"Heap Fetches": 0,"Workers": []}]}]}]}]}]},"Planning Time": 4.079,"Triggers": [],"Execution Time": 141.957}]
[{"Plan": {"Node Type": "Aggregate","Strategy": "Sorted","Partial Mode": "Finalize","Parallel Aware": false,"Async Capable": false,"Startup Cost": 12972.06,"Total Cost": 13071.37,"Plan Rows": 744,"Plan Width": 72,"Actual Startup Time": 130.573,"Actual Total Time": 135.000,"Actual Rows": 7,"Actual Loops": 1,"Group Key": ["(SUBSTRING(customer.c_phone FROM 1 FOR 2))"],"Plans": [{"Node Type": "Aggregate","Strategy": "Plain","Partial Mode": "Finalize","Parent Relationship": "InitPlan","Subplan Name": "InitPlan 1 (returns $1)","Parallel Aware": false,"Async Capable": false,"Startup Cost": 6230.83,"Total Cost": 6230.84,"Plan Rows": 1,"Plan Width": 32,"Actual Startup Time": 59.718,"Actual Total Time": 59.901,"Actual Rows": 1,"Actual Loops": 1,"Plans": [{"Node Type": "Gather","Parent Relationship": "Outer","Parallel Aware": false,"Async Capable": false,"Startup Cost": 6230.61,"Total Cost": 6230.82,"Plan Rows": 2,"Plan Width": 32,"Actual Startup Time": 59.609,"Actual Total Time": 59.888,"Actual Rows": 3,"Actual Loops": 1,"Workers Planned": 2,"Workers Launched": 2,"Single Copy": false,"Plans": [{"Node Type": "Aggregate","Strategy": "Plain","Partial Mode": "Partial","Parent Relationship": "Outer","Parallel Aware": false,"Async Capable": false,"Startup Cost": 5230.61,"Total Cost": 5230.62,"Plan Rows": 1,"Plan Width": 32,"Actual Startup Time": 53.844,"Actual Total Time": 53.846,"Actual Rows": 1,"Actual Loops": 3,"Workers": [],"Plans": [{"Node Type": "Seq Scan","Parent Relationship": "Outer","Parallel Aware": true,"Async Capable": false,"Relation Name": "customer","Alias": "customer_1","Startup Cost": 0.00,"Total Cost": 5225.62,"Plan Rows": 1994,"Plan Width": 6,"Actual Startup Time": 0.047,"Actual Total Time": 52.795,"Actual Rows": 12709,"Actual Loops": 3,"Filter": "((c_acctbal > 0.00) AND (SUBSTRING(c_phone FROM 1 FOR 2) = ANY ('{23,20,18,17,21,16,22}'::text[])))","Rows Removed by Filter": 37291,"Workers": []}]}]}]},{"Node Type": "Gather Merge","Parent Relationship": "Outer","Parallel Aware": false,"Async Capable": false,"Startup Cost": 6741.22,"Total Cost": 6821.30,"Plan Rows": 620,"Plan Width": 72,"Actual Startup Time": 130.488,"Actual Total Time": 134.781,"Actual Rows": 21,"Actual Loops": 1,"Workers Planned": 2,"Params Evaluated": ["$1"],"Workers Launched": 2,"Plans": [{"Node Type": "Aggregate","Strategy": "Sorted","Partial Mode": "Partial","Parent Relationship": "Outer","Parallel Aware": false,"Async Capable": false,"Startup Cost": 5741.19,"Total Cost": 5749.72,"Plan Rows": 310,"Plan Width": 72,"Actual Startup Time": 63.471,"Actual Total Time": 63.778,"Actual Rows": 7,"Actual Loops": 3,"Group Key": ["(SUBSTRING(customer.c_phone FROM 1 FOR 2))"],"Workers": [],"Plans": [{"Node Type": "Sort","Parent Relationship": "Outer","Parallel Aware": false,"Async Capable": false,"Startup Cost": 5741.19,"Total Cost": 5741.97,"Plan Rows": 310,"Plan Width": 38,"Actual Startup Time": 63.397,"Actual Total Time": 63.482,"Actual Rows": 2126,"Actual Loops": 3,"Sort Key": ["(SUBSTRING(customer.c_phone FROM 1 FOR 2))"],"Sort Method": "quicksort","Sort Space Used": 231,"Sort Space Type": "Memory","Workers": [{"Worker Number": 0,"Sort Method": "quicksort","Sort Space Used": 155,"Sort Space Type": "Memory"},{"Worker Number": 1,"Sort Method": "quicksort","Sort Space Used": 156,"Sort Space Type": "Memory"}],"Plans": [{"Node Type": "Nested Loop","Parent Relationship": "Outer","Parallel Aware": false,"Async Capable": false,"Join Type": "Anti","Startup Cost": 0.43,"Total Cost": 5728.36,"Plan Rows": 310,"Plan Width": 38,"Actual Startup Time": 0.141,"Actual Total Time": 62.583,"Actual Rows": 2126,"Actual Loops": 3,"Inner Unique": false,"Workers": [],"Plans": [{"Node Type": "Seq Scan","Parent Relationship": "Outer","Parallel Aware": true,"Async Capable": false,"Relation Name": "customer","Alias": "customer","Startup Cost": 0.00,"Total Cost": 5225.62,"Plan Rows": 729,"Plan Width": 26,"Actual Startup Time": 0.032,"Actual Total Time": 40.952,"Actual Rows": 6357,"Actual Loops": 3,"Filter": "((c_acctbal > $1) AND (SUBSTRING(c_phone FROM 1 FOR 2) = ANY ('{23,20,18,17,21,16,22}'::text[])))","Rows Removed by Filter": 43643,"Workers": []},{"Node Type": "Index Only Scan","Parent Relationship": "Inner","Parallel Aware": false,"Async Capable": false,"Scan Direction": "Forward","Index Name": "idx_orders_custkey","Relation Name": "orders","Alias": "orders","Startup Cost": 0.43,"Total Cost": 3.28,"Plan Rows": 17,"Plan Width": 4,"Actual Startup Time": 0.003,"Actual Total Time": 0.003,"Actual Rows": 1,"Actual Loops": 19071,"Index Cond": "(o_custkey = customer.c_custkey)","Rows Removed by Index Recheck": 0,"Heap Fetches": 0,"Workers": []}]}]}]}]}]},"Planning Time": 3.467,"Triggers": [],"Execution Time": 135.330}]
[{"Plan": {"Node Type": "Aggregate","Strategy": "Sorted","Partial Mode": "Finalize","Parallel Aware": false,"Async Capable": false,"Startup Cost": 12972.06,"Total Cost": 13071.37,"Plan Rows": 744,"Plan Width": 72,"Actual Startup Time": 137.887,"Actual Total Time": 141.645,"Actual Rows": 7,"Actual Loops": 1,"Group Key": ["(SUBSTRING(customer.c_phone FROM 1 FOR 2))"],"Plans": [{"Node Type": "Aggregate","Strategy": "Plain","Partial Mode": "Finalize","Parent Relationship": "InitPlan","Subplan Name": "InitPlan 1 (returns $1)","Parallel Aware": false,"Async Capable": false,"Startup Cost": 6230.83,"Total Cost": 6230.84,"Plan Rows": 1,"Plan Width": 32,"Actual Startup Time": 62.328,"Actual Total Time": 62.496,"Actual Rows": 1,"Actual Loops": 1,"Plans": [{"Node Type": "Gather","Parent Relationship": "Outer","Parallel Aware": false,"Async Capable": false,"Startup Cost": 6230.61,"Total Cost": 6230.82,"Plan Rows": 2,"Plan Width": 32,"Actual Startup Time": 62.266,"Actual Total Time": 62.480,"Actual Rows": 3,"Actual Loops": 1,"Workers Planned": 2,"Workers Launched": 2,"Single Copy": false,"Plans": [{"Node Type": "Aggregate","Strategy": "Plain","Partial Mode": "Partial","Parent Relationship": "Outer","Parallel Aware": false,"Async Capable": false,"Startup Cost": 5230.61,"Total Cost": 5230.62,"Plan Rows": 1,"Plan Width": 32,"Actual Startup Time": 55.891,"Actual Total Time": 55.892,"Actual Rows": 1,"Actual Loops": 3,"Workers": [],"Plans": [{"Node Type": "Seq Scan","Parent Relationship": "Outer","Parallel Aware": true,"Async Capable": false,"Relation Name": "customer","Alias": "customer_1","Startup Cost": 0.00,"Total Cost": 5225.62,"Plan Rows": 1994,"Plan Width": 6,"Actual Startup Time": 0.055,"Actual Total Time": 54.781,"Actual Rows": 12842,"Actual Loops": 3,"Filter": "((c_acctbal > 0.00) AND (SUBSTRING(c_phone FROM 1 FOR 2) = ANY ('{28,19,32,18,23,12,20}'::text[])))","Rows Removed by Filter": 37158,"Workers": []}]}]}]},{"Node Type": "Gather Merge","Parent Relationship": "Outer","Parallel Aware": false,"Async Capable": false,"Startup Cost": 6741.22,"Total Cost": 6821.30,"Plan Rows": 620,"Plan Width": 72,"Actual Startup Time": 137.764,"Actual Total Time": 141.397,"Actual Rows": 21,"Actual Loops": 1,"Workers Planned": 2,"Params Evaluated": ["$1"],"Workers Launched": 2,"Plans": [{"Node Type": "Aggregate","Strategy": "Sorted","Partial Mode": "Partial","Parent Relationship": "Outer","Parallel Aware": false,"Async Capable": false,"Startup Cost": 5741.19,"Total Cost": 5749.72,"Plan Rows": 310,"Plan Width": 72,"Actual Startup Time": 68.653,"Actual Total Time": 68.951,"Actual Rows": 7,"Actual Loops": 3,"Group Key": ["(SUBSTRING(customer.c_phone FROM 1 FOR 2))"],"Workers": [],"Plans": [{"Node Type": "Sort","Parent Relationship": "Outer","Parallel Aware": false,"Async Capable": false,"Startup Cost": 5741.19,"Total Cost": 5741.97,"Plan Rows": 310,"Plan Width": 38,"Actual Startup Time": 68.589,"Actual Total Time": 68.668,"Actual Rows": 2150,"Actual Loops": 3,"Sort Key": ["(SUBSTRING(customer.c_phone FROM 1 FOR 2))"],"Sort Method": "quicksort","Sort Space Used": 236,"Sort Space Type": "Memory","Workers": [{"Worker Number": 0,"Sort Method": "quicksort","Sort Space Used": 152,"Sort Space Type": "Memory"},{"Worker Number": 1,"Sort Method": "quicksort","Sort Space Used": 158,"Sort Space Type": "Memory"}],"Plans": [{"Node Type": "Nested Loop","Parent Relationship": "Outer","Parallel Aware": false,"Async Capable": false,"Join Type": "Anti","Startup Cost": 0.43,"Total Cost": 5728.36,"Plan Rows": 310,"Plan Width": 38,"Actual Startup Time": 0.149,"Actual Total Time": 67.745,"Actual Rows": 2150,"Actual Loops": 3,"Inner Unique": false,"Workers": [],"Plans": [{"Node Type": "Seq Scan","Parent Relationship": "Outer","Parallel Aware": true,"Async Capable": false,"Relation Name": "customer","Alias": "customer","Startup Cost": 0.00,"Total Cost": 5225.62,"Plan Rows": 729,"Plan Width": 26,"Actual Startup Time": 0.048,"Actual Total Time": 44.439,"Actual Rows": 6417,"Actual Loops": 3,"Filter": "((c_acctbal > $1) AND (SUBSTRING(c_phone FROM 1 FOR 2) = ANY ('{28,19,32,18,23,12,20}'::text[])))","Rows Removed by Filter": 43583,"Workers": []},{"Node Type": "Index Only Scan","Parent Relationship": "Inner","Parallel Aware": false,"Async Capable": false,"Scan Direction": "Forward","Index Name": "idx_orders_custkey","Relation Name": "orders","Alias": "orders","Startup Cost": 0.43,"Total Cost": 3.28,"Plan Rows": 17,"Plan Width": 4,"Actual Startup Time": 0.003,"Actual Total Time": 0.003,"Actual Rows": 1,"Actual Loops": 19252,"Index Cond": "(o_custkey = customer.c_custkey)","Rows Removed by Index Recheck": 0,"Heap Fetches": 0,"Workers": []}]}]}]}]}]},"Planning Time": 4.538,"Triggers": [],"Execution Time": 141.962}]
[{"Plan": {"Node Type": "Aggregate","Strategy": "Sorted","Partial Mode": "Finalize","Parallel Aware": false,"Async Capable": false,"Startup Cost": 12972.06,"Total Cost": 13071.37,"Plan Rows": 744,"Plan Width": 72,"Actual Startup Time": 133.329,"Actual Total Time": 137.159,"Actual Rows": 7,"Actual Loops": 1,"Group Key": ["(SUBSTRING(customer.c_phone FROM 1 FOR 2))"],"Plans": [{"Node Type": "Aggregate","Strategy": "Plain","Partial Mode": "Finalize","Parent Relationship": "InitPlan","Subplan Name": "InitPlan 1 (returns $1)","Parallel Aware": false,"Async Capable": false,"Startup Cost": 6230.83,"Total Cost": 6230.84,"Plan Rows": 1,"Plan Width": 32,"Actual Startup Time": 61.108,"Actual Total Time": 61.367,"Actual Rows": 1,"Actual Loops": 1,"Plans": [{"Node Type": "Gather","Parent Relationship": "Outer","Parallel Aware": false,"Async Capable": false,"Startup Cost": 6230.61,"Total Cost": 6230.82,"Plan Rows": 2,"Plan Width": 32,"Actual Startup Time": 61.018,"Actual Total Time": 61.347,"Actual Rows": 3,"Actual Loops": 1,"Workers Planned": 2,"Workers Launched": 2,"Single Copy": false,"Plans": [{"Node Type": "Aggregate","Strategy": "Plain","Partial Mode": "Partial","Parent Relationship": "Outer","Parallel Aware": false,"Async Capable": false,"Startup Cost": 5230.61,"Total Cost": 5230.62,"Plan Rows": 1,"Plan Width": 32,"Actual Startup Time": 54.742,"Actual Total Time": 54.744,"Actual Rows": 1,"Actual Loops": 3,"Workers": [],"Plans": [{"Node Type": "Seq Scan","Parent Relationship": "Outer","Parallel Aware": true,"Async Capable": false,"Relation Name": "customer","Alias": "customer_1","Startup Cost": 0.00,"Total Cost": 5225.62,"Plan Rows": 1994,"Plan Width": 6,"Actual Startup Time": 0.060,"Actual Total Time": 53.697,"Actual Rows": 12752,"Actual Loops": 3,"Filter": "((c_acctbal > 0.00) AND (SUBSTRING(c_phone FROM 1 FOR 2) = ANY ('{11,15,19,12,34,13,28}'::text[])))","Rows Removed by Filter": 37248,"Workers": []}]}]}]},{"Node Type": "Gather Merge","Parent Relationship": "Outer","Parallel Aware": false,"Async Capable": false,"Startup Cost": 6741.22,"Total Cost": 6821.30,"Plan Rows": 620,"Plan Width": 72,"Actual Startup Time": 133.240,"Actual Total Time": 136.856,"Actual Rows": 21,"Actual Loops": 1,"Workers Planned": 2,"Params Evaluated": ["$1"],"Workers Launched": 2,"Plans": [{"Node Type": "Aggregate","Strategy": "Sorted","Partial Mode": "Partial","Parent Relationship": "Outer","Parallel Aware": false,"Async Capable": false,"Startup Cost": 5741.19,"Total Cost": 5749.72,"Plan Rows": 310,"Plan Width": 72,"Actual Startup Time": 65.199,"Actual Total Time": 65.504,"Actual Rows": 7,"Actual Loops": 3,"Group Key": ["(SUBSTRING(customer.c_phone FROM 1 FOR 2))"],"Workers": [],"Plans": [{"Node Type": "Sort","Parent Relationship": "Outer","Parallel Aware": false,"Async Capable": false,"Startup Cost": 5741.19,"Total Cost": 5741.97,"Plan Rows": 310,"Plan Width": 38,"Actual Startup Time": 65.129,"Actual Total Time": 65.210,"Actual Rows": 2122,"Actual Loops": 3,"Sort Key": ["(SUBSTRING(customer.c_phone FROM 1 FOR 2))"],"Sort Method": "quicksort","Sort Space Used": 227,"Sort Space Type": "Memory","Workers": [{"Worker Number": 0,"Sort Method": "quicksort","Sort Space Used": 209,"Sort Space Type": "Memory"},{"Worker Number": 1,"Sort Method": "quicksort","Sort Space Used": 153,"Sort Space Type": "Memory"}],"Plans": [{"Node Type": "Nested Loop","Parent Relationship": "Outer","Parallel Aware": false,"Async Capable": false,"Join Type": "Anti","Startup Cost": 0.43,"Total Cost": 5728.36,"Plan Rows": 310,"Plan Width": 38,"Actual Startup Time": 0.209,"Actual Total Time": 64.244,"Actual Rows": 2122,"Actual Loops": 3,"Inner Unique": false,"Workers": [],"Plans": [{"Node Type": "Seq Scan","Parent Relationship": "Outer","Parallel Aware": true,"Async Capable": false,"Relation Name": "customer","Alias": "customer","Startup Cost": 0.00,"Total Cost": 5225.62,"Plan Rows": 729,"Plan Width": 26,"Actual Startup Time": 0.040,"Actual Total Time": 43.432,"Actual Rows": 6336,"Actual Loops": 3,"Filter": "((c_acctbal > $1) AND (SUBSTRING(c_phone FROM 1 FOR 2) = ANY ('{11,15,19,12,34,13,28}'::text[])))","Rows Removed by Filter": 43664,"Workers": []},{"Node Type": "Index Only Scan","Parent Relationship": "Inner","Parallel Aware": false,"Async Capable": false,"Scan Direction": "Forward","Index Name": "idx_orders_custkey","Relation Name": "orders","Alias": "orders","Startup Cost": 0.43,"Total Cost": 3.28,"Plan Rows": 17,"Plan Width": 4,"Actual Startup Time": 0.003,"Actual Total Time": 0.003,"Actual Rows": 1,"Actual Loops": 19009,"Index Cond": "(o_custkey = customer.c_custkey)","Rows Removed by Index Recheck": 0,"Heap Fetches": 0,"Workers": []}]}]}]}]}]},"Planning Time": 4.688,"Triggers": [],"Execution Time": 137.655}]
[{"Plan": {"Node Type": "Aggregate","Strategy": "Sorted","Partial Mode": "Finalize","Parallel Aware": false,"Async Capable": false,"Startup Cost": 12972.06,"Total Cost": 13071.37,"Plan Rows": 744,"Plan Width": 72,"Actual Startup Time": 133.933,"Actual Total Time": 137.988,"Actual Rows": 7,"Actual Loops": 1,"Group Key": ["(SUBSTRING(customer.c_phone FROM 1 FOR 2))"],"Plans": [{"Node Type": "Aggregate","Strategy": "Plain","Partial Mode": "Finalize","Parent Relationship": "InitPlan","Subplan Name": "InitPlan 1 (returns $1)","Parallel Aware": false,"Async Capable": false,"Startup Cost": 6230.83,"Total Cost": 6230.84,"Plan Rows": 1,"Plan Width": 32,"Actual Startup Time": 61.725,"Actual Total Time": 61.966,"Actual Rows": 1,"Actual Loops": 1,"Plans": [{"Node Type": "Gather","Parent Relationship": "Outer","Parallel Aware": false,"Async Capable": false,"Startup Cost": 6230.61,"Total Cost": 6230.82,"Plan Rows": 2,"Plan Width": 32,"Actual Startup Time": 61.606,"Actual Total Time": 61.952,"Actual Rows": 3,"Actual Loops": 1,"Workers Planned": 2,"Workers Launched": 2,"Single Copy": false,"Plans": [{"Node Type": "Aggregate","Strategy": "Plain","Partial Mode": "Partial","Parent Relationship": "Outer","Parallel Aware": false,"Async Capable": false,"Startup Cost": 5230.61,"Total Cost": 5230.62,"Plan Rows": 1,"Plan Width": 32,"Actual Startup Time": 55.222,"Actual Total Time": 55.223,"Actual Rows": 1,"Actual Loops": 3,"Workers": [],"Plans": [{"Node Type": "Seq Scan","Parent Relationship": "Outer","Parallel Aware": true,"Async Capable": false,"Relation Name": "customer","Alias": "customer_1","Startup Cost": 0.00,"Total Cost": 5225.62,"Plan Rows": 1994,"Plan Width": 6,"Actual Startup Time": 0.056,"Actual Total Time": 54.131,"Actual Rows": 12702,"Actual Loops": 3,"Filter": "((c_acctbal > 0.00) AND (SUBSTRING(c_phone FROM 1 FOR 2) = ANY ('{21,28,13,24,11,20,22}'::text[])))","Rows Removed by Filter": 37298,"Workers": []}]}]}]},{"Node Type": "Gather Merge","Parent Relationship": "Outer","Parallel Aware": false,"Async Capable": false,"Startup Cost": 6741.22,"Total Cost": 6821.30,"Plan Rows": 620,"Plan Width": 72,"Actual Startup Time": 133.837,"Actual Total Time": 137.696,"Actual Rows": 21,"Actual Loops": 1,"Workers Planned": 2,"Params Evaluated": ["$1"],"Workers Launched": 2,"Plans": [{"Node Type": "Aggregate","Strategy": "Sorted","Partial Mode": "Partial","Parent Relationship": "Outer","Parallel Aware": false,"Async Capable": false,"Startup Cost": 5741.19,"Total Cost": 5749.72,"Plan Rows": 310,"Plan Width": 72,"Actual Startup Time": 65.349,"Actual Total Time": 65.655,"Actual Rows": 7,"Actual Loops": 3,"Group Key": ["(SUBSTRING(customer.c_phone FROM 1 FOR 2))"],"Workers": [],"Plans": [{"Node Type": "Sort","Parent Relationship": "Outer","Parallel Aware": false,"Async Capable": false,"Startup Cost": 5741.19,"Total Cost": 5741.97,"Plan Rows": 310,"Plan Width": 38,"Actual Startup Time": 65.275,"Actual Total Time": 65.358,"Actual Rows": 2128,"Actual Loops": 3,"Sort Key": ["(SUBSTRING(customer.c_phone FROM 1 FOR 2))"],"Sort Method": "quicksort","Sort Space Used": 232,"Sort Space Type": "Memory","Workers": [{"Worker Number": 0,"Sort Method": "quicksort","Sort Space Used": 156,"Sort Space Type": "Memory"},{"Worker Number": 1,"Sort Method": "quicksort","Sort Space Used": 154,"Sort Space Type": "Memory"}],"Plans": [{"Node Type": "Nested Loop","Parent Relationship": "Outer","Parallel Aware": false,"Async Capable": false,"Join Type": "Anti","Startup Cost": 0.43,"Total Cost": 5728.36,"Plan Rows": 310,"Plan Width": 38,"Actual Startup Time": 0.148,"Actual Total Time": 64.474,"Actual Rows": 2128,"Actual Loops": 3,"Inner Unique": false,"Workers": [],"Plans": [{"Node Type": "Seq Scan","Parent Relationship": "Outer","Parallel Aware": true,"Async Capable": false,"Relation Name": "customer","Alias": "customer","Startup Cost": 0.00,"Total Cost": 5225.62,"Plan Rows": 729,"Plan Width": 26,"Actual Startup Time": 0.032,"Actual Total Time": 43.795,"Actual Rows": 6340,"Actual Loops": 3,"Filter": "((c_acctbal > $1) AND (SUBSTRING(c_phone FROM 1 FOR 2) = ANY ('{21,28,13,24,11,20,22}'::text[])))","Rows Removed by Filter": 43660,"Workers": []},{"Node Type": "Index Only Scan","Parent Relationship": "Inner","Parallel Aware": false,"Async Capable": false,"Scan Direction": "Forward","Index Name": "idx_orders_custkey","Relation Name": "orders","Alias": "orders","Startup Cost": 0.43,"Total Cost": 3.28,"Plan Rows": 17,"Plan Width": 4,"Actual Startup Time": 0.003,"Actual Total Time": 0.003,"Actual Rows": 1,"Actual Loops": 19020,"Index Cond": "(o_custkey = customer.c_custkey)","Rows Removed by Index Recheck": 0,"Heap Fetches": 0,"Workers": []}]}]}]}]}]},"Planning Time": 3.724,"Triggers": [],"Execution Time": 138.424}]
[{"Plan": {"Node Type": "Aggregate","Strategy": "Sorted","Partial Mode": "Finalize","Parallel Aware": false,"Async Capable": false,"Startup Cost": 12972.06,"Total Cost": 13071.37,"Plan Rows": 744,"Plan Width": 72,"Actual Startup Time": 134.062,"Actual Total Time": 138.448,"Actual Rows": 7,"Actual Loops": 1,"Group Key": ["(SUBSTRING(customer.c_phone FROM 1 FOR 2))"],"Plans": [{"Node Type": "Aggregate","Strategy": "Plain","Partial Mode": "Finalize","Parent Relationship": "InitPlan","Subplan Name": "InitPlan 1 (returns $1)","Parallel Aware": false,"Async Capable": false,"Startup Cost": 6230.83,"Total Cost": 6230.84,"Plan Rows": 1,"Plan Width": 32,"Actual Startup Time": 60.928,"Actual Total Time": 61.231,"Actual Rows": 1,"Actual Loops": 1,"Plans": [{"Node Type": "Gather","Parent Relationship": "Outer","Parallel Aware": false,"Async Capable": false,"Startup Cost": 6230.61,"Total Cost": 6230.82,"Plan Rows": 2,"Plan Width": 32,"Actual Startup Time": 60.818,"Actual Total Time": 61.214,"Actual Rows": 3,"Actual Loops": 1,"Workers Planned": 2,"Workers Launched": 2,"Single Copy": false,"Plans": [{"Node Type": "Aggregate","Strategy": "Plain","Partial Mode": "Partial","Parent Relationship": "Outer","Parallel Aware": false,"Async Capable": false,"Startup Cost": 5230.61,"Total Cost": 5230.62,"Plan Rows": 1,"Plan Width": 32,"Actual Startup Time": 54.753,"Actual Total Time": 54.755,"Actual Rows": 1,"Actual Loops": 3,"Workers": [],"Plans": [{"Node Type": "Seq Scan","Parent Relationship": "Outer","Parallel Aware": true,"Async Capable": false,"Relation Name": "customer","Alias": "customer_1","Startup Cost": 0.00,"Total Cost": 5225.62,"Plan Rows": 1994,"Plan Width": 6,"Actual Startup Time": 0.063,"Actual Total Time": 53.664,"Actual Rows": 12737,"Actual Loops": 3,"Filter": "((c_acctbal > 0.00) AND (SUBSTRING(c_phone FROM 1 FOR 2) = ANY ('{17,27,32,31,11,15,19}'::text[])))","Rows Removed by Filter": 37263,"Workers": []}]}]}]},{"Node Type": "Gather Merge","Parent Relationship": "Outer","Parallel Aware": false,"Async Capable": false,"Startup Cost": 6741.22,"Total Cost": 6821.30,"Plan Rows": 620,"Plan Width": 72,"Actual Startup Time": 133.849,"Actual Total Time": 138.071,"Actual Rows": 21,"Actual Loops": 1,"Workers Planned": 2,"Params Evaluated": ["$1"],"Workers Launched": 2,"Plans": [{"Node Type": "Aggregate","Strategy": "Sorted","Partial Mode": "Partial","Parent Relationship": "Outer","Parallel Aware": false,"Async Capable": false,"Startup Cost": 5741.19,"Total Cost": 5749.72,"Plan Rows": 310,"Plan Width": 72,"Actual Startup Time": 65.095,"Actual Total Time": 65.622,"Actual Rows": 7,"Actual Loops": 3,"Group Key": ["(SUBSTRING(customer.c_phone FROM 1 FOR 2))"],"Workers": [],"Plans": [{"Node Type": "Sort","Parent Relationship": "Outer","Parallel Aware": false,"Async Capable": false,"Startup Cost": 5741.19,"Total Cost": 5741.97,"Plan Rows": 310,"Plan Width": 38,"Actual Startup Time": 64.963,"Actual Total Time": 65.111,"Actual Rows": 2116,"Actual Loops": 3,"Sort Key": ["(SUBSTRING(customer.c_phone FROM 1 FOR 2))"],"Sort Method": "quicksort","Sort Space Used": 229,"Sort Space Type": "Memory","Workers": [{"Worker Number": 0,"Sort Method": "quicksort","Sort Space Used": 157,"Sort Space Type": "Memory"},{"Worker Number": 1,"Sort Method": "quicksort","Sort Space Used": 155,"Sort Space Type": "Memory"}],"Plans": [{"Node Type": "Nested Loop","Parent Relationship": "Outer","Parallel Aware": false,"Async Capable": false,"Join Type": "Anti","Startup Cost": 0.43,"Total Cost": 5728.36,"Plan Rows": 310,"Plan Width": 38,"Actual Startup Time": 0.307,"Actual Total Time": 63.964,"Actual Rows": 2116,"Actual Loops": 3,"Inner Unique": false,"Workers": [],"Plans": [{"Node Type": "Seq Scan","Parent Relationship": "Outer","Parallel Aware": true,"Async Capable": false,"Relation Name": "customer","Alias": "customer","Startup Cost": 0.00,"Total Cost": 5225.62,"Plan Rows": 729,"Plan Width": 26,"Actual Startup Time": 0.052,"Actual Total Time": 42.043,"Actual Rows": 6344,"Actual Loops": 3,"Filter": "((c_acctbal > $1) AND (SUBSTRING(c_phone FROM 1 FOR 2) = ANY ('{17,27,32,31,11,15,19}'::text[])))","Rows Removed by Filter": 43656,"Workers": []},{"Node Type": "Index Only Scan","Parent Relationship": "Inner","Parallel Aware": false,"Async Capable": false,"Scan Direction": "Forward","Index Name": "idx_orders_custkey","Relation Name": "orders","Alias": "orders","Startup Cost": 0.43,"Total Cost": 3.28,"Plan Rows": 17,"Plan Width": 4,"Actual Startup Time": 0.003,"Actual Total Time": 0.003,"Actual Rows": 1,"Actual Loops": 19032,"Index Cond": "(o_custkey = customer.c_custkey)","Rows Removed by Index Recheck": 0,"Heap Fetches": 0,"Workers": []}]}]}]}]}]},"Planning Time": 3.883,"Triggers": [],"Execution Time": 138.871}]
[{"Plan": {"Node Type": "Aggregate","Strategy": "Sorted","Partial Mode": "Finalize","Parallel Aware": false,"Async Capable": false,"Startup Cost": 12972.06,"Total Cost": 13071.37,"Plan Rows": 744,"Plan Width": 72,"Actual Startup Time": 138.570,"Actual Total Time": 142.262,"Actual Rows": 7,"Actual Loops": 1,"Group Key": ["(SUBSTRING(customer.c_phone FROM 1 FOR 2))"],"Plans": [{"Node Type": "Aggregate","Strategy": "Plain","Partial Mode": "Finalize","Parent Relationship": "InitPlan","Subplan Name": "InitPlan 1 (returns $1)","Parallel Aware": false,"Async Capable": false,"Startup Cost": 6230.83,"Total Cost": 6230.84,"Plan Rows": 1,"Plan Width": 32,"Actual Startup Time": 64.048,"Actual Total Time": 64.263,"Actual Rows": 1,"Actual Loops": 1,"Plans": [{"Node Type": "Gather","Parent Relationship": "Outer","Parallel Aware": false,"Async Capable": false,"Startup Cost": 6230.61,"Total Cost": 6230.82,"Plan Rows": 2,"Plan Width": 32,"Actual Startup Time": 63.935,"Actual Total Time": 64.247,"Actual Rows": 3,"Actual Loops": 1,"Workers Planned": 2,"Workers Launched": 2,"Single Copy": false,"Plans": [{"Node Type": "Aggregate","Strategy": "Plain","Partial Mode": "Partial","Parent Relationship": "Outer","Parallel Aware": false,"Async Capable": false,"Startup Cost": 5230.61,"Total Cost": 5230.62,"Plan Rows": 1,"Plan Width": 32,"Actual Startup Time": 57.468,"Actual Total Time": 57.470,"Actual Rows": 1,"Actual Loops": 3,"Workers": [],"Plans": [{"Node Type": "Seq Scan","Parent Relationship": "Outer","Parallel Aware": true,"Async Capable": false,"Relation Name": "customer","Alias": "customer_1","Startup Cost": 0.00,"Total Cost": 5225.62,"Plan Rows": 1994,"Plan Width": 6,"Actual Startup Time": 0.063,"Actual Total Time": 56.349,"Actual Rows": 12832,"Actual Loops": 3,"Filter": "((c_acctbal > 0.00) AND (SUBSTRING(c_phone FROM 1 FOR 2) = ANY ('{19,20,32,18,26,12,33}'::text[])))","Rows Removed by Filter": 37168,"Workers": []}]}]}]},{"Node Type": "Gather Merge","Parent Relationship": "Outer","Parallel Aware": false,"Async Capable": false,"Startup Cost": 6741.22,"Total Cost": 6821.30,"Plan Rows": 620,"Plan Width": 72,"Actual Startup Time": 138.429,"Actual Total Time": 141.988,"Actual Rows": 21,"Actual Loops": 1,"Workers Planned": 2,"Params Evaluated": ["$1"],"Workers Launched": 2,"Plans": [{"Node Type": "Aggregate","Strategy": "Sorted","Partial Mode": "Partial","Parent Relationship": "Outer","Parallel Aware": false,"Async Capable": false,"Startup Cost": 5741.19,"Total Cost": 5749.72,"Plan Rows": 310,"Plan Width": 72,"Actual Startup Time": 67.708,"Actual Total Time": 68.015,"Actual Rows": 7,"Actual Loops": 3,"Group Key": ["(SUBSTRING(customer.c_phone FROM 1 FOR 2))"],"Workers": [],"Plans": [{"Node Type": "Sort","Parent Relationship": "Outer","Parallel Aware": false,"Async Capable": false,"Startup Cost": 5741.19,"Total Cost": 5741.97,"Plan Rows": 310,"Plan Width": 38,"Actual Startup Time": 67.643,"Actual Total Time": 67.725,"Actual Rows": 2142,"Actual Loops": 3,"Sort Key": ["(SUBSTRING(customer.c_phone FROM 1 FOR 2))"],"Sort Method": "quicksort","Sort Space Used": 237,"Sort Space Type": "Memory","Workers": [{"Worker Number": 0,"Sort Method": "quicksort","Sort Space Used": 152,"Sort Space Type": "Memory"},{"Worker Number": 1,"Sort Method": "quicksort","Sort Space Used": 156,"Sort Space Type": "Memory"}],"Plans": [{"Node Type": "Nested Loop","Parent Relationship": "Outer","Parallel Aware": false,"Async Capable": false,"Join Type": "Anti","Startup Cost": 0.43,"Total Cost": 5728.36,"Plan Rows": 310,"Plan Width": 38,"Actual Startup Time": 0.168,"Actual Total Time": 66.850,"Actual Rows": 2142,"Actual Loops": 3,"Inner Unique": false,"Workers": [],"Plans": [{"Node Type": "Seq Scan","Parent Relationship": "Outer","Parallel Aware": true,"Async Capable": false,"Relation Name": "customer","Alias": "customer","Startup Cost": 0.00,"Total Cost": 5225.62,"Plan Rows": 729,"Plan Width": 26,"Actual Startup Time": 0.031,"Actual Total Time": 43.815,"Actual Rows": 6430,"Actual Loops": 3,"Filter": "((c_acctbal > $1) AND (SUBSTRING(c_phone FROM 1 FOR 2) = ANY ('{19,20,32,18,26,12,33}'::text[])))","Rows Removed by Filter": 43570,"Workers": []},{"Node Type": "Index Only Scan","Parent Relationship": "Inner","Parallel Aware": false,"Async Capable": false,"Scan Direction": "Forward","Index Name": "idx_orders_custkey","Relation Name": "orders","Alias": "orders","Startup Cost": 0.43,"Total Cost": 3.28,"Plan Rows": 17,"Plan Width": 4,"Actual Startup Time": 0.003,"Actual Total Time": 0.003,"Actual Rows": 1,"Actual Loops": 19289,"Index Cond": "(o_custkey = customer.c_custkey)","Rows Removed by Index Recheck": 0,"Heap Fetches": 0,"Workers": []}]}]}]}]}]},"Planning Time": 4.127,"Triggers": [],"Execution Time": 142.731}]
[{"Plan": {"Node Type": "Aggregate","Strategy": "Sorted","Partial Mode": "Finalize","Parallel Aware": false,"Async Capable": false,"Startup Cost": 12972.06,"Total Cost": 13071.37,"Plan Rows": 744,"Plan Width": 72,"Actual Startup Time": 134.023,"Actual Total Time": 137.897,"Actual Rows": 7,"Actual Loops": 1,"Group Key": ["(SUBSTRING(customer.c_phone FROM 1 FOR 2))"],"Plans": [{"Node Type": "Aggregate","Strategy": "Plain","Partial Mode": "Finalize","Parent Relationship": "InitPlan","Subplan Name": "InitPlan 1 (returns $1)","Parallel Aware": false,"Async Capable": false,"Startup Cost": 6230.83,"Total Cost": 6230.84,"Plan Rows": 1,"Plan Width": 32,"Actual Startup Time": 61.297,"Actual Total Time": 61.573,"Actual Rows": 1,"Actual Loops": 1,"Plans": [{"Node Type": "Gather","Parent Relationship": "Outer","Parallel Aware": false,"Async Capable": false,"Startup Cost": 6230.61,"Total Cost": 6230.82,"Plan Rows": 2,"Plan Width": 32,"Actual Startup Time": 61.209,"Actual Total Time": 61.557,"Actual Rows": 3,"Actual Loops": 1,"Workers Planned": 2,"Workers Launched": 2,"Single Copy": false,"Plans": [{"Node Type": "Aggregate","Strategy": "Plain","Partial Mode": "Partial","Parent Relationship": "Outer","Parallel Aware": false,"Async Capable": false,"Startup Cost": 5230.61,"Total Cost": 5230.62,"Plan Rows": 1,"Plan Width": 32,"Actual Startup Time": 55.121,"Actual Total Time": 55.123,"Actual Rows": 1,"Actual Loops": 3,"Workers": [],"Plans": [{"Node Type": "Seq Scan","Parent Relationship": "Outer","Parallel Aware": true,"Async Capable": false,"Relation Name": "customer","Alias": "customer_1","Startup Cost": 0.00,"Total Cost": 5225.62,"Plan Rows": 1994,"Plan Width": 6,"Actual Startup Time": 0.049,"Actual Total Time": 54.047,"Actual Rows": 12740,"Actual Loops": 3,"Filter": "((c_acctbal > 0.00) AND (SUBSTRING(c_phone FROM 1 FOR 2) = ANY ('{22,13,16,26,31,18,24}'::text[])))","Rows Removed by Filter": 37260,"Workers": []}]}]}]},{"Node Type": "Gather Merge","Parent Relationship": "Outer","Parallel Aware": false,"Async Capable": false,"Startup Cost": 6741.22,"Total Cost": 6821.30,"Plan Rows": 620,"Plan Width": 72,"Actual Startup Time": 133.904,"Actual Total Time": 137.549,"Actual Rows": 21,"Actual Loops": 1,"Workers Planned": 2,"Params Evaluated": ["$1"],"Workers Launched": 2,"Plans": [{"Node Type": "Aggregate","Strategy": "Sorted","Partial Mode": "Partial","Parent Relationship": "Outer","Parallel Aware": false,"Async Capable": false,"Startup Cost": 5741.19,"Total Cost": 5749.72,"Plan Rows": 310,"Plan Width": 72,"Actual Startup Time": 65.914,"Actual Total Time": 66.217,"Actual Rows": 7,"Actual Loops": 3,"Group Key": ["(SUBSTRING(customer.c_phone FROM 1 FOR 2))"],"Workers": [],"Plans": [{"Node Type": "Sort","Parent Relationship": "Outer","Parallel Aware": false,"Async Capable": false,"Startup Cost": 5741.19,"Total Cost": 5741.97,"Plan Rows": 310,"Plan Width": 38,"Actual Startup Time": 65.836,"Actual Total Time": 65.916,"Actual Rows": 2105,"Actual Loops": 3,"Sort Key": ["(SUBSTRING(customer.c_phone FROM 1 FOR 2))"],"Sort Method": "quicksort","Sort Space Used": 232,"Sort Space Type": "Memory","Workers": [{"Worker Number": 0,"Sort Method": "quicksort","Sort Space Used": 152,"Sort Space Type": "Memory"},{"Worker Number": 1,"Sort Method": "quicksort","Sort Space Used": 155,"Sort Space Type": "Memory"}],"Plans": [{"Node Type": "Nested Loop","Parent Relationship": "Outer","Parallel Aware": false,"Async Capable": false,"Join Type": "Anti","Startup Cost": 0.43,"Total Cost": 5728.36,"Plan Rows": 310,"Plan Width": 38,"Actual Startup Time": 0.114,"Actual Total Time": 65.053,"Actual Rows": 2105,"Actual Loops": 3,"Inner Unique": false,"Workers": [],"Plans": [{"Node Type": "Seq Scan","Parent Relationship": "Outer","Parallel Aware": true,"Async Capable": false,"Relation Name": "customer","Alias": "customer","Startup Cost": 0.00,"Total Cost": 5225.62,"Plan Rows": 729,"Plan Width": 26,"Actual Startup Time": 0.030,"Actual Total Time": 43.906,"Actual Rows": 6374,"Actual Loops": 3,"Filter": "((c_acctbal > $1) AND (SUBSTRING(c_phone FROM 1 FOR 2) = ANY ('{22,13,16,26,31,18,24}'::text[])))","Rows Removed by Filter": 43626,"Workers": []},{"Node Type": "Index Only Scan","Parent Relationship": "Inner","Parallel Aware": false,"Async Capable": false,"Scan Direction": "Forward","Index Name": "idx_orders_custkey","Relation Name": "orders","Alias": "orders","Startup Cost": 0.43,"Total Cost": 3.28,"Plan Rows": 17,"Plan Width": 4,"Actual Startup Time": 0.003,"Actual Total Time": 0.003,"Actual Rows": 1,"Actual Loops": 19122,"Index Cond": "(o_custkey = customer.c_custkey)","Rows Removed by Index Recheck": 0,"Heap Fetches": 0,"Workers": []}]}]}]}]}]},"Planning Time": 3.855,"Triggers": [],"Execution Time": 138.272}]
[{"Plan": {"Node Type": "Aggregate","Strategy": "Sorted","Partial Mode": "Finalize","Parallel Aware": false,"Async Capable": false,"Startup Cost": 12972.06,"Total Cost": 13071.37,"Plan Rows": 744,"Plan Width": 72,"Actual Startup Time": 132.458,"Actual Total Time": 136.214,"Actual Rows": 7,"Actual Loops": 1,"Group Key": ["(SUBSTRING(customer.c_phone FROM 1 FOR 2))"],"Plans": [{"Node Type": "Aggregate","Strategy": "Plain","Partial Mode": "Finalize","Parent Relationship": "InitPlan","Subplan Name": "InitPlan 1 (returns $1)","Parallel Aware": false,"Async Capable": false,"Startup Cost": 6230.83,"Total Cost": 6230.84,"Plan Rows": 1,"Plan Width": 32,"Actual Startup Time": 58.003,"Actual Total Time": 58.248,"Actual Rows": 1,"Actual Loops": 1,"Plans": [{"Node Type": "Gather","Parent Relationship": "Outer","Parallel Aware": false,"Async Capable": false,"Startup Cost": 6230.61,"Total Cost": 6230.82,"Plan Rows": 2,"Plan Width": 32,"Actual Startup Time": 57.869,"Actual Total Time": 58.221,"Actual Rows": 3,"Actual Loops": 1,"Workers Planned": 2,"Workers Launched": 2,"Single Copy": false,"Plans": [{"Node Type": "Aggregate","Strategy": "Plain","Partial Mode": "Partial","Parent Relationship": "Outer","Parallel Aware": false,"Async Capable": false,"Startup Cost": 5230.61,"Total Cost": 5230.62,"Plan Rows": 1,"Plan Width": 32,"Actual Startup Time": 52.224,"Actual Total Time": 52.226,"Actual Rows": 1,"Actual Loops": 3,"Workers": [],"Plans": [{"Node Type": "Seq Scan","Parent Relationship": "Outer","Parallel Aware": true,"Async Capable": false,"Relation Name": "customer","Alias": "customer_1","Startup Cost": 0.00,"Total Cost": 5225.62,"Plan Rows": 1994,"Plan Width": 6,"Actual Startup Time": 0.049,"Actual Total Time": 51.130,"Actual Rows": 12660,"Actual Loops": 3,"Filter": "((c_acctbal > 0.00) AND (SUBSTRING(c_phone FROM 1 FOR 2) = ANY ('{27,13,17,23,30,14,24}'::text[])))","Rows Removed by Filter": 37340,"Workers": []}]}]}]},{"Node Type": "Gather Merge","Parent Relationship": "Outer","Parallel Aware": false,"Async Capable": false,"Startup Cost": 6741.22,"Total Cost": 6821.30,"Plan Rows": 620,"Plan Width": 72,"Actual Startup Time": 132.317,"Actual Total Time": 135.909,"Actual Rows": 21,"Actual Loops": 1,"Workers Planned": 2,"Params Evaluated": ["$1"],"Workers Launched": 2,"Plans": [{"Node Type": "Aggregate","Strategy": "Sorted","Partial Mode": "Partial","Parent Relationship": "Outer","Parallel Aware": false,"Async Capable": false,"Startup Cost": 5741.19,"Total Cost": 5749.72,"Plan Rows": 310,"Plan Width": 72,"Actual Startup Time": 67.280,"Actual Total Time": 67.579,"Actual Rows": 7,"Actual Loops": 3,"Group Key": ["(SUBSTRING(customer.c_phone FROM 1 FOR 2))"],"Workers": [],"Plans": [{"Node Type": "Sort","Parent Relationship": "Outer","Parallel Aware": false,"Async Capable": false,"Startup Cost": 5741.19,"Total Cost": 5741.97,"Plan Rows": 310,"Plan Width": 38,"Actual Startup Time": 67.210,"Actual Total Time": 67.289,"Actual Rows": 2104,"Actual Loops": 3,"Sort Key": ["(SUBSTRING(customer.c_phone FROM 1 FOR 2))"],"Sort Method": "quicksort","Sort Space Used": 238,"Sort Space Type": "Memory","Workers": [{"Worker Number": 0,"Sort Method": "quicksort","Sort Space Used": 153,"Sort Space Type": "Memory"},{"Worker Number": 1,"Sort Method": "quicksort","Sort Space Used": 147,"Sort Space Type": "Memory"}],"Plans": [{"Node Type": "Nested Loop","Parent Relationship": "Outer","Parallel Aware": false,"Async Capable": false,"Join Type": "Anti","Startup Cost": 0.43,"Total Cost": 5728.36,"Plan Rows": 310,"Plan Width": 38,"Actual Startup Time": 0.219,"Actual Total Time": 66.430,"Actual Rows": 2104,"Actual Loops": 3,"Inner Unique": false,"Workers": [],"Plans": [{"Node Type": "Seq Scan","Parent Relationship": "Outer","Parallel Aware": true,"Async Capable": false,"Relation Name": "customer","Alias": "customer","Startup Cost": 0.00,"Total Cost": 5225.62,"Plan Rows": 729,"Plan Width": 26,"Actual Startup Time": 0.049,"Actual Total Time": 43.904,"Actual Rows": 6286,"Actual Loops": 3,"Filter": "((c_acctbal > $1) AND (SUBSTRING(c_phone FROM 1 FOR 2) = ANY ('{27,13,17,23,30,14,24}'::text[])))","Rows Removed by Filter": 43714,"Workers": []},{"Node Type": "Index Only Scan","Parent Relationship": "Inner","Parallel Aware": false,"Async Capable": false,"Scan Direction": "Forward","Index Name": "idx_orders_custkey","Relation Name": "orders","Alias": "orders","Startup Cost": 0.43,"Total Cost": 3.28,"Plan Rows": 17,"Plan Width": 4,"Actual Startup Time": 0.003,"Actual Total Time": 0.003,"Actual Rows": 1,"Actual Loops": 18858,"Index Cond": "(o_custkey = customer.c_custkey)","Rows Removed by Index Recheck": 0,"Heap Fetches": 0,"Workers": []}]}]}]}]}]},"Planning Time": 4.816,"Triggers": [],"Execution Time": 136.586}]
[{"Plan": {"Node Type": "Aggregate","Strategy": "Sorted","Partial Mode": "Finalize","Parallel Aware": false,"Async Capable": false,"Startup Cost": 12972.06,"Total Cost": 13071.37,"Plan Rows": 744,"Plan Width": 72,"Actual Startup Time": 139.845,"Actual Total Time": 143.546,"Actual Rows": 7,"Actual Loops": 1,"Group Key": ["(SUBSTRING(customer.c_phone FROM 1 FOR 2))"],"Plans": [{"Node Type": "Aggregate","Strategy": "Plain","Partial Mode": "Finalize","Parent Relationship": "InitPlan","Subplan Name": "InitPlan 1 (returns $1)","Parallel Aware": false,"Async Capable": false,"Startup Cost": 6230.83,"Total Cost": 6230.84,"Plan Rows": 1,"Plan Width": 32,"Actual Startup Time": 62.349,"Actual Total Time": 62.576,"Actual Rows": 1,"Actual Loops": 1,"Plans": [{"Node Type": "Gather","Parent Relationship": "Outer","Parallel Aware": false,"Async Capable": false,"Startup Cost": 6230.61,"Total Cost": 6230.82,"Plan Rows": 2,"Plan Width": 32,"Actual Startup Time": 62.292,"Actual Total Time": 62.564,"Actual Rows": 3,"Actual Loops": 1,"Workers Planned": 2,"Workers Launched": 2,"Single Copy": false,"Plans": [{"Node Type": "Aggregate","Strategy": "Plain","Partial Mode": "Partial","Parent Relationship": "Outer","Parallel Aware": false,"Async Capable": false,"Startup Cost": 5230.61,"Total Cost": 5230.62,"Plan Rows": 1,"Plan Width": 32,"Actual Startup Time": 56.470,"Actual Total Time": 56.472,"Actual Rows": 1,"Actual Loops": 3,"Workers": [],"Plans": [{"Node Type": "Seq Scan","Parent Relationship": "Outer","Parallel Aware": true,"Async Capable": false,"Relation Name": "customer","Alias": "customer_1","Startup Cost": 0.00,"Total Cost": 5225.62,"Plan Rows": 1994,"Plan Width": 6,"Actual Startup Time": 0.043,"Actual Total Time": 55.423,"Actual Rows": 12650,"Actual Loops": 3,"Filter": "((c_acctbal > 0.00) AND (SUBSTRING(c_phone FROM 1 FOR 2) = ANY ('{10,14,34,26,22,31,25}'::text[])))","Rows Removed by Filter": 37350,"Workers": []}]}]}]},{"Node Type": "Gather Merge","Parent Relationship": "Outer","Parallel Aware": false,"Async Capable": false,"Startup Cost": 6741.22,"Total Cost": 6821.30,"Plan Rows": 620,"Plan Width": 72,"Actual Startup Time": 139.579,"Actual Total Time": 143.242,"Actual Rows": 21,"Actual Loops": 1,"Workers Planned": 2,"Params Evaluated": ["$1"],"Workers Launched": 2,"Plans": [{"Node Type": "Aggregate","Strategy": "Sorted","Partial Mode": "Partial","Parent Relationship": "Outer","Parallel Aware": false,"Async Capable": false,"Startup Cost": 5741.19,"Total Cost": 5749.72,"Plan Rows": 310,"Plan Width": 72,"Actual Startup Time": 70.455,"Actual Total Time": 70.840,"Actual Rows": 7,"Actual Loops": 3,"Group Key": ["(SUBSTRING(customer.c_phone FROM 1 FOR 2))"],"Workers": [],"Plans": [{"Node Type": "Sort","Parent Relationship": "Outer","Parallel Aware": false,"Async Capable": false,"Startup Cost": 5741.19,"Total Cost": 5741.97,"Plan Rows": 310,"Plan Width": 38,"Actual Startup Time": 70.388,"Actual Total Time": 70.485,"Actual Rows": 2107,"Actual Loops": 3,"Sort Key": ["(SUBSTRING(customer.c_phone FROM 1 FOR 2))"],"Sort Method": "quicksort","Sort Space Used": 227,"Sort Space Type": "Memory","Workers": [{"Worker Number": 0,"Sort Method": "quicksort","Sort Space Used": 157,"Sort Space Type": "Memory"},{"Worker Number": 1,"Sort Method": "quicksort","Sort Space Used": 155,"Sort Space Type": "Memory"}],"Plans": [{"Node Type": "Nested Loop","Parent Relationship": "Outer","Parallel Aware": false,"Async Capable": false,"Join Type": "Anti","Startup Cost": 0.43,"Total Cost": 5728.36,"Plan Rows": 310,"Plan Width": 38,"Actual Startup Time": 0.236,"Actual Total Time": 69.611,"Actual Rows": 2107,"Actual Loops": 3,"Inner Unique": false,"Workers": [],"Plans": [{"Node Type": "Seq Scan","Parent Relationship": "Outer","Parallel Aware": true,"Async Capable": false,"Relation Name": "customer","Alias": "customer","Startup Cost": 0.00,"Total Cost": 5225.62,"Plan Rows": 729,"Plan Width": 26,"Actual Startup Time": 0.036,"Actual Total Time": 45.683,"Actual Rows": 6330,"Actual Loops": 3,"Filter": "((c_acctbal > $1) AND (SUBSTRING(c_phone FROM 1 FOR 2) = ANY ('{10,14,34,26,22,31,25}'::text[])))","Rows Removed by Filter": 43670,"Workers": []},{"Node Type": "Index Only Scan","Parent Relationship": "Inner","Parallel Aware": false,"Async Capable": false,"Scan Direction": "Forward","Index Name": "idx_orders_custkey","Relation Name": "orders","Alias": "orders","Startup Cost": 0.43,"Total Cost": 3.28,"Plan Rows": 17,"Plan Width": 4,"Actual Startup Time": 0.003,"Actual Total Time": 0.003,"Actual Rows": 1,"Actual Loops": 18990,"Index Cond": "(o_custkey = customer.c_custkey)","Rows Removed by Index Recheck": 0,"Heap Fetches": 0,"Workers": []}]}]}]}]}]},"Planning Time": 3.809,"Triggers": [],"Execution Time": 143.864}]
[{"Plan": {"Node Type": "Aggregate","Strategy": "Sorted","Partial Mode": "Finalize","Parallel Aware": false,"Async Capable": false,"Startup Cost": 12972.06,"Total Cost": 13071.37,"Plan Rows": 744,"Plan Width": 72,"Actual Startup Time": 130.872,"Actual Total Time": 135.462,"Actual Rows": 7,"Actual Loops": 1,"Group Key": ["(SUBSTRING(customer.c_phone FROM 1 FOR 2))"],"Plans": [{"Node Type": "Aggregate","Strategy": "Plain","Partial Mode": "Finalize","Parent Relationship": "InitPlan","Subplan Name": "InitPlan 1 (returns $1)","Parallel Aware": false,"Async Capable": false,"Startup Cost": 6230.83,"Total Cost": 6230.84,"Plan Rows": 1,"Plan Width": 32,"Actual Startup Time": 59.996,"Actual Total Time": 60.164,"Actual Rows": 1,"Actual Loops": 1,"Plans": [{"Node Type": "Gather","Parent Relationship": "Outer","Parallel Aware": false,"Async Capable": false,"Startup Cost": 6230.61,"Total Cost": 6230.82,"Plan Rows": 2,"Plan Width": 32,"Actual Startup Time": 59.860,"Actual Total Time": 60.145,"Actual Rows": 3,"Actual Loops": 1,"Workers Planned": 2,"Workers Launched": 2,"Single Copy": false,"Plans": [{"Node Type": "Aggregate","Strategy": "Plain","Partial Mode": "Partial","Parent Relationship": "Outer","Parallel Aware": false,"Async Capable": false,"Startup Cost": 5230.61,"Total Cost": 5230.62,"Plan Rows": 1,"Plan Width": 32,"Actual Startup Time": 54.152,"Actual Total Time": 54.155,"Actual Rows": 1,"Actual Loops": 3,"Workers": [],"Plans": [{"Node Type": "Seq Scan","Parent Relationship": "Outer","Parallel Aware": true,"Async Capable": false,"Relation Name": "customer","Alias": "customer_1","Startup Cost": 0.00,"Total Cost": 5225.62,"Plan Rows": 1994,"Plan Width": 6,"Actual Startup Time": 0.066,"Actual Total Time": 53.068,"Actual Rows": 12732,"Actual Loops": 3,"Filter": "((c_acctbal > 0.00) AND (SUBSTRING(c_phone FROM 1 FOR 2) = ANY ('{30,17,33,19,34,10,32}'::text[])))","Rows Removed by Filter": 37268,"Workers": []}]}]}]},{"Node Type": "Gather Merge","Parent Relationship": "Outer","Parallel Aware": false,"Async Capable": false,"Startup Cost": 6741.22,"Total Cost": 6821.30,"Plan Rows": 620,"Plan Width": 72,"Actual Startup Time": 130.786,"Actual Total Time": 135.257,"Actual Rows": 21,"Actual Loops": 1,"Workers Planned": 2,"Params Evaluated": ["$1"],"Workers Launched": 2,"Plans": [{"Node Type": "Aggregate","Strategy": "Sorted","Partial Mode": "Partial","Parent Relationship": "Outer","Parallel Aware": false,"Async Capable": false,"Startup Cost": 5741.19,"Total Cost": 5749.72,"Plan Rows": 310,"Plan Width": 72,"Actual Startup Time": 63.581,"Actual Total Time": 63.894,"Actual Rows": 7,"Actual Loops": 3,"Group Key": ["(SUBSTRING(customer.c_phone FROM 1 FOR 2))"],"Workers": [],"Plans": [{"Node Type": "Sort","Parent Relationship": "Outer","Parallel Aware": false,"Async Capable": false,"Startup Cost": 5741.19,"Total Cost": 5741.97,"Plan Rows": 310,"Plan Width": 38,"Actual Startup Time": 63.503,"Actual Total Time": 63.599,"Actual Rows": 2142,"Actual Loops": 3,"Sort Key": ["(SUBSTRING(customer.c_phone FROM 1 FOR 2))"],"Sort Method": "quicksort","Sort Space Used": 233,"Sort Space Type": "Memory","Workers": [{"Worker Number": 0,"Sort Method": "quicksort","Sort Space Used": 158,"Sort Space Type": "Memory"},{"Worker Number": 1,"Sort Method": "quicksort","Sort Space Used": 153,"Sort Space Type": "Memory"}],"Plans": [{"Node Type": "Nested Loop","Parent Relationship": "Outer","Parallel Aware": false,"Async Capable": false,"Join Type": "Anti","Startup Cost": 0.43,"Total Cost": 5728.36,"Plan Rows": 310,"Plan Width": 38,"Actual Startup Time": 0.175,"Actual Total Time": 62.693,"Actual Rows": 2142,"Actual Loops": 3,"Inner Unique": false,"Workers": [],"Plans": [{"Node Type": "Seq Scan","Parent Relationship": "Outer","Parallel Aware": true,"Async Capable": false,"Relation Name": "customer","Alias": "customer","Startup Cost": 0.00,"Total Cost": 5225.62,"Plan Rows": 729,"Plan Width": 26,"Actual Startup Time": 0.049,"Actual Total Time": 41.381,"Actual Rows": 6351,"Actual Loops": 3,"Filter": "((c_acctbal > $1) AND (SUBSTRING(c_phone FROM 1 FOR 2) = ANY ('{30,17,33,19,34,10,32}'::text[])))","Rows Removed by Filter": 43649,"Workers": []},{"Node Type": "Index Only Scan","Parent Relationship": "Inner","Parallel Aware": false,"Async Capable": false,"Scan Direction": "Forward","Index Name": "idx_orders_custkey","Relation Name": "orders","Alias": "orders","Startup Cost": 0.43,"Total Cost": 3.28,"Plan Rows": 17,"Plan Width": 4,"Actual Startup Time": 0.003,"Actual Total Time": 0.003,"Actual Rows": 1,"Actual Loops": 19052,"Index Cond": "(o_custkey = customer.c_custkey)","Rows Removed by Index Recheck": 0,"Heap Fetches": 0,"Workers": []}]}]}]}]}]},"Planning Time": 3.722,"Triggers": [],"Execution Time": 135.798}]
[{"Plan": {"Node Type": "Aggregate","Strategy": "Sorted","Partial Mode": "Finalize","Parallel Aware": false,"Async Capable": false,"Startup Cost": 12972.06,"Total Cost": 13071.37,"Plan Rows": 744,"Plan Width": 72,"Actual Startup Time": 141.525,"Actual Total Time": 144.998,"Actual Rows": 7,"Actual Loops": 1,"Group Key": ["(SUBSTRING(customer.c_phone FROM 1 FOR 2))"],"Plans": [{"Node Type": "Aggregate","Strategy": "Plain","Partial Mode": "Finalize","Parent Relationship": "InitPlan","Subplan Name": "InitPlan 1 (returns $1)","Parallel Aware": false,"Async Capable": false,"Startup Cost": 6230.83,"Total Cost": 6230.84,"Plan Rows": 1,"Plan Width": 32,"Actual Startup Time": 62.514,"Actual Total Time": 62.679,"Actual Rows": 1,"Actual Loops": 1,"Plans": [{"Node Type": "Gather","Parent Relationship": "Outer","Parallel Aware": false,"Async Capable": false,"Startup Cost": 6230.61,"Total Cost": 6230.82,"Plan Rows": 2,"Plan Width": 32,"Actual Startup Time": 62.446,"Actual Total Time": 62.666,"Actual Rows": 3,"Actual Loops": 1,"Workers Planned": 2,"Workers Launched": 2,"Single Copy": false,"Plans": [{"Node Type": "Aggregate","Strategy": "Plain","Partial Mode": "Partial","Parent Relationship": "Outer","Parallel Aware": false,"Async Capable": false,"Startup Cost": 5230.61,"Total Cost": 5230.62,"Plan Rows": 1,"Plan Width": 32,"Actual Startup Time": 56.436,"Actual Total Time": 56.438,"Actual Rows": 1,"Actual Loops": 3,"Workers": [],"Plans": [{"Node Type": "Seq Scan","Parent Relationship": "Outer","Parallel Aware": true,"Async Capable": false,"Relation Name": "customer","Alias": "customer_1","Startup Cost": 0.00,"Total Cost": 5225.62,"Plan Rows": 1994,"Plan Width": 6,"Actual Startup Time": 0.061,"Actual Total Time": 55.364,"Actual Rows": 12711,"Actual Loops": 3,"Filter": "((c_acctbal > 0.00) AND (SUBSTRING(c_phone FROM 1 FOR 2) = ANY ('{18,33,10,32,15,14,25}'::text[])))","Rows Removed by Filter": 37289,"Workers": []}]}]}]},{"Node Type": "Gather Merge","Parent Relationship": "Outer","Parallel Aware": false,"Async Capable": false,"Startup Cost": 6741.22,"Total Cost": 6821.30,"Plan Rows": 620,"Plan Width": 72,"Actual Startup Time": 141.388,"Actual Total Time": 144.775,"Actual Rows": 21,"Actual Loops": 1,"Workers Planned": 2,"Params Evaluated": ["$1"],"Workers Launched": 2,"Plans": [{"Node Type": "Aggregate","Strategy": "Sorted","Partial Mode": "Partial","Parent Relationship": "Outer","Parallel Aware": false,"Async Capable": false,"Startup Cost": 5741.19,"Total Cost": 5749.72,"Plan Rows": 310,"Plan Width": 72,"Actual Startup Time": 72.064,"Actual Total Time": 72.373,"Actual Rows": 7,"Actual Loops": 3,"Group Key": ["(SUBSTRING(customer.c_phone FROM 1 FOR 2))"],"Workers": [],"Plans": [{"Node Type": "Sort","Parent Relationship": "Outer","Parallel Aware": false,"Async Capable": false,"Startup Cost": 5741.19,"Total Cost": 5741.97,"Plan Rows": 310,"Plan Width": 38,"Actual Startup Time": 71.996,"Actual Total Time": 72.086,"Actual Rows": 2147,"Actual Loops": 3,"Sort Key": ["(SUBSTRING(customer.c_phone FROM 1 FOR 2))"],"Sort Method": "quicksort","Sort Space Used": 235,"Sort Space Type": "Memory","Workers": [{"Worker Number": 0,"Sort Method": "quicksort","Sort Space Used": 158,"Sort Space Type": "Memory"},{"Worker Number": 1,"Sort Method": "quicksort","Sort Space Used": 153,"Sort Space Type": "Memory"}],"Plans": [{"Node Type": "Nested Loop","Parent Relationship": "Outer","Parallel Aware": false,"Async Capable": false,"Join Type": "Anti","Startup Cost": 0.43,"Total Cost": 5728.36,"Plan Rows": 310,"Plan Width": 38,"Actual Startup Time": 0.158,"Actual Total Time": 71.208,"Actual Rows": 2147,"Actual Loops": 3,"Inner Unique": false,"Workers": [],"Plans": [{"Node Type": "Seq Scan","Parent Relationship": "Outer","Parallel Aware": true,"Async Capable": false,"Relation Name": "customer","Alias": "customer","Startup Cost": 0.00,"Total Cost": 5225.62,"Plan Rows": 729,"Plan Width": 26,"Actual Startup Time": 0.036,"Actual Total Time": 47.219,"Actual Rows": 6348,"Actual Loops": 3,"Filter": "((c_acctbal > $1) AND (SUBSTRING(c_phone FROM 1 FOR 2) = ANY ('{18,33,10,32,15,14,25}'::text[])))","Rows Removed by Filter": 43652,"Workers": []},{"Node Type": "Index Only Scan","Parent Relationship": "Inner","Parallel Aware": false,"Async Capable": false,"Scan Direction": "Forward","Index Name": "idx_orders_custkey","Relation Name": "orders","Alias": "orders","Startup Cost": 0.43,"Total Cost": 3.28,"Plan Rows": 17,"Plan Width": 4,"Actual Startup Time": 0.003,"Actual Total Time": 0.003,"Actual Rows": 1,"Actual Loops": 19043,"Index Cond": "(o_custkey = customer.c_custkey)","Rows Removed by Index Recheck": 0,"Heap Fetches": 0,"Workers": []}]}]}]}]}]},"Planning Time": 4.089,"Triggers": [],"Execution Time": 145.389}]
[{"Plan": {"Node Type": "Aggregate","Strategy": "Sorted","Partial Mode": "Finalize","Parallel Aware": false,"Async Capable": false,"Startup Cost": 12972.06,"Total Cost": 13071.37,"Plan Rows": 744,"Plan Width": 72,"Actual Startup Time": 138.881,"Actual Total Time": 142.502,"Actual Rows": 7,"Actual Loops": 1,"Group Key": ["(SUBSTRING(customer.c_phone FROM 1 FOR 2))"],"Plans": [{"Node Type": "Aggregate","Strategy": "Plain","Partial Mode": "Finalize","Parent Relationship": "InitPlan","Subplan Name": "InitPlan 1 (returns $1)","Parallel Aware": false,"Async Capable": false,"Startup Cost": 6230.83,"Total Cost": 6230.84,"Plan Rows": 1,"Plan Width": 32,"Actual Startup Time": 63.056,"Actual Total Time": 63.267,"Actual Rows": 1,"Actual Loops": 1,"Plans": [{"Node Type": "Gather","Parent Relationship": "Outer","Parallel Aware": false,"Async Capable": false,"Startup Cost": 6230.61,"Total Cost": 6230.82,"Plan Rows": 2,"Plan Width": 32,"Actual Startup Time": 62.984,"Actual Total Time": 63.249,"Actual Rows": 3,"Actual Loops": 1,"Workers Planned": 2,"Workers Launched": 2,"Single Copy": false,"Plans": [{"Node Type": "Aggregate","Strategy": "Plain","Partial Mode": "Partial","Parent Relationship": "Outer","Parallel Aware": false,"Async Capable": false,"Startup Cost": 5230.61,"Total Cost": 5230.62,"Plan Rows": 1,"Plan Width": 32,"Actual Startup Time": 56.586,"Actual Total Time": 56.589,"Actual Rows": 1,"Actual Loops": 3,"Workers": [],"Plans": [{"Node Type": "Seq Scan","Parent Relationship": "Outer","Parallel Aware": true,"Async Capable": false,"Relation Name": "customer","Alias": "customer_1","Startup Cost": 0.00,"Total Cost": 5225.62,"Plan Rows": 1994,"Plan Width": 6,"Actual Startup Time": 0.053,"Actual Total Time": 55.464,"Actual Rows": 12761,"Actual Loops": 3,"Filter": "((c_acctbal > 0.00) AND (SUBSTRING(c_phone FROM 1 FOR 2) = ANY ('{24,18,16,12,20,28,31}'::text[])))","Rows Removed by Filter": 37239,"Workers": []}]}]}]},{"Node Type": "Gather Merge","Parent Relationship": "Outer","Parallel Aware": false,"Async Capable": false,"Startup Cost": 6741.22,"Total Cost": 6821.30,"Plan Rows": 620,"Plan Width": 72,"Actual Startup Time": 138.758,"Actual Total Time": 142.243,"Actual Rows": 21,"Actual Loops": 1,"Workers Planned": 2,"Params Evaluated": ["$1"],"Workers Launched": 2,"Plans": [{"Node Type": "Aggregate","Strategy": "Sorted","Partial Mode": "Partial","Parent Relationship": "Outer","Parallel Aware": false,"Async Capable": false,"Startup Cost": 5741.19,"Total Cost": 5749.72,"Plan Rows": 310,"Plan Width": 72,"Actual Startup Time": 68.825,"Actual Total Time": 69.132,"Actual Rows": 7,"Actual Loops": 3,"Group Key": ["(SUBSTRING(customer.c_phone FROM 1 FOR 2))"],"Workers": [],"Plans": [{"Node Type": "Sort","Parent Relationship": "Outer","Parallel Aware": false,"Async Capable": false,"Startup Cost": 5741.19,"Total Cost": 5741.97,"Plan Rows": 310,"Plan Width": 38,"Actual Startup Time": 68.754,"Actual Total Time": 68.837,"Actual Rows": 2128,"Actual Loops": 3,"Sort Key": ["(SUBSTRING(customer.c_phone FROM 1 FOR 2))"],"Sort Method": "quicksort","Sort Space Used": 233,"Sort Space Type": "Memory","Workers": [{"Worker Number": 0,"Sort Method": "quicksort","Sort Space Used": 152,"Sort Space Type": "Memory"},{"Worker Number": 1,"Sort Method": "quicksort","Sort Space Used": 157,"Sort Space Type": "Memory"}],"Plans": [{"Node Type": "Nested Loop","Parent Relationship": "Outer","Parallel Aware": false,"Async Capable": false,"Join Type": "Anti","Startup Cost": 0.43,"Total Cost": 5728.36,"Plan Rows": 310,"Plan Width": 38,"Actual Startup Time": 0.138,"Actual Total Time": 67.929,"Actual Rows": 2128,"Actual Loops": 3,"Inner Unique": false,"Workers": [],"Plans": [{"Node Type": "Seq Scan","Parent Relationship": "Outer","Parallel Aware": true,"Async Capable": false,"Relation Name": "customer","Alias": "customer","Startup Cost": 0.00,"Total Cost": 5225.62,"Plan Rows": 729,"Plan Width": 26,"Actual Startup Time": 0.029,"Actual Total Time": 44.803,"Actual Rows": 6382,"Actual Loops": 3,"Filter": "((c_acctbal > $1) AND (SUBSTRING(c_phone FROM 1 FOR 2) = ANY ('{24,18,16,12,20,28,31}'::text[])))","Rows Removed by Filter": 43618,"Workers": []},{"Node Type": "Index Only Scan","Parent Relationship": "Inner","Parallel Aware": false,"Async Capable": false,"Scan Direction": "Forward","Index Name": "idx_orders_custkey","Relation Name": "orders","Alias": "orders","Startup Cost": 0.43,"Total Cost": 3.28,"Plan Rows": 17,"Plan Width": 4,"Actual Startup Time": 0.003,"Actual Total Time": 0.003,"Actual Rows": 1,"Actual Loops": 19146,"Index Cond": "(o_custkey = customer.c_custkey)","Rows Removed by Index Recheck": 0,"Heap Fetches": 0,"Workers": []}]}]}]}]}]},"Planning Time": 3.695,"Triggers": [],"Execution Time": 142.857}]
[{"Plan": {"Node Type": "Aggregate","Strategy": "Sorted","Partial Mode": "Finalize","Parallel Aware": false,"Async Capable": false,"Startup Cost": 12972.06,"Total Cost": 13071.37,"Plan Rows": 744,"Plan Width": 72,"Actual Startup Time": 138.778,"Actual Total Time": 142.395,"Actual Rows": 7,"Actual Loops": 1,"Group Key": ["(SUBSTRING(customer.c_phone FROM 1 FOR 2))"],"Plans": [{"Node Type": "Aggregate","Strategy": "Plain","Partial Mode": "Finalize","Parent Relationship": "InitPlan","Subplan Name": "InitPlan 1 (returns $1)","Parallel Aware": false,"Async Capable": false,"Startup Cost": 6230.83,"Total Cost": 6230.84,"Plan Rows": 1,"Plan Width": 32,"Actual Startup Time": 62.945,"Actual Total Time": 63.138,"Actual Rows": 1,"Actual Loops": 1,"Plans": [{"Node Type": "Gather","Parent Relationship": "Outer","Parallel Aware": false,"Async Capable": false,"Startup Cost": 6230.61,"Total Cost": 6230.82,"Plan Rows": 2,"Plan Width": 32,"Actual Startup Time": 62.824,"Actual Total Time": 63.112,"Actual Rows": 3,"Actual Loops": 1,"Workers Planned": 2,"Workers Launched": 2,"Single Copy": false,"Plans": [{"Node Type": "Aggregate","Strategy": "Plain","Partial Mode": "Partial","Parent Relationship": "Outer","Parallel Aware": false,"Async Capable": false,"Startup Cost": 5230.61,"Total Cost": 5230.62,"Plan Rows": 1,"Plan Width": 32,"Actual Startup Time": 56.281,"Actual Total Time": 56.282,"Actual Rows": 1,"Actual Loops": 3,"Workers": [],"Plans": [{"Node Type": "Seq Scan","Parent Relationship": "Outer","Parallel Aware": true,"Async Capable": false,"Relation Name": "customer","Alias": "customer_1","Startup Cost": 0.00,"Total Cost": 5225.62,"Plan Rows": 1994,"Plan Width": 6,"Actual Startup Time": 0.047,"Actual Total Time": 55.244,"Actual Rows": 12696,"Actual Loops": 3,"Filter": "((c_acctbal > 0.00) AND (SUBSTRING(c_phone FROM 1 FOR 2) = ANY ('{23,29,13,31,22,10,17}'::text[])))","Rows Removed by Filter": 37304,"Workers": []}]}]}]},{"Node Type": "Gather Merge","Parent Relationship": "Outer","Parallel Aware": false,"Async Capable": false,"Startup Cost": 6741.22,"Total Cost": 6821.30,"Plan Rows": 620,"Plan Width": 72,"Actual Startup Time": 138.660,"Actual Total Time": 142.146,"Actual Rows": 21,"Actual Loops": 1,"Workers Planned": 2,"Params Evaluated": ["$1"],"Workers Launched": 2,"Plans": [{"Node Type": "Aggregate","Strategy": "Sorted","Partial Mode": "Partial","Parent Relationship": "Outer","Parallel Aware": false,"Async Capable": false,"Startup Cost": 5741.19,"Total Cost": 5749.72,"Plan Rows": 310,"Plan Width": 72,"Actual Startup Time": 69.094,"Actual Total Time": 69.384,"Actual Rows": 7,"Actual Loops": 3,"Group Key": ["(SUBSTRING(customer.c_phone FROM 1 FOR 2))"],"Workers": [],"Plans": [{"Node Type": "Sort","Parent Relationship": "Outer","Parallel Aware": false,"Async Capable": false,"Startup Cost": 5741.19,"Total Cost": 5741.97,"Plan Rows": 310,"Plan Width": 38,"Actual Startup Time": 69.025,"Actual Total Time": 69.101,"Actual Rows": 2100,"Actual Loops": 3,"Sort Key": ["(SUBSTRING(customer.c_phone FROM 1 FOR 2))"],"Sort Method": "quicksort","Sort Space Used": 234,"Sort Space Type": "Memory","Workers": [{"Worker Number": 0,"Sort Method": "quicksort","Sort Space Used": 150,"Sort Space Type": "Memory"},{"Worker Number": 1,"Sort Method": "quicksort","Sort Space Used": 154,"Sort Space Type": "Memory"}],"Plans": [{"Node Type": "Nested Loop","Parent Relationship": "Outer","Parallel Aware": false,"Async Capable": false,"Join Type": "Anti","Startup Cost": 0.43,"Total Cost": 5728.36,"Plan Rows": 310,"Plan Width": 38,"Actual Startup Time": 0.144,"Actual Total Time": 68.258,"Actual Rows": 2100,"Actual Loops": 3,"Inner Unique": false,"Workers": [],"Plans": [{"Node Type": "Seq Scan","Parent Relationship": "Outer","Parallel Aware": true,"Async Capable": false,"Relation Name": "customer","Alias": "customer","Startup Cost": 0.00,"Total Cost": 5225.62,"Plan Rows": 729,"Plan Width": 26,"Actual Startup Time": 0.040,"Actual Total Time": 45.103,"Actual Rows": 6319,"Actual Loops": 3,"Filter": "((c_acctbal > $1) AND (SUBSTRING(c_phone FROM 1 FOR 2) = ANY ('{23,29,13,31,22,10,17}'::text[])))","Rows Removed by Filter": 43681,"Workers": []},{"Node Type": "Index Only Scan","Parent Relationship": "Inner","Parallel Aware": false,"Async Capable": false,"Scan Direction": "Forward","Index Name": "idx_orders_custkey","Relation Name": "orders","Alias": "orders","Startup Cost": 0.43,"Total Cost": 3.28,"Plan Rows": 17,"Plan Width": 4,"Actual Startup Time": 0.003,"Actual Total Time": 0.003,"Actual Rows": 1,"Actual Loops": 18958,"Index Cond": "(o_custkey = customer.c_custkey)","Rows Removed by Index Recheck": 0,"Heap Fetches": 0,"Workers": []}]}]}]}]}]},"Planning Time": 4.893,"Triggers": [],"Execution Time": 142.879}]
[{"Plan": {"Node Type": "Aggregate","Strategy": "Sorted","Partial Mode": "Finalize","Parallel Aware": false,"Async Capable": false,"Startup Cost": 12972.06,"Total Cost": 13071.37,"Plan Rows": 744,"Plan Width": 72,"Actual Startup Time": 138.997,"Actual Total Time": 142.605,"Actual Rows": 7,"Actual Loops": 1,"Group Key": ["(SUBSTRING(customer.c_phone FROM 1 FOR 2))"],"Plans": [{"Node Type": "Aggregate","Strategy": "Plain","Partial Mode": "Finalize","Parent Relationship": "InitPlan","Subplan Name": "InitPlan 1 (returns $1)","Parallel Aware": false,"Async Capable": false,"Startup Cost": 6230.83,"Total Cost": 6230.84,"Plan Rows": 1,"Plan Width": 32,"Actual Startup Time": 60.994,"Actual Total Time": 61.160,"Actual Rows": 1,"Actual Loops": 1,"Plans": [{"Node Type": "Gather","Parent Relationship": "Outer","Parallel Aware": false,"Async Capable": false,"Startup Cost": 6230.61,"Total Cost": 6230.82,"Plan Rows": 2,"Plan Width": 32,"Actual Startup Time": 60.914,"Actual Total Time": 61.142,"Actual Rows": 3,"Actual Loops": 1,"Workers Planned": 2,"Workers Launched": 2,"Single Copy": false,"Plans": [{"Node Type": "Aggregate","Strategy": "Plain","Partial Mode": "Partial","Parent Relationship": "Outer","Parallel Aware": false,"Async Capable": false,"Startup Cost": 5230.61,"Total Cost": 5230.62,"Plan Rows": 1,"Plan Width": 32,"Actual Startup Time": 55.156,"Actual Total Time": 55.158,"Actual Rows": 1,"Actual Loops": 3,"Workers": [],"Plans": [{"Node Type": "Seq Scan","Parent Relationship": "Outer","Parallel Aware": true,"Async Capable": false,"Relation Name": "customer","Alias": "customer_1","Startup Cost": 0.00,"Total Cost": 5225.62,"Plan Rows": 1994,"Plan Width": 6,"Actual Startup Time": 0.059,"Actual Total Time": 54.078,"Actual Rows": 12677,"Actual Loops": 3,"Filter": "((c_acctbal > 0.00) AND (SUBSTRING(c_phone FROM 1 FOR 2) = ANY ('{34,16,22,20,33,10,30}'::text[])))","Rows Removed by Filter": 37323,"Workers": []}]}]}]},{"Node Type": "Gather Merge","Parent Relationship": "Outer","Parallel Aware": false,"Async Capable": false,"Startup Cost": 6741.22,"Total Cost": 6821.30,"Plan Rows": 620,"Plan Width": 72,"Actual Startup Time": 138.849,"Actual Total Time": 142.348,"Actual Rows": 21,"Actual Loops": 1,"Workers Planned": 2,"Params Evaluated": ["$1"],"Workers Launched": 2,"Plans": [{"Node Type": "Aggregate","Strategy": "Sorted","Partial Mode": "Partial","Parent Relationship": "Outer","Parallel Aware": false,"Async Capable": false,"Startup Cost": 5741.19,"Total Cost": 5749.72,"Plan Rows": 310,"Plan Width": 72,"Actual Startup Time": 71.244,"Actual Total Time": 71.537,"Actual Rows": 7,"Actual Loops": 3,"Group Key": ["(SUBSTRING(customer.c_phone FROM 1 FOR 2))"],"Workers": [],"Plans": [{"Node Type": "Sort","Parent Relationship": "Outer","Parallel Aware": false,"Async Capable": false,"Startup Cost": 5741.19,"Total Cost": 5741.97,"Plan Rows": 310,"Plan Width": 38,"Actual Startup Time": 71.179,"Actual Total Time": 71.256,"Actual Rows": 2124,"Actual Loops": 3,"Sort Key": ["(SUBSTRING(customer.c_phone FROM 1 FOR 2))"],"Sort Method": "quicksort","Sort Space Used": 237,"Sort Space Type": "Memory","Workers": [{"Worker Number": 0,"Sort Method": "quicksort","Sort Space Used": 156,"Sort Space Type": "Memory"},{"Worker Number": 1,"Sort Method": "quicksort","Sort Space Used": 149,"Sort Space Type": "Memory"}],"Plans": [{"Node Type": "Nested Loop","Parent Relationship": "Outer","Parallel Aware": false,"Async Capable": false,"Join Type": "Anti","Startup Cost": 0.43,"Total Cost": 5728.36,"Plan Rows": 310,"Plan Width": 38,"Actual Startup Time": 0.163,"Actual Total Time": 70.371,"Actual Rows": 2124,"Actual Loops": 3,"Inner Unique": false,"Workers": [],"Plans": [{"Node Type": "Seq Scan","Parent Relationship": "Outer","Parallel Aware": true,"Async Capable": false,"Relation Name": "customer","Alias": "customer","Startup Cost": 0.00,"Total Cost": 5225.62,"Plan Rows": 729,"Plan Width": 26,"Actual Startup Time": 0.037,"Actual Total Time": 46.684,"Actual Rows": 6331,"Actual Loops": 3,"Filter": "((c_acctbal > $1) AND (SUBSTRING(c_phone FROM 1 FOR 2) = ANY ('{34,16,22,20,33,10,30}'::text[])))","Rows Removed by Filter": 43669,"Workers": []},{"Node Type": "Index Only Scan","Parent Relationship": "Inner","Parallel Aware": false,"Async Capable": false,"Scan Direction": "Forward","Index Name": "idx_orders_custkey","Relation Name": "orders","Alias": "orders","Startup Cost": 0.43,"Total Cost": 3.28,"Plan Rows": 17,"Plan Width": 4,"Actual Startup Time": 0.003,"Actual Total Time": 0.003,"Actual Rows": 1,"Actual Loops": 18994,"Index Cond": "(o_custkey = customer.c_custkey)","Rows Removed by Index Recheck": 0,"Heap Fetches": 0,"Workers": []}]}]}]}]}]},"Planning Time": 4.431,"Triggers": [],"Execution Time": 142.924}]
[{"Plan": {"Node Type": "Aggregate","Strategy": "Sorted","Partial Mode": "Finalize","Parallel Aware": false,"Async Capable": false,"Startup Cost": 12972.06,"Total Cost": 13071.37,"Plan Rows": 744,"Plan Width": 72,"Actual Startup Time": 138.641,"Actual Total Time": 142.294,"Actual Rows": 7,"Actual Loops": 1,"Group Key": ["(SUBSTRING(customer.c_phone FROM 1 FOR 2))"],"Plans": [{"Node Type": "Aggregate","Strategy": "Plain","Partial Mode": "Finalize","Parent Relationship": "InitPlan","Subplan Name": "InitPlan 1 (returns $1)","Parallel Aware": false,"Async Capable": false,"Startup Cost": 6230.83,"Total Cost": 6230.84,"Plan Rows": 1,"Plan Width": 32,"Actual Startup Time": 63.218,"Actual Total Time": 63.439,"Actual Rows": 1,"Actual Loops": 1,"Plans": [{"Node Type": "Gather","Parent Relationship": "Outer","Parallel Aware": false,"Async Capable": false,"Startup Cost": 6230.61,"Total Cost": 6230.82,"Plan Rows": 2,"Plan Width": 32,"Actual Startup Time": 63.174,"Actual Total Time": 63.421,"Actual Rows": 3,"Actual Loops": 1,"Workers Planned": 2,"Workers Launched": 2,"Single Copy": false,"Plans": [{"Node Type": "Aggregate","Strategy": "Plain","Partial Mode": "Partial","Parent Relationship": "Outer","Parallel Aware": false,"Async Capable": false,"Startup Cost": 5230.61,"Total Cost": 5230.62,"Plan Rows": 1,"Plan Width": 32,"Actual Startup Time": 56.507,"Actual Total Time": 56.510,"Actual Rows": 1,"Actual Loops": 3,"Workers": [],"Plans": [{"Node Type": "Seq Scan","Parent Relationship": "Outer","Parallel Aware": true,"Async Capable": false,"Relation Name": "customer","Alias": "customer_1","Startup Cost": 0.00,"Total Cost": 5225.62,"Plan Rows": 1994,"Plan Width": 6,"Actual Startup Time": 0.061,"Actual Total Time": 55.438,"Actual Rows": 12745,"Actual Loops": 3,"Filter": "((c_acctbal > 0.00) AND (SUBSTRING(c_phone FROM 1 FOR 2) = ANY ('{15,33,14,29,11,26,23}'::text[])))","Rows Removed by Filter": 37255,"Workers": []}]}]}]},{"Node Type": "Gather Merge","Parent Relationship": "Outer","Parallel Aware": false,"Async Capable": false,"Startup Cost": 6741.22,"Total Cost": 6821.30,"Plan Rows": 620,"Plan Width": 72,"Actual Startup Time": 138.509,"Actual Total Time": 142.024,"Actual Rows": 21,"Actual Loops": 1,"Workers Planned": 2,"Params Evaluated": ["$1"],"Workers Launched": 2,"Plans": [{"Node Type": "Aggregate","Strategy": "Sorted","Partial Mode": "Partial","Parent Relationship": "Outer","Parallel Aware": false,"Async Capable": false,"Startup Cost": 5741.19,"Total Cost": 5749.72,"Plan Rows": 310,"Plan Width": 72,"Actual Startup Time": 68.395,"Actual Total Time": 68.705,"Actual Rows": 7,"Actual Loops": 3,"Group Key": ["(SUBSTRING(customer.c_phone FROM 1 FOR 2))"],"Workers": [],"Plans": [{"Node Type": "Sort","Parent Relationship": "Outer","Parallel Aware": false,"Async Capable": false,"Startup Cost": 5741.19,"Total Cost": 5741.97,"Plan Rows": 310,"Plan Width": 38,"Actual Startup Time": 68.328,"Actual Total Time": 68.409,"Actual Rows": 2131,"Actual Loops": 3,"Sort Key": ["(SUBSTRING(customer.c_phone FROM 1 FOR 2))"],"Sort Method": "quicksort","Sort Space Used": 237,"Sort Space Type": "Memory","Workers": [{"Worker Number": 0,"Sort Method": "quicksort","Sort Space Used": 151,"Sort Space Type": "Memory"},{"Worker Number": 1,"Sort Method": "quicksort","Sort Space Used": 154,"Sort Space Type": "Memory"}],"Plans": [{"Node Type": "Nested Loop","Parent Relationship": "Outer","Parallel Aware": false,"Async Capable": false,"Join Type": "Anti","Startup Cost": 0.43,"Total Cost": 5728.36,"Plan Rows": 310,"Plan Width": 38,"Actual Startup Time": 0.147,"Actual Total Time": 67.541,"Actual Rows": 2131,"Actual Loops": 3,"Inner Unique": false,"Workers": [],"Plans": [{"Node Type": "Seq Scan","Parent Relationship": "Outer","Parallel Aware": true,"Async Capable": false,"Relation Name": "customer","Alias": "customer","Startup Cost": 0.00,"Total Cost": 5225.62,"Plan Rows": 729,"Plan Width": 26,"Actual Startup Time": 0.033,"Actual Total Time": 44.342,"Actual Rows": 6371,"Actual Loops": 3,"Filter": "((c_acctbal > $1) AND (SUBSTRING(c_phone FROM 1 FOR 2) = ANY ('{15,33,14,29,11,26,23}'::text[])))","Rows Removed by Filter": 43629,"Workers": []},{"Node Type": "Index Only Scan","Parent Relationship": "Inner","Parallel Aware": false,"Async Capable": false,"Scan Direction": "Forward","Index Name": "idx_orders_custkey","Relation Name": "orders","Alias": "orders","Startup Cost": 0.43,"Total Cost": 3.28,"Plan Rows": 17,"Plan Width": 4,"Actual Startup Time": 0.003,"Actual Total Time": 0.003,"Actual Rows": 1,"Actual Loops": 19113,"Index Cond": "(o_custkey = customer.c_custkey)","Rows Removed by Index Recheck": 0,"Heap Fetches": 0,"Workers": []}]}]}]}]}]},"Planning Time": 3.514,"Triggers": [],"Execution Time": 142.683}]
[{"Plan": {"Node Type": "Aggregate","Strategy": "Sorted","Partial Mode": "Finalize","Parallel Aware": false,"Async Capable": false,"Startup Cost": 12972.06,"Total Cost": 13071.37,"Plan Rows": 744,"Plan Width": 72,"Actual Startup Time": 133.475,"Actual Total Time": 137.766,"Actual Rows": 7,"Actual Loops": 1,"Group Key": ["(SUBSTRING(customer.c_phone FROM 1 FOR 2))"],"Plans": [{"Node Type": "Aggregate","Strategy": "Plain","Partial Mode": "Finalize","Parent Relationship": "InitPlan","Subplan Name": "InitPlan 1 (returns $1)","Parallel Aware": false,"Async Capable": false,"Startup Cost": 6230.83,"Total Cost": 6230.84,"Plan Rows": 1,"Plan Width": 32,"Actual Startup Time": 61.850,"Actual Total Time": 62.087,"Actual Rows": 1,"Actual Loops": 1,"Plans": [{"Node Type": "Gather","Parent Relationship": "Outer","Parallel Aware": false,"Async Capable": false,"Startup Cost": 6230.61,"Total Cost": 6230.82,"Plan Rows": 2,"Plan Width": 32,"Actual Startup Time": 61.725,"Actual Total Time": 62.072,"Actual Rows": 3,"Actual Loops": 1,"Workers Planned": 2,"Workers Launched": 2,"Single Copy": false,"Plans": [{"Node Type": "Aggregate","Strategy": "Plain","Partial Mode": "Partial","Parent Relationship": "Outer","Parallel Aware": false,"Async Capable": false,"Startup Cost": 5230.61,"Total Cost": 5230.62,"Plan Rows": 1,"Plan Width": 32,"Actual Startup Time": 55.545,"Actual Total Time": 55.548,"Actual Rows": 1,"Actual Loops": 3,"Workers": [],"Plans": [{"Node Type": "Seq Scan","Parent Relationship": "Outer","Parallel Aware": true,"Async Capable": false,"Relation Name": "customer","Alias": "customer_1","Startup Cost": 0.00,"Total Cost": 5225.62,"Plan Rows": 1994,"Plan Width": 6,"Actual Startup Time": 0.045,"Actual Total Time": 54.450,"Actual Rows": 12855,"Actual Loops": 3,"Filter": "((c_acctbal > 0.00) AND (SUBSTRING(c_phone FROM 1 FOR 2) = ANY ('{19,33,23,14,32,21,18}'::text[])))","Rows Removed by Filter": 37145,"Workers": []}]}]}]},{"Node Type": "Gather Merge","Parent Relationship": "Outer","Parallel Aware": false,"Async Capable": false,"Startup Cost": 6741.22,"Total Cost": 6821.30,"Plan Rows": 620,"Plan Width": 72,"Actual Startup Time": 133.366,"Actual Total Time": 137.477,"Actual Rows": 21,"Actual Loops": 1,"Workers Planned": 2,"Params Evaluated": ["$1"],"Workers Launched": 2,"Plans": [{"Node Type": "Aggregate","Strategy": "Sorted","Partial Mode": "Partial","Parent Relationship": "Outer","Parallel Aware": false,"Async Capable": false,"Startup Cost": 5741.19,"Total Cost": 5749.72,"Plan Rows": 310,"Plan Width": 72,"Actual Startup Time": 64.846,"Actual Total Time": 65.168,"Actual Rows": 7,"Actual Loops": 3,"Group Key": ["(SUBSTRING(customer.c_phone FROM 1 FOR 2))"],"Workers": [],"Plans": [{"Node Type": "Sort","Parent Relationship": "Outer","Parallel Aware": false,"Async Capable": false,"Startup Cost": 5741.19,"Total Cost": 5741.97,"Plan Rows": 310,"Plan Width": 38,"Actual Startup Time": 64.766,"Actual Total Time": 64.853,"Actual Rows": 2200,"Actual Loops": 3,"Sort Key": ["(SUBSTRING(customer.c_phone FROM 1 FOR 2))"],"Sort Method": "quicksort","Sort Space Used": 238,"Sort Space Type": "Memory","Workers": [{"Worker Number": 0,"Sort Method": "quicksort","Sort Space Used": 208,"Sort Space Type": "Memory"},{"Worker Number": 1,"Sort Method": "quicksort","Sort Space Used": 156,"Sort Space Type": "Memory"}],"Plans": [{"Node Type": "Nested Loop","Parent Relationship": "Outer","Parallel Aware": false,"Async Capable": false,"Join Type": "Anti","Startup Cost": 0.43,"Total Cost": 5728.36,"Plan Rows": 310,"Plan Width": 38,"Actual Startup Time": 0.120,"Actual Total Time": 63.927,"Actual Rows": 2200,"Actual Loops": 3,"Inner Unique": false,"Workers": [],"Plans": [{"Node Type": "Seq Scan","Parent Relationship": "Outer","Parallel Aware": true,"Async Capable": false,"Relation Name": "customer","Alias": "customer","Startup Cost": 0.00,"Total Cost": 5225.62,"Plan Rows": 729,"Plan Width": 26,"Actual Startup Time": 0.026,"Actual Total Time": 43.035,"Actual Rows": 6432,"Actual Loops": 3,"Filter": "((c_acctbal > $1) AND (SUBSTRING(c_phone FROM 1 FOR 2) = ANY ('{19,33,23,14,32,21,18}'::text[])))","Rows Removed by Filter": 43568,"Workers": []},{"Node Type": "Index Only Scan","Parent Relationship": "Inner","Parallel Aware": false,"Async Capable": false,"Scan Direction": "Forward","Index Name": "idx_orders_custkey","Relation Name": "orders","Alias": "orders","Startup Cost": 0.43,"Total Cost": 3.28,"Plan Rows": 17,"Plan Width": 4,"Actual Startup Time": 0.003,"Actual Total Time": 0.003,"Actual Rows": 1,"Actual Loops": 19297,"Index Cond": "(o_custkey = customer.c_custkey)","Rows Removed by Index Recheck": 0,"Heap Fetches": 0,"Workers": []}]}]}]}]}]},"Planning Time": 4.712,"Triggers": [],"Execution Time": 138.146}]
[{"Plan": {"Node Type": "Aggregate","Strategy": "Sorted","Partial Mode": "Finalize","Parallel Aware": false,"Async Capable": false,"Startup Cost": 12972.06,"Total Cost": 13071.37,"Plan Rows": 744,"Plan Width": 72,"Actual Startup Time": 141.431,"Actual Total Time": 144.824,"Actual Rows": 7,"Actual Loops": 1,"Group Key": ["(SUBSTRING(customer.c_phone FROM 1 FOR 2))"],"Plans": [{"Node Type": "Aggregate","Strategy": "Plain","Partial Mode": "Finalize","Parent Relationship": "InitPlan","Subplan Name": "InitPlan 1 (returns $1)","Parallel Aware": false,"Async Capable": false,"Startup Cost": 6230.83,"Total Cost": 6230.84,"Plan Rows": 1,"Plan Width": 32,"Actual Startup Time": 62.296,"Actual Total Time": 62.471,"Actual Rows": 1,"Actual Loops": 1,"Plans": [{"Node Type": "Gather","Parent Relationship": "Outer","Parallel Aware": false,"Async Capable": false,"Startup Cost": 6230.61,"Total Cost": 6230.82,"Plan Rows": 2,"Plan Width": 32,"Actual Startup Time": 62.207,"Actual Total Time": 62.457,"Actual Rows": 3,"Actual Loops": 1,"Workers Planned": 2,"Workers Launched": 2,"Single Copy": false,"Plans": [{"Node Type": "Aggregate","Strategy": "Plain","Partial Mode": "Partial","Parent Relationship": "Outer","Parallel Aware": false,"Async Capable": false,"Startup Cost": 5230.61,"Total Cost": 5230.62,"Plan Rows": 1,"Plan Width": 32,"Actual Startup Time": 56.475,"Actual Total Time": 56.477,"Actual Rows": 1,"Actual Loops": 3,"Workers": [],"Plans": [{"Node Type": "Seq Scan","Parent Relationship": "Outer","Parallel Aware": true,"Async Capable": false,"Relation Name": "customer","Alias": "customer_1","Startup Cost": 0.00,"Total Cost": 5225.62,"Plan Rows": 1994,"Plan Width": 6,"Actual Startup Time": 0.062,"Actual Total Time": 55.423,"Actual Rows": 12730,"Actual Loops": 3,"Filter": "((c_acctbal > 0.00) AND (SUBSTRING(c_phone FROM 1 FOR 2) = ANY ('{30,12,31,13,27,19,20}'::text[])))","Rows Removed by Filter": 37270,"Workers": []}]}]}]},{"Node Type": "Gather Merge","Parent Relationship": "Outer","Parallel Aware": false,"Async Capable": false,"Startup Cost": 6741.22,"Total Cost": 6821.30,"Plan Rows": 620,"Plan Width": 72,"Actual Startup Time": 141.322,"Actual Total Time": 144.574,"Actual Rows": 21,"Actual Loops": 1,"Workers Planned": 2,"Params Evaluated": ["$1"],"Workers Launched": 2,"Plans": [{"Node Type": "Aggregate","Strategy": "Sorted","Partial Mode": "Partial","Parent Relationship": "Outer","Parallel Aware": false,"Async Capable": false,"Startup Cost": 5741.19,"Total Cost": 5749.72,"Plan Rows": 310,"Plan Width": 72,"Actual Startup Time": 72.523,"Actual Total Time": 72.815,"Actual Rows": 7,"Actual Loops": 3,"Group Key": ["(SUBSTRING(customer.c_phone FROM 1 FOR 2))"],"Workers": [],"Plans": [{"Node Type": "Sort","Parent Relationship": "Outer","Parallel Aware": false,"Async Capable": false,"Startup Cost": 5741.19,"Total Cost": 5741.97,"Plan Rows": 310,"Plan Width": 38,"Actual Startup Time": 72.455,"Actual Total Time": 72.531,"Actual Rows": 2115,"Actual Loops": 3,"Sort Key": ["(SUBSTRING(customer.c_phone FROM 1 FOR 2))"],"Sort Method": "quicksort","Sort Space Used": 231,"Sort Space Type": "Memory","Workers": [{"Worker Number": 0,"Sort Method": "quicksort","Sort Space Used": 154,"Sort Space Type": "Memory"},{"Worker Number": 1,"Sort Method": "quicksort","Sort Space Used": 155,"Sort Space Type": "Memory"}],"Plans": [{"Node Type": "Nested Loop","Parent Relationship": "Outer","Parallel Aware": false,"Async Capable": false,"Join Type": "Anti","Startup Cost": 0.43,"Total Cost": 5728.36,"Plan Rows": 310,"Plan Width": 38,"Actual Startup Time": 0.162,"Actual Total Time": 71.689,"Actual Rows": 2115,"Actual Loops": 3,"Inner Unique": false,"Workers": [],"Plans": [{"Node Type": "Seq Scan","Parent Relationship": "Outer","Parallel Aware": true,"Async Capable": false,"Relation Name": "customer","Alias": "customer","Startup Cost": 0.00,"Total Cost": 5225.62,"Plan Rows": 729,"Plan Width": 26,"Actual Startup Time": 0.042,"Actual Total Time": 47.318,"Actual Rows": 6324,"Actual Loops": 3,"Filter": "((c_acctbal > $1) AND (SUBSTRING(c_phone FROM 1 FOR 2) = ANY ('{30,12,31,13,27,19,20}'::text[])))","Rows Removed by Filter": 43676,"Workers": []},{"Node Type": "Index Only Scan","Parent Relationship": "Inner","Parallel Aware": false,"Async Capable": false,"Scan Direction": "Forward","Index Name": "idx_orders_custkey","Relation Name": "orders","Alias": "orders","Startup Cost": 0.43,"Total Cost": 3.28,"Plan Rows": 17,"Plan Width": 4,"Actual Startup Time": 0.004,"Actual Total Time": 0.004,"Actual Rows": 1,"Actual Loops": 18973,"Index Cond": "(o_custkey = customer.c_custkey)","Rows Removed by Index Recheck": 0,"Heap Fetches": 0,"Workers": []}]}]}]}]}]},"Planning Time": 3.468,"Triggers": [],"Execution Time": 145.185}]
[{"Plan": {"Node Type": "Aggregate","Strategy": "Sorted","Partial Mode": "Finalize","Parallel Aware": false,"Async Capable": false,"Startup Cost": 12972.06,"Total Cost": 13071.37,"Plan Rows": 744,"Plan Width": 72,"Actual Startup Time": 130.659,"Actual Total Time": 136.119,"Actual Rows": 7,"Actual Loops": 1,"Group Key": ["(SUBSTRING(customer.c_phone FROM 1 FOR 2))"],"Plans": [{"Node Type": "Aggregate","Strategy": "Plain","Partial Mode": "Finalize","Parent Relationship": "InitPlan","Subplan Name": "InitPlan 1 (returns $1)","Parallel Aware": false,"Async Capable": false,"Startup Cost": 6230.83,"Total Cost": 6230.84,"Plan Rows": 1,"Plan Width": 32,"Actual Startup Time": 59.279,"Actual Total Time": 59.501,"Actual Rows": 1,"Actual Loops": 1,"Plans": [{"Node Type": "Gather","Parent Relationship": "Outer","Parallel Aware": false,"Async Capable": false,"Startup Cost": 6230.61,"Total Cost": 6230.82,"Plan Rows": 2,"Plan Width": 32,"Actual Startup Time": 59.180,"Actual Total Time": 59.486,"Actual Rows": 3,"Actual Loops": 1,"Workers Planned": 2,"Workers Launched": 2,"Single Copy": false,"Plans": [{"Node Type": "Aggregate","Strategy": "Plain","Partial Mode": "Partial","Parent Relationship": "Outer","Parallel Aware": false,"Async Capable": false,"Startup Cost": 5230.61,"Total Cost": 5230.62,"Plan Rows": 1,"Plan Width": 32,"Actual Startup Time": 53.338,"Actual Total Time": 53.340,"Actual Rows": 1,"Actual Loops": 3,"Workers": [],"Plans": [{"Node Type": "Seq Scan","Parent Relationship": "Outer","Parallel Aware": true,"Async Capable": false,"Relation Name": "customer","Alias": "customer_1","Startup Cost": 0.00,"Total Cost": 5225.62,"Plan Rows": 1994,"Plan Width": 6,"Actual Startup Time": 0.056,"Actual Total Time": 52.249,"Actual Rows": 12753,"Actual Loops": 3,"Filter": "((c_acctbal > 0.00) AND (SUBSTRING(c_phone FROM 1 FOR 2) = ANY ('{32,23,34,31,15,14,28}'::text[])))","Rows Removed by Filter": 37247,"Workers": []}]}]}]},{"Node Type": "Gather Merge","Parent Relationship": "Outer","Parallel Aware": false,"Async Capable": false,"Startup Cost": 6741.22,"Total Cost": 6821.30,"Plan Rows": 620,"Plan Width": 72,"Actual Startup Time": 130.557,"Actual Total Time": 135.838,"Actual Rows": 21,"Actual Loops": 1,"Workers Planned": 2,"Params Evaluated": ["$1"],"Workers Launched": 2,"Plans": [{"Node Type": "Aggregate","Strategy": "Sorted","Partial Mode": "Partial","Parent Relationship": "Outer","Parallel Aware": false,"Async Capable": false,"Startup Cost": 5741.19,"Total Cost": 5749.72,"Plan Rows": 310,"Plan Width": 72,"Actual Startup Time": 63.973,"Actual Total Time": 64.282,"Actual Rows": 7,"Actual Loops": 3,"Group Key": ["(SUBSTRING(customer.c_phone FROM 1 FOR 2))"],"Workers": [],"Plans": [{"Node Type": "Sort","Parent Relationship": "Outer","Parallel Aware": false,"Async Capable": false,"Startup Cost": 5741.19,"Total Cost": 5741.97,"Plan Rows": 310,"Plan Width": 38,"Actual Startup Time": 63.899,"Actual Total Time": 63.986,"Actual Rows": 2150,"Actual Loops": 3,"Sort Key": ["(SUBSTRING(customer.c_phone FROM 1 FOR 2))"],"Sort Method": "quicksort","Sort Space Used": 230,"Sort Space Type": "Memory","Workers": [{"Worker Number": 0,"Sort Method": "quicksort","Sort Space Used": 158,"Sort Space Type": "Memory"},{"Worker Number": 1,"Sort Method": "quicksort","Sort Space Used": 158,"Sort Space Type": "Memory"}],"Plans": [{"Node Type": "Nested Loop","Parent Relationship": "Outer","Parallel Aware": false,"Async Capable": false,"Join Type": "Anti","Startup Cost": 0.43,"Total Cost": 5728.36,"Plan Rows": 310,"Plan Width": 38,"Actual Startup Time": 0.143,"Actual Total Time": 63.093,"Actual Rows": 2150,"Actual Loops": 3,"Inner Unique": false,"Workers": [],"Plans": [{"Node Type": "Seq Scan","Parent Relationship": "Outer","Parallel Aware": true,"Async Capable": false,"Relation Name": "customer","Alias": "customer","Startup Cost": 0.00,"Total Cost": 5225.62,"Plan Rows": 729,"Plan Width": 26,"Actual Startup Time": 0.032,"Actual Total Time": 41.633,"Actual Rows": 6380,"Actual Loops": 3,"Filter": "((c_acctbal > $1) AND (SUBSTRING(c_phone FROM 1 FOR 2) = ANY ('{32,23,34,31,15,14,28}'::text[])))","Rows Removed by Filter": 43620,"Workers": []},{"Node Type": "Index Only Scan","Parent Relationship": "Inner","Parallel Aware": false,"Async Capable": false,"Scan Direction": "Forward","Index Name": "idx_orders_custkey","Relation Name": "orders","Alias": "orders","Startup Cost": 0.43,"Total Cost": 3.28,"Plan Rows": 17,"Plan Width": 4,"Actual Startup Time": 0.003,"Actual Total Time": 0.003,"Actual Rows": 1,"Actual Loops": 19140,"Index Cond": "(o_custkey = customer.c_custkey)","Rows Removed by Index Recheck": 0,"Heap Fetches": 0,"Workers": []}]}]}]}]}]},"Planning Time": 3.944,"Triggers": [],"Execution Time": 136.451}]
[{"Plan": {"Node Type": "Aggregate","Strategy": "Sorted","Partial Mode": "Finalize","Parallel Aware": false,"Async Capable": false,"Startup Cost": 12972.06,"Total Cost": 13071.37,"Plan Rows": 744,"Plan Width": 72,"Actual Startup Time": 138.728,"Actual Total Time": 142.571,"Actual Rows": 7,"Actual Loops": 1,"Group Key": ["(SUBSTRING(customer.c_phone FROM 1 FOR 2))"],"Plans": [{"Node Type": "Aggregate","Strategy": "Plain","Partial Mode": "Finalize","Parent Relationship": "InitPlan","Subplan Name": "InitPlan 1 (returns $1)","Parallel Aware": false,"Async Capable": false,"Startup Cost": 6230.83,"Total Cost": 6230.84,"Plan Rows": 1,"Plan Width": 32,"Actual Startup Time": 62.620,"Actual Total Time": 62.837,"Actual Rows": 1,"Actual Loops": 1,"Plans": [{"Node Type": "Gather","Parent Relationship": "Outer","Parallel Aware": false,"Async Capable": false,"Startup Cost": 6230.61,"Total Cost": 6230.82,"Plan Rows": 2,"Plan Width": 32,"Actual Startup Time": 62.529,"Actual Total Time": 62.815,"Actual Rows": 3,"Actual Loops": 1,"Workers Planned": 2,"Workers Launched": 2,"Single Copy": false,"Plans": [{"Node Type": "Aggregate","Strategy": "Plain","Partial Mode": "Partial","Parent Relationship": "Outer","Parallel Aware": false,"Async Capable": false,"Startup Cost": 5230.61,"Total Cost": 5230.62,"Plan Rows": 1,"Plan Width": 32,"Actual Startup Time": 55.980,"Actual Total Time": 55.980,"Actual Rows": 1,"Actual Loops": 3,"Workers": [],"Plans": [{"Node Type": "Seq Scan","Parent Relationship": "Outer","Parallel Aware": true,"Async Capable": false,"Relation Name": "customer","Alias": "customer_1","Startup Cost": 0.00,"Total Cost": 5225.62,"Plan Rows": 1994,"Plan Width": 6,"Actual Startup Time": 0.048,"Actual Total Time": 54.928,"Actual Rows": 12749,"Actual Loops": 3,"Filter": "((c_acctbal > 0.00) AND (SUBSTRING(c_phone FROM 1 FOR 2) = ANY ('{29,15,10,19,11,21,18}'::text[])))","Rows Removed by Filter": 37251,"Workers": []}]}]}]},{"Node Type": "Gather Merge","Parent Relationship": "Outer","Parallel Aware": false,"Async Capable": false,"Startup Cost": 6741.22,"Total Cost": 6821.30,"Plan Rows": 620,"Plan Width": 72,"Actual Startup Time": 138.602,"Actual Total Time": 142.304,"Actual Rows": 21,"Actual Loops": 1,"Workers Planned": 2,"Params Evaluated": ["$1"],"Workers Launched": 2,"Plans": [{"Node Type": "Aggregate","Strategy": "Sorted","Partial Mode": "Partial","Parent Relationship": "Outer","Parallel Aware": false,"Async Capable": false,"Startup Cost": 5741.19,"Total Cost": 5749.72,"Plan Rows": 310,"Plan Width": 72,"Actual Startup Time": 69.338,"Actual Total Time": 69.639,"Actual Rows": 7,"Actual Loops": 3,"Group Key": ["(SUBSTRING(customer.c_phone FROM 1 FOR 2))"],"Workers": [],"Plans": [{"Node Type": "Sort","Parent Relationship": "Outer","Parallel Aware": false,"Async Capable": false,"Startup Cost": 5741.19,"Total Cost": 5741.97,"Plan Rows": 310,"Plan Width": 38,"Actual Startup Time": 69.269,"Actual Total Time": 69.348,"Actual Rows": 2164,"Actual Loops": 3,"Sort Key": ["(SUBSTRING(customer.c_phone FROM 1 FOR 2))"],"Sort Method": "quicksort","Sort Space Used": 235,"Sort Space Type": "Memory","Workers": [{"Worker Number": 0,"Sort Method": "quicksort","Sort Space Used": 154,"Sort Space Type": "Memory"},{"Worker Number": 1,"Sort Method": "quicksort","Sort Space Used": 160,"Sort Space Type": "Memory"}],"Plans": [{"Node Type": "Nested Loop","Parent Relationship": "Outer","Parallel Aware": false,"Async Capable": false,"Join Type": "Anti","Startup Cost": 0.43,"Total Cost": 5728.36,"Plan Rows": 310,"Plan Width": 38,"Actual Startup Time": 0.222,"Actual Total Time": 68.477,"Actual Rows": 2164,"Actual Loops": 3,"Inner Unique": false,"Workers": [],"Plans": [{"Node Type": "Seq Scan","Parent Relationship": "Outer","Parallel Aware": true,"Async Capable": false,"Relation Name": "customer","Alias": "customer","Startup Cost": 0.00,"Total Cost": 5225.62,"Plan Rows": 729,"Plan Width": 26,"Actual Startup Time": 0.031,"Actual Total Time": 45.170,"Actual Rows": 6367,"Actual Loops": 3,"Filter": "((c_acctbal > $1) AND (SUBSTRING(c_phone FROM 1 FOR 2) = ANY ('{29,15,10,19,11,21,18}'::text[])))","Rows Removed by Filter": 43633,"Workers": []},{"Node Type": "Index Only Scan","Parent Relationship": "Inner","Parallel Aware": false,"Async Capable": false,"Scan Direction": "Forward","Index Name": "idx_orders_custkey","Relation Name": "orders","Alias": "orders","Startup Cost": 0.43,"Total Cost": 3.28,"Plan Rows": 17,"Plan Width": 4,"Actual Startup Time": 0.003,"Actual Total Time": 0.003,"Actual Rows": 1,"Actual Loops": 19100,"Index Cond": "(o_custkey = customer.c_custkey)","Rows Removed by Index Recheck": 0,"Heap Fetches": 0,"Workers": []}]}]}]}]}]},"Planning Time": 4.576,"Triggers": [],"Execution Time": 142.870}]
[{"Plan": {"Node Type": "Aggregate","Strategy": "Sorted","Partial Mode": "Finalize","Parallel Aware": false,"Async Capable": false,"Startup Cost": 12972.06,"Total Cost": 13071.37,"Plan Rows": 744,"Plan Width": 72,"Actual Startup Time": 133.916,"Actual Total Time": 137.544,"Actual Rows": 7,"Actual Loops": 1,"Group Key": ["(SUBSTRING(customer.c_phone FROM 1 FOR 2))"],"Plans": [{"Node Type": "Aggregate","Strategy": "Plain","Partial Mode": "Finalize","Parent Relationship": "InitPlan","Subplan Name": "InitPlan 1 (returns $1)","Parallel Aware": false,"Async Capable": false,"Startup Cost": 6230.83,"Total Cost": 6230.84,"Plan Rows": 1,"Plan Width": 32,"Actual Startup Time": 58.807,"Actual Total Time": 59.034,"Actual Rows": 1,"Actual Loops": 1,"Plans": [{"Node Type": "Gather","Parent Relationship": "Outer","Parallel Aware": false,"Async Capable": false,"Startup Cost": 6230.61,"Total Cost": 6230.82,"Plan Rows": 2,"Plan Width": 32,"Actual Startup Time": 58.708,"Actual Total Time": 59.017,"Actual Rows": 3,"Actual Loops": 1,"Workers Planned": 2,"Workers Launched": 2,"Single Copy": false,"Plans": [{"Node Type": "Aggregate","Strategy": "Plain","Partial Mode": "Partial","Parent Relationship": "Outer","Parallel Aware": false,"Async Capable": false,"Startup Cost": 5230.61,"Total Cost": 5230.62,"Plan Rows": 1,"Plan Width": 32,"Actual Startup Time": 53.070,"Actual Total Time": 53.072,"Actual Rows": 1,"Actual Loops": 3,"Workers": [],"Plans": [{"Node Type": "Seq Scan","Parent Relationship": "Outer","Parallel Aware": true,"Async Capable": false,"Relation Name": "customer","Alias": "customer_1","Startup Cost": 0.00,"Total Cost": 5225.62,"Plan Rows": 1994,"Plan Width": 6,"Actual Startup Time": 0.051,"Actual Total Time": 51.982,"Actual Rows": 12776,"Actual Loops": 3,"Filter": "((c_acctbal > 0.00) AND (SUBSTRING(c_phone FROM 1 FOR 2) = ANY ('{32,27,23,25,31,28,29}'::text[])))","Rows Removed by Filter": 37224,"Workers": []}]}]}]},{"Node Type": "Gather Merge","Parent Relationship": "Outer","Parallel Aware": false,"Async Capable": false,"Startup Cost": 6741.22,"Total Cost": 6821.30,"Plan Rows": 620,"Plan Width": 72,"Actual Startup Time": 133.789,"Actual Total Time": 137.251,"Actual Rows": 21,"Actual Loops": 1,"Workers Planned": 2,"Params Evaluated": ["$1"],"Workers Launched": 2,"Plans": [{"Node Type": "Aggregate","Strategy": "Sorted","Partial Mode": "Partial","Parent Relationship": "Outer","Parallel Aware": false,"Async Capable": false,"Startup Cost": 5741.19,"Total Cost": 5749.72,"Plan Rows": 310,"Plan Width": 72,"Actual Startup Time": 68.245,"Actual Total Time": 68.536,"Actual Rows": 7,"Actual Loops": 3,"Group Key": ["(SUBSTRING(customer.c_phone FROM 1 FOR 2))"],"Workers": [],"Plans": [{"Node Type": "Sort","Parent Relationship": "Outer","Parallel Aware": false,"Async Capable": false,"Startup Cost": 5741.19,"Total Cost": 5741.97,"Plan Rows": 310,"Plan Width": 38,"Actual Startup Time": 68.175,"Actual Total Time": 68.252,"Actual Rows": 2124,"Actual Loops": 3,"Sort Key": ["(SUBSTRING(customer.c_phone FROM 1 FOR 2))"],"Sort Method": "quicksort","Sort Space Used": 238,"Sort Space Type": "Memory","Workers": [{"Worker Number": 0,"Sort Method": "quicksort","Sort Space Used": 155,"Sort Space Type": "Memory"},{"Worker Number": 1,"Sort Method": "quicksort","Sort Space Used": 149,"Sort Space Type": "Memory"}],"Plans": [{"Node Type": "Nested Loop","Parent Relationship": "Outer","Parallel Aware": false,"Async Capable": false,"Join Type": "Anti","Startup Cost": 0.43,"Total Cost": 5728.36,"Plan Rows": 310,"Plan Width": 38,"Actual Startup Time": 0.213,"Actual Total Time": 67.390,"Actual Rows": 2124,"Actual Loops": 3,"Inner Unique": false,"Workers": [],"Plans": [{"Node Type": "Seq Scan","Parent Relationship": "Outer","Parallel Aware": true,"Async Capable": false,"Relation Name": "customer","Alias": "customer","Startup Cost": 0.00,"Total Cost": 5225.62,"Plan Rows": 729,"Plan Width": 26,"Actual Startup Time": 0.032,"Actual Total Time": 44.612,"Actual Rows": 6381,"Actual Loops": 3,"Filter": "((c_acctbal > $1) AND (SUBSTRING(c_phone FROM 1 FOR 2) = ANY ('{32,27,23,25,31,28,29}'::text[])))","Rows Removed by Filter": 43619,"Workers": []},{"Node Type": "Index Only Scan","Parent Relationship": "Inner","Parallel Aware": false,"Async Capable": false,"Scan Direction": "Forward","Index Name": "idx_orders_custkey","Relation Name": "orders","Alias": "orders","Startup Cost": 0.43,"Total Cost": 3.28,"Plan Rows": 17,"Plan Width": 4,"Actual Startup Time": 0.003,"Actual Total Time": 0.003,"Actual Rows": 1,"Actual Loops": 19143,"Index Cond": "(o_custkey = customer.c_custkey)","Rows Removed by Index Recheck": 0,"Heap Fetches": 0,"Workers": []}]}]}]}]}]},"Planning Time": 4.011,"Triggers": [],"Execution Time": 137.876}]
[{"Plan": {"Node Type": "Aggregate","Strategy": "Sorted","Partial Mode": "Finalize","Parallel Aware": false,"Async Capable": false,"Startup Cost": 12972.06,"Total Cost": 13071.37,"Plan Rows": 744,"Plan Width": 72,"Actual Startup Time": 135.725,"Actual Total Time": 139.331,"Actual Rows": 7,"Actual Loops": 1,"Group Key": ["(SUBSTRING(customer.c_phone FROM 1 FOR 2))"],"Plans": [{"Node Type": "Aggregate","Strategy": "Plain","Partial Mode": "Finalize","Parent Relationship": "InitPlan","Subplan Name": "InitPlan 1 (returns $1)","Parallel Aware": false,"Async Capable": false,"Startup Cost": 6230.83,"Total Cost": 6230.84,"Plan Rows": 1,"Plan Width": 32,"Actual Startup Time": 59.939,"Actual Total Time": 60.147,"Actual Rows": 1,"Actual Loops": 1,"Plans": [{"Node Type": "Gather","Parent Relationship": "Outer","Parallel Aware": false,"Async Capable": false,"Startup Cost": 6230.61,"Total Cost": 6230.82,"Plan Rows": 2,"Plan Width": 32,"Actual Startup Time": 59.855,"Actual Total Time": 60.132,"Actual Rows": 3,"Actual Loops": 1,"Workers Planned": 2,"Workers Launched": 2,"Single Copy": false,"Plans": [{"Node Type": "Aggregate","Strategy": "Plain","Partial Mode": "Partial","Parent Relationship": "Outer","Parallel Aware": false,"Async Capable": false,"Startup Cost": 5230.61,"Total Cost": 5230.62,"Plan Rows": 1,"Plan Width": 32,"Actual Startup Time": 54.106,"Actual Total Time": 54.106,"Actual Rows": 1,"Actual Loops": 3,"Workers": [],"Plans": [{"Node Type": "Seq Scan","Parent Relationship": "Outer","Parallel Aware": true,"Async Capable": false,"Relation Name": "customer","Alias": "customer_1","Startup Cost": 0.00,"Total Cost": 5225.62,"Plan Rows": 1994,"Plan Width": 6,"Actual Startup Time": 0.045,"Actual Total Time": 53.038,"Actual Rows": 12655,"Actual Loops": 3,"Filter": "((c_acctbal > 0.00) AND (SUBSTRING(c_phone FROM 1 FOR 2) = ANY ('{10,13,30,14,24,31,26}'::text[])))","Rows Removed by Filter": 37345,"Workers": []}]}]}]},{"Node Type": "Gather Merge","Parent Relationship": "Outer","Parallel Aware": false,"Async Capable": false,"Startup Cost": 6741.22,"Total Cost": 6821.30,"Plan Rows": 620,"Plan Width": 72,"Actual Startup Time": 135.630,"Actual Total Time": 139.087,"Actual Rows": 21,"Actual Loops": 1,"Workers Planned": 2,"Params Evaluated": ["$1"],"Workers Launched": 2,"Plans": [{"Node Type": "Aggregate","Strategy": "Sorted","Partial Mode": "Partial","Parent Relationship": "Outer","Parallel Aware": false,"Async Capable": false,"Startup Cost": 5741.19,"Total Cost": 5749.72,"Plan Rows": 310,"Plan Width": 72,"Actual Startup Time": 69.044,"Actual Total Time": 69.353,"Actual Rows": 7,"Actual Loops": 3,"Group Key": ["(SUBSTRING(customer.c_phone FROM 1 FOR 2))"],"Workers": [],"Plans": [{"Node Type": "Sort","Parent Relationship": "Outer","Parallel Aware": false,"Async Capable": false,"Startup Cost": 5741.19,"Total Cost": 5741.97,"Plan Rows": 310,"Plan Width": 38,"Actual Startup Time": 68.973,"Actual Total Time": 69.055,"Actual Rows": 2109,"Actual Loops": 3,"Sort Key": ["(SUBSTRING(customer.c_phone FROM 1 FOR 2))"],"Sort Method": "quicksort","Sort Space Used": 231,"Sort Space Type": "Memory","Workers": [{"Worker Number": 0,"Sort Method": "quicksort","Sort Space Used": 156,"Sort Space Type": "Memory"},{"Worker Number": 1,"Sort Method": "quicksort","Sort Space Used": 152,"Sort Space Type": "Memory"}],"Plans": [{"Node Type": "Nested Loop","Parent Relationship": "Outer","Parallel Aware": false,"Async Capable": false,"Join Type": "Anti","Startup Cost": 0.43,"Total Cost": 5728.36,"Plan Rows": 310,"Plan Width": 38,"Actual Startup Time": 0.134,"Actual Total Time": 68.206,"Actual Rows": 2109,"Actual Loops": 3,"Inner Unique": false,"Workers": [],"Plans": [{"Node Type": "Seq Scan","Parent Relationship": "Outer","Parallel Aware": true,"Async Capable": false,"Relation Name": "customer","Alias": "customer","Startup Cost": 0.00,"Total Cost": 5225.62,"Plan Rows": 729,"Plan Width": 26,"Actual Startup Time": 0.032,"Actual Total Time": 45.029,"Actual Rows": 6310,"Actual Loops": 3,"Filter": "((c_acctbal > $1) AND (SUBSTRING(c_phone FROM 1 FOR 2) = ANY ('{10,13,30,14,24,31,26}'::text[])))","Rows Removed by Filter": 43690,"Workers": []},{"Node Type": "Index Only Scan","Parent Relationship": "Inner","Parallel Aware": false,"Async Capable": false,"Scan Direction": "Forward","Index Name": "idx_orders_custkey","Relation Name": "orders","Alias": "orders","Startup Cost": 0.43,"Total Cost": 3.28,"Plan Rows": 17,"Plan Width": 4,"Actual Startup Time": 0.003,"Actual Total Time": 0.003,"Actual Rows": 1,"Actual Loops": 18929,"Index Cond": "(o_custkey = customer.c_custkey)","Rows Removed by Index Recheck": 0,"Heap Fetches": 0,"Workers": []}]}]}]}]}]},"Planning Time": 3.667,"Triggers": [],"Execution Time": 139.673}]
[{"Plan": {"Node Type": "Aggregate","Strategy": "Sorted","Partial Mode": "Finalize","Parallel Aware": false,"Async Capable": false,"Startup Cost": 12972.06,"Total Cost": 13071.37,"Plan Rows": 744,"Plan Width": 72,"Actual Startup Time": 137.057,"Actual Total Time": 140.849,"Actual Rows": 7,"Actual Loops": 1,"Group Key": ["(SUBSTRING(customer.c_phone FROM 1 FOR 2))"],"Plans": [{"Node Type": "Aggregate","Strategy": "Plain","Partial Mode": "Finalize","Parent Relationship": "InitPlan","Subplan Name": "InitPlan 1 (returns $1)","Parallel Aware": false,"Async Capable": false,"Startup Cost": 6230.83,"Total Cost": 6230.84,"Plan Rows": 1,"Plan Width": 32,"Actual Startup Time": 62.345,"Actual Total Time": 62.558,"Actual Rows": 1,"Actual Loops": 1,"Plans": [{"Node Type": "Gather","Parent Relationship": "Outer","Parallel Aware": false,"Async Capable": false,"Startup Cost": 6230.61,"Total Cost": 6230.82,"Plan Rows": 2,"Plan Width": 32,"Actual Startup Time": 62.247,"Actual Total Time": 62.531,"Actual Rows": 3,"Actual Loops": 1,"Workers Planned": 2,"Workers Launched": 2,"Single Copy": false,"Plans": [{"Node Type": "Aggregate","Strategy": "Plain","Partial Mode": "Partial","Parent Relationship": "Outer","Parallel Aware": false,"Async Capable": false,"Startup Cost": 5230.61,"Total Cost": 5230.62,"Plan Rows": 1,"Plan Width": 32,"Actual Startup Time": 55.830,"Actual Total Time": 55.832,"Actual Rows": 1,"Actual Loops": 3,"Workers": [],"Plans": [{"Node Type": "Seq Scan","Parent Relationship": "Outer","Parallel Aware": true,"Async Capable": false,"Relation Name": "customer","Alias": "customer_1","Startup Cost": 0.00,"Total Cost": 5225.62,"Plan Rows": 1994,"Plan Width": 6,"Actual Startup Time": 0.059,"Actual Total Time": 54.741,"Actual Rows": 12721,"Actual Loops": 3,"Filter": "((c_acctbal > 0.00) AND (SUBSTRING(c_phone FROM 1 FOR 2) = ANY ('{23,11,16,18,20,13,10}'::text[])))","Rows Removed by Filter": 37279,"Workers": []}]}]}]},{"Node Type": "Gather Merge","Parent Relationship": "Outer","Parallel Aware": false,"Async Capable": false,"Startup Cost": 6741.22,"Total Cost": 6821.30,"Plan Rows": 620,"Plan Width": 72,"Actual Startup Time": 136.925,"Actual Total Time": 140.560,"Actual Rows": 21,"Actual Loops": 1,"Workers Planned": 2,"Params Evaluated": ["$1"],"Workers Launched": 2,"Plans": [{"Node Type": "Aggregate","Strategy": "Sorted","Partial Mode": "Partial","Parent Relationship": "Outer","Parallel Aware": false,"Async Capable": false,"Startup Cost": 5741.19,"Total Cost": 5749.72,"Plan Rows": 310,"Plan Width": 72,"Actual Startup Time": 67.929,"Actual Total Time": 68.225,"Actual Rows": 7,"Actual Loops": 3,"Group Key": ["(SUBSTRING(customer.c_phone FROM 1 FOR 2))"],"Workers": [],"Plans": [{"Node Type": "Sort","Parent Relationship": "Outer","Parallel Aware": false,"Async Capable": false,"Startup Cost": 5741.19,"Total Cost": 5741.97,"Plan Rows": 310,"Plan Width": 38,"Actual Startup Time": 67.859,"Actual Total Time": 67.939,"Actual Rows": 2114,"Actual Loops": 3,"Sort Key": ["(SUBSTRING(customer.c_phone FROM 1 FOR 2))"],"Sort Method": "quicksort","Sort Space Used": 239,"Sort Space Type": "Memory","Workers": [{"Worker Number": 0,"Sort Method": "quicksort","Sort Space Used": 147,"Sort Space Type": "Memory"},{"Worker Number": 1,"Sort Method": "quicksort","Sort Space Used": 154,"Sort Space Type": "Memory"}],"Plans": [{"Node Type": "Nested Loop","Parent Relationship": "Outer","Parallel Aware": false,"Async Capable": false,"Join Type": "Anti","Startup Cost": 0.43,"Total Cost": 5728.36,"Plan Rows": 310,"Plan Width": 38,"Actual Startup Time": 0.107,"Actual Total Time": 67.040,"Actual Rows": 2114,"Actual Loops": 3,"Inner Unique": false,"Workers": [],"Plans": [{"Node Type": "Seq Scan","Parent Relationship": "Outer","Parallel Aware": true,"Async Capable": false,"Relation Name": "customer","Alias": "customer","Startup Cost": 0.00,"Total Cost": 5225.62,"Plan Rows": 729,"Plan Width": 26,"Actual Startup Time": 0.037,"Actual Total Time": 44.322,"Actual Rows": 6329,"Actual Loops": 3,"Filter": "((c_acctbal > $1) AND (SUBSTRING(c_phone FROM 1 FOR 2) = ANY ('{23,11,16,18,20,13,10}'::text[])))","Rows Removed by Filter": 43671,"Workers": []},{"Node Type": "Index Only Scan","Parent Relationship": "Inner","Parallel Aware": false,"Async Capable": false,"Scan Direction": "Forward","Index Name": "idx_orders_custkey","Relation Name": "orders","Alias": "orders","Startup Cost": 0.43,"Total Cost": 3.28,"Plan Rows": 17,"Plan Width": 4,"Actual Startup Time": 0.003,"Actual Total Time": 0.003,"Actual Rows": 1,"Actual Loops": 18987,"Index Cond": "(o_custkey = customer.c_custkey)","Rows Removed by Index Recheck": 0,"Heap Fetches": 0,"Workers": []}]}]}]}]}]},"Planning Time": 3.922,"Triggers": [],"Execution Time": 141.236}]
[{"Plan": {"Node Type": "Aggregate","Strategy": "Sorted","Partial Mode": "Finalize","Parallel Aware": false,"Async Capable": false,"Startup Cost": 12972.06,"Total Cost": 13071.37,"Plan Rows": 744,"Plan Width": 72,"Actual Startup Time": 131.727,"Actual Total Time": 136.776,"Actual Rows": 7,"Actual Loops": 1,"Group Key": ["(SUBSTRING(customer.c_phone FROM 1 FOR 2))"],"Plans": [{"Node Type": "Aggregate","Strategy": "Plain","Partial Mode": "Finalize","Parent Relationship": "InitPlan","Subplan Name": "InitPlan 1 (returns $1)","Parallel Aware": false,"Async Capable": false,"Startup Cost": 6230.83,"Total Cost": 6230.84,"Plan Rows": 1,"Plan Width": 32,"Actual Startup Time": 60.191,"Actual Total Time": 60.451,"Actual Rows": 1,"Actual Loops": 1,"Plans": [{"Node Type": "Gather","Parent Relationship": "Outer","Parallel Aware": false,"Async Capable": false,"Startup Cost": 6230.61,"Total Cost": 6230.82,"Plan Rows": 2,"Plan Width": 32,"Actual Startup Time": 60.072,"Actual Total Time": 60.435,"Actual Rows": 3,"Actual Loops": 1,"Workers Planned": 2,"Workers Launched": 2,"Single Copy": false,"Plans": [{"Node Type": "Aggregate","Strategy": "Plain","Partial Mode": "Partial","Parent Relationship": "Outer","Parallel Aware": false,"Async Capable": false,"Startup Cost": 5230.61,"Total Cost": 5230.62,"Plan Rows": 1,"Plan Width": 32,"Actual Startup Time": 54.235,"Actual Total Time": 54.238,"Actual Rows": 1,"Actual Loops": 3,"Workers": [],"Plans": [{"Node Type": "Seq Scan","Parent Relationship": "Outer","Parallel Aware": true,"Async Capable": false,"Relation Name": "customer","Alias": "customer_1","Startup Cost": 0.00,"Total Cost": 5225.62,"Plan Rows": 1994,"Plan Width": 6,"Actual Startup Time": 0.066,"Actual Total Time": 53.191,"Actual Rows": 12705,"Actual Loops": 3,"Filter": "((c_acctbal > 0.00) AND (SUBSTRING(c_phone FROM 1 FOR 2) = ANY ('{30,25,21,12,24,18,29}'::text[])))","Rows Removed by Filter": 37295,"Workers": []}]}]}]},{"Node Type": "Gather Merge","Parent Relationship": "Outer","Parallel Aware": false,"Async Capable": false,"Startup Cost": 6741.22,"Total Cost": 6821.30,"Plan Rows": 620,"Plan Width": 72,"Actual Startup Time": 131.637,"Actual Total Time": 136.472,"Actual Rows": 21,"Actual Loops": 1,"Workers Planned": 2,"Params Evaluated": ["$1"],"Workers Launched": 2,"Plans": [{"Node Type": "Aggregate","Strategy": "Sorted","Partial Mode": "Partial","Parent Relationship": "Outer","Parallel Aware": false,"Async Capable": false,"Startup Cost": 5741.19,"Total Cost": 5749.72,"Plan Rows": 310,"Plan Width": 72,"Actual Startup Time": 64.275,"Actual Total Time": 64.585,"Actual Rows": 7,"Actual Loops": 3,"Group Key": ["(SUBSTRING(customer.c_phone FROM 1 FOR 2))"],"Workers": [],"Plans": [{"Node Type": "Sort","Parent Relationship": "Outer","Parallel Aware": false,"Async Capable": false,"Startup Cost": 5741.19,"Total Cost": 5741.97,"Plan Rows": 310,"Plan Width": 38,"Actual Startup Time": 64.202,"Actual Total Time": 64.285,"Actual Rows": 2142,"Actual Loops": 3,"Sort Key": ["(SUBSTRING(customer.c_phone FROM 1 FOR 2))"],"Sort Method": "quicksort","Sort Space Used": 229,"Sort Space Type": "Memory","Workers": [{"Worker Number": 0,"Sort Method": "quicksort","Sort Space Used": 159,"Sort Space Type": "Memory"},{"Worker Number": 1,"Sort Method": "quicksort","Sort Space Used": 156,"Sort Space Type": "Memory"}],"Plans": [{"Node Type": "Nested Loop","Parent Relationship": "Outer","Parallel Aware": false,"Async Capable": false,"Join Type": "Anti","Startup Cost": 0.43,"Total Cost": 5728.36,"Plan Rows": 310,"Plan Width": 38,"Actual Startup Time": 0.188,"Actual Total Time": 63.360,"Actual Rows": 2142,"Actual Loops": 3,"Inner Unique": false,"Workers": [],"Plans": [{"Node Type": "Seq Scan","Parent Relationship": "Outer","Parallel Aware": true,"Async Capable": false,"Relation Name": "customer","Alias": "customer","Startup Cost": 0.00,"Total Cost": 5225.62,"Plan Rows": 729,"Plan Width": 26,"Actual Startup Time": 0.034,"Actual Total Time": 41.590,"Actual Rows": 6353,"Actual Loops": 3,"Filter": "((c_acctbal > $1) AND (SUBSTRING(c_phone FROM 1 FOR 2) = ANY ('{30,25,21,12,24,18,29}'::text[])))","Rows Removed by Filter": 43647,"Workers": []},{"Node Type": "Index Only Scan","Parent Relationship": "Inner","Parallel Aware": false,"Async Capable": false,"Scan Direction": "Forward","Index Name": "idx_orders_custkey","Relation Name": "orders","Alias": "orders","Startup Cost": 0.43,"Total Cost": 3.28,"Plan Rows": 17,"Plan Width": 4,"Actual Startup Time": 0.003,"Actual Total Time": 0.003,"Actual Rows": 1,"Actual Loops": 19059,"Index Cond": "(o_custkey = customer.c_custkey)","Rows Removed by Index Recheck": 0,"Heap Fetches": 0,"Workers": []}]}]}]}]}]},"Planning Time": 3.611,"Triggers": [],"Execution Time": 137.078}]
[{"Plan": {"Node Type": "Aggregate","Strategy": "Sorted","Partial Mode": "Finalize","Parallel Aware": false,"Async Capable": false,"Startup Cost": 12972.06,"Total Cost": 13071.37,"Plan Rows": 744,"Plan Width": 72,"Actual Startup Time": 142.395,"Actual Total Time": 145.929,"Actual Rows": 7,"Actual Loops": 1,"Group Key": ["(SUBSTRING(customer.c_phone FROM 1 FOR 2))"],"Plans": [{"Node Type": "Aggregate","Strategy": "Plain","Partial Mode": "Finalize","Parent Relationship": "InitPlan","Subplan Name": "InitPlan 1 (returns $1)","Parallel Aware": false,"Async Capable": false,"Startup Cost": 6230.83,"Total Cost": 6230.84,"Plan Rows": 1,"Plan Width": 32,"Actual Startup Time": 65.238,"Actual Total Time": 65.483,"Actual Rows": 1,"Actual Loops": 1,"Plans": [{"Node Type": "Gather","Parent Relationship": "Outer","Parallel Aware": false,"Async Capable": false,"Startup Cost": 6230.61,"Total Cost": 6230.82,"Plan Rows": 2,"Plan Width": 32,"Actual Startup Time": 65.114,"Actual Total Time": 65.470,"Actual Rows": 3,"Actual Loops": 1,"Workers Planned": 2,"Workers Launched": 2,"Single Copy": false,"Plans": [{"Node Type": "Aggregate","Strategy": "Plain","Partial Mode": "Partial","Parent Relationship": "Outer","Parallel Aware": false,"Async Capable": false,"Startup Cost": 5230.61,"Total Cost": 5230.62,"Plan Rows": 1,"Plan Width": 32,"Actual Startup Time": 59.136,"Actual Total Time": 59.137,"Actual Rows": 1,"Actual Loops": 3,"Workers": [],"Plans": [{"Node Type": "Seq Scan","Parent Relationship": "Outer","Parallel Aware": true,"Async Capable": false,"Relation Name": "customer","Alias": "customer_1","Startup Cost": 0.00,"Total Cost": 5225.62,"Plan Rows": 1994,"Plan Width": 6,"Actual Startup Time": 0.049,"Actual Total Time": 58.060,"Actual Rows": 12701,"Actual Loops": 3,"Filter": "((c_acctbal > 0.00) AND (SUBSTRING(c_phone FROM 1 FOR 2) = ANY ('{15,30,11,19,16,10,31}'::text[])))","Rows Removed by Filter": 37299,"Workers": []}]}]}]},{"Node Type": "Gather Merge","Parent Relationship": "Outer","Parallel Aware": false,"Async Capable": false,"Startup Cost": 6741.22,"Total Cost": 6821.30,"Plan Rows": 620,"Plan Width": 72,"Actual Startup Time": 142.128,"Actual Total Time": 145.607,"Actual Rows": 21,"Actual Loops": 1,"Workers Planned": 2,"Params Evaluated": ["$1"],"Workers Launched": 2,"Plans": [{"Node Type": "Aggregate","Strategy": "Sorted","Partial Mode": "Partial","Parent Relationship": "Outer","Parallel Aware": false,"Async Capable": false,"Startup Cost": 5741.19,"Total Cost": 5749.72,"Plan Rows": 310,"Plan Width": 72,"Actual Startup Time": 70.171,"Actual Total Time": 70.548,"Actual Rows": 7,"Actual Loops": 3,"Group Key": ["(SUBSTRING(customer.c_phone FROM 1 FOR 2))"],"Workers": [],"Plans": [{"Node Type": "Sort","Parent Relationship": "Outer","Parallel Aware": false,"Async Capable": false,"Startup Cost": 5741.19,"Total Cost": 5741.97,"Plan Rows": 310,"Plan Width": 38,"Actual Startup Time": 70.100,"Actual Total Time": 70.206,"Actual Rows": 2118,"Actual Loops": 3,"Sort Key": ["(SUBSTRING(customer.c_phone FROM 1 FOR 2))"],"Sort Method": "quicksort","Sort Space Used": 224,"Sort Space Type": "Memory","Workers": [{"Worker Number": 0,"Sort Method": "quicksort","Sort Space Used": 159,"Sort Space Type": "Memory"},{"Worker Number": 1,"Sort Method": "quicksort","Sort Space Used": 157,"Sort Space Type": "Memory"}],"Plans": [{"Node Type": "Nested Loop","Parent Relationship": "Outer","Parallel Aware": false,"Async Capable": false,"Join Type": "Anti","Startup Cost": 0.43,"Total Cost": 5728.36,"Plan Rows": 310,"Plan Width": 38,"Actual Startup Time": 0.196,"Actual Total Time": 69.261,"Actual Rows": 2118,"Actual Loops": 3,"Inner Unique": false,"Workers": [],"Plans": [{"Node Type": "Seq Scan","Parent Relationship": "Outer","Parallel Aware": true,"Async Capable": false,"Relation Name": "customer","Alias": "customer","Startup Cost": 0.00,"Total Cost": 5225.62,"Plan Rows": 729,"Plan Width": 26,"Actual Startup Time": 0.046,"Actual Total Time": 45.472,"Actual Rows": 6316,"Actual Loops": 3,"Filter": "((c_acctbal > $1) AND (SUBSTRING(c_phone FROM 1 FOR 2) = ANY ('{15,30,11,19,16,10,31}'::text[])))","Rows Removed by Filter": 43684,"Workers": []},{"Node Type": "Index Only Scan","Parent Relationship": "Inner","Parallel Aware": false,"Async Capable": false,"Scan Direction": "Forward","Index Name": "idx_orders_custkey","Relation Name": "orders","Alias": "orders","Startup Cost": 0.43,"Total Cost": 3.28,"Plan Rows": 17,"Plan Width": 4,"Actual Startup Time": 0.003,"Actual Total Time": 0.003,"Actual Rows": 1,"Actual Loops": 18949,"Index Cond": "(o_custkey = customer.c_custkey)","Rows Removed by Index Recheck": 0,"Heap Fetches": 0,"Workers": []}]}]}]}]}]},"Planning Time": 4.406,"Triggers": [],"Execution Time": 146.384}]
[{"Plan": {"Node Type": "Aggregate","Strategy": "Sorted","Partial Mode": "Finalize","Parallel Aware": false,"Async Capable": false,"Startup Cost": 12972.06,"Total Cost": 13071.37,"Plan Rows": 744,"Plan Width": 72,"Actual Startup Time": 142.262,"Actual Total Time": 145.547,"Actual Rows": 7,"Actual Loops": 1,"Group Key": ["(SUBSTRING(customer.c_phone FROM 1 FOR 2))"],"Plans": [{"Node Type": "Aggregate","Strategy": "Plain","Partial Mode": "Finalize","Parent Relationship": "InitPlan","Subplan Name": "InitPlan 1 (returns $1)","Parallel Aware": false,"Async Capable": false,"Startup Cost": 6230.83,"Total Cost": 6230.84,"Plan Rows": 1,"Plan Width": 32,"Actual Startup Time": 61.893,"Actual Total Time": 62.056,"Actual Rows": 1,"Actual Loops": 1,"Plans": [{"Node Type": "Gather","Parent Relationship": "Outer","Parallel Aware": false,"Async Capable": false,"Startup Cost": 6230.61,"Total Cost": 6230.82,"Plan Rows": 2,"Plan Width": 32,"Actual Startup Time": 61.774,"Actual Total Time": 62.044,"Actual Rows": 3,"Actual Loops": 1,"Workers Planned": 2,"Workers Launched": 2,"Single Copy": false,"Plans": [{"Node Type": "Aggregate","Strategy": "Plain","Partial Mode": "Partial","Parent Relationship": "Outer","Parallel Aware": false,"Async Capable": false,"Startup Cost": 5230.61,"Total Cost": 5230.62,"Plan Rows": 1,"Plan Width": 32,"Actual Startup Time": 56.031,"Actual Total Time": 56.032,"Actual Rows": 1,"Actual Loops": 3,"Workers": [],"Plans": [{"Node Type": "Seq Scan","Parent Relationship": "Outer","Parallel Aware": true,"Async Capable": false,"Relation Name": "customer","Alias": "customer_1","Startup Cost": 0.00,"Total Cost": 5225.62,"Plan Rows": 1994,"Plan Width": 6,"Actual Startup Time": 0.053,"Actual Total Time": 54.985,"Actual Rows": 12719,"Actual Loops": 3,"Filter": "((c_acctbal > 0.00) AND (SUBSTRING(c_phone FROM 1 FOR 2) = ANY ('{32,26,17,28,29,31,10}'::text[])))","Rows Removed by Filter": 37281,"Workers": []}]}]}]},{"Node Type": "Gather Merge","Parent Relationship": "Outer","Parallel Aware": false,"Async Capable": false,"Startup Cost": 6741.22,"Total Cost": 6821.30,"Plan Rows": 620,"Plan Width": 72,"Actual Startup Time": 142.128,"Actual Total Time": 145.326,"Actual Rows": 21,"Actual Loops": 1,"Workers Planned": 2,"Params Evaluated": ["$1"],"Workers Launched": 2,"Plans": [{"Node Type": "Aggregate","Strategy": "Sorted","Partial Mode": "Partial","Parent Relationship": "Outer","Parallel Aware": false,"Async Capable": false,"Startup Cost": 5741.19,"Total Cost": 5749.72,"Plan Rows": 310,"Plan Width": 72,"Actual Startup Time": 73.514,"Actual Total Time": 73.814,"Actual Rows": 7,"Actual Loops": 3,"Group Key": ["(SUBSTRING(customer.c_phone FROM 1 FOR 2))"],"Workers": [],"Plans": [{"Node Type": "Sort","Parent Relationship": "Outer","Parallel Aware": false,"Async Capable": false,"Startup Cost": 5741.19,"Total Cost": 5741.97,"Plan Rows": 310,"Plan Width": 38,"Actual Startup Time": 73.444,"Actual Total Time": 73.530,"Actual Rows": 2103,"Actual Loops": 3,"Sort Key": ["(SUBSTRING(customer.c_phone FROM 1 FOR 2))"],"Sort Method": "quicksort","Sort Space Used": 229,"Sort Space Type": "Memory","Workers": [{"Worker Number": 0,"Sort Method": "quicksort","Sort Space Used": 160,"Sort Space Type": "Memory"},{"Worker Number": 1,"Sort Method": "quicksort","Sort Space Used": 149,"Sort Space Type": "Memory"}],"Plans": [{"Node Type": "Nested Loop","Parent Relationship": "Outer","Parallel Aware": false,"Async Capable": false,"Join Type": "Anti","Startup Cost": 0.43,"Total Cost": 5728.36,"Plan Rows": 310,"Plan Width": 38,"Actual Startup Time": 0.221,"Actual Total Time": 72.628,"Actual Rows": 2103,"Actual Loops": 3,"Inner Unique": false,"Workers": [],"Plans": [{"Node Type": "Seq Scan","Parent Relationship": "Outer","Parallel Aware": true,"Async Capable": false,"Relation Name": "customer","Alias": "customer","Startup Cost": 0.00,"Total Cost": 5225.62,"Plan Rows": 729,"Plan Width": 26,"Actual Startup Time": 0.042,"Actual Total Time": 48.070,"Actual Rows": 6366,"Actual Loops": 3,"Filter": "((c_acctbal > $1) AND (SUBSTRING(c_phone FROM 1 FOR 2) = ANY ('{32,26,17,28,29,31,10}'::text[])))","Rows Removed by Filter": 43634,"Workers": []},{"Node Type": "Index Only Scan","Parent Relationship": "Inner","Parallel Aware": false,"Async Capable": false,"Scan Direction": "Forward","Index Name": "idx_orders_custkey","Relation Name": "orders","Alias": "orders","Startup Cost": 0.43,"Total Cost": 3.28,"Plan Rows": 17,"Plan Width": 4,"Actual Startup Time": 0.004,"Actual Total Time": 0.004,"Actual Rows": 1,"Actual Loops": 19099,"Index Cond": "(o_custkey = customer.c_custkey)","Rows Removed by Index Recheck": 0,"Heap Fetches": 0,"Workers": []}]}]}]}]}]},"Planning Time": 3.993,"Triggers": [],"Execution Time": 145.867}]
[{"Plan": {"Node Type": "Aggregate","Strategy": "Sorted","Partial Mode": "Finalize","Parallel Aware": false,"Async Capable": false,"Startup Cost": 12972.06,"Total Cost": 13071.37,"Plan Rows": 744,"Plan Width": 72,"Actual Startup Time": 137.808,"Actual Total Time": 141.322,"Actual Rows": 7,"Actual Loops": 1,"Group Key": ["(SUBSTRING(customer.c_phone FROM 1 FOR 2))"],"Plans": [{"Node Type": "Aggregate","Strategy": "Plain","Partial Mode": "Finalize","Parent Relationship": "InitPlan","Subplan Name": "InitPlan 1 (returns $1)","Parallel Aware": false,"Async Capable": false,"Startup Cost": 6230.83,"Total Cost": 6230.84,"Plan Rows": 1,"Plan Width": 32,"Actual Startup Time": 62.191,"Actual Total Time": 62.405,"Actual Rows": 1,"Actual Loops": 1,"Plans": [{"Node Type": "Gather","Parent Relationship": "Outer","Parallel Aware": false,"Async Capable": false,"Startup Cost": 6230.61,"Total Cost": 6230.82,"Plan Rows": 2,"Plan Width": 32,"Actual Startup Time": 62.071,"Actual Total Time": 62.382,"Actual Rows": 3,"Actual Loops": 1,"Workers Planned": 2,"Workers Launched": 2,"Single Copy": false,"Plans": [{"Node Type": "Aggregate","Strategy": "Plain","Partial Mode": "Partial","Parent Relationship": "Outer","Parallel Aware": false,"Async Capable": false,"Startup Cost": 5230.61,"Total Cost": 5230.62,"Plan Rows": 1,"Plan Width": 32,"Actual Startup Time": 55.379,"Actual Total Time": 55.382,"Actual Rows": 1,"Actual Loops": 3,"Workers": [],"Plans": [{"Node Type": "Seq Scan","Parent Relationship": "Outer","Parallel Aware": true,"Async Capable": false,"Relation Name": "customer","Alias": "customer_1","Startup Cost": 0.00,"Total Cost": 5225.62,"Plan Rows": 1994,"Plan Width": 6,"Actual Startup Time": 0.065,"Actual Total Time": 54.288,"Actual Rows": 12608,"Actual Loops": 3,"Filter": "((c_acctbal > 0.00) AND (SUBSTRING(c_phone FROM 1 FOR 2) = ANY ('{27,15,24,22,10,26,17}'::text[])))","Rows Removed by Filter": 37392,"Workers": []}]}]}]},{"Node Type": "Gather Merge","Parent Relationship": "Outer","Parallel Aware": false,"Async Capable": false,"Startup Cost": 6741.22,"Total Cost": 6821.30,"Plan Rows": 620,"Plan Width": 72,"Actual Startup Time": 137.685,"Actual Total Time": 141.062,"Actual Rows": 21,"Actual Loops": 1,"Workers Planned": 2,"Params Evaluated": ["$1"],"Workers Launched": 2,"Plans": [{"Node Type": "Aggregate","Strategy": "Sorted","Partial Mode": "Partial","Parent Relationship": "Outer","Parallel Aware": false,"Async Capable": false,"Startup Cost": 5741.19,"Total Cost": 5749.72,"Plan Rows": 310,"Plan Width": 72,"Actual Startup Time": 68.191,"Actual Total Time": 68.487,"Actual Rows": 7,"Actual Loops": 3,"Group Key": ["(SUBSTRING(customer.c_phone FROM 1 FOR 2))"],"Workers": [],"Plans": [{"Node Type": "Sort","Parent Relationship": "Outer","Parallel Aware": false,"Async Capable": false,"Startup Cost": 5741.19,"Total Cost": 5741.97,"Plan Rows": 310,"Plan Width": 38,"Actual Startup Time": 68.127,"Actual Total Time": 68.206,"Actual Rows": 2065,"Actual Loops": 3,"Sort Key": ["(SUBSTRING(customer.c_phone FROM 1 FOR 2))"],"Sort Method": "quicksort","Sort Space Used": 232,"Sort Space Type": "Memory","Workers": [{"Worker Number": 0,"Sort Method": "quicksort","Sort Space Used": 147,"Sort Space Type": "Memory"},{"Worker Number": 1,"Sort Method": "quicksort","Sort Space Used": 152,"Sort Space Type": "Memory"}],"Plans": [{"Node Type": "Nested Loop","Parent Relationship": "Outer","Parallel Aware": false,"Async Capable": false,"Join Type": "Anti","Startup Cost": 0.43,"Total Cost": 5728.36,"Plan Rows": 310,"Plan Width": 38,"Actual Startup Time": 0.154,"Actual Total Time": 67.349,"Actual Rows": 2065,"Actual Loops": 3,"Inner Unique": false,"Workers": [],"Plans": [{"Node Type": "Seq Scan","Parent Relationship": "Outer","Parallel Aware": true,"Async Capable": false,"Relation Name": "customer","Alias": "customer","Startup Cost": 0.00,"Total Cost": 5225.62,"Plan Rows": 729,"Plan Width": 26,"Actual Startup Time": 0.051,"Actual Total Time": 44.525,"Actual Rows": 6288,"Actual Loops": 3,"Filter": "((c_acctbal > $1) AND (SUBSTRING(c_phone FROM 1 FOR 2) = ANY ('{27,15,24,22,10,26,17}'::text[])))","Rows Removed by Filter": 43712,"Workers": []},{"Node Type": "Index Only Scan","Parent Relationship": "Inner","Parallel Aware": false,"Async Capable": false,"Scan Direction": "Forward","Index Name": "idx_orders_custkey","Relation Name": "orders","Alias": "orders","Startup Cost": 0.43,"Total Cost": 3.28,"Plan Rows": 17,"Plan Width": 4,"Actual Startup Time": 0.003,"Actual Total Time": 0.003,"Actual Rows": 1,"Actual Loops": 18865,"Index Cond": "(o_custkey = customer.c_custkey)","Rows Removed by Index Recheck": 0,"Heap Fetches": 0,"Workers": []}]}]}]}]}]},"Planning Time": 3.816,"Triggers": [],"Execution Time": 141.735}]
[{"Plan": {"Node Type": "Aggregate","Strategy": "Sorted","Partial Mode": "Finalize","Parallel Aware": false,"Async Capable": false,"Startup Cost": 12972.06,"Total Cost": 13071.37,"Plan Rows": 744,"Plan Width": 72,"Actual Startup Time": 141.160,"Actual Total Time": 144.682,"Actual Rows": 7,"Actual Loops": 1,"Group Key": ["(SUBSTRING(customer.c_phone FROM 1 FOR 2))"],"Plans": [{"Node Type": "Aggregate","Strategy": "Plain","Partial Mode": "Finalize","Parent Relationship": "InitPlan","Subplan Name": "InitPlan 1 (returns $1)","Parallel Aware": false,"Async Capable": false,"Startup Cost": 6230.83,"Total Cost": 6230.84,"Plan Rows": 1,"Plan Width": 32,"Actual Startup Time": 61.956,"Actual Total Time": 62.105,"Actual Rows": 1,"Actual Loops": 1,"Plans": [{"Node Type": "Gather","Parent Relationship": "Outer","Parallel Aware": false,"Async Capable": false,"Startup Cost": 6230.61,"Total Cost": 6230.82,"Plan Rows": 2,"Plan Width": 32,"Actual Startup Time": 61.871,"Actual Total Time": 62.092,"Actual Rows": 3,"Actual Loops": 1,"Workers Planned": 2,"Workers Launched": 2,"Single Copy": false,"Plans": [{"Node Type": "Aggregate","Strategy": "Plain","Partial Mode": "Partial","Parent Relationship": "Outer","Parallel Aware": false,"Async Capable": false,"Startup Cost": 5230.61,"Total Cost": 5230.62,"Plan Rows": 1,"Plan Width": 32,"Actual Startup Time": 56.076,"Actual Total Time": 56.077,"Actual Rows": 1,"Actual Loops": 3,"Workers": [],"Plans": [{"Node Type": "Seq Scan","Parent Relationship": "Outer","Parallel Aware": true,"Async Capable": false,"Relation Name": "customer","Alias": "customer_1","Startup Cost": 0.00,"Total Cost": 5225.62,"Plan Rows": 1994,"Plan Width": 6,"Actual Startup Time": 0.055,"Actual Total Time": 55.032,"Actual Rows": 12725,"Actual Loops": 3,"Filter": "((c_acctbal > 0.00) AND (SUBSTRING(c_phone FROM 1 FOR 2) = ANY ('{20,10,26,11,21,32,29}'::text[])))","Rows Removed by Filter": 37275,"Workers": []}]}]}]},{"Node Type": "Gather Merge","Parent Relationship": "Outer","Parallel Aware": false,"Async Capable": false,"Startup Cost": 6741.22,"Total Cost": 6821.30,"Plan Rows": 620,"Plan Width": 72,"Actual Startup Time": 141.048,"Actual Total Time": 144.487,"Actual Rows": 21,"Actual Loops": 1,"Workers Planned": 2,"Params Evaluated": ["$1"],"Workers Launched": 2,"Plans": [{"Node Type": "Aggregate","Strategy": "Sorted","Partial Mode": "Partial","Parent Relationship": "Outer","Parallel Aware": false,"Async Capable": false,"Startup Cost": 5741.19,"Total Cost": 5749.72,"Plan Rows": 310,"Plan Width": 72,"Actual Startup Time": 72.321,"Actual Total Time": 72.620,"Actual Rows": 7,"Actual Loops": 3,"Group Key": ["(SUBSTRING(customer.c_phone FROM 1 FOR 2))"],"Workers": [],"Plans": [{"Node Type": "Sort","Parent Relationship": "Outer","Parallel Aware": false,"Async Capable": false,"Startup Cost": 5741.19,"Total Cost": 5741.97,"Plan Rows": 310,"Plan Width": 38,"Actual Startup Time": 72.257,"Actual Total Time": 72.341,"Actual Rows": 2123,"Actual Loops": 3,"Sort Key": ["(SUBSTRING(customer.c_phone FROM 1 FOR 2))"],"Sort Method": "quicksort","Sort Space Used": 235,"Sort Space Type": "Memory","Workers": [{"Worker Number": 0,"Sort Method": "quicksort","Sort Space Used": 156,"Sort Space Type": "Memory"},{"Worker Number": 1,"Sort Method": "quicksort","Sort Space Used": 150,"Sort Space Type": "Memory"}],"Plans": [{"Node Type": "Nested Loop","Parent Relationship": "Outer","Parallel Aware": false,"Async Capable": false,"Join Type": "Anti","Startup Cost": 0.43,"Total Cost": 5728.36,"Plan Rows": 310,"Plan Width": 38,"Actual Startup Time": 0.196,"Actual Total Time": 71.469,"Actual Rows": 2123,"Actual Loops": 3,"Inner Unique": false,"Workers": [],"Plans": [{"Node Type": "Seq Scan","Parent Relationship": "Outer","Parallel Aware": true,"Async Capable": false,"Relation Name": "customer","Alias": "customer","Startup Cost": 0.00,"Total Cost": 5225.62,"Plan Rows": 729,"Plan Width": 26,"Actual Startup Time": 0.033,"Actual Total Time": 47.295,"Actual Rows": 6375,"Actual Loops": 3,"Filter": "((c_acctbal > $1) AND (SUBSTRING(c_phone FROM 1 FOR 2) = ANY ('{20,10,26,11,21,32,29}'::text[])))","Rows Removed by Filter": 43625,"Workers": []},{"Node Type": "Index Only Scan","Parent Relationship": "Inner","Parallel Aware": false,"Async Capable": false,"Scan Direction": "Forward","Index Name": "idx_orders_custkey","Relation Name": "orders","Alias": "orders","Startup Cost": 0.43,"Total Cost": 3.28,"Plan Rows": 17,"Plan Width": 4,"Actual Startup Time": 0.003,"Actual Total Time": 0.003,"Actual Rows": 1,"Actual Loops": 19124,"Index Cond": "(o_custkey = customer.c_custkey)","Rows Removed by Index Recheck": 0,"Heap Fetches": 0,"Workers": []}]}]}]}]}]},"Planning Time": 4.662,"Triggers": [],"Execution Time": 144.997}]
[{"Plan": {"Node Type": "Aggregate","Strategy": "Sorted","Partial Mode": "Finalize","Parallel Aware": false,"Async Capable": false,"Startup Cost": 12972.06,"Total Cost": 13071.37,"Plan Rows": 744,"Plan Width": 72,"Actual Startup Time": 137.869,"Actual Total Time": 141.556,"Actual Rows": 7,"Actual Loops": 1,"Group Key": ["(SUBSTRING(customer.c_phone FROM 1 FOR 2))"],"Plans": [{"Node Type": "Aggregate","Strategy": "Plain","Partial Mode": "Finalize","Parent Relationship": "InitPlan","Subplan Name": "InitPlan 1 (returns $1)","Parallel Aware": false,"Async Capable": false,"Startup Cost": 6230.83,"Total Cost": 6230.84,"Plan Rows": 1,"Plan Width": 32,"Actual Startup Time": 63.085,"Actual Total Time": 63.316,"Actual Rows": 1,"Actual Loops": 1,"Plans": [{"Node Type": "Gather","Parent Relationship": "Outer","Parallel Aware": false,"Async Capable": false,"Startup Cost": 6230.61,"Total Cost": 6230.82,"Plan Rows": 2,"Plan Width": 32,"Actual Startup Time": 62.999,"Actual Total Time": 63.302,"Actual Rows": 3,"Actual Loops": 1,"Workers Planned": 2,"Workers Launched": 2,"Single Copy": false,"Plans": [{"Node Type": "Aggregate","Strategy": "Plain","Partial Mode": "Partial","Parent Relationship": "Outer","Parallel Aware": false,"Async Capable": false,"Startup Cost": 5230.61,"Total Cost": 5230.62,"Plan Rows": 1,"Plan Width": 32,"Actual Startup Time": 56.117,"Actual Total Time": 56.118,"Actual Rows": 1,"Actual Loops": 3,"Workers": [],"Plans": [{"Node Type": "Seq Scan","Parent Relationship": "Outer","Parallel Aware": true,"Async Capable": false,"Relation Name": "customer","Alias": "customer_1","Startup Cost": 0.00,"Total Cost": 5225.62,"Plan Rows": 1994,"Plan Width": 6,"Actual Startup Time": 0.047,"Actual Total Time": 55.044,"Actual Rows": 12762,"Actual Loops": 3,"Filter": "((c_acctbal > 0.00) AND (SUBSTRING(c_phone FROM 1 FOR 2) = ANY ('{28,22,19,20,14,23,25}'::text[])))","Rows Removed by Filter": 37238,"Workers": []}]}]}]},{"Node Type": "Gather Merge","Parent Relationship": "Outer","Parallel Aware": false,"Async Capable": false,"Startup Cost": 6741.22,"Total Cost": 6821.30,"Plan Rows": 620,"Plan Width": 72,"Actual Startup Time": 137.732,"Actual Total Time": 141.259,"Actual Rows": 21,"Actual Loops": 1,"Workers Planned": 2,"Params Evaluated": ["$1"],"Workers Launched": 2,"Plans": [{"Node Type": "Aggregate","Strategy": "Sorted","Partial Mode": "Partial","Parent Relationship": "Outer","Parallel Aware": false,"Async Capable": false,"Startup Cost": 5741.19,"Total Cost": 5749.72,"Plan Rows": 310,"Plan Width": 72,"Actual Startup Time": 67.957,"Actual Total Time": 68.256,"Actual Rows": 7,"Actual Loops": 3,"Group Key": ["(SUBSTRING(customer.c_phone FROM 1 FOR 2))"],"Workers": [],"Plans": [{"Node Type": "Sort","Parent Relationship": "Outer","Parallel Aware": false,"Async Capable": false,"Startup Cost": 5741.19,"Total Cost": 5741.97,"Plan Rows": 310,"Plan Width": 38,"Actual Startup Time": 67.888,"Actual Total Time": 67.970,"Actual Rows": 2139,"Actual Loops": 3,"Sort Key": ["(SUBSTRING(customer.c_phone FROM 1 FOR 2))"],"Sort Method": "quicksort","Sort Space Used": 236,"Sort Space Type": "Memory","Workers": [{"Worker Number": 0,"Sort Method": "quicksort","Sort Space Used": 152,"Sort Space Type": "Memory"},{"Worker Number": 1,"Sort Method": "quicksort","Sort Space Used": 155,"Sort Space Type": "Memory"}],"Plans": [{"Node Type": "Nested Loop","Parent Relationship": "Outer","Parallel Aware": false,"Async Capable": false,"Join Type": "Anti","Startup Cost": 0.43,"Total Cost": 5728.36,"Plan Rows": 310,"Plan Width": 38,"Actual Startup Time": 0.147,"Actual Total Time": 67.136,"Actual Rows": 2139,"Actual Loops": 3,"Inner Unique": false,"Workers": [],"Plans": [{"Node Type": "Seq Scan","Parent Relationship": "Outer","Parallel Aware": true,"Async Capable": false,"Relation Name": "customer","Alias": "customer","Startup Cost": 0.00,"Total Cost": 5225.62,"Plan Rows": 729,"Plan Width": 26,"Actual Startup Time": 0.033,"Actual Total Time": 44.189,"Actual Rows": 6378,"Actual Loops": 3,"Filter": "((c_acctbal > $1) AND (SUBSTRING(c_phone FROM 1 FOR 2) = ANY ('{28,22,19,20,14,23,25}'::text[])))","Rows Removed by Filter": 43622,"Workers": []},{"Node Type": "Index Only Scan","Parent Relationship": "Inner","Parallel Aware": false,"Async Capable": false,"Scan Direction": "Forward","Index Name": "idx_orders_custkey","Relation Name": "orders","Alias": "orders","Startup Cost": 0.43,"Total Cost": 3.28,"Plan Rows": 17,"Plan Width": 4,"Actual Startup Time": 0.003,"Actual Total Time": 0.003,"Actual Rows": 1,"Actual Loops": 19134,"Index Cond": "(o_custkey = customer.c_custkey)","Rows Removed by Index Recheck": 0,"Heap Fetches": 0,"Workers": []}]}]}]}]}]},"Planning Time": 4.765,"Triggers": [],"Execution Time": 142.075}]
[{"Plan": {"Node Type": "Aggregate","Strategy": "Sorted","Partial Mode": "Finalize","Parallel Aware": false,"Async Capable": false,"Startup Cost": 12972.06,"Total Cost": 13071.37,"Plan Rows": 744,"Plan Width": 72,"Actual Startup Time": 140.579,"Actual Total Time": 144.142,"Actual Rows": 7,"Actual Loops": 1,"Group Key": ["(SUBSTRING(customer.c_phone FROM 1 FOR 2))"],"Plans": [{"Node Type": "Aggregate","Strategy": "Plain","Partial Mode": "Finalize","Parent Relationship": "InitPlan","Subplan Name": "InitPlan 1 (returns $1)","Parallel Aware": false,"Async Capable": false,"Startup Cost": 6230.83,"Total Cost": 6230.84,"Plan Rows": 1,"Plan Width": 32,"Actual Startup Time": 61.557,"Actual Total Time": 61.725,"Actual Rows": 1,"Actual Loops": 1,"Plans": [{"Node Type": "Gather","Parent Relationship": "Outer","Parallel Aware": false,"Async Capable": false,"Startup Cost": 6230.61,"Total Cost": 6230.82,"Plan Rows": 2,"Plan Width": 32,"Actual Startup Time": 61.473,"Actual Total Time": 61.705,"Actual Rows": 3,"Actual Loops": 1,"Workers Planned": 2,"Workers Launched": 2,"Single Copy": false,"Plans": [{"Node Type": "Aggregate","Strategy": "Plain","Partial Mode": "Partial","Parent Relationship": "Outer","Parallel Aware": false,"Async Capable": false,"Startup Cost": 5230.61,"Total Cost": 5230.62,"Plan Rows": 1,"Plan Width": 32,"Actual Startup Time": 55.736,"Actual Total Time": 55.738,"Actual Rows": 1,"Actual Loops": 3,"Workers": [],"Plans": [{"Node Type": "Seq Scan","Parent Relationship": "Outer","Parallel Aware": true,"Async Capable": false,"Relation Name": "customer","Alias": "customer_1","Startup Cost": 0.00,"Total Cost": 5225.62,"Plan Rows": 1994,"Plan Width": 6,"Actual Startup Time": 0.048,"Actual Total Time": 54.694,"Actual Rows": 12672,"Actual Loops": 3,"Filter": "((c_acctbal > 0.00) AND (SUBSTRING(c_phone FROM 1 FOR 2) = ANY ('{23,12,22,25,21,10,34}'::text[])))","Rows Removed by Filter": 37328,"Workers": []}]}]}]},{"Node Type": "Gather Merge","Parent Relationship": "Outer","Parallel Aware": false,"Async Capable": false,"Startup Cost": 6741.22,"Total Cost": 6821.30,"Plan Rows": 620,"Plan Width": 72,"Actual Startup Time": 140.458,"Actual Total Time": 143.901,"Actual Rows": 21,"Actual Loops": 1,"Workers Planned": 2,"Params Evaluated": ["$1"],"Workers Launched": 2,"Plans": [{"Node Type": "Aggregate","Strategy": "Sorted","Partial Mode": "Partial","Parent Relationship": "Outer","Parallel Aware": false,"Async Capable": false,"Startup Cost": 5741.19,"Total Cost": 5749.72,"Plan Rows": 310,"Plan Width": 72,"Actual Startup Time": 72.300,"Actual Total Time": 72.588,"Actual Rows": 7,"Actual Loops": 3,"Group Key": ["(SUBSTRING(customer.c_phone FROM 1 FOR 2))"],"Workers": [],"Plans": [{"Node Type": "Sort","Parent Relationship": "Outer","Parallel Aware": false,"Async Capable": false,"Startup Cost": 5741.19,"Total Cost": 5741.97,"Plan Rows": 310,"Plan Width": 38,"Actual Startup Time": 72.232,"Actual Total Time": 72.308,"Actual Rows": 2108,"Actual Loops": 3,"Sort Key": ["(SUBSTRING(customer.c_phone FROM 1 FOR 2))"],"Sort Method": "quicksort","Sort Space Used": 234,"Sort Space Type": "Memory","Workers": [{"Worker Number": 0,"Sort Method": "quicksort","Sort Space Used": 154,"Sort Space Type": "Memory"},{"Worker Number": 1,"Sort Method": "quicksort","Sort Space Used": 151,"Sort Space Type": "Memory"}],"Plans": [{"Node Type": "Nested Loop","Parent Relationship": "Outer","Parallel Aware": false,"Async Capable": false,"Join Type": "Anti","Startup Cost": 0.43,"Total Cost": 5728.36,"Plan Rows": 310,"Plan Width": 38,"Actual Startup Time": 0.143,"Actual Total Time": 71.441,"Actual Rows": 2108,"Actual Loops": 3,"Inner Unique": false,"Workers": [],"Plans": [{"Node Type": "Seq Scan","Parent Relationship": "Outer","Parallel Aware": true,"Async Capable": false,"Relation Name": "customer","Alias": "customer","Startup Cost": 0.00,"Total Cost": 5225.62,"Plan Rows": 729,"Plan Width": 26,"Actual Startup Time": 0.033,"Actual Total Time": 47.390,"Actual Rows": 6309,"Actual Loops": 3,"Filter": "((c_acctbal > $1) AND (SUBSTRING(c_phone FROM 1 FOR 2) = ANY ('{23,12,22,25,21,10,34}'::text[])))","Rows Removed by Filter": 43691,"Workers": []},{"Node Type": "Index Only Scan","Parent Relationship": "Inner","Parallel Aware": false,"Async Capable": false,"Scan Direction": "Forward","Index Name": "idx_orders_custkey","Relation Name": "orders","Alias": "orders","Startup Cost": 0.43,"Total Cost": 3.28,"Plan Rows": 17,"Plan Width": 4,"Actual Startup Time": 0.003,"Actual Total Time": 0.003,"Actual Rows": 1,"Actual Loops": 18928,"Index Cond": "(o_custkey = customer.c_custkey)","Rows Removed by Index Recheck": 0,"Heap Fetches": 0,"Workers": []}]}]}]}]}]},"Planning Time": 4.050,"Triggers": [],"Execution Time": 144.444}]
[{"Plan": {"Node Type": "Aggregate","Strategy": "Sorted","Partial Mode": "Finalize","Parallel Aware": false,"Async Capable": false,"Startup Cost": 12972.06,"Total Cost": 13071.37,"Plan Rows": 744,"Plan Width": 72,"Actual Startup Time": 137.361,"Actual Total Time": 141.073,"Actual Rows": 7,"Actual Loops": 1,"Group Key": ["(SUBSTRING(customer.c_phone FROM 1 FOR 2))"],"Plans": [{"Node Type": "Aggregate","Strategy": "Plain","Partial Mode": "Finalize","Parent Relationship": "InitPlan","Subplan Name": "InitPlan 1 (returns $1)","Parallel Aware": false,"Async Capable": false,"Startup Cost": 6230.83,"Total Cost": 6230.84,"Plan Rows": 1,"Plan Width": 32,"Actual Startup Time": 61.863,"Actual Total Time": 62.100,"Actual Rows": 1,"Actual Loops": 1,"Plans": [{"Node Type": "Gather","Parent Relationship": "Outer","Parallel Aware": false,"Async Capable": false,"Startup Cost": 6230.61,"Total Cost": 6230.82,"Plan Rows": 2,"Plan Width": 32,"Actual Startup Time": 61.755,"Actual Total Time": 62.082,"Actual Rows": 3,"Actual Loops": 1,"Workers Planned": 2,"Workers Launched": 2,"Single Copy": false,"Plans": [{"Node Type": "Aggregate","Strategy": "Plain","Partial Mode": "Partial","Parent Relationship": "Outer","Parallel Aware": false,"Async Capable": false,"Startup Cost": 5230.61,"Total Cost": 5230.62,"Plan Rows": 1,"Plan Width": 32,"Actual Startup Time": 55.573,"Actual Total Time": 55.575,"Actual Rows": 1,"Actual Loops": 3,"Workers": [],"Plans": [{"Node Type": "Seq Scan","Parent Relationship": "Outer","Parallel Aware": true,"Async Capable": false,"Relation Name": "customer","Alias": "customer_1","Startup Cost": 0.00,"Total Cost": 5225.62,"Plan Rows": 1994,"Plan Width": 6,"Actual Startup Time": 0.051,"Actual Total Time": 54.489,"Actual Rows": 12704,"Actual Loops": 3,"Filter": "((c_acctbal > 0.00) AND (SUBSTRING(c_phone FROM 1 FOR 2) = ANY ('{19,17,32,10,30,22,14}'::text[])))","Rows Removed by Filter": 37296,"Workers": []}]}]}]},{"Node Type": "Gather Merge","Parent Relationship": "Outer","Parallel Aware": false,"Async Capable": false,"Startup Cost": 6741.22,"Total Cost": 6821.30,"Plan Rows": 620,"Plan Width": 72,"Actual Startup Time": 137.229,"Actual Total Time": 140.779,"Actual Rows": 21,"Actual Loops": 1,"Workers Planned": 2,"Params Evaluated": ["$1"],"Workers Launched": 2,"Plans": [{"Node Type": "Aggregate","Strategy": "Sorted","Partial Mode": "Partial","Parent Relationship": "Outer","Parallel Aware": false,"Async Capable": false,"Startup Cost": 5741.19,"Total Cost": 5749.72,"Plan Rows": 310,"Plan Width": 72,"Actual Startup Time": 68.740,"Actual Total Time": 69.038,"Actual Rows": 7,"Actual Loops": 3,"Group Key": ["(SUBSTRING(customer.c_phone FROM 1 FOR 2))"],"Workers": [],"Plans": [{"Node Type": "Sort","Parent Relationship": "Outer","Parallel Aware": false,"Async Capable": false,"Startup Cost": 5741.19,"Total Cost": 5741.97,"Plan Rows": 310,"Plan Width": 38,"Actual Startup Time": 68.671,"Actual Total Time": 68.751,"Actual Rows": 2127,"Actual Loops": 3,"Sort Key": ["(SUBSTRING(customer.c_phone FROM 1 FOR 2))"],"Sort Method": "quicksort","Sort Space Used": 239,"Sort Space Type": "Memory","Workers": [{"Worker Number": 0,"Sort Method": "quicksort","Sort Space Used": 147,"Sort Space Type": "Memory"},{"Worker Number": 1,"Sort Method": "quicksort","Sort Space Used": 157,"Sort Space Type": "Memory"}],"Plans": [{"Node Type": "Nested Loop","Parent Relationship": "Outer","Parallel Aware": false,"Async Capable": false,"Join Type": "Anti","Startup Cost": 0.43,"Total Cost": 5728.36,"Plan Rows": 310,"Plan Width": 38,"Actual Startup Time": 0.150,"Actual Total Time": 67.885,"Actual Rows": 2127,"Actual Loops": 3,"Inner Unique": false,"Workers": [],"Plans": [{"Node Type": "Seq Scan","Parent Relationship": "Outer","Parallel Aware": true,"Async Capable": false,"Relation Name": "customer","Alias": "customer","Startup Cost": 0.00,"Total Cost": 5225.62,"Plan Rows": 729,"Plan Width": 26,"Actual Startup Time": 0.031,"Actual Total Time": 44.829,"Actual Rows": 6333,"Actual Loops": 3,"Filter": "((c_acctbal > $1) AND (SUBSTRING(c_phone FROM 1 FOR 2) = ANY ('{19,17,32,10,30,22,14}'::text[])))","Rows Removed by Filter": 43667,"Workers": []},{"Node Type": "Index Only Scan","Parent Relationship": "Inner","Parallel Aware": false,"Async Capable": false,"Scan Direction": "Forward","Index Name": "idx_orders_custkey","Relation Name": "orders","Alias": "orders","Startup Cost": 0.43,"Total Cost": 3.28,"Plan Rows": 17,"Plan Width": 4,"Actual Startup Time": 0.003,"Actual Total Time": 0.003,"Actual Rows": 1,"Actual Loops": 18999,"Index Cond": "(o_custkey = customer.c_custkey)","Rows Removed by Index Recheck": 0,"Heap Fetches": 0,"Workers": []}]}]}]}]}]},"Planning Time": 4.444,"Triggers": [],"Execution Time": 141.418}]
[{"Plan": {"Node Type": "Aggregate","Strategy": "Sorted","Partial Mode": "Finalize","Parallel Aware": false,"Async Capable": false,"Startup Cost": 12972.06,"Total Cost": 13071.37,"Plan Rows": 744,"Plan Width": 72,"Actual Startup Time": 141.114,"Actual Total Time": 144.623,"Actual Rows": 7,"Actual Loops": 1,"Group Key": ["(SUBSTRING(customer.c_phone FROM 1 FOR 2))"],"Plans": [{"Node Type": "Aggregate","Strategy": "Plain","Partial Mode": "Finalize","Parent Relationship": "InitPlan","Subplan Name": "InitPlan 1 (returns $1)","Parallel Aware": false,"Async Capable": false,"Startup Cost": 6230.83,"Total Cost": 6230.84,"Plan Rows": 1,"Plan Width": 32,"Actual Startup Time": 62.802,"Actual Total Time": 62.968,"Actual Rows": 1,"Actual Loops": 1,"Plans": [{"Node Type": "Gather","Parent Relationship": "Outer","Parallel Aware": false,"Async Capable": false,"Startup Cost": 6230.61,"Total Cost": 6230.82,"Plan Rows": 2,"Plan Width": 32,"Actual Startup Time": 62.707,"Actual Total Time": 62.953,"Actual Rows": 3,"Actual Loops": 1,"Workers Planned": 2,"Workers Launched": 2,"Single Copy": false,"Plans": [{"Node Type": "Aggregate","Strategy": "Plain","Partial Mode": "Partial","Parent Relationship": "Outer","Parallel Aware": false,"Async Capable": false,"Startup Cost": 5230.61,"Total Cost": 5230.62,"Plan Rows": 1,"Plan Width": 32,"Actual Startup Time": 56.960,"Actual Total Time": 56.962,"Actual Rows": 1,"Actual Loops": 3,"Workers": [],"Plans": [{"Node Type": "Seq Scan","Parent Relationship": "Outer","Parallel Aware": true,"Async Capable": false,"Relation Name": "customer","Alias": "customer_1","Startup Cost": 0.00,"Total Cost": 5225.62,"Plan Rows": 1994,"Plan Width": 6,"Actual Startup Time": 0.050,"Actual Total Time": 55.888,"Actual Rows": 12697,"Actual Loops": 3,"Filter": "((c_acctbal > 0.00) AND (SUBSTRING(c_phone FROM 1 FOR 2) = ANY ('{16,15,20,27,14,10,29}'::text[])))","Rows Removed by Filter": 37303,"Workers": []}]}]}]},{"Node Type": "Gather Merge","Parent Relationship": "Outer","Parallel Aware": false,"Async Capable": false,"Startup Cost": 6741.22,"Total Cost": 6821.30,"Plan Rows": 620,"Plan Width": 72,"Actual Startup Time": 140.990,"Actual Total Time": 144.407,"Actual Rows": 21,"Actual Loops": 1,"Workers Planned": 2,"Params Evaluated": ["$1"],"Workers Launched": 2,"Plans": [{"Node Type": "Aggregate","Strategy": "Sorted","Partial Mode": "Partial","Parent Relationship": "Outer","Parallel Aware": false,"Async Capable": false,"Startup Cost": 5741.19,"Total Cost": 5749.72,"Plan Rows": 310,"Plan Width": 72,"Actual Startup Time": 71.584,"Actual Total Time": 71.886,"Actual Rows": 7,"Actual Loops": 3,"Group Key": ["(SUBSTRING(customer.c_phone FROM 1 FOR 2))"],"Workers": [],"Plans": [{"Node Type": "Sort","Parent Relationship": "Outer","Parallel Aware": false,"Async Capable": false,"Startup Cost": 5741.19,"Total Cost": 5741.97,"Plan Rows": 310,"Plan Width": 38,"Actual Startup Time": 71.515,"Actual Total Time": 71.596,"Actual Rows": 2120,"Actual Loops": 3,"Sort Key": ["(SUBSTRING(customer.c_phone FROM 1 FOR 2))"],"Sort Method": "quicksort","Sort Space Used": 235,"Sort Space Type": "Memory","Workers": [{"Worker Number": 0,"Sort Method": "quicksort","Sort Space Used": 158,"Sort Space Type": "Memory"},{"Worker Number": 1,"Sort Method": "quicksort","Sort Space Used": 148,"Sort Space Type": "Memory"}],"Plans": [{"Node Type": "Nested Loop","Parent Relationship": "Outer","Parallel Aware": false,"Async Capable": false,"Join Type": "Anti","Startup Cost": 0.43,"Total Cost": 5728.36,"Plan Rows": 310,"Plan Width": 38,"Actual Startup Time": 0.175,"Actual Total Time": 70.729,"Actual Rows": 2120,"Actual Loops": 3,"Inner Unique": false,"Workers": [],"Plans": [{"Node Type": "Seq Scan","Parent Relationship": "Outer","Parallel Aware": true,"Async Capable": false,"Relation Name": "customer","Alias": "customer","Startup Cost": 0.00,"Total Cost": 5225.62,"Plan Rows": 729,"Plan Width": 26,"Actual Startup Time": 0.049,"Actual Total Time": 46.859,"Actual Rows": 6343,"Actual Loops": 3,"Filter": "((c_acctbal > $1) AND (SUBSTRING(c_phone FROM 1 FOR 2) = ANY ('{16,15,20,27,14,10,29}'::text[])))","Rows Removed by Filter": 43657,"Workers": []},{"Node Type": "Index Only Scan","Parent Relationship": "Inner","Parallel Aware": false,"Async Capable": false,"Scan Direction": "Forward","Index Name": "idx_orders_custkey","Relation Name": "orders","Alias": "orders","Startup Cost": 0.43,"Total Cost": 3.28,"Plan Rows": 17,"Plan Width": 4,"Actual Startup Time": 0.003,"Actual Total Time": 0.003,"Actual Rows": 1,"Actual Loops": 19030,"Index Cond": "(o_custkey = customer.c_custkey)","Rows Removed by Index Recheck": 0,"Heap Fetches": 0,"Workers": []}]}]}]}]}]},"Planning Time": 3.467,"Triggers": [],"Execution Time": 144.970}]
[{"Plan": {"Node Type": "Aggregate","Strategy": "Sorted","Partial Mode": "Finalize","Parallel Aware": false,"Async Capable": false,"Startup Cost": 12972.06,"Total Cost": 13071.37,"Plan Rows": 744,"Plan Width": 72,"Actual Startup Time": 138.391,"Actual Total Time": 142.172,"Actual Rows": 7,"Actual Loops": 1,"Group Key": ["(SUBSTRING(customer.c_phone FROM 1 FOR 2))"],"Plans": [{"Node Type": "Aggregate","Strategy": "Plain","Partial Mode": "Finalize","Parent Relationship": "InitPlan","Subplan Name": "InitPlan 1 (returns $1)","Parallel Aware": false,"Async Capable": false,"Startup Cost": 6230.83,"Total Cost": 6230.84,"Plan Rows": 1,"Plan Width": 32,"Actual Startup Time": 63.383,"Actual Total Time": 63.624,"Actual Rows": 1,"Actual Loops": 1,"Plans": [{"Node Type": "Gather","Parent Relationship": "Outer","Parallel Aware": false,"Async Capable": false,"Startup Cost": 6230.61,"Total Cost": 6230.82,"Plan Rows": 2,"Plan Width": 32,"Actual Startup Time": 63.303,"Actual Total Time": 63.604,"Actual Rows": 3,"Actual Loops": 1,"Workers Planned": 2,"Workers Launched": 2,"Single Copy": false,"Plans": [{"Node Type": "Aggregate","Strategy": "Plain","Partial Mode": "Partial","Parent Relationship": "Outer","Parallel Aware": false,"Async Capable": false,"Startup Cost": 5230.61,"Total Cost": 5230.62,"Plan Rows": 1,"Plan Width": 32,"Actual Startup Time": 57.002,"Actual Total Time": 57.004,"Actual Rows": 1,"Actual Loops": 3,"Workers": [],"Plans": [{"Node Type": "Seq Scan","Parent Relationship": "Outer","Parallel Aware": true,"Async Capable": false,"Relation Name": "customer","Alias": "customer_1","Startup Cost": 0.00,"Total Cost": 5225.62,"Plan Rows": 1994,"Plan Width": 6,"Actual Startup Time": 0.054,"Actual Total Time": 55.890,"Actual Rows": 12712,"Actual Loops": 3,"Filter": "((c_acctbal > 0.00) AND (SUBSTRING(c_phone FROM 1 FOR 2) = ANY ('{26,20,25,19,30,18,14}'::text[])))","Rows Removed by Filter": 37288,"Workers": []}]}]}]},{"Node Type": "Gather Merge","Parent Relationship": "Outer","Parallel Aware": false,"Async Capable": false,"Startup Cost": 6741.22,"Total Cost": 6821.30,"Plan Rows": 620,"Plan Width": 72,"Actual Startup Time": 138.267,"Actual Total Time": 141.872,"Actual Rows": 21,"Actual Loops": 1,"Workers Planned": 2,"Params Evaluated": ["$1"],"Workers Launched": 2,"Plans": [{"Node Type": "Aggregate","Strategy": "Sorted","Partial Mode": "Partial","Parent Relationship": "Outer","Parallel Aware": false,"Async Capable": false,"Startup Cost": 5741.19,"Total Cost": 5749.72,"Plan Rows": 310,"Plan Width": 72,"Actual Startup Time": 68.123,"Actual Total Time": 68.442,"Actual Rows": 7,"Actual Loops": 3,"Group Key": ["(SUBSTRING(customer.c_phone FROM 1 FOR 2))"],"Workers": [],"Plans": [{"Node Type": "Sort","Parent Relationship": "Outer","Parallel Aware": false,"Async Capable": false,"Startup Cost": 5741.19,"Total Cost": 5741.97,"Plan Rows": 310,"Plan Width": 38,"Actual Startup Time": 68.051,"Actual Total Time": 68.132,"Actual Rows": 2141,"Actual Loops": 3,"Sort Key": ["(SUBSTRING(customer.c_phone FROM 1 FOR 2))"],"Sort Method": "quicksort","Sort Space Used": 240,"Sort Space Type": "Memory","Workers": [{"Worker Number": 0,"Sort Method": "quicksort","Sort Space Used": 150,"Sort Space Type": "Memory"},{"Worker Number": 1,"Sort Method": "quicksort","Sort Space Used": 155,"Sort Space Type": "Memory"}],"Plans": [{"Node Type": "Nested Loop","Parent Relationship": "Outer","Parallel Aware": false,"Async Capable": false,"Join Type": "Anti","Startup Cost": 0.43,"Total Cost": 5728.36,"Plan Rows": 310,"Plan Width": 38,"Actual Startup Time": 0.173,"Actual Total Time": 67.289,"Actual Rows": 2141,"Actual Loops": 3,"Inner Unique": false,"Workers": [],"Plans": [{"Node Type": "Seq Scan","Parent Relationship": "Outer","Parallel Aware": true,"Async Capable": false,"Relation Name": "customer","Alias": "customer","Startup Cost": 0.00,"Total Cost": 5225.62,"Plan Rows": 729,"Plan Width": 26,"Actual Startup Time": 0.045,"Actual Total Time": 44.345,"Actual Rows": 6367,"Actual Loops": 3,"Filter": "((c_acctbal > $1) AND (SUBSTRING(c_phone FROM 1 FOR 2) = ANY ('{26,20,25,19,30,18,14}'::text[])))","Rows Removed by Filter": 43633,"Workers": []},{"Node Type": "Index Only Scan","Parent Relationship": "Inner","Parallel Aware": false,"Async Capable": false,"Scan Direction": "Forward","Index Name": "idx_orders_custkey","Relation Name": "orders","Alias": "orders","Startup Cost": 0.43,"Total Cost": 3.28,"Plan Rows": 17,"Plan Width": 4,"Actual Startup Time": 0.003,"Actual Total Time": 0.003,"Actual Rows": 1,"Actual Loops": 19101,"Index Cond": "(o_custkey = customer.c_custkey)","Rows Removed by Index Recheck": 0,"Heap Fetches": 0,"Workers": []}]}]}]}]}]},"Planning Time": 3.638,"Triggers": [],"Execution Time": 142.578}]
[{"Plan": {"Node Type": "Aggregate","Strategy": "Sorted","Partial Mode": "Finalize","Parallel Aware": false,"Async Capable": false,"Startup Cost": 12972.06,"Total Cost": 13071.37,"Plan Rows": 744,"Plan Width": 72,"Actual Startup Time": 141.864,"Actual Total Time": 145.484,"Actual Rows": 7,"Actual Loops": 1,"Group Key": ["(SUBSTRING(customer.c_phone FROM 1 FOR 2))"],"Plans": [{"Node Type": "Aggregate","Strategy": "Plain","Partial Mode": "Finalize","Parent Relationship": "InitPlan","Subplan Name": "InitPlan 1 (returns $1)","Parallel Aware": false,"Async Capable": false,"Startup Cost": 6230.83,"Total Cost": 6230.84,"Plan Rows": 1,"Plan Width": 32,"Actual Startup Time": 62.032,"Actual Total Time": 62.234,"Actual Rows": 1,"Actual Loops": 1,"Plans": [{"Node Type": "Gather","Parent Relationship": "Outer","Parallel Aware": false,"Async Capable": false,"Startup Cost": 6230.61,"Total Cost": 6230.82,"Plan Rows": 2,"Plan Width": 32,"Actual Startup Time": 61.958,"Actual Total Time": 62.215,"Actual Rows": 3,"Actual Loops": 1,"Workers Planned": 2,"Workers Launched": 2,"Single Copy": false,"Plans": [{"Node Type": "Aggregate","Strategy": "Plain","Partial Mode": "Partial","Parent Relationship": "Outer","Parallel Aware": false,"Async Capable": false,"Startup Cost": 5230.61,"Total Cost": 5230.62,"Plan Rows": 1,"Plan Width": 32,"Actual Startup Time": 56.276,"Actual Total Time": 56.278,"Actual Rows": 1,"Actual Loops": 3,"Workers": [],"Plans": [{"Node Type": "Seq Scan","Parent Relationship": "Outer","Parallel Aware": true,"Async Capable": false,"Relation Name": "customer","Alias": "customer_1","Startup Cost": 0.00,"Total Cost": 5225.62,"Plan Rows": 1994,"Plan Width": 6,"Actual Startup Time": 0.049,"Actual Total Time": 55.232,"Actual Rows": 12658,"Actual Loops": 3,"Filter": "((c_acctbal > 0.00) AND (SUBSTRING(c_phone FROM 1 FOR 2) = ANY ('{13,34,21,27,30,12,11}'::text[])))","Rows Removed by Filter": 37342,"Workers": []}]}]}]},{"Node Type": "Gather Merge","Parent Relationship": "Outer","Parallel Aware": false,"Async Capable": false,"Startup Cost": 6741.22,"Total Cost": 6821.30,"Plan Rows": 620,"Plan Width": 72,"Actual Startup Time": 141.775,"Actual Total Time": 145.232,"Actual Rows": 21,"Actual Loops": 1,"Workers Planned": 2,"Params Evaluated": ["$1"],"Workers Launched": 2,"Plans": [{"Node Type": "Aggregate","Strategy": "Sorted","Partial Mode": "Partial","Parent Relationship": "Outer","Parallel Aware": false,"Async Capable": false,"Startup Cost": 5741.19,"Total Cost": 5749.72,"Plan Rows": 310,"Plan Width": 72,"Actual Startup Time": 73.081,"Actual Total Time": 73.380,"Actual Rows": 7,"Actual Loops": 3,"Group Key": ["(SUBSTRING(customer.c_phone FROM 1 FOR 2))"],"Workers": [],"Plans": [{"Node Type": "Sort","Parent Relationship": "Outer","Parallel Aware": false,"Async Capable": false,"Startup Cost": 5741.19,"Total Cost": 5741.97,"Plan Rows": 310,"Plan Width": 38,"Actual Startup Time": 73.008,"Actual Total Time": 73.087,"Actual Rows": 2112,"Actual Loops": 3,"Sort Key": ["(SUBSTRING(customer.c_phone FROM 1 FOR 2))"],"Sort Method": "quicksort","Sort Space Used": 230,"Sort Space Type": "Memory","Workers": [{"Worker Number": 0,"Sort Method": "quicksort","Sort Space Used": 157,"Sort Space Type": "Memory"},{"Worker Number": 1,"Sort Method": "quicksort","Sort Space Used": 152,"Sort Space Type": "Memory"}],"Plans": [{"Node Type": "Nested Loop","Parent Relationship": "Outer","Parallel Aware": false,"Async Capable": false,"Join Type": "Anti","Startup Cost": 0.43,"Total Cost": 5728.36,"Plan Rows": 310,"Plan Width": 38,"Actual Startup Time": 0.179,"Actual Total Time": 72.213,"Actual Rows": 2112,"Actual Loops": 3,"Inner Unique": false,"Workers": [],"Plans": [{"Node Type": "Seq Scan","Parent Relationship": "Outer","Parallel Aware": true,"Async Capable": false,"Relation Name": "customer","Alias": "customer","Startup Cost": 0.00,"Total Cost": 5225.62,"Plan Rows": 729,"Plan Width": 26,"Actual Startup Time": 0.055,"Actual Total Time": 47.936,"Actual Rows": 6275,"Actual Loops": 3,"Filter": "((c_acctbal > $1) AND (SUBSTRING(c_phone FROM 1 FOR 2) = ANY ('{13,34,21,27,30,12,11}'::text[])))","Rows Removed by Filter": 43725,"Workers": []},{"Node Type": "Index Only Scan","Parent Relationship": "Inner","Parallel Aware": false,"Async Capable": false,"Scan Direction": "Forward","Index Name": "idx_orders_custkey","Relation Name": "orders","Alias": "orders","Startup Cost": 0.43,"Total Cost": 3.28,"Plan Rows": 17,"Plan Width": 4,"Actual Startup Time": 0.004,"Actual Total Time": 0.004,"Actual Rows": 1,"Actual Loops": 18825,"Index Cond": "(o_custkey = customer.c_custkey)","Rows Removed by Index Recheck": 0,"Heap Fetches": 0,"Workers": []}]}]}]}]}]},"Planning Time": 4.906,"Triggers": [],"Execution Time": 145.844}]
[{"Plan": {"Node Type": "Aggregate","Strategy": "Sorted","Partial Mode": "Finalize","Parallel Aware": false,"Async Capable": false,"Startup Cost": 12972.06,"Total Cost": 13071.37,"Plan Rows": 744,"Plan Width": 72,"Actual Startup Time": 139.036,"Actual Total Time": 142.534,"Actual Rows": 7,"Actual Loops": 1,"Group Key": ["(SUBSTRING(customer.c_phone FROM 1 FOR 2))"],"Plans": [{"Node Type": "Aggregate","Strategy": "Plain","Partial Mode": "Finalize","Parent Relationship": "InitPlan","Subplan Name": "InitPlan 1 (returns $1)","Parallel Aware": false,"Async Capable": false,"Startup Cost": 6230.83,"Total Cost": 6230.84,"Plan Rows": 1,"Plan Width": 32,"Actual Startup Time": 61.491,"Actual Total Time": 61.668,"Actual Rows": 1,"Actual Loops": 1,"Plans": [{"Node Type": "Gather","Parent Relationship": "Outer","Parallel Aware": false,"Async Capable": false,"Startup Cost": 6230.61,"Total Cost": 6230.82,"Plan Rows": 2,"Plan Width": 32,"Actual Startup Time": 61.407,"Actual Total Time": 61.647,"Actual Rows": 3,"Actual Loops": 1,"Workers Planned": 2,"Workers Launched": 2,"Single Copy": false,"Plans": [{"Node Type": "Aggregate","Strategy": "Plain","Partial Mode": "Partial","Parent Relationship": "Outer","Parallel Aware": false,"Async Capable": false,"Startup Cost": 5230.61,"Total Cost": 5230.62,"Plan Rows": 1,"Plan Width": 32,"Actual Startup Time": 55.495,"Actual Total Time": 55.496,"Actual Rows": 1,"Actual Loops": 3,"Workers": [],"Plans": [{"Node Type": "Seq Scan","Parent Relationship": "Outer","Parallel Aware": true,"Async Capable": false,"Relation Name": "customer","Alias": "customer_1","Startup Cost": 0.00,"Total Cost": 5225.62,"Plan Rows": 1994,"Plan Width": 6,"Actual Startup Time": 0.060,"Actual Total Time": 54.409,"Actual Rows": 12832,"Actual Loops": 3,"Filter": "((c_acctbal > 0.00) AND (SUBSTRING(c_phone FROM 1 FOR 2) = ANY ('{32,18,24,23,16,33,31}'::text[])))","Rows Removed by Filter": 37168,"Workers": []}]}]}]},{"Node Type": "Gather Merge","Parent Relationship": "Outer","Parallel Aware": false,"Async Capable": false,"Startup Cost": 6741.22,"Total Cost": 6821.30,"Plan Rows": 620,"Plan Width": 72,"Actual Startup Time": 138.902,"Actual Total Time": 142.305,"Actual Rows": 21,"Actual Loops": 1,"Workers Planned": 2,"Params Evaluated": ["$1"],"Workers Launched": 2,"Plans": [{"Node Type": "Aggregate","Strategy": "Sorted","Partial Mode": "Partial","Parent Relationship": "Outer","Parallel Aware": false,"Async Capable": false,"Startup Cost": 5741.19,"Total Cost": 5749.72,"Plan Rows": 310,"Plan Width": 72,"Actual Startup Time": 70.842,"Actual Total Time": 71.146,"Actual Rows": 7,"Actual Loops": 3,"Group Key": ["(SUBSTRING(customer.c_phone FROM 1 FOR 2))"],"Workers": [],"Plans": [{"Node Type": "Sort","Parent Relationship": "Outer","Parallel Aware": false,"Async Capable": false,"Startup Cost": 5741.19,"Total Cost": 5741.97,"Plan Rows": 310,"Plan Width": 38,"Actual Startup Time": 70.770,"Actual Total Time": 70.851,"Actual Rows": 2151,"Actual Loops": 3,"Sort Key": ["(SUBSTRING(customer.c_phone FROM 1 FOR 2))"],"Sort Method": "quicksort","Sort Space Used": 236,"Sort Space Type": "Memory","Workers": [{"Worker Number": 0,"Sort Method": "quicksort","Sort Space Used": 158,"Sort Space Type": "Memory"},{"Worker Number": 1,"Sort Method": "quicksort","Sort Space Used": 152,"Sort Space Type": "Memory"}],"Plans": [{"Node Type": "Nested Loop","Parent Relationship": "Outer","Parallel Aware": false,"Async Capable": false,"Join Type": "Anti","Startup Cost": 0.43,"Total Cost": 5728.36,"Plan Rows": 310,"Plan Width": 38,"Actual Startup Time": 0.207,"Actual Total Time": 69.991,"Actual Rows": 2151,"Actual Loops": 3,"Inner Unique": false,"Workers": [],"Plans": [{"Node Type": "Seq Scan","Parent Relationship": "Outer","Parallel Aware": true,"Async Capable": false,"Relation Name": "customer","Alias": "customer","Startup Cost": 0.00,"Total Cost": 5225.62,"Plan Rows": 729,"Plan Width": 26,"Actual Startup Time": 0.048,"Actual Total Time": 46.065,"Actual Rows": 6420,"Actual Loops": 3,"Filter": "((c_acctbal > $1) AND (SUBSTRING(c_phone FROM 1 FOR 2) = ANY ('{32,18,24,23,16,33,31}'::text[])))","Rows Removed by Filter": 43580,"Workers": []},{"Node Type": "Index Only Scan","Parent Relationship": "Inner","Parallel Aware": false,"Async Capable": false,"Scan Direction": "Forward","Index Name": "idx_orders_custkey","Relation Name": "orders","Alias": "orders","Startup Cost": 0.43,"Total Cost": 3.28,"Plan Rows": 17,"Plan Width": 4,"Actual Startup Time": 0.003,"Actual Total Time": 0.003,"Actual Rows": 1,"Actual Loops": 19261,"Index Cond": "(o_custkey = customer.c_custkey)","Rows Removed by Index Recheck": 0,"Heap Fetches": 0,"Workers": []}]}]}]}]}]},"Planning Time": 4.389,"Triggers": [],"Execution Time": 142.930}]
[{"Plan": {"Node Type": "Aggregate","Strategy": "Sorted","Partial Mode": "Finalize","Parallel Aware": false,"Async Capable": false,"Startup Cost": 12972.06,"Total Cost": 13071.37,"Plan Rows": 744,"Plan Width": 72,"Actual Startup Time": 140.449,"Actual Total Time": 143.820,"Actual Rows": 7,"Actual Loops": 1,"Group Key": ["(SUBSTRING(customer.c_phone FROM 1 FOR 2))"],"Plans": [{"Node Type": "Aggregate","Strategy": "Plain","Partial Mode": "Finalize","Parent Relationship": "InitPlan","Subplan Name": "InitPlan 1 (returns $1)","Parallel Aware": false,"Async Capable": false,"Startup Cost": 6230.83,"Total Cost": 6230.84,"Plan Rows": 1,"Plan Width": 32,"Actual Startup Time": 62.114,"Actual Total Time": 62.260,"Actual Rows": 1,"Actual Loops": 1,"Plans": [{"Node Type": "Gather","Parent Relationship": "Outer","Parallel Aware": false,"Async Capable": false,"Startup Cost": 6230.61,"Total Cost": 6230.82,"Plan Rows": 2,"Plan Width": 32,"Actual Startup Time": 62.018,"Actual Total Time": 62.242,"Actual Rows": 3,"Actual Loops": 1,"Workers Planned": 2,"Workers Launched": 2,"Single Copy": false,"Plans": [{"Node Type": "Aggregate","Strategy": "Plain","Partial Mode": "Partial","Parent Relationship": "Outer","Parallel Aware": false,"Async Capable": false,"Startup Cost": 5230.61,"Total Cost": 5230.62,"Plan Rows": 1,"Plan Width": 32,"Actual Startup Time": 56.061,"Actual Total Time": 56.062,"Actual Rows": 1,"Actual Loops": 3,"Workers": [],"Plans": [{"Node Type": "Seq Scan","Parent Relationship": "Outer","Parallel Aware": true,"Async Capable": false,"Relation Name": "customer","Alias": "customer_1","Startup Cost": 0.00,"Total Cost": 5225.62,"Plan Rows": 1994,"Plan Width": 6,"Actual Startup Time": 0.062,"Actual Total Time": 55.010,"Actual Rows": 12671,"Actual Loops": 3,"Filter": "((c_acctbal > 0.00) AND (SUBSTRING(c_phone FROM 1 FOR 2) = ANY ('{22,24,21,10,34,31,27}'::text[])))","Rows Removed by Filter": 37329,"Workers": []}]}]}]},{"Node Type": "Gather Merge","Parent Relationship": "Outer","Parallel Aware": false,"Async Capable": false,"Startup Cost": 6741.22,"Total Cost": 6821.30,"Plan Rows": 620,"Plan Width": 72,"Actual Startup Time": 140.309,"Actual Total Time": 143.608,"Actual Rows": 21,"Actual Loops": 1,"Workers Planned": 2,"Params Evaluated": ["$1"],"Workers Launched": 2,"Plans": [{"Node Type": "Aggregate","Strategy": "Sorted","Partial Mode": "Partial","Parent Relationship": "Outer","Parallel Aware": false,"Async Capable": false,"Startup Cost": 5741.19,"Total Cost": 5749.72,"Plan Rows": 310,"Plan Width": 72,"Actual Startup Time": 71.542,"Actual Total Time": 71.835,"Actual Rows": 7,"Actual Loops": 3,"Group Key": ["(SUBSTRING(customer.c_phone FROM 1 FOR 2))"],"Workers": [],"Plans": [{"Node Type": "Sort","Parent Relationship": "Outer","Parallel Aware": false,"Async Capable": false,"Startup Cost": 5741.19,"Total Cost": 5741.97,"Plan Rows": 310,"Plan Width": 38,"Actual Startup Time": 71.477,"Actual Total Time": 71.555,"Actual Rows": 2131,"Actual Loops": 3,"Sort Key": ["(SUBSTRING(customer.c_phone FROM 1 FOR 2))"],"Sort Method": "quicksort","Sort Space Used": 236,"Sort Space Type": "Memory","Workers": [{"Worker Number": 0,"Sort Method": "quicksort","Sort Space Used": 157,"Sort Space Type": "Memory"},{"Worker Number": 1,"Sort Method": "quicksort","Sort Space Used": 150,"Sort Space Type": "Memory"}],"Plans": [{"Node Type": "Nested Loop","Parent Relationship": "Outer","Parallel Aware": false,"Async Capable": false,"Join Type": "Anti","Startup Cost": 0.43,"Total Cost": 5728.36,"Plan Rows": 310,"Plan Width": 38,"Actual Startup Time": 0.182,"Actual Total Time": 70.661,"Actual Rows": 2131,"Actual Loops": 3,"Inner Unique": false,"Workers": [],"Plans": [{"Node Type": "Seq Scan","Parent Relationship": "Outer","Parallel Aware": true,"Async Capable": false,"Relation Name": "customer","Alias": "customer","Startup Cost": 0.00,"Total Cost": 5225.62,"Plan Rows": 729,"Plan Width": 26,"Actual Startup Time": 0.046,"Actual Total Time": 46.832,"Actual Rows": 6332,"Actual Loops": 3,"Filter": "((c_acctbal > $1) AND (SUBSTRING(c_phone FROM 1 FOR 2) = ANY ('{22,24,21,10,34,31,27}'::text[])))","Rows Removed by Filter": 43668,"Workers": []},{"Node Type": "Index Only Scan","Parent Relationship": "Inner","Parallel Aware": false,"Async Capable": false,"Scan Direction": "Forward","Index Name": "idx_orders_custkey","Relation Name": "orders","Alias": "orders","Startup Cost": 0.43,"Total Cost": 3.28,"Plan Rows": 17,"Plan Width": 4,"Actual Startup Time": 0.003,"Actual Total Time": 0.003,"Actual Rows": 1,"Actual Loops": 18996,"Index Cond": "(o_custkey = customer.c_custkey)","Rows Removed by Index Recheck": 0,"Heap Fetches": 0,"Workers": []}]}]}]}]}]},"Planning Time": 4.260,"Triggers": [],"Execution Time": 144.219}]
[{"Plan": {"Node Type": "Aggregate","Strategy": "Sorted","Partial Mode": "Finalize","Parallel Aware": false,"Async Capable": false,"Startup Cost": 12972.06,"Total Cost": 13071.37,"Plan Rows": 744,"Plan Width": 72,"Actual Startup Time": 139.002,"Actual Total Time": 142.631,"Actual Rows": 7,"Actual Loops": 1,"Group Key": ["(SUBSTRING(customer.c_phone FROM 1 FOR 2))"],"Plans": [{"Node Type": "Aggregate","Strategy": "Plain","Partial Mode": "Finalize","Parent Relationship": "InitPlan","Subplan Name": "InitPlan 1 (returns $1)","Parallel Aware": false,"Async Capable": false,"Startup Cost": 6230.83,"Total Cost": 6230.84,"Plan Rows": 1,"Plan Width": 32,"Actual Startup Time": 63.075,"Actual Total Time": 63.310,"Actual Rows": 1,"Actual Loops": 1,"Plans": [{"Node Type": "Gather","Parent Relationship": "Outer","Parallel Aware": false,"Async Capable": false,"Startup Cost": 6230.61,"Total Cost": 6230.82,"Plan Rows": 2,"Plan Width": 32,"Actual Startup Time": 62.974,"Actual Total Time": 63.293,"Actual Rows": 3,"Actual Loops": 1,"Workers Planned": 2,"Workers Launched": 2,"Single Copy": false,"Plans": [{"Node Type": "Aggregate","Strategy": "Plain","Partial Mode": "Partial","Parent Relationship": "Outer","Parallel Aware": false,"Async Capable": false,"Startup Cost": 5230.61,"Total Cost": 5230.62,"Plan Rows": 1,"Plan Width": 32,"Actual Startup Time": 56.474,"Actual Total Time": 56.476,"Actual Rows": 1,"Actual Loops": 3,"Workers": [],"Plans": [{"Node Type": "Seq Scan","Parent Relationship": "Outer","Parallel Aware": true,"Async Capable": false,"Relation Name": "customer","Alias": "customer_1","Startup Cost": 0.00,"Total Cost": 5225.62,"Plan Rows": 1994,"Plan Width": 6,"Actual Startup Time": 0.052,"Actual Total Time": 55.353,"Actual Rows": 12745,"Actual Loops": 3,"Filter": "((c_acctbal > 0.00) AND (SUBSTRING(c_phone FROM 1 FOR 2) = ANY ('{31,14,11,12,33,29,15}'::text[])))","Rows Removed by Filter": 37255,"Workers": []}]}]}]},{"Node Type": "Gather Merge","Parent Relationship": "Outer","Parallel Aware": false,"Async Capable": false,"Startup Cost": 6741.22,"Total Cost": 6821.30,"Plan Rows": 620,"Plan Width": 72,"Actual Startup Time": 138.892,"Actual Total Time": 142.349,"Actual Rows": 21,"Actual Loops": 1,"Workers Planned": 2,"Params Evaluated": ["$1"],"Workers Launched": 2,"Plans": [{"Node Type": "Aggregate","Strategy": "Sorted","Partial Mode": "Partial","Parent Relationship": "Outer","Parallel Aware": false,"Async Capable": false,"Startup Cost": 5741.19,"Total Cost": 5749.72,"Plan Rows": 310,"Plan Width": 72,"Actual Startup Time": 68.989,"Actual Total Time": 69.289,"Actual Rows": 7,"Actual Loops": 3,"Group Key": ["(SUBSTRING(customer.c_phone FROM 1 FOR 2))"],"Workers": [],"Plans": [{"Node Type": "Sort","Parent Relationship": "Outer","Parallel Aware": false,"Async Capable": false,"Startup Cost": 5741.19,"Total Cost": 5741.97,"Plan Rows": 310,"Plan Width": 38,"Actual Startup Time": 68.919,"Actual Total Time": 69.000,"Actual Rows": 2141,"Actual Loops": 3,"Sort Key": ["(SUBSTRING(customer.c_phone FROM 1 FOR 2))"],"Sort Method": "quicksort","Sort Space Used": 236,"Sort Space Type": "Memory","Workers": [{"Worker Number": 0,"Sort Method": "quicksort","Sort Space Used": 150,"Sort Space Type": "Memory"},{"Worker Number": 1,"Sort Method": "quicksort","Sort Space Used": 157,"Sort Space Type": "Memory"}],"Plans": [{"Node Type": "Nested Loop","Parent Relationship": "Outer","Parallel Aware": false,"Async Capable": false,"Join Type": "Anti","Startup Cost": 0.43,"Total Cost": 5728.36,"Plan Rows": 310,"Plan Width": 38,"Actual Startup Time": 0.183,"Actual Total Time": 68.107,"Actual Rows": 2141,"Actual Loops": 3,"Inner Unique": false,"Workers": [],"Plans": [{"Node Type": "Seq Scan","Parent Relationship": "Outer","Parallel Aware": true,"Async Capable": false,"Relation Name": "customer","Alias": "customer","Startup Cost": 0.00,"Total Cost": 5225.62,"Plan Rows": 729,"Plan Width": 26,"Actual Startup Time": 0.051,"Actual Total Time": 44.918,"Actual Rows": 6354,"Actual Loops": 3,"Filter": "((c_acctbal > $1) AND (SUBSTRING(c_phone FROM 1 FOR 2) = ANY ('{31,14,11,12,33,29,15}'::text[])))","Rows Removed by Filter": 43646,"Workers": []},{"Node Type": "Index Only Scan","Parent Relationship": "Inner","Parallel Aware": false,"Async Capable": false,"Scan Direction": "Forward","Index Name": "idx_orders_custkey","Relation Name": "orders","Alias": "orders","Startup Cost": 0.43,"Total Cost": 3.28,"Plan Rows": 17,"Plan Width": 4,"Actual Startup Time": 0.003,"Actual Total Time": 0.003,"Actual Rows": 1,"Actual Loops": 19063,"Index Cond": "(o_custkey = customer.c_custkey)","Rows Removed by Index Recheck": 0,"Heap Fetches": 0,"Workers": []}]}]}]}]}]},"Planning Time": 3.469,"Triggers": [],"Execution Time": 142.995}]
[{"Plan": {"Node Type": "Aggregate","Strategy": "Sorted","Partial Mode": "Finalize","Parallel Aware": false,"Async Capable": false,"Startup Cost": 12972.06,"Total Cost": 13071.37,"Plan Rows": 744,"Plan Width": 72,"Actual Startup Time": 139.171,"Actual Total Time": 142.548,"Actual Rows": 7,"Actual Loops": 1,"Group Key": ["(SUBSTRING(customer.c_phone FROM 1 FOR 2))"],"Plans": [{"Node Type": "Aggregate","Strategy": "Plain","Partial Mode": "Finalize","Parent Relationship": "InitPlan","Subplan Name": "InitPlan 1 (returns $1)","Parallel Aware": false,"Async Capable": false,"Startup Cost": 6230.83,"Total Cost": 6230.84,"Plan Rows": 1,"Plan Width": 32,"Actual Startup Time": 60.540,"Actual Total Time": 60.714,"Actual Rows": 1,"Actual Loops": 1,"Plans": [{"Node Type": "Gather","Parent Relationship": "Outer","Parallel Aware": false,"Async Capable": false,"Startup Cost": 6230.61,"Total Cost": 6230.82,"Plan Rows": 2,"Plan Width": 32,"Actual Startup Time": 60.404,"Actual Total Time": 60.700,"Actual Rows": 3,"Actual Loops": 1,"Workers Planned": 2,"Workers Launched": 2,"Single Copy": false,"Plans": [{"Node Type": "Aggregate","Strategy": "Plain","Partial Mode": "Partial","Parent Relationship": "Outer","Parallel Aware": false,"Async Capable": false,"Startup Cost": 5230.61,"Total Cost": 5230.62,"Plan Rows": 1,"Plan Width": 32,"Actual Startup Time": 54.289,"Actual Total Time": 54.289,"Actual Rows": 1,"Actual Loops": 3,"Workers": [],"Plans": [{"Node Type": "Seq Scan","Parent Relationship": "Outer","Parallel Aware": true,"Async Capable": false,"Relation Name": "customer","Alias": "customer_1","Startup Cost": 0.00,"Total Cost": 5225.62,"Plan Rows": 1994,"Plan Width": 6,"Actual Startup Time": 0.065,"Actual Total Time": 53.225,"Actual Rows": 12708,"Actual Loops": 3,"Filter": "((c_acctbal > 0.00) AND (SUBSTRING(c_phone FROM 1 FOR 2) = ANY ('{17,28,21,29,11,31,13}'::text[])))","Rows Removed by Filter": 37292,"Workers": []}]}]}]},{"Node Type": "Gather Merge","Parent Relationship": "Outer","Parallel Aware": false,"Async Capable": false,"Startup Cost": 6741.22,"Total Cost": 6821.30,"Plan Rows": 620,"Plan Width": 72,"Actual Startup Time": 139.055,"Actual Total Time": 142.326,"Actual Rows": 21,"Actual Loops": 1,"Workers Planned": 2,"Params Evaluated": ["$1"],"Workers Launched": 2,"Plans": [{"Node Type": "Aggregate","Strategy": "Sorted","Partial Mode": "Partial","Parent Relationship": "Outer","Parallel Aware": false,"Async Capable": false,"Startup Cost": 5741.19,"Total Cost": 5749.72,"Plan Rows": 310,"Plan Width": 72,"Actual Startup Time": 71.740,"Actual Total Time": 72.044,"Actual Rows": 7,"Actual Loops": 3,"Group Key": ["(SUBSTRING(customer.c_phone FROM 1 FOR 2))"],"Workers": [],"Plans": [{"Node Type": "Sort","Parent Relationship": "Outer","Parallel Aware": false,"Async Capable": false,"Startup Cost": 5741.19,"Total Cost": 5741.97,"Plan Rows": 310,"Plan Width": 38,"Actual Startup Time": 71.667,"Actual Total Time": 71.752,"Actual Rows": 2129,"Actual Loops": 3,"Sort Key": ["(SUBSTRING(customer.c_phone FROM 1 FOR 2))"],"Sort Method": "quicksort","Sort Space Used": 231,"Sort Space Type": "Memory","Workers": [{"Worker Number": 0,"Sort Method": "quicksort","Sort Space Used": 155,"Sort Space Type": "Memory"},{"Worker Number": 1,"Sort Method": "quicksort","Sort Space Used": 157,"Sort Space Type": "Memory"}],"Plans": [{"Node Type": "Nested Loop","Parent Relationship": "Outer","Parallel Aware": false,"Async Capable": false,"Join Type": "Anti","Startup Cost": 0.43,"Total Cost": 5728.36,"Plan Rows": 310,"Plan Width": 38,"Actual Startup Time": 0.137,"Actual Total Time": 70.906,"Actual Rows": 2129,"Actual Loops": 3,"Inner Unique": false,"Workers": [],"Plans": [{"Node Type": "Seq Scan","Parent Relationship": "Outer","Parallel Aware": true,"Async Capable": false,"Relation Name": "customer","Alias": "customer","Startup Cost": 0.00,"Total Cost": 5225.62,"Plan Rows": 729,"Plan Width": 26,"Actual Startup Time": 0.029,"Actual Total Time": 46.543,"Actual Rows": 6330,"Actual Loops": 3,"Filter": "((c_acctbal > $1) AND (SUBSTRING(c_phone FROM 1 FOR 2) = ANY ('{17,28,21,29,11,31,13}'::text[])))","Rows Removed by Filter": 43670,"Workers": []},{"Node Type": "Index Only Scan","Parent Relationship": "Inner","Parallel Aware": false,"Async Capable": false,"Scan Direction": "Forward","Index Name": "idx_orders_custkey","Relation Name": "orders","Alias": "orders","Startup Cost": 0.43,"Total Cost": 3.28,"Plan Rows": 17,"Plan Width": 4,"Actual Startup Time": 0.004,"Actual Total Time": 0.004,"Actual Rows": 1,"Actual Loops": 18990,"Index Cond": "(o_custkey = customer.c_custkey)","Rows Removed by Index Recheck": 0,"Heap Fetches": 0,"Workers": []}]}]}]}]}]},"Planning Time": 3.748,"Triggers": [],"Execution Time": 142.905}]
[{"Plan": {"Node Type": "Aggregate","Strategy": "Sorted","Partial Mode": "Finalize","Parallel Aware": false,"Async Capable": false,"Startup Cost": 12972.06,"Total Cost": 13071.37,"Plan Rows": 744,"Plan Width": 72,"Actual Startup Time": 133.955,"Actual Total Time": 137.585,"Actual Rows": 7,"Actual Loops": 1,"Group Key": ["(SUBSTRING(customer.c_phone FROM 1 FOR 2))"],"Plans": [{"Node Type": "Aggregate","Strategy": "Plain","Partial Mode": "Finalize","Parent Relationship": "InitPlan","Subplan Name": "InitPlan 1 (returns $1)","Parallel Aware": false,"Async Capable": false,"Startup Cost": 6230.83,"Total Cost": 6230.84,"Plan Rows": 1,"Plan Width": 32,"Actual Startup Time": 59.038,"Actual Total Time": 59.233,"Actual Rows": 1,"Actual Loops": 1,"Plans": [{"Node Type": "Gather","Parent Relationship": "Outer","Parallel Aware": false,"Async Capable": false,"Startup Cost": 6230.61,"Total Cost": 6230.82,"Plan Rows": 2,"Plan Width": 32,"Actual Startup Time": 58.919,"Actual Total Time": 59.213,"Actual Rows": 3,"Actual Loops": 1,"Workers Planned": 2,"Workers Launched": 2,"Single Copy": false,"Plans": [{"Node Type": "Aggregate","Strategy": "Plain","Partial Mode": "Partial","Parent Relationship": "Outer","Parallel Aware": false,"Async Capable": false,"Startup Cost": 5230.61,"Total Cost": 5230.62,"Plan Rows": 1,"Plan Width": 32,"Actual Startup Time": 52.883,"Actual Total Time": 52.885,"Actual Rows": 1,"Actual Loops": 3,"Workers": [],"Plans": [{"Node Type": "Seq Scan","Parent Relationship": "Outer","Parallel Aware": true,"Async Capable": false,"Relation Name": "customer","Alias": "customer_1","Startup Cost": 0.00,"Total Cost": 5225.62,"Plan Rows": 1994,"Plan Width": 6,"Actual Startup Time": 0.053,"Actual Total Time": 51.807,"Actual Rows": 12649,"Actual Loops": 3,"Filter": "((c_acctbal > 0.00) AND (SUBSTRING(c_phone FROM 1 FOR 2) = ANY ('{10,27,26,13,30,34,16}'::text[])))","Rows Removed by Filter": 37351,"Workers": []}]}]}]},{"Node Type": "Gather Merge","Parent Relationship": "Outer","Parallel Aware": false,"Async Capable": false,"Startup Cost": 6741.22,"Total Cost": 6821.30,"Plan Rows": 620,"Plan Width": 72,"Actual Startup Time": 133.835,"Actual Total Time": 137.321,"Actual Rows": 21,"Actual Loops": 1,"Workers Planned": 2,"Params Evaluated": ["$1"],"Workers Launched": 2,"Plans": [{"Node Type": "Aggregate","Strategy": "Sorted","Partial Mode": "Partial","Parent Relationship": "Outer","Parallel Aware": false,"Async Capable": false,"Startup Cost": 5741.19,"Total Cost": 5749.72,"Plan Rows": 310,"Plan Width": 72,"Actual Startup Time": 67.697,"Actual Total Time": 67.984,"Actual Rows": 7,"Actual Loops": 3,"Group Key": ["(SUBSTRING(customer.c_phone FROM 1 FOR 2))"],"Workers": [],"Plans": [{"Node Type": "Sort","Parent Relationship": "Outer","Parallel Aware": false,"Async Capable": false,"Startup Cost": 5741.19,"Total Cost": 5741.97,"Plan Rows": 310,"Plan Width": 38,"Actual Startup Time": 67.631,"Actual Total Time": 67.708,"Actual Rows": 2081,"Actual Loops": 3,"Sort Key": ["(SUBSTRING(customer.c_phone FROM 1 FOR 2))"],"Sort Method": "quicksort","Sort Space Used": 236,"Sort Space Type": "Memory","Workers": [{"Worker Number": 0,"Sort Method": "quicksort","Sort Space Used": 150,"Sort Space Type": "Memory"},{"Worker Number": 1,"Sort Method": "quicksort","Sort Space Used": 148,"Sort Space Type": "Memory"}],"Plans": [{"Node Type": "Nested Loop","Parent Relationship": "Outer","Parallel Aware": false,"Async Capable": false,"Join Type": "Anti","Startup Cost": 0.43,"Total Cost": 5728.36,"Plan Rows": 310,"Plan Width": 38,"Actual Startup Time": 0.171,"Actual Total Time": 66.855,"Actual Rows": 2081,"Actual Loops": 3,"Inner Unique": false,"Workers": [],"Plans": [{"Node Type": "Seq Scan","Parent Relationship": "Outer","Parallel Aware": true,"Async Capable": false,"Relation Name": "customer","Alias": "customer","Startup Cost": 0.00,"Total Cost": 5225.62,"Plan Rows": 729,"Plan Width": 26,"Actual Startup Time": 0.034,"Actual Total Time": 44.058,"Actual Rows": 6290,"Actual Loops": 3,"Filter": "((c_acctbal > $1) AND (SUBSTRING(c_phone FROM 1 FOR 2) = ANY ('{10,27,26,13,30,34,16}'::text[])))","Rows Removed by Filter": 43710,"Workers": []},{"Node Type": "Index Only Scan","Parent Relationship": "Inner","Parallel Aware": false,"Async Capable": false,"Scan Direction": "Forward","Index Name": "idx_orders_custkey","Relation Name": "orders","Alias": "orders","Startup Cost": 0.43,"Total Cost": 3.28,"Plan Rows": 17,"Plan Width": 4,"Actual Startup Time": 0.003,"Actual Total Time": 0.003,"Actual Rows": 1,"Actual Loops": 18871,"Index Cond": "(o_custkey = customer.c_custkey)","Rows Removed by Index Recheck": 0,"Heap Fetches": 0,"Workers": []}]}]}]}]}]},"Planning Time": 4.851,"Triggers": [],"Execution Time": 138.047}]
[{"Plan": {"Node Type": "Aggregate","Strategy": "Sorted","Partial Mode": "Finalize","Parallel Aware": false,"Async Capable": false,"Startup Cost": 12972.06,"Total Cost": 13071.37,"Plan Rows": 744,"Plan Width": 72,"Actual Startup Time": 139.576,"Actual Total Time": 143.256,"Actual Rows": 7,"Actual Loops": 1,"Group Key": ["(SUBSTRING(customer.c_phone FROM 1 FOR 2))"],"Plans": [{"Node Type": "Aggregate","Strategy": "Plain","Partial Mode": "Finalize","Parent Relationship": "InitPlan","Subplan Name": "InitPlan 1 (returns $1)","Parallel Aware": false,"Async Capable": false,"Startup Cost": 6230.83,"Total Cost": 6230.84,"Plan Rows": 1,"Plan Width": 32,"Actual Startup Time": 62.937,"Actual Total Time": 63.225,"Actual Rows": 1,"Actual Loops": 1,"Plans": [{"Node Type": "Gather","Parent Relationship": "Outer","Parallel Aware": false,"Async Capable": false,"Startup Cost": 6230.61,"Total Cost": 6230.82,"Plan Rows": 2,"Plan Width": 32,"Actual Startup Time": 62.822,"Actual Total Time": 63.208,"Actual Rows": 3,"Actual Loops": 1,"Workers Planned": 2,"Workers Launched": 2,"Single Copy": false,"Plans": [{"Node Type": "Aggregate","Strategy": "Plain","Partial Mode": "Partial","Parent Relationship": "Outer","Parallel Aware": false,"Async Capable": false,"Startup Cost": 5230.61,"Total Cost": 5230.62,"Plan Rows": 1,"Plan Width": 32,"Actual Startup Time": 56.452,"Actual Total Time": 56.453,"Actual Rows": 1,"Actual Loops": 3,"Workers": [],"Plans": [{"Node Type": "Seq Scan","Parent Relationship": "Outer","Parallel Aware": true,"Async Capable": false,"Relation Name": "customer","Alias": "customer_1","Startup Cost": 0.00,"Total Cost": 5225.62,"Plan Rows": 1994,"Plan Width": 6,"Actual Startup Time": 0.056,"Actual Total Time": 55.397,"Actual Rows": 12706,"Actual Loops": 3,"Filter": "((c_acctbal > 0.00) AND (SUBSTRING(c_phone FROM 1 FOR 2) = ANY ('{34,27,15,16,17,32,28}'::text[])))","Rows Removed by Filter": 37294,"Workers": []}]}]}]},{"Node Type": "Gather Merge","Parent Relationship": "Outer","Parallel Aware": false,"Async Capable": false,"Startup Cost": 6741.22,"Total Cost": 6821.30,"Plan Rows": 620,"Plan Width": 72,"Actual Startup Time": 139.465,"Actual Total Time": 142.923,"Actual Rows": 21,"Actual Loops": 1,"Workers Planned": 2,"Params Evaluated": ["$1"],"Workers Launched": 2,"Plans": [{"Node Type": "Aggregate","Strategy": "Sorted","Partial Mode": "Partial","Parent Relationship": "Outer","Parallel Aware": false,"Async Capable": false,"Startup Cost": 5741.19,"Total Cost": 5749.72,"Plan Rows": 310,"Plan Width": 72,"Actual Startup Time": 69.712,"Actual Total Time": 70.007,"Actual Rows": 7,"Actual Loops": 3,"Group Key": ["(SUBSTRING(customer.c_phone FROM 1 FOR 2))"],"Workers": [],"Plans": [{"Node Type": "Sort","Parent Relationship": "Outer","Parallel Aware": false,"Async Capable": false,"Startup Cost": 5741.19,"Total Cost": 5741.97,"Plan Rows": 310,"Plan Width": 38,"Actual Startup Time": 69.641,"Actual Total Time": 69.724,"Actual Rows": 2102,"Actual Loops": 3,"Sort Key": ["(SUBSTRING(customer.c_phone FROM 1 FOR 2))"],"Sort Method": "quicksort","Sort Space Used": 233,"Sort Space Type": "Memory","Workers": [{"Worker Number": 0,"Sort Method": "quicksort","Sort Space Used": 152,"Sort Space Type": "Memory"},{"Worker Number": 1,"Sort Method": "quicksort","Sort Space Used": 154,"Sort Space Type": "Memory"}],"Plans": [{"Node Type": "Nested Loop","Parent Relationship": "Outer","Parallel Aware": false,"Async Capable": false,"Join Type": "Anti","Startup Cost": 0.43,"Total Cost": 5728.36,"Plan Rows": 310,"Plan Width": 38,"Actual Startup Time": 0.177,"Actual Total Time": 68.826,"Actual Rows": 2102,"Actual Loops": 3,"Inner Unique": false,"Workers": [],"Plans": [{"Node Type": "Seq Scan","Parent Relationship": "Outer","Parallel Aware": true,"Async Capable": false,"Relation Name": "customer","Alias": "customer","Startup Cost": 0.00,"Total Cost": 5225.62,"Plan Rows": 729,"Plan Width": 26,"Actual Startup Time": 0.043,"Actual Total Time": 45.368,"Actual Rows": 6341,"Actual Loops": 3,"Filter": "((c_acctbal > $1) AND (SUBSTRING(c_phone FROM 1 FOR 2) = ANY ('{34,27,15,16,17,32,28}'::text[])))","Rows Removed by Filter": 43659,"Workers": []},{"Node Type": "Index Only Scan","Parent Relationship": "Inner","Parallel Aware": false,"Async Capable": false,"Scan Direction": "Forward","Index Name": "idx_orders_custkey","Relation Name": "orders","Alias": "orders","Startup Cost": 0.43,"Total Cost": 3.28,"Plan Rows": 17,"Plan Width": 4,"Actual Startup Time": 0.003,"Actual Total Time": 0.003,"Actual Rows": 1,"Actual Loops": 19022,"Index Cond": "(o_custkey = customer.c_custkey)","Rows Removed by Index Recheck": 0,"Heap Fetches": 0,"Workers": []}]}]}]}]}]},"Planning Time": 4.421,"Triggers": [],"Execution Time": 143.605}]
[{"Plan": {"Node Type": "Aggregate","Strategy": "Sorted","Partial Mode": "Finalize","Parallel Aware": false,"Async Capable": false,"Startup Cost": 12972.06,"Total Cost": 13071.37,"Plan Rows": 744,"Plan Width": 72,"Actual Startup Time": 141.060,"Actual Total Time": 144.492,"Actual Rows": 7,"Actual Loops": 1,"Group Key": ["(SUBSTRING(customer.c_phone FROM 1 FOR 2))"],"Plans": [{"Node Type": "Aggregate","Strategy": "Plain","Partial Mode": "Finalize","Parent Relationship": "InitPlan","Subplan Name": "InitPlan 1 (returns $1)","Parallel Aware": false,"Async Capable": false,"Startup Cost": 6230.83,"Total Cost": 6230.84,"Plan Rows": 1,"Plan Width": 32,"Actual Startup Time": 62.136,"Actual Total Time": 62.324,"Actual Rows": 1,"Actual Loops": 1,"Plans": [{"Node Type": "Gather","Parent Relationship": "Outer","Parallel Aware": false,"Async Capable": false,"Startup Cost": 6230.61,"Total Cost": 6230.82,"Plan Rows": 2,"Plan Width": 32,"Actual Startup Time": 62.054,"Actual Total Time": 62.308,"Actual Rows": 3,"Actual Loops": 1,"Workers Planned": 2,"Workers Launched": 2,"Single Copy": false,"Plans": [{"Node Type": "Aggregate","Strategy": "Plain","Partial Mode": "Partial","Parent Relationship": "Outer","Parallel Aware": false,"Async Capable": false,"Startup Cost": 5230.61,"Total Cost": 5230.62,"Plan Rows": 1,"Plan Width": 32,"Actual Startup Time": 56.478,"Actual Total Time": 56.480,"Actual Rows": 1,"Actual Loops": 3,"Workers": [],"Plans": [{"Node Type": "Seq Scan","Parent Relationship": "Outer","Parallel Aware": true,"Async Capable": false,"Relation Name": "customer","Alias": "customer_1","Startup Cost": 0.00,"Total Cost": 5225.62,"Plan Rows": 1994,"Plan Width": 6,"Actual Startup Time": 0.039,"Actual Total Time": 55.365,"Actual Rows": 12720,"Actual Loops": 3,"Filter": "((c_acctbal > 0.00) AND (SUBSTRING(c_phone FROM 1 FOR 2) = ANY ('{18,17,12,23,29,28,10}'::text[])))","Rows Removed by Filter": 37280,"Workers": []}]}]}]},{"Node Type": "Gather Merge","Parent Relationship": "Outer","Parallel Aware": false,"Async Capable": false,"Startup Cost": 6741.22,"Total Cost": 6821.30,"Plan Rows": 620,"Plan Width": 72,"Actual Startup Time": 140.932,"Actual Total Time": 144.248,"Actual Rows": 21,"Actual Loops": 1,"Workers Planned": 2,"Params Evaluated": ["$1"],"Workers Launched": 2,"Plans": [{"Node Type": "Aggregate","Strategy": "Sorted","Partial Mode": "Partial","Parent Relationship": "Outer","Parallel Aware": false,"Async Capable": false,"Startup Cost": 5741.19,"Total Cost": 5749.72,"Plan Rows": 310,"Plan Width": 72,"Actual Startup Time": 72.087,"Actual Total Time": 72.386,"Actual Rows": 7,"Actual Loops": 3,"Group Key": ["(SUBSTRING(customer.c_phone FROM 1 FOR 2))"],"Workers": [],"Plans": [{"Node Type": "Sort","Parent Relationship": "Outer","Parallel Aware": false,"Async Capable": false,"Startup Cost": 5741.19,"Total Cost": 5741.97,"Plan Rows": 310,"Plan Width": 38,"Actual Startup Time": 72.018,"Actual Total Time": 72.099,"Actual Rows": 2116,"Actual Loops": 3,"Sort Key": ["(SUBSTRING(customer.c_phone FROM 1 FOR 2))"],"Sort Method": "quicksort","Sort Space Used": 234,"Sort Space Type": "Memory","Workers": [{"Worker Number": 0,"Sort Method": "quicksort","Sort Space Used": 156,"Sort Space Type": "Memory"},{"Worker Number": 1,"Sort Method": "quicksort","Sort Space Used": 150,"Sort Space Type": "Memory"}],"Plans": [{"Node Type": "Nested Loop","Parent Relationship": "Outer","Parallel Aware": false,"Async Capable": false,"Join Type": "Anti","Startup Cost": 0.43,"Total Cost": 5728.36,"Plan Rows": 310,"Plan Width": 38,"Actual Startup Time": 0.186,"Actual Total Time": 71.238,"Actual Rows": 2116,"Actual Loops": 3,"Inner Unique": false,"Workers": [],"Plans": [{"Node Type": "Seq Scan","Parent Relationship": "Outer","Parallel Aware": true,"Async Capable": false,"Relation Name": "customer","Alias": "customer","Startup Cost": 0.00,"Total Cost": 5225.62,"Plan Rows": 729,"Plan Width": 26,"Actual Startup Time": 0.051,"Actual Total Time": 47.367,"Actual Rows": 6338,"Actual Loops": 3,"Filter": "((c_acctbal > $1) AND (SUBSTRING(c_phone FROM 1 FOR 2) = ANY ('{18,17,12,23,29,28,10}'::text[])))","Rows Removed by Filter": 43662,"Workers": []},{"Node Type": "Index Only Scan","Parent Relationship": "Inner","Parallel Aware": false,"Async Capable": false,"Scan Direction": "Forward","Index Name": "idx_orders_custkey","Relation Name": "orders","Alias": "orders","Startup Cost": 0.43,"Total Cost": 3.28,"Plan Rows": 17,"Plan Width": 4,"Actual Startup Time": 0.003,"Actual Total Time": 0.003,"Actual Rows": 1,"Actual Loops": 19014,"Index Cond": "(o_custkey = customer.c_custkey)","Rows Removed by Index Recheck": 0,"Heap Fetches": 0,"Workers": []}]}]}]}]}]},"Planning Time": 3.462,"Triggers": [],"Execution Time": 144.808}]
[{"Plan": {"Node Type": "Aggregate","Strategy": "Sorted","Partial Mode": "Finalize","Parallel Aware": false,"Async Capable": false,"Startup Cost": 12972.06,"Total Cost": 13071.37,"Plan Rows": 744,"Plan Width": 72,"Actual Startup Time": 138.666,"Actual Total Time": 142.470,"Actual Rows": 7,"Actual Loops": 1,"Group Key": ["(SUBSTRING(customer.c_phone FROM 1 FOR 2))"],"Plans": [{"Node Type": "Aggregate","Strategy": "Plain","Partial Mode": "Finalize","Parent Relationship": "InitPlan","Subplan Name": "InitPlan 1 (returns $1)","Parallel Aware": false,"Async Capable": false,"Startup Cost": 6230.83,"Total Cost": 6230.84,"Plan Rows": 1,"Plan Width": 32,"Actual Startup Time": 62.885,"Actual Total Time": 63.104,"Actual Rows": 1,"Actual Loops": 1,"Plans": [{"Node Type": "Gather","Parent Relationship": "Outer","Parallel Aware": false,"Async Capable": false,"Startup Cost": 6230.61,"Total Cost": 6230.82,"Plan Rows": 2,"Plan Width": 32,"Actual Startup Time": 62.778,"Actual Total Time": 63.081,"Actual Rows": 3,"Actual Loops": 1,"Workers Planned": 2,"Workers Launched": 2,"Single Copy": false,"Plans": [{"Node Type": "Aggregate","Strategy": "Plain","Partial Mode": "Partial","Parent Relationship": "Outer","Parallel Aware": false,"Async Capable": false,"Startup Cost": 5230.61,"Total Cost": 5230.62,"Plan Rows": 1,"Plan Width": 32,"Actual Startup Time": 56.510,"Actual Total Time": 56.512,"Actual Rows": 1,"Actual Loops": 3,"Workers": [],"Plans": [{"Node Type": "Seq Scan","Parent Relationship": "Outer","Parallel Aware": true,"Async Capable": false,"Relation Name": "customer","Alias": "customer_1","Startup Cost": 0.00,"Total Cost": 5225.62,"Plan Rows": 1994,"Plan Width": 6,"Actual Startup Time": 0.064,"Actual Total Time": 55.446,"Actual Rows": 12714,"Actual Loops": 3,"Filter": "((c_acctbal > 0.00) AND (SUBSTRING(c_phone FROM 1 FOR 2) = ANY ('{20,31,21,32,13,22,15}'::text[])))","Rows Removed by Filter": 37286,"Workers": []}]}]}]},{"Node Type": "Gather Merge","Parent Relationship": "Outer","Parallel Aware": false,"Async Capable": false,"Startup Cost": 6741.22,"Total Cost": 6821.30,"Plan Rows": 620,"Plan Width": 72,"Actual Startup Time": 138.552,"Actual Total Time": 142.202,"Actual Rows": 21,"Actual Loops": 1,"Workers Planned": 2,"Params Evaluated": ["$1"],"Workers Launched": 2,"Plans": [{"Node Type": "Aggregate","Strategy": "Sorted","Partial Mode": "Partial","Parent Relationship": "Outer","Parallel Aware": false,"Async Capable": false,"Startup Cost": 5741.19,"Total Cost": 5749.72,"Plan Rows": 310,"Plan Width": 72,"Actual Startup Time": 68.872,"Actual Total Time": 69.173,"Actual Rows": 7,"Actual Loops": 3,"Group Key": ["(SUBSTRING(customer.c_phone FROM 1 FOR 2))"],"Workers": [],"Plans": [{"Node Type": "Sort","Parent Relationship": "Outer","Parallel Aware": false,"Async Capable": false,"Startup Cost": 5741.19,"Total Cost": 5741.97,"Plan Rows": 310,"Plan Width": 38,"Actual Startup Time": 68.805,"Actual Total Time": 68.885,"Actual Rows": 2129,"Actual Loops": 3,"Sort Key": ["(SUBSTRING(customer.c_phone FROM 1 FOR 2))"],"Sort Method": "quicksort","Sort Space Used": 236,"Sort Space Type": "Memory","Workers": [{"Worker Number": 0,"Sort Method": "quicksort","Sort Space Used": 154,"Sort Space Type": "Memory"},{"Worker Number": 1,"Sort Method": "quicksort","Sort Space Used": 153,"Sort Space Type": "Memory"}],"Plans": [{"Node Type": "Nested Loop","Parent Relationship": "Outer","Parallel Aware": false,"Async Capable": false,"Join Type": "Anti","Startup Cost": 0.43,"Total Cost": 5728.36,"Plan Rows": 310,"Plan Width": 38,"Actual Startup Time": 0.177,"Actual Total Time": 68.016,"Actual Rows": 2129,"Actual Loops": 3,"Inner Unique": false,"Workers": [],"Plans": [{"Node Type": "Seq Scan","Parent Relationship": "Outer","Parallel Aware": true,"Async Capable": false,"Relation Name": "customer","Alias": "customer","Startup Cost": 0.00,"Total Cost": 5225.62,"Plan Rows": 729,"Plan Width": 26,"Actual Startup Time": 0.054,"Actual Total Time": 44.878,"Actual Rows": 6356,"Actual Loops": 3,"Filter": "((c_acctbal > $1) AND (SUBSTRING(c_phone FROM 1 FOR 2) = ANY ('{20,31,21,32,13,22,15}'::text[])))","Rows Removed by Filter": 43644,"Workers": []},{"Node Type": "Index Only Scan","Parent Relationship": "Inner","Parallel Aware": false,"Async Capable": false,"Scan Direction": "Forward","Index Name": "idx_orders_custkey","Relation Name": "orders","Alias": "orders","Startup Cost": 0.43,"Total Cost": 3.28,"Plan Rows": 17,"Plan Width": 4,"Actual Startup Time": 0.003,"Actual Total Time": 0.003,"Actual Rows": 1,"Actual Loops": 19069,"Index Cond": "(o_custkey = customer.c_custkey)","Rows Removed by Index Recheck": 0,"Heap Fetches": 0,"Workers": []}]}]}]}]}]},"Planning Time": 3.583,"Triggers": [],"Execution Time": 142.925}]
[{"Plan": {"Node Type": "Aggregate","Strategy": "Sorted","Partial Mode": "Finalize","Parallel Aware": false,"Async Capable": false,"Startup Cost": 12972.06,"Total Cost": 13071.37,"Plan Rows": 744,"Plan Width": 72,"Actual Startup Time": 139.647,"Actual Total Time": 143.011,"Actual Rows": 7,"Actual Loops": 1,"Group Key": ["(SUBSTRING(customer.c_phone FROM 1 FOR 2))"],"Plans": [{"Node Type": "Aggregate","Strategy": "Plain","Partial Mode": "Finalize","Parent Relationship": "InitPlan","Subplan Name": "InitPlan 1 (returns $1)","Parallel Aware": false,"Async Capable": false,"Startup Cost": 6230.83,"Total Cost": 6230.84,"Plan Rows": 1,"Plan Width": 32,"Actual Startup Time": 61.558,"Actual Total Time": 61.722,"Actual Rows": 1,"Actual Loops": 1,"Plans": [{"Node Type": "Gather","Parent Relationship": "Outer","Parallel Aware": false,"Async Capable": false,"Startup Cost": 6230.61,"Total Cost": 6230.82,"Plan Rows": 2,"Plan Width": 32,"Actual Startup Time": 61.475,"Actual Total Time": 61.697,"Actual Rows": 3,"Actual Loops": 1,"Workers Planned": 2,"Workers Launched": 2,"Single Copy": false,"Plans": [{"Node Type": "Aggregate","Strategy": "Plain","Partial Mode": "Partial","Parent Relationship": "Outer","Parallel Aware": false,"Async Capable": false,"Startup Cost": 5230.61,"Total Cost": 5230.62,"Plan Rows": 1,"Plan Width": 32,"Actual Startup Time": 55.648,"Actual Total Time": 55.650,"Actual Rows": 1,"Actual Loops": 3,"Workers": [],"Plans": [{"Node Type": "Seq Scan","Parent Relationship": "Outer","Parallel Aware": true,"Async Capable": false,"Relation Name": "customer","Alias": "customer_1","Startup Cost": 0.00,"Total Cost": 5225.62,"Plan Rows": 1994,"Plan Width": 6,"Actual Startup Time": 0.047,"Actual Total Time": 54.563,"Actual Rows": 12681,"Actual Loops": 3,"Filter": "((c_acctbal > 0.00) AND (SUBSTRING(c_phone FROM 1 FOR 2) = ANY ('{17,11,13,10,31,33,18}'::text[])))","Rows Removed by Filter": 37319,"Workers": []}]}]}]},{"Node Type": "Gather Merge","Parent Relationship": "Outer","Parallel Aware": false,"Async Capable": false,"Startup Cost": 6741.22,"Total Cost": 6821.30,"Plan Rows": 620,"Plan Width": 72,"Actual Startup Time": 139.521,"Actual Total Time": 142.780,"Actual Rows": 21,"Actual Loops": 1,"Workers Planned": 2,"Params Evaluated": ["$1"],"Workers Launched": 2,"Plans": [{"Node Type": "Aggregate","Strategy": "Sorted","Partial Mode": "Partial","Parent Relationship": "Outer","Parallel Aware": false,"Async Capable": false,"Startup Cost": 5741.19,"Total Cost": 5749.72,"Plan Rows": 310,"Plan Width": 72,"Actual Startup Time": 71.444,"Actual Total Time": 71.738,"Actual Rows": 7,"Actual Loops": 3,"Group Key": ["(SUBSTRING(customer.c_phone FROM 1 FOR 2))"],"Workers": [],"Plans": [{"Node Type": "Sort","Parent Relationship": "Outer","Parallel Aware": false,"Async Capable": false,"Startup Cost": 5741.19,"Total Cost": 5741.97,"Plan Rows": 310,"Plan Width": 38,"Actual Startup Time": 71.373,"Actual Total Time": 71.451,"Actual Rows": 2124,"Actual Loops": 3,"Sort Key": ["(SUBSTRING(customer.c_phone FROM 1 FOR 2))"],"Sort Method": "quicksort","Sort Space Used": 236,"Sort Space Type": "Memory","Workers": [{"Worker Number": 0,"Sort Method": "quicksort","Sort Space Used": 159,"Sort Space Type": "Memory"},{"Worker Number": 1,"Sort Method": "quicksort","Sort Space Used": 147,"Sort Space Type": "Memory"}],"Plans": [{"Node Type": "Nested Loop","Parent Relationship": "Outer","Parallel Aware": false,"Async Capable": false,"Join Type": "Anti","Startup Cost": 0.43,"Total Cost": 5728.36,"Plan Rows": 310,"Plan Width": 38,"Actual Startup Time": 0.213,"Actual Total Time": 70.607,"Actual Rows": 2124,"Actual Loops": 3,"Inner Unique": false,"Workers": [],"Plans": [{"Node Type": "Seq Scan","Parent Relationship": "Outer","Parallel Aware": true,"Async Capable": false,"Relation Name": "customer","Alias": "customer","Startup Cost": 0.00,"Total Cost": 5225.62,"Plan Rows": 729,"Plan Width": 26,"Actual Startup Time": 0.032,"Actual Total Time": 46.845,"Actual Rows": 6300,"Actual Loops": 3,"Filter": "((c_acctbal > $1) AND (SUBSTRING(c_phone FROM 1 FOR 2) = ANY ('{17,11,13,10,31,33,18}'::text[])))","Rows Removed by Filter": 43700,"Workers": []},{"Node Type": "Index Only Scan","Parent Relationship": "Inner","Parallel Aware": false,"Async Capable": false,"Scan Direction": "Forward","Index Name": "idx_orders_custkey","Relation Name": "orders","Alias": "orders","Startup Cost": 0.43,"Total Cost": 3.28,"Plan Rows": 17,"Plan Width": 4,"Actual Startup Time": 0.003,"Actual Total Time": 0.003,"Actual Rows": 1,"Actual Loops": 18901,"Index Cond": "(o_custkey = customer.c_custkey)","Rows Removed by Index Recheck": 0,"Heap Fetches": 0,"Workers": []}]}]}]}]}]},"Planning Time": 4.123,"Triggers": [],"Execution Time": 143.347}]
[{"Plan": {"Node Type": "Aggregate","Strategy": "Sorted","Partial Mode": "Finalize","Parallel Aware": false,"Async Capable": false,"Startup Cost": 12972.06,"Total Cost": 13071.37,"Plan Rows": 744,"Plan Width": 72,"Actual Startup Time": 137.781,"Actual Total Time": 141.467,"Actual Rows": 7,"Actual Loops": 1,"Group Key": ["(SUBSTRING(customer.c_phone FROM 1 FOR 2))"],"Plans": [{"Node Type": "Aggregate","Strategy": "Plain","Partial Mode": "Finalize","Parent Relationship": "InitPlan","Subplan Name": "InitPlan 1 (returns $1)","Parallel Aware": false,"Async Capable": false,"Startup Cost": 6230.83,"Total Cost": 6230.84,"Plan Rows": 1,"Plan Width": 32,"Actual Startup Time": 61.875,"Actual Total Time": 62.083,"Actual Rows": 1,"Actual Loops": 1,"Plans": [{"Node Type": "Gather","Parent Relationship": "Outer","Parallel Aware": false,"Async Capable": false,"Startup Cost": 6230.61,"Total Cost": 6230.82,"Plan Rows": 2,"Plan Width": 32,"Actual Startup Time": 61.783,"Actual Total Time": 62.062,"Actual Rows": 3,"Actual Loops": 1,"Workers Planned": 2,"Workers Launched": 2,"Single Copy": false,"Plans": [{"Node Type": "Aggregate","Strategy": "Plain","Partial Mode": "Partial","Parent Relationship": "Outer","Parallel Aware": false,"Async Capable": false,"Startup Cost": 5230.61,"Total Cost": 5230.62,"Plan Rows": 1,"Plan Width": 32,"Actual Startup Time": 55.137,"Actual Total Time": 55.139,"Actual Rows": 1,"Actual Loops": 3,"Workers": [],"Plans": [{"Node Type": "Seq Scan","Parent Relationship": "Outer","Parallel Aware": true,"Async Capable": false,"Relation Name": "customer","Alias": "customer_1","Startup Cost": 0.00,"Total Cost": 5225.62,"Plan Rows": 1994,"Plan Width": 6,"Actual Startup Time": 0.055,"Actual Total Time": 54.105,"Actual Rows": 12709,"Actual Loops": 3,"Filter": "((c_acctbal > 0.00) AND (SUBSTRING(c_phone FROM 1 FOR 2) = ANY ('{18,11,12,10,24,29,25}'::text[])))","Rows Removed by Filter": 37291,"Workers": []}]}]}]},{"Node Type": "Gather Merge","Parent Relationship": "Outer","Parallel Aware": false,"Async Capable": false,"Startup Cost": 6741.22,"Total Cost": 6821.30,"Plan Rows": 620,"Plan Width": 72,"Actual Startup Time": 137.670,"Actual Total Time": 141.186,"Actual Rows": 21,"Actual Loops": 1,"Workers Planned": 2,"Params Evaluated": ["$1"],"Workers Launched": 2,"Plans": [{"Node Type": "Aggregate","Strategy": "Sorted","Partial Mode": "Partial","Parent Relationship": "Outer","Parallel Aware": false,"Async Capable": false,"Startup Cost": 5741.19,"Total Cost": 5749.72,"Plan Rows": 310,"Plan Width": 72,"Actual Startup Time": 68.923,"Actual Total Time": 69.219,"Actual Rows": 7,"Actual Loops": 3,"Group Key": ["(SUBSTRING(customer.c_phone FROM 1 FOR 2))"],"Workers": [],"Plans": [{"Node Type": "Sort","Parent Relationship": "Outer","Parallel Aware": false,"Async Capable": false,"Startup Cost": 5741.19,"Total Cost": 5741.97,"Plan Rows": 310,"Plan Width": 38,"Actual Startup Time": 68.856,"Actual Total Time": 68.933,"Actual Rows": 2116,"Actual Loops": 3,"Sort Key": ["(SUBSTRING(customer.c_phone FROM 1 FOR 2))"],"Sort Method": "quicksort","Sort Space Used": 231,"Sort Space Type": "Memory","Workers": [{"Worker Number": 0,"Sort Method": "quicksort","Sort Space Used": 153,"Sort Space Type": "Memory"},{"Worker Number": 1,"Sort Method": "quicksort","Sort Space Used": 155,"Sort Space Type": "Memory"}],"Plans": [{"Node Type": "Nested Loop","Parent Relationship": "Outer","Parallel Aware": false,"Async Capable": false,"Join Type": "Anti","Startup Cost": 0.43,"Total Cost": 5728.36,"Plan Rows": 310,"Plan Width": 38,"Actual Startup Time": 0.139,"Actual Total Time": 68.055,"Actual Rows": 2116,"Actual Loops": 3,"Inner Unique": false,"Workers": [],"Plans": [{"Node Type": "Seq Scan","Parent Relationship": "Outer","Parallel Aware": true,"Async Capable": false,"Relation Name": "customer","Alias": "customer","Startup Cost": 0.00,"Total Cost": 5225.62,"Plan Rows": 729,"Plan Width": 26,"Actual Startup Time": 0.034,"Actual Total Time": 44.881,"Actual Rows": 6338,"Actual Loops": 3,"Filter": "((c_acctbal > $1) AND (SUBSTRING(c_phone FROM 1 FOR 2) = ANY ('{18,11,12,10,24,29,25}'::text[])))","Rows Removed by Filter": 43662,"Workers": []},{"Node Type": "Index Only Scan","Parent Relationship": "Inner","Parallel Aware": false,"Async Capable": false,"Scan Direction": "Forward","Index Name": "idx_orders_custkey","Relation Name": "orders","Alias": "orders","Startup Cost": 0.43,"Total Cost": 3.28,"Plan Rows": 17,"Plan Width": 4,"Actual Startup Time": 0.003,"Actual Total Time": 0.003,"Actual Rows": 1,"Actual Loops": 19014,"Index Cond": "(o_custkey = customer.c_custkey)","Rows Removed by Index Recheck": 0,"Heap Fetches": 0,"Workers": []}]}]}]}]}]},"Planning Time": 4.191,"Triggers": [],"Execution Time": 141.935}]
[{"Plan": {"Node Type": "Aggregate","Strategy": "Sorted","Partial Mode": "Finalize","Parallel Aware": false,"Async Capable": false,"Startup Cost": 12972.06,"Total Cost": 13071.37,"Plan Rows": 744,"Plan Width": 72,"Actual Startup Time": 139.208,"Actual Total Time": 142.654,"Actual Rows": 7,"Actual Loops": 1,"Group Key": ["(SUBSTRING(customer.c_phone FROM 1 FOR 2))"],"Plans": [{"Node Type": "Aggregate","Strategy": "Plain","Partial Mode": "Finalize","Parent Relationship": "InitPlan","Subplan Name": "InitPlan 1 (returns $1)","Parallel Aware": false,"Async Capable": false,"Startup Cost": 6230.83,"Total Cost": 6230.84,"Plan Rows": 1,"Plan Width": 32,"Actual Startup Time": 61.803,"Actual Total Time": 61.982,"Actual Rows": 1,"Actual Loops": 1,"Plans": [{"Node Type": "Gather","Parent Relationship": "Outer","Parallel Aware": false,"Async Capable": false,"Startup Cost": 6230.61,"Total Cost": 6230.82,"Plan Rows": 2,"Plan Width": 32,"Actual Startup Time": 61.723,"Actual Total Time": 61.964,"Actual Rows": 3,"Actual Loops": 1,"Workers Planned": 2,"Workers Launched": 2,"Single Copy": false,"Plans": [{"Node Type": "Aggregate","Strategy": "Plain","Partial Mode": "Partial","Parent Relationship": "Outer","Parallel Aware": false,"Async Capable": false,"Startup Cost": 5230.61,"Total Cost": 5230.62,"Plan Rows": 1,"Plan Width": 32,"Actual Startup Time": 55.828,"Actual Total Time": 55.830,"Actual Rows": 1,"Actual Loops": 3,"Workers": [],"Plans": [{"Node Type": "Seq Scan","Parent Relationship": "Outer","Parallel Aware": true,"Async Capable": false,"Relation Name": "customer","Alias": "customer_1","Startup Cost": 0.00,"Total Cost": 5225.62,"Plan Rows": 1994,"Plan Width": 6,"Actual Startup Time": 0.053,"Actual Total Time": 54.745,"Actual Rows": 12705,"Actual Loops": 3,"Filter": "((c_acctbal > 0.00) AND (SUBSTRING(c_phone FROM 1 FOR 2) = ANY ('{19,13,10,12,30,11,34}'::text[])))","Rows Removed by Filter": 37295,"Workers": []}]}]}]},{"Node Type": "Gather Merge","Parent Relationship": "Outer","Parallel Aware": false,"Async Capable": false,"Startup Cost": 6741.22,"Total Cost": 6821.30,"Plan Rows": 620,"Plan Width": 72,"Actual Startup Time": 139.092,"Actual Total Time": 142.409,"Actual Rows": 21,"Actual Loops": 1,"Workers Planned": 2,"Params Evaluated": ["$1"],"Workers Launched": 2,"Plans": [{"Node Type": "Aggregate","Strategy": "Sorted","Partial Mode": "Partial","Parent Relationship": "Outer","Parallel Aware": false,"Async Capable": false,"Startup Cost": 5741.19,"Total Cost": 5749.72,"Plan Rows": 310,"Plan Width": 72,"Actual Startup Time": 70.609,"Actual Total Time": 70.901,"Actual Rows": 7,"Actual Loops": 3,"Group Key": ["(SUBSTRING(customer.c_phone FROM 1 FOR 2))"],"Workers": [],"Plans": [{"Node Type": "Sort","Parent Relationship": "Outer","Parallel Aware": false,"Async Capable": false,"Startup Cost": 5741.19,"Total Cost": 5741.97,"Plan Rows": 310,"Plan Width": 38,"Actual Startup Time": 70.536,"Actual Total Time": 70.614,"Actual Rows": 2116,"Actual Loops": 3,"Sort Key": ["(SUBSTRING(customer.c_phone FROM 1 FOR 2))"],"Sort Method": "quicksort","Sort Space Used": 231,"Sort Space Type": "Memory","Workers": [{"Worker Number": 0,"Sort Method": "quicksort","Sort Space Used": 160,"Sort Space Type": "Memory"},{"Worker Number": 1,"Sort Method": "quicksort","Sort Space Used": 149,"Sort Space Type": "Memory"}],"Plans": [{"Node Type": "Nested Loop","Parent Relationship": "Outer","Parallel Aware": false,"Async Capable": false,"Join Type": "Anti","Startup Cost": 0.43,"Total Cost": 5728.36,"Plan Rows": 310,"Plan Width": 38,"Actual Startup Time": 0.148,"Actual Total Time": 69.751,"Actual Rows": 2116,"Actual Loops": 3,"Inner Unique": false,"Workers": [],"Plans": [{"Node Type": "Seq Scan","Parent Relationship": "Outer","Parallel Aware": true,"Async Capable": false,"Relation Name": "customer","Alias": "customer","Startup Cost": 0.00,"Total Cost": 5225.62,"Plan Rows": 729,"Plan Width": 26,"Actual Startup Time": 0.041,"Actual Total Time": 46.060,"Actual Rows": 6297,"Actual Loops": 3,"Filter": "((c_acctbal > $1) AND (SUBSTRING(c_phone FROM 1 FOR 2) = ANY ('{19,13,10,12,30,11,34}'::text[])))","Rows Removed by Filter": 43703,"Workers": []},{"Node Type": "Index Only Scan","Parent Relationship": "Inner","Parallel Aware": false,"Async Capable": false,"Scan Direction": "Forward","Index Name": "idx_orders_custkey","Relation Name": "orders","Alias": "orders","Startup Cost": 0.43,"Total Cost": 3.28,"Plan Rows": 17,"Plan Width": 4,"Actual Startup Time": 0.003,"Actual Total Time": 0.003,"Actual Rows": 1,"Actual Loops": 18892,"Index Cond": "(o_custkey = customer.c_custkey)","Rows Removed by Index Recheck": 0,"Heap Fetches": 0,"Workers": []}]}]}]}]}]},"Planning Time": 4.286,"Triggers": [],"Execution Time": 143.056}]
[{"Plan": {"Node Type": "Aggregate","Strategy": "Sorted","Partial Mode": "Finalize","Parallel Aware": false,"Async Capable": false,"Startup Cost": 12972.06,"Total Cost": 13071.37,"Plan Rows": 744,"Plan Width": 72,"Actual Startup Time": 140.435,"Actual Total Time": 143.898,"Actual Rows": 7,"Actual Loops": 1,"Group Key": ["(SUBSTRING(customer.c_phone FROM 1 FOR 2))"],"Plans": [{"Node Type": "Aggregate","Strategy": "Plain","Partial Mode": "Finalize","Parent Relationship": "InitPlan","Subplan Name": "InitPlan 1 (returns $1)","Parallel Aware": false,"Async Capable": false,"Startup Cost": 6230.83,"Total Cost": 6230.84,"Plan Rows": 1,"Plan Width": 32,"Actual Startup Time": 61.944,"Actual Total Time": 62.148,"Actual Rows": 1,"Actual Loops": 1,"Plans": [{"Node Type": "Gather","Parent Relationship": "Outer","Parallel Aware": false,"Async Capable": false,"Startup Cost": 6230.61,"Total Cost": 6230.82,"Plan Rows": 2,"Plan Width": 32,"Actual Startup Time": 61.879,"Actual Total Time": 62.136,"Actual Rows": 3,"Actual Loops": 1,"Workers Planned": 2,"Workers Launched": 2,"Single Copy": false,"Plans": [{"Node Type": "Aggregate","Strategy": "Plain","Partial Mode": "Partial","Parent Relationship": "Outer","Parallel Aware": false,"Async Capable": false,"Startup Cost": 5230.61,"Total Cost": 5230.62,"Plan Rows": 1,"Plan Width": 32,"Actual Startup Time": 56.107,"Actual Total Time": 56.111,"Actual Rows": 1,"Actual Loops": 3,"Workers": [],"Plans": [{"Node Type": "Seq Scan","Parent Relationship": "Outer","Parallel Aware": true,"Async Capable": false,"Relation Name": "customer","Alias": "customer_1","Startup Cost": 0.00,"Total Cost": 5225.62,"Plan Rows": 1994,"Plan Width": 6,"Actual Startup Time": 0.049,"Actual Total Time": 55.064,"Actual Rows": 12727,"Actual Loops": 3,"Filter": "((c_acctbal > 0.00) AND (SUBSTRING(c_phone FROM 1 FOR 2) = ANY ('{27,10,19,15,12,20,23}'::text[])))","Rows Removed by Filter": 37273,"Workers": []}]}]}]},{"Node Type": "Gather Merge","Parent Relationship": "Outer","Parallel Aware": false,"Async Capable": false,"Startup Cost": 6741.22,"Total Cost": 6821.30,"Plan Rows": 620,"Plan Width": 72,"Actual Startup Time": 140.328,"Actual Total Time": 143.646,"Actual Rows": 21,"Actual Loops": 1,"Workers Planned": 2,"Params Evaluated": ["$1"],"Workers Launched": 2,"Plans": [{"Node Type": "Aggregate","Strategy": "Sorted","Partial Mode": "Partial","Parent Relationship": "Outer","Parallel Aware": false,"Async Capable": false,"Startup Cost": 5741.19,"Total Cost": 5749.72,"Plan Rows": 310,"Plan Width": 72,"Actual Startup Time": 71.963,"Actual Total Time": 72.257,"Actual Rows": 7,"Actual Loops": 3,"Group Key": ["(SUBSTRING(customer.c_phone FROM 1 FOR 2))"],"Workers": [],"Plans": [{"Node Type": "Sort","Parent Relationship": "Outer","Parallel Aware": false,"Async Capable": false,"Startup Cost": 5741.19,"Total Cost": 5741.97,"Plan Rows": 310,"Plan Width": 38,"Actual Startup Time": 71.890,"Actual Total Time": 71.966,"Actual Rows": 2104,"Actual Loops": 3,"Sort Key": ["(SUBSTRING(customer.c_phone FROM 1 FOR 2))"],"Sort Method": "quicksort","Sort Space Used": 234,"Sort Space Type": "Memory","Workers": [{"Worker Number": 0,"Sort Method": "quicksort","Sort Space Used": 153,"Sort Space Type": "Memory"},{"Worker Number": 1,"Sort Method": "quicksort","Sort Space Used": 152,"Sort Space Type": "Memory"}],"Plans": [{"Node Type": "Nested Loop","Parent Relationship": "Outer","Parallel Aware": false,"Async Capable": false,"Join Type": "Anti","Startup Cost": 0.43,"Total Cost": 5728.36,"Plan Rows": 310,"Plan Width": 38,"Actual Startup Time": 0.169,"Actual Total Time": 71.083,"Actual Rows": 2104,"Actual Loops": 3,"Inner Unique": false,"Workers": [],"Plans": [{"Node Type": "Seq Scan","Parent Relationship": "Outer","Parallel Aware": true,"Async Capable": false,"Relation Name": "customer","Alias": "customer","Startup Cost": 0.00,"Total Cost": 5225.62,"Plan Rows": 729,"Plan Width": 26,"Actual Startup Time": 0.033,"Actual Total Time": 46.723,"Actual Rows": 6325,"Actual Loops": 3,"Filter": "((c_acctbal > $1) AND (SUBSTRING(c_phone FROM 1 FOR 2) = ANY ('{27,10,19,15,12,20,23}'::text[])))","Rows Removed by Filter": 43675,"Workers": []},{"Node Type": "Index Only Scan","Parent Relationship": "Inner","Parallel Aware": false,"Async Capable": false,"Scan Direction": "Forward","Index Name": "idx_orders_custkey","Relation Name": "orders","Alias": "orders","Startup Cost": 0.43,"Total Cost": 3.28,"Plan Rows": 17,"Plan Width": 4,"Actual Startup Time": 0.004,"Actual Total Time": 0.004,"Actual Rows": 1,"Actual Loops": 18974,"Index Cond": "(o_custkey = customer.c_custkey)","Rows Removed by Index Recheck": 0,"Heap Fetches": 0,"Workers": []}]}]}]}]}]},"Planning Time": 4.310,"Triggers": [],"Execution Time": 144.211}]
[{"Plan": {"Node Type": "Aggregate","Strategy": "Sorted","Partial Mode": "Finalize","Parallel Aware": false,"Async Capable": false,"Startup Cost": 12972.06,"Total Cost": 13071.37,"Plan Rows": 744,"Plan Width": 72,"Actual Startup Time": 140.754,"Actual Total Time": 144.304,"Actual Rows": 7,"Actual Loops": 1,"Group Key": ["(SUBSTRING(customer.c_phone FROM 1 FOR 2))"],"Plans": [{"Node Type": "Aggregate","Strategy": "Plain","Partial Mode": "Finalize","Parent Relationship": "InitPlan","Subplan Name": "InitPlan 1 (returns $1)","Parallel Aware": false,"Async Capable": false,"Startup Cost": 6230.83,"Total Cost": 6230.84,"Plan Rows": 1,"Plan Width": 32,"Actual Startup Time": 61.513,"Actual Total Time": 61.689,"Actual Rows": 1,"Actual Loops": 1,"Plans": [{"Node Type": "Gather","Parent Relationship": "Outer","Parallel Aware": false,"Async Capable": false,"Startup Cost": 6230.61,"Total Cost": 6230.82,"Plan Rows": 2,"Plan Width": 32,"Actual Startup Time": 61.423,"Actual Total Time": 61.672,"Actual Rows": 3,"Actual Loops": 1,"Workers Planned": 2,"Workers Launched": 2,"Single Copy": false,"Plans": [{"Node Type": "Aggregate","Strategy": "Plain","Partial Mode": "Partial","Parent Relationship": "Outer","Parallel Aware": false,"Async Capable": false,"Startup Cost": 5230.61,"Total Cost": 5230.62,"Plan Rows": 1,"Plan Width": 32,"Actual Startup Time": 55.856,"Actual Total Time": 55.858,"Actual Rows": 1,"Actual Loops": 3,"Workers": [],"Plans": [{"Node Type": "Seq Scan","Parent Relationship": "Outer","Parallel Aware": true,"Async Capable": false,"Relation Name": "customer","Alias": "customer_1","Startup Cost": 0.00,"Total Cost": 5225.62,"Plan Rows": 1994,"Plan Width": 6,"Actual Startup Time": 0.066,"Actual Total Time": 54.768,"Actual Rows": 12739,"Actual Loops": 3,"Filter": "((c_acctbal > 0.00) AND (SUBSTRING(c_phone FROM 1 FOR 2) = ANY ('{34,21,33,26,12,28,24}'::text[])))","Rows Removed by Filter": 37261,"Workers": []}]}]}]},{"Node Type": "Gather Merge","Parent Relationship": "Outer","Parallel Aware": false,"Async Capable": false,"Startup Cost": 6741.22,"Total Cost": 6821.30,"Plan Rows": 620,"Plan Width": 72,"Actual Startup Time": 140.622,"Actual Total Time": 144.047,"Actual Rows": 21,"Actual Loops": 1,"Workers Planned": 2,"Params Evaluated": ["$1"],"Workers Launched": 2,"Plans": [{"Node Type": "Aggregate","Strategy": "Sorted","Partial Mode": "Partial","Parent Relationship": "Outer","Parallel Aware": false,"Async Capable": false,"Startup Cost": 5741.19,"Total Cost": 5749.72,"Plan Rows": 310,"Plan Width": 72,"Actual Startup Time": 72.371,"Actual Total Time": 72.675,"Actual Rows": 7,"Actual Loops": 3,"Group Key": ["(SUBSTRING(customer.c_phone FROM 1 FOR 2))"],"Workers": [],"Plans": [{"Node Type": "Sort","Parent Relationship": "Outer","Parallel Aware": false,"Async Capable": false,"Startup Cost": 5741.19,"Total Cost": 5741.97,"Plan Rows": 310,"Plan Width": 38,"Actual Startup Time": 72.305,"Actual Total Time": 72.385,"Actual Rows": 2134,"Actual Loops": 3,"Sort Key": ["(SUBSTRING(customer.c_phone FROM 1 FOR 2))"],"Sort Method": "quicksort","Sort Space Used": 234,"Sort Space Type": "Memory","Workers": [{"Worker Number": 0,"Sort Method": "quicksort","Sort Space Used": 157,"Sort Space Type": "Memory"},{"Worker Number": 1,"Sort Method": "quicksort","Sort Space Used": 152,"Sort Space Type": "Memory"}],"Plans": [{"Node Type": "Nested Loop","Parent Relationship": "Outer","Parallel Aware": false,"Async Capable": false,"Join Type": "Anti","Startup Cost": 0.43,"Total Cost": 5728.36,"Plan Rows": 310,"Plan Width": 38,"Actual Startup Time": 0.225,"Actual Total Time": 71.491,"Actual Rows": 2134,"Actual Loops": 3,"Inner Unique": false,"Workers": [],"Plans": [{"Node Type": "Seq Scan","Parent Relationship": "Outer","Parallel Aware": true,"Async Capable": false,"Relation Name": "customer","Alias": "customer","Startup Cost": 0.00,"Total Cost": 5225.62,"Plan Rows": 729,"Plan Width": 26,"Actual Startup Time": 0.050,"Actual Total Time": 47.237,"Actual Rows": 6375,"Actual Loops": 3,"Filter": "((c_acctbal > $1) AND (SUBSTRING(c_phone FROM 1 FOR 2) = ANY ('{34,21,33,26,12,28,24}'::text[])))","Rows Removed by Filter": 43625,"Workers": []},{"Node Type": "Index Only Scan","Parent Relationship": "Inner","Parallel Aware": false,"Async Capable": false,"Scan Direction": "Forward","Index Name": "idx_orders_custkey","Relation Name": "orders","Alias": "orders","Startup Cost": 0.43,"Total Cost": 3.28,"Plan Rows": 17,"Plan Width": 4,"Actual Startup Time": 0.003,"Actual Total Time": 0.003,"Actual Rows": 1,"Actual Loops": 19126,"Index Cond": "(o_custkey = customer.c_custkey)","Rows Removed by Index Recheck": 0,"Heap Fetches": 0,"Workers": []}]}]}]}]}]},"Planning Time": 4.458,"Triggers": [],"Execution Time": 144.606}]
[{"Plan": {"Node Type": "Aggregate","Strategy": "Sorted","Partial Mode": "Finalize","Parallel Aware": false,"Async Capable": false,"Startup Cost": 12972.06,"Total Cost": 13071.37,"Plan Rows": 744,"Plan Width": 72,"Actual Startup Time": 140.419,"Actual Total Time": 143.925,"Actual Rows": 7,"Actual Loops": 1,"Group Key": ["(SUBSTRING(customer.c_phone FROM 1 FOR 2))"],"Plans": [{"Node Type": "Aggregate","Strategy": "Plain","Partial Mode": "Finalize","Parent Relationship": "InitPlan","Subplan Name": "InitPlan 1 (returns $1)","Parallel Aware": false,"Async Capable": false,"Startup Cost": 6230.83,"Total Cost": 6230.84,"Plan Rows": 1,"Plan Width": 32,"Actual Startup Time": 61.559,"Actual Total Time": 61.740,"Actual Rows": 1,"Actual Loops": 1,"Plans": [{"Node Type": "Gather","Parent Relationship": "Outer","Parallel Aware": false,"Async Capable": false,"Startup Cost": 6230.61,"Total Cost": 6230.82,"Plan Rows": 2,"Plan Width": 32,"Actual Startup Time": 61.479,"Actual Total Time": 61.729,"Actual Rows": 3,"Actual Loops": 1,"Workers Planned": 2,"Workers Launched": 2,"Single Copy": false,"Plans": [{"Node Type": "Aggregate","Strategy": "Plain","Partial Mode": "Partial","Parent Relationship": "Outer","Parallel Aware": false,"Async Capable": false,"Startup Cost": 5230.61,"Total Cost": 5230.62,"Plan Rows": 1,"Plan Width": 32,"Actual Startup Time": 55.803,"Actual Total Time": 55.804,"Actual Rows": 1,"Actual Loops": 3,"Workers": [],"Plans": [{"Node Type": "Seq Scan","Parent Relationship": "Outer","Parallel Aware": true,"Async Capable": false,"Relation Name": "customer","Alias": "customer_1","Startup Cost": 0.00,"Total Cost": 5225.62,"Plan Rows": 1994,"Plan Width": 6,"Actual Startup Time": 0.064,"Actual Total Time": 54.757,"Actual Rows": 12754,"Actual Loops": 3,"Filter": "((c_acctbal > 0.00) AND (SUBSTRING(c_phone FROM 1 FOR 2) = ANY ('{14,23,26,33,17,32,28}'::text[])))","Rows Removed by Filter": 37246,"Workers": []}]}]}]},{"Node Type": "Gather Merge","Parent Relationship": "Outer","Parallel Aware": false,"Async Capable": false,"Startup Cost": 6741.22,"Total Cost": 6821.30,"Plan Rows": 620,"Plan Width": 72,"Actual Startup Time": 140.295,"Actual Total Time": 143.688,"Actual Rows": 21,"Actual Loops": 1,"Workers Planned": 2,"Params Evaluated": ["$1"],"Workers Launched": 2,"Plans": [{"Node Type": "Aggregate","Strategy": "Sorted","Partial Mode": "Partial","Parent Relationship": "Outer","Parallel Aware": false,"Async Capable": false,"Startup Cost": 5741.19,"Total Cost": 5749.72,"Plan Rows": 310,"Plan Width": 72,"Actual Startup Time": 72.199,"Actual Total Time": 72.494,"Actual Rows": 7,"Actual Loops": 3,"Group Key": ["(SUBSTRING(customer.c_phone FROM 1 FOR 2))"],"Workers": [],"Plans": [{"Node Type": "Sort","Parent Relationship": "Outer","Parallel Aware": false,"Async Capable": false,"Startup Cost": 5741.19,"Total Cost": 5741.97,"Plan Rows": 310,"Plan Width": 38,"Actual Startup Time": 72.129,"Actual Total Time": 72.210,"Actual Rows": 2122,"Actual Loops": 3,"Sort Key": ["(SUBSTRING(customer.c_phone FROM 1 FOR 2))"],"Sort Method": "quicksort","Sort Space Used": 232,"Sort Space Type": "Memory","Workers": [{"Worker Number": 0,"Sort Method": "quicksort","Sort Space Used": 160,"Sort Space Type": "Memory"},{"Worker Number": 1,"Sort Method": "quicksort","Sort Space Used": 149,"Sort Space Type": "Memory"}],"Plans": [{"Node Type": "Nested Loop","Parent Relationship": "Outer","Parallel Aware": false,"Async Capable": false,"Join Type": "Anti","Startup Cost": 0.43,"Total Cost": 5728.36,"Plan Rows": 310,"Plan Width": 38,"Actual Startup Time": 0.129,"Actual Total Time": 71.352,"Actual Rows": 2122,"Actual Loops": 3,"Inner Unique": false,"Workers": [],"Plans": [{"Node Type": "Seq Scan","Parent Relationship": "Outer","Parallel Aware": true,"Async Capable": false,"Relation Name": "customer","Alias": "customer","Startup Cost": 0.00,"Total Cost": 5225.62,"Plan Rows": 729,"Plan Width": 26,"Actual Startup Time": 0.037,"Actual Total Time": 46.912,"Actual Rows": 6376,"Actual Loops": 3,"Filter": "((c_acctbal > $1) AND (SUBSTRING(c_phone FROM 1 FOR 2) = ANY ('{14,23,26,33,17,32,28}'::text[])))","Rows Removed by Filter": 43624,"Workers": []},{"Node Type": "Index Only Scan","Parent Relationship": "Inner","Parallel Aware": false,"Async Capable": false,"Scan Direction": "Forward","Index Name": "idx_orders_custkey","Relation Name": "orders","Alias": "orders","Startup Cost": 0.43,"Total Cost": 3.28,"Plan Rows": 17,"Plan Width": 4,"Actual Startup Time": 0.003,"Actual Total Time": 0.003,"Actual Rows": 1,"Actual Loops": 19128,"Index Cond": "(o_custkey = customer.c_custkey)","Rows Removed by Index Recheck": 0,"Heap Fetches": 0,"Workers": []}]}]}]}]}]},"Planning Time": 3.753,"Triggers": [],"Execution Time": 144.258}]
[{"Plan": {"Node Type": "Aggregate","Strategy": "Sorted","Partial Mode": "Finalize","Parallel Aware": false,"Async Capable": false,"Startup Cost": 12972.06,"Total Cost": 13071.37,"Plan Rows": 744,"Plan Width": 72,"Actual Startup Time": 136.647,"Actual Total Time": 140.161,"Actual Rows": 7,"Actual Loops": 1,"Group Key": ["(SUBSTRING(customer.c_phone FROM 1 FOR 2))"],"Plans": [{"Node Type": "Aggregate","Strategy": "Plain","Partial Mode": "Finalize","Parent Relationship": "InitPlan","Subplan Name": "InitPlan 1 (returns $1)","Parallel Aware": false,"Async Capable": false,"Startup Cost": 6230.83,"Total Cost": 6230.84,"Plan Rows": 1,"Plan Width": 32,"Actual Startup Time": 61.308,"Actual Total Time": 61.490,"Actual Rows": 1,"Actual Loops": 1,"Plans": [{"Node Type": "Gather","Parent Relationship": "Outer","Parallel Aware": false,"Async Capable": false,"Startup Cost": 6230.61,"Total Cost": 6230.82,"Plan Rows": 2,"Plan Width": 32,"Actual Startup Time": 61.221,"Actual Total Time": 61.472,"Actual Rows": 3,"Actual Loops": 1,"Workers Planned": 2,"Workers Launched": 2,"Single Copy": false,"Plans": [{"Node Type": "Aggregate","Strategy": "Plain","Partial Mode": "Partial","Parent Relationship": "Outer","Parallel Aware": false,"Async Capable": false,"Startup Cost": 5230.61,"Total Cost": 5230.62,"Plan Rows": 1,"Plan Width": 32,"Actual Startup Time": 54.971,"Actual Total Time": 54.972,"Actual Rows": 1,"Actual Loops": 3,"Workers": [],"Plans": [{"Node Type": "Seq Scan","Parent Relationship": "Outer","Parallel Aware": true,"Async Capable": false,"Relation Name": "customer","Alias": "customer_1","Startup Cost": 0.00,"Total Cost": 5225.62,"Plan Rows": 1994,"Plan Width": 6,"Actual Startup Time": 0.057,"Actual Total Time": 53.881,"Actual Rows": 12728,"Actual Loops": 3,"Filter": "((c_acctbal > 0.00) AND (SUBSTRING(c_phone FROM 1 FOR 2) = ANY ('{22,28,16,15,33,24,27}'::text[])))","Rows Removed by Filter": 37272,"Workers": []}]}]}]},{"Node Type": "Gather Merge","Parent Relationship": "Outer","Parallel Aware": false,"Async Capable": false,"Startup Cost": 6741.22,"Total Cost": 6821.30,"Plan Rows": 620,"Plan Width": 72,"Actual Startup Time": 136.513,"Actual Total Time": 139.917,"Actual Rows": 21,"Actual Loops": 1,"Workers Planned": 2,"Params Evaluated": ["$1"],"Workers Launched": 2,"Plans": [{"Node Type": "Aggregate","Strategy": "Sorted","Partial Mode": "Partial","Parent Relationship": "Outer","Parallel Aware": false,"Async Capable": false,"Startup Cost": 5741.19,"Total Cost": 5749.72,"Plan Rows": 310,"Plan Width": 72,"Actual Startup Time": 68.354,"Actual Total Time": 68.651,"Actual Rows": 7,"Actual Loops": 3,"Group Key": ["(SUBSTRING(customer.c_phone FROM 1 FOR 2))"],"Workers": [],"Plans": [{"Node Type": "Sort","Parent Relationship": "Outer","Parallel Aware": false,"Async Capable": false,"Startup Cost": 5741.19,"Total Cost": 5741.97,"Plan Rows": 310,"Plan Width": 38,"Actual Startup Time": 68.288,"Actual Total Time": 68.367,"Actual Rows": 2113,"Actual Loops": 3,"Sort Key": ["(SUBSTRING(customer.c_phone FROM 1 FOR 2))"],"Sort Method": "quicksort","Sort Space Used": 238,"Sort Space Type": "Memory","Workers": [{"Worker Number": 0,"Sort Method": "quicksort","Sort Space Used": 148,"Sort Space Type": "Memory"},{"Worker Number": 1,"Sort Method": "quicksort","Sort Space Used": 154,"Sort Space Type": "Memory"}],"Plans": [{"Node Type": "Nested Loop","Parent Relationship": "Outer","Parallel Aware": false,"Async Capable": false,"Join Type": "Anti","Startup Cost": 0.43,"Total Cost": 5728.36,"Plan Rows": 310,"Plan Width": 38,"Actual Startup Time": 0.174,"Actual Total Time": 67.476,"Actual Rows": 2113,"Actual Loops": 3,"Inner Unique": false,"Workers": [],"Plans": [{"Node Type": "Seq Scan","Parent Relationship": "Outer","Parallel Aware": true,"Async Capable": false,"Relation Name": "customer","Alias": "customer","Startup Cost": 0.00,"Total Cost": 5225.62,"Plan Rows": 729,"Plan Width": 26,"Actual Startup Time": 0.035,"Actual Total Time": 44.386,"Actual Rows": 6349,"Actual Loops": 3,"Filter": "((c_acctbal > $1) AND (SUBSTRING(c_phone FROM 1 FOR 2) = ANY ('{22,28,16,15,33,24,27}'::text[])))","Rows Removed by Filter": 43651,"Workers": []},{"Node Type": "Index Only Scan","Parent Relationship": "Inner","Parallel Aware": false,"Async Capable": false,"Scan Direction": "Forward","Index Name": "idx_orders_custkey","Relation Name": "orders","Alias": "orders","Startup Cost": 0.43,"Total Cost": 3.28,"Plan Rows": 17,"Plan Width": 4,"Actual Startup Time": 0.003,"Actual Total Time": 0.003,"Actual Rows": 1,"Actual Loops": 19048,"Index Cond": "(o_custkey = customer.c_custkey)","Rows Removed by Index Recheck": 0,"Heap Fetches": 0,"Workers": []}]}]}]}]}]},"Planning Time": 3.980,"Triggers": [],"Execution Time": 140.546}]
[{"Plan": {"Node Type": "Aggregate","Strategy": "Sorted","Partial Mode": "Finalize","Parallel Aware": false,"Async Capable": false,"Startup Cost": 12972.06,"Total Cost": 13071.37,"Plan Rows": 744,"Plan Width": 72,"Actual Startup Time": 141.349,"Actual Total Time": 145.014,"Actual Rows": 7,"Actual Loops": 1,"Group Key": ["(SUBSTRING(customer.c_phone FROM 1 FOR 2))"],"Plans": [{"Node Type": "Aggregate","Strategy": "Plain","Partial Mode": "Finalize","Parent Relationship": "InitPlan","Subplan Name": "InitPlan 1 (returns $1)","Parallel Aware": false,"Async Capable": false,"Startup Cost": 6230.83,"Total Cost": 6230.84,"Plan Rows": 1,"Plan Width": 32,"Actual Startup Time": 62.563,"Actual Total Time": 62.729,"Actual Rows": 1,"Actual Loops": 1,"Plans": [{"Node Type": "Gather","Parent Relationship": "Outer","Parallel Aware": false,"Async Capable": false,"Startup Cost": 6230.61,"Total Cost": 6230.82,"Plan Rows": 2,"Plan Width": 32,"Actual Startup Time": 62.462,"Actual Total Time": 62.710,"Actual Rows": 3,"Actual Loops": 1,"Workers Planned": 2,"Workers Launched": 2,"Single Copy": false,"Plans": [{"Node Type": "Aggregate","Strategy": "Plain","Partial Mode": "Partial","Parent Relationship": "Outer","Parallel Aware": false,"Async Capable": false,"Startup Cost": 5230.61,"Total Cost": 5230.62,"Plan Rows": 1,"Plan Width": 32,"Actual Startup Time": 56.413,"Actual Total Time": 56.415,"Actual Rows": 1,"Actual Loops": 3,"Workers": [],"Plans": [{"Node Type": "Seq Scan","Parent Relationship": "Outer","Parallel Aware": true,"Async Capable": false,"Relation Name": "customer","Alias": "customer_1","Startup Cost": 0.00,"Total Cost": 5225.62,"Plan Rows": 1994,"Plan Width": 6,"Actual Startup Time": 0.056,"Actual Total Time": 55.361,"Actual Rows": 12603,"Actual Loops": 3,"Filter": "((c_acctbal > 0.00) AND (SUBSTRING(c_phone FROM 1 FOR 2) = ANY ('{21,31,30,34,15,10,25}'::text[])))","Rows Removed by Filter": 37397,"Workers": []}]}]}]},{"Node Type": "Gather Merge","Parent Relationship": "Outer","Parallel Aware": false,"Async Capable": false,"Startup Cost": 6741.22,"Total Cost": 6821.30,"Plan Rows": 620,"Plan Width": 72,"Actual Startup Time": 141.265,"Actual Total Time": 144.807,"Actual Rows": 21,"Actual Loops": 1,"Workers Planned": 2,"Params Evaluated": ["$1"],"Workers Launched": 2,"Plans": [{"Node Type": "Aggregate","Strategy": "Sorted","Partial Mode": "Partial","Parent Relationship": "Outer","Parallel Aware": false,"Async Capable": false,"Startup Cost": 5741.19,"Total Cost": 5749.72,"Plan Rows": 310,"Plan Width": 72,"Actual Startup Time": 71.832,"Actual Total Time": 72.140,"Actual Rows": 7,"Actual Loops": 3,"Group Key": ["(SUBSTRING(customer.c_phone FROM 1 FOR 2))"],"Workers": [],"Plans": [{"Node Type": "Sort","Parent Relationship": "Outer","Parallel Aware": false,"Async Capable": false,"Startup Cost": 5741.19,"Total Cost": 5741.97,"Plan Rows": 310,"Plan Width": 38,"Actual Startup Time": 71.766,"Actual Total Time": 71.849,"Actual Rows": 2128,"Actual Loops": 3,"Sort Key": ["(SUBSTRING(customer.c_phone FROM 1 FOR 2))"],"Sort Method": "quicksort","Sort Space Used": 232,"Sort Space Type": "Memory","Workers": [{"Worker Number": 0,"Sort Method": "quicksort","Sort Space Used": 209,"Sort Space Type": "Memory"},{"Worker Number": 1,"Sort Method": "quicksort","Sort Space Used": 149,"Sort Space Type": "Memory"}],"Plans": [{"Node Type": "Nested Loop","Parent Relationship": "Outer","Parallel Aware": false,"Async Capable": false,"Join Type": "Anti","Startup Cost": 0.43,"Total Cost": 5728.36,"Plan Rows": 310,"Plan Width": 38,"Actual Startup Time": 0.179,"Actual Total Time": 70.919,"Actual Rows": 2128,"Actual Loops": 3,"Inner Unique": false,"Workers": [],"Plans": [{"Node Type": "Seq Scan","Parent Relationship": "Outer","Parallel Aware": true,"Async Capable": false,"Relation Name": "customer","Alias": "customer","Startup Cost": 0.00,"Total Cost": 5225.62,"Plan Rows": 729,"Plan Width": 26,"Actual Startup Time": 0.045,"Actual Total Time": 46.873,"Actual Rows": 6289,"Actual Loops": 3,"Filter": "((c_acctbal > $1) AND (SUBSTRING(c_phone FROM 1 FOR 2) = ANY ('{21,31,30,34,15,10,25}'::text[])))","Rows Removed by Filter": 43711,"Workers": []},{"Node Type": "Index Only Scan","Parent Relationship": "Inner","Parallel Aware": false,"Async Capable": false,"Scan Direction": "Forward","Index Name": "idx_orders_custkey","Relation Name": "orders","Alias": "orders","Startup Cost": 0.43,"Total Cost": 3.28,"Plan Rows": 17,"Plan Width": 4,"Actual Startup Time": 0.003,"Actual Total Time": 0.003,"Actual Rows": 1,"Actual Loops": 18867,"Index Cond": "(o_custkey = customer.c_custkey)","Rows Removed by Index Recheck": 0,"Heap Fetches": 0,"Workers": []}]}]}]}]}]},"Planning Time": 4.058,"Triggers": [],"Execution Time": 145.381}]
[{"Plan": {"Node Type": "Aggregate","Strategy": "Sorted","Partial Mode": "Finalize","Parallel Aware": false,"Async Capable": false,"Startup Cost": 12972.06,"Total Cost": 13071.37,"Plan Rows": 744,"Plan Width": 72,"Actual Startup Time": 136.658,"Actual Total Time": 140.285,"Actual Rows": 7,"Actual Loops": 1,"Group Key": ["(SUBSTRING(customer.c_phone FROM 1 FOR 2))"],"Plans": [{"Node Type": "Aggregate","Strategy": "Plain","Partial Mode": "Finalize","Parent Relationship": "InitPlan","Subplan Name": "InitPlan 1 (returns $1)","Parallel Aware": false,"Async Capable": false,"Startup Cost": 6230.83,"Total Cost": 6230.84,"Plan Rows": 1,"Plan Width": 32,"Actual Startup Time": 61.599,"Actual Total Time": 61.791,"Actual Rows": 1,"Actual Loops": 1,"Plans": [{"Node Type": "Gather","Parent Relationship": "Outer","Parallel Aware": false,"Async Capable": false,"Startup Cost": 6230.61,"Total Cost": 6230.82,"Plan Rows": 2,"Plan Width": 32,"Actual Startup Time": 61.513,"Actual Total Time": 61.774,"Actual Rows": 3,"Actual Loops": 1,"Workers Planned": 2,"Workers Launched": 2,"Single Copy": false,"Plans": [{"Node Type": "Aggregate","Strategy": "Plain","Partial Mode": "Partial","Parent Relationship": "Outer","Parallel Aware": false,"Async Capable": false,"Startup Cost": 5230.61,"Total Cost": 5230.62,"Plan Rows": 1,"Plan Width": 32,"Actual Startup Time": 55.305,"Actual Total Time": 55.307,"Actual Rows": 1,"Actual Loops": 3,"Workers": [],"Plans": [{"Node Type": "Seq Scan","Parent Relationship": "Outer","Parallel Aware": true,"Async Capable": false,"Relation Name": "customer","Alias": "customer_1","Startup Cost": 0.00,"Total Cost": 5225.62,"Plan Rows": 1994,"Plan Width": 6,"Actual Startup Time": 0.055,"Actual Total Time": 54.221,"Actual Rows": 12729,"Actual Loops": 3,"Filter": "((c_acctbal > 0.00) AND (SUBSTRING(c_phone FROM 1 FOR 2) = ANY ('{34,27,21,18,19,14,30}'::text[])))","Rows Removed by Filter": 37271,"Workers": []}]}]}]},{"Node Type": "Gather Merge","Parent Relationship": "Outer","Parallel Aware": false,"Async Capable": false,"Startup Cost": 6741.22,"Total Cost": 6821.30,"Plan Rows": 620,"Plan Width": 72,"Actual Startup Time": 136.525,"Actual Total Time": 140.034,"Actual Rows": 21,"Actual Loops": 1,"Workers Planned": 2,"Params Evaluated": ["$1"],"Workers Launched": 2,"Plans": [{"Node Type": "Aggregate","Strategy": "Sorted","Partial Mode": "Partial","Parent Relationship": "Outer","Parallel Aware": false,"Async Capable": false,"Startup Cost": 5741.19,"Total Cost": 5749.72,"Plan Rows": 310,"Plan Width": 72,"Actual Startup Time": 68.121,"Actual Total Time": 68.431,"Actual Rows": 7,"Actual Loops": 3,"Group Key": ["(SUBSTRING(customer.c_phone FROM 1 FOR 2))"],"Workers": [],"Plans": [{"Node Type": "Sort","Parent Relationship": "Outer","Parallel Aware": false,"Async Capable": false,"Startup Cost": 5741.19,"Total Cost": 5741.97,"Plan Rows": 310,"Plan Width": 38,"Actual Startup Time": 68.050,"Actual Total Time": 68.138,"Actual Rows": 2182,"Actual Loops": 3,"Sort Key": ["(SUBSTRING(customer.c_phone FROM 1 FOR 2))"],"Sort Method": "quicksort","Sort Space Used": 242,"Sort Space Type": "Memory","Workers": [{"Worker Number": 0,"Sort Method": "quicksort","Sort Space Used": 153,"Sort Space Type": "Memory"},{"Worker Number": 1,"Sort Method": "quicksort","Sort Space Used": 157,"Sort Space Type": "Memory"}],"Plans": [{"Node Type": "Nested Loop","Parent Relationship": "Outer","Parallel Aware": false,"Async Capable": false,"Join Type": "Anti","Startup Cost": 0.43,"Total Cost": 5728.36,"Plan Rows": 310,"Plan Width": 38,"Actual Startup Time": 0.143,"Actual Total Time": 67.249,"Actual Rows": 2182,"Actual Loops": 3,"Inner Unique": false,"Workers": [],"Plans": [{"Node Type": "Seq Scan","Parent Relationship": "Outer","Parallel Aware": true,"Async Capable": false,"Relation Name": "customer","Alias": "customer","Startup Cost": 0.00,"Total Cost": 5225.62,"Plan Rows": 729,"Plan Width": 26,"Actual Startup Time": 0.028,"Actual Total Time": 44.208,"Actual Rows": 6359,"Actual Loops": 3,"Filter": "((c_acctbal > $1) AND (SUBSTRING(c_phone FROM 1 FOR 2) = ANY ('{34,27,21,18,19,14,30}'::text[])))","Rows Removed by Filter": 43641,"Workers": []},{"Node Type": "Index Only Scan","Parent Relationship": "Inner","Parallel Aware": false,"Async Capable": false,"Scan Direction": "Forward","Index Name": "idx_orders_custkey","Relation Name": "orders","Alias": "orders","Startup Cost": 0.43,"Total Cost": 3.28,"Plan Rows": 17,"Plan Width": 4,"Actual Startup Time": 0.003,"Actual Total Time": 0.003,"Actual Rows": 1,"Actual Loops": 19078,"Index Cond": "(o_custkey = customer.c_custkey)","Rows Removed by Index Recheck": 0,"Heap Fetches": 0,"Workers": []}]}]}]}]}]},"Planning Time": 3.843,"Triggers": [],"Execution Time": 140.704}]
[{"Plan": {"Node Type": "Aggregate","Strategy": "Sorted","Partial Mode": "Finalize","Parallel Aware": false,"Async Capable": false,"Startup Cost": 12972.06,"Total Cost": 13071.37,"Plan Rows": 744,"Plan Width": 72,"Actual Startup Time": 132.340,"Actual Total Time": 136.506,"Actual Rows": 7,"Actual Loops": 1,"Group Key": ["(SUBSTRING(customer.c_phone FROM 1 FOR 2))"],"Plans": [{"Node Type": "Aggregate","Strategy": "Plain","Partial Mode": "Finalize","Parent Relationship": "InitPlan","Subplan Name": "InitPlan 1 (returns $1)","Parallel Aware": false,"Async Capable": false,"Startup Cost": 6230.83,"Total Cost": 6230.84,"Plan Rows": 1,"Plan Width": 32,"Actual Startup Time": 60.913,"Actual Total Time": 61.082,"Actual Rows": 1,"Actual Loops": 1,"Plans": [{"Node Type": "Gather","Parent Relationship": "Outer","Parallel Aware": false,"Async Capable": false,"Startup Cost": 6230.61,"Total Cost": 6230.82,"Plan Rows": 2,"Plan Width": 32,"Actual Startup Time": 60.812,"Actual Total Time": 61.071,"Actual Rows": 3,"Actual Loops": 1,"Workers Planned": 2,"Workers Launched": 2,"Single Copy": false,"Plans": [{"Node Type": "Aggregate","Strategy": "Plain","Partial Mode": "Partial","Parent Relationship": "Outer","Parallel Aware": false,"Async Capable": false,"Startup Cost": 5230.61,"Total Cost": 5230.62,"Plan Rows": 1,"Plan Width": 32,"Actual Startup Time": 54.766,"Actual Total Time": 54.768,"Actual Rows": 1,"Actual Loops": 3,"Workers": [],"Plans": [{"Node Type": "Seq Scan","Parent Relationship": "Outer","Parallel Aware": true,"Async Capable": false,"Relation Name": "customer","Alias": "customer_1","Startup Cost": 0.00,"Total Cost": 5225.62,"Plan Rows": 1994,"Plan Width": 6,"Actual Startup Time": 0.067,"Actual Total Time": 53.711,"Actual Rows": 12758,"Actual Loops": 3,"Filter": "((c_acctbal > 0.00) AND (SUBSTRING(c_phone FROM 1 FOR 2) = ANY ('{30,32,22,19,18,26,11}'::text[])))","Rows Removed by Filter": 37242,"Workers": []}]}]}]},{"Node Type": "Gather Merge","Parent Relationship": "Outer","Parallel Aware": false,"Async Capable": false,"Startup Cost": 6741.22,"Total Cost": 6821.30,"Plan Rows": 620,"Plan Width": 72,"Actual Startup Time": 132.239,"Actual Total Time": 136.287,"Actual Rows": 21,"Actual Loops": 1,"Workers Planned": 2,"Params Evaluated": ["$1"],"Workers Launched": 2,"Plans": [{"Node Type": "Aggregate","Strategy": "Sorted","Partial Mode": "Partial","Parent Relationship": "Outer","Parallel Aware": false,"Async Capable": false,"Startup Cost": 5741.19,"Total Cost": 5749.72,"Plan Rows": 310,"Plan Width": 72,"Actual Startup Time": 64.234,"Actual Total Time": 64.538,"Actual Rows": 7,"Actual Loops": 3,"Group Key": ["(SUBSTRING(customer.c_phone FROM 1 FOR 2))"],"Workers": [],"Plans": [{"Node Type": "Sort","Parent Relationship": "Outer","Parallel Aware": false,"Async Capable": false,"Startup Cost": 5741.19,"Total Cost": 5741.97,"Plan Rows": 310,"Plan Width": 38,"Actual Startup Time": 64.160,"Actual Total Time": 64.247,"Actual Rows": 2130,"Actual Loops": 3,"Sort Key": ["(SUBSTRING(customer.c_phone FROM 1 FOR 2))"],"Sort Method": "quicksort","Sort Space Used": 230,"Sort Space Type": "Memory","Workers": [{"Worker Number": 0,"Sort Method": "quicksort","Sort Space Used": 157,"Sort Space Type": "Memory"},{"Worker Number": 1,"Sort Method": "quicksort","Sort Space Used": 156,"Sort Space Type": "Memory"}],"Plans": [{"Node Type": "Nested Loop","Parent Relationship": "Outer","Parallel Aware": false,"Async Capable": false,"Join Type": "Anti","Startup Cost": 0.43,"Total Cost": 5728.36,"Plan Rows": 310,"Plan Width": 38,"Actual Startup Time": 0.192,"Actual Total Time": 63.338,"Actual Rows": 2130,"Actual Loops": 3,"Inner Unique": false,"Workers": [],"Plans": [{"Node Type": "Seq Scan","Parent Relationship": "Outer","Parallel Aware": true,"Async Capable": false,"Relation Name": "customer","Alias": "customer","Startup Cost": 0.00,"Total Cost": 5225.62,"Plan Rows": 729,"Plan Width": 26,"Actual Startup Time": 0.034,"Actual Total Time": 41.608,"Actual Rows": 6375,"Actual Loops": 3,"Filter": "((c_acctbal > $1) AND (SUBSTRING(c_phone FROM 1 FOR 2) = ANY ('{30,32,22,19,18,26,11}'::text[])))","Rows Removed by Filter": 43625,"Workers": []},{"Node Type": "Index Only Scan","Parent Relationship": "Inner","Parallel Aware": false,"Async Capable": false,"Scan Direction": "Forward","Index Name": "idx_orders_custkey","Relation Name": "orders","Alias": "orders","Startup Cost": 0.43,"Total Cost": 3.28,"Plan Rows": 17,"Plan Width": 4,"Actual Startup Time": 0.003,"Actual Total Time": 0.003,"Actual Rows": 1,"Actual Loops": 19126,"Index Cond": "(o_custkey = customer.c_custkey)","Rows Removed by Index Recheck": 0,"Heap Fetches": 0,"Workers": []}]}]}]}]}]},"Planning Time": 4.270,"Triggers": [],"Execution Time": 136.817}]
[{"Plan": {"Node Type": "Aggregate","Strategy": "Sorted","Partial Mode": "Finalize","Parallel Aware": false,"Async Capable": false,"Startup Cost": 12972.06,"Total Cost": 13071.37,"Plan Rows": 744,"Plan Width": 72,"Actual Startup Time": 130.381,"Actual Total Time": 135.189,"Actual Rows": 7,"Actual Loops": 1,"Group Key": ["(SUBSTRING(customer.c_phone FROM 1 FOR 2))"],"Plans": [{"Node Type": "Aggregate","Strategy": "Plain","Partial Mode": "Finalize","Parent Relationship": "InitPlan","Subplan Name": "InitPlan 1 (returns $1)","Parallel Aware": false,"Async Capable": false,"Startup Cost": 6230.83,"Total Cost": 6230.84,"Plan Rows": 1,"Plan Width": 32,"Actual Startup Time": 59.665,"Actual Total Time": 59.838,"Actual Rows": 1,"Actual Loops": 1,"Plans": [{"Node Type": "Gather","Parent Relationship": "Outer","Parallel Aware": false,"Async Capable": false,"Startup Cost": 6230.61,"Total Cost": 6230.82,"Plan Rows": 2,"Plan Width": 32,"Actual Startup Time": 59.556,"Actual Total Time": 59.820,"Actual Rows": 3,"Actual Loops": 1,"Workers Planned": 2,"Workers Launched": 2,"Single Copy": false,"Plans": [{"Node Type": "Aggregate","Strategy": "Plain","Partial Mode": "Partial","Parent Relationship": "Outer","Parallel Aware": false,"Async Capable": false,"Startup Cost": 5230.61,"Total Cost": 5230.62,"Plan Rows": 1,"Plan Width": 32,"Actual Startup Time": 53.671,"Actual Total Time": 53.674,"Actual Rows": 1,"Actual Loops": 3,"Workers": [],"Plans": [{"Node Type": "Seq Scan","Parent Relationship": "Outer","Parallel Aware": true,"Async Capable": false,"Relation Name": "customer","Alias": "customer_1","Startup Cost": 0.00,"Total Cost": 5225.62,"Plan Rows": 1994,"Plan Width": 6,"Actual Startup Time": 0.060,"Actual Total Time": 52.582,"Actual Rows": 12705,"Actual Loops": 3,"Filter": "((c_acctbal > 0.00) AND (SUBSTRING(c_phone FROM 1 FOR 2) = ANY ('{22,34,25,13,26,18,16}'::text[])))","Rows Removed by Filter": 37295,"Workers": []}]}]}]},{"Node Type": "Gather Merge","Parent Relationship": "Outer","Parallel Aware": false,"Async Capable": false,"Startup Cost": 6741.22,"Total Cost": 6821.30,"Plan Rows": 620,"Plan Width": 72,"Actual Startup Time": 130.296,"Actual Total Time": 134.978,"Actual Rows": 21,"Actual Loops": 1,"Workers Planned": 2,"Params Evaluated": ["$1"],"Workers Launched": 2,"Plans": [{"Node Type": "Aggregate","Strategy": "Sorted","Partial Mode": "Partial","Parent Relationship": "Outer","Parallel Aware": false,"Async Capable": false,"Startup Cost": 5741.19,"Total Cost": 5749.72,"Plan Rows": 310,"Plan Width": 72,"Actual Startup Time": 63.524,"Actual Total Time": 63.823,"Actual Rows": 7,"Actual Loops": 3,"Group Key": ["(SUBSTRING(customer.c_phone FROM 1 FOR 2))"],"Workers": [],"Plans": [{"Node Type": "Sort","Parent Relationship": "Outer","Parallel Aware": false,"Async Capable": false,"Startup Cost": 5741.19,"Total Cost": 5741.97,"Plan Rows": 310,"Plan Width": 38,"Actual Startup Time": 63.447,"Actual Total Time": 63.528,"Actual Rows": 2098,"Actual Loops": 3,"Sort Key": ["(SUBSTRING(customer.c_phone FROM 1 FOR 2))"],"Sort Method": "quicksort","Sort Space Used": 231,"Sort Space Type": "Memory","Workers": [{"Worker Number": 0,"Sort Method": "quicksort","Sort Space Used": 153,"Sort Space Type": "Memory"},{"Worker Number": 1,"Sort Method": "quicksort","Sort Space Used": 153,"Sort Space Type": "Memory"}],"Plans": [{"Node Type": "Nested Loop","Parent Relationship": "Outer","Parallel Aware": false,"Async Capable": false,"Join Type": "Anti","Startup Cost": 0.43,"Total Cost": 5728.36,"Plan Rows": 310,"Plan Width": 38,"Actual Startup Time": 0.149,"Actual Total Time": 62.655,"Actual Rows": 2098,"Actual Loops": 3,"Inner Unique": false,"Workers": [],"Plans": [{"Node Type": "Seq Scan","Parent Relationship": "Outer","Parallel Aware": true,"Async Capable": false,"Relation Name": "customer","Alias": "customer","Startup Cost": 0.00,"Total Cost": 5225.62,"Plan Rows": 729,"Plan Width": 26,"Actual Startup Time": 0.036,"Actual Total Time": 41.313,"Actual Rows": 6351,"Actual Loops": 3,"Filter": "((c_acctbal > $1) AND (SUBSTRING(c_phone FROM 1 FOR 2) = ANY ('{22,34,25,13,26,18,16}'::text[])))","Rows Removed by Filter": 43649,"Workers": []},{"Node Type": "Index Only Scan","Parent Relationship": "Inner","Parallel Aware": false,"Async Capable": false,"Scan Direction": "Forward","Index Name": "idx_orders_custkey","Relation Name": "orders","Alias": "orders","Startup Cost": 0.43,"Total Cost": 3.28,"Plan Rows": 17,"Plan Width": 4,"Actual Startup Time": 0.003,"Actual Total Time": 0.003,"Actual Rows": 1,"Actual Loops": 19054,"Index Cond": "(o_custkey = customer.c_custkey)","Rows Removed by Index Recheck": 0,"Heap Fetches": 0,"Workers": []}]}]}]}]}]},"Planning Time": 3.840,"Triggers": [],"Execution Time": 135.511}]
[{"Plan": {"Node Type": "Aggregate","Strategy": "Sorted","Partial Mode": "Finalize","Parallel Aware": false,"Async Capable": false,"Startup Cost": 12972.06,"Total Cost": 13071.37,"Plan Rows": 744,"Plan Width": 72,"Actual Startup Time": 135.917,"Actual Total Time": 139.446,"Actual Rows": 7,"Actual Loops": 1,"Group Key": ["(SUBSTRING(customer.c_phone FROM 1 FOR 2))"],"Plans": [{"Node Type": "Aggregate","Strategy": "Plain","Partial Mode": "Finalize","Parent Relationship": "InitPlan","Subplan Name": "InitPlan 1 (returns $1)","Parallel Aware": false,"Async Capable": false,"Startup Cost": 6230.83,"Total Cost": 6230.84,"Plan Rows": 1,"Plan Width": 32,"Actual Startup Time": 62.266,"Actual Total Time": 62.563,"Actual Rows": 1,"Actual Loops": 1,"Plans": [{"Node Type": "Gather","Parent Relationship": "Outer","Parallel Aware": false,"Async Capable": false,"Startup Cost": 6230.61,"Total Cost": 6230.82,"Plan Rows": 2,"Plan Width": 32,"Actual Startup Time": 62.135,"Actual Total Time": 62.545,"Actual Rows": 3,"Actual Loops": 1,"Workers Planned": 2,"Workers Launched": 2,"Single Copy": false,"Plans": [{"Node Type": "Aggregate","Strategy": "Plain","Partial Mode": "Partial","Parent Relationship": "Outer","Parallel Aware": false,"Async Capable": false,"Startup Cost": 5230.61,"Total Cost": 5230.62,"Plan Rows": 1,"Plan Width": 32,"Actual Startup Time": 56.005,"Actual Total Time": 56.008,"Actual Rows": 1,"Actual Loops": 3,"Workers": [],"Plans": [{"Node Type": "Seq Scan","Parent Relationship": "Outer","Parallel Aware": true,"Async Capable": false,"Relation Name": "customer","Alias": "customer_1","Startup Cost": 0.00,"Total Cost": 5225.62,"Plan Rows": 1994,"Plan Width": 6,"Actual Startup Time": 0.050,"Actual Total Time": 54.933,"Actual Rows": 12717,"Actual Loops": 3,"Filter": "((c_acctbal > 0.00) AND (SUBSTRING(c_phone FROM 1 FOR 2) = ANY ('{12,26,22,13,28,16,27}'::text[])))","Rows Removed by Filter": 37283,"Workers": []}]}]}]},{"Node Type": "Gather Merge","Parent Relationship": "Outer","Parallel Aware": false,"Async Capable": false,"Startup Cost": 6741.22,"Total Cost": 6821.30,"Plan Rows": 620,"Plan Width": 72,"Actual Startup Time": 135.824,"Actual Total Time": 139.099,"Actual Rows": 21,"Actual Loops": 1,"Workers Planned": 2,"Params Evaluated": ["$1"],"Workers Launched": 2,"Plans": [{"Node Type": "Aggregate","Strategy": "Sorted","Partial Mode": "Partial","Parent Relationship": "Outer","Parallel Aware": false,"Async Capable": false,"Startup Cost": 5741.19,"Total Cost": 5749.72,"Plan Rows": 310,"Plan Width": 72,"Actual Startup Time": 66.154,"Actual Total Time": 66.451,"Actual Rows": 7,"Actual Loops": 3,"Group Key": ["(SUBSTRING(customer.c_phone FROM 1 FOR 2))"],"Workers": [],"Plans": [{"Node Type": "Sort","Parent Relationship": "Outer","Parallel Aware": false,"Async Capable": false,"Startup Cost": 5741.19,"Total Cost": 5741.97,"Plan Rows": 310,"Plan Width": 38,"Actual Startup Time": 66.077,"Actual Total Time": 66.164,"Actual Rows": 2063,"Actual Loops": 3,"Sort Key": ["(SUBSTRING(customer.c_phone FROM 1 FOR 2))"],"Sort Method": "quicksort","Sort Space Used": 229,"Sort Space Type": "Memory","Workers": [{"Worker Number": 0,"Sort Method": "quicksort","Sort Space Used": 152,"Sort Space Type": "Memory"},{"Worker Number": 1,"Sort Method": "quicksort","Sort Space Used": 150,"Sort Space Type": "Memory"}],"Plans": [{"Node Type": "Nested Loop","Parent Relationship": "Outer","Parallel Aware": false,"Async Capable": false,"Join Type": "Anti","Startup Cost": 0.43,"Total Cost": 5728.36,"Plan Rows": 310,"Plan Width": 38,"Actual Startup Time": 0.153,"Actual Total Time": 65.250,"Actual Rows": 2063,"Actual Loops": 3,"Inner Unique": false,"Workers": [],"Plans": [{"Node Type": "Seq Scan","Parent Relationship": "Outer","Parallel Aware": true,"Async Capable": false,"Relation Name": "customer","Alias": "customer","Startup Cost": 0.00,"Total Cost": 5225.62,"Plan Rows": 729,"Plan Width": 26,"Actual Startup Time": 0.038,"Actual Total Time": 44.054,"Actual Rows": 6321,"Actual Loops": 3,"Filter": "((c_acctbal > $1) AND (SUBSTRING(c_phone FROM 1 FOR 2) = ANY ('{12,26,22,13,28,16,27}'::text[])))","Rows Removed by Filter": 43679,"Workers": []},{"Node Type": "Index Only Scan","Parent Relationship": "Inner","Parallel Aware": false,"Async Capable": false,"Scan Direction": "Forward","Index Name": "idx_orders_custkey","Relation Name": "orders","Alias": "orders","Startup Cost": 0.43,"Total Cost": 3.28,"Plan Rows": 17,"Plan Width": 4,"Actual Startup Time": 0.003,"Actual Total Time": 0.003,"Actual Rows": 1,"Actual Loops": 18962,"Index Cond": "(o_custkey = customer.c_custkey)","Rows Removed by Index Recheck": 0,"Heap Fetches": 0,"Workers": []}]}]}]}]}]},"Planning Time": 3.750,"Triggers": [],"Execution Time": 139.801}]
[{"Plan": {"Node Type": "Aggregate","Strategy": "Sorted","Partial Mode": "Finalize","Parallel Aware": false,"Async Capable": false,"Startup Cost": 12972.06,"Total Cost": 13071.37,"Plan Rows": 744,"Plan Width": 72,"Actual Startup Time": 138.447,"Actual Total Time": 142.120,"Actual Rows": 7,"Actual Loops": 1,"Group Key": ["(SUBSTRING(customer.c_phone FROM 1 FOR 2))"],"Plans": [{"Node Type": "Aggregate","Strategy": "Plain","Partial Mode": "Finalize","Parent Relationship": "InitPlan","Subplan Name": "InitPlan 1 (returns $1)","Parallel Aware": false,"Async Capable": false,"Startup Cost": 6230.83,"Total Cost": 6230.84,"Plan Rows": 1,"Plan Width": 32,"Actual Startup Time": 61.185,"Actual Total Time": 61.390,"Actual Rows": 1,"Actual Loops": 1,"Plans": [{"Node Type": "Gather","Parent Relationship": "Outer","Parallel Aware": false,"Async Capable": false,"Startup Cost": 6230.61,"Total Cost": 6230.82,"Plan Rows": 2,"Plan Width": 32,"Actual Startup Time": 61.090,"Actual Total Time": 61.372,"Actual Rows": 3,"Actual Loops": 1,"Workers Planned": 2,"Workers Launched": 2,"Single Copy": false,"Plans": [{"Node Type": "Aggregate","Strategy": "Plain","Partial Mode": "Partial","Parent Relationship": "Outer","Parallel Aware": false,"Async Capable": false,"Startup Cost": 5230.61,"Total Cost": 5230.62,"Plan Rows": 1,"Plan Width": 32,"Actual Startup Time": 55.396,"Actual Total Time": 55.397,"Actual Rows": 1,"Actual Loops": 3,"Workers": [],"Plans": [{"Node Type": "Seq Scan","Parent Relationship": "Outer","Parallel Aware": true,"Async Capable": false,"Relation Name": "customer","Alias": "customer_1","Startup Cost": 0.00,"Total Cost": 5225.62,"Plan Rows": 1994,"Plan Width": 6,"Actual Startup Time": 0.060,"Actual Total Time": 54.310,"Actual Rows": 12677,"Actual Loops": 3,"Filter": "((c_acctbal > 0.00) AND (SUBSTRING(c_phone FROM 1 FOR 2) = ANY ('{25,22,31,28,29,30,27}'::text[])))","Rows Removed by Filter": 37323,"Workers": []}]}]}]},{"Node Type": "Gather Merge","Parent Relationship": "Outer","Parallel Aware": false,"Async Capable": false,"Startup Cost": 6741.22,"Total Cost": 6821.30,"Plan Rows": 620,"Plan Width": 72,"Actual Startup Time": 138.353,"Actual Total Time": 141.865,"Actual Rows": 21,"Actual Loops": 1,"Workers Planned": 2,"Params Evaluated": ["$1"],"Workers Launched": 2,"Plans": [{"Node Type": "Aggregate","Strategy": "Sorted","Partial Mode": "Partial","Parent Relationship": "Outer","Parallel Aware": false,"Async Capable": false,"Startup Cost": 5741.19,"Total Cost": 5749.72,"Plan Rows": 310,"Plan Width": 72,"Actual Startup Time": 70.222,"Actual Total Time": 70.520,"Actual Rows": 7,"Actual Loops": 3,"Group Key": ["(SUBSTRING(customer.c_phone FROM 1 FOR 2))"],"Workers": [],"Plans": [{"Node Type": "Sort","Parent Relationship": "Outer","Parallel Aware": false,"Async Capable": false,"Startup Cost": 5741.19,"Total Cost": 5741.97,"Plan Rows": 310,"Plan Width": 38,"Actual Startup Time": 70.145,"Actual Total Time": 70.229,"Actual Rows": 2114,"Actual Loops": 3,"Sort Key": ["(SUBSTRING(customer.c_phone FROM 1 FOR 2))"],"Sort Method": "quicksort","Sort Space Used": 229,"Sort Space Type": "Memory","Workers": [{"Worker Number": 0,"Sort Method": "quicksort","Sort Space Used": 157,"Sort Space Type": "Memory"},{"Worker Number": 1,"Sort Method": "quicksort","Sort Space Used": 154,"Sort Space Type": "Memory"}],"Plans": [{"Node Type": "Nested Loop","Parent Relationship": "Outer","Parallel Aware": false,"Async Capable": false,"Join Type": "Anti","Startup Cost": 0.43,"Total Cost": 5728.36,"Plan Rows": 310,"Plan Width": 38,"Actual Startup Time": 0.173,"Actual Total Time": 69.303,"Actual Rows": 2114,"Actual Loops": 3,"Inner Unique": false,"Workers": [],"Plans": [{"Node Type": "Seq Scan","Parent Relationship": "Outer","Parallel Aware": true,"Async Capable": false,"Relation Name": "customer","Alias": "customer","Startup Cost": 0.00,"Total Cost": 5225.62,"Plan Rows": 729,"Plan Width": 26,"Actual Startup Time": 0.047,"Actual Total Time": 45.546,"Actual Rows": 6325,"Actual Loops": 3,"Filter": "((c_acctbal > $1) AND (SUBSTRING(c_phone FROM 1 FOR 2) = ANY ('{25,22,31,28,29,30,27}'::text[])))","Rows Removed by Filter": 43675,"Workers": []},{"Node Type": "Index Only Scan","Parent Relationship": "Inner","Parallel Aware": false,"Async Capable": false,"Scan Direction": "Forward","Index Name": "idx_orders_custkey","Relation Name": "orders","Alias": "orders","Startup Cost": 0.43,"Total Cost": 3.28,"Plan Rows": 17,"Plan Width": 4,"Actual Startup Time": 0.003,"Actual Total Time": 0.003,"Actual Rows": 1,"Actual Loops": 18975,"Index Cond": "(o_custkey = customer.c_custkey)","Rows Removed by Index Recheck": 0,"Heap Fetches": 0,"Workers": []}]}]}]}]}]},"Planning Time": 4.417,"Triggers": [],"Execution Time": 142.421}]
[{"Plan": {"Node Type": "Aggregate","Strategy": "Sorted","Partial Mode": "Finalize","Parallel Aware": false,"Async Capable": false,"Startup Cost": 12972.06,"Total Cost": 13071.37,"Plan Rows": 744,"Plan Width": 72,"Actual Startup Time": 139.012,"Actual Total Time": 142.770,"Actual Rows": 7,"Actual Loops": 1,"Group Key": ["(SUBSTRING(customer.c_phone FROM 1 FOR 2))"],"Plans": [{"Node Type": "Aggregate","Strategy": "Plain","Partial Mode": "Finalize","Parent Relationship": "InitPlan","Subplan Name": "InitPlan 1 (returns $1)","Parallel Aware": false,"Async Capable": false,"Startup Cost": 6230.83,"Total Cost": 6230.84,"Plan Rows": 1,"Plan Width": 32,"Actual Startup Time": 63.099,"Actual Total Time": 63.294,"Actual Rows": 1,"Actual Loops": 1,"Plans": [{"Node Type": "Gather","Parent Relationship": "Outer","Parallel Aware": false,"Async Capable": false,"Startup Cost": 6230.61,"Total Cost": 6230.82,"Plan Rows": 2,"Plan Width": 32,"Actual Startup Time": 62.984,"Actual Total Time": 63.269,"Actual Rows": 3,"Actual Loops": 1,"Workers Planned": 2,"Workers Launched": 2,"Single Copy": false,"Plans": [{"Node Type": "Aggregate","Strategy": "Plain","Partial Mode": "Partial","Parent Relationship": "Outer","Parallel Aware": false,"Async Capable": false,"Startup Cost": 5230.61,"Total Cost": 5230.62,"Plan Rows": 1,"Plan Width": 32,"Actual Startup Time": 56.552,"Actual Total Time": 56.554,"Actual Rows": 1,"Actual Loops": 3,"Workers": [],"Plans": [{"Node Type": "Seq Scan","Parent Relationship": "Outer","Parallel Aware": true,"Async Capable": false,"Relation Name": "customer","Alias": "customer_1","Startup Cost": 0.00,"Total Cost": 5225.62,"Plan Rows": 1994,"Plan Width": 6,"Actual Startup Time": 0.060,"Actual Total Time": 55.485,"Actual Rows": 12716,"Actual Loops": 3,"Filter": "((c_acctbal > 0.00) AND (SUBSTRING(c_phone FROM 1 FOR 2) = ANY ('{13,17,16,33,18,26,22}'::text[])))","Rows Removed by Filter": 37284,"Workers": []}]}]}]},{"Node Type": "Gather Merge","Parent Relationship": "Outer","Parallel Aware": false,"Async Capable": false,"Startup Cost": 6741.22,"Total Cost": 6821.30,"Plan Rows": 620,"Plan Width": 72,"Actual Startup Time": 138.892,"Actual Total Time": 142.520,"Actual Rows": 21,"Actual Loops": 1,"Workers Planned": 2,"Params Evaluated": ["$1"],"Workers Launched": 2,"Plans": [{"Node Type": "Aggregate","Strategy": "Sorted","Partial Mode": "Partial","Parent Relationship": "Outer","Parallel Aware": false,"Async Capable": false,"Startup Cost": 5741.19,"Total Cost": 5749.72,"Plan Rows": 310,"Plan Width": 72,"Actual Startup Time": 69.006,"Actual Total Time": 69.302,"Actual Rows": 7,"Actual Loops": 3,"Group Key": ["(SUBSTRING(customer.c_phone FROM 1 FOR 2))"],"Workers": [],"Plans": [{"Node Type": "Sort","Parent Relationship": "Outer","Parallel Aware": false,"Async Capable": false,"Startup Cost": 5741.19,"Total Cost": 5741.97,"Plan Rows": 310,"Plan Width": 38,"Actual Startup Time": 68.942,"Actual Total Time": 69.021,"Actual Rows": 2097,"Actual Loops": 3,"Sort Key": ["(SUBSTRING(customer.c_phone FROM 1 FOR 2))"],"Sort Method": "quicksort","Sort Space Used": 236,"Sort Space Type": "Memory","Workers": [{"Worker Number": 0,"Sort Method": "quicksort","Sort Space Used": 148,"Sort Space Type": "Memory"},{"Worker Number": 1,"Sort Method": "quicksort","Sort Space Used": 153,"Sort Space Type": "Memory"}],"Plans": [{"Node Type": "Nested Loop","Parent Relationship": "Outer","Parallel Aware": false,"Async Capable": false,"Join Type": "Anti","Startup Cost": 0.43,"Total Cost": 5728.36,"Plan Rows": 310,"Plan Width": 38,"Actual Startup Time": 0.179,"Actual Total Time": 68.172,"Actual Rows": 2097,"Actual Loops": 3,"Inner Unique": false,"Workers": [],"Plans": [{"Node Type": "Seq Scan","Parent Relationship": "Outer","Parallel Aware": true,"Async Capable": false,"Relation Name": "customer","Alias": "customer","Startup Cost": 0.00,"Total Cost": 5225.62,"Plan Rows": 729,"Plan Width": 26,"Actual Startup Time": 0.039,"Actual Total Time": 44.705,"Actual Rows": 6346,"Actual Loops": 3,"Filter": "((c_acctbal > $1) AND (SUBSTRING(c_phone FROM 1 FOR 2) = ANY ('{13,17,16,33,18,26,22}'::text[])))","Rows Removed by Filter": 43654,"Workers": []},{"Node Type": "Index Only Scan","Parent Relationship": "Inner","Parallel Aware": false,"Async Capable": false,"Scan Direction": "Forward","Index Name": "idx_orders_custkey","Relation Name": "orders","Alias": "orders","Startup Cost": 0.43,"Total Cost": 3.28,"Plan Rows": 17,"Plan Width": 4,"Actual Startup Time": 0.003,"Actual Total Time": 0.003,"Actual Rows": 1,"Actual Loops": 19037,"Index Cond": "(o_custkey = customer.c_custkey)","Rows Removed by Index Recheck": 0,"Heap Fetches": 0,"Workers": []}]}]}]}]}]},"Planning Time": 3.721,"Triggers": [],"Execution Time": 143.184}]
[{"Plan": {"Node Type": "Aggregate","Strategy": "Sorted","Partial Mode": "Finalize","Parallel Aware": false,"Async Capable": false,"Startup Cost": 12972.06,"Total Cost": 13071.37,"Plan Rows": 744,"Plan Width": 72,"Actual Startup Time": 139.044,"Actual Total Time": 142.683,"Actual Rows": 7,"Actual Loops": 1,"Group Key": ["(SUBSTRING(customer.c_phone FROM 1 FOR 2))"],"Plans": [{"Node Type": "Aggregate","Strategy": "Plain","Partial Mode": "Finalize","Parent Relationship": "InitPlan","Subplan Name": "InitPlan 1 (returns $1)","Parallel Aware": false,"Async Capable": false,"Startup Cost": 6230.83,"Total Cost": 6230.84,"Plan Rows": 1,"Plan Width": 32,"Actual Startup Time": 62.546,"Actual Total Time": 62.767,"Actual Rows": 1,"Actual Loops": 1,"Plans": [{"Node Type": "Gather","Parent Relationship": "Outer","Parallel Aware": false,"Async Capable": false,"Startup Cost": 6230.61,"Total Cost": 6230.82,"Plan Rows": 2,"Plan Width": 32,"Actual Startup Time": 62.481,"Actual Total Time": 62.751,"Actual Rows": 3,"Actual Loops": 1,"Workers Planned": 2,"Workers Launched": 2,"Single Copy": false,"Plans": [{"Node Type": "Aggregate","Strategy": "Plain","Partial Mode": "Partial","Parent Relationship": "Outer","Parallel Aware": false,"Async Capable": false,"Startup Cost": 5230.61,"Total Cost": 5230.62,"Plan Rows": 1,"Plan Width": 32,"Actual Startup Time": 55.845,"Actual Total Time": 55.848,"Actual Rows": 1,"Actual Loops": 3,"Workers": [],"Plans": [{"Node Type": "Seq Scan","Parent Relationship": "Outer","Parallel Aware": true,"Async Capable": false,"Relation Name": "customer","Alias": "customer_1","Startup Cost": 0.00,"Total Cost": 5225.62,"Plan Rows": 1994,"Plan Width": 6,"Actual Startup Time": 0.048,"Actual Total Time": 54.771,"Actual Rows": 12769,"Actual Loops": 3,"Filter": "((c_acctbal > 0.00) AND (SUBSTRING(c_phone FROM 1 FOR 2) = ANY ('{34,18,28,12,22,32,24}'::text[])))","Rows Removed by Filter": 37231,"Workers": []}]}]}]},{"Node Type": "Gather Merge","Parent Relationship": "Outer","Parallel Aware": false,"Async Capable": false,"Startup Cost": 6741.22,"Total Cost": 6821.30,"Plan Rows": 620,"Plan Width": 72,"Actual Startup Time": 138.917,"Actual Total Time": 142.403,"Actual Rows": 21,"Actual Loops": 1,"Workers Planned": 2,"Params Evaluated": ["$1"],"Workers Launched": 2,"Plans": [{"Node Type": "Aggregate","Strategy": "Sorted","Partial Mode": "Partial","Parent Relationship": "Outer","Parallel Aware": false,"Async Capable": false,"Startup Cost": 5741.19,"Total Cost": 5749.72,"Plan Rows": 310,"Plan Width": 72,"Actual Startup Time": 69.807,"Actual Total Time": 70.113,"Actual Rows": 7,"Actual Loops": 3,"Group Key": ["(SUBSTRING(customer.c_phone FROM 1 FOR 2))"],"Workers": [],"Plans": [{"Node Type": "Sort","Parent Relationship": "Outer","Parallel Aware": false,"Async Capable": false,"Startup Cost": 5741.19,"Total Cost": 5741.97,"Plan Rows": 310,"Plan Width": 38,"Actual Startup Time": 69.742,"Actual Total Time": 69.825,"Actual Rows": 2138,"Actual Loops": 3,"Sort Key": ["(SUBSTRING(customer.c_phone FROM 1 FOR 2))"],"Sort Method": "quicksort","Sort Space Used": 237,"Sort Space Type": "Memory","Workers": [{"Worker Number": 0,"Sort Method": "quicksort","Sort Space Used": 153,"Sort Space Type": "Memory"},{"Worker Number": 1,"Sort Method": "quicksort","Sort Space Used": 153,"Sort Space Type": "Memory"}],"Plans": [{"Node Type": "Nested Loop","Parent Relationship": "Outer","Parallel Aware": false,"Async Capable": false,"Join Type": "Anti","Startup Cost": 0.43,"Total Cost": 5728.36,"Plan Rows": 310,"Plan Width": 38,"Actual Startup Time": 0.176,"Actual Total Time": 68.956,"Actual Rows": 2138,"Actual Loops": 3,"Inner Unique": false,"Workers": [],"Plans": [{"Node Type": "Seq Scan","Parent Relationship": "Outer","Parallel Aware": true,"Async Capable": false,"Relation Name": "customer","Alias": "customer","Startup Cost": 0.00,"Total Cost": 5225.62,"Plan Rows": 729,"Plan Width": 26,"Actual Startup Time": 0.039,"Actual Total Time": 45.465,"Actual Rows": 6395,"Actual Loops": 3,"Filter": "((c_acctbal > $1) AND (SUBSTRING(c_phone FROM 1 FOR 2) = ANY ('{34,18,28,12,22,32,24}'::text[])))","Rows Removed by Filter": 43605,"Workers": []},{"Node Type": "Index Only Scan","Parent Relationship": "Inner","Parallel Aware": false,"Async Capable": false,"Scan Direction": "Forward","Index Name": "idx_orders_custkey","Relation Name": "orders","Alias": "orders","Startup Cost": 0.43,"Total Cost": 3.28,"Plan Rows": 17,"Plan Width": 4,"Actual Startup Time": 0.003,"Actual Total Time": 0.003,"Actual Rows": 1,"Actual Loops": 19185,"Index Cond": "(o_custkey = customer.c_custkey)","Rows Removed by Index Recheck": 0,"Heap Fetches": 0,"Workers": []}]}]}]}]}]},"Planning Time": 4.808,"Triggers": [],"Execution Time": 143.055}]
[{"Plan": {"Node Type": "Aggregate","Strategy": "Sorted","Partial Mode": "Finalize","Parallel Aware": false,"Async Capable": false,"Startup Cost": 12972.06,"Total Cost": 13071.37,"Plan Rows": 744,"Plan Width": 72,"Actual Startup Time": 131.072,"Actual Total Time": 135.962,"Actual Rows": 7,"Actual Loops": 1,"Group Key": ["(SUBSTRING(customer.c_phone FROM 1 FOR 2))"],"Plans": [{"Node Type": "Aggregate","Strategy": "Plain","Partial Mode": "Finalize","Parent Relationship": "InitPlan","Subplan Name": "InitPlan 1 (returns $1)","Parallel Aware": false,"Async Capable": false,"Startup Cost": 6230.83,"Total Cost": 6230.84,"Plan Rows": 1,"Plan Width": 32,"Actual Startup Time": 59.970,"Actual Total Time": 60.149,"Actual Rows": 1,"Actual Loops": 1,"Plans": [{"Node Type": "Gather","Parent Relationship": "Outer","Parallel Aware": false,"Async Capable": false,"Startup Cost": 6230.61,"Total Cost": 6230.82,"Plan Rows": 2,"Plan Width": 32,"Actual Startup Time": 59.856,"Actual Total Time": 60.138,"Actual Rows": 3,"Actual Loops": 1,"Workers Planned": 2,"Workers Launched": 2,"Single Copy": false,"Plans": [{"Node Type": "Aggregate","Strategy": "Plain","Partial Mode": "Partial","Parent Relationship": "Outer","Parallel Aware": false,"Async Capable": false,"Startup Cost": 5230.61,"Total Cost": 5230.62,"Plan Rows": 1,"Plan Width": 32,"Actual Startup Time": 53.996,"Actual Total Time": 53.998,"Actual Rows": 1,"Actual Loops": 3,"Workers": [],"Plans": [{"Node Type": "Seq Scan","Parent Relationship": "Outer","Parallel Aware": true,"Async Capable": false,"Relation Name": "customer","Alias": "customer_1","Startup Cost": 0.00,"Total Cost": 5225.62,"Plan Rows": 1994,"Plan Width": 6,"Actual Startup Time": 0.052,"Actual Total Time": 52.931,"Actual Rows": 12712,"Actual Loops": 3,"Filter": "((c_acctbal > 0.00) AND (SUBSTRING(c_phone FROM 1 FOR 2) = ANY ('{28,14,17,29,32,30,20}'::text[])))","Rows Removed by Filter": 37288,"Workers": []}]}]}]},{"Node Type": "Gather Merge","Parent Relationship": "Outer","Parallel Aware": false,"Async Capable": false,"Startup Cost": 6741.22,"Total Cost": 6821.30,"Plan Rows": 620,"Plan Width": 72,"Actual Startup Time": 130.991,"Actual Total Time": 135.744,"Actual Rows": 21,"Actual Loops": 1,"Workers Planned": 2,"Params Evaluated": ["$1"],"Workers Launched": 2,"Plans": [{"Node Type": "Aggregate","Strategy": "Sorted","Partial Mode": "Partial","Parent Relationship": "Outer","Parallel Aware": false,"Async Capable": false,"Startup Cost": 5741.19,"Total Cost": 5749.72,"Plan Rows": 310,"Plan Width": 72,"Actual Startup Time": 63.959,"Actual Total Time": 64.263,"Actual Rows": 7,"Actual Loops": 3,"Group Key": ["(SUBSTRING(customer.c_phone FROM 1 FOR 2))"],"Workers": [],"Plans": [{"Node Type": "Sort","Parent Relationship": "Outer","Parallel Aware": false,"Async Capable": false,"Startup Cost": 5741.19,"Total Cost": 5741.97,"Plan Rows": 310,"Plan Width": 38,"Actual Startup Time": 63.878,"Actual Total Time": 63.967,"Actual Rows": 2140,"Actual Loops": 3,"Sort Key": ["(SUBSTRING(customer.c_phone FROM 1 FOR 2))"],"Sort Method": "quicksort","Sort Space Used": 232,"Sort Space Type": "Memory","Workers": [{"Worker Number": 0,"Sort Method": "quicksort","Sort Space Used": 156,"Sort Space Type": "Memory"},{"Worker Number": 1,"Sort Method": "quicksort","Sort Space Used": 155,"Sort Space Type": "Memory"}],"Plans": [{"Node Type": "Nested Loop","Parent Relationship": "Outer","Parallel Aware": false,"Async Capable": false,"Join Type": "Anti","Startup Cost": 0.43,"Total Cost": 5728.36,"Plan Rows": 310,"Plan Width": 38,"Actual Startup Time": 0.146,"Actual Total Time": 63.067,"Actual Rows": 2140,"Actual Loops": 3,"Inner Unique": false,"Workers": [],"Plans": [{"Node Type": "Seq Scan","Parent Relationship": "Outer","Parallel Aware": true,"Async Capable": false,"Relation Name": "customer","Alias": "customer","Startup Cost": 0.00,"Total Cost": 5225.62,"Plan Rows": 729,"Plan Width": 26,"Actual Startup Time": 0.050,"Actual Total Time": 41.297,"Actual Rows": 6367,"Actual Loops": 3,"Filter": "((c_acctbal > $1) AND (SUBSTRING(c_phone FROM 1 FOR 2) = ANY ('{28,14,17,29,32,30,20}'::text[])))","Rows Removed by Filter": 43633,"Workers": []},{"Node Type": "Index Only Scan","Parent Relationship": "Inner","Parallel Aware": false,"Async Capable": false,"Scan Direction": "Forward","Index Name": "idx_orders_custkey","Relation Name": "orders","Alias": "orders","Startup Cost": 0.43,"Total Cost": 3.28,"Plan Rows": 17,"Plan Width": 4,"Actual Startup Time": 0.003,"Actual Total Time": 0.003,"Actual Rows": 1,"Actual Loops": 19100,"Index Cond": "(o_custkey = customer.c_custkey)","Rows Removed by Index Recheck": 0,"Heap Fetches": 0,"Workers": []}]}]}]}]}]},"Planning Time": 3.628,"Triggers": [],"Execution Time": 136.293}]
[{"Plan": {"Node Type": "Aggregate","Strategy": "Sorted","Partial Mode": "Finalize","Parallel Aware": false,"Async Capable": false,"Startup Cost": 12972.06,"Total Cost": 13071.37,"Plan Rows": 744,"Plan Width": 72,"Actual Startup Time": 139.613,"Actual Total Time": 142.804,"Actual Rows": 7,"Actual Loops": 1,"Group Key": ["(SUBSTRING(customer.c_phone FROM 1 FOR 2))"],"Plans": [{"Node Type": "Aggregate","Strategy": "Plain","Partial Mode": "Finalize","Parent Relationship": "InitPlan","Subplan Name": "InitPlan 1 (returns $1)","Parallel Aware": false,"Async Capable": false,"Startup Cost": 6230.83,"Total Cost": 6230.84,"Plan Rows": 1,"Plan Width": 32,"Actual Startup Time": 61.481,"Actual Total Time": 61.645,"Actual Rows": 1,"Actual Loops": 1,"Plans": [{"Node Type": "Gather","Parent Relationship": "Outer","Parallel Aware": false,"Async Capable": false,"Startup Cost": 6230.61,"Total Cost": 6230.82,"Plan Rows": 2,"Plan Width": 32,"Actual Startup Time": 61.390,"Actual Total Time": 61.626,"Actual Rows": 3,"Actual Loops": 1,"Workers Planned": 2,"Workers Launched": 2,"Single Copy": false,"Plans": [{"Node Type": "Aggregate","Strategy": "Plain","Partial Mode": "Partial","Parent Relationship": "Outer","Parallel Aware": false,"Async Capable": false,"Startup Cost": 5230.61,"Total Cost": 5230.62,"Plan Rows": 1,"Plan Width": 32,"Actual Startup Time": 55.655,"Actual Total Time": 55.657,"Actual Rows": 1,"Actual Loops": 3,"Workers": [],"Plans": [{"Node Type": "Seq Scan","Parent Relationship": "Outer","Parallel Aware": true,"Async Capable": false,"Relation Name": "customer","Alias": "customer_1","Startup Cost": 0.00,"Total Cost": 5225.62,"Plan Rows": 1994,"Plan Width": 6,"Actual Startup Time": 0.058,"Actual Total Time": 54.559,"Actual Rows": 12699,"Actual Loops": 3,"Filter": "((c_acctbal > 0.00) AND (SUBSTRING(c_phone FROM 1 FOR 2) = ANY ('{24,26,30,19,25,23,17}'::text[])))","Rows Removed by Filter": 37301,"Workers": []}]}]}]},{"Node Type": "Gather Merge","Parent Relationship": "Outer","Parallel Aware": false,"Async Capable": false,"Startup Cost": 6741.22,"Total Cost": 6821.30,"Plan Rows": 620,"Plan Width": 72,"Actual Startup Time": 139.476,"Actual Total Time": 142.586,"Actual Rows": 21,"Actual Loops": 1,"Workers Planned": 2,"Params Evaluated": ["$1"],"Workers Launched": 2,"Plans": [{"Node Type": "Aggregate","Strategy": "Sorted","Partial Mode": "Partial","Parent Relationship": "Outer","Parallel Aware": false,"Async Capable": false,"Startup Cost": 5741.19,"Total Cost": 5749.72,"Plan Rows": 310,"Plan Width": 72,"Actual Startup Time": 71.647,"Actual Total Time": 71.950,"Actual Rows": 7,"Actual Loops": 3,"Group Key": ["(SUBSTRING(customer.c_phone FROM 1 FOR 2))"],"Workers": [],"Plans": [{"Node Type": "Sort","Parent Relationship": "Outer","Parallel Aware": false,"Async Capable": false,"Startup Cost": 5741.19,"Total Cost": 5741.97,"Plan Rows": 310,"Plan Width": 38,"Actual Startup Time": 71.581,"Actual Total Time": 71.664,"Actual Rows": 2096,"Actual Loops": 3,"Sort Key": ["(SUBSTRING(customer.c_phone FROM 1 FOR 2))"],"Sort Method": "quicksort","Sort Space Used": 231,"Sort Space Type": "Memory","Workers": [{"Worker Number": 0,"Sort Method": "quicksort","Sort Space Used": 159,"Sort Space Type": "Memory"},{"Worker Number": 1,"Sort Method": "quicksort","Sort Space Used": 147,"Sort Space Type": "Memory"}],"Plans": [{"Node Type": "Nested Loop","Parent Relationship": "Outer","Parallel Aware": false,"Async Capable": false,"Join Type": "Anti","Startup Cost": 0.43,"Total Cost": 5728.36,"Plan Rows": 310,"Plan Width": 38,"Actual Startup Time": 0.174,"Actual Total Time": 70.801,"Actual Rows": 2096,"Actual Loops": 3,"Inner Unique": false,"Workers": [],"Plans": [{"Node Type": "Seq Scan","Parent Relationship": "Outer","Parallel Aware": true,"Async Capable": false,"Relation Name": "customer","Alias": "customer","Startup Cost": 0.00,"Total Cost": 5225.62,"Plan Rows": 729,"Plan Width": 26,"Actual Startup Time": 0.046,"Actual Total Time": 46.753,"Actual Rows": 6337,"Actual Loops": 3,"Filter": "((c_acctbal > $1) AND (SUBSTRING(c_phone FROM 1 FOR 2) = ANY ('{24,26,30,19,25,23,17}'::text[])))","Rows Removed by Filter": 43663,"Workers": []},{"Node Type": "Index Only Scan","Parent Relationship": "Inner","Parallel Aware": false,"Async Capable": false,"Scan Direction": "Forward","Index Name": "idx_orders_custkey","Relation Name": "orders","Alias": "orders","Startup Cost": 0.43,"Total Cost": 3.28,"Plan Rows": 17,"Plan Width": 4,"Actual Startup Time": 0.003,"Actual Total Time": 0.003,"Actual Rows": 1,"Actual Loops": 19011,"Index Cond": "(o_custkey = customer.c_custkey)","Rows Removed by Index Recheck": 0,"Heap Fetches": 0,"Workers": []}]}]}]}]}]},"Planning Time": 4.411,"Triggers": [],"Execution Time": 143.121}]
[{"Plan": {"Node Type": "Aggregate","Strategy": "Sorted","Partial Mode": "Finalize","Parallel Aware": false,"Async Capable": false,"Startup Cost": 12972.06,"Total Cost": 13071.37,"Plan Rows": 744,"Plan Width": 72,"Actual Startup Time": 140.106,"Actual Total Time": 143.821,"Actual Rows": 7,"Actual Loops": 1,"Group Key": ["(SUBSTRING(customer.c_phone FROM 1 FOR 2))"],"Plans": [{"Node Type": "Aggregate","Strategy": "Plain","Partial Mode": "Finalize","Parent Relationship": "InitPlan","Subplan Name": "InitPlan 1 (returns $1)","Parallel Aware": false,"Async Capable": false,"Startup Cost": 6230.83,"Total Cost": 6230.84,"Plan Rows": 1,"Plan Width": 32,"Actual Startup Time": 61.946,"Actual Total Time": 62.109,"Actual Rows": 1,"Actual Loops": 1,"Plans": [{"Node Type": "Gather","Parent Relationship": "Outer","Parallel Aware": false,"Async Capable": false,"Startup Cost": 6230.61,"Total Cost": 6230.82,"Plan Rows": 2,"Plan Width": 32,"Actual Startup Time": 61.897,"Actual Total Time": 62.097,"Actual Rows": 3,"Actual Loops": 1,"Workers Planned": 2,"Workers Launched": 2,"Single Copy": false,"Plans": [{"Node Type": "Aggregate","Strategy": "Plain","Partial Mode": "Partial","Parent Relationship": "Outer","Parallel Aware": false,"Async Capable": false,"Startup Cost": 5230.61,"Total Cost": 5230.62,"Plan Rows": 1,"Plan Width": 32,"Actual Startup Time": 56.046,"Actual Total Time": 56.047,"Actual Rows": 1,"Actual Loops": 3,"Workers": [],"Plans": [{"Node Type": "Seq Scan","Parent Relationship": "Outer","Parallel Aware": true,"Async Capable": false,"Relation Name": "customer","Alias": "customer_1","Startup Cost": 0.00,"Total Cost": 5225.62,"Plan Rows": 1994,"Plan Width": 6,"Actual Startup Time": 0.059,"Actual Total Time": 54.998,"Actual Rows": 12698,"Actual Loops": 3,"Filter": "((c_acctbal > 0.00) AND (SUBSTRING(c_phone FROM 1 FOR 2) = ANY ('{13,17,31,26,32,28,25}'::text[])))","Rows Removed by Filter": 37302,"Workers": []}]}]}]},{"Node Type": "Gather Merge","Parent Relationship": "Outer","Parallel Aware": false,"Async Capable": false,"Startup Cost": 6741.22,"Total Cost": 6821.30,"Plan Rows": 620,"Plan Width": 72,"Actual Startup Time": 139.990,"Actual Total Time": 143.601,"Actual Rows": 21,"Actual Loops": 1,"Workers Planned": 2,"Params Evaluated": ["$1"],"Workers Launched": 2,"Plans": [{"Node Type": "Aggregate","Strategy": "Sorted","Partial Mode": "Partial","Parent Relationship": "Outer","Parallel Aware": false,"Async Capable": false,"Startup Cost": 5741.19,"Total Cost": 5749.72,"Plan Rows": 310,"Plan Width": 72,"Actual Startup Time": 71.513,"Actual Total Time": 71.799,"Actual Rows": 7,"Actual Loops": 3,"Group Key": ["(SUBSTRING(customer.c_phone FROM 1 FOR 2))"],"Workers": [],"Plans": [{"Node Type": "Sort","Parent Relationship": "Outer","Parallel Aware": false,"Async Capable": false,"Startup Cost": 5741.19,"Total Cost": 5741.97,"Plan Rows": 310,"Plan Width": 38,"Actual Startup Time": 71.445,"Actual Total Time": 71.521,"Actual Rows": 2083,"Actual Loops": 3,"Sort Key": ["(SUBSTRING(customer.c_phone FROM 1 FOR 2))"],"Sort Method": "quicksort","Sort Space Used": 230,"Sort Space Type": "Memory","Workers": [{"Worker Number": 0,"Sort Method": "quicksort","Sort Space Used": 153,"Sort Space Type": "Memory"},{"Worker Number": 1,"Sort Method": "quicksort","Sort Space Used": 152,"Sort Space Type": "Memory"}],"Plans": [{"Node Type": "Nested Loop","Parent Relationship": "Outer","Parallel Aware": false,"Async Capable": false,"Join Type": "Anti","Startup Cost": 0.43,"Total Cost": 5728.36,"Plan Rows": 310,"Plan Width": 38,"Actual Startup Time": 0.143,"Actual Total Time": 70.680,"Actual Rows": 2083,"Actual Loops": 3,"Inner Unique": false,"Workers": [],"Plans": [{"Node Type": "Seq Scan","Parent Relationship": "Outer","Parallel Aware": true,"Async Capable": false,"Relation Name": "customer","Alias": "customer","Startup Cost": 0.00,"Total Cost": 5225.62,"Plan Rows": 729,"Plan Width": 26,"Actual Startup Time": 0.032,"Actual Total Time": 46.843,"Actual Rows": 6333,"Actual Loops": 3,"Filter": "((c_acctbal > $1) AND (SUBSTRING(c_phone FROM 1 FOR 2) = ANY ('{13,17,31,26,32,28,25}'::text[])))","Rows Removed by Filter": 43667,"Workers": []},{"Node Type": "Index Only Scan","Parent Relationship": "Inner","Parallel Aware": false,"Async Capable": false,"Scan Direction": "Forward","Index Name": "idx_orders_custkey","Relation Name": "orders","Alias": "orders","Startup Cost": 0.43,"Total Cost": 3.28,"Plan Rows": 17,"Plan Width": 4,"Actual Startup Time": 0.003,"Actual Total Time": 0.003,"Actual Rows": 1,"Actual Loops": 19000,"Index Cond": "(o_custkey = customer.c_custkey)","Rows Removed by Index Recheck": 0,"Heap Fetches": 0,"Workers": []}]}]}]}]}]},"Planning Time": 4.581,"Triggers": [],"Execution Time": 144.131}]
[{"Plan": {"Node Type": "Aggregate","Strategy": "Sorted","Partial Mode": "Finalize","Parallel Aware": false,"Async Capable": false,"Startup Cost": 12972.06,"Total Cost": 13071.37,"Plan Rows": 744,"Plan Width": 72,"Actual Startup Time": 138.820,"Actual Total Time": 142.470,"Actual Rows": 7,"Actual Loops": 1,"Group Key": ["(SUBSTRING(customer.c_phone FROM 1 FOR 2))"],"Plans": [{"Node Type": "Aggregate","Strategy": "Plain","Partial Mode": "Finalize","Parent Relationship": "InitPlan","Subplan Name": "InitPlan 1 (returns $1)","Parallel Aware": false,"Async Capable": false,"Startup Cost": 6230.83,"Total Cost": 6230.84,"Plan Rows": 1,"Plan Width": 32,"Actual Startup Time": 63.394,"Actual Total Time": 63.576,"Actual Rows": 1,"Actual Loops": 1,"Plans": [{"Node Type": "Gather","Parent Relationship": "Outer","Parallel Aware": false,"Async Capable": false,"Startup Cost": 6230.61,"Total Cost": 6230.82,"Plan Rows": 2,"Plan Width": 32,"Actual Startup Time": 63.302,"Actual Total Time": 63.565,"Actual Rows": 3,"Actual Loops": 1,"Workers Planned": 2,"Workers Launched": 2,"Single Copy": false,"Plans": [{"Node Type": "Aggregate","Strategy": "Plain","Partial Mode": "Partial","Parent Relationship": "Outer","Parallel Aware": false,"Async Capable": false,"Startup Cost": 5230.61,"Total Cost": 5230.62,"Plan Rows": 1,"Plan Width": 32,"Actual Startup Time": 56.696,"Actual Total Time": 56.697,"Actual Rows": 1,"Actual Loops": 3,"Workers": [],"Plans": [{"Node Type": "Seq Scan","Parent Relationship": "Outer","Parallel Aware": true,"Async Capable": false,"Relation Name": "customer","Alias": "customer_1","Startup Cost": 0.00,"Total Cost": 5225.62,"Plan Rows": 1994,"Plan Width": 6,"Actual Startup Time": 0.053,"Actual Total Time": 55.572,"Actual Rows": 12706,"Actual Loops": 3,"Filter": "((c_acctbal > 0.00) AND (SUBSTRING(c_phone FROM 1 FOR 2) = ANY ('{16,15,27,20,18,14,13}'::text[])))","Rows Removed by Filter": 37294,"Workers": []}]}]}]},{"Node Type": "Gather Merge","Parent Relationship": "Outer","Parallel Aware": false,"Async Capable": false,"Startup Cost": 6741.22,"Total Cost": 6821.30,"Plan Rows": 620,"Plan Width": 72,"Actual Startup Time": 138.684,"Actual Total Time": 142.229,"Actual Rows": 21,"Actual Loops": 1,"Workers Planned": 2,"Params Evaluated": ["$1"],"Workers Launched": 2,"Plans": [{"Node Type": "Aggregate","Strategy": "Sorted","Partial Mode": "Partial","Parent Relationship": "Outer","Parallel Aware": false,"Async Capable": false,"Startup Cost": 5741.19,"Total Cost": 5749.72,"Plan Rows": 310,"Plan Width": 72,"Actual Startup Time": 68.577,"Actual Total Time": 68.869,"Actual Rows": 7,"Actual Loops": 3,"Group Key": ["(SUBSTRING(customer.c_phone FROM 1 FOR 2))"],"Workers": [],"Plans": [{"Node Type": "Sort","Parent Relationship": "Outer","Parallel Aware": false,"Async Capable": false,"Startup Cost": 5741.19,"Total Cost": 5741.97,"Plan Rows": 310,"Plan Width": 38,"Actual Startup Time": 68.508,"Actual Total Time": 68.586,"Actual Rows": 2125,"Actual Loops": 3,"Sort Key": ["(SUBSTRING(customer.c_phone FROM 1 FOR 2))"],"Sort Method": "quicksort","Sort Space Used": 235,"Sort Space Type": "Memory","Workers": [{"Worker Number": 0,"Sort Method": "quicksort","Sort Space Used": 151,"Sort Space Type": "Memory"},{"Worker Number": 1,"Sort Method": "quicksort","Sort Space Used": 155,"Sort Space Type": "Memory"}],"Plans": [{"Node Type": "Nested Loop","Parent Relationship": "Outer","Parallel Aware": false,"Async Capable": false,"Join Type": "Anti","Startup Cost": 0.43,"Total Cost": 5728.36,"Plan Rows": 310,"Plan Width": 38,"Actual Startup Time": 0.203,"Actual Total Time": 67.670,"Actual Rows": 2125,"Actual Loops": 3,"Inner Unique": false,"Workers": [],"Plans": [{"Node Type": "Seq Scan","Parent Relationship": "Outer","Parallel Aware": true,"Async Capable": false,"Relation Name": "customer","Alias": "customer","Startup Cost": 0.00,"Total Cost": 5225.62,"Plan Rows": 729,"Plan Width": 26,"Actual Startup Time": 0.050,"Actual Total Time": 44.567,"Actual Rows": 6336,"Actual Loops": 3,"Filter": "((c_acctbal > $1) AND (SUBSTRING(c_phone FROM 1 FOR 2) = ANY ('{16,15,27,20,18,14,13}'::text[])))","Rows Removed by Filter": 43664,"Workers": []},{"Node Type": "Index Only Scan","Parent Relationship": "Inner","Parallel Aware": false,"Async Capable": false,"Scan Direction": "Forward","Index Name": "idx_orders_custkey","Relation Name": "orders","Alias": "orders","Startup Cost": 0.43,"Total Cost": 3.28,"Plan Rows": 17,"Plan Width": 4,"Actual Startup Time": 0.003,"Actual Total Time": 0.003,"Actual Rows": 1,"Actual Loops": 19008,"Index Cond": "(o_custkey = customer.c_custkey)","Rows Removed by Index Recheck": 0,"Heap Fetches": 0,"Workers": []}]}]}]}]}]},"Planning Time": 3.674,"Triggers": [],"Execution Time": 142.820}]
[{"Plan": {"Node Type": "Aggregate","Strategy": "Sorted","Partial Mode": "Finalize","Parallel Aware": false,"Async Capable": false,"Startup Cost": 12972.06,"Total Cost": 13071.37,"Plan Rows": 744,"Plan Width": 72,"Actual Startup Time": 134.270,"Actual Total Time": 138.133,"Actual Rows": 7,"Actual Loops": 1,"Group Key": ["(SUBSTRING(customer.c_phone FROM 1 FOR 2))"],"Plans": [{"Node Type": "Aggregate","Strategy": "Plain","Partial Mode": "Finalize","Parent Relationship": "InitPlan","Subplan Name": "InitPlan 1 (returns $1)","Parallel Aware": false,"Async Capable": false,"Startup Cost": 6230.83,"Total Cost": 6230.84,"Plan Rows": 1,"Plan Width": 32,"Actual Startup Time": 61.754,"Actual Total Time": 62.039,"Actual Rows": 1,"Actual Loops": 1,"Plans": [{"Node Type": "Gather","Parent Relationship": "Outer","Parallel Aware": false,"Async Capable": false,"Startup Cost": 6230.61,"Total Cost": 6230.82,"Plan Rows": 2,"Plan Width": 32,"Actual Startup Time": 61.655,"Actual Total Time": 62.026,"Actual Rows": 3,"Actual Loops": 1,"Workers Planned": 2,"Workers Launched": 2,"Single Copy": false,"Plans": [{"Node Type": "Aggregate","Strategy": "Plain","Partial Mode": "Partial","Parent Relationship": "Outer","Parallel Aware": false,"Async Capable": false,"Startup Cost": 5230.61,"Total Cost": 5230.62,"Plan Rows": 1,"Plan Width": 32,"Actual Startup Time": 55.865,"Actual Total Time": 55.867,"Actual Rows": 1,"Actual Loops": 3,"Workers": [],"Plans": [{"Node Type": "Seq Scan","Parent Relationship": "Outer","Parallel Aware": true,"Async Capable": false,"Relation Name": "customer","Alias": "customer_1","Startup Cost": 0.00,"Total Cost": 5225.62,"Plan Rows": 1994,"Plan Width": 6,"Actual Startup Time": 0.041,"Actual Total Time": 54.799,"Actual Rows": 12828,"Actual Loops": 3,"Filter": "((c_acctbal > 0.00) AND (SUBSTRING(c_phone FROM 1 FOR 2) = ANY ('{34,18,19,28,32,14,31}'::text[])))","Rows Removed by Filter": 37172,"Workers": []}]}]}]},{"Node Type": "Gather Merge","Parent Relationship": "Outer","Parallel Aware": false,"Async Capable": false,"Startup Cost": 6741.22,"Total Cost": 6821.30,"Plan Rows": 620,"Plan Width": 72,"Actual Startup Time": 134.175,"Actual Total Time": 137.802,"Actual Rows": 21,"Actual Loops": 1,"Workers Planned": 2,"Params Evaluated": ["$1"],"Workers Launched": 2,"Plans": [{"Node Type": "Aggregate","Strategy": "Sorted","Partial Mode": "Partial","Parent Relationship": "Outer","Parallel Aware": false,"Async Capable": false,"Startup Cost": 5741.19,"Total Cost": 5749.72,"Plan Rows": 310,"Plan Width": 72,"Actual Startup Time": 65.821,"Actual Total Time": 66.139,"Actual Rows": 7,"Actual Loops": 3,"Group Key": ["(SUBSTRING(customer.c_phone FROM 1 FOR 2))"],"Workers": [],"Plans": [{"Node Type": "Sort","Parent Relationship": "Outer","Parallel Aware": false,"Async Capable": false,"Startup Cost": 5741.19,"Total Cost": 5741.97,"Plan Rows": 310,"Plan Width": 38,"Actual Startup Time": 65.737,"Actual Total Time": 65.824,"Actual Rows": 2187,"Actual Loops": 3,"Sort Key": ["(SUBSTRING(customer.c_phone FROM 1 FOR 2))"],"Sort Method": "quicksort","Sort Space Used": 236,"Sort Space Type": "Memory","Workers": [{"Worker Number": 0,"Sort Method": "quicksort","Sort Space Used": 153,"Sort Space Type": "Memory"},{"Worker Number": 1,"Sort Method": "quicksort","Sort Space Used": 211,"Sort Space Type": "Memory"}],"Plans": [{"Node Type": "Nested Loop","Parent Relationship": "Outer","Parallel Aware": false,"Async Capable": false,"Join Type": "Anti","Startup Cost": 0.43,"Total Cost": 5728.36,"Plan Rows": 310,"Plan Width": 38,"Actual Startup Time": 0.110,"Actual Total Time": 64.897,"Actual Rows": 2187,"Actual Loops": 3,"Inner Unique": false,"Workers": [],"Plans": [{"Node Type": "Seq Scan","Parent Relationship": "Outer","Parallel Aware": true,"Async Capable": false,"Relation Name": "customer","Alias": "customer","Startup Cost": 0.00,"Total Cost": 5225.62,"Plan Rows": 729,"Plan Width": 26,"Actual Startup Time": 0.034,"Actual Total Time": 43.707,"Actual Rows": 6429,"Actual Loops": 3,"Filter": "((c_acctbal > $1) AND (SUBSTRING(c_phone FROM 1 FOR 2) = ANY ('{34,18,19,28,32,14,31}'::text[])))","Rows Removed by Filter": 43571,"Workers": []},{"Node Type": "Index Only Scan","Parent Relationship": "Inner","Parallel Aware": false,"Async Capable": false,"Scan Direction": "Forward","Index Name": "idx_orders_custkey","Relation Name": "orders","Alias": "orders","Startup Cost": 0.43,"Total Cost": 3.28,"Plan Rows": 17,"Plan Width": 4,"Actual Startup Time": 0.003,"Actual Total Time": 0.003,"Actual Rows": 1,"Actual Loops": 19286,"Index Cond": "(o_custkey = customer.c_custkey)","Rows Removed by Index Recheck": 0,"Heap Fetches": 0,"Workers": []}]}]}]}]}]},"Planning Time": 3.938,"Triggers": [],"Execution Time": 138.544}]
[{"Plan": {"Node Type": "Aggregate","Strategy": "Sorted","Partial Mode": "Finalize","Parallel Aware": false,"Async Capable": false,"Startup Cost": 12972.06,"Total Cost": 13071.37,"Plan Rows": 744,"Plan Width": 72,"Actual Startup Time": 134.965,"Actual Total Time": 138.517,"Actual Rows": 7,"Actual Loops": 1,"Group Key": ["(SUBSTRING(customer.c_phone FROM 1 FOR 2))"],"Plans": [{"Node Type": "Aggregate","Strategy": "Plain","Partial Mode": "Finalize","Parent Relationship": "InitPlan","Subplan Name": "InitPlan 1 (returns $1)","Parallel Aware": false,"Async Capable": false,"Startup Cost": 6230.83,"Total Cost": 6230.84,"Plan Rows": 1,"Plan Width": 32,"Actual Startup Time": 59.095,"Actual Total Time": 59.311,"Actual Rows": 1,"Actual Loops": 1,"Plans": [{"Node Type": "Gather","Parent Relationship": "Outer","Parallel Aware": false,"Async Capable": false,"Startup Cost": 6230.61,"Total Cost": 6230.82,"Plan Rows": 2,"Plan Width": 32,"Actual Startup Time": 58.984,"Actual Total Time": 59.292,"Actual Rows": 3,"Actual Loops": 1,"Workers Planned": 2,"Workers Launched": 2,"Single Copy": false,"Plans": [{"Node Type": "Aggregate","Strategy": "Plain","Partial Mode": "Partial","Parent Relationship": "Outer","Parallel Aware": false,"Async Capable": false,"Startup Cost": 5230.61,"Total Cost": 5230.62,"Plan Rows": 1,"Plan Width": 32,"Actual Startup Time": 53.267,"Actual Total Time": 53.268,"Actual Rows": 1,"Actual Loops": 3,"Workers": [],"Plans": [{"Node Type": "Seq Scan","Parent Relationship": "Outer","Parallel Aware": true,"Async Capable": false,"Relation Name": "customer","Alias": "customer_1","Startup Cost": 0.00,"Total Cost": 5225.62,"Plan Rows": 1994,"Plan Width": 6,"Actual Startup Time": 0.058,"Actual Total Time": 52.165,"Actual Rows": 12701,"Actual Loops": 3,"Filter": "((c_acctbal > 0.00) AND (SUBSTRING(c_phone FROM 1 FOR 2) = ANY ('{20,31,11,21,25,30,19}'::text[])))","Rows Removed by Filter": 37299,"Workers": []}]}]}]},{"Node Type": "Gather Merge","Parent Relationship": "Outer","Parallel Aware": false,"Async Capable": false,"Startup Cost": 6741.22,"Total Cost": 6821.30,"Plan Rows": 620,"Plan Width": 72,"Actual Startup Time": 134.856,"Actual Total Time": 138.234,"Actual Rows": 21,"Actual Loops": 1,"Workers Planned": 2,"Params Evaluated": ["$1"],"Workers Launched": 2,"Plans": [{"Node Type": "Aggregate","Strategy": "Sorted","Partial Mode": "Partial","Parent Relationship": "Outer","Parallel Aware": false,"Async Capable": false,"Startup Cost": 5741.19,"Total Cost": 5749.72,"Plan Rows": 310,"Plan Width": 72,"Actual Startup Time": 68.908,"Actual Total Time": 69.203,"Actual Rows": 7,"Actual Loops": 3,"Group Key": ["(SUBSTRING(customer.c_phone FROM 1 FOR 2))"],"Workers": [],"Plans": [{"Node Type": "Sort","Parent Relationship": "Outer","Parallel Aware": false,"Async Capable": false,"Startup Cost": 5741.19,"Total Cost": 5741.97,"Plan Rows": 310,"Plan Width": 38,"Actual Startup Time": 68.839,"Actual Total Time": 68.918,"Actual Rows": 2146,"Actual Loops": 3,"Sort Key": ["(SUBSTRING(customer.c_phone FROM 1 FOR 2))"],"Sort Method": "quicksort","Sort Space Used": 232,"Sort Space Type": "Memory","Workers": [{"Worker Number": 0,"Sort Method": "quicksort","Sort Space Used": 159,"Sort Space Type": "Memory"},{"Worker Number": 1,"Sort Method": "quicksort","Sort Space Used": 155,"Sort Space Type": "Memory"}],"Plans": [{"Node Type": "Nested Loop","Parent Relationship": "Outer","Parallel Aware": false,"Async Capable": false,"Join Type": "Anti","Startup Cost": 0.43,"Total Cost": 5728.36,"Plan Rows": 310,"Plan Width": 38,"Actual Startup Time": 0.184,"Actual Total Time": 67.996,"Actual Rows": 2146,"Actual Loops": 3,"Inner Unique": false,"Workers": [],"Plans": [{"Node Type": "Seq Scan","Parent Relationship": "Outer","Parallel Aware": true,"Async Capable": false,"Relation Name": "customer","Alias": "customer","Startup Cost": 0.00,"Total Cost": 5225.62,"Plan Rows": 729,"Plan Width": 26,"Actual Startup Time": 0.049,"Actual Total Time": 44.821,"Actual Rows": 6340,"Actual Loops": 3,"Filter": "((c_acctbal > $1) AND (SUBSTRING(c_phone FROM 1 FOR 2) = ANY ('{20,31,11,21,25,30,19}'::text[])))","Rows Removed by Filter": 43660,"Workers": []},{"Node Type": "Index Only Scan","Parent Relationship": "Inner","Parallel Aware": false,"Async Capable": false,"Scan Direction": "Forward","Index Name": "idx_orders_custkey","Relation Name": "orders","Alias": "orders","Startup Cost": 0.43,"Total Cost": 3.28,"Plan Rows": 17,"Plan Width": 4,"Actual Startup Time": 0.003,"Actual Total Time": 0.003,"Actual Rows": 1,"Actual Loops": 19019,"Index Cond": "(o_custkey = customer.c_custkey)","Rows Removed by Index Recheck": 0,"Heap Fetches": 0,"Workers": []}]}]}]}]}]},"Planning Time": 4.135,"Triggers": [],"Execution Time": 138.960}]
[{"Plan": {"Node Type": "Aggregate","Strategy": "Sorted","Partial Mode": "Finalize","Parallel Aware": false,"Async Capable": false,"Startup Cost": 12972.06,"Total Cost": 13071.37,"Plan Rows": 744,"Plan Width": 72,"Actual Startup Time": 137.781,"Actual Total Time": 141.467,"Actual Rows": 7,"Actual Loops": 1,"Group Key": ["(SUBSTRING(customer.c_phone FROM 1 FOR 2))"],"Plans": [{"Node Type": "Aggregate","Strategy": "Plain","Partial Mode": "Finalize","Parent Relationship": "InitPlan","Subplan Name": "InitPlan 1 (returns $1)","Parallel Aware": false,"Async Capable": false,"Startup Cost": 6230.83,"Total Cost": 6230.84,"Plan Rows": 1,"Plan Width": 32,"Actual Startup Time": 61.875,"Actual Total Time": 62.083,"Actual Rows": 1,"Actual Loops": 1,"Plans": [{"Node Type": "Gather","Parent Relationship": "Outer","Parallel Aware": false,"Async Capable": false,"Startup Cost": 6230.61,"Total Cost": 6230.82,"Plan Rows": 2,"Plan Width": 32,"Actual Startup Time": 61.783,"Actual Total Time": 62.062,"Actual Rows": 3,"Actual Loops": 1,"Workers Planned": 2,"Workers Launched": 2,"Single Copy": false,"Plans": [{"Node Type": "Aggregate","Strategy": "Plain","Partial Mode": "Partial","Parent Relationship": "Outer","Parallel Aware": false,"Async Capable": false,"Startup Cost": 5230.61,"Total Cost": 5230.62,"Plan Rows": 1,"Plan Width": 32,"Actual Startup Time": 55.137,"Actual Total Time": 55.139,"Actual Rows": 1,"Actual Loops": 3,"Workers": [],"Plans": [{"Node Type": "Seq Scan","Parent Relationship": "Outer","Parallel Aware": true,"Async Capable": false,"Relation Name": "customer","Alias": "customer_1","Startup Cost": 0.00,"Total Cost": 5225.62,"Plan Rows": 1994,"Plan Width": 6,"Actual Startup Time": 0.055,"Actual Total Time": 54.105,"Actual Rows": 12709,"Actual Loops": 3,"Filter": "((c_acctbal > 0.00) AND (SUBSTRING(c_phone FROM 1 FOR 2) = ANY ('{18,11,12,10,24,29,25}'::text[])))","Rows Removed by Filter": 37291,"Workers": []}]}]}]},{"Node Type": "Gather Merge","Parent Relationship": "Outer","Parallel Aware": false,"Async Capable": false,"Startup Cost": 6741.22,"Total Cost": 6821.30,"Plan Rows": 620,"Plan Width": 72,"Actual Startup Time": 137.670,"Actual Total Time": 141.186,"Actual Rows": 21,"Actual Loops": 1,"Workers Planned": 2,"Params Evaluated": ["$1"],"Workers Launched": 2,"Plans": [{"Node Type": "Aggregate","Strategy": "Sorted","Partial Mode": "Partial","Parent Relationship": "Outer","Parallel Aware": false,"Async Capable": false,"Startup Cost": 5741.19,"Total Cost": 5749.72,"Plan Rows": 310,"Plan Width": 72,"Actual Startup Time": 68.923,"Actual Total Time": 69.219,"Actual Rows": 7,"Actual Loops": 3,"Group Key": ["(SUBSTRING(customer.c_phone FROM 1 FOR 2))"],"Workers": [],"Plans": [{"Node Type": "Sort","Parent Relationship": "Outer","Parallel Aware": false,"Async Capable": false,"Startup Cost": 5741.19,"Total Cost": 5741.97,"Plan Rows": 310,"Plan Width": 38,"Actual Startup Time": 68.856,"Actual Total Time": 68.933,"Actual Rows": 2116,"Actual Loops": 3,"Sort Key": ["(SUBSTRING(customer.c_phone FROM 1 FOR 2))"],"Sort Method": "quicksort","Sort Space Used": 231,"Sort Space Type": "Memory","Workers": [{"Worker Number": 0,"Sort Method": "quicksort","Sort Space Used": 153,"Sort Space Type": "Memory"},{"Worker Number": 1,"Sort Method": "quicksort","Sort Space Used": 155,"Sort Space Type": "Memory"}],"Plans": [{"Node Type": "Nested Loop","Parent Relationship": "Outer","Parallel Aware": false,"Async Capable": false,"Join Type": "Anti","Startup Cost": 0.43,"Total Cost": 5728.36,"Plan Rows": 310,"Plan Width": 38,"Actual Startup Time": 0.139,"Actual Total Time": 68.055,"Actual Rows": 2116,"Actual Loops": 3,"Inner Unique": false,"Workers": [],"Plans": [{"Node Type": "Seq Scan","Parent Relationship": "Outer","Parallel Aware": true,"Async Capable": false,"Relation Name": "customer","Alias": "customer","Startup Cost": 0.00,"Total Cost": 5225.62,"Plan Rows": 729,"Plan Width": 26,"Actual Startup Time": 0.034,"Actual Total Time": 44.881,"Actual Rows": 6338,"Actual Loops": 3,"Filter": "((c_acctbal > $1) AND (SUBSTRING(c_phone FROM 1 FOR 2) = ANY ('{18,11,12,10,24,29,25}'::text[])))","Rows Removed by Filter": 43662,"Workers": []},{"Node Type": "Index Only Scan","Parent Relationship": "Inner","Parallel Aware": false,"Async Capable": false,"Scan Direction": "Forward","Index Name": "idx_orders_custkey","Relation Name": "orders","Alias": "orders","Startup Cost": 0.43,"Total Cost": 3.28,"Plan Rows": 17,"Plan Width": 4,"Actual Startup Time": 0.003,"Actual Total Time": 0.003,"Actual Rows": 1,"Actual Loops": 19014,"Index Cond": "(o_custkey = customer.c_custkey)","Rows Removed by Index Recheck": 0,"Heap Fetches": 0,"Workers": []}]}]}]}]}]},"Planning Time": 4.191,"Triggers": [],"Execution Time": 141.935}]
[{"Plan": {"Node Type": "Aggregate","Strategy": "Sorted","Partial Mode": "Finalize","Parallel Aware": false,"Async Capable": false,"Startup Cost": 12972.06,"Total Cost": 13071.37,"Plan Rows": 744,"Plan Width": 72,"Actual Startup Time": 137.053,"Actual Total Time": 140.852,"Actual Rows": 7,"Actual Loops": 1,"Group Key": ["(SUBSTRING(customer.c_phone FROM 1 FOR 2))"],"Plans": [{"Node Type": "Aggregate","Strategy": "Plain","Partial Mode": "Finalize","Parent Relationship": "InitPlan","Subplan Name": "InitPlan 1 (returns $1)","Parallel Aware": false,"Async Capable": false,"Startup Cost": 6230.83,"Total Cost": 6230.84,"Plan Rows": 1,"Plan Width": 32,"Actual Startup Time": 60.399,"Actual Total Time": 60.611,"Actual Rows": 1,"Actual Loops": 1,"Plans": [{"Node Type": "Gather","Parent Relationship": "Outer","Parallel Aware": false,"Async Capable": false,"Startup Cost": 6230.61,"Total Cost": 6230.82,"Plan Rows": 2,"Plan Width": 32,"Actual Startup Time": 60.301,"Actual Total Time": 60.589,"Actual Rows": 3,"Actual Loops": 1,"Workers Planned": 2,"Workers Launched": 2,"Single Copy": false,"Plans": [{"Node Type": "Aggregate","Strategy": "Plain","Partial Mode": "Partial","Parent Relationship": "Outer","Parallel Aware": false,"Async Capable": false,"Startup Cost": 5230.61,"Total Cost": 5230.62,"Plan Rows": 1,"Plan Width": 32,"Actual Startup Time": 54.530,"Actual Total Time": 54.532,"Actual Rows": 1,"Actual Loops": 3,"Workers": [],"Plans": [{"Node Type": "Seq Scan","Parent Relationship": "Outer","Parallel Aware": true,"Async Capable": false,"Relation Name": "customer","Alias": "customer_1","Startup Cost": 0.00,"Total Cost": 5225.62,"Plan Rows": 1994,"Plan Width": 6,"Actual Startup Time": 0.051,"Actual Total Time": 53.441,"Actual Rows": 12695,"Actual Loops": 3,"Filter": "((c_acctbal > 0.00) AND (SUBSTRING(c_phone FROM 1 FOR 2) = ANY ('{23,28,24,34,17,26,21}'::text[])))","Rows Removed by Filter": 37305,"Workers": []}]}]}]},{"Node Type": "Gather Merge","Parent Relationship": "Outer","Parallel Aware": false,"Async Capable": false,"Startup Cost": 6741.22,"Total Cost": 6821.30,"Plan Rows": 620,"Plan Width": 72,"Actual Startup Time": 136.957,"Actual Total Time": 140.597,"Actual Rows": 21,"Actual Loops": 1,"Workers Planned": 2,"Params Evaluated": ["$1"],"Workers Launched": 2,"Plans": [{"Node Type": "Aggregate","Strategy": "Sorted","Partial Mode": "Partial","Parent Relationship": "Outer","Parallel Aware": false,"Async Capable": false,"Startup Cost": 5741.19,"Total Cost": 5749.72,"Plan Rows": 310,"Plan Width": 72,"Actual Startup Time": 69.759,"Actual Total Time": 70.060,"Actual Rows": 7,"Actual Loops": 3,"Group Key": ["(SUBSTRING(customer.c_phone FROM 1 FOR 2))"],"Workers": [],"Plans": [{"Node Type": "Sort","Parent Relationship": "Outer","Parallel Aware": false,"Async Capable": false,"Startup Cost": 5741.19,"Total Cost": 5741.97,"Plan Rows": 310,"Plan Width": 38,"Actual Startup Time": 69.688,"Actual Total Time": 69.773,"Actual Rows": 2117,"Actual Loops": 3,"Sort Key": ["(SUBSTRING(customer.c_phone FROM 1 FOR 2))"],"Sort Method": "quicksort","Sort Space Used": 237,"Sort Space Type": "Memory","Workers": [{"Worker Number": 0,"Sort Method": "quicksort","Sort Space Used": 154,"Sort Space Type": "Memory"},{"Worker Number": 1,"Sort Method": "quicksort","Sort Space Used": 150,"Sort Space Type": "Memory"}],"Plans": [{"Node Type": "Nested Loop","Parent Relationship": "Outer","Parallel Aware": false,"Async Capable": false,"Join Type": "Anti","Startup Cost": 0.43,"Total Cost": 5728.36,"Plan Rows": 310,"Plan Width": 38,"Actual Startup Time": 0.145,"Actual Total Time": 68.881,"Actual Rows": 2117,"Actual Loops": 3,"Inner Unique": false,"Workers": [],"Plans": [{"Node Type": "Seq Scan","Parent Relationship": "Outer","Parallel Aware": true,"Async Capable": false,"Relation Name": "customer","Alias": "customer","Startup Cost": 0.00,"Total Cost": 5225.62,"Plan Rows": 729,"Plan Width": 26,"Actual Startup Time": 0.035,"Actual Total Time": 45.470,"Actual Rows": 6358,"Actual Loops": 3,"Filter": "((c_acctbal > $1) AND (SUBSTRING(c_phone FROM 1 FOR 2) = ANY ('{23,28,24,34,17,26,21}'::text[])))","Rows Removed by Filter": 43642,"Workers": []},{"Node Type": "Index Only Scan","Parent Relationship": "Inner","Parallel Aware": false,"Async Capable": false,"Scan Direction": "Forward","Index Name": "idx_orders_custkey","Relation Name": "orders","Alias": "orders","Startup Cost": 0.43,"Total Cost": 3.28,"Plan Rows": 17,"Plan Width": 4,"Actual Startup Time": 0.003,"Actual Total Time": 0.003,"Actual Rows": 1,"Actual Loops": 19075,"Index Cond": "(o_custkey = customer.c_custkey)","Rows Removed by Index Recheck": 0,"Heap Fetches": 0,"Workers": []}]}]}]}]}]},"Planning Time": 3.565,"Triggers": [],"Execution Time": 141.216}]
[{"Plan": {"Node Type": "Aggregate","Strategy": "Sorted","Partial Mode": "Finalize","Parallel Aware": false,"Async Capable": false,"Startup Cost": 12972.06,"Total Cost": 13071.37,"Plan Rows": 744,"Plan Width": 72,"Actual Startup Time": 137.148,"Actual Total Time": 141.251,"Actual Rows": 7,"Actual Loops": 1,"Group Key": ["(SUBSTRING(customer.c_phone FROM 1 FOR 2))"],"Plans": [{"Node Type": "Aggregate","Strategy": "Plain","Partial Mode": "Finalize","Parent Relationship": "InitPlan","Subplan Name": "InitPlan 1 (returns $1)","Parallel Aware": false,"Async Capable": false,"Startup Cost": 6230.83,"Total Cost": 6230.84,"Plan Rows": 1,"Plan Width": 32,"Actual Startup Time": 58.933,"Actual Total Time": 59.198,"Actual Rows": 1,"Actual Loops": 1,"Plans": [{"Node Type": "Gather","Parent Relationship": "Outer","Parallel Aware": false,"Async Capable": false,"Startup Cost": 6230.61,"Total Cost": 6230.82,"Plan Rows": 2,"Plan Width": 32,"Actual Startup Time": 58.836,"Actual Total Time": 59.184,"Actual Rows": 3,"Actual Loops": 1,"Workers Planned": 2,"Workers Launched": 2,"Single Copy": false,"Plans": [{"Node Type": "Aggregate","Strategy": "Plain","Partial Mode": "Partial","Parent Relationship": "Outer","Parallel Aware": false,"Async Capable": false,"Startup Cost": 5230.61,"Total Cost": 5230.62,"Plan Rows": 1,"Plan Width": 32,"Actual Startup Time": 53.115,"Actual Total Time": 53.117,"Actual Rows": 1,"Actual Loops": 3,"Workers": [],"Plans": [{"Node Type": "Seq Scan","Parent Relationship": "Outer","Parallel Aware": true,"Async Capable": false,"Relation Name": "customer","Alias": "customer_1","Startup Cost": 0.00,"Total Cost": 5225.62,"Plan Rows": 1994,"Plan Width": 6,"Actual Startup Time": 0.044,"Actual Total Time": 52.026,"Actual Rows": 12708,"Actual Loops": 3,"Filter": "((c_acctbal > 0.00) AND (SUBSTRING(c_phone FROM 1 FOR 2) = ANY ('{28,25,16,22,12,14,11}'::text[])))","Rows Removed by Filter": 37292,"Workers": []}]}]}]},{"Node Type": "Gather Merge","Parent Relationship": "Outer","Parallel Aware": false,"Async Capable": false,"Startup Cost": 6741.22,"Total Cost": 6821.30,"Plan Rows": 620,"Plan Width": 72,"Actual Startup Time": 136.886,"Actual Total Time": 140.907,"Actual Rows": 21,"Actual Loops": 1,"Workers Planned": 2,"Params Evaluated": ["$1"],"Workers Launched": 2,"Plans": [{"Node Type": "Aggregate","Strategy": "Sorted","Partial Mode": "Partial","Parent Relationship": "Outer","Parallel Aware": false,"Async Capable": false,"Startup Cost": 5741.19,"Total Cost": 5749.72,"Plan Rows": 310,"Plan Width": 72,"Actual Startup Time": 70.848,"Actual Total Time": 71.218,"Actual Rows": 7,"Actual Loops": 3,"Group Key": ["(SUBSTRING(customer.c_phone FROM 1 FOR 2))"],"Workers": [],"Plans": [{"Node Type": "Sort","Parent Relationship": "Outer","Parallel Aware": false,"Async Capable": false,"Startup Cost": 5741.19,"Total Cost": 5741.97,"Plan Rows": 310,"Plan Width": 38,"Actual Startup Time": 70.771,"Actual Total Time": 70.865,"Actual Rows": 2098,"Actual Loops": 3,"Sort Key": ["(SUBSTRING(customer.c_phone FROM 1 FOR 2))"],"Sort Method": "quicksort","Sort Space Used": 229,"Sort Space Type": "Memory","Workers": [{"Worker Number": 0,"Sort Method": "quicksort","Sort Space Used": 158,"Sort Space Type": "Memory"},{"Worker Number": 1,"Sort Method": "quicksort","Sort Space Used": 151,"Sort Space Type": "Memory"}],"Plans": [{"Node Type": "Nested Loop","Parent Relationship": "Outer","Parallel Aware": false,"Async Capable": false,"Join Type": "Anti","Startup Cost": 0.43,"Total Cost": 5728.36,"Plan Rows": 310,"Plan Width": 38,"Actual Startup Time": 0.141,"Actual Total Time": 69.961,"Actual Rows": 2098,"Actual Loops": 3,"Inner Unique": false,"Workers": [],"Plans": [{"Node Type": "Seq Scan","Parent Relationship": "Outer","Parallel Aware": true,"Async Capable": false,"Relation Name": "customer","Alias": "customer","Startup Cost": 0.00,"Total Cost": 5225.62,"Plan Rows": 729,"Plan Width": 26,"Actual Startup Time": 0.032,"Actual Total Time": 46.174,"Actual Rows": 6322,"Actual Loops": 3,"Filter": "((c_acctbal > $1) AND (SUBSTRING(c_phone FROM 1 FOR 2) = ANY ('{28,25,16,22,12,14,11}'::text[])))","Rows Removed by Filter": 43678,"Workers": []},{"Node Type": "Index Only Scan","Parent Relationship": "Inner","Parallel Aware": false,"Async Capable": false,"Scan Direction": "Forward","Index Name": "idx_orders_custkey","Relation Name": "orders","Alias": "orders","Startup Cost": 0.43,"Total Cost": 3.28,"Plan Rows": 17,"Plan Width": 4,"Actual Startup Time": 0.003,"Actual Total Time": 0.003,"Actual Rows": 1,"Actual Loops": 18965,"Index Cond": "(o_custkey = customer.c_custkey)","Rows Removed by Index Recheck": 0,"Heap Fetches": 0,"Workers": []}]}]}]}]}]},"Planning Time": 4.731,"Triggers": [],"Execution Time": 141.563}]
[{"Plan": {"Node Type": "Aggregate","Strategy": "Sorted","Partial Mode": "Finalize","Parallel Aware": false,"Async Capable": false,"Startup Cost": 12972.06,"Total Cost": 13071.37,"Plan Rows": 744,"Plan Width": 72,"Actual Startup Time": 134.916,"Actual Total Time": 138.655,"Actual Rows": 7,"Actual Loops": 1,"Group Key": ["(SUBSTRING(customer.c_phone FROM 1 FOR 2))"],"Plans": [{"Node Type": "Aggregate","Strategy": "Plain","Partial Mode": "Finalize","Parent Relationship": "InitPlan","Subplan Name": "InitPlan 1 (returns $1)","Parallel Aware": false,"Async Capable": false,"Startup Cost": 6230.83,"Total Cost": 6230.84,"Plan Rows": 1,"Plan Width": 32,"Actual Startup Time": 58.962,"Actual Total Time": 59.183,"Actual Rows": 1,"Actual Loops": 1,"Plans": [{"Node Type": "Gather","Parent Relationship": "Outer","Parallel Aware": false,"Async Capable": false,"Startup Cost": 6230.61,"Total Cost": 6230.82,"Plan Rows": 2,"Plan Width": 32,"Actual Startup Time": 58.878,"Actual Total Time": 59.170,"Actual Rows": 3,"Actual Loops": 1,"Workers Planned": 2,"Workers Launched": 2,"Single Copy": false,"Plans": [{"Node Type": "Aggregate","Strategy": "Plain","Partial Mode": "Partial","Parent Relationship": "Outer","Parallel Aware": false,"Async Capable": false,"Startup Cost": 5230.61,"Total Cost": 5230.62,"Plan Rows": 1,"Plan Width": 32,"Actual Startup Time": 53.194,"Actual Total Time": 53.195,"Actual Rows": 1,"Actual Loops": 3,"Workers": [],"Plans": [{"Node Type": "Seq Scan","Parent Relationship": "Outer","Parallel Aware": true,"Async Capable": false,"Relation Name": "customer","Alias": "customer_1","Startup Cost": 0.00,"Total Cost": 5225.62,"Plan Rows": 1994,"Plan Width": 6,"Actual Startup Time": 0.060,"Actual Total Time": 52.138,"Actual Rows": 12689,"Actual Loops": 3,"Filter": "((c_acctbal > 0.00) AND (SUBSTRING(c_phone FROM 1 FOR 2) = ANY ('{21,24,18,17,26,12,14}'::text[])))","Rows Removed by Filter": 37311,"Workers": []}]}]}]},{"Node Type": "Gather Merge","Parent Relationship": "Outer","Parallel Aware": false,"Async Capable": false,"Startup Cost": 6741.22,"Total Cost": 6821.30,"Plan Rows": 620,"Plan Width": 72,"Actual Startup Time": 134.799,"Actual Total Time": 138.360,"Actual Rows": 21,"Actual Loops": 1,"Workers Planned": 2,"Params Evaluated": ["$1"],"Workers Launched": 2,"Plans": [{"Node Type": "Aggregate","Strategy": "Sorted","Partial Mode": "Partial","Parent Relationship": "Outer","Parallel Aware": false,"Async Capable": false,"Startup Cost": 5741.19,"Total Cost": 5749.72,"Plan Rows": 310,"Plan Width": 72,"Actual Startup Time": 69.103,"Actual Total Time": 69.394,"Actual Rows": 7,"Actual Loops": 3,"Group Key": ["(SUBSTRING(customer.c_phone FROM 1 FOR 2))"],"Workers": [],"Plans": [{"Node Type": "Sort","Parent Relationship": "Outer","Parallel Aware": false,"Async Capable": false,"Startup Cost": 5741.19,"Total Cost": 5741.97,"Plan Rows": 310,"Plan Width": 38,"Actual Startup Time": 69.034,"Actual Total Time": 69.110,"Actual Rows": 2123,"Actual Loops": 3,"Sort Key": ["(SUBSTRING(customer.c_phone FROM 1 FOR 2))"],"Sort Method": "quicksort","Sort Space Used": 234,"Sort Space Type": "Memory","Workers": [{"Worker Number": 0,"Sort Method": "quicksort","Sort Space Used": 157,"Sort Space Type": "Memory"},{"Worker Number": 1,"Sort Method": "quicksort","Sort Space Used": 150,"Sort Space Type": "Memory"}],"Plans": [{"Node Type": "Nested Loop","Parent Relationship": "Outer","Parallel Aware": false,"Async Capable": false,"Join Type": "Anti","Startup Cost": 0.43,"Total Cost": 5728.36,"Plan Rows": 310,"Plan Width": 38,"Actual Startup Time": 0.167,"Actual Total Time": 68.233,"Actual Rows": 2123,"Actual Loops": 3,"Inner Unique": false,"Workers": [],"Plans": [{"Node Type": "Seq Scan","Parent Relationship": "Outer","Parallel Aware": true,"Async Capable": false,"Relation Name": "customer","Alias": "customer","Startup Cost": 0.00,"Total Cost": 5225.62,"Plan Rows": 729,"Plan Width": 26,"Actual Startup Time": 0.034,"Actual Total Time": 45.161,"Actual Rows": 6348,"Actual Loops": 3,"Filter": "((c_acctbal > $1) AND (SUBSTRING(c_phone FROM 1 FOR 2) = ANY ('{21,24,18,17,26,12,14}'::text[])))","Rows Removed by Filter": 43652,"Workers": []},{"Node Type": "Index Only Scan","Parent Relationship": "Inner","Parallel Aware": false,"Async Capable": false,"Scan Direction": "Forward","Index Name": "idx_orders_custkey","Relation Name": "orders","Alias": "orders","Startup Cost": 0.43,"Total Cost": 3.28,"Plan Rows": 17,"Plan Width": 4,"Actual Startup Time": 0.003,"Actual Total Time": 0.003,"Actual Rows": 1,"Actual Loops": 19045,"Index Cond": "(o_custkey = customer.c_custkey)","Rows Removed by Index Recheck": 0,"Heap Fetches": 0,"Workers": []}]}]}]}]}]},"Planning Time": 5.059,"Triggers": [],"Execution Time": 139.114}]
[{"Plan": {"Node Type": "Aggregate","Strategy": "Sorted","Partial Mode": "Finalize","Parallel Aware": false,"Async Capable": false,"Startup Cost": 12972.06,"Total Cost": 13071.37,"Plan Rows": 744,"Plan Width": 72,"Actual Startup Time": 135.028,"Actual Total Time": 140.591,"Actual Rows": 7,"Actual Loops": 1,"Group Key": ["(SUBSTRING(customer.c_phone FROM 1 FOR 2))"],"Plans": [{"Node Type": "Aggregate","Strategy": "Plain","Partial Mode": "Finalize","Parent Relationship": "InitPlan","Subplan Name": "InitPlan 1 (returns $1)","Parallel Aware": false,"Async Capable": false,"Startup Cost": 6230.83,"Total Cost": 6230.84,"Plan Rows": 1,"Plan Width": 32,"Actual Startup Time": 62.556,"Actual Total Time": 62.744,"Actual Rows": 1,"Actual Loops": 1,"Plans": [{"Node Type": "Gather","Parent Relationship": "Outer","Parallel Aware": false,"Async Capable": false,"Startup Cost": 6230.61,"Total Cost": 6230.82,"Plan Rows": 2,"Plan Width": 32,"Actual Startup Time": 62.449,"Actual Total Time": 62.733,"Actual Rows": 3,"Actual Loops": 1,"Workers Planned": 2,"Workers Launched": 2,"Single Copy": false,"Plans": [{"Node Type": "Aggregate","Strategy": "Plain","Partial Mode": "Partial","Parent Relationship": "Outer","Parallel Aware": false,"Async Capable": false,"Startup Cost": 5230.61,"Total Cost": 5230.62,"Plan Rows": 1,"Plan Width": 32,"Actual Startup Time": 55.795,"Actual Total Time": 55.796,"Actual Rows": 1,"Actual Loops": 3,"Workers": [],"Plans": [{"Node Type": "Seq Scan","Parent Relationship": "Outer","Parallel Aware": true,"Async Capable": false,"Relation Name": "customer","Alias": "customer_1","Startup Cost": 0.00,"Total Cost": 5225.62,"Plan Rows": 1994,"Plan Width": 6,"Actual Startup Time": 0.060,"Actual Total Time": 54.685,"Actual Rows": 12737,"Actual Loops": 3,"Filter": "((c_acctbal > 0.00) AND (SUBSTRING(c_phone FROM 1 FOR 2) = ANY ('{19,31,27,13,15,20,34}'::text[])))","Rows Removed by Filter": 37263,"Workers": []}]}]}]},{"Node Type": "Gather Merge","Parent Relationship": "Outer","Parallel Aware": false,"Async Capable": false,"Startup Cost": 6741.22,"Total Cost": 6821.30,"Plan Rows": 620,"Plan Width": 72,"Actual Startup Time": 134.930,"Actual Total Time": 140.351,"Actual Rows": 21,"Actual Loops": 1,"Workers Planned": 2,"Params Evaluated": ["$1"],"Workers Launched": 2,"Plans": [{"Node Type": "Aggregate","Strategy": "Sorted","Partial Mode": "Partial","Parent Relationship": "Outer","Parallel Aware": false,"Async Capable": false,"Startup Cost": 5741.19,"Total Cost": 5749.72,"Plan Rows": 310,"Plan Width": 72,"Actual Startup Time": 64.676,"Actual Total Time": 65.166,"Actual Rows": 7,"Actual Loops": 3,"Group Key": ["(SUBSTRING(customer.c_phone FROM 1 FOR 2))"],"Workers": [],"Plans": [{"Node Type": "Sort","Parent Relationship": "Outer","Parallel Aware": false,"Async Capable": false,"Startup Cost": 5741.19,"Total Cost": 5741.97,"Plan Rows": 310,"Plan Width": 38,"Actual Startup Time": 64.570,"Actual Total Time": 64.703,"Actual Rows": 2132,"Actual Loops": 3,"Sort Key": ["(SUBSTRING(customer.c_phone FROM 1 FOR 2))"],"Sort Method": "quicksort","Sort Space Used": 234,"Sort Space Type": "Memory","Workers": [{"Worker Number": 0,"Sort Method": "quicksort","Sort Space Used": 156,"Sort Space Type": "Memory"},{"Worker Number": 1,"Sort Method": "quicksort","Sort Space Used": 153,"Sort Space Type": "Memory"}],"Plans": [{"Node Type": "Nested Loop","Parent Relationship": "Outer","Parallel Aware": false,"Async Capable": false,"Join Type": "Anti","Startup Cost": 0.43,"Total Cost": 5728.36,"Plan Rows": 310,"Plan Width": 38,"Actual Startup Time": 0.250,"Actual Total Time": 63.576,"Actual Rows": 2132,"Actual Loops": 3,"Inner Unique": false,"Workers": [],"Plans": [{"Node Type": "Seq Scan","Parent Relationship": "Outer","Parallel Aware": true,"Async Capable": false,"Relation Name": "customer","Alias": "customer","Startup Cost": 0.00,"Total Cost": 5225.62,"Plan Rows": 729,"Plan Width": 26,"Actual Startup Time": 0.047,"Actual Total Time": 42.855,"Actual Rows": 6352,"Actual Loops": 3,"Filter": "((c_acctbal > $1) AND (SUBSTRING(c_phone FROM 1 FOR 2) = ANY ('{19,31,27,13,15,20,34}'::text[])))","Rows Removed by Filter": 43648,"Workers": []},{"Node Type": "Index Only Scan","Parent Relationship": "Inner","Parallel Aware": false,"Async Capable": false,"Scan Direction": "Forward","Index Name": "idx_orders_custkey","Relation Name": "orders","Alias": "orders","Startup Cost": 0.43,"Total Cost": 3.28,"Plan Rows": 17,"Plan Width": 4,"Actual Startup Time": 0.003,"Actual Total Time": 0.003,"Actual Rows": 1,"Actual Loops": 19057,"Index Cond": "(o_custkey = customer.c_custkey)","Rows Removed by Index Recheck": 0,"Heap Fetches": 0,"Workers": []}]}]}]}]}]},"Planning Time": 3.588,"Triggers": [],"Execution Time": 140.981}]
[{"Plan": {"Node Type": "Aggregate","Strategy": "Sorted","Partial Mode": "Finalize","Parallel Aware": false,"Async Capable": false,"Startup Cost": 12972.06,"Total Cost": 13071.37,"Plan Rows": 744,"Plan Width": 72,"Actual Startup Time": 135.802,"Actual Total Time": 139.421,"Actual Rows": 7,"Actual Loops": 1,"Group Key": ["(SUBSTRING(customer.c_phone FROM 1 FOR 2))"],"Plans": [{"Node Type": "Aggregate","Strategy": "Plain","Partial Mode": "Finalize","Parent Relationship": "InitPlan","Subplan Name": "InitPlan 1 (returns $1)","Parallel Aware": false,"Async Capable": false,"Startup Cost": 6230.83,"Total Cost": 6230.84,"Plan Rows": 1,"Plan Width": 32,"Actual Startup Time": 59.378,"Actual Total Time": 59.576,"Actual Rows": 1,"Actual Loops": 1,"Plans": [{"Node Type": "Gather","Parent Relationship": "Outer","Parallel Aware": false,"Async Capable": false,"Startup Cost": 6230.61,"Total Cost": 6230.82,"Plan Rows": 2,"Plan Width": 32,"Actual Startup Time": 59.286,"Actual Total Time": 59.563,"Actual Rows": 3,"Actual Loops": 1,"Workers Planned": 2,"Workers Launched": 2,"Single Copy": false,"Plans": [{"Node Type": "Aggregate","Strategy": "Plain","Partial Mode": "Partial","Parent Relationship": "Outer","Parallel Aware": false,"Async Capable": false,"Startup Cost": 5230.61,"Total Cost": 5230.62,"Plan Rows": 1,"Plan Width": 32,"Actual Startup Time": 53.601,"Actual Total Time": 53.602,"Actual Rows": 1,"Actual Loops": 3,"Workers": [],"Plans": [{"Node Type": "Seq Scan","Parent Relationship": "Outer","Parallel Aware": true,"Async Capable": false,"Relation Name": "customer","Alias": "customer_1","Startup Cost": 0.00,"Total Cost": 5225.62,"Plan Rows": 1994,"Plan Width": 6,"Actual Startup Time": 0.046,"Actual Total Time": 52.538,"Actual Rows": 12662,"Actual Loops": 3,"Filter": "((c_acctbal > 0.00) AND (SUBSTRING(c_phone FROM 1 FOR 2) = ANY ('{21,30,10,29,20,14,11}'::text[])))","Rows Removed by Filter": 37338,"Workers": []}]}]}]},{"Node Type": "Gather Merge","Parent Relationship": "Outer","Parallel Aware": false,"Async Capable": false,"Startup Cost": 6741.22,"Total Cost": 6821.30,"Plan Rows": 620,"Plan Width": 72,"Actual Startup Time": 135.707,"Actual Total Time": 139.173,"Actual Rows": 21,"Actual Loops": 1,"Workers Planned": 2,"Params Evaluated": ["$1"],"Workers Launched": 2,"Plans": [{"Node Type": "Aggregate","Strategy": "Sorted","Partial Mode": "Partial","Parent Relationship": "Outer","Parallel Aware": false,"Async Capable": false,"Startup Cost": 5741.19,"Total Cost": 5749.72,"Plan Rows": 310,"Plan Width": 72,"Actual Startup Time": 69.665,"Actual Total Time": 69.975,"Actual Rows": 7,"Actual Loops": 3,"Group Key": ["(SUBSTRING(customer.c_phone FROM 1 FOR 2))"],"Workers": [],"Plans": [{"Node Type": "Sort","Parent Relationship": "Outer","Parallel Aware": false,"Async Capable": false,"Startup Cost": 5741.19,"Total Cost": 5741.97,"Plan Rows": 310,"Plan Width": 38,"Actual Startup Time": 69.595,"Actual Total Time": 69.680,"Actual Rows": 2151,"Actual Loops": 3,"Sort Key": ["(SUBSTRING(customer.c_phone FROM 1 FOR 2))"],"Sort Method": "quicksort","Sort Space Used": 236,"Sort Space Type": "Memory","Workers": [{"Worker Number": 0,"Sort Method": "quicksort","Sort Space Used": 159,"Sort Space Type": "Memory"},{"Worker Number": 1,"Sort Method": "quicksort","Sort Space Used": 151,"Sort Space Type": "Memory"}],"Plans": [{"Node Type": "Nested Loop","Parent Relationship": "Outer","Parallel Aware": false,"Async Capable": false,"Join Type": "Anti","Startup Cost": 0.43,"Total Cost": 5728.36,"Plan Rows": 310,"Plan Width": 38,"Actual Startup Time": 0.165,"Actual Total Time": 68.782,"Actual Rows": 2151,"Actual Loops": 3,"Inner Unique": false,"Workers": [],"Plans": [{"Node Type": "Seq Scan","Parent Relationship": "Outer","Parallel Aware": true,"Async Capable": false,"Relation Name": "customer","Alias": "customer","Startup Cost": 0.00,"Total Cost": 5225.62,"Plan Rows": 729,"Plan Width": 26,"Actual Startup Time": 0.037,"Actual Total Time": 45.538,"Actual Rows": 6324,"Actual Loops": 3,"Filter": "((c_acctbal > $1) AND (SUBSTRING(c_phone FROM 1 FOR 2) = ANY ('{21,30,10,29,20,14,11}'::text[])))","Rows Removed by Filter": 43676,"Workers": []},{"Node Type": "Index Only Scan","Parent Relationship": "Inner","Parallel Aware": false,"Async Capable": false,"Scan Direction": "Forward","Index Name": "idx_orders_custkey","Relation Name": "orders","Alias": "orders","Startup Cost": 0.43,"Total Cost": 3.28,"Plan Rows": 17,"Plan Width": 4,"Actual Startup Time": 0.003,"Actual Total Time": 0.003,"Actual Rows": 1,"Actual Loops": 18971,"Index Cond": "(o_custkey = customer.c_custkey)","Rows Removed by Index Recheck": 0,"Heap Fetches": 0,"Workers": []}]}]}]}]}]},"Planning Time": 3.492,"Triggers": [],"Execution Time": 139.736}]
[{"Plan": {"Node Type": "Aggregate","Strategy": "Sorted","Partial Mode": "Finalize","Parallel Aware": false,"Async Capable": false,"Startup Cost": 12972.06,"Total Cost": 13071.37,"Plan Rows": 744,"Plan Width": 72,"Actual Startup Time": 136.845,"Actual Total Time": 140.599,"Actual Rows": 7,"Actual Loops": 1,"Group Key": ["(SUBSTRING(customer.c_phone FROM 1 FOR 2))"],"Plans": [{"Node Type": "Aggregate","Strategy": "Plain","Partial Mode": "Finalize","Parent Relationship": "InitPlan","Subplan Name": "InitPlan 1 (returns $1)","Parallel Aware": false,"Async Capable": false,"Startup Cost": 6230.83,"Total Cost": 6230.84,"Plan Rows": 1,"Plan Width": 32,"Actual Startup Time": 61.444,"Actual Total Time": 61.682,"Actual Rows": 1,"Actual Loops": 1,"Plans": [{"Node Type": "Gather","Parent Relationship": "Outer","Parallel Aware": false,"Async Capable": false,"Startup Cost": 6230.61,"Total Cost": 6230.82,"Plan Rows": 2,"Plan Width": 32,"Actual Startup Time": 61.343,"Actual Total Time": 61.665,"Actual Rows": 3,"Actual Loops": 1,"Workers Planned": 2,"Workers Launched": 2,"Single Copy": false,"Plans": [{"Node Type": "Aggregate","Strategy": "Plain","Partial Mode": "Partial","Parent Relationship": "Outer","Parallel Aware": false,"Async Capable": false,"Startup Cost": 5230.61,"Total Cost": 5230.62,"Plan Rows": 1,"Plan Width": 32,"Actual Startup Time": 55.271,"Actual Total Time": 55.273,"Actual Rows": 1,"Actual Loops": 3,"Workers": [],"Plans": [{"Node Type": "Seq Scan","Parent Relationship": "Outer","Parallel Aware": true,"Async Capable": false,"Relation Name": "customer","Alias": "customer_1","Startup Cost": 0.00,"Total Cost": 5225.62,"Plan Rows": 1994,"Plan Width": 6,"Actual Startup Time": 0.047,"Actual Total Time": 54.189,"Actual Rows": 12699,"Actual Loops": 3,"Filter": "((c_acctbal > 0.00) AND (SUBSTRING(c_phone FROM 1 FOR 2) = ANY ('{31,27,28,30,33,26,18}'::text[])))","Rows Removed by Filter": 37301,"Workers": []}]}]}]},{"Node Type": "Gather Merge","Parent Relationship": "Outer","Parallel Aware": false,"Async Capable": false,"Startup Cost": 6741.22,"Total Cost": 6821.30,"Plan Rows": 620,"Plan Width": 72,"Actual Startup Time": 136.738,"Actual Total Time": 140.322,"Actual Rows": 21,"Actual Loops": 1,"Workers Planned": 2,"Params Evaluated": ["$1"],"Workers Launched": 2,"Plans": [{"Node Type": "Aggregate","Strategy": "Sorted","Partial Mode": "Partial","Parent Relationship": "Outer","Parallel Aware": false,"Async Capable": false,"Startup Cost": 5741.19,"Total Cost": 5749.72,"Plan Rows": 310,"Plan Width": 72,"Actual Startup Time": 68.656,"Actual Total Time": 68.956,"Actual Rows": 7,"Actual Loops": 3,"Group Key": ["(SUBSTRING(customer.c_phone FROM 1 FOR 2))"],"Workers": [],"Plans": [{"Node Type": "Sort","Parent Relationship": "Outer","Parallel Aware": false,"Async Capable": false,"Startup Cost": 5741.19,"Total Cost": 5741.97,"Plan Rows": 310,"Plan Width": 38,"Actual Startup Time": 68.580,"Actual Total Time": 68.660,"Actual Rows": 2132,"Actual Loops": 3,"Sort Key": ["(SUBSTRING(customer.c_phone FROM 1 FOR 2))"],"Sort Method": "quicksort","Sort Space Used": 235,"Sort Space Type": "Memory","Workers": [{"Worker Number": 0,"Sort Method": "quicksort","Sort Space Used": 150,"Sort Space Type": "Memory"},{"Worker Number": 1,"Sort Method": "quicksort","Sort Space Used": 158,"Sort Space Type": "Memory"}],"Plans": [{"Node Type": "Nested Loop","Parent Relationship": "Outer","Parallel Aware": false,"Async Capable": false,"Join Type": "Anti","Startup Cost": 0.43,"Total Cost": 5728.36,"Plan Rows": 310,"Plan Width": 38,"Actual Startup Time": 0.164,"Actual Total Time": 67.806,"Actual Rows": 2132,"Actual Loops": 3,"Inner Unique": false,"Workers": [],"Plans": [{"Node Type": "Seq Scan","Parent Relationship": "Outer","Parallel Aware": true,"Async Capable": false,"Relation Name": "customer","Alias": "customer","Startup Cost": 0.00,"Total Cost": 5225.62,"Plan Rows": 729,"Plan Width": 26,"Actual Startup Time": 0.039,"Actual Total Time": 44.814,"Actual Rows": 6343,"Actual Loops": 3,"Filter": "((c_acctbal > $1) AND (SUBSTRING(c_phone FROM 1 FOR 2) = ANY ('{31,27,28,30,33,26,18}'::text[])))","Rows Removed by Filter": 43657,"Workers": []},{"Node Type": "Index Only Scan","Parent Relationship": "Inner","Parallel Aware": false,"Async Capable": false,"Scan Direction": "Forward","Index Name": "idx_orders_custkey","Relation Name": "orders","Alias": "orders","Startup Cost": 0.43,"Total Cost": 3.28,"Plan Rows": 17,"Plan Width": 4,"Actual Startup Time": 0.003,"Actual Total Time": 0.003,"Actual Rows": 1,"Actual Loops": 19030,"Index Cond": "(o_custkey = customer.c_custkey)","Rows Removed by Index Recheck": 0,"Heap Fetches": 0,"Workers": []}]}]}]}]}]},"Planning Time": 3.776,"Triggers": [],"Execution Time": 140.940}]
[{"Plan": {"Node Type": "Aggregate","Strategy": "Sorted","Partial Mode": "Finalize","Parallel Aware": false,"Async Capable": false,"Startup Cost": 12972.06,"Total Cost": 13071.37,"Plan Rows": 744,"Plan Width": 72,"Actual Startup Time": 138.021,"Actual Total Time": 141.615,"Actual Rows": 7,"Actual Loops": 1,"Group Key": ["(SUBSTRING(customer.c_phone FROM 1 FOR 2))"],"Plans": [{"Node Type": "Aggregate","Strategy": "Plain","Partial Mode": "Finalize","Parent Relationship": "InitPlan","Subplan Name": "InitPlan 1 (returns $1)","Parallel Aware": false,"Async Capable": false,"Startup Cost": 6230.83,"Total Cost": 6230.84,"Plan Rows": 1,"Plan Width": 32,"Actual Startup Time": 61.640,"Actual Total Time": 61.890,"Actual Rows": 1,"Actual Loops": 1,"Plans": [{"Node Type": "Gather","Parent Relationship": "Outer","Parallel Aware": false,"Async Capable": false,"Startup Cost": 6230.61,"Total Cost": 6230.82,"Plan Rows": 2,"Plan Width": 32,"Actual Startup Time": 61.544,"Actual Total Time": 61.870,"Actual Rows": 3,"Actual Loops": 1,"Workers Planned": 2,"Workers Launched": 2,"Single Copy": false,"Plans": [{"Node Type": "Aggregate","Strategy": "Plain","Partial Mode": "Partial","Parent Relationship": "Outer","Parallel Aware": false,"Async Capable": false,"Startup Cost": 5230.61,"Total Cost": 5230.62,"Plan Rows": 1,"Plan Width": 32,"Actual Startup Time": 55.086,"Actual Total Time": 55.091,"Actual Rows": 1,"Actual Loops": 3,"Workers": [],"Plans": [{"Node Type": "Seq Scan","Parent Relationship": "Outer","Parallel Aware": true,"Async Capable": false,"Relation Name": "customer","Alias": "customer_1","Startup Cost": 0.00,"Total Cost": 5225.62,"Plan Rows": 1994,"Plan Width": 6,"Actual Startup Time": 0.052,"Actual Total Time": 54.047,"Actual Rows": 12810,"Actual Loops": 3,"Filter": "((c_acctbal > 0.00) AND (SUBSTRING(c_phone FROM 1 FOR 2) = ANY ('{19,33,23,20,31,18,27}'::text[])))","Rows Removed by Filter": 37190,"Workers": []}]}]}]},{"Node Type": "Gather Merge","Parent Relationship": "Outer","Parallel Aware": false,"Async Capable": false,"Startup Cost": 6741.22,"Total Cost": 6821.30,"Plan Rows": 620,"Plan Width": 72,"Actual Startup Time": 137.897,"Actual Total Time": 141.317,"Actual Rows": 21,"Actual Loops": 1,"Workers Planned": 2,"Params Evaluated": ["$1"],"Workers Launched": 2,"Plans": [{"Node Type": "Aggregate","Strategy": "Sorted","Partial Mode": "Partial","Parent Relationship": "Outer","Parallel Aware": false,"Async Capable": false,"Startup Cost": 5741.19,"Total Cost": 5749.72,"Plan Rows": 310,"Plan Width": 72,"Actual Startup Time": 69.314,"Actual Total Time": 69.617,"Actual Rows": 7,"Actual Loops": 3,"Group Key": ["(SUBSTRING(customer.c_phone FROM 1 FOR 2))"],"Workers": [],"Plans": [{"Node Type": "Sort","Parent Relationship": "Outer","Parallel Aware": false,"Async Capable": false,"Startup Cost": 5741.19,"Total Cost": 5741.97,"Plan Rows": 310,"Plan Width": 38,"Actual Startup Time": 69.235,"Actual Total Time": 69.315,"Actual Rows": 2166,"Actual Loops": 3,"Sort Key": ["(SUBSTRING(customer.c_phone FROM 1 FOR 2))"],"Sort Method": "quicksort","Sort Space Used": 236,"Sort Space Type": "Memory","Workers": [{"Worker Number": 0,"Sort Method": "quicksort","Sort Space Used": 155,"Sort Space Type": "Memory"},{"Worker Number": 1,"Sort Method": "quicksort","Sort Space Used": 157,"Sort Space Type": "Memory"}],"Plans": [{"Node Type": "Nested Loop","Parent Relationship": "Outer","Parallel Aware": false,"Async Capable": false,"Join Type": "Anti","Startup Cost": 0.43,"Total Cost": 5728.36,"Plan Rows": 310,"Plan Width": 38,"Actual Startup Time": 0.090,"Actual Total Time": 68.414,"Actual Rows": 2166,"Actual Loops": 3,"Inner Unique": false,"Workers": [],"Plans": [{"Node Type": "Seq Scan","Parent Relationship": "Outer","Parallel Aware": true,"Async Capable": false,"Relation Name": "customer","Alias": "customer","Startup Cost": 0.00,"Total Cost": 5225.62,"Plan Rows": 729,"Plan Width": 26,"Actual Startup Time": 0.027,"Actual Total Time": 44.882,"Actual Rows": 6402,"Actual Loops": 3,"Filter": "((c_acctbal > $1) AND (SUBSTRING(c_phone FROM 1 FOR 2) = ANY ('{19,33,23,20,31,18,27}'::text[])))","Rows Removed by Filter": 43598,"Workers": []},{"Node Type": "Index Only Scan","Parent Relationship": "Inner","Parallel Aware": false,"Async Capable": false,"Scan Direction": "Forward","Index Name": "idx_orders_custkey","Relation Name": "orders","Alias": "orders","Startup Cost": 0.43,"Total Cost": 3.28,"Plan Rows": 17,"Plan Width": 4,"Actual Startup Time": 0.003,"Actual Total Time": 0.003,"Actual Rows": 1,"Actual Loops": 19206,"Index Cond": "(o_custkey = customer.c_custkey)","Rows Removed by Index Recheck": 0,"Heap Fetches": 0,"Workers": []}]}]}]}]}]},"Planning Time": 4.529,"Triggers": [],"Execution Time": 142.116}]
[{"Plan": {"Node Type": "Aggregate","Strategy": "Sorted","Partial Mode": "Finalize","Parallel Aware": false,"Async Capable": false,"Startup Cost": 12972.06,"Total Cost": 13071.37,"Plan Rows": 744,"Plan Width": 72,"Actual Startup Time": 137.088,"Actual Total Time": 140.603,"Actual Rows": 7,"Actual Loops": 1,"Group Key": ["(SUBSTRING(customer.c_phone FROM 1 FOR 2))"],"Plans": [{"Node Type": "Aggregate","Strategy": "Plain","Partial Mode": "Finalize","Parent Relationship": "InitPlan","Subplan Name": "InitPlan 1 (returns $1)","Parallel Aware": false,"Async Capable": false,"Startup Cost": 6230.83,"Total Cost": 6230.84,"Plan Rows": 1,"Plan Width": 32,"Actual Startup Time": 61.023,"Actual Total Time": 61.210,"Actual Rows": 1,"Actual Loops": 1,"Plans": [{"Node Type": "Gather","Parent Relationship": "Outer","Parallel Aware": false,"Async Capable": false,"Startup Cost": 6230.61,"Total Cost": 6230.82,"Plan Rows": 2,"Plan Width": 32,"Actual Startup Time": 60.906,"Actual Total Time": 61.186,"Actual Rows": 3,"Actual Loops": 1,"Workers Planned": 2,"Workers Launched": 2,"Single Copy": false,"Plans": [{"Node Type": "Aggregate","Strategy": "Plain","Partial Mode": "Partial","Parent Relationship": "Outer","Parallel Aware": false,"Async Capable": false,"Startup Cost": 5230.61,"Total Cost": 5230.62,"Plan Rows": 1,"Plan Width": 32,"Actual Startup Time": 55.086,"Actual Total Time": 55.088,"Actual Rows": 1,"Actual Loops": 3,"Workers": [],"Plans": [{"Node Type": "Seq Scan","Parent Relationship": "Outer","Parallel Aware": true,"Async Capable": false,"Relation Name": "customer","Alias": "customer_1","Startup Cost": 0.00,"Total Cost": 5225.62,"Plan Rows": 1994,"Plan Width": 6,"Actual Startup Time": 0.058,"Actual Total Time": 54.013,"Actual Rows": 12660,"Actual Loops": 3,"Filter": "((c_acctbal > 0.00) AND (SUBSTRING(c_phone FROM 1 FOR 2) = ANY ('{15,23,17,31,25,21,24}'::text[])))","Rows Removed by Filter": 37340,"Workers": []}]}]}]},{"Node Type": "Gather Merge","Parent Relationship": "Outer","Parallel Aware": false,"Async Capable": false,"Startup Cost": 6741.22,"Total Cost": 6821.30,"Plan Rows": 620,"Plan Width": 72,"Actual Startup Time": 136.803,"Actual Total Time": 140.341,"Actual Rows": 21,"Actual Loops": 1,"Workers Planned": 2,"Params Evaluated": ["$1"],"Workers Launched": 2,"Plans": [{"Node Type": "Aggregate","Strategy": "Sorted","Partial Mode": "Partial","Parent Relationship": "Outer","Parallel Aware": false,"Async Capable": false,"Startup Cost": 5741.19,"Total Cost": 5749.72,"Plan Rows": 310,"Plan Width": 72,"Actual Startup Time": 68.569,"Actual Total Time": 68.926,"Actual Rows": 7,"Actual Loops": 3,"Group Key": ["(SUBSTRING(customer.c_phone FROM 1 FOR 2))"],"Workers": [],"Plans": [{"Node Type": "Sort","Parent Relationship": "Outer","Parallel Aware": false,"Async Capable": false,"Startup Cost": 5741.19,"Total Cost": 5741.97,"Plan Rows": 310,"Plan Width": 38,"Actual Startup Time": 68.492,"Actual Total Time": 68.595,"Actual Rows": 2111,"Actual Loops": 3,"Sort Key": ["(SUBSTRING(customer.c_phone FROM 1 FOR 2))"],"Sort Method": "quicksort","Sort Space Used": 228,"Sort Space Type": "Memory","Workers": [{"Worker Number": 0,"Sort Method": "quicksort","Sort Space Used": 157,"Sort Space Type": "Memory"},{"Worker Number": 1,"Sort Method": "quicksort","Sort Space Used": 154,"Sort Space Type": "Memory"}],"Plans": [{"Node Type": "Nested Loop","Parent Relationship": "Outer","Parallel Aware": false,"Async Capable": false,"Join Type": "Anti","Startup Cost": 0.43,"Total Cost": 5728.36,"Plan Rows": 310,"Plan Width": 38,"Actual Startup Time": 0.114,"Actual Total Time": 67.701,"Actual Rows": 2111,"Actual Loops": 3,"Inner Unique": false,"Workers": [],"Plans": [{"Node Type": "Seq Scan","Parent Relationship": "Outer","Parallel Aware": true,"Async Capable": false,"Relation Name": "customer","Alias": "customer","Startup Cost": 0.00,"Total Cost": 5225.62,"Plan Rows": 729,"Plan Width": 26,"Actual Startup Time": 0.031,"Actual Total Time": 44.486,"Actual Rows": 6317,"Actual Loops": 3,"Filter": "((c_acctbal > $1) AND (SUBSTRING(c_phone FROM 1 FOR 2) = ANY ('{15,23,17,31,25,21,24}'::text[])))","Rows Removed by Filter": 43683,"Workers": []},{"Node Type": "Index Only Scan","Parent Relationship": "Inner","Parallel Aware": false,"Async Capable": false,"Scan Direction": "Forward","Index Name": "idx_orders_custkey","Relation Name": "orders","Alias": "orders","Startup Cost": 0.43,"Total Cost": 3.28,"Plan Rows": 17,"Plan Width": 4,"Actual Startup Time": 0.003,"Actual Total Time": 0.003,"Actual Rows": 1,"Actual Loops": 18950,"Index Cond": "(o_custkey = customer.c_custkey)","Rows Removed by Index Recheck": 0,"Heap Fetches": 0,"Workers": []}]}]}]}]}]},"Planning Time": 3.884,"Triggers": [],"Execution Time": 140.891}]
[{"Plan": {"Node Type": "Aggregate","Strategy": "Sorted","Partial Mode": "Finalize","Parallel Aware": false,"Async Capable": false,"Startup Cost": 12972.06,"Total Cost": 13071.37,"Plan Rows": 744,"Plan Width": 72,"Actual Startup Time": 137.534,"Actual Total Time": 141.222,"Actual Rows": 7,"Actual Loops": 1,"Group Key": ["(SUBSTRING(customer.c_phone FROM 1 FOR 2))"],"Plans": [{"Node Type": "Aggregate","Strategy": "Plain","Partial Mode": "Finalize","Parent Relationship": "InitPlan","Subplan Name": "InitPlan 1 (returns $1)","Parallel Aware": false,"Async Capable": false,"Startup Cost": 6230.83,"Total Cost": 6230.84,"Plan Rows": 1,"Plan Width": 32,"Actual Startup Time": 61.752,"Actual Total Time": 61.981,"Actual Rows": 1,"Actual Loops": 1,"Plans": [{"Node Type": "Gather","Parent Relationship": "Outer","Parallel Aware": false,"Async Capable": false,"Startup Cost": 6230.61,"Total Cost": 6230.82,"Plan Rows": 2,"Plan Width": 32,"Actual Startup Time": 61.672,"Actual Total Time": 61.970,"Actual Rows": 3,"Actual Loops": 1,"Workers Planned": 2,"Workers Launched": 2,"Single Copy": false,"Plans": [{"Node Type": "Aggregate","Strategy": "Plain","Partial Mode": "Partial","Parent Relationship": "Outer","Parallel Aware": false,"Async Capable": false,"Startup Cost": 5230.61,"Total Cost": 5230.62,"Plan Rows": 1,"Plan Width": 32,"Actual Startup Time": 55.549,"Actual Total Time": 55.551,"Actual Rows": 1,"Actual Loops": 3,"Workers": [],"Plans": [{"Node Type": "Seq Scan","Parent Relationship": "Outer","Parallel Aware": true,"Async Capable": false,"Relation Name": "customer","Alias": "customer_1","Startup Cost": 0.00,"Total Cost": 5225.62,"Plan Rows": 1994,"Plan Width": 6,"Actual Startup Time": 0.043,"Actual Total Time": 54.489,"Actual Rows": 12770,"Actual Loops": 3,"Filter": "((c_acctbal > 0.00) AND (SUBSTRING(c_phone FROM 1 FOR 2) = ANY ('{28,11,34,19,13,21,12}'::text[])))","Rows Removed by Filter": 37230,"Workers": []}]}]}]},{"Node Type": "Gather Merge","Parent Relationship": "Outer","Parallel Aware": false,"Async Capable": false,"Startup Cost": 6741.22,"Total Cost": 6821.30,"Plan Rows": 620,"Plan Width": 72,"Actual Startup Time": 137.403,"Actual Total Time": 140.939,"Actual Rows": 21,"Actual Loops": 1,"Workers Planned": 2,"Params Evaluated": ["$1"],"Workers Launched": 2,"Plans": [{"Node Type": "Aggregate","Strategy": "Sorted","Partial Mode": "Partial","Parent Relationship": "Outer","Parallel Aware": false,"Async Capable": false,"Startup Cost": 5741.19,"Total Cost": 5749.72,"Plan Rows": 310,"Plan Width": 72,"Actual Startup Time": 68.932,"Actual Total Time": 69.237,"Actual Rows": 7,"Actual Loops": 3,"Group Key": ["(SUBSTRING(customer.c_phone FROM 1 FOR 2))"],"Workers": [],"Plans": [{"Node Type": "Sort","Parent Relationship": "Outer","Parallel Aware": false,"Async Capable": false,"Startup Cost": 5741.19,"Total Cost": 5741.97,"Plan Rows": 310,"Plan Width": 38,"Actual Startup Time": 68.860,"Actual Total Time": 68.941,"Actual Rows": 2141,"Actual Loops": 3,"Sort Key": ["(SUBSTRING(customer.c_phone FROM 1 FOR 2))"],"Sort Method": "quicksort","Sort Space Used": 235,"Sort Space Type": "Memory","Workers": [{"Worker Number": 0,"Sort Method": "quicksort","Sort Space Used": 155,"Sort Space Type": "Memory"},{"Worker Number": 1,"Sort Method": "quicksort","Sort Space Used": 154,"Sort Space Type": "Memory"}],"Plans": [{"Node Type": "Nested Loop","Parent Relationship": "Outer","Parallel Aware": false,"Async Capable": false,"Join Type": "Anti","Startup Cost": 0.43,"Total Cost": 5728.36,"Plan Rows": 310,"Plan Width": 38,"Actual Startup Time": 0.119,"Actual Total Time": 68.076,"Actual Rows": 2141,"Actual Loops": 3,"Inner Unique": false,"Workers": [],"Plans": [{"Node Type": "Seq Scan","Parent Relationship": "Outer","Parallel Aware": true,"Async Capable": false,"Relation Name": "customer","Alias": "customer","Startup Cost": 0.00,"Total Cost": 5225.62,"Plan Rows": 729,"Plan Width": 26,"Actual Startup Time": 0.043,"Actual Total Time": 44.685,"Actual Rows": 6349,"Actual Loops": 3,"Filter": "((c_acctbal > $1) AND (SUBSTRING(c_phone FROM 1 FOR 2) = ANY ('{28,11,34,19,13,21,12}'::text[])))","Rows Removed by Filter": 43651,"Workers": []},{"Node Type": "Index Only Scan","Parent Relationship": "Inner","Parallel Aware": false,"Async Capable": false,"Scan Direction": "Forward","Index Name": "idx_orders_custkey","Relation Name": "orders","Alias": "orders","Startup Cost": 0.43,"Total Cost": 3.28,"Plan Rows": 17,"Plan Width": 4,"Actual Startup Time": 0.003,"Actual Total Time": 0.003,"Actual Rows": 1,"Actual Loops": 19046,"Index Cond": "(o_custkey = customer.c_custkey)","Rows Removed by Index Recheck": 0,"Heap Fetches": 0,"Workers": []}]}]}]}]}]},"Planning Time": 4.629,"Triggers": [],"Execution Time": 141.543}]
[{"Plan": {"Node Type": "Aggregate","Strategy": "Sorted","Partial Mode": "Finalize","Parallel Aware": false,"Async Capable": false,"Startup Cost": 12972.06,"Total Cost": 13071.37,"Plan Rows": 744,"Plan Width": 72,"Actual Startup Time": 138.162,"Actual Total Time": 141.759,"Actual Rows": 7,"Actual Loops": 1,"Group Key": ["(SUBSTRING(customer.c_phone FROM 1 FOR 2))"],"Plans": [{"Node Type": "Aggregate","Strategy": "Plain","Partial Mode": "Finalize","Parent Relationship": "InitPlan","Subplan Name": "InitPlan 1 (returns $1)","Parallel Aware": false,"Async Capable": false,"Startup Cost": 6230.83,"Total Cost": 6230.84,"Plan Rows": 1,"Plan Width": 32,"Actual Startup Time": 62.924,"Actual Total Time": 63.163,"Actual Rows": 1,"Actual Loops": 1,"Plans": [{"Node Type": "Gather","Parent Relationship": "Outer","Parallel Aware": false,"Async Capable": false,"Startup Cost": 6230.61,"Total Cost": 6230.82,"Plan Rows": 2,"Plan Width": 32,"Actual Startup Time": 62.826,"Actual Total Time": 63.149,"Actual Rows": 3,"Actual Loops": 1,"Workers Planned": 2,"Workers Launched": 2,"Single Copy": false,"Plans": [{"Node Type": "Aggregate","Strategy": "Plain","Partial Mode": "Partial","Parent Relationship": "Outer","Parallel Aware": false,"Async Capable": false,"Startup Cost": 5230.61,"Total Cost": 5230.62,"Plan Rows": 1,"Plan Width": 32,"Actual Startup Time": 56.679,"Actual Total Time": 56.682,"Actual Rows": 1,"Actual Loops": 3,"Workers": [],"Plans": [{"Node Type": "Seq Scan","Parent Relationship": "Outer","Parallel Aware": true,"Async Capable": false,"Relation Name": "customer","Alias": "customer_1","Startup Cost": 0.00,"Total Cost": 5225.62,"Plan Rows": 1994,"Plan Width": 6,"Actual Startup Time": 0.068,"Actual Total Time": 55.564,"Actual Rows": 12796,"Actual Loops": 3,"Filter": "((c_acctbal > 0.00) AND (SUBSTRING(c_phone FROM 1 FOR 2) = ANY ('{26,33,24,12,28,16,29}'::text[])))","Rows Removed by Filter": 37204,"Workers": []}]}]}]},{"Node Type": "Gather Merge","Parent Relationship": "Outer","Parallel Aware": false,"Async Capable": false,"Startup Cost": 6741.22,"Total Cost": 6821.30,"Plan Rows": 620,"Plan Width": 72,"Actual Startup Time": 138.044,"Actual Total Time": 141.454,"Actual Rows": 21,"Actual Loops": 1,"Workers Planned": 2,"Params Evaluated": ["$1"],"Workers Launched": 2,"Plans": [{"Node Type": "Aggregate","Strategy": "Sorted","Partial Mode": "Partial","Parent Relationship": "Outer","Parallel Aware": false,"Async Capable": false,"Startup Cost": 5741.19,"Total Cost": 5749.72,"Plan Rows": 310,"Plan Width": 72,"Actual Startup Time": 68.337,"Actual Total Time": 68.636,"Actual Rows": 7,"Actual Loops": 3,"Group Key": ["(SUBSTRING(customer.c_phone FROM 1 FOR 2))"],"Workers": [],"Plans": [{"Node Type": "Sort","Parent Relationship": "Outer","Parallel Aware": false,"Async Capable": false,"Startup Cost": 5741.19,"Total Cost": 5741.97,"Plan Rows": 310,"Plan Width": 38,"Actual Startup Time": 68.270,"Actual Total Time": 68.349,"Actual Rows": 2110,"Actual Loops": 3,"Sort Key": ["(SUBSTRING(customer.c_phone FROM 1 FOR 2))"],"Sort Method": "quicksort","Sort Space Used": 231,"Sort Space Type": "Memory","Workers": [{"Worker Number": 0,"Sort Method": "quicksort","Sort Space Used": 150,"Sort Space Type": "Memory"},{"Worker Number": 1,"Sort Method": "quicksort","Sort Space Used": 158,"Sort Space Type": "Memory"}],"Plans": [{"Node Type": "Nested Loop","Parent Relationship": "Outer","Parallel Aware": false,"Async Capable": false,"Join Type": "Anti","Startup Cost": 0.43,"Total Cost": 5728.36,"Plan Rows": 310,"Plan Width": 38,"Actual Startup Time": 0.162,"Actual Total Time": 67.506,"Actual Rows": 2110,"Actual Loops": 3,"Inner Unique": false,"Workers": [],"Plans": [{"Node Type": "Seq Scan","Parent Relationship": "Outer","Parallel Aware": true,"Async Capable": false,"Relation Name": "customer","Alias": "customer","Startup Cost": 0.00,"Total Cost": 5225.62,"Plan Rows": 729,"Plan Width": 26,"Actual Startup Time": 0.041,"Actual Total Time": 44.436,"Actual Rows": 6401,"Actual Loops": 3,"Filter": "((c_acctbal > $1) AND (SUBSTRING(c_phone FROM 1 FOR 2) = ANY ('{26,33,24,12,28,16,29}'::text[])))","Rows Removed by Filter": 43599,"Workers": []},{"Node Type": "Index Only Scan","Parent Relationship": "Inner","Parallel Aware": false,"Async Capable": false,"Scan Direction": "Forward","Index Name": "idx_orders_custkey","Relation Name": "orders","Alias": "orders","Startup Cost": 0.43,"Total Cost": 3.28,"Plan Rows": 17,"Plan Width": 4,"Actual Startup Time": 0.003,"Actual Total Time": 0.003,"Actual Rows": 1,"Actual Loops": 19204,"Index Cond": "(o_custkey = customer.c_custkey)","Rows Removed by Index Recheck": 0,"Heap Fetches": 0,"Workers": []}]}]}]}]}]},"Planning Time": 3.675,"Triggers": [],"Execution Time": 142.132}]
[{"Plan": {"Node Type": "Aggregate","Strategy": "Sorted","Partial Mode": "Finalize","Parallel Aware": false,"Async Capable": false,"Startup Cost": 12972.06,"Total Cost": 13071.37,"Plan Rows": 744,"Plan Width": 72,"Actual Startup Time": 139.097,"Actual Total Time": 142.766,"Actual Rows": 7,"Actual Loops": 1,"Group Key": ["(SUBSTRING(customer.c_phone FROM 1 FOR 2))"],"Plans": [{"Node Type": "Aggregate","Strategy": "Plain","Partial Mode": "Finalize","Parent Relationship": "InitPlan","Subplan Name": "InitPlan 1 (returns $1)","Parallel Aware": false,"Async Capable": false,"Startup Cost": 6230.83,"Total Cost": 6230.84,"Plan Rows": 1,"Plan Width": 32,"Actual Startup Time": 62.741,"Actual Total Time": 62.994,"Actual Rows": 1,"Actual Loops": 1,"Plans": [{"Node Type": "Gather","Parent Relationship": "Outer","Parallel Aware": false,"Async Capable": false,"Startup Cost": 6230.61,"Total Cost": 6230.82,"Plan Rows": 2,"Plan Width": 32,"Actual Startup Time": 62.633,"Actual Total Time": 62.977,"Actual Rows": 3,"Actual Loops": 1,"Workers Planned": 2,"Workers Launched": 2,"Single Copy": false,"Plans": [{"Node Type": "Aggregate","Strategy": "Plain","Partial Mode": "Partial","Parent Relationship": "Outer","Parallel Aware": false,"Async Capable": false,"Startup Cost": 5230.61,"Total Cost": 5230.62,"Plan Rows": 1,"Plan Width": 32,"Actual Startup Time": 56.230,"Actual Total Time": 56.233,"Actual Rows": 1,"Actual Loops": 3,"Workers": [],"Plans": [{"Node Type": "Seq Scan","Parent Relationship": "Outer","Parallel Aware": true,"Async Capable": false,"Relation Name": "customer","Alias": "customer_1","Startup Cost": 0.00,"Total Cost": 5225.62,"Plan Rows": 1994,"Plan Width": 6,"Actual Startup Time": 0.045,"Actual Total Time": 55.179,"Actual Rows": 12683,"Actual Loops": 3,"Filter": "((c_acctbal > 0.00) AND (SUBSTRING(c_phone FROM 1 FOR 2) = ANY ('{14,23,10,26,17,29,11}'::text[])))","Rows Removed by Filter": 37317,"Workers": []}]}]}]},{"Node Type": "Gather Merge","Parent Relationship": "Outer","Parallel Aware": false,"Async Capable": false,"Startup Cost": 6741.22,"Total Cost": 6821.30,"Plan Rows": 620,"Plan Width": 72,"Actual Startup Time": 138.968,"Actual Total Time": 142.458,"Actual Rows": 21,"Actual Loops": 1,"Workers Planned": 2,"Params Evaluated": ["$1"],"Workers Launched": 2,"Plans": [{"Node Type": "Aggregate","Strategy": "Sorted","Partial Mode": "Partial","Parent Relationship": "Outer","Parallel Aware": false,"Async Capable": false,"Startup Cost": 5741.19,"Total Cost": 5749.72,"Plan Rows": 310,"Plan Width": 72,"Actual Startup Time": 69.637,"Actual Total Time": 69.937,"Actual Rows": 7,"Actual Loops": 3,"Group Key": ["(SUBSTRING(customer.c_phone FROM 1 FOR 2))"],"Workers": [],"Plans": [{"Node Type": "Sort","Parent Relationship": "Outer","Parallel Aware": false,"Async Capable": false,"Startup Cost": 5741.19,"Total Cost": 5741.97,"Plan Rows": 310,"Plan Width": 38,"Actual Startup Time": 69.570,"Actual Total Time": 69.652,"Actual Rows": 2101,"Actual Loops": 3,"Sort Key": ["(SUBSTRING(customer.c_phone FROM 1 FOR 2))"],"Sort Method": "quicksort","Sort Space Used": 234,"Sort Space Type": "Memory","Workers": [{"Worker Number": 0,"Sort Method": "quicksort","Sort Space Used": 150,"Sort Space Type": "Memory"},{"Worker Number": 1,"Sort Method": "quicksort","Sort Space Used": 154,"Sort Space Type": "Memory"}],"Plans": [{"Node Type": "Nested Loop","Parent Relationship": "Outer","Parallel Aware": false,"Async Capable": false,"Join Type": "Anti","Startup Cost": 0.43,"Total Cost": 5728.36,"Plan Rows": 310,"Plan Width": 38,"Actual Startup Time": 0.118,"Actual Total Time": 68.768,"Actual Rows": 2101,"Actual Loops": 3,"Inner Unique": false,"Workers": [],"Plans": [{"Node Type": "Seq Scan","Parent Relationship": "Outer","Parallel Aware": true,"Async Capable": false,"Relation Name": "customer","Alias": "customer","Startup Cost": 0.00,"Total Cost": 5225.62,"Plan Rows": 729,"Plan Width": 26,"Actual Startup Time": 0.042,"Actual Total Time": 45.303,"Actual Rows": 6328,"Actual Loops": 3,"Filter": "((c_acctbal > $1) AND (SUBSTRING(c_phone FROM 1 FOR 2) = ANY ('{14,23,10,26,17,29,11}'::text[])))","Rows Removed by Filter": 43672,"Workers": []},{"Node Type": "Index Only Scan","Parent Relationship": "Inner","Parallel Aware": false,"Async Capable": false,"Scan Direction": "Forward","Index Name": "idx_orders_custkey","Relation Name": "orders","Alias": "orders","Startup Cost": 0.43,"Total Cost": 3.28,"Plan Rows": 17,"Plan Width": 4,"Actual Startup Time": 0.003,"Actual Total Time": 0.003,"Actual Rows": 1,"Actual Loops": 18985,"Index Cond": "(o_custkey = customer.c_custkey)","Rows Removed by Index Recheck": 0,"Heap Fetches": 0,"Workers": []}]}]}]}]}]},"Planning Time": 4.850,"Triggers": [],"Execution Time": 143.286}]
[{"Plan": {"Node Type": "Aggregate","Strategy": "Sorted","Partial Mode": "Finalize","Parallel Aware": false,"Async Capable": false,"Startup Cost": 12972.06,"Total Cost": 13071.37,"Plan Rows": 744,"Plan Width": 72,"Actual Startup Time": 139.119,"Actual Total Time": 142.597,"Actual Rows": 7,"Actual Loops": 1,"Group Key": ["(SUBSTRING(customer.c_phone FROM 1 FOR 2))"],"Plans": [{"Node Type": "Aggregate","Strategy": "Plain","Partial Mode": "Finalize","Parent Relationship": "InitPlan","Subplan Name": "InitPlan 1 (returns $1)","Parallel Aware": false,"Async Capable": false,"Startup Cost": 6230.83,"Total Cost": 6230.84,"Plan Rows": 1,"Plan Width": 32,"Actual Startup Time": 61.138,"Actual Total Time": 61.319,"Actual Rows": 1,"Actual Loops": 1,"Plans": [{"Node Type": "Gather","Parent Relationship": "Outer","Parallel Aware": false,"Async Capable": false,"Startup Cost": 6230.61,"Total Cost": 6230.82,"Plan Rows": 2,"Plan Width": 32,"Actual Startup Time": 61.046,"Actual Total Time": 61.297,"Actual Rows": 3,"Actual Loops": 1,"Workers Planned": 2,"Workers Launched": 2,"Single Copy": false,"Plans": [{"Node Type": "Aggregate","Strategy": "Plain","Partial Mode": "Partial","Parent Relationship": "Outer","Parallel Aware": false,"Async Capable": false,"Startup Cost": 5230.61,"Total Cost": 5230.62,"Plan Rows": 1,"Plan Width": 32,"Actual Startup Time": 55.470,"Actual Total Time": 55.472,"Actual Rows": 1,"Actual Loops": 3,"Workers": [],"Plans": [{"Node Type": "Seq Scan","Parent Relationship": "Outer","Parallel Aware": true,"Async Capable": false,"Relation Name": "customer","Alias": "customer_1","Startup Cost": 0.00,"Total Cost": 5225.62,"Plan Rows": 1994,"Plan Width": 6,"Actual Startup Time": 0.051,"Actual Total Time": 54.374,"Actual Rows": 12763,"Actual Loops": 3,"Filter": "((c_acctbal > 0.00) AND (SUBSTRING(c_phone FROM 1 FOR 2) = ANY ('{23,24,13,16,25,33,14}'::text[])))","Rows Removed by Filter": 37237,"Workers": []}]}]}]},{"Node Type": "Gather Merge","Parent Relationship": "Outer","Parallel Aware": false,"Async Capable": false,"Startup Cost": 6741.22,"Total Cost": 6821.30,"Plan Rows": 620,"Plan Width": 72,"Actual Startup Time": 138.984,"Actual Total Time": 142.359,"Actual Rows": 21,"Actual Loops": 1,"Workers Planned": 2,"Params Evaluated": ["$1"],"Workers Launched": 2,"Plans": [{"Node Type": "Aggregate","Strategy": "Sorted","Partial Mode": "Partial","Parent Relationship": "Outer","Parallel Aware": false,"Async Capable": false,"Startup Cost": 5741.19,"Total Cost": 5749.72,"Plan Rows": 310,"Plan Width": 72,"Actual Startup Time": 71.150,"Actual Total Time": 71.454,"Actual Rows": 7,"Actual Loops": 3,"Group Key": ["(SUBSTRING(customer.c_phone FROM 1 FOR 2))"],"Workers": [],"Plans": [{"Node Type": "Sort","Parent Relationship": "Outer","Parallel Aware": false,"Async Capable": false,"Startup Cost": 5741.19,"Total Cost": 5741.97,"Plan Rows": 310,"Plan Width": 38,"Actual Startup Time": 71.078,"Actual Total Time": 71.160,"Actual Rows": 2122,"Actual Loops": 3,"Sort Key": ["(SUBSTRING(customer.c_phone FROM 1 FOR 2))"],"Sort Method": "quicksort","Sort Space Used": 232,"Sort Space Type": "Memory","Workers": [{"Worker Number": 0,"Sort Method": "quicksort","Sort Space Used": 157,"Sort Space Type": "Memory"},{"Worker Number": 1,"Sort Method": "quicksort","Sort Space Used": 152,"Sort Space Type": "Memory"}],"Plans": [{"Node Type": "Nested Loop","Parent Relationship": "Outer","Parallel Aware": false,"Async Capable": false,"Join Type": "Anti","Startup Cost": 0.43,"Total Cost": 5728.36,"Plan Rows": 310,"Plan Width": 38,"Actual Startup Time": 0.143,"Actual Total Time": 70.300,"Actual Rows": 2122,"Actual Loops": 3,"Inner Unique": false,"Workers": [],"Plans": [{"Node Type": "Seq Scan","Parent Relationship": "Outer","Parallel Aware": true,"Async Capable": false,"Relation Name": "customer","Alias": "customer","Startup Cost": 0.00,"Total Cost": 5225.62,"Plan Rows": 729,"Plan Width": 26,"Actual Startup Time": 0.050,"Actual Total Time": 46.651,"Actual Rows": 6351,"Actual Loops": 3,"Filter": "((c_acctbal > $1) AND (SUBSTRING(c_phone FROM 1 FOR 2) = ANY ('{23,24,13,16,25,33,14}'::text[])))","Rows Removed by Filter": 43649,"Workers": []},{"Node Type": "Index Only Scan","Parent Relationship": "Inner","Parallel Aware": false,"Async Capable": false,"Scan Direction": "Forward","Index Name": "idx_orders_custkey","Relation Name": "orders","Alias": "orders","Startup Cost": 0.43,"Total Cost": 3.28,"Plan Rows": 17,"Plan Width": 4,"Actual Startup Time": 0.003,"Actual Total Time": 0.003,"Actual Rows": 1,"Actual Loops": 19054,"Index Cond": "(o_custkey = customer.c_custkey)","Rows Removed by Index Recheck": 0,"Heap Fetches": 0,"Workers": []}]}]}]}]}]},"Planning Time": 4.837,"Triggers": [],"Execution Time": 143.072}]
[{"Plan": {"Node Type": "Aggregate","Strategy": "Sorted","Partial Mode": "Finalize","Parallel Aware": false,"Async Capable": false,"Startup Cost": 12972.06,"Total Cost": 13071.37,"Plan Rows": 744,"Plan Width": 72,"Actual Startup Time": 138.847,"Actual Total Time": 142.480,"Actual Rows": 7,"Actual Loops": 1,"Group Key": ["(SUBSTRING(customer.c_phone FROM 1 FOR 2))"],"Plans": [{"Node Type": "Aggregate","Strategy": "Plain","Partial Mode": "Finalize","Parent Relationship": "InitPlan","Subplan Name": "InitPlan 1 (returns $1)","Parallel Aware": false,"Async Capable": false,"Startup Cost": 6230.83,"Total Cost": 6230.84,"Plan Rows": 1,"Plan Width": 32,"Actual Startup Time": 62.819,"Actual Total Time": 63.071,"Actual Rows": 1,"Actual Loops": 1,"Plans": [{"Node Type": "Gather","Parent Relationship": "Outer","Parallel Aware": false,"Async Capable": false,"Startup Cost": 6230.61,"Total Cost": 6230.82,"Plan Rows": 2,"Plan Width": 32,"Actual Startup Time": 62.727,"Actual Total Time": 63.049,"Actual Rows": 3,"Actual Loops": 1,"Workers Planned": 2,"Workers Launched": 2,"Single Copy": false,"Plans": [{"Node Type": "Aggregate","Strategy": "Plain","Partial Mode": "Partial","Parent Relationship": "Outer","Parallel Aware": false,"Async Capable": false,"Startup Cost": 5230.61,"Total Cost": 5230.62,"Plan Rows": 1,"Plan Width": 32,"Actual Startup Time": 55.973,"Actual Total Time": 55.976,"Actual Rows": 1,"Actual Loops": 3,"Workers": [],"Plans": [{"Node Type": "Seq Scan","Parent Relationship": "Outer","Parallel Aware": true,"Async Capable": false,"Relation Name": "customer","Alias": "customer_1","Startup Cost": 0.00,"Total Cost": 5225.62,"Plan Rows": 1994,"Plan Width": 6,"Actual Startup Time": 0.054,"Actual Total Time": 54.931,"Actual Rows": 12723,"Actual Loops": 3,"Filter": "((c_acctbal > 0.00) AND (SUBSTRING(c_phone FROM 1 FOR 2) = ANY ('{18,26,32,11,33,22,17}'::text[])))","Rows Removed by Filter": 37277,"Workers": []}]}]}]},{"Node Type": "Gather Merge","Parent Relationship": "Outer","Parallel Aware": false,"Async Capable": false,"Startup Cost": 6741.22,"Total Cost": 6821.30,"Plan Rows": 620,"Plan Width": 72,"Actual Startup Time": 138.717,"Actual Total Time": 142.170,"Actual Rows": 21,"Actual Loops": 1,"Workers Planned": 2,"Params Evaluated": ["$1"],"Workers Launched": 2,"Plans": [{"Node Type": "Aggregate","Strategy": "Sorted","Partial Mode": "Partial","Parent Relationship": "Outer","Parallel Aware": false,"Async Capable": false,"Startup Cost": 5741.19,"Total Cost": 5749.72,"Plan Rows": 310,"Plan Width": 72,"Actual Startup Time": 69.147,"Actual Total Time": 69.449,"Actual Rows": 7,"Actual Loops": 3,"Group Key": ["(SUBSTRING(customer.c_phone FROM 1 FOR 2))"],"Workers": [],"Plans": [{"Node Type": "Sort","Parent Relationship": "Outer","Parallel Aware": false,"Async Capable": false,"Startup Cost": 5741.19,"Total Cost": 5741.97,"Plan Rows": 310,"Plan Width": 38,"Actual Startup Time": 69.074,"Actual Total Time": 69.155,"Actual Rows": 2113,"Actual Loops": 3,"Sort Key": ["(SUBSTRING(customer.c_phone FROM 1 FOR 2))"],"Sort Method": "quicksort","Sort Space Used": 233,"Sort Space Type": "Memory","Workers": [{"Worker Number": 0,"Sort Method": "quicksort","Sort Space Used": 153,"Sort Space Type": "Memory"},{"Worker Number": 1,"Sort Method": "quicksort","Sort Space Used": 154,"Sort Space Type": "Memory"}],"Plans": [{"Node Type": "Nested Loop","Parent Relationship": "Outer","Parallel Aware": false,"Async Capable": false,"Join Type": "Anti","Startup Cost": 0.43,"Total Cost": 5728.36,"Plan Rows": 310,"Plan Width": 38,"Actual Startup Time": 0.147,"Actual Total Time": 68.321,"Actual Rows": 2113,"Actual Loops": 3,"Inner Unique": false,"Workers": [],"Plans": [{"Node Type": "Seq Scan","Parent Relationship": "Outer","Parallel Aware": true,"Async Capable": false,"Relation Name": "customer","Alias": "customer","Startup Cost": 0.00,"Total Cost": 5225.62,"Plan Rows": 729,"Plan Width": 26,"Actual Startup Time": 0.042,"Actual Total Time": 44.989,"Actual Rows": 6363,"Actual Loops": 3,"Filter": "((c_acctbal > $1) AND (SUBSTRING(c_phone FROM 1 FOR 2) = ANY ('{18,26,32,11,33,22,17}'::text[])))","Rows Removed by Filter": 43637,"Workers": []},{"Node Type": "Index Only Scan","Parent Relationship": "Inner","Parallel Aware": false,"Async Capable": false,"Scan Direction": "Forward","Index Name": "idx_orders_custkey","Relation Name": "orders","Alias": "orders","Startup Cost": 0.43,"Total Cost": 3.28,"Plan Rows": 17,"Plan Width": 4,"Actual Startup Time": 0.003,"Actual Total Time": 0.003,"Actual Rows": 1,"Actual Loops": 19088,"Index Cond": "(o_custkey = customer.c_custkey)","Rows Removed by Index Recheck": 0,"Heap Fetches": 0,"Workers": []}]}]}]}]}]},"Planning Time": 4.610,"Triggers": [],"Execution Time": 142.938}]
[{"Plan": {"Node Type": "Aggregate","Strategy": "Sorted","Partial Mode": "Finalize","Parallel Aware": false,"Async Capable": false,"Startup Cost": 12972.06,"Total Cost": 13071.37,"Plan Rows": 744,"Plan Width": 72,"Actual Startup Time": 139.706,"Actual Total Time": 143.148,"Actual Rows": 7,"Actual Loops": 1,"Group Key": ["(SUBSTRING(customer.c_phone FROM 1 FOR 2))"],"Plans": [{"Node Type": "Aggregate","Strategy": "Plain","Partial Mode": "Finalize","Parent Relationship": "InitPlan","Subplan Name": "InitPlan 1 (returns $1)","Parallel Aware": false,"Async Capable": false,"Startup Cost": 6230.83,"Total Cost": 6230.84,"Plan Rows": 1,"Plan Width": 32,"Actual Startup Time": 61.945,"Actual Total Time": 62.110,"Actual Rows": 1,"Actual Loops": 1,"Plans": [{"Node Type": "Gather","Parent Relationship": "Outer","Parallel Aware": false,"Async Capable": false,"Startup Cost": 6230.61,"Total Cost": 6230.82,"Plan Rows": 2,"Plan Width": 32,"Actual Startup Time": 61.831,"Actual Total Time": 62.083,"Actual Rows": 3,"Actual Loops": 1,"Workers Planned": 2,"Workers Launched": 2,"Single Copy": false,"Plans": [{"Node Type": "Aggregate","Strategy": "Plain","Partial Mode": "Partial","Parent Relationship": "Outer","Parallel Aware": false,"Async Capable": false,"Startup Cost": 5230.61,"Total Cost": 5230.62,"Plan Rows": 1,"Plan Width": 32,"Actual Startup Time": 56.105,"Actual Total Time": 56.106,"Actual Rows": 1,"Actual Loops": 3,"Workers": [],"Plans": [{"Node Type": "Seq Scan","Parent Relationship": "Outer","Parallel Aware": true,"Async Capable": false,"Relation Name": "customer","Alias": "customer_1","Startup Cost": 0.00,"Total Cost": 5225.62,"Plan Rows": 1994,"Plan Width": 6,"Actual Startup Time": 0.057,"Actual Total Time": 55.025,"Actual Rows": 12648,"Actual Loops": 3,"Filter": "((c_acctbal > 0.00) AND (SUBSTRING(c_phone FROM 1 FOR 2) = ANY ('{13,33,10,17,15,22,31}'::text[])))","Rows Removed by Filter": 37352,"Workers": []}]}]}]},{"Node Type": "Gather Merge","Parent Relationship": "Outer","Parallel Aware": false,"Async Capable": false,"Startup Cost": 6741.22,"Total Cost": 6821.30,"Plan Rows": 620,"Plan Width": 72,"Actual Startup Time": 139.584,"Actual Total Time": 142.939,"Actual Rows": 21,"Actual Loops": 1,"Workers Planned": 2,"Params Evaluated": ["$1"],"Workers Launched": 2,"Plans": [{"Node Type": "Aggregate","Strategy": "Sorted","Partial Mode": "Partial","Parent Relationship": "Outer","Parallel Aware": false,"Async Capable": false,"Startup Cost": 5741.19,"Total Cost": 5749.72,"Plan Rows": 310,"Plan Width": 72,"Actual Startup Time": 70.794,"Actual Total Time": 71.094,"Actual Rows": 7,"Actual Loops": 3,"Group Key": ["(SUBSTRING(customer.c_phone FROM 1 FOR 2))"],"Workers": [],"Plans": [{"Node Type": "Sort","Parent Relationship": "Outer","Parallel Aware": false,"Async Capable": false,"Startup Cost": 5741.19,"Total Cost": 5741.97,"Plan Rows": 310,"Plan Width": 38,"Actual Startup Time": 70.725,"Actual Total Time": 70.807,"Actual Rows": 2100,"Actual Loops": 3,"Sort Key": ["(SUBSTRING(customer.c_phone FROM 1 FOR 2))"],"Sort Method": "quicksort","Sort Space Used": 234,"Sort Space Type": "Memory","Workers": [{"Worker Number": 0,"Sort Method": "quicksort","Sort Space Used": 153,"Sort Space Type": "Memory"},{"Worker Number": 1,"Sort Method": "quicksort","Sort Space Used": 151,"Sort Space Type": "Memory"}],"Plans": [{"Node Type": "Nested Loop","Parent Relationship": "Outer","Parallel Aware": false,"Async Capable": false,"Join Type": "Anti","Startup Cost": 0.43,"Total Cost": 5728.36,"Plan Rows": 310,"Plan Width": 38,"Actual Startup Time": 0.133,"Actual Total Time": 69.969,"Actual Rows": 2100,"Actual Loops": 3,"Inner Unique": false,"Workers": [],"Plans": [{"Node Type": "Seq Scan","Parent Relationship": "Outer","Parallel Aware": true,"Async Capable": false,"Relation Name": "customer","Alias": "customer","Startup Cost": 0.00,"Total Cost": 5225.62,"Plan Rows": 729,"Plan Width": 26,"Actual Startup Time": 0.042,"Actual Total Time": 46.655,"Actual Rows": 6284,"Actual Loops": 3,"Filter": "((c_acctbal > $1) AND (SUBSTRING(c_phone FROM 1 FOR 2) = ANY ('{13,33,10,17,15,22,31}'::text[])))","Rows Removed by Filter": 43716,"Workers": []},{"Node Type": "Index Only Scan","Parent Relationship": "Inner","Parallel Aware": false,"Async Capable": false,"Scan Direction": "Forward","Index Name": "idx_orders_custkey","Relation Name": "orders","Alias": "orders","Startup Cost": 0.43,"Total Cost": 3.28,"Plan Rows": 17,"Plan Width": 4,"Actual Startup Time": 0.003,"Actual Total Time": 0.003,"Actual Rows": 1,"Actual Loops": 18852,"Index Cond": "(o_custkey = customer.c_custkey)","Rows Removed by Index Recheck": 0,"Heap Fetches": 0,"Workers": []}]}]}]}]}]},"Planning Time": 4.784,"Triggers": [],"Execution Time": 143.528}]
[{"Plan": {"Node Type": "Aggregate","Strategy": "Sorted","Partial Mode": "Finalize","Parallel Aware": false,"Async Capable": false,"Startup Cost": 12972.06,"Total Cost": 13071.37,"Plan Rows": 744,"Plan Width": 72,"Actual Startup Time": 139.309,"Actual Total Time": 142.954,"Actual Rows": 7,"Actual Loops": 1,"Group Key": ["(SUBSTRING(customer.c_phone FROM 1 FOR 2))"],"Plans": [{"Node Type": "Aggregate","Strategy": "Plain","Partial Mode": "Finalize","Parent Relationship": "InitPlan","Subplan Name": "InitPlan 1 (returns $1)","Parallel Aware": false,"Async Capable": false,"Startup Cost": 6230.83,"Total Cost": 6230.84,"Plan Rows": 1,"Plan Width": 32,"Actual Startup Time": 62.840,"Actual Total Time": 63.062,"Actual Rows": 1,"Actual Loops": 1,"Plans": [{"Node Type": "Gather","Parent Relationship": "Outer","Parallel Aware": false,"Async Capable": false,"Startup Cost": 6230.61,"Total Cost": 6230.82,"Plan Rows": 2,"Plan Width": 32,"Actual Startup Time": 62.741,"Actual Total Time": 63.040,"Actual Rows": 3,"Actual Loops": 1,"Workers Planned": 2,"Workers Launched": 2,"Single Copy": false,"Plans": [{"Node Type": "Aggregate","Strategy": "Plain","Partial Mode": "Partial","Parent Relationship": "Outer","Parallel Aware": false,"Async Capable": false,"Startup Cost": 5230.61,"Total Cost": 5230.62,"Plan Rows": 1,"Plan Width": 32,"Actual Startup Time": 56.731,"Actual Total Time": 56.734,"Actual Rows": 1,"Actual Loops": 3,"Workers": [],"Plans": [{"Node Type": "Seq Scan","Parent Relationship": "Outer","Parallel Aware": true,"Async Capable": false,"Relation Name": "customer","Alias": "customer_1","Startup Cost": 0.00,"Total Cost": 5225.62,"Plan Rows": 1994,"Plan Width": 6,"Actual Startup Time": 0.056,"Actual Total Time": 55.659,"Actual Rows": 12697,"Actual Loops": 3,"Filter": "((c_acctbal > 0.00) AND (SUBSTRING(c_phone FROM 1 FOR 2) = ANY ('{27,13,10,15,29,31,18}'::text[])))","Rows Removed by Filter": 37303,"Workers": []}]}]}]},{"Node Type": "Gather Merge","Parent Relationship": "Outer","Parallel Aware": false,"Async Capable": false,"Startup Cost": 6741.22,"Total Cost": 6821.30,"Plan Rows": 620,"Plan Width": 72,"Actual Startup Time": 139.188,"Actual Total Time": 142.652,"Actual Rows": 21,"Actual Loops": 1,"Workers Planned": 2,"Params Evaluated": ["$1"],"Workers Launched": 2,"Plans": [{"Node Type": "Aggregate","Strategy": "Sorted","Partial Mode": "Partial","Parent Relationship": "Outer","Parallel Aware": false,"Async Capable": false,"Startup Cost": 5741.19,"Total Cost": 5749.72,"Plan Rows": 310,"Plan Width": 72,"Actual Startup Time": 69.414,"Actual Total Time": 69.709,"Actual Rows": 7,"Actual Loops": 3,"Group Key": ["(SUBSTRING(customer.c_phone FROM 1 FOR 2))"],"Workers": [],"Plans": [{"Node Type": "Sort","Parent Relationship": "Outer","Parallel Aware": false,"Async Capable": false,"Startup Cost": 5741.19,"Total Cost": 5741.97,"Plan Rows": 310,"Plan Width": 38,"Actual Startup Time": 69.347,"Actual Total Time": 69.426,"Actual Rows": 2124,"Actual Loops": 3,"Sort Key": ["(SUBSTRING(customer.c_phone FROM 1 FOR 2))"],"Sort Method": "quicksort","Sort Space Used": 236,"Sort Space Type": "Memory","Workers": [{"Worker Number": 0,"Sort Method": "quicksort","Sort Space Used": 152,"Sort Space Type": "Memory"},{"Worker Number": 1,"Sort Method": "quicksort","Sort Space Used": 153,"Sort Space Type": "Memory"}],"Plans": [{"Node Type": "Nested Loop","Parent Relationship": "Outer","Parallel Aware": false,"Async Capable": false,"Join Type": "Anti","Startup Cost": 0.43,"Total Cost": 5728.36,"Plan Rows": 310,"Plan Width": 38,"Actual Startup Time": 0.124,"Actual Total Time": 68.527,"Actual Rows": 2124,"Actual Loops": 3,"Inner Unique": false,"Workers": [],"Plans": [{"Node Type": "Seq Scan","Parent Relationship": "Outer","Parallel Aware": true,"Async Capable": false,"Relation Name": "customer","Alias": "customer","Startup Cost": 0.00,"Total Cost": 5225.62,"Plan Rows": 729,"Plan Width": 26,"Actual Startup Time": 0.041,"Actual Total Time": 45.146,"Actual Rows": 6324,"Actual Loops": 3,"Filter": "((c_acctbal > $1) AND (SUBSTRING(c_phone FROM 1 FOR 2) = ANY ('{27,13,10,15,29,31,18}'::text[])))","Rows Removed by Filter": 43676,"Workers": []},{"Node Type": "Index Only Scan","Parent Relationship": "Inner","Parallel Aware": false,"Async Capable": false,"Scan Direction": "Forward","Index Name": "idx_orders_custkey","Relation Name": "orders","Alias": "orders","Startup Cost": 0.43,"Total Cost": 3.28,"Plan Rows": 17,"Plan Width": 4,"Actual Startup Time": 0.003,"Actual Total Time": 0.003,"Actual Rows": 1,"Actual Loops": 18971,"Index Cond": "(o_custkey = customer.c_custkey)","Rows Removed by Index Recheck": 0,"Heap Fetches": 0,"Workers": []}]}]}]}]}]},"Planning Time": 3.598,"Triggers": [],"Execution Time": 143.329}]
[{"Plan": {"Node Type": "Aggregate","Strategy": "Sorted","Partial Mode": "Finalize","Parallel Aware": false,"Async Capable": false,"Startup Cost": 12972.06,"Total Cost": 13071.37,"Plan Rows": 744,"Plan Width": 72,"Actual Startup Time": 141.878,"Actual Total Time": 145.622,"Actual Rows": 7,"Actual Loops": 1,"Group Key": ["(SUBSTRING(customer.c_phone FROM 1 FOR 2))"],"Plans": [{"Node Type": "Aggregate","Strategy": "Plain","Partial Mode": "Finalize","Parent Relationship": "InitPlan","Subplan Name": "InitPlan 1 (returns $1)","Parallel Aware": false,"Async Capable": false,"Startup Cost": 6230.83,"Total Cost": 6230.84,"Plan Rows": 1,"Plan Width": 32,"Actual Startup Time": 63.081,"Actual Total Time": 63.248,"Actual Rows": 1,"Actual Loops": 1,"Plans": [{"Node Type": "Gather","Parent Relationship": "Outer","Parallel Aware": false,"Async Capable": false,"Startup Cost": 6230.61,"Total Cost": 6230.82,"Plan Rows": 2,"Plan Width": 32,"Actual Startup Time": 62.980,"Actual Total Time": 63.234,"Actual Rows": 3,"Actual Loops": 1,"Workers Planned": 2,"Workers Launched": 2,"Single Copy": false,"Plans": [{"Node Type": "Aggregate","Strategy": "Plain","Partial Mode": "Partial","Parent Relationship": "Outer","Parallel Aware": false,"Async Capable": false,"Startup Cost": 5230.61,"Total Cost": 5230.62,"Plan Rows": 1,"Plan Width": 32,"Actual Startup Time": 57.373,"Actual Total Time": 57.375,"Actual Rows": 1,"Actual Loops": 3,"Workers": [],"Plans": [{"Node Type": "Seq Scan","Parent Relationship": "Outer","Parallel Aware": true,"Async Capable": false,"Relation Name": "customer","Alias": "customer_1","Startup Cost": 0.00,"Total Cost": 5225.62,"Plan Rows": 1994,"Plan Width": 6,"Actual Startup Time": 0.062,"Actual Total Time": 56.243,"Actual Rows": 12757,"Actual Loops": 3,"Filter": "((c_acctbal > 0.00) AND (SUBSTRING(c_phone FROM 1 FOR 2) = ANY ('{31,20,13,29,10,32,12}'::text[])))","Rows Removed by Filter": 37243,"Workers": []}]}]}]},{"Node Type": "Gather Merge","Parent Relationship": "Outer","Parallel Aware": false,"Async Capable": false,"Startup Cost": 6741.22,"Total Cost": 6821.30,"Plan Rows": 620,"Plan Width": 72,"Actual Startup Time": 141.764,"Actual Total Time": 145.404,"Actual Rows": 21,"Actual Loops": 1,"Workers Planned": 2,"Params Evaluated": ["$1"],"Workers Launched": 2,"Plans": [{"Node Type": "Aggregate","Strategy": "Sorted","Partial Mode": "Partial","Parent Relationship": "Outer","Parallel Aware": false,"Async Capable": false,"Startup Cost": 5741.19,"Total Cost": 5749.72,"Plan Rows": 310,"Plan Width": 72,"Actual Startup Time": 71.921,"Actual Total Time": 72.221,"Actual Rows": 7,"Actual Loops": 3,"Group Key": ["(SUBSTRING(customer.c_phone FROM 1 FOR 2))"],"Workers": [],"Plans": [{"Node Type": "Sort","Parent Relationship": "Outer","Parallel Aware": false,"Async Capable": false,"Startup Cost": 5741.19,"Total Cost": 5741.97,"Plan Rows": 310,"Plan Width": 38,"Actual Startup Time": 71.854,"Actual Total Time": 71.937,"Actual Rows": 2115,"Actual Loops": 3,"Sort Key": ["(SUBSTRING(customer.c_phone FROM 1 FOR 2))"],"Sort Method": "quicksort","Sort Space Used": 231,"Sort Space Type": "Memory","Workers": [{"Worker Number": 0,"Sort Method": "quicksort","Sort Space Used": 157,"Sort Space Type": "Memory"},{"Worker Number": 1,"Sort Method": "quicksort","Sort Space Used": 152,"Sort Space Type": "Memory"}],"Plans": [{"Node Type": "Nested Loop","Parent Relationship": "Outer","Parallel Aware": false,"Async Capable": false,"Join Type": "Anti","Startup Cost": 0.43,"Total Cost": 5728.36,"Plan Rows": 310,"Plan Width": 38,"Actual Startup Time": 0.166,"Actual Total Time": 71.053,"Actual Rows": 2115,"Actual Loops": 3,"Inner Unique": false,"Workers": [],"Plans": [{"Node Type": "Seq Scan","Parent Relationship": "Outer","Parallel Aware": true,"Async Capable": false,"Relation Name": "customer","Alias": "customer","Startup Cost": 0.00,"Total Cost": 5225.62,"Plan Rows": 729,"Plan Width": 26,"Actual Startup Time": 0.047,"Actual Total Time": 47.053,"Actual Rows": 6363,"Actual Loops": 3,"Filter": "((c_acctbal > $1) AND (SUBSTRING(c_phone FROM 1 FOR 2) = ANY ('{31,20,13,29,10,32,12}'::text[])))","Rows Removed by Filter": 43637,"Workers": []},{"Node Type": "Index Only Scan","Parent Relationship": "Inner","Parallel Aware": false,"Async Capable": false,"Scan Direction": "Forward","Index Name": "idx_orders_custkey","Relation Name": "orders","Alias": "orders","Startup Cost": 0.43,"Total Cost": 3.28,"Plan Rows": 17,"Plan Width": 4,"Actual Startup Time": 0.003,"Actual Total Time": 0.003,"Actual Rows": 1,"Actual Loops": 19088,"Index Cond": "(o_custkey = customer.c_custkey)","Rows Removed by Index Recheck": 0,"Heap Fetches": 0,"Workers": []}]}]}]}]}]},"Planning Time": 3.659,"Triggers": [],"Execution Time": 145.975}]
[{"Plan": {"Node Type": "Aggregate","Strategy": "Sorted","Partial Mode": "Finalize","Parallel Aware": false,"Async Capable": false,"Startup Cost": 12972.06,"Total Cost": 13071.37,"Plan Rows": 744,"Plan Width": 72,"Actual Startup Time": 138.445,"Actual Total Time": 142.065,"Actual Rows": 7,"Actual Loops": 1,"Group Key": ["(SUBSTRING(customer.c_phone FROM 1 FOR 2))"],"Plans": [{"Node Type": "Aggregate","Strategy": "Plain","Partial Mode": "Finalize","Parent Relationship": "InitPlan","Subplan Name": "InitPlan 1 (returns $1)","Parallel Aware": false,"Async Capable": false,"Startup Cost": 6230.83,"Total Cost": 6230.84,"Plan Rows": 1,"Plan Width": 32,"Actual Startup Time": 62.915,"Actual Total Time": 63.093,"Actual Rows": 1,"Actual Loops": 1,"Plans": [{"Node Type": "Gather","Parent Relationship": "Outer","Parallel Aware": false,"Async Capable": false,"Startup Cost": 6230.61,"Total Cost": 6230.82,"Plan Rows": 2,"Plan Width": 32,"Actual Startup Time": 62.829,"Actual Total Time": 63.077,"Actual Rows": 3,"Actual Loops": 1,"Workers Planned": 2,"Workers Launched": 2,"Single Copy": false,"Plans": [{"Node Type": "Aggregate","Strategy": "Plain","Partial Mode": "Partial","Parent Relationship": "Outer","Parallel Aware": false,"Async Capable": false,"Startup Cost": 5230.61,"Total Cost": 5230.62,"Plan Rows": 1,"Plan Width": 32,"Actual Startup Time": 56.166,"Actual Total Time": 56.168,"Actual Rows": 1,"Actual Loops": 3,"Workers": [],"Plans": [{"Node Type": "Seq Scan","Parent Relationship": "Outer","Parallel Aware": true,"Async Capable": false,"Relation Name": "customer","Alias": "customer_1","Startup Cost": 0.00,"Total Cost": 5225.62,"Plan Rows": 1994,"Plan Width": 6,"Actual Startup Time": 0.044,"Actual Total Time": 55.115,"Actual Rows": 12720,"Actual Loops": 3,"Filter": "((c_acctbal > 0.00) AND (SUBSTRING(c_phone FROM 1 FOR 2) = ANY ('{11,16,27,29,28,17,31}'::text[])))","Rows Removed by Filter": 37280,"Workers": []}]}]}]},{"Node Type": "Gather Merge","Parent Relationship": "Outer","Parallel Aware": false,"Async Capable": false,"Startup Cost": 6741.22,"Total Cost": 6821.30,"Plan Rows": 620,"Plan Width": 72,"Actual Startup Time": 138.340,"Actual Total Time": 141.842,"Actual Rows": 21,"Actual Loops": 1,"Workers Planned": 2,"Params Evaluated": ["$1"],"Workers Launched": 2,"Plans": [{"Node Type": "Aggregate","Strategy": "Sorted","Partial Mode": "Partial","Parent Relationship": "Outer","Parallel Aware": false,"Async Capable": false,"Startup Cost": 5741.19,"Total Cost": 5749.72,"Plan Rows": 310,"Plan Width": 72,"Actual Startup Time": 68.720,"Actual Total Time": 69.027,"Actual Rows": 7,"Actual Loops": 3,"Group Key": ["(SUBSTRING(customer.c_phone FROM 1 FOR 2))"],"Workers": [],"Plans": [{"Node Type": "Sort","Parent Relationship": "Outer","Parallel Aware": false,"Async Capable": false,"Startup Cost": 5741.19,"Total Cost": 5741.97,"Plan Rows": 310,"Plan Width": 38,"Actual Startup Time": 68.655,"Actual Total Time": 68.737,"Actual Rows": 2106,"Actual Loops": 3,"Sort Key": ["(SUBSTRING(customer.c_phone FROM 1 FOR 2))"],"Sort Method": "quicksort","Sort Space Used": 232,"Sort Space Type": "Memory","Workers": [{"Worker Number": 0,"Sort Method": "quicksort","Sort Space Used": 150,"Sort Space Type": "Memory"},{"Worker Number": 1,"Sort Method": "quicksort","Sort Space Used": 156,"Sort Space Type": "Memory"}],"Plans": [{"Node Type": "Nested Loop","Parent Relationship": "Outer","Parallel Aware": false,"Async Capable": false,"Join Type": "Anti","Startup Cost": 0.43,"Total Cost": 5728.36,"Plan Rows": 310,"Plan Width": 38,"Actual Startup Time": 0.140,"Actual Total Time": 67.835,"Actual Rows": 2106,"Actual Loops": 3,"Inner Unique": false,"Workers": [],"Plans": [{"Node Type": "Seq Scan","Parent Relationship": "Outer","Parallel Aware": true,"Async Capable": false,"Relation Name": "customer","Alias": "customer","Startup Cost": 0.00,"Total Cost": 5225.62,"Plan Rows": 729,"Plan Width": 26,"Actual Startup Time": 0.041,"Actual Total Time": 44.550,"Actual Rows": 6340,"Actual Loops": 3,"Filter": "((c_acctbal > $1) AND (SUBSTRING(c_phone FROM 1 FOR 2) = ANY ('{11,16,27,29,28,17,31}'::text[])))","Rows Removed by Filter": 43660,"Workers": []},{"Node Type": "Index Only Scan","Parent Relationship": "Inner","Parallel Aware": false,"Async Capable": false,"Scan Direction": "Forward","Index Name": "idx_orders_custkey","Relation Name": "orders","Alias": "orders","Startup Cost": 0.43,"Total Cost": 3.28,"Plan Rows": 17,"Plan Width": 4,"Actual Startup Time": 0.003,"Actual Total Time": 0.003,"Actual Rows": 1,"Actual Loops": 19020,"Index Cond": "(o_custkey = customer.c_custkey)","Rows Removed by Index Recheck": 0,"Heap Fetches": 0,"Workers": []}]}]}]}]}]},"Planning Time": 4.558,"Triggers": [],"Execution Time": 142.410}]
[{"Plan": {"Node Type": "Aggregate","Strategy": "Sorted","Partial Mode": "Finalize","Parallel Aware": false,"Async Capable": false,"Startup Cost": 12972.06,"Total Cost": 13071.37,"Plan Rows": 744,"Plan Width": 72,"Actual Startup Time": 139.701,"Actual Total Time": 143.290,"Actual Rows": 7,"Actual Loops": 1,"Group Key": ["(SUBSTRING(customer.c_phone FROM 1 FOR 2))"],"Plans": [{"Node Type": "Aggregate","Strategy": "Plain","Partial Mode": "Finalize","Parent Relationship": "InitPlan","Subplan Name": "InitPlan 1 (returns $1)","Parallel Aware": false,"Async Capable": false,"Startup Cost": 6230.83,"Total Cost": 6230.84,"Plan Rows": 1,"Plan Width": 32,"Actual Startup Time": 61.584,"Actual Total Time": 61.768,"Actual Rows": 1,"Actual Loops": 1,"Plans": [{"Node Type": "Gather","Parent Relationship": "Outer","Parallel Aware": false,"Async Capable": false,"Startup Cost": 6230.61,"Total Cost": 6230.82,"Plan Rows": 2,"Plan Width": 32,"Actual Startup Time": 61.490,"Actual Total Time": 61.749,"Actual Rows": 3,"Actual Loops": 1,"Workers Planned": 2,"Workers Launched": 2,"Single Copy": false,"Plans": [{"Node Type": "Aggregate","Strategy": "Plain","Partial Mode": "Partial","Parent Relationship": "Outer","Parallel Aware": false,"Async Capable": false,"Startup Cost": 5230.61,"Total Cost": 5230.62,"Plan Rows": 1,"Plan Width": 32,"Actual Startup Time": 55.623,"Actual Total Time": 55.625,"Actual Rows": 1,"Actual Loops": 3,"Workers": [],"Plans": [{"Node Type": "Seq Scan","Parent Relationship": "Outer","Parallel Aware": true,"Async Capable": false,"Relation Name": "customer","Alias": "customer_1","Startup Cost": 0.00,"Total Cost": 5225.62,"Plan Rows": 1994,"Plan Width": 6,"Actual Startup Time": 0.067,"Actual Total Time": 54.548,"Actual Rows": 12730,"Actual Loops": 3,"Filter": "((c_acctbal > 0.00) AND (SUBSTRING(c_phone FROM 1 FOR 2) = ANY ('{16,28,33,31,15,11,21}'::text[])))","Rows Removed by Filter": 37270,"Workers": []}]}]}]},{"Node Type": "Gather Merge","Parent Relationship": "Outer","Parallel Aware": false,"Async Capable": false,"Startup Cost": 6741.22,"Total Cost": 6821.30,"Plan Rows": 620,"Plan Width": 72,"Actual Startup Time": 139.563,"Actual Total Time": 143.028,"Actual Rows": 21,"Actual Loops": 1,"Workers Planned": 2,"Params Evaluated": ["$1"],"Workers Launched": 2,"Plans": [{"Node Type": "Aggregate","Strategy": "Sorted","Partial Mode": "Partial","Parent Relationship": "Outer","Parallel Aware": false,"Async Capable": false,"Startup Cost": 5741.19,"Total Cost": 5749.72,"Plan Rows": 310,"Plan Width": 72,"Actual Startup Time": 71.319,"Actual Total Time": 71.614,"Actual Rows": 7,"Actual Loops": 3,"Group Key": ["(SUBSTRING(customer.c_phone FROM 1 FOR 2))"],"Workers": [],"Plans": [{"Node Type": "Sort","Parent Relationship": "Outer","Parallel Aware": false,"Async Capable": false,"Startup Cost": 5741.19,"Total Cost": 5741.97,"Plan Rows": 310,"Plan Width": 38,"Actual Startup Time": 71.246,"Actual Total Time": 71.325,"Actual Rows": 2143,"Actual Loops": 3,"Sort Key": ["(SUBSTRING(customer.c_phone FROM 1 FOR 2))"],"Sort Method": "quicksort","Sort Space Used": 230,"Sort Space Type": "Memory","Workers": [{"Worker Number": 0,"Sort Method": "quicksort","Sort Space Used": 159,"Sort Space Type": "Memory"},{"Worker Number": 1,"Sort Method": "quicksort","Sort Space Used": 155,"Sort Space Type": "Memory"}],"Plans": [{"Node Type": "Nested Loop","Parent Relationship": "Outer","Parallel Aware": false,"Async Capable": false,"Join Type": "Anti","Startup Cost": 0.43,"Total Cost": 5728.36,"Plan Rows": 310,"Plan Width": 38,"Actual Startup Time": 0.111,"Actual Total Time": 70.444,"Actual Rows": 2143,"Actual Loops": 3,"Inner Unique": false,"Workers": [],"Plans": [{"Node Type": "Seq Scan","Parent Relationship": "Outer","Parallel Aware": true,"Async Capable": false,"Relation Name": "customer","Alias": "customer","Startup Cost": 0.00,"Total Cost": 5225.62,"Plan Rows": 729,"Plan Width": 26,"Actual Startup Time": 0.033,"Actual Total Time": 46.533,"Actual Rows": 6349,"Actual Loops": 3,"Filter": "((c_acctbal > $1) AND (SUBSTRING(c_phone FROM 1 FOR 2) = ANY ('{16,28,33,31,15,11,21}'::text[])))","Rows Removed by Filter": 43651,"Workers": []},{"Node Type": "Index Only Scan","Parent Relationship": "Inner","Parallel Aware": false,"Async Capable": false,"Scan Direction": "Forward","Index Name": "idx_orders_custkey","Relation Name": "orders","Alias": "orders","Startup Cost": 0.43,"Total Cost": 3.28,"Plan Rows": 17,"Plan Width": 4,"Actual Startup Time": 0.003,"Actual Total Time": 0.003,"Actual Rows": 1,"Actual Loops": 19046,"Index Cond": "(o_custkey = customer.c_custkey)","Rows Removed by Index Recheck": 0,"Heap Fetches": 0,"Workers": []}]}]}]}]}]},"Planning Time": 4.850,"Triggers": [],"Execution Time": 143.734}]
[{"Plan": {"Node Type": "Aggregate","Strategy": "Sorted","Partial Mode": "Finalize","Parallel Aware": false,"Async Capable": false,"Startup Cost": 12972.06,"Total Cost": 13071.37,"Plan Rows": 744,"Plan Width": 72,"Actual Startup Time": 137.630,"Actual Total Time": 141.163,"Actual Rows": 7,"Actual Loops": 1,"Group Key": ["(SUBSTRING(customer.c_phone FROM 1 FOR 2))"],"Plans": [{"Node Type": "Aggregate","Strategy": "Plain","Partial Mode": "Finalize","Parent Relationship": "InitPlan","Subplan Name": "InitPlan 1 (returns $1)","Parallel Aware": false,"Async Capable": false,"Startup Cost": 6230.83,"Total Cost": 6230.84,"Plan Rows": 1,"Plan Width": 32,"Actual Startup Time": 60.649,"Actual Total Time": 60.906,"Actual Rows": 1,"Actual Loops": 1,"Plans": [{"Node Type": "Gather","Parent Relationship": "Outer","Parallel Aware": false,"Async Capable": false,"Startup Cost": 6230.61,"Total Cost": 6230.82,"Plan Rows": 2,"Plan Width": 32,"Actual Startup Time": 60.537,"Actual Total Time": 60.882,"Actual Rows": 3,"Actual Loops": 1,"Workers Planned": 2,"Workers Launched": 2,"Single Copy": false,"Plans": [{"Node Type": "Aggregate","Strategy": "Plain","Partial Mode": "Partial","Parent Relationship": "Outer","Parallel Aware": false,"Async Capable": false,"Startup Cost": 5230.61,"Total Cost": 5230.62,"Plan Rows": 1,"Plan Width": 32,"Actual Startup Time": 54.571,"Actual Total Time": 54.574,"Actual Rows": 1,"Actual Loops": 3,"Workers": [],"Plans": [{"Node Type": "Seq Scan","Parent Relationship": "Outer","Parallel Aware": true,"Async Capable": false,"Relation Name": "customer","Alias": "customer_1","Startup Cost": 0.00,"Total Cost": 5225.62,"Plan Rows": 1994,"Plan Width": 6,"Actual Startup Time": 0.050,"Actual Total Time": 53.479,"Actual Rows": 12720,"Actual Loops": 3,"Filter": "((c_acctbal > 0.00) AND (SUBSTRING(c_phone FROM 1 FOR 2) = ANY ('{11,28,19,27,26,31,17}'::text[])))","Rows Removed by Filter": 37280,"Workers": []}]}]}]},{"Node Type": "Gather Merge","Parent Relationship": "Outer","Parallel Aware": false,"Async Capable": false,"Startup Cost": 6741.22,"Total Cost": 6821.30,"Plan Rows": 620,"Plan Width": 72,"Actual Startup Time": 137.529,"Actual Total Time": 140.857,"Actual Rows": 21,"Actual Loops": 1,"Workers Planned": 2,"Params Evaluated": ["$1"],"Workers Launched": 2,"Plans": [{"Node Type": "Aggregate","Strategy": "Sorted","Partial Mode": "Partial","Parent Relationship": "Outer","Parallel Aware": false,"Async Capable": false,"Startup Cost": 5741.19,"Total Cost": 5749.72,"Plan Rows": 310,"Plan Width": 72,"Actual Startup Time": 69.934,"Actual Total Time": 70.233,"Actual Rows": 7,"Actual Loops": 3,"Group Key": ["(SUBSTRING(customer.c_phone FROM 1 FOR 2))"],"Workers": [],"Plans": [{"Node Type": "Sort","Parent Relationship": "Outer","Parallel Aware": false,"Async Capable": false,"Startup Cost": 5741.19,"Total Cost": 5741.97,"Plan Rows": 310,"Plan Width": 38,"Actual Startup Time": 69.860,"Actual Total Time": 69.942,"Actual Rows": 2101,"Actual Loops": 3,"Sort Key": ["(SUBSTRING(customer.c_phone FROM 1 FOR 2))"],"Sort Method": "quicksort","Sort Space Used": 234,"Sort Space Type": "Memory","Workers": [{"Worker Number": 0,"Sort Method": "quicksort","Sort Space Used": 154,"Sort Space Type": "Memory"},{"Worker Number": 1,"Sort Method": "quicksort","Sort Space Used": 150,"Sort Space Type": "Memory"}],"Plans": [{"Node Type": "Nested Loop","Parent Relationship": "Outer","Parallel Aware": false,"Async Capable": false,"Join Type": "Anti","Startup Cost": 0.43,"Total Cost": 5728.36,"Plan Rows": 310,"Plan Width": 38,"Actual Startup Time": 0.170,"Actual Total Time": 69.040,"Actual Rows": 2101,"Actual Loops": 3,"Inner Unique": false,"Workers": [],"Plans": [{"Node Type": "Seq Scan","Parent Relationship": "Outer","Parallel Aware": true,"Async Capable": false,"Relation Name": "customer","Alias": "customer","Startup Cost": 0.00,"Total Cost": 5225.62,"Plan Rows": 729,"Plan Width": 26,"Actual Startup Time": 0.042,"Actual Total Time": 45.399,"Actual Rows": 6340,"Actual Loops": 3,"Filter": "((c_acctbal > $1) AND (SUBSTRING(c_phone FROM 1 FOR 2) = ANY ('{11,28,19,27,26,31,17}'::text[])))","Rows Removed by Filter": 43660,"Workers": []},{"Node Type": "Index Only Scan","Parent Relationship": "Inner","Parallel Aware": false,"Async Capable": false,"Scan Direction": "Forward","Index Name": "idx_orders_custkey","Relation Name": "orders","Alias": "orders","Startup Cost": 0.43,"Total Cost": 3.28,"Plan Rows": 17,"Plan Width": 4,"Actual Startup Time": 0.003,"Actual Total Time": 0.003,"Actual Rows": 1,"Actual Loops": 19019,"Index Cond": "(o_custkey = customer.c_custkey)","Rows Removed by Index Recheck": 0,"Heap Fetches": 0,"Workers": []}]}]}]}]}]},"Planning Time": 3.709,"Triggers": [],"Execution Time": 141.527}]
[{"Plan": {"Node Type": "Aggregate","Strategy": "Sorted","Partial Mode": "Finalize","Parallel Aware": false,"Async Capable": false,"Startup Cost": 12972.06,"Total Cost": 13071.37,"Plan Rows": 744,"Plan Width": 72,"Actual Startup Time": 139.333,"Actual Total Time": 142.988,"Actual Rows": 7,"Actual Loops": 1,"Group Key": ["(SUBSTRING(customer.c_phone FROM 1 FOR 2))"],"Plans": [{"Node Type": "Aggregate","Strategy": "Plain","Partial Mode": "Finalize","Parent Relationship": "InitPlan","Subplan Name": "InitPlan 1 (returns $1)","Parallel Aware": false,"Async Capable": false,"Startup Cost": 6230.83,"Total Cost": 6230.84,"Plan Rows": 1,"Plan Width": 32,"Actual Startup Time": 63.064,"Actual Total Time": 63.261,"Actual Rows": 1,"Actual Loops": 1,"Plans": [{"Node Type": "Gather","Parent Relationship": "Outer","Parallel Aware": false,"Async Capable": false,"Startup Cost": 6230.61,"Total Cost": 6230.82,"Plan Rows": 2,"Plan Width": 32,"Actual Startup Time": 62.987,"Actual Total Time": 63.249,"Actual Rows": 3,"Actual Loops": 1,"Workers Planned": 2,"Workers Launched": 2,"Single Copy": false,"Plans": [{"Node Type": "Aggregate","Strategy": "Plain","Partial Mode": "Partial","Parent Relationship": "Outer","Parallel Aware": false,"Async Capable": false,"Startup Cost": 5230.61,"Total Cost": 5230.62,"Plan Rows": 1,"Plan Width": 32,"Actual Startup Time": 56.833,"Actual Total Time": 56.835,"Actual Rows": 1,"Actual Loops": 3,"Workers": [],"Plans": [{"Node Type": "Seq Scan","Parent Relationship": "Outer","Parallel Aware": true,"Async Capable": false,"Relation Name": "customer","Alias": "customer_1","Startup Cost": 0.00,"Total Cost": 5225.62,"Plan Rows": 1994,"Plan Width": 6,"Actual Startup Time": 0.049,"Actual Total Time": 55.748,"Actual Rows": 12772,"Actual Loops": 3,"Filter": "((c_acctbal > 0.00) AND (SUBSTRING(c_phone FROM 1 FOR 2) = ANY ('{23,16,17,30,19,21,32}'::text[])))","Rows Removed by Filter": 37228,"Workers": []}]}]}]},{"Node Type": "Gather Merge","Parent Relationship": "Outer","Parallel Aware": false,"Async Capable": false,"Startup Cost": 6741.22,"Total Cost": 6821.30,"Plan Rows": 620,"Plan Width": 72,"Actual Startup Time": 139.201,"Actual Total Time": 142.735,"Actual Rows": 21,"Actual Loops": 1,"Workers Planned": 2,"Params Evaluated": ["$1"],"Workers Launched": 2,"Plans": [{"Node Type": "Aggregate","Strategy": "Sorted","Partial Mode": "Partial","Parent Relationship": "Outer","Parallel Aware": false,"Async Capable": false,"Startup Cost": 5741.19,"Total Cost": 5749.72,"Plan Rows": 310,"Plan Width": 72,"Actual Startup Time": 69.327,"Actual Total Time": 69.634,"Actual Rows": 7,"Actual Loops": 3,"Group Key": ["(SUBSTRING(customer.c_phone FROM 1 FOR 2))"],"Workers": [],"Plans": [{"Node Type": "Sort","Parent Relationship": "Outer","Parallel Aware": false,"Async Capable": false,"Startup Cost": 5741.19,"Total Cost": 5741.97,"Plan Rows": 310,"Plan Width": 38,"Actual Startup Time": 69.259,"Actual Total Time": 69.344,"Actual Rows": 2132,"Actual Loops": 3,"Sort Key": ["(SUBSTRING(customer.c_phone FROM 1 FOR 2))"],"Sort Method": "quicksort","Sort Space Used": 238,"Sort Space Type": "Memory","Workers": [{"Worker Number": 0,"Sort Method": "quicksort","Sort Space Used": 151,"Sort Space Type": "Memory"},{"Worker Number": 1,"Sort Method": "quicksort","Sort Space Used": 154,"Sort Space Type": "Memory"}],"Plans": [{"Node Type": "Nested Loop","Parent Relationship": "Outer","Parallel Aware": false,"Async Capable": false,"Join Type": "Anti","Startup Cost": 0.43,"Total Cost": 5728.36,"Plan Rows": 310,"Plan Width": 38,"Actual Startup Time": 0.235,"Actual Total Time": 68.472,"Actual Rows": 2132,"Actual Loops": 3,"Inner Unique": false,"Workers": [],"Plans": [{"Node Type": "Seq Scan","Parent Relationship": "Outer","Parallel Aware": true,"Async Capable": false,"Relation Name": "customer","Alias": "customer","Startup Cost": 0.00,"Total Cost": 5225.62,"Plan Rows": 729,"Plan Width": 26,"Actual Startup Time": 0.040,"Actual Total Time": 45.066,"Actual Rows": 6370,"Actual Loops": 3,"Filter": "((c_acctbal > $1) AND (SUBSTRING(c_phone FROM 1 FOR 2) = ANY ('{23,16,17,30,19,21,32}'::text[])))","Rows Removed by Filter": 43630,"Workers": []},{"Node Type": "Index Only Scan","Parent Relationship": "Inner","Parallel Aware": false,"Async Capable": false,"Scan Direction": "Forward","Index Name": "idx_orders_custkey","Relation Name": "orders","Alias": "orders","Startup Cost": 0.43,"Total Cost": 3.28,"Plan Rows": 17,"Plan Width": 4,"Actual Startup Time": 0.003,"Actual Total Time": 0.003,"Actual Rows": 1,"Actual Loops": 19109,"Index Cond": "(o_custkey = customer.c_custkey)","Rows Removed by Index Recheck": 0,"Heap Fetches": 0,"Workers": []}]}]}]}]}]},"Planning Time": 3.607,"Triggers": [],"Execution Time": 143.369}]
[{"Plan": {"Node Type": "Aggregate","Strategy": "Sorted","Partial Mode": "Finalize","Parallel Aware": false,"Async Capable": false,"Startup Cost": 12972.06,"Total Cost": 13071.37,"Plan Rows": 744,"Plan Width": 72,"Actual Startup Time": 137.965,"Actual Total Time": 141.564,"Actual Rows": 7,"Actual Loops": 1,"Group Key": ["(SUBSTRING(customer.c_phone FROM 1 FOR 2))"],"Plans": [{"Node Type": "Aggregate","Strategy": "Plain","Partial Mode": "Finalize","Parent Relationship": "InitPlan","Subplan Name": "InitPlan 1 (returns $1)","Parallel Aware": false,"Async Capable": false,"Startup Cost": 6230.83,"Total Cost": 6230.84,"Plan Rows": 1,"Plan Width": 32,"Actual Startup Time": 62.611,"Actual Total Time": 62.832,"Actual Rows": 1,"Actual Loops": 1,"Plans": [{"Node Type": "Gather","Parent Relationship": "Outer","Parallel Aware": false,"Async Capable": false,"Startup Cost": 6230.61,"Total Cost": 6230.82,"Plan Rows": 2,"Plan Width": 32,"Actual Startup Time": 62.535,"Actual Total Time": 62.822,"Actual Rows": 3,"Actual Loops": 1,"Workers Planned": 2,"Workers Launched": 2,"Single Copy": false,"Plans": [{"Node Type": "Aggregate","Strategy": "Plain","Partial Mode": "Partial","Parent Relationship": "Outer","Parallel Aware": false,"Async Capable": false,"Startup Cost": 5230.61,"Total Cost": 5230.62,"Plan Rows": 1,"Plan Width": 32,"Actual Startup Time": 56.030,"Actual Total Time": 56.031,"Actual Rows": 1,"Actual Loops": 3,"Workers": [],"Plans": [{"Node Type": "Seq Scan","Parent Relationship": "Outer","Parallel Aware": true,"Async Capable": false,"Relation Name": "customer","Alias": "customer_1","Startup Cost": 0.00,"Total Cost": 5225.62,"Plan Rows": 1994,"Plan Width": 6,"Actual Startup Time": 0.067,"Actual Total Time": 54.970,"Actual Rows": 12769,"Actual Loops": 3,"Filter": "((c_acctbal > 0.00) AND (SUBSTRING(c_phone FROM 1 FOR 2) = ANY ('{29,31,16,23,18,17,24}'::text[])))","Rows Removed by Filter": 37231,"Workers": []}]}]}]},{"Node Type": "Gather Merge","Parent Relationship": "Outer","Parallel Aware": false,"Async Capable": false,"Startup Cost": 6741.22,"Total Cost": 6821.30,"Plan Rows": 620,"Plan Width": 72,"Actual Startup Time": 137.837,"Actual Total Time": 141.288,"Actual Rows": 21,"Actual Loops": 1,"Workers Planned": 2,"Params Evaluated": ["$1"],"Workers Launched": 2,"Plans": [{"Node Type": "Aggregate","Strategy": "Sorted","Partial Mode": "Partial","Parent Relationship": "Outer","Parallel Aware": false,"Async Capable": false,"Startup Cost": 5741.19,"Total Cost": 5749.72,"Plan Rows": 310,"Plan Width": 72,"Actual Startup Time": 68.379,"Actual Total Time": 68.679,"Actual Rows": 7,"Actual Loops": 3,"Group Key": ["(SUBSTRING(customer.c_phone FROM 1 FOR 2))"],"Workers": [],"Plans": [{"Node Type": "Sort","Parent Relationship": "Outer","Parallel Aware": false,"Async Capable": false,"Startup Cost": 5741.19,"Total Cost": 5741.97,"Plan Rows": 310,"Plan Width": 38,"Actual Startup Time": 68.309,"Actual Total Time": 68.394,"Actual Rows": 2129,"Actual Loops": 3,"Sort Key": ["(SUBSTRING(customer.c_phone FROM 1 FOR 2))"],"Sort Method": "quicksort","Sort Space Used": 234,"Sort Space Type": "Memory","Workers": [{"Worker Number": 0,"Sort Method": "quicksort","Sort Space Used": 153,"Sort Space Type": "Memory"},{"Worker Number": 1,"Sort Method": "quicksort","Sort Space Used": 155,"Sort Space Type": "Memory"}],"Plans": [{"Node Type": "Nested Loop","Parent Relationship": "Outer","Parallel Aware": false,"Async Capable": false,"Join Type": "Anti","Startup Cost": 0.43,"Total Cost": 5728.36,"Plan Rows": 310,"Plan Width": 38,"Actual Startup Time": 0.170,"Actual Total Time": 67.548,"Actual Rows": 2129,"Actual Loops": 3,"Inner Unique": false,"Workers": [],"Plans": [{"Node Type": "Seq Scan","Parent Relationship": "Outer","Parallel Aware": true,"Async Capable": false,"Relation Name": "customer","Alias": "customer","Startup Cost": 0.00,"Total Cost": 5225.62,"Plan Rows": 729,"Plan Width": 26,"Actual Startup Time": 0.039,"Actual Total Time": 44.227,"Actual Rows": 6391,"Actual Loops": 3,"Filter": "((c_acctbal > $1) AND (SUBSTRING(c_phone FROM 1 FOR 2) = ANY ('{29,31,16,23,18,17,24}'::text[])))","Rows Removed by Filter": 43609,"Workers": []},{"Node Type": "Index Only Scan","Parent Relationship": "Inner","Parallel Aware": false,"Async Capable": false,"Scan Direction": "Forward","Index Name": "idx_orders_custkey","Relation Name": "orders","Alias": "orders","Startup Cost": 0.43,"Total Cost": 3.28,"Plan Rows": 17,"Plan Width": 4,"Actual Startup Time": 0.003,"Actual Total Time": 0.003,"Actual Rows": 1,"Actual Loops": 19174,"Index Cond": "(o_custkey = customer.c_custkey)","Rows Removed by Index Recheck": 0,"Heap Fetches": 0,"Workers": []}]}]}]}]}]},"Planning Time": 3.974,"Triggers": [],"Execution Time": 141.992}]
[{"Plan": {"Node Type": "Aggregate","Strategy": "Sorted","Partial Mode": "Finalize","Parallel Aware": false,"Async Capable": false,"Startup Cost": 12972.06,"Total Cost": 13071.37,"Plan Rows": 744,"Plan Width": 72,"Actual Startup Time": 139.712,"Actual Total Time": 143.172,"Actual Rows": 7,"Actual Loops": 1,"Group Key": ["(SUBSTRING(customer.c_phone FROM 1 FOR 2))"],"Plans": [{"Node Type": "Aggregate","Strategy": "Plain","Partial Mode": "Finalize","Parent Relationship": "InitPlan","Subplan Name": "InitPlan 1 (returns $1)","Parallel Aware": false,"Async Capable": false,"Startup Cost": 6230.83,"Total Cost": 6230.84,"Plan Rows": 1,"Plan Width": 32,"Actual Startup Time": 61.947,"Actual Total Time": 62.126,"Actual Rows": 1,"Actual Loops": 1,"Plans": [{"Node Type": "Gather","Parent Relationship": "Outer","Parallel Aware": false,"Async Capable": false,"Startup Cost": 6230.61,"Total Cost": 6230.82,"Plan Rows": 2,"Plan Width": 32,"Actual Startup Time": 61.861,"Actual Total Time": 62.115,"Actual Rows": 3,"Actual Loops": 1,"Workers Planned": 2,"Workers Launched": 2,"Single Copy": false,"Plans": [{"Node Type": "Aggregate","Strategy": "Plain","Partial Mode": "Partial","Parent Relationship": "Outer","Parallel Aware": false,"Async Capable": false,"Startup Cost": 5230.61,"Total Cost": 5230.62,"Plan Rows": 1,"Plan Width": 32,"Actual Startup Time": 55.879,"Actual Total Time": 55.882,"Actual Rows": 1,"Actual Loops": 3,"Workers": [],"Plans": [{"Node Type": "Seq Scan","Parent Relationship": "Outer","Parallel Aware": true,"Async Capable": false,"Relation Name": "customer","Alias": "customer_1","Startup Cost": 0.00,"Total Cost": 5225.62,"Plan Rows": 1994,"Plan Width": 6,"Actual Startup Time": 0.076,"Actual Total Time": 54.779,"Actual Rows": 12706,"Actual Loops": 3,"Filter": "((c_acctbal > 0.00) AND (SUBSTRING(c_phone FROM 1 FOR 2) = ANY ('{27,16,11,21,20,10,29}'::text[])))","Rows Removed by Filter": 37294,"Workers": []}]}]}]},{"Node Type": "Gather Merge","Parent Relationship": "Outer","Parallel Aware": false,"Async Capable": false,"Startup Cost": 6741.22,"Total Cost": 6821.30,"Plan Rows": 620,"Plan Width": 72,"Actual Startup Time": 139.584,"Actual Total Time": 142.944,"Actual Rows": 21,"Actual Loops": 1,"Workers Planned": 2,"Params Evaluated": ["$1"],"Workers Launched": 2,"Plans": [{"Node Type": "Aggregate","Strategy": "Sorted","Partial Mode": "Partial","Parent Relationship": "Outer","Parallel Aware": false,"Async Capable": false,"Startup Cost": 5741.19,"Total Cost": 5749.72,"Plan Rows": 310,"Plan Width": 72,"Actual Startup Time": 70.945,"Actual Total Time": 71.250,"Actual Rows": 7,"Actual Loops": 3,"Group Key": ["(SUBSTRING(customer.c_phone FROM 1 FOR 2))"],"Workers": [],"Plans": [{"Node Type": "Sort","Parent Relationship": "Outer","Parallel Aware": false,"Async Capable": false,"Startup Cost": 5741.19,"Total Cost": 5741.97,"Plan Rows": 310,"Plan Width": 38,"Actual Startup Time": 70.875,"Actual Total Time": 70.956,"Actual Rows": 2123,"Actual Loops": 3,"Sort Key": ["(SUBSTRING(customer.c_phone FROM 1 FOR 2))"],"Sort Method": "quicksort","Sort Space Used": 230,"Sort Space Type": "Memory","Workers": [{"Worker Number": 0,"Sort Method": "quicksort","Sort Space Used": 158,"Sort Space Type": "Memory"},{"Worker Number": 1,"Sort Method": "quicksort","Sort Space Used": 154,"Sort Space Type": "Memory"}],"Plans": [{"Node Type": "Nested Loop","Parent Relationship": "Outer","Parallel Aware": false,"Async Capable": false,"Join Type": "Anti","Startup Cost": 0.43,"Total Cost": 5728.36,"Plan Rows": 310,"Plan Width": 38,"Actual Startup Time": 0.176,"Actual Total Time": 70.084,"Actual Rows": 2123,"Actual Loops": 3,"Inner Unique": false,"Workers": [],"Plans": [{"Node Type": "Seq Scan","Parent Relationship": "Outer","Parallel Aware": true,"Async Capable": false,"Relation Name": "customer","Alias": "customer","Startup Cost": 0.00,"Total Cost": 5225.62,"Plan Rows": 729,"Plan Width": 26,"Actual Startup Time": 0.039,"Actual Total Time": 46.407,"Actual Rows": 6343,"Actual Loops": 3,"Filter": "((c_acctbal > $1) AND (SUBSTRING(c_phone FROM 1 FOR 2) = ANY ('{27,16,11,21,20,10,29}'::text[])))","Rows Removed by Filter": 43657,"Workers": []},{"Node Type": "Index Only Scan","Parent Relationship": "Inner","Parallel Aware": false,"Async Capable": false,"Scan Direction": "Forward","Index Name": "idx_orders_custkey","Relation Name": "orders","Alias": "orders","Startup Cost": 0.43,"Total Cost": 3.28,"Plan Rows": 17,"Plan Width": 4,"Actual Startup Time": 0.003,"Actual Total Time": 0.003,"Actual Rows": 1,"Actual Loops": 19029,"Index Cond": "(o_custkey = customer.c_custkey)","Rows Removed by Index Recheck": 0,"Heap Fetches": 0,"Workers": []}]}]}]}]}]},"Planning Time": 4.114,"Triggers": [],"Execution Time": 143.564}]
[{"Plan": {"Node Type": "Aggregate","Strategy": "Sorted","Partial Mode": "Finalize","Parallel Aware": false,"Async Capable": false,"Startup Cost": 12972.06,"Total Cost": 13071.37,"Plan Rows": 744,"Plan Width": 72,"Actual Startup Time": 138.610,"Actual Total Time": 142.256,"Actual Rows": 7,"Actual Loops": 1,"Group Key": ["(SUBSTRING(customer.c_phone FROM 1 FOR 2))"],"Plans": [{"Node Type": "Aggregate","Strategy": "Plain","Partial Mode": "Finalize","Parent Relationship": "InitPlan","Subplan Name": "InitPlan 1 (returns $1)","Parallel Aware": false,"Async Capable": false,"Startup Cost": 6230.83,"Total Cost": 6230.84,"Plan Rows": 1,"Plan Width": 32,"Actual Startup Time": 62.742,"Actual Total Time": 62.936,"Actual Rows": 1,"Actual Loops": 1,"Plans": [{"Node Type": "Gather","Parent Relationship": "Outer","Parallel Aware": false,"Async Capable": false,"Startup Cost": 6230.61,"Total Cost": 6230.82,"Plan Rows": 2,"Plan Width": 32,"Actual Startup Time": 62.641,"Actual Total Time": 62.916,"Actual Rows": 3,"Actual Loops": 1,"Workers Planned": 2,"Workers Launched": 2,"Single Copy": false,"Plans": [{"Node Type": "Aggregate","Strategy": "Plain","Partial Mode": "Partial","Parent Relationship": "Outer","Parallel Aware": false,"Async Capable": false,"Startup Cost": 5230.61,"Total Cost": 5230.62,"Plan Rows": 1,"Plan Width": 32,"Actual Startup Time": 56.165,"Actual Total Time": 56.168,"Actual Rows": 1,"Actual Loops": 3,"Workers": [],"Plans": [{"Node Type": "Seq Scan","Parent Relationship": "Outer","Parallel Aware": true,"Async Capable": false,"Relation Name": "customer","Alias": "customer_1","Startup Cost": 0.00,"Total Cost": 5225.62,"Plan Rows": 1994,"Plan Width": 6,"Actual Startup Time": 0.063,"Actual Total Time": 55.112,"Actual Rows": 12833,"Actual Loops": 3,"Filter": "((c_acctbal > 0.00) AND (SUBSTRING(c_phone FROM 1 FOR 2) = ANY ('{27,22,21,29,23,32,19}'::text[])))","Rows Removed by Filter": 37167,"Workers": []}]}]}]},{"Node Type": "Gather Merge","Parent Relationship": "Outer","Parallel Aware": false,"Async Capable": false,"Startup Cost": 6741.22,"Total Cost": 6821.30,"Plan Rows": 620,"Plan Width": 72,"Actual Startup Time": 138.479,"Actual Total Time": 141.991,"Actual Rows": 21,"Actual Loops": 1,"Workers Planned": 2,"Params Evaluated": ["$1"],"Workers Launched": 2,"Plans": [{"Node Type": "Aggregate","Strategy": "Sorted","Partial Mode": "Partial","Parent Relationship": "Outer","Parallel Aware": false,"Async Capable": false,"Startup Cost": 5741.19,"Total Cost": 5749.72,"Plan Rows": 310,"Plan Width": 72,"Actual Startup Time": 69.030,"Actual Total Time": 69.325,"Actual Rows": 7,"Actual Loops": 3,"Group Key": ["(SUBSTRING(customer.c_phone FROM 1 FOR 2))"],"Workers": [],"Plans": [{"Node Type": "Sort","Parent Relationship": "Outer","Parallel Aware": false,"Async Capable": false,"Startup Cost": 5741.19,"Total Cost": 5741.97,"Plan Rows": 310,"Plan Width": 38,"Actual Startup Time": 68.960,"Actual Total Time": 69.042,"Actual Rows": 2153,"Actual Loops": 3,"Sort Key": ["(SUBSTRING(customer.c_phone FROM 1 FOR 2))"],"Sort Method": "quicksort","Sort Space Used": 236,"Sort Space Type": "Memory","Workers": [{"Worker Number": 0,"Sort Method": "quicksort","Sort Space Used": 150,"Sort Space Type": "Memory"},{"Worker Number": 1,"Sort Method": "quicksort","Sort Space Used": 160,"Sort Space Type": "Memory"}],"Plans": [{"Node Type": "Nested Loop","Parent Relationship": "Outer","Parallel Aware": false,"Async Capable": false,"Join Type": "Anti","Startup Cost": 0.43,"Total Cost": 5728.36,"Plan Rows": 310,"Plan Width": 38,"Actual Startup Time": 0.219,"Actual Total Time": 68.126,"Actual Rows": 2153,"Actual Loops": 3,"Inner Unique": false,"Workers": [],"Plans": [{"Node Type": "Seq Scan","Parent Relationship": "Outer","Parallel Aware": true,"Async Capable": false,"Relation Name": "customer","Alias": "customer","Startup Cost": 0.00,"Total Cost": 5225.62,"Plan Rows": 729,"Plan Width": 26,"Actual Startup Time": 0.054,"Actual Total Time": 44.644,"Actual Rows": 6419,"Actual Loops": 3,"Filter": "((c_acctbal > $1) AND (SUBSTRING(c_phone FROM 1 FOR 2) = ANY ('{27,22,21,29,23,32,19}'::text[])))","Rows Removed by Filter": 43581,"Workers": []},{"Node Type": "Index Only Scan","Parent Relationship": "Inner","Parallel Aware": false,"Async Capable": false,"Scan Direction": "Forward","Index Name": "idx_orders_custkey","Relation Name": "orders","Alias": "orders","Startup Cost": 0.43,"Total Cost": 3.28,"Plan Rows": 17,"Plan Width": 4,"Actual Startup Time": 0.003,"Actual Total Time": 0.003,"Actual Rows": 1,"Actual Loops": 19256,"Index Cond": "(o_custkey = customer.c_custkey)","Rows Removed by Index Recheck": 0,"Heap Fetches": 0,"Workers": []}]}]}]}]}]},"Planning Time": 4.880,"Triggers": [],"Execution Time": 142.748}]
[{"Plan": {"Node Type": "Aggregate","Strategy": "Sorted","Partial Mode": "Finalize","Parallel Aware": false,"Async Capable": false,"Startup Cost": 12972.06,"Total Cost": 13071.37,"Plan Rows": 744,"Plan Width": 72,"Actual Startup Time": 137.962,"Actual Total Time": 141.494,"Actual Rows": 7,"Actual Loops": 1,"Group Key": ["(SUBSTRING(customer.c_phone FROM 1 FOR 2))"],"Plans": [{"Node Type": "Aggregate","Strategy": "Plain","Partial Mode": "Finalize","Parent Relationship": "InitPlan","Subplan Name": "InitPlan 1 (returns $1)","Parallel Aware": false,"Async Capable": false,"Startup Cost": 6230.83,"Total Cost": 6230.84,"Plan Rows": 1,"Plan Width": 32,"Actual Startup Time": 61.820,"Actual Total Time": 61.997,"Actual Rows": 1,"Actual Loops": 1,"Plans": [{"Node Type": "Gather","Parent Relationship": "Outer","Parallel Aware": false,"Async Capable": false,"Startup Cost": 6230.61,"Total Cost": 6230.82,"Plan Rows": 2,"Plan Width": 32,"Actual Startup Time": 61.716,"Actual Total Time": 61.981,"Actual Rows": 3,"Actual Loops": 1,"Workers Planned": 2,"Workers Launched": 2,"Single Copy": false,"Plans": [{"Node Type": "Aggregate","Strategy": "Plain","Partial Mode": "Partial","Parent Relationship": "Outer","Parallel Aware": false,"Async Capable": false,"Startup Cost": 5230.61,"Total Cost": 5230.62,"Plan Rows": 1,"Plan Width": 32,"Actual Startup Time": 55.609,"Actual Total Time": 55.611,"Actual Rows": 1,"Actual Loops": 3,"Workers": [],"Plans": [{"Node Type": "Seq Scan","Parent Relationship": "Outer","Parallel Aware": true,"Async Capable": false,"Relation Name": "customer","Alias": "customer_1","Startup Cost": 0.00,"Total Cost": 5225.62,"Plan Rows": 1994,"Plan Width": 6,"Actual Startup Time": 0.046,"Actual Total Time": 54.519,"Actual Rows": 12775,"Actual Loops": 3,"Filter": "((c_acctbal > 0.00) AND (SUBSTRING(c_phone FROM 1 FOR 2) = ANY ('{14,25,28,29,16,23,24}'::text[])))","Rows Removed by Filter": 37225,"Workers": []}]}]}]},{"Node Type": "Gather Merge","Parent Relationship": "Outer","Parallel Aware": false,"Async Capable": false,"Startup Cost": 6741.22,"Total Cost": 6821.30,"Plan Rows": 620,"Plan Width": 72,"Actual Startup Time": 137.819,"Actual Total Time": 141.254,"Actual Rows": 21,"Actual Loops": 1,"Workers Planned": 2,"Params Evaluated": ["$1"],"Workers Launched": 2,"Plans": [{"Node Type": "Aggregate","Strategy": "Sorted","Partial Mode": "Partial","Parent Relationship": "Outer","Parallel Aware": false,"Async Capable": false,"Startup Cost": 5741.19,"Total Cost": 5749.72,"Plan Rows": 310,"Plan Width": 72,"Actual Startup Time": 69.270,"Actual Total Time": 69.573,"Actual Rows": 7,"Actual Loops": 3,"Group Key": ["(SUBSTRING(customer.c_phone FROM 1 FOR 2))"],"Workers": [],"Plans": [{"Node Type": "Sort","Parent Relationship": "Outer","Parallel Aware": false,"Async Capable": false,"Startup Cost": 5741.19,"Total Cost": 5741.97,"Plan Rows": 310,"Plan Width": 38,"Actual Startup Time": 69.201,"Actual Total Time": 69.283,"Actual Rows": 2130,"Actual Loops": 3,"Sort Key": ["(SUBSTRING(customer.c_phone FROM 1 FOR 2))"],"Sort Method": "quicksort","Sort Space Used": 238,"Sort Space Type": "Memory","Workers": [{"Worker Number": 0,"Sort Method": "quicksort","Sort Space Used": 148,"Sort Space Type": "Memory"},{"Worker Number": 1,"Sort Method": "quicksort","Sort Space Used": 156,"Sort Space Type": "Memory"}],"Plans": [{"Node Type": "Nested Loop","Parent Relationship": "Outer","Parallel Aware": false,"Async Capable": false,"Join Type": "Anti","Startup Cost": 0.43,"Total Cost": 5728.36,"Plan Rows": 310,"Plan Width": 38,"Actual Startup Time": 0.163,"Actual Total Time": 68.387,"Actual Rows": 2130,"Actual Loops": 3,"Inner Unique": false,"Workers": [],"Plans": [{"Node Type": "Seq Scan","Parent Relationship": "Outer","Parallel Aware": true,"Async Capable": false,"Relation Name": "customer","Alias": "customer","Startup Cost": 0.00,"Total Cost": 5225.62,"Plan Rows": 729,"Plan Width": 26,"Actual Startup Time": 0.033,"Actual Total Time": 45.031,"Actual Rows": 6388,"Actual Loops": 3,"Filter": "((c_acctbal > $1) AND (SUBSTRING(c_phone FROM 1 FOR 2) = ANY ('{14,25,28,29,16,23,24}'::text[])))","Rows Removed by Filter": 43612,"Workers": []},{"Node Type": "Index Only Scan","Parent Relationship": "Inner","Parallel Aware": false,"Async Capable": false,"Scan Direction": "Forward","Index Name": "idx_orders_custkey","Relation Name": "orders","Alias": "orders","Startup Cost": 0.43,"Total Cost": 3.28,"Plan Rows": 17,"Plan Width": 4,"Actual Startup Time": 0.003,"Actual Total Time": 0.003,"Actual Rows": 1,"Actual Loops": 19163,"Index Cond": "(o_custkey = customer.c_custkey)","Rows Removed by Index Recheck": 0,"Heap Fetches": 0,"Workers": []}]}]}]}]}]},"Planning Time": 4.164,"Triggers": [],"Execution Time": 141.815}]
[{"Plan": {"Node Type": "Aggregate","Strategy": "Sorted","Partial Mode": "Finalize","Parallel Aware": false,"Async Capable": false,"Startup Cost": 12972.06,"Total Cost": 13071.37,"Plan Rows": 744,"Plan Width": 72,"Actual Startup Time": 131.088,"Actual Total Time": 137.547,"Actual Rows": 7,"Actual Loops": 1,"Group Key": ["(SUBSTRING(customer.c_phone FROM 1 FOR 2))"],"Plans": [{"Node Type": "Aggregate","Strategy": "Plain","Partial Mode": "Finalize","Parent Relationship": "InitPlan","Subplan Name": "InitPlan 1 (returns $1)","Parallel Aware": false,"Async Capable": false,"Startup Cost": 6230.83,"Total Cost": 6230.84,"Plan Rows": 1,"Plan Width": 32,"Actual Startup Time": 59.932,"Actual Total Time": 60.143,"Actual Rows": 1,"Actual Loops": 1,"Plans": [{"Node Type": "Gather","Parent Relationship": "Outer","Parallel Aware": false,"Async Capable": false,"Startup Cost": 6230.61,"Total Cost": 6230.82,"Plan Rows": 2,"Plan Width": 32,"Actual Startup Time": 59.803,"Actual Total Time": 60.124,"Actual Rows": 3,"Actual Loops": 1,"Workers Planned": 2,"Workers Launched": 2,"Single Copy": false,"Plans": [{"Node Type": "Aggregate","Strategy": "Plain","Partial Mode": "Partial","Parent Relationship": "Outer","Parallel Aware": false,"Async Capable": false,"Startup Cost": 5230.61,"Total Cost": 5230.62,"Plan Rows": 1,"Plan Width": 32,"Actual Startup Time": 53.923,"Actual Total Time": 53.924,"Actual Rows": 1,"Actual Loops": 3,"Workers": [],"Plans": [{"Node Type": "Seq Scan","Parent Relationship": "Outer","Parallel Aware": true,"Async Capable": false,"Relation Name": "customer","Alias": "customer_1","Startup Cost": 0.00,"Total Cost": 5225.62,"Plan Rows": 1994,"Plan Width": 6,"Actual Startup Time": 0.054,"Actual Total Time": 52.874,"Actual Rows": 12693,"Actual Loops": 3,"Filter": "((c_acctbal > 0.00) AND (SUBSTRING(c_phone FROM 1 FOR 2) = ANY ('{31,30,17,28,13,29,24}'::text[])))","Rows Removed by Filter": 37307,"Workers": []}]}]}]},{"Node Type": "Gather Merge","Parent Relationship": "Outer","Parallel Aware": false,"Async Capable": false,"Startup Cost": 6741.22,"Total Cost": 6821.30,"Plan Rows": 620,"Plan Width": 72,"Actual Startup Time": 130.983,"Actual Total Time": 137.273,"Actual Rows": 21,"Actual Loops": 1,"Workers Planned": 2,"Params Evaluated": ["$1"],"Workers Launched": 2,"Plans": [{"Node Type": "Aggregate","Strategy": "Sorted","Partial Mode": "Partial","Parent Relationship": "Outer","Parallel Aware": false,"Async Capable": false,"Startup Cost": 5741.19,"Total Cost": 5749.72,"Plan Rows": 310,"Plan Width": 72,"Actual Startup Time": 63.757,"Actual Total Time": 64.064,"Actual Rows": 7,"Actual Loops": 3,"Group Key": ["(SUBSTRING(customer.c_phone FROM 1 FOR 2))"],"Workers": [],"Plans": [{"Node Type": "Sort","Parent Relationship": "Outer","Parallel Aware": false,"Async Capable": false,"Startup Cost": 5741.19,"Total Cost": 5741.97,"Plan Rows": 310,"Plan Width": 38,"Actual Startup Time": 63.674,"Actual Total Time": 63.765,"Actual Rows": 2120,"Actual Loops": 3,"Sort Key": ["(SUBSTRING(customer.c_phone FROM 1 FOR 2))"],"Sort Method": "quicksort","Sort Space Used": 229,"Sort Space Type": "Memory","Workers": [{"Worker Number": 0,"Sort Method": "quicksort","Sort Space Used": 155,"Sort Space Type": "Memory"},{"Worker Number": 1,"Sort Method": "quicksort","Sort Space Used": 157,"Sort Space Type": "Memory"}],"Plans": [{"Node Type": "Nested Loop","Parent Relationship": "Outer","Parallel Aware": false,"Async Capable": false,"Join Type": "Anti","Startup Cost": 0.43,"Total Cost": 5728.36,"Plan Rows": 310,"Plan Width": 38,"Actual Startup Time": 0.110,"Actual Total Time": 62.827,"Actual Rows": 2120,"Actual Loops": 3,"Inner Unique": false,"Workers": [],"Plans": [{"Node Type": "Seq Scan","Parent Relationship": "Outer","Parallel Aware": true,"Async Capable": false,"Relation Name": "customer","Alias": "customer","Startup Cost": 0.00,"Total Cost": 5225.62,"Plan Rows": 729,"Plan Width": 26,"Actual Startup Time": 0.037,"Actual Total Time": 41.315,"Actual Rows": 6331,"Actual Loops": 3,"Filter": "((c_acctbal > $1) AND (SUBSTRING(c_phone FROM 1 FOR 2) = ANY ('{31,30,17,28,13,29,24}'::text[])))","Rows Removed by Filter": 43669,"Workers": []},{"Node Type": "Index Only Scan","Parent Relationship": "Inner","Parallel Aware": false,"Async Capable": false,"Scan Direction": "Forward","Index Name": "idx_orders_custkey","Relation Name": "orders","Alias": "orders","Startup Cost": 0.43,"Total Cost": 3.28,"Plan Rows": 17,"Plan Width": 4,"Actual Startup Time": 0.003,"Actual Total Time": 0.003,"Actual Rows": 1,"Actual Loops": 18994,"Index Cond": "(o_custkey = customer.c_custkey)","Rows Removed by Index Recheck": 0,"Heap Fetches": 0,"Workers": []}]}]}]}]}]},"Planning Time": 4.233,"Triggers": [],"Execution Time": 137.855}]
[{"Plan": {"Node Type": "Aggregate","Strategy": "Sorted","Partial Mode": "Finalize","Parallel Aware": false,"Async Capable": false,"Startup Cost": 12972.06,"Total Cost": 13071.37,"Plan Rows": 744,"Plan Width": 72,"Actual Startup Time": 137.740,"Actual Total Time": 141.219,"Actual Rows": 7,"Actual Loops": 1,"Group Key": ["(SUBSTRING(customer.c_phone FROM 1 FOR 2))"],"Plans": [{"Node Type": "Aggregate","Strategy": "Plain","Partial Mode": "Finalize","Parent Relationship": "InitPlan","Subplan Name": "InitPlan 1 (returns $1)","Parallel Aware": false,"Async Capable": false,"Startup Cost": 6230.83,"Total Cost": 6230.84,"Plan Rows": 1,"Plan Width": 32,"Actual Startup Time": 63.033,"Actual Total Time": 63.261,"Actual Rows": 1,"Actual Loops": 1,"Plans": [{"Node Type": "Gather","Parent Relationship": "Outer","Parallel Aware": false,"Async Capable": false,"Startup Cost": 6230.61,"Total Cost": 6230.82,"Plan Rows": 2,"Plan Width": 32,"Actual Startup Time": 62.947,"Actual Total Time": 63.241,"Actual Rows": 3,"Actual Loops": 1,"Workers Planned": 2,"Workers Launched": 2,"Single Copy": false,"Plans": [{"Node Type": "Aggregate","Strategy": "Plain","Partial Mode": "Partial","Parent Relationship": "Outer","Parallel Aware": false,"Async Capable": false,"Startup Cost": 5230.61,"Total Cost": 5230.62,"Plan Rows": 1,"Plan Width": 32,"Actual Startup Time": 56.713,"Actual Total Time": 56.713,"Actual Rows": 1,"Actual Loops": 3,"Workers": [],"Plans": [{"Node Type": "Seq Scan","Parent Relationship": "Outer","Parallel Aware": true,"Async Capable": false,"Relation Name": "customer","Alias": "customer_1","Startup Cost": 0.00,"Total Cost": 5225.62,"Plan Rows": 1994,"Plan Width": 6,"Actual Startup Time": 0.049,"Actual Total Time": 55.584,"Actual Rows": 12735,"Actual Loops": 3,"Filter": "((c_acctbal > 0.00) AND (SUBSTRING(c_phone FROM 1 FOR 2) = ANY ('{17,23,32,16,26,21,20}'::text[])))","Rows Removed by Filter": 37265,"Workers": []}]}]}]},{"Node Type": "Gather Merge","Parent Relationship": "Outer","Parallel Aware": false,"Async Capable": false,"Startup Cost": 6741.22,"Total Cost": 6821.30,"Plan Rows": 620,"Plan Width": 72,"Actual Startup Time": 137.606,"Actual Total Time": 140.936,"Actual Rows": 21,"Actual Loops": 1,"Workers Planned": 2,"Params Evaluated": ["$1"],"Workers Launched": 2,"Plans": [{"Node Type": "Aggregate","Strategy": "Sorted","Partial Mode": "Partial","Parent Relationship": "Outer","Parallel Aware": false,"Async Capable": false,"Startup Cost": 5741.19,"Total Cost": 5749.72,"Plan Rows": 310,"Plan Width": 72,"Actual Startup Time": 67.810,"Actual Total Time": 68.107,"Actual Rows": 7,"Actual Loops": 3,"Group Key": ["(SUBSTRING(customer.c_phone FROM 1 FOR 2))"],"Workers": [],"Plans": [{"Node Type": "Sort","Parent Relationship": "Outer","Parallel Aware": false,"Async Capable": false,"Startup Cost": 5741.19,"Total Cost": 5741.97,"Plan Rows": 310,"Plan Width": 38,"Actual Startup Time": 67.740,"Actual Total Time": 67.820,"Actual Rows": 2100,"Actual Loops": 3,"Sort Key": ["(SUBSTRING(customer.c_phone FROM 1 FOR 2))"],"Sort Method": "quicksort","Sort Space Used": 236,"Sort Space Type": "Memory","Workers": [{"Worker Number": 0,"Sort Method": "quicksort","Sort Space Used": 150,"Sort Space Type": "Memory"},{"Worker Number": 1,"Sort Method": "quicksort","Sort Space Used": 152,"Sort Space Type": "Memory"}],"Plans": [{"Node Type": "Nested Loop","Parent Relationship": "Outer","Parallel Aware": false,"Async Capable": false,"Join Type": "Anti","Startup Cost": 0.43,"Total Cost": 5728.36,"Plan Rows": 310,"Plan Width": 38,"Actual Startup Time": 0.153,"Actual Total Time": 66.964,"Actual Rows": 2100,"Actual Loops": 3,"Inner Unique": false,"Workers": [],"Plans": [{"Node Type": "Seq Scan","Parent Relationship": "Outer","Parallel Aware": true,"Async Capable": false,"Relation Name": "customer","Alias": "customer","Startup Cost": 0.00,"Total Cost": 5225.62,"Plan Rows": 729,"Plan Width": 26,"Actual Startup Time": 0.036,"Actual Total Time": 43.963,"Actual Rows": 6377,"Actual Loops": 3,"Filter": "((c_acctbal > $1) AND (SUBSTRING(c_phone FROM 1 FOR 2) = ANY ('{17,23,32,16,26,21,20}'::text[])))","Rows Removed by Filter": 43623,"Workers": []},{"Node Type": "Index Only Scan","Parent Relationship": "Inner","Parallel Aware": false,"Async Capable": false,"Scan Direction": "Forward","Index Name": "idx_orders_custkey","Relation Name": "orders","Alias": "orders","Startup Cost": 0.43,"Total Cost": 3.28,"Plan Rows": 17,"Plan Width": 4,"Actual Startup Time": 0.003,"Actual Total Time": 0.003,"Actual Rows": 1,"Actual Loops": 19132,"Index Cond": "(o_custkey = customer.c_custkey)","Rows Removed by Index Recheck": 0,"Heap Fetches": 0,"Workers": []}]}]}]}]}]},"Planning Time": 3.614,"Triggers": [],"Execution Time": 141.573}]
[{"Plan": {"Node Type": "Aggregate","Strategy": "Sorted","Partial Mode": "Finalize","Parallel Aware": false,"Async Capable": false,"Startup Cost": 12972.06,"Total Cost": 13071.37,"Plan Rows": 744,"Plan Width": 72,"Actual Startup Time": 140.056,"Actual Total Time": 143.614,"Actual Rows": 7,"Actual Loops": 1,"Group Key": ["(SUBSTRING(customer.c_phone FROM 1 FOR 2))"],"Plans": [{"Node Type": "Aggregate","Strategy": "Plain","Partial Mode": "Finalize","Parent Relationship": "InitPlan","Subplan Name": "InitPlan 1 (returns $1)","Parallel Aware": false,"Async Capable": false,"Startup Cost": 6230.83,"Total Cost": 6230.84,"Plan Rows": 1,"Plan Width": 32,"Actual Startup Time": 60.855,"Actual Total Time": 61.030,"Actual Rows": 1,"Actual Loops": 1,"Plans": [{"Node Type": "Gather","Parent Relationship": "Outer","Parallel Aware": false,"Async Capable": false,"Startup Cost": 6230.61,"Total Cost": 6230.82,"Plan Rows": 2,"Plan Width": 32,"Actual Startup Time": 60.788,"Actual Total Time": 61.018,"Actual Rows": 3,"Actual Loops": 1,"Workers Planned": 2,"Workers Launched": 2,"Single Copy": false,"Plans": [{"Node Type": "Aggregate","Strategy": "Plain","Partial Mode": "Partial","Parent Relationship": "Outer","Parallel Aware": false,"Async Capable": false,"Startup Cost": 5230.61,"Total Cost": 5230.62,"Plan Rows": 1,"Plan Width": 32,"Actual Startup Time": 54.962,"Actual Total Time": 54.965,"Actual Rows": 1,"Actual Loops": 3,"Workers": [],"Plans": [{"Node Type": "Seq Scan","Parent Relationship": "Outer","Parallel Aware": true,"Async Capable": false,"Relation Name": "customer","Alias": "customer_1","Startup Cost": 0.00,"Total Cost": 5225.62,"Plan Rows": 1994,"Plan Width": 6,"Actual Startup Time": 0.053,"Actual Total Time": 53.914,"Actual Rows": 12690,"Actual Loops": 3,"Filter": "((c_acctbal > 0.00) AND (SUBSTRING(c_phone FROM 1 FOR 2) = ANY ('{17,32,24,21,14,10,34}'::text[])))","Rows Removed by Filter": 37310,"Workers": []}]}]}]},{"Node Type": "Gather Merge","Parent Relationship": "Outer","Parallel Aware": false,"Async Capable": false,"Startup Cost": 6741.22,"Total Cost": 6821.30,"Plan Rows": 620,"Plan Width": 72,"Actual Startup Time": 139.922,"Actual Total Time": 143.384,"Actual Rows": 21,"Actual Loops": 1,"Workers Planned": 2,"Params Evaluated": ["$1"],"Workers Launched": 2,"Plans": [{"Node Type": "Aggregate","Strategy": "Sorted","Partial Mode": "Partial","Parent Relationship": "Outer","Parallel Aware": false,"Async Capable": false,"Startup Cost": 5741.19,"Total Cost": 5749.72,"Plan Rows": 310,"Plan Width": 72,"Actual Startup Time": 72.499,"Actual Total Time": 72.807,"Actual Rows": 7,"Actual Loops": 3,"Group Key": ["(SUBSTRING(customer.c_phone FROM 1 FOR 2))"],"Workers": [],"Plans": [{"Node Type": "Sort","Parent Relationship": "Outer","Parallel Aware": false,"Async Capable": false,"Startup Cost": 5741.19,"Total Cost": 5741.97,"Plan Rows": 310,"Plan Width": 38,"Actual Startup Time": 72.429,"Actual Total Time": 72.518,"Actual Rows": 2144,"Actual Loops": 3,"Sort Key": ["(SUBSTRING(customer.c_phone FROM 1 FOR 2))"],"Sort Method": "quicksort","Sort Space Used": 232,"Sort Space Type": "Memory","Workers": [{"Worker Number": 0,"Sort Method": "quicksort","Sort Space Used": 157,"Sort Space Type": "Memory"},{"Worker Number": 1,"Sort Method": "quicksort","Sort Space Used": 155,"Sort Space Type": "Memory"}],"Plans": [{"Node Type": "Nested Loop","Parent Relationship": "Outer","Parallel Aware": false,"Async Capable": false,"Join Type": "Anti","Startup Cost": 0.43,"Total Cost": 5728.36,"Plan Rows": 310,"Plan Width": 38,"Actual Startup Time": 0.181,"Actual Total Time": 71.619,"Actual Rows": 2144,"Actual Loops": 3,"Inner Unique": false,"Workers": [],"Plans": [{"Node Type": "Seq Scan","Parent Relationship": "Outer","Parallel Aware": true,"Async Capable": false,"Relation Name": "customer","Alias": "customer","Startup Cost": 0.00,"Total Cost": 5225.62,"Plan Rows": 729,"Plan Width": 26,"Actual Startup Time": 0.046,"Actual Total Time": 47.337,"Actual Rows": 6348,"Actual Loops": 3,"Filter": "((c_acctbal > $1) AND (SUBSTRING(c_phone FROM 1 FOR 2) = ANY ('{17,32,24,21,14,10,34}'::text[])))","Rows Removed by Filter": 43652,"Workers": []},{"Node Type": "Index Only Scan","Parent Relationship": "Inner","Parallel Aware": false,"Async Capable": false,"Scan Direction": "Forward","Index Name": "idx_orders_custkey","Relation Name": "orders","Alias": "orders","Startup Cost": 0.43,"Total Cost": 3.28,"Plan Rows": 17,"Plan Width": 4,"Actual Startup Time": 0.003,"Actual Total Time": 0.003,"Actual Rows": 1,"Actual Loops": 19045,"Index Cond": "(o_custkey = customer.c_custkey)","Rows Removed by Index Recheck": 0,"Heap Fetches": 0,"Workers": []}]}]}]}]}]},"Planning Time": 4.164,"Triggers": [],"Execution Time": 144.034}]
[{"Plan": {"Node Type": "Aggregate","Strategy": "Sorted","Partial Mode": "Finalize","Parallel Aware": false,"Async Capable": false,"Startup Cost": 12972.06,"Total Cost": 13071.37,"Plan Rows": 744,"Plan Width": 72,"Actual Startup Time": 131.379,"Actual Total Time": 137.238,"Actual Rows": 7,"Actual Loops": 1,"Group Key": ["(SUBSTRING(customer.c_phone FROM 1 FOR 2))"],"Plans": [{"Node Type": "Aggregate","Strategy": "Plain","Partial Mode": "Finalize","Parent Relationship": "InitPlan","Subplan Name": "InitPlan 1 (returns $1)","Parallel Aware": false,"Async Capable": false,"Startup Cost": 6230.83,"Total Cost": 6230.84,"Plan Rows": 1,"Plan Width": 32,"Actual Startup Time": 59.747,"Actual Total Time": 59.952,"Actual Rows": 1,"Actual Loops": 1,"Plans": [{"Node Type": "Gather","Parent Relationship": "Outer","Parallel Aware": false,"Async Capable": false,"Startup Cost": 6230.61,"Total Cost": 6230.82,"Plan Rows": 2,"Plan Width": 32,"Actual Startup Time": 59.653,"Actual Total Time": 59.927,"Actual Rows": 3,"Actual Loops": 1,"Workers Planned": 2,"Workers Launched": 2,"Single Copy": false,"Plans": [{"Node Type": "Aggregate","Strategy": "Plain","Partial Mode": "Partial","Parent Relationship": "Outer","Parallel Aware": false,"Async Capable": false,"Startup Cost": 5230.61,"Total Cost": 5230.62,"Plan Rows": 1,"Plan Width": 32,"Actual Startup Time": 53.666,"Actual Total Time": 53.669,"Actual Rows": 1,"Actual Loops": 3,"Workers": [],"Plans": [{"Node Type": "Seq Scan","Parent Relationship": "Outer","Parallel Aware": true,"Async Capable": false,"Relation Name": "customer","Alias": "customer_1","Startup Cost": 0.00,"Total Cost": 5225.62,"Plan Rows": 1994,"Plan Width": 6,"Actual Startup Time": 0.045,"Actual Total Time": 52.579,"Actual Rows": 12744,"Actual Loops": 3,"Filter": "((c_acctbal > 0.00) AND (SUBSTRING(c_phone FROM 1 FOR 2) = ANY ('{13,11,32,14,33,10,28}'::text[])))","Rows Removed by Filter": 37256,"Workers": []}]}]}]},{"Node Type": "Gather Merge","Parent Relationship": "Outer","Parallel Aware": false,"Async Capable": false,"Startup Cost": 6741.22,"Total Cost": 6821.30,"Plan Rows": 620,"Plan Width": 72,"Actual Startup Time": 131.237,"Actual Total Time": 136.981,"Actual Rows": 21,"Actual Loops": 1,"Workers Planned": 2,"Params Evaluated": ["$1"],"Workers Launched": 2,"Plans": [{"Node Type": "Aggregate","Strategy": "Sorted","Partial Mode": "Partial","Parent Relationship": "Outer","Parallel Aware": false,"Async Capable": false,"Startup Cost": 5741.19,"Total Cost": 5749.72,"Plan Rows": 310,"Plan Width": 72,"Actual Startup Time": 64.136,"Actual Total Time": 64.449,"Actual Rows": 7,"Actual Loops": 3,"Group Key": ["(SUBSTRING(customer.c_phone FROM 1 FOR 2))"],"Workers": [],"Plans": [{"Node Type": "Sort","Parent Relationship": "Outer","Parallel Aware": false,"Async Capable": false,"Startup Cost": 5741.19,"Total Cost": 5741.97,"Plan Rows": 310,"Plan Width": 38,"Actual Startup Time": 64.059,"Actual Total Time": 64.146,"Actual Rows": 2138,"Actual Loops": 3,"Sort Key": ["(SUBSTRING(customer.c_phone FROM 1 FOR 2))"],"Sort Method": "quicksort","Sort Space Used": 234,"Sort Space Type": "Memory","Workers": [{"Worker Number": 0,"Sort Method": "quicksort","Sort Space Used": 157,"Sort Space Type": "Memory"},{"Worker Number": 1,"Sort Method": "quicksort","Sort Space Used": 153,"Sort Space Type": "Memory"}],"Plans": [{"Node Type": "Nested Loop","Parent Relationship": "Outer","Parallel Aware": false,"Async Capable": false,"Join Type": "Anti","Startup Cost": 0.43,"Total Cost": 5728.36,"Plan Rows": 310,"Plan Width": 38,"Actual Startup Time": 0.110,"Actual Total Time": 63.229,"Actual Rows": 2138,"Actual Loops": 3,"Inner Unique": false,"Workers": [],"Plans": [{"Node Type": "Seq Scan","Parent Relationship": "Outer","Parallel Aware": true,"Async Capable": false,"Relation Name": "customer","Alias": "customer","Startup Cost": 0.00,"Total Cost": 5225.62,"Plan Rows": 729,"Plan Width": 26,"Actual Startup Time": 0.032,"Actual Total Time": 41.813,"Actual Rows": 6336,"Actual Loops": 3,"Filter": "((c_acctbal > $1) AND (SUBSTRING(c_phone FROM 1 FOR 2) = ANY ('{13,11,32,14,33,10,28}'::text[])))","Rows Removed by Filter": 43664,"Workers": []},{"Node Type": "Index Only Scan","Parent Relationship": "Inner","Parallel Aware": false,"Async Capable": false,"Scan Direction": "Forward","Index Name": "idx_orders_custkey","Relation Name": "orders","Alias": "orders","Startup Cost": 0.43,"Total Cost": 3.28,"Plan Rows": 17,"Plan Width": 4,"Actual Startup Time": 0.003,"Actual Total Time": 0.003,"Actual Rows": 1,"Actual Loops": 19007,"Index Cond": "(o_custkey = customer.c_custkey)","Rows Removed by Index Recheck": 0,"Heap Fetches": 0,"Workers": []}]}]}]}]}]},"Planning Time": 4.162,"Triggers": [],"Execution Time": 137.565}]
[{"Plan": {"Node Type": "Aggregate","Strategy": "Sorted","Partial Mode": "Finalize","Parallel Aware": false,"Async Capable": false,"Startup Cost": 12972.06,"Total Cost": 13071.37,"Plan Rows": 744,"Plan Width": 72,"Actual Startup Time": 136.932,"Actual Total Time": 140.694,"Actual Rows": 7,"Actual Loops": 1,"Group Key": ["(SUBSTRING(customer.c_phone FROM 1 FOR 2))"],"Plans": [{"Node Type": "Aggregate","Strategy": "Plain","Partial Mode": "Finalize","Parent Relationship": "InitPlan","Subplan Name": "InitPlan 1 (returns $1)","Parallel Aware": false,"Async Capable": false,"Startup Cost": 6230.83,"Total Cost": 6230.84,"Plan Rows": 1,"Plan Width": 32,"Actual Startup Time": 62.160,"Actual Total Time": 62.386,"Actual Rows": 1,"Actual Loops": 1,"Plans": [{"Node Type": "Gather","Parent Relationship": "Outer","Parallel Aware": false,"Async Capable": false,"Startup Cost": 6230.61,"Total Cost": 6230.82,"Plan Rows": 2,"Plan Width": 32,"Actual Startup Time": 62.062,"Actual Total Time": 62.367,"Actual Rows": 3,"Actual Loops": 1,"Workers Planned": 2,"Workers Launched": 2,"Single Copy": false,"Plans": [{"Node Type": "Aggregate","Strategy": "Plain","Partial Mode": "Partial","Parent Relationship": "Outer","Parallel Aware": false,"Async Capable": false,"Startup Cost": 5230.61,"Total Cost": 5230.62,"Plan Rows": 1,"Plan Width": 32,"Actual Startup Time": 55.619,"Actual Total Time": 55.620,"Actual Rows": 1,"Actual Loops": 3,"Workers": [],"Plans": [{"Node Type": "Seq Scan","Parent Relationship": "Outer","Parallel Aware": true,"Async Capable": false,"Relation Name": "customer","Alias": "customer_1","Startup Cost": 0.00,"Total Cost": 5225.62,"Plan Rows": 1994,"Plan Width": 6,"Actual Startup Time": 0.055,"Actual Total Time": 54.552,"Actual Rows": 12657,"Actual Loops": 3,"Filter": "((c_acctbal > 0.00) AND (SUBSTRING(c_phone FROM 1 FOR 2) = ANY ('{27,17,12,23,34,26,15}'::text[])))","Rows Removed by Filter": 37343,"Workers": []}]}]}]},{"Node Type": "Gather Merge","Parent Relationship": "Outer","Parallel Aware": false,"Async Capable": false,"Startup Cost": 6741.22,"Total Cost": 6821.30,"Plan Rows": 620,"Plan Width": 72,"Actual Startup Time": 136.816,"Actual Total Time": 140.417,"Actual Rows": 21,"Actual Loops": 1,"Workers Planned": 2,"Params Evaluated": ["$1"],"Workers Launched": 2,"Plans": [{"Node Type": "Aggregate","Strategy": "Sorted","Partial Mode": "Partial","Parent Relationship": "Outer","Parallel Aware": false,"Async Capable": false,"Startup Cost": 5741.19,"Total Cost": 5749.72,"Plan Rows": 310,"Plan Width": 72,"Actual Startup Time": 67.875,"Actual Total Time": 68.167,"Actual Rows": 7,"Actual Loops": 3,"Group Key": ["(SUBSTRING(customer.c_phone FROM 1 FOR 2))"],"Workers": [],"Plans": [{"Node Type": "Sort","Parent Relationship": "Outer","Parallel Aware": false,"Async Capable": false,"Startup Cost": 5741.19,"Total Cost": 5741.97,"Plan Rows": 310,"Plan Width": 38,"Actual Startup Time": 67.810,"Actual Total Time": 67.889,"Actual Rows": 2071,"Actual Loops": 3,"Sort Key": ["(SUBSTRING(customer.c_phone FROM 1 FOR 2))"],"Sort Method": "quicksort","Sort Space Used": 232,"Sort Space Type": "Memory","Workers": [{"Worker Number": 0,"Sort Method": "quicksort","Sort Space Used": 150,"Sort Space Type": "Memory"},{"Worker Number": 1,"Sort Method": "quicksort","Sort Space Used": 152,"Sort Space Type": "Memory"}],"Plans": [{"Node Type": "Nested Loop","Parent Relationship": "Outer","Parallel Aware": false,"Async Capable": false,"Join Type": "Anti","Startup Cost": 0.43,"Total Cost": 5728.36,"Plan Rows": 310,"Plan Width": 38,"Actual Startup Time": 0.245,"Actual Total Time": 67.024,"Actual Rows": 2071,"Actual Loops": 3,"Inner Unique": false,"Workers": [],"Plans": [{"Node Type": "Seq Scan","Parent Relationship": "Outer","Parallel Aware": true,"Async Capable": false,"Relation Name": "customer","Alias": "customer","Startup Cost": 0.00,"Total Cost": 5225.62,"Plan Rows": 729,"Plan Width": 26,"Actual Startup Time": 0.043,"Actual Total Time": 44.152,"Actual Rows": 6305,"Actual Loops": 3,"Filter": "((c_acctbal > $1) AND (SUBSTRING(c_phone FROM 1 FOR 2) = ANY ('{27,17,12,23,34,26,15}'::text[])))","Rows Removed by Filter": 43695,"Workers": []},{"Node Type": "Index Only Scan","Parent Relationship": "Inner","Parallel Aware": false,"Async Capable": false,"Scan Direction": "Forward","Index Name": "idx_orders_custkey","Relation Name": "orders","Alias": "orders","Startup Cost": 0.43,"Total Cost": 3.28,"Plan Rows": 17,"Plan Width": 4,"Actual Startup Time": 0.003,"Actual Total Time": 0.003,"Actual Rows": 1,"Actual Loops": 18915,"Index Cond": "(o_custkey = customer.c_custkey)","Rows Removed by Index Recheck": 0,"Heap Fetches": 0,"Workers": []}]}]}]}]}]},"Planning Time": 3.429,"Triggers": [],"Execution Time": 141.032}]
[{"Plan": {"Node Type": "Aggregate","Strategy": "Sorted","Partial Mode": "Finalize","Parallel Aware": false,"Async Capable": false,"Startup Cost": 12972.06,"Total Cost": 13071.37,"Plan Rows": 744,"Plan Width": 72,"Actual Startup Time": 138.786,"Actual Total Time": 142.622,"Actual Rows": 7,"Actual Loops": 1,"Group Key": ["(SUBSTRING(customer.c_phone FROM 1 FOR 2))"],"Plans": [{"Node Type": "Aggregate","Strategy": "Plain","Partial Mode": "Finalize","Parent Relationship": "InitPlan","Subplan Name": "InitPlan 1 (returns $1)","Parallel Aware": false,"Async Capable": false,"Startup Cost": 6230.83,"Total Cost": 6230.84,"Plan Rows": 1,"Plan Width": 32,"Actual Startup Time": 62.334,"Actual Total Time": 62.547,"Actual Rows": 1,"Actual Loops": 1,"Plans": [{"Node Type": "Gather","Parent Relationship": "Outer","Parallel Aware": false,"Async Capable": false,"Startup Cost": 6230.61,"Total Cost": 6230.82,"Plan Rows": 2,"Plan Width": 32,"Actual Startup Time": 62.245,"Actual Total Time": 62.535,"Actual Rows": 3,"Actual Loops": 1,"Workers Planned": 2,"Workers Launched": 2,"Single Copy": false,"Plans": [{"Node Type": "Aggregate","Strategy": "Plain","Partial Mode": "Partial","Parent Relationship": "Outer","Parallel Aware": false,"Async Capable": false,"Startup Cost": 5230.61,"Total Cost": 5230.62,"Plan Rows": 1,"Plan Width": 32,"Actual Startup Time": 56.131,"Actual Total Time": 56.134,"Actual Rows": 1,"Actual Loops": 3,"Workers": [],"Plans": [{"Node Type": "Seq Scan","Parent Relationship": "Outer","Parallel Aware": true,"Async Capable": false,"Relation Name": "customer","Alias": "customer_1","Startup Cost": 0.00,"Total Cost": 5225.62,"Plan Rows": 1994,"Plan Width": 6,"Actual Startup Time": 0.056,"Actual Total Time": 55.069,"Actual Rows": 12622,"Actual Loops": 3,"Filter": "((c_acctbal > 0.00) AND (SUBSTRING(c_phone FROM 1 FOR 2) = ANY ('{13,15,17,20,11,10,28}'::text[])))","Rows Removed by Filter": 37378,"Workers": []}]}]}]},{"Node Type": "Gather Merge","Parent Relationship": "Outer","Parallel Aware": false,"Async Capable": false,"Startup Cost": 6741.22,"Total Cost": 6821.30,"Plan Rows": 620,"Plan Width": 72,"Actual Startup Time": 138.655,"Actual Total Time": 142.353,"Actual Rows": 21,"Actual Loops": 1,"Workers Planned": 2,"Params Evaluated": ["$1"],"Workers Launched": 2,"Plans": [{"Node Type": "Aggregate","Strategy": "Sorted","Partial Mode": "Partial","Parent Relationship": "Outer","Parallel Aware": false,"Async Capable": false,"Startup Cost": 5741.19,"Total Cost": 5749.72,"Plan Rows": 310,"Plan Width": 72,"Actual Startup Time": 69.599,"Actual Total Time": 69.899,"Actual Rows": 7,"Actual Loops": 3,"Group Key": ["(SUBSTRING(customer.c_phone FROM 1 FOR 2))"],"Workers": [],"Plans": [{"Node Type": "Sort","Parent Relationship": "Outer","Parallel Aware": false,"Async Capable": false,"Startup Cost": 5741.19,"Total Cost": 5741.97,"Plan Rows": 310,"Plan Width": 38,"Actual Startup Time": 69.530,"Actual Total Time": 69.610,"Actual Rows": 2089,"Actual Loops": 3,"Sort Key": ["(SUBSTRING(customer.c_phone FROM 1 FOR 2))"],"Sort Method": "quicksort","Sort Space Used": 236,"Sort Space Type": "Memory","Workers": [{"Worker Number": 0,"Sort Method": "quicksort","Sort Space Used": 147,"Sort Space Type": "Memory"},{"Worker Number": 1,"Sort Method": "quicksort","Sort Space Used": 153,"Sort Space Type": "Memory"}],"Plans": [{"Node Type": "Nested Loop","Parent Relationship": "Outer","Parallel Aware": false,"Async Capable": false,"Join Type": "Anti","Startup Cost": 0.43,"Total Cost": 5728.36,"Plan Rows": 310,"Plan Width": 38,"Actual Startup Time": 0.217,"Actual Total Time": 68.730,"Actual Rows": 2089,"Actual Loops": 3,"Inner Unique": false,"Workers": [],"Plans": [{"Node Type": "Seq Scan","Parent Relationship": "Outer","Parallel Aware": true,"Async Capable": false,"Relation Name": "customer","Alias": "customer","Startup Cost": 0.00,"Total Cost": 5225.62,"Plan Rows": 729,"Plan Width": 26,"Actual Startup Time": 0.041,"Actual Total Time": 45.448,"Actual Rows": 6268,"Actual Loops": 3,"Filter": "((c_acctbal > $1) AND (SUBSTRING(c_phone FROM 1 FOR 2) = ANY ('{13,15,17,20,11,10,28}'::text[])))","Rows Removed by Filter": 43732,"Workers": []},{"Node Type": "Index Only Scan","Parent Relationship": "Inner","Parallel Aware": false,"Async Capable": false,"Scan Direction": "Forward","Index Name": "idx_orders_custkey","Relation Name": "orders","Alias": "orders","Startup Cost": 0.43,"Total Cost": 3.28,"Plan Rows": 17,"Plan Width": 4,"Actual Startup Time": 0.003,"Actual Total Time": 0.003,"Actual Rows": 1,"Actual Loops": 18804,"Index Cond": "(o_custkey = customer.c_custkey)","Rows Removed by Index Recheck": 0,"Heap Fetches": 0,"Workers": []}]}]}]}]}]},"Planning Time": 3.688,"Triggers": [],"Execution Time": 142.958}]
[{"Plan": {"Node Type": "Aggregate","Strategy": "Sorted","Partial Mode": "Finalize","Parallel Aware": false,"Async Capable": false,"Startup Cost": 12972.06,"Total Cost": 13071.37,"Plan Rows": 744,"Plan Width": 72,"Actual Startup Time": 139.479,"Actual Total Time": 142.728,"Actual Rows": 7,"Actual Loops": 1,"Group Key": ["(SUBSTRING(customer.c_phone FROM 1 FOR 2))"],"Plans": [{"Node Type": "Aggregate","Strategy": "Plain","Partial Mode": "Finalize","Parent Relationship": "InitPlan","Subplan Name": "InitPlan 1 (returns $1)","Parallel Aware": false,"Async Capable": false,"Startup Cost": 6230.83,"Total Cost": 6230.84,"Plan Rows": 1,"Plan Width": 32,"Actual Startup Time": 60.338,"Actual Total Time": 60.531,"Actual Rows": 1,"Actual Loops": 1,"Plans": [{"Node Type": "Gather","Parent Relationship": "Outer","Parallel Aware": false,"Async Capable": false,"Startup Cost": 6230.61,"Total Cost": 6230.82,"Plan Rows": 2,"Plan Width": 32,"Actual Startup Time": 60.210,"Actual Total Time": 60.514,"Actual Rows": 3,"Actual Loops": 1,"Workers Planned": 2,"Workers Launched": 2,"Single Copy": false,"Plans": [{"Node Type": "Aggregate","Strategy": "Plain","Partial Mode": "Partial","Parent Relationship": "Outer","Parallel Aware": false,"Async Capable": false,"Startup Cost": 5230.61,"Total Cost": 5230.62,"Plan Rows": 1,"Plan Width": 32,"Actual Startup Time": 54.150,"Actual Total Time": 54.152,"Actual Rows": 1,"Actual Loops": 3,"Workers": [],"Plans": [{"Node Type": "Seq Scan","Parent Relationship": "Outer","Parallel Aware": true,"Async Capable": false,"Relation Name": "customer","Alias": "customer_1","Startup Cost": 0.00,"Total Cost": 5225.62,"Plan Rows": 1994,"Plan Width": 6,"Actual Startup Time": 0.067,"Actual Total Time": 53.037,"Actual Rows": 12668,"Actual Loops": 3,"Filter": "((c_acctbal > 0.00) AND (SUBSTRING(c_phone FROM 1 FOR 2) = ANY ('{22,21,25,10,14,28,18}'::text[])))","Rows Removed by Filter": 37332,"Workers": []}]}]}]},{"Node Type": "Gather Merge","Parent Relationship": "Outer","Parallel Aware": false,"Async Capable": false,"Startup Cost": 6741.22,"Total Cost": 6821.30,"Plan Rows": 620,"Plan Width": 72,"Actual Startup Time": 139.341,"Actual Total Time": 142.474,"Actual Rows": 21,"Actual Loops": 1,"Workers Planned": 2,"Params Evaluated": ["$1"],"Workers Launched": 2,"Plans": [{"Node Type": "Aggregate","Strategy": "Sorted","Partial Mode": "Partial","Parent Relationship": "Outer","Parallel Aware": false,"Async Capable": false,"Startup Cost": 5741.19,"Total Cost": 5749.72,"Plan Rows": 310,"Plan Width": 72,"Actual Startup Time": 71.998,"Actual Total Time": 72.304,"Actual Rows": 7,"Actual Loops": 3,"Group Key": ["(SUBSTRING(customer.c_phone FROM 1 FOR 2))"],"Workers": [],"Plans": [{"Node Type": "Sort","Parent Relationship": "Outer","Parallel Aware": false,"Async Capable": false,"Startup Cost": 5741.19,"Total Cost": 5741.97,"Plan Rows": 310,"Plan Width": 38,"Actual Startup Time": 71.933,"Actual Total Time": 72.014,"Actual Rows": 2147,"Actual Loops": 3,"Sort Key": ["(SUBSTRING(customer.c_phone FROM 1 FOR 2))"],"Sort Method": "quicksort","Sort Space Used": 234,"Sort Space Type": "Memory","Workers": [{"Worker Number": 0,"Sort Method": "quicksort","Sort Space Used": 151,"Sort Space Type": "Memory"},{"Worker Number": 1,"Sort Method": "quicksort","Sort Space Used": 208,"Sort Space Type": "Memory"}],"Plans": [{"Node Type": "Nested Loop","Parent Relationship": "Outer","Parallel Aware": false,"Async Capable": false,"Join Type": "Anti","Startup Cost": 0.43,"Total Cost": 5728.36,"Plan Rows": 310,"Plan Width": 38,"Actual Startup Time": 0.187,"Actual Total Time": 71.089,"Actual Rows": 2147,"Actual Loops": 3,"Inner Unique": false,"Workers": [],"Plans": [{"Node Type": "Seq Scan","Parent Relationship": "Outer","Parallel Aware": true,"Async Capable": false,"Relation Name": "customer","Alias": "customer","Startup Cost": 0.00,"Total Cost": 5225.62,"Plan Rows": 729,"Plan Width": 26,"Actual Startup Time": 0.052,"Actual Total Time": 46.668,"Actual Rows": 6326,"Actual Loops": 3,"Filter": "((c_acctbal > $1) AND (SUBSTRING(c_phone FROM 1 FOR 2) = ANY ('{22,21,25,10,14,28,18}'::text[])))","Rows Removed by Filter": 43674,"Workers": []},{"Node Type": "Index Only Scan","Parent Relationship": "Inner","Parallel Aware": false,"Async Capable": false,"Scan Direction": "Forward","Index Name": "idx_orders_custkey","Relation Name": "orders","Alias": "orders","Startup Cost": 0.43,"Total Cost": 3.28,"Plan Rows": 17,"Plan Width": 4,"Actual Startup Time": 0.004,"Actual Total Time": 0.004,"Actual Rows": 1,"Actual Loops": 18978,"Index Cond": "(o_custkey = customer.c_custkey)","Rows Removed by Index Recheck": 0,"Heap Fetches": 0,"Workers": []}]}]}]}]}]},"Planning Time": 3.618,"Triggers": [],"Execution Time": 143.086}]
[{"Plan": {"Node Type": "Aggregate","Strategy": "Sorted","Partial Mode": "Finalize","Parallel Aware": false,"Async Capable": false,"Startup Cost": 12972.06,"Total Cost": 13071.37,"Plan Rows": 744,"Plan Width": 72,"Actual Startup Time": 137.754,"Actual Total Time": 141.404,"Actual Rows": 7,"Actual Loops": 1,"Group Key": ["(SUBSTRING(customer.c_phone FROM 1 FOR 2))"],"Plans": [{"Node Type": "Aggregate","Strategy": "Plain","Partial Mode": "Finalize","Parent Relationship": "InitPlan","Subplan Name": "InitPlan 1 (returns $1)","Parallel Aware": false,"Async Capable": false,"Startup Cost": 6230.83,"Total Cost": 6230.84,"Plan Rows": 1,"Plan Width": 32,"Actual Startup Time": 62.173,"Actual Total Time": 62.419,"Actual Rows": 1,"Actual Loops": 1,"Plans": [{"Node Type": "Gather","Parent Relationship": "Outer","Parallel Aware": false,"Async Capable": false,"Startup Cost": 6230.61,"Total Cost": 6230.82,"Plan Rows": 2,"Plan Width": 32,"Actual Startup Time": 62.091,"Actual Total Time": 62.401,"Actual Rows": 3,"Actual Loops": 1,"Workers Planned": 2,"Workers Launched": 2,"Single Copy": false,"Plans": [{"Node Type": "Aggregate","Strategy": "Plain","Partial Mode": "Partial","Parent Relationship": "Outer","Parallel Aware": false,"Async Capable": false,"Startup Cost": 5230.61,"Total Cost": 5230.62,"Plan Rows": 1,"Plan Width": 32,"Actual Startup Time": 55.931,"Actual Total Time": 55.933,"Actual Rows": 1,"Actual Loops": 3,"Workers": [],"Plans": [{"Node Type": "Seq Scan","Parent Relationship": "Outer","Parallel Aware": true,"Async Capable": false,"Relation Name": "customer","Alias": "customer_1","Startup Cost": 0.00,"Total Cost": 5225.62,"Plan Rows": 1994,"Plan Width": 6,"Actual Startup Time": 0.043,"Actual Total Time": 54.875,"Actual Rows": 12709,"Actual Loops": 3,"Filter": "((c_acctbal > 0.00) AND (SUBSTRING(c_phone FROM 1 FOR 2) = ANY ('{16,11,25,22,17,18,32}'::text[])))","Rows Removed by Filter": 37291,"Workers": []}]}]}]},{"Node Type": "Gather Merge","Parent Relationship": "Outer","Parallel Aware": false,"Async Capable": false,"Startup Cost": 6741.22,"Total Cost": 6821.30,"Plan Rows": 620,"Plan Width": 72,"Actual Startup Time": 137.623,"Actual Total Time": 141.107,"Actual Rows": 21,"Actual Loops": 1,"Workers Planned": 2,"Params Evaluated": ["$1"],"Workers Launched": 2,"Plans": [{"Node Type": "Aggregate","Strategy": "Sorted","Partial Mode": "Partial","Parent Relationship": "Outer","Parallel Aware": false,"Async Capable": false,"Startup Cost": 5741.19,"Total Cost": 5749.72,"Plan Rows": 310,"Plan Width": 72,"Actual Startup Time": 68.688,"Actual Total Time": 68.987,"Actual Rows": 7,"Actual Loops": 3,"Group Key": ["(SUBSTRING(customer.c_phone FROM 1 FOR 2))"],"Workers": [],"Plans": [{"Node Type": "Sort","Parent Relationship": "Outer","Parallel Aware": false,"Async Capable": false,"Startup Cost": 5741.19,"Total Cost": 5741.97,"Plan Rows": 310,"Plan Width": 38,"Actual Startup Time": 68.621,"Actual Total Time": 68.699,"Actual Rows": 2100,"Actual Loops": 3,"Sort Key": ["(SUBSTRING(customer.c_phone FROM 1 FOR 2))"],"Sort Method": "quicksort","Sort Space Used": 236,"Sort Space Type": "Memory","Workers": [{"Worker Number": 0,"Sort Method": "quicksort","Sort Space Used": 149,"Sort Space Type": "Memory"},{"Worker Number": 1,"Sort Method": "quicksort","Sort Space Used": 153,"Sort Space Type": "Memory"}],"Plans": [{"Node Type": "Nested Loop","Parent Relationship": "Outer","Parallel Aware": false,"Async Capable": false,"Join Type": "Anti","Startup Cost": 0.43,"Total Cost": 5728.36,"Plan Rows": 310,"Plan Width": 38,"Actual Startup Time": 0.144,"Actual Total Time": 67.863,"Actual Rows": 2100,"Actual Loops": 3,"Inner Unique": false,"Workers": [],"Plans": [{"Node Type": "Seq Scan","Parent Relationship": "Outer","Parallel Aware": true,"Async Capable": false,"Relation Name": "customer","Alias": "customer","Startup Cost": 0.00,"Total Cost": 5225.62,"Plan Rows": 729,"Plan Width": 26,"Actual Startup Time": 0.030,"Actual Total Time": 44.669,"Actual Rows": 6342,"Actual Loops": 3,"Filter": "((c_acctbal > $1) AND (SUBSTRING(c_phone FROM 1 FOR 2) = ANY ('{16,11,25,22,17,18,32}'::text[])))","Rows Removed by Filter": 43658,"Workers": []},{"Node Type": "Index Only Scan","Parent Relationship": "Inner","Parallel Aware": false,"Async Capable": false,"Scan Direction": "Forward","Index Name": "idx_orders_custkey","Relation Name": "orders","Alias": "orders","Startup Cost": 0.43,"Total Cost": 3.28,"Plan Rows": 17,"Plan Width": 4,"Actual Startup Time": 0.003,"Actual Total Time": 0.003,"Actual Rows": 1,"Actual Loops": 19027,"Index Cond": "(o_custkey = customer.c_custkey)","Rows Removed by Index Recheck": 0,"Heap Fetches": 0,"Workers": []}]}]}]}]}]},"Planning Time": 4.969,"Triggers": [],"Execution Time": 141.925}]
[{"Plan": {"Node Type": "Aggregate","Strategy": "Sorted","Partial Mode": "Finalize","Parallel Aware": false,"Async Capable": false,"Startup Cost": 12972.06,"Total Cost": 13071.37,"Plan Rows": 744,"Plan Width": 72,"Actual Startup Time": 138.047,"Actual Total Time": 141.825,"Actual Rows": 7,"Actual Loops": 1,"Group Key": ["(SUBSTRING(customer.c_phone FROM 1 FOR 2))"],"Plans": [{"Node Type": "Aggregate","Strategy": "Plain","Partial Mode": "Finalize","Parent Relationship": "InitPlan","Subplan Name": "InitPlan 1 (returns $1)","Parallel Aware": false,"Async Capable": false,"Startup Cost": 6230.83,"Total Cost": 6230.84,"Plan Rows": 1,"Plan Width": 32,"Actual Startup Time": 62.003,"Actual Total Time": 62.233,"Actual Rows": 1,"Actual Loops": 1,"Plans": [{"Node Type": "Gather","Parent Relationship": "Outer","Parallel Aware": false,"Async Capable": false,"Startup Cost": 6230.61,"Total Cost": 6230.82,"Plan Rows": 2,"Plan Width": 32,"Actual Startup Time": 61.898,"Actual Total Time": 62.212,"Actual Rows": 3,"Actual Loops": 1,"Workers Planned": 2,"Workers Launched": 2,"Single Copy": false,"Plans": [{"Node Type": "Aggregate","Strategy": "Plain","Partial Mode": "Partial","Parent Relationship": "Outer","Parallel Aware": false,"Async Capable": false,"Startup Cost": 5230.61,"Total Cost": 5230.62,"Plan Rows": 1,"Plan Width": 32,"Actual Startup Time": 55.472,"Actual Total Time": 55.473,"Actual Rows": 1,"Actual Loops": 3,"Workers": [],"Plans": [{"Node Type": "Seq Scan","Parent Relationship": "Outer","Parallel Aware": true,"Async Capable": false,"Relation Name": "customer","Alias": "customer_1","Startup Cost": 0.00,"Total Cost": 5225.62,"Plan Rows": 1994,"Plan Width": 6,"Actual Startup Time": 0.037,"Actual Total Time": 54.398,"Actual Rows": 12757,"Actual Loops": 3,"Filter": "((c_acctbal > 0.00) AND (SUBSTRING(c_phone FROM 1 FOR 2) = ANY ('{32,29,21,30,17,22,19}'::text[])))","Rows Removed by Filter": 37243,"Workers": []}]}]}]},{"Node Type": "Gather Merge","Parent Relationship": "Outer","Parallel Aware": false,"Async Capable": false,"Startup Cost": 6741.22,"Total Cost": 6821.30,"Plan Rows": 620,"Plan Width": 72,"Actual Startup Time": 137.914,"Actual Total Time": 141.546,"Actual Rows": 21,"Actual Loops": 1,"Workers Planned": 2,"Params Evaluated": ["$1"],"Workers Launched": 2,"Plans": [{"Node Type": "Aggregate","Strategy": "Sorted","Partial Mode": "Partial","Parent Relationship": "Outer","Parallel Aware": false,"Async Capable": false,"Startup Cost": 5741.19,"Total Cost": 5749.72,"Plan Rows": 310,"Plan Width": 72,"Actual Startup Time": 69.340,"Actual Total Time": 69.649,"Actual Rows": 7,"Actual Loops": 3,"Group Key": ["(SUBSTRING(customer.c_phone FROM 1 FOR 2))"],"Workers": [],"Plans": [{"Node Type": "Sort","Parent Relationship": "Outer","Parallel Aware": false,"Async Capable": false,"Startup Cost": 5741.19,"Total Cost": 5741.97,"Plan Rows": 310,"Plan Width": 38,"Actual Startup Time": 69.271,"Actual Total Time": 69.353,"Actual Rows": 2147,"Actual Loops": 3,"Sort Key": ["(SUBSTRING(customer.c_phone FROM 1 FOR 2))"],"Sort Method": "quicksort","Sort Space Used": 235,"Sort Space Type": "Memory","Workers": [{"Worker Number": 0,"Sort Method": "quicksort","Sort Space Used": 154,"Sort Space Type": "Memory"},{"Worker Number": 1,"Sort Method": "quicksort","Sort Space Used": 156,"Sort Space Type": "Memory"}],"Plans": [{"Node Type": "Nested Loop","Parent Relationship": "Outer","Parallel Aware": false,"Async Capable": false,"Join Type": "Anti","Startup Cost": 0.43,"Total Cost": 5728.36,"Plan Rows": 310,"Plan Width": 38,"Actual Startup Time": 0.191,"Actual Total Time": 68.454,"Actual Rows": 2147,"Actual Loops": 3,"Inner Unique": false,"Workers": [],"Plans": [{"Node Type": "Seq Scan","Parent Relationship": "Outer","Parallel Aware": true,"Async Capable": false,"Relation Name": "customer","Alias": "customer","Startup Cost": 0.00,"Total Cost": 5225.62,"Plan Rows": 729,"Plan Width": 26,"Actual Startup Time": 0.043,"Actual Total Time": 45.156,"Actual Rows": 6380,"Actual Loops": 3,"Filter": "((c_acctbal > $1) AND (SUBSTRING(c_phone FROM 1 FOR 2) = ANY ('{32,29,21,30,17,22,19}'::text[])))","Rows Removed by Filter": 43620,"Workers": []},{"Node Type": "Index Only Scan","Parent Relationship": "Inner","Parallel Aware": false,"Async Capable": false,"Scan Direction": "Forward","Index Name": "idx_orders_custkey","Relation Name": "orders","Alias": "orders","Startup Cost": 0.43,"Total Cost": 3.28,"Plan Rows": 17,"Plan Width": 4,"Actual Startup Time": 0.003,"Actual Total Time": 0.003,"Actual Rows": 1,"Actual Loops": 19140,"Index Cond": "(o_custkey = customer.c_custkey)","Rows Removed by Index Recheck": 0,"Heap Fetches": 0,"Workers": []}]}]}]}]}]},"Planning Time": 4.104,"Triggers": [],"Execution Time": 142.140}]
[{"Plan": {"Node Type": "Aggregate","Strategy": "Sorted","Partial Mode": "Finalize","Parallel Aware": false,"Async Capable": false,"Startup Cost": 12972.06,"Total Cost": 13071.37,"Plan Rows": 744,"Plan Width": 72,"Actual Startup Time": 133.339,"Actual Total Time": 137.923,"Actual Rows": 7,"Actual Loops": 1,"Group Key": ["(SUBSTRING(customer.c_phone FROM 1 FOR 2))"],"Plans": [{"Node Type": "Aggregate","Strategy": "Plain","Partial Mode": "Finalize","Parent Relationship": "InitPlan","Subplan Name": "InitPlan 1 (returns $1)","Parallel Aware": false,"Async Capable": false,"Startup Cost": 6230.83,"Total Cost": 6230.84,"Plan Rows": 1,"Plan Width": 32,"Actual Startup Time": 61.610,"Actual Total Time": 61.810,"Actual Rows": 1,"Actual Loops": 1,"Plans": [{"Node Type": "Gather","Parent Relationship": "Outer","Parallel Aware": false,"Async Capable": false,"Startup Cost": 6230.61,"Total Cost": 6230.82,"Plan Rows": 2,"Plan Width": 32,"Actual Startup Time": 61.526,"Actual Total Time": 61.796,"Actual Rows": 3,"Actual Loops": 1,"Workers Planned": 2,"Workers Launched": 2,"Single Copy": false,"Plans": [{"Node Type": "Aggregate","Strategy": "Plain","Partial Mode": "Partial","Parent Relationship": "Outer","Parallel Aware": false,"Async Capable": false,"Startup Cost": 5230.61,"Total Cost": 5230.62,"Plan Rows": 1,"Plan Width": 32,"Actual Startup Time": 55.454,"Actual Total Time": 55.457,"Actual Rows": 1,"Actual Loops": 3,"Workers": [],"Plans": [{"Node Type": "Seq Scan","Parent Relationship": "Outer","Parallel Aware": true,"Async Capable": false,"Relation Name": "customer","Alias": "customer_1","Startup Cost": 0.00,"Total Cost": 5225.62,"Plan Rows": 1994,"Plan Width": 6,"Actual Startup Time": 0.054,"Actual Total Time": 54.376,"Actual Rows": 12709,"Actual Loops": 3,"Filter": "((c_acctbal > 0.00) AND (SUBSTRING(c_phone FROM 1 FOR 2) = ANY ('{19,21,27,17,16,20,10}'::text[])))","Rows Removed by Filter": 37291,"Workers": []}]}]}]},{"Node Type": "Gather Merge","Parent Relationship": "Outer","Parallel Aware": false,"Async Capable": false,"Startup Cost": 6741.22,"Total Cost": 6821.30,"Plan Rows": 620,"Plan Width": 72,"Actual Startup Time": 133.257,"Actual Total Time": 137.681,"Actual Rows": 21,"Actual Loops": 1,"Workers Planned": 2,"Params Evaluated": ["$1"],"Workers Launched": 2,"Plans": [{"Node Type": "Aggregate","Strategy": "Sorted","Partial Mode": "Partial","Parent Relationship": "Outer","Parallel Aware": false,"Async Capable": false,"Startup Cost": 5741.19,"Total Cost": 5749.72,"Plan Rows": 310,"Plan Width": 72,"Actual Startup Time": 64.170,"Actual Total Time": 64.470,"Actual Rows": 7,"Actual Loops": 3,"Group Key": ["(SUBSTRING(customer.c_phone FROM 1 FOR 2))"],"Workers": [],"Plans": [{"Node Type": "Sort","Parent Relationship": "Outer","Parallel Aware": false,"Async Capable": false,"Startup Cost": 5741.19,"Total Cost": 5741.97,"Plan Rows": 310,"Plan Width": 38,"Actual Startup Time": 64.096,"Actual Total Time": 64.175,"Actual Rows": 2117,"Actual Loops": 3,"Sort Key": ["(SUBSTRING(customer.c_phone FROM 1 FOR 2))"],"Sort Method": "quicksort","Sort Space Used": 226,"Sort Space Type": "Memory","Workers": [{"Worker Number": 0,"Sort Method": "quicksort","Sort Space Used": 157,"Sort Space Type": "Memory"},{"Worker Number": 1,"Sort Method": "quicksort","Sort Space Used": 157,"Sort Space Type": "Memory"}],"Plans": [{"Node Type": "Nested Loop","Parent Relationship": "Outer","Parallel Aware": false,"Async Capable": false,"Join Type": "Anti","Startup Cost": 0.43,"Total Cost": 5728.36,"Plan Rows": 310,"Plan Width": 38,"Actual Startup Time": 0.204,"Actual Total Time": 63.269,"Actual Rows": 2117,"Actual Loops": 3,"Inner Unique": false,"Workers": [],"Plans": [{"Node Type": "Seq Scan","Parent Relationship": "Outer","Parallel Aware": true,"Async Capable": false,"Relation Name": "customer","Alias": "customer","Startup Cost": 0.00,"Total Cost": 5225.62,"Plan Rows": 729,"Plan Width": 26,"Actual Startup Time": 0.047,"Actual Total Time": 41.447,"Actual Rows": 6334,"Actual Loops": 3,"Filter": "((c_acctbal > $1) AND (SUBSTRING(c_phone FROM 1 FOR 2) = ANY ('{19,21,27,17,16,20,10}'::text[])))","Rows Removed by Filter": 43666,"Workers": []},{"Node Type": "Index Only Scan","Parent Relationship": "Inner","Parallel Aware": false,"Async Capable": false,"Scan Direction": "Forward","Index Name": "idx_orders_custkey","Relation Name": "orders","Alias": "orders","Startup Cost": 0.43,"Total Cost": 3.28,"Plan Rows": 17,"Plan Width": 4,"Actual Startup Time": 0.003,"Actual Total Time": 0.003,"Actual Rows": 1,"Actual Loops": 19001,"Index Cond": "(o_custkey = customer.c_custkey)","Rows Removed by Index Recheck": 0,"Heap Fetches": 0,"Workers": []}]}]}]}]}]},"Planning Time": 3.568,"Triggers": [],"Execution Time": 138.260}]
[{"Plan": {"Node Type": "Aggregate","Strategy": "Sorted","Partial Mode": "Finalize","Parallel Aware": false,"Async Capable": false,"Startup Cost": 12972.06,"Total Cost": 13071.37,"Plan Rows": 744,"Plan Width": 72,"Actual Startup Time": 139.110,"Actual Total Time": 142.708,"Actual Rows": 7,"Actual Loops": 1,"Group Key": ["(SUBSTRING(customer.c_phone FROM 1 FOR 2))"],"Plans": [{"Node Type": "Aggregate","Strategy": "Plain","Partial Mode": "Finalize","Parent Relationship": "InitPlan","Subplan Name": "InitPlan 1 (returns $1)","Parallel Aware": false,"Async Capable": false,"Startup Cost": 6230.83,"Total Cost": 6230.84,"Plan Rows": 1,"Plan Width": 32,"Actual Startup Time": 61.359,"Actual Total Time": 61.558,"Actual Rows": 1,"Actual Loops": 1,"Plans": [{"Node Type": "Gather","Parent Relationship": "Outer","Parallel Aware": false,"Async Capable": false,"Startup Cost": 6230.61,"Total Cost": 6230.82,"Plan Rows": 2,"Plan Width": 32,"Actual Startup Time": 61.270,"Actual Total Time": 61.548,"Actual Rows": 3,"Actual Loops": 1,"Workers Planned": 2,"Workers Launched": 2,"Single Copy": false,"Plans": [{"Node Type": "Aggregate","Strategy": "Plain","Partial Mode": "Partial","Parent Relationship": "Outer","Parallel Aware": false,"Async Capable": false,"Startup Cost": 5230.61,"Total Cost": 5230.62,"Plan Rows": 1,"Plan Width": 32,"Actual Startup Time": 55.615,"Actual Total Time": 55.618,"Actual Rows": 1,"Actual Loops": 3,"Workers": [],"Plans": [{"Node Type": "Seq Scan","Parent Relationship": "Outer","Parallel Aware": true,"Async Capable": false,"Relation Name": "customer","Alias": "customer_1","Startup Cost": 0.00,"Total Cost": 5225.62,"Plan Rows": 1994,"Plan Width": 6,"Actual Startup Time": 0.056,"Actual Total Time": 54.514,"Actual Rows": 12784,"Actual Loops": 3,"Filter": "((c_acctbal > 0.00) AND (SUBSTRING(c_phone FROM 1 FOR 2) = ANY ('{26,32,17,23,19,24,11}'::text[])))","Rows Removed by Filter": 37216,"Workers": []}]}]}]},{"Node Type": "Gather Merge","Parent Relationship": "Outer","Parallel Aware": false,"Async Capable": false,"Startup Cost": 6741.22,"Total Cost": 6821.30,"Plan Rows": 620,"Plan Width": 72,"Actual Startup Time": 139.017,"Actual Total Time": 142.459,"Actual Rows": 21,"Actual Loops": 1,"Workers Planned": 2,"Params Evaluated": ["$1"],"Workers Launched": 2,"Plans": [{"Node Type": "Aggregate","Strategy": "Sorted","Partial Mode": "Partial","Parent Relationship": "Outer","Parallel Aware": false,"Async Capable": false,"Startup Cost": 5741.19,"Total Cost": 5749.72,"Plan Rows": 310,"Plan Width": 72,"Actual Startup Time": 70.546,"Actual Total Time": 70.846,"Actual Rows": 7,"Actual Loops": 3,"Group Key": ["(SUBSTRING(customer.c_phone FROM 1 FOR 2))"],"Workers": [],"Plans": [{"Node Type": "Sort","Parent Relationship": "Outer","Parallel Aware": false,"Async Capable": false,"Startup Cost": 5741.19,"Total Cost": 5741.97,"Plan Rows": 310,"Plan Width": 38,"Actual Startup Time": 70.472,"Actual Total Time": 70.560,"Actual Rows": 2106,"Actual Loops": 3,"Sort Key": ["(SUBSTRING(customer.c_phone FROM 1 FOR 2))"],"Sort Method": "quicksort","Sort Space Used": 226,"Sort Space Type": "Memory","Workers": [{"Worker Number": 0,"Sort Method": "quicksort","Sort Space Used": 154,"Sort Space Type": "Memory"},{"Worker Number": 1,"Sort Method": "quicksort","Sort Space Used": 158,"Sort Space Type": "Memory"}],"Plans": [{"Node Type": "Nested Loop","Parent Relationship": "Outer","Parallel Aware": false,"Async Capable": false,"Join Type": "Anti","Startup Cost": 0.43,"Total Cost": 5728.36,"Plan Rows": 310,"Plan Width": 38,"Actual Startup Time": 0.263,"Actual Total Time": 69.648,"Actual Rows": 2106,"Actual Loops": 3,"Inner Unique": false,"Workers": [],"Plans": [{"Node Type": "Seq Scan","Parent Relationship": "Outer","Parallel Aware": true,"Async Capable": false,"Relation Name": "customer","Alias": "customer","Startup Cost": 0.00,"Total Cost": 5225.62,"Plan Rows": 729,"Plan Width": 26,"Actual Startup Time": 0.061,"Actual Total Time": 45.570,"Actual Rows": 6387,"Actual Loops": 3,"Filter": "((c_acctbal > $1) AND (SUBSTRING(c_phone FROM 1 FOR 2) = ANY ('{26,32,17,23,19,24,11}'::text[])))","Rows Removed by Filter": 43613,"Workers": []},{"Node Type": "Index Only Scan","Parent Relationship": "Inner","Parallel Aware": false,"Async Capable": false,"Scan Direction": "Forward","Index Name": "idx_orders_custkey","Relation Name": "orders","Alias": "orders","Startup Cost": 0.43,"Total Cost": 3.28,"Plan Rows": 17,"Plan Width": 4,"Actual Startup Time": 0.003,"Actual Total Time": 0.003,"Actual Rows": 1,"Actual Loops": 19160,"Index Cond": "(o_custkey = customer.c_custkey)","Rows Removed by Index Recheck": 0,"Heap Fetches": 0,"Workers": []}]}]}]}]}]},"Planning Time": 3.392,"Triggers": [],"Execution Time": 142.981}]
[{"Plan": {"Node Type": "Aggregate","Strategy": "Sorted","Partial Mode": "Finalize","Parallel Aware": false,"Async Capable": false,"Startup Cost": 12972.06,"Total Cost": 13071.37,"Plan Rows": 744,"Plan Width": 72,"Actual Startup Time": 139.442,"Actual Total Time": 143.120,"Actual Rows": 7,"Actual Loops": 1,"Group Key": ["(SUBSTRING(customer.c_phone FROM 1 FOR 2))"],"Plans": [{"Node Type": "Aggregate","Strategy": "Plain","Partial Mode": "Finalize","Parent Relationship": "InitPlan","Subplan Name": "InitPlan 1 (returns $1)","Parallel Aware": false,"Async Capable": false,"Startup Cost": 6230.83,"Total Cost": 6230.84,"Plan Rows": 1,"Plan Width": 32,"Actual Startup Time": 62.257,"Actual Total Time": 62.471,"Actual Rows": 1,"Actual Loops": 1,"Plans": [{"Node Type": "Gather","Parent Relationship": "Outer","Parallel Aware": false,"Async Capable": false,"Startup Cost": 6230.61,"Total Cost": 6230.82,"Plan Rows": 2,"Plan Width": 32,"Actual Startup Time": 62.181,"Actual Total Time": 62.452,"Actual Rows": 3,"Actual Loops": 1,"Workers Planned": 2,"Workers Launched": 2,"Single Copy": false,"Plans": [{"Node Type": "Aggregate","Strategy": "Plain","Partial Mode": "Partial","Parent Relationship": "Outer","Parallel Aware": false,"Async Capable": false,"Startup Cost": 5230.61,"Total Cost": 5230.62,"Plan Rows": 1,"Plan Width": 32,"Actual Startup Time": 55.865,"Actual Total Time": 55.865,"Actual Rows": 1,"Actual Loops": 3,"Workers": [],"Plans": [{"Node Type": "Seq Scan","Parent Relationship": "Outer","Parallel Aware": true,"Async Capable": false,"Relation Name": "customer","Alias": "customer_1","Startup Cost": 0.00,"Total Cost": 5225.62,"Plan Rows": 1994,"Plan Width": 6,"Actual Startup Time": 0.038,"Actual Total Time": 54.819,"Actual Rows": 12697,"Actual Loops": 3,"Filter": "((c_acctbal > 0.00) AND (SUBSTRING(c_phone FROM 1 FOR 2) = ANY ('{33,23,27,15,26,21,11}'::text[])))","Rows Removed by Filter": 37303,"Workers": []}]}]}]},{"Node Type": "Gather Merge","Parent Relationship": "Outer","Parallel Aware": false,"Async Capable": false,"Startup Cost": 6741.22,"Total Cost": 6821.30,"Plan Rows": 620,"Plan Width": 72,"Actual Startup Time": 139.319,"Actual Total Time": 142.835,"Actual Rows": 21,"Actual Loops": 1,"Workers Planned": 2,"Params Evaluated": ["$1"],"Workers Launched": 2,"Plans": [{"Node Type": "Aggregate","Strategy": "Sorted","Partial Mode": "Partial","Parent Relationship": "Outer","Parallel Aware": false,"Async Capable": false,"Startup Cost": 5741.19,"Total Cost": 5749.72,"Plan Rows": 310,"Plan Width": 72,"Actual Startup Time": 70.523,"Actual Total Time": 70.812,"Actual Rows": 7,"Actual Loops": 3,"Group Key": ["(SUBSTRING(customer.c_phone FROM 1 FOR 2))"],"Workers": [],"Plans": [{"Node Type": "Sort","Parent Relationship": "Outer","Parallel Aware": false,"Async Capable": false,"Startup Cost": 5741.19,"Total Cost": 5741.97,"Plan Rows": 310,"Plan Width": 38,"Actual Startup Time": 70.455,"Actual Total Time": 70.532,"Actual Rows": 2113,"Actual Loops": 3,"Sort Key": ["(SUBSTRING(customer.c_phone FROM 1 FOR 2))"],"Sort Method": "quicksort","Sort Space Used": 234,"Sort Space Type": "Memory","Workers": [{"Worker Number": 0,"Sort Method": "quicksort","Sort Space Used": 152,"Sort Space Type": "Memory"},{"Worker Number": 1,"Sort Method": "quicksort","Sort Space Used": 153,"Sort Space Type": "Memory"}],"Plans": [{"Node Type": "Nested Loop","Parent Relationship": "Outer","Parallel Aware": false,"Async Capable": false,"Join Type": "Anti","Startup Cost": 0.43,"Total Cost": 5728.36,"Plan Rows": 310,"Plan Width": 38,"Actual Startup Time": 0.178,"Actual Total Time": 69.667,"Actual Rows": 2113,"Actual Loops": 3,"Inner Unique": false,"Workers": [],"Plans": [{"Node Type": "Seq Scan","Parent Relationship": "Outer","Parallel Aware": true,"Async Capable": false,"Relation Name": "customer","Alias": "customer","Startup Cost": 0.00,"Total Cost": 5225.62,"Plan Rows": 729,"Plan Width": 26,"Actual Startup Time": 0.045,"Actual Total Time": 45.899,"Actual Rows": 6329,"Actual Loops": 3,"Filter": "((c_acctbal > $1) AND (SUBSTRING(c_phone FROM 1 FOR 2) = ANY ('{33,23,27,15,26,21,11}'::text[])))","Rows Removed by Filter": 43671,"Workers": []},{"Node Type": "Index Only Scan","Parent Relationship": "Inner","Parallel Aware": false,"Async Capable": false,"Scan Direction": "Forward","Index Name": "idx_orders_custkey","Relation Name": "orders","Alias": "orders","Startup Cost": 0.43,"Total Cost": 3.28,"Plan Rows": 17,"Plan Width": 4,"Actual Startup Time": 0.003,"Actual Total Time": 0.003,"Actual Rows": 1,"Actual Loops": 18987,"Index Cond": "(o_custkey = customer.c_custkey)","Rows Removed by Index Recheck": 0,"Heap Fetches": 0,"Workers": []}]}]}]}]}]},"Planning Time": 3.687,"Triggers": [],"Execution Time": 143.469}]
[{"Plan": {"Node Type": "Aggregate","Strategy": "Sorted","Partial Mode": "Finalize","Parallel Aware": false,"Async Capable": false,"Startup Cost": 12972.06,"Total Cost": 13071.37,"Plan Rows": 744,"Plan Width": 72,"Actual Startup Time": 133.043,"Actual Total Time": 137.505,"Actual Rows": 7,"Actual Loops": 1,"Group Key": ["(SUBSTRING(customer.c_phone FROM 1 FOR 2))"],"Plans": [{"Node Type": "Aggregate","Strategy": "Plain","Partial Mode": "Finalize","Parent Relationship": "InitPlan","Subplan Name": "InitPlan 1 (returns $1)","Parallel Aware": false,"Async Capable": false,"Startup Cost": 6230.83,"Total Cost": 6230.84,"Plan Rows": 1,"Plan Width": 32,"Actual Startup Time": 60.609,"Actual Total Time": 60.775,"Actual Rows": 1,"Actual Loops": 1,"Plans": [{"Node Type": "Gather","Parent Relationship": "Outer","Parallel Aware": false,"Async Capable": false,"Startup Cost": 6230.61,"Total Cost": 6230.82,"Plan Rows": 2,"Plan Width": 32,"Actual Startup Time": 60.492,"Actual Total Time": 60.761,"Actual Rows": 3,"Actual Loops": 1,"Workers Planned": 2,"Workers Launched": 2,"Single Copy": false,"Plans": [{"Node Type": "Aggregate","Strategy": "Plain","Partial Mode": "Partial","Parent Relationship": "Outer","Parallel Aware": false,"Async Capable": false,"Startup Cost": 5230.61,"Total Cost": 5230.62,"Plan Rows": 1,"Plan Width": 32,"Actual Startup Time": 54.407,"Actual Total Time": 54.410,"Actual Rows": 1,"Actual Loops": 3,"Workers": [],"Plans": [{"Node Type": "Seq Scan","Parent Relationship": "Outer","Parallel Aware": true,"Async Capable": false,"Relation Name": "customer","Alias": "customer_1","Startup Cost": 0.00,"Total Cost": 5225.62,"Plan Rows": 1994,"Plan Width": 6,"Actual Startup Time": 0.055,"Actual Total Time": 53.288,"Actual Rows": 12688,"Actual Loops": 3,"Filter": "((c_acctbal > 0.00) AND (SUBSTRING(c_phone FROM 1 FOR 2) = ANY ('{15,13,21,11,14,31,12}'::text[])))","Rows Removed by Filter": 37312,"Workers": []}]}]}]},{"Node Type": "Gather Merge","Parent Relationship": "Outer","Parallel Aware": false,"Async Capable": false,"Startup Cost": 6741.22,"Total Cost": 6821.30,"Plan Rows": 620,"Plan Width": 72,"Actual Startup Time": 132.959,"Actual Total Time": 137.289,"Actual Rows": 21,"Actual Loops": 1,"Workers Planned": 2,"Params Evaluated": ["$1"],"Workers Launched": 2,"Plans": [{"Node Type": "Aggregate","Strategy": "Sorted","Partial Mode": "Partial","Parent Relationship": "Outer","Parallel Aware": false,"Async Capable": false,"Startup Cost": 5741.19,"Total Cost": 5749.72,"Plan Rows": 310,"Plan Width": 72,"Actual Startup Time": 65.069,"Actual Total Time": 65.370,"Actual Rows": 7,"Actual Loops": 3,"Group Key": ["(SUBSTRING(customer.c_phone FROM 1 FOR 2))"],"Workers": [],"Plans": [{"Node Type": "Sort","Parent Relationship": "Outer","Parallel Aware": false,"Async Capable": false,"Startup Cost": 5741.19,"Total Cost": 5741.97,"Plan Rows": 310,"Plan Width": 38,"Actual Startup Time": 64.998,"Actual Total Time": 65.080,"Actual Rows": 2125,"Actual Loops": 3,"Sort Key": ["(SUBSTRING(customer.c_phone FROM 1 FOR 2))"],"Sort Method": "quicksort","Sort Space Used": 232,"Sort Space Type": "Memory","Workers": [{"Worker Number": 0,"Sort Method": "quicksort","Sort Space Used": 154,"Sort Space Type": "Memory"},{"Worker Number": 1,"Sort Method": "quicksort","Sort Space Used": 155,"Sort Space Type": "Memory"}],"Plans": [{"Node Type": "Nested Loop","Parent Relationship": "Outer","Parallel Aware": false,"Async Capable": false,"Join Type": "Anti","Startup Cost": 0.43,"Total Cost": 5728.36,"Plan Rows": 310,"Plan Width": 38,"Actual Startup Time": 0.167,"Actual Total Time": 64.162,"Actual Rows": 2125,"Actual Loops": 3,"Inner Unique": false,"Workers": [],"Plans": [{"Node Type": "Seq Scan","Parent Relationship": "Outer","Parallel Aware": true,"Async Capable": false,"Relation Name": "customer","Alias": "customer","Startup Cost": 0.00,"Total Cost": 5225.62,"Plan Rows": 729,"Plan Width": 26,"Actual Startup Time": 0.045,"Actual Total Time": 42.781,"Actual Rows": 6302,"Actual Loops": 3,"Filter": "((c_acctbal > $1) AND (SUBSTRING(c_phone FROM 1 FOR 2) = ANY ('{15,13,21,11,14,31,12}'::text[])))","Rows Removed by Filter": 43698,"Workers": []},{"Node Type": "Index Only Scan","Parent Relationship": "Inner","Parallel Aware": false,"Async Capable": false,"Scan Direction": "Forward","Index Name": "idx_orders_custkey","Relation Name": "orders","Alias": "orders","Startup Cost": 0.43,"Total Cost": 3.28,"Plan Rows": 17,"Plan Width": 4,"Actual Startup Time": 0.003,"Actual Total Time": 0.003,"Actual Rows": 1,"Actual Loops": 18906,"Index Cond": "(o_custkey = customer.c_custkey)","Rows Removed by Index Recheck": 0,"Heap Fetches": 0,"Workers": []}]}]}]}]}]},"Planning Time": 3.594,"Triggers": [],"Execution Time": 137.861}]
[{"Plan": {"Node Type": "Aggregate","Strategy": "Sorted","Partial Mode": "Finalize","Parallel Aware": false,"Async Capable": false,"Startup Cost": 12972.06,"Total Cost": 13071.37,"Plan Rows": 744,"Plan Width": 72,"Actual Startup Time": 135.776,"Actual Total Time": 139.374,"Actual Rows": 7,"Actual Loops": 1,"Group Key": ["(SUBSTRING(customer.c_phone FROM 1 FOR 2))"],"Plans": [{"Node Type": "Aggregate","Strategy": "Plain","Partial Mode": "Finalize","Parent Relationship": "InitPlan","Subplan Name": "InitPlan 1 (returns $1)","Parallel Aware": false,"Async Capable": false,"Startup Cost": 6230.83,"Total Cost": 6230.84,"Plan Rows": 1,"Plan Width": 32,"Actual Startup Time": 59.562,"Actual Total Time": 59.787,"Actual Rows": 1,"Actual Loops": 1,"Plans": [{"Node Type": "Gather","Parent Relationship": "Outer","Parallel Aware": false,"Async Capable": false,"Startup Cost": 6230.61,"Total Cost": 6230.82,"Plan Rows": 2,"Plan Width": 32,"Actual Startup Time": 59.450,"Actual Total Time": 59.770,"Actual Rows": 3,"Actual Loops": 1,"Workers Planned": 2,"Workers Launched": 2,"Single Copy": false,"Plans": [{"Node Type": "Aggregate","Strategy": "Plain","Partial Mode": "Partial","Parent Relationship": "Outer","Parallel Aware": false,"Async Capable": false,"Startup Cost": 5230.61,"Total Cost": 5230.62,"Plan Rows": 1,"Plan Width": 32,"Actual Startup Time": 53.383,"Actual Total Time": 53.386,"Actual Rows": 1,"Actual Loops": 3,"Workers": [],"Plans": [{"Node Type": "Seq Scan","Parent Relationship": "Outer","Parallel Aware": true,"Async Capable": false,"Relation Name": "customer","Alias": "customer_1","Startup Cost": 0.00,"Total Cost": 5225.62,"Plan Rows": 1994,"Plan Width": 6,"Actual Startup Time": 0.062,"Actual Total Time": 52.341,"Actual Rows": 12688,"Actual Loops": 3,"Filter": "((c_acctbal > 0.00) AND (SUBSTRING(c_phone FROM 1 FOR 2) = ANY ('{20,18,24,21,26,15,34}'::text[])))","Rows Removed by Filter": 37312,"Workers": []}]}]}]},{"Node Type": "Gather Merge","Parent Relationship": "Outer","Parallel Aware": false,"Async Capable": false,"Startup Cost": 6741.22,"Total Cost": 6821.30,"Plan Rows": 620,"Plan Width": 72,"Actual Startup Time": 135.669,"Actual Total Time": 139.086,"Actual Rows": 21,"Actual Loops": 1,"Workers Planned": 2,"Params Evaluated": ["$1"],"Workers Launched": 2,"Plans": [{"Node Type": "Aggregate","Strategy": "Sorted","Partial Mode": "Partial","Parent Relationship": "Outer","Parallel Aware": false,"Async Capable": false,"Startup Cost": 5741.19,"Total Cost": 5749.72,"Plan Rows": 310,"Plan Width": 72,"Actual Startup Time": 69.166,"Actual Total Time": 69.464,"Actual Rows": 7,"Actual Loops": 3,"Group Key": ["(SUBSTRING(customer.c_phone FROM 1 FOR 2))"],"Workers": [],"Plans": [{"Node Type": "Sort","Parent Relationship": "Outer","Parallel Aware": false,"Async Capable": false,"Startup Cost": 5741.19,"Total Cost": 5741.97,"Plan Rows": 310,"Plan Width": 38,"Actual Startup Time": 69.096,"Actual Total Time": 69.174,"Actual Rows": 2142,"Actual Loops": 3,"Sort Key": ["(SUBSTRING(customer.c_phone FROM 1 FOR 2))"],"Sort Method": "quicksort","Sort Space Used": 237,"Sort Space Type": "Memory","Workers": [{"Worker Number": 0,"Sort Method": "quicksort","Sort Space Used": 157,"Sort Space Type": "Memory"},{"Worker Number": 1,"Sort Method": "quicksort","Sort Space Used": 151,"Sort Space Type": "Memory"}],"Plans": [{"Node Type": "Nested Loop","Parent Relationship": "Outer","Parallel Aware": false,"Async Capable": false,"Join Type": "Anti","Startup Cost": 0.43,"Total Cost": 5728.36,"Plan Rows": 310,"Plan Width": 38,"Actual Startup Time": 0.140,"Actual Total Time": 68.271,"Actual Rows": 2142,"Actual Loops": 3,"Inner Unique": false,"Workers": [],"Plans": [{"Node Type": "Seq Scan","Parent Relationship": "Outer","Parallel Aware": true,"Async Capable": false,"Relation Name": "customer","Alias": "customer","Startup Cost": 0.00,"Total Cost": 5225.62,"Plan Rows": 729,"Plan Width": 26,"Actual Startup Time": 0.045,"Actual Total Time": 45.023,"Actual Rows": 6383,"Actual Loops": 3,"Filter": "((c_acctbal > $1) AND (SUBSTRING(c_phone FROM 1 FOR 2) = ANY ('{20,18,24,21,26,15,34}'::text[])))","Rows Removed by Filter": 43617,"Workers": []},{"Node Type": "Index Only Scan","Parent Relationship": "Inner","Parallel Aware": false,"Async Capable": false,"Scan Direction": "Forward","Index Name": "idx_orders_custkey","Relation Name": "orders","Alias": "orders","Startup Cost": 0.43,"Total Cost": 3.28,"Plan Rows": 17,"Plan Width": 4,"Actual Startup Time": 0.003,"Actual Total Time": 0.003,"Actual Rows": 1,"Actual Loops": 19150,"Index Cond": "(o_custkey = customer.c_custkey)","Rows Removed by Index Recheck": 0,"Heap Fetches": 0,"Workers": []}]}]}]}]}]},"Planning Time": 4.262,"Triggers": [],"Execution Time": 139.814}]
[{"Plan": {"Node Type": "Aggregate","Strategy": "Sorted","Partial Mode": "Finalize","Parallel Aware": false,"Async Capable": false,"Startup Cost": 12972.06,"Total Cost": 13071.37,"Plan Rows": 744,"Plan Width": 72,"Actual Startup Time": 139.802,"Actual Total Time": 143.186,"Actual Rows": 7,"Actual Loops": 1,"Group Key": ["(SUBSTRING(customer.c_phone FROM 1 FOR 2))"],"Plans": [{"Node Type": "Aggregate","Strategy": "Plain","Partial Mode": "Finalize","Parent Relationship": "InitPlan","Subplan Name": "InitPlan 1 (returns $1)","Parallel Aware": false,"Async Capable": false,"Startup Cost": 6230.83,"Total Cost": 6230.84,"Plan Rows": 1,"Plan Width": 32,"Actual Startup Time": 61.829,"Actual Total Time": 61.984,"Actual Rows": 1,"Actual Loops": 1,"Plans": [{"Node Type": "Gather","Parent Relationship": "Outer","Parallel Aware": false,"Async Capable": false,"Startup Cost": 6230.61,"Total Cost": 6230.82,"Plan Rows": 2,"Plan Width": 32,"Actual Startup Time": 61.775,"Actual Total Time": 61.970,"Actual Rows": 3,"Actual Loops": 1,"Workers Planned": 2,"Workers Launched": 2,"Single Copy": false,"Plans": [{"Node Type": "Aggregate","Strategy": "Plain","Partial Mode": "Partial","Parent Relationship": "Outer","Parallel Aware": false,"Async Capable": false,"Startup Cost": 5230.61,"Total Cost": 5230.62,"Plan Rows": 1,"Plan Width": 32,"Actual Startup Time": 55.971,"Actual Total Time": 55.972,"Actual Rows": 1,"Actual Loops": 3,"Workers": [],"Plans": [{"Node Type": "Seq Scan","Parent Relationship": "Outer","Parallel Aware": true,"Async Capable": false,"Relation Name": "customer","Alias": "customer_1","Startup Cost": 0.00,"Total Cost": 5225.62,"Plan Rows": 1994,"Plan Width": 6,"Actual Startup Time": 0.048,"Actual Total Time": 54.882,"Actual Rows": 12763,"Actual Loops": 3,"Filter": "((c_acctbal > 0.00) AND (SUBSTRING(c_phone FROM 1 FOR 2) = ANY ('{14,12,33,11,16,28,31}'::text[])))","Rows Removed by Filter": 37237,"Workers": []}]}]}]},{"Node Type": "Gather Merge","Parent Relationship": "Outer","Parallel Aware": false,"Async Capable": false,"Startup Cost": 6741.22,"Total Cost": 6821.30,"Plan Rows": 620,"Plan Width": 72,"Actual Startup Time": 139.668,"Actual Total Time": 142.959,"Actual Rows": 21,"Actual Loops": 1,"Workers Planned": 2,"Params Evaluated": ["$1"],"Workers Launched": 2,"Plans": [{"Node Type": "Aggregate","Strategy": "Sorted","Partial Mode": "Partial","Parent Relationship": "Outer","Parallel Aware": false,"Async Capable": false,"Startup Cost": 5741.19,"Total Cost": 5749.72,"Plan Rows": 310,"Plan Width": 72,"Actual Startup Time": 71.434,"Actual Total Time": 71.729,"Actual Rows": 7,"Actual Loops": 3,"Group Key": ["(SUBSTRING(customer.c_phone FROM 1 FOR 2))"],"Workers": [],"Plans": [{"Node Type": "Sort","Parent Relationship": "Outer","Parallel Aware": false,"Async Capable": false,"Startup Cost": 5741.19,"Total Cost": 5741.97,"Plan Rows": 310,"Plan Width": 38,"Actual Startup Time": 71.363,"Actual Total Time": 71.443,"Actual Rows": 2133,"Actual Loops": 3,"Sort Key": ["(SUBSTRING(customer.c_phone FROM 1 FOR 2))"],"Sort Method": "quicksort","Sort Space Used": 235,"Sort Space Type": "Memory","Workers": [{"Worker Number": 0,"Sort Method": "quicksort","Sort Space Used": 159,"Sort Space Type": "Memory"},{"Worker Number": 1,"Sort Method": "quicksort","Sort Space Used": 149,"Sort Space Type": "Memory"}],"Plans": [{"Node Type": "Nested Loop","Parent Relationship": "Outer","Parallel Aware": false,"Async Capable": false,"Join Type": "Anti","Startup Cost": 0.43,"Total Cost": 5728.36,"Plan Rows": 310,"Plan Width": 38,"Actual Startup Time": 0.186,"Actual Total Time": 70.532,"Actual Rows": 2133,"Actual Loops": 3,"Inner Unique": false,"Workers": [],"Plans": [{"Node Type": "Seq Scan","Parent Relationship": "Outer","Parallel Aware": true,"Async Capable": false,"Relation Name": "customer","Alias": "customer","Startup Cost": 0.00,"Total Cost": 5225.62,"Plan Rows": 729,"Plan Width": 26,"Actual Startup Time": 0.045,"Actual Total Time": 46.368,"Actual Rows": 6352,"Actual Loops": 3,"Filter": "((c_acctbal > $1) AND (SUBSTRING(c_phone FROM 1 FOR 2) = ANY ('{14,12,33,11,16,28,31}'::text[])))","Rows Removed by Filter": 43648,"Workers": []},{"Node Type": "Index Only Scan","Parent Relationship": "Inner","Parallel Aware": false,"Async Capable": false,"Scan Direction": "Forward","Index Name": "idx_orders_custkey","Relation Name": "orders","Alias": "orders","Startup Cost": 0.43,"Total Cost": 3.28,"Plan Rows": 17,"Plan Width": 4,"Actual Startup Time": 0.003,"Actual Total Time": 0.003,"Actual Rows": 1,"Actual Loops": 19055,"Index Cond": "(o_custkey = customer.c_custkey)","Rows Removed by Index Recheck": 0,"Heap Fetches": 0,"Workers": []}]}]}]}]}]},"Planning Time": 3.858,"Triggers": [],"Execution Time": 143.518}]
[{"Plan": {"Node Type": "Aggregate","Strategy": "Sorted","Partial Mode": "Finalize","Parallel Aware": false,"Async Capable": false,"Startup Cost": 12972.06,"Total Cost": 13071.37,"Plan Rows": 744,"Plan Width": 72,"Actual Startup Time": 138.645,"Actual Total Time": 142.282,"Actual Rows": 7,"Actual Loops": 1,"Group Key": ["(SUBSTRING(customer.c_phone FROM 1 FOR 2))"],"Plans": [{"Node Type": "Aggregate","Strategy": "Plain","Partial Mode": "Finalize","Parent Relationship": "InitPlan","Subplan Name": "InitPlan 1 (returns $1)","Parallel Aware": false,"Async Capable": false,"Startup Cost": 6230.83,"Total Cost": 6230.84,"Plan Rows": 1,"Plan Width": 32,"Actual Startup Time": 62.929,"Actual Total Time": 63.137,"Actual Rows": 1,"Actual Loops": 1,"Plans": [{"Node Type": "Gather","Parent Relationship": "Outer","Parallel Aware": false,"Async Capable": false,"Startup Cost": 6230.61,"Total Cost": 6230.82,"Plan Rows": 2,"Plan Width": 32,"Actual Startup Time": 62.870,"Actual Total Time": 63.126,"Actual Rows": 3,"Actual Loops": 1,"Workers Planned": 2,"Workers Launched": 2,"Single Copy": false,"Plans": [{"Node Type": "Aggregate","Strategy": "Plain","Partial Mode": "Partial","Parent Relationship": "Outer","Parallel Aware": false,"Async Capable": false,"Startup Cost": 5230.61,"Total Cost": 5230.62,"Plan Rows": 1,"Plan Width": 32,"Actual Startup Time": 56.059,"Actual Total Time": 56.061,"Actual Rows": 1,"Actual Loops": 3,"Workers": [],"Plans": [{"Node Type": "Seq Scan","Parent Relationship": "Outer","Parallel Aware": true,"Async Capable": false,"Relation Name": "customer","Alias": "customer_1","Startup Cost": 0.00,"Total Cost": 5225.62,"Plan Rows": 1994,"Plan Width": 6,"Actual Startup Time": 0.066,"Actual Total Time": 55.004,"Actual Rows": 12767,"Actual Loops": 3,"Filter": "((c_acctbal > 0.00) AND (SUBSTRING(c_phone FROM 1 FOR 2) = ANY ('{34,23,12,22,32,18,20}'::text[])))","Rows Removed by Filter": 37233,"Workers": []}]}]}]},{"Node Type": "Gather Merge","Parent Relationship": "Outer","Parallel Aware": false,"Async Capable": false,"Startup Cost": 6741.22,"Total Cost": 6821.30,"Plan Rows": 620,"Plan Width": 72,"Actual Startup Time": 138.513,"Actual Total Time": 142.002,"Actual Rows": 21,"Actual Loops": 1,"Workers Planned": 2,"Params Evaluated": ["$1"],"Workers Launched": 2,"Plans": [{"Node Type": "Aggregate","Strategy": "Sorted","Partial Mode": "Partial","Parent Relationship": "Outer","Parallel Aware": false,"Async Capable": false,"Startup Cost": 5741.19,"Total Cost": 5749.72,"Plan Rows": 310,"Plan Width": 72,"Actual Startup Time": 68.838,"Actual Total Time": 69.137,"Actual Rows": 7,"Actual Loops": 3,"Group Key": ["(SUBSTRING(customer.c_phone FROM 1 FOR 2))"],"Workers": [],"Plans": [{"Node Type": "Sort","Parent Relationship": "Outer","Parallel Aware": false,"Async Capable": false,"Startup Cost": 5741.19,"Total Cost": 5741.97,"Plan Rows": 310,"Plan Width": 38,"Actual Startup Time": 68.769,"Actual Total Time": 68.846,"Actual Rows": 2133,"Actual Loops": 3,"Sort Key": ["(SUBSTRING(customer.c_phone FROM 1 FOR 2))"],"Sort Method": "quicksort","Sort Space Used": 235,"Sort Space Type": "Memory","Workers": [{"Worker Number": 0,"Sort Method": "quicksort","Sort Space Used": 153,"Sort Space Type": "Memory"},{"Worker Number": 1,"Sort Method": "quicksort","Sort Space Used": 155,"Sort Space Type": "Memory"}],"Plans": [{"Node Type": "Nested Loop","Parent Relationship": "Outer","Parallel Aware": false,"Async Capable": false,"Join Type": "Anti","Startup Cost": 0.43,"Total Cost": 5728.36,"Plan Rows": 310,"Plan Width": 38,"Actual Startup Time": 0.148,"Actual Total Time": 67.975,"Actual Rows": 2133,"Actual Loops": 3,"Inner Unique": false,"Workers": [],"Plans": [{"Node Type": "Seq Scan","Parent Relationship": "Outer","Parallel Aware": true,"Async Capable": false,"Relation Name": "customer","Alias": "customer","Startup Cost": 0.00,"Total Cost": 5225.62,"Plan Rows": 729,"Plan Width": 26,"Actual Startup Time": 0.038,"Actual Total Time": 44.652,"Actual Rows": 6392,"Actual Loops": 3,"Filter": "((c_acctbal > $1) AND (SUBSTRING(c_phone FROM 1 FOR 2) = ANY ('{34,23,12,22,32,18,20}'::text[])))","Rows Removed by Filter": 43608,"Workers": []},{"Node Type": "Index Only Scan","Parent Relationship": "Inner","Parallel Aware": false,"Async Capable": false,"Scan Direction": "Forward","Index Name": "idx_orders_custkey","Relation Name": "orders","Alias": "orders","Startup Cost": 0.43,"Total Cost": 3.28,"Plan Rows": 17,"Plan Width": 4,"Actual Startup Time": 0.003,"Actual Total Time": 0.003,"Actual Rows": 1,"Actual Loops": 19177,"Index Cond": "(o_custkey = customer.c_custkey)","Rows Removed by Index Recheck": 0,"Heap Fetches": 0,"Workers": []}]}]}]}]}]},"Planning Time": 4.685,"Triggers": [],"Execution Time": 142.743}]
[{"Plan": {"Node Type": "Aggregate","Strategy": "Sorted","Partial Mode": "Finalize","Parallel Aware": false,"Async Capable": false,"Startup Cost": 12972.06,"Total Cost": 13071.37,"Plan Rows": 744,"Plan Width": 72,"Actual Startup Time": 137.252,"Actual Total Time": 140.897,"Actual Rows": 7,"Actual Loops": 1,"Group Key": ["(SUBSTRING(customer.c_phone FROM 1 FOR 2))"],"Plans": [{"Node Type": "Aggregate","Strategy": "Plain","Partial Mode": "Finalize","Parent Relationship": "InitPlan","Subplan Name": "InitPlan 1 (returns $1)","Parallel Aware": false,"Async Capable": false,"Startup Cost": 6230.83,"Total Cost": 6230.84,"Plan Rows": 1,"Plan Width": 32,"Actual Startup Time": 62.002,"Actual Total Time": 62.233,"Actual Rows": 1,"Actual Loops": 1,"Plans": [{"Node Type": "Gather","Parent Relationship": "Outer","Parallel Aware": false,"Async Capable": false,"Startup Cost": 6230.61,"Total Cost": 6230.82,"Plan Rows": 2,"Plan Width": 32,"Actual Startup Time": 61.899,"Actual Total Time": 62.213,"Actual Rows": 3,"Actual Loops": 1,"Workers Planned": 2,"Workers Launched": 2,"Single Copy": false,"Plans": [{"Node Type": "Aggregate","Strategy": "Plain","Partial Mode": "Partial","Parent Relationship": "Outer","Parallel Aware": false,"Async Capable": false,"Startup Cost": 5230.61,"Total Cost": 5230.62,"Plan Rows": 1,"Plan Width": 32,"Actual Startup Time": 55.387,"Actual Total Time": 55.388,"Actual Rows": 1,"Actual Loops": 3,"Workers": [],"Plans": [{"Node Type": "Seq Scan","Parent Relationship": "Outer","Parallel Aware": true,"Async Capable": false,"Relation Name": "customer","Alias": "customer_1","Startup Cost": 0.00,"Total Cost": 5225.62,"Plan Rows": 1994,"Plan Width": 6,"Actual Startup Time": 0.054,"Actual Total Time": 54.308,"Actual Rows": 12794,"Actual Loops": 3,"Filter": "((c_acctbal > 0.00) AND (SUBSTRING(c_phone FROM 1 FOR 2) = ANY ('{11,16,14,32,19,17,28}'::text[])))","Rows Removed by Filter": 37206,"Workers": []}]}]}]},{"Node Type": "Gather Merge","Parent Relationship": "Outer","Parallel Aware": false,"Async Capable": false,"Startup Cost": 6741.22,"Total Cost": 6821.30,"Plan Rows": 620,"Plan Width": 72,"Actual Startup Time": 137.091,"Actual Total Time": 140.604,"Actual Rows": 21,"Actual Loops": 1,"Workers Planned": 2,"Params Evaluated": ["$1"],"Workers Launched": 2,"Plans": [{"Node Type": "Aggregate","Strategy": "Sorted","Partial Mode": "Partial","Parent Relationship": "Outer","Parallel Aware": false,"Async Capable": false,"Startup Cost": 5741.19,"Total Cost": 5749.72,"Plan Rows": 310,"Plan Width": 72,"Actual Startup Time": 68.324,"Actual Total Time": 68.630,"Actual Rows": 7,"Actual Loops": 3,"Group Key": ["(SUBSTRING(customer.c_phone FROM 1 FOR 2))"],"Workers": [],"Plans": [{"Node Type": "Sort","Parent Relationship": "Outer","Parallel Aware": false,"Async Capable": false,"Startup Cost": 5741.19,"Total Cost": 5741.97,"Plan Rows": 310,"Plan Width": 38,"Actual Startup Time": 68.255,"Actual Total Time": 68.347,"Actual Rows": 2133,"Actual Loops": 3,"Sort Key": ["(SUBSTRING(customer.c_phone FROM 1 FOR 2))"],"Sort Method": "quicksort","Sort Space Used": 235,"Sort Space Type": "Memory","Workers": [{"Worker Number": 0,"Sort Method": "quicksort","Sort Space Used": 150,"Sort Space Type": "Memory"},{"Worker Number": 1,"Sort Method": "quicksort","Sort Space Used": 158,"Sort Space Type": "Memory"}],"Plans": [{"Node Type": "Nested Loop","Parent Relationship": "Outer","Parallel Aware": false,"Async Capable": false,"Join Type": "Anti","Startup Cost": 0.43,"Total Cost": 5728.36,"Plan Rows": 310,"Plan Width": 38,"Actual Startup Time": 0.167,"Actual Total Time": 67.468,"Actual Rows": 2133,"Actual Loops": 3,"Inner Unique": false,"Workers": [],"Plans": [{"Node Type": "Seq Scan","Parent Relationship": "Outer","Parallel Aware": true,"Async Capable": false,"Relation Name": "customer","Alias": "customer","Startup Cost": 0.00,"Total Cost": 5225.62,"Plan Rows": 729,"Plan Width": 26,"Actual Startup Time": 0.037,"Actual Total Time": 44.393,"Actual Rows": 6381,"Actual Loops": 3,"Filter": "((c_acctbal > $1) AND (SUBSTRING(c_phone FROM 1 FOR 2) = ANY ('{11,16,14,32,19,17,28}'::text[])))","Rows Removed by Filter": 43619,"Workers": []},{"Node Type": "Index Only Scan","Parent Relationship": "Inner","Parallel Aware": false,"Async Capable": false,"Scan Direction": "Forward","Index Name": "idx_orders_custkey","Relation Name": "orders","Alias": "orders","Startup Cost": 0.43,"Total Cost": 3.28,"Plan Rows": 17,"Plan Width": 4,"Actual Startup Time": 0.003,"Actual Total Time": 0.003,"Actual Rows": 1,"Actual Loops": 19144,"Index Cond": "(o_custkey = customer.c_custkey)","Rows Removed by Index Recheck": 0,"Heap Fetches": 0,"Workers": []}]}]}]}]}]},"Planning Time": 4.176,"Triggers": [],"Execution Time": 141.337}]
[{"Plan": {"Node Type": "Aggregate","Strategy": "Sorted","Partial Mode": "Finalize","Parallel Aware": false,"Async Capable": false,"Startup Cost": 12972.06,"Total Cost": 13071.37,"Plan Rows": 744,"Plan Width": 72,"Actual Startup Time": 141.054,"Actual Total Time": 144.440,"Actual Rows": 7,"Actual Loops": 1,"Group Key": ["(SUBSTRING(customer.c_phone FROM 1 FOR 2))"],"Plans": [{"Node Type": "Aggregate","Strategy": "Plain","Partial Mode": "Finalize","Parent Relationship": "InitPlan","Subplan Name": "InitPlan 1 (returns $1)","Parallel Aware": false,"Async Capable": false,"Startup Cost": 6230.83,"Total Cost": 6230.84,"Plan Rows": 1,"Plan Width": 32,"Actual Startup Time": 61.906,"Actual Total Time": 62.052,"Actual Rows": 1,"Actual Loops": 1,"Plans": [{"Node Type": "Gather","Parent Relationship": "Outer","Parallel Aware": false,"Async Capable": false,"Startup Cost": 6230.61,"Total Cost": 6230.82,"Plan Rows": 2,"Plan Width": 32,"Actual Startup Time": 61.777,"Actual Total Time": 62.028,"Actual Rows": 3,"Actual Loops": 1,"Workers Planned": 2,"Workers Launched": 2,"Single Copy": false,"Plans": [{"Node Type": "Aggregate","Strategy": "Plain","Partial Mode": "Partial","Parent Relationship": "Outer","Parallel Aware": false,"Async Capable": false,"Startup Cost": 5230.61,"Total Cost": 5230.62,"Plan Rows": 1,"Plan Width": 32,"Actual Startup Time": 56.127,"Actual Total Time": 56.128,"Actual Rows": 1,"Actual Loops": 3,"Workers": [],"Plans": [{"Node Type": "Seq Scan","Parent Relationship": "Outer","Parallel Aware": true,"Async Capable": false,"Relation Name": "customer","Alias": "customer_1","Startup Cost": 0.00,"Total Cost": 5225.62,"Plan Rows": 1994,"Plan Width": 6,"Actual Startup Time": 0.050,"Actual Total Time": 55.085,"Actual Rows": 12683,"Actual Loops": 3,"Filter": "((c_acctbal > 0.00) AND (SUBSTRING(c_phone FROM 1 FOR 2) = ANY ('{29,11,31,15,30,14,13}'::text[])))","Rows Removed by Filter": 37317,"Workers": []}]}]}]},{"Node Type": "Gather Merge","Parent Relationship": "Outer","Parallel Aware": false,"Async Capable": false,"Startup Cost": 6741.22,"Total Cost": 6821.30,"Plan Rows": 620,"Plan Width": 72,"Actual Startup Time": 140.916,"Actual Total Time": 144.234,"Actual Rows": 21,"Actual Loops": 1,"Workers Planned": 2,"Params Evaluated": ["$1"],"Workers Launched": 2,"Plans": [{"Node Type": "Aggregate","Strategy": "Sorted","Partial Mode": "Partial","Parent Relationship": "Outer","Parallel Aware": false,"Async Capable": false,"Startup Cost": 5741.19,"Total Cost": 5749.72,"Plan Rows": 310,"Plan Width": 72,"Actual Startup Time": 72.624,"Actual Total Time": 72.928,"Actual Rows": 7,"Actual Loops": 3,"Group Key": ["(SUBSTRING(customer.c_phone FROM 1 FOR 2))"],"Workers": [],"Plans": [{"Node Type": "Sort","Parent Relationship": "Outer","Parallel Aware": false,"Async Capable": false,"Startup Cost": 5741.19,"Total Cost": 5741.97,"Plan Rows": 310,"Plan Width": 38,"Actual Startup Time": 72.552,"Actual Total Time": 72.632,"Actual Rows": 2134,"Actual Loops": 3,"Sort Key": ["(SUBSTRING(customer.c_phone FROM 1 FOR 2))"],"Sort Method": "quicksort","Sort Space Used": 232,"Sort Space Type": "Memory","Workers": [{"Worker Number": 0,"Sort Method": "quicksort","Sort Space Used": 158,"Sort Space Type": "Memory"},{"Worker Number": 1,"Sort Method": "quicksort","Sort Space Used": 153,"Sort Space Type": "Memory"}],"Plans": [{"Node Type": "Nested Loop","Parent Relationship": "Outer","Parallel Aware": false,"Async Capable": false,"Join Type": "Anti","Startup Cost": 0.43,"Total Cost": 5728.36,"Plan Rows": 310,"Plan Width": 38,"Actual Startup Time": 0.160,"Actual Total Time": 71.756,"Actual Rows": 2134,"Actual Loops": 3,"Inner Unique": false,"Workers": [],"Plans": [{"Node Type": "Seq Scan","Parent Relationship": "Outer","Parallel Aware": true,"Async Capable": false,"Relation Name": "customer","Alias": "customer","Startup Cost": 0.00,"Total Cost": 5225.62,"Plan Rows": 729,"Plan Width": 26,"Actual Startup Time": 0.036,"Actual Total Time": 47.600,"Actual Rows": 6317,"Actual Loops": 3,"Filter": "((c_acctbal > $1) AND (SUBSTRING(c_phone FROM 1 FOR 2) = ANY ('{29,11,31,15,30,14,13}'::text[])))","Rows Removed by Filter": 43683,"Workers": []},{"Node Type": "Index Only Scan","Parent Relationship": "Inner","Parallel Aware": false,"Async Capable": false,"Scan Direction": "Forward","Index Name": "idx_orders_custkey","Relation Name": "orders","Alias": "orders","Startup Cost": 0.43,"Total Cost": 3.28,"Plan Rows": 17,"Plan Width": 4,"Actual Startup Time": 0.003,"Actual Total Time": 0.003,"Actual Rows": 1,"Actual Loops": 18951,"Index Cond": "(o_custkey = customer.c_custkey)","Rows Removed by Index Recheck": 0,"Heap Fetches": 0,"Workers": []}]}]}]}]}]},"Planning Time": 4.859,"Triggers": [],"Execution Time": 144.767}]
[{"Plan": {"Node Type": "Aggregate","Strategy": "Sorted","Partial Mode": "Finalize","Parallel Aware": false,"Async Capable": false,"Startup Cost": 12972.06,"Total Cost": 13071.37,"Plan Rows": 744,"Plan Width": 72,"Actual Startup Time": 140.702,"Actual Total Time": 144.018,"Actual Rows": 7,"Actual Loops": 1,"Group Key": ["(SUBSTRING(customer.c_phone FROM 1 FOR 2))"],"Plans": [{"Node Type": "Aggregate","Strategy": "Plain","Partial Mode": "Finalize","Parent Relationship": "InitPlan","Subplan Name": "InitPlan 1 (returns $1)","Parallel Aware": false,"Async Capable": false,"Startup Cost": 6230.83,"Total Cost": 6230.84,"Plan Rows": 1,"Plan Width": 32,"Actual Startup Time": 61.996,"Actual Total Time": 62.157,"Actual Rows": 1,"Actual Loops": 1,"Plans": [{"Node Type": "Gather","Parent Relationship": "Outer","Parallel Aware": false,"Async Capable": false,"Startup Cost": 6230.61,"Total Cost": 6230.82,"Plan Rows": 2,"Plan Width": 32,"Actual Startup Time": 61.908,"Actual Total Time": 62.142,"Actual Rows": 3,"Actual Loops": 1,"Workers Planned": 2,"Workers Launched": 2,"Single Copy": false,"Plans": [{"Node Type": "Aggregate","Strategy": "Plain","Partial Mode": "Partial","Parent Relationship": "Outer","Parallel Aware": false,"Async Capable": false,"Startup Cost": 5230.61,"Total Cost": 5230.62,"Plan Rows": 1,"Plan Width": 32,"Actual Startup Time": 56.402,"Actual Total Time": 56.403,"Actual Rows": 1,"Actual Loops": 3,"Workers": [],"Plans": [{"Node Type": "Seq Scan","Parent Relationship": "Outer","Parallel Aware": true,"Async Capable": false,"Relation Name": "customer","Alias": "customer_1","Startup Cost": 0.00,"Total Cost": 5225.62,"Plan Rows": 1994,"Plan Width": 6,"Actual Startup Time": 0.041,"Actual Total Time": 55.299,"Actual Rows": 12701,"Actual Loops": 3,"Filter": "((c_acctbal > 0.00) AND (SUBSTRING(c_phone FROM 1 FOR 2) = ANY ('{22,13,14,25,23,17,29}'::text[])))","Rows Removed by Filter": 37299,"Workers": []}]}]}]},{"Node Type": "Gather Merge","Parent Relationship": "Outer","Parallel Aware": false,"Async Capable": false,"Startup Cost": 6741.22,"Total Cost": 6821.30,"Plan Rows": 620,"Plan Width": 72,"Actual Startup Time": 140.555,"Actual Total Time": 143.803,"Actual Rows": 21,"Actual Loops": 1,"Workers Planned": 2,"Params Evaluated": ["$1"],"Workers Launched": 2,"Plans": [{"Node Type": "Aggregate","Strategy": "Sorted","Partial Mode": "Partial","Parent Relationship": "Outer","Parallel Aware": false,"Async Capable": false,"Startup Cost": 5741.19,"Total Cost": 5749.72,"Plan Rows": 310,"Plan Width": 72,"Actual Startup Time": 72.120,"Actual Total Time": 72.422,"Actual Rows": 7,"Actual Loops": 3,"Group Key": ["(SUBSTRING(customer.c_phone FROM 1 FOR 2))"],"Workers": [],"Plans": [{"Node Type": "Sort","Parent Relationship": "Outer","Parallel Aware": false,"Async Capable": false,"Startup Cost": 5741.19,"Total Cost": 5741.97,"Plan Rows": 310,"Plan Width": 38,"Actual Startup Time": 72.052,"Actual Total Time": 72.133,"Actual Rows": 2106,"Actual Loops": 3,"Sort Key": ["(SUBSTRING(customer.c_phone FROM 1 FOR 2))"],"Sort Method": "quicksort","Sort Space Used": 232,"Sort Space Type": "Memory","Workers": [{"Worker Number": 0,"Sort Method": "quicksort","Sort Space Used": 155,"Sort Space Type": "Memory"},{"Worker Number": 1,"Sort Method": "quicksort","Sort Space Used": 151,"Sort Space Type": "Memory"}],"Plans": [{"Node Type": "Nested Loop","Parent Relationship": "Outer","Parallel Aware": false,"Async Capable": false,"Join Type": "Anti","Startup Cost": 0.43,"Total Cost": 5728.36,"Plan Rows": 310,"Plan Width": 38,"Actual Startup Time": 0.229,"Actual Total Time": 71.231,"Actual Rows": 2106,"Actual Loops": 3,"Inner Unique": false,"Workers": [],"Plans": [{"Node Type": "Seq Scan","Parent Relationship": "Outer","Parallel Aware": true,"Async Capable": false,"Relation Name": "customer","Alias": "customer","Startup Cost": 0.00,"Total Cost": 5225.62,"Plan Rows": 729,"Plan Width": 26,"Actual Startup Time": 0.039,"Actual Total Time": 46.965,"Actual Rows": 6328,"Actual Loops": 3,"Filter": "((c_acctbal > $1) AND (SUBSTRING(c_phone FROM 1 FOR 2) = ANY ('{22,13,14,25,23,17,29}'::text[])))","Rows Removed by Filter": 43672,"Workers": []},{"Node Type": "Index Only Scan","Parent Relationship": "Inner","Parallel Aware": false,"Async Capable": false,"Scan Direction": "Forward","Index Name": "idx_orders_custkey","Relation Name": "orders","Alias": "orders","Startup Cost": 0.43,"Total Cost": 3.28,"Plan Rows": 17,"Plan Width": 4,"Actual Startup Time": 0.003,"Actual Total Time": 0.003,"Actual Rows": 1,"Actual Loops": 18983,"Index Cond": "(o_custkey = customer.c_custkey)","Rows Removed by Index Recheck": 0,"Heap Fetches": 0,"Workers": []}]}]}]}]}]},"Planning Time": 3.534,"Triggers": [],"Execution Time": 144.375}]
[{"Plan": {"Node Type": "Aggregate","Strategy": "Sorted","Partial Mode": "Finalize","Parallel Aware": false,"Async Capable": false,"Startup Cost": 12972.06,"Total Cost": 13071.37,"Plan Rows": 744,"Plan Width": 72,"Actual Startup Time": 137.836,"Actual Total Time": 141.539,"Actual Rows": 7,"Actual Loops": 1,"Group Key": ["(SUBSTRING(customer.c_phone FROM 1 FOR 2))"],"Plans": [{"Node Type": "Aggregate","Strategy": "Plain","Partial Mode": "Finalize","Parent Relationship": "InitPlan","Subplan Name": "InitPlan 1 (returns $1)","Parallel Aware": false,"Async Capable": false,"Startup Cost": 6230.83,"Total Cost": 6230.84,"Plan Rows": 1,"Plan Width": 32,"Actual Startup Time": 62.587,"Actual Total Time": 62.789,"Actual Rows": 1,"Actual Loops": 1,"Plans": [{"Node Type": "Gather","Parent Relationship": "Outer","Parallel Aware": false,"Async Capable": false,"Startup Cost": 6230.61,"Total Cost": 6230.82,"Plan Rows": 2,"Plan Width": 32,"Actual Startup Time": 62.514,"Actual Total Time": 62.773,"Actual Rows": 3,"Actual Loops": 1,"Workers Planned": 2,"Workers Launched": 2,"Single Copy": false,"Plans": [{"Node Type": "Aggregate","Strategy": "Plain","Partial Mode": "Partial","Parent Relationship": "Outer","Parallel Aware": false,"Async Capable": false,"Startup Cost": 5230.61,"Total Cost": 5230.62,"Plan Rows": 1,"Plan Width": 32,"Actual Startup Time": 55.704,"Actual Total Time": 55.706,"Actual Rows": 1,"Actual Loops": 3,"Workers": [],"Plans": [{"Node Type": "Seq Scan","Parent Relationship": "Outer","Parallel Aware": true,"Async Capable": false,"Relation Name": "customer","Alias": "customer_1","Startup Cost": 0.00,"Total Cost": 5225.62,"Plan Rows": 1994,"Plan Width": 6,"Actual Startup Time": 0.063,"Actual Total Time": 54.664,"Actual Rows": 12727,"Actual Loops": 3,"Filter": "((c_acctbal > 0.00) AND (SUBSTRING(c_phone FROM 1 FOR 2) = ANY ('{20,32,34,24,18,13,30}'::text[])))","Rows Removed by Filter": 37273,"Workers": []}]}]}]},{"Node Type": "Gather Merge","Parent Relationship": "Outer","Parallel Aware": false,"Async Capable": false,"Startup Cost": 6741.22,"Total Cost": 6821.30,"Plan Rows": 620,"Plan Width": 72,"Actual Startup Time": 137.706,"Actual Total Time": 141.283,"Actual Rows": 21,"Actual Loops": 1,"Workers Planned": 2,"Params Evaluated": ["$1"],"Workers Launched": 2,"Plans": [{"Node Type": "Aggregate","Strategy": "Sorted","Partial Mode": "Partial","Parent Relationship": "Outer","Parallel Aware": false,"Async Capable": false,"Startup Cost": 5741.19,"Total Cost": 5749.72,"Plan Rows": 310,"Plan Width": 72,"Actual Startup Time": 68.318,"Actual Total Time": 68.624,"Actual Rows": 7,"Actual Loops": 3,"Group Key": ["(SUBSTRING(customer.c_phone FROM 1 FOR 2))"],"Workers": [],"Plans": [{"Node Type": "Sort","Parent Relationship": "Outer","Parallel Aware": false,"Async Capable": false,"Startup Cost": 5741.19,"Total Cost": 5741.97,"Plan Rows": 310,"Plan Width": 38,"Actual Startup Time": 68.253,"Actual Total Time": 68.334,"Actual Rows": 2147,"Actual Loops": 3,"Sort Key": ["(SUBSTRING(customer.c_phone FROM 1 FOR 2))"],"Sort Method": "quicksort","Sort Space Used": 238,"Sort Space Type": "Memory","Workers": [{"Worker Number": 0,"Sort Method": "quicksort","Sort Space Used": 149,"Sort Space Type": "Memory"},{"Worker Number": 1,"Sort Method": "quicksort","Sort Space Used": 158,"Sort Space Type": "Memory"}],"Plans": [{"Node Type": "Nested Loop","Parent Relationship": "Outer","Parallel Aware": false,"Async Capable": false,"Join Type": "Anti","Startup Cost": 0.43,"Total Cost": 5728.36,"Plan Rows": 310,"Plan Width": 38,"Actual Startup Time": 0.140,"Actual Total Time": 67.478,"Actual Rows": 2147,"Actual Loops": 3,"Inner Unique": false,"Workers": [],"Plans": [{"Node Type": "Seq Scan","Parent Relationship": "Outer","Parallel Aware": true,"Async Capable": false,"Relation Name": "customer","Alias": "customer","Startup Cost": 0.00,"Total Cost": 5225.62,"Plan Rows": 729,"Plan Width": 26,"Actual Startup Time": 0.037,"Actual Total Time": 44.349,"Actual Rows": 6372,"Actual Loops": 3,"Filter": "((c_acctbal > $1) AND (SUBSTRING(c_phone FROM 1 FOR 2) = ANY ('{20,32,34,24,18,13,30}'::text[])))","Rows Removed by Filter": 43628,"Workers": []},{"Node Type": "Index Only Scan","Parent Relationship": "Inner","Parallel Aware": false,"Async Capable": false,"Scan Direction": "Forward","Index Name": "idx_orders_custkey","Relation Name": "orders","Alias": "orders","Startup Cost": 0.43,"Total Cost": 3.28,"Plan Rows": 17,"Plan Width": 4,"Actual Startup Time": 0.003,"Actual Total Time": 0.003,"Actual Rows": 1,"Actual Loops": 19117,"Index Cond": "(o_custkey = customer.c_custkey)","Rows Removed by Index Recheck": 0,"Heap Fetches": 0,"Workers": []}]}]}]}]}]},"Planning Time": 4.671,"Triggers": [],"Execution Time": 142.006}]
[{"Plan": {"Node Type": "Aggregate","Strategy": "Sorted","Partial Mode": "Finalize","Parallel Aware": false,"Async Capable": false,"Startup Cost": 12972.06,"Total Cost": 13071.37,"Plan Rows": 744,"Plan Width": 72,"Actual Startup Time": 136.944,"Actual Total Time": 140.640,"Actual Rows": 7,"Actual Loops": 1,"Group Key": ["(SUBSTRING(customer.c_phone FROM 1 FOR 2))"],"Plans": [{"Node Type": "Aggregate","Strategy": "Plain","Partial Mode": "Finalize","Parent Relationship": "InitPlan","Subplan Name": "InitPlan 1 (returns $1)","Parallel Aware": false,"Async Capable": false,"Startup Cost": 6230.83,"Total Cost": 6230.84,"Plan Rows": 1,"Plan Width": 32,"Actual Startup Time": 61.896,"Actual Total Time": 62.137,"Actual Rows": 1,"Actual Loops": 1,"Plans": [{"Node Type": "Gather","Parent Relationship": "Outer","Parallel Aware": false,"Async Capable": false,"Startup Cost": 6230.61,"Total Cost": 6230.82,"Plan Rows": 2,"Plan Width": 32,"Actual Startup Time": 61.800,"Actual Total Time": 62.121,"Actual Rows": 3,"Actual Loops": 1,"Workers Planned": 2,"Workers Launched": 2,"Single Copy": false,"Plans": [{"Node Type": "Aggregate","Strategy": "Plain","Partial Mode": "Partial","Parent Relationship": "Outer","Parallel Aware": false,"Async Capable": false,"Startup Cost": 5230.61,"Total Cost": 5230.62,"Plan Rows": 1,"Plan Width": 32,"Actual Startup Time": 55.256,"Actual Total Time": 55.257,"Actual Rows": 1,"Actual Loops": 3,"Workers": [],"Plans": [{"Node Type": "Seq Scan","Parent Relationship": "Outer","Parallel Aware": true,"Async Capable": false,"Relation Name": "customer","Alias": "customer_1","Startup Cost": 0.00,"Total Cost": 5225.62,"Plan Rows": 1994,"Plan Width": 6,"Actual Startup Time": 0.069,"Actual Total Time": 54.177,"Actual Rows": 12777,"Actual Loops": 3,"Filter": "((c_acctbal > 0.00) AND (SUBSTRING(c_phone FROM 1 FOR 2) = ANY ('{22,32,29,31,34,13,14}'::text[])))","Rows Removed by Filter": 37223,"Workers": []}]}]}]},{"Node Type": "Gather Merge","Parent Relationship": "Outer","Parallel Aware": false,"Async Capable": false,"Startup Cost": 6741.22,"Total Cost": 6821.30,"Plan Rows": 620,"Plan Width": 72,"Actual Startup Time": 136.810,"Actual Total Time": 140.344,"Actual Rows": 21,"Actual Loops": 1,"Workers Planned": 2,"Params Evaluated": ["$1"],"Workers Launched": 2,"Plans": [{"Node Type": "Aggregate","Strategy": "Sorted","Partial Mode": "Partial","Parent Relationship": "Outer","Parallel Aware": false,"Async Capable": false,"Startup Cost": 5741.19,"Total Cost": 5749.72,"Plan Rows": 310,"Plan Width": 72,"Actual Startup Time": 67.937,"Actual Total Time": 68.245,"Actual Rows": 7,"Actual Loops": 3,"Group Key": ["(SUBSTRING(customer.c_phone FROM 1 FOR 2))"],"Workers": [],"Plans": [{"Node Type": "Sort","Parent Relationship": "Outer","Parallel Aware": false,"Async Capable": false,"Startup Cost": 5741.19,"Total Cost": 5741.97,"Plan Rows": 310,"Plan Width": 38,"Actual Startup Time": 67.865,"Actual Total Time": 67.949,"Actual Rows": 2150,"Actual Loops": 3,"Sort Key": ["(SUBSTRING(customer.c_phone FROM 1 FOR 2))"],"Sort Method": "quicksort","Sort Space Used": 238,"Sort Space Type": "Memory","Workers": [{"Worker Number": 0,"Sort Method": "quicksort","Sort Space Used": 149,"Sort Space Type": "Memory"},{"Worker Number": 1,"Sort Method": "quicksort","Sort Space Used": 159,"Sort Space Type": "Memory"}],"Plans": [{"Node Type": "Nested Loop","Parent Relationship": "Outer","Parallel Aware": false,"Async Capable": false,"Join Type": "Anti","Startup Cost": 0.43,"Total Cost": 5728.36,"Plan Rows": 310,"Plan Width": 38,"Actual Startup Time": 0.158,"Actual Total Time": 67.040,"Actual Rows": 2150,"Actual Loops": 3,"Inner Unique": false,"Workers": [],"Plans": [{"Node Type": "Seq Scan","Parent Relationship": "Outer","Parallel Aware": true,"Async Capable": false,"Relation Name": "customer","Alias": "customer","Startup Cost": 0.00,"Total Cost": 5225.62,"Plan Rows": 729,"Plan Width": 26,"Actual Startup Time": 0.045,"Actual Total Time": 44.006,"Actual Rows": 6396,"Actual Loops": 3,"Filter": "((c_acctbal > $1) AND (SUBSTRING(c_phone FROM 1 FOR 2) = ANY ('{22,32,29,31,34,13,14}'::text[])))","Rows Removed by Filter": 43604,"Workers": []},{"Node Type": "Index Only Scan","Parent Relationship": "Inner","Parallel Aware": false,"Async Capable": false,"Scan Direction": "Forward","Index Name": "idx_orders_custkey","Relation Name": "orders","Alias": "orders","Startup Cost": 0.43,"Total Cost": 3.28,"Plan Rows": 17,"Plan Width": 4,"Actual Startup Time": 0.003,"Actual Total Time": 0.003,"Actual Rows": 1,"Actual Loops": 19189,"Index Cond": "(o_custkey = customer.c_custkey)","Rows Removed by Index Recheck": 0,"Heap Fetches": 0,"Workers": []}]}]}]}]}]},"Planning Time": 4.343,"Triggers": [],"Execution Time": 141.088}]
[{"Plan": {"Node Type": "Aggregate","Strategy": "Sorted","Partial Mode": "Finalize","Parallel Aware": false,"Async Capable": false,"Startup Cost": 12972.06,"Total Cost": 13071.37,"Plan Rows": 744,"Plan Width": 72,"Actual Startup Time": 141.077,"Actual Total Time": 144.486,"Actual Rows": 7,"Actual Loops": 1,"Group Key": ["(SUBSTRING(customer.c_phone FROM 1 FOR 2))"],"Plans": [{"Node Type": "Aggregate","Strategy": "Plain","Partial Mode": "Finalize","Parent Relationship": "InitPlan","Subplan Name": "InitPlan 1 (returns $1)","Parallel Aware": false,"Async Capable": false,"Startup Cost": 6230.83,"Total Cost": 6230.84,"Plan Rows": 1,"Plan Width": 32,"Actual Startup Time": 61.996,"Actual Total Time": 62.168,"Actual Rows": 1,"Actual Loops": 1,"Plans": [{"Node Type": "Gather","Parent Relationship": "Outer","Parallel Aware": false,"Async Capable": false,"Startup Cost": 6230.61,"Total Cost": 6230.82,"Plan Rows": 2,"Plan Width": 32,"Actual Startup Time": 61.916,"Actual Total Time": 62.152,"Actual Rows": 3,"Actual Loops": 1,"Workers Planned": 2,"Workers Launched": 2,"Single Copy": false,"Plans": [{"Node Type": "Aggregate","Strategy": "Plain","Partial Mode": "Partial","Parent Relationship": "Outer","Parallel Aware": false,"Async Capable": false,"Startup Cost": 5230.61,"Total Cost": 5230.62,"Plan Rows": 1,"Plan Width": 32,"Actual Startup Time": 55.933,"Actual Total Time": 55.936,"Actual Rows": 1,"Actual Loops": 3,"Workers": [],"Plans": [{"Node Type": "Seq Scan","Parent Relationship": "Outer","Parallel Aware": true,"Async Capable": false,"Relation Name": "customer","Alias": "customer_1","Startup Cost": 0.00,"Total Cost": 5225.62,"Plan Rows": 1994,"Plan Width": 6,"Actual Startup Time": 0.062,"Actual Total Time": 54.883,"Actual Rows": 12679,"Actual Loops": 3,"Filter": "((c_acctbal > 0.00) AND (SUBSTRING(c_phone FROM 1 FOR 2) = ANY ('{30,14,27,17,19,26,21}'::text[])))","Rows Removed by Filter": 37321,"Workers": []}]}]}]},{"Node Type": "Gather Merge","Parent Relationship": "Outer","Parallel Aware": false,"Async Capable": false,"Startup Cost": 6741.22,"Total Cost": 6821.30,"Plan Rows": 620,"Plan Width": 72,"Actual Startup Time": 140.953,"Actual Total Time": 144.262,"Actual Rows": 21,"Actual Loops": 1,"Workers Planned": 2,"Params Evaluated": ["$1"],"Workers Launched": 2,"Plans": [{"Node Type": "Aggregate","Strategy": "Sorted","Partial Mode": "Partial","Parent Relationship": "Outer","Parallel Aware": false,"Async Capable": false,"Startup Cost": 5741.19,"Total Cost": 5749.72,"Plan Rows": 310,"Plan Width": 72,"Actual Startup Time": 72.280,"Actual Total Time": 72.584,"Actual Rows": 7,"Actual Loops": 3,"Group Key": ["(SUBSTRING(customer.c_phone FROM 1 FOR 2))"],"Workers": [],"Plans": [{"Node Type": "Sort","Parent Relationship": "Outer","Parallel Aware": false,"Async Capable": false,"Startup Cost": 5741.19,"Total Cost": 5741.97,"Plan Rows": 310,"Plan Width": 38,"Actual Startup Time": 72.209,"Actual Total Time": 72.295,"Actual Rows": 2125,"Actual Loops": 3,"Sort Key": ["(SUBSTRING(customer.c_phone FROM 1 FOR 2))"],"Sort Method": "quicksort","Sort Space Used": 234,"Sort Space Type": "Memory","Workers": [{"Worker Number": 0,"Sort Method": "quicksort","Sort Space Used": 155,"Sort Space Type": "Memory"},{"Worker Number": 1,"Sort Method": "quicksort","Sort Space Used": 153,"Sort Space Type": "Memory"}],"Plans": [{"Node Type": "Nested Loop","Parent Relationship": "Outer","Parallel Aware": false,"Async Capable": false,"Join Type": "Anti","Startup Cost": 0.43,"Total Cost": 5728.36,"Plan Rows": 310,"Plan Width": 38,"Actual Startup Time": 0.141,"Actual Total Time": 71.378,"Actual Rows": 2125,"Actual Loops": 3,"Inner Unique": false,"Workers": [],"Plans": [{"Node Type": "Seq Scan","Parent Relationship": "Outer","Parallel Aware": true,"Async Capable": false,"Relation Name": "customer","Alias": "customer","Startup Cost": 0.00,"Total Cost": 5225.62,"Plan Rows": 729,"Plan Width": 26,"Actual Startup Time": 0.031,"Actual Total Time": 47.406,"Actual Rows": 6324,"Actual Loops": 3,"Filter": "((c_acctbal > $1) AND (SUBSTRING(c_phone FROM 1 FOR 2) = ANY ('{30,14,27,17,19,26,21}'::text[])))","Rows Removed by Filter": 43676,"Workers": []},{"Node Type": "Index Only Scan","Parent Relationship": "Inner","Parallel Aware": false,"Async Capable": false,"Scan Direction": "Forward","Index Name": "idx_orders_custkey","Relation Name": "orders","Alias": "orders","Startup Cost": 0.43,"Total Cost": 3.28,"Plan Rows": 17,"Plan Width": 4,"Actual Startup Time": 0.003,"Actual Total Time": 0.003,"Actual Rows": 1,"Actual Loops": 18971,"Index Cond": "(o_custkey = customer.c_custkey)","Rows Removed by Index Recheck": 0,"Heap Fetches": 0,"Workers": []}]}]}]}]}]},"Planning Time": 4.664,"Triggers": [],"Execution Time": 144.960}]
[{"Plan": {"Node Type": "Aggregate","Strategy": "Sorted","Partial Mode": "Finalize","Parallel Aware": false,"Async Capable": false,"Startup Cost": 12972.06,"Total Cost": 13071.37,"Plan Rows": 744,"Plan Width": 72,"Actual Startup Time": 138.785,"Actual Total Time": 142.134,"Actual Rows": 7,"Actual Loops": 1,"Group Key": ["(SUBSTRING(customer.c_phone FROM 1 FOR 2))"],"Plans": [{"Node Type": "Aggregate","Strategy": "Plain","Partial Mode": "Finalize","Parent Relationship": "InitPlan","Subplan Name": "InitPlan 1 (returns $1)","Parallel Aware": false,"Async Capable": false,"Startup Cost": 6230.83,"Total Cost": 6230.84,"Plan Rows": 1,"Plan Width": 32,"Actual Startup Time": 61.542,"Actual Total Time": 61.707,"Actual Rows": 1,"Actual Loops": 1,"Plans": [{"Node Type": "Gather","Parent Relationship": "Outer","Parallel Aware": false,"Async Capable": false,"Startup Cost": 6230.61,"Total Cost": 6230.82,"Plan Rows": 2,"Plan Width": 32,"Actual Startup Time": 61.464,"Actual Total Time": 61.689,"Actual Rows": 3,"Actual Loops": 1,"Workers Planned": 2,"Workers Launched": 2,"Single Copy": false,"Plans": [{"Node Type": "Aggregate","Strategy": "Plain","Partial Mode": "Partial","Parent Relationship": "Outer","Parallel Aware": false,"Async Capable": false,"Startup Cost": 5230.61,"Total Cost": 5230.62,"Plan Rows": 1,"Plan Width": 32,"Actual Startup Time": 55.544,"Actual Total Time": 55.545,"Actual Rows": 1,"Actual Loops": 3,"Workers": [],"Plans": [{"Node Type": "Seq Scan","Parent Relationship": "Outer","Parallel Aware": true,"Async Capable": false,"Relation Name": "customer","Alias": "customer_1","Startup Cost": 0.00,"Total Cost": 5225.62,"Plan Rows": 1994,"Plan Width": 6,"Actual Startup Time": 0.072,"Actual Total Time": 54.461,"Actual Rows": 12746,"Actual Loops": 3,"Filter": "((c_acctbal > 0.00) AND (SUBSTRING(c_phone FROM 1 FOR 2) = ANY ('{27,28,31,12,25,29,16}'::text[])))","Rows Removed by Filter": 37254,"Workers": []}]}]}]},{"Node Type": "Gather Merge","Parent Relationship": "Outer","Parallel Aware": false,"Async Capable": false,"Startup Cost": 6741.22,"Total Cost": 6821.30,"Plan Rows": 620,"Plan Width": 72,"Actual Startup Time": 138.664,"Actual Total Time": 141.925,"Actual Rows": 21,"Actual Loops": 1,"Workers Planned": 2,"Params Evaluated": ["$1"],"Workers Launched": 2,"Plans": [{"Node Type": "Aggregate","Strategy": "Sorted","Partial Mode": "Partial","Parent Relationship": "Outer","Parallel Aware": false,"Async Capable": false,"Startup Cost": 5741.19,"Total Cost": 5749.72,"Plan Rows": 310,"Plan Width": 72,"Actual Startup Time": 70.705,"Actual Total Time": 71.004,"Actual Rows": 7,"Actual Loops": 3,"Group Key": ["(SUBSTRING(customer.c_phone FROM 1 FOR 2))"],"Workers": [],"Plans": [{"Node Type": "Sort","Parent Relationship": "Outer","Parallel Aware": false,"Async Capable": false,"Startup Cost": 5741.19,"Total Cost": 5741.97,"Plan Rows": 310,"Plan Width": 38,"Actual Startup Time": 70.636,"Actual Total Time": 70.715,"Actual Rows": 2100,"Actual Loops": 3,"Sort Key": ["(SUBSTRING(customer.c_phone FROM 1 FOR 2))"],"Sort Method": "quicksort","Sort Space Used": 234,"Sort Space Type": "Memory","Workers": [{"Worker Number": 0,"Sort Method": "quicksort","Sort Space Used": 154,"Sort Space Type": "Memory"},{"Worker Number": 1,"Sort Method": "quicksort","Sort Space Used": 149,"Sort Space Type": "Memory"}],"Plans": [{"Node Type": "Nested Loop","Parent Relationship": "Outer","Parallel Aware": false,"Async Capable": false,"Join Type": "Anti","Startup Cost": 0.43,"Total Cost": 5728.36,"Plan Rows": 310,"Plan Width": 38,"Actual Startup Time": 0.158,"Actual Total Time": 69.846,"Actual Rows": 2100,"Actual Loops": 3,"Inner Unique": false,"Workers": [],"Plans": [{"Node Type": "Seq Scan","Parent Relationship": "Outer","Parallel Aware": true,"Async Capable": false,"Relation Name": "customer","Alias": "customer","Startup Cost": 0.00,"Total Cost": 5225.62,"Plan Rows": 729,"Plan Width": 26,"Actual Startup Time": 0.036,"Actual Total Time": 46.199,"Actual Rows": 6349,"Actual Loops": 3,"Filter": "((c_acctbal > $1) AND (SUBSTRING(c_phone FROM 1 FOR 2) = ANY ('{27,28,31,12,25,29,16}'::text[])))","Rows Removed by Filter": 43651,"Workers": []},{"Node Type": "Index Only Scan","Parent Relationship": "Inner","Parallel Aware": false,"Async Capable": false,"Scan Direction": "Forward","Index Name": "idx_orders_custkey","Relation Name": "orders","Alias": "orders","Startup Cost": 0.43,"Total Cost": 3.28,"Plan Rows": 17,"Plan Width": 4,"Actual Startup Time": 0.003,"Actual Total Time": 0.003,"Actual Rows": 1,"Actual Loops": 19048,"Index Cond": "(o_custkey = customer.c_custkey)","Rows Removed by Index Recheck": 0,"Heap Fetches": 0,"Workers": []}]}]}]}]}]},"Planning Time": 4.396,"Triggers": [],"Execution Time": 142.547}]
[{"Plan": {"Node Type": "Aggregate","Strategy": "Sorted","Partial Mode": "Finalize","Parallel Aware": false,"Async Capable": false,"Startup Cost": 12972.06,"Total Cost": 13071.37,"Plan Rows": 744,"Plan Width": 72,"Actual Startup Time": 139.449,"Actual Total Time": 143.243,"Actual Rows": 7,"Actual Loops": 1,"Group Key": ["(SUBSTRING(customer.c_phone FROM 1 FOR 2))"],"Plans": [{"Node Type": "Aggregate","Strategy": "Plain","Partial Mode": "Finalize","Parent Relationship": "InitPlan","Subplan Name": "InitPlan 1 (returns $1)","Parallel Aware": false,"Async Capable": false,"Startup Cost": 6230.83,"Total Cost": 6230.84,"Plan Rows": 1,"Plan Width": 32,"Actual Startup Time": 63.137,"Actual Total Time": 63.373,"Actual Rows": 1,"Actual Loops": 1,"Plans": [{"Node Type": "Gather","Parent Relationship": "Outer","Parallel Aware": false,"Async Capable": false,"Startup Cost": 6230.61,"Total Cost": 6230.82,"Plan Rows": 2,"Plan Width": 32,"Actual Startup Time": 62.996,"Actual Total Time": 63.350,"Actual Rows": 3,"Actual Loops": 1,"Workers Planned": 2,"Workers Launched": 2,"Single Copy": false,"Plans": [{"Node Type": "Aggregate","Strategy": "Plain","Partial Mode": "Partial","Parent Relationship": "Outer","Parallel Aware": false,"Async Capable": false,"Startup Cost": 5230.61,"Total Cost": 5230.62,"Plan Rows": 1,"Plan Width": 32,"Actual Startup Time": 56.366,"Actual Total Time": 56.369,"Actual Rows": 1,"Actual Loops": 3,"Workers": [],"Plans": [{"Node Type": "Seq Scan","Parent Relationship": "Outer","Parallel Aware": true,"Async Capable": false,"Relation Name": "customer","Alias": "customer_1","Startup Cost": 0.00,"Total Cost": 5225.62,"Plan Rows": 1994,"Plan Width": 6,"Actual Startup Time": 0.058,"Actual Total Time": 55.287,"Actual Rows": 12690,"Actual Loops": 3,"Filter": "((c_acctbal > 0.00) AND (SUBSTRING(c_phone FROM 1 FOR 2) = ANY ('{23,14,22,26,27,33,30}'::text[])))","Rows Removed by Filter": 37310,"Workers": []}]}]}]},{"Node Type": "Gather Merge","Parent Relationship": "Outer","Parallel Aware": false,"Async Capable": false,"Startup Cost": 6741.22,"Total Cost": 6821.30,"Plan Rows": 620,"Plan Width": 72,"Actual Startup Time": 139.314,"Actual Total Time": 142.942,"Actual Rows": 21,"Actual Loops": 1,"Workers Planned": 2,"Params Evaluated": ["$1"],"Workers Launched": 2,"Plans": [{"Node Type": "Aggregate","Strategy": "Sorted","Partial Mode": "Partial","Parent Relationship": "Outer","Parallel Aware": false,"Async Capable": false,"Startup Cost": 5741.19,"Total Cost": 5749.72,"Plan Rows": 310,"Plan Width": 72,"Actual Startup Time": 68.904,"Actual Total Time": 69.202,"Actual Rows": 7,"Actual Loops": 3,"Group Key": ["(SUBSTRING(customer.c_phone FROM 1 FOR 2))"],"Workers": [],"Plans": [{"Node Type": "Sort","Parent Relationship": "Outer","Parallel Aware": false,"Async Capable": false,"Startup Cost": 5741.19,"Total Cost": 5741.97,"Plan Rows": 310,"Plan Width": 38,"Actual Startup Time": 68.837,"Actual Total Time": 68.921,"Actual Rows": 2113,"Actual Loops": 3,"Sort Key": ["(SUBSTRING(customer.c_phone FROM 1 FOR 2))"],"Sort Method": "quicksort","Sort Space Used": 233,"Sort Space Type": "Memory","Workers": [{"Worker Number": 0,"Sort Method": "quicksort","Sort Space Used": 153,"Sort Space Type": "Memory"},{"Worker Number": 1,"Sort Method": "quicksort","Sort Space Used": 154,"Sort Space Type": "Memory"}],"Plans": [{"Node Type": "Nested Loop","Parent Relationship": "Outer","Parallel Aware": false,"Async Capable": false,"Join Type": "Anti","Startup Cost": 0.43,"Total Cost": 5728.36,"Plan Rows": 310,"Plan Width": 38,"Actual Startup Time": 0.140,"Actual Total Time": 68.032,"Actual Rows": 2113,"Actual Loops": 3,"Inner Unique": false,"Workers": [],"Plans": [{"Node Type": "Seq Scan","Parent Relationship": "Outer","Parallel Aware": true,"Async Capable": false,"Relation Name": "customer","Alias": "customer","Startup Cost": 0.00,"Total Cost": 5225.62,"Plan Rows": 729,"Plan Width": 26,"Actual Startup Time": 0.039,"Actual Total Time": 44.889,"Actual Rows": 6329,"Actual Loops": 3,"Filter": "((c_acctbal > $1) AND (SUBSTRING(c_phone FROM 1 FOR 2) = ANY ('{23,14,22,26,27,33,30}'::text[])))","Rows Removed by Filter": 43671,"Workers": []},{"Node Type": "Index Only Scan","Parent Relationship": "Inner","Parallel Aware": false,"Async Capable": false,"Scan Direction": "Forward","Index Name": "idx_orders_custkey","Relation Name": "orders","Alias": "orders","Startup Cost": 0.43,"Total Cost": 3.28,"Plan Rows": 17,"Plan Width": 4,"Actual Startup Time": 0.003,"Actual Total Time": 0.003,"Actual Rows": 1,"Actual Loops": 18986,"Index Cond": "(o_custkey = customer.c_custkey)","Rows Removed by Index Recheck": 0,"Heap Fetches": 0,"Workers": []}]}]}]}]}]},"Planning Time": 3.667,"Triggers": [],"Execution Time": 143.664}]
[{"Plan": {"Node Type": "Aggregate","Strategy": "Sorted","Partial Mode": "Finalize","Parallel Aware": false,"Async Capable": false,"Startup Cost": 12972.06,"Total Cost": 13071.37,"Plan Rows": 744,"Plan Width": 72,"Actual Startup Time": 138.227,"Actual Total Time": 141.863,"Actual Rows": 7,"Actual Loops": 1,"Group Key": ["(SUBSTRING(customer.c_phone FROM 1 FOR 2))"],"Plans": [{"Node Type": "Aggregate","Strategy": "Plain","Partial Mode": "Finalize","Parent Relationship": "InitPlan","Subplan Name": "InitPlan 1 (returns $1)","Parallel Aware": false,"Async Capable": false,"Startup Cost": 6230.83,"Total Cost": 6230.84,"Plan Rows": 1,"Plan Width": 32,"Actual Startup Time": 63.581,"Actual Total Time": 63.751,"Actual Rows": 1,"Actual Loops": 1,"Plans": [{"Node Type": "Gather","Parent Relationship": "Outer","Parallel Aware": false,"Async Capable": false,"Startup Cost": 6230.61,"Total Cost": 6230.82,"Plan Rows": 2,"Plan Width": 32,"Actual Startup Time": 63.515,"Actual Total Time": 63.735,"Actual Rows": 3,"Actual Loops": 1,"Workers Planned": 2,"Workers Launched": 2,"Single Copy": false,"Plans": [{"Node Type": "Aggregate","Strategy": "Plain","Partial Mode": "Partial","Parent Relationship": "Outer","Parallel Aware": false,"Async Capable": false,"Startup Cost": 5230.61,"Total Cost": 5230.62,"Plan Rows": 1,"Plan Width": 32,"Actual Startup Time": 57.020,"Actual Total Time": 57.022,"Actual Rows": 1,"Actual Loops": 3,"Workers": [],"Plans": [{"Node Type": "Seq Scan","Parent Relationship": "Outer","Parallel Aware": true,"Async Capable": false,"Relation Name": "customer","Alias": "customer_1","Startup Cost": 0.00,"Total Cost": 5225.62,"Plan Rows": 1994,"Plan Width": 6,"Actual Startup Time": 0.058,"Actual Total Time": 55.907,"Actual Rows": 12674,"Actual Loops": 3,"Filter": "((c_acctbal > 0.00) AND (SUBSTRING(c_phone FROM 1 FOR 2) = ANY ('{11,31,25,14,20,13,27}'::text[])))","Rows Removed by Filter": 37326,"Workers": []}]}]}]},{"Node Type": "Gather Merge","Parent Relationship": "Outer","Parallel Aware": false,"Async Capable": false,"Startup Cost": 6741.22,"Total Cost": 6821.30,"Plan Rows": 620,"Plan Width": 72,"Actual Startup Time": 138.138,"Actual Total Time": 141.651,"Actual Rows": 21,"Actual Loops": 1,"Workers Planned": 2,"Params Evaluated": ["$1"],"Workers Launched": 2,"Plans": [{"Node Type": "Aggregate","Strategy": "Sorted","Partial Mode": "Partial","Parent Relationship": "Outer","Parallel Aware": false,"Async Capable": false,"Startup Cost": 5741.19,"Total Cost": 5749.72,"Plan Rows": 310,"Plan Width": 72,"Actual Startup Time": 67.641,"Actual Total Time": 67.941,"Actual Rows": 7,"Actual Loops": 3,"Group Key": ["(SUBSTRING(customer.c_phone FROM 1 FOR 2))"],"Workers": [],"Plans": [{"Node Type": "Sort","Parent Relationship": "Outer","Parallel Aware": false,"Async Capable": false,"Startup Cost": 5741.19,"Total Cost": 5741.97,"Plan Rows": 310,"Plan Width": 38,"Actual Startup Time": 67.573,"Actual Total Time": 67.655,"Actual Rows": 2112,"Actual Loops": 3,"Sort Key": ["(SUBSTRING(customer.c_phone FROM 1 FOR 2))"],"Sort Method": "quicksort","Sort Space Used": 233,"Sort Space Type": "Memory","Workers": [{"Worker Number": 0,"Sort Method": "quicksort","Sort Space Used": 151,"Sort Space Type": "Memory"},{"Worker Number": 1,"Sort Method": "quicksort","Sort Space Used": 156,"Sort Space Type": "Memory"}],"Plans": [{"Node Type": "Nested Loop","Parent Relationship": "Outer","Parallel Aware": false,"Async Capable": false,"Join Type": "Anti","Startup Cost": 0.43,"Total Cost": 5728.36,"Plan Rows": 310,"Plan Width": 38,"Actual Startup Time": 0.119,"Actual Total Time": 66.759,"Actual Rows": 2112,"Actual Loops": 3,"Inner Unique": false,"Workers": [],"Plans": [{"Node Type": "Seq Scan","Parent Relationship": "Outer","Parallel Aware": true,"Async Capable": false,"Relation Name": "customer","Alias": "customer","Startup Cost": 0.00,"Total Cost": 5225.62,"Plan Rows": 729,"Plan Width": 26,"Actual Startup Time": 0.031,"Actual Total Time": 44.061,"Actual Rows": 6305,"Actual Loops": 3,"Filter": "((c_acctbal > $1) AND (SUBSTRING(c_phone FROM 1 FOR 2) = ANY ('{11,31,25,14,20,13,27}'::text[])))","Rows Removed by Filter": 43695,"Workers": []},{"Node Type": "Index Only Scan","Parent Relationship": "Inner","Parallel Aware": false,"Async Capable": false,"Scan Direction": "Forward","Index Name": "idx_orders_custkey","Relation Name": "orders","Alias": "orders","Startup Cost": 0.43,"Total Cost": 3.28,"Plan Rows": 17,"Plan Width": 4,"Actual Startup Time": 0.003,"Actual Total Time": 0.003,"Actual Rows": 1,"Actual Loops": 18914,"Index Cond": "(o_custkey = customer.c_custkey)","Rows Removed by Index Recheck": 0,"Heap Fetches": 0,"Workers": []}]}]}]}]}]},"Planning Time": 3.938,"Triggers": [],"Execution Time": 142.262}]
[{"Plan": {"Node Type": "Aggregate","Strategy": "Sorted","Partial Mode": "Finalize","Parallel Aware": false,"Async Capable": false,"Startup Cost": 12972.06,"Total Cost": 13071.37,"Plan Rows": 744,"Plan Width": 72,"Actual Startup Time": 141.901,"Actual Total Time": 145.475,"Actual Rows": 7,"Actual Loops": 1,"Group Key": ["(SUBSTRING(customer.c_phone FROM 1 FOR 2))"],"Plans": [{"Node Type": "Aggregate","Strategy": "Plain","Partial Mode": "Finalize","Parent Relationship": "InitPlan","Subplan Name": "InitPlan 1 (returns $1)","Parallel Aware": false,"Async Capable": false,"Startup Cost": 6230.83,"Total Cost": 6230.84,"Plan Rows": 1,"Plan Width": 32,"Actual Startup Time": 61.429,"Actual Total Time": 61.585,"Actual Rows": 1,"Actual Loops": 1,"Plans": [{"Node Type": "Gather","Parent Relationship": "Outer","Parallel Aware": false,"Async Capable": false,"Startup Cost": 6230.61,"Total Cost": 6230.82,"Plan Rows": 2,"Plan Width": 32,"Actual Startup Time": 61.324,"Actual Total Time": 61.562,"Actual Rows": 3,"Actual Loops": 1,"Workers Planned": 2,"Workers Launched": 2,"Single Copy": false,"Plans": [{"Node Type": "Aggregate","Strategy": "Plain","Partial Mode": "Partial","Parent Relationship": "Outer","Parallel Aware": false,"Async Capable": false,"Startup Cost": 5230.61,"Total Cost": 5230.62,"Plan Rows": 1,"Plan Width": 32,"Actual Startup Time": 55.792,"Actual Total Time": 55.794,"Actual Rows": 1,"Actual Loops": 3,"Workers": [],"Plans": [{"Node Type": "Seq Scan","Parent Relationship": "Outer","Parallel Aware": true,"Async Capable": false,"Relation Name": "customer","Alias": "customer_1","Startup Cost": 0.00,"Total Cost": 5225.62,"Plan Rows": 1994,"Plan Width": 6,"Actual Startup Time": 0.047,"Actual Total Time": 54.742,"Actual Rows": 12773,"Actual Loops": 3,"Filter": "((c_acctbal > 0.00) AND (SUBSTRING(c_phone FROM 1 FOR 2) = ANY ('{29,21,16,24,12,26,18}'::text[])))","Rows Removed by Filter": 37227,"Workers": []}]}]}]},{"Node Type": "Gather Merge","Parent Relationship": "Outer","Parallel Aware": false,"Async Capable": false,"Startup Cost": 6741.22,"Total Cost": 6821.30,"Plan Rows": 620,"Plan Width": 72,"Actual Startup Time": 141.775,"Actual Total Time": 145.261,"Actual Rows": 21,"Actual Loops": 1,"Workers Planned": 2,"Params Evaluated": ["$1"],"Workers Launched": 2,"Plans": [{"Node Type": "Aggregate","Strategy": "Sorted","Partial Mode": "Partial","Parent Relationship": "Outer","Parallel Aware": false,"Async Capable": false,"Startup Cost": 5741.19,"Total Cost": 5749.72,"Plan Rows": 310,"Plan Width": 72,"Actual Startup Time": 73.249,"Actual Total Time": 73.552,"Actual Rows": 7,"Actual Loops": 3,"Group Key": ["(SUBSTRING(customer.c_phone FROM 1 FOR 2))"],"Workers": [],"Plans": [{"Node Type": "Sort","Parent Relationship": "Outer","Parallel Aware": false,"Async Capable": false,"Startup Cost": 5741.19,"Total Cost": 5741.97,"Plan Rows": 310,"Plan Width": 38,"Actual Startup Time": 73.180,"Actual Total Time": 73.260,"Actual Rows": 2126,"Actual Loops": 3,"Sort Key": ["(SUBSTRING(customer.c_phone FROM 1 FOR 2))"],"Sort Method": "quicksort","Sort Space Used": 231,"Sort Space Type": "Memory","Workers": [{"Worker Number": 0,"Sort Method": "quicksort","Sort Space Used": 160,"Sort Space Type": "Memory"},{"Worker Number": 1,"Sort Method": "quicksort","Sort Space Used": 151,"Sort Space Type": "Memory"}],"Plans": [{"Node Type": "Nested Loop","Parent Relationship": "Outer","Parallel Aware": false,"Async Capable": false,"Join Type": "Anti","Startup Cost": 0.43,"Total Cost": 5728.36,"Plan Rows": 310,"Plan Width": 38,"Actual Startup Time": 0.157,"Actual Total Time": 72.368,"Actual Rows": 2126,"Actual Loops": 3,"Inner Unique": false,"Workers": [],"Plans": [{"Node Type": "Seq Scan","Parent Relationship": "Outer","Parallel Aware": true,"Async Capable": false,"Relation Name": "customer","Alias": "customer","Startup Cost": 0.00,"Total Cost": 5225.62,"Plan Rows": 729,"Plan Width": 26,"Actual Startup Time": 0.044,"Actual Total Time": 47.680,"Actual Rows": 6405,"Actual Loops": 3,"Filter": "((c_acctbal > $1) AND (SUBSTRING(c_phone FROM 1 FOR 2) = ANY ('{29,21,16,24,12,26,18}'::text[])))","Rows Removed by Filter": 43595,"Workers": []},{"Node Type": "Index Only Scan","Parent Relationship": "Inner","Parallel Aware": false,"Async Capable": false,"Scan Direction": "Forward","Index Name": "idx_orders_custkey","Relation Name": "orders","Alias": "orders","Startup Cost": 0.43,"Total Cost": 3.28,"Plan Rows": 17,"Plan Width": 4,"Actual Startup Time": 0.004,"Actual Total Time": 0.004,"Actual Rows": 1,"Actual Loops": 19214,"Index Cond": "(o_custkey = customer.c_custkey)","Rows Removed by Index Recheck": 0,"Heap Fetches": 0,"Workers": []}]}]}]}]}]},"Planning Time": 3.270,"Triggers": [],"Execution Time": 145.797}]
[{"Plan": {"Node Type": "Aggregate","Strategy": "Sorted","Partial Mode": "Finalize","Parallel Aware": false,"Async Capable": false,"Startup Cost": 12972.06,"Total Cost": 13071.37,"Plan Rows": 744,"Plan Width": 72,"Actual Startup Time": 141.920,"Actual Total Time": 145.507,"Actual Rows": 7,"Actual Loops": 1,"Group Key": ["(SUBSTRING(customer.c_phone FROM 1 FOR 2))"],"Plans": [{"Node Type": "Aggregate","Strategy": "Plain","Partial Mode": "Finalize","Parent Relationship": "InitPlan","Subplan Name": "InitPlan 1 (returns $1)","Parallel Aware": false,"Async Capable": false,"Startup Cost": 6230.83,"Total Cost": 6230.84,"Plan Rows": 1,"Plan Width": 32,"Actual Startup Time": 62.886,"Actual Total Time": 63.043,"Actual Rows": 1,"Actual Loops": 1,"Plans": [{"Node Type": "Gather","Parent Relationship": "Outer","Parallel Aware": false,"Async Capable": false,"Startup Cost": 6230.61,"Total Cost": 6230.82,"Plan Rows": 2,"Plan Width": 32,"Actual Startup Time": 62.772,"Actual Total Time": 63.023,"Actual Rows": 3,"Actual Loops": 1,"Workers Planned": 2,"Workers Launched": 2,"Single Copy": false,"Plans": [{"Node Type": "Aggregate","Strategy": "Plain","Partial Mode": "Partial","Parent Relationship": "Outer","Parallel Aware": false,"Async Capable": false,"Startup Cost": 5230.61,"Total Cost": 5230.62,"Plan Rows": 1,"Plan Width": 32,"Actual Startup Time": 56.986,"Actual Total Time": 56.988,"Actual Rows": 1,"Actual Loops": 3,"Workers": [],"Plans": [{"Node Type": "Seq Scan","Parent Relationship": "Outer","Parallel Aware": true,"Async Capable": false,"Relation Name": "customer","Alias": "customer_1","Startup Cost": 0.00,"Total Cost": 5225.62,"Plan Rows": 1994,"Plan Width": 6,"Actual Startup Time": 0.051,"Actual Total Time": 55.858,"Actual Rows": 12766,"Actual Loops": 3,"Filter": "((c_acctbal > 0.00) AND (SUBSTRING(c_phone FROM 1 FOR 2) = ANY ('{12,28,19,25,23,20,26}'::text[])))","Rows Removed by Filter": 37234,"Workers": []}]}]}]},{"Node Type": "Gather Merge","Parent Relationship": "Outer","Parallel Aware": false,"Async Capable": false,"Startup Cost": 6741.22,"Total Cost": 6821.30,"Plan Rows": 620,"Plan Width": 72,"Actual Startup Time": 141.781,"Actual Total Time": 145.288,"Actual Rows": 21,"Actual Loops": 1,"Workers Planned": 2,"Params Evaluated": ["$1"],"Workers Launched": 2,"Plans": [{"Node Type": "Aggregate","Strategy": "Sorted","Partial Mode": "Partial","Parent Relationship": "Outer","Parallel Aware": false,"Async Capable": false,"Startup Cost": 5741.19,"Total Cost": 5749.72,"Plan Rows": 310,"Plan Width": 72,"Actual Startup Time": 72.156,"Actual Total Time": 72.455,"Actual Rows": 7,"Actual Loops": 3,"Group Key": ["(SUBSTRING(customer.c_phone FROM 1 FOR 2))"],"Workers": [],"Plans": [{"Node Type": "Sort","Parent Relationship": "Outer","Parallel Aware": false,"Async Capable": false,"Startup Cost": 5741.19,"Total Cost": 5741.97,"Plan Rows": 310,"Plan Width": 38,"Actual Startup Time": 72.088,"Actual Total Time": 72.167,"Actual Rows": 2098,"Actual Loops": 3,"Sort Key": ["(SUBSTRING(customer.c_phone FROM 1 FOR 2))"],"Sort Method": "quicksort","Sort Space Used": 232,"Sort Space Type": "Memory","Workers": [{"Worker Number": 0,"Sort Method": "quicksort","Sort Space Used": 156,"Sort Space Type": "Memory"},{"Worker Number": 1,"Sort Method": "quicksort","Sort Space Used": 149,"Sort Space Type": "Memory"}],"Plans": [{"Node Type": "Nested Loop","Parent Relationship": "Outer","Parallel Aware": false,"Async Capable": false,"Join Type": "Anti","Startup Cost": 0.43,"Total Cost": 5728.36,"Plan Rows": 310,"Plan Width": 38,"Actual Startup Time": 0.206,"Actual Total Time": 71.299,"Actual Rows": 2098,"Actual Loops": 3,"Inner Unique": false,"Workers": [],"Plans": [{"Node Type": "Seq Scan","Parent Relationship": "Outer","Parallel Aware": true,"Async Capable": false,"Relation Name": "customer","Alias": "customer","Startup Cost": 0.00,"Total Cost": 5225.62,"Plan Rows": 729,"Plan Width": 26,"Actual Startup Time": 0.043,"Actual Total Time": 47.122,"Actual Rows": 6370,"Actual Loops": 3,"Filter": "((c_acctbal > $1) AND (SUBSTRING(c_phone FROM 1 FOR 2) = ANY ('{12,28,19,25,23,20,26}'::text[])))","Rows Removed by Filter": 43630,"Workers": []},{"Node Type": "Index Only Scan","Parent Relationship": "Inner","Parallel Aware": false,"Async Capable": false,"Scan Direction": "Forward","Index Name": "idx_orders_custkey","Relation Name": "orders","Alias": "orders","Startup Cost": 0.43,"Total Cost": 3.28,"Plan Rows": 17,"Plan Width": 4,"Actual Startup Time": 0.003,"Actual Total Time": 0.003,"Actual Rows": 1,"Actual Loops": 19111,"Index Cond": "(o_custkey = customer.c_custkey)","Rows Removed by Index Recheck": 0,"Heap Fetches": 0,"Workers": []}]}]}]}]}]},"Planning Time": 3.538,"Triggers": [],"Execution Time": 145.877}]
[{"Plan": {"Node Type": "Aggregate","Strategy": "Sorted","Partial Mode": "Finalize","Parallel Aware": false,"Async Capable": false,"Startup Cost": 12972.06,"Total Cost": 13071.37,"Plan Rows": 744,"Plan Width": 72,"Actual Startup Time": 139.616,"Actual Total Time": 143.287,"Actual Rows": 7,"Actual Loops": 1,"Group Key": ["(SUBSTRING(customer.c_phone FROM 1 FOR 2))"],"Plans": [{"Node Type": "Aggregate","Strategy": "Plain","Partial Mode": "Finalize","Parent Relationship": "InitPlan","Subplan Name": "InitPlan 1 (returns $1)","Parallel Aware": false,"Async Capable": false,"Startup Cost": 6230.83,"Total Cost": 6230.84,"Plan Rows": 1,"Plan Width": 32,"Actual Startup Time": 62.662,"Actual Total Time": 62.896,"Actual Rows": 1,"Actual Loops": 1,"Plans": [{"Node Type": "Gather","Parent Relationship": "Outer","Parallel Aware": false,"Async Capable": false,"Startup Cost": 6230.61,"Total Cost": 6230.82,"Plan Rows": 2,"Plan Width": 32,"Actual Startup Time": 62.559,"Actual Total Time": 62.870,"Actual Rows": 3,"Actual Loops": 1,"Workers Planned": 2,"Workers Launched": 2,"Single Copy": false,"Plans": [{"Node Type": "Aggregate","Strategy": "Plain","Partial Mode": "Partial","Parent Relationship": "Outer","Parallel Aware": false,"Async Capable": false,"Startup Cost": 5230.61,"Total Cost": 5230.62,"Plan Rows": 1,"Plan Width": 32,"Actual Startup Time": 56.317,"Actual Total Time": 56.321,"Actual Rows": 1,"Actual Loops": 3,"Workers": [],"Plans": [{"Node Type": "Seq Scan","Parent Relationship": "Outer","Parallel Aware": true,"Async Capable": false,"Relation Name": "customer","Alias": "customer_1","Startup Cost": 0.00,"Total Cost": 5225.62,"Plan Rows": 1994,"Plan Width": 6,"Actual Startup Time": 0.050,"Actual Total Time": 55.260,"Actual Rows": 12712,"Actual Loops": 3,"Filter": "((c_acctbal > 0.00) AND (SUBSTRING(c_phone FROM 1 FOR 2) = ANY ('{31,28,30,24,25,23,16}'::text[])))","Rows Removed by Filter": 37288,"Workers": []}]}]}]},{"Node Type": "Gather Merge","Parent Relationship": "Outer","Parallel Aware": false,"Async Capable": false,"Startup Cost": 6741.22,"Total Cost": 6821.30,"Plan Rows": 620,"Plan Width": 72,"Actual Startup Time": 139.497,"Actual Total Time": 143.000,"Actual Rows": 21,"Actual Loops": 1,"Workers Planned": 2,"Params Evaluated": ["$1"],"Workers Launched": 2,"Plans": [{"Node Type": "Aggregate","Strategy": "Sorted","Partial Mode": "Partial","Parent Relationship": "Outer","Parallel Aware": false,"Async Capable": false,"Startup Cost": 5741.19,"Total Cost": 5749.72,"Plan Rows": 310,"Plan Width": 72,"Actual Startup Time": 70.068,"Actual Total Time": 70.368,"Actual Rows": 7,"Actual Loops": 3,"Group Key": ["(SUBSTRING(customer.c_phone FROM 1 FOR 2))"],"Workers": [],"Plans": [{"Node Type": "Sort","Parent Relationship": "Outer","Parallel Aware": false,"Async Capable": false,"Startup Cost": 5741.19,"Total Cost": 5741.97,"Plan Rows": 310,"Plan Width": 38,"Actual Startup Time": 70.002,"Actual Total Time": 70.083,"Actual Rows": 2110,"Actual Loops": 3,"Sort Key": ["(SUBSTRING(customer.c_phone FROM 1 FOR 2))"],"Sort Method": "quicksort","Sort Space Used": 237,"Sort Space Type": "Memory","Workers": [{"Worker Number": 0,"Sort Method": "quicksort","Sort Space Used": 149,"Sort Space Type": "Memory"},{"Worker Number": 1,"Sort Method": "quicksort","Sort Space Used": 153,"Sort Space Type": "Memory"}],"Plans": [{"Node Type": "Nested Loop","Parent Relationship": "Outer","Parallel Aware": false,"Async Capable": false,"Join Type": "Anti","Startup Cost": 0.43,"Total Cost": 5728.36,"Plan Rows": 310,"Plan Width": 38,"Actual Startup Time": 0.199,"Actual Total Time": 69.226,"Actual Rows": 2110,"Actual Loops": 3,"Inner Unique": false,"Workers": [],"Plans": [{"Node Type": "Seq Scan","Parent Relationship": "Outer","Parallel Aware": true,"Async Capable": false,"Relation Name": "customer","Alias": "customer","Startup Cost": 0.00,"Total Cost": 5225.62,"Plan Rows": 729,"Plan Width": 26,"Actual Startup Time": 0.040,"Actual Total Time": 45.628,"Actual Rows": 6338,"Actual Loops": 3,"Filter": "((c_acctbal > $1) AND (SUBSTRING(c_phone FROM 1 FOR 2) = ANY ('{31,28,30,24,25,23,16}'::text[])))","Rows Removed by Filter": 43662,"Workers": []},{"Node Type": "Index Only Scan","Parent Relationship": "Inner","Parallel Aware": false,"Async Capable": false,"Scan Direction": "Forward","Index Name": "idx_orders_custkey","Relation Name": "orders","Alias": "orders","Startup Cost": 0.43,"Total Cost": 3.28,"Plan Rows": 17,"Plan Width": 4,"Actual Startup Time": 0.003,"Actual Total Time": 0.003,"Actual Rows": 1,"Actual Loops": 19014,"Index Cond": "(o_custkey = customer.c_custkey)","Rows Removed by Index Recheck": 0,"Heap Fetches": 0,"Workers": []}]}]}]}]}]},"Planning Time": 3.627,"Triggers": [],"Execution Time": 143.682}]
[{"Plan": {"Node Type": "Aggregate","Strategy": "Sorted","Partial Mode": "Finalize","Parallel Aware": false,"Async Capable": false,"Startup Cost": 12972.06,"Total Cost": 13071.37,"Plan Rows": 744,"Plan Width": 72,"Actual Startup Time": 137.028,"Actual Total Time": 140.557,"Actual Rows": 7,"Actual Loops": 1,"Group Key": ["(SUBSTRING(customer.c_phone FROM 1 FOR 2))"],"Plans": [{"Node Type": "Aggregate","Strategy": "Plain","Partial Mode": "Finalize","Parent Relationship": "InitPlan","Subplan Name": "InitPlan 1 (returns $1)","Parallel Aware": false,"Async Capable": false,"Startup Cost": 6230.83,"Total Cost": 6230.84,"Plan Rows": 1,"Plan Width": 32,"Actual Startup Time": 61.305,"Actual Total Time": 61.529,"Actual Rows": 1,"Actual Loops": 1,"Plans": [{"Node Type": "Gather","Parent Relationship": "Outer","Parallel Aware": false,"Async Capable": false,"Startup Cost": 6230.61,"Total Cost": 6230.82,"Plan Rows": 2,"Plan Width": 32,"Actual Startup Time": 61.199,"Actual Total Time": 61.506,"Actual Rows": 3,"Actual Loops": 1,"Workers Planned": 2,"Workers Launched": 2,"Single Copy": false,"Plans": [{"Node Type": "Aggregate","Strategy": "Plain","Partial Mode": "Partial","Parent Relationship": "Outer","Parallel Aware": false,"Async Capable": false,"Startup Cost": 5230.61,"Total Cost": 5230.62,"Plan Rows": 1,"Plan Width": 32,"Actual Startup Time": 56.726,"Actual Total Time": 56.728,"Actual Rows": 1,"Actual Loops": 3,"Workers": [],"Plans": [{"Node Type": "Seq Scan","Parent Relationship": "Outer","Parallel Aware": true,"Async Capable": false,"Relation Name": "customer","Alias": "customer_1","Startup Cost": 0.00,"Total Cost": 5225.62,"Plan Rows": 1994,"Plan Width": 6,"Actual Startup Time": 0.043,"Actual Total Time": 55.637,"Actual Rows": 12795,"Actual Loops": 3,"Filter": "((c_acctbal > 0.00) AND (SUBSTRING(c_phone FROM 1 FOR 2) = ANY ('{32,13,16,23,33,26,22}'::text[])))","Rows Removed by Filter": 37205,"Workers": []}]}]}]},{"Node Type": "Gather Merge","Parent Relationship": "Outer","Parallel Aware": false,"Async Capable": false,"Startup Cost": 6741.22,"Total Cost": 6821.30,"Plan Rows": 620,"Plan Width": 72,"Actual Startup Time": 136.904,"Actual Total Time": 140.286,"Actual Rows": 21,"Actual Loops": 1,"Workers Planned": 2,"Params Evaluated": ["$1"],"Workers Launched": 2,"Plans": [{"Node Type": "Aggregate","Strategy": "Sorted","Partial Mode": "Partial","Parent Relationship": "Outer","Parallel Aware": false,"Async Capable": false,"Startup Cost": 5741.19,"Total Cost": 5749.72,"Plan Rows": 310,"Plan Width": 72,"Actual Startup Time": 68.688,"Actual Total Time": 68.992,"Actual Rows": 7,"Actual Loops": 3,"Group Key": ["(SUBSTRING(customer.c_phone FROM 1 FOR 2))"],"Workers": [],"Plans": [{"Node Type": "Sort","Parent Relationship": "Outer","Parallel Aware": false,"Async Capable": false,"Startup Cost": 5741.19,"Total Cost": 5741.97,"Plan Rows": 310,"Plan Width": 38,"Actual Startup Time": 68.620,"Actual Total Time": 68.703,"Actual Rows": 2098,"Actual Loops": 3,"Sort Key": ["(SUBSTRING(customer.c_phone FROM 1 FOR 2))"],"Sort Method": "quicksort","Sort Space Used": 233,"Sort Space Type": "Memory","Workers": [{"Worker Number": 0,"Sort Method": "quicksort","Sort Space Used": 150,"Sort Space Type": "Memory"},{"Worker Number": 1,"Sort Method": "quicksort","Sort Space Used": 155,"Sort Space Type": "Memory"}],"Plans": [{"Node Type": "Nested Loop","Parent Relationship": "Outer","Parallel Aware": false,"Async Capable": false,"Join Type": "Anti","Startup Cost": 0.43,"Total Cost": 5728.36,"Plan Rows": 310,"Plan Width": 38,"Actual Startup Time": 0.230,"Actual Total Time": 67.814,"Actual Rows": 2098,"Actual Loops": 3,"Inner Unique": false,"Workers": [],"Plans": [{"Node Type": "Seq Scan","Parent Relationship": "Outer","Parallel Aware": true,"Async Capable": false,"Relation Name": "customer","Alias": "customer","Startup Cost": 0.00,"Total Cost": 5225.62,"Plan Rows": 729,"Plan Width": 26,"Actual Startup Time": 0.042,"Actual Total Time": 44.626,"Actual Rows": 6385,"Actual Loops": 3,"Filter": "((c_acctbal > $1) AND (SUBSTRING(c_phone FROM 1 FOR 2) = ANY ('{32,13,16,23,33,26,22}'::text[])))","Rows Removed by Filter": 43615,"Workers": []},{"Node Type": "Index Only Scan","Parent Relationship": "Inner","Parallel Aware": false,"Async Capable": false,"Scan Direction": "Forward","Index Name": "idx_orders_custkey","Relation Name": "orders","Alias": "orders","Startup Cost": 0.43,"Total Cost": 3.28,"Plan Rows": 17,"Plan Width": 4,"Actual Startup Time": 0.003,"Actual Total Time": 0.003,"Actual Rows": 1,"Actual Loops": 19155,"Index Cond": "(o_custkey = customer.c_custkey)","Rows Removed by Index Recheck": 0,"Heap Fetches": 0,"Workers": []}]}]}]}]}]},"Planning Time": 4.647,"Triggers": [],"Execution Time": 140.903}]
[{"Plan": {"Node Type": "Aggregate","Strategy": "Sorted","Partial Mode": "Finalize","Parallel Aware": false,"Async Capable": false,"Startup Cost": 12972.06,"Total Cost": 13071.37,"Plan Rows": 744,"Plan Width": 72,"Actual Startup Time": 140.117,"Actual Total Time": 143.706,"Actual Rows": 7,"Actual Loops": 1,"Group Key": ["(SUBSTRING(customer.c_phone FROM 1 FOR 2))"],"Plans": [{"Node Type": "Aggregate","Strategy": "Plain","Partial Mode": "Finalize","Parent Relationship": "InitPlan","Subplan Name": "InitPlan 1 (returns $1)","Parallel Aware": false,"Async Capable": false,"Startup Cost": 6230.83,"Total Cost": 6230.84,"Plan Rows": 1,"Plan Width": 32,"Actual Startup Time": 62.808,"Actual Total Time": 62.988,"Actual Rows": 1,"Actual Loops": 1,"Plans": [{"Node Type": "Gather","Parent Relationship": "Outer","Parallel Aware": false,"Async Capable": false,"Startup Cost": 6230.61,"Total Cost": 6230.82,"Plan Rows": 2,"Plan Width": 32,"Actual Startup Time": 62.718,"Actual Total Time": 62.972,"Actual Rows": 3,"Actual Loops": 1,"Workers Planned": 2,"Workers Launched": 2,"Single Copy": false,"Plans": [{"Node Type": "Aggregate","Strategy": "Plain","Partial Mode": "Partial","Parent Relationship": "Outer","Parallel Aware": false,"Async Capable": false,"Startup Cost": 5230.61,"Total Cost": 5230.62,"Plan Rows": 1,"Plan Width": 32,"Actual Startup Time": 56.394,"Actual Total Time": 56.396,"Actual Rows": 1,"Actual Loops": 3,"Workers": [],"Plans": [{"Node Type": "Seq Scan","Parent Relationship": "Outer","Parallel Aware": true,"Async Capable": false,"Relation Name": "customer","Alias": "customer_1","Startup Cost": 0.00,"Total Cost": 5225.62,"Plan Rows": 1994,"Plan Width": 6,"Actual Startup Time": 0.037,"Actual Total Time": 55.354,"Actual Rows": 12690,"Actual Loops": 3,"Filter": "((c_acctbal > 0.00) AND (SUBSTRING(c_phone FROM 1 FOR 2) = ANY ('{15,27,24,32,22,25,21}'::text[])))","Rows Removed by Filter": 37310,"Workers": []}]}]}]},{"Node Type": "Gather Merge","Parent Relationship": "Outer","Parallel Aware": false,"Async Capable": false,"Startup Cost": 6741.22,"Total Cost": 6821.30,"Plan Rows": 620,"Plan Width": 72,"Actual Startup Time": 140.018,"Actual Total Time": 143.472,"Actual Rows": 21,"Actual Loops": 1,"Workers Planned": 2,"Params Evaluated": ["$1"],"Workers Launched": 2,"Plans": [{"Node Type": "Aggregate","Strategy": "Sorted","Partial Mode": "Partial","Parent Relationship": "Outer","Parallel Aware": false,"Async Capable": false,"Startup Cost": 5741.19,"Total Cost": 5749.72,"Plan Rows": 310,"Plan Width": 72,"Actual Startup Time": 70.241,"Actual Total Time": 70.531,"Actual Rows": 7,"Actual Loops": 3,"Group Key": ["(SUBSTRING(customer.c_phone FROM 1 FOR 2))"],"Workers": [],"Plans": [{"Node Type": "Sort","Parent Relationship": "Outer","Parallel Aware": false,"Async Capable": false,"Startup Cost": 5741.19,"Total Cost": 5741.97,"Plan Rows": 310,"Plan Width": 38,"Actual Startup Time": 70.173,"Actual Total Time": 70.250,"Actual Rows": 2113,"Actual Loops": 3,"Sort Key": ["(SUBSTRING(customer.c_phone FROM 1 FOR 2))"],"Sort Method": "quicksort","Sort Space Used": 236,"Sort Space Type": "Memory","Workers": [{"Worker Number": 0,"Sort Method": "quicksort","Sort Space Used": 149,"Sort Space Type": "Memory"},{"Worker Number": 1,"Sort Method": "quicksort","Sort Space Used": 155,"Sort Space Type": "Memory"}],"Plans": [{"Node Type": "Nested Loop","Parent Relationship": "Outer","Parallel Aware": false,"Async Capable": false,"Join Type": "Anti","Startup Cost": 0.43,"Total Cost": 5728.36,"Plan Rows": 310,"Plan Width": 38,"Actual Startup Time": 0.256,"Actual Total Time": 69.367,"Actual Rows": 2113,"Actual Loops": 3,"Inner Unique": false,"Workers": [],"Plans": [{"Node Type": "Seq Scan","Parent Relationship": "Outer","Parallel Aware": true,"Async Capable": false,"Relation Name": "customer","Alias": "customer","Startup Cost": 0.00,"Total Cost": 5225.62,"Plan Rows": 729,"Plan Width": 26,"Actual Startup Time": 0.051,"Actual Total Time": 45.756,"Actual Rows": 6339,"Actual Loops": 3,"Filter": "((c_acctbal > $1) AND (SUBSTRING(c_phone FROM 1 FOR 2) = ANY ('{15,27,24,32,22,25,21}'::text[])))","Rows Removed by Filter": 43661,"Workers": []},{"Node Type": "Index Only Scan","Parent Relationship": "Inner","Parallel Aware": false,"Async Capable": false,"Scan Direction": "Forward","Index Name": "idx_orders_custkey","Relation Name": "orders","Alias": "orders","Startup Cost": 0.43,"Total Cost": 3.28,"Plan Rows": 17,"Plan Width": 4,"Actual Startup Time": 0.003,"Actual Total Time": 0.003,"Actual Rows": 1,"Actual Loops": 19017,"Index Cond": "(o_custkey = customer.c_custkey)","Rows Removed by Index Recheck": 0,"Heap Fetches": 0,"Workers": []}]}]}]}]}]},"Planning Time": 3.919,"Triggers": [],"Execution Time": 144.042}]
[{"Plan": {"Node Type": "Aggregate","Strategy": "Sorted","Partial Mode": "Finalize","Parallel Aware": false,"Async Capable": false,"Startup Cost": 12972.06,"Total Cost": 13071.37,"Plan Rows": 744,"Plan Width": 72,"Actual Startup Time": 137.816,"Actual Total Time": 141.208,"Actual Rows": 7,"Actual Loops": 1,"Group Key": ["(SUBSTRING(customer.c_phone FROM 1 FOR 2))"],"Plans": [{"Node Type": "Aggregate","Strategy": "Plain","Partial Mode": "Finalize","Parent Relationship": "InitPlan","Subplan Name": "InitPlan 1 (returns $1)","Parallel Aware": false,"Async Capable": false,"Startup Cost": 6230.83,"Total Cost": 6230.84,"Plan Rows": 1,"Plan Width": 32,"Actual Startup Time": 59.975,"Actual Total Time": 60.178,"Actual Rows": 1,"Actual Loops": 1,"Plans": [{"Node Type": "Gather","Parent Relationship": "Outer","Parallel Aware": false,"Async Capable": false,"Startup Cost": 6230.61,"Total Cost": 6230.82,"Plan Rows": 2,"Plan Width": 32,"Actual Startup Time": 59.887,"Actual Total Time": 60.162,"Actual Rows": 3,"Actual Loops": 1,"Workers Planned": 2,"Workers Launched": 2,"Single Copy": false,"Plans": [{"Node Type": "Aggregate","Strategy": "Plain","Partial Mode": "Partial","Parent Relationship": "Outer","Parallel Aware": false,"Async Capable": false,"Startup Cost": 5230.61,"Total Cost": 5230.62,"Plan Rows": 1,"Plan Width": 32,"Actual Startup Time": 53.820,"Actual Total Time": 53.822,"Actual Rows": 1,"Actual Loops": 3,"Workers": [],"Plans": [{"Node Type": "Seq Scan","Parent Relationship": "Outer","Parallel Aware": true,"Async Capable": false,"Relation Name": "customer","Alias": "customer_1","Startup Cost": 0.00,"Total Cost": 5225.62,"Plan Rows": 1994,"Plan Width": 6,"Actual Startup Time": 0.061,"Actual Total Time": 52.733,"Actual Rows": 12764,"Actual Loops": 3,"Filter": "((c_acctbal > 0.00) AND (SUBSTRING(c_phone FROM 1 FOR 2) = ANY ('{20,30,19,32,17,18,16}'::text[])))","Rows Removed by Filter": 37236,"Workers": []}]}]}]},{"Node Type": "Gather Merge","Parent Relationship": "Outer","Parallel Aware": false,"Async Capable": false,"Startup Cost": 6741.22,"Total Cost": 6821.30,"Plan Rows": 620,"Plan Width": 72,"Actual Startup Time": 137.672,"Actual Total Time": 140.936,"Actual Rows": 21,"Actual Loops": 1,"Workers Planned": 2,"Params Evaluated": ["$1"],"Workers Launched": 2,"Plans": [{"Node Type": "Aggregate","Strategy": "Sorted","Partial Mode": "Partial","Parent Relationship": "Outer","Parallel Aware": false,"Async Capable": false,"Startup Cost": 5741.19,"Total Cost": 5749.72,"Plan Rows": 310,"Plan Width": 72,"Actual Startup Time": 71.002,"Actual Total Time": 71.309,"Actual Rows": 7,"Actual Loops": 3,"Group Key": ["(SUBSTRING(customer.c_phone FROM 1 FOR 2))"],"Workers": [],"Plans": [{"Node Type": "Sort","Parent Relationship": "Outer","Parallel Aware": false,"Async Capable": false,"Startup Cost": 5741.19,"Total Cost": 5741.97,"Plan Rows": 310,"Plan Width": 38,"Actual Startup Time": 70.935,"Actual Total Time": 71.025,"Actual Rows": 2137,"Actual Loops": 3,"Sort Key": ["(SUBSTRING(customer.c_phone FROM 1 FOR 2))"],"Sort Method": "quicksort","Sort Space Used": 234,"Sort Space Type": "Memory","Workers": [{"Worker Number": 0,"Sort Method": "quicksort","Sort Space Used": 150,"Sort Space Type": "Memory"},{"Worker Number": 1,"Sort Method": "quicksort","Sort Space Used": 159,"Sort Space Type": "Memory"}],"Plans": [{"Node Type": "Nested Loop","Parent Relationship": "Outer","Parallel Aware": false,"Async Capable": false,"Join Type": "Anti","Startup Cost": 0.43,"Total Cost": 5728.36,"Plan Rows": 310,"Plan Width": 38,"Actual Startup Time": 0.147,"Actual Total Time": 70.167,"Actual Rows": 2137,"Actual Loops": 3,"Inner Unique": false,"Workers": [],"Plans": [{"Node Type": "Seq Scan","Parent Relationship": "Outer","Parallel Aware": true,"Async Capable": false,"Relation Name": "customer","Alias": "customer","Startup Cost": 0.00,"Total Cost": 5225.62,"Plan Rows": 729,"Plan Width": 26,"Actual Startup Time": 0.035,"Actual Total Time": 46.013,"Actual Rows": 6385,"Actual Loops": 3,"Filter": "((c_acctbal > $1) AND (SUBSTRING(c_phone FROM 1 FOR 2) = ANY ('{20,30,19,32,17,18,16}'::text[])))","Rows Removed by Filter": 43615,"Workers": []},{"Node Type": "Index Only Scan","Parent Relationship": "Inner","Parallel Aware": false,"Async Capable": false,"Scan Direction": "Forward","Index Name": "idx_orders_custkey","Relation Name": "orders","Alias": "orders","Startup Cost": 0.43,"Total Cost": 3.28,"Plan Rows": 17,"Plan Width": 4,"Actual Startup Time": 0.003,"Actual Total Time": 0.003,"Actual Rows": 1,"Actual Loops": 19156,"Index Cond": "(o_custkey = customer.c_custkey)","Rows Removed by Index Recheck": 0,"Heap Fetches": 0,"Workers": []}]}]}]}]}]},"Planning Time": 3.715,"Triggers": [],"Execution Time": 141.502}]
[{"Plan": {"Node Type": "Aggregate","Strategy": "Sorted","Partial Mode": "Finalize","Parallel Aware": false,"Async Capable": false,"Startup Cost": 12972.06,"Total Cost": 13071.37,"Plan Rows": 744,"Plan Width": 72,"Actual Startup Time": 133.553,"Actual Total Time": 137.329,"Actual Rows": 7,"Actual Loops": 1,"Group Key": ["(SUBSTRING(customer.c_phone FROM 1 FOR 2))"],"Plans": [{"Node Type": "Aggregate","Strategy": "Plain","Partial Mode": "Finalize","Parent Relationship": "InitPlan","Subplan Name": "InitPlan 1 (returns $1)","Parallel Aware": false,"Async Capable": false,"Startup Cost": 6230.83,"Total Cost": 6230.84,"Plan Rows": 1,"Plan Width": 32,"Actual Startup Time": 61.932,"Actual Total Time": 62.207,"Actual Rows": 1,"Actual Loops": 1,"Plans": [{"Node Type": "Gather","Parent Relationship": "Outer","Parallel Aware": false,"Async Capable": false,"Startup Cost": 6230.61,"Total Cost": 6230.82,"Plan Rows": 2,"Plan Width": 32,"Actual Startup Time": 61.821,"Actual Total Time": 62.186,"Actual Rows": 3,"Actual Loops": 1,"Workers Planned": 2,"Workers Launched": 2,"Single Copy": false,"Plans": [{"Node Type": "Aggregate","Strategy": "Plain","Partial Mode": "Partial","Parent Relationship": "Outer","Parallel Aware": false,"Async Capable": false,"Startup Cost": 5230.61,"Total Cost": 5230.62,"Plan Rows": 1,"Plan Width": 32,"Actual Startup Time": 55.658,"Actual Total Time": 55.662,"Actual Rows": 1,"Actual Loops": 3,"Workers": [],"Plans": [{"Node Type": "Seq Scan","Parent Relationship": "Outer","Parallel Aware": true,"Async Capable": false,"Relation Name": "customer","Alias": "customer_1","Startup Cost": 0.00,"Total Cost": 5225.62,"Plan Rows": 1994,"Plan Width": 6,"Actual Startup Time": 0.061,"Actual Total Time": 54.614,"Actual Rows": 12703,"Actual Loops": 3,"Filter": "((c_acctbal > 0.00) AND (SUBSTRING(c_phone FROM 1 FOR 2) = ANY ('{28,33,21,17,26,12,31}'::text[])))","Rows Removed by Filter": 37297,"Workers": []}]}]}]},{"Node Type": "Gather Merge","Parent Relationship": "Outer","Parallel Aware": false,"Async Capable": false,"Startup Cost": 6741.22,"Total Cost": 6821.30,"Plan Rows": 620,"Plan Width": 72,"Actual Startup Time": 133.466,"Actual Total Time": 137.007,"Actual Rows": 21,"Actual Loops": 1,"Workers Planned": 2,"Params Evaluated": ["$1"],"Workers Launched": 2,"Plans": [{"Node Type": "Aggregate","Strategy": "Sorted","Partial Mode": "Partial","Parent Relationship": "Outer","Parallel Aware": false,"Async Capable": false,"Startup Cost": 5741.19,"Total Cost": 5749.72,"Plan Rows": 310,"Plan Width": 72,"Actual Startup Time": 64.777,"Actual Total Time": 65.084,"Actual Rows": 7,"Actual Loops": 3,"Group Key": ["(SUBSTRING(customer.c_phone FROM 1 FOR 2))"],"Workers": [],"Plans": [{"Node Type": "Sort","Parent Relationship": "Outer","Parallel Aware": false,"Async Capable": false,"Startup Cost": 5741.19,"Total Cost": 5741.97,"Plan Rows": 310,"Plan Width": 38,"Actual Startup Time": 64.703,"Actual Total Time": 64.783,"Actual Rows": 2111,"Actual Loops": 3,"Sort Key": ["(SUBSTRING(customer.c_phone FROM 1 FOR 2))"],"Sort Method": "quicksort","Sort Space Used": 228,"Sort Space Type": "Memory","Workers": [{"Worker Number": 0,"Sort Method": "quicksort","Sort Space Used": 157,"Sort Space Type": "Memory"},{"Worker Number": 1,"Sort Method": "quicksort","Sort Space Used": 154,"Sort Space Type": "Memory"}],"Plans": [{"Node Type": "Nested Loop","Parent Relationship": "Outer","Parallel Aware": false,"Async Capable": false,"Join Type": "Anti","Startup Cost": 0.43,"Total Cost": 5728.36,"Plan Rows": 310,"Plan Width": 38,"Actual Startup Time": 0.118,"Actual Total Time": 63.880,"Actual Rows": 2111,"Actual Loops": 3,"Inner Unique": false,"Workers": [],"Plans": [{"Node Type": "Seq Scan","Parent Relationship": "Outer","Parallel Aware": true,"Async Capable": false,"Relation Name": "customer","Alias": "customer","Startup Cost": 0.00,"Total Cost": 5225.62,"Plan Rows": 729,"Plan Width": 26,"Actual Startup Time": 0.027,"Actual Total Time": 42.941,"Actual Rows": 6337,"Actual Loops": 3,"Filter": "((c_acctbal > $1) AND (SUBSTRING(c_phone FROM 1 FOR 2) = ANY ('{28,33,21,17,26,12,31}'::text[])))","Rows Removed by Filter": 43663,"Workers": []},{"Node Type": "Index Only Scan","Parent Relationship": "Inner","Parallel Aware": false,"Async Capable": false,"Scan Direction": "Forward","Index Name": "idx_orders_custkey","Relation Name": "orders","Alias": "orders","Startup Cost": 0.43,"Total Cost": 3.28,"Plan Rows": 17,"Plan Width": 4,"Actual Startup Time": 0.003,"Actual Total Time": 0.003,"Actual Rows": 1,"Actual Loops": 19010,"Index Cond": "(o_custkey = customer.c_custkey)","Rows Removed by Index Recheck": 0,"Heap Fetches": 0,"Workers": []}]}]}]}]}]},"Planning Time": 4.911,"Triggers": [],"Execution Time": 137.792}]
[{"Plan": {"Node Type": "Aggregate","Strategy": "Sorted","Partial Mode": "Finalize","Parallel Aware": false,"Async Capable": false,"Startup Cost": 12972.06,"Total Cost": 13071.37,"Plan Rows": 744,"Plan Width": 72,"Actual Startup Time": 134.904,"Actual Total Time": 138.474,"Actual Rows": 7,"Actual Loops": 1,"Group Key": ["(SUBSTRING(customer.c_phone FROM 1 FOR 2))"],"Plans": [{"Node Type": "Aggregate","Strategy": "Plain","Partial Mode": "Finalize","Parent Relationship": "InitPlan","Subplan Name": "InitPlan 1 (returns $1)","Parallel Aware": false,"Async Capable": false,"Startup Cost": 6230.83,"Total Cost": 6230.84,"Plan Rows": 1,"Plan Width": 32,"Actual Startup Time": 59.789,"Actual Total Time": 60.018,"Actual Rows": 1,"Actual Loops": 1,"Plans": [{"Node Type": "Gather","Parent Relationship": "Outer","Parallel Aware": false,"Async Capable": false,"Startup Cost": 6230.61,"Total Cost": 6230.82,"Plan Rows": 2,"Plan Width": 32,"Actual Startup Time": 59.714,"Actual Total Time": 59.992,"Actual Rows": 3,"Actual Loops": 1,"Workers Planned": 2,"Workers Launched": 2,"Single Copy": false,"Plans": [{"Node Type": "Aggregate","Strategy": "Plain","Partial Mode": "Partial","Parent Relationship": "Outer","Parallel Aware": false,"Async Capable": false,"Startup Cost": 5230.61,"Total Cost": 5230.62,"Plan Rows": 1,"Plan Width": 32,"Actual Startup Time": 53.945,"Actual Total Time": 53.948,"Actual Rows": 1,"Actual Loops": 3,"Workers": [],"Plans": [{"Node Type": "Seq Scan","Parent Relationship": "Outer","Parallel Aware": true,"Async Capable": false,"Relation Name": "customer","Alias": "customer_1","Startup Cost": 0.00,"Total Cost": 5225.62,"Plan Rows": 1994,"Plan Width": 6,"Actual Startup Time": 0.049,"Actual Total Time": 52.843,"Actual Rows": 12702,"Actual Loops": 3,"Filter": "((c_acctbal > 0.00) AND (SUBSTRING(c_phone FROM 1 FOR 2) = ANY ('{33,26,17,11,23,20,12}'::text[])))","Rows Removed by Filter": 37298,"Workers": []}]}]}]},{"Node Type": "Gather Merge","Parent Relationship": "Outer","Parallel Aware": false,"Async Capable": false,"Startup Cost": 6741.22,"Total Cost": 6821.30,"Plan Rows": 620,"Plan Width": 72,"Actual Startup Time": 134.776,"Actual Total Time": 138.187,"Actual Rows": 21,"Actual Loops": 1,"Workers Planned": 2,"Params Evaluated": ["$1"],"Workers Launched": 2,"Plans": [{"Node Type": "Aggregate","Strategy": "Sorted","Partial Mode": "Partial","Parent Relationship": "Outer","Parallel Aware": false,"Async Capable": false,"Startup Cost": 5741.19,"Total Cost": 5749.72,"Plan Rows": 310,"Plan Width": 72,"Actual Startup Time": 68.555,"Actual Total Time": 68.843,"Actual Rows": 7,"Actual Loops": 3,"Group Key": ["(SUBSTRING(customer.c_phone FROM 1 FOR 2))"],"Workers": [],"Plans": [{"Node Type": "Sort","Parent Relationship": "Outer","Parallel Aware": false,"Async Capable": false,"Startup Cost": 5741.19,"Total Cost": 5741.97,"Plan Rows": 310,"Plan Width": 38,"Actual Startup Time": 68.487,"Actual Total Time": 68.564,"Actual Rows": 2086,"Actual Loops": 3,"Sort Key": ["(SUBSTRING(customer.c_phone FROM 1 FOR 2))"],"Sort Method": "quicksort","Sort Space Used": 231,"Sort Space Type": "Memory","Workers": [{"Worker Number": 0,"Sort Method": "quicksort","Sort Space Used": 154,"Sort Space Type": "Memory"},{"Worker Number": 1,"Sort Method": "quicksort","Sort Space Used": 150,"Sort Space Type": "Memory"}],"Plans": [{"Node Type": "Nested Loop","Parent Relationship": "Outer","Parallel Aware": false,"Async Capable": false,"Join Type": "Anti","Startup Cost": 0.43,"Total Cost": 5728.36,"Plan Rows": 310,"Plan Width": 38,"Actual Startup Time": 0.118,"Actual Total Time": 67.678,"Actual Rows": 2086,"Actual Loops": 3,"Inner Unique": false,"Workers": [],"Plans": [{"Node Type": "Seq Scan","Parent Relationship": "Outer","Parallel Aware": true,"Async Capable": false,"Relation Name": "customer","Alias": "customer","Startup Cost": 0.00,"Total Cost": 5225.62,"Plan Rows": 729,"Plan Width": 26,"Actual Startup Time": 0.035,"Actual Total Time": 44.620,"Actual Rows": 6329,"Actual Loops": 3,"Filter": "((c_acctbal > $1) AND (SUBSTRING(c_phone FROM 1 FOR 2) = ANY ('{33,26,17,11,23,20,12}'::text[])))","Rows Removed by Filter": 43671,"Workers": []},{"Node Type": "Index Only Scan","Parent Relationship": "Inner","Parallel Aware": false,"Async Capable": false,"Scan Direction": "Forward","Index Name": "idx_orders_custkey","Relation Name": "orders","Alias": "orders","Startup Cost": 0.43,"Total Cost": 3.28,"Plan Rows": 17,"Plan Width": 4,"Actual Startup Time": 0.003,"Actual Total Time": 0.003,"Actual Rows": 1,"Actual Loops": 18987,"Index Cond": "(o_custkey = customer.c_custkey)","Rows Removed by Index Recheck": 0,"Heap Fetches": 0,"Workers": []}]}]}]}]}]},"Planning Time": 3.728,"Triggers": [],"Execution Time": 138.843}]
[{"Plan": {"Node Type": "Aggregate","Strategy": "Sorted","Partial Mode": "Finalize","Parallel Aware": false,"Async Capable": false,"Startup Cost": 12972.06,"Total Cost": 13071.37,"Plan Rows": 744,"Plan Width": 72,"Actual Startup Time": 137.797,"Actual Total Time": 141.485,"Actual Rows": 7,"Actual Loops": 1,"Group Key": ["(SUBSTRING(customer.c_phone FROM 1 FOR 2))"],"Plans": [{"Node Type": "Aggregate","Strategy": "Plain","Partial Mode": "Finalize","Parent Relationship": "InitPlan","Subplan Name": "InitPlan 1 (returns $1)","Parallel Aware": false,"Async Capable": false,"Startup Cost": 6230.83,"Total Cost": 6230.84,"Plan Rows": 1,"Plan Width": 32,"Actual Startup Time": 62.529,"Actual Total Time": 62.732,"Actual Rows": 1,"Actual Loops": 1,"Plans": [{"Node Type": "Gather","Parent Relationship": "Outer","Parallel Aware": false,"Async Capable": false,"Startup Cost": 6230.61,"Total Cost": 6230.82,"Plan Rows": 2,"Plan Width": 32,"Actual Startup Time": 62.430,"Actual Total Time": 62.714,"Actual Rows": 3,"Actual Loops": 1,"Workers Planned": 2,"Workers Launched": 2,"Single Copy": false,"Plans": [{"Node Type": "Aggregate","Strategy": "Plain","Partial Mode": "Partial","Parent Relationship": "Outer","Parallel Aware": false,"Async Capable": false,"Startup Cost": 5230.61,"Total Cost": 5230.62,"Plan Rows": 1,"Plan Width": 32,"Actual Startup Time": 55.657,"Actual Total Time": 55.660,"Actual Rows": 1,"Actual Loops": 3,"Workers": [],"Plans": [{"Node Type": "Seq Scan","Parent Relationship": "Outer","Parallel Aware": true,"Async Capable": false,"Relation Name": "customer","Alias": "customer_1","Startup Cost": 0.00,"Total Cost": 5225.62,"Plan Rows": 1994,"Plan Width": 6,"Actual Startup Time": 0.053,"Actual Total Time": 54.612,"Actual Rows": 12774,"Actual Loops": 3,"Filter": "((c_acctbal > 0.00) AND (SUBSTRING(c_phone FROM 1 FOR 2) = ANY ('{28,27,31,19,18,21,34}'::text[])))","Rows Removed by Filter": 37226,"Workers": []}]}]}]},{"Node Type": "Gather Merge","Parent Relationship": "Outer","Parallel Aware": false,"Async Capable": false,"Startup Cost": 6741.22,"Total Cost": 6821.30,"Plan Rows": 620,"Plan Width": 72,"Actual Startup Time": 137.657,"Actual Total Time": 141.224,"Actual Rows": 21,"Actual Loops": 1,"Workers Planned": 2,"Params Evaluated": ["$1"],"Workers Launched": 2,"Plans": [{"Node Type": "Aggregate","Strategy": "Sorted","Partial Mode": "Partial","Parent Relationship": "Outer","Parallel Aware": false,"Async Capable": false,"Startup Cost": 5741.19,"Total Cost": 5749.72,"Plan Rows": 310,"Plan Width": 72,"Actual Startup Time": 68.291,"Actual Total Time": 68.595,"Actual Rows": 7,"Actual Loops": 3,"Group Key": ["(SUBSTRING(customer.c_phone FROM 1 FOR 2))"],"Workers": [],"Plans": [{"Node Type": "Sort","Parent Relationship": "Outer","Parallel Aware": false,"Async Capable": false,"Startup Cost": 5741.19,"Total Cost": 5741.97,"Plan Rows": 310,"Plan Width": 38,"Actual Startup Time": 68.215,"Actual Total Time": 68.296,"Actual Rows": 2178,"Actual Loops": 3,"Sort Key": ["(SUBSTRING(customer.c_phone FROM 1 FOR 2))"],"Sort Method": "quicksort","Sort Space Used": 235,"Sort Space Type": "Memory","Workers": [{"Worker Number": 0,"Sort Method": "quicksort","Sort Space Used": 157,"Sort Space Type": "Memory"},{"Worker Number": 1,"Sort Method": "quicksort","Sort Space Used": 158,"Sort Space Type": "Memory"}],"Plans": [{"Node Type": "Nested Loop","Parent Relationship": "Outer","Parallel Aware": false,"Async Capable": false,"Join Type": "Anti","Startup Cost": 0.43,"Total Cost": 5728.36,"Plan Rows": 310,"Plan Width": 38,"Actual Startup Time": 0.125,"Actual Total Time": 67.398,"Actual Rows": 2178,"Actual Loops": 3,"Inner Unique": false,"Workers": [],"Plans": [{"Node Type": "Seq Scan","Parent Relationship": "Outer","Parallel Aware": true,"Async Capable": false,"Relation Name": "customer","Alias": "customer","Startup Cost": 0.00,"Total Cost": 5225.62,"Plan Rows": 729,"Plan Width": 26,"Actual Startup Time": 0.043,"Actual Total Time": 44.018,"Actual Rows": 6390,"Actual Loops": 3,"Filter": "((c_acctbal > $1) AND (SUBSTRING(c_phone FROM 1 FOR 2) = ANY ('{28,27,31,19,18,21,34}'::text[])))","Rows Removed by Filter": 43610,"Workers": []},{"Node Type": "Index Only Scan","Parent Relationship": "Inner","Parallel Aware": false,"Async Capable": false,"Scan Direction": "Forward","Index Name": "idx_orders_custkey","Relation Name": "orders","Alias": "orders","Startup Cost": 0.43,"Total Cost": 3.28,"Plan Rows": 17,"Plan Width": 4,"Actual Startup Time": 0.003,"Actual Total Time": 0.003,"Actual Rows": 1,"Actual Loops": 19169,"Index Cond": "(o_custkey = customer.c_custkey)","Rows Removed by Index Recheck": 0,"Heap Fetches": 0,"Workers": []}]}]}]}]}]},"Planning Time": 4.296,"Triggers": [],"Execution Time": 141.935}]
[{"Plan": {"Node Type": "Aggregate","Strategy": "Sorted","Partial Mode": "Finalize","Parallel Aware": false,"Async Capable": false,"Startup Cost": 12972.06,"Total Cost": 13071.37,"Plan Rows": 744,"Plan Width": 72,"Actual Startup Time": 129.870,"Actual Total Time": 134.335,"Actual Rows": 7,"Actual Loops": 1,"Group Key": ["(SUBSTRING(customer.c_phone FROM 1 FOR 2))"],"Plans": [{"Node Type": "Aggregate","Strategy": "Plain","Partial Mode": "Finalize","Parent Relationship": "InitPlan","Subplan Name": "InitPlan 1 (returns $1)","Parallel Aware": false,"Async Capable": false,"Startup Cost": 6230.83,"Total Cost": 6230.84,"Plan Rows": 1,"Plan Width": 32,"Actual Startup Time": 59.384,"Actual Total Time": 59.581,"Actual Rows": 1,"Actual Loops": 1,"Plans": [{"Node Type": "Gather","Parent Relationship": "Outer","Parallel Aware": false,"Async Capable": false,"Startup Cost": 6230.61,"Total Cost": 6230.82,"Plan Rows": 2,"Plan Width": 32,"Actual Startup Time": 59.245,"Actual Total Time": 59.559,"Actual Rows": 3,"Actual Loops": 1,"Workers Planned": 2,"Workers Launched": 2,"Single Copy": false,"Plans": [{"Node Type": "Aggregate","Strategy": "Plain","Partial Mode": "Partial","Parent Relationship": "Outer","Parallel Aware": false,"Async Capable": false,"Startup Cost": 5230.61,"Total Cost": 5230.62,"Plan Rows": 1,"Plan Width": 32,"Actual Startup Time": 53.582,"Actual Total Time": 53.585,"Actual Rows": 1,"Actual Loops": 3,"Workers": [],"Plans": [{"Node Type": "Seq Scan","Parent Relationship": "Outer","Parallel Aware": true,"Async Capable": false,"Relation Name": "customer","Alias": "customer_1","Startup Cost": 0.00,"Total Cost": 5225.62,"Plan Rows": 1994,"Plan Width": 6,"Actual Startup Time": 0.068,"Actual Total Time": 52.490,"Actual Rows": 12859,"Actual Loops": 3,"Filter": "((c_acctbal > 0.00) AND (SUBSTRING(c_phone FROM 1 FOR 2) = ANY ('{32,19,33,21,16,20,23}'::text[])))","Rows Removed by Filter": 37141,"Workers": []}]}]}]},{"Node Type": "Gather Merge","Parent Relationship": "Outer","Parallel Aware": false,"Async Capable": false,"Startup Cost": 6741.22,"Total Cost": 6821.30,"Plan Rows": 620,"Plan Width": 72,"Actual Startup Time": 129.784,"Actual Total Time": 134.103,"Actual Rows": 21,"Actual Loops": 1,"Workers Planned": 2,"Params Evaluated": ["$1"],"Workers Launched": 2,"Plans": [{"Node Type": "Aggregate","Strategy": "Sorted","Partial Mode": "Partial","Parent Relationship": "Outer","Parallel Aware": false,"Async Capable": false,"Startup Cost": 5741.19,"Total Cost": 5749.72,"Plan Rows": 310,"Plan Width": 72,"Actual Startup Time": 63.349,"Actual Total Time": 63.668,"Actual Rows": 7,"Actual Loops": 3,"Group Key": ["(SUBSTRING(customer.c_phone FROM 1 FOR 2))"],"Workers": [],"Plans": [{"Node Type": "Sort","Parent Relationship": "Outer","Parallel Aware": false,"Async Capable": false,"Startup Cost": 5741.19,"Total Cost": 5741.97,"Plan Rows": 310,"Plan Width": 38,"Actual Startup Time": 63.275,"Actual Total Time": 63.364,"Actual Rows": 2165,"Actual Loops": 3,"Sort Key": ["(SUBSTRING(customer.c_phone FROM 1 FOR 2))"],"Sort Method": "quicksort","Sort Space Used": 231,"Sort Space Type": "Memory","Workers": [{"Worker Number": 0,"Sort Method": "quicksort","Sort Space Used": 157,"Sort Space Type": "Memory"},{"Worker Number": 1,"Sort Method": "quicksort","Sort Space Used": 160,"Sort Space Type": "Memory"}],"Plans": [{"Node Type": "Nested Loop","Parent Relationship": "Outer","Parallel Aware": false,"Async Capable": false,"Join Type": "Anti","Startup Cost": 0.43,"Total Cost": 5728.36,"Plan Rows": 310,"Plan Width": 38,"Actual Startup Time": 0.137,"Actual Total Time": 62.496,"Actual Rows": 2165,"Actual Loops": 3,"Inner Unique": false,"Workers": [],"Plans": [{"Node Type": "Seq Scan","Parent Relationship": "Outer","Parallel Aware": true,"Async Capable": false,"Relation Name": "customer","Alias": "customer","Startup Cost": 0.00,"Total Cost": 5225.62,"Plan Rows": 729,"Plan Width": 26,"Actual Startup Time": 0.032,"Actual Total Time": 41.073,"Actual Rows": 6435,"Actual Loops": 3,"Filter": "((c_acctbal > $1) AND (SUBSTRING(c_phone FROM 1 FOR 2) = ANY ('{32,19,33,21,16,20,23}'::text[])))","Rows Removed by Filter": 43565,"Workers": []},{"Node Type": "Index Only Scan","Parent Relationship": "Inner","Parallel Aware": false,"Async Capable": false,"Scan Direction": "Forward","Index Name": "idx_orders_custkey","Relation Name": "orders","Alias": "orders","Startup Cost": 0.43,"Total Cost": 3.28,"Plan Rows": 17,"Plan Width": 4,"Actual Startup Time": 0.003,"Actual Total Time": 0.003,"Actual Rows": 1,"Actual Loops": 19305,"Index Cond": "(o_custkey = customer.c_custkey)","Rows Removed by Index Recheck": 0,"Heap Fetches": 0,"Workers": []}]}]}]}]}]},"Planning Time": 3.577,"Triggers": [],"Execution Time": 134.628}]
[{"Plan": {"Node Type": "Aggregate","Strategy": "Sorted","Partial Mode": "Finalize","Parallel Aware": false,"Async Capable": false,"Startup Cost": 12972.06,"Total Cost": 13071.37,"Plan Rows": 744,"Plan Width": 72,"Actual Startup Time": 123.874,"Actual Total Time": 127.374,"Actual Rows": 7,"Actual Loops": 1,"Group Key": ["(SUBSTRING(customer.c_phone FROM 1 FOR 2))"],"Plans": [{"Node Type": "Aggregate","Strategy": "Plain","Partial Mode": "Finalize","Parent Relationship": "InitPlan","Subplan Name": "InitPlan 1 (returns $1)","Parallel Aware": false,"Async Capable": false,"Startup Cost": 6230.83,"Total Cost": 6230.84,"Plan Rows": 1,"Plan Width": 32,"Actual Startup Time": 52.810,"Actual Total Time": 52.999,"Actual Rows": 1,"Actual Loops": 1,"Plans": [{"Node Type": "Gather","Parent Relationship": "Outer","Parallel Aware": false,"Async Capable": false,"Startup Cost": 6230.61,"Total Cost": 6230.82,"Plan Rows": 2,"Plan Width": 32,"Actual Startup Time": 52.715,"Actual Total Time": 52.983,"Actual Rows": 3,"Actual Loops": 1,"Workers Planned": 2,"Workers Launched": 2,"Single Copy": false,"Plans": [{"Node Type": "Aggregate","Strategy": "Plain","Partial Mode": "Partial","Parent Relationship": "Outer","Parallel Aware": false,"Async Capable": false,"Startup Cost": 5230.61,"Total Cost": 5230.62,"Plan Rows": 1,"Plan Width": 32,"Actual Startup Time": 46.922,"Actual Total Time": 46.925,"Actual Rows": 1,"Actual Loops": 3,"Workers": [],"Plans": [{"Node Type": "Seq Scan","Parent Relationship": "Outer","Parallel Aware": true,"Async Capable": false,"Relation Name": "customer","Alias": "customer_1","Startup Cost": 0.00,"Total Cost": 5225.62,"Plan Rows": 1994,"Plan Width": 6,"Actual Startup Time": 0.043,"Actual Total Time": 45.858,"Actual Rows": 12705,"Actual Loops": 3,"Filter": "((c_acctbal > 0.00) AND (SUBSTRING(c_phone FROM 1 FOR 2) = ANY ('{26,33,17,15,22,32,28}'::text[])))","Rows Removed by Filter": 37295,"Workers": []}]}]}]},{"Node Type": "Gather Merge","Parent Relationship": "Outer","Parallel Aware": false,"Async Capable": false,"Startup Cost": 6741.22,"Total Cost": 6821.30,"Plan Rows": 620,"Plan Width": 72,"Actual Startup Time": 123.739,"Actual Total Time": 127.131,"Actual Rows": 21,"Actual Loops": 1,"Workers Planned": 2,"Params Evaluated": ["$1"],"Workers Launched": 2,"Plans": [{"Node Type": "Aggregate","Strategy": "Sorted","Partial Mode": "Partial","Parent Relationship": "Outer","Parallel Aware": false,"Async Capable": false,"Startup Cost": 5741.19,"Total Cost": 5749.72,"Plan Rows": 310,"Plan Width": 72,"Actual Startup Time": 64.285,"Actual Total Time": 64.583,"Actual Rows": 7,"Actual Loops": 3,"Group Key": ["(SUBSTRING(customer.c_phone FROM 1 FOR 2))"],"Workers": [],"Plans": [{"Node Type": "Sort","Parent Relationship": "Outer","Parallel Aware": false,"Async Capable": false,"Startup Cost": 5741.19,"Total Cost": 5741.97,"Plan Rows": 310,"Plan Width": 38,"Actual Startup Time": 64.213,"Actual Total Time": 64.293,"Actual Rows": 2099,"Actual Loops": 3,"Sort Key": ["(SUBSTRING(customer.c_phone FROM 1 FOR 2))"],"Sort Method": "quicksort","Sort Space Used": 238,"Sort Space Type": "Memory","Workers": [{"Worker Number": 0,"Sort Method": "quicksort","Sort Space Used": 145,"Sort Space Type": "Memory"},{"Worker Number": 1,"Sort Method": "quicksort","Sort Space Used": 154,"Sort Space Type": "Memory"}],"Plans": [{"Node Type": "Nested Loop","Parent Relationship": "Outer","Parallel Aware": false,"Async Capable": false,"Join Type": "Anti","Startup Cost": 0.43,"Total Cost": 5728.36,"Plan Rows": 310,"Plan Width": 38,"Actual Startup Time": 0.174,"Actual Total Time": 63.461,"Actual Rows": 2099,"Actual Loops": 3,"Inner Unique": false,"Workers": [],"Plans": [{"Node Type": "Seq Scan","Parent Relationship": "Outer","Parallel Aware": true,"Async Capable": false,"Relation Name": "customer","Alias": "customer","Startup Cost": 0.00,"Total Cost": 5225.62,"Plan Rows": 729,"Plan Width": 26,"Actual Startup Time": 0.048,"Actual Total Time": 40.971,"Actual Rows": 6353,"Actual Loops": 3,"Filter": "((c_acctbal > $1) AND (SUBSTRING(c_phone FROM 1 FOR 2) = ANY ('{26,33,17,15,22,32,28}'::text[])))","Rows Removed by Filter": 43647,"Workers": []},{"Node Type": "Index Only Scan","Parent Relationship": "Inner","Parallel Aware": false,"Async Capable": false,"Scan Direction": "Forward","Index Name": "idx_orders_custkey","Relation Name": "orders","Alias": "orders","Startup Cost": 0.43,"Total Cost": 3.28,"Plan Rows": 17,"Plan Width": 4,"Actual Startup Time": 0.003,"Actual Total Time": 0.003,"Actual Rows": 1,"Actual Loops": 19059,"Index Cond": "(o_custkey = customer.c_custkey)","Rows Removed by Index Recheck": 0,"Heap Fetches": 0,"Workers": []}]}]}]}]}]},"Planning Time": 3.578,"Triggers": [],"Execution Time": 127.712}]
[{"Plan": {"Node Type": "Aggregate","Strategy": "Sorted","Partial Mode": "Finalize","Parallel Aware": false,"Async Capable": false,"Startup Cost": 12972.06,"Total Cost": 13071.37,"Plan Rows": 744,"Plan Width": 72,"Actual Startup Time": 137.638,"Actual Total Time": 141.003,"Actual Rows": 7,"Actual Loops": 1,"Group Key": ["(SUBSTRING(customer.c_phone FROM 1 FOR 2))"],"Plans": [{"Node Type": "Aggregate","Strategy": "Plain","Partial Mode": "Finalize","Parent Relationship": "InitPlan","Subplan Name": "InitPlan 1 (returns $1)","Parallel Aware": false,"Async Capable": false,"Startup Cost": 6230.83,"Total Cost": 6230.84,"Plan Rows": 1,"Plan Width": 32,"Actual Startup Time": 62.531,"Actual Total Time": 62.677,"Actual Rows": 1,"Actual Loops": 1,"Plans": [{"Node Type": "Gather","Parent Relationship": "Outer","Parallel Aware": false,"Async Capable": false,"Startup Cost": 6230.61,"Total Cost": 6230.82,"Plan Rows": 2,"Plan Width": 32,"Actual Startup Time": 62.418,"Actual Total Time": 62.656,"Actual Rows": 3,"Actual Loops": 1,"Workers Planned": 2,"Workers Launched": 2,"Single Copy": false,"Plans": [{"Node Type": "Aggregate","Strategy": "Plain","Partial Mode": "Partial","Parent Relationship": "Outer","Parallel Aware": false,"Async Capable": false,"Startup Cost": 5230.61,"Total Cost": 5230.62,"Plan Rows": 1,"Plan Width": 32,"Actual Startup Time": 56.685,"Actual Total Time": 56.685,"Actual Rows": 1,"Actual Loops": 3,"Workers": [],"Plans": [{"Node Type": "Seq Scan","Parent Relationship": "Outer","Parallel Aware": true,"Async Capable": false,"Relation Name": "customer","Alias": "customer_1","Startup Cost": 0.00,"Total Cost": 5225.62,"Plan Rows": 1994,"Plan Width": 6,"Actual Startup Time": 0.041,"Actual Total Time": 55.559,"Actual Rows": 12712,"Actual Loops": 3,"Filter": "((c_acctbal > 0.00) AND (SUBSTRING(c_phone FROM 1 FOR 2) = ANY ('{21,30,33,16,10,19,17}'::text[])))","Rows Removed by Filter": 37288,"Workers": []}]}]}]},{"Node Type": "Gather Merge","Parent Relationship": "Outer","Parallel Aware": false,"Async Capable": false,"Startup Cost": 6741.22,"Total Cost": 6821.30,"Plan Rows": 620,"Plan Width": 72,"Actual Startup Time": 137.501,"Actual Total Time": 140.806,"Actual Rows": 21,"Actual Loops": 1,"Workers Planned": 2,"Params Evaluated": ["$1"],"Workers Launched": 2,"Plans": [{"Node Type": "Aggregate","Strategy": "Sorted","Partial Mode": "Partial","Parent Relationship": "Outer","Parallel Aware": false,"Async Capable": false,"Startup Cost": 5741.19,"Total Cost": 5749.72,"Plan Rows": 310,"Plan Width": 72,"Actual Startup Time": 68.156,"Actual Total Time": 68.462,"Actual Rows": 7,"Actual Loops": 3,"Group Key": ["(SUBSTRING(customer.c_phone FROM 1 FOR 2))"],"Workers": [],"Plans": [{"Node Type": "Sort","Parent Relationship": "Outer","Parallel Aware": false,"Async Capable": false,"Startup Cost": 5741.19,"Total Cost": 5741.97,"Plan Rows": 310,"Plan Width": 38,"Actual Startup Time": 68.091,"Actual Total Time": 68.174,"Actual Rows": 2136,"Actual Loops": 3,"Sort Key": ["(SUBSTRING(customer.c_phone FROM 1 FOR 2))"],"Sort Method": "quicksort","Sort Space Used": 238,"Sort Space Type": "Memory","Workers": [{"Worker Number": 0,"Sort Method": "quicksort","Sort Space Used": 154,"Sort Space Type": "Memory"},{"Worker Number": 1,"Sort Method": "quicksort","Sort Space Used": 152,"Sort Space Type": "Memory"}],"Plans": [{"Node Type": "Nested Loop","Parent Relationship": "Outer","Parallel Aware": false,"Async Capable": false,"Join Type": "Anti","Startup Cost": 0.43,"Total Cost": 5728.36,"Plan Rows": 310,"Plan Width": 38,"Actual Startup Time": 0.147,"Actual Total Time": 67.313,"Actual Rows": 2136,"Actual Loops": 3,"Inner Unique": false,"Workers": [],"Plans": [{"Node Type": "Seq Scan","Parent Relationship": "Outer","Parallel Aware": true,"Async Capable": false,"Relation Name": "customer","Alias": "customer","Startup Cost": 0.00,"Total Cost": 5225.62,"Plan Rows": 729,"Plan Width": 26,"Actual Startup Time": 0.040,"Actual Total Time": 44.047,"Actual Rows": 6328,"Actual Loops": 3,"Filter": "((c_acctbal > $1) AND (SUBSTRING(c_phone FROM 1 FOR 2) = ANY ('{21,30,33,16,10,19,17}'::text[])))","Rows Removed by Filter": 43672,"Workers": []},{"Node Type": "Index Only Scan","Parent Relationship": "Inner","Parallel Aware": false,"Async Capable": false,"Scan Direction": "Forward","Index Name": "idx_orders_custkey","Relation Name": "orders","Alias": "orders","Startup Cost": 0.43,"Total Cost": 3.28,"Plan Rows": 17,"Plan Width": 4,"Actual Startup Time": 0.003,"Actual Total Time": 0.003,"Actual Rows": 1,"Actual Loops": 18983,"Index Cond": "(o_custkey = customer.c_custkey)","Rows Removed by Index Recheck": 0,"Heap Fetches": 0,"Workers": []}]}]}]}]}]},"Planning Time": 3.168,"Triggers": [],"Execution Time": 141.307}]
[{"Plan": {"Node Type": "Aggregate","Strategy": "Sorted","Partial Mode": "Finalize","Parallel Aware": false,"Async Capable": false,"Startup Cost": 12972.06,"Total Cost": 13071.37,"Plan Rows": 744,"Plan Width": 72,"Actual Startup Time": 126.458,"Actual Total Time": 129.766,"Actual Rows": 7,"Actual Loops": 1,"Group Key": ["(SUBSTRING(customer.c_phone FROM 1 FOR 2))"],"Plans": [{"Node Type": "Aggregate","Strategy": "Plain","Partial Mode": "Finalize","Parent Relationship": "InitPlan","Subplan Name": "InitPlan 1 (returns $1)","Parallel Aware": false,"Async Capable": false,"Startup Cost": 6230.83,"Total Cost": 6230.84,"Plan Rows": 1,"Plan Width": 32,"Actual Startup Time": 55.065,"Actual Total Time": 55.223,"Actual Rows": 1,"Actual Loops": 1,"Plans": [{"Node Type": "Gather","Parent Relationship": "Outer","Parallel Aware": false,"Async Capable": false,"Startup Cost": 6230.61,"Total Cost": 6230.82,"Plan Rows": 2,"Plan Width": 32,"Actual Startup Time": 54.987,"Actual Total Time": 55.210,"Actual Rows": 3,"Actual Loops": 1,"Workers Planned": 2,"Workers Launched": 2,"Single Copy": false,"Plans": [{"Node Type": "Aggregate","Strategy": "Plain","Partial Mode": "Partial","Parent Relationship": "Outer","Parallel Aware": false,"Async Capable": false,"Startup Cost": 5230.61,"Total Cost": 5230.62,"Plan Rows": 1,"Plan Width": 32,"Actual Startup Time": 49.382,"Actual Total Time": 49.385,"Actual Rows": 1,"Actual Loops": 3,"Workers": [],"Plans": [{"Node Type": "Seq Scan","Parent Relationship": "Outer","Parallel Aware": true,"Async Capable": false,"Relation Name": "customer","Alias": "customer_1","Startup Cost": 0.00,"Total Cost": 5225.62,"Plan Rows": 1994,"Plan Width": 6,"Actual Startup Time": 0.042,"Actual Total Time": 48.325,"Actual Rows": 12777,"Actual Loops": 3,"Filter": "((c_acctbal > 0.00) AND (SUBSTRING(c_phone FROM 1 FOR 2) = ANY ('{29,16,19,21,26,13,17}'::text[])))","Rows Removed by Filter": 37223,"Workers": []}]}]}]},{"Node Type": "Gather Merge","Parent Relationship": "Outer","Parallel Aware": false,"Async Capable": false,"Startup Cost": 6741.22,"Total Cost": 6821.30,"Plan Rows": 620,"Plan Width": 72,"Actual Startup Time": 126.334,"Actual Total Time": 129.558,"Actual Rows": 21,"Actual Loops": 1,"Workers Planned": 2,"Params Evaluated": ["$1"],"Workers Launched": 2,"Plans": [{"Node Type": "Aggregate","Strategy": "Sorted","Partial Mode": "Partial","Parent Relationship": "Outer","Parallel Aware": false,"Async Capable": false,"Startup Cost": 5741.19,"Total Cost": 5749.72,"Plan Rows": 310,"Plan Width": 72,"Actual Startup Time": 64.568,"Actual Total Time": 64.869,"Actual Rows": 7,"Actual Loops": 3,"Group Key": ["(SUBSTRING(customer.c_phone FROM 1 FOR 2))"],"Workers": [],"Plans": [{"Node Type": "Sort","Parent Relationship": "Outer","Parallel Aware": false,"Async Capable": false,"Startup Cost": 5741.19,"Total Cost": 5741.97,"Plan Rows": 310,"Plan Width": 38,"Actual Startup Time": 64.497,"Actual Total Time": 64.576,"Actual Rows": 2115,"Actual Loops": 3,"Sort Key": ["(SUBSTRING(customer.c_phone FROM 1 FOR 2))"],"Sort Method": "quicksort","Sort Space Used": 232,"Sort Space Type": "Memory","Workers": [{"Worker Number": 0,"Sort Method": "quicksort","Sort Space Used": 157,"Sort Space Type": "Memory"},{"Worker Number": 1,"Sort Method": "quicksort","Sort Space Used": 152,"Sort Space Type": "Memory"}],"Plans": [{"Node Type": "Nested Loop","Parent Relationship": "Outer","Parallel Aware": false,"Async Capable": false,"Join Type": "Anti","Startup Cost": 0.43,"Total Cost": 5728.36,"Plan Rows": 310,"Plan Width": 38,"Actual Startup Time": 0.174,"Actual Total Time": 63.714,"Actual Rows": 2115,"Actual Loops": 3,"Inner Unique": false,"Workers": [],"Plans": [{"Node Type": "Seq Scan","Parent Relationship": "Outer","Parallel Aware": true,"Async Capable": false,"Relation Name": "customer","Alias": "customer","Startup Cost": 0.00,"Total Cost": 5225.62,"Plan Rows": 729,"Plan Width": 26,"Actual Startup Time": 0.037,"Actual Total Time": 41.073,"Actual Rows": 6378,"Actual Loops": 3,"Filter": "((c_acctbal > $1) AND (SUBSTRING(c_phone FROM 1 FOR 2) = ANY ('{29,16,19,21,26,13,17}'::text[])))","Rows Removed by Filter": 43622,"Workers": []},{"Node Type": "Index Only Scan","Parent Relationship": "Inner","Parallel Aware": false,"Async Capable": false,"Scan Direction": "Forward","Index Name": "idx_orders_custkey","Relation Name": "orders","Alias": "orders","Startup Cost": 0.43,"Total Cost": 3.28,"Plan Rows": 17,"Plan Width": 4,"Actual Startup Time": 0.003,"Actual Total Time": 0.003,"Actual Rows": 1,"Actual Loops": 19133,"Index Cond": "(o_custkey = customer.c_custkey)","Rows Removed by Index Recheck": 0,"Heap Fetches": 0,"Workers": []}]}]}]}]}]},"Planning Time": 3.305,"Triggers": [],"Execution Time": 130.044}]
[{"Plan": {"Node Type": "Aggregate","Strategy": "Sorted","Partial Mode": "Finalize","Parallel Aware": false,"Async Capable": false,"Startup Cost": 12972.06,"Total Cost": 13071.37,"Plan Rows": 744,"Plan Width": 72,"Actual Startup Time": 132.402,"Actual Total Time": 135.851,"Actual Rows": 7,"Actual Loops": 1,"Group Key": ["(SUBSTRING(customer.c_phone FROM 1 FOR 2))"],"Plans": [{"Node Type": "Aggregate","Strategy": "Plain","Partial Mode": "Finalize","Parent Relationship": "InitPlan","Subplan Name": "InitPlan 1 (returns $1)","Parallel Aware": false,"Async Capable": false,"Startup Cost": 6230.83,"Total Cost": 6230.84,"Plan Rows": 1,"Plan Width": 32,"Actual Startup Time": 57.128,"Actual Total Time": 57.340,"Actual Rows": 1,"Actual Loops": 1,"Plans": [{"Node Type": "Gather","Parent Relationship": "Outer","Parallel Aware": false,"Async Capable": false,"Startup Cost": 6230.61,"Total Cost": 6230.82,"Plan Rows": 2,"Plan Width": 32,"Actual Startup Time": 57.015,"Actual Total Time": 57.321,"Actual Rows": 3,"Actual Loops": 1,"Workers Planned": 2,"Workers Launched": 2,"Single Copy": false,"Plans": [{"Node Type": "Aggregate","Strategy": "Plain","Partial Mode": "Partial","Parent Relationship": "Outer","Parallel Aware": false,"Async Capable": false,"Startup Cost": 5230.61,"Total Cost": 5230.62,"Plan Rows": 1,"Plan Width": 32,"Actual Startup Time": 51.370,"Actual Total Time": 51.371,"Actual Rows": 1,"Actual Loops": 3,"Workers": [],"Plans": [{"Node Type": "Seq Scan","Parent Relationship": "Outer","Parallel Aware": true,"Async Capable": false,"Relation Name": "customer","Alias": "customer_1","Startup Cost": 0.00,"Total Cost": 5225.62,"Plan Rows": 1994,"Plan Width": 6,"Actual Startup Time": 0.040,"Actual Total Time": 50.263,"Actual Rows": 12714,"Actual Loops": 3,"Filter": "((c_acctbal > 0.00) AND (SUBSTRING(c_phone FROM 1 FOR 2) = ANY ('{32,33,30,24,26,15,14}'::text[])))","Rows Removed by Filter": 37286,"Workers": []}]}]}]},{"Node Type": "Gather Merge","Parent Relationship": "Outer","Parallel Aware": false,"Async Capable": false,"Startup Cost": 6741.22,"Total Cost": 6821.30,"Plan Rows": 620,"Plan Width": 72,"Actual Startup Time": 132.251,"Actual Total Time": 135.576,"Actual Rows": 21,"Actual Loops": 1,"Workers Planned": 2,"Params Evaluated": ["$1"],"Workers Launched": 2,"Plans": [{"Node Type": "Aggregate","Strategy": "Sorted","Partial Mode": "Partial","Parent Relationship": "Outer","Parallel Aware": false,"Async Capable": false,"Startup Cost": 5741.19,"Total Cost": 5749.72,"Plan Rows": 310,"Plan Width": 72,"Actual Startup Time": 68.231,"Actual Total Time": 68.532,"Actual Rows": 7,"Actual Loops": 3,"Group Key": ["(SUBSTRING(customer.c_phone FROM 1 FOR 2))"],"Workers": [],"Plans": [{"Node Type": "Sort","Parent Relationship": "Outer","Parallel Aware": false,"Async Capable": false,"Startup Cost": 5741.19,"Total Cost": 5741.97,"Plan Rows": 310,"Plan Width": 38,"Actual Startup Time": 68.159,"Actual Total Time": 68.242,"Actual Rows": 2130,"Actual Loops": 3,"Sort Key": ["(SUBSTRING(customer.c_phone FROM 1 FOR 2))"],"Sort Method": "quicksort","Sort Space Used": 239,"Sort Space Type": "Memory","Workers": [{"Worker Number": 0,"Sort Method": "quicksort","Sort Space Used": 152,"Sort Space Type": "Memory"},{"Worker Number": 1,"Sort Method": "quicksort","Sort Space Used": 152,"Sort Space Type": "Memory"}],"Plans": [{"Node Type": "Nested Loop","Parent Relationship": "Outer","Parallel Aware": false,"Async Capable": false,"Join Type": "Anti","Startup Cost": 0.43,"Total Cost": 5728.36,"Plan Rows": 310,"Plan Width": 38,"Actual Startup Time": 0.174,"Actual Total Time": 67.370,"Actual Rows": 2130,"Actual Loops": 3,"Inner Unique": false,"Workers": [],"Plans": [{"Node Type": "Seq Scan","Parent Relationship": "Outer","Parallel Aware": true,"Async Capable": false,"Relation Name": "customer","Alias": "customer","Startup Cost": 0.00,"Total Cost": 5225.62,"Plan Rows": 729,"Plan Width": 26,"Actual Startup Time": 0.051,"Actual Total Time": 44.403,"Actual Rows": 6362,"Actual Loops": 3,"Filter": "((c_acctbal > $1) AND (SUBSTRING(c_phone FROM 1 FOR 2) = ANY ('{32,33,30,24,26,15,14}'::text[])))","Rows Removed by Filter": 43638,"Workers": []},{"Node Type": "Index Only Scan","Parent Relationship": "Inner","Parallel Aware": false,"Async Capable": false,"Scan Direction": "Forward","Index Name": "idx_orders_custkey","Relation Name": "orders","Alias": "orders","Startup Cost": 0.43,"Total Cost": 3.28,"Plan Rows": 17,"Plan Width": 4,"Actual Startup Time": 0.003,"Actual Total Time": 0.003,"Actual Rows": 1,"Actual Loops": 19087,"Index Cond": "(o_custkey = customer.c_custkey)","Rows Removed by Index Recheck": 0,"Heap Fetches": 0,"Workers": []}]}]}]}]}]},"Planning Time": 4.708,"Triggers": [],"Execution Time": 136.357}]
[{"Plan": {"Node Type": "Aggregate","Strategy": "Sorted","Partial Mode": "Finalize","Parallel Aware": false,"Async Capable": false,"Startup Cost": 12972.06,"Total Cost": 13071.37,"Plan Rows": 744,"Plan Width": 72,"Actual Startup Time": 138.995,"Actual Total Time": 142.518,"Actual Rows": 7,"Actual Loops": 1,"Group Key": ["(SUBSTRING(customer.c_phone FROM 1 FOR 2))"],"Plans": [{"Node Type": "Aggregate","Strategy": "Plain","Partial Mode": "Finalize","Parent Relationship": "InitPlan","Subplan Name": "InitPlan 1 (returns $1)","Parallel Aware": false,"Async Capable": false,"Startup Cost": 6230.83,"Total Cost": 6230.84,"Plan Rows": 1,"Plan Width": 32,"Actual Startup Time": 62.203,"Actual Total Time": 62.414,"Actual Rows": 1,"Actual Loops": 1,"Plans": [{"Node Type": "Gather","Parent Relationship": "Outer","Parallel Aware": false,"Async Capable": false,"Startup Cost": 6230.61,"Total Cost": 6230.82,"Plan Rows": 2,"Plan Width": 32,"Actual Startup Time": 62.091,"Actual Total Time": 62.397,"Actual Rows": 3,"Actual Loops": 1,"Workers Planned": 2,"Workers Launched": 2,"Single Copy": false,"Plans": [{"Node Type": "Aggregate","Strategy": "Plain","Partial Mode": "Partial","Parent Relationship": "Outer","Parallel Aware": false,"Async Capable": false,"Startup Cost": 5230.61,"Total Cost": 5230.62,"Plan Rows": 1,"Plan Width": 32,"Actual Startup Time": 55.790,"Actual Total Time": 55.791,"Actual Rows": 1,"Actual Loops": 3,"Workers": [],"Plans": [{"Node Type": "Seq Scan","Parent Relationship": "Outer","Parallel Aware": true,"Async Capable": false,"Relation Name": "customer","Alias": "customer_1","Startup Cost": 0.00,"Total Cost": 5225.62,"Plan Rows": 1994,"Plan Width": 6,"Actual Startup Time": 0.038,"Actual Total Time": 54.760,"Actual Rows": 12677,"Actual Loops": 3,"Filter": "((c_acctbal > 0.00) AND (SUBSTRING(c_phone FROM 1 FOR 2) = ANY ('{29,11,16,25,14,15,30}'::text[])))","Rows Removed by Filter": 37323,"Workers": []}]}]}]},{"Node Type": "Gather Merge","Parent Relationship": "Outer","Parallel Aware": false,"Async Capable": false,"Startup Cost": 6741.22,"Total Cost": 6821.30,"Plan Rows": 620,"Plan Width": 72,"Actual Startup Time": 138.866,"Actual Total Time": 142.237,"Actual Rows": 21,"Actual Loops": 1,"Workers Planned": 2,"Params Evaluated": ["$1"],"Workers Launched": 2,"Plans": [{"Node Type": "Aggregate","Strategy": "Sorted","Partial Mode": "Partial","Parent Relationship": "Outer","Parallel Aware": false,"Async Capable": false,"Startup Cost": 5741.19,"Total Cost": 5749.72,"Plan Rows": 310,"Plan Width": 72,"Actual Startup Time": 69.765,"Actual Total Time": 70.058,"Actual Rows": 7,"Actual Loops": 3,"Group Key": ["(SUBSTRING(customer.c_phone FROM 1 FOR 2))"],"Workers": [],"Plans": [{"Node Type": "Sort","Parent Relationship": "Outer","Parallel Aware": false,"Async Capable": false,"Startup Cost": 5741.19,"Total Cost": 5741.97,"Plan Rows": 310,"Plan Width": 38,"Actual Startup Time": 69.698,"Actual Total Time": 69.775,"Actual Rows": 2118,"Actual Loops": 3,"Sort Key": ["(SUBSTRING(customer.c_phone FROM 1 FOR 2))"],"Sort Method": "quicksort","Sort Space Used": 231,"Sort Space Type": "Memory","Workers": [{"Worker Number": 0,"Sort Method": "quicksort","Sort Space Used": 152,"Sort Space Type": "Memory"},{"Worker Number": 1,"Sort Method": "quicksort","Sort Space Used": 157,"Sort Space Type": "Memory"}],"Plans": [{"Node Type": "Nested Loop","Parent Relationship": "Outer","Parallel Aware": false,"Async Capable": false,"Join Type": "Anti","Startup Cost": 0.43,"Total Cost": 5728.36,"Plan Rows": 310,"Plan Width": 38,"Actual Startup Time": 0.148,"Actual Total Time": 68.880,"Actual Rows": 2118,"Actual Loops": 3,"Inner Unique": false,"Workers": [],"Plans": [{"Node Type": "Seq Scan","Parent Relationship": "Outer","Parallel Aware": true,"Async Capable": false,"Relation Name": "customer","Alias": "customer","Startup Cost": 0.00,"Total Cost": 5225.62,"Plan Rows": 729,"Plan Width": 26,"Actual Startup Time": 0.031,"Actual Total Time": 45.408,"Actual Rows": 6321,"Actual Loops": 3,"Filter": "((c_acctbal > $1) AND (SUBSTRING(c_phone FROM 1 FOR 2) = ANY ('{29,11,16,25,14,15,30}'::text[])))","Rows Removed by Filter": 43679,"Workers": []},{"Node Type": "Index Only Scan","Parent Relationship": "Inner","Parallel Aware": false,"Async Capable": false,"Scan Direction": "Forward","Index Name": "idx_orders_custkey","Relation Name": "orders","Alias": "orders","Startup Cost": 0.43,"Total Cost": 3.28,"Plan Rows": 17,"Plan Width": 4,"Actual Startup Time": 0.003,"Actual Total Time": 0.003,"Actual Rows": 1,"Actual Loops": 18963,"Index Cond": "(o_custkey = customer.c_custkey)","Rows Removed by Index Recheck": 0,"Heap Fetches": 0,"Workers": []}]}]}]}]}]},"Planning Time": 3.858,"Triggers": [],"Execution Time": 142.882}]
[{"Plan": {"Node Type": "Aggregate","Strategy": "Sorted","Partial Mode": "Finalize","Parallel Aware": false,"Async Capable": false,"Startup Cost": 12972.06,"Total Cost": 13071.37,"Plan Rows": 744,"Plan Width": 72,"Actual Startup Time": 139.502,"Actual Total Time": 142.972,"Actual Rows": 7,"Actual Loops": 1,"Group Key": ["(SUBSTRING(customer.c_phone FROM 1 FOR 2))"],"Plans": [{"Node Type": "Aggregate","Strategy": "Plain","Partial Mode": "Finalize","Parent Relationship": "InitPlan","Subplan Name": "InitPlan 1 (returns $1)","Parallel Aware": false,"Async Capable": false,"Startup Cost": 6230.83,"Total Cost": 6230.84,"Plan Rows": 1,"Plan Width": 32,"Actual Startup Time": 61.249,"Actual Total Time": 61.438,"Actual Rows": 1,"Actual Loops": 1,"Plans": [{"Node Type": "Gather","Parent Relationship": "Outer","Parallel Aware": false,"Async Capable": false,"Startup Cost": 6230.61,"Total Cost": 6230.82,"Plan Rows": 2,"Plan Width": 32,"Actual Startup Time": 61.181,"Actual Total Time": 61.423,"Actual Rows": 3,"Actual Loops": 1,"Workers Planned": 2,"Workers Launched": 2,"Single Copy": false,"Plans": [{"Node Type": "Aggregate","Strategy": "Plain","Partial Mode": "Partial","Parent Relationship": "Outer","Parallel Aware": false,"Async Capable": false,"Startup Cost": 5230.61,"Total Cost": 5230.62,"Plan Rows": 1,"Plan Width": 32,"Actual Startup Time": 55.444,"Actual Total Time": 55.446,"Actual Rows": 1,"Actual Loops": 3,"Workers": [],"Plans": [{"Node Type": "Seq Scan","Parent Relationship": "Outer","Parallel Aware": true,"Async Capable": false,"Relation Name": "customer","Alias": "customer_1","Startup Cost": 0.00,"Total Cost": 5225.62,"Plan Rows": 1994,"Plan Width": 6,"Actual Startup Time": 0.063,"Actual Total Time": 54.364,"Actual Rows": 12697,"Actual Loops": 3,"Filter": "((c_acctbal > 0.00) AND (SUBSTRING(c_phone FROM 1 FOR 2) = ANY ('{13,27,12,26,29,10,20}'::text[])))","Rows Removed by Filter": 37303,"Workers": []}]}]}]},{"Node Type": "Gather Merge","Parent Relationship": "Outer","Parallel Aware": false,"Async Capable": false,"Startup Cost": 6741.22,"Total Cost": 6821.30,"Plan Rows": 620,"Plan Width": 72,"Actual Startup Time": 139.366,"Actual Total Time": 142.732,"Actual Rows": 21,"Actual Loops": 1,"Workers Planned": 2,"Params Evaluated": ["$1"],"Workers Launched": 2,"Plans": [{"Node Type": "Aggregate","Strategy": "Sorted","Partial Mode": "Partial","Parent Relationship": "Outer","Parallel Aware": false,"Async Capable": false,"Startup Cost": 5741.19,"Total Cost": 5749.72,"Plan Rows": 310,"Plan Width": 72,"Actual Startup Time": 71.636,"Actual Total Time": 71.935,"Actual Rows": 7,"Actual Loops": 3,"Group Key": ["(SUBSTRING(customer.c_phone FROM 1 FOR 2))"],"Workers": [],"Plans": [{"Node Type": "Sort","Parent Relationship": "Outer","Parallel Aware": false,"Async Capable": false,"Startup Cost": 5741.19,"Total Cost": 5741.97,"Plan Rows": 310,"Plan Width": 38,"Actual Startup Time": 71.570,"Actual Total Time": 71.657,"Actual Rows": 2080,"Actual Loops": 3,"Sort Key": ["(SUBSTRING(customer.c_phone FROM 1 FOR 2))"],"Sort Method": "quicksort","Sort Space Used": 230,"Sort Space Type": "Memory","Workers": [{"Worker Number": 0,"Sort Method": "quicksort","Sort Space Used": 157,"Sort Space Type": "Memory"},{"Worker Number": 1,"Sort Method": "quicksort","Sort Space Used": 148,"Sort Space Type": "Memory"}],"Plans": [{"Node Type": "Nested Loop","Parent Relationship": "Outer","Parallel Aware": false,"Async Capable": false,"Join Type": "Anti","Startup Cost": 0.43,"Total Cost": 5728.36,"Plan Rows": 310,"Plan Width": 38,"Actual Startup Time": 0.163,"Actual Total Time": 70.784,"Actual Rows": 2080,"Actual Loops": 3,"Inner Unique": false,"Workers": [],"Plans": [{"Node Type": "Seq Scan","Parent Relationship": "Outer","Parallel Aware": true,"Async Capable": false,"Relation Name": "customer","Alias": "customer","Startup Cost": 0.00,"Total Cost": 5225.62,"Plan Rows": 729,"Plan Width": 26,"Actual Startup Time": 0.046,"Actual Total Time": 46.730,"Actual Rows": 6325,"Actual Loops": 3,"Filter": "((c_acctbal > $1) AND (SUBSTRING(c_phone FROM 1 FOR 2) = ANY ('{13,27,12,26,29,10,20}'::text[])))","Rows Removed by Filter": 43675,"Workers": []},{"Node Type": "Index Only Scan","Parent Relationship": "Inner","Parallel Aware": false,"Async Capable": false,"Scan Direction": "Forward","Index Name": "idx_orders_custkey","Relation Name": "orders","Alias": "orders","Startup Cost": 0.43,"Total Cost": 3.28,"Plan Rows": 17,"Plan Width": 4,"Actual Startup Time": 0.003,"Actual Total Time": 0.003,"Actual Rows": 1,"Actual Loops": 18975,"Index Cond": "(o_custkey = customer.c_custkey)","Rows Removed by Index Recheck": 0,"Heap Fetches": 0,"Workers": []}]}]}]}]}]},"Planning Time": 4.181,"Triggers": [],"Execution Time": 143.319}]
[{"Plan": {"Node Type": "Aggregate","Strategy": "Sorted","Partial Mode": "Finalize","Parallel Aware": false,"Async Capable": false,"Startup Cost": 12972.06,"Total Cost": 13071.37,"Plan Rows": 744,"Plan Width": 72,"Actual Startup Time": 136.169,"Actual Total Time": 139.958,"Actual Rows": 7,"Actual Loops": 1,"Group Key": ["(SUBSTRING(customer.c_phone FROM 1 FOR 2))"],"Plans": [{"Node Type": "Aggregate","Strategy": "Plain","Partial Mode": "Finalize","Parent Relationship": "InitPlan","Subplan Name": "InitPlan 1 (returns $1)","Parallel Aware": false,"Async Capable": false,"Startup Cost": 6230.83,"Total Cost": 6230.84,"Plan Rows": 1,"Plan Width": 32,"Actual Startup Time": 59.934,"Actual Total Time": 60.131,"Actual Rows": 1,"Actual Loops": 1,"Plans": [{"Node Type": "Gather","Parent Relationship": "Outer","Parallel Aware": false,"Async Capable": false,"Startup Cost": 6230.61,"Total Cost": 6230.82,"Plan Rows": 2,"Plan Width": 32,"Actual Startup Time": 59.846,"Actual Total Time": 60.114,"Actual Rows": 3,"Actual Loops": 1,"Workers Planned": 2,"Workers Launched": 2,"Single Copy": false,"Plans": [{"Node Type": "Aggregate","Strategy": "Plain","Partial Mode": "Partial","Parent Relationship": "Outer","Parallel Aware": false,"Async Capable": false,"Startup Cost": 5230.61,"Total Cost": 5230.62,"Plan Rows": 1,"Plan Width": 32,"Actual Startup Time": 54.031,"Actual Total Time": 54.033,"Actual Rows": 1,"Actual Loops": 3,"Workers": [],"Plans": [{"Node Type": "Seq Scan","Parent Relationship": "Outer","Parallel Aware": true,"Async Capable": false,"Relation Name": "customer","Alias": "customer_1","Startup Cost": 0.00,"Total Cost": 5225.62,"Plan Rows": 1994,"Plan Width": 6,"Actual Startup Time": 0.044,"Actual Total Time": 52.947,"Actual Rows": 12706,"Actual Loops": 3,"Filter": "((c_acctbal > 0.00) AND (SUBSTRING(c_phone FROM 1 FOR 2) = ANY ('{23,16,28,15,22,25,14}'::text[])))","Rows Removed by Filter": 37294,"Workers": []}]}]}]},{"Node Type": "Gather Merge","Parent Relationship": "Outer","Parallel Aware": false,"Async Capable": false,"Startup Cost": 6741.22,"Total Cost": 6821.30,"Plan Rows": 620,"Plan Width": 72,"Actual Startup Time": 136.047,"Actual Total Time": 139.711,"Actual Rows": 21,"Actual Loops": 1,"Workers Planned": 2,"Params Evaluated": ["$1"],"Workers Launched": 2,"Plans": [{"Node Type": "Aggregate","Strategy": "Sorted","Partial Mode": "Partial","Parent Relationship": "Outer","Parallel Aware": false,"Async Capable": false,"Startup Cost": 5741.19,"Total Cost": 5749.72,"Plan Rows": 310,"Plan Width": 72,"Actual Startup Time": 69.522,"Actual Total Time": 69.818,"Actual Rows": 7,"Actual Loops": 3,"Group Key": ["(SUBSTRING(customer.c_phone FROM 1 FOR 2))"],"Workers": [],"Plans": [{"Node Type": "Sort","Parent Relationship": "Outer","Parallel Aware": false,"Async Capable": false,"Startup Cost": 5741.19,"Total Cost": 5741.97,"Plan Rows": 310,"Plan Width": 38,"Actual Startup Time": 69.445,"Actual Total Time": 69.526,"Actual Rows": 2109,"Actual Loops": 3,"Sort Key": ["(SUBSTRING(customer.c_phone FROM 1 FOR 2))"],"Sort Method": "quicksort","Sort Space Used": 234,"Sort Space Type": "Memory","Workers": [{"Worker Number": 0,"Sort Method": "quicksort","Sort Space Used": 153,"Sort Space Type": "Memory"},{"Worker Number": 1,"Sort Method": "quicksort","Sort Space Used": 151,"Sort Space Type": "Memory"}],"Plans": [{"Node Type": "Nested Loop","Parent Relationship": "Outer","Parallel Aware": false,"Async Capable": false,"Join Type": "Anti","Startup Cost": 0.43,"Total Cost": 5728.36,"Plan Rows": 310,"Plan Width": 38,"Actual Startup Time": 0.186,"Actual Total Time": 68.633,"Actual Rows": 2109,"Actual Loops": 3,"Inner Unique": false,"Workers": [],"Plans": [{"Node Type": "Seq Scan","Parent Relationship": "Outer","Parallel Aware": true,"Async Capable": false,"Relation Name": "customer","Alias": "customer","Startup Cost": 0.00,"Total Cost": 5225.62,"Plan Rows": 729,"Plan Width": 26,"Actual Startup Time": 0.031,"Actual Total Time": 45.292,"Actual Rows": 6337,"Actual Loops": 3,"Filter": "((c_acctbal > $1) AND (SUBSTRING(c_phone FROM 1 FOR 2) = ANY ('{23,16,28,15,22,25,14}'::text[])))","Rows Removed by Filter": 43663,"Workers": []},{"Node Type": "Index Only Scan","Parent Relationship": "Inner","Parallel Aware": false,"Async Capable": false,"Scan Direction": "Forward","Index Name": "idx_orders_custkey","Relation Name": "orders","Alias": "orders","Startup Cost": 0.43,"Total Cost": 3.28,"Plan Rows": 17,"Plan Width": 4,"Actual Startup Time": 0.003,"Actual Total Time": 0.003,"Actual Rows": 1,"Actual Loops": 19012,"Index Cond": "(o_custkey = customer.c_custkey)","Rows Removed by Index Recheck": 0,"Heap Fetches": 0,"Workers": []}]}]}]}]}]},"Planning Time": 3.580,"Triggers": [],"Execution Time": 140.296}]
[{"Plan": {"Node Type": "Aggregate","Strategy": "Sorted","Partial Mode": "Finalize","Parallel Aware": false,"Async Capable": false,"Startup Cost": 12972.06,"Total Cost": 13071.37,"Plan Rows": 744,"Plan Width": 72,"Actual Startup Time": 130.762,"Actual Total Time": 135.112,"Actual Rows": 7,"Actual Loops": 1,"Group Key": ["(SUBSTRING(customer.c_phone FROM 1 FOR 2))"],"Plans": [{"Node Type": "Aggregate","Strategy": "Plain","Partial Mode": "Finalize","Parent Relationship": "InitPlan","Subplan Name": "InitPlan 1 (returns $1)","Parallel Aware": false,"Async Capable": false,"Startup Cost": 6230.83,"Total Cost": 6230.84,"Plan Rows": 1,"Plan Width": 32,"Actual Startup Time": 58.946,"Actual Total Time": 59.133,"Actual Rows": 1,"Actual Loops": 1,"Plans": [{"Node Type": "Gather","Parent Relationship": "Outer","Parallel Aware": false,"Async Capable": false,"Startup Cost": 6230.61,"Total Cost": 6230.82,"Plan Rows": 2,"Plan Width": 32,"Actual Startup Time": 58.838,"Actual Total Time": 59.099,"Actual Rows": 3,"Actual Loops": 1,"Workers Planned": 2,"Workers Launched": 2,"Single Copy": false,"Plans": [{"Node Type": "Aggregate","Strategy": "Plain","Partial Mode": "Partial","Parent Relationship": "Outer","Parallel Aware": false,"Async Capable": false,"Startup Cost": 5230.61,"Total Cost": 5230.62,"Plan Rows": 1,"Plan Width": 32,"Actual Startup Time": 52.640,"Actual Total Time": 52.641,"Actual Rows": 1,"Actual Loops": 3,"Workers": [],"Plans": [{"Node Type": "Seq Scan","Parent Relationship": "Outer","Parallel Aware": true,"Async Capable": false,"Relation Name": "customer","Alias": "customer_1","Startup Cost": 0.00,"Total Cost": 5225.62,"Plan Rows": 1994,"Plan Width": 6,"Actual Startup Time": 0.071,"Actual Total Time": 51.560,"Actual Rows": 12749,"Actual Loops": 3,"Filter": "((c_acctbal > 0.00) AND (SUBSTRING(c_phone FROM 1 FOR 2) = ANY ('{28,24,32,27,26,21,18}'::text[])))","Rows Removed by Filter": 37251,"Workers": []}]}]}]},{"Node Type": "Gather Merge","Parent Relationship": "Outer","Parallel Aware": false,"Async Capable": false,"Startup Cost": 6741.22,"Total Cost": 6821.30,"Plan Rows": 620,"Plan Width": 72,"Actual Startup Time": 130.671,"Actual Total Time": 134.884,"Actual Rows": 21,"Actual Loops": 1,"Workers Planned": 2,"Params Evaluated": ["$1"],"Workers Launched": 2,"Plans": [{"Node Type": "Aggregate","Strategy": "Sorted","Partial Mode": "Partial","Parent Relationship": "Outer","Parallel Aware": false,"Async Capable": false,"Startup Cost": 5741.19,"Total Cost": 5749.72,"Plan Rows": 310,"Plan Width": 72,"Actual Startup Time": 64.291,"Actual Total Time": 64.593,"Actual Rows": 7,"Actual Loops": 3,"Group Key": ["(SUBSTRING(customer.c_phone FROM 1 FOR 2))"],"Workers": [],"Plans": [{"Node Type": "Sort","Parent Relationship": "Outer","Parallel Aware": false,"Async Capable": false,"Startup Cost": 5741.19,"Total Cost": 5741.97,"Plan Rows": 310,"Plan Width": 38,"Actual Startup Time": 64.205,"Actual Total Time": 64.287,"Actual Rows": 2136,"Actual Loops": 3,"Sort Key": ["(SUBSTRING(customer.c_phone FROM 1 FOR 2))"],"Sort Method": "quicksort","Sort Space Used": 232,"Sort Space Type": "Memory","Workers": [{"Worker Number": 0,"Sort Method": "quicksort","Sort Space Used": 155,"Sort Space Type": "Memory"},{"Worker Number": 1,"Sort Method": "quicksort","Sort Space Used": 156,"Sort Space Type": "Memory"}],"Plans": [{"Node Type": "Nested Loop","Parent Relationship": "Outer","Parallel Aware": false,"Async Capable": false,"Join Type": "Anti","Startup Cost": 0.43,"Total Cost": 5728.36,"Plan Rows": 310,"Plan Width": 38,"Actual Startup Time": 0.208,"Actual Total Time": 63.360,"Actual Rows": 2136,"Actual Loops": 3,"Inner Unique": false,"Workers": [],"Plans": [{"Node Type": "Seq Scan","Parent Relationship": "Outer","Parallel Aware": true,"Async Capable": false,"Relation Name": "customer","Alias": "customer","Startup Cost": 0.00,"Total Cost": 5225.62,"Plan Rows": 729,"Plan Width": 26,"Actual Startup Time": 0.044,"Actual Total Time": 41.611,"Actual Rows": 6390,"Actual Loops": 3,"Filter": "((c_acctbal > $1) AND (SUBSTRING(c_phone FROM 1 FOR 2) = ANY ('{28,24,32,27,26,21,18}'::text[])))","Rows Removed by Filter": 43610,"Workers": []},{"Node Type": "Index Only Scan","Parent Relationship": "Inner","Parallel Aware": false,"Async Capable": false,"Scan Direction": "Forward","Index Name": "idx_orders_custkey","Relation Name": "orders","Alias": "orders","Startup Cost": 0.43,"Total Cost": 3.28,"Plan Rows": 17,"Plan Width": 4,"Actual Startup Time": 0.003,"Actual Total Time": 0.003,"Actual Rows": 1,"Actual Loops": 19170,"Index Cond": "(o_custkey = customer.c_custkey)","Rows Removed by Index Recheck": 0,"Heap Fetches": 0,"Workers": []}]}]}]}]}]},"Planning Time": 4.088,"Triggers": [],"Execution Time": 135.522}]
[{"Plan": {"Node Type": "Aggregate","Strategy": "Sorted","Partial Mode": "Finalize","Parallel Aware": false,"Async Capable": false,"Startup Cost": 12972.06,"Total Cost": 13071.37,"Plan Rows": 744,"Plan Width": 72,"Actual Startup Time": 142.995,"Actual Total Time": 146.538,"Actual Rows": 7,"Actual Loops": 1,"Group Key": ["(SUBSTRING(customer.c_phone FROM 1 FOR 2))"],"Plans": [{"Node Type": "Aggregate","Strategy": "Plain","Partial Mode": "Finalize","Parent Relationship": "InitPlan","Subplan Name": "InitPlan 1 (returns $1)","Parallel Aware": false,"Async Capable": false,"Startup Cost": 6230.83,"Total Cost": 6230.84,"Plan Rows": 1,"Plan Width": 32,"Actual Startup Time": 62.042,"Actual Total Time": 62.225,"Actual Rows": 1,"Actual Loops": 1,"Plans": [{"Node Type": "Gather","Parent Relationship": "Outer","Parallel Aware": false,"Async Capable": false,"Startup Cost": 6230.61,"Total Cost": 6230.82,"Plan Rows": 2,"Plan Width": 32,"Actual Startup Time": 61.964,"Actual Total Time": 62.201,"Actual Rows": 3,"Actual Loops": 1,"Workers Planned": 2,"Workers Launched": 2,"Single Copy": false,"Plans": [{"Node Type": "Aggregate","Strategy": "Plain","Partial Mode": "Partial","Parent Relationship": "Outer","Parallel Aware": false,"Async Capable": false,"Startup Cost": 5230.61,"Total Cost": 5230.62,"Plan Rows": 1,"Plan Width": 32,"Actual Startup Time": 56.474,"Actual Total Time": 56.476,"Actual Rows": 1,"Actual Loops": 3,"Workers": [],"Plans": [{"Node Type": "Seq Scan","Parent Relationship": "Outer","Parallel Aware": true,"Async Capable": false,"Relation Name": "customer","Alias": "customer_1","Startup Cost": 0.00,"Total Cost": 5225.62,"Plan Rows": 1994,"Plan Width": 6,"Actual Startup Time": 0.057,"Actual Total Time": 55.414,"Actual Rows": 12673,"Actual Loops": 3,"Filter": "((c_acctbal > 0.00) AND (SUBSTRING(c_phone FROM 1 FOR 2) = ANY ('{30,17,11,12,19,10,13}'::text[])))","Rows Removed by Filter": 37327,"Workers": []}]}]}]},{"Node Type": "Gather Merge","Parent Relationship": "Outer","Parallel Aware": false,"Async Capable": false,"Startup Cost": 6741.22,"Total Cost": 6821.30,"Plan Rows": 620,"Plan Width": 72,"Actual Startup Time": 142.867,"Actual Total Time": 146.282,"Actual Rows": 21,"Actual Loops": 1,"Workers Planned": 2,"Params Evaluated": ["$1"],"Workers Launched": 2,"Plans": [{"Node Type": "Aggregate","Strategy": "Sorted","Partial Mode": "Partial","Parent Relationship": "Outer","Parallel Aware": false,"Async Capable": false,"Startup Cost": 5741.19,"Total Cost": 5749.72,"Plan Rows": 310,"Plan Width": 72,"Actual Startup Time": 74.141,"Actual Total Time": 74.427,"Actual Rows": 7,"Actual Loops": 3,"Group Key": ["(SUBSTRING(customer.c_phone FROM 1 FOR 2))"],"Workers": [],"Plans": [{"Node Type": "Sort","Parent Relationship": "Outer","Parallel Aware": false,"Async Capable": false,"Startup Cost": 5741.19,"Total Cost": 5741.97,"Plan Rows": 310,"Plan Width": 38,"Actual Startup Time": 74.076,"Actual Total Time": 74.151,"Actual Rows": 2092,"Actual Loops": 3,"Sort Key": ["(SUBSTRING(customer.c_phone FROM 1 FOR 2))"],"Sort Method": "quicksort","Sort Space Used": 231,"Sort Space Type": "Memory","Workers": [{"Worker Number": 0,"Sort Method": "quicksort","Sort Space Used": 158,"Sort Space Type": "Memory"},{"Worker Number": 1,"Sort Method": "quicksort","Sort Space Used": 147,"Sort Space Type": "Memory"}],"Plans": [{"Node Type": "Nested Loop","Parent Relationship": "Outer","Parallel Aware": false,"Async Capable": false,"Join Type": "Anti","Startup Cost": 0.43,"Total Cost": 5728.36,"Plan Rows": 310,"Plan Width": 38,"Actual Startup Time": 0.131,"Actual Total Time": 73.252,"Actual Rows": 2092,"Actual Loops": 3,"Inner Unique": false,"Workers": [],"Plans": [{"Node Type": "Seq Scan","Parent Relationship": "Outer","Parallel Aware": true,"Async Capable": false,"Relation Name": "customer","Alias": "customer","Startup Cost": 0.00,"Total Cost": 5225.62,"Plan Rows": 729,"Plan Width": 26,"Actual Startup Time": 0.034,"Actual Total Time": 48.527,"Actual Rows": 6267,"Actual Loops": 3,"Filter": "((c_acctbal > $1) AND (SUBSTRING(c_phone FROM 1 FOR 2) = ANY ('{30,17,11,12,19,10,13}'::text[])))","Rows Removed by Filter": 43733,"Workers": []},{"Node Type": "Index Only Scan","Parent Relationship": "Inner","Parallel Aware": false,"Async Capable": false,"Scan Direction": "Forward","Index Name": "idx_orders_custkey","Relation Name": "orders","Alias": "orders","Startup Cost": 0.43,"Total Cost": 3.28,"Plan Rows": 17,"Plan Width": 4,"Actual Startup Time": 0.004,"Actual Total Time": 0.004,"Actual Rows": 1,"Actual Loops": 18801,"Index Cond": "(o_custkey = customer.c_custkey)","Rows Removed by Index Recheck": 0,"Heap Fetches": 0,"Workers": []}]}]}]}]}]},"Planning Time": 4.128,"Triggers": [],"Execution Time": 146.885}]
[{"Plan": {"Node Type": "Aggregate","Strategy": "Sorted","Partial Mode": "Finalize","Parallel Aware": false,"Async Capable": false,"Startup Cost": 12972.06,"Total Cost": 13071.37,"Plan Rows": 744,"Plan Width": 72,"Actual Startup Time": 140.313,"Actual Total Time": 143.750,"Actual Rows": 7,"Actual Loops": 1,"Group Key": ["(SUBSTRING(customer.c_phone FROM 1 FOR 2))"],"Plans": [{"Node Type": "Aggregate","Strategy": "Plain","Partial Mode": "Finalize","Parent Relationship": "InitPlan","Subplan Name": "InitPlan 1 (returns $1)","Parallel Aware": false,"Async Capable": false,"Startup Cost": 6230.83,"Total Cost": 6230.84,"Plan Rows": 1,"Plan Width": 32,"Actual Startup Time": 61.051,"Actual Total Time": 61.196,"Actual Rows": 1,"Actual Loops": 1,"Plans": [{"Node Type": "Gather","Parent Relationship": "Outer","Parallel Aware": false,"Async Capable": false,"Startup Cost": 6230.61,"Total Cost": 6230.82,"Plan Rows": 2,"Plan Width": 32,"Actual Startup Time": 60.966,"Actual Total Time": 61.182,"Actual Rows": 3,"Actual Loops": 1,"Workers Planned": 2,"Workers Launched": 2,"Single Copy": false,"Plans": [{"Node Type": "Aggregate","Strategy": "Plain","Partial Mode": "Partial","Parent Relationship": "Outer","Parallel Aware": false,"Async Capable": false,"Startup Cost": 5230.61,"Total Cost": 5230.62,"Plan Rows": 1,"Plan Width": 32,"Actual Startup Time": 55.281,"Actual Total Time": 55.283,"Actual Rows": 1,"Actual Loops": 3,"Workers": [],"Plans": [{"Node Type": "Seq Scan","Parent Relationship": "Outer","Parallel Aware": true,"Async Capable": false,"Relation Name": "customer","Alias": "customer_1","Startup Cost": 0.00,"Total Cost": 5225.62,"Plan Rows": 1994,"Plan Width": 6,"Actual Startup Time": 0.049,"Actual Total Time": 54.203,"Actual Rows": 12685,"Actual Loops": 3,"Filter": "((c_acctbal > 0.00) AND (SUBSTRING(c_phone FROM 1 FOR 2) = ANY ('{34,23,18,11,10,26,22}'::text[])))","Rows Removed by Filter": 37315,"Workers": []}]}]}]},{"Node Type": "Gather Merge","Parent Relationship": "Outer","Parallel Aware": false,"Async Capable": false,"Startup Cost": 6741.22,"Total Cost": 6821.30,"Plan Rows": 620,"Plan Width": 72,"Actual Startup Time": 140.184,"Actual Total Time": 143.551,"Actual Rows": 21,"Actual Loops": 1,"Workers Planned": 2,"Params Evaluated": ["$1"],"Workers Launched": 2,"Plans": [{"Node Type": "Aggregate","Strategy": "Sorted","Partial Mode": "Partial","Parent Relationship": "Outer","Parallel Aware": false,"Async Capable": false,"Startup Cost": 5741.19,"Total Cost": 5749.72,"Plan Rows": 310,"Plan Width": 72,"Actual Startup Time": 72.410,"Actual Total Time": 72.710,"Actual Rows": 7,"Actual Loops": 3,"Group Key": ["(SUBSTRING(customer.c_phone FROM 1 FOR 2))"],"Workers": [],"Plans": [{"Node Type": "Sort","Parent Relationship": "Outer","Parallel Aware": false,"Async Capable": false,"Startup Cost": 5741.19,"Total Cost": 5741.97,"Plan Rows": 310,"Plan Width": 38,"Actual Startup Time": 72.342,"Actual Total Time": 72.424,"Actual Rows": 2110,"Actual Loops": 3,"Sort Key": ["(SUBSTRING(customer.c_phone FROM 1 FOR 2))"],"Sort Method": "quicksort","Sort Space Used": 235,"Sort Space Type": "Memory","Workers": [{"Worker Number": 0,"Sort Method": "quicksort","Sort Space Used": 157,"Sort Space Type": "Memory"},{"Worker Number": 1,"Sort Method": "quicksort","Sort Space Used": 148,"Sort Space Type": "Memory"}],"Plans": [{"Node Type": "Nested Loop","Parent Relationship": "Outer","Parallel Aware": false,"Async Capable": false,"Join Type": "Anti","Startup Cost": 0.43,"Total Cost": 5728.36,"Plan Rows": 310,"Plan Width": 38,"Actual Startup Time": 0.206,"Actual Total Time": 71.564,"Actual Rows": 2110,"Actual Loops": 3,"Inner Unique": false,"Workers": [],"Plans": [{"Node Type": "Seq Scan","Parent Relationship": "Outer","Parallel Aware": true,"Async Capable": false,"Relation Name": "customer","Alias": "customer","Startup Cost": 0.00,"Total Cost": 5225.62,"Plan Rows": 729,"Plan Width": 26,"Actual Startup Time": 0.039,"Actual Total Time": 47.526,"Actual Rows": 6338,"Actual Loops": 3,"Filter": "((c_acctbal > $1) AND (SUBSTRING(c_phone FROM 1 FOR 2) = ANY ('{34,23,18,11,10,26,22}'::text[])))","Rows Removed by Filter": 43662,"Workers": []},{"Node Type": "Index Only Scan","Parent Relationship": "Inner","Parallel Aware": false,"Async Capable": false,"Scan Direction": "Forward","Index Name": "idx_orders_custkey","Relation Name": "orders","Alias": "orders","Startup Cost": 0.43,"Total Cost": 3.28,"Plan Rows": 17,"Plan Width": 4,"Actual Startup Time": 0.003,"Actual Total Time": 0.003,"Actual Rows": 1,"Actual Loops": 19015,"Index Cond": "(o_custkey = customer.c_custkey)","Rows Removed by Index Recheck": 0,"Heap Fetches": 0,"Workers": []}]}]}]}]}]},"Planning Time": 4.595,"Triggers": [],"Execution Time": 144.054}]
[{"Plan": {"Node Type": "Aggregate","Strategy": "Sorted","Partial Mode": "Finalize","Parallel Aware": false,"Async Capable": false,"Startup Cost": 12972.06,"Total Cost": 13071.37,"Plan Rows": 744,"Plan Width": 72,"Actual Startup Time": 132.944,"Actual Total Time": 136.906,"Actual Rows": 7,"Actual Loops": 1,"Group Key": ["(SUBSTRING(customer.c_phone FROM 1 FOR 2))"],"Plans": [{"Node Type": "Aggregate","Strategy": "Plain","Partial Mode": "Finalize","Parent Relationship": "InitPlan","Subplan Name": "InitPlan 1 (returns $1)","Parallel Aware": false,"Async Capable": false,"Startup Cost": 6230.83,"Total Cost": 6230.84,"Plan Rows": 1,"Plan Width": 32,"Actual Startup Time": 60.663,"Actual Total Time": 60.949,"Actual Rows": 1,"Actual Loops": 1,"Plans": [{"Node Type": "Gather","Parent Relationship": "Outer","Parallel Aware": false,"Async Capable": false,"Startup Cost": 6230.61,"Total Cost": 6230.82,"Plan Rows": 2,"Plan Width": 32,"Actual Startup Time": 60.541,"Actual Total Time": 60.932,"Actual Rows": 3,"Actual Loops": 1,"Workers Planned": 2,"Workers Launched": 2,"Single Copy": false,"Plans": [{"Node Type": "Aggregate","Strategy": "Plain","Partial Mode": "Partial","Parent Relationship": "Outer","Parallel Aware": false,"Async Capable": false,"Startup Cost": 5230.61,"Total Cost": 5230.62,"Plan Rows": 1,"Plan Width": 32,"Actual Startup Time": 54.496,"Actual Total Time": 54.498,"Actual Rows": 1,"Actual Loops": 3,"Workers": [],"Plans": [{"Node Type": "Seq Scan","Parent Relationship": "Outer","Parallel Aware": true,"Async Capable": false,"Relation Name": "customer","Alias": "customer_1","Startup Cost": 0.00,"Total Cost": 5225.62,"Plan Rows": 1994,"Plan Width": 6,"Actual Startup Time": 0.051,"Actual Total Time": 53.425,"Actual Rows": 12706,"Actual Loops": 3,"Filter": "((c_acctbal > 0.00) AND (SUBSTRING(c_phone FROM 1 FOR 2) = ANY ('{22,24,27,15,31,28,23}'::text[])))","Rows Removed by Filter": 37294,"Workers": []}]}]}]},{"Node Type": "Gather Merge","Parent Relationship": "Outer","Parallel Aware": false,"Async Capable": false,"Startup Cost": 6741.22,"Total Cost": 6821.30,"Plan Rows": 620,"Plan Width": 72,"Actual Startup Time": 132.697,"Actual Total Time": 136.546,"Actual Rows": 21,"Actual Loops": 1,"Workers Planned": 2,"Params Evaluated": ["$1"],"Workers Launched": 2,"Plans": [{"Node Type": "Aggregate","Strategy": "Sorted","Partial Mode": "Partial","Parent Relationship": "Outer","Parallel Aware": false,"Async Capable": false,"Startup Cost": 5741.19,"Total Cost": 5749.72,"Plan Rows": 310,"Plan Width": 72,"Actual Startup Time": 64.324,"Actual Total Time": 64.861,"Actual Rows": 7,"Actual Loops": 3,"Group Key": ["(SUBSTRING(customer.c_phone FROM 1 FOR 2))"],"Workers": [],"Plans": [{"Node Type": "Sort","Parent Relationship": "Outer","Parallel Aware": false,"Async Capable": false,"Startup Cost": 5741.19,"Total Cost": 5741.97,"Plan Rows": 310,"Plan Width": 38,"Actual Startup Time": 64.187,"Actual Total Time": 64.347,"Actual Rows": 2111,"Actual Loops": 3,"Sort Key": ["(SUBSTRING(customer.c_phone FROM 1 FOR 2))"],"Sort Method": "quicksort","Sort Space Used": 228,"Sort Space Type": "Memory","Workers": [{"Worker Number": 0,"Sort Method": "quicksort","Sort Space Used": 158,"Sort Space Type": "Memory"},{"Worker Number": 1,"Sort Method": "quicksort","Sort Space Used": 153,"Sort Space Type": "Memory"}],"Plans": [{"Node Type": "Nested Loop","Parent Relationship": "Outer","Parallel Aware": false,"Async Capable": false,"Join Type": "Anti","Startup Cost": 0.43,"Total Cost": 5728.36,"Plan Rows": 310,"Plan Width": 38,"Actual Startup Time": 0.150,"Actual Total Time": 63.194,"Actual Rows": 2111,"Actual Loops": 3,"Inner Unique": false,"Workers": [],"Plans": [{"Node Type": "Seq Scan","Parent Relationship": "Outer","Parallel Aware": true,"Async Capable": false,"Relation Name": "customer","Alias": "customer","Startup Cost": 0.00,"Total Cost": 5225.62,"Plan Rows": 729,"Plan Width": 26,"Actual Startup Time": 0.035,"Actual Total Time": 41.399,"Actual Rows": 6338,"Actual Loops": 3,"Filter": "((c_acctbal > $1) AND (SUBSTRING(c_phone FROM 1 FOR 2) = ANY ('{22,24,27,15,31,28,23}'::text[])))","Rows Removed by Filter": 43662,"Workers": []},{"Node Type": "Index Only Scan","Parent Relationship": "Inner","Parallel Aware": false,"Async Capable": false,"Scan Direction": "Forward","Index Name": "idx_orders_custkey","Relation Name": "orders","Alias": "orders","Startup Cost": 0.43,"Total Cost": 3.28,"Plan Rows": 17,"Plan Width": 4,"Actual Startup Time": 0.003,"Actual Total Time": 0.003,"Actual Rows": 1,"Actual Loops": 19014,"Index Cond": "(o_custkey = customer.c_custkey)","Rows Removed by Index Recheck": 0,"Heap Fetches": 0,"Workers": []}]}]}]}]}]},"Planning Time": 3.711,"Triggers": [],"Execution Time": 137.293}]
[{"Plan": {"Node Type": "Aggregate","Strategy": "Sorted","Partial Mode": "Finalize","Parallel Aware": false,"Async Capable": false,"Startup Cost": 12972.06,"Total Cost": 13071.37,"Plan Rows": 744,"Plan Width": 72,"Actual Startup Time": 140.857,"Actual Total Time": 144.506,"Actual Rows": 7,"Actual Loops": 1,"Group Key": ["(SUBSTRING(customer.c_phone FROM 1 FOR 2))"],"Plans": [{"Node Type": "Aggregate","Strategy": "Plain","Partial Mode": "Finalize","Parent Relationship": "InitPlan","Subplan Name": "InitPlan 1 (returns $1)","Parallel Aware": false,"Async Capable": false,"Startup Cost": 6230.83,"Total Cost": 6230.84,"Plan Rows": 1,"Plan Width": 32,"Actual Startup Time": 62.044,"Actual Total Time": 62.207,"Actual Rows": 1,"Actual Loops": 1,"Plans": [{"Node Type": "Gather","Parent Relationship": "Outer","Parallel Aware": false,"Async Capable": false,"Startup Cost": 6230.61,"Total Cost": 6230.82,"Plan Rows": 2,"Plan Width": 32,"Actual Startup Time": 61.958,"Actual Total Time": 62.192,"Actual Rows": 3,"Actual Loops": 1,"Workers Planned": 2,"Workers Launched": 2,"Single Copy": false,"Plans": [{"Node Type": "Aggregate","Strategy": "Plain","Partial Mode": "Partial","Parent Relationship": "Outer","Parallel Aware": false,"Async Capable": false,"Startup Cost": 5230.61,"Total Cost": 5230.62,"Plan Rows": 1,"Plan Width": 32,"Actual Startup Time": 56.093,"Actual Total Time": 56.096,"Actual Rows": 1,"Actual Loops": 3,"Workers": [],"Plans": [{"Node Type": "Seq Scan","Parent Relationship": "Outer","Parallel Aware": true,"Async Capable": false,"Relation Name": "customer","Alias": "customer_1","Startup Cost": 0.00,"Total Cost": 5225.62,"Plan Rows": 1994,"Plan Width": 6,"Actual Startup Time": 0.059,"Actual Total Time": 55.008,"Actual Rows": 12730,"Actual Loops": 3,"Filter": "((c_acctbal > 0.00) AND (SUBSTRING(c_phone FROM 1 FOR 2) = ANY ('{29,10,18,26,16,34,21}'::text[])))","Rows Removed by Filter": 37270,"Workers": []}]}]}]},{"Node Type": "Gather Merge","Parent Relationship": "Outer","Parallel Aware": false,"Async Capable": false,"Startup Cost": 6741.22,"Total Cost": 6821.30,"Plan Rows": 620,"Plan Width": 72,"Actual Startup Time": 140.744,"Actual Total Time": 144.266,"Actual Rows": 21,"Actual Loops": 1,"Workers Planned": 2,"Params Evaluated": ["$1"],"Workers Launched": 2,"Plans": [{"Node Type": "Aggregate","Strategy": "Sorted","Partial Mode": "Partial","Parent Relationship": "Outer","Parallel Aware": false,"Async Capable": false,"Startup Cost": 5741.19,"Total Cost": 5749.72,"Plan Rows": 310,"Plan Width": 72,"Actual Startup Time": 72.110,"Actual Total Time": 72.410,"Actual Rows": 7,"Actual Loops": 3,"Group Key": ["(SUBSTRING(customer.c_phone FROM 1 FOR 2))"],"Workers": [],"Plans": [{"Node Type": "Sort","Parent Relationship": "Outer","Parallel Aware": false,"Async Capable": false,"Startup Cost": 5741.19,"Total Cost": 5741.97,"Plan Rows": 310,"Plan Width": 38,"Actual Startup Time": 72.031,"Actual Total Time": 72.111,"Actual Rows": 2141,"Actual Loops": 3,"Sort Key": ["(SUBSTRING(customer.c_phone FROM 1 FOR 2))"],"Sort Method": "quicksort","Sort Space Used": 231,"Sort Space Type": "Memory","Workers": [{"Worker Number": 0,"Sort Method": "quicksort","Sort Space Used": 157,"Sort Space Type": "Memory"},{"Worker Number": 1,"Sort Method": "quicksort","Sort Space Used": 156,"Sort Space Type": "Memory"}],"Plans": [{"Node Type": "Nested Loop","Parent Relationship": "Outer","Parallel Aware": false,"Async Capable": false,"Join Type": "Anti","Startup Cost": 0.43,"Total Cost": 5728.36,"Plan Rows": 310,"Plan Width": 38,"Actual Startup Time": 0.135,"Actual Total Time": 71.221,"Actual Rows": 2141,"Actual Loops": 3,"Inner Unique": false,"Workers": [],"Plans": [{"Node Type": "Seq Scan","Parent Relationship": "Outer","Parallel Aware": true,"Async Capable": false,"Relation Name": "customer","Alias": "customer","Startup Cost": 0.00,"Total Cost": 5225.62,"Plan Rows": 729,"Plan Width": 26,"Actual Startup Time": 0.034,"Actual Total Time": 46.872,"Actual Rows": 6389,"Actual Loops": 3,"Filter": "((c_acctbal > $1) AND (SUBSTRING(c_phone FROM 1 FOR 2) = ANY ('{29,10,18,26,16,34,21}'::text[])))","Rows Removed by Filter": 43611,"Workers": []},{"Node Type": "Index Only Scan","Parent Relationship": "Inner","Parallel Aware": false,"Async Capable": false,"Scan Direction": "Forward","Index Name": "idx_orders_custkey","Relation Name": "orders","Alias": "orders","Startup Cost": 0.43,"Total Cost": 3.28,"Plan Rows": 17,"Plan Width": 4,"Actual Startup Time": 0.003,"Actual Total Time": 0.003,"Actual Rows": 1,"Actual Loops": 19168,"Index Cond": "(o_custkey = customer.c_custkey)","Rows Removed by Index Recheck": 0,"Heap Fetches": 0,"Workers": []}]}]}]}]}]},"Planning Time": 4.541,"Triggers": [],"Execution Time": 144.983}]
[{"Plan": {"Node Type": "Aggregate","Strategy": "Sorted","Partial Mode": "Finalize","Parallel Aware": false,"Async Capable": false,"Startup Cost": 12972.06,"Total Cost": 13071.37,"Plan Rows": 744,"Plan Width": 72,"Actual Startup Time": 139.243,"Actual Total Time": 142.808,"Actual Rows": 7,"Actual Loops": 1,"Group Key": ["(SUBSTRING(customer.c_phone FROM 1 FOR 2))"],"Plans": [{"Node Type": "Aggregate","Strategy": "Plain","Partial Mode": "Finalize","Parent Relationship": "InitPlan","Subplan Name": "InitPlan 1 (returns $1)","Parallel Aware": false,"Async Capable": false,"Startup Cost": 6230.83,"Total Cost": 6230.84,"Plan Rows": 1,"Plan Width": 32,"Actual Startup Time": 60.367,"Actual Total Time": 60.554,"Actual Rows": 1,"Actual Loops": 1,"Plans": [{"Node Type": "Gather","Parent Relationship": "Outer","Parallel Aware": false,"Async Capable": false,"Startup Cost": 6230.61,"Total Cost": 6230.82,"Plan Rows": 2,"Plan Width": 32,"Actual Startup Time": 60.260,"Actual Total Time": 60.537,"Actual Rows": 3,"Actual Loops": 1,"Workers Planned": 2,"Workers Launched": 2,"Single Copy": false,"Plans": [{"Node Type": "Aggregate","Strategy": "Plain","Partial Mode": "Partial","Parent Relationship": "Outer","Parallel Aware": false,"Async Capable": false,"Startup Cost": 5230.61,"Total Cost": 5230.62,"Plan Rows": 1,"Plan Width": 32,"Actual Startup Time": 53.891,"Actual Total Time": 53.894,"Actual Rows": 1,"Actual Loops": 3,"Workers": [],"Plans": [{"Node Type": "Seq Scan","Parent Relationship": "Outer","Parallel Aware": true,"Async Capable": false,"Relation Name": "customer","Alias": "customer_1","Startup Cost": 0.00,"Total Cost": 5225.62,"Plan Rows": 1994,"Plan Width": 6,"Actual Startup Time": 0.061,"Actual Total Time": 52.832,"Actual Rows": 12699,"Actual Loops": 3,"Filter": "((c_acctbal > 0.00) AND (SUBSTRING(c_phone FROM 1 FOR 2) = ANY ('{25,28,17,32,20,21,24}'::text[])))","Rows Removed by Filter": 37301,"Workers": []}]}]}]},{"Node Type": "Gather Merge","Parent Relationship": "Outer","Parallel Aware": false,"Async Capable": false,"Startup Cost": 6741.22,"Total Cost": 6821.30,"Plan Rows": 620,"Plan Width": 72,"Actual Startup Time": 139.134,"Actual Total Time": 142.578,"Actual Rows": 21,"Actual Loops": 1,"Workers Planned": 2,"Params Evaluated": ["$1"],"Workers Launched": 2,"Plans": [{"Node Type": "Aggregate","Strategy": "Sorted","Partial Mode": "Partial","Parent Relationship": "Outer","Parallel Aware": false,"Async Capable": false,"Startup Cost": 5741.19,"Total Cost": 5749.72,"Plan Rows": 310,"Plan Width": 72,"Actual Startup Time": 71.839,"Actual Total Time": 72.141,"Actual Rows": 7,"Actual Loops": 3,"Group Key": ["(SUBSTRING(customer.c_phone FROM 1 FOR 2))"],"Workers": [],"Plans": [{"Node Type": "Sort","Parent Relationship": "Outer","Parallel Aware": false,"Async Capable": false,"Startup Cost": 5741.19,"Total Cost": 5741.97,"Plan Rows": 310,"Plan Width": 38,"Actual Startup Time": 71.774,"Actual Total Time": 71.855,"Actual Rows": 2123,"Actual Loops": 3,"Sort Key": ["(SUBSTRING(customer.c_phone FROM 1 FOR 2))"],"Sort Method": "quicksort","Sort Space Used": 233,"Sort Space Type": "Memory","Workers": [{"Worker Number": 0,"Sort Method": "quicksort","Sort Space Used": 151,"Sort Space Type": "Memory"},{"Worker Number": 1,"Sort Method": "quicksort","Sort Space Used": 157,"Sort Space Type": "Memory"}],"Plans": [{"Node Type": "Nested Loop","Parent Relationship": "Outer","Parallel Aware": false,"Async Capable": false,"Join Type": "Anti","Startup Cost": 0.43,"Total Cost": 5728.36,"Plan Rows": 310,"Plan Width": 38,"Actual Startup Time": 0.242,"Actual Total Time": 70.944,"Actual Rows": 2123,"Actual Loops": 3,"Inner Unique": false,"Workers": [],"Plans": [{"Node Type": "Seq Scan","Parent Relationship": "Outer","Parallel Aware": true,"Async Capable": false,"Relation Name": "customer","Alias": "customer","Startup Cost": 0.00,"Total Cost": 5225.62,"Plan Rows": 729,"Plan Width": 26,"Actual Startup Time": 0.071,"Actual Total Time": 46.375,"Actual Rows": 6358,"Actual Loops": 3,"Filter": "((c_acctbal > $1) AND (SUBSTRING(c_phone FROM 1 FOR 2) = ANY ('{25,28,17,32,20,21,24}'::text[])))","Rows Removed by Filter": 43642,"Workers": []},{"Node Type": "Index Only Scan","Parent Relationship": "Inner","Parallel Aware": false,"Async Capable": false,"Scan Direction": "Forward","Index Name": "idx_orders_custkey","Relation Name": "orders","Alias": "orders","Startup Cost": 0.43,"Total Cost": 3.28,"Plan Rows": 17,"Plan Width": 4,"Actual Startup Time": 0.004,"Actual Total Time": 0.004,"Actual Rows": 1,"Actual Loops": 19073,"Index Cond": "(o_custkey = customer.c_custkey)","Rows Removed by Index Recheck": 0,"Heap Fetches": 0,"Workers": []}]}]}]}]}]},"Planning Time": 3.766,"Triggers": [],"Execution Time": 143.159}]
[{"Plan": {"Node Type": "Aggregate","Strategy": "Sorted","Partial Mode": "Finalize","Parallel Aware": false,"Async Capable": false,"Startup Cost": 12972.06,"Total Cost": 13071.37,"Plan Rows": 744,"Plan Width": 72,"Actual Startup Time": 133.670,"Actual Total Time": 137.682,"Actual Rows": 7,"Actual Loops": 1,"Group Key": ["(SUBSTRING(customer.c_phone FROM 1 FOR 2))"],"Plans": [{"Node Type": "Aggregate","Strategy": "Plain","Partial Mode": "Finalize","Parent Relationship": "InitPlan","Subplan Name": "InitPlan 1 (returns $1)","Parallel Aware": false,"Async Capable": false,"Startup Cost": 6230.83,"Total Cost": 6230.84,"Plan Rows": 1,"Plan Width": 32,"Actual Startup Time": 61.548,"Actual Total Time": 61.827,"Actual Rows": 1,"Actual Loops": 1,"Plans": [{"Node Type": "Gather","Parent Relationship": "Outer","Parallel Aware": false,"Async Capable": false,"Startup Cost": 6230.61,"Total Cost": 6230.82,"Plan Rows": 2,"Plan Width": 32,"Actual Startup Time": 61.422,"Actual Total Time": 61.809,"Actual Rows": 3,"Actual Loops": 1,"Workers Planned": 2,"Workers Launched": 2,"Single Copy": false,"Plans": [{"Node Type": "Aggregate","Strategy": "Plain","Partial Mode": "Partial","Parent Relationship": "Outer","Parallel Aware": false,"Async Capable": false,"Startup Cost": 5230.61,"Total Cost": 5230.62,"Plan Rows": 1,"Plan Width": 32,"Actual Startup Time": 55.361,"Actual Total Time": 55.363,"Actual Rows": 1,"Actual Loops": 3,"Workers": [],"Plans": [{"Node Type": "Seq Scan","Parent Relationship": "Outer","Parallel Aware": true,"Async Capable": false,"Relation Name": "customer","Alias": "customer_1","Startup Cost": 0.00,"Total Cost": 5225.62,"Plan Rows": 1994,"Plan Width": 6,"Actual Startup Time": 0.054,"Actual Total Time": 54.274,"Actual Rows": 12797,"Actual Loops": 3,"Filter": "((c_acctbal > 0.00) AND (SUBSTRING(c_phone FROM 1 FOR 2) = ANY ('{27,12,19,31,16,13,28}'::text[])))","Rows Removed by Filter": 37203,"Workers": []}]}]}]},{"Node Type": "Gather Merge","Parent Relationship": "Outer","Parallel Aware": false,"Async Capable": false,"Startup Cost": 6741.22,"Total Cost": 6821.30,"Plan Rows": 620,"Plan Width": 72,"Actual Startup Time": 133.557,"Actual Total Time": 137.345,"Actual Rows": 21,"Actual Loops": 1,"Workers Planned": 2,"Params Evaluated": ["$1"],"Workers Launched": 2,"Plans": [{"Node Type": "Aggregate","Strategy": "Sorted","Partial Mode": "Partial","Parent Relationship": "Outer","Parallel Aware": false,"Async Capable": false,"Startup Cost": 5741.19,"Total Cost": 5749.72,"Plan Rows": 310,"Plan Width": 72,"Actual Startup Time": 65.147,"Actual Total Time": 65.455,"Actual Rows": 7,"Actual Loops": 3,"Group Key": ["(SUBSTRING(customer.c_phone FROM 1 FOR 2))"],"Workers": [],"Plans": [{"Node Type": "Sort","Parent Relationship": "Outer","Parallel Aware": false,"Async Capable": false,"Startup Cost": 5741.19,"Total Cost": 5741.97,"Plan Rows": 310,"Plan Width": 38,"Actual Startup Time": 65.075,"Actual Total Time": 65.169,"Actual Rows": 2109,"Actual Loops": 3,"Sort Key": ["(SUBSTRING(customer.c_phone FROM 1 FOR 2))"],"Sort Method": "quicksort","Sort Space Used": 227,"Sort Space Type": "Memory","Workers": [{"Worker Number": 0,"Sort Method": "quicksort","Sort Space Used": 155,"Sort Space Type": "Memory"},{"Worker Number": 1,"Sort Method": "quicksort","Sort Space Used": 157,"Sort Space Type": "Memory"}],"Plans": [{"Node Type": "Nested Loop","Parent Relationship": "Outer","Parallel Aware": false,"Async Capable": false,"Join Type": "Anti","Startup Cost": 0.43,"Total Cost": 5728.36,"Plan Rows": 310,"Plan Width": 38,"Actual Startup Time": 0.121,"Actual Total Time": 64.283,"Actual Rows": 2109,"Actual Loops": 3,"Inner Unique": false,"Workers": [],"Plans": [{"Node Type": "Seq Scan","Parent Relationship": "Outer","Parallel Aware": true,"Async Capable": false,"Relation Name": "customer","Alias": "customer","Startup Cost": 0.00,"Total Cost": 5225.62,"Plan Rows": 729,"Plan Width": 26,"Actual Startup Time": 0.028,"Actual Total Time": 43.266,"Actual Rows": 6352,"Actual Loops": 3,"Filter": "((c_acctbal > $1) AND (SUBSTRING(c_phone FROM 1 FOR 2) = ANY ('{27,12,19,31,16,13,28}'::text[])))","Rows Removed by Filter": 43648,"Workers": []},{"Node Type": "Index Only Scan","Parent Relationship": "Inner","Parallel Aware": false,"Async Capable": false,"Scan Direction": "Forward","Index Name": "idx_orders_custkey","Relation Name": "orders","Alias": "orders","Startup Cost": 0.43,"Total Cost": 3.28,"Plan Rows": 17,"Plan Width": 4,"Actual Startup Time": 0.003,"Actual Total Time": 0.003,"Actual Rows": 1,"Actual Loops": 19055,"Index Cond": "(o_custkey = customer.c_custkey)","Rows Removed by Index Recheck": 0,"Heap Fetches": 0,"Workers": []}]}]}]}]}]},"Planning Time": 4.678,"Triggers": [],"Execution Time": 138.065}]
[{"Plan": {"Node Type": "Aggregate","Strategy": "Sorted","Partial Mode": "Finalize","Parallel Aware": false,"Async Capable": false,"Startup Cost": 12972.06,"Total Cost": 13071.37,"Plan Rows": 744,"Plan Width": 72,"Actual Startup Time": 131.088,"Actual Total Time": 137.547,"Actual Rows": 7,"Actual Loops": 1,"Group Key": ["(SUBSTRING(customer.c_phone FROM 1 FOR 2))"],"Plans": [{"Node Type": "Aggregate","Strategy": "Plain","Partial Mode": "Finalize","Parent Relationship": "InitPlan","Subplan Name": "InitPlan 1 (returns $1)","Parallel Aware": false,"Async Capable": false,"Startup Cost": 6230.83,"Total Cost": 6230.84,"Plan Rows": 1,"Plan Width": 32,"Actual Startup Time": 59.932,"Actual Total Time": 60.143,"Actual Rows": 1,"Actual Loops": 1,"Plans": [{"Node Type": "Gather","Parent Relationship": "Outer","Parallel Aware": false,"Async Capable": false,"Startup Cost": 6230.61,"Total Cost": 6230.82,"Plan Rows": 2,"Plan Width": 32,"Actual Startup Time": 59.803,"Actual Total Time": 60.124,"Actual Rows": 3,"Actual Loops": 1,"Workers Planned": 2,"Workers Launched": 2,"Single Copy": false,"Plans": [{"Node Type": "Aggregate","Strategy": "Plain","Partial Mode": "Partial","Parent Relationship": "Outer","Parallel Aware": false,"Async Capable": false,"Startup Cost": 5230.61,"Total Cost": 5230.62,"Plan Rows": 1,"Plan Width": 32,"Actual Startup Time": 53.923,"Actual Total Time": 53.924,"Actual Rows": 1,"Actual Loops": 3,"Workers": [],"Plans": [{"Node Type": "Seq Scan","Parent Relationship": "Outer","Parallel Aware": true,"Async Capable": false,"Relation Name": "customer","Alias": "customer_1","Startup Cost": 0.00,"Total Cost": 5225.62,"Plan Rows": 1994,"Plan Width": 6,"Actual Startup Time": 0.054,"Actual Total Time": 52.874,"Actual Rows": 12693,"Actual Loops": 3,"Filter": "((c_acctbal > 0.00) AND (SUBSTRING(c_phone FROM 1 FOR 2) = ANY ('{31,30,17,28,13,29,24}'::text[])))","Rows Removed by Filter": 37307,"Workers": []}]}]}]},{"Node Type": "Gather Merge","Parent Relationship": "Outer","Parallel Aware": false,"Async Capable": false,"Startup Cost": 6741.22,"Total Cost": 6821.30,"Plan Rows": 620,"Plan Width": 72,"Actual Startup Time": 130.983,"Actual Total Time": 137.273,"Actual Rows": 21,"Actual Loops": 1,"Workers Planned": 2,"Params Evaluated": ["$1"],"Workers Launched": 2,"Plans": [{"Node Type": "Aggregate","Strategy": "Sorted","Partial Mode": "Partial","Parent Relationship": "Outer","Parallel Aware": false,"Async Capable": false,"Startup Cost": 5741.19,"Total Cost": 5749.72,"Plan Rows": 310,"Plan Width": 72,"Actual Startup Time": 63.757,"Actual Total Time": 64.064,"Actual Rows": 7,"Actual Loops": 3,"Group Key": ["(SUBSTRING(customer.c_phone FROM 1 FOR 2))"],"Workers": [],"Plans": [{"Node Type": "Sort","Parent Relationship": "Outer","Parallel Aware": false,"Async Capable": false,"Startup Cost": 5741.19,"Total Cost": 5741.97,"Plan Rows": 310,"Plan Width": 38,"Actual Startup Time": 63.674,"Actual Total Time": 63.765,"Actual Rows": 2120,"Actual Loops": 3,"Sort Key": ["(SUBSTRING(customer.c_phone FROM 1 FOR 2))"],"Sort Method": "quicksort","Sort Space Used": 229,"Sort Space Type": "Memory","Workers": [{"Worker Number": 0,"Sort Method": "quicksort","Sort Space Used": 155,"Sort Space Type": "Memory"},{"Worker Number": 1,"Sort Method": "quicksort","Sort Space Used": 157,"Sort Space Type": "Memory"}],"Plans": [{"Node Type": "Nested Loop","Parent Relationship": "Outer","Parallel Aware": false,"Async Capable": false,"Join Type": "Anti","Startup Cost": 0.43,"Total Cost": 5728.36,"Plan Rows": 310,"Plan Width": 38,"Actual Startup Time": 0.110,"Actual Total Time": 62.827,"Actual Rows": 2120,"Actual Loops": 3,"Inner Unique": false,"Workers": [],"Plans": [{"Node Type": "Seq Scan","Parent Relationship": "Outer","Parallel Aware": true,"Async Capable": false,"Relation Name": "customer","Alias": "customer","Startup Cost": 0.00,"Total Cost": 5225.62,"Plan Rows": 729,"Plan Width": 26,"Actual Startup Time": 0.037,"Actual Total Time": 41.315,"Actual Rows": 6331,"Actual Loops": 3,"Filter": "((c_acctbal > $1) AND (SUBSTRING(c_phone FROM 1 FOR 2) = ANY ('{31,30,17,28,13,29,24}'::text[])))","Rows Removed by Filter": 43669,"Workers": []},{"Node Type": "Index Only Scan","Parent Relationship": "Inner","Parallel Aware": false,"Async Capable": false,"Scan Direction": "Forward","Index Name": "idx_orders_custkey","Relation Name": "orders","Alias": "orders","Startup Cost": 0.43,"Total Cost": 3.28,"Plan Rows": 17,"Plan Width": 4,"Actual Startup Time": 0.003,"Actual Total Time": 0.003,"Actual Rows": 1,"Actual Loops": 18994,"Index Cond": "(o_custkey = customer.c_custkey)","Rows Removed by Index Recheck": 0,"Heap Fetches": 0,"Workers": []}]}]}]}]}]},"Planning Time": 4.233,"Triggers": [],"Execution Time": 137.855}]
[{"Plan": {"Node Type": "Aggregate","Strategy": "Sorted","Partial Mode": "Finalize","Parallel Aware": false,"Async Capable": false,"Startup Cost": 12972.06,"Total Cost": 13071.37,"Plan Rows": 744,"Plan Width": 72,"Actual Startup Time": 139.405,"Actual Total Time": 143.106,"Actual Rows": 7,"Actual Loops": 1,"Group Key": ["(SUBSTRING(customer.c_phone FROM 1 FOR 2))"],"Plans": [{"Node Type": "Aggregate","Strategy": "Plain","Partial Mode": "Finalize","Parent Relationship": "InitPlan","Subplan Name": "InitPlan 1 (returns $1)","Parallel Aware": false,"Async Capable": false,"Startup Cost": 6230.83,"Total Cost": 6230.84,"Plan Rows": 1,"Plan Width": 32,"Actual Startup Time": 62.689,"Actual Total Time": 62.918,"Actual Rows": 1,"Actual Loops": 1,"Plans": [{"Node Type": "Gather","Parent Relationship": "Outer","Parallel Aware": false,"Async Capable": false,"Startup Cost": 6230.61,"Total Cost": 6230.82,"Plan Rows": 2,"Plan Width": 32,"Actual Startup Time": 62.589,"Actual Total Time": 62.905,"Actual Rows": 3,"Actual Loops": 1,"Workers Planned": 2,"Workers Launched": 2,"Single Copy": false,"Plans": [{"Node Type": "Aggregate","Strategy": "Plain","Partial Mode": "Partial","Parent Relationship": "Outer","Parallel Aware": false,"Async Capable": false,"Startup Cost": 5230.61,"Total Cost": 5230.62,"Plan Rows": 1,"Plan Width": 32,"Actual Startup Time": 56.246,"Actual Total Time": 56.249,"Actual Rows": 1,"Actual Loops": 3,"Workers": [],"Plans": [{"Node Type": "Seq Scan","Parent Relationship": "Outer","Parallel Aware": true,"Async Capable": false,"Relation Name": "customer","Alias": "customer_1","Startup Cost": 0.00,"Total Cost": 5225.62,"Plan Rows": 1994,"Plan Width": 6,"Actual Startup Time": 0.054,"Actual Total Time": 55.207,"Actual Rows": 12731,"Actual Loops": 3,"Filter": "((c_acctbal > 0.00) AND (SUBSTRING(c_phone FROM 1 FOR 2) = ANY ('{21,12,11,13,14,19,30}'::text[])))","Rows Removed by Filter": 37269,"Workers": []}]}]}]},{"Node Type": "Gather Merge","Parent Relationship": "Outer","Parallel Aware": false,"Async Capable": false,"Startup Cost": 6741.22,"Total Cost": 6821.30,"Plan Rows": 620,"Plan Width": 72,"Actual Startup Time": 139.284,"Actual Total Time": 142.829,"Actual Rows": 21,"Actual Loops": 1,"Workers Planned": 2,"Params Evaluated": ["$1"],"Workers Launched": 2,"Plans": [{"Node Type": "Aggregate","Strategy": "Sorted","Partial Mode": "Partial","Parent Relationship": "Outer","Parallel Aware": false,"Async Capable": false,"Startup Cost": 5741.19,"Total Cost": 5749.72,"Plan Rows": 310,"Plan Width": 72,"Actual Startup Time": 69.838,"Actual Total Time": 70.150,"Actual Rows": 7,"Actual Loops": 3,"Group Key": ["(SUBSTRING(customer.c_phone FROM 1 FOR 2))"],"Workers": [],"Plans": [{"Node Type": "Sort","Parent Relationship": "Outer","Parallel Aware": false,"Async Capable": false,"Startup Cost": 5741.19,"Total Cost": 5741.97,"Plan Rows": 310,"Plan Width": 38,"Actual Startup Time": 69.772,"Actual Total Time": 69.863,"Actual Rows": 2143,"Actual Loops": 3,"Sort Key": ["(SUBSTRING(customer.c_phone FROM 1 FOR 2))"],"Sort Method": "quicksort","Sort Space Used": 235,"Sort Space Type": "Memory","Workers": [{"Worker Number": 0,"Sort Method": "quicksort","Sort Space Used": 156,"Sort Space Type": "Memory"},{"Worker Number": 1,"Sort Method": "quicksort","Sort Space Used": 154,"Sort Space Type": "Memory"}],"Plans": [{"Node Type": "Nested Loop","Parent Relationship": "Outer","Parallel Aware": false,"Async Capable": false,"Join Type": "Anti","Startup Cost": 0.43,"Total Cost": 5728.36,"Plan Rows": 310,"Plan Width": 38,"Actual Startup Time": 0.107,"Actual Total Time": 68.980,"Actual Rows": 2143,"Actual Loops": 3,"Inner Unique": false,"Workers": [],"Plans": [{"Node Type": "Seq Scan","Parent Relationship": "Outer","Parallel Aware": true,"Async Capable": false,"Relation Name": "customer","Alias": "customer","Startup Cost": 0.00,"Total Cost": 5225.62,"Plan Rows": 729,"Plan Width": 26,"Actual Startup Time": 0.037,"Actual Total Time": 45.347,"Actual Rows": 6317,"Actual Loops": 3,"Filter": "((c_acctbal > $1) AND (SUBSTRING(c_phone FROM 1 FOR 2) = ANY ('{21,12,11,13,14,19,30}'::text[])))","Rows Removed by Filter": 43683,"Workers": []},{"Node Type": "Index Only Scan","Parent Relationship": "Inner","Parallel Aware": false,"Async Capable": false,"Scan Direction": "Forward","Index Name": "idx_orders_custkey","Relation Name": "orders","Alias": "orders","Startup Cost": 0.43,"Total Cost": 3.28,"Plan Rows": 17,"Plan Width": 4,"Actual Startup Time": 0.003,"Actual Total Time": 0.003,"Actual Rows": 1,"Actual Loops": 18951,"Index Cond": "(o_custkey = customer.c_custkey)","Rows Removed by Index Recheck": 0,"Heap Fetches": 0,"Workers": []}]}]}]}]}]},"Planning Time": 3.715,"Triggers": [],"Execution Time": 143.475}]
[{"Plan": {"Node Type": "Aggregate","Strategy": "Sorted","Partial Mode": "Finalize","Parallel Aware": false,"Async Capable": false,"Startup Cost": 12972.06,"Total Cost": 13071.37,"Plan Rows": 744,"Plan Width": 72,"Actual Startup Time": 135.142,"Actual Total Time": 138.822,"Actual Rows": 7,"Actual Loops": 1,"Group Key": ["(SUBSTRING(customer.c_phone FROM 1 FOR 2))"],"Plans": [{"Node Type": "Aggregate","Strategy": "Plain","Partial Mode": "Finalize","Parent Relationship": "InitPlan","Subplan Name": "InitPlan 1 (returns $1)","Parallel Aware": false,"Async Capable": false,"Startup Cost": 6230.83,"Total Cost": 6230.84,"Plan Rows": 1,"Plan Width": 32,"Actual Startup Time": 59.790,"Actual Total Time": 59.988,"Actual Rows": 1,"Actual Loops": 1,"Plans": [{"Node Type": "Gather","Parent Relationship": "Outer","Parallel Aware": false,"Async Capable": false,"Startup Cost": 6230.61,"Total Cost": 6230.82,"Plan Rows": 2,"Plan Width": 32,"Actual Startup Time": 59.720,"Actual Total Time": 59.968,"Actual Rows": 3,"Actual Loops": 1,"Workers Planned": 2,"Workers Launched": 2,"Single Copy": false,"Plans": [{"Node Type": "Aggregate","Strategy": "Plain","Partial Mode": "Partial","Parent Relationship": "Outer","Parallel Aware": false,"Async Capable": false,"Startup Cost": 5230.61,"Total Cost": 5230.62,"Plan Rows": 1,"Plan Width": 32,"Actual Startup Time": 53.903,"Actual Total Time": 53.905,"Actual Rows": 1,"Actual Loops": 3,"Workers": [],"Plans": [{"Node Type": "Seq Scan","Parent Relationship": "Outer","Parallel Aware": true,"Async Capable": false,"Relation Name": "customer","Alias": "customer_1","Startup Cost": 0.00,"Total Cost": 5225.62,"Plan Rows": 1994,"Plan Width": 6,"Actual Startup Time": 0.046,"Actual Total Time": 52.787,"Actual Rows": 12682,"Actual Loops": 3,"Filter": "((c_acctbal > 0.00) AND (SUBSTRING(c_phone FROM 1 FOR 2) = ANY ('{14,33,10,28,15,27,13}'::text[])))","Rows Removed by Filter": 37318,"Workers": []}]}]}]},{"Node Type": "Gather Merge","Parent Relationship": "Outer","Parallel Aware": false,"Async Capable": false,"Startup Cost": 6741.22,"Total Cost": 6821.30,"Plan Rows": 620,"Plan Width": 72,"Actual Startup Time": 135.005,"Actual Total Time": 138.562,"Actual Rows": 21,"Actual Loops": 1,"Workers Planned": 2,"Params Evaluated": ["$1"],"Workers Launched": 2,"Plans": [{"Node Type": "Aggregate","Strategy": "Sorted","Partial Mode": "Partial","Parent Relationship": "Outer","Parallel Aware": false,"Async Capable": false,"Startup Cost": 5741.19,"Total Cost": 5749.72,"Plan Rows": 310,"Plan Width": 72,"Actual Startup Time": 68.557,"Actual Total Time": 68.859,"Actual Rows": 7,"Actual Loops": 3,"Group Key": ["(SUBSTRING(customer.c_phone FROM 1 FOR 2))"],"Workers": [],"Plans": [{"Node Type": "Sort","Parent Relationship": "Outer","Parallel Aware": false,"Async Capable": false,"Startup Cost": 5741.19,"Total Cost": 5741.97,"Plan Rows": 310,"Plan Width": 38,"Actual Startup Time": 68.487,"Actual Total Time": 68.575,"Actual Rows": 2124,"Actual Loops": 3,"Sort Key": ["(SUBSTRING(customer.c_phone FROM 1 FOR 2))"],"Sort Method": "quicksort","Sort Space Used": 236,"Sort Space Type": "Memory","Workers": [{"Worker Number": 0,"Sort Method": "quicksort","Sort Space Used": 155,"Sort Space Type": "Memory"},{"Worker Number": 1,"Sort Method": "quicksort","Sort Space Used": 150,"Sort Space Type": "Memory"}],"Plans": [{"Node Type": "Nested Loop","Parent Relationship": "Outer","Parallel Aware": false,"Async Capable": false,"Join Type": "Anti","Startup Cost": 0.43,"Total Cost": 5728.36,"Plan Rows": 310,"Plan Width": 38,"Actual Startup Time": 0.184,"Actual Total Time": 67.686,"Actual Rows": 2124,"Actual Loops": 3,"Inner Unique": false,"Workers": [],"Plans": [{"Node Type": "Seq Scan","Parent Relationship": "Outer","Parallel Aware": true,"Async Capable": false,"Relation Name": "customer","Alias": "customer","Startup Cost": 0.00,"Total Cost": 5225.62,"Plan Rows": 729,"Plan Width": 26,"Actual Startup Time": 0.043,"Actual Total Time": 44.727,"Actual Rows": 6297,"Actual Loops": 3,"Filter": "((c_acctbal > $1) AND (SUBSTRING(c_phone FROM 1 FOR 2) = ANY ('{14,33,10,28,15,27,13}'::text[])))","Rows Removed by Filter": 43703,"Workers": []},{"Node Type": "Index Only Scan","Parent Relationship": "Inner","Parallel Aware": false,"Async Capable": false,"Scan Direction": "Forward","Index Name": "idx_orders_custkey","Relation Name": "orders","Alias": "orders","Startup Cost": 0.43,"Total Cost": 3.28,"Plan Rows": 17,"Plan Width": 4,"Actual Startup Time": 0.003,"Actual Total Time": 0.003,"Actual Rows": 1,"Actual Loops": 18890,"Index Cond": "(o_custkey = customer.c_custkey)","Rows Removed by Index Recheck": 0,"Heap Fetches": 0,"Workers": []}]}]}]}]}]},"Planning Time": 3.740,"Triggers": [],"Execution Time": 139.199}]
[{"Plan": {"Node Type": "Aggregate","Strategy": "Sorted","Partial Mode": "Finalize","Parallel Aware": false,"Async Capable": false,"Startup Cost": 12972.06,"Total Cost": 13071.37,"Plan Rows": 744,"Plan Width": 72,"Actual Startup Time": 138.675,"Actual Total Time": 142.151,"Actual Rows": 7,"Actual Loops": 1,"Group Key": ["(SUBSTRING(customer.c_phone FROM 1 FOR 2))"],"Plans": [{"Node Type": "Aggregate","Strategy": "Plain","Partial Mode": "Finalize","Parent Relationship": "InitPlan","Subplan Name": "InitPlan 1 (returns $1)","Parallel Aware": false,"Async Capable": false,"Startup Cost": 6230.83,"Total Cost": 6230.84,"Plan Rows": 1,"Plan Width": 32,"Actual Startup Time": 60.666,"Actual Total Time": 60.836,"Actual Rows": 1,"Actual Loops": 1,"Plans": [{"Node Type": "Gather","Parent Relationship": "Outer","Parallel Aware": false,"Async Capable": false,"Startup Cost": 6230.61,"Total Cost": 6230.82,"Plan Rows": 2,"Plan Width": 32,"Actual Startup Time": 60.555,"Actual Total Time": 60.822,"Actual Rows": 3,"Actual Loops": 1,"Workers Planned": 2,"Workers Launched": 2,"Single Copy": false,"Plans": [{"Node Type": "Aggregate","Strategy": "Plain","Partial Mode": "Partial","Parent Relationship": "Outer","Parallel Aware": false,"Async Capable": false,"Startup Cost": 5230.61,"Total Cost": 5230.62,"Plan Rows": 1,"Plan Width": 32,"Actual Startup Time": 54.089,"Actual Total Time": 54.092,"Actual Rows": 1,"Actual Loops": 3,"Workers": [],"Plans": [{"Node Type": "Seq Scan","Parent Relationship": "Outer","Parallel Aware": true,"Async Capable": false,"Relation Name": "customer","Alias": "customer_1","Startup Cost": 0.00,"Total Cost": 5225.62,"Plan Rows": 1994,"Plan Width": 6,"Actual Startup Time": 0.061,"Actual Total Time": 53.050,"Actual Rows": 12783,"Actual Loops": 3,"Filter": "((c_acctbal > 0.00) AND (SUBSTRING(c_phone FROM 1 FOR 2) = ANY ('{26,33,32,11,13,21,29}'::text[])))","Rows Removed by Filter": 37217,"Workers": []}]}]}]},{"Node Type": "Gather Merge","Parent Relationship": "Outer","Parallel Aware": false,"Async Capable": false,"Startup Cost": 6741.22,"Total Cost": 6821.30,"Plan Rows": 620,"Plan Width": 72,"Actual Startup Time": 138.556,"Actual Total Time": 141.918,"Actual Rows": 21,"Actual Loops": 1,"Workers Planned": 2,"Params Evaluated": ["$1"],"Workers Launched": 2,"Plans": [{"Node Type": "Aggregate","Strategy": "Sorted","Partial Mode": "Partial","Parent Relationship": "Outer","Parallel Aware": false,"Async Capable": false,"Startup Cost": 5741.19,"Total Cost": 5749.72,"Plan Rows": 310,"Plan Width": 72,"Actual Startup Time": 70.902,"Actual Total Time": 71.196,"Actual Rows": 7,"Actual Loops": 3,"Group Key": ["(SUBSTRING(customer.c_phone FROM 1 FOR 2))"],"Workers": [],"Plans": [{"Node Type": "Sort","Parent Relationship": "Outer","Parallel Aware": false,"Async Capable": false,"Startup Cost": 5741.19,"Total Cost": 5741.97,"Plan Rows": 310,"Plan Width": 38,"Actual Startup Time": 70.830,"Actual Total Time": 70.909,"Actual Rows": 2134,"Actual Loops": 3,"Sort Key": ["(SUBSTRING(customer.c_phone FROM 1 FOR 2))"],"Sort Method": "quicksort","Sort Space Used": 235,"Sort Space Type": "Memory","Workers": [{"Worker Number": 0,"Sort Method": "quicksort","Sort Space Used": 150,"Sort Space Type": "Memory"},{"Worker Number": 1,"Sort Method": "quicksort","Sort Space Used": 159,"Sort Space Type": "Memory"}],"Plans": [{"Node Type": "Nested Loop","Parent Relationship": "Outer","Parallel Aware": false,"Async Capable": false,"Join Type": "Anti","Startup Cost": 0.43,"Total Cost": 5728.36,"Plan Rows": 310,"Plan Width": 38,"Actual Startup Time": 0.196,"Actual Total Time": 70.013,"Actual Rows": 2134,"Actual Loops": 3,"Inner Unique": false,"Workers": [],"Plans": [{"Node Type": "Seq Scan","Parent Relationship": "Outer","Parallel Aware": true,"Async Capable": false,"Relation Name": "customer","Alias": "customer","Startup Cost": 0.00,"Total Cost": 5225.62,"Plan Rows": 729,"Plan Width": 26,"Actual Startup Time": 0.043,"Actual Total Time": 45.924,"Actual Rows": 6385,"Actual Loops": 3,"Filter": "((c_acctbal > $1) AND (SUBSTRING(c_phone FROM 1 FOR 2) = ANY ('{26,33,32,11,13,21,29}'::text[])))","Rows Removed by Filter": 43615,"Workers": []},{"Node Type": "Index Only Scan","Parent Relationship": "Inner","Parallel Aware": false,"Async Capable": false,"Scan Direction": "Forward","Index Name": "idx_orders_custkey","Relation Name": "orders","Alias": "orders","Startup Cost": 0.43,"Total Cost": 3.28,"Plan Rows": 17,"Plan Width": 4,"Actual Startup Time": 0.003,"Actual Total Time": 0.003,"Actual Rows": 1,"Actual Loops": 19154,"Index Cond": "(o_custkey = customer.c_custkey)","Rows Removed by Index Recheck": 0,"Heap Fetches": 0,"Workers": []}]}]}]}]}]},"Planning Time": 4.447,"Triggers": [],"Execution Time": 142.555}]
[{"Plan": {"Node Type": "Aggregate","Strategy": "Sorted","Partial Mode": "Finalize","Parallel Aware": false,"Async Capable": false,"Startup Cost": 12972.06,"Total Cost": 13071.37,"Plan Rows": 744,"Plan Width": 72,"Actual Startup Time": 132.689,"Actual Total Time": 136.620,"Actual Rows": 7,"Actual Loops": 1,"Group Key": ["(SUBSTRING(customer.c_phone FROM 1 FOR 2))"],"Plans": [{"Node Type": "Aggregate","Strategy": "Plain","Partial Mode": "Finalize","Parent Relationship": "InitPlan","Subplan Name": "InitPlan 1 (returns $1)","Parallel Aware": false,"Async Capable": false,"Startup Cost": 6230.83,"Total Cost": 6230.84,"Plan Rows": 1,"Plan Width": 32,"Actual Startup Time": 60.966,"Actual Total Time": 61.228,"Actual Rows": 1,"Actual Loops": 1,"Plans": [{"Node Type": "Gather","Parent Relationship": "Outer","Parallel Aware": false,"Async Capable": false,"Startup Cost": 6230.61,"Total Cost": 6230.82,"Plan Rows": 2,"Plan Width": 32,"Actual Startup Time": 60.811,"Actual Total Time": 61.203,"Actual Rows": 3,"Actual Loops": 1,"Workers Planned": 2,"Workers Launched": 2,"Single Copy": false,"Plans": [{"Node Type": "Aggregate","Strategy": "Plain","Partial Mode": "Partial","Parent Relationship": "Outer","Parallel Aware": false,"Async Capable": false,"Startup Cost": 5230.61,"Total Cost": 5230.62,"Plan Rows": 1,"Plan Width": 32,"Actual Startup Time": 54.779,"Actual Total Time": 54.782,"Actual Rows": 1,"Actual Loops": 3,"Workers": [],"Plans": [{"Node Type": "Seq Scan","Parent Relationship": "Outer","Parallel Aware": true,"Async Capable": false,"Relation Name": "customer","Alias": "customer_1","Startup Cost": 0.00,"Total Cost": 5225.62,"Plan Rows": 1994,"Plan Width": 6,"Actual Startup Time": 0.051,"Actual Total Time": 53.710,"Actual Rows": 12751,"Actual Loops": 3,"Filter": "((c_acctbal > 0.00) AND (SUBSTRING(c_phone FROM 1 FOR 2) = ANY ('{29,27,10,21,11,14,19}'::text[])))","Rows Removed by Filter": 37249,"Workers": []}]}]}]},{"Node Type": "Gather Merge","Parent Relationship": "Outer","Parallel Aware": false,"Async Capable": false,"Startup Cost": 6741.22,"Total Cost": 6821.30,"Plan Rows": 620,"Plan Width": 72,"Actual Startup Time": 132.584,"Actual Total Time": 136.305,"Actual Rows": 21,"Actual Loops": 1,"Workers Planned": 2,"Params Evaluated": ["$1"],"Workers Launched": 2,"Plans": [{"Node Type": "Aggregate","Strategy": "Sorted","Partial Mode": "Partial","Parent Relationship": "Outer","Parallel Aware": false,"Async Capable": false,"Startup Cost": 5741.19,"Total Cost": 5749.72,"Plan Rows": 310,"Plan Width": 72,"Actual Startup Time": 64.758,"Actual Total Time": 65.068,"Actual Rows": 7,"Actual Loops": 3,"Group Key": ["(SUBSTRING(customer.c_phone FROM 1 FOR 2))"],"Workers": [],"Plans": [{"Node Type": "Sort","Parent Relationship": "Outer","Parallel Aware": false,"Async Capable": false,"Startup Cost": 5741.19,"Total Cost": 5741.97,"Plan Rows": 310,"Plan Width": 38,"Actual Startup Time": 64.675,"Actual Total Time": 64.761,"Actual Rows": 2157,"Actual Loops": 3,"Sort Key": ["(SUBSTRING(customer.c_phone FROM 1 FOR 2))"],"Sort Method": "quicksort","Sort Space Used": 234,"Sort Space Type": "Memory","Workers": [{"Worker Number": 0,"Sort Method": "quicksort","Sort Space Used": 154,"Sort Space Type": "Memory"},{"Worker Number": 1,"Sort Method": "quicksort","Sort Space Used": 160,"Sort Space Type": "Memory"}],"Plans": [{"Node Type": "Nested Loop","Parent Relationship": "Outer","Parallel Aware": false,"Async Capable": false,"Join Type": "Anti","Startup Cost": 0.43,"Total Cost": 5728.36,"Plan Rows": 310,"Plan Width": 38,"Actual Startup Time": 0.099,"Actual Total Time": 63.882,"Actual Rows": 2157,"Actual Loops": 3,"Inner Unique": false,"Workers": [],"Plans": [{"Node Type": "Seq Scan","Parent Relationship": "Outer","Parallel Aware": true,"Async Capable": false,"Relation Name": "customer","Alias": "customer","Startup Cost": 0.00,"Total Cost": 5225.62,"Plan Rows": 729,"Plan Width": 26,"Actual Startup Time": 0.022,"Actual Total Time": 43.255,"Actual Rows": 6353,"Actual Loops": 3,"Filter": "((c_acctbal > $1) AND (SUBSTRING(c_phone FROM 1 FOR 2) = ANY ('{29,27,10,21,11,14,19}'::text[])))","Rows Removed by Filter": 43647,"Workers": []},{"Node Type": "Index Only Scan","Parent Relationship": "Inner","Parallel Aware": false,"Async Capable": false,"Scan Direction": "Forward","Index Name": "idx_orders_custkey","Relation Name": "orders","Alias": "orders","Startup Cost": 0.43,"Total Cost": 3.28,"Plan Rows": 17,"Plan Width": 4,"Actual Startup Time": 0.003,"Actual Total Time": 0.003,"Actual Rows": 1,"Actual Loops": 19060,"Index Cond": "(o_custkey = customer.c_custkey)","Rows Removed by Index Recheck": 0,"Heap Fetches": 0,"Workers": []}]}]}]}]}]},"Planning Time": 4.375,"Triggers": [],"Execution Time": 136.974}]
[{"Plan": {"Node Type": "Aggregate","Strategy": "Sorted","Partial Mode": "Finalize","Parallel Aware": false,"Async Capable": false,"Startup Cost": 12972.06,"Total Cost": 13071.37,"Plan Rows": 744,"Plan Width": 72,"Actual Startup Time": 134.679,"Actual Total Time": 138.405,"Actual Rows": 7,"Actual Loops": 1,"Group Key": ["(SUBSTRING(customer.c_phone FROM 1 FOR 2))"],"Plans": [{"Node Type": "Aggregate","Strategy": "Plain","Partial Mode": "Finalize","Parent Relationship": "InitPlan","Subplan Name": "InitPlan 1 (returns $1)","Parallel Aware": false,"Async Capable": false,"Startup Cost": 6230.83,"Total Cost": 6230.84,"Plan Rows": 1,"Plan Width": 32,"Actual Startup Time": 59.342,"Actual Total Time": 59.549,"Actual Rows": 1,"Actual Loops": 1,"Plans": [{"Node Type": "Gather","Parent Relationship": "Outer","Parallel Aware": false,"Async Capable": false,"Startup Cost": 6230.61,"Total Cost": 6230.82,"Plan Rows": 2,"Plan Width": 32,"Actual Startup Time": 59.233,"Actual Total Time": 59.530,"Actual Rows": 3,"Actual Loops": 1,"Workers Planned": 2,"Workers Launched": 2,"Single Copy": false,"Plans": [{"Node Type": "Aggregate","Strategy": "Plain","Partial Mode": "Partial","Parent Relationship": "Outer","Parallel Aware": false,"Async Capable": false,"Startup Cost": 5230.61,"Total Cost": 5230.62,"Plan Rows": 1,"Plan Width": 32,"Actual Startup Time": 53.561,"Actual Total Time": 53.563,"Actual Rows": 1,"Actual Loops": 3,"Workers": [],"Plans": [{"Node Type": "Seq Scan","Parent Relationship": "Outer","Parallel Aware": true,"Async Capable": false,"Relation Name": "customer","Alias": "customer_1","Startup Cost": 0.00,"Total Cost": 5225.62,"Plan Rows": 1994,"Plan Width": 6,"Actual Startup Time": 0.045,"Actual Total Time": 52.496,"Actual Rows": 12801,"Actual Loops": 3,"Filter": "((c_acctbal > 0.00) AND (SUBSTRING(c_phone FROM 1 FOR 2) = ANY ('{28,21,16,23,19,27,13}'::text[])))","Rows Removed by Filter": 37199,"Workers": []}]}]}]},{"Node Type": "Gather Merge","Parent Relationship": "Outer","Parallel Aware": false,"Async Capable": false,"Startup Cost": 6741.22,"Total Cost": 6821.30,"Plan Rows": 620,"Plan Width": 72,"Actual Startup Time": 134.570,"Actual Total Time": 138.153,"Actual Rows": 21,"Actual Loops": 1,"Workers Planned": 2,"Params Evaluated": ["$1"],"Workers Launched": 2,"Plans": [{"Node Type": "Aggregate","Strategy": "Sorted","Partial Mode": "Partial","Parent Relationship": "Outer","Parallel Aware": false,"Async Capable": false,"Startup Cost": 5741.19,"Total Cost": 5749.72,"Plan Rows": 310,"Plan Width": 72,"Actual Startup Time": 68.529,"Actual Total Time": 68.829,"Actual Rows": 7,"Actual Loops": 3,"Group Key": ["(SUBSTRING(customer.c_phone FROM 1 FOR 2))"],"Workers": [],"Plans": [{"Node Type": "Sort","Parent Relationship": "Outer","Parallel Aware": false,"Async Capable": false,"Startup Cost": 5741.19,"Total Cost": 5741.97,"Plan Rows": 310,"Plan Width": 38,"Actual Startup Time": 68.459,"Actual Total Time": 68.539,"Actual Rows": 2131,"Actual Loops": 3,"Sort Key": ["(SUBSTRING(customer.c_phone FROM 1 FOR 2))"],"Sort Method": "quicksort","Sort Space Used": 236,"Sort Space Type": "Memory","Workers": [{"Worker Number": 0,"Sort Method": "quicksort","Sort Space Used": 157,"Sort Space Type": "Memory"},{"Worker Number": 1,"Sort Method": "quicksort","Sort Space Used": 149,"Sort Space Type": "Memory"}],"Plans": [{"Node Type": "Nested Loop","Parent Relationship": "Outer","Parallel Aware": false,"Async Capable": false,"Join Type": "Anti","Startup Cost": 0.43,"Total Cost": 5728.36,"Plan Rows": 310,"Plan Width": 38,"Actual Startup Time": 0.241,"Actual Total Time": 67.625,"Actual Rows": 2131,"Actual Loops": 3,"Inner Unique": false,"Workers": [],"Plans": [{"Node Type": "Seq Scan","Parent Relationship": "Outer","Parallel Aware": true,"Async Capable": false,"Relation Name": "customer","Alias": "customer","Startup Cost": 0.00,"Total Cost": 5225.62,"Plan Rows": 729,"Plan Width": 26,"Actual Startup Time": 0.039,"Actual Total Time": 44.498,"Actual Rows": 6364,"Actual Loops": 3,"Filter": "((c_acctbal > $1) AND (SUBSTRING(c_phone FROM 1 FOR 2) = ANY ('{28,21,16,23,19,27,13}'::text[])))","Rows Removed by Filter": 43636,"Workers": []},{"Node Type": "Index Only Scan","Parent Relationship": "Inner","Parallel Aware": false,"Async Capable": false,"Scan Direction": "Forward","Index Name": "idx_orders_custkey","Relation Name": "orders","Alias": "orders","Startup Cost": 0.43,"Total Cost": 3.28,"Plan Rows": 17,"Plan Width": 4,"Actual Startup Time": 0.003,"Actual Total Time": 0.003,"Actual Rows": 1,"Actual Loops": 19093,"Index Cond": "(o_custkey = customer.c_custkey)","Rows Removed by Index Recheck": 0,"Heap Fetches": 0,"Workers": []}]}]}]}]}]},"Planning Time": 4.641,"Triggers": [],"Execution Time": 138.789}]
[{"Plan": {"Node Type": "Aggregate","Strategy": "Sorted","Partial Mode": "Finalize","Parallel Aware": false,"Async Capable": false,"Startup Cost": 12972.06,"Total Cost": 13071.37,"Plan Rows": 744,"Plan Width": 72,"Actual Startup Time": 133.715,"Actual Total Time": 137.662,"Actual Rows": 7,"Actual Loops": 1,"Group Key": ["(SUBSTRING(customer.c_phone FROM 1 FOR 2))"],"Plans": [{"Node Type": "Aggregate","Strategy": "Plain","Partial Mode": "Finalize","Parent Relationship": "InitPlan","Subplan Name": "InitPlan 1 (returns $1)","Parallel Aware": false,"Async Capable": false,"Startup Cost": 6230.83,"Total Cost": 6230.84,"Plan Rows": 1,"Plan Width": 32,"Actual Startup Time": 61.196,"Actual Total Time": 61.459,"Actual Rows": 1,"Actual Loops": 1,"Plans": [{"Node Type": "Gather","Parent Relationship": "Outer","Parallel Aware": false,"Async Capable": false,"Startup Cost": 6230.61,"Total Cost": 6230.82,"Plan Rows": 2,"Plan Width": 32,"Actual Startup Time": 61.078,"Actual Total Time": 61.440,"Actual Rows": 3,"Actual Loops": 1,"Workers Planned": 2,"Workers Launched": 2,"Single Copy": false,"Plans": [{"Node Type": "Aggregate","Strategy": "Plain","Partial Mode": "Partial","Parent Relationship": "Outer","Parallel Aware": false,"Async Capable": false,"Startup Cost": 5230.61,"Total Cost": 5230.62,"Plan Rows": 1,"Plan Width": 32,"Actual Startup Time": 54.417,"Actual Total Time": 54.421,"Actual Rows": 1,"Actual Loops": 3,"Workers": [],"Plans": [{"Node Type": "Seq Scan","Parent Relationship": "Outer","Parallel Aware": true,"Async Capable": false,"Relation Name": "customer","Alias": "customer_1","Startup Cost": 0.00,"Total Cost": 5225.62,"Plan Rows": 1994,"Plan Width": 6,"Actual Startup Time": 0.054,"Actual Total Time": 53.340,"Actual Rows": 12726,"Actual Loops": 3,"Filter": "((c_acctbal > 0.00) AND (SUBSTRING(c_phone FROM 1 FOR 2) = ANY ('{13,17,18,26,29,15,32}'::text[])))","Rows Removed by Filter": 37274,"Workers": []}]}]}]},{"Node Type": "Gather Merge","Parent Relationship": "Outer","Parallel Aware": false,"Async Capable": false,"Startup Cost": 6741.22,"Total Cost": 6821.30,"Plan Rows": 620,"Plan Width": 72,"Actual Startup Time": 133.598,"Actual Total Time": 137.336,"Actual Rows": 21,"Actual Loops": 1,"Workers Planned": 2,"Params Evaluated": ["$1"],"Workers Launched": 2,"Plans": [{"Node Type": "Aggregate","Strategy": "Sorted","Partial Mode": "Partial","Parent Relationship": "Outer","Parallel Aware": false,"Async Capable": false,"Startup Cost": 5741.19,"Total Cost": 5749.72,"Plan Rows": 310,"Plan Width": 72,"Actual Startup Time": 65.560,"Actual Total Time": 65.869,"Actual Rows": 7,"Actual Loops": 3,"Group Key": ["(SUBSTRING(customer.c_phone FROM 1 FOR 2))"],"Workers": [],"Plans": [{"Node Type": "Sort","Parent Relationship": "Outer","Parallel Aware": false,"Async Capable": false,"Startup Cost": 5741.19,"Total Cost": 5741.97,"Plan Rows": 310,"Plan Width": 38,"Actual Startup Time": 65.473,"Actual Total Time": 65.558,"Actual Rows": 2108,"Actual Loops": 3,"Sort Key": ["(SUBSTRING(customer.c_phone FROM 1 FOR 2))"],"Sort Method": "quicksort","Sort Space Used": 232,"Sort Space Type": "Memory","Workers": [{"Worker Number": 0,"Sort Method": "quicksort","Sort Space Used": 153,"Sort Space Type": "Memory"},{"Worker Number": 1,"Sort Method": "quicksort","Sort Space Used": 153,"Sort Space Type": "Memory"}],"Plans": [{"Node Type": "Nested Loop","Parent Relationship": "Outer","Parallel Aware": false,"Async Capable": false,"Join Type": "Anti","Startup Cost": 0.43,"Total Cost": 5728.36,"Plan Rows": 310,"Plan Width": 38,"Actual Startup Time": 0.184,"Actual Total Time": 64.637,"Actual Rows": 2108,"Actual Loops": 3,"Inner Unique": false,"Workers": [],"Plans": [{"Node Type": "Seq Scan","Parent Relationship": "Outer","Parallel Aware": true,"Async Capable": false,"Relation Name": "customer","Alias": "customer","Startup Cost": 0.00,"Total Cost": 5225.62,"Plan Rows": 729,"Plan Width": 26,"Actual Startup Time": 0.030,"Actual Total Time": 43.511,"Actual Rows": 6365,"Actual Loops": 3,"Filter": "((c_acctbal > $1) AND (SUBSTRING(c_phone FROM 1 FOR 2) = ANY ('{13,17,18,26,29,15,32}'::text[])))","Rows Removed by Filter": 43635,"Workers": []},{"Node Type": "Index Only Scan","Parent Relationship": "Inner","Parallel Aware": false,"Async Capable": false,"Scan Direction": "Forward","Index Name": "idx_orders_custkey","Relation Name": "orders","Alias": "orders","Startup Cost": 0.43,"Total Cost": 3.28,"Plan Rows": 17,"Plan Width": 4,"Actual Startup Time": 0.003,"Actual Total Time": 0.003,"Actual Rows": 1,"Actual Loops": 19096,"Index Cond": "(o_custkey = customer.c_custkey)","Rows Removed by Index Recheck": 0,"Heap Fetches": 0,"Workers": []}]}]}]}]}]},"Planning Time": 4.713,"Triggers": [],"Execution Time": 138.174}]
[{"Plan": {"Node Type": "Aggregate","Strategy": "Sorted","Partial Mode": "Finalize","Parallel Aware": false,"Async Capable": false,"Startup Cost": 12972.06,"Total Cost": 13071.37,"Plan Rows": 744,"Plan Width": 72,"Actual Startup Time": 134.074,"Actual Total Time": 137.739,"Actual Rows": 7,"Actual Loops": 1,"Group Key": ["(SUBSTRING(customer.c_phone FROM 1 FOR 2))"],"Plans": [{"Node Type": "Aggregate","Strategy": "Plain","Partial Mode": "Finalize","Parent Relationship": "InitPlan","Subplan Name": "InitPlan 1 (returns $1)","Parallel Aware": false,"Async Capable": false,"Startup Cost": 6230.83,"Total Cost": 6230.84,"Plan Rows": 1,"Plan Width": 32,"Actual Startup Time": 61.435,"Actual Total Time": 61.731,"Actual Rows": 1,"Actual Loops": 1,"Plans": [{"Node Type": "Gather","Parent Relationship": "Outer","Parallel Aware": false,"Async Capable": false,"Startup Cost": 6230.61,"Total Cost": 6230.82,"Plan Rows": 2,"Plan Width": 32,"Actual Startup Time": 61.333,"Actual Total Time": 61.713,"Actual Rows": 3,"Actual Loops": 1,"Workers Planned": 2,"Workers Launched": 2,"Single Copy": false,"Plans": [{"Node Type": "Aggregate","Strategy": "Plain","Partial Mode": "Partial","Parent Relationship": "Outer","Parallel Aware": false,"Async Capable": false,"Startup Cost": 5230.61,"Total Cost": 5230.62,"Plan Rows": 1,"Plan Width": 32,"Actual Startup Time": 54.922,"Actual Total Time": 54.924,"Actual Rows": 1,"Actual Loops": 3,"Workers": [],"Plans": [{"Node Type": "Seq Scan","Parent Relationship": "Outer","Parallel Aware": true,"Async Capable": false,"Relation Name": "customer","Alias": "customer_1","Startup Cost": 0.00,"Total Cost": 5225.62,"Plan Rows": 1994,"Plan Width": 6,"Actual Startup Time": 0.063,"Actual Total Time": 53.874,"Actual Rows": 12728,"Actual Loops": 3,"Filter": "((c_acctbal > 0.00) AND (SUBSTRING(c_phone FROM 1 FOR 2) = ANY ('{23,14,33,12,30,18,21}'::text[])))","Rows Removed by Filter": 37272,"Workers": []}]}]}]},{"Node Type": "Gather Merge","Parent Relationship": "Outer","Parallel Aware": false,"Async Capable": false,"Startup Cost": 6741.22,"Total Cost": 6821.30,"Plan Rows": 620,"Plan Width": 72,"Actual Startup Time": 133.974,"Actual Total Time": 137.397,"Actual Rows": 21,"Actual Loops": 1,"Workers Planned": 2,"Params Evaluated": ["$1"],"Workers Launched": 2,"Plans": [{"Node Type": "Aggregate","Strategy": "Sorted","Partial Mode": "Partial","Parent Relationship": "Outer","Parallel Aware": false,"Async Capable": false,"Startup Cost": 5741.19,"Total Cost": 5749.72,"Plan Rows": 310,"Plan Width": 72,"Actual Startup Time": 65.504,"Actual Total Time": 65.817,"Actual Rows": 7,"Actual Loops": 3,"Group Key": ["(SUBSTRING(customer.c_phone FROM 1 FOR 2))"],"Workers": [],"Plans": [{"Node Type": "Sort","Parent Relationship": "Outer","Parallel Aware": false,"Async Capable": false,"Startup Cost": 5741.19,"Total Cost": 5741.97,"Plan Rows": 310,"Plan Width": 38,"Actual Startup Time": 65.421,"Actual Total Time": 65.506,"Actual Rows": 2165,"Actual Loops": 3,"Sort Key": ["(SUBSTRING(customer.c_phone FROM 1 FOR 2))"],"Sort Method": "quicksort","Sort Space Used": 234,"Sort Space Type": "Memory","Workers": [{"Worker Number": 0,"Sort Method": "quicksort","Sort Space Used": 157,"Sort Space Type": "Memory"},{"Worker Number": 1,"Sort Method": "quicksort","Sort Space Used": 157,"Sort Space Type": "Memory"}],"Plans": [{"Node Type": "Nested Loop","Parent Relationship": "Outer","Parallel Aware": false,"Async Capable": false,"Join Type": "Anti","Startup Cost": 0.43,"Total Cost": 5728.36,"Plan Rows": 310,"Plan Width": 38,"Actual Startup Time": 0.158,"Actual Total Time": 64.622,"Actual Rows": 2165,"Actual Loops": 3,"Inner Unique": false,"Workers": [],"Plans": [{"Node Type": "Seq Scan","Parent Relationship": "Outer","Parallel Aware": true,"Async Capable": false,"Relation Name": "customer","Alias": "customer","Startup Cost": 0.00,"Total Cost": 5225.62,"Plan Rows": 729,"Plan Width": 26,"Actual Startup Time": 0.040,"Actual Total Time": 43.733,"Actual Rows": 6343,"Actual Loops": 3,"Filter": "((c_acctbal > $1) AND (SUBSTRING(c_phone FROM 1 FOR 2) = ANY ('{23,14,33,12,30,18,21}'::text[])))","Rows Removed by Filter": 43657,"Workers": []},{"Node Type": "Index Only Scan","Parent Relationship": "Inner","Parallel Aware": false,"Async Capable": false,"Scan Direction": "Forward","Index Name": "idx_orders_custkey","Relation Name": "orders","Alias": "orders","Startup Cost": 0.43,"Total Cost": 3.28,"Plan Rows": 17,"Plan Width": 4,"Actual Startup Time": 0.003,"Actual Total Time": 0.003,"Actual Rows": 1,"Actual Loops": 19029,"Index Cond": "(o_custkey = customer.c_custkey)","Rows Removed by Index Recheck": 0,"Heap Fetches": 0,"Workers": []}]}]}]}]}]},"Planning Time": 4.655,"Triggers": [],"Execution Time": 138.190}]
[{"Plan": {"Node Type": "Aggregate","Strategy": "Sorted","Partial Mode": "Finalize","Parallel Aware": false,"Async Capable": false,"Startup Cost": 12972.06,"Total Cost": 13071.37,"Plan Rows": 744,"Plan Width": 72,"Actual Startup Time": 136.671,"Actual Total Time": 139.906,"Actual Rows": 7,"Actual Loops": 1,"Group Key": ["(SUBSTRING(customer.c_phone FROM 1 FOR 2))"],"Plans": [{"Node Type": "Aggregate","Strategy": "Plain","Partial Mode": "Finalize","Parent Relationship": "InitPlan","Subplan Name": "InitPlan 1 (returns $1)","Parallel Aware": false,"Async Capable": false,"Startup Cost": 6230.83,"Total Cost": 6230.84,"Plan Rows": 1,"Plan Width": 32,"Actual Startup Time": 60.353,"Actual Total Time": 60.544,"Actual Rows": 1,"Actual Loops": 1,"Plans": [{"Node Type": "Gather","Parent Relationship": "Outer","Parallel Aware": false,"Async Capable": false,"Startup Cost": 6230.61,"Total Cost": 6230.82,"Plan Rows": 2,"Plan Width": 32,"Actual Startup Time": 60.256,"Actual Total Time": 60.528,"Actual Rows": 3,"Actual Loops": 1,"Workers Planned": 2,"Workers Launched": 2,"Single Copy": false,"Plans": [{"Node Type": "Aggregate","Strategy": "Plain","Partial Mode": "Partial","Parent Relationship": "Outer","Parallel Aware": false,"Async Capable": false,"Startup Cost": 5230.61,"Total Cost": 5230.62,"Plan Rows": 1,"Plan Width": 32,"Actual Startup Time": 54.358,"Actual Total Time": 54.360,"Actual Rows": 1,"Actual Loops": 3,"Workers": [],"Plans": [{"Node Type": "Seq Scan","Parent Relationship": "Outer","Parallel Aware": true,"Async Capable": false,"Relation Name": "customer","Alias": "customer_1","Startup Cost": 0.00,"Total Cost": 5225.62,"Plan Rows": 1994,"Plan Width": 6,"Actual Startup Time": 0.051,"Actual Total Time": 53.263,"Actual Rows": 12759,"Actual Loops": 3,"Filter": "((c_acctbal > 0.00) AND (SUBSTRING(c_phone FROM 1 FOR 2) = ANY ('{16,26,19,11,18,20,25}'::text[])))","Rows Removed by Filter": 37241,"Workers": []}]}]}]},{"Node Type": "Gather Merge","Parent Relationship": "Outer","Parallel Aware": false,"Async Capable": false,"Startup Cost": 6741.22,"Total Cost": 6821.30,"Plan Rows": 620,"Plan Width": 72,"Actual Startup Time": 136.568,"Actual Total Time": 139.656,"Actual Rows": 21,"Actual Loops": 1,"Workers Planned": 2,"Params Evaluated": ["$1"],"Workers Launched": 2,"Plans": [{"Node Type": "Aggregate","Strategy": "Sorted","Partial Mode": "Partial","Parent Relationship": "Outer","Parallel Aware": false,"Async Capable": false,"Startup Cost": 5741.19,"Total Cost": 5749.72,"Plan Rows": 310,"Plan Width": 72,"Actual Startup Time": 69.744,"Actual Total Time": 70.034,"Actual Rows": 7,"Actual Loops": 3,"Group Key": ["(SUBSTRING(customer.c_phone FROM 1 FOR 2))"],"Workers": [],"Plans": [{"Node Type": "Sort","Parent Relationship": "Outer","Parallel Aware": false,"Async Capable": false,"Startup Cost": 5741.19,"Total Cost": 5741.97,"Plan Rows": 310,"Plan Width": 38,"Actual Startup Time": 69.669,"Actual Total Time": 69.746,"Actual Rows": 2117,"Actual Loops": 3,"Sort Key": ["(SUBSTRING(customer.c_phone FROM 1 FOR 2))"],"Sort Method": "quicksort","Sort Space Used": 230,"Sort Space Type": "Memory","Workers": [{"Worker Number": 0,"Sort Method": "quicksort","Sort Space Used": 150,"Sort Space Type": "Memory"},{"Worker Number": 1,"Sort Method": "quicksort","Sort Space Used": 160,"Sort Space Type": "Memory"}],"Plans": [{"Node Type": "Nested Loop","Parent Relationship": "Outer","Parallel Aware": false,"Async Capable": false,"Join Type": "Anti","Startup Cost": 0.43,"Total Cost": 5728.36,"Plan Rows": 310,"Plan Width": 38,"Actual Startup Time": 0.206,"Actual Total Time": 68.902,"Actual Rows": 2117,"Actual Loops": 3,"Inner Unique": false,"Workers": [],"Plans": [{"Node Type": "Seq Scan","Parent Relationship": "Outer","Parallel Aware": true,"Async Capable": false,"Relation Name": "customer","Alias": "customer","Startup Cost": 0.00,"Total Cost": 5225.62,"Plan Rows": 729,"Plan Width": 26,"Actual Startup Time": 0.031,"Actual Total Time": 45.069,"Actual Rows": 6384,"Actual Loops": 3,"Filter": "((c_acctbal > $1) AND (SUBSTRING(c_phone FROM 1 FOR 2) = ANY ('{16,26,19,11,18,20,25}'::text[])))","Rows Removed by Filter": 43616,"Workers": []},{"Node Type": "Index Only Scan","Parent Relationship": "Inner","Parallel Aware": false,"Async Capable": false,"Scan Direction": "Forward","Index Name": "idx_orders_custkey","Relation Name": "orders","Alias": "orders","Startup Cost": 0.43,"Total Cost": 3.28,"Plan Rows": 17,"Plan Width": 4,"Actual Startup Time": 0.003,"Actual Total Time": 0.003,"Actual Rows": 1,"Actual Loops": 19153,"Index Cond": "(o_custkey = customer.c_custkey)","Rows Removed by Index Recheck": 0,"Heap Fetches": 0,"Workers": []}]}]}]}]}]},"Planning Time": 4.835,"Triggers": [],"Execution Time": 140.211}]
[{"Plan": {"Node Type": "Aggregate","Strategy": "Sorted","Partial Mode": "Finalize","Parallel Aware": false,"Async Capable": false,"Startup Cost": 12972.06,"Total Cost": 13071.37,"Plan Rows": 744,"Plan Width": 72,"Actual Startup Time": 138.553,"Actual Total Time": 142.061,"Actual Rows": 7,"Actual Loops": 1,"Group Key": ["(SUBSTRING(customer.c_phone FROM 1 FOR 2))"],"Plans": [{"Node Type": "Aggregate","Strategy": "Plain","Partial Mode": "Finalize","Parent Relationship": "InitPlan","Subplan Name": "InitPlan 1 (returns $1)","Parallel Aware": false,"Async Capable": false,"Startup Cost": 6230.83,"Total Cost": 6230.84,"Plan Rows": 1,"Plan Width": 32,"Actual Startup Time": 60.595,"Actual Total Time": 60.812,"Actual Rows": 1,"Actual Loops": 1,"Plans": [{"Node Type": "Gather","Parent Relationship": "Outer","Parallel Aware": false,"Async Capable": false,"Startup Cost": 6230.61,"Total Cost": 6230.82,"Plan Rows": 2,"Plan Width": 32,"Actual Startup Time": 60.489,"Actual Total Time": 60.797,"Actual Rows": 3,"Actual Loops": 1,"Workers Planned": 2,"Workers Launched": 2,"Single Copy": false,"Plans": [{"Node Type": "Aggregate","Strategy": "Plain","Partial Mode": "Partial","Parent Relationship": "Outer","Parallel Aware": false,"Async Capable": false,"Startup Cost": 5230.61,"Total Cost": 5230.62,"Plan Rows": 1,"Plan Width": 32,"Actual Startup Time": 54.654,"Actual Total Time": 54.657,"Actual Rows": 1,"Actual Loops": 3,"Workers": [],"Plans": [{"Node Type": "Seq Scan","Parent Relationship": "Outer","Parallel Aware": true,"Async Capable": false,"Relation Name": "customer","Alias": "customer_1","Startup Cost": 0.00,"Total Cost": 5225.62,"Plan Rows": 1994,"Plan Width": 6,"Actual Startup Time": 0.063,"Actual Total Time": 53.568,"Actual Rows": 12743,"Actual Loops": 3,"Filter": "((c_acctbal > 0.00) AND (SUBSTRING(c_phone FROM 1 FOR 2) = ANY ('{20,22,32,29,31,30,24}'::text[])))","Rows Removed by Filter": 37257,"Workers": []}]}]}]},{"Node Type": "Gather Merge","Parent Relationship": "Outer","Parallel Aware": false,"Async Capable": false,"Startup Cost": 6741.22,"Total Cost": 6821.30,"Plan Rows": 620,"Plan Width": 72,"Actual Startup Time": 138.444,"Actual Total Time": 141.783,"Actual Rows": 21,"Actual Loops": 1,"Workers Planned": 2,"Params Evaluated": ["$1"],"Workers Launched": 2,"Plans": [{"Node Type": "Aggregate","Strategy": "Sorted","Partial Mode": "Partial","Parent Relationship": "Outer","Parallel Aware": false,"Async Capable": false,"Startup Cost": 5741.19,"Total Cost": 5749.72,"Plan Rows": 310,"Plan Width": 72,"Actual Startup Time": 71.276,"Actual Total Time": 71.581,"Actual Rows": 7,"Actual Loops": 3,"Group Key": ["(SUBSTRING(customer.c_phone FROM 1 FOR 2))"],"Workers": [],"Plans": [{"Node Type": "Sort","Parent Relationship": "Outer","Parallel Aware": false,"Async Capable": false,"Startup Cost": 5741.19,"Total Cost": 5741.97,"Plan Rows": 310,"Plan Width": 38,"Actual Startup Time": 71.204,"Actual Total Time": 71.285,"Actual Rows": 2139,"Actual Loops": 3,"Sort Key": ["(SUBSTRING(customer.c_phone FROM 1 FOR 2))"],"Sort Method": "quicksort","Sort Space Used": 232,"Sort Space Type": "Memory","Workers": [{"Worker Number": 0,"Sort Method": "quicksort","Sort Space Used": 156,"Sort Space Type": "Memory"},{"Worker Number": 1,"Sort Method": "quicksort","Sort Space Used": 156,"Sort Space Type": "Memory"}],"Plans": [{"Node Type": "Nested Loop","Parent Relationship": "Outer","Parallel Aware": false,"Async Capable": false,"Join Type": "Anti","Startup Cost": 0.43,"Total Cost": 5728.36,"Plan Rows": 310,"Plan Width": 38,"Actual Startup Time": 0.208,"Actual Total Time": 70.402,"Actual Rows": 2139,"Actual Loops": 3,"Inner Unique": false,"Workers": [],"Plans": [{"Node Type": "Seq Scan","Parent Relationship": "Outer","Parallel Aware": true,"Async Capable": false,"Relation Name": "customer","Alias": "customer","Startup Cost": 0.00,"Total Cost": 5225.62,"Plan Rows": 729,"Plan Width": 26,"Actual Startup Time": 0.036,"Actual Total Time": 46.040,"Actual Rows": 6396,"Actual Loops": 3,"Filter": "((c_acctbal > $1) AND (SUBSTRING(c_phone FROM 1 FOR 2) = ANY ('{20,22,32,29,31,30,24}'::text[])))","Rows Removed by Filter": 43604,"Workers": []},{"Node Type": "Index Only Scan","Parent Relationship": "Inner","Parallel Aware": false,"Async Capable": false,"Scan Direction": "Forward","Index Name": "idx_orders_custkey","Relation Name": "orders","Alias": "orders","Startup Cost": 0.43,"Total Cost": 3.28,"Plan Rows": 17,"Plan Width": 4,"Actual Startup Time": 0.003,"Actual Total Time": 0.003,"Actual Rows": 1,"Actual Loops": 19188,"Index Cond": "(o_custkey = customer.c_custkey)","Rows Removed by Index Recheck": 0,"Heap Fetches": 0,"Workers": []}]}]}]}]}]},"Planning Time": 3.407,"Triggers": [],"Execution Time": 142.368}]
[{"Plan": {"Node Type": "Aggregate","Strategy": "Sorted","Partial Mode": "Finalize","Parallel Aware": false,"Async Capable": false,"Startup Cost": 12972.06,"Total Cost": 13071.37,"Plan Rows": 744,"Plan Width": 72,"Actual Startup Time": 137.928,"Actual Total Time": 141.300,"Actual Rows": 7,"Actual Loops": 1,"Group Key": ["(SUBSTRING(customer.c_phone FROM 1 FOR 2))"],"Plans": [{"Node Type": "Aggregate","Strategy": "Plain","Partial Mode": "Finalize","Parent Relationship": "InitPlan","Subplan Name": "InitPlan 1 (returns $1)","Parallel Aware": false,"Async Capable": false,"Startup Cost": 6230.83,"Total Cost": 6230.84,"Plan Rows": 1,"Plan Width": 32,"Actual Startup Time": 60.437,"Actual Total Time": 60.610,"Actual Rows": 1,"Actual Loops": 1,"Plans": [{"Node Type": "Gather","Parent Relationship": "Outer","Parallel Aware": false,"Async Capable": false,"Startup Cost": 6230.61,"Total Cost": 6230.82,"Plan Rows": 2,"Plan Width": 32,"Actual Startup Time": 60.324,"Actual Total Time": 60.592,"Actual Rows": 3,"Actual Loops": 1,"Workers Planned": 2,"Workers Launched": 2,"Single Copy": false,"Plans": [{"Node Type": "Aggregate","Strategy": "Plain","Partial Mode": "Partial","Parent Relationship": "Outer","Parallel Aware": false,"Async Capable": false,"Startup Cost": 5230.61,"Total Cost": 5230.62,"Plan Rows": 1,"Plan Width": 32,"Actual Startup Time": 54.223,"Actual Total Time": 54.226,"Actual Rows": 1,"Actual Loops": 3,"Workers": [],"Plans": [{"Node Type": "Seq Scan","Parent Relationship": "Outer","Parallel Aware": true,"Async Capable": false,"Relation Name": "customer","Alias": "customer_1","Startup Cost": 0.00,"Total Cost": 5225.62,"Plan Rows": 1994,"Plan Width": 6,"Actual Startup Time": 0.055,"Actual Total Time": 53.145,"Actual Rows": 12605,"Actual Loops": 3,"Filter": "((c_acctbal > 0.00) AND (SUBSTRING(c_phone FROM 1 FOR 2) = ANY ('{10,15,34,33,30,22,17}'::text[])))","Rows Removed by Filter": 37395,"Workers": []}]}]}]},{"Node Type": "Gather Merge","Parent Relationship": "Outer","Parallel Aware": false,"Async Capable": false,"Startup Cost": 6741.22,"Total Cost": 6821.30,"Plan Rows": 620,"Plan Width": 72,"Actual Startup Time": 137.802,"Actual Total Time": 141.072,"Actual Rows": 21,"Actual Loops": 1,"Workers Planned": 2,"Params Evaluated": ["$1"],"Workers Launched": 2,"Plans": [{"Node Type": "Aggregate","Strategy": "Sorted","Partial Mode": "Partial","Parent Relationship": "Outer","Parallel Aware": false,"Async Capable": false,"Startup Cost": 5741.19,"Total Cost": 5749.72,"Plan Rows": 310,"Plan Width": 72,"Actual Startup Time": 70.628,"Actual Total Time": 70.929,"Actual Rows": 7,"Actual Loops": 3,"Group Key": ["(SUBSTRING(customer.c_phone FROM 1 FOR 2))"],"Workers": [],"Plans": [{"Node Type": "Sort","Parent Relationship": "Outer","Parallel Aware": false,"Async Capable": false,"Startup Cost": 5741.19,"Total Cost": 5741.97,"Plan Rows": 310,"Plan Width": 38,"Actual Startup Time": 70.557,"Actual Total Time": 70.640,"Actual Rows": 2112,"Actual Loops": 3,"Sort Key": ["(SUBSTRING(customer.c_phone FROM 1 FOR 2))"],"Sort Method": "quicksort","Sort Space Used": 234,"Sort Space Type": "Memory","Workers": [{"Worker Number": 0,"Sort Method": "quicksort","Sort Space Used": 149,"Sort Space Type": "Memory"},{"Worker Number": 1,"Sort Method": "quicksort","Sort Space Used": 156,"Sort Space Type": "Memory"}],"Plans": [{"Node Type": "Nested Loop","Parent Relationship": "Outer","Parallel Aware": false,"Async Capable": false,"Join Type": "Anti","Startup Cost": 0.43,"Total Cost": 5728.36,"Plan Rows": 310,"Plan Width": 38,"Actual Startup Time": 0.125,"Actual Total Time": 69.769,"Actual Rows": 2112,"Actual Loops": 3,"Inner Unique": false,"Workers": [],"Plans": [{"Node Type": "Seq Scan","Parent Relationship": "Outer","Parallel Aware": true,"Async Capable": false,"Relation Name": "customer","Alias": "customer","Startup Cost": 0.00,"Total Cost": 5225.62,"Plan Rows": 729,"Plan Width": 26,"Actual Startup Time": 0.035,"Actual Total Time": 45.861,"Actual Rows": 6282,"Actual Loops": 3,"Filter": "((c_acctbal > $1) AND (SUBSTRING(c_phone FROM 1 FOR 2) = ANY ('{10,15,34,33,30,22,17}'::text[])))","Rows Removed by Filter": 43718,"Workers": []},{"Node Type": "Index Only Scan","Parent Relationship": "Inner","Parallel Aware": false,"Async Capable": false,"Scan Direction": "Forward","Index Name": "idx_orders_custkey","Relation Name": "orders","Alias": "orders","Startup Cost": 0.43,"Total Cost": 3.28,"Plan Rows": 17,"Plan Width": 4,"Actual Startup Time": 0.003,"Actual Total Time": 0.003,"Actual Rows": 1,"Actual Loops": 18845,"Index Cond": "(o_custkey = customer.c_custkey)","Rows Removed by Index Recheck": 0,"Heap Fetches": 0,"Workers": []}]}]}]}]}]},"Planning Time": 4.828,"Triggers": [],"Execution Time": 141.733}]
[{"Plan": {"Node Type": "Aggregate","Strategy": "Sorted","Partial Mode": "Finalize","Parallel Aware": false,"Async Capable": false,"Startup Cost": 12972.06,"Total Cost": 13071.37,"Plan Rows": 744,"Plan Width": 72,"Actual Startup Time": 138.616,"Actual Total Time": 142.070,"Actual Rows": 7,"Actual Loops": 1,"Group Key": ["(SUBSTRING(customer.c_phone FROM 1 FOR 2))"],"Plans": [{"Node Type": "Aggregate","Strategy": "Plain","Partial Mode": "Finalize","Parent Relationship": "InitPlan","Subplan Name": "InitPlan 1 (returns $1)","Parallel Aware": false,"Async Capable": false,"Startup Cost": 6230.83,"Total Cost": 6230.84,"Plan Rows": 1,"Plan Width": 32,"Actual Startup Time": 60.836,"Actual Total Time": 61.060,"Actual Rows": 1,"Actual Loops": 1,"Plans": [{"Node Type": "Gather","Parent Relationship": "Outer","Parallel Aware": false,"Async Capable": false,"Startup Cost": 6230.61,"Total Cost": 6230.82,"Plan Rows": 2,"Plan Width": 32,"Actual Startup Time": 60.707,"Actual Total Time": 61.043,"Actual Rows": 3,"Actual Loops": 1,"Workers Planned": 2,"Workers Launched": 2,"Single Copy": false,"Plans": [{"Node Type": "Aggregate","Strategy": "Plain","Partial Mode": "Partial","Parent Relationship": "Outer","Parallel Aware": false,"Async Capable": false,"Startup Cost": 5230.61,"Total Cost": 5230.62,"Plan Rows": 1,"Plan Width": 32,"Actual Startup Time": 54.338,"Actual Total Time": 54.340,"Actual Rows": 1,"Actual Loops": 3,"Workers": [],"Plans": [{"Node Type": "Seq Scan","Parent Relationship": "Outer","Parallel Aware": true,"Async Capable": false,"Relation Name": "customer","Alias": "customer_1","Startup Cost": 0.00,"Total Cost": 5225.62,"Plan Rows": 1994,"Plan Width": 6,"Actual Startup Time": 0.054,"Actual Total Time": 53.280,"Actual Rows": 12741,"Actual Loops": 3,"Filter": "((c_acctbal > 0.00) AND (SUBSTRING(c_phone FROM 1 FOR 2) = ANY ('{22,18,32,23,26,31,15}'::text[])))","Rows Removed by Filter": 37259,"Workers": []}]}]}]},{"Node Type": "Gather Merge","Parent Relationship": "Outer","Parallel Aware": false,"Async Capable": false,"Startup Cost": 6741.22,"Total Cost": 6821.30,"Plan Rows": 620,"Plan Width": 72,"Actual Startup Time": 138.470,"Actual Total Time": 141.777,"Actual Rows": 21,"Actual Loops": 1,"Workers Planned": 2,"Params Evaluated": ["$1"],"Workers Launched": 2,"Plans": [{"Node Type": "Aggregate","Strategy": "Sorted","Partial Mode": "Partial","Parent Relationship": "Outer","Parallel Aware": false,"Async Capable": false,"Startup Cost": 5741.19,"Total Cost": 5749.72,"Plan Rows": 310,"Plan Width": 72,"Actual Startup Time": 70.978,"Actual Total Time": 71.278,"Actual Rows": 7,"Actual Loops": 3,"Group Key": ["(SUBSTRING(customer.c_phone FROM 1 FOR 2))"],"Workers": [],"Plans": [{"Node Type": "Sort","Parent Relationship": "Outer","Parallel Aware": false,"Async Capable": false,"Startup Cost": 5741.19,"Total Cost": 5741.97,"Plan Rows": 310,"Plan Width": 38,"Actual Startup Time": 70.909,"Actual Total Time": 70.988,"Actual Rows": 2116,"Actual Loops": 3,"Sort Key": ["(SUBSTRING(customer.c_phone FROM 1 FOR 2))"],"Sort Method": "quicksort","Sort Space Used": 233,"Sort Space Type": "Memory","Workers": [{"Worker Number": 0,"Sort Method": "quicksort","Sort Space Used": 152,"Sort Space Type": "Memory"},{"Worker Number": 1,"Sort Method": "quicksort","Sort Space Used": 156,"Sort Space Type": "Memory"}],"Plans": [{"Node Type": "Nested Loop","Parent Relationship": "Outer","Parallel Aware": false,"Async Capable": false,"Join Type": "Anti","Startup Cost": 0.43,"Total Cost": 5728.36,"Plan Rows": 310,"Plan Width": 38,"Actual Startup Time": 0.148,"Actual Total Time": 70.122,"Actual Rows": 2116,"Actual Loops": 3,"Inner Unique": false,"Workers": [],"Plans": [{"Node Type": "Seq Scan","Parent Relationship": "Outer","Parallel Aware": true,"Async Capable": false,"Relation Name": "customer","Alias": "customer","Startup Cost": 0.00,"Total Cost": 5225.62,"Plan Rows": 729,"Plan Width": 26,"Actual Startup Time": 0.028,"Actual Total Time": 45.909,"Actual Rows": 6385,"Actual Loops": 3,"Filter": "((c_acctbal > $1) AND (SUBSTRING(c_phone FROM 1 FOR 2) = ANY ('{22,18,32,23,26,31,15}'::text[])))","Rows Removed by Filter": 43615,"Workers": []},{"Node Type": "Index Only Scan","Parent Relationship": "Inner","Parallel Aware": false,"Async Capable": false,"Scan Direction": "Forward","Index Name": "idx_orders_custkey","Relation Name": "orders","Alias": "orders","Startup Cost": 0.43,"Total Cost": 3.28,"Plan Rows": 17,"Plan Width": 4,"Actual Startup Time": 0.003,"Actual Total Time": 0.003,"Actual Rows": 1,"Actual Loops": 19155,"Index Cond": "(o_custkey = customer.c_custkey)","Rows Removed by Index Recheck": 0,"Heap Fetches": 0,"Workers": []}]}]}]}]}]},"Planning Time": 4.787,"Triggers": [],"Execution Time": 142.484}]
[{"Plan": {"Node Type": "Aggregate","Strategy": "Sorted","Partial Mode": "Finalize","Parallel Aware": false,"Async Capable": false,"Startup Cost": 12972.06,"Total Cost": 13071.37,"Plan Rows": 744,"Plan Width": 72,"Actual Startup Time": 136.427,"Actual Total Time": 140.019,"Actual Rows": 7,"Actual Loops": 1,"Group Key": ["(SUBSTRING(customer.c_phone FROM 1 FOR 2))"],"Plans": [{"Node Type": "Aggregate","Strategy": "Plain","Partial Mode": "Finalize","Parent Relationship": "InitPlan","Subplan Name": "InitPlan 1 (returns $1)","Parallel Aware": false,"Async Capable": false,"Startup Cost": 6230.83,"Total Cost": 6230.84,"Plan Rows": 1,"Plan Width": 32,"Actual Startup Time": 59.319,"Actual Total Time": 59.477,"Actual Rows": 1,"Actual Loops": 1,"Plans": [{"Node Type": "Gather","Parent Relationship": "Outer","Parallel Aware": false,"Async Capable": false,"Startup Cost": 6230.61,"Total Cost": 6230.82,"Plan Rows": 2,"Plan Width": 32,"Actual Startup Time": 59.233,"Actual Total Time": 59.457,"Actual Rows": 3,"Actual Loops": 1,"Workers Planned": 2,"Workers Launched": 2,"Single Copy": false,"Plans": [{"Node Type": "Aggregate","Strategy": "Plain","Partial Mode": "Partial","Parent Relationship": "Outer","Parallel Aware": false,"Async Capable": false,"Startup Cost": 5230.61,"Total Cost": 5230.62,"Plan Rows": 1,"Plan Width": 32,"Actual Startup Time": 52.950,"Actual Total Time": 52.952,"Actual Rows": 1,"Actual Loops": 3,"Workers": [],"Plans": [{"Node Type": "Seq Scan","Parent Relationship": "Outer","Parallel Aware": true,"Async Capable": false,"Relation Name": "customer","Alias": "customer_1","Startup Cost": 0.00,"Total Cost": 5225.62,"Plan Rows": 1994,"Plan Width": 6,"Actual Startup Time": 0.056,"Actual Total Time": 51.881,"Actual Rows": 12662,"Actual Loops": 3,"Filter": "((c_acctbal > 0.00) AND (SUBSTRING(c_phone FROM 1 FOR 2) = ANY ('{30,17,16,26,34,14,24}'::text[])))","Rows Removed by Filter": 37338,"Workers": []}]}]}]},{"Node Type": "Gather Merge","Parent Relationship": "Outer","Parallel Aware": false,"Async Capable": false,"Startup Cost": 6741.22,"Total Cost": 6821.30,"Plan Rows": 620,"Plan Width": 72,"Actual Startup Time": 136.332,"Actual Total Time": 139.813,"Actual Rows": 21,"Actual Loops": 1,"Workers Planned": 2,"Params Evaluated": ["$1"],"Workers Launched": 2,"Plans": [{"Node Type": "Aggregate","Strategy": "Sorted","Partial Mode": "Partial","Parent Relationship": "Outer","Parallel Aware": false,"Async Capable": false,"Startup Cost": 5741.19,"Total Cost": 5749.72,"Plan Rows": 310,"Plan Width": 72,"Actual Startup Time": 69.945,"Actual Total Time": 70.234,"Actual Rows": 7,"Actual Loops": 3,"Group Key": ["(SUBSTRING(customer.c_phone FROM 1 FOR 2))"],"Workers": [],"Plans": [{"Node Type": "Sort","Parent Relationship": "Outer","Parallel Aware": false,"Async Capable": false,"Startup Cost": 5741.19,"Total Cost": 5741.97,"Plan Rows": 310,"Plan Width": 38,"Actual Startup Time": 69.872,"Actual Total Time": 69.950,"Actual Rows": 2105,"Actual Loops": 3,"Sort Key": ["(SUBSTRING(customer.c_phone FROM 1 FOR 2))"],"Sort Method": "quicksort","Sort Space Used": 235,"Sort Space Type": "Memory","Workers": [{"Worker Number": 0,"Sort Method": "quicksort","Sort Space Used": 149,"Sort Space Type": "Memory"},{"Worker Number": 1,"Sort Method": "quicksort","Sort Space Used": 154,"Sort Space Type": "Memory"}],"Plans": [{"Node Type": "Nested Loop","Parent Relationship": "Outer","Parallel Aware": false,"Async Capable": false,"Join Type": "Anti","Startup Cost": 0.43,"Total Cost": 5728.36,"Plan Rows": 310,"Plan Width": 38,"Actual Startup Time": 0.169,"Actual Total Time": 69.100,"Actual Rows": 2105,"Actual Loops": 3,"Inner Unique": false,"Workers": [],"Plans": [{"Node Type": "Seq Scan","Parent Relationship": "Outer","Parallel Aware": true,"Async Capable": false,"Relation Name": "customer","Alias": "customer","Startup Cost": 0.00,"Total Cost": 5225.62,"Plan Rows": 729,"Plan Width": 26,"Actual Startup Time": 0.047,"Actual Total Time": 45.457,"Actual Rows": 6339,"Actual Loops": 3,"Filter": "((c_acctbal > $1) AND (SUBSTRING(c_phone FROM 1 FOR 2) = ANY ('{30,17,16,26,34,14,24}'::text[])))","Rows Removed by Filter": 43661,"Workers": []},{"Node Type": "Index Only Scan","Parent Relationship": "Inner","Parallel Aware": false,"Async Capable": false,"Scan Direction": "Forward","Index Name": "idx_orders_custkey","Relation Name": "orders","Alias": "orders","Startup Cost": 0.43,"Total Cost": 3.28,"Plan Rows": 17,"Plan Width": 4,"Actual Startup Time": 0.003,"Actual Total Time": 0.003,"Actual Rows": 1,"Actual Loops": 19016,"Index Cond": "(o_custkey = customer.c_custkey)","Rows Removed by Index Recheck": 0,"Heap Fetches": 0,"Workers": []}]}]}]}]}]},"Planning Time": 3.880,"Triggers": [],"Execution Time": 140.382}]
[{"Plan": {"Node Type": "Aggregate","Strategy": "Sorted","Partial Mode": "Finalize","Parallel Aware": false,"Async Capable": false,"Startup Cost": 12972.06,"Total Cost": 13071.37,"Plan Rows": 744,"Plan Width": 72,"Actual Startup Time": 142.505,"Actual Total Time": 146.054,"Actual Rows": 7,"Actual Loops": 1,"Group Key": ["(SUBSTRING(customer.c_phone FROM 1 FOR 2))"],"Plans": [{"Node Type": "Aggregate","Strategy": "Plain","Partial Mode": "Finalize","Parent Relationship": "InitPlan","Subplan Name": "InitPlan 1 (returns $1)","Parallel Aware": false,"Async Capable": false,"Startup Cost": 6230.83,"Total Cost": 6230.84,"Plan Rows": 1,"Plan Width": 32,"Actual Startup Time": 63.004,"Actual Total Time": 63.208,"Actual Rows": 1,"Actual Loops": 1,"Plans": [{"Node Type": "Gather","Parent Relationship": "Outer","Parallel Aware": false,"Async Capable": false,"Startup Cost": 6230.61,"Total Cost": 6230.82,"Plan Rows": 2,"Plan Width": 32,"Actual Startup Time": 62.904,"Actual Total Time": 63.193,"Actual Rows": 3,"Actual Loops": 1,"Workers Planned": 2,"Workers Launched": 2,"Single Copy": false,"Plans": [{"Node Type": "Aggregate","Strategy": "Plain","Partial Mode": "Partial","Parent Relationship": "Outer","Parallel Aware": false,"Async Capable": false,"Startup Cost": 5230.61,"Total Cost": 5230.62,"Plan Rows": 1,"Plan Width": 32,"Actual Startup Time": 57.172,"Actual Total Time": 57.174,"Actual Rows": 1,"Actual Loops": 3,"Workers": [],"Plans": [{"Node Type": "Seq Scan","Parent Relationship": "Outer","Parallel Aware": true,"Async Capable": false,"Relation Name": "customer","Alias": "customer_1","Startup Cost": 0.00,"Total Cost": 5225.62,"Plan Rows": 1994,"Plan Width": 6,"Actual Startup Time": 0.042,"Actual Total Time": 56.088,"Actual Rows": 12789,"Actual Loops": 3,"Filter": "((c_acctbal > 0.00) AND (SUBSTRING(c_phone FROM 1 FOR 2) = ANY ('{14,25,16,29,33,12,23}'::text[])))","Rows Removed by Filter": 37211,"Workers": []}]}]}]},{"Node Type": "Gather Merge","Parent Relationship": "Outer","Parallel Aware": false,"Async Capable": false,"Startup Cost": 6741.22,"Total Cost": 6821.30,"Plan Rows": 620,"Plan Width": 72,"Actual Startup Time": 142.380,"Actual Total Time": 145.788,"Actual Rows": 21,"Actual Loops": 1,"Workers Planned": 2,"Params Evaluated": ["$1"],"Workers Launched": 2,"Plans": [{"Node Type": "Aggregate","Strategy": "Sorted","Partial Mode": "Partial","Parent Relationship": "Outer","Parallel Aware": false,"Async Capable": false,"Startup Cost": 5741.19,"Total Cost": 5749.72,"Plan Rows": 310,"Plan Width": 72,"Actual Startup Time": 72.433,"Actual Total Time": 72.739,"Actual Rows": 7,"Actual Loops": 3,"Group Key": ["(SUBSTRING(customer.c_phone FROM 1 FOR 2))"],"Workers": [],"Plans": [{"Node Type": "Sort","Parent Relationship": "Outer","Parallel Aware": false,"Async Capable": false,"Startup Cost": 5741.19,"Total Cost": 5741.97,"Plan Rows": 310,"Plan Width": 38,"Actual Startup Time": 72.365,"Actual Total Time": 72.455,"Actual Rows": 2127,"Actual Loops": 3,"Sort Key": ["(SUBSTRING(customer.c_phone FROM 1 FOR 2))"],"Sort Method": "quicksort","Sort Space Used": 230,"Sort Space Type": "Memory","Workers": [{"Worker Number": 0,"Sort Method": "quicksort","Sort Space Used": 156,"Sort Space Type": "Memory"},{"Worker Number": 1,"Sort Method": "quicksort","Sort Space Used": 156,"Sort Space Type": "Memory"}],"Plans": [{"Node Type": "Nested Loop","Parent Relationship": "Outer","Parallel Aware": false,"Async Capable": false,"Join Type": "Anti","Startup Cost": 0.43,"Total Cost": 5728.36,"Plan Rows": 310,"Plan Width": 38,"Actual Startup Time": 0.184,"Actual Total Time": 71.538,"Actual Rows": 2127,"Actual Loops": 3,"Inner Unique": false,"Workers": [],"Plans": [{"Node Type": "Seq Scan","Parent Relationship": "Outer","Parallel Aware": true,"Async Capable": false,"Relation Name": "customer","Alias": "customer","Startup Cost": 0.00,"Total Cost": 5225.62,"Plan Rows": 729,"Plan Width": 26,"Actual Startup Time": 0.050,"Actual Total Time": 47.322,"Actual Rows": 6376,"Actual Loops": 3,"Filter": "((c_acctbal > $1) AND (SUBSTRING(c_phone FROM 1 FOR 2) = ANY ('{14,25,16,29,33,12,23}'::text[])))","Rows Removed by Filter": 43624,"Workers": []},{"Node Type": "Index Only Scan","Parent Relationship": "Inner","Parallel Aware": false,"Async Capable": false,"Scan Direction": "Forward","Index Name": "idx_orders_custkey","Relation Name": "orders","Alias": "orders","Startup Cost": 0.43,"Total Cost": 3.28,"Plan Rows": 17,"Plan Width": 4,"Actual Startup Time": 0.003,"Actual Total Time": 0.003,"Actual Rows": 1,"Actual Loops": 19129,"Index Cond": "(o_custkey = customer.c_custkey)","Rows Removed by Index Recheck": 0,"Heap Fetches": 0,"Workers": []}]}]}]}]}]},"Planning Time": 3.773,"Triggers": [],"Execution Time": 146.410}]
[{"Plan": {"Node Type": "Aggregate","Strategy": "Sorted","Partial Mode": "Finalize","Parallel Aware": false,"Async Capable": false,"Startup Cost": 12972.06,"Total Cost": 13071.37,"Plan Rows": 744,"Plan Width": 72,"Actual Startup Time": 133.091,"Actual Total Time": 136.879,"Actual Rows": 7,"Actual Loops": 1,"Group Key": ["(SUBSTRING(customer.c_phone FROM 1 FOR 2))"],"Plans": [{"Node Type": "Aggregate","Strategy": "Plain","Partial Mode": "Finalize","Parent Relationship": "InitPlan","Subplan Name": "InitPlan 1 (returns $1)","Parallel Aware": false,"Async Capable": false,"Startup Cost": 6230.83,"Total Cost": 6230.84,"Plan Rows": 1,"Plan Width": 32,"Actual Startup Time": 60.705,"Actual Total Time": 61.050,"Actual Rows": 1,"Actual Loops": 1,"Plans": [{"Node Type": "Gather","Parent Relationship": "Outer","Parallel Aware": false,"Async Capable": false,"Startup Cost": 6230.61,"Total Cost": 6230.82,"Plan Rows": 2,"Plan Width": 32,"Actual Startup Time": 60.584,"Actual Total Time": 61.025,"Actual Rows": 3,"Actual Loops": 1,"Workers Planned": 2,"Workers Launched": 2,"Single Copy": false,"Plans": [{"Node Type": "Aggregate","Strategy": "Plain","Partial Mode": "Partial","Parent Relationship": "Outer","Parallel Aware": false,"Async Capable": false,"Startup Cost": 5230.61,"Total Cost": 5230.62,"Plan Rows": 1,"Plan Width": 32,"Actual Startup Time": 54.602,"Actual Total Time": 54.607,"Actual Rows": 1,"Actual Loops": 3,"Workers": [],"Plans": [{"Node Type": "Seq Scan","Parent Relationship": "Outer","Parallel Aware": true,"Async Capable": false,"Relation Name": "customer","Alias": "customer_1","Startup Cost": 0.00,"Total Cost": 5225.62,"Plan Rows": 1994,"Plan Width": 6,"Actual Startup Time": 0.052,"Actual Total Time": 53.509,"Actual Rows": 12725,"Actual Loops": 3,"Filter": "((c_acctbal > 0.00) AND (SUBSTRING(c_phone FROM 1 FOR 2) = ANY ('{10,32,33,27,17,29,21}'::text[])))","Rows Removed by Filter": 37275,"Workers": []}]}]}]},{"Node Type": "Gather Merge","Parent Relationship": "Outer","Parallel Aware": false,"Async Capable": false,"Startup Cost": 6741.22,"Total Cost": 6821.30,"Plan Rows": 620,"Plan Width": 72,"Actual Startup Time": 132.992,"Actual Total Time": 136.487,"Actual Rows": 21,"Actual Loops": 1,"Workers Planned": 2,"Params Evaluated": ["$1"],"Workers Launched": 2,"Plans": [{"Node Type": "Aggregate","Strategy": "Sorted","Partial Mode": "Partial","Parent Relationship": "Outer","Parallel Aware": false,"Async Capable": false,"Startup Cost": 5741.19,"Total Cost": 5749.72,"Plan Rows": 310,"Plan Width": 72,"Actual Startup Time": 65.500,"Actual Total Time": 65.805,"Actual Rows": 7,"Actual Loops": 3,"Group Key": ["(SUBSTRING(customer.c_phone FROM 1 FOR 2))"],"Workers": [],"Plans": [{"Node Type": "Sort","Parent Relationship": "Outer","Parallel Aware": false,"Async Capable": false,"Startup Cost": 5741.19,"Total Cost": 5741.97,"Plan Rows": 310,"Plan Width": 38,"Actual Startup Time": 65.421,"Actual Total Time": 65.507,"Actual Rows": 2135,"Actual Loops": 3,"Sort Key": ["(SUBSTRING(customer.c_phone FROM 1 FOR 2))"],"Sort Method": "quicksort","Sort Space Used": 235,"Sort Space Type": "Memory","Workers": [{"Worker Number": 0,"Sort Method": "quicksort","Sort Space Used": 155,"Sort Space Type": "Memory"},{"Worker Number": 1,"Sort Method": "quicksort","Sort Space Used": 154,"Sort Space Type": "Memory"}],"Plans": [{"Node Type": "Nested Loop","Parent Relationship": "Outer","Parallel Aware": false,"Async Capable": false,"Join Type": "Anti","Startup Cost": 0.43,"Total Cost": 5728.36,"Plan Rows": 310,"Plan Width": 38,"Actual Startup Time": 0.171,"Actual Total Time": 64.607,"Actual Rows": 2135,"Actual Loops": 3,"Inner Unique": false,"Workers": [],"Plans": [{"Node Type": "Seq Scan","Parent Relationship": "Outer","Parallel Aware": true,"Async Capable": false,"Relation Name": "customer","Alias": "customer","Startup Cost": 0.00,"Total Cost": 5225.62,"Plan Rows": 729,"Plan Width": 26,"Actual Startup Time": 0.039,"Actual Total Time": 43.691,"Actual Rows": 6351,"Actual Loops": 3,"Filter": "((c_acctbal > $1) AND (SUBSTRING(c_phone FROM 1 FOR 2) = ANY ('{10,32,33,27,17,29,21}'::text[])))","Rows Removed by Filter": 43649,"Workers": []},{"Node Type": "Index Only Scan","Parent Relationship": "Inner","Parallel Aware": false,"Async Capable": false,"Scan Direction": "Forward","Index Name": "idx_orders_custkey","Relation Name": "orders","Alias": "orders","Startup Cost": 0.43,"Total Cost": 3.28,"Plan Rows": 17,"Plan Width": 4,"Actual Startup Time": 0.003,"Actual Total Time": 0.003,"Actual Rows": 1,"Actual Loops": 19052,"Index Cond": "(o_custkey = customer.c_custkey)","Rows Removed by Index Recheck": 0,"Heap Fetches": 0,"Workers": []}]}]}]}]}]},"Planning Time": 3.568,"Triggers": [],"Execution Time": 137.258}]
[{"Plan": {"Node Type": "Aggregate","Strategy": "Sorted","Partial Mode": "Finalize","Parallel Aware": false,"Async Capable": false,"Startup Cost": 12972.06,"Total Cost": 13071.37,"Plan Rows": 744,"Plan Width": 72,"Actual Startup Time": 134.294,"Actual Total Time": 140.340,"Actual Rows": 7,"Actual Loops": 1,"Group Key": ["(SUBSTRING(customer.c_phone FROM 1 FOR 2))"],"Plans": [{"Node Type": "Aggregate","Strategy": "Plain","Partial Mode": "Finalize","Parent Relationship": "InitPlan","Subplan Name": "InitPlan 1 (returns $1)","Parallel Aware": false,"Async Capable": false,"Startup Cost": 6230.83,"Total Cost": 6230.84,"Plan Rows": 1,"Plan Width": 32,"Actual Startup Time": 62.227,"Actual Total Time": 62.522,"Actual Rows": 1,"Actual Loops": 1,"Plans": [{"Node Type": "Gather","Parent Relationship": "Outer","Parallel Aware": false,"Async Capable": false,"Startup Cost": 6230.61,"Total Cost": 6230.82,"Plan Rows": 2,"Plan Width": 32,"Actual Startup Time": 62.124,"Actual Total Time": 62.503,"Actual Rows": 3,"Actual Loops": 1,"Workers Planned": 2,"Workers Launched": 2,"Single Copy": false,"Plans": [{"Node Type": "Aggregate","Strategy": "Plain","Partial Mode": "Partial","Parent Relationship": "Outer","Parallel Aware": false,"Async Capable": false,"Startup Cost": 5230.61,"Total Cost": 5230.62,"Plan Rows": 1,"Plan Width": 32,"Actual Startup Time": 55.699,"Actual Total Time": 55.700,"Actual Rows": 1,"Actual Loops": 3,"Workers": [],"Plans": [{"Node Type": "Seq Scan","Parent Relationship": "Outer","Parallel Aware": true,"Async Capable": false,"Relation Name": "customer","Alias": "customer_1","Startup Cost": 0.00,"Total Cost": 5225.62,"Plan Rows": 1994,"Plan Width": 6,"Actual Startup Time": 0.064,"Actual Total Time": 54.651,"Actual Rows": 12766,"Actual Loops": 3,"Filter": "((c_acctbal > 0.00) AND (SUBSTRING(c_phone FROM 1 FOR 2) = ANY ('{23,34,13,33,18,20,24}'::text[])))","Rows Removed by Filter": 37234,"Workers": []}]}]}]},{"Node Type": "Gather Merge","Parent Relationship": "Outer","Parallel Aware": false,"Async Capable": false,"Startup Cost": 6741.22,"Total Cost": 6821.30,"Plan Rows": 620,"Plan Width": 72,"Actual Startup Time": 134.188,"Actual Total Time": 139.996,"Actual Rows": 21,"Actual Loops": 1,"Workers Planned": 2,"Params Evaluated": ["$1"],"Workers Launched": 2,"Plans": [{"Node Type": "Aggregate","Strategy": "Sorted","Partial Mode": "Partial","Parent Relationship": "Outer","Parallel Aware": false,"Async Capable": false,"Startup Cost": 5741.19,"Total Cost": 5749.72,"Plan Rows": 310,"Plan Width": 72,"Actual Startup Time": 65.058,"Actual Total Time": 65.373,"Actual Rows": 7,"Actual Loops": 3,"Group Key": ["(SUBSTRING(customer.c_phone FROM 1 FOR 2))"],"Workers": [],"Plans": [{"Node Type": "Sort","Parent Relationship": "Outer","Parallel Aware": false,"Async Capable": false,"Startup Cost": 5741.19,"Total Cost": 5741.97,"Plan Rows": 310,"Plan Width": 38,"Actual Startup Time": 64.978,"Actual Total Time": 65.063,"Actual Rows": 2155,"Actual Loops": 3,"Sort Key": ["(SUBSTRING(customer.c_phone FROM 1 FOR 2))"],"Sort Method": "quicksort","Sort Space Used": 238,"Sort Space Type": "Memory","Workers": [{"Worker Number": 0,"Sort Method": "quicksort","Sort Space Used": 157,"Sort Space Type": "Memory"},{"Worker Number": 1,"Sort Method": "quicksort","Sort Space Used": 151,"Sort Space Type": "Memory"}],"Plans": [{"Node Type": "Nested Loop","Parent Relationship": "Outer","Parallel Aware": false,"Async Capable": false,"Join Type": "Anti","Startup Cost": 0.43,"Total Cost": 5728.36,"Plan Rows": 310,"Plan Width": 38,"Actual Startup Time": 0.110,"Actual Total Time": 64.168,"Actual Rows": 2155,"Actual Loops": 3,"Inner Unique": false,"Workers": [],"Plans": [{"Node Type": "Seq Scan","Parent Relationship": "Outer","Parallel Aware": true,"Async Capable": false,"Relation Name": "customer","Alias": "customer","Startup Cost": 0.00,"Total Cost": 5225.62,"Plan Rows": 729,"Plan Width": 26,"Actual Startup Time": 0.040,"Actual Total Time": 43.337,"Actual Rows": 6385,"Actual Loops": 3,"Filter": "((c_acctbal > $1) AND (SUBSTRING(c_phone FROM 1 FOR 2) = ANY ('{23,34,13,33,18,20,24}'::text[])))","Rows Removed by Filter": 43615,"Workers": []},{"Node Type": "Index Only Scan","Parent Relationship": "Inner","Parallel Aware": false,"Async Capable": false,"Scan Direction": "Forward","Index Name": "idx_orders_custkey","Relation Name": "orders","Alias": "orders","Startup Cost": 0.43,"Total Cost": 3.28,"Plan Rows": 17,"Plan Width": 4,"Actual Startup Time": 0.003,"Actual Total Time": 0.003,"Actual Rows": 1,"Actual Loops": 19156,"Index Cond": "(o_custkey = customer.c_custkey)","Rows Removed by Index Recheck": 0,"Heap Fetches": 0,"Workers": []}]}]}]}]}]},"Planning Time": 4.489,"Triggers": [],"Execution Time": 140.860}]
[{"Plan": {"Node Type": "Aggregate","Strategy": "Sorted","Partial Mode": "Finalize","Parallel Aware": false,"Async Capable": false,"Startup Cost": 12972.06,"Total Cost": 13071.37,"Plan Rows": 744,"Plan Width": 72,"Actual Startup Time": 139.229,"Actual Total Time": 142.768,"Actual Rows": 7,"Actual Loops": 1,"Group Key": ["(SUBSTRING(customer.c_phone FROM 1 FOR 2))"],"Plans": [{"Node Type": "Aggregate","Strategy": "Plain","Partial Mode": "Finalize","Parent Relationship": "InitPlan","Subplan Name": "InitPlan 1 (returns $1)","Parallel Aware": false,"Async Capable": false,"Startup Cost": 6230.83,"Total Cost": 6230.84,"Plan Rows": 1,"Plan Width": 32,"Actual Startup Time": 61.662,"Actual Total Time": 61.833,"Actual Rows": 1,"Actual Loops": 1,"Plans": [{"Node Type": "Gather","Parent Relationship": "Outer","Parallel Aware": false,"Async Capable": false,"Startup Cost": 6230.61,"Total Cost": 6230.82,"Plan Rows": 2,"Plan Width": 32,"Actual Startup Time": 61.587,"Actual Total Time": 61.815,"Actual Rows": 3,"Actual Loops": 1,"Workers Planned": 2,"Workers Launched": 2,"Single Copy": false,"Plans": [{"Node Type": "Aggregate","Strategy": "Plain","Partial Mode": "Partial","Parent Relationship": "Outer","Parallel Aware": false,"Async Capable": false,"Startup Cost": 5230.61,"Total Cost": 5230.62,"Plan Rows": 1,"Plan Width": 32,"Actual Startup Time": 55.605,"Actual Total Time": 55.607,"Actual Rows": 1,"Actual Loops": 3,"Workers": [],"Plans": [{"Node Type": "Seq Scan","Parent Relationship": "Outer","Parallel Aware": true,"Async Capable": false,"Relation Name": "customer","Alias": "customer_1","Startup Cost": 0.00,"Total Cost": 5225.62,"Plan Rows": 1994,"Plan Width": 6,"Actual Startup Time": 0.058,"Actual Total Time": 54.524,"Actual Rows": 12670,"Actual Loops": 3,"Filter": "((c_acctbal > 0.00) AND (SUBSTRING(c_phone FROM 1 FOR 2) = ANY ('{11,33,15,12,14,21,30}'::text[])))","Rows Removed by Filter": 37330,"Workers": []}]}]}]},{"Node Type": "Gather Merge","Parent Relationship": "Outer","Parallel Aware": false,"Async Capable": false,"Startup Cost": 6741.22,"Total Cost": 6821.30,"Plan Rows": 620,"Plan Width": 72,"Actual Startup Time": 139.090,"Actual Total Time": 142.535,"Actual Rows": 21,"Actual Loops": 1,"Workers Planned": 2,"Params Evaluated": ["$1"],"Workers Launched": 2,"Plans": [{"Node Type": "Aggregate","Strategy": "Sorted","Partial Mode": "Partial","Parent Relationship": "Outer","Parallel Aware": false,"Async Capable": false,"Startup Cost": 5741.19,"Total Cost": 5749.72,"Plan Rows": 310,"Plan Width": 72,"Actual Startup Time": 70.704,"Actual Total Time": 71.008,"Actual Rows": 7,"Actual Loops": 3,"Group Key": ["(SUBSTRING(customer.c_phone FROM 1 FOR 2))"],"Workers": [],"Plans": [{"Node Type": "Sort","Parent Relationship": "Outer","Parallel Aware": false,"Async Capable": false,"Startup Cost": 5741.19,"Total Cost": 5741.97,"Plan Rows": 310,"Plan Width": 38,"Actual Startup Time": 70.635,"Actual Total Time": 70.718,"Actual Rows": 2142,"Actual Loops": 3,"Sort Key": ["(SUBSTRING(customer.c_phone FROM 1 FOR 2))"],"Sort Method": "quicksort","Sort Space Used": 233,"Sort Space Type": "Memory","Workers": [{"Worker Number": 0,"Sort Method": "quicksort","Sort Space Used": 160,"Sort Space Type": "Memory"},{"Worker Number": 1,"Sort Method": "quicksort","Sort Space Used": 151,"Sort Space Type": "Memory"}],"Plans": [{"Node Type": "Nested Loop","Parent Relationship": "Outer","Parallel Aware": false,"Async Capable": false,"Join Type": "Anti","Startup Cost": 0.43,"Total Cost": 5728.36,"Plan Rows": 310,"Plan Width": 38,"Actual Startup Time": 0.191,"Actual Total Time": 69.843,"Actual Rows": 2142,"Actual Loops": 3,"Inner Unique": false,"Workers": [],"Plans": [{"Node Type": "Seq Scan","Parent Relationship": "Outer","Parallel Aware": true,"Async Capable": false,"Relation Name": "customer","Alias": "customer","Startup Cost": 0.00,"Total Cost": 5225.62,"Plan Rows": 729,"Plan Width": 26,"Actual Startup Time": 0.039,"Actual Total Time": 46.148,"Actual Rows": 6298,"Actual Loops": 3,"Filter": "((c_acctbal > $1) AND (SUBSTRING(c_phone FROM 1 FOR 2) = ANY ('{11,33,15,12,14,21,30}'::text[])))","Rows Removed by Filter": 43702,"Workers": []},{"Node Type": "Index Only Scan","Parent Relationship": "Inner","Parallel Aware": false,"Async Capable": false,"Scan Direction": "Forward","Index Name": "idx_orders_custkey","Relation Name": "orders","Alias": "orders","Startup Cost": 0.43,"Total Cost": 3.28,"Plan Rows": 17,"Plan Width": 4,"Actual Startup Time": 0.003,"Actual Total Time": 0.003,"Actual Rows": 1,"Actual Loops": 18895,"Index Cond": "(o_custkey = customer.c_custkey)","Rows Removed by Index Recheck": 0,"Heap Fetches": 0,"Workers": []}]}]}]}]}]},"Planning Time": 3.922,"Triggers": [],"Execution Time": 143.170}]
[{"Plan": {"Node Type": "Aggregate","Strategy": "Sorted","Partial Mode": "Finalize","Parallel Aware": false,"Async Capable": false,"Startup Cost": 12972.06,"Total Cost": 13071.37,"Plan Rows": 744,"Plan Width": 72,"Actual Startup Time": 142.340,"Actual Total Time": 145.874,"Actual Rows": 7,"Actual Loops": 1,"Group Key": ["(SUBSTRING(customer.c_phone FROM 1 FOR 2))"],"Plans": [{"Node Type": "Aggregate","Strategy": "Plain","Partial Mode": "Finalize","Parent Relationship": "InitPlan","Subplan Name": "InitPlan 1 (returns $1)","Parallel Aware": false,"Async Capable": false,"Startup Cost": 6230.83,"Total Cost": 6230.84,"Plan Rows": 1,"Plan Width": 32,"Actual Startup Time": 62.246,"Actual Total Time": 62.426,"Actual Rows": 1,"Actual Loops": 1,"Plans": [{"Node Type": "Gather","Parent Relationship": "Outer","Parallel Aware": false,"Async Capable": false,"Startup Cost": 6230.61,"Total Cost": 6230.82,"Plan Rows": 2,"Plan Width": 32,"Actual Startup Time": 62.160,"Actual Total Time": 62.403,"Actual Rows": 3,"Actual Loops": 1,"Workers Planned": 2,"Workers Launched": 2,"Single Copy": false,"Plans": [{"Node Type": "Aggregate","Strategy": "Plain","Partial Mode": "Partial","Parent Relationship": "Outer","Parallel Aware": false,"Async Capable": false,"Startup Cost": 5230.61,"Total Cost": 5230.62,"Plan Rows": 1,"Plan Width": 32,"Actual Startup Time": 56.524,"Actual Total Time": 56.526,"Actual Rows": 1,"Actual Loops": 3,"Workers": [],"Plans": [{"Node Type": "Seq Scan","Parent Relationship": "Outer","Parallel Aware": true,"Async Capable": false,"Relation Name": "customer","Alias": "customer_1","Startup Cost": 0.00,"Total Cost": 5225.62,"Plan Rows": 1994,"Plan Width": 6,"Actual Startup Time": 0.067,"Actual Total Time": 55.481,"Actual Rows": 12742,"Actual Loops": 3,"Filter": "((c_acctbal > 0.00) AND (SUBSTRING(c_phone FROM 1 FOR 2) = ANY ('{26,31,16,29,10,27,33}'::text[])))","Rows Removed by Filter": 37258,"Workers": []}]}]}]},{"Node Type": "Gather Merge","Parent Relationship": "Outer","Parallel Aware": false,"Async Capable": false,"Startup Cost": 6741.22,"Total Cost": 6821.30,"Plan Rows": 620,"Plan Width": 72,"Actual Startup Time": 142.230,"Actual Total Time": 145.626,"Actual Rows": 21,"Actual Loops": 1,"Workers Planned": 2,"Params Evaluated": ["$1"],"Workers Launched": 2,"Plans": [{"Node Type": "Aggregate","Strategy": "Sorted","Partial Mode": "Partial","Parent Relationship": "Outer","Parallel Aware": false,"Async Capable": false,"Startup Cost": 5741.19,"Total Cost": 5749.72,"Plan Rows": 310,"Plan Width": 72,"Actual Startup Time": 73.382,"Actual Total Time": 73.677,"Actual Rows": 7,"Actual Loops": 3,"Group Key": ["(SUBSTRING(customer.c_phone FROM 1 FOR 2))"],"Workers": [],"Plans": [{"Node Type": "Sort","Parent Relationship": "Outer","Parallel Aware": false,"Async Capable": false,"Startup Cost": 5741.19,"Total Cost": 5741.97,"Plan Rows": 310,"Plan Width": 38,"Actual Startup Time": 73.313,"Actual Total Time": 73.393,"Actual Rows": 2108,"Actual Loops": 3,"Sort Key": ["(SUBSTRING(customer.c_phone FROM 1 FOR 2))"],"Sort Method": "quicksort","Sort Space Used": 230,"Sort Space Type": "Memory","Workers": [{"Worker Number": 0,"Sort Method": "quicksort","Sort Space Used": 156,"Sort Space Type": "Memory"},{"Worker Number": 1,"Sort Method": "quicksort","Sort Space Used": 153,"Sort Space Type": "Memory"}],"Plans": [{"Node Type": "Nested Loop","Parent Relationship": "Outer","Parallel Aware": false,"Async Capable": false,"Join Type": "Anti","Startup Cost": 0.43,"Total Cost": 5728.36,"Plan Rows": 310,"Plan Width": 38,"Actual Startup Time": 0.137,"Actual Total Time": 72.523,"Actual Rows": 2108,"Actual Loops": 3,"Inner Unique": false,"Workers": [],"Plans": [{"Node Type": "Seq Scan","Parent Relationship": "Outer","Parallel Aware": true,"Async Capable": false,"Relation Name": "customer","Alias": "customer","Startup Cost": 0.00,"Total Cost": 5225.62,"Plan Rows": 729,"Plan Width": 26,"Actual Startup Time": 0.043,"Actual Total Time": 47.941,"Actual Rows": 6366,"Actual Loops": 3,"Filter": "((c_acctbal > $1) AND (SUBSTRING(c_phone FROM 1 FOR 2) = ANY ('{26,31,16,29,10,27,33}'::text[])))","Rows Removed by Filter": 43634,"Workers": []},{"Node Type": "Index Only Scan","Parent Relationship": "Inner","Parallel Aware": false,"Async Capable": false,"Scan Direction": "Forward","Index Name": "idx_orders_custkey","Relation Name": "orders","Alias": "orders","Startup Cost": 0.43,"Total Cost": 3.28,"Plan Rows": 17,"Plan Width": 4,"Actual Startup Time": 0.004,"Actual Total Time": 0.004,"Actual Rows": 1,"Actual Loops": 19097,"Index Cond": "(o_custkey = customer.c_custkey)","Rows Removed by Index Recheck": 0,"Heap Fetches": 0,"Workers": []}]}]}]}]}]},"Planning Time": 4.785,"Triggers": [],"Execution Time": 146.203}]
[{"Plan": {"Node Type": "Aggregate","Strategy": "Sorted","Partial Mode": "Finalize","Parallel Aware": false,"Async Capable": false,"Startup Cost": 12972.06,"Total Cost": 13071.37,"Plan Rows": 744,"Plan Width": 72,"Actual Startup Time": 139.150,"Actual Total Time": 142.540,"Actual Rows": 7,"Actual Loops": 1,"Group Key": ["(SUBSTRING(customer.c_phone FROM 1 FOR 2))"],"Plans": [{"Node Type": "Aggregate","Strategy": "Plain","Partial Mode": "Finalize","Parent Relationship": "InitPlan","Subplan Name": "InitPlan 1 (returns $1)","Parallel Aware": false,"Async Capable": false,"Startup Cost": 6230.83,"Total Cost": 6230.84,"Plan Rows": 1,"Plan Width": 32,"Actual Startup Time": 61.483,"Actual Total Time": 61.669,"Actual Rows": 1,"Actual Loops": 1,"Plans": [{"Node Type": "Gather","Parent Relationship": "Outer","Parallel Aware": false,"Async Capable": false,"Startup Cost": 6230.61,"Total Cost": 6230.82,"Plan Rows": 2,"Plan Width": 32,"Actual Startup Time": 61.424,"Actual Total Time": 61.657,"Actual Rows": 3,"Actual Loops": 1,"Workers Planned": 2,"Workers Launched": 2,"Single Copy": false,"Plans": [{"Node Type": "Aggregate","Strategy": "Plain","Partial Mode": "Partial","Parent Relationship": "Outer","Parallel Aware": false,"Async Capable": false,"Startup Cost": 5230.61,"Total Cost": 5230.62,"Plan Rows": 1,"Plan Width": 32,"Actual Startup Time": 55.762,"Actual Total Time": 55.764,"Actual Rows": 1,"Actual Loops": 3,"Workers": [],"Plans": [{"Node Type": "Seq Scan","Parent Relationship": "Outer","Parallel Aware": true,"Async Capable": false,"Relation Name": "customer","Alias": "customer_1","Startup Cost": 0.00,"Total Cost": 5225.62,"Plan Rows": 1994,"Plan Width": 6,"Actual Startup Time": 0.050,"Actual Total Time": 54.649,"Actual Rows": 12673,"Actual Loops": 3,"Filter": "((c_acctbal > 0.00) AND (SUBSTRING(c_phone FROM 1 FOR 2) = ANY ('{20,16,30,27,15,33,11}'::text[])))","Rows Removed by Filter": 37327,"Workers": []}]}]}]},{"Node Type": "Gather Merge","Parent Relationship": "Outer","Parallel Aware": false,"Async Capable": false,"Startup Cost": 6741.22,"Total Cost": 6821.30,"Plan Rows": 620,"Plan Width": 72,"Actual Startup Time": 139.052,"Actual Total Time": 142.302,"Actual Rows": 21,"Actual Loops": 1,"Workers Planned": 2,"Params Evaluated": ["$1"],"Workers Launched": 2,"Plans": [{"Node Type": "Aggregate","Strategy": "Sorted","Partial Mode": "Partial","Parent Relationship": "Outer","Parallel Aware": false,"Async Capable": false,"Startup Cost": 5741.19,"Total Cost": 5749.72,"Plan Rows": 310,"Plan Width": 72,"Actual Startup Time": 70.408,"Actual Total Time": 70.708,"Actual Rows": 7,"Actual Loops": 3,"Group Key": ["(SUBSTRING(customer.c_phone FROM 1 FOR 2))"],"Workers": [],"Plans": [{"Node Type": "Sort","Parent Relationship": "Outer","Parallel Aware": false,"Async Capable": false,"Startup Cost": 5741.19,"Total Cost": 5741.97,"Plan Rows": 310,"Plan Width": 38,"Actual Startup Time": 70.334,"Actual Total Time": 70.416,"Actual Rows": 2111,"Actual Loops": 3,"Sort Key": ["(SUBSTRING(customer.c_phone FROM 1 FOR 2))"],"Sort Method": "quicksort","Sort Space Used": 227,"Sort Space Type": "Memory","Workers": [{"Worker Number": 0,"Sort Method": "quicksort","Sort Space Used": 154,"Sort Space Type": "Memory"},{"Worker Number": 1,"Sort Method": "quicksort","Sort Space Used": 159,"Sort Space Type": "Memory"}],"Plans": [{"Node Type": "Nested Loop","Parent Relationship": "Outer","Parallel Aware": false,"Async Capable": false,"Join Type": "Anti","Startup Cost": 0.43,"Total Cost": 5728.36,"Plan Rows": 310,"Plan Width": 38,"Actual Startup Time": 0.356,"Actual Total Time": 69.539,"Actual Rows": 2111,"Actual Loops": 3,"Inner Unique": false,"Workers": [],"Plans": [{"Node Type": "Seq Scan","Parent Relationship": "Outer","Parallel Aware": true,"Async Capable": false,"Relation Name": "customer","Alias": "customer","Startup Cost": 0.00,"Total Cost": 5225.62,"Plan Rows": 729,"Plan Width": 26,"Actual Startup Time": 0.039,"Actual Total Time": 45.767,"Actual Rows": 6309,"Actual Loops": 3,"Filter": "((c_acctbal > $1) AND (SUBSTRING(c_phone FROM 1 FOR 2) = ANY ('{20,16,30,27,15,33,11}'::text[])))","Rows Removed by Filter": 43691,"Workers": []},{"Node Type": "Index Only Scan","Parent Relationship": "Inner","Parallel Aware": false,"Async Capable": false,"Scan Direction": "Forward","Index Name": "idx_orders_custkey","Relation Name": "orders","Alias": "orders","Startup Cost": 0.43,"Total Cost": 3.28,"Plan Rows": 17,"Plan Width": 4,"Actual Startup Time": 0.003,"Actual Total Time": 0.003,"Actual Rows": 1,"Actual Loops": 18928,"Index Cond": "(o_custkey = customer.c_custkey)","Rows Removed by Index Recheck": 0,"Heap Fetches": 0,"Workers": []}]}]}]}]}]},"Planning Time": 3.628,"Triggers": [],"Execution Time": 142.857}]
[{"Plan": {"Node Type": "Aggregate","Strategy": "Sorted","Partial Mode": "Finalize","Parallel Aware": false,"Async Capable": false,"Startup Cost": 12972.06,"Total Cost": 13071.37,"Plan Rows": 744,"Plan Width": 72,"Actual Startup Time": 142.195,"Actual Total Time": 145.630,"Actual Rows": 7,"Actual Loops": 1,"Group Key": ["(SUBSTRING(customer.c_phone FROM 1 FOR 2))"],"Plans": [{"Node Type": "Aggregate","Strategy": "Plain","Partial Mode": "Finalize","Parent Relationship": "InitPlan","Subplan Name": "InitPlan 1 (returns $1)","Parallel Aware": false,"Async Capable": false,"Startup Cost": 6230.83,"Total Cost": 6230.84,"Plan Rows": 1,"Plan Width": 32,"Actual Startup Time": 62.598,"Actual Total Time": 62.788,"Actual Rows": 1,"Actual Loops": 1,"Plans": [{"Node Type": "Gather","Parent Relationship": "Outer","Parallel Aware": false,"Async Capable": false,"Startup Cost": 6230.61,"Total Cost": 6230.82,"Plan Rows": 2,"Plan Width": 32,"Actual Startup Time": 62.500,"Actual Total Time": 62.762,"Actual Rows": 3,"Actual Loops": 1,"Workers Planned": 2,"Workers Launched": 2,"Single Copy": false,"Plans": [{"Node Type": "Aggregate","Strategy": "Plain","Partial Mode": "Partial","Parent Relationship": "Outer","Parallel Aware": false,"Async Capable": false,"Startup Cost": 5230.61,"Total Cost": 5230.62,"Plan Rows": 1,"Plan Width": 32,"Actual Startup Time": 56.662,"Actual Total Time": 56.665,"Actual Rows": 1,"Actual Loops": 3,"Workers": [],"Plans": [{"Node Type": "Seq Scan","Parent Relationship": "Outer","Parallel Aware": true,"Async Capable": false,"Relation Name": "customer","Alias": "customer_1","Startup Cost": 0.00,"Total Cost": 5225.62,"Plan Rows": 1994,"Plan Width": 6,"Actual Startup Time": 0.058,"Actual Total Time": 55.587,"Actual Rows": 12711,"Actual Loops": 3,"Filter": "((c_acctbal > 0.00) AND (SUBSTRING(c_phone FROM 1 FOR 2) = ANY ('{31,15,22,24,26,27,32}'::text[])))","Rows Removed by Filter": 37289,"Workers": []}]}]}]},{"Node Type": "Gather Merge","Parent Relationship": "Outer","Parallel Aware": false,"Async Capable": false,"Startup Cost": 6741.22,"Total Cost": 6821.30,"Plan Rows": 620,"Plan Width": 72,"Actual Startup Time": 142.075,"Actual Total Time": 145.385,"Actual Rows": 21,"Actual Loops": 1,"Workers Planned": 2,"Params Evaluated": ["$1"],"Workers Launched": 2,"Plans": [{"Node Type": "Aggregate","Strategy": "Sorted","Partial Mode": "Partial","Parent Relationship": "Outer","Parallel Aware": false,"Async Capable": false,"Startup Cost": 5741.19,"Total Cost": 5749.72,"Plan Rows": 310,"Plan Width": 72,"Actual Startup Time": 72.307,"Actual Total Time": 72.604,"Actual Rows": 7,"Actual Loops": 3,"Group Key": ["(SUBSTRING(customer.c_phone FROM 1 FOR 2))"],"Workers": [],"Plans": [{"Node Type": "Sort","Parent Relationship": "Outer","Parallel Aware": false,"Async Capable": false,"Startup Cost": 5741.19,"Total Cost": 5741.97,"Plan Rows": 310,"Plan Width": 38,"Actual Startup Time": 72.229,"Actual Total Time": 72.311,"Actual Rows": 2093,"Actual Loops": 3,"Sort Key": ["(SUBSTRING(customer.c_phone FROM 1 FOR 2))"],"Sort Method": "quicksort","Sort Space Used": 233,"Sort Space Type": "Memory","Workers": [{"Worker Number": 0,"Sort Method": "quicksort","Sort Space Used": 155,"Sort Space Type": "Memory"},{"Worker Number": 1,"Sort Method": "quicksort","Sort Space Used": 149,"Sort Space Type": "Memory"}],"Plans": [{"Node Type": "Nested Loop","Parent Relationship": "Outer","Parallel Aware": false,"Async Capable": false,"Join Type": "Anti","Startup Cost": 0.43,"Total Cost": 5728.36,"Plan Rows": 310,"Plan Width": 38,"Actual Startup Time": 0.262,"Actual Total Time": 71.435,"Actual Rows": 2093,"Actual Loops": 3,"Inner Unique": false,"Workers": [],"Plans": [{"Node Type": "Seq Scan","Parent Relationship": "Outer","Parallel Aware": true,"Async Capable": false,"Relation Name": "customer","Alias": "customer","Startup Cost": 0.00,"Total Cost": 5225.62,"Plan Rows": 729,"Plan Width": 26,"Actual Startup Time": 0.043,"Actual Total Time": 47.188,"Actual Rows": 6362,"Actual Loops": 3,"Filter": "((c_acctbal > $1) AND (SUBSTRING(c_phone FROM 1 FOR 2) = ANY ('{31,15,22,24,26,27,32}'::text[])))","Rows Removed by Filter": 43638,"Workers": []},{"Node Type": "Index Only Scan","Parent Relationship": "Inner","Parallel Aware": false,"Async Capable": false,"Scan Direction": "Forward","Index Name": "idx_orders_custkey","Relation Name": "orders","Alias": "orders","Startup Cost": 0.43,"Total Cost": 3.28,"Plan Rows": 17,"Plan Width": 4,"Actual Startup Time": 0.003,"Actual Total Time": 0.003,"Actual Rows": 1,"Actual Loops": 19085,"Index Cond": "(o_custkey = customer.c_custkey)","Rows Removed by Index Recheck": 0,"Heap Fetches": 0,"Workers": []}]}]}]}]}]},"Planning Time": 3.636,"Triggers": [],"Execution Time": 146.003}]
[{"Plan": {"Node Type": "Aggregate","Strategy": "Sorted","Partial Mode": "Finalize","Parallel Aware": false,"Async Capable": false,"Startup Cost": 12972.06,"Total Cost": 13071.37,"Plan Rows": 744,"Plan Width": 72,"Actual Startup Time": 133.032,"Actual Total Time": 136.756,"Actual Rows": 7,"Actual Loops": 1,"Group Key": ["(SUBSTRING(customer.c_phone FROM 1 FOR 2))"],"Plans": [{"Node Type": "Aggregate","Strategy": "Plain","Partial Mode": "Finalize","Parent Relationship": "InitPlan","Subplan Name": "InitPlan 1 (returns $1)","Parallel Aware": false,"Async Capable": false,"Startup Cost": 6230.83,"Total Cost": 6230.84,"Plan Rows": 1,"Plan Width": 32,"Actual Startup Time": 60.899,"Actual Total Time": 61.209,"Actual Rows": 1,"Actual Loops": 1,"Plans": [{"Node Type": "Gather","Parent Relationship": "Outer","Parallel Aware": false,"Async Capable": false,"Startup Cost": 6230.61,"Total Cost": 6230.82,"Plan Rows": 2,"Plan Width": 32,"Actual Startup Time": 60.794,"Actual Total Time": 61.187,"Actual Rows": 3,"Actual Loops": 1,"Workers Planned": 2,"Workers Launched": 2,"Single Copy": false,"Plans": [{"Node Type": "Aggregate","Strategy": "Plain","Partial Mode": "Partial","Parent Relationship": "Outer","Parallel Aware": false,"Async Capable": false,"Startup Cost": 5230.61,"Total Cost": 5230.62,"Plan Rows": 1,"Plan Width": 32,"Actual Startup Time": 54.752,"Actual Total Time": 54.754,"Actual Rows": 1,"Actual Loops": 3,"Workers": [],"Plans": [{"Node Type": "Seq Scan","Parent Relationship": "Outer","Parallel Aware": true,"Async Capable": false,"Relation Name": "customer","Alias": "customer_1","Startup Cost": 0.00,"Total Cost": 5225.62,"Plan Rows": 1994,"Plan Width": 6,"Actual Startup Time": 0.050,"Actual Total Time": 53.663,"Actual Rows": 12764,"Actual Loops": 3,"Filter": "((c_acctbal > 0.00) AND (SUBSTRING(c_phone FROM 1 FOR 2) = ANY ('{14,28,31,30,19,20,33}'::text[])))","Rows Removed by Filter": 37236,"Workers": []}]}]}]},{"Node Type": "Gather Merge","Parent Relationship": "Outer","Parallel Aware": false,"Async Capable": false,"Startup Cost": 6741.22,"Total Cost": 6821.30,"Plan Rows": 620,"Plan Width": 72,"Actual Startup Time": 132.931,"Actual Total Time": 136.390,"Actual Rows": 21,"Actual Loops": 1,"Workers Planned": 2,"Params Evaluated": ["$1"],"Workers Launched": 2,"Plans": [{"Node Type": "Aggregate","Strategy": "Sorted","Partial Mode": "Partial","Parent Relationship": "Outer","Parallel Aware": false,"Async Capable": false,"Startup Cost": 5741.19,"Total Cost": 5749.72,"Plan Rows": 310,"Plan Width": 72,"Actual Startup Time": 65.400,"Actual Total Time": 65.717,"Actual Rows": 7,"Actual Loops": 3,"Group Key": ["(SUBSTRING(customer.c_phone FROM 1 FOR 2))"],"Workers": [],"Plans": [{"Node Type": "Sort","Parent Relationship": "Outer","Parallel Aware": false,"Async Capable": false,"Startup Cost": 5741.19,"Total Cost": 5741.97,"Plan Rows": 310,"Plan Width": 38,"Actual Startup Time": 65.313,"Actual Total Time": 65.401,"Actual Rows": 2174,"Actual Loops": 3,"Sort Key": ["(SUBSTRING(customer.c_phone FROM 1 FOR 2))"],"Sort Method": "quicksort","Sort Space Used": 237,"Sort Space Type": "Memory","Workers": [{"Worker Number": 0,"Sort Method": "quicksort","Sort Space Used": 159,"Sort Space Type": "Memory"},{"Worker Number": 1,"Sort Method": "quicksort","Sort Space Used": 154,"Sort Space Type": "Memory"}],"Plans": [{"Node Type": "Nested Loop","Parent Relationship": "Outer","Parallel Aware": false,"Async Capable": false,"Join Type": "Anti","Startup Cost": 0.43,"Total Cost": 5728.36,"Plan Rows": 310,"Plan Width": 38,"Actual Startup Time": 0.144,"Actual Total Time": 64.523,"Actual Rows": 2174,"Actual Loops": 3,"Inner Unique": false,"Workers": [],"Plans": [{"Node Type": "Seq Scan","Parent Relationship": "Outer","Parallel Aware": true,"Async Capable": false,"Relation Name": "customer","Alias": "customer","Startup Cost": 0.00,"Total Cost": 5225.62,"Plan Rows": 729,"Plan Width": 26,"Actual Startup Time": 0.039,"Actual Total Time": 43.658,"Actual Rows": 6379,"Actual Loops": 3,"Filter": "((c_acctbal > $1) AND (SUBSTRING(c_phone FROM 1 FOR 2) = ANY ('{14,28,31,30,19,20,33}'::text[])))","Rows Removed by Filter": 43621,"Workers": []},{"Node Type": "Index Only Scan","Parent Relationship": "Inner","Parallel Aware": false,"Async Capable": false,"Scan Direction": "Forward","Index Name": "idx_orders_custkey","Relation Name": "orders","Alias": "orders","Startup Cost": 0.43,"Total Cost": 3.28,"Plan Rows": 17,"Plan Width": 4,"Actual Startup Time": 0.003,"Actual Total Time": 0.003,"Actual Rows": 1,"Actual Loops": 19137,"Index Cond": "(o_custkey = customer.c_custkey)","Rows Removed by Index Recheck": 0,"Heap Fetches": 0,"Workers": []}]}]}]}]}]},"Planning Time": 3.907,"Triggers": [],"Execution Time": 137.122}]
[{"Plan": {"Node Type": "Aggregate","Strategy": "Sorted","Partial Mode": "Finalize","Parallel Aware": false,"Async Capable": false,"Startup Cost": 12972.06,"Total Cost": 13071.37,"Plan Rows": 744,"Plan Width": 72,"Actual Startup Time": 133.907,"Actual Total Time": 137.539,"Actual Rows": 7,"Actual Loops": 1,"Group Key": ["(SUBSTRING(customer.c_phone FROM 1 FOR 2))"],"Plans": [{"Node Type": "Aggregate","Strategy": "Plain","Partial Mode": "Finalize","Parent Relationship": "InitPlan","Subplan Name": "InitPlan 1 (returns $1)","Parallel Aware": false,"Async Capable": false,"Startup Cost": 6230.83,"Total Cost": 6230.84,"Plan Rows": 1,"Plan Width": 32,"Actual Startup Time": 61.350,"Actual Total Time": 61.630,"Actual Rows": 1,"Actual Loops": 1,"Plans": [{"Node Type": "Gather","Parent Relationship": "Outer","Parallel Aware": false,"Async Capable": false,"Startup Cost": 6230.61,"Total Cost": 6230.82,"Plan Rows": 2,"Plan Width": 32,"Actual Startup Time": 61.227,"Actual Total Time": 61.610,"Actual Rows": 3,"Actual Loops": 1,"Workers Planned": 2,"Workers Launched": 2,"Single Copy": false,"Plans": [{"Node Type": "Aggregate","Strategy": "Plain","Partial Mode": "Partial","Parent Relationship": "Outer","Parallel Aware": false,"Async Capable": false,"Startup Cost": 5230.61,"Total Cost": 5230.62,"Plan Rows": 1,"Plan Width": 32,"Actual Startup Time": 55.211,"Actual Total Time": 55.215,"Actual Rows": 1,"Actual Loops": 3,"Workers": [],"Plans": [{"Node Type": "Seq Scan","Parent Relationship": "Outer","Parallel Aware": true,"Async Capable": false,"Relation Name": "customer","Alias": "customer_1","Startup Cost": 0.00,"Total Cost": 5225.62,"Plan Rows": 1994,"Plan Width": 6,"Actual Startup Time": 0.056,"Actual Total Time": 54.158,"Actual Rows": 12636,"Actual Loops": 3,"Filter": "((c_acctbal > 0.00) AND (SUBSTRING(c_phone FROM 1 FOR 2) = ANY ('{15,26,11,20,28,34,30}'::text[])))","Rows Removed by Filter": 37364,"Workers": []}]}]}]},{"Node Type": "Gather Merge","Parent Relationship": "Outer","Parallel Aware": false,"Async Capable": false,"Startup Cost": 6741.22,"Total Cost": 6821.30,"Plan Rows": 620,"Plan Width": 72,"Actual Startup Time": 133.799,"Actual Total Time": 137.196,"Actual Rows": 21,"Actual Loops": 1,"Workers Planned": 2,"Params Evaluated": ["$1"],"Workers Launched": 2,"Plans": [{"Node Type": "Aggregate","Strategy": "Sorted","Partial Mode": "Partial","Parent Relationship": "Outer","Parallel Aware": false,"Async Capable": false,"Startup Cost": 5741.19,"Total Cost": 5749.72,"Plan Rows": 310,"Plan Width": 72,"Actual Startup Time": 65.775,"Actual Total Time": 66.080,"Actual Rows": 7,"Actual Loops": 3,"Group Key": ["(SUBSTRING(customer.c_phone FROM 1 FOR 2))"],"Workers": [],"Plans": [{"Node Type": "Sort","Parent Relationship": "Outer","Parallel Aware": false,"Async Capable": false,"Startup Cost": 5741.19,"Total Cost": 5741.97,"Plan Rows": 310,"Plan Width": 38,"Actual Startup Time": 65.694,"Actual Total Time": 65.786,"Actual Rows": 2109,"Actual Loops": 3,"Sort Key": ["(SUBSTRING(customer.c_phone FROM 1 FOR 2))"],"Sort Method": "quicksort","Sort Space Used": 230,"Sort Space Type": "Memory","Workers": [{"Worker Number": 0,"Sort Method": "quicksort","Sort Space Used": 152,"Sort Space Type": "Memory"},{"Worker Number": 1,"Sort Method": "quicksort","Sort Space Used": 157,"Sort Space Type": "Memory"}],"Plans": [{"Node Type": "Nested Loop","Parent Relationship": "Outer","Parallel Aware": false,"Async Capable": false,"Join Type": "Anti","Startup Cost": 0.43,"Total Cost": 5728.36,"Plan Rows": 310,"Plan Width": 38,"Actual Startup Time": 0.212,"Actual Total Time": 64.897,"Actual Rows": 2109,"Actual Loops": 3,"Inner Unique": false,"Workers": [],"Plans": [{"Node Type": "Seq Scan","Parent Relationship": "Outer","Parallel Aware": true,"Async Capable": false,"Relation Name": "customer","Alias": "customer","Startup Cost": 0.00,"Total Cost": 5225.62,"Plan Rows": 729,"Plan Width": 26,"Actual Startup Time": 0.025,"Actual Total Time": 43.837,"Actual Rows": 6321,"Actual Loops": 3,"Filter": "((c_acctbal > $1) AND (SUBSTRING(c_phone FROM 1 FOR 2) = ANY ('{15,26,11,20,28,34,30}'::text[])))","Rows Removed by Filter": 43679,"Workers": []},{"Node Type": "Index Only Scan","Parent Relationship": "Inner","Parallel Aware": false,"Async Capable": false,"Scan Direction": "Forward","Index Name": "idx_orders_custkey","Relation Name": "orders","Alias": "orders","Startup Cost": 0.43,"Total Cost": 3.28,"Plan Rows": 17,"Plan Width": 4,"Actual Startup Time": 0.003,"Actual Total Time": 0.003,"Actual Rows": 1,"Actual Loops": 18964,"Index Cond": "(o_custkey = customer.c_custkey)","Rows Removed by Index Recheck": 0,"Heap Fetches": 0,"Workers": []}]}]}]}]}]},"Planning Time": 4.094,"Triggers": [],"Execution Time": 137.917}]
[{"Plan": {"Node Type": "Aggregate","Strategy": "Sorted","Partial Mode": "Finalize","Parallel Aware": false,"Async Capable": false,"Startup Cost": 12972.06,"Total Cost": 13071.37,"Plan Rows": 744,"Plan Width": 72,"Actual Startup Time": 134.769,"Actual Total Time": 138.617,"Actual Rows": 7,"Actual Loops": 1,"Group Key": ["(SUBSTRING(customer.c_phone FROM 1 FOR 2))"],"Plans": [{"Node Type": "Aggregate","Strategy": "Plain","Partial Mode": "Finalize","Parent Relationship": "InitPlan","Subplan Name": "InitPlan 1 (returns $1)","Parallel Aware": false,"Async Capable": false,"Startup Cost": 6230.83,"Total Cost": 6230.84,"Plan Rows": 1,"Plan Width": 32,"Actual Startup Time": 61.590,"Actual Total Time": 61.899,"Actual Rows": 1,"Actual Loops": 1,"Plans": [{"Node Type": "Gather","Parent Relationship": "Outer","Parallel Aware": false,"Async Capable": false,"Startup Cost": 6230.61,"Total Cost": 6230.82,"Plan Rows": 2,"Plan Width": 32,"Actual Startup Time": 61.474,"Actual Total Time": 61.876,"Actual Rows": 3,"Actual Loops": 1,"Workers Planned": 2,"Workers Launched": 2,"Single Copy": false,"Plans": [{"Node Type": "Aggregate","Strategy": "Plain","Partial Mode": "Partial","Parent Relationship": "Outer","Parallel Aware": false,"Async Capable": false,"Startup Cost": 5230.61,"Total Cost": 5230.62,"Plan Rows": 1,"Plan Width": 32,"Actual Startup Time": 55.392,"Actual Total Time": 55.395,"Actual Rows": 1,"Actual Loops": 3,"Workers": [],"Plans": [{"Node Type": "Seq Scan","Parent Relationship": "Outer","Parallel Aware": true,"Async Capable": false,"Relation Name": "customer","Alias": "customer_1","Startup Cost": 0.00,"Total Cost": 5225.62,"Plan Rows": 1994,"Plan Width": 6,"Actual Startup Time": 0.043,"Actual Total Time": 54.277,"Actual Rows": 12806,"Actual Loops": 3,"Filter": "((c_acctbal > 0.00) AND (SUBSTRING(c_phone FROM 1 FOR 2) = ANY ('{34,32,23,16,20,19,17}'::text[])))","Rows Removed by Filter": 37194,"Workers": []}]}]}]},{"Node Type": "Gather Merge","Parent Relationship": "Outer","Parallel Aware": false,"Async Capable": false,"Startup Cost": 6741.22,"Total Cost": 6821.30,"Plan Rows": 620,"Plan Width": 72,"Actual Startup Time": 134.546,"Actual Total Time": 138.232,"Actual Rows": 21,"Actual Loops": 1,"Workers Planned": 2,"Params Evaluated": ["$1"],"Workers Launched": 2,"Plans": [{"Node Type": "Aggregate","Strategy": "Sorted","Partial Mode": "Partial","Parent Relationship": "Outer","Parallel Aware": false,"Async Capable": false,"Startup Cost": 5741.19,"Total Cost": 5749.72,"Plan Rows": 310,"Plan Width": 72,"Actual Startup Time": 65.808,"Actual Total Time": 66.358,"Actual Rows": 7,"Actual Loops": 3,"Group Key": ["(SUBSTRING(customer.c_phone FROM 1 FOR 2))"],"Workers": [],"Plans": [{"Node Type": "Sort","Parent Relationship": "Outer","Parallel Aware": false,"Async Capable": false,"Startup Cost": 5741.19,"Total Cost": 5741.97,"Plan Rows": 310,"Plan Width": 38,"Actual Startup Time": 65.697,"Actual Total Time": 65.847,"Actual Rows": 2130,"Actual Loops": 3,"Sort Key": ["(SUBSTRING(customer.c_phone FROM 1 FOR 2))"],"Sort Method": "quicksort","Sort Space Used": 232,"Sort Space Type": "Memory","Workers": [{"Worker Number": 0,"Sort Method": "quicksort","Sort Space Used": 152,"Sort Space Type": "Memory"},{"Worker Number": 1,"Sort Method": "quicksort","Sort Space Used": 159,"Sort Space Type": "Memory"}],"Plans": [{"Node Type": "Nested Loop","Parent Relationship": "Outer","Parallel Aware": false,"Async Capable": false,"Join Type": "Anti","Startup Cost": 0.43,"Total Cost": 5728.36,"Plan Rows": 310,"Plan Width": 38,"Actual Startup Time": 0.194,"Actual Total Time": 64.727,"Actual Rows": 2130,"Actual Loops": 3,"Inner Unique": false,"Workers": [],"Plans": [{"Node Type": "Seq Scan","Parent Relationship": "Outer","Parallel Aware": true,"Async Capable": false,"Relation Name": "customer","Alias": "customer","Startup Cost": 0.00,"Total Cost": 5225.62,"Plan Rows": 729,"Plan Width": 26,"Actual Startup Time": 0.038,"Actual Total Time": 43.453,"Actual Rows": 6410,"Actual Loops": 3,"Filter": "((c_acctbal > $1) AND (SUBSTRING(c_phone FROM 1 FOR 2) = ANY ('{34,32,23,16,20,19,17}'::text[])))","Rows Removed by Filter": 43590,"Workers": []},{"Node Type": "Index Only Scan","Parent Relationship": "Inner","Parallel Aware": false,"Async Capable": false,"Scan Direction": "Forward","Index Name": "idx_orders_custkey","Relation Name": "orders","Alias": "orders","Startup Cost": 0.43,"Total Cost": 3.28,"Plan Rows": 17,"Plan Width": 4,"Actual Startup Time": 0.003,"Actual Total Time": 0.003,"Actual Rows": 1,"Actual Loops": 19229,"Index Cond": "(o_custkey = customer.c_custkey)","Rows Removed by Index Recheck": 0,"Heap Fetches": 0,"Workers": []}]}]}]}]}]},"Planning Time": 3.664,"Triggers": [],"Execution Time": 139.074}]
[{"Plan": {"Node Type": "Aggregate","Strategy": "Sorted","Partial Mode": "Finalize","Parallel Aware": false,"Async Capable": false,"Startup Cost": 12972.06,"Total Cost": 13071.37,"Plan Rows": 744,"Plan Width": 72,"Actual Startup Time": 135.373,"Actual Total Time": 139.154,"Actual Rows": 7,"Actual Loops": 1,"Group Key": ["(SUBSTRING(customer.c_phone FROM 1 FOR 2))"],"Plans": [{"Node Type": "Aggregate","Strategy": "Plain","Partial Mode": "Finalize","Parent Relationship": "InitPlan","Subplan Name": "InitPlan 1 (returns $1)","Parallel Aware": false,"Async Capable": false,"Startup Cost": 6230.83,"Total Cost": 6230.84,"Plan Rows": 1,"Plan Width": 32,"Actual Startup Time": 59.220,"Actual Total Time": 59.476,"Actual Rows": 1,"Actual Loops": 1,"Plans": [{"Node Type": "Gather","Parent Relationship": "Outer","Parallel Aware": false,"Async Capable": false,"Startup Cost": 6230.61,"Total Cost": 6230.82,"Plan Rows": 2,"Plan Width": 32,"Actual Startup Time": 59.137,"Actual Total Time": 59.461,"Actual Rows": 3,"Actual Loops": 1,"Workers Planned": 2,"Workers Launched": 2,"Single Copy": false,"Plans": [{"Node Type": "Aggregate","Strategy": "Plain","Partial Mode": "Partial","Parent Relationship": "Outer","Parallel Aware": false,"Async Capable": false,"Startup Cost": 5230.61,"Total Cost": 5230.62,"Plan Rows": 1,"Plan Width": 32,"Actual Startup Time": 53.441,"Actual Total Time": 53.443,"Actual Rows": 1,"Actual Loops": 3,"Workers": [],"Plans": [{"Node Type": "Seq Scan","Parent Relationship": "Outer","Parallel Aware": true,"Async Capable": false,"Relation Name": "customer","Alias": "customer_1","Startup Cost": 0.00,"Total Cost": 5225.62,"Plan Rows": 1994,"Plan Width": 6,"Actual Startup Time": 0.056,"Actual Total Time": 52.381,"Actual Rows": 12752,"Actual Loops": 3,"Filter": "((c_acctbal > 0.00) AND (SUBSTRING(c_phone FROM 1 FOR 2) = ANY ('{12,21,11,23,17,19,31}'::text[])))","Rows Removed by Filter": 37248,"Workers": []}]}]}]},{"Node Type": "Gather Merge","Parent Relationship": "Outer","Parallel Aware": false,"Async Capable": false,"Startup Cost": 6741.22,"Total Cost": 6821.30,"Plan Rows": 620,"Plan Width": 72,"Actual Startup Time": 135.261,"Actual Total Time": 138.853,"Actual Rows": 21,"Actual Loops": 1,"Workers Planned": 2,"Params Evaluated": ["$1"],"Workers Launched": 2,"Plans": [{"Node Type": "Aggregate","Strategy": "Sorted","Partial Mode": "Partial","Parent Relationship": "Outer","Parallel Aware": false,"Async Capable": false,"Startup Cost": 5741.19,"Total Cost": 5749.72,"Plan Rows": 310,"Plan Width": 72,"Actual Startup Time": 69.361,"Actual Total Time": 69.665,"Actual Rows": 7,"Actual Loops": 3,"Group Key": ["(SUBSTRING(customer.c_phone FROM 1 FOR 2))"],"Workers": [],"Plans": [{"Node Type": "Sort","Parent Relationship": "Outer","Parallel Aware": false,"Async Capable": false,"Startup Cost": 5741.19,"Total Cost": 5741.97,"Plan Rows": 310,"Plan Width": 38,"Actual Startup Time": 69.289,"Actual Total Time": 69.371,"Actual Rows": 2125,"Actual Loops": 3,"Sort Key": ["(SUBSTRING(customer.c_phone FROM 1 FOR 2))"],"Sort Method": "quicksort","Sort Space Used": 231,"Sort Space Type": "Memory","Workers": [{"Worker Number": 0,"Sort Method": "quicksort","Sort Space Used": 159,"Sort Space Type": "Memory"},{"Worker Number": 1,"Sort Method": "quicksort","Sort Space Used": 152,"Sort Space Type": "Memory"}],"Plans": [{"Node Type": "Nested Loop","Parent Relationship": "Outer","Parallel Aware": false,"Async Capable": false,"Join Type": "Anti","Startup Cost": 0.43,"Total Cost": 5728.36,"Plan Rows": 310,"Plan Width": 38,"Actual Startup Time": 0.163,"Actual Total Time": 68.530,"Actual Rows": 2125,"Actual Loops": 3,"Inner Unique": false,"Workers": [],"Plans": [{"Node Type": "Seq Scan","Parent Relationship": "Outer","Parallel Aware": true,"Async Capable": false,"Relation Name": "customer","Alias": "customer","Startup Cost": 0.00,"Total Cost": 5225.62,"Plan Rows": 729,"Plan Width": 26,"Actual Startup Time": 0.034,"Actual Total Time": 45.333,"Actual Rows": 6339,"Actual Loops": 3,"Filter": "((c_acctbal > $1) AND (SUBSTRING(c_phone FROM 1 FOR 2) = ANY ('{12,21,11,23,17,19,31}'::text[])))","Rows Removed by Filter": 43661,"Workers": []},{"Node Type": "Index Only Scan","Parent Relationship": "Inner","Parallel Aware": false,"Async Capable": false,"Scan Direction": "Forward","Index Name": "idx_orders_custkey","Relation Name": "orders","Alias": "orders","Startup Cost": 0.43,"Total Cost": 3.28,"Plan Rows": 17,"Plan Width": 4,"Actual Startup Time": 0.003,"Actual Total Time": 0.003,"Actual Rows": 1,"Actual Loops": 19017,"Index Cond": "(o_custkey = customer.c_custkey)","Rows Removed by Index Recheck": 0,"Heap Fetches": 0,"Workers": []}]}]}]}]}]},"Planning Time": 4.240,"Triggers": [],"Execution Time": 139.534}]
[{"Plan": {"Node Type": "Aggregate","Strategy": "Sorted","Partial Mode": "Finalize","Parallel Aware": false,"Async Capable": false,"Startup Cost": 12972.06,"Total Cost": 13071.37,"Plan Rows": 744,"Plan Width": 72,"Actual Startup Time": 136.816,"Actual Total Time": 140.272,"Actual Rows": 7,"Actual Loops": 1,"Group Key": ["(SUBSTRING(customer.c_phone FROM 1 FOR 2))"],"Plans": [{"Node Type": "Aggregate","Strategy": "Plain","Partial Mode": "Finalize","Parent Relationship": "InitPlan","Subplan Name": "InitPlan 1 (returns $1)","Parallel Aware": false,"Async Capable": false,"Startup Cost": 6230.83,"Total Cost": 6230.84,"Plan Rows": 1,"Plan Width": 32,"Actual Startup Time": 59.333,"Actual Total Time": 59.506,"Actual Rows": 1,"Actual Loops": 1,"Plans": [{"Node Type": "Gather","Parent Relationship": "Outer","Parallel Aware": false,"Async Capable": false,"Startup Cost": 6230.61,"Total Cost": 6230.82,"Plan Rows": 2,"Plan Width": 32,"Actual Startup Time": 59.261,"Actual Total Time": 59.490,"Actual Rows": 3,"Actual Loops": 1,"Workers Planned": 2,"Workers Launched": 2,"Single Copy": false,"Plans": [{"Node Type": "Aggregate","Strategy": "Plain","Partial Mode": "Partial","Parent Relationship": "Outer","Parallel Aware": false,"Async Capable": false,"Startup Cost": 5230.61,"Total Cost": 5230.62,"Plan Rows": 1,"Plan Width": 32,"Actual Startup Time": 53.078,"Actual Total Time": 53.081,"Actual Rows": 1,"Actual Loops": 3,"Workers": [],"Plans": [{"Node Type": "Seq Scan","Parent Relationship": "Outer","Parallel Aware": true,"Async Capable": false,"Relation Name": "customer","Alias": "customer_1","Startup Cost": 0.00,"Total Cost": 5225.62,"Plan Rows": 1994,"Plan Width": 6,"Actual Startup Time": 0.047,"Actual Total Time": 51.996,"Actual Rows": 12742,"Actual Loops": 3,"Filter": "((c_acctbal > 0.00) AND (SUBSTRING(c_phone FROM 1 FOR 2) = ANY ('{33,16,23,13,20,14,10}'::text[])))","Rows Removed by Filter": 37258,"Workers": []}]}]}]},{"Node Type": "Gather Merge","Parent Relationship": "Outer","Parallel Aware": false,"Async Capable": false,"Startup Cost": 6741.22,"Total Cost": 6821.30,"Plan Rows": 620,"Plan Width": 72,"Actual Startup Time": 136.681,"Actual Total Time": 140.040,"Actual Rows": 21,"Actual Loops": 1,"Workers Planned": 2,"Params Evaluated": ["$1"],"Workers Launched": 2,"Plans": [{"Node Type": "Aggregate","Strategy": "Sorted","Partial Mode": "Partial","Parent Relationship": "Outer","Parallel Aware": false,"Async Capable": false,"Startup Cost": 5741.19,"Total Cost": 5749.72,"Plan Rows": 310,"Plan Width": 72,"Actual Startup Time": 70.472,"Actual Total Time": 70.774,"Actual Rows": 7,"Actual Loops": 3,"Group Key": ["(SUBSTRING(customer.c_phone FROM 1 FOR 2))"],"Workers": [],"Plans": [{"Node Type": "Sort","Parent Relationship": "Outer","Parallel Aware": false,"Async Capable": false,"Startup Cost": 5741.19,"Total Cost": 5741.97,"Plan Rows": 310,"Plan Width": 38,"Actual Startup Time": 70.407,"Actual Total Time": 70.490,"Actual Rows": 2127,"Actual Loops": 3,"Sort Key": ["(SUBSTRING(customer.c_phone FROM 1 FOR 2))"],"Sort Method": "quicksort","Sort Space Used": 231,"Sort Space Type": "Memory","Workers": [{"Worker Number": 0,"Sort Method": "quicksort","Sort Space Used": 150,"Sort Space Type": "Memory"},{"Worker Number": 1,"Sort Method": "quicksort","Sort Space Used": 209,"Sort Space Type": "Memory"}],"Plans": [{"Node Type": "Nested Loop","Parent Relationship": "Outer","Parallel Aware": false,"Async Capable": false,"Join Type": "Anti","Startup Cost": 0.43,"Total Cost": 5728.36,"Plan Rows": 310,"Plan Width": 38,"Actual Startup Time": 0.180,"Actual Total Time": 69.584,"Actual Rows": 2127,"Actual Loops": 3,"Inner Unique": false,"Workers": [],"Plans": [{"Node Type": "Seq Scan","Parent Relationship": "Outer","Parallel Aware": true,"Async Capable": false,"Relation Name": "customer","Alias": "customer","Startup Cost": 0.00,"Total Cost": 5225.62,"Plan Rows": 729,"Plan Width": 26,"Actual Startup Time": 0.046,"Actual Total Time": 45.679,"Actual Rows": 6342,"Actual Loops": 3,"Filter": "((c_acctbal > $1) AND (SUBSTRING(c_phone FROM 1 FOR 2) = ANY ('{33,16,23,13,20,14,10}'::text[])))","Rows Removed by Filter": 43658,"Workers": []},{"Node Type": "Index Only Scan","Parent Relationship": "Inner","Parallel Aware": false,"Async Capable": false,"Scan Direction": "Forward","Index Name": "idx_orders_custkey","Relation Name": "orders","Alias": "orders","Startup Cost": 0.43,"Total Cost": 3.28,"Plan Rows": 17,"Plan Width": 4,"Actual Startup Time": 0.003,"Actual Total Time": 0.003,"Actual Rows": 1,"Actual Loops": 19026,"Index Cond": "(o_custkey = customer.c_custkey)","Rows Removed by Index Recheck": 0,"Heap Fetches": 0,"Workers": []}]}]}]}]}]},"Planning Time": 4.819,"Triggers": [],"Execution Time": 140.696}]
[{"Plan": {"Node Type": "Aggregate","Strategy": "Sorted","Partial Mode": "Finalize","Parallel Aware": false,"Async Capable": false,"Startup Cost": 12972.06,"Total Cost": 13071.37,"Plan Rows": 744,"Plan Width": 72,"Actual Startup Time": 135.974,"Actual Total Time": 139.663,"Actual Rows": 7,"Actual Loops": 1,"Group Key": ["(SUBSTRING(customer.c_phone FROM 1 FOR 2))"],"Plans": [{"Node Type": "Aggregate","Strategy": "Plain","Partial Mode": "Finalize","Parent Relationship": "InitPlan","Subplan Name": "InitPlan 1 (returns $1)","Parallel Aware": false,"Async Capable": false,"Startup Cost": 6230.83,"Total Cost": 6230.84,"Plan Rows": 1,"Plan Width": 32,"Actual Startup Time": 59.643,"Actual Total Time": 59.891,"Actual Rows": 1,"Actual Loops": 1,"Plans": [{"Node Type": "Gather","Parent Relationship": "Outer","Parallel Aware": false,"Async Capable": false,"Startup Cost": 6230.61,"Total Cost": 6230.82,"Plan Rows": 2,"Plan Width": 32,"Actual Startup Time": 59.553,"Actual Total Time": 59.872,"Actual Rows": 3,"Actual Loops": 1,"Workers Planned": 2,"Workers Launched": 2,"Single Copy": false,"Plans": [{"Node Type": "Aggregate","Strategy": "Plain","Partial Mode": "Partial","Parent Relationship": "Outer","Parallel Aware": false,"Async Capable": false,"Startup Cost": 5230.61,"Total Cost": 5230.62,"Plan Rows": 1,"Plan Width": 32,"Actual Startup Time": 53.692,"Actual Total Time": 53.695,"Actual Rows": 1,"Actual Loops": 3,"Workers": [],"Plans": [{"Node Type": "Seq Scan","Parent Relationship": "Outer","Parallel Aware": true,"Async Capable": false,"Relation Name": "customer","Alias": "customer_1","Startup Cost": 0.00,"Total Cost": 5225.62,"Plan Rows": 1994,"Plan Width": 6,"Actual Startup Time": 0.045,"Actual Total Time": 52.615,"Actual Rows": 12701,"Actual Loops": 3,"Filter": "((c_acctbal > 0.00) AND (SUBSTRING(c_phone FROM 1 FOR 2) = ANY ('{29,23,20,11,17,15,18}'::text[])))","Rows Removed by Filter": 37299,"Workers": []}]}]}]},{"Node Type": "Gather Merge","Parent Relationship": "Outer","Parallel Aware": false,"Async Capable": false,"Startup Cost": 6741.22,"Total Cost": 6821.30,"Plan Rows": 620,"Plan Width": 72,"Actual Startup Time": 135.871,"Actual Total Time": 139.362,"Actual Rows": 21,"Actual Loops": 1,"Workers Planned": 2,"Params Evaluated": ["$1"],"Workers Launched": 2,"Plans": [{"Node Type": "Aggregate","Strategy": "Sorted","Partial Mode": "Partial","Parent Relationship": "Outer","Parallel Aware": false,"Async Capable": false,"Startup Cost": 5741.19,"Total Cost": 5749.72,"Plan Rows": 310,"Plan Width": 72,"Actual Startup Time": 69.589,"Actual Total Time": 69.892,"Actual Rows": 7,"Actual Loops": 3,"Group Key": ["(SUBSTRING(customer.c_phone FROM 1 FOR 2))"],"Workers": [],"Plans": [{"Node Type": "Sort","Parent Relationship": "Outer","Parallel Aware": false,"Async Capable": false,"Startup Cost": 5741.19,"Total Cost": 5741.97,"Plan Rows": 310,"Plan Width": 38,"Actual Startup Time": 69.521,"Actual Total Time": 69.603,"Actual Rows": 2127,"Actual Loops": 3,"Sort Key": ["(SUBSTRING(customer.c_phone FROM 1 FOR 2))"],"Sort Method": "quicksort","Sort Space Used": 237,"Sort Space Type": "Memory","Workers": [{"Worker Number": 0,"Sort Method": "quicksort","Sort Space Used": 154,"Sort Space Type": "Memory"},{"Worker Number": 1,"Sort Method": "quicksort","Sort Space Used": 151,"Sort Space Type": "Memory"}],"Plans": [{"Node Type": "Nested Loop","Parent Relationship": "Outer","Parallel Aware": false,"Async Capable": false,"Join Type": "Anti","Startup Cost": 0.43,"Total Cost": 5728.36,"Plan Rows": 310,"Plan Width": 38,"Actual Startup Time": 0.137,"Actual Total Time": 68.757,"Actual Rows": 2127,"Actual Loops": 3,"Inner Unique": false,"Workers": [],"Plans": [{"Node Type": "Seq Scan","Parent Relationship": "Outer","Parallel Aware": true,"Async Capable": false,"Relation Name": "customer","Alias": "customer","Startup Cost": 0.00,"Total Cost": 5225.62,"Plan Rows": 729,"Plan Width": 26,"Actual Startup Time": 0.037,"Actual Total Time": 45.530,"Actual Rows": 6351,"Actual Loops": 3,"Filter": "((c_acctbal > $1) AND (SUBSTRING(c_phone FROM 1 FOR 2) = ANY ('{29,23,20,11,17,15,18}'::text[])))","Rows Removed by Filter": 43649,"Workers": []},{"Node Type": "Index Only Scan","Parent Relationship": "Inner","Parallel Aware": false,"Async Capable": false,"Scan Direction": "Forward","Index Name": "idx_orders_custkey","Relation Name": "orders","Alias": "orders","Startup Cost": 0.43,"Total Cost": 3.28,"Plan Rows": 17,"Plan Width": 4,"Actual Startup Time": 0.003,"Actual Total Time": 0.003,"Actual Rows": 1,"Actual Loops": 19054,"Index Cond": "(o_custkey = customer.c_custkey)","Rows Removed by Index Recheck": 0,"Heap Fetches": 0,"Workers": []}]}]}]}]}]},"Planning Time": 3.526,"Triggers": [],"Execution Time": 140.036}]
[{"Plan": {"Node Type": "Aggregate","Strategy": "Sorted","Partial Mode": "Finalize","Parallel Aware": false,"Async Capable": false,"Startup Cost": 12972.06,"Total Cost": 13071.37,"Plan Rows": 744,"Plan Width": 72,"Actual Startup Time": 136.121,"Actual Total Time": 139.882,"Actual Rows": 7,"Actual Loops": 1,"Group Key": ["(SUBSTRING(customer.c_phone FROM 1 FOR 2))"],"Plans": [{"Node Type": "Aggregate","Strategy": "Plain","Partial Mode": "Finalize","Parent Relationship": "InitPlan","Subplan Name": "InitPlan 1 (returns $1)","Parallel Aware": false,"Async Capable": false,"Startup Cost": 6230.83,"Total Cost": 6230.84,"Plan Rows": 1,"Plan Width": 32,"Actual Startup Time": 60.266,"Actual Total Time": 60.511,"Actual Rows": 1,"Actual Loops": 1,"Plans": [{"Node Type": "Gather","Parent Relationship": "Outer","Parallel Aware": false,"Async Capable": false,"Startup Cost": 6230.61,"Total Cost": 6230.82,"Plan Rows": 2,"Plan Width": 32,"Actual Startup Time": 60.176,"Actual Total Time": 60.493,"Actual Rows": 3,"Actual Loops": 1,"Workers Planned": 2,"Workers Launched": 2,"Single Copy": false,"Plans": [{"Node Type": "Aggregate","Strategy": "Plain","Partial Mode": "Partial","Parent Relationship": "Outer","Parallel Aware": false,"Async Capable": false,"Startup Cost": 5230.61,"Total Cost": 5230.62,"Plan Rows": 1,"Plan Width": 32,"Actual Startup Time": 54.291,"Actual Total Time": 54.293,"Actual Rows": 1,"Actual Loops": 3,"Workers": [],"Plans": [{"Node Type": "Seq Scan","Parent Relationship": "Outer","Parallel Aware": true,"Async Capable": false,"Relation Name": "customer","Alias": "customer_1","Startup Cost": 0.00,"Total Cost": 5225.62,"Plan Rows": 1994,"Plan Width": 6,"Actual Startup Time": 0.059,"Actual Total Time": 53.172,"Actual Rows": 12709,"Actual Loops": 3,"Filter": "((c_acctbal > 0.00) AND (SUBSTRING(c_phone FROM 1 FOR 2) = ANY ('{11,34,27,33,16,30,18}'::text[])))","Rows Removed by Filter": 37291,"Workers": []}]}]}]},{"Node Type": "Gather Merge","Parent Relationship": "Outer","Parallel Aware": false,"Async Capable": false,"Startup Cost": 6741.22,"Total Cost": 6821.30,"Plan Rows": 620,"Plan Width": 72,"Actual Startup Time": 136.000,"Actual Total Time": 139.594,"Actual Rows": 21,"Actual Loops": 1,"Workers Planned": 2,"Params Evaluated": ["$1"],"Workers Launched": 2,"Plans": [{"Node Type": "Aggregate","Strategy": "Sorted","Partial Mode": "Partial","Parent Relationship": "Outer","Parallel Aware": false,"Async Capable": false,"Startup Cost": 5741.19,"Total Cost": 5749.72,"Plan Rows": 310,"Plan Width": 72,"Actual Startup Time": 68.950,"Actual Total Time": 69.261,"Actual Rows": 7,"Actual Loops": 3,"Group Key": ["(SUBSTRING(customer.c_phone FROM 1 FOR 2))"],"Workers": [],"Plans": [{"Node Type": "Sort","Parent Relationship": "Outer","Parallel Aware": false,"Async Capable": false,"Startup Cost": 5741.19,"Total Cost": 5741.97,"Plan Rows": 310,"Plan Width": 38,"Actual Startup Time": 68.877,"Actual Total Time": 68.963,"Actual Rows": 2139,"Actual Loops": 3,"Sort Key": ["(SUBSTRING(customer.c_phone FROM 1 FOR 2))"],"Sort Method": "quicksort","Sort Space Used": 240,"Sort Space Type": "Memory","Workers": [{"Worker Number": 0,"Sort Method": "quicksort","Sort Space Used": 154,"Sort Space Type": "Memory"},{"Worker Number": 1,"Sort Method": "quicksort","Sort Space Used": 149,"Sort Space Type": "Memory"}],"Plans": [{"Node Type": "Nested Loop","Parent Relationship": "Outer","Parallel Aware": false,"Async Capable": false,"Join Type": "Anti","Startup Cost": 0.43,"Total Cost": 5728.36,"Plan Rows": 310,"Plan Width": 38,"Actual Startup Time": 0.166,"Actual Total Time": 68.073,"Actual Rows": 2139,"Actual Loops": 3,"Inner Unique": false,"Workers": [],"Plans": [{"Node Type": "Seq Scan","Parent Relationship": "Outer","Parallel Aware": true,"Async Capable": false,"Relation Name": "customer","Alias": "customer","Startup Cost": 0.00,"Total Cost": 5225.62,"Plan Rows": 729,"Plan Width": 26,"Actual Startup Time": 0.047,"Actual Total Time": 45.069,"Actual Rows": 6331,"Actual Loops": 3,"Filter": "((c_acctbal > $1) AND (SUBSTRING(c_phone FROM 1 FOR 2) = ANY ('{11,34,27,33,16,30,18}'::text[])))","Rows Removed by Filter": 43669,"Workers": []},{"Node Type": "Index Only Scan","Parent Relationship": "Inner","Parallel Aware": false,"Async Capable": false,"Scan Direction": "Forward","Index Name": "idx_orders_custkey","Relation Name": "orders","Alias": "orders","Startup Cost": 0.43,"Total Cost": 3.28,"Plan Rows": 17,"Plan Width": 4,"Actual Startup Time": 0.003,"Actual Total Time": 0.003,"Actual Rows": 1,"Actual Loops": 18993,"Index Cond": "(o_custkey = customer.c_custkey)","Rows Removed by Index Recheck": 0,"Heap Fetches": 0,"Workers": []}]}]}]}]}]},"Planning Time": 3.859,"Triggers": [],"Execution Time": 140.324}]
[{"Plan": {"Node Type": "Aggregate","Strategy": "Sorted","Partial Mode": "Finalize","Parallel Aware": false,"Async Capable": false,"Startup Cost": 12972.06,"Total Cost": 13071.37,"Plan Rows": 744,"Plan Width": 72,"Actual Startup Time": 137.947,"Actual Total Time": 141.580,"Actual Rows": 7,"Actual Loops": 1,"Group Key": ["(SUBSTRING(customer.c_phone FROM 1 FOR 2))"],"Plans": [{"Node Type": "Aggregate","Strategy": "Plain","Partial Mode": "Finalize","Parent Relationship": "InitPlan","Subplan Name": "InitPlan 1 (returns $1)","Parallel Aware": false,"Async Capable": false,"Startup Cost": 6230.83,"Total Cost": 6230.84,"Plan Rows": 1,"Plan Width": 32,"Actual Startup Time": 61.880,"Actual Total Time": 62.086,"Actual Rows": 1,"Actual Loops": 1,"Plans": [{"Node Type": "Gather","Parent Relationship": "Outer","Parallel Aware": false,"Async Capable": false,"Startup Cost": 6230.61,"Total Cost": 6230.82,"Plan Rows": 2,"Plan Width": 32,"Actual Startup Time": 61.778,"Actual Total Time": 62.064,"Actual Rows": 3,"Actual Loops": 1,"Workers Planned": 2,"Workers Launched": 2,"Single Copy": false,"Plans": [{"Node Type": "Aggregate","Strategy": "Plain","Partial Mode": "Partial","Parent Relationship": "Outer","Parallel Aware": false,"Async Capable": false,"Startup Cost": 5230.61,"Total Cost": 5230.62,"Plan Rows": 1,"Plan Width": 32,"Actual Startup Time": 55.089,"Actual Total Time": 55.091,"Actual Rows": 1,"Actual Loops": 3,"Workers": [],"Plans": [{"Node Type": "Seq Scan","Parent Relationship": "Outer","Parallel Aware": true,"Async Capable": false,"Relation Name": "customer","Alias": "customer_1","Startup Cost": 0.00,"Total Cost": 5225.62,"Plan Rows": 1994,"Plan Width": 6,"Actual Startup Time": 0.062,"Actual Total Time": 54.045,"Actual Rows": 12762,"Actual Loops": 3,"Filter": "((c_acctbal > 0.00) AND (SUBSTRING(c_phone FROM 1 FOR 2) = ANY ('{31,16,34,28,27,21,32}'::text[])))","Rows Removed by Filter": 37238,"Workers": []}]}]}]},{"Node Type": "Gather Merge","Parent Relationship": "Outer","Parallel Aware": false,"Async Capable": false,"Startup Cost": 6741.22,"Total Cost": 6821.30,"Plan Rows": 620,"Plan Width": 72,"Actual Startup Time": 137.795,"Actual Total Time": 141.313,"Actual Rows": 21,"Actual Loops": 1,"Workers Planned": 2,"Params Evaluated": ["$1"],"Workers Launched": 2,"Plans": [{"Node Type": "Aggregate","Strategy": "Sorted","Partial Mode": "Partial","Parent Relationship": "Outer","Parallel Aware": false,"Async Capable": false,"Startup Cost": 5741.19,"Total Cost": 5749.72,"Plan Rows": 310,"Plan Width": 72,"Actual Startup Time": 69.137,"Actual Total Time": 69.448,"Actual Rows": 7,"Actual Loops": 3,"Group Key": ["(SUBSTRING(customer.c_phone FROM 1 FOR 2))"],"Workers": [],"Plans": [{"Node Type": "Sort","Parent Relationship": "Outer","Parallel Aware": false,"Async Capable": false,"Startup Cost": 5741.19,"Total Cost": 5741.97,"Plan Rows": 310,"Plan Width": 38,"Actual Startup Time": 69.070,"Actual Total Time": 69.153,"Actual Rows": 2141,"Actual Loops": 3,"Sort Key": ["(SUBSTRING(customer.c_phone FROM 1 FOR 2))"],"Sort Method": "quicksort","Sort Space Used": 233,"Sort Space Type": "Memory","Workers": [{"Worker Number": 0,"Sort Method": "quicksort","Sort Space Used": 153,"Sort Space Type": "Memory"},{"Worker Number": 1,"Sort Method": "quicksort","Sort Space Used": 158,"Sort Space Type": "Memory"}],"Plans": [{"Node Type": "Nested Loop","Parent Relationship": "Outer","Parallel Aware": false,"Async Capable": false,"Join Type": "Anti","Startup Cost": 0.43,"Total Cost": 5728.36,"Plan Rows": 310,"Plan Width": 38,"Actual Startup Time": 0.166,"Actual Total Time": 68.263,"Actual Rows": 2141,"Actual Loops": 3,"Inner Unique": false,"Workers": [],"Plans": [{"Node Type": "Seq Scan","Parent Relationship": "Outer","Parallel Aware": true,"Async Capable": false,"Relation Name": "customer","Alias": "customer","Startup Cost": 0.00,"Total Cost": 5225.62,"Plan Rows": 729,"Plan Width": 26,"Actual Startup Time": 0.035,"Actual Total Time": 44.711,"Actual Rows": 6382,"Actual Loops": 3,"Filter": "((c_acctbal > $1) AND (SUBSTRING(c_phone FROM 1 FOR 2) = ANY ('{31,16,34,28,27,21,32}'::text[])))","Rows Removed by Filter": 43618,"Workers": []},{"Node Type": "Index Only Scan","Parent Relationship": "Inner","Parallel Aware": false,"Async Capable": false,"Scan Direction": "Forward","Index Name": "idx_orders_custkey","Relation Name": "orders","Alias": "orders","Startup Cost": 0.43,"Total Cost": 3.28,"Plan Rows": 17,"Plan Width": 4,"Actual Startup Time": 0.003,"Actual Total Time": 0.003,"Actual Rows": 1,"Actual Loops": 19146,"Index Cond": "(o_custkey = customer.c_custkey)","Rows Removed by Index Recheck": 0,"Heap Fetches": 0,"Workers": []}]}]}]}]}]},"Planning Time": 4.845,"Triggers": [],"Execution Time": 142.073}]
[{"Plan": {"Node Type": "Aggregate","Strategy": "Sorted","Partial Mode": "Finalize","Parallel Aware": false,"Async Capable": false,"Startup Cost": 12972.06,"Total Cost": 13071.37,"Plan Rows": 744,"Plan Width": 72,"Actual Startup Time": 137.641,"Actual Total Time": 141.269,"Actual Rows": 7,"Actual Loops": 1,"Group Key": ["(SUBSTRING(customer.c_phone FROM 1 FOR 2))"],"Plans": [{"Node Type": "Aggregate","Strategy": "Plain","Partial Mode": "Finalize","Parent Relationship": "InitPlan","Subplan Name": "InitPlan 1 (returns $1)","Parallel Aware": false,"Async Capable": false,"Startup Cost": 6230.83,"Total Cost": 6230.84,"Plan Rows": 1,"Plan Width": 32,"Actual Startup Time": 60.493,"Actual Total Time": 60.687,"Actual Rows": 1,"Actual Loops": 1,"Plans": [{"Node Type": "Gather","Parent Relationship": "Outer","Parallel Aware": false,"Async Capable": false,"Startup Cost": 6230.61,"Total Cost": 6230.82,"Plan Rows": 2,"Plan Width": 32,"Actual Startup Time": 60.379,"Actual Total Time": 60.673,"Actual Rows": 3,"Actual Loops": 1,"Workers Planned": 2,"Workers Launched": 2,"Single Copy": false,"Plans": [{"Node Type": "Aggregate","Strategy": "Plain","Partial Mode": "Partial","Parent Relationship": "Outer","Parallel Aware": false,"Async Capable": false,"Startup Cost": 5230.61,"Total Cost": 5230.62,"Plan Rows": 1,"Plan Width": 32,"Actual Startup Time": 53.833,"Actual Total Time": 53.835,"Actual Rows": 1,"Actual Loops": 3,"Workers": [],"Plans": [{"Node Type": "Seq Scan","Parent Relationship": "Outer","Parallel Aware": true,"Async Capable": false,"Relation Name": "customer","Alias": "customer_1","Startup Cost": 0.00,"Total Cost": 5225.62,"Plan Rows": 1994,"Plan Width": 6,"Actual Startup Time": 0.056,"Actual Total Time": 52.762,"Actual Rows": 12668,"Actual Loops": 3,"Filter": "((c_acctbal > 0.00) AND (SUBSTRING(c_phone FROM 1 FOR 2) = ANY ('{24,18,26,15,20,13,10}'::text[])))","Rows Removed by Filter": 37332,"Workers": []}]}]}]},{"Node Type": "Gather Merge","Parent Relationship": "Outer","Parallel Aware": false,"Async Capable": false,"Startup Cost": 6741.22,"Total Cost": 6821.30,"Plan Rows": 620,"Plan Width": 72,"Actual Startup Time": 137.524,"Actual Total Time": 141.009,"Actual Rows": 21,"Actual Loops": 1,"Workers Planned": 2,"Params Evaluated": ["$1"],"Workers Launched": 2,"Plans": [{"Node Type": "Aggregate","Strategy": "Sorted","Partial Mode": "Partial","Parent Relationship": "Outer","Parallel Aware": false,"Async Capable": false,"Startup Cost": 5741.19,"Total Cost": 5749.72,"Plan Rows": 310,"Plan Width": 72,"Actual Startup Time": 70.143,"Actual Total Time": 70.434,"Actual Rows": 7,"Actual Loops": 3,"Group Key": ["(SUBSTRING(customer.c_phone FROM 1 FOR 2))"],"Workers": [],"Plans": [{"Node Type": "Sort","Parent Relationship": "Outer","Parallel Aware": false,"Async Capable": false,"Startup Cost": 5741.19,"Total Cost": 5741.97,"Plan Rows": 310,"Plan Width": 38,"Actual Startup Time": 70.078,"Actual Total Time": 70.156,"Actual Rows": 2105,"Actual Loops": 3,"Sort Key": ["(SUBSTRING(customer.c_phone FROM 1 FOR 2))"],"Sort Method": "quicksort","Sort Space Used": 232,"Sort Space Type": "Memory","Workers": [{"Worker Number": 0,"Sort Method": "quicksort","Sort Space Used": 147,"Sort Space Type": "Memory"},{"Worker Number": 1,"Sort Method": "quicksort","Sort Space Used": 159,"Sort Space Type": "Memory"}],"Plans": [{"Node Type": "Nested Loop","Parent Relationship": "Outer","Parallel Aware": false,"Async Capable": false,"Join Type": "Anti","Startup Cost": 0.43,"Total Cost": 5728.36,"Plan Rows": 310,"Plan Width": 38,"Actual Startup Time": 0.160,"Actual Total Time": 69.291,"Actual Rows": 2105,"Actual Loops": 3,"Inner Unique": false,"Workers": [],"Plans": [{"Node Type": "Seq Scan","Parent Relationship": "Outer","Parallel Aware": true,"Async Capable": false,"Relation Name": "customer","Alias": "customer","Startup Cost": 0.00,"Total Cost": 5225.62,"Plan Rows": 729,"Plan Width": 26,"Actual Startup Time": 0.047,"Actual Total Time": 45.600,"Actual Rows": 6335,"Actual Loops": 3,"Filter": "((c_acctbal > $1) AND (SUBSTRING(c_phone FROM 1 FOR 2) = ANY ('{24,18,26,15,20,13,10}'::text[])))","Rows Removed by Filter": 43665,"Workers": []},{"Node Type": "Index Only Scan","Parent Relationship": "Inner","Parallel Aware": false,"Async Capable": false,"Scan Direction": "Forward","Index Name": "idx_orders_custkey","Relation Name": "orders","Alias": "orders","Startup Cost": 0.43,"Total Cost": 3.28,"Plan Rows": 17,"Plan Width": 4,"Actual Startup Time": 0.003,"Actual Total Time": 0.003,"Actual Rows": 1,"Actual Loops": 19004,"Index Cond": "(o_custkey = customer.c_custkey)","Rows Removed by Index Recheck": 0,"Heap Fetches": 0,"Workers": []}]}]}]}]}]},"Planning Time": 4.462,"Triggers": [],"Execution Time": 141.691}]
[{"Plan": {"Node Type": "Aggregate","Strategy": "Sorted","Partial Mode": "Finalize","Parallel Aware": false,"Async Capable": false,"Startup Cost": 12972.06,"Total Cost": 13071.37,"Plan Rows": 744,"Plan Width": 72,"Actual Startup Time": 138.711,"Actual Total Time": 142.250,"Actual Rows": 7,"Actual Loops": 1,"Group Key": ["(SUBSTRING(customer.c_phone FROM 1 FOR 2))"],"Plans": [{"Node Type": "Aggregate","Strategy": "Plain","Partial Mode": "Finalize","Parent Relationship": "InitPlan","Subplan Name": "InitPlan 1 (returns $1)","Parallel Aware": false,"Async Capable": false,"Startup Cost": 6230.83,"Total Cost": 6230.84,"Plan Rows": 1,"Plan Width": 32,"Actual Startup Time": 60.273,"Actual Total Time": 60.468,"Actual Rows": 1,"Actual Loops": 1,"Plans": [{"Node Type": "Gather","Parent Relationship": "Outer","Parallel Aware": false,"Async Capable": false,"Startup Cost": 6230.61,"Total Cost": 6230.82,"Plan Rows": 2,"Plan Width": 32,"Actual Startup Time": 60.171,"Actual Total Time": 60.451,"Actual Rows": 3,"Actual Loops": 1,"Workers Planned": 2,"Workers Launched": 2,"Single Copy": false,"Plans": [{"Node Type": "Aggregate","Strategy": "Plain","Partial Mode": "Partial","Parent Relationship": "Outer","Parallel Aware": false,"Async Capable": false,"Startup Cost": 5230.61,"Total Cost": 5230.62,"Plan Rows": 1,"Plan Width": 32,"Actual Startup Time": 53.723,"Actual Total Time": 53.725,"Actual Rows": 1,"Actual Loops": 3,"Workers": [],"Plans": [{"Node Type": "Seq Scan","Parent Relationship": "Outer","Parallel Aware": true,"Async Capable": false,"Relation Name": "customer","Alias": "customer_1","Startup Cost": 0.00,"Total Cost": 5225.62,"Plan Rows": 1994,"Plan Width": 6,"Actual Startup Time": 0.058,"Actual Total Time": 52.673,"Actual Rows": 12730,"Actual Loops": 3,"Filter": "((c_acctbal > 0.00) AND (SUBSTRING(c_phone FROM 1 FOR 2) = ANY ('{27,10,33,31,23,16,11}'::text[])))","Rows Removed by Filter": 37270,"Workers": []}]}]}]},{"Node Type": "Gather Merge","Parent Relationship": "Outer","Parallel Aware": false,"Async Capable": false,"Startup Cost": 6741.22,"Total Cost": 6821.30,"Plan Rows": 620,"Plan Width": 72,"Actual Startup Time": 138.608,"Actual Total Time": 141.993,"Actual Rows": 21,"Actual Loops": 1,"Workers Planned": 2,"Params Evaluated": ["$1"],"Workers Launched": 2,"Plans": [{"Node Type": "Aggregate","Strategy": "Sorted","Partial Mode": "Partial","Parent Relationship": "Outer","Parallel Aware": false,"Async Capable": false,"Startup Cost": 5741.19,"Total Cost": 5749.72,"Plan Rows": 310,"Plan Width": 72,"Actual Startup Time": 71.468,"Actual Total Time": 71.761,"Actual Rows": 7,"Actual Loops": 3,"Group Key": ["(SUBSTRING(customer.c_phone FROM 1 FOR 2))"],"Workers": [],"Plans": [{"Node Type": "Sort","Parent Relationship": "Outer","Parallel Aware": false,"Async Capable": false,"Startup Cost": 5741.19,"Total Cost": 5741.97,"Plan Rows": 310,"Plan Width": 38,"Actual Startup Time": 71.396,"Actual Total Time": 71.473,"Actual Rows": 2113,"Actual Loops": 3,"Sort Key": ["(SUBSTRING(customer.c_phone FROM 1 FOR 2))"],"Sort Method": "quicksort","Sort Space Used": 232,"Sort Space Type": "Memory","Workers": [{"Worker Number": 0,"Sort Method": "quicksort","Sort Space Used": 151,"Sort Space Type": "Memory"},{"Worker Number": 1,"Sort Method": "quicksort","Sort Space Used": 157,"Sort Space Type": "Memory"}],"Plans": [{"Node Type": "Nested Loop","Parent Relationship": "Outer","Parallel Aware": false,"Async Capable": false,"Join Type": "Anti","Startup Cost": 0.43,"Total Cost": 5728.36,"Plan Rows": 310,"Plan Width": 38,"Actual Startup Time": 0.195,"Actual Total Time": 70.607,"Actual Rows": 2113,"Actual Loops": 3,"Inner Unique": false,"Workers": [],"Plans": [{"Node Type": "Seq Scan","Parent Relationship": "Outer","Parallel Aware": true,"Async Capable": false,"Relation Name": "customer","Alias": "customer","Startup Cost": 0.00,"Total Cost": 5225.62,"Plan Rows": 729,"Plan Width": 26,"Actual Startup Time": 0.040,"Actual Total Time": 46.602,"Actual Rows": 6324,"Actual Loops": 3,"Filter": "((c_acctbal > $1) AND (SUBSTRING(c_phone FROM 1 FOR 2) = ANY ('{27,10,33,31,23,16,11}'::text[])))","Rows Removed by Filter": 43676,"Workers": []},{"Node Type": "Index Only Scan","Parent Relationship": "Inner","Parallel Aware": false,"Async Capable": false,"Scan Direction": "Forward","Index Name": "idx_orders_custkey","Relation Name": "orders","Alias": "orders","Startup Cost": 0.43,"Total Cost": 3.28,"Plan Rows": 17,"Plan Width": 4,"Actual Startup Time": 0.003,"Actual Total Time": 0.003,"Actual Rows": 1,"Actual Loops": 18971,"Index Cond": "(o_custkey = customer.c_custkey)","Rows Removed by Index Recheck": 0,"Heap Fetches": 0,"Workers": []}]}]}]}]}]},"Planning Time": 4.708,"Triggers": [],"Execution Time": 142.674}]
[{"Plan": {"Node Type": "Aggregate","Strategy": "Sorted","Partial Mode": "Finalize","Parallel Aware": false,"Async Capable": false,"Startup Cost": 12972.06,"Total Cost": 13071.37,"Plan Rows": 744,"Plan Width": 72,"Actual Startup Time": 129.945,"Actual Total Time": 134.713,"Actual Rows": 7,"Actual Loops": 1,"Group Key": ["(SUBSTRING(customer.c_phone FROM 1 FOR 2))"],"Plans": [{"Node Type": "Aggregate","Strategy": "Plain","Partial Mode": "Finalize","Parent Relationship": "InitPlan","Subplan Name": "InitPlan 1 (returns $1)","Parallel Aware": false,"Async Capable": false,"Startup Cost": 6230.83,"Total Cost": 6230.84,"Plan Rows": 1,"Plan Width": 32,"Actual Startup Time": 59.725,"Actual Total Time": 59.923,"Actual Rows": 1,"Actual Loops": 1,"Plans": [{"Node Type": "Gather","Parent Relationship": "Outer","Parallel Aware": false,"Async Capable": false,"Startup Cost": 6230.61,"Total Cost": 6230.82,"Plan Rows": 2,"Plan Width": 32,"Actual Startup Time": 59.618,"Actual Total Time": 59.911,"Actual Rows": 3,"Actual Loops": 1,"Workers Planned": 2,"Workers Launched": 2,"Single Copy": false,"Plans": [{"Node Type": "Aggregate","Strategy": "Plain","Partial Mode": "Partial","Parent Relationship": "Outer","Parallel Aware": false,"Async Capable": false,"Startup Cost": 5230.61,"Total Cost": 5230.62,"Plan Rows": 1,"Plan Width": 32,"Actual Startup Time": 53.565,"Actual Total Time": 53.568,"Actual Rows": 1,"Actual Loops": 3,"Workers": [],"Plans": [{"Node Type": "Seq Scan","Parent Relationship": "Outer","Parallel Aware": true,"Async Capable": false,"Relation Name": "customer","Alias": "customer_1","Startup Cost": 0.00,"Total Cost": 5225.62,"Plan Rows": 1994,"Plan Width": 6,"Actual Startup Time": 0.051,"Actual Total Time": 52.483,"Actual Rows": 12679,"Actual Loops": 3,"Filter": "((c_acctbal > 0.00) AND (SUBSTRING(c_phone FROM 1 FOR 2) = ANY ('{13,15,11,12,31,30,33}'::text[])))","Rows Removed by Filter": 37321,"Workers": []}]}]}]},{"Node Type": "Gather Merge","Parent Relationship": "Outer","Parallel Aware": false,"Async Capable": false,"Startup Cost": 6741.22,"Total Cost": 6821.30,"Plan Rows": 620,"Plan Width": 72,"Actual Startup Time": 129.859,"Actual Total Time": 134.475,"Actual Rows": 21,"Actual Loops": 1,"Workers Planned": 2,"Params Evaluated": ["$1"],"Workers Launched": 2,"Plans": [{"Node Type": "Aggregate","Strategy": "Sorted","Partial Mode": "Partial","Parent Relationship": "Outer","Parallel Aware": false,"Async Capable": false,"Startup Cost": 5741.19,"Total Cost": 5749.72,"Plan Rows": 310,"Plan Width": 72,"Actual Startup Time": 62.981,"Actual Total Time": 63.285,"Actual Rows": 7,"Actual Loops": 3,"Group Key": ["(SUBSTRING(customer.c_phone FROM 1 FOR 2))"],"Workers": [],"Plans": [{"Node Type": "Sort","Parent Relationship": "Outer","Parallel Aware": false,"Async Capable": false,"Startup Cost": 5741.19,"Total Cost": 5741.97,"Plan Rows": 310,"Plan Width": 38,"Actual Startup Time": 62.907,"Actual Total Time": 62.991,"Actual Rows": 2110,"Actual Loops": 3,"Sort Key": ["(SUBSTRING(customer.c_phone FROM 1 FOR 2))"],"Sort Method": "quicksort","Sort Space Used": 229,"Sort Space Type": "Memory","Workers": [{"Worker Number": 0,"Sort Method": "quicksort","Sort Space Used": 153,"Sort Space Type": "Memory"},{"Worker Number": 1,"Sort Method": "quicksort","Sort Space Used": 157,"Sort Space Type": "Memory"}],"Plans": [{"Node Type": "Nested Loop","Parent Relationship": "Outer","Parallel Aware": false,"Async Capable": false,"Join Type": "Anti","Startup Cost": 0.43,"Total Cost": 5728.36,"Plan Rows": 310,"Plan Width": 38,"Actual Startup Time": 0.156,"Actual Total Time": 62.105,"Actual Rows": 2110,"Actual Loops": 3,"Inner Unique": false,"Workers": [],"Plans": [{"Node Type": "Seq Scan","Parent Relationship": "Outer","Parallel Aware": true,"Async Capable": false,"Relation Name": "customer","Alias": "customer","Startup Cost": 0.00,"Total Cost": 5225.62,"Plan Rows": 729,"Plan Width": 26,"Actual Startup Time": 0.045,"Actual Total Time": 40.768,"Actual Rows": 6284,"Actual Loops": 3,"Filter": "((c_acctbal > $1) AND (SUBSTRING(c_phone FROM 1 FOR 2) = ANY ('{13,15,11,12,31,30,33}'::text[])))","Rows Removed by Filter": 43716,"Workers": []},{"Node Type": "Index Only Scan","Parent Relationship": "Inner","Parallel Aware": false,"Async Capable": false,"Scan Direction": "Forward","Index Name": "idx_orders_custkey","Relation Name": "orders","Alias": "orders","Startup Cost": 0.43,"Total Cost": 3.28,"Plan Rows": 17,"Plan Width": 4,"Actual Startup Time": 0.003,"Actual Total Time": 0.003,"Actual Rows": 1,"Actual Loops": 18851,"Index Cond": "(o_custkey = customer.c_custkey)","Rows Removed by Index Recheck": 0,"Heap Fetches": 0,"Workers": []}]}]}]}]}]},"Planning Time": 3.636,"Triggers": [],"Execution Time": 135.010}]
[{"Plan": {"Node Type": "Aggregate","Strategy": "Sorted","Partial Mode": "Finalize","Parallel Aware": false,"Async Capable": false,"Startup Cost": 12972.06,"Total Cost": 13071.37,"Plan Rows": 744,"Plan Width": 72,"Actual Startup Time": 134.271,"Actual Total Time": 137.966,"Actual Rows": 7,"Actual Loops": 1,"Group Key": ["(SUBSTRING(customer.c_phone FROM 1 FOR 2))"],"Plans": [{"Node Type": "Aggregate","Strategy": "Plain","Partial Mode": "Finalize","Parent Relationship": "InitPlan","Subplan Name": "InitPlan 1 (returns $1)","Parallel Aware": false,"Async Capable": false,"Startup Cost": 6230.83,"Total Cost": 6230.84,"Plan Rows": 1,"Plan Width": 32,"Actual Startup Time": 58.872,"Actual Total Time": 59.105,"Actual Rows": 1,"Actual Loops": 1,"Plans": [{"Node Type": "Gather","Parent Relationship": "Outer","Parallel Aware": false,"Async Capable": false,"Startup Cost": 6230.61,"Total Cost": 6230.82,"Plan Rows": 2,"Plan Width": 32,"Actual Startup Time": 58.776,"Actual Total Time": 59.088,"Actual Rows": 3,"Actual Loops": 1,"Workers Planned": 2,"Workers Launched": 2,"Single Copy": false,"Plans": [{"Node Type": "Aggregate","Strategy": "Plain","Partial Mode": "Partial","Parent Relationship": "Outer","Parallel Aware": false,"Async Capable": false,"Startup Cost": 5230.61,"Total Cost": 5230.62,"Plan Rows": 1,"Plan Width": 32,"Actual Startup Time": 52.972,"Actual Total Time": 52.974,"Actual Rows": 1,"Actual Loops": 3,"Workers": [],"Plans": [{"Node Type": "Seq Scan","Parent Relationship": "Outer","Parallel Aware": true,"Async Capable": false,"Relation Name": "customer","Alias": "customer_1","Startup Cost": 0.00,"Total Cost": 5225.62,"Plan Rows": 1994,"Plan Width": 6,"Actual Startup Time": 0.055,"Actual Total Time": 51.880,"Actual Rows": 12717,"Actual Loops": 3,"Filter": "((c_acctbal > 0.00) AND (SUBSTRING(c_phone FROM 1 FOR 2) = ANY ('{20,14,31,12,34,30,32}'::text[])))","Rows Removed by Filter": 37283,"Workers": []}]}]}]},{"Node Type": "Gather Merge","Parent Relationship": "Outer","Parallel Aware": false,"Async Capable": false,"Startup Cost": 6741.22,"Total Cost": 6821.30,"Plan Rows": 620,"Plan Width": 72,"Actual Startup Time": 134.128,"Actual Total Time": 137.658,"Actual Rows": 21,"Actual Loops": 1,"Workers Planned": 2,"Params Evaluated": ["$1"],"Workers Launched": 2,"Plans": [{"Node Type": "Aggregate","Strategy": "Sorted","Partial Mode": "Partial","Parent Relationship": "Outer","Parallel Aware": false,"Async Capable": false,"Startup Cost": 5741.19,"Total Cost": 5749.72,"Plan Rows": 310,"Plan Width": 72,"Actual Startup Time": 68.638,"Actual Total Time": 68.935,"Actual Rows": 7,"Actual Loops": 3,"Group Key": ["(SUBSTRING(customer.c_phone FROM 1 FOR 2))"],"Workers": [],"Plans": [{"Node Type": "Sort","Parent Relationship": "Outer","Parallel Aware": false,"Async Capable": false,"Startup Cost": 5741.19,"Total Cost": 5741.97,"Plan Rows": 310,"Plan Width": 38,"Actual Startup Time": 68.572,"Actual Total Time": 68.651,"Actual Rows": 2141,"Actual Loops": 3,"Sort Key": ["(SUBSTRING(customer.c_phone FROM 1 FOR 2))"],"Sort Method": "quicksort","Sort Space Used": 234,"Sort Space Type": "Memory","Workers": [{"Worker Number": 0,"Sort Method": "quicksort","Sort Space Used": 159,"Sort Space Type": "Memory"},{"Worker Number": 1,"Sort Method": "quicksort","Sort Space Used": 151,"Sort Space Type": "Memory"}],"Plans": [{"Node Type": "Nested Loop","Parent Relationship": "Outer","Parallel Aware": false,"Async Capable": false,"Join Type": "Anti","Startup Cost": 0.43,"Total Cost": 5728.36,"Plan Rows": 310,"Plan Width": 38,"Actual Startup Time": 0.143,"Actual Total Time": 67.781,"Actual Rows": 2141,"Actual Loops": 3,"Inner Unique": false,"Workers": [],"Plans": [{"Node Type": "Seq Scan","Parent Relationship": "Outer","Parallel Aware": true,"Async Capable": false,"Relation Name": "customer","Alias": "customer","Startup Cost": 0.00,"Total Cost": 5225.62,"Plan Rows": 729,"Plan Width": 26,"Actual Startup Time": 0.038,"Actual Total Time": 44.893,"Actual Rows": 6361,"Actual Loops": 3,"Filter": "((c_acctbal > $1) AND (SUBSTRING(c_phone FROM 1 FOR 2) = ANY ('{20,14,31,12,34,30,32}'::text[])))","Rows Removed by Filter": 43639,"Workers": []},{"Node Type": "Index Only Scan","Parent Relationship": "Inner","Parallel Aware": false,"Async Capable": false,"Scan Direction": "Forward","Index Name": "idx_orders_custkey","Relation Name": "orders","Alias": "orders","Startup Cost": 0.43,"Total Cost": 3.28,"Plan Rows": 17,"Plan Width": 4,"Actual Startup Time": 0.003,"Actual Total Time": 0.003,"Actual Rows": 1,"Actual Loops": 19082,"Index Cond": "(o_custkey = customer.c_custkey)","Rows Removed by Index Recheck": 0,"Heap Fetches": 0,"Workers": []}]}]}]}]}]},"Planning Time": 3.342,"Triggers": [],"Execution Time": 138.312}]
[{"Plan": {"Node Type": "Aggregate","Strategy": "Sorted","Partial Mode": "Finalize","Parallel Aware": false,"Async Capable": false,"Startup Cost": 12972.06,"Total Cost": 13071.37,"Plan Rows": 744,"Plan Width": 72,"Actual Startup Time": 138.162,"Actual Total Time": 141.768,"Actual Rows": 7,"Actual Loops": 1,"Group Key": ["(SUBSTRING(customer.c_phone FROM 1 FOR 2))"],"Plans": [{"Node Type": "Aggregate","Strategy": "Plain","Partial Mode": "Finalize","Parent Relationship": "InitPlan","Subplan Name": "InitPlan 1 (returns $1)","Parallel Aware": false,"Async Capable": false,"Startup Cost": 6230.83,"Total Cost": 6230.84,"Plan Rows": 1,"Plan Width": 32,"Actual Startup Time": 60.603,"Actual Total Time": 60.834,"Actual Rows": 1,"Actual Loops": 1,"Plans": [{"Node Type": "Gather","Parent Relationship": "Outer","Parallel Aware": false,"Async Capable": false,"Startup Cost": 6230.61,"Total Cost": 6230.82,"Plan Rows": 2,"Plan Width": 32,"Actual Startup Time": 60.517,"Actual Total Time": 60.823,"Actual Rows": 3,"Actual Loops": 1,"Workers Planned": 2,"Workers Launched": 2,"Single Copy": false,"Plans": [{"Node Type": "Aggregate","Strategy": "Plain","Partial Mode": "Partial","Parent Relationship": "Outer","Parallel Aware": false,"Async Capable": false,"Startup Cost": 5230.61,"Total Cost": 5230.62,"Plan Rows": 1,"Plan Width": 32,"Actual Startup Time": 54.276,"Actual Total Time": 54.279,"Actual Rows": 1,"Actual Loops": 3,"Workers": [],"Plans": [{"Node Type": "Seq Scan","Parent Relationship": "Outer","Parallel Aware": true,"Async Capable": false,"Relation Name": "customer","Alias": "customer_1","Startup Cost": 0.00,"Total Cost": 5225.62,"Plan Rows": 1994,"Plan Width": 6,"Actual Startup Time": 0.068,"Actual Total Time": 53.222,"Actual Rows": 12713,"Actual Loops": 3,"Filter": "((c_acctbal > 0.00) AND (SUBSTRING(c_phone FROM 1 FOR 2) = ANY ('{29,26,30,21,11,33,12}'::text[])))","Rows Removed by Filter": 37287,"Workers": []}]}]}]},{"Node Type": "Gather Merge","Parent Relationship": "Outer","Parallel Aware": false,"Async Capable": false,"Startup Cost": 6741.22,"Total Cost": 6821.30,"Plan Rows": 620,"Plan Width": 72,"Actual Startup Time": 138.037,"Actual Total Time": 141.482,"Actual Rows": 21,"Actual Loops": 1,"Workers Planned": 2,"Params Evaluated": ["$1"],"Workers Launched": 2,"Plans": [{"Node Type": "Aggregate","Strategy": "Sorted","Partial Mode": "Partial","Parent Relationship": "Outer","Parallel Aware": false,"Async Capable": false,"Startup Cost": 5741.19,"Total Cost": 5749.72,"Plan Rows": 310,"Plan Width": 72,"Actual Startup Time": 70.700,"Actual Total Time": 71.005,"Actual Rows": 7,"Actual Loops": 3,"Group Key": ["(SUBSTRING(customer.c_phone FROM 1 FOR 2))"],"Workers": [],"Plans": [{"Node Type": "Sort","Parent Relationship": "Outer","Parallel Aware": false,"Async Capable": false,"Startup Cost": 5741.19,"Total Cost": 5741.97,"Plan Rows": 310,"Plan Width": 38,"Actual Startup Time": 70.627,"Actual Total Time": 70.712,"Actual Rows": 2126,"Actual Loops": 3,"Sort Key": ["(SUBSTRING(customer.c_phone FROM 1 FOR 2))"],"Sort Method": "quicksort","Sort Space Used": 232,"Sort Space Type": "Memory","Workers": [{"Worker Number": 0,"Sort Method": "quicksort","Sort Space Used": 152,"Sort Space Type": "Memory"},{"Worker Number": 1,"Sort Method": "quicksort","Sort Space Used": 158,"Sort Space Type": "Memory"}],"Plans": [{"Node Type": "Nested Loop","Parent Relationship": "Outer","Parallel Aware": false,"Async Capable": false,"Join Type": "Anti","Startup Cost": 0.43,"Total Cost": 5728.36,"Plan Rows": 310,"Plan Width": 38,"Actual Startup Time": 0.191,"Actual Total Time": 69.836,"Actual Rows": 2126,"Actual Loops": 3,"Inner Unique": false,"Workers": [],"Plans": [{"Node Type": "Seq Scan","Parent Relationship": "Outer","Parallel Aware": true,"Async Capable": false,"Relation Name": "customer","Alias": "customer","Startup Cost": 0.00,"Total Cost": 5225.62,"Plan Rows": 729,"Plan Width": 26,"Actual Startup Time": 0.037,"Actual Total Time": 45.669,"Actual Rows": 6344,"Actual Loops": 3,"Filter": "((c_acctbal > $1) AND (SUBSTRING(c_phone FROM 1 FOR 2) = ANY ('{29,26,30,21,11,33,12}'::text[])))","Rows Removed by Filter": 43656,"Workers": []},{"Node Type": "Index Only Scan","Parent Relationship": "Inner","Parallel Aware": false,"Async Capable": false,"Scan Direction": "Forward","Index Name": "idx_orders_custkey","Relation Name": "orders","Alias": "orders","Startup Cost": 0.43,"Total Cost": 3.28,"Plan Rows": 17,"Plan Width": 4,"Actual Startup Time": 0.003,"Actual Total Time": 0.003,"Actual Rows": 1,"Actual Loops": 19032,"Index Cond": "(o_custkey = customer.c_custkey)","Rows Removed by Index Recheck": 0,"Heap Fetches": 0,"Workers": []}]}]}]}]}]},"Planning Time": 3.850,"Triggers": [],"Execution Time": 142.107}]
[{"Plan": {"Node Type": "Aggregate","Strategy": "Sorted","Partial Mode": "Finalize","Parallel Aware": false,"Async Capable": false,"Startup Cost": 12972.06,"Total Cost": 13071.37,"Plan Rows": 744,"Plan Width": 72,"Actual Startup Time": 137.572,"Actual Total Time": 141.174,"Actual Rows": 7,"Actual Loops": 1,"Group Key": ["(SUBSTRING(customer.c_phone FROM 1 FOR 2))"],"Plans": [{"Node Type": "Aggregate","Strategy": "Plain","Partial Mode": "Finalize","Parent Relationship": "InitPlan","Subplan Name": "InitPlan 1 (returns $1)","Parallel Aware": false,"Async Capable": false,"Startup Cost": 6230.83,"Total Cost": 6230.84,"Plan Rows": 1,"Plan Width": 32,"Actual Startup Time": 59.540,"Actual Total Time": 59.743,"Actual Rows": 1,"Actual Loops": 1,"Plans": [{"Node Type": "Gather","Parent Relationship": "Outer","Parallel Aware": false,"Async Capable": false,"Startup Cost": 6230.61,"Total Cost": 6230.82,"Plan Rows": 2,"Plan Width": 32,"Actual Startup Time": 59.437,"Actual Total Time": 59.726,"Actual Rows": 3,"Actual Loops": 1,"Workers Planned": 2,"Workers Launched": 2,"Single Copy": false,"Plans": [{"Node Type": "Aggregate","Strategy": "Plain","Partial Mode": "Partial","Parent Relationship": "Outer","Parallel Aware": false,"Async Capable": false,"Startup Cost": 5230.61,"Total Cost": 5230.62,"Plan Rows": 1,"Plan Width": 32,"Actual Startup Time": 53.156,"Actual Total Time": 53.158,"Actual Rows": 1,"Actual Loops": 3,"Workers": [],"Plans": [{"Node Type": "Seq Scan","Parent Relationship": "Outer","Parallel Aware": true,"Async Capable": false,"Relation Name": "customer","Alias": "customer_1","Startup Cost": 0.00,"Total Cost": 5225.62,"Plan Rows": 1994,"Plan Width": 6,"Actual Startup Time": 0.069,"Actual Total Time": 52.088,"Actual Rows": 12670,"Actual Loops": 3,"Filter": "((c_acctbal > 0.00) AND (SUBSTRING(c_phone FROM 1 FOR 2) = ANY ('{28,25,13,22,12,30,18}'::text[])))","Rows Removed by Filter": 37330,"Workers": []}]}]}]},{"Node Type": "Gather Merge","Parent Relationship": "Outer","Parallel Aware": false,"Async Capable": false,"Startup Cost": 6741.22,"Total Cost": 6821.30,"Plan Rows": 620,"Plan Width": 72,"Actual Startup Time": 137.456,"Actual Total Time": 140.911,"Actual Rows": 21,"Actual Loops": 1,"Workers Planned": 2,"Params Evaluated": ["$1"],"Workers Launched": 2,"Plans": [{"Node Type": "Aggregate","Strategy": "Sorted","Partial Mode": "Partial","Parent Relationship": "Outer","Parallel Aware": false,"Async Capable": false,"Startup Cost": 5741.19,"Total Cost": 5749.72,"Plan Rows": 310,"Plan Width": 72,"Actual Startup Time": 71.008,"Actual Total Time": 71.305,"Actual Rows": 7,"Actual Loops": 3,"Group Key": ["(SUBSTRING(customer.c_phone FROM 1 FOR 2))"],"Workers": [],"Plans": [{"Node Type": "Sort","Parent Relationship": "Outer","Parallel Aware": false,"Async Capable": false,"Startup Cost": 5741.19,"Total Cost": 5741.97,"Plan Rows": 310,"Plan Width": 38,"Actual Startup Time": 70.931,"Actual Total Time": 71.012,"Actual Rows": 2104,"Actual Loops": 3,"Sort Key": ["(SUBSTRING(customer.c_phone FROM 1 FOR 2))"],"Sort Method": "quicksort","Sort Space Used": 232,"Sort Space Type": "Memory","Workers": [{"Worker Number": 0,"Sort Method": "quicksort","Sort Space Used": 154,"Sort Space Type": "Memory"},{"Worker Number": 1,"Sort Method": "quicksort","Sort Space Used": 152,"Sort Space Type": "Memory"}],"Plans": [{"Node Type": "Nested Loop","Parent Relationship": "Outer","Parallel Aware": false,"Async Capable": false,"Join Type": "Anti","Startup Cost": 0.43,"Total Cost": 5728.36,"Plan Rows": 310,"Plan Width": 38,"Actual Startup Time": 0.129,"Actual Total Time": 70.102,"Actual Rows": 2104,"Actual Loops": 3,"Inner Unique": false,"Workers": [],"Plans": [{"Node Type": "Seq Scan","Parent Relationship": "Outer","Parallel Aware": true,"Async Capable": false,"Relation Name": "customer","Alias": "customer","Startup Cost": 0.00,"Total Cost": 5225.62,"Plan Rows": 729,"Plan Width": 26,"Actual Startup Time": 0.041,"Actual Total Time": 46.091,"Actual Rows": 6296,"Actual Loops": 3,"Filter": "((c_acctbal > $1) AND (SUBSTRING(c_phone FROM 1 FOR 2) = ANY ('{28,25,13,22,12,30,18}'::text[])))","Rows Removed by Filter": 43704,"Workers": []},{"Node Type": "Index Only Scan","Parent Relationship": "Inner","Parallel Aware": false,"Async Capable": false,"Scan Direction": "Forward","Index Name": "idx_orders_custkey","Relation Name": "orders","Alias": "orders","Startup Cost": 0.43,"Total Cost": 3.28,"Plan Rows": 17,"Plan Width": 4,"Actual Startup Time": 0.003,"Actual Total Time": 0.003,"Actual Rows": 1,"Actual Loops": 18887,"Index Cond": "(o_custkey = customer.c_custkey)","Rows Removed by Index Recheck": 0,"Heap Fetches": 0,"Workers": []}]}]}]}]}]},"Planning Time": 4.239,"Triggers": [],"Execution Time": 141.559}]
[{"Plan": {"Node Type": "Aggregate","Strategy": "Sorted","Partial Mode": "Finalize","Parallel Aware": false,"Async Capable": false,"Startup Cost": 12972.06,"Total Cost": 13071.37,"Plan Rows": 744,"Plan Width": 72,"Actual Startup Time": 136.443,"Actual Total Time": 139.981,"Actual Rows": 7,"Actual Loops": 1,"Group Key": ["(SUBSTRING(customer.c_phone FROM 1 FOR 2))"],"Plans": [{"Node Type": "Aggregate","Strategy": "Plain","Partial Mode": "Finalize","Parent Relationship": "InitPlan","Subplan Name": "InitPlan 1 (returns $1)","Parallel Aware": false,"Async Capable": false,"Startup Cost": 6230.83,"Total Cost": 6230.84,"Plan Rows": 1,"Plan Width": 32,"Actual Startup Time": 60.190,"Actual Total Time": 60.420,"Actual Rows": 1,"Actual Loops": 1,"Plans": [{"Node Type": "Gather","Parent Relationship": "Outer","Parallel Aware": false,"Async Capable": false,"Startup Cost": 6230.61,"Total Cost": 6230.82,"Plan Rows": 2,"Plan Width": 32,"Actual Startup Time": 60.083,"Actual Total Time": 60.403,"Actual Rows": 3,"Actual Loops": 1,"Workers Planned": 2,"Workers Launched": 2,"Single Copy": false,"Plans": [{"Node Type": "Aggregate","Strategy": "Plain","Partial Mode": "Partial","Parent Relationship": "Outer","Parallel Aware": false,"Async Capable": false,"Startup Cost": 5230.61,"Total Cost": 5230.62,"Plan Rows": 1,"Plan Width": 32,"Actual Startup Time": 54.427,"Actual Total Time": 54.430,"Actual Rows": 1,"Actual Loops": 3,"Workers": [],"Plans": [{"Node Type": "Seq Scan","Parent Relationship": "Outer","Parallel Aware": true,"Async Capable": false,"Relation Name": "customer","Alias": "customer_1","Startup Cost": 0.00,"Total Cost": 5225.62,"Plan Rows": 1994,"Plan Width": 6,"Actual Startup Time": 0.049,"Actual Total Time": 53.349,"Actual Rows": 12686,"Actual Loops": 3,"Filter": "((c_acctbal > 0.00) AND (SUBSTRING(c_phone FROM 1 FOR 2) = ANY ('{22,24,11,20,10,12,18}'::text[])))","Rows Removed by Filter": 37314,"Workers": []}]}]}]},{"Node Type": "Gather Merge","Parent Relationship": "Outer","Parallel Aware": false,"Async Capable": false,"Startup Cost": 6741.22,"Total Cost": 6821.30,"Plan Rows": 620,"Plan Width": 72,"Actual Startup Time": 136.329,"Actual Total Time": 139.672,"Actual Rows": 21,"Actual Loops": 1,"Workers Planned": 2,"Params Evaluated": ["$1"],"Workers Launched": 2,"Plans": [{"Node Type": "Aggregate","Strategy": "Sorted","Partial Mode": "Partial","Parent Relationship": "Outer","Parallel Aware": false,"Async Capable": false,"Startup Cost": 5741.19,"Total Cost": 5749.72,"Plan Rows": 310,"Plan Width": 72,"Actual Startup Time": 69.689,"Actual Total Time": 69.982,"Actual Rows": 7,"Actual Loops": 3,"Group Key": ["(SUBSTRING(customer.c_phone FROM 1 FOR 2))"],"Workers": [],"Plans": [{"Node Type": "Sort","Parent Relationship": "Outer","Parallel Aware": false,"Async Capable": false,"Startup Cost": 5741.19,"Total Cost": 5741.97,"Plan Rows": 310,"Plan Width": 38,"Actual Startup Time": 69.616,"Actual Total Time": 69.693,"Actual Rows": 2113,"Actual Loops": 3,"Sort Key": ["(SUBSTRING(customer.c_phone FROM 1 FOR 2))"],"Sort Method": "quicksort","Sort Space Used": 235,"Sort Space Type": "Memory","Workers": [{"Worker Number": 0,"Sort Method": "quicksort","Sort Space Used": 151,"Sort Space Type": "Memory"},{"Worker Number": 1,"Sort Method": "quicksort","Sort Space Used": 154,"Sort Space Type": "Memory"}],"Plans": [{"Node Type": "Nested Loop","Parent Relationship": "Outer","Parallel Aware": false,"Async Capable": false,"Join Type": "Anti","Startup Cost": 0.43,"Total Cost": 5728.36,"Plan Rows": 310,"Plan Width": 38,"Actual Startup Time": 0.134,"Actual Total Time": 68.804,"Actual Rows": 2113,"Actual Loops": 3,"Inner Unique": false,"Workers": [],"Plans": [{"Node Type": "Seq Scan","Parent Relationship": "Outer","Parallel Aware": true,"Async Capable": false,"Relation Name": "customer","Alias": "customer","Startup Cost": 0.00,"Total Cost": 5225.62,"Plan Rows": 729,"Plan Width": 26,"Actual Startup Time": 0.038,"Actual Total Time": 45.425,"Actual Rows": 6331,"Actual Loops": 3,"Filter": "((c_acctbal > $1) AND (SUBSTRING(c_phone FROM 1 FOR 2) = ANY ('{22,24,11,20,10,12,18}'::text[])))","Rows Removed by Filter": 43669,"Workers": []},{"Node Type": "Index Only Scan","Parent Relationship": "Inner","Parallel Aware": false,"Async Capable": false,"Scan Direction": "Forward","Index Name": "idx_orders_custkey","Relation Name": "orders","Alias": "orders","Startup Cost": 0.43,"Total Cost": 3.28,"Plan Rows": 17,"Plan Width": 4,"Actual Startup Time": 0.003,"Actual Total Time": 0.003,"Actual Rows": 1,"Actual Loops": 18992,"Index Cond": "(o_custkey = customer.c_custkey)","Rows Removed by Index Recheck": 0,"Heap Fetches": 0,"Workers": []}]}]}]}]}]},"Planning Time": 3.407,"Triggers": [],"Execution Time": 140.349}]
[{"Plan": {"Node Type": "Aggregate","Strategy": "Sorted","Partial Mode": "Finalize","Parallel Aware": false,"Async Capable": false,"Startup Cost": 12972.06,"Total Cost": 13071.37,"Plan Rows": 744,"Plan Width": 72,"Actual Startup Time": 137.636,"Actual Total Time": 141.113,"Actual Rows": 7,"Actual Loops": 1,"Group Key": ["(SUBSTRING(customer.c_phone FROM 1 FOR 2))"],"Plans": [{"Node Type": "Aggregate","Strategy": "Plain","Partial Mode": "Finalize","Parent Relationship": "InitPlan","Subplan Name": "InitPlan 1 (returns $1)","Parallel Aware": false,"Async Capable": false,"Startup Cost": 6230.83,"Total Cost": 6230.84,"Plan Rows": 1,"Plan Width": 32,"Actual Startup Time": 59.411,"Actual Total Time": 59.601,"Actual Rows": 1,"Actual Loops": 1,"Plans": [{"Node Type": "Gather","Parent Relationship": "Outer","Parallel Aware": false,"Async Capable": false,"Startup Cost": 6230.61,"Total Cost": 6230.82,"Plan Rows": 2,"Plan Width": 32,"Actual Startup Time": 59.338,"Actual Total Time": 59.582,"Actual Rows": 3,"Actual Loops": 1,"Workers Planned": 2,"Workers Launched": 2,"Single Copy": false,"Plans": [{"Node Type": "Aggregate","Strategy": "Plain","Partial Mode": "Partial","Parent Relationship": "Outer","Parallel Aware": false,"Async Capable": false,"Startup Cost": 5230.61,"Total Cost": 5230.62,"Plan Rows": 1,"Plan Width": 32,"Actual Startup Time": 53.300,"Actual Total Time": 53.302,"Actual Rows": 1,"Actual Loops": 3,"Workers": [],"Plans": [{"Node Type": "Seq Scan","Parent Relationship": "Outer","Parallel Aware": true,"Async Capable": false,"Relation Name": "customer","Alias": "customer_1","Startup Cost": 0.00,"Total Cost": 5225.62,"Plan Rows": 1994,"Plan Width": 6,"Actual Startup Time": 0.078,"Actual Total Time": 52.215,"Actual Rows": 12671,"Actual Loops": 3,"Filter": "((c_acctbal > 0.00) AND (SUBSTRING(c_phone FROM 1 FOR 2) = ANY ('{33,30,20,21,29,10,25}'::text[])))","Rows Removed by Filter": 37329,"Workers": []}]}]}]},{"Node Type": "Gather Merge","Parent Relationship": "Outer","Parallel Aware": false,"Async Capable": false,"Startup Cost": 6741.22,"Total Cost": 6821.30,"Plan Rows": 620,"Plan Width": 72,"Actual Startup Time": 137.503,"Actual Total Time": 140.865,"Actual Rows": 21,"Actual Loops": 1,"Workers Planned": 2,"Params Evaluated": ["$1"],"Workers Launched": 2,"Plans": [{"Node Type": "Aggregate","Strategy": "Sorted","Partial Mode": "Partial","Parent Relationship": "Outer","Parallel Aware": false,"Async Capable": false,"Startup Cost": 5741.19,"Total Cost": 5749.72,"Plan Rows": 310,"Plan Width": 72,"Actual Startup Time": 71.209,"Actual Total Time": 71.517,"Actual Rows": 7,"Actual Loops": 3,"Group Key": ["(SUBSTRING(customer.c_phone FROM 1 FOR 2))"],"Workers": [],"Plans": [{"Node Type": "Sort","Parent Relationship": "Outer","Parallel Aware": false,"Async Capable": false,"Startup Cost": 5741.19,"Total Cost": 5741.97,"Plan Rows": 310,"Plan Width": 38,"Actual Startup Time": 71.142,"Actual Total Time": 71.225,"Actual Rows": 2145,"Actual Loops": 3,"Sort Key": ["(SUBSTRING(customer.c_phone FROM 1 FOR 2))"],"Sort Method": "quicksort","Sort Space Used": 232,"Sort Space Type": "Memory","Workers": [{"Worker Number": 0,"Sort Method": "quicksort","Sort Space Used": 155,"Sort Space Type": "Memory"},{"Worker Number": 1,"Sort Method": "quicksort","Sort Space Used": 158,"Sort Space Type": "Memory"}],"Plans": [{"Node Type": "Nested Loop","Parent Relationship": "Outer","Parallel Aware": false,"Async Capable": false,"Join Type": "Anti","Startup Cost": 0.43,"Total Cost": 5728.36,"Plan Rows": 310,"Plan Width": 38,"Actual Startup Time": 0.164,"Actual Total Time": 70.325,"Actual Rows": 2145,"Actual Loops": 3,"Inner Unique": false,"Workers": [],"Plans": [{"Node Type": "Seq Scan","Parent Relationship": "Outer","Parallel Aware": true,"Async Capable": false,"Relation Name": "customer","Alias": "customer","Startup Cost": 0.00,"Total Cost": 5225.62,"Plan Rows": 729,"Plan Width": 26,"Actual Startup Time": 0.039,"Actual Total Time": 46.133,"Actual Rows": 6332,"Actual Loops": 3,"Filter": "((c_acctbal > $1) AND (SUBSTRING(c_phone FROM 1 FOR 2) = ANY ('{33,30,20,21,29,10,25}'::text[])))","Rows Removed by Filter": 43668,"Workers": []},{"Node Type": "Index Only Scan","Parent Relationship": "Inner","Parallel Aware": false,"Async Capable": false,"Scan Direction": "Forward","Index Name": "idx_orders_custkey","Relation Name": "orders","Alias": "orders","Startup Cost": 0.43,"Total Cost": 3.28,"Plan Rows": 17,"Plan Width": 4,"Actual Startup Time": 0.003,"Actual Total Time": 0.003,"Actual Rows": 1,"Actual Loops": 18997,"Index Cond": "(o_custkey = customer.c_custkey)","Rows Removed by Index Recheck": 0,"Heap Fetches": 0,"Workers": []}]}]}]}]}]},"Planning Time": 4.188,"Triggers": [],"Execution Time": 141.538}]
[{"Plan": {"Node Type": "Aggregate","Strategy": "Sorted","Partial Mode": "Finalize","Parallel Aware": false,"Async Capable": false,"Startup Cost": 12972.06,"Total Cost": 13071.37,"Plan Rows": 744,"Plan Width": 72,"Actual Startup Time": 135.309,"Actual Total Time": 139.086,"Actual Rows": 7,"Actual Loops": 1,"Group Key": ["(SUBSTRING(customer.c_phone FROM 1 FOR 2))"],"Plans": [{"Node Type": "Aggregate","Strategy": "Plain","Partial Mode": "Finalize","Parent Relationship": "InitPlan","Subplan Name": "InitPlan 1 (returns $1)","Parallel Aware": false,"Async Capable": false,"Startup Cost": 6230.83,"Total Cost": 6230.84,"Plan Rows": 1,"Plan Width": 32,"Actual Startup Time": 59.269,"Actual Total Time": 59.500,"Actual Rows": 1,"Actual Loops": 1,"Plans": [{"Node Type": "Gather","Parent Relationship": "Outer","Parallel Aware": false,"Async Capable": false,"Startup Cost": 6230.61,"Total Cost": 6230.82,"Plan Rows": 2,"Plan Width": 32,"Actual Startup Time": 59.172,"Actual Total Time": 59.485,"Actual Rows": 3,"Actual Loops": 1,"Workers Planned": 2,"Workers Launched": 2,"Single Copy": false,"Plans": [{"Node Type": "Aggregate","Strategy": "Plain","Partial Mode": "Partial","Parent Relationship": "Outer","Parallel Aware": false,"Async Capable": false,"Startup Cost": 5230.61,"Total Cost": 5230.62,"Plan Rows": 1,"Plan Width": 32,"Actual Startup Time": 53.295,"Actual Total Time": 53.298,"Actual Rows": 1,"Actual Loops": 3,"Workers": [],"Plans": [{"Node Type": "Seq Scan","Parent Relationship": "Outer","Parallel Aware": true,"Async Capable": false,"Relation Name": "customer","Alias": "customer_1","Startup Cost": 0.00,"Total Cost": 5225.62,"Plan Rows": 1994,"Plan Width": 6,"Actual Startup Time": 0.047,"Actual Total Time": 52.253,"Actual Rows": 12711,"Actual Loops": 3,"Filter": "((c_acctbal > 0.00) AND (SUBSTRING(c_phone FROM 1 FOR 2) = ANY ('{32,23,13,11,17,30,16}'::text[])))","Rows Removed by Filter": 37289,"Workers": []}]}]}]},{"Node Type": "Gather Merge","Parent Relationship": "Outer","Parallel Aware": false,"Async Capable": false,"Startup Cost": 6741.22,"Total Cost": 6821.30,"Plan Rows": 620,"Plan Width": 72,"Actual Startup Time": 135.192,"Actual Total Time": 138.776,"Actual Rows": 21,"Actual Loops": 1,"Workers Planned": 2,"Params Evaluated": ["$1"],"Workers Launched": 2,"Plans": [{"Node Type": "Aggregate","Strategy": "Sorted","Partial Mode": "Partial","Parent Relationship": "Outer","Parallel Aware": false,"Async Capable": false,"Startup Cost": 5741.19,"Total Cost": 5749.72,"Plan Rows": 310,"Plan Width": 72,"Actual Startup Time": 69.168,"Actual Total Time": 69.457,"Actual Rows": 7,"Actual Loops": 3,"Group Key": ["(SUBSTRING(customer.c_phone FROM 1 FOR 2))"],"Workers": [],"Plans": [{"Node Type": "Sort","Parent Relationship": "Outer","Parallel Aware": false,"Async Capable": false,"Startup Cost": 5741.19,"Total Cost": 5741.97,"Plan Rows": 310,"Plan Width": 38,"Actual Startup Time": 69.098,"Actual Total Time": 69.174,"Actual Rows": 2090,"Actual Loops": 3,"Sort Key": ["(SUBSTRING(customer.c_phone FROM 1 FOR 2))"],"Sort Method": "quicksort","Sort Space Used": 232,"Sort Space Type": "Memory","Workers": [{"Worker Number": 0,"Sort Method": "quicksort","Sort Space Used": 154,"Sort Space Type": "Memory"},{"Worker Number": 1,"Sort Method": "quicksort","Sort Space Used": 151,"Sort Space Type": "Memory"}],"Plans": [{"Node Type": "Nested Loop","Parent Relationship": "Outer","Parallel Aware": false,"Async Capable": false,"Join Type": "Anti","Startup Cost": 0.43,"Total Cost": 5728.36,"Plan Rows": 310,"Plan Width": 38,"Actual Startup Time": 0.185,"Actual Total Time": 68.329,"Actual Rows": 2090,"Actual Loops": 3,"Inner Unique": false,"Workers": [],"Plans": [{"Node Type": "Seq Scan","Parent Relationship": "Outer","Parallel Aware": true,"Async Capable": false,"Relation Name": "customer","Alias": "customer","Startup Cost": 0.00,"Total Cost": 5225.62,"Plan Rows": 729,"Plan Width": 26,"Actual Startup Time": 0.035,"Actual Total Time": 45.225,"Actual Rows": 6311,"Actual Loops": 3,"Filter": "((c_acctbal > $1) AND (SUBSTRING(c_phone FROM 1 FOR 2) = ANY ('{32,23,13,11,17,30,16}'::text[])))","Rows Removed by Filter": 43689,"Workers": []},{"Node Type": "Index Only Scan","Parent Relationship": "Inner","Parallel Aware": false,"Async Capable": false,"Scan Direction": "Forward","Index Name": "idx_orders_custkey","Relation Name": "orders","Alias": "orders","Startup Cost": 0.43,"Total Cost": 3.28,"Plan Rows": 17,"Plan Width": 4,"Actual Startup Time": 0.003,"Actual Total Time": 0.003,"Actual Rows": 1,"Actual Loops": 18932,"Index Cond": "(o_custkey = customer.c_custkey)","Rows Removed by Index Recheck": 0,"Heap Fetches": 0,"Workers": []}]}]}]}]}]},"Planning Time": 5.083,"Triggers": [],"Execution Time": 139.435}]
[{"Plan": {"Node Type": "Aggregate","Strategy": "Sorted","Partial Mode": "Finalize","Parallel Aware": false,"Async Capable": false,"Startup Cost": 12972.06,"Total Cost": 13071.37,"Plan Rows": 744,"Plan Width": 72,"Actual Startup Time": 137.947,"Actual Total Time": 141.438,"Actual Rows": 7,"Actual Loops": 1,"Group Key": ["(SUBSTRING(customer.c_phone FROM 1 FOR 2))"],"Plans": [{"Node Type": "Aggregate","Strategy": "Plain","Partial Mode": "Finalize","Parent Relationship": "InitPlan","Subplan Name": "InitPlan 1 (returns $1)","Parallel Aware": false,"Async Capable": false,"Startup Cost": 6230.83,"Total Cost": 6230.84,"Plan Rows": 1,"Plan Width": 32,"Actual Startup Time": 59.828,"Actual Total Time": 60.017,"Actual Rows": 1,"Actual Loops": 1,"Plans": [{"Node Type": "Gather","Parent Relationship": "Outer","Parallel Aware": false,"Async Capable": false,"Startup Cost": 6230.61,"Total Cost": 6230.82,"Plan Rows": 2,"Plan Width": 32,"Actual Startup Time": 59.711,"Actual Total Time": 60.002,"Actual Rows": 3,"Actual Loops": 1,"Workers Planned": 2,"Workers Launched": 2,"Single Copy": false,"Plans": [{"Node Type": "Aggregate","Strategy": "Plain","Partial Mode": "Partial","Parent Relationship": "Outer","Parallel Aware": false,"Async Capable": false,"Startup Cost": 5230.61,"Total Cost": 5230.62,"Plan Rows": 1,"Plan Width": 32,"Actual Startup Time": 53.259,"Actual Total Time": 53.261,"Actual Rows": 1,"Actual Loops": 3,"Workers": [],"Plans": [{"Node Type": "Seq Scan","Parent Relationship": "Outer","Parallel Aware": true,"Async Capable": false,"Relation Name": "customer","Alias": "customer_1","Startup Cost": 0.00,"Total Cost": 5225.62,"Plan Rows": 1994,"Plan Width": 6,"Actual Startup Time": 0.053,"Actual Total Time": 52.188,"Actual Rows": 12646,"Actual Loops": 3,"Filter": "((c_acctbal > 0.00) AND (SUBSTRING(c_phone FROM 1 FOR 2) = ANY ('{26,31,30,34,17,24,13}'::text[])))","Rows Removed by Filter": 37354,"Workers": []}]}]}]},{"Node Type": "Gather Merge","Parent Relationship": "Outer","Parallel Aware": false,"Async Capable": false,"Startup Cost": 6741.22,"Total Cost": 6821.30,"Plan Rows": 620,"Plan Width": 72,"Actual Startup Time": 137.814,"Actual Total Time": 141.186,"Actual Rows": 21,"Actual Loops": 1,"Workers Planned": 2,"Params Evaluated": ["$1"],"Workers Launched": 2,"Plans": [{"Node Type": "Aggregate","Strategy": "Sorted","Partial Mode": "Partial","Parent Relationship": "Outer","Parallel Aware": false,"Async Capable": false,"Startup Cost": 5741.19,"Total Cost": 5749.72,"Plan Rows": 310,"Plan Width": 72,"Actual Startup Time": 71.145,"Actual Total Time": 71.444,"Actual Rows": 7,"Actual Loops": 3,"Group Key": ["(SUBSTRING(customer.c_phone FROM 1 FOR 2))"],"Workers": [],"Plans": [{"Node Type": "Sort","Parent Relationship": "Outer","Parallel Aware": false,"Async Capable": false,"Startup Cost": 5741.19,"Total Cost": 5741.97,"Plan Rows": 310,"Plan Width": 38,"Actual Startup Time": 71.079,"Actual Total Time": 71.161,"Actual Rows": 2096,"Actual Loops": 3,"Sort Key": ["(SUBSTRING(customer.c_phone FROM 1 FOR 2))"],"Sort Method": "quicksort","Sort Space Used": 228,"Sort Space Type": "Memory","Workers": [{"Worker Number": 0,"Sort Method": "quicksort","Sort Space Used": 152,"Sort Space Type": "Memory"},{"Worker Number": 1,"Sort Method": "quicksort","Sort Space Used": 157,"Sort Space Type": "Memory"}],"Plans": [{"Node Type": "Nested Loop","Parent Relationship": "Outer","Parallel Aware": false,"Async Capable": false,"Join Type": "Anti","Startup Cost": 0.43,"Total Cost": 5728.36,"Plan Rows": 310,"Plan Width": 38,"Actual Startup Time": 0.155,"Actual Total Time": 70.260,"Actual Rows": 2096,"Actual Loops": 3,"Inner Unique": false,"Workers": [],"Plans": [{"Node Type": "Seq Scan","Parent Relationship": "Outer","Parallel Aware": true,"Async Capable": false,"Relation Name": "customer","Alias": "customer","Startup Cost": 0.00,"Total Cost": 5225.62,"Plan Rows": 729,"Plan Width": 26,"Actual Startup Time": 0.040,"Actual Total Time": 46.127,"Actual Rows": 6317,"Actual Loops": 3,"Filter": "((c_acctbal > $1) AND (SUBSTRING(c_phone FROM 1 FOR 2) = ANY ('{26,31,30,34,17,24,13}'::text[])))","Rows Removed by Filter": 43683,"Workers": []},{"Node Type": "Index Only Scan","Parent Relationship": "Inner","Parallel Aware": false,"Async Capable": false,"Scan Direction": "Forward","Index Name": "idx_orders_custkey","Relation Name": "orders","Alias": "orders","Startup Cost": 0.43,"Total Cost": 3.28,"Plan Rows": 17,"Plan Width": 4,"Actual Startup Time": 0.003,"Actual Total Time": 0.003,"Actual Rows": 1,"Actual Loops": 18951,"Index Cond": "(o_custkey = customer.c_custkey)","Rows Removed by Index Recheck": 0,"Heap Fetches": 0,"Workers": []}]}]}]}]}]},"Planning Time": 4.656,"Triggers": [],"Execution Time": 141.851}]
[{"Plan": {"Node Type": "Aggregate","Strategy": "Sorted","Partial Mode": "Finalize","Parallel Aware": false,"Async Capable": false,"Startup Cost": 12972.06,"Total Cost": 13071.37,"Plan Rows": 744,"Plan Width": 72,"Actual Startup Time": 136.156,"Actual Total Time": 139.806,"Actual Rows": 7,"Actual Loops": 1,"Group Key": ["(SUBSTRING(customer.c_phone FROM 1 FOR 2))"],"Plans": [{"Node Type": "Aggregate","Strategy": "Plain","Partial Mode": "Finalize","Parent Relationship": "InitPlan","Subplan Name": "InitPlan 1 (returns $1)","Parallel Aware": false,"Async Capable": false,"Startup Cost": 6230.83,"Total Cost": 6230.84,"Plan Rows": 1,"Plan Width": 32,"Actual Startup Time": 59.435,"Actual Total Time": 59.658,"Actual Rows": 1,"Actual Loops": 1,"Plans": [{"Node Type": "Gather","Parent Relationship": "Outer","Parallel Aware": false,"Async Capable": false,"Startup Cost": 6230.61,"Total Cost": 6230.82,"Plan Rows": 2,"Plan Width": 32,"Actual Startup Time": 59.316,"Actual Total Time": 59.629,"Actual Rows": 3,"Actual Loops": 1,"Workers Planned": 2,"Workers Launched": 2,"Single Copy": false,"Plans": [{"Node Type": "Aggregate","Strategy": "Plain","Partial Mode": "Partial","Parent Relationship": "Outer","Parallel Aware": false,"Async Capable": false,"Startup Cost": 5230.61,"Total Cost": 5230.62,"Plan Rows": 1,"Plan Width": 32,"Actual Startup Time": 53.625,"Actual Total Time": 53.626,"Actual Rows": 1,"Actual Loops": 3,"Workers": [],"Plans": [{"Node Type": "Seq Scan","Parent Relationship": "Outer","Parallel Aware": true,"Async Capable": false,"Relation Name": "customer","Alias": "customer_1","Startup Cost": 0.00,"Total Cost": 5225.62,"Plan Rows": 1994,"Plan Width": 6,"Actual Startup Time": 0.055,"Actual Total Time": 52.553,"Actual Rows": 12750,"Actual Loops": 3,"Filter": "((c_acctbal > 0.00) AND (SUBSTRING(c_phone FROM 1 FOR 2) = ANY ('{22,34,18,19,24,17,31}'::text[])))","Rows Removed by Filter": 37250,"Workers": []}]}]}]},{"Node Type": "Gather Merge","Parent Relationship": "Outer","Parallel Aware": false,"Async Capable": false,"Startup Cost": 6741.22,"Total Cost": 6821.30,"Plan Rows": 620,"Plan Width": 72,"Actual Startup Time": 136.004,"Actual Total Time": 139.524,"Actual Rows": 21,"Actual Loops": 1,"Workers Planned": 2,"Params Evaluated": ["$1"],"Workers Launched": 2,"Plans": [{"Node Type": "Aggregate","Strategy": "Sorted","Partial Mode": "Partial","Parent Relationship": "Outer","Parallel Aware": false,"Async Capable": false,"Startup Cost": 5741.19,"Total Cost": 5749.72,"Plan Rows": 310,"Plan Width": 72,"Actual Startup Time": 69.899,"Actual Total Time": 70.210,"Actual Rows": 7,"Actual Loops": 3,"Group Key": ["(SUBSTRING(customer.c_phone FROM 1 FOR 2))"],"Workers": [],"Plans": [{"Node Type": "Sort","Parent Relationship": "Outer","Parallel Aware": false,"Async Capable": false,"Startup Cost": 5741.19,"Total Cost": 5741.97,"Plan Rows": 310,"Plan Width": 38,"Actual Startup Time": 69.826,"Actual Total Time": 69.912,"Actual Rows": 2148,"Actual Loops": 3,"Sort Key": ["(SUBSTRING(customer.c_phone FROM 1 FOR 2))"],"Sort Method": "quicksort","Sort Space Used": 239,"Sort Space Type": "Memory","Workers": [{"Worker Number": 0,"Sort Method": "quicksort","Sort Space Used": 155,"Sort Space Type": "Memory"},{"Worker Number": 1,"Sort Method": "quicksort","Sort Space Used": 152,"Sort Space Type": "Memory"}],"Plans": [{"Node Type": "Nested Loop","Parent Relationship": "Outer","Parallel Aware": false,"Async Capable": false,"Join Type": "Anti","Startup Cost": 0.43,"Total Cost": 5728.36,"Plan Rows": 310,"Plan Width": 38,"Actual Startup Time": 0.099,"Actual Total Time": 69.009,"Actual Rows": 2148,"Actual Loops": 3,"Inner Unique": false,"Workers": [],"Plans": [{"Node Type": "Seq Scan","Parent Relationship": "Outer","Parallel Aware": true,"Async Capable": false,"Relation Name": "customer","Alias": "customer","Startup Cost": 0.00,"Total Cost": 5225.62,"Plan Rows": 729,"Plan Width": 26,"Actual Startup Time": 0.028,"Actual Total Time": 45.771,"Actual Rows": 6390,"Actual Loops": 3,"Filter": "((c_acctbal > $1) AND (SUBSTRING(c_phone FROM 1 FOR 2) = ANY ('{22,34,18,19,24,17,31}'::text[])))","Rows Removed by Filter": 43610,"Workers": []},{"Node Type": "Index Only Scan","Parent Relationship": "Inner","Parallel Aware": false,"Async Capable": false,"Scan Direction": "Forward","Index Name": "idx_orders_custkey","Relation Name": "orders","Alias": "orders","Startup Cost": 0.43,"Total Cost": 3.28,"Plan Rows": 17,"Plan Width": 4,"Actual Startup Time": 0.003,"Actual Total Time": 0.003,"Actual Rows": 1,"Actual Loops": 19169,"Index Cond": "(o_custkey = customer.c_custkey)","Rows Removed by Index Recheck": 0,"Heap Fetches": 0,"Workers": []}]}]}]}]}]},"Planning Time": 3.392,"Triggers": [],"Execution Time": 140.158}]
[{"Plan": {"Node Type": "Aggregate","Strategy": "Sorted","Partial Mode": "Finalize","Parallel Aware": false,"Async Capable": false,"Startup Cost": 12972.06,"Total Cost": 13071.37,"Plan Rows": 744,"Plan Width": 72,"Actual Startup Time": 133.102,"Actual Total Time": 136.853,"Actual Rows": 7,"Actual Loops": 1,"Group Key": ["(SUBSTRING(customer.c_phone FROM 1 FOR 2))"],"Plans": [{"Node Type": "Aggregate","Strategy": "Plain","Partial Mode": "Finalize","Parent Relationship": "InitPlan","Subplan Name": "InitPlan 1 (returns $1)","Parallel Aware": false,"Async Capable": false,"Startup Cost": 6230.83,"Total Cost": 6230.84,"Plan Rows": 1,"Plan Width": 32,"Actual Startup Time": 61.310,"Actual Total Time": 61.555,"Actual Rows": 1,"Actual Loops": 1,"Plans": [{"Node Type": "Gather","Parent Relationship": "Outer","Parallel Aware": false,"Async Capable": false,"Startup Cost": 6230.61,"Total Cost": 6230.82,"Plan Rows": 2,"Plan Width": 32,"Actual Startup Time": 61.187,"Actual Total Time": 61.533,"Actual Rows": 3,"Actual Loops": 1,"Workers Planned": 2,"Workers Launched": 2,"Single Copy": false,"Plans": [{"Node Type": "Aggregate","Strategy": "Plain","Partial Mode": "Partial","Parent Relationship": "Outer","Parallel Aware": false,"Async Capable": false,"Startup Cost": 5230.61,"Total Cost": 5230.62,"Plan Rows": 1,"Plan Width": 32,"Actual Startup Time": 54.797,"Actual Total Time": 54.799,"Actual Rows": 1,"Actual Loops": 3,"Workers": [],"Plans": [{"Node Type": "Seq Scan","Parent Relationship": "Outer","Parallel Aware": true,"Async Capable": false,"Relation Name": "customer","Alias": "customer_1","Startup Cost": 0.00,"Total Cost": 5225.62,"Plan Rows": 1994,"Plan Width": 6,"Actual Startup Time": 0.058,"Actual Total Time": 53.730,"Actual Rows": 12621,"Actual Loops": 3,"Filter": "((c_acctbal > 0.00) AND (SUBSTRING(c_phone FROM 1 FOR 2) = ANY ('{14,10,20,11,22,15,25}'::text[])))","Rows Removed by Filter": 37379,"Workers": []}]}]}]},{"Node Type": "Gather Merge","Parent Relationship": "Outer","Parallel Aware": false,"Async Capable": false,"Startup Cost": 6741.22,"Total Cost": 6821.30,"Plan Rows": 620,"Plan Width": 72,"Actual Startup Time": 133.003,"Actual Total Time": 136.558,"Actual Rows": 21,"Actual Loops": 1,"Workers Planned": 2,"Params Evaluated": ["$1"],"Workers Launched": 2,"Plans": [{"Node Type": "Aggregate","Strategy": "Sorted","Partial Mode": "Partial","Parent Relationship": "Outer","Parallel Aware": false,"Async Capable": false,"Startup Cost": 5741.19,"Total Cost": 5749.72,"Plan Rows": 310,"Plan Width": 72,"Actual Startup Time": 64.832,"Actual Total Time": 65.137,"Actual Rows": 7,"Actual Loops": 3,"Group Key": ["(SUBSTRING(customer.c_phone FROM 1 FOR 2))"],"Workers": [],"Plans": [{"Node Type": "Sort","Parent Relationship": "Outer","Parallel Aware": false,"Async Capable": false,"Startup Cost": 5741.19,"Total Cost": 5741.97,"Plan Rows": 310,"Plan Width": 38,"Actual Startup Time": 64.756,"Actual Total Time": 64.840,"Actual Rows": 2106,"Actual Loops": 3,"Sort Key": ["(SUBSTRING(customer.c_phone FROM 1 FOR 2))"],"Sort Method": "quicksort","Sort Space Used": 234,"Sort Space Type": "Memory","Workers": [{"Worker Number": 0,"Sort Method": "quicksort","Sort Space Used": 150,"Sort Space Type": "Memory"},{"Worker Number": 1,"Sort Method": "quicksort","Sort Space Used": 154,"Sort Space Type": "Memory"}],"Plans": [{"Node Type": "Nested Loop","Parent Relationship": "Outer","Parallel Aware": false,"Async Capable": false,"Join Type": "Anti","Startup Cost": 0.43,"Total Cost": 5728.36,"Plan Rows": 310,"Plan Width": 38,"Actual Startup Time": 0.143,"Actual Total Time": 63.934,"Actual Rows": 2106,"Actual Loops": 3,"Inner Unique": false,"Workers": [],"Plans": [{"Node Type": "Seq Scan","Parent Relationship": "Outer","Parallel Aware": true,"Async Capable": false,"Relation Name": "customer","Alias": "customer","Startup Cost": 0.00,"Total Cost": 5225.62,"Plan Rows": 729,"Plan Width": 26,"Actual Startup Time": 0.045,"Actual Total Time": 43.179,"Actual Rows": 6293,"Actual Loops": 3,"Filter": "((c_acctbal > $1) AND (SUBSTRING(c_phone FROM 1 FOR 2) = ANY ('{14,10,20,11,22,15,25}'::text[])))","Rows Removed by Filter": 43707,"Workers": []},{"Node Type": "Index Only Scan","Parent Relationship": "Inner","Parallel Aware": false,"Async Capable": false,"Scan Direction": "Forward","Index Name": "idx_orders_custkey","Relation Name": "orders","Alias": "orders","Startup Cost": 0.43,"Total Cost": 3.28,"Plan Rows": 17,"Plan Width": 4,"Actual Startup Time": 0.003,"Actual Total Time": 0.003,"Actual Rows": 1,"Actual Loops": 18878,"Index Cond": "(o_custkey = customer.c_custkey)","Rows Removed by Index Recheck": 0,"Heap Fetches": 0,"Workers": []}]}]}]}]}]},"Planning Time": 4.685,"Triggers": [],"Execution Time": 137.350}]
[{"Plan": {"Node Type": "Aggregate","Strategy": "Sorted","Partial Mode": "Finalize","Parallel Aware": false,"Async Capable": false,"Startup Cost": 12972.06,"Total Cost": 13071.37,"Plan Rows": 744,"Plan Width": 72,"Actual Startup Time": 135.780,"Actual Total Time": 141.646,"Actual Rows": 7,"Actual Loops": 1,"Group Key": ["(SUBSTRING(customer.c_phone FROM 1 FOR 2))"],"Plans": [{"Node Type": "Aggregate","Strategy": "Plain","Partial Mode": "Finalize","Parent Relationship": "InitPlan","Subplan Name": "InitPlan 1 (returns $1)","Parallel Aware": false,"Async Capable": false,"Startup Cost": 6230.83,"Total Cost": 6230.84,"Plan Rows": 1,"Plan Width": 32,"Actual Startup Time": 61.084,"Actual Total Time": 61.296,"Actual Rows": 1,"Actual Loops": 1,"Plans": [{"Node Type": "Gather","Parent Relationship": "Outer","Parallel Aware": false,"Async Capable": false,"Startup Cost": 6230.61,"Total Cost": 6230.82,"Plan Rows": 2,"Plan Width": 32,"Actual Startup Time": 61.010,"Actual Total Time": 61.280,"Actual Rows": 3,"Actual Loops": 1,"Workers Planned": 2,"Workers Launched": 2,"Single Copy": false,"Plans": [{"Node Type": "Aggregate","Strategy": "Plain","Partial Mode": "Partial","Parent Relationship": "Outer","Parallel Aware": false,"Async Capable": false,"Startup Cost": 5230.61,"Total Cost": 5230.62,"Plan Rows": 1,"Plan Width": 32,"Actual Startup Time": 54.626,"Actual Total Time": 54.628,"Actual Rows": 1,"Actual Loops": 3,"Workers": [],"Plans": [{"Node Type": "Seq Scan","Parent Relationship": "Outer","Parallel Aware": true,"Async Capable": false,"Relation Name": "customer","Alias": "customer_1","Startup Cost": 0.00,"Total Cost": 5225.62,"Plan Rows": 1994,"Plan Width": 6,"Actual Startup Time": 0.057,"Actual Total Time": 53.575,"Actual Rows": 12711,"Actual Loops": 3,"Filter": "((c_acctbal > 0.00) AND (SUBSTRING(c_phone FROM 1 FOR 2) = ANY ('{11,18,27,28,34,20,24}'::text[])))","Rows Removed by Filter": 37289,"Workers": []}]}]}]},{"Node Type": "Gather Merge","Parent Relationship": "Outer","Parallel Aware": false,"Async Capable": false,"Startup Cost": 6741.22,"Total Cost": 6821.30,"Plan Rows": 620,"Plan Width": 72,"Actual Startup Time": 135.684,"Actual Total Time": 141.393,"Actual Rows": 21,"Actual Loops": 1,"Workers Planned": 2,"Params Evaluated": ["$1"],"Workers Launched": 2,"Plans": [{"Node Type": "Aggregate","Strategy": "Sorted","Partial Mode": "Partial","Parent Relationship": "Outer","Parallel Aware": false,"Async Capable": false,"Startup Cost": 5741.19,"Total Cost": 5749.72,"Plan Rows": 310,"Plan Width": 72,"Actual Startup Time": 66.800,"Actual Total Time": 67.295,"Actual Rows": 7,"Actual Loops": 3,"Group Key": ["(SUBSTRING(customer.c_phone FROM 1 FOR 2))"],"Workers": [],"Plans": [{"Node Type": "Sort","Parent Relationship": "Outer","Parallel Aware": false,"Async Capable": false,"Startup Cost": 5741.19,"Total Cost": 5741.97,"Plan Rows": 310,"Plan Width": 38,"Actual Startup Time": 66.690,"Actual Total Time": 66.820,"Actual Rows": 2141,"Actual Loops": 3,"Sort Key": ["(SUBSTRING(customer.c_phone FROM 1 FOR 2))"],"Sort Method": "quicksort","Sort Space Used": 233,"Sort Space Type": "Memory","Workers": [{"Worker Number": 0,"Sort Method": "quicksort","Sort Space Used": 156,"Sort Space Type": "Memory"},{"Worker Number": 1,"Sort Method": "quicksort","Sort Space Used": 155,"Sort Space Type": "Memory"}],"Plans": [{"Node Type": "Nested Loop","Parent Relationship": "Outer","Parallel Aware": false,"Async Capable": false,"Join Type": "Anti","Startup Cost": 0.43,"Total Cost": 5728.36,"Plan Rows": 310,"Plan Width": 38,"Actual Startup Time": 0.112,"Actual Total Time": 65.715,"Actual Rows": 2141,"Actual Loops": 3,"Inner Unique": false,"Workers": [],"Plans": [{"Node Type": "Seq Scan","Parent Relationship": "Outer","Parallel Aware": true,"Async Capable": false,"Relation Name": "customer","Alias": "customer","Startup Cost": 0.00,"Total Cost": 5225.62,"Plan Rows": 729,"Plan Width": 26,"Actual Startup Time": 0.027,"Actual Total Time": 44.509,"Actual Rows": 6359,"Actual Loops": 3,"Filter": "((c_acctbal > $1) AND (SUBSTRING(c_phone FROM 1 FOR 2) = ANY ('{11,18,27,28,34,20,24}'::text[])))","Rows Removed by Filter": 43641,"Workers": []},{"Node Type": "Index Only Scan","Parent Relationship": "Inner","Parallel Aware": false,"Async Capable": false,"Scan Direction": "Forward","Index Name": "idx_orders_custkey","Relation Name": "orders","Alias": "orders","Startup Cost": 0.43,"Total Cost": 3.28,"Plan Rows": 17,"Plan Width": 4,"Actual Startup Time": 0.003,"Actual Total Time": 0.003,"Actual Rows": 1,"Actual Loops": 19078,"Index Cond": "(o_custkey = customer.c_custkey)","Rows Removed by Index Recheck": 0,"Heap Fetches": 0,"Workers": []}]}]}]}]}]},"Planning Time": 4.113,"Triggers": [],"Execution Time": 142.087}]
[{"Plan": {"Node Type": "Aggregate","Strategy": "Sorted","Partial Mode": "Finalize","Parallel Aware": false,"Async Capable": false,"Startup Cost": 12972.06,"Total Cost": 13071.37,"Plan Rows": 744,"Plan Width": 72,"Actual Startup Time": 137.596,"Actual Total Time": 141.006,"Actual Rows": 7,"Actual Loops": 1,"Group Key": ["(SUBSTRING(customer.c_phone FROM 1 FOR 2))"],"Plans": [{"Node Type": "Aggregate","Strategy": "Plain","Partial Mode": "Finalize","Parent Relationship": "InitPlan","Subplan Name": "InitPlan 1 (returns $1)","Parallel Aware": false,"Async Capable": false,"Startup Cost": 6230.83,"Total Cost": 6230.84,"Plan Rows": 1,"Plan Width": 32,"Actual Startup Time": 59.160,"Actual Total Time": 59.329,"Actual Rows": 1,"Actual Loops": 1,"Plans": [{"Node Type": "Gather","Parent Relationship": "Outer","Parallel Aware": false,"Async Capable": false,"Startup Cost": 6230.61,"Total Cost": 6230.82,"Plan Rows": 2,"Plan Width": 32,"Actual Startup Time": 59.077,"Actual Total Time": 59.313,"Actual Rows": 3,"Actual Loops": 1,"Workers Planned": 2,"Workers Launched": 2,"Single Copy": false,"Plans": [{"Node Type": "Aggregate","Strategy": "Plain","Partial Mode": "Partial","Parent Relationship": "Outer","Parallel Aware": false,"Async Capable": false,"Startup Cost": 5230.61,"Total Cost": 5230.62,"Plan Rows": 1,"Plan Width": 32,"Actual Startup Time": 52.947,"Actual Total Time": 52.948,"Actual Rows": 1,"Actual Loops": 3,"Workers": [],"Plans": [{"Node Type": "Seq Scan","Parent Relationship": "Outer","Parallel Aware": true,"Async Capable": false,"Relation Name": "customer","Alias": "customer_1","Startup Cost": 0.00,"Total Cost": 5225.62,"Plan Rows": 1994,"Plan Width": 6,"Actual Startup Time": 0.066,"Actual Total Time": 51.868,"Actual Rows": 12741,"Actual Loops": 3,"Filter": "((c_acctbal > 0.00) AND (SUBSTRING(c_phone FROM 1 FOR 2) = ANY ('{32,26,13,31,12,10,23}'::text[])))","Rows Removed by Filter": 37259,"Workers": []}]}]}]},{"Node Type": "Gather Merge","Parent Relationship": "Outer","Parallel Aware": false,"Async Capable": false,"Startup Cost": 6741.22,"Total Cost": 6821.30,"Plan Rows": 620,"Plan Width": 72,"Actual Startup Time": 137.486,"Actual Total Time": 140.763,"Actual Rows": 21,"Actual Loops": 1,"Workers Planned": 2,"Params Evaluated": ["$1"],"Workers Launched": 2,"Plans": [{"Node Type": "Aggregate","Strategy": "Sorted","Partial Mode": "Partial","Parent Relationship": "Outer","Parallel Aware": false,"Async Capable": false,"Startup Cost": 5741.19,"Total Cost": 5749.72,"Plan Rows": 310,"Plan Width": 72,"Actual Startup Time": 71.558,"Actual Total Time": 71.854,"Actual Rows": 7,"Actual Loops": 3,"Group Key": ["(SUBSTRING(customer.c_phone FROM 1 FOR 2))"],"Workers": [],"Plans": [{"Node Type": "Sort","Parent Relationship": "Outer","Parallel Aware": false,"Async Capable": false,"Startup Cost": 5741.19,"Total Cost": 5741.97,"Plan Rows": 310,"Plan Width": 38,"Actual Startup Time": 71.480,"Actual Total Time": 71.559,"Actual Rows": 2083,"Actual Loops": 3,"Sort Key": ["(SUBSTRING(customer.c_phone FROM 1 FOR 2))"],"Sort Method": "quicksort","Sort Space Used": 228,"Sort Space Type": "Memory","Workers": [{"Worker Number": 0,"Sort Method": "quicksort","Sort Space Used": 153,"Sort Space Type": "Memory"},{"Worker Number": 1,"Sort Method": "quicksort","Sort Space Used": 154,"Sort Space Type": "Memory"}],"Plans": [{"Node Type": "Nested Loop","Parent Relationship": "Outer","Parallel Aware": false,"Async Capable": false,"Join Type": "Anti","Startup Cost": 0.43,"Total Cost": 5728.36,"Plan Rows": 310,"Plan Width": 38,"Actual Startup Time": 0.174,"Actual Total Time": 70.695,"Actual Rows": 2083,"Actual Loops": 3,"Inner Unique": false,"Workers": [],"Plans": [{"Node Type": "Seq Scan","Parent Relationship": "Outer","Parallel Aware": true,"Async Capable": false,"Relation Name": "customer","Alias": "customer","Startup Cost": 0.00,"Total Cost": 5225.62,"Plan Rows": 729,"Plan Width": 26,"Actual Startup Time": 0.038,"Actual Total Time": 46.385,"Actual Rows": 6336,"Actual Loops": 3,"Filter": "((c_acctbal > $1) AND (SUBSTRING(c_phone FROM 1 FOR 2) = ANY ('{32,26,13,31,12,10,23}'::text[])))","Rows Removed by Filter": 43664,"Workers": []},{"Node Type": "Index Only Scan","Parent Relationship": "Inner","Parallel Aware": false,"Async Capable": false,"Scan Direction": "Forward","Index Name": "idx_orders_custkey","Relation Name": "orders","Alias": "orders","Startup Cost": 0.43,"Total Cost": 3.28,"Plan Rows": 17,"Plan Width": 4,"Actual Startup Time": 0.004,"Actual Total Time": 0.004,"Actual Rows": 1,"Actual Loops": 19008,"Index Cond": "(o_custkey = customer.c_custkey)","Rows Removed by Index Recheck": 0,"Heap Fetches": 0,"Workers": []}]}]}]}]}]},"Planning Time": 3.716,"Triggers": [],"Execution Time": 141.333}]
[{"Plan": {"Node Type": "Aggregate","Strategy": "Sorted","Partial Mode": "Finalize","Parallel Aware": false,"Async Capable": false,"Startup Cost": 12972.06,"Total Cost": 13071.37,"Plan Rows": 744,"Plan Width": 72,"Actual Startup Time": 131.273,"Actual Total Time": 136.201,"Actual Rows": 7,"Actual Loops": 1,"Group Key": ["(SUBSTRING(customer.c_phone FROM 1 FOR 2))"],"Plans": [{"Node Type": "Aggregate","Strategy": "Plain","Partial Mode": "Finalize","Parent Relationship": "InitPlan","Subplan Name": "InitPlan 1 (returns $1)","Parallel Aware": false,"Async Capable": false,"Startup Cost": 6230.83,"Total Cost": 6230.84,"Plan Rows": 1,"Plan Width": 32,"Actual Startup Time": 59.897,"Actual Total Time": 60.113,"Actual Rows": 1,"Actual Loops": 1,"Plans": [{"Node Type": "Gather","Parent Relationship": "Outer","Parallel Aware": false,"Async Capable": false,"Startup Cost": 6230.61,"Total Cost": 6230.82,"Plan Rows": 2,"Plan Width": 32,"Actual Startup Time": 59.757,"Actual Total Time": 60.090,"Actual Rows": 3,"Actual Loops": 1,"Workers Planned": 2,"Workers Launched": 2,"Single Copy": false,"Plans": [{"Node Type": "Aggregate","Strategy": "Plain","Partial Mode": "Partial","Parent Relationship": "Outer","Parallel Aware": false,"Async Capable": false,"Startup Cost": 5230.61,"Total Cost": 5230.62,"Plan Rows": 1,"Plan Width": 32,"Actual Startup Time": 53.239,"Actual Total Time": 53.241,"Actual Rows": 1,"Actual Loops": 3,"Workers": [],"Plans": [{"Node Type": "Seq Scan","Parent Relationship": "Outer","Parallel Aware": true,"Async Capable": false,"Relation Name": "customer","Alias": "customer_1","Startup Cost": 0.00,"Total Cost": 5225.62,"Plan Rows": 1994,"Plan Width": 6,"Actual Startup Time": 0.051,"Actual Total Time": 52.204,"Actual Rows": 12721,"Actual Loops": 3,"Filter": "((c_acctbal > 0.00) AND (SUBSTRING(c_phone FROM 1 FOR 2) = ANY ('{16,20,14,12,15,25,29}'::text[])))","Rows Removed by Filter": 37279,"Workers": []}]}]}]},{"Node Type": "Gather Merge","Parent Relationship": "Outer","Parallel Aware": false,"Async Capable": false,"Startup Cost": 6741.22,"Total Cost": 6821.30,"Plan Rows": 620,"Plan Width": 72,"Actual Startup Time": 131.169,"Actual Total Time": 135.935,"Actual Rows": 21,"Actual Loops": 1,"Workers Planned": 2,"Params Evaluated": ["$1"],"Workers Launched": 2,"Plans": [{"Node Type": "Aggregate","Strategy": "Sorted","Partial Mode": "Partial","Parent Relationship": "Outer","Parallel Aware": false,"Async Capable": false,"Startup Cost": 5741.19,"Total Cost": 5749.72,"Plan Rows": 310,"Plan Width": 72,"Actual Startup Time": 64.034,"Actual Total Time": 64.343,"Actual Rows": 7,"Actual Loops": 3,"Group Key": ["(SUBSTRING(customer.c_phone FROM 1 FOR 2))"],"Workers": [],"Plans": [{"Node Type": "Sort","Parent Relationship": "Outer","Parallel Aware": false,"Async Capable": false,"Startup Cost": 5741.19,"Total Cost": 5741.97,"Plan Rows": 310,"Plan Width": 38,"Actual Startup Time": 63.953,"Actual Total Time": 64.036,"Actual Rows": 2111,"Actual Loops": 3,"Sort Key": ["(SUBSTRING(customer.c_phone FROM 1 FOR 2))"],"Sort Method": "quicksort","Sort Space Used": 227,"Sort Space Type": "Memory","Workers": [{"Worker Number": 0,"Sort Method": "quicksort","Sort Space Used": 157,"Sort Space Type": "Memory"},{"Worker Number": 1,"Sort Method": "quicksort","Sort Space Used": 156,"Sort Space Type": "Memory"}],"Plans": [{"Node Type": "Nested Loop","Parent Relationship": "Outer","Parallel Aware": false,"Async Capable": false,"Join Type": "Anti","Startup Cost": 0.43,"Total Cost": 5728.36,"Plan Rows": 310,"Plan Width": 38,"Actual Startup Time": 0.177,"Actual Total Time": 63.100,"Actual Rows": 2111,"Actual Loops": 3,"Inner Unique": false,"Workers": [],"Plans": [{"Node Type": "Seq Scan","Parent Relationship": "Outer","Parallel Aware": true,"Async Capable": false,"Relation Name": "customer","Alias": "customer","Startup Cost": 0.00,"Total Cost": 5225.62,"Plan Rows": 729,"Plan Width": 26,"Actual Startup Time": 0.049,"Actual Total Time": 41.390,"Actual Rows": 6357,"Actual Loops": 3,"Filter": "((c_acctbal > $1) AND (SUBSTRING(c_phone FROM 1 FOR 2) = ANY ('{16,20,14,12,15,25,29}'::text[])))","Rows Removed by Filter": 43643,"Workers": []},{"Node Type": "Index Only Scan","Parent Relationship": "Inner","Parallel Aware": false,"Async Capable": false,"Scan Direction": "Forward","Index Name": "idx_orders_custkey","Relation Name": "orders","Alias": "orders","Startup Cost": 0.43,"Total Cost": 3.28,"Plan Rows": 17,"Plan Width": 4,"Actual Startup Time": 0.003,"Actual Total Time": 0.003,"Actual Rows": 1,"Actual Loops": 19071,"Index Cond": "(o_custkey = customer.c_custkey)","Rows Removed by Index Recheck": 0,"Heap Fetches": 0,"Workers": []}]}]}]}]}]},"Planning Time": 4.835,"Triggers": [],"Execution Time": 136.657}]
[{"Plan": {"Node Type": "Aggregate","Strategy": "Sorted","Partial Mode": "Finalize","Parallel Aware": false,"Async Capable": false,"Startup Cost": 12972.06,"Total Cost": 13071.37,"Plan Rows": 744,"Plan Width": 72,"Actual Startup Time": 132.941,"Actual Total Time": 136.898,"Actual Rows": 7,"Actual Loops": 1,"Group Key": ["(SUBSTRING(customer.c_phone FROM 1 FOR 2))"],"Plans": [{"Node Type": "Aggregate","Strategy": "Plain","Partial Mode": "Finalize","Parent Relationship": "InitPlan","Subplan Name": "InitPlan 1 (returns $1)","Parallel Aware": false,"Async Capable": false,"Startup Cost": 6230.83,"Total Cost": 6230.84,"Plan Rows": 1,"Plan Width": 32,"Actual Startup Time": 61.207,"Actual Total Time": 61.498,"Actual Rows": 1,"Actual Loops": 1,"Plans": [{"Node Type": "Gather","Parent Relationship": "Outer","Parallel Aware": false,"Async Capable": false,"Startup Cost": 6230.61,"Total Cost": 6230.82,"Plan Rows": 2,"Plan Width": 32,"Actual Startup Time": 61.059,"Actual Total Time": 61.476,"Actual Rows": 3,"Actual Loops": 1,"Workers Planned": 2,"Workers Launched": 2,"Single Copy": false,"Plans": [{"Node Type": "Aggregate","Strategy": "Plain","Partial Mode": "Partial","Parent Relationship": "Outer","Parallel Aware": false,"Async Capable": false,"Startup Cost": 5230.61,"Total Cost": 5230.62,"Plan Rows": 1,"Plan Width": 32,"Actual Startup Time": 54.555,"Actual Total Time": 54.557,"Actual Rows": 1,"Actual Loops": 3,"Workers": [],"Plans": [{"Node Type": "Seq Scan","Parent Relationship": "Outer","Parallel Aware": true,"Async Capable": false,"Relation Name": "customer","Alias": "customer_1","Startup Cost": 0.00,"Total Cost": 5225.62,"Plan Rows": 1994,"Plan Width": 6,"Actual Startup Time": 0.059,"Actual Total Time": 53.479,"Actual Rows": 12699,"Actual Loops": 3,"Filter": "((c_acctbal > 0.00) AND (SUBSTRING(c_phone FROM 1 FOR 2) = ANY ('{32,25,31,20,34,13,10}'::text[])))","Rows Removed by Filter": 37301,"Workers": []}]}]}]},{"Node Type": "Gather Merge","Parent Relationship": "Outer","Parallel Aware": false,"Async Capable": false,"Startup Cost": 6741.22,"Total Cost": 6821.30,"Plan Rows": 620,"Plan Width": 72,"Actual Startup Time": 132.830,"Actual Total Time": 136.546,"Actual Rows": 21,"Actual Loops": 1,"Workers Planned": 2,"Params Evaluated": ["$1"],"Workers Launched": 2,"Plans": [{"Node Type": "Aggregate","Strategy": "Sorted","Partial Mode": "Partial","Parent Relationship": "Outer","Parallel Aware": false,"Async Capable": false,"Startup Cost": 5741.19,"Total Cost": 5749.72,"Plan Rows": 310,"Plan Width": 72,"Actual Startup Time": 64.747,"Actual Total Time": 65.059,"Actual Rows": 7,"Actual Loops": 3,"Group Key": ["(SUBSTRING(customer.c_phone FROM 1 FOR 2))"],"Workers": [],"Plans": [{"Node Type": "Sort","Parent Relationship": "Outer","Parallel Aware": false,"Async Capable": false,"Startup Cost": 5741.19,"Total Cost": 5741.97,"Plan Rows": 310,"Plan Width": 38,"Actual Startup Time": 64.669,"Actual Total Time": 64.755,"Actual Rows": 2116,"Actual Loops": 3,"Sort Key": ["(SUBSTRING(customer.c_phone FROM 1 FOR 2))"],"Sort Method": "quicksort","Sort Space Used": 231,"Sort Space Type": "Memory","Workers": [{"Worker Number": 0,"Sort Method": "quicksort","Sort Space Used": 154,"Sort Space Type": "Memory"},{"Worker Number": 1,"Sort Method": "quicksort","Sort Space Used": 155,"Sort Space Type": "Memory"}],"Plans": [{"Node Type": "Nested Loop","Parent Relationship": "Outer","Parallel Aware": false,"Async Capable": false,"Join Type": "Anti","Startup Cost": 0.43,"Total Cost": 5728.36,"Plan Rows": 310,"Plan Width": 38,"Actual Startup Time": 0.153,"Actual Total Time": 63.876,"Actual Rows": 2116,"Actual Loops": 3,"Inner Unique": false,"Workers": [],"Plans": [{"Node Type": "Seq Scan","Parent Relationship": "Outer","Parallel Aware": true,"Async Capable": false,"Relation Name": "customer","Alias": "customer","Startup Cost": 0.00,"Total Cost": 5225.62,"Plan Rows": 729,"Plan Width": 26,"Actual Startup Time": 0.042,"Actual Total Time": 43.238,"Actual Rows": 6341,"Actual Loops": 3,"Filter": "((c_acctbal > $1) AND (SUBSTRING(c_phone FROM 1 FOR 2) = ANY ('{32,25,31,20,34,13,10}'::text[])))","Rows Removed by Filter": 43659,"Workers": []},{"Node Type": "Index Only Scan","Parent Relationship": "Inner","Parallel Aware": false,"Async Capable": false,"Scan Direction": "Forward","Index Name": "idx_orders_custkey","Relation Name": "orders","Alias": "orders","Startup Cost": 0.43,"Total Cost": 3.28,"Plan Rows": 17,"Plan Width": 4,"Actual Startup Time": 0.003,"Actual Total Time": 0.003,"Actual Rows": 1,"Actual Loops": 19022,"Index Cond": "(o_custkey = customer.c_custkey)","Rows Removed by Index Recheck": 0,"Heap Fetches": 0,"Workers": []}]}]}]}]}]},"Planning Time": 4.623,"Triggers": [],"Execution Time": 137.423}]
[{"Plan": {"Node Type": "Aggregate","Strategy": "Sorted","Partial Mode": "Finalize","Parallel Aware": false,"Async Capable": false,"Startup Cost": 12972.06,"Total Cost": 13071.37,"Plan Rows": 744,"Plan Width": 72,"Actual Startup Time": 140.199,"Actual Total Time": 143.845,"Actual Rows": 7,"Actual Loops": 1,"Group Key": ["(SUBSTRING(customer.c_phone FROM 1 FOR 2))"],"Plans": [{"Node Type": "Aggregate","Strategy": "Plain","Partial Mode": "Finalize","Parent Relationship": "InitPlan","Subplan Name": "InitPlan 1 (returns $1)","Parallel Aware": false,"Async Capable": false,"Startup Cost": 6230.83,"Total Cost": 6230.84,"Plan Rows": 1,"Plan Width": 32,"Actual Startup Time": 61.127,"Actual Total Time": 61.312,"Actual Rows": 1,"Actual Loops": 1,"Plans": [{"Node Type": "Gather","Parent Relationship": "Outer","Parallel Aware": false,"Async Capable": false,"Startup Cost": 6230.61,"Total Cost": 6230.82,"Plan Rows": 2,"Plan Width": 32,"Actual Startup Time": 61.009,"Actual Total Time": 61.291,"Actual Rows": 3,"Actual Loops": 1,"Workers Planned": 2,"Workers Launched": 2,"Single Copy": false,"Plans": [{"Node Type": "Aggregate","Strategy": "Plain","Partial Mode": "Partial","Parent Relationship": "Outer","Parallel Aware": false,"Async Capable": false,"Startup Cost": 5230.61,"Total Cost": 5230.62,"Plan Rows": 1,"Plan Width": 32,"Actual Startup Time": 54.801,"Actual Total Time": 54.803,"Actual Rows": 1,"Actual Loops": 3,"Workers": [],"Plans": [{"Node Type": "Seq Scan","Parent Relationship": "Outer","Parallel Aware": true,"Async Capable": false,"Relation Name": "customer","Alias": "customer_1","Startup Cost": 0.00,"Total Cost": 5225.62,"Plan Rows": 1994,"Plan Width": 6,"Actual Startup Time": 0.060,"Actual Total Time": 53.715,"Actual Rows": 12737,"Actual Loops": 3,"Filter": "((c_acctbal > 0.00) AND (SUBSTRING(c_phone FROM 1 FOR 2) = ANY ('{26,14,11,12,31,10,19}'::text[])))","Rows Removed by Filter": 37263,"Workers": []}]}]}]},{"Node Type": "Gather Merge","Parent Relationship": "Outer","Parallel Aware": false,"Async Capable": false,"Startup Cost": 6741.22,"Total Cost": 6821.30,"Plan Rows": 620,"Plan Width": 72,"Actual Startup Time": 140.085,"Actual Total Time": 143.609,"Actual Rows": 21,"Actual Loops": 1,"Workers Planned": 2,"Params Evaluated": ["$1"],"Workers Launched": 2,"Plans": [{"Node Type": "Aggregate","Strategy": "Sorted","Partial Mode": "Partial","Parent Relationship": "Outer","Parallel Aware": false,"Async Capable": false,"Startup Cost": 5741.19,"Total Cost": 5749.72,"Plan Rows": 310,"Plan Width": 72,"Actual Startup Time": 72.063,"Actual Total Time": 72.363,"Actual Rows": 7,"Actual Loops": 3,"Group Key": ["(SUBSTRING(customer.c_phone FROM 1 FOR 2))"],"Workers": [],"Plans": [{"Node Type": "Sort","Parent Relationship": "Outer","Parallel Aware": false,"Async Capable": false,"Startup Cost": 5741.19,"Total Cost": 5741.97,"Plan Rows": 310,"Plan Width": 38,"Actual Startup Time": 71.997,"Actual Total Time": 72.077,"Actual Rows": 2113,"Actual Loops": 3,"Sort Key": ["(SUBSTRING(customer.c_phone FROM 1 FOR 2))"],"Sort Method": "quicksort","Sort Space Used": 235,"Sort Space Type": "Memory","Workers": [{"Worker Number": 0,"Sort Method": "quicksort","Sort Space Used": 150,"Sort Space Type": "Memory"},{"Worker Number": 1,"Sort Method": "quicksort","Sort Space Used": 154,"Sort Space Type": "Memory"}],"Plans": [{"Node Type": "Nested Loop","Parent Relationship": "Outer","Parallel Aware": false,"Async Capable": false,"Join Type": "Anti","Startup Cost": 0.43,"Total Cost": 5728.36,"Plan Rows": 310,"Plan Width": 38,"Actual Startup Time": 0.208,"Actual Total Time": 71.193,"Actual Rows": 2113,"Actual Loops": 3,"Inner Unique": false,"Workers": [],"Plans": [{"Node Type": "Seq Scan","Parent Relationship": "Outer","Parallel Aware": true,"Async Capable": false,"Relation Name": "customer","Alias": "customer","Startup Cost": 0.00,"Total Cost": 5225.62,"Plan Rows": 729,"Plan Width": 26,"Actual Startup Time": 0.037,"Actual Total Time": 46.794,"Actual Rows": 6343,"Actual Loops": 3,"Filter": "((c_acctbal > $1) AND (SUBSTRING(c_phone FROM 1 FOR 2) = ANY ('{26,14,11,12,31,10,19}'::text[])))","Rows Removed by Filter": 43657,"Workers": []},{"Node Type": "Index Only Scan","Parent Relationship": "Inner","Parallel Aware": false,"Async Capable": false,"Scan Direction": "Forward","Index Name": "idx_orders_custkey","Relation Name": "orders","Alias": "orders","Startup Cost": 0.43,"Total Cost": 3.28,"Plan Rows": 17,"Plan Width": 4,"Actual Startup Time": 0.004,"Actual Total Time": 0.004,"Actual Rows": 1,"Actual Loops": 19029,"Index Cond": "(o_custkey = customer.c_custkey)","Rows Removed by Index Recheck": 0,"Heap Fetches": 0,"Workers": []}]}]}]}]}]},"Planning Time": 3.671,"Triggers": [],"Execution Time": 144.223}]
[{"Plan": {"Node Type": "Aggregate","Strategy": "Sorted","Partial Mode": "Finalize","Parallel Aware": false,"Async Capable": false,"Startup Cost": 12972.06,"Total Cost": 13071.37,"Plan Rows": 744,"Plan Width": 72,"Actual Startup Time": 138.575,"Actual Total Time": 142.373,"Actual Rows": 7,"Actual Loops": 1,"Group Key": ["(SUBSTRING(customer.c_phone FROM 1 FOR 2))"],"Plans": [{"Node Type": "Aggregate","Strategy": "Plain","Partial Mode": "Finalize","Parent Relationship": "InitPlan","Subplan Name": "InitPlan 1 (returns $1)","Parallel Aware": false,"Async Capable": false,"Startup Cost": 6230.83,"Total Cost": 6230.84,"Plan Rows": 1,"Plan Width": 32,"Actual Startup Time": 61.275,"Actual Total Time": 61.422,"Actual Rows": 1,"Actual Loops": 1,"Plans": [{"Node Type": "Gather","Parent Relationship": "Outer","Parallel Aware": false,"Async Capable": false,"Startup Cost": 6230.61,"Total Cost": 6230.82,"Plan Rows": 2,"Plan Width": 32,"Actual Startup Time": 61.166,"Actual Total Time": 61.407,"Actual Rows": 3,"Actual Loops": 1,"Workers Planned": 2,"Workers Launched": 2,"Single Copy": false,"Plans": [{"Node Type": "Aggregate","Strategy": "Plain","Partial Mode": "Partial","Parent Relationship": "Outer","Parallel Aware": false,"Async Capable": false,"Startup Cost": 5230.61,"Total Cost": 5230.62,"Plan Rows": 1,"Plan Width": 32,"Actual Startup Time": 55.247,"Actual Total Time": 55.249,"Actual Rows": 1,"Actual Loops": 3,"Workers": [],"Plans": [{"Node Type": "Seq Scan","Parent Relationship": "Outer","Parallel Aware": true,"Async Capable": false,"Relation Name": "customer","Alias": "customer_1","Startup Cost": 0.00,"Total Cost": 5225.62,"Plan Rows": 1994,"Plan Width": 6,"Actual Startup Time": 0.075,"Actual Total Time": 54.148,"Actual Rows": 12777,"Actual Loops": 3,"Filter": "((c_acctbal > 0.00) AND (SUBSTRING(c_phone FROM 1 FOR 2) = ANY ('{17,18,12,29,19,20,34}'::text[])))","Rows Removed by Filter": 37223,"Workers": []}]}]}]},{"Node Type": "Gather Merge","Parent Relationship": "Outer","Parallel Aware": false,"Async Capable": false,"Startup Cost": 6741.22,"Total Cost": 6821.30,"Plan Rows": 620,"Plan Width": 72,"Actual Startup Time": 138.433,"Actual Total Time": 142.159,"Actual Rows": 21,"Actual Loops": 1,"Workers Planned": 2,"Params Evaluated": ["$1"],"Workers Launched": 2,"Plans": [{"Node Type": "Aggregate","Strategy": "Sorted","Partial Mode": "Partial","Parent Relationship": "Outer","Parallel Aware": false,"Async Capable": false,"Startup Cost": 5741.19,"Total Cost": 5749.72,"Plan Rows": 310,"Plan Width": 72,"Actual Startup Time": 70.255,"Actual Total Time": 70.563,"Actual Rows": 7,"Actual Loops": 3,"Group Key": ["(SUBSTRING(customer.c_phone FROM 1 FOR 2))"],"Workers": [],"Plans": [{"Node Type": "Sort","Parent Relationship": "Outer","Parallel Aware": false,"Async Capable": false,"Startup Cost": 5741.19,"Total Cost": 5741.97,"Plan Rows": 310,"Plan Width": 38,"Actual Startup Time": 70.186,"Actual Total Time": 70.267,"Actual Rows": 2148,"Actual Loops": 3,"Sort Key": ["(SUBSTRING(customer.c_phone FROM 1 FOR 2))"],"Sort Method": "quicksort","Sort Space Used": 237,"Sort Space Type": "Memory","Workers": [{"Worker Number": 0,"Sort Method": "quicksort","Sort Space Used": 155,"Sort Space Type": "Memory"},{"Worker Number": 1,"Sort Method": "quicksort","Sort Space Used": 153,"Sort Space Type": "Memory"}],"Plans": [{"Node Type": "Nested Loop","Parent Relationship": "Outer","Parallel Aware": false,"Async Capable": false,"Join Type": "Anti","Startup Cost": 0.43,"Total Cost": 5728.36,"Plan Rows": 310,"Plan Width": 38,"Actual Startup Time": 0.156,"Actual Total Time": 69.383,"Actual Rows": 2148,"Actual Loops": 3,"Inner Unique": false,"Workers": [],"Plans": [{"Node Type": "Seq Scan","Parent Relationship": "Outer","Parallel Aware": true,"Async Capable": false,"Relation Name": "customer","Alias": "customer","Startup Cost": 0.00,"Total Cost": 5225.62,"Plan Rows": 729,"Plan Width": 26,"Actual Startup Time": 0.036,"Actual Total Time": 45.767,"Actual Rows": 6399,"Actual Loops": 3,"Filter": "((c_acctbal > $1) AND (SUBSTRING(c_phone FROM 1 FOR 2) = ANY ('{17,18,12,29,19,20,34}'::text[])))","Rows Removed by Filter": 43601,"Workers": []},{"Node Type": "Index Only Scan","Parent Relationship": "Inner","Parallel Aware": false,"Async Capable": false,"Scan Direction": "Forward","Index Name": "idx_orders_custkey","Relation Name": "orders","Alias": "orders","Startup Cost": 0.43,"Total Cost": 3.28,"Plan Rows": 17,"Plan Width": 4,"Actual Startup Time": 0.003,"Actual Total Time": 0.003,"Actual Rows": 1,"Actual Loops": 19196,"Index Cond": "(o_custkey = customer.c_custkey)","Rows Removed by Index Recheck": 0,"Heap Fetches": 0,"Workers": []}]}]}]}]}]},"Planning Time": 4.818,"Triggers": [],"Execution Time": 142.794}]
[{"Plan": {"Node Type": "Aggregate","Strategy": "Sorted","Partial Mode": "Finalize","Parallel Aware": false,"Async Capable": false,"Startup Cost": 12972.06,"Total Cost": 13071.37,"Plan Rows": 744,"Plan Width": 72,"Actual Startup Time": 141.219,"Actual Total Time": 144.740,"Actual Rows": 7,"Actual Loops": 1,"Group Key": ["(SUBSTRING(customer.c_phone FROM 1 FOR 2))"],"Plans": [{"Node Type": "Aggregate","Strategy": "Plain","Partial Mode": "Finalize","Parent Relationship": "InitPlan","Subplan Name": "InitPlan 1 (returns $1)","Parallel Aware": false,"Async Capable": false,"Startup Cost": 6230.83,"Total Cost": 6230.84,"Plan Rows": 1,"Plan Width": 32,"Actual Startup Time": 62.063,"Actual Total Time": 62.226,"Actual Rows": 1,"Actual Loops": 1,"Plans": [{"Node Type": "Gather","Parent Relationship": "Outer","Parallel Aware": false,"Async Capable": false,"Startup Cost": 6230.61,"Total Cost": 6230.82,"Plan Rows": 2,"Plan Width": 32,"Actual Startup Time": 61.938,"Actual Total Time": 62.201,"Actual Rows": 3,"Actual Loops": 1,"Workers Planned": 2,"Workers Launched": 2,"Single Copy": false,"Plans": [{"Node Type": "Aggregate","Strategy": "Plain","Partial Mode": "Partial","Parent Relationship": "Outer","Parallel Aware": false,"Async Capable": false,"Startup Cost": 5230.61,"Total Cost": 5230.62,"Plan Rows": 1,"Plan Width": 32,"Actual Startup Time": 56.170,"Actual Total Time": 56.171,"Actual Rows": 1,"Actual Loops": 3,"Workers": [],"Plans": [{"Node Type": "Seq Scan","Parent Relationship": "Outer","Parallel Aware": true,"Async Capable": false,"Relation Name": "customer","Alias": "customer_1","Startup Cost": 0.00,"Total Cost": 5225.62,"Plan Rows": 1994,"Plan Width": 6,"Actual Startup Time": 0.043,"Actual Total Time": 55.139,"Actual Rows": 12630,"Actual Loops": 3,"Filter": "((c_acctbal > 0.00) AND (SUBSTRING(c_phone FROM 1 FOR 2) = ANY ('{21,33,25,10,30,27,20}'::text[])))","Rows Removed by Filter": 37370,"Workers": []}]}]}]},{"Node Type": "Gather Merge","Parent Relationship": "Outer","Parallel Aware": false,"Async Capable": false,"Startup Cost": 6741.22,"Total Cost": 6821.30,"Plan Rows": 620,"Plan Width": 72,"Actual Startup Time": 141.102,"Actual Total Time": 144.530,"Actual Rows": 21,"Actual Loops": 1,"Workers Planned": 2,"Params Evaluated": ["$1"],"Workers Launched": 2,"Plans": [{"Node Type": "Aggregate","Strategy": "Sorted","Partial Mode": "Partial","Parent Relationship": "Outer","Parallel Aware": false,"Async Capable": false,"Startup Cost": 5741.19,"Total Cost": 5749.72,"Plan Rows": 310,"Plan Width": 72,"Actual Startup Time": 72.352,"Actual Total Time": 72.654,"Actual Rows": 7,"Actual Loops": 3,"Group Key": ["(SUBSTRING(customer.c_phone FROM 1 FOR 2))"],"Workers": [],"Plans": [{"Node Type": "Sort","Parent Relationship": "Outer","Parallel Aware": false,"Async Capable": false,"Startup Cost": 5741.19,"Total Cost": 5741.97,"Plan Rows": 310,"Plan Width": 38,"Actual Startup Time": 72.286,"Actual Total Time": 72.365,"Actual Rows": 2125,"Actual Loops": 3,"Sort Key": ["(SUBSTRING(customer.c_phone FROM 1 FOR 2))"],"Sort Method": "quicksort","Sort Space Used": 233,"Sort Space Type": "Memory","Workers": [{"Worker Number": 0,"Sort Method": "quicksort","Sort Space Used": 159,"Sort Space Type": "Memory"},{"Worker Number": 1,"Sort Method": "quicksort","Sort Space Used": 150,"Sort Space Type": "Memory"}],"Plans": [{"Node Type": "Nested Loop","Parent Relationship": "Outer","Parallel Aware": false,"Async Capable": false,"Join Type": "Anti","Startup Cost": 0.43,"Total Cost": 5728.36,"Plan Rows": 310,"Plan Width": 38,"Actual Startup Time": 0.194,"Actual Total Time": 71.476,"Actual Rows": 2125,"Actual Loops": 3,"Inner Unique": false,"Workers": [],"Plans": [{"Node Type": "Seq Scan","Parent Relationship": "Outer","Parallel Aware": true,"Async Capable": false,"Relation Name": "customer","Alias": "customer","Startup Cost": 0.00,"Total Cost": 5225.62,"Plan Rows": 729,"Plan Width": 26,"Actual Startup Time": 0.029,"Actual Total Time": 47.274,"Actual Rows": 6290,"Actual Loops": 3,"Filter": "((c_acctbal > $1) AND (SUBSTRING(c_phone FROM 1 FOR 2) = ANY ('{21,33,25,10,30,27,20}'::text[])))","Rows Removed by Filter": 43710,"Workers": []},{"Node Type": "Index Only Scan","Parent Relationship": "Inner","Parallel Aware": false,"Async Capable": false,"Scan Direction": "Forward","Index Name": "idx_orders_custkey","Relation Name": "orders","Alias": "orders","Startup Cost": 0.43,"Total Cost": 3.28,"Plan Rows": 17,"Plan Width": 4,"Actual Startup Time": 0.004,"Actual Total Time": 0.004,"Actual Rows": 1,"Actual Loops": 18871,"Index Cond": "(o_custkey = customer.c_custkey)","Rows Removed by Index Recheck": 0,"Heap Fetches": 0,"Workers": []}]}]}]}]}]},"Planning Time": 4.110,"Triggers": [],"Execution Time": 145.069}]
[{"Plan": {"Node Type": "Aggregate","Strategy": "Sorted","Partial Mode": "Finalize","Parallel Aware": false,"Async Capable": false,"Startup Cost": 12972.06,"Total Cost": 13071.37,"Plan Rows": 744,"Plan Width": 72,"Actual Startup Time": 139.501,"Actual Total Time": 142.949,"Actual Rows": 7,"Actual Loops": 1,"Group Key": ["(SUBSTRING(customer.c_phone FROM 1 FOR 2))"],"Plans": [{"Node Type": "Aggregate","Strategy": "Plain","Partial Mode": "Finalize","Parent Relationship": "InitPlan","Subplan Name": "InitPlan 1 (returns $1)","Parallel Aware": false,"Async Capable": false,"Startup Cost": 6230.83,"Total Cost": 6230.84,"Plan Rows": 1,"Plan Width": 32,"Actual Startup Time": 61.216,"Actual Total Time": 61.382,"Actual Rows": 1,"Actual Loops": 1,"Plans": [{"Node Type": "Gather","Parent Relationship": "Outer","Parallel Aware": false,"Async Capable": false,"Startup Cost": 6230.61,"Total Cost": 6230.82,"Plan Rows": 2,"Plan Width": 32,"Actual Startup Time": 61.125,"Actual Total Time": 61.363,"Actual Rows": 3,"Actual Loops": 1,"Workers Planned": 2,"Workers Launched": 2,"Single Copy": false,"Plans": [{"Node Type": "Aggregate","Strategy": "Plain","Partial Mode": "Partial","Parent Relationship": "Outer","Parallel Aware": false,"Async Capable": false,"Startup Cost": 5230.61,"Total Cost": 5230.62,"Plan Rows": 1,"Plan Width": 32,"Actual Startup Time": 55.466,"Actual Total Time": 55.468,"Actual Rows": 1,"Actual Loops": 3,"Workers": [],"Plans": [{"Node Type": "Seq Scan","Parent Relationship": "Outer","Parallel Aware": true,"Async Capable": false,"Relation Name": "customer","Alias": "customer_1","Startup Cost": 0.00,"Total Cost": 5225.62,"Plan Rows": 1994,"Plan Width": 6,"Actual Startup Time": 0.055,"Actual Total Time": 54.386,"Actual Rows": 12673,"Actual Loops": 3,"Filter": "((c_acctbal > 0.00) AND (SUBSTRING(c_phone FROM 1 FOR 2) = ANY ('{13,24,10,31,20,14,25}'::text[])))","Rows Removed by Filter": 37327,"Workers": []}]}]}]},{"Node Type": "Gather Merge","Parent Relationship": "Outer","Parallel Aware": false,"Async Capable": false,"Startup Cost": 6741.22,"Total Cost": 6821.30,"Plan Rows": 620,"Plan Width": 72,"Actual Startup Time": 139.373,"Actual Total Time": 142.688,"Actual Rows": 21,"Actual Loops": 1,"Workers Planned": 2,"Params Evaluated": ["$1"],"Workers Launched": 2,"Plans": [{"Node Type": "Aggregate","Strategy": "Sorted","Partial Mode": "Partial","Parent Relationship": "Outer","Parallel Aware": false,"Async Capable": false,"Startup Cost": 5741.19,"Total Cost": 5749.72,"Plan Rows": 310,"Plan Width": 72,"Actual Startup Time": 71.641,"Actual Total Time": 71.933,"Actual Rows": 7,"Actual Loops": 3,"Group Key": ["(SUBSTRING(customer.c_phone FROM 1 FOR 2))"],"Workers": [],"Plans": [{"Node Type": "Sort","Parent Relationship": "Outer","Parallel Aware": false,"Async Capable": false,"Startup Cost": 5741.19,"Total Cost": 5741.97,"Plan Rows": 310,"Plan Width": 38,"Actual Startup Time": 71.573,"Actual Total Time": 71.652,"Actual Rows": 2119,"Actual Loops": 3,"Sort Key": ["(SUBSTRING(customer.c_phone FROM 1 FOR 2))"],"Sort Method": "quicksort","Sort Space Used": 232,"Sort Space Type": "Memory","Workers": [{"Worker Number": 0,"Sort Method": "quicksort","Sort Space Used": 157,"Sort Space Type": "Memory"},{"Worker Number": 1,"Sort Method": "quicksort","Sort Space Used": 152,"Sort Space Type": "Memory"}],"Plans": [{"Node Type": "Nested Loop","Parent Relationship": "Outer","Parallel Aware": false,"Async Capable": false,"Join Type": "Anti","Startup Cost": 0.43,"Total Cost": 5728.36,"Plan Rows": 310,"Plan Width": 38,"Actual Startup Time": 0.149,"Actual Total Time": 70.792,"Actual Rows": 2119,"Actual Loops": 3,"Inner Unique": false,"Workers": [],"Plans": [{"Node Type": "Seq Scan","Parent Relationship": "Outer","Parallel Aware": true,"Async Capable": false,"Relation Name": "customer","Alias": "customer","Startup Cost": 0.00,"Total Cost": 5225.62,"Plan Rows": 729,"Plan Width": 26,"Actual Startup Time": 0.032,"Actual Total Time": 47.069,"Actual Rows": 6323,"Actual Loops": 3,"Filter": "((c_acctbal > $1) AND (SUBSTRING(c_phone FROM 1 FOR 2) = ANY ('{13,24,10,31,20,14,25}'::text[])))","Rows Removed by Filter": 43677,"Workers": []},{"Node Type": "Index Only Scan","Parent Relationship": "Inner","Parallel Aware": false,"Async Capable": false,"Scan Direction": "Forward","Index Name": "idx_orders_custkey","Relation Name": "orders","Alias": "orders","Startup Cost": 0.43,"Total Cost": 3.28,"Plan Rows": 17,"Plan Width": 4,"Actual Startup Time": 0.003,"Actual Total Time": 0.003,"Actual Rows": 1,"Actual Loops": 18969,"Index Cond": "(o_custkey = customer.c_custkey)","Rows Removed by Index Recheck": 0,"Heap Fetches": 0,"Workers": []}]}]}]}]}]},"Planning Time": 4.298,"Triggers": [],"Execution Time": 143.253}]
[{"Plan": {"Node Type": "Aggregate","Strategy": "Sorted","Partial Mode": "Finalize","Parallel Aware": false,"Async Capable": false,"Startup Cost": 12972.06,"Total Cost": 13071.37,"Plan Rows": 744,"Plan Width": 72,"Actual Startup Time": 133.105,"Actual Total Time": 137.798,"Actual Rows": 7,"Actual Loops": 1,"Group Key": ["(SUBSTRING(customer.c_phone FROM 1 FOR 2))"],"Plans": [{"Node Type": "Aggregate","Strategy": "Plain","Partial Mode": "Finalize","Parent Relationship": "InitPlan","Subplan Name": "InitPlan 1 (returns $1)","Parallel Aware": false,"Async Capable": false,"Startup Cost": 6230.83,"Total Cost": 6230.84,"Plan Rows": 1,"Plan Width": 32,"Actual Startup Time": 61.160,"Actual Total Time": 61.381,"Actual Rows": 1,"Actual Loops": 1,"Plans": [{"Node Type": "Gather","Parent Relationship": "Outer","Parallel Aware": false,"Async Capable": false,"Startup Cost": 6230.61,"Total Cost": 6230.82,"Plan Rows": 2,"Plan Width": 32,"Actual Startup Time": 61.071,"Actual Total Time": 61.352,"Actual Rows": 3,"Actual Loops": 1,"Workers Planned": 2,"Workers Launched": 2,"Single Copy": false,"Plans": [{"Node Type": "Aggregate","Strategy": "Plain","Partial Mode": "Partial","Parent Relationship": "Outer","Parallel Aware": false,"Async Capable": false,"Startup Cost": 5230.61,"Total Cost": 5230.62,"Plan Rows": 1,"Plan Width": 32,"Actual Startup Time": 55.231,"Actual Total Time": 55.234,"Actual Rows": 1,"Actual Loops": 3,"Workers": [],"Plans": [{"Node Type": "Seq Scan","Parent Relationship": "Outer","Parallel Aware": true,"Async Capable": false,"Relation Name": "customer","Alias": "customer_1","Startup Cost": 0.00,"Total Cost": 5225.62,"Plan Rows": 1994,"Plan Width": 6,"Actual Startup Time": 0.051,"Actual Total Time": 54.146,"Actual Rows": 12744,"Actual Loops": 3,"Filter": "((c_acctbal > 0.00) AND (SUBSTRING(c_phone FROM 1 FOR 2) = ANY ('{19,26,12,14,21,10,24}'::text[])))","Rows Removed by Filter": 37256,"Workers": []}]}]}]},{"Node Type": "Gather Merge","Parent Relationship": "Outer","Parallel Aware": false,"Async Capable": false,"Startup Cost": 6741.22,"Total Cost": 6821.30,"Plan Rows": 620,"Plan Width": 72,"Actual Startup Time": 133.030,"Actual Total Time": 137.536,"Actual Rows": 21,"Actual Loops": 1,"Workers Planned": 2,"Params Evaluated": ["$1"],"Workers Launched": 2,"Plans": [{"Node Type": "Aggregate","Strategy": "Sorted","Partial Mode": "Partial","Parent Relationship": "Outer","Parallel Aware": false,"Async Capable": false,"Startup Cost": 5741.19,"Total Cost": 5749.72,"Plan Rows": 310,"Plan Width": 72,"Actual Startup Time": 64.468,"Actual Total Time": 64.781,"Actual Rows": 7,"Actual Loops": 3,"Group Key": ["(SUBSTRING(customer.c_phone FROM 1 FOR 2))"],"Workers": [],"Plans": [{"Node Type": "Sort","Parent Relationship": "Outer","Parallel Aware": false,"Async Capable": false,"Startup Cost": 5741.19,"Total Cost": 5741.97,"Plan Rows": 310,"Plan Width": 38,"Actual Startup Time": 64.387,"Actual Total Time": 64.470,"Actual Rows": 2130,"Actual Loops": 3,"Sort Key": ["(SUBSTRING(customer.c_phone FROM 1 FOR 2))"],"Sort Method": "quicksort","Sort Space Used": 231,"Sort Space Type": "Memory","Workers": [{"Worker Number": 0,"Sort Method": "quicksort","Sort Space Used": 158,"Sort Space Type": "Memory"},{"Worker Number": 1,"Sort Method": "quicksort","Sort Space Used": 154,"Sort Space Type": "Memory"}],"Plans": [{"Node Type": "Nested Loop","Parent Relationship": "Outer","Parallel Aware": false,"Async Capable": false,"Join Type": "Anti","Startup Cost": 0.43,"Total Cost": 5728.36,"Plan Rows": 310,"Plan Width": 38,"Actual Startup Time": 0.173,"Actual Total Time": 63.508,"Actual Rows": 2130,"Actual Loops": 3,"Inner Unique": false,"Workers": [],"Plans": [{"Node Type": "Seq Scan","Parent Relationship": "Outer","Parallel Aware": true,"Async Capable": false,"Relation Name": "customer","Alias": "customer","Startup Cost": 0.00,"Total Cost": 5225.62,"Plan Rows": 729,"Plan Width": 26,"Actual Startup Time": 0.040,"Actual Total Time": 41.790,"Actual Rows": 6362,"Actual Loops": 3,"Filter": "((c_acctbal > $1) AND (SUBSTRING(c_phone FROM 1 FOR 2) = ANY ('{19,26,12,14,21,10,24}'::text[])))","Rows Removed by Filter": 43638,"Workers": []},{"Node Type": "Index Only Scan","Parent Relationship": "Inner","Parallel Aware": false,"Async Capable": false,"Scan Direction": "Forward","Index Name": "idx_orders_custkey","Relation Name": "orders","Alias": "orders","Startup Cost": 0.43,"Total Cost": 3.28,"Plan Rows": 17,"Plan Width": 4,"Actual Startup Time": 0.003,"Actual Total Time": 0.003,"Actual Rows": 1,"Actual Loops": 19087,"Index Cond": "(o_custkey = customer.c_custkey)","Rows Removed by Index Recheck": 0,"Heap Fetches": 0,"Workers": []}]}]}]}]}]},"Planning Time": 3.946,"Triggers": [],"Execution Time": 138.156}]
[{"Plan": {"Node Type": "Aggregate","Strategy": "Sorted","Partial Mode": "Finalize","Parallel Aware": false,"Async Capable": false,"Startup Cost": 12972.06,"Total Cost": 13071.37,"Plan Rows": 744,"Plan Width": 72,"Actual Startup Time": 138.083,"Actual Total Time": 141.916,"Actual Rows": 7,"Actual Loops": 1,"Group Key": ["(SUBSTRING(customer.c_phone FROM 1 FOR 2))"],"Plans": [{"Node Type": "Aggregate","Strategy": "Plain","Partial Mode": "Finalize","Parent Relationship": "InitPlan","Subplan Name": "InitPlan 1 (returns $1)","Parallel Aware": false,"Async Capable": false,"Startup Cost": 6230.83,"Total Cost": 6230.84,"Plan Rows": 1,"Plan Width": 32,"Actual Startup Time": 62.515,"Actual Total Time": 62.731,"Actual Rows": 1,"Actual Loops": 1,"Plans": [{"Node Type": "Gather","Parent Relationship": "Outer","Parallel Aware": false,"Async Capable": false,"Startup Cost": 6230.61,"Total Cost": 6230.82,"Plan Rows": 2,"Plan Width": 32,"Actual Startup Time": 62.427,"Actual Total Time": 62.704,"Actual Rows": 3,"Actual Loops": 1,"Workers Planned": 2,"Workers Launched": 2,"Single Copy": false,"Plans": [{"Node Type": "Aggregate","Strategy": "Plain","Partial Mode": "Partial","Parent Relationship": "Outer","Parallel Aware": false,"Async Capable": false,"Startup Cost": 5230.61,"Total Cost": 5230.62,"Plan Rows": 1,"Plan Width": 32,"Actual Startup Time": 56.219,"Actual Total Time": 56.222,"Actual Rows": 1,"Actual Loops": 3,"Workers": [],"Plans": [{"Node Type": "Seq Scan","Parent Relationship": "Outer","Parallel Aware": true,"Async Capable": false,"Relation Name": "customer","Alias": "customer_1","Startup Cost": 0.00,"Total Cost": 5225.62,"Plan Rows": 1994,"Plan Width": 6,"Actual Startup Time": 0.054,"Actual Total Time": 55.149,"Actual Rows": 12661,"Actual Loops": 3,"Filter": "((c_acctbal > 0.00) AND (SUBSTRING(c_phone FROM 1 FOR 2) = ANY ('{17,26,15,11,21,33,31}'::text[])))","Rows Removed by Filter": 37339,"Workers": []}]}]}]},{"Node Type": "Gather Merge","Parent Relationship": "Outer","Parallel Aware": false,"Async Capable": false,"Startup Cost": 6741.22,"Total Cost": 6821.30,"Plan Rows": 620,"Plan Width": 72,"Actual Startup Time": 137.944,"Actual Total Time": 141.643,"Actual Rows": 21,"Actual Loops": 1,"Workers Planned": 2,"Params Evaluated": ["$1"],"Workers Launched": 2,"Plans": [{"Node Type": "Aggregate","Strategy": "Sorted","Partial Mode": "Partial","Parent Relationship": "Outer","Parallel Aware": false,"Async Capable": false,"Startup Cost": 5741.19,"Total Cost": 5749.72,"Plan Rows": 310,"Plan Width": 72,"Actual Startup Time": 68.668,"Actual Total Time": 68.970,"Actual Rows": 7,"Actual Loops": 3,"Group Key": ["(SUBSTRING(customer.c_phone FROM 1 FOR 2))"],"Workers": [],"Plans": [{"Node Type": "Sort","Parent Relationship": "Outer","Parallel Aware": false,"Async Capable": false,"Startup Cost": 5741.19,"Total Cost": 5741.97,"Plan Rows": 310,"Plan Width": 38,"Actual Startup Time": 68.602,"Actual Total Time": 68.683,"Actual Rows": 2113,"Actual Loops": 3,"Sort Key": ["(SUBSTRING(customer.c_phone FROM 1 FOR 2))"],"Sort Method": "quicksort","Sort Space Used": 237,"Sort Space Type": "Memory","Workers": [{"Worker Number": 0,"Sort Method": "quicksort","Sort Space Used": 149,"Sort Space Type": "Memory"},{"Worker Number": 1,"Sort Method": "quicksort","Sort Space Used": 154,"Sort Space Type": "Memory"}],"Plans": [{"Node Type": "Nested Loop","Parent Relationship": "Outer","Parallel Aware": false,"Async Capable": false,"Join Type": "Anti","Startup Cost": 0.43,"Total Cost": 5728.36,"Plan Rows": 310,"Plan Width": 38,"Actual Startup Time": 0.157,"Actual Total Time": 67.823,"Actual Rows": 2113,"Actual Loops": 3,"Inner Unique": false,"Workers": [],"Plans": [{"Node Type": "Seq Scan","Parent Relationship": "Outer","Parallel Aware": true,"Async Capable": false,"Relation Name": "customer","Alias": "customer","Startup Cost": 0.00,"Total Cost": 5225.62,"Plan Rows": 729,"Plan Width": 26,"Actual Startup Time": 0.033,"Actual Total Time": 44.736,"Actual Rows": 6320,"Actual Loops": 3,"Filter": "((c_acctbal > $1) AND (SUBSTRING(c_phone FROM 1 FOR 2) = ANY ('{17,26,15,11,21,33,31}'::text[])))","Rows Removed by Filter": 43680,"Workers": []},{"Node Type": "Index Only Scan","Parent Relationship": "Inner","Parallel Aware": false,"Async Capable": false,"Scan Direction": "Forward","Index Name": "idx_orders_custkey","Relation Name": "orders","Alias": "orders","Startup Cost": 0.43,"Total Cost": 3.28,"Plan Rows": 17,"Plan Width": 4,"Actual Startup Time": 0.003,"Actual Total Time": 0.003,"Actual Rows": 1,"Actual Loops": 18961,"Index Cond": "(o_custkey = customer.c_custkey)","Rows Removed by Index Recheck": 0,"Heap Fetches": 0,"Workers": []}]}]}]}]}]},"Planning Time": 4.809,"Triggers": [],"Execution Time": 142.266}]
[{"Plan": {"Node Type": "Aggregate","Strategy": "Sorted","Partial Mode": "Finalize","Parallel Aware": false,"Async Capable": false,"Startup Cost": 12972.06,"Total Cost": 13071.37,"Plan Rows": 744,"Plan Width": 72,"Actual Startup Time": 131.239,"Actual Total Time": 135.974,"Actual Rows": 7,"Actual Loops": 1,"Group Key": ["(SUBSTRING(customer.c_phone FROM 1 FOR 2))"],"Plans": [{"Node Type": "Aggregate","Strategy": "Plain","Partial Mode": "Finalize","Parent Relationship": "InitPlan","Subplan Name": "InitPlan 1 (returns $1)","Parallel Aware": false,"Async Capable": false,"Startup Cost": 6230.83,"Total Cost": 6230.84,"Plan Rows": 1,"Plan Width": 32,"Actual Startup Time": 59.626,"Actual Total Time": 59.825,"Actual Rows": 1,"Actual Loops": 1,"Plans": [{"Node Type": "Gather","Parent Relationship": "Outer","Parallel Aware": false,"Async Capable": false,"Startup Cost": 6230.61,"Total Cost": 6230.82,"Plan Rows": 2,"Plan Width": 32,"Actual Startup Time": 59.499,"Actual Total Time": 59.805,"Actual Rows": 3,"Actual Loops": 1,"Workers Planned": 2,"Workers Launched": 2,"Single Copy": false,"Plans": [{"Node Type": "Aggregate","Strategy": "Plain","Partial Mode": "Partial","Parent Relationship": "Outer","Parallel Aware": false,"Async Capable": false,"Startup Cost": 5230.61,"Total Cost": 5230.62,"Plan Rows": 1,"Plan Width": 32,"Actual Startup Time": 53.474,"Actual Total Time": 53.476,"Actual Rows": 1,"Actual Loops": 3,"Workers": [],"Plans": [{"Node Type": "Seq Scan","Parent Relationship": "Outer","Parallel Aware": true,"Async Capable": false,"Relation Name": "customer","Alias": "customer_1","Startup Cost": 0.00,"Total Cost": 5225.62,"Plan Rows": 1994,"Plan Width": 6,"Actual Startup Time": 0.065,"Actual Total Time": 52.426,"Actual Rows": 12707,"Actual Loops": 3,"Filter": "((c_acctbal > 0.00) AND (SUBSTRING(c_phone FROM 1 FOR 2) = ANY ('{23,27,20,32,14,26,30}'::text[])))","Rows Removed by Filter": 37293,"Workers": []}]}]}]},{"Node Type": "Gather Merge","Parent Relationship": "Outer","Parallel Aware": false,"Async Capable": false,"Startup Cost": 6741.22,"Total Cost": 6821.30,"Plan Rows": 620,"Plan Width": 72,"Actual Startup Time": 131.135,"Actual Total Time": 135.716,"Actual Rows": 21,"Actual Loops": 1,"Workers Planned": 2,"Params Evaluated": ["$1"],"Workers Launched": 2,"Plans": [{"Node Type": "Aggregate","Strategy": "Sorted","Partial Mode": "Partial","Parent Relationship": "Outer","Parallel Aware": false,"Async Capable": false,"Startup Cost": 5741.19,"Total Cost": 5749.72,"Plan Rows": 310,"Plan Width": 72,"Actual Startup Time": 64.169,"Actual Total Time": 64.468,"Actual Rows": 7,"Actual Loops": 3,"Group Key": ["(SUBSTRING(customer.c_phone FROM 1 FOR 2))"],"Workers": [],"Plans": [{"Node Type": "Sort","Parent Relationship": "Outer","Parallel Aware": false,"Async Capable": false,"Startup Cost": 5741.19,"Total Cost": 5741.97,"Plan Rows": 310,"Plan Width": 38,"Actual Startup Time": 64.091,"Actual Total Time": 64.170,"Actual Rows": 2112,"Actual Loops": 3,"Sort Key": ["(SUBSTRING(customer.c_phone FROM 1 FOR 2))"],"Sort Method": "quicksort","Sort Space Used": 229,"Sort Space Type": "Memory","Workers": [{"Worker Number": 0,"Sort Method": "quicksort","Sort Space Used": 158,"Sort Space Type": "Memory"},{"Worker Number": 1,"Sort Method": "quicksort","Sort Space Used": 153,"Sort Space Type": "Memory"}],"Plans": [{"Node Type": "Nested Loop","Parent Relationship": "Outer","Parallel Aware": false,"Async Capable": false,"Join Type": "Anti","Startup Cost": 0.43,"Total Cost": 5728.36,"Plan Rows": 310,"Plan Width": 38,"Actual Startup Time": 0.220,"Actual Total Time": 63.250,"Actual Rows": 2112,"Actual Loops": 3,"Inner Unique": false,"Workers": [],"Plans": [{"Node Type": "Seq Scan","Parent Relationship": "Outer","Parallel Aware": true,"Async Capable": false,"Relation Name": "customer","Alias": "customer","Startup Cost": 0.00,"Total Cost": 5225.62,"Plan Rows": 729,"Plan Width": 26,"Actual Startup Time": 0.049,"Actual Total Time": 41.445,"Actual Rows": 6355,"Actual Loops": 3,"Filter": "((c_acctbal > $1) AND (SUBSTRING(c_phone FROM 1 FOR 2) = ANY ('{23,27,20,32,14,26,30}'::text[])))","Rows Removed by Filter": 43645,"Workers": []},{"Node Type": "Index Only Scan","Parent Relationship": "Inner","Parallel Aware": false,"Async Capable": false,"Scan Direction": "Forward","Index Name": "idx_orders_custkey","Relation Name": "orders","Alias": "orders","Startup Cost": 0.43,"Total Cost": 3.28,"Plan Rows": 17,"Plan Width": 4,"Actual Startup Time": 0.003,"Actual Total Time": 0.003,"Actual Rows": 1,"Actual Loops": 19066,"Index Cond": "(o_custkey = customer.c_custkey)","Rows Removed by Index Recheck": 0,"Heap Fetches": 0,"Workers": []}]}]}]}]}]},"Planning Time": 4.303,"Triggers": [],"Execution Time": 136.293}]
[{"Plan": {"Node Type": "Aggregate","Strategy": "Sorted","Partial Mode": "Finalize","Parallel Aware": false,"Async Capable": false,"Startup Cost": 12972.06,"Total Cost": 13071.37,"Plan Rows": 744,"Plan Width": 72,"Actual Startup Time": 139.945,"Actual Total Time": 143.307,"Actual Rows": 7,"Actual Loops": 1,"Group Key": ["(SUBSTRING(customer.c_phone FROM 1 FOR 2))"],"Plans": [{"Node Type": "Aggregate","Strategy": "Plain","Partial Mode": "Finalize","Parent Relationship": "InitPlan","Subplan Name": "InitPlan 1 (returns $1)","Parallel Aware": false,"Async Capable": false,"Startup Cost": 6230.83,"Total Cost": 6230.84,"Plan Rows": 1,"Plan Width": 32,"Actual Startup Time": 61.069,"Actual Total Time": 61.262,"Actual Rows": 1,"Actual Loops": 1,"Plans": [{"Node Type": "Gather","Parent Relationship": "Outer","Parallel Aware": false,"Async Capable": false,"Startup Cost": 6230.61,"Total Cost": 6230.82,"Plan Rows": 2,"Plan Width": 32,"Actual Startup Time": 61.017,"Actual Total Time": 61.246,"Actual Rows": 3,"Actual Loops": 1,"Workers Planned": 2,"Workers Launched": 2,"Single Copy": false,"Plans": [{"Node Type": "Aggregate","Strategy": "Plain","Partial Mode": "Partial","Parent Relationship": "Outer","Parallel Aware": false,"Async Capable": false,"Startup Cost": 5230.61,"Total Cost": 5230.62,"Plan Rows": 1,"Plan Width": 32,"Actual Startup Time": 55.135,"Actual Total Time": 55.137,"Actual Rows": 1,"Actual Loops": 3,"Workers": [],"Plans": [{"Node Type": "Seq Scan","Parent Relationship": "Outer","Parallel Aware": true,"Async Capable": false,"Relation Name": "customer","Alias": "customer_1","Startup Cost": 0.00,"Total Cost": 5225.62,"Plan Rows": 1994,"Plan Width": 6,"Actual Startup Time": 0.060,"Actual Total Time": 54.046,"Actual Rows": 12710,"Actual Loops": 3,"Filter": "((c_acctbal > 0.00) AND (SUBSTRING(c_phone FROM 1 FOR 2) = ANY ('{34,30,28,22,15,33,32}'::text[])))","Rows Removed by Filter": 37290,"Workers": []}]}]}]},{"Node Type": "Gather Merge","Parent Relationship": "Outer","Parallel Aware": false,"Async Capable": false,"Startup Cost": 6741.22,"Total Cost": 6821.30,"Plan Rows": 620,"Plan Width": 72,"Actual Startup Time": 139.808,"Actual Total Time": 143.049,"Actual Rows": 21,"Actual Loops": 1,"Workers Planned": 2,"Params Evaluated": ["$1"],"Workers Launched": 2,"Plans": [{"Node Type": "Aggregate","Strategy": "Sorted","Partial Mode": "Partial","Parent Relationship": "Outer","Parallel Aware": false,"Async Capable": false,"Startup Cost": 5741.19,"Total Cost": 5749.72,"Plan Rows": 310,"Plan Width": 72,"Actual Startup Time": 71.889,"Actual Total Time": 72.192,"Actual Rows": 7,"Actual Loops": 3,"Group Key": ["(SUBSTRING(customer.c_phone FROM 1 FOR 2))"],"Workers": [],"Plans": [{"Node Type": "Sort","Parent Relationship": "Outer","Parallel Aware": false,"Async Capable": false,"Startup Cost": 5741.19,"Total Cost": 5741.97,"Plan Rows": 310,"Plan Width": 38,"Actual Startup Time": 71.823,"Actual Total Time": 71.905,"Actual Rows": 2141,"Actual Loops": 3,"Sort Key": ["(SUBSTRING(customer.c_phone FROM 1 FOR 2))"],"Sort Method": "quicksort","Sort Space Used": 235,"Sort Space Type": "Memory","Workers": [{"Worker Number": 0,"Sort Method": "quicksort","Sort Space Used": 159,"Sort Space Type": "Memory"},{"Worker Number": 1,"Sort Method": "quicksort","Sort Space Used": 151,"Sort Space Type": "Memory"}],"Plans": [{"Node Type": "Nested Loop","Parent Relationship": "Outer","Parallel Aware": false,"Async Capable": false,"Join Type": "Anti","Startup Cost": 0.43,"Total Cost": 5728.36,"Plan Rows": 310,"Plan Width": 38,"Actual Startup Time": 0.114,"Actual Total Time": 71.034,"Actual Rows": 2141,"Actual Loops": 3,"Inner Unique": false,"Workers": [],"Plans": [{"Node Type": "Seq Scan","Parent Relationship": "Outer","Parallel Aware": true,"Async Capable": false,"Relation Name": "customer","Alias": "customer","Startup Cost": 0.00,"Total Cost": 5225.62,"Plan Rows": 729,"Plan Width": 26,"Actual Startup Time": 0.034,"Actual Total Time": 46.952,"Actual Rows": 6353,"Actual Loops": 3,"Filter": "((c_acctbal > $1) AND (SUBSTRING(c_phone FROM 1 FOR 2) = ANY ('{34,30,28,22,15,33,32}'::text[])))","Rows Removed by Filter": 43647,"Workers": []},{"Node Type": "Index Only Scan","Parent Relationship": "Inner","Parallel Aware": false,"Async Capable": false,"Scan Direction": "Forward","Index Name": "idx_orders_custkey","Relation Name": "orders","Alias": "orders","Startup Cost": 0.43,"Total Cost": 3.28,"Plan Rows": 17,"Plan Width": 4,"Actual Startup Time": 0.003,"Actual Total Time": 0.003,"Actual Rows": 1,"Actual Loops": 19060,"Index Cond": "(o_custkey = customer.c_custkey)","Rows Removed by Index Recheck": 0,"Heap Fetches": 0,"Workers": []}]}]}]}]}]},"Planning Time": 4.804,"Triggers": [],"Execution Time": 143.744}]
[{"Plan": {"Node Type": "Aggregate","Strategy": "Sorted","Partial Mode": "Finalize","Parallel Aware": false,"Async Capable": false,"Startup Cost": 12972.06,"Total Cost": 13071.37,"Plan Rows": 744,"Plan Width": 72,"Actual Startup Time": 139.201,"Actual Total Time": 142.799,"Actual Rows": 7,"Actual Loops": 1,"Group Key": ["(SUBSTRING(customer.c_phone FROM 1 FOR 2))"],"Plans": [{"Node Type": "Aggregate","Strategy": "Plain","Partial Mode": "Finalize","Parent Relationship": "InitPlan","Subplan Name": "InitPlan 1 (returns $1)","Parallel Aware": false,"Async Capable": false,"Startup Cost": 6230.83,"Total Cost": 6230.84,"Plan Rows": 1,"Plan Width": 32,"Actual Startup Time": 60.196,"Actual Total Time": 60.403,"Actual Rows": 1,"Actual Loops": 1,"Plans": [{"Node Type": "Gather","Parent Relationship": "Outer","Parallel Aware": false,"Async Capable": false,"Startup Cost": 6230.61,"Total Cost": 6230.82,"Plan Rows": 2,"Plan Width": 32,"Actual Startup Time": 60.080,"Actual Total Time": 60.377,"Actual Rows": 3,"Actual Loops": 1,"Workers Planned": 2,"Workers Launched": 2,"Single Copy": false,"Plans": [{"Node Type": "Aggregate","Strategy": "Plain","Partial Mode": "Partial","Parent Relationship": "Outer","Parallel Aware": false,"Async Capable": false,"Startup Cost": 5230.61,"Total Cost": 5230.62,"Plan Rows": 1,"Plan Width": 32,"Actual Startup Time": 53.950,"Actual Total Time": 53.953,"Actual Rows": 1,"Actual Loops": 3,"Workers": [],"Plans": [{"Node Type": "Seq Scan","Parent Relationship": "Outer","Parallel Aware": true,"Async Capable": false,"Relation Name": "customer","Alias": "customer_1","Startup Cost": 0.00,"Total Cost": 5225.62,"Plan Rows": 1994,"Plan Width": 6,"Actual Startup Time": 0.057,"Actual Total Time": 52.887,"Actual Rows": 12662,"Actual Loops": 3,"Filter": "((c_acctbal > 0.00) AND (SUBSTRING(c_phone FROM 1 FOR 2) = ANY ('{22,17,30,34,14,32,26}'::text[])))","Rows Removed by Filter": 37338,"Workers": []}]}]}]},{"Node Type": "Gather Merge","Parent Relationship": "Outer","Parallel Aware": false,"Async Capable": false,"Startup Cost": 6741.22,"Total Cost": 6821.30,"Plan Rows": 620,"Plan Width": 72,"Actual Startup Time": 139.091,"Actual Total Time": 142.540,"Actual Rows": 21,"Actual Loops": 1,"Workers Planned": 2,"Params Evaluated": ["$1"],"Workers Launched": 2,"Plans": [{"Node Type": "Aggregate","Strategy": "Sorted","Partial Mode": "Partial","Parent Relationship": "Outer","Parallel Aware": false,"Async Capable": false,"Startup Cost": 5741.19,"Total Cost": 5749.72,"Plan Rows": 310,"Plan Width": 72,"Actual Startup Time": 72.054,"Actual Total Time": 72.348,"Actual Rows": 7,"Actual Loops": 3,"Group Key": ["(SUBSTRING(customer.c_phone FROM 1 FOR 2))"],"Workers": [],"Plans": [{"Node Type": "Sort","Parent Relationship": "Outer","Parallel Aware": false,"Async Capable": false,"Startup Cost": 5741.19,"Total Cost": 5741.97,"Plan Rows": 310,"Plan Width": 38,"Actual Startup Time": 71.976,"Actual Total Time": 72.056,"Actual Rows": 2110,"Actual Loops": 3,"Sort Key": ["(SUBSTRING(customer.c_phone FROM 1 FOR 2))"],"Sort Method": "quicksort","Sort Space Used": 231,"Sort Space Type": "Memory","Workers": [{"Worker Number": 0,"Sort Method": "quicksort","Sort Space Used": 152,"Sort Space Type": "Memory"},{"Worker Number": 1,"Sort Method": "quicksort","Sort Space Used": 156,"Sort Space Type": "Memory"}],"Plans": [{"Node Type": "Nested Loop","Parent Relationship": "Outer","Parallel Aware": false,"Async Capable": false,"Join Type": "Anti","Startup Cost": 0.43,"Total Cost": 5728.36,"Plan Rows": 310,"Plan Width": 38,"Actual Startup Time": 0.186,"Actual Total Time": 71.205,"Actual Rows": 2110,"Actual Loops": 3,"Inner Unique": false,"Workers": [],"Plans": [{"Node Type": "Seq Scan","Parent Relationship": "Outer","Parallel Aware": true,"Async Capable": false,"Relation Name": "customer","Alias": "customer","Startup Cost": 0.00,"Total Cost": 5225.62,"Plan Rows": 729,"Plan Width": 26,"Actual Startup Time": 0.042,"Actual Total Time": 46.650,"Actual Rows": 6338,"Actual Loops": 3,"Filter": "((c_acctbal > $1) AND (SUBSTRING(c_phone FROM 1 FOR 2) = ANY ('{22,17,30,34,14,32,26}'::text[])))","Rows Removed by Filter": 43662,"Workers": []},{"Node Type": "Index Only Scan","Parent Relationship": "Inner","Parallel Aware": false,"Async Capable": false,"Scan Direction": "Forward","Index Name": "idx_orders_custkey","Relation Name": "orders","Alias": "orders","Startup Cost": 0.43,"Total Cost": 3.28,"Plan Rows": 17,"Plan Width": 4,"Actual Startup Time": 0.004,"Actual Total Time": 0.004,"Actual Rows": 1,"Actual Loops": 19015,"Index Cond": "(o_custkey = customer.c_custkey)","Rows Removed by Index Recheck": 0,"Heap Fetches": 0,"Workers": []}]}]}]}]}]},"Planning Time": 3.827,"Triggers": [],"Execution Time": 143.151}]
[{"Plan": {"Node Type": "Aggregate","Strategy": "Sorted","Partial Mode": "Finalize","Parallel Aware": false,"Async Capable": false,"Startup Cost": 12972.06,"Total Cost": 13071.37,"Plan Rows": 744,"Plan Width": 72,"Actual Startup Time": 137.698,"Actual Total Time": 141.172,"Actual Rows": 7,"Actual Loops": 1,"Group Key": ["(SUBSTRING(customer.c_phone FROM 1 FOR 2))"],"Plans": [{"Node Type": "Aggregate","Strategy": "Plain","Partial Mode": "Finalize","Parent Relationship": "InitPlan","Subplan Name": "InitPlan 1 (returns $1)","Parallel Aware": false,"Async Capable": false,"Startup Cost": 6230.83,"Total Cost": 6230.84,"Plan Rows": 1,"Plan Width": 32,"Actual Startup Time": 59.798,"Actual Total Time": 59.993,"Actual Rows": 1,"Actual Loops": 1,"Plans": [{"Node Type": "Gather","Parent Relationship": "Outer","Parallel Aware": false,"Async Capable": false,"Startup Cost": 6230.61,"Total Cost": 6230.82,"Plan Rows": 2,"Plan Width": 32,"Actual Startup Time": 59.686,"Actual Total Time": 59.978,"Actual Rows": 3,"Actual Loops": 1,"Workers Planned": 2,"Workers Launched": 2,"Single Copy": false,"Plans": [{"Node Type": "Aggregate","Strategy": "Plain","Partial Mode": "Partial","Parent Relationship": "Outer","Parallel Aware": false,"Async Capable": false,"Startup Cost": 5230.61,"Total Cost": 5230.62,"Plan Rows": 1,"Plan Width": 32,"Actual Startup Time": 53.355,"Actual Total Time": 53.357,"Actual Rows": 1,"Actual Loops": 3,"Workers": [],"Plans": [{"Node Type": "Seq Scan","Parent Relationship": "Outer","Parallel Aware": true,"Async Capable": false,"Relation Name": "customer","Alias": "customer_1","Startup Cost": 0.00,"Total Cost": 5225.62,"Plan Rows": 1994,"Plan Width": 6,"Actual Startup Time": 0.065,"Actual Total Time": 52.264,"Actual Rows": 12714,"Actual Loops": 3,"Filter": "((c_acctbal > 0.00) AND (SUBSTRING(c_phone FROM 1 FOR 2) = ANY ('{34,11,27,26,31,18,23}'::text[])))","Rows Removed by Filter": 37286,"Workers": []}]}]}]},{"Node Type": "Gather Merge","Parent Relationship": "Outer","Parallel Aware": false,"Async Capable": false,"Startup Cost": 6741.22,"Total Cost": 6821.30,"Plan Rows": 620,"Plan Width": 72,"Actual Startup Time": 137.560,"Actual Total Time": 140.924,"Actual Rows": 21,"Actual Loops": 1,"Workers Planned": 2,"Params Evaluated": ["$1"],"Workers Launched": 2,"Plans": [{"Node Type": "Aggregate","Strategy": "Sorted","Partial Mode": "Partial","Parent Relationship": "Outer","Parallel Aware": false,"Async Capable": false,"Startup Cost": 5741.19,"Total Cost": 5749.72,"Plan Rows": 310,"Plan Width": 72,"Actual Startup Time": 70.687,"Actual Total Time": 70.990,"Actual Rows": 7,"Actual Loops": 3,"Group Key": ["(SUBSTRING(customer.c_phone FROM 1 FOR 2))"],"Workers": [],"Plans": [{"Node Type": "Sort","Parent Relationship": "Outer","Parallel Aware": false,"Async Capable": false,"Startup Cost": 5741.19,"Total Cost": 5741.97,"Plan Rows": 310,"Plan Width": 38,"Actual Startup Time": 70.623,"Actual Total Time": 70.704,"Actual Rows": 2118,"Actual Loops": 3,"Sort Key": ["(SUBSTRING(customer.c_phone FROM 1 FOR 2))"],"Sort Method": "quicksort","Sort Space Used": 234,"Sort Space Type": "Memory","Workers": [{"Worker Number": 0,"Sort Method": "quicksort","Sort Space Used": 152,"Sort Space Type": "Memory"},{"Worker Number": 1,"Sort Method": "quicksort","Sort Space Used": 154,"Sort Space Type": "Memory"}],"Plans": [{"Node Type": "Nested Loop","Parent Relationship": "Outer","Parallel Aware": false,"Async Capable": false,"Join Type": "Anti","Startup Cost": 0.43,"Total Cost": 5728.36,"Plan Rows": 310,"Plan Width": 38,"Actual Startup Time": 0.157,"Actual Total Time": 69.830,"Actual Rows": 2118,"Actual Loops": 3,"Inner Unique": false,"Workers": [],"Plans": [{"Node Type": "Seq Scan","Parent Relationship": "Outer","Parallel Aware": true,"Async Capable": false,"Relation Name": "customer","Alias": "customer","Startup Cost": 0.00,"Total Cost": 5225.62,"Plan Rows": 729,"Plan Width": 26,"Actual Startup Time": 0.033,"Actual Total Time": 45.924,"Actual Rows": 6351,"Actual Loops": 3,"Filter": "((c_acctbal > $1) AND (SUBSTRING(c_phone FROM 1 FOR 2) = ANY ('{34,11,27,26,31,18,23}'::text[])))","Rows Removed by Filter": 43649,"Workers": []},{"Node Type": "Index Only Scan","Parent Relationship": "Inner","Parallel Aware": false,"Async Capable": false,"Scan Direction": "Forward","Index Name": "idx_orders_custkey","Relation Name": "orders","Alias": "orders","Startup Cost": 0.43,"Total Cost": 3.28,"Plan Rows": 17,"Plan Width": 4,"Actual Startup Time": 0.003,"Actual Total Time": 0.003,"Actual Rows": 1,"Actual Loops": 19054,"Index Cond": "(o_custkey = customer.c_custkey)","Rows Removed by Index Recheck": 0,"Heap Fetches": 0,"Workers": []}]}]}]}]}]},"Planning Time": 4.122,"Triggers": [],"Execution Time": 141.567}]
[{"Plan": {"Node Type": "Aggregate","Strategy": "Sorted","Partial Mode": "Finalize","Parallel Aware": false,"Async Capable": false,"Startup Cost": 12972.06,"Total Cost": 13071.37,"Plan Rows": 744,"Plan Width": 72,"Actual Startup Time": 137.252,"Actual Total Time": 140.897,"Actual Rows": 7,"Actual Loops": 1,"Group Key": ["(SUBSTRING(customer.c_phone FROM 1 FOR 2))"],"Plans": [{"Node Type": "Aggregate","Strategy": "Plain","Partial Mode": "Finalize","Parent Relationship": "InitPlan","Subplan Name": "InitPlan 1 (returns $1)","Parallel Aware": false,"Async Capable": false,"Startup Cost": 6230.83,"Total Cost": 6230.84,"Plan Rows": 1,"Plan Width": 32,"Actual Startup Time": 62.002,"Actual Total Time": 62.233,"Actual Rows": 1,"Actual Loops": 1,"Plans": [{"Node Type": "Gather","Parent Relationship": "Outer","Parallel Aware": false,"Async Capable": false,"Startup Cost": 6230.61,"Total Cost": 6230.82,"Plan Rows": 2,"Plan Width": 32,"Actual Startup Time": 61.899,"Actual Total Time": 62.213,"Actual Rows": 3,"Actual Loops": 1,"Workers Planned": 2,"Workers Launched": 2,"Single Copy": false,"Plans": [{"Node Type": "Aggregate","Strategy": "Plain","Partial Mode": "Partial","Parent Relationship": "Outer","Parallel Aware": false,"Async Capable": false,"Startup Cost": 5230.61,"Total Cost": 5230.62,"Plan Rows": 1,"Plan Width": 32,"Actual Startup Time": 55.387,"Actual Total Time": 55.388,"Actual Rows": 1,"Actual Loops": 3,"Workers": [],"Plans": [{"Node Type": "Seq Scan","Parent Relationship": "Outer","Parallel Aware": true,"Async Capable": false,"Relation Name": "customer","Alias": "customer_1","Startup Cost": 0.00,"Total Cost": 5225.62,"Plan Rows": 1994,"Plan Width": 6,"Actual Startup Time": 0.054,"Actual Total Time": 54.308,"Actual Rows": 12794,"Actual Loops": 3,"Filter": "((c_acctbal > 0.00) AND (SUBSTRING(c_phone FROM 1 FOR 2) = ANY ('{11,16,14,32,19,17,28}'::text[])))","Rows Removed by Filter": 37206,"Workers": []}]}]}]},{"Node Type": "Gather Merge","Parent Relationship": "Outer","Parallel Aware": false,"Async Capable": false,"Startup Cost": 6741.22,"Total Cost": 6821.30,"Plan Rows": 620,"Plan Width": 72,"Actual Startup Time": 137.091,"Actual Total Time": 140.604,"Actual Rows": 21,"Actual Loops": 1,"Workers Planned": 2,"Params Evaluated": ["$1"],"Workers Launched": 2,"Plans": [{"Node Type": "Aggregate","Strategy": "Sorted","Partial Mode": "Partial","Parent Relationship": "Outer","Parallel Aware": false,"Async Capable": false,"Startup Cost": 5741.19,"Total Cost": 5749.72,"Plan Rows": 310,"Plan Width": 72,"Actual Startup Time": 68.324,"Actual Total Time": 68.630,"Actual Rows": 7,"Actual Loops": 3,"Group Key": ["(SUBSTRING(customer.c_phone FROM 1 FOR 2))"],"Workers": [],"Plans": [{"Node Type": "Sort","Parent Relationship": "Outer","Parallel Aware": false,"Async Capable": false,"Startup Cost": 5741.19,"Total Cost": 5741.97,"Plan Rows": 310,"Plan Width": 38,"Actual Startup Time": 68.255,"Actual Total Time": 68.347,"Actual Rows": 2133,"Actual Loops": 3,"Sort Key": ["(SUBSTRING(customer.c_phone FROM 1 FOR 2))"],"Sort Method": "quicksort","Sort Space Used": 235,"Sort Space Type": "Memory","Workers": [{"Worker Number": 0,"Sort Method": "quicksort","Sort Space Used": 150,"Sort Space Type": "Memory"},{"Worker Number": 1,"Sort Method": "quicksort","Sort Space Used": 158,"Sort Space Type": "Memory"}],"Plans": [{"Node Type": "Nested Loop","Parent Relationship": "Outer","Parallel Aware": false,"Async Capable": false,"Join Type": "Anti","Startup Cost": 0.43,"Total Cost": 5728.36,"Plan Rows": 310,"Plan Width": 38,"Actual Startup Time": 0.167,"Actual Total Time": 67.468,"Actual Rows": 2133,"Actual Loops": 3,"Inner Unique": false,"Workers": [],"Plans": [{"Node Type": "Seq Scan","Parent Relationship": "Outer","Parallel Aware": true,"Async Capable": false,"Relation Name": "customer","Alias": "customer","Startup Cost": 0.00,"Total Cost": 5225.62,"Plan Rows": 729,"Plan Width": 26,"Actual Startup Time": 0.037,"Actual Total Time": 44.393,"Actual Rows": 6381,"Actual Loops": 3,"Filter": "((c_acctbal > $1) AND (SUBSTRING(c_phone FROM 1 FOR 2) = ANY ('{11,16,14,32,19,17,28}'::text[])))","Rows Removed by Filter": 43619,"Workers": []},{"Node Type": "Index Only Scan","Parent Relationship": "Inner","Parallel Aware": false,"Async Capable": false,"Scan Direction": "Forward","Index Name": "idx_orders_custkey","Relation Name": "orders","Alias": "orders","Startup Cost": 0.43,"Total Cost": 3.28,"Plan Rows": 17,"Plan Width": 4,"Actual Startup Time": 0.003,"Actual Total Time": 0.003,"Actual Rows": 1,"Actual Loops": 19144,"Index Cond": "(o_custkey = customer.c_custkey)","Rows Removed by Index Recheck": 0,"Heap Fetches": 0,"Workers": []}]}]}]}]}]},"Planning Time": 4.176,"Triggers": [],"Execution Time": 141.337}]
[{"Plan": {"Node Type": "Aggregate","Strategy": "Sorted","Partial Mode": "Finalize","Parallel Aware": false,"Async Capable": false,"Startup Cost": 12972.06,"Total Cost": 13071.37,"Plan Rows": 744,"Plan Width": 72,"Actual Startup Time": 133.247,"Actual Total Time": 136.877,"Actual Rows": 7,"Actual Loops": 1,"Group Key": ["(SUBSTRING(customer.c_phone FROM 1 FOR 2))"],"Plans": [{"Node Type": "Aggregate","Strategy": "Plain","Partial Mode": "Finalize","Parent Relationship": "InitPlan","Subplan Name": "InitPlan 1 (returns $1)","Parallel Aware": false,"Async Capable": false,"Startup Cost": 6230.83,"Total Cost": 6230.84,"Plan Rows": 1,"Plan Width": 32,"Actual Startup Time": 61.126,"Actual Total Time": 61.394,"Actual Rows": 1,"Actual Loops": 1,"Plans": [{"Node Type": "Gather","Parent Relationship": "Outer","Parallel Aware": false,"Async Capable": false,"Startup Cost": 6230.61,"Total Cost": 6230.82,"Plan Rows": 2,"Plan Width": 32,"Actual Startup Time": 61.023,"Actual Total Time": 61.379,"Actual Rows": 3,"Actual Loops": 1,"Workers Planned": 2,"Workers Launched": 2,"Single Copy": false,"Plans": [{"Node Type": "Aggregate","Strategy": "Plain","Partial Mode": "Partial","Parent Relationship": "Outer","Parallel Aware": false,"Async Capable": false,"Startup Cost": 5230.61,"Total Cost": 5230.62,"Plan Rows": 1,"Plan Width": 32,"Actual Startup Time": 54.899,"Actual Total Time": 54.900,"Actual Rows": 1,"Actual Loops": 3,"Workers": [],"Plans": [{"Node Type": "Seq Scan","Parent Relationship": "Outer","Parallel Aware": true,"Async Capable": false,"Relation Name": "customer","Alias": "customer_1","Startup Cost": 0.00,"Total Cost": 5225.62,"Plan Rows": 1994,"Plan Width": 6,"Actual Startup Time": 0.046,"Actual Total Time": 53.861,"Actual Rows": 12723,"Actual Loops": 3,"Filter": "((c_acctbal > 0.00) AND (SUBSTRING(c_phone FROM 1 FOR 2) = ANY ('{10,20,15,24,23,31,32}'::text[])))","Rows Removed by Filter": 37277,"Workers": []}]}]}]},{"Node Type": "Gather Merge","Parent Relationship": "Outer","Parallel Aware": false,"Async Capable": false,"Startup Cost": 6741.22,"Total Cost": 6821.30,"Plan Rows": 620,"Plan Width": 72,"Actual Startup Time": 133.153,"Actual Total Time": 136.564,"Actual Rows": 21,"Actual Loops": 1,"Workers Planned": 2,"Params Evaluated": ["$1"],"Workers Launched": 2,"Plans": [{"Node Type": "Aggregate","Strategy": "Sorted","Partial Mode": "Partial","Parent Relationship": "Outer","Parallel Aware": false,"Async Capable": false,"Startup Cost": 5741.19,"Total Cost": 5749.72,"Plan Rows": 310,"Plan Width": 72,"Actual Startup Time": 65.092,"Actual Total Time": 65.399,"Actual Rows": 7,"Actual Loops": 3,"Group Key": ["(SUBSTRING(customer.c_phone FROM 1 FOR 2))"],"Workers": [],"Plans": [{"Node Type": "Sort","Parent Relationship": "Outer","Parallel Aware": false,"Async Capable": false,"Startup Cost": 5741.19,"Total Cost": 5741.97,"Plan Rows": 310,"Plan Width": 38,"Actual Startup Time": 65.014,"Actual Total Time": 65.097,"Actual Rows": 2121,"Actual Loops": 3,"Sort Key": ["(SUBSTRING(customer.c_phone FROM 1 FOR 2))"],"Sort Method": "quicksort","Sort Space Used": 231,"Sort Space Type": "Memory","Workers": [{"Worker Number": 0,"Sort Method": "quicksort","Sort Space Used": 155,"Sort Space Type": "Memory"},{"Worker Number": 1,"Sort Method": "quicksort","Sort Space Used": 155,"Sort Space Type": "Memory"}],"Plans": [{"Node Type": "Nested Loop","Parent Relationship": "Outer","Parallel Aware": false,"Async Capable": false,"Join Type": "Anti","Startup Cost": 0.43,"Total Cost": 5728.36,"Plan Rows": 310,"Plan Width": 38,"Actual Startup Time": 0.164,"Actual Total Time": 64.217,"Actual Rows": 2121,"Actual Loops": 3,"Inner Unique": false,"Workers": [],"Plans": [{"Node Type": "Seq Scan","Parent Relationship": "Outer","Parallel Aware": true,"Async Capable": false,"Relation Name": "customer","Alias": "customer","Startup Cost": 0.00,"Total Cost": 5225.62,"Plan Rows": 729,"Plan Width": 26,"Actual Startup Time": 0.039,"Actual Total Time": 43.320,"Actual Rows": 6364,"Actual Loops": 3,"Filter": "((c_acctbal > $1) AND (SUBSTRING(c_phone FROM 1 FOR 2) = ANY ('{10,20,15,24,23,31,32}'::text[])))","Rows Removed by Filter": 43636,"Workers": []},{"Node Type": "Index Only Scan","Parent Relationship": "Inner","Parallel Aware": false,"Async Capable": false,"Scan Direction": "Forward","Index Name": "idx_orders_custkey","Relation Name": "orders","Alias": "orders","Startup Cost": 0.43,"Total Cost": 3.28,"Plan Rows": 17,"Plan Width": 4,"Actual Startup Time": 0.003,"Actual Total Time": 0.003,"Actual Rows": 1,"Actual Loops": 19091,"Index Cond": "(o_custkey = customer.c_custkey)","Rows Removed by Index Recheck": 0,"Heap Fetches": 0,"Workers": []}]}]}]}]}]},"Planning Time": 4.619,"Triggers": [],"Execution Time": 137.369}]
[{"Plan": {"Node Type": "Aggregate","Strategy": "Sorted","Partial Mode": "Finalize","Parallel Aware": false,"Async Capable": false,"Startup Cost": 12972.06,"Total Cost": 13071.37,"Plan Rows": 744,"Plan Width": 72,"Actual Startup Time": 138.915,"Actual Total Time": 142.438,"Actual Rows": 7,"Actual Loops": 1,"Group Key": ["(SUBSTRING(customer.c_phone FROM 1 FOR 2))"],"Plans": [{"Node Type": "Aggregate","Strategy": "Plain","Partial Mode": "Finalize","Parent Relationship": "InitPlan","Subplan Name": "InitPlan 1 (returns $1)","Parallel Aware": false,"Async Capable": false,"Startup Cost": 6230.83,"Total Cost": 6230.84,"Plan Rows": 1,"Plan Width": 32,"Actual Startup Time": 60.110,"Actual Total Time": 60.282,"Actual Rows": 1,"Actual Loops": 1,"Plans": [{"Node Type": "Gather","Parent Relationship": "Outer","Parallel Aware": false,"Async Capable": false,"Startup Cost": 6230.61,"Total Cost": 6230.82,"Plan Rows": 2,"Plan Width": 32,"Actual Startup Time": 60.004,"Actual Total Time": 60.256,"Actual Rows": 3,"Actual Loops": 1,"Workers Planned": 2,"Workers Launched": 2,"Single Copy": false,"Plans": [{"Node Type": "Aggregate","Strategy": "Plain","Partial Mode": "Partial","Parent Relationship": "Outer","Parallel Aware": false,"Async Capable": false,"Startup Cost": 5230.61,"Total Cost": 5230.62,"Plan Rows": 1,"Plan Width": 32,"Actual Startup Time": 53.961,"Actual Total Time": 53.962,"Actual Rows": 1,"Actual Loops": 3,"Workers": [],"Plans": [{"Node Type": "Seq Scan","Parent Relationship": "Outer","Parallel Aware": true,"Async Capable": false,"Relation Name": "customer","Alias": "customer_1","Startup Cost": 0.00,"Total Cost": 5225.62,"Plan Rows": 1994,"Plan Width": 6,"Actual Startup Time": 0.058,"Actual Total Time": 52.830,"Actual Rows": 12785,"Actual Loops": 3,"Filter": "((c_acctbal > 0.00) AND (SUBSTRING(c_phone FROM 1 FOR 2) = ANY ('{29,24,12,15,14,19,26}'::text[])))","Rows Removed by Filter": 37215,"Workers": []}]}]}]},{"Node Type": "Gather Merge","Parent Relationship": "Outer","Parallel Aware": false,"Async Capable": false,"Startup Cost": 6741.22,"Total Cost": 6821.30,"Plan Rows": 620,"Plan Width": 72,"Actual Startup Time": 138.797,"Actual Total Time": 142.213,"Actual Rows": 21,"Actual Loops": 1,"Workers Planned": 2,"Params Evaluated": ["$1"],"Workers Launched": 2,"Plans": [{"Node Type": "Aggregate","Strategy": "Sorted","Partial Mode": "Partial","Parent Relationship": "Outer","Parallel Aware": false,"Async Capable": false,"Startup Cost": 5741.19,"Total Cost": 5749.72,"Plan Rows": 310,"Plan Width": 72,"Actual Startup Time": 71.966,"Actual Total Time": 72.269,"Actual Rows": 7,"Actual Loops": 3,"Group Key": ["(SUBSTRING(customer.c_phone FROM 1 FOR 2))"],"Workers": [],"Plans": [{"Node Type": "Sort","Parent Relationship": "Outer","Parallel Aware": false,"Async Capable": false,"Startup Cost": 5741.19,"Total Cost": 5741.97,"Plan Rows": 310,"Plan Width": 38,"Actual Startup Time": 71.898,"Actual Total Time": 71.979,"Actual Rows": 2125,"Actual Loops": 3,"Sort Key": ["(SUBSTRING(customer.c_phone FROM 1 FOR 2))"],"Sort Method": "quicksort","Sort Space Used": 235,"Sort Space Type": "Memory","Workers": [{"Worker Number": 0,"Sort Method": "quicksort","Sort Space Used": 150,"Sort Space Type": "Memory"},{"Worker Number": 1,"Sort Method": "quicksort","Sort Space Used": 156,"Sort Space Type": "Memory"}],"Plans": [{"Node Type": "Nested Loop","Parent Relationship": "Outer","Parallel Aware": false,"Async Capable": false,"Join Type": "Anti","Startup Cost": 0.43,"Total Cost": 5728.36,"Plan Rows": 310,"Plan Width": 38,"Actual Startup Time": 0.173,"Actual Total Time": 71.119,"Actual Rows": 2125,"Actual Loops": 3,"Inner Unique": false,"Workers": [],"Plans": [{"Node Type": "Seq Scan","Parent Relationship": "Outer","Parallel Aware": true,"Async Capable": false,"Relation Name": "customer","Alias": "customer","Startup Cost": 0.00,"Total Cost": 5225.62,"Plan Rows": 729,"Plan Width": 26,"Actual Startup Time": 0.043,"Actual Total Time": 46.724,"Actual Rows": 6397,"Actual Loops": 3,"Filter": "((c_acctbal > $1) AND (SUBSTRING(c_phone FROM 1 FOR 2) = ANY ('{29,24,12,15,14,19,26}'::text[])))","Rows Removed by Filter": 43603,"Workers": []},{"Node Type": "Index Only Scan","Parent Relationship": "Inner","Parallel Aware": false,"Async Capable": false,"Scan Direction": "Forward","Index Name": "idx_orders_custkey","Relation Name": "orders","Alias": "orders","Startup Cost": 0.43,"Total Cost": 3.28,"Plan Rows": 17,"Plan Width": 4,"Actual Startup Time": 0.003,"Actual Total Time": 0.003,"Actual Rows": 1,"Actual Loops": 19192,"Index Cond": "(o_custkey = customer.c_custkey)","Rows Removed by Index Recheck": 0,"Heap Fetches": 0,"Workers": []}]}]}]}]}]},"Planning Time": 3.639,"Triggers": [],"Execution Time": 142.801}]
[{"Plan": {"Node Type": "Aggregate","Strategy": "Sorted","Partial Mode": "Finalize","Parallel Aware": false,"Async Capable": false,"Startup Cost": 12972.06,"Total Cost": 13071.37,"Plan Rows": 744,"Plan Width": 72,"Actual Startup Time": 135.505,"Actual Total Time": 139.204,"Actual Rows": 7,"Actual Loops": 1,"Group Key": ["(SUBSTRING(customer.c_phone FROM 1 FOR 2))"],"Plans": [{"Node Type": "Aggregate","Strategy": "Plain","Partial Mode": "Finalize","Parent Relationship": "InitPlan","Subplan Name": "InitPlan 1 (returns $1)","Parallel Aware": false,"Async Capable": false,"Startup Cost": 6230.83,"Total Cost": 6230.84,"Plan Rows": 1,"Plan Width": 32,"Actual Startup Time": 59.264,"Actual Total Time": 59.498,"Actual Rows": 1,"Actual Loops": 1,"Plans": [{"Node Type": "Gather","Parent Relationship": "Outer","Parallel Aware": false,"Async Capable": false,"Startup Cost": 6230.61,"Total Cost": 6230.82,"Plan Rows": 2,"Plan Width": 32,"Actual Startup Time": 59.149,"Actual Total Time": 59.479,"Actual Rows": 3,"Actual Loops": 1,"Workers Planned": 2,"Workers Launched": 2,"Single Copy": false,"Plans": [{"Node Type": "Aggregate","Strategy": "Plain","Partial Mode": "Partial","Parent Relationship": "Outer","Parallel Aware": false,"Async Capable": false,"Startup Cost": 5230.61,"Total Cost": 5230.62,"Plan Rows": 1,"Plan Width": 32,"Actual Startup Time": 53.315,"Actual Total Time": 53.317,"Actual Rows": 1,"Actual Loops": 3,"Workers": [],"Plans": [{"Node Type": "Seq Scan","Parent Relationship": "Outer","Parallel Aware": true,"Async Capable": false,"Relation Name": "customer","Alias": "customer_1","Startup Cost": 0.00,"Total Cost": 5225.62,"Plan Rows": 1994,"Plan Width": 6,"Actual Startup Time": 0.046,"Actual Total Time": 52.272,"Actual Rows": 12688,"Actual Loops": 3,"Filter": "((c_acctbal > 0.00) AND (SUBSTRING(c_phone FROM 1 FOR 2) = ANY ('{28,14,26,21,24,25,20}'::text[])))","Rows Removed by Filter": 37312,"Workers": []}]}]}]},{"Node Type": "Gather Merge","Parent Relationship": "Outer","Parallel Aware": false,"Async Capable": false,"Startup Cost": 6741.22,"Total Cost": 6821.30,"Plan Rows": 620,"Plan Width": 72,"Actual Startup Time": 135.385,"Actual Total Time": 138.905,"Actual Rows": 21,"Actual Loops": 1,"Workers Planned": 2,"Params Evaluated": ["$1"],"Workers Launched": 2,"Plans": [{"Node Type": "Aggregate","Strategy": "Sorted","Partial Mode": "Partial","Parent Relationship": "Outer","Parallel Aware": false,"Async Capable": false,"Startup Cost": 5741.19,"Total Cost": 5749.72,"Plan Rows": 310,"Plan Width": 72,"Actual Startup Time": 69.414,"Actual Total Time": 69.705,"Actual Rows": 7,"Actual Loops": 3,"Group Key": ["(SUBSTRING(customer.c_phone FROM 1 FOR 2))"],"Workers": [],"Plans": [{"Node Type": "Sort","Parent Relationship": "Outer","Parallel Aware": false,"Async Capable": false,"Startup Cost": 5741.19,"Total Cost": 5741.97,"Plan Rows": 310,"Plan Width": 38,"Actual Startup Time": 69.345,"Actual Total Time": 69.423,"Actual Rows": 2129,"Actual Loops": 3,"Sort Key": ["(SUBSTRING(customer.c_phone FROM 1 FOR 2))"],"Sort Method": "quicksort","Sort Space Used": 234,"Sort Space Type": "Memory","Workers": [{"Worker Number": 0,"Sort Method": "quicksort","Sort Space Used": 153,"Sort Space Type": "Memory"},{"Worker Number": 1,"Sort Method": "quicksort","Sort Space Used": 155,"Sort Space Type": "Memory"}],"Plans": [{"Node Type": "Nested Loop","Parent Relationship": "Outer","Parallel Aware": false,"Async Capable": false,"Join Type": "Anti","Startup Cost": 0.43,"Total Cost": 5728.36,"Plan Rows": 310,"Plan Width": 38,"Actual Startup Time": 0.124,"Actual Total Time": 68.567,"Actual Rows": 2129,"Actual Loops": 3,"Inner Unique": false,"Workers": [],"Plans": [{"Node Type": "Seq Scan","Parent Relationship": "Outer","Parallel Aware": true,"Async Capable": false,"Relation Name": "customer","Alias": "customer","Startup Cost": 0.00,"Total Cost": 5225.62,"Plan Rows": 729,"Plan Width": 26,"Actual Startup Time": 0.026,"Actual Total Time": 45.376,"Actual Rows": 6366,"Actual Loops": 3,"Filter": "((c_acctbal > $1) AND (SUBSTRING(c_phone FROM 1 FOR 2) = ANY ('{28,14,26,21,24,25,20}'::text[])))","Rows Removed by Filter": 43634,"Workers": []},{"Node Type": "Index Only Scan","Parent Relationship": "Inner","Parallel Aware": false,"Async Capable": false,"Scan Direction": "Forward","Index Name": "idx_orders_custkey","Relation Name": "orders","Alias": "orders","Startup Cost": 0.43,"Total Cost": 3.28,"Plan Rows": 17,"Plan Width": 4,"Actual Startup Time": 0.003,"Actual Total Time": 0.003,"Actual Rows": 1,"Actual Loops": 19097,"Index Cond": "(o_custkey = customer.c_custkey)","Rows Removed by Index Recheck": 0,"Heap Fetches": 0,"Workers": []}]}]}]}]}]},"Planning Time": 3.339,"Triggers": [],"Execution Time": 139.530}]
[{"Plan": {"Node Type": "Aggregate","Strategy": "Sorted","Partial Mode": "Finalize","Parallel Aware": false,"Async Capable": false,"Startup Cost": 12972.06,"Total Cost": 13071.37,"Plan Rows": 744,"Plan Width": 72,"Actual Startup Time": 137.422,"Actual Total Time": 141.064,"Actual Rows": 7,"Actual Loops": 1,"Group Key": ["(SUBSTRING(customer.c_phone FROM 1 FOR 2))"],"Plans": [{"Node Type": "Aggregate","Strategy": "Plain","Partial Mode": "Finalize","Parent Relationship": "InitPlan","Subplan Name": "InitPlan 1 (returns $1)","Parallel Aware": false,"Async Capable": false,"Startup Cost": 6230.83,"Total Cost": 6230.84,"Plan Rows": 1,"Plan Width": 32,"Actual Startup Time": 59.756,"Actual Total Time": 59.963,"Actual Rows": 1,"Actual Loops": 1,"Plans": [{"Node Type": "Gather","Parent Relationship": "Outer","Parallel Aware": false,"Async Capable": false,"Startup Cost": 6230.61,"Total Cost": 6230.82,"Plan Rows": 2,"Plan Width": 32,"Actual Startup Time": 59.639,"Actual Total Time": 59.942,"Actual Rows": 3,"Actual Loops": 1,"Workers Planned": 2,"Workers Launched": 2,"Single Copy": false,"Plans": [{"Node Type": "Aggregate","Strategy": "Plain","Partial Mode": "Partial","Parent Relationship": "Outer","Parallel Aware": false,"Async Capable": false,"Startup Cost": 5230.61,"Total Cost": 5230.62,"Plan Rows": 1,"Plan Width": 32,"Actual Startup Time": 53.731,"Actual Total Time": 53.735,"Actual Rows": 1,"Actual Loops": 3,"Workers": [],"Plans": [{"Node Type": "Seq Scan","Parent Relationship": "Outer","Parallel Aware": true,"Async Capable": false,"Relation Name": "customer","Alias": "customer_1","Startup Cost": 0.00,"Total Cost": 5225.62,"Plan Rows": 1994,"Plan Width": 6,"Actual Startup Time": 0.079,"Actual Total Time": 52.659,"Actual Rows": 12687,"Actual Loops": 3,"Filter": "((c_acctbal > 0.00) AND (SUBSTRING(c_phone FROM 1 FOR 2) = ANY ('{17,13,32,31,26,25,21}'::text[])))","Rows Removed by Filter": 37313,"Workers": []}]}]}]},{"Node Type": "Gather Merge","Parent Relationship": "Outer","Parallel Aware": false,"Async Capable": false,"Startup Cost": 6741.22,"Total Cost": 6821.30,"Plan Rows": 620,"Plan Width": 72,"Actual Startup Time": 137.304,"Actual Total Time": 140.804,"Actual Rows": 21,"Actual Loops": 1,"Workers Planned": 2,"Params Evaluated": ["$1"],"Workers Launched": 2,"Plans": [{"Node Type": "Aggregate","Strategy": "Sorted","Partial Mode": "Partial","Parent Relationship": "Outer","Parallel Aware": false,"Async Capable": false,"Startup Cost": 5741.19,"Total Cost": 5749.72,"Plan Rows": 310,"Plan Width": 72,"Actual Startup Time": 70.524,"Actual Total Time": 70.820,"Actual Rows": 7,"Actual Loops": 3,"Group Key": ["(SUBSTRING(customer.c_phone FROM 1 FOR 2))"],"Workers": [],"Plans": [{"Node Type": "Sort","Parent Relationship": "Outer","Parallel Aware": false,"Async Capable": false,"Startup Cost": 5741.19,"Total Cost": 5741.97,"Plan Rows": 310,"Plan Width": 38,"Actual Startup Time": 70.456,"Actual Total Time": 70.536,"Actual Rows": 2094,"Actual Loops": 3,"Sort Key": ["(SUBSTRING(customer.c_phone FROM 1 FOR 2))"],"Sort Method": "quicksort","Sort Space Used": 233,"Sort Space Type": "Memory","Workers": [{"Worker Number": 0,"Sort Method": "quicksort","Sort Space Used": 152,"Sort Space Type": "Memory"},{"Worker Number": 1,"Sort Method": "quicksort","Sort Space Used": 152,"Sort Space Type": "Memory"}],"Plans": [{"Node Type": "Nested Loop","Parent Relationship": "Outer","Parallel Aware": false,"Async Capable": false,"Join Type": "Anti","Startup Cost": 0.43,"Total Cost": 5728.36,"Plan Rows": 310,"Plan Width": 38,"Actual Startup Time": 0.236,"Actual Total Time": 69.650,"Actual Rows": 2094,"Actual Loops": 3,"Inner Unique": false,"Workers": [],"Plans": [{"Node Type": "Seq Scan","Parent Relationship": "Outer","Parallel Aware": true,"Async Capable": false,"Relation Name": "customer","Alias": "customer","Startup Cost": 0.00,"Total Cost": 5225.62,"Plan Rows": 729,"Plan Width": 26,"Actual Startup Time": 0.043,"Actual Total Time": 45.740,"Actual Rows": 6333,"Actual Loops": 3,"Filter": "((c_acctbal > $1) AND (SUBSTRING(c_phone FROM 1 FOR 2) = ANY ('{17,13,32,31,26,25,21}'::text[])))","Rows Removed by Filter": 43667,"Workers": []},{"Node Type": "Index Only Scan","Parent Relationship": "Inner","Parallel Aware": false,"Async Capable": false,"Scan Direction": "Forward","Index Name": "idx_orders_custkey","Relation Name": "orders","Alias": "orders","Startup Cost": 0.43,"Total Cost": 3.28,"Plan Rows": 17,"Plan Width": 4,"Actual Startup Time": 0.003,"Actual Total Time": 0.003,"Actual Rows": 1,"Actual Loops": 18999,"Index Cond": "(o_custkey = customer.c_custkey)","Rows Removed by Index Recheck": 0,"Heap Fetches": 0,"Workers": []}]}]}]}]}]},"Planning Time": 4.532,"Triggers": [],"Execution Time": 141.355}]
[{"Plan": {"Node Type": "Aggregate","Strategy": "Sorted","Partial Mode": "Finalize","Parallel Aware": false,"Async Capable": false,"Startup Cost": 12972.06,"Total Cost": 13071.37,"Plan Rows": 744,"Plan Width": 72,"Actual Startup Time": 138.691,"Actual Total Time": 142.008,"Actual Rows": 7,"Actual Loops": 1,"Group Key": ["(SUBSTRING(customer.c_phone FROM 1 FOR 2))"],"Plans": [{"Node Type": "Aggregate","Strategy": "Plain","Partial Mode": "Finalize","Parent Relationship": "InitPlan","Subplan Name": "InitPlan 1 (returns $1)","Parallel Aware": false,"Async Capable": false,"Startup Cost": 6230.83,"Total Cost": 6230.84,"Plan Rows": 1,"Plan Width": 32,"Actual Startup Time": 59.765,"Actual Total Time": 59.945,"Actual Rows": 1,"Actual Loops": 1,"Plans": [{"Node Type": "Gather","Parent Relationship": "Outer","Parallel Aware": false,"Async Capable": false,"Startup Cost": 6230.61,"Total Cost": 6230.82,"Plan Rows": 2,"Plan Width": 32,"Actual Startup Time": 59.655,"Actual Total Time": 59.928,"Actual Rows": 3,"Actual Loops": 1,"Workers Planned": 2,"Workers Launched": 2,"Single Copy": false,"Plans": [{"Node Type": "Aggregate","Strategy": "Plain","Partial Mode": "Partial","Parent Relationship": "Outer","Parallel Aware": false,"Async Capable": false,"Startup Cost": 5230.61,"Total Cost": 5230.62,"Plan Rows": 1,"Plan Width": 32,"Actual Startup Time": 53.572,"Actual Total Time": 53.574,"Actual Rows": 1,"Actual Loops": 3,"Workers": [],"Plans": [{"Node Type": "Seq Scan","Parent Relationship": "Outer","Parallel Aware": true,"Async Capable": false,"Relation Name": "customer","Alias": "customer_1","Startup Cost": 0.00,"Total Cost": 5225.62,"Plan Rows": 1994,"Plan Width": 6,"Actual Startup Time": 0.063,"Actual Total Time": 52.515,"Actual Rows": 12804,"Actual Loops": 3,"Filter": "((c_acctbal > 0.00) AND (SUBSTRING(c_phone FROM 1 FOR 2) = ANY ('{18,17,19,20,32,13,33}'::text[])))","Rows Removed by Filter": 37196,"Workers": []}]}]}]},{"Node Type": "Gather Merge","Parent Relationship": "Outer","Parallel Aware": false,"Async Capable": false,"Startup Cost": 6741.22,"Total Cost": 6821.30,"Plan Rows": 620,"Plan Width": 72,"Actual Startup Time": 138.580,"Actual Total Time": 141.762,"Actual Rows": 21,"Actual Loops": 1,"Workers Planned": 2,"Params Evaluated": ["$1"],"Workers Launched": 2,"Plans": [{"Node Type": "Aggregate","Strategy": "Sorted","Partial Mode": "Partial","Parent Relationship": "Outer","Parallel Aware": false,"Async Capable": false,"Startup Cost": 5741.19,"Total Cost": 5749.72,"Plan Rows": 310,"Plan Width": 72,"Actual Startup Time": 71.840,"Actual Total Time": 72.147,"Actual Rows": 7,"Actual Loops": 3,"Group Key": ["(SUBSTRING(customer.c_phone FROM 1 FOR 2))"],"Workers": [],"Plans": [{"Node Type": "Sort","Parent Relationship": "Outer","Parallel Aware": false,"Async Capable": false,"Startup Cost": 5741.19,"Total Cost": 5741.97,"Plan Rows": 310,"Plan Width": 38,"Actual Startup Time": 71.772,"Actual Total Time": 71.850,"Actual Rows": 2152,"Actual Loops": 3,"Sort Key": ["(SUBSTRING(customer.c_phone FROM 1 FOR 2))"],"Sort Method": "quicksort","Sort Space Used": 233,"Sort Space Type": "Memory","Workers": [{"Worker Number": 0,"Sort Method": "quicksort","Sort Space Used": 152,"Sort Space Type": "Memory"},{"Worker Number": 1,"Sort Method": "quicksort","Sort Space Used": 209,"Sort Space Type": "Memory"}],"Plans": [{"Node Type": "Nested Loop","Parent Relationship": "Outer","Parallel Aware": false,"Async Capable": false,"Join Type": "Anti","Startup Cost": 0.43,"Total Cost": 5728.36,"Plan Rows": 310,"Plan Width": 38,"Actual Startup Time": 0.201,"Actual Total Time": 70.948,"Actual Rows": 2152,"Actual Loops": 3,"Inner Unique": false,"Workers": [],"Plans": [{"Node Type": "Seq Scan","Parent Relationship": "Outer","Parallel Aware": true,"Async Capable": false,"Relation Name": "customer","Alias": "customer","Startup Cost": 0.00,"Total Cost": 5225.62,"Plan Rows": 729,"Plan Width": 26,"Actual Startup Time": 0.042,"Actual Total Time": 46.516,"Actual Rows": 6396,"Actual Loops": 3,"Filter": "((c_acctbal > $1) AND (SUBSTRING(c_phone FROM 1 FOR 2) = ANY ('{18,17,19,20,32,13,33}'::text[])))","Rows Removed by Filter": 43604,"Workers": []},{"Node Type": "Index Only Scan","Parent Relationship": "Inner","Parallel Aware": false,"Async Capable": false,"Scan Direction": "Forward","Index Name": "idx_orders_custkey","Relation Name": "orders","Alias": "orders","Startup Cost": 0.43,"Total Cost": 3.28,"Plan Rows": 17,"Plan Width": 4,"Actual Startup Time": 0.003,"Actual Total Time": 0.003,"Actual Rows": 1,"Actual Loops": 19189,"Index Cond": "(o_custkey = customer.c_custkey)","Rows Removed by Index Recheck": 0,"Heap Fetches": 0,"Workers": []}]}]}]}]}]},"Planning Time": 4.954,"Triggers": [],"Execution Time": 142.460}]
[{"Plan": {"Node Type": "Aggregate","Strategy": "Sorted","Partial Mode": "Finalize","Parallel Aware": false,"Async Capable": false,"Startup Cost": 12972.06,"Total Cost": 13071.37,"Plan Rows": 744,"Plan Width": 72,"Actual Startup Time": 136.876,"Actual Total Time": 140.330,"Actual Rows": 7,"Actual Loops": 1,"Group Key": ["(SUBSTRING(customer.c_phone FROM 1 FOR 2))"],"Plans": [{"Node Type": "Aggregate","Strategy": "Plain","Partial Mode": "Finalize","Parent Relationship": "InitPlan","Subplan Name": "InitPlan 1 (returns $1)","Parallel Aware": false,"Async Capable": false,"Startup Cost": 6230.83,"Total Cost": 6230.84,"Plan Rows": 1,"Plan Width": 32,"Actual Startup Time": 59.583,"Actual Total Time": 59.765,"Actual Rows": 1,"Actual Loops": 1,"Plans": [{"Node Type": "Gather","Parent Relationship": "Outer","Parallel Aware": false,"Async Capable": false,"Startup Cost": 6230.61,"Total Cost": 6230.82,"Plan Rows": 2,"Plan Width": 32,"Actual Startup Time": 59.487,"Actual Total Time": 59.745,"Actual Rows": 3,"Actual Loops": 1,"Workers Planned": 2,"Workers Launched": 2,"Single Copy": false,"Plans": [{"Node Type": "Aggregate","Strategy": "Plain","Partial Mode": "Partial","Parent Relationship": "Outer","Parallel Aware": false,"Async Capable": false,"Startup Cost": 5230.61,"Total Cost": 5230.62,"Plan Rows": 1,"Plan Width": 32,"Actual Startup Time": 53.385,"Actual Total Time": 53.387,"Actual Rows": 1,"Actual Loops": 3,"Workers": [],"Plans": [{"Node Type": "Seq Scan","Parent Relationship": "Outer","Parallel Aware": true,"Async Capable": false,"Relation Name": "customer","Alias": "customer_1","Startup Cost": 0.00,"Total Cost": 5225.62,"Plan Rows": 1994,"Plan Width": 6,"Actual Startup Time": 0.051,"Actual Total Time": 52.305,"Actual Rows": 12638,"Actual Loops": 3,"Filter": "((c_acctbal > 0.00) AND (SUBSTRING(c_phone FROM 1 FOR 2) = ANY ('{31,17,20,30,23,15,14}'::text[])))","Rows Removed by Filter": 37362,"Workers": []}]}]}]},{"Node Type": "Gather Merge","Parent Relationship": "Outer","Parallel Aware": false,"Async Capable": false,"Startup Cost": 6741.22,"Total Cost": 6821.30,"Plan Rows": 620,"Plan Width": 72,"Actual Startup Time": 136.757,"Actual Total Time": 140.102,"Actual Rows": 21,"Actual Loops": 1,"Workers Planned": 2,"Params Evaluated": ["$1"],"Workers Launched": 2,"Plans": [{"Node Type": "Aggregate","Strategy": "Sorted","Partial Mode": "Partial","Parent Relationship": "Outer","Parallel Aware": false,"Async Capable": false,"Startup Cost": 5741.19,"Total Cost": 5749.72,"Plan Rows": 310,"Plan Width": 72,"Actual Startup Time": 70.430,"Actual Total Time": 70.731,"Actual Rows": 7,"Actual Loops": 3,"Group Key": ["(SUBSTRING(customer.c_phone FROM 1 FOR 2))"],"Workers": [],"Plans": [{"Node Type": "Sort","Parent Relationship": "Outer","Parallel Aware": false,"Async Capable": false,"Startup Cost": 5741.19,"Total Cost": 5741.97,"Plan Rows": 310,"Plan Width": 38,"Actual Startup Time": 70.355,"Actual Total Time": 70.437,"Actual Rows": 2120,"Actual Loops": 3,"Sort Key": ["(SUBSTRING(customer.c_phone FROM 1 FOR 2))"],"Sort Method": "quicksort","Sort Space Used": 231,"Sort Space Type": "Memory","Workers": [{"Worker Number": 0,"Sort Method": "quicksort","Sort Space Used": 153,"Sort Space Type": "Memory"},{"Worker Number": 1,"Sort Method": "quicksort","Sort Space Used": 156,"Sort Space Type": "Memory"}],"Plans": [{"Node Type": "Nested Loop","Parent Relationship": "Outer","Parallel Aware": false,"Async Capable": false,"Join Type": "Anti","Startup Cost": 0.43,"Total Cost": 5728.36,"Plan Rows": 310,"Plan Width": 38,"Actual Startup Time": 0.189,"Actual Total Time": 69.547,"Actual Rows": 2120,"Actual Loops": 3,"Inner Unique": false,"Workers": [],"Plans": [{"Node Type": "Seq Scan","Parent Relationship": "Outer","Parallel Aware": true,"Async Capable": false,"Relation Name": "customer","Alias": "customer","Startup Cost": 0.00,"Total Cost": 5225.62,"Plan Rows": 729,"Plan Width": 26,"Actual Startup Time": 0.040,"Actual Total Time": 45.600,"Actual Rows": 6306,"Actual Loops": 3,"Filter": "((c_acctbal > $1) AND (SUBSTRING(c_phone FROM 1 FOR 2) = ANY ('{31,17,20,30,23,15,14}'::text[])))","Rows Removed by Filter": 43694,"Workers": []},{"Node Type": "Index Only Scan","Parent Relationship": "Inner","Parallel Aware": false,"Async Capable": false,"Scan Direction": "Forward","Index Name": "idx_orders_custkey","Relation Name": "orders","Alias": "orders","Startup Cost": 0.43,"Total Cost": 3.28,"Plan Rows": 17,"Plan Width": 4,"Actual Startup Time": 0.003,"Actual Total Time": 0.003,"Actual Rows": 1,"Actual Loops": 18917,"Index Cond": "(o_custkey = customer.c_custkey)","Rows Removed by Index Recheck": 0,"Heap Fetches": 0,"Workers": []}]}]}]}]}]},"Planning Time": 4.744,"Triggers": [],"Execution Time": 140.634}]
[{"Plan": {"Node Type": "Aggregate","Strategy": "Sorted","Partial Mode": "Finalize","Parallel Aware": false,"Async Capable": false,"Startup Cost": 12972.06,"Total Cost": 13071.37,"Plan Rows": 744,"Plan Width": 72,"Actual Startup Time": 139.390,"Actual Total Time": 142.833,"Actual Rows": 7,"Actual Loops": 1,"Group Key": ["(SUBSTRING(customer.c_phone FROM 1 FOR 2))"],"Plans": [{"Node Type": "Aggregate","Strategy": "Plain","Partial Mode": "Finalize","Parent Relationship": "InitPlan","Subplan Name": "InitPlan 1 (returns $1)","Parallel Aware": false,"Async Capable": false,"Startup Cost": 6230.83,"Total Cost": 6230.84,"Plan Rows": 1,"Plan Width": 32,"Actual Startup Time": 60.394,"Actual Total Time": 60.570,"Actual Rows": 1,"Actual Loops": 1,"Plans": [{"Node Type": "Gather","Parent Relationship": "Outer","Parallel Aware": false,"Async Capable": false,"Startup Cost": 6230.61,"Total Cost": 6230.82,"Plan Rows": 2,"Plan Width": 32,"Actual Startup Time": 60.274,"Actual Total Time": 60.546,"Actual Rows": 3,"Actual Loops": 1,"Workers Planned": 2,"Workers Launched": 2,"Single Copy": false,"Plans": [{"Node Type": "Aggregate","Strategy": "Plain","Partial Mode": "Partial","Parent Relationship": "Outer","Parallel Aware": false,"Async Capable": false,"Startup Cost": 5230.61,"Total Cost": 5230.62,"Plan Rows": 1,"Plan Width": 32,"Actual Startup Time": 54.113,"Actual Total Time": 54.115,"Actual Rows": 1,"Actual Loops": 3,"Workers": [],"Plans": [{"Node Type": "Seq Scan","Parent Relationship": "Outer","Parallel Aware": true,"Async Capable": false,"Relation Name": "customer","Alias": "customer_1","Startup Cost": 0.00,"Total Cost": 5225.62,"Plan Rows": 1994,"Plan Width": 6,"Actual Startup Time": 0.059,"Actual Total Time": 53.057,"Actual Rows": 12748,"Actual Loops": 3,"Filter": "((c_acctbal > 0.00) AND (SUBSTRING(c_phone FROM 1 FOR 2) = ANY ('{31,29,10,24,33,28,11}'::text[])))","Rows Removed by Filter": 37252,"Workers": []}]}]}]},{"Node Type": "Gather Merge","Parent Relationship": "Outer","Parallel Aware": false,"Async Capable": false,"Startup Cost": 6741.22,"Total Cost": 6821.30,"Plan Rows": 620,"Plan Width": 72,"Actual Startup Time": 139.242,"Actual Total Time": 142.565,"Actual Rows": 21,"Actual Loops": 1,"Workers Planned": 2,"Params Evaluated": ["$1"],"Workers Launched": 2,"Plans": [{"Node Type": "Aggregate","Strategy": "Sorted","Partial Mode": "Partial","Parent Relationship": "Outer","Parallel Aware": false,"Async Capable": false,"Startup Cost": 5741.19,"Total Cost": 5749.72,"Plan Rows": 310,"Plan Width": 72,"Actual Startup Time": 71.938,"Actual Total Time": 72.235,"Actual Rows": 7,"Actual Loops": 3,"Group Key": ["(SUBSTRING(customer.c_phone FROM 1 FOR 2))"],"Workers": [],"Plans": [{"Node Type": "Sort","Parent Relationship": "Outer","Parallel Aware": false,"Async Capable": false,"Startup Cost": 5741.19,"Total Cost": 5741.97,"Plan Rows": 310,"Plan Width": 38,"Actual Startup Time": 71.865,"Actual Total Time": 71.943,"Actual Rows": 2144,"Actual Loops": 3,"Sort Key": ["(SUBSTRING(customer.c_phone FROM 1 FOR 2))"],"Sort Method": "quicksort","Sort Space Used": 236,"Sort Space Type": "Memory","Workers": [{"Worker Number": 0,"Sort Method": "quicksort","Sort Space Used": 150,"Sort Space Type": "Memory"},{"Worker Number": 1,"Sort Method": "quicksort","Sort Space Used": 159,"Sort Space Type": "Memory"}],"Plans": [{"Node Type": "Nested Loop","Parent Relationship": "Outer","Parallel Aware": false,"Async Capable": false,"Join Type": "Anti","Startup Cost": 0.43,"Total Cost": 5728.36,"Plan Rows": 310,"Plan Width": 38,"Actual Startup Time": 0.190,"Actual Total Time": 71.042,"Actual Rows": 2144,"Actual Loops": 3,"Inner Unique": false,"Workers": [],"Plans": [{"Node Type": "Seq Scan","Parent Relationship": "Outer","Parallel Aware": true,"Async Capable": false,"Relation Name": "customer","Alias": "customer","Startup Cost": 0.00,"Total Cost": 5225.62,"Plan Rows": 729,"Plan Width": 26,"Actual Startup Time": 0.043,"Actual Total Time": 46.606,"Actual Rows": 6365,"Actual Loops": 3,"Filter": "((c_acctbal > $1) AND (SUBSTRING(c_phone FROM 1 FOR 2) = ANY ('{31,29,10,24,33,28,11}'::text[])))","Rows Removed by Filter": 43635,"Workers": []},{"Node Type": "Index Only Scan","Parent Relationship": "Inner","Parallel Aware": false,"Async Capable": false,"Scan Direction": "Forward","Index Name": "idx_orders_custkey","Relation Name": "orders","Alias": "orders","Startup Cost": 0.43,"Total Cost": 3.28,"Plan Rows": 17,"Plan Width": 4,"Actual Startup Time": 0.003,"Actual Total Time": 0.003,"Actual Rows": 1,"Actual Loops": 19094,"Index Cond": "(o_custkey = customer.c_custkey)","Rows Removed by Index Recheck": 0,"Heap Fetches": 0,"Workers": []}]}]}]}]}]},"Planning Time": 4.581,"Triggers": [],"Execution Time": 143.259}]
[{"Plan": {"Node Type": "Aggregate","Strategy": "Sorted","Partial Mode": "Finalize","Parallel Aware": false,"Async Capable": false,"Startup Cost": 12972.06,"Total Cost": 13071.37,"Plan Rows": 744,"Plan Width": 72,"Actual Startup Time": 132.406,"Actual Total Time": 138.170,"Actual Rows": 7,"Actual Loops": 1,"Group Key": ["(SUBSTRING(customer.c_phone FROM 1 FOR 2))"],"Plans": [{"Node Type": "Aggregate","Strategy": "Plain","Partial Mode": "Finalize","Parent Relationship": "InitPlan","Subplan Name": "InitPlan 1 (returns $1)","Parallel Aware": false,"Async Capable": false,"Startup Cost": 6230.83,"Total Cost": 6230.84,"Plan Rows": 1,"Plan Width": 32,"Actual Startup Time": 61.289,"Actual Total Time": 61.528,"Actual Rows": 1,"Actual Loops": 1,"Plans": [{"Node Type": "Gather","Parent Relationship": "Outer","Parallel Aware": false,"Async Capable": false,"Startup Cost": 6230.61,"Total Cost": 6230.82,"Plan Rows": 2,"Plan Width": 32,"Actual Startup Time": 61.169,"Actual Total Time": 61.513,"Actual Rows": 3,"Actual Loops": 1,"Workers Planned": 2,"Workers Launched": 2,"Single Copy": false,"Plans": [{"Node Type": "Aggregate","Strategy": "Plain","Partial Mode": "Partial","Parent Relationship": "Outer","Parallel Aware": false,"Async Capable": false,"Startup Cost": 5230.61,"Total Cost": 5230.62,"Plan Rows": 1,"Plan Width": 32,"Actual Startup Time": 54.961,"Actual Total Time": 54.963,"Actual Rows": 1,"Actual Loops": 3,"Workers": [],"Plans": [{"Node Type": "Seq Scan","Parent Relationship": "Outer","Parallel Aware": true,"Async Capable": false,"Relation Name": "customer","Alias": "customer_1","Startup Cost": 0.00,"Total Cost": 5225.62,"Plan Rows": 1994,"Plan Width": 6,"Actual Startup Time": 0.062,"Actual Total Time": 53.877,"Actual Rows": 12742,"Actual Loops": 3,"Filter": "((c_acctbal > 0.00) AND (SUBSTRING(c_phone FROM 1 FOR 2) = ANY ('{29,20,16,12,32,15,30}'::text[])))","Rows Removed by Filter": 37258,"Workers": []}]}]}]},{"Node Type": "Gather Merge","Parent Relationship": "Outer","Parallel Aware": false,"Async Capable": false,"Startup Cost": 6741.22,"Total Cost": 6821.30,"Plan Rows": 620,"Plan Width": 72,"Actual Startup Time": 132.304,"Actual Total Time": 137.881,"Actual Rows": 21,"Actual Loops": 1,"Workers Planned": 2,"Params Evaluated": ["$1"],"Workers Launched": 2,"Plans": [{"Node Type": "Aggregate","Strategy": "Sorted","Partial Mode": "Partial","Parent Relationship": "Outer","Parallel Aware": false,"Async Capable": false,"Startup Cost": 5741.19,"Total Cost": 5749.72,"Plan Rows": 310,"Plan Width": 72,"Actual Startup Time": 64.148,"Actual Total Time": 64.456,"Actual Rows": 7,"Actual Loops": 3,"Group Key": ["(SUBSTRING(customer.c_phone FROM 1 FOR 2))"],"Workers": [],"Plans": [{"Node Type": "Sort","Parent Relationship": "Outer","Parallel Aware": false,"Async Capable": false,"Startup Cost": 5741.19,"Total Cost": 5741.97,"Plan Rows": 310,"Plan Width": 38,"Actual Startup Time": 64.073,"Actual Total Time": 64.159,"Actual Rows": 2113,"Actual Loops": 3,"Sort Key": ["(SUBSTRING(customer.c_phone FROM 1 FOR 2))"],"Sort Method": "quicksort","Sort Space Used": 232,"Sort Space Type": "Memory","Workers": [{"Worker Number": 0,"Sort Method": "quicksort","Sort Space Used": 153,"Sort Space Type": "Memory"},{"Worker Number": 1,"Sort Method": "quicksort","Sort Space Used": 154,"Sort Space Type": "Memory"}],"Plans": [{"Node Type": "Nested Loop","Parent Relationship": "Outer","Parallel Aware": false,"Async Capable": false,"Join Type": "Anti","Startup Cost": 0.43,"Total Cost": 5728.36,"Plan Rows": 310,"Plan Width": 38,"Actual Startup Time": 0.246,"Actual Total Time": 63.260,"Actual Rows": 2113,"Actual Loops": 3,"Inner Unique": false,"Workers": [],"Plans": [{"Node Type": "Seq Scan","Parent Relationship": "Outer","Parallel Aware": true,"Async Capable": false,"Relation Name": "customer","Alias": "customer","Startup Cost": 0.00,"Total Cost": 5225.62,"Plan Rows": 729,"Plan Width": 26,"Actual Startup Time": 0.050,"Actual Total Time": 42.723,"Actual Rows": 6369,"Actual Loops": 3,"Filter": "((c_acctbal > $1) AND (SUBSTRING(c_phone FROM 1 FOR 2) = ANY ('{29,20,16,12,32,15,30}'::text[])))","Rows Removed by Filter": 43631,"Workers": []},{"Node Type": "Index Only Scan","Parent Relationship": "Inner","Parallel Aware": false,"Async Capable": false,"Scan Direction": "Forward","Index Name": "idx_orders_custkey","Relation Name": "orders","Alias": "orders","Startup Cost": 0.43,"Total Cost": 3.28,"Plan Rows": 17,"Plan Width": 4,"Actual Startup Time": 0.003,"Actual Total Time": 0.003,"Actual Rows": 1,"Actual Loops": 19108,"Index Cond": "(o_custkey = customer.c_custkey)","Rows Removed by Index Recheck": 0,"Heap Fetches": 0,"Workers": []}]}]}]}]}]},"Planning Time": 4.431,"Triggers": [],"Execution Time": 138.702}]
[{"Plan": {"Node Type": "Aggregate","Strategy": "Sorted","Partial Mode": "Finalize","Parallel Aware": false,"Async Capable": false,"Startup Cost": 12972.06,"Total Cost": 13071.37,"Plan Rows": 744,"Plan Width": 72,"Actual Startup Time": 134.886,"Actual Total Time": 138.527,"Actual Rows": 7,"Actual Loops": 1,"Group Key": ["(SUBSTRING(customer.c_phone FROM 1 FOR 2))"],"Plans": [{"Node Type": "Aggregate","Strategy": "Plain","Partial Mode": "Finalize","Parent Relationship": "InitPlan","Subplan Name": "InitPlan 1 (returns $1)","Parallel Aware": false,"Async Capable": false,"Startup Cost": 6230.83,"Total Cost": 6230.84,"Plan Rows": 1,"Plan Width": 32,"Actual Startup Time": 58.877,"Actual Total Time": 59.108,"Actual Rows": 1,"Actual Loops": 1,"Plans": [{"Node Type": "Gather","Parent Relationship": "Outer","Parallel Aware": false,"Async Capable": false,"Startup Cost": 6230.61,"Total Cost": 6230.82,"Plan Rows": 2,"Plan Width": 32,"Actual Startup Time": 58.795,"Actual Total Time": 59.090,"Actual Rows": 3,"Actual Loops": 1,"Workers Planned": 2,"Workers Launched": 2,"Single Copy": false,"Plans": [{"Node Type": "Aggregate","Strategy": "Plain","Partial Mode": "Partial","Parent Relationship": "Outer","Parallel Aware": false,"Async Capable": false,"Startup Cost": 5230.61,"Total Cost": 5230.62,"Plan Rows": 1,"Plan Width": 32,"Actual Startup Time": 53.046,"Actual Total Time": 53.047,"Actual Rows": 1,"Actual Loops": 3,"Workers": [],"Plans": [{"Node Type": "Seq Scan","Parent Relationship": "Outer","Parallel Aware": true,"Async Capable": false,"Relation Name": "customer","Alias": "customer_1","Startup Cost": 0.00,"Total Cost": 5225.62,"Plan Rows": 1994,"Plan Width": 6,"Actual Startup Time": 0.038,"Actual Total Time": 51.999,"Actual Rows": 12671,"Actual Loops": 3,"Filter": "((c_acctbal > 0.00) AND (SUBSTRING(c_phone FROM 1 FOR 2) = ANY ('{11,20,34,30,24,21,28}'::text[])))","Rows Removed by Filter": 37329,"Workers": []}]}]}]},{"Node Type": "Gather Merge","Parent Relationship": "Outer","Parallel Aware": false,"Async Capable": false,"Startup Cost": 6741.22,"Total Cost": 6821.30,"Plan Rows": 620,"Plan Width": 72,"Actual Startup Time": 134.781,"Actual Total Time": 138.244,"Actual Rows": 21,"Actual Loops": 1,"Workers Planned": 2,"Params Evaluated": ["$1"],"Workers Launched": 2,"Plans": [{"Node Type": "Aggregate","Strategy": "Sorted","Partial Mode": "Partial","Parent Relationship": "Outer","Parallel Aware": false,"Async Capable": false,"Startup Cost": 5741.19,"Total Cost": 5749.72,"Plan Rows": 310,"Plan Width": 72,"Actual Startup Time": 69.265,"Actual Total Time": 69.570,"Actual Rows": 7,"Actual Loops": 3,"Group Key": ["(SUBSTRING(customer.c_phone FROM 1 FOR 2))"],"Workers": [],"Plans": [{"Node Type": "Sort","Parent Relationship": "Outer","Parallel Aware": false,"Async Capable": false,"Startup Cost": 5741.19,"Total Cost": 5741.97,"Plan Rows": 310,"Plan Width": 38,"Actual Startup Time": 69.196,"Actual Total Time": 69.279,"Actual Rows": 2150,"Actual Loops": 3,"Sort Key": ["(SUBSTRING(customer.c_phone FROM 1 FOR 2))"],"Sort Method": "quicksort","Sort Space Used": 237,"Sort Space Type": "Memory","Workers": [{"Worker Number": 0,"Sort Method": "quicksort","Sort Space Used": 157,"Sort Space Type": "Memory"},{"Worker Number": 1,"Sort Method": "quicksort","Sort Space Used": 152,"Sort Space Type": "Memory"}],"Plans": [{"Node Type": "Nested Loop","Parent Relationship": "Outer","Parallel Aware": false,"Async Capable": false,"Join Type": "Anti","Startup Cost": 0.43,"Total Cost": 5728.36,"Plan Rows": 310,"Plan Width": 38,"Actual Startup Time": 0.116,"Actual Total Time": 68.393,"Actual Rows": 2150,"Actual Loops": 3,"Inner Unique": false,"Workers": [],"Plans": [{"Node Type": "Seq Scan","Parent Relationship": "Outer","Parallel Aware": true,"Async Capable": false,"Relation Name": "customer","Alias": "customer","Startup Cost": 0.00,"Total Cost": 5225.62,"Plan Rows": 729,"Plan Width": 26,"Actual Startup Time": 0.033,"Actual Total Time": 45.186,"Actual Rows": 6341,"Actual Loops": 3,"Filter": "((c_acctbal > $1) AND (SUBSTRING(c_phone FROM 1 FOR 2) = ANY ('{11,20,34,30,24,21,28}'::text[])))","Rows Removed by Filter": 43659,"Workers": []},{"Node Type": "Index Only Scan","Parent Relationship": "Inner","Parallel Aware": false,"Async Capable": false,"Scan Direction": "Forward","Index Name": "idx_orders_custkey","Relation Name": "orders","Alias": "orders","Startup Cost": 0.43,"Total Cost": 3.28,"Plan Rows": 17,"Plan Width": 4,"Actual Startup Time": 0.003,"Actual Total Time": 0.003,"Actual Rows": 1,"Actual Loops": 19022,"Index Cond": "(o_custkey = customer.c_custkey)","Rows Removed by Index Recheck": 0,"Heap Fetches": 0,"Workers": []}]}]}]}]}]},"Planning Time": 4.141,"Triggers": [],"Execution Time": 138.848}]
[{"Plan": {"Node Type": "Aggregate","Strategy": "Sorted","Partial Mode": "Finalize","Parallel Aware": false,"Async Capable": false,"Startup Cost": 12972.06,"Total Cost": 13071.37,"Plan Rows": 744,"Plan Width": 72,"Actual Startup Time": 137.063,"Actual Total Time": 140.533,"Actual Rows": 7,"Actual Loops": 1,"Group Key": ["(SUBSTRING(customer.c_phone FROM 1 FOR 2))"],"Plans": [{"Node Type": "Aggregate","Strategy": "Plain","Partial Mode": "Finalize","Parent Relationship": "InitPlan","Subplan Name": "InitPlan 1 (returns $1)","Parallel Aware": false,"Async Capable": false,"Startup Cost": 6230.83,"Total Cost": 6230.84,"Plan Rows": 1,"Plan Width": 32,"Actual Startup Time": 59.460,"Actual Total Time": 59.640,"Actual Rows": 1,"Actual Loops": 1,"Plans": [{"Node Type": "Gather","Parent Relationship": "Outer","Parallel Aware": false,"Async Capable": false,"Startup Cost": 6230.61,"Total Cost": 6230.82,"Plan Rows": 2,"Plan Width": 32,"Actual Startup Time": 59.370,"Actual Total Time": 59.623,"Actual Rows": 3,"Actual Loops": 1,"Workers Planned": 2,"Workers Launched": 2,"Single Copy": false,"Plans": [{"Node Type": "Aggregate","Strategy": "Plain","Partial Mode": "Partial","Parent Relationship": "Outer","Parallel Aware": false,"Async Capable": false,"Startup Cost": 5230.61,"Total Cost": 5230.62,"Plan Rows": 1,"Plan Width": 32,"Actual Startup Time": 53.322,"Actual Total Time": 53.325,"Actual Rows": 1,"Actual Loops": 3,"Workers": [],"Plans": [{"Node Type": "Seq Scan","Parent Relationship": "Outer","Parallel Aware": true,"Async Capable": false,"Relation Name": "customer","Alias": "customer_1","Startup Cost": 0.00,"Total Cost": 5225.62,"Plan Rows": 1994,"Plan Width": 6,"Actual Startup Time": 0.066,"Actual Total Time": 52.253,"Actual Rows": 12707,"Actual Loops": 3,"Filter": "((c_acctbal > 0.00) AND (SUBSTRING(c_phone FROM 1 FOR 2) = ANY ('{14,17,29,23,22,11,20}'::text[])))","Rows Removed by Filter": 37293,"Workers": []}]}]}]},{"Node Type": "Gather Merge","Parent Relationship": "Outer","Parallel Aware": false,"Async Capable": false,"Startup Cost": 6741.22,"Total Cost": 6821.30,"Plan Rows": 620,"Plan Width": 72,"Actual Startup Time": 136.942,"Actual Total Time": 140.288,"Actual Rows": 21,"Actual Loops": 1,"Workers Planned": 2,"Params Evaluated": ["$1"],"Workers Launched": 2,"Plans": [{"Node Type": "Aggregate","Strategy": "Sorted","Partial Mode": "Partial","Parent Relationship": "Outer","Parallel Aware": false,"Async Capable": false,"Startup Cost": 5741.19,"Total Cost": 5749.72,"Plan Rows": 310,"Plan Width": 72,"Actual Startup Time": 70.860,"Actual Total Time": 71.154,"Actual Rows": 7,"Actual Loops": 3,"Group Key": ["(SUBSTRING(customer.c_phone FROM 1 FOR 2))"],"Workers": [],"Plans": [{"Node Type": "Sort","Parent Relationship": "Outer","Parallel Aware": false,"Async Capable": false,"Startup Cost": 5741.19,"Total Cost": 5741.97,"Plan Rows": 310,"Plan Width": 38,"Actual Startup Time": 70.790,"Actual Total Time": 70.868,"Actual Rows": 2123,"Actual Loops": 3,"Sort Key": ["(SUBSTRING(customer.c_phone FROM 1 FOR 2))"],"Sort Method": "quicksort","Sort Space Used": 229,"Sort Space Type": "Memory","Workers": [{"Worker Number": 0,"Sort Method": "quicksort","Sort Space Used": 155,"Sort Space Type": "Memory"},{"Worker Number": 1,"Sort Method": "quicksort","Sort Space Used": 157,"Sort Space Type": "Memory"}],"Plans": [{"Node Type": "Nested Loop","Parent Relationship": "Outer","Parallel Aware": false,"Async Capable": false,"Join Type": "Anti","Startup Cost": 0.43,"Total Cost": 5728.36,"Plan Rows": 310,"Plan Width": 38,"Actual Startup Time": 0.204,"Actual Total Time": 69.969,"Actual Rows": 2123,"Actual Loops": 3,"Inner Unique": false,"Workers": [],"Plans": [{"Node Type": "Seq Scan","Parent Relationship": "Outer","Parallel Aware": true,"Async Capable": false,"Relation Name": "customer","Alias": "customer","Startup Cost": 0.00,"Total Cost": 5225.62,"Plan Rows": 729,"Plan Width": 26,"Actual Startup Time": 0.049,"Actual Total Time": 46.019,"Actual Rows": 6352,"Actual Loops": 3,"Filter": "((c_acctbal > $1) AND (SUBSTRING(c_phone FROM 1 FOR 2) = ANY ('{14,17,29,23,22,11,20}'::text[])))","Rows Removed by Filter": 43648,"Workers": []},{"Node Type": "Index Only Scan","Parent Relationship": "Inner","Parallel Aware": false,"Async Capable": false,"Scan Direction": "Forward","Index Name": "idx_orders_custkey","Relation Name": "orders","Alias": "orders","Startup Cost": 0.43,"Total Cost": 3.28,"Plan Rows": 17,"Plan Width": 4,"Actual Startup Time": 0.003,"Actual Total Time": 0.003,"Actual Rows": 1,"Actual Loops": 19055,"Index Cond": "(o_custkey = customer.c_custkey)","Rows Removed by Index Recheck": 0,"Heap Fetches": 0,"Workers": []}]}]}]}]}]},"Planning Time": 4.731,"Triggers": [],"Execution Time": 140.875}]
[{"Plan": {"Node Type": "Aggregate","Strategy": "Sorted","Partial Mode": "Finalize","Parallel Aware": false,"Async Capable": false,"Startup Cost": 12972.06,"Total Cost": 13071.37,"Plan Rows": 744,"Plan Width": 72,"Actual Startup Time": 137.584,"Actual Total Time": 141.472,"Actual Rows": 7,"Actual Loops": 1,"Group Key": ["(SUBSTRING(customer.c_phone FROM 1 FOR 2))"],"Plans": [{"Node Type": "Aggregate","Strategy": "Plain","Partial Mode": "Finalize","Parent Relationship": "InitPlan","Subplan Name": "InitPlan 1 (returns $1)","Parallel Aware": false,"Async Capable": false,"Startup Cost": 6230.83,"Total Cost": 6230.84,"Plan Rows": 1,"Plan Width": 32,"Actual Startup Time": 60.780,"Actual Total Time": 60.984,"Actual Rows": 1,"Actual Loops": 1,"Plans": [{"Node Type": "Gather","Parent Relationship": "Outer","Parallel Aware": false,"Async Capable": false,"Startup Cost": 6230.61,"Total Cost": 6230.82,"Plan Rows": 2,"Plan Width": 32,"Actual Startup Time": 60.690,"Actual Total Time": 60.967,"Actual Rows": 3,"Actual Loops": 1,"Workers Planned": 2,"Workers Launched": 2,"Single Copy": false,"Plans": [{"Node Type": "Aggregate","Strategy": "Plain","Partial Mode": "Partial","Parent Relationship": "Outer","Parallel Aware": false,"Async Capable": false,"Startup Cost": 5230.61,"Total Cost": 5230.62,"Plan Rows": 1,"Plan Width": 32,"Actual Startup Time": 54.784,"Actual Total Time": 54.786,"Actual Rows": 1,"Actual Loops": 3,"Workers": [],"Plans": [{"Node Type": "Seq Scan","Parent Relationship": "Outer","Parallel Aware": true,"Async Capable": false,"Relation Name": "customer","Alias": "customer_1","Startup Cost": 0.00,"Total Cost": 5225.62,"Plan Rows": 1994,"Plan Width": 6,"Actual Startup Time": 0.050,"Actual Total Time": 53.688,"Actual Rows": 12818,"Actual Loops": 3,"Filter": "((c_acctbal > 0.00) AND (SUBSTRING(c_phone FROM 1 FOR 2) = ANY ('{16,19,20,26,32,13,14}'::text[])))","Rows Removed by Filter": 37182,"Workers": []}]}]}]},{"Node Type": "Gather Merge","Parent Relationship": "Outer","Parallel Aware": false,"Async Capable": false,"Startup Cost": 6741.22,"Total Cost": 6821.30,"Plan Rows": 620,"Plan Width": 72,"Actual Startup Time": 137.460,"Actual Total Time": 141.194,"Actual Rows": 21,"Actual Loops": 1,"Workers Planned": 2,"Params Evaluated": ["$1"],"Workers Launched": 2,"Plans": [{"Node Type": "Aggregate","Strategy": "Sorted","Partial Mode": "Partial","Parent Relationship": "Outer","Parallel Aware": false,"Async Capable": false,"Startup Cost": 5741.19,"Total Cost": 5749.72,"Plan Rows": 310,"Plan Width": 72,"Actual Startup Time": 69.870,"Actual Total Time": 70.162,"Actual Rows": 7,"Actual Loops": 3,"Group Key": ["(SUBSTRING(customer.c_phone FROM 1 FOR 2))"],"Workers": [],"Plans": [{"Node Type": "Sort","Parent Relationship": "Outer","Parallel Aware": false,"Async Capable": false,"Startup Cost": 5741.19,"Total Cost": 5741.97,"Plan Rows": 310,"Plan Width": 38,"Actual Startup Time": 69.795,"Actual Total Time": 69.872,"Actual Rows": 2125,"Actual Loops": 3,"Sort Key": ["(SUBSTRING(customer.c_phone FROM 1 FOR 2))"],"Sort Method": "quicksort","Sort Space Used": 234,"Sort Space Type": "Memory","Workers": [{"Worker Number": 0,"Sort Method": "quicksort","Sort Space Used": 157,"Sort Space Type": "Memory"},{"Worker Number": 1,"Sort Method": "quicksort","Sort Space Used": 151,"Sort Space Type": "Memory"}],"Plans": [{"Node Type": "Nested Loop","Parent Relationship": "Outer","Parallel Aware": false,"Async Capable": false,"Join Type": "Anti","Startup Cost": 0.43,"Total Cost": 5728.36,"Plan Rows": 310,"Plan Width": 38,"Actual Startup Time": 0.132,"Actual Total Time": 69.009,"Actual Rows": 2125,"Actual Loops": 3,"Inner Unique": false,"Workers": [],"Plans": [{"Node Type": "Seq Scan","Parent Relationship": "Outer","Parallel Aware": true,"Async Capable": false,"Relation Name": "customer","Alias": "customer","Startup Cost": 0.00,"Total Cost": 5225.62,"Plan Rows": 729,"Plan Width": 26,"Actual Startup Time": 0.037,"Actual Total Time": 45.367,"Actual Rows": 6409,"Actual Loops": 3,"Filter": "((c_acctbal > $1) AND (SUBSTRING(c_phone FROM 1 FOR 2) = ANY ('{16,19,20,26,32,13,14}'::text[])))","Rows Removed by Filter": 43591,"Workers": []},{"Node Type": "Index Only Scan","Parent Relationship": "Inner","Parallel Aware": false,"Async Capable": false,"Scan Direction": "Forward","Index Name": "idx_orders_custkey","Relation Name": "orders","Alias": "orders","Startup Cost": 0.43,"Total Cost": 3.28,"Plan Rows": 17,"Plan Width": 4,"Actual Startup Time": 0.003,"Actual Total Time": 0.003,"Actual Rows": 1,"Actual Loops": 19228,"Index Cond": "(o_custkey = customer.c_custkey)","Rows Removed by Index Recheck": 0,"Heap Fetches": 0,"Workers": []}]}]}]}]}]},"Planning Time": 3.605,"Triggers": [],"Execution Time": 141.805}]
[{"Plan": {"Node Type": "Aggregate","Strategy": "Sorted","Partial Mode": "Finalize","Parallel Aware": false,"Async Capable": false,"Startup Cost": 12972.06,"Total Cost": 13071.37,"Plan Rows": 744,"Plan Width": 72,"Actual Startup Time": 133.099,"Actual Total Time": 137.198,"Actual Rows": 7,"Actual Loops": 1,"Group Key": ["(SUBSTRING(customer.c_phone FROM 1 FOR 2))"],"Plans": [{"Node Type": "Aggregate","Strategy": "Plain","Partial Mode": "Finalize","Parent Relationship": "InitPlan","Subplan Name": "InitPlan 1 (returns $1)","Parallel Aware": false,"Async Capable": false,"Startup Cost": 6230.83,"Total Cost": 6230.84,"Plan Rows": 1,"Plan Width": 32,"Actual Startup Time": 61.500,"Actual Total Time": 61.802,"Actual Rows": 1,"Actual Loops": 1,"Plans": [{"Node Type": "Gather","Parent Relationship": "Outer","Parallel Aware": false,"Async Capable": false,"Startup Cost": 6230.61,"Total Cost": 6230.82,"Plan Rows": 2,"Plan Width": 32,"Actual Startup Time": 61.392,"Actual Total Time": 61.783,"Actual Rows": 3,"Actual Loops": 1,"Workers Planned": 2,"Workers Launched": 2,"Single Copy": false,"Plans": [{"Node Type": "Aggregate","Strategy": "Plain","Partial Mode": "Partial","Parent Relationship": "Outer","Parallel Aware": false,"Async Capable": false,"Startup Cost": 5230.61,"Total Cost": 5230.62,"Plan Rows": 1,"Plan Width": 32,"Actual Startup Time": 55.374,"Actual Total Time": 55.377,"Actual Rows": 1,"Actual Loops": 3,"Workers": [],"Plans": [{"Node Type": "Seq Scan","Parent Relationship": "Outer","Parallel Aware": true,"Async Capable": false,"Relation Name": "customer","Alias": "customer_1","Startup Cost": 0.00,"Total Cost": 5225.62,"Plan Rows": 1994,"Plan Width": 6,"Actual Startup Time": 0.043,"Actual Total Time": 54.270,"Actual Rows": 12714,"Actual Loops": 3,"Filter": "((c_acctbal > 0.00) AND (SUBSTRING(c_phone FROM 1 FOR 2) = ANY ('{34,15,19,17,12,20,14}'::text[])))","Rows Removed by Filter": 37286,"Workers": []}]}]}]},{"Node Type": "Gather Merge","Parent Relationship": "Outer","Parallel Aware": false,"Async Capable": false,"Startup Cost": 6741.22,"Total Cost": 6821.30,"Plan Rows": 620,"Plan Width": 72,"Actual Startup Time": 132.995,"Actual Total Time": 136.845,"Actual Rows": 21,"Actual Loops": 1,"Workers Planned": 2,"Params Evaluated": ["$1"],"Workers Launched": 2,"Plans": [{"Node Type": "Aggregate","Strategy": "Sorted","Partial Mode": "Partial","Parent Relationship": "Outer","Parallel Aware": false,"Async Capable": false,"Startup Cost": 5741.19,"Total Cost": 5749.72,"Plan Rows": 310,"Plan Width": 72,"Actual Startup Time": 64.722,"Actual Total Time": 65.033,"Actual Rows": 7,"Actual Loops": 3,"Group Key": ["(SUBSTRING(customer.c_phone FROM 1 FOR 2))"],"Workers": [],"Plans": [{"Node Type": "Sort","Parent Relationship": "Outer","Parallel Aware": false,"Async Capable": false,"Startup Cost": 5741.19,"Total Cost": 5741.97,"Plan Rows": 310,"Plan Width": 38,"Actual Startup Time": 64.644,"Actual Total Time": 64.729,"Actual Rows": 2131,"Actual Loops": 3,"Sort Key": ["(SUBSTRING(customer.c_phone FROM 1 FOR 2))"],"Sort Method": "quicksort","Sort Space Used": 234,"Sort Space Type": "Memory","Workers": [{"Worker Number": 0,"Sort Method": "quicksort","Sort Space Used": 156,"Sort Space Type": "Memory"},{"Worker Number": 1,"Sort Method": "quicksort","Sort Space Used": 152,"Sort Space Type": "Memory"}],"Plans": [{"Node Type": "Nested Loop","Parent Relationship": "Outer","Parallel Aware": false,"Async Capable": false,"Join Type": "Anti","Startup Cost": 0.43,"Total Cost": 5728.36,"Plan Rows": 310,"Plan Width": 38,"Actual Startup Time": 0.110,"Actual Total Time": 63.820,"Actual Rows": 2131,"Actual Loops": 3,"Inner Unique": false,"Workers": [],"Plans": [{"Node Type": "Seq Scan","Parent Relationship": "Outer","Parallel Aware": true,"Async Capable": false,"Relation Name": "customer","Alias": "customer","Startup Cost": 0.00,"Total Cost": 5225.62,"Plan Rows": 729,"Plan Width": 26,"Actual Startup Time": 0.031,"Actual Total Time": 43.127,"Actual Rows": 6350,"Actual Loops": 3,"Filter": "((c_acctbal > $1) AND (SUBSTRING(c_phone FROM 1 FOR 2) = ANY ('{34,15,19,17,12,20,14}'::text[])))","Rows Removed by Filter": 43650,"Workers": []},{"Node Type": "Index Only Scan","Parent Relationship": "Inner","Parallel Aware": false,"Async Capable": false,"Scan Direction": "Forward","Index Name": "idx_orders_custkey","Relation Name": "orders","Alias": "orders","Startup Cost": 0.43,"Total Cost": 3.28,"Plan Rows": 17,"Plan Width": 4,"Actual Startup Time": 0.003,"Actual Total Time": 0.003,"Actual Rows": 1,"Actual Loops": 19049,"Index Cond": "(o_custkey = customer.c_custkey)","Rows Removed by Index Recheck": 0,"Heap Fetches": 0,"Workers": []}]}]}]}]}]},"Planning Time": 3.776,"Triggers": [],"Execution Time": 137.578}]
[{"Plan": {"Node Type": "Aggregate","Strategy": "Sorted","Partial Mode": "Finalize","Parallel Aware": false,"Async Capable": false,"Startup Cost": 12972.06,"Total Cost": 13071.37,"Plan Rows": 744,"Plan Width": 72,"Actual Startup Time": 134.159,"Actual Total Time": 137.996,"Actual Rows": 7,"Actual Loops": 1,"Group Key": ["(SUBSTRING(customer.c_phone FROM 1 FOR 2))"],"Plans": [{"Node Type": "Aggregate","Strategy": "Plain","Partial Mode": "Finalize","Parent Relationship": "InitPlan","Subplan Name": "InitPlan 1 (returns $1)","Parallel Aware": false,"Async Capable": false,"Startup Cost": 6230.83,"Total Cost": 6230.84,"Plan Rows": 1,"Plan Width": 32,"Actual Startup Time": 61.239,"Actual Total Time": 61.489,"Actual Rows": 1,"Actual Loops": 1,"Plans": [{"Node Type": "Gather","Parent Relationship": "Outer","Parallel Aware": false,"Async Capable": false,"Startup Cost": 6230.61,"Total Cost": 6230.82,"Plan Rows": 2,"Plan Width": 32,"Actual Startup Time": 61.140,"Actual Total Time": 61.467,"Actual Rows": 3,"Actual Loops": 1,"Workers Planned": 2,"Workers Launched": 2,"Single Copy": false,"Plans": [{"Node Type": "Aggregate","Strategy": "Plain","Partial Mode": "Partial","Parent Relationship": "Outer","Parallel Aware": false,"Async Capable": false,"Startup Cost": 5230.61,"Total Cost": 5230.62,"Plan Rows": 1,"Plan Width": 32,"Actual Startup Time": 54.595,"Actual Total Time": 54.597,"Actual Rows": 1,"Actual Loops": 3,"Workers": [],"Plans": [{"Node Type": "Seq Scan","Parent Relationship": "Outer","Parallel Aware": true,"Async Capable": false,"Relation Name": "customer","Alias": "customer_1","Startup Cost": 0.00,"Total Cost": 5225.62,"Plan Rows": 1994,"Plan Width": 6,"Actual Startup Time": 0.053,"Actual Total Time": 53.554,"Actual Rows": 12746,"Actual Loops": 3,"Filter": "((c_acctbal > 0.00) AND (SUBSTRING(c_phone FROM 1 FOR 2) = ANY ('{12,29,30,33,25,32,21}'::text[])))","Rows Removed by Filter": 37254,"Workers": []}]}]}]},{"Node Type": "Gather Merge","Parent Relationship": "Outer","Parallel Aware": false,"Async Capable": false,"Startup Cost": 6741.22,"Total Cost": 6821.30,"Plan Rows": 620,"Plan Width": 72,"Actual Startup Time": 134.055,"Actual Total Time": 137.686,"Actual Rows": 21,"Actual Loops": 1,"Workers Planned": 2,"Params Evaluated": ["$1"],"Workers Launched": 2,"Plans": [{"Node Type": "Aggregate","Strategy": "Sorted","Partial Mode": "Partial","Parent Relationship": "Outer","Parallel Aware": false,"Async Capable": false,"Startup Cost": 5741.19,"Total Cost": 5749.72,"Plan Rows": 310,"Plan Width": 72,"Actual Startup Time": 65.919,"Actual Total Time": 66.227,"Actual Rows": 7,"Actual Loops": 3,"Group Key": ["(SUBSTRING(customer.c_phone FROM 1 FOR 2))"],"Workers": [],"Plans": [{"Node Type": "Sort","Parent Relationship": "Outer","Parallel Aware": false,"Async Capable": false,"Startup Cost": 5741.19,"Total Cost": 5741.97,"Plan Rows": 310,"Plan Width": 38,"Actual Startup Time": 65.838,"Actual Total Time": 65.921,"Actual Rows": 2140,"Actual Loops": 3,"Sort Key": ["(SUBSTRING(customer.c_phone FROM 1 FOR 2))"],"Sort Method": "quicksort","Sort Space Used": 234,"Sort Space Type": "Memory","Workers": [{"Worker Number": 0,"Sort Method": "quicksort","Sort Space Used": 153,"Sort Space Type": "Memory"},{"Worker Number": 1,"Sort Method": "quicksort","Sort Space Used": 157,"Sort Space Type": "Memory"}],"Plans": [{"Node Type": "Nested Loop","Parent Relationship": "Outer","Parallel Aware": false,"Async Capable": false,"Join Type": "Anti","Startup Cost": 0.43,"Total Cost": 5728.36,"Plan Rows": 310,"Plan Width": 38,"Actual Startup Time": 0.117,"Actual Total Time": 64.978,"Actual Rows": 2140,"Actual Loops": 3,"Inner Unique": false,"Workers": [],"Plans": [{"Node Type": "Seq Scan","Parent Relationship": "Outer","Parallel Aware": true,"Async Capable": false,"Relation Name": "customer","Alias": "customer","Startup Cost": 0.00,"Total Cost": 5225.62,"Plan Rows": 729,"Plan Width": 26,"Actual Startup Time": 0.036,"Actual Total Time": 44.155,"Actual Rows": 6361,"Actual Loops": 3,"Filter": "((c_acctbal > $1) AND (SUBSTRING(c_phone FROM 1 FOR 2) = ANY ('{12,29,30,33,25,32,21}'::text[])))","Rows Removed by Filter": 43639,"Workers": []},{"Node Type": "Index Only Scan","Parent Relationship": "Inner","Parallel Aware": false,"Async Capable": false,"Scan Direction": "Forward","Index Name": "idx_orders_custkey","Relation Name": "orders","Alias": "orders","Startup Cost": 0.43,"Total Cost": 3.28,"Plan Rows": 17,"Plan Width": 4,"Actual Startup Time": 0.003,"Actual Total Time": 0.003,"Actual Rows": 1,"Actual Loops": 19084,"Index Cond": "(o_custkey = customer.c_custkey)","Rows Removed by Index Recheck": 0,"Heap Fetches": 0,"Workers": []}]}]}]}]}]},"Planning Time": 4.575,"Triggers": [],"Execution Time": 138.464}]
[{"Plan": {"Node Type": "Aggregate","Strategy": "Sorted","Partial Mode": "Finalize","Parallel Aware": false,"Async Capable": false,"Startup Cost": 12972.06,"Total Cost": 13071.37,"Plan Rows": 744,"Plan Width": 72,"Actual Startup Time": 137.653,"Actual Total Time": 141.084,"Actual Rows": 7,"Actual Loops": 1,"Group Key": ["(SUBSTRING(customer.c_phone FROM 1 FOR 2))"],"Plans": [{"Node Type": "Aggregate","Strategy": "Plain","Partial Mode": "Finalize","Parent Relationship": "InitPlan","Subplan Name": "InitPlan 1 (returns $1)","Parallel Aware": false,"Async Capable": false,"Startup Cost": 6230.83,"Total Cost": 6230.84,"Plan Rows": 1,"Plan Width": 32,"Actual Startup Time": 60.177,"Actual Total Time": 60.363,"Actual Rows": 1,"Actual Loops": 1,"Plans": [{"Node Type": "Gather","Parent Relationship": "Outer","Parallel Aware": false,"Async Capable": false,"Startup Cost": 6230.61,"Total Cost": 6230.82,"Plan Rows": 2,"Plan Width": 32,"Actual Startup Time": 60.017,"Actual Total Time": 60.332,"Actual Rows": 3,"Actual Loops": 1,"Workers Planned": 2,"Workers Launched": 2,"Single Copy": false,"Plans": [{"Node Type": "Aggregate","Strategy": "Plain","Partial Mode": "Partial","Parent Relationship": "Outer","Parallel Aware": false,"Async Capable": false,"Startup Cost": 5230.61,"Total Cost": 5230.62,"Plan Rows": 1,"Plan Width": 32,"Actual Startup Time": 53.976,"Actual Total Time": 53.979,"Actual Rows": 1,"Actual Loops": 3,"Workers": [],"Plans": [{"Node Type": "Seq Scan","Parent Relationship": "Outer","Parallel Aware": true,"Async Capable": false,"Relation Name": "customer","Alias": "customer_1","Startup Cost": 0.00,"Total Cost": 5225.62,"Plan Rows": 1994,"Plan Width": 6,"Actual Startup Time": 0.045,"Actual Total Time": 52.888,"Actual Rows": 12746,"Actual Loops": 3,"Filter": "((c_acctbal > 0.00) AND (SUBSTRING(c_phone FROM 1 FOR 2) = ANY ('{33,15,16,25,11,12,32}'::text[])))","Rows Removed by Filter": 37254,"Workers": []}]}]}]},{"Node Type": "Gather Merge","Parent Relationship": "Outer","Parallel Aware": false,"Async Capable": false,"Startup Cost": 6741.22,"Total Cost": 6821.30,"Plan Rows": 620,"Plan Width": 72,"Actual Startup Time": 137.532,"Actual Total Time": 140.842,"Actual Rows": 21,"Actual Loops": 1,"Workers Planned": 2,"Params Evaluated": ["$1"],"Workers Launched": 2,"Plans": [{"Node Type": "Aggregate","Strategy": "Sorted","Partial Mode": "Partial","Parent Relationship": "Outer","Parallel Aware": false,"Async Capable": false,"Startup Cost": 5741.19,"Total Cost": 5749.72,"Plan Rows": 310,"Plan Width": 72,"Actual Startup Time": 70.754,"Actual Total Time": 71.053,"Actual Rows": 7,"Actual Loops": 3,"Group Key": ["(SUBSTRING(customer.c_phone FROM 1 FOR 2))"],"Workers": [],"Plans": [{"Node Type": "Sort","Parent Relationship": "Outer","Parallel Aware": false,"Async Capable": false,"Startup Cost": 5741.19,"Total Cost": 5741.97,"Plan Rows": 310,"Plan Width": 38,"Actual Startup Time": 70.679,"Actual Total Time": 70.760,"Actual Rows": 2100,"Actual Loops": 3,"Sort Key": ["(SUBSTRING(customer.c_phone FROM 1 FOR 2))"],"Sort Method": "quicksort","Sort Space Used": 232,"Sort Space Type": "Memory","Workers": [{"Worker Number": 0,"Sort Method": "quicksort","Sort Space Used": 152,"Sort Space Type": "Memory"},{"Worker Number": 1,"Sort Method": "quicksort","Sort Space Used": 153,"Sort Space Type": "Memory"}],"Plans": [{"Node Type": "Nested Loop","Parent Relationship": "Outer","Parallel Aware": false,"Async Capable": false,"Join Type": "Anti","Startup Cost": 0.43,"Total Cost": 5728.36,"Plan Rows": 310,"Plan Width": 38,"Actual Startup Time": 0.120,"Actual Total Time": 69.920,"Actual Rows": 2100,"Actual Loops": 3,"Inner Unique": false,"Workers": [],"Plans": [{"Node Type": "Seq Scan","Parent Relationship": "Outer","Parallel Aware": true,"Async Capable": false,"Relation Name": "customer","Alias": "customer","Startup Cost": 0.00,"Total Cost": 5225.62,"Plan Rows": 729,"Plan Width": 26,"Actual Startup Time": 0.040,"Actual Total Time": 45.876,"Actual Rows": 6341,"Actual Loops": 3,"Filter": "((c_acctbal > $1) AND (SUBSTRING(c_phone FROM 1 FOR 2) = ANY ('{33,15,16,25,11,12,32}'::text[])))","Rows Removed by Filter": 43659,"Workers": []},{"Node Type": "Index Only Scan","Parent Relationship": "Inner","Parallel Aware": false,"Async Capable": false,"Scan Direction": "Forward","Index Name": "idx_orders_custkey","Relation Name": "orders","Alias": "orders","Startup Cost": 0.43,"Total Cost": 3.28,"Plan Rows": 17,"Plan Width": 4,"Actual Startup Time": 0.003,"Actual Total Time": 0.003,"Actual Rows": 1,"Actual Loops": 19024,"Index Cond": "(o_custkey = customer.c_custkey)","Rows Removed by Index Recheck": 0,"Heap Fetches": 0,"Workers": []}]}]}]}]}]},"Planning Time": 3.532,"Triggers": [],"Execution Time": 141.404}]
[{"Plan": {"Node Type": "Aggregate","Strategy": "Sorted","Partial Mode": "Finalize","Parallel Aware": false,"Async Capable": false,"Startup Cost": 12972.06,"Total Cost": 13071.37,"Plan Rows": 744,"Plan Width": 72,"Actual Startup Time": 134.437,"Actual Total Time": 139.256,"Actual Rows": 7,"Actual Loops": 1,"Group Key": ["(SUBSTRING(customer.c_phone FROM 1 FOR 2))"],"Plans": [{"Node Type": "Aggregate","Strategy": "Plain","Partial Mode": "Finalize","Parent Relationship": "InitPlan","Subplan Name": "InitPlan 1 (returns $1)","Parallel Aware": false,"Async Capable": false,"Startup Cost": 6230.83,"Total Cost": 6230.84,"Plan Rows": 1,"Plan Width": 32,"Actual Startup Time": 61.211,"Actual Total Time": 61.458,"Actual Rows": 1,"Actual Loops": 1,"Plans": [{"Node Type": "Gather","Parent Relationship": "Outer","Parallel Aware": false,"Async Capable": false,"Startup Cost": 6230.61,"Total Cost": 6230.82,"Plan Rows": 2,"Plan Width": 32,"Actual Startup Time": 61.078,"Actual Total Time": 61.436,"Actual Rows": 3,"Actual Loops": 1,"Workers Planned": 2,"Workers Launched": 2,"Single Copy": false,"Plans": [{"Node Type": "Aggregate","Strategy": "Plain","Partial Mode": "Partial","Parent Relationship": "Outer","Parallel Aware": false,"Async Capable": false,"Startup Cost": 5230.61,"Total Cost": 5230.62,"Plan Rows": 1,"Plan Width": 32,"Actual Startup Time": 54.898,"Actual Total Time": 54.901,"Actual Rows": 1,"Actual Loops": 3,"Workers": [],"Plans": [{"Node Type": "Seq Scan","Parent Relationship": "Outer","Parallel Aware": true,"Async Capable": false,"Relation Name": "customer","Alias": "customer_1","Startup Cost": 0.00,"Total Cost": 5225.62,"Plan Rows": 1994,"Plan Width": 6,"Actual Startup Time": 0.058,"Actual Total Time": 53.860,"Actual Rows": 12686,"Actual Loops": 3,"Filter": "((c_acctbal > 0.00) AND (SUBSTRING(c_phone FROM 1 FOR 2) = ANY ('{21,24,17,26,10,23,33}'::text[])))","Rows Removed by Filter": 37314,"Workers": []}]}]}]},{"Node Type": "Gather Merge","Parent Relationship": "Outer","Parallel Aware": false,"Async Capable": false,"Startup Cost": 6741.22,"Total Cost": 6821.30,"Plan Rows": 620,"Plan Width": 72,"Actual Startup Time": 134.350,"Actual Total Time": 138.963,"Actual Rows": 21,"Actual Loops": 1,"Workers Planned": 2,"Params Evaluated": ["$1"],"Workers Launched": 2,"Plans": [{"Node Type": "Aggregate","Strategy": "Sorted","Partial Mode": "Partial","Parent Relationship": "Outer","Parallel Aware": false,"Async Capable": false,"Startup Cost": 5741.19,"Total Cost": 5749.72,"Plan Rows": 310,"Plan Width": 72,"Actual Startup Time": 66.190,"Actual Total Time": 66.502,"Actual Rows": 7,"Actual Loops": 3,"Group Key": ["(SUBSTRING(customer.c_phone FROM 1 FOR 2))"],"Workers": [],"Plans": [{"Node Type": "Sort","Parent Relationship": "Outer","Parallel Aware": false,"Async Capable": false,"Startup Cost": 5741.19,"Total Cost": 5741.97,"Plan Rows": 310,"Plan Width": 38,"Actual Startup Time": 66.106,"Actual Total Time": 66.205,"Actual Rows": 2110,"Actual Loops": 3,"Sort Key": ["(SUBSTRING(customer.c_phone FROM 1 FOR 2))"],"Sort Method": "quicksort","Sort Space Used": 231,"Sort Space Type": "Memory","Workers": [{"Worker Number": 0,"Sort Method": "quicksort","Sort Space Used": 155,"Sort Space Type": "Memory"},{"Worker Number": 1,"Sort Method": "quicksort","Sort Space Used": 154,"Sort Space Type": "Memory"}],"Plans": [{"Node Type": "Nested Loop","Parent Relationship": "Outer","Parallel Aware": false,"Async Capable": false,"Join Type": "Anti","Startup Cost": 0.43,"Total Cost": 5728.36,"Plan Rows": 310,"Plan Width": 38,"Actual Startup Time": 0.147,"Actual Total Time": 65.329,"Actual Rows": 2110,"Actual Loops": 3,"Inner Unique": false,"Workers": [],"Plans": [{"Node Type": "Seq Scan","Parent Relationship": "Outer","Parallel Aware": true,"Async Capable": false,"Relation Name": "customer","Alias": "customer","Startup Cost": 0.00,"Total Cost": 5225.62,"Plan Rows": 729,"Plan Width": 26,"Actual Startup Time": 0.044,"Actual Total Time": 44.393,"Actual Rows": 6333,"Actual Loops": 3,"Filter": "((c_acctbal > $1) AND (SUBSTRING(c_phone FROM 1 FOR 2) = ANY ('{21,24,17,26,10,23,33}'::text[])))","Rows Removed by Filter": 43667,"Workers": []},{"Node Type": "Index Only Scan","Parent Relationship": "Inner","Parallel Aware": false,"Async Capable": false,"Scan Direction": "Forward","Index Name": "idx_orders_custkey","Relation Name": "orders","Alias": "orders","Startup Cost": 0.43,"Total Cost": 3.28,"Plan Rows": 17,"Plan Width": 4,"Actual Startup Time": 0.003,"Actual Total Time": 0.003,"Actual Rows": 1,"Actual Loops": 18999,"Index Cond": "(o_custkey = customer.c_custkey)","Rows Removed by Index Recheck": 0,"Heap Fetches": 0,"Workers": []}]}]}]}]}]},"Planning Time": 4.356,"Triggers": [],"Execution Time": 139.747}]
[{"Plan": {"Node Type": "Aggregate","Strategy": "Sorted","Partial Mode": "Finalize","Parallel Aware": false,"Async Capable": false,"Startup Cost": 12972.06,"Total Cost": 13071.37,"Plan Rows": 744,"Plan Width": 72,"Actual Startup Time": 134.261,"Actual Total Time": 137.835,"Actual Rows": 7,"Actual Loops": 1,"Group Key": ["(SUBSTRING(customer.c_phone FROM 1 FOR 2))"],"Plans": [{"Node Type": "Aggregate","Strategy": "Plain","Partial Mode": "Finalize","Parent Relationship": "InitPlan","Subplan Name": "InitPlan 1 (returns $1)","Parallel Aware": false,"Async Capable": false,"Startup Cost": 6230.83,"Total Cost": 6230.84,"Plan Rows": 1,"Plan Width": 32,"Actual Startup Time": 58.698,"Actual Total Time": 58.939,"Actual Rows": 1,"Actual Loops": 1,"Plans": [{"Node Type": "Gather","Parent Relationship": "Outer","Parallel Aware": false,"Async Capable": false,"Startup Cost": 6230.61,"Total Cost": 6230.82,"Plan Rows": 2,"Plan Width": 32,"Actual Startup Time": 58.595,"Actual Total Time": 58.917,"Actual Rows": 3,"Actual Loops": 1,"Workers Planned": 2,"Workers Launched": 2,"Single Copy": false,"Plans": [{"Node Type": "Aggregate","Strategy": "Plain","Partial Mode": "Partial","Parent Relationship": "Outer","Parallel Aware": false,"Async Capable": false,"Startup Cost": 5230.61,"Total Cost": 5230.62,"Plan Rows": 1,"Plan Width": 32,"Actual Startup Time": 52.904,"Actual Total Time": 52.907,"Actual Rows": 1,"Actual Loops": 3,"Workers": [],"Plans": [{"Node Type": "Seq Scan","Parent Relationship": "Outer","Parallel Aware": true,"Async Capable": false,"Relation Name": "customer","Alias": "customer_1","Startup Cost": 0.00,"Total Cost": 5225.62,"Plan Rows": 1994,"Plan Width": 6,"Actual Startup Time": 0.052,"Actual Total Time": 51.817,"Actual Rows": 12753,"Actual Loops": 3,"Filter": "((c_acctbal > 0.00) AND (SUBSTRING(c_phone FROM 1 FOR 2) = ANY ('{31,10,12,24,14,26,19}'::text[])))","Rows Removed by Filter": 37247,"Workers": []}]}]}]},{"Node Type": "Gather Merge","Parent Relationship": "Outer","Parallel Aware": false,"Async Capable": false,"Startup Cost": 6741.22,"Total Cost": 6821.30,"Plan Rows": 620,"Plan Width": 72,"Actual Startup Time": 134.128,"Actual Total Time": 137.501,"Actual Rows": 21,"Actual Loops": 1,"Workers Planned": 2,"Params Evaluated": ["$1"],"Workers Launched": 2,"Plans": [{"Node Type": "Aggregate","Strategy": "Sorted","Partial Mode": "Partial","Parent Relationship": "Outer","Parallel Aware": false,"Async Capable": false,"Startup Cost": 5741.19,"Total Cost": 5749.72,"Plan Rows": 310,"Plan Width": 72,"Actual Startup Time": 68.436,"Actual Total Time": 68.728,"Actual Rows": 7,"Actual Loops": 3,"Group Key": ["(SUBSTRING(customer.c_phone FROM 1 FOR 2))"],"Workers": [],"Plans": [{"Node Type": "Sort","Parent Relationship": "Outer","Parallel Aware": false,"Async Capable": false,"Startup Cost": 5741.19,"Total Cost": 5741.97,"Plan Rows": 310,"Plan Width": 38,"Actual Startup Time": 68.363,"Actual Total Time": 68.441,"Actual Rows": 2119,"Actual Loops": 3,"Sort Key": ["(SUBSTRING(customer.c_phone FROM 1 FOR 2))"],"Sort Method": "quicksort","Sort Space Used": 235,"Sort Space Type": "Memory","Workers": [{"Worker Number": 0,"Sort Method": "quicksort","Sort Space Used": 152,"Sort Space Type": "Memory"},{"Worker Number": 1,"Sort Method": "quicksort","Sort Space Used": 153,"Sort Space Type": "Memory"}],"Plans": [{"Node Type": "Nested Loop","Parent Relationship": "Outer","Parallel Aware": false,"Async Capable": false,"Join Type": "Anti","Startup Cost": 0.43,"Total Cost": 5728.36,"Plan Rows": 310,"Plan Width": 38,"Actual Startup Time": 0.185,"Actual Total Time": 67.550,"Actual Rows": 2119,"Actual Loops": 3,"Inner Unique": false,"Workers": [],"Plans": [{"Node Type": "Seq Scan","Parent Relationship": "Outer","Parallel Aware": true,"Async Capable": false,"Relation Name": "customer","Alias": "customer","Startup Cost": 0.00,"Total Cost": 5225.62,"Plan Rows": 729,"Plan Width": 26,"Actual Startup Time": 0.054,"Actual Total Time": 44.690,"Actual Rows": 6366,"Actual Loops": 3,"Filter": "((c_acctbal > $1) AND (SUBSTRING(c_phone FROM 1 FOR 2) = ANY ('{31,10,12,24,14,26,19}'::text[])))","Rows Removed by Filter": 43634,"Workers": []},{"Node Type": "Index Only Scan","Parent Relationship": "Inner","Parallel Aware": false,"Async Capable": false,"Scan Direction": "Forward","Index Name": "idx_orders_custkey","Relation Name": "orders","Alias": "orders","Startup Cost": 0.43,"Total Cost": 3.28,"Plan Rows": 17,"Plan Width": 4,"Actual Startup Time": 0.003,"Actual Total Time": 0.003,"Actual Rows": 1,"Actual Loops": 19097,"Index Cond": "(o_custkey = customer.c_custkey)","Rows Removed by Index Recheck": 0,"Heap Fetches": 0,"Workers": []}]}]}]}]}]},"Planning Time": 4.936,"Triggers": [],"Execution Time": 138.315}]
[{"Plan": {"Node Type": "Aggregate","Strategy": "Sorted","Partial Mode": "Finalize","Parallel Aware": false,"Async Capable": false,"Startup Cost": 12972.06,"Total Cost": 13071.37,"Plan Rows": 744,"Plan Width": 72,"Actual Startup Time": 134.961,"Actual Total Time": 138.915,"Actual Rows": 7,"Actual Loops": 1,"Group Key": ["(SUBSTRING(customer.c_phone FROM 1 FOR 2))"],"Plans": [{"Node Type": "Aggregate","Strategy": "Plain","Partial Mode": "Finalize","Parent Relationship": "InitPlan","Subplan Name": "InitPlan 1 (returns $1)","Parallel Aware": false,"Async Capable": false,"Startup Cost": 6230.83,"Total Cost": 6230.84,"Plan Rows": 1,"Plan Width": 32,"Actual Startup Time": 59.301,"Actual Total Time": 59.509,"Actual Rows": 1,"Actual Loops": 1,"Plans": [{"Node Type": "Gather","Parent Relationship": "Outer","Parallel Aware": false,"Async Capable": false,"Startup Cost": 6230.61,"Total Cost": 6230.82,"Plan Rows": 2,"Plan Width": 32,"Actual Startup Time": 59.215,"Actual Total Time": 59.490,"Actual Rows": 3,"Actual Loops": 1,"Workers Planned": 2,"Workers Launched": 2,"Single Copy": false,"Plans": [{"Node Type": "Aggregate","Strategy": "Plain","Partial Mode": "Partial","Parent Relationship": "Outer","Parallel Aware": false,"Async Capable": false,"Startup Cost": 5230.61,"Total Cost": 5230.62,"Plan Rows": 1,"Plan Width": 32,"Actual Startup Time": 53.476,"Actual Total Time": 53.477,"Actual Rows": 1,"Actual Loops": 3,"Workers": [],"Plans": [{"Node Type": "Seq Scan","Parent Relationship": "Outer","Parallel Aware": true,"Async Capable": false,"Relation Name": "customer","Alias": "customer_1","Startup Cost": 0.00,"Total Cost": 5225.62,"Plan Rows": 1994,"Plan Width": 6,"Actual Startup Time": 0.053,"Actual Total Time": 52.401,"Actual Rows": 12735,"Actual Loops": 3,"Filter": "((c_acctbal > 0.00) AND (SUBSTRING(c_phone FROM 1 FOR 2) = ANY ('{24,21,28,30,16,34,29}'::text[])))","Rows Removed by Filter": 37265,"Workers": []}]}]}]},{"Node Type": "Gather Merge","Parent Relationship": "Outer","Parallel Aware": false,"Async Capable": false,"Startup Cost": 6741.22,"Total Cost": 6821.30,"Plan Rows": 620,"Plan Width": 72,"Actual Startup Time": 134.834,"Actual Total Time": 138.634,"Actual Rows": 21,"Actual Loops": 1,"Workers Planned": 2,"Params Evaluated": ["$1"],"Workers Launched": 2,"Plans": [{"Node Type": "Aggregate","Strategy": "Sorted","Partial Mode": "Partial","Parent Relationship": "Outer","Parallel Aware": false,"Async Capable": false,"Startup Cost": 5741.19,"Total Cost": 5749.72,"Plan Rows": 310,"Plan Width": 72,"Actual Startup Time": 68.837,"Actual Total Time": 69.133,"Actual Rows": 7,"Actual Loops": 3,"Group Key": ["(SUBSTRING(customer.c_phone FROM 1 FOR 2))"],"Workers": [],"Plans": [{"Node Type": "Sort","Parent Relationship": "Outer","Parallel Aware": false,"Async Capable": false,"Startup Cost": 5741.19,"Total Cost": 5741.97,"Plan Rows": 310,"Plan Width": 38,"Actual Startup Time": 68.769,"Actual Total Time": 68.847,"Actual Rows": 2154,"Actual Loops": 3,"Sort Key": ["(SUBSTRING(customer.c_phone FROM 1 FOR 2))"],"Sort Method": "quicksort","Sort Space Used": 237,"Sort Space Type": "Memory","Workers": [{"Worker Number": 0,"Sort Method": "quicksort","Sort Space Used": 154,"Sort Space Type": "Memory"},{"Worker Number": 1,"Sort Method": "quicksort","Sort Space Used": 155,"Sort Space Type": "Memory"}],"Plans": [{"Node Type": "Nested Loop","Parent Relationship": "Outer","Parallel Aware": false,"Async Capable": false,"Join Type": "Anti","Startup Cost": 0.43,"Total Cost": 5728.36,"Plan Rows": 310,"Plan Width": 38,"Actual Startup Time": 0.154,"Actual Total Time": 67.982,"Actual Rows": 2154,"Actual Loops": 3,"Inner Unique": false,"Workers": [],"Plans": [{"Node Type": "Seq Scan","Parent Relationship": "Outer","Parallel Aware": true,"Async Capable": false,"Relation Name": "customer","Alias": "customer","Startup Cost": 0.00,"Total Cost": 5225.62,"Plan Rows": 729,"Plan Width": 26,"Actual Startup Time": 0.035,"Actual Total Time": 44.869,"Actual Rows": 6383,"Actual Loops": 3,"Filter": "((c_acctbal > $1) AND (SUBSTRING(c_phone FROM 1 FOR 2) = ANY ('{24,21,28,30,16,34,29}'::text[])))","Rows Removed by Filter": 43617,"Workers": []},{"Node Type": "Index Only Scan","Parent Relationship": "Inner","Parallel Aware": false,"Async Capable": false,"Scan Direction": "Forward","Index Name": "idx_orders_custkey","Relation Name": "orders","Alias": "orders","Startup Cost": 0.43,"Total Cost": 3.28,"Plan Rows": 17,"Plan Width": 4,"Actual Startup Time": 0.003,"Actual Total Time": 0.003,"Actual Rows": 1,"Actual Loops": 19148,"Index Cond": "(o_custkey = customer.c_custkey)","Rows Removed by Index Recheck": 0,"Heap Fetches": 0,"Workers": []}]}]}]}]}]},"Planning Time": 3.403,"Triggers": [],"Execution Time": 139.256}]
[{"Plan": {"Node Type": "Aggregate","Strategy": "Sorted","Partial Mode": "Finalize","Parallel Aware": false,"Async Capable": false,"Startup Cost": 12972.06,"Total Cost": 13071.37,"Plan Rows": 744,"Plan Width": 72,"Actual Startup Time": 136.114,"Actual Total Time": 139.897,"Actual Rows": 7,"Actual Loops": 1,"Group Key": ["(SUBSTRING(customer.c_phone FROM 1 FOR 2))"],"Plans": [{"Node Type": "Aggregate","Strategy": "Plain","Partial Mode": "Finalize","Parent Relationship": "InitPlan","Subplan Name": "InitPlan 1 (returns $1)","Parallel Aware": false,"Async Capable": false,"Startup Cost": 6230.83,"Total Cost": 6230.84,"Plan Rows": 1,"Plan Width": 32,"Actual Startup Time": 60.028,"Actual Total Time": 60.215,"Actual Rows": 1,"Actual Loops": 1,"Plans": [{"Node Type": "Gather","Parent Relationship": "Outer","Parallel Aware": false,"Async Capable": false,"Startup Cost": 6230.61,"Total Cost": 6230.82,"Plan Rows": 2,"Plan Width": 32,"Actual Startup Time": 59.922,"Actual Total Time": 60.194,"Actual Rows": 3,"Actual Loops": 1,"Workers Planned": 2,"Workers Launched": 2,"Single Copy": false,"Plans": [{"Node Type": "Aggregate","Strategy": "Plain","Partial Mode": "Partial","Parent Relationship": "Outer","Parallel Aware": false,"Async Capable": false,"Startup Cost": 5230.61,"Total Cost": 5230.62,"Plan Rows": 1,"Plan Width": 32,"Actual Startup Time": 53.851,"Actual Total Time": 53.852,"Actual Rows": 1,"Actual Loops": 3,"Workers": [],"Plans": [{"Node Type": "Seq Scan","Parent Relationship": "Outer","Parallel Aware": true,"Async Capable": false,"Relation Name": "customer","Alias": "customer_1","Startup Cost": 0.00,"Total Cost": 5225.62,"Plan Rows": 1994,"Plan Width": 6,"Actual Startup Time": 0.062,"Actual Total Time": 52.733,"Actual Rows": 12752,"Actual Loops": 3,"Filter": "((c_acctbal > 0.00) AND (SUBSTRING(c_phone FROM 1 FOR 2) = ANY ('{29,26,14,13,28,12,31}'::text[])))","Rows Removed by Filter": 37248,"Workers": []}]}]}]},{"Node Type": "Gather Merge","Parent Relationship": "Outer","Parallel Aware": false,"Async Capable": false,"Startup Cost": 6741.22,"Total Cost": 6821.30,"Plan Rows": 620,"Plan Width": 72,"Actual Startup Time": 135.994,"Actual Total Time": 139.657,"Actual Rows": 21,"Actual Loops": 1,"Workers Planned": 2,"Params Evaluated": ["$1"],"Workers Launched": 2,"Plans": [{"Node Type": "Aggregate","Strategy": "Sorted","Partial Mode": "Partial","Parent Relationship": "Outer","Parallel Aware": false,"Async Capable": false,"Startup Cost": 5741.19,"Total Cost": 5749.72,"Plan Rows": 310,"Plan Width": 72,"Actual Startup Time": 69.165,"Actual Total Time": 69.463,"Actual Rows": 7,"Actual Loops": 3,"Group Key": ["(SUBSTRING(customer.c_phone FROM 1 FOR 2))"],"Workers": [],"Plans": [{"Node Type": "Sort","Parent Relationship": "Outer","Parallel Aware": false,"Async Capable": false,"Startup Cost": 5741.19,"Total Cost": 5741.97,"Plan Rows": 310,"Plan Width": 38,"Actual Startup Time": 69.100,"Actual Total Time": 69.181,"Actual Rows": 2113,"Actual Loops": 3,"Sort Key": ["(SUBSTRING(customer.c_phone FROM 1 FOR 2))"],"Sort Method": "quicksort","Sort Space Used": 235,"Sort Space Type": "Memory","Workers": [{"Worker Number": 0,"Sort Method": "quicksort","Sort Space Used": 154,"Sort Space Type": "Memory"},{"Worker Number": 1,"Sort Method": "quicksort","Sort Space Used": 151,"Sort Space Type": "Memory"}],"Plans": [{"Node Type": "Nested Loop","Parent Relationship": "Outer","Parallel Aware": false,"Async Capable": false,"Join Type": "Anti","Startup Cost": 0.43,"Total Cost": 5728.36,"Plan Rows": 310,"Plan Width": 38,"Actual Startup Time": 0.210,"Actual Total Time": 68.316,"Actual Rows": 2113,"Actual Loops": 3,"Inner Unique": false,"Workers": [],"Plans": [{"Node Type": "Seq Scan","Parent Relationship": "Outer","Parallel Aware": true,"Async Capable": false,"Relation Name": "customer","Alias": "customer","Startup Cost": 0.00,"Total Cost": 5225.62,"Plan Rows": 729,"Plan Width": 26,"Actual Startup Time": 0.054,"Actual Total Time": 45.194,"Actual Rows": 6363,"Actual Loops": 3,"Filter": "((c_acctbal > $1) AND (SUBSTRING(c_phone FROM 1 FOR 2) = ANY ('{29,26,14,13,28,12,31}'::text[])))","Rows Removed by Filter": 43637,"Workers": []},{"Node Type": "Index Only Scan","Parent Relationship": "Inner","Parallel Aware": false,"Async Capable": false,"Scan Direction": "Forward","Index Name": "idx_orders_custkey","Relation Name": "orders","Alias": "orders","Startup Cost": 0.43,"Total Cost": 3.28,"Plan Rows": 17,"Plan Width": 4,"Actual Startup Time": 0.003,"Actual Total Time": 0.003,"Actual Rows": 1,"Actual Loops": 19090,"Index Cond": "(o_custkey = customer.c_custkey)","Rows Removed by Index Recheck": 0,"Heap Fetches": 0,"Workers": []}]}]}]}]}]},"Planning Time": 3.702,"Triggers": [],"Execution Time": 140.309}]
[{"Plan": {"Node Type": "Aggregate","Strategy": "Sorted","Partial Mode": "Finalize","Parallel Aware": false,"Async Capable": false,"Startup Cost": 12972.06,"Total Cost": 13071.37,"Plan Rows": 744,"Plan Width": 72,"Actual Startup Time": 138.709,"Actual Total Time": 142.301,"Actual Rows": 7,"Actual Loops": 1,"Group Key": ["(SUBSTRING(customer.c_phone FROM 1 FOR 2))"],"Plans": [{"Node Type": "Aggregate","Strategy": "Plain","Partial Mode": "Finalize","Parent Relationship": "InitPlan","Subplan Name": "InitPlan 1 (returns $1)","Parallel Aware": false,"Async Capable": false,"Startup Cost": 6230.83,"Total Cost": 6230.84,"Plan Rows": 1,"Plan Width": 32,"Actual Startup Time": 62.530,"Actual Total Time": 62.820,"Actual Rows": 1,"Actual Loops": 1,"Plans": [{"Node Type": "Gather","Parent Relationship": "Outer","Parallel Aware": false,"Async Capable": false,"Startup Cost": 6230.61,"Total Cost": 6230.82,"Plan Rows": 2,"Plan Width": 32,"Actual Startup Time": 62.432,"Actual Total Time": 62.806,"Actual Rows": 3,"Actual Loops": 1,"Workers Planned": 2,"Workers Launched": 2,"Single Copy": false,"Plans": [{"Node Type": "Aggregate","Strategy": "Plain","Partial Mode": "Partial","Parent Relationship": "Outer","Parallel Aware": false,"Async Capable": false,"Startup Cost": 5230.61,"Total Cost": 5230.62,"Plan Rows": 1,"Plan Width": 32,"Actual Startup Time": 56.379,"Actual Total Time": 56.384,"Actual Rows": 1,"Actual Loops": 3,"Workers": [],"Plans": [{"Node Type": "Seq Scan","Parent Relationship": "Outer","Parallel Aware": true,"Async Capable": false,"Relation Name": "customer","Alias": "customer_1","Startup Cost": 0.00,"Total Cost": 5225.62,"Plan Rows": 1994,"Plan Width": 6,"Actual Startup Time": 0.053,"Actual Total Time": 55.299,"Actual Rows": 12708,"Actual Loops": 3,"Filter": "((c_acctbal > 0.00) AND (SUBSTRING(c_phone FROM 1 FOR 2) = ANY ('{23,28,32,17,27,24,10}'::text[])))","Rows Removed by Filter": 37292,"Workers": []}]}]}]},{"Node Type": "Gather Merge","Parent Relationship": "Outer","Parallel Aware": false,"Async Capable": false,"Startup Cost": 6741.22,"Total Cost": 6821.30,"Plan Rows": 620,"Plan Width": 72,"Actual Startup Time": 138.585,"Actual Total Time": 141.957,"Actual Rows": 21,"Actual Loops": 1,"Workers Planned": 2,"Params Evaluated": ["$1"],"Workers Launched": 2,"Plans": [{"Node Type": "Aggregate","Strategy": "Sorted","Partial Mode": "Partial","Parent Relationship": "Outer","Parallel Aware": false,"Async Capable": false,"Startup Cost": 5741.19,"Total Cost": 5749.72,"Plan Rows": 310,"Plan Width": 72,"Actual Startup Time": 69.404,"Actual Total Time": 69.703,"Actual Rows": 7,"Actual Loops": 3,"Group Key": ["(SUBSTRING(customer.c_phone FROM 1 FOR 2))"],"Workers": [],"Plans": [{"Node Type": "Sort","Parent Relationship": "Outer","Parallel Aware": false,"Async Capable": false,"Startup Cost": 5741.19,"Total Cost": 5741.97,"Plan Rows": 310,"Plan Width": 38,"Actual Startup Time": 69.334,"Actual Total Time": 69.411,"Actual Rows": 2100,"Actual Loops": 3,"Sort Key": ["(SUBSTRING(customer.c_phone FROM 1 FOR 2))"],"Sort Method": "quicksort","Sort Space Used": 236,"Sort Space Type": "Memory","Workers": [{"Worker Number": 0,"Sort Method": "quicksort","Sort Space Used": 147,"Sort Space Type": "Memory"},{"Worker Number": 1,"Sort Method": "quicksort","Sort Space Used": 154,"Sort Space Type": "Memory"}],"Plans": [{"Node Type": "Nested Loop","Parent Relationship": "Outer","Parallel Aware": false,"Async Capable": false,"Join Type": "Anti","Startup Cost": 0.43,"Total Cost": 5728.36,"Plan Rows": 310,"Plan Width": 38,"Actual Startup Time": 0.188,"Actual Total Time": 68.541,"Actual Rows": 2100,"Actual Loops": 3,"Inner Unique": false,"Workers": [],"Plans": [{"Node Type": "Seq Scan","Parent Relationship": "Outer","Parallel Aware": true,"Async Capable": false,"Relation Name": "customer","Alias": "customer","Startup Cost": 0.00,"Total Cost": 5225.62,"Plan Rows": 729,"Plan Width": 26,"Actual Startup Time": 0.043,"Actual Total Time": 45.059,"Actual Rows": 6329,"Actual Loops": 3,"Filter": "((c_acctbal > $1) AND (SUBSTRING(c_phone FROM 1 FOR 2) = ANY ('{23,28,32,17,27,24,10}'::text[])))","Rows Removed by Filter": 43671,"Workers": []},{"Node Type": "Index Only Scan","Parent Relationship": "Inner","Parallel Aware": false,"Async Capable": false,"Scan Direction": "Forward","Index Name": "idx_orders_custkey","Relation Name": "orders","Alias": "orders","Startup Cost": 0.43,"Total Cost": 3.28,"Plan Rows": 17,"Plan Width": 4,"Actual Startup Time": 0.003,"Actual Total Time": 0.003,"Actual Rows": 1,"Actual Loops": 18987,"Index Cond": "(o_custkey = customer.c_custkey)","Rows Removed by Index Recheck": 0,"Heap Fetches": 0,"Workers": []}]}]}]}]}]},"Planning Time": 3.336,"Triggers": [],"Execution Time": 142.667}]
[{"Plan": {"Node Type": "Aggregate","Strategy": "Sorted","Partial Mode": "Finalize","Parallel Aware": false,"Async Capable": false,"Startup Cost": 12972.06,"Total Cost": 13071.37,"Plan Rows": 744,"Plan Width": 72,"Actual Startup Time": 138.345,"Actual Total Time": 141.998,"Actual Rows": 7,"Actual Loops": 1,"Group Key": ["(SUBSTRING(customer.c_phone FROM 1 FOR 2))"],"Plans": [{"Node Type": "Aggregate","Strategy": "Plain","Partial Mode": "Finalize","Parent Relationship": "InitPlan","Subplan Name": "InitPlan 1 (returns $1)","Parallel Aware": false,"Async Capable": false,"Startup Cost": 6230.83,"Total Cost": 6230.84,"Plan Rows": 1,"Plan Width": 32,"Actual Startup Time": 60.482,"Actual Total Time": 60.689,"Actual Rows": 1,"Actual Loops": 1,"Plans": [{"Node Type": "Gather","Parent Relationship": "Outer","Parallel Aware": false,"Async Capable": false,"Startup Cost": 6230.61,"Total Cost": 6230.82,"Plan Rows": 2,"Plan Width": 32,"Actual Startup Time": 60.425,"Actual Total Time": 60.672,"Actual Rows": 3,"Actual Loops": 1,"Workers Planned": 2,"Workers Launched": 2,"Single Copy": false,"Plans": [{"Node Type": "Aggregate","Strategy": "Plain","Partial Mode": "Partial","Parent Relationship": "Outer","Parallel Aware": false,"Async Capable": false,"Startup Cost": 5230.61,"Total Cost": 5230.62,"Plan Rows": 1,"Plan Width": 32,"Actual Startup Time": 53.934,"Actual Total Time": 53.937,"Actual Rows": 1,"Actual Loops": 3,"Workers": [],"Plans": [{"Node Type": "Seq Scan","Parent Relationship": "Outer","Parallel Aware": true,"Async Capable": false,"Relation Name": "customer","Alias": "customer_1","Startup Cost": 0.00,"Total Cost": 5225.62,"Plan Rows": 1994,"Plan Width": 6,"Actual Startup Time": 0.066,"Actual Total Time": 52.846,"Actual Rows": 12774,"Actual Loops": 3,"Filter": "((c_acctbal > 0.00) AND (SUBSTRING(c_phone FROM 1 FOR 2) = ANY ('{32,22,21,29,26,28,18}'::text[])))","Rows Removed by Filter": 37226,"Workers": []}]}]}]},{"Node Type": "Gather Merge","Parent Relationship": "Outer","Parallel Aware": false,"Async Capable": false,"Startup Cost": 6741.22,"Total Cost": 6821.30,"Plan Rows": 620,"Plan Width": 72,"Actual Startup Time": 138.226,"Actual Total Time": 141.747,"Actual Rows": 21,"Actual Loops": 1,"Workers Planned": 2,"Params Evaluated": ["$1"],"Workers Launched": 2,"Plans": [{"Node Type": "Aggregate","Strategy": "Sorted","Partial Mode": "Partial","Parent Relationship": "Outer","Parallel Aware": false,"Async Capable": false,"Startup Cost": 5741.19,"Total Cost": 5749.72,"Plan Rows": 310,"Plan Width": 72,"Actual Startup Time": 70.998,"Actual Total Time": 71.302,"Actual Rows": 7,"Actual Loops": 3,"Group Key": ["(SUBSTRING(customer.c_phone FROM 1 FOR 2))"],"Workers": [],"Plans": [{"Node Type": "Sort","Parent Relationship": "Outer","Parallel Aware": false,"Async Capable": false,"Startup Cost": 5741.19,"Total Cost": 5741.97,"Plan Rows": 310,"Plan Width": 38,"Actual Startup Time": 70.933,"Actual Total Time": 71.018,"Actual Rows": 2148,"Actual Loops": 3,"Sort Key": ["(SUBSTRING(customer.c_phone FROM 1 FOR 2))"],"Sort Method": "quicksort","Sort Space Used": 234,"Sort Space Type": "Memory","Workers": [{"Worker Number": 0,"Sort Method": "quicksort","Sort Space Used": 152,"Sort Space Type": "Memory"},{"Worker Number": 1,"Sort Method": "quicksort","Sort Space Used": 159,"Sort Space Type": "Memory"}],"Plans": [{"Node Type": "Nested Loop","Parent Relationship": "Outer","Parallel Aware": false,"Async Capable": false,"Join Type": "Anti","Startup Cost": 0.43,"Total Cost": 5728.36,"Plan Rows": 310,"Plan Width": 38,"Actual Startup Time": 0.187,"Actual Total Time": 70.126,"Actual Rows": 2148,"Actual Loops": 3,"Inner Unique": false,"Workers": [],"Plans": [{"Node Type": "Seq Scan","Parent Relationship": "Outer","Parallel Aware": true,"Async Capable": false,"Relation Name": "customer","Alias": "customer","Startup Cost": 0.00,"Total Cost": 5225.62,"Plan Rows": 729,"Plan Width": 26,"Actual Startup Time": 0.037,"Actual Total Time": 45.861,"Actual Rows": 6420,"Actual Loops": 3,"Filter": "((c_acctbal > $1) AND (SUBSTRING(c_phone FROM 1 FOR 2) = ANY ('{32,22,21,29,26,28,18}'::text[])))","Rows Removed by Filter": 43580,"Workers": []},{"Node Type": "Index Only Scan","Parent Relationship": "Inner","Parallel Aware": false,"Async Capable": false,"Scan Direction": "Forward","Index Name": "idx_orders_custkey","Relation Name": "orders","Alias": "orders","Startup Cost": 0.43,"Total Cost": 3.28,"Plan Rows": 17,"Plan Width": 4,"Actual Startup Time": 0.003,"Actual Total Time": 0.003,"Actual Rows": 1,"Actual Loops": 19259,"Index Cond": "(o_custkey = customer.c_custkey)","Rows Removed by Index Recheck": 0,"Heap Fetches": 0,"Workers": []}]}]}]}]}]},"Planning Time": 4.764,"Triggers": [],"Execution Time": 142.441}]
[{"Plan": {"Node Type": "Aggregate","Strategy": "Sorted","Partial Mode": "Finalize","Parallel Aware": false,"Async Capable": false,"Startup Cost": 12972.06,"Total Cost": 13071.37,"Plan Rows": 744,"Plan Width": 72,"Actual Startup Time": 133.962,"Actual Total Time": 137.987,"Actual Rows": 7,"Actual Loops": 1,"Group Key": ["(SUBSTRING(customer.c_phone FROM 1 FOR 2))"],"Plans": [{"Node Type": "Aggregate","Strategy": "Plain","Partial Mode": "Finalize","Parent Relationship": "InitPlan","Subplan Name": "InitPlan 1 (returns $1)","Parallel Aware": false,"Async Capable": false,"Startup Cost": 6230.83,"Total Cost": 6230.84,"Plan Rows": 1,"Plan Width": 32,"Actual Startup Time": 61.323,"Actual Total Time": 61.626,"Actual Rows": 1,"Actual Loops": 1,"Plans": [{"Node Type": "Gather","Parent Relationship": "Outer","Parallel Aware": false,"Async Capable": false,"Startup Cost": 6230.61,"Total Cost": 6230.82,"Plan Rows": 2,"Plan Width": 32,"Actual Startup Time": 61.210,"Actual Total Time": 61.608,"Actual Rows": 3,"Actual Loops": 1,"Workers Planned": 2,"Workers Launched": 2,"Single Copy": false,"Plans": [{"Node Type": "Aggregate","Strategy": "Plain","Partial Mode": "Partial","Parent Relationship": "Outer","Parallel Aware": false,"Async Capable": false,"Startup Cost": 5230.61,"Total Cost": 5230.62,"Plan Rows": 1,"Plan Width": 32,"Actual Startup Time": 55.157,"Actual Total Time": 55.159,"Actual Rows": 1,"Actual Loops": 3,"Workers": [],"Plans": [{"Node Type": "Seq Scan","Parent Relationship": "Outer","Parallel Aware": true,"Async Capable": false,"Relation Name": "customer","Alias": "customer_1","Startup Cost": 0.00,"Total Cost": 5225.62,"Plan Rows": 1994,"Plan Width": 6,"Actual Startup Time": 0.048,"Actual Total Time": 54.102,"Actual Rows": 12703,"Actual Loops": 3,"Filter": "((c_acctbal > 0.00) AND (SUBSTRING(c_phone FROM 1 FOR 2) = ANY ('{21,30,17,15,24,19,16}'::text[])))","Rows Removed by Filter": 37297,"Workers": []}]}]}]},{"Node Type": "Gather Merge","Parent Relationship": "Outer","Parallel Aware": false,"Async Capable": false,"Startup Cost": 6741.22,"Total Cost": 6821.30,"Plan Rows": 620,"Plan Width": 72,"Actual Startup Time": 133.868,"Actual Total Time": 137.629,"Actual Rows": 21,"Actual Loops": 1,"Workers Planned": 2,"Params Evaluated": ["$1"],"Workers Launched": 2,"Plans": [{"Node Type": "Aggregate","Strategy": "Sorted","Partial Mode": "Partial","Parent Relationship": "Outer","Parallel Aware": false,"Async Capable": false,"Startup Cost": 5741.19,"Total Cost": 5749.72,"Plan Rows": 310,"Plan Width": 72,"Actual Startup Time": 65.754,"Actual Total Time": 66.062,"Actual Rows": 7,"Actual Loops": 3,"Group Key": ["(SUBSTRING(customer.c_phone FROM 1 FOR 2))"],"Workers": [],"Plans": [{"Node Type": "Sort","Parent Relationship": "Outer","Parallel Aware": false,"Async Capable": false,"Startup Cost": 5741.19,"Total Cost": 5741.97,"Plan Rows": 310,"Plan Width": 38,"Actual Startup Time": 65.673,"Actual Total Time": 65.755,"Actual Rows": 2128,"Actual Loops": 3,"Sort Key": ["(SUBSTRING(customer.c_phone FROM 1 FOR 2))"],"Sort Method": "quicksort","Sort Space Used": 231,"Sort Space Type": "Memory","Workers": [{"Worker Number": 0,"Sort Method": "quicksort","Sort Space Used": 158,"Sort Space Type": "Memory"},{"Worker Number": 1,"Sort Method": "quicksort","Sort Space Used": 153,"Sort Space Type": "Memory"}],"Plans": [{"Node Type": "Nested Loop","Parent Relationship": "Outer","Parallel Aware": false,"Async Capable": false,"Join Type": "Anti","Startup Cost": 0.43,"Total Cost": 5728.36,"Plan Rows": 310,"Plan Width": 38,"Actual Startup Time": 0.146,"Actual Total Time": 64.870,"Actual Rows": 2128,"Actual Loops": 3,"Inner Unique": false,"Workers": [],"Plans": [{"Node Type": "Seq Scan","Parent Relationship": "Outer","Parallel Aware": true,"Async Capable": false,"Relation Name": "customer","Alias": "customer","Startup Cost": 0.00,"Total Cost": 5225.62,"Plan Rows": 729,"Plan Width": 26,"Actual Startup Time": 0.025,"Actual Total Time": 43.689,"Actual Rows": 6338,"Actual Loops": 3,"Filter": "((c_acctbal > $1) AND (SUBSTRING(c_phone FROM 1 FOR 2) = ANY ('{21,30,17,15,24,19,16}'::text[])))","Rows Removed by Filter": 43662,"Workers": []},{"Node Type": "Index Only Scan","Parent Relationship": "Inner","Parallel Aware": false,"Async Capable": false,"Scan Direction": "Forward","Index Name": "idx_orders_custkey","Relation Name": "orders","Alias": "orders","Startup Cost": 0.43,"Total Cost": 3.28,"Plan Rows": 17,"Plan Width": 4,"Actual Startup Time": 0.003,"Actual Total Time": 0.003,"Actual Rows": 1,"Actual Loops": 19014,"Index Cond": "(o_custkey = customer.c_custkey)","Rows Removed by Index Recheck": 0,"Heap Fetches": 0,"Workers": []}]}]}]}]}]},"Planning Time": 4.961,"Triggers": [],"Execution Time": 138.486}]
[{"Plan": {"Node Type": "Aggregate","Strategy": "Sorted","Partial Mode": "Finalize","Parallel Aware": false,"Async Capable": false,"Startup Cost": 12972.06,"Total Cost": 13071.37,"Plan Rows": 744,"Plan Width": 72,"Actual Startup Time": 134.828,"Actual Total Time": 138.583,"Actual Rows": 7,"Actual Loops": 1,"Group Key": ["(SUBSTRING(customer.c_phone FROM 1 FOR 2))"],"Plans": [{"Node Type": "Aggregate","Strategy": "Plain","Partial Mode": "Finalize","Parent Relationship": "InitPlan","Subplan Name": "InitPlan 1 (returns $1)","Parallel Aware": false,"Async Capable": false,"Startup Cost": 6230.83,"Total Cost": 6230.84,"Plan Rows": 1,"Plan Width": 32,"Actual Startup Time": 58.935,"Actual Total Time": 59.164,"Actual Rows": 1,"Actual Loops": 1,"Plans": [{"Node Type": "Gather","Parent Relationship": "Outer","Parallel Aware": false,"Async Capable": false,"Startup Cost": 6230.61,"Total Cost": 6230.82,"Plan Rows": 2,"Plan Width": 32,"Actual Startup Time": 58.823,"Actual Total Time": 59.143,"Actual Rows": 3,"Actual Loops": 1,"Workers Planned": 2,"Workers Launched": 2,"Single Copy": false,"Plans": [{"Node Type": "Aggregate","Strategy": "Plain","Partial Mode": "Partial","Parent Relationship": "Outer","Parallel Aware": false,"Async Capable": false,"Startup Cost": 5230.61,"Total Cost": 5230.62,"Plan Rows": 1,"Plan Width": 32,"Actual Startup Time": 52.742,"Actual Total Time": 52.743,"Actual Rows": 1,"Actual Loops": 3,"Workers": [],"Plans": [{"Node Type": "Seq Scan","Parent Relationship": "Outer","Parallel Aware": true,"Async Capable": false,"Relation Name": "customer","Alias": "customer_1","Startup Cost": 0.00,"Total Cost": 5225.62,"Plan Rows": 1994,"Plan Width": 6,"Actual Startup Time": 0.047,"Actual Total Time": 51.663,"Actual Rows": 12744,"Actual Loops": 3,"Filter": "((c_acctbal > 0.00) AND (SUBSTRING(c_phone FROM 1 FOR 2) = ANY ('{16,23,29,25,21,17,33}'::text[])))","Rows Removed by Filter": 37256,"Workers": []}]}]}]},{"Node Type": "Gather Merge","Parent Relationship": "Outer","Parallel Aware": false,"Async Capable": false,"Startup Cost": 6741.22,"Total Cost": 6821.30,"Plan Rows": 620,"Plan Width": 72,"Actual Startup Time": 134.686,"Actual Total Time": 138.294,"Actual Rows": 21,"Actual Loops": 1,"Workers Planned": 2,"Params Evaluated": ["$1"],"Workers Launched": 2,"Plans": [{"Node Type": "Aggregate","Strategy": "Sorted","Partial Mode": "Partial","Parent Relationship": "Outer","Parallel Aware": false,"Async Capable": false,"Startup Cost": 5741.19,"Total Cost": 5749.72,"Plan Rows": 310,"Plan Width": 72,"Actual Startup Time": 68.979,"Actual Total Time": 69.284,"Actual Rows": 7,"Actual Loops": 3,"Group Key": ["(SUBSTRING(customer.c_phone FROM 1 FOR 2))"],"Workers": [],"Plans": [{"Node Type": "Sort","Parent Relationship": "Outer","Parallel Aware": false,"Async Capable": false,"Startup Cost": 5741.19,"Total Cost": 5741.97,"Plan Rows": 310,"Plan Width": 38,"Actual Startup Time": 68.905,"Actual Total Time": 68.989,"Actual Rows": 2126,"Actual Loops": 3,"Sort Key": ["(SUBSTRING(customer.c_phone FROM 1 FOR 2))"],"Sort Method": "quicksort","Sort Space Used": 237,"Sort Space Type": "Memory","Workers": [{"Worker Number": 0,"Sort Method": "quicksort","Sort Space Used": 155,"Sort Space Type": "Memory"},{"Worker Number": 1,"Sort Method": "quicksort","Sort Space Used": 151,"Sort Space Type": "Memory"}],"Plans": [{"Node Type": "Nested Loop","Parent Relationship": "Outer","Parallel Aware": false,"Async Capable": false,"Join Type": "Anti","Startup Cost": 0.43,"Total Cost": 5728.36,"Plan Rows": 310,"Plan Width": 38,"Actual Startup Time": 0.202,"Actual Total Time": 68.113,"Actual Rows": 2126,"Actual Loops": 3,"Inner Unique": false,"Workers": [],"Plans": [{"Node Type": "Seq Scan","Parent Relationship": "Outer","Parallel Aware": true,"Async Capable": false,"Relation Name": "customer","Alias": "customer","Startup Cost": 0.00,"Total Cost": 5225.62,"Plan Rows": 729,"Plan Width": 26,"Actual Startup Time": 0.047,"Actual Total Time": 45.099,"Actual Rows": 6363,"Actual Loops": 3,"Filter": "((c_acctbal > $1) AND (SUBSTRING(c_phone FROM 1 FOR 2) = ANY ('{16,23,29,25,21,17,33}'::text[])))","Rows Removed by Filter": 43637,"Workers": []},{"Node Type": "Index Only Scan","Parent Relationship": "Inner","Parallel Aware": false,"Async Capable": false,"Scan Direction": "Forward","Index Name": "idx_orders_custkey","Relation Name": "orders","Alias": "orders","Startup Cost": 0.43,"Total Cost": 3.28,"Plan Rows": 17,"Plan Width": 4,"Actual Startup Time": 0.003,"Actual Total Time": 0.003,"Actual Rows": 1,"Actual Loops": 19090,"Index Cond": "(o_custkey = customer.c_custkey)","Rows Removed by Index Recheck": 0,"Heap Fetches": 0,"Workers": []}]}]}]}]}]},"Planning Time": 4.540,"Triggers": [],"Execution Time": 139.032}]
[{"Plan": {"Node Type": "Aggregate","Strategy": "Sorted","Partial Mode": "Finalize","Parallel Aware": false,"Async Capable": false,"Startup Cost": 12972.06,"Total Cost": 13071.37,"Plan Rows": 744,"Plan Width": 72,"Actual Startup Time": 132.768,"Actual Total Time": 137.462,"Actual Rows": 7,"Actual Loops": 1,"Group Key": ["(SUBSTRING(customer.c_phone FROM 1 FOR 2))"],"Plans": [{"Node Type": "Aggregate","Strategy": "Plain","Partial Mode": "Finalize","Parent Relationship": "InitPlan","Subplan Name": "InitPlan 1 (returns $1)","Parallel Aware": false,"Async Capable": false,"Startup Cost": 6230.83,"Total Cost": 6230.84,"Plan Rows": 1,"Plan Width": 32,"Actual Startup Time": 60.408,"Actual Total Time": 60.587,"Actual Rows": 1,"Actual Loops": 1,"Plans": [{"Node Type": "Gather","Parent Relationship": "Outer","Parallel Aware": false,"Async Capable": false,"Startup Cost": 6230.61,"Total Cost": 6230.82,"Plan Rows": 2,"Plan Width": 32,"Actual Startup Time": 60.307,"Actual Total Time": 60.572,"Actual Rows": 3,"Actual Loops": 1,"Workers Planned": 2,"Workers Launched": 2,"Single Copy": false,"Plans": [{"Node Type": "Aggregate","Strategy": "Plain","Partial Mode": "Partial","Parent Relationship": "Outer","Parallel Aware": false,"Async Capable": false,"Startup Cost": 5230.61,"Total Cost": 5230.62,"Plan Rows": 1,"Plan Width": 32,"Actual Startup Time": 54.543,"Actual Total Time": 54.546,"Actual Rows": 1,"Actual Loops": 3,"Workers": [],"Plans": [{"Node Type": "Seq Scan","Parent Relationship": "Outer","Parallel Aware": true,"Async Capable": false,"Relation Name": "customer","Alias": "customer_1","Startup Cost": 0.00,"Total Cost": 5225.62,"Plan Rows": 1994,"Plan Width": 6,"Actual Startup Time": 0.048,"Actual Total Time": 53.489,"Actual Rows": 12698,"Actual Loops": 3,"Filter": "((c_acctbal > 0.00) AND (SUBSTRING(c_phone FROM 1 FOR 2) = ANY ('{18,21,34,15,22,20,23}'::text[])))","Rows Removed by Filter": 37302,"Workers": []}]}]}]},{"Node Type": "Gather Merge","Parent Relationship": "Outer","Parallel Aware": false,"Async Capable": false,"Startup Cost": 6741.22,"Total Cost": 6821.30,"Plan Rows": 620,"Plan Width": 72,"Actual Startup Time": 132.670,"Actual Total Time": 137.241,"Actual Rows": 21,"Actual Loops": 1,"Workers Planned": 2,"Params Evaluated": ["$1"],"Workers Launched": 2,"Plans": [{"Node Type": "Aggregate","Strategy": "Sorted","Partial Mode": "Partial","Parent Relationship": "Outer","Parallel Aware": false,"Async Capable": false,"Startup Cost": 5741.19,"Total Cost": 5749.72,"Plan Rows": 310,"Plan Width": 72,"Actual Startup Time": 64.871,"Actual Total Time": 65.179,"Actual Rows": 7,"Actual Loops": 3,"Group Key": ["(SUBSTRING(customer.c_phone FROM 1 FOR 2))"],"Workers": [],"Plans": [{"Node Type": "Sort","Parent Relationship": "Outer","Parallel Aware": false,"Async Capable": false,"Startup Cost": 5741.19,"Total Cost": 5741.97,"Plan Rows": 310,"Plan Width": 38,"Actual Startup Time": 64.793,"Actual Total Time": 64.883,"Actual Rows": 2153,"Actual Loops": 3,"Sort Key": ["(SUBSTRING(customer.c_phone FROM 1 FOR 2))"],"Sort Method": "quicksort","Sort Space Used": 238,"Sort Space Type": "Memory","Workers": [{"Worker Number": 0,"Sort Method": "quicksort","Sort Space Used": 156,"Sort Space Type": "Memory"},{"Worker Number": 1,"Sort Method": "quicksort","Sort Space Used": 151,"Sort Space Type": "Memory"}],"Plans": [{"Node Type": "Nested Loop","Parent Relationship": "Outer","Parallel Aware": false,"Async Capable": false,"Join Type": "Anti","Startup Cost": 0.43,"Total Cost": 5728.36,"Plan Rows": 310,"Plan Width": 38,"Actual Startup Time": 0.250,"Actual Total Time": 63.949,"Actual Rows": 2153,"Actual Loops": 3,"Inner Unique": false,"Workers": [],"Plans": [{"Node Type": "Seq Scan","Parent Relationship": "Outer","Parallel Aware": true,"Async Capable": false,"Relation Name": "customer","Alias": "customer","Startup Cost": 0.00,"Total Cost": 5225.62,"Plan Rows": 729,"Plan Width": 26,"Actual Startup Time": 0.039,"Actual Total Time": 41.869,"Actual Rows": 6368,"Actual Loops": 3,"Filter": "((c_acctbal > $1) AND (SUBSTRING(c_phone FROM 1 FOR 2) = ANY ('{18,21,34,15,22,20,23}'::text[])))","Rows Removed by Filter": 43632,"Workers": []},{"Node Type": "Index Only Scan","Parent Relationship": "Inner","Parallel Aware": false,"Async Capable": false,"Scan Direction": "Forward","Index Name": "idx_orders_custkey","Relation Name": "orders","Alias": "orders","Startup Cost": 0.43,"Total Cost": 3.28,"Plan Rows": 17,"Plan Width": 4,"Actual Startup Time": 0.003,"Actual Total Time": 0.003,"Actual Rows": 1,"Actual Loops": 19104,"Index Cond": "(o_custkey = customer.c_custkey)","Rows Removed by Index Recheck": 0,"Heap Fetches": 0,"Workers": []}]}]}]}]}]},"Planning Time": 3.463,"Triggers": [],"Execution Time": 137.808}]
[{"Plan": {"Node Type": "Aggregate","Strategy": "Sorted","Partial Mode": "Finalize","Parallel Aware": false,"Async Capable": false,"Startup Cost": 12972.06,"Total Cost": 13071.37,"Plan Rows": 744,"Plan Width": 72,"Actual Startup Time": 140.104,"Actual Total Time": 143.601,"Actual Rows": 7,"Actual Loops": 1,"Group Key": ["(SUBSTRING(customer.c_phone FROM 1 FOR 2))"],"Plans": [{"Node Type": "Aggregate","Strategy": "Plain","Partial Mode": "Finalize","Parent Relationship": "InitPlan","Subplan Name": "InitPlan 1 (returns $1)","Parallel Aware": false,"Async Capable": false,"Startup Cost": 6230.83,"Total Cost": 6230.84,"Plan Rows": 1,"Plan Width": 32,"Actual Startup Time": 61.321,"Actual Total Time": 61.501,"Actual Rows": 1,"Actual Loops": 1,"Plans": [{"Node Type": "Gather","Parent Relationship": "Outer","Parallel Aware": false,"Async Capable": false,"Startup Cost": 6230.61,"Total Cost": 6230.82,"Plan Rows": 2,"Plan Width": 32,"Actual Startup Time": 61.233,"Actual Total Time": 61.489,"Actual Rows": 3,"Actual Loops": 1,"Workers Planned": 2,"Workers Launched": 2,"Single Copy": false,"Plans": [{"Node Type": "Aggregate","Strategy": "Plain","Partial Mode": "Partial","Parent Relationship": "Outer","Parallel Aware": false,"Async Capable": false,"Startup Cost": 5230.61,"Total Cost": 5230.62,"Plan Rows": 1,"Plan Width": 32,"Actual Startup Time": 55.571,"Actual Total Time": 55.572,"Actual Rows": 1,"Actual Loops": 3,"Workers": [],"Plans": [{"Node Type": "Seq Scan","Parent Relationship": "Outer","Parallel Aware": true,"Async Capable": false,"Relation Name": "customer","Alias": "customer_1","Startup Cost": 0.00,"Total Cost": 5225.62,"Plan Rows": 1994,"Plan Width": 6,"Actual Startup Time": 0.053,"Actual Total Time": 54.492,"Actual Rows": 12689,"Actual Loops": 3,"Filter": "((c_acctbal > 0.00) AND (SUBSTRING(c_phone FROM 1 FOR 2) = ANY ('{14,17,10,23,33,11,12}'::text[])))","Rows Removed by Filter": 37311,"Workers": []}]}]}]},{"Node Type": "Gather Merge","Parent Relationship": "Outer","Parallel Aware": false,"Async Capable": false,"Startup Cost": 6741.22,"Total Cost": 6821.30,"Plan Rows": 620,"Plan Width": 72,"Actual Startup Time": 139.990,"Actual Total Time": 143.371,"Actual Rows": 21,"Actual Loops": 1,"Workers Planned": 2,"Params Evaluated": ["$1"],"Workers Launched": 2,"Plans": [{"Node Type": "Aggregate","Strategy": "Sorted","Partial Mode": "Partial","Parent Relationship": "Outer","Parallel Aware": false,"Async Capable": false,"Startup Cost": 5741.19,"Total Cost": 5749.72,"Plan Rows": 310,"Plan Width": 72,"Actual Startup Time": 71.777,"Actual Total Time": 72.080,"Actual Rows": 7,"Actual Loops": 3,"Group Key": ["(SUBSTRING(customer.c_phone FROM 1 FOR 2))"],"Workers": [],"Plans": [{"Node Type": "Sort","Parent Relationship": "Outer","Parallel Aware": false,"Async Capable": false,"Startup Cost": 5741.19,"Total Cost": 5741.97,"Plan Rows": 310,"Plan Width": 38,"Actual Startup Time": 71.706,"Actual Total Time": 71.794,"Actual Rows": 2110,"Actual Loops": 3,"Sort Key": ["(SUBSTRING(customer.c_phone FROM 1 FOR 2))"],"Sort Method": "quicksort","Sort Space Used": 233,"Sort Space Type": "Memory","Workers": [{"Worker Number": 0,"Sort Method": "quicksort","Sort Space Used": 155,"Sort Space Type": "Memory"},{"Worker Number": 1,"Sort Method": "quicksort","Sort Space Used": 151,"Sort Space Type": "Memory"}],"Plans": [{"Node Type": "Nested Loop","Parent Relationship": "Outer","Parallel Aware": false,"Async Capable": false,"Join Type": "Anti","Startup Cost": 0.43,"Total Cost": 5728.36,"Plan Rows": 310,"Plan Width": 38,"Actual Startup Time": 0.141,"Actual Total Time": 70.927,"Actual Rows": 2110,"Actual Loops": 3,"Inner Unique": false,"Workers": [],"Plans": [{"Node Type": "Seq Scan","Parent Relationship": "Outer","Parallel Aware": true,"Async Capable": false,"Relation Name": "customer","Alias": "customer","Startup Cost": 0.00,"Total Cost": 5225.62,"Plan Rows": 729,"Plan Width": 26,"Actual Startup Time": 0.035,"Actual Total Time": 46.974,"Actual Rows": 6294,"Actual Loops": 3,"Filter": "((c_acctbal > $1) AND (SUBSTRING(c_phone FROM 1 FOR 2) = ANY ('{14,17,10,23,33,11,12}'::text[])))","Rows Removed by Filter": 43706,"Workers": []},{"Node Type": "Index Only Scan","Parent Relationship": "Inner","Parallel Aware": false,"Async Capable": false,"Scan Direction": "Forward","Index Name": "idx_orders_custkey","Relation Name": "orders","Alias": "orders","Startup Cost": 0.43,"Total Cost": 3.28,"Plan Rows": 17,"Plan Width": 4,"Actual Startup Time": 0.003,"Actual Total Time": 0.003,"Actual Rows": 1,"Actual Loops": 18881,"Index Cond": "(o_custkey = customer.c_custkey)","Rows Removed by Index Recheck": 0,"Heap Fetches": 0,"Workers": []}]}]}]}]}]},"Planning Time": 4.505,"Triggers": [],"Execution Time": 143.878}]
[{"Plan": {"Node Type": "Aggregate","Strategy": "Sorted","Partial Mode": "Finalize","Parallel Aware": false,"Async Capable": false,"Startup Cost": 12972.06,"Total Cost": 13071.37,"Plan Rows": 744,"Plan Width": 72,"Actual Startup Time": 142.050,"Actual Total Time": 145.470,"Actual Rows": 7,"Actual Loops": 1,"Group Key": ["(SUBSTRING(customer.c_phone FROM 1 FOR 2))"],"Plans": [{"Node Type": "Aggregate","Strategy": "Plain","Partial Mode": "Finalize","Parent Relationship": "InitPlan","Subplan Name": "InitPlan 1 (returns $1)","Parallel Aware": false,"Async Capable": false,"Startup Cost": 6230.83,"Total Cost": 6230.84,"Plan Rows": 1,"Plan Width": 32,"Actual Startup Time": 63.103,"Actual Total Time": 63.283,"Actual Rows": 1,"Actual Loops": 1,"Plans": [{"Node Type": "Gather","Parent Relationship": "Outer","Parallel Aware": false,"Async Capable": false,"Startup Cost": 6230.61,"Total Cost": 6230.82,"Plan Rows": 2,"Plan Width": 32,"Actual Startup Time": 62.995,"Actual Total Time": 63.266,"Actual Rows": 3,"Actual Loops": 1,"Workers Planned": 2,"Workers Launched": 2,"Single Copy": false,"Plans": [{"Node Type": "Aggregate","Strategy": "Plain","Partial Mode": "Partial","Parent Relationship": "Outer","Parallel Aware": false,"Async Capable": false,"Startup Cost": 5230.61,"Total Cost": 5230.62,"Plan Rows": 1,"Plan Width": 32,"Actual Startup Time": 57.219,"Actual Total Time": 57.221,"Actual Rows": 1,"Actual Loops": 3,"Workers": [],"Plans": [{"Node Type": "Seq Scan","Parent Relationship": "Outer","Parallel Aware": true,"Async Capable": false,"Relation Name": "customer","Alias": "customer_1","Startup Cost": 0.00,"Total Cost": 5225.62,"Plan Rows": 1994,"Plan Width": 6,"Actual Startup Time": 0.059,"Actual Total Time": 56.140,"Actual Rows": 12664,"Actual Loops": 3,"Filter": "((c_acctbal > 0.00) AND (SUBSTRING(c_phone FROM 1 FOR 2) = ANY ('{25,14,30,26,28,22,23}'::text[])))","Rows Removed by Filter": 37336,"Workers": []}]}]}]},{"Node Type": "Gather Merge","Parent Relationship": "Outer","Parallel Aware": false,"Async Capable": false,"Startup Cost": 6741.22,"Total Cost": 6821.30,"Plan Rows": 620,"Plan Width": 72,"Actual Startup Time": 141.914,"Actual Total Time": 145.212,"Actual Rows": 21,"Actual Loops": 1,"Workers Planned": 2,"Params Evaluated": ["$1"],"Workers Launched": 2,"Plans": [{"Node Type": "Aggregate","Strategy": "Sorted","Partial Mode": "Partial","Parent Relationship": "Outer","Parallel Aware": false,"Async Capable": false,"Startup Cost": 5741.19,"Total Cost": 5749.72,"Plan Rows": 310,"Plan Width": 72,"Actual Startup Time": 72.318,"Actual Total Time": 72.606,"Actual Rows": 7,"Actual Loops": 3,"Group Key": ["(SUBSTRING(customer.c_phone FROM 1 FOR 2))"],"Workers": [],"Plans": [{"Node Type": "Sort","Parent Relationship": "Outer","Parallel Aware": false,"Async Capable": false,"Startup Cost": 5741.19,"Total Cost": 5741.97,"Plan Rows": 310,"Plan Width": 38,"Actual Startup Time": 72.238,"Actual Total Time": 72.314,"Actual Rows": 2101,"Actual Loops": 3,"Sort Key": ["(SUBSTRING(customer.c_phone FROM 1 FOR 2))"],"Sort Method": "quicksort","Sort Space Used": 233,"Sort Space Type": "Memory","Workers": [{"Worker Number": 0,"Sort Method": "quicksort","Sort Space Used": 156,"Sort Space Type": "Memory"},{"Worker Number": 1,"Sort Method": "quicksort","Sort Space Used": 149,"Sort Space Type": "Memory"}],"Plans": [{"Node Type": "Nested Loop","Parent Relationship": "Outer","Parallel Aware": false,"Async Capable": false,"Join Type": "Anti","Startup Cost": 0.43,"Total Cost": 5728.36,"Plan Rows": 310,"Plan Width": 38,"Actual Startup Time": 0.151,"Actual Total Time": 71.407,"Actual Rows": 2101,"Actual Loops": 3,"Inner Unique": false,"Workers": [],"Plans": [{"Node Type": "Seq Scan","Parent Relationship": "Outer","Parallel Aware": true,"Async Capable": false,"Relation Name": "customer","Alias": "customer","Startup Cost": 0.00,"Total Cost": 5225.62,"Plan Rows": 729,"Plan Width": 26,"Actual Startup Time": 0.038,"Actual Total Time": 47.051,"Actual Rows": 6321,"Actual Loops": 3,"Filter": "((c_acctbal > $1) AND (SUBSTRING(c_phone FROM 1 FOR 2) = ANY ('{25,14,30,26,28,22,23}'::text[])))","Rows Removed by Filter": 43679,"Workers": []},{"Node Type": "Index Only Scan","Parent Relationship": "Inner","Parallel Aware": false,"Async Capable": false,"Scan Direction": "Forward","Index Name": "idx_orders_custkey","Relation Name": "orders","Alias": "orders","Startup Cost": 0.43,"Total Cost": 3.28,"Plan Rows": 17,"Plan Width": 4,"Actual Startup Time": 0.004,"Actual Total Time": 0.004,"Actual Rows": 1,"Actual Loops": 18962,"Index Cond": "(o_custkey = customer.c_custkey)","Rows Removed by Index Recheck": 0,"Heap Fetches": 0,"Workers": []}]}]}]}]}]},"Planning Time": 3.898,"Triggers": [],"Execution Time": 145.841}]
[{"Plan": {"Node Type": "Aggregate","Strategy": "Sorted","Partial Mode": "Finalize","Parallel Aware": false,"Async Capable": false,"Startup Cost": 12972.06,"Total Cost": 13071.37,"Plan Rows": 744,"Plan Width": 72,"Actual Startup Time": 130.601,"Actual Total Time": 135.337,"Actual Rows": 7,"Actual Loops": 1,"Group Key": ["(SUBSTRING(customer.c_phone FROM 1 FOR 2))"],"Plans": [{"Node Type": "Aggregate","Strategy": "Plain","Partial Mode": "Finalize","Parent Relationship": "InitPlan","Subplan Name": "InitPlan 1 (returns $1)","Parallel Aware": false,"Async Capable": false,"Startup Cost": 6230.83,"Total Cost": 6230.84,"Plan Rows": 1,"Plan Width": 32,"Actual Startup Time": 60.066,"Actual Total Time": 60.252,"Actual Rows": 1,"Actual Loops": 1,"Plans": [{"Node Type": "Gather","Parent Relationship": "Outer","Parallel Aware": false,"Async Capable": false,"Startup Cost": 6230.61,"Total Cost": 6230.82,"Plan Rows": 2,"Plan Width": 32,"Actual Startup Time": 59.948,"Actual Total Time": 60.236,"Actual Rows": 3,"Actual Loops": 1,"Workers Planned": 2,"Workers Launched": 2,"Single Copy": false,"Plans": [{"Node Type": "Aggregate","Strategy": "Plain","Partial Mode": "Partial","Parent Relationship": "Outer","Parallel Aware": false,"Async Capable": false,"Startup Cost": 5230.61,"Total Cost": 5230.62,"Plan Rows": 1,"Plan Width": 32,"Actual Startup Time": 54.079,"Actual Total Time": 54.082,"Actual Rows": 1,"Actual Loops": 3,"Workers": [],"Plans": [{"Node Type": "Seq Scan","Parent Relationship": "Outer","Parallel Aware": true,"Async Capable": false,"Relation Name": "customer","Alias": "customer_1","Startup Cost": 0.00,"Total Cost": 5225.62,"Plan Rows": 1994,"Plan Width": 6,"Actual Startup Time": 0.043,"Actual Total Time": 53.003,"Actual Rows": 12720,"Actual Loops": 3,"Filter": "((c_acctbal > 0.00) AND (SUBSTRING(c_phone FROM 1 FOR 2) = ANY ('{15,11,34,18,31,32,27}'::text[])))","Rows Removed by Filter": 37280,"Workers": []}]}]}]},{"Node Type": "Gather Merge","Parent Relationship": "Outer","Parallel Aware": false,"Async Capable": false,"Startup Cost": 6741.22,"Total Cost": 6821.30,"Plan Rows": 620,"Plan Width": 72,"Actual Startup Time": 130.507,"Actual Total Time": 135.103,"Actual Rows": 21,"Actual Loops": 1,"Workers Planned": 2,"Params Evaluated": ["$1"],"Workers Launched": 2,"Plans": [{"Node Type": "Aggregate","Strategy": "Sorted","Partial Mode": "Partial","Parent Relationship": "Outer","Parallel Aware": false,"Async Capable": false,"Startup Cost": 5741.19,"Total Cost": 5749.72,"Plan Rows": 310,"Plan Width": 72,"Actual Startup Time": 63.316,"Actual Total Time": 63.628,"Actual Rows": 7,"Actual Loops": 3,"Group Key": ["(SUBSTRING(customer.c_phone FROM 1 FOR 2))"],"Workers": [],"Plans": [{"Node Type": "Sort","Parent Relationship": "Outer","Parallel Aware": false,"Async Capable": false,"Startup Cost": 5741.19,"Total Cost": 5741.97,"Plan Rows": 310,"Plan Width": 38,"Actual Startup Time": 63.241,"Actual Total Time": 63.328,"Actual Rows": 2137,"Actual Loops": 3,"Sort Key": ["(SUBSTRING(customer.c_phone FROM 1 FOR 2))"],"Sort Method": "quicksort","Sort Space Used": 233,"Sort Space Type": "Memory","Workers": [{"Worker Number": 0,"Sort Method": "quicksort","Sort Space Used": 156,"Sort Space Type": "Memory"},{"Worker Number": 1,"Sort Method": "quicksort","Sort Space Used": 155,"Sort Space Type": "Memory"}],"Plans": [{"Node Type": "Nested Loop","Parent Relationship": "Outer","Parallel Aware": false,"Async Capable": false,"Join Type": "Anti","Startup Cost": 0.43,"Total Cost": 5728.36,"Plan Rows": 310,"Plan Width": 38,"Actual Startup Time": 0.121,"Actual Total Time": 62.418,"Actual Rows": 2137,"Actual Loops": 3,"Inner Unique": false,"Workers": [],"Plans": [{"Node Type": "Seq Scan","Parent Relationship": "Outer","Parallel Aware": true,"Async Capable": false,"Relation Name": "customer","Alias": "customer","Startup Cost": 0.00,"Total Cost": 5225.62,"Plan Rows": 729,"Plan Width": 26,"Actual Startup Time": 0.038,"Actual Total Time": 41.028,"Actual Rows": 6354,"Actual Loops": 3,"Filter": "((c_acctbal > $1) AND (SUBSTRING(c_phone FROM 1 FOR 2) = ANY ('{15,11,34,18,31,32,27}'::text[])))","Rows Removed by Filter": 43646,"Workers": []},{"Node Type": "Index Only Scan","Parent Relationship": "Inner","Parallel Aware": false,"Async Capable": false,"Scan Direction": "Forward","Index Name": "idx_orders_custkey","Relation Name": "orders","Alias": "orders","Startup Cost": 0.43,"Total Cost": 3.28,"Plan Rows": 17,"Plan Width": 4,"Actual Startup Time": 0.003,"Actual Total Time": 0.003,"Actual Rows": 1,"Actual Loops": 19061,"Index Cond": "(o_custkey = customer.c_custkey)","Rows Removed by Index Recheck": 0,"Heap Fetches": 0,"Workers": []}]}]}]}]}]},"Planning Time": 3.945,"Triggers": [],"Execution Time": 135.659}]
[{"Plan": {"Node Type": "Aggregate","Strategy": "Sorted","Partial Mode": "Finalize","Parallel Aware": false,"Async Capable": false,"Startup Cost": 12972.06,"Total Cost": 13071.37,"Plan Rows": 744,"Plan Width": 72,"Actual Startup Time": 138.128,"Actual Total Time": 141.673,"Actual Rows": 7,"Actual Loops": 1,"Group Key": ["(SUBSTRING(customer.c_phone FROM 1 FOR 2))"],"Plans": [{"Node Type": "Aggregate","Strategy": "Plain","Partial Mode": "Finalize","Parent Relationship": "InitPlan","Subplan Name": "InitPlan 1 (returns $1)","Parallel Aware": false,"Async Capable": false,"Startup Cost": 6230.83,"Total Cost": 6230.84,"Plan Rows": 1,"Plan Width": 32,"Actual Startup Time": 60.726,"Actual Total Time": 60.925,"Actual Rows": 1,"Actual Loops": 1,"Plans": [{"Node Type": "Gather","Parent Relationship": "Outer","Parallel Aware": false,"Async Capable": false,"Startup Cost": 6230.61,"Total Cost": 6230.82,"Plan Rows": 2,"Plan Width": 32,"Actual Startup Time": 60.654,"Actual Total Time": 60.916,"Actual Rows": 3,"Actual Loops": 1,"Workers Planned": 2,"Workers Launched": 2,"Single Copy": false,"Plans": [{"Node Type": "Aggregate","Strategy": "Plain","Partial Mode": "Partial","Parent Relationship": "Outer","Parallel Aware": false,"Async Capable": false,"Startup Cost": 5230.61,"Total Cost": 5230.62,"Plan Rows": 1,"Plan Width": 32,"Actual Startup Time": 54.505,"Actual Total Time": 54.509,"Actual Rows": 1,"Actual Loops": 3,"Workers": [],"Plans": [{"Node Type": "Seq Scan","Parent Relationship": "Outer","Parallel Aware": true,"Async Capable": false,"Relation Name": "customer","Alias": "customer_1","Startup Cost": 0.00,"Total Cost": 5225.62,"Plan Rows": 1994,"Plan Width": 6,"Actual Startup Time": 0.056,"Actual Total Time": 53.432,"Actual Rows": 12746,"Actual Loops": 3,"Filter": "((c_acctbal > 0.00) AND (SUBSTRING(c_phone FROM 1 FOR 2) = ANY ('{13,20,18,33,22,16,11}'::text[])))","Rows Removed by Filter": 37254,"Workers": []}]}]}]},{"Node Type": "Gather Merge","Parent Relationship": "Outer","Parallel Aware": false,"Async Capable": false,"Startup Cost": 6741.22,"Total Cost": 6821.30,"Plan Rows": 620,"Plan Width": 72,"Actual Startup Time": 138.019,"Actual Total Time": 141.410,"Actual Rows": 21,"Actual Loops": 1,"Workers Planned": 2,"Params Evaluated": ["$1"],"Workers Launched": 2,"Plans": [{"Node Type": "Aggregate","Strategy": "Sorted","Partial Mode": "Partial","Parent Relationship": "Outer","Parallel Aware": false,"Async Capable": false,"Startup Cost": 5741.19,"Total Cost": 5749.72,"Plan Rows": 310,"Plan Width": 72,"Actual Startup Time": 70.654,"Actual Total Time": 70.948,"Actual Rows": 7,"Actual Loops": 3,"Group Key": ["(SUBSTRING(customer.c_phone FROM 1 FOR 2))"],"Workers": [],"Plans": [{"Node Type": "Sort","Parent Relationship": "Outer","Parallel Aware": false,"Async Capable": false,"Startup Cost": 5741.19,"Total Cost": 5741.97,"Plan Rows": 310,"Plan Width": 38,"Actual Startup Time": 70.585,"Actual Total Time": 70.664,"Actual Rows": 2129,"Actual Loops": 3,"Sort Key": ["(SUBSTRING(customer.c_phone FROM 1 FOR 2))"],"Sort Method": "quicksort","Sort Space Used": 233,"Sort Space Type": "Memory","Workers": [{"Worker Number": 0,"Sort Method": "quicksort","Sort Space Used": 150,"Sort Space Type": "Memory"},{"Worker Number": 1,"Sort Method": "quicksort","Sort Space Used": 159,"Sort Space Type": "Memory"}],"Plans": [{"Node Type": "Nested Loop","Parent Relationship": "Outer","Parallel Aware": false,"Async Capable": false,"Join Type": "Anti","Startup Cost": 0.43,"Total Cost": 5728.36,"Plan Rows": 310,"Plan Width": 38,"Actual Startup Time": 0.178,"Actual Total Time": 69.766,"Actual Rows": 2129,"Actual Loops": 3,"Inner Unique": false,"Workers": [],"Plans": [{"Node Type": "Seq Scan","Parent Relationship": "Outer","Parallel Aware": true,"Async Capable": false,"Relation Name": "customer","Alias": "customer","Startup Cost": 0.00,"Total Cost": 5225.62,"Plan Rows": 729,"Plan Width": 26,"Actual Startup Time": 0.031,"Actual Total Time": 45.504,"Actual Rows": 6355,"Actual Loops": 3,"Filter": "((c_acctbal > $1) AND (SUBSTRING(c_phone FROM 1 FOR 2) = ANY ('{13,20,18,33,22,16,11}'::text[])))","Rows Removed by Filter": 43645,"Workers": []},{"Node Type": "Index Only Scan","Parent Relationship": "Inner","Parallel Aware": false,"Async Capable": false,"Scan Direction": "Forward","Index Name": "idx_orders_custkey","Relation Name": "orders","Alias": "orders","Startup Cost": 0.43,"Total Cost": 3.28,"Plan Rows": 17,"Plan Width": 4,"Actual Startup Time": 0.003,"Actual Total Time": 0.003,"Actual Rows": 1,"Actual Loops": 19066,"Index Cond": "(o_custkey = customer.c_custkey)","Rows Removed by Index Recheck": 0,"Heap Fetches": 0,"Workers": []}]}]}]}]}]},"Planning Time": 4.011,"Triggers": [],"Execution Time": 142.063}]
[{"Plan": {"Node Type": "Aggregate","Strategy": "Sorted","Partial Mode": "Finalize","Parallel Aware": false,"Async Capable": false,"Startup Cost": 12972.06,"Total Cost": 13071.37,"Plan Rows": 744,"Plan Width": 72,"Actual Startup Time": 134.508,"Actual Total Time": 138.257,"Actual Rows": 7,"Actual Loops": 1,"Group Key": ["(SUBSTRING(customer.c_phone FROM 1 FOR 2))"],"Plans": [{"Node Type": "Aggregate","Strategy": "Plain","Partial Mode": "Finalize","Parent Relationship": "InitPlan","Subplan Name": "InitPlan 1 (returns $1)","Parallel Aware": false,"Async Capable": false,"Startup Cost": 6230.83,"Total Cost": 6230.84,"Plan Rows": 1,"Plan Width": 32,"Actual Startup Time": 59.217,"Actual Total Time": 59.426,"Actual Rows": 1,"Actual Loops": 1,"Plans": [{"Node Type": "Gather","Parent Relationship": "Outer","Parallel Aware": false,"Async Capable": false,"Startup Cost": 6230.61,"Total Cost": 6230.82,"Plan Rows": 2,"Plan Width": 32,"Actual Startup Time": 59.121,"Actual Total Time": 59.411,"Actual Rows": 3,"Actual Loops": 1,"Workers Planned": 2,"Workers Launched": 2,"Single Copy": false,"Plans": [{"Node Type": "Aggregate","Strategy": "Plain","Partial Mode": "Partial","Parent Relationship": "Outer","Parallel Aware": false,"Async Capable": false,"Startup Cost": 5230.61,"Total Cost": 5230.62,"Plan Rows": 1,"Plan Width": 32,"Actual Startup Time": 53.243,"Actual Total Time": 53.243,"Actual Rows": 1,"Actual Loops": 3,"Workers": [],"Plans": [{"Node Type": "Seq Scan","Parent Relationship": "Outer","Parallel Aware": true,"Async Capable": false,"Relation Name": "customer","Alias": "customer_1","Startup Cost": 0.00,"Total Cost": 5225.62,"Plan Rows": 1994,"Plan Width": 6,"Actual Startup Time": 0.042,"Actual Total Time": 52.159,"Actual Rows": 12834,"Actual Loops": 3,"Filter": "((c_acctbal > 0.00) AND (SUBSTRING(c_phone FROM 1 FOR 2) = ANY ('{14,32,19,25,11,33,29}'::text[])))","Rows Removed by Filter": 37166,"Workers": []}]}]}]},{"Node Type": "Gather Merge","Parent Relationship": "Outer","Parallel Aware": false,"Async Capable": false,"Startup Cost": 6741.22,"Total Cost": 6821.30,"Plan Rows": 620,"Plan Width": 72,"Actual Startup Time": 134.379,"Actual Total Time": 137.996,"Actual Rows": 21,"Actual Loops": 1,"Workers Planned": 2,"Params Evaluated": ["$1"],"Workers Launched": 2,"Plans": [{"Node Type": "Aggregate","Strategy": "Sorted","Partial Mode": "Partial","Parent Relationship": "Outer","Parallel Aware": false,"Async Capable": false,"Startup Cost": 5741.19,"Total Cost": 5749.72,"Plan Rows": 310,"Plan Width": 72,"Actual Startup Time": 68.444,"Actual Total Time": 68.751,"Actual Rows": 7,"Actual Loops": 3,"Group Key": ["(SUBSTRING(customer.c_phone FROM 1 FOR 2))"],"Workers": [],"Plans": [{"Node Type": "Sort","Parent Relationship": "Outer","Parallel Aware": false,"Async Capable": false,"Startup Cost": 5741.19,"Total Cost": 5741.97,"Plan Rows": 310,"Plan Width": 38,"Actual Startup Time": 68.376,"Actual Total Time": 68.458,"Actual Rows": 2164,"Actual Loops": 3,"Sort Key": ["(SUBSTRING(customer.c_phone FROM 1 FOR 2))"],"Sort Method": "quicksort","Sort Space Used": 237,"Sort Space Type": "Memory","Workers": [{"Worker Number": 0,"Sort Method": "quicksort","Sort Space Used": 209,"Sort Space Type": "Memory"},{"Worker Number": 1,"Sort Method": "quicksort","Sort Space Used": 151,"Sort Space Type": "Memory"}],"Plans": [{"Node Type": "Nested Loop","Parent Relationship": "Outer","Parallel Aware": false,"Async Capable": false,"Join Type": "Anti","Startup Cost": 0.43,"Total Cost": 5728.36,"Plan Rows": 310,"Plan Width": 38,"Actual Startup Time": 0.173,"Actual Total Time": 67.558,"Actual Rows": 2164,"Actual Loops": 3,"Inner Unique": false,"Workers": [],"Plans": [{"Node Type": "Seq Scan","Parent Relationship": "Outer","Parallel Aware": true,"Async Capable": false,"Relation Name": "customer","Alias": "customer","Startup Cost": 0.00,"Total Cost": 5225.62,"Plan Rows": 729,"Plan Width": 26,"Actual Startup Time": 0.043,"Actual Total Time": 44.617,"Actual Rows": 6412,"Actual Loops": 3,"Filter": "((c_acctbal > $1) AND (SUBSTRING(c_phone FROM 1 FOR 2) = ANY ('{14,32,19,25,11,33,29}'::text[])))","Rows Removed by Filter": 43588,"Workers": []},{"Node Type": "Index Only Scan","Parent Relationship": "Inner","Parallel Aware": false,"Async Capable": false,"Scan Direction": "Forward","Index Name": "idx_orders_custkey","Relation Name": "orders","Alias": "orders","Startup Cost": 0.43,"Total Cost": 3.28,"Plan Rows": 17,"Plan Width": 4,"Actual Startup Time": 0.003,"Actual Total Time": 0.003,"Actual Rows": 1,"Actual Loops": 19236,"Index Cond": "(o_custkey = customer.c_custkey)","Rows Removed by Index Recheck": 0,"Heap Fetches": 0,"Workers": []}]}]}]}]}]},"Planning Time": 4.703,"Triggers": [],"Execution Time": 138.720}]
[{"Plan": {"Node Type": "Aggregate","Strategy": "Sorted","Partial Mode": "Finalize","Parallel Aware": false,"Async Capable": false,"Startup Cost": 12972.06,"Total Cost": 13071.37,"Plan Rows": 744,"Plan Width": 72,"Actual Startup Time": 138.271,"Actual Total Time": 141.854,"Actual Rows": 7,"Actual Loops": 1,"Group Key": ["(SUBSTRING(customer.c_phone FROM 1 FOR 2))"],"Plans": [{"Node Type": "Aggregate","Strategy": "Plain","Partial Mode": "Finalize","Parent Relationship": "InitPlan","Subplan Name": "InitPlan 1 (returns $1)","Parallel Aware": false,"Async Capable": false,"Startup Cost": 6230.83,"Total Cost": 6230.84,"Plan Rows": 1,"Plan Width": 32,"Actual Startup Time": 60.200,"Actual Total Time": 60.400,"Actual Rows": 1,"Actual Loops": 1,"Plans": [{"Node Type": "Gather","Parent Relationship": "Outer","Parallel Aware": false,"Async Capable": false,"Startup Cost": 6230.61,"Total Cost": 6230.82,"Plan Rows": 2,"Plan Width": 32,"Actual Startup Time": 60.088,"Actual Total Time": 60.379,"Actual Rows": 3,"Actual Loops": 1,"Workers Planned": 2,"Workers Launched": 2,"Single Copy": false,"Plans": [{"Node Type": "Aggregate","Strategy": "Plain","Partial Mode": "Partial","Parent Relationship": "Outer","Parallel Aware": false,"Async Capable": false,"Startup Cost": 5230.61,"Total Cost": 5230.62,"Plan Rows": 1,"Plan Width": 32,"Actual Startup Time": 54.156,"Actual Total Time": 54.157,"Actual Rows": 1,"Actual Loops": 3,"Workers": [],"Plans": [{"Node Type": "Seq Scan","Parent Relationship": "Outer","Parallel Aware": true,"Async Capable": false,"Relation Name": "customer","Alias": "customer_1","Startup Cost": 0.00,"Total Cost": 5225.62,"Plan Rows": 1994,"Plan Width": 6,"Actual Startup Time": 0.050,"Actual Total Time": 53.098,"Actual Rows": 12809,"Actual Loops": 3,"Filter": "((c_acctbal > 0.00) AND (SUBSTRING(c_phone FROM 1 FOR 2) = ANY ('{27,17,29,18,32,12,19}'::text[])))","Rows Removed by Filter": 37191,"Workers": []}]}]}]},{"Node Type": "Gather Merge","Parent Relationship": "Outer","Parallel Aware": false,"Async Capable": false,"Startup Cost": 6741.22,"Total Cost": 6821.30,"Plan Rows": 620,"Plan Width": 72,"Actual Startup Time": 138.160,"Actual Total Time": 141.599,"Actual Rows": 21,"Actual Loops": 1,"Workers Planned": 2,"Params Evaluated": ["$1"],"Workers Launched": 2,"Plans": [{"Node Type": "Aggregate","Strategy": "Sorted","Partial Mode": "Partial","Parent Relationship": "Outer","Parallel Aware": false,"Async Capable": false,"Startup Cost": 5741.19,"Total Cost": 5749.72,"Plan Rows": 310,"Plan Width": 72,"Actual Startup Time": 71.342,"Actual Total Time": 71.644,"Actual Rows": 7,"Actual Loops": 3,"Group Key": ["(SUBSTRING(customer.c_phone FROM 1 FOR 2))"],"Workers": [],"Plans": [{"Node Type": "Sort","Parent Relationship": "Outer","Parallel Aware": false,"Async Capable": false,"Startup Cost": 5741.19,"Total Cost": 5741.97,"Plan Rows": 310,"Plan Width": 38,"Actual Startup Time": 71.276,"Actual Total Time": 71.357,"Actual Rows": 2132,"Actual Loops": 3,"Sort Key": ["(SUBSTRING(customer.c_phone FROM 1 FOR 2))"],"Sort Method": "quicksort","Sort Space Used": 230,"Sort Space Type": "Memory","Workers": [{"Worker Number": 0,"Sort Method": "quicksort","Sort Space Used": 154,"Sort Space Type": "Memory"},{"Worker Number": 1,"Sort Method": "quicksort","Sort Space Used": 159,"Sort Space Type": "Memory"}],"Plans": [{"Node Type": "Nested Loop","Parent Relationship": "Outer","Parallel Aware": false,"Async Capable": false,"Join Type": "Anti","Startup Cost": 0.43,"Total Cost": 5728.36,"Plan Rows": 310,"Plan Width": 38,"Actual Startup Time": 0.161,"Actual Total Time": 70.507,"Actual Rows": 2132,"Actual Loops": 3,"Inner Unique": false,"Workers": [],"Plans": [{"Node Type": "Seq Scan","Parent Relationship": "Outer","Parallel Aware": true,"Async Capable": false,"Relation Name": "customer","Alias": "customer","Startup Cost": 0.00,"Total Cost": 5225.62,"Plan Rows": 729,"Plan Width": 26,"Actual Startup Time": 0.033,"Actual Total Time": 46.154,"Actual Rows": 6393,"Actual Loops": 3,"Filter": "((c_acctbal > $1) AND (SUBSTRING(c_phone FROM 1 FOR 2) = ANY ('{27,17,29,18,32,12,19}'::text[])))","Rows Removed by Filter": 43607,"Workers": []},{"Node Type": "Index Only Scan","Parent Relationship": "Inner","Parallel Aware": false,"Async Capable": false,"Scan Direction": "Forward","Index Name": "idx_orders_custkey","Relation Name": "orders","Alias": "orders","Startup Cost": 0.43,"Total Cost": 3.28,"Plan Rows": 17,"Plan Width": 4,"Actual Startup Time": 0.003,"Actual Total Time": 0.003,"Actual Rows": 1,"Actual Loops": 19178,"Index Cond": "(o_custkey = customer.c_custkey)","Rows Removed by Index Recheck": 0,"Heap Fetches": 0,"Workers": []}]}]}]}]}]},"Planning Time": 3.726,"Triggers": [],"Execution Time": 142.166}]
[{"Plan": {"Node Type": "Aggregate","Strategy": "Sorted","Partial Mode": "Finalize","Parallel Aware": false,"Async Capable": false,"Startup Cost": 12972.06,"Total Cost": 13071.37,"Plan Rows": 744,"Plan Width": 72,"Actual Startup Time": 134.612,"Actual Total Time": 138.041,"Actual Rows": 7,"Actual Loops": 1,"Group Key": ["(SUBSTRING(customer.c_phone FROM 1 FOR 2))"],"Plans": [{"Node Type": "Aggregate","Strategy": "Plain","Partial Mode": "Finalize","Parent Relationship": "InitPlan","Subplan Name": "InitPlan 1 (returns $1)","Parallel Aware": false,"Async Capable": false,"Startup Cost": 6230.83,"Total Cost": 6230.84,"Plan Rows": 1,"Plan Width": 32,"Actual Startup Time": 59.074,"Actual Total Time": 59.247,"Actual Rows": 1,"Actual Loops": 1,"Plans": [{"Node Type": "Gather","Parent Relationship": "Outer","Parallel Aware": false,"Async Capable": false,"Startup Cost": 6230.61,"Total Cost": 6230.82,"Plan Rows": 2,"Plan Width": 32,"Actual Startup Time": 58.985,"Actual Total Time": 59.229,"Actual Rows": 3,"Actual Loops": 1,"Workers Planned": 2,"Workers Launched": 2,"Single Copy": false,"Plans": [{"Node Type": "Aggregate","Strategy": "Plain","Partial Mode": "Partial","Parent Relationship": "Outer","Parallel Aware": false,"Async Capable": false,"Startup Cost": 5230.61,"Total Cost": 5230.62,"Plan Rows": 1,"Plan Width": 32,"Actual Startup Time": 52.995,"Actual Total Time": 52.996,"Actual Rows": 1,"Actual Loops": 3,"Workers": [],"Plans": [{"Node Type": "Seq Scan","Parent Relationship": "Outer","Parallel Aware": true,"Async Capable": false,"Relation Name": "customer","Alias": "customer_1","Startup Cost": 0.00,"Total Cost": 5225.62,"Plan Rows": 1994,"Plan Width": 6,"Actual Startup Time": 0.047,"Actual Total Time": 51.910,"Actual Rows": 12839,"Actual Loops": 3,"Filter": "((c_acctbal > 0.00) AND (SUBSTRING(c_phone FROM 1 FOR 2) = ANY ('{23,32,29,16,12,28,18}'::text[])))","Rows Removed by Filter": 37161,"Workers": []}]}]}]},{"Node Type": "Gather Merge","Parent Relationship": "Outer","Parallel Aware": false,"Async Capable": false,"Startup Cost": 6741.22,"Total Cost": 6821.30,"Plan Rows": 620,"Plan Width": 72,"Actual Startup Time": 134.452,"Actual Total Time": 137.787,"Actual Rows": 21,"Actual Loops": 1,"Workers Planned": 2,"Params Evaluated": ["$1"],"Workers Launched": 2,"Plans": [{"Node Type": "Aggregate","Strategy": "Sorted","Partial Mode": "Partial","Parent Relationship": "Outer","Parallel Aware": false,"Async Capable": false,"Startup Cost": 5741.19,"Total Cost": 5749.72,"Plan Rows": 310,"Plan Width": 72,"Actual Startup Time": 68.406,"Actual Total Time": 68.702,"Actual Rows": 7,"Actual Loops": 3,"Group Key": ["(SUBSTRING(customer.c_phone FROM 1 FOR 2))"],"Workers": [],"Plans": [{"Node Type": "Sort","Parent Relationship": "Outer","Parallel Aware": false,"Async Capable": false,"Startup Cost": 5741.19,"Total Cost": 5741.97,"Plan Rows": 310,"Plan Width": 38,"Actual Startup Time": 68.341,"Actual Total Time": 68.419,"Actual Rows": 2134,"Actual Loops": 3,"Sort Key": ["(SUBSTRING(customer.c_phone FROM 1 FOR 2))"],"Sort Method": "quicksort","Sort Space Used": 235,"Sort Space Type": "Memory","Workers": [{"Worker Number": 0,"Sort Method": "quicksort","Sort Space Used": 156,"Sort Space Type": "Memory"},{"Worker Number": 1,"Sort Method": "quicksort","Sort Space Used": 151,"Sort Space Type": "Memory"}],"Plans": [{"Node Type": "Nested Loop","Parent Relationship": "Outer","Parallel Aware": false,"Async Capable": false,"Join Type": "Anti","Startup Cost": 0.43,"Total Cost": 5728.36,"Plan Rows": 310,"Plan Width": 38,"Actual Startup Time": 0.175,"Actual Total Time": 67.537,"Actual Rows": 2134,"Actual Loops": 3,"Inner Unique": false,"Workers": [],"Plans": [{"Node Type": "Seq Scan","Parent Relationship": "Outer","Parallel Aware": true,"Async Capable": false,"Relation Name": "customer","Alias": "customer","Startup Cost": 0.00,"Total Cost": 5225.62,"Plan Rows": 729,"Plan Width": 26,"Actual Startup Time": 0.040,"Actual Total Time": 44.400,"Actual Rows": 6416,"Actual Loops": 3,"Filter": "((c_acctbal > $1) AND (SUBSTRING(c_phone FROM 1 FOR 2) = ANY ('{23,32,29,16,12,28,18}'::text[])))","Rows Removed by Filter": 43584,"Workers": []},{"Node Type": "Index Only Scan","Parent Relationship": "Inner","Parallel Aware": false,"Async Capable": false,"Scan Direction": "Forward","Index Name": "idx_orders_custkey","Relation Name": "orders","Alias": "orders","Startup Cost": 0.43,"Total Cost": 3.28,"Plan Rows": 17,"Plan Width": 4,"Actual Startup Time": 0.003,"Actual Total Time": 0.003,"Actual Rows": 1,"Actual Loops": 19249,"Index Cond": "(o_custkey = customer.c_custkey)","Rows Removed by Index Recheck": 0,"Heap Fetches": 0,"Workers": []}]}]}]}]}]},"Planning Time": 4.632,"Triggers": [],"Execution Time": 138.512}]
[{"Plan": {"Node Type": "Aggregate","Strategy": "Sorted","Partial Mode": "Finalize","Parallel Aware": false,"Async Capable": false,"Startup Cost": 12972.06,"Total Cost": 13071.37,"Plan Rows": 744,"Plan Width": 72,"Actual Startup Time": 138.393,"Actual Total Time": 141.549,"Actual Rows": 7,"Actual Loops": 1,"Group Key": ["(SUBSTRING(customer.c_phone FROM 1 FOR 2))"],"Plans": [{"Node Type": "Aggregate","Strategy": "Plain","Partial Mode": "Finalize","Parent Relationship": "InitPlan","Subplan Name": "InitPlan 1 (returns $1)","Parallel Aware": false,"Async Capable": false,"Startup Cost": 6230.83,"Total Cost": 6230.84,"Plan Rows": 1,"Plan Width": 32,"Actual Startup Time": 60.798,"Actual Total Time": 60.964,"Actual Rows": 1,"Actual Loops": 1,"Plans": [{"Node Type": "Gather","Parent Relationship": "Outer","Parallel Aware": false,"Async Capable": false,"Startup Cost": 6230.61,"Total Cost": 6230.82,"Plan Rows": 2,"Plan Width": 32,"Actual Startup Time": 60.666,"Actual Total Time": 60.948,"Actual Rows": 3,"Actual Loops": 1,"Workers Planned": 2,"Workers Launched": 2,"Single Copy": false,"Plans": [{"Node Type": "Aggregate","Strategy": "Plain","Partial Mode": "Partial","Parent Relationship": "Outer","Parallel Aware": false,"Async Capable": false,"Startup Cost": 5230.61,"Total Cost": 5230.62,"Plan Rows": 1,"Plan Width": 32,"Actual Startup Time": 54.497,"Actual Total Time": 54.499,"Actual Rows": 1,"Actual Loops": 3,"Workers": [],"Plans": [{"Node Type": "Seq Scan","Parent Relationship": "Outer","Parallel Aware": true,"Async Capable": false,"Relation Name": "customer","Alias": "customer_1","Startup Cost": 0.00,"Total Cost": 5225.62,"Plan Rows": 1994,"Plan Width": 6,"Actual Startup Time": 0.066,"Actual Total Time": 53.453,"Actual Rows": 12714,"Actual Loops": 3,"Filter": "((c_acctbal > 0.00) AND (SUBSTRING(c_phone FROM 1 FOR 2) = ANY ('{26,25,18,14,27,24,33}'::text[])))","Rows Removed by Filter": 37286,"Workers": []}]}]}]},{"Node Type": "Gather Merge","Parent Relationship": "Outer","Parallel Aware": false,"Async Capable": false,"Startup Cost": 6741.22,"Total Cost": 6821.30,"Plan Rows": 620,"Plan Width": 72,"Actual Startup Time": 138.248,"Actual Total Time": 141.309,"Actual Rows": 21,"Actual Loops": 1,"Workers Planned": 2,"Params Evaluated": ["$1"],"Workers Launched": 2,"Plans": [{"Node Type": "Aggregate","Strategy": "Sorted","Partial Mode": "Partial","Parent Relationship": "Outer","Parallel Aware": false,"Async Capable": false,"Startup Cost": 5741.19,"Total Cost": 5749.72,"Plan Rows": 310,"Plan Width": 72,"Actual Startup Time": 70.661,"Actual Total Time": 70.959,"Actual Rows": 7,"Actual Loops": 3,"Group Key": ["(SUBSTRING(customer.c_phone FROM 1 FOR 2))"],"Workers": [],"Plans": [{"Node Type": "Sort","Parent Relationship": "Outer","Parallel Aware": false,"Async Capable": false,"Startup Cost": 5741.19,"Total Cost": 5741.97,"Plan Rows": 310,"Plan Width": 38,"Actual Startup Time": 70.588,"Actual Total Time": 70.669,"Actual Rows": 2128,"Actual Loops": 3,"Sort Key": ["(SUBSTRING(customer.c_phone FROM 1 FOR 2))"],"Sort Method": "quicksort","Sort Space Used": 236,"Sort Space Type": "Memory","Workers": [{"Worker Number": 0,"Sort Method": "quicksort","Sort Space Used": 151,"Sort Space Type": "Memory"},{"Worker Number": 1,"Sort Method": "quicksort","Sort Space Used": 156,"Sort Space Type": "Memory"}],"Plans": [{"Node Type": "Nested Loop","Parent Relationship": "Outer","Parallel Aware": false,"Async Capable": false,"Join Type": "Anti","Startup Cost": 0.43,"Total Cost": 5728.36,"Plan Rows": 310,"Plan Width": 38,"Actual Startup Time": 0.165,"Actual Total Time": 69.770,"Actual Rows": 2128,"Actual Loops": 3,"Inner Unique": false,"Workers": [],"Plans": [{"Node Type": "Seq Scan","Parent Relationship": "Outer","Parallel Aware": true,"Async Capable": false,"Relation Name": "customer","Alias": "customer","Startup Cost": 0.00,"Total Cost": 5225.62,"Plan Rows": 729,"Plan Width": 26,"Actual Startup Time": 0.033,"Actual Total Time": 45.557,"Actual Rows": 6358,"Actual Loops": 3,"Filter": "((c_acctbal > $1) AND (SUBSTRING(c_phone FROM 1 FOR 2) = ANY ('{26,25,18,14,27,24,33}'::text[])))","Rows Removed by Filter": 43642,"Workers": []},{"Node Type": "Index Only Scan","Parent Relationship": "Inner","Parallel Aware": false,"Async Capable": false,"Scan Direction": "Forward","Index Name": "idx_orders_custkey","Relation Name": "orders","Alias": "orders","Startup Cost": 0.43,"Total Cost": 3.28,"Plan Rows": 17,"Plan Width": 4,"Actual Startup Time": 0.003,"Actual Total Time": 0.003,"Actual Rows": 1,"Actual Loops": 19075,"Index Cond": "(o_custkey = customer.c_custkey)","Rows Removed by Index Recheck": 0,"Heap Fetches": 0,"Workers": []}]}]}]}]}]},"Planning Time": 4.417,"Triggers": [],"Execution Time": 141.943}]
[{"Plan": {"Node Type": "Aggregate","Strategy": "Sorted","Partial Mode": "Finalize","Parallel Aware": false,"Async Capable": false,"Startup Cost": 12972.06,"Total Cost": 13071.37,"Plan Rows": 744,"Plan Width": 72,"Actual Startup Time": 138.276,"Actual Total Time": 141.742,"Actual Rows": 7,"Actual Loops": 1,"Group Key": ["(SUBSTRING(customer.c_phone FROM 1 FOR 2))"],"Plans": [{"Node Type": "Aggregate","Strategy": "Plain","Partial Mode": "Finalize","Parent Relationship": "InitPlan","Subplan Name": "InitPlan 1 (returns $1)","Parallel Aware": false,"Async Capable": false,"Startup Cost": 6230.83,"Total Cost": 6230.84,"Plan Rows": 1,"Plan Width": 32,"Actual Startup Time": 60.192,"Actual Total Time": 60.345,"Actual Rows": 1,"Actual Loops": 1,"Plans": [{"Node Type": "Gather","Parent Relationship": "Outer","Parallel Aware": false,"Async Capable": false,"Startup Cost": 6230.61,"Total Cost": 6230.82,"Plan Rows": 2,"Plan Width": 32,"Actual Startup Time": 60.094,"Actual Total Time": 60.327,"Actual Rows": 3,"Actual Loops": 1,"Workers Planned": 2,"Workers Launched": 2,"Single Copy": false,"Plans": [{"Node Type": "Aggregate","Strategy": "Plain","Partial Mode": "Partial","Parent Relationship": "Outer","Parallel Aware": false,"Async Capable": false,"Startup Cost": 5230.61,"Total Cost": 5230.62,"Plan Rows": 1,"Plan Width": 32,"Actual Startup Time": 53.850,"Actual Total Time": 53.853,"Actual Rows": 1,"Actual Loops": 3,"Workers": [],"Plans": [{"Node Type": "Seq Scan","Parent Relationship": "Outer","Parallel Aware": true,"Async Capable": false,"Relation Name": "customer","Alias": "customer_1","Startup Cost": 0.00,"Total Cost": 5225.62,"Plan Rows": 1994,"Plan Width": 6,"Actual Startup Time": 0.043,"Actual Total Time": 52.770,"Actual Rows": 12731,"Actual Loops": 3,"Filter": "((c_acctbal > 0.00) AND (SUBSTRING(c_phone FROM 1 FOR 2) = ANY ('{13,14,28,20,31,33,27}'::text[])))","Rows Removed by Filter": 37269,"Workers": []}]}]}]},{"Node Type": "Gather Merge","Parent Relationship": "Outer","Parallel Aware": false,"Async Capable": false,"Startup Cost": 6741.22,"Total Cost": 6821.30,"Plan Rows": 620,"Plan Width": 72,"Actual Startup Time": 138.147,"Actual Total Time": 141.537,"Actual Rows": 21,"Actual Loops": 1,"Workers Planned": 2,"Params Evaluated": ["$1"],"Workers Launched": 2,"Plans": [{"Node Type": "Aggregate","Strategy": "Sorted","Partial Mode": "Partial","Parent Relationship": "Outer","Parallel Aware": false,"Async Capable": false,"Startup Cost": 5741.19,"Total Cost": 5749.72,"Plan Rows": 310,"Plan Width": 72,"Actual Startup Time": 71.199,"Actual Total Time": 71.505,"Actual Rows": 7,"Actual Loops": 3,"Group Key": ["(SUBSTRING(customer.c_phone FROM 1 FOR 2))"],"Workers": [],"Plans": [{"Node Type": "Sort","Parent Relationship": "Outer","Parallel Aware": false,"Async Capable": false,"Startup Cost": 5741.19,"Total Cost": 5741.97,"Plan Rows": 310,"Plan Width": 38,"Actual Startup Time": 71.127,"Actual Total Time": 71.210,"Actual Rows": 2144,"Actual Loops": 3,"Sort Key": ["(SUBSTRING(customer.c_phone FROM 1 FOR 2))"],"Sort Method": "quicksort","Sort Space Used": 235,"Sort Space Type": "Memory","Workers": [{"Worker Number": 0,"Sort Method": "quicksort","Sort Space Used": 152,"Sort Space Type": "Memory"},{"Worker Number": 1,"Sort Method": "quicksort","Sort Space Used": 157,"Sort Space Type": "Memory"}],"Plans": [{"Node Type": "Nested Loop","Parent Relationship": "Outer","Parallel Aware": false,"Async Capable": false,"Join Type": "Anti","Startup Cost": 0.43,"Total Cost": 5728.36,"Plan Rows": 310,"Plan Width": 38,"Actual Startup Time": 0.145,"Actual Total Time": 70.328,"Actual Rows": 2144,"Actual Loops": 3,"Inner Unique": false,"Workers": [],"Plans": [{"Node Type": "Seq Scan","Parent Relationship": "Outer","Parallel Aware": true,"Async Capable": false,"Relation Name": "customer","Alias": "customer","Startup Cost": 0.00,"Total Cost": 5225.62,"Plan Rows": 729,"Plan Width": 26,"Actual Startup Time": 0.041,"Actual Total Time": 46.345,"Actual Rows": 6344,"Actual Loops": 3,"Filter": "((c_acctbal > $1) AND (SUBSTRING(c_phone FROM 1 FOR 2) = ANY ('{13,14,28,20,31,33,27}'::text[])))","Rows Removed by Filter": 43656,"Workers": []},{"Node Type": "Index Only Scan","Parent Relationship": "Inner","Parallel Aware": false,"Async Capable": false,"Scan Direction": "Forward","Index Name": "idx_orders_custkey","Relation Name": "orders","Alias": "orders","Startup Cost": 0.43,"Total Cost": 3.28,"Plan Rows": 17,"Plan Width": 4,"Actual Startup Time": 0.003,"Actual Total Time": 0.003,"Actual Rows": 1,"Actual Loops": 19033,"Index Cond": "(o_custkey = customer.c_custkey)","Rows Removed by Index Recheck": 0,"Heap Fetches": 0,"Workers": []}]}]}]}]}]},"Planning Time": 4.124,"Triggers": [],"Execution Time": 142.057}]
[{"Plan": {"Node Type": "Aggregate","Strategy": "Sorted","Partial Mode": "Finalize","Parallel Aware": false,"Async Capable": false,"Startup Cost": 12972.06,"Total Cost": 13071.37,"Plan Rows": 744,"Plan Width": 72,"Actual Startup Time": 141.623,"Actual Total Time": 145.151,"Actual Rows": 7,"Actual Loops": 1,"Group Key": ["(SUBSTRING(customer.c_phone FROM 1 FOR 2))"],"Plans": [{"Node Type": "Aggregate","Strategy": "Plain","Partial Mode": "Finalize","Parent Relationship": "InitPlan","Subplan Name": "InitPlan 1 (returns $1)","Parallel Aware": false,"Async Capable": false,"Startup Cost": 6230.83,"Total Cost": 6230.84,"Plan Rows": 1,"Plan Width": 32,"Actual Startup Time": 62.289,"Actual Total Time": 62.458,"Actual Rows": 1,"Actual Loops": 1,"Plans": [{"Node Type": "Gather","Parent Relationship": "Outer","Parallel Aware": false,"Async Capable": false,"Startup Cost": 6230.61,"Total Cost": 6230.82,"Plan Rows": 2,"Plan Width": 32,"Actual Startup Time": 62.203,"Actual Total Time": 62.448,"Actual Rows": 3,"Actual Loops": 1,"Workers Planned": 2,"Workers Launched": 2,"Single Copy": false,"Plans": [{"Node Type": "Aggregate","Strategy": "Plain","Partial Mode": "Partial","Parent Relationship": "Outer","Parallel Aware": false,"Async Capable": false,"Startup Cost": 5230.61,"Total Cost": 5230.62,"Plan Rows": 1,"Plan Width": 32,"Actual Startup Time": 56.348,"Actual Total Time": 56.349,"Actual Rows": 1,"Actual Loops": 3,"Workers": [],"Plans": [{"Node Type": "Seq Scan","Parent Relationship": "Outer","Parallel Aware": true,"Async Capable": false,"Relation Name": "customer","Alias": "customer_1","Startup Cost": 0.00,"Total Cost": 5225.62,"Plan Rows": 1994,"Plan Width": 6,"Actual Startup Time": 0.063,"Actual Total Time": 55.281,"Actual Rows": 12714,"Actual Loops": 3,"Filter": "((c_acctbal > 0.00) AND (SUBSTRING(c_phone FROM 1 FOR 2) = ANY ('{32,19,26,30,31,25,17}'::text[])))","Rows Removed by Filter": 37286,"Workers": []}]}]}]},{"Node Type": "Gather Merge","Parent Relationship": "Outer","Parallel Aware": false,"Async Capable": false,"Startup Cost": 6741.22,"Total Cost": 6821.30,"Plan Rows": 620,"Plan Width": 72,"Actual Startup Time": 141.528,"Actual Total Time": 144.942,"Actual Rows": 21,"Actual Loops": 1,"Workers Planned": 2,"Params Evaluated": ["$1"],"Workers Launched": 2,"Plans": [{"Node Type": "Aggregate","Strategy": "Sorted","Partial Mode": "Partial","Parent Relationship": "Outer","Parallel Aware": false,"Async Capable": false,"Startup Cost": 5741.19,"Total Cost": 5749.72,"Plan Rows": 310,"Plan Width": 72,"Actual Startup Time": 72.547,"Actual Total Time": 72.852,"Actual Rows": 7,"Actual Loops": 3,"Group Key": ["(SUBSTRING(customer.c_phone FROM 1 FOR 2))"],"Workers": [],"Plans": [{"Node Type": "Sort","Parent Relationship": "Outer","Parallel Aware": false,"Async Capable": false,"Startup Cost": 5741.19,"Total Cost": 5741.97,"Plan Rows": 310,"Plan Width": 38,"Actual Startup Time": 72.481,"Actual Total Time": 72.560,"Actual Rows": 2103,"Actual Loops": 3,"Sort Key": ["(SUBSTRING(customer.c_phone FROM 1 FOR 2))"],"Sort Method": "quicksort","Sort Space Used": 233,"Sort Space Type": "Memory","Workers": [{"Worker Number": 0,"Sort Method": "quicksort","Sort Space Used": 154,"Sort Space Type": "Memory"},{"Worker Number": 1,"Sort Method": "quicksort","Sort Space Used": 151,"Sort Space Type": "Memory"}],"Plans": [{"Node Type": "Nested Loop","Parent Relationship": "Outer","Parallel Aware": false,"Async Capable": false,"Join Type": "Anti","Startup Cost": 0.43,"Total Cost": 5728.36,"Plan Rows": 310,"Plan Width": 38,"Actual Startup Time": 0.159,"Actual Total Time": 71.691,"Actual Rows": 2103,"Actual Loops": 3,"Inner Unique": false,"Workers": [],"Plans": [{"Node Type": "Seq Scan","Parent Relationship": "Outer","Parallel Aware": true,"Async Capable": false,"Relation Name": "customer","Alias": "customer","Startup Cost": 0.00,"Total Cost": 5225.62,"Plan Rows": 729,"Plan Width": 26,"Actual Startup Time": 0.038,"Actual Total Time": 47.134,"Actual Rows": 6351,"Actual Loops": 3,"Filter": "((c_acctbal > $1) AND (SUBSTRING(c_phone FROM 1 FOR 2) = ANY ('{32,19,26,30,31,25,17}'::text[])))","Rows Removed by Filter": 43649,"Workers": []},{"Node Type": "Index Only Scan","Parent Relationship": "Inner","Parallel Aware": false,"Async Capable": false,"Scan Direction": "Forward","Index Name": "idx_orders_custkey","Relation Name": "orders","Alias": "orders","Startup Cost": 0.43,"Total Cost": 3.28,"Plan Rows": 17,"Plan Width": 4,"Actual Startup Time": 0.004,"Actual Total Time": 0.004,"Actual Rows": 1,"Actual Loops": 19052,"Index Cond": "(o_custkey = customer.c_custkey)","Rows Removed by Index Recheck": 0,"Heap Fetches": 0,"Workers": []}]}]}]}]}]},"Planning Time": 4.004,"Triggers": [],"Execution Time": 145.512}]
[{"Plan": {"Node Type": "Aggregate","Strategy": "Sorted","Partial Mode": "Finalize","Parallel Aware": false,"Async Capable": false,"Startup Cost": 12972.06,"Total Cost": 13071.37,"Plan Rows": 744,"Plan Width": 72,"Actual Startup Time": 136.996,"Actual Total Time": 140.273,"Actual Rows": 7,"Actual Loops": 1,"Group Key": ["(SUBSTRING(customer.c_phone FROM 1 FOR 2))"],"Plans": [{"Node Type": "Aggregate","Strategy": "Plain","Partial Mode": "Finalize","Parent Relationship": "InitPlan","Subplan Name": "InitPlan 1 (returns $1)","Parallel Aware": false,"Async Capable": false,"Startup Cost": 6230.83,"Total Cost": 6230.84,"Plan Rows": 1,"Plan Width": 32,"Actual Startup Time": 59.745,"Actual Total Time": 59.918,"Actual Rows": 1,"Actual Loops": 1,"Plans": [{"Node Type": "Gather","Parent Relationship": "Outer","Parallel Aware": false,"Async Capable": false,"Startup Cost": 6230.61,"Total Cost": 6230.82,"Plan Rows": 2,"Plan Width": 32,"Actual Startup Time": 59.660,"Actual Total Time": 59.902,"Actual Rows": 3,"Actual Loops": 1,"Workers Planned": 2,"Workers Launched": 2,"Single Copy": false,"Plans": [{"Node Type": "Aggregate","Strategy": "Plain","Partial Mode": "Partial","Parent Relationship": "Outer","Parallel Aware": false,"Async Capable": false,"Startup Cost": 5230.61,"Total Cost": 5230.62,"Plan Rows": 1,"Plan Width": 32,"Actual Startup Time": 53.651,"Actual Total Time": 53.652,"Actual Rows": 1,"Actual Loops": 3,"Workers": [],"Plans": [{"Node Type": "Seq Scan","Parent Relationship": "Outer","Parallel Aware": true,"Async Capable": false,"Relation Name": "customer","Alias": "customer_1","Startup Cost": 0.00,"Total Cost": 5225.62,"Plan Rows": 1994,"Plan Width": 6,"Actual Startup Time": 0.057,"Actual Total Time": 52.554,"Actual Rows": 12820,"Actual Loops": 3,"Filter": "((c_acctbal > 0.00) AND (SUBSTRING(c_phone FROM 1 FOR 2) = ANY ('{20,28,32,22,16,34,19}'::text[])))","Rows Removed by Filter": 37180,"Workers": []}]}]}]},{"Node Type": "Gather Merge","Parent Relationship": "Outer","Parallel Aware": false,"Async Capable": false,"Startup Cost": 6741.22,"Total Cost": 6821.30,"Plan Rows": 620,"Plan Width": 72,"Actual Startup Time": 136.858,"Actual Total Time": 140.032,"Actual Rows": 21,"Actual Loops": 1,"Workers Planned": 2,"Params Evaluated": ["$1"],"Workers Launched": 2,"Plans": [{"Node Type": "Aggregate","Strategy": "Sorted","Partial Mode": "Partial","Parent Relationship": "Outer","Parallel Aware": false,"Async Capable": false,"Startup Cost": 5741.19,"Total Cost": 5749.72,"Plan Rows": 310,"Plan Width": 72,"Actual Startup Time": 70.463,"Actual Total Time": 70.766,"Actual Rows": 7,"Actual Loops": 3,"Group Key": ["(SUBSTRING(customer.c_phone FROM 1 FOR 2))"],"Workers": [],"Plans": [{"Node Type": "Sort","Parent Relationship": "Outer","Parallel Aware": false,"Async Capable": false,"Startup Cost": 5741.19,"Total Cost": 5741.97,"Plan Rows": 310,"Plan Width": 38,"Actual Startup Time": 70.389,"Actual Total Time": 70.470,"Actual Rows": 2142,"Actual Loops": 3,"Sort Key": ["(SUBSTRING(customer.c_phone FROM 1 FOR 2))"],"Sort Method": "quicksort","Sort Space Used": 233,"Sort Space Type": "Memory","Workers": [{"Worker Number": 0,"Sort Method": "quicksort","Sort Space Used": 153,"Sort Space Type": "Memory"},{"Worker Number": 1,"Sort Method": "quicksort","Sort Space Used": 158,"Sort Space Type": "Memory"}],"Plans": [{"Node Type": "Nested Loop","Parent Relationship": "Outer","Parallel Aware": false,"Async Capable": false,"Join Type": "Anti","Startup Cost": 0.43,"Total Cost": 5728.36,"Plan Rows": 310,"Plan Width": 38,"Actual Startup Time": 0.140,"Actual Total Time": 69.629,"Actual Rows": 2142,"Actual Loops": 3,"Inner Unique": false,"Workers": [],"Plans": [{"Node Type": "Seq Scan","Parent Relationship": "Outer","Parallel Aware": true,"Async Capable": false,"Relation Name": "customer","Alias": "customer","Startup Cost": 0.00,"Total Cost": 5225.62,"Plan Rows": 729,"Plan Width": 26,"Actual Startup Time": 0.033,"Actual Total Time": 45.717,"Actual Rows": 6427,"Actual Loops": 3,"Filter": "((c_acctbal > $1) AND (SUBSTRING(c_phone FROM 1 FOR 2) = ANY ('{20,28,32,22,16,34,19}'::text[])))","Rows Removed by Filter": 43573,"Workers": []},{"Node Type": "Index Only Scan","Parent Relationship": "Inner","Parallel Aware": false,"Async Capable": false,"Scan Direction": "Forward","Index Name": "idx_orders_custkey","Relation Name": "orders","Alias": "orders","Startup Cost": 0.43,"Total Cost": 3.28,"Plan Rows": 17,"Plan Width": 4,"Actual Startup Time": 0.003,"Actual Total Time": 0.003,"Actual Rows": 1,"Actual Loops": 19282,"Index Cond": "(o_custkey = customer.c_custkey)","Rows Removed by Index Recheck": 0,"Heap Fetches": 0,"Workers": []}]}]}]}]}]},"Planning Time": 4.303,"Triggers": [],"Execution Time": 140.581}]
[{"Plan": {"Node Type": "Aggregate","Strategy": "Sorted","Partial Mode": "Finalize","Parallel Aware": false,"Async Capable": false,"Startup Cost": 12972.06,"Total Cost": 13071.37,"Plan Rows": 744,"Plan Width": 72,"Actual Startup Time": 132.912,"Actual Total Time": 136.639,"Actual Rows": 7,"Actual Loops": 1,"Group Key": ["(SUBSTRING(customer.c_phone FROM 1 FOR 2))"],"Plans": [{"Node Type": "Aggregate","Strategy": "Plain","Partial Mode": "Finalize","Parent Relationship": "InitPlan","Subplan Name": "InitPlan 1 (returns $1)","Parallel Aware": false,"Async Capable": false,"Startup Cost": 6230.83,"Total Cost": 6230.84,"Plan Rows": 1,"Plan Width": 32,"Actual Startup Time": 61.119,"Actual Total Time": 61.368,"Actual Rows": 1,"Actual Loops": 1,"Plans": [{"Node Type": "Gather","Parent Relationship": "Outer","Parallel Aware": false,"Async Capable": false,"Startup Cost": 6230.61,"Total Cost": 6230.82,"Plan Rows": 2,"Plan Width": 32,"Actual Startup Time": 61.033,"Actual Total Time": 61.351,"Actual Rows": 3,"Actual Loops": 1,"Workers Planned": 2,"Workers Launched": 2,"Single Copy": false,"Plans": [{"Node Type": "Aggregate","Strategy": "Plain","Partial Mode": "Partial","Parent Relationship": "Outer","Parallel Aware": false,"Async Capable": false,"Startup Cost": 5230.61,"Total Cost": 5230.62,"Plan Rows": 1,"Plan Width": 32,"Actual Startup Time": 54.948,"Actual Total Time": 54.951,"Actual Rows": 1,"Actual Loops": 3,"Workers": [],"Plans": [{"Node Type": "Seq Scan","Parent Relationship": "Outer","Parallel Aware": true,"Async Capable": false,"Relation Name": "customer","Alias": "customer_1","Startup Cost": 0.00,"Total Cost": 5225.62,"Plan Rows": 1994,"Plan Width": 6,"Actual Startup Time": 0.049,"Actual Total Time": 53.918,"Actual Rows": 12649,"Actual Loops": 3,"Filter": "((c_acctbal > 0.00) AND (SUBSTRING(c_phone FROM 1 FOR 2) = ANY ('{11,15,22,28,24,17,21}'::text[])))","Rows Removed by Filter": 37351,"Workers": []}]}]}]},{"Node Type": "Gather Merge","Parent Relationship": "Outer","Parallel Aware": false,"Async Capable": false,"Startup Cost": 6741.22,"Total Cost": 6821.30,"Plan Rows": 620,"Plan Width": 72,"Actual Startup Time": 132.817,"Actual Total Time": 136.337,"Actual Rows": 21,"Actual Loops": 1,"Workers Planned": 2,"Params Evaluated": ["$1"],"Workers Launched": 2,"Plans": [{"Node Type": "Aggregate","Strategy": "Sorted","Partial Mode": "Partial","Parent Relationship": "Outer","Parallel Aware": false,"Async Capable": false,"Startup Cost": 5741.19,"Total Cost": 5749.72,"Plan Rows": 310,"Plan Width": 72,"Actual Startup Time": 65.017,"Actual Total Time": 65.318,"Actual Rows": 7,"Actual Loops": 3,"Group Key": ["(SUBSTRING(customer.c_phone FROM 1 FOR 2))"],"Workers": [],"Plans": [{"Node Type": "Sort","Parent Relationship": "Outer","Parallel Aware": false,"Async Capable": false,"Startup Cost": 5741.19,"Total Cost": 5741.97,"Plan Rows": 310,"Plan Width": 38,"Actual Startup Time": 64.936,"Actual Total Time": 65.017,"Actual Rows": 2114,"Actual Loops": 3,"Sort Key": ["(SUBSTRING(customer.c_phone FROM 1 FOR 2))"],"Sort Method": "quicksort","Sort Space Used": 229,"Sort Space Type": "Memory","Workers": [{"Worker Number": 0,"Sort Method": "quicksort","Sort Space Used": 155,"Sort Space Type": "Memory"},{"Worker Number": 1,"Sort Method": "quicksort","Sort Space Used": 156,"Sort Space Type": "Memory"}],"Plans": [{"Node Type": "Nested Loop","Parent Relationship": "Outer","Parallel Aware": false,"Async Capable": false,"Join Type": "Anti","Startup Cost": 0.43,"Total Cost": 5728.36,"Plan Rows": 310,"Plan Width": 38,"Actual Startup Time": 0.131,"Actual Total Time": 64.130,"Actual Rows": 2114,"Actual Loops": 3,"Inner Unique": false,"Workers": [],"Plans": [{"Node Type": "Seq Scan","Parent Relationship": "Outer","Parallel Aware": true,"Async Capable": false,"Relation Name": "customer","Alias": "customer","Startup Cost": 0.00,"Total Cost": 5225.62,"Plan Rows": 729,"Plan Width": 26,"Actual Startup Time": 0.026,"Actual Total Time": 43.506,"Actual Rows": 6310,"Actual Loops": 3,"Filter": "((c_acctbal > $1) AND (SUBSTRING(c_phone FROM 1 FOR 2) = ANY ('{11,15,22,28,24,17,21}'::text[])))","Rows Removed by Filter": 43690,"Workers": []},{"Node Type": "Index Only Scan","Parent Relationship": "Inner","Parallel Aware": false,"Async Capable": false,"Scan Direction": "Forward","Index Name": "idx_orders_custkey","Relation Name": "orders","Alias": "orders","Startup Cost": 0.43,"Total Cost": 3.28,"Plan Rows": 17,"Plan Width": 4,"Actual Startup Time": 0.003,"Actual Total Time": 0.003,"Actual Rows": 1,"Actual Loops": 18930,"Index Cond": "(o_custkey = customer.c_custkey)","Rows Removed by Index Recheck": 0,"Heap Fetches": 0,"Workers": []}]}]}]}]}]},"Planning Time": 4.987,"Triggers": [],"Execution Time": 137.120}]
[{"Plan": {"Node Type": "Aggregate","Strategy": "Sorted","Partial Mode": "Finalize","Parallel Aware": false,"Async Capable": false,"Startup Cost": 12972.06,"Total Cost": 13071.37,"Plan Rows": 744,"Plan Width": 72,"Actual Startup Time": 138.099,"Actual Total Time": 141.557,"Actual Rows": 7,"Actual Loops": 1,"Group Key": ["(SUBSTRING(customer.c_phone FROM 1 FOR 2))"],"Plans": [{"Node Type": "Aggregate","Strategy": "Plain","Partial Mode": "Finalize","Parent Relationship": "InitPlan","Subplan Name": "InitPlan 1 (returns $1)","Parallel Aware": false,"Async Capable": false,"Startup Cost": 6230.83,"Total Cost": 6230.84,"Plan Rows": 1,"Plan Width": 32,"Actual Startup Time": 60.141,"Actual Total Time": 60.315,"Actual Rows": 1,"Actual Loops": 1,"Plans": [{"Node Type": "Gather","Parent Relationship": "Outer","Parallel Aware": false,"Async Capable": false,"Startup Cost": 6230.61,"Total Cost": 6230.82,"Plan Rows": 2,"Plan Width": 32,"Actual Startup Time": 60.022,"Actual Total Time": 60.295,"Actual Rows": 3,"Actual Loops": 1,"Workers Planned": 2,"Workers Launched": 2,"Single Copy": false,"Plans": [{"Node Type": "Aggregate","Strategy": "Plain","Partial Mode": "Partial","Parent Relationship": "Outer","Parallel Aware": false,"Async Capable": false,"Startup Cost": 5230.61,"Total Cost": 5230.62,"Plan Rows": 1,"Plan Width": 32,"Actual Startup Time": 53.988,"Actual Total Time": 53.990,"Actual Rows": 1,"Actual Loops": 3,"Workers": [],"Plans": [{"Node Type": "Seq Scan","Parent Relationship": "Outer","Parallel Aware": true,"Async Capable": false,"Relation Name": "customer","Alias": "customer_1","Startup Cost": 0.00,"Total Cost": 5225.62,"Plan Rows": 1994,"Plan Width": 6,"Actual Startup Time": 0.059,"Actual Total Time": 52.898,"Actual Rows": 12780,"Actual Loops": 3,"Filter": "((c_acctbal > 0.00) AND (SUBSTRING(c_phone FROM 1 FOR 2) = ANY ('{25,12,29,11,19,18,26}'::text[])))","Rows Removed by Filter": 37220,"Workers": []}]}]}]},{"Node Type": "Gather Merge","Parent Relationship": "Outer","Parallel Aware": false,"Async Capable": false,"Startup Cost": 6741.22,"Total Cost": 6821.30,"Plan Rows": 620,"Plan Width": 72,"Actual Startup Time": 138.002,"Actual Total Time": 141.324,"Actual Rows": 21,"Actual Loops": 1,"Workers Planned": 2,"Params Evaluated": ["$1"],"Workers Launched": 2,"Plans": [{"Node Type": "Aggregate","Strategy": "Sorted","Partial Mode": "Partial","Parent Relationship": "Outer","Parallel Aware": false,"Async Capable": false,"Startup Cost": 5741.19,"Total Cost": 5749.72,"Plan Rows": 310,"Plan Width": 72,"Actual Startup Time": 71.072,"Actual Total Time": 71.369,"Actual Rows": 7,"Actual Loops": 3,"Group Key": ["(SUBSTRING(customer.c_phone FROM 1 FOR 2))"],"Workers": [],"Plans": [{"Node Type": "Sort","Parent Relationship": "Outer","Parallel Aware": false,"Async Capable": false,"Startup Cost": 5741.19,"Total Cost": 5741.97,"Plan Rows": 310,"Plan Width": 38,"Actual Startup Time": 71.001,"Actual Total Time": 71.079,"Actual Rows": 2119,"Actual Loops": 3,"Sort Key": ["(SUBSTRING(customer.c_phone FROM 1 FOR 2))"],"Sort Method": "quicksort","Sort Space Used": 232,"Sort Space Type": "Memory","Workers": [{"Worker Number": 0,"Sort Method": "quicksort","Sort Space Used": 150,"Sort Space Type": "Memory"},{"Worker Number": 1,"Sort Method": "quicksort","Sort Space Used": 159,"Sort Space Type": "Memory"}],"Plans": [{"Node Type": "Nested Loop","Parent Relationship": "Outer","Parallel Aware": false,"Async Capable": false,"Join Type": "Anti","Startup Cost": 0.43,"Total Cost": 5728.36,"Plan Rows": 310,"Plan Width": 38,"Actual Startup Time": 0.184,"Actual Total Time": 70.236,"Actual Rows": 2119,"Actual Loops": 3,"Inner Unique": false,"Workers": [],"Plans": [{"Node Type": "Seq Scan","Parent Relationship": "Outer","Parallel Aware": true,"Async Capable": false,"Relation Name": "customer","Alias": "customer","Startup Cost": 0.00,"Total Cost": 5225.62,"Plan Rows": 729,"Plan Width": 26,"Actual Startup Time": 0.033,"Actual Total Time": 46.063,"Actual Rows": 6382,"Actual Loops": 3,"Filter": "((c_acctbal > $1) AND (SUBSTRING(c_phone FROM 1 FOR 2) = ANY ('{25,12,29,11,19,18,26}'::text[])))","Rows Removed by Filter": 43618,"Workers": []},{"Node Type": "Index Only Scan","Parent Relationship": "Inner","Parallel Aware": false,"Async Capable": false,"Scan Direction": "Forward","Index Name": "idx_orders_custkey","Relation Name": "orders","Alias": "orders","Startup Cost": 0.43,"Total Cost": 3.28,"Plan Rows": 17,"Plan Width": 4,"Actual Startup Time": 0.003,"Actual Total Time": 0.003,"Actual Rows": 1,"Actual Loops": 19147,"Index Cond": "(o_custkey = customer.c_custkey)","Rows Removed by Index Recheck": 0,"Heap Fetches": 0,"Workers": []}]}]}]}]}]},"Planning Time": 4.396,"Triggers": [],"Execution Time": 141.870}]
[{"Plan": {"Node Type": "Aggregate","Strategy": "Sorted","Partial Mode": "Finalize","Parallel Aware": false,"Async Capable": false,"Startup Cost": 12972.06,"Total Cost": 13071.37,"Plan Rows": 744,"Plan Width": 72,"Actual Startup Time": 134.227,"Actual Total Time": 137.815,"Actual Rows": 7,"Actual Loops": 1,"Group Key": ["(SUBSTRING(customer.c_phone FROM 1 FOR 2))"],"Plans": [{"Node Type": "Aggregate","Strategy": "Plain","Partial Mode": "Finalize","Parent Relationship": "InitPlan","Subplan Name": "InitPlan 1 (returns $1)","Parallel Aware": false,"Async Capable": false,"Startup Cost": 6230.83,"Total Cost": 6230.84,"Plan Rows": 1,"Plan Width": 32,"Actual Startup Time": 61.919,"Actual Total Time": 62.155,"Actual Rows": 1,"Actual Loops": 1,"Plans": [{"Node Type": "Gather","Parent Relationship": "Outer","Parallel Aware": false,"Async Capable": false,"Startup Cost": 6230.61,"Total Cost": 6230.82,"Plan Rows": 2,"Plan Width": 32,"Actual Startup Time": 61.781,"Actual Total Time": 62.131,"Actual Rows": 3,"Actual Loops": 1,"Workers Planned": 2,"Workers Launched": 2,"Single Copy": false,"Plans": [{"Node Type": "Aggregate","Strategy": "Plain","Partial Mode": "Partial","Parent Relationship": "Outer","Parallel Aware": false,"Async Capable": false,"Startup Cost": 5230.61,"Total Cost": 5230.62,"Plan Rows": 1,"Plan Width": 32,"Actual Startup Time": 55.661,"Actual Total Time": 55.666,"Actual Rows": 1,"Actual Loops": 3,"Workers": [],"Plans": [{"Node Type": "Seq Scan","Parent Relationship": "Outer","Parallel Aware": true,"Async Capable": false,"Relation Name": "customer","Alias": "customer_1","Startup Cost": 0.00,"Total Cost": 5225.62,"Plan Rows": 1994,"Plan Width": 6,"Actual Startup Time": 0.057,"Actual Total Time": 54.615,"Actual Rows": 12683,"Actual Loops": 3,"Filter": "((c_acctbal > 0.00) AND (SUBSTRING(c_phone FROM 1 FOR 2) = ANY ('{16,20,32,21,17,15,25}'::text[])))","Rows Removed by Filter": 37317,"Workers": []}]}]}]},{"Node Type": "Gather Merge","Parent Relationship": "Outer","Parallel Aware": false,"Async Capable": false,"Startup Cost": 6741.22,"Total Cost": 6821.30,"Plan Rows": 620,"Plan Width": 72,"Actual Startup Time": 134.132,"Actual Total Time": 137.526,"Actual Rows": 21,"Actual Loops": 1,"Workers Planned": 2,"Params Evaluated": ["$1"],"Workers Launched": 2,"Plans": [{"Node Type": "Aggregate","Strategy": "Sorted","Partial Mode": "Partial","Parent Relationship": "Outer","Parallel Aware": false,"Async Capable": false,"Startup Cost": 5741.19,"Total Cost": 5749.72,"Plan Rows": 310,"Plan Width": 72,"Actual Startup Time": 65.279,"Actual Total Time": 65.583,"Actual Rows": 7,"Actual Loops": 3,"Group Key": ["(SUBSTRING(customer.c_phone FROM 1 FOR 2))"],"Workers": [],"Plans": [{"Node Type": "Sort","Parent Relationship": "Outer","Parallel Aware": false,"Async Capable": false,"Startup Cost": 5741.19,"Total Cost": 5741.97,"Plan Rows": 310,"Plan Width": 38,"Actual Startup Time": 65.201,"Actual Total Time": 65.291,"Actual Rows": 2105,"Actual Loops": 3,"Sort Key": ["(SUBSTRING(customer.c_phone FROM 1 FOR 2))"],"Sort Method": "quicksort","Sort Space Used": 228,"Sort Space Type": "Memory","Workers": [{"Worker Number": 0,"Sort Method": "quicksort","Sort Space Used": 155,"Sort Space Type": "Memory"},{"Worker Number": 1,"Sort Method": "quicksort","Sort Space Used": 156,"Sort Space Type": "Memory"}],"Plans": [{"Node Type": "Nested Loop","Parent Relationship": "Outer","Parallel Aware": false,"Async Capable": false,"Join Type": "Anti","Startup Cost": 0.43,"Total Cost": 5728.36,"Plan Rows": 310,"Plan Width": 38,"Actual Startup Time": 0.173,"Actual Total Time": 64.388,"Actual Rows": 2105,"Actual Loops": 3,"Inner Unique": false,"Workers": [],"Plans": [{"Node Type": "Seq Scan","Parent Relationship": "Outer","Parallel Aware": true,"Async Capable": false,"Relation Name": "customer","Alias": "customer","Startup Cost": 0.00,"Total Cost": 5225.62,"Plan Rows": 729,"Plan Width": 26,"Actual Startup Time": 0.039,"Actual Total Time": 43.461,"Actual Rows": 6341,"Actual Loops": 3,"Filter": "((c_acctbal > $1) AND (SUBSTRING(c_phone FROM 1 FOR 2) = ANY ('{16,20,32,21,17,15,25}'::text[])))","Rows Removed by Filter": 43659,"Workers": []},{"Node Type": "Index Only Scan","Parent Relationship": "Inner","Parallel Aware": false,"Async Capable": false,"Scan Direction": "Forward","Index Name": "idx_orders_custkey","Relation Name": "orders","Alias": "orders","Startup Cost": 0.43,"Total Cost": 3.28,"Plan Rows": 17,"Plan Width": 4,"Actual Startup Time": 0.003,"Actual Total Time": 0.003,"Actual Rows": 1,"Actual Loops": 19022,"Index Cond": "(o_custkey = customer.c_custkey)","Rows Removed by Index Recheck": 0,"Heap Fetches": 0,"Workers": []}]}]}]}]}]},"Planning Time": 4.379,"Triggers": [],"Execution Time": 138.352}]
[{"Plan": {"Node Type": "Aggregate","Strategy": "Sorted","Partial Mode": "Finalize","Parallel Aware": false,"Async Capable": false,"Startup Cost": 12972.06,"Total Cost": 13071.37,"Plan Rows": 744,"Plan Width": 72,"Actual Startup Time": 134.429,"Actual Total Time": 138.044,"Actual Rows": 7,"Actual Loops": 1,"Group Key": ["(SUBSTRING(customer.c_phone FROM 1 FOR 2))"],"Plans": [{"Node Type": "Aggregate","Strategy": "Plain","Partial Mode": "Finalize","Parent Relationship": "InitPlan","Subplan Name": "InitPlan 1 (returns $1)","Parallel Aware": false,"Async Capable": false,"Startup Cost": 6230.83,"Total Cost": 6230.84,"Plan Rows": 1,"Plan Width": 32,"Actual Startup Time": 59.509,"Actual Total Time": 59.723,"Actual Rows": 1,"Actual Loops": 1,"Plans": [{"Node Type": "Gather","Parent Relationship": "Outer","Parallel Aware": false,"Async Capable": false,"Startup Cost": 6230.61,"Total Cost": 6230.82,"Plan Rows": 2,"Plan Width": 32,"Actual Startup Time": 59.394,"Actual Total Time": 59.706,"Actual Rows": 3,"Actual Loops": 1,"Workers Planned": 2,"Workers Launched": 2,"Single Copy": false,"Plans": [{"Node Type": "Aggregate","Strategy": "Plain","Partial Mode": "Partial","Parent Relationship": "Outer","Parallel Aware": false,"Async Capable": false,"Startup Cost": 5230.61,"Total Cost": 5230.62,"Plan Rows": 1,"Plan Width": 32,"Actual Startup Time": 53.558,"Actual Total Time": 53.560,"Actual Rows": 1,"Actual Loops": 3,"Workers": [],"Plans": [{"Node Type": "Seq Scan","Parent Relationship": "Outer","Parallel Aware": true,"Async Capable": false,"Relation Name": "customer","Alias": "customer_1","Startup Cost": 0.00,"Total Cost": 5225.62,"Plan Rows": 1994,"Plan Width": 6,"Actual Startup Time": 0.057,"Actual Total Time": 52.456,"Actual Rows": 12814,"Actual Loops": 3,"Filter": "((c_acctbal > 0.00) AND (SUBSTRING(c_phone FROM 1 FOR 2) = ANY ('{32,33,19,17,22,31,16}'::text[])))","Rows Removed by Filter": 37186,"Workers": []}]}]}]},{"Node Type": "Gather Merge","Parent Relationship": "Outer","Parallel Aware": false,"Async Capable": false,"Startup Cost": 6741.22,"Total Cost": 6821.30,"Plan Rows": 620,"Plan Width": 72,"Actual Startup Time": 134.296,"Actual Total Time": 137.773,"Actual Rows": 21,"Actual Loops": 1,"Workers Planned": 2,"Params Evaluated": ["$1"],"Workers Launched": 2,"Plans": [{"Node Type": "Aggregate","Strategy": "Sorted","Partial Mode": "Partial","Parent Relationship": "Outer","Parallel Aware": false,"Async Capable": false,"Startup Cost": 5741.19,"Total Cost": 5749.72,"Plan Rows": 310,"Plan Width": 72,"Actual Startup Time": 68.071,"Actual Total Time": 68.377,"Actual Rows": 7,"Actual Loops": 3,"Group Key": ["(SUBSTRING(customer.c_phone FROM 1 FOR 2))"],"Workers": [],"Plans": [{"Node Type": "Sort","Parent Relationship": "Outer","Parallel Aware": false,"Async Capable": false,"Startup Cost": 5741.19,"Total Cost": 5741.97,"Plan Rows": 310,"Plan Width": 38,"Actual Startup Time": 68.002,"Actual Total Time": 68.084,"Actual Rows": 2131,"Actual Loops": 3,"Sort Key": ["(SUBSTRING(customer.c_phone FROM 1 FOR 2))"],"Sort Method": "quicksort","Sort Space Used": 235,"Sort Space Type": "Memory","Workers": [{"Worker Number": 0,"Sort Method": "quicksort","Sort Space Used": 158,"Sort Space Type": "Memory"},{"Worker Number": 1,"Sort Method": "quicksort","Sort Space Used": 150,"Sort Space Type": "Memory"}],"Plans": [{"Node Type": "Nested Loop","Parent Relationship": "Outer","Parallel Aware": false,"Async Capable": false,"Join Type": "Anti","Startup Cost": 0.43,"Total Cost": 5728.36,"Plan Rows": 310,"Plan Width": 38,"Actual Startup Time": 0.149,"Actual Total Time": 67.227,"Actual Rows": 2131,"Actual Loops": 3,"Inner Unique": false,"Workers": [],"Plans": [{"Node Type": "Seq Scan","Parent Relationship": "Outer","Parallel Aware": true,"Async Capable": false,"Relation Name": "customer","Alias": "customer","Startup Cost": 0.00,"Total Cost": 5225.62,"Plan Rows": 729,"Plan Width": 26,"Actual Startup Time": 0.034,"Actual Total Time": 44.257,"Actual Rows": 6400,"Actual Loops": 3,"Filter": "((c_acctbal > $1) AND (SUBSTRING(c_phone FROM 1 FOR 2) = ANY ('{32,33,19,17,22,31,16}'::text[])))","Rows Removed by Filter": 43600,"Workers": []},{"Node Type": "Index Only Scan","Parent Relationship": "Inner","Parallel Aware": false,"Async Capable": false,"Scan Direction": "Forward","Index Name": "idx_orders_custkey","Relation Name": "orders","Alias": "orders","Startup Cost": 0.43,"Total Cost": 3.28,"Plan Rows": 17,"Plan Width": 4,"Actual Startup Time": 0.003,"Actual Total Time": 0.003,"Actual Rows": 1,"Actual Loops": 19200,"Index Cond": "(o_custkey = customer.c_custkey)","Rows Removed by Index Recheck": 0,"Heap Fetches": 0,"Workers": []}]}]}]}]}]},"Planning Time": 4.026,"Triggers": [],"Execution Time": 138.360}]
[{"Plan": {"Node Type": "Aggregate","Strategy": "Sorted","Partial Mode": "Finalize","Parallel Aware": false,"Async Capable": false,"Startup Cost": 12972.06,"Total Cost": 13071.37,"Plan Rows": 744,"Plan Width": 72,"Actual Startup Time": 143.263,"Actual Total Time": 146.819,"Actual Rows": 7,"Actual Loops": 1,"Group Key": ["(SUBSTRING(customer.c_phone FROM 1 FOR 2))"],"Plans": [{"Node Type": "Aggregate","Strategy": "Plain","Partial Mode": "Finalize","Parent Relationship": "InitPlan","Subplan Name": "InitPlan 1 (returns $1)","Parallel Aware": false,"Async Capable": false,"Startup Cost": 6230.83,"Total Cost": 6230.84,"Plan Rows": 1,"Plan Width": 32,"Actual Startup Time": 62.745,"Actual Total Time": 62.922,"Actual Rows": 1,"Actual Loops": 1,"Plans": [{"Node Type": "Gather","Parent Relationship": "Outer","Parallel Aware": false,"Async Capable": false,"Startup Cost": 6230.61,"Total Cost": 6230.82,"Plan Rows": 2,"Plan Width": 32,"Actual Startup Time": 62.662,"Actual Total Time": 62.884,"Actual Rows": 3,"Actual Loops": 1,"Workers Planned": 2,"Workers Launched": 2,"Single Copy": false,"Plans": [{"Node Type": "Aggregate","Strategy": "Plain","Partial Mode": "Partial","Parent Relationship": "Outer","Parallel Aware": false,"Async Capable": false,"Startup Cost": 5230.61,"Total Cost": 5230.62,"Plan Rows": 1,"Plan Width": 32,"Actual Startup Time": 56.971,"Actual Total Time": 56.972,"Actual Rows": 1,"Actual Loops": 3,"Workers": [],"Plans": [{"Node Type": "Seq Scan","Parent Relationship": "Outer","Parallel Aware": true,"Async Capable": false,"Relation Name": "customer","Alias": "customer_1","Startup Cost": 0.00,"Total Cost": 5225.62,"Plan Rows": 1994,"Plan Width": 6,"Actual Startup Time": 0.058,"Actual Total Time": 55.899,"Actual Rows": 12765,"Actual Loops": 3,"Filter": "((c_acctbal > 0.00) AND (SUBSTRING(c_phone FROM 1 FOR 2) = ANY ('{30,33,29,23,27,26,32}'::text[])))","Rows Removed by Filter": 37235,"Workers": []}]}]}]},{"Node Type": "Gather Merge","Parent Relationship": "Outer","Parallel Aware": false,"Async Capable": false,"Startup Cost": 6741.22,"Total Cost": 6821.30,"Plan Rows": 620,"Plan Width": 72,"Actual Startup Time": 143.135,"Actual Total Time": 146.562,"Actual Rows": 21,"Actual Loops": 1,"Workers Planned": 2,"Params Evaluated": ["$1"],"Workers Launched": 2,"Plans": [{"Node Type": "Aggregate","Strategy": "Sorted","Partial Mode": "Partial","Parent Relationship": "Outer","Parallel Aware": false,"Async Capable": false,"Startup Cost": 5741.19,"Total Cost": 5749.72,"Plan Rows": 310,"Plan Width": 72,"Actual Startup Time": 73.499,"Actual Total Time": 73.798,"Actual Rows": 7,"Actual Loops": 3,"Group Key": ["(SUBSTRING(customer.c_phone FROM 1 FOR 2))"],"Workers": [],"Plans": [{"Node Type": "Sort","Parent Relationship": "Outer","Parallel Aware": false,"Async Capable": false,"Startup Cost": 5741.19,"Total Cost": 5741.97,"Plan Rows": 310,"Plan Width": 38,"Actual Startup Time": 73.419,"Actual Total Time": 73.501,"Actual Rows": 2121,"Actual Loops": 3,"Sort Key": ["(SUBSTRING(customer.c_phone FROM 1 FOR 2))"],"Sort Method": "quicksort","Sort Space Used": 232,"Sort Space Type": "Memory","Workers": [{"Worker Number": 0,"Sort Method": "quicksort","Sort Space Used": 159,"Sort Space Type": "Memory"},{"Worker Number": 1,"Sort Method": "quicksort","Sort Space Used": 149,"Sort Space Type": "Memory"}],"Plans": [{"Node Type": "Nested Loop","Parent Relationship": "Outer","Parallel Aware": false,"Async Capable": false,"Join Type": "Anti","Startup Cost": 0.43,"Total Cost": 5728.36,"Plan Rows": 310,"Plan Width": 38,"Actual Startup Time": 0.160,"Actual Total Time": 72.592,"Actual Rows": 2121,"Actual Loops": 3,"Inner Unique": false,"Workers": [],"Plans": [{"Node Type": "Seq Scan","Parent Relationship": "Outer","Parallel Aware": true,"Async Capable": false,"Relation Name": "customer","Alias": "customer","Startup Cost": 0.00,"Total Cost": 5225.62,"Plan Rows": 729,"Plan Width": 26,"Actual Startup Time": 0.049,"Actual Total Time": 47.967,"Actual Rows": 6382,"Actual Loops": 3,"Filter": "((c_acctbal > $1) AND (SUBSTRING(c_phone FROM 1 FOR 2) = ANY ('{30,33,29,23,27,26,32}'::text[])))","Rows Removed by Filter": 43618,"Workers": []},{"Node Type": "Index Only Scan","Parent Relationship": "Inner","Parallel Aware": false,"Async Capable": false,"Scan Direction": "Forward","Index Name": "idx_orders_custkey","Relation Name": "orders","Alias": "orders","Startup Cost": 0.43,"Total Cost": 3.28,"Plan Rows": 17,"Plan Width": 4,"Actual Startup Time": 0.004,"Actual Total Time": 0.004,"Actual Rows": 1,"Actual Loops": 19145,"Index Cond": "(o_custkey = customer.c_custkey)","Rows Removed by Index Recheck": 0,"Heap Fetches": 0,"Workers": []}]}]}]}]}]},"Planning Time": 3.681,"Triggers": [],"Execution Time": 147.192}]
[{"Plan": {"Node Type": "Aggregate","Strategy": "Sorted","Partial Mode": "Finalize","Parallel Aware": false,"Async Capable": false,"Startup Cost": 12972.06,"Total Cost": 13071.37,"Plan Rows": 744,"Plan Width": 72,"Actual Startup Time": 138.121,"Actual Total Time": 142.043,"Actual Rows": 7,"Actual Loops": 1,"Group Key": ["(SUBSTRING(customer.c_phone FROM 1 FOR 2))"],"Plans": [{"Node Type": "Aggregate","Strategy": "Plain","Partial Mode": "Finalize","Parent Relationship": "InitPlan","Subplan Name": "InitPlan 1 (returns $1)","Parallel Aware": false,"Async Capable": false,"Startup Cost": 6230.83,"Total Cost": 6230.84,"Plan Rows": 1,"Plan Width": 32,"Actual Startup Time": 60.215,"Actual Total Time": 60.409,"Actual Rows": 1,"Actual Loops": 1,"Plans": [{"Node Type": "Gather","Parent Relationship": "Outer","Parallel Aware": false,"Async Capable": false,"Startup Cost": 6230.61,"Total Cost": 6230.82,"Plan Rows": 2,"Plan Width": 32,"Actual Startup Time": 60.099,"Actual Total Time": 60.393,"Actual Rows": 3,"Actual Loops": 1,"Workers Planned": 2,"Workers Launched": 2,"Single Copy": false,"Plans": [{"Node Type": "Aggregate","Strategy": "Plain","Partial Mode": "Partial","Parent Relationship": "Outer","Parallel Aware": false,"Async Capable": false,"Startup Cost": 5230.61,"Total Cost": 5230.62,"Plan Rows": 1,"Plan Width": 32,"Actual Startup Time": 54.161,"Actual Total Time": 54.162,"Actual Rows": 1,"Actual Loops": 3,"Workers": [],"Plans": [{"Node Type": "Seq Scan","Parent Relationship": "Outer","Parallel Aware": true,"Async Capable": false,"Relation Name": "customer","Alias": "customer_1","Startup Cost": 0.00,"Total Cost": 5225.62,"Plan Rows": 1994,"Plan Width": 6,"Actual Startup Time": 0.056,"Actual Total Time": 53.059,"Actual Rows": 12867,"Actual Loops": 3,"Filter": "((c_acctbal > 0.00) AND (SUBSTRING(c_phone FROM 1 FOR 2) = ANY ('{18,29,32,16,28,22,19}'::text[])))","Rows Removed by Filter": 37133,"Workers": []}]}]}]},{"Node Type": "Gather Merge","Parent Relationship": "Outer","Parallel Aware": false,"Async Capable": false,"Startup Cost": 6741.22,"Total Cost": 6821.30,"Plan Rows": 620,"Plan Width": 72,"Actual Startup Time": 137.989,"Actual Total Time": 141.793,"Actual Rows": 21,"Actual Loops": 1,"Workers Planned": 2,"Params Evaluated": ["$1"],"Workers Launched": 2,"Plans": [{"Node Type": "Aggregate","Strategy": "Sorted","Partial Mode": "Partial","Parent Relationship": "Outer","Parallel Aware": false,"Async Capable": false,"Startup Cost": 5741.19,"Total Cost": 5749.72,"Plan Rows": 310,"Plan Width": 72,"Actual Startup Time": 71.075,"Actual Total Time": 71.386,"Actual Rows": 7,"Actual Loops": 3,"Group Key": ["(SUBSTRING(customer.c_phone FROM 1 FOR 2))"],"Workers": [],"Plans": [{"Node Type": "Sort","Parent Relationship": "Outer","Parallel Aware": false,"Async Capable": false,"Startup Cost": 5741.19,"Total Cost": 5741.97,"Plan Rows": 310,"Plan Width": 38,"Actual Startup Time": 71.010,"Actual Total Time": 71.101,"Actual Rows": 2157,"Actual Loops": 3,"Sort Key": ["(SUBSTRING(customer.c_phone FROM 1 FOR 2))"],"Sort Method": "quicksort","Sort Space Used": 237,"Sort Space Type": "Memory","Workers": [{"Worker Number": 0,"Sort Method": "quicksort","Sort Space Used": 149,"Sort Space Type": "Memory"},{"Worker Number": 1,"Sort Method": "quicksort","Sort Space Used": 209,"Sort Space Type": "Memory"}],"Plans": [{"Node Type": "Nested Loop","Parent Relationship": "Outer","Parallel Aware": false,"Async Capable": false,"Join Type": "Anti","Startup Cost": 0.43,"Total Cost": 5728.36,"Plan Rows": 310,"Plan Width": 38,"Actual Startup Time": 0.199,"Actual Total Time": 70.214,"Actual Rows": 2157,"Actual Loops": 3,"Inner Unique": false,"Workers": [],"Plans": [{"Node Type": "Seq Scan","Parent Relationship": "Outer","Parallel Aware": true,"Async Capable": false,"Relation Name": "customer","Alias": "customer","Startup Cost": 0.00,"Total Cost": 5225.62,"Plan Rows": 729,"Plan Width": 26,"Actual Startup Time": 0.039,"Actual Total Time": 45.826,"Actual Rows": 6449,"Actual Loops": 3,"Filter": "((c_acctbal > $1) AND (SUBSTRING(c_phone FROM 1 FOR 2) = ANY ('{18,29,32,16,28,22,19}'::text[])))","Rows Removed by Filter": 43551,"Workers": []},{"Node Type": "Index Only Scan","Parent Relationship": "Inner","Parallel Aware": false,"Async Capable": false,"Scan Direction": "Forward","Index Name": "idx_orders_custkey","Relation Name": "orders","Alias": "orders","Startup Cost": 0.43,"Total Cost": 3.28,"Plan Rows": 17,"Plan Width": 4,"Actual Startup Time": 0.003,"Actual Total Time": 0.003,"Actual Rows": 1,"Actual Loops": 19347,"Index Cond": "(o_custkey = customer.c_custkey)","Rows Removed by Index Recheck": 0,"Heap Fetches": 0,"Workers": []}]}]}]}]}]},"Planning Time": 4.317,"Triggers": [],"Execution Time": 142.349}]
[{"Plan": {"Node Type": "Aggregate","Strategy": "Sorted","Partial Mode": "Finalize","Parallel Aware": false,"Async Capable": false,"Startup Cost": 12972.06,"Total Cost": 13071.37,"Plan Rows": 744,"Plan Width": 72,"Actual Startup Time": 141.084,"Actual Total Time": 144.517,"Actual Rows": 7,"Actual Loops": 1,"Group Key": ["(SUBSTRING(customer.c_phone FROM 1 FOR 2))"],"Plans": [{"Node Type": "Aggregate","Strategy": "Plain","Partial Mode": "Finalize","Parent Relationship": "InitPlan","Subplan Name": "InitPlan 1 (returns $1)","Parallel Aware": false,"Async Capable": false,"Startup Cost": 6230.83,"Total Cost": 6230.84,"Plan Rows": 1,"Plan Width": 32,"Actual Startup Time": 62.130,"Actual Total Time": 62.283,"Actual Rows": 1,"Actual Loops": 1,"Plans": [{"Node Type": "Gather","Parent Relationship": "Outer","Parallel Aware": false,"Async Capable": false,"Startup Cost": 6230.61,"Total Cost": 6230.82,"Plan Rows": 2,"Plan Width": 32,"Actual Startup Time": 62.054,"Actual Total Time": 62.261,"Actual Rows": 3,"Actual Loops": 1,"Workers Planned": 2,"Workers Launched": 2,"Single Copy": false,"Plans": [{"Node Type": "Aggregate","Strategy": "Plain","Partial Mode": "Partial","Parent Relationship": "Outer","Parallel Aware": false,"Async Capable": false,"Startup Cost": 5230.61,"Total Cost": 5230.62,"Plan Rows": 1,"Plan Width": 32,"Actual Startup Time": 56.252,"Actual Total Time": 56.254,"Actual Rows": 1,"Actual Loops": 3,"Workers": [],"Plans": [{"Node Type": "Seq Scan","Parent Relationship": "Outer","Parallel Aware": true,"Async Capable": false,"Relation Name": "customer","Alias": "customer_1","Startup Cost": 0.00,"Total Cost": 5225.62,"Plan Rows": 1994,"Plan Width": 6,"Actual Startup Time": 0.047,"Actual Total Time": 55.206,"Actual Rows": 12784,"Actual Loops": 3,"Filter": "((c_acctbal > 0.00) AND (SUBSTRING(c_phone FROM 1 FOR 2) = ANY ('{22,27,32,19,20,21,31}'::text[])))","Rows Removed by Filter": 37216,"Workers": []}]}]}]},{"Node Type": "Gather Merge","Parent Relationship": "Outer","Parallel Aware": false,"Async Capable": false,"Startup Cost": 6741.22,"Total Cost": 6821.30,"Plan Rows": 620,"Plan Width": 72,"Actual Startup Time": 140.968,"Actual Total Time": 144.289,"Actual Rows": 21,"Actual Loops": 1,"Workers Planned": 2,"Params Evaluated": ["$1"],"Workers Launched": 2,"Plans": [{"Node Type": "Aggregate","Strategy": "Sorted","Partial Mode": "Partial","Parent Relationship": "Outer","Parallel Aware": false,"Async Capable": false,"Startup Cost": 5741.19,"Total Cost": 5749.72,"Plan Rows": 310,"Plan Width": 72,"Actual Startup Time": 72.350,"Actual Total Time": 72.643,"Actual Rows": 7,"Actual Loops": 3,"Group Key": ["(SUBSTRING(customer.c_phone FROM 1 FOR 2))"],"Workers": [],"Plans": [{"Node Type": "Sort","Parent Relationship": "Outer","Parallel Aware": false,"Async Capable": false,"Startup Cost": 5741.19,"Total Cost": 5741.97,"Plan Rows": 310,"Plan Width": 38,"Actual Startup Time": 72.270,"Actual Total Time": 72.348,"Actual Rows": 2149,"Actual Loops": 3,"Sort Key": ["(SUBSTRING(customer.c_phone FROM 1 FOR 2))"],"Sort Method": "quicksort","Sort Space Used": 235,"Sort Space Type": "Memory","Workers": [{"Worker Number": 0,"Sort Method": "quicksort","Sort Space Used": 156,"Sort Space Type": "Memory"},{"Worker Number": 1,"Sort Method": "quicksort","Sort Space Used": 155,"Sort Space Type": "Memory"}],"Plans": [{"Node Type": "Nested Loop","Parent Relationship": "Outer","Parallel Aware": false,"Async Capable": false,"Join Type": "Anti","Startup Cost": 0.43,"Total Cost": 5728.36,"Plan Rows": 310,"Plan Width": 38,"Actual Startup Time": 0.153,"Actual Total Time": 71.472,"Actual Rows": 2149,"Actual Loops": 3,"Inner Unique": false,"Workers": [],"Plans": [{"Node Type": "Seq Scan","Parent Relationship": "Outer","Parallel Aware": true,"Async Capable": false,"Relation Name": "customer","Alias": "customer","Startup Cost": 0.00,"Total Cost": 5225.62,"Plan Rows": 729,"Plan Width": 26,"Actual Startup Time": 0.038,"Actual Total Time": 47.122,"Actual Rows": 6398,"Actual Loops": 3,"Filter": "((c_acctbal > $1) AND (SUBSTRING(c_phone FROM 1 FOR 2) = ANY ('{22,27,32,19,20,21,31}'::text[])))","Rows Removed by Filter": 43602,"Workers": []},{"Node Type": "Index Only Scan","Parent Relationship": "Inner","Parallel Aware": false,"Async Capable": false,"Scan Direction": "Forward","Index Name": "idx_orders_custkey","Relation Name": "orders","Alias": "orders","Startup Cost": 0.43,"Total Cost": 3.28,"Plan Rows": 17,"Plan Width": 4,"Actual Startup Time": 0.003,"Actual Total Time": 0.003,"Actual Rows": 1,"Actual Loops": 19194,"Index Cond": "(o_custkey = customer.c_custkey)","Rows Removed by Index Recheck": 0,"Heap Fetches": 0,"Workers": []}]}]}]}]}]},"Planning Time": 4.282,"Triggers": [],"Execution Time": 144.812}]
[{"Plan": {"Node Type": "Aggregate","Strategy": "Sorted","Partial Mode": "Finalize","Parallel Aware": false,"Async Capable": false,"Startup Cost": 12972.06,"Total Cost": 13071.37,"Plan Rows": 744,"Plan Width": 72,"Actual Startup Time": 139.578,"Actual Total Time": 142.998,"Actual Rows": 7,"Actual Loops": 1,"Group Key": ["(SUBSTRING(customer.c_phone FROM 1 FOR 2))"],"Plans": [{"Node Type": "Aggregate","Strategy": "Plain","Partial Mode": "Finalize","Parent Relationship": "InitPlan","Subplan Name": "InitPlan 1 (returns $1)","Parallel Aware": false,"Async Capable": false,"Startup Cost": 6230.83,"Total Cost": 6230.84,"Plan Rows": 1,"Plan Width": 32,"Actual Startup Time": 61.728,"Actual Total Time": 61.901,"Actual Rows": 1,"Actual Loops": 1,"Plans": [{"Node Type": "Gather","Parent Relationship": "Outer","Parallel Aware": false,"Async Capable": false,"Startup Cost": 6230.61,"Total Cost": 6230.82,"Plan Rows": 2,"Plan Width": 32,"Actual Startup Time": 61.630,"Actual Total Time": 61.889,"Actual Rows": 3,"Actual Loops": 1,"Workers Planned": 2,"Workers Launched": 2,"Single Copy": false,"Plans": [{"Node Type": "Aggregate","Strategy": "Plain","Partial Mode": "Partial","Parent Relationship": "Outer","Parallel Aware": false,"Async Capable": false,"Startup Cost": 5230.61,"Total Cost": 5230.62,"Plan Rows": 1,"Plan Width": 32,"Actual Startup Time": 55.951,"Actual Total Time": 55.953,"Actual Rows": 1,"Actual Loops": 3,"Workers": [],"Plans": [{"Node Type": "Seq Scan","Parent Relationship": "Outer","Parallel Aware": true,"Async Capable": false,"Relation Name": "customer","Alias": "customer_1","Startup Cost": 0.00,"Total Cost": 5225.62,"Plan Rows": 1994,"Plan Width": 6,"Actual Startup Time": 0.060,"Actual Total Time": 54.873,"Actual Rows": 12670,"Actual Loops": 3,"Filter": "((c_acctbal > 0.00) AND (SUBSTRING(c_phone FROM 1 FOR 2) = ANY ('{12,18,14,15,24,11,30}'::text[])))","Rows Removed by Filter": 37330,"Workers": []}]}]}]},{"Node Type": "Gather Merge","Parent Relationship": "Outer","Parallel Aware": false,"Async Capable": false,"Startup Cost": 6741.22,"Total Cost": 6821.30,"Plan Rows": 620,"Plan Width": 72,"Actual Startup Time": 139.436,"Actual Total Time": 142.738,"Actual Rows": 21,"Actual Loops": 1,"Workers Planned": 2,"Params Evaluated": ["$1"],"Workers Launched": 2,"Plans": [{"Node Type": "Aggregate","Strategy": "Sorted","Partial Mode": "Partial","Parent Relationship": "Outer","Parallel Aware": false,"Async Capable": false,"Startup Cost": 5741.19,"Total Cost": 5749.72,"Plan Rows": 310,"Plan Width": 72,"Actual Startup Time": 71.069,"Actual Total Time": 71.367,"Actual Rows": 7,"Actual Loops": 3,"Group Key": ["(SUBSTRING(customer.c_phone FROM 1 FOR 2))"],"Workers": [],"Plans": [{"Node Type": "Sort","Parent Relationship": "Outer","Parallel Aware": false,"Async Capable": false,"Startup Cost": 5741.19,"Total Cost": 5741.97,"Plan Rows": 310,"Plan Width": 38,"Actual Startup Time": 70.999,"Actual Total Time": 71.079,"Actual Rows": 2131,"Actual Loops": 3,"Sort Key": ["(SUBSTRING(customer.c_phone FROM 1 FOR 2))"],"Sort Method": "quicksort","Sort Space Used": 236,"Sort Space Type": "Memory","Workers": [{"Worker Number": 0,"Sort Method": "quicksort","Sort Space Used": 157,"Sort Space Type": "Memory"},{"Worker Number": 1,"Sort Method": "quicksort","Sort Space Used": 150,"Sort Space Type": "Memory"}],"Plans": [{"Node Type": "Nested Loop","Parent Relationship": "Outer","Parallel Aware": false,"Async Capable": false,"Join Type": "Anti","Startup Cost": 0.43,"Total Cost": 5728.36,"Plan Rows": 310,"Plan Width": 38,"Actual Startup Time": 0.116,"Actual Total Time": 70.207,"Actual Rows": 2131,"Actual Loops": 3,"Inner Unique": false,"Workers": [],"Plans": [{"Node Type": "Seq Scan","Parent Relationship": "Outer","Parallel Aware": true,"Async Capable": false,"Relation Name": "customer","Alias": "customer","Startup Cost": 0.00,"Total Cost": 5225.62,"Plan Rows": 729,"Plan Width": 26,"Actual Startup Time": 0.035,"Actual Total Time": 46.301,"Actual Rows": 6312,"Actual Loops": 3,"Filter": "((c_acctbal > $1) AND (SUBSTRING(c_phone FROM 1 FOR 2) = ANY ('{12,18,14,15,24,11,30}'::text[])))","Rows Removed by Filter": 43688,"Workers": []},{"Node Type": "Index Only Scan","Parent Relationship": "Inner","Parallel Aware": false,"Async Capable": false,"Scan Direction": "Forward","Index Name": "idx_orders_custkey","Relation Name": "orders","Alias": "orders","Startup Cost": 0.43,"Total Cost": 3.28,"Plan Rows": 17,"Plan Width": 4,"Actual Startup Time": 0.003,"Actual Total Time": 0.003,"Actual Rows": 1,"Actual Loops": 18937,"Index Cond": "(o_custkey = customer.c_custkey)","Rows Removed by Index Recheck": 0,"Heap Fetches": 0,"Workers": []}]}]}]}]}]},"Planning Time": 4.677,"Triggers": [],"Execution Time": 143.379}]
[{"Plan": {"Node Type": "Aggregate","Strategy": "Sorted","Partial Mode": "Finalize","Parallel Aware": false,"Async Capable": false,"Startup Cost": 12972.06,"Total Cost": 13071.37,"Plan Rows": 744,"Plan Width": 72,"Actual Startup Time": 131.194,"Actual Total Time": 135.817,"Actual Rows": 7,"Actual Loops": 1,"Group Key": ["(SUBSTRING(customer.c_phone FROM 1 FOR 2))"],"Plans": [{"Node Type": "Aggregate","Strategy": "Plain","Partial Mode": "Finalize","Parent Relationship": "InitPlan","Subplan Name": "InitPlan 1 (returns $1)","Parallel Aware": false,"Async Capable": false,"Startup Cost": 6230.83,"Total Cost": 6230.84,"Plan Rows": 1,"Plan Width": 32,"Actual Startup Time": 59.682,"Actual Total Time": 59.874,"Actual Rows": 1,"Actual Loops": 1,"Plans": [{"Node Type": "Gather","Parent Relationship": "Outer","Parallel Aware": false,"Async Capable": false,"Startup Cost": 6230.61,"Total Cost": 6230.82,"Plan Rows": 2,"Plan Width": 32,"Actual Startup Time": 59.596,"Actual Total Time": 59.856,"Actual Rows": 3,"Actual Loops": 1,"Workers Planned": 2,"Workers Launched": 2,"Single Copy": false,"Plans": [{"Node Type": "Aggregate","Strategy": "Plain","Partial Mode": "Partial","Parent Relationship": "Outer","Parallel Aware": false,"Async Capable": false,"Startup Cost": 5230.61,"Total Cost": 5230.62,"Plan Rows": 1,"Plan Width": 32,"Actual Startup Time": 53.817,"Actual Total Time": 53.820,"Actual Rows": 1,"Actual Loops": 3,"Workers": [],"Plans": [{"Node Type": "Seq Scan","Parent Relationship": "Outer","Parallel Aware": true,"Async Capable": false,"Relation Name": "customer","Alias": "customer_1","Startup Cost": 0.00,"Total Cost": 5225.62,"Plan Rows": 1994,"Plan Width": 6,"Actual Startup Time": 0.056,"Actual Total Time": 52.770,"Actual Rows": 12740,"Actual Loops": 3,"Filter": "((c_acctbal > 0.00) AND (SUBSTRING(c_phone FROM 1 FOR 2) = ANY ('{17,19,31,23,25,28,21}'::text[])))","Rows Removed by Filter": 37260,"Workers": []}]}]}]},{"Node Type": "Gather Merge","Parent Relationship": "Outer","Parallel Aware": false,"Async Capable": false,"Startup Cost": 6741.22,"Total Cost": 6821.30,"Plan Rows": 620,"Plan Width": 72,"Actual Startup Time": 131.088,"Actual Total Time": 135.561,"Actual Rows": 21,"Actual Loops": 1,"Workers Planned": 2,"Params Evaluated": ["$1"],"Workers Launched": 2,"Plans": [{"Node Type": "Aggregate","Strategy": "Sorted","Partial Mode": "Partial","Parent Relationship": "Outer","Parallel Aware": false,"Async Capable": false,"Startup Cost": 5741.19,"Total Cost": 5749.72,"Plan Rows": 310,"Plan Width": 72,"Actual Startup Time": 64.089,"Actual Total Time": 64.398,"Actual Rows": 7,"Actual Loops": 3,"Group Key": ["(SUBSTRING(customer.c_phone FROM 1 FOR 2))"],"Workers": [],"Plans": [{"Node Type": "Sort","Parent Relationship": "Outer","Parallel Aware": false,"Async Capable": false,"Startup Cost": 5741.19,"Total Cost": 5741.97,"Plan Rows": 310,"Plan Width": 38,"Actual Startup Time": 64.017,"Actual Total Time": 64.109,"Actual Rows": 2135,"Actual Loops": 3,"Sort Key": ["(SUBSTRING(customer.c_phone FROM 1 FOR 2))"],"Sort Method": "quicksort","Sort Space Used": 228,"Sort Space Type": "Memory","Workers": [{"Worker Number": 0,"Sort Method": "quicksort","Sort Space Used": 158,"Sort Space Type": "Memory"},{"Worker Number": 1,"Sort Method": "quicksort","Sort Space Used": 158,"Sort Space Type": "Memory"}],"Plans": [{"Node Type": "Nested Loop","Parent Relationship": "Outer","Parallel Aware": false,"Async Capable": false,"Join Type": "Anti","Startup Cost": 0.43,"Total Cost": 5728.36,"Plan Rows": 310,"Plan Width": 38,"Actual Startup Time": 0.182,"Actual Total Time": 63.199,"Actual Rows": 2135,"Actual Loops": 3,"Inner Unique": false,"Workers": [],"Plans": [{"Node Type": "Seq Scan","Parent Relationship": "Outer","Parallel Aware": true,"Async Capable": false,"Relation Name": "customer","Alias": "customer","Startup Cost": 0.00,"Total Cost": 5225.62,"Plan Rows": 729,"Plan Width": 26,"Actual Startup Time": 0.035,"Actual Total Time": 41.405,"Actual Rows": 6353,"Actual Loops": 3,"Filter": "((c_acctbal > $1) AND (SUBSTRING(c_phone FROM 1 FOR 2) = ANY ('{17,19,31,23,25,28,21}'::text[])))","Rows Removed by Filter": 43647,"Workers": []},{"Node Type": "Index Only Scan","Parent Relationship": "Inner","Parallel Aware": false,"Async Capable": false,"Scan Direction": "Forward","Index Name": "idx_orders_custkey","Relation Name": "orders","Alias": "orders","Startup Cost": 0.43,"Total Cost": 3.28,"Plan Rows": 17,"Plan Width": 4,"Actual Startup Time": 0.003,"Actual Total Time": 0.003,"Actual Rows": 1,"Actual Loops": 19058,"Index Cond": "(o_custkey = customer.c_custkey)","Rows Removed by Index Recheck": 0,"Heap Fetches": 0,"Workers": []}]}]}]}]}]},"Planning Time": 3.479,"Triggers": [],"Execution Time": 136.149}]
[{"Plan": {"Node Type": "Aggregate","Strategy": "Sorted","Partial Mode": "Finalize","Parallel Aware": false,"Async Capable": false,"Startup Cost": 12972.06,"Total Cost": 13071.37,"Plan Rows": 744,"Plan Width": 72,"Actual Startup Time": 138.841,"Actual Total Time": 142.215,"Actual Rows": 7,"Actual Loops": 1,"Group Key": ["(SUBSTRING(customer.c_phone FROM 1 FOR 2))"],"Plans": [{"Node Type": "Aggregate","Strategy": "Plain","Partial Mode": "Finalize","Parent Relationship": "InitPlan","Subplan Name": "InitPlan 1 (returns $1)","Parallel Aware": false,"Async Capable": false,"Startup Cost": 6230.83,"Total Cost": 6230.84,"Plan Rows": 1,"Plan Width": 32,"Actual Startup Time": 60.747,"Actual Total Time": 60.946,"Actual Rows": 1,"Actual Loops": 1,"Plans": [{"Node Type": "Gather","Parent Relationship": "Outer","Parallel Aware": false,"Async Capable": false,"Startup Cost": 6230.61,"Total Cost": 6230.82,"Plan Rows": 2,"Plan Width": 32,"Actual Startup Time": 60.629,"Actual Total Time": 60.925,"Actual Rows": 3,"Actual Loops": 1,"Workers Planned": 2,"Workers Launched": 2,"Single Copy": false,"Plans": [{"Node Type": "Aggregate","Strategy": "Plain","Partial Mode": "Partial","Parent Relationship": "Outer","Parallel Aware": false,"Async Capable": false,"Startup Cost": 5230.61,"Total Cost": 5230.62,"Plan Rows": 1,"Plan Width": 32,"Actual Startup Time": 54.504,"Actual Total Time": 54.505,"Actual Rows": 1,"Actual Loops": 3,"Workers": [],"Plans": [{"Node Type": "Seq Scan","Parent Relationship": "Outer","Parallel Aware": true,"Async Capable": false,"Relation Name": "customer","Alias": "customer_1","Startup Cost": 0.00,"Total Cost": 5225.62,"Plan Rows": 1994,"Plan Width": 6,"Actual Startup Time": 0.050,"Actual Total Time": 53.393,"Actual Rows": 12771,"Actual Loops": 3,"Filter": "((c_acctbal > 0.00) AND (SUBSTRING(c_phone FROM 1 FOR 2) = ANY ('{14,20,23,29,34,32,25}'::text[])))","Rows Removed by Filter": 37229,"Workers": []}]}]}]},{"Node Type": "Gather Merge","Parent Relationship": "Outer","Parallel Aware": false,"Async Capable": false,"Startup Cost": 6741.22,"Total Cost": 6821.30,"Plan Rows": 620,"Plan Width": 72,"Actual Startup Time": 138.716,"Actual Total Time": 141.957,"Actual Rows": 21,"Actual Loops": 1,"Workers Planned": 2,"Params Evaluated": ["$1"],"Workers Launched": 2,"Plans": [{"Node Type": "Aggregate","Strategy": "Sorted","Partial Mode": "Partial","Parent Relationship": "Outer","Parallel Aware": false,"Async Capable": false,"Startup Cost": 5741.19,"Total Cost": 5749.72,"Plan Rows": 310,"Plan Width": 72,"Actual Startup Time": 71.046,"Actual Total Time": 71.348,"Actual Rows": 7,"Actual Loops": 3,"Group Key": ["(SUBSTRING(customer.c_phone FROM 1 FOR 2))"],"Workers": [],"Plans": [{"Node Type": "Sort","Parent Relationship": "Outer","Parallel Aware": false,"Async Capable": false,"Startup Cost": 5741.19,"Total Cost": 5741.97,"Plan Rows": 310,"Plan Width": 38,"Actual Startup Time": 70.977,"Actual Total Time": 71.058,"Actual Rows": 2149,"Actual Loops": 3,"Sort Key": ["(SUBSTRING(customer.c_phone FROM 1 FOR 2))"],"Sort Method": "quicksort","Sort Space Used": 236,"Sort Space Type": "Memory","Workers": [{"Worker Number": 0,"Sort Method": "quicksort","Sort Space Used": 154,"Sort Space Type": "Memory"},{"Worker Number": 1,"Sort Method": "quicksort","Sort Space Used": 156,"Sort Space Type": "Memory"}],"Plans": [{"Node Type": "Nested Loop","Parent Relationship": "Outer","Parallel Aware": false,"Async Capable": false,"Join Type": "Anti","Startup Cost": 0.43,"Total Cost": 5728.36,"Plan Rows": 310,"Plan Width": 38,"Actual Startup Time": 0.158,"Actual Total Time": 70.151,"Actual Rows": 2149,"Actual Loops": 3,"Inner Unique": false,"Workers": [],"Plans": [{"Node Type": "Seq Scan","Parent Relationship": "Outer","Parallel Aware": true,"Async Capable": false,"Relation Name": "customer","Alias": "customer","Startup Cost": 0.00,"Total Cost": 5225.62,"Plan Rows": 729,"Plan Width": 26,"Actual Startup Time": 0.043,"Actual Total Time": 45.836,"Actual Rows": 6407,"Actual Loops": 3,"Filter": "((c_acctbal > $1) AND (SUBSTRING(c_phone FROM 1 FOR 2) = ANY ('{14,20,23,29,34,32,25}'::text[])))","Rows Removed by Filter": 43593,"Workers": []},{"Node Type": "Index Only Scan","Parent Relationship": "Inner","Parallel Aware": false,"Async Capable": false,"Scan Direction": "Forward","Index Name": "idx_orders_custkey","Relation Name": "orders","Alias": "orders","Startup Cost": 0.43,"Total Cost": 3.28,"Plan Rows": 17,"Plan Width": 4,"Actual Startup Time": 0.003,"Actual Total Time": 0.003,"Actual Rows": 1,"Actual Loops": 19220,"Index Cond": "(o_custkey = customer.c_custkey)","Rows Removed by Index Recheck": 0,"Heap Fetches": 0,"Workers": []}]}]}]}]}]},"Planning Time": 3.988,"Triggers": [],"Execution Time": 142.586}]
[{"Plan": {"Node Type": "Aggregate","Strategy": "Sorted","Partial Mode": "Finalize","Parallel Aware": false,"Async Capable": false,"Startup Cost": 12972.06,"Total Cost": 13071.37,"Plan Rows": 744,"Plan Width": 72,"Actual Startup Time": 135.295,"Actual Total Time": 139.241,"Actual Rows": 7,"Actual Loops": 1,"Group Key": ["(SUBSTRING(customer.c_phone FROM 1 FOR 2))"],"Plans": [{"Node Type": "Aggregate","Strategy": "Plain","Partial Mode": "Finalize","Parent Relationship": "InitPlan","Subplan Name": "InitPlan 1 (returns $1)","Parallel Aware": false,"Async Capable": false,"Startup Cost": 6230.83,"Total Cost": 6230.84,"Plan Rows": 1,"Plan Width": 32,"Actual Startup Time": 61.969,"Actual Total Time": 62.275,"Actual Rows": 1,"Actual Loops": 1,"Plans": [{"Node Type": "Gather","Parent Relationship": "Outer","Parallel Aware": false,"Async Capable": false,"Startup Cost": 6230.61,"Total Cost": 6230.82,"Plan Rows": 2,"Plan Width": 32,"Actual Startup Time": 61.830,"Actual Total Time": 62.255,"Actual Rows": 3,"Actual Loops": 1,"Workers Planned": 2,"Workers Launched": 2,"Single Copy": false,"Plans": [{"Node Type": "Aggregate","Strategy": "Plain","Partial Mode": "Partial","Parent Relationship": "Outer","Parallel Aware": false,"Async Capable": false,"Startup Cost": 5230.61,"Total Cost": 5230.62,"Plan Rows": 1,"Plan Width": 32,"Actual Startup Time": 55.709,"Actual Total Time": 55.712,"Actual Rows": 1,"Actual Loops": 3,"Workers": [],"Plans": [{"Node Type": "Seq Scan","Parent Relationship": "Outer","Parallel Aware": true,"Async Capable": false,"Relation Name": "customer","Alias": "customer_1","Startup Cost": 0.00,"Total Cost": 5225.62,"Plan Rows": 1994,"Plan Width": 6,"Actual Startup Time": 0.055,"Actual Total Time": 54.651,"Actual Rows": 12677,"Actual Loops": 3,"Filter": "((c_acctbal > 0.00) AND (SUBSTRING(c_phone FROM 1 FOR 2) = ANY ('{25,21,15,17,27,32,16}'::text[])))","Rows Removed by Filter": 37323,"Workers": []}]}]}]},{"Node Type": "Gather Merge","Parent Relationship": "Outer","Parallel Aware": false,"Async Capable": false,"Startup Cost": 6741.22,"Total Cost": 6821.30,"Plan Rows": 620,"Plan Width": 72,"Actual Startup Time": 135.200,"Actual Total Time": 138.887,"Actual Rows": 21,"Actual Loops": 1,"Workers Planned": 2,"Params Evaluated": ["$1"],"Workers Launched": 2,"Plans": [{"Node Type": "Aggregate","Strategy": "Sorted","Partial Mode": "Partial","Parent Relationship": "Outer","Parallel Aware": false,"Async Capable": false,"Startup Cost": 5741.19,"Total Cost": 5749.72,"Plan Rows": 310,"Plan Width": 72,"Actual Startup Time": 66.575,"Actual Total Time": 66.877,"Actual Rows": 7,"Actual Loops": 3,"Group Key": ["(SUBSTRING(customer.c_phone FROM 1 FOR 2))"],"Workers": [],"Plans": [{"Node Type": "Sort","Parent Relationship": "Outer","Parallel Aware": false,"Async Capable": false,"Startup Cost": 5741.19,"Total Cost": 5741.97,"Plan Rows": 310,"Plan Width": 38,"Actual Startup Time": 66.488,"Actual Total Time": 66.579,"Actual Rows": 2094,"Actual Loops": 3,"Sort Key": ["(SUBSTRING(customer.c_phone FROM 1 FOR 2))"],"Sort Method": "quicksort","Sort Space Used": 231,"Sort Space Type": "Memory","Workers": [{"Worker Number": 0,"Sort Method": "quicksort","Sort Space Used": 154,"Sort Space Type": "Memory"},{"Worker Number": 1,"Sort Method": "quicksort","Sort Space Used": 152,"Sort Space Type": "Memory"}],"Plans": [{"Node Type": "Nested Loop","Parent Relationship": "Outer","Parallel Aware": false,"Async Capable": false,"Join Type": "Anti","Startup Cost": 0.43,"Total Cost": 5728.36,"Plan Rows": 310,"Plan Width": 38,"Actual Startup Time": 0.111,"Actual Total Time": 65.684,"Actual Rows": 2094,"Actual Loops": 3,"Inner Unique": false,"Workers": [],"Plans": [{"Node Type": "Seq Scan","Parent Relationship": "Outer","Parallel Aware": true,"Async Capable": false,"Relation Name": "customer","Alias": "customer","Startup Cost": 0.00,"Total Cost": 5225.62,"Plan Rows": 729,"Plan Width": 26,"Actual Startup Time": 0.037,"Actual Total Time": 44.381,"Actual Rows": 6318,"Actual Loops": 3,"Filter": "((c_acctbal > $1) AND (SUBSTRING(c_phone FROM 1 FOR 2) = ANY ('{25,21,15,17,27,32,16}'::text[])))","Rows Removed by Filter": 43682,"Workers": []},{"Node Type": "Index Only Scan","Parent Relationship": "Inner","Parallel Aware": false,"Async Capable": false,"Scan Direction": "Forward","Index Name": "idx_orders_custkey","Relation Name": "orders","Alias": "orders","Startup Cost": 0.43,"Total Cost": 3.28,"Plan Rows": 17,"Plan Width": 4,"Actual Startup Time": 0.003,"Actual Total Time": 0.003,"Actual Rows": 1,"Actual Loops": 18955,"Index Cond": "(o_custkey = customer.c_custkey)","Rows Removed by Index Recheck": 0,"Heap Fetches": 0,"Workers": []}]}]}]}]}]},"Planning Time": 4.053,"Triggers": [],"Execution Time": 139.637}]
[{"Plan": {"Node Type": "Aggregate","Strategy": "Sorted","Partial Mode": "Finalize","Parallel Aware": false,"Async Capable": false,"Startup Cost": 12972.06,"Total Cost": 13071.37,"Plan Rows": 744,"Plan Width": 72,"Actual Startup Time": 137.892,"Actual Total Time": 141.518,"Actual Rows": 7,"Actual Loops": 1,"Group Key": ["(SUBSTRING(customer.c_phone FROM 1 FOR 2))"],"Plans": [{"Node Type": "Aggregate","Strategy": "Plain","Partial Mode": "Finalize","Parent Relationship": "InitPlan","Subplan Name": "InitPlan 1 (returns $1)","Parallel Aware": false,"Async Capable": false,"Startup Cost": 6230.83,"Total Cost": 6230.84,"Plan Rows": 1,"Plan Width": 32,"Actual Startup Time": 62.906,"Actual Total Time": 63.114,"Actual Rows": 1,"Actual Loops": 1,"Plans": [{"Node Type": "Gather","Parent Relationship": "Outer","Parallel Aware": false,"Async Capable": false,"Startup Cost": 6230.61,"Total Cost": 6230.82,"Plan Rows": 2,"Plan Width": 32,"Actual Startup Time": 62.828,"Actual Total Time": 63.099,"Actual Rows": 3,"Actual Loops": 1,"Workers Planned": 2,"Workers Launched": 2,"Single Copy": false,"Plans": [{"Node Type": "Aggregate","Strategy": "Plain","Partial Mode": "Partial","Parent Relationship": "Outer","Parallel Aware": false,"Async Capable": false,"Startup Cost": 5230.61,"Total Cost": 5230.62,"Plan Rows": 1,"Plan Width": 32,"Actual Startup Time": 56.463,"Actual Total Time": 56.466,"Actual Rows": 1,"Actual Loops": 3,"Workers": [],"Plans": [{"Node Type": "Seq Scan","Parent Relationship": "Outer","Parallel Aware": true,"Async Capable": false,"Relation Name": "customer","Alias": "customer_1","Startup Cost": 0.00,"Total Cost": 5225.62,"Plan Rows": 1994,"Plan Width": 6,"Actual Startup Time": 0.061,"Actual Total Time": 55.357,"Actual Rows": 12823,"Actual Loops": 3,"Filter": "((c_acctbal > 0.00) AND (SUBSTRING(c_phone FROM 1 FOR 2) = ANY ('{15,19,32,28,22,24,29}'::text[])))","Rows Removed by Filter": 37177,"Workers": []}]}]}]},{"Node Type": "Gather Merge","Parent Relationship": "Outer","Parallel Aware": false,"Async Capable": false,"Startup Cost": 6741.22,"Total Cost": 6821.30,"Plan Rows": 620,"Plan Width": 72,"Actual Startup Time": 137.765,"Actual Total Time": 141.248,"Actual Rows": 21,"Actual Loops": 1,"Workers Planned": 2,"Params Evaluated": ["$1"],"Workers Launched": 2,"Plans": [{"Node Type": "Aggregate","Strategy": "Sorted","Partial Mode": "Partial","Parent Relationship": "Outer","Parallel Aware": false,"Async Capable": false,"Startup Cost": 5741.19,"Total Cost": 5749.72,"Plan Rows": 310,"Plan Width": 72,"Actual Startup Time": 68.106,"Actual Total Time": 68.405,"Actual Rows": 7,"Actual Loops": 3,"Group Key": ["(SUBSTRING(customer.c_phone FROM 1 FOR 2))"],"Workers": [],"Plans": [{"Node Type": "Sort","Parent Relationship": "Outer","Parallel Aware": false,"Async Capable": false,"Startup Cost": 5741.19,"Total Cost": 5741.97,"Plan Rows": 310,"Plan Width": 38,"Actual Startup Time": 68.038,"Actual Total Time": 68.118,"Actual Rows": 2147,"Actual Loops": 3,"Sort Key": ["(SUBSTRING(customer.c_phone FROM 1 FOR 2))"],"Sort Method": "quicksort","Sort Space Used": 239,"Sort Space Type": "Memory","Workers": [{"Worker Number": 0,"Sort Method": "quicksort","Sort Space Used": 154,"Sort Space Type": "Memory"},{"Worker Number": 1,"Sort Method": "quicksort","Sort Space Used": 153,"Sort Space Type": "Memory"}],"Plans": [{"Node Type": "Nested Loop","Parent Relationship": "Outer","Parallel Aware": false,"Async Capable": false,"Join Type": "Anti","Startup Cost": 0.43,"Total Cost": 5728.36,"Plan Rows": 310,"Plan Width": 38,"Actual Startup Time": 0.177,"Actual Total Time": 67.249,"Actual Rows": 2147,"Actual Loops": 3,"Inner Unique": false,"Workers": [],"Plans": [{"Node Type": "Seq Scan","Parent Relationship": "Outer","Parallel Aware": true,"Async Capable": false,"Relation Name": "customer","Alias": "customer","Startup Cost": 0.00,"Total Cost": 5225.62,"Plan Rows": 729,"Plan Width": 26,"Actual Startup Time": 0.051,"Actual Total Time": 44.307,"Actual Rows": 6427,"Actual Loops": 3,"Filter": "((c_acctbal > $1) AND (SUBSTRING(c_phone FROM 1 FOR 2) = ANY ('{15,19,32,28,22,24,29}'::text[])))","Rows Removed by Filter": 43573,"Workers": []},{"Node Type": "Index Only Scan","Parent Relationship": "Inner","Parallel Aware": false,"Async Capable": false,"Scan Direction": "Forward","Index Name": "idx_orders_custkey","Relation Name": "orders","Alias": "orders","Startup Cost": 0.43,"Total Cost": 3.28,"Plan Rows": 17,"Plan Width": 4,"Actual Startup Time": 0.003,"Actual Total Time": 0.003,"Actual Rows": 1,"Actual Loops": 19281,"Index Cond": "(o_custkey = customer.c_custkey)","Rows Removed by Index Recheck": 0,"Heap Fetches": 0,"Workers": []}]}]}]}]}]},"Planning Time": 3.676,"Triggers": [],"Execution Time": 141.882}]
[{"Plan": {"Node Type": "Aggregate","Strategy": "Sorted","Partial Mode": "Finalize","Parallel Aware": false,"Async Capable": false,"Startup Cost": 12972.06,"Total Cost": 13071.37,"Plan Rows": 744,"Plan Width": 72,"Actual Startup Time": 141.539,"Actual Total Time": 145.057,"Actual Rows": 7,"Actual Loops": 1,"Group Key": ["(SUBSTRING(customer.c_phone FROM 1 FOR 2))"],"Plans": [{"Node Type": "Aggregate","Strategy": "Plain","Partial Mode": "Finalize","Parent Relationship": "InitPlan","Subplan Name": "InitPlan 1 (returns $1)","Parallel Aware": false,"Async Capable": false,"Startup Cost": 6230.83,"Total Cost": 6230.84,"Plan Rows": 1,"Plan Width": 32,"Actual Startup Time": 61.853,"Actual Total Time": 62.021,"Actual Rows": 1,"Actual Loops": 1,"Plans": [{"Node Type": "Gather","Parent Relationship": "Outer","Parallel Aware": false,"Async Capable": false,"Startup Cost": 6230.61,"Total Cost": 6230.82,"Plan Rows": 2,"Plan Width": 32,"Actual Startup Time": 61.761,"Actual Total Time": 62.005,"Actual Rows": 3,"Actual Loops": 1,"Workers Planned": 2,"Workers Launched": 2,"Single Copy": false,"Plans": [{"Node Type": "Aggregate","Strategy": "Plain","Partial Mode": "Partial","Parent Relationship": "Outer","Parallel Aware": false,"Async Capable": false,"Startup Cost": 5230.61,"Total Cost": 5230.62,"Plan Rows": 1,"Plan Width": 32,"Actual Startup Time": 56.089,"Actual Total Time": 56.090,"Actual Rows": 1,"Actual Loops": 3,"Workers": [],"Plans": [{"Node Type": "Seq Scan","Parent Relationship": "Outer","Parallel Aware": true,"Async Capable": false,"Relation Name": "customer","Alias": "customer_1","Startup Cost": 0.00,"Total Cost": 5225.62,"Plan Rows": 1994,"Plan Width": 6,"Actual Startup Time": 0.051,"Actual Total Time": 55.025,"Actual Rows": 12817,"Actual Loops": 3,"Filter": "((c_acctbal > 0.00) AND (SUBSTRING(c_phone FROM 1 FOR 2) = ANY ('{21,28,19,32,24,31,20}'::text[])))","Rows Removed by Filter": 37183,"Workers": []}]}]}]},{"Node Type": "Gather Merge","Parent Relationship": "Outer","Parallel Aware": false,"Async Capable": false,"Startup Cost": 6741.22,"Total Cost": 6821.30,"Plan Rows": 620,"Plan Width": 72,"Actual Startup Time": 141.396,"Actual Total Time": 144.816,"Actual Rows": 21,"Actual Loops": 1,"Workers Planned": 2,"Params Evaluated": ["$1"],"Workers Launched": 2,"Plans": [{"Node Type": "Aggregate","Strategy": "Sorted","Partial Mode": "Partial","Parent Relationship": "Outer","Parallel Aware": false,"Async Capable": false,"Startup Cost": 5741.19,"Total Cost": 5749.72,"Plan Rows": 310,"Plan Width": 72,"Actual Startup Time": 72.915,"Actual Total Time": 73.214,"Actual Rows": 7,"Actual Loops": 3,"Group Key": ["(SUBSTRING(customer.c_phone FROM 1 FOR 2))"],"Workers": [],"Plans": [{"Node Type": "Sort","Parent Relationship": "Outer","Parallel Aware": false,"Async Capable": false,"Startup Cost": 5741.19,"Total Cost": 5741.97,"Plan Rows": 310,"Plan Width": 38,"Actual Startup Time": 72.844,"Actual Total Time": 72.923,"Actual Rows": 2169,"Actual Loops": 3,"Sort Key": ["(SUBSTRING(customer.c_phone FROM 1 FOR 2))"],"Sort Method": "quicksort","Sort Space Used": 233,"Sort Space Type": "Memory","Workers": [{"Worker Number": 0,"Sort Method": "quicksort","Sort Space Used": 160,"Sort Space Type": "Memory"},{"Worker Number": 1,"Sort Method": "quicksort","Sort Space Used": 156,"Sort Space Type": "Memory"}],"Plans": [{"Node Type": "Nested Loop","Parent Relationship": "Outer","Parallel Aware": false,"Async Capable": false,"Join Type": "Anti","Startup Cost": 0.43,"Total Cost": 5728.36,"Plan Rows": 310,"Plan Width": 38,"Actual Startup Time": 0.157,"Actual Total Time": 72.034,"Actual Rows": 2169,"Actual Loops": 3,"Inner Unique": false,"Workers": [],"Plans": [{"Node Type": "Seq Scan","Parent Relationship": "Outer","Parallel Aware": true,"Async Capable": false,"Relation Name": "customer","Alias": "customer","Startup Cost": 0.00,"Total Cost": 5225.62,"Plan Rows": 729,"Plan Width": 26,"Actual Startup Time": 0.041,"Actual Total Time": 47.341,"Actual Rows": 6429,"Actual Loops": 3,"Filter": "((c_acctbal > $1) AND (SUBSTRING(c_phone FROM 1 FOR 2) = ANY ('{21,28,19,32,24,31,20}'::text[])))","Rows Removed by Filter": 43571,"Workers": []},{"Node Type": "Index Only Scan","Parent Relationship": "Inner","Parallel Aware": false,"Async Capable": false,"Scan Direction": "Forward","Index Name": "idx_orders_custkey","Relation Name": "orders","Alias": "orders","Startup Cost": 0.43,"Total Cost": 3.28,"Plan Rows": 17,"Plan Width": 4,"Actual Startup Time": 0.003,"Actual Total Time": 0.003,"Actual Rows": 1,"Actual Loops": 19288,"Index Cond": "(o_custkey = customer.c_custkey)","Rows Removed by Index Recheck": 0,"Heap Fetches": 0,"Workers": []}]}]}]}]}]},"Planning Time": 3.449,"Triggers": [],"Execution Time": 145.381}]
