[{"Plan": {"Node Type": "Aggregate","Strategy": "Sorted","Partial Mode": "Finalize","Parallel Aware": false,"Async Capable": false,"Startup Cost": 173583.35,"Total Cost": 173730.87,"Plan Rows": 7,"Plan Width": 27,"Actual Startup Time": 405.257,"Actual Total Time": 439.575,"Actual Rows": 2,"Actual Loops": 1,"Group Key": ["lineitem.l_shipmode"],"Plans": [{"Node Type": "Gather Merge","Parent Relationship": "Outer","Parallel Aware": false,"Async Capable": false,"Startup Cost": 173583.35,"Total Cost": 173730.59,"Plan Rows": 28,"Plan Width": 27,"Actual Startup Time": 404.428,"Actual Total Time": 439.541,"Actual Rows": 10,"Actual Loops": 1,"Workers Planned": 4,"Workers Launched": 4,"Plans": [{"Node Type": "Aggregate","Strategy": "Sorted","Partial Mode": "Partial","Parent Relationship": "Outer","Parallel Aware": false,"Async Capable": false,"Startup Cost": 172583.29,"Total Cost": 172727.20,"Plan Rows": 7,"Plan Width": 27,"Actual Startup Time": 395.542,"Actual Total Time": 396.308,"Actual Rows": 2,"Actual Loops": 5,"Group Key": ["lineitem.l_shipmode"],"Workers": [],"Plans": [{"Node Type": "Sort","Parent Relationship": "Outer","Parallel Aware": false,"Async Capable": false,"Startup Cost": 172583.29,"Total Cost": 172601.27,"Plan Rows": 7192,"Plan Width": 27,"Actual Startup Time": 394.796,"Actual Total Time": 395.048,"Actual Rows": 6189,"Actual Loops": 5,"Sort Key": ["lineitem.l_shipmode"],"Sort Method": "quicksort","Sort Space Used": 633,"Sort Space Type": "Memory","Workers": [{"Worker Number": 0,"Sort Method": "quicksort","Sort Space Used": 605,"Sort Space Type": "Memory"},{"Worker Number": 1,"Sort Method": "quicksort","Sort Space Used": 641,"Sort Space Type": "Memory"},{"Worker Number": 2,"Sort Method": "quicksort","Sort Space Used": 632,"Sort Space Type": "Memory"},{"Worker Number": 3,"Sort Method": "quicksort","Sort Space Used": 629,"Sort Space Type": "Memory"}],"Plans": [{"Node Type": "Nested Loop","Parent Relationship": "Outer","Parallel Aware": false,"Async Capable": false,"Join Type": "Inner","Startup Cost": 0.43,"Total Cost": 172122.57,"Plan Rows": 7192,"Plan Width": 27,"Actual Startup Time": 0.219,"Actual Total Time": 391.888,"Actual Rows": 6189,"Actual Loops": 5,"Inner Unique": true,"Workers": [],"Plans": [{"Node Type": "Seq Scan","Parent Relationship": "Outer","Parallel Aware": true,"Async Capable": false,"Relation Name": "lineitem","Alias": "lineitem","Startup Cost": 0.00,"Total Cost": 146259.83,"Plan Rows": 7192,"Plan Width": 15,"Actual Startup Time": 0.086,"Actual Total Time": 355.942,"Actual Rows": 6189,"Actual Loops": 5,"Filter": "((l_shipmode = ANY ('{TRUCK,MAIL}'::bpchar[])) AND (l_commitdate < l_receiptdate) AND (l_shipdate < l_commitdate) AND (l_receiptdate >= '1994-01-01'::date) AND (l_receiptdate < '1995-01-01 00:00:00'::timestamp without time zone))","Rows Removed by Filter": 1194054,"Workers": []},{"Node Type": "Index Scan","Parent Relationship": "Inner","Parallel Aware": false,"Async Capable": false,"Scan Direction": "Forward","Index Name": "orders_pkey","Relation Name": "orders","Alias": "orders","Startup Cost": 0.43,"Total Cost": 3.60,"Plan Rows": 1,"Plan Width": 20,"Actual Startup Time": 0.005,"Actual Total Time": 0.005,"Actual Rows": 1,"Actual Loops": 30947,"Index Cond": "(o_orderkey = lineitem.l_orderkey)","Rows Removed by Index Recheck": 0,"Workers": []}]}]}]}]}]},"Planning Time": 4.456,"Triggers": [],"Execution Time": 440.137}]
[{"Plan": {"Node Type": "Aggregate","Strategy": "Sorted","Partial Mode": "Finalize","Parallel Aware": false,"Async Capable": false,"Startup Cost": 174003.87,"Total Cost": 174155.30,"Plan Rows": 7,"Plan Width": 27,"Actual Startup Time": 411.926,"Actual Total Time": 445.121,"Actual Rows": 2,"Actual Loops": 1,"Group Key": ["lineitem.l_shipmode"],"Plans": [{"Node Type": "Gather Merge","Parent Relationship": "Outer","Parallel Aware": false,"Async Capable": false,"Startup Cost": 174003.87,"Total Cost": 174155.02,"Plan Rows": 28,"Plan Width": 27,"Actual Startup Time": 411.057,"Actual Total Time": 445.084,"Actual Rows": 10,"Actual Loops": 1,"Workers Planned": 4,"Workers Launched": 4,"Plans": [{"Node Type": "Aggregate","Strategy": "Sorted","Partial Mode": "Partial","Parent Relationship": "Outer","Parallel Aware": false,"Async Capable": false,"Startup Cost": 173003.81,"Total Cost": 173151.62,"Plan Rows": 7,"Plan Width": 27,"Actual Startup Time": 402.614,"Actual Total Time": 403.359,"Actual Rows": 2,"Actual Loops": 5,"Group Key": ["lineitem.l_shipmode"],"Workers": [],"Plans": [{"Node Type": "Sort","Parent Relationship": "Outer","Parallel Aware": false,"Async Capable": false,"Startup Cost": 173003.81,"Total Cost": 173022.28,"Plan Rows": 7387,"Plan Width": 27,"Actual Startup Time": 401.846,"Actual Total Time": 402.102,"Actual Rows": 6270,"Actual Loops": 5,"Sort Key": ["lineitem.l_shipmode"],"Sort Method": "quicksort","Sort Space Used": 635,"Sort Space Type": "Memory","Workers": [{"Worker Number": 0,"Sort Method": "quicksort","Sort Space Used": 640,"Sort Space Type": "Memory"},{"Worker Number": 1,"Sort Method": "quicksort","Sort Space Used": 641,"Sort Space Type": "Memory"},{"Worker Number": 2,"Sort Method": "quicksort","Sort Space Used": 612,"Sort Space Type": "Memory"},{"Worker Number": 3,"Sort Method": "quicksort","Sort Space Used": 638,"Sort Space Type": "Memory"}],"Plans": [{"Node Type": "Nested Loop","Parent Relationship": "Outer","Parallel Aware": false,"Async Capable": false,"Join Type": "Inner","Startup Cost": 0.43,"Total Cost": 172529.17,"Plan Rows": 7387,"Plan Width": 27,"Actual Startup Time": 0.366,"Actual Total Time": 398.921,"Actual Rows": 6270,"Actual Loops": 5,"Inner Unique": true,"Workers": [],"Plans": [{"Node Type": "Seq Scan","Parent Relationship": "Outer","Parallel Aware": true,"Async Capable": false,"Relation Name": "lineitem","Alias": "lineitem","Startup Cost": 0.00,"Total Cost": 146259.83,"Plan Rows": 7387,"Plan Width": 15,"Actual Startup Time": 0.252,"Actual Total Time": 362.651,"Actual Rows": 6270,"Actual Loops": 5,"Filter": "((l_shipmode = ANY ('{AIR,RAIL}'::bpchar[])) AND (l_commitdate < l_receiptdate) AND (l_shipdate < l_commitdate) AND (l_receiptdate >= '1995-01-01'::date) AND (l_receiptdate < '1996-01-01 00:00:00'::timestamp without time zone))","Rows Removed by Filter": 1193973,"Workers": []},{"Node Type": "Index Scan","Parent Relationship": "Inner","Parallel Aware": false,"Async Capable": false,"Scan Direction": "Forward","Index Name": "orders_pkey","Relation Name": "orders","Alias": "orders","Startup Cost": 0.43,"Total Cost": 3.56,"Plan Rows": 1,"Plan Width": 20,"Actual Startup Time": 0.005,"Actual Total Time": 0.005,"Actual Rows": 1,"Actual Loops": 31349,"Index Cond": "(o_orderkey = lineitem.l_orderkey)","Rows Removed by Index Recheck": 0,"Workers": []}]}]}]}]}]},"Planning Time": 4.134,"Triggers": [],"Execution Time": 445.716}]
[{"Plan": {"Node Type": "Aggregate","Strategy": "Sorted","Partial Mode": "Finalize","Parallel Aware": false,"Async Capable": false,"Startup Cost": 173637.01,"Total Cost": 173785.03,"Plan Rows": 7,"Plan Width": 27,"Actual Startup Time": 393.842,"Actual Total Time": 425.639,"Actual Rows": 2,"Actual Loops": 1,"Group Key": ["lineitem.l_shipmode"],"Plans": [{"Node Type": "Gather Merge","Parent Relationship": "Outer","Parallel Aware": false,"Async Capable": false,"Startup Cost": 173637.01,"Total Cost": 173784.75,"Plan Rows": 28,"Plan Width": 27,"Actual Startup Time": 392.970,"Actual Total Time": 425.611,"Actual Rows": 10,"Actual Loops": 1,"Workers Planned": 4,"Workers Launched": 4,"Plans": [{"Node Type": "Aggregate","Strategy": "Sorted","Partial Mode": "Partial","Parent Relationship": "Outer","Parallel Aware": false,"Async Capable": false,"Startup Cost": 172636.95,"Total Cost": 172781.36,"Plan Rows": 7,"Plan Width": 27,"Actual Startup Time": 384.833,"Actual Total Time": 385.571,"Actual Rows": 2,"Actual Loops": 5,"Group Key": ["lineitem.l_shipmode"],"Workers": [],"Plans": [{"Node Type": "Sort","Parent Relationship": "Outer","Parallel Aware": false,"Async Capable": false,"Startup Cost": 172636.95,"Total Cost": 172654.99,"Plan Rows": 7217,"Plan Width": 27,"Actual Startup Time": 384.077,"Actual Total Time": 384.326,"Actual Rows": 6247,"Actual Loops": 5,"Sort Key": ["lineitem.l_shipmode"],"Sort Method": "quicksort","Sort Space Used": 638,"Sort Space Type": "Memory","Workers": [{"Worker Number": 0,"Sort Method": "quicksort","Sort Space Used": 631,"Sort Space Type": "Memory"},{"Worker Number": 1,"Sort Method": "quicksort","Sort Space Used": 628,"Sort Space Type": "Memory"},{"Worker Number": 2,"Sort Method": "quicksort","Sort Space Used": 627,"Sort Space Type": "Memory"},{"Worker Number": 3,"Sort Method": "quicksort","Sort Space Used": 635,"Sort Space Type": "Memory"}],"Plans": [{"Node Type": "Nested Loop","Parent Relationship": "Outer","Parallel Aware": false,"Async Capable": false,"Join Type": "Inner","Startup Cost": 0.43,"Total Cost": 172174.44,"Plan Rows": 7217,"Plan Width": 27,"Actual Startup Time": 0.315,"Actual Total Time": 381.267,"Actual Rows": 6247,"Actual Loops": 5,"Inner Unique": true,"Workers": [],"Plans": [{"Node Type": "Seq Scan","Parent Relationship": "Outer","Parallel Aware": true,"Async Capable": false,"Relation Name": "lineitem","Alias": "lineitem","Startup Cost": 0.00,"Total Cost": 146259.83,"Plan Rows": 7217,"Plan Width": 15,"Actual Startup Time": 0.222,"Actual Total Time": 347.086,"Actual Rows": 6247,"Actual Loops": 5,"Filter": "((l_shipmode = ANY ('{AIR,TRUCK}'::bpchar[])) AND (l_commitdate < l_receiptdate) AND (l_shipdate < l_commitdate) AND (l_receiptdate >= '1996-01-01'::date) AND (l_receiptdate < '1997-01-01 00:00:00'::timestamp without time zone))","Rows Removed by Filter": 1193996,"Workers": []},{"Node Type": "Index Scan","Parent Relationship": "Inner","Parallel Aware": false,"Async Capable": false,"Scan Direction": "Forward","Index Name": "orders_pkey","Relation Name": "orders","Alias": "orders","Startup Cost": 0.43,"Total Cost": 3.59,"Plan Rows": 1,"Plan Width": 20,"Actual Startup Time": 0.005,"Actual Total Time": 0.005,"Actual Rows": 1,"Actual Loops": 31235,"Index Cond": "(o_orderkey = lineitem.l_orderkey)","Rows Removed by Index Recheck": 0,"Workers": []}]}]}]}]}]},"Planning Time": 4.659,"Triggers": [],"Execution Time": 426.066}]
[{"Plan": {"Node Type": "Aggregate","Strategy": "Sorted","Partial Mode": "Finalize","Parallel Aware": false,"Async Capable": false,"Startup Cost": 174207.58,"Total Cost": 174360.90,"Plan Rows": 7,"Plan Width": 27,"Actual Startup Time": 395.630,"Actual Total Time": 428.234,"Actual Rows": 2,"Actual Loops": 1,"Group Key": ["lineitem.l_shipmode"],"Plans": [{"Node Type": "Gather Merge","Parent Relationship": "Outer","Parallel Aware": false,"Async Capable": false,"Startup Cost": 174207.58,"Total Cost": 174360.62,"Plan Rows": 28,"Plan Width": 27,"Actual Startup Time": 394.842,"Actual Total Time": 428.195,"Actual Rows": 10,"Actual Loops": 1,"Workers Planned": 4,"Workers Launched": 4,"Plans": [{"Node Type": "Aggregate","Strategy": "Sorted","Partial Mode": "Partial","Parent Relationship": "Outer","Parallel Aware": false,"Async Capable": false,"Startup Cost": 173207.52,"Total Cost": 173357.23,"Plan Rows": 7,"Plan Width": 27,"Actual Startup Time": 386.505,"Actual Total Time": 387.235,"Actual Rows": 2,"Actual Loops": 5,"Group Key": ["lineitem.l_shipmode"],"Workers": [],"Plans": [{"Node Type": "Sort","Parent Relationship": "Outer","Parallel Aware": false,"Async Capable": false,"Startup Cost": 173207.52,"Total Cost": 173226.23,"Plan Rows": 7482,"Plan Width": 27,"Actual Startup Time": 385.737,"Actual Total Time": 385.981,"Actual Rows": 6220,"Actual Loops": 5,"Sort Key": ["lineitem.l_shipmode"],"Sort Method": "quicksort","Sort Space Used": 637,"Sort Space Type": "Memory","Workers": [{"Worker Number": 0,"Sort Method": "quicksort","Sort Space Used": 629,"Sort Space Type": "Memory"},{"Worker Number": 1,"Sort Method": "quicksort","Sort Space Used": 628,"Sort Space Type": "Memory"},{"Worker Number": 2,"Sort Method": "quicksort","Sort Space Used": 630,"Sort Space Type": "Memory"},{"Worker Number": 3,"Sort Method": "quicksort","Sort Space Used": 626,"Sort Space Type": "Memory"}],"Plans": [{"Node Type": "Nested Loop","Parent Relationship": "Outer","Parallel Aware": false,"Async Capable": false,"Join Type": "Inner","Startup Cost": 0.43,"Total Cost": 172726.08,"Plan Rows": 7482,"Plan Width": 27,"Actual Startup Time": 0.346,"Actual Total Time": 382.907,"Actual Rows": 6220,"Actual Loops": 5,"Inner Unique": true,"Workers": [],"Plans": [{"Node Type": "Seq Scan","Parent Relationship": "Outer","Parallel Aware": true,"Async Capable": false,"Relation Name": "lineitem","Alias": "lineitem","Startup Cost": 0.00,"Total Cost": 146259.83,"Plan Rows": 7482,"Plan Width": 15,"Actual Startup Time": 0.221,"Actual Total Time": 348.435,"Actual Rows": 6220,"Actual Loops": 5,"Filter": "((l_shipmode = ANY ('{MAIL,FOB}'::bpchar[])) AND (l_commitdate < l_receiptdate) AND (l_shipdate < l_commitdate) AND (l_receiptdate >= '1995-01-01'::date) AND (l_receiptdate < '1996-01-01 00:00:00'::timestamp without time zone))","Rows Removed by Filter": 1194023,"Workers": []},{"Node Type": "Index Scan","Parent Relationship": "Inner","Parallel Aware": false,"Async Capable": false,"Scan Direction": "Forward","Index Name": "orders_pkey","Relation Name": "orders","Alias": "orders","Startup Cost": 0.43,"Total Cost": 3.54,"Plan Rows": 1,"Plan Width": 20,"Actual Startup Time": 0.005,"Actual Total Time": 0.005,"Actual Rows": 1,"Actual Loops": 31102,"Index Cond": "(o_orderkey = lineitem.l_orderkey)","Rows Removed by Index Recheck": 0,"Workers": []}]}]}]}]}]},"Planning Time": 5.354,"Triggers": [],"Execution Time": 428.789}]
[{"Plan": {"Node Type": "Aggregate","Strategy": "Sorted","Partial Mode": "Finalize","Parallel Aware": false,"Async Capable": false,"Startup Cost": 173498.66,"Total Cost": 173645.41,"Plan Rows": 7,"Plan Width": 27,"Actual Startup Time": 397.076,"Actual Total Time": 431.045,"Actual Rows": 2,"Actual Loops": 1,"Group Key": ["lineitem.l_shipmode"],"Plans": [{"Node Type": "Gather Merge","Parent Relationship": "Outer","Parallel Aware": false,"Async Capable": false,"Startup Cost": 173498.66,"Total Cost": 173645.13,"Plan Rows": 28,"Plan Width": 27,"Actual Startup Time": 396.233,"Actual Total Time": 431.009,"Actual Rows": 10,"Actual Loops": 1,"Workers Planned": 4,"Workers Launched": 4,"Plans": [{"Node Type": "Aggregate","Strategy": "Sorted","Partial Mode": "Partial","Parent Relationship": "Outer","Parallel Aware": false,"Async Capable": false,"Startup Cost": 172498.61,"Total Cost": 172641.74,"Plan Rows": 7,"Plan Width": 27,"Actual Startup Time": 387.884,"Actual Total Time": 388.632,"Actual Rows": 2,"Actual Loops": 5,"Group Key": ["lineitem.l_shipmode"],"Workers": [],"Plans": [{"Node Type": "Sort","Parent Relationship": "Outer","Parallel Aware": false,"Async Capable": false,"Startup Cost": 172498.61,"Total Cost": 172516.49,"Plan Rows": 7153,"Plan Width": 27,"Actual Startup Time": 387.125,"Actual Total Time": 387.383,"Actual Rows": 6237,"Actual Loops": 5,"Sort Key": ["lineitem.l_shipmode"],"Sort Method": "quicksort","Sort Space Used": 634,"Sort Space Type": "Memory","Workers": [{"Worker Number": 0,"Sort Method": "quicksort","Sort Space Used": 626,"Sort Space Type": "Memory"},{"Worker Number": 1,"Sort Method": "quicksort","Sort Space Used": 626,"Sort Space Type": "Memory"},{"Worker Number": 2,"Sort Method": "quicksort","Sort Space Used": 634,"Sort Space Type": "Memory"},{"Worker Number": 3,"Sort Method": "quicksort","Sort Space Used": 635,"Sort Space Type": "Memory"}],"Plans": [{"Node Type": "Nested Loop","Parent Relationship": "Outer","Parallel Aware": false,"Async Capable": false,"Join Type": "Inner","Startup Cost": 0.43,"Total Cost": 172040.66,"Plan Rows": 7153,"Plan Width": 27,"Actual Startup Time": 0.325,"Actual Total Time": 384.235,"Actual Rows": 6237,"Actual Loops": 5,"Inner Unique": true,"Workers": [],"Plans": [{"Node Type": "Seq Scan","Parent Relationship": "Outer","Parallel Aware": true,"Async Capable": false,"Relation Name": "lineitem","Alias": "lineitem","Startup Cost": 0.00,"Total Cost": 146259.83,"Plan Rows": 7153,"Plan Width": 15,"Actual Startup Time": 0.211,"Actual Total Time": 348.855,"Actual Rows": 6237,"Actual Loops": 5,"Filter": "((l_shipmode = ANY ('{SHIP,\"REG AIR\"}'::bpchar[])) AND (l_commitdate < l_receiptdate) AND (l_shipdate < l_commitdate) AND (l_receiptdate >= '1997-01-01'::date) AND (l_receiptdate < '1998-01-01 00:00:00'::timestamp without time zone))","Rows Removed by Filter": 1194006,"Workers": []},{"Node Type": "Index Scan","Parent Relationship": "Inner","Parallel Aware": false,"Async Capable": false,"Scan Direction": "Forward","Index Name": "orders_pkey","Relation Name": "orders","Alias": "orders","Startup Cost": 0.43,"Total Cost": 3.60,"Plan Rows": 1,"Plan Width": 20,"Actual Startup Time": 0.005,"Actual Total Time": 0.005,"Actual Rows": 1,"Actual Loops": 31184,"Index Cond": "(o_orderkey = lineitem.l_orderkey)","Rows Removed by Index Recheck": 0,"Workers": []}]}]}]}]}]},"Planning Time": 5.405,"Triggers": [],"Execution Time": 431.689}]
[{"Plan": {"Node Type": "Aggregate","Strategy": "Sorted","Partial Mode": "Finalize","Parallel Aware": false,"Async Capable": false,"Startup Cost": 173451.78,"Total Cost": 173598.11,"Plan Rows": 7,"Plan Width": 27,"Actual Startup Time": 393.437,"Actual Total Time": 428.181,"Actual Rows": 2,"Actual Loops": 1,"Group Key": ["lineitem.l_shipmode"],"Plans": [{"Node Type": "Gather Merge","Parent Relationship": "Outer","Parallel Aware": false,"Async Capable": false,"Startup Cost": 173451.78,"Total Cost": 173597.83,"Plan Rows": 28,"Plan Width": 27,"Actual Startup Time": 392.613,"Actual Total Time": 428.143,"Actual Rows": 10,"Actual Loops": 1,"Workers Planned": 4,"Workers Launched": 4,"Plans": [{"Node Type": "Aggregate","Strategy": "Sorted","Partial Mode": "Partial","Parent Relationship": "Outer","Parallel Aware": false,"Async Capable": false,"Startup Cost": 172451.73,"Total Cost": 172594.44,"Plan Rows": 7,"Plan Width": 27,"Actual Startup Time": 384.443,"Actual Total Time": 385.186,"Actual Rows": 2,"Actual Loops": 5,"Group Key": ["lineitem.l_shipmode"],"Workers": [],"Plans": [{"Node Type": "Sort","Parent Relationship": "Outer","Parallel Aware": false,"Async Capable": false,"Startup Cost": 172451.73,"Total Cost": 172469.56,"Plan Rows": 7132,"Plan Width": 27,"Actual Startup Time": 383.707,"Actual Total Time": 383.964,"Actual Rows": 6182,"Actual Loops": 5,"Sort Key": ["lineitem.l_shipmode"],"Sort Method": "quicksort","Sort Space Used": 630,"Sort Space Type": "Memory","Workers": [{"Worker Number": 0,"Sort Method": "quicksort","Sort Space Used": 628,"Sort Space Type": "Memory"},{"Worker Number": 1,"Sort Method": "quicksort","Sort Space Used": 610,"Sort Space Type": "Memory"},{"Worker Number": 2,"Sort Method": "quicksort","Sort Space Used": 641,"Sort Space Type": "Memory"},{"Worker Number": 3,"Sort Method": "quicksort","Sort Space Used": 626,"Sort Space Type": "Memory"}],"Plans": [{"Node Type": "Nested Loop","Parent Relationship": "Outer","Parallel Aware": false,"Async Capable": false,"Join Type": "Inner","Startup Cost": 0.43,"Total Cost": 171995.28,"Plan Rows": 7132,"Plan Width": 27,"Actual Startup Time": 0.174,"Actual Total Time": 380.845,"Actual Rows": 6182,"Actual Loops": 5,"Inner Unique": true,"Workers": [],"Plans": [{"Node Type": "Seq Scan","Parent Relationship": "Outer","Parallel Aware": true,"Async Capable": false,"Relation Name": "lineitem","Alias": "lineitem","Startup Cost": 0.00,"Total Cost": 146259.83,"Plan Rows": 7132,"Plan Width": 15,"Actual Startup Time": 0.064,"Actual Total Time": 345.885,"Actual Rows": 6182,"Actual Loops": 5,"Filter": "((l_shipmode = ANY ('{TRUCK,\"REG AIR\"}'::bpchar[])) AND (l_commitdate < l_receiptdate) AND (l_shipdate < l_commitdate) AND (l_receiptdate >= '1994-01-01'::date) AND (l_receiptdate < '1995-01-01 00:00:00'::timestamp without time zone))","Rows Removed by Filter": 1194061,"Workers": []},{"Node Type": "Index Scan","Parent Relationship": "Inner","Parallel Aware": false,"Async Capable": false,"Scan Direction": "Forward","Index Name": "orders_pkey","Relation Name": "orders","Alias": "orders","Startup Cost": 0.43,"Total Cost": 3.61,"Plan Rows": 1,"Plan Width": 20,"Actual Startup Time": 0.005,"Actual Total Time": 0.005,"Actual Rows": 1,"Actual Loops": 30912,"Index Cond": "(o_orderkey = lineitem.l_orderkey)","Rows Removed by Index Recheck": 0,"Workers": []}]}]}]}]}]},"Planning Time": 5.642,"Triggers": [],"Execution Time": 428.742}]
[{"Plan": {"Node Type": "Aggregate","Strategy": "Sorted","Partial Mode": "Finalize","Parallel Aware": false,"Async Capable": false,"Startup Cost": 173685.42,"Total Cost": 173833.89,"Plan Rows": 7,"Plan Width": 27,"Actual Startup Time": 390.289,"Actual Total Time": 423.732,"Actual Rows": 2,"Actual Loops": 1,"Group Key": ["lineitem.l_shipmode"],"Plans": [{"Node Type": "Gather Merge","Parent Relationship": "Outer","Parallel Aware": false,"Async Capable": false,"Startup Cost": 173685.42,"Total Cost": 173833.61,"Plan Rows": 28,"Plan Width": 27,"Actual Startup Time": 389.479,"Actual Total Time": 423.695,"Actual Rows": 10,"Actual Loops": 1,"Workers Planned": 4,"Workers Launched": 4,"Plans": [{"Node Type": "Aggregate","Strategy": "Sorted","Partial Mode": "Partial","Parent Relationship": "Outer","Parallel Aware": false,"Async Capable": false,"Startup Cost": 172685.37,"Total Cost": 172830.22,"Plan Rows": 7,"Plan Width": 27,"Actual Startup Time": 381.807,"Actual Total Time": 382.529,"Actual Rows": 2,"Actual Loops": 5,"Group Key": ["lineitem.l_shipmode"],"Workers": [],"Plans": [{"Node Type": "Sort","Parent Relationship": "Outer","Parallel Aware": false,"Async Capable": false,"Startup Cost": 172685.37,"Total Cost": 172703.46,"Plan Rows": 7239,"Plan Width": 27,"Actual Startup Time": 381.038,"Actual Total Time": 381.280,"Actual Rows": 6239,"Actual Loops": 5,"Sort Key": ["lineitem.l_shipmode"],"Sort Method": "quicksort","Sort Space Used": 635,"Sort Space Type": "Memory","Workers": [{"Worker Number": 0,"Sort Method": "quicksort","Sort Space Used": 628,"Sort Space Type": "Memory"},{"Worker Number": 1,"Sort Method": "quicksort","Sort Space Used": 629,"Sort Space Type": "Memory"},{"Worker Number": 2,"Sort Method": "quicksort","Sort Space Used": 634,"Sort Space Type": "Memory"},{"Worker Number": 3,"Sort Method": "quicksort","Sort Space Used": 629,"Sort Space Type": "Memory"}],"Plans": [{"Node Type": "Nested Loop","Parent Relationship": "Outer","Parallel Aware": false,"Async Capable": false,"Join Type": "Inner","Startup Cost": 0.43,"Total Cost": 172221.29,"Plan Rows": 7239,"Plan Width": 27,"Actual Startup Time": 0.391,"Actual Total Time": 378.304,"Actual Rows": 6239,"Actual Loops": 5,"Inner Unique": true,"Workers": [],"Plans": [{"Node Type": "Seq Scan","Parent Relationship": "Outer","Parallel Aware": true,"Async Capable": false,"Relation Name": "lineitem","Alias": "lineitem","Startup Cost": 0.00,"Total Cost": 146259.83,"Plan Rows": 7239,"Plan Width": 15,"Actual Startup Time": 0.286,"Actual Total Time": 343.972,"Actual Rows": 6239,"Actual Loops": 5,"Filter": "((l_shipmode = ANY ('{TRUCK,RAIL}'::bpchar[])) AND (l_commitdate < l_receiptdate) AND (l_shipdate < l_commitdate) AND (l_receiptdate >= '1997-01-01'::date) AND (l_receiptdate < '1998-01-01 00:00:00'::timestamp without time zone))","Rows Removed by Filter": 1194004,"Workers": []},{"Node Type": "Index Scan","Parent Relationship": "Inner","Parallel Aware": false,"Async Capable": false,"Scan Direction": "Forward","Index Name": "orders_pkey","Relation Name": "orders","Alias": "orders","Startup Cost": 0.43,"Total Cost": 3.59,"Plan Rows": 1,"Plan Width": 20,"Actual Startup Time": 0.005,"Actual Total Time": 0.005,"Actual Rows": 1,"Actual Loops": 31193,"Index Cond": "(o_orderkey = lineitem.l_orderkey)","Rows Removed by Index Recheck": 0,"Workers": []}]}]}]}]}]},"Planning Time": 4.206,"Triggers": [],"Execution Time": 424.339}]
[{"Plan": {"Node Type": "Aggregate","Strategy": "Sorted","Partial Mode": "Finalize","Parallel Aware": false,"Async Capable": false,"Startup Cost": 173585.00,"Total Cost": 173732.54,"Plan Rows": 7,"Plan Width": 27,"Actual Startup Time": 402.227,"Actual Total Time": 436.071,"Actual Rows": 2,"Actual Loops": 1,"Group Key": ["lineitem.l_shipmode"],"Plans": [{"Node Type": "Gather Merge","Parent Relationship": "Outer","Parallel Aware": false,"Async Capable": false,"Startup Cost": 173585.00,"Total Cost": 173732.26,"Plan Rows": 28,"Plan Width": 27,"Actual Startup Time": 401.385,"Actual Total Time": 436.022,"Actual Rows": 10,"Actual Loops": 1,"Workers Planned": 4,"Workers Launched": 4,"Plans": [{"Node Type": "Aggregate","Strategy": "Sorted","Partial Mode": "Partial","Parent Relationship": "Outer","Parallel Aware": false,"Async Capable": false,"Startup Cost": 172584.94,"Total Cost": 172728.87,"Plan Rows": 7,"Plan Width": 27,"Actual Startup Time": 393.130,"Actual Total Time": 393.873,"Actual Rows": 2,"Actual Loops": 5,"Group Key": ["lineitem.l_shipmode"],"Workers": [],"Plans": [{"Node Type": "Sort","Parent Relationship": "Outer","Parallel Aware": false,"Async Capable": false,"Startup Cost": 172584.94,"Total Cost": 172602.92,"Plan Rows": 7193,"Plan Width": 27,"Actual Startup Time": 392.363,"Actual Total Time": 392.620,"Actual Rows": 6262,"Actual Loops": 5,"Sort Key": ["lineitem.l_shipmode"],"Sort Method": "quicksort","Sort Space Used": 640,"Sort Space Type": "Memory","Workers": [{"Worker Number": 0,"Sort Method": "quicksort","Sort Space Used": 632,"Sort Space Type": "Memory"},{"Worker Number": 1,"Sort Method": "quicksort","Sort Space Used": 634,"Sort Space Type": "Memory"},{"Worker Number": 2,"Sort Method": "quicksort","Sort Space Used": 626,"Sort Space Type": "Memory"},{"Worker Number": 3,"Sort Method": "quicksort","Sort Space Used": 632,"Sort Space Type": "Memory"}],"Plans": [{"Node Type": "Nested Loop","Parent Relationship": "Outer","Parallel Aware": false,"Async Capable": false,"Join Type": "Inner","Startup Cost": 0.43,"Total Cost": 172124.14,"Plan Rows": 7193,"Plan Width": 27,"Actual Startup Time": 0.341,"Actual Total Time": 389.476,"Actual Rows": 6262,"Actual Loops": 5,"Inner Unique": true,"Workers": [],"Plans": [{"Node Type": "Seq Scan","Parent Relationship": "Outer","Parallel Aware": true,"Async Capable": false,"Relation Name": "lineitem","Alias": "lineitem","Startup Cost": 0.00,"Total Cost": 146259.83,"Plan Rows": 7193,"Plan Width": 15,"Actual Startup Time": 0.232,"Actual Total Time": 353.882,"Actual Rows": 6262,"Actual Loops": 5,"Filter": "((l_shipmode = ANY ('{RAIL,SHIP}'::bpchar[])) AND (l_commitdate < l_receiptdate) AND (l_shipdate < l_commitdate) AND (l_receiptdate >= '1996-01-01'::date) AND (l_receiptdate < '1997-01-01 00:00:00'::timestamp without time zone))","Rows Removed by Filter": 1193981,"Workers": []},{"Node Type": "Index Scan","Parent Relationship": "Inner","Parallel Aware": false,"Async Capable": false,"Scan Direction": "Forward","Index Name": "orders_pkey","Relation Name": "orders","Alias": "orders","Startup Cost": 0.43,"Total Cost": 3.60,"Plan Rows": 1,"Plan Width": 20,"Actual Startup Time": 0.005,"Actual Total Time": 0.005,"Actual Rows": 1,"Actual Loops": 31308,"Index Cond": "(o_orderkey = lineitem.l_orderkey)","Rows Removed by Index Recheck": 0,"Workers": []}]}]}]}]}]},"Planning Time": 5.245,"Triggers": [],"Execution Time": 436.701}]
[{"Plan": {"Node Type": "Aggregate","Strategy": "Sorted","Partial Mode": "Finalize","Parallel Aware": false,"Async Capable": false,"Startup Cost": 173608.96,"Total Cost": 173756.73,"Plan Rows": 7,"Plan Width": 27,"Actual Startup Time": 395.283,"Actual Total Time": 428.486,"Actual Rows": 2,"Actual Loops": 1,"Group Key": ["lineitem.l_shipmode"],"Plans": [{"Node Type": "Gather Merge","Parent Relationship": "Outer","Parallel Aware": false,"Async Capable": false,"Startup Cost": 173608.96,"Total Cost": 173756.45,"Plan Rows": 28,"Plan Width": 27,"Actual Startup Time": 394.396,"Actual Total Time": 428.450,"Actual Rows": 10,"Actual Loops": 1,"Workers Planned": 4,"Workers Launched": 4,"Plans": [{"Node Type": "Aggregate","Strategy": "Sorted","Partial Mode": "Partial","Parent Relationship": "Outer","Parallel Aware": false,"Async Capable": false,"Startup Cost": 172608.90,"Total Cost": 172753.05,"Plan Rows": 7,"Plan Width": 27,"Actual Startup Time": 386.518,"Actual Total Time": 387.255,"Actual Rows": 2,"Actual Loops": 5,"Group Key": ["lineitem.l_shipmode"],"Workers": [],"Plans": [{"Node Type": "Sort","Parent Relationship": "Outer","Parallel Aware": false,"Async Capable": false,"Startup Cost": 172608.90,"Total Cost": 172626.91,"Plan Rows": 7204,"Plan Width": 27,"Actual Startup Time": 385.781,"Actual Total Time": 386.020,"Actual Rows": 6181,"Actual Loops": 5,"Sort Key": ["lineitem.l_shipmode"],"Sort Method": "quicksort","Sort Space Used": 626,"Sort Space Type": "Memory","Workers": [{"Worker Number": 0,"Sort Method": "quicksort","Sort Space Used": 632,"Sort Space Type": "Memory"},{"Worker Number": 1,"Sort Method": "quicksort","Sort Space Used": 623,"Sort Space Type": "Memory"},{"Worker Number": 2,"Sort Method": "quicksort","Sort Space Used": 621,"Sort Space Type": "Memory"},{"Worker Number": 3,"Sort Method": "quicksort","Sort Space Used": 633,"Sort Space Type": "Memory"}],"Plans": [{"Node Type": "Nested Loop","Parent Relationship": "Outer","Parallel Aware": false,"Async Capable": false,"Join Type": "Inner","Startup Cost": 0.43,"Total Cost": 172147.32,"Plan Rows": 7204,"Plan Width": 27,"Actual Startup Time": 0.205,"Actual Total Time": 382.978,"Actual Rows": 6181,"Actual Loops": 5,"Inner Unique": true,"Workers": [],"Plans": [{"Node Type": "Seq Scan","Parent Relationship": "Outer","Parallel Aware": true,"Async Capable": false,"Relation Name": "lineitem","Alias": "lineitem","Startup Cost": 0.00,"Total Cost": 146259.83,"Plan Rows": 7204,"Plan Width": 15,"Actual Startup Time": 0.079,"Actual Total Time": 348.996,"Actual Rows": 6181,"Actual Loops": 5,"Filter": "((l_shipmode = ANY ('{TRUCK,FOB}'::bpchar[])) AND (l_commitdate < l_receiptdate) AND (l_shipdate < l_commitdate) AND (l_receiptdate >= '1994-01-01'::date) AND (l_receiptdate < '1995-01-01 00:00:00'::timestamp without time zone))","Rows Removed by Filter": 1194062,"Workers": []},{"Node Type": "Index Scan","Parent Relationship": "Inner","Parallel Aware": false,"Async Capable": false,"Scan Direction": "Forward","Index Name": "orders_pkey","Relation Name": "orders","Alias": "orders","Startup Cost": 0.43,"Total Cost": 3.59,"Plan Rows": 1,"Plan Width": 20,"Actual Startup Time": 0.005,"Actual Total Time": 0.005,"Actual Rows": 1,"Actual Loops": 30906,"Index Cond": "(o_orderkey = lineitem.l_orderkey)","Rows Removed by Index Recheck": 0,"Workers": []}]}]}]}]}]},"Planning Time": 5.491,"Triggers": [],"Execution Time": 428.918}]
[{"Plan": {"Node Type": "Aggregate","Strategy": "Sorted","Partial Mode": "Finalize","Parallel Aware": false,"Async Capable": false,"Startup Cost": 173861.35,"Total Cost": 174011.44,"Plan Rows": 7,"Plan Width": 27,"Actual Startup Time": 398.943,"Actual Total Time": 431.819,"Actual Rows": 2,"Actual Loops": 1,"Group Key": ["lineitem.l_shipmode"],"Plans": [{"Node Type": "Gather Merge","Parent Relationship": "Outer","Parallel Aware": false,"Async Capable": false,"Startup Cost": 173861.35,"Total Cost": 174011.16,"Plan Rows": 28,"Plan Width": 27,"Actual Startup Time": 398.097,"Actual Total Time": 431.775,"Actual Rows": 10,"Actual Loops": 1,"Workers Planned": 4,"Workers Launched": 4,"Plans": [{"Node Type": "Aggregate","Strategy": "Sorted","Partial Mode": "Partial","Parent Relationship": "Outer","Parallel Aware": false,"Async Capable": false,"Startup Cost": 172861.29,"Total Cost": 173007.76,"Plan Rows": 7,"Plan Width": 27,"Actual Startup Time": 389.633,"Actual Total Time": 390.388,"Actual Rows": 2,"Actual Loops": 5,"Group Key": ["lineitem.l_shipmode"],"Workers": [],"Plans": [{"Node Type": "Sort","Parent Relationship": "Outer","Parallel Aware": false,"Async Capable": false,"Startup Cost": 172861.29,"Total Cost": 172879.59,"Plan Rows": 7320,"Plan Width": 27,"Actual Startup Time": 388.890,"Actual Total Time": 389.143,"Actual Rows": 6227,"Actual Loops": 5,"Sort Key": ["lineitem.l_shipmode"],"Sort Method": "quicksort","Sort Space Used": 637,"Sort Space Type": "Memory","Workers": [{"Worker Number": 0,"Sort Method": "quicksort","Sort Space Used": 634,"Sort Space Type": "Memory"},{"Worker Number": 1,"Sort Method": "quicksort","Sort Space Used": 619,"Sort Space Type": "Memory"},{"Worker Number": 2,"Sort Method": "quicksort","Sort Space Used": 627,"Sort Space Type": "Memory"},{"Worker Number": 3,"Sort Method": "quicksort","Sort Space Used": 635,"Sort Space Type": "Memory"}],"Plans": [{"Node Type": "Nested Loop","Parent Relationship": "Outer","Parallel Aware": false,"Async Capable": false,"Join Type": "Inner","Startup Cost": 0.43,"Total Cost": 172391.43,"Plan Rows": 7320,"Plan Width": 27,"Actual Startup Time": 0.336,"Actual Total Time": 386.071,"Actual Rows": 6227,"Actual Loops": 5,"Inner Unique": true,"Workers": [],"Plans": [{"Node Type": "Seq Scan","Parent Relationship": "Outer","Parallel Aware": true,"Async Capable": false,"Relation Name": "lineitem","Alias": "lineitem","Startup Cost": 0.00,"Total Cost": 146259.83,"Plan Rows": 7320,"Plan Width": 15,"Actual Startup Time": 0.224,"Actual Total Time": 351.712,"Actual Rows": 6227,"Actual Loops": 5,"Filter": "((l_shipmode = ANY ('{FOB,SHIP}'::bpchar[])) AND (l_commitdate < l_receiptdate) AND (l_shipdate < l_commitdate) AND (l_receiptdate >= '1993-01-01'::date) AND (l_receiptdate < '1994-01-01 00:00:00'::timestamp without time zone))","Rows Removed by Filter": 1194016,"Workers": []},{"Node Type": "Index Scan","Parent Relationship": "Inner","Parallel Aware": false,"Async Capable": false,"Scan Direction": "Forward","Index Name": "orders_pkey","Relation Name": "orders","Alias": "orders","Startup Cost": 0.43,"Total Cost": 3.57,"Plan Rows": 1,"Plan Width": 20,"Actual Startup Time": 0.005,"Actual Total Time": 0.005,"Actual Rows": 1,"Actual Loops": 31133,"Index Cond": "(o_orderkey = lineitem.l_orderkey)","Rows Removed by Index Recheck": 0,"Workers": []}]}]}]}]}]},"Planning Time": 4.522,"Triggers": [],"Execution Time": 432.317}]
[{"Plan": {"Node Type": "Aggregate","Strategy": "Sorted","Partial Mode": "Finalize","Parallel Aware": false,"Async Capable": false,"Startup Cost": 173571.57,"Total Cost": 173719.00,"Plan Rows": 7,"Plan Width": 27,"Actual Startup Time": 402.469,"Actual Total Time": 436.632,"Actual Rows": 2,"Actual Loops": 1,"Group Key": ["lineitem.l_shipmode"],"Plans": [{"Node Type": "Gather Merge","Parent Relationship": "Outer","Parallel Aware": false,"Async Capable": false,"Startup Cost": 173571.57,"Total Cost": 173718.72,"Plan Rows": 28,"Plan Width": 27,"Actual Startup Time": 401.685,"Actual Total Time": 436.596,"Actual Rows": 10,"Actual Loops": 1,"Workers Planned": 4,"Workers Launched": 4,"Plans": [{"Node Type": "Aggregate","Strategy": "Sorted","Partial Mode": "Partial","Parent Relationship": "Outer","Parallel Aware": false,"Async Capable": false,"Startup Cost": 172571.51,"Total Cost": 172715.32,"Plan Rows": 7,"Plan Width": 27,"Actual Startup Time": 393.044,"Actual Total Time": 393.754,"Actual Rows": 2,"Actual Loops": 5,"Group Key": ["lineitem.l_shipmode"],"Workers": [],"Plans": [{"Node Type": "Sort","Parent Relationship": "Outer","Parallel Aware": false,"Async Capable": false,"Startup Cost": 172571.51,"Total Cost": 172589.48,"Plan Rows": 7187,"Plan Width": 27,"Actual Startup Time": 392.277,"Actual Total Time": 392.519,"Actual Rows": 6255,"Actual Loops": 5,"Sort Key": ["lineitem.l_shipmode"],"Sort Method": "quicksort","Sort Space Used": 637,"Sort Space Type": "Memory","Workers": [{"Worker Number": 0,"Sort Method": "quicksort","Sort Space Used": 630,"Sort Space Type": "Memory"},{"Worker Number": 1,"Sort Method": "quicksort","Sort Space Used": 648,"Sort Space Type": "Memory"},{"Worker Number": 2,"Sort Method": "quicksort","Sort Space Used": 630,"Sort Space Type": "Memory"},{"Worker Number": 3,"Sort Method": "quicksort","Sort Space Used": 616,"Sort Space Type": "Memory"}],"Plans": [{"Node Type": "Nested Loop","Parent Relationship": "Outer","Parallel Aware": false,"Async Capable": false,"Join Type": "Inner","Startup Cost": 0.43,"Total Cost": 172111.14,"Plan Rows": 7187,"Plan Width": 27,"Actual Startup Time": 0.222,"Actual Total Time": 389.329,"Actual Rows": 6255,"Actual Loops": 5,"Inner Unique": true,"Workers": [],"Plans": [{"Node Type": "Seq Scan","Parent Relationship": "Outer","Parallel Aware": true,"Async Capable": false,"Relation Name": "lineitem","Alias": "lineitem","Startup Cost": 0.00,"Total Cost": 146259.83,"Plan Rows": 7187,"Plan Width": 15,"Actual Startup Time": 0.102,"Actual Total Time": 353.334,"Actual Rows": 6255,"Actual Loops": 5,"Filter": "((l_shipmode = ANY ('{RAIL,\"REG AIR\"}'::bpchar[])) AND (l_commitdate < l_receiptdate) AND (l_shipdate < l_commitdate) AND (l_receiptdate >= '1997-01-01'::date) AND (l_receiptdate < '1998-01-01 00:00:00'::timestamp without time zone))","Rows Removed by Filter": 1193988,"Workers": []},{"Node Type": "Index Scan","Parent Relationship": "Inner","Parallel Aware": false,"Async Capable": false,"Scan Direction": "Forward","Index Name": "orders_pkey","Relation Name": "orders","Alias": "orders","Startup Cost": 0.43,"Total Cost": 3.60,"Plan Rows": 1,"Plan Width": 20,"Actual Startup Time": 0.005,"Actual Total Time": 0.005,"Actual Rows": 1,"Actual Loops": 31277,"Index Cond": "(o_orderkey = lineitem.l_orderkey)","Rows Removed by Index Recheck": 0,"Workers": []}]}]}]}]}]},"Planning Time": 4.043,"Triggers": [],"Execution Time": 437.306}]
[{"Plan": {"Node Type": "Aggregate","Strategy": "Sorted","Partial Mode": "Finalize","Parallel Aware": false,"Async Capable": false,"Startup Cost": 173715.30,"Total Cost": 173864.04,"Plan Rows": 7,"Plan Width": 27,"Actual Startup Time": 414.685,"Actual Total Time": 447.775,"Actual Rows": 2,"Actual Loops": 1,"Group Key": ["lineitem.l_shipmode"],"Plans": [{"Node Type": "Gather Merge","Parent Relationship": "Outer","Parallel Aware": false,"Async Capable": false,"Startup Cost": 173715.30,"Total Cost": 173863.76,"Plan Rows": 28,"Plan Width": 27,"Actual Startup Time": 413.913,"Actual Total Time": 447.734,"Actual Rows": 10,"Actual Loops": 1,"Workers Planned": 4,"Workers Launched": 4,"Plans": [{"Node Type": "Aggregate","Strategy": "Sorted","Partial Mode": "Partial","Parent Relationship": "Outer","Parallel Aware": false,"Async Capable": false,"Startup Cost": 172715.24,"Total Cost": 172860.37,"Plan Rows": 7,"Plan Width": 27,"Actual Startup Time": 405.600,"Actual Total Time": 406.323,"Actual Rows": 2,"Actual Loops": 5,"Group Key": ["lineitem.l_shipmode"],"Workers": [],"Plans": [{"Node Type": "Sort","Parent Relationship": "Outer","Parallel Aware": false,"Async Capable": false,"Startup Cost": 172715.24,"Total Cost": 172733.37,"Plan Rows": 7253,"Plan Width": 27,"Actual Startup Time": 404.849,"Actual Total Time": 405.101,"Actual Rows": 6220,"Actual Loops": 5,"Sort Key": ["lineitem.l_shipmode"],"Sort Method": "quicksort","Sort Space Used": 614,"Sort Space Type": "Memory","Workers": [{"Worker Number": 0,"Sort Method": "quicksort","Sort Space Used": 638,"Sort Space Type": "Memory"},{"Worker Number": 1,"Sort Method": "quicksort","Sort Space Used": 642,"Sort Space Type": "Memory"},{"Worker Number": 2,"Sort Method": "quicksort","Sort Space Used": 645,"Sort Space Type": "Memory"},{"Worker Number": 3,"Sort Method": "quicksort","Sort Space Used": 611,"Sort Space Type": "Memory"}],"Plans": [{"Node Type": "Nested Loop","Parent Relationship": "Outer","Parallel Aware": false,"Async Capable": false,"Join Type": "Inner","Startup Cost": 0.43,"Total Cost": 172250.16,"Plan Rows": 7253,"Plan Width": 27,"Actual Startup Time": 0.461,"Actual Total Time": 401.909,"Actual Rows": 6220,"Actual Loops": 5,"Inner Unique": true,"Workers": [],"Plans": [{"Node Type": "Seq Scan","Parent Relationship": "Outer","Parallel Aware": true,"Async Capable": false,"Relation Name": "lineitem","Alias": "lineitem","Startup Cost": 0.00,"Total Cost": 146259.83,"Plan Rows": 7253,"Plan Width": 15,"Actual Startup Time": 0.362,"Actual Total Time": 365.175,"Actual Rows": 6220,"Actual Loops": 5,"Filter": "((l_shipmode = ANY ('{\"REG AIR\",AIR}'::bpchar[])) AND (l_commitdate < l_receiptdate) AND (l_shipdate < l_commitdate) AND (l_receiptdate >= '1993-01-01'::date) AND (l_receiptdate < '1994-01-01 00:00:00'::timestamp without time zone))","Rows Removed by Filter": 1194023,"Workers": []},{"Node Type": "Index Scan","Parent Relationship": "Inner","Parallel Aware": false,"Async Capable": false,"Scan Direction": "Forward","Index Name": "orders_pkey","Relation Name": "orders","Alias": "orders","Startup Cost": 0.43,"Total Cost": 3.58,"Plan Rows": 1,"Plan Width": 20,"Actual Startup Time": 0.006,"Actual Total Time": 0.006,"Actual Rows": 1,"Actual Loops": 31100,"Index Cond": "(o_orderkey = lineitem.l_orderkey)","Rows Removed by Index Recheck": 0,"Workers": []}]}]}]}]}]},"Planning Time": 5.615,"Triggers": [],"Execution Time": 448.541}]
[{"Plan": {"Node Type": "Aggregate","Strategy": "Sorted","Partial Mode": "Finalize","Parallel Aware": false,"Async Capable": false,"Startup Cost": 173464.41,"Total Cost": 173610.85,"Plan Rows": 7,"Plan Width": 27,"Actual Startup Time": 402.904,"Actual Total Time": 436.845,"Actual Rows": 2,"Actual Loops": 1,"Group Key": ["lineitem.l_shipmode"],"Plans": [{"Node Type": "Gather Merge","Parent Relationship": "Outer","Parallel Aware": false,"Async Capable": false,"Startup Cost": 173464.41,"Total Cost": 173610.57,"Plan Rows": 28,"Plan Width": 27,"Actual Startup Time": 402.081,"Actual Total Time": 436.809,"Actual Rows": 10,"Actual Loops": 1,"Workers Planned": 4,"Workers Launched": 4,"Plans": [{"Node Type": "Aggregate","Strategy": "Sorted","Partial Mode": "Partial","Parent Relationship": "Outer","Parallel Aware": false,"Async Capable": false,"Startup Cost": 172464.35,"Total Cost": 172607.18,"Plan Rows": 7,"Plan Width": 27,"Actual Startup Time": 393.474,"Actual Total Time": 394.191,"Actual Rows": 2,"Actual Loops": 5,"Group Key": ["lineitem.l_shipmode"],"Workers": [],"Plans": [{"Node Type": "Sort","Parent Relationship": "Outer","Parallel Aware": false,"Async Capable": false,"Startup Cost": 172464.35,"Total Cost": 172482.19,"Plan Rows": 7138,"Plan Width": 27,"Actual Startup Time": 392.724,"Actual Total Time": 392.961,"Actual Rows": 6167,"Actual Loops": 5,"Sort Key": ["lineitem.l_shipmode"],"Sort Method": "quicksort","Sort Space Used": 630,"Sort Space Type": "Memory","Workers": [{"Worker Number": 0,"Sort Method": "quicksort","Sort Space Used": 635,"Sort Space Type": "Memory"},{"Worker Number": 1,"Sort Method": "quicksort","Sort Space Used": 625,"Sort Space Type": "Memory"},{"Worker Number": 2,"Sort Method": "quicksort","Sort Space Used": 608,"Sort Space Type": "Memory"},{"Worker Number": 3,"Sort Method": "quicksort","Sort Space Used": 633,"Sort Space Type": "Memory"}],"Plans": [{"Node Type": "Nested Loop","Parent Relationship": "Outer","Parallel Aware": false,"Async Capable": false,"Join Type": "Inner","Startup Cost": 0.43,"Total Cost": 172007.47,"Plan Rows": 7138,"Plan Width": 27,"Actual Startup Time": 0.273,"Actual Total Time": 389.815,"Actual Rows": 6167,"Actual Loops": 5,"Inner Unique": true,"Workers": [],"Plans": [{"Node Type": "Seq Scan","Parent Relationship": "Outer","Parallel Aware": true,"Async Capable": false,"Relation Name": "lineitem","Alias": "lineitem","Startup Cost": 0.00,"Total Cost": 146259.83,"Plan Rows": 7138,"Plan Width": 15,"Actual Startup Time": 0.150,"Actual Total Time": 354.178,"Actual Rows": 6167,"Actual Loops": 5,"Filter": "((l_shipmode = ANY ('{TRUCK,AIR}'::bpchar[])) AND (l_commitdate < l_receiptdate) AND (l_shipdate < l_commitdate) AND (l_receiptdate >= '1994-01-01'::date) AND (l_receiptdate < '1995-01-01 00:00:00'::timestamp without time zone))","Rows Removed by Filter": 1194076,"Workers": []},{"Node Type": "Index Scan","Parent Relationship": "Inner","Parallel Aware": false,"Async Capable": false,"Scan Direction": "Forward","Index Name": "orders_pkey","Relation Name": "orders","Alias": "orders","Startup Cost": 0.43,"Total Cost": 3.61,"Plan Rows": 1,"Plan Width": 20,"Actual Startup Time": 0.005,"Actual Total Time": 0.005,"Actual Rows": 1,"Actual Loops": 30837,"Index Cond": "(o_orderkey = lineitem.l_orderkey)","Rows Removed by Index Recheck": 0,"Workers": []}]}]}]}]}]},"Planning Time": 5.138,"Triggers": [],"Execution Time": 437.528}]
[{"Plan": {"Node Type": "Aggregate","Strategy": "Sorted","Partial Mode": "Finalize","Parallel Aware": false,"Async Capable": false,"Startup Cost": 173812.88,"Total Cost": 173962.52,"Plan Rows": 7,"Plan Width": 27,"Actual Startup Time": 396.241,"Actual Total Time": 428.758,"Actual Rows": 2,"Actual Loops": 1,"Group Key": ["lineitem.l_shipmode"],"Plans": [{"Node Type": "Gather Merge","Parent Relationship": "Outer","Parallel Aware": false,"Async Capable": false,"Startup Cost": 173812.88,"Total Cost": 173962.24,"Plan Rows": 28,"Plan Width": 27,"Actual Startup Time": 395.352,"Actual Total Time": 428.716,"Actual Rows": 10,"Actual Loops": 1,"Workers Planned": 4,"Workers Launched": 4,"Plans": [{"Node Type": "Aggregate","Strategy": "Sorted","Partial Mode": "Partial","Parent Relationship": "Outer","Parallel Aware": false,"Async Capable": false,"Startup Cost": 172812.82,"Total Cost": 172958.85,"Plan Rows": 7,"Plan Width": 27,"Actual Startup Time": 386.925,"Actual Total Time": 387.674,"Actual Rows": 2,"Actual Loops": 5,"Group Key": ["lineitem.l_shipmode"],"Workers": [],"Plans": [{"Node Type": "Sort","Parent Relationship": "Outer","Parallel Aware": false,"Async Capable": false,"Startup Cost": 172812.82,"Total Cost": 172831.07,"Plan Rows": 7298,"Plan Width": 27,"Actual Startup Time": 386.166,"Actual Total Time": 386.432,"Actual Rows": 6192,"Actual Loops": 5,"Sort Key": ["lineitem.l_shipmode"],"Sort Method": "quicksort","Sort Space Used": 636,"Sort Space Type": "Memory","Workers": [{"Worker Number": 0,"Sort Method": "quicksort","Sort Space Used": 633,"Sort Space Type": "Memory"},{"Worker Number": 1,"Sort Method": "quicksort","Sort Space Used": 630,"Sort Space Type": "Memory"},{"Worker Number": 2,"Sort Method": "quicksort","Sort Space Used": 615,"Sort Space Type": "Memory"},{"Worker Number": 3,"Sort Method": "quicksort","Sort Space Used": 626,"Sort Space Type": "Memory"}],"Plans": [{"Node Type": "Nested Loop","Parent Relationship": "Outer","Parallel Aware": false,"Async Capable": false,"Join Type": "Inner","Startup Cost": 0.43,"Total Cost": 172344.53,"Plan Rows": 7298,"Plan Width": 27,"Actual Startup Time": 0.277,"Actual Total Time": 383.377,"Actual Rows": 6192,"Actual Loops": 5,"Inner Unique": true,"Workers": [],"Plans": [{"Node Type": "Seq Scan","Parent Relationship": "Outer","Parallel Aware": true,"Async Capable": false,"Relation Name": "lineitem","Alias": "lineitem","Startup Cost": 0.00,"Total Cost": 146259.83,"Plan Rows": 7298,"Plan Width": 15,"Actual Startup Time": 0.167,"Actual Total Time": 348.959,"Actual Rows": 6192,"Actual Loops": 5,"Filter": "((l_shipmode = ANY ('{SHIP,TRUCK}'::bpchar[])) AND (l_commitdate < l_receiptdate) AND (l_shipdate < l_commitdate) AND (l_receiptdate >= '1993-01-01'::date) AND (l_receiptdate < '1994-01-01 00:00:00'::timestamp without time zone))","Rows Removed by Filter": 1194051,"Workers": []},{"Node Type": "Index Scan","Parent Relationship": "Inner","Parallel Aware": false,"Async Capable": false,"Scan Direction": "Forward","Index Name": "orders_pkey","Relation Name": "orders","Alias": "orders","Startup Cost": 0.43,"Total Cost": 3.57,"Plan Rows": 1,"Plan Width": 20,"Actual Startup Time": 0.005,"Actual Total Time": 0.005,"Actual Rows": 1,"Actual Loops": 30958,"Index Cond": "(o_orderkey = lineitem.l_orderkey)","Rows Removed by Index Recheck": 0,"Workers": []}]}]}]}]}]},"Planning Time": 5.084,"Triggers": [],"Execution Time": 429.186}]
[{"Plan": {"Node Type": "Aggregate","Strategy": "Sorted","Partial Mode": "Finalize","Parallel Aware": false,"Async Capable": false,"Startup Cost": 173497.14,"Total Cost": 173643.88,"Plan Rows": 7,"Plan Width": 27,"Actual Startup Time": 408.501,"Actual Total Time": 441.910,"Actual Rows": 2,"Actual Loops": 1,"Group Key": ["lineitem.l_shipmode"],"Plans": [{"Node Type": "Gather Merge","Parent Relationship": "Outer","Parallel Aware": false,"Async Capable": false,"Startup Cost": 173497.14,"Total Cost": 173643.60,"Plan Rows": 28,"Plan Width": 27,"Actual Startup Time": 407.650,"Actual Total Time": 441.877,"Actual Rows": 10,"Actual Loops": 1,"Workers Planned": 4,"Workers Launched": 4,"Plans": [{"Node Type": "Aggregate","Strategy": "Sorted","Partial Mode": "Partial","Parent Relationship": "Outer","Parallel Aware": false,"Async Capable": false,"Startup Cost": 172497.08,"Total Cost": 172640.21,"Plan Rows": 7,"Plan Width": 27,"Actual Startup Time": 399.237,"Actual Total Time": 399.959,"Actual Rows": 2,"Actual Loops": 5,"Group Key": ["lineitem.l_shipmode"],"Workers": [],"Plans": [{"Node Type": "Sort","Parent Relationship": "Outer","Parallel Aware": false,"Async Capable": false,"Startup Cost": 172497.08,"Total Cost": 172514.96,"Plan Rows": 7153,"Plan Width": 27,"Actual Startup Time": 398.488,"Actual Total Time": 398.738,"Actual Rows": 6195,"Actual Loops": 5,"Sort Key": ["lineitem.l_shipmode"],"Sort Method": "quicksort","Sort Space Used": 635,"Sort Space Type": "Memory","Workers": [{"Worker Number": 0,"Sort Method": "quicksort","Sort Space Used": 604,"Sort Space Type": "Memory"},{"Worker Number": 1,"Sort Method": "quicksort","Sort Space Used": 637,"Sort Space Type": "Memory"},{"Worker Number": 2,"Sort Method": "quicksort","Sort Space Used": 633,"Sort Space Type": "Memory"},{"Worker Number": 3,"Sort Method": "quicksort","Sort Space Used": 631,"Sort Space Type": "Memory"}],"Plans": [{"Node Type": "Nested Loop","Parent Relationship": "Outer","Parallel Aware": false,"Async Capable": false,"Join Type": "Inner","Startup Cost": 0.43,"Total Cost": 172039.13,"Plan Rows": 7153,"Plan Width": 27,"Actual Startup Time": 0.245,"Actual Total Time": 395.558,"Actual Rows": 6195,"Actual Loops": 5,"Inner Unique": true,"Workers": [],"Plans": [{"Node Type": "Seq Scan","Parent Relationship": "Outer","Parallel Aware": true,"Async Capable": false,"Relation Name": "lineitem","Alias": "lineitem","Startup Cost": 0.00,"Total Cost": 146259.83,"Plan Rows": 7153,"Plan Width": 15,"Actual Startup Time": 0.123,"Actual Total Time": 359.418,"Actual Rows": 6195,"Actual Loops": 5,"Filter": "((l_shipmode = ANY ('{\"REG AIR\",FOB}'::bpchar[])) AND (l_commitdate < l_receiptdate) AND (l_shipdate < l_commitdate) AND (l_receiptdate >= '1994-01-01'::date) AND (l_receiptdate < '1995-01-01 00:00:00'::timestamp without time zone))","Rows Removed by Filter": 1194048,"Workers": []},{"Node Type": "Index Scan","Parent Relationship": "Inner","Parallel Aware": false,"Async Capable": false,"Scan Direction": "Forward","Index Name": "orders_pkey","Relation Name": "orders","Alias": "orders","Startup Cost": 0.43,"Total Cost": 3.60,"Plan Rows": 1,"Plan Width": 20,"Actual Startup Time": 0.005,"Actual Total Time": 0.005,"Actual Rows": 1,"Actual Loops": 30976,"Index Cond": "(o_orderkey = lineitem.l_orderkey)","Rows Removed by Index Recheck": 0,"Workers": []}]}]}]}]}]},"Planning Time": 4.987,"Triggers": [],"Execution Time": 442.600}]
[{"Plan": {"Node Type": "Aggregate","Strategy": "Sorted","Partial Mode": "Finalize","Parallel Aware": false,"Async Capable": false,"Startup Cost": 173608.85,"Total Cost": 173756.62,"Plan Rows": 7,"Plan Width": 27,"Actual Startup Time": 397.118,"Actual Total Time": 429.292,"Actual Rows": 2,"Actual Loops": 1,"Group Key": ["lineitem.l_shipmode"],"Plans": [{"Node Type": "Gather Merge","Parent Relationship": "Outer","Parallel Aware": false,"Async Capable": false,"Startup Cost": 173608.85,"Total Cost": 173756.34,"Plan Rows": 28,"Plan Width": 27,"Actual Startup Time": 396.318,"Actual Total Time": 429.242,"Actual Rows": 10,"Actual Loops": 1,"Workers Planned": 4,"Workers Launched": 4,"Plans": [{"Node Type": "Aggregate","Strategy": "Sorted","Partial Mode": "Partial","Parent Relationship": "Outer","Parallel Aware": false,"Async Capable": false,"Startup Cost": 172608.79,"Total Cost": 172752.94,"Plan Rows": 7,"Plan Width": 27,"Actual Startup Time": 388.105,"Actual Total Time": 388.827,"Actual Rows": 2,"Actual Loops": 5,"Group Key": ["lineitem.l_shipmode"],"Workers": [],"Plans": [{"Node Type": "Sort","Parent Relationship": "Outer","Parallel Aware": false,"Async Capable": false,"Startup Cost": 172608.79,"Total Cost": 172626.80,"Plan Rows": 7204,"Plan Width": 27,"Actual Startup Time": 387.340,"Actual Total Time": 387.589,"Actual Rows": 6220,"Actual Loops": 5,"Sort Key": ["lineitem.l_shipmode"],"Sort Method": "quicksort","Sort Space Used": 640,"Sort Space Type": "Memory","Workers": [{"Worker Number": 0,"Sort Method": "quicksort","Sort Space Used": 629,"Sort Space Type": "Memory"},{"Worker Number": 1,"Sort Method": "quicksort","Sort Space Used": 628,"Sort Space Type": "Memory"},{"Worker Number": 2,"Sort Method": "quicksort","Sort Space Used": 619,"Sort Space Type": "Memory"},{"Worker Number": 3,"Sort Method": "quicksort","Sort Space Used": 633,"Sort Space Type": "Memory"}],"Plans": [{"Node Type": "Nested Loop","Parent Relationship": "Outer","Parallel Aware": false,"Async Capable": false,"Join Type": "Inner","Startup Cost": 0.43,"Total Cost": 172147.21,"Plan Rows": 7204,"Plan Width": 27,"Actual Startup Time": 0.350,"Actual Total Time": 384.404,"Actual Rows": 6220,"Actual Loops": 5,"Inner Unique": true,"Workers": [],"Plans": [{"Node Type": "Seq Scan","Parent Relationship": "Outer","Parallel Aware": true,"Async Capable": false,"Relation Name": "lineitem","Alias": "lineitem","Startup Cost": 0.00,"Total Cost": 146259.83,"Plan Rows": 7204,"Plan Width": 15,"Actual Startup Time": 0.220,"Actual Total Time": 350.094,"Actual Rows": 6220,"Actual Loops": 5,"Filter": "((l_shipmode = ANY ('{SHIP,TRUCK}'::bpchar[])) AND (l_commitdate < l_receiptdate) AND (l_shipdate < l_commitdate) AND (l_receiptdate >= '1997-01-01'::date) AND (l_receiptdate < '1998-01-01 00:00:00'::timestamp without time zone))","Rows Removed by Filter": 1194023,"Workers": []},{"Node Type": "Index Scan","Parent Relationship": "Inner","Parallel Aware": false,"Async Capable": false,"Scan Direction": "Forward","Index Name": "orders_pkey","Relation Name": "orders","Alias": "orders","Startup Cost": 0.43,"Total Cost": 3.59,"Plan Rows": 1,"Plan Width": 20,"Actual Startup Time": 0.005,"Actual Total Time": 0.005,"Actual Rows": 1,"Actual Loops": 31100,"Index Cond": "(o_orderkey = lineitem.l_orderkey)","Rows Removed by Index Recheck": 0,"Workers": []}]}]}]}]}]},"Planning Time": 4.445,"Triggers": [],"Execution Time": 429.735}]
[{"Plan": {"Node Type": "Aggregate","Strategy": "Sorted","Partial Mode": "Finalize","Parallel Aware": false,"Async Capable": false,"Startup Cost": 174062.42,"Total Cost": 174214.39,"Plan Rows": 7,"Plan Width": 27,"Actual Startup Time": 399.989,"Actual Total Time": 432.536,"Actual Rows": 2,"Actual Loops": 1,"Group Key": ["lineitem.l_shipmode"],"Plans": [{"Node Type": "Gather Merge","Parent Relationship": "Outer","Parallel Aware": false,"Async Capable": false,"Startup Cost": 174062.42,"Total Cost": 174214.11,"Plan Rows": 28,"Plan Width": 27,"Actual Startup Time": 399.188,"Actual Total Time": 432.518,"Actual Rows": 10,"Actual Loops": 1,"Workers Planned": 4,"Workers Launched": 4,"Plans": [{"Node Type": "Aggregate","Strategy": "Sorted","Partial Mode": "Partial","Parent Relationship": "Outer","Parallel Aware": false,"Async Capable": false,"Startup Cost": 173062.36,"Total Cost": 173210.71,"Plan Rows": 7,"Plan Width": 27,"Actual Startup Time": 390.781,"Actual Total Time": 391.500,"Actual Rows": 2,"Actual Loops": 5,"Group Key": ["lineitem.l_shipmode"],"Workers": [],"Plans": [{"Node Type": "Sort","Parent Relationship": "Outer","Parallel Aware": false,"Async Capable": false,"Startup Cost": 173062.36,"Total Cost": 173080.90,"Plan Rows": 7414,"Plan Width": 27,"Actual Startup Time": 390.018,"Actual Total Time": 390.251,"Actual Rows": 6237,"Actual Loops": 5,"Sort Key": ["lineitem.l_shipmode"],"Sort Method": "quicksort","Sort Space Used": 645,"Sort Space Type": "Memory","Workers": [{"Worker Number": 0,"Sort Method": "quicksort","Sort Space Used": 627,"Sort Space Type": "Memory"},{"Worker Number": 1,"Sort Method": "quicksort","Sort Space Used": 628,"Sort Space Type": "Memory"},{"Worker Number": 2,"Sort Method": "quicksort","Sort Space Used": 632,"Sort Space Type": "Memory"},{"Worker Number": 3,"Sort Method": "quicksort","Sort Space Used": 624,"Sort Space Type": "Memory"}],"Plans": [{"Node Type": "Nested Loop","Parent Relationship": "Outer","Parallel Aware": false,"Async Capable": false,"Join Type": "Inner","Startup Cost": 0.43,"Total Cost": 172585.79,"Plan Rows": 7414,"Plan Width": 27,"Actual Startup Time": 0.317,"Actual Total Time": 387.167,"Actual Rows": 6237,"Actual Loops": 5,"Inner Unique": true,"Workers": [],"Plans": [{"Node Type": "Seq Scan","Parent Relationship": "Outer","Parallel Aware": true,"Async Capable": false,"Relation Name": "lineitem","Alias": "lineitem","Startup Cost": 0.00,"Total Cost": 146259.83,"Plan Rows": 7414,"Plan Width": 15,"Actual Startup Time": 0.202,"Actual Total Time": 352.696,"Actual Rows": 6237,"Actual Loops": 5,"Filter": "((l_shipmode = ANY ('{AIR,MAIL}'::bpchar[])) AND (l_commitdate < l_receiptdate) AND (l_shipdate < l_commitdate) AND (l_receiptdate >= '1995-01-01'::date) AND (l_receiptdate < '1996-01-01 00:00:00'::timestamp without time zone))","Rows Removed by Filter": 1194006,"Workers": []},{"Node Type": "Index Scan","Parent Relationship": "Inner","Parallel Aware": false,"Async Capable": false,"Scan Direction": "Forward","Index Name": "orders_pkey","Relation Name": "orders","Alias": "orders","Startup Cost": 0.43,"Total Cost": 3.55,"Plan Rows": 1,"Plan Width": 20,"Actual Startup Time": 0.005,"Actual Total Time": 0.005,"Actual Rows": 1,"Actual Loops": 31185,"Index Cond": "(o_orderkey = lineitem.l_orderkey)","Rows Removed by Index Recheck": 0,"Workers": []}]}]}]}]}]},"Planning Time": 5.525,"Triggers": [],"Execution Time": 432.954}]
[{"Plan": {"Node Type": "Aggregate","Strategy": "Sorted","Partial Mode": "Finalize","Parallel Aware": false,"Async Capable": false,"Startup Cost": 173991.94,"Total Cost": 174143.24,"Plan Rows": 7,"Plan Width": 27,"Actual Startup Time": 396.132,"Actual Total Time": 430.009,"Actual Rows": 2,"Actual Loops": 1,"Group Key": ["lineitem.l_shipmode"],"Plans": [{"Node Type": "Gather Merge","Parent Relationship": "Outer","Parallel Aware": false,"Async Capable": false,"Startup Cost": 173991.94,"Total Cost": 174142.96,"Plan Rows": 28,"Plan Width": 27,"Actual Startup Time": 395.281,"Actual Total Time": 429.951,"Actual Rows": 10,"Actual Loops": 1,"Workers Planned": 4,"Workers Launched": 4,"Plans": [{"Node Type": "Aggregate","Strategy": "Sorted","Partial Mode": "Partial","Parent Relationship": "Outer","Parallel Aware": false,"Async Capable": false,"Startup Cost": 172991.88,"Total Cost": 173139.57,"Plan Rows": 7,"Plan Width": 27,"Actual Startup Time": 386.861,"Actual Total Time": 387.594,"Actual Rows": 2,"Actual Loops": 5,"Group Key": ["lineitem.l_shipmode"],"Workers": [],"Plans": [{"Node Type": "Sort","Parent Relationship": "Outer","Parallel Aware": false,"Async Capable": false,"Startup Cost": 172991.88,"Total Cost": 173010.33,"Plan Rows": 7381,"Plan Width": 27,"Actual Startup Time": 386.106,"Actual Total Time": 386.360,"Actual Rows": 6214,"Actual Loops": 5,"Sort Key": ["lineitem.l_shipmode"],"Sort Method": "quicksort","Sort Space Used": 637,"Sort Space Type": "Memory","Workers": [{"Worker Number": 0,"Sort Method": "quicksort","Sort Space Used": 624,"Sort Space Type": "Memory"},{"Worker Number": 1,"Sort Method": "quicksort","Sort Space Used": 625,"Sort Space Type": "Memory"},{"Worker Number": 2,"Sort Method": "quicksort","Sort Space Used": 628,"Sort Space Type": "Memory"},{"Worker Number": 3,"Sort Method": "quicksort","Sort Space Used": 632,"Sort Space Type": "Memory"}],"Plans": [{"Node Type": "Nested Loop","Parent Relationship": "Outer","Parallel Aware": false,"Async Capable": false,"Join Type": "Inner","Startup Cost": 0.43,"Total Cost": 172517.67,"Plan Rows": 7381,"Plan Width": 27,"Actual Startup Time": 0.428,"Actual Total Time": 383.198,"Actual Rows": 6214,"Actual Loops": 5,"Inner Unique": true,"Workers": [],"Plans": [{"Node Type": "Seq Scan","Parent Relationship": "Outer","Parallel Aware": true,"Async Capable": false,"Relation Name": "lineitem","Alias": "lineitem","Startup Cost": 0.00,"Total Cost": 146259.83,"Plan Rows": 7381,"Plan Width": 15,"Actual Startup Time": 0.300,"Actual Total Time": 348.084,"Actual Rows": 6214,"Actual Loops": 5,"Filter": "((l_shipmode = ANY ('{\"REG AIR\",RAIL}'::bpchar[])) AND (l_commitdate < l_receiptdate) AND (l_shipdate < l_commitdate) AND (l_receiptdate >= '1995-01-01'::date) AND (l_receiptdate < '1996-01-01 00:00:00'::timestamp without time zone))","Rows Removed by Filter": 1194029,"Workers": []},{"Node Type": "Index Scan","Parent Relationship": "Inner","Parallel Aware": false,"Async Capable": false,"Scan Direction": "Forward","Index Name": "orders_pkey","Relation Name": "orders","Alias": "orders","Startup Cost": 0.43,"Total Cost": 3.56,"Plan Rows": 1,"Plan Width": 20,"Actual Startup Time": 0.005,"Actual Total Time": 0.005,"Actual Rows": 1,"Actual Loops": 31068,"Index Cond": "(o_orderkey = lineitem.l_orderkey)","Rows Removed by Index Recheck": 0,"Workers": []}]}]}]}]}]},"Planning Time": 4.161,"Triggers": [],"Execution Time": 430.615}]
[{"Plan": {"Node Type": "Aggregate","Strategy": "Sorted","Partial Mode": "Finalize","Parallel Aware": false,"Async Capable": false,"Startup Cost": 173464.41,"Total Cost": 173610.85,"Plan Rows": 7,"Plan Width": 27,"Actual Startup Time": 402.904,"Actual Total Time": 436.845,"Actual Rows": 2,"Actual Loops": 1,"Group Key": ["lineitem.l_shipmode"],"Plans": [{"Node Type": "Gather Merge","Parent Relationship": "Outer","Parallel Aware": false,"Async Capable": false,"Startup Cost": 173464.41,"Total Cost": 173610.57,"Plan Rows": 28,"Plan Width": 27,"Actual Startup Time": 402.081,"Actual Total Time": 436.809,"Actual Rows": 10,"Actual Loops": 1,"Workers Planned": 4,"Workers Launched": 4,"Plans": [{"Node Type": "Aggregate","Strategy": "Sorted","Partial Mode": "Partial","Parent Relationship": "Outer","Parallel Aware": false,"Async Capable": false,"Startup Cost": 172464.35,"Total Cost": 172607.18,"Plan Rows": 7,"Plan Width": 27,"Actual Startup Time": 393.474,"Actual Total Time": 394.191,"Actual Rows": 2,"Actual Loops": 5,"Group Key": ["lineitem.l_shipmode"],"Workers": [],"Plans": [{"Node Type": "Sort","Parent Relationship": "Outer","Parallel Aware": false,"Async Capable": false,"Startup Cost": 172464.35,"Total Cost": 172482.19,"Plan Rows": 7138,"Plan Width": 27,"Actual Startup Time": 392.724,"Actual Total Time": 392.961,"Actual Rows": 6167,"Actual Loops": 5,"Sort Key": ["lineitem.l_shipmode"],"Sort Method": "quicksort","Sort Space Used": 630,"Sort Space Type": "Memory","Workers": [{"Worker Number": 0,"Sort Method": "quicksort","Sort Space Used": 635,"Sort Space Type": "Memory"},{"Worker Number": 1,"Sort Method": "quicksort","Sort Space Used": 625,"Sort Space Type": "Memory"},{"Worker Number": 2,"Sort Method": "quicksort","Sort Space Used": 608,"Sort Space Type": "Memory"},{"Worker Number": 3,"Sort Method": "quicksort","Sort Space Used": 633,"Sort Space Type": "Memory"}],"Plans": [{"Node Type": "Nested Loop","Parent Relationship": "Outer","Parallel Aware": false,"Async Capable": false,"Join Type": "Inner","Startup Cost": 0.43,"Total Cost": 172007.47,"Plan Rows": 7138,"Plan Width": 27,"Actual Startup Time": 0.273,"Actual Total Time": 389.815,"Actual Rows": 6167,"Actual Loops": 5,"Inner Unique": true,"Workers": [],"Plans": [{"Node Type": "Seq Scan","Parent Relationship": "Outer","Parallel Aware": true,"Async Capable": false,"Relation Name": "lineitem","Alias": "lineitem","Startup Cost": 0.00,"Total Cost": 146259.83,"Plan Rows": 7138,"Plan Width": 15,"Actual Startup Time": 0.150,"Actual Total Time": 354.178,"Actual Rows": 6167,"Actual Loops": 5,"Filter": "((l_shipmode = ANY ('{TRUCK,AIR}'::bpchar[])) AND (l_commitdate < l_receiptdate) AND (l_shipdate < l_commitdate) AND (l_receiptdate >= '1994-01-01'::date) AND (l_receiptdate < '1995-01-01 00:00:00'::timestamp without time zone))","Rows Removed by Filter": 1194076,"Workers": []},{"Node Type": "Index Scan","Parent Relationship": "Inner","Parallel Aware": false,"Async Capable": false,"Scan Direction": "Forward","Index Name": "orders_pkey","Relation Name": "orders","Alias": "orders","Startup Cost": 0.43,"Total Cost": 3.61,"Plan Rows": 1,"Plan Width": 20,"Actual Startup Time": 0.005,"Actual Total Time": 0.005,"Actual Rows": 1,"Actual Loops": 30837,"Index Cond": "(o_orderkey = lineitem.l_orderkey)","Rows Removed by Index Recheck": 0,"Workers": []}]}]}]}]}]},"Planning Time": 5.138,"Triggers": [],"Execution Time": 437.528}]
[{"Plan": {"Node Type": "Aggregate","Strategy": "Sorted","Partial Mode": "Finalize","Parallel Aware": false,"Async Capable": false,"Startup Cost": 174042.75,"Total Cost": 174194.55,"Plan Rows": 7,"Plan Width": 27,"Actual Startup Time": 397.056,"Actual Total Time": 430.349,"Actual Rows": 2,"Actual Loops": 1,"Group Key": ["lineitem.l_shipmode"],"Plans": [{"Node Type": "Gather Merge","Parent Relationship": "Outer","Parallel Aware": false,"Async Capable": false,"Startup Cost": 174042.75,"Total Cost": 174194.27,"Plan Rows": 28,"Plan Width": 27,"Actual Startup Time": 396.142,"Actual Total Time": 430.312,"Actual Rows": 10,"Actual Loops": 1,"Workers Planned": 4,"Workers Launched": 4,"Plans": [{"Node Type": "Aggregate","Strategy": "Sorted","Partial Mode": "Partial","Parent Relationship": "Outer","Parallel Aware": false,"Async Capable": false,"Startup Cost": 173042.69,"Total Cost": 173190.88,"Plan Rows": 7,"Plan Width": 27,"Actual Startup Time": 387.837,"Actual Total Time": 388.586,"Actual Rows": 2,"Actual Loops": 5,"Group Key": ["lineitem.l_shipmode"],"Workers": [],"Plans": [{"Node Type": "Sort","Parent Relationship": "Outer","Parallel Aware": false,"Async Capable": false,"Startup Cost": 173042.69,"Total Cost": 173061.20,"Plan Rows": 7406,"Plan Width": 27,"Actual Startup Time": 387.076,"Actual Total Time": 387.323,"Actual Rows": 6304,"Actual Loops": 5,"Sort Key": ["lineitem.l_shipmode"],"Sort Method": "quicksort","Sort Space Used": 628,"Sort Space Type": "Memory","Workers": [{"Worker Number": 0,"Sort Method": "quicksort","Sort Space Used": 638,"Sort Space Type": "Memory"},{"Worker Number": 1,"Sort Method": "quicksort","Sort Space Used": 632,"Sort Space Type": "Memory"},{"Worker Number": 2,"Sort Method": "quicksort","Sort Space Used": 650,"Sort Space Type": "Memory"},{"Worker Number": 3,"Sort Method": "quicksort","Sort Space Used": 630,"Sort Space Type": "Memory"}],"Plans": [{"Node Type": "Nested Loop","Parent Relationship": "Outer","Parallel Aware": false,"Async Capable": false,"Join Type": "Inner","Startup Cost": 0.43,"Total Cost": 172566.69,"Plan Rows": 7406,"Plan Width": 27,"Actual Startup Time": 0.338,"Actual Total Time": 384.147,"Actual Rows": 6304,"Actual Loops": 5,"Inner Unique": true,"Workers": [],"Plans": [{"Node Type": "Seq Scan","Parent Relationship": "Outer","Parallel Aware": true,"Async Capable": false,"Relation Name": "lineitem","Alias": "lineitem","Startup Cost": 0.00,"Total Cost": 146259.83,"Plan Rows": 7405,"Plan Width": 15,"Actual Startup Time": 0.211,"Actual Total Time": 349.680,"Actual Rows": 6304,"Actual Loops": 5,"Filter": "((l_shipmode = ANY ('{AIR,TRUCK}'::bpchar[])) AND (l_commitdate < l_receiptdate) AND (l_shipdate < l_commitdate) AND (l_receiptdate >= '1995-01-01'::date) AND (l_receiptdate < '1996-01-01 00:00:00'::timestamp without time zone))","Rows Removed by Filter": 1193939,"Workers": []},{"Node Type": "Index Scan","Parent Relationship": "Inner","Parallel Aware": false,"Async Capable": false,"Scan Direction": "Forward","Index Name": "orders_pkey","Relation Name": "orders","Alias": "orders","Startup Cost": 0.43,"Total Cost": 3.55,"Plan Rows": 1,"Plan Width": 20,"Actual Startup Time": 0.005,"Actual Total Time": 0.005,"Actual Rows": 1,"Actual Loops": 31519,"Index Cond": "(o_orderkey = lineitem.l_orderkey)","Rows Removed by Index Recheck": 0,"Workers": []}]}]}]}]}]},"Planning Time": 4.555,"Triggers": [],"Execution Time": 430.839}]
[{"Plan": {"Node Type": "Aggregate","Strategy": "Sorted","Partial Mode": "Finalize","Parallel Aware": false,"Async Capable": false,"Startup Cost": 173782.93,"Total Cost": 173932.29,"Plan Rows": 7,"Plan Width": 27,"Actual Startup Time": 396.389,"Actual Total Time": 429.088,"Actual Rows": 2,"Actual Loops": 1,"Group Key": ["lineitem.l_shipmode"],"Plans": [{"Node Type": "Gather Merge","Parent Relationship": "Outer","Parallel Aware": false,"Async Capable": false,"Startup Cost": 173782.93,"Total Cost": 173932.01,"Plan Rows": 28,"Plan Width": 27,"Actual Startup Time": 395.578,"Actual Total Time": 429.050,"Actual Rows": 10,"Actual Loops": 1,"Workers Planned": 4,"Workers Launched": 4,"Plans": [{"Node Type": "Aggregate","Strategy": "Sorted","Partial Mode": "Partial","Parent Relationship": "Outer","Parallel Aware": false,"Async Capable": false,"Startup Cost": 172782.87,"Total Cost": 172928.62,"Plan Rows": 7,"Plan Width": 27,"Actual Startup Time": 387.383,"Actual Total Time": 388.112,"Actual Rows": 2,"Actual Loops": 5,"Group Key": ["lineitem.l_shipmode"],"Workers": [],"Plans": [{"Node Type": "Sort","Parent Relationship": "Outer","Parallel Aware": false,"Async Capable": false,"Startup Cost": 172782.87,"Total Cost": 172801.08,"Plan Rows": 7284,"Plan Width": 27,"Actual Startup Time": 386.619,"Actual Total Time": 386.868,"Actual Rows": 6268,"Actual Loops": 5,"Sort Key": ["lineitem.l_shipmode"],"Sort Method": "quicksort","Sort Space Used": 641,"Sort Space Type": "Memory","Workers": [{"Worker Number": 0,"Sort Method": "quicksort","Sort Space Used": 628,"Sort Space Type": "Memory"},{"Worker Number": 1,"Sort Method": "quicksort","Sort Space Used": 635,"Sort Space Type": "Memory"},{"Worker Number": 2,"Sort Method": "quicksort","Sort Space Used": 630,"Sort Space Type": "Memory"},{"Worker Number": 3,"Sort Method": "quicksort","Sort Space Used": 632,"Sort Space Type": "Memory"}],"Plans": [{"Node Type": "Nested Loop","Parent Relationship": "Outer","Parallel Aware": false,"Async Capable": false,"Join Type": "Inner","Startup Cost": 0.43,"Total Cost": 172315.58,"Plan Rows": 7284,"Plan Width": 27,"Actual Startup Time": 0.249,"Actual Total Time": 383.761,"Actual Rows": 6268,"Actual Loops": 5,"Inner Unique": true,"Workers": [],"Plans": [{"Node Type": "Seq Scan","Parent Relationship": "Outer","Parallel Aware": true,"Async Capable": false,"Relation Name": "lineitem","Alias": "lineitem","Startup Cost": 0.00,"Total Cost": 146259.83,"Plan Rows": 7284,"Plan Width": 15,"Actual Startup Time": 0.129,"Actual Total Time": 349.363,"Actual Rows": 6268,"Actual Loops": 5,"Filter": "((l_shipmode = ANY ('{TRUCK,FOB}'::bpchar[])) AND (l_commitdate < l_receiptdate) AND (l_shipdate < l_commitdate) AND (l_receiptdate >= '1996-01-01'::date) AND (l_receiptdate < '1997-01-01 00:00:00'::timestamp without time zone))","Rows Removed by Filter": 1193975,"Workers": []},{"Node Type": "Index Scan","Parent Relationship": "Inner","Parallel Aware": false,"Async Capable": false,"Scan Direction": "Forward","Index Name": "orders_pkey","Relation Name": "orders","Alias": "orders","Startup Cost": 0.43,"Total Cost": 3.58,"Plan Rows": 1,"Plan Width": 20,"Actual Startup Time": 0.005,"Actual Total Time": 0.005,"Actual Rows": 1,"Actual Loops": 31338,"Index Cond": "(o_orderkey = lineitem.l_orderkey)","Rows Removed by Index Recheck": 0,"Workers": []}]}]}]}]}]},"Planning Time": 5.565,"Triggers": [],"Execution Time": 429.536}]
[{"Plan": {"Node Type": "Aggregate","Strategy": "Sorted","Partial Mode": "Finalize","Parallel Aware": false,"Async Capable": false,"Startup Cost": 173812.88,"Total Cost": 173962.52,"Plan Rows": 7,"Plan Width": 27,"Actual Startup Time": 396.241,"Actual Total Time": 428.758,"Actual Rows": 2,"Actual Loops": 1,"Group Key": ["lineitem.l_shipmode"],"Plans": [{"Node Type": "Gather Merge","Parent Relationship": "Outer","Parallel Aware": false,"Async Capable": false,"Startup Cost": 173812.88,"Total Cost": 173962.24,"Plan Rows": 28,"Plan Width": 27,"Actual Startup Time": 395.352,"Actual Total Time": 428.716,"Actual Rows": 10,"Actual Loops": 1,"Workers Planned": 4,"Workers Launched": 4,"Plans": [{"Node Type": "Aggregate","Strategy": "Sorted","Partial Mode": "Partial","Parent Relationship": "Outer","Parallel Aware": false,"Async Capable": false,"Startup Cost": 172812.82,"Total Cost": 172958.85,"Plan Rows": 7,"Plan Width": 27,"Actual Startup Time": 386.925,"Actual Total Time": 387.674,"Actual Rows": 2,"Actual Loops": 5,"Group Key": ["lineitem.l_shipmode"],"Workers": [],"Plans": [{"Node Type": "Sort","Parent Relationship": "Outer","Parallel Aware": false,"Async Capable": false,"Startup Cost": 172812.82,"Total Cost": 172831.07,"Plan Rows": 7298,"Plan Width": 27,"Actual Startup Time": 386.166,"Actual Total Time": 386.432,"Actual Rows": 6192,"Actual Loops": 5,"Sort Key": ["lineitem.l_shipmode"],"Sort Method": "quicksort","Sort Space Used": 636,"Sort Space Type": "Memory","Workers": [{"Worker Number": 0,"Sort Method": "quicksort","Sort Space Used": 633,"Sort Space Type": "Memory"},{"Worker Number": 1,"Sort Method": "quicksort","Sort Space Used": 630,"Sort Space Type": "Memory"},{"Worker Number": 2,"Sort Method": "quicksort","Sort Space Used": 615,"Sort Space Type": "Memory"},{"Worker Number": 3,"Sort Method": "quicksort","Sort Space Used": 626,"Sort Space Type": "Memory"}],"Plans": [{"Node Type": "Nested Loop","Parent Relationship": "Outer","Parallel Aware": false,"Async Capable": false,"Join Type": "Inner","Startup Cost": 0.43,"Total Cost": 172344.53,"Plan Rows": 7298,"Plan Width": 27,"Actual Startup Time": 0.277,"Actual Total Time": 383.377,"Actual Rows": 6192,"Actual Loops": 5,"Inner Unique": true,"Workers": [],"Plans": [{"Node Type": "Seq Scan","Parent Relationship": "Outer","Parallel Aware": true,"Async Capable": false,"Relation Name": "lineitem","Alias": "lineitem","Startup Cost": 0.00,"Total Cost": 146259.83,"Plan Rows": 7298,"Plan Width": 15,"Actual Startup Time": 0.167,"Actual Total Time": 348.959,"Actual Rows": 6192,"Actual Loops": 5,"Filter": "((l_shipmode = ANY ('{SHIP,TRUCK}'::bpchar[])) AND (l_commitdate < l_receiptdate) AND (l_shipdate < l_commitdate) AND (l_receiptdate >= '1993-01-01'::date) AND (l_receiptdate < '1994-01-01 00:00:00'::timestamp without time zone))","Rows Removed by Filter": 1194051,"Workers": []},{"Node Type": "Index Scan","Parent Relationship": "Inner","Parallel Aware": false,"Async Capable": false,"Scan Direction": "Forward","Index Name": "orders_pkey","Relation Name": "orders","Alias": "orders","Startup Cost": 0.43,"Total Cost": 3.57,"Plan Rows": 1,"Plan Width": 20,"Actual Startup Time": 0.005,"Actual Total Time": 0.005,"Actual Rows": 1,"Actual Loops": 30958,"Index Cond": "(o_orderkey = lineitem.l_orderkey)","Rows Removed by Index Recheck": 0,"Workers": []}]}]}]}]}]},"Planning Time": 5.084,"Triggers": [],"Execution Time": 429.186}]
[{"Plan": {"Node Type": "Aggregate","Strategy": "Sorted","Partial Mode": "Finalize","Parallel Aware": false,"Async Capable": false,"Startup Cost": 173936.43,"Total Cost": 174087.20,"Plan Rows": 7,"Plan Width": 27,"Actual Startup Time": 404.295,"Actual Total Time": 438.434,"Actual Rows": 2,"Actual Loops": 1,"Group Key": ["lineitem.l_shipmode"],"Plans": [{"Node Type": "Gather Merge","Parent Relationship": "Outer","Parallel Aware": false,"Async Capable": false,"Startup Cost": 173936.43,"Total Cost": 174086.92,"Plan Rows": 28,"Plan Width": 27,"Actual Startup Time": 403.414,"Actual Total Time": 438.399,"Actual Rows": 10,"Actual Loops": 1,"Workers Planned": 4,"Workers Launched": 4,"Plans": [{"Node Type": "Aggregate","Strategy": "Sorted","Partial Mode": "Partial","Parent Relationship": "Outer","Parallel Aware": false,"Async Capable": false,"Startup Cost": 172936.38,"Total Cost": 173083.53,"Plan Rows": 7,"Plan Width": 27,"Actual Startup Time": 394.793,"Actual Total Time": 395.552,"Actual Rows": 2,"Actual Loops": 5,"Group Key": ["lineitem.l_shipmode"],"Workers": [],"Plans": [{"Node Type": "Sort","Parent Relationship": "Outer","Parallel Aware": false,"Async Capable": false,"Startup Cost": 172936.38,"Total Cost": 172954.76,"Plan Rows": 7354,"Plan Width": 27,"Actual Startup Time": 394.004,"Actual Total Time": 394.276,"Actual Rows": 6252,"Actual Loops": 5,"Sort Key": ["lineitem.l_shipmode"],"Sort Method": "quicksort","Sort Space Used": 635,"Sort Space Type": "Memory","Workers": [{"Worker Number": 0,"Sort Method": "quicksort","Sort Space Used": 627,"Sort Space Type": "Memory"},{"Worker Number": 1,"Sort Method": "quicksort","Sort Space Used": 641,"Sort Space Type": "Memory"},{"Worker Number": 2,"Sort Method": "quicksort","Sort Space Used": 626,"Sort Space Type": "Memory"},{"Worker Number": 3,"Sort Method": "quicksort","Sort Space Used": 630,"Sort Space Type": "Memory"}],"Plans": [{"Node Type": "Nested Loop","Parent Relationship": "Outer","Parallel Aware": false,"Async Capable": false,"Join Type": "Inner","Startup Cost": 0.43,"Total Cost": 172464.09,"Plan Rows": 7354,"Plan Width": 27,"Actual Startup Time": 0.376,"Actual Total Time": 391.142,"Actual Rows": 6252,"Actual Loops": 5,"Inner Unique": true,"Workers": [],"Plans": [{"Node Type": "Seq Scan","Parent Relationship": "Outer","Parallel Aware": true,"Async Capable": false,"Relation Name": "lineitem","Alias": "lineitem","Startup Cost": 0.00,"Total Cost": 146259.83,"Plan Rows": 7355,"Plan Width": 15,"Actual Startup Time": 0.246,"Actual Total Time": 355.568,"Actual Rows": 6252,"Actual Loops": 5,"Filter": "((l_shipmode = ANY ('{FOB,RAIL}'::bpchar[])) AND (l_commitdate < l_receiptdate) AND (l_shipdate < l_commitdate) AND (l_receiptdate >= '1993-01-01'::date) AND (l_receiptdate < '1994-01-01 00:00:00'::timestamp without time zone))","Rows Removed by Filter": 1193991,"Workers": []},{"Node Type": "Index Scan","Parent Relationship": "Inner","Parallel Aware": false,"Async Capable": false,"Scan Direction": "Forward","Index Name": "orders_pkey","Relation Name": "orders","Alias": "orders","Startup Cost": 0.43,"Total Cost": 3.56,"Plan Rows": 1,"Plan Width": 20,"Actual Startup Time": 0.005,"Actual Total Time": 0.005,"Actual Rows": 1,"Actual Loops": 31259,"Index Cond": "(o_orderkey = lineitem.l_orderkey)","Rows Removed by Index Recheck": 0,"Workers": []}]}]}]}]}]},"Planning Time": 5.465,"Triggers": [],"Execution Time": 439.032}]
[{"Plan": {"Node Type": "Aggregate","Strategy": "Sorted","Partial Mode": "Finalize","Parallel Aware": false,"Async Capable": false,"Startup Cost": 174031.36,"Total Cost": 174183.00,"Plan Rows": 7,"Plan Width": 27,"Actual Startup Time": 411.381,"Actual Total Time": 445.024,"Actual Rows": 2,"Actual Loops": 1,"Group Key": ["lineitem.l_shipmode"],"Plans": [{"Node Type": "Gather Merge","Parent Relationship": "Outer","Parallel Aware": false,"Async Capable": false,"Startup Cost": 174031.36,"Total Cost": 174182.72,"Plan Rows": 28,"Plan Width": 27,"Actual Startup Time": 410.514,"Actual Total Time": 444.979,"Actual Rows": 10,"Actual Loops": 1,"Workers Planned": 4,"Workers Launched": 4,"Plans": [{"Node Type": "Aggregate","Strategy": "Sorted","Partial Mode": "Partial","Parent Relationship": "Outer","Parallel Aware": false,"Async Capable": false,"Startup Cost": 173031.30,"Total Cost": 173179.33,"Plan Rows": 7,"Plan Width": 27,"Actual Startup Time": 401.916,"Actual Total Time": 402.658,"Actual Rows": 2,"Actual Loops": 5,"Group Key": ["lineitem.l_shipmode"],"Workers": [],"Plans": [{"Node Type": "Sort","Parent Relationship": "Outer","Parallel Aware": false,"Async Capable": false,"Startup Cost": 173031.30,"Total Cost": 173049.79,"Plan Rows": 7398,"Plan Width": 27,"Actual Startup Time": 401.153,"Actual Total Time": 401.409,"Actual Rows": 6249,"Actual Loops": 5,"Sort Key": ["lineitem.l_shipmode"],"Sort Method": "quicksort","Sort Space Used": 639,"Sort Space Type": "Memory","Workers": [{"Worker Number": 0,"Sort Method": "quicksort","Sort Space Used": 643,"Sort Space Type": "Memory"},{"Worker Number": 1,"Sort Method": "quicksort","Sort Space Used": 641,"Sort Space Type": "Memory"},{"Worker Number": 2,"Sort Method": "quicksort","Sort Space Used": 605,"Sort Space Type": "Memory"},{"Worker Number": 3,"Sort Method": "quicksort","Sort Space Used": 632,"Sort Space Type": "Memory"}],"Plans": [{"Node Type": "Nested Loop","Parent Relationship": "Outer","Parallel Aware": false,"Async Capable": false,"Join Type": "Inner","Startup Cost": 0.43,"Total Cost": 172555.87,"Plan Rows": 7398,"Plan Width": 27,"Actual Startup Time": 0.299,"Actual Total Time": 398.240,"Actual Rows": 6249,"Actual Loops": 5,"Inner Unique": true,"Workers": [],"Plans": [{"Node Type": "Seq Scan","Parent Relationship": "Outer","Parallel Aware": true,"Async Capable": false,"Relation Name": "lineitem","Alias": "lineitem","Startup Cost": 0.00,"Total Cost": 146259.83,"Plan Rows": 7399,"Plan Width": 15,"Actual Startup Time": 0.181,"Actual Total Time": 361.619,"Actual Rows": 6249,"Actual Loops": 5,"Filter": "((l_shipmode = ANY ('{TRUCK,SHIP}'::bpchar[])) AND (l_commitdate < l_receiptdate) AND (l_shipdate < l_commitdate) AND (l_receiptdate >= '1995-01-01'::date) AND (l_receiptdate < '1996-01-01 00:00:00'::timestamp without time zone))","Rows Removed by Filter": 1193994,"Workers": []},{"Node Type": "Index Scan","Parent Relationship": "Inner","Parallel Aware": false,"Async Capable": false,"Scan Direction": "Forward","Index Name": "orders_pkey","Relation Name": "orders","Alias": "orders","Startup Cost": 0.43,"Total Cost": 3.55,"Plan Rows": 1,"Plan Width": 20,"Actual Startup Time": 0.005,"Actual Total Time": 0.005,"Actual Rows": 1,"Actual Loops": 31245,"Index Cond": "(o_orderkey = lineitem.l_orderkey)","Rows Removed by Index Recheck": 0,"Workers": []}]}]}]}]}]},"Planning Time": 3.979,"Triggers": [],"Execution Time": 445.564}]
[{"Plan": {"Node Type": "Aggregate","Strategy": "Sorted","Partial Mode": "Finalize","Parallel Aware": false,"Async Capable": false,"Startup Cost": 173644.04,"Total Cost": 173792.13,"Plan Rows": 7,"Plan Width": 27,"Actual Startup Time": 395.845,"Actual Total Time": 427.543,"Actual Rows": 2,"Actual Loops": 1,"Group Key": ["lineitem.l_shipmode"],"Plans": [{"Node Type": "Gather Merge","Parent Relationship": "Outer","Parallel Aware": false,"Async Capable": false,"Startup Cost": 173644.04,"Total Cost": 173791.85,"Plan Rows": 28,"Plan Width": 27,"Actual Startup Time": 394.999,"Actual Total Time": 427.506,"Actual Rows": 10,"Actual Loops": 1,"Workers Planned": 4,"Workers Launched": 4,"Plans": [{"Node Type": "Aggregate","Strategy": "Sorted","Partial Mode": "Partial","Parent Relationship": "Outer","Parallel Aware": false,"Async Capable": false,"Startup Cost": 172643.98,"Total Cost": 172788.45,"Plan Rows": 7,"Plan Width": 27,"Actual Startup Time": 387.190,"Actual Total Time": 387.912,"Actual Rows": 2,"Actual Loops": 5,"Group Key": ["lineitem.l_shipmode"],"Workers": [],"Plans": [{"Node Type": "Sort","Parent Relationship": "Outer","Parallel Aware": false,"Async Capable": false,"Startup Cost": 172643.98,"Total Cost": 172662.03,"Plan Rows": 7220,"Plan Width": 27,"Actual Startup Time": 386.412,"Actual Total Time": 386.668,"Actual Rows": 6240,"Actual Loops": 5,"Sort Key": ["lineitem.l_shipmode"],"Sort Method": "quicksort","Sort Space Used": 636,"Sort Space Type": "Memory","Workers": [{"Worker Number": 0,"Sort Method": "quicksort","Sort Space Used": 628,"Sort Space Type": "Memory"},{"Worker Number": 1,"Sort Method": "quicksort","Sort Space Used": 627,"Sort Space Type": "Memory"},{"Worker Number": 2,"Sort Method": "quicksort","Sort Space Used": 639,"Sort Space Type": "Memory"},{"Worker Number": 3,"Sort Method": "quicksort","Sort Space Used": 625,"Sort Space Type": "Memory"}],"Plans": [{"Node Type": "Nested Loop","Parent Relationship": "Outer","Parallel Aware": false,"Async Capable": false,"Join Type": "Inner","Startup Cost": 0.43,"Total Cost": 172181.26,"Plan Rows": 7220,"Plan Width": 27,"Actual Startup Time": 0.379,"Actual Total Time": 383.614,"Actual Rows": 6240,"Actual Loops": 5,"Inner Unique": true,"Workers": [],"Plans": [{"Node Type": "Seq Scan","Parent Relationship": "Outer","Parallel Aware": true,"Async Capable": false,"Relation Name": "lineitem","Alias": "lineitem","Startup Cost": 0.00,"Total Cost": 146259.83,"Plan Rows": 7220,"Plan Width": 15,"Actual Startup Time": 0.257,"Actual Total Time": 349.165,"Actual Rows": 6240,"Actual Loops": 5,"Filter": "((l_shipmode = ANY ('{MAIL,\"REG AIR\"}'::bpchar[])) AND (l_commitdate < l_receiptdate) AND (l_shipdate < l_commitdate) AND (l_receiptdate >= '1996-01-01'::date) AND (l_receiptdate < '1997-01-01 00:00:00'::timestamp without time zone))","Rows Removed by Filter": 1194003,"Workers": []},{"Node Type": "Index Scan","Parent Relationship": "Inner","Parallel Aware": false,"Async Capable": false,"Scan Direction": "Forward","Index Name": "orders_pkey","Relation Name": "orders","Alias": "orders","Startup Cost": 0.43,"Total Cost": 3.59,"Plan Rows": 1,"Plan Width": 20,"Actual Startup Time": 0.005,"Actual Total Time": 0.005,"Actual Rows": 1,"Actual Loops": 31200,"Index Cond": "(o_orderkey = lineitem.l_orderkey)","Rows Removed by Index Recheck": 0,"Workers": []}]}]}]}]}]},"Planning Time": 4.385,"Triggers": [],"Execution Time": 427.946}]
[{"Plan": {"Node Type": "Aggregate","Strategy": "Sorted","Partial Mode": "Finalize","Parallel Aware": false,"Async Capable": false,"Startup Cost": 173812.88,"Total Cost": 173962.52,"Plan Rows": 7,"Plan Width": 27,"Actual Startup Time": 405.737,"Actual Total Time": 439.956,"Actual Rows": 2,"Actual Loops": 1,"Group Key": ["lineitem.l_shipmode"],"Plans": [{"Node Type": "Gather Merge","Parent Relationship": "Outer","Parallel Aware": false,"Async Capable": false,"Startup Cost": 173812.88,"Total Cost": 173962.24,"Plan Rows": 28,"Plan Width": 27,"Actual Startup Time": 404.854,"Actual Total Time": 439.912,"Actual Rows": 10,"Actual Loops": 1,"Workers Planned": 4,"Workers Launched": 4,"Plans": [{"Node Type": "Aggregate","Strategy": "Sorted","Partial Mode": "Partial","Parent Relationship": "Outer","Parallel Aware": false,"Async Capable": false,"Startup Cost": 172812.82,"Total Cost": 172958.85,"Plan Rows": 7,"Plan Width": 27,"Actual Startup Time": 395.986,"Actual Total Time": 396.724,"Actual Rows": 2,"Actual Loops": 5,"Group Key": ["lineitem.l_shipmode"],"Workers": [],"Plans": [{"Node Type": "Sort","Parent Relationship": "Outer","Parallel Aware": false,"Async Capable": false,"Startup Cost": 172812.82,"Total Cost": 172831.07,"Plan Rows": 7298,"Plan Width": 27,"Actual Startup Time": 395.232,"Actual Total Time": 395.479,"Actual Rows": 6192,"Actual Loops": 5,"Sort Key": ["lineitem.l_shipmode"],"Sort Method": "quicksort","Sort Space Used": 630,"Sort Space Type": "Memory","Workers": [{"Worker Number": 0,"Sort Method": "quicksort","Sort Space Used": 640,"Sort Space Type": "Memory"},{"Worker Number": 1,"Sort Method": "quicksort","Sort Space Used": 632,"Sort Space Type": "Memory"},{"Worker Number": 2,"Sort Method": "quicksort","Sort Space Used": 629,"Sort Space Type": "Memory"},{"Worker Number": 3,"Sort Method": "quicksort","Sort Space Used": 609,"Sort Space Type": "Memory"}],"Plans": [{"Node Type": "Nested Loop","Parent Relationship": "Outer","Parallel Aware": false,"Async Capable": false,"Join Type": "Inner","Startup Cost": 0.43,"Total Cost": 172344.53,"Plan Rows": 7298,"Plan Width": 27,"Actual Startup Time": 0.293,"Actual Total Time": 392.290,"Actual Rows": 6192,"Actual Loops": 5,"Inner Unique": true,"Workers": [],"Plans": [{"Node Type": "Seq Scan","Parent Relationship": "Outer","Parallel Aware": true,"Async Capable": false,"Relation Name": "lineitem","Alias": "lineitem","Startup Cost": 0.00,"Total Cost": 146259.83,"Plan Rows": 7298,"Plan Width": 15,"Actual Startup Time": 0.173,"Actual Total Time": 356.431,"Actual Rows": 6192,"Actual Loops": 5,"Filter": "((l_shipmode = ANY ('{TRUCK,SHIP}'::bpchar[])) AND (l_commitdate < l_receiptdate) AND (l_shipdate < l_commitdate) AND (l_receiptdate >= '1993-01-01'::date) AND (l_receiptdate < '1994-01-01 00:00:00'::timestamp without time zone))","Rows Removed by Filter": 1194051,"Workers": []},{"Node Type": "Index Scan","Parent Relationship": "Inner","Parallel Aware": false,"Async Capable": false,"Scan Direction": "Forward","Index Name": "orders_pkey","Relation Name": "orders","Alias": "orders","Startup Cost": 0.43,"Total Cost": 3.57,"Plan Rows": 1,"Plan Width": 20,"Actual Startup Time": 0.005,"Actual Total Time": 0.005,"Actual Rows": 1,"Actual Loops": 30958,"Index Cond": "(o_orderkey = lineitem.l_orderkey)","Rows Removed by Index Recheck": 0,"Workers": []}]}]}]}]}]},"Planning Time": 3.923,"Triggers": [],"Execution Time": 440.604}]
[{"Plan": {"Node Type": "Aggregate","Strategy": "Sorted","Partial Mode": "Finalize","Parallel Aware": false,"Async Capable": false,"Startup Cost": 173702.24,"Total Cost": 173850.86,"Plan Rows": 7,"Plan Width": 27,"Actual Startup Time": 404.913,"Actual Total Time": 437.198,"Actual Rows": 2,"Actual Loops": 1,"Group Key": ["lineitem.l_shipmode"],"Plans": [{"Node Type": "Gather Merge","Parent Relationship": "Outer","Parallel Aware": false,"Async Capable": false,"Startup Cost": 173702.24,"Total Cost": 173850.58,"Plan Rows": 28,"Plan Width": 27,"Actual Startup Time": 404.024,"Actual Total Time": 437.169,"Actual Rows": 10,"Actual Loops": 1,"Workers Planned": 4,"Workers Launched": 4,"Plans": [{"Node Type": "Aggregate","Strategy": "Sorted","Partial Mode": "Partial","Parent Relationship": "Outer","Parallel Aware": false,"Async Capable": false,"Startup Cost": 172702.18,"Total Cost": 172847.19,"Plan Rows": 7,"Plan Width": 27,"Actual Startup Time": 395.987,"Actual Total Time": 396.731,"Actual Rows": 2,"Actual Loops": 5,"Group Key": ["lineitem.l_shipmode"],"Workers": [],"Plans": [{"Node Type": "Sort","Parent Relationship": "Outer","Parallel Aware": false,"Async Capable": false,"Startup Cost": 172702.18,"Total Cost": 172720.30,"Plan Rows": 7247,"Plan Width": 27,"Actual Startup Time": 395.232,"Actual Total Time": 395.485,"Actual Rows": 6286,"Actual Loops": 5,"Sort Key": ["lineitem.l_shipmode"],"Sort Method": "quicksort","Sort Space Used": 648,"Sort Space Type": "Memory","Workers": [{"Worker Number": 0,"Sort Method": "quicksort","Sort Space Used": 638,"Sort Space Type": "Memory"},{"Worker Number": 1,"Sort Method": "quicksort","Sort Space Used": 620,"Sort Space Type": "Memory"},{"Worker Number": 2,"Sort Method": "quicksort","Sort Space Used": 639,"Sort Space Type": "Memory"},{"Worker Number": 3,"Sort Method": "quicksort","Sort Space Used": 627,"Sort Space Type": "Memory"}],"Plans": [{"Node Type": "Nested Loop","Parent Relationship": "Outer","Parallel Aware": false,"Async Capable": false,"Join Type": "Inner","Startup Cost": 0.43,"Total Cost": 172237.53,"Plan Rows": 7247,"Plan Width": 27,"Actual Startup Time": 0.400,"Actual Total Time": 392.301,"Actual Rows": 6286,"Actual Loops": 5,"Inner Unique": true,"Workers": [],"Plans": [{"Node Type": "Seq Scan","Parent Relationship": "Outer","Parallel Aware": true,"Async Capable": false,"Relation Name": "lineitem","Alias": "lineitem","Startup Cost": 0.00,"Total Cost": 146259.83,"Plan Rows": 7247,"Plan Width": 15,"Actual Startup Time": 0.277,"Actual Total Time": 356.522,"Actual Rows": 6286,"Actual Loops": 5,"Filter": "((l_shipmode = ANY ('{MAIL,RAIL}'::bpchar[])) AND (l_commitdate < l_receiptdate) AND (l_shipdate < l_commitdate) AND (l_receiptdate >= '1997-01-01'::date) AND (l_receiptdate < '1998-01-01 00:00:00'::timestamp without time zone))","Rows Removed by Filter": 1193957,"Workers": []},{"Node Type": "Index Scan","Parent Relationship": "Inner","Parallel Aware": false,"Async Capable": false,"Scan Direction": "Forward","Index Name": "orders_pkey","Relation Name": "orders","Alias": "orders","Startup Cost": 0.43,"Total Cost": 3.58,"Plan Rows": 1,"Plan Width": 20,"Actual Startup Time": 0.005,"Actual Total Time": 0.005,"Actual Rows": 1,"Actual Loops": 31428,"Index Cond": "(o_orderkey = lineitem.l_orderkey)","Rows Removed by Index Recheck": 0,"Workers": []}]}]}]}]}]},"Planning Time": 4.094,"Triggers": [],"Execution Time": 437.643}]
[{"Plan": {"Node Type": "Aggregate","Strategy": "Sorted","Partial Mode": "Finalize","Parallel Aware": false,"Async Capable": false,"Startup Cost": 173872.87,"Total Cost": 174023.08,"Plan Rows": 7,"Plan Width": 27,"Actual Startup Time": 411.554,"Actual Total Time": 445.508,"Actual Rows": 2,"Actual Loops": 1,"Group Key": ["lineitem.l_shipmode"],"Plans": [{"Node Type": "Gather Merge","Parent Relationship": "Outer","Parallel Aware": false,"Async Capable": false,"Startup Cost": 173872.87,"Total Cost": 174022.80,"Plan Rows": 28,"Plan Width": 27,"Actual Startup Time": 410.661,"Actual Total Time": 445.472,"Actual Rows": 10,"Actual Loops": 1,"Workers Planned": 4,"Workers Launched": 4,"Plans": [{"Node Type": "Aggregate","Strategy": "Sorted","Partial Mode": "Partial","Parent Relationship": "Outer","Parallel Aware": false,"Async Capable": false,"Startup Cost": 172872.82,"Total Cost": 173019.41,"Plan Rows": 7,"Plan Width": 27,"Actual Startup Time": 401.779,"Actual Total Time": 402.526,"Actual Rows": 2,"Actual Loops": 5,"Group Key": ["lineitem.l_shipmode"],"Workers": [],"Plans": [{"Node Type": "Sort","Parent Relationship": "Outer","Parallel Aware": false,"Async Capable": false,"Startup Cost": 172872.82,"Total Cost": 172891.13,"Plan Rows": 7326,"Plan Width": 27,"Actual Startup Time": 401.013,"Actual Total Time": 401.274,"Actual Rows": 6230,"Actual Loops": 5,"Sort Key": ["lineitem.l_shipmode"],"Sort Method": "quicksort","Sort Space Used": 630,"Sort Space Type": "Memory","Workers": [{"Worker Number": 0,"Sort Method": "quicksort","Sort Space Used": 611,"Sort Space Type": "Memory"},{"Worker Number": 1,"Sort Method": "quicksort","Sort Space Used": 651,"Sort Space Type": "Memory"},{"Worker Number": 2,"Sort Method": "quicksort","Sort Space Used": 635,"Sort Space Type": "Memory"},{"Worker Number": 3,"Sort Method": "quicksort","Sort Space Used": 626,"Sort Space Type": "Memory"}],"Plans": [{"Node Type": "Nested Loop","Parent Relationship": "Outer","Parallel Aware": false,"Async Capable": false,"Join Type": "Inner","Startup Cost": 0.43,"Total Cost": 172402.53,"Plan Rows": 7326,"Plan Width": 27,"Actual Startup Time": 0.482,"Actual Total Time": 398.069,"Actual Rows": 6230,"Actual Loops": 5,"Inner Unique": true,"Workers": [],"Plans": [{"Node Type": "Seq Scan","Parent Relationship": "Outer","Parallel Aware": true,"Async Capable": false,"Relation Name": "lineitem","Alias": "lineitem","Startup Cost": 0.00,"Total Cost": 146259.83,"Plan Rows": 7326,"Plan Width": 15,"Actual Startup Time": 0.344,"Actual Total Time": 361.560,"Actual Rows": 6230,"Actual Loops": 5,"Filter": "((l_shipmode = ANY ('{AIR,FOB}'::bpchar[])) AND (l_commitdate < l_receiptdate) AND (l_shipdate < l_commitdate) AND (l_receiptdate >= '1993-01-01'::date) AND (l_receiptdate < '1994-01-01 00:00:00'::timestamp without time zone))","Rows Removed by Filter": 1194013,"Workers": []},{"Node Type": "Index Scan","Parent Relationship": "Inner","Parallel Aware": false,"Async Capable": false,"Scan Direction": "Forward","Index Name": "orders_pkey","Relation Name": "orders","Alias": "orders","Startup Cost": 0.43,"Total Cost": 3.57,"Plan Rows": 1,"Plan Width": 20,"Actual Startup Time": 0.005,"Actual Total Time": 0.005,"Actual Rows": 1,"Actual Loops": 31150,"Index Cond": "(o_orderkey = lineitem.l_orderkey)","Rows Removed by Index Recheck": 0,"Workers": []}]}]}]}]}]},"Planning Time": 4.863,"Triggers": [],"Execution Time": 446.054}]
[{"Plan": {"Node Type": "Aggregate","Strategy": "Sorted","Partial Mode": "Finalize","Parallel Aware": false,"Async Capable": false,"Startup Cost": 173685.42,"Total Cost": 173833.89,"Plan Rows": 7,"Plan Width": 27,"Actual Startup Time": 390.289,"Actual Total Time": 423.732,"Actual Rows": 2,"Actual Loops": 1,"Group Key": ["lineitem.l_shipmode"],"Plans": [{"Node Type": "Gather Merge","Parent Relationship": "Outer","Parallel Aware": false,"Async Capable": false,"Startup Cost": 173685.42,"Total Cost": 173833.61,"Plan Rows": 28,"Plan Width": 27,"Actual Startup Time": 389.479,"Actual Total Time": 423.695,"Actual Rows": 10,"Actual Loops": 1,"Workers Planned": 4,"Workers Launched": 4,"Plans": [{"Node Type": "Aggregate","Strategy": "Sorted","Partial Mode": "Partial","Parent Relationship": "Outer","Parallel Aware": false,"Async Capable": false,"Startup Cost": 172685.37,"Total Cost": 172830.22,"Plan Rows": 7,"Plan Width": 27,"Actual Startup Time": 381.807,"Actual Total Time": 382.529,"Actual Rows": 2,"Actual Loops": 5,"Group Key": ["lineitem.l_shipmode"],"Workers": [],"Plans": [{"Node Type": "Sort","Parent Relationship": "Outer","Parallel Aware": false,"Async Capable": false,"Startup Cost": 172685.37,"Total Cost": 172703.46,"Plan Rows": 7239,"Plan Width": 27,"Actual Startup Time": 381.038,"Actual Total Time": 381.280,"Actual Rows": 6239,"Actual Loops": 5,"Sort Key": ["lineitem.l_shipmode"],"Sort Method": "quicksort","Sort Space Used": 635,"Sort Space Type": "Memory","Workers": [{"Worker Number": 0,"Sort Method": "quicksort","Sort Space Used": 628,"Sort Space Type": "Memory"},{"Worker Number": 1,"Sort Method": "quicksort","Sort Space Used": 629,"Sort Space Type": "Memory"},{"Worker Number": 2,"Sort Method": "quicksort","Sort Space Used": 634,"Sort Space Type": "Memory"},{"Worker Number": 3,"Sort Method": "quicksort","Sort Space Used": 629,"Sort Space Type": "Memory"}],"Plans": [{"Node Type": "Nested Loop","Parent Relationship": "Outer","Parallel Aware": false,"Async Capable": false,"Join Type": "Inner","Startup Cost": 0.43,"Total Cost": 172221.29,"Plan Rows": 7239,"Plan Width": 27,"Actual Startup Time": 0.391,"Actual Total Time": 378.304,"Actual Rows": 6239,"Actual Loops": 5,"Inner Unique": true,"Workers": [],"Plans": [{"Node Type": "Seq Scan","Parent Relationship": "Outer","Parallel Aware": true,"Async Capable": false,"Relation Name": "lineitem","Alias": "lineitem","Startup Cost": 0.00,"Total Cost": 146259.83,"Plan Rows": 7239,"Plan Width": 15,"Actual Startup Time": 0.286,"Actual Total Time": 343.972,"Actual Rows": 6239,"Actual Loops": 5,"Filter": "((l_shipmode = ANY ('{TRUCK,RAIL}'::bpchar[])) AND (l_commitdate < l_receiptdate) AND (l_shipdate < l_commitdate) AND (l_receiptdate >= '1997-01-01'::date) AND (l_receiptdate < '1998-01-01 00:00:00'::timestamp without time zone))","Rows Removed by Filter": 1194004,"Workers": []},{"Node Type": "Index Scan","Parent Relationship": "Inner","Parallel Aware": false,"Async Capable": false,"Scan Direction": "Forward","Index Name": "orders_pkey","Relation Name": "orders","Alias": "orders","Startup Cost": 0.43,"Total Cost": 3.59,"Plan Rows": 1,"Plan Width": 20,"Actual Startup Time": 0.005,"Actual Total Time": 0.005,"Actual Rows": 1,"Actual Loops": 31193,"Index Cond": "(o_orderkey = lineitem.l_orderkey)","Rows Removed by Index Recheck": 0,"Workers": []}]}]}]}]}]},"Planning Time": 4.206,"Triggers": [],"Execution Time": 424.339}]
[{"Plan": {"Node Type": "Aggregate","Strategy": "Sorted","Partial Mode": "Finalize","Parallel Aware": false,"Async Capable": false,"Startup Cost": 173741.53,"Total Cost": 173890.51,"Plan Rows": 7,"Plan Width": 27,"Actual Startup Time": 407.775,"Actual Total Time": 441.655,"Actual Rows": 2,"Actual Loops": 1,"Group Key": ["lineitem.l_shipmode"],"Plans": [{"Node Type": "Gather Merge","Parent Relationship": "Outer","Parallel Aware": false,"Async Capable": false,"Startup Cost": 173741.53,"Total Cost": 173890.23,"Plan Rows": 28,"Plan Width": 27,"Actual Startup Time": 406.920,"Actual Total Time": 441.622,"Actual Rows": 10,"Actual Loops": 1,"Workers Planned": 4,"Workers Launched": 4,"Plans": [{"Node Type": "Aggregate","Strategy": "Sorted","Partial Mode": "Partial","Parent Relationship": "Outer","Parallel Aware": false,"Async Capable": false,"Startup Cost": 172741.47,"Total Cost": 172886.84,"Plan Rows": 7,"Plan Width": 27,"Actual Startup Time": 398.034,"Actual Total Time": 398.765,"Actual Rows": 2,"Actual Loops": 5,"Group Key": ["lineitem.l_shipmode"],"Workers": [],"Plans": [{"Node Type": "Sort","Parent Relationship": "Outer","Parallel Aware": false,"Async Capable": false,"Startup Cost": 172741.47,"Total Cost": 172759.63,"Plan Rows": 7265,"Plan Width": 27,"Actual Startup Time": 397.256,"Actual Total Time": 397.506,"Actual Rows": 6242,"Actual Loops": 5,"Sort Key": ["lineitem.l_shipmode"],"Sort Method": "quicksort","Sort Space Used": 635,"Sort Space Type": "Memory","Workers": [{"Worker Number": 0,"Sort Method": "quicksort","Sort Space Used": 642,"Sort Space Type": "Memory"},{"Worker Number": 1,"Sort Method": "quicksort","Sort Space Used": 610,"Sort Space Type": "Memory"},{"Worker Number": 2,"Sort Method": "quicksort","Sort Space Used": 629,"Sort Space Type": "Memory"},{"Worker Number": 3,"Sort Method": "quicksort","Sort Space Used": 641,"Sort Space Type": "Memory"}],"Plans": [{"Node Type": "Nested Loop","Parent Relationship": "Outer","Parallel Aware": false,"Async Capable": false,"Join Type": "Inner","Startup Cost": 0.43,"Total Cost": 172275.54,"Plan Rows": 7265,"Plan Width": 27,"Actual Startup Time": 0.308,"Actual Total Time": 394.229,"Actual Rows": 6242,"Actual Loops": 5,"Inner Unique": true,"Workers": [],"Plans": [{"Node Type": "Seq Scan","Parent Relationship": "Outer","Parallel Aware": true,"Async Capable": false,"Relation Name": "lineitem","Alias": "lineitem","Startup Cost": 0.00,"Total Cost": 146259.83,"Plan Rows": 7265,"Plan Width": 15,"Actual Startup Time": 0.198,"Actual Total Time": 358.001,"Actual Rows": 6242,"Actual Loops": 5,"Filter": "((l_shipmode = ANY ('{MAIL,TRUCK}'::bpchar[])) AND (l_commitdate < l_receiptdate) AND (l_shipdate < l_commitdate) AND (l_receiptdate >= '1997-01-01'::date) AND (l_receiptdate < '1998-01-01 00:00:00'::timestamp without time zone))","Rows Removed by Filter": 1194001,"Workers": []},{"Node Type": "Index Scan","Parent Relationship": "Inner","Parallel Aware": false,"Async Capable": false,"Scan Direction": "Forward","Index Name": "orders_pkey","Relation Name": "orders","Alias": "orders","Startup Cost": 0.43,"Total Cost": 3.58,"Plan Rows": 1,"Plan Width": 20,"Actual Startup Time": 0.005,"Actual Total Time": 0.005,"Actual Rows": 1,"Actual Loops": 31211,"Index Cond": "(o_orderkey = lineitem.l_orderkey)","Rows Removed by Index Recheck": 0,"Workers": []}]}]}]}]}]},"Planning Time": 4.249,"Triggers": [],"Execution Time": 442.327}]
[{"Plan": {"Node Type": "Aggregate","Strategy": "Sorted","Partial Mode": "Finalize","Parallel Aware": false,"Async Capable": false,"Startup Cost": 173715.30,"Total Cost": 173864.04,"Plan Rows": 7,"Plan Width": 27,"Actual Startup Time": 414.685,"Actual Total Time": 447.775,"Actual Rows": 2,"Actual Loops": 1,"Group Key": ["lineitem.l_shipmode"],"Plans": [{"Node Type": "Gather Merge","Parent Relationship": "Outer","Parallel Aware": false,"Async Capable": false,"Startup Cost": 173715.30,"Total Cost": 173863.76,"Plan Rows": 28,"Plan Width": 27,"Actual Startup Time": 413.913,"Actual Total Time": 447.734,"Actual Rows": 10,"Actual Loops": 1,"Workers Planned": 4,"Workers Launched": 4,"Plans": [{"Node Type": "Aggregate","Strategy": "Sorted","Partial Mode": "Partial","Parent Relationship": "Outer","Parallel Aware": false,"Async Capable": false,"Startup Cost": 172715.24,"Total Cost": 172860.37,"Plan Rows": 7,"Plan Width": 27,"Actual Startup Time": 405.600,"Actual Total Time": 406.323,"Actual Rows": 2,"Actual Loops": 5,"Group Key": ["lineitem.l_shipmode"],"Workers": [],"Plans": [{"Node Type": "Sort","Parent Relationship": "Outer","Parallel Aware": false,"Async Capable": false,"Startup Cost": 172715.24,"Total Cost": 172733.37,"Plan Rows": 7253,"Plan Width": 27,"Actual Startup Time": 404.849,"Actual Total Time": 405.101,"Actual Rows": 6220,"Actual Loops": 5,"Sort Key": ["lineitem.l_shipmode"],"Sort Method": "quicksort","Sort Space Used": 614,"Sort Space Type": "Memory","Workers": [{"Worker Number": 0,"Sort Method": "quicksort","Sort Space Used": 638,"Sort Space Type": "Memory"},{"Worker Number": 1,"Sort Method": "quicksort","Sort Space Used": 642,"Sort Space Type": "Memory"},{"Worker Number": 2,"Sort Method": "quicksort","Sort Space Used": 645,"Sort Space Type": "Memory"},{"Worker Number": 3,"Sort Method": "quicksort","Sort Space Used": 611,"Sort Space Type": "Memory"}],"Plans": [{"Node Type": "Nested Loop","Parent Relationship": "Outer","Parallel Aware": false,"Async Capable": false,"Join Type": "Inner","Startup Cost": 0.43,"Total Cost": 172250.16,"Plan Rows": 7253,"Plan Width": 27,"Actual Startup Time": 0.461,"Actual Total Time": 401.909,"Actual Rows": 6220,"Actual Loops": 5,"Inner Unique": true,"Workers": [],"Plans": [{"Node Type": "Seq Scan","Parent Relationship": "Outer","Parallel Aware": true,"Async Capable": false,"Relation Name": "lineitem","Alias": "lineitem","Startup Cost": 0.00,"Total Cost": 146259.83,"Plan Rows": 7253,"Plan Width": 15,"Actual Startup Time": 0.362,"Actual Total Time": 365.175,"Actual Rows": 6220,"Actual Loops": 5,"Filter": "((l_shipmode = ANY ('{\"REG AIR\",AIR}'::bpchar[])) AND (l_commitdate < l_receiptdate) AND (l_shipdate < l_commitdate) AND (l_receiptdate >= '1993-01-01'::date) AND (l_receiptdate < '1994-01-01 00:00:00'::timestamp without time zone))","Rows Removed by Filter": 1194023,"Workers": []},{"Node Type": "Index Scan","Parent Relationship": "Inner","Parallel Aware": false,"Async Capable": false,"Scan Direction": "Forward","Index Name": "orders_pkey","Relation Name": "orders","Alias": "orders","Startup Cost": 0.43,"Total Cost": 3.58,"Plan Rows": 1,"Plan Width": 20,"Actual Startup Time": 0.006,"Actual Total Time": 0.006,"Actual Rows": 1,"Actual Loops": 31100,"Index Cond": "(o_orderkey = lineitem.l_orderkey)","Rows Removed by Index Recheck": 0,"Workers": []}]}]}]}]}]},"Planning Time": 5.615,"Triggers": [],"Execution Time": 448.541}]
[{"Plan": {"Node Type": "Aggregate","Strategy": "Sorted","Partial Mode": "Finalize","Parallel Aware": false,"Async Capable": false,"Startup Cost": 173585.00,"Total Cost": 173732.54,"Plan Rows": 7,"Plan Width": 27,"Actual Startup Time": 397.166,"Actual Total Time": 430.640,"Actual Rows": 2,"Actual Loops": 1,"Group Key": ["lineitem.l_shipmode"],"Plans": [{"Node Type": "Gather Merge","Parent Relationship": "Outer","Parallel Aware": false,"Async Capable": false,"Startup Cost": 173585.00,"Total Cost": 173732.26,"Plan Rows": 28,"Plan Width": 27,"Actual Startup Time": 396.217,"Actual Total Time": 430.610,"Actual Rows": 10,"Actual Loops": 1,"Workers Planned": 4,"Workers Launched": 4,"Plans": [{"Node Type": "Aggregate","Strategy": "Sorted","Partial Mode": "Partial","Parent Relationship": "Outer","Parallel Aware": false,"Async Capable": false,"Startup Cost": 172584.94,"Total Cost": 172728.87,"Plan Rows": 7,"Plan Width": 27,"Actual Startup Time": 387.911,"Actual Total Time": 388.705,"Actual Rows": 2,"Actual Loops": 5,"Group Key": ["lineitem.l_shipmode"],"Workers": [],"Plans": [{"Node Type": "Sort","Parent Relationship": "Outer","Parallel Aware": false,"Async Capable": false,"Startup Cost": 172584.94,"Total Cost": 172602.92,"Plan Rows": 7193,"Plan Width": 27,"Actual Startup Time": 387.101,"Actual Total Time": 387.407,"Actual Rows": 6262,"Actual Loops": 5,"Sort Key": ["lineitem.l_shipmode"],"Sort Method": "quicksort","Sort Space Used": 631,"Sort Space Type": "Memory","Workers": [{"Worker Number": 0,"Sort Method": "quicksort","Sort Space Used": 633,"Sort Space Type": "Memory"},{"Worker Number": 1,"Sort Method": "quicksort","Sort Space Used": 633,"Sort Space Type": "Memory"},{"Worker Number": 2,"Sort Method": "quicksort","Sort Space Used": 632,"Sort Space Type": "Memory"},{"Worker Number": 3,"Sort Method": "quicksort","Sort Space Used": 635,"Sort Space Type": "Memory"}],"Plans": [{"Node Type": "Nested Loop","Parent Relationship": "Outer","Parallel Aware": false,"Async Capable": false,"Join Type": "Inner","Startup Cost": 0.43,"Total Cost": 172124.14,"Plan Rows": 7193,"Plan Width": 27,"Actual Startup Time": 0.403,"Actual Total Time": 384.277,"Actual Rows": 6262,"Actual Loops": 5,"Inner Unique": true,"Workers": [],"Plans": [{"Node Type": "Seq Scan","Parent Relationship": "Outer","Parallel Aware": true,"Async Capable": false,"Relation Name": "lineitem","Alias": "lineitem","Startup Cost": 0.00,"Total Cost": 146259.83,"Plan Rows": 7193,"Plan Width": 15,"Actual Startup Time": 0.276,"Actual Total Time": 349.772,"Actual Rows": 6262,"Actual Loops": 5,"Filter": "((l_shipmode = ANY ('{SHIP,RAIL}'::bpchar[])) AND (l_commitdate < l_receiptdate) AND (l_shipdate < l_commitdate) AND (l_receiptdate >= '1996-01-01'::date) AND (l_receiptdate < '1997-01-01 00:00:00'::timestamp without time zone))","Rows Removed by Filter": 1193981,"Workers": []},{"Node Type": "Index Scan","Parent Relationship": "Inner","Parallel Aware": false,"Async Capable": false,"Scan Direction": "Forward","Index Name": "orders_pkey","Relation Name": "orders","Alias": "orders","Startup Cost": 0.43,"Total Cost": 3.60,"Plan Rows": 1,"Plan Width": 20,"Actual Startup Time": 0.005,"Actual Total Time": 0.005,"Actual Rows": 1,"Actual Loops": 31308,"Index Cond": "(o_orderkey = lineitem.l_orderkey)","Rows Removed by Index Recheck": 0,"Workers": []}]}]}]}]}]},"Planning Time": 5.633,"Triggers": [],"Execution Time": 431.101}]
[{"Plan": {"Node Type": "Aggregate","Strategy": "Sorted","Partial Mode": "Finalize","Parallel Aware": false,"Async Capable": false,"Startup Cost": 174075.36,"Total Cost": 174227.44,"Plan Rows": 7,"Plan Width": 27,"Actual Startup Time": 393.580,"Actual Total Time": 428.721,"Actual Rows": 2,"Actual Loops": 1,"Group Key": ["lineitem.l_shipmode"],"Plans": [{"Node Type": "Gather Merge","Parent Relationship": "Outer","Parallel Aware": false,"Async Capable": false,"Startup Cost": 174075.36,"Total Cost": 174227.16,"Plan Rows": 28,"Plan Width": 27,"Actual Startup Time": 392.744,"Actual Total Time": 428.686,"Actual Rows": 10,"Actual Loops": 1,"Workers Planned": 4,"Workers Launched": 4,"Plans": [{"Node Type": "Aggregate","Strategy": "Sorted","Partial Mode": "Partial","Parent Relationship": "Outer","Parallel Aware": false,"Async Capable": false,"Startup Cost": 173075.30,"Total Cost": 173223.77,"Plan Rows": 7,"Plan Width": 27,"Actual Startup Time": 384.788,"Actual Total Time": 385.515,"Actual Rows": 2,"Actual Loops": 5,"Group Key": ["lineitem.l_shipmode"],"Workers": [],"Plans": [{"Node Type": "Sort","Parent Relationship": "Outer","Parallel Aware": false,"Async Capable": false,"Startup Cost": 173075.30,"Total Cost": 173093.85,"Plan Rows": 7420,"Plan Width": 27,"Actual Startup Time": 384.026,"Actual Total Time": 384.269,"Actual Rows": 6245,"Actual Loops": 5,"Sort Key": ["lineitem.l_shipmode"],"Sort Method": "quicksort","Sort Space Used": 632,"Sort Space Type": "Memory","Workers": [{"Worker Number": 0,"Sort Method": "quicksort","Sort Space Used": 636,"Sort Space Type": "Memory"},{"Worker Number": 1,"Sort Method": "quicksort","Sort Space Used": 625,"Sort Space Type": "Memory"},{"Worker Number": 2,"Sort Method": "quicksort","Sort Space Used": 637,"Sort Space Type": "Memory"},{"Worker Number": 3,"Sort Method": "quicksort","Sort Space Used": 628,"Sort Space Type": "Memory"}],"Plans": [{"Node Type": "Nested Loop","Parent Relationship": "Outer","Parallel Aware": false,"Async Capable": false,"Join Type": "Inner","Startup Cost": 0.43,"Total Cost": 172598.29,"Plan Rows": 7420,"Plan Width": 27,"Actual Startup Time": 0.286,"Actual Total Time": 381.167,"Actual Rows": 6245,"Actual Loops": 5,"Inner Unique": true,"Workers": [],"Plans": [{"Node Type": "Seq Scan","Parent Relationship": "Outer","Parallel Aware": true,"Async Capable": false,"Relation Name": "lineitem","Alias": "lineitem","Startup Cost": 0.00,"Total Cost": 146259.83,"Plan Rows": 7420,"Plan Width": 15,"Actual Startup Time": 0.166,"Actual Total Time": 346.870,"Actual Rows": 6245,"Actual Loops": 5,"Filter": "((l_shipmode = ANY ('{SHIP,FOB}'::bpchar[])) AND (l_commitdate < l_receiptdate) AND (l_shipdate < l_commitdate) AND (l_receiptdate >= '1995-01-01'::date) AND (l_receiptdate < '1996-01-01 00:00:00'::timestamp without time zone))","Rows Removed by Filter": 1193998,"Workers": []},{"Node Type": "Index Scan","Parent Relationship": "Inner","Parallel Aware": false,"Async Capable": false,"Scan Direction": "Forward","Index Name": "orders_pkey","Relation Name": "orders","Alias": "orders","Startup Cost": 0.43,"Total Cost": 3.55,"Plan Rows": 1,"Plan Width": 20,"Actual Startup Time": 0.005,"Actual Total Time": 0.005,"Actual Rows": 1,"Actual Loops": 31225,"Index Cond": "(o_orderkey = lineitem.l_orderkey)","Rows Removed by Index Recheck": 0,"Workers": []}]}]}]}]}]},"Planning Time": 4.271,"Triggers": [],"Execution Time": 429.353}]
[{"Plan": {"Node Type": "Aggregate","Strategy": "Sorted","Partial Mode": "Finalize","Parallel Aware": false,"Async Capable": false,"Startup Cost": 173743.69,"Total Cost": 173892.69,"Plan Rows": 7,"Plan Width": 27,"Actual Startup Time": 397.413,"Actual Total Time": 431.250,"Actual Rows": 2,"Actual Loops": 1,"Group Key": ["lineitem.l_shipmode"],"Plans": [{"Node Type": "Gather Merge","Parent Relationship": "Outer","Parallel Aware": false,"Async Capable": false,"Startup Cost": 173743.69,"Total Cost": 173892.41,"Plan Rows": 28,"Plan Width": 27,"Actual Startup Time": 396.567,"Actual Total Time": 431.216,"Actual Rows": 10,"Actual Loops": 1,"Workers Planned": 4,"Workers Launched": 4,"Plans": [{"Node Type": "Aggregate","Strategy": "Sorted","Partial Mode": "Partial","Parent Relationship": "Outer","Parallel Aware": false,"Async Capable": false,"Startup Cost": 172743.63,"Total Cost": 172889.02,"Plan Rows": 7,"Plan Width": 27,"Actual Startup Time": 388.621,"Actual Total Time": 389.370,"Actual Rows": 2,"Actual Loops": 5,"Group Key": ["lineitem.l_shipmode"],"Workers": [],"Plans": [{"Node Type": "Sort","Parent Relationship": "Outer","Parallel Aware": false,"Async Capable": false,"Startup Cost": 172743.63,"Total Cost": 172761.79,"Plan Rows": 7266,"Plan Width": 27,"Actual Startup Time": 387.860,"Actual Total Time": 388.115,"Actual Rows": 6262,"Actual Loops": 5,"Sort Key": ["lineitem.l_shipmode"],"Sort Method": "quicksort","Sort Space Used": 630,"Sort Space Type": "Memory","Workers": [{"Worker Number": 0,"Sort Method": "quicksort","Sort Space Used": 627,"Sort Space Type": "Memory"},{"Worker Number": 1,"Sort Method": "quicksort","Sort Space Used": 632,"Sort Space Type": "Memory"},{"Worker Number": 2,"Sort Method": "quicksort","Sort Space Used": 629,"Sort Space Type": "Memory"},{"Worker Number": 3,"Sort Method": "quicksort","Sort Space Used": 645,"Sort Space Type": "Memory"}],"Plans": [{"Node Type": "Nested Loop","Parent Relationship": "Outer","Parallel Aware": false,"Async Capable": false,"Join Type": "Inner","Startup Cost": 0.43,"Total Cost": 172277.63,"Plan Rows": 7266,"Plan Width": 27,"Actual Startup Time": 0.243,"Actual Total Time": 385.023,"Actual Rows": 6262,"Actual Loops": 5,"Inner Unique": true,"Workers": [],"Plans": [{"Node Type": "Seq Scan","Parent Relationship": "Outer","Parallel Aware": true,"Async Capable": false,"Relation Name": "lineitem","Alias": "lineitem","Startup Cost": 0.00,"Total Cost": 146259.83,"Plan Rows": 7266,"Plan Width": 15,"Actual Startup Time": 0.120,"Actual Total Time": 350.916,"Actual Rows": 6262,"Actual Loops": 5,"Filter": "((l_shipmode = ANY ('{RAIL,FOB}'::bpchar[])) AND (l_commitdate < l_receiptdate) AND (l_shipdate < l_commitdate) AND (l_receiptdate >= '1996-01-01'::date) AND (l_receiptdate < '1997-01-01 00:00:00'::timestamp without time zone))","Rows Removed by Filter": 1193981,"Workers": []},{"Node Type": "Index Scan","Parent Relationship": "Inner","Parallel Aware": false,"Async Capable": false,"Scan Direction": "Forward","Index Name": "orders_pkey","Relation Name": "orders","Alias": "orders","Startup Cost": 0.43,"Total Cost": 3.58,"Plan Rows": 1,"Plan Width": 20,"Actual Startup Time": 0.005,"Actual Total Time": 0.005,"Actual Rows": 1,"Actual Loops": 31309,"Index Cond": "(o_orderkey = lineitem.l_orderkey)","Rows Removed by Index Recheck": 0,"Workers": []}]}]}]}]}]},"Planning Time": 4.455,"Triggers": [],"Execution Time": 431.816}]
[{"Plan": {"Node Type": "Aggregate","Strategy": "Sorted","Partial Mode": "Finalize","Parallel Aware": false,"Async Capable": false,"Startup Cost": 174042.75,"Total Cost": 174194.55,"Plan Rows": 7,"Plan Width": 27,"Actual Startup Time": 411.708,"Actual Total Time": 445.209,"Actual Rows": 2,"Actual Loops": 1,"Group Key": ["lineitem.l_shipmode"],"Plans": [{"Node Type": "Gather Merge","Parent Relationship": "Outer","Parallel Aware": false,"Async Capable": false,"Startup Cost": 174042.75,"Total Cost": 174194.27,"Plan Rows": 28,"Plan Width": 27,"Actual Startup Time": 410.829,"Actual Total Time": 445.178,"Actual Rows": 10,"Actual Loops": 1,"Workers Planned": 4,"Workers Launched": 4,"Plans": [{"Node Type": "Aggregate","Strategy": "Sorted","Partial Mode": "Partial","Parent Relationship": "Outer","Parallel Aware": false,"Async Capable": false,"Startup Cost": 173042.69,"Total Cost": 173190.88,"Plan Rows": 7,"Plan Width": 27,"Actual Startup Time": 401.906,"Actual Total Time": 402.653,"Actual Rows": 2,"Actual Loops": 5,"Group Key": ["lineitem.l_shipmode"],"Workers": [],"Plans": [{"Node Type": "Sort","Parent Relationship": "Outer","Parallel Aware": false,"Async Capable": false,"Startup Cost": 173042.69,"Total Cost": 173061.20,"Plan Rows": 7406,"Plan Width": 27,"Actual Startup Time": 401.134,"Actual Total Time": 401.394,"Actual Rows": 6304,"Actual Loops": 5,"Sort Key": ["lineitem.l_shipmode"],"Sort Method": "quicksort","Sort Space Used": 632,"Sort Space Type": "Memory","Workers": [{"Worker Number": 0,"Sort Method": "quicksort","Sort Space Used": 649,"Sort Space Type": "Memory"},{"Worker Number": 1,"Sort Method": "quicksort","Sort Space Used": 654,"Sort Space Type": "Memory"},{"Worker Number": 2,"Sort Method": "quicksort","Sort Space Used": 641,"Sort Space Type": "Memory"},{"Worker Number": 3,"Sort Method": "quicksort","Sort Space Used": 603,"Sort Space Type": "Memory"}],"Plans": [{"Node Type": "Nested Loop","Parent Relationship": "Outer","Parallel Aware": false,"Async Capable": false,"Join Type": "Inner","Startup Cost": 0.43,"Total Cost": 172566.69,"Plan Rows": 7406,"Plan Width": 27,"Actual Startup Time": 0.350,"Actual Total Time": 398.133,"Actual Rows": 6304,"Actual Loops": 5,"Inner Unique": true,"Workers": [],"Plans": [{"Node Type": "Seq Scan","Parent Relationship": "Outer","Parallel Aware": true,"Async Capable": false,"Relation Name": "lineitem","Alias": "lineitem","Startup Cost": 0.00,"Total Cost": 146259.83,"Plan Rows": 7405,"Plan Width": 15,"Actual Startup Time": 0.222,"Actual Total Time": 361.641,"Actual Rows": 6304,"Actual Loops": 5,"Filter": "((l_shipmode = ANY ('{TRUCK,AIR}'::bpchar[])) AND (l_commitdate < l_receiptdate) AND (l_shipdate < l_commitdate) AND (l_receiptdate >= '1995-01-01'::date) AND (l_receiptdate < '1996-01-01 00:00:00'::timestamp without time zone))","Rows Removed by Filter": 1193939,"Workers": []},{"Node Type": "Index Scan","Parent Relationship": "Inner","Parallel Aware": false,"Async Capable": false,"Scan Direction": "Forward","Index Name": "orders_pkey","Relation Name": "orders","Alias": "orders","Startup Cost": 0.43,"Total Cost": 3.55,"Plan Rows": 1,"Plan Width": 20,"Actual Startup Time": 0.005,"Actual Total Time": 0.005,"Actual Rows": 1,"Actual Loops": 31519,"Index Cond": "(o_orderkey = lineitem.l_orderkey)","Rows Removed by Index Recheck": 0,"Workers": []}]}]}]}]}]},"Planning Time": 4.014,"Triggers": [],"Execution Time": 445.841}]
[{"Plan": {"Node Type": "Aggregate","Strategy": "Sorted","Partial Mode": "Finalize","Parallel Aware": false,"Async Capable": false,"Startup Cost": 174077.29,"Total Cost": 174229.40,"Plan Rows": 7,"Plan Width": 27,"Actual Startup Time": 397.257,"Actual Total Time": 429.592,"Actual Rows": 2,"Actual Loops": 1,"Group Key": ["lineitem.l_shipmode"],"Plans": [{"Node Type": "Gather Merge","Parent Relationship": "Outer","Parallel Aware": false,"Async Capable": false,"Startup Cost": 174077.29,"Total Cost": 174229.12,"Plan Rows": 28,"Plan Width": 27,"Actual Startup Time": 396.409,"Actual Total Time": 429.553,"Actual Rows": 10,"Actual Loops": 1,"Workers Planned": 4,"Workers Launched": 4,"Plans": [{"Node Type": "Aggregate","Strategy": "Sorted","Partial Mode": "Partial","Parent Relationship": "Outer","Parallel Aware": false,"Async Capable": false,"Startup Cost": 173077.23,"Total Cost": 173225.72,"Plan Rows": 7,"Plan Width": 27,"Actual Startup Time": 388.152,"Actual Total Time": 388.884,"Actual Rows": 2,"Actual Loops": 5,"Group Key": ["lineitem.l_shipmode"],"Workers": [],"Plans": [{"Node Type": "Sort","Parent Relationship": "Outer","Parallel Aware": false,"Async Capable": false,"Startup Cost": 173077.23,"Total Cost": 173095.79,"Plan Rows": 7421,"Plan Width": 27,"Actual Startup Time": 387.379,"Actual Total Time": 387.634,"Actual Rows": 6244,"Actual Loops": 5,"Sort Key": ["lineitem.l_shipmode"],"Sort Method": "quicksort","Sort Space Used": 642,"Sort Space Type": "Memory","Workers": [{"Worker Number": 0,"Sort Method": "quicksort","Sort Space Used": 635,"Sort Space Type": "Memory"},{"Worker Number": 1,"Sort Method": "quicksort","Sort Space Used": 631,"Sort Space Type": "Memory"},{"Worker Number": 2,"Sort Method": "quicksort","Sort Space Used": 622,"Sort Space Type": "Memory"},{"Worker Number": 3,"Sort Method": "quicksort","Sort Space Used": 629,"Sort Space Type": "Memory"}],"Plans": [{"Node Type": "Nested Loop","Parent Relationship": "Outer","Parallel Aware": false,"Async Capable": false,"Join Type": "Inner","Startup Cost": 0.43,"Total Cost": 172600.16,"Plan Rows": 7421,"Plan Width": 27,"Actual Startup Time": 0.333,"Actual Total Time": 384.573,"Actual Rows": 6244,"Actual Loops": 5,"Inner Unique": true,"Workers": [],"Plans": [{"Node Type": "Seq Scan","Parent Relationship": "Outer","Parallel Aware": true,"Async Capable": false,"Relation Name": "lineitem","Alias": "lineitem","Startup Cost": 0.00,"Total Cost": 146259.83,"Plan Rows": 7421,"Plan Width": 15,"Actual Startup Time": 0.199,"Actual Total Time": 350.171,"Actual Rows": 6244,"Actual Loops": 5,"Filter": "((l_shipmode = ANY ('{FOB,\"REG AIR\"}'::bpchar[])) AND (l_commitdate < l_receiptdate) AND (l_shipdate < l_commitdate) AND (l_receiptdate >= '1995-01-01'::date) AND (l_receiptdate < '1996-01-01 00:00:00'::timestamp without time zone))","Rows Removed by Filter": 1193999,"Workers": []},{"Node Type": "Index Scan","Parent Relationship": "Inner","Parallel Aware": false,"Async Capable": false,"Scan Direction": "Forward","Index Name": "orders_pkey","Relation Name": "orders","Alias": "orders","Startup Cost": 0.43,"Total Cost": 3.55,"Plan Rows": 1,"Plan Width": 20,"Actual Startup Time": 0.005,"Actual Total Time": 0.005,"Actual Rows": 1,"Actual Loops": 31218,"Index Cond": "(o_orderkey = lineitem.l_orderkey)","Rows Removed by Index Recheck": 0,"Workers": []}]}]}]}]}]},"Planning Time": 4.780,"Triggers": [],"Execution Time": 430.028}]
[{"Plan": {"Node Type": "Aggregate","Strategy": "Sorted","Partial Mode": "Finalize","Parallel Aware": false,"Async Capable": false,"Startup Cost": 173654.54,"Total Cost": 173802.72,"Plan Rows": 7,"Plan Width": 27,"Actual Startup Time": 409.180,"Actual Total Time": 442.424,"Actual Rows": 2,"Actual Loops": 1,"Group Key": ["lineitem.l_shipmode"],"Plans": [{"Node Type": "Gather Merge","Parent Relationship": "Outer","Parallel Aware": false,"Async Capable": false,"Startup Cost": 173654.54,"Total Cost": 173802.44,"Plan Rows": 28,"Plan Width": 27,"Actual Startup Time": 408.280,"Actual Total Time": 442.382,"Actual Rows": 10,"Actual Loops": 1,"Workers Planned": 4,"Workers Launched": 4,"Plans": [{"Node Type": "Aggregate","Strategy": "Sorted","Partial Mode": "Partial","Parent Relationship": "Outer","Parallel Aware": false,"Async Capable": false,"Startup Cost": 172654.48,"Total Cost": 172799.05,"Plan Rows": 7,"Plan Width": 27,"Actual Startup Time": 399.767,"Actual Total Time": 400.516,"Actual Rows": 2,"Actual Loops": 5,"Group Key": ["lineitem.l_shipmode"],"Workers": [],"Plans": [{"Node Type": "Sort","Parent Relationship": "Outer","Parallel Aware": false,"Async Capable": false,"Startup Cost": 172654.48,"Total Cost": 172672.54,"Plan Rows": 7225,"Plan Width": 27,"Actual Startup Time": 399.020,"Actual Total Time": 399.271,"Actual Rows": 6238,"Actual Loops": 5,"Sort Key": ["lineitem.l_shipmode"],"Sort Method": "quicksort","Sort Space Used": 645,"Sort Space Type": "Memory","Workers": [{"Worker Number": 0,"Sort Method": "quicksort","Sort Space Used": 640,"Sort Space Type": "Memory"},{"Worker Number": 1,"Sort Method": "quicksort","Sort Space Used": 615,"Sort Space Type": "Memory"},{"Worker Number": 2,"Sort Method": "quicksort","Sort Space Used": 631,"Sort Space Type": "Memory"},{"Worker Number": 3,"Sort Method": "quicksort","Sort Space Used": 624,"Sort Space Type": "Memory"}],"Plans": [{"Node Type": "Nested Loop","Parent Relationship": "Outer","Parallel Aware": false,"Async Capable": false,"Join Type": "Inner","Startup Cost": 0.43,"Total Cost": 172191.40,"Plan Rows": 7225,"Plan Width": 27,"Actual Startup Time": 0.509,"Actual Total Time": 396.086,"Actual Rows": 6238,"Actual Loops": 5,"Inner Unique": true,"Workers": [],"Plans": [{"Node Type": "Seq Scan","Parent Relationship": "Outer","Parallel Aware": true,"Async Capable": false,"Relation Name": "lineitem","Alias": "lineitem","Startup Cost": 0.00,"Total Cost": 146259.83,"Plan Rows": 7225,"Plan Width": 15,"Actual Startup Time": 0.385,"Actual Total Time": 359.771,"Actual Rows": 6238,"Actual Loops": 5,"Filter": "((l_shipmode = ANY ('{FOB,SHIP}'::bpchar[])) AND (l_commitdate < l_receiptdate) AND (l_shipdate < l_commitdate) AND (l_receiptdate >= '1997-01-01'::date) AND (l_receiptdate < '1998-01-01 00:00:00'::timestamp without time zone))","Rows Removed by Filter": 1194005,"Workers": []},{"Node Type": "Index Scan","Parent Relationship": "Inner","Parallel Aware": false,"Async Capable": false,"Scan Direction": "Forward","Index Name": "orders_pkey","Relation Name": "orders","Alias": "orders","Startup Cost": 0.43,"Total Cost": 3.59,"Plan Rows": 1,"Plan Width": 20,"Actual Startup Time": 0.005,"Actual Total Time": 0.005,"Actual Rows": 1,"Actual Loops": 31189,"Index Cond": "(o_orderkey = lineitem.l_orderkey)","Rows Removed by Index Recheck": 0,"Workers": []}]}]}]}]}]},"Planning Time": 4.780,"Triggers": [],"Execution Time": 443.064}]
[{"Plan": {"Node Type": "Aggregate","Strategy": "Sorted","Partial Mode": "Finalize","Parallel Aware": false,"Async Capable": false,"Startup Cost": 174207.58,"Total Cost": 174360.90,"Plan Rows": 7,"Plan Width": 27,"Actual Startup Time": 396.838,"Actual Total Time": 430.102,"Actual Rows": 2,"Actual Loops": 1,"Group Key": ["lineitem.l_shipmode"],"Plans": [{"Node Type": "Gather Merge","Parent Relationship": "Outer","Parallel Aware": false,"Async Capable": false,"Startup Cost": 174207.58,"Total Cost": 174360.62,"Plan Rows": 28,"Plan Width": 27,"Actual Startup Time": 396.044,"Actual Total Time": 430.064,"Actual Rows": 10,"Actual Loops": 1,"Workers Planned": 4,"Workers Launched": 4,"Plans": [{"Node Type": "Aggregate","Strategy": "Sorted","Partial Mode": "Partial","Parent Relationship": "Outer","Parallel Aware": false,"Async Capable": false,"Startup Cost": 173207.52,"Total Cost": 173357.23,"Plan Rows": 7,"Plan Width": 27,"Actual Startup Time": 387.898,"Actual Total Time": 388.618,"Actual Rows": 2,"Actual Loops": 5,"Group Key": ["lineitem.l_shipmode"],"Workers": [],"Plans": [{"Node Type": "Sort","Parent Relationship": "Outer","Parallel Aware": false,"Async Capable": false,"Startup Cost": 173207.52,"Total Cost": 173226.23,"Plan Rows": 7482,"Plan Width": 27,"Actual Startup Time": 387.133,"Actual Total Time": 387.378,"Actual Rows": 6220,"Actual Loops": 5,"Sort Key": ["lineitem.l_shipmode"],"Sort Method": "quicksort","Sort Space Used": 639,"Sort Space Type": "Memory","Workers": [{"Worker Number": 0,"Sort Method": "quicksort","Sort Space Used": 634,"Sort Space Type": "Memory"},{"Worker Number": 1,"Sort Method": "quicksort","Sort Space Used": 627,"Sort Space Type": "Memory"},{"Worker Number": 2,"Sort Method": "quicksort","Sort Space Used": 623,"Sort Space Type": "Memory"},{"Worker Number": 3,"Sort Method": "quicksort","Sort Space Used": 627,"Sort Space Type": "Memory"}],"Plans": [{"Node Type": "Nested Loop","Parent Relationship": "Outer","Parallel Aware": false,"Async Capable": false,"Join Type": "Inner","Startup Cost": 0.43,"Total Cost": 172726.08,"Plan Rows": 7482,"Plan Width": 27,"Actual Startup Time": 0.358,"Actual Total Time": 384.290,"Actual Rows": 6220,"Actual Loops": 5,"Inner Unique": true,"Workers": [],"Plans": [{"Node Type": "Seq Scan","Parent Relationship": "Outer","Parallel Aware": true,"Async Capable": false,"Relation Name": "lineitem","Alias": "lineitem","Startup Cost": 0.00,"Total Cost": 146259.83,"Plan Rows": 7482,"Plan Width": 15,"Actual Startup Time": 0.244,"Actual Total Time": 350.033,"Actual Rows": 6220,"Actual Loops": 5,"Filter": "((l_shipmode = ANY ('{FOB,MAIL}'::bpchar[])) AND (l_commitdate < l_receiptdate) AND (l_shipdate < l_commitdate) AND (l_receiptdate >= '1995-01-01'::date) AND (l_receiptdate < '1996-01-01 00:00:00'::timestamp without time zone))","Rows Removed by Filter": 1194023,"Workers": []},{"Node Type": "Index Scan","Parent Relationship": "Inner","Parallel Aware": false,"Async Capable": false,"Scan Direction": "Forward","Index Name": "orders_pkey","Relation Name": "orders","Alias": "orders","Startup Cost": 0.43,"Total Cost": 3.54,"Plan Rows": 1,"Plan Width": 20,"Actual Startup Time": 0.005,"Actual Total Time": 0.005,"Actual Rows": 1,"Actual Loops": 31102,"Index Cond": "(o_orderkey = lineitem.l_orderkey)","Rows Removed by Index Recheck": 0,"Workers": []}]}]}]}]}]},"Planning Time": 3.852,"Triggers": [],"Execution Time": 430.582}]
[{"Plan": {"Node Type": "Aggregate","Strategy": "Sorted","Partial Mode": "Finalize","Parallel Aware": false,"Async Capable": false,"Startup Cost": 174003.87,"Total Cost": 174155.30,"Plan Rows": 7,"Plan Width": 27,"Actual Startup Time": 411.926,"Actual Total Time": 445.121,"Actual Rows": 2,"Actual Loops": 1,"Group Key": ["lineitem.l_shipmode"],"Plans": [{"Node Type": "Gather Merge","Parent Relationship": "Outer","Parallel Aware": false,"Async Capable": false,"Startup Cost": 174003.87,"Total Cost": 174155.02,"Plan Rows": 28,"Plan Width": 27,"Actual Startup Time": 411.057,"Actual Total Time": 445.084,"Actual Rows": 10,"Actual Loops": 1,"Workers Planned": 4,"Workers Launched": 4,"Plans": [{"Node Type": "Aggregate","Strategy": "Sorted","Partial Mode": "Partial","Parent Relationship": "Outer","Parallel Aware": false,"Async Capable": false,"Startup Cost": 173003.81,"Total Cost": 173151.62,"Plan Rows": 7,"Plan Width": 27,"Actual Startup Time": 402.614,"Actual Total Time": 403.359,"Actual Rows": 2,"Actual Loops": 5,"Group Key": ["lineitem.l_shipmode"],"Workers": [],"Plans": [{"Node Type": "Sort","Parent Relationship": "Outer","Parallel Aware": false,"Async Capable": false,"Startup Cost": 173003.81,"Total Cost": 173022.28,"Plan Rows": 7387,"Plan Width": 27,"Actual Startup Time": 401.846,"Actual Total Time": 402.102,"Actual Rows": 6270,"Actual Loops": 5,"Sort Key": ["lineitem.l_shipmode"],"Sort Method": "quicksort","Sort Space Used": 635,"Sort Space Type": "Memory","Workers": [{"Worker Number": 0,"Sort Method": "quicksort","Sort Space Used": 640,"Sort Space Type": "Memory"},{"Worker Number": 1,"Sort Method": "quicksort","Sort Space Used": 641,"Sort Space Type": "Memory"},{"Worker Number": 2,"Sort Method": "quicksort","Sort Space Used": 612,"Sort Space Type": "Memory"},{"Worker Number": 3,"Sort Method": "quicksort","Sort Space Used": 638,"Sort Space Type": "Memory"}],"Plans": [{"Node Type": "Nested Loop","Parent Relationship": "Outer","Parallel Aware": false,"Async Capable": false,"Join Type": "Inner","Startup Cost": 0.43,"Total Cost": 172529.17,"Plan Rows": 7387,"Plan Width": 27,"Actual Startup Time": 0.366,"Actual Total Time": 398.921,"Actual Rows": 6270,"Actual Loops": 5,"Inner Unique": true,"Workers": [],"Plans": [{"Node Type": "Seq Scan","Parent Relationship": "Outer","Parallel Aware": true,"Async Capable": false,"Relation Name": "lineitem","Alias": "lineitem","Startup Cost": 0.00,"Total Cost": 146259.83,"Plan Rows": 7387,"Plan Width": 15,"Actual Startup Time": 0.252,"Actual Total Time": 362.651,"Actual Rows": 6270,"Actual Loops": 5,"Filter": "((l_shipmode = ANY ('{AIR,RAIL}'::bpchar[])) AND (l_commitdate < l_receiptdate) AND (l_shipdate < l_commitdate) AND (l_receiptdate >= '1995-01-01'::date) AND (l_receiptdate < '1996-01-01 00:00:00'::timestamp without time zone))","Rows Removed by Filter": 1193973,"Workers": []},{"Node Type": "Index Scan","Parent Relationship": "Inner","Parallel Aware": false,"Async Capable": false,"Scan Direction": "Forward","Index Name": "orders_pkey","Relation Name": "orders","Alias": "orders","Startup Cost": 0.43,"Total Cost": 3.56,"Plan Rows": 1,"Plan Width": 20,"Actual Startup Time": 0.005,"Actual Total Time": 0.005,"Actual Rows": 1,"Actual Loops": 31349,"Index Cond": "(o_orderkey = lineitem.l_orderkey)","Rows Removed by Index Recheck": 0,"Workers": []}]}]}]}]}]},"Planning Time": 4.134,"Triggers": [],"Execution Time": 445.716}]
[{"Plan": {"Node Type": "Aggregate","Strategy": "Sorted","Partial Mode": "Finalize","Parallel Aware": false,"Async Capable": false,"Startup Cost": 173610.87,"Total Cost": 173758.65,"Plan Rows": 7,"Plan Width": 27,"Actual Startup Time": 394.696,"Actual Total Time": 428.887,"Actual Rows": 2,"Actual Loops": 1,"Group Key": ["lineitem.l_shipmode"],"Plans": [{"Node Type": "Gather Merge","Parent Relationship": "Outer","Parallel Aware": false,"Async Capable": false,"Startup Cost": 173610.87,"Total Cost": 173758.37,"Plan Rows": 28,"Plan Width": 27,"Actual Startup Time": 393.884,"Actual Total Time": 428.865,"Actual Rows": 10,"Actual Loops": 1,"Workers Planned": 4,"Workers Launched": 4,"Plans": [{"Node Type": "Aggregate","Strategy": "Sorted","Partial Mode": "Partial","Parent Relationship": "Outer","Parallel Aware": false,"Async Capable": false,"Startup Cost": 172610.81,"Total Cost": 172754.98,"Plan Rows": 7,"Plan Width": 27,"Actual Startup Time": 385.962,"Actual Total Time": 386.692,"Actual Rows": 2,"Actual Loops": 5,"Group Key": ["lineitem.l_shipmode"],"Workers": [],"Plans": [{"Node Type": "Sort","Parent Relationship": "Outer","Parallel Aware": false,"Async Capable": false,"Startup Cost": 172610.81,"Total Cost": 172628.82,"Plan Rows": 7205,"Plan Width": 27,"Actual Startup Time": 385.234,"Actual Total Time": 385.474,"Actual Rows": 6212,"Actual Loops": 5,"Sort Key": ["lineitem.l_shipmode"],"Sort Method": "quicksort","Sort Space Used": 640,"Sort Space Type": "Memory","Workers": [{"Worker Number": 0,"Sort Method": "quicksort","Sort Space Used": 627,"Sort Space Type": "Memory"},{"Worker Number": 1,"Sort Method": "quicksort","Sort Space Used": 628,"Sort Space Type": "Memory"},{"Worker Number": 2,"Sort Method": "quicksort","Sort Space Used": 633,"Sort Space Type": "Memory"},{"Worker Number": 3,"Sort Method": "quicksort","Sort Space Used": 619,"Sort Space Type": "Memory"}],"Plans": [{"Node Type": "Nested Loop","Parent Relationship": "Outer","Parallel Aware": false,"Async Capable": false,"Join Type": "Inner","Startup Cost": 0.43,"Total Cost": 172149.16,"Plan Rows": 7205,"Plan Width": 27,"Actual Startup Time": 0.212,"Actual Total Time": 382.358,"Actual Rows": 6212,"Actual Loops": 5,"Inner Unique": true,"Workers": [],"Plans": [{"Node Type": "Seq Scan","Parent Relationship": "Outer","Parallel Aware": true,"Async Capable": false,"Relation Name": "lineitem","Alias": "lineitem","Startup Cost": 0.00,"Total Cost": 146259.83,"Plan Rows": 7205,"Plan Width": 15,"Actual Startup Time": 0.097,"Actual Total Time": 347.171,"Actual Rows": 6212,"Actual Loops": 5,"Filter": "((l_shipmode = ANY ('{\"REG AIR\",TRUCK}'::bpchar[])) AND (l_commitdate < l_receiptdate) AND (l_shipdate < l_commitdate) AND (l_receiptdate >= '1997-01-01'::date) AND (l_receiptdate < '1998-01-01 00:00:00'::timestamp without time zone))","Rows Removed by Filter": 1194031,"Workers": []},{"Node Type": "Index Scan","Parent Relationship": "Inner","Parallel Aware": false,"Async Capable": false,"Scan Direction": "Forward","Index Name": "orders_pkey","Relation Name": "orders","Alias": "orders","Startup Cost": 0.43,"Total Cost": 3.59,"Plan Rows": 1,"Plan Width": 20,"Actual Startup Time": 0.005,"Actual Total Time": 0.005,"Actual Rows": 1,"Actual Loops": 31060,"Index Cond": "(o_orderkey = lineitem.l_orderkey)","Rows Removed by Index Recheck": 0,"Workers": []}]}]}]}]}]},"Planning Time": 4.137,"Triggers": [],"Execution Time": 429.359}]
[{"Plan": {"Node Type": "Aggregate","Strategy": "Sorted","Partial Mode": "Finalize","Parallel Aware": false,"Async Capable": false,"Startup Cost": 173754.09,"Total Cost": 173903.20,"Plan Rows": 7,"Plan Width": 27,"Actual Startup Time": 398.430,"Actual Total Time": 433.003,"Actual Rows": 2,"Actual Loops": 1,"Group Key": ["lineitem.l_shipmode"],"Plans": [{"Node Type": "Gather Merge","Parent Relationship": "Outer","Parallel Aware": false,"Async Capable": false,"Startup Cost": 173754.09,"Total Cost": 173902.92,"Plan Rows": 28,"Plan Width": 27,"Actual Startup Time": 397.564,"Actual Total Time": 432.964,"Actual Rows": 10,"Actual Loops": 1,"Workers Planned": 4,"Workers Launched": 4,"Plans": [{"Node Type": "Aggregate","Strategy": "Sorted","Partial Mode": "Partial","Parent Relationship": "Outer","Parallel Aware": false,"Async Capable": false,"Startup Cost": 172754.03,"Total Cost": 172899.52,"Plan Rows": 7,"Plan Width": 27,"Actual Startup Time": 389.225,"Actual Total Time": 389.970,"Actual Rows": 2,"Actual Loops": 5,"Group Key": ["lineitem.l_shipmode"],"Workers": [],"Plans": [{"Node Type": "Sort","Parent Relationship": "Outer","Parallel Aware": false,"Async Capable": false,"Startup Cost": 172754.03,"Total Cost": 172772.21,"Plan Rows": 7271,"Plan Width": 27,"Actual Startup Time": 388.452,"Actual Total Time": 388.714,"Actual Rows": 6253,"Actual Loops": 5,"Sort Key": ["lineitem.l_shipmode"],"Sort Method": "quicksort","Sort Space Used": 642,"Sort Space Type": "Memory","Workers": [{"Worker Number": 0,"Sort Method": "quicksort","Sort Space Used": 630,"Sort Space Type": "Memory"},{"Worker Number": 1,"Sort Method": "quicksort","Sort Space Used": 638,"Sort Space Type": "Memory"},{"Worker Number": 2,"Sort Method": "quicksort","Sort Space Used": 624,"Sort Space Type": "Memory"},{"Worker Number": 3,"Sort Method": "quicksort","Sort Space Used": 627,"Sort Space Type": "Memory"}],"Plans": [{"Node Type": "Nested Loop","Parent Relationship": "Outer","Parallel Aware": false,"Async Capable": false,"Join Type": "Inner","Startup Cost": 0.43,"Total Cost": 172287.67,"Plan Rows": 7271,"Plan Width": 27,"Actual Startup Time": 0.623,"Actual Total Time": 385.599,"Actual Rows": 6253,"Actual Loops": 5,"Inner Unique": true,"Workers": [],"Plans": [{"Node Type": "Seq Scan","Parent Relationship": "Outer","Parallel Aware": true,"Async Capable": false,"Relation Name": "lineitem","Alias": "lineitem","Startup Cost": 0.00,"Total Cost": 146259.83,"Plan Rows": 7271,"Plan Width": 15,"Actual Startup Time": 0.489,"Actual Total Time": 350.150,"Actual Rows": 6253,"Actual Loops": 5,"Filter": "((l_shipmode = ANY ('{TRUCK,MAIL}'::bpchar[])) AND (l_commitdate < l_receiptdate) AND (l_shipdate < l_commitdate) AND (l_receiptdate >= '1996-01-01'::date) AND (l_receiptdate < '1997-01-01 00:00:00'::timestamp without time zone))","Rows Removed by Filter": 1193990,"Workers": []},{"Node Type": "Index Scan","Parent Relationship": "Inner","Parallel Aware": false,"Async Capable": false,"Scan Direction": "Forward","Index Name": "orders_pkey","Relation Name": "orders","Alias": "orders","Startup Cost": 0.43,"Total Cost": 3.58,"Plan Rows": 1,"Plan Width": 20,"Actual Startup Time": 0.005,"Actual Total Time": 0.005,"Actual Rows": 1,"Actual Loops": 31264,"Index Cond": "(o_orderkey = lineitem.l_orderkey)","Rows Removed by Index Recheck": 0,"Workers": []}]}]}]}]}]},"Planning Time": 5.335,"Triggers": [],"Execution Time": 433.609}]
[{"Plan": {"Node Type": "Aggregate","Strategy": "Sorted","Partial Mode": "Finalize","Parallel Aware": false,"Async Capable": false,"Startup Cost": 173718.50,"Total Cost": 173867.27,"Plan Rows": 7,"Plan Width": 27,"Actual Startup Time": 418.868,"Actual Total Time": 452.534,"Actual Rows": 2,"Actual Loops": 1,"Group Key": ["lineitem.l_shipmode"],"Plans": [{"Node Type": "Gather Merge","Parent Relationship": "Outer","Parallel Aware": false,"Async Capable": false,"Startup Cost": 173718.50,"Total Cost": 173866.99,"Plan Rows": 28,"Plan Width": 27,"Actual Startup Time": 417.993,"Actual Total Time": 452.505,"Actual Rows": 10,"Actual Loops": 1,"Workers Planned": 4,"Workers Launched": 4,"Plans": [{"Node Type": "Aggregate","Strategy": "Sorted","Partial Mode": "Partial","Parent Relationship": "Outer","Parallel Aware": false,"Async Capable": false,"Startup Cost": 172718.45,"Total Cost": 172863.60,"Plan Rows": 7,"Plan Width": 27,"Actual Startup Time": 409.427,"Actual Total Time": 410.187,"Actual Rows": 2,"Actual Loops": 5,"Group Key": ["lineitem.l_shipmode"],"Workers": [],"Plans": [{"Node Type": "Sort","Parent Relationship": "Outer","Parallel Aware": false,"Async Capable": false,"Startup Cost": 172718.45,"Total Cost": 172736.58,"Plan Rows": 7254,"Plan Width": 27,"Actual Startup Time": 408.628,"Actual Total Time": 408.905,"Actual Rows": 6247,"Actual Loops": 5,"Sort Key": ["lineitem.l_shipmode"],"Sort Method": "quicksort","Sort Space Used": 618,"Sort Space Type": "Memory","Workers": [{"Worker Number": 0,"Sort Method": "quicksort","Sort Space Used": 610,"Sort Space Type": "Memory"},{"Worker Number": 1,"Sort Method": "quicksort","Sort Space Used": 643,"Sort Space Type": "Memory"},{"Worker Number": 2,"Sort Method": "quicksort","Sort Space Used": 646,"Sort Space Type": "Memory"},{"Worker Number": 3,"Sort Method": "quicksort","Sort Space Used": 642,"Sort Space Type": "Memory"}],"Plans": [{"Node Type": "Nested Loop","Parent Relationship": "Outer","Parallel Aware": false,"Async Capable": false,"Join Type": "Inner","Startup Cost": 0.43,"Total Cost": 172253.30,"Plan Rows": 7254,"Plan Width": 27,"Actual Startup Time": 0.396,"Actual Total Time": 405.525,"Actual Rows": 6247,"Actual Loops": 5,"Inner Unique": true,"Workers": [],"Plans": [{"Node Type": "Seq Scan","Parent Relationship": "Outer","Parallel Aware": true,"Async Capable": false,"Relation Name": "lineitem","Alias": "lineitem","Startup Cost": 0.00,"Total Cost": 146259.83,"Plan Rows": 7254,"Plan Width": 15,"Actual Startup Time": 0.258,"Actual Total Time": 368.111,"Actual Rows": 6247,"Actual Loops": 5,"Filter": "((l_shipmode = ANY ('{RAIL,MAIL}'::bpchar[])) AND (l_commitdate < l_receiptdate) AND (l_shipdate < l_commitdate) AND (l_receiptdate >= '1996-01-01'::date) AND (l_receiptdate < '1997-01-01 00:00:00'::timestamp without time zone))","Rows Removed by Filter": 1193996,"Workers": []},{"Node Type": "Index Scan","Parent Relationship": "Inner","Parallel Aware": false,"Async Capable": false,"Scan Direction": "Forward","Index Name": "orders_pkey","Relation Name": "orders","Alias": "orders","Startup Cost": 0.43,"Total Cost": 3.58,"Plan Rows": 1,"Plan Width": 20,"Actual Startup Time": 0.006,"Actual Total Time": 0.006,"Actual Rows": 1,"Actual Loops": 31235,"Index Cond": "(o_orderkey = lineitem.l_orderkey)","Rows Removed by Index Recheck": 0,"Workers": []}]}]}]}]}]},"Planning Time": 5.103,"Triggers": [],"Execution Time": 453.162}]
[{"Plan": {"Node Type": "Aggregate","Strategy": "Sorted","Partial Mode": "Finalize","Parallel Aware": false,"Async Capable": false,"Startup Cost": 173848.16,"Total Cost": 173998.13,"Plan Rows": 7,"Plan Width": 27,"Actual Startup Time": 401.562,"Actual Total Time": 435.026,"Actual Rows": 2,"Actual Loops": 1,"Group Key": ["lineitem.l_shipmode"],"Plans": [{"Node Type": "Gather Merge","Parent Relationship": "Outer","Parallel Aware": false,"Async Capable": false,"Startup Cost": 173848.16,"Total Cost": 173997.85,"Plan Rows": 28,"Plan Width": 27,"Actual Startup Time": 400.671,"Actual Total Time": 434.991,"Actual Rows": 10,"Actual Loops": 1,"Workers Planned": 4,"Workers Launched": 4,"Plans": [{"Node Type": "Aggregate","Strategy": "Sorted","Partial Mode": "Partial","Parent Relationship": "Outer","Parallel Aware": false,"Async Capable": false,"Startup Cost": 172848.10,"Total Cost": 172994.45,"Plan Rows": 7,"Plan Width": 27,"Actual Startup Time": 392.034,"Actual Total Time": 392.801,"Actual Rows": 2,"Actual Loops": 5,"Group Key": ["lineitem.l_shipmode"],"Workers": [],"Plans": [{"Node Type": "Sort","Parent Relationship": "Outer","Parallel Aware": false,"Async Capable": false,"Startup Cost": 172848.10,"Total Cost": 172866.39,"Plan Rows": 7314,"Plan Width": 27,"Actual Startup Time": 391.274,"Actual Total Time": 391.533,"Actual Rows": 6237,"Actual Loops": 5,"Sort Key": ["lineitem.l_shipmode"],"Sort Method": "quicksort","Sort Space Used": 640,"Sort Space Type": "Memory","Workers": [{"Worker Number": 0,"Sort Method": "quicksort","Sort Space Used": 629,"Sort Space Type": "Memory"},{"Worker Number": 1,"Sort Method": "quicksort","Sort Space Used": 642,"Sort Space Type": "Memory"},{"Worker Number": 2,"Sort Method": "quicksort","Sort Space Used": 622,"Sort Space Type": "Memory"},{"Worker Number": 3,"Sort Method": "quicksort","Sort Space Used": 622,"Sort Space Type": "Memory"}],"Plans": [{"Node Type": "Nested Loop","Parent Relationship": "Outer","Parallel Aware": false,"Async Capable": false,"Join Type": "Inner","Startup Cost": 0.43,"Total Cost": 172378.68,"Plan Rows": 7314,"Plan Width": 27,"Actual Startup Time": 0.437,"Actual Total Time": 388.411,"Actual Rows": 6237,"Actual Loops": 5,"Inner Unique": true,"Workers": [],"Plans": [{"Node Type": "Seq Scan","Parent Relationship": "Outer","Parallel Aware": true,"Async Capable": false,"Relation Name": "lineitem","Alias": "lineitem","Startup Cost": 0.00,"Total Cost": 146259.83,"Plan Rows": 7314,"Plan Width": 15,"Actual Startup Time": 0.325,"Actual Total Time": 353.860,"Actual Rows": 6237,"Actual Loops": 5,"Filter": "((l_shipmode = ANY ('{AIR,MAIL}'::bpchar[])) AND (l_commitdate < l_receiptdate) AND (l_shipdate < l_commitdate) AND (l_receiptdate >= '1993-01-01'::date) AND (l_receiptdate < '1994-01-01 00:00:00'::timestamp without time zone))","Rows Removed by Filter": 1194006,"Workers": []},{"Node Type": "Index Scan","Parent Relationship": "Inner","Parallel Aware": false,"Async Capable": false,"Scan Direction": "Forward","Index Name": "orders_pkey","Relation Name": "orders","Alias": "orders","Startup Cost": 0.43,"Total Cost": 3.57,"Plan Rows": 1,"Plan Width": 20,"Actual Startup Time": 0.005,"Actual Total Time": 0.005,"Actual Rows": 1,"Actual Loops": 31186,"Index Cond": "(o_orderkey = lineitem.l_orderkey)","Rows Removed by Index Recheck": 0,"Workers": []}]}]}]}]}]},"Planning Time": 5.452,"Triggers": [],"Execution Time": 435.515}]
[{"Plan": {"Node Type": "Aggregate","Strategy": "Sorted","Partial Mode": "Finalize","Parallel Aware": false,"Async Capable": false,"Startup Cost": 173700.13,"Total Cost": 173848.74,"Plan Rows": 7,"Plan Width": 27,"Actual Startup Time": 396.351,"Actual Total Time": 430.582,"Actual Rows": 2,"Actual Loops": 1,"Group Key": ["lineitem.l_shipmode"],"Plans": [{"Node Type": "Gather Merge","Parent Relationship": "Outer","Parallel Aware": false,"Async Capable": false,"Startup Cost": 173700.13,"Total Cost": 173848.46,"Plan Rows": 28,"Plan Width": 27,"Actual Startup Time": 395.548,"Actual Total Time": 430.542,"Actual Rows": 10,"Actual Loops": 1,"Workers Planned": 4,"Workers Launched": 4,"Plans": [{"Node Type": "Aggregate","Strategy": "Sorted","Partial Mode": "Partial","Parent Relationship": "Outer","Parallel Aware": false,"Async Capable": false,"Startup Cost": 172700.07,"Total Cost": 172845.06,"Plan Rows": 7,"Plan Width": 27,"Actual Startup Time": 387.335,"Actual Total Time": 388.081,"Actual Rows": 2,"Actual Loops": 5,"Group Key": ["lineitem.l_shipmode"],"Workers": [],"Plans": [{"Node Type": "Sort","Parent Relationship": "Outer","Parallel Aware": false,"Async Capable": false,"Startup Cost": 172700.07,"Total Cost": 172718.19,"Plan Rows": 7246,"Plan Width": 27,"Actual Startup Time": 386.588,"Actual Total Time": 386.843,"Actual Rows": 6217,"Actual Loops": 5,"Sort Key": ["lineitem.l_shipmode"],"Sort Method": "quicksort","Sort Space Used": 640,"Sort Space Type": "Memory","Workers": [{"Worker Number": 0,"Sort Method": "quicksort","Sort Space Used": 622,"Sort Space Type": "Memory"},{"Worker Number": 1,"Sort Method": "quicksort","Sort Space Used": 630,"Sort Space Type": "Memory"},{"Worker Number": 2,"Sort Method": "quicksort","Sort Space Used": 634,"Sort Space Type": "Memory"},{"Worker Number": 3,"Sort Method": "quicksort","Sort Space Used": 622,"Sort Space Type": "Memory"}],"Plans": [{"Node Type": "Nested Loop","Parent Relationship": "Outer","Parallel Aware": false,"Async Capable": false,"Join Type": "Inner","Startup Cost": 0.43,"Total Cost": 172235.50,"Plan Rows": 7246,"Plan Width": 27,"Actual Startup Time": 0.339,"Actual Total Time": 383.711,"Actual Rows": 6217,"Actual Loops": 5,"Inner Unique": true,"Workers": [],"Plans": [{"Node Type": "Seq Scan","Parent Relationship": "Outer","Parallel Aware": true,"Async Capable": false,"Relation Name": "lineitem","Alias": "lineitem","Startup Cost": 0.00,"Total Cost": 146259.83,"Plan Rows": 7246,"Plan Width": 15,"Actual Startup Time": 0.226,"Actual Total Time": 348.234,"Actual Rows": 6217,"Actual Loops": 5,"Filter": "((l_shipmode = ANY ('{\"REG AIR\",SHIP}'::bpchar[])) AND (l_commitdate < l_receiptdate) AND (l_shipdate < l_commitdate) AND (l_receiptdate >= '1993-01-01'::date) AND (l_receiptdate < '1994-01-01 00:00:00'::timestamp without time zone))","Rows Removed by Filter": 1194026,"Workers": []},{"Node Type": "Index Scan","Parent Relationship": "Inner","Parallel Aware": false,"Async Capable": false,"Scan Direction": "Forward","Index Name": "orders_pkey","Relation Name": "orders","Alias": "orders","Startup Cost": 0.43,"Total Cost": 3.58,"Plan Rows": 1,"Plan Width": 20,"Actual Startup Time": 0.005,"Actual Total Time": 0.005,"Actual Rows": 1,"Actual Loops": 31083,"Index Cond": "(o_orderkey = lineitem.l_orderkey)","Rows Removed by Index Recheck": 0,"Workers": []}]}]}]}]}]},"Planning Time": 4.853,"Triggers": [],"Execution Time": 431.195}]
[{"Plan": {"Node Type": "Aggregate","Strategy": "Sorted","Partial Mode": "Finalize","Parallel Aware": false,"Async Capable": false,"Startup Cost": 173888.04,"Total Cost": 174038.38,"Plan Rows": 7,"Plan Width": 27,"Actual Startup Time": 396.575,"Actual Total Time": 428.712,"Actual Rows": 2,"Actual Loops": 1,"Group Key": ["lineitem.l_shipmode"],"Plans": [{"Node Type": "Gather Merge","Parent Relationship": "Outer","Parallel Aware": false,"Async Capable": false,"Startup Cost": 173888.04,"Total Cost": 174038.10,"Plan Rows": 28,"Plan Width": 27,"Actual Startup Time": 395.795,"Actual Total Time": 428.677,"Actual Rows": 10,"Actual Loops": 1,"Workers Planned": 4,"Workers Launched": 4,"Plans": [{"Node Type": "Aggregate","Strategy": "Sorted","Partial Mode": "Partial","Parent Relationship": "Outer","Parallel Aware": false,"Async Capable": false,"Startup Cost": 172887.98,"Total Cost": 173034.71,"Plan Rows": 7,"Plan Width": 27,"Actual Startup Time": 387.395,"Actual Total Time": 388.106,"Actual Rows": 2,"Actual Loops": 5,"Group Key": ["lineitem.l_shipmode"],"Workers": [],"Plans": [{"Node Type": "Sort","Parent Relationship": "Outer","Parallel Aware": false,"Async Capable": false,"Startup Cost": 172887.98,"Total Cost": 172906.31,"Plan Rows": 7333,"Plan Width": 27,"Actual Startup Time": 386.634,"Actual Total Time": 386.873,"Actual Rows": 6217,"Actual Loops": 5,"Sort Key": ["lineitem.l_shipmode"],"Sort Method": "quicksort","Sort Space Used": 638,"Sort Space Type": "Memory","Workers": [{"Worker Number": 0,"Sort Method": "quicksort","Sort Space Used": 618,"Sort Space Type": "Memory"},{"Worker Number": 1,"Sort Method": "quicksort","Sort Space Used": 617,"Sort Space Type": "Memory"},{"Worker Number": 2,"Sort Method": "quicksort","Sort Space Used": 644,"Sort Space Type": "Memory"},{"Worker Number": 3,"Sort Method": "quicksort","Sort Space Used": 632,"Sort Space Type": "Memory"}],"Plans": [{"Node Type": "Nested Loop","Parent Relationship": "Outer","Parallel Aware": false,"Async Capable": false,"Join Type": "Inner","Startup Cost": 0.43,"Total Cost": 172417.19,"Plan Rows": 7333,"Plan Width": 27,"Actual Startup Time": 0.200,"Actual Total Time": 383.797,"Actual Rows": 6217,"Actual Loops": 5,"Inner Unique": true,"Workers": [],"Plans": [{"Node Type": "Seq Scan","Parent Relationship": "Outer","Parallel Aware": true,"Async Capable": false,"Relation Name": "lineitem","Alias": "lineitem","Startup Cost": 0.00,"Total Cost": 146259.83,"Plan Rows": 7333,"Plan Width": 15,"Actual Startup Time": 0.107,"Actual Total Time": 349.252,"Actual Rows": 6217,"Actual Loops": 5,"Filter": "((l_shipmode = ANY ('{RAIL,TRUCK}'::bpchar[])) AND (l_commitdate < l_receiptdate) AND (l_shipdate < l_commitdate) AND (l_receiptdate >= '1993-01-01'::date) AND (l_receiptdate < '1994-01-01 00:00:00'::timestamp without time zone))","Rows Removed by Filter": 1194026,"Workers": []},{"Node Type": "Index Scan","Parent Relationship": "Inner","Parallel Aware": false,"Async Capable": false,"Scan Direction": "Forward","Index Name": "orders_pkey","Relation Name": "orders","Alias": "orders","Startup Cost": 0.43,"Total Cost": 3.57,"Plan Rows": 1,"Plan Width": 20,"Actual Startup Time": 0.005,"Actual Total Time": 0.005,"Actual Rows": 1,"Actual Loops": 31084,"Index Cond": "(o_orderkey = lineitem.l_orderkey)","Rows Removed by Index Recheck": 0,"Workers": []}]}]}]}]}]},"Planning Time": 4.419,"Triggers": [],"Execution Time": 429.150}]
[{"Plan": {"Node Type": "Aggregate","Strategy": "Sorted","Partial Mode": "Finalize","Parallel Aware": false,"Async Capable": false,"Startup Cost": 174062.42,"Total Cost": 174214.39,"Plan Rows": 7,"Plan Width": 27,"Actual Startup Time": 399.989,"Actual Total Time": 432.536,"Actual Rows": 2,"Actual Loops": 1,"Group Key": ["lineitem.l_shipmode"],"Plans": [{"Node Type": "Gather Merge","Parent Relationship": "Outer","Parallel Aware": false,"Async Capable": false,"Startup Cost": 174062.42,"Total Cost": 174214.11,"Plan Rows": 28,"Plan Width": 27,"Actual Startup Time": 399.188,"Actual Total Time": 432.518,"Actual Rows": 10,"Actual Loops": 1,"Workers Planned": 4,"Workers Launched": 4,"Plans": [{"Node Type": "Aggregate","Strategy": "Sorted","Partial Mode": "Partial","Parent Relationship": "Outer","Parallel Aware": false,"Async Capable": false,"Startup Cost": 173062.36,"Total Cost": 173210.71,"Plan Rows": 7,"Plan Width": 27,"Actual Startup Time": 390.781,"Actual Total Time": 391.500,"Actual Rows": 2,"Actual Loops": 5,"Group Key": ["lineitem.l_shipmode"],"Workers": [],"Plans": [{"Node Type": "Sort","Parent Relationship": "Outer","Parallel Aware": false,"Async Capable": false,"Startup Cost": 173062.36,"Total Cost": 173080.90,"Plan Rows": 7414,"Plan Width": 27,"Actual Startup Time": 390.018,"Actual Total Time": 390.251,"Actual Rows": 6237,"Actual Loops": 5,"Sort Key": ["lineitem.l_shipmode"],"Sort Method": "quicksort","Sort Space Used": 645,"Sort Space Type": "Memory","Workers": [{"Worker Number": 0,"Sort Method": "quicksort","Sort Space Used": 627,"Sort Space Type": "Memory"},{"Worker Number": 1,"Sort Method": "quicksort","Sort Space Used": 628,"Sort Space Type": "Memory"},{"Worker Number": 2,"Sort Method": "quicksort","Sort Space Used": 632,"Sort Space Type": "Memory"},{"Worker Number": 3,"Sort Method": "quicksort","Sort Space Used": 624,"Sort Space Type": "Memory"}],"Plans": [{"Node Type": "Nested Loop","Parent Relationship": "Outer","Parallel Aware": false,"Async Capable": false,"Join Type": "Inner","Startup Cost": 0.43,"Total Cost": 172585.79,"Plan Rows": 7414,"Plan Width": 27,"Actual Startup Time": 0.317,"Actual Total Time": 387.167,"Actual Rows": 6237,"Actual Loops": 5,"Inner Unique": true,"Workers": [],"Plans": [{"Node Type": "Seq Scan","Parent Relationship": "Outer","Parallel Aware": true,"Async Capable": false,"Relation Name": "lineitem","Alias": "lineitem","Startup Cost": 0.00,"Total Cost": 146259.83,"Plan Rows": 7414,"Plan Width": 15,"Actual Startup Time": 0.202,"Actual Total Time": 352.696,"Actual Rows": 6237,"Actual Loops": 5,"Filter": "((l_shipmode = ANY ('{AIR,MAIL}'::bpchar[])) AND (l_commitdate < l_receiptdate) AND (l_shipdate < l_commitdate) AND (l_receiptdate >= '1995-01-01'::date) AND (l_receiptdate < '1996-01-01 00:00:00'::timestamp without time zone))","Rows Removed by Filter": 1194006,"Workers": []},{"Node Type": "Index Scan","Parent Relationship": "Inner","Parallel Aware": false,"Async Capable": false,"Scan Direction": "Forward","Index Name": "orders_pkey","Relation Name": "orders","Alias": "orders","Startup Cost": 0.43,"Total Cost": 3.55,"Plan Rows": 1,"Plan Width": 20,"Actual Startup Time": 0.005,"Actual Total Time": 0.005,"Actual Rows": 1,"Actual Loops": 31185,"Index Cond": "(o_orderkey = lineitem.l_orderkey)","Rows Removed by Index Recheck": 0,"Workers": []}]}]}]}]}]},"Planning Time": 5.525,"Triggers": [],"Execution Time": 432.954}]
[{"Plan": {"Node Type": "Aggregate","Strategy": "Sorted","Partial Mode": "Finalize","Parallel Aware": false,"Async Capable": false,"Startup Cost": 173975.00,"Total Cost": 174126.12,"Plan Rows": 7,"Plan Width": 27,"Actual Startup Time": 391.228,"Actual Total Time": 425.593,"Actual Rows": 2,"Actual Loops": 1,"Group Key": ["lineitem.l_shipmode"],"Plans": [{"Node Type": "Gather Merge","Parent Relationship": "Outer","Parallel Aware": false,"Async Capable": false,"Startup Cost": 173975.00,"Total Cost": 174125.84,"Plan Rows": 28,"Plan Width": 27,"Actual Startup Time": 390.409,"Actual Total Time": 425.566,"Actual Rows": 10,"Actual Loops": 1,"Workers Planned": 4,"Workers Launched": 4,"Plans": [{"Node Type": "Aggregate","Strategy": "Sorted","Partial Mode": "Partial","Parent Relationship": "Outer","Parallel Aware": false,"Async Capable": false,"Startup Cost": 172974.94,"Total Cost": 173122.45,"Plan Rows": 7,"Plan Width": 27,"Actual Startup Time": 382.487,"Actual Total Time": 383.214,"Actual Rows": 2,"Actual Loops": 5,"Group Key": ["lineitem.l_shipmode"],"Workers": [],"Plans": [{"Node Type": "Sort","Parent Relationship": "Outer","Parallel Aware": false,"Async Capable": false,"Startup Cost": 172974.94,"Total Cost": 172993.37,"Plan Rows": 7372,"Plan Width": 27,"Actual Startup Time": 381.739,"Actual Total Time": 381.980,"Actual Rows": 6180,"Actual Loops": 5,"Sort Key": ["lineitem.l_shipmode"],"Sort Method": "quicksort","Sort Space Used": 627,"Sort Space Type": "Memory","Workers": [{"Worker Number": 0,"Sort Method": "quicksort","Sort Space Used": 637,"Sort Space Type": "Memory"},{"Worker Number": 1,"Sort Method": "quicksort","Sort Space Used": 629,"Sort Space Type": "Memory"},{"Worker Number": 2,"Sort Method": "quicksort","Sort Space Used": 615,"Sort Space Type": "Memory"},{"Worker Number": 3,"Sort Method": "quicksort","Sort Space Used": 627,"Sort Space Type": "Memory"}],"Plans": [{"Node Type": "Nested Loop","Parent Relationship": "Outer","Parallel Aware": false,"Async Capable": false,"Join Type": "Inner","Startup Cost": 0.43,"Total Cost": 172501.37,"Plan Rows": 7372,"Plan Width": 27,"Actual Startup Time": 0.272,"Actual Total Time": 378.907,"Actual Rows": 6180,"Actual Loops": 5,"Inner Unique": true,"Workers": [],"Plans": [{"Node Type": "Seq Scan","Parent Relationship": "Outer","Parallel Aware": true,"Async Capable": false,"Relation Name": "lineitem","Alias": "lineitem","Startup Cost": 0.00,"Total Cost": 146259.83,"Plan Rows": 7373,"Plan Width": 15,"Actual Startup Time": 0.161,"Actual Total Time": 344.794,"Actual Rows": 6180,"Actual Loops": 5,"Filter": "((l_shipmode = ANY ('{FOB,TRUCK}'::bpchar[])) AND (l_commitdate < l_receiptdate) AND (l_shipdate < l_commitdate) AND (l_receiptdate >= '1993-01-01'::date) AND (l_receiptdate < '1994-01-01 00:00:00'::timestamp without time zone))","Rows Removed by Filter": 1194063,"Workers": []},{"Node Type": "Index Scan","Parent Relationship": "Inner","Parallel Aware": false,"Async Capable": false,"Scan Direction": "Forward","Index Name": "orders_pkey","Relation Name": "orders","Alias": "orders","Startup Cost": 0.43,"Total Cost": 3.56,"Plan Rows": 1,"Plan Width": 20,"Actual Startup Time": 0.005,"Actual Total Time": 0.005,"Actual Rows": 1,"Actual Loops": 30899,"Index Cond": "(o_orderkey = lineitem.l_orderkey)","Rows Removed by Index Recheck": 0,"Workers": []}]}]}]}]}]},"Planning Time": 4.358,"Triggers": [],"Execution Time": 425.966}]
[{"Plan": {"Node Type": "Aggregate","Strategy": "Sorted","Partial Mode": "Finalize","Parallel Aware": false,"Async Capable": false,"Startup Cost": 173637.01,"Total Cost": 173785.03,"Plan Rows": 7,"Plan Width": 27,"Actual Startup Time": 397.408,"Actual Total Time": 432.231,"Actual Rows": 2,"Actual Loops": 1,"Group Key": ["lineitem.l_shipmode"],"Plans": [{"Node Type": "Gather Merge","Parent Relationship": "Outer","Parallel Aware": false,"Async Capable": false,"Startup Cost": 173637.01,"Total Cost": 173784.75,"Plan Rows": 28,"Plan Width": 27,"Actual Startup Time": 396.573,"Actual Total Time": 432.204,"Actual Rows": 10,"Actual Loops": 1,"Workers Planned": 4,"Workers Launched": 4,"Plans": [{"Node Type": "Aggregate","Strategy": "Sorted","Partial Mode": "Partial","Parent Relationship": "Outer","Parallel Aware": false,"Async Capable": false,"Startup Cost": 172636.95,"Total Cost": 172781.36,"Plan Rows": 7,"Plan Width": 27,"Actual Startup Time": 388.397,"Actual Total Time": 389.134,"Actual Rows": 2,"Actual Loops": 5,"Group Key": ["lineitem.l_shipmode"],"Workers": [],"Plans": [{"Node Type": "Sort","Parent Relationship": "Outer","Parallel Aware": false,"Async Capable": false,"Startup Cost": 172636.95,"Total Cost": 172654.99,"Plan Rows": 7217,"Plan Width": 27,"Actual Startup Time": 387.662,"Actual Total Time": 387.904,"Actual Rows": 6247,"Actual Loops": 5,"Sort Key": ["lineitem.l_shipmode"],"Sort Method": "quicksort","Sort Space Used": 631,"Sort Space Type": "Memory","Workers": [{"Worker Number": 0,"Sort Method": "quicksort","Sort Space Used": 634,"Sort Space Type": "Memory"},{"Worker Number": 1,"Sort Method": "quicksort","Sort Space Used": 633,"Sort Space Type": "Memory"},{"Worker Number": 2,"Sort Method": "quicksort","Sort Space Used": 631,"Sort Space Type": "Memory"},{"Worker Number": 3,"Sort Method": "quicksort","Sort Space Used": 629,"Sort Space Type": "Memory"}],"Plans": [{"Node Type": "Nested Loop","Parent Relationship": "Outer","Parallel Aware": false,"Async Capable": false,"Join Type": "Inner","Startup Cost": 0.43,"Total Cost": 172174.44,"Plan Rows": 7217,"Plan Width": 27,"Actual Startup Time": 0.438,"Actual Total Time": 384.781,"Actual Rows": 6247,"Actual Loops": 5,"Inner Unique": true,"Workers": [],"Plans": [{"Node Type": "Seq Scan","Parent Relationship": "Outer","Parallel Aware": true,"Async Capable": false,"Relation Name": "lineitem","Alias": "lineitem","Startup Cost": 0.00,"Total Cost": 146259.83,"Plan Rows": 7217,"Plan Width": 15,"Actual Startup Time": 0.314,"Actual Total Time": 349.382,"Actual Rows": 6247,"Actual Loops": 5,"Filter": "((l_shipmode = ANY ('{TRUCK,AIR}'::bpchar[])) AND (l_commitdate < l_receiptdate) AND (l_shipdate < l_commitdate) AND (l_receiptdate >= '1996-01-01'::date) AND (l_receiptdate < '1997-01-01 00:00:00'::timestamp without time zone))","Rows Removed by Filter": 1193996,"Workers": []},{"Node Type": "Index Scan","Parent Relationship": "Inner","Parallel Aware": false,"Async Capable": false,"Scan Direction": "Forward","Index Name": "orders_pkey","Relation Name": "orders","Alias": "orders","Startup Cost": 0.43,"Total Cost": 3.59,"Plan Rows": 1,"Plan Width": 20,"Actual Startup Time": 0.005,"Actual Total Time": 0.005,"Actual Rows": 1,"Actual Loops": 31235,"Index Cond": "(o_orderkey = lineitem.l_orderkey)","Rows Removed by Index Recheck": 0,"Workers": []}]}]}]}]}]},"Planning Time": 4.031,"Triggers": [],"Execution Time": 432.697}]
[{"Plan": {"Node Type": "Aggregate","Strategy": "Sorted","Partial Mode": "Finalize","Parallel Aware": false,"Async Capable": false,"Startup Cost": 173511.10,"Total Cost": 173657.96,"Plan Rows": 7,"Plan Width": 27,"Actual Startup Time": 396.671,"Actual Total Time": 430.257,"Actual Rows": 2,"Actual Loops": 1,"Group Key": ["lineitem.l_shipmode"],"Plans": [{"Node Type": "Gather Merge","Parent Relationship": "Outer","Parallel Aware": false,"Async Capable": false,"Startup Cost": 173511.10,"Total Cost": 173657.68,"Plan Rows": 28,"Plan Width": 27,"Actual Startup Time": 395.837,"Actual Total Time": 430.228,"Actual Rows": 10,"Actual Loops": 1,"Workers Planned": 4,"Workers Launched": 4,"Plans": [{"Node Type": "Aggregate","Strategy": "Sorted","Partial Mode": "Partial","Parent Relationship": "Outer","Parallel Aware": false,"Async Capable": false,"Startup Cost": 172511.04,"Total Cost": 172654.29,"Plan Rows": 7,"Plan Width": 27,"Actual Startup Time": 387.680,"Actual Total Time": 388.422,"Actual Rows": 2,"Actual Loops": 5,"Group Key": ["lineitem.l_shipmode"],"Workers": [],"Plans": [{"Node Type": "Sort","Parent Relationship": "Outer","Parallel Aware": false,"Async Capable": false,"Startup Cost": 172511.04,"Total Cost": 172528.94,"Plan Rows": 7159,"Plan Width": 27,"Actual Startup Time": 386.921,"Actual Total Time": 387.169,"Actual Rows": 6233,"Actual Loops": 5,"Sort Key": ["lineitem.l_shipmode"],"Sort Method": "quicksort","Sort Space Used": 634,"Sort Space Type": "Memory","Workers": [{"Worker Number": 0,"Sort Method": "quicksort","Sort Space Used": 635,"Sort Space Type": "Memory"},{"Worker Number": 1,"Sort Method": "quicksort","Sort Space Used": 628,"Sort Space Type": "Memory"},{"Worker Number": 2,"Sort Method": "quicksort","Sort Space Used": 622,"Sort Space Type": "Memory"},{"Worker Number": 3,"Sort Method": "quicksort","Sort Space Used": 635,"Sort Space Type": "Memory"}],"Plans": [{"Node Type": "Nested Loop","Parent Relationship": "Outer","Parallel Aware": false,"Async Capable": false,"Join Type": "Inner","Startup Cost": 0.43,"Total Cost": 172052.66,"Plan Rows": 7159,"Plan Width": 27,"Actual Startup Time": 0.560,"Actual Total Time": 384.048,"Actual Rows": 6233,"Actual Loops": 5,"Inner Unique": true,"Workers": [],"Plans": [{"Node Type": "Seq Scan","Parent Relationship": "Outer","Parallel Aware": true,"Async Capable": false,"Relation Name": "lineitem","Alias": "lineitem","Startup Cost": 0.00,"Total Cost": 146259.83,"Plan Rows": 7159,"Plan Width": 15,"Actual Startup Time": 0.435,"Actual Total Time": 349.581,"Actual Rows": 6233,"Actual Loops": 5,"Filter": "((l_shipmode = ANY ('{AIR,SHIP}'::bpchar[])) AND (l_commitdate < l_receiptdate) AND (l_shipdate < l_commitdate) AND (l_receiptdate >= '1997-01-01'::date) AND (l_receiptdate < '1998-01-01 00:00:00'::timestamp without time zone))","Rows Removed by Filter": 1194010,"Workers": []},{"Node Type": "Index Scan","Parent Relationship": "Inner","Parallel Aware": false,"Async Capable": false,"Scan Direction": "Forward","Index Name": "orders_pkey","Relation Name": "orders","Alias": "orders","Startup Cost": 0.43,"Total Cost": 3.60,"Plan Rows": 1,"Plan Width": 20,"Actual Startup Time": 0.005,"Actual Total Time": 0.005,"Actual Rows": 1,"Actual Loops": 31165,"Index Cond": "(o_orderkey = lineitem.l_orderkey)","Rows Removed by Index Recheck": 0,"Workers": []}]}]}]}]}]},"Planning Time": 3.887,"Triggers": [],"Execution Time": 430.692}]
[{"Plan": {"Node Type": "Aggregate","Strategy": "Sorted","Partial Mode": "Finalize","Parallel Aware": false,"Async Capable": false,"Startup Cost": 173682.63,"Total Cost": 173831.08,"Plan Rows": 7,"Plan Width": 27,"Actual Startup Time": 398.045,"Actual Total Time": 432.448,"Actual Rows": 2,"Actual Loops": 1,"Group Key": ["lineitem.l_shipmode"],"Plans": [{"Node Type": "Gather Merge","Parent Relationship": "Outer","Parallel Aware": false,"Async Capable": false,"Startup Cost": 173682.63,"Total Cost": 173830.80,"Plan Rows": 28,"Plan Width": 27,"Actual Startup Time": 397.239,"Actual Total Time": 432.415,"Actual Rows": 10,"Actual Loops": 1,"Workers Planned": 4,"Workers Launched": 4,"Plans": [{"Node Type": "Aggregate","Strategy": "Sorted","Partial Mode": "Partial","Parent Relationship": "Outer","Parallel Aware": false,"Async Capable": false,"Startup Cost": 172682.58,"Total Cost": 172827.41,"Plan Rows": 7,"Plan Width": 27,"Actual Startup Time": 389.082,"Actual Total Time": 389.822,"Actual Rows": 2,"Actual Loops": 5,"Group Key": ["lineitem.l_shipmode"],"Workers": [],"Plans": [{"Node Type": "Sort","Parent Relationship": "Outer","Parallel Aware": false,"Async Capable": false,"Startup Cost": 172682.58,"Total Cost": 172700.67,"Plan Rows": 7238,"Plan Width": 27,"Actual Startup Time": 388.318,"Actual Total Time": 388.575,"Actual Rows": 6260,"Actual Loops": 5,"Sort Key": ["lineitem.l_shipmode"],"Sort Method": "quicksort","Sort Space Used": 631,"Sort Space Type": "Memory","Workers": [{"Worker Number": 0,"Sort Method": "quicksort","Sort Space Used": 637,"Sort Space Type": "Memory"},{"Worker Number": 1,"Sort Method": "quicksort","Sort Space Used": 637,"Sort Space Type": "Memory"},{"Worker Number": 2,"Sort Method": "quicksort","Sort Space Used": 631,"Sort Space Type": "Memory"},{"Worker Number": 3,"Sort Method": "quicksort","Sort Space Used": 627,"Sort Space Type": "Memory"}],"Plans": [{"Node Type": "Nested Loop","Parent Relationship": "Outer","Parallel Aware": false,"Async Capable": false,"Join Type": "Inner","Startup Cost": 0.43,"Total Cost": 172218.57,"Plan Rows": 7238,"Plan Width": 27,"Actual Startup Time": 0.200,"Actual Total Time": 385.446,"Actual Rows": 6260,"Actual Loops": 5,"Inner Unique": true,"Workers": [],"Plans": [{"Node Type": "Seq Scan","Parent Relationship": "Outer","Parallel Aware": true,"Async Capable": false,"Relation Name": "lineitem","Alias": "lineitem","Startup Cost": 0.00,"Total Cost": 146259.83,"Plan Rows": 7238,"Plan Width": 15,"Actual Startup Time": 0.084,"Actual Total Time": 350.122,"Actual Rows": 6260,"Actual Loops": 5,"Filter": "((l_shipmode = ANY ('{AIR,FOB}'::bpchar[])) AND (l_commitdate < l_receiptdate) AND (l_shipdate < l_commitdate) AND (l_receiptdate >= '1996-01-01'::date) AND (l_receiptdate < '1997-01-01 00:00:00'::timestamp without time zone))","Rows Removed by Filter": 1193983,"Workers": []},{"Node Type": "Index Scan","Parent Relationship": "Inner","Parallel Aware": false,"Async Capable": false,"Scan Direction": "Forward","Index Name": "orders_pkey","Relation Name": "orders","Alias": "orders","Startup Cost": 0.43,"Total Cost": 3.59,"Plan Rows": 1,"Plan Width": 20,"Actual Startup Time": 0.005,"Actual Total Time": 0.005,"Actual Rows": 1,"Actual Loops": 31301,"Index Cond": "(o_orderkey = lineitem.l_orderkey)","Rows Removed by Index Recheck": 0,"Workers": []}]}]}]}]}]},"Planning Time": 5.342,"Triggers": [],"Execution Time": 433.052}]
[{"Plan": {"Node Type": "Aggregate","Strategy": "Sorted","Partial Mode": "Finalize","Parallel Aware": false,"Async Capable": false,"Startup Cost": 173469.49,"Total Cost": 173615.98,"Plan Rows": 7,"Plan Width": 27,"Actual Startup Time": 398.076,"Actual Total Time": 431.063,"Actual Rows": 2,"Actual Loops": 1,"Group Key": ["lineitem.l_shipmode"],"Plans": [{"Node Type": "Gather Merge","Parent Relationship": "Outer","Parallel Aware": false,"Async Capable": false,"Startup Cost": 173469.49,"Total Cost": 173615.70,"Plan Rows": 28,"Plan Width": 27,"Actual Startup Time": 397.217,"Actual Total Time": 431.025,"Actual Rows": 10,"Actual Loops": 1,"Workers Planned": 4,"Workers Launched": 4,"Plans": [{"Node Type": "Aggregate","Strategy": "Sorted","Partial Mode": "Partial","Parent Relationship": "Outer","Parallel Aware": false,"Async Capable": false,"Startup Cost": 172469.43,"Total Cost": 172612.30,"Plan Rows": 7,"Plan Width": 27,"Actual Startup Time": 388.995,"Actual Total Time": 389.724,"Actual Rows": 2,"Actual Loops": 5,"Group Key": ["lineitem.l_shipmode"],"Workers": [],"Plans": [{"Node Type": "Sort","Parent Relationship": "Outer","Parallel Aware": false,"Async Capable": false,"Startup Cost": 172469.43,"Total Cost": 172487.28,"Plan Rows": 7140,"Plan Width": 27,"Actual Startup Time": 388.238,"Actual Total Time": 388.494,"Actual Rows": 6198,"Actual Loops": 5,"Sort Key": ["lineitem.l_shipmode"],"Sort Method": "quicksort","Sort Space Used": 635,"Sort Space Type": "Memory","Workers": [{"Worker Number": 0,"Sort Method": "quicksort","Sort Space Used": 620,"Sort Space Type": "Memory"},{"Worker Number": 1,"Sort Method": "quicksort","Sort Space Used": 633,"Sort Space Type": "Memory"},{"Worker Number": 2,"Sort Method": "quicksort","Sort Space Used": 628,"Sort Space Type": "Memory"},{"Worker Number": 3,"Sort Method": "quicksort","Sort Space Used": 625,"Sort Space Type": "Memory"}],"Plans": [{"Node Type": "Nested Loop","Parent Relationship": "Outer","Parallel Aware": false,"Async Capable": false,"Join Type": "Inner","Startup Cost": 0.43,"Total Cost": 172012.41,"Plan Rows": 7140,"Plan Width": 27,"Actual Startup Time": 0.232,"Actual Total Time": 385.334,"Actual Rows": 6198,"Actual Loops": 5,"Inner Unique": true,"Workers": [],"Plans": [{"Node Type": "Seq Scan","Parent Relationship": "Outer","Parallel Aware": true,"Async Capable": false,"Relation Name": "lineitem","Alias": "lineitem","Startup Cost": 0.00,"Total Cost": 146259.83,"Plan Rows": 7140,"Plan Width": 15,"Actual Startup Time": 0.114,"Actual Total Time": 351.249,"Actual Rows": 6198,"Actual Loops": 5,"Filter": "((l_shipmode = ANY ('{MAIL,SHIP}'::bpchar[])) AND (l_commitdate < l_receiptdate) AND (l_shipdate < l_commitdate) AND (l_receiptdate >= '1994-01-01'::date) AND (l_receiptdate < '1995-01-01 00:00:00'::timestamp without time zone))","Rows Removed by Filter": 1194045,"Workers": []},{"Node Type": "Index Scan","Parent Relationship": "Inner","Parallel Aware": false,"Async Capable": false,"Scan Direction": "Forward","Index Name": "orders_pkey","Relation Name": "orders","Alias": "orders","Startup Cost": 0.43,"Total Cost": 3.61,"Plan Rows": 1,"Plan Width": 20,"Actual Startup Time": 0.005,"Actual Total Time": 0.005,"Actual Rows": 1,"Actual Loops": 30988,"Index Cond": "(o_orderkey = lineitem.l_orderkey)","Rows Removed by Index Recheck": 0,"Workers": []}]}]}]}]}]},"Planning Time": 4.368,"Triggers": [],"Execution Time": 431.623}]
[{"Plan": {"Node Type": "Aggregate","Strategy": "Sorted","Partial Mode": "Finalize","Parallel Aware": false,"Async Capable": false,"Startup Cost": 173741.53,"Total Cost": 173890.51,"Plan Rows": 7,"Plan Width": 27,"Actual Startup Time": 394.867,"Actual Total Time": 428.025,"Actual Rows": 2,"Actual Loops": 1,"Group Key": ["lineitem.l_shipmode"],"Plans": [{"Node Type": "Gather Merge","Parent Relationship": "Outer","Parallel Aware": false,"Async Capable": false,"Startup Cost": 173741.53,"Total Cost": 173890.23,"Plan Rows": 28,"Plan Width": 27,"Actual Startup Time": 393.947,"Actual Total Time": 427.986,"Actual Rows": 10,"Actual Loops": 1,"Workers Planned": 4,"Workers Launched": 4,"Plans": [{"Node Type": "Aggregate","Strategy": "Sorted","Partial Mode": "Partial","Parent Relationship": "Outer","Parallel Aware": false,"Async Capable": false,"Startup Cost": 172741.47,"Total Cost": 172886.84,"Plan Rows": 7,"Plan Width": 27,"Actual Startup Time": 385.569,"Actual Total Time": 386.319,"Actual Rows": 2,"Actual Loops": 5,"Group Key": ["lineitem.l_shipmode"],"Workers": [],"Plans": [{"Node Type": "Sort","Parent Relationship": "Outer","Parallel Aware": false,"Async Capable": false,"Startup Cost": 172741.47,"Total Cost": 172759.63,"Plan Rows": 7265,"Plan Width": 27,"Actual Startup Time": 384.810,"Actual Total Time": 385.075,"Actual Rows": 6242,"Actual Loops": 5,"Sort Key": ["lineitem.l_shipmode"],"Sort Method": "quicksort","Sort Space Used": 639,"Sort Space Type": "Memory","Workers": [{"Worker Number": 0,"Sort Method": "quicksort","Sort Space Used": 638,"Sort Space Type": "Memory"},{"Worker Number": 1,"Sort Method": "quicksort","Sort Space Used": 632,"Sort Space Type": "Memory"},{"Worker Number": 2,"Sort Method": "quicksort","Sort Space Used": 625,"Sort Space Type": "Memory"},{"Worker Number": 3,"Sort Method": "quicksort","Sort Space Used": 623,"Sort Space Type": "Memory"}],"Plans": [{"Node Type": "Nested Loop","Parent Relationship": "Outer","Parallel Aware": false,"Async Capable": false,"Join Type": "Inner","Startup Cost": 0.43,"Total Cost": 172275.54,"Plan Rows": 7265,"Plan Width": 27,"Actual Startup Time": 0.304,"Actual Total Time": 381.990,"Actual Rows": 6242,"Actual Loops": 5,"Inner Unique": true,"Workers": [],"Plans": [{"Node Type": "Seq Scan","Parent Relationship": "Outer","Parallel Aware": true,"Async Capable": false,"Relation Name": "lineitem","Alias": "lineitem","Startup Cost": 0.00,"Total Cost": 146259.83,"Plan Rows": 7265,"Plan Width": 15,"Actual Startup Time": 0.200,"Actual Total Time": 347.791,"Actual Rows": 6242,"Actual Loops": 5,"Filter": "((l_shipmode = ANY ('{TRUCK,MAIL}'::bpchar[])) AND (l_commitdate < l_receiptdate) AND (l_shipdate < l_commitdate) AND (l_receiptdate >= '1997-01-01'::date) AND (l_receiptdate < '1998-01-01 00:00:00'::timestamp without time zone))","Rows Removed by Filter": 1194001,"Workers": []},{"Node Type": "Index Scan","Parent Relationship": "Inner","Parallel Aware": false,"Async Capable": false,"Scan Direction": "Forward","Index Name": "orders_pkey","Relation Name": "orders","Alias": "orders","Startup Cost": 0.43,"Total Cost": 3.58,"Plan Rows": 1,"Plan Width": 20,"Actual Startup Time": 0.005,"Actual Total Time": 0.005,"Actual Rows": 1,"Actual Loops": 31211,"Index Cond": "(o_orderkey = lineitem.l_orderkey)","Rows Removed by Index Recheck": 0,"Workers": []}]}]}]}]}]},"Planning Time": 5.085,"Triggers": [],"Execution Time": 428.492}]
[{"Plan": {"Node Type": "Aggregate","Strategy": "Sorted","Partial Mode": "Finalize","Parallel Aware": false,"Async Capable": false,"Startup Cost": 173859.68,"Total Cost": 174009.77,"Plan Rows": 7,"Plan Width": 27,"Actual Startup Time": 401.165,"Actual Total Time": 433.629,"Actual Rows": 2,"Actual Loops": 1,"Group Key": ["lineitem.l_shipmode"],"Plans": [{"Node Type": "Gather Merge","Parent Relationship": "Outer","Parallel Aware": false,"Async Capable": false,"Startup Cost": 173859.68,"Total Cost": 174009.49,"Plan Rows": 28,"Plan Width": 27,"Actual Startup Time": 400.382,"Actual Total Time": 433.593,"Actual Rows": 10,"Actual Loops": 1,"Workers Planned": 4,"Workers Launched": 4,"Plans": [{"Node Type": "Aggregate","Strategy": "Sorted","Partial Mode": "Partial","Parent Relationship": "Outer","Parallel Aware": false,"Async Capable": false,"Startup Cost": 172859.63,"Total Cost": 173006.10,"Plan Rows": 7,"Plan Width": 27,"Actual Startup Time": 392.144,"Actual Total Time": 392.879,"Actual Rows": 2,"Actual Loops": 5,"Group Key": ["lineitem.l_shipmode"],"Workers": [],"Plans": [{"Node Type": "Sort","Parent Relationship": "Outer","Parallel Aware": false,"Async Capable": false,"Startup Cost": 172859.63,"Total Cost": 172877.93,"Plan Rows": 7320,"Plan Width": 27,"Actual Startup Time": 391.389,"Actual Total Time": 391.645,"Actual Rows": 6205,"Actual Loops": 5,"Sort Key": ["lineitem.l_shipmode"],"Sort Method": "quicksort","Sort Space Used": 622,"Sort Space Type": "Memory","Workers": [{"Worker Number": 0,"Sort Method": "quicksort","Sort Space Used": 634,"Sort Space Type": "Memory"},{"Worker Number": 1,"Sort Method": "quicksort","Sort Space Used": 638,"Sort Space Type": "Memory"},{"Worker Number": 2,"Sort Method": "quicksort","Sort Space Used": 645,"Sort Space Type": "Memory"},{"Worker Number": 3,"Sort Method": "quicksort","Sort Space Used": 604,"Sort Space Type": "Memory"}],"Plans": [{"Node Type": "Nested Loop","Parent Relationship": "Outer","Parallel Aware": false,"Async Capable": false,"Join Type": "Inner","Startup Cost": 0.43,"Total Cost": 172389.77,"Plan Rows": 7320,"Plan Width": 27,"Actual Startup Time": 0.440,"Actual Total Time": 388.466,"Actual Rows": 6205,"Actual Loops": 5,"Inner Unique": true,"Workers": [],"Plans": [{"Node Type": "Seq Scan","Parent Relationship": "Outer","Parallel Aware": true,"Async Capable": false,"Relation Name": "lineitem","Alias": "lineitem","Startup Cost": 0.00,"Total Cost": 146259.83,"Plan Rows": 7320,"Plan Width": 15,"Actual Startup Time": 0.320,"Actual Total Time": 352.902,"Actual Rows": 6205,"Actual Loops": 5,"Filter": "((l_shipmode = ANY ('{\"REG AIR\",FOB}'::bpchar[])) AND (l_commitdate < l_receiptdate) AND (l_shipdate < l_commitdate) AND (l_receiptdate >= '1993-01-01'::date) AND (l_receiptdate < '1994-01-01 00:00:00'::timestamp without time zone))","Rows Removed by Filter": 1194038,"Workers": []},{"Node Type": "Index Scan","Parent Relationship": "Inner","Parallel Aware": false,"Async Capable": false,"Scan Direction": "Forward","Index Name": "orders_pkey","Relation Name": "orders","Alias": "orders","Startup Cost": 0.43,"Total Cost": 3.57,"Plan Rows": 1,"Plan Width": 20,"Actual Startup Time": 0.005,"Actual Total Time": 0.005,"Actual Rows": 1,"Actual Loops": 31024,"Index Cond": "(o_orderkey = lineitem.l_orderkey)","Rows Removed by Index Recheck": 0,"Workers": []}]}]}]}]}]},"Planning Time": 5.325,"Triggers": [],"Execution Time": 434.127}]
[{"Plan": {"Node Type": "Aggregate","Strategy": "Sorted","Partial Mode": "Finalize","Parallel Aware": false,"Async Capable": false,"Startup Cost": 173428.22,"Total Cost": 173574.33,"Plan Rows": 7,"Plan Width": 27,"Actual Startup Time": 402.847,"Actual Total Time": 437.095,"Actual Rows": 2,"Actual Loops": 1,"Group Key": ["lineitem.l_shipmode"],"Plans": [{"Node Type": "Gather Merge","Parent Relationship": "Outer","Parallel Aware": false,"Async Capable": false,"Startup Cost": 173428.22,"Total Cost": 173574.05,"Plan Rows": 28,"Plan Width": 27,"Actual Startup Time": 402.013,"Actual Total Time": 437.052,"Actual Rows": 10,"Actual Loops": 1,"Workers Planned": 4,"Workers Launched": 4,"Plans": [{"Node Type": "Aggregate","Strategy": "Sorted","Partial Mode": "Partial","Parent Relationship": "Outer","Parallel Aware": false,"Async Capable": false,"Startup Cost": 172428.17,"Total Cost": 172570.66,"Plan Rows": 7,"Plan Width": 27,"Actual Startup Time": 393.425,"Actual Total Time": 394.159,"Actual Rows": 2,"Actual Loops": 5,"Group Key": ["lineitem.l_shipmode"],"Workers": [],"Plans": [{"Node Type": "Sort","Parent Relationship": "Outer","Parallel Aware": false,"Async Capable": false,"Startup Cost": 172428.17,"Total Cost": 172445.97,"Plan Rows": 7121,"Plan Width": 27,"Actual Startup Time": 392.675,"Actual Total Time": 392.921,"Actual Rows": 6210,"Actual Loops": 5,"Sort Key": ["lineitem.l_shipmode"],"Sort Method": "quicksort","Sort Space Used": 632,"Sort Space Type": "Memory","Workers": [{"Worker Number": 0,"Sort Method": "quicksort","Sort Space Used": 630,"Sort Space Type": "Memory"},{"Worker Number": 1,"Sort Method": "quicksort","Sort Space Used": 624,"Sort Space Type": "Memory"},{"Worker Number": 2,"Sort Method": "quicksort","Sort Space Used": 633,"Sort Space Type": "Memory"},{"Worker Number": 3,"Sort Method": "quicksort","Sort Space Used": 626,"Sort Space Type": "Memory"}],"Plans": [{"Node Type": "Nested Loop","Parent Relationship": "Outer","Parallel Aware": false,"Async Capable": false,"Join Type": "Inner","Startup Cost": 0.43,"Total Cost": 171972.50,"Plan Rows": 7121,"Plan Width": 27,"Actual Startup Time": 0.224,"Actual Total Time": 389.819,"Actual Rows": 6210,"Actual Loops": 5,"Inner Unique": true,"Workers": [],"Plans": [{"Node Type": "Seq Scan","Parent Relationship": "Outer","Parallel Aware": true,"Async Capable": false,"Relation Name": "lineitem","Alias": "lineitem","Startup Cost": 0.00,"Total Cost": 146259.83,"Plan Rows": 7121,"Plan Width": 15,"Actual Startup Time": 0.103,"Actual Total Time": 354.339,"Actual Rows": 6210,"Actual Loops": 5,"Filter": "((l_shipmode = ANY ('{RAIL,AIR}'::bpchar[])) AND (l_commitdate < l_receiptdate) AND (l_shipdate < l_commitdate) AND (l_receiptdate >= '1994-01-01'::date) AND (l_receiptdate < '1995-01-01 00:00:00'::timestamp without time zone))","Rows Removed by Filter": 1194033,"Workers": []},{"Node Type": "Index Scan","Parent Relationship": "Inner","Parallel Aware": false,"Async Capable": false,"Scan Direction": "Forward","Index Name": "orders_pkey","Relation Name": "orders","Alias": "orders","Startup Cost": 0.43,"Total Cost": 3.61,"Plan Rows": 1,"Plan Width": 20,"Actual Startup Time": 0.005,"Actual Total Time": 0.005,"Actual Rows": 1,"Actual Loops": 31049,"Index Cond": "(o_orderkey = lineitem.l_orderkey)","Rows Removed by Index Recheck": 0,"Workers": []}]}]}]}]}]},"Planning Time": 4.716,"Triggers": [],"Execution Time": 437.743}]
[{"Plan": {"Node Type": "Aggregate","Strategy": "Sorted","Partial Mode": "Finalize","Parallel Aware": false,"Async Capable": false,"Startup Cost": 174047.55,"Total Cost": 174199.38,"Plan Rows": 7,"Plan Width": 27,"Actual Startup Time": 397.980,"Actual Total Time": 432.253,"Actual Rows": 2,"Actual Loops": 1,"Group Key": ["lineitem.l_shipmode"],"Plans": [{"Node Type": "Gather Merge","Parent Relationship": "Outer","Parallel Aware": false,"Async Capable": false,"Startup Cost": 174047.55,"Total Cost": 174199.10,"Plan Rows": 28,"Plan Width": 27,"Actual Startup Time": 397.153,"Actual Total Time": 432.223,"Actual Rows": 10,"Actual Loops": 1,"Workers Planned": 4,"Workers Launched": 4,"Plans": [{"Node Type": "Aggregate","Strategy": "Sorted","Partial Mode": "Partial","Parent Relationship": "Outer","Parallel Aware": false,"Async Capable": false,"Startup Cost": 173047.49,"Total Cost": 173195.70,"Plan Rows": 7,"Plan Width": 27,"Actual Startup Time": 388.821,"Actual Total Time": 389.550,"Actual Rows": 2,"Actual Loops": 5,"Group Key": ["lineitem.l_shipmode"],"Workers": [],"Plans": [{"Node Type": "Sort","Parent Relationship": "Outer","Parallel Aware": false,"Async Capable": false,"Startup Cost": 173047.49,"Total Cost": 173066.01,"Plan Rows": 7407,"Plan Width": 27,"Actual Startup Time": 388.050,"Actual Total Time": 388.302,"Actual Rows": 6182,"Actual Loops": 5,"Sort Key": ["lineitem.l_shipmode"],"Sort Method": "quicksort","Sort Space Used": 642,"Sort Space Type": "Memory","Workers": [{"Worker Number": 0,"Sort Method": "quicksort","Sort Space Used": 614,"Sort Space Type": "Memory"},{"Worker Number": 1,"Sort Method": "quicksort","Sort Space Used": 626,"Sort Space Type": "Memory"},{"Worker Number": 2,"Sort Method": "quicksort","Sort Space Used": 612,"Sort Space Type": "Memory"},{"Worker Number": 3,"Sort Method": "quicksort","Sort Space Used": 642,"Sort Space Type": "Memory"}],"Plans": [{"Node Type": "Nested Loop","Parent Relationship": "Outer","Parallel Aware": false,"Async Capable": false,"Join Type": "Inner","Startup Cost": 0.43,"Total Cost": 172571.42,"Plan Rows": 7407,"Plan Width": 27,"Actual Startup Time": 0.315,"Actual Total Time": 385.266,"Actual Rows": 6182,"Actual Loops": 5,"Inner Unique": true,"Workers": [],"Plans": [{"Node Type": "Seq Scan","Parent Relationship": "Outer","Parallel Aware": true,"Async Capable": false,"Relation Name": "lineitem","Alias": "lineitem","Startup Cost": 0.00,"Total Cost": 146259.83,"Plan Rows": 7407,"Plan Width": 15,"Actual Startup Time": 0.195,"Actual Total Time": 351.170,"Actual Rows": 6182,"Actual Loops": 5,"Filter": "((l_shipmode = ANY ('{SHIP,MAIL}'::bpchar[])) AND (l_commitdate < l_receiptdate) AND (l_shipdate < l_commitdate) AND (l_receiptdate >= '1995-01-01'::date) AND (l_receiptdate < '1996-01-01 00:00:00'::timestamp without time zone))","Rows Removed by Filter": 1194061,"Workers": []},{"Node Type": "Index Scan","Parent Relationship": "Inner","Parallel Aware": false,"Async Capable": false,"Scan Direction": "Forward","Index Name": "orders_pkey","Relation Name": "orders","Alias": "orders","Startup Cost": 0.43,"Total Cost": 3.55,"Plan Rows": 1,"Plan Width": 20,"Actual Startup Time": 0.005,"Actual Total Time": 0.005,"Actual Rows": 1,"Actual Loops": 30911,"Index Cond": "(o_orderkey = lineitem.l_orderkey)","Rows Removed by Index Recheck": 0,"Workers": []}]}]}]}]}]},"Planning Time": 4.378,"Triggers": [],"Execution Time": 432.682}]
[{"Plan": {"Node Type": "Aggregate","Strategy": "Sorted","Partial Mode": "Finalize","Parallel Aware": false,"Async Capable": false,"Startup Cost": 173669.22,"Total Cost": 173817.54,"Plan Rows": 7,"Plan Width": 27,"Actual Startup Time": 394.433,"Actual Total Time": 427.274,"Actual Rows": 2,"Actual Loops": 1,"Group Key": ["lineitem.l_shipmode"],"Plans": [{"Node Type": "Gather Merge","Parent Relationship": "Outer","Parallel Aware": false,"Async Capable": false,"Startup Cost": 173669.22,"Total Cost": 173817.26,"Plan Rows": 28,"Plan Width": 27,"Actual Startup Time": 393.529,"Actual Total Time": 427.236,"Actual Rows": 10,"Actual Loops": 1,"Workers Planned": 4,"Workers Launched": 4,"Plans": [{"Node Type": "Aggregate","Strategy": "Sorted","Partial Mode": "Partial","Parent Relationship": "Outer","Parallel Aware": false,"Async Capable": false,"Startup Cost": 172669.16,"Total Cost": 172813.87,"Plan Rows": 7,"Plan Width": 27,"Actual Startup Time": 385.404,"Actual Total Time": 386.156,"Actual Rows": 2,"Actual Loops": 5,"Group Key": ["lineitem.l_shipmode"],"Workers": [],"Plans": [{"Node Type": "Sort","Parent Relationship": "Outer","Parallel Aware": false,"Async Capable": false,"Startup Cost": 172669.16,"Total Cost": 172687.24,"Plan Rows": 7232,"Plan Width": 27,"Actual Startup Time": 384.633,"Actual Total Time": 384.894,"Actual Rows": 6255,"Actual Loops": 5,"Sort Key": ["lineitem.l_shipmode"],"Sort Method": "quicksort","Sort Space Used": 637,"Sort Space Type": "Memory","Workers": [{"Worker Number": 0,"Sort Method": "quicksort","Sort Space Used": 636,"Sort Space Type": "Memory"},{"Worker Number": 1,"Sort Method": "quicksort","Sort Space Used": 624,"Sort Space Type": "Memory"},{"Worker Number": 2,"Sort Method": "quicksort","Sort Space Used": 632,"Sort Space Type": "Memory"},{"Worker Number": 3,"Sort Method": "quicksort","Sort Space Used": 632,"Sort Space Type": "Memory"}],"Plans": [{"Node Type": "Nested Loop","Parent Relationship": "Outer","Parallel Aware": false,"Async Capable": false,"Join Type": "Inner","Startup Cost": 0.43,"Total Cost": 172205.58,"Plan Rows": 7232,"Plan Width": 27,"Actual Startup Time": 0.199,"Actual Total Time": 381.823,"Actual Rows": 6255,"Actual Loops": 5,"Inner Unique": true,"Workers": [],"Plans": [{"Node Type": "Seq Scan","Parent Relationship": "Outer","Parallel Aware": true,"Async Capable": false,"Relation Name": "lineitem","Alias": "lineitem","Startup Cost": 0.00,"Total Cost": 146259.83,"Plan Rows": 7232,"Plan Width": 15,"Actual Startup Time": 0.093,"Actual Total Time": 347.285,"Actual Rows": 6255,"Actual Loops": 5,"Filter": "((l_shipmode = ANY ('{FOB,\"REG AIR\"}'::bpchar[])) AND (l_commitdate < l_receiptdate) AND (l_shipdate < l_commitdate) AND (l_receiptdate >= '1996-01-01'::date) AND (l_receiptdate < '1997-01-01 00:00:00'::timestamp without time zone))","Rows Removed by Filter": 1193988,"Workers": []},{"Node Type": "Index Scan","Parent Relationship": "Inner","Parallel Aware": false,"Async Capable": false,"Scan Direction": "Forward","Index Name": "orders_pkey","Relation Name": "orders","Alias": "orders","Startup Cost": 0.43,"Total Cost": 3.59,"Plan Rows": 1,"Plan Width": 20,"Actual Startup Time": 0.005,"Actual Total Time": 0.005,"Actual Rows": 1,"Actual Loops": 31274,"Index Cond": "(o_orderkey = lineitem.l_orderkey)","Rows Removed by Index Recheck": 0,"Workers": []}]}]}]}]}]},"Planning Time": 5.008,"Triggers": [],"Execution Time": 427.710}]
[{"Plan": {"Node Type": "Aggregate","Strategy": "Sorted","Partial Mode": "Finalize","Parallel Aware": false,"Async Capable": false,"Startup Cost": 174090.23,"Total Cost": 174242.45,"Plan Rows": 7,"Plan Width": 27,"Actual Startup Time": 397.941,"Actual Total Time": 432.824,"Actual Rows": 2,"Actual Loops": 1,"Group Key": ["lineitem.l_shipmode"],"Plans": [{"Node Type": "Gather Merge","Parent Relationship": "Outer","Parallel Aware": false,"Async Capable": false,"Startup Cost": 174090.23,"Total Cost": 174242.17,"Plan Rows": 28,"Plan Width": 27,"Actual Startup Time": 397.112,"Actual Total Time": 432.767,"Actual Rows": 10,"Actual Loops": 1,"Workers Planned": 4,"Workers Launched": 4,"Plans": [{"Node Type": "Aggregate","Strategy": "Sorted","Partial Mode": "Partial","Parent Relationship": "Outer","Parallel Aware": false,"Async Capable": false,"Startup Cost": 173090.17,"Total Cost": 173238.78,"Plan Rows": 7,"Plan Width": 27,"Actual Startup Time": 388.467,"Actual Total Time": 389.216,"Actual Rows": 2,"Actual Loops": 5,"Group Key": ["lineitem.l_shipmode"],"Workers": [],"Plans": [{"Node Type": "Sort","Parent Relationship": "Outer","Parallel Aware": false,"Async Capable": false,"Startup Cost": 173090.17,"Total Cost": 173108.74,"Plan Rows": 7427,"Plan Width": 27,"Actual Startup Time": 387.692,"Actual Total Time": 387.946,"Actual Rows": 6300,"Actual Loops": 5,"Sort Key": ["lineitem.l_shipmode"],"Sort Method": "quicksort","Sort Space Used": 641,"Sort Space Type": "Memory","Workers": [{"Worker Number": 0,"Sort Method": "quicksort","Sort Space Used": 634,"Sort Space Type": "Memory"},{"Worker Number": 1,"Sort Method": "quicksort","Sort Space Used": 640,"Sort Space Type": "Memory"},{"Worker Number": 2,"Sort Method": "quicksort","Sort Space Used": 628,"Sort Space Type": "Memory"},{"Worker Number": 3,"Sort Method": "quicksort","Sort Space Used": 634,"Sort Space Type": "Memory"}],"Plans": [{"Node Type": "Nested Loop","Parent Relationship": "Outer","Parallel Aware": false,"Async Capable": false,"Join Type": "Inner","Startup Cost": 0.43,"Total Cost": 172612.67,"Plan Rows": 7427,"Plan Width": 27,"Actual Startup Time": 0.321,"Actual Total Time": 384.715,"Actual Rows": 6300,"Actual Loops": 5,"Inner Unique": true,"Workers": [],"Plans": [{"Node Type": "Seq Scan","Parent Relationship": "Outer","Parallel Aware": true,"Async Capable": false,"Relation Name": "lineitem","Alias": "lineitem","Startup Cost": 0.00,"Total Cost": 146259.83,"Plan Rows": 7427,"Plan Width": 15,"Actual Startup Time": 0.185,"Actual Total Time": 349.161,"Actual Rows": 6300,"Actual Loops": 5,"Filter": "((l_shipmode = ANY ('{FOB,AIR}'::bpchar[])) AND (l_commitdate < l_receiptdate) AND (l_shipdate < l_commitdate) AND (l_receiptdate >= '1995-01-01'::date) AND (l_receiptdate < '1996-01-01 00:00:00'::timestamp without time zone))","Rows Removed by Filter": 1193943,"Workers": []},{"Node Type": "Index Scan","Parent Relationship": "Inner","Parallel Aware": false,"Async Capable": false,"Scan Direction": "Forward","Index Name": "orders_pkey","Relation Name": "orders","Alias": "orders","Startup Cost": 0.43,"Total Cost": 3.55,"Plan Rows": 1,"Plan Width": 20,"Actual Startup Time": 0.005,"Actual Total Time": 0.005,"Actual Rows": 1,"Actual Loops": 31499,"Index Cond": "(o_orderkey = lineitem.l_orderkey)","Rows Removed by Index Recheck": 0,"Workers": []}]}]}]}]}]},"Planning Time": 5.199,"Triggers": [],"Execution Time": 433.518}]
[{"Plan": {"Node Type": "Aggregate","Strategy": "Sorted","Partial Mode": "Finalize","Parallel Aware": false,"Async Capable": false,"Startup Cost": 173469.49,"Total Cost": 173615.98,"Plan Rows": 7,"Plan Width": 27,"Actual Startup Time": 398.076,"Actual Total Time": 431.063,"Actual Rows": 2,"Actual Loops": 1,"Group Key": ["lineitem.l_shipmode"],"Plans": [{"Node Type": "Gather Merge","Parent Relationship": "Outer","Parallel Aware": false,"Async Capable": false,"Startup Cost": 173469.49,"Total Cost": 173615.70,"Plan Rows": 28,"Plan Width": 27,"Actual Startup Time": 397.217,"Actual Total Time": 431.025,"Actual Rows": 10,"Actual Loops": 1,"Workers Planned": 4,"Workers Launched": 4,"Plans": [{"Node Type": "Aggregate","Strategy": "Sorted","Partial Mode": "Partial","Parent Relationship": "Outer","Parallel Aware": false,"Async Capable": false,"Startup Cost": 172469.43,"Total Cost": 172612.30,"Plan Rows": 7,"Plan Width": 27,"Actual Startup Time": 388.995,"Actual Total Time": 389.724,"Actual Rows": 2,"Actual Loops": 5,"Group Key": ["lineitem.l_shipmode"],"Workers": [],"Plans": [{"Node Type": "Sort","Parent Relationship": "Outer","Parallel Aware": false,"Async Capable": false,"Startup Cost": 172469.43,"Total Cost": 172487.28,"Plan Rows": 7140,"Plan Width": 27,"Actual Startup Time": 388.238,"Actual Total Time": 388.494,"Actual Rows": 6198,"Actual Loops": 5,"Sort Key": ["lineitem.l_shipmode"],"Sort Method": "quicksort","Sort Space Used": 635,"Sort Space Type": "Memory","Workers": [{"Worker Number": 0,"Sort Method": "quicksort","Sort Space Used": 620,"Sort Space Type": "Memory"},{"Worker Number": 1,"Sort Method": "quicksort","Sort Space Used": 633,"Sort Space Type": "Memory"},{"Worker Number": 2,"Sort Method": "quicksort","Sort Space Used": 628,"Sort Space Type": "Memory"},{"Worker Number": 3,"Sort Method": "quicksort","Sort Space Used": 625,"Sort Space Type": "Memory"}],"Plans": [{"Node Type": "Nested Loop","Parent Relationship": "Outer","Parallel Aware": false,"Async Capable": false,"Join Type": "Inner","Startup Cost": 0.43,"Total Cost": 172012.41,"Plan Rows": 7140,"Plan Width": 27,"Actual Startup Time": 0.232,"Actual Total Time": 385.334,"Actual Rows": 6198,"Actual Loops": 5,"Inner Unique": true,"Workers": [],"Plans": [{"Node Type": "Seq Scan","Parent Relationship": "Outer","Parallel Aware": true,"Async Capable": false,"Relation Name": "lineitem","Alias": "lineitem","Startup Cost": 0.00,"Total Cost": 146259.83,"Plan Rows": 7140,"Plan Width": 15,"Actual Startup Time": 0.114,"Actual Total Time": 351.249,"Actual Rows": 6198,"Actual Loops": 5,"Filter": "((l_shipmode = ANY ('{MAIL,SHIP}'::bpchar[])) AND (l_commitdate < l_receiptdate) AND (l_shipdate < l_commitdate) AND (l_receiptdate >= '1994-01-01'::date) AND (l_receiptdate < '1995-01-01 00:00:00'::timestamp without time zone))","Rows Removed by Filter": 1194045,"Workers": []},{"Node Type": "Index Scan","Parent Relationship": "Inner","Parallel Aware": false,"Async Capable": false,"Scan Direction": "Forward","Index Name": "orders_pkey","Relation Name": "orders","Alias": "orders","Startup Cost": 0.43,"Total Cost": 3.61,"Plan Rows": 1,"Plan Width": 20,"Actual Startup Time": 0.005,"Actual Total Time": 0.005,"Actual Rows": 1,"Actual Loops": 30988,"Index Cond": "(o_orderkey = lineitem.l_orderkey)","Rows Removed by Index Recheck": 0,"Workers": []}]}]}]}]}]},"Planning Time": 4.368,"Triggers": [],"Execution Time": 431.623}]
[{"Plan": {"Node Type": "Aggregate","Strategy": "Sorted","Partial Mode": "Finalize","Parallel Aware": false,"Async Capable": false,"Startup Cost": 173859.68,"Total Cost": 174009.77,"Plan Rows": 7,"Plan Width": 27,"Actual Startup Time": 401.165,"Actual Total Time": 433.629,"Actual Rows": 2,"Actual Loops": 1,"Group Key": ["lineitem.l_shipmode"],"Plans": [{"Node Type": "Gather Merge","Parent Relationship": "Outer","Parallel Aware": false,"Async Capable": false,"Startup Cost": 173859.68,"Total Cost": 174009.49,"Plan Rows": 28,"Plan Width": 27,"Actual Startup Time": 400.382,"Actual Total Time": 433.593,"Actual Rows": 10,"Actual Loops": 1,"Workers Planned": 4,"Workers Launched": 4,"Plans": [{"Node Type": "Aggregate","Strategy": "Sorted","Partial Mode": "Partial","Parent Relationship": "Outer","Parallel Aware": false,"Async Capable": false,"Startup Cost": 172859.63,"Total Cost": 173006.10,"Plan Rows": 7,"Plan Width": 27,"Actual Startup Time": 392.144,"Actual Total Time": 392.879,"Actual Rows": 2,"Actual Loops": 5,"Group Key": ["lineitem.l_shipmode"],"Workers": [],"Plans": [{"Node Type": "Sort","Parent Relationship": "Outer","Parallel Aware": false,"Async Capable": false,"Startup Cost": 172859.63,"Total Cost": 172877.93,"Plan Rows": 7320,"Plan Width": 27,"Actual Startup Time": 391.389,"Actual Total Time": 391.645,"Actual Rows": 6205,"Actual Loops": 5,"Sort Key": ["lineitem.l_shipmode"],"Sort Method": "quicksort","Sort Space Used": 622,"Sort Space Type": "Memory","Workers": [{"Worker Number": 0,"Sort Method": "quicksort","Sort Space Used": 634,"Sort Space Type": "Memory"},{"Worker Number": 1,"Sort Method": "quicksort","Sort Space Used": 638,"Sort Space Type": "Memory"},{"Worker Number": 2,"Sort Method": "quicksort","Sort Space Used": 645,"Sort Space Type": "Memory"},{"Worker Number": 3,"Sort Method": "quicksort","Sort Space Used": 604,"Sort Space Type": "Memory"}],"Plans": [{"Node Type": "Nested Loop","Parent Relationship": "Outer","Parallel Aware": false,"Async Capable": false,"Join Type": "Inner","Startup Cost": 0.43,"Total Cost": 172389.77,"Plan Rows": 7320,"Plan Width": 27,"Actual Startup Time": 0.440,"Actual Total Time": 388.466,"Actual Rows": 6205,"Actual Loops": 5,"Inner Unique": true,"Workers": [],"Plans": [{"Node Type": "Seq Scan","Parent Relationship": "Outer","Parallel Aware": true,"Async Capable": false,"Relation Name": "lineitem","Alias": "lineitem","Startup Cost": 0.00,"Total Cost": 146259.83,"Plan Rows": 7320,"Plan Width": 15,"Actual Startup Time": 0.320,"Actual Total Time": 352.902,"Actual Rows": 6205,"Actual Loops": 5,"Filter": "((l_shipmode = ANY ('{\"REG AIR\",FOB}'::bpchar[])) AND (l_commitdate < l_receiptdate) AND (l_shipdate < l_commitdate) AND (l_receiptdate >= '1993-01-01'::date) AND (l_receiptdate < '1994-01-01 00:00:00'::timestamp without time zone))","Rows Removed by Filter": 1194038,"Workers": []},{"Node Type": "Index Scan","Parent Relationship": "Inner","Parallel Aware": false,"Async Capable": false,"Scan Direction": "Forward","Index Name": "orders_pkey","Relation Name": "orders","Alias": "orders","Startup Cost": 0.43,"Total Cost": 3.57,"Plan Rows": 1,"Plan Width": 20,"Actual Startup Time": 0.005,"Actual Total Time": 0.005,"Actual Rows": 1,"Actual Loops": 31024,"Index Cond": "(o_orderkey = lineitem.l_orderkey)","Rows Removed by Index Recheck": 0,"Workers": []}]}]}]}]}]},"Planning Time": 5.325,"Triggers": [],"Execution Time": 434.127}]
[{"Plan": {"Node Type": "Aggregate","Strategy": "Sorted","Partial Mode": "Finalize","Parallel Aware": false,"Async Capable": false,"Startup Cost": 173511.10,"Total Cost": 173657.96,"Plan Rows": 7,"Plan Width": 27,"Actual Startup Time": 396.671,"Actual Total Time": 430.257,"Actual Rows": 2,"Actual Loops": 1,"Group Key": ["lineitem.l_shipmode"],"Plans": [{"Node Type": "Gather Merge","Parent Relationship": "Outer","Parallel Aware": false,"Async Capable": false,"Startup Cost": 173511.10,"Total Cost": 173657.68,"Plan Rows": 28,"Plan Width": 27,"Actual Startup Time": 395.837,"Actual Total Time": 430.228,"Actual Rows": 10,"Actual Loops": 1,"Workers Planned": 4,"Workers Launched": 4,"Plans": [{"Node Type": "Aggregate","Strategy": "Sorted","Partial Mode": "Partial","Parent Relationship": "Outer","Parallel Aware": false,"Async Capable": false,"Startup Cost": 172511.04,"Total Cost": 172654.29,"Plan Rows": 7,"Plan Width": 27,"Actual Startup Time": 387.680,"Actual Total Time": 388.422,"Actual Rows": 2,"Actual Loops": 5,"Group Key": ["lineitem.l_shipmode"],"Workers": [],"Plans": [{"Node Type": "Sort","Parent Relationship": "Outer","Parallel Aware": false,"Async Capable": false,"Startup Cost": 172511.04,"Total Cost": 172528.94,"Plan Rows": 7159,"Plan Width": 27,"Actual Startup Time": 386.921,"Actual Total Time": 387.169,"Actual Rows": 6233,"Actual Loops": 5,"Sort Key": ["lineitem.l_shipmode"],"Sort Method": "quicksort","Sort Space Used": 634,"Sort Space Type": "Memory","Workers": [{"Worker Number": 0,"Sort Method": "quicksort","Sort Space Used": 635,"Sort Space Type": "Memory"},{"Worker Number": 1,"Sort Method": "quicksort","Sort Space Used": 628,"Sort Space Type": "Memory"},{"Worker Number": 2,"Sort Method": "quicksort","Sort Space Used": 622,"Sort Space Type": "Memory"},{"Worker Number": 3,"Sort Method": "quicksort","Sort Space Used": 635,"Sort Space Type": "Memory"}],"Plans": [{"Node Type": "Nested Loop","Parent Relationship": "Outer","Parallel Aware": false,"Async Capable": false,"Join Type": "Inner","Startup Cost": 0.43,"Total Cost": 172052.66,"Plan Rows": 7159,"Plan Width": 27,"Actual Startup Time": 0.560,"Actual Total Time": 384.048,"Actual Rows": 6233,"Actual Loops": 5,"Inner Unique": true,"Workers": [],"Plans": [{"Node Type": "Seq Scan","Parent Relationship": "Outer","Parallel Aware": true,"Async Capable": false,"Relation Name": "lineitem","Alias": "lineitem","Startup Cost": 0.00,"Total Cost": 146259.83,"Plan Rows": 7159,"Plan Width": 15,"Actual Startup Time": 0.435,"Actual Total Time": 349.581,"Actual Rows": 6233,"Actual Loops": 5,"Filter": "((l_shipmode = ANY ('{AIR,SHIP}'::bpchar[])) AND (l_commitdate < l_receiptdate) AND (l_shipdate < l_commitdate) AND (l_receiptdate >= '1997-01-01'::date) AND (l_receiptdate < '1998-01-01 00:00:00'::timestamp without time zone))","Rows Removed by Filter": 1194010,"Workers": []},{"Node Type": "Index Scan","Parent Relationship": "Inner","Parallel Aware": false,"Async Capable": false,"Scan Direction": "Forward","Index Name": "orders_pkey","Relation Name": "orders","Alias": "orders","Startup Cost": 0.43,"Total Cost": 3.60,"Plan Rows": 1,"Plan Width": 20,"Actual Startup Time": 0.005,"Actual Total Time": 0.005,"Actual Rows": 1,"Actual Loops": 31165,"Index Cond": "(o_orderkey = lineitem.l_orderkey)","Rows Removed by Index Recheck": 0,"Workers": []}]}]}]}]}]},"Planning Time": 3.887,"Triggers": [],"Execution Time": 430.692}]
[{"Plan": {"Node Type": "Aggregate","Strategy": "Sorted","Partial Mode": "Finalize","Parallel Aware": false,"Async Capable": false,"Startup Cost": 174042.75,"Total Cost": 174194.55,"Plan Rows": 7,"Plan Width": 27,"Actual Startup Time": 397.056,"Actual Total Time": 430.349,"Actual Rows": 2,"Actual Loops": 1,"Group Key": ["lineitem.l_shipmode"],"Plans": [{"Node Type": "Gather Merge","Parent Relationship": "Outer","Parallel Aware": false,"Async Capable": false,"Startup Cost": 174042.75,"Total Cost": 174194.27,"Plan Rows": 28,"Plan Width": 27,"Actual Startup Time": 396.142,"Actual Total Time": 430.312,"Actual Rows": 10,"Actual Loops": 1,"Workers Planned": 4,"Workers Launched": 4,"Plans": [{"Node Type": "Aggregate","Strategy": "Sorted","Partial Mode": "Partial","Parent Relationship": "Outer","Parallel Aware": false,"Async Capable": false,"Startup Cost": 173042.69,"Total Cost": 173190.88,"Plan Rows": 7,"Plan Width": 27,"Actual Startup Time": 387.837,"Actual Total Time": 388.586,"Actual Rows": 2,"Actual Loops": 5,"Group Key": ["lineitem.l_shipmode"],"Workers": [],"Plans": [{"Node Type": "Sort","Parent Relationship": "Outer","Parallel Aware": false,"Async Capable": false,"Startup Cost": 173042.69,"Total Cost": 173061.20,"Plan Rows": 7406,"Plan Width": 27,"Actual Startup Time": 387.076,"Actual Total Time": 387.323,"Actual Rows": 6304,"Actual Loops": 5,"Sort Key": ["lineitem.l_shipmode"],"Sort Method": "quicksort","Sort Space Used": 628,"Sort Space Type": "Memory","Workers": [{"Worker Number": 0,"Sort Method": "quicksort","Sort Space Used": 638,"Sort Space Type": "Memory"},{"Worker Number": 1,"Sort Method": "quicksort","Sort Space Used": 632,"Sort Space Type": "Memory"},{"Worker Number": 2,"Sort Method": "quicksort","Sort Space Used": 650,"Sort Space Type": "Memory"},{"Worker Number": 3,"Sort Method": "quicksort","Sort Space Used": 630,"Sort Space Type": "Memory"}],"Plans": [{"Node Type": "Nested Loop","Parent Relationship": "Outer","Parallel Aware": false,"Async Capable": false,"Join Type": "Inner","Startup Cost": 0.43,"Total Cost": 172566.69,"Plan Rows": 7406,"Plan Width": 27,"Actual Startup Time": 0.338,"Actual Total Time": 384.147,"Actual Rows": 6304,"Actual Loops": 5,"Inner Unique": true,"Workers": [],"Plans": [{"Node Type": "Seq Scan","Parent Relationship": "Outer","Parallel Aware": true,"Async Capable": false,"Relation Name": "lineitem","Alias": "lineitem","Startup Cost": 0.00,"Total Cost": 146259.83,"Plan Rows": 7405,"Plan Width": 15,"Actual Startup Time": 0.211,"Actual Total Time": 349.680,"Actual Rows": 6304,"Actual Loops": 5,"Filter": "((l_shipmode = ANY ('{AIR,TRUCK}'::bpchar[])) AND (l_commitdate < l_receiptdate) AND (l_shipdate < l_commitdate) AND (l_receiptdate >= '1995-01-01'::date) AND (l_receiptdate < '1996-01-01 00:00:00'::timestamp without time zone))","Rows Removed by Filter": 1193939,"Workers": []},{"Node Type": "Index Scan","Parent Relationship": "Inner","Parallel Aware": false,"Async Capable": false,"Scan Direction": "Forward","Index Name": "orders_pkey","Relation Name": "orders","Alias": "orders","Startup Cost": 0.43,"Total Cost": 3.55,"Plan Rows": 1,"Plan Width": 20,"Actual Startup Time": 0.005,"Actual Total Time": 0.005,"Actual Rows": 1,"Actual Loops": 31519,"Index Cond": "(o_orderkey = lineitem.l_orderkey)","Rows Removed by Index Recheck": 0,"Workers": []}]}]}]}]}]},"Planning Time": 4.555,"Triggers": [],"Execution Time": 430.839}]
[{"Plan": {"Node Type": "Aggregate","Strategy": "Sorted","Partial Mode": "Finalize","Parallel Aware": false,"Async Capable": false,"Startup Cost": 173715.30,"Total Cost": 173864.04,"Plan Rows": 7,"Plan Width": 27,"Actual Startup Time": 414.685,"Actual Total Time": 447.775,"Actual Rows": 2,"Actual Loops": 1,"Group Key": ["lineitem.l_shipmode"],"Plans": [{"Node Type": "Gather Merge","Parent Relationship": "Outer","Parallel Aware": false,"Async Capable": false,"Startup Cost": 173715.30,"Total Cost": 173863.76,"Plan Rows": 28,"Plan Width": 27,"Actual Startup Time": 413.913,"Actual Total Time": 447.734,"Actual Rows": 10,"Actual Loops": 1,"Workers Planned": 4,"Workers Launched": 4,"Plans": [{"Node Type": "Aggregate","Strategy": "Sorted","Partial Mode": "Partial","Parent Relationship": "Outer","Parallel Aware": false,"Async Capable": false,"Startup Cost": 172715.24,"Total Cost": 172860.37,"Plan Rows": 7,"Plan Width": 27,"Actual Startup Time": 405.600,"Actual Total Time": 406.323,"Actual Rows": 2,"Actual Loops": 5,"Group Key": ["lineitem.l_shipmode"],"Workers": [],"Plans": [{"Node Type": "Sort","Parent Relationship": "Outer","Parallel Aware": false,"Async Capable": false,"Startup Cost": 172715.24,"Total Cost": 172733.37,"Plan Rows": 7253,"Plan Width": 27,"Actual Startup Time": 404.849,"Actual Total Time": 405.101,"Actual Rows": 6220,"Actual Loops": 5,"Sort Key": ["lineitem.l_shipmode"],"Sort Method": "quicksort","Sort Space Used": 614,"Sort Space Type": "Memory","Workers": [{"Worker Number": 0,"Sort Method": "quicksort","Sort Space Used": 638,"Sort Space Type": "Memory"},{"Worker Number": 1,"Sort Method": "quicksort","Sort Space Used": 642,"Sort Space Type": "Memory"},{"Worker Number": 2,"Sort Method": "quicksort","Sort Space Used": 645,"Sort Space Type": "Memory"},{"Worker Number": 3,"Sort Method": "quicksort","Sort Space Used": 611,"Sort Space Type": "Memory"}],"Plans": [{"Node Type": "Nested Loop","Parent Relationship": "Outer","Parallel Aware": false,"Async Capable": false,"Join Type": "Inner","Startup Cost": 0.43,"Total Cost": 172250.16,"Plan Rows": 7253,"Plan Width": 27,"Actual Startup Time": 0.461,"Actual Total Time": 401.909,"Actual Rows": 6220,"Actual Loops": 5,"Inner Unique": true,"Workers": [],"Plans": [{"Node Type": "Seq Scan","Parent Relationship": "Outer","Parallel Aware": true,"Async Capable": false,"Relation Name": "lineitem","Alias": "lineitem","Startup Cost": 0.00,"Total Cost": 146259.83,"Plan Rows": 7253,"Plan Width": 15,"Actual Startup Time": 0.362,"Actual Total Time": 365.175,"Actual Rows": 6220,"Actual Loops": 5,"Filter": "((l_shipmode = ANY ('{\"REG AIR\",AIR}'::bpchar[])) AND (l_commitdate < l_receiptdate) AND (l_shipdate < l_commitdate) AND (l_receiptdate >= '1993-01-01'::date) AND (l_receiptdate < '1994-01-01 00:00:00'::timestamp without time zone))","Rows Removed by Filter": 1194023,"Workers": []},{"Node Type": "Index Scan","Parent Relationship": "Inner","Parallel Aware": false,"Async Capable": false,"Scan Direction": "Forward","Index Name": "orders_pkey","Relation Name": "orders","Alias": "orders","Startup Cost": 0.43,"Total Cost": 3.58,"Plan Rows": 1,"Plan Width": 20,"Actual Startup Time": 0.006,"Actual Total Time": 0.006,"Actual Rows": 1,"Actual Loops": 31100,"Index Cond": "(o_orderkey = lineitem.l_orderkey)","Rows Removed by Index Recheck": 0,"Workers": []}]}]}]}]}]},"Planning Time": 5.615,"Triggers": [],"Execution Time": 448.541}]
[{"Plan": {"Node Type": "Aggregate","Strategy": "Sorted","Partial Mode": "Finalize","Parallel Aware": false,"Async Capable": false,"Startup Cost": 173588.01,"Total Cost": 173735.58,"Plan Rows": 7,"Plan Width": 27,"Actual Startup Time": 407.195,"Actual Total Time": 441.033,"Actual Rows": 2,"Actual Loops": 1,"Group Key": ["lineitem.l_shipmode"],"Plans": [{"Node Type": "Gather Merge","Parent Relationship": "Outer","Parallel Aware": false,"Async Capable": false,"Startup Cost": 173588.01,"Total Cost": 173735.30,"Plan Rows": 28,"Plan Width": 27,"Actual Startup Time": 406.382,"Actual Total Time": 440.991,"Actual Rows": 10,"Actual Loops": 1,"Workers Planned": 4,"Workers Launched": 4,"Plans": [{"Node Type": "Aggregate","Strategy": "Sorted","Partial Mode": "Partial","Parent Relationship": "Outer","Parallel Aware": false,"Async Capable": false,"Startup Cost": 172587.95,"Total Cost": 172731.90,"Plan Rows": 7,"Plan Width": 27,"Actual Startup Time": 397.236,"Actual Total Time": 398.009,"Actual Rows": 2,"Actual Loops": 5,"Group Key": ["lineitem.l_shipmode"],"Workers": [],"Plans": [{"Node Type": "Sort","Parent Relationship": "Outer","Parallel Aware": false,"Async Capable": false,"Startup Cost": 172587.95,"Total Cost": 172605.94,"Plan Rows": 7194,"Plan Width": 27,"Actual Startup Time": 396.464,"Actual Total Time": 396.746,"Actual Rows": 6236,"Actual Loops": 5,"Sort Key": ["lineitem.l_shipmode"],"Sort Method": "quicksort","Sort Space Used": 625,"Sort Space Type": "Memory","Workers": [{"Worker Number": 0,"Sort Method": "quicksort","Sort Space Used": 636,"Sort Space Type": "Memory"},{"Worker Number": 1,"Sort Method": "quicksort","Sort Space Used": 623,"Sort Space Type": "Memory"},{"Worker Number": 2,"Sort Method": "quicksort","Sort Space Used": 632,"Sort Space Type": "Memory"},{"Worker Number": 3,"Sort Method": "quicksort","Sort Space Used": 639,"Sort Space Type": "Memory"}],"Plans": [{"Node Type": "Nested Loop","Parent Relationship": "Outer","Parallel Aware": false,"Async Capable": false,"Join Type": "Inner","Startup Cost": 0.43,"Total Cost": 172127.08,"Plan Rows": 7194,"Plan Width": 27,"Actual Startup Time": 0.427,"Actual Total Time": 393.491,"Actual Rows": 6236,"Actual Loops": 5,"Inner Unique": true,"Workers": [],"Plans": [{"Node Type": "Seq Scan","Parent Relationship": "Outer","Parallel Aware": true,"Async Capable": false,"Relation Name": "lineitem","Alias": "lineitem","Startup Cost": 0.00,"Total Cost": 146259.83,"Plan Rows": 7194,"Plan Width": 15,"Actual Startup Time": 0.293,"Actual Total Time": 357.290,"Actual Rows": 6236,"Actual Loops": 5,"Filter": "((l_shipmode = ANY ('{\"REG AIR\",RAIL}'::bpchar[])) AND (l_commitdate < l_receiptdate) AND (l_shipdate < l_commitdate) AND (l_receiptdate >= '1996-01-01'::date) AND (l_receiptdate < '1997-01-01 00:00:00'::timestamp without time zone))","Rows Removed by Filter": 1194007,"Workers": []},{"Node Type": "Index Scan","Parent Relationship": "Inner","Parallel Aware": false,"Async Capable": false,"Scan Direction": "Forward","Index Name": "orders_pkey","Relation Name": "orders","Alias": "orders","Startup Cost": 0.43,"Total Cost": 3.60,"Plan Rows": 1,"Plan Width": 20,"Actual Startup Time": 0.005,"Actual Total Time": 0.005,"Actual Rows": 1,"Actual Loops": 31179,"Index Cond": "(o_orderkey = lineitem.l_orderkey)","Rows Removed by Index Recheck": 0,"Workers": []}]}]}]}]}]},"Planning Time": 5.509,"Triggers": [],"Execution Time": 441.490}]
[{"Plan": {"Node Type": "Aggregate","Strategy": "Sorted","Partial Mode": "Finalize","Parallel Aware": false,"Async Capable": false,"Startup Cost": 173814.86,"Total Cost": 173964.52,"Plan Rows": 7,"Plan Width": 27,"Actual Startup Time": 396.762,"Actual Total Time": 430.837,"Actual Rows": 2,"Actual Loops": 1,"Group Key": ["lineitem.l_shipmode"],"Plans": [{"Node Type": "Gather Merge","Parent Relationship": "Outer","Parallel Aware": false,"Async Capable": false,"Startup Cost": 173814.86,"Total Cost": 173964.24,"Plan Rows": 28,"Plan Width": 27,"Actual Startup Time": 395.970,"Actual Total Time": 430.778,"Actual Rows": 10,"Actual Loops": 1,"Workers Planned": 4,"Workers Launched": 4,"Plans": [{"Node Type": "Aggregate","Strategy": "Sorted","Partial Mode": "Partial","Parent Relationship": "Outer","Parallel Aware": false,"Async Capable": false,"Startup Cost": 172814.80,"Total Cost": 172960.85,"Plan Rows": 7,"Plan Width": 27,"Actual Startup Time": 387.361,"Actual Total Time": 388.078,"Actual Rows": 2,"Actual Loops": 5,"Group Key": ["lineitem.l_shipmode"],"Workers": [],"Plans": [{"Node Type": "Sort","Parent Relationship": "Outer","Parallel Aware": false,"Async Capable": false,"Startup Cost": 172814.80,"Total Cost": 172833.04,"Plan Rows": 7299,"Plan Width": 27,"Actual Startup Time": 386.609,"Actual Total Time": 386.854,"Actual Rows": 6170,"Actual Loops": 5,"Sort Key": ["lineitem.l_shipmode"],"Sort Method": "quicksort","Sort Space Used": 624,"Sort Space Type": "Memory","Workers": [{"Worker Number": 0,"Sort Method": "quicksort","Sort Space Used": 622,"Sort Space Type": "Memory"},{"Worker Number": 1,"Sort Method": "quicksort","Sort Space Used": 632,"Sort Space Type": "Memory"},{"Worker Number": 2,"Sort Method": "quicksort","Sort Space Used": 623,"Sort Space Type": "Memory"},{"Worker Number": 3,"Sort Method": "quicksort","Sort Space Used": 630,"Sort Space Type": "Memory"}],"Plans": [{"Node Type": "Nested Loop","Parent Relationship": "Outer","Parallel Aware": false,"Async Capable": false,"Join Type": "Inner","Startup Cost": 0.43,"Total Cost": 172346.44,"Plan Rows": 7299,"Plan Width": 27,"Actual Startup Time": 0.316,"Actual Total Time": 383.794,"Actual Rows": 6170,"Actual Loops": 5,"Inner Unique": true,"Workers": [],"Plans": [{"Node Type": "Seq Scan","Parent Relationship": "Outer","Parallel Aware": true,"Async Capable": false,"Relation Name": "lineitem","Alias": "lineitem","Startup Cost": 0.00,"Total Cost": 146259.83,"Plan Rows": 7299,"Plan Width": 15,"Actual Startup Time": 0.195,"Actual Total Time": 348.958,"Actual Rows": 6170,"Actual Loops": 5,"Filter": "((l_shipmode = ANY ('{\"REG AIR\",TRUCK}'::bpchar[])) AND (l_commitdate < l_receiptdate) AND (l_shipdate < l_commitdate) AND (l_receiptdate >= '1993-01-01'::date) AND (l_receiptdate < '1994-01-01 00:00:00'::timestamp without time zone))","Rows Removed by Filter": 1194073,"Workers": []},{"Node Type": "Index Scan","Parent Relationship": "Inner","Parallel Aware": false,"Async Capable": false,"Scan Direction": "Forward","Index Name": "orders_pkey","Relation Name": "orders","Alias": "orders","Startup Cost": 0.43,"Total Cost": 3.57,"Plan Rows": 1,"Plan Width": 20,"Actual Startup Time": 0.005,"Actual Total Time": 0.005,"Actual Rows": 1,"Actual Loops": 30849,"Index Cond": "(o_orderkey = lineitem.l_orderkey)","Rows Removed by Index Recheck": 0,"Workers": []}]}]}]}]}]},"Planning Time": 4.251,"Triggers": [],"Execution Time": 431.487}]
[{"Plan": {"Node Type": "Aggregate","Strategy": "Sorted","Partial Mode": "Finalize","Parallel Aware": false,"Async Capable": false,"Startup Cost": 173731.11,"Total Cost": 173879.99,"Plan Rows": 7,"Plan Width": 27,"Actual Startup Time": 399.070,"Actual Total Time": 431.512,"Actual Rows": 2,"Actual Loops": 1,"Group Key": ["lineitem.l_shipmode"],"Plans": [{"Node Type": "Gather Merge","Parent Relationship": "Outer","Parallel Aware": false,"Async Capable": false,"Startup Cost": 173731.11,"Total Cost": 173879.71,"Plan Rows": 28,"Plan Width": 27,"Actual Startup Time": 398.184,"Actual Total Time": 431.472,"Actual Rows": 10,"Actual Loops": 1,"Workers Planned": 4,"Workers Launched": 4,"Plans": [{"Node Type": "Aggregate","Strategy": "Sorted","Partial Mode": "Partial","Parent Relationship": "Outer","Parallel Aware": false,"Async Capable": false,"Startup Cost": 172731.05,"Total Cost": 172876.32,"Plan Rows": 7,"Plan Width": 27,"Actual Startup Time": 389.703,"Actual Total Time": 390.457,"Actual Rows": 2,"Actual Loops": 5,"Group Key": ["lineitem.l_shipmode"],"Workers": [],"Plans": [{"Node Type": "Sort","Parent Relationship": "Outer","Parallel Aware": false,"Async Capable": false,"Startup Cost": 172731.05,"Total Cost": 172749.20,"Plan Rows": 7260,"Plan Width": 27,"Actual Startup Time": 388.957,"Actual Total Time": 389.207,"Actual Rows": 6256,"Actual Loops": 5,"Sort Key": ["lineitem.l_shipmode"],"Sort Method": "quicksort","Sort Space Used": 639,"Sort Space Type": "Memory","Workers": [{"Worker Number": 0,"Sort Method": "quicksort","Sort Space Used": 634,"Sort Space Type": "Memory"},{"Worker Number": 1,"Sort Method": "quicksort","Sort Space Used": 638,"Sort Space Type": "Memory"},{"Worker Number": 2,"Sort Method": "quicksort","Sort Space Used": 629,"Sort Space Type": "Memory"},{"Worker Number": 3,"Sort Method": "quicksort","Sort Space Used": 622,"Sort Space Type": "Memory"}],"Plans": [{"Node Type": "Nested Loop","Parent Relationship": "Outer","Parallel Aware": false,"Async Capable": false,"Join Type": "Inner","Startup Cost": 0.43,"Total Cost": 172265.48,"Plan Rows": 7260,"Plan Width": 27,"Actual Startup Time": 0.488,"Actual Total Time": 386.084,"Actual Rows": 6256,"Actual Loops": 5,"Inner Unique": true,"Workers": [],"Plans": [{"Node Type": "Seq Scan","Parent Relationship": "Outer","Parallel Aware": true,"Async Capable": false,"Relation Name": "lineitem","Alias": "lineitem","Startup Cost": 0.00,"Total Cost": 146259.83,"Plan Rows": 7260,"Plan Width": 15,"Actual Startup Time": 0.360,"Actual Total Time": 351.587,"Actual Rows": 6256,"Actual Loops": 5,"Filter": "((l_shipmode = ANY ('{RAIL,FOB}'::bpchar[])) AND (l_commitdate < l_receiptdate) AND (l_shipdate < l_commitdate) AND (l_receiptdate >= '1997-01-01'::date) AND (l_receiptdate < '1998-01-01 00:00:00'::timestamp without time zone))","Rows Removed by Filter": 1193987,"Workers": []},{"Node Type": "Index Scan","Parent Relationship": "Inner","Parallel Aware": false,"Async Capable": false,"Scan Direction": "Forward","Index Name": "orders_pkey","Relation Name": "orders","Alias": "orders","Startup Cost": 0.43,"Total Cost": 3.58,"Plan Rows": 1,"Plan Width": 20,"Actual Startup Time": 0.005,"Actual Total Time": 0.005,"Actual Rows": 1,"Actual Loops": 31282,"Index Cond": "(o_orderkey = lineitem.l_orderkey)","Rows Removed by Index Recheck": 0,"Workers": []}]}]}]}]}]},"Planning Time": 4.681,"Triggers": [],"Execution Time": 432.001}]
[{"Plan": {"Node Type": "Aggregate","Strategy": "Sorted","Partial Mode": "Finalize","Parallel Aware": false,"Async Capable": false,"Startup Cost": 173583.35,"Total Cost": 173730.87,"Plan Rows": 7,"Plan Width": 27,"Actual Startup Time": 405.257,"Actual Total Time": 439.575,"Actual Rows": 2,"Actual Loops": 1,"Group Key": ["lineitem.l_shipmode"],"Plans": [{"Node Type": "Gather Merge","Parent Relationship": "Outer","Parallel Aware": false,"Async Capable": false,"Startup Cost": 173583.35,"Total Cost": 173730.59,"Plan Rows": 28,"Plan Width": 27,"Actual Startup Time": 404.428,"Actual Total Time": 439.541,"Actual Rows": 10,"Actual Loops": 1,"Workers Planned": 4,"Workers Launched": 4,"Plans": [{"Node Type": "Aggregate","Strategy": "Sorted","Partial Mode": "Partial","Parent Relationship": "Outer","Parallel Aware": false,"Async Capable": false,"Startup Cost": 172583.29,"Total Cost": 172727.20,"Plan Rows": 7,"Plan Width": 27,"Actual Startup Time": 395.542,"Actual Total Time": 396.308,"Actual Rows": 2,"Actual Loops": 5,"Group Key": ["lineitem.l_shipmode"],"Workers": [],"Plans": [{"Node Type": "Sort","Parent Relationship": "Outer","Parallel Aware": false,"Async Capable": false,"Startup Cost": 172583.29,"Total Cost": 172601.27,"Plan Rows": 7192,"Plan Width": 27,"Actual Startup Time": 394.796,"Actual Total Time": 395.048,"Actual Rows": 6189,"Actual Loops": 5,"Sort Key": ["lineitem.l_shipmode"],"Sort Method": "quicksort","Sort Space Used": 633,"Sort Space Type": "Memory","Workers": [{"Worker Number": 0,"Sort Method": "quicksort","Sort Space Used": 605,"Sort Space Type": "Memory"},{"Worker Number": 1,"Sort Method": "quicksort","Sort Space Used": 641,"Sort Space Type": "Memory"},{"Worker Number": 2,"Sort Method": "quicksort","Sort Space Used": 632,"Sort Space Type": "Memory"},{"Worker Number": 3,"Sort Method": "quicksort","Sort Space Used": 629,"Sort Space Type": "Memory"}],"Plans": [{"Node Type": "Nested Loop","Parent Relationship": "Outer","Parallel Aware": false,"Async Capable": false,"Join Type": "Inner","Startup Cost": 0.43,"Total Cost": 172122.57,"Plan Rows": 7192,"Plan Width": 27,"Actual Startup Time": 0.219,"Actual Total Time": 391.888,"Actual Rows": 6189,"Actual Loops": 5,"Inner Unique": true,"Workers": [],"Plans": [{"Node Type": "Seq Scan","Parent Relationship": "Outer","Parallel Aware": true,"Async Capable": false,"Relation Name": "lineitem","Alias": "lineitem","Startup Cost": 0.00,"Total Cost": 146259.83,"Plan Rows": 7192,"Plan Width": 15,"Actual Startup Time": 0.086,"Actual Total Time": 355.942,"Actual Rows": 6189,"Actual Loops": 5,"Filter": "((l_shipmode = ANY ('{TRUCK,MAIL}'::bpchar[])) AND (l_commitdate < l_receiptdate) AND (l_shipdate < l_commitdate) AND (l_receiptdate >= '1994-01-01'::date) AND (l_receiptdate < '1995-01-01 00:00:00'::timestamp without time zone))","Rows Removed by Filter": 1194054,"Workers": []},{"Node Type": "Index Scan","Parent Relationship": "Inner","Parallel Aware": false,"Async Capable": false,"Scan Direction": "Forward","Index Name": "orders_pkey","Relation Name": "orders","Alias": "orders","Startup Cost": 0.43,"Total Cost": 3.60,"Plan Rows": 1,"Plan Width": 20,"Actual Startup Time": 0.005,"Actual Total Time": 0.005,"Actual Rows": 1,"Actual Loops": 30947,"Index Cond": "(o_orderkey = lineitem.l_orderkey)","Rows Removed by Index Recheck": 0,"Workers": []}]}]}]}]}]},"Planning Time": 4.456,"Triggers": [],"Execution Time": 440.137}]
[{"Plan": {"Node Type": "Aggregate","Strategy": "Sorted","Partial Mode": "Finalize","Parallel Aware": false,"Async Capable": false,"Startup Cost": 173782.93,"Total Cost": 173932.29,"Plan Rows": 7,"Plan Width": 27,"Actual Startup Time": 402.677,"Actual Total Time": 436.614,"Actual Rows": 2,"Actual Loops": 1,"Group Key": ["lineitem.l_shipmode"],"Plans": [{"Node Type": "Gather Merge","Parent Relationship": "Outer","Parallel Aware": false,"Async Capable": false,"Startup Cost": 173782.93,"Total Cost": 173932.01,"Plan Rows": 28,"Plan Width": 27,"Actual Startup Time": 401.832,"Actual Total Time": 436.588,"Actual Rows": 10,"Actual Loops": 1,"Workers Planned": 4,"Workers Launched": 4,"Plans": [{"Node Type": "Aggregate","Strategy": "Sorted","Partial Mode": "Partial","Parent Relationship": "Outer","Parallel Aware": false,"Async Capable": false,"Startup Cost": 172782.87,"Total Cost": 172928.62,"Plan Rows": 7,"Plan Width": 27,"Actual Startup Time": 393.358,"Actual Total Time": 394.088,"Actual Rows": 2,"Actual Loops": 5,"Group Key": ["lineitem.l_shipmode"],"Workers": [],"Plans": [{"Node Type": "Sort","Parent Relationship": "Outer","Parallel Aware": false,"Async Capable": false,"Startup Cost": 172782.87,"Total Cost": 172801.08,"Plan Rows": 7284,"Plan Width": 27,"Actual Startup Time": 392.588,"Actual Total Time": 392.832,"Actual Rows": 6268,"Actual Loops": 5,"Sort Key": ["lineitem.l_shipmode"],"Sort Method": "quicksort","Sort Space Used": 643,"Sort Space Type": "Memory","Workers": [{"Worker Number": 0,"Sort Method": "quicksort","Sort Space Used": 630,"Sort Space Type": "Memory"},{"Worker Number": 1,"Sort Method": "quicksort","Sort Space Used": 609,"Sort Space Type": "Memory"},{"Worker Number": 2,"Sort Method": "quicksort","Sort Space Used": 646,"Sort Space Type": "Memory"},{"Worker Number": 3,"Sort Method": "quicksort","Sort Space Used": 639,"Sort Space Type": "Memory"}],"Plans": [{"Node Type": "Nested Loop","Parent Relationship": "Outer","Parallel Aware": false,"Async Capable": false,"Join Type": "Inner","Startup Cost": 0.43,"Total Cost": 172315.58,"Plan Rows": 7284,"Plan Width": 27,"Actual Startup Time": 0.234,"Actual Total Time": 389.684,"Actual Rows": 6268,"Actual Loops": 5,"Inner Unique": true,"Workers": [],"Plans": [{"Node Type": "Seq Scan","Parent Relationship": "Outer","Parallel Aware": true,"Async Capable": false,"Relation Name": "lineitem","Alias": "lineitem","Startup Cost": 0.00,"Total Cost": 146259.83,"Plan Rows": 7284,"Plan Width": 15,"Actual Startup Time": 0.116,"Actual Total Time": 353.751,"Actual Rows": 6268,"Actual Loops": 5,"Filter": "((l_shipmode = ANY ('{FOB,TRUCK}'::bpchar[])) AND (l_commitdate < l_receiptdate) AND (l_shipdate < l_commitdate) AND (l_receiptdate >= '1996-01-01'::date) AND (l_receiptdate < '1997-01-01 00:00:00'::timestamp without time zone))","Rows Removed by Filter": 1193975,"Workers": []},{"Node Type": "Index Scan","Parent Relationship": "Inner","Parallel Aware": false,"Async Capable": false,"Scan Direction": "Forward","Index Name": "orders_pkey","Relation Name": "orders","Alias": "orders","Startup Cost": 0.43,"Total Cost": 3.58,"Plan Rows": 1,"Plan Width": 20,"Actual Startup Time": 0.005,"Actual Total Time": 0.005,"Actual Rows": 1,"Actual Loops": 31338,"Index Cond": "(o_orderkey = lineitem.l_orderkey)","Rows Removed by Index Recheck": 0,"Workers": []}]}]}]}]}]},"Planning Time": 5.298,"Triggers": [],"Execution Time": 437.247}]
[{"Plan": {"Node Type": "Aggregate","Strategy": "Sorted","Partial Mode": "Finalize","Parallel Aware": false,"Async Capable": false,"Startup Cost": 173656.55,"Total Cost": 173804.76,"Plan Rows": 7,"Plan Width": 27,"Actual Startup Time": 406.696,"Actual Total Time": 440.785,"Actual Rows": 2,"Actual Loops": 1,"Group Key": ["lineitem.l_shipmode"],"Plans": [{"Node Type": "Gather Merge","Parent Relationship": "Outer","Parallel Aware": false,"Async Capable": false,"Startup Cost": 173656.55,"Total Cost": 173804.48,"Plan Rows": 28,"Plan Width": 27,"Actual Startup Time": 405.857,"Actual Total Time": 440.735,"Actual Rows": 10,"Actual Loops": 1,"Workers Planned": 4,"Workers Launched": 4,"Plans": [{"Node Type": "Aggregate","Strategy": "Sorted","Partial Mode": "Partial","Parent Relationship": "Outer","Parallel Aware": false,"Async Capable": false,"Startup Cost": 172656.49,"Total Cost": 172801.08,"Plan Rows": 7,"Plan Width": 27,"Actual Startup Time": 396.668,"Actual Total Time": 397.398,"Actual Rows": 2,"Actual Loops": 5,"Group Key": ["lineitem.l_shipmode"],"Workers": [],"Plans": [{"Node Type": "Sort","Parent Relationship": "Outer","Parallel Aware": false,"Async Capable": false,"Startup Cost": 172656.49,"Total Cost": 172674.56,"Plan Rows": 7226,"Plan Width": 27,"Actual Startup Time": 395.916,"Actual Total Time": 396.167,"Actual Rows": 6230,"Actual Loops": 5,"Sort Key": ["lineitem.l_shipmode"],"Sort Method": "quicksort","Sort Space Used": 631,"Sort Space Type": "Memory","Workers": [{"Worker Number": 0,"Sort Method": "quicksort","Sort Space Used": 632,"Sort Space Type": "Memory"},{"Worker Number": 1,"Sort Method": "quicksort","Sort Space Used": 638,"Sort Space Type": "Memory"},{"Worker Number": 2,"Sort Method": "quicksort","Sort Space Used": 638,"Sort Space Type": "Memory"},{"Worker Number": 3,"Sort Method": "quicksort","Sort Space Used": 613,"Sort Space Type": "Memory"}],"Plans": [{"Node Type": "Nested Loop","Parent Relationship": "Outer","Parallel Aware": false,"Async Capable": false,"Join Type": "Inner","Startup Cost": 0.43,"Total Cost": 172193.34,"Plan Rows": 7226,"Plan Width": 27,"Actual Startup Time": 0.260,"Actual Total Time": 392.972,"Actual Rows": 6230,"Actual Loops": 5,"Inner Unique": true,"Workers": [],"Plans": [{"Node Type": "Seq Scan","Parent Relationship": "Outer","Parallel Aware": true,"Async Capable": false,"Relation Name": "lineitem","Alias": "lineitem","Startup Cost": 0.00,"Total Cost": 146259.83,"Plan Rows": 7226,"Plan Width": 15,"Actual Startup Time": 0.132,"Actual Total Time": 356.922,"Actual Rows": 6230,"Actual Loops": 5,"Filter": "((l_shipmode = ANY ('{\"REG AIR\",FOB}'::bpchar[])) AND (l_commitdate < l_receiptdate) AND (l_shipdate < l_commitdate) AND (l_receiptdate >= '1997-01-01'::date) AND (l_receiptdate < '1998-01-01 00:00:00'::timestamp without time zone))","Rows Removed by Filter": 1194013,"Workers": []},{"Node Type": "Index Scan","Parent Relationship": "Inner","Parallel Aware": false,"Async Capable": false,"Scan Direction": "Forward","Index Name": "orders_pkey","Relation Name": "orders","Alias": "orders","Startup Cost": 0.43,"Total Cost": 3.59,"Plan Rows": 1,"Plan Width": 20,"Actual Startup Time": 0.005,"Actual Total Time": 0.005,"Actual Rows": 1,"Actual Loops": 31149,"Index Cond": "(o_orderkey = lineitem.l_orderkey)","Rows Removed by Index Recheck": 0,"Workers": []}]}]}]}]}]},"Planning Time": 5.430,"Triggers": [],"Execution Time": 441.465}]
[{"Plan": {"Node Type": "Aggregate","Strategy": "Sorted","Partial Mode": "Finalize","Parallel Aware": false,"Async Capable": false,"Startup Cost": 173585.00,"Total Cost": 173732.55,"Plan Rows": 7,"Plan Width": 27,"Actual Startup Time": 412.363,"Actual Total Time": 446.014,"Actual Rows": 2,"Actual Loops": 1,"Group Key": ["lineitem.l_shipmode"],"Plans": [{"Node Type": "Gather Merge","Parent Relationship": "Outer","Parallel Aware": false,"Async Capable": false,"Startup Cost": 173585.00,"Total Cost": 173732.27,"Plan Rows": 28,"Plan Width": 27,"Actual Startup Time": 411.480,"Actual Total Time": 445.972,"Actual Rows": 10,"Actual Loops": 1,"Workers Planned": 4,"Workers Launched": 4,"Plans": [{"Node Type": "Aggregate","Strategy": "Sorted","Partial Mode": "Partial","Parent Relationship": "Outer","Parallel Aware": false,"Async Capable": false,"Startup Cost": 172584.94,"Total Cost": 172728.87,"Plan Rows": 7,"Plan Width": 27,"Actual Startup Time": 402.925,"Actual Total Time": 403.669,"Actual Rows": 2,"Actual Loops": 5,"Group Key": ["lineitem.l_shipmode"],"Workers": [],"Plans": [{"Node Type": "Sort","Parent Relationship": "Outer","Parallel Aware": false,"Async Capable": false,"Startup Cost": 172584.94,"Total Cost": 172602.93,"Plan Rows": 7193,"Plan Width": 27,"Actual Startup Time": 402.177,"Actual Total Time": 402.417,"Actual Rows": 6252,"Actual Loops": 5,"Sort Key": ["lineitem.l_shipmode"],"Sort Method": "quicksort","Sort Space Used": 642,"Sort Space Type": "Memory","Workers": [{"Worker Number": 0,"Sort Method": "quicksort","Sort Space Used": 609,"Sort Space Type": "Memory"},{"Worker Number": 1,"Sort Method": "quicksort","Sort Space Used": 633,"Sort Space Type": "Memory"},{"Worker Number": 2,"Sort Method": "quicksort","Sort Space Used": 636,"Sort Space Type": "Memory"},{"Worker Number": 3,"Sort Method": "quicksort","Sort Space Used": 640,"Sort Space Type": "Memory"}],"Plans": [{"Node Type": "Nested Loop","Parent Relationship": "Outer","Parallel Aware": false,"Async Capable": false,"Join Type": "Inner","Startup Cost": 0.43,"Total Cost": 172124.15,"Plan Rows": 7193,"Plan Width": 27,"Actual Startup Time": 0.393,"Actual Total Time": 399.245,"Actual Rows": 6252,"Actual Loops": 5,"Inner Unique": true,"Workers": [],"Plans": [{"Node Type": "Seq Scan","Parent Relationship": "Outer","Parallel Aware": true,"Async Capable": false,"Relation Name": "lineitem","Alias": "lineitem","Startup Cost": 0.00,"Total Cost": 146259.83,"Plan Rows": 7193,"Plan Width": 15,"Actual Startup Time": 0.301,"Actual Total Time": 362.761,"Actual Rows": 6252,"Actual Loops": 5,"Filter": "((l_shipmode = ANY ('{AIR,RAIL}'::bpchar[])) AND (l_commitdate < l_receiptdate) AND (l_shipdate < l_commitdate) AND (l_receiptdate >= '1997-01-01'::date) AND (l_receiptdate < '1998-01-01 00:00:00'::timestamp without time zone))","Rows Removed by Filter": 1193991,"Workers": []},{"Node Type": "Index Scan","Parent Relationship": "Inner","Parallel Aware": false,"Async Capable": false,"Scan Direction": "Forward","Index Name": "orders_pkey","Relation Name": "orders","Alias": "orders","Startup Cost": 0.43,"Total Cost": 3.60,"Plan Rows": 1,"Plan Width": 20,"Actual Startup Time": 0.005,"Actual Total Time": 0.005,"Actual Rows": 1,"Actual Loops": 31258,"Index Cond": "(o_orderkey = lineitem.l_orderkey)","Rows Removed by Index Recheck": 0,"Workers": []}]}]}]}]}]},"Planning Time": 4.222,"Triggers": [],"Execution Time": 446.631}]
[{"Plan": {"Node Type": "Aggregate","Strategy": "Sorted","Partial Mode": "Finalize","Parallel Aware": false,"Async Capable": false,"Startup Cost": 173700.13,"Total Cost": 173848.74,"Plan Rows": 7,"Plan Width": 27,"Actual Startup Time": 396.351,"Actual Total Time": 430.582,"Actual Rows": 2,"Actual Loops": 1,"Group Key": ["lineitem.l_shipmode"],"Plans": [{"Node Type": "Gather Merge","Parent Relationship": "Outer","Parallel Aware": false,"Async Capable": false,"Startup Cost": 173700.13,"Total Cost": 173848.46,"Plan Rows": 28,"Plan Width": 27,"Actual Startup Time": 395.548,"Actual Total Time": 430.542,"Actual Rows": 10,"Actual Loops": 1,"Workers Planned": 4,"Workers Launched": 4,"Plans": [{"Node Type": "Aggregate","Strategy": "Sorted","Partial Mode": "Partial","Parent Relationship": "Outer","Parallel Aware": false,"Async Capable": false,"Startup Cost": 172700.07,"Total Cost": 172845.06,"Plan Rows": 7,"Plan Width": 27,"Actual Startup Time": 387.335,"Actual Total Time": 388.081,"Actual Rows": 2,"Actual Loops": 5,"Group Key": ["lineitem.l_shipmode"],"Workers": [],"Plans": [{"Node Type": "Sort","Parent Relationship": "Outer","Parallel Aware": false,"Async Capable": false,"Startup Cost": 172700.07,"Total Cost": 172718.19,"Plan Rows": 7246,"Plan Width": 27,"Actual Startup Time": 386.588,"Actual Total Time": 386.843,"Actual Rows": 6217,"Actual Loops": 5,"Sort Key": ["lineitem.l_shipmode"],"Sort Method": "quicksort","Sort Space Used": 640,"Sort Space Type": "Memory","Workers": [{"Worker Number": 0,"Sort Method": "quicksort","Sort Space Used": 622,"Sort Space Type": "Memory"},{"Worker Number": 1,"Sort Method": "quicksort","Sort Space Used": 630,"Sort Space Type": "Memory"},{"Worker Number": 2,"Sort Method": "quicksort","Sort Space Used": 634,"Sort Space Type": "Memory"},{"Worker Number": 3,"Sort Method": "quicksort","Sort Space Used": 622,"Sort Space Type": "Memory"}],"Plans": [{"Node Type": "Nested Loop","Parent Relationship": "Outer","Parallel Aware": false,"Async Capable": false,"Join Type": "Inner","Startup Cost": 0.43,"Total Cost": 172235.50,"Plan Rows": 7246,"Plan Width": 27,"Actual Startup Time": 0.339,"Actual Total Time": 383.711,"Actual Rows": 6217,"Actual Loops": 5,"Inner Unique": true,"Workers": [],"Plans": [{"Node Type": "Seq Scan","Parent Relationship": "Outer","Parallel Aware": true,"Async Capable": false,"Relation Name": "lineitem","Alias": "lineitem","Startup Cost": 0.00,"Total Cost": 146259.83,"Plan Rows": 7246,"Plan Width": 15,"Actual Startup Time": 0.226,"Actual Total Time": 348.234,"Actual Rows": 6217,"Actual Loops": 5,"Filter": "((l_shipmode = ANY ('{\"REG AIR\",SHIP}'::bpchar[])) AND (l_commitdate < l_receiptdate) AND (l_shipdate < l_commitdate) AND (l_receiptdate >= '1993-01-01'::date) AND (l_receiptdate < '1994-01-01 00:00:00'::timestamp without time zone))","Rows Removed by Filter": 1194026,"Workers": []},{"Node Type": "Index Scan","Parent Relationship": "Inner","Parallel Aware": false,"Async Capable": false,"Scan Direction": "Forward","Index Name": "orders_pkey","Relation Name": "orders","Alias": "orders","Startup Cost": 0.43,"Total Cost": 3.58,"Plan Rows": 1,"Plan Width": 20,"Actual Startup Time": 0.005,"Actual Total Time": 0.005,"Actual Rows": 1,"Actual Loops": 31083,"Index Cond": "(o_orderkey = lineitem.l_orderkey)","Rows Removed by Index Recheck": 0,"Workers": []}]}]}]}]}]},"Planning Time": 4.853,"Triggers": [],"Execution Time": 431.195}]
[{"Plan": {"Node Type": "Aggregate","Strategy": "Sorted","Partial Mode": "Finalize","Parallel Aware": false,"Async Capable": false,"Startup Cost": 173776.29,"Total Cost": 173925.59,"Plan Rows": 7,"Plan Width": 27,"Actual Startup Time": 400.983,"Actual Total Time": 435.263,"Actual Rows": 2,"Actual Loops": 1,"Group Key": ["lineitem.l_shipmode"],"Plans": [{"Node Type": "Gather Merge","Parent Relationship": "Outer","Parallel Aware": false,"Async Capable": false,"Startup Cost": 173776.29,"Total Cost": 173925.31,"Plan Rows": 28,"Plan Width": 27,"Actual Startup Time": 400.136,"Actual Total Time": 435.222,"Actual Rows": 10,"Actual Loops": 1,"Workers Planned": 4,"Workers Launched": 4,"Plans": [{"Node Type": "Aggregate","Strategy": "Sorted","Partial Mode": "Partial","Parent Relationship": "Outer","Parallel Aware": false,"Async Capable": false,"Startup Cost": 172776.23,"Total Cost": 172921.92,"Plan Rows": 7,"Plan Width": 27,"Actual Startup Time": 391.953,"Actual Total Time": 392.675,"Actual Rows": 2,"Actual Loops": 5,"Group Key": ["lineitem.l_shipmode"],"Workers": [],"Plans": [{"Node Type": "Sort","Parent Relationship": "Outer","Parallel Aware": false,"Async Capable": false,"Startup Cost": 172776.23,"Total Cost": 172794.43,"Plan Rows": 7281,"Plan Width": 27,"Actual Startup Time": 391.185,"Actual Total Time": 391.445,"Actual Rows": 6242,"Actual Loops": 5,"Sort Key": ["lineitem.l_shipmode"],"Sort Method": "quicksort","Sort Space Used": 639,"Sort Space Type": "Memory","Workers": [{"Worker Number": 0,"Sort Method": "quicksort","Sort Space Used": 635,"Sort Space Type": "Memory"},{"Worker Number": 1,"Sort Method": "quicksort","Sort Space Used": 624,"Sort Space Type": "Memory"},{"Worker Number": 2,"Sort Method": "quicksort","Sort Space Used": 632,"Sort Space Type": "Memory"},{"Worker Number": 3,"Sort Method": "quicksort","Sort Space Used": 627,"Sort Space Type": "Memory"}],"Plans": [{"Node Type": "Nested Loop","Parent Relationship": "Outer","Parallel Aware": false,"Async Capable": false,"Join Type": "Inner","Startup Cost": 0.43,"Total Cost": 172309.16,"Plan Rows": 7281,"Plan Width": 27,"Actual Startup Time": 0.505,"Actual Total Time": 388.328,"Actual Rows": 6242,"Actual Loops": 5,"Inner Unique": true,"Workers": [],"Plans": [{"Node Type": "Seq Scan","Parent Relationship": "Outer","Parallel Aware": true,"Async Capable": false,"Relation Name": "lineitem","Alias": "lineitem","Startup Cost": 0.00,"Total Cost": 146259.83,"Plan Rows": 7281,"Plan Width": 15,"Actual Startup Time": 0.377,"Actual Total Time": 352.896,"Actual Rows": 6242,"Actual Loops": 5,"Filter": "((l_shipmode = ANY ('{\"REG AIR\",RAIL}'::bpchar[])) AND (l_commitdate < l_receiptdate) AND (l_shipdate < l_commitdate) AND (l_receiptdate >= '1993-01-01'::date) AND (l_receiptdate < '1994-01-01 00:00:00'::timestamp without time zone))","Rows Removed by Filter": 1194001,"Workers": []},{"Node Type": "Index Scan","Parent Relationship": "Inner","Parallel Aware": false,"Async Capable": false,"Scan Direction": "Forward","Index Name": "orders_pkey","Relation Name": "orders","Alias": "orders","Startup Cost": 0.43,"Total Cost": 3.58,"Plan Rows": 1,"Plan Width": 20,"Actual Startup Time": 0.005,"Actual Total Time": 0.005,"Actual Rows": 1,"Actual Loops": 31209,"Index Cond": "(o_orderkey = lineitem.l_orderkey)","Rows Removed by Index Recheck": 0,"Workers": []}]}]}]}]}]},"Planning Time": 5.836,"Triggers": [],"Execution Time": 435.790}]
[{"Plan": {"Node Type": "Aggregate","Strategy": "Sorted","Partial Mode": "Finalize","Parallel Aware": false,"Async Capable": false,"Startup Cost": 173657.45,"Total Cost": 173805.66,"Plan Rows": 7,"Plan Width": 27,"Actual Startup Time": 408.493,"Actual Total Time": 443.002,"Actual Rows": 2,"Actual Loops": 1,"Group Key": ["lineitem.l_shipmode"],"Plans": [{"Node Type": "Gather Merge","Parent Relationship": "Outer","Parallel Aware": false,"Async Capable": false,"Startup Cost": 173657.45,"Total Cost": 173805.38,"Plan Rows": 28,"Plan Width": 27,"Actual Startup Time": 407.653,"Actual Total Time": 442.966,"Actual Rows": 10,"Actual Loops": 1,"Workers Planned": 4,"Workers Launched": 4,"Plans": [{"Node Type": "Aggregate","Strategy": "Sorted","Partial Mode": "Partial","Parent Relationship": "Outer","Parallel Aware": false,"Async Capable": false,"Startup Cost": 172657.40,"Total Cost": 172801.99,"Plan Rows": 7,"Plan Width": 27,"Actual Startup Time": 398.937,"Actual Total Time": 399.674,"Actual Rows": 2,"Actual Loops": 5,"Group Key": ["lineitem.l_shipmode"],"Workers": [],"Plans": [{"Node Type": "Sort","Parent Relationship": "Outer","Parallel Aware": false,"Async Capable": false,"Startup Cost": 172657.40,"Total Cost": 172675.46,"Plan Rows": 7226,"Plan Width": 27,"Actual Startup Time": 398.186,"Actual Total Time": 398.429,"Actual Rows": 6245,"Actual Loops": 5,"Sort Key": ["lineitem.l_shipmode"],"Sort Method": "quicksort","Sort Space Used": 638,"Sort Space Type": "Memory","Workers": [{"Worker Number": 0,"Sort Method": "quicksort","Sort Space Used": 636,"Sort Space Type": "Memory"},{"Worker Number": 1,"Sort Method": "quicksort","Sort Space Used": 639,"Sort Space Type": "Memory"},{"Worker Number": 2,"Sort Method": "quicksort","Sort Space Used": 609,"Sort Space Type": "Memory"},{"Worker Number": 3,"Sort Method": "quicksort","Sort Space Used": 637,"Sort Space Type": "Memory"}],"Plans": [{"Node Type": "Nested Loop","Parent Relationship": "Outer","Parallel Aware": false,"Async Capable": false,"Join Type": "Inner","Startup Cost": 0.43,"Total Cost": 172194.25,"Plan Rows": 7226,"Plan Width": 27,"Actual Startup Time": 0.300,"Actual Total Time": 395.283,"Actual Rows": 6245,"Actual Loops": 5,"Inner Unique": true,"Workers": [],"Plans": [{"Node Type": "Seq Scan","Parent Relationship": "Outer","Parallel Aware": true,"Async Capable": false,"Relation Name": "lineitem","Alias": "lineitem","Startup Cost": 0.00,"Total Cost": 146259.83,"Plan Rows": 7226,"Plan Width": 15,"Actual Startup Time": 0.167,"Actual Total Time": 359.190,"Actual Rows": 6245,"Actual Loops": 5,"Filter": "((l_shipmode = ANY ('{MAIL,AIR}'::bpchar[])) AND (l_commitdate < l_receiptdate) AND (l_shipdate < l_commitdate) AND (l_receiptdate >= '1996-01-01'::date) AND (l_receiptdate < '1997-01-01 00:00:00'::timestamp without time zone))","Rows Removed by Filter": 1193998,"Workers": []},{"Node Type": "Index Scan","Parent Relationship": "Inner","Parallel Aware": false,"Async Capable": false,"Scan Direction": "Forward","Index Name": "orders_pkey","Relation Name": "orders","Alias": "orders","Startup Cost": 0.43,"Total Cost": 3.59,"Plan Rows": 1,"Plan Width": 20,"Actual Startup Time": 0.005,"Actual Total Time": 0.005,"Actual Rows": 1,"Actual Loops": 31227,"Index Cond": "(o_orderkey = lineitem.l_orderkey)","Rows Removed by Index Recheck": 0,"Workers": []}]}]}]}]}]},"Planning Time": 4.210,"Triggers": [],"Execution Time": 443.455}]
[{"Plan": {"Node Type": "Aggregate","Strategy": "Sorted","Partial Mode": "Finalize","Parallel Aware": false,"Async Capable": false,"Startup Cost": 173698.06,"Total Cost": 173846.64,"Plan Rows": 7,"Plan Width": 27,"Actual Startup Time": 406.629,"Actual Total Time": 440.080,"Actual Rows": 2,"Actual Loops": 1,"Group Key": ["lineitem.l_shipmode"],"Plans": [{"Node Type": "Gather Merge","Parent Relationship": "Outer","Parallel Aware": false,"Async Capable": false,"Startup Cost": 173698.06,"Total Cost": 173846.36,"Plan Rows": 28,"Plan Width": 27,"Actual Startup Time": 405.789,"Actual Total Time": 440.034,"Actual Rows": 10,"Actual Loops": 1,"Workers Planned": 4,"Workers Launched": 4,"Plans": [{"Node Type": "Aggregate","Strategy": "Sorted","Partial Mode": "Partial","Parent Relationship": "Outer","Parallel Aware": false,"Async Capable": false,"Startup Cost": 172698.00,"Total Cost": 172842.97,"Plan Rows": 7,"Plan Width": 27,"Actual Startup Time": 397.240,"Actual Total Time": 397.970,"Actual Rows": 2,"Actual Loops": 5,"Group Key": ["lineitem.l_shipmode"],"Workers": [],"Plans": [{"Node Type": "Sort","Parent Relationship": "Outer","Parallel Aware": false,"Async Capable": false,"Startup Cost": 172698.00,"Total Cost": 172716.11,"Plan Rows": 7245,"Plan Width": 27,"Actual Startup Time": 396.488,"Actual Total Time": 396.736,"Actual Rows": 6249,"Actual Loops": 5,"Sort Key": ["lineitem.l_shipmode"],"Sort Method": "quicksort","Sort Space Used": 633,"Sort Space Type": "Memory","Workers": [{"Worker Number": 0,"Sort Method": "quicksort","Sort Space Used": 640,"Sort Space Type": "Memory"},{"Worker Number": 1,"Sort Method": "quicksort","Sort Space Used": 633,"Sort Space Type": "Memory"},{"Worker Number": 2,"Sort Method": "quicksort","Sort Space Used": 641,"Sort Space Type": "Memory"},{"Worker Number": 3,"Sort Method": "quicksort","Sort Space Used": 613,"Sort Space Type": "Memory"}],"Plans": [{"Node Type": "Nested Loop","Parent Relationship": "Outer","Parallel Aware": false,"Async Capable": false,"Join Type": "Inner","Startup Cost": 0.43,"Total Cost": 172233.50,"Plan Rows": 7245,"Plan Width": 27,"Actual Startup Time": 0.308,"Actual Total Time": 393.555,"Actual Rows": 6249,"Actual Loops": 5,"Inner Unique": true,"Workers": [],"Plans": [{"Node Type": "Seq Scan","Parent Relationship": "Outer","Parallel Aware": true,"Async Capable": false,"Relation Name": "lineitem","Alias": "lineitem","Startup Cost": 0.00,"Total Cost": 146259.83,"Plan Rows": 7245,"Plan Width": 15,"Actual Startup Time": 0.203,"Actual Total Time": 357.158,"Actual Rows": 6249,"Actual Loops": 5,"Filter": "((l_shipmode = ANY ('{RAIL,TRUCK}'::bpchar[])) AND (l_commitdate < l_receiptdate) AND (l_shipdate < l_commitdate) AND (l_receiptdate >= '1996-01-01'::date) AND (l_receiptdate < '1997-01-01 00:00:00'::timestamp without time zone))","Rows Removed by Filter": 1193994,"Workers": []},{"Node Type": "Index Scan","Parent Relationship": "Inner","Parallel Aware": false,"Async Capable": false,"Scan Direction": "Forward","Index Name": "orders_pkey","Relation Name": "orders","Alias": "orders","Startup Cost": 0.43,"Total Cost": 3.59,"Plan Rows": 1,"Plan Width": 20,"Actual Startup Time": 0.005,"Actual Total Time": 0.005,"Actual Rows": 1,"Actual Loops": 31243,"Index Cond": "(o_orderkey = lineitem.l_orderkey)","Rows Removed by Index Recheck": 0,"Workers": []}]}]}]}]}]},"Planning Time": 4.492,"Triggers": [],"Execution Time": 440.739}]
[{"Plan": {"Node Type": "Aggregate","Strategy": "Sorted","Partial Mode": "Finalize","Parallel Aware": false,"Async Capable": false,"Startup Cost": 173514.11,"Total Cost": 173661.00,"Plan Rows": 7,"Plan Width": 27,"Actual Startup Time": 395.765,"Actual Total Time": 429.313,"Actual Rows": 2,"Actual Loops": 1,"Group Key": ["lineitem.l_shipmode"],"Plans": [{"Node Type": "Gather Merge","Parent Relationship": "Outer","Parallel Aware": false,"Async Capable": false,"Startup Cost": 173514.11,"Total Cost": 173660.72,"Plan Rows": 28,"Plan Width": 27,"Actual Startup Time": 394.855,"Actual Total Time": 429.283,"Actual Rows": 10,"Actual Loops": 1,"Workers Planned": 4,"Workers Launched": 4,"Plans": [{"Node Type": "Aggregate","Strategy": "Sorted","Partial Mode": "Partial","Parent Relationship": "Outer","Parallel Aware": false,"Async Capable": false,"Startup Cost": 172514.05,"Total Cost": 172657.32,"Plan Rows": 7,"Plan Width": 27,"Actual Startup Time": 386.691,"Actual Total Time": 387.423,"Actual Rows": 2,"Actual Loops": 5,"Group Key": ["lineitem.l_shipmode"],"Workers": [],"Plans": [{"Node Type": "Sort","Parent Relationship": "Outer","Parallel Aware": false,"Async Capable": false,"Startup Cost": 172514.05,"Total Cost": 172531.95,"Plan Rows": 7160,"Plan Width": 27,"Actual Startup Time": 385.936,"Actual Total Time": 386.184,"Actual Rows": 6225,"Actual Loops": 5,"Sort Key": ["lineitem.l_shipmode"],"Sort Method": "quicksort","Sort Space Used": 644,"Sort Space Type": "Memory","Workers": [{"Worker Number": 0,"Sort Method": "quicksort","Sort Space Used": 623,"Sort Space Type": "Memory"},{"Worker Number": 1,"Sort Method": "quicksort","Sort Space Used": 627,"Sort Space Type": "Memory"},{"Worker Number": 2,"Sort Method": "quicksort","Sort Space Used": 626,"Sort Space Type": "Memory"},{"Worker Number": 3,"Sort Method": "quicksort","Sort Space Used": 631,"Sort Space Type": "Memory"}],"Plans": [{"Node Type": "Nested Loop","Parent Relationship": "Outer","Parallel Aware": false,"Async Capable": false,"Join Type": "Inner","Startup Cost": 0.43,"Total Cost": 172055.61,"Plan Rows": 7160,"Plan Width": 27,"Actual Startup Time": 0.328,"Actual Total Time": 383.043,"Actual Rows": 6225,"Actual Loops": 5,"Inner Unique": true,"Workers": [],"Plans": [{"Node Type": "Seq Scan","Parent Relationship": "Outer","Parallel Aware": true,"Async Capable": false,"Relation Name": "lineitem","Alias": "lineitem","Startup Cost": 0.00,"Total Cost": 146259.83,"Plan Rows": 7160,"Plan Width": 15,"Actual Startup Time": 0.208,"Actual Total Time": 348.867,"Actual Rows": 6225,"Actual Loops": 5,"Filter": "((l_shipmode = ANY ('{AIR,\"REG AIR\"}'::bpchar[])) AND (l_commitdate < l_receiptdate) AND (l_shipdate < l_commitdate) AND (l_receiptdate >= '1997-01-01'::date) AND (l_receiptdate < '1998-01-01 00:00:00'::timestamp without time zone))","Rows Removed by Filter": 1194018,"Workers": []},{"Node Type": "Index Scan","Parent Relationship": "Inner","Parallel Aware": false,"Async Capable": false,"Scan Direction": "Forward","Index Name": "orders_pkey","Relation Name": "orders","Alias": "orders","Startup Cost": 0.43,"Total Cost": 3.60,"Plan Rows": 1,"Plan Width": 20,"Actual Startup Time": 0.005,"Actual Total Time": 0.005,"Actual Rows": 1,"Actual Loops": 31125,"Index Cond": "(o_orderkey = lineitem.l_orderkey)","Rows Removed by Index Recheck": 0,"Workers": []}]}]}]}]}]},"Planning Time": 4.644,"Triggers": [],"Execution Time": 429.797}]
[{"Plan": {"Node Type": "Aggregate","Strategy": "Sorted","Partial Mode": "Finalize","Parallel Aware": false,"Async Capable": false,"Startup Cost": 173888.04,"Total Cost": 174038.38,"Plan Rows": 7,"Plan Width": 27,"Actual Startup Time": 402.837,"Actual Total Time": 435.996,"Actual Rows": 2,"Actual Loops": 1,"Group Key": ["lineitem.l_shipmode"],"Plans": [{"Node Type": "Gather Merge","Parent Relationship": "Outer","Parallel Aware": false,"Async Capable": false,"Startup Cost": 173888.04,"Total Cost": 174038.10,"Plan Rows": 28,"Plan Width": 27,"Actual Startup Time": 401.956,"Actual Total Time": 435.953,"Actual Rows": 10,"Actual Loops": 1,"Workers Planned": 4,"Workers Launched": 4,"Plans": [{"Node Type": "Aggregate","Strategy": "Sorted","Partial Mode": "Partial","Parent Relationship": "Outer","Parallel Aware": false,"Async Capable": false,"Startup Cost": 172887.98,"Total Cost": 173034.71,"Plan Rows": 7,"Plan Width": 27,"Actual Startup Time": 393.357,"Actual Total Time": 394.085,"Actual Rows": 2,"Actual Loops": 5,"Group Key": ["lineitem.l_shipmode"],"Workers": [],"Plans": [{"Node Type": "Sort","Parent Relationship": "Outer","Parallel Aware": false,"Async Capable": false,"Startup Cost": 172887.98,"Total Cost": 172906.31,"Plan Rows": 7333,"Plan Width": 27,"Actual Startup Time": 392.608,"Actual Total Time": 392.860,"Actual Rows": 6217,"Actual Loops": 5,"Sort Key": ["lineitem.l_shipmode"],"Sort Method": "quicksort","Sort Space Used": 634,"Sort Space Type": "Memory","Workers": [{"Worker Number": 0,"Sort Method": "quicksort","Sort Space Used": 635,"Sort Space Type": "Memory"},{"Worker Number": 1,"Sort Method": "quicksort","Sort Space Used": 630,"Sort Space Type": "Memory"},{"Worker Number": 2,"Sort Method": "quicksort","Sort Space Used": 631,"Sort Space Type": "Memory"},{"Worker Number": 3,"Sort Method": "quicksort","Sort Space Used": 618,"Sort Space Type": "Memory"}],"Plans": [{"Node Type": "Nested Loop","Parent Relationship": "Outer","Parallel Aware": false,"Async Capable": false,"Join Type": "Inner","Startup Cost": 0.43,"Total Cost": 172417.19,"Plan Rows": 7333,"Plan Width": 27,"Actual Startup Time": 0.224,"Actual Total Time": 389.615,"Actual Rows": 6217,"Actual Loops": 5,"Inner Unique": true,"Workers": [],"Plans": [{"Node Type": "Seq Scan","Parent Relationship": "Outer","Parallel Aware": true,"Async Capable": false,"Relation Name": "lineitem","Alias": "lineitem","Startup Cost": 0.00,"Total Cost": 146259.83,"Plan Rows": 7333,"Plan Width": 15,"Actual Startup Time": 0.120,"Actual Total Time": 353.673,"Actual Rows": 6217,"Actual Loops": 5,"Filter": "((l_shipmode = ANY ('{TRUCK,RAIL}'::bpchar[])) AND (l_commitdate < l_receiptdate) AND (l_shipdate < l_commitdate) AND (l_receiptdate >= '1993-01-01'::date) AND (l_receiptdate < '1994-01-01 00:00:00'::timestamp without time zone))","Rows Removed by Filter": 1194026,"Workers": []},{"Node Type": "Index Scan","Parent Relationship": "Inner","Parallel Aware": false,"Async Capable": false,"Scan Direction": "Forward","Index Name": "orders_pkey","Relation Name": "orders","Alias": "orders","Startup Cost": 0.43,"Total Cost": 3.57,"Plan Rows": 1,"Plan Width": 20,"Actual Startup Time": 0.005,"Actual Total Time": 0.005,"Actual Rows": 1,"Actual Loops": 31084,"Index Cond": "(o_orderkey = lineitem.l_orderkey)","Rows Removed by Index Recheck": 0,"Workers": []}]}]}]}]}]},"Planning Time": 4.427,"Triggers": [],"Execution Time": 436.617}]
[{"Plan": {"Node Type": "Aggregate","Strategy": "Sorted","Partial Mode": "Finalize","Parallel Aware": false,"Async Capable": false,"Startup Cost": 173828.04,"Total Cost": 173977.83,"Plan Rows": 7,"Plan Width": 27,"Actual Startup Time": 408.048,"Actual Total Time": 441.706,"Actual Rows": 2,"Actual Loops": 1,"Group Key": ["lineitem.l_shipmode"],"Plans": [{"Node Type": "Gather Merge","Parent Relationship": "Outer","Parallel Aware": false,"Async Capable": false,"Startup Cost": 173828.04,"Total Cost": 173977.55,"Plan Rows": 28,"Plan Width": 27,"Actual Startup Time": 407.198,"Actual Total Time": 441.665,"Actual Rows": 10,"Actual Loops": 1,"Workers Planned": 4,"Workers Launched": 4,"Plans": [{"Node Type": "Aggregate","Strategy": "Sorted","Partial Mode": "Partial","Parent Relationship": "Outer","Parallel Aware": false,"Async Capable": false,"Startup Cost": 172827.99,"Total Cost": 172974.16,"Plan Rows": 7,"Plan Width": 27,"Actual Startup Time": 398.186,"Actual Total Time": 398.921,"Actual Rows": 2,"Actual Loops": 5,"Group Key": ["lineitem.l_shipmode"],"Workers": [],"Plans": [{"Node Type": "Sort","Parent Relationship": "Outer","Parallel Aware": false,"Async Capable": false,"Startup Cost": 172827.99,"Total Cost": 172846.25,"Plan Rows": 7305,"Plan Width": 27,"Actual Startup Time": 397.412,"Actual Total Time": 397.674,"Actual Rows": 6195,"Actual Loops": 5,"Sort Key": ["lineitem.l_shipmode"],"Sort Method": "quicksort","Sort Space Used": 629,"Sort Space Type": "Memory","Workers": [{"Worker Number": 0,"Sort Method": "quicksort","Sort Space Used": 632,"Sort Space Type": "Memory"},{"Worker Number": 1,"Sort Method": "quicksort","Sort Space Used": 637,"Sort Space Type": "Memory"},{"Worker Number": 2,"Sort Method": "quicksort","Sort Space Used": 605,"Sort Space Type": "Memory"},{"Worker Number": 3,"Sort Method": "quicksort","Sort Space Used": 638,"Sort Space Type": "Memory"}],"Plans": [{"Node Type": "Nested Loop","Parent Relationship": "Outer","Parallel Aware": false,"Async Capable": false,"Join Type": "Inner","Startup Cost": 0.43,"Total Cost": 172359.20,"Plan Rows": 7305,"Plan Width": 27,"Actual Startup Time": 0.252,"Actual Total Time": 394.482,"Actual Rows": 6195,"Actual Loops": 5,"Inner Unique": true,"Workers": [],"Plans": [{"Node Type": "Seq Scan","Parent Relationship": "Outer","Parallel Aware": true,"Async Capable": false,"Relation Name": "lineitem","Alias": "lineitem","Startup Cost": 0.00,"Total Cost": 146259.83,"Plan Rows": 7305,"Plan Width": 15,"Actual Startup Time": 0.171,"Actual Total Time": 358.601,"Actual Rows": 6195,"Actual Loops": 5,"Filter": "((l_shipmode = ANY ('{TRUCK,AIR}'::bpchar[])) AND (l_commitdate < l_receiptdate) AND (l_shipdate < l_commitdate) AND (l_receiptdate >= '1993-01-01'::date) AND (l_receiptdate < '1994-01-01 00:00:00'::timestamp without time zone))","Rows Removed by Filter": 1194048,"Workers": []},{"Node Type": "Index Scan","Parent Relationship": "Inner","Parallel Aware": false,"Async Capable": false,"Scan Direction": "Forward","Index Name": "orders_pkey","Relation Name": "orders","Alias": "orders","Startup Cost": 0.43,"Total Cost": 3.57,"Plan Rows": 1,"Plan Width": 20,"Actual Startup Time": 0.005,"Actual Total Time": 0.005,"Actual Rows": 1,"Actual Loops": 30975,"Index Cond": "(o_orderkey = lineitem.l_orderkey)","Rows Removed by Index Recheck": 0,"Workers": []}]}]}]}]}]},"Planning Time": 3.871,"Triggers": [],"Execution Time": 442.405}]
[{"Plan": {"Node Type": "Aggregate","Strategy": "Sorted","Partial Mode": "Finalize","Parallel Aware": false,"Async Capable": false,"Startup Cost": 173682.63,"Total Cost": 173831.08,"Plan Rows": 7,"Plan Width": 27,"Actual Startup Time": 398.045,"Actual Total Time": 432.448,"Actual Rows": 2,"Actual Loops": 1,"Group Key": ["lineitem.l_shipmode"],"Plans": [{"Node Type": "Gather Merge","Parent Relationship": "Outer","Parallel Aware": false,"Async Capable": false,"Startup Cost": 173682.63,"Total Cost": 173830.80,"Plan Rows": 28,"Plan Width": 27,"Actual Startup Time": 397.239,"Actual Total Time": 432.415,"Actual Rows": 10,"Actual Loops": 1,"Workers Planned": 4,"Workers Launched": 4,"Plans": [{"Node Type": "Aggregate","Strategy": "Sorted","Partial Mode": "Partial","Parent Relationship": "Outer","Parallel Aware": false,"Async Capable": false,"Startup Cost": 172682.58,"Total Cost": 172827.41,"Plan Rows": 7,"Plan Width": 27,"Actual Startup Time": 389.082,"Actual Total Time": 389.822,"Actual Rows": 2,"Actual Loops": 5,"Group Key": ["lineitem.l_shipmode"],"Workers": [],"Plans": [{"Node Type": "Sort","Parent Relationship": "Outer","Parallel Aware": false,"Async Capable": false,"Startup Cost": 172682.58,"Total Cost": 172700.67,"Plan Rows": 7238,"Plan Width": 27,"Actual Startup Time": 388.318,"Actual Total Time": 388.575,"Actual Rows": 6260,"Actual Loops": 5,"Sort Key": ["lineitem.l_shipmode"],"Sort Method": "quicksort","Sort Space Used": 631,"Sort Space Type": "Memory","Workers": [{"Worker Number": 0,"Sort Method": "quicksort","Sort Space Used": 637,"Sort Space Type": "Memory"},{"Worker Number": 1,"Sort Method": "quicksort","Sort Space Used": 637,"Sort Space Type": "Memory"},{"Worker Number": 2,"Sort Method": "quicksort","Sort Space Used": 631,"Sort Space Type": "Memory"},{"Worker Number": 3,"Sort Method": "quicksort","Sort Space Used": 627,"Sort Space Type": "Memory"}],"Plans": [{"Node Type": "Nested Loop","Parent Relationship": "Outer","Parallel Aware": false,"Async Capable": false,"Join Type": "Inner","Startup Cost": 0.43,"Total Cost": 172218.57,"Plan Rows": 7238,"Plan Width": 27,"Actual Startup Time": 0.200,"Actual Total Time": 385.446,"Actual Rows": 6260,"Actual Loops": 5,"Inner Unique": true,"Workers": [],"Plans": [{"Node Type": "Seq Scan","Parent Relationship": "Outer","Parallel Aware": true,"Async Capable": false,"Relation Name": "lineitem","Alias": "lineitem","Startup Cost": 0.00,"Total Cost": 146259.83,"Plan Rows": 7238,"Plan Width": 15,"Actual Startup Time": 0.084,"Actual Total Time": 350.122,"Actual Rows": 6260,"Actual Loops": 5,"Filter": "((l_shipmode = ANY ('{AIR,FOB}'::bpchar[])) AND (l_commitdate < l_receiptdate) AND (l_shipdate < l_commitdate) AND (l_receiptdate >= '1996-01-01'::date) AND (l_receiptdate < '1997-01-01 00:00:00'::timestamp without time zone))","Rows Removed by Filter": 1193983,"Workers": []},{"Node Type": "Index Scan","Parent Relationship": "Inner","Parallel Aware": false,"Async Capable": false,"Scan Direction": "Forward","Index Name": "orders_pkey","Relation Name": "orders","Alias": "orders","Startup Cost": 0.43,"Total Cost": 3.59,"Plan Rows": 1,"Plan Width": 20,"Actual Startup Time": 0.005,"Actual Total Time": 0.005,"Actual Rows": 1,"Actual Loops": 31301,"Index Cond": "(o_orderkey = lineitem.l_orderkey)","Rows Removed by Index Recheck": 0,"Workers": []}]}]}]}]}]},"Planning Time": 5.342,"Triggers": [],"Execution Time": 433.052}]
[{"Plan": {"Node Type": "Aggregate","Strategy": "Sorted","Partial Mode": "Finalize","Parallel Aware": false,"Async Capable": false,"Startup Cost": 173936.43,"Total Cost": 174087.20,"Plan Rows": 7,"Plan Width": 27,"Actual Startup Time": 411.700,"Actual Total Time": 445.534,"Actual Rows": 2,"Actual Loops": 1,"Group Key": ["lineitem.l_shipmode"],"Plans": [{"Node Type": "Gather Merge","Parent Relationship": "Outer","Parallel Aware": false,"Async Capable": false,"Startup Cost": 173936.43,"Total Cost": 174086.92,"Plan Rows": 28,"Plan Width": 27,"Actual Startup Time": 410.827,"Actual Total Time": 445.495,"Actual Rows": 10,"Actual Loops": 1,"Workers Planned": 4,"Workers Launched": 4,"Plans": [{"Node Type": "Aggregate","Strategy": "Sorted","Partial Mode": "Partial","Parent Relationship": "Outer","Parallel Aware": false,"Async Capable": false,"Startup Cost": 172936.38,"Total Cost": 173083.53,"Plan Rows": 7,"Plan Width": 27,"Actual Startup Time": 402.060,"Actual Total Time": 402.825,"Actual Rows": 2,"Actual Loops": 5,"Group Key": ["lineitem.l_shipmode"],"Workers": [],"Plans": [{"Node Type": "Sort","Parent Relationship": "Outer","Parallel Aware": false,"Async Capable": false,"Startup Cost": 172936.38,"Total Cost": 172954.76,"Plan Rows": 7354,"Plan Width": 27,"Actual Startup Time": 401.304,"Actual Total Time": 401.563,"Actual Rows": 6252,"Actual Loops": 5,"Sort Key": ["lineitem.l_shipmode"],"Sort Method": "quicksort","Sort Space Used": 633,"Sort Space Type": "Memory","Workers": [{"Worker Number": 0,"Sort Method": "quicksort","Sort Space Used": 630,"Sort Space Type": "Memory"},{"Worker Number": 1,"Sort Method": "quicksort","Sort Space Used": 646,"Sort Space Type": "Memory"},{"Worker Number": 2,"Sort Method": "quicksort","Sort Space Used": 635,"Sort Space Type": "Memory"},{"Worker Number": 3,"Sort Method": "quicksort","Sort Space Used": 617,"Sort Space Type": "Memory"}],"Plans": [{"Node Type": "Nested Loop","Parent Relationship": "Outer","Parallel Aware": false,"Async Capable": false,"Join Type": "Inner","Startup Cost": 0.43,"Total Cost": 172464.09,"Plan Rows": 7354,"Plan Width": 27,"Actual Startup Time": 0.393,"Actual Total Time": 398.349,"Actual Rows": 6252,"Actual Loops": 5,"Inner Unique": true,"Workers": [],"Plans": [{"Node Type": "Seq Scan","Parent Relationship": "Outer","Parallel Aware": true,"Async Capable": false,"Relation Name": "lineitem","Alias": "lineitem","Startup Cost": 0.00,"Total Cost": 146259.83,"Plan Rows": 7355,"Plan Width": 15,"Actual Startup Time": 0.258,"Actual Total Time": 362.304,"Actual Rows": 6252,"Actual Loops": 5,"Filter": "((l_shipmode = ANY ('{RAIL,FOB}'::bpchar[])) AND (l_commitdate < l_receiptdate) AND (l_shipdate < l_commitdate) AND (l_receiptdate >= '1993-01-01'::date) AND (l_receiptdate < '1994-01-01 00:00:00'::timestamp without time zone))","Rows Removed by Filter": 1193991,"Workers": []},{"Node Type": "Index Scan","Parent Relationship": "Inner","Parallel Aware": false,"Async Capable": false,"Scan Direction": "Forward","Index Name": "orders_pkey","Relation Name": "orders","Alias": "orders","Startup Cost": 0.43,"Total Cost": 3.56,"Plan Rows": 1,"Plan Width": 20,"Actual Startup Time": 0.005,"Actual Total Time": 0.005,"Actual Rows": 1,"Actual Loops": 31259,"Index Cond": "(o_orderkey = lineitem.l_orderkey)","Rows Removed by Index Recheck": 0,"Workers": []}]}]}]}]}]},"Planning Time": 5.108,"Triggers": [],"Execution Time": 446.087}]
[{"Plan": {"Node Type": "Aggregate","Strategy": "Sorted","Partial Mode": "Finalize","Parallel Aware": false,"Async Capable": false,"Startup Cost": 173625.17,"Total Cost": 173773.06,"Plan Rows": 7,"Plan Width": 27,"Actual Startup Time": 403.303,"Actual Total Time": 437.802,"Actual Rows": 2,"Actual Loops": 1,"Group Key": ["lineitem.l_shipmode"],"Plans": [{"Node Type": "Gather Merge","Parent Relationship": "Outer","Parallel Aware": false,"Async Capable": false,"Startup Cost": 173625.17,"Total Cost": 173772.78,"Plan Rows": 28,"Plan Width": 27,"Actual Startup Time": 402.473,"Actual Total Time": 437.766,"Actual Rows": 10,"Actual Loops": 1,"Workers Planned": 4,"Workers Launched": 4,"Plans": [{"Node Type": "Aggregate","Strategy": "Sorted","Partial Mode": "Partial","Parent Relationship": "Outer","Parallel Aware": false,"Async Capable": false,"Startup Cost": 172625.11,"Total Cost": 172769.38,"Plan Rows": 7,"Plan Width": 27,"Actual Startup Time": 395.014,"Actual Total Time": 395.759,"Actual Rows": 2,"Actual Loops": 5,"Group Key": ["lineitem.l_shipmode"],"Workers": [],"Plans": [{"Node Type": "Sort","Parent Relationship": "Outer","Parallel Aware": false,"Async Capable": false,"Startup Cost": 172625.11,"Total Cost": 172643.14,"Plan Rows": 7210,"Plan Width": 27,"Actual Startup Time": 394.248,"Actual Total Time": 394.502,"Actual Rows": 6267,"Actual Loops": 5,"Sort Key": ["lineitem.l_shipmode"],"Sort Method": "quicksort","Sort Space Used": 629,"Sort Space Type": "Memory","Workers": [{"Worker Number": 0,"Sort Method": "quicksort","Sort Space Used": 628,"Sort Space Type": "Memory"},{"Worker Number": 1,"Sort Method": "quicksort","Sort Space Used": 640,"Sort Space Type": "Memory"},{"Worker Number": 2,"Sort Method": "quicksort","Sort Space Used": 651,"Sort Space Type": "Memory"},{"Worker Number": 3,"Sort Method": "quicksort","Sort Space Used": 618,"Sort Space Type": "Memory"}],"Plans": [{"Node Type": "Nested Loop","Parent Relationship": "Outer","Parallel Aware": false,"Async Capable": false,"Join Type": "Inner","Startup Cost": 0.43,"Total Cost": 172163.11,"Plan Rows": 7210,"Plan Width": 27,"Actual Startup Time": 0.328,"Actual Total Time": 391.399,"Actual Rows": 6267,"Actual Loops": 5,"Inner Unique": true,"Workers": [],"Plans": [{"Node Type": "Seq Scan","Parent Relationship": "Outer","Parallel Aware": true,"Async Capable": false,"Relation Name": "lineitem","Alias": "lineitem","Startup Cost": 0.00,"Total Cost": 146259.83,"Plan Rows": 7211,"Plan Width": 15,"Actual Startup Time": 0.230,"Actual Total Time": 355.358,"Actual Rows": 6267,"Actual Loops": 5,"Filter": "((l_shipmode = ANY ('{SHIP,TRUCK}'::bpchar[])) AND (l_commitdate < l_receiptdate) AND (l_shipdate < l_commitdate) AND (l_receiptdate >= '1996-01-01'::date) AND (l_receiptdate < '1997-01-01 00:00:00'::timestamp without time zone))","Rows Removed by Filter": 1193976,"Workers": []},{"Node Type": "Index Scan","Parent Relationship": "Inner","Parallel Aware": false,"Async Capable": false,"Scan Direction": "Forward","Index Name": "orders_pkey","Relation Name": "orders","Alias": "orders","Startup Cost": 0.43,"Total Cost": 3.59,"Plan Rows": 1,"Plan Width": 20,"Actual Startup Time": 0.005,"Actual Total Time": 0.005,"Actual Rows": 1,"Actual Loops": 31337,"Index Cond": "(o_orderkey = lineitem.l_orderkey)","Rows Removed by Index Recheck": 0,"Workers": []}]}]}]}]}]},"Planning Time": 4.275,"Triggers": [],"Execution Time": 438.324}]
[{"Plan": {"Node Type": "Aggregate","Strategy": "Sorted","Partial Mode": "Finalize","Parallel Aware": false,"Async Capable": false,"Startup Cost": 173511.10,"Total Cost": 173657.96,"Plan Rows": 7,"Plan Width": 27,"Actual Startup Time": 396.671,"Actual Total Time": 430.257,"Actual Rows": 2,"Actual Loops": 1,"Group Key": ["lineitem.l_shipmode"],"Plans": [{"Node Type": "Gather Merge","Parent Relationship": "Outer","Parallel Aware": false,"Async Capable": false,"Startup Cost": 173511.10,"Total Cost": 173657.68,"Plan Rows": 28,"Plan Width": 27,"Actual Startup Time": 395.837,"Actual Total Time": 430.228,"Actual Rows": 10,"Actual Loops": 1,"Workers Planned": 4,"Workers Launched": 4,"Plans": [{"Node Type": "Aggregate","Strategy": "Sorted","Partial Mode": "Partial","Parent Relationship": "Outer","Parallel Aware": false,"Async Capable": false,"Startup Cost": 172511.04,"Total Cost": 172654.29,"Plan Rows": 7,"Plan Width": 27,"Actual Startup Time": 387.680,"Actual Total Time": 388.422,"Actual Rows": 2,"Actual Loops": 5,"Group Key": ["lineitem.l_shipmode"],"Workers": [],"Plans": [{"Node Type": "Sort","Parent Relationship": "Outer","Parallel Aware": false,"Async Capable": false,"Startup Cost": 172511.04,"Total Cost": 172528.94,"Plan Rows": 7159,"Plan Width": 27,"Actual Startup Time": 386.921,"Actual Total Time": 387.169,"Actual Rows": 6233,"Actual Loops": 5,"Sort Key": ["lineitem.l_shipmode"],"Sort Method": "quicksort","Sort Space Used": 634,"Sort Space Type": "Memory","Workers": [{"Worker Number": 0,"Sort Method": "quicksort","Sort Space Used": 635,"Sort Space Type": "Memory"},{"Worker Number": 1,"Sort Method": "quicksort","Sort Space Used": 628,"Sort Space Type": "Memory"},{"Worker Number": 2,"Sort Method": "quicksort","Sort Space Used": 622,"Sort Space Type": "Memory"},{"Worker Number": 3,"Sort Method": "quicksort","Sort Space Used": 635,"Sort Space Type": "Memory"}],"Plans": [{"Node Type": "Nested Loop","Parent Relationship": "Outer","Parallel Aware": false,"Async Capable": false,"Join Type": "Inner","Startup Cost": 0.43,"Total Cost": 172052.66,"Plan Rows": 7159,"Plan Width": 27,"Actual Startup Time": 0.560,"Actual Total Time": 384.048,"Actual Rows": 6233,"Actual Loops": 5,"Inner Unique": true,"Workers": [],"Plans": [{"Node Type": "Seq Scan","Parent Relationship": "Outer","Parallel Aware": true,"Async Capable": false,"Relation Name": "lineitem","Alias": "lineitem","Startup Cost": 0.00,"Total Cost": 146259.83,"Plan Rows": 7159,"Plan Width": 15,"Actual Startup Time": 0.435,"Actual Total Time": 349.581,"Actual Rows": 6233,"Actual Loops": 5,"Filter": "((l_shipmode = ANY ('{AIR,SHIP}'::bpchar[])) AND (l_commitdate < l_receiptdate) AND (l_shipdate < l_commitdate) AND (l_receiptdate >= '1997-01-01'::date) AND (l_receiptdate < '1998-01-01 00:00:00'::timestamp without time zone))","Rows Removed by Filter": 1194010,"Workers": []},{"Node Type": "Index Scan","Parent Relationship": "Inner","Parallel Aware": false,"Async Capable": false,"Scan Direction": "Forward","Index Name": "orders_pkey","Relation Name": "orders","Alias": "orders","Startup Cost": 0.43,"Total Cost": 3.60,"Plan Rows": 1,"Plan Width": 20,"Actual Startup Time": 0.005,"Actual Total Time": 0.005,"Actual Rows": 1,"Actual Loops": 31165,"Index Cond": "(o_orderkey = lineitem.l_orderkey)","Rows Removed by Index Recheck": 0,"Workers": []}]}]}]}]}]},"Planning Time": 3.887,"Triggers": [],"Execution Time": 430.692}]
[{"Plan": {"Node Type": "Aggregate","Strategy": "Sorted","Partial Mode": "Finalize","Parallel Aware": false,"Async Capable": false,"Startup Cost": 173936.43,"Total Cost": 174087.20,"Plan Rows": 7,"Plan Width": 27,"Actual Startup Time": 411.700,"Actual Total Time": 445.534,"Actual Rows": 2,"Actual Loops": 1,"Group Key": ["lineitem.l_shipmode"],"Plans": [{"Node Type": "Gather Merge","Parent Relationship": "Outer","Parallel Aware": false,"Async Capable": false,"Startup Cost": 173936.43,"Total Cost": 174086.92,"Plan Rows": 28,"Plan Width": 27,"Actual Startup Time": 410.827,"Actual Total Time": 445.495,"Actual Rows": 10,"Actual Loops": 1,"Workers Planned": 4,"Workers Launched": 4,"Plans": [{"Node Type": "Aggregate","Strategy": "Sorted","Partial Mode": "Partial","Parent Relationship": "Outer","Parallel Aware": false,"Async Capable": false,"Startup Cost": 172936.38,"Total Cost": 173083.53,"Plan Rows": 7,"Plan Width": 27,"Actual Startup Time": 402.060,"Actual Total Time": 402.825,"Actual Rows": 2,"Actual Loops": 5,"Group Key": ["lineitem.l_shipmode"],"Workers": [],"Plans": [{"Node Type": "Sort","Parent Relationship": "Outer","Parallel Aware": false,"Async Capable": false,"Startup Cost": 172936.38,"Total Cost": 172954.76,"Plan Rows": 7354,"Plan Width": 27,"Actual Startup Time": 401.304,"Actual Total Time": 401.563,"Actual Rows": 6252,"Actual Loops": 5,"Sort Key": ["lineitem.l_shipmode"],"Sort Method": "quicksort","Sort Space Used": 633,"Sort Space Type": "Memory","Workers": [{"Worker Number": 0,"Sort Method": "quicksort","Sort Space Used": 630,"Sort Space Type": "Memory"},{"Worker Number": 1,"Sort Method": "quicksort","Sort Space Used": 646,"Sort Space Type": "Memory"},{"Worker Number": 2,"Sort Method": "quicksort","Sort Space Used": 635,"Sort Space Type": "Memory"},{"Worker Number": 3,"Sort Method": "quicksort","Sort Space Used": 617,"Sort Space Type": "Memory"}],"Plans": [{"Node Type": "Nested Loop","Parent Relationship": "Outer","Parallel Aware": false,"Async Capable": false,"Join Type": "Inner","Startup Cost": 0.43,"Total Cost": 172464.09,"Plan Rows": 7354,"Plan Width": 27,"Actual Startup Time": 0.393,"Actual Total Time": 398.349,"Actual Rows": 6252,"Actual Loops": 5,"Inner Unique": true,"Workers": [],"Plans": [{"Node Type": "Seq Scan","Parent Relationship": "Outer","Parallel Aware": true,"Async Capable": false,"Relation Name": "lineitem","Alias": "lineitem","Startup Cost": 0.00,"Total Cost": 146259.83,"Plan Rows": 7355,"Plan Width": 15,"Actual Startup Time": 0.258,"Actual Total Time": 362.304,"Actual Rows": 6252,"Actual Loops": 5,"Filter": "((l_shipmode = ANY ('{RAIL,FOB}'::bpchar[])) AND (l_commitdate < l_receiptdate) AND (l_shipdate < l_commitdate) AND (l_receiptdate >= '1993-01-01'::date) AND (l_receiptdate < '1994-01-01 00:00:00'::timestamp without time zone))","Rows Removed by Filter": 1193991,"Workers": []},{"Node Type": "Index Scan","Parent Relationship": "Inner","Parallel Aware": false,"Async Capable": false,"Scan Direction": "Forward","Index Name": "orders_pkey","Relation Name": "orders","Alias": "orders","Startup Cost": 0.43,"Total Cost": 3.56,"Plan Rows": 1,"Plan Width": 20,"Actual Startup Time": 0.005,"Actual Total Time": 0.005,"Actual Rows": 1,"Actual Loops": 31259,"Index Cond": "(o_orderkey = lineitem.l_orderkey)","Rows Removed by Index Recheck": 0,"Workers": []}]}]}]}]}]},"Planning Time": 5.108,"Triggers": [],"Execution Time": 446.087}]
[{"Plan": {"Node Type": "Aggregate","Strategy": "Sorted","Partial Mode": "Finalize","Parallel Aware": false,"Async Capable": false,"Startup Cost": 173888.04,"Total Cost": 174038.38,"Plan Rows": 7,"Plan Width": 27,"Actual Startup Time": 402.837,"Actual Total Time": 435.996,"Actual Rows": 2,"Actual Loops": 1,"Group Key": ["lineitem.l_shipmode"],"Plans": [{"Node Type": "Gather Merge","Parent Relationship": "Outer","Parallel Aware": false,"Async Capable": false,"Startup Cost": 173888.04,"Total Cost": 174038.10,"Plan Rows": 28,"Plan Width": 27,"Actual Startup Time": 401.956,"Actual Total Time": 435.953,"Actual Rows": 10,"Actual Loops": 1,"Workers Planned": 4,"Workers Launched": 4,"Plans": [{"Node Type": "Aggregate","Strategy": "Sorted","Partial Mode": "Partial","Parent Relationship": "Outer","Parallel Aware": false,"Async Capable": false,"Startup Cost": 172887.98,"Total Cost": 173034.71,"Plan Rows": 7,"Plan Width": 27,"Actual Startup Time": 393.357,"Actual Total Time": 394.085,"Actual Rows": 2,"Actual Loops": 5,"Group Key": ["lineitem.l_shipmode"],"Workers": [],"Plans": [{"Node Type": "Sort","Parent Relationship": "Outer","Parallel Aware": false,"Async Capable": false,"Startup Cost": 172887.98,"Total Cost": 172906.31,"Plan Rows": 7333,"Plan Width": 27,"Actual Startup Time": 392.608,"Actual Total Time": 392.860,"Actual Rows": 6217,"Actual Loops": 5,"Sort Key": ["lineitem.l_shipmode"],"Sort Method": "quicksort","Sort Space Used": 634,"Sort Space Type": "Memory","Workers": [{"Worker Number": 0,"Sort Method": "quicksort","Sort Space Used": 635,"Sort Space Type": "Memory"},{"Worker Number": 1,"Sort Method": "quicksort","Sort Space Used": 630,"Sort Space Type": "Memory"},{"Worker Number": 2,"Sort Method": "quicksort","Sort Space Used": 631,"Sort Space Type": "Memory"},{"Worker Number": 3,"Sort Method": "quicksort","Sort Space Used": 618,"Sort Space Type": "Memory"}],"Plans": [{"Node Type": "Nested Loop","Parent Relationship": "Outer","Parallel Aware": false,"Async Capable": false,"Join Type": "Inner","Startup Cost": 0.43,"Total Cost": 172417.19,"Plan Rows": 7333,"Plan Width": 27,"Actual Startup Time": 0.224,"Actual Total Time": 389.615,"Actual Rows": 6217,"Actual Loops": 5,"Inner Unique": true,"Workers": [],"Plans": [{"Node Type": "Seq Scan","Parent Relationship": "Outer","Parallel Aware": true,"Async Capable": false,"Relation Name": "lineitem","Alias": "lineitem","Startup Cost": 0.00,"Total Cost": 146259.83,"Plan Rows": 7333,"Plan Width": 15,"Actual Startup Time": 0.120,"Actual Total Time": 353.673,"Actual Rows": 6217,"Actual Loops": 5,"Filter": "((l_shipmode = ANY ('{TRUCK,RAIL}'::bpchar[])) AND (l_commitdate < l_receiptdate) AND (l_shipdate < l_commitdate) AND (l_receiptdate >= '1993-01-01'::date) AND (l_receiptdate < '1994-01-01 00:00:00'::timestamp without time zone))","Rows Removed by Filter": 1194026,"Workers": []},{"Node Type": "Index Scan","Parent Relationship": "Inner","Parallel Aware": false,"Async Capable": false,"Scan Direction": "Forward","Index Name": "orders_pkey","Relation Name": "orders","Alias": "orders","Startup Cost": 0.43,"Total Cost": 3.57,"Plan Rows": 1,"Plan Width": 20,"Actual Startup Time": 0.005,"Actual Total Time": 0.005,"Actual Rows": 1,"Actual Loops": 31084,"Index Cond": "(o_orderkey = lineitem.l_orderkey)","Rows Removed by Index Recheck": 0,"Workers": []}]}]}]}]}]},"Planning Time": 4.427,"Triggers": [],"Execution Time": 436.617}]
[{"Plan": {"Node Type": "Aggregate","Strategy": "Sorted","Partial Mode": "Finalize","Parallel Aware": false,"Async Capable": false,"Startup Cost": 173766.82,"Total Cost": 173916.07,"Plan Rows": 7,"Plan Width": 27,"Actual Startup Time": 394.573,"Actual Total Time": 427.952,"Actual Rows": 2,"Actual Loops": 1,"Group Key": ["lineitem.l_shipmode"],"Plans": [{"Node Type": "Gather Merge","Parent Relationship": "Outer","Parallel Aware": false,"Async Capable": false,"Startup Cost": 173766.82,"Total Cost": 173915.79,"Plan Rows": 28,"Plan Width": 27,"Actual Startup Time": 393.752,"Actual Total Time": 427.916,"Actual Rows": 10,"Actual Loops": 1,"Workers Planned": 4,"Workers Launched": 4,"Plans": [{"Node Type": "Aggregate","Strategy": "Sorted","Partial Mode": "Partial","Parent Relationship": "Outer","Parallel Aware": false,"Async Capable": false,"Startup Cost": 172766.76,"Total Cost": 172912.39,"Plan Rows": 7,"Plan Width": 27,"Actual Startup Time": 385.432,"Actual Total Time": 386.156,"Actual Rows": 2,"Actual Loops": 5,"Group Key": ["lineitem.l_shipmode"],"Workers": [],"Plans": [{"Node Type": "Sort","Parent Relationship": "Outer","Parallel Aware": false,"Async Capable": false,"Startup Cost": 172766.76,"Total Cost": 172784.96,"Plan Rows": 7278,"Plan Width": 27,"Actual Startup Time": 384.690,"Actual Total Time": 384.930,"Actual Rows": 6213,"Actual Loops": 5,"Sort Key": ["lineitem.l_shipmode"],"Sort Method": "quicksort","Sort Space Used": 640,"Sort Space Type": "Memory","Workers": [{"Worker Number": 0,"Sort Method": "quicksort","Sort Space Used": 628,"Sort Space Type": "Memory"},{"Worker Number": 1,"Sort Method": "quicksort","Sort Space Used": 626,"Sort Space Type": "Memory"},{"Worker Number": 2,"Sort Method": "quicksort","Sort Space Used": 629,"Sort Space Type": "Memory"},{"Worker Number": 3,"Sort Method": "quicksort","Sort Space Used": 624,"Sort Space Type": "Memory"}],"Plans": [{"Node Type": "Nested Loop","Parent Relationship": "Outer","Parallel Aware": false,"Async Capable": false,"Join Type": "Inner","Startup Cost": 0.43,"Total Cost": 172299.90,"Plan Rows": 7278,"Plan Width": 27,"Actual Startup Time": 0.456,"Actual Total Time": 381.827,"Actual Rows": 6213,"Actual Loops": 5,"Inner Unique": true,"Workers": [],"Plans": [{"Node Type": "Seq Scan","Parent Relationship": "Outer","Parallel Aware": true,"Async Capable": false,"Relation Name": "lineitem","Alias": "lineitem","Startup Cost": 0.00,"Total Cost": 146259.83,"Plan Rows": 7277,"Plan Width": 15,"Actual Startup Time": 0.335,"Actual Total Time": 347.650,"Actual Rows": 6213,"Actual Loops": 5,"Filter": "((l_shipmode = ANY ('{FOB,TRUCK}'::bpchar[])) AND (l_commitdate < l_receiptdate) AND (l_shipdate < l_commitdate) AND (l_receiptdate >= '1997-01-01'::date) AND (l_receiptdate < '1998-01-01 00:00:00'::timestamp without time zone))","Rows Removed by Filter": 1194030,"Workers": []},{"Node Type": "Index Scan","Parent Relationship": "Inner","Parallel Aware": false,"Async Capable": false,"Scan Direction": "Forward","Index Name": "orders_pkey","Relation Name": "orders","Alias": "orders","Startup Cost": 0.43,"Total Cost": 3.58,"Plan Rows": 1,"Plan Width": 20,"Actual Startup Time": 0.005,"Actual Total Time": 0.005,"Actual Rows": 1,"Actual Loops": 31065,"Index Cond": "(o_orderkey = lineitem.l_orderkey)","Rows Removed by Index Recheck": 0,"Workers": []}]}]}]}]}]},"Planning Time": 4.007,"Triggers": [],"Execution Time": 428.425}]
[{"Plan": {"Node Type": "Aggregate","Strategy": "Sorted","Partial Mode": "Finalize","Parallel Aware": false,"Async Capable": false,"Startup Cost": 173543.49,"Total Cost": 173690.66,"Plan Rows": 7,"Plan Width": 27,"Actual Startup Time": 399.081,"Actual Total Time": 433.562,"Actual Rows": 2,"Actual Loops": 1,"Group Key": ["lineitem.l_shipmode"],"Plans": [{"Node Type": "Gather Merge","Parent Relationship": "Outer","Parallel Aware": false,"Async Capable": false,"Startup Cost": 173543.49,"Total Cost": 173690.38,"Plan Rows": 28,"Plan Width": 27,"Actual Startup Time": 398.183,"Actual Total Time": 433.527,"Actual Rows": 10,"Actual Loops": 1,"Workers Planned": 4,"Workers Launched": 4,"Plans": [{"Node Type": "Aggregate","Strategy": "Sorted","Partial Mode": "Partial","Parent Relationship": "Outer","Parallel Aware": false,"Async Capable": false,"Startup Cost": 172543.43,"Total Cost": 172686.98,"Plan Rows": 7,"Plan Width": 27,"Actual Startup Time": 390.054,"Actual Total Time": 390.800,"Actual Rows": 2,"Actual Loops": 5,"Group Key": ["lineitem.l_shipmode"],"Workers": [],"Plans": [{"Node Type": "Sort","Parent Relationship": "Outer","Parallel Aware": false,"Async Capable": false,"Startup Cost": 172543.43,"Total Cost": 172561.37,"Plan Rows": 7174,"Plan Width": 27,"Actual Startup Time": 389.298,"Actual Total Time": 389.545,"Actual Rows": 6232,"Actual Loops": 5,"Sort Key": ["lineitem.l_shipmode"],"Sort Method": "quicksort","Sort Space Used": 643,"Sort Space Type": "Memory","Workers": [{"Worker Number": 0,"Sort Method": "quicksort","Sort Space Used": 625,"Sort Space Type": "Memory"},{"Worker Number": 1,"Sort Method": "quicksort","Sort Space Used": 620,"Sort Space Type": "Memory"},{"Worker Number": 2,"Sort Method": "quicksort","Sort Space Used": 631,"Sort Space Type": "Memory"},{"Worker Number": 3,"Sort Method": "quicksort","Sort Space Used": 635,"Sort Space Type": "Memory"}],"Plans": [{"Node Type": "Nested Loop","Parent Relationship": "Outer","Parallel Aware": false,"Async Capable": false,"Join Type": "Inner","Startup Cost": 0.43,"Total Cost": 172083.99,"Plan Rows": 7174,"Plan Width": 27,"Actual Startup Time": 0.207,"Actual Total Time": 386.271,"Actual Rows": 6232,"Actual Loops": 5,"Inner Unique": true,"Workers": [],"Plans": [{"Node Type": "Seq Scan","Parent Relationship": "Outer","Parallel Aware": true,"Async Capable": false,"Relation Name": "lineitem","Alias": "lineitem","Startup Cost": 0.00,"Total Cost": 146259.83,"Plan Rows": 7174,"Plan Width": 15,"Actual Startup Time": 0.092,"Actual Total Time": 351.051,"Actual Rows": 6232,"Actual Loops": 5,"Filter": "((l_shipmode = ANY ('{RAIL,MAIL}'::bpchar[])) AND (l_commitdate < l_receiptdate) AND (l_shipdate < l_commitdate) AND (l_receiptdate >= '1994-01-01'::date) AND (l_receiptdate < '1995-01-01 00:00:00'::timestamp without time zone))","Rows Removed by Filter": 1194011,"Workers": []},{"Node Type": "Index Scan","Parent Relationship": "Inner","Parallel Aware": false,"Async Capable": false,"Scan Direction": "Forward","Index Name": "orders_pkey","Relation Name": "orders","Alias": "orders","Startup Cost": 0.43,"Total Cost": 3.60,"Plan Rows": 1,"Plan Width": 20,"Actual Startup Time": 0.005,"Actual Total Time": 0.005,"Actual Rows": 1,"Actual Loops": 31159,"Index Cond": "(o_orderkey = lineitem.l_orderkey)","Rows Removed by Index Recheck": 0,"Workers": []}]}]}]}]}]},"Planning Time": 4.950,"Triggers": [],"Execution Time": 434.169}]
[{"Plan": {"Node Type": "Aggregate","Strategy": "Sorted","Partial Mode": "Finalize","Parallel Aware": false,"Async Capable": false,"Startup Cost": 173469.49,"Total Cost": 173615.98,"Plan Rows": 7,"Plan Width": 27,"Actual Startup Time": 402.241,"Actual Total Time": 436.650,"Actual Rows": 2,"Actual Loops": 1,"Group Key": ["lineitem.l_shipmode"],"Plans": [{"Node Type": "Gather Merge","Parent Relationship": "Outer","Parallel Aware": false,"Async Capable": false,"Startup Cost": 173469.49,"Total Cost": 173615.70,"Plan Rows": 28,"Plan Width": 27,"Actual Startup Time": 401.378,"Actual Total Time": 436.616,"Actual Rows": 10,"Actual Loops": 1,"Workers Planned": 4,"Workers Launched": 4,"Plans": [{"Node Type": "Aggregate","Strategy": "Sorted","Partial Mode": "Partial","Parent Relationship": "Outer","Parallel Aware": false,"Async Capable": false,"Startup Cost": 172469.43,"Total Cost": 172612.30,"Plan Rows": 7,"Plan Width": 27,"Actual Startup Time": 392.971,"Actual Total Time": 393.711,"Actual Rows": 2,"Actual Loops": 5,"Group Key": ["lineitem.l_shipmode"],"Workers": [],"Plans": [{"Node Type": "Sort","Parent Relationship": "Outer","Parallel Aware": false,"Async Capable": false,"Startup Cost": 172469.43,"Total Cost": 172487.28,"Plan Rows": 7140,"Plan Width": 27,"Actual Startup Time": 392.227,"Actual Total Time": 392.472,"Actual Rows": 6198,"Actual Loops": 5,"Sort Key": ["lineitem.l_shipmode"],"Sort Method": "quicksort","Sort Space Used": 643,"Sort Space Type": "Memory","Workers": [{"Worker Number": 0,"Sort Method": "quicksort","Sort Space Used": 633,"Sort Space Type": "Memory"},{"Worker Number": 1,"Sort Method": "quicksort","Sort Space Used": 615,"Sort Space Type": "Memory"},{"Worker Number": 2,"Sort Method": "quicksort","Sort Space Used": 635,"Sort Space Type": "Memory"},{"Worker Number": 3,"Sort Method": "quicksort","Sort Space Used": 615,"Sort Space Type": "Memory"}],"Plans": [{"Node Type": "Nested Loop","Parent Relationship": "Outer","Parallel Aware": false,"Async Capable": false,"Join Type": "Inner","Startup Cost": 0.43,"Total Cost": 172012.41,"Plan Rows": 7140,"Plan Width": 27,"Actual Startup Time": 0.338,"Actual Total Time": 389.296,"Actual Rows": 6198,"Actual Loops": 5,"Inner Unique": true,"Workers": [],"Plans": [{"Node Type": "Seq Scan","Parent Relationship": "Outer","Parallel Aware": true,"Async Capable": false,"Relation Name": "lineitem","Alias": "lineitem","Startup Cost": 0.00,"Total Cost": 146259.83,"Plan Rows": 7140,"Plan Width": 15,"Actual Startup Time": 0.194,"Actual Total Time": 354.223,"Actual Rows": 6198,"Actual Loops": 5,"Filter": "((l_shipmode = ANY ('{SHIP,MAIL}'::bpchar[])) AND (l_commitdate < l_receiptdate) AND (l_shipdate < l_commitdate) AND (l_receiptdate >= '1994-01-01'::date) AND (l_receiptdate < '1995-01-01 00:00:00'::timestamp without time zone))","Rows Removed by Filter": 1194045,"Workers": []},{"Node Type": "Index Scan","Parent Relationship": "Inner","Parallel Aware": false,"Async Capable": false,"Scan Direction": "Forward","Index Name": "orders_pkey","Relation Name": "orders","Alias": "orders","Startup Cost": 0.43,"Total Cost": 3.61,"Plan Rows": 1,"Plan Width": 20,"Actual Startup Time": 0.005,"Actual Total Time": 0.005,"Actual Rows": 1,"Actual Loops": 30988,"Index Cond": "(o_orderkey = lineitem.l_orderkey)","Rows Removed by Index Recheck": 0,"Workers": []}]}]}]}]}]},"Planning Time": 3.975,"Triggers": [],"Execution Time": 437.106}]
[{"Plan": {"Node Type": "Aggregate","Strategy": "Sorted","Partial Mode": "Finalize","Parallel Aware": false,"Async Capable": false,"Startup Cost": 174062.42,"Total Cost": 174214.39,"Plan Rows": 7,"Plan Width": 27,"Actual Startup Time": 393.235,"Actual Total Time": 425.429,"Actual Rows": 2,"Actual Loops": 1,"Group Key": ["lineitem.l_shipmode"],"Plans": [{"Node Type": "Gather Merge","Parent Relationship": "Outer","Parallel Aware": false,"Async Capable": false,"Startup Cost": 174062.42,"Total Cost": 174214.11,"Plan Rows": 28,"Plan Width": 27,"Actual Startup Time": 392.404,"Actual Total Time": 425.407,"Actual Rows": 10,"Actual Loops": 1,"Workers Planned": 4,"Workers Launched": 4,"Plans": [{"Node Type": "Aggregate","Strategy": "Sorted","Partial Mode": "Partial","Parent Relationship": "Outer","Parallel Aware": false,"Async Capable": false,"Startup Cost": 173062.36,"Total Cost": 173210.71,"Plan Rows": 7,"Plan Width": 27,"Actual Startup Time": 384.313,"Actual Total Time": 385.039,"Actual Rows": 2,"Actual Loops": 5,"Group Key": ["lineitem.l_shipmode"],"Workers": [],"Plans": [{"Node Type": "Sort","Parent Relationship": "Outer","Parallel Aware": false,"Async Capable": false,"Startup Cost": 173062.36,"Total Cost": 173080.90,"Plan Rows": 7414,"Plan Width": 27,"Actual Startup Time": 383.554,"Actual Total Time": 383.793,"Actual Rows": 6237,"Actual Loops": 5,"Sort Key": ["lineitem.l_shipmode"],"Sort Method": "quicksort","Sort Space Used": 638,"Sort Space Type": "Memory","Workers": [{"Worker Number": 0,"Sort Method": "quicksort","Sort Space Used": 624,"Sort Space Type": "Memory"},{"Worker Number": 1,"Sort Method": "quicksort","Sort Space Used": 621,"Sort Space Type": "Memory"},{"Worker Number": 2,"Sort Method": "quicksort","Sort Space Used": 638,"Sort Space Type": "Memory"},{"Worker Number": 3,"Sort Method": "quicksort","Sort Space Used": 635,"Sort Space Type": "Memory"}],"Plans": [{"Node Type": "Nested Loop","Parent Relationship": "Outer","Parallel Aware": false,"Async Capable": false,"Join Type": "Inner","Startup Cost": 0.43,"Total Cost": 172585.79,"Plan Rows": 7414,"Plan Width": 27,"Actual Startup Time": 0.319,"Actual Total Time": 380.768,"Actual Rows": 6237,"Actual Loops": 5,"Inner Unique": true,"Workers": [],"Plans": [{"Node Type": "Seq Scan","Parent Relationship": "Outer","Parallel Aware": true,"Async Capable": false,"Relation Name": "lineitem","Alias": "lineitem","Startup Cost": 0.00,"Total Cost": 146259.83,"Plan Rows": 7414,"Plan Width": 15,"Actual Startup Time": 0.203,"Actual Total Time": 346.432,"Actual Rows": 6237,"Actual Loops": 5,"Filter": "((l_shipmode = ANY ('{MAIL,AIR}'::bpchar[])) AND (l_commitdate < l_receiptdate) AND (l_shipdate < l_commitdate) AND (l_receiptdate >= '1995-01-01'::date) AND (l_receiptdate < '1996-01-01 00:00:00'::timestamp without time zone))","Rows Removed by Filter": 1194006,"Workers": []},{"Node Type": "Index Scan","Parent Relationship": "Inner","Parallel Aware": false,"Async Capable": false,"Scan Direction": "Forward","Index Name": "orders_pkey","Relation Name": "orders","Alias": "orders","Startup Cost": 0.43,"Total Cost": 3.55,"Plan Rows": 1,"Plan Width": 20,"Actual Startup Time": 0.005,"Actual Total Time": 0.005,"Actual Rows": 1,"Actual Loops": 31185,"Index Cond": "(o_orderkey = lineitem.l_orderkey)","Rows Removed by Index Recheck": 0,"Workers": []}]}]}]}]}]},"Planning Time": 3.755,"Triggers": [],"Execution Time": 425.864}]
[{"Plan": {"Node Type": "Aggregate","Strategy": "Sorted","Partial Mode": "Finalize","Parallel Aware": false,"Async Capable": false,"Startup Cost": 173814.86,"Total Cost": 173964.52,"Plan Rows": 7,"Plan Width": 27,"Actual Startup Time": 396.762,"Actual Total Time": 430.837,"Actual Rows": 2,"Actual Loops": 1,"Group Key": ["lineitem.l_shipmode"],"Plans": [{"Node Type": "Gather Merge","Parent Relationship": "Outer","Parallel Aware": false,"Async Capable": false,"Startup Cost": 173814.86,"Total Cost": 173964.24,"Plan Rows": 28,"Plan Width": 27,"Actual Startup Time": 395.970,"Actual Total Time": 430.778,"Actual Rows": 10,"Actual Loops": 1,"Workers Planned": 4,"Workers Launched": 4,"Plans": [{"Node Type": "Aggregate","Strategy": "Sorted","Partial Mode": "Partial","Parent Relationship": "Outer","Parallel Aware": false,"Async Capable": false,"Startup Cost": 172814.80,"Total Cost": 172960.85,"Plan Rows": 7,"Plan Width": 27,"Actual Startup Time": 387.361,"Actual Total Time": 388.078,"Actual Rows": 2,"Actual Loops": 5,"Group Key": ["lineitem.l_shipmode"],"Workers": [],"Plans": [{"Node Type": "Sort","Parent Relationship": "Outer","Parallel Aware": false,"Async Capable": false,"Startup Cost": 172814.80,"Total Cost": 172833.04,"Plan Rows": 7299,"Plan Width": 27,"Actual Startup Time": 386.609,"Actual Total Time": 386.854,"Actual Rows": 6170,"Actual Loops": 5,"Sort Key": ["lineitem.l_shipmode"],"Sort Method": "quicksort","Sort Space Used": 624,"Sort Space Type": "Memory","Workers": [{"Worker Number": 0,"Sort Method": "quicksort","Sort Space Used": 622,"Sort Space Type": "Memory"},{"Worker Number": 1,"Sort Method": "quicksort","Sort Space Used": 632,"Sort Space Type": "Memory"},{"Worker Number": 2,"Sort Method": "quicksort","Sort Space Used": 623,"Sort Space Type": "Memory"},{"Worker Number": 3,"Sort Method": "quicksort","Sort Space Used": 630,"Sort Space Type": "Memory"}],"Plans": [{"Node Type": "Nested Loop","Parent Relationship": "Outer","Parallel Aware": false,"Async Capable": false,"Join Type": "Inner","Startup Cost": 0.43,"Total Cost": 172346.44,"Plan Rows": 7299,"Plan Width": 27,"Actual Startup Time": 0.316,"Actual Total Time": 383.794,"Actual Rows": 6170,"Actual Loops": 5,"Inner Unique": true,"Workers": [],"Plans": [{"Node Type": "Seq Scan","Parent Relationship": "Outer","Parallel Aware": true,"Async Capable": false,"Relation Name": "lineitem","Alias": "lineitem","Startup Cost": 0.00,"Total Cost": 146259.83,"Plan Rows": 7299,"Plan Width": 15,"Actual Startup Time": 0.195,"Actual Total Time": 348.958,"Actual Rows": 6170,"Actual Loops": 5,"Filter": "((l_shipmode = ANY ('{\"REG AIR\",TRUCK}'::bpchar[])) AND (l_commitdate < l_receiptdate) AND (l_shipdate < l_commitdate) AND (l_receiptdate >= '1993-01-01'::date) AND (l_receiptdate < '1994-01-01 00:00:00'::timestamp without time zone))","Rows Removed by Filter": 1194073,"Workers": []},{"Node Type": "Index Scan","Parent Relationship": "Inner","Parallel Aware": false,"Async Capable": false,"Scan Direction": "Forward","Index Name": "orders_pkey","Relation Name": "orders","Alias": "orders","Startup Cost": 0.43,"Total Cost": 3.57,"Plan Rows": 1,"Plan Width": 20,"Actual Startup Time": 0.005,"Actual Total Time": 0.005,"Actual Rows": 1,"Actual Loops": 30849,"Index Cond": "(o_orderkey = lineitem.l_orderkey)","Rows Removed by Index Recheck": 0,"Workers": []}]}]}]}]}]},"Planning Time": 4.251,"Triggers": [],"Execution Time": 431.487}]
[{"Plan": {"Node Type": "Aggregate","Strategy": "Sorted","Partial Mode": "Finalize","Parallel Aware": false,"Async Capable": false,"Startup Cost": 173608.85,"Total Cost": 173756.62,"Plan Rows": 7,"Plan Width": 27,"Actual Startup Time": 403.414,"Actual Total Time": 436.917,"Actual Rows": 2,"Actual Loops": 1,"Group Key": ["lineitem.l_shipmode"],"Plans": [{"Node Type": "Gather Merge","Parent Relationship": "Outer","Parallel Aware": false,"Async Capable": false,"Startup Cost": 173608.85,"Total Cost": 173756.34,"Plan Rows": 28,"Plan Width": 27,"Actual Startup Time": 402.548,"Actual Total Time": 436.868,"Actual Rows": 10,"Actual Loops": 1,"Workers Planned": 4,"Workers Launched": 4,"Plans": [{"Node Type": "Aggregate","Strategy": "Sorted","Partial Mode": "Partial","Parent Relationship": "Outer","Parallel Aware": false,"Async Capable": false,"Startup Cost": 172608.79,"Total Cost": 172752.94,"Plan Rows": 7,"Plan Width": 27,"Actual Startup Time": 393.861,"Actual Total Time": 394.597,"Actual Rows": 2,"Actual Loops": 5,"Group Key": ["lineitem.l_shipmode"],"Workers": [],"Plans": [{"Node Type": "Sort","Parent Relationship": "Outer","Parallel Aware": false,"Async Capable": false,"Startup Cost": 172608.79,"Total Cost": 172626.80,"Plan Rows": 7204,"Plan Width": 27,"Actual Startup Time": 393.121,"Actual Total Time": 393.367,"Actual Rows": 6220,"Actual Loops": 5,"Sort Key": ["lineitem.l_shipmode"],"Sort Method": "quicksort","Sort Space Used": 641,"Sort Space Type": "Memory","Workers": [{"Worker Number": 0,"Sort Method": "quicksort","Sort Space Used": 605,"Sort Space Type": "Memory"},{"Worker Number": 1,"Sort Method": "quicksort","Sort Space Used": 643,"Sort Space Type": "Memory"},{"Worker Number": 2,"Sort Method": "quicksort","Sort Space Used": 630,"Sort Space Type": "Memory"},{"Worker Number": 3,"Sort Method": "quicksort","Sort Space Used": 630,"Sort Space Type": "Memory"}],"Plans": [{"Node Type": "Nested Loop","Parent Relationship": "Outer","Parallel Aware": false,"Async Capable": false,"Join Type": "Inner","Startup Cost": 0.43,"Total Cost": 172147.21,"Plan Rows": 7204,"Plan Width": 27,"Actual Startup Time": 0.247,"Actual Total Time": 390.199,"Actual Rows": 6220,"Actual Loops": 5,"Inner Unique": true,"Workers": [],"Plans": [{"Node Type": "Seq Scan","Parent Relationship": "Outer","Parallel Aware": true,"Async Capable": false,"Relation Name": "lineitem","Alias": "lineitem","Startup Cost": 0.00,"Total Cost": 146259.83,"Plan Rows": 7204,"Plan Width": 15,"Actual Startup Time": 0.154,"Actual Total Time": 354.277,"Actual Rows": 6220,"Actual Loops": 5,"Filter": "((l_shipmode = ANY ('{TRUCK,SHIP}'::bpchar[])) AND (l_commitdate < l_receiptdate) AND (l_shipdate < l_commitdate) AND (l_receiptdate >= '1997-01-01'::date) AND (l_receiptdate < '1998-01-01 00:00:00'::timestamp without time zone))","Rows Removed by Filter": 1194023,"Workers": []},{"Node Type": "Index Scan","Parent Relationship": "Inner","Parallel Aware": false,"Async Capable": false,"Scan Direction": "Forward","Index Name": "orders_pkey","Relation Name": "orders","Alias": "orders","Startup Cost": 0.43,"Total Cost": 3.59,"Plan Rows": 1,"Plan Width": 20,"Actual Startup Time": 0.005,"Actual Total Time": 0.005,"Actual Rows": 1,"Actual Loops": 31100,"Index Cond": "(o_orderkey = lineitem.l_orderkey)","Rows Removed by Index Recheck": 0,"Workers": []}]}]}]}]}]},"Planning Time": 3.757,"Triggers": [],"Execution Time": 437.563}]
[{"Plan": {"Node Type": "Aggregate","Strategy": "Sorted","Partial Mode": "Finalize","Parallel Aware": false,"Async Capable": false,"Startup Cost": 173585.00,"Total Cost": 173732.55,"Plan Rows": 7,"Plan Width": 27,"Actual Startup Time": 413.713,"Actual Total Time": 447.634,"Actual Rows": 2,"Actual Loops": 1,"Group Key": ["lineitem.l_shipmode"],"Plans": [{"Node Type": "Gather Merge","Parent Relationship": "Outer","Parallel Aware": false,"Async Capable": false,"Startup Cost": 173585.00,"Total Cost": 173732.27,"Plan Rows": 28,"Plan Width": 27,"Actual Startup Time": 412.853,"Actual Total Time": 447.589,"Actual Rows": 10,"Actual Loops": 1,"Workers Planned": 4,"Workers Launched": 4,"Plans": [{"Node Type": "Aggregate","Strategy": "Sorted","Partial Mode": "Partial","Parent Relationship": "Outer","Parallel Aware": false,"Async Capable": false,"Startup Cost": 172584.94,"Total Cost": 172728.87,"Plan Rows": 7,"Plan Width": 27,"Actual Startup Time": 403.953,"Actual Total Time": 404.695,"Actual Rows": 2,"Actual Loops": 5,"Group Key": ["lineitem.l_shipmode"],"Workers": [],"Plans": [{"Node Type": "Sort","Parent Relationship": "Outer","Parallel Aware": false,"Async Capable": false,"Startup Cost": 172584.94,"Total Cost": 172602.93,"Plan Rows": 7193,"Plan Width": 27,"Actual Startup Time": 403.203,"Actual Total Time": 403.446,"Actual Rows": 6252,"Actual Loops": 5,"Sort Key": ["lineitem.l_shipmode"],"Sort Method": "quicksort","Sort Space Used": 627,"Sort Space Type": "Memory","Workers": [{"Worker Number": 0,"Sort Method": "quicksort","Sort Space Used": 646,"Sort Space Type": "Memory"},{"Worker Number": 1,"Sort Method": "quicksort","Sort Space Used": 647,"Sort Space Type": "Memory"},{"Worker Number": 2,"Sort Method": "quicksort","Sort Space Used": 607,"Sort Space Type": "Memory"},{"Worker Number": 3,"Sort Method": "quicksort","Sort Space Used": 633,"Sort Space Type": "Memory"}],"Plans": [{"Node Type": "Nested Loop","Parent Relationship": "Outer","Parallel Aware": false,"Async Capable": false,"Join Type": "Inner","Startup Cost": 0.43,"Total Cost": 172124.15,"Plan Rows": 7193,"Plan Width": 27,"Actual Startup Time": 0.507,"Actual Total Time": 400.163,"Actual Rows": 6252,"Actual Loops": 5,"Inner Unique": true,"Workers": [],"Plans": [{"Node Type": "Seq Scan","Parent Relationship": "Outer","Parallel Aware": true,"Async Capable": false,"Relation Name": "lineitem","Alias": "lineitem","Startup Cost": 0.00,"Total Cost": 146259.83,"Plan Rows": 7193,"Plan Width": 15,"Actual Startup Time": 0.382,"Actual Total Time": 364.012,"Actual Rows": 6252,"Actual Loops": 5,"Filter": "((l_shipmode = ANY ('{RAIL,AIR}'::bpchar[])) AND (l_commitdate < l_receiptdate) AND (l_shipdate < l_commitdate) AND (l_receiptdate >= '1997-01-01'::date) AND (l_receiptdate < '1998-01-01 00:00:00'::timestamp without time zone))","Rows Removed by Filter": 1193991,"Workers": []},{"Node Type": "Index Scan","Parent Relationship": "Inner","Parallel Aware": false,"Async Capable": false,"Scan Direction": "Forward","Index Name": "orders_pkey","Relation Name": "orders","Alias": "orders","Startup Cost": 0.43,"Total Cost": 3.60,"Plan Rows": 1,"Plan Width": 20,"Actual Startup Time": 0.005,"Actual Total Time": 0.005,"Actual Rows": 1,"Actual Loops": 31258,"Index Cond": "(o_orderkey = lineitem.l_orderkey)","Rows Removed by Index Recheck": 0,"Workers": []}]}]}]}]}]},"Planning Time": 5.088,"Triggers": [],"Execution Time": 448.345}]
[{"Plan": {"Node Type": "Aggregate","Strategy": "Sorted","Partial Mode": "Finalize","Parallel Aware": false,"Async Capable": false,"Startup Cost": 173989.00,"Total Cost": 174140.29,"Plan Rows": 7,"Plan Width": 27,"Actual Startup Time": 409.184,"Actual Total Time": 442.517,"Actual Rows": 2,"Actual Loops": 1,"Group Key": ["lineitem.l_shipmode"],"Plans": [{"Node Type": "Gather Merge","Parent Relationship": "Outer","Parallel Aware": false,"Async Capable": false,"Startup Cost": 173989.00,"Total Cost": 174140.01,"Plan Rows": 28,"Plan Width": 27,"Actual Startup Time": 408.297,"Actual Total Time": 442.472,"Actual Rows": 10,"Actual Loops": 1,"Workers Planned": 4,"Workers Launched": 4,"Plans": [{"Node Type": "Aggregate","Strategy": "Sorted","Partial Mode": "Partial","Parent Relationship": "Outer","Parallel Aware": false,"Async Capable": false,"Startup Cost": 172988.94,"Total Cost": 173136.61,"Plan Rows": 7,"Plan Width": 27,"Actual Startup Time": 399.710,"Actual Total Time": 400.453,"Actual Rows": 2,"Actual Loops": 5,"Group Key": ["lineitem.l_shipmode"],"Workers": [],"Plans": [{"Node Type": "Sort","Parent Relationship": "Outer","Parallel Aware": false,"Async Capable": false,"Startup Cost": 172988.94,"Total Cost": 173007.39,"Plan Rows": 7380,"Plan Width": 27,"Actual Startup Time": 398.952,"Actual Total Time": 399.204,"Actual Rows": 6215,"Actual Loops": 5,"Sort Key": ["lineitem.l_shipmode"],"Sort Method": "quicksort","Sort Space Used": 624,"Sort Space Type": "Memory","Workers": [{"Worker Number": 0,"Sort Method": "quicksort","Sort Space Used": 645,"Sort Space Type": "Memory"},{"Worker Number": 1,"Sort Method": "quicksort","Sort Space Used": 642,"Sort Space Type": "Memory"},{"Worker Number": 2,"Sort Method": "quicksort","Sort Space Used": 638,"Sort Space Type": "Memory"},{"Worker Number": 3,"Sort Method": "quicksort","Sort Space Used": 599,"Sort Space Type": "Memory"}],"Plans": [{"Node Type": "Nested Loop","Parent Relationship": "Outer","Parallel Aware": false,"Async Capable": false,"Join Type": "Inner","Startup Cost": 0.43,"Total Cost": 172514.80,"Plan Rows": 7380,"Plan Width": 27,"Actual Startup Time": 0.322,"Actual Total Time": 396.051,"Actual Rows": 6215,"Actual Loops": 5,"Inner Unique": true,"Workers": [],"Plans": [{"Node Type": "Seq Scan","Parent Relationship": "Outer","Parallel Aware": true,"Async Capable": false,"Relation Name": "lineitem","Alias": "lineitem","Startup Cost": 0.00,"Total Cost": 146259.83,"Plan Rows": 7380,"Plan Width": 15,"Actual Startup Time": 0.206,"Actual Total Time": 359.992,"Actual Rows": 6215,"Actual Loops": 5,"Filter": "((l_shipmode = ANY ('{SHIP,RAIL}'::bpchar[])) AND (l_commitdate < l_receiptdate) AND (l_shipdate < l_commitdate) AND (l_receiptdate >= '1995-01-01'::date) AND (l_receiptdate < '1996-01-01 00:00:00'::timestamp without time zone))","Rows Removed by Filter": 1194028,"Workers": []},{"Node Type": "Index Scan","Parent Relationship": "Inner","Parallel Aware": false,"Async Capable": false,"Scan Direction": "Forward","Index Name": "orders_pkey","Relation Name": "orders","Alias": "orders","Startup Cost": 0.43,"Total Cost": 3.56,"Plan Rows": 1,"Plan Width": 20,"Actual Startup Time": 0.005,"Actual Total Time": 0.005,"Actual Rows": 1,"Actual Loops": 31075,"Index Cond": "(o_orderkey = lineitem.l_orderkey)","Rows Removed by Index Recheck": 0,"Workers": []}]}]}]}]}]},"Planning Time": 5.373,"Triggers": [],"Execution Time": 443.195}]
[{"Plan": {"Node Type": "Aggregate","Strategy": "Sorted","Partial Mode": "Finalize","Parallel Aware": false,"Async Capable": false,"Startup Cost": 173833.00,"Total Cost": 173982.82,"Plan Rows": 7,"Plan Width": 27,"Actual Startup Time": 396.792,"Actual Total Time": 429.357,"Actual Rows": 2,"Actual Loops": 1,"Group Key": ["lineitem.l_shipmode"],"Plans": [{"Node Type": "Gather Merge","Parent Relationship": "Outer","Parallel Aware": false,"Async Capable": false,"Startup Cost": 173833.00,"Total Cost": 173982.54,"Plan Rows": 28,"Plan Width": 27,"Actual Startup Time": 395.900,"Actual Total Time": 429.322,"Actual Rows": 10,"Actual Loops": 1,"Workers Planned": 4,"Workers Launched": 4,"Plans": [{"Node Type": "Aggregate","Strategy": "Sorted","Partial Mode": "Partial","Parent Relationship": "Outer","Parallel Aware": false,"Async Capable": false,"Startup Cost": 172832.94,"Total Cost": 172979.15,"Plan Rows": 7,"Plan Width": 27,"Actual Startup Time": 387.909,"Actual Total Time": 388.656,"Actual Rows": 2,"Actual Loops": 5,"Group Key": ["lineitem.l_shipmode"],"Workers": [],"Plans": [{"Node Type": "Sort","Parent Relationship": "Outer","Parallel Aware": false,"Async Capable": false,"Startup Cost": 172832.94,"Total Cost": 172851.21,"Plan Rows": 7307,"Plan Width": 27,"Actual Startup Time": 387.145,"Actual Total Time": 387.396,"Actual Rows": 6234,"Actual Loops": 5,"Sort Key": ["lineitem.l_shipmode"],"Sort Method": "quicksort","Sort Space Used": 638,"Sort Space Type": "Memory","Workers": [{"Worker Number": 0,"Sort Method": "quicksort","Sort Space Used": 631,"Sort Space Type": "Memory"},{"Worker Number": 1,"Sort Method": "quicksort","Sort Space Used": 635,"Sort Space Type": "Memory"},{"Worker Number": 2,"Sort Method": "quicksort","Sort Space Used": 624,"Sort Space Type": "Memory"},{"Worker Number": 3,"Sort Method": "quicksort","Sort Space Used": 627,"Sort Space Type": "Memory"}],"Plans": [{"Node Type": "Nested Loop","Parent Relationship": "Outer","Parallel Aware": false,"Async Capable": false,"Join Type": "Inner","Startup Cost": 0.43,"Total Cost": 172364.01,"Plan Rows": 7307,"Plan Width": 27,"Actual Startup Time": 0.359,"Actual Total Time": 384.349,"Actual Rows": 6234,"Actual Loops": 5,"Inner Unique": true,"Workers": [],"Plans": [{"Node Type": "Seq Scan","Parent Relationship": "Outer","Parallel Aware": true,"Async Capable": false,"Relation Name": "lineitem","Alias": "lineitem","Startup Cost": 0.00,"Total Cost": 146259.83,"Plan Rows": 7307,"Plan Width": 15,"Actual Startup Time": 0.240,"Actual Total Time": 349.904,"Actual Rows": 6234,"Actual Loops": 5,"Filter": "((l_shipmode = ANY ('{MAIL,SHIP}'::bpchar[])) AND (l_commitdate < l_receiptdate) AND (l_shipdate < l_commitdate) AND (l_receiptdate >= '1993-01-01'::date) AND (l_receiptdate < '1994-01-01 00:00:00'::timestamp without time zone))","Rows Removed by Filter": 1194009,"Workers": []},{"Node Type": "Index Scan","Parent Relationship": "Inner","Parallel Aware": false,"Async Capable": false,"Scan Direction": "Forward","Index Name": "orders_pkey","Relation Name": "orders","Alias": "orders","Startup Cost": 0.43,"Total Cost": 3.57,"Plan Rows": 1,"Plan Width": 20,"Actual Startup Time": 0.005,"Actual Total Time": 0.005,"Actual Rows": 1,"Actual Loops": 31169,"Index Cond": "(o_orderkey = lineitem.l_orderkey)","Rows Removed by Index Recheck": 0,"Workers": []}]}]}]}]}]},"Planning Time": 3.944,"Triggers": [],"Execution Time": 429.771}]
[{"Plan": {"Node Type": "Aggregate","Strategy": "Sorted","Partial Mode": "Finalize","Parallel Aware": false,"Async Capable": false,"Startup Cost": 174031.36,"Total Cost": 174183.00,"Plan Rows": 7,"Plan Width": 27,"Actual Startup Time": 411.381,"Actual Total Time": 445.024,"Actual Rows": 2,"Actual Loops": 1,"Group Key": ["lineitem.l_shipmode"],"Plans": [{"Node Type": "Gather Merge","Parent Relationship": "Outer","Parallel Aware": false,"Async Capable": false,"Startup Cost": 174031.36,"Total Cost": 174182.72,"Plan Rows": 28,"Plan Width": 27,"Actual Startup Time": 410.514,"Actual Total Time": 444.979,"Actual Rows": 10,"Actual Loops": 1,"Workers Planned": 4,"Workers Launched": 4,"Plans": [{"Node Type": "Aggregate","Strategy": "Sorted","Partial Mode": "Partial","Parent Relationship": "Outer","Parallel Aware": false,"Async Capable": false,"Startup Cost": 173031.30,"Total Cost": 173179.33,"Plan Rows": 7,"Plan Width": 27,"Actual Startup Time": 401.916,"Actual Total Time": 402.658,"Actual Rows": 2,"Actual Loops": 5,"Group Key": ["lineitem.l_shipmode"],"Workers": [],"Plans": [{"Node Type": "Sort","Parent Relationship": "Outer","Parallel Aware": false,"Async Capable": false,"Startup Cost": 173031.30,"Total Cost": 173049.79,"Plan Rows": 7398,"Plan Width": 27,"Actual Startup Time": 401.153,"Actual Total Time": 401.409,"Actual Rows": 6249,"Actual Loops": 5,"Sort Key": ["lineitem.l_shipmode"],"Sort Method": "quicksort","Sort Space Used": 639,"Sort Space Type": "Memory","Workers": [{"Worker Number": 0,"Sort Method": "quicksort","Sort Space Used": 643,"Sort Space Type": "Memory"},{"Worker Number": 1,"Sort Method": "quicksort","Sort Space Used": 641,"Sort Space Type": "Memory"},{"Worker Number": 2,"Sort Method": "quicksort","Sort Space Used": 605,"Sort Space Type": "Memory"},{"Worker Number": 3,"Sort Method": "quicksort","Sort Space Used": 632,"Sort Space Type": "Memory"}],"Plans": [{"Node Type": "Nested Loop","Parent Relationship": "Outer","Parallel Aware": false,"Async Capable": false,"Join Type": "Inner","Startup Cost": 0.43,"Total Cost": 172555.87,"Plan Rows": 7398,"Plan Width": 27,"Actual Startup Time": 0.299,"Actual Total Time": 398.240,"Actual Rows": 6249,"Actual Loops": 5,"Inner Unique": true,"Workers": [],"Plans": [{"Node Type": "Seq Scan","Parent Relationship": "Outer","Parallel Aware": true,"Async Capable": false,"Relation Name": "lineitem","Alias": "lineitem","Startup Cost": 0.00,"Total Cost": 146259.83,"Plan Rows": 7399,"Plan Width": 15,"Actual Startup Time": 0.181,"Actual Total Time": 361.619,"Actual Rows": 6249,"Actual Loops": 5,"Filter": "((l_shipmode = ANY ('{TRUCK,SHIP}'::bpchar[])) AND (l_commitdate < l_receiptdate) AND (l_shipdate < l_commitdate) AND (l_receiptdate >= '1995-01-01'::date) AND (l_receiptdate < '1996-01-01 00:00:00'::timestamp without time zone))","Rows Removed by Filter": 1193994,"Workers": []},{"Node Type": "Index Scan","Parent Relationship": "Inner","Parallel Aware": false,"Async Capable": false,"Scan Direction": "Forward","Index Name": "orders_pkey","Relation Name": "orders","Alias": "orders","Startup Cost": 0.43,"Total Cost": 3.55,"Plan Rows": 1,"Plan Width": 20,"Actual Startup Time": 0.005,"Actual Total Time": 0.005,"Actual Rows": 1,"Actual Loops": 31245,"Index Cond": "(o_orderkey = lineitem.l_orderkey)","Rows Removed by Index Recheck": 0,"Workers": []}]}]}]}]}]},"Planning Time": 3.979,"Triggers": [],"Execution Time": 445.564}]
[{"Plan": {"Node Type": "Aggregate","Strategy": "Sorted","Partial Mode": "Finalize","Parallel Aware": false,"Async Capable": false,"Startup Cost": 173585.00,"Total Cost": 173732.54,"Plan Rows": 7,"Plan Width": 27,"Actual Startup Time": 397.166,"Actual Total Time": 430.640,"Actual Rows": 2,"Actual Loops": 1,"Group Key": ["lineitem.l_shipmode"],"Plans": [{"Node Type": "Gather Merge","Parent Relationship": "Outer","Parallel Aware": false,"Async Capable": false,"Startup Cost": 173585.00,"Total Cost": 173732.26,"Plan Rows": 28,"Plan Width": 27,"Actual Startup Time": 396.217,"Actual Total Time": 430.610,"Actual Rows": 10,"Actual Loops": 1,"Workers Planned": 4,"Workers Launched": 4,"Plans": [{"Node Type": "Aggregate","Strategy": "Sorted","Partial Mode": "Partial","Parent Relationship": "Outer","Parallel Aware": false,"Async Capable": false,"Startup Cost": 172584.94,"Total Cost": 172728.87,"Plan Rows": 7,"Plan Width": 27,"Actual Startup Time": 387.911,"Actual Total Time": 388.705,"Actual Rows": 2,"Actual Loops": 5,"Group Key": ["lineitem.l_shipmode"],"Workers": [],"Plans": [{"Node Type": "Sort","Parent Relationship": "Outer","Parallel Aware": false,"Async Capable": false,"Startup Cost": 172584.94,"Total Cost": 172602.92,"Plan Rows": 7193,"Plan Width": 27,"Actual Startup Time": 387.101,"Actual Total Time": 387.407,"Actual Rows": 6262,"Actual Loops": 5,"Sort Key": ["lineitem.l_shipmode"],"Sort Method": "quicksort","Sort Space Used": 631,"Sort Space Type": "Memory","Workers": [{"Worker Number": 0,"Sort Method": "quicksort","Sort Space Used": 633,"Sort Space Type": "Memory"},{"Worker Number": 1,"Sort Method": "quicksort","Sort Space Used": 633,"Sort Space Type": "Memory"},{"Worker Number": 2,"Sort Method": "quicksort","Sort Space Used": 632,"Sort Space Type": "Memory"},{"Worker Number": 3,"Sort Method": "quicksort","Sort Space Used": 635,"Sort Space Type": "Memory"}],"Plans": [{"Node Type": "Nested Loop","Parent Relationship": "Outer","Parallel Aware": false,"Async Capable": false,"Join Type": "Inner","Startup Cost": 0.43,"Total Cost": 172124.14,"Plan Rows": 7193,"Plan Width": 27,"Actual Startup Time": 0.403,"Actual Total Time": 384.277,"Actual Rows": 6262,"Actual Loops": 5,"Inner Unique": true,"Workers": [],"Plans": [{"Node Type": "Seq Scan","Parent Relationship": "Outer","Parallel Aware": true,"Async Capable": false,"Relation Name": "lineitem","Alias": "lineitem","Startup Cost": 0.00,"Total Cost": 146259.83,"Plan Rows": 7193,"Plan Width": 15,"Actual Startup Time": 0.276,"Actual Total Time": 349.772,"Actual Rows": 6262,"Actual Loops": 5,"Filter": "((l_shipmode = ANY ('{SHIP,RAIL}'::bpchar[])) AND (l_commitdate < l_receiptdate) AND (l_shipdate < l_commitdate) AND (l_receiptdate >= '1996-01-01'::date) AND (l_receiptdate < '1997-01-01 00:00:00'::timestamp without time zone))","Rows Removed by Filter": 1193981,"Workers": []},{"Node Type": "Index Scan","Parent Relationship": "Inner","Parallel Aware": false,"Async Capable": false,"Scan Direction": "Forward","Index Name": "orders_pkey","Relation Name": "orders","Alias": "orders","Startup Cost": 0.43,"Total Cost": 3.60,"Plan Rows": 1,"Plan Width": 20,"Actual Startup Time": 0.005,"Actual Total Time": 0.005,"Actual Rows": 1,"Actual Loops": 31308,"Index Cond": "(o_orderkey = lineitem.l_orderkey)","Rows Removed by Index Recheck": 0,"Workers": []}]}]}]}]}]},"Planning Time": 5.633,"Triggers": [],"Execution Time": 431.101}]
[{"Plan": {"Node Type": "Aggregate","Strategy": "Sorted","Partial Mode": "Finalize","Parallel Aware": false,"Async Capable": false,"Startup Cost": 173682.63,"Total Cost": 173831.08,"Plan Rows": 7,"Plan Width": 27,"Actual Startup Time": 398.801,"Actual Total Time": 431.822,"Actual Rows": 2,"Actual Loops": 1,"Group Key": ["lineitem.l_shipmode"],"Plans": [{"Node Type": "Gather Merge","Parent Relationship": "Outer","Parallel Aware": false,"Async Capable": false,"Startup Cost": 173682.63,"Total Cost": 173830.80,"Plan Rows": 28,"Plan Width": 27,"Actual Startup Time": 397.959,"Actual Total Time": 431.781,"Actual Rows": 10,"Actual Loops": 1,"Workers Planned": 4,"Workers Launched": 4,"Plans": [{"Node Type": "Aggregate","Strategy": "Sorted","Partial Mode": "Partial","Parent Relationship": "Outer","Parallel Aware": false,"Async Capable": false,"Startup Cost": 172682.58,"Total Cost": 172827.41,"Plan Rows": 7,"Plan Width": 27,"Actual Startup Time": 389.710,"Actual Total Time": 390.443,"Actual Rows": 2,"Actual Loops": 5,"Group Key": ["lineitem.l_shipmode"],"Workers": [],"Plans": [{"Node Type": "Sort","Parent Relationship": "Outer","Parallel Aware": false,"Async Capable": false,"Startup Cost": 172682.58,"Total Cost": 172700.67,"Plan Rows": 7238,"Plan Width": 27,"Actual Startup Time": 388.957,"Actual Total Time": 389.195,"Actual Rows": 6260,"Actual Loops": 5,"Sort Key": ["lineitem.l_shipmode"],"Sort Method": "quicksort","Sort Space Used": 634,"Sort Space Type": "Memory","Workers": [{"Worker Number": 0,"Sort Method": "quicksort","Sort Space Used": 629,"Sort Space Type": "Memory"},{"Worker Number": 1,"Sort Method": "quicksort","Sort Space Used": 630,"Sort Space Type": "Memory"},{"Worker Number": 2,"Sort Method": "quicksort","Sort Space Used": 634,"Sort Space Type": "Memory"},{"Worker Number": 3,"Sort Method": "quicksort","Sort Space Used": 636,"Sort Space Type": "Memory"}],"Plans": [{"Node Type": "Nested Loop","Parent Relationship": "Outer","Parallel Aware": false,"Async Capable": false,"Join Type": "Inner","Startup Cost": 0.43,"Total Cost": 172218.57,"Plan Rows": 7238,"Plan Width": 27,"Actual Startup Time": 0.208,"Actual Total Time": 386.196,"Actual Rows": 6260,"Actual Loops": 5,"Inner Unique": true,"Workers": [],"Plans": [{"Node Type": "Seq Scan","Parent Relationship": "Outer","Parallel Aware": true,"Async Capable": false,"Relation Name": "lineitem","Alias": "lineitem","Startup Cost": 0.00,"Total Cost": 146259.83,"Plan Rows": 7238,"Plan Width": 15,"Actual Startup Time": 0.091,"Actual Total Time": 351.764,"Actual Rows": 6260,"Actual Loops": 5,"Filter": "((l_shipmode = ANY ('{FOB,AIR}'::bpchar[])) AND (l_commitdate < l_receiptdate) AND (l_shipdate < l_commitdate) AND (l_receiptdate >= '1996-01-01'::date) AND (l_receiptdate < '1997-01-01 00:00:00'::timestamp without time zone))","Rows Removed by Filter": 1193983,"Workers": []},{"Node Type": "Index Scan","Parent Relationship": "Inner","Parallel Aware": false,"Async Capable": false,"Scan Direction": "Forward","Index Name": "orders_pkey","Relation Name": "orders","Alias": "orders","Startup Cost": 0.43,"Total Cost": 3.59,"Plan Rows": 1,"Plan Width": 20,"Actual Startup Time": 0.005,"Actual Total Time": 0.005,"Actual Rows": 1,"Actual Loops": 31301,"Index Cond": "(o_orderkey = lineitem.l_orderkey)","Rows Removed by Index Recheck": 0,"Workers": []}]}]}]}]}]},"Planning Time": 5.507,"Triggers": [],"Execution Time": 432.205}]
[{"Plan": {"Node Type": "Aggregate","Strategy": "Sorted","Partial Mode": "Finalize","Parallel Aware": false,"Async Capable": false,"Startup Cost": 173698.06,"Total Cost": 173846.64,"Plan Rows": 7,"Plan Width": 27,"Actual Startup Time": 402.798,"Actual Total Time": 436.196,"Actual Rows": 2,"Actual Loops": 1,"Group Key": ["lineitem.l_shipmode"],"Plans": [{"Node Type": "Gather Merge","Parent Relationship": "Outer","Parallel Aware": false,"Async Capable": false,"Startup Cost": 173698.06,"Total Cost": 173846.36,"Plan Rows": 28,"Plan Width": 27,"Actual Startup Time": 402.005,"Actual Total Time": 436.161,"Actual Rows": 10,"Actual Loops": 1,"Workers Planned": 4,"Workers Launched": 4,"Plans": [{"Node Type": "Aggregate","Strategy": "Sorted","Partial Mode": "Partial","Parent Relationship": "Outer","Parallel Aware": false,"Async Capable": false,"Startup Cost": 172698.00,"Total Cost": 172842.97,"Plan Rows": 7,"Plan Width": 27,"Actual Startup Time": 393.733,"Actual Total Time": 394.454,"Actual Rows": 2,"Actual Loops": 5,"Group Key": ["lineitem.l_shipmode"],"Workers": [],"Plans": [{"Node Type": "Sort","Parent Relationship": "Outer","Parallel Aware": false,"Async Capable": false,"Startup Cost": 172698.00,"Total Cost": 172716.11,"Plan Rows": 7245,"Plan Width": 27,"Actual Startup Time": 392.977,"Actual Total Time": 393.219,"Actual Rows": 6249,"Actual Loops": 5,"Sort Key": ["lineitem.l_shipmode"],"Sort Method": "quicksort","Sort Space Used": 640,"Sort Space Type": "Memory","Workers": [{"Worker Number": 0,"Sort Method": "quicksort","Sort Space Used": 615,"Sort Space Type": "Memory"},{"Worker Number": 1,"Sort Method": "quicksort","Sort Space Used": 629,"Sort Space Type": "Memory"},{"Worker Number": 2,"Sort Method": "quicksort","Sort Space Used": 640,"Sort Space Type": "Memory"},{"Worker Number": 3,"Sort Method": "quicksort","Sort Space Used": 634,"Sort Space Type": "Memory"}],"Plans": [{"Node Type": "Nested Loop","Parent Relationship": "Outer","Parallel Aware": false,"Async Capable": false,"Join Type": "Inner","Startup Cost": 0.43,"Total Cost": 172233.50,"Plan Rows": 7245,"Plan Width": 27,"Actual Startup Time": 0.385,"Actual Total Time": 390.010,"Actual Rows": 6249,"Actual Loops": 5,"Inner Unique": true,"Workers": [],"Plans": [{"Node Type": "Seq Scan","Parent Relationship": "Outer","Parallel Aware": true,"Async Capable": false,"Relation Name": "lineitem","Alias": "lineitem","Startup Cost": 0.00,"Total Cost": 146259.83,"Plan Rows": 7245,"Plan Width": 15,"Actual Startup Time": 0.258,"Actual Total Time": 353.748,"Actual Rows": 6249,"Actual Loops": 5,"Filter": "((l_shipmode = ANY ('{TRUCK,RAIL}'::bpchar[])) AND (l_commitdate < l_receiptdate) AND (l_shipdate < l_commitdate) AND (l_receiptdate >= '1996-01-01'::date) AND (l_receiptdate < '1997-01-01 00:00:00'::timestamp without time zone))","Rows Removed by Filter": 1193994,"Workers": []},{"Node Type": "Index Scan","Parent Relationship": "Inner","Parallel Aware": false,"Async Capable": false,"Scan Direction": "Forward","Index Name": "orders_pkey","Relation Name": "orders","Alias": "orders","Startup Cost": 0.43,"Total Cost": 3.59,"Plan Rows": 1,"Plan Width": 20,"Actual Startup Time": 0.005,"Actual Total Time": 0.005,"Actual Rows": 1,"Actual Loops": 31243,"Index Cond": "(o_orderkey = lineitem.l_orderkey)","Rows Removed by Index Recheck": 0,"Workers": []}]}]}]}]}]},"Planning Time": 5.276,"Triggers": [],"Execution Time": 436.908}]
[{"Plan": {"Node Type": "Aggregate","Strategy": "Sorted","Partial Mode": "Finalize","Parallel Aware": false,"Async Capable": false,"Startup Cost": 173601.43,"Total Cost": 173749.11,"Plan Rows": 7,"Plan Width": 27,"Actual Startup Time": 409.965,"Actual Total Time": 444.167,"Actual Rows": 2,"Actual Loops": 1,"Group Key": ["lineitem.l_shipmode"],"Plans": [{"Node Type": "Gather Merge","Parent Relationship": "Outer","Parallel Aware": false,"Async Capable": false,"Startup Cost": 173601.43,"Total Cost": 173748.83,"Plan Rows": 28,"Plan Width": 27,"Actual Startup Time": 409.056,"Actual Total Time": 444.127,"Actual Rows": 10,"Actual Loops": 1,"Workers Planned": 4,"Workers Launched": 4,"Plans": [{"Node Type": "Aggregate","Strategy": "Sorted","Partial Mode": "Partial","Parent Relationship": "Outer","Parallel Aware": false,"Async Capable": false,"Startup Cost": 172601.37,"Total Cost": 172745.44,"Plan Rows": 7,"Plan Width": 27,"Actual Startup Time": 400.034,"Actual Total Time": 400.792,"Actual Rows": 2,"Actual Loops": 5,"Group Key": ["lineitem.l_shipmode"],"Workers": [],"Plans": [{"Node Type": "Sort","Parent Relationship": "Outer","Parallel Aware": false,"Async Capable": false,"Startup Cost": 172601.37,"Total Cost": 172619.37,"Plan Rows": 7200,"Plan Width": 27,"Actual Startup Time": 399.291,"Actual Total Time": 399.542,"Actual Rows": 6241,"Actual Loops": 5,"Sort Key": ["lineitem.l_shipmode"],"Sort Method": "quicksort","Sort Space Used": 644,"Sort Space Type": "Memory","Workers": [{"Worker Number": 0,"Sort Method": "quicksort","Sort Space Used": 641,"Sort Space Type": "Memory"},{"Worker Number": 1,"Sort Method": "quicksort","Sort Space Used": 600,"Sort Space Type": "Memory"},{"Worker Number": 2,"Sort Method": "quicksort","Sort Space Used": 644,"Sort Space Type": "Memory"},{"Worker Number": 3,"Sort Method": "quicksort","Sort Space Used": 628,"Sort Space Type": "Memory"}],"Plans": [{"Node Type": "Nested Loop","Parent Relationship": "Outer","Parallel Aware": false,"Async Capable": false,"Join Type": "Inner","Startup Cost": 0.43,"Total Cost": 172140.07,"Plan Rows": 7200,"Plan Width": 27,"Actual Startup Time": 0.331,"Actual Total Time": 396.387,"Actual Rows": 6241,"Actual Loops": 5,"Inner Unique": true,"Workers": [],"Plans": [{"Node Type": "Seq Scan","Parent Relationship": "Outer","Parallel Aware": true,"Async Capable": false,"Relation Name": "lineitem","Alias": "lineitem","Startup Cost": 0.00,"Total Cost": 146259.83,"Plan Rows": 7200,"Plan Width": 15,"Actual Startup Time": 0.213,"Actual Total Time": 359.991,"Actual Rows": 6241,"Actual Loops": 5,"Filter": "((l_shipmode = ANY ('{AIR,RAIL}'::bpchar[])) AND (l_commitdate < l_receiptdate) AND (l_shipdate < l_commitdate) AND (l_receiptdate >= '1996-01-01'::date) AND (l_receiptdate < '1997-01-01 00:00:00'::timestamp without time zone))","Rows Removed by Filter": 1194002,"Workers": []},{"Node Type": "Index Scan","Parent Relationship": "Inner","Parallel Aware": false,"Async Capable": false,"Scan Direction": "Forward","Index Name": "orders_pkey","Relation Name": "orders","Alias": "orders","Startup Cost": 0.43,"Total Cost": 3.59,"Plan Rows": 1,"Plan Width": 20,"Actual Startup Time": 0.005,"Actual Total Time": 0.005,"Actual Rows": 1,"Actual Loops": 31206,"Index Cond": "(o_orderkey = lineitem.l_orderkey)","Rows Removed by Index Recheck": 0,"Workers": []}]}]}]}]}]},"Planning Time": 5.378,"Triggers": [],"Execution Time": 444.912}]
[{"Plan": {"Node Type": "Aggregate","Strategy": "Sorted","Partial Mode": "Finalize","Parallel Aware": false,"Async Capable": false,"Startup Cost": 173715.30,"Total Cost": 173864.04,"Plan Rows": 7,"Plan Width": 27,"Actual Startup Time": 414.685,"Actual Total Time": 447.775,"Actual Rows": 2,"Actual Loops": 1,"Group Key": ["lineitem.l_shipmode"],"Plans": [{"Node Type": "Gather Merge","Parent Relationship": "Outer","Parallel Aware": false,"Async Capable": false,"Startup Cost": 173715.30,"Total Cost": 173863.76,"Plan Rows": 28,"Plan Width": 27,"Actual Startup Time": 413.913,"Actual Total Time": 447.734,"Actual Rows": 10,"Actual Loops": 1,"Workers Planned": 4,"Workers Launched": 4,"Plans": [{"Node Type": "Aggregate","Strategy": "Sorted","Partial Mode": "Partial","Parent Relationship": "Outer","Parallel Aware": false,"Async Capable": false,"Startup Cost": 172715.24,"Total Cost": 172860.37,"Plan Rows": 7,"Plan Width": 27,"Actual Startup Time": 405.600,"Actual Total Time": 406.323,"Actual Rows": 2,"Actual Loops": 5,"Group Key": ["lineitem.l_shipmode"],"Workers": [],"Plans": [{"Node Type": "Sort","Parent Relationship": "Outer","Parallel Aware": false,"Async Capable": false,"Startup Cost": 172715.24,"Total Cost": 172733.37,"Plan Rows": 7253,"Plan Width": 27,"Actual Startup Time": 404.849,"Actual Total Time": 405.101,"Actual Rows": 6220,"Actual Loops": 5,"Sort Key": ["lineitem.l_shipmode"],"Sort Method": "quicksort","Sort Space Used": 614,"Sort Space Type": "Memory","Workers": [{"Worker Number": 0,"Sort Method": "quicksort","Sort Space Used": 638,"Sort Space Type": "Memory"},{"Worker Number": 1,"Sort Method": "quicksort","Sort Space Used": 642,"Sort Space Type": "Memory"},{"Worker Number": 2,"Sort Method": "quicksort","Sort Space Used": 645,"Sort Space Type": "Memory"},{"Worker Number": 3,"Sort Method": "quicksort","Sort Space Used": 611,"Sort Space Type": "Memory"}],"Plans": [{"Node Type": "Nested Loop","Parent Relationship": "Outer","Parallel Aware": false,"Async Capable": false,"Join Type": "Inner","Startup Cost": 0.43,"Total Cost": 172250.16,"Plan Rows": 7253,"Plan Width": 27,"Actual Startup Time": 0.461,"Actual Total Time": 401.909,"Actual Rows": 6220,"Actual Loops": 5,"Inner Unique": true,"Workers": [],"Plans": [{"Node Type": "Seq Scan","Parent Relationship": "Outer","Parallel Aware": true,"Async Capable": false,"Relation Name": "lineitem","Alias": "lineitem","Startup Cost": 0.00,"Total Cost": 146259.83,"Plan Rows": 7253,"Plan Width": 15,"Actual Startup Time": 0.362,"Actual Total Time": 365.175,"Actual Rows": 6220,"Actual Loops": 5,"Filter": "((l_shipmode = ANY ('{\"REG AIR\",AIR}'::bpchar[])) AND (l_commitdate < l_receiptdate) AND (l_shipdate < l_commitdate) AND (l_receiptdate >= '1993-01-01'::date) AND (l_receiptdate < '1994-01-01 00:00:00'::timestamp without time zone))","Rows Removed by Filter": 1194023,"Workers": []},{"Node Type": "Index Scan","Parent Relationship": "Inner","Parallel Aware": false,"Async Capable": false,"Scan Direction": "Forward","Index Name": "orders_pkey","Relation Name": "orders","Alias": "orders","Startup Cost": 0.43,"Total Cost": 3.58,"Plan Rows": 1,"Plan Width": 20,"Actual Startup Time": 0.006,"Actual Total Time": 0.006,"Actual Rows": 1,"Actual Loops": 31100,"Index Cond": "(o_orderkey = lineitem.l_orderkey)","Rows Removed by Index Recheck": 0,"Workers": []}]}]}]}]}]},"Planning Time": 5.615,"Triggers": [],"Execution Time": 448.541}]
[{"Plan": {"Node Type": "Aggregate","Strategy": "Sorted","Partial Mode": "Finalize","Parallel Aware": false,"Async Capable": false,"Startup Cost": 173991.94,"Total Cost": 174143.24,"Plan Rows": 7,"Plan Width": 27,"Actual Startup Time": 393.860,"Actual Total Time": 426.833,"Actual Rows": 2,"Actual Loops": 1,"Group Key": ["lineitem.l_shipmode"],"Plans": [{"Node Type": "Gather Merge","Parent Relationship": "Outer","Parallel Aware": false,"Async Capable": false,"Startup Cost": 173991.94,"Total Cost": 174142.96,"Plan Rows": 28,"Plan Width": 27,"Actual Startup Time": 393.015,"Actual Total Time": 426.800,"Actual Rows": 10,"Actual Loops": 1,"Workers Planned": 4,"Workers Launched": 4,"Plans": [{"Node Type": "Aggregate","Strategy": "Sorted","Partial Mode": "Partial","Parent Relationship": "Outer","Parallel Aware": false,"Async Capable": false,"Startup Cost": 172991.88,"Total Cost": 173139.57,"Plan Rows": 7,"Plan Width": 27,"Actual Startup Time": 385.068,"Actual Total Time": 385.797,"Actual Rows": 2,"Actual Loops": 5,"Group Key": ["lineitem.l_shipmode"],"Workers": [],"Plans": [{"Node Type": "Sort","Parent Relationship": "Outer","Parallel Aware": false,"Async Capable": false,"Startup Cost": 172991.88,"Total Cost": 173010.33,"Plan Rows": 7381,"Plan Width": 27,"Actual Startup Time": 384.308,"Actual Total Time": 384.558,"Actual Rows": 6214,"Actual Loops": 5,"Sort Key": ["lineitem.l_shipmode"],"Sort Method": "quicksort","Sort Space Used": 638,"Sort Space Type": "Memory","Workers": [{"Worker Number": 0,"Sort Method": "quicksort","Sort Space Used": 628,"Sort Space Type": "Memory"},{"Worker Number": 1,"Sort Method": "quicksort","Sort Space Used": 631,"Sort Space Type": "Memory"},{"Worker Number": 2,"Sort Method": "quicksort","Sort Space Used": 621,"Sort Space Type": "Memory"},{"Worker Number": 3,"Sort Method": "quicksort","Sort Space Used": 630,"Sort Space Type": "Memory"}],"Plans": [{"Node Type": "Nested Loop","Parent Relationship": "Outer","Parallel Aware": false,"Async Capable": false,"Join Type": "Inner","Startup Cost": 0.43,"Total Cost": 172517.67,"Plan Rows": 7381,"Plan Width": 27,"Actual Startup Time": 0.418,"Actual Total Time": 381.519,"Actual Rows": 6214,"Actual Loops": 5,"Inner Unique": true,"Workers": [],"Plans": [{"Node Type": "Seq Scan","Parent Relationship": "Outer","Parallel Aware": true,"Async Capable": false,"Relation Name": "lineitem","Alias": "lineitem","Startup Cost": 0.00,"Total Cost": 146259.83,"Plan Rows": 7381,"Plan Width": 15,"Actual Startup Time": 0.298,"Actual Total Time": 347.355,"Actual Rows": 6214,"Actual Loops": 5,"Filter": "((l_shipmode = ANY ('{RAIL,\"REG AIR\"}'::bpchar[])) AND (l_commitdate < l_receiptdate) AND (l_shipdate < l_commitdate) AND (l_receiptdate >= '1995-01-01'::date) AND (l_receiptdate < '1996-01-01 00:00:00'::timestamp without time zone))","Rows Removed by Filter": 1194029,"Workers": []},{"Node Type": "Index Scan","Parent Relationship": "Inner","Parallel Aware": false,"Async Capable": false,"Scan Direction": "Forward","Index Name": "orders_pkey","Relation Name": "orders","Alias": "orders","Startup Cost": 0.43,"Total Cost": 3.56,"Plan Rows": 1,"Plan Width": 20,"Actual Startup Time": 0.005,"Actual Total Time": 0.005,"Actual Rows": 1,"Actual Loops": 31068,"Index Cond": "(o_orderkey = lineitem.l_orderkey)","Rows Removed by Index Recheck": 0,"Workers": []}]}]}]}]}]},"Planning Time": 5.438,"Triggers": [],"Execution Time": 427.231}]
[{"Plan": {"Node Type": "Aggregate","Strategy": "Sorted","Partial Mode": "Finalize","Parallel Aware": false,"Async Capable": false,"Startup Cost": 173525.96,"Total Cost": 173672.97,"Plan Rows": 7,"Plan Width": 27,"Actual Startup Time": 395.756,"Actual Total Time": 428.373,"Actual Rows": 2,"Actual Loops": 1,"Group Key": ["lineitem.l_shipmode"],"Plans": [{"Node Type": "Gather Merge","Parent Relationship": "Outer","Parallel Aware": false,"Async Capable": false,"Startup Cost": 173525.96,"Total Cost": 173672.69,"Plan Rows": 28,"Plan Width": 27,"Actual Startup Time": 394.890,"Actual Total Time": 428.338,"Actual Rows": 10,"Actual Loops": 1,"Workers Planned": 4,"Workers Launched": 4,"Plans": [{"Node Type": "Aggregate","Strategy": "Sorted","Partial Mode": "Partial","Parent Relationship": "Outer","Parallel Aware": false,"Async Capable": false,"Startup Cost": 172525.90,"Total Cost": 172669.29,"Plan Rows": 7,"Plan Width": 27,"Actual Startup Time": 386.260,"Actual Total Time": 386.985,"Actual Rows": 2,"Actual Loops": 5,"Group Key": ["lineitem.l_shipmode"],"Workers": [],"Plans": [{"Node Type": "Sort","Parent Relationship": "Outer","Parallel Aware": false,"Async Capable": false,"Startup Cost": 172525.90,"Total Cost": 172543.82,"Plan Rows": 7166,"Plan Width": 27,"Actual Startup Time": 385.508,"Actual Total Time": 385.753,"Actual Rows": 6234,"Actual Loops": 5,"Sort Key": ["lineitem.l_shipmode"],"Sort Method": "quicksort","Sort Space Used": 650,"Sort Space Type": "Memory","Workers": [{"Worker Number": 0,"Sort Method": "quicksort","Sort Space Used": 625,"Sort Space Type": "Memory"},{"Worker Number": 1,"Sort Method": "quicksort","Sort Space Used": 628,"Sort Space Type": "Memory"},{"Worker Number": 2,"Sort Method": "quicksort","Sort Space Used": 617,"Sort Space Type": "Memory"},{"Worker Number": 3,"Sort Method": "quicksort","Sort Space Used": 634,"Sort Space Type": "Memory"}],"Plans": [{"Node Type": "Nested Loop","Parent Relationship": "Outer","Parallel Aware": false,"Async Capable": false,"Join Type": "Inner","Startup Cost": 0.43,"Total Cost": 172067.03,"Plan Rows": 7166,"Plan Width": 27,"Actual Startup Time": 0.372,"Actual Total Time": 382.716,"Actual Rows": 6234,"Actual Loops": 5,"Inner Unique": true,"Workers": [],"Plans": [{"Node Type": "Seq Scan","Parent Relationship": "Outer","Parallel Aware": true,"Async Capable": false,"Relation Name": "lineitem","Alias": "lineitem","Startup Cost": 0.00,"Total Cost": 146259.83,"Plan Rows": 7166,"Plan Width": 15,"Actual Startup Time": 0.240,"Actual Total Time": 348.201,"Actual Rows": 6234,"Actual Loops": 5,"Filter": "((l_shipmode = ANY ('{AIR,\"REG AIR\"}'::bpchar[])) AND (l_commitdate < l_receiptdate) AND (l_shipdate < l_commitdate) AND (l_receiptdate >= '1996-01-01'::date) AND (l_receiptdate < '1997-01-01 00:00:00'::timestamp without time zone))","Rows Removed by Filter": 1194009,"Workers": []},{"Node Type": "Index Scan","Parent Relationship": "Inner","Parallel Aware": false,"Async Capable": false,"Scan Direction": "Forward","Index Name": "orders_pkey","Relation Name": "orders","Alias": "orders","Startup Cost": 0.43,"Total Cost": 3.60,"Plan Rows": 1,"Plan Width": 20,"Actual Startup Time": 0.005,"Actual Total Time": 0.005,"Actual Rows": 1,"Actual Loops": 31171,"Index Cond": "(o_orderkey = lineitem.l_orderkey)","Rows Removed by Index Recheck": 0,"Workers": []}]}]}]}]}]},"Planning Time": 4.349,"Triggers": [],"Execution Time": 428.896}]
[{"Plan": {"Node Type": "Aggregate","Strategy": "Sorted","Partial Mode": "Finalize","Parallel Aware": false,"Async Capable": false,"Startup Cost": 173848.16,"Total Cost": 173998.13,"Plan Rows": 7,"Plan Width": 27,"Actual Startup Time": 401.562,"Actual Total Time": 435.026,"Actual Rows": 2,"Actual Loops": 1,"Group Key": ["lineitem.l_shipmode"],"Plans": [{"Node Type": "Gather Merge","Parent Relationship": "Outer","Parallel Aware": false,"Async Capable": false,"Startup Cost": 173848.16,"Total Cost": 173997.85,"Plan Rows": 28,"Plan Width": 27,"Actual Startup Time": 400.671,"Actual Total Time": 434.991,"Actual Rows": 10,"Actual Loops": 1,"Workers Planned": 4,"Workers Launched": 4,"Plans": [{"Node Type": "Aggregate","Strategy": "Sorted","Partial Mode": "Partial","Parent Relationship": "Outer","Parallel Aware": false,"Async Capable": false,"Startup Cost": 172848.10,"Total Cost": 172994.45,"Plan Rows": 7,"Plan Width": 27,"Actual Startup Time": 392.034,"Actual Total Time": 392.801,"Actual Rows": 2,"Actual Loops": 5,"Group Key": ["lineitem.l_shipmode"],"Workers": [],"Plans": [{"Node Type": "Sort","Parent Relationship": "Outer","Parallel Aware": false,"Async Capable": false,"Startup Cost": 172848.10,"Total Cost": 172866.39,"Plan Rows": 7314,"Plan Width": 27,"Actual Startup Time": 391.274,"Actual Total Time": 391.533,"Actual Rows": 6237,"Actual Loops": 5,"Sort Key": ["lineitem.l_shipmode"],"Sort Method": "quicksort","Sort Space Used": 640,"Sort Space Type": "Memory","Workers": [{"Worker Number": 0,"Sort Method": "quicksort","Sort Space Used": 629,"Sort Space Type": "Memory"},{"Worker Number": 1,"Sort Method": "quicksort","Sort Space Used": 642,"Sort Space Type": "Memory"},{"Worker Number": 2,"Sort Method": "quicksort","Sort Space Used": 622,"Sort Space Type": "Memory"},{"Worker Number": 3,"Sort Method": "quicksort","Sort Space Used": 622,"Sort Space Type": "Memory"}],"Plans": [{"Node Type": "Nested Loop","Parent Relationship": "Outer","Parallel Aware": false,"Async Capable": false,"Join Type": "Inner","Startup Cost": 0.43,"Total Cost": 172378.68,"Plan Rows": 7314,"Plan Width": 27,"Actual Startup Time": 0.437,"Actual Total Time": 388.411,"Actual Rows": 6237,"Actual Loops": 5,"Inner Unique": true,"Workers": [],"Plans": [{"Node Type": "Seq Scan","Parent Relationship": "Outer","Parallel Aware": true,"Async Capable": false,"Relation Name": "lineitem","Alias": "lineitem","Startup Cost": 0.00,"Total Cost": 146259.83,"Plan Rows": 7314,"Plan Width": 15,"Actual Startup Time": 0.325,"Actual Total Time": 353.860,"Actual Rows": 6237,"Actual Loops": 5,"Filter": "((l_shipmode = ANY ('{AIR,MAIL}'::bpchar[])) AND (l_commitdate < l_receiptdate) AND (l_shipdate < l_commitdate) AND (l_receiptdate >= '1993-01-01'::date) AND (l_receiptdate < '1994-01-01 00:00:00'::timestamp without time zone))","Rows Removed by Filter": 1194006,"Workers": []},{"Node Type": "Index Scan","Parent Relationship": "Inner","Parallel Aware": false,"Async Capable": false,"Scan Direction": "Forward","Index Name": "orders_pkey","Relation Name": "orders","Alias": "orders","Startup Cost": 0.43,"Total Cost": 3.57,"Plan Rows": 1,"Plan Width": 20,"Actual Startup Time": 0.005,"Actual Total Time": 0.005,"Actual Rows": 1,"Actual Loops": 31186,"Index Cond": "(o_orderkey = lineitem.l_orderkey)","Rows Removed by Index Recheck": 0,"Workers": []}]}]}]}]}]},"Planning Time": 5.452,"Triggers": [],"Execution Time": 435.515}]
[{"Plan": {"Node Type": "Aggregate","Strategy": "Sorted","Partial Mode": "Finalize","Parallel Aware": false,"Async Capable": false,"Startup Cost": 173497.14,"Total Cost": 173643.88,"Plan Rows": 7,"Plan Width": 27,"Actual Startup Time": 408.501,"Actual Total Time": 441.910,"Actual Rows": 2,"Actual Loops": 1,"Group Key": ["lineitem.l_shipmode"],"Plans": [{"Node Type": "Gather Merge","Parent Relationship": "Outer","Parallel Aware": false,"Async Capable": false,"Startup Cost": 173497.14,"Total Cost": 173643.60,"Plan Rows": 28,"Plan Width": 27,"Actual Startup Time": 407.650,"Actual Total Time": 441.877,"Actual Rows": 10,"Actual Loops": 1,"Workers Planned": 4,"Workers Launched": 4,"Plans": [{"Node Type": "Aggregate","Strategy": "Sorted","Partial Mode": "Partial","Parent Relationship": "Outer","Parallel Aware": false,"Async Capable": false,"Startup Cost": 172497.08,"Total Cost": 172640.21,"Plan Rows": 7,"Plan Width": 27,"Actual Startup Time": 399.237,"Actual Total Time": 399.959,"Actual Rows": 2,"Actual Loops": 5,"Group Key": ["lineitem.l_shipmode"],"Workers": [],"Plans": [{"Node Type": "Sort","Parent Relationship": "Outer","Parallel Aware": false,"Async Capable": false,"Startup Cost": 172497.08,"Total Cost": 172514.96,"Plan Rows": 7153,"Plan Width": 27,"Actual Startup Time": 398.488,"Actual Total Time": 398.738,"Actual Rows": 6195,"Actual Loops": 5,"Sort Key": ["lineitem.l_shipmode"],"Sort Method": "quicksort","Sort Space Used": 635,"Sort Space Type": "Memory","Workers": [{"Worker Number": 0,"Sort Method": "quicksort","Sort Space Used": 604,"Sort Space Type": "Memory"},{"Worker Number": 1,"Sort Method": "quicksort","Sort Space Used": 637,"Sort Space Type": "Memory"},{"Worker Number": 2,"Sort Method": "quicksort","Sort Space Used": 633,"Sort Space Type": "Memory"},{"Worker Number": 3,"Sort Method": "quicksort","Sort Space Used": 631,"Sort Space Type": "Memory"}],"Plans": [{"Node Type": "Nested Loop","Parent Relationship": "Outer","Parallel Aware": false,"Async Capable": false,"Join Type": "Inner","Startup Cost": 0.43,"Total Cost": 172039.13,"Plan Rows": 7153,"Plan Width": 27,"Actual Startup Time": 0.245,"Actual Total Time": 395.558,"Actual Rows": 6195,"Actual Loops": 5,"Inner Unique": true,"Workers": [],"Plans": [{"Node Type": "Seq Scan","Parent Relationship": "Outer","Parallel Aware": true,"Async Capable": false,"Relation Name": "lineitem","Alias": "lineitem","Startup Cost": 0.00,"Total Cost": 146259.83,"Plan Rows": 7153,"Plan Width": 15,"Actual Startup Time": 0.123,"Actual Total Time": 359.418,"Actual Rows": 6195,"Actual Loops": 5,"Filter": "((l_shipmode = ANY ('{\"REG AIR\",FOB}'::bpchar[])) AND (l_commitdate < l_receiptdate) AND (l_shipdate < l_commitdate) AND (l_receiptdate >= '1994-01-01'::date) AND (l_receiptdate < '1995-01-01 00:00:00'::timestamp without time zone))","Rows Removed by Filter": 1194048,"Workers": []},{"Node Type": "Index Scan","Parent Relationship": "Inner","Parallel Aware": false,"Async Capable": false,"Scan Direction": "Forward","Index Name": "orders_pkey","Relation Name": "orders","Alias": "orders","Startup Cost": 0.43,"Total Cost": 3.60,"Plan Rows": 1,"Plan Width": 20,"Actual Startup Time": 0.005,"Actual Total Time": 0.005,"Actual Rows": 1,"Actual Loops": 30976,"Index Cond": "(o_orderkey = lineitem.l_orderkey)","Rows Removed by Index Recheck": 0,"Workers": []}]}]}]}]}]},"Planning Time": 4.987,"Triggers": [],"Execution Time": 442.600}]
[{"Plan": {"Node Type": "Aggregate","Strategy": "Sorted","Partial Mode": "Finalize","Parallel Aware": false,"Async Capable": false,"Startup Cost": 173627.75,"Total Cost": 173775.71,"Plan Rows": 7,"Plan Width": 27,"Actual Startup Time": 396.174,"Actual Total Time": 430.546,"Actual Rows": 2,"Actual Loops": 1,"Group Key": ["lineitem.l_shipmode"],"Plans": [{"Node Type": "Gather Merge","Parent Relationship": "Outer","Parallel Aware": false,"Async Capable": false,"Startup Cost": 173627.75,"Total Cost": 173775.43,"Plan Rows": 28,"Plan Width": 27,"Actual Startup Time": 395.297,"Actual Total Time": 430.494,"Actual Rows": 10,"Actual Loops": 1,"Workers Planned": 4,"Workers Launched": 4,"Plans": [{"Node Type": "Aggregate","Strategy": "Sorted","Partial Mode": "Partial","Parent Relationship": "Outer","Parallel Aware": false,"Async Capable": false,"Startup Cost": 172627.69,"Total Cost": 172772.04,"Plan Rows": 7,"Plan Width": 27,"Actual Startup Time": 386.999,"Actual Total Time": 387.720,"Actual Rows": 2,"Actual Loops": 5,"Group Key": ["lineitem.l_shipmode"],"Workers": [],"Plans": [{"Node Type": "Sort","Parent Relationship": "Outer","Parallel Aware": false,"Async Capable": false,"Startup Cost": 172627.69,"Total Cost": 172645.72,"Plan Rows": 7214,"Plan Width": 27,"Actual Startup Time": 386.233,"Actual Total Time": 386.474,"Actual Rows": 6259,"Actual Loops": 5,"Sort Key": ["lineitem.l_shipmode"],"Sort Method": "quicksort","Sort Space Used": 649,"Sort Space Type": "Memory","Workers": [{"Worker Number": 0,"Sort Method": "quicksort","Sort Space Used": 619,"Sort Space Type": "Memory"},{"Worker Number": 1,"Sort Method": "quicksort","Sort Space Used": 627,"Sort Space Type": "Memory"},{"Worker Number": 2,"Sort Method": "quicksort","Sort Space Used": 633,"Sort Space Type": "Memory"},{"Worker Number": 3,"Sort Method": "quicksort","Sort Space Used": 635,"Sort Space Type": "Memory"}],"Plans": [{"Node Type": "Nested Loop","Parent Relationship": "Outer","Parallel Aware": false,"Async Capable": false,"Join Type": "Inner","Startup Cost": 0.43,"Total Cost": 172165.39,"Plan Rows": 7214,"Plan Width": 27,"Actual Startup Time": 0.257,"Actual Total Time": 383.392,"Actual Rows": 6259,"Actual Loops": 5,"Inner Unique": true,"Workers": [],"Plans": [{"Node Type": "Seq Scan","Parent Relationship": "Outer","Parallel Aware": true,"Async Capable": false,"Relation Name": "lineitem","Alias": "lineitem","Startup Cost": 0.00,"Total Cost": 146259.83,"Plan Rows": 7213,"Plan Width": 15,"Actual Startup Time": 0.140,"Actual Total Time": 348.159,"Actual Rows": 6259,"Actual Loops": 5,"Filter": "((l_shipmode = ANY ('{\"REG AIR\",MAIL}'::bpchar[])) AND (l_commitdate < l_receiptdate) AND (l_shipdate < l_commitdate) AND (l_receiptdate >= '1997-01-01'::date) AND (l_receiptdate < '1998-01-01 00:00:00'::timestamp without time zone))","Rows Removed by Filter": 1193984,"Workers": []},{"Node Type": "Index Scan","Parent Relationship": "Inner","Parallel Aware": false,"Async Capable": false,"Scan Direction": "Forward","Index Name": "orders_pkey","Relation Name": "orders","Alias": "orders","Startup Cost": 0.43,"Total Cost": 3.59,"Plan Rows": 1,"Plan Width": 20,"Actual Startup Time": 0.005,"Actual Total Time": 0.005,"Actual Rows": 1,"Actual Loops": 31295,"Index Cond": "(o_orderkey = lineitem.l_orderkey)","Rows Removed by Index Recheck": 0,"Workers": []}]}]}]}]}]},"Planning Time": 3.963,"Triggers": [],"Execution Time": 431.238}]
[{"Plan": {"Node Type": "Aggregate","Strategy": "Sorted","Partial Mode": "Finalize","Parallel Aware": false,"Async Capable": false,"Startup Cost": 173670.87,"Total Cost": 173819.19,"Plan Rows": 7,"Plan Width": 27,"Actual Startup Time": 404.675,"Actual Total Time": 438.377,"Actual Rows": 2,"Actual Loops": 1,"Group Key": ["lineitem.l_shipmode"],"Plans": [{"Node Type": "Gather Merge","Parent Relationship": "Outer","Parallel Aware": false,"Async Capable": false,"Startup Cost": 173670.87,"Total Cost": 173818.91,"Plan Rows": 28,"Plan Width": 27,"Actual Startup Time": 403.820,"Actual Total Time": 438.340,"Actual Rows": 10,"Actual Loops": 1,"Workers Planned": 4,"Workers Launched": 4,"Plans": [{"Node Type": "Aggregate","Strategy": "Sorted","Partial Mode": "Partial","Parent Relationship": "Outer","Parallel Aware": false,"Async Capable": false,"Startup Cost": 172670.81,"Total Cost": 172815.52,"Plan Rows": 7,"Plan Width": 27,"Actual Startup Time": 395.863,"Actual Total Time": 396.615,"Actual Rows": 2,"Actual Loops": 5,"Group Key": ["lineitem.l_shipmode"],"Workers": [],"Plans": [{"Node Type": "Sort","Parent Relationship": "Outer","Parallel Aware": false,"Async Capable": false,"Startup Cost": 172670.81,"Total Cost": 172688.89,"Plan Rows": 7232,"Plan Width": 27,"Actual Startup Time": 395.101,"Actual Total Time": 395.367,"Actual Rows": 6281,"Actual Loops": 5,"Sort Key": ["lineitem.l_shipmode"],"Sort Method": "quicksort","Sort Space Used": 656,"Sort Space Type": "Memory","Workers": [{"Worker Number": 0,"Sort Method": "quicksort","Sort Space Used": 624,"Sort Space Type": "Memory"},{"Worker Number": 1,"Sort Method": "quicksort","Sort Space Used": 627,"Sort Space Type": "Memory"},{"Worker Number": 2,"Sort Method": "quicksort","Sort Space Used": 639,"Sort Space Type": "Memory"},{"Worker Number": 3,"Sort Method": "quicksort","Sort Space Used": 625,"Sort Space Type": "Memory"}],"Plans": [{"Node Type": "Nested Loop","Parent Relationship": "Outer","Parallel Aware": false,"Async Capable": false,"Join Type": "Inner","Startup Cost": 0.43,"Total Cost": 172207.23,"Plan Rows": 7232,"Plan Width": 27,"Actual Startup Time": 0.235,"Actual Total Time": 392.159,"Actual Rows": 6281,"Actual Loops": 5,"Inner Unique": true,"Workers": [],"Plans": [{"Node Type": "Seq Scan","Parent Relationship": "Outer","Parallel Aware": true,"Async Capable": false,"Relation Name": "lineitem","Alias": "lineitem","Startup Cost": 0.00,"Total Cost": 146259.83,"Plan Rows": 7232,"Plan Width": 15,"Actual Startup Time": 0.120,"Actual Total Time": 356.368,"Actual Rows": 6281,"Actual Loops": 5,"Filter": "((l_shipmode = ANY ('{FOB,SHIP}'::bpchar[])) AND (l_commitdate < l_receiptdate) AND (l_shipdate < l_commitdate) AND (l_receiptdate >= '1996-01-01'::date) AND (l_receiptdate < '1997-01-01 00:00:00'::timestamp without time zone))","Rows Removed by Filter": 1193962,"Workers": []},{"Node Type": "Index Scan","Parent Relationship": "Inner","Parallel Aware": false,"Async Capable": false,"Scan Direction": "Forward","Index Name": "orders_pkey","Relation Name": "orders","Alias": "orders","Startup Cost": 0.43,"Total Cost": 3.59,"Plan Rows": 1,"Plan Width": 20,"Actual Startup Time": 0.005,"Actual Total Time": 0.005,"Actual Rows": 1,"Actual Loops": 31403,"Index Cond": "(o_orderkey = lineitem.l_orderkey)","Rows Removed by Index Recheck": 0,"Workers": []}]}]}]}]}]},"Planning Time": 4.303,"Triggers": [],"Execution Time": 438.798}]
[{"Plan": {"Node Type": "Aggregate","Strategy": "Sorted","Partial Mode": "Finalize","Parallel Aware": false,"Async Capable": false,"Startup Cost": 173743.69,"Total Cost": 173892.69,"Plan Rows": 7,"Plan Width": 27,"Actual Startup Time": 397.413,"Actual Total Time": 431.250,"Actual Rows": 2,"Actual Loops": 1,"Group Key": ["lineitem.l_shipmode"],"Plans": [{"Node Type": "Gather Merge","Parent Relationship": "Outer","Parallel Aware": false,"Async Capable": false,"Startup Cost": 173743.69,"Total Cost": 173892.41,"Plan Rows": 28,"Plan Width": 27,"Actual Startup Time": 396.567,"Actual Total Time": 431.216,"Actual Rows": 10,"Actual Loops": 1,"Workers Planned": 4,"Workers Launched": 4,"Plans": [{"Node Type": "Aggregate","Strategy": "Sorted","Partial Mode": "Partial","Parent Relationship": "Outer","Parallel Aware": false,"Async Capable": false,"Startup Cost": 172743.63,"Total Cost": 172889.02,"Plan Rows": 7,"Plan Width": 27,"Actual Startup Time": 388.621,"Actual Total Time": 389.370,"Actual Rows": 2,"Actual Loops": 5,"Group Key": ["lineitem.l_shipmode"],"Workers": [],"Plans": [{"Node Type": "Sort","Parent Relationship": "Outer","Parallel Aware": false,"Async Capable": false,"Startup Cost": 172743.63,"Total Cost": 172761.79,"Plan Rows": 7266,"Plan Width": 27,"Actual Startup Time": 387.860,"Actual Total Time": 388.115,"Actual Rows": 6262,"Actual Loops": 5,"Sort Key": ["lineitem.l_shipmode"],"Sort Method": "quicksort","Sort Space Used": 630,"Sort Space Type": "Memory","Workers": [{"Worker Number": 0,"Sort Method": "quicksort","Sort Space Used": 627,"Sort Space Type": "Memory"},{"Worker Number": 1,"Sort Method": "quicksort","Sort Space Used": 632,"Sort Space Type": "Memory"},{"Worker Number": 2,"Sort Method": "quicksort","Sort Space Used": 629,"Sort Space Type": "Memory"},{"Worker Number": 3,"Sort Method": "quicksort","Sort Space Used": 645,"Sort Space Type": "Memory"}],"Plans": [{"Node Type": "Nested Loop","Parent Relationship": "Outer","Parallel Aware": false,"Async Capable": false,"Join Type": "Inner","Startup Cost": 0.43,"Total Cost": 172277.63,"Plan Rows": 7266,"Plan Width": 27,"Actual Startup Time": 0.243,"Actual Total Time": 385.023,"Actual Rows": 6262,"Actual Loops": 5,"Inner Unique": true,"Workers": [],"Plans": [{"Node Type": "Seq Scan","Parent Relationship": "Outer","Parallel Aware": true,"Async Capable": false,"Relation Name": "lineitem","Alias": "lineitem","Startup Cost": 0.00,"Total Cost": 146259.83,"Plan Rows": 7266,"Plan Width": 15,"Actual Startup Time": 0.120,"Actual Total Time": 350.916,"Actual Rows": 6262,"Actual Loops": 5,"Filter": "((l_shipmode = ANY ('{RAIL,FOB}'::bpchar[])) AND (l_commitdate < l_receiptdate) AND (l_shipdate < l_commitdate) AND (l_receiptdate >= '1996-01-01'::date) AND (l_receiptdate < '1997-01-01 00:00:00'::timestamp without time zone))","Rows Removed by Filter": 1193981,"Workers": []},{"Node Type": "Index Scan","Parent Relationship": "Inner","Parallel Aware": false,"Async Capable": false,"Scan Direction": "Forward","Index Name": "orders_pkey","Relation Name": "orders","Alias": "orders","Startup Cost": 0.43,"Total Cost": 3.58,"Plan Rows": 1,"Plan Width": 20,"Actual Startup Time": 0.005,"Actual Total Time": 0.005,"Actual Rows": 1,"Actual Loops": 31309,"Index Cond": "(o_orderkey = lineitem.l_orderkey)","Rows Removed by Index Recheck": 0,"Workers": []}]}]}]}]}]},"Planning Time": 4.455,"Triggers": [],"Execution Time": 431.816}]
[{"Plan": {"Node Type": "Aggregate","Strategy": "Sorted","Partial Mode": "Finalize","Parallel Aware": false,"Async Capable": false,"Startup Cost": 173713.32,"Total Cost": 173862.04,"Plan Rows": 7,"Plan Width": 27,"Actual Startup Time": 403.012,"Actual Total Time": 437.680,"Actual Rows": 2,"Actual Loops": 1,"Group Key": ["lineitem.l_shipmode"],"Plans": [{"Node Type": "Gather Merge","Parent Relationship": "Outer","Parallel Aware": false,"Async Capable": false,"Startup Cost": 173713.32,"Total Cost": 173861.76,"Plan Rows": 28,"Plan Width": 27,"Actual Startup Time": 402.216,"Actual Total Time": 437.648,"Actual Rows": 10,"Actual Loops": 1,"Workers Planned": 4,"Workers Launched": 4,"Plans": [{"Node Type": "Aggregate","Strategy": "Sorted","Partial Mode": "Partial","Parent Relationship": "Outer","Parallel Aware": false,"Async Capable": false,"Startup Cost": 172713.26,"Total Cost": 172858.37,"Plan Rows": 7,"Plan Width": 27,"Actual Startup Time": 393.427,"Actual Total Time": 394.158,"Actual Rows": 2,"Actual Loops": 5,"Group Key": ["lineitem.l_shipmode"],"Workers": [],"Plans": [{"Node Type": "Sort","Parent Relationship": "Outer","Parallel Aware": false,"Async Capable": false,"Startup Cost": 172713.26,"Total Cost": 172731.39,"Plan Rows": 7252,"Plan Width": 27,"Actual Startup Time": 392.674,"Actual Total Time": 392.915,"Actual Rows": 6242,"Actual Loops": 5,"Sort Key": ["lineitem.l_shipmode"],"Sort Method": "quicksort","Sort Space Used": 634,"Sort Space Type": "Memory","Workers": [{"Worker Number": 0,"Sort Method": "quicksort","Sort Space Used": 622,"Sort Space Type": "Memory"},{"Worker Number": 1,"Sort Method": "quicksort","Sort Space Used": 637,"Sort Space Type": "Memory"},{"Worker Number": 2,"Sort Method": "quicksort","Sort Space Used": 628,"Sort Space Type": "Memory"},{"Worker Number": 3,"Sort Method": "quicksort","Sort Space Used": 636,"Sort Space Type": "Memory"}],"Plans": [{"Node Type": "Nested Loop","Parent Relationship": "Outer","Parallel Aware": false,"Async Capable": false,"Join Type": "Inner","Startup Cost": 0.43,"Total Cost": 172248.26,"Plan Rows": 7252,"Plan Width": 27,"Actual Startup Time": 0.397,"Actual Total Time": 389.709,"Actual Rows": 6242,"Actual Loops": 5,"Inner Unique": true,"Workers": [],"Plans": [{"Node Type": "Seq Scan","Parent Relationship": "Outer","Parallel Aware": true,"Async Capable": false,"Relation Name": "lineitem","Alias": "lineitem","Startup Cost": 0.00,"Total Cost": 146259.83,"Plan Rows": 7252,"Plan Width": 15,"Actual Startup Time": 0.274,"Actual Total Time": 353.766,"Actual Rows": 6242,"Actual Loops": 5,"Filter": "((l_shipmode = ANY ('{AIR,SHIP}'::bpchar[])) AND (l_commitdate < l_receiptdate) AND (l_shipdate < l_commitdate) AND (l_receiptdate >= '1993-01-01'::date) AND (l_receiptdate < '1994-01-01 00:00:00'::timestamp without time zone))","Rows Removed by Filter": 1194001,"Workers": []},{"Node Type": "Index Scan","Parent Relationship": "Inner","Parallel Aware": false,"Async Capable": false,"Scan Direction": "Forward","Index Name": "orders_pkey","Relation Name": "orders","Alias": "orders","Startup Cost": 0.43,"Total Cost": 3.58,"Plan Rows": 1,"Plan Width": 20,"Actual Startup Time": 0.005,"Actual Total Time": 0.005,"Actual Rows": 1,"Actual Loops": 31209,"Index Cond": "(o_orderkey = lineitem.l_orderkey)","Rows Removed by Index Recheck": 0,"Workers": []}]}]}]}]}]},"Planning Time": 4.800,"Triggers": [],"Execution Time": 438.379}]
[{"Plan": {"Node Type": "Aggregate","Strategy": "Sorted","Partial Mode": "Finalize","Parallel Aware": false,"Async Capable": false,"Startup Cost": 173352.66,"Total Cost": 173498.10,"Plan Rows": 7,"Plan Width": 27,"Actual Startup Time": 394.304,"Actual Total Time": 427.260,"Actual Rows": 2,"Actual Loops": 1,"Group Key": ["lineitem.l_shipmode"],"Plans": [{"Node Type": "Gather Merge","Parent Relationship": "Outer","Parallel Aware": false,"Async Capable": false,"Startup Cost": 173352.66,"Total Cost": 173497.82,"Plan Rows": 28,"Plan Width": 27,"Actual Startup Time": 393.478,"Actual Total Time": 427.219,"Actual Rows": 10,"Actual Loops": 1,"Workers Planned": 4,"Workers Launched": 4,"Plans": [{"Node Type": "Aggregate","Strategy": "Sorted","Partial Mode": "Partial","Parent Relationship": "Outer","Parallel Aware": false,"Async Capable": false,"Startup Cost": 172352.60,"Total Cost": 172494.43,"Plan Rows": 7,"Plan Width": 27,"Actual Startup Time": 385.466,"Actual Total Time": 386.182,"Actual Rows": 2,"Actual Loops": 5,"Group Key": ["lineitem.l_shipmode"],"Workers": [],"Plans": [{"Node Type": "Sort","Parent Relationship": "Outer","Parallel Aware": false,"Async Capable": false,"Startup Cost": 172352.60,"Total Cost": 172370.32,"Plan Rows": 7088,"Plan Width": 27,"Actual Startup Time": 384.723,"Actual Total Time": 384.957,"Actual Rows": 6181,"Actual Loops": 5,"Sort Key": ["lineitem.l_shipmode"],"Sort Method": "quicksort","Sort Space Used": 641,"Sort Space Type": "Memory","Workers": [{"Worker Number": 0,"Sort Method": "quicksort","Sort Space Used": 621,"Sort Space Type": "Memory"},{"Worker Number": 1,"Sort Method": "quicksort","Sort Space Used": 612,"Sort Space Type": "Memory"},{"Worker Number": 2,"Sort Method": "quicksort","Sort Space Used": 630,"Sort Space Type": "Memory"},{"Worker Number": 3,"Sort Method": "quicksort","Sort Space Used": 632,"Sort Space Type": "Memory"}],"Plans": [{"Node Type": "Nested Loop","Parent Relationship": "Outer","Parallel Aware": false,"Async Capable": false,"Join Type": "Inner","Startup Cost": 0.43,"Total Cost": 171899.28,"Plan Rows": 7088,"Plan Width": 27,"Actual Startup Time": 0.199,"Actual Total Time": 381.990,"Actual Rows": 6181,"Actual Loops": 5,"Inner Unique": true,"Workers": [],"Plans": [{"Node Type": "Seq Scan","Parent Relationship": "Outer","Parallel Aware": true,"Async Capable": false,"Relation Name": "lineitem","Alias": "lineitem","Startup Cost": 0.00,"Total Cost": 146259.83,"Plan Rows": 7087,"Plan Width": 15,"Actual Startup Time": 0.078,"Actual Total Time": 347.965,"Actual Rows": 6181,"Actual Loops": 5,"Filter": "((l_shipmode = ANY ('{AIR,\"REG AIR\"}'::bpchar[])) AND (l_commitdate < l_receiptdate) AND (l_shipdate < l_commitdate) AND (l_receiptdate >= '1994-01-01'::date) AND (l_receiptdate < '1995-01-01 00:00:00'::timestamp without time zone))","Rows Removed by Filter": 1194062,"Workers": []},{"Node Type": "Index Scan","Parent Relationship": "Inner","Parallel Aware": false,"Async Capable": false,"Scan Direction": "Forward","Index Name": "orders_pkey","Relation Name": "orders","Alias": "orders","Startup Cost": 0.43,"Total Cost": 3.62,"Plan Rows": 1,"Plan Width": 20,"Actual Startup Time": 0.005,"Actual Total Time": 0.005,"Actual Rows": 1,"Actual Loops": 30907,"Index Cond": "(o_orderkey = lineitem.l_orderkey)","Rows Removed by Index Recheck": 0,"Workers": []}]}]}]}]}]},"Planning Time": 4.101,"Triggers": [],"Execution Time": 427.609}]
[{"Plan": {"Node Type": "Aggregate","Strategy": "Sorted","Partial Mode": "Finalize","Parallel Aware": false,"Async Capable": false,"Startup Cost": 173861.35,"Total Cost": 174011.44,"Plan Rows": 7,"Plan Width": 27,"Actual Startup Time": 401.869,"Actual Total Time": 436.691,"Actual Rows": 2,"Actual Loops": 1,"Group Key": ["lineitem.l_shipmode"],"Plans": [{"Node Type": "Gather Merge","Parent Relationship": "Outer","Parallel Aware": false,"Async Capable": false,"Startup Cost": 173861.35,"Total Cost": 174011.16,"Plan Rows": 28,"Plan Width": 27,"Actual Startup Time": 401.034,"Actual Total Time": 436.659,"Actual Rows": 10,"Actual Loops": 1,"Workers Planned": 4,"Workers Launched": 4,"Plans": [{"Node Type": "Aggregate","Strategy": "Sorted","Partial Mode": "Partial","Parent Relationship": "Outer","Parallel Aware": false,"Async Capable": false,"Startup Cost": 172861.29,"Total Cost": 173007.76,"Plan Rows": 7,"Plan Width": 27,"Actual Startup Time": 392.967,"Actual Total Time": 393.697,"Actual Rows": 2,"Actual Loops": 5,"Group Key": ["lineitem.l_shipmode"],"Workers": [],"Plans": [{"Node Type": "Sort","Parent Relationship": "Outer","Parallel Aware": false,"Async Capable": false,"Startup Cost": 172861.29,"Total Cost": 172879.59,"Plan Rows": 7320,"Plan Width": 27,"Actual Startup Time": 392.229,"Actual Total Time": 392.468,"Actual Rows": 6227,"Actual Loops": 5,"Sort Key": ["lineitem.l_shipmode"],"Sort Method": "quicksort","Sort Space Used": 646,"Sort Space Type": "Memory","Workers": [{"Worker Number": 0,"Sort Method": "quicksort","Sort Space Used": 630,"Sort Space Type": "Memory"},{"Worker Number": 1,"Sort Method": "quicksort","Sort Space Used": 620,"Sort Space Type": "Memory"},{"Worker Number": 2,"Sort Method": "quicksort","Sort Space Used": 624,"Sort Space Type": "Memory"},{"Worker Number": 3,"Sort Method": "quicksort","Sort Space Used": 632,"Sort Space Type": "Memory"}],"Plans": [{"Node Type": "Nested Loop","Parent Relationship": "Outer","Parallel Aware": false,"Async Capable": false,"Join Type": "Inner","Startup Cost": 0.43,"Total Cost": 172391.43,"Plan Rows": 7320,"Plan Width": 27,"Actual Startup Time": 0.357,"Actual Total Time": 389.272,"Actual Rows": 6227,"Actual Loops": 5,"Inner Unique": true,"Workers": [],"Plans": [{"Node Type": "Seq Scan","Parent Relationship": "Outer","Parallel Aware": true,"Async Capable": false,"Relation Name": "lineitem","Alias": "lineitem","Startup Cost": 0.00,"Total Cost": 146259.83,"Plan Rows": 7320,"Plan Width": 15,"Actual Startup Time": 0.239,"Actual Total Time": 353.812,"Actual Rows": 6227,"Actual Loops": 5,"Filter": "((l_shipmode = ANY ('{SHIP,FOB}'::bpchar[])) AND (l_commitdate < l_receiptdate) AND (l_shipdate < l_commitdate) AND (l_receiptdate >= '1993-01-01'::date) AND (l_receiptdate < '1994-01-01 00:00:00'::timestamp without time zone))","Rows Removed by Filter": 1194016,"Workers": []},{"Node Type": "Index Scan","Parent Relationship": "Inner","Parallel Aware": false,"Async Capable": false,"Scan Direction": "Forward","Index Name": "orders_pkey","Relation Name": "orders","Alias": "orders","Startup Cost": 0.43,"Total Cost": 3.57,"Plan Rows": 1,"Plan Width": 20,"Actual Startup Time": 0.005,"Actual Total Time": 0.005,"Actual Rows": 1,"Actual Loops": 31133,"Index Cond": "(o_orderkey = lineitem.l_orderkey)","Rows Removed by Index Recheck": 0,"Workers": []}]}]}]}]}]},"Planning Time": 4.310,"Triggers": [],"Execution Time": 437.371}]
[{"Plan": {"Node Type": "Aggregate","Strategy": "Sorted","Partial Mode": "Finalize","Parallel Aware": false,"Async Capable": false,"Startup Cost": 173713.32,"Total Cost": 173862.04,"Plan Rows": 7,"Plan Width": 27,"Actual Startup Time": 403.012,"Actual Total Time": 437.680,"Actual Rows": 2,"Actual Loops": 1,"Group Key": ["lineitem.l_shipmode"],"Plans": [{"Node Type": "Gather Merge","Parent Relationship": "Outer","Parallel Aware": false,"Async Capable": false,"Startup Cost": 173713.32,"Total Cost": 173861.76,"Plan Rows": 28,"Plan Width": 27,"Actual Startup Time": 402.216,"Actual Total Time": 437.648,"Actual Rows": 10,"Actual Loops": 1,"Workers Planned": 4,"Workers Launched": 4,"Plans": [{"Node Type": "Aggregate","Strategy": "Sorted","Partial Mode": "Partial","Parent Relationship": "Outer","Parallel Aware": false,"Async Capable": false,"Startup Cost": 172713.26,"Total Cost": 172858.37,"Plan Rows": 7,"Plan Width": 27,"Actual Startup Time": 393.427,"Actual Total Time": 394.158,"Actual Rows": 2,"Actual Loops": 5,"Group Key": ["lineitem.l_shipmode"],"Workers": [],"Plans": [{"Node Type": "Sort","Parent Relationship": "Outer","Parallel Aware": false,"Async Capable": false,"Startup Cost": 172713.26,"Total Cost": 172731.39,"Plan Rows": 7252,"Plan Width": 27,"Actual Startup Time": 392.674,"Actual Total Time": 392.915,"Actual Rows": 6242,"Actual Loops": 5,"Sort Key": ["lineitem.l_shipmode"],"Sort Method": "quicksort","Sort Space Used": 634,"Sort Space Type": "Memory","Workers": [{"Worker Number": 0,"Sort Method": "quicksort","Sort Space Used": 622,"Sort Space Type": "Memory"},{"Worker Number": 1,"Sort Method": "quicksort","Sort Space Used": 637,"Sort Space Type": "Memory"},{"Worker Number": 2,"Sort Method": "quicksort","Sort Space Used": 628,"Sort Space Type": "Memory"},{"Worker Number": 3,"Sort Method": "quicksort","Sort Space Used": 636,"Sort Space Type": "Memory"}],"Plans": [{"Node Type": "Nested Loop","Parent Relationship": "Outer","Parallel Aware": false,"Async Capable": false,"Join Type": "Inner","Startup Cost": 0.43,"Total Cost": 172248.26,"Plan Rows": 7252,"Plan Width": 27,"Actual Startup Time": 0.397,"Actual Total Time": 389.709,"Actual Rows": 6242,"Actual Loops": 5,"Inner Unique": true,"Workers": [],"Plans": [{"Node Type": "Seq Scan","Parent Relationship": "Outer","Parallel Aware": true,"Async Capable": false,"Relation Name": "lineitem","Alias": "lineitem","Startup Cost": 0.00,"Total Cost": 146259.83,"Plan Rows": 7252,"Plan Width": 15,"Actual Startup Time": 0.274,"Actual Total Time": 353.766,"Actual Rows": 6242,"Actual Loops": 5,"Filter": "((l_shipmode = ANY ('{AIR,SHIP}'::bpchar[])) AND (l_commitdate < l_receiptdate) AND (l_shipdate < l_commitdate) AND (l_receiptdate >= '1993-01-01'::date) AND (l_receiptdate < '1994-01-01 00:00:00'::timestamp without time zone))","Rows Removed by Filter": 1194001,"Workers": []},{"Node Type": "Index Scan","Parent Relationship": "Inner","Parallel Aware": false,"Async Capable": false,"Scan Direction": "Forward","Index Name": "orders_pkey","Relation Name": "orders","Alias": "orders","Startup Cost": 0.43,"Total Cost": 3.58,"Plan Rows": 1,"Plan Width": 20,"Actual Startup Time": 0.005,"Actual Total Time": 0.005,"Actual Rows": 1,"Actual Loops": 31209,"Index Cond": "(o_orderkey = lineitem.l_orderkey)","Rows Removed by Index Recheck": 0,"Workers": []}]}]}]}]}]},"Planning Time": 4.800,"Triggers": [],"Execution Time": 438.379}]
[{"Plan": {"Node Type": "Aggregate","Strategy": "Sorted","Partial Mode": "Finalize","Parallel Aware": false,"Async Capable": false,"Startup Cost": 173451.78,"Total Cost": 173598.11,"Plan Rows": 7,"Plan Width": 27,"Actual Startup Time": 393.437,"Actual Total Time": 428.181,"Actual Rows": 2,"Actual Loops": 1,"Group Key": ["lineitem.l_shipmode"],"Plans": [{"Node Type": "Gather Merge","Parent Relationship": "Outer","Parallel Aware": false,"Async Capable": false,"Startup Cost": 173451.78,"Total Cost": 173597.83,"Plan Rows": 28,"Plan Width": 27,"Actual Startup Time": 392.613,"Actual Total Time": 428.143,"Actual Rows": 10,"Actual Loops": 1,"Workers Planned": 4,"Workers Launched": 4,"Plans": [{"Node Type": "Aggregate","Strategy": "Sorted","Partial Mode": "Partial","Parent Relationship": "Outer","Parallel Aware": false,"Async Capable": false,"Startup Cost": 172451.73,"Total Cost": 172594.44,"Plan Rows": 7,"Plan Width": 27,"Actual Startup Time": 384.443,"Actual Total Time": 385.186,"Actual Rows": 2,"Actual Loops": 5,"Group Key": ["lineitem.l_shipmode"],"Workers": [],"Plans": [{"Node Type": "Sort","Parent Relationship": "Outer","Parallel Aware": false,"Async Capable": false,"Startup Cost": 172451.73,"Total Cost": 172469.56,"Plan Rows": 7132,"Plan Width": 27,"Actual Startup Time": 383.707,"Actual Total Time": 383.964,"Actual Rows": 6182,"Actual Loops": 5,"Sort Key": ["lineitem.l_shipmode"],"Sort Method": "quicksort","Sort Space Used": 630,"Sort Space Type": "Memory","Workers": [{"Worker Number": 0,"Sort Method": "quicksort","Sort Space Used": 628,"Sort Space Type": "Memory"},{"Worker Number": 1,"Sort Method": "quicksort","Sort Space Used": 610,"Sort Space Type": "Memory"},{"Worker Number": 2,"Sort Method": "quicksort","Sort Space Used": 641,"Sort Space Type": "Memory"},{"Worker Number": 3,"Sort Method": "quicksort","Sort Space Used": 626,"Sort Space Type": "Memory"}],"Plans": [{"Node Type": "Nested Loop","Parent Relationship": "Outer","Parallel Aware": false,"Async Capable": false,"Join Type": "Inner","Startup Cost": 0.43,"Total Cost": 171995.28,"Plan Rows": 7132,"Plan Width": 27,"Actual Startup Time": 0.174,"Actual Total Time": 380.845,"Actual Rows": 6182,"Actual Loops": 5,"Inner Unique": true,"Workers": [],"Plans": [{"Node Type": "Seq Scan","Parent Relationship": "Outer","Parallel Aware": true,"Async Capable": false,"Relation Name": "lineitem","Alias": "lineitem","Startup Cost": 0.00,"Total Cost": 146259.83,"Plan Rows": 7132,"Plan Width": 15,"Actual Startup Time": 0.064,"Actual Total Time": 345.885,"Actual Rows": 6182,"Actual Loops": 5,"Filter": "((l_shipmode = ANY ('{TRUCK,\"REG AIR\"}'::bpchar[])) AND (l_commitdate < l_receiptdate) AND (l_shipdate < l_commitdate) AND (l_receiptdate >= '1994-01-01'::date) AND (l_receiptdate < '1995-01-01 00:00:00'::timestamp without time zone))","Rows Removed by Filter": 1194061,"Workers": []},{"Node Type": "Index Scan","Parent Relationship": "Inner","Parallel Aware": false,"Async Capable": false,"Scan Direction": "Forward","Index Name": "orders_pkey","Relation Name": "orders","Alias": "orders","Startup Cost": 0.43,"Total Cost": 3.61,"Plan Rows": 1,"Plan Width": 20,"Actual Startup Time": 0.005,"Actual Total Time": 0.005,"Actual Rows": 1,"Actual Loops": 30912,"Index Cond": "(o_orderkey = lineitem.l_orderkey)","Rows Removed by Index Recheck": 0,"Workers": []}]}]}]}]}]},"Planning Time": 5.642,"Triggers": [],"Execution Time": 428.742}]
[{"Plan": {"Node Type": "Aggregate","Strategy": "Sorted","Partial Mode": "Finalize","Parallel Aware": false,"Async Capable": false,"Startup Cost": 174191.45,"Total Cost": 174344.61,"Plan Rows": 7,"Plan Width": 27,"Actual Startup Time": 409.329,"Actual Total Time": 443.120,"Actual Rows": 2,"Actual Loops": 1,"Group Key": ["lineitem.l_shipmode"],"Plans": [{"Node Type": "Gather Merge","Parent Relationship": "Outer","Parallel Aware": false,"Async Capable": false,"Startup Cost": 174191.45,"Total Cost": 174344.33,"Plan Rows": 28,"Plan Width": 27,"Actual Startup Time": 408.442,"Actual Total Time": 443.073,"Actual Rows": 10,"Actual Loops": 1,"Workers Planned": 4,"Workers Launched": 4,"Plans": [{"Node Type": "Aggregate","Strategy": "Sorted","Partial Mode": "Partial","Parent Relationship": "Outer","Parallel Aware": false,"Async Capable": false,"Startup Cost": 173191.39,"Total Cost": 173340.94,"Plan Rows": 7,"Plan Width": 27,"Actual Startup Time": 399.343,"Actual Total Time": 400.083,"Actual Rows": 2,"Actual Loops": 5,"Group Key": ["lineitem.l_shipmode"],"Workers": [],"Plans": [{"Node Type": "Sort","Parent Relationship": "Outer","Parallel Aware": false,"Async Capable": false,"Startup Cost": 173191.39,"Total Cost": 173210.07,"Plan Rows": 7474,"Plan Width": 27,"Actual Startup Time": 398.583,"Actual Total Time": 398.829,"Actual Rows": 6287,"Actual Loops": 5,"Sort Key": ["lineitem.l_shipmode"],"Sort Method": "quicksort","Sort Space Used": 643,"Sort Space Type": "Memory","Workers": [{"Worker Number": 0,"Sort Method": "quicksort","Sort Space Used": 644,"Sort Space Type": "Memory"},{"Worker Number": 1,"Sort Method": "quicksort","Sort Space Used": 636,"Sort Space Type": "Memory"},{"Worker Number": 2,"Sort Method": "quicksort","Sort Space Used": 644,"Sort Space Type": "Memory"},{"Worker Number": 3,"Sort Method": "quicksort","Sort Space Used": 605,"Sort Space Type": "Memory"}],"Plans": [{"Node Type": "Nested Loop","Parent Relationship": "Outer","Parallel Aware": false,"Async Capable": false,"Join Type": "Inner","Startup Cost": 0.43,"Total Cost": 172710.52,"Plan Rows": 7474,"Plan Width": 27,"Actual Startup Time": 0.406,"Actual Total Time": 395.633,"Actual Rows": 6287,"Actual Loops": 5,"Inner Unique": true,"Workers": [],"Plans": [{"Node Type": "Seq Scan","Parent Relationship": "Outer","Parallel Aware": true,"Async Capable": false,"Relation Name": "lineitem","Alias": "lineitem","Startup Cost": 0.00,"Total Cost": 146259.83,"Plan Rows": 7474,"Plan Width": 15,"Actual Startup Time": 0.281,"Actual Total Time": 359.170,"Actual Rows": 6287,"Actual Loops": 5,"Filter": "((l_shipmode = ANY ('{FOB,TRUCK}'::bpchar[])) AND (l_commitdate < l_receiptdate) AND (l_shipdate < l_commitdate) AND (l_receiptdate >= '1995-01-01'::date) AND (l_receiptdate < '1996-01-01 00:00:00'::timestamp without time zone))","Rows Removed by Filter": 1193956,"Workers": []},{"Node Type": "Index Scan","Parent Relationship": "Inner","Parallel Aware": false,"Async Capable": false,"Scan Direction": "Forward","Index Name": "orders_pkey","Relation Name": "orders","Alias": "orders","Startup Cost": 0.43,"Total Cost": 3.54,"Plan Rows": 1,"Plan Width": 20,"Actual Startup Time": 0.005,"Actual Total Time": 0.005,"Actual Rows": 1,"Actual Loops": 31436,"Index Cond": "(o_orderkey = lineitem.l_orderkey)","Rows Removed by Index Recheck": 0,"Workers": []}]}]}]}]}]},"Planning Time": 4.903,"Triggers": [],"Execution Time": 443.842}]
[{"Plan": {"Node Type": "Aggregate","Strategy": "Sorted","Partial Mode": "Finalize","Parallel Aware": false,"Async Capable": false,"Startup Cost": 173936.43,"Total Cost": 174087.20,"Plan Rows": 7,"Plan Width": 27,"Actual Startup Time": 411.700,"Actual Total Time": 445.534,"Actual Rows": 2,"Actual Loops": 1,"Group Key": ["lineitem.l_shipmode"],"Plans": [{"Node Type": "Gather Merge","Parent Relationship": "Outer","Parallel Aware": false,"Async Capable": false,"Startup Cost": 173936.43,"Total Cost": 174086.92,"Plan Rows": 28,"Plan Width": 27,"Actual Startup Time": 410.827,"Actual Total Time": 445.495,"Actual Rows": 10,"Actual Loops": 1,"Workers Planned": 4,"Workers Launched": 4,"Plans": [{"Node Type": "Aggregate","Strategy": "Sorted","Partial Mode": "Partial","Parent Relationship": "Outer","Parallel Aware": false,"Async Capable": false,"Startup Cost": 172936.38,"Total Cost": 173083.53,"Plan Rows": 7,"Plan Width": 27,"Actual Startup Time": 402.060,"Actual Total Time": 402.825,"Actual Rows": 2,"Actual Loops": 5,"Group Key": ["lineitem.l_shipmode"],"Workers": [],"Plans": [{"Node Type": "Sort","Parent Relationship": "Outer","Parallel Aware": false,"Async Capable": false,"Startup Cost": 172936.38,"Total Cost": 172954.76,"Plan Rows": 7354,"Plan Width": 27,"Actual Startup Time": 401.304,"Actual Total Time": 401.563,"Actual Rows": 6252,"Actual Loops": 5,"Sort Key": ["lineitem.l_shipmode"],"Sort Method": "quicksort","Sort Space Used": 633,"Sort Space Type": "Memory","Workers": [{"Worker Number": 0,"Sort Method": "quicksort","Sort Space Used": 630,"Sort Space Type": "Memory"},{"Worker Number": 1,"Sort Method": "quicksort","Sort Space Used": 646,"Sort Space Type": "Memory"},{"Worker Number": 2,"Sort Method": "quicksort","Sort Space Used": 635,"Sort Space Type": "Memory"},{"Worker Number": 3,"Sort Method": "quicksort","Sort Space Used": 617,"Sort Space Type": "Memory"}],"Plans": [{"Node Type": "Nested Loop","Parent Relationship": "Outer","Parallel Aware": false,"Async Capable": false,"Join Type": "Inner","Startup Cost": 0.43,"Total Cost": 172464.09,"Plan Rows": 7354,"Plan Width": 27,"Actual Startup Time": 0.393,"Actual Total Time": 398.349,"Actual Rows": 6252,"Actual Loops": 5,"Inner Unique": true,"Workers": [],"Plans": [{"Node Type": "Seq Scan","Parent Relationship": "Outer","Parallel Aware": true,"Async Capable": false,"Relation Name": "lineitem","Alias": "lineitem","Startup Cost": 0.00,"Total Cost": 146259.83,"Plan Rows": 7355,"Plan Width": 15,"Actual Startup Time": 0.258,"Actual Total Time": 362.304,"Actual Rows": 6252,"Actual Loops": 5,"Filter": "((l_shipmode = ANY ('{RAIL,FOB}'::bpchar[])) AND (l_commitdate < l_receiptdate) AND (l_shipdate < l_commitdate) AND (l_receiptdate >= '1993-01-01'::date) AND (l_receiptdate < '1994-01-01 00:00:00'::timestamp without time zone))","Rows Removed by Filter": 1193991,"Workers": []},{"Node Type": "Index Scan","Parent Relationship": "Inner","Parallel Aware": false,"Async Capable": false,"Scan Direction": "Forward","Index Name": "orders_pkey","Relation Name": "orders","Alias": "orders","Startup Cost": 0.43,"Total Cost": 3.56,"Plan Rows": 1,"Plan Width": 20,"Actual Startup Time": 0.005,"Actual Total Time": 0.005,"Actual Rows": 1,"Actual Loops": 31259,"Index Cond": "(o_orderkey = lineitem.l_orderkey)","Rows Removed by Index Recheck": 0,"Workers": []}]}]}]}]}]},"Planning Time": 5.108,"Triggers": [],"Execution Time": 446.087}]
[{"Plan": {"Node Type": "Aggregate","Strategy": "Sorted","Partial Mode": "Finalize","Parallel Aware": false,"Async Capable": false,"Startup Cost": 174075.36,"Total Cost": 174227.44,"Plan Rows": 7,"Plan Width": 27,"Actual Startup Time": 399.240,"Actual Total Time": 432.994,"Actual Rows": 2,"Actual Loops": 1,"Group Key": ["lineitem.l_shipmode"],"Plans": [{"Node Type": "Gather Merge","Parent Relationship": "Outer","Parallel Aware": false,"Async Capable": false,"Startup Cost": 174075.36,"Total Cost": 174227.16,"Plan Rows": 28,"Plan Width": 27,"Actual Startup Time": 398.383,"Actual Total Time": 432.959,"Actual Rows": 10,"Actual Loops": 1,"Workers Planned": 4,"Workers Launched": 4,"Plans": [{"Node Type": "Aggregate","Strategy": "Sorted","Partial Mode": "Partial","Parent Relationship": "Outer","Parallel Aware": false,"Async Capable": false,"Startup Cost": 173075.30,"Total Cost": 173223.77,"Plan Rows": 7,"Plan Width": 27,"Actual Startup Time": 390.222,"Actual Total Time": 390.965,"Actual Rows": 2,"Actual Loops": 5,"Group Key": ["lineitem.l_shipmode"],"Workers": [],"Plans": [{"Node Type": "Sort","Parent Relationship": "Outer","Parallel Aware": false,"Async Capable": false,"Startup Cost": 173075.30,"Total Cost": 173093.85,"Plan Rows": 7420,"Plan Width": 27,"Actual Startup Time": 389.436,"Actual Total Time": 389.696,"Actual Rows": 6245,"Actual Loops": 5,"Sort Key": ["lineitem.l_shipmode"],"Sort Method": "quicksort","Sort Space Used": 637,"Sort Space Type": "Memory","Workers": [{"Worker Number": 0,"Sort Method": "quicksort","Sort Space Used": 634,"Sort Space Type": "Memory"},{"Worker Number": 1,"Sort Method": "quicksort","Sort Space Used": 635,"Sort Space Type": "Memory"},{"Worker Number": 2,"Sort Method": "quicksort","Sort Space Used": 629,"Sort Space Type": "Memory"},{"Worker Number": 3,"Sort Method": "quicksort","Sort Space Used": 623,"Sort Space Type": "Memory"}],"Plans": [{"Node Type": "Nested Loop","Parent Relationship": "Outer","Parallel Aware": false,"Async Capable": false,"Join Type": "Inner","Startup Cost": 0.43,"Total Cost": 172598.29,"Plan Rows": 7420,"Plan Width": 27,"Actual Startup Time": 0.285,"Actual Total Time": 386.587,"Actual Rows": 6245,"Actual Loops": 5,"Inner Unique": true,"Workers": [],"Plans": [{"Node Type": "Seq Scan","Parent Relationship": "Outer","Parallel Aware": true,"Async Capable": false,"Relation Name": "lineitem","Alias": "lineitem","Startup Cost": 0.00,"Total Cost": 146259.83,"Plan Rows": 7420,"Plan Width": 15,"Actual Startup Time": 0.165,"Actual Total Time": 352.233,"Actual Rows": 6245,"Actual Loops": 5,"Filter": "((l_shipmode = ANY ('{FOB,SHIP}'::bpchar[])) AND (l_commitdate < l_receiptdate) AND (l_shipdate < l_commitdate) AND (l_receiptdate >= '1995-01-01'::date) AND (l_receiptdate < '1996-01-01 00:00:00'::timestamp without time zone))","Rows Removed by Filter": 1193998,"Workers": []},{"Node Type": "Index Scan","Parent Relationship": "Inner","Parallel Aware": false,"Async Capable": false,"Scan Direction": "Forward","Index Name": "orders_pkey","Relation Name": "orders","Alias": "orders","Startup Cost": 0.43,"Total Cost": 3.55,"Plan Rows": 1,"Plan Width": 20,"Actual Startup Time": 0.005,"Actual Total Time": 0.005,"Actual Rows": 1,"Actual Loops": 31225,"Index Cond": "(o_orderkey = lineitem.l_orderkey)","Rows Removed by Index Recheck": 0,"Workers": []}]}]}]}]}]},"Planning Time": 4.026,"Triggers": [],"Execution Time": 433.509}]
[{"Plan": {"Node Type": "Aggregate","Strategy": "Sorted","Partial Mode": "Finalize","Parallel Aware": false,"Async Capable": false,"Startup Cost": 173523.95,"Total Cost": 173670.93,"Plan Rows": 7,"Plan Width": 27,"Actual Startup Time": 393.679,"Actual Total Time": 427.763,"Actual Rows": 2,"Actual Loops": 1,"Group Key": ["lineitem.l_shipmode"],"Plans": [{"Node Type": "Gather Merge","Parent Relationship": "Outer","Parallel Aware": false,"Async Capable": false,"Startup Cost": 173523.95,"Total Cost": 173670.65,"Plan Rows": 28,"Plan Width": 27,"Actual Startup Time": 392.788,"Actual Total Time": 427.723,"Actual Rows": 10,"Actual Loops": 1,"Workers Planned": 4,"Workers Launched": 4,"Plans": [{"Node Type": "Aggregate","Strategy": "Sorted","Partial Mode": "Partial","Parent Relationship": "Outer","Parallel Aware": false,"Async Capable": false,"Startup Cost": 172523.89,"Total Cost": 172667.26,"Plan Rows": 7,"Plan Width": 27,"Actual Startup Time": 384.463,"Actual Total Time": 385.224,"Actual Rows": 2,"Actual Loops": 5,"Group Key": ["lineitem.l_shipmode"],"Workers": [],"Plans": [{"Node Type": "Sort","Parent Relationship": "Outer","Parallel Aware": false,"Async Capable": false,"Startup Cost": 172523.89,"Total Cost": 172541.80,"Plan Rows": 7165,"Plan Width": 27,"Actual Startup Time": 383.715,"Actual Total Time": 383.966,"Actual Rows": 6260,"Actual Loops": 5,"Sort Key": ["lineitem.l_shipmode"],"Sort Method": "quicksort","Sort Space Used": 649,"Sort Space Type": "Memory","Workers": [{"Worker Number": 0,"Sort Method": "quicksort","Sort Space Used": 636,"Sort Space Type": "Memory"},{"Worker Number": 1,"Sort Method": "quicksort","Sort Space Used": 616,"Sort Space Type": "Memory"},{"Worker Number": 2,"Sort Method": "quicksort","Sort Space Used": 626,"Sort Space Type": "Memory"},{"Worker Number": 3,"Sort Method": "quicksort","Sort Space Used": 636,"Sort Space Type": "Memory"}],"Plans": [{"Node Type": "Nested Loop","Parent Relationship": "Outer","Parallel Aware": false,"Async Capable": false,"Join Type": "Inner","Startup Cost": 0.43,"Total Cost": 172065.09,"Plan Rows": 7165,"Plan Width": 27,"Actual Startup Time": 0.313,"Actual Total Time": 380.893,"Actual Rows": 6260,"Actual Loops": 5,"Inner Unique": true,"Workers": [],"Plans": [{"Node Type": "Seq Scan","Parent Relationship": "Outer","Parallel Aware": true,"Async Capable": false,"Relation Name": "lineitem","Alias": "lineitem","Startup Cost": 0.00,"Total Cost": 146259.83,"Plan Rows": 7165,"Plan Width": 15,"Actual Startup Time": 0.201,"Actual Total Time": 346.320,"Actual Rows": 6260,"Actual Loops": 5,"Filter": "((l_shipmode = ANY ('{AIR,SHIP}'::bpchar[])) AND (l_commitdate < l_receiptdate) AND (l_shipdate < l_commitdate) AND (l_receiptdate >= '1996-01-01'::date) AND (l_receiptdate < '1997-01-01 00:00:00'::timestamp without time zone))","Rows Removed by Filter": 1193983,"Workers": []},{"Node Type": "Index Scan","Parent Relationship": "Inner","Parallel Aware": false,"Async Capable": false,"Scan Direction": "Forward","Index Name": "orders_pkey","Relation Name": "orders","Alias": "orders","Startup Cost": 0.43,"Total Cost": 3.60,"Plan Rows": 1,"Plan Width": 20,"Actual Startup Time": 0.005,"Actual Total Time": 0.005,"Actual Rows": 1,"Actual Loops": 31300,"Index Cond": "(o_orderkey = lineitem.l_orderkey)","Rows Removed by Index Recheck": 0,"Workers": []}]}]}]}]}]},"Planning Time": 5.095,"Triggers": [],"Execution Time": 428.416}]
[{"Plan": {"Node Type": "Aggregate","Strategy": "Sorted","Partial Mode": "Finalize","Parallel Aware": false,"Async Capable": false,"Startup Cost": 173814.86,"Total Cost": 173964.52,"Plan Rows": 7,"Plan Width": 27,"Actual Startup Time": 396.762,"Actual Total Time": 430.837,"Actual Rows": 2,"Actual Loops": 1,"Group Key": ["lineitem.l_shipmode"],"Plans": [{"Node Type": "Gather Merge","Parent Relationship": "Outer","Parallel Aware": false,"Async Capable": false,"Startup Cost": 173814.86,"Total Cost": 173964.24,"Plan Rows": 28,"Plan Width": 27,"Actual Startup Time": 395.970,"Actual Total Time": 430.778,"Actual Rows": 10,"Actual Loops": 1,"Workers Planned": 4,"Workers Launched": 4,"Plans": [{"Node Type": "Aggregate","Strategy": "Sorted","Partial Mode": "Partial","Parent Relationship": "Outer","Parallel Aware": false,"Async Capable": false,"Startup Cost": 172814.80,"Total Cost": 172960.85,"Plan Rows": 7,"Plan Width": 27,"Actual Startup Time": 387.361,"Actual Total Time": 388.078,"Actual Rows": 2,"Actual Loops": 5,"Group Key": ["lineitem.l_shipmode"],"Workers": [],"Plans": [{"Node Type": "Sort","Parent Relationship": "Outer","Parallel Aware": false,"Async Capable": false,"Startup Cost": 172814.80,"Total Cost": 172833.04,"Plan Rows": 7299,"Plan Width": 27,"Actual Startup Time": 386.609,"Actual Total Time": 386.854,"Actual Rows": 6170,"Actual Loops": 5,"Sort Key": ["lineitem.l_shipmode"],"Sort Method": "quicksort","Sort Space Used": 624,"Sort Space Type": "Memory","Workers": [{"Worker Number": 0,"Sort Method": "quicksort","Sort Space Used": 622,"Sort Space Type": "Memory"},{"Worker Number": 1,"Sort Method": "quicksort","Sort Space Used": 632,"Sort Space Type": "Memory"},{"Worker Number": 2,"Sort Method": "quicksort","Sort Space Used": 623,"Sort Space Type": "Memory"},{"Worker Number": 3,"Sort Method": "quicksort","Sort Space Used": 630,"Sort Space Type": "Memory"}],"Plans": [{"Node Type": "Nested Loop","Parent Relationship": "Outer","Parallel Aware": false,"Async Capable": false,"Join Type": "Inner","Startup Cost": 0.43,"Total Cost": 172346.44,"Plan Rows": 7299,"Plan Width": 27,"Actual Startup Time": 0.316,"Actual Total Time": 383.794,"Actual Rows": 6170,"Actual Loops": 5,"Inner Unique": true,"Workers": [],"Plans": [{"Node Type": "Seq Scan","Parent Relationship": "Outer","Parallel Aware": true,"Async Capable": false,"Relation Name": "lineitem","Alias": "lineitem","Startup Cost": 0.00,"Total Cost": 146259.83,"Plan Rows": 7299,"Plan Width": 15,"Actual Startup Time": 0.195,"Actual Total Time": 348.958,"Actual Rows": 6170,"Actual Loops": 5,"Filter": "((l_shipmode = ANY ('{\"REG AIR\",TRUCK}'::bpchar[])) AND (l_commitdate < l_receiptdate) AND (l_shipdate < l_commitdate) AND (l_receiptdate >= '1993-01-01'::date) AND (l_receiptdate < '1994-01-01 00:00:00'::timestamp without time zone))","Rows Removed by Filter": 1194073,"Workers": []},{"Node Type": "Index Scan","Parent Relationship": "Inner","Parallel Aware": false,"Async Capable": false,"Scan Direction": "Forward","Index Name": "orders_pkey","Relation Name": "orders","Alias": "orders","Startup Cost": 0.43,"Total Cost": 3.57,"Plan Rows": 1,"Plan Width": 20,"Actual Startup Time": 0.005,"Actual Total Time": 0.005,"Actual Rows": 1,"Actual Loops": 30849,"Index Cond": "(o_orderkey = lineitem.l_orderkey)","Rows Removed by Index Recheck": 0,"Workers": []}]}]}]}]}]},"Planning Time": 4.251,"Triggers": [],"Execution Time": 431.487}]
[{"Plan": {"Node Type": "Aggregate","Strategy": "Sorted","Partial Mode": "Finalize","Parallel Aware": false,"Async Capable": false,"Startup Cost": 173608.85,"Total Cost": 173756.62,"Plan Rows": 7,"Plan Width": 27,"Actual Startup Time": 397.118,"Actual Total Time": 429.292,"Actual Rows": 2,"Actual Loops": 1,"Group Key": ["lineitem.l_shipmode"],"Plans": [{"Node Type": "Gather Merge","Parent Relationship": "Outer","Parallel Aware": false,"Async Capable": false,"Startup Cost": 173608.85,"Total Cost": 173756.34,"Plan Rows": 28,"Plan Width": 27,"Actual Startup Time": 396.318,"Actual Total Time": 429.242,"Actual Rows": 10,"Actual Loops": 1,"Workers Planned": 4,"Workers Launched": 4,"Plans": [{"Node Type": "Aggregate","Strategy": "Sorted","Partial Mode": "Partial","Parent Relationship": "Outer","Parallel Aware": false,"Async Capable": false,"Startup Cost": 172608.79,"Total Cost": 172752.94,"Plan Rows": 7,"Plan Width": 27,"Actual Startup Time": 388.105,"Actual Total Time": 388.827,"Actual Rows": 2,"Actual Loops": 5,"Group Key": ["lineitem.l_shipmode"],"Workers": [],"Plans": [{"Node Type": "Sort","Parent Relationship": "Outer","Parallel Aware": false,"Async Capable": false,"Startup Cost": 172608.79,"Total Cost": 172626.80,"Plan Rows": 7204,"Plan Width": 27,"Actual Startup Time": 387.340,"Actual Total Time": 387.589,"Actual Rows": 6220,"Actual Loops": 5,"Sort Key": ["lineitem.l_shipmode"],"Sort Method": "quicksort","Sort Space Used": 640,"Sort Space Type": "Memory","Workers": [{"Worker Number": 0,"Sort Method": "quicksort","Sort Space Used": 629,"Sort Space Type": "Memory"},{"Worker Number": 1,"Sort Method": "quicksort","Sort Space Used": 628,"Sort Space Type": "Memory"},{"Worker Number": 2,"Sort Method": "quicksort","Sort Space Used": 619,"Sort Space Type": "Memory"},{"Worker Number": 3,"Sort Method": "quicksort","Sort Space Used": 633,"Sort Space Type": "Memory"}],"Plans": [{"Node Type": "Nested Loop","Parent Relationship": "Outer","Parallel Aware": false,"Async Capable": false,"Join Type": "Inner","Startup Cost": 0.43,"Total Cost": 172147.21,"Plan Rows": 7204,"Plan Width": 27,"Actual Startup Time": 0.350,"Actual Total Time": 384.404,"Actual Rows": 6220,"Actual Loops": 5,"Inner Unique": true,"Workers": [],"Plans": [{"Node Type": "Seq Scan","Parent Relationship": "Outer","Parallel Aware": true,"Async Capable": false,"Relation Name": "lineitem","Alias": "lineitem","Startup Cost": 0.00,"Total Cost": 146259.83,"Plan Rows": 7204,"Plan Width": 15,"Actual Startup Time": 0.220,"Actual Total Time": 350.094,"Actual Rows": 6220,"Actual Loops": 5,"Filter": "((l_shipmode = ANY ('{SHIP,TRUCK}'::bpchar[])) AND (l_commitdate < l_receiptdate) AND (l_shipdate < l_commitdate) AND (l_receiptdate >= '1997-01-01'::date) AND (l_receiptdate < '1998-01-01 00:00:00'::timestamp without time zone))","Rows Removed by Filter": 1194023,"Workers": []},{"Node Type": "Index Scan","Parent Relationship": "Inner","Parallel Aware": false,"Async Capable": false,"Scan Direction": "Forward","Index Name": "orders_pkey","Relation Name": "orders","Alias": "orders","Startup Cost": 0.43,"Total Cost": 3.59,"Plan Rows": 1,"Plan Width": 20,"Actual Startup Time": 0.005,"Actual Total Time": 0.005,"Actual Rows": 1,"Actual Loops": 31100,"Index Cond": "(o_orderkey = lineitem.l_orderkey)","Rows Removed by Index Recheck": 0,"Workers": []}]}]}]}]}]},"Planning Time": 4.445,"Triggers": [],"Execution Time": 429.735}]
[{"Plan": {"Node Type": "Aggregate","Strategy": "Sorted","Partial Mode": "Finalize","Parallel Aware": false,"Async Capable": false,"Startup Cost": 173833.00,"Total Cost": 173982.82,"Plan Rows": 7,"Plan Width": 27,"Actual Startup Time": 417.939,"Actual Total Time": 451.326,"Actual Rows": 2,"Actual Loops": 1,"Group Key": ["lineitem.l_shipmode"],"Plans": [{"Node Type": "Gather Merge","Parent Relationship": "Outer","Parallel Aware": false,"Async Capable": false,"Startup Cost": 173833.00,"Total Cost": 173982.54,"Plan Rows": 28,"Plan Width": 27,"Actual Startup Time": 417.179,"Actual Total Time": 451.297,"Actual Rows": 10,"Actual Loops": 1,"Workers Planned": 4,"Workers Launched": 4,"Plans": [{"Node Type": "Aggregate","Strategy": "Sorted","Partial Mode": "Partial","Parent Relationship": "Outer","Parallel Aware": false,"Async Capable": false,"Startup Cost": 172832.94,"Total Cost": 172979.15,"Plan Rows": 7,"Plan Width": 27,"Actual Startup Time": 408.374,"Actual Total Time": 409.100,"Actual Rows": 2,"Actual Loops": 5,"Group Key": ["lineitem.l_shipmode"],"Workers": [],"Plans": [{"Node Type": "Sort","Parent Relationship": "Outer","Parallel Aware": false,"Async Capable": false,"Startup Cost": 172832.94,"Total Cost": 172851.21,"Plan Rows": 7307,"Plan Width": 27,"Actual Startup Time": 407.619,"Actual Total Time": 407.859,"Actual Rows": 6234,"Actual Loops": 5,"Sort Key": ["lineitem.l_shipmode"],"Sort Method": "quicksort","Sort Space Used": 613,"Sort Space Type": "Memory","Workers": [{"Worker Number": 0,"Sort Method": "quicksort","Sort Space Used": 644,"Sort Space Type": "Memory"},{"Worker Number": 1,"Sort Method": "quicksort","Sort Space Used": 606,"Sort Space Type": "Memory"},{"Worker Number": 2,"Sort Method": "quicksort","Sort Space Used": 655,"Sort Space Type": "Memory"},{"Worker Number": 3,"Sort Method": "quicksort","Sort Space Used": 636,"Sort Space Type": "Memory"}],"Plans": [{"Node Type": "Nested Loop","Parent Relationship": "Outer","Parallel Aware": false,"Async Capable": false,"Join Type": "Inner","Startup Cost": 0.43,"Total Cost": 172364.01,"Plan Rows": 7307,"Plan Width": 27,"Actual Startup Time": 0.253,"Actual Total Time": 404.585,"Actual Rows": 6234,"Actual Loops": 5,"Inner Unique": true,"Workers": [],"Plans": [{"Node Type": "Seq Scan","Parent Relationship": "Outer","Parallel Aware": true,"Async Capable": false,"Relation Name": "lineitem","Alias": "lineitem","Startup Cost": 0.00,"Total Cost": 146259.83,"Plan Rows": 7307,"Plan Width": 15,"Actual Startup Time": 0.173,"Actual Total Time": 367.511,"Actual Rows": 6234,"Actual Loops": 5,"Filter": "((l_shipmode = ANY ('{SHIP,MAIL}'::bpchar[])) AND (l_commitdate < l_receiptdate) AND (l_shipdate < l_commitdate) AND (l_receiptdate >= '1993-01-01'::date) AND (l_receiptdate < '1994-01-01 00:00:00'::timestamp without time zone))","Rows Removed by Filter": 1194009,"Workers": []},{"Node Type": "Index Scan","Parent Relationship": "Inner","Parallel Aware": false,"Async Capable": false,"Scan Direction": "Forward","Index Name": "orders_pkey","Relation Name": "orders","Alias": "orders","Startup Cost": 0.43,"Total Cost": 3.57,"Plan Rows": 1,"Plan Width": 20,"Actual Startup Time": 0.006,"Actual Total Time": 0.006,"Actual Rows": 1,"Actual Loops": 31169,"Index Cond": "(o_orderkey = lineitem.l_orderkey)","Rows Removed by Index Recheck": 0,"Workers": []}]}]}]}]}]},"Planning Time": 3.604,"Triggers": [],"Execution Time": 452.019}]
[{"Plan": {"Node Type": "Aggregate","Strategy": "Sorted","Partial Mode": "Finalize","Parallel Aware": false,"Async Capable": false,"Startup Cost": 174191.45,"Total Cost": 174344.61,"Plan Rows": 7,"Plan Width": 27,"Actual Startup Time": 394.289,"Actual Total Time": 426.179,"Actual Rows": 2,"Actual Loops": 1,"Group Key": ["lineitem.l_shipmode"],"Plans": [{"Node Type": "Gather Merge","Parent Relationship": "Outer","Parallel Aware": false,"Async Capable": false,"Startup Cost": 174191.45,"Total Cost": 174344.33,"Plan Rows": 28,"Plan Width": 27,"Actual Startup Time": 393.316,"Actual Total Time": 426.137,"Actual Rows": 10,"Actual Loops": 1,"Workers Planned": 4,"Workers Launched": 4,"Plans": [{"Node Type": "Aggregate","Strategy": "Sorted","Partial Mode": "Partial","Parent Relationship": "Outer","Parallel Aware": false,"Async Capable": false,"Startup Cost": 173191.39,"Total Cost": 173340.94,"Plan Rows": 7,"Plan Width": 27,"Actual Startup Time": 385.284,"Actual Total Time": 386.044,"Actual Rows": 2,"Actual Loops": 5,"Group Key": ["lineitem.l_shipmode"],"Workers": [],"Plans": [{"Node Type": "Sort","Parent Relationship": "Outer","Parallel Aware": false,"Async Capable": false,"Startup Cost": 173191.39,"Total Cost": 173210.07,"Plan Rows": 7474,"Plan Width": 27,"Actual Startup Time": 384.516,"Actual Total Time": 384.779,"Actual Rows": 6287,"Actual Loops": 5,"Sort Key": ["lineitem.l_shipmode"],"Sort Method": "quicksort","Sort Space Used": 648,"Sort Space Type": "Memory","Workers": [{"Worker Number": 0,"Sort Method": "quicksort","Sort Space Used": 637,"Sort Space Type": "Memory"},{"Worker Number": 1,"Sort Method": "quicksort","Sort Space Used": 632,"Sort Space Type": "Memory"},{"Worker Number": 2,"Sort Method": "quicksort","Sort Space Used": 628,"Sort Space Type": "Memory"},{"Worker Number": 3,"Sort Method": "quicksort","Sort Space Used": 629,"Sort Space Type": "Memory"}],"Plans": [{"Node Type": "Nested Loop","Parent Relationship": "Outer","Parallel Aware": false,"Async Capable": false,"Join Type": "Inner","Startup Cost": 0.43,"Total Cost": 172710.52,"Plan Rows": 7474,"Plan Width": 27,"Actual Startup Time": 0.392,"Actual Total Time": 381.696,"Actual Rows": 6287,"Actual Loops": 5,"Inner Unique": true,"Workers": [],"Plans": [{"Node Type": "Seq Scan","Parent Relationship": "Outer","Parallel Aware": true,"Async Capable": false,"Relation Name": "lineitem","Alias": "lineitem","Startup Cost": 0.00,"Total Cost": 146259.83,"Plan Rows": 7474,"Plan Width": 15,"Actual Startup Time": 0.268,"Actual Total Time": 347.448,"Actual Rows": 6287,"Actual Loops": 5,"Filter": "((l_shipmode = ANY ('{TRUCK,FOB}'::bpchar[])) AND (l_commitdate < l_receiptdate) AND (l_shipdate < l_commitdate) AND (l_receiptdate >= '1995-01-01'::date) AND (l_receiptdate < '1996-01-01 00:00:00'::timestamp without time zone))","Rows Removed by Filter": 1193956,"Workers": []},{"Node Type": "Index Scan","Parent Relationship": "Inner","Parallel Aware": false,"Async Capable": false,"Scan Direction": "Forward","Index Name": "orders_pkey","Relation Name": "orders","Alias": "orders","Startup Cost": 0.43,"Total Cost": 3.54,"Plan Rows": 1,"Plan Width": 20,"Actual Startup Time": 0.005,"Actual Total Time": 0.005,"Actual Rows": 1,"Actual Loops": 31436,"Index Cond": "(o_orderkey = lineitem.l_orderkey)","Rows Removed by Index Recheck": 0,"Workers": []}]}]}]}]}]},"Planning Time": 5.176,"Triggers": [],"Execution Time": 426.587}]
[{"Plan": {"Node Type": "Aggregate","Strategy": "Sorted","Partial Mode": "Finalize","Parallel Aware": false,"Async Capable": false,"Startup Cost": 173776.29,"Total Cost": 173925.59,"Plan Rows": 7,"Plan Width": 27,"Actual Startup Time": 400.983,"Actual Total Time": 435.263,"Actual Rows": 2,"Actual Loops": 1,"Group Key": ["lineitem.l_shipmode"],"Plans": [{"Node Type": "Gather Merge","Parent Relationship": "Outer","Parallel Aware": false,"Async Capable": false,"Startup Cost": 173776.29,"Total Cost": 173925.31,"Plan Rows": 28,"Plan Width": 27,"Actual Startup Time": 400.136,"Actual Total Time": 435.222,"Actual Rows": 10,"Actual Loops": 1,"Workers Planned": 4,"Workers Launched": 4,"Plans": [{"Node Type": "Aggregate","Strategy": "Sorted","Partial Mode": "Partial","Parent Relationship": "Outer","Parallel Aware": false,"Async Capable": false,"Startup Cost": 172776.23,"Total Cost": 172921.92,"Plan Rows": 7,"Plan Width": 27,"Actual Startup Time": 391.953,"Actual Total Time": 392.675,"Actual Rows": 2,"Actual Loops": 5,"Group Key": ["lineitem.l_shipmode"],"Workers": [],"Plans": [{"Node Type": "Sort","Parent Relationship": "Outer","Parallel Aware": false,"Async Capable": false,"Startup Cost": 172776.23,"Total Cost": 172794.43,"Plan Rows": 7281,"Plan Width": 27,"Actual Startup Time": 391.185,"Actual Total Time": 391.445,"Actual Rows": 6242,"Actual Loops": 5,"Sort Key": ["lineitem.l_shipmode"],"Sort Method": "quicksort","Sort Space Used": 639,"Sort Space Type": "Memory","Workers": [{"Worker Number": 0,"Sort Method": "quicksort","Sort Space Used": 635,"Sort Space Type": "Memory"},{"Worker Number": 1,"Sort Method": "quicksort","Sort Space Used": 624,"Sort Space Type": "Memory"},{"Worker Number": 2,"Sort Method": "quicksort","Sort Space Used": 632,"Sort Space Type": "Memory"},{"Worker Number": 3,"Sort Method": "quicksort","Sort Space Used": 627,"Sort Space Type": "Memory"}],"Plans": [{"Node Type": "Nested Loop","Parent Relationship": "Outer","Parallel Aware": false,"Async Capable": false,"Join Type": "Inner","Startup Cost": 0.43,"Total Cost": 172309.16,"Plan Rows": 7281,"Plan Width": 27,"Actual Startup Time": 0.505,"Actual Total Time": 388.328,"Actual Rows": 6242,"Actual Loops": 5,"Inner Unique": true,"Workers": [],"Plans": [{"Node Type": "Seq Scan","Parent Relationship": "Outer","Parallel Aware": true,"Async Capable": false,"Relation Name": "lineitem","Alias": "lineitem","Startup Cost": 0.00,"Total Cost": 146259.83,"Plan Rows": 7281,"Plan Width": 15,"Actual Startup Time": 0.377,"Actual Total Time": 352.896,"Actual Rows": 6242,"Actual Loops": 5,"Filter": "((l_shipmode = ANY ('{\"REG AIR\",RAIL}'::bpchar[])) AND (l_commitdate < l_receiptdate) AND (l_shipdate < l_commitdate) AND (l_receiptdate >= '1993-01-01'::date) AND (l_receiptdate < '1994-01-01 00:00:00'::timestamp without time zone))","Rows Removed by Filter": 1194001,"Workers": []},{"Node Type": "Index Scan","Parent Relationship": "Inner","Parallel Aware": false,"Async Capable": false,"Scan Direction": "Forward","Index Name": "orders_pkey","Relation Name": "orders","Alias": "orders","Startup Cost": 0.43,"Total Cost": 3.58,"Plan Rows": 1,"Plan Width": 20,"Actual Startup Time": 0.005,"Actual Total Time": 0.005,"Actual Rows": 1,"Actual Loops": 31209,"Index Cond": "(o_orderkey = lineitem.l_orderkey)","Rows Removed by Index Recheck": 0,"Workers": []}]}]}]}]}]},"Planning Time": 5.836,"Triggers": [],"Execution Time": 435.790}]
[{"Plan": {"Node Type": "Aggregate","Strategy": "Sorted","Partial Mode": "Finalize","Parallel Aware": false,"Async Capable": false,"Startup Cost": 173946.72,"Total Cost": 174097.61,"Plan Rows": 7,"Plan Width": 27,"Actual Startup Time": 403.746,"Actual Total Time": 437.190,"Actual Rows": 2,"Actual Loops": 1,"Group Key": ["lineitem.l_shipmode"],"Plans": [{"Node Type": "Gather Merge","Parent Relationship": "Outer","Parallel Aware": false,"Async Capable": false,"Startup Cost": 173946.72,"Total Cost": 174097.33,"Plan Rows": 28,"Plan Width": 27,"Actual Startup Time": 402.879,"Actual Total Time": 437.161,"Actual Rows": 10,"Actual Loops": 1,"Workers Planned": 4,"Workers Launched": 4,"Plans": [{"Node Type": "Aggregate","Strategy": "Sorted","Partial Mode": "Partial","Parent Relationship": "Outer","Parallel Aware": false,"Async Capable": false,"Startup Cost": 172946.66,"Total Cost": 173093.93,"Plan Rows": 7,"Plan Width": 27,"Actual Startup Time": 394.367,"Actual Total Time": 395.096,"Actual Rows": 2,"Actual Loops": 5,"Group Key": ["lineitem.l_shipmode"],"Workers": [],"Plans": [{"Node Type": "Sort","Parent Relationship": "Outer","Parallel Aware": false,"Async Capable": false,"Startup Cost": 172946.66,"Total Cost": 172965.06,"Plan Rows": 7360,"Plan Width": 27,"Actual Startup Time": 393.616,"Actual Total Time": 393.857,"Actual Rows": 6187,"Actual Loops": 5,"Sort Key": ["lineitem.l_shipmode"],"Sort Method": "quicksort","Sort Space Used": 626,"Sort Space Type": "Memory","Workers": [{"Worker Number": 0,"Sort Method": "quicksort","Sort Space Used": 611,"Sort Space Type": "Memory"},{"Worker Number": 1,"Sort Method": "quicksort","Sort Space Used": 638,"Sort Space Type": "Memory"},{"Worker Number": 2,"Sort Method": "quicksort","Sort Space Used": 631,"Sort Space Type": "Memory"},{"Worker Number": 3,"Sort Method": "quicksort","Sort Space Used": 631,"Sort Space Type": "Memory"}],"Plans": [{"Node Type": "Nested Loop","Parent Relationship": "Outer","Parallel Aware": false,"Async Capable": false,"Join Type": "Inner","Startup Cost": 0.43,"Total Cost": 172473.95,"Plan Rows": 7360,"Plan Width": 27,"Actual Startup Time": 0.252,"Actual Total Time": 390.746,"Actual Rows": 6187,"Actual Loops": 5,"Inner Unique": true,"Workers": [],"Plans": [{"Node Type": "Seq Scan","Parent Relationship": "Outer","Parallel Aware": true,"Async Capable": false,"Relation Name": "lineitem","Alias": "lineitem","Startup Cost": 0.00,"Total Cost": 146259.83,"Plan Rows": 7360,"Plan Width": 15,"Actual Startup Time": 0.148,"Actual Total Time": 355.183,"Actual Rows": 6187,"Actual Loops": 5,"Filter": "((l_shipmode = ANY ('{TRUCK,MAIL}'::bpchar[])) AND (l_commitdate < l_receiptdate) AND (l_shipdate < l_commitdate) AND (l_receiptdate >= '1993-01-01'::date) AND (l_receiptdate < '1994-01-01 00:00:00'::timestamp without time zone))","Rows Removed by Filter": 1194056,"Workers": []},{"Node Type": "Index Scan","Parent Relationship": "Inner","Parallel Aware": false,"Async Capable": false,"Scan Direction": "Forward","Index Name": "orders_pkey","Relation Name": "orders","Alias": "orders","Startup Cost": 0.43,"Total Cost": 3.56,"Plan Rows": 1,"Plan Width": 20,"Actual Startup Time": 0.005,"Actual Total Time": 0.005,"Actual Rows": 1,"Actual Loops": 30935,"Index Cond": "(o_orderkey = lineitem.l_orderkey)","Rows Removed by Index Recheck": 0,"Workers": []}]}]}]}]}]},"Planning Time": 4.251,"Triggers": [],"Execution Time": 437.861}]
[{"Plan": {"Node Type": "Aggregate","Strategy": "Sorted","Partial Mode": "Finalize","Parallel Aware": false,"Async Capable": false,"Startup Cost": 174062.42,"Total Cost": 174214.39,"Plan Rows": 7,"Plan Width": 27,"Actual Startup Time": 393.235,"Actual Total Time": 425.429,"Actual Rows": 2,"Actual Loops": 1,"Group Key": ["lineitem.l_shipmode"],"Plans": [{"Node Type": "Gather Merge","Parent Relationship": "Outer","Parallel Aware": false,"Async Capable": false,"Startup Cost": 174062.42,"Total Cost": 174214.11,"Plan Rows": 28,"Plan Width": 27,"Actual Startup Time": 392.404,"Actual Total Time": 425.407,"Actual Rows": 10,"Actual Loops": 1,"Workers Planned": 4,"Workers Launched": 4,"Plans": [{"Node Type": "Aggregate","Strategy": "Sorted","Partial Mode": "Partial","Parent Relationship": "Outer","Parallel Aware": false,"Async Capable": false,"Startup Cost": 173062.36,"Total Cost": 173210.71,"Plan Rows": 7,"Plan Width": 27,"Actual Startup Time": 384.313,"Actual Total Time": 385.039,"Actual Rows": 2,"Actual Loops": 5,"Group Key": ["lineitem.l_shipmode"],"Workers": [],"Plans": [{"Node Type": "Sort","Parent Relationship": "Outer","Parallel Aware": false,"Async Capable": false,"Startup Cost": 173062.36,"Total Cost": 173080.90,"Plan Rows": 7414,"Plan Width": 27,"Actual Startup Time": 383.554,"Actual Total Time": 383.793,"Actual Rows": 6237,"Actual Loops": 5,"Sort Key": ["lineitem.l_shipmode"],"Sort Method": "quicksort","Sort Space Used": 638,"Sort Space Type": "Memory","Workers": [{"Worker Number": 0,"Sort Method": "quicksort","Sort Space Used": 624,"Sort Space Type": "Memory"},{"Worker Number": 1,"Sort Method": "quicksort","Sort Space Used": 621,"Sort Space Type": "Memory"},{"Worker Number": 2,"Sort Method": "quicksort","Sort Space Used": 638,"Sort Space Type": "Memory"},{"Worker Number": 3,"Sort Method": "quicksort","Sort Space Used": 635,"Sort Space Type": "Memory"}],"Plans": [{"Node Type": "Nested Loop","Parent Relationship": "Outer","Parallel Aware": false,"Async Capable": false,"Join Type": "Inner","Startup Cost": 0.43,"Total Cost": 172585.79,"Plan Rows": 7414,"Plan Width": 27,"Actual Startup Time": 0.319,"Actual Total Time": 380.768,"Actual Rows": 6237,"Actual Loops": 5,"Inner Unique": true,"Workers": [],"Plans": [{"Node Type": "Seq Scan","Parent Relationship": "Outer","Parallel Aware": true,"Async Capable": false,"Relation Name": "lineitem","Alias": "lineitem","Startup Cost": 0.00,"Total Cost": 146259.83,"Plan Rows": 7414,"Plan Width": 15,"Actual Startup Time": 0.203,"Actual Total Time": 346.432,"Actual Rows": 6237,"Actual Loops": 5,"Filter": "((l_shipmode = ANY ('{MAIL,AIR}'::bpchar[])) AND (l_commitdate < l_receiptdate) AND (l_shipdate < l_commitdate) AND (l_receiptdate >= '1995-01-01'::date) AND (l_receiptdate < '1996-01-01 00:00:00'::timestamp without time zone))","Rows Removed by Filter": 1194006,"Workers": []},{"Node Type": "Index Scan","Parent Relationship": "Inner","Parallel Aware": false,"Async Capable": false,"Scan Direction": "Forward","Index Name": "orders_pkey","Relation Name": "orders","Alias": "orders","Startup Cost": 0.43,"Total Cost": 3.55,"Plan Rows": 1,"Plan Width": 20,"Actual Startup Time": 0.005,"Actual Total Time": 0.005,"Actual Rows": 1,"Actual Loops": 31185,"Index Cond": "(o_orderkey = lineitem.l_orderkey)","Rows Removed by Index Recheck": 0,"Workers": []}]}]}]}]}]},"Planning Time": 3.755,"Triggers": [],"Execution Time": 425.864}]
[{"Plan": {"Node Type": "Aggregate","Strategy": "Sorted","Partial Mode": "Finalize","Parallel Aware": false,"Async Capable": false,"Startup Cost": 173625.17,"Total Cost": 173773.06,"Plan Rows": 7,"Plan Width": 27,"Actual Startup Time": 403.303,"Actual Total Time": 437.802,"Actual Rows": 2,"Actual Loops": 1,"Group Key": ["lineitem.l_shipmode"],"Plans": [{"Node Type": "Gather Merge","Parent Relationship": "Outer","Parallel Aware": false,"Async Capable": false,"Startup Cost": 173625.17,"Total Cost": 173772.78,"Plan Rows": 28,"Plan Width": 27,"Actual Startup Time": 402.473,"Actual Total Time": 437.766,"Actual Rows": 10,"Actual Loops": 1,"Workers Planned": 4,"Workers Launched": 4,"Plans": [{"Node Type": "Aggregate","Strategy": "Sorted","Partial Mode": "Partial","Parent Relationship": "Outer","Parallel Aware": false,"Async Capable": false,"Startup Cost": 172625.11,"Total Cost": 172769.38,"Plan Rows": 7,"Plan Width": 27,"Actual Startup Time": 395.014,"Actual Total Time": 395.759,"Actual Rows": 2,"Actual Loops": 5,"Group Key": ["lineitem.l_shipmode"],"Workers": [],"Plans": [{"Node Type": "Sort","Parent Relationship": "Outer","Parallel Aware": false,"Async Capable": false,"Startup Cost": 172625.11,"Total Cost": 172643.14,"Plan Rows": 7210,"Plan Width": 27,"Actual Startup Time": 394.248,"Actual Total Time": 394.502,"Actual Rows": 6267,"Actual Loops": 5,"Sort Key": ["lineitem.l_shipmode"],"Sort Method": "quicksort","Sort Space Used": 629,"Sort Space Type": "Memory","Workers": [{"Worker Number": 0,"Sort Method": "quicksort","Sort Space Used": 628,"Sort Space Type": "Memory"},{"Worker Number": 1,"Sort Method": "quicksort","Sort Space Used": 640,"Sort Space Type": "Memory"},{"Worker Number": 2,"Sort Method": "quicksort","Sort Space Used": 651,"Sort Space Type": "Memory"},{"Worker Number": 3,"Sort Method": "quicksort","Sort Space Used": 618,"Sort Space Type": "Memory"}],"Plans": [{"Node Type": "Nested Loop","Parent Relationship": "Outer","Parallel Aware": false,"Async Capable": false,"Join Type": "Inner","Startup Cost": 0.43,"Total Cost": 172163.11,"Plan Rows": 7210,"Plan Width": 27,"Actual Startup Time": 0.328,"Actual Total Time": 391.399,"Actual Rows": 6267,"Actual Loops": 5,"Inner Unique": true,"Workers": [],"Plans": [{"Node Type": "Seq Scan","Parent Relationship": "Outer","Parallel Aware": true,"Async Capable": false,"Relation Name": "lineitem","Alias": "lineitem","Startup Cost": 0.00,"Total Cost": 146259.83,"Plan Rows": 7211,"Plan Width": 15,"Actual Startup Time": 0.230,"Actual Total Time": 355.358,"Actual Rows": 6267,"Actual Loops": 5,"Filter": "((l_shipmode = ANY ('{SHIP,TRUCK}'::bpchar[])) AND (l_commitdate < l_receiptdate) AND (l_shipdate < l_commitdate) AND (l_receiptdate >= '1996-01-01'::date) AND (l_receiptdate < '1997-01-01 00:00:00'::timestamp without time zone))","Rows Removed by Filter": 1193976,"Workers": []},{"Node Type": "Index Scan","Parent Relationship": "Inner","Parallel Aware": false,"Async Capable": false,"Scan Direction": "Forward","Index Name": "orders_pkey","Relation Name": "orders","Alias": "orders","Startup Cost": 0.43,"Total Cost": 3.59,"Plan Rows": 1,"Plan Width": 20,"Actual Startup Time": 0.005,"Actual Total Time": 0.005,"Actual Rows": 1,"Actual Loops": 31337,"Index Cond": "(o_orderkey = lineitem.l_orderkey)","Rows Removed by Index Recheck": 0,"Workers": []}]}]}]}]}]},"Planning Time": 4.275,"Triggers": [],"Execution Time": 438.324}]
[{"Plan": {"Node Type": "Aggregate","Strategy": "Sorted","Partial Mode": "Finalize","Parallel Aware": false,"Async Capable": false,"Startup Cost": 173452.42,"Total Cost": 173598.75,"Plan Rows": 7,"Plan Width": 27,"Actual Startup Time": 402.564,"Actual Total Time": 436.336,"Actual Rows": 2,"Actual Loops": 1,"Group Key": ["lineitem.l_shipmode"],"Plans": [{"Node Type": "Gather Merge","Parent Relationship": "Outer","Parallel Aware": false,"Async Capable": false,"Startup Cost": 173452.42,"Total Cost": 173598.47,"Plan Rows": 28,"Plan Width": 27,"Actual Startup Time": 401.701,"Actual Total Time": 436.290,"Actual Rows": 10,"Actual Loops": 1,"Workers Planned": 4,"Workers Launched": 4,"Plans": [{"Node Type": "Aggregate","Strategy": "Sorted","Partial Mode": "Partial","Parent Relationship": "Outer","Parallel Aware": false,"Async Capable": false,"Startup Cost": 172452.36,"Total Cost": 172595.07,"Plan Rows": 7,"Plan Width": 27,"Actual Startup Time": 393.241,"Actual Total Time": 393.984,"Actual Rows": 2,"Actual Loops": 5,"Group Key": ["lineitem.l_shipmode"],"Workers": [],"Plans": [{"Node Type": "Sort","Parent Relationship": "Outer","Parallel Aware": false,"Async Capable": false,"Startup Cost": 172452.36,"Total Cost": 172470.19,"Plan Rows": 7132,"Plan Width": 27,"Actual Startup Time": 392.490,"Actual Total Time": 392.750,"Actual Rows": 6177,"Actual Loops": 5,"Sort Key": ["lineitem.l_shipmode"],"Sort Method": "quicksort","Sort Space Used": 617,"Sort Space Type": "Memory","Workers": [{"Worker Number": 0,"Sort Method": "quicksort","Sort Space Used": 624,"Sort Space Type": "Memory"},{"Worker Number": 1,"Sort Method": "quicksort","Sort Space Used": 625,"Sort Space Type": "Memory"},{"Worker Number": 2,"Sort Method": "quicksort","Sort Space Used": 631,"Sort Space Type": "Memory"},{"Worker Number": 3,"Sort Method": "quicksort","Sort Space Used": 636,"Sort Space Type": "Memory"}],"Plans": [{"Node Type": "Nested Loop","Parent Relationship": "Outer","Parallel Aware": false,"Async Capable": false,"Join Type": "Inner","Startup Cost": 0.43,"Total Cost": 171995.91,"Plan Rows": 7132,"Plan Width": 27,"Actual Startup Time": 0.207,"Actual Total Time": 389.653,"Actual Rows": 6177,"Actual Loops": 5,"Inner Unique": true,"Workers": [],"Plans": [{"Node Type": "Seq Scan","Parent Relationship": "Outer","Parallel Aware": true,"Async Capable": false,"Relation Name": "lineitem","Alias": "lineitem","Startup Cost": 0.00,"Total Cost": 146259.83,"Plan Rows": 7132,"Plan Width": 15,"Actual Startup Time": 0.088,"Actual Total Time": 354.317,"Actual Rows": 6177,"Actual Loops": 5,"Filter": "((l_shipmode = ANY ('{SHIP,TRUCK}'::bpchar[])) AND (l_commitdate < l_receiptdate) AND (l_shipdate < l_commitdate) AND (l_receiptdate >= '1994-01-01'::date) AND (l_receiptdate < '1995-01-01 00:00:00'::timestamp without time zone))","Rows Removed by Filter": 1194066,"Workers": []},{"Node Type": "Index Scan","Parent Relationship": "Inner","Parallel Aware": false,"Async Capable": false,"Scan Direction": "Forward","Index Name": "orders_pkey","Relation Name": "orders","Alias": "orders","Startup Cost": 0.43,"Total Cost": 3.61,"Plan Rows": 1,"Plan Width": 20,"Actual Startup Time": 0.005,"Actual Total Time": 0.005,"Actual Rows": 1,"Actual Loops": 30883,"Index Cond": "(o_orderkey = lineitem.l_orderkey)","Rows Removed by Index Recheck": 0,"Workers": []}]}]}]}]}]},"Planning Time": 4.144,"Triggers": [],"Execution Time": 436.973}]
[{"Plan": {"Node Type": "Aggregate","Strategy": "Sorted","Partial Mode": "Finalize","Parallel Aware": false,"Async Capable": false,"Startup Cost": 173472.53,"Total Cost": 173619.04,"Plan Rows": 7,"Plan Width": 27,"Actual Startup Time": 397.720,"Actual Total Time": 431.222,"Actual Rows": 2,"Actual Loops": 1,"Group Key": ["lineitem.l_shipmode"],"Plans": [{"Node Type": "Gather Merge","Parent Relationship": "Outer","Parallel Aware": false,"Async Capable": false,"Startup Cost": 173472.53,"Total Cost": 173618.76,"Plan Rows": 28,"Plan Width": 27,"Actual Startup Time": 396.933,"Actual Total Time": 431.199,"Actual Rows": 10,"Actual Loops": 1,"Workers Planned": 4,"Workers Launched": 4,"Plans": [{"Node Type": "Aggregate","Strategy": "Sorted","Partial Mode": "Partial","Parent Relationship": "Outer","Parallel Aware": false,"Async Capable": false,"Startup Cost": 172472.48,"Total Cost": 172615.37,"Plan Rows": 7,"Plan Width": 27,"Actual Startup Time": 388.686,"Actual Total Time": 389.394,"Actual Rows": 2,"Actual Loops": 5,"Group Key": ["lineitem.l_shipmode"],"Workers": [],"Plans": [{"Node Type": "Sort","Parent Relationship": "Outer","Parallel Aware": false,"Async Capable": false,"Startup Cost": 172472.48,"Total Cost": 172490.33,"Plan Rows": 7141,"Plan Width": 27,"Actual Startup Time": 387.944,"Actual Total Time": 388.173,"Actual Rows": 6203,"Actual Loops": 5,"Sort Key": ["lineitem.l_shipmode"],"Sort Method": "quicksort","Sort Space Used": 646,"Sort Space Type": "Memory","Workers": [{"Worker Number": 0,"Sort Method": "quicksort","Sort Space Used": 628,"Sort Space Type": "Memory"},{"Worker Number": 1,"Sort Method": "quicksort","Sort Space Used": 629,"Sort Space Type": "Memory"},{"Worker Number": 2,"Sort Method": "quicksort","Sort Space Used": 610,"Sort Space Type": "Memory"},{"Worker Number": 3,"Sort Method": "quicksort","Sort Space Used": 630,"Sort Space Type": "Memory"}],"Plans": [{"Node Type": "Nested Loop","Parent Relationship": "Outer","Parallel Aware": false,"Async Capable": false,"Join Type": "Inner","Startup Cost": 0.43,"Total Cost": 172015.38,"Plan Rows": 7141,"Plan Width": 27,"Actual Startup Time": 0.223,"Actual Total Time": 385.086,"Actual Rows": 6203,"Actual Loops": 5,"Inner Unique": true,"Workers": [],"Plans": [{"Node Type": "Seq Scan","Parent Relationship": "Outer","Parallel Aware": true,"Async Capable": false,"Relation Name": "lineitem","Alias": "lineitem","Startup Cost": 0.00,"Total Cost": 146259.83,"Plan Rows": 7141,"Plan Width": 15,"Actual Startup Time": 0.112,"Actual Total Time": 350.208,"Actual Rows": 6203,"Actual Loops": 5,"Filter": "((l_shipmode = ANY ('{\"REG AIR\",MAIL}'::bpchar[])) AND (l_commitdate < l_receiptdate) AND (l_shipdate < l_commitdate) AND (l_receiptdate >= '1994-01-01'::date) AND (l_receiptdate < '1995-01-01 00:00:00'::timestamp without time zone))","Rows Removed by Filter": 1194040,"Workers": []},{"Node Type": "Index Scan","Parent Relationship": "Inner","Parallel Aware": false,"Async Capable": false,"Scan Direction": "Forward","Index Name": "orders_pkey","Relation Name": "orders","Alias": "orders","Startup Cost": 0.43,"Total Cost": 3.61,"Plan Rows": 1,"Plan Width": 20,"Actual Startup Time": 0.005,"Actual Total Time": 0.005,"Actual Rows": 1,"Actual Loops": 31017,"Index Cond": "(o_orderkey = lineitem.l_orderkey)","Rows Removed by Index Recheck": 0,"Workers": []}]}]}]}]}]},"Planning Time": 5.266,"Triggers": [],"Execution Time": 431.676}]
[{"Plan": {"Node Type": "Aggregate","Strategy": "Sorted","Partial Mode": "Finalize","Parallel Aware": false,"Async Capable": false,"Startup Cost": 173989.00,"Total Cost": 174140.29,"Plan Rows": 7,"Plan Width": 27,"Actual Startup Time": 409.184,"Actual Total Time": 442.517,"Actual Rows": 2,"Actual Loops": 1,"Group Key": ["lineitem.l_shipmode"],"Plans": [{"Node Type": "Gather Merge","Parent Relationship": "Outer","Parallel Aware": false,"Async Capable": false,"Startup Cost": 173989.00,"Total Cost": 174140.01,"Plan Rows": 28,"Plan Width": 27,"Actual Startup Time": 408.297,"Actual Total Time": 442.472,"Actual Rows": 10,"Actual Loops": 1,"Workers Planned": 4,"Workers Launched": 4,"Plans": [{"Node Type": "Aggregate","Strategy": "Sorted","Partial Mode": "Partial","Parent Relationship": "Outer","Parallel Aware": false,"Async Capable": false,"Startup Cost": 172988.94,"Total Cost": 173136.61,"Plan Rows": 7,"Plan Width": 27,"Actual Startup Time": 399.710,"Actual Total Time": 400.453,"Actual Rows": 2,"Actual Loops": 5,"Group Key": ["lineitem.l_shipmode"],"Workers": [],"Plans": [{"Node Type": "Sort","Parent Relationship": "Outer","Parallel Aware": false,"Async Capable": false,"Startup Cost": 172988.94,"Total Cost": 173007.39,"Plan Rows": 7380,"Plan Width": 27,"Actual Startup Time": 398.952,"Actual Total Time": 399.204,"Actual Rows": 6215,"Actual Loops": 5,"Sort Key": ["lineitem.l_shipmode"],"Sort Method": "quicksort","Sort Space Used": 624,"Sort Space Type": "Memory","Workers": [{"Worker Number": 0,"Sort Method": "quicksort","Sort Space Used": 645,"Sort Space Type": "Memory"},{"Worker Number": 1,"Sort Method": "quicksort","Sort Space Used": 642,"Sort Space Type": "Memory"},{"Worker Number": 2,"Sort Method": "quicksort","Sort Space Used": 638,"Sort Space Type": "Memory"},{"Worker Number": 3,"Sort Method": "quicksort","Sort Space Used": 599,"Sort Space Type": "Memory"}],"Plans": [{"Node Type": "Nested Loop","Parent Relationship": "Outer","Parallel Aware": false,"Async Capable": false,"Join Type": "Inner","Startup Cost": 0.43,"Total Cost": 172514.80,"Plan Rows": 7380,"Plan Width": 27,"Actual Startup Time": 0.322,"Actual Total Time": 396.051,"Actual Rows": 6215,"Actual Loops": 5,"Inner Unique": true,"Workers": [],"Plans": [{"Node Type": "Seq Scan","Parent Relationship": "Outer","Parallel Aware": true,"Async Capable": false,"Relation Name": "lineitem","Alias": "lineitem","Startup Cost": 0.00,"Total Cost": 146259.83,"Plan Rows": 7380,"Plan Width": 15,"Actual Startup Time": 0.206,"Actual Total Time": 359.992,"Actual Rows": 6215,"Actual Loops": 5,"Filter": "((l_shipmode = ANY ('{SHIP,RAIL}'::bpchar[])) AND (l_commitdate < l_receiptdate) AND (l_shipdate < l_commitdate) AND (l_receiptdate >= '1995-01-01'::date) AND (l_receiptdate < '1996-01-01 00:00:00'::timestamp without time zone))","Rows Removed by Filter": 1194028,"Workers": []},{"Node Type": "Index Scan","Parent Relationship": "Inner","Parallel Aware": false,"Async Capable": false,"Scan Direction": "Forward","Index Name": "orders_pkey","Relation Name": "orders","Alias": "orders","Startup Cost": 0.43,"Total Cost": 3.56,"Plan Rows": 1,"Plan Width": 20,"Actual Startup Time": 0.005,"Actual Total Time": 0.005,"Actual Rows": 1,"Actual Loops": 31075,"Index Cond": "(o_orderkey = lineitem.l_orderkey)","Rows Removed by Index Recheck": 0,"Workers": []}]}]}]}]}]},"Planning Time": 5.373,"Triggers": [],"Execution Time": 443.195}]
[{"Plan": {"Node Type": "Aggregate","Strategy": "Sorted","Partial Mode": "Finalize","Parallel Aware": false,"Async Capable": false,"Startup Cost": 173833.00,"Total Cost": 173982.82,"Plan Rows": 7,"Plan Width": 27,"Actual Startup Time": 396.792,"Actual Total Time": 429.357,"Actual Rows": 2,"Actual Loops": 1,"Group Key": ["lineitem.l_shipmode"],"Plans": [{"Node Type": "Gather Merge","Parent Relationship": "Outer","Parallel Aware": false,"Async Capable": false,"Startup Cost": 173833.00,"Total Cost": 173982.54,"Plan Rows": 28,"Plan Width": 27,"Actual Startup Time": 395.900,"Actual Total Time": 429.322,"Actual Rows": 10,"Actual Loops": 1,"Workers Planned": 4,"Workers Launched": 4,"Plans": [{"Node Type": "Aggregate","Strategy": "Sorted","Partial Mode": "Partial","Parent Relationship": "Outer","Parallel Aware": false,"Async Capable": false,"Startup Cost": 172832.94,"Total Cost": 172979.15,"Plan Rows": 7,"Plan Width": 27,"Actual Startup Time": 387.909,"Actual Total Time": 388.656,"Actual Rows": 2,"Actual Loops": 5,"Group Key": ["lineitem.l_shipmode"],"Workers": [],"Plans": [{"Node Type": "Sort","Parent Relationship": "Outer","Parallel Aware": false,"Async Capable": false,"Startup Cost": 172832.94,"Total Cost": 172851.21,"Plan Rows": 7307,"Plan Width": 27,"Actual Startup Time": 387.145,"Actual Total Time": 387.396,"Actual Rows": 6234,"Actual Loops": 5,"Sort Key": ["lineitem.l_shipmode"],"Sort Method": "quicksort","Sort Space Used": 638,"Sort Space Type": "Memory","Workers": [{"Worker Number": 0,"Sort Method": "quicksort","Sort Space Used": 631,"Sort Space Type": "Memory"},{"Worker Number": 1,"Sort Method": "quicksort","Sort Space Used": 635,"Sort Space Type": "Memory"},{"Worker Number": 2,"Sort Method": "quicksort","Sort Space Used": 624,"Sort Space Type": "Memory"},{"Worker Number": 3,"Sort Method": "quicksort","Sort Space Used": 627,"Sort Space Type": "Memory"}],"Plans": [{"Node Type": "Nested Loop","Parent Relationship": "Outer","Parallel Aware": false,"Async Capable": false,"Join Type": "Inner","Startup Cost": 0.43,"Total Cost": 172364.01,"Plan Rows": 7307,"Plan Width": 27,"Actual Startup Time": 0.359,"Actual Total Time": 384.349,"Actual Rows": 6234,"Actual Loops": 5,"Inner Unique": true,"Workers": [],"Plans": [{"Node Type": "Seq Scan","Parent Relationship": "Outer","Parallel Aware": true,"Async Capable": false,"Relation Name": "lineitem","Alias": "lineitem","Startup Cost": 0.00,"Total Cost": 146259.83,"Plan Rows": 7307,"Plan Width": 15,"Actual Startup Time": 0.240,"Actual Total Time": 349.904,"Actual Rows": 6234,"Actual Loops": 5,"Filter": "((l_shipmode = ANY ('{MAIL,SHIP}'::bpchar[])) AND (l_commitdate < l_receiptdate) AND (l_shipdate < l_commitdate) AND (l_receiptdate >= '1993-01-01'::date) AND (l_receiptdate < '1994-01-01 00:00:00'::timestamp without time zone))","Rows Removed by Filter": 1194009,"Workers": []},{"Node Type": "Index Scan","Parent Relationship": "Inner","Parallel Aware": false,"Async Capable": false,"Scan Direction": "Forward","Index Name": "orders_pkey","Relation Name": "orders","Alias": "orders","Startup Cost": 0.43,"Total Cost": 3.57,"Plan Rows": 1,"Plan Width": 20,"Actual Startup Time": 0.005,"Actual Total Time": 0.005,"Actual Rows": 1,"Actual Loops": 31169,"Index Cond": "(o_orderkey = lineitem.l_orderkey)","Rows Removed by Index Recheck": 0,"Workers": []}]}]}]}]}]},"Planning Time": 3.944,"Triggers": [],"Execution Time": 429.771}]
[{"Plan": {"Node Type": "Aggregate","Strategy": "Sorted","Partial Mode": "Finalize","Parallel Aware": false,"Async Capable": false,"Startup Cost": 173741.53,"Total Cost": 173890.51,"Plan Rows": 7,"Plan Width": 27,"Actual Startup Time": 394.867,"Actual Total Time": 428.025,"Actual Rows": 2,"Actual Loops": 1,"Group Key": ["lineitem.l_shipmode"],"Plans": [{"Node Type": "Gather Merge","Parent Relationship": "Outer","Parallel Aware": false,"Async Capable": false,"Startup Cost": 173741.53,"Total Cost": 173890.23,"Plan Rows": 28,"Plan Width": 27,"Actual Startup Time": 393.947,"Actual Total Time": 427.986,"Actual Rows": 10,"Actual Loops": 1,"Workers Planned": 4,"Workers Launched": 4,"Plans": [{"Node Type": "Aggregate","Strategy": "Sorted","Partial Mode": "Partial","Parent Relationship": "Outer","Parallel Aware": false,"Async Capable": false,"Startup Cost": 172741.47,"Total Cost": 172886.84,"Plan Rows": 7,"Plan Width": 27,"Actual Startup Time": 385.569,"Actual Total Time": 386.319,"Actual Rows": 2,"Actual Loops": 5,"Group Key": ["lineitem.l_shipmode"],"Workers": [],"Plans": [{"Node Type": "Sort","Parent Relationship": "Outer","Parallel Aware": false,"Async Capable": false,"Startup Cost": 172741.47,"Total Cost": 172759.63,"Plan Rows": 7265,"Plan Width": 27,"Actual Startup Time": 384.810,"Actual Total Time": 385.075,"Actual Rows": 6242,"Actual Loops": 5,"Sort Key": ["lineitem.l_shipmode"],"Sort Method": "quicksort","Sort Space Used": 639,"Sort Space Type": "Memory","Workers": [{"Worker Number": 0,"Sort Method": "quicksort","Sort Space Used": 638,"Sort Space Type": "Memory"},{"Worker Number": 1,"Sort Method": "quicksort","Sort Space Used": 632,"Sort Space Type": "Memory"},{"Worker Number": 2,"Sort Method": "quicksort","Sort Space Used": 625,"Sort Space Type": "Memory"},{"Worker Number": 3,"Sort Method": "quicksort","Sort Space Used": 623,"Sort Space Type": "Memory"}],"Plans": [{"Node Type": "Nested Loop","Parent Relationship": "Outer","Parallel Aware": false,"Async Capable": false,"Join Type": "Inner","Startup Cost": 0.43,"Total Cost": 172275.54,"Plan Rows": 7265,"Plan Width": 27,"Actual Startup Time": 0.304,"Actual Total Time": 381.990,"Actual Rows": 6242,"Actual Loops": 5,"Inner Unique": true,"Workers": [],"Plans": [{"Node Type": "Seq Scan","Parent Relationship": "Outer","Parallel Aware": true,"Async Capable": false,"Relation Name": "lineitem","Alias": "lineitem","Startup Cost": 0.00,"Total Cost": 146259.83,"Plan Rows": 7265,"Plan Width": 15,"Actual Startup Time": 0.200,"Actual Total Time": 347.791,"Actual Rows": 6242,"Actual Loops": 5,"Filter": "((l_shipmode = ANY ('{TRUCK,MAIL}'::bpchar[])) AND (l_commitdate < l_receiptdate) AND (l_shipdate < l_commitdate) AND (l_receiptdate >= '1997-01-01'::date) AND (l_receiptdate < '1998-01-01 00:00:00'::timestamp without time zone))","Rows Removed by Filter": 1194001,"Workers": []},{"Node Type": "Index Scan","Parent Relationship": "Inner","Parallel Aware": false,"Async Capable": false,"Scan Direction": "Forward","Index Name": "orders_pkey","Relation Name": "orders","Alias": "orders","Startup Cost": 0.43,"Total Cost": 3.58,"Plan Rows": 1,"Plan Width": 20,"Actual Startup Time": 0.005,"Actual Total Time": 0.005,"Actual Rows": 1,"Actual Loops": 31211,"Index Cond": "(o_orderkey = lineitem.l_orderkey)","Rows Removed by Index Recheck": 0,"Workers": []}]}]}]}]}]},"Planning Time": 5.085,"Triggers": [],"Execution Time": 428.492}]
[{"Plan": {"Node Type": "Aggregate","Strategy": "Sorted","Partial Mode": "Finalize","Parallel Aware": false,"Async Capable": false,"Startup Cost": 173776.29,"Total Cost": 173925.59,"Plan Rows": 7,"Plan Width": 27,"Actual Startup Time": 400.983,"Actual Total Time": 435.263,"Actual Rows": 2,"Actual Loops": 1,"Group Key": ["lineitem.l_shipmode"],"Plans": [{"Node Type": "Gather Merge","Parent Relationship": "Outer","Parallel Aware": false,"Async Capable": false,"Startup Cost": 173776.29,"Total Cost": 173925.31,"Plan Rows": 28,"Plan Width": 27,"Actual Startup Time": 400.136,"Actual Total Time": 435.222,"Actual Rows": 10,"Actual Loops": 1,"Workers Planned": 4,"Workers Launched": 4,"Plans": [{"Node Type": "Aggregate","Strategy": "Sorted","Partial Mode": "Partial","Parent Relationship": "Outer","Parallel Aware": false,"Async Capable": false,"Startup Cost": 172776.23,"Total Cost": 172921.92,"Plan Rows": 7,"Plan Width": 27,"Actual Startup Time": 391.953,"Actual Total Time": 392.675,"Actual Rows": 2,"Actual Loops": 5,"Group Key": ["lineitem.l_shipmode"],"Workers": [],"Plans": [{"Node Type": "Sort","Parent Relationship": "Outer","Parallel Aware": false,"Async Capable": false,"Startup Cost": 172776.23,"Total Cost": 172794.43,"Plan Rows": 7281,"Plan Width": 27,"Actual Startup Time": 391.185,"Actual Total Time": 391.445,"Actual Rows": 6242,"Actual Loops": 5,"Sort Key": ["lineitem.l_shipmode"],"Sort Method": "quicksort","Sort Space Used": 639,"Sort Space Type": "Memory","Workers": [{"Worker Number": 0,"Sort Method": "quicksort","Sort Space Used": 635,"Sort Space Type": "Memory"},{"Worker Number": 1,"Sort Method": "quicksort","Sort Space Used": 624,"Sort Space Type": "Memory"},{"Worker Number": 2,"Sort Method": "quicksort","Sort Space Used": 632,"Sort Space Type": "Memory"},{"Worker Number": 3,"Sort Method": "quicksort","Sort Space Used": 627,"Sort Space Type": "Memory"}],"Plans": [{"Node Type": "Nested Loop","Parent Relationship": "Outer","Parallel Aware": false,"Async Capable": false,"Join Type": "Inner","Startup Cost": 0.43,"Total Cost": 172309.16,"Plan Rows": 7281,"Plan Width": 27,"Actual Startup Time": 0.505,"Actual Total Time": 388.328,"Actual Rows": 6242,"Actual Loops": 5,"Inner Unique": true,"Workers": [],"Plans": [{"Node Type": "Seq Scan","Parent Relationship": "Outer","Parallel Aware": true,"Async Capable": false,"Relation Name": "lineitem","Alias": "lineitem","Startup Cost": 0.00,"Total Cost": 146259.83,"Plan Rows": 7281,"Plan Width": 15,"Actual Startup Time": 0.377,"Actual Total Time": 352.896,"Actual Rows": 6242,"Actual Loops": 5,"Filter": "((l_shipmode = ANY ('{\"REG AIR\",RAIL}'::bpchar[])) AND (l_commitdate < l_receiptdate) AND (l_shipdate < l_commitdate) AND (l_receiptdate >= '1993-01-01'::date) AND (l_receiptdate < '1994-01-01 00:00:00'::timestamp without time zone))","Rows Removed by Filter": 1194001,"Workers": []},{"Node Type": "Index Scan","Parent Relationship": "Inner","Parallel Aware": false,"Async Capable": false,"Scan Direction": "Forward","Index Name": "orders_pkey","Relation Name": "orders","Alias": "orders","Startup Cost": 0.43,"Total Cost": 3.58,"Plan Rows": 1,"Plan Width": 20,"Actual Startup Time": 0.005,"Actual Total Time": 0.005,"Actual Rows": 1,"Actual Loops": 31209,"Index Cond": "(o_orderkey = lineitem.l_orderkey)","Rows Removed by Index Recheck": 0,"Workers": []}]}]}]}]}]},"Planning Time": 5.836,"Triggers": [],"Execution Time": 435.790}]
[{"Plan": {"Node Type": "Aggregate","Strategy": "Sorted","Partial Mode": "Finalize","Parallel Aware": false,"Async Capable": false,"Startup Cost": 173469.49,"Total Cost": 173615.98,"Plan Rows": 7,"Plan Width": 27,"Actual Startup Time": 398.076,"Actual Total Time": 431.063,"Actual Rows": 2,"Actual Loops": 1,"Group Key": ["lineitem.l_shipmode"],"Plans": [{"Node Type": "Gather Merge","Parent Relationship": "Outer","Parallel Aware": false,"Async Capable": false,"Startup Cost": 173469.49,"Total Cost": 173615.70,"Plan Rows": 28,"Plan Width": 27,"Actual Startup Time": 397.217,"Actual Total Time": 431.025,"Actual Rows": 10,"Actual Loops": 1,"Workers Planned": 4,"Workers Launched": 4,"Plans": [{"Node Type": "Aggregate","Strategy": "Sorted","Partial Mode": "Partial","Parent Relationship": "Outer","Parallel Aware": false,"Async Capable": false,"Startup Cost": 172469.43,"Total Cost": 172612.30,"Plan Rows": 7,"Plan Width": 27,"Actual Startup Time": 388.995,"Actual Total Time": 389.724,"Actual Rows": 2,"Actual Loops": 5,"Group Key": ["lineitem.l_shipmode"],"Workers": [],"Plans": [{"Node Type": "Sort","Parent Relationship": "Outer","Parallel Aware": false,"Async Capable": false,"Startup Cost": 172469.43,"Total Cost": 172487.28,"Plan Rows": 7140,"Plan Width": 27,"Actual Startup Time": 388.238,"Actual Total Time": 388.494,"Actual Rows": 6198,"Actual Loops": 5,"Sort Key": ["lineitem.l_shipmode"],"Sort Method": "quicksort","Sort Space Used": 635,"Sort Space Type": "Memory","Workers": [{"Worker Number": 0,"Sort Method": "quicksort","Sort Space Used": 620,"Sort Space Type": "Memory"},{"Worker Number": 1,"Sort Method": "quicksort","Sort Space Used": 633,"Sort Space Type": "Memory"},{"Worker Number": 2,"Sort Method": "quicksort","Sort Space Used": 628,"Sort Space Type": "Memory"},{"Worker Number": 3,"Sort Method": "quicksort","Sort Space Used": 625,"Sort Space Type": "Memory"}],"Plans": [{"Node Type": "Nested Loop","Parent Relationship": "Outer","Parallel Aware": false,"Async Capable": false,"Join Type": "Inner","Startup Cost": 0.43,"Total Cost": 172012.41,"Plan Rows": 7140,"Plan Width": 27,"Actual Startup Time": 0.232,"Actual Total Time": 385.334,"Actual Rows": 6198,"Actual Loops": 5,"Inner Unique": true,"Workers": [],"Plans": [{"Node Type": "Seq Scan","Parent Relationship": "Outer","Parallel Aware": true,"Async Capable": false,"Relation Name": "lineitem","Alias": "lineitem","Startup Cost": 0.00,"Total Cost": 146259.83,"Plan Rows": 7140,"Plan Width": 15,"Actual Startup Time": 0.114,"Actual Total Time": 351.249,"Actual Rows": 6198,"Actual Loops": 5,"Filter": "((l_shipmode = ANY ('{MAIL,SHIP}'::bpchar[])) AND (l_commitdate < l_receiptdate) AND (l_shipdate < l_commitdate) AND (l_receiptdate >= '1994-01-01'::date) AND (l_receiptdate < '1995-01-01 00:00:00'::timestamp without time zone))","Rows Removed by Filter": 1194045,"Workers": []},{"Node Type": "Index Scan","Parent Relationship": "Inner","Parallel Aware": false,"Async Capable": false,"Scan Direction": "Forward","Index Name": "orders_pkey","Relation Name": "orders","Alias": "orders","Startup Cost": 0.43,"Total Cost": 3.61,"Plan Rows": 1,"Plan Width": 20,"Actual Startup Time": 0.005,"Actual Total Time": 0.005,"Actual Rows": 1,"Actual Loops": 30988,"Index Cond": "(o_orderkey = lineitem.l_orderkey)","Rows Removed by Index Recheck": 0,"Workers": []}]}]}]}]}]},"Planning Time": 4.368,"Triggers": [],"Execution Time": 431.623}]
[{"Plan": {"Node Type": "Aggregate","Strategy": "Sorted","Partial Mode": "Finalize","Parallel Aware": false,"Async Capable": false,"Startup Cost": 174191.45,"Total Cost": 174344.61,"Plan Rows": 7,"Plan Width": 27,"Actual Startup Time": 394.289,"Actual Total Time": 426.179,"Actual Rows": 2,"Actual Loops": 1,"Group Key": ["lineitem.l_shipmode"],"Plans": [{"Node Type": "Gather Merge","Parent Relationship": "Outer","Parallel Aware": false,"Async Capable": false,"Startup Cost": 174191.45,"Total Cost": 174344.33,"Plan Rows": 28,"Plan Width": 27,"Actual Startup Time": 393.316,"Actual Total Time": 426.137,"Actual Rows": 10,"Actual Loops": 1,"Workers Planned": 4,"Workers Launched": 4,"Plans": [{"Node Type": "Aggregate","Strategy": "Sorted","Partial Mode": "Partial","Parent Relationship": "Outer","Parallel Aware": false,"Async Capable": false,"Startup Cost": 173191.39,"Total Cost": 173340.94,"Plan Rows": 7,"Plan Width": 27,"Actual Startup Time": 385.284,"Actual Total Time": 386.044,"Actual Rows": 2,"Actual Loops": 5,"Group Key": ["lineitem.l_shipmode"],"Workers": [],"Plans": [{"Node Type": "Sort","Parent Relationship": "Outer","Parallel Aware": false,"Async Capable": false,"Startup Cost": 173191.39,"Total Cost": 173210.07,"Plan Rows": 7474,"Plan Width": 27,"Actual Startup Time": 384.516,"Actual Total Time": 384.779,"Actual Rows": 6287,"Actual Loops": 5,"Sort Key": ["lineitem.l_shipmode"],"Sort Method": "quicksort","Sort Space Used": 648,"Sort Space Type": "Memory","Workers": [{"Worker Number": 0,"Sort Method": "quicksort","Sort Space Used": 637,"Sort Space Type": "Memory"},{"Worker Number": 1,"Sort Method": "quicksort","Sort Space Used": 632,"Sort Space Type": "Memory"},{"Worker Number": 2,"Sort Method": "quicksort","Sort Space Used": 628,"Sort Space Type": "Memory"},{"Worker Number": 3,"Sort Method": "quicksort","Sort Space Used": 629,"Sort Space Type": "Memory"}],"Plans": [{"Node Type": "Nested Loop","Parent Relationship": "Outer","Parallel Aware": false,"Async Capable": false,"Join Type": "Inner","Startup Cost": 0.43,"Total Cost": 172710.52,"Plan Rows": 7474,"Plan Width": 27,"Actual Startup Time": 0.392,"Actual Total Time": 381.696,"Actual Rows": 6287,"Actual Loops": 5,"Inner Unique": true,"Workers": [],"Plans": [{"Node Type": "Seq Scan","Parent Relationship": "Outer","Parallel Aware": true,"Async Capable": false,"Relation Name": "lineitem","Alias": "lineitem","Startup Cost": 0.00,"Total Cost": 146259.83,"Plan Rows": 7474,"Plan Width": 15,"Actual Startup Time": 0.268,"Actual Total Time": 347.448,"Actual Rows": 6287,"Actual Loops": 5,"Filter": "((l_shipmode = ANY ('{TRUCK,FOB}'::bpchar[])) AND (l_commitdate < l_receiptdate) AND (l_shipdate < l_commitdate) AND (l_receiptdate >= '1995-01-01'::date) AND (l_receiptdate < '1996-01-01 00:00:00'::timestamp without time zone))","Rows Removed by Filter": 1193956,"Workers": []},{"Node Type": "Index Scan","Parent Relationship": "Inner","Parallel Aware": false,"Async Capable": false,"Scan Direction": "Forward","Index Name": "orders_pkey","Relation Name": "orders","Alias": "orders","Startup Cost": 0.43,"Total Cost": 3.54,"Plan Rows": 1,"Plan Width": 20,"Actual Startup Time": 0.005,"Actual Total Time": 0.005,"Actual Rows": 1,"Actual Loops": 31436,"Index Cond": "(o_orderkey = lineitem.l_orderkey)","Rows Removed by Index Recheck": 0,"Workers": []}]}]}]}]}]},"Planning Time": 5.176,"Triggers": [],"Execution Time": 426.587}]
[{"Plan": {"Node Type": "Aggregate","Strategy": "Sorted","Partial Mode": "Finalize","Parallel Aware": false,"Async Capable": false,"Startup Cost": 173814.86,"Total Cost": 173964.52,"Plan Rows": 7,"Plan Width": 27,"Actual Startup Time": 396.762,"Actual Total Time": 430.837,"Actual Rows": 2,"Actual Loops": 1,"Group Key": ["lineitem.l_shipmode"],"Plans": [{"Node Type": "Gather Merge","Parent Relationship": "Outer","Parallel Aware": false,"Async Capable": false,"Startup Cost": 173814.86,"Total Cost": 173964.24,"Plan Rows": 28,"Plan Width": 27,"Actual Startup Time": 395.970,"Actual Total Time": 430.778,"Actual Rows": 10,"Actual Loops": 1,"Workers Planned": 4,"Workers Launched": 4,"Plans": [{"Node Type": "Aggregate","Strategy": "Sorted","Partial Mode": "Partial","Parent Relationship": "Outer","Parallel Aware": false,"Async Capable": false,"Startup Cost": 172814.80,"Total Cost": 172960.85,"Plan Rows": 7,"Plan Width": 27,"Actual Startup Time": 387.361,"Actual Total Time": 388.078,"Actual Rows": 2,"Actual Loops": 5,"Group Key": ["lineitem.l_shipmode"],"Workers": [],"Plans": [{"Node Type": "Sort","Parent Relationship": "Outer","Parallel Aware": false,"Async Capable": false,"Startup Cost": 172814.80,"Total Cost": 172833.04,"Plan Rows": 7299,"Plan Width": 27,"Actual Startup Time": 386.609,"Actual Total Time": 386.854,"Actual Rows": 6170,"Actual Loops": 5,"Sort Key": ["lineitem.l_shipmode"],"Sort Method": "quicksort","Sort Space Used": 624,"Sort Space Type": "Memory","Workers": [{"Worker Number": 0,"Sort Method": "quicksort","Sort Space Used": 622,"Sort Space Type": "Memory"},{"Worker Number": 1,"Sort Method": "quicksort","Sort Space Used": 632,"Sort Space Type": "Memory"},{"Worker Number": 2,"Sort Method": "quicksort","Sort Space Used": 623,"Sort Space Type": "Memory"},{"Worker Number": 3,"Sort Method": "quicksort","Sort Space Used": 630,"Sort Space Type": "Memory"}],"Plans": [{"Node Type": "Nested Loop","Parent Relationship": "Outer","Parallel Aware": false,"Async Capable": false,"Join Type": "Inner","Startup Cost": 0.43,"Total Cost": 172346.44,"Plan Rows": 7299,"Plan Width": 27,"Actual Startup Time": 0.316,"Actual Total Time": 383.794,"Actual Rows": 6170,"Actual Loops": 5,"Inner Unique": true,"Workers": [],"Plans": [{"Node Type": "Seq Scan","Parent Relationship": "Outer","Parallel Aware": true,"Async Capable": false,"Relation Name": "lineitem","Alias": "lineitem","Startup Cost": 0.00,"Total Cost": 146259.83,"Plan Rows": 7299,"Plan Width": 15,"Actual Startup Time": 0.195,"Actual Total Time": 348.958,"Actual Rows": 6170,"Actual Loops": 5,"Filter": "((l_shipmode = ANY ('{\"REG AIR\",TRUCK}'::bpchar[])) AND (l_commitdate < l_receiptdate) AND (l_shipdate < l_commitdate) AND (l_receiptdate >= '1993-01-01'::date) AND (l_receiptdate < '1994-01-01 00:00:00'::timestamp without time zone))","Rows Removed by Filter": 1194073,"Workers": []},{"Node Type": "Index Scan","Parent Relationship": "Inner","Parallel Aware": false,"Async Capable": false,"Scan Direction": "Forward","Index Name": "orders_pkey","Relation Name": "orders","Alias": "orders","Startup Cost": 0.43,"Total Cost": 3.57,"Plan Rows": 1,"Plan Width": 20,"Actual Startup Time": 0.005,"Actual Total Time": 0.005,"Actual Rows": 1,"Actual Loops": 30849,"Index Cond": "(o_orderkey = lineitem.l_orderkey)","Rows Removed by Index Recheck": 0,"Workers": []}]}]}]}]}]},"Planning Time": 4.251,"Triggers": [],"Execution Time": 431.487}]
[{"Plan": {"Node Type": "Aggregate","Strategy": "Sorted","Partial Mode": "Finalize","Parallel Aware": false,"Async Capable": false,"Startup Cost": 173799.72,"Total Cost": 173949.25,"Plan Rows": 7,"Plan Width": 27,"Actual Startup Time": 398.601,"Actual Total Time": 432.744,"Actual Rows": 2,"Actual Loops": 1,"Group Key": ["lineitem.l_shipmode"],"Plans": [{"Node Type": "Gather Merge","Parent Relationship": "Outer","Parallel Aware": false,"Async Capable": false,"Startup Cost": 173799.72,"Total Cost": 173948.97,"Plan Rows": 28,"Plan Width": 27,"Actual Startup Time": 397.795,"Actual Total Time": 432.703,"Actual Rows": 10,"Actual Loops": 1,"Workers Planned": 4,"Workers Launched": 4,"Plans": [{"Node Type": "Aggregate","Strategy": "Sorted","Partial Mode": "Partial","Parent Relationship": "Outer","Parallel Aware": false,"Async Capable": false,"Startup Cost": 172799.66,"Total Cost": 172945.57,"Plan Rows": 7,"Plan Width": 27,"Actual Startup Time": 389.517,"Actual Total Time": 390.266,"Actual Rows": 2,"Actual Loops": 5,"Group Key": ["lineitem.l_shipmode"],"Workers": [],"Plans": [{"Node Type": "Sort","Parent Relationship": "Outer","Parallel Aware": false,"Async Capable": false,"Startup Cost": 172799.66,"Total Cost": 172817.89,"Plan Rows": 7292,"Plan Width": 27,"Actual Startup Time": 388.743,"Actual Total Time": 388.996,"Actual Rows": 6266,"Actual Loops": 5,"Sort Key": ["lineitem.l_shipmode"],"Sort Method": "quicksort","Sort Space Used": 629,"Sort Space Type": "Memory","Workers": [{"Worker Number": 0,"Sort Method": "quicksort","Sort Space Used": 641,"Sort Space Type": "Memory"},{"Worker Number": 1,"Sort Method": "quicksort","Sort Space Used": 623,"Sort Space Type": "Memory"},{"Worker Number": 2,"Sort Method": "quicksort","Sort Space Used": 630,"Sort Space Type": "Memory"},{"Worker Number": 3,"Sort Method": "quicksort","Sort Space Used": 641,"Sort Space Type": "Memory"}],"Plans": [{"Node Type": "Nested Loop","Parent Relationship": "Outer","Parallel Aware": false,"Async Capable": false,"Join Type": "Inner","Startup Cost": 0.43,"Total Cost": 172331.81,"Plan Rows": 7292,"Plan Width": 27,"Actual Startup Time": 0.259,"Actual Total Time": 385.820,"Actual Rows": 6266,"Actual Loops": 5,"Inner Unique": true,"Workers": [],"Plans": [{"Node Type": "Seq Scan","Parent Relationship": "Outer","Parallel Aware": true,"Async Capable": false,"Relation Name": "lineitem","Alias": "lineitem","Startup Cost": 0.00,"Total Cost": 146259.83,"Plan Rows": 7292,"Plan Width": 15,"Actual Startup Time": 0.115,"Actual Total Time": 350.923,"Actual Rows": 6266,"Actual Loops": 5,"Filter": "((l_shipmode = ANY ('{MAIL,FOB}'::bpchar[])) AND (l_commitdate < l_receiptdate) AND (l_shipdate < l_commitdate) AND (l_receiptdate >= '1996-01-01'::date) AND (l_receiptdate < '1997-01-01 00:00:00'::timestamp without time zone))","Rows Removed by Filter": 1193977,"Workers": []},{"Node Type": "Index Scan","Parent Relationship": "Inner","Parallel Aware": false,"Async Capable": false,"Scan Direction": "Forward","Index Name": "orders_pkey","Relation Name": "orders","Alias": "orders","Startup Cost": 0.43,"Total Cost": 3.58,"Plan Rows": 1,"Plan Width": 20,"Actual Startup Time": 0.005,"Actual Total Time": 0.005,"Actual Rows": 1,"Actual Loops": 31330,"Index Cond": "(o_orderkey = lineitem.l_orderkey)","Rows Removed by Index Recheck": 0,"Workers": []}]}]}]}]}]},"Planning Time": 4.307,"Triggers": [],"Execution Time": 433.253}]
[{"Plan": {"Node Type": "Aggregate","Strategy": "Sorted","Partial Mode": "Finalize","Parallel Aware": false,"Async Capable": false,"Startup Cost": 173469.49,"Total Cost": 173615.98,"Plan Rows": 7,"Plan Width": 27,"Actual Startup Time": 398.076,"Actual Total Time": 431.063,"Actual Rows": 2,"Actual Loops": 1,"Group Key": ["lineitem.l_shipmode"],"Plans": [{"Node Type": "Gather Merge","Parent Relationship": "Outer","Parallel Aware": false,"Async Capable": false,"Startup Cost": 173469.49,"Total Cost": 173615.70,"Plan Rows": 28,"Plan Width": 27,"Actual Startup Time": 397.217,"Actual Total Time": 431.025,"Actual Rows": 10,"Actual Loops": 1,"Workers Planned": 4,"Workers Launched": 4,"Plans": [{"Node Type": "Aggregate","Strategy": "Sorted","Partial Mode": "Partial","Parent Relationship": "Outer","Parallel Aware": false,"Async Capable": false,"Startup Cost": 172469.43,"Total Cost": 172612.30,"Plan Rows": 7,"Plan Width": 27,"Actual Startup Time": 388.995,"Actual Total Time": 389.724,"Actual Rows": 2,"Actual Loops": 5,"Group Key": ["lineitem.l_shipmode"],"Workers": [],"Plans": [{"Node Type": "Sort","Parent Relationship": "Outer","Parallel Aware": false,"Async Capable": false,"Startup Cost": 172469.43,"Total Cost": 172487.28,"Plan Rows": 7140,"Plan Width": 27,"Actual Startup Time": 388.238,"Actual Total Time": 388.494,"Actual Rows": 6198,"Actual Loops": 5,"Sort Key": ["lineitem.l_shipmode"],"Sort Method": "quicksort","Sort Space Used": 635,"Sort Space Type": "Memory","Workers": [{"Worker Number": 0,"Sort Method": "quicksort","Sort Space Used": 620,"Sort Space Type": "Memory"},{"Worker Number": 1,"Sort Method": "quicksort","Sort Space Used": 633,"Sort Space Type": "Memory"},{"Worker Number": 2,"Sort Method": "quicksort","Sort Space Used": 628,"Sort Space Type": "Memory"},{"Worker Number": 3,"Sort Method": "quicksort","Sort Space Used": 625,"Sort Space Type": "Memory"}],"Plans": [{"Node Type": "Nested Loop","Parent Relationship": "Outer","Parallel Aware": false,"Async Capable": false,"Join Type": "Inner","Startup Cost": 0.43,"Total Cost": 172012.41,"Plan Rows": 7140,"Plan Width": 27,"Actual Startup Time": 0.232,"Actual Total Time": 385.334,"Actual Rows": 6198,"Actual Loops": 5,"Inner Unique": true,"Workers": [],"Plans": [{"Node Type": "Seq Scan","Parent Relationship": "Outer","Parallel Aware": true,"Async Capable": false,"Relation Name": "lineitem","Alias": "lineitem","Startup Cost": 0.00,"Total Cost": 146259.83,"Plan Rows": 7140,"Plan Width": 15,"Actual Startup Time": 0.114,"Actual Total Time": 351.249,"Actual Rows": 6198,"Actual Loops": 5,"Filter": "((l_shipmode = ANY ('{MAIL,SHIP}'::bpchar[])) AND (l_commitdate < l_receiptdate) AND (l_shipdate < l_commitdate) AND (l_receiptdate >= '1994-01-01'::date) AND (l_receiptdate < '1995-01-01 00:00:00'::timestamp without time zone))","Rows Removed by Filter": 1194045,"Workers": []},{"Node Type": "Index Scan","Parent Relationship": "Inner","Parallel Aware": false,"Async Capable": false,"Scan Direction": "Forward","Index Name": "orders_pkey","Relation Name": "orders","Alias": "orders","Startup Cost": 0.43,"Total Cost": 3.61,"Plan Rows": 1,"Plan Width": 20,"Actual Startup Time": 0.005,"Actual Total Time": 0.005,"Actual Rows": 1,"Actual Loops": 30988,"Index Cond": "(o_orderkey = lineitem.l_orderkey)","Rows Removed by Index Recheck": 0,"Workers": []}]}]}]}]}]},"Planning Time": 4.368,"Triggers": [],"Execution Time": 431.623}]
[{"Plan": {"Node Type": "Aggregate","Strategy": "Sorted","Partial Mode": "Finalize","Parallel Aware": false,"Async Capable": false,"Startup Cost": 173776.29,"Total Cost": 173925.59,"Plan Rows": 7,"Plan Width": 27,"Actual Startup Time": 400.983,"Actual Total Time": 435.263,"Actual Rows": 2,"Actual Loops": 1,"Group Key": ["lineitem.l_shipmode"],"Plans": [{"Node Type": "Gather Merge","Parent Relationship": "Outer","Parallel Aware": false,"Async Capable": false,"Startup Cost": 173776.29,"Total Cost": 173925.31,"Plan Rows": 28,"Plan Width": 27,"Actual Startup Time": 400.136,"Actual Total Time": 435.222,"Actual Rows": 10,"Actual Loops": 1,"Workers Planned": 4,"Workers Launched": 4,"Plans": [{"Node Type": "Aggregate","Strategy": "Sorted","Partial Mode": "Partial","Parent Relationship": "Outer","Parallel Aware": false,"Async Capable": false,"Startup Cost": 172776.23,"Total Cost": 172921.92,"Plan Rows": 7,"Plan Width": 27,"Actual Startup Time": 391.953,"Actual Total Time": 392.675,"Actual Rows": 2,"Actual Loops": 5,"Group Key": ["lineitem.l_shipmode"],"Workers": [],"Plans": [{"Node Type": "Sort","Parent Relationship": "Outer","Parallel Aware": false,"Async Capable": false,"Startup Cost": 172776.23,"Total Cost": 172794.43,"Plan Rows": 7281,"Plan Width": 27,"Actual Startup Time": 391.185,"Actual Total Time": 391.445,"Actual Rows": 6242,"Actual Loops": 5,"Sort Key": ["lineitem.l_shipmode"],"Sort Method": "quicksort","Sort Space Used": 639,"Sort Space Type": "Memory","Workers": [{"Worker Number": 0,"Sort Method": "quicksort","Sort Space Used": 635,"Sort Space Type": "Memory"},{"Worker Number": 1,"Sort Method": "quicksort","Sort Space Used": 624,"Sort Space Type": "Memory"},{"Worker Number": 2,"Sort Method": "quicksort","Sort Space Used": 632,"Sort Space Type": "Memory"},{"Worker Number": 3,"Sort Method": "quicksort","Sort Space Used": 627,"Sort Space Type": "Memory"}],"Plans": [{"Node Type": "Nested Loop","Parent Relationship": "Outer","Parallel Aware": false,"Async Capable": false,"Join Type": "Inner","Startup Cost": 0.43,"Total Cost": 172309.16,"Plan Rows": 7281,"Plan Width": 27,"Actual Startup Time": 0.505,"Actual Total Time": 388.328,"Actual Rows": 6242,"Actual Loops": 5,"Inner Unique": true,"Workers": [],"Plans": [{"Node Type": "Seq Scan","Parent Relationship": "Outer","Parallel Aware": true,"Async Capable": false,"Relation Name": "lineitem","Alias": "lineitem","Startup Cost": 0.00,"Total Cost": 146259.83,"Plan Rows": 7281,"Plan Width": 15,"Actual Startup Time": 0.377,"Actual Total Time": 352.896,"Actual Rows": 6242,"Actual Loops": 5,"Filter": "((l_shipmode = ANY ('{\"REG AIR\",RAIL}'::bpchar[])) AND (l_commitdate < l_receiptdate) AND (l_shipdate < l_commitdate) AND (l_receiptdate >= '1993-01-01'::date) AND (l_receiptdate < '1994-01-01 00:00:00'::timestamp without time zone))","Rows Removed by Filter": 1194001,"Workers": []},{"Node Type": "Index Scan","Parent Relationship": "Inner","Parallel Aware": false,"Async Capable": false,"Scan Direction": "Forward","Index Name": "orders_pkey","Relation Name": "orders","Alias": "orders","Startup Cost": 0.43,"Total Cost": 3.58,"Plan Rows": 1,"Plan Width": 20,"Actual Startup Time": 0.005,"Actual Total Time": 0.005,"Actual Rows": 1,"Actual Loops": 31209,"Index Cond": "(o_orderkey = lineitem.l_orderkey)","Rows Removed by Index Recheck": 0,"Workers": []}]}]}]}]}]},"Planning Time": 5.836,"Triggers": [],"Execution Time": 435.790}]
[{"Plan": {"Node Type": "Aggregate","Strategy": "Sorted","Partial Mode": "Finalize","Parallel Aware": false,"Async Capable": false,"Startup Cost": 173718.50,"Total Cost": 173867.27,"Plan Rows": 7,"Plan Width": 27,"Actual Startup Time": 418.868,"Actual Total Time": 452.534,"Actual Rows": 2,"Actual Loops": 1,"Group Key": ["lineitem.l_shipmode"],"Plans": [{"Node Type": "Gather Merge","Parent Relationship": "Outer","Parallel Aware": false,"Async Capable": false,"Startup Cost": 173718.50,"Total Cost": 173866.99,"Plan Rows": 28,"Plan Width": 27,"Actual Startup Time": 417.993,"Actual Total Time": 452.505,"Actual Rows": 10,"Actual Loops": 1,"Workers Planned": 4,"Workers Launched": 4,"Plans": [{"Node Type": "Aggregate","Strategy": "Sorted","Partial Mode": "Partial","Parent Relationship": "Outer","Parallel Aware": false,"Async Capable": false,"Startup Cost": 172718.45,"Total Cost": 172863.60,"Plan Rows": 7,"Plan Width": 27,"Actual Startup Time": 409.427,"Actual Total Time": 410.187,"Actual Rows": 2,"Actual Loops": 5,"Group Key": ["lineitem.l_shipmode"],"Workers": [],"Plans": [{"Node Type": "Sort","Parent Relationship": "Outer","Parallel Aware": false,"Async Capable": false,"Startup Cost": 172718.45,"Total Cost": 172736.58,"Plan Rows": 7254,"Plan Width": 27,"Actual Startup Time": 408.628,"Actual Total Time": 408.905,"Actual Rows": 6247,"Actual Loops": 5,"Sort Key": ["lineitem.l_shipmode"],"Sort Method": "quicksort","Sort Space Used": 618,"Sort Space Type": "Memory","Workers": [{"Worker Number": 0,"Sort Method": "quicksort","Sort Space Used": 610,"Sort Space Type": "Memory"},{"Worker Number": 1,"Sort Method": "quicksort","Sort Space Used": 643,"Sort Space Type": "Memory"},{"Worker Number": 2,"Sort Method": "quicksort","Sort Space Used": 646,"Sort Space Type": "Memory"},{"Worker Number": 3,"Sort Method": "quicksort","Sort Space Used": 642,"Sort Space Type": "Memory"}],"Plans": [{"Node Type": "Nested Loop","Parent Relationship": "Outer","Parallel Aware": false,"Async Capable": false,"Join Type": "Inner","Startup Cost": 0.43,"Total Cost": 172253.30,"Plan Rows": 7254,"Plan Width": 27,"Actual Startup Time": 0.396,"Actual Total Time": 405.525,"Actual Rows": 6247,"Actual Loops": 5,"Inner Unique": true,"Workers": [],"Plans": [{"Node Type": "Seq Scan","Parent Relationship": "Outer","Parallel Aware": true,"Async Capable": false,"Relation Name": "lineitem","Alias": "lineitem","Startup Cost": 0.00,"Total Cost": 146259.83,"Plan Rows": 7254,"Plan Width": 15,"Actual Startup Time": 0.258,"Actual Total Time": 368.111,"Actual Rows": 6247,"Actual Loops": 5,"Filter": "((l_shipmode = ANY ('{RAIL,MAIL}'::bpchar[])) AND (l_commitdate < l_receiptdate) AND (l_shipdate < l_commitdate) AND (l_receiptdate >= '1996-01-01'::date) AND (l_receiptdate < '1997-01-01 00:00:00'::timestamp without time zone))","Rows Removed by Filter": 1193996,"Workers": []},{"Node Type": "Index Scan","Parent Relationship": "Inner","Parallel Aware": false,"Async Capable": false,"Scan Direction": "Forward","Index Name": "orders_pkey","Relation Name": "orders","Alias": "orders","Startup Cost": 0.43,"Total Cost": 3.58,"Plan Rows": 1,"Plan Width": 20,"Actual Startup Time": 0.006,"Actual Total Time": 0.006,"Actual Rows": 1,"Actual Loops": 31235,"Index Cond": "(o_orderkey = lineitem.l_orderkey)","Rows Removed by Index Recheck": 0,"Workers": []}]}]}]}]}]},"Planning Time": 5.103,"Triggers": [],"Execution Time": 453.162}]
[{"Plan": {"Node Type": "Aggregate","Strategy": "Sorted","Partial Mode": "Finalize","Parallel Aware": false,"Async Capable": false,"Startup Cost": 173627.75,"Total Cost": 173775.71,"Plan Rows": 7,"Plan Width": 27,"Actual Startup Time": 396.174,"Actual Total Time": 430.546,"Actual Rows": 2,"Actual Loops": 1,"Group Key": ["lineitem.l_shipmode"],"Plans": [{"Node Type": "Gather Merge","Parent Relationship": "Outer","Parallel Aware": false,"Async Capable": false,"Startup Cost": 173627.75,"Total Cost": 173775.43,"Plan Rows": 28,"Plan Width": 27,"Actual Startup Time": 395.297,"Actual Total Time": 430.494,"Actual Rows": 10,"Actual Loops": 1,"Workers Planned": 4,"Workers Launched": 4,"Plans": [{"Node Type": "Aggregate","Strategy": "Sorted","Partial Mode": "Partial","Parent Relationship": "Outer","Parallel Aware": false,"Async Capable": false,"Startup Cost": 172627.69,"Total Cost": 172772.04,"Plan Rows": 7,"Plan Width": 27,"Actual Startup Time": 386.999,"Actual Total Time": 387.720,"Actual Rows": 2,"Actual Loops": 5,"Group Key": ["lineitem.l_shipmode"],"Workers": [],"Plans": [{"Node Type": "Sort","Parent Relationship": "Outer","Parallel Aware": false,"Async Capable": false,"Startup Cost": 172627.69,"Total Cost": 172645.72,"Plan Rows": 7214,"Plan Width": 27,"Actual Startup Time": 386.233,"Actual Total Time": 386.474,"Actual Rows": 6259,"Actual Loops": 5,"Sort Key": ["lineitem.l_shipmode"],"Sort Method": "quicksort","Sort Space Used": 649,"Sort Space Type": "Memory","Workers": [{"Worker Number": 0,"Sort Method": "quicksort","Sort Space Used": 619,"Sort Space Type": "Memory"},{"Worker Number": 1,"Sort Method": "quicksort","Sort Space Used": 627,"Sort Space Type": "Memory"},{"Worker Number": 2,"Sort Method": "quicksort","Sort Space Used": 633,"Sort Space Type": "Memory"},{"Worker Number": 3,"Sort Method": "quicksort","Sort Space Used": 635,"Sort Space Type": "Memory"}],"Plans": [{"Node Type": "Nested Loop","Parent Relationship": "Outer","Parallel Aware": false,"Async Capable": false,"Join Type": "Inner","Startup Cost": 0.43,"Total Cost": 172165.39,"Plan Rows": 7214,"Plan Width": 27,"Actual Startup Time": 0.257,"Actual Total Time": 383.392,"Actual Rows": 6259,"Actual Loops": 5,"Inner Unique": true,"Workers": [],"Plans": [{"Node Type": "Seq Scan","Parent Relationship": "Outer","Parallel Aware": true,"Async Capable": false,"Relation Name": "lineitem","Alias": "lineitem","Startup Cost": 0.00,"Total Cost": 146259.83,"Plan Rows": 7213,"Plan Width": 15,"Actual Startup Time": 0.140,"Actual Total Time": 348.159,"Actual Rows": 6259,"Actual Loops": 5,"Filter": "((l_shipmode = ANY ('{\"REG AIR\",MAIL}'::bpchar[])) AND (l_commitdate < l_receiptdate) AND (l_shipdate < l_commitdate) AND (l_receiptdate >= '1997-01-01'::date) AND (l_receiptdate < '1998-01-01 00:00:00'::timestamp without time zone))","Rows Removed by Filter": 1193984,"Workers": []},{"Node Type": "Index Scan","Parent Relationship": "Inner","Parallel Aware": false,"Async Capable": false,"Scan Direction": "Forward","Index Name": "orders_pkey","Relation Name": "orders","Alias": "orders","Startup Cost": 0.43,"Total Cost": 3.59,"Plan Rows": 1,"Plan Width": 20,"Actual Startup Time": 0.005,"Actual Total Time": 0.005,"Actual Rows": 1,"Actual Loops": 31295,"Index Cond": "(o_orderkey = lineitem.l_orderkey)","Rows Removed by Index Recheck": 0,"Workers": []}]}]}]}]}]},"Planning Time": 3.963,"Triggers": [],"Execution Time": 431.238}]
[{"Plan": {"Node Type": "Aggregate","Strategy": "Sorted","Partial Mode": "Finalize","Parallel Aware": false,"Async Capable": false,"Startup Cost": 173485.08,"Total Cost": 173631.69,"Plan Rows": 7,"Plan Width": 27,"Actual Startup Time": 399.790,"Actual Total Time": 432.795,"Actual Rows": 2,"Actual Loops": 1,"Group Key": ["lineitem.l_shipmode"],"Plans": [{"Node Type": "Gather Merge","Parent Relationship": "Outer","Parallel Aware": false,"Async Capable": false,"Startup Cost": 173485.08,"Total Cost": 173631.41,"Plan Rows": 28,"Plan Width": 27,"Actual Startup Time": 398.880,"Actual Total Time": 432.754,"Actual Rows": 10,"Actual Loops": 1,"Workers Planned": 4,"Workers Launched": 4,"Plans": [{"Node Type": "Aggregate","Strategy": "Sorted","Partial Mode": "Partial","Parent Relationship": "Outer","Parallel Aware": false,"Async Capable": false,"Startup Cost": 172485.02,"Total Cost": 172628.01,"Plan Rows": 7,"Plan Width": 27,"Actual Startup Time": 390.646,"Actual Total Time": 391.392,"Actual Rows": 2,"Actual Loops": 5,"Group Key": ["lineitem.l_shipmode"],"Workers": [],"Plans": [{"Node Type": "Sort","Parent Relationship": "Outer","Parallel Aware": false,"Async Capable": false,"Startup Cost": 172485.02,"Total Cost": 172502.89,"Plan Rows": 7146,"Plan Width": 27,"Actual Startup Time": 389.894,"Actual Total Time": 390.140,"Actual Rows": 6188,"Actual Loops": 5,"Sort Key": ["lineitem.l_shipmode"],"Sort Method": "quicksort","Sort Space Used": 630,"Sort Space Type": "Memory","Workers": [{"Worker Number": 0,"Sort Method": "quicksort","Sort Space Used": 636,"Sort Space Type": "Memory"},{"Worker Number": 1,"Sort Method": "quicksort","Sort Space Used": 615,"Sort Space Type": "Memory"},{"Worker Number": 2,"Sort Method": "quicksort","Sort Space Used": 633,"Sort Space Type": "Memory"},{"Worker Number": 3,"Sort Method": "quicksort","Sort Space Used": 624,"Sort Space Type": "Memory"}],"Plans": [{"Node Type": "Nested Loop","Parent Relationship": "Outer","Parallel Aware": false,"Async Capable": false,"Join Type": "Inner","Startup Cost": 0.43,"Total Cost": 172027.58,"Plan Rows": 7146,"Plan Width": 27,"Actual Startup Time": 0.286,"Actual Total Time": 387.047,"Actual Rows": 6188,"Actual Loops": 5,"Inner Unique": true,"Workers": [],"Plans": [{"Node Type": "Seq Scan","Parent Relationship": "Outer","Parallel Aware": true,"Async Capable": false,"Relation Name": "lineitem","Alias": "lineitem","Startup Cost": 0.00,"Total Cost": 146259.83,"Plan Rows": 7147,"Plan Width": 15,"Actual Startup Time": 0.150,"Actual Total Time": 352.060,"Actual Rows": 6188,"Actual Loops": 5,"Filter": "((l_shipmode = ANY ('{AIR,MAIL}'::bpchar[])) AND (l_commitdate < l_receiptdate) AND (l_shipdate < l_commitdate) AND (l_receiptdate >= '1994-01-01'::date) AND (l_receiptdate < '1995-01-01 00:00:00'::timestamp without time zone))","Rows Removed by Filter": 1194055,"Workers": []},{"Node Type": "Index Scan","Parent Relationship": "Inner","Parallel Aware": false,"Async Capable": false,"Scan Direction": "Forward","Index Name": "orders_pkey","Relation Name": "orders","Alias": "orders","Startup Cost": 0.43,"Total Cost": 3.61,"Plan Rows": 1,"Plan Width": 20,"Actual Startup Time": 0.005,"Actual Total Time": 0.005,"Actual Rows": 1,"Actual Loops": 30942,"Index Cond": "(o_orderkey = lineitem.l_orderkey)","Rows Removed by Index Recheck": 0,"Workers": []}]}]}]}]}]},"Planning Time": 4.021,"Triggers": [],"Execution Time": 433.229}]
[{"Plan": {"Node Type": "Aggregate","Strategy": "Sorted","Partial Mode": "Finalize","Parallel Aware": false,"Async Capable": false,"Startup Cost": 173608.85,"Total Cost": 173756.62,"Plan Rows": 7,"Plan Width": 27,"Actual Startup Time": 403.414,"Actual Total Time": 436.917,"Actual Rows": 2,"Actual Loops": 1,"Group Key": ["lineitem.l_shipmode"],"Plans": [{"Node Type": "Gather Merge","Parent Relationship": "Outer","Parallel Aware": false,"Async Capable": false,"Startup Cost": 173608.85,"Total Cost": 173756.34,"Plan Rows": 28,"Plan Width": 27,"Actual Startup Time": 402.548,"Actual Total Time": 436.868,"Actual Rows": 10,"Actual Loops": 1,"Workers Planned": 4,"Workers Launched": 4,"Plans": [{"Node Type": "Aggregate","Strategy": "Sorted","Partial Mode": "Partial","Parent Relationship": "Outer","Parallel Aware": false,"Async Capable": false,"Startup Cost": 172608.79,"Total Cost": 172752.94,"Plan Rows": 7,"Plan Width": 27,"Actual Startup Time": 393.861,"Actual Total Time": 394.597,"Actual Rows": 2,"Actual Loops": 5,"Group Key": ["lineitem.l_shipmode"],"Workers": [],"Plans": [{"Node Type": "Sort","Parent Relationship": "Outer","Parallel Aware": false,"Async Capable": false,"Startup Cost": 172608.79,"Total Cost": 172626.80,"Plan Rows": 7204,"Plan Width": 27,"Actual Startup Time": 393.121,"Actual Total Time": 393.367,"Actual Rows": 6220,"Actual Loops": 5,"Sort Key": ["lineitem.l_shipmode"],"Sort Method": "quicksort","Sort Space Used": 641,"Sort Space Type": "Memory","Workers": [{"Worker Number": 0,"Sort Method": "quicksort","Sort Space Used": 605,"Sort Space Type": "Memory"},{"Worker Number": 1,"Sort Method": "quicksort","Sort Space Used": 643,"Sort Space Type": "Memory"},{"Worker Number": 2,"Sort Method": "quicksort","Sort Space Used": 630,"Sort Space Type": "Memory"},{"Worker Number": 3,"Sort Method": "quicksort","Sort Space Used": 630,"Sort Space Type": "Memory"}],"Plans": [{"Node Type": "Nested Loop","Parent Relationship": "Outer","Parallel Aware": false,"Async Capable": false,"Join Type": "Inner","Startup Cost": 0.43,"Total Cost": 172147.21,"Plan Rows": 7204,"Plan Width": 27,"Actual Startup Time": 0.247,"Actual Total Time": 390.199,"Actual Rows": 6220,"Actual Loops": 5,"Inner Unique": true,"Workers": [],"Plans": [{"Node Type": "Seq Scan","Parent Relationship": "Outer","Parallel Aware": true,"Async Capable": false,"Relation Name": "lineitem","Alias": "lineitem","Startup Cost": 0.00,"Total Cost": 146259.83,"Plan Rows": 7204,"Plan Width": 15,"Actual Startup Time": 0.154,"Actual Total Time": 354.277,"Actual Rows": 6220,"Actual Loops": 5,"Filter": "((l_shipmode = ANY ('{TRUCK,SHIP}'::bpchar[])) AND (l_commitdate < l_receiptdate) AND (l_shipdate < l_commitdate) AND (l_receiptdate >= '1997-01-01'::date) AND (l_receiptdate < '1998-01-01 00:00:00'::timestamp without time zone))","Rows Removed by Filter": 1194023,"Workers": []},{"Node Type": "Index Scan","Parent Relationship": "Inner","Parallel Aware": false,"Async Capable": false,"Scan Direction": "Forward","Index Name": "orders_pkey","Relation Name": "orders","Alias": "orders","Startup Cost": 0.43,"Total Cost": 3.59,"Plan Rows": 1,"Plan Width": 20,"Actual Startup Time": 0.005,"Actual Total Time": 0.005,"Actual Rows": 1,"Actual Loops": 31100,"Index Cond": "(o_orderkey = lineitem.l_orderkey)","Rows Removed by Index Recheck": 0,"Workers": []}]}]}]}]}]},"Planning Time": 3.757,"Triggers": [],"Execution Time": 437.563}]
[{"Plan": {"Node Type": "Aggregate","Strategy": "Sorted","Partial Mode": "Finalize","Parallel Aware": false,"Async Capable": false,"Startup Cost": 173642.03,"Total Cost": 173790.09,"Plan Rows": 7,"Plan Width": 27,"Actual Startup Time": 408.499,"Actual Total Time": 443.149,"Actual Rows": 2,"Actual Loops": 1,"Group Key": ["lineitem.l_shipmode"],"Plans": [{"Node Type": "Gather Merge","Parent Relationship": "Outer","Parallel Aware": false,"Async Capable": false,"Startup Cost": 173642.03,"Total Cost": 173789.81,"Plan Rows": 28,"Plan Width": 27,"Actual Startup Time": 407.692,"Actual Total Time": 443.108,"Actual Rows": 10,"Actual Loops": 1,"Workers Planned": 4,"Workers Launched": 4,"Plans": [{"Node Type": "Aggregate","Strategy": "Sorted","Partial Mode": "Partial","Parent Relationship": "Outer","Parallel Aware": false,"Async Capable": false,"Startup Cost": 172641.97,"Total Cost": 172786.42,"Plan Rows": 7,"Plan Width": 27,"Actual Startup Time": 399.558,"Actual Total Time": 400.297,"Actual Rows": 2,"Actual Loops": 5,"Group Key": ["lineitem.l_shipmode"],"Workers": [],"Plans": [{"Node Type": "Sort","Parent Relationship": "Outer","Parallel Aware": false,"Async Capable": false,"Startup Cost": 172641.97,"Total Cost": 172660.02,"Plan Rows": 7219,"Plan Width": 27,"Actual Startup Time": 398.798,"Actual Total Time": 399.043,"Actual Rows": 6266,"Actual Loops": 5,"Sort Key": ["lineitem.l_shipmode"],"Sort Method": "quicksort","Sort Space Used": 633,"Sort Space Type": "Memory","Workers": [{"Worker Number": 0,"Sort Method": "quicksort","Sort Space Used": 649,"Sort Space Type": "Memory"},{"Worker Number": 1,"Sort Method": "quicksort","Sort Space Used": 615,"Sort Space Type": "Memory"},{"Worker Number": 2,"Sort Method": "quicksort","Sort Space Used": 638,"Sort Space Type": "Memory"},{"Worker Number": 3,"Sort Method": "quicksort","Sort Space Used": 630,"Sort Space Type": "Memory"}],"Plans": [{"Node Type": "Nested Loop","Parent Relationship": "Outer","Parallel Aware": false,"Async Capable": false,"Join Type": "Inner","Startup Cost": 0.43,"Total Cost": 172179.32,"Plan Rows": 7219,"Plan Width": 27,"Actual Startup Time": 0.621,"Actual Total Time": 395.872,"Actual Rows": 6266,"Actual Loops": 5,"Inner Unique": true,"Workers": [],"Plans": [{"Node Type": "Seq Scan","Parent Relationship": "Outer","Parallel Aware": true,"Async Capable": false,"Relation Name": "lineitem","Alias": "lineitem","Startup Cost": 0.00,"Total Cost": 146259.83,"Plan Rows": 7219,"Plan Width": 15,"Actual Startup Time": 0.502,"Actual Total Time": 359.636,"Actual Rows": 6266,"Actual Loops": 5,"Filter": "((l_shipmode = ANY ('{SHIP,MAIL}'::bpchar[])) AND (l_commitdate < l_receiptdate) AND (l_shipdate < l_commitdate) AND (l_receiptdate >= '1996-01-01'::date) AND (l_receiptdate < '1997-01-01 00:00:00'::timestamp without time zone))","Rows Removed by Filter": 1193977,"Workers": []},{"Node Type": "Index Scan","Parent Relationship": "Inner","Parallel Aware": false,"Async Capable": false,"Scan Direction": "Forward","Index Name": "orders_pkey","Relation Name": "orders","Alias": "orders","Startup Cost": 0.43,"Total Cost": 3.59,"Plan Rows": 1,"Plan Width": 20,"Actual Startup Time": 0.005,"Actual Total Time": 0.005,"Actual Rows": 1,"Actual Loops": 31329,"Index Cond": "(o_orderkey = lineitem.l_orderkey)","Rows Removed by Index Recheck": 0,"Workers": []}]}]}]}]}]},"Planning Time": 5.430,"Triggers": [],"Execution Time": 443.854}]
[{"Plan": {"Node Type": "Aggregate","Strategy": "Sorted","Partial Mode": "Finalize","Parallel Aware": false,"Async Capable": false,"Startup Cost": 174003.87,"Total Cost": 174155.30,"Plan Rows": 7,"Plan Width": 27,"Actual Startup Time": 411.926,"Actual Total Time": 445.121,"Actual Rows": 2,"Actual Loops": 1,"Group Key": ["lineitem.l_shipmode"],"Plans": [{"Node Type": "Gather Merge","Parent Relationship": "Outer","Parallel Aware": false,"Async Capable": false,"Startup Cost": 174003.87,"Total Cost": 174155.02,"Plan Rows": 28,"Plan Width": 27,"Actual Startup Time": 411.057,"Actual Total Time": 445.084,"Actual Rows": 10,"Actual Loops": 1,"Workers Planned": 4,"Workers Launched": 4,"Plans": [{"Node Type": "Aggregate","Strategy": "Sorted","Partial Mode": "Partial","Parent Relationship": "Outer","Parallel Aware": false,"Async Capable": false,"Startup Cost": 173003.81,"Total Cost": 173151.62,"Plan Rows": 7,"Plan Width": 27,"Actual Startup Time": 402.614,"Actual Total Time": 403.359,"Actual Rows": 2,"Actual Loops": 5,"Group Key": ["lineitem.l_shipmode"],"Workers": [],"Plans": [{"Node Type": "Sort","Parent Relationship": "Outer","Parallel Aware": false,"Async Capable": false,"Startup Cost": 173003.81,"Total Cost": 173022.28,"Plan Rows": 7387,"Plan Width": 27,"Actual Startup Time": 401.846,"Actual Total Time": 402.102,"Actual Rows": 6270,"Actual Loops": 5,"Sort Key": ["lineitem.l_shipmode"],"Sort Method": "quicksort","Sort Space Used": 635,"Sort Space Type": "Memory","Workers": [{"Worker Number": 0,"Sort Method": "quicksort","Sort Space Used": 640,"Sort Space Type": "Memory"},{"Worker Number": 1,"Sort Method": "quicksort","Sort Space Used": 641,"Sort Space Type": "Memory"},{"Worker Number": 2,"Sort Method": "quicksort","Sort Space Used": 612,"Sort Space Type": "Memory"},{"Worker Number": 3,"Sort Method": "quicksort","Sort Space Used": 638,"Sort Space Type": "Memory"}],"Plans": [{"Node Type": "Nested Loop","Parent Relationship": "Outer","Parallel Aware": false,"Async Capable": false,"Join Type": "Inner","Startup Cost": 0.43,"Total Cost": 172529.17,"Plan Rows": 7387,"Plan Width": 27,"Actual Startup Time": 0.366,"Actual Total Time": 398.921,"Actual Rows": 6270,"Actual Loops": 5,"Inner Unique": true,"Workers": [],"Plans": [{"Node Type": "Seq Scan","Parent Relationship": "Outer","Parallel Aware": true,"Async Capable": false,"Relation Name": "lineitem","Alias": "lineitem","Startup Cost": 0.00,"Total Cost": 146259.83,"Plan Rows": 7387,"Plan Width": 15,"Actual Startup Time": 0.252,"Actual Total Time": 362.651,"Actual Rows": 6270,"Actual Loops": 5,"Filter": "((l_shipmode = ANY ('{AIR,RAIL}'::bpchar[])) AND (l_commitdate < l_receiptdate) AND (l_shipdate < l_commitdate) AND (l_receiptdate >= '1995-01-01'::date) AND (l_receiptdate < '1996-01-01 00:00:00'::timestamp without time zone))","Rows Removed by Filter": 1193973,"Workers": []},{"Node Type": "Index Scan","Parent Relationship": "Inner","Parallel Aware": false,"Async Capable": false,"Scan Direction": "Forward","Index Name": "orders_pkey","Relation Name": "orders","Alias": "orders","Startup Cost": 0.43,"Total Cost": 3.56,"Plan Rows": 1,"Plan Width": 20,"Actual Startup Time": 0.005,"Actual Total Time": 0.005,"Actual Rows": 1,"Actual Loops": 31349,"Index Cond": "(o_orderkey = lineitem.l_orderkey)","Rows Removed by Index Recheck": 0,"Workers": []}]}]}]}]}]},"Planning Time": 4.134,"Triggers": [],"Execution Time": 445.716}]
[{"Plan": {"Node Type": "Aggregate","Strategy": "Sorted","Partial Mode": "Finalize","Parallel Aware": false,"Async Capable": false,"Startup Cost": 174090.23,"Total Cost": 174242.45,"Plan Rows": 7,"Plan Width": 27,"Actual Startup Time": 397.941,"Actual Total Time": 432.824,"Actual Rows": 2,"Actual Loops": 1,"Group Key": ["lineitem.l_shipmode"],"Plans": [{"Node Type": "Gather Merge","Parent Relationship": "Outer","Parallel Aware": false,"Async Capable": false,"Startup Cost": 174090.23,"Total Cost": 174242.17,"Plan Rows": 28,"Plan Width": 27,"Actual Startup Time": 397.112,"Actual Total Time": 432.767,"Actual Rows": 10,"Actual Loops": 1,"Workers Planned": 4,"Workers Launched": 4,"Plans": [{"Node Type": "Aggregate","Strategy": "Sorted","Partial Mode": "Partial","Parent Relationship": "Outer","Parallel Aware": false,"Async Capable": false,"Startup Cost": 173090.17,"Total Cost": 173238.78,"Plan Rows": 7,"Plan Width": 27,"Actual Startup Time": 388.467,"Actual Total Time": 389.216,"Actual Rows": 2,"Actual Loops": 5,"Group Key": ["lineitem.l_shipmode"],"Workers": [],"Plans": [{"Node Type": "Sort","Parent Relationship": "Outer","Parallel Aware": false,"Async Capable": false,"Startup Cost": 173090.17,"Total Cost": 173108.74,"Plan Rows": 7427,"Plan Width": 27,"Actual Startup Time": 387.692,"Actual Total Time": 387.946,"Actual Rows": 6300,"Actual Loops": 5,"Sort Key": ["lineitem.l_shipmode"],"Sort Method": "quicksort","Sort Space Used": 641,"Sort Space Type": "Memory","Workers": [{"Worker Number": 0,"Sort Method": "quicksort","Sort Space Used": 634,"Sort Space Type": "Memory"},{"Worker Number": 1,"Sort Method": "quicksort","Sort Space Used": 640,"Sort Space Type": "Memory"},{"Worker Number": 2,"Sort Method": "quicksort","Sort Space Used": 628,"Sort Space Type": "Memory"},{"Worker Number": 3,"Sort Method": "quicksort","Sort Space Used": 634,"Sort Space Type": "Memory"}],"Plans": [{"Node Type": "Nested Loop","Parent Relationship": "Outer","Parallel Aware": false,"Async Capable": false,"Join Type": "Inner","Startup Cost": 0.43,"Total Cost": 172612.67,"Plan Rows": 7427,"Plan Width": 27,"Actual Startup Time": 0.321,"Actual Total Time": 384.715,"Actual Rows": 6300,"Actual Loops": 5,"Inner Unique": true,"Workers": [],"Plans": [{"Node Type": "Seq Scan","Parent Relationship": "Outer","Parallel Aware": true,"Async Capable": false,"Relation Name": "lineitem","Alias": "lineitem","Startup Cost": 0.00,"Total Cost": 146259.83,"Plan Rows": 7427,"Plan Width": 15,"Actual Startup Time": 0.185,"Actual Total Time": 349.161,"Actual Rows": 6300,"Actual Loops": 5,"Filter": "((l_shipmode = ANY ('{FOB,AIR}'::bpchar[])) AND (l_commitdate < l_receiptdate) AND (l_shipdate < l_commitdate) AND (l_receiptdate >= '1995-01-01'::date) AND (l_receiptdate < '1996-01-01 00:00:00'::timestamp without time zone))","Rows Removed by Filter": 1193943,"Workers": []},{"Node Type": "Index Scan","Parent Relationship": "Inner","Parallel Aware": false,"Async Capable": false,"Scan Direction": "Forward","Index Name": "orders_pkey","Relation Name": "orders","Alias": "orders","Startup Cost": 0.43,"Total Cost": 3.55,"Plan Rows": 1,"Plan Width": 20,"Actual Startup Time": 0.005,"Actual Total Time": 0.005,"Actual Rows": 1,"Actual Loops": 31499,"Index Cond": "(o_orderkey = lineitem.l_orderkey)","Rows Removed by Index Recheck": 0,"Workers": []}]}]}]}]}]},"Planning Time": 5.199,"Triggers": [],"Execution Time": 433.518}]
[{"Plan": {"Node Type": "Aggregate","Strategy": "Sorted","Partial Mode": "Finalize","Parallel Aware": false,"Async Capable": false,"Startup Cost": 174042.75,"Total Cost": 174194.55,"Plan Rows": 7,"Plan Width": 27,"Actual Startup Time": 411.708,"Actual Total Time": 445.209,"Actual Rows": 2,"Actual Loops": 1,"Group Key": ["lineitem.l_shipmode"],"Plans": [{"Node Type": "Gather Merge","Parent Relationship": "Outer","Parallel Aware": false,"Async Capable": false,"Startup Cost": 174042.75,"Total Cost": 174194.27,"Plan Rows": 28,"Plan Width": 27,"Actual Startup Time": 410.829,"Actual Total Time": 445.178,"Actual Rows": 10,"Actual Loops": 1,"Workers Planned": 4,"Workers Launched": 4,"Plans": [{"Node Type": "Aggregate","Strategy": "Sorted","Partial Mode": "Partial","Parent Relationship": "Outer","Parallel Aware": false,"Async Capable": false,"Startup Cost": 173042.69,"Total Cost": 173190.88,"Plan Rows": 7,"Plan Width": 27,"Actual Startup Time": 401.906,"Actual Total Time": 402.653,"Actual Rows": 2,"Actual Loops": 5,"Group Key": ["lineitem.l_shipmode"],"Workers": [],"Plans": [{"Node Type": "Sort","Parent Relationship": "Outer","Parallel Aware": false,"Async Capable": false,"Startup Cost": 173042.69,"Total Cost": 173061.20,"Plan Rows": 7406,"Plan Width": 27,"Actual Startup Time": 401.134,"Actual Total Time": 401.394,"Actual Rows": 6304,"Actual Loops": 5,"Sort Key": ["lineitem.l_shipmode"],"Sort Method": "quicksort","Sort Space Used": 632,"Sort Space Type": "Memory","Workers": [{"Worker Number": 0,"Sort Method": "quicksort","Sort Space Used": 649,"Sort Space Type": "Memory"},{"Worker Number": 1,"Sort Method": "quicksort","Sort Space Used": 654,"Sort Space Type": "Memory"},{"Worker Number": 2,"Sort Method": "quicksort","Sort Space Used": 641,"Sort Space Type": "Memory"},{"Worker Number": 3,"Sort Method": "quicksort","Sort Space Used": 603,"Sort Space Type": "Memory"}],"Plans": [{"Node Type": "Nested Loop","Parent Relationship": "Outer","Parallel Aware": false,"Async Capable": false,"Join Type": "Inner","Startup Cost": 0.43,"Total Cost": 172566.69,"Plan Rows": 7406,"Plan Width": 27,"Actual Startup Time": 0.350,"Actual Total Time": 398.133,"Actual Rows": 6304,"Actual Loops": 5,"Inner Unique": true,"Workers": [],"Plans": [{"Node Type": "Seq Scan","Parent Relationship": "Outer","Parallel Aware": true,"Async Capable": false,"Relation Name": "lineitem","Alias": "lineitem","Startup Cost": 0.00,"Total Cost": 146259.83,"Plan Rows": 7405,"Plan Width": 15,"Actual Startup Time": 0.222,"Actual Total Time": 361.641,"Actual Rows": 6304,"Actual Loops": 5,"Filter": "((l_shipmode = ANY ('{TRUCK,AIR}'::bpchar[])) AND (l_commitdate < l_receiptdate) AND (l_shipdate < l_commitdate) AND (l_receiptdate >= '1995-01-01'::date) AND (l_receiptdate < '1996-01-01 00:00:00'::timestamp without time zone))","Rows Removed by Filter": 1193939,"Workers": []},{"Node Type": "Index Scan","Parent Relationship": "Inner","Parallel Aware": false,"Async Capable": false,"Scan Direction": "Forward","Index Name": "orders_pkey","Relation Name": "orders","Alias": "orders","Startup Cost": 0.43,"Total Cost": 3.55,"Plan Rows": 1,"Plan Width": 20,"Actual Startup Time": 0.005,"Actual Total Time": 0.005,"Actual Rows": 1,"Actual Loops": 31519,"Index Cond": "(o_orderkey = lineitem.l_orderkey)","Rows Removed by Index Recheck": 0,"Workers": []}]}]}]}]}]},"Planning Time": 4.014,"Triggers": [],"Execution Time": 445.841}]
[{"Plan": {"Node Type": "Aggregate","Strategy": "Sorted","Partial Mode": "Finalize","Parallel Aware": false,"Async Capable": false,"Startup Cost": 174029.81,"Total Cost": 174181.50,"Plan Rows": 7,"Plan Width": 27,"Actual Startup Time": 391.419,"Actual Total Time": 423.962,"Actual Rows": 2,"Actual Loops": 1,"Group Key": ["lineitem.l_shipmode"],"Plans": [{"Node Type": "Gather Merge","Parent Relationship": "Outer","Parallel Aware": false,"Async Capable": false,"Startup Cost": 174029.81,"Total Cost": 174181.22,"Plan Rows": 28,"Plan Width": 27,"Actual Startup Time": 390.579,"Actual Total Time": 423.932,"Actual Rows": 10,"Actual Loops": 1,"Workers Planned": 4,"Workers Launched": 4,"Plans": [{"Node Type": "Aggregate","Strategy": "Sorted","Partial Mode": "Partial","Parent Relationship": "Outer","Parallel Aware": false,"Async Capable": false,"Startup Cost": 173029.75,"Total Cost": 173177.82,"Plan Rows": 7,"Plan Width": 27,"Actual Startup Time": 382.670,"Actual Total Time": 383.404,"Actual Rows": 2,"Actual Loops": 5,"Group Key": ["lineitem.l_shipmode"],"Workers": [],"Plans": [{"Node Type": "Sort","Parent Relationship": "Outer","Parallel Aware": false,"Async Capable": false,"Startup Cost": 173029.75,"Total Cost": 173048.25,"Plan Rows": 7400,"Plan Width": 27,"Actual Startup Time": 381.918,"Actual Total Time": 382.165,"Actual Rows": 6248,"Actual Loops": 5,"Sort Key": ["lineitem.l_shipmode"],"Sort Method": "quicksort","Sort Space Used": 634,"Sort Space Type": "Memory","Workers": [{"Worker Number": 0,"Sort Method": "quicksort","Sort Space Used": 633,"Sort Space Type": "Memory"},{"Worker Number": 1,"Sort Method": "quicksort","Sort Space Used": 623,"Sort Space Type": "Memory"},{"Worker Number": 2,"Sort Method": "quicksort","Sort Space Used": 634,"Sort Space Type": "Memory"},{"Worker Number": 3,"Sort Method": "quicksort","Sort Space Used": 636,"Sort Space Type": "Memory"}],"Plans": [{"Node Type": "Nested Loop","Parent Relationship": "Outer","Parallel Aware": false,"Async Capable": false,"Join Type": "Inner","Startup Cost": 0.43,"Total Cost": 172554.18,"Plan Rows": 7400,"Plan Width": 27,"Actual Startup Time": 0.327,"Actual Total Time": 379.146,"Actual Rows": 6248,"Actual Loops": 5,"Inner Unique": true,"Workers": [],"Plans": [{"Node Type": "Seq Scan","Parent Relationship": "Outer","Parallel Aware": true,"Async Capable": false,"Relation Name": "lineitem","Alias": "lineitem","Startup Cost": 0.00,"Total Cost": 146259.83,"Plan Rows": 7399,"Plan Width": 15,"Actual Startup Time": 0.199,"Actual Total Time": 344.489,"Actual Rows": 6248,"Actual Loops": 5,"Filter": "((l_shipmode = ANY ('{TRUCK,\"REG AIR\"}'::bpchar[])) AND (l_commitdate < l_receiptdate) AND (l_shipdate < l_commitdate) AND (l_receiptdate >= '1995-01-01'::date) AND (l_receiptdate < '1996-01-01 00:00:00'::timestamp without time zone))","Rows Removed by Filter": 1193995,"Workers": []},{"Node Type": "Index Scan","Parent Relationship": "Inner","Parallel Aware": false,"Async Capable": false,"Scan Direction": "Forward","Index Name": "orders_pkey","Relation Name": "orders","Alias": "orders","Startup Cost": 0.43,"Total Cost": 3.55,"Plan Rows": 1,"Plan Width": 20,"Actual Startup Time": 0.005,"Actual Total Time": 0.005,"Actual Rows": 1,"Actual Loops": 31238,"Index Cond": "(o_orderkey = lineitem.l_orderkey)","Rows Removed by Index Recheck": 0,"Workers": []}]}]}]}]}]},"Planning Time": 3.863,"Triggers": [],"Execution Time": 424.414}]
[{"Plan": {"Node Type": "Aggregate","Strategy": "Sorted","Partial Mode": "Finalize","Parallel Aware": false,"Async Capable": false,"Startup Cost": 173828.04,"Total Cost": 173977.83,"Plan Rows": 7,"Plan Width": 27,"Actual Startup Time": 408.048,"Actual Total Time": 441.706,"Actual Rows": 2,"Actual Loops": 1,"Group Key": ["lineitem.l_shipmode"],"Plans": [{"Node Type": "Gather Merge","Parent Relationship": "Outer","Parallel Aware": false,"Async Capable": false,"Startup Cost": 173828.04,"Total Cost": 173977.55,"Plan Rows": 28,"Plan Width": 27,"Actual Startup Time": 407.198,"Actual Total Time": 441.665,"Actual Rows": 10,"Actual Loops": 1,"Workers Planned": 4,"Workers Launched": 4,"Plans": [{"Node Type": "Aggregate","Strategy": "Sorted","Partial Mode": "Partial","Parent Relationship": "Outer","Parallel Aware": false,"Async Capable": false,"Startup Cost": 172827.99,"Total Cost": 172974.16,"Plan Rows": 7,"Plan Width": 27,"Actual Startup Time": 398.186,"Actual Total Time": 398.921,"Actual Rows": 2,"Actual Loops": 5,"Group Key": ["lineitem.l_shipmode"],"Workers": [],"Plans": [{"Node Type": "Sort","Parent Relationship": "Outer","Parallel Aware": false,"Async Capable": false,"Startup Cost": 172827.99,"Total Cost": 172846.25,"Plan Rows": 7305,"Plan Width": 27,"Actual Startup Time": 397.412,"Actual Total Time": 397.674,"Actual Rows": 6195,"Actual Loops": 5,"Sort Key": ["lineitem.l_shipmode"],"Sort Method": "quicksort","Sort Space Used": 629,"Sort Space Type": "Memory","Workers": [{"Worker Number": 0,"Sort Method": "quicksort","Sort Space Used": 632,"Sort Space Type": "Memory"},{"Worker Number": 1,"Sort Method": "quicksort","Sort Space Used": 637,"Sort Space Type": "Memory"},{"Worker Number": 2,"Sort Method": "quicksort","Sort Space Used": 605,"Sort Space Type": "Memory"},{"Worker Number": 3,"Sort Method": "quicksort","Sort Space Used": 638,"Sort Space Type": "Memory"}],"Plans": [{"Node Type": "Nested Loop","Parent Relationship": "Outer","Parallel Aware": false,"Async Capable": false,"Join Type": "Inner","Startup Cost": 0.43,"Total Cost": 172359.20,"Plan Rows": 7305,"Plan Width": 27,"Actual Startup Time": 0.252,"Actual Total Time": 394.482,"Actual Rows": 6195,"Actual Loops": 5,"Inner Unique": true,"Workers": [],"Plans": [{"Node Type": "Seq Scan","Parent Relationship": "Outer","Parallel Aware": true,"Async Capable": false,"Relation Name": "lineitem","Alias": "lineitem","Startup Cost": 0.00,"Total Cost": 146259.83,"Plan Rows": 7305,"Plan Width": 15,"Actual Startup Time": 0.171,"Actual Total Time": 358.601,"Actual Rows": 6195,"Actual Loops": 5,"Filter": "((l_shipmode = ANY ('{TRUCK,AIR}'::bpchar[])) AND (l_commitdate < l_receiptdate) AND (l_shipdate < l_commitdate) AND (l_receiptdate >= '1993-01-01'::date) AND (l_receiptdate < '1994-01-01 00:00:00'::timestamp without time zone))","Rows Removed by Filter": 1194048,"Workers": []},{"Node Type": "Index Scan","Parent Relationship": "Inner","Parallel Aware": false,"Async Capable": false,"Scan Direction": "Forward","Index Name": "orders_pkey","Relation Name": "orders","Alias": "orders","Startup Cost": 0.43,"Total Cost": 3.57,"Plan Rows": 1,"Plan Width": 20,"Actual Startup Time": 0.005,"Actual Total Time": 0.005,"Actual Rows": 1,"Actual Loops": 30975,"Index Cond": "(o_orderkey = lineitem.l_orderkey)","Rows Removed by Index Recheck": 0,"Workers": []}]}]}]}]}]},"Planning Time": 3.871,"Triggers": [],"Execution Time": 442.405}]
[{"Plan": {"Node Type": "Aggregate","Strategy": "Sorted","Partial Mode": "Finalize","Parallel Aware": false,"Async Capable": false,"Startup Cost": 173859.68,"Total Cost": 174009.77,"Plan Rows": 7,"Plan Width": 27,"Actual Startup Time": 395.905,"Actual Total Time": 428.815,"Actual Rows": 2,"Actual Loops": 1,"Group Key": ["lineitem.l_shipmode"],"Plans": [{"Node Type": "Gather Merge","Parent Relationship": "Outer","Parallel Aware": false,"Async Capable": false,"Startup Cost": 173859.68,"Total Cost": 174009.49,"Plan Rows": 28,"Plan Width": 27,"Actual Startup Time": 395.020,"Actual Total Time": 428.769,"Actual Rows": 10,"Actual Loops": 1,"Workers Planned": 4,"Workers Launched": 4,"Plans": [{"Node Type": "Aggregate","Strategy": "Sorted","Partial Mode": "Partial","Parent Relationship": "Outer","Parallel Aware": false,"Async Capable": false,"Startup Cost": 172859.63,"Total Cost": 173006.10,"Plan Rows": 7,"Plan Width": 27,"Actual Startup Time": 386.981,"Actual Total Time": 387.704,"Actual Rows": 2,"Actual Loops": 5,"Group Key": ["lineitem.l_shipmode"],"Workers": [],"Plans": [{"Node Type": "Sort","Parent Relationship": "Outer","Parallel Aware": false,"Async Capable": false,"Startup Cost": 172859.63,"Total Cost": 172877.93,"Plan Rows": 7320,"Plan Width": 27,"Actual Startup Time": 386.240,"Actual Total Time": 386.489,"Actual Rows": 6205,"Actual Loops": 5,"Sort Key": ["lineitem.l_shipmode"],"Sort Method": "quicksort","Sort Space Used": 628,"Sort Space Type": "Memory","Workers": [{"Worker Number": 0,"Sort Method": "quicksort","Sort Space Used": 630,"Sort Space Type": "Memory"},{"Worker Number": 1,"Sort Method": "quicksort","Sort Space Used": 639,"Sort Space Type": "Memory"},{"Worker Number": 2,"Sort Method": "quicksort","Sort Space Used": 634,"Sort Space Type": "Memory"},{"Worker Number": 3,"Sort Method": "quicksort","Sort Space Used": 614,"Sort Space Type": "Memory"}],"Plans": [{"Node Type": "Nested Loop","Parent Relationship": "Outer","Parallel Aware": false,"Async Capable": false,"Join Type": "Inner","Startup Cost": 0.43,"Total Cost": 172389.77,"Plan Rows": 7320,"Plan Width": 27,"Actual Startup Time": 0.436,"Actual Total Time": 383.428,"Actual Rows": 6205,"Actual Loops": 5,"Inner Unique": true,"Workers": [],"Plans": [{"Node Type": "Seq Scan","Parent Relationship": "Outer","Parallel Aware": true,"Async Capable": false,"Relation Name": "lineitem","Alias": "lineitem","Startup Cost": 0.00,"Total Cost": 146259.83,"Plan Rows": 7320,"Plan Width": 15,"Actual Startup Time": 0.309,"Actual Total Time": 348.573,"Actual Rows": 6205,"Actual Loops": 5,"Filter": "((l_shipmode = ANY ('{FOB,\"REG AIR\"}'::bpchar[])) AND (l_commitdate < l_receiptdate) AND (l_shipdate < l_commitdate) AND (l_receiptdate >= '1993-01-01'::date) AND (l_receiptdate < '1994-01-01 00:00:00'::timestamp without time zone))","Rows Removed by Filter": 1194038,"Workers": []},{"Node Type": "Index Scan","Parent Relationship": "Inner","Parallel Aware": false,"Async Capable": false,"Scan Direction": "Forward","Index Name": "orders_pkey","Relation Name": "orders","Alias": "orders","Startup Cost": 0.43,"Total Cost": 3.57,"Plan Rows": 1,"Plan Width": 20,"Actual Startup Time": 0.005,"Actual Total Time": 0.005,"Actual Rows": 1,"Actual Loops": 31024,"Index Cond": "(o_orderkey = lineitem.l_orderkey)","Rows Removed by Index Recheck": 0,"Workers": []}]}]}]}]}]},"Planning Time": 4.170,"Triggers": [],"Execution Time": 429.191}]
[{"Plan": {"Node Type": "Aggregate","Strategy": "Sorted","Partial Mode": "Finalize","Parallel Aware": false,"Async Capable": false,"Startup Cost": 173782.93,"Total Cost": 173932.29,"Plan Rows": 7,"Plan Width": 27,"Actual Startup Time": 396.389,"Actual Total Time": 429.088,"Actual Rows": 2,"Actual Loops": 1,"Group Key": ["lineitem.l_shipmode"],"Plans": [{"Node Type": "Gather Merge","Parent Relationship": "Outer","Parallel Aware": false,"Async Capable": false,"Startup Cost": 173782.93,"Total Cost": 173932.01,"Plan Rows": 28,"Plan Width": 27,"Actual Startup Time": 395.578,"Actual Total Time": 429.050,"Actual Rows": 10,"Actual Loops": 1,"Workers Planned": 4,"Workers Launched": 4,"Plans": [{"Node Type": "Aggregate","Strategy": "Sorted","Partial Mode": "Partial","Parent Relationship": "Outer","Parallel Aware": false,"Async Capable": false,"Startup Cost": 172782.87,"Total Cost": 172928.62,"Plan Rows": 7,"Plan Width": 27,"Actual Startup Time": 387.383,"Actual Total Time": 388.112,"Actual Rows": 2,"Actual Loops": 5,"Group Key": ["lineitem.l_shipmode"],"Workers": [],"Plans": [{"Node Type": "Sort","Parent Relationship": "Outer","Parallel Aware": false,"Async Capable": false,"Startup Cost": 172782.87,"Total Cost": 172801.08,"Plan Rows": 7284,"Plan Width": 27,"Actual Startup Time": 386.619,"Actual Total Time": 386.868,"Actual Rows": 6268,"Actual Loops": 5,"Sort Key": ["lineitem.l_shipmode"],"Sort Method": "quicksort","Sort Space Used": 641,"Sort Space Type": "Memory","Workers": [{"Worker Number": 0,"Sort Method": "quicksort","Sort Space Used": 628,"Sort Space Type": "Memory"},{"Worker Number": 1,"Sort Method": "quicksort","Sort Space Used": 635,"Sort Space Type": "Memory"},{"Worker Number": 2,"Sort Method": "quicksort","Sort Space Used": 630,"Sort Space Type": "Memory"},{"Worker Number": 3,"Sort Method": "quicksort","Sort Space Used": 632,"Sort Space Type": "Memory"}],"Plans": [{"Node Type": "Nested Loop","Parent Relationship": "Outer","Parallel Aware": false,"Async Capable": false,"Join Type": "Inner","Startup Cost": 0.43,"Total Cost": 172315.58,"Plan Rows": 7284,"Plan Width": 27,"Actual Startup Time": 0.249,"Actual Total Time": 383.761,"Actual Rows": 6268,"Actual Loops": 5,"Inner Unique": true,"Workers": [],"Plans": [{"Node Type": "Seq Scan","Parent Relationship": "Outer","Parallel Aware": true,"Async Capable": false,"Relation Name": "lineitem","Alias": "lineitem","Startup Cost": 0.00,"Total Cost": 146259.83,"Plan Rows": 7284,"Plan Width": 15,"Actual Startup Time": 0.129,"Actual Total Time": 349.363,"Actual Rows": 6268,"Actual Loops": 5,"Filter": "((l_shipmode = ANY ('{TRUCK,FOB}'::bpchar[])) AND (l_commitdate < l_receiptdate) AND (l_shipdate < l_commitdate) AND (l_receiptdate >= '1996-01-01'::date) AND (l_receiptdate < '1997-01-01 00:00:00'::timestamp without time zone))","Rows Removed by Filter": 1193975,"Workers": []},{"Node Type": "Index Scan","Parent Relationship": "Inner","Parallel Aware": false,"Async Capable": false,"Scan Direction": "Forward","Index Name": "orders_pkey","Relation Name": "orders","Alias": "orders","Startup Cost": 0.43,"Total Cost": 3.58,"Plan Rows": 1,"Plan Width": 20,"Actual Startup Time": 0.005,"Actual Total Time": 0.005,"Actual Rows": 1,"Actual Loops": 31338,"Index Cond": "(o_orderkey = lineitem.l_orderkey)","Rows Removed by Index Recheck": 0,"Workers": []}]}]}]}]}]},"Planning Time": 5.565,"Triggers": [],"Execution Time": 429.536}]
[{"Plan": {"Node Type": "Aggregate","Strategy": "Sorted","Partial Mode": "Finalize","Parallel Aware": false,"Async Capable": false,"Startup Cost": 173975.00,"Total Cost": 174126.12,"Plan Rows": 7,"Plan Width": 27,"Actual Startup Time": 394.900,"Actual Total Time": 429.395,"Actual Rows": 2,"Actual Loops": 1,"Group Key": ["lineitem.l_shipmode"],"Plans": [{"Node Type": "Gather Merge","Parent Relationship": "Outer","Parallel Aware": false,"Async Capable": false,"Startup Cost": 173975.00,"Total Cost": 174125.84,"Plan Rows": 28,"Plan Width": 27,"Actual Startup Time": 394.052,"Actual Total Time": 429.368,"Actual Rows": 10,"Actual Loops": 1,"Workers Planned": 4,"Workers Launched": 4,"Plans": [{"Node Type": "Aggregate","Strategy": "Sorted","Partial Mode": "Partial","Parent Relationship": "Outer","Parallel Aware": false,"Async Capable": false,"Startup Cost": 172974.94,"Total Cost": 173122.45,"Plan Rows": 7,"Plan Width": 27,"Actual Startup Time": 386.063,"Actual Total Time": 386.782,"Actual Rows": 2,"Actual Loops": 5,"Group Key": ["lineitem.l_shipmode"],"Workers": [],"Plans": [{"Node Type": "Sort","Parent Relationship": "Outer","Parallel Aware": false,"Async Capable": false,"Startup Cost": 172974.94,"Total Cost": 172993.37,"Plan Rows": 7372,"Plan Width": 27,"Actual Startup Time": 385.306,"Actual Total Time": 385.551,"Actual Rows": 6180,"Actual Loops": 5,"Sort Key": ["lineitem.l_shipmode"],"Sort Method": "quicksort","Sort Space Used": 646,"Sort Space Type": "Memory","Workers": [{"Worker Number": 0,"Sort Method": "quicksort","Sort Space Used": 632,"Sort Space Type": "Memory"},{"Worker Number": 1,"Sort Method": "quicksort","Sort Space Used": 629,"Sort Space Type": "Memory"},{"Worker Number": 2,"Sort Method": "quicksort","Sort Space Used": 619,"Sort Space Type": "Memory"},{"Worker Number": 3,"Sort Method": "quicksort","Sort Space Used": 610,"Sort Space Type": "Memory"}],"Plans": [{"Node Type": "Nested Loop","Parent Relationship": "Outer","Parallel Aware": false,"Async Capable": false,"Join Type": "Inner","Startup Cost": 0.43,"Total Cost": 172501.37,"Plan Rows": 7372,"Plan Width": 27,"Actual Startup Time": 0.292,"Actual Total Time": 382.543,"Actual Rows": 6180,"Actual Loops": 5,"Inner Unique": true,"Workers": [],"Plans": [{"Node Type": "Seq Scan","Parent Relationship": "Outer","Parallel Aware": true,"Async Capable": false,"Relation Name": "lineitem","Alias": "lineitem","Startup Cost": 0.00,"Total Cost": 146259.83,"Plan Rows": 7373,"Plan Width": 15,"Actual Startup Time": 0.176,"Actual Total Time": 347.857,"Actual Rows": 6180,"Actual Loops": 5,"Filter": "((l_shipmode = ANY ('{TRUCK,FOB}'::bpchar[])) AND (l_commitdate < l_receiptdate) AND (l_shipdate < l_commitdate) AND (l_receiptdate >= '1993-01-01'::date) AND (l_receiptdate < '1994-01-01 00:00:00'::timestamp without time zone))","Rows Removed by Filter": 1194063,"Workers": []},{"Node Type": "Index Scan","Parent Relationship": "Inner","Parallel Aware": false,"Async Capable": false,"Scan Direction": "Forward","Index Name": "orders_pkey","Relation Name": "orders","Alias": "orders","Startup Cost": 0.43,"Total Cost": 3.56,"Plan Rows": 1,"Plan Width": 20,"Actual Startup Time": 0.005,"Actual Total Time": 0.005,"Actual Rows": 1,"Actual Loops": 30899,"Index Cond": "(o_orderkey = lineitem.l_orderkey)","Rows Removed by Index Recheck": 0,"Workers": []}]}]}]}]}]},"Planning Time": 4.086,"Triggers": [],"Execution Time": 430.067}]
[{"Plan": {"Node Type": "Aggregate","Strategy": "Sorted","Partial Mode": "Finalize","Parallel Aware": false,"Async Capable": false,"Startup Cost": 173872.87,"Total Cost": 174023.08,"Plan Rows": 7,"Plan Width": 27,"Actual Startup Time": 400.368,"Actual Total Time": 434.764,"Actual Rows": 2,"Actual Loops": 1,"Group Key": ["lineitem.l_shipmode"],"Plans": [{"Node Type": "Gather Merge","Parent Relationship": "Outer","Parallel Aware": false,"Async Capable": false,"Startup Cost": 173872.87,"Total Cost": 174022.80,"Plan Rows": 28,"Plan Width": 27,"Actual Startup Time": 399.576,"Actual Total Time": 434.726,"Actual Rows": 10,"Actual Loops": 1,"Workers Planned": 4,"Workers Launched": 4,"Plans": [{"Node Type": "Aggregate","Strategy": "Sorted","Partial Mode": "Partial","Parent Relationship": "Outer","Parallel Aware": false,"Async Capable": false,"Startup Cost": 172872.82,"Total Cost": 173019.41,"Plan Rows": 7,"Plan Width": 27,"Actual Startup Time": 391.151,"Actual Total Time": 391.893,"Actual Rows": 2,"Actual Loops": 5,"Group Key": ["lineitem.l_shipmode"],"Workers": [],"Plans": [{"Node Type": "Sort","Parent Relationship": "Outer","Parallel Aware": false,"Async Capable": false,"Startup Cost": 172872.82,"Total Cost": 172891.13,"Plan Rows": 7326,"Plan Width": 27,"Actual Startup Time": 390.405,"Actual Total Time": 390.653,"Actual Rows": 6230,"Actual Loops": 5,"Sort Key": ["lineitem.l_shipmode"],"Sort Method": "quicksort","Sort Space Used": 621,"Sort Space Type": "Memory","Workers": [{"Worker Number": 0,"Sort Method": "quicksort","Sort Space Used": 629,"Sort Space Type": "Memory"},{"Worker Number": 1,"Sort Method": "quicksort","Sort Space Used": 623,"Sort Space Type": "Memory"},{"Worker Number": 2,"Sort Method": "quicksort","Sort Space Used": 641,"Sort Space Type": "Memory"},{"Worker Number": 3,"Sort Method": "quicksort","Sort Space Used": 639,"Sort Space Type": "Memory"}],"Plans": [{"Node Type": "Nested Loop","Parent Relationship": "Outer","Parallel Aware": false,"Async Capable": false,"Join Type": "Inner","Startup Cost": 0.43,"Total Cost": 172402.53,"Plan Rows": 7326,"Plan Width": 27,"Actual Startup Time": 0.480,"Actual Total Time": 387.479,"Actual Rows": 6230,"Actual Loops": 5,"Inner Unique": true,"Workers": [],"Plans": [{"Node Type": "Seq Scan","Parent Relationship": "Outer","Parallel Aware": true,"Async Capable": false,"Relation Name": "lineitem","Alias": "lineitem","Startup Cost": 0.00,"Total Cost": 146259.83,"Plan Rows": 7326,"Plan Width": 15,"Actual Startup Time": 0.350,"Actual Total Time": 351.977,"Actual Rows": 6230,"Actual Loops": 5,"Filter": "((l_shipmode = ANY ('{FOB,AIR}'::bpchar[])) AND (l_commitdate < l_receiptdate) AND (l_shipdate < l_commitdate) AND (l_receiptdate >= '1993-01-01'::date) AND (l_receiptdate < '1994-01-01 00:00:00'::timestamp without time zone))","Rows Removed by Filter": 1194013,"Workers": []},{"Node Type": "Index Scan","Parent Relationship": "Inner","Parallel Aware": false,"Async Capable": false,"Scan Direction": "Forward","Index Name": "orders_pkey","Relation Name": "orders","Alias": "orders","Startup Cost": 0.43,"Total Cost": 3.57,"Plan Rows": 1,"Plan Width": 20,"Actual Startup Time": 0.005,"Actual Total Time": 0.005,"Actual Rows": 1,"Actual Loops": 31150,"Index Cond": "(o_orderkey = lineitem.l_orderkey)","Rows Removed by Index Recheck": 0,"Workers": []}]}]}]}]}]},"Planning Time": 4.424,"Triggers": [],"Execution Time": 435.332}]
[{"Plan": {"Node Type": "Aggregate","Strategy": "Sorted","Partial Mode": "Finalize","Parallel Aware": false,"Async Capable": false,"Startup Cost": 173469.49,"Total Cost": 173615.98,"Plan Rows": 7,"Plan Width": 27,"Actual Startup Time": 402.241,"Actual Total Time": 436.650,"Actual Rows": 2,"Actual Loops": 1,"Group Key": ["lineitem.l_shipmode"],"Plans": [{"Node Type": "Gather Merge","Parent Relationship": "Outer","Parallel Aware": false,"Async Capable": false,"Startup Cost": 173469.49,"Total Cost": 173615.70,"Plan Rows": 28,"Plan Width": 27,"Actual Startup Time": 401.378,"Actual Total Time": 436.616,"Actual Rows": 10,"Actual Loops": 1,"Workers Planned": 4,"Workers Launched": 4,"Plans": [{"Node Type": "Aggregate","Strategy": "Sorted","Partial Mode": "Partial","Parent Relationship": "Outer","Parallel Aware": false,"Async Capable": false,"Startup Cost": 172469.43,"Total Cost": 172612.30,"Plan Rows": 7,"Plan Width": 27,"Actual Startup Time": 392.971,"Actual Total Time": 393.711,"Actual Rows": 2,"Actual Loops": 5,"Group Key": ["lineitem.l_shipmode"],"Workers": [],"Plans": [{"Node Type": "Sort","Parent Relationship": "Outer","Parallel Aware": false,"Async Capable": false,"Startup Cost": 172469.43,"Total Cost": 172487.28,"Plan Rows": 7140,"Plan Width": 27,"Actual Startup Time": 392.227,"Actual Total Time": 392.472,"Actual Rows": 6198,"Actual Loops": 5,"Sort Key": ["lineitem.l_shipmode"],"Sort Method": "quicksort","Sort Space Used": 643,"Sort Space Type": "Memory","Workers": [{"Worker Number": 0,"Sort Method": "quicksort","Sort Space Used": 633,"Sort Space Type": "Memory"},{"Worker Number": 1,"Sort Method": "quicksort","Sort Space Used": 615,"Sort Space Type": "Memory"},{"Worker Number": 2,"Sort Method": "quicksort","Sort Space Used": 635,"Sort Space Type": "Memory"},{"Worker Number": 3,"Sort Method": "quicksort","Sort Space Used": 615,"Sort Space Type": "Memory"}],"Plans": [{"Node Type": "Nested Loop","Parent Relationship": "Outer","Parallel Aware": false,"Async Capable": false,"Join Type": "Inner","Startup Cost": 0.43,"Total Cost": 172012.41,"Plan Rows": 7140,"Plan Width": 27,"Actual Startup Time": 0.338,"Actual Total Time": 389.296,"Actual Rows": 6198,"Actual Loops": 5,"Inner Unique": true,"Workers": [],"Plans": [{"Node Type": "Seq Scan","Parent Relationship": "Outer","Parallel Aware": true,"Async Capable": false,"Relation Name": "lineitem","Alias": "lineitem","Startup Cost": 0.00,"Total Cost": 146259.83,"Plan Rows": 7140,"Plan Width": 15,"Actual Startup Time": 0.194,"Actual Total Time": 354.223,"Actual Rows": 6198,"Actual Loops": 5,"Filter": "((l_shipmode = ANY ('{SHIP,MAIL}'::bpchar[])) AND (l_commitdate < l_receiptdate) AND (l_shipdate < l_commitdate) AND (l_receiptdate >= '1994-01-01'::date) AND (l_receiptdate < '1995-01-01 00:00:00'::timestamp without time zone))","Rows Removed by Filter": 1194045,"Workers": []},{"Node Type": "Index Scan","Parent Relationship": "Inner","Parallel Aware": false,"Async Capable": false,"Scan Direction": "Forward","Index Name": "orders_pkey","Relation Name": "orders","Alias": "orders","Startup Cost": 0.43,"Total Cost": 3.61,"Plan Rows": 1,"Plan Width": 20,"Actual Startup Time": 0.005,"Actual Total Time": 0.005,"Actual Rows": 1,"Actual Loops": 30988,"Index Cond": "(o_orderkey = lineitem.l_orderkey)","Rows Removed by Index Recheck": 0,"Workers": []}]}]}]}]}]},"Planning Time": 3.975,"Triggers": [],"Execution Time": 437.106}]
[{"Plan": {"Node Type": "Aggregate","Strategy": "Sorted","Partial Mode": "Finalize","Parallel Aware": false,"Async Capable": false,"Startup Cost": 173412.56,"Total Cost": 173558.53,"Plan Rows": 7,"Plan Width": 27,"Actual Startup Time": 404.225,"Actual Total Time": 438.936,"Actual Rows": 2,"Actual Loops": 1,"Group Key": ["lineitem.l_shipmode"],"Plans": [{"Node Type": "Gather Merge","Parent Relationship": "Outer","Parallel Aware": false,"Async Capable": false,"Startup Cost": 173412.56,"Total Cost": 173558.25,"Plan Rows": 28,"Plan Width": 27,"Actual Startup Time": 403.422,"Actual Total Time": 438.885,"Actual Rows": 10,"Actual Loops": 1,"Workers Planned": 4,"Workers Launched": 4,"Plans": [{"Node Type": "Aggregate","Strategy": "Sorted","Partial Mode": "Partial","Parent Relationship": "Outer","Parallel Aware": false,"Async Capable": false,"Startup Cost": 172412.50,"Total Cost": 172554.85,"Plan Rows": 7,"Plan Width": 27,"Actual Startup Time": 394.694,"Actual Total Time": 395.415,"Actual Rows": 2,"Actual Loops": 5,"Group Key": ["lineitem.l_shipmode"],"Workers": [],"Plans": [{"Node Type": "Sort","Parent Relationship": "Outer","Parallel Aware": false,"Async Capable": false,"Startup Cost": 172412.50,"Total Cost": 172430.29,"Plan Rows": 7114,"Plan Width": 27,"Actual Startup Time": 393.940,"Actual Total Time": 394.180,"Actual Rows": 6219,"Actual Loops": 5,"Sort Key": ["lineitem.l_shipmode"],"Sort Method": "quicksort","Sort Space Used": 624,"Sort Space Type": "Memory","Workers": [{"Worker Number": 0,"Sort Method": "quicksort","Sort Space Used": 626,"Sort Space Type": "Memory"},{"Worker Number": 1,"Sort Method": "quicksort","Sort Space Used": 623,"Sort Space Type": "Memory"},{"Worker Number": 2,"Sort Method": "quicksort","Sort Space Used": 632,"Sort Space Type": "Memory"},{"Worker Number": 3,"Sort Method": "quicksort","Sort Space Used": 644,"Sort Space Type": "Memory"}],"Plans": [{"Node Type": "Nested Loop","Parent Relationship": "Outer","Parallel Aware": false,"Async Capable": false,"Join Type": "Inner","Startup Cost": 0.43,"Total Cost": 171957.33,"Plan Rows": 7114,"Plan Width": 27,"Actual Startup Time": 0.346,"Actual Total Time": 391.038,"Actual Rows": 6219,"Actual Loops": 5,"Inner Unique": true,"Workers": [],"Plans": [{"Node Type": "Seq Scan","Parent Relationship": "Outer","Parallel Aware": true,"Async Capable": false,"Relation Name": "lineitem","Alias": "lineitem","Startup Cost": 0.00,"Total Cost": 146259.83,"Plan Rows": 7114,"Plan Width": 15,"Actual Startup Time": 0.203,"Actual Total Time": 355.589,"Actual Rows": 6219,"Actual Loops": 5,"Filter": "((l_shipmode = ANY ('{RAIL,SHIP}'::bpchar[])) AND (l_commitdate < l_receiptdate) AND (l_shipdate < l_commitdate) AND (l_receiptdate >= '1994-01-01'::date) AND (l_receiptdate < '1995-01-01 00:00:00'::timestamp without time zone))","Rows Removed by Filter": 1194024,"Workers": []},{"Node Type": "Index Scan","Parent Relationship": "Inner","Parallel Aware": false,"Async Capable": false,"Scan Direction": "Forward","Index Name": "orders_pkey","Relation Name": "orders","Alias": "orders","Startup Cost": 0.43,"Total Cost": 3.61,"Plan Rows": 1,"Plan Width": 20,"Actual Startup Time": 0.005,"Actual Total Time": 0.005,"Actual Rows": 1,"Actual Loops": 31095,"Index Cond": "(o_orderkey = lineitem.l_orderkey)","Rows Removed by Index Recheck": 0,"Workers": []}]}]}]}]}]},"Planning Time": 5.306,"Triggers": [],"Execution Time": 439.576}]
[{"Plan": {"Node Type": "Aggregate","Strategy": "Sorted","Partial Mode": "Finalize","Parallel Aware": false,"Async Capable": false,"Startup Cost": 173623.66,"Total Cost": 173771.59,"Plan Rows": 7,"Plan Width": 27,"Actual Startup Time": 405.204,"Actual Total Time": 439.075,"Actual Rows": 2,"Actual Loops": 1,"Group Key": ["lineitem.l_shipmode"],"Plans": [{"Node Type": "Gather Merge","Parent Relationship": "Outer","Parallel Aware": false,"Async Capable": false,"Startup Cost": 173623.66,"Total Cost": 173771.31,"Plan Rows": 28,"Plan Width": 27,"Actual Startup Time": 404.340,"Actual Total Time": 439.026,"Actual Rows": 10,"Actual Loops": 1,"Workers Planned": 4,"Workers Launched": 4,"Plans": [{"Node Type": "Aggregate","Strategy": "Sorted","Partial Mode": "Partial","Parent Relationship": "Outer","Parallel Aware": false,"Async Capable": false,"Startup Cost": 172623.60,"Total Cost": 172767.91,"Plan Rows": 7,"Plan Width": 27,"Actual Startup Time": 395.674,"Actual Total Time": 396.412,"Actual Rows": 2,"Actual Loops": 5,"Group Key": ["lineitem.l_shipmode"],"Workers": [],"Plans": [{"Node Type": "Sort","Parent Relationship": "Outer","Parallel Aware": false,"Async Capable": false,"Startup Cost": 172623.60,"Total Cost": 172641.63,"Plan Rows": 7212,"Plan Width": 27,"Actual Startup Time": 394.945,"Actual Total Time": 395.191,"Actual Rows": 6242,"Actual Loops": 5,"Sort Key": ["lineitem.l_shipmode"],"Sort Method": "quicksort","Sort Space Used": 632,"Sort Space Type": "Memory","Workers": [{"Worker Number": 0,"Sort Method": "quicksort","Sort Space Used": 635,"Sort Space Type": "Memory"},{"Worker Number": 1,"Sort Method": "quicksort","Sort Space Used": 648,"Sort Space Type": "Memory"},{"Worker Number": 2,"Sort Method": "quicksort","Sort Space Used": 633,"Sort Space Type": "Memory"},{"Worker Number": 3,"Sort Method": "quicksort","Sort Space Used": 608,"Sort Space Type": "Memory"}],"Plans": [{"Node Type": "Nested Loop","Parent Relationship": "Outer","Parallel Aware": false,"Async Capable": false,"Join Type": "Inner","Startup Cost": 0.43,"Total Cost": 172161.45,"Plan Rows": 7212,"Plan Width": 27,"Actual Startup Time": 0.228,"Actual Total Time": 392.049,"Actual Rows": 6242,"Actual Loops": 5,"Inner Unique": true,"Workers": [],"Plans": [{"Node Type": "Seq Scan","Parent Relationship": "Outer","Parallel Aware": true,"Async Capable": false,"Relation Name": "lineitem","Alias": "lineitem","Startup Cost": 0.00,"Total Cost": 146259.83,"Plan Rows": 7211,"Plan Width": 15,"Actual Startup Time": 0.143,"Actual Total Time": 355.732,"Actual Rows": 6242,"Actual Loops": 5,"Filter": "((l_shipmode = ANY ('{\"REG AIR\",TRUCK}'::bpchar[])) AND (l_commitdate < l_receiptdate) AND (l_shipdate < l_commitdate) AND (l_receiptdate >= '1996-01-01'::date) AND (l_receiptdate < '1997-01-01 00:00:00'::timestamp without time zone))","Rows Removed by Filter": 1194001,"Workers": []},{"Node Type": "Index Scan","Parent Relationship": "Inner","Parallel Aware": false,"Async Capable": false,"Scan Direction": "Forward","Index Name": "orders_pkey","Relation Name": "orders","Alias": "orders","Startup Cost": 0.43,"Total Cost": 3.59,"Plan Rows": 1,"Plan Width": 20,"Actual Startup Time": 0.005,"Actual Total Time": 0.005,"Actual Rows": 1,"Actual Loops": 31208,"Index Cond": "(o_orderkey = lineitem.l_orderkey)","Rows Removed by Index Recheck": 0,"Workers": []}]}]}]}]}]},"Planning Time": 4.729,"Triggers": [],"Execution Time": 439.731}]
[{"Plan": {"Node Type": "Aggregate","Strategy": "Sorted","Partial Mode": "Finalize","Parallel Aware": false,"Async Capable": false,"Startup Cost": 173608.85,"Total Cost": 173756.62,"Plan Rows": 7,"Plan Width": 27,"Actual Startup Time": 403.414,"Actual Total Time": 436.917,"Actual Rows": 2,"Actual Loops": 1,"Group Key": ["lineitem.l_shipmode"],"Plans": [{"Node Type": "Gather Merge","Parent Relationship": "Outer","Parallel Aware": false,"Async Capable": false,"Startup Cost": 173608.85,"Total Cost": 173756.34,"Plan Rows": 28,"Plan Width": 27,"Actual Startup Time": 402.548,"Actual Total Time": 436.868,"Actual Rows": 10,"Actual Loops": 1,"Workers Planned": 4,"Workers Launched": 4,"Plans": [{"Node Type": "Aggregate","Strategy": "Sorted","Partial Mode": "Partial","Parent Relationship": "Outer","Parallel Aware": false,"Async Capable": false,"Startup Cost": 172608.79,"Total Cost": 172752.94,"Plan Rows": 7,"Plan Width": 27,"Actual Startup Time": 393.861,"Actual Total Time": 394.597,"Actual Rows": 2,"Actual Loops": 5,"Group Key": ["lineitem.l_shipmode"],"Workers": [],"Plans": [{"Node Type": "Sort","Parent Relationship": "Outer","Parallel Aware": false,"Async Capable": false,"Startup Cost": 172608.79,"Total Cost": 172626.80,"Plan Rows": 7204,"Plan Width": 27,"Actual Startup Time": 393.121,"Actual Total Time": 393.367,"Actual Rows": 6220,"Actual Loops": 5,"Sort Key": ["lineitem.l_shipmode"],"Sort Method": "quicksort","Sort Space Used": 641,"Sort Space Type": "Memory","Workers": [{"Worker Number": 0,"Sort Method": "quicksort","Sort Space Used": 605,"Sort Space Type": "Memory"},{"Worker Number": 1,"Sort Method": "quicksort","Sort Space Used": 643,"Sort Space Type": "Memory"},{"Worker Number": 2,"Sort Method": "quicksort","Sort Space Used": 630,"Sort Space Type": "Memory"},{"Worker Number": 3,"Sort Method": "quicksort","Sort Space Used": 630,"Sort Space Type": "Memory"}],"Plans": [{"Node Type": "Nested Loop","Parent Relationship": "Outer","Parallel Aware": false,"Async Capable": false,"Join Type": "Inner","Startup Cost": 0.43,"Total Cost": 172147.21,"Plan Rows": 7204,"Plan Width": 27,"Actual Startup Time": 0.247,"Actual Total Time": 390.199,"Actual Rows": 6220,"Actual Loops": 5,"Inner Unique": true,"Workers": [],"Plans": [{"Node Type": "Seq Scan","Parent Relationship": "Outer","Parallel Aware": true,"Async Capable": false,"Relation Name": "lineitem","Alias": "lineitem","Startup Cost": 0.00,"Total Cost": 146259.83,"Plan Rows": 7204,"Plan Width": 15,"Actual Startup Time": 0.154,"Actual Total Time": 354.277,"Actual Rows": 6220,"Actual Loops": 5,"Filter": "((l_shipmode = ANY ('{TRUCK,SHIP}'::bpchar[])) AND (l_commitdate < l_receiptdate) AND (l_shipdate < l_commitdate) AND (l_receiptdate >= '1997-01-01'::date) AND (l_receiptdate < '1998-01-01 00:00:00'::timestamp without time zone))","Rows Removed by Filter": 1194023,"Workers": []},{"Node Type": "Index Scan","Parent Relationship": "Inner","Parallel Aware": false,"Async Capable": false,"Scan Direction": "Forward","Index Name": "orders_pkey","Relation Name": "orders","Alias": "orders","Startup Cost": 0.43,"Total Cost": 3.59,"Plan Rows": 1,"Plan Width": 20,"Actual Startup Time": 0.005,"Actual Total Time": 0.005,"Actual Rows": 1,"Actual Loops": 31100,"Index Cond": "(o_orderkey = lineitem.l_orderkey)","Rows Removed by Index Recheck": 0,"Workers": []}]}]}]}]}]},"Planning Time": 3.757,"Triggers": [],"Execution Time": 437.563}]
[{"Plan": {"Node Type": "Aggregate","Strategy": "Sorted","Partial Mode": "Finalize","Parallel Aware": false,"Async Capable": false,"Startup Cost": 173828.04,"Total Cost": 173977.83,"Plan Rows": 7,"Plan Width": 27,"Actual Startup Time": 389.378,"Actual Total Time": 422.065,"Actual Rows": 2,"Actual Loops": 1,"Group Key": ["lineitem.l_shipmode"],"Plans": [{"Node Type": "Gather Merge","Parent Relationship": "Outer","Parallel Aware": false,"Async Capable": false,"Startup Cost": 173828.04,"Total Cost": 173977.55,"Plan Rows": 28,"Plan Width": 27,"Actual Startup Time": 388.555,"Actual Total Time": 422.040,"Actual Rows": 10,"Actual Loops": 1,"Workers Planned": 4,"Workers Launched": 4,"Plans": [{"Node Type": "Aggregate","Strategy": "Sorted","Partial Mode": "Partial","Parent Relationship": "Outer","Parallel Aware": false,"Async Capable": false,"Startup Cost": 172827.99,"Total Cost": 172974.16,"Plan Rows": 7,"Plan Width": 27,"Actual Startup Time": 380.610,"Actual Total Time": 381.333,"Actual Rows": 2,"Actual Loops": 5,"Group Key": ["lineitem.l_shipmode"],"Workers": [],"Plans": [{"Node Type": "Sort","Parent Relationship": "Outer","Parallel Aware": false,"Async Capable": false,"Startup Cost": 172827.99,"Total Cost": 172846.25,"Plan Rows": 7305,"Plan Width": 27,"Actual Startup Time": 379.858,"Actual Total Time": 380.097,"Actual Rows": 6195,"Actual Loops": 5,"Sort Key": ["lineitem.l_shipmode"],"Sort Method": "quicksort","Sort Space Used": 633,"Sort Space Type": "Memory","Workers": [{"Worker Number": 0,"Sort Method": "quicksort","Sort Space Used": 629,"Sort Space Type": "Memory"},{"Worker Number": 1,"Sort Method": "quicksort","Sort Space Used": 629,"Sort Space Type": "Memory"},{"Worker Number": 2,"Sort Method": "quicksort","Sort Space Used": 619,"Sort Space Type": "Memory"},{"Worker Number": 3,"Sort Method": "quicksort","Sort Space Used": 630,"Sort Space Type": "Memory"}],"Plans": [{"Node Type": "Nested Loop","Parent Relationship": "Outer","Parallel Aware": false,"Async Capable": false,"Join Type": "Inner","Startup Cost": 0.43,"Total Cost": 172359.20,"Plan Rows": 7305,"Plan Width": 27,"Actual Startup Time": 0.335,"Actual Total Time": 376.978,"Actual Rows": 6195,"Actual Loops": 5,"Inner Unique": true,"Workers": [],"Plans": [{"Node Type": "Seq Scan","Parent Relationship": "Outer","Parallel Aware": true,"Async Capable": false,"Relation Name": "lineitem","Alias": "lineitem","Startup Cost": 0.00,"Total Cost": 146259.83,"Plan Rows": 7305,"Plan Width": 15,"Actual Startup Time": 0.218,"Actual Total Time": 342.854,"Actual Rows": 6195,"Actual Loops": 5,"Filter": "((l_shipmode = ANY ('{AIR,TRUCK}'::bpchar[])) AND (l_commitdate < l_receiptdate) AND (l_shipdate < l_commitdate) AND (l_receiptdate >= '1993-01-01'::date) AND (l_receiptdate < '1994-01-01 00:00:00'::timestamp without time zone))","Rows Removed by Filter": 1194048,"Workers": []},{"Node Type": "Index Scan","Parent Relationship": "Inner","Parallel Aware": false,"Async Capable": false,"Scan Direction": "Forward","Index Name": "orders_pkey","Relation Name": "orders","Alias": "orders","Startup Cost": 0.43,"Total Cost": 3.57,"Plan Rows": 1,"Plan Width": 20,"Actual Startup Time": 0.005,"Actual Total Time": 0.005,"Actual Rows": 1,"Actual Loops": 30975,"Index Cond": "(o_orderkey = lineitem.l_orderkey)","Rows Removed by Index Recheck": 0,"Workers": []}]}]}]}]}]},"Planning Time": 5.582,"Triggers": [],"Execution Time": 422.550}]
[{"Plan": {"Node Type": "Aggregate","Strategy": "Sorted","Partial Mode": "Finalize","Parallel Aware": false,"Async Capable": false,"Startup Cost": 173498.66,"Total Cost": 173645.41,"Plan Rows": 7,"Plan Width": 27,"Actual Startup Time": 397.076,"Actual Total Time": 431.045,"Actual Rows": 2,"Actual Loops": 1,"Group Key": ["lineitem.l_shipmode"],"Plans": [{"Node Type": "Gather Merge","Parent Relationship": "Outer","Parallel Aware": false,"Async Capable": false,"Startup Cost": 173498.66,"Total Cost": 173645.13,"Plan Rows": 28,"Plan Width": 27,"Actual Startup Time": 396.233,"Actual Total Time": 431.009,"Actual Rows": 10,"Actual Loops": 1,"Workers Planned": 4,"Workers Launched": 4,"Plans": [{"Node Type": "Aggregate","Strategy": "Sorted","Partial Mode": "Partial","Parent Relationship": "Outer","Parallel Aware": false,"Async Capable": false,"Startup Cost": 172498.61,"Total Cost": 172641.74,"Plan Rows": 7,"Plan Width": 27,"Actual Startup Time": 387.884,"Actual Total Time": 388.632,"Actual Rows": 2,"Actual Loops": 5,"Group Key": ["lineitem.l_shipmode"],"Workers": [],"Plans": [{"Node Type": "Sort","Parent Relationship": "Outer","Parallel Aware": false,"Async Capable": false,"Startup Cost": 172498.61,"Total Cost": 172516.49,"Plan Rows": 7153,"Plan Width": 27,"Actual Startup Time": 387.125,"Actual Total Time": 387.383,"Actual Rows": 6237,"Actual Loops": 5,"Sort Key": ["lineitem.l_shipmode"],"Sort Method": "quicksort","Sort Space Used": 634,"Sort Space Type": "Memory","Workers": [{"Worker Number": 0,"Sort Method": "quicksort","Sort Space Used": 626,"Sort Space Type": "Memory"},{"Worker Number": 1,"Sort Method": "quicksort","Sort Space Used": 626,"Sort Space Type": "Memory"},{"Worker Number": 2,"Sort Method": "quicksort","Sort Space Used": 634,"Sort Space Type": "Memory"},{"Worker Number": 3,"Sort Method": "quicksort","Sort Space Used": 635,"Sort Space Type": "Memory"}],"Plans": [{"Node Type": "Nested Loop","Parent Relationship": "Outer","Parallel Aware": false,"Async Capable": false,"Join Type": "Inner","Startup Cost": 0.43,"Total Cost": 172040.66,"Plan Rows": 7153,"Plan Width": 27,"Actual Startup Time": 0.325,"Actual Total Time": 384.235,"Actual Rows": 6237,"Actual Loops": 5,"Inner Unique": true,"Workers": [],"Plans": [{"Node Type": "Seq Scan","Parent Relationship": "Outer","Parallel Aware": true,"Async Capable": false,"Relation Name": "lineitem","Alias": "lineitem","Startup Cost": 0.00,"Total Cost": 146259.83,"Plan Rows": 7153,"Plan Width": 15,"Actual Startup Time": 0.211,"Actual Total Time": 348.855,"Actual Rows": 6237,"Actual Loops": 5,"Filter": "((l_shipmode = ANY ('{SHIP,\"REG AIR\"}'::bpchar[])) AND (l_commitdate < l_receiptdate) AND (l_shipdate < l_commitdate) AND (l_receiptdate >= '1997-01-01'::date) AND (l_receiptdate < '1998-01-01 00:00:00'::timestamp without time zone))","Rows Removed by Filter": 1194006,"Workers": []},{"Node Type": "Index Scan","Parent Relationship": "Inner","Parallel Aware": false,"Async Capable": false,"Scan Direction": "Forward","Index Name": "orders_pkey","Relation Name": "orders","Alias": "orders","Startup Cost": 0.43,"Total Cost": 3.60,"Plan Rows": 1,"Plan Width": 20,"Actual Startup Time": 0.005,"Actual Total Time": 0.005,"Actual Rows": 1,"Actual Loops": 31184,"Index Cond": "(o_orderkey = lineitem.l_orderkey)","Rows Removed by Index Recheck": 0,"Workers": []}]}]}]}]}]},"Planning Time": 5.405,"Triggers": [],"Execution Time": 431.689}]
[{"Plan": {"Node Type": "Aggregate","Strategy": "Sorted","Partial Mode": "Finalize","Parallel Aware": false,"Async Capable": false,"Startup Cost": 173788.48,"Total Cost": 173937.90,"Plan Rows": 7,"Plan Width": 27,"Actual Startup Time": 398.833,"Actual Total Time": 433.224,"Actual Rows": 2,"Actual Loops": 1,"Group Key": ["lineitem.l_shipmode"],"Plans": [{"Node Type": "Gather Merge","Parent Relationship": "Outer","Parallel Aware": false,"Async Capable": false,"Startup Cost": 173788.48,"Total Cost": 173937.62,"Plan Rows": 28,"Plan Width": 27,"Actual Startup Time": 397.995,"Actual Total Time": 433.182,"Actual Rows": 10,"Actual Loops": 1,"Workers Planned": 4,"Workers Launched": 4,"Plans": [{"Node Type": "Aggregate","Strategy": "Sorted","Partial Mode": "Partial","Parent Relationship": "Outer","Parallel Aware": false,"Async Capable": false,"Startup Cost": 172788.42,"Total Cost": 172934.23,"Plan Rows": 7,"Plan Width": 27,"Actual Startup Time": 389.905,"Actual Total Time": 390.645,"Actual Rows": 2,"Actual Loops": 5,"Group Key": ["lineitem.l_shipmode"],"Workers": [],"Plans": [{"Node Type": "Sort","Parent Relationship": "Outer","Parallel Aware": false,"Async Capable": false,"Startup Cost": 172788.42,"Total Cost": 172806.64,"Plan Rows": 7287,"Plan Width": 27,"Actual Startup Time": 389.163,"Actual Total Time": 389.401,"Actual Rows": 6267,"Actual Loops": 5,"Sort Key": ["lineitem.l_shipmode"],"Sort Method": "quicksort","Sort Space Used": 635,"Sort Space Type": "Memory","Workers": [{"Worker Number": 0,"Sort Method": "quicksort","Sort Space Used": 633,"Sort Space Type": "Memory"},{"Worker Number": 1,"Sort Method": "quicksort","Sort Space Used": 630,"Sort Space Type": "Memory"},{"Worker Number": 2,"Sort Method": "quicksort","Sort Space Used": 642,"Sort Space Type": "Memory"},{"Worker Number": 3,"Sort Method": "quicksort","Sort Space Used": 626,"Sort Space Type": "Memory"}],"Plans": [{"Node Type": "Nested Loop","Parent Relationship": "Outer","Parallel Aware": false,"Async Capable": false,"Join Type": "Inner","Startup Cost": 0.43,"Total Cost": 172320.92,"Plan Rows": 7287,"Plan Width": 27,"Actual Startup Time": 0.386,"Actual Total Time": 386.324,"Actual Rows": 6267,"Actual Loops": 5,"Inner Unique": true,"Workers": [],"Plans": [{"Node Type": "Seq Scan","Parent Relationship": "Outer","Parallel Aware": true,"Async Capable": false,"Relation Name": "lineitem","Alias": "lineitem","Startup Cost": 0.00,"Total Cost": 146259.83,"Plan Rows": 7287,"Plan Width": 15,"Actual Startup Time": 0.287,"Actual Total Time": 351.208,"Actual Rows": 6267,"Actual Loops": 5,"Filter": "((l_shipmode = ANY ('{RAIL,AIR}'::bpchar[])) AND (l_commitdate < l_receiptdate) AND (l_shipdate < l_commitdate) AND (l_receiptdate >= '1993-01-01'::date) AND (l_receiptdate < '1994-01-01 00:00:00'::timestamp without time zone))","Rows Removed by Filter": 1193976,"Workers": []},{"Node Type": "Index Scan","Parent Relationship": "Inner","Parallel Aware": false,"Async Capable": false,"Scan Direction": "Forward","Index Name": "orders_pkey","Relation Name": "orders","Alias": "orders","Startup Cost": 0.43,"Total Cost": 3.58,"Plan Rows": 1,"Plan Width": 20,"Actual Startup Time": 0.005,"Actual Total Time": 0.005,"Actual Rows": 1,"Actual Loops": 31335,"Index Cond": "(o_orderkey = lineitem.l_orderkey)","Rows Removed by Index Recheck": 0,"Workers": []}]}]}]}]}]},"Planning Time": 4.332,"Triggers": [],"Execution Time": 433.780}]
[{"Plan": {"Node Type": "Aggregate","Strategy": "Sorted","Partial Mode": "Finalize","Parallel Aware": false,"Async Capable": false,"Startup Cost": 173623.66,"Total Cost": 173771.59,"Plan Rows": 7,"Plan Width": 27,"Actual Startup Time": 405.204,"Actual Total Time": 439.075,"Actual Rows": 2,"Actual Loops": 1,"Group Key": ["lineitem.l_shipmode"],"Plans": [{"Node Type": "Gather Merge","Parent Relationship": "Outer","Parallel Aware": false,"Async Capable": false,"Startup Cost": 173623.66,"Total Cost": 173771.31,"Plan Rows": 28,"Plan Width": 27,"Actual Startup Time": 404.340,"Actual Total Time": 439.026,"Actual Rows": 10,"Actual Loops": 1,"Workers Planned": 4,"Workers Launched": 4,"Plans": [{"Node Type": "Aggregate","Strategy": "Sorted","Partial Mode": "Partial","Parent Relationship": "Outer","Parallel Aware": false,"Async Capable": false,"Startup Cost": 172623.60,"Total Cost": 172767.91,"Plan Rows": 7,"Plan Width": 27,"Actual Startup Time": 395.674,"Actual Total Time": 396.412,"Actual Rows": 2,"Actual Loops": 5,"Group Key": ["lineitem.l_shipmode"],"Workers": [],"Plans": [{"Node Type": "Sort","Parent Relationship": "Outer","Parallel Aware": false,"Async Capable": false,"Startup Cost": 172623.60,"Total Cost": 172641.63,"Plan Rows": 7212,"Plan Width": 27,"Actual Startup Time": 394.945,"Actual Total Time": 395.191,"Actual Rows": 6242,"Actual Loops": 5,"Sort Key": ["lineitem.l_shipmode"],"Sort Method": "quicksort","Sort Space Used": 632,"Sort Space Type": "Memory","Workers": [{"Worker Number": 0,"Sort Method": "quicksort","Sort Space Used": 635,"Sort Space Type": "Memory"},{"Worker Number": 1,"Sort Method": "quicksort","Sort Space Used": 648,"Sort Space Type": "Memory"},{"Worker Number": 2,"Sort Method": "quicksort","Sort Space Used": 633,"Sort Space Type": "Memory"},{"Worker Number": 3,"Sort Method": "quicksort","Sort Space Used": 608,"Sort Space Type": "Memory"}],"Plans": [{"Node Type": "Nested Loop","Parent Relationship": "Outer","Parallel Aware": false,"Async Capable": false,"Join Type": "Inner","Startup Cost": 0.43,"Total Cost": 172161.45,"Plan Rows": 7212,"Plan Width": 27,"Actual Startup Time": 0.228,"Actual Total Time": 392.049,"Actual Rows": 6242,"Actual Loops": 5,"Inner Unique": true,"Workers": [],"Plans": [{"Node Type": "Seq Scan","Parent Relationship": "Outer","Parallel Aware": true,"Async Capable": false,"Relation Name": "lineitem","Alias": "lineitem","Startup Cost": 0.00,"Total Cost": 146259.83,"Plan Rows": 7211,"Plan Width": 15,"Actual Startup Time": 0.143,"Actual Total Time": 355.732,"Actual Rows": 6242,"Actual Loops": 5,"Filter": "((l_shipmode = ANY ('{\"REG AIR\",TRUCK}'::bpchar[])) AND (l_commitdate < l_receiptdate) AND (l_shipdate < l_commitdate) AND (l_receiptdate >= '1996-01-01'::date) AND (l_receiptdate < '1997-01-01 00:00:00'::timestamp without time zone))","Rows Removed by Filter": 1194001,"Workers": []},{"Node Type": "Index Scan","Parent Relationship": "Inner","Parallel Aware": false,"Async Capable": false,"Scan Direction": "Forward","Index Name": "orders_pkey","Relation Name": "orders","Alias": "orders","Startup Cost": 0.43,"Total Cost": 3.59,"Plan Rows": 1,"Plan Width": 20,"Actual Startup Time": 0.005,"Actual Total Time": 0.005,"Actual Rows": 1,"Actual Loops": 31208,"Index Cond": "(o_orderkey = lineitem.l_orderkey)","Rows Removed by Index Recheck": 0,"Workers": []}]}]}]}]}]},"Planning Time": 4.729,"Triggers": [],"Execution Time": 439.731}]
[{"Plan": {"Node Type": "Aggregate","Strategy": "Sorted","Partial Mode": "Finalize","Parallel Aware": false,"Async Capable": false,"Startup Cost": 173833.00,"Total Cost": 173982.82,"Plan Rows": 7,"Plan Width": 27,"Actual Startup Time": 396.792,"Actual Total Time": 429.357,"Actual Rows": 2,"Actual Loops": 1,"Group Key": ["lineitem.l_shipmode"],"Plans": [{"Node Type": "Gather Merge","Parent Relationship": "Outer","Parallel Aware": false,"Async Capable": false,"Startup Cost": 173833.00,"Total Cost": 173982.54,"Plan Rows": 28,"Plan Width": 27,"Actual Startup Time": 395.900,"Actual Total Time": 429.322,"Actual Rows": 10,"Actual Loops": 1,"Workers Planned": 4,"Workers Launched": 4,"Plans": [{"Node Type": "Aggregate","Strategy": "Sorted","Partial Mode": "Partial","Parent Relationship": "Outer","Parallel Aware": false,"Async Capable": false,"Startup Cost": 172832.94,"Total Cost": 172979.15,"Plan Rows": 7,"Plan Width": 27,"Actual Startup Time": 387.909,"Actual Total Time": 388.656,"Actual Rows": 2,"Actual Loops": 5,"Group Key": ["lineitem.l_shipmode"],"Workers": [],"Plans": [{"Node Type": "Sort","Parent Relationship": "Outer","Parallel Aware": false,"Async Capable": false,"Startup Cost": 172832.94,"Total Cost": 172851.21,"Plan Rows": 7307,"Plan Width": 27,"Actual Startup Time": 387.145,"Actual Total Time": 387.396,"Actual Rows": 6234,"Actual Loops": 5,"Sort Key": ["lineitem.l_shipmode"],"Sort Method": "quicksort","Sort Space Used": 638,"Sort Space Type": "Memory","Workers": [{"Worker Number": 0,"Sort Method": "quicksort","Sort Space Used": 631,"Sort Space Type": "Memory"},{"Worker Number": 1,"Sort Method": "quicksort","Sort Space Used": 635,"Sort Space Type": "Memory"},{"Worker Number": 2,"Sort Method": "quicksort","Sort Space Used": 624,"Sort Space Type": "Memory"},{"Worker Number": 3,"Sort Method": "quicksort","Sort Space Used": 627,"Sort Space Type": "Memory"}],"Plans": [{"Node Type": "Nested Loop","Parent Relationship": "Outer","Parallel Aware": false,"Async Capable": false,"Join Type": "Inner","Startup Cost": 0.43,"Total Cost": 172364.01,"Plan Rows": 7307,"Plan Width": 27,"Actual Startup Time": 0.359,"Actual Total Time": 384.349,"Actual Rows": 6234,"Actual Loops": 5,"Inner Unique": true,"Workers": [],"Plans": [{"Node Type": "Seq Scan","Parent Relationship": "Outer","Parallel Aware": true,"Async Capable": false,"Relation Name": "lineitem","Alias": "lineitem","Startup Cost": 0.00,"Total Cost": 146259.83,"Plan Rows": 7307,"Plan Width": 15,"Actual Startup Time": 0.240,"Actual Total Time": 349.904,"Actual Rows": 6234,"Actual Loops": 5,"Filter": "((l_shipmode = ANY ('{MAIL,SHIP}'::bpchar[])) AND (l_commitdate < l_receiptdate) AND (l_shipdate < l_commitdate) AND (l_receiptdate >= '1993-01-01'::date) AND (l_receiptdate < '1994-01-01 00:00:00'::timestamp without time zone))","Rows Removed by Filter": 1194009,"Workers": []},{"Node Type": "Index Scan","Parent Relationship": "Inner","Parallel Aware": false,"Async Capable": false,"Scan Direction": "Forward","Index Name": "orders_pkey","Relation Name": "orders","Alias": "orders","Startup Cost": 0.43,"Total Cost": 3.57,"Plan Rows": 1,"Plan Width": 20,"Actual Startup Time": 0.005,"Actual Total Time": 0.005,"Actual Rows": 1,"Actual Loops": 31169,"Index Cond": "(o_orderkey = lineitem.l_orderkey)","Rows Removed by Index Recheck": 0,"Workers": []}]}]}]}]}]},"Planning Time": 3.944,"Triggers": [],"Execution Time": 429.771}]
[{"Plan": {"Node Type": "Aggregate","Strategy": "Sorted","Partial Mode": "Finalize","Parallel Aware": false,"Async Capable": false,"Startup Cost": 173861.35,"Total Cost": 174011.44,"Plan Rows": 7,"Plan Width": 27,"Actual Startup Time": 398.943,"Actual Total Time": 431.819,"Actual Rows": 2,"Actual Loops": 1,"Group Key": ["lineitem.l_shipmode"],"Plans": [{"Node Type": "Gather Merge","Parent Relationship": "Outer","Parallel Aware": false,"Async Capable": false,"Startup Cost": 173861.35,"Total Cost": 174011.16,"Plan Rows": 28,"Plan Width": 27,"Actual Startup Time": 398.097,"Actual Total Time": 431.775,"Actual Rows": 10,"Actual Loops": 1,"Workers Planned": 4,"Workers Launched": 4,"Plans": [{"Node Type": "Aggregate","Strategy": "Sorted","Partial Mode": "Partial","Parent Relationship": "Outer","Parallel Aware": false,"Async Capable": false,"Startup Cost": 172861.29,"Total Cost": 173007.76,"Plan Rows": 7,"Plan Width": 27,"Actual Startup Time": 389.633,"Actual Total Time": 390.388,"Actual Rows": 2,"Actual Loops": 5,"Group Key": ["lineitem.l_shipmode"],"Workers": [],"Plans": [{"Node Type": "Sort","Parent Relationship": "Outer","Parallel Aware": false,"Async Capable": false,"Startup Cost": 172861.29,"Total Cost": 172879.59,"Plan Rows": 7320,"Plan Width": 27,"Actual Startup Time": 388.890,"Actual Total Time": 389.143,"Actual Rows": 6227,"Actual Loops": 5,"Sort Key": ["lineitem.l_shipmode"],"Sort Method": "quicksort","Sort Space Used": 637,"Sort Space Type": "Memory","Workers": [{"Worker Number": 0,"Sort Method": "quicksort","Sort Space Used": 634,"Sort Space Type": "Memory"},{"Worker Number": 1,"Sort Method": "quicksort","Sort Space Used": 619,"Sort Space Type": "Memory"},{"Worker Number": 2,"Sort Method": "quicksort","Sort Space Used": 627,"Sort Space Type": "Memory"},{"Worker Number": 3,"Sort Method": "quicksort","Sort Space Used": 635,"Sort Space Type": "Memory"}],"Plans": [{"Node Type": "Nested Loop","Parent Relationship": "Outer","Parallel Aware": false,"Async Capable": false,"Join Type": "Inner","Startup Cost": 0.43,"Total Cost": 172391.43,"Plan Rows": 7320,"Plan Width": 27,"Actual Startup Time": 0.336,"Actual Total Time": 386.071,"Actual Rows": 6227,"Actual Loops": 5,"Inner Unique": true,"Workers": [],"Plans": [{"Node Type": "Seq Scan","Parent Relationship": "Outer","Parallel Aware": true,"Async Capable": false,"Relation Name": "lineitem","Alias": "lineitem","Startup Cost": 0.00,"Total Cost": 146259.83,"Plan Rows": 7320,"Plan Width": 15,"Actual Startup Time": 0.224,"Actual Total Time": 351.712,"Actual Rows": 6227,"Actual Loops": 5,"Filter": "((l_shipmode = ANY ('{FOB,SHIP}'::bpchar[])) AND (l_commitdate < l_receiptdate) AND (l_shipdate < l_commitdate) AND (l_receiptdate >= '1993-01-01'::date) AND (l_receiptdate < '1994-01-01 00:00:00'::timestamp without time zone))","Rows Removed by Filter": 1194016,"Workers": []},{"Node Type": "Index Scan","Parent Relationship": "Inner","Parallel Aware": false,"Async Capable": false,"Scan Direction": "Forward","Index Name": "orders_pkey","Relation Name": "orders","Alias": "orders","Startup Cost": 0.43,"Total Cost": 3.57,"Plan Rows": 1,"Plan Width": 20,"Actual Startup Time": 0.005,"Actual Total Time": 0.005,"Actual Rows": 1,"Actual Loops": 31133,"Index Cond": "(o_orderkey = lineitem.l_orderkey)","Rows Removed by Index Recheck": 0,"Workers": []}]}]}]}]}]},"Planning Time": 4.522,"Triggers": [],"Execution Time": 432.317}]
[{"Plan": {"Node Type": "Aggregate","Strategy": "Sorted","Partial Mode": "Finalize","Parallel Aware": false,"Async Capable": false,"Startup Cost": 173642.03,"Total Cost": 173790.09,"Plan Rows": 7,"Plan Width": 27,"Actual Startup Time": 408.499,"Actual Total Time": 443.149,"Actual Rows": 2,"Actual Loops": 1,"Group Key": ["lineitem.l_shipmode"],"Plans": [{"Node Type": "Gather Merge","Parent Relationship": "Outer","Parallel Aware": false,"Async Capable": false,"Startup Cost": 173642.03,"Total Cost": 173789.81,"Plan Rows": 28,"Plan Width": 27,"Actual Startup Time": 407.692,"Actual Total Time": 443.108,"Actual Rows": 10,"Actual Loops": 1,"Workers Planned": 4,"Workers Launched": 4,"Plans": [{"Node Type": "Aggregate","Strategy": "Sorted","Partial Mode": "Partial","Parent Relationship": "Outer","Parallel Aware": false,"Async Capable": false,"Startup Cost": 172641.97,"Total Cost": 172786.42,"Plan Rows": 7,"Plan Width": 27,"Actual Startup Time": 399.558,"Actual Total Time": 400.297,"Actual Rows": 2,"Actual Loops": 5,"Group Key": ["lineitem.l_shipmode"],"Workers": [],"Plans": [{"Node Type": "Sort","Parent Relationship": "Outer","Parallel Aware": false,"Async Capable": false,"Startup Cost": 172641.97,"Total Cost": 172660.02,"Plan Rows": 7219,"Plan Width": 27,"Actual Startup Time": 398.798,"Actual Total Time": 399.043,"Actual Rows": 6266,"Actual Loops": 5,"Sort Key": ["lineitem.l_shipmode"],"Sort Method": "quicksort","Sort Space Used": 633,"Sort Space Type": "Memory","Workers": [{"Worker Number": 0,"Sort Method": "quicksort","Sort Space Used": 649,"Sort Space Type": "Memory"},{"Worker Number": 1,"Sort Method": "quicksort","Sort Space Used": 615,"Sort Space Type": "Memory"},{"Worker Number": 2,"Sort Method": "quicksort","Sort Space Used": 638,"Sort Space Type": "Memory"},{"Worker Number": 3,"Sort Method": "quicksort","Sort Space Used": 630,"Sort Space Type": "Memory"}],"Plans": [{"Node Type": "Nested Loop","Parent Relationship": "Outer","Parallel Aware": false,"Async Capable": false,"Join Type": "Inner","Startup Cost": 0.43,"Total Cost": 172179.32,"Plan Rows": 7219,"Plan Width": 27,"Actual Startup Time": 0.621,"Actual Total Time": 395.872,"Actual Rows": 6266,"Actual Loops": 5,"Inner Unique": true,"Workers": [],"Plans": [{"Node Type": "Seq Scan","Parent Relationship": "Outer","Parallel Aware": true,"Async Capable": false,"Relation Name": "lineitem","Alias": "lineitem","Startup Cost": 0.00,"Total Cost": 146259.83,"Plan Rows": 7219,"Plan Width": 15,"Actual Startup Time": 0.502,"Actual Total Time": 359.636,"Actual Rows": 6266,"Actual Loops": 5,"Filter": "((l_shipmode = ANY ('{SHIP,MAIL}'::bpchar[])) AND (l_commitdate < l_receiptdate) AND (l_shipdate < l_commitdate) AND (l_receiptdate >= '1996-01-01'::date) AND (l_receiptdate < '1997-01-01 00:00:00'::timestamp without time zone))","Rows Removed by Filter": 1193977,"Workers": []},{"Node Type": "Index Scan","Parent Relationship": "Inner","Parallel Aware": false,"Async Capable": false,"Scan Direction": "Forward","Index Name": "orders_pkey","Relation Name": "orders","Alias": "orders","Startup Cost": 0.43,"Total Cost": 3.59,"Plan Rows": 1,"Plan Width": 20,"Actual Startup Time": 0.005,"Actual Total Time": 0.005,"Actual Rows": 1,"Actual Loops": 31329,"Index Cond": "(o_orderkey = lineitem.l_orderkey)","Rows Removed by Index Recheck": 0,"Workers": []}]}]}]}]}]},"Planning Time": 5.430,"Triggers": [],"Execution Time": 443.854}]
[{"Plan": {"Node Type": "Aggregate","Strategy": "Sorted","Partial Mode": "Finalize","Parallel Aware": false,"Async Capable": false,"Startup Cost": 173472.53,"Total Cost": 173619.04,"Plan Rows": 7,"Plan Width": 27,"Actual Startup Time": 397.720,"Actual Total Time": 431.222,"Actual Rows": 2,"Actual Loops": 1,"Group Key": ["lineitem.l_shipmode"],"Plans": [{"Node Type": "Gather Merge","Parent Relationship": "Outer","Parallel Aware": false,"Async Capable": false,"Startup Cost": 173472.53,"Total Cost": 173618.76,"Plan Rows": 28,"Plan Width": 27,"Actual Startup Time": 396.933,"Actual Total Time": 431.199,"Actual Rows": 10,"Actual Loops": 1,"Workers Planned": 4,"Workers Launched": 4,"Plans": [{"Node Type": "Aggregate","Strategy": "Sorted","Partial Mode": "Partial","Parent Relationship": "Outer","Parallel Aware": false,"Async Capable": false,"Startup Cost": 172472.48,"Total Cost": 172615.37,"Plan Rows": 7,"Plan Width": 27,"Actual Startup Time": 388.686,"Actual Total Time": 389.394,"Actual Rows": 2,"Actual Loops": 5,"Group Key": ["lineitem.l_shipmode"],"Workers": [],"Plans": [{"Node Type": "Sort","Parent Relationship": "Outer","Parallel Aware": false,"Async Capable": false,"Startup Cost": 172472.48,"Total Cost": 172490.33,"Plan Rows": 7141,"Plan Width": 27,"Actual Startup Time": 387.944,"Actual Total Time": 388.173,"Actual Rows": 6203,"Actual Loops": 5,"Sort Key": ["lineitem.l_shipmode"],"Sort Method": "quicksort","Sort Space Used": 646,"Sort Space Type": "Memory","Workers": [{"Worker Number": 0,"Sort Method": "quicksort","Sort Space Used": 628,"Sort Space Type": "Memory"},{"Worker Number": 1,"Sort Method": "quicksort","Sort Space Used": 629,"Sort Space Type": "Memory"},{"Worker Number": 2,"Sort Method": "quicksort","Sort Space Used": 610,"Sort Space Type": "Memory"},{"Worker Number": 3,"Sort Method": "quicksort","Sort Space Used": 630,"Sort Space Type": "Memory"}],"Plans": [{"Node Type": "Nested Loop","Parent Relationship": "Outer","Parallel Aware": false,"Async Capable": false,"Join Type": "Inner","Startup Cost": 0.43,"Total Cost": 172015.38,"Plan Rows": 7141,"Plan Width": 27,"Actual Startup Time": 0.223,"Actual Total Time": 385.086,"Actual Rows": 6203,"Actual Loops": 5,"Inner Unique": true,"Workers": [],"Plans": [{"Node Type": "Seq Scan","Parent Relationship": "Outer","Parallel Aware": true,"Async Capable": false,"Relation Name": "lineitem","Alias": "lineitem","Startup Cost": 0.00,"Total Cost": 146259.83,"Plan Rows": 7141,"Plan Width": 15,"Actual Startup Time": 0.112,"Actual Total Time": 350.208,"Actual Rows": 6203,"Actual Loops": 5,"Filter": "((l_shipmode = ANY ('{\"REG AIR\",MAIL}'::bpchar[])) AND (l_commitdate < l_receiptdate) AND (l_shipdate < l_commitdate) AND (l_receiptdate >= '1994-01-01'::date) AND (l_receiptdate < '1995-01-01 00:00:00'::timestamp without time zone))","Rows Removed by Filter": 1194040,"Workers": []},{"Node Type": "Index Scan","Parent Relationship": "Inner","Parallel Aware": false,"Async Capable": false,"Scan Direction": "Forward","Index Name": "orders_pkey","Relation Name": "orders","Alias": "orders","Startup Cost": 0.43,"Total Cost": 3.61,"Plan Rows": 1,"Plan Width": 20,"Actual Startup Time": 0.005,"Actual Total Time": 0.005,"Actual Rows": 1,"Actual Loops": 31017,"Index Cond": "(o_orderkey = lineitem.l_orderkey)","Rows Removed by Index Recheck": 0,"Workers": []}]}]}]}]}]},"Planning Time": 5.266,"Triggers": [],"Execution Time": 431.676}]
[{"Plan": {"Node Type": "Aggregate","Strategy": "Sorted","Partial Mode": "Finalize","Parallel Aware": false,"Async Capable": false,"Startup Cost": 174152.64,"Total Cost": 174305.45,"Plan Rows": 7,"Plan Width": 27,"Actual Startup Time": 401.130,"Actual Total Time": 434.171,"Actual Rows": 2,"Actual Loops": 1,"Group Key": ["lineitem.l_shipmode"],"Plans": [{"Node Type": "Gather Merge","Parent Relationship": "Outer","Parallel Aware": false,"Async Capable": false,"Startup Cost": 174152.64,"Total Cost": 174305.17,"Plan Rows": 28,"Plan Width": 27,"Actual Startup Time": 400.220,"Actual Total Time": 434.139,"Actual Rows": 10,"Actual Loops": 1,"Workers Planned": 4,"Workers Launched": 4,"Plans": [{"Node Type": "Aggregate","Strategy": "Sorted","Partial Mode": "Partial","Parent Relationship": "Outer","Parallel Aware": false,"Async Capable": false,"Startup Cost": 173152.59,"Total Cost": 173301.78,"Plan Rows": 7,"Plan Width": 27,"Actual Startup Time": 392.006,"Actual Total Time": 392.751,"Actual Rows": 2,"Actual Loops": 5,"Group Key": ["lineitem.l_shipmode"],"Workers": [],"Plans": [{"Node Type": "Sort","Parent Relationship": "Outer","Parallel Aware": false,"Async Capable": false,"Startup Cost": 173152.59,"Total Cost": 173171.23,"Plan Rows": 7456,"Plan Width": 27,"Actual Startup Time": 391.253,"Actual Total Time": 391.497,"Actual Rows": 6253,"Actual Loops": 5,"Sort Key": ["lineitem.l_shipmode"],"Sort Method": "quicksort","Sort Space Used": 640,"Sort Space Type": "Memory","Workers": [{"Worker Number": 0,"Sort Method": "quicksort","Sort Space Used": 618,"Sort Space Type": "Memory"},{"Worker Number": 1,"Sort Method": "quicksort","Sort Space Used": 634,"Sort Space Type": "Memory"},{"Worker Number": 2,"Sort Method": "quicksort","Sort Space Used": 626,"Sort Space Type": "Memory"},{"Worker Number": 3,"Sort Method": "quicksort","Sort Space Used": 642,"Sort Space Type": "Memory"}],"Plans": [{"Node Type": "Nested Loop","Parent Relationship": "Outer","Parallel Aware": false,"Async Capable": false,"Join Type": "Inner","Startup Cost": 0.43,"Total Cost": 172673.01,"Plan Rows": 7456,"Plan Width": 27,"Actual Startup Time": 0.320,"Actual Total Time": 388.456,"Actual Rows": 6253,"Actual Loops": 5,"Inner Unique": true,"Workers": [],"Plans": [{"Node Type": "Seq Scan","Parent Relationship": "Outer","Parallel Aware": true,"Async Capable": false,"Relation Name": "lineitem","Alias": "lineitem","Startup Cost": 0.00,"Total Cost": 146259.83,"Plan Rows": 7456,"Plan Width": 15,"Actual Startup Time": 0.202,"Actual Total Time": 353.743,"Actual Rows": 6253,"Actual Loops": 5,"Filter": "((l_shipmode = ANY ('{RAIL,FOB}'::bpchar[])) AND (l_commitdate < l_receiptdate) AND (l_shipdate < l_commitdate) AND (l_receiptdate >= '1995-01-01'::date) AND (l_receiptdate < '1996-01-01 00:00:00'::timestamp without time zone))","Rows Removed by Filter": 1193990,"Workers": []},{"Node Type": "Index Scan","Parent Relationship": "Inner","Parallel Aware": false,"Async Capable": false,"Scan Direction": "Forward","Index Name": "orders_pkey","Relation Name": "orders","Alias": "orders","Startup Cost": 0.43,"Total Cost": 3.54,"Plan Rows": 1,"Plan Width": 20,"Actual Startup Time": 0.005,"Actual Total Time": 0.005,"Actual Rows": 1,"Actual Loops": 31266,"Index Cond": "(o_orderkey = lineitem.l_orderkey)","Rows Removed by Index Recheck": 0,"Workers": []}]}]}]}]}]},"Planning Time": 3.894,"Triggers": [],"Execution Time": 434.639}]
[{"Plan": {"Node Type": "Aggregate","Strategy": "Sorted","Partial Mode": "Finalize","Parallel Aware": false,"Async Capable": false,"Startup Cost": 173833.00,"Total Cost": 173982.82,"Plan Rows": 7,"Plan Width": 27,"Actual Startup Time": 417.939,"Actual Total Time": 451.326,"Actual Rows": 2,"Actual Loops": 1,"Group Key": ["lineitem.l_shipmode"],"Plans": [{"Node Type": "Gather Merge","Parent Relationship": "Outer","Parallel Aware": false,"Async Capable": false,"Startup Cost": 173833.00,"Total Cost": 173982.54,"Plan Rows": 28,"Plan Width": 27,"Actual Startup Time": 417.179,"Actual Total Time": 451.297,"Actual Rows": 10,"Actual Loops": 1,"Workers Planned": 4,"Workers Launched": 4,"Plans": [{"Node Type": "Aggregate","Strategy": "Sorted","Partial Mode": "Partial","Parent Relationship": "Outer","Parallel Aware": false,"Async Capable": false,"Startup Cost": 172832.94,"Total Cost": 172979.15,"Plan Rows": 7,"Plan Width": 27,"Actual Startup Time": 408.374,"Actual Total Time": 409.100,"Actual Rows": 2,"Actual Loops": 5,"Group Key": ["lineitem.l_shipmode"],"Workers": [],"Plans": [{"Node Type": "Sort","Parent Relationship": "Outer","Parallel Aware": false,"Async Capable": false,"Startup Cost": 172832.94,"Total Cost": 172851.21,"Plan Rows": 7307,"Plan Width": 27,"Actual Startup Time": 407.619,"Actual Total Time": 407.859,"Actual Rows": 6234,"Actual Loops": 5,"Sort Key": ["lineitem.l_shipmode"],"Sort Method": "quicksort","Sort Space Used": 613,"Sort Space Type": "Memory","Workers": [{"Worker Number": 0,"Sort Method": "quicksort","Sort Space Used": 644,"Sort Space Type": "Memory"},{"Worker Number": 1,"Sort Method": "quicksort","Sort Space Used": 606,"Sort Space Type": "Memory"},{"Worker Number": 2,"Sort Method": "quicksort","Sort Space Used": 655,"Sort Space Type": "Memory"},{"Worker Number": 3,"Sort Method": "quicksort","Sort Space Used": 636,"Sort Space Type": "Memory"}],"Plans": [{"Node Type": "Nested Loop","Parent Relationship": "Outer","Parallel Aware": false,"Async Capable": false,"Join Type": "Inner","Startup Cost": 0.43,"Total Cost": 172364.01,"Plan Rows": 7307,"Plan Width": 27,"Actual Startup Time": 0.253,"Actual Total Time": 404.585,"Actual Rows": 6234,"Actual Loops": 5,"Inner Unique": true,"Workers": [],"Plans": [{"Node Type": "Seq Scan","Parent Relationship": "Outer","Parallel Aware": true,"Async Capable": false,"Relation Name": "lineitem","Alias": "lineitem","Startup Cost": 0.00,"Total Cost": 146259.83,"Plan Rows": 7307,"Plan Width": 15,"Actual Startup Time": 0.173,"Actual Total Time": 367.511,"Actual Rows": 6234,"Actual Loops": 5,"Filter": "((l_shipmode = ANY ('{SHIP,MAIL}'::bpchar[])) AND (l_commitdate < l_receiptdate) AND (l_shipdate < l_commitdate) AND (l_receiptdate >= '1993-01-01'::date) AND (l_receiptdate < '1994-01-01 00:00:00'::timestamp without time zone))","Rows Removed by Filter": 1194009,"Workers": []},{"Node Type": "Index Scan","Parent Relationship": "Inner","Parallel Aware": false,"Async Capable": false,"Scan Direction": "Forward","Index Name": "orders_pkey","Relation Name": "orders","Alias": "orders","Startup Cost": 0.43,"Total Cost": 3.57,"Plan Rows": 1,"Plan Width": 20,"Actual Startup Time": 0.006,"Actual Total Time": 0.006,"Actual Rows": 1,"Actual Loops": 31169,"Index Cond": "(o_orderkey = lineitem.l_orderkey)","Rows Removed by Index Recheck": 0,"Workers": []}]}]}]}]}]},"Planning Time": 3.604,"Triggers": [],"Execution Time": 452.019}]
[{"Plan": {"Node Type": "Aggregate","Strategy": "Sorted","Partial Mode": "Finalize","Parallel Aware": false,"Async Capable": false,"Startup Cost": 174075.36,"Total Cost": 174227.44,"Plan Rows": 7,"Plan Width": 27,"Actual Startup Time": 399.240,"Actual Total Time": 432.994,"Actual Rows": 2,"Actual Loops": 1,"Group Key": ["lineitem.l_shipmode"],"Plans": [{"Node Type": "Gather Merge","Parent Relationship": "Outer","Parallel Aware": false,"Async Capable": false,"Startup Cost": 174075.36,"Total Cost": 174227.16,"Plan Rows": 28,"Plan Width": 27,"Actual Startup Time": 398.383,"Actual Total Time": 432.959,"Actual Rows": 10,"Actual Loops": 1,"Workers Planned": 4,"Workers Launched": 4,"Plans": [{"Node Type": "Aggregate","Strategy": "Sorted","Partial Mode": "Partial","Parent Relationship": "Outer","Parallel Aware": false,"Async Capable": false,"Startup Cost": 173075.30,"Total Cost": 173223.77,"Plan Rows": 7,"Plan Width": 27,"Actual Startup Time": 390.222,"Actual Total Time": 390.965,"Actual Rows": 2,"Actual Loops": 5,"Group Key": ["lineitem.l_shipmode"],"Workers": [],"Plans": [{"Node Type": "Sort","Parent Relationship": "Outer","Parallel Aware": false,"Async Capable": false,"Startup Cost": 173075.30,"Total Cost": 173093.85,"Plan Rows": 7420,"Plan Width": 27,"Actual Startup Time": 389.436,"Actual Total Time": 389.696,"Actual Rows": 6245,"Actual Loops": 5,"Sort Key": ["lineitem.l_shipmode"],"Sort Method": "quicksort","Sort Space Used": 637,"Sort Space Type": "Memory","Workers": [{"Worker Number": 0,"Sort Method": "quicksort","Sort Space Used": 634,"Sort Space Type": "Memory"},{"Worker Number": 1,"Sort Method": "quicksort","Sort Space Used": 635,"Sort Space Type": "Memory"},{"Worker Number": 2,"Sort Method": "quicksort","Sort Space Used": 629,"Sort Space Type": "Memory"},{"Worker Number": 3,"Sort Method": "quicksort","Sort Space Used": 623,"Sort Space Type": "Memory"}],"Plans": [{"Node Type": "Nested Loop","Parent Relationship": "Outer","Parallel Aware": false,"Async Capable": false,"Join Type": "Inner","Startup Cost": 0.43,"Total Cost": 172598.29,"Plan Rows": 7420,"Plan Width": 27,"Actual Startup Time": 0.285,"Actual Total Time": 386.587,"Actual Rows": 6245,"Actual Loops": 5,"Inner Unique": true,"Workers": [],"Plans": [{"Node Type": "Seq Scan","Parent Relationship": "Outer","Parallel Aware": true,"Async Capable": false,"Relation Name": "lineitem","Alias": "lineitem","Startup Cost": 0.00,"Total Cost": 146259.83,"Plan Rows": 7420,"Plan Width": 15,"Actual Startup Time": 0.165,"Actual Total Time": 352.233,"Actual Rows": 6245,"Actual Loops": 5,"Filter": "((l_shipmode = ANY ('{FOB,SHIP}'::bpchar[])) AND (l_commitdate < l_receiptdate) AND (l_shipdate < l_commitdate) AND (l_receiptdate >= '1995-01-01'::date) AND (l_receiptdate < '1996-01-01 00:00:00'::timestamp without time zone))","Rows Removed by Filter": 1193998,"Workers": []},{"Node Type": "Index Scan","Parent Relationship": "Inner","Parallel Aware": false,"Async Capable": false,"Scan Direction": "Forward","Index Name": "orders_pkey","Relation Name": "orders","Alias": "orders","Startup Cost": 0.43,"Total Cost": 3.55,"Plan Rows": 1,"Plan Width": 20,"Actual Startup Time": 0.005,"Actual Total Time": 0.005,"Actual Rows": 1,"Actual Loops": 31225,"Index Cond": "(o_orderkey = lineitem.l_orderkey)","Rows Removed by Index Recheck": 0,"Workers": []}]}]}]}]}]},"Planning Time": 4.026,"Triggers": [],"Execution Time": 433.509}]
[{"Plan": {"Node Type": "Aggregate","Strategy": "Sorted","Partial Mode": "Finalize","Parallel Aware": false,"Async Capable": false,"Startup Cost": 173627.75,"Total Cost": 173775.71,"Plan Rows": 7,"Plan Width": 27,"Actual Startup Time": 396.174,"Actual Total Time": 430.546,"Actual Rows": 2,"Actual Loops": 1,"Group Key": ["lineitem.l_shipmode"],"Plans": [{"Node Type": "Gather Merge","Parent Relationship": "Outer","Parallel Aware": false,"Async Capable": false,"Startup Cost": 173627.75,"Total Cost": 173775.43,"Plan Rows": 28,"Plan Width": 27,"Actual Startup Time": 395.297,"Actual Total Time": 430.494,"Actual Rows": 10,"Actual Loops": 1,"Workers Planned": 4,"Workers Launched": 4,"Plans": [{"Node Type": "Aggregate","Strategy": "Sorted","Partial Mode": "Partial","Parent Relationship": "Outer","Parallel Aware": false,"Async Capable": false,"Startup Cost": 172627.69,"Total Cost": 172772.04,"Plan Rows": 7,"Plan Width": 27,"Actual Startup Time": 386.999,"Actual Total Time": 387.720,"Actual Rows": 2,"Actual Loops": 5,"Group Key": ["lineitem.l_shipmode"],"Workers": [],"Plans": [{"Node Type": "Sort","Parent Relationship": "Outer","Parallel Aware": false,"Async Capable": false,"Startup Cost": 172627.69,"Total Cost": 172645.72,"Plan Rows": 7214,"Plan Width": 27,"Actual Startup Time": 386.233,"Actual Total Time": 386.474,"Actual Rows": 6259,"Actual Loops": 5,"Sort Key": ["lineitem.l_shipmode"],"Sort Method": "quicksort","Sort Space Used": 649,"Sort Space Type": "Memory","Workers": [{"Worker Number": 0,"Sort Method": "quicksort","Sort Space Used": 619,"Sort Space Type": "Memory"},{"Worker Number": 1,"Sort Method": "quicksort","Sort Space Used": 627,"Sort Space Type": "Memory"},{"Worker Number": 2,"Sort Method": "quicksort","Sort Space Used": 633,"Sort Space Type": "Memory"},{"Worker Number": 3,"Sort Method": "quicksort","Sort Space Used": 635,"Sort Space Type": "Memory"}],"Plans": [{"Node Type": "Nested Loop","Parent Relationship": "Outer","Parallel Aware": false,"Async Capable": false,"Join Type": "Inner","Startup Cost": 0.43,"Total Cost": 172165.39,"Plan Rows": 7214,"Plan Width": 27,"Actual Startup Time": 0.257,"Actual Total Time": 383.392,"Actual Rows": 6259,"Actual Loops": 5,"Inner Unique": true,"Workers": [],"Plans": [{"Node Type": "Seq Scan","Parent Relationship": "Outer","Parallel Aware": true,"Async Capable": false,"Relation Name": "lineitem","Alias": "lineitem","Startup Cost": 0.00,"Total Cost": 146259.83,"Plan Rows": 7213,"Plan Width": 15,"Actual Startup Time": 0.140,"Actual Total Time": 348.159,"Actual Rows": 6259,"Actual Loops": 5,"Filter": "((l_shipmode = ANY ('{\"REG AIR\",MAIL}'::bpchar[])) AND (l_commitdate < l_receiptdate) AND (l_shipdate < l_commitdate) AND (l_receiptdate >= '1997-01-01'::date) AND (l_receiptdate < '1998-01-01 00:00:00'::timestamp without time zone))","Rows Removed by Filter": 1193984,"Workers": []},{"Node Type": "Index Scan","Parent Relationship": "Inner","Parallel Aware": false,"Async Capable": false,"Scan Direction": "Forward","Index Name": "orders_pkey","Relation Name": "orders","Alias": "orders","Startup Cost": 0.43,"Total Cost": 3.59,"Plan Rows": 1,"Plan Width": 20,"Actual Startup Time": 0.005,"Actual Total Time": 0.005,"Actual Rows": 1,"Actual Loops": 31295,"Index Cond": "(o_orderkey = lineitem.l_orderkey)","Rows Removed by Index Recheck": 0,"Workers": []}]}]}]}]}]},"Planning Time": 3.963,"Triggers": [],"Execution Time": 431.238}]
[{"Plan": {"Node Type": "Aggregate","Strategy": "Sorted","Partial Mode": "Finalize","Parallel Aware": false,"Async Capable": false,"Startup Cost": 173340.61,"Total Cost": 173485.91,"Plan Rows": 7,"Plan Width": 27,"Actual Startup Time": 391.377,"Actual Total Time": 425.153,"Actual Rows": 2,"Actual Loops": 1,"Group Key": ["lineitem.l_shipmode"],"Plans": [{"Node Type": "Gather Merge","Parent Relationship": "Outer","Parallel Aware": false,"Async Capable": false,"Startup Cost": 173340.61,"Total Cost": 173485.63,"Plan Rows": 28,"Plan Width": 27,"Actual Startup Time": 390.478,"Actual Total Time": 425.105,"Actual Rows": 10,"Actual Loops": 1,"Workers Planned": 4,"Workers Launched": 4,"Plans": [{"Node Type": "Aggregate","Strategy": "Sorted","Partial Mode": "Partial","Parent Relationship": "Outer","Parallel Aware": false,"Async Capable": false,"Startup Cost": 172340.55,"Total Cost": 172482.24,"Plan Rows": 7,"Plan Width": 27,"Actual Startup Time": 382.549,"Actual Total Time": 383.291,"Actual Rows": 2,"Actual Loops": 5,"Group Key": ["lineitem.l_shipmode"],"Workers": [],"Plans": [{"Node Type": "Sort","Parent Relationship": "Outer","Parallel Aware": false,"Async Capable": false,"Startup Cost": 172340.55,"Total Cost": 172358.25,"Plan Rows": 7081,"Plan Width": 27,"Actual Startup Time": 381.796,"Actual Total Time": 382.053,"Actual Rows": 6191,"Actual Loops": 5,"Sort Key": ["lineitem.l_shipmode"],"Sort Method": "quicksort","Sort Space Used": 654,"Sort Space Type": "Memory","Workers": [{"Worker Number": 0,"Sort Method": "quicksort","Sort Space Used": 623,"Sort Space Type": "Memory"},{"Worker Number": 1,"Sort Method": "quicksort","Sort Space Used": 620,"Sort Space Type": "Memory"},{"Worker Number": 2,"Sort Method": "quicksort","Sort Space Used": 625,"Sort Space Type": "Memory"},{"Worker Number": 3,"Sort Method": "quicksort","Sort Space Used": 616,"Sort Space Type": "Memory"}],"Plans": [{"Node Type": "Nested Loop","Parent Relationship": "Outer","Parallel Aware": false,"Async Capable": false,"Join Type": "Inner","Startup Cost": 0.43,"Total Cost": 171887.73,"Plan Rows": 7081,"Plan Width": 27,"Actual Startup Time": 0.220,"Actual Total Time": 379.007,"Actual Rows": 6191,"Actual Loops": 5,"Inner Unique": true,"Workers": [],"Plans": [{"Node Type": "Seq Scan","Parent Relationship": "Outer","Parallel Aware": true,"Async Capable": false,"Relation Name": "lineitem","Alias": "lineitem","Startup Cost": 0.00,"Total Cost": 146259.83,"Plan Rows": 7081,"Plan Width": 15,"Actual Startup Time": 0.106,"Actual Total Time": 344.693,"Actual Rows": 6191,"Actual Loops": 5,"Filter": "((l_shipmode = ANY ('{SHIP,\"REG AIR\"}'::bpchar[])) AND (l_commitdate < l_receiptdate) AND (l_shipdate < l_commitdate) AND (l_receiptdate >= '1994-01-01'::date) AND (l_receiptdate < '1995-01-01 00:00:00'::timestamp without time zone))","Rows Removed by Filter": 1194052,"Workers": []},{"Node Type": "Index Scan","Parent Relationship": "Inner","Parallel Aware": false,"Async Capable": false,"Scan Direction": "Forward","Index Name": "orders_pkey","Relation Name": "orders","Alias": "orders","Startup Cost": 0.43,"Total Cost": 3.62,"Plan Rows": 1,"Plan Width": 20,"Actual Startup Time": 0.005,"Actual Total Time": 0.005,"Actual Rows": 1,"Actual Loops": 30953,"Index Cond": "(o_orderkey = lineitem.l_orderkey)","Rows Removed by Index Recheck": 0,"Workers": []}]}]}]}]}]},"Planning Time": 5.451,"Triggers": [],"Execution Time": 425.695}]
[{"Plan": {"Node Type": "Aggregate","Strategy": "Sorted","Partial Mode": "Finalize","Parallel Aware": false,"Async Capable": false,"Startup Cost": 173472.53,"Total Cost": 173619.04,"Plan Rows": 7,"Plan Width": 27,"Actual Startup Time": 397.720,"Actual Total Time": 431.222,"Actual Rows": 2,"Actual Loops": 1,"Group Key": ["lineitem.l_shipmode"],"Plans": [{"Node Type": "Gather Merge","Parent Relationship": "Outer","Parallel Aware": false,"Async Capable": false,"Startup Cost": 173472.53,"Total Cost": 173618.76,"Plan Rows": 28,"Plan Width": 27,"Actual Startup Time": 396.933,"Actual Total Time": 431.199,"Actual Rows": 10,"Actual Loops": 1,"Workers Planned": 4,"Workers Launched": 4,"Plans": [{"Node Type": "Aggregate","Strategy": "Sorted","Partial Mode": "Partial","Parent Relationship": "Outer","Parallel Aware": false,"Async Capable": false,"Startup Cost": 172472.48,"Total Cost": 172615.37,"Plan Rows": 7,"Plan Width": 27,"Actual Startup Time": 388.686,"Actual Total Time": 389.394,"Actual Rows": 2,"Actual Loops": 5,"Group Key": ["lineitem.l_shipmode"],"Workers": [],"Plans": [{"Node Type": "Sort","Parent Relationship": "Outer","Parallel Aware": false,"Async Capable": false,"Startup Cost": 172472.48,"Total Cost": 172490.33,"Plan Rows": 7141,"Plan Width": 27,"Actual Startup Time": 387.944,"Actual Total Time": 388.173,"Actual Rows": 6203,"Actual Loops": 5,"Sort Key": ["lineitem.l_shipmode"],"Sort Method": "quicksort","Sort Space Used": 646,"Sort Space Type": "Memory","Workers": [{"Worker Number": 0,"Sort Method": "quicksort","Sort Space Used": 628,"Sort Space Type": "Memory"},{"Worker Number": 1,"Sort Method": "quicksort","Sort Space Used": 629,"Sort Space Type": "Memory"},{"Worker Number": 2,"Sort Method": "quicksort","Sort Space Used": 610,"Sort Space Type": "Memory"},{"Worker Number": 3,"Sort Method": "quicksort","Sort Space Used": 630,"Sort Space Type": "Memory"}],"Plans": [{"Node Type": "Nested Loop","Parent Relationship": "Outer","Parallel Aware": false,"Async Capable": false,"Join Type": "Inner","Startup Cost": 0.43,"Total Cost": 172015.38,"Plan Rows": 7141,"Plan Width": 27,"Actual Startup Time": 0.223,"Actual Total Time": 385.086,"Actual Rows": 6203,"Actual Loops": 5,"Inner Unique": true,"Workers": [],"Plans": [{"Node Type": "Seq Scan","Parent Relationship": "Outer","Parallel Aware": true,"Async Capable": false,"Relation Name": "lineitem","Alias": "lineitem","Startup Cost": 0.00,"Total Cost": 146259.83,"Plan Rows": 7141,"Plan Width": 15,"Actual Startup Time": 0.112,"Actual Total Time": 350.208,"Actual Rows": 6203,"Actual Loops": 5,"Filter": "((l_shipmode = ANY ('{\"REG AIR\",MAIL}'::bpchar[])) AND (l_commitdate < l_receiptdate) AND (l_shipdate < l_commitdate) AND (l_receiptdate >= '1994-01-01'::date) AND (l_receiptdate < '1995-01-01 00:00:00'::timestamp without time zone))","Rows Removed by Filter": 1194040,"Workers": []},{"Node Type": "Index Scan","Parent Relationship": "Inner","Parallel Aware": false,"Async Capable": false,"Scan Direction": "Forward","Index Name": "orders_pkey","Relation Name": "orders","Alias": "orders","Startup Cost": 0.43,"Total Cost": 3.61,"Plan Rows": 1,"Plan Width": 20,"Actual Startup Time": 0.005,"Actual Total Time": 0.005,"Actual Rows": 1,"Actual Loops": 31017,"Index Cond": "(o_orderkey = lineitem.l_orderkey)","Rows Removed by Index Recheck": 0,"Workers": []}]}]}]}]}]},"Planning Time": 5.266,"Triggers": [],"Execution Time": 431.676}]
[{"Plan": {"Node Type": "Aggregate","Strategy": "Sorted","Partial Mode": "Finalize","Parallel Aware": false,"Async Capable": false,"Startup Cost": 173514.11,"Total Cost": 173661.00,"Plan Rows": 7,"Plan Width": 27,"Actual Startup Time": 396.038,"Actual Total Time": 428.821,"Actual Rows": 2,"Actual Loops": 1,"Group Key": ["lineitem.l_shipmode"],"Plans": [{"Node Type": "Gather Merge","Parent Relationship": "Outer","Parallel Aware": false,"Async Capable": false,"Startup Cost": 173514.11,"Total Cost": 173660.72,"Plan Rows": 28,"Plan Width": 27,"Actual Startup Time": 395.130,"Actual Total Time": 428.791,"Actual Rows": 10,"Actual Loops": 1,"Workers Planned": 4,"Workers Launched": 4,"Plans": [{"Node Type": "Aggregate","Strategy": "Sorted","Partial Mode": "Partial","Parent Relationship": "Outer","Parallel Aware": false,"Async Capable": false,"Startup Cost": 172514.05,"Total Cost": 172657.32,"Plan Rows": 7,"Plan Width": 27,"Actual Startup Time": 387.234,"Actual Total Time": 387.970,"Actual Rows": 2,"Actual Loops": 5,"Group Key": ["lineitem.l_shipmode"],"Workers": [],"Plans": [{"Node Type": "Sort","Parent Relationship": "Outer","Parallel Aware": false,"Async Capable": false,"Startup Cost": 172514.05,"Total Cost": 172531.95,"Plan Rows": 7160,"Plan Width": 27,"Actual Startup Time": 386.500,"Actual Total Time": 386.744,"Actual Rows": 6225,"Actual Loops": 5,"Sort Key": ["lineitem.l_shipmode"],"Sort Method": "quicksort","Sort Space Used": 639,"Sort Space Type": "Memory","Workers": [{"Worker Number": 0,"Sort Method": "quicksort","Sort Space Used": 625,"Sort Space Type": "Memory"},{"Worker Number": 1,"Sort Method": "quicksort","Sort Space Used": 620,"Sort Space Type": "Memory"},{"Worker Number": 2,"Sort Method": "quicksort","Sort Space Used": 630,"Sort Space Type": "Memory"},{"Worker Number": 3,"Sort Method": "quicksort","Sort Space Used": 637,"Sort Space Type": "Memory"}],"Plans": [{"Node Type": "Nested Loop","Parent Relationship": "Outer","Parallel Aware": false,"Async Capable": false,"Join Type": "Inner","Startup Cost": 0.43,"Total Cost": 172055.61,"Plan Rows": 7160,"Plan Width": 27,"Actual Startup Time": 0.285,"Actual Total Time": 383.693,"Actual Rows": 6225,"Actual Loops": 5,"Inner Unique": true,"Workers": [],"Plans": [{"Node Type": "Seq Scan","Parent Relationship": "Outer","Parallel Aware": true,"Async Capable": false,"Relation Name": "lineitem","Alias": "lineitem","Startup Cost": 0.00,"Total Cost": 146259.83,"Plan Rows": 7160,"Plan Width": 15,"Actual Startup Time": 0.181,"Actual Total Time": 349.496,"Actual Rows": 6225,"Actual Loops": 5,"Filter": "((l_shipmode = ANY ('{\"REG AIR\",AIR}'::bpchar[])) AND (l_commitdate < l_receiptdate) AND (l_shipdate < l_commitdate) AND (l_receiptdate >= '1997-01-01'::date) AND (l_receiptdate < '1998-01-01 00:00:00'::timestamp without time zone))","Rows Removed by Filter": 1194018,"Workers": []},{"Node Type": "Index Scan","Parent Relationship": "Inner","Parallel Aware": false,"Async Capable": false,"Scan Direction": "Forward","Index Name": "orders_pkey","Relation Name": "orders","Alias": "orders","Startup Cost": 0.43,"Total Cost": 3.60,"Plan Rows": 1,"Plan Width": 20,"Actual Startup Time": 0.005,"Actual Total Time": 0.005,"Actual Rows": 1,"Actual Loops": 31125,"Index Cond": "(o_orderkey = lineitem.l_orderkey)","Rows Removed by Index Recheck": 0,"Workers": []}]}]}]}]}]},"Planning Time": 4.669,"Triggers": [],"Execution Time": 429.212}]
[{"Plan": {"Node Type": "Aggregate","Strategy": "Sorted","Partial Mode": "Finalize","Parallel Aware": false,"Async Capable": false,"Startup Cost": 173588.01,"Total Cost": 173735.58,"Plan Rows": 7,"Plan Width": 27,"Actual Startup Time": 407.195,"Actual Total Time": 441.033,"Actual Rows": 2,"Actual Loops": 1,"Group Key": ["lineitem.l_shipmode"],"Plans": [{"Node Type": "Gather Merge","Parent Relationship": "Outer","Parallel Aware": false,"Async Capable": false,"Startup Cost": 173588.01,"Total Cost": 173735.30,"Plan Rows": 28,"Plan Width": 27,"Actual Startup Time": 406.382,"Actual Total Time": 440.991,"Actual Rows": 10,"Actual Loops": 1,"Workers Planned": 4,"Workers Launched": 4,"Plans": [{"Node Type": "Aggregate","Strategy": "Sorted","Partial Mode": "Partial","Parent Relationship": "Outer","Parallel Aware": false,"Async Capable": false,"Startup Cost": 172587.95,"Total Cost": 172731.90,"Plan Rows": 7,"Plan Width": 27,"Actual Startup Time": 397.236,"Actual Total Time": 398.009,"Actual Rows": 2,"Actual Loops": 5,"Group Key": ["lineitem.l_shipmode"],"Workers": [],"Plans": [{"Node Type": "Sort","Parent Relationship": "Outer","Parallel Aware": false,"Async Capable": false,"Startup Cost": 172587.95,"Total Cost": 172605.94,"Plan Rows": 7194,"Plan Width": 27,"Actual Startup Time": 396.464,"Actual Total Time": 396.746,"Actual Rows": 6236,"Actual Loops": 5,"Sort Key": ["lineitem.l_shipmode"],"Sort Method": "quicksort","Sort Space Used": 625,"Sort Space Type": "Memory","Workers": [{"Worker Number": 0,"Sort Method": "quicksort","Sort Space Used": 636,"Sort Space Type": "Memory"},{"Worker Number": 1,"Sort Method": "quicksort","Sort Space Used": 623,"Sort Space Type": "Memory"},{"Worker Number": 2,"Sort Method": "quicksort","Sort Space Used": 632,"Sort Space Type": "Memory"},{"Worker Number": 3,"Sort Method": "quicksort","Sort Space Used": 639,"Sort Space Type": "Memory"}],"Plans": [{"Node Type": "Nested Loop","Parent Relationship": "Outer","Parallel Aware": false,"Async Capable": false,"Join Type": "Inner","Startup Cost": 0.43,"Total Cost": 172127.08,"Plan Rows": 7194,"Plan Width": 27,"Actual Startup Time": 0.427,"Actual Total Time": 393.491,"Actual Rows": 6236,"Actual Loops": 5,"Inner Unique": true,"Workers": [],"Plans": [{"Node Type": "Seq Scan","Parent Relationship": "Outer","Parallel Aware": true,"Async Capable": false,"Relation Name": "lineitem","Alias": "lineitem","Startup Cost": 0.00,"Total Cost": 146259.83,"Plan Rows": 7194,"Plan Width": 15,"Actual Startup Time": 0.293,"Actual Total Time": 357.290,"Actual Rows": 6236,"Actual Loops": 5,"Filter": "((l_shipmode = ANY ('{\"REG AIR\",RAIL}'::bpchar[])) AND (l_commitdate < l_receiptdate) AND (l_shipdate < l_commitdate) AND (l_receiptdate >= '1996-01-01'::date) AND (l_receiptdate < '1997-01-01 00:00:00'::timestamp without time zone))","Rows Removed by Filter": 1194007,"Workers": []},{"Node Type": "Index Scan","Parent Relationship": "Inner","Parallel Aware": false,"Async Capable": false,"Scan Direction": "Forward","Index Name": "orders_pkey","Relation Name": "orders","Alias": "orders","Startup Cost": 0.43,"Total Cost": 3.60,"Plan Rows": 1,"Plan Width": 20,"Actual Startup Time": 0.005,"Actual Total Time": 0.005,"Actual Rows": 1,"Actual Loops": 31179,"Index Cond": "(o_orderkey = lineitem.l_orderkey)","Rows Removed by Index Recheck": 0,"Workers": []}]}]}]}]}]},"Planning Time": 5.509,"Triggers": [],"Execution Time": 441.490}]
[{"Plan": {"Node Type": "Aggregate","Strategy": "Sorted","Partial Mode": "Finalize","Parallel Aware": false,"Async Capable": false,"Startup Cost": 174124.77,"Total Cost": 174277.29,"Plan Rows": 7,"Plan Width": 27,"Actual Startup Time": 403.292,"Actual Total Time": 437.213,"Actual Rows": 2,"Actual Loops": 1,"Group Key": ["lineitem.l_shipmode"],"Plans": [{"Node Type": "Gather Merge","Parent Relationship": "Outer","Parallel Aware": false,"Async Capable": false,"Startup Cost": 174124.77,"Total Cost": 174277.01,"Plan Rows": 28,"Plan Width": 27,"Actual Startup Time": 402.502,"Actual Total Time": 437.177,"Actual Rows": 10,"Actual Loops": 1,"Workers Planned": 4,"Workers Launched": 4,"Plans": [{"Node Type": "Aggregate","Strategy": "Sorted","Partial Mode": "Partial","Parent Relationship": "Outer","Parallel Aware": false,"Async Capable": false,"Startup Cost": 173124.71,"Total Cost": 173273.62,"Plan Rows": 7,"Plan Width": 27,"Actual Startup Time": 394.330,"Actual Total Time": 395.064,"Actual Rows": 2,"Actual Loops": 5,"Group Key": ["lineitem.l_shipmode"],"Workers": [],"Plans": [{"Node Type": "Sort","Parent Relationship": "Outer","Parallel Aware": false,"Async Capable": false,"Startup Cost": 173124.71,"Total Cost": 173143.31,"Plan Rows": 7442,"Plan Width": 27,"Actual Startup Time": 393.577,"Actual Total Time": 393.825,"Actual Rows": 6190,"Actual Loops": 5,"Sort Key": ["lineitem.l_shipmode"],"Sort Method": "quicksort","Sort Space Used": 625,"Sort Space Type": "Memory","Workers": [{"Worker Number": 0,"Sort Method": "quicksort","Sort Space Used": 635,"Sort Space Type": "Memory"},{"Worker Number": 1,"Sort Method": "quicksort","Sort Space Used": 634,"Sort Space Type": "Memory"},{"Worker Number": 2,"Sort Method": "quicksort","Sort Space Used": 621,"Sort Space Type": "Memory"},{"Worker Number": 3,"Sort Method": "quicksort","Sort Space Used": 624,"Sort Space Type": "Memory"}],"Plans": [{"Node Type": "Nested Loop","Parent Relationship": "Outer","Parallel Aware": false,"Async Capable": false,"Join Type": "Inner","Startup Cost": 0.43,"Total Cost": 172646.13,"Plan Rows": 7442,"Plan Width": 27,"Actual Startup Time": 0.376,"Actual Total Time": 390.721,"Actual Rows": 6190,"Actual Loops": 5,"Inner Unique": true,"Workers": [],"Plans": [{"Node Type": "Seq Scan","Parent Relationship": "Outer","Parallel Aware": true,"Async Capable": false,"Relation Name": "lineitem","Alias": "lineitem","Startup Cost": 0.00,"Total Cost": 146259.83,"Plan Rows": 7443,"Plan Width": 15,"Actual Startup Time": 0.267,"Actual Total Time": 355.399,"Actual Rows": 6190,"Actual Loops": 5,"Filter": "((l_shipmode = ANY ('{RAIL,MAIL}'::bpchar[])) AND (l_commitdate < l_receiptdate) AND (l_shipdate < l_commitdate) AND (l_receiptdate >= '1995-01-01'::date) AND (l_receiptdate < '1996-01-01 00:00:00'::timestamp without time zone))","Rows Removed by Filter": 1194053,"Workers": []},{"Node Type": "Index Scan","Parent Relationship": "Inner","Parallel Aware": false,"Async Capable": false,"Scan Direction": "Forward","Index Name": "orders_pkey","Relation Name": "orders","Alias": "orders","Startup Cost": 0.43,"Total Cost": 3.55,"Plan Rows": 1,"Plan Width": 20,"Actual Startup Time": 0.005,"Actual Total Time": 0.005,"Actual Rows": 1,"Actual Loops": 30952,"Index Cond": "(o_orderkey = lineitem.l_orderkey)","Rows Removed by Index Recheck": 0,"Workers": []}]}]}]}]}]},"Planning Time": 4.351,"Triggers": [],"Execution Time": 437.830}]
[{"Plan": {"Node Type": "Aggregate","Strategy": "Sorted","Partial Mode": "Finalize","Parallel Aware": false,"Async Capable": false,"Startup Cost": 174047.55,"Total Cost": 174199.38,"Plan Rows": 7,"Plan Width": 27,"Actual Startup Time": 397.980,"Actual Total Time": 432.253,"Actual Rows": 2,"Actual Loops": 1,"Group Key": ["lineitem.l_shipmode"],"Plans": [{"Node Type": "Gather Merge","Parent Relationship": "Outer","Parallel Aware": false,"Async Capable": false,"Startup Cost": 174047.55,"Total Cost": 174199.10,"Plan Rows": 28,"Plan Width": 27,"Actual Startup Time": 397.153,"Actual Total Time": 432.223,"Actual Rows": 10,"Actual Loops": 1,"Workers Planned": 4,"Workers Launched": 4,"Plans": [{"Node Type": "Aggregate","Strategy": "Sorted","Partial Mode": "Partial","Parent Relationship": "Outer","Parallel Aware": false,"Async Capable": false,"Startup Cost": 173047.49,"Total Cost": 173195.70,"Plan Rows": 7,"Plan Width": 27,"Actual Startup Time": 388.821,"Actual Total Time": 389.550,"Actual Rows": 2,"Actual Loops": 5,"Group Key": ["lineitem.l_shipmode"],"Workers": [],"Plans": [{"Node Type": "Sort","Parent Relationship": "Outer","Parallel Aware": false,"Async Capable": false,"Startup Cost": 173047.49,"Total Cost": 173066.01,"Plan Rows": 7407,"Plan Width": 27,"Actual Startup Time": 388.050,"Actual Total Time": 388.302,"Actual Rows": 6182,"Actual Loops": 5,"Sort Key": ["lineitem.l_shipmode"],"Sort Method": "quicksort","Sort Space Used": 642,"Sort Space Type": "Memory","Workers": [{"Worker Number": 0,"Sort Method": "quicksort","Sort Space Used": 614,"Sort Space Type": "Memory"},{"Worker Number": 1,"Sort Method": "quicksort","Sort Space Used": 626,"Sort Space Type": "Memory"},{"Worker Number": 2,"Sort Method": "quicksort","Sort Space Used": 612,"Sort Space Type": "Memory"},{"Worker Number": 3,"Sort Method": "quicksort","Sort Space Used": 642,"Sort Space Type": "Memory"}],"Plans": [{"Node Type": "Nested Loop","Parent Relationship": "Outer","Parallel Aware": false,"Async Capable": false,"Join Type": "Inner","Startup Cost": 0.43,"Total Cost": 172571.42,"Plan Rows": 7407,"Plan Width": 27,"Actual Startup Time": 0.315,"Actual Total Time": 385.266,"Actual Rows": 6182,"Actual Loops": 5,"Inner Unique": true,"Workers": [],"Plans": [{"Node Type": "Seq Scan","Parent Relationship": "Outer","Parallel Aware": true,"Async Capable": false,"Relation Name": "lineitem","Alias": "lineitem","Startup Cost": 0.00,"Total Cost": 146259.83,"Plan Rows": 7407,"Plan Width": 15,"Actual Startup Time": 0.195,"Actual Total Time": 351.170,"Actual Rows": 6182,"Actual Loops": 5,"Filter": "((l_shipmode = ANY ('{SHIP,MAIL}'::bpchar[])) AND (l_commitdate < l_receiptdate) AND (l_shipdate < l_commitdate) AND (l_receiptdate >= '1995-01-01'::date) AND (l_receiptdate < '1996-01-01 00:00:00'::timestamp without time zone))","Rows Removed by Filter": 1194061,"Workers": []},{"Node Type": "Index Scan","Parent Relationship": "Inner","Parallel Aware": false,"Async Capable": false,"Scan Direction": "Forward","Index Name": "orders_pkey","Relation Name": "orders","Alias": "orders","Startup Cost": 0.43,"Total Cost": 3.55,"Plan Rows": 1,"Plan Width": 20,"Actual Startup Time": 0.005,"Actual Total Time": 0.005,"Actual Rows": 1,"Actual Loops": 30911,"Index Cond": "(o_orderkey = lineitem.l_orderkey)","Rows Removed by Index Recheck": 0,"Workers": []}]}]}]}]}]},"Planning Time": 4.378,"Triggers": [],"Execution Time": 432.682}]
[{"Plan": {"Node Type": "Aggregate","Strategy": "Sorted","Partial Mode": "Finalize","Parallel Aware": false,"Async Capable": false,"Startup Cost": 173572.70,"Total Cost": 173720.11,"Plan Rows": 7,"Plan Width": 27,"Actual Startup Time": 401.102,"Actual Total Time": 434.430,"Actual Rows": 2,"Actual Loops": 1,"Group Key": ["lineitem.l_shipmode"],"Plans": [{"Node Type": "Gather Merge","Parent Relationship": "Outer","Parallel Aware": false,"Async Capable": false,"Startup Cost": 173572.70,"Total Cost": 173719.83,"Plan Rows": 28,"Plan Width": 27,"Actual Startup Time": 400.252,"Actual Total Time": 434.388,"Actual Rows": 10,"Actual Loops": 1,"Workers Planned": 4,"Workers Launched": 4,"Plans": [{"Node Type": "Aggregate","Strategy": "Sorted","Partial Mode": "Partial","Parent Relationship": "Outer","Parallel Aware": false,"Async Capable": false,"Startup Cost": 172572.64,"Total Cost": 172716.43,"Plan Rows": 7,"Plan Width": 27,"Actual Startup Time": 391.949,"Actual Total Time": 392.684,"Actual Rows": 2,"Actual Loops": 5,"Group Key": ["lineitem.l_shipmode"],"Workers": [],"Plans": [{"Node Type": "Sort","Parent Relationship": "Outer","Parallel Aware": false,"Async Capable": false,"Startup Cost": 172572.64,"Total Cost": 172590.61,"Plan Rows": 7186,"Plan Width": 27,"Actual Startup Time": 391.195,"Actual Total Time": 391.431,"Actual Rows": 6224,"Actual Loops": 5,"Sort Key": ["lineitem.l_shipmode"],"Sort Method": "quicksort","Sort Space Used": 636,"Sort Space Type": "Memory","Workers": [{"Worker Number": 0,"Sort Method": "quicksort","Sort Space Used": 636,"Sort Space Type": "Memory"},{"Worker Number": 1,"Sort Method": "quicksort","Sort Space Used": 632,"Sort Space Type": "Memory"},{"Worker Number": 2,"Sort Method": "quicksort","Sort Space Used": 631,"Sort Space Type": "Memory"},{"Worker Number": 3,"Sort Method": "quicksort","Sort Space Used": 616,"Sort Space Type": "Memory"}],"Plans": [{"Node Type": "Nested Loop","Parent Relationship": "Outer","Parallel Aware": false,"Async Capable": false,"Join Type": "Inner","Startup Cost": 0.43,"Total Cost": 172112.34,"Plan Rows": 7186,"Plan Width": 27,"Actual Startup Time": 0.352,"Actual Total Time": 388.411,"Actual Rows": 6224,"Actual Loops": 5,"Inner Unique": true,"Workers": [],"Plans": [{"Node Type": "Seq Scan","Parent Relationship": "Outer","Parallel Aware": true,"Async Capable": false,"Relation Name": "lineitem","Alias": "lineitem","Startup Cost": 0.00,"Total Cost": 146259.83,"Plan Rows": 7187,"Plan Width": 15,"Actual Startup Time": 0.223,"Actual Total Time": 353.827,"Actual Rows": 6224,"Actual Loops": 5,"Filter": "((l_shipmode = ANY ('{RAIL,FOB}'::bpchar[])) AND (l_commitdate < l_receiptdate) AND (l_shipdate < l_commitdate) AND (l_receiptdate >= '1994-01-01'::date) AND (l_receiptdate < '1995-01-01 00:00:00'::timestamp without time zone))","Rows Removed by Filter": 1194019,"Workers": []},{"Node Type": "Index Scan","Parent Relationship": "Inner","Parallel Aware": false,"Async Capable": false,"Scan Direction": "Forward","Index Name": "orders_pkey","Relation Name": "orders","Alias": "orders","Startup Cost": 0.43,"Total Cost": 3.60,"Plan Rows": 1,"Plan Width": 20,"Actual Startup Time": 0.005,"Actual Total Time": 0.005,"Actual Rows": 1,"Actual Loops": 31118,"Index Cond": "(o_orderkey = lineitem.l_orderkey)","Rows Removed by Index Recheck": 0,"Workers": []}]}]}]}]}]},"Planning Time": 4.510,"Triggers": [],"Execution Time": 434.908}]
[{"Plan": {"Node Type": "Aggregate","Strategy": "Sorted","Partial Mode": "Finalize","Parallel Aware": false,"Async Capable": false,"Startup Cost": 174077.29,"Total Cost": 174229.40,"Plan Rows": 7,"Plan Width": 27,"Actual Startup Time": 390.385,"Actual Total Time": 423.821,"Actual Rows": 2,"Actual Loops": 1,"Group Key": ["lineitem.l_shipmode"],"Plans": [{"Node Type": "Gather Merge","Parent Relationship": "Outer","Parallel Aware": false,"Async Capable": false,"Startup Cost": 174077.29,"Total Cost": 174229.12,"Plan Rows": 28,"Plan Width": 27,"Actual Startup Time": 389.548,"Actual Total Time": 423.789,"Actual Rows": 10,"Actual Loops": 1,"Workers Planned": 4,"Workers Launched": 4,"Plans": [{"Node Type": "Aggregate","Strategy": "Sorted","Partial Mode": "Partial","Parent Relationship": "Outer","Parallel Aware": false,"Async Capable": false,"Startup Cost": 173077.23,"Total Cost": 173225.72,"Plan Rows": 7,"Plan Width": 27,"Actual Startup Time": 381.304,"Actual Total Time": 382.027,"Actual Rows": 2,"Actual Loops": 5,"Group Key": ["lineitem.l_shipmode"],"Workers": [],"Plans": [{"Node Type": "Sort","Parent Relationship": "Outer","Parallel Aware": false,"Async Capable": false,"Startup Cost": 173077.23,"Total Cost": 173095.79,"Plan Rows": 7421,"Plan Width": 27,"Actual Startup Time": 380.548,"Actual Total Time": 380.796,"Actual Rows": 6244,"Actual Loops": 5,"Sort Key": ["lineitem.l_shipmode"],"Sort Method": "quicksort","Sort Space Used": 653,"Sort Space Type": "Memory","Workers": [{"Worker Number": 0,"Sort Method": "quicksort","Sort Space Used": 621,"Sort Space Type": "Memory"},{"Worker Number": 1,"Sort Method": "quicksort","Sort Space Used": 616,"Sort Space Type": "Memory"},{"Worker Number": 2,"Sort Method": "quicksort","Sort Space Used": 635,"Sort Space Type": "Memory"},{"Worker Number": 3,"Sort Method": "quicksort","Sort Space Used": 632,"Sort Space Type": "Memory"}],"Plans": [{"Node Type": "Nested Loop","Parent Relationship": "Outer","Parallel Aware": false,"Async Capable": false,"Join Type": "Inner","Startup Cost": 0.43,"Total Cost": 172600.16,"Plan Rows": 7421,"Plan Width": 27,"Actual Startup Time": 0.300,"Actual Total Time": 377.715,"Actual Rows": 6244,"Actual Loops": 5,"Inner Unique": true,"Workers": [],"Plans": [{"Node Type": "Seq Scan","Parent Relationship": "Outer","Parallel Aware": true,"Async Capable": false,"Relation Name": "lineitem","Alias": "lineitem","Startup Cost": 0.00,"Total Cost": 146259.83,"Plan Rows": 7421,"Plan Width": 15,"Actual Startup Time": 0.182,"Actual Total Time": 343.549,"Actual Rows": 6244,"Actual Loops": 5,"Filter": "((l_shipmode = ANY ('{\"REG AIR\",FOB}'::bpchar[])) AND (l_commitdate < l_receiptdate) AND (l_shipdate < l_commitdate) AND (l_receiptdate >= '1995-01-01'::date) AND (l_receiptdate < '1996-01-01 00:00:00'::timestamp without time zone))","Rows Removed by Filter": 1193999,"Workers": []},{"Node Type": "Index Scan","Parent Relationship": "Inner","Parallel Aware": false,"Async Capable": false,"Scan Direction": "Forward","Index Name": "orders_pkey","Relation Name": "orders","Alias": "orders","Startup Cost": 0.43,"Total Cost": 3.55,"Plan Rows": 1,"Plan Width": 20,"Actual Startup Time": 0.005,"Actual Total Time": 0.005,"Actual Rows": 1,"Actual Loops": 31218,"Index Cond": "(o_orderkey = lineitem.l_orderkey)","Rows Removed by Index Recheck": 0,"Workers": []}]}]}]}]}]},"Planning Time": 5.215,"Triggers": [],"Execution Time": 424.632}]
[{"Plan": {"Node Type": "Aggregate","Strategy": "Sorted","Partial Mode": "Finalize","Parallel Aware": false,"Async Capable": false,"Startup Cost": 173814.86,"Total Cost": 173964.52,"Plan Rows": 7,"Plan Width": 27,"Actual Startup Time": 391.992,"Actual Total Time": 424.555,"Actual Rows": 2,"Actual Loops": 1,"Group Key": ["lineitem.l_shipmode"],"Plans": [{"Node Type": "Gather Merge","Parent Relationship": "Outer","Parallel Aware": false,"Async Capable": false,"Startup Cost": 173814.86,"Total Cost": 173964.24,"Plan Rows": 28,"Plan Width": 27,"Actual Startup Time": 391.121,"Actual Total Time": 424.521,"Actual Rows": 10,"Actual Loops": 1,"Workers Planned": 4,"Workers Launched": 4,"Plans": [{"Node Type": "Aggregate","Strategy": "Sorted","Partial Mode": "Partial","Parent Relationship": "Outer","Parallel Aware": false,"Async Capable": false,"Startup Cost": 172814.80,"Total Cost": 172960.85,"Plan Rows": 7,"Plan Width": 27,"Actual Startup Time": 382.847,"Actual Total Time": 383.578,"Actual Rows": 2,"Actual Loops": 5,"Group Key": ["lineitem.l_shipmode"],"Workers": [],"Plans": [{"Node Type": "Sort","Parent Relationship": "Outer","Parallel Aware": false,"Async Capable": false,"Startup Cost": 172814.80,"Total Cost": 172833.04,"Plan Rows": 7299,"Plan Width": 27,"Actual Startup Time": 382.105,"Actual Total Time": 382.349,"Actual Rows": 6170,"Actual Loops": 5,"Sort Key": ["lineitem.l_shipmode"],"Sort Method": "quicksort","Sort Space Used": 642,"Sort Space Type": "Memory","Workers": [{"Worker Number": 0,"Sort Method": "quicksort","Sort Space Used": 634,"Sort Space Type": "Memory"},{"Worker Number": 1,"Sort Method": "quicksort","Sort Space Used": 616,"Sort Space Type": "Memory"},{"Worker Number": 2,"Sort Method": "quicksort","Sort Space Used": 627,"Sort Space Type": "Memory"},{"Worker Number": 3,"Sort Method": "quicksort","Sort Space Used": 612,"Sort Space Type": "Memory"}],"Plans": [{"Node Type": "Nested Loop","Parent Relationship": "Outer","Parallel Aware": false,"Async Capable": false,"Join Type": "Inner","Startup Cost": 0.43,"Total Cost": 172346.44,"Plan Rows": 7299,"Plan Width": 27,"Actual Startup Time": 0.313,"Actual Total Time": 379.268,"Actual Rows": 6170,"Actual Loops": 5,"Inner Unique": true,"Workers": [],"Plans": [{"Node Type": "Seq Scan","Parent Relationship": "Outer","Parallel Aware": true,"Async Capable": false,"Relation Name": "lineitem","Alias": "lineitem","Startup Cost": 0.00,"Total Cost": 146259.83,"Plan Rows": 7299,"Plan Width": 15,"Actual Startup Time": 0.197,"Actual Total Time": 345.259,"Actual Rows": 6170,"Actual Loops": 5,"Filter": "((l_shipmode = ANY ('{TRUCK,\"REG AIR\"}'::bpchar[])) AND (l_commitdate < l_receiptdate) AND (l_shipdate < l_commitdate) AND (l_receiptdate >= '1993-01-01'::date) AND (l_receiptdate < '1994-01-01 00:00:00'::timestamp without time zone))","Rows Removed by Filter": 1194073,"Workers": []},{"Node Type": "Index Scan","Parent Relationship": "Inner","Parallel Aware": false,"Async Capable": false,"Scan Direction": "Forward","Index Name": "orders_pkey","Relation Name": "orders","Alias": "orders","Startup Cost": 0.43,"Total Cost": 3.57,"Plan Rows": 1,"Plan Width": 20,"Actual Startup Time": 0.005,"Actual Total Time": 0.005,"Actual Rows": 1,"Actual Loops": 30849,"Index Cond": "(o_orderkey = lineitem.l_orderkey)","Rows Removed by Index Recheck": 0,"Workers": []}]}]}]}]}]},"Planning Time": 4.778,"Triggers": [],"Execution Time": 425.057}]
[{"Plan": {"Node Type": "Aggregate","Strategy": "Sorted","Partial Mode": "Finalize","Parallel Aware": false,"Async Capable": false,"Startup Cost": 173861.35,"Total Cost": 174011.44,"Plan Rows": 7,"Plan Width": 27,"Actual Startup Time": 398.943,"Actual Total Time": 431.819,"Actual Rows": 2,"Actual Loops": 1,"Group Key": ["lineitem.l_shipmode"],"Plans": [{"Node Type": "Gather Merge","Parent Relationship": "Outer","Parallel Aware": false,"Async Capable": false,"Startup Cost": 173861.35,"Total Cost": 174011.16,"Plan Rows": 28,"Plan Width": 27,"Actual Startup Time": 398.097,"Actual Total Time": 431.775,"Actual Rows": 10,"Actual Loops": 1,"Workers Planned": 4,"Workers Launched": 4,"Plans": [{"Node Type": "Aggregate","Strategy": "Sorted","Partial Mode": "Partial","Parent Relationship": "Outer","Parallel Aware": false,"Async Capable": false,"Startup Cost": 172861.29,"Total Cost": 173007.76,"Plan Rows": 7,"Plan Width": 27,"Actual Startup Time": 389.633,"Actual Total Time": 390.388,"Actual Rows": 2,"Actual Loops": 5,"Group Key": ["lineitem.l_shipmode"],"Workers": [],"Plans": [{"Node Type": "Sort","Parent Relationship": "Outer","Parallel Aware": false,"Async Capable": false,"Startup Cost": 172861.29,"Total Cost": 172879.59,"Plan Rows": 7320,"Plan Width": 27,"Actual Startup Time": 388.890,"Actual Total Time": 389.143,"Actual Rows": 6227,"Actual Loops": 5,"Sort Key": ["lineitem.l_shipmode"],"Sort Method": "quicksort","Sort Space Used": 637,"Sort Space Type": "Memory","Workers": [{"Worker Number": 0,"Sort Method": "quicksort","Sort Space Used": 634,"Sort Space Type": "Memory"},{"Worker Number": 1,"Sort Method": "quicksort","Sort Space Used": 619,"Sort Space Type": "Memory"},{"Worker Number": 2,"Sort Method": "quicksort","Sort Space Used": 627,"Sort Space Type": "Memory"},{"Worker Number": 3,"Sort Method": "quicksort","Sort Space Used": 635,"Sort Space Type": "Memory"}],"Plans": [{"Node Type": "Nested Loop","Parent Relationship": "Outer","Parallel Aware": false,"Async Capable": false,"Join Type": "Inner","Startup Cost": 0.43,"Total Cost": 172391.43,"Plan Rows": 7320,"Plan Width": 27,"Actual Startup Time": 0.336,"Actual Total Time": 386.071,"Actual Rows": 6227,"Actual Loops": 5,"Inner Unique": true,"Workers": [],"Plans": [{"Node Type": "Seq Scan","Parent Relationship": "Outer","Parallel Aware": true,"Async Capable": false,"Relation Name": "lineitem","Alias": "lineitem","Startup Cost": 0.00,"Total Cost": 146259.83,"Plan Rows": 7320,"Plan Width": 15,"Actual Startup Time": 0.224,"Actual Total Time": 351.712,"Actual Rows": 6227,"Actual Loops": 5,"Filter": "((l_shipmode = ANY ('{FOB,SHIP}'::bpchar[])) AND (l_commitdate < l_receiptdate) AND (l_shipdate < l_commitdate) AND (l_receiptdate >= '1993-01-01'::date) AND (l_receiptdate < '1994-01-01 00:00:00'::timestamp without time zone))","Rows Removed by Filter": 1194016,"Workers": []},{"Node Type": "Index Scan","Parent Relationship": "Inner","Parallel Aware": false,"Async Capable": false,"Scan Direction": "Forward","Index Name": "orders_pkey","Relation Name": "orders","Alias": "orders","Startup Cost": 0.43,"Total Cost": 3.57,"Plan Rows": 1,"Plan Width": 20,"Actual Startup Time": 0.005,"Actual Total Time": 0.005,"Actual Rows": 1,"Actual Loops": 31133,"Index Cond": "(o_orderkey = lineitem.l_orderkey)","Rows Removed by Index Recheck": 0,"Workers": []}]}]}]}]}]},"Planning Time": 4.522,"Triggers": [],"Execution Time": 432.317}]
[{"Plan": {"Node Type": "Aggregate","Strategy": "Sorted","Partial Mode": "Finalize","Parallel Aware": false,"Async Capable": false,"Startup Cost": 173526.42,"Total Cost": 173673.43,"Plan Rows": 7,"Plan Width": 27,"Actual Startup Time": 394.308,"Actual Total Time": 427.202,"Actual Rows": 2,"Actual Loops": 1,"Group Key": ["lineitem.l_shipmode"],"Plans": [{"Node Type": "Gather Merge","Parent Relationship": "Outer","Parallel Aware": false,"Async Capable": false,"Startup Cost": 173526.42,"Total Cost": 173673.15,"Plan Rows": 28,"Plan Width": 27,"Actual Startup Time": 393.444,"Actual Total Time": 427.159,"Actual Rows": 10,"Actual Loops": 1,"Workers Planned": 4,"Workers Launched": 4,"Plans": [{"Node Type": "Aggregate","Strategy": "Sorted","Partial Mode": "Partial","Parent Relationship": "Outer","Parallel Aware": false,"Async Capable": false,"Startup Cost": 172526.36,"Total Cost": 172669.75,"Plan Rows": 7,"Plan Width": 27,"Actual Startup Time": 385.086,"Actual Total Time": 385.829,"Actual Rows": 2,"Actual Loops": 5,"Group Key": ["lineitem.l_shipmode"],"Workers": [],"Plans": [{"Node Type": "Sort","Parent Relationship": "Outer","Parallel Aware": false,"Async Capable": false,"Startup Cost": 172526.36,"Total Cost": 172544.28,"Plan Rows": 7166,"Plan Width": 27,"Actual Startup Time": 384.330,"Actual Total Time": 384.584,"Actual Rows": 6211,"Actual Loops": 5,"Sort Key": ["lineitem.l_shipmode"],"Sort Method": "quicksort","Sort Space Used": 644,"Sort Space Type": "Memory","Workers": [{"Worker Number": 0,"Sort Method": "quicksort","Sort Space Used": 625,"Sort Space Type": "Memory"},{"Worker Number": 1,"Sort Method": "quicksort","Sort Space Used": 633,"Sort Space Type": "Memory"},{"Worker Number": 2,"Sort Method": "quicksort","Sort Space Used": 636,"Sort Space Type": "Memory"},{"Worker Number": 3,"Sort Method": "quicksort","Sort Space Used": 608,"Sort Space Type": "Memory"}],"Plans": [{"Node Type": "Nested Loop","Parent Relationship": "Outer","Parallel Aware": false,"Async Capable": false,"Join Type": "Inner","Startup Cost": 0.43,"Total Cost": 172067.49,"Plan Rows": 7166,"Plan Width": 27,"Actual Startup Time": 0.200,"Actual Total Time": 381.468,"Actual Rows": 6211,"Actual Loops": 5,"Inner Unique": true,"Workers": [],"Plans": [{"Node Type": "Seq Scan","Parent Relationship": "Outer","Parallel Aware": true,"Async Capable": false,"Relation Name": "lineitem","Alias": "lineitem","Startup Cost": 0.00,"Total Cost": 146259.83,"Plan Rows": 7166,"Plan Width": 15,"Actual Startup Time": 0.079,"Actual Total Time": 347.257,"Actual Rows": 6211,"Actual Loops": 5,"Filter": "((l_shipmode = ANY ('{TRUCK,RAIL}'::bpchar[])) AND (l_commitdate < l_receiptdate) AND (l_shipdate < l_commitdate) AND (l_receiptdate >= '1994-01-01'::date) AND (l_receiptdate < '1995-01-01 00:00:00'::timestamp without time zone))","Rows Removed by Filter": 1194032,"Workers": []},{"Node Type": "Index Scan","Parent Relationship": "Inner","Parallel Aware": false,"Async Capable": false,"Scan Direction": "Forward","Index Name": "orders_pkey","Relation Name": "orders","Alias": "orders","Startup Cost": 0.43,"Total Cost": 3.60,"Plan Rows": 1,"Plan Width": 20,"Actual Startup Time": 0.005,"Actual Total Time": 0.005,"Actual Rows": 1,"Actual Loops": 31054,"Index Cond": "(o_orderkey = lineitem.l_orderkey)","Rows Removed by Index Recheck": 0,"Workers": []}]}]}]}]}]},"Planning Time": 4.431,"Triggers": [],"Execution Time": 427.680}]
[{"Plan": {"Node Type": "Aggregate","Strategy": "Sorted","Partial Mode": "Finalize","Parallel Aware": false,"Async Capable": false,"Startup Cost": 173428.22,"Total Cost": 173574.33,"Plan Rows": 7,"Plan Width": 27,"Actual Startup Time": 398.574,"Actual Total Time": 431.671,"Actual Rows": 2,"Actual Loops": 1,"Group Key": ["lineitem.l_shipmode"],"Plans": [{"Node Type": "Gather Merge","Parent Relationship": "Outer","Parallel Aware": false,"Async Capable": false,"Startup Cost": 173428.22,"Total Cost": 173574.05,"Plan Rows": 28,"Plan Width": 27,"Actual Startup Time": 397.659,"Actual Total Time": 431.639,"Actual Rows": 10,"Actual Loops": 1,"Workers Planned": 4,"Workers Launched": 4,"Plans": [{"Node Type": "Aggregate","Strategy": "Sorted","Partial Mode": "Partial","Parent Relationship": "Outer","Parallel Aware": false,"Async Capable": false,"Startup Cost": 172428.17,"Total Cost": 172570.66,"Plan Rows": 7,"Plan Width": 27,"Actual Startup Time": 389.769,"Actual Total Time": 390.523,"Actual Rows": 2,"Actual Loops": 5,"Group Key": ["lineitem.l_shipmode"],"Workers": [],"Plans": [{"Node Type": "Sort","Parent Relationship": "Outer","Parallel Aware": false,"Async Capable": false,"Startup Cost": 172428.17,"Total Cost": 172445.97,"Plan Rows": 7121,"Plan Width": 27,"Actual Startup Time": 389.020,"Actual Total Time": 389.275,"Actual Rows": 6210,"Actual Loops": 5,"Sort Key": ["lineitem.l_shipmode"],"Sort Method": "quicksort","Sort Space Used": 638,"Sort Space Type": "Memory","Workers": [{"Worker Number": 0,"Sort Method": "quicksort","Sort Space Used": 632,"Sort Space Type": "Memory"},{"Worker Number": 1,"Sort Method": "quicksort","Sort Space Used": 636,"Sort Space Type": "Memory"},{"Worker Number": 2,"Sort Method": "quicksort","Sort Space Used": 621,"Sort Space Type": "Memory"},{"Worker Number": 3,"Sort Method": "quicksort","Sort Space Used": 618,"Sort Space Type": "Memory"}],"Plans": [{"Node Type": "Nested Loop","Parent Relationship": "Outer","Parallel Aware": false,"Async Capable": false,"Join Type": "Inner","Startup Cost": 0.43,"Total Cost": 171972.50,"Plan Rows": 7121,"Plan Width": 27,"Actual Startup Time": 0.233,"Actual Total Time": 386.139,"Actual Rows": 6210,"Actual Loops": 5,"Inner Unique": true,"Workers": [],"Plans": [{"Node Type": "Seq Scan","Parent Relationship": "Outer","Parallel Aware": true,"Async Capable": false,"Relation Name": "lineitem","Alias": "lineitem","Startup Cost": 0.00,"Total Cost": 146259.83,"Plan Rows": 7121,"Plan Width": 15,"Actual Startup Time": 0.107,"Actual Total Time": 351.554,"Actual Rows": 6210,"Actual Loops": 5,"Filter": "((l_shipmode = ANY ('{AIR,RAIL}'::bpchar[])) AND (l_commitdate < l_receiptdate) AND (l_shipdate < l_commitdate) AND (l_receiptdate >= '1994-01-01'::date) AND (l_receiptdate < '1995-01-01 00:00:00'::timestamp without time zone))","Rows Removed by Filter": 1194033,"Workers": []},{"Node Type": "Index Scan","Parent Relationship": "Inner","Parallel Aware": false,"Async Capable": false,"Scan Direction": "Forward","Index Name": "orders_pkey","Relation Name": "orders","Alias": "orders","Startup Cost": 0.43,"Total Cost": 3.61,"Plan Rows": 1,"Plan Width": 20,"Actual Startup Time": 0.005,"Actual Total Time": 0.005,"Actual Rows": 1,"Actual Loops": 31049,"Index Cond": "(o_orderkey = lineitem.l_orderkey)","Rows Removed by Index Recheck": 0,"Workers": []}]}]}]}]}]},"Planning Time": 4.102,"Triggers": [],"Execution Time": 432.074}]
[{"Plan": {"Node Type": "Aggregate","Strategy": "Sorted","Partial Mode": "Finalize","Parallel Aware": false,"Async Capable": false,"Startup Cost": 173656.55,"Total Cost": 173804.76,"Plan Rows": 7,"Plan Width": 27,"Actual Startup Time": 406.696,"Actual Total Time": 440.785,"Actual Rows": 2,"Actual Loops": 1,"Group Key": ["lineitem.l_shipmode"],"Plans": [{"Node Type": "Gather Merge","Parent Relationship": "Outer","Parallel Aware": false,"Async Capable": false,"Startup Cost": 173656.55,"Total Cost": 173804.48,"Plan Rows": 28,"Plan Width": 27,"Actual Startup Time": 405.857,"Actual Total Time": 440.735,"Actual Rows": 10,"Actual Loops": 1,"Workers Planned": 4,"Workers Launched": 4,"Plans": [{"Node Type": "Aggregate","Strategy": "Sorted","Partial Mode": "Partial","Parent Relationship": "Outer","Parallel Aware": false,"Async Capable": false,"Startup Cost": 172656.49,"Total Cost": 172801.08,"Plan Rows": 7,"Plan Width": 27,"Actual Startup Time": 396.668,"Actual Total Time": 397.398,"Actual Rows": 2,"Actual Loops": 5,"Group Key": ["lineitem.l_shipmode"],"Workers": [],"Plans": [{"Node Type": "Sort","Parent Relationship": "Outer","Parallel Aware": false,"Async Capable": false,"Startup Cost": 172656.49,"Total Cost": 172674.56,"Plan Rows": 7226,"Plan Width": 27,"Actual Startup Time": 395.916,"Actual Total Time": 396.167,"Actual Rows": 6230,"Actual Loops": 5,"Sort Key": ["lineitem.l_shipmode"],"Sort Method": "quicksort","Sort Space Used": 631,"Sort Space Type": "Memory","Workers": [{"Worker Number": 0,"Sort Method": "quicksort","Sort Space Used": 632,"Sort Space Type": "Memory"},{"Worker Number": 1,"Sort Method": "quicksort","Sort Space Used": 638,"Sort Space Type": "Memory"},{"Worker Number": 2,"Sort Method": "quicksort","Sort Space Used": 638,"Sort Space Type": "Memory"},{"Worker Number": 3,"Sort Method": "quicksort","Sort Space Used": 613,"Sort Space Type": "Memory"}],"Plans": [{"Node Type": "Nested Loop","Parent Relationship": "Outer","Parallel Aware": false,"Async Capable": false,"Join Type": "Inner","Startup Cost": 0.43,"Total Cost": 172193.34,"Plan Rows": 7226,"Plan Width": 27,"Actual Startup Time": 0.260,"Actual Total Time": 392.972,"Actual Rows": 6230,"Actual Loops": 5,"Inner Unique": true,"Workers": [],"Plans": [{"Node Type": "Seq Scan","Parent Relationship": "Outer","Parallel Aware": true,"Async Capable": false,"Relation Name": "lineitem","Alias": "lineitem","Startup Cost": 0.00,"Total Cost": 146259.83,"Plan Rows": 7226,"Plan Width": 15,"Actual Startup Time": 0.132,"Actual Total Time": 356.922,"Actual Rows": 6230,"Actual Loops": 5,"Filter": "((l_shipmode = ANY ('{\"REG AIR\",FOB}'::bpchar[])) AND (l_commitdate < l_receiptdate) AND (l_shipdate < l_commitdate) AND (l_receiptdate >= '1997-01-01'::date) AND (l_receiptdate < '1998-01-01 00:00:00'::timestamp without time zone))","Rows Removed by Filter": 1194013,"Workers": []},{"Node Type": "Index Scan","Parent Relationship": "Inner","Parallel Aware": false,"Async Capable": false,"Scan Direction": "Forward","Index Name": "orders_pkey","Relation Name": "orders","Alias": "orders","Startup Cost": 0.43,"Total Cost": 3.59,"Plan Rows": 1,"Plan Width": 20,"Actual Startup Time": 0.005,"Actual Total Time": 0.005,"Actual Rows": 1,"Actual Loops": 31149,"Index Cond": "(o_orderkey = lineitem.l_orderkey)","Rows Removed by Index Recheck": 0,"Workers": []}]}]}]}]}]},"Planning Time": 5.430,"Triggers": [],"Execution Time": 441.465}]
[{"Plan": {"Node Type": "Aggregate","Strategy": "Sorted","Partial Mode": "Finalize","Parallel Aware": false,"Async Capable": false,"Startup Cost": 174077.29,"Total Cost": 174229.40,"Plan Rows": 7,"Plan Width": 27,"Actual Startup Time": 397.257,"Actual Total Time": 429.592,"Actual Rows": 2,"Actual Loops": 1,"Group Key": ["lineitem.l_shipmode"],"Plans": [{"Node Type": "Gather Merge","Parent Relationship": "Outer","Parallel Aware": false,"Async Capable": false,"Startup Cost": 174077.29,"Total Cost": 174229.12,"Plan Rows": 28,"Plan Width": 27,"Actual Startup Time": 396.409,"Actual Total Time": 429.553,"Actual Rows": 10,"Actual Loops": 1,"Workers Planned": 4,"Workers Launched": 4,"Plans": [{"Node Type": "Aggregate","Strategy": "Sorted","Partial Mode": "Partial","Parent Relationship": "Outer","Parallel Aware": false,"Async Capable": false,"Startup Cost": 173077.23,"Total Cost": 173225.72,"Plan Rows": 7,"Plan Width": 27,"Actual Startup Time": 388.152,"Actual Total Time": 388.884,"Actual Rows": 2,"Actual Loops": 5,"Group Key": ["lineitem.l_shipmode"],"Workers": [],"Plans": [{"Node Type": "Sort","Parent Relationship": "Outer","Parallel Aware": false,"Async Capable": false,"Startup Cost": 173077.23,"Total Cost": 173095.79,"Plan Rows": 7421,"Plan Width": 27,"Actual Startup Time": 387.379,"Actual Total Time": 387.634,"Actual Rows": 6244,"Actual Loops": 5,"Sort Key": ["lineitem.l_shipmode"],"Sort Method": "quicksort","Sort Space Used": 642,"Sort Space Type": "Memory","Workers": [{"Worker Number": 0,"Sort Method": "quicksort","Sort Space Used": 635,"Sort Space Type": "Memory"},{"Worker Number": 1,"Sort Method": "quicksort","Sort Space Used": 631,"Sort Space Type": "Memory"},{"Worker Number": 2,"Sort Method": "quicksort","Sort Space Used": 622,"Sort Space Type": "Memory"},{"Worker Number": 3,"Sort Method": "quicksort","Sort Space Used": 629,"Sort Space Type": "Memory"}],"Plans": [{"Node Type": "Nested Loop","Parent Relationship": "Outer","Parallel Aware": false,"Async Capable": false,"Join Type": "Inner","Startup Cost": 0.43,"Total Cost": 172600.16,"Plan Rows": 7421,"Plan Width": 27,"Actual Startup Time": 0.333,"Actual Total Time": 384.573,"Actual Rows": 6244,"Actual Loops": 5,"Inner Unique": true,"Workers": [],"Plans": [{"Node Type": "Seq Scan","Parent Relationship": "Outer","Parallel Aware": true,"Async Capable": false,"Relation Name": "lineitem","Alias": "lineitem","Startup Cost": 0.00,"Total Cost": 146259.83,"Plan Rows": 7421,"Plan Width": 15,"Actual Startup Time": 0.199,"Actual Total Time": 350.171,"Actual Rows": 6244,"Actual Loops": 5,"Filter": "((l_shipmode = ANY ('{FOB,\"REG AIR\"}'::bpchar[])) AND (l_commitdate < l_receiptdate) AND (l_shipdate < l_commitdate) AND (l_receiptdate >= '1995-01-01'::date) AND (l_receiptdate < '1996-01-01 00:00:00'::timestamp without time zone))","Rows Removed by Filter": 1193999,"Workers": []},{"Node Type": "Index Scan","Parent Relationship": "Inner","Parallel Aware": false,"Async Capable": false,"Scan Direction": "Forward","Index Name": "orders_pkey","Relation Name": "orders","Alias": "orders","Startup Cost": 0.43,"Total Cost": 3.55,"Plan Rows": 1,"Plan Width": 20,"Actual Startup Time": 0.005,"Actual Total Time": 0.005,"Actual Rows": 1,"Actual Loops": 31218,"Index Cond": "(o_orderkey = lineitem.l_orderkey)","Rows Removed by Index Recheck": 0,"Workers": []}]}]}]}]}]},"Planning Time": 4.780,"Triggers": [],"Execution Time": 430.028}]
[{"Plan": {"Node Type": "Aggregate","Strategy": "Sorted","Partial Mode": "Finalize","Parallel Aware": false,"Async Capable": false,"Startup Cost": 173669.22,"Total Cost": 173817.54,"Plan Rows": 7,"Plan Width": 27,"Actual Startup Time": 394.433,"Actual Total Time": 427.274,"Actual Rows": 2,"Actual Loops": 1,"Group Key": ["lineitem.l_shipmode"],"Plans": [{"Node Type": "Gather Merge","Parent Relationship": "Outer","Parallel Aware": false,"Async Capable": false,"Startup Cost": 173669.22,"Total Cost": 173817.26,"Plan Rows": 28,"Plan Width": 27,"Actual Startup Time": 393.529,"Actual Total Time": 427.236,"Actual Rows": 10,"Actual Loops": 1,"Workers Planned": 4,"Workers Launched": 4,"Plans": [{"Node Type": "Aggregate","Strategy": "Sorted","Partial Mode": "Partial","Parent Relationship": "Outer","Parallel Aware": false,"Async Capable": false,"Startup Cost": 172669.16,"Total Cost": 172813.87,"Plan Rows": 7,"Plan Width": 27,"Actual Startup Time": 385.404,"Actual Total Time": 386.156,"Actual Rows": 2,"Actual Loops": 5,"Group Key": ["lineitem.l_shipmode"],"Workers": [],"Plans": [{"Node Type": "Sort","Parent Relationship": "Outer","Parallel Aware": false,"Async Capable": false,"Startup Cost": 172669.16,"Total Cost": 172687.24,"Plan Rows": 7232,"Plan Width": 27,"Actual Startup Time": 384.633,"Actual Total Time": 384.894,"Actual Rows": 6255,"Actual Loops": 5,"Sort Key": ["lineitem.l_shipmode"],"Sort Method": "quicksort","Sort Space Used": 637,"Sort Space Type": "Memory","Workers": [{"Worker Number": 0,"Sort Method": "quicksort","Sort Space Used": 636,"Sort Space Type": "Memory"},{"Worker Number": 1,"Sort Method": "quicksort","Sort Space Used": 624,"Sort Space Type": "Memory"},{"Worker Number": 2,"Sort Method": "quicksort","Sort Space Used": 632,"Sort Space Type": "Memory"},{"Worker Number": 3,"Sort Method": "quicksort","Sort Space Used": 632,"Sort Space Type": "Memory"}],"Plans": [{"Node Type": "Nested Loop","Parent Relationship": "Outer","Parallel Aware": false,"Async Capable": false,"Join Type": "Inner","Startup Cost": 0.43,"Total Cost": 172205.58,"Plan Rows": 7232,"Plan Width": 27,"Actual Startup Time": 0.199,"Actual Total Time": 381.823,"Actual Rows": 6255,"Actual Loops": 5,"Inner Unique": true,"Workers": [],"Plans": [{"Node Type": "Seq Scan","Parent Relationship": "Outer","Parallel Aware": true,"Async Capable": false,"Relation Name": "lineitem","Alias": "lineitem","Startup Cost": 0.00,"Total Cost": 146259.83,"Plan Rows": 7232,"Plan Width": 15,"Actual Startup Time": 0.093,"Actual Total Time": 347.285,"Actual Rows": 6255,"Actual Loops": 5,"Filter": "((l_shipmode = ANY ('{FOB,\"REG AIR\"}'::bpchar[])) AND (l_commitdate < l_receiptdate) AND (l_shipdate < l_commitdate) AND (l_receiptdate >= '1996-01-01'::date) AND (l_receiptdate < '1997-01-01 00:00:00'::timestamp without time zone))","Rows Removed by Filter": 1193988,"Workers": []},{"Node Type": "Index Scan","Parent Relationship": "Inner","Parallel Aware": false,"Async Capable": false,"Scan Direction": "Forward","Index Name": "orders_pkey","Relation Name": "orders","Alias": "orders","Startup Cost": 0.43,"Total Cost": 3.59,"Plan Rows": 1,"Plan Width": 20,"Actual Startup Time": 0.005,"Actual Total Time": 0.005,"Actual Rows": 1,"Actual Loops": 31274,"Index Cond": "(o_orderkey = lineitem.l_orderkey)","Rows Removed by Index Recheck": 0,"Workers": []}]}]}]}]}]},"Planning Time": 5.008,"Triggers": [],"Execution Time": 427.710}]
[{"Plan": {"Node Type": "Aggregate","Strategy": "Sorted","Partial Mode": "Finalize","Parallel Aware": false,"Async Capable": false,"Startup Cost": 173451.78,"Total Cost": 173598.11,"Plan Rows": 7,"Plan Width": 27,"Actual Startup Time": 389.821,"Actual Total Time": 423.422,"Actual Rows": 2,"Actual Loops": 1,"Group Key": ["lineitem.l_shipmode"],"Plans": [{"Node Type": "Gather Merge","Parent Relationship": "Outer","Parallel Aware": false,"Async Capable": false,"Startup Cost": 173451.78,"Total Cost": 173597.83,"Plan Rows": 28,"Plan Width": 27,"Actual Startup Time": 388.913,"Actual Total Time": 423.381,"Actual Rows": 10,"Actual Loops": 1,"Workers Planned": 4,"Workers Launched": 4,"Plans": [{"Node Type": "Aggregate","Strategy": "Sorted","Partial Mode": "Partial","Parent Relationship": "Outer","Parallel Aware": false,"Async Capable": false,"Startup Cost": 172451.73,"Total Cost": 172594.44,"Plan Rows": 7,"Plan Width": 27,"Actual Startup Time": 380.968,"Actual Total Time": 381.707,"Actual Rows": 2,"Actual Loops": 5,"Group Key": ["lineitem.l_shipmode"],"Workers": [],"Plans": [{"Node Type": "Sort","Parent Relationship": "Outer","Parallel Aware": false,"Async Capable": false,"Startup Cost": 172451.73,"Total Cost": 172469.56,"Plan Rows": 7132,"Plan Width": 27,"Actual Startup Time": 380.245,"Actual Total Time": 380.491,"Actual Rows": 6182,"Actual Loops": 5,"Sort Key": ["lineitem.l_shipmode"],"Sort Method": "quicksort","Sort Space Used": 637,"Sort Space Type": "Memory","Workers": [{"Worker Number": 0,"Sort Method": "quicksort","Sort Space Used": 629,"Sort Space Type": "Memory"},{"Worker Number": 1,"Sort Method": "quicksort","Sort Space Used": 637,"Sort Space Type": "Memory"},{"Worker Number": 2,"Sort Method": "quicksort","Sort Space Used": 604,"Sort Space Type": "Memory"},{"Worker Number": 3,"Sort Method": "quicksort","Sort Space Used": 629,"Sort Space Type": "Memory"}],"Plans": [{"Node Type": "Nested Loop","Parent Relationship": "Outer","Parallel Aware": false,"Async Capable": false,"Join Type": "Inner","Startup Cost": 0.43,"Total Cost": 171995.28,"Plan Rows": 7132,"Plan Width": 27,"Actual Startup Time": 0.151,"Actual Total Time": 377.402,"Actual Rows": 6182,"Actual Loops": 5,"Inner Unique": true,"Workers": [],"Plans": [{"Node Type": "Seq Scan","Parent Relationship": "Outer","Parallel Aware": true,"Async Capable": false,"Relation Name": "lineitem","Alias": "lineitem","Startup Cost": 0.00,"Total Cost": 146259.83,"Plan Rows": 7132,"Plan Width": 15,"Actual Startup Time": 0.062,"Actual Total Time": 343.096,"Actual Rows": 6182,"Actual Loops": 5,"Filter": "((l_shipmode = ANY ('{\"REG AIR\",TRUCK}'::bpchar[])) AND (l_commitdate < l_receiptdate) AND (l_shipdate < l_commitdate) AND (l_receiptdate >= '1994-01-01'::date) AND (l_receiptdate < '1995-01-01 00:00:00'::timestamp without time zone))","Rows Removed by Filter": 1194061,"Workers": []},{"Node Type": "Index Scan","Parent Relationship": "Inner","Parallel Aware": false,"Async Capable": false,"Scan Direction": "Forward","Index Name": "orders_pkey","Relation Name": "orders","Alias": "orders","Startup Cost": 0.43,"Total Cost": 3.61,"Plan Rows": 1,"Plan Width": 20,"Actual Startup Time": 0.005,"Actual Total Time": 0.005,"Actual Rows": 1,"Actual Loops": 30912,"Index Cond": "(o_orderkey = lineitem.l_orderkey)","Rows Removed by Index Recheck": 0,"Workers": []}]}]}]}]}]},"Planning Time": 5.219,"Triggers": [],"Execution Time": 423.885}]
[{"Plan": {"Node Type": "Aggregate","Strategy": "Sorted","Partial Mode": "Finalize","Parallel Aware": false,"Async Capable": false,"Startup Cost": 173514.11,"Total Cost": 173661.00,"Plan Rows": 7,"Plan Width": 27,"Actual Startup Time": 395.765,"Actual Total Time": 429.313,"Actual Rows": 2,"Actual Loops": 1,"Group Key": ["lineitem.l_shipmode"],"Plans": [{"Node Type": "Gather Merge","Parent Relationship": "Outer","Parallel Aware": false,"Async Capable": false,"Startup Cost": 173514.11,"Total Cost": 173660.72,"Plan Rows": 28,"Plan Width": 27,"Actual Startup Time": 394.855,"Actual Total Time": 429.283,"Actual Rows": 10,"Actual Loops": 1,"Workers Planned": 4,"Workers Launched": 4,"Plans": [{"Node Type": "Aggregate","Strategy": "Sorted","Partial Mode": "Partial","Parent Relationship": "Outer","Parallel Aware": false,"Async Capable": false,"Startup Cost": 172514.05,"Total Cost": 172657.32,"Plan Rows": 7,"Plan Width": 27,"Actual Startup Time": 386.691,"Actual Total Time": 387.423,"Actual Rows": 2,"Actual Loops": 5,"Group Key": ["lineitem.l_shipmode"],"Workers": [],"Plans": [{"Node Type": "Sort","Parent Relationship": "Outer","Parallel Aware": false,"Async Capable": false,"Startup Cost": 172514.05,"Total Cost": 172531.95,"Plan Rows": 7160,"Plan Width": 27,"Actual Startup Time": 385.936,"Actual Total Time": 386.184,"Actual Rows": 6225,"Actual Loops": 5,"Sort Key": ["lineitem.l_shipmode"],"Sort Method": "quicksort","Sort Space Used": 644,"Sort Space Type": "Memory","Workers": [{"Worker Number": 0,"Sort Method": "quicksort","Sort Space Used": 623,"Sort Space Type": "Memory"},{"Worker Number": 1,"Sort Method": "quicksort","Sort Space Used": 627,"Sort Space Type": "Memory"},{"Worker Number": 2,"Sort Method": "quicksort","Sort Space Used": 626,"Sort Space Type": "Memory"},{"Worker Number": 3,"Sort Method": "quicksort","Sort Space Used": 631,"Sort Space Type": "Memory"}],"Plans": [{"Node Type": "Nested Loop","Parent Relationship": "Outer","Parallel Aware": false,"Async Capable": false,"Join Type": "Inner","Startup Cost": 0.43,"Total Cost": 172055.61,"Plan Rows": 7160,"Plan Width": 27,"Actual Startup Time": 0.328,"Actual Total Time": 383.043,"Actual Rows": 6225,"Actual Loops": 5,"Inner Unique": true,"Workers": [],"Plans": [{"Node Type": "Seq Scan","Parent Relationship": "Outer","Parallel Aware": true,"Async Capable": false,"Relation Name": "lineitem","Alias": "lineitem","Startup Cost": 0.00,"Total Cost": 146259.83,"Plan Rows": 7160,"Plan Width": 15,"Actual Startup Time": 0.208,"Actual Total Time": 348.867,"Actual Rows": 6225,"Actual Loops": 5,"Filter": "((l_shipmode = ANY ('{AIR,\"REG AIR\"}'::bpchar[])) AND (l_commitdate < l_receiptdate) AND (l_shipdate < l_commitdate) AND (l_receiptdate >= '1997-01-01'::date) AND (l_receiptdate < '1998-01-01 00:00:00'::timestamp without time zone))","Rows Removed by Filter": 1194018,"Workers": []},{"Node Type": "Index Scan","Parent Relationship": "Inner","Parallel Aware": false,"Async Capable": false,"Scan Direction": "Forward","Index Name": "orders_pkey","Relation Name": "orders","Alias": "orders","Startup Cost": 0.43,"Total Cost": 3.60,"Plan Rows": 1,"Plan Width": 20,"Actual Startup Time": 0.005,"Actual Total Time": 0.005,"Actual Rows": 1,"Actual Loops": 31125,"Index Cond": "(o_orderkey = lineitem.l_orderkey)","Rows Removed by Index Recheck": 0,"Workers": []}]}]}]}]}]},"Planning Time": 4.644,"Triggers": [],"Execution Time": 429.797}]
[{"Plan": {"Node Type": "Aggregate","Strategy": "Sorted","Partial Mode": "Finalize","Parallel Aware": false,"Async Capable": false,"Startup Cost": 173469.49,"Total Cost": 173615.98,"Plan Rows": 7,"Plan Width": 27,"Actual Startup Time": 402.241,"Actual Total Time": 436.650,"Actual Rows": 2,"Actual Loops": 1,"Group Key": ["lineitem.l_shipmode"],"Plans": [{"Node Type": "Gather Merge","Parent Relationship": "Outer","Parallel Aware": false,"Async Capable": false,"Startup Cost": 173469.49,"Total Cost": 173615.70,"Plan Rows": 28,"Plan Width": 27,"Actual Startup Time": 401.378,"Actual Total Time": 436.616,"Actual Rows": 10,"Actual Loops": 1,"Workers Planned": 4,"Workers Launched": 4,"Plans": [{"Node Type": "Aggregate","Strategy": "Sorted","Partial Mode": "Partial","Parent Relationship": "Outer","Parallel Aware": false,"Async Capable": false,"Startup Cost": 172469.43,"Total Cost": 172612.30,"Plan Rows": 7,"Plan Width": 27,"Actual Startup Time": 392.971,"Actual Total Time": 393.711,"Actual Rows": 2,"Actual Loops": 5,"Group Key": ["lineitem.l_shipmode"],"Workers": [],"Plans": [{"Node Type": "Sort","Parent Relationship": "Outer","Parallel Aware": false,"Async Capable": false,"Startup Cost": 172469.43,"Total Cost": 172487.28,"Plan Rows": 7140,"Plan Width": 27,"Actual Startup Time": 392.227,"Actual Total Time": 392.472,"Actual Rows": 6198,"Actual Loops": 5,"Sort Key": ["lineitem.l_shipmode"],"Sort Method": "quicksort","Sort Space Used": 643,"Sort Space Type": "Memory","Workers": [{"Worker Number": 0,"Sort Method": "quicksort","Sort Space Used": 633,"Sort Space Type": "Memory"},{"Worker Number": 1,"Sort Method": "quicksort","Sort Space Used": 615,"Sort Space Type": "Memory"},{"Worker Number": 2,"Sort Method": "quicksort","Sort Space Used": 635,"Sort Space Type": "Memory"},{"Worker Number": 3,"Sort Method": "quicksort","Sort Space Used": 615,"Sort Space Type": "Memory"}],"Plans": [{"Node Type": "Nested Loop","Parent Relationship": "Outer","Parallel Aware": false,"Async Capable": false,"Join Type": "Inner","Startup Cost": 0.43,"Total Cost": 172012.41,"Plan Rows": 7140,"Plan Width": 27,"Actual Startup Time": 0.338,"Actual Total Time": 389.296,"Actual Rows": 6198,"Actual Loops": 5,"Inner Unique": true,"Workers": [],"Plans": [{"Node Type": "Seq Scan","Parent Relationship": "Outer","Parallel Aware": true,"Async Capable": false,"Relation Name": "lineitem","Alias": "lineitem","Startup Cost": 0.00,"Total Cost": 146259.83,"Plan Rows": 7140,"Plan Width": 15,"Actual Startup Time": 0.194,"Actual Total Time": 354.223,"Actual Rows": 6198,"Actual Loops": 5,"Filter": "((l_shipmode = ANY ('{SHIP,MAIL}'::bpchar[])) AND (l_commitdate < l_receiptdate) AND (l_shipdate < l_commitdate) AND (l_receiptdate >= '1994-01-01'::date) AND (l_receiptdate < '1995-01-01 00:00:00'::timestamp without time zone))","Rows Removed by Filter": 1194045,"Workers": []},{"Node Type": "Index Scan","Parent Relationship": "Inner","Parallel Aware": false,"Async Capable": false,"Scan Direction": "Forward","Index Name": "orders_pkey","Relation Name": "orders","Alias": "orders","Startup Cost": 0.43,"Total Cost": 3.61,"Plan Rows": 1,"Plan Width": 20,"Actual Startup Time": 0.005,"Actual Total Time": 0.005,"Actual Rows": 1,"Actual Loops": 30988,"Index Cond": "(o_orderkey = lineitem.l_orderkey)","Rows Removed by Index Recheck": 0,"Workers": []}]}]}]}]}]},"Planning Time": 3.975,"Triggers": [],"Execution Time": 437.106}]
[{"Plan": {"Node Type": "Aggregate","Strategy": "Sorted","Partial Mode": "Finalize","Parallel Aware": false,"Async Capable": false,"Startup Cost": 173543.49,"Total Cost": 173690.66,"Plan Rows": 7,"Plan Width": 27,"Actual Startup Time": 399.081,"Actual Total Time": 433.562,"Actual Rows": 2,"Actual Loops": 1,"Group Key": ["lineitem.l_shipmode"],"Plans": [{"Node Type": "Gather Merge","Parent Relationship": "Outer","Parallel Aware": false,"Async Capable": false,"Startup Cost": 173543.49,"Total Cost": 173690.38,"Plan Rows": 28,"Plan Width": 27,"Actual Startup Time": 398.183,"Actual Total Time": 433.527,"Actual Rows": 10,"Actual Loops": 1,"Workers Planned": 4,"Workers Launched": 4,"Plans": [{"Node Type": "Aggregate","Strategy": "Sorted","Partial Mode": "Partial","Parent Relationship": "Outer","Parallel Aware": false,"Async Capable": false,"Startup Cost": 172543.43,"Total Cost": 172686.98,"Plan Rows": 7,"Plan Width": 27,"Actual Startup Time": 390.054,"Actual Total Time": 390.800,"Actual Rows": 2,"Actual Loops": 5,"Group Key": ["lineitem.l_shipmode"],"Workers": [],"Plans": [{"Node Type": "Sort","Parent Relationship": "Outer","Parallel Aware": false,"Async Capable": false,"Startup Cost": 172543.43,"Total Cost": 172561.37,"Plan Rows": 7174,"Plan Width": 27,"Actual Startup Time": 389.298,"Actual Total Time": 389.545,"Actual Rows": 6232,"Actual Loops": 5,"Sort Key": ["lineitem.l_shipmode"],"Sort Method": "quicksort","Sort Space Used": 643,"Sort Space Type": "Memory","Workers": [{"Worker Number": 0,"Sort Method": "quicksort","Sort Space Used": 625,"Sort Space Type": "Memory"},{"Worker Number": 1,"Sort Method": "quicksort","Sort Space Used": 620,"Sort Space Type": "Memory"},{"Worker Number": 2,"Sort Method": "quicksort","Sort Space Used": 631,"Sort Space Type": "Memory"},{"Worker Number": 3,"Sort Method": "quicksort","Sort Space Used": 635,"Sort Space Type": "Memory"}],"Plans": [{"Node Type": "Nested Loop","Parent Relationship": "Outer","Parallel Aware": false,"Async Capable": false,"Join Type": "Inner","Startup Cost": 0.43,"Total Cost": 172083.99,"Plan Rows": 7174,"Plan Width": 27,"Actual Startup Time": 0.207,"Actual Total Time": 386.271,"Actual Rows": 6232,"Actual Loops": 5,"Inner Unique": true,"Workers": [],"Plans": [{"Node Type": "Seq Scan","Parent Relationship": "Outer","Parallel Aware": true,"Async Capable": false,"Relation Name": "lineitem","Alias": "lineitem","Startup Cost": 0.00,"Total Cost": 146259.83,"Plan Rows": 7174,"Plan Width": 15,"Actual Startup Time": 0.092,"Actual Total Time": 351.051,"Actual Rows": 6232,"Actual Loops": 5,"Filter": "((l_shipmode = ANY ('{RAIL,MAIL}'::bpchar[])) AND (l_commitdate < l_receiptdate) AND (l_shipdate < l_commitdate) AND (l_receiptdate >= '1994-01-01'::date) AND (l_receiptdate < '1995-01-01 00:00:00'::timestamp without time zone))","Rows Removed by Filter": 1194011,"Workers": []},{"Node Type": "Index Scan","Parent Relationship": "Inner","Parallel Aware": false,"Async Capable": false,"Scan Direction": "Forward","Index Name": "orders_pkey","Relation Name": "orders","Alias": "orders","Startup Cost": 0.43,"Total Cost": 3.60,"Plan Rows": 1,"Plan Width": 20,"Actual Startup Time": 0.005,"Actual Total Time": 0.005,"Actual Rows": 1,"Actual Loops": 31159,"Index Cond": "(o_orderkey = lineitem.l_orderkey)","Rows Removed by Index Recheck": 0,"Workers": []}]}]}]}]}]},"Planning Time": 4.950,"Triggers": [],"Execution Time": 434.169}]
[{"Plan": {"Node Type": "Aggregate","Strategy": "Sorted","Partial Mode": "Finalize","Parallel Aware": false,"Async Capable": false,"Startup Cost": 173543.49,"Total Cost": 173690.66,"Plan Rows": 7,"Plan Width": 27,"Actual Startup Time": 399.081,"Actual Total Time": 433.562,"Actual Rows": 2,"Actual Loops": 1,"Group Key": ["lineitem.l_shipmode"],"Plans": [{"Node Type": "Gather Merge","Parent Relationship": "Outer","Parallel Aware": false,"Async Capable": false,"Startup Cost": 173543.49,"Total Cost": 173690.38,"Plan Rows": 28,"Plan Width": 27,"Actual Startup Time": 398.183,"Actual Total Time": 433.527,"Actual Rows": 10,"Actual Loops": 1,"Workers Planned": 4,"Workers Launched": 4,"Plans": [{"Node Type": "Aggregate","Strategy": "Sorted","Partial Mode": "Partial","Parent Relationship": "Outer","Parallel Aware": false,"Async Capable": false,"Startup Cost": 172543.43,"Total Cost": 172686.98,"Plan Rows": 7,"Plan Width": 27,"Actual Startup Time": 390.054,"Actual Total Time": 390.800,"Actual Rows": 2,"Actual Loops": 5,"Group Key": ["lineitem.l_shipmode"],"Workers": [],"Plans": [{"Node Type": "Sort","Parent Relationship": "Outer","Parallel Aware": false,"Async Capable": false,"Startup Cost": 172543.43,"Total Cost": 172561.37,"Plan Rows": 7174,"Plan Width": 27,"Actual Startup Time": 389.298,"Actual Total Time": 389.545,"Actual Rows": 6232,"Actual Loops": 5,"Sort Key": ["lineitem.l_shipmode"],"Sort Method": "quicksort","Sort Space Used": 643,"Sort Space Type": "Memory","Workers": [{"Worker Number": 0,"Sort Method": "quicksort","Sort Space Used": 625,"Sort Space Type": "Memory"},{"Worker Number": 1,"Sort Method": "quicksort","Sort Space Used": 620,"Sort Space Type": "Memory"},{"Worker Number": 2,"Sort Method": "quicksort","Sort Space Used": 631,"Sort Space Type": "Memory"},{"Worker Number": 3,"Sort Method": "quicksort","Sort Space Used": 635,"Sort Space Type": "Memory"}],"Plans": [{"Node Type": "Nested Loop","Parent Relationship": "Outer","Parallel Aware": false,"Async Capable": false,"Join Type": "Inner","Startup Cost": 0.43,"Total Cost": 172083.99,"Plan Rows": 7174,"Plan Width": 27,"Actual Startup Time": 0.207,"Actual Total Time": 386.271,"Actual Rows": 6232,"Actual Loops": 5,"Inner Unique": true,"Workers": [],"Plans": [{"Node Type": "Seq Scan","Parent Relationship": "Outer","Parallel Aware": true,"Async Capable": false,"Relation Name": "lineitem","Alias": "lineitem","Startup Cost": 0.00,"Total Cost": 146259.83,"Plan Rows": 7174,"Plan Width": 15,"Actual Startup Time": 0.092,"Actual Total Time": 351.051,"Actual Rows": 6232,"Actual Loops": 5,"Filter": "((l_shipmode = ANY ('{RAIL,MAIL}'::bpchar[])) AND (l_commitdate < l_receiptdate) AND (l_shipdate < l_commitdate) AND (l_receiptdate >= '1994-01-01'::date) AND (l_receiptdate < '1995-01-01 00:00:00'::timestamp without time zone))","Rows Removed by Filter": 1194011,"Workers": []},{"Node Type": "Index Scan","Parent Relationship": "Inner","Parallel Aware": false,"Async Capable": false,"Scan Direction": "Forward","Index Name": "orders_pkey","Relation Name": "orders","Alias": "orders","Startup Cost": 0.43,"Total Cost": 3.60,"Plan Rows": 1,"Plan Width": 20,"Actual Startup Time": 0.005,"Actual Total Time": 0.005,"Actual Rows": 1,"Actual Loops": 31159,"Index Cond": "(o_orderkey = lineitem.l_orderkey)","Rows Removed by Index Recheck": 0,"Workers": []}]}]}]}]}]},"Planning Time": 4.950,"Triggers": [],"Execution Time": 434.169}]
[{"Plan": {"Node Type": "Aggregate","Strategy": "Sorted","Partial Mode": "Finalize","Parallel Aware": false,"Async Capable": false,"Startup Cost": 173731.11,"Total Cost": 173879.99,"Plan Rows": 7,"Plan Width": 27,"Actual Startup Time": 398.330,"Actual Total Time": 431.296,"Actual Rows": 2,"Actual Loops": 1,"Group Key": ["lineitem.l_shipmode"],"Plans": [{"Node Type": "Gather Merge","Parent Relationship": "Outer","Parallel Aware": false,"Async Capable": false,"Startup Cost": 173731.11,"Total Cost": 173879.71,"Plan Rows": 28,"Plan Width": 27,"Actual Startup Time": 397.494,"Actual Total Time": 431.263,"Actual Rows": 10,"Actual Loops": 1,"Workers Planned": 4,"Workers Launched": 4,"Plans": [{"Node Type": "Aggregate","Strategy": "Sorted","Partial Mode": "Partial","Parent Relationship": "Outer","Parallel Aware": false,"Async Capable": false,"Startup Cost": 172731.05,"Total Cost": 172876.32,"Plan Rows": 7,"Plan Width": 27,"Actual Startup Time": 389.387,"Actual Total Time": 390.128,"Actual Rows": 2,"Actual Loops": 5,"Group Key": ["lineitem.l_shipmode"],"Workers": [],"Plans": [{"Node Type": "Sort","Parent Relationship": "Outer","Parallel Aware": false,"Async Capable": false,"Startup Cost": 172731.05,"Total Cost": 172749.20,"Plan Rows": 7260,"Plan Width": 27,"Actual Startup Time": 388.629,"Actual Total Time": 388.873,"Actual Rows": 6256,"Actual Loops": 5,"Sort Key": ["lineitem.l_shipmode"],"Sort Method": "quicksort","Sort Space Used": 639,"Sort Space Type": "Memory","Workers": [{"Worker Number": 0,"Sort Method": "quicksort","Sort Space Used": 618,"Sort Space Type": "Memory"},{"Worker Number": 1,"Sort Method": "quicksort","Sort Space Used": 640,"Sort Space Type": "Memory"},{"Worker Number": 2,"Sort Method": "quicksort","Sort Space Used": 634,"Sort Space Type": "Memory"},{"Worker Number": 3,"Sort Method": "quicksort","Sort Space Used": 631,"Sort Space Type": "Memory"}],"Plans": [{"Node Type": "Nested Loop","Parent Relationship": "Outer","Parallel Aware": false,"Async Capable": false,"Join Type": "Inner","Startup Cost": 0.43,"Total Cost": 172265.48,"Plan Rows": 7260,"Plan Width": 27,"Actual Startup Time": 0.397,"Actual Total Time": 385.762,"Actual Rows": 6256,"Actual Loops": 5,"Inner Unique": true,"Workers": [],"Plans": [{"Node Type": "Seq Scan","Parent Relationship": "Outer","Parallel Aware": true,"Async Capable": false,"Relation Name": "lineitem","Alias": "lineitem","Startup Cost": 0.00,"Total Cost": 146259.83,"Plan Rows": 7260,"Plan Width": 15,"Actual Startup Time": 0.291,"Actual Total Time": 351.178,"Actual Rows": 6256,"Actual Loops": 5,"Filter": "((l_shipmode = ANY ('{FOB,RAIL}'::bpchar[])) AND (l_commitdate < l_receiptdate) AND (l_shipdate < l_commitdate) AND (l_receiptdate >= '1997-01-01'::date) AND (l_receiptdate < '1998-01-01 00:00:00'::timestamp without time zone))","Rows Removed by Filter": 1193987,"Workers": []},{"Node Type": "Index Scan","Parent Relationship": "Inner","Parallel Aware": false,"Async Capable": false,"Scan Direction": "Forward","Index Name": "orders_pkey","Relation Name": "orders","Alias": "orders","Startup Cost": 0.43,"Total Cost": 3.58,"Plan Rows": 1,"Plan Width": 20,"Actual Startup Time": 0.005,"Actual Total Time": 0.005,"Actual Rows": 1,"Actual Loops": 31282,"Index Cond": "(o_orderkey = lineitem.l_orderkey)","Rows Removed by Index Recheck": 0,"Workers": []}]}]}]}]}]},"Planning Time": 4.777,"Triggers": [],"Execution Time": 431.817}]
[{"Plan": {"Node Type": "Aggregate","Strategy": "Sorted","Partial Mode": "Finalize","Parallel Aware": false,"Async Capable": false,"Startup Cost": 173731.11,"Total Cost": 173879.99,"Plan Rows": 7,"Plan Width": 27,"Actual Startup Time": 398.330,"Actual Total Time": 431.296,"Actual Rows": 2,"Actual Loops": 1,"Group Key": ["lineitem.l_shipmode"],"Plans": [{"Node Type": "Gather Merge","Parent Relationship": "Outer","Parallel Aware": false,"Async Capable": false,"Startup Cost": 173731.11,"Total Cost": 173879.71,"Plan Rows": 28,"Plan Width": 27,"Actual Startup Time": 397.494,"Actual Total Time": 431.263,"Actual Rows": 10,"Actual Loops": 1,"Workers Planned": 4,"Workers Launched": 4,"Plans": [{"Node Type": "Aggregate","Strategy": "Sorted","Partial Mode": "Partial","Parent Relationship": "Outer","Parallel Aware": false,"Async Capable": false,"Startup Cost": 172731.05,"Total Cost": 172876.32,"Plan Rows": 7,"Plan Width": 27,"Actual Startup Time": 389.387,"Actual Total Time": 390.128,"Actual Rows": 2,"Actual Loops": 5,"Group Key": ["lineitem.l_shipmode"],"Workers": [],"Plans": [{"Node Type": "Sort","Parent Relationship": "Outer","Parallel Aware": false,"Async Capable": false,"Startup Cost": 172731.05,"Total Cost": 172749.20,"Plan Rows": 7260,"Plan Width": 27,"Actual Startup Time": 388.629,"Actual Total Time": 388.873,"Actual Rows": 6256,"Actual Loops": 5,"Sort Key": ["lineitem.l_shipmode"],"Sort Method": "quicksort","Sort Space Used": 639,"Sort Space Type": "Memory","Workers": [{"Worker Number": 0,"Sort Method": "quicksort","Sort Space Used": 618,"Sort Space Type": "Memory"},{"Worker Number": 1,"Sort Method": "quicksort","Sort Space Used": 640,"Sort Space Type": "Memory"},{"Worker Number": 2,"Sort Method": "quicksort","Sort Space Used": 634,"Sort Space Type": "Memory"},{"Worker Number": 3,"Sort Method": "quicksort","Sort Space Used": 631,"Sort Space Type": "Memory"}],"Plans": [{"Node Type": "Nested Loop","Parent Relationship": "Outer","Parallel Aware": false,"Async Capable": false,"Join Type": "Inner","Startup Cost": 0.43,"Total Cost": 172265.48,"Plan Rows": 7260,"Plan Width": 27,"Actual Startup Time": 0.397,"Actual Total Time": 385.762,"Actual Rows": 6256,"Actual Loops": 5,"Inner Unique": true,"Workers": [],"Plans": [{"Node Type": "Seq Scan","Parent Relationship": "Outer","Parallel Aware": true,"Async Capable": false,"Relation Name": "lineitem","Alias": "lineitem","Startup Cost": 0.00,"Total Cost": 146259.83,"Plan Rows": 7260,"Plan Width": 15,"Actual Startup Time": 0.291,"Actual Total Time": 351.178,"Actual Rows": 6256,"Actual Loops": 5,"Filter": "((l_shipmode = ANY ('{FOB,RAIL}'::bpchar[])) AND (l_commitdate < l_receiptdate) AND (l_shipdate < l_commitdate) AND (l_receiptdate >= '1997-01-01'::date) AND (l_receiptdate < '1998-01-01 00:00:00'::timestamp without time zone))","Rows Removed by Filter": 1193987,"Workers": []},{"Node Type": "Index Scan","Parent Relationship": "Inner","Parallel Aware": false,"Async Capable": false,"Scan Direction": "Forward","Index Name": "orders_pkey","Relation Name": "orders","Alias": "orders","Startup Cost": 0.43,"Total Cost": 3.58,"Plan Rows": 1,"Plan Width": 20,"Actual Startup Time": 0.005,"Actual Total Time": 0.005,"Actual Rows": 1,"Actual Loops": 31282,"Index Cond": "(o_orderkey = lineitem.l_orderkey)","Rows Removed by Index Recheck": 0,"Workers": []}]}]}]}]}]},"Planning Time": 4.777,"Triggers": [],"Execution Time": 431.817}]
[{"Plan": {"Node Type": "Aggregate","Strategy": "Sorted","Partial Mode": "Finalize","Parallel Aware": false,"Async Capable": false,"Startup Cost": 173776.29,"Total Cost": 173925.59,"Plan Rows": 7,"Plan Width": 27,"Actual Startup Time": 400.983,"Actual Total Time": 435.263,"Actual Rows": 2,"Actual Loops": 1,"Group Key": ["lineitem.l_shipmode"],"Plans": [{"Node Type": "Gather Merge","Parent Relationship": "Outer","Parallel Aware": false,"Async Capable": false,"Startup Cost": 173776.29,"Total Cost": 173925.31,"Plan Rows": 28,"Plan Width": 27,"Actual Startup Time": 400.136,"Actual Total Time": 435.222,"Actual Rows": 10,"Actual Loops": 1,"Workers Planned": 4,"Workers Launched": 4,"Plans": [{"Node Type": "Aggregate","Strategy": "Sorted","Partial Mode": "Partial","Parent Relationship": "Outer","Parallel Aware": false,"Async Capable": false,"Startup Cost": 172776.23,"Total Cost": 172921.92,"Plan Rows": 7,"Plan Width": 27,"Actual Startup Time": 391.953,"Actual Total Time": 392.675,"Actual Rows": 2,"Actual Loops": 5,"Group Key": ["lineitem.l_shipmode"],"Workers": [],"Plans": [{"Node Type": "Sort","Parent Relationship": "Outer","Parallel Aware": false,"Async Capable": false,"Startup Cost": 172776.23,"Total Cost": 172794.43,"Plan Rows": 7281,"Plan Width": 27,"Actual Startup Time": 391.185,"Actual Total Time": 391.445,"Actual Rows": 6242,"Actual Loops": 5,"Sort Key": ["lineitem.l_shipmode"],"Sort Method": "quicksort","Sort Space Used": 639,"Sort Space Type": "Memory","Workers": [{"Worker Number": 0,"Sort Method": "quicksort","Sort Space Used": 635,"Sort Space Type": "Memory"},{"Worker Number": 1,"Sort Method": "quicksort","Sort Space Used": 624,"Sort Space Type": "Memory"},{"Worker Number": 2,"Sort Method": "quicksort","Sort Space Used": 632,"Sort Space Type": "Memory"},{"Worker Number": 3,"Sort Method": "quicksort","Sort Space Used": 627,"Sort Space Type": "Memory"}],"Plans": [{"Node Type": "Nested Loop","Parent Relationship": "Outer","Parallel Aware": false,"Async Capable": false,"Join Type": "Inner","Startup Cost": 0.43,"Total Cost": 172309.16,"Plan Rows": 7281,"Plan Width": 27,"Actual Startup Time": 0.505,"Actual Total Time": 388.328,"Actual Rows": 6242,"Actual Loops": 5,"Inner Unique": true,"Workers": [],"Plans": [{"Node Type": "Seq Scan","Parent Relationship": "Outer","Parallel Aware": true,"Async Capable": false,"Relation Name": "lineitem","Alias": "lineitem","Startup Cost": 0.00,"Total Cost": 146259.83,"Plan Rows": 7281,"Plan Width": 15,"Actual Startup Time": 0.377,"Actual Total Time": 352.896,"Actual Rows": 6242,"Actual Loops": 5,"Filter": "((l_shipmode = ANY ('{\"REG AIR\",RAIL}'::bpchar[])) AND (l_commitdate < l_receiptdate) AND (l_shipdate < l_commitdate) AND (l_receiptdate >= '1993-01-01'::date) AND (l_receiptdate < '1994-01-01 00:00:00'::timestamp without time zone))","Rows Removed by Filter": 1194001,"Workers": []},{"Node Type": "Index Scan","Parent Relationship": "Inner","Parallel Aware": false,"Async Capable": false,"Scan Direction": "Forward","Index Name": "orders_pkey","Relation Name": "orders","Alias": "orders","Startup Cost": 0.43,"Total Cost": 3.58,"Plan Rows": 1,"Plan Width": 20,"Actual Startup Time": 0.005,"Actual Total Time": 0.005,"Actual Rows": 1,"Actual Loops": 31209,"Index Cond": "(o_orderkey = lineitem.l_orderkey)","Rows Removed by Index Recheck": 0,"Workers": []}]}]}]}]}]},"Planning Time": 5.836,"Triggers": [],"Execution Time": 435.790}]
[{"Plan": {"Node Type": "Aggregate","Strategy": "Sorted","Partial Mode": "Finalize","Parallel Aware": false,"Async Capable": false,"Startup Cost": 173989.00,"Total Cost": 174140.29,"Plan Rows": 7,"Plan Width": 27,"Actual Startup Time": 400.246,"Actual Total Time": 434.461,"Actual Rows": 2,"Actual Loops": 1,"Group Key": ["lineitem.l_shipmode"],"Plans": [{"Node Type": "Gather Merge","Parent Relationship": "Outer","Parallel Aware": false,"Async Capable": false,"Startup Cost": 173989.00,"Total Cost": 174140.01,"Plan Rows": 28,"Plan Width": 27,"Actual Startup Time": 399.317,"Actual Total Time": 434.410,"Actual Rows": 10,"Actual Loops": 1,"Workers Planned": 4,"Workers Launched": 4,"Plans": [{"Node Type": "Aggregate","Strategy": "Sorted","Partial Mode": "Partial","Parent Relationship": "Outer","Parallel Aware": false,"Async Capable": false,"Startup Cost": 172988.94,"Total Cost": 173136.61,"Plan Rows": 7,"Plan Width": 27,"Actual Startup Time": 390.989,"Actual Total Time": 391.738,"Actual Rows": 2,"Actual Loops": 5,"Group Key": ["lineitem.l_shipmode"],"Workers": [],"Plans": [{"Node Type": "Sort","Parent Relationship": "Outer","Parallel Aware": false,"Async Capable": false,"Startup Cost": 172988.94,"Total Cost": 173007.39,"Plan Rows": 7380,"Plan Width": 27,"Actual Startup Time": 390.234,"Actual Total Time": 390.499,"Actual Rows": 6215,"Actual Loops": 5,"Sort Key": ["lineitem.l_shipmode"],"Sort Method": "quicksort","Sort Space Used": 636,"Sort Space Type": "Memory","Workers": [{"Worker Number": 0,"Sort Method": "quicksort","Sort Space Used": 639,"Sort Space Type": "Memory"},{"Worker Number": 1,"Sort Method": "quicksort","Sort Space Used": 620,"Sort Space Type": "Memory"},{"Worker Number": 2,"Sort Method": "quicksort","Sort Space Used": 629,"Sort Space Type": "Memory"},{"Worker Number": 3,"Sort Method": "quicksort","Sort Space Used": 624,"Sort Space Type": "Memory"}],"Plans": [{"Node Type": "Nested Loop","Parent Relationship": "Outer","Parallel Aware": false,"Async Capable": false,"Join Type": "Inner","Startup Cost": 0.43,"Total Cost": 172514.80,"Plan Rows": 7380,"Plan Width": 27,"Actual Startup Time": 0.305,"Actual Total Time": 387.332,"Actual Rows": 6215,"Actual Loops": 5,"Inner Unique": true,"Workers": [],"Plans": [{"Node Type": "Seq Scan","Parent Relationship": "Outer","Parallel Aware": true,"Async Capable": false,"Relation Name": "lineitem","Alias": "lineitem","Startup Cost": 0.00,"Total Cost": 146259.83,"Plan Rows": 7380,"Plan Width": 15,"Actual Startup Time": 0.187,"Actual Total Time": 352.211,"Actual Rows": 6215,"Actual Loops": 5,"Filter": "((l_shipmode = ANY ('{RAIL,SHIP}'::bpchar[])) AND (l_commitdate < l_receiptdate) AND (l_shipdate < l_commitdate) AND (l_receiptdate >= '1995-01-01'::date) AND (l_receiptdate < '1996-01-01 00:00:00'::timestamp without time zone))","Rows Removed by Filter": 1194028,"Workers": []},{"Node Type": "Index Scan","Parent Relationship": "Inner","Parallel Aware": false,"Async Capable": false,"Scan Direction": "Forward","Index Name": "orders_pkey","Relation Name": "orders","Alias": "orders","Startup Cost": 0.43,"Total Cost": 3.56,"Plan Rows": 1,"Plan Width": 20,"Actual Startup Time": 0.005,"Actual Total Time": 0.005,"Actual Rows": 1,"Actual Loops": 31075,"Index Cond": "(o_orderkey = lineitem.l_orderkey)","Rows Removed by Index Recheck": 0,"Workers": []}]}]}]}]}]},"Planning Time": 5.328,"Triggers": [],"Execution Time": 435.072}]
[{"Plan": {"Node Type": "Aggregate","Strategy": "Sorted","Partial Mode": "Finalize","Parallel Aware": false,"Async Capable": false,"Startup Cost": 174152.64,"Total Cost": 174305.45,"Plan Rows": 7,"Plan Width": 27,"Actual Startup Time": 401.130,"Actual Total Time": 434.171,"Actual Rows": 2,"Actual Loops": 1,"Group Key": ["lineitem.l_shipmode"],"Plans": [{"Node Type": "Gather Merge","Parent Relationship": "Outer","Parallel Aware": false,"Async Capable": false,"Startup Cost": 174152.64,"Total Cost": 174305.17,"Plan Rows": 28,"Plan Width": 27,"Actual Startup Time": 400.220,"Actual Total Time": 434.139,"Actual Rows": 10,"Actual Loops": 1,"Workers Planned": 4,"Workers Launched": 4,"Plans": [{"Node Type": "Aggregate","Strategy": "Sorted","Partial Mode": "Partial","Parent Relationship": "Outer","Parallel Aware": false,"Async Capable": false,"Startup Cost": 173152.59,"Total Cost": 173301.78,"Plan Rows": 7,"Plan Width": 27,"Actual Startup Time": 392.006,"Actual Total Time": 392.751,"Actual Rows": 2,"Actual Loops": 5,"Group Key": ["lineitem.l_shipmode"],"Workers": [],"Plans": [{"Node Type": "Sort","Parent Relationship": "Outer","Parallel Aware": false,"Async Capable": false,"Startup Cost": 173152.59,"Total Cost": 173171.23,"Plan Rows": 7456,"Plan Width": 27,"Actual Startup Time": 391.253,"Actual Total Time": 391.497,"Actual Rows": 6253,"Actual Loops": 5,"Sort Key": ["lineitem.l_shipmode"],"Sort Method": "quicksort","Sort Space Used": 640,"Sort Space Type": "Memory","Workers": [{"Worker Number": 0,"Sort Method": "quicksort","Sort Space Used": 618,"Sort Space Type": "Memory"},{"Worker Number": 1,"Sort Method": "quicksort","Sort Space Used": 634,"Sort Space Type": "Memory"},{"Worker Number": 2,"Sort Method": "quicksort","Sort Space Used": 626,"Sort Space Type": "Memory"},{"Worker Number": 3,"Sort Method": "quicksort","Sort Space Used": 642,"Sort Space Type": "Memory"}],"Plans": [{"Node Type": "Nested Loop","Parent Relationship": "Outer","Parallel Aware": false,"Async Capable": false,"Join Type": "Inner","Startup Cost": 0.43,"Total Cost": 172673.01,"Plan Rows": 7456,"Plan Width": 27,"Actual Startup Time": 0.320,"Actual Total Time": 388.456,"Actual Rows": 6253,"Actual Loops": 5,"Inner Unique": true,"Workers": [],"Plans": [{"Node Type": "Seq Scan","Parent Relationship": "Outer","Parallel Aware": true,"Async Capable": false,"Relation Name": "lineitem","Alias": "lineitem","Startup Cost": 0.00,"Total Cost": 146259.83,"Plan Rows": 7456,"Plan Width": 15,"Actual Startup Time": 0.202,"Actual Total Time": 353.743,"Actual Rows": 6253,"Actual Loops": 5,"Filter": "((l_shipmode = ANY ('{RAIL,FOB}'::bpchar[])) AND (l_commitdate < l_receiptdate) AND (l_shipdate < l_commitdate) AND (l_receiptdate >= '1995-01-01'::date) AND (l_receiptdate < '1996-01-01 00:00:00'::timestamp without time zone))","Rows Removed by Filter": 1193990,"Workers": []},{"Node Type": "Index Scan","Parent Relationship": "Inner","Parallel Aware": false,"Async Capable": false,"Scan Direction": "Forward","Index Name": "orders_pkey","Relation Name": "orders","Alias": "orders","Startup Cost": 0.43,"Total Cost": 3.54,"Plan Rows": 1,"Plan Width": 20,"Actual Startup Time": 0.005,"Actual Total Time": 0.005,"Actual Rows": 1,"Actual Loops": 31266,"Index Cond": "(o_orderkey = lineitem.l_orderkey)","Rows Removed by Index Recheck": 0,"Workers": []}]}]}]}]}]},"Planning Time": 3.894,"Triggers": [],"Execution Time": 434.639}]
[{"Plan": {"Node Type": "Aggregate","Strategy": "Sorted","Partial Mode": "Finalize","Parallel Aware": false,"Async Capable": false,"Startup Cost": 173773.31,"Total Cost": 173922.60,"Plan Rows": 7,"Plan Width": 27,"Actual Startup Time": 396.770,"Actual Total Time": 429.892,"Actual Rows": 2,"Actual Loops": 1,"Group Key": ["lineitem.l_shipmode"],"Plans": [{"Node Type": "Gather Merge","Parent Relationship": "Outer","Parallel Aware": false,"Async Capable": false,"Startup Cost": 173773.31,"Total Cost": 173922.32,"Plan Rows": 28,"Plan Width": 27,"Actual Startup Time": 395.938,"Actual Total Time": 429.863,"Actual Rows": 10,"Actual Loops": 1,"Workers Planned": 4,"Workers Launched": 4,"Plans": [{"Node Type": "Aggregate","Strategy": "Sorted","Partial Mode": "Partial","Parent Relationship": "Outer","Parallel Aware": false,"Async Capable": false,"Startup Cost": 172773.25,"Total Cost": 172918.92,"Plan Rows": 7,"Plan Width": 27,"Actual Startup Time": 387.867,"Actual Total Time": 388.596,"Actual Rows": 2,"Actual Loops": 5,"Group Key": ["lineitem.l_shipmode"],"Workers": [],"Plans": [{"Node Type": "Sort","Parent Relationship": "Outer","Parallel Aware": false,"Async Capable": false,"Startup Cost": 172773.25,"Total Cost": 172791.45,"Plan Rows": 7280,"Plan Width": 27,"Actual Startup Time": 387.108,"Actual Total Time": 387.347,"Actual Rows": 6264,"Actual Loops": 5,"Sort Key": ["lineitem.l_shipmode"],"Sort Method": "quicksort","Sort Space Used": 644,"Sort Space Type": "Memory","Workers": [{"Worker Number": 0,"Sort Method": "quicksort","Sort Space Used": 622,"Sort Space Type": "Memory"},{"Worker Number": 1,"Sort Method": "quicksort","Sort Space Used": 635,"Sort Space Type": "Memory"},{"Worker Number": 2,"Sort Method": "quicksort","Sort Space Used": 633,"Sort Space Type": "Memory"},{"Worker Number": 3,"Sort Method": "quicksort","Sort Space Used": 631,"Sort Space Type": "Memory"}],"Plans": [{"Node Type": "Nested Loop","Parent Relationship": "Outer","Parallel Aware": false,"Async Capable": false,"Join Type": "Inner","Startup Cost": 0.43,"Total Cost": 172306.25,"Plan Rows": 7280,"Plan Width": 27,"Actual Startup Time": 0.298,"Actual Total Time": 384.221,"Actual Rows": 6264,"Actual Loops": 5,"Inner Unique": true,"Workers": [],"Plans": [{"Node Type": "Seq Scan","Parent Relationship": "Outer","Parallel Aware": true,"Async Capable": false,"Relation Name": "lineitem","Alias": "lineitem","Startup Cost": 0.00,"Total Cost": 146259.83,"Plan Rows": 7280,"Plan Width": 15,"Actual Startup Time": 0.193,"Actual Total Time": 349.647,"Actual Rows": 6264,"Actual Loops": 5,"Filter": "((l_shipmode = ANY ('{SHIP,RAIL}'::bpchar[])) AND (l_commitdate < l_receiptdate) AND (l_shipdate < l_commitdate) AND (l_receiptdate >= '1993-01-01'::date) AND (l_receiptdate < '1994-01-01 00:00:00'::timestamp without time zone))","Rows Removed by Filter": 1193979,"Workers": []},{"Node Type": "Index Scan","Parent Relationship": "Inner","Parallel Aware": false,"Async Capable": false,"Scan Direction": "Forward","Index Name": "orders_pkey","Relation Name": "orders","Alias": "orders","Startup Cost": 0.43,"Total Cost": 3.58,"Plan Rows": 1,"Plan Width": 20,"Actual Startup Time": 0.005,"Actual Total Time": 0.005,"Actual Rows": 1,"Actual Loops": 31318,"Index Cond": "(o_orderkey = lineitem.l_orderkey)","Rows Removed by Index Recheck": 0,"Workers": []}]}]}]}]}]},"Planning Time": 5.485,"Triggers": [],"Execution Time": 430.251}]
[{"Plan": {"Node Type": "Aggregate","Strategy": "Sorted","Partial Mode": "Finalize","Parallel Aware": false,"Async Capable": false,"Startup Cost": 173451.78,"Total Cost": 173598.11,"Plan Rows": 7,"Plan Width": 27,"Actual Startup Time": 393.437,"Actual Total Time": 428.181,"Actual Rows": 2,"Actual Loops": 1,"Group Key": ["lineitem.l_shipmode"],"Plans": [{"Node Type": "Gather Merge","Parent Relationship": "Outer","Parallel Aware": false,"Async Capable": false,"Startup Cost": 173451.78,"Total Cost": 173597.83,"Plan Rows": 28,"Plan Width": 27,"Actual Startup Time": 392.613,"Actual Total Time": 428.143,"Actual Rows": 10,"Actual Loops": 1,"Workers Planned": 4,"Workers Launched": 4,"Plans": [{"Node Type": "Aggregate","Strategy": "Sorted","Partial Mode": "Partial","Parent Relationship": "Outer","Parallel Aware": false,"Async Capable": false,"Startup Cost": 172451.73,"Total Cost": 172594.44,"Plan Rows": 7,"Plan Width": 27,"Actual Startup Time": 384.443,"Actual Total Time": 385.186,"Actual Rows": 2,"Actual Loops": 5,"Group Key": ["lineitem.l_shipmode"],"Workers": [],"Plans": [{"Node Type": "Sort","Parent Relationship": "Outer","Parallel Aware": false,"Async Capable": false,"Startup Cost": 172451.73,"Total Cost": 172469.56,"Plan Rows": 7132,"Plan Width": 27,"Actual Startup Time": 383.707,"Actual Total Time": 383.964,"Actual Rows": 6182,"Actual Loops": 5,"Sort Key": ["lineitem.l_shipmode"],"Sort Method": "quicksort","Sort Space Used": 630,"Sort Space Type": "Memory","Workers": [{"Worker Number": 0,"Sort Method": "quicksort","Sort Space Used": 628,"Sort Space Type": "Memory"},{"Worker Number": 1,"Sort Method": "quicksort","Sort Space Used": 610,"Sort Space Type": "Memory"},{"Worker Number": 2,"Sort Method": "quicksort","Sort Space Used": 641,"Sort Space Type": "Memory"},{"Worker Number": 3,"Sort Method": "quicksort","Sort Space Used": 626,"Sort Space Type": "Memory"}],"Plans": [{"Node Type": "Nested Loop","Parent Relationship": "Outer","Parallel Aware": false,"Async Capable": false,"Join Type": "Inner","Startup Cost": 0.43,"Total Cost": 171995.28,"Plan Rows": 7132,"Plan Width": 27,"Actual Startup Time": 0.174,"Actual Total Time": 380.845,"Actual Rows": 6182,"Actual Loops": 5,"Inner Unique": true,"Workers": [],"Plans": [{"Node Type": "Seq Scan","Parent Relationship": "Outer","Parallel Aware": true,"Async Capable": false,"Relation Name": "lineitem","Alias": "lineitem","Startup Cost": 0.00,"Total Cost": 146259.83,"Plan Rows": 7132,"Plan Width": 15,"Actual Startup Time": 0.064,"Actual Total Time": 345.885,"Actual Rows": 6182,"Actual Loops": 5,"Filter": "((l_shipmode = ANY ('{TRUCK,\"REG AIR\"}'::bpchar[])) AND (l_commitdate < l_receiptdate) AND (l_shipdate < l_commitdate) AND (l_receiptdate >= '1994-01-01'::date) AND (l_receiptdate < '1995-01-01 00:00:00'::timestamp without time zone))","Rows Removed by Filter": 1194061,"Workers": []},{"Node Type": "Index Scan","Parent Relationship": "Inner","Parallel Aware": false,"Async Capable": false,"Scan Direction": "Forward","Index Name": "orders_pkey","Relation Name": "orders","Alias": "orders","Startup Cost": 0.43,"Total Cost": 3.61,"Plan Rows": 1,"Plan Width": 20,"Actual Startup Time": 0.005,"Actual Total Time": 0.005,"Actual Rows": 1,"Actual Loops": 30912,"Index Cond": "(o_orderkey = lineitem.l_orderkey)","Rows Removed by Index Recheck": 0,"Workers": []}]}]}]}]}]},"Planning Time": 5.642,"Triggers": [],"Execution Time": 428.742}]
[{"Plan": {"Node Type": "Aggregate","Strategy": "Sorted","Partial Mode": "Finalize","Parallel Aware": false,"Async Capable": false,"Startup Cost": 173975.00,"Total Cost": 174126.12,"Plan Rows": 7,"Plan Width": 27,"Actual Startup Time": 391.228,"Actual Total Time": 425.593,"Actual Rows": 2,"Actual Loops": 1,"Group Key": ["lineitem.l_shipmode"],"Plans": [{"Node Type": "Gather Merge","Parent Relationship": "Outer","Parallel Aware": false,"Async Capable": false,"Startup Cost": 173975.00,"Total Cost": 174125.84,"Plan Rows": 28,"Plan Width": 27,"Actual Startup Time": 390.409,"Actual Total Time": 425.566,"Actual Rows": 10,"Actual Loops": 1,"Workers Planned": 4,"Workers Launched": 4,"Plans": [{"Node Type": "Aggregate","Strategy": "Sorted","Partial Mode": "Partial","Parent Relationship": "Outer","Parallel Aware": false,"Async Capable": false,"Startup Cost": 172974.94,"Total Cost": 173122.45,"Plan Rows": 7,"Plan Width": 27,"Actual Startup Time": 382.487,"Actual Total Time": 383.214,"Actual Rows": 2,"Actual Loops": 5,"Group Key": ["lineitem.l_shipmode"],"Workers": [],"Plans": [{"Node Type": "Sort","Parent Relationship": "Outer","Parallel Aware": false,"Async Capable": false,"Startup Cost": 172974.94,"Total Cost": 172993.37,"Plan Rows": 7372,"Plan Width": 27,"Actual Startup Time": 381.739,"Actual Total Time": 381.980,"Actual Rows": 6180,"Actual Loops": 5,"Sort Key": ["lineitem.l_shipmode"],"Sort Method": "quicksort","Sort Space Used": 627,"Sort Space Type": "Memory","Workers": [{"Worker Number": 0,"Sort Method": "quicksort","Sort Space Used": 637,"Sort Space Type": "Memory"},{"Worker Number": 1,"Sort Method": "quicksort","Sort Space Used": 629,"Sort Space Type": "Memory"},{"Worker Number": 2,"Sort Method": "quicksort","Sort Space Used": 615,"Sort Space Type": "Memory"},{"Worker Number": 3,"Sort Method": "quicksort","Sort Space Used": 627,"Sort Space Type": "Memory"}],"Plans": [{"Node Type": "Nested Loop","Parent Relationship": "Outer","Parallel Aware": false,"Async Capable": false,"Join Type": "Inner","Startup Cost": 0.43,"Total Cost": 172501.37,"Plan Rows": 7372,"Plan Width": 27,"Actual Startup Time": 0.272,"Actual Total Time": 378.907,"Actual Rows": 6180,"Actual Loops": 5,"Inner Unique": true,"Workers": [],"Plans": [{"Node Type": "Seq Scan","Parent Relationship": "Outer","Parallel Aware": true,"Async Capable": false,"Relation Name": "lineitem","Alias": "lineitem","Startup Cost": 0.00,"Total Cost": 146259.83,"Plan Rows": 7373,"Plan Width": 15,"Actual Startup Time": 0.161,"Actual Total Time": 344.794,"Actual Rows": 6180,"Actual Loops": 5,"Filter": "((l_shipmode = ANY ('{FOB,TRUCK}'::bpchar[])) AND (l_commitdate < l_receiptdate) AND (l_shipdate < l_commitdate) AND (l_receiptdate >= '1993-01-01'::date) AND (l_receiptdate < '1994-01-01 00:00:00'::timestamp without time zone))","Rows Removed by Filter": 1194063,"Workers": []},{"Node Type": "Index Scan","Parent Relationship": "Inner","Parallel Aware": false,"Async Capable": false,"Scan Direction": "Forward","Index Name": "orders_pkey","Relation Name": "orders","Alias": "orders","Startup Cost": 0.43,"Total Cost": 3.56,"Plan Rows": 1,"Plan Width": 20,"Actual Startup Time": 0.005,"Actual Total Time": 0.005,"Actual Rows": 1,"Actual Loops": 30899,"Index Cond": "(o_orderkey = lineitem.l_orderkey)","Rows Removed by Index Recheck": 0,"Workers": []}]}]}]}]}]},"Planning Time": 4.358,"Triggers": [],"Execution Time": 425.966}]
[{"Plan": {"Node Type": "Aggregate","Strategy": "Sorted","Partial Mode": "Finalize","Parallel Aware": false,"Async Capable": false,"Startup Cost": 174090.23,"Total Cost": 174242.45,"Plan Rows": 7,"Plan Width": 27,"Actual Startup Time": 397.941,"Actual Total Time": 432.824,"Actual Rows": 2,"Actual Loops": 1,"Group Key": ["lineitem.l_shipmode"],"Plans": [{"Node Type": "Gather Merge","Parent Relationship": "Outer","Parallel Aware": false,"Async Capable": false,"Startup Cost": 174090.23,"Total Cost": 174242.17,"Plan Rows": 28,"Plan Width": 27,"Actual Startup Time": 397.112,"Actual Total Time": 432.767,"Actual Rows": 10,"Actual Loops": 1,"Workers Planned": 4,"Workers Launched": 4,"Plans": [{"Node Type": "Aggregate","Strategy": "Sorted","Partial Mode": "Partial","Parent Relationship": "Outer","Parallel Aware": false,"Async Capable": false,"Startup Cost": 173090.17,"Total Cost": 173238.78,"Plan Rows": 7,"Plan Width": 27,"Actual Startup Time": 388.467,"Actual Total Time": 389.216,"Actual Rows": 2,"Actual Loops": 5,"Group Key": ["lineitem.l_shipmode"],"Workers": [],"Plans": [{"Node Type": "Sort","Parent Relationship": "Outer","Parallel Aware": false,"Async Capable": false,"Startup Cost": 173090.17,"Total Cost": 173108.74,"Plan Rows": 7427,"Plan Width": 27,"Actual Startup Time": 387.692,"Actual Total Time": 387.946,"Actual Rows": 6300,"Actual Loops": 5,"Sort Key": ["lineitem.l_shipmode"],"Sort Method": "quicksort","Sort Space Used": 641,"Sort Space Type": "Memory","Workers": [{"Worker Number": 0,"Sort Method": "quicksort","Sort Space Used": 634,"Sort Space Type": "Memory"},{"Worker Number": 1,"Sort Method": "quicksort","Sort Space Used": 640,"Sort Space Type": "Memory"},{"Worker Number": 2,"Sort Method": "quicksort","Sort Space Used": 628,"Sort Space Type": "Memory"},{"Worker Number": 3,"Sort Method": "quicksort","Sort Space Used": 634,"Sort Space Type": "Memory"}],"Plans": [{"Node Type": "Nested Loop","Parent Relationship": "Outer","Parallel Aware": false,"Async Capable": false,"Join Type": "Inner","Startup Cost": 0.43,"Total Cost": 172612.67,"Plan Rows": 7427,"Plan Width": 27,"Actual Startup Time": 0.321,"Actual Total Time": 384.715,"Actual Rows": 6300,"Actual Loops": 5,"Inner Unique": true,"Workers": [],"Plans": [{"Node Type": "Seq Scan","Parent Relationship": "Outer","Parallel Aware": true,"Async Capable": false,"Relation Name": "lineitem","Alias": "lineitem","Startup Cost": 0.00,"Total Cost": 146259.83,"Plan Rows": 7427,"Plan Width": 15,"Actual Startup Time": 0.185,"Actual Total Time": 349.161,"Actual Rows": 6300,"Actual Loops": 5,"Filter": "((l_shipmode = ANY ('{FOB,AIR}'::bpchar[])) AND (l_commitdate < l_receiptdate) AND (l_shipdate < l_commitdate) AND (l_receiptdate >= '1995-01-01'::date) AND (l_receiptdate < '1996-01-01 00:00:00'::timestamp without time zone))","Rows Removed by Filter": 1193943,"Workers": []},{"Node Type": "Index Scan","Parent Relationship": "Inner","Parallel Aware": false,"Async Capable": false,"Scan Direction": "Forward","Index Name": "orders_pkey","Relation Name": "orders","Alias": "orders","Startup Cost": 0.43,"Total Cost": 3.55,"Plan Rows": 1,"Plan Width": 20,"Actual Startup Time": 0.005,"Actual Total Time": 0.005,"Actual Rows": 1,"Actual Loops": 31499,"Index Cond": "(o_orderkey = lineitem.l_orderkey)","Rows Removed by Index Recheck": 0,"Workers": []}]}]}]}]}]},"Planning Time": 5.199,"Triggers": [],"Execution Time": 433.518}]
[{"Plan": {"Node Type": "Aggregate","Strategy": "Sorted","Partial Mode": "Finalize","Parallel Aware": false,"Async Capable": false,"Startup Cost": 173523.95,"Total Cost": 173670.93,"Plan Rows": 7,"Plan Width": 27,"Actual Startup Time": 393.679,"Actual Total Time": 427.763,"Actual Rows": 2,"Actual Loops": 1,"Group Key": ["lineitem.l_shipmode"],"Plans": [{"Node Type": "Gather Merge","Parent Relationship": "Outer","Parallel Aware": false,"Async Capable": false,"Startup Cost": 173523.95,"Total Cost": 173670.65,"Plan Rows": 28,"Plan Width": 27,"Actual Startup Time": 392.788,"Actual Total Time": 427.723,"Actual Rows": 10,"Actual Loops": 1,"Workers Planned": 4,"Workers Launched": 4,"Plans": [{"Node Type": "Aggregate","Strategy": "Sorted","Partial Mode": "Partial","Parent Relationship": "Outer","Parallel Aware": false,"Async Capable": false,"Startup Cost": 172523.89,"Total Cost": 172667.26,"Plan Rows": 7,"Plan Width": 27,"Actual Startup Time": 384.463,"Actual Total Time": 385.224,"Actual Rows": 2,"Actual Loops": 5,"Group Key": ["lineitem.l_shipmode"],"Workers": [],"Plans": [{"Node Type": "Sort","Parent Relationship": "Outer","Parallel Aware": false,"Async Capable": false,"Startup Cost": 172523.89,"Total Cost": 172541.80,"Plan Rows": 7165,"Plan Width": 27,"Actual Startup Time": 383.715,"Actual Total Time": 383.966,"Actual Rows": 6260,"Actual Loops": 5,"Sort Key": ["lineitem.l_shipmode"],"Sort Method": "quicksort","Sort Space Used": 649,"Sort Space Type": "Memory","Workers": [{"Worker Number": 0,"Sort Method": "quicksort","Sort Space Used": 636,"Sort Space Type": "Memory"},{"Worker Number": 1,"Sort Method": "quicksort","Sort Space Used": 616,"Sort Space Type": "Memory"},{"Worker Number": 2,"Sort Method": "quicksort","Sort Space Used": 626,"Sort Space Type": "Memory"},{"Worker Number": 3,"Sort Method": "quicksort","Sort Space Used": 636,"Sort Space Type": "Memory"}],"Plans": [{"Node Type": "Nested Loop","Parent Relationship": "Outer","Parallel Aware": false,"Async Capable": false,"Join Type": "Inner","Startup Cost": 0.43,"Total Cost": 172065.09,"Plan Rows": 7165,"Plan Width": 27,"Actual Startup Time": 0.313,"Actual Total Time": 380.893,"Actual Rows": 6260,"Actual Loops": 5,"Inner Unique": true,"Workers": [],"Plans": [{"Node Type": "Seq Scan","Parent Relationship": "Outer","Parallel Aware": true,"Async Capable": false,"Relation Name": "lineitem","Alias": "lineitem","Startup Cost": 0.00,"Total Cost": 146259.83,"Plan Rows": 7165,"Plan Width": 15,"Actual Startup Time": 0.201,"Actual Total Time": 346.320,"Actual Rows": 6260,"Actual Loops": 5,"Filter": "((l_shipmode = ANY ('{AIR,SHIP}'::bpchar[])) AND (l_commitdate < l_receiptdate) AND (l_shipdate < l_commitdate) AND (l_receiptdate >= '1996-01-01'::date) AND (l_receiptdate < '1997-01-01 00:00:00'::timestamp without time zone))","Rows Removed by Filter": 1193983,"Workers": []},{"Node Type": "Index Scan","Parent Relationship": "Inner","Parallel Aware": false,"Async Capable": false,"Scan Direction": "Forward","Index Name": "orders_pkey","Relation Name": "orders","Alias": "orders","Startup Cost": 0.43,"Total Cost": 3.60,"Plan Rows": 1,"Plan Width": 20,"Actual Startup Time": 0.005,"Actual Total Time": 0.005,"Actual Rows": 1,"Actual Loops": 31300,"Index Cond": "(o_orderkey = lineitem.l_orderkey)","Rows Removed by Index Recheck": 0,"Workers": []}]}]}]}]}]},"Planning Time": 5.095,"Triggers": [],"Execution Time": 428.416}]
[{"Plan": {"Node Type": "Aggregate","Strategy": "Sorted","Partial Mode": "Finalize","Parallel Aware": false,"Async Capable": false,"Startup Cost": 173828.04,"Total Cost": 173977.83,"Plan Rows": 7,"Plan Width": 27,"Actual Startup Time": 408.048,"Actual Total Time": 441.706,"Actual Rows": 2,"Actual Loops": 1,"Group Key": ["lineitem.l_shipmode"],"Plans": [{"Node Type": "Gather Merge","Parent Relationship": "Outer","Parallel Aware": false,"Async Capable": false,"Startup Cost": 173828.04,"Total Cost": 173977.55,"Plan Rows": 28,"Plan Width": 27,"Actual Startup Time": 407.198,"Actual Total Time": 441.665,"Actual Rows": 10,"Actual Loops": 1,"Workers Planned": 4,"Workers Launched": 4,"Plans": [{"Node Type": "Aggregate","Strategy": "Sorted","Partial Mode": "Partial","Parent Relationship": "Outer","Parallel Aware": false,"Async Capable": false,"Startup Cost": 172827.99,"Total Cost": 172974.16,"Plan Rows": 7,"Plan Width": 27,"Actual Startup Time": 398.186,"Actual Total Time": 398.921,"Actual Rows": 2,"Actual Loops": 5,"Group Key": ["lineitem.l_shipmode"],"Workers": [],"Plans": [{"Node Type": "Sort","Parent Relationship": "Outer","Parallel Aware": false,"Async Capable": false,"Startup Cost": 172827.99,"Total Cost": 172846.25,"Plan Rows": 7305,"Plan Width": 27,"Actual Startup Time": 397.412,"Actual Total Time": 397.674,"Actual Rows": 6195,"Actual Loops": 5,"Sort Key": ["lineitem.l_shipmode"],"Sort Method": "quicksort","Sort Space Used": 629,"Sort Space Type": "Memory","Workers": [{"Worker Number": 0,"Sort Method": "quicksort","Sort Space Used": 632,"Sort Space Type": "Memory"},{"Worker Number": 1,"Sort Method": "quicksort","Sort Space Used": 637,"Sort Space Type": "Memory"},{"Worker Number": 2,"Sort Method": "quicksort","Sort Space Used": 605,"Sort Space Type": "Memory"},{"Worker Number": 3,"Sort Method": "quicksort","Sort Space Used": 638,"Sort Space Type": "Memory"}],"Plans": [{"Node Type": "Nested Loop","Parent Relationship": "Outer","Parallel Aware": false,"Async Capable": false,"Join Type": "Inner","Startup Cost": 0.43,"Total Cost": 172359.20,"Plan Rows": 7305,"Plan Width": 27,"Actual Startup Time": 0.252,"Actual Total Time": 394.482,"Actual Rows": 6195,"Actual Loops": 5,"Inner Unique": true,"Workers": [],"Plans": [{"Node Type": "Seq Scan","Parent Relationship": "Outer","Parallel Aware": true,"Async Capable": false,"Relation Name": "lineitem","Alias": "lineitem","Startup Cost": 0.00,"Total Cost": 146259.83,"Plan Rows": 7305,"Plan Width": 15,"Actual Startup Time": 0.171,"Actual Total Time": 358.601,"Actual Rows": 6195,"Actual Loops": 5,"Filter": "((l_shipmode = ANY ('{TRUCK,AIR}'::bpchar[])) AND (l_commitdate < l_receiptdate) AND (l_shipdate < l_commitdate) AND (l_receiptdate >= '1993-01-01'::date) AND (l_receiptdate < '1994-01-01 00:00:00'::timestamp without time zone))","Rows Removed by Filter": 1194048,"Workers": []},{"Node Type": "Index Scan","Parent Relationship": "Inner","Parallel Aware": false,"Async Capable": false,"Scan Direction": "Forward","Index Name": "orders_pkey","Relation Name": "orders","Alias": "orders","Startup Cost": 0.43,"Total Cost": 3.57,"Plan Rows": 1,"Plan Width": 20,"Actual Startup Time": 0.005,"Actual Total Time": 0.005,"Actual Rows": 1,"Actual Loops": 30975,"Index Cond": "(o_orderkey = lineitem.l_orderkey)","Rows Removed by Index Recheck": 0,"Workers": []}]}]}]}]}]},"Planning Time": 3.871,"Triggers": [],"Execution Time": 442.405}]
[{"Plan": {"Node Type": "Aggregate","Strategy": "Sorted","Partial Mode": "Finalize","Parallel Aware": false,"Async Capable": false,"Startup Cost": 173702.24,"Total Cost": 173850.86,"Plan Rows": 7,"Plan Width": 27,"Actual Startup Time": 404.913,"Actual Total Time": 437.198,"Actual Rows": 2,"Actual Loops": 1,"Group Key": ["lineitem.l_shipmode"],"Plans": [{"Node Type": "Gather Merge","Parent Relationship": "Outer","Parallel Aware": false,"Async Capable": false,"Startup Cost": 173702.24,"Total Cost": 173850.58,"Plan Rows": 28,"Plan Width": 27,"Actual Startup Time": 404.024,"Actual Total Time": 437.169,"Actual Rows": 10,"Actual Loops": 1,"Workers Planned": 4,"Workers Launched": 4,"Plans": [{"Node Type": "Aggregate","Strategy": "Sorted","Partial Mode": "Partial","Parent Relationship": "Outer","Parallel Aware": false,"Async Capable": false,"Startup Cost": 172702.18,"Total Cost": 172847.19,"Plan Rows": 7,"Plan Width": 27,"Actual Startup Time": 395.987,"Actual Total Time": 396.731,"Actual Rows": 2,"Actual Loops": 5,"Group Key": ["lineitem.l_shipmode"],"Workers": [],"Plans": [{"Node Type": "Sort","Parent Relationship": "Outer","Parallel Aware": false,"Async Capable": false,"Startup Cost": 172702.18,"Total Cost": 172720.30,"Plan Rows": 7247,"Plan Width": 27,"Actual Startup Time": 395.232,"Actual Total Time": 395.485,"Actual Rows": 6286,"Actual Loops": 5,"Sort Key": ["lineitem.l_shipmode"],"Sort Method": "quicksort","Sort Space Used": 648,"Sort Space Type": "Memory","Workers": [{"Worker Number": 0,"Sort Method": "quicksort","Sort Space Used": 638,"Sort Space Type": "Memory"},{"Worker Number": 1,"Sort Method": "quicksort","Sort Space Used": 620,"Sort Space Type": "Memory"},{"Worker Number": 2,"Sort Method": "quicksort","Sort Space Used": 639,"Sort Space Type": "Memory"},{"Worker Number": 3,"Sort Method": "quicksort","Sort Space Used": 627,"Sort Space Type": "Memory"}],"Plans": [{"Node Type": "Nested Loop","Parent Relationship": "Outer","Parallel Aware": false,"Async Capable": false,"Join Type": "Inner","Startup Cost": 0.43,"Total Cost": 172237.53,"Plan Rows": 7247,"Plan Width": 27,"Actual Startup Time": 0.400,"Actual Total Time": 392.301,"Actual Rows": 6286,"Actual Loops": 5,"Inner Unique": true,"Workers": [],"Plans": [{"Node Type": "Seq Scan","Parent Relationship": "Outer","Parallel Aware": true,"Async Capable": false,"Relation Name": "lineitem","Alias": "lineitem","Startup Cost": 0.00,"Total Cost": 146259.83,"Plan Rows": 7247,"Plan Width": 15,"Actual Startup Time": 0.277,"Actual Total Time": 356.522,"Actual Rows": 6286,"Actual Loops": 5,"Filter": "((l_shipmode = ANY ('{MAIL,RAIL}'::bpchar[])) AND (l_commitdate < l_receiptdate) AND (l_shipdate < l_commitdate) AND (l_receiptdate >= '1997-01-01'::date) AND (l_receiptdate < '1998-01-01 00:00:00'::timestamp without time zone))","Rows Removed by Filter": 1193957,"Workers": []},{"Node Type": "Index Scan","Parent Relationship": "Inner","Parallel Aware": false,"Async Capable": false,"Scan Direction": "Forward","Index Name": "orders_pkey","Relation Name": "orders","Alias": "orders","Startup Cost": 0.43,"Total Cost": 3.58,"Plan Rows": 1,"Plan Width": 20,"Actual Startup Time": 0.005,"Actual Total Time": 0.005,"Actual Rows": 1,"Actual Loops": 31428,"Index Cond": "(o_orderkey = lineitem.l_orderkey)","Rows Removed by Index Recheck": 0,"Workers": []}]}]}]}]}]},"Planning Time": 4.094,"Triggers": [],"Execution Time": 437.643}]
[{"Plan": {"Node Type": "Aggregate","Strategy": "Sorted","Partial Mode": "Finalize","Parallel Aware": false,"Async Capable": false,"Startup Cost": 173859.68,"Total Cost": 174009.77,"Plan Rows": 7,"Plan Width": 27,"Actual Startup Time": 401.165,"Actual Total Time": 433.629,"Actual Rows": 2,"Actual Loops": 1,"Group Key": ["lineitem.l_shipmode"],"Plans": [{"Node Type": "Gather Merge","Parent Relationship": "Outer","Parallel Aware": false,"Async Capable": false,"Startup Cost": 173859.68,"Total Cost": 174009.49,"Plan Rows": 28,"Plan Width": 27,"Actual Startup Time": 400.382,"Actual Total Time": 433.593,"Actual Rows": 10,"Actual Loops": 1,"Workers Planned": 4,"Workers Launched": 4,"Plans": [{"Node Type": "Aggregate","Strategy": "Sorted","Partial Mode": "Partial","Parent Relationship": "Outer","Parallel Aware": false,"Async Capable": false,"Startup Cost": 172859.63,"Total Cost": 173006.10,"Plan Rows": 7,"Plan Width": 27,"Actual Startup Time": 392.144,"Actual Total Time": 392.879,"Actual Rows": 2,"Actual Loops": 5,"Group Key": ["lineitem.l_shipmode"],"Workers": [],"Plans": [{"Node Type": "Sort","Parent Relationship": "Outer","Parallel Aware": false,"Async Capable": false,"Startup Cost": 172859.63,"Total Cost": 172877.93,"Plan Rows": 7320,"Plan Width": 27,"Actual Startup Time": 391.389,"Actual Total Time": 391.645,"Actual Rows": 6205,"Actual Loops": 5,"Sort Key": ["lineitem.l_shipmode"],"Sort Method": "quicksort","Sort Space Used": 622,"Sort Space Type": "Memory","Workers": [{"Worker Number": 0,"Sort Method": "quicksort","Sort Space Used": 634,"Sort Space Type": "Memory"},{"Worker Number": 1,"Sort Method": "quicksort","Sort Space Used": 638,"Sort Space Type": "Memory"},{"Worker Number": 2,"Sort Method": "quicksort","Sort Space Used": 645,"Sort Space Type": "Memory"},{"Worker Number": 3,"Sort Method": "quicksort","Sort Space Used": 604,"Sort Space Type": "Memory"}],"Plans": [{"Node Type": "Nested Loop","Parent Relationship": "Outer","Parallel Aware": false,"Async Capable": false,"Join Type": "Inner","Startup Cost": 0.43,"Total Cost": 172389.77,"Plan Rows": 7320,"Plan Width": 27,"Actual Startup Time": 0.440,"Actual Total Time": 388.466,"Actual Rows": 6205,"Actual Loops": 5,"Inner Unique": true,"Workers": [],"Plans": [{"Node Type": "Seq Scan","Parent Relationship": "Outer","Parallel Aware": true,"Async Capable": false,"Relation Name": "lineitem","Alias": "lineitem","Startup Cost": 0.00,"Total Cost": 146259.83,"Plan Rows": 7320,"Plan Width": 15,"Actual Startup Time": 0.320,"Actual Total Time": 352.902,"Actual Rows": 6205,"Actual Loops": 5,"Filter": "((l_shipmode = ANY ('{\"REG AIR\",FOB}'::bpchar[])) AND (l_commitdate < l_receiptdate) AND (l_shipdate < l_commitdate) AND (l_receiptdate >= '1993-01-01'::date) AND (l_receiptdate < '1994-01-01 00:00:00'::timestamp without time zone))","Rows Removed by Filter": 1194038,"Workers": []},{"Node Type": "Index Scan","Parent Relationship": "Inner","Parallel Aware": false,"Async Capable": false,"Scan Direction": "Forward","Index Name": "orders_pkey","Relation Name": "orders","Alias": "orders","Startup Cost": 0.43,"Total Cost": 3.57,"Plan Rows": 1,"Plan Width": 20,"Actual Startup Time": 0.005,"Actual Total Time": 0.005,"Actual Rows": 1,"Actual Loops": 31024,"Index Cond": "(o_orderkey = lineitem.l_orderkey)","Rows Removed by Index Recheck": 0,"Workers": []}]}]}]}]}]},"Planning Time": 5.325,"Triggers": [],"Execution Time": 434.127}]
[{"Plan": {"Node Type": "Aggregate","Strategy": "Sorted","Partial Mode": "Finalize","Parallel Aware": false,"Async Capable": false,"Startup Cost": 173741.53,"Total Cost": 173890.51,"Plan Rows": 7,"Plan Width": 27,"Actual Startup Time": 407.775,"Actual Total Time": 441.655,"Actual Rows": 2,"Actual Loops": 1,"Group Key": ["lineitem.l_shipmode"],"Plans": [{"Node Type": "Gather Merge","Parent Relationship": "Outer","Parallel Aware": false,"Async Capable": false,"Startup Cost": 173741.53,"Total Cost": 173890.23,"Plan Rows": 28,"Plan Width": 27,"Actual Startup Time": 406.920,"Actual Total Time": 441.622,"Actual Rows": 10,"Actual Loops": 1,"Workers Planned": 4,"Workers Launched": 4,"Plans": [{"Node Type": "Aggregate","Strategy": "Sorted","Partial Mode": "Partial","Parent Relationship": "Outer","Parallel Aware": false,"Async Capable": false,"Startup Cost": 172741.47,"Total Cost": 172886.84,"Plan Rows": 7,"Plan Width": 27,"Actual Startup Time": 398.034,"Actual Total Time": 398.765,"Actual Rows": 2,"Actual Loops": 5,"Group Key": ["lineitem.l_shipmode"],"Workers": [],"Plans": [{"Node Type": "Sort","Parent Relationship": "Outer","Parallel Aware": false,"Async Capable": false,"Startup Cost": 172741.47,"Total Cost": 172759.63,"Plan Rows": 7265,"Plan Width": 27,"Actual Startup Time": 397.256,"Actual Total Time": 397.506,"Actual Rows": 6242,"Actual Loops": 5,"Sort Key": ["lineitem.l_shipmode"],"Sort Method": "quicksort","Sort Space Used": 635,"Sort Space Type": "Memory","Workers": [{"Worker Number": 0,"Sort Method": "quicksort","Sort Space Used": 642,"Sort Space Type": "Memory"},{"Worker Number": 1,"Sort Method": "quicksort","Sort Space Used": 610,"Sort Space Type": "Memory"},{"Worker Number": 2,"Sort Method": "quicksort","Sort Space Used": 629,"Sort Space Type": "Memory"},{"Worker Number": 3,"Sort Method": "quicksort","Sort Space Used": 641,"Sort Space Type": "Memory"}],"Plans": [{"Node Type": "Nested Loop","Parent Relationship": "Outer","Parallel Aware": false,"Async Capable": false,"Join Type": "Inner","Startup Cost": 0.43,"Total Cost": 172275.54,"Plan Rows": 7265,"Plan Width": 27,"Actual Startup Time": 0.308,"Actual Total Time": 394.229,"Actual Rows": 6242,"Actual Loops": 5,"Inner Unique": true,"Workers": [],"Plans": [{"Node Type": "Seq Scan","Parent Relationship": "Outer","Parallel Aware": true,"Async Capable": false,"Relation Name": "lineitem","Alias": "lineitem","Startup Cost": 0.00,"Total Cost": 146259.83,"Plan Rows": 7265,"Plan Width": 15,"Actual Startup Time": 0.198,"Actual Total Time": 358.001,"Actual Rows": 6242,"Actual Loops": 5,"Filter": "((l_shipmode = ANY ('{MAIL,TRUCK}'::bpchar[])) AND (l_commitdate < l_receiptdate) AND (l_shipdate < l_commitdate) AND (l_receiptdate >= '1997-01-01'::date) AND (l_receiptdate < '1998-01-01 00:00:00'::timestamp without time zone))","Rows Removed by Filter": 1194001,"Workers": []},{"Node Type": "Index Scan","Parent Relationship": "Inner","Parallel Aware": false,"Async Capable": false,"Scan Direction": "Forward","Index Name": "orders_pkey","Relation Name": "orders","Alias": "orders","Startup Cost": 0.43,"Total Cost": 3.58,"Plan Rows": 1,"Plan Width": 20,"Actual Startup Time": 0.005,"Actual Total Time": 0.005,"Actual Rows": 1,"Actual Loops": 31211,"Index Cond": "(o_orderkey = lineitem.l_orderkey)","Rows Removed by Index Recheck": 0,"Workers": []}]}]}]}]}]},"Planning Time": 4.249,"Triggers": [],"Execution Time": 442.327}]
[{"Plan": {"Node Type": "Aggregate","Strategy": "Sorted","Partial Mode": "Finalize","Parallel Aware": false,"Async Capable": false,"Startup Cost": 174207.58,"Total Cost": 174360.90,"Plan Rows": 7,"Plan Width": 27,"Actual Startup Time": 396.838,"Actual Total Time": 430.102,"Actual Rows": 2,"Actual Loops": 1,"Group Key": ["lineitem.l_shipmode"],"Plans": [{"Node Type": "Gather Merge","Parent Relationship": "Outer","Parallel Aware": false,"Async Capable": false,"Startup Cost": 174207.58,"Total Cost": 174360.62,"Plan Rows": 28,"Plan Width": 27,"Actual Startup Time": 396.044,"Actual Total Time": 430.064,"Actual Rows": 10,"Actual Loops": 1,"Workers Planned": 4,"Workers Launched": 4,"Plans": [{"Node Type": "Aggregate","Strategy": "Sorted","Partial Mode": "Partial","Parent Relationship": "Outer","Parallel Aware": false,"Async Capable": false,"Startup Cost": 173207.52,"Total Cost": 173357.23,"Plan Rows": 7,"Plan Width": 27,"Actual Startup Time": 387.898,"Actual Total Time": 388.618,"Actual Rows": 2,"Actual Loops": 5,"Group Key": ["lineitem.l_shipmode"],"Workers": [],"Plans": [{"Node Type": "Sort","Parent Relationship": "Outer","Parallel Aware": false,"Async Capable": false,"Startup Cost": 173207.52,"Total Cost": 173226.23,"Plan Rows": 7482,"Plan Width": 27,"Actual Startup Time": 387.133,"Actual Total Time": 387.378,"Actual Rows": 6220,"Actual Loops": 5,"Sort Key": ["lineitem.l_shipmode"],"Sort Method": "quicksort","Sort Space Used": 639,"Sort Space Type": "Memory","Workers": [{"Worker Number": 0,"Sort Method": "quicksort","Sort Space Used": 634,"Sort Space Type": "Memory"},{"Worker Number": 1,"Sort Method": "quicksort","Sort Space Used": 627,"Sort Space Type": "Memory"},{"Worker Number": 2,"Sort Method": "quicksort","Sort Space Used": 623,"Sort Space Type": "Memory"},{"Worker Number": 3,"Sort Method": "quicksort","Sort Space Used": 627,"Sort Space Type": "Memory"}],"Plans": [{"Node Type": "Nested Loop","Parent Relationship": "Outer","Parallel Aware": false,"Async Capable": false,"Join Type": "Inner","Startup Cost": 0.43,"Total Cost": 172726.08,"Plan Rows": 7482,"Plan Width": 27,"Actual Startup Time": 0.358,"Actual Total Time": 384.290,"Actual Rows": 6220,"Actual Loops": 5,"Inner Unique": true,"Workers": [],"Plans": [{"Node Type": "Seq Scan","Parent Relationship": "Outer","Parallel Aware": true,"Async Capable": false,"Relation Name": "lineitem","Alias": "lineitem","Startup Cost": 0.00,"Total Cost": 146259.83,"Plan Rows": 7482,"Plan Width": 15,"Actual Startup Time": 0.244,"Actual Total Time": 350.033,"Actual Rows": 6220,"Actual Loops": 5,"Filter": "((l_shipmode = ANY ('{FOB,MAIL}'::bpchar[])) AND (l_commitdate < l_receiptdate) AND (l_shipdate < l_commitdate) AND (l_receiptdate >= '1995-01-01'::date) AND (l_receiptdate < '1996-01-01 00:00:00'::timestamp without time zone))","Rows Removed by Filter": 1194023,"Workers": []},{"Node Type": "Index Scan","Parent Relationship": "Inner","Parallel Aware": false,"Async Capable": false,"Scan Direction": "Forward","Index Name": "orders_pkey","Relation Name": "orders","Alias": "orders","Startup Cost": 0.43,"Total Cost": 3.54,"Plan Rows": 1,"Plan Width": 20,"Actual Startup Time": 0.005,"Actual Total Time": 0.005,"Actual Rows": 1,"Actual Loops": 31102,"Index Cond": "(o_orderkey = lineitem.l_orderkey)","Rows Removed by Index Recheck": 0,"Workers": []}]}]}]}]}]},"Planning Time": 3.852,"Triggers": [],"Execution Time": 430.582}]
[{"Plan": {"Node Type": "Aggregate","Strategy": "Sorted","Partial Mode": "Finalize","Parallel Aware": false,"Async Capable": false,"Startup Cost": 174191.45,"Total Cost": 174344.61,"Plan Rows": 7,"Plan Width": 27,"Actual Startup Time": 394.289,"Actual Total Time": 426.179,"Actual Rows": 2,"Actual Loops": 1,"Group Key": ["lineitem.l_shipmode"],"Plans": [{"Node Type": "Gather Merge","Parent Relationship": "Outer","Parallel Aware": false,"Async Capable": false,"Startup Cost": 174191.45,"Total Cost": 174344.33,"Plan Rows": 28,"Plan Width": 27,"Actual Startup Time": 393.316,"Actual Total Time": 426.137,"Actual Rows": 10,"Actual Loops": 1,"Workers Planned": 4,"Workers Launched": 4,"Plans": [{"Node Type": "Aggregate","Strategy": "Sorted","Partial Mode": "Partial","Parent Relationship": "Outer","Parallel Aware": false,"Async Capable": false,"Startup Cost": 173191.39,"Total Cost": 173340.94,"Plan Rows": 7,"Plan Width": 27,"Actual Startup Time": 385.284,"Actual Total Time": 386.044,"Actual Rows": 2,"Actual Loops": 5,"Group Key": ["lineitem.l_shipmode"],"Workers": [],"Plans": [{"Node Type": "Sort","Parent Relationship": "Outer","Parallel Aware": false,"Async Capable": false,"Startup Cost": 173191.39,"Total Cost": 173210.07,"Plan Rows": 7474,"Plan Width": 27,"Actual Startup Time": 384.516,"Actual Total Time": 384.779,"Actual Rows": 6287,"Actual Loops": 5,"Sort Key": ["lineitem.l_shipmode"],"Sort Method": "quicksort","Sort Space Used": 648,"Sort Space Type": "Memory","Workers": [{"Worker Number": 0,"Sort Method": "quicksort","Sort Space Used": 637,"Sort Space Type": "Memory"},{"Worker Number": 1,"Sort Method": "quicksort","Sort Space Used": 632,"Sort Space Type": "Memory"},{"Worker Number": 2,"Sort Method": "quicksort","Sort Space Used": 628,"Sort Space Type": "Memory"},{"Worker Number": 3,"Sort Method": "quicksort","Sort Space Used": 629,"Sort Space Type": "Memory"}],"Plans": [{"Node Type": "Nested Loop","Parent Relationship": "Outer","Parallel Aware": false,"Async Capable": false,"Join Type": "Inner","Startup Cost": 0.43,"Total Cost": 172710.52,"Plan Rows": 7474,"Plan Width": 27,"Actual Startup Time": 0.392,"Actual Total Time": 381.696,"Actual Rows": 6287,"Actual Loops": 5,"Inner Unique": true,"Workers": [],"Plans": [{"Node Type": "Seq Scan","Parent Relationship": "Outer","Parallel Aware": true,"Async Capable": false,"Relation Name": "lineitem","Alias": "lineitem","Startup Cost": 0.00,"Total Cost": 146259.83,"Plan Rows": 7474,"Plan Width": 15,"Actual Startup Time": 0.268,"Actual Total Time": 347.448,"Actual Rows": 6287,"Actual Loops": 5,"Filter": "((l_shipmode = ANY ('{TRUCK,FOB}'::bpchar[])) AND (l_commitdate < l_receiptdate) AND (l_shipdate < l_commitdate) AND (l_receiptdate >= '1995-01-01'::date) AND (l_receiptdate < '1996-01-01 00:00:00'::timestamp without time zone))","Rows Removed by Filter": 1193956,"Workers": []},{"Node Type": "Index Scan","Parent Relationship": "Inner","Parallel Aware": false,"Async Capable": false,"Scan Direction": "Forward","Index Name": "orders_pkey","Relation Name": "orders","Alias": "orders","Startup Cost": 0.43,"Total Cost": 3.54,"Plan Rows": 1,"Plan Width": 20,"Actual Startup Time": 0.005,"Actual Total Time": 0.005,"Actual Rows": 1,"Actual Loops": 31436,"Index Cond": "(o_orderkey = lineitem.l_orderkey)","Rows Removed by Index Recheck": 0,"Workers": []}]}]}]}]}]},"Planning Time": 5.176,"Triggers": [],"Execution Time": 426.587}]
[{"Plan": {"Node Type": "Aggregate","Strategy": "Sorted","Partial Mode": "Finalize","Parallel Aware": false,"Async Capable": false,"Startup Cost": 173754.09,"Total Cost": 173903.20,"Plan Rows": 7,"Plan Width": 27,"Actual Startup Time": 398.430,"Actual Total Time": 433.003,"Actual Rows": 2,"Actual Loops": 1,"Group Key": ["lineitem.l_shipmode"],"Plans": [{"Node Type": "Gather Merge","Parent Relationship": "Outer","Parallel Aware": false,"Async Capable": false,"Startup Cost": 173754.09,"Total Cost": 173902.92,"Plan Rows": 28,"Plan Width": 27,"Actual Startup Time": 397.564,"Actual Total Time": 432.964,"Actual Rows": 10,"Actual Loops": 1,"Workers Planned": 4,"Workers Launched": 4,"Plans": [{"Node Type": "Aggregate","Strategy": "Sorted","Partial Mode": "Partial","Parent Relationship": "Outer","Parallel Aware": false,"Async Capable": false,"Startup Cost": 172754.03,"Total Cost": 172899.52,"Plan Rows": 7,"Plan Width": 27,"Actual Startup Time": 389.225,"Actual Total Time": 389.970,"Actual Rows": 2,"Actual Loops": 5,"Group Key": ["lineitem.l_shipmode"],"Workers": [],"Plans": [{"Node Type": "Sort","Parent Relationship": "Outer","Parallel Aware": false,"Async Capable": false,"Startup Cost": 172754.03,"Total Cost": 172772.21,"Plan Rows": 7271,"Plan Width": 27,"Actual Startup Time": 388.452,"Actual Total Time": 388.714,"Actual Rows": 6253,"Actual Loops": 5,"Sort Key": ["lineitem.l_shipmode"],"Sort Method": "quicksort","Sort Space Used": 642,"Sort Space Type": "Memory","Workers": [{"Worker Number": 0,"Sort Method": "quicksort","Sort Space Used": 630,"Sort Space Type": "Memory"},{"Worker Number": 1,"Sort Method": "quicksort","Sort Space Used": 638,"Sort Space Type": "Memory"},{"Worker Number": 2,"Sort Method": "quicksort","Sort Space Used": 624,"Sort Space Type": "Memory"},{"Worker Number": 3,"Sort Method": "quicksort","Sort Space Used": 627,"Sort Space Type": "Memory"}],"Plans": [{"Node Type": "Nested Loop","Parent Relationship": "Outer","Parallel Aware": false,"Async Capable": false,"Join Type": "Inner","Startup Cost": 0.43,"Total Cost": 172287.67,"Plan Rows": 7271,"Plan Width": 27,"Actual Startup Time": 0.623,"Actual Total Time": 385.599,"Actual Rows": 6253,"Actual Loops": 5,"Inner Unique": true,"Workers": [],"Plans": [{"Node Type": "Seq Scan","Parent Relationship": "Outer","Parallel Aware": true,"Async Capable": false,"Relation Name": "lineitem","Alias": "lineitem","Startup Cost": 0.00,"Total Cost": 146259.83,"Plan Rows": 7271,"Plan Width": 15,"Actual Startup Time": 0.489,"Actual Total Time": 350.150,"Actual Rows": 6253,"Actual Loops": 5,"Filter": "((l_shipmode = ANY ('{TRUCK,MAIL}'::bpchar[])) AND (l_commitdate < l_receiptdate) AND (l_shipdate < l_commitdate) AND (l_receiptdate >= '1996-01-01'::date) AND (l_receiptdate < '1997-01-01 00:00:00'::timestamp without time zone))","Rows Removed by Filter": 1193990,"Workers": []},{"Node Type": "Index Scan","Parent Relationship": "Inner","Parallel Aware": false,"Async Capable": false,"Scan Direction": "Forward","Index Name": "orders_pkey","Relation Name": "orders","Alias": "orders","Startup Cost": 0.43,"Total Cost": 3.58,"Plan Rows": 1,"Plan Width": 20,"Actual Startup Time": 0.005,"Actual Total Time": 0.005,"Actual Rows": 1,"Actual Loops": 31264,"Index Cond": "(o_orderkey = lineitem.l_orderkey)","Rows Removed by Index Recheck": 0,"Workers": []}]}]}]}]}]},"Planning Time": 5.335,"Triggers": [],"Execution Time": 433.609}]
[{"Plan": {"Node Type": "Aggregate","Strategy": "Sorted","Partial Mode": "Finalize","Parallel Aware": false,"Async Capable": false,"Startup Cost": 173991.55,"Total Cost": 174142.86,"Plan Rows": 7,"Plan Width": 27,"Actual Startup Time": 400.298,"Actual Total Time": 434.770,"Actual Rows": 2,"Actual Loops": 1,"Group Key": ["lineitem.l_shipmode"],"Plans": [{"Node Type": "Gather Merge","Parent Relationship": "Outer","Parallel Aware": false,"Async Capable": false,"Startup Cost": 173991.55,"Total Cost": 174142.58,"Plan Rows": 28,"Plan Width": 27,"Actual Startup Time": 399.509,"Actual Total Time": 434.718,"Actual Rows": 10,"Actual Loops": 1,"Workers Planned": 4,"Workers Launched": 4,"Plans": [{"Node Type": "Aggregate","Strategy": "Sorted","Partial Mode": "Partial","Parent Relationship": "Outer","Parallel Aware": false,"Async Capable": false,"Startup Cost": 172991.49,"Total Cost": 173139.18,"Plan Rows": 7,"Plan Width": 27,"Actual Startup Time": 390.705,"Actual Total Time": 391.454,"Actual Rows": 2,"Actual Loops": 5,"Group Key": ["lineitem.l_shipmode"],"Workers": [],"Plans": [{"Node Type": "Sort","Parent Relationship": "Outer","Parallel Aware": false,"Async Capable": false,"Startup Cost": 172991.49,"Total Cost": 173009.95,"Plan Rows": 7381,"Plan Width": 27,"Actual Startup Time": 389.948,"Actual Total Time": 390.202,"Actual Rows": 6222,"Actual Loops": 5,"Sort Key": ["lineitem.l_shipmode"],"Sort Method": "quicksort","Sort Space Used": 630,"Sort Space Type": "Memory","Workers": [{"Worker Number": 0,"Sort Method": "quicksort","Sort Space Used": 631,"Sort Space Type": "Memory"},{"Worker Number": 1,"Sort Method": "quicksort","Sort Space Used": 629,"Sort Space Type": "Memory"},{"Worker Number": 2,"Sort Method": "quicksort","Sort Space Used": 624,"Sort Space Type": "Memory"},{"Worker Number": 3,"Sort Method": "quicksort","Sort Space Used": 636,"Sort Space Type": "Memory"}],"Plans": [{"Node Type": "Nested Loop","Parent Relationship": "Outer","Parallel Aware": false,"Async Capable": false,"Join Type": "Inner","Startup Cost": 0.43,"Total Cost": 172517.28,"Plan Rows": 7381,"Plan Width": 27,"Actual Startup Time": 0.358,"Actual Total Time": 386.985,"Actual Rows": 6222,"Actual Loops": 5,"Inner Unique": true,"Workers": [],"Plans": [{"Node Type": "Seq Scan","Parent Relationship": "Outer","Parallel Aware": true,"Async Capable": false,"Relation Name": "lineitem","Alias": "lineitem","Startup Cost": 0.00,"Total Cost": 146259.83,"Plan Rows": 7381,"Plan Width": 15,"Actual Startup Time": 0.239,"Actual Total Time": 351.628,"Actual Rows": 6222,"Actual Loops": 5,"Filter": "((l_shipmode = ANY ('{FOB,MAIL}'::bpchar[])) AND (l_commitdate < l_receiptdate) AND (l_shipdate < l_commitdate) AND (l_receiptdate >= '1993-01-01'::date) AND (l_receiptdate < '1994-01-01 00:00:00'::timestamp without time zone))","Rows Removed by Filter": 1194021,"Workers": []},{"Node Type": "Index Scan","Parent Relationship": "Inner","Parallel Aware": false,"Async Capable": false,"Scan Direction": "Forward","Index Name": "orders_pkey","Relation Name": "orders","Alias": "orders","Startup Cost": 0.43,"Total Cost": 3.56,"Plan Rows": 1,"Plan Width": 20,"Actual Startup Time": 0.005,"Actual Total Time": 0.005,"Actual Rows": 1,"Actual Loops": 31110,"Index Cond": "(o_orderkey = lineitem.l_orderkey)","Rows Removed by Index Recheck": 0,"Workers": []}]}]}]}]}]},"Planning Time": 4.243,"Triggers": [],"Execution Time": 435.440}]
[{"Plan": {"Node Type": "Aggregate","Strategy": "Sorted","Partial Mode": "Finalize","Parallel Aware": false,"Async Capable": false,"Startup Cost": 173975.00,"Total Cost": 174126.12,"Plan Rows": 7,"Plan Width": 27,"Actual Startup Time": 394.900,"Actual Total Time": 429.395,"Actual Rows": 2,"Actual Loops": 1,"Group Key": ["lineitem.l_shipmode"],"Plans": [{"Node Type": "Gather Merge","Parent Relationship": "Outer","Parallel Aware": false,"Async Capable": false,"Startup Cost": 173975.00,"Total Cost": 174125.84,"Plan Rows": 28,"Plan Width": 27,"Actual Startup Time": 394.052,"Actual Total Time": 429.368,"Actual Rows": 10,"Actual Loops": 1,"Workers Planned": 4,"Workers Launched": 4,"Plans": [{"Node Type": "Aggregate","Strategy": "Sorted","Partial Mode": "Partial","Parent Relationship": "Outer","Parallel Aware": false,"Async Capable": false,"Startup Cost": 172974.94,"Total Cost": 173122.45,"Plan Rows": 7,"Plan Width": 27,"Actual Startup Time": 386.063,"Actual Total Time": 386.782,"Actual Rows": 2,"Actual Loops": 5,"Group Key": ["lineitem.l_shipmode"],"Workers": [],"Plans": [{"Node Type": "Sort","Parent Relationship": "Outer","Parallel Aware": false,"Async Capable": false,"Startup Cost": 172974.94,"Total Cost": 172993.37,"Plan Rows": 7372,"Plan Width": 27,"Actual Startup Time": 385.306,"Actual Total Time": 385.551,"Actual Rows": 6180,"Actual Loops": 5,"Sort Key": ["lineitem.l_shipmode"],"Sort Method": "quicksort","Sort Space Used": 646,"Sort Space Type": "Memory","Workers": [{"Worker Number": 0,"Sort Method": "quicksort","Sort Space Used": 632,"Sort Space Type": "Memory"},{"Worker Number": 1,"Sort Method": "quicksort","Sort Space Used": 629,"Sort Space Type": "Memory"},{"Worker Number": 2,"Sort Method": "quicksort","Sort Space Used": 619,"Sort Space Type": "Memory"},{"Worker Number": 3,"Sort Method": "quicksort","Sort Space Used": 610,"Sort Space Type": "Memory"}],"Plans": [{"Node Type": "Nested Loop","Parent Relationship": "Outer","Parallel Aware": false,"Async Capable": false,"Join Type": "Inner","Startup Cost": 0.43,"Total Cost": 172501.37,"Plan Rows": 7372,"Plan Width": 27,"Actual Startup Time": 0.292,"Actual Total Time": 382.543,"Actual Rows": 6180,"Actual Loops": 5,"Inner Unique": true,"Workers": [],"Plans": [{"Node Type": "Seq Scan","Parent Relationship": "Outer","Parallel Aware": true,"Async Capable": false,"Relation Name": "lineitem","Alias": "lineitem","Startup Cost": 0.00,"Total Cost": 146259.83,"Plan Rows": 7373,"Plan Width": 15,"Actual Startup Time": 0.176,"Actual Total Time": 347.857,"Actual Rows": 6180,"Actual Loops": 5,"Filter": "((l_shipmode = ANY ('{TRUCK,FOB}'::bpchar[])) AND (l_commitdate < l_receiptdate) AND (l_shipdate < l_commitdate) AND (l_receiptdate >= '1993-01-01'::date) AND (l_receiptdate < '1994-01-01 00:00:00'::timestamp without time zone))","Rows Removed by Filter": 1194063,"Workers": []},{"Node Type": "Index Scan","Parent Relationship": "Inner","Parallel Aware": false,"Async Capable": false,"Scan Direction": "Forward","Index Name": "orders_pkey","Relation Name": "orders","Alias": "orders","Startup Cost": 0.43,"Total Cost": 3.56,"Plan Rows": 1,"Plan Width": 20,"Actual Startup Time": 0.005,"Actual Total Time": 0.005,"Actual Rows": 1,"Actual Loops": 30899,"Index Cond": "(o_orderkey = lineitem.l_orderkey)","Rows Removed by Index Recheck": 0,"Workers": []}]}]}]}]}]},"Planning Time": 4.086,"Triggers": [],"Execution Time": 430.067}]
[{"Plan": {"Node Type": "Aggregate","Strategy": "Sorted","Partial Mode": "Finalize","Parallel Aware": false,"Async Capable": false,"Startup Cost": 173654.54,"Total Cost": 173802.72,"Plan Rows": 7,"Plan Width": 27,"Actual Startup Time": 399.486,"Actual Total Time": 432.924,"Actual Rows": 2,"Actual Loops": 1,"Group Key": ["lineitem.l_shipmode"],"Plans": [{"Node Type": "Gather Merge","Parent Relationship": "Outer","Parallel Aware": false,"Async Capable": false,"Startup Cost": 173654.54,"Total Cost": 173802.44,"Plan Rows": 28,"Plan Width": 27,"Actual Startup Time": 398.492,"Actual Total Time": 432.896,"Actual Rows": 10,"Actual Loops": 1,"Workers Planned": 4,"Workers Launched": 4,"Plans": [{"Node Type": "Aggregate","Strategy": "Sorted","Partial Mode": "Partial","Parent Relationship": "Outer","Parallel Aware": false,"Async Capable": false,"Startup Cost": 172654.48,"Total Cost": 172799.05,"Plan Rows": 7,"Plan Width": 27,"Actual Startup Time": 390.342,"Actual Total Time": 391.109,"Actual Rows": 2,"Actual Loops": 5,"Group Key": ["lineitem.l_shipmode"],"Workers": [],"Plans": [{"Node Type": "Sort","Parent Relationship": "Outer","Parallel Aware": false,"Async Capable": false,"Startup Cost": 172654.48,"Total Cost": 172672.54,"Plan Rows": 7225,"Plan Width": 27,"Actual Startup Time": 389.598,"Actual Total Time": 389.858,"Actual Rows": 6238,"Actual Loops": 5,"Sort Key": ["lineitem.l_shipmode"],"Sort Method": "quicksort","Sort Space Used": 637,"Sort Space Type": "Memory","Workers": [{"Worker Number": 0,"Sort Method": "quicksort","Sort Space Used": 630,"Sort Space Type": "Memory"},{"Worker Number": 1,"Sort Method": "quicksort","Sort Space Used": 628,"Sort Space Type": "Memory"},{"Worker Number": 2,"Sort Method": "quicksort","Sort Space Used": 635,"Sort Space Type": "Memory"},{"Worker Number": 3,"Sort Method": "quicksort","Sort Space Used": 626,"Sort Space Type": "Memory"}],"Plans": [{"Node Type": "Nested Loop","Parent Relationship": "Outer","Parallel Aware": false,"Async Capable": false,"Join Type": "Inner","Startup Cost": 0.43,"Total Cost": 172191.40,"Plan Rows": 7225,"Plan Width": 27,"Actual Startup Time": 0.518,"Actual Total Time": 386.797,"Actual Rows": 6238,"Actual Loops": 5,"Inner Unique": true,"Workers": [],"Plans": [{"Node Type": "Seq Scan","Parent Relationship": "Outer","Parallel Aware": true,"Async Capable": false,"Relation Name": "lineitem","Alias": "lineitem","Startup Cost": 0.00,"Total Cost": 146259.83,"Plan Rows": 7225,"Plan Width": 15,"Actual Startup Time": 0.396,"Actual Total Time": 352.351,"Actual Rows": 6238,"Actual Loops": 5,"Filter": "((l_shipmode = ANY ('{SHIP,FOB}'::bpchar[])) AND (l_commitdate < l_receiptdate) AND (l_shipdate < l_commitdate) AND (l_receiptdate >= '1997-01-01'::date) AND (l_receiptdate < '1998-01-01 00:00:00'::timestamp without time zone))","Rows Removed by Filter": 1194005,"Workers": []},{"Node Type": "Index Scan","Parent Relationship": "Inner","Parallel Aware": false,"Async Capable": false,"Scan Direction": "Forward","Index Name": "orders_pkey","Relation Name": "orders","Alias": "orders","Startup Cost": 0.43,"Total Cost": 3.59,"Plan Rows": 1,"Plan Width": 20,"Actual Startup Time": 0.005,"Actual Total Time": 0.005,"Actual Rows": 1,"Actual Loops": 31189,"Index Cond": "(o_orderkey = lineitem.l_orderkey)","Rows Removed by Index Recheck": 0,"Workers": []}]}]}]}]}]},"Planning Time": 4.785,"Triggers": [],"Execution Time": 433.347}]
[{"Plan": {"Node Type": "Aggregate","Strategy": "Sorted","Partial Mode": "Finalize","Parallel Aware": false,"Async Capable": false,"Startup Cost": 173608.96,"Total Cost": 173756.73,"Plan Rows": 7,"Plan Width": 27,"Actual Startup Time": 395.283,"Actual Total Time": 428.486,"Actual Rows": 2,"Actual Loops": 1,"Group Key": ["lineitem.l_shipmode"],"Plans": [{"Node Type": "Gather Merge","Parent Relationship": "Outer","Parallel Aware": false,"Async Capable": false,"Startup Cost": 173608.96,"Total Cost": 173756.45,"Plan Rows": 28,"Plan Width": 27,"Actual Startup Time": 394.396,"Actual Total Time": 428.450,"Actual Rows": 10,"Actual Loops": 1,"Workers Planned": 4,"Workers Launched": 4,"Plans": [{"Node Type": "Aggregate","Strategy": "Sorted","Partial Mode": "Partial","Parent Relationship": "Outer","Parallel Aware": false,"Async Capable": false,"Startup Cost": 172608.90,"Total Cost": 172753.05,"Plan Rows": 7,"Plan Width": 27,"Actual Startup Time": 386.518,"Actual Total Time": 387.255,"Actual Rows": 2,"Actual Loops": 5,"Group Key": ["lineitem.l_shipmode"],"Workers": [],"Plans": [{"Node Type": "Sort","Parent Relationship": "Outer","Parallel Aware": false,"Async Capable": false,"Startup Cost": 172608.90,"Total Cost": 172626.91,"Plan Rows": 7204,"Plan Width": 27,"Actual Startup Time": 385.781,"Actual Total Time": 386.020,"Actual Rows": 6181,"Actual Loops": 5,"Sort Key": ["lineitem.l_shipmode"],"Sort Method": "quicksort","Sort Space Used": 626,"Sort Space Type": "Memory","Workers": [{"Worker Number": 0,"Sort Method": "quicksort","Sort Space Used": 632,"Sort Space Type": "Memory"},{"Worker Number": 1,"Sort Method": "quicksort","Sort Space Used": 623,"Sort Space Type": "Memory"},{"Worker Number": 2,"Sort Method": "quicksort","Sort Space Used": 621,"Sort Space Type": "Memory"},{"Worker Number": 3,"Sort Method": "quicksort","Sort Space Used": 633,"Sort Space Type": "Memory"}],"Plans": [{"Node Type": "Nested Loop","Parent Relationship": "Outer","Parallel Aware": false,"Async Capable": false,"Join Type": "Inner","Startup Cost": 0.43,"Total Cost": 172147.32,"Plan Rows": 7204,"Plan Width": 27,"Actual Startup Time": 0.205,"Actual Total Time": 382.978,"Actual Rows": 6181,"Actual Loops": 5,"Inner Unique": true,"Workers": [],"Plans": [{"Node Type": "Seq Scan","Parent Relationship": "Outer","Parallel Aware": true,"Async Capable": false,"Relation Name": "lineitem","Alias": "lineitem","Startup Cost": 0.00,"Total Cost": 146259.83,"Plan Rows": 7204,"Plan Width": 15,"Actual Startup Time": 0.079,"Actual Total Time": 348.996,"Actual Rows": 6181,"Actual Loops": 5,"Filter": "((l_shipmode = ANY ('{TRUCK,FOB}'::bpchar[])) AND (l_commitdate < l_receiptdate) AND (l_shipdate < l_commitdate) AND (l_receiptdate >= '1994-01-01'::date) AND (l_receiptdate < '1995-01-01 00:00:00'::timestamp without time zone))","Rows Removed by Filter": 1194062,"Workers": []},{"Node Type": "Index Scan","Parent Relationship": "Inner","Parallel Aware": false,"Async Capable": false,"Scan Direction": "Forward","Index Name": "orders_pkey","Relation Name": "orders","Alias": "orders","Startup Cost": 0.43,"Total Cost": 3.59,"Plan Rows": 1,"Plan Width": 20,"Actual Startup Time": 0.005,"Actual Total Time": 0.005,"Actual Rows": 1,"Actual Loops": 30906,"Index Cond": "(o_orderkey = lineitem.l_orderkey)","Rows Removed by Index Recheck": 0,"Workers": []}]}]}]}]}]},"Planning Time": 5.491,"Triggers": [],"Execution Time": 428.918}]
[{"Plan": {"Node Type": "Aggregate","Strategy": "Sorted","Partial Mode": "Finalize","Parallel Aware": false,"Async Capable": false,"Startup Cost": 173917.28,"Total Cost": 174067.88,"Plan Rows": 7,"Plan Width": 27,"Actual Startup Time": 394.957,"Actual Total Time": 427.433,"Actual Rows": 2,"Actual Loops": 1,"Group Key": ["lineitem.l_shipmode"],"Plans": [{"Node Type": "Gather Merge","Parent Relationship": "Outer","Parallel Aware": false,"Async Capable": false,"Startup Cost": 173917.28,"Total Cost": 174067.60,"Plan Rows": 28,"Plan Width": 27,"Actual Startup Time": 394.038,"Actual Total Time": 427.390,"Actual Rows": 10,"Actual Loops": 1,"Workers Planned": 4,"Workers Launched": 4,"Plans": [{"Node Type": "Aggregate","Strategy": "Sorted","Partial Mode": "Partial","Parent Relationship": "Outer","Parallel Aware": false,"Async Capable": false,"Startup Cost": 172917.22,"Total Cost": 173064.21,"Plan Rows": 7,"Plan Width": 27,"Actual Startup Time": 385.937,"Actual Total Time": 386.740,"Actual Rows": 2,"Actual Loops": 5,"Group Key": ["lineitem.l_shipmode"],"Workers": [],"Plans": [{"Node Type": "Sort","Parent Relationship": "Outer","Parallel Aware": false,"Async Capable": false,"Startup Cost": 172917.22,"Total Cost": 172935.58,"Plan Rows": 7346,"Plan Width": 27,"Actual Startup Time": 385.175,"Actual Total Time": 385.476,"Actual Rows": 6205,"Actual Loops": 5,"Sort Key": ["lineitem.l_shipmode"],"Sort Method": "quicksort","Sort Space Used": 639,"Sort Space Type": "Memory","Workers": [{"Worker Number": 0,"Sort Method": "quicksort","Sort Space Used": 632,"Sort Space Type": "Memory"},{"Worker Number": 1,"Sort Method": "quicksort","Sort Space Used": 625,"Sort Space Type": "Memory"},{"Worker Number": 2,"Sort Method": "quicksort","Sort Space Used": 636,"Sort Space Type": "Memory"},{"Worker Number": 3,"Sort Method": "quicksort","Sort Space Used": 612,"Sort Space Type": "Memory"}],"Plans": [{"Node Type": "Nested Loop","Parent Relationship": "Outer","Parallel Aware": false,"Async Capable": false,"Join Type": "Inner","Startup Cost": 0.43,"Total Cost": 172445.50,"Plan Rows": 7346,"Plan Width": 27,"Actual Startup Time": 0.232,"Actual Total Time": 382.395,"Actual Rows": 6205,"Actual Loops": 5,"Inner Unique": true,"Workers": [],"Plans": [{"Node Type": "Seq Scan","Parent Relationship": "Outer","Parallel Aware": true,"Async Capable": false,"Relation Name": "lineitem","Alias": "lineitem","Startup Cost": 0.00,"Total Cost": 146259.83,"Plan Rows": 7346,"Plan Width": 15,"Actual Startup Time": 0.133,"Actual Total Time": 347.882,"Actual Rows": 6205,"Actual Loops": 5,"Filter": "((l_shipmode = ANY ('{SHIP,\"REG AIR\"}'::bpchar[])) AND (l_commitdate < l_receiptdate) AND (l_shipdate < l_commitdate) AND (l_receiptdate >= '1995-01-01'::date) AND (l_receiptdate < '1996-01-01 00:00:00'::timestamp without time zone))","Rows Removed by Filter": 1194038,"Workers": []},{"Node Type": "Index Scan","Parent Relationship": "Inner","Parallel Aware": false,"Async Capable": false,"Scan Direction": "Forward","Index Name": "orders_pkey","Relation Name": "orders","Alias": "orders","Startup Cost": 0.43,"Total Cost": 3.56,"Plan Rows": 1,"Plan Width": 20,"Actual Startup Time": 0.005,"Actual Total Time": 0.005,"Actual Rows": 1,"Actual Loops": 31027,"Index Cond": "(o_orderkey = lineitem.l_orderkey)","Rows Removed by Index Recheck": 0,"Workers": []}]}]}]}]}]},"Planning Time": 4.807,"Triggers": [],"Execution Time": 427.835}]
[{"Plan": {"Node Type": "Aggregate","Strategy": "Sorted","Partial Mode": "Finalize","Parallel Aware": false,"Async Capable": false,"Startup Cost": 173588.01,"Total Cost": 173735.58,"Plan Rows": 7,"Plan Width": 27,"Actual Startup Time": 407.195,"Actual Total Time": 441.033,"Actual Rows": 2,"Actual Loops": 1,"Group Key": ["lineitem.l_shipmode"],"Plans": [{"Node Type": "Gather Merge","Parent Relationship": "Outer","Parallel Aware": false,"Async Capable": false,"Startup Cost": 173588.01,"Total Cost": 173735.30,"Plan Rows": 28,"Plan Width": 27,"Actual Startup Time": 406.382,"Actual Total Time": 440.991,"Actual Rows": 10,"Actual Loops": 1,"Workers Planned": 4,"Workers Launched": 4,"Plans": [{"Node Type": "Aggregate","Strategy": "Sorted","Partial Mode": "Partial","Parent Relationship": "Outer","Parallel Aware": false,"Async Capable": false,"Startup Cost": 172587.95,"Total Cost": 172731.90,"Plan Rows": 7,"Plan Width": 27,"Actual Startup Time": 397.236,"Actual Total Time": 398.009,"Actual Rows": 2,"Actual Loops": 5,"Group Key": ["lineitem.l_shipmode"],"Workers": [],"Plans": [{"Node Type": "Sort","Parent Relationship": "Outer","Parallel Aware": false,"Async Capable": false,"Startup Cost": 172587.95,"Total Cost": 172605.94,"Plan Rows": 7194,"Plan Width": 27,"Actual Startup Time": 396.464,"Actual Total Time": 396.746,"Actual Rows": 6236,"Actual Loops": 5,"Sort Key": ["lineitem.l_shipmode"],"Sort Method": "quicksort","Sort Space Used": 625,"Sort Space Type": "Memory","Workers": [{"Worker Number": 0,"Sort Method": "quicksort","Sort Space Used": 636,"Sort Space Type": "Memory"},{"Worker Number": 1,"Sort Method": "quicksort","Sort Space Used": 623,"Sort Space Type": "Memory"},{"Worker Number": 2,"Sort Method": "quicksort","Sort Space Used": 632,"Sort Space Type": "Memory"},{"Worker Number": 3,"Sort Method": "quicksort","Sort Space Used": 639,"Sort Space Type": "Memory"}],"Plans": [{"Node Type": "Nested Loop","Parent Relationship": "Outer","Parallel Aware": false,"Async Capable": false,"Join Type": "Inner","Startup Cost": 0.43,"Total Cost": 172127.08,"Plan Rows": 7194,"Plan Width": 27,"Actual Startup Time": 0.427,"Actual Total Time": 393.491,"Actual Rows": 6236,"Actual Loops": 5,"Inner Unique": true,"Workers": [],"Plans": [{"Node Type": "Seq Scan","Parent Relationship": "Outer","Parallel Aware": true,"Async Capable": false,"Relation Name": "lineitem","Alias": "lineitem","Startup Cost": 0.00,"Total Cost": 146259.83,"Plan Rows": 7194,"Plan Width": 15,"Actual Startup Time": 0.293,"Actual Total Time": 357.290,"Actual Rows": 6236,"Actual Loops": 5,"Filter": "((l_shipmode = ANY ('{\"REG AIR\",RAIL}'::bpchar[])) AND (l_commitdate < l_receiptdate) AND (l_shipdate < l_commitdate) AND (l_receiptdate >= '1996-01-01'::date) AND (l_receiptdate < '1997-01-01 00:00:00'::timestamp without time zone))","Rows Removed by Filter": 1194007,"Workers": []},{"Node Type": "Index Scan","Parent Relationship": "Inner","Parallel Aware": false,"Async Capable": false,"Scan Direction": "Forward","Index Name": "orders_pkey","Relation Name": "orders","Alias": "orders","Startup Cost": 0.43,"Total Cost": 3.60,"Plan Rows": 1,"Plan Width": 20,"Actual Startup Time": 0.005,"Actual Total Time": 0.005,"Actual Rows": 1,"Actual Loops": 31179,"Index Cond": "(o_orderkey = lineitem.l_orderkey)","Rows Removed by Index Recheck": 0,"Workers": []}]}]}]}]}]},"Planning Time": 5.509,"Triggers": [],"Execution Time": 441.490}]
[{"Plan": {"Node Type": "Aggregate","Strategy": "Sorted","Partial Mode": "Finalize","Parallel Aware": false,"Async Capable": false,"Startup Cost": 173848.16,"Total Cost": 173998.13,"Plan Rows": 7,"Plan Width": 27,"Actual Startup Time": 404.170,"Actual Total Time": 437.872,"Actual Rows": 2,"Actual Loops": 1,"Group Key": ["lineitem.l_shipmode"],"Plans": [{"Node Type": "Gather Merge","Parent Relationship": "Outer","Parallel Aware": false,"Async Capable": false,"Startup Cost": 173848.16,"Total Cost": 173997.85,"Plan Rows": 28,"Plan Width": 27,"Actual Startup Time": 403.349,"Actual Total Time": 437.836,"Actual Rows": 10,"Actual Loops": 1,"Workers Planned": 4,"Workers Launched": 4,"Plans": [{"Node Type": "Aggregate","Strategy": "Sorted","Partial Mode": "Partial","Parent Relationship": "Outer","Parallel Aware": false,"Async Capable": false,"Startup Cost": 172848.10,"Total Cost": 172994.45,"Plan Rows": 7,"Plan Width": 27,"Actual Startup Time": 394.874,"Actual Total Time": 395.604,"Actual Rows": 2,"Actual Loops": 5,"Group Key": ["lineitem.l_shipmode"],"Workers": [],"Plans": [{"Node Type": "Sort","Parent Relationship": "Outer","Parallel Aware": false,"Async Capable": false,"Startup Cost": 172848.10,"Total Cost": 172866.39,"Plan Rows": 7314,"Plan Width": 27,"Actual Startup Time": 394.131,"Actual Total Time": 394.371,"Actual Rows": 6237,"Actual Loops": 5,"Sort Key": ["lineitem.l_shipmode"],"Sort Method": "quicksort","Sort Space Used": 635,"Sort Space Type": "Memory","Workers": [{"Worker Number": 0,"Sort Method": "quicksort","Sort Space Used": 634,"Sort Space Type": "Memory"},{"Worker Number": 1,"Sort Method": "quicksort","Sort Space Used": 629,"Sort Space Type": "Memory"},{"Worker Number": 2,"Sort Method": "quicksort","Sort Space Used": 634,"Sort Space Type": "Memory"},{"Worker Number": 3,"Sort Method": "quicksort","Sort Space Used": 624,"Sort Space Type": "Memory"}],"Plans": [{"Node Type": "Nested Loop","Parent Relationship": "Outer","Parallel Aware": false,"Async Capable": false,"Join Type": "Inner","Startup Cost": 0.43,"Total Cost": 172378.68,"Plan Rows": 7314,"Plan Width": 27,"Actual Startup Time": 0.404,"Actual Total Time": 391.213,"Actual Rows": 6237,"Actual Loops": 5,"Inner Unique": true,"Workers": [],"Plans": [{"Node Type": "Seq Scan","Parent Relationship": "Outer","Parallel Aware": true,"Async Capable": false,"Relation Name": "lineitem","Alias": "lineitem","Startup Cost": 0.00,"Total Cost": 146259.83,"Plan Rows": 7314,"Plan Width": 15,"Actual Startup Time": 0.291,"Actual Total Time": 355.753,"Actual Rows": 6237,"Actual Loops": 5,"Filter": "((l_shipmode = ANY ('{MAIL,AIR}'::bpchar[])) AND (l_commitdate < l_receiptdate) AND (l_shipdate < l_commitdate) AND (l_receiptdate >= '1993-01-01'::date) AND (l_receiptdate < '1994-01-01 00:00:00'::timestamp without time zone))","Rows Removed by Filter": 1194006,"Workers": []},{"Node Type": "Index Scan","Parent Relationship": "Inner","Parallel Aware": false,"Async Capable": false,"Scan Direction": "Forward","Index Name": "orders_pkey","Relation Name": "orders","Alias": "orders","Startup Cost": 0.43,"Total Cost": 3.57,"Plan Rows": 1,"Plan Width": 20,"Actual Startup Time": 0.005,"Actual Total Time": 0.005,"Actual Rows": 1,"Actual Loops": 31186,"Index Cond": "(o_orderkey = lineitem.l_orderkey)","Rows Removed by Index Recheck": 0,"Workers": []}]}]}]}]}]},"Planning Time": 3.962,"Triggers": [],"Execution Time": 438.495}]
[{"Plan": {"Node Type": "Aggregate","Strategy": "Sorted","Partial Mode": "Finalize","Parallel Aware": false,"Async Capable": false,"Startup Cost": 173669.98,"Total Cost": 173818.31,"Plan Rows": 7,"Plan Width": 27,"Actual Startup Time": 400.474,"Actual Total Time": 434.641,"Actual Rows": 2,"Actual Loops": 1,"Group Key": ["lineitem.l_shipmode"],"Plans": [{"Node Type": "Gather Merge","Parent Relationship": "Outer","Parallel Aware": false,"Async Capable": false,"Startup Cost": 173669.98,"Total Cost": 173818.03,"Plan Rows": 28,"Plan Width": 27,"Actual Startup Time": 399.671,"Actual Total Time": 434.609,"Actual Rows": 10,"Actual Loops": 1,"Workers Planned": 4,"Workers Launched": 4,"Plans": [{"Node Type": "Aggregate","Strategy": "Sorted","Partial Mode": "Partial","Parent Relationship": "Outer","Parallel Aware": false,"Async Capable": false,"Startup Cost": 172669.92,"Total Cost": 172814.63,"Plan Rows": 7,"Plan Width": 27,"Actual Startup Time": 391.191,"Actual Total Time": 391.916,"Actual Rows": 2,"Actual Loops": 5,"Group Key": ["lineitem.l_shipmode"],"Workers": [],"Plans": [{"Node Type": "Sort","Parent Relationship": "Outer","Parallel Aware": false,"Async Capable": false,"Startup Cost": 172669.92,"Total Cost": 172688.00,"Plan Rows": 7232,"Plan Width": 27,"Actual Startup Time": 390.424,"Actual Total Time": 390.674,"Actual Rows": 6226,"Actual Loops": 5,"Sort Key": ["lineitem.l_shipmode"],"Sort Method": "quicksort","Sort Space Used": 638,"Sort Space Type": "Memory","Workers": [{"Worker Number": 0,"Sort Method": "quicksort","Sort Space Used": 642,"Sort Space Type": "Memory"},{"Worker Number": 1,"Sort Method": "quicksort","Sort Space Used": 619,"Sort Space Type": "Memory"},{"Worker Number": 2,"Sort Method": "quicksort","Sort Space Used": 634,"Sort Space Type": "Memory"},{"Worker Number": 3,"Sort Method": "quicksort","Sort Space Used": 619,"Sort Space Type": "Memory"}],"Plans": [{"Node Type": "Nested Loop","Parent Relationship": "Outer","Parallel Aware": false,"Async Capable": false,"Join Type": "Inner","Startup Cost": 0.43,"Total Cost": 172206.35,"Plan Rows": 7232,"Plan Width": 27,"Actual Startup Time": 0.502,"Actual Total Time": 387.476,"Actual Rows": 6226,"Actual Loops": 5,"Inner Unique": true,"Workers": [],"Plans": [{"Node Type": "Seq Scan","Parent Relationship": "Outer","Parallel Aware": true,"Async Capable": false,"Relation Name": "lineitem","Alias": "lineitem","Startup Cost": 0.00,"Total Cost": 146259.83,"Plan Rows": 7232,"Plan Width": 15,"Actual Startup Time": 0.388,"Actual Total Time": 352.281,"Actual Rows": 6226,"Actual Loops": 5,"Filter": "((l_shipmode = ANY ('{FOB,AIR}'::bpchar[])) AND (l_commitdate < l_receiptdate) AND (l_shipdate < l_commitdate) AND (l_receiptdate >= '1997-01-01'::date) AND (l_receiptdate < '1998-01-01 00:00:00'::timestamp without time zone))","Rows Removed by Filter": 1194017,"Workers": []},{"Node Type": "Index Scan","Parent Relationship": "Inner","Parallel Aware": false,"Async Capable": false,"Scan Direction": "Forward","Index Name": "orders_pkey","Relation Name": "orders","Alias": "orders","Startup Cost": 0.43,"Total Cost": 3.59,"Plan Rows": 1,"Plan Width": 20,"Actual Startup Time": 0.005,"Actual Total Time": 0.005,"Actual Rows": 1,"Actual Loops": 31130,"Index Cond": "(o_orderkey = lineitem.l_orderkey)","Rows Removed by Index Recheck": 0,"Workers": []}]}]}]}]}]},"Planning Time": 5.653,"Triggers": [],"Execution Time": 435.210}]
[{"Plan": {"Node Type": "Aggregate","Strategy": "Sorted","Partial Mode": "Finalize","Parallel Aware": false,"Async Capable": false,"Startup Cost": 173572.70,"Total Cost": 173720.11,"Plan Rows": 7,"Plan Width": 27,"Actual Startup Time": 399.643,"Actual Total Time": 433.133,"Actual Rows": 2,"Actual Loops": 1,"Group Key": ["lineitem.l_shipmode"],"Plans": [{"Node Type": "Gather Merge","Parent Relationship": "Outer","Parallel Aware": false,"Async Capable": false,"Startup Cost": 173572.70,"Total Cost": 173719.83,"Plan Rows": 28,"Plan Width": 27,"Actual Startup Time": 398.766,"Actual Total Time": 433.088,"Actual Rows": 10,"Actual Loops": 1,"Workers Planned": 4,"Workers Launched": 4,"Plans": [{"Node Type": "Aggregate","Strategy": "Sorted","Partial Mode": "Partial","Parent Relationship": "Outer","Parallel Aware": false,"Async Capable": false,"Startup Cost": 172572.64,"Total Cost": 172716.43,"Plan Rows": 7,"Plan Width": 27,"Actual Startup Time": 390.437,"Actual Total Time": 391.178,"Actual Rows": 2,"Actual Loops": 5,"Group Key": ["lineitem.l_shipmode"],"Workers": [],"Plans": [{"Node Type": "Sort","Parent Relationship": "Outer","Parallel Aware": false,"Async Capable": false,"Startup Cost": 172572.64,"Total Cost": 172590.61,"Plan Rows": 7186,"Plan Width": 27,"Actual Startup Time": 389.674,"Actual Total Time": 389.921,"Actual Rows": 6224,"Actual Loops": 5,"Sort Key": ["lineitem.l_shipmode"],"Sort Method": "quicksort","Sort Space Used": 634,"Sort Space Type": "Memory","Workers": [{"Worker Number": 0,"Sort Method": "quicksort","Sort Space Used": 614,"Sort Space Type": "Memory"},{"Worker Number": 1,"Sort Method": "quicksort","Sort Space Used": 632,"Sort Space Type": "Memory"},{"Worker Number": 2,"Sort Method": "quicksort","Sort Space Used": 636,"Sort Space Type": "Memory"},{"Worker Number": 3,"Sort Method": "quicksort","Sort Space Used": 634,"Sort Space Type": "Memory"}],"Plans": [{"Node Type": "Nested Loop","Parent Relationship": "Outer","Parallel Aware": false,"Async Capable": false,"Join Type": "Inner","Startup Cost": 0.43,"Total Cost": 172112.34,"Plan Rows": 7186,"Plan Width": 27,"Actual Startup Time": 0.294,"Actual Total Time": 386.896,"Actual Rows": 6224,"Actual Loops": 5,"Inner Unique": true,"Workers": [],"Plans": [{"Node Type": "Seq Scan","Parent Relationship": "Outer","Parallel Aware": true,"Async Capable": false,"Relation Name": "lineitem","Alias": "lineitem","Startup Cost": 0.00,"Total Cost": 146259.83,"Plan Rows": 7187,"Plan Width": 15,"Actual Startup Time": 0.197,"Actual Total Time": 351.787,"Actual Rows": 6224,"Actual Loops": 5,"Filter": "((l_shipmode = ANY ('{FOB,RAIL}'::bpchar[])) AND (l_commitdate < l_receiptdate) AND (l_shipdate < l_commitdate) AND (l_receiptdate >= '1994-01-01'::date) AND (l_receiptdate < '1995-01-01 00:00:00'::timestamp without time zone))","Rows Removed by Filter": 1194019,"Workers": []},{"Node Type": "Index Scan","Parent Relationship": "Inner","Parallel Aware": false,"Async Capable": false,"Scan Direction": "Forward","Index Name": "orders_pkey","Relation Name": "orders","Alias": "orders","Startup Cost": 0.43,"Total Cost": 3.60,"Plan Rows": 1,"Plan Width": 20,"Actual Startup Time": 0.005,"Actual Total Time": 0.005,"Actual Rows": 1,"Actual Loops": 31118,"Index Cond": "(o_orderkey = lineitem.l_orderkey)","Rows Removed by Index Recheck": 0,"Workers": []}]}]}]}]}]},"Planning Time": 4.877,"Triggers": [],"Execution Time": 433.609}]
[{"Plan": {"Node Type": "Aggregate","Strategy": "Sorted","Partial Mode": "Finalize","Parallel Aware": false,"Async Capable": false,"Startup Cost": 173637.01,"Total Cost": 173785.03,"Plan Rows": 7,"Plan Width": 27,"Actual Startup Time": 397.408,"Actual Total Time": 432.231,"Actual Rows": 2,"Actual Loops": 1,"Group Key": ["lineitem.l_shipmode"],"Plans": [{"Node Type": "Gather Merge","Parent Relationship": "Outer","Parallel Aware": false,"Async Capable": false,"Startup Cost": 173637.01,"Total Cost": 173784.75,"Plan Rows": 28,"Plan Width": 27,"Actual Startup Time": 396.573,"Actual Total Time": 432.204,"Actual Rows": 10,"Actual Loops": 1,"Workers Planned": 4,"Workers Launched": 4,"Plans": [{"Node Type": "Aggregate","Strategy": "Sorted","Partial Mode": "Partial","Parent Relationship": "Outer","Parallel Aware": false,"Async Capable": false,"Startup Cost": 172636.95,"Total Cost": 172781.36,"Plan Rows": 7,"Plan Width": 27,"Actual Startup Time": 388.397,"Actual Total Time": 389.134,"Actual Rows": 2,"Actual Loops": 5,"Group Key": ["lineitem.l_shipmode"],"Workers": [],"Plans": [{"Node Type": "Sort","Parent Relationship": "Outer","Parallel Aware": false,"Async Capable": false,"Startup Cost": 172636.95,"Total Cost": 172654.99,"Plan Rows": 7217,"Plan Width": 27,"Actual Startup Time": 387.662,"Actual Total Time": 387.904,"Actual Rows": 6247,"Actual Loops": 5,"Sort Key": ["lineitem.l_shipmode"],"Sort Method": "quicksort","Sort Space Used": 631,"Sort Space Type": "Memory","Workers": [{"Worker Number": 0,"Sort Method": "quicksort","Sort Space Used": 634,"Sort Space Type": "Memory"},{"Worker Number": 1,"Sort Method": "quicksort","Sort Space Used": 633,"Sort Space Type": "Memory"},{"Worker Number": 2,"Sort Method": "quicksort","Sort Space Used": 631,"Sort Space Type": "Memory"},{"Worker Number": 3,"Sort Method": "quicksort","Sort Space Used": 629,"Sort Space Type": "Memory"}],"Plans": [{"Node Type": "Nested Loop","Parent Relationship": "Outer","Parallel Aware": false,"Async Capable": false,"Join Type": "Inner","Startup Cost": 0.43,"Total Cost": 172174.44,"Plan Rows": 7217,"Plan Width": 27,"Actual Startup Time": 0.438,"Actual Total Time": 384.781,"Actual Rows": 6247,"Actual Loops": 5,"Inner Unique": true,"Workers": [],"Plans": [{"Node Type": "Seq Scan","Parent Relationship": "Outer","Parallel Aware": true,"Async Capable": false,"Relation Name": "lineitem","Alias": "lineitem","Startup Cost": 0.00,"Total Cost": 146259.83,"Plan Rows": 7217,"Plan Width": 15,"Actual Startup Time": 0.314,"Actual Total Time": 349.382,"Actual Rows": 6247,"Actual Loops": 5,"Filter": "((l_shipmode = ANY ('{TRUCK,AIR}'::bpchar[])) AND (l_commitdate < l_receiptdate) AND (l_shipdate < l_commitdate) AND (l_receiptdate >= '1996-01-01'::date) AND (l_receiptdate < '1997-01-01 00:00:00'::timestamp without time zone))","Rows Removed by Filter": 1193996,"Workers": []},{"Node Type": "Index Scan","Parent Relationship": "Inner","Parallel Aware": false,"Async Capable": false,"Scan Direction": "Forward","Index Name": "orders_pkey","Relation Name": "orders","Alias": "orders","Startup Cost": 0.43,"Total Cost": 3.59,"Plan Rows": 1,"Plan Width": 20,"Actual Startup Time": 0.005,"Actual Total Time": 0.005,"Actual Rows": 1,"Actual Loops": 31235,"Index Cond": "(o_orderkey = lineitem.l_orderkey)","Rows Removed by Index Recheck": 0,"Workers": []}]}]}]}]}]},"Planning Time": 4.031,"Triggers": [],"Execution Time": 432.697}]
[{"Plan": {"Node Type": "Aggregate","Strategy": "Sorted","Partial Mode": "Finalize","Parallel Aware": false,"Async Capable": false,"Startup Cost": 173946.72,"Total Cost": 174097.61,"Plan Rows": 7,"Plan Width": 27,"Actual Startup Time": 395.781,"Actual Total Time": 430.177,"Actual Rows": 2,"Actual Loops": 1,"Group Key": ["lineitem.l_shipmode"],"Plans": [{"Node Type": "Gather Merge","Parent Relationship": "Outer","Parallel Aware": false,"Async Capable": false,"Startup Cost": 173946.72,"Total Cost": 174097.33,"Plan Rows": 28,"Plan Width": 27,"Actual Startup Time": 394.943,"Actual Total Time": 430.120,"Actual Rows": 10,"Actual Loops": 1,"Workers Planned": 4,"Workers Launched": 4,"Plans": [{"Node Type": "Aggregate","Strategy": "Sorted","Partial Mode": "Partial","Parent Relationship": "Outer","Parallel Aware": false,"Async Capable": false,"Startup Cost": 172946.66,"Total Cost": 173093.93,"Plan Rows": 7,"Plan Width": 27,"Actual Startup Time": 386.840,"Actual Total Time": 387.555,"Actual Rows": 2,"Actual Loops": 5,"Group Key": ["lineitem.l_shipmode"],"Workers": [],"Plans": [{"Node Type": "Sort","Parent Relationship": "Outer","Parallel Aware": false,"Async Capable": false,"Startup Cost": 172946.66,"Total Cost": 172965.06,"Plan Rows": 7360,"Plan Width": 27,"Actual Startup Time": 386.102,"Actual Total Time": 386.336,"Actual Rows": 6187,"Actual Loops": 5,"Sort Key": ["lineitem.l_shipmode"],"Sort Method": "quicksort","Sort Space Used": 634,"Sort Space Type": "Memory","Workers": [{"Worker Number": 0,"Sort Method": "quicksort","Sort Space Used": 619,"Sort Space Type": "Memory"},{"Worker Number": 1,"Sort Method": "quicksort","Sort Space Used": 623,"Sort Space Type": "Memory"},{"Worker Number": 2,"Sort Method": "quicksort","Sort Space Used": 623,"Sort Space Type": "Memory"},{"Worker Number": 3,"Sort Method": "quicksort","Sort Space Used": 638,"Sort Space Type": "Memory"}],"Plans": [{"Node Type": "Nested Loop","Parent Relationship": "Outer","Parallel Aware": false,"Async Capable": false,"Join Type": "Inner","Startup Cost": 0.43,"Total Cost": 172473.95,"Plan Rows": 7360,"Plan Width": 27,"Actual Startup Time": 0.259,"Actual Total Time": 383.268,"Actual Rows": 6187,"Actual Loops": 5,"Inner Unique": true,"Workers": [],"Plans": [{"Node Type": "Seq Scan","Parent Relationship": "Outer","Parallel Aware": true,"Async Capable": false,"Relation Name": "lineitem","Alias": "lineitem","Startup Cost": 0.00,"Total Cost": 146259.83,"Plan Rows": 7360,"Plan Width": 15,"Actual Startup Time": 0.147,"Actual Total Time": 348.241,"Actual Rows": 6187,"Actual Loops": 5,"Filter": "((l_shipmode = ANY ('{MAIL,TRUCK}'::bpchar[])) AND (l_commitdate < l_receiptdate) AND (l_shipdate < l_commitdate) AND (l_receiptdate >= '1993-01-01'::date) AND (l_receiptdate < '1994-01-01 00:00:00'::timestamp without time zone))","Rows Removed by Filter": 1194056,"Workers": []},{"Node Type": "Index Scan","Parent Relationship": "Inner","Parallel Aware": false,"Async Capable": false,"Scan Direction": "Forward","Index Name": "orders_pkey","Relation Name": "orders","Alias": "orders","Startup Cost": 0.43,"Total Cost": 3.56,"Plan Rows": 1,"Plan Width": 20,"Actual Startup Time": 0.005,"Actual Total Time": 0.005,"Actual Rows": 1,"Actual Loops": 30935,"Index Cond": "(o_orderkey = lineitem.l_orderkey)","Rows Removed by Index Recheck": 0,"Workers": []}]}]}]}]}]},"Planning Time": 5.086,"Triggers": [],"Execution Time": 430.638}]
[{"Plan": {"Node Type": "Aggregate","Strategy": "Sorted","Partial Mode": "Finalize","Parallel Aware": false,"Async Capable": false,"Startup Cost": 173644.04,"Total Cost": 173792.13,"Plan Rows": 7,"Plan Width": 27,"Actual Startup Time": 395.845,"Actual Total Time": 427.543,"Actual Rows": 2,"Actual Loops": 1,"Group Key": ["lineitem.l_shipmode"],"Plans": [{"Node Type": "Gather Merge","Parent Relationship": "Outer","Parallel Aware": false,"Async Capable": false,"Startup Cost": 173644.04,"Total Cost": 173791.85,"Plan Rows": 28,"Plan Width": 27,"Actual Startup Time": 394.999,"Actual Total Time": 427.506,"Actual Rows": 10,"Actual Loops": 1,"Workers Planned": 4,"Workers Launched": 4,"Plans": [{"Node Type": "Aggregate","Strategy": "Sorted","Partial Mode": "Partial","Parent Relationship": "Outer","Parallel Aware": false,"Async Capable": false,"Startup Cost": 172643.98,"Total Cost": 172788.45,"Plan Rows": 7,"Plan Width": 27,"Actual Startup Time": 387.190,"Actual Total Time": 387.912,"Actual Rows": 2,"Actual Loops": 5,"Group Key": ["lineitem.l_shipmode"],"Workers": [],"Plans": [{"Node Type": "Sort","Parent Relationship": "Outer","Parallel Aware": false,"Async Capable": false,"Startup Cost": 172643.98,"Total Cost": 172662.03,"Plan Rows": 7220,"Plan Width": 27,"Actual Startup Time": 386.412,"Actual Total Time": 386.668,"Actual Rows": 6240,"Actual Loops": 5,"Sort Key": ["lineitem.l_shipmode"],"Sort Method": "quicksort","Sort Space Used": 636,"Sort Space Type": "Memory","Workers": [{"Worker Number": 0,"Sort Method": "quicksort","Sort Space Used": 628,"Sort Space Type": "Memory"},{"Worker Number": 1,"Sort Method": "quicksort","Sort Space Used": 627,"Sort Space Type": "Memory"},{"Worker Number": 2,"Sort Method": "quicksort","Sort Space Used": 639,"Sort Space Type": "Memory"},{"Worker Number": 3,"Sort Method": "quicksort","Sort Space Used": 625,"Sort Space Type": "Memory"}],"Plans": [{"Node Type": "Nested Loop","Parent Relationship": "Outer","Parallel Aware": false,"Async Capable": false,"Join Type": "Inner","Startup Cost": 0.43,"Total Cost": 172181.26,"Plan Rows": 7220,"Plan Width": 27,"Actual Startup Time": 0.379,"Actual Total Time": 383.614,"Actual Rows": 6240,"Actual Loops": 5,"Inner Unique": true,"Workers": [],"Plans": [{"Node Type": "Seq Scan","Parent Relationship": "Outer","Parallel Aware": true,"Async Capable": false,"Relation Name": "lineitem","Alias": "lineitem","Startup Cost": 0.00,"Total Cost": 146259.83,"Plan Rows": 7220,"Plan Width": 15,"Actual Startup Time": 0.257,"Actual Total Time": 349.165,"Actual Rows": 6240,"Actual Loops": 5,"Filter": "((l_shipmode = ANY ('{MAIL,\"REG AIR\"}'::bpchar[])) AND (l_commitdate < l_receiptdate) AND (l_shipdate < l_commitdate) AND (l_receiptdate >= '1996-01-01'::date) AND (l_receiptdate < '1997-01-01 00:00:00'::timestamp without time zone))","Rows Removed by Filter": 1194003,"Workers": []},{"Node Type": "Index Scan","Parent Relationship": "Inner","Parallel Aware": false,"Async Capable": false,"Scan Direction": "Forward","Index Name": "orders_pkey","Relation Name": "orders","Alias": "orders","Startup Cost": 0.43,"Total Cost": 3.59,"Plan Rows": 1,"Plan Width": 20,"Actual Startup Time": 0.005,"Actual Total Time": 0.005,"Actual Rows": 1,"Actual Loops": 31200,"Index Cond": "(o_orderkey = lineitem.l_orderkey)","Rows Removed by Index Recheck": 0,"Workers": []}]}]}]}]}]},"Planning Time": 4.385,"Triggers": [],"Execution Time": 427.946}]
[{"Plan": {"Node Type": "Aggregate","Strategy": "Sorted","Partial Mode": "Finalize","Parallel Aware": false,"Async Capable": false,"Startup Cost": 173670.87,"Total Cost": 173819.19,"Plan Rows": 7,"Plan Width": 27,"Actual Startup Time": 404.675,"Actual Total Time": 438.377,"Actual Rows": 2,"Actual Loops": 1,"Group Key": ["lineitem.l_shipmode"],"Plans": [{"Node Type": "Gather Merge","Parent Relationship": "Outer","Parallel Aware": false,"Async Capable": false,"Startup Cost": 173670.87,"Total Cost": 173818.91,"Plan Rows": 28,"Plan Width": 27,"Actual Startup Time": 403.820,"Actual Total Time": 438.340,"Actual Rows": 10,"Actual Loops": 1,"Workers Planned": 4,"Workers Launched": 4,"Plans": [{"Node Type": "Aggregate","Strategy": "Sorted","Partial Mode": "Partial","Parent Relationship": "Outer","Parallel Aware": false,"Async Capable": false,"Startup Cost": 172670.81,"Total Cost": 172815.52,"Plan Rows": 7,"Plan Width": 27,"Actual Startup Time": 395.863,"Actual Total Time": 396.615,"Actual Rows": 2,"Actual Loops": 5,"Group Key": ["lineitem.l_shipmode"],"Workers": [],"Plans": [{"Node Type": "Sort","Parent Relationship": "Outer","Parallel Aware": false,"Async Capable": false,"Startup Cost": 172670.81,"Total Cost": 172688.89,"Plan Rows": 7232,"Plan Width": 27,"Actual Startup Time": 395.101,"Actual Total Time": 395.367,"Actual Rows": 6281,"Actual Loops": 5,"Sort Key": ["lineitem.l_shipmode"],"Sort Method": "quicksort","Sort Space Used": 656,"Sort Space Type": "Memory","Workers": [{"Worker Number": 0,"Sort Method": "quicksort","Sort Space Used": 624,"Sort Space Type": "Memory"},{"Worker Number": 1,"Sort Method": "quicksort","Sort Space Used": 627,"Sort Space Type": "Memory"},{"Worker Number": 2,"Sort Method": "quicksort","Sort Space Used": 639,"Sort Space Type": "Memory"},{"Worker Number": 3,"Sort Method": "quicksort","Sort Space Used": 625,"Sort Space Type": "Memory"}],"Plans": [{"Node Type": "Nested Loop","Parent Relationship": "Outer","Parallel Aware": false,"Async Capable": false,"Join Type": "Inner","Startup Cost": 0.43,"Total Cost": 172207.23,"Plan Rows": 7232,"Plan Width": 27,"Actual Startup Time": 0.235,"Actual Total Time": 392.159,"Actual Rows": 6281,"Actual Loops": 5,"Inner Unique": true,"Workers": [],"Plans": [{"Node Type": "Seq Scan","Parent Relationship": "Outer","Parallel Aware": true,"Async Capable": false,"Relation Name": "lineitem","Alias": "lineitem","Startup Cost": 0.00,"Total Cost": 146259.83,"Plan Rows": 7232,"Plan Width": 15,"Actual Startup Time": 0.120,"Actual Total Time": 356.368,"Actual Rows": 6281,"Actual Loops": 5,"Filter": "((l_shipmode = ANY ('{FOB,SHIP}'::bpchar[])) AND (l_commitdate < l_receiptdate) AND (l_shipdate < l_commitdate) AND (l_receiptdate >= '1996-01-01'::date) AND (l_receiptdate < '1997-01-01 00:00:00'::timestamp without time zone))","Rows Removed by Filter": 1193962,"Workers": []},{"Node Type": "Index Scan","Parent Relationship": "Inner","Parallel Aware": false,"Async Capable": false,"Scan Direction": "Forward","Index Name": "orders_pkey","Relation Name": "orders","Alias": "orders","Startup Cost": 0.43,"Total Cost": 3.59,"Plan Rows": 1,"Plan Width": 20,"Actual Startup Time": 0.005,"Actual Total Time": 0.005,"Actual Rows": 1,"Actual Loops": 31403,"Index Cond": "(o_orderkey = lineitem.l_orderkey)","Rows Removed by Index Recheck": 0,"Workers": []}]}]}]}]}]},"Planning Time": 4.303,"Triggers": [],"Execution Time": 438.798}]
[{"Plan": {"Node Type": "Aggregate","Strategy": "Sorted","Partial Mode": "Finalize","Parallel Aware": false,"Async Capable": false,"Startup Cost": 174152.64,"Total Cost": 174305.45,"Plan Rows": 7,"Plan Width": 27,"Actual Startup Time": 399.134,"Actual Total Time": 431.728,"Actual Rows": 2,"Actual Loops": 1,"Group Key": ["lineitem.l_shipmode"],"Plans": [{"Node Type": "Gather Merge","Parent Relationship": "Outer","Parallel Aware": false,"Async Capable": false,"Startup Cost": 174152.64,"Total Cost": 174305.17,"Plan Rows": 28,"Plan Width": 27,"Actual Startup Time": 398.237,"Actual Total Time": 431.684,"Actual Rows": 10,"Actual Loops": 1,"Workers Planned": 4,"Workers Launched": 4,"Plans": [{"Node Type": "Aggregate","Strategy": "Sorted","Partial Mode": "Partial","Parent Relationship": "Outer","Parallel Aware": false,"Async Capable": false,"Startup Cost": 173152.59,"Total Cost": 173301.78,"Plan Rows": 7,"Plan Width": 27,"Actual Startup Time": 389.639,"Actual Total Time": 390.378,"Actual Rows": 2,"Actual Loops": 5,"Group Key": ["lineitem.l_shipmode"],"Workers": [],"Plans": [{"Node Type": "Sort","Parent Relationship": "Outer","Parallel Aware": false,"Async Capable": false,"Startup Cost": 173152.59,"Total Cost": 173171.23,"Plan Rows": 7456,"Plan Width": 27,"Actual Startup Time": 388.875,"Actual Total Time": 389.127,"Actual Rows": 6253,"Actual Loops": 5,"Sort Key": ["lineitem.l_shipmode"],"Sort Method": "quicksort","Sort Space Used": 637,"Sort Space Type": "Memory","Workers": [{"Worker Number": 0,"Sort Method": "quicksort","Sort Space Used": 643,"Sort Space Type": "Memory"},{"Worker Number": 1,"Sort Method": "quicksort","Sort Space Used": 634,"Sort Space Type": "Memory"},{"Worker Number": 2,"Sort Method": "quicksort","Sort Space Used": 616,"Sort Space Type": "Memory"},{"Worker Number": 3,"Sort Method": "quicksort","Sort Space Used": 631,"Sort Space Type": "Memory"}],"Plans": [{"Node Type": "Nested Loop","Parent Relationship": "Outer","Parallel Aware": false,"Async Capable": false,"Join Type": "Inner","Startup Cost": 0.43,"Total Cost": 172673.01,"Plan Rows": 7456,"Plan Width": 27,"Actual Startup Time": 0.339,"Actual Total Time": 386.025,"Actual Rows": 6253,"Actual Loops": 5,"Inner Unique": true,"Workers": [],"Plans": [{"Node Type": "Seq Scan","Parent Relationship": "Outer","Parallel Aware": true,"Async Capable": false,"Relation Name": "lineitem","Alias": "lineitem","Startup Cost": 0.00,"Total Cost": 146259.83,"Plan Rows": 7456,"Plan Width": 15,"Actual Startup Time": 0.211,"Actual Total Time": 351.151,"Actual Rows": 6253,"Actual Loops": 5,"Filter": "((l_shipmode = ANY ('{FOB,RAIL}'::bpchar[])) AND (l_commitdate < l_receiptdate) AND (l_shipdate < l_commitdate) AND (l_receiptdate >= '1995-01-01'::date) AND (l_receiptdate < '1996-01-01 00:00:00'::timestamp without time zone))","Rows Removed by Filter": 1193990,"Workers": []},{"Node Type": "Index Scan","Parent Relationship": "Inner","Parallel Aware": false,"Async Capable": false,"Scan Direction": "Forward","Index Name": "orders_pkey","Relation Name": "orders","Alias": "orders","Startup Cost": 0.43,"Total Cost": 3.54,"Plan Rows": 1,"Plan Width": 20,"Actual Startup Time": 0.005,"Actual Total Time": 0.005,"Actual Rows": 1,"Actual Loops": 31266,"Index Cond": "(o_orderkey = lineitem.l_orderkey)","Rows Removed by Index Recheck": 0,"Workers": []}]}]}]}]}]},"Planning Time": 3.995,"Triggers": [],"Execution Time": 432.216}]
[{"Plan": {"Node Type": "Aggregate","Strategy": "Sorted","Partial Mode": "Finalize","Parallel Aware": false,"Async Capable": false,"Startup Cost": 173776.29,"Total Cost": 173925.59,"Plan Rows": 7,"Plan Width": 27,"Actual Startup Time": 396.512,"Actual Total Time": 430.541,"Actual Rows": 2,"Actual Loops": 1,"Group Key": ["lineitem.l_shipmode"],"Plans": [{"Node Type": "Gather Merge","Parent Relationship": "Outer","Parallel Aware": false,"Async Capable": false,"Startup Cost": 173776.29,"Total Cost": 173925.31,"Plan Rows": 28,"Plan Width": 27,"Actual Startup Time": 395.592,"Actual Total Time": 430.492,"Actual Rows": 10,"Actual Loops": 1,"Workers Planned": 4,"Workers Launched": 4,"Plans": [{"Node Type": "Aggregate","Strategy": "Sorted","Partial Mode": "Partial","Parent Relationship": "Outer","Parallel Aware": false,"Async Capable": false,"Startup Cost": 172776.23,"Total Cost": 172921.92,"Plan Rows": 7,"Plan Width": 27,"Actual Startup Time": 386.809,"Actual Total Time": 387.552,"Actual Rows": 2,"Actual Loops": 5,"Group Key": ["lineitem.l_shipmode"],"Workers": [],"Plans": [{"Node Type": "Sort","Parent Relationship": "Outer","Parallel Aware": false,"Async Capable": false,"Startup Cost": 172776.23,"Total Cost": 172794.43,"Plan Rows": 7281,"Plan Width": 27,"Actual Startup Time": 386.016,"Actual Total Time": 386.294,"Actual Rows": 6242,"Actual Loops": 5,"Sort Key": ["lineitem.l_shipmode"],"Sort Method": "quicksort","Sort Space Used": 641,"Sort Space Type": "Memory","Workers": [{"Worker Number": 0,"Sort Method": "quicksort","Sort Space Used": 608,"Sort Space Type": "Memory"},{"Worker Number": 1,"Sort Method": "quicksort","Sort Space Used": 638,"Sort Space Type": "Memory"},{"Worker Number": 2,"Sort Method": "quicksort","Sort Space Used": 640,"Sort Space Type": "Memory"},{"Worker Number": 3,"Sort Method": "quicksort","Sort Space Used": 630,"Sort Space Type": "Memory"}],"Plans": [{"Node Type": "Nested Loop","Parent Relationship": "Outer","Parallel Aware": false,"Async Capable": false,"Join Type": "Inner","Startup Cost": 0.43,"Total Cost": 172309.16,"Plan Rows": 7281,"Plan Width": 27,"Actual Startup Time": 0.564,"Actual Total Time": 383.157,"Actual Rows": 6242,"Actual Loops": 5,"Inner Unique": true,"Workers": [],"Plans": [{"Node Type": "Seq Scan","Parent Relationship": "Outer","Parallel Aware": true,"Async Capable": false,"Relation Name": "lineitem","Alias": "lineitem","Startup Cost": 0.00,"Total Cost": 146259.83,"Plan Rows": 7281,"Plan Width": 15,"Actual Startup Time": 0.411,"Actual Total Time": 347.986,"Actual Rows": 6242,"Actual Loops": 5,"Filter": "((l_shipmode = ANY ('{RAIL,\"REG AIR\"}'::bpchar[])) AND (l_commitdate < l_receiptdate) AND (l_shipdate < l_commitdate) AND (l_receiptdate >= '1993-01-01'::date) AND (l_receiptdate < '1994-01-01 00:00:00'::timestamp without time zone))","Rows Removed by Filter": 1194001,"Workers": []},{"Node Type": "Index Scan","Parent Relationship": "Inner","Parallel Aware": false,"Async Capable": false,"Scan Direction": "Forward","Index Name": "orders_pkey","Relation Name": "orders","Alias": "orders","Startup Cost": 0.43,"Total Cost": 3.58,"Plan Rows": 1,"Plan Width": 20,"Actual Startup Time": 0.005,"Actual Total Time": 0.005,"Actual Rows": 1,"Actual Loops": 31209,"Index Cond": "(o_orderkey = lineitem.l_orderkey)","Rows Removed by Index Recheck": 0,"Workers": []}]}]}]}]}]},"Planning Time": 5.082,"Triggers": [],"Execution Time": 431.008}]
[{"Plan": {"Node Type": "Aggregate","Strategy": "Sorted","Partial Mode": "Finalize","Parallel Aware": false,"Async Capable": false,"Startup Cost": 173583.35,"Total Cost": 173730.87,"Plan Rows": 7,"Plan Width": 27,"Actual Startup Time": 405.257,"Actual Total Time": 439.575,"Actual Rows": 2,"Actual Loops": 1,"Group Key": ["lineitem.l_shipmode"],"Plans": [{"Node Type": "Gather Merge","Parent Relationship": "Outer","Parallel Aware": false,"Async Capable": false,"Startup Cost": 173583.35,"Total Cost": 173730.59,"Plan Rows": 28,"Plan Width": 27,"Actual Startup Time": 404.428,"Actual Total Time": 439.541,"Actual Rows": 10,"Actual Loops": 1,"Workers Planned": 4,"Workers Launched": 4,"Plans": [{"Node Type": "Aggregate","Strategy": "Sorted","Partial Mode": "Partial","Parent Relationship": "Outer","Parallel Aware": false,"Async Capable": false,"Startup Cost": 172583.29,"Total Cost": 172727.20,"Plan Rows": 7,"Plan Width": 27,"Actual Startup Time": 395.542,"Actual Total Time": 396.308,"Actual Rows": 2,"Actual Loops": 5,"Group Key": ["lineitem.l_shipmode"],"Workers": [],"Plans": [{"Node Type": "Sort","Parent Relationship": "Outer","Parallel Aware": false,"Async Capable": false,"Startup Cost": 172583.29,"Total Cost": 172601.27,"Plan Rows": 7192,"Plan Width": 27,"Actual Startup Time": 394.796,"Actual Total Time": 395.048,"Actual Rows": 6189,"Actual Loops": 5,"Sort Key": ["lineitem.l_shipmode"],"Sort Method": "quicksort","Sort Space Used": 633,"Sort Space Type": "Memory","Workers": [{"Worker Number": 0,"Sort Method": "quicksort","Sort Space Used": 605,"Sort Space Type": "Memory"},{"Worker Number": 1,"Sort Method": "quicksort","Sort Space Used": 641,"Sort Space Type": "Memory"},{"Worker Number": 2,"Sort Method": "quicksort","Sort Space Used": 632,"Sort Space Type": "Memory"},{"Worker Number": 3,"Sort Method": "quicksort","Sort Space Used": 629,"Sort Space Type": "Memory"}],"Plans": [{"Node Type": "Nested Loop","Parent Relationship": "Outer","Parallel Aware": false,"Async Capable": false,"Join Type": "Inner","Startup Cost": 0.43,"Total Cost": 172122.57,"Plan Rows": 7192,"Plan Width": 27,"Actual Startup Time": 0.219,"Actual Total Time": 391.888,"Actual Rows": 6189,"Actual Loops": 5,"Inner Unique": true,"Workers": [],"Plans": [{"Node Type": "Seq Scan","Parent Relationship": "Outer","Parallel Aware": true,"Async Capable": false,"Relation Name": "lineitem","Alias": "lineitem","Startup Cost": 0.00,"Total Cost": 146259.83,"Plan Rows": 7192,"Plan Width": 15,"Actual Startup Time": 0.086,"Actual Total Time": 355.942,"Actual Rows": 6189,"Actual Loops": 5,"Filter": "((l_shipmode = ANY ('{TRUCK,MAIL}'::bpchar[])) AND (l_commitdate < l_receiptdate) AND (l_shipdate < l_commitdate) AND (l_receiptdate >= '1994-01-01'::date) AND (l_receiptdate < '1995-01-01 00:00:00'::timestamp without time zone))","Rows Removed by Filter": 1194054,"Workers": []},{"Node Type": "Index Scan","Parent Relationship": "Inner","Parallel Aware": false,"Async Capable": false,"Scan Direction": "Forward","Index Name": "orders_pkey","Relation Name": "orders","Alias": "orders","Startup Cost": 0.43,"Total Cost": 3.60,"Plan Rows": 1,"Plan Width": 20,"Actual Startup Time": 0.005,"Actual Total Time": 0.005,"Actual Rows": 1,"Actual Loops": 30947,"Index Cond": "(o_orderkey = lineitem.l_orderkey)","Rows Removed by Index Recheck": 0,"Workers": []}]}]}]}]}]},"Planning Time": 4.456,"Triggers": [],"Execution Time": 440.137}]
[{"Plan": {"Node Type": "Aggregate","Strategy": "Sorted","Partial Mode": "Finalize","Parallel Aware": false,"Async Capable": false,"Startup Cost": 174075.36,"Total Cost": 174227.44,"Plan Rows": 7,"Plan Width": 27,"Actual Startup Time": 393.580,"Actual Total Time": 428.721,"Actual Rows": 2,"Actual Loops": 1,"Group Key": ["lineitem.l_shipmode"],"Plans": [{"Node Type": "Gather Merge","Parent Relationship": "Outer","Parallel Aware": false,"Async Capable": false,"Startup Cost": 174075.36,"Total Cost": 174227.16,"Plan Rows": 28,"Plan Width": 27,"Actual Startup Time": 392.744,"Actual Total Time": 428.686,"Actual Rows": 10,"Actual Loops": 1,"Workers Planned": 4,"Workers Launched": 4,"Plans": [{"Node Type": "Aggregate","Strategy": "Sorted","Partial Mode": "Partial","Parent Relationship": "Outer","Parallel Aware": false,"Async Capable": false,"Startup Cost": 173075.30,"Total Cost": 173223.77,"Plan Rows": 7,"Plan Width": 27,"Actual Startup Time": 384.788,"Actual Total Time": 385.515,"Actual Rows": 2,"Actual Loops": 5,"Group Key": ["lineitem.l_shipmode"],"Workers": [],"Plans": [{"Node Type": "Sort","Parent Relationship": "Outer","Parallel Aware": false,"Async Capable": false,"Startup Cost": 173075.30,"Total Cost": 173093.85,"Plan Rows": 7420,"Plan Width": 27,"Actual Startup Time": 384.026,"Actual Total Time": 384.269,"Actual Rows": 6245,"Actual Loops": 5,"Sort Key": ["lineitem.l_shipmode"],"Sort Method": "quicksort","Sort Space Used": 632,"Sort Space Type": "Memory","Workers": [{"Worker Number": 0,"Sort Method": "quicksort","Sort Space Used": 636,"Sort Space Type": "Memory"},{"Worker Number": 1,"Sort Method": "quicksort","Sort Space Used": 625,"Sort Space Type": "Memory"},{"Worker Number": 2,"Sort Method": "quicksort","Sort Space Used": 637,"Sort Space Type": "Memory"},{"Worker Number": 3,"Sort Method": "quicksort","Sort Space Used": 628,"Sort Space Type": "Memory"}],"Plans": [{"Node Type": "Nested Loop","Parent Relationship": "Outer","Parallel Aware": false,"Async Capable": false,"Join Type": "Inner","Startup Cost": 0.43,"Total Cost": 172598.29,"Plan Rows": 7420,"Plan Width": 27,"Actual Startup Time": 0.286,"Actual Total Time": 381.167,"Actual Rows": 6245,"Actual Loops": 5,"Inner Unique": true,"Workers": [],"Plans": [{"Node Type": "Seq Scan","Parent Relationship": "Outer","Parallel Aware": true,"Async Capable": false,"Relation Name": "lineitem","Alias": "lineitem","Startup Cost": 0.00,"Total Cost": 146259.83,"Plan Rows": 7420,"Plan Width": 15,"Actual Startup Time": 0.166,"Actual Total Time": 346.870,"Actual Rows": 6245,"Actual Loops": 5,"Filter": "((l_shipmode = ANY ('{SHIP,FOB}'::bpchar[])) AND (l_commitdate < l_receiptdate) AND (l_shipdate < l_commitdate) AND (l_receiptdate >= '1995-01-01'::date) AND (l_receiptdate < '1996-01-01 00:00:00'::timestamp without time zone))","Rows Removed by Filter": 1193998,"Workers": []},{"Node Type": "Index Scan","Parent Relationship": "Inner","Parallel Aware": false,"Async Capable": false,"Scan Direction": "Forward","Index Name": "orders_pkey","Relation Name": "orders","Alias": "orders","Startup Cost": 0.43,"Total Cost": 3.55,"Plan Rows": 1,"Plan Width": 20,"Actual Startup Time": 0.005,"Actual Total Time": 0.005,"Actual Rows": 1,"Actual Loops": 31225,"Index Cond": "(o_orderkey = lineitem.l_orderkey)","Rows Removed by Index Recheck": 0,"Workers": []}]}]}]}]}]},"Planning Time": 4.271,"Triggers": [],"Execution Time": 429.353}]
[{"Plan": {"Node Type": "Aggregate","Strategy": "Sorted","Partial Mode": "Finalize","Parallel Aware": false,"Async Capable": false,"Startup Cost": 173642.03,"Total Cost": 173790.09,"Plan Rows": 7,"Plan Width": 27,"Actual Startup Time": 399.535,"Actual Total Time": 432.310,"Actual Rows": 2,"Actual Loops": 1,"Group Key": ["lineitem.l_shipmode"],"Plans": [{"Node Type": "Gather Merge","Parent Relationship": "Outer","Parallel Aware": false,"Async Capable": false,"Startup Cost": 173642.03,"Total Cost": 173789.81,"Plan Rows": 28,"Plan Width": 27,"Actual Startup Time": 398.698,"Actual Total Time": 432.264,"Actual Rows": 10,"Actual Loops": 1,"Workers Planned": 4,"Workers Launched": 4,"Plans": [{"Node Type": "Aggregate","Strategy": "Sorted","Partial Mode": "Partial","Parent Relationship": "Outer","Parallel Aware": false,"Async Capable": false,"Startup Cost": 172641.97,"Total Cost": 172786.42,"Plan Rows": 7,"Plan Width": 27,"Actual Startup Time": 390.218,"Actual Total Time": 390.968,"Actual Rows": 2,"Actual Loops": 5,"Group Key": ["lineitem.l_shipmode"],"Workers": [],"Plans": [{"Node Type": "Sort","Parent Relationship": "Outer","Parallel Aware": false,"Async Capable": false,"Startup Cost": 172641.97,"Total Cost": 172660.02,"Plan Rows": 7219,"Plan Width": 27,"Actual Startup Time": 389.463,"Actual Total Time": 389.715,"Actual Rows": 6266,"Actual Loops": 5,"Sort Key": ["lineitem.l_shipmode"],"Sort Method": "quicksort","Sort Space Used": 623,"Sort Space Type": "Memory","Workers": [{"Worker Number": 0,"Sort Method": "quicksort","Sort Space Used": 648,"Sort Space Type": "Memory"},{"Worker Number": 1,"Sort Method": "quicksort","Sort Space Used": 614,"Sort Space Type": "Memory"},{"Worker Number": 2,"Sort Method": "quicksort","Sort Space Used": 646,"Sort Space Type": "Memory"},{"Worker Number": 3,"Sort Method": "quicksort","Sort Space Used": 635,"Sort Space Type": "Memory"}],"Plans": [{"Node Type": "Nested Loop","Parent Relationship": "Outer","Parallel Aware": false,"Async Capable": false,"Join Type": "Inner","Startup Cost": 0.43,"Total Cost": 172179.32,"Plan Rows": 7219,"Plan Width": 27,"Actual Startup Time": 0.612,"Actual Total Time": 386.568,"Actual Rows": 6266,"Actual Loops": 5,"Inner Unique": true,"Workers": [],"Plans": [{"Node Type": "Seq Scan","Parent Relationship": "Outer","Parallel Aware": true,"Async Capable": false,"Relation Name": "lineitem","Alias": "lineitem","Startup Cost": 0.00,"Total Cost": 146259.83,"Plan Rows": 7219,"Plan Width": 15,"Actual Startup Time": 0.485,"Actual Total Time": 351.344,"Actual Rows": 6266,"Actual Loops": 5,"Filter": "((l_shipmode = ANY ('{MAIL,SHIP}'::bpchar[])) AND (l_commitdate < l_receiptdate) AND (l_shipdate < l_commitdate) AND (l_receiptdate >= '1996-01-01'::date) AND (l_receiptdate < '1997-01-01 00:00:00'::timestamp without time zone))","Rows Removed by Filter": 1193977,"Workers": []},{"Node Type": "Index Scan","Parent Relationship": "Inner","Parallel Aware": false,"Async Capable": false,"Scan Direction": "Forward","Index Name": "orders_pkey","Relation Name": "orders","Alias": "orders","Startup Cost": 0.43,"Total Cost": 3.59,"Plan Rows": 1,"Plan Width": 20,"Actual Startup Time": 0.005,"Actual Total Time": 0.005,"Actual Rows": 1,"Actual Loops": 31329,"Index Cond": "(o_orderkey = lineitem.l_orderkey)","Rows Removed by Index Recheck": 0,"Workers": []}]}]}]}]}]},"Planning Time": 4.824,"Triggers": [],"Execution Time": 432.816}]
[{"Plan": {"Node Type": "Aggregate","Strategy": "Sorted","Partial Mode": "Finalize","Parallel Aware": false,"Async Capable": false,"Startup Cost": 173975.00,"Total Cost": 174126.12,"Plan Rows": 7,"Plan Width": 27,"Actual Startup Time": 391.228,"Actual Total Time": 425.593,"Actual Rows": 2,"Actual Loops": 1,"Group Key": ["lineitem.l_shipmode"],"Plans": [{"Node Type": "Gather Merge","Parent Relationship": "Outer","Parallel Aware": false,"Async Capable": false,"Startup Cost": 173975.00,"Total Cost": 174125.84,"Plan Rows": 28,"Plan Width": 27,"Actual Startup Time": 390.409,"Actual Total Time": 425.566,"Actual Rows": 10,"Actual Loops": 1,"Workers Planned": 4,"Workers Launched": 4,"Plans": [{"Node Type": "Aggregate","Strategy": "Sorted","Partial Mode": "Partial","Parent Relationship": "Outer","Parallel Aware": false,"Async Capable": false,"Startup Cost": 172974.94,"Total Cost": 173122.45,"Plan Rows": 7,"Plan Width": 27,"Actual Startup Time": 382.487,"Actual Total Time": 383.214,"Actual Rows": 2,"Actual Loops": 5,"Group Key": ["lineitem.l_shipmode"],"Workers": [],"Plans": [{"Node Type": "Sort","Parent Relationship": "Outer","Parallel Aware": false,"Async Capable": false,"Startup Cost": 172974.94,"Total Cost": 172993.37,"Plan Rows": 7372,"Plan Width": 27,"Actual Startup Time": 381.739,"Actual Total Time": 381.980,"Actual Rows": 6180,"Actual Loops": 5,"Sort Key": ["lineitem.l_shipmode"],"Sort Method": "quicksort","Sort Space Used": 627,"Sort Space Type": "Memory","Workers": [{"Worker Number": 0,"Sort Method": "quicksort","Sort Space Used": 637,"Sort Space Type": "Memory"},{"Worker Number": 1,"Sort Method": "quicksort","Sort Space Used": 629,"Sort Space Type": "Memory"},{"Worker Number": 2,"Sort Method": "quicksort","Sort Space Used": 615,"Sort Space Type": "Memory"},{"Worker Number": 3,"Sort Method": "quicksort","Sort Space Used": 627,"Sort Space Type": "Memory"}],"Plans": [{"Node Type": "Nested Loop","Parent Relationship": "Outer","Parallel Aware": false,"Async Capable": false,"Join Type": "Inner","Startup Cost": 0.43,"Total Cost": 172501.37,"Plan Rows": 7372,"Plan Width": 27,"Actual Startup Time": 0.272,"Actual Total Time": 378.907,"Actual Rows": 6180,"Actual Loops": 5,"Inner Unique": true,"Workers": [],"Plans": [{"Node Type": "Seq Scan","Parent Relationship": "Outer","Parallel Aware": true,"Async Capable": false,"Relation Name": "lineitem","Alias": "lineitem","Startup Cost": 0.00,"Total Cost": 146259.83,"Plan Rows": 7373,"Plan Width": 15,"Actual Startup Time": 0.161,"Actual Total Time": 344.794,"Actual Rows": 6180,"Actual Loops": 5,"Filter": "((l_shipmode = ANY ('{FOB,TRUCK}'::bpchar[])) AND (l_commitdate < l_receiptdate) AND (l_shipdate < l_commitdate) AND (l_receiptdate >= '1993-01-01'::date) AND (l_receiptdate < '1994-01-01 00:00:00'::timestamp without time zone))","Rows Removed by Filter": 1194063,"Workers": []},{"Node Type": "Index Scan","Parent Relationship": "Inner","Parallel Aware": false,"Async Capable": false,"Scan Direction": "Forward","Index Name": "orders_pkey","Relation Name": "orders","Alias": "orders","Startup Cost": 0.43,"Total Cost": 3.56,"Plan Rows": 1,"Plan Width": 20,"Actual Startup Time": 0.005,"Actual Total Time": 0.005,"Actual Rows": 1,"Actual Loops": 30899,"Index Cond": "(o_orderkey = lineitem.l_orderkey)","Rows Removed by Index Recheck": 0,"Workers": []}]}]}]}]}]},"Planning Time": 4.358,"Triggers": [],"Execution Time": 425.966}]
[{"Plan": {"Node Type": "Aggregate","Strategy": "Sorted","Partial Mode": "Finalize","Parallel Aware": false,"Async Capable": false,"Startup Cost": 173511.10,"Total Cost": 173657.96,"Plan Rows": 7,"Plan Width": 27,"Actual Startup Time": 399.343,"Actual Total Time": 433.150,"Actual Rows": 2,"Actual Loops": 1,"Group Key": ["lineitem.l_shipmode"],"Plans": [{"Node Type": "Gather Merge","Parent Relationship": "Outer","Parallel Aware": false,"Async Capable": false,"Startup Cost": 173511.10,"Total Cost": 173657.68,"Plan Rows": 28,"Plan Width": 27,"Actual Startup Time": 398.363,"Actual Total Time": 433.102,"Actual Rows": 10,"Actual Loops": 1,"Workers Planned": 4,"Workers Launched": 4,"Plans": [{"Node Type": "Aggregate","Strategy": "Sorted","Partial Mode": "Partial","Parent Relationship": "Outer","Parallel Aware": false,"Async Capable": false,"Startup Cost": 172511.04,"Total Cost": 172654.29,"Plan Rows": 7,"Plan Width": 27,"Actual Startup Time": 389.719,"Actual Total Time": 390.493,"Actual Rows": 2,"Actual Loops": 5,"Group Key": ["lineitem.l_shipmode"],"Workers": [],"Plans": [{"Node Type": "Sort","Parent Relationship": "Outer","Parallel Aware": false,"Async Capable": false,"Startup Cost": 172511.04,"Total Cost": 172528.94,"Plan Rows": 7159,"Plan Width": 27,"Actual Startup Time": 388.971,"Actual Total Time": 389.235,"Actual Rows": 6233,"Actual Loops": 5,"Sort Key": ["lineitem.l_shipmode"],"Sort Method": "quicksort","Sort Space Used": 630,"Sort Space Type": "Memory","Workers": [{"Worker Number": 0,"Sort Method": "quicksort","Sort Space Used": 640,"Sort Space Type": "Memory"},{"Worker Number": 1,"Sort Method": "quicksort","Sort Space Used": 633,"Sort Space Type": "Memory"},{"Worker Number": 2,"Sort Method": "quicksort","Sort Space Used": 615,"Sort Space Type": "Memory"},{"Worker Number": 3,"Sort Method": "quicksort","Sort Space Used": 636,"Sort Space Type": "Memory"}],"Plans": [{"Node Type": "Nested Loop","Parent Relationship": "Outer","Parallel Aware": false,"Async Capable": false,"Join Type": "Inner","Startup Cost": 0.43,"Total Cost": 172052.66,"Plan Rows": 7159,"Plan Width": 27,"Actual Startup Time": 0.561,"Actual Total Time": 386.164,"Actual Rows": 6233,"Actual Loops": 5,"Inner Unique": true,"Workers": [],"Plans": [{"Node Type": "Seq Scan","Parent Relationship": "Outer","Parallel Aware": true,"Async Capable": false,"Relation Name": "lineitem","Alias": "lineitem","Startup Cost": 0.00,"Total Cost": 146259.83,"Plan Rows": 7159,"Plan Width": 15,"Actual Startup Time": 0.439,"Actual Total Time": 351.248,"Actual Rows": 6233,"Actual Loops": 5,"Filter": "((l_shipmode = ANY ('{SHIP,AIR}'::bpchar[])) AND (l_commitdate < l_receiptdate) AND (l_shipdate < l_commitdate) AND (l_receiptdate >= '1997-01-01'::date) AND (l_receiptdate < '1998-01-01 00:00:00'::timestamp without time zone))","Rows Removed by Filter": 1194010,"Workers": []},{"Node Type": "Index Scan","Parent Relationship": "Inner","Parallel Aware": false,"Async Capable": false,"Scan Direction": "Forward","Index Name": "orders_pkey","Relation Name": "orders","Alias": "orders","Startup Cost": 0.43,"Total Cost": 3.60,"Plan Rows": 1,"Plan Width": 20,"Actual Startup Time": 0.005,"Actual Total Time": 0.005,"Actual Rows": 1,"Actual Loops": 31165,"Index Cond": "(o_orderkey = lineitem.l_orderkey)","Rows Removed by Index Recheck": 0,"Workers": []}]}]}]}]}]},"Planning Time": 4.079,"Triggers": [],"Execution Time": 433.548}]
[{"Plan": {"Node Type": "Aggregate","Strategy": "Sorted","Partial Mode": "Finalize","Parallel Aware": false,"Async Capable": false,"Startup Cost": 173452.42,"Total Cost": 173598.75,"Plan Rows": 7,"Plan Width": 27,"Actual Startup Time": 402.564,"Actual Total Time": 436.336,"Actual Rows": 2,"Actual Loops": 1,"Group Key": ["lineitem.l_shipmode"],"Plans": [{"Node Type": "Gather Merge","Parent Relationship": "Outer","Parallel Aware": false,"Async Capable": false,"Startup Cost": 173452.42,"Total Cost": 173598.47,"Plan Rows": 28,"Plan Width": 27,"Actual Startup Time": 401.701,"Actual Total Time": 436.290,"Actual Rows": 10,"Actual Loops": 1,"Workers Planned": 4,"Workers Launched": 4,"Plans": [{"Node Type": "Aggregate","Strategy": "Sorted","Partial Mode": "Partial","Parent Relationship": "Outer","Parallel Aware": false,"Async Capable": false,"Startup Cost": 172452.36,"Total Cost": 172595.07,"Plan Rows": 7,"Plan Width": 27,"Actual Startup Time": 393.241,"Actual Total Time": 393.984,"Actual Rows": 2,"Actual Loops": 5,"Group Key": ["lineitem.l_shipmode"],"Workers": [],"Plans": [{"Node Type": "Sort","Parent Relationship": "Outer","Parallel Aware": false,"Async Capable": false,"Startup Cost": 172452.36,"Total Cost": 172470.19,"Plan Rows": 7132,"Plan Width": 27,"Actual Startup Time": 392.490,"Actual Total Time": 392.750,"Actual Rows": 6177,"Actual Loops": 5,"Sort Key": ["lineitem.l_shipmode"],"Sort Method": "quicksort","Sort Space Used": 617,"Sort Space Type": "Memory","Workers": [{"Worker Number": 0,"Sort Method": "quicksort","Sort Space Used": 624,"Sort Space Type": "Memory"},{"Worker Number": 1,"Sort Method": "quicksort","Sort Space Used": 625,"Sort Space Type": "Memory"},{"Worker Number": 2,"Sort Method": "quicksort","Sort Space Used": 631,"Sort Space Type": "Memory"},{"Worker Number": 3,"Sort Method": "quicksort","Sort Space Used": 636,"Sort Space Type": "Memory"}],"Plans": [{"Node Type": "Nested Loop","Parent Relationship": "Outer","Parallel Aware": false,"Async Capable": false,"Join Type": "Inner","Startup Cost": 0.43,"Total Cost": 171995.91,"Plan Rows": 7132,"Plan Width": 27,"Actual Startup Time": 0.207,"Actual Total Time": 389.653,"Actual Rows": 6177,"Actual Loops": 5,"Inner Unique": true,"Workers": [],"Plans": [{"Node Type": "Seq Scan","Parent Relationship": "Outer","Parallel Aware": true,"Async Capable": false,"Relation Name": "lineitem","Alias": "lineitem","Startup Cost": 0.00,"Total Cost": 146259.83,"Plan Rows": 7132,"Plan Width": 15,"Actual Startup Time": 0.088,"Actual Total Time": 354.317,"Actual Rows": 6177,"Actual Loops": 5,"Filter": "((l_shipmode = ANY ('{SHIP,TRUCK}'::bpchar[])) AND (l_commitdate < l_receiptdate) AND (l_shipdate < l_commitdate) AND (l_receiptdate >= '1994-01-01'::date) AND (l_receiptdate < '1995-01-01 00:00:00'::timestamp without time zone))","Rows Removed by Filter": 1194066,"Workers": []},{"Node Type": "Index Scan","Parent Relationship": "Inner","Parallel Aware": false,"Async Capable": false,"Scan Direction": "Forward","Index Name": "orders_pkey","Relation Name": "orders","Alias": "orders","Startup Cost": 0.43,"Total Cost": 3.61,"Plan Rows": 1,"Plan Width": 20,"Actual Startup Time": 0.005,"Actual Total Time": 0.005,"Actual Rows": 1,"Actual Loops": 30883,"Index Cond": "(o_orderkey = lineitem.l_orderkey)","Rows Removed by Index Recheck": 0,"Workers": []}]}]}]}]}]},"Planning Time": 4.144,"Triggers": [],"Execution Time": 436.973}]
[{"Plan": {"Node Type": "Aggregate","Strategy": "Sorted","Partial Mode": "Finalize","Parallel Aware": false,"Async Capable": false,"Startup Cost": 173414.60,"Total Cost": 173560.59,"Plan Rows": 7,"Plan Width": 27,"Actual Startup Time": 391.082,"Actual Total Time": 425.201,"Actual Rows": 2,"Actual Loops": 1,"Group Key": ["lineitem.l_shipmode"],"Plans": [{"Node Type": "Gather Merge","Parent Relationship": "Outer","Parallel Aware": false,"Async Capable": false,"Startup Cost": 173414.60,"Total Cost": 173560.31,"Plan Rows": 28,"Plan Width": 27,"Actual Startup Time": 390.283,"Actual Total Time": 425.165,"Actual Rows": 10,"Actual Loops": 1,"Workers Planned": 4,"Workers Launched": 4,"Plans": [{"Node Type": "Aggregate","Strategy": "Sorted","Partial Mode": "Partial","Parent Relationship": "Outer","Parallel Aware": false,"Async Capable": false,"Startup Cost": 172414.55,"Total Cost": 172556.92,"Plan Rows": 7,"Plan Width": 27,"Actual Startup Time": 382.210,"Actual Total Time": 382.934,"Actual Rows": 2,"Actual Loops": 5,"Group Key": ["lineitem.l_shipmode"],"Workers": [],"Plans": [{"Node Type": "Sort","Parent Relationship": "Outer","Parallel Aware": false,"Async Capable": false,"Startup Cost": 172414.55,"Total Cost": 172432.33,"Plan Rows": 7115,"Plan Width": 27,"Actual Startup Time": 381.461,"Actual Total Time": 381.702,"Actual Rows": 6225,"Actual Loops": 5,"Sort Key": ["lineitem.l_shipmode"],"Sort Method": "quicksort","Sort Space Used": 643,"Sort Space Type": "Memory","Workers": [{"Worker Number": 0,"Sort Method": "quicksort","Sort Space Used": 630,"Sort Space Type": "Memory"},{"Worker Number": 1,"Sort Method": "quicksort","Sort Space Used": 621,"Sort Space Type": "Memory"},{"Worker Number": 2,"Sort Method": "quicksort","Sort Space Used": 631,"Sort Space Type": "Memory"},{"Worker Number": 3,"Sort Method": "quicksort","Sort Space Used": 626,"Sort Space Type": "Memory"}],"Plans": [{"Node Type": "Nested Loop","Parent Relationship": "Outer","Parallel Aware": false,"Async Capable": false,"Join Type": "Inner","Startup Cost": 0.43,"Total Cost": 171959.30,"Plan Rows": 7115,"Plan Width": 27,"Actual Startup Time": 0.208,"Actual Total Time": 378.629,"Actual Rows": 6225,"Actual Loops": 5,"Inner Unique": true,"Workers": [],"Plans": [{"Node Type": "Seq Scan","Parent Relationship": "Outer","Parallel Aware": true,"Async Capable": false,"Relation Name": "lineitem","Alias": "lineitem","Startup Cost": 0.00,"Total Cost": 146259.83,"Plan Rows": 7115,"Plan Width": 15,"Actual Startup Time": 0.082,"Actual Total Time": 344.023,"Actual Rows": 6225,"Actual Loops": 5,"Filter": "((l_shipmode = ANY ('{RAIL,\"REG AIR\"}'::bpchar[])) AND (l_commitdate < l_receiptdate) AND (l_shipdate < l_commitdate) AND (l_receiptdate >= '1994-01-01'::date) AND (l_receiptdate < '1995-01-01 00:00:00'::timestamp without time zone))","Rows Removed by Filter": 1194018,"Workers": []},{"Node Type": "Index Scan","Parent Relationship": "Inner","Parallel Aware": false,"Async Capable": false,"Scan Direction": "Forward","Index Name": "orders_pkey","Relation Name": "orders","Alias": "orders","Startup Cost": 0.43,"Total Cost": 3.61,"Plan Rows": 1,"Plan Width": 20,"Actual Startup Time": 0.005,"Actual Total Time": 0.005,"Actual Rows": 1,"Actual Loops": 31124,"Index Cond": "(o_orderkey = lineitem.l_orderkey)","Rows Removed by Index Recheck": 0,"Workers": []}]}]}]}]}]},"Planning Time": 4.297,"Triggers": [],"Execution Time": 425.761}]
[{"Plan": {"Node Type": "Aggregate","Strategy": "Sorted","Partial Mode": "Finalize","Parallel Aware": false,"Async Capable": false,"Startup Cost": 174163.64,"Total Cost": 174316.55,"Plan Rows": 7,"Plan Width": 27,"Actual Startup Time": 407.617,"Actual Total Time": 441.680,"Actual Rows": 2,"Actual Loops": 1,"Group Key": ["lineitem.l_shipmode"],"Plans": [{"Node Type": "Gather Merge","Parent Relationship": "Outer","Parallel Aware": false,"Async Capable": false,"Startup Cost": 174163.64,"Total Cost": 174316.27,"Plan Rows": 28,"Plan Width": 27,"Actual Startup Time": 406.774,"Actual Total Time": 441.637,"Actual Rows": 10,"Actual Loops": 1,"Workers Planned": 4,"Workers Launched": 4,"Plans": [{"Node Type": "Aggregate","Strategy": "Sorted","Partial Mode": "Partial","Parent Relationship": "Outer","Parallel Aware": false,"Async Capable": false,"Startup Cost": 173163.59,"Total Cost": 173312.88,"Plan Rows": 7,"Plan Width": 27,"Actual Startup Time": 397.470,"Actual Total Time": 398.212,"Actual Rows": 2,"Actual Loops": 5,"Group Key": ["lineitem.l_shipmode"],"Workers": [],"Plans": [{"Node Type": "Sort","Parent Relationship": "Outer","Parallel Aware": false,"Async Capable": false,"Startup Cost": 173163.59,"Total Cost": 173182.24,"Plan Rows": 7461,"Plan Width": 27,"Actual Startup Time": 396.723,"Actual Total Time": 396.966,"Actual Rows": 6224,"Actual Loops": 5,"Sort Key": ["lineitem.l_shipmode"],"Sort Method": "quicksort","Sort Space Used": 626,"Sort Space Type": "Memory","Workers": [{"Worker Number": 0,"Sort Method": "quicksort","Sort Space Used": 615,"Sort Space Type": "Memory"},{"Worker Number": 1,"Sort Method": "quicksort","Sort Space Used": 628,"Sort Space Type": "Memory"},{"Worker Number": 2,"Sort Method": "quicksort","Sort Space Used": 637,"Sort Space Type": "Memory"},{"Worker Number": 3,"Sort Method": "quicksort","Sort Space Used": 645,"Sort Space Type": "Memory"}],"Plans": [{"Node Type": "Nested Loop","Parent Relationship": "Outer","Parallel Aware": false,"Async Capable": false,"Join Type": "Inner","Startup Cost": 0.43,"Total Cost": 172683.65,"Plan Rows": 7461,"Plan Width": 27,"Actual Startup Time": 0.397,"Actual Total Time": 393.751,"Actual Rows": 6224,"Actual Loops": 5,"Inner Unique": true,"Workers": [],"Plans": [{"Node Type": "Seq Scan","Parent Relationship": "Outer","Parallel Aware": true,"Async Capable": false,"Relation Name": "lineitem","Alias": "lineitem","Startup Cost": 0.00,"Total Cost": 146259.83,"Plan Rows": 7461,"Plan Width": 15,"Actual Startup Time": 0.280,"Actual Total Time": 357.460,"Actual Rows": 6224,"Actual Loops": 5,"Filter": "((l_shipmode = ANY ('{MAIL,TRUCK}'::bpchar[])) AND (l_commitdate < l_receiptdate) AND (l_shipdate < l_commitdate) AND (l_receiptdate >= '1995-01-01'::date) AND (l_receiptdate < '1996-01-01 00:00:00'::timestamp without time zone))","Rows Removed by Filter": 1194019,"Workers": []},{"Node Type": "Index Scan","Parent Relationship": "Inner","Parallel Aware": false,"Async Capable": false,"Scan Direction": "Forward","Index Name": "orders_pkey","Relation Name": "orders","Alias": "orders","Startup Cost": 0.43,"Total Cost": 3.54,"Plan Rows": 1,"Plan Width": 20,"Actual Startup Time": 0.005,"Actual Total Time": 0.005,"Actual Rows": 1,"Actual Loops": 31122,"Index Cond": "(o_orderkey = lineitem.l_orderkey)","Rows Removed by Index Recheck": 0,"Workers": []}]}]}]}]}]},"Planning Time": 5.116,"Triggers": [],"Execution Time": 442.383}]
[{"Plan": {"Node Type": "Aggregate","Strategy": "Sorted","Partial Mode": "Finalize","Parallel Aware": false,"Async Capable": false,"Startup Cost": 173510.53,"Total Cost": 173657.40,"Plan Rows": 7,"Plan Width": 27,"Actual Startup Time": 394.575,"Actual Total Time": 428.309,"Actual Rows": 2,"Actual Loops": 1,"Group Key": ["lineitem.l_shipmode"],"Plans": [{"Node Type": "Gather Merge","Parent Relationship": "Outer","Parallel Aware": false,"Async Capable": false,"Startup Cost": 173510.53,"Total Cost": 173657.12,"Plan Rows": 28,"Plan Width": 27,"Actual Startup Time": 393.699,"Actual Total Time": 428.278,"Actual Rows": 10,"Actual Loops": 1,"Workers Planned": 4,"Workers Launched": 4,"Plans": [{"Node Type": "Aggregate","Strategy": "Sorted","Partial Mode": "Partial","Parent Relationship": "Outer","Parallel Aware": false,"Async Capable": false,"Startup Cost": 172510.47,"Total Cost": 172653.72,"Plan Rows": 7,"Plan Width": 27,"Actual Startup Time": 385.612,"Actual Total Time": 386.363,"Actual Rows": 2,"Actual Loops": 5,"Group Key": ["lineitem.l_shipmode"],"Workers": [],"Plans": [{"Node Type": "Sort","Parent Relationship": "Outer","Parallel Aware": false,"Async Capable": false,"Startup Cost": 172510.47,"Total Cost": 172528.37,"Plan Rows": 7159,"Plan Width": 27,"Actual Startup Time": 384.871,"Actual Total Time": 385.120,"Actual Rows": 6255,"Actual Loops": 5,"Sort Key": ["lineitem.l_shipmode"],"Sort Method": "quicksort","Sort Space Used": 635,"Sort Space Type": "Memory","Workers": [{"Worker Number": 0,"Sort Method": "quicksort","Sort Space Used": 627,"Sort Space Type": "Memory"},{"Worker Number": 1,"Sort Method": "quicksort","Sort Space Used": 631,"Sort Space Type": "Memory"},{"Worker Number": 2,"Sort Method": "quicksort","Sort Space Used": 642,"Sort Space Type": "Memory"},{"Worker Number": 3,"Sort Method": "quicksort","Sort Space Used": 626,"Sort Space Type": "Memory"}],"Plans": [{"Node Type": "Nested Loop","Parent Relationship": "Outer","Parallel Aware": false,"Async Capable": false,"Join Type": "Inner","Startup Cost": 0.43,"Total Cost": 172052.10,"Plan Rows": 7159,"Plan Width": 27,"Actual Startup Time": 0.322,"Actual Total Time": 381.994,"Actual Rows": 6255,"Actual Loops": 5,"Inner Unique": true,"Workers": [],"Plans": [{"Node Type": "Seq Scan","Parent Relationship": "Outer","Parallel Aware": true,"Async Capable": false,"Relation Name": "lineitem","Alias": "lineitem","Startup Cost": 0.00,"Total Cost": 146259.83,"Plan Rows": 7159,"Plan Width": 15,"Actual Startup Time": 0.207,"Actual Total Time": 347.895,"Actual Rows": 6255,"Actual Loops": 5,"Filter": "((l_shipmode = ANY ('{\"REG AIR\",SHIP}'::bpchar[])) AND (l_commitdate < l_receiptdate) AND (l_shipdate < l_commitdate) AND (l_receiptdate >= '1996-01-01'::date) AND (l_receiptdate < '1997-01-01 00:00:00'::timestamp without time zone))","Rows Removed by Filter": 1193988,"Workers": []},{"Node Type": "Index Scan","Parent Relationship": "Inner","Parallel Aware": false,"Async Capable": false,"Scan Direction": "Forward","Index Name": "orders_pkey","Relation Name": "orders","Alias": "orders","Startup Cost": 0.43,"Total Cost": 3.60,"Plan Rows": 1,"Plan Width": 20,"Actual Startup Time": 0.005,"Actual Total Time": 0.005,"Actual Rows": 1,"Actual Loops": 31273,"Index Cond": "(o_orderkey = lineitem.l_orderkey)","Rows Removed by Index Recheck": 0,"Workers": []}]}]}]}]}]},"Planning Time": 4.742,"Triggers": [],"Execution Time": 428.660}]
[{"Plan": {"Node Type": "Aggregate","Strategy": "Sorted","Partial Mode": "Finalize","Parallel Aware": false,"Async Capable": false,"Startup Cost": 173989.00,"Total Cost": 174140.29,"Plan Rows": 7,"Plan Width": 27,"Actual Startup Time": 409.184,"Actual Total Time": 442.517,"Actual Rows": 2,"Actual Loops": 1,"Group Key": ["lineitem.l_shipmode"],"Plans": [{"Node Type": "Gather Merge","Parent Relationship": "Outer","Parallel Aware": false,"Async Capable": false,"Startup Cost": 173989.00,"Total Cost": 174140.01,"Plan Rows": 28,"Plan Width": 27,"Actual Startup Time": 408.297,"Actual Total Time": 442.472,"Actual Rows": 10,"Actual Loops": 1,"Workers Planned": 4,"Workers Launched": 4,"Plans": [{"Node Type": "Aggregate","Strategy": "Sorted","Partial Mode": "Partial","Parent Relationship": "Outer","Parallel Aware": false,"Async Capable": false,"Startup Cost": 172988.94,"Total Cost": 173136.61,"Plan Rows": 7,"Plan Width": 27,"Actual Startup Time": 399.710,"Actual Total Time": 400.453,"Actual Rows": 2,"Actual Loops": 5,"Group Key": ["lineitem.l_shipmode"],"Workers": [],"Plans": [{"Node Type": "Sort","Parent Relationship": "Outer","Parallel Aware": false,"Async Capable": false,"Startup Cost": 172988.94,"Total Cost": 173007.39,"Plan Rows": 7380,"Plan Width": 27,"Actual Startup Time": 398.952,"Actual Total Time": 399.204,"Actual Rows": 6215,"Actual Loops": 5,"Sort Key": ["lineitem.l_shipmode"],"Sort Method": "quicksort","Sort Space Used": 624,"Sort Space Type": "Memory","Workers": [{"Worker Number": 0,"Sort Method": "quicksort","Sort Space Used": 645,"Sort Space Type": "Memory"},{"Worker Number": 1,"Sort Method": "quicksort","Sort Space Used": 642,"Sort Space Type": "Memory"},{"Worker Number": 2,"Sort Method": "quicksort","Sort Space Used": 638,"Sort Space Type": "Memory"},{"Worker Number": 3,"Sort Method": "quicksort","Sort Space Used": 599,"Sort Space Type": "Memory"}],"Plans": [{"Node Type": "Nested Loop","Parent Relationship": "Outer","Parallel Aware": false,"Async Capable": false,"Join Type": "Inner","Startup Cost": 0.43,"Total Cost": 172514.80,"Plan Rows": 7380,"Plan Width": 27,"Actual Startup Time": 0.322,"Actual Total Time": 396.051,"Actual Rows": 6215,"Actual Loops": 5,"Inner Unique": true,"Workers": [],"Plans": [{"Node Type": "Seq Scan","Parent Relationship": "Outer","Parallel Aware": true,"Async Capable": false,"Relation Name": "lineitem","Alias": "lineitem","Startup Cost": 0.00,"Total Cost": 146259.83,"Plan Rows": 7380,"Plan Width": 15,"Actual Startup Time": 0.206,"Actual Total Time": 359.992,"Actual Rows": 6215,"Actual Loops": 5,"Filter": "((l_shipmode = ANY ('{SHIP,RAIL}'::bpchar[])) AND (l_commitdate < l_receiptdate) AND (l_shipdate < l_commitdate) AND (l_receiptdate >= '1995-01-01'::date) AND (l_receiptdate < '1996-01-01 00:00:00'::timestamp without time zone))","Rows Removed by Filter": 1194028,"Workers": []},{"Node Type": "Index Scan","Parent Relationship": "Inner","Parallel Aware": false,"Async Capable": false,"Scan Direction": "Forward","Index Name": "orders_pkey","Relation Name": "orders","Alias": "orders","Startup Cost": 0.43,"Total Cost": 3.56,"Plan Rows": 1,"Plan Width": 20,"Actual Startup Time": 0.005,"Actual Total Time": 0.005,"Actual Rows": 1,"Actual Loops": 31075,"Index Cond": "(o_orderkey = lineitem.l_orderkey)","Rows Removed by Index Recheck": 0,"Workers": []}]}]}]}]}]},"Planning Time": 5.373,"Triggers": [],"Execution Time": 443.195}]
[{"Plan": {"Node Type": "Aggregate","Strategy": "Sorted","Partial Mode": "Finalize","Parallel Aware": false,"Async Capable": false,"Startup Cost": 173412.56,"Total Cost": 173558.53,"Plan Rows": 7,"Plan Width": 27,"Actual Startup Time": 404.225,"Actual Total Time": 438.936,"Actual Rows": 2,"Actual Loops": 1,"Group Key": ["lineitem.l_shipmode"],"Plans": [{"Node Type": "Gather Merge","Parent Relationship": "Outer","Parallel Aware": false,"Async Capable": false,"Startup Cost": 173412.56,"Total Cost": 173558.25,"Plan Rows": 28,"Plan Width": 27,"Actual Startup Time": 403.422,"Actual Total Time": 438.885,"Actual Rows": 10,"Actual Loops": 1,"Workers Planned": 4,"Workers Launched": 4,"Plans": [{"Node Type": "Aggregate","Strategy": "Sorted","Partial Mode": "Partial","Parent Relationship": "Outer","Parallel Aware": false,"Async Capable": false,"Startup Cost": 172412.50,"Total Cost": 172554.85,"Plan Rows": 7,"Plan Width": 27,"Actual Startup Time": 394.694,"Actual Total Time": 395.415,"Actual Rows": 2,"Actual Loops": 5,"Group Key": ["lineitem.l_shipmode"],"Workers": [],"Plans": [{"Node Type": "Sort","Parent Relationship": "Outer","Parallel Aware": false,"Async Capable": false,"Startup Cost": 172412.50,"Total Cost": 172430.29,"Plan Rows": 7114,"Plan Width": 27,"Actual Startup Time": 393.940,"Actual Total Time": 394.180,"Actual Rows": 6219,"Actual Loops": 5,"Sort Key": ["lineitem.l_shipmode"],"Sort Method": "quicksort","Sort Space Used": 624,"Sort Space Type": "Memory","Workers": [{"Worker Number": 0,"Sort Method": "quicksort","Sort Space Used": 626,"Sort Space Type": "Memory"},{"Worker Number": 1,"Sort Method": "quicksort","Sort Space Used": 623,"Sort Space Type": "Memory"},{"Worker Number": 2,"Sort Method": "quicksort","Sort Space Used": 632,"Sort Space Type": "Memory"},{"Worker Number": 3,"Sort Method": "quicksort","Sort Space Used": 644,"Sort Space Type": "Memory"}],"Plans": [{"Node Type": "Nested Loop","Parent Relationship": "Outer","Parallel Aware": false,"Async Capable": false,"Join Type": "Inner","Startup Cost": 0.43,"Total Cost": 171957.33,"Plan Rows": 7114,"Plan Width": 27,"Actual Startup Time": 0.346,"Actual Total Time": 391.038,"Actual Rows": 6219,"Actual Loops": 5,"Inner Unique": true,"Workers": [],"Plans": [{"Node Type": "Seq Scan","Parent Relationship": "Outer","Parallel Aware": true,"Async Capable": false,"Relation Name": "lineitem","Alias": "lineitem","Startup Cost": 0.00,"Total Cost": 146259.83,"Plan Rows": 7114,"Plan Width": 15,"Actual Startup Time": 0.203,"Actual Total Time": 355.589,"Actual Rows": 6219,"Actual Loops": 5,"Filter": "((l_shipmode = ANY ('{RAIL,SHIP}'::bpchar[])) AND (l_commitdate < l_receiptdate) AND (l_shipdate < l_commitdate) AND (l_receiptdate >= '1994-01-01'::date) AND (l_receiptdate < '1995-01-01 00:00:00'::timestamp without time zone))","Rows Removed by Filter": 1194024,"Workers": []},{"Node Type": "Index Scan","Parent Relationship": "Inner","Parallel Aware": false,"Async Capable": false,"Scan Direction": "Forward","Index Name": "orders_pkey","Relation Name": "orders","Alias": "orders","Startup Cost": 0.43,"Total Cost": 3.61,"Plan Rows": 1,"Plan Width": 20,"Actual Startup Time": 0.005,"Actual Total Time": 0.005,"Actual Rows": 1,"Actual Loops": 31095,"Index Cond": "(o_orderkey = lineitem.l_orderkey)","Rows Removed by Index Recheck": 0,"Workers": []}]}]}]}]}]},"Planning Time": 5.306,"Triggers": [],"Execution Time": 439.576}]
[{"Plan": {"Node Type": "Aggregate","Strategy": "Sorted","Partial Mode": "Finalize","Parallel Aware": false,"Async Capable": false,"Startup Cost": 173872.87,"Total Cost": 174023.08,"Plan Rows": 7,"Plan Width": 27,"Actual Startup Time": 411.554,"Actual Total Time": 445.508,"Actual Rows": 2,"Actual Loops": 1,"Group Key": ["lineitem.l_shipmode"],"Plans": [{"Node Type": "Gather Merge","Parent Relationship": "Outer","Parallel Aware": false,"Async Capable": false,"Startup Cost": 173872.87,"Total Cost": 174022.80,"Plan Rows": 28,"Plan Width": 27,"Actual Startup Time": 410.661,"Actual Total Time": 445.472,"Actual Rows": 10,"Actual Loops": 1,"Workers Planned": 4,"Workers Launched": 4,"Plans": [{"Node Type": "Aggregate","Strategy": "Sorted","Partial Mode": "Partial","Parent Relationship": "Outer","Parallel Aware": false,"Async Capable": false,"Startup Cost": 172872.82,"Total Cost": 173019.41,"Plan Rows": 7,"Plan Width": 27,"Actual Startup Time": 401.779,"Actual Total Time": 402.526,"Actual Rows": 2,"Actual Loops": 5,"Group Key": ["lineitem.l_shipmode"],"Workers": [],"Plans": [{"Node Type": "Sort","Parent Relationship": "Outer","Parallel Aware": false,"Async Capable": false,"Startup Cost": 172872.82,"Total Cost": 172891.13,"Plan Rows": 7326,"Plan Width": 27,"Actual Startup Time": 401.013,"Actual Total Time": 401.274,"Actual Rows": 6230,"Actual Loops": 5,"Sort Key": ["lineitem.l_shipmode"],"Sort Method": "quicksort","Sort Space Used": 630,"Sort Space Type": "Memory","Workers": [{"Worker Number": 0,"Sort Method": "quicksort","Sort Space Used": 611,"Sort Space Type": "Memory"},{"Worker Number": 1,"Sort Method": "quicksort","Sort Space Used": 651,"Sort Space Type": "Memory"},{"Worker Number": 2,"Sort Method": "quicksort","Sort Space Used": 635,"Sort Space Type": "Memory"},{"Worker Number": 3,"Sort Method": "quicksort","Sort Space Used": 626,"Sort Space Type": "Memory"}],"Plans": [{"Node Type": "Nested Loop","Parent Relationship": "Outer","Parallel Aware": false,"Async Capable": false,"Join Type": "Inner","Startup Cost": 0.43,"Total Cost": 172402.53,"Plan Rows": 7326,"Plan Width": 27,"Actual Startup Time": 0.482,"Actual Total Time": 398.069,"Actual Rows": 6230,"Actual Loops": 5,"Inner Unique": true,"Workers": [],"Plans": [{"Node Type": "Seq Scan","Parent Relationship": "Outer","Parallel Aware": true,"Async Capable": false,"Relation Name": "lineitem","Alias": "lineitem","Startup Cost": 0.00,"Total Cost": 146259.83,"Plan Rows": 7326,"Plan Width": 15,"Actual Startup Time": 0.344,"Actual Total Time": 361.560,"Actual Rows": 6230,"Actual Loops": 5,"Filter": "((l_shipmode = ANY ('{AIR,FOB}'::bpchar[])) AND (l_commitdate < l_receiptdate) AND (l_shipdate < l_commitdate) AND (l_receiptdate >= '1993-01-01'::date) AND (l_receiptdate < '1994-01-01 00:00:00'::timestamp without time zone))","Rows Removed by Filter": 1194013,"Workers": []},{"Node Type": "Index Scan","Parent Relationship": "Inner","Parallel Aware": false,"Async Capable": false,"Scan Direction": "Forward","Index Name": "orders_pkey","Relation Name": "orders","Alias": "orders","Startup Cost": 0.43,"Total Cost": 3.57,"Plan Rows": 1,"Plan Width": 20,"Actual Startup Time": 0.005,"Actual Total Time": 0.005,"Actual Rows": 1,"Actual Loops": 31150,"Index Cond": "(o_orderkey = lineitem.l_orderkey)","Rows Removed by Index Recheck": 0,"Workers": []}]}]}]}]}]},"Planning Time": 4.863,"Triggers": [],"Execution Time": 446.054}]
[{"Plan": {"Node Type": "Aggregate","Strategy": "Sorted","Partial Mode": "Finalize","Parallel Aware": false,"Async Capable": false,"Startup Cost": 173991.94,"Total Cost": 174143.24,"Plan Rows": 7,"Plan Width": 27,"Actual Startup Time": 393.860,"Actual Total Time": 426.833,"Actual Rows": 2,"Actual Loops": 1,"Group Key": ["lineitem.l_shipmode"],"Plans": [{"Node Type": "Gather Merge","Parent Relationship": "Outer","Parallel Aware": false,"Async Capable": false,"Startup Cost": 173991.94,"Total Cost": 174142.96,"Plan Rows": 28,"Plan Width": 27,"Actual Startup Time": 393.015,"Actual Total Time": 426.800,"Actual Rows": 10,"Actual Loops": 1,"Workers Planned": 4,"Workers Launched": 4,"Plans": [{"Node Type": "Aggregate","Strategy": "Sorted","Partial Mode": "Partial","Parent Relationship": "Outer","Parallel Aware": false,"Async Capable": false,"Startup Cost": 172991.88,"Total Cost": 173139.57,"Plan Rows": 7,"Plan Width": 27,"Actual Startup Time": 385.068,"Actual Total Time": 385.797,"Actual Rows": 2,"Actual Loops": 5,"Group Key": ["lineitem.l_shipmode"],"Workers": [],"Plans": [{"Node Type": "Sort","Parent Relationship": "Outer","Parallel Aware": false,"Async Capable": false,"Startup Cost": 172991.88,"Total Cost": 173010.33,"Plan Rows": 7381,"Plan Width": 27,"Actual Startup Time": 384.308,"Actual Total Time": 384.558,"Actual Rows": 6214,"Actual Loops": 5,"Sort Key": ["lineitem.l_shipmode"],"Sort Method": "quicksort","Sort Space Used": 638,"Sort Space Type": "Memory","Workers": [{"Worker Number": 0,"Sort Method": "quicksort","Sort Space Used": 628,"Sort Space Type": "Memory"},{"Worker Number": 1,"Sort Method": "quicksort","Sort Space Used": 631,"Sort Space Type": "Memory"},{"Worker Number": 2,"Sort Method": "quicksort","Sort Space Used": 621,"Sort Space Type": "Memory"},{"Worker Number": 3,"Sort Method": "quicksort","Sort Space Used": 630,"Sort Space Type": "Memory"}],"Plans": [{"Node Type": "Nested Loop","Parent Relationship": "Outer","Parallel Aware": false,"Async Capable": false,"Join Type": "Inner","Startup Cost": 0.43,"Total Cost": 172517.67,"Plan Rows": 7381,"Plan Width": 27,"Actual Startup Time": 0.418,"Actual Total Time": 381.519,"Actual Rows": 6214,"Actual Loops": 5,"Inner Unique": true,"Workers": [],"Plans": [{"Node Type": "Seq Scan","Parent Relationship": "Outer","Parallel Aware": true,"Async Capable": false,"Relation Name": "lineitem","Alias": "lineitem","Startup Cost": 0.00,"Total Cost": 146259.83,"Plan Rows": 7381,"Plan Width": 15,"Actual Startup Time": 0.298,"Actual Total Time": 347.355,"Actual Rows": 6214,"Actual Loops": 5,"Filter": "((l_shipmode = ANY ('{RAIL,\"REG AIR\"}'::bpchar[])) AND (l_commitdate < l_receiptdate) AND (l_shipdate < l_commitdate) AND (l_receiptdate >= '1995-01-01'::date) AND (l_receiptdate < '1996-01-01 00:00:00'::timestamp without time zone))","Rows Removed by Filter": 1194029,"Workers": []},{"Node Type": "Index Scan","Parent Relationship": "Inner","Parallel Aware": false,"Async Capable": false,"Scan Direction": "Forward","Index Name": "orders_pkey","Relation Name": "orders","Alias": "orders","Startup Cost": 0.43,"Total Cost": 3.56,"Plan Rows": 1,"Plan Width": 20,"Actual Startup Time": 0.005,"Actual Total Time": 0.005,"Actual Rows": 1,"Actual Loops": 31068,"Index Cond": "(o_orderkey = lineitem.l_orderkey)","Rows Removed by Index Recheck": 0,"Workers": []}]}]}]}]}]},"Planning Time": 5.438,"Triggers": [],"Execution Time": 427.231}]
[{"Plan": {"Node Type": "Aggregate","Strategy": "Sorted","Partial Mode": "Finalize","Parallel Aware": false,"Async Capable": false,"Startup Cost": 173629.25,"Total Cost": 173777.18,"Plan Rows": 7,"Plan Width": 27,"Actual Startup Time": 398.286,"Actual Total Time": 432.078,"Actual Rows": 2,"Actual Loops": 1,"Group Key": ["lineitem.l_shipmode"],"Plans": [{"Node Type": "Gather Merge","Parent Relationship": "Outer","Parallel Aware": false,"Async Capable": false,"Startup Cost": 173629.25,"Total Cost": 173776.90,"Plan Rows": 28,"Plan Width": 27,"Actual Startup Time": 397.447,"Actual Total Time": 432.031,"Actual Rows": 10,"Actual Loops": 1,"Workers Planned": 4,"Workers Launched": 4,"Plans": [{"Node Type": "Aggregate","Strategy": "Sorted","Partial Mode": "Partial","Parent Relationship": "Outer","Parallel Aware": false,"Async Capable": false,"Startup Cost": 172629.20,"Total Cost": 172773.51,"Plan Rows": 7,"Plan Width": 27,"Actual Startup Time": 388.921,"Actual Total Time": 389.663,"Actual Rows": 2,"Actual Loops": 5,"Group Key": ["lineitem.l_shipmode"],"Workers": [],"Plans": [{"Node Type": "Sort","Parent Relationship": "Outer","Parallel Aware": false,"Async Capable": false,"Startup Cost": 172629.20,"Total Cost": 172647.23,"Plan Rows": 7212,"Plan Width": 27,"Actual Startup Time": 388.170,"Actual Total Time": 388.412,"Actual Rows": 6267,"Actual Loops": 5,"Sort Key": ["lineitem.l_shipmode"],"Sort Method": "quicksort","Sort Space Used": 638,"Sort Space Type": "Memory","Workers": [{"Worker Number": 0,"Sort Method": "quicksort","Sort Space Used": 628,"Sort Space Type": "Memory"},{"Worker Number": 1,"Sort Method": "quicksort","Sort Space Used": 632,"Sort Space Type": "Memory"},{"Worker Number": 2,"Sort Method": "quicksort","Sort Space Used": 636,"Sort Space Type": "Memory"},{"Worker Number": 3,"Sort Method": "quicksort","Sort Space Used": 632,"Sort Space Type": "Memory"}],"Plans": [{"Node Type": "Nested Loop","Parent Relationship": "Outer","Parallel Aware": false,"Async Capable": false,"Join Type": "Inner","Startup Cost": 0.43,"Total Cost": 172167.04,"Plan Rows": 7212,"Plan Width": 27,"Actual Startup Time": 0.361,"Actual Total Time": 385.319,"Actual Rows": 6267,"Actual Loops": 5,"Inner Unique": true,"Workers": [],"Plans": [{"Node Type": "Seq Scan","Parent Relationship": "Outer","Parallel Aware": true,"Async Capable": false,"Relation Name": "lineitem","Alias": "lineitem","Startup Cost": 0.00,"Total Cost": 146259.83,"Plan Rows": 7213,"Plan Width": 15,"Actual Startup Time": 0.232,"Actual Total Time": 349.745,"Actual Rows": 6267,"Actual Loops": 5,"Filter": "((l_shipmode = ANY ('{SHIP,MAIL}'::bpchar[])) AND (l_commitdate < l_receiptdate) AND (l_shipdate < l_commitdate) AND (l_receiptdate >= '1997-01-01'::date) AND (l_receiptdate < '1998-01-01 00:00:00'::timestamp without time zone))","Rows Removed by Filter": 1193976,"Workers": []},{"Node Type": "Index Scan","Parent Relationship": "Inner","Parallel Aware": false,"Async Capable": false,"Scan Direction": "Forward","Index Name": "orders_pkey","Relation Name": "orders","Alias": "orders","Startup Cost": 0.43,"Total Cost": 3.59,"Plan Rows": 1,"Plan Width": 20,"Actual Startup Time": 0.005,"Actual Total Time": 0.005,"Actual Rows": 1,"Actual Loops": 31335,"Index Cond": "(o_orderkey = lineitem.l_orderkey)","Rows Removed by Index Recheck": 0,"Workers": []}]}]}]}]}]},"Planning Time": 5.159,"Triggers": [],"Execution Time": 432.734}]
[{"Plan": {"Node Type": "Aggregate","Strategy": "Sorted","Partial Mode": "Finalize","Parallel Aware": false,"Async Capable": false,"Startup Cost": 173741.53,"Total Cost": 173890.51,"Plan Rows": 7,"Plan Width": 27,"Actual Startup Time": 407.775,"Actual Total Time": 441.655,"Actual Rows": 2,"Actual Loops": 1,"Group Key": ["lineitem.l_shipmode"],"Plans": [{"Node Type": "Gather Merge","Parent Relationship": "Outer","Parallel Aware": false,"Async Capable": false,"Startup Cost": 173741.53,"Total Cost": 173890.23,"Plan Rows": 28,"Plan Width": 27,"Actual Startup Time": 406.920,"Actual Total Time": 441.622,"Actual Rows": 10,"Actual Loops": 1,"Workers Planned": 4,"Workers Launched": 4,"Plans": [{"Node Type": "Aggregate","Strategy": "Sorted","Partial Mode": "Partial","Parent Relationship": "Outer","Parallel Aware": false,"Async Capable": false,"Startup Cost": 172741.47,"Total Cost": 172886.84,"Plan Rows": 7,"Plan Width": 27,"Actual Startup Time": 398.034,"Actual Total Time": 398.765,"Actual Rows": 2,"Actual Loops": 5,"Group Key": ["lineitem.l_shipmode"],"Workers": [],"Plans": [{"Node Type": "Sort","Parent Relationship": "Outer","Parallel Aware": false,"Async Capable": false,"Startup Cost": 172741.47,"Total Cost": 172759.63,"Plan Rows": 7265,"Plan Width": 27,"Actual Startup Time": 397.256,"Actual Total Time": 397.506,"Actual Rows": 6242,"Actual Loops": 5,"Sort Key": ["lineitem.l_shipmode"],"Sort Method": "quicksort","Sort Space Used": 635,"Sort Space Type": "Memory","Workers": [{"Worker Number": 0,"Sort Method": "quicksort","Sort Space Used": 642,"Sort Space Type": "Memory"},{"Worker Number": 1,"Sort Method": "quicksort","Sort Space Used": 610,"Sort Space Type": "Memory"},{"Worker Number": 2,"Sort Method": "quicksort","Sort Space Used": 629,"Sort Space Type": "Memory"},{"Worker Number": 3,"Sort Method": "quicksort","Sort Space Used": 641,"Sort Space Type": "Memory"}],"Plans": [{"Node Type": "Nested Loop","Parent Relationship": "Outer","Parallel Aware": false,"Async Capable": false,"Join Type": "Inner","Startup Cost": 0.43,"Total Cost": 172275.54,"Plan Rows": 7265,"Plan Width": 27,"Actual Startup Time": 0.308,"Actual Total Time": 394.229,"Actual Rows": 6242,"Actual Loops": 5,"Inner Unique": true,"Workers": [],"Plans": [{"Node Type": "Seq Scan","Parent Relationship": "Outer","Parallel Aware": true,"Async Capable": false,"Relation Name": "lineitem","Alias": "lineitem","Startup Cost": 0.00,"Total Cost": 146259.83,"Plan Rows": 7265,"Plan Width": 15,"Actual Startup Time": 0.198,"Actual Total Time": 358.001,"Actual Rows": 6242,"Actual Loops": 5,"Filter": "((l_shipmode = ANY ('{MAIL,TRUCK}'::bpchar[])) AND (l_commitdate < l_receiptdate) AND (l_shipdate < l_commitdate) AND (l_receiptdate >= '1997-01-01'::date) AND (l_receiptdate < '1998-01-01 00:00:00'::timestamp without time zone))","Rows Removed by Filter": 1194001,"Workers": []},{"Node Type": "Index Scan","Parent Relationship": "Inner","Parallel Aware": false,"Async Capable": false,"Scan Direction": "Forward","Index Name": "orders_pkey","Relation Name": "orders","Alias": "orders","Startup Cost": 0.43,"Total Cost": 3.58,"Plan Rows": 1,"Plan Width": 20,"Actual Startup Time": 0.005,"Actual Total Time": 0.005,"Actual Rows": 1,"Actual Loops": 31211,"Index Cond": "(o_orderkey = lineitem.l_orderkey)","Rows Removed by Index Recheck": 0,"Workers": []}]}]}]}]}]},"Planning Time": 4.249,"Triggers": [],"Execution Time": 442.327}]
[{"Plan": {"Node Type": "Aggregate","Strategy": "Sorted","Partial Mode": "Finalize","Parallel Aware": false,"Async Capable": false,"Startup Cost": 174075.36,"Total Cost": 174227.44,"Plan Rows": 7,"Plan Width": 27,"Actual Startup Time": 393.580,"Actual Total Time": 428.721,"Actual Rows": 2,"Actual Loops": 1,"Group Key": ["lineitem.l_shipmode"],"Plans": [{"Node Type": "Gather Merge","Parent Relationship": "Outer","Parallel Aware": false,"Async Capable": false,"Startup Cost": 174075.36,"Total Cost": 174227.16,"Plan Rows": 28,"Plan Width": 27,"Actual Startup Time": 392.744,"Actual Total Time": 428.686,"Actual Rows": 10,"Actual Loops": 1,"Workers Planned": 4,"Workers Launched": 4,"Plans": [{"Node Type": "Aggregate","Strategy": "Sorted","Partial Mode": "Partial","Parent Relationship": "Outer","Parallel Aware": false,"Async Capable": false,"Startup Cost": 173075.30,"Total Cost": 173223.77,"Plan Rows": 7,"Plan Width": 27,"Actual Startup Time": 384.788,"Actual Total Time": 385.515,"Actual Rows": 2,"Actual Loops": 5,"Group Key": ["lineitem.l_shipmode"],"Workers": [],"Plans": [{"Node Type": "Sort","Parent Relationship": "Outer","Parallel Aware": false,"Async Capable": false,"Startup Cost": 173075.30,"Total Cost": 173093.85,"Plan Rows": 7420,"Plan Width": 27,"Actual Startup Time": 384.026,"Actual Total Time": 384.269,"Actual Rows": 6245,"Actual Loops": 5,"Sort Key": ["lineitem.l_shipmode"],"Sort Method": "quicksort","Sort Space Used": 632,"Sort Space Type": "Memory","Workers": [{"Worker Number": 0,"Sort Method": "quicksort","Sort Space Used": 636,"Sort Space Type": "Memory"},{"Worker Number": 1,"Sort Method": "quicksort","Sort Space Used": 625,"Sort Space Type": "Memory"},{"Worker Number": 2,"Sort Method": "quicksort","Sort Space Used": 637,"Sort Space Type": "Memory"},{"Worker Number": 3,"Sort Method": "quicksort","Sort Space Used": 628,"Sort Space Type": "Memory"}],"Plans": [{"Node Type": "Nested Loop","Parent Relationship": "Outer","Parallel Aware": false,"Async Capable": false,"Join Type": "Inner","Startup Cost": 0.43,"Total Cost": 172598.29,"Plan Rows": 7420,"Plan Width": 27,"Actual Startup Time": 0.286,"Actual Total Time": 381.167,"Actual Rows": 6245,"Actual Loops": 5,"Inner Unique": true,"Workers": [],"Plans": [{"Node Type": "Seq Scan","Parent Relationship": "Outer","Parallel Aware": true,"Async Capable": false,"Relation Name": "lineitem","Alias": "lineitem","Startup Cost": 0.00,"Total Cost": 146259.83,"Plan Rows": 7420,"Plan Width": 15,"Actual Startup Time": 0.166,"Actual Total Time": 346.870,"Actual Rows": 6245,"Actual Loops": 5,"Filter": "((l_shipmode = ANY ('{SHIP,FOB}'::bpchar[])) AND (l_commitdate < l_receiptdate) AND (l_shipdate < l_commitdate) AND (l_receiptdate >= '1995-01-01'::date) AND (l_receiptdate < '1996-01-01 00:00:00'::timestamp without time zone))","Rows Removed by Filter": 1193998,"Workers": []},{"Node Type": "Index Scan","Parent Relationship": "Inner","Parallel Aware": false,"Async Capable": false,"Scan Direction": "Forward","Index Name": "orders_pkey","Relation Name": "orders","Alias": "orders","Startup Cost": 0.43,"Total Cost": 3.55,"Plan Rows": 1,"Plan Width": 20,"Actual Startup Time": 0.005,"Actual Total Time": 0.005,"Actual Rows": 1,"Actual Loops": 31225,"Index Cond": "(o_orderkey = lineitem.l_orderkey)","Rows Removed by Index Recheck": 0,"Workers": []}]}]}]}]}]},"Planning Time": 4.271,"Triggers": [],"Execution Time": 429.353}]
[{"Plan": {"Node Type": "Aggregate","Strategy": "Sorted","Partial Mode": "Finalize","Parallel Aware": false,"Async Capable": false,"Startup Cost": 173608.96,"Total Cost": 173756.73,"Plan Rows": 7,"Plan Width": 27,"Actual Startup Time": 392.179,"Actual Total Time": 426.813,"Actual Rows": 2,"Actual Loops": 1,"Group Key": ["lineitem.l_shipmode"],"Plans": [{"Node Type": "Gather Merge","Parent Relationship": "Outer","Parallel Aware": false,"Async Capable": false,"Startup Cost": 173608.96,"Total Cost": 173756.45,"Plan Rows": 28,"Plan Width": 27,"Actual Startup Time": 391.379,"Actual Total Time": 426.782,"Actual Rows": 10,"Actual Loops": 1,"Workers Planned": 4,"Workers Launched": 4,"Plans": [{"Node Type": "Aggregate","Strategy": "Sorted","Partial Mode": "Partial","Parent Relationship": "Outer","Parallel Aware": false,"Async Capable": false,"Startup Cost": 172608.90,"Total Cost": 172753.05,"Plan Rows": 7,"Plan Width": 27,"Actual Startup Time": 383.083,"Actual Total Time": 383.799,"Actual Rows": 2,"Actual Loops": 5,"Group Key": ["lineitem.l_shipmode"],"Workers": [],"Plans": [{"Node Type": "Sort","Parent Relationship": "Outer","Parallel Aware": false,"Async Capable": false,"Startup Cost": 172608.90,"Total Cost": 172626.91,"Plan Rows": 7204,"Plan Width": 27,"Actual Startup Time": 382.327,"Actual Total Time": 382.565,"Actual Rows": 6181,"Actual Loops": 5,"Sort Key": ["lineitem.l_shipmode"],"Sort Method": "quicksort","Sort Space Used": 636,"Sort Space Type": "Memory","Workers": [{"Worker Number": 0,"Sort Method": "quicksort","Sort Space Used": 626,"Sort Space Type": "Memory"},{"Worker Number": 1,"Sort Method": "quicksort","Sort Space Used": 628,"Sort Space Type": "Memory"},{"Worker Number": 2,"Sort Method": "quicksort","Sort Space Used": 625,"Sort Space Type": "Memory"},{"Worker Number": 3,"Sort Method": "quicksort","Sort Space Used": 621,"Sort Space Type": "Memory"}],"Plans": [{"Node Type": "Nested Loop","Parent Relationship": "Outer","Parallel Aware": false,"Async Capable": false,"Join Type": "Inner","Startup Cost": 0.43,"Total Cost": 172147.32,"Plan Rows": 7204,"Plan Width": 27,"Actual Startup Time": 0.208,"Actual Total Time": 379.480,"Actual Rows": 6181,"Actual Loops": 5,"Inner Unique": true,"Workers": [],"Plans": [{"Node Type": "Seq Scan","Parent Relationship": "Outer","Parallel Aware": true,"Async Capable": false,"Relation Name": "lineitem","Alias": "lineitem","Startup Cost": 0.00,"Total Cost": 146259.83,"Plan Rows": 7204,"Plan Width": 15,"Actual Startup Time": 0.088,"Actual Total Time": 345.413,"Actual Rows": 6181,"Actual Loops": 5,"Filter": "((l_shipmode = ANY ('{FOB,TRUCK}'::bpchar[])) AND (l_commitdate < l_receiptdate) AND (l_shipdate < l_commitdate) AND (l_receiptdate >= '1994-01-01'::date) AND (l_receiptdate < '1995-01-01 00:00:00'::timestamp without time zone))","Rows Removed by Filter": 1194062,"Workers": []},{"Node Type": "Index Scan","Parent Relationship": "Inner","Parallel Aware": false,"Async Capable": false,"Scan Direction": "Forward","Index Name": "orders_pkey","Relation Name": "orders","Alias": "orders","Startup Cost": 0.43,"Total Cost": 3.59,"Plan Rows": 1,"Plan Width": 20,"Actual Startup Time": 0.005,"Actual Total Time": 0.005,"Actual Rows": 1,"Actual Loops": 30906,"Index Cond": "(o_orderkey = lineitem.l_orderkey)","Rows Removed by Index Recheck": 0,"Workers": []}]}]}]}]}]},"Planning Time": 4.277,"Triggers": [],"Execution Time": 427.350}]
[{"Plan": {"Node Type": "Aggregate","Strategy": "Sorted","Partial Mode": "Finalize","Parallel Aware": false,"Async Capable": false,"Startup Cost": 173715.30,"Total Cost": 173864.04,"Plan Rows": 7,"Plan Width": 27,"Actual Startup Time": 414.685,"Actual Total Time": 447.775,"Actual Rows": 2,"Actual Loops": 1,"Group Key": ["lineitem.l_shipmode"],"Plans": [{"Node Type": "Gather Merge","Parent Relationship": "Outer","Parallel Aware": false,"Async Capable": false,"Startup Cost": 173715.30,"Total Cost": 173863.76,"Plan Rows": 28,"Plan Width": 27,"Actual Startup Time": 413.913,"Actual Total Time": 447.734,"Actual Rows": 10,"Actual Loops": 1,"Workers Planned": 4,"Workers Launched": 4,"Plans": [{"Node Type": "Aggregate","Strategy": "Sorted","Partial Mode": "Partial","Parent Relationship": "Outer","Parallel Aware": false,"Async Capable": false,"Startup Cost": 172715.24,"Total Cost": 172860.37,"Plan Rows": 7,"Plan Width": 27,"Actual Startup Time": 405.600,"Actual Total Time": 406.323,"Actual Rows": 2,"Actual Loops": 5,"Group Key": ["lineitem.l_shipmode"],"Workers": [],"Plans": [{"Node Type": "Sort","Parent Relationship": "Outer","Parallel Aware": false,"Async Capable": false,"Startup Cost": 172715.24,"Total Cost": 172733.37,"Plan Rows": 7253,"Plan Width": 27,"Actual Startup Time": 404.849,"Actual Total Time": 405.101,"Actual Rows": 6220,"Actual Loops": 5,"Sort Key": ["lineitem.l_shipmode"],"Sort Method": "quicksort","Sort Space Used": 614,"Sort Space Type": "Memory","Workers": [{"Worker Number": 0,"Sort Method": "quicksort","Sort Space Used": 638,"Sort Space Type": "Memory"},{"Worker Number": 1,"Sort Method": "quicksort","Sort Space Used": 642,"Sort Space Type": "Memory"},{"Worker Number": 2,"Sort Method": "quicksort","Sort Space Used": 645,"Sort Space Type": "Memory"},{"Worker Number": 3,"Sort Method": "quicksort","Sort Space Used": 611,"Sort Space Type": "Memory"}],"Plans": [{"Node Type": "Nested Loop","Parent Relationship": "Outer","Parallel Aware": false,"Async Capable": false,"Join Type": "Inner","Startup Cost": 0.43,"Total Cost": 172250.16,"Plan Rows": 7253,"Plan Width": 27,"Actual Startup Time": 0.461,"Actual Total Time": 401.909,"Actual Rows": 6220,"Actual Loops": 5,"Inner Unique": true,"Workers": [],"Plans": [{"Node Type": "Seq Scan","Parent Relationship": "Outer","Parallel Aware": true,"Async Capable": false,"Relation Name": "lineitem","Alias": "lineitem","Startup Cost": 0.00,"Total Cost": 146259.83,"Plan Rows": 7253,"Plan Width": 15,"Actual Startup Time": 0.362,"Actual Total Time": 365.175,"Actual Rows": 6220,"Actual Loops": 5,"Filter": "((l_shipmode = ANY ('{\"REG AIR\",AIR}'::bpchar[])) AND (l_commitdate < l_receiptdate) AND (l_shipdate < l_commitdate) AND (l_receiptdate >= '1993-01-01'::date) AND (l_receiptdate < '1994-01-01 00:00:00'::timestamp without time zone))","Rows Removed by Filter": 1194023,"Workers": []},{"Node Type": "Index Scan","Parent Relationship": "Inner","Parallel Aware": false,"Async Capable": false,"Scan Direction": "Forward","Index Name": "orders_pkey","Relation Name": "orders","Alias": "orders","Startup Cost": 0.43,"Total Cost": 3.58,"Plan Rows": 1,"Plan Width": 20,"Actual Startup Time": 0.006,"Actual Total Time": 0.006,"Actual Rows": 1,"Actual Loops": 31100,"Index Cond": "(o_orderkey = lineitem.l_orderkey)","Rows Removed by Index Recheck": 0,"Workers": []}]}]}]}]}]},"Planning Time": 5.615,"Triggers": [],"Execution Time": 448.541}]
[{"Plan": {"Node Type": "Aggregate","Strategy": "Sorted","Partial Mode": "Finalize","Parallel Aware": false,"Async Capable": false,"Startup Cost": 174163.64,"Total Cost": 174316.55,"Plan Rows": 7,"Plan Width": 27,"Actual Startup Time": 407.617,"Actual Total Time": 441.680,"Actual Rows": 2,"Actual Loops": 1,"Group Key": ["lineitem.l_shipmode"],"Plans": [{"Node Type": "Gather Merge","Parent Relationship": "Outer","Parallel Aware": false,"Async Capable": false,"Startup Cost": 174163.64,"Total Cost": 174316.27,"Plan Rows": 28,"Plan Width": 27,"Actual Startup Time": 406.774,"Actual Total Time": 441.637,"Actual Rows": 10,"Actual Loops": 1,"Workers Planned": 4,"Workers Launched": 4,"Plans": [{"Node Type": "Aggregate","Strategy": "Sorted","Partial Mode": "Partial","Parent Relationship": "Outer","Parallel Aware": false,"Async Capable": false,"Startup Cost": 173163.59,"Total Cost": 173312.88,"Plan Rows": 7,"Plan Width": 27,"Actual Startup Time": 397.470,"Actual Total Time": 398.212,"Actual Rows": 2,"Actual Loops": 5,"Group Key": ["lineitem.l_shipmode"],"Workers": [],"Plans": [{"Node Type": "Sort","Parent Relationship": "Outer","Parallel Aware": false,"Async Capable": false,"Startup Cost": 173163.59,"Total Cost": 173182.24,"Plan Rows": 7461,"Plan Width": 27,"Actual Startup Time": 396.723,"Actual Total Time": 396.966,"Actual Rows": 6224,"Actual Loops": 5,"Sort Key": ["lineitem.l_shipmode"],"Sort Method": "quicksort","Sort Space Used": 626,"Sort Space Type": "Memory","Workers": [{"Worker Number": 0,"Sort Method": "quicksort","Sort Space Used": 615,"Sort Space Type": "Memory"},{"Worker Number": 1,"Sort Method": "quicksort","Sort Space Used": 628,"Sort Space Type": "Memory"},{"Worker Number": 2,"Sort Method": "quicksort","Sort Space Used": 637,"Sort Space Type": "Memory"},{"Worker Number": 3,"Sort Method": "quicksort","Sort Space Used": 645,"Sort Space Type": "Memory"}],"Plans": [{"Node Type": "Nested Loop","Parent Relationship": "Outer","Parallel Aware": false,"Async Capable": false,"Join Type": "Inner","Startup Cost": 0.43,"Total Cost": 172683.65,"Plan Rows": 7461,"Plan Width": 27,"Actual Startup Time": 0.397,"Actual Total Time": 393.751,"Actual Rows": 6224,"Actual Loops": 5,"Inner Unique": true,"Workers": [],"Plans": [{"Node Type": "Seq Scan","Parent Relationship": "Outer","Parallel Aware": true,"Async Capable": false,"Relation Name": "lineitem","Alias": "lineitem","Startup Cost": 0.00,"Total Cost": 146259.83,"Plan Rows": 7461,"Plan Width": 15,"Actual Startup Time": 0.280,"Actual Total Time": 357.460,"Actual Rows": 6224,"Actual Loops": 5,"Filter": "((l_shipmode = ANY ('{MAIL,TRUCK}'::bpchar[])) AND (l_commitdate < l_receiptdate) AND (l_shipdate < l_commitdate) AND (l_receiptdate >= '1995-01-01'::date) AND (l_receiptdate < '1996-01-01 00:00:00'::timestamp without time zone))","Rows Removed by Filter": 1194019,"Workers": []},{"Node Type": "Index Scan","Parent Relationship": "Inner","Parallel Aware": false,"Async Capable": false,"Scan Direction": "Forward","Index Name": "orders_pkey","Relation Name": "orders","Alias": "orders","Startup Cost": 0.43,"Total Cost": 3.54,"Plan Rows": 1,"Plan Width": 20,"Actual Startup Time": 0.005,"Actual Total Time": 0.005,"Actual Rows": 1,"Actual Loops": 31122,"Index Cond": "(o_orderkey = lineitem.l_orderkey)","Rows Removed by Index Recheck": 0,"Workers": []}]}]}]}]}]},"Planning Time": 5.116,"Triggers": [],"Execution Time": 442.383}]
[{"Plan": {"Node Type": "Aggregate","Strategy": "Sorted","Partial Mode": "Finalize","Parallel Aware": false,"Async Capable": false,"Startup Cost": 173543.49,"Total Cost": 173690.66,"Plan Rows": 7,"Plan Width": 27,"Actual Startup Time": 399.081,"Actual Total Time": 433.562,"Actual Rows": 2,"Actual Loops": 1,"Group Key": ["lineitem.l_shipmode"],"Plans": [{"Node Type": "Gather Merge","Parent Relationship": "Outer","Parallel Aware": false,"Async Capable": false,"Startup Cost": 173543.49,"Total Cost": 173690.38,"Plan Rows": 28,"Plan Width": 27,"Actual Startup Time": 398.183,"Actual Total Time": 433.527,"Actual Rows": 10,"Actual Loops": 1,"Workers Planned": 4,"Workers Launched": 4,"Plans": [{"Node Type": "Aggregate","Strategy": "Sorted","Partial Mode": "Partial","Parent Relationship": "Outer","Parallel Aware": false,"Async Capable": false,"Startup Cost": 172543.43,"Total Cost": 172686.98,"Plan Rows": 7,"Plan Width": 27,"Actual Startup Time": 390.054,"Actual Total Time": 390.800,"Actual Rows": 2,"Actual Loops": 5,"Group Key": ["lineitem.l_shipmode"],"Workers": [],"Plans": [{"Node Type": "Sort","Parent Relationship": "Outer","Parallel Aware": false,"Async Capable": false,"Startup Cost": 172543.43,"Total Cost": 172561.37,"Plan Rows": 7174,"Plan Width": 27,"Actual Startup Time": 389.298,"Actual Total Time": 389.545,"Actual Rows": 6232,"Actual Loops": 5,"Sort Key": ["lineitem.l_shipmode"],"Sort Method": "quicksort","Sort Space Used": 643,"Sort Space Type": "Memory","Workers": [{"Worker Number": 0,"Sort Method": "quicksort","Sort Space Used": 625,"Sort Space Type": "Memory"},{"Worker Number": 1,"Sort Method": "quicksort","Sort Space Used": 620,"Sort Space Type": "Memory"},{"Worker Number": 2,"Sort Method": "quicksort","Sort Space Used": 631,"Sort Space Type": "Memory"},{"Worker Number": 3,"Sort Method": "quicksort","Sort Space Used": 635,"Sort Space Type": "Memory"}],"Plans": [{"Node Type": "Nested Loop","Parent Relationship": "Outer","Parallel Aware": false,"Async Capable": false,"Join Type": "Inner","Startup Cost": 0.43,"Total Cost": 172083.99,"Plan Rows": 7174,"Plan Width": 27,"Actual Startup Time": 0.207,"Actual Total Time": 386.271,"Actual Rows": 6232,"Actual Loops": 5,"Inner Unique": true,"Workers": [],"Plans": [{"Node Type": "Seq Scan","Parent Relationship": "Outer","Parallel Aware": true,"Async Capable": false,"Relation Name": "lineitem","Alias": "lineitem","Startup Cost": 0.00,"Total Cost": 146259.83,"Plan Rows": 7174,"Plan Width": 15,"Actual Startup Time": 0.092,"Actual Total Time": 351.051,"Actual Rows": 6232,"Actual Loops": 5,"Filter": "((l_shipmode = ANY ('{RAIL,MAIL}'::bpchar[])) AND (l_commitdate < l_receiptdate) AND (l_shipdate < l_commitdate) AND (l_receiptdate >= '1994-01-01'::date) AND (l_receiptdate < '1995-01-01 00:00:00'::timestamp without time zone))","Rows Removed by Filter": 1194011,"Workers": []},{"Node Type": "Index Scan","Parent Relationship": "Inner","Parallel Aware": false,"Async Capable": false,"Scan Direction": "Forward","Index Name": "orders_pkey","Relation Name": "orders","Alias": "orders","Startup Cost": 0.43,"Total Cost": 3.60,"Plan Rows": 1,"Plan Width": 20,"Actual Startup Time": 0.005,"Actual Total Time": 0.005,"Actual Rows": 1,"Actual Loops": 31159,"Index Cond": "(o_orderkey = lineitem.l_orderkey)","Rows Removed by Index Recheck": 0,"Workers": []}]}]}]}]}]},"Planning Time": 4.950,"Triggers": [],"Execution Time": 434.169}]
[{"Plan": {"Node Type": "Aggregate","Strategy": "Sorted","Partial Mode": "Finalize","Parallel Aware": false,"Async Capable": false,"Startup Cost": 174191.45,"Total Cost": 174344.61,"Plan Rows": 7,"Plan Width": 27,"Actual Startup Time": 409.329,"Actual Total Time": 443.120,"Actual Rows": 2,"Actual Loops": 1,"Group Key": ["lineitem.l_shipmode"],"Plans": [{"Node Type": "Gather Merge","Parent Relationship": "Outer","Parallel Aware": false,"Async Capable": false,"Startup Cost": 174191.45,"Total Cost": 174344.33,"Plan Rows": 28,"Plan Width": 27,"Actual Startup Time": 408.442,"Actual Total Time": 443.073,"Actual Rows": 10,"Actual Loops": 1,"Workers Planned": 4,"Workers Launched": 4,"Plans": [{"Node Type": "Aggregate","Strategy": "Sorted","Partial Mode": "Partial","Parent Relationship": "Outer","Parallel Aware": false,"Async Capable": false,"Startup Cost": 173191.39,"Total Cost": 173340.94,"Plan Rows": 7,"Plan Width": 27,"Actual Startup Time": 399.343,"Actual Total Time": 400.083,"Actual Rows": 2,"Actual Loops": 5,"Group Key": ["lineitem.l_shipmode"],"Workers": [],"Plans": [{"Node Type": "Sort","Parent Relationship": "Outer","Parallel Aware": false,"Async Capable": false,"Startup Cost": 173191.39,"Total Cost": 173210.07,"Plan Rows": 7474,"Plan Width": 27,"Actual Startup Time": 398.583,"Actual Total Time": 398.829,"Actual Rows": 6287,"Actual Loops": 5,"Sort Key": ["lineitem.l_shipmode"],"Sort Method": "quicksort","Sort Space Used": 643,"Sort Space Type": "Memory","Workers": [{"Worker Number": 0,"Sort Method": "quicksort","Sort Space Used": 644,"Sort Space Type": "Memory"},{"Worker Number": 1,"Sort Method": "quicksort","Sort Space Used": 636,"Sort Space Type": "Memory"},{"Worker Number": 2,"Sort Method": "quicksort","Sort Space Used": 644,"Sort Space Type": "Memory"},{"Worker Number": 3,"Sort Method": "quicksort","Sort Space Used": 605,"Sort Space Type": "Memory"}],"Plans": [{"Node Type": "Nested Loop","Parent Relationship": "Outer","Parallel Aware": false,"Async Capable": false,"Join Type": "Inner","Startup Cost": 0.43,"Total Cost": 172710.52,"Plan Rows": 7474,"Plan Width": 27,"Actual Startup Time": 0.406,"Actual Total Time": 395.633,"Actual Rows": 6287,"Actual Loops": 5,"Inner Unique": true,"Workers": [],"Plans": [{"Node Type": "Seq Scan","Parent Relationship": "Outer","Parallel Aware": true,"Async Capable": false,"Relation Name": "lineitem","Alias": "lineitem","Startup Cost": 0.00,"Total Cost": 146259.83,"Plan Rows": 7474,"Plan Width": 15,"Actual Startup Time": 0.281,"Actual Total Time": 359.170,"Actual Rows": 6287,"Actual Loops": 5,"Filter": "((l_shipmode = ANY ('{FOB,TRUCK}'::bpchar[])) AND (l_commitdate < l_receiptdate) AND (l_shipdate < l_commitdate) AND (l_receiptdate >= '1995-01-01'::date) AND (l_receiptdate < '1996-01-01 00:00:00'::timestamp without time zone))","Rows Removed by Filter": 1193956,"Workers": []},{"Node Type": "Index Scan","Parent Relationship": "Inner","Parallel Aware": false,"Async Capable": false,"Scan Direction": "Forward","Index Name": "orders_pkey","Relation Name": "orders","Alias": "orders","Startup Cost": 0.43,"Total Cost": 3.54,"Plan Rows": 1,"Plan Width": 20,"Actual Startup Time": 0.005,"Actual Total Time": 0.005,"Actual Rows": 1,"Actual Loops": 31436,"Index Cond": "(o_orderkey = lineitem.l_orderkey)","Rows Removed by Index Recheck": 0,"Workers": []}]}]}]}]}]},"Planning Time": 4.903,"Triggers": [],"Execution Time": 443.842}]
[{"Plan": {"Node Type": "Aggregate","Strategy": "Sorted","Partial Mode": "Finalize","Parallel Aware": false,"Async Capable": false,"Startup Cost": 173991.55,"Total Cost": 174142.86,"Plan Rows": 7,"Plan Width": 27,"Actual Startup Time": 402.443,"Actual Total Time": 435.627,"Actual Rows": 2,"Actual Loops": 1,"Group Key": ["lineitem.l_shipmode"],"Plans": [{"Node Type": "Gather Merge","Parent Relationship": "Outer","Parallel Aware": false,"Async Capable": false,"Startup Cost": 173991.55,"Total Cost": 174142.58,"Plan Rows": 28,"Plan Width": 27,"Actual Startup Time": 401.567,"Actual Total Time": 435.578,"Actual Rows": 10,"Actual Loops": 1,"Workers Planned": 4,"Workers Launched": 4,"Plans": [{"Node Type": "Aggregate","Strategy": "Sorted","Partial Mode": "Partial","Parent Relationship": "Outer","Parallel Aware": false,"Async Capable": false,"Startup Cost": 172991.49,"Total Cost": 173139.18,"Plan Rows": 7,"Plan Width": 27,"Actual Startup Time": 393.191,"Actual Total Time": 393.942,"Actual Rows": 2,"Actual Loops": 5,"Group Key": ["lineitem.l_shipmode"],"Workers": [],"Plans": [{"Node Type": "Sort","Parent Relationship": "Outer","Parallel Aware": false,"Async Capable": false,"Startup Cost": 172991.49,"Total Cost": 173009.95,"Plan Rows": 7381,"Plan Width": 27,"Actual Startup Time": 392.421,"Actual Total Time": 392.686,"Actual Rows": 6222,"Actual Loops": 5,"Sort Key": ["lineitem.l_shipmode"],"Sort Method": "quicksort","Sort Space Used": 648,"Sort Space Type": "Memory","Workers": [{"Worker Number": 0,"Sort Method": "quicksort","Sort Space Used": 628,"Sort Space Type": "Memory"},{"Worker Number": 1,"Sort Method": "quicksort","Sort Space Used": 631,"Sort Space Type": "Memory"},{"Worker Number": 2,"Sort Method": "quicksort","Sort Space Used": 629,"Sort Space Type": "Memory"},{"Worker Number": 3,"Sort Method": "quicksort","Sort Space Used": 614,"Sort Space Type": "Memory"}],"Plans": [{"Node Type": "Nested Loop","Parent Relationship": "Outer","Parallel Aware": false,"Async Capable": false,"Join Type": "Inner","Startup Cost": 0.43,"Total Cost": 172517.28,"Plan Rows": 7381,"Plan Width": 27,"Actual Startup Time": 0.411,"Actual Total Time": 389.582,"Actual Rows": 6222,"Actual Loops": 5,"Inner Unique": true,"Workers": [],"Plans": [{"Node Type": "Seq Scan","Parent Relationship": "Outer","Parallel Aware": true,"Async Capable": false,"Relation Name": "lineitem","Alias": "lineitem","Startup Cost": 0.00,"Total Cost": 146259.83,"Plan Rows": 7381,"Plan Width": 15,"Actual Startup Time": 0.298,"Actual Total Time": 354.941,"Actual Rows": 6222,"Actual Loops": 5,"Filter": "((l_shipmode = ANY ('{MAIL,FOB}'::bpchar[])) AND (l_commitdate < l_receiptdate) AND (l_shipdate < l_commitdate) AND (l_receiptdate >= '1993-01-01'::date) AND (l_receiptdate < '1994-01-01 00:00:00'::timestamp without time zone))","Rows Removed by Filter": 1194021,"Workers": []},{"Node Type": "Index Scan","Parent Relationship": "Inner","Parallel Aware": false,"Async Capable": false,"Scan Direction": "Forward","Index Name": "orders_pkey","Relation Name": "orders","Alias": "orders","Startup Cost": 0.43,"Total Cost": 3.56,"Plan Rows": 1,"Plan Width": 20,"Actual Startup Time": 0.005,"Actual Total Time": 0.005,"Actual Rows": 1,"Actual Loops": 31110,"Index Cond": "(o_orderkey = lineitem.l_orderkey)","Rows Removed by Index Recheck": 0,"Workers": []}]}]}]}]}]},"Planning Time": 5.624,"Triggers": [],"Execution Time": 436.084}]
[{"Plan": {"Node Type": "Aggregate","Strategy": "Sorted","Partial Mode": "Finalize","Parallel Aware": false,"Async Capable": false,"Startup Cost": 173834.97,"Total Cost": 173984.82,"Plan Rows": 7,"Plan Width": 27,"Actual Startup Time": 395.020,"Actual Total Time": 429.885,"Actual Rows": 2,"Actual Loops": 1,"Group Key": ["lineitem.l_shipmode"],"Plans": [{"Node Type": "Gather Merge","Parent Relationship": "Outer","Parallel Aware": false,"Async Capable": false,"Startup Cost": 173834.97,"Total Cost": 173984.54,"Plan Rows": 28,"Plan Width": 27,"Actual Startup Time": 394.249,"Actual Total Time": 429.849,"Actual Rows": 10,"Actual Loops": 1,"Workers Planned": 4,"Workers Launched": 4,"Plans": [{"Node Type": "Aggregate","Strategy": "Sorted","Partial Mode": "Partial","Parent Relationship": "Outer","Parallel Aware": false,"Async Capable": false,"Startup Cost": 172834.92,"Total Cost": 172981.15,"Plan Rows": 7,"Plan Width": 27,"Actual Startup Time": 386.001,"Actual Total Time": 386.712,"Actual Rows": 2,"Actual Loops": 5,"Group Key": ["lineitem.l_shipmode"],"Workers": [],"Plans": [{"Node Type": "Sort","Parent Relationship": "Outer","Parallel Aware": false,"Async Capable": false,"Startup Cost": 172834.92,"Total Cost": 172853.19,"Plan Rows": 7308,"Plan Width": 27,"Actual Startup Time": 385.249,"Actual Total Time": 385.483,"Actual Rows": 6212,"Actual Loops": 5,"Sort Key": ["lineitem.l_shipmode"],"Sort Method": "quicksort","Sort Space Used": 625,"Sort Space Type": "Memory","Workers": [{"Worker Number": 0,"Sort Method": "quicksort","Sort Space Used": 636,"Sort Space Type": "Memory"},{"Worker Number": 1,"Sort Method": "quicksort","Sort Space Used": 629,"Sort Space Type": "Memory"},{"Worker Number": 2,"Sort Method": "quicksort","Sort Space Used": 629,"Sort Space Type": "Memory"},{"Worker Number": 3,"Sort Method": "quicksort","Sort Space Used": 627,"Sort Space Type": "Memory"}],"Plans": [{"Node Type": "Nested Loop","Parent Relationship": "Outer","Parallel Aware": false,"Async Capable": false,"Join Type": "Inner","Startup Cost": 0.43,"Total Cost": 172365.92,"Plan Rows": 7308,"Plan Width": 27,"Actual Startup Time": 0.336,"Actual Total Time": 382.399,"Actual Rows": 6212,"Actual Loops": 5,"Inner Unique": true,"Workers": [],"Plans": [{"Node Type": "Seq Scan","Parent Relationship": "Outer","Parallel Aware": true,"Async Capable": false,"Relation Name": "lineitem","Alias": "lineitem","Startup Cost": 0.00,"Total Cost": 146259.83,"Plan Rows": 7308,"Plan Width": 15,"Actual Startup Time": 0.248,"Actual Total Time": 347.321,"Actual Rows": 6212,"Actual Loops": 5,"Filter": "((l_shipmode = ANY ('{MAIL,\"REG AIR\"}'::bpchar[])) AND (l_commitdate < l_receiptdate) AND (l_shipdate < l_commitdate) AND (l_receiptdate >= '1993-01-01'::date) AND (l_receiptdate < '1994-01-01 00:00:00'::timestamp without time zone))","Rows Removed by Filter": 1194031,"Workers": []},{"Node Type": "Index Scan","Parent Relationship": "Inner","Parallel Aware": false,"Async Capable": false,"Scan Direction": "Forward","Index Name": "orders_pkey","Relation Name": "orders","Alias": "orders","Startup Cost": 0.43,"Total Cost": 3.57,"Plan Rows": 1,"Plan Width": 20,"Actual Startup Time": 0.005,"Actual Total Time": 0.005,"Actual Rows": 1,"Actual Loops": 31060,"Index Cond": "(o_orderkey = lineitem.l_orderkey)","Rows Removed by Index Recheck": 0,"Workers": []}]}]}]}]}]},"Planning Time": 5.566,"Triggers": [],"Execution Time": 430.446}]
[{"Plan": {"Node Type": "Aggregate","Strategy": "Sorted","Partial Mode": "Finalize","Parallel Aware": false,"Async Capable": false,"Startup Cost": 174191.45,"Total Cost": 174344.61,"Plan Rows": 7,"Plan Width": 27,"Actual Startup Time": 394.289,"Actual Total Time": 426.179,"Actual Rows": 2,"Actual Loops": 1,"Group Key": ["lineitem.l_shipmode"],"Plans": [{"Node Type": "Gather Merge","Parent Relationship": "Outer","Parallel Aware": false,"Async Capable": false,"Startup Cost": 174191.45,"Total Cost": 174344.33,"Plan Rows": 28,"Plan Width": 27,"Actual Startup Time": 393.316,"Actual Total Time": 426.137,"Actual Rows": 10,"Actual Loops": 1,"Workers Planned": 4,"Workers Launched": 4,"Plans": [{"Node Type": "Aggregate","Strategy": "Sorted","Partial Mode": "Partial","Parent Relationship": "Outer","Parallel Aware": false,"Async Capable": false,"Startup Cost": 173191.39,"Total Cost": 173340.94,"Plan Rows": 7,"Plan Width": 27,"Actual Startup Time": 385.284,"Actual Total Time": 386.044,"Actual Rows": 2,"Actual Loops": 5,"Group Key": ["lineitem.l_shipmode"],"Workers": [],"Plans": [{"Node Type": "Sort","Parent Relationship": "Outer","Parallel Aware": false,"Async Capable": false,"Startup Cost": 173191.39,"Total Cost": 173210.07,"Plan Rows": 7474,"Plan Width": 27,"Actual Startup Time": 384.516,"Actual Total Time": 384.779,"Actual Rows": 6287,"Actual Loops": 5,"Sort Key": ["lineitem.l_shipmode"],"Sort Method": "quicksort","Sort Space Used": 648,"Sort Space Type": "Memory","Workers": [{"Worker Number": 0,"Sort Method": "quicksort","Sort Space Used": 637,"Sort Space Type": "Memory"},{"Worker Number": 1,"Sort Method": "quicksort","Sort Space Used": 632,"Sort Space Type": "Memory"},{"Worker Number": 2,"Sort Method": "quicksort","Sort Space Used": 628,"Sort Space Type": "Memory"},{"Worker Number": 3,"Sort Method": "quicksort","Sort Space Used": 629,"Sort Space Type": "Memory"}],"Plans": [{"Node Type": "Nested Loop","Parent Relationship": "Outer","Parallel Aware": false,"Async Capable": false,"Join Type": "Inner","Startup Cost": 0.43,"Total Cost": 172710.52,"Plan Rows": 7474,"Plan Width": 27,"Actual Startup Time": 0.392,"Actual Total Time": 381.696,"Actual Rows": 6287,"Actual Loops": 5,"Inner Unique": true,"Workers": [],"Plans": [{"Node Type": "Seq Scan","Parent Relationship": "Outer","Parallel Aware": true,"Async Capable": false,"Relation Name": "lineitem","Alias": "lineitem","Startup Cost": 0.00,"Total Cost": 146259.83,"Plan Rows": 7474,"Plan Width": 15,"Actual Startup Time": 0.268,"Actual Total Time": 347.448,"Actual Rows": 6287,"Actual Loops": 5,"Filter": "((l_shipmode = ANY ('{TRUCK,FOB}'::bpchar[])) AND (l_commitdate < l_receiptdate) AND (l_shipdate < l_commitdate) AND (l_receiptdate >= '1995-01-01'::date) AND (l_receiptdate < '1996-01-01 00:00:00'::timestamp without time zone))","Rows Removed by Filter": 1193956,"Workers": []},{"Node Type": "Index Scan","Parent Relationship": "Inner","Parallel Aware": false,"Async Capable": false,"Scan Direction": "Forward","Index Name": "orders_pkey","Relation Name": "orders","Alias": "orders","Startup Cost": 0.43,"Total Cost": 3.54,"Plan Rows": 1,"Plan Width": 20,"Actual Startup Time": 0.005,"Actual Total Time": 0.005,"Actual Rows": 1,"Actual Loops": 31436,"Index Cond": "(o_orderkey = lineitem.l_orderkey)","Rows Removed by Index Recheck": 0,"Workers": []}]}]}]}]}]},"Planning Time": 5.176,"Triggers": [],"Execution Time": 426.587}]
[{"Plan": {"Node Type": "Aggregate","Strategy": "Sorted","Partial Mode": "Finalize","Parallel Aware": false,"Async Capable": false,"Startup Cost": 174003.87,"Total Cost": 174155.30,"Plan Rows": 7,"Plan Width": 27,"Actual Startup Time": 400.309,"Actual Total Time": 433.205,"Actual Rows": 2,"Actual Loops": 1,"Group Key": ["lineitem.l_shipmode"],"Plans": [{"Node Type": "Gather Merge","Parent Relationship": "Outer","Parallel Aware": false,"Async Capable": false,"Startup Cost": 174003.87,"Total Cost": 174155.02,"Plan Rows": 28,"Plan Width": 27,"Actual Startup Time": 399.473,"Actual Total Time": 433.154,"Actual Rows": 10,"Actual Loops": 1,"Workers Planned": 4,"Workers Launched": 4,"Plans": [{"Node Type": "Aggregate","Strategy": "Sorted","Partial Mode": "Partial","Parent Relationship": "Outer","Parallel Aware": false,"Async Capable": false,"Startup Cost": 173003.81,"Total Cost": 173151.62,"Plan Rows": 7,"Plan Width": 27,"Actual Startup Time": 390.940,"Actual Total Time": 391.675,"Actual Rows": 2,"Actual Loops": 5,"Group Key": ["lineitem.l_shipmode"],"Workers": [],"Plans": [{"Node Type": "Sort","Parent Relationship": "Outer","Parallel Aware": false,"Async Capable": false,"Startup Cost": 173003.81,"Total Cost": 173022.28,"Plan Rows": 7387,"Plan Width": 27,"Actual Startup Time": 390.169,"Actual Total Time": 390.417,"Actual Rows": 6270,"Actual Loops": 5,"Sort Key": ["lineitem.l_shipmode"],"Sort Method": "quicksort","Sort Space Used": 637,"Sort Space Type": "Memory","Workers": [{"Worker Number": 0,"Sort Method": "quicksort","Sort Space Used": 641,"Sort Space Type": "Memory"},{"Worker Number": 1,"Sort Method": "quicksort","Sort Space Used": 642,"Sort Space Type": "Memory"},{"Worker Number": 2,"Sort Method": "quicksort","Sort Space Used": 623,"Sort Space Type": "Memory"},{"Worker Number": 3,"Sort Method": "quicksort","Sort Space Used": 623,"Sort Space Type": "Memory"}],"Plans": [{"Node Type": "Nested Loop","Parent Relationship": "Outer","Parallel Aware": false,"Async Capable": false,"Join Type": "Inner","Startup Cost": 0.43,"Total Cost": 172529.17,"Plan Rows": 7387,"Plan Width": 27,"Actual Startup Time": 0.397,"Actual Total Time": 387.338,"Actual Rows": 6270,"Actual Loops": 5,"Inner Unique": true,"Workers": [],"Plans": [{"Node Type": "Seq Scan","Parent Relationship": "Outer","Parallel Aware": true,"Async Capable": false,"Relation Name": "lineitem","Alias": "lineitem","Startup Cost": 0.00,"Total Cost": 146259.83,"Plan Rows": 7387,"Plan Width": 15,"Actual Startup Time": 0.274,"Actual Total Time": 352.735,"Actual Rows": 6270,"Actual Loops": 5,"Filter": "((l_shipmode = ANY ('{RAIL,AIR}'::bpchar[])) AND (l_commitdate < l_receiptdate) AND (l_shipdate < l_commitdate) AND (l_receiptdate >= '1995-01-01'::date) AND (l_receiptdate < '1996-01-01 00:00:00'::timestamp without time zone))","Rows Removed by Filter": 1193973,"Workers": []},{"Node Type": "Index Scan","Parent Relationship": "Inner","Parallel Aware": false,"Async Capable": false,"Scan Direction": "Forward","Index Name": "orders_pkey","Relation Name": "orders","Alias": "orders","Startup Cost": 0.43,"Total Cost": 3.56,"Plan Rows": 1,"Plan Width": 20,"Actual Startup Time": 0.005,"Actual Total Time": 0.005,"Actual Rows": 1,"Actual Loops": 31349,"Index Cond": "(o_orderkey = lineitem.l_orderkey)","Rows Removed by Index Recheck": 0,"Workers": []}]}]}]}]}]},"Planning Time": 4.833,"Triggers": [],"Execution Time": 433.651}]
[{"Plan": {"Node Type": "Aggregate","Strategy": "Sorted","Partial Mode": "Finalize","Parallel Aware": false,"Async Capable": false,"Startup Cost": 173601.43,"Total Cost": 173749.11,"Plan Rows": 7,"Plan Width": 27,"Actual Startup Time": 409.965,"Actual Total Time": 444.167,"Actual Rows": 2,"Actual Loops": 1,"Group Key": ["lineitem.l_shipmode"],"Plans": [{"Node Type": "Gather Merge","Parent Relationship": "Outer","Parallel Aware": false,"Async Capable": false,"Startup Cost": 173601.43,"Total Cost": 173748.83,"Plan Rows": 28,"Plan Width": 27,"Actual Startup Time": 409.056,"Actual Total Time": 444.127,"Actual Rows": 10,"Actual Loops": 1,"Workers Planned": 4,"Workers Launched": 4,"Plans": [{"Node Type": "Aggregate","Strategy": "Sorted","Partial Mode": "Partial","Parent Relationship": "Outer","Parallel Aware": false,"Async Capable": false,"Startup Cost": 172601.37,"Total Cost": 172745.44,"Plan Rows": 7,"Plan Width": 27,"Actual Startup Time": 400.034,"Actual Total Time": 400.792,"Actual Rows": 2,"Actual Loops": 5,"Group Key": ["lineitem.l_shipmode"],"Workers": [],"Plans": [{"Node Type": "Sort","Parent Relationship": "Outer","Parallel Aware": false,"Async Capable": false,"Startup Cost": 172601.37,"Total Cost": 172619.37,"Plan Rows": 7200,"Plan Width": 27,"Actual Startup Time": 399.291,"Actual Total Time": 399.542,"Actual Rows": 6241,"Actual Loops": 5,"Sort Key": ["lineitem.l_shipmode"],"Sort Method": "quicksort","Sort Space Used": 644,"Sort Space Type": "Memory","Workers": [{"Worker Number": 0,"Sort Method": "quicksort","Sort Space Used": 641,"Sort Space Type": "Memory"},{"Worker Number": 1,"Sort Method": "quicksort","Sort Space Used": 600,"Sort Space Type": "Memory"},{"Worker Number": 2,"Sort Method": "quicksort","Sort Space Used": 644,"Sort Space Type": "Memory"},{"Worker Number": 3,"Sort Method": "quicksort","Sort Space Used": 628,"Sort Space Type": "Memory"}],"Plans": [{"Node Type": "Nested Loop","Parent Relationship": "Outer","Parallel Aware": false,"Async Capable": false,"Join Type": "Inner","Startup Cost": 0.43,"Total Cost": 172140.07,"Plan Rows": 7200,"Plan Width": 27,"Actual Startup Time": 0.331,"Actual Total Time": 396.387,"Actual Rows": 6241,"Actual Loops": 5,"Inner Unique": true,"Workers": [],"Plans": [{"Node Type": "Seq Scan","Parent Relationship": "Outer","Parallel Aware": true,"Async Capable": false,"Relation Name": "lineitem","Alias": "lineitem","Startup Cost": 0.00,"Total Cost": 146259.83,"Plan Rows": 7200,"Plan Width": 15,"Actual Startup Time": 0.213,"Actual Total Time": 359.991,"Actual Rows": 6241,"Actual Loops": 5,"Filter": "((l_shipmode = ANY ('{AIR,RAIL}'::bpchar[])) AND (l_commitdate < l_receiptdate) AND (l_shipdate < l_commitdate) AND (l_receiptdate >= '1996-01-01'::date) AND (l_receiptdate < '1997-01-01 00:00:00'::timestamp without time zone))","Rows Removed by Filter": 1194002,"Workers": []},{"Node Type": "Index Scan","Parent Relationship": "Inner","Parallel Aware": false,"Async Capable": false,"Scan Direction": "Forward","Index Name": "orders_pkey","Relation Name": "orders","Alias": "orders","Startup Cost": 0.43,"Total Cost": 3.59,"Plan Rows": 1,"Plan Width": 20,"Actual Startup Time": 0.005,"Actual Total Time": 0.005,"Actual Rows": 1,"Actual Loops": 31206,"Index Cond": "(o_orderkey = lineitem.l_orderkey)","Rows Removed by Index Recheck": 0,"Workers": []}]}]}]}]}]},"Planning Time": 5.378,"Triggers": [],"Execution Time": 444.912}]
[{"Plan": {"Node Type": "Aggregate","Strategy": "Sorted","Partial Mode": "Finalize","Parallel Aware": false,"Async Capable": false,"Startup Cost": 173610.87,"Total Cost": 173758.65,"Plan Rows": 7,"Plan Width": 27,"Actual Startup Time": 394.696,"Actual Total Time": 428.887,"Actual Rows": 2,"Actual Loops": 1,"Group Key": ["lineitem.l_shipmode"],"Plans": [{"Node Type": "Gather Merge","Parent Relationship": "Outer","Parallel Aware": false,"Async Capable": false,"Startup Cost": 173610.87,"Total Cost": 173758.37,"Plan Rows": 28,"Plan Width": 27,"Actual Startup Time": 393.884,"Actual Total Time": 428.865,"Actual Rows": 10,"Actual Loops": 1,"Workers Planned": 4,"Workers Launched": 4,"Plans": [{"Node Type": "Aggregate","Strategy": "Sorted","Partial Mode": "Partial","Parent Relationship": "Outer","Parallel Aware": false,"Async Capable": false,"Startup Cost": 172610.81,"Total Cost": 172754.98,"Plan Rows": 7,"Plan Width": 27,"Actual Startup Time": 385.962,"Actual Total Time": 386.692,"Actual Rows": 2,"Actual Loops": 5,"Group Key": ["lineitem.l_shipmode"],"Workers": [],"Plans": [{"Node Type": "Sort","Parent Relationship": "Outer","Parallel Aware": false,"Async Capable": false,"Startup Cost": 172610.81,"Total Cost": 172628.82,"Plan Rows": 7205,"Plan Width": 27,"Actual Startup Time": 385.234,"Actual Total Time": 385.474,"Actual Rows": 6212,"Actual Loops": 5,"Sort Key": ["lineitem.l_shipmode"],"Sort Method": "quicksort","Sort Space Used": 640,"Sort Space Type": "Memory","Workers": [{"Worker Number": 0,"Sort Method": "quicksort","Sort Space Used": 627,"Sort Space Type": "Memory"},{"Worker Number": 1,"Sort Method": "quicksort","Sort Space Used": 628,"Sort Space Type": "Memory"},{"Worker Number": 2,"Sort Method": "quicksort","Sort Space Used": 633,"Sort Space Type": "Memory"},{"Worker Number": 3,"Sort Method": "quicksort","Sort Space Used": 619,"Sort Space Type": "Memory"}],"Plans": [{"Node Type": "Nested Loop","Parent Relationship": "Outer","Parallel Aware": false,"Async Capable": false,"Join Type": "Inner","Startup Cost": 0.43,"Total Cost": 172149.16,"Plan Rows": 7205,"Plan Width": 27,"Actual Startup Time": 0.212,"Actual Total Time": 382.358,"Actual Rows": 6212,"Actual Loops": 5,"Inner Unique": true,"Workers": [],"Plans": [{"Node Type": "Seq Scan","Parent Relationship": "Outer","Parallel Aware": true,"Async Capable": false,"Relation Name": "lineitem","Alias": "lineitem","Startup Cost": 0.00,"Total Cost": 146259.83,"Plan Rows": 7205,"Plan Width": 15,"Actual Startup Time": 0.097,"Actual Total Time": 347.171,"Actual Rows": 6212,"Actual Loops": 5,"Filter": "((l_shipmode = ANY ('{\"REG AIR\",TRUCK}'::bpchar[])) AND (l_commitdate < l_receiptdate) AND (l_shipdate < l_commitdate) AND (l_receiptdate >= '1997-01-01'::date) AND (l_receiptdate < '1998-01-01 00:00:00'::timestamp without time zone))","Rows Removed by Filter": 1194031,"Workers": []},{"Node Type": "Index Scan","Parent Relationship": "Inner","Parallel Aware": false,"Async Capable": false,"Scan Direction": "Forward","Index Name": "orders_pkey","Relation Name": "orders","Alias": "orders","Startup Cost": 0.43,"Total Cost": 3.59,"Plan Rows": 1,"Plan Width": 20,"Actual Startup Time": 0.005,"Actual Total Time": 0.005,"Actual Rows": 1,"Actual Loops": 31060,"Index Cond": "(o_orderkey = lineitem.l_orderkey)","Rows Removed by Index Recheck": 0,"Workers": []}]}]}]}]}]},"Planning Time": 4.137,"Triggers": [],"Execution Time": 429.359}]
[{"Plan": {"Node Type": "Aggregate","Strategy": "Sorted","Partial Mode": "Finalize","Parallel Aware": false,"Async Capable": false,"Startup Cost": 173412.56,"Total Cost": 173558.53,"Plan Rows": 7,"Plan Width": 27,"Actual Startup Time": 398.818,"Actual Total Time": 433.314,"Actual Rows": 2,"Actual Loops": 1,"Group Key": ["lineitem.l_shipmode"],"Plans": [{"Node Type": "Gather Merge","Parent Relationship": "Outer","Parallel Aware": false,"Async Capable": false,"Startup Cost": 173412.56,"Total Cost": 173558.25,"Plan Rows": 28,"Plan Width": 27,"Actual Startup Time": 397.982,"Actual Total Time": 433.273,"Actual Rows": 10,"Actual Loops": 1,"Workers Planned": 4,"Workers Launched": 4,"Plans": [{"Node Type": "Aggregate","Strategy": "Sorted","Partial Mode": "Partial","Parent Relationship": "Outer","Parallel Aware": false,"Async Capable": false,"Startup Cost": 172412.50,"Total Cost": 172554.85,"Plan Rows": 7,"Plan Width": 27,"Actual Startup Time": 389.619,"Actual Total Time": 390.347,"Actual Rows": 2,"Actual Loops": 5,"Group Key": ["lineitem.l_shipmode"],"Workers": [],"Plans": [{"Node Type": "Sort","Parent Relationship": "Outer","Parallel Aware": false,"Async Capable": false,"Startup Cost": 172412.50,"Total Cost": 172430.29,"Plan Rows": 7114,"Plan Width": 27,"Actual Startup Time": 388.862,"Actual Total Time": 389.102,"Actual Rows": 6219,"Actual Loops": 5,"Sort Key": ["lineitem.l_shipmode"],"Sort Method": "quicksort","Sort Space Used": 638,"Sort Space Type": "Memory","Workers": [{"Worker Number": 0,"Sort Method": "quicksort","Sort Space Used": 628,"Sort Space Type": "Memory"},{"Worker Number": 1,"Sort Method": "quicksort","Sort Space Used": 621,"Sort Space Type": "Memory"},{"Worker Number": 2,"Sort Method": "quicksort","Sort Space Used": 627,"Sort Space Type": "Memory"},{"Worker Number": 3,"Sort Method": "quicksort","Sort Space Used": 635,"Sort Space Type": "Memory"}],"Plans": [{"Node Type": "Nested Loop","Parent Relationship": "Outer","Parallel Aware": false,"Async Capable": false,"Join Type": "Inner","Startup Cost": 0.43,"Total Cost": 171957.33,"Plan Rows": 7114,"Plan Width": 27,"Actual Startup Time": 0.315,"Actual Total Time": 385.966,"Actual Rows": 6219,"Actual Loops": 5,"Inner Unique": true,"Workers": [],"Plans": [{"Node Type": "Seq Scan","Parent Relationship": "Outer","Parallel Aware": true,"Async Capable": false,"Relation Name": "lineitem","Alias": "lineitem","Startup Cost": 0.00,"Total Cost": 146259.83,"Plan Rows": 7114,"Plan Width": 15,"Actual Startup Time": 0.197,"Actual Total Time": 350.732,"Actual Rows": 6219,"Actual Loops": 5,"Filter": "((l_shipmode = ANY ('{SHIP,RAIL}'::bpchar[])) AND (l_commitdate < l_receiptdate) AND (l_shipdate < l_commitdate) AND (l_receiptdate >= '1994-01-01'::date) AND (l_receiptdate < '1995-01-01 00:00:00'::timestamp without time zone))","Rows Removed by Filter": 1194024,"Workers": []},{"Node Type": "Index Scan","Parent Relationship": "Inner","Parallel Aware": false,"Async Capable": false,"Scan Direction": "Forward","Index Name": "orders_pkey","Relation Name": "orders","Alias": "orders","Startup Cost": 0.43,"Total Cost": 3.61,"Plan Rows": 1,"Plan Width": 20,"Actual Startup Time": 0.005,"Actual Total Time": 0.005,"Actual Rows": 1,"Actual Loops": 31095,"Index Cond": "(o_orderkey = lineitem.l_orderkey)","Rows Removed by Index Recheck": 0,"Workers": []}]}]}]}]}]},"Planning Time": 4.153,"Triggers": [],"Execution Time": 433.929}]
[{"Plan": {"Node Type": "Aggregate","Strategy": "Sorted","Partial Mode": "Finalize","Parallel Aware": false,"Async Capable": false,"Startup Cost": 173917.28,"Total Cost": 174067.88,"Plan Rows": 7,"Plan Width": 27,"Actual Startup Time": 394.957,"Actual Total Time": 427.433,"Actual Rows": 2,"Actual Loops": 1,"Group Key": ["lineitem.l_shipmode"],"Plans": [{"Node Type": "Gather Merge","Parent Relationship": "Outer","Parallel Aware": false,"Async Capable": false,"Startup Cost": 173917.28,"Total Cost": 174067.60,"Plan Rows": 28,"Plan Width": 27,"Actual Startup Time": 394.038,"Actual Total Time": 427.390,"Actual Rows": 10,"Actual Loops": 1,"Workers Planned": 4,"Workers Launched": 4,"Plans": [{"Node Type": "Aggregate","Strategy": "Sorted","Partial Mode": "Partial","Parent Relationship": "Outer","Parallel Aware": false,"Async Capable": false,"Startup Cost": 172917.22,"Total Cost": 173064.21,"Plan Rows": 7,"Plan Width": 27,"Actual Startup Time": 385.937,"Actual Total Time": 386.740,"Actual Rows": 2,"Actual Loops": 5,"Group Key": ["lineitem.l_shipmode"],"Workers": [],"Plans": [{"Node Type": "Sort","Parent Relationship": "Outer","Parallel Aware": false,"Async Capable": false,"Startup Cost": 172917.22,"Total Cost": 172935.58,"Plan Rows": 7346,"Plan Width": 27,"Actual Startup Time": 385.175,"Actual Total Time": 385.476,"Actual Rows": 6205,"Actual Loops": 5,"Sort Key": ["lineitem.l_shipmode"],"Sort Method": "quicksort","Sort Space Used": 639,"Sort Space Type": "Memory","Workers": [{"Worker Number": 0,"Sort Method": "quicksort","Sort Space Used": 632,"Sort Space Type": "Memory"},{"Worker Number": 1,"Sort Method": "quicksort","Sort Space Used": 625,"Sort Space Type": "Memory"},{"Worker Number": 2,"Sort Method": "quicksort","Sort Space Used": 636,"Sort Space Type": "Memory"},{"Worker Number": 3,"Sort Method": "quicksort","Sort Space Used": 612,"Sort Space Type": "Memory"}],"Plans": [{"Node Type": "Nested Loop","Parent Relationship": "Outer","Parallel Aware": false,"Async Capable": false,"Join Type": "Inner","Startup Cost": 0.43,"Total Cost": 172445.50,"Plan Rows": 7346,"Plan Width": 27,"Actual Startup Time": 0.232,"Actual Total Time": 382.395,"Actual Rows": 6205,"Actual Loops": 5,"Inner Unique": true,"Workers": [],"Plans": [{"Node Type": "Seq Scan","Parent Relationship": "Outer","Parallel Aware": true,"Async Capable": false,"Relation Name": "lineitem","Alias": "lineitem","Startup Cost": 0.00,"Total Cost": 146259.83,"Plan Rows": 7346,"Plan Width": 15,"Actual Startup Time": 0.133,"Actual Total Time": 347.882,"Actual Rows": 6205,"Actual Loops": 5,"Filter": "((l_shipmode = ANY ('{SHIP,\"REG AIR\"}'::bpchar[])) AND (l_commitdate < l_receiptdate) AND (l_shipdate < l_commitdate) AND (l_receiptdate >= '1995-01-01'::date) AND (l_receiptdate < '1996-01-01 00:00:00'::timestamp without time zone))","Rows Removed by Filter": 1194038,"Workers": []},{"Node Type": "Index Scan","Parent Relationship": "Inner","Parallel Aware": false,"Async Capable": false,"Scan Direction": "Forward","Index Name": "orders_pkey","Relation Name": "orders","Alias": "orders","Startup Cost": 0.43,"Total Cost": 3.56,"Plan Rows": 1,"Plan Width": 20,"Actual Startup Time": 0.005,"Actual Total Time": 0.005,"Actual Rows": 1,"Actual Loops": 31027,"Index Cond": "(o_orderkey = lineitem.l_orderkey)","Rows Removed by Index Recheck": 0,"Workers": []}]}]}]}]}]},"Planning Time": 4.807,"Triggers": [],"Execution Time": 427.835}]
[{"Plan": {"Node Type": "Aggregate","Strategy": "Sorted","Partial Mode": "Finalize","Parallel Aware": false,"Async Capable": false,"Startup Cost": 173743.69,"Total Cost": 173892.69,"Plan Rows": 7,"Plan Width": 27,"Actual Startup Time": 396.213,"Actual Total Time": 429.434,"Actual Rows": 2,"Actual Loops": 1,"Group Key": ["lineitem.l_shipmode"],"Plans": [{"Node Type": "Gather Merge","Parent Relationship": "Outer","Parallel Aware": false,"Async Capable": false,"Startup Cost": 173743.69,"Total Cost": 173892.41,"Plan Rows": 28,"Plan Width": 27,"Actual Startup Time": 395.350,"Actual Total Time": 429.396,"Actual Rows": 10,"Actual Loops": 1,"Workers Planned": 4,"Workers Launched": 4,"Plans": [{"Node Type": "Aggregate","Strategy": "Sorted","Partial Mode": "Partial","Parent Relationship": "Outer","Parallel Aware": false,"Async Capable": false,"Startup Cost": 172743.63,"Total Cost": 172889.02,"Plan Rows": 7,"Plan Width": 27,"Actual Startup Time": 387.547,"Actual Total Time": 388.297,"Actual Rows": 2,"Actual Loops": 5,"Group Key": ["lineitem.l_shipmode"],"Workers": [],"Plans": [{"Node Type": "Sort","Parent Relationship": "Outer","Parallel Aware": false,"Async Capable": false,"Startup Cost": 172743.63,"Total Cost": 172761.79,"Plan Rows": 7266,"Plan Width": 27,"Actual Startup Time": 386.772,"Actual Total Time": 387.030,"Actual Rows": 6262,"Actual Loops": 5,"Sort Key": ["lineitem.l_shipmode"],"Sort Method": "quicksort","Sort Space Used": 625,"Sort Space Type": "Memory","Workers": [{"Worker Number": 0,"Sort Method": "quicksort","Sort Space Used": 640,"Sort Space Type": "Memory"},{"Worker Number": 1,"Sort Method": "quicksort","Sort Space Used": 634,"Sort Space Type": "Memory"},{"Worker Number": 2,"Sort Method": "quicksort","Sort Space Used": 627,"Sort Space Type": "Memory"},{"Worker Number": 3,"Sort Method": "quicksort","Sort Space Used": 638,"Sort Space Type": "Memory"}],"Plans": [{"Node Type": "Nested Loop","Parent Relationship": "Outer","Parallel Aware": false,"Async Capable": false,"Join Type": "Inner","Startup Cost": 0.43,"Total Cost": 172277.63,"Plan Rows": 7266,"Plan Width": 27,"Actual Startup Time": 0.231,"Actual Total Time": 383.940,"Actual Rows": 6262,"Actual Loops": 5,"Inner Unique": true,"Workers": [],"Plans": [{"Node Type": "Seq Scan","Parent Relationship": "Outer","Parallel Aware": true,"Async Capable": false,"Relation Name": "lineitem","Alias": "lineitem","Startup Cost": 0.00,"Total Cost": 146259.83,"Plan Rows": 7266,"Plan Width": 15,"Actual Startup Time": 0.116,"Actual Total Time": 349.098,"Actual Rows": 6262,"Actual Loops": 5,"Filter": "((l_shipmode = ANY ('{FOB,RAIL}'::bpchar[])) AND (l_commitdate < l_receiptdate) AND (l_shipdate < l_commitdate) AND (l_receiptdate >= '1996-01-01'::date) AND (l_receiptdate < '1997-01-01 00:00:00'::timestamp without time zone))","Rows Removed by Filter": 1193981,"Workers": []},{"Node Type": "Index Scan","Parent Relationship": "Inner","Parallel Aware": false,"Async Capable": false,"Scan Direction": "Forward","Index Name": "orders_pkey","Relation Name": "orders","Alias": "orders","Startup Cost": 0.43,"Total Cost": 3.58,"Plan Rows": 1,"Plan Width": 20,"Actual Startup Time": 0.005,"Actual Total Time": 0.005,"Actual Rows": 1,"Actual Loops": 31309,"Index Cond": "(o_orderkey = lineitem.l_orderkey)","Rows Removed by Index Recheck": 0,"Workers": []}]}]}]}]}]},"Planning Time": 4.120,"Triggers": [],"Execution Time": 429.878}]
[{"Plan": {"Node Type": "Aggregate","Strategy": "Sorted","Partial Mode": "Finalize","Parallel Aware": false,"Async Capable": false,"Startup Cost": 174003.87,"Total Cost": 174155.30,"Plan Rows": 7,"Plan Width": 27,"Actual Startup Time": 411.926,"Actual Total Time": 445.121,"Actual Rows": 2,"Actual Loops": 1,"Group Key": ["lineitem.l_shipmode"],"Plans": [{"Node Type": "Gather Merge","Parent Relationship": "Outer","Parallel Aware": false,"Async Capable": false,"Startup Cost": 174003.87,"Total Cost": 174155.02,"Plan Rows": 28,"Plan Width": 27,"Actual Startup Time": 411.057,"Actual Total Time": 445.084,"Actual Rows": 10,"Actual Loops": 1,"Workers Planned": 4,"Workers Launched": 4,"Plans": [{"Node Type": "Aggregate","Strategy": "Sorted","Partial Mode": "Partial","Parent Relationship": "Outer","Parallel Aware": false,"Async Capable": false,"Startup Cost": 173003.81,"Total Cost": 173151.62,"Plan Rows": 7,"Plan Width": 27,"Actual Startup Time": 402.614,"Actual Total Time": 403.359,"Actual Rows": 2,"Actual Loops": 5,"Group Key": ["lineitem.l_shipmode"],"Workers": [],"Plans": [{"Node Type": "Sort","Parent Relationship": "Outer","Parallel Aware": false,"Async Capable": false,"Startup Cost": 173003.81,"Total Cost": 173022.28,"Plan Rows": 7387,"Plan Width": 27,"Actual Startup Time": 401.846,"Actual Total Time": 402.102,"Actual Rows": 6270,"Actual Loops": 5,"Sort Key": ["lineitem.l_shipmode"],"Sort Method": "quicksort","Sort Space Used": 635,"Sort Space Type": "Memory","Workers": [{"Worker Number": 0,"Sort Method": "quicksort","Sort Space Used": 640,"Sort Space Type": "Memory"},{"Worker Number": 1,"Sort Method": "quicksort","Sort Space Used": 641,"Sort Space Type": "Memory"},{"Worker Number": 2,"Sort Method": "quicksort","Sort Space Used": 612,"Sort Space Type": "Memory"},{"Worker Number": 3,"Sort Method": "quicksort","Sort Space Used": 638,"Sort Space Type": "Memory"}],"Plans": [{"Node Type": "Nested Loop","Parent Relationship": "Outer","Parallel Aware": false,"Async Capable": false,"Join Type": "Inner","Startup Cost": 0.43,"Total Cost": 172529.17,"Plan Rows": 7387,"Plan Width": 27,"Actual Startup Time": 0.366,"Actual Total Time": 398.921,"Actual Rows": 6270,"Actual Loops": 5,"Inner Unique": true,"Workers": [],"Plans": [{"Node Type": "Seq Scan","Parent Relationship": "Outer","Parallel Aware": true,"Async Capable": false,"Relation Name": "lineitem","Alias": "lineitem","Startup Cost": 0.00,"Total Cost": 146259.83,"Plan Rows": 7387,"Plan Width": 15,"Actual Startup Time": 0.252,"Actual Total Time": 362.651,"Actual Rows": 6270,"Actual Loops": 5,"Filter": "((l_shipmode = ANY ('{AIR,RAIL}'::bpchar[])) AND (l_commitdate < l_receiptdate) AND (l_shipdate < l_commitdate) AND (l_receiptdate >= '1995-01-01'::date) AND (l_receiptdate < '1996-01-01 00:00:00'::timestamp without time zone))","Rows Removed by Filter": 1193973,"Workers": []},{"Node Type": "Index Scan","Parent Relationship": "Inner","Parallel Aware": false,"Async Capable": false,"Scan Direction": "Forward","Index Name": "orders_pkey","Relation Name": "orders","Alias": "orders","Startup Cost": 0.43,"Total Cost": 3.56,"Plan Rows": 1,"Plan Width": 20,"Actual Startup Time": 0.005,"Actual Total Time": 0.005,"Actual Rows": 1,"Actual Loops": 31349,"Index Cond": "(o_orderkey = lineitem.l_orderkey)","Rows Removed by Index Recheck": 0,"Workers": []}]}]}]}]}]},"Planning Time": 4.134,"Triggers": [],"Execution Time": 445.716}]
[{"Plan": {"Node Type": "Aggregate","Strategy": "Sorted","Partial Mode": "Finalize","Parallel Aware": false,"Async Capable": false,"Startup Cost": 173773.31,"Total Cost": 173922.60,"Plan Rows": 7,"Plan Width": 27,"Actual Startup Time": 396.929,"Actual Total Time": 430.503,"Actual Rows": 2,"Actual Loops": 1,"Group Key": ["lineitem.l_shipmode"],"Plans": [{"Node Type": "Gather Merge","Parent Relationship": "Outer","Parallel Aware": false,"Async Capable": false,"Startup Cost": 173773.31,"Total Cost": 173922.32,"Plan Rows": 28,"Plan Width": 27,"Actual Startup Time": 396.041,"Actual Total Time": 430.471,"Actual Rows": 10,"Actual Loops": 1,"Workers Planned": 4,"Workers Launched": 4,"Plans": [{"Node Type": "Aggregate","Strategy": "Sorted","Partial Mode": "Partial","Parent Relationship": "Outer","Parallel Aware": false,"Async Capable": false,"Startup Cost": 172773.25,"Total Cost": 172918.92,"Plan Rows": 7,"Plan Width": 27,"Actual Startup Time": 387.650,"Actual Total Time": 388.390,"Actual Rows": 2,"Actual Loops": 5,"Group Key": ["lineitem.l_shipmode"],"Workers": [],"Plans": [{"Node Type": "Sort","Parent Relationship": "Outer","Parallel Aware": false,"Async Capable": false,"Startup Cost": 172773.25,"Total Cost": 172791.45,"Plan Rows": 7280,"Plan Width": 27,"Actual Startup Time": 386.886,"Actual Total Time": 387.130,"Actual Rows": 6264,"Actual Loops": 5,"Sort Key": ["lineitem.l_shipmode"],"Sort Method": "quicksort","Sort Space Used": 632,"Sort Space Type": "Memory","Workers": [{"Worker Number": 0,"Sort Method": "quicksort","Sort Space Used": 627,"Sort Space Type": "Memory"},{"Worker Number": 1,"Sort Method": "quicksort","Sort Space Used": 632,"Sort Space Type": "Memory"},{"Worker Number": 2,"Sort Method": "quicksort","Sort Space Used": 635,"Sort Space Type": "Memory"},{"Worker Number": 3,"Sort Method": "quicksort","Sort Space Used": 639,"Sort Space Type": "Memory"}],"Plans": [{"Node Type": "Nested Loop","Parent Relationship": "Outer","Parallel Aware": false,"Async Capable": false,"Join Type": "Inner","Startup Cost": 0.43,"Total Cost": 172306.25,"Plan Rows": 7280,"Plan Width": 27,"Actual Startup Time": 0.286,"Actual Total Time": 384.002,"Actual Rows": 6264,"Actual Loops": 5,"Inner Unique": true,"Workers": [],"Plans": [{"Node Type": "Seq Scan","Parent Relationship": "Outer","Parallel Aware": true,"Async Capable": false,"Relation Name": "lineitem","Alias": "lineitem","Startup Cost": 0.00,"Total Cost": 146259.83,"Plan Rows": 7280,"Plan Width": 15,"Actual Startup Time": 0.191,"Actual Total Time": 349.397,"Actual Rows": 6264,"Actual Loops": 5,"Filter": "((l_shipmode = ANY ('{RAIL,SHIP}'::bpchar[])) AND (l_commitdate < l_receiptdate) AND (l_shipdate < l_commitdate) AND (l_receiptdate >= '1993-01-01'::date) AND (l_receiptdate < '1994-01-01 00:00:00'::timestamp without time zone))","Rows Removed by Filter": 1193979,"Workers": []},{"Node Type": "Index Scan","Parent Relationship": "Inner","Parallel Aware": false,"Async Capable": false,"Scan Direction": "Forward","Index Name": "orders_pkey","Relation Name": "orders","Alias": "orders","Startup Cost": 0.43,"Total Cost": 3.58,"Plan Rows": 1,"Plan Width": 20,"Actual Startup Time": 0.005,"Actual Total Time": 0.005,"Actual Rows": 1,"Actual Loops": 31318,"Index Cond": "(o_orderkey = lineitem.l_orderkey)","Rows Removed by Index Recheck": 0,"Workers": []}]}]}]}]}]},"Planning Time": 4.747,"Triggers": [],"Execution Time": 430.907}]
[{"Plan": {"Node Type": "Aggregate","Strategy": "Sorted","Partial Mode": "Finalize","Parallel Aware": false,"Async Capable": false,"Startup Cost": 173991.55,"Total Cost": 174142.86,"Plan Rows": 7,"Plan Width": 27,"Actual Startup Time": 402.443,"Actual Total Time": 435.627,"Actual Rows": 2,"Actual Loops": 1,"Group Key": ["lineitem.l_shipmode"],"Plans": [{"Node Type": "Gather Merge","Parent Relationship": "Outer","Parallel Aware": false,"Async Capable": false,"Startup Cost": 173991.55,"Total Cost": 174142.58,"Plan Rows": 28,"Plan Width": 27,"Actual Startup Time": 401.567,"Actual Total Time": 435.578,"Actual Rows": 10,"Actual Loops": 1,"Workers Planned": 4,"Workers Launched": 4,"Plans": [{"Node Type": "Aggregate","Strategy": "Sorted","Partial Mode": "Partial","Parent Relationship": "Outer","Parallel Aware": false,"Async Capable": false,"Startup Cost": 172991.49,"Total Cost": 173139.18,"Plan Rows": 7,"Plan Width": 27,"Actual Startup Time": 393.191,"Actual Total Time": 393.942,"Actual Rows": 2,"Actual Loops": 5,"Group Key": ["lineitem.l_shipmode"],"Workers": [],"Plans": [{"Node Type": "Sort","Parent Relationship": "Outer","Parallel Aware": false,"Async Capable": false,"Startup Cost": 172991.49,"Total Cost": 173009.95,"Plan Rows": 7381,"Plan Width": 27,"Actual Startup Time": 392.421,"Actual Total Time": 392.686,"Actual Rows": 6222,"Actual Loops": 5,"Sort Key": ["lineitem.l_shipmode"],"Sort Method": "quicksort","Sort Space Used": 648,"Sort Space Type": "Memory","Workers": [{"Worker Number": 0,"Sort Method": "quicksort","Sort Space Used": 628,"Sort Space Type": "Memory"},{"Worker Number": 1,"Sort Method": "quicksort","Sort Space Used": 631,"Sort Space Type": "Memory"},{"Worker Number": 2,"Sort Method": "quicksort","Sort Space Used": 629,"Sort Space Type": "Memory"},{"Worker Number": 3,"Sort Method": "quicksort","Sort Space Used": 614,"Sort Space Type": "Memory"}],"Plans": [{"Node Type": "Nested Loop","Parent Relationship": "Outer","Parallel Aware": false,"Async Capable": false,"Join Type": "Inner","Startup Cost": 0.43,"Total Cost": 172517.28,"Plan Rows": 7381,"Plan Width": 27,"Actual Startup Time": 0.411,"Actual Total Time": 389.582,"Actual Rows": 6222,"Actual Loops": 5,"Inner Unique": true,"Workers": [],"Plans": [{"Node Type": "Seq Scan","Parent Relationship": "Outer","Parallel Aware": true,"Async Capable": false,"Relation Name": "lineitem","Alias": "lineitem","Startup Cost": 0.00,"Total Cost": 146259.83,"Plan Rows": 7381,"Plan Width": 15,"Actual Startup Time": 0.298,"Actual Total Time": 354.941,"Actual Rows": 6222,"Actual Loops": 5,"Filter": "((l_shipmode = ANY ('{MAIL,FOB}'::bpchar[])) AND (l_commitdate < l_receiptdate) AND (l_shipdate < l_commitdate) AND (l_receiptdate >= '1993-01-01'::date) AND (l_receiptdate < '1994-01-01 00:00:00'::timestamp without time zone))","Rows Removed by Filter": 1194021,"Workers": []},{"Node Type": "Index Scan","Parent Relationship": "Inner","Parallel Aware": false,"Async Capable": false,"Scan Direction": "Forward","Index Name": "orders_pkey","Relation Name": "orders","Alias": "orders","Startup Cost": 0.43,"Total Cost": 3.56,"Plan Rows": 1,"Plan Width": 20,"Actual Startup Time": 0.005,"Actual Total Time": 0.005,"Actual Rows": 1,"Actual Loops": 31110,"Index Cond": "(o_orderkey = lineitem.l_orderkey)","Rows Removed by Index Recheck": 0,"Workers": []}]}]}]}]}]},"Planning Time": 5.624,"Triggers": [],"Execution Time": 436.084}]
[{"Plan": {"Node Type": "Aggregate","Strategy": "Sorted","Partial Mode": "Finalize","Parallel Aware": false,"Async Capable": false,"Startup Cost": 173773.31,"Total Cost": 173922.60,"Plan Rows": 7,"Plan Width": 27,"Actual Startup Time": 396.770,"Actual Total Time": 429.892,"Actual Rows": 2,"Actual Loops": 1,"Group Key": ["lineitem.l_shipmode"],"Plans": [{"Node Type": "Gather Merge","Parent Relationship": "Outer","Parallel Aware": false,"Async Capable": false,"Startup Cost": 173773.31,"Total Cost": 173922.32,"Plan Rows": 28,"Plan Width": 27,"Actual Startup Time": 395.938,"Actual Total Time": 429.863,"Actual Rows": 10,"Actual Loops": 1,"Workers Planned": 4,"Workers Launched": 4,"Plans": [{"Node Type": "Aggregate","Strategy": "Sorted","Partial Mode": "Partial","Parent Relationship": "Outer","Parallel Aware": false,"Async Capable": false,"Startup Cost": 172773.25,"Total Cost": 172918.92,"Plan Rows": 7,"Plan Width": 27,"Actual Startup Time": 387.867,"Actual Total Time": 388.596,"Actual Rows": 2,"Actual Loops": 5,"Group Key": ["lineitem.l_shipmode"],"Workers": [],"Plans": [{"Node Type": "Sort","Parent Relationship": "Outer","Parallel Aware": false,"Async Capable": false,"Startup Cost": 172773.25,"Total Cost": 172791.45,"Plan Rows": 7280,"Plan Width": 27,"Actual Startup Time": 387.108,"Actual Total Time": 387.347,"Actual Rows": 6264,"Actual Loops": 5,"Sort Key": ["lineitem.l_shipmode"],"Sort Method": "quicksort","Sort Space Used": 644,"Sort Space Type": "Memory","Workers": [{"Worker Number": 0,"Sort Method": "quicksort","Sort Space Used": 622,"Sort Space Type": "Memory"},{"Worker Number": 1,"Sort Method": "quicksort","Sort Space Used": 635,"Sort Space Type": "Memory"},{"Worker Number": 2,"Sort Method": "quicksort","Sort Space Used": 633,"Sort Space Type": "Memory"},{"Worker Number": 3,"Sort Method": "quicksort","Sort Space Used": 631,"Sort Space Type": "Memory"}],"Plans": [{"Node Type": "Nested Loop","Parent Relationship": "Outer","Parallel Aware": false,"Async Capable": false,"Join Type": "Inner","Startup Cost": 0.43,"Total Cost": 172306.25,"Plan Rows": 7280,"Plan Width": 27,"Actual Startup Time": 0.298,"Actual Total Time": 384.221,"Actual Rows": 6264,"Actual Loops": 5,"Inner Unique": true,"Workers": [],"Plans": [{"Node Type": "Seq Scan","Parent Relationship": "Outer","Parallel Aware": true,"Async Capable": false,"Relation Name": "lineitem","Alias": "lineitem","Startup Cost": 0.00,"Total Cost": 146259.83,"Plan Rows": 7280,"Plan Width": 15,"Actual Startup Time": 0.193,"Actual Total Time": 349.647,"Actual Rows": 6264,"Actual Loops": 5,"Filter": "((l_shipmode = ANY ('{SHIP,RAIL}'::bpchar[])) AND (l_commitdate < l_receiptdate) AND (l_shipdate < l_commitdate) AND (l_receiptdate >= '1993-01-01'::date) AND (l_receiptdate < '1994-01-01 00:00:00'::timestamp without time zone))","Rows Removed by Filter": 1193979,"Workers": []},{"Node Type": "Index Scan","Parent Relationship": "Inner","Parallel Aware": false,"Async Capable": false,"Scan Direction": "Forward","Index Name": "orders_pkey","Relation Name": "orders","Alias": "orders","Startup Cost": 0.43,"Total Cost": 3.58,"Plan Rows": 1,"Plan Width": 20,"Actual Startup Time": 0.005,"Actual Total Time": 0.005,"Actual Rows": 1,"Actual Loops": 31318,"Index Cond": "(o_orderkey = lineitem.l_orderkey)","Rows Removed by Index Recheck": 0,"Workers": []}]}]}]}]}]},"Planning Time": 5.485,"Triggers": [],"Execution Time": 430.251}]
[{"Plan": {"Node Type": "Aggregate","Strategy": "Sorted","Partial Mode": "Finalize","Parallel Aware": false,"Async Capable": false,"Startup Cost": 174029.81,"Total Cost": 174181.50,"Plan Rows": 7,"Plan Width": 27,"Actual Startup Time": 387.219,"Actual Total Time": 421.814,"Actual Rows": 2,"Actual Loops": 1,"Group Key": ["lineitem.l_shipmode"],"Plans": [{"Node Type": "Gather Merge","Parent Relationship": "Outer","Parallel Aware": false,"Async Capable": false,"Startup Cost": 174029.81,"Total Cost": 174181.22,"Plan Rows": 28,"Plan Width": 27,"Actual Startup Time": 386.382,"Actual Total Time": 421.774,"Actual Rows": 10,"Actual Loops": 1,"Workers Planned": 4,"Workers Launched": 4,"Plans": [{"Node Type": "Aggregate","Strategy": "Sorted","Partial Mode": "Partial","Parent Relationship": "Outer","Parallel Aware": false,"Async Capable": false,"Startup Cost": 173029.75,"Total Cost": 173177.82,"Plan Rows": 7,"Plan Width": 27,"Actual Startup Time": 378.193,"Actual Total Time": 378.935,"Actual Rows": 2,"Actual Loops": 5,"Group Key": ["lineitem.l_shipmode"],"Workers": [],"Plans": [{"Node Type": "Sort","Parent Relationship": "Outer","Parallel Aware": false,"Async Capable": false,"Startup Cost": 173029.75,"Total Cost": 173048.25,"Plan Rows": 7400,"Plan Width": 27,"Actual Startup Time": 377.459,"Actual Total Time": 377.704,"Actual Rows": 6248,"Actual Loops": 5,"Sort Key": ["lineitem.l_shipmode"],"Sort Method": "quicksort","Sort Space Used": 648,"Sort Space Type": "Memory","Workers": [{"Worker Number": 0,"Sort Method": "quicksort","Sort Space Used": 626,"Sort Space Type": "Memory"},{"Worker Number": 1,"Sort Method": "quicksort","Sort Space Used": 622,"Sort Space Type": "Memory"},{"Worker Number": 2,"Sort Method": "quicksort","Sort Space Used": 637,"Sort Space Type": "Memory"},{"Worker Number": 3,"Sort Method": "quicksort","Sort Space Used": 626,"Sort Space Type": "Memory"}],"Plans": [{"Node Type": "Nested Loop","Parent Relationship": "Outer","Parallel Aware": false,"Async Capable": false,"Join Type": "Inner","Startup Cost": 0.43,"Total Cost": 172554.18,"Plan Rows": 7400,"Plan Width": 27,"Actual Startup Time": 0.304,"Actual Total Time": 374.657,"Actual Rows": 6248,"Actual Loops": 5,"Inner Unique": true,"Workers": [],"Plans": [{"Node Type": "Seq Scan","Parent Relationship": "Outer","Parallel Aware": true,"Async Capable": false,"Relation Name": "lineitem","Alias": "lineitem","Startup Cost": 0.00,"Total Cost": 146259.83,"Plan Rows": 7399,"Plan Width": 15,"Actual Startup Time": 0.183,"Actual Total Time": 340.220,"Actual Rows": 6248,"Actual Loops": 5,"Filter": "((l_shipmode = ANY ('{\"REG AIR\",TRUCK}'::bpchar[])) AND (l_commitdate < l_receiptdate) AND (l_shipdate < l_commitdate) AND (l_receiptdate >= '1995-01-01'::date) AND (l_receiptdate < '1996-01-01 00:00:00'::timestamp without time zone))","Rows Removed by Filter": 1193995,"Workers": []},{"Node Type": "Index Scan","Parent Relationship": "Inner","Parallel Aware": false,"Async Capable": false,"Scan Direction": "Forward","Index Name": "orders_pkey","Relation Name": "orders","Alias": "orders","Startup Cost": 0.43,"Total Cost": 3.55,"Plan Rows": 1,"Plan Width": 20,"Actual Startup Time": 0.005,"Actual Total Time": 0.005,"Actual Rows": 1,"Actual Loops": 31238,"Index Cond": "(o_orderkey = lineitem.l_orderkey)","Rows Removed by Index Recheck": 0,"Workers": []}]}]}]}]}]},"Planning Time": 4.883,"Triggers": [],"Execution Time": 422.447}]
[{"Plan": {"Node Type": "Aggregate","Strategy": "Sorted","Partial Mode": "Finalize","Parallel Aware": false,"Async Capable": false,"Startup Cost": 173569.56,"Total Cost": 173716.96,"Plan Rows": 7,"Plan Width": 27,"Actual Startup Time": 401.530,"Actual Total Time": 434.343,"Actual Rows": 2,"Actual Loops": 1,"Group Key": ["lineitem.l_shipmode"],"Plans": [{"Node Type": "Gather Merge","Parent Relationship": "Outer","Parallel Aware": false,"Async Capable": false,"Startup Cost": 173569.56,"Total Cost": 173716.68,"Plan Rows": 28,"Plan Width": 27,"Actual Startup Time": 400.709,"Actual Total Time": 434.287,"Actual Rows": 10,"Actual Loops": 1,"Workers Planned": 4,"Workers Launched": 4,"Plans": [{"Node Type": "Aggregate","Strategy": "Sorted","Partial Mode": "Partial","Parent Relationship": "Outer","Parallel Aware": false,"Async Capable": false,"Startup Cost": 172569.50,"Total Cost": 172713.29,"Plan Rows": 7,"Plan Width": 27,"Actual Startup Time": 392.548,"Actual Total Time": 393.282,"Actual Rows": 2,"Actual Loops": 5,"Group Key": ["lineitem.l_shipmode"],"Workers": [],"Plans": [{"Node Type": "Sort","Parent Relationship": "Outer","Parallel Aware": false,"Async Capable": false,"Startup Cost": 172569.50,"Total Cost": 172587.46,"Plan Rows": 7186,"Plan Width": 27,"Actual Startup Time": 391.791,"Actual Total Time": 392.032,"Actual Rows": 6263,"Actual Loops": 5,"Sort Key": ["lineitem.l_shipmode"],"Sort Method": "quicksort","Sort Space Used": 640,"Sort Space Type": "Memory","Workers": [{"Worker Number": 0,"Sort Method": "quicksort","Sort Space Used": 635,"Sort Space Type": "Memory"},{"Worker Number": 1,"Sort Method": "quicksort","Sort Space Used": 631,"Sort Space Type": "Memory"},{"Worker Number": 2,"Sort Method": "quicksort","Sort Space Used": 632,"Sort Space Type": "Memory"},{"Worker Number": 3,"Sort Method": "quicksort","Sort Space Used": 626,"Sort Space Type": "Memory"}],"Plans": [{"Node Type": "Nested Loop","Parent Relationship": "Outer","Parallel Aware": false,"Async Capable": false,"Join Type": "Inner","Startup Cost": 0.43,"Total Cost": 172109.20,"Plan Rows": 7186,"Plan Width": 27,"Actual Startup Time": 0.353,"Actual Total Time": 388.904,"Actual Rows": 6263,"Actual Loops": 5,"Inner Unique": true,"Workers": [],"Plans": [{"Node Type": "Seq Scan","Parent Relationship": "Outer","Parallel Aware": true,"Async Capable": false,"Relation Name": "lineitem","Alias": "lineitem","Startup Cost": 0.00,"Total Cost": 146259.83,"Plan Rows": 7186,"Plan Width": 15,"Actual Startup Time": 0.230,"Actual Total Time": 353.450,"Actual Rows": 6263,"Actual Loops": 5,"Filter": "((l_shipmode = ANY ('{RAIL,SHIP}'::bpchar[])) AND (l_commitdate < l_receiptdate) AND (l_shipdate < l_commitdate) AND (l_receiptdate >= '1997-01-01'::date) AND (l_receiptdate < '1998-01-01 00:00:00'::timestamp without time zone))","Rows Removed by Filter": 1193980,"Workers": []},{"Node Type": "Index Scan","Parent Relationship": "Inner","Parallel Aware": false,"Async Capable": false,"Scan Direction": "Forward","Index Name": "orders_pkey","Relation Name": "orders","Alias": "orders","Startup Cost": 0.43,"Total Cost": 3.60,"Plan Rows": 1,"Plan Width": 20,"Actual Startup Time": 0.005,"Actual Total Time": 0.005,"Actual Rows": 1,"Actual Loops": 31317,"Index Cond": "(o_orderkey = lineitem.l_orderkey)","Rows Removed by Index Recheck": 0,"Workers": []}]}]}]}]}]},"Planning Time": 5.442,"Triggers": [],"Execution Time": 434.735}]
[{"Plan": {"Node Type": "Aggregate","Strategy": "Sorted","Partial Mode": "Finalize","Parallel Aware": false,"Async Capable": false,"Startup Cost": 173608.96,"Total Cost": 173756.73,"Plan Rows": 7,"Plan Width": 27,"Actual Startup Time": 392.179,"Actual Total Time": 426.813,"Actual Rows": 2,"Actual Loops": 1,"Group Key": ["lineitem.l_shipmode"],"Plans": [{"Node Type": "Gather Merge","Parent Relationship": "Outer","Parallel Aware": false,"Async Capable": false,"Startup Cost": 173608.96,"Total Cost": 173756.45,"Plan Rows": 28,"Plan Width": 27,"Actual Startup Time": 391.379,"Actual Total Time": 426.782,"Actual Rows": 10,"Actual Loops": 1,"Workers Planned": 4,"Workers Launched": 4,"Plans": [{"Node Type": "Aggregate","Strategy": "Sorted","Partial Mode": "Partial","Parent Relationship": "Outer","Parallel Aware": false,"Async Capable": false,"Startup Cost": 172608.90,"Total Cost": 172753.05,"Plan Rows": 7,"Plan Width": 27,"Actual Startup Time": 383.083,"Actual Total Time": 383.799,"Actual Rows": 2,"Actual Loops": 5,"Group Key": ["lineitem.l_shipmode"],"Workers": [],"Plans": [{"Node Type": "Sort","Parent Relationship": "Outer","Parallel Aware": false,"Async Capable": false,"Startup Cost": 172608.90,"Total Cost": 172626.91,"Plan Rows": 7204,"Plan Width": 27,"Actual Startup Time": 382.327,"Actual Total Time": 382.565,"Actual Rows": 6181,"Actual Loops": 5,"Sort Key": ["lineitem.l_shipmode"],"Sort Method": "quicksort","Sort Space Used": 636,"Sort Space Type": "Memory","Workers": [{"Worker Number": 0,"Sort Method": "quicksort","Sort Space Used": 626,"Sort Space Type": "Memory"},{"Worker Number": 1,"Sort Method": "quicksort","Sort Space Used": 628,"Sort Space Type": "Memory"},{"Worker Number": 2,"Sort Method": "quicksort","Sort Space Used": 625,"Sort Space Type": "Memory"},{"Worker Number": 3,"Sort Method": "quicksort","Sort Space Used": 621,"Sort Space Type": "Memory"}],"Plans": [{"Node Type": "Nested Loop","Parent Relationship": "Outer","Parallel Aware": false,"Async Capable": false,"Join Type": "Inner","Startup Cost": 0.43,"Total Cost": 172147.32,"Plan Rows": 7204,"Plan Width": 27,"Actual Startup Time": 0.208,"Actual Total Time": 379.480,"Actual Rows": 6181,"Actual Loops": 5,"Inner Unique": true,"Workers": [],"Plans": [{"Node Type": "Seq Scan","Parent Relationship": "Outer","Parallel Aware": true,"Async Capable": false,"Relation Name": "lineitem","Alias": "lineitem","Startup Cost": 0.00,"Total Cost": 146259.83,"Plan Rows": 7204,"Plan Width": 15,"Actual Startup Time": 0.088,"Actual Total Time": 345.413,"Actual Rows": 6181,"Actual Loops": 5,"Filter": "((l_shipmode = ANY ('{FOB,TRUCK}'::bpchar[])) AND (l_commitdate < l_receiptdate) AND (l_shipdate < l_commitdate) AND (l_receiptdate >= '1994-01-01'::date) AND (l_receiptdate < '1995-01-01 00:00:00'::timestamp without time zone))","Rows Removed by Filter": 1194062,"Workers": []},{"Node Type": "Index Scan","Parent Relationship": "Inner","Parallel Aware": false,"Async Capable": false,"Scan Direction": "Forward","Index Name": "orders_pkey","Relation Name": "orders","Alias": "orders","Startup Cost": 0.43,"Total Cost": 3.59,"Plan Rows": 1,"Plan Width": 20,"Actual Startup Time": 0.005,"Actual Total Time": 0.005,"Actual Rows": 1,"Actual Loops": 30906,"Index Cond": "(o_orderkey = lineitem.l_orderkey)","Rows Removed by Index Recheck": 0,"Workers": []}]}]}]}]}]},"Planning Time": 4.277,"Triggers": [],"Execution Time": 427.350}]
[{"Plan": {"Node Type": "Aggregate","Strategy": "Sorted","Partial Mode": "Finalize","Parallel Aware": false,"Async Capable": false,"Startup Cost": 173657.45,"Total Cost": 173805.66,"Plan Rows": 7,"Plan Width": 27,"Actual Startup Time": 396.285,"Actual Total Time": 430.203,"Actual Rows": 2,"Actual Loops": 1,"Group Key": ["lineitem.l_shipmode"],"Plans": [{"Node Type": "Gather Merge","Parent Relationship": "Outer","Parallel Aware": false,"Async Capable": false,"Startup Cost": 173657.45,"Total Cost": 173805.38,"Plan Rows": 28,"Plan Width": 27,"Actual Startup Time": 395.451,"Actual Total Time": 430.170,"Actual Rows": 10,"Actual Loops": 1,"Workers Planned": 4,"Workers Launched": 4,"Plans": [{"Node Type": "Aggregate","Strategy": "Sorted","Partial Mode": "Partial","Parent Relationship": "Outer","Parallel Aware": false,"Async Capable": false,"Startup Cost": 172657.40,"Total Cost": 172801.99,"Plan Rows": 7,"Plan Width": 27,"Actual Startup Time": 387.250,"Actual Total Time": 388.009,"Actual Rows": 2,"Actual Loops": 5,"Group Key": ["lineitem.l_shipmode"],"Workers": [],"Plans": [{"Node Type": "Sort","Parent Relationship": "Outer","Parallel Aware": false,"Async Capable": false,"Startup Cost": 172657.40,"Total Cost": 172675.46,"Plan Rows": 7226,"Plan Width": 27,"Actual Startup Time": 386.438,"Actual Total Time": 386.723,"Actual Rows": 6245,"Actual Loops": 5,"Sort Key": ["lineitem.l_shipmode"],"Sort Method": "quicksort","Sort Space Used": 651,"Sort Space Type": "Memory","Workers": [{"Worker Number": 0,"Sort Method": "quicksort","Sort Space Used": 629,"Sort Space Type": "Memory"},{"Worker Number": 1,"Sort Method": "quicksort","Sort Space Used": 634,"Sort Space Type": "Memory"},{"Worker Number": 2,"Sort Method": "quicksort","Sort Space Used": 626,"Sort Space Type": "Memory"},{"Worker Number": 3,"Sort Method": "quicksort","Sort Space Used": 618,"Sort Space Type": "Memory"}],"Plans": [{"Node Type": "Nested Loop","Parent Relationship": "Outer","Parallel Aware": false,"Async Capable": false,"Join Type": "Inner","Startup Cost": 0.43,"Total Cost": 172194.25,"Plan Rows": 7226,"Plan Width": 27,"Actual Startup Time": 0.306,"Actual Total Time": 383.622,"Actual Rows": 6245,"Actual Loops": 5,"Inner Unique": true,"Workers": [],"Plans": [{"Node Type": "Seq Scan","Parent Relationship": "Outer","Parallel Aware": true,"Async Capable": false,"Relation Name": "lineitem","Alias": "lineitem","Startup Cost": 0.00,"Total Cost": 146259.83,"Plan Rows": 7226,"Plan Width": 15,"Actual Startup Time": 0.181,"Actual Total Time": 349.174,"Actual Rows": 6245,"Actual Loops": 5,"Filter": "((l_shipmode = ANY ('{AIR,MAIL}'::bpchar[])) AND (l_commitdate < l_receiptdate) AND (l_shipdate < l_commitdate) AND (l_receiptdate >= '1996-01-01'::date) AND (l_receiptdate < '1997-01-01 00:00:00'::timestamp without time zone))","Rows Removed by Filter": 1193998,"Workers": []},{"Node Type": "Index Scan","Parent Relationship": "Inner","Parallel Aware": false,"Async Capable": false,"Scan Direction": "Forward","Index Name": "orders_pkey","Relation Name": "orders","Alias": "orders","Startup Cost": 0.43,"Total Cost": 3.59,"Plan Rows": 1,"Plan Width": 20,"Actual Startup Time": 0.005,"Actual Total Time": 0.005,"Actual Rows": 1,"Actual Loops": 31227,"Index Cond": "(o_orderkey = lineitem.l_orderkey)","Rows Removed by Index Recheck": 0,"Workers": []}]}]}]}]}]},"Planning Time": 4.284,"Triggers": [],"Execution Time": 430.820}]
[{"Plan": {"Node Type": "Aggregate","Strategy": "Sorted","Partial Mode": "Finalize","Parallel Aware": false,"Async Capable": false,"Startup Cost": 173452.42,"Total Cost": 173598.75,"Plan Rows": 7,"Plan Width": 27,"Actual Startup Time": 402.564,"Actual Total Time": 436.336,"Actual Rows": 2,"Actual Loops": 1,"Group Key": ["lineitem.l_shipmode"],"Plans": [{"Node Type": "Gather Merge","Parent Relationship": "Outer","Parallel Aware": false,"Async Capable": false,"Startup Cost": 173452.42,"Total Cost": 173598.47,"Plan Rows": 28,"Plan Width": 27,"Actual Startup Time": 401.701,"Actual Total Time": 436.290,"Actual Rows": 10,"Actual Loops": 1,"Workers Planned": 4,"Workers Launched": 4,"Plans": [{"Node Type": "Aggregate","Strategy": "Sorted","Partial Mode": "Partial","Parent Relationship": "Outer","Parallel Aware": false,"Async Capable": false,"Startup Cost": 172452.36,"Total Cost": 172595.07,"Plan Rows": 7,"Plan Width": 27,"Actual Startup Time": 393.241,"Actual Total Time": 393.984,"Actual Rows": 2,"Actual Loops": 5,"Group Key": ["lineitem.l_shipmode"],"Workers": [],"Plans": [{"Node Type": "Sort","Parent Relationship": "Outer","Parallel Aware": false,"Async Capable": false,"Startup Cost": 172452.36,"Total Cost": 172470.19,"Plan Rows": 7132,"Plan Width": 27,"Actual Startup Time": 392.490,"Actual Total Time": 392.750,"Actual Rows": 6177,"Actual Loops": 5,"Sort Key": ["lineitem.l_shipmode"],"Sort Method": "quicksort","Sort Space Used": 617,"Sort Space Type": "Memory","Workers": [{"Worker Number": 0,"Sort Method": "quicksort","Sort Space Used": 624,"Sort Space Type": "Memory"},{"Worker Number": 1,"Sort Method": "quicksort","Sort Space Used": 625,"Sort Space Type": "Memory"},{"Worker Number": 2,"Sort Method": "quicksort","Sort Space Used": 631,"Sort Space Type": "Memory"},{"Worker Number": 3,"Sort Method": "quicksort","Sort Space Used": 636,"Sort Space Type": "Memory"}],"Plans": [{"Node Type": "Nested Loop","Parent Relationship": "Outer","Parallel Aware": false,"Async Capable": false,"Join Type": "Inner","Startup Cost": 0.43,"Total Cost": 171995.91,"Plan Rows": 7132,"Plan Width": 27,"Actual Startup Time": 0.207,"Actual Total Time": 389.653,"Actual Rows": 6177,"Actual Loops": 5,"Inner Unique": true,"Workers": [],"Plans": [{"Node Type": "Seq Scan","Parent Relationship": "Outer","Parallel Aware": true,"Async Capable": false,"Relation Name": "lineitem","Alias": "lineitem","Startup Cost": 0.00,"Total Cost": 146259.83,"Plan Rows": 7132,"Plan Width": 15,"Actual Startup Time": 0.088,"Actual Total Time": 354.317,"Actual Rows": 6177,"Actual Loops": 5,"Filter": "((l_shipmode = ANY ('{SHIP,TRUCK}'::bpchar[])) AND (l_commitdate < l_receiptdate) AND (l_shipdate < l_commitdate) AND (l_receiptdate >= '1994-01-01'::date) AND (l_receiptdate < '1995-01-01 00:00:00'::timestamp without time zone))","Rows Removed by Filter": 1194066,"Workers": []},{"Node Type": "Index Scan","Parent Relationship": "Inner","Parallel Aware": false,"Async Capable": false,"Scan Direction": "Forward","Index Name": "orders_pkey","Relation Name": "orders","Alias": "orders","Startup Cost": 0.43,"Total Cost": 3.61,"Plan Rows": 1,"Plan Width": 20,"Actual Startup Time": 0.005,"Actual Total Time": 0.005,"Actual Rows": 1,"Actual Loops": 30883,"Index Cond": "(o_orderkey = lineitem.l_orderkey)","Rows Removed by Index Recheck": 0,"Workers": []}]}]}]}]}]},"Planning Time": 4.144,"Triggers": [],"Execution Time": 436.973}]
[{"Plan": {"Node Type": "Aggregate","Strategy": "Sorted","Partial Mode": "Finalize","Parallel Aware": false,"Async Capable": false,"Startup Cost": 173975.00,"Total Cost": 174126.12,"Plan Rows": 7,"Plan Width": 27,"Actual Startup Time": 391.228,"Actual Total Time": 425.593,"Actual Rows": 2,"Actual Loops": 1,"Group Key": ["lineitem.l_shipmode"],"Plans": [{"Node Type": "Gather Merge","Parent Relationship": "Outer","Parallel Aware": false,"Async Capable": false,"Startup Cost": 173975.00,"Total Cost": 174125.84,"Plan Rows": 28,"Plan Width": 27,"Actual Startup Time": 390.409,"Actual Total Time": 425.566,"Actual Rows": 10,"Actual Loops": 1,"Workers Planned": 4,"Workers Launched": 4,"Plans": [{"Node Type": "Aggregate","Strategy": "Sorted","Partial Mode": "Partial","Parent Relationship": "Outer","Parallel Aware": false,"Async Capable": false,"Startup Cost": 172974.94,"Total Cost": 173122.45,"Plan Rows": 7,"Plan Width": 27,"Actual Startup Time": 382.487,"Actual Total Time": 383.214,"Actual Rows": 2,"Actual Loops": 5,"Group Key": ["lineitem.l_shipmode"],"Workers": [],"Plans": [{"Node Type": "Sort","Parent Relationship": "Outer","Parallel Aware": false,"Async Capable": false,"Startup Cost": 172974.94,"Total Cost": 172993.37,"Plan Rows": 7372,"Plan Width": 27,"Actual Startup Time": 381.739,"Actual Total Time": 381.980,"Actual Rows": 6180,"Actual Loops": 5,"Sort Key": ["lineitem.l_shipmode"],"Sort Method": "quicksort","Sort Space Used": 627,"Sort Space Type": "Memory","Workers": [{"Worker Number": 0,"Sort Method": "quicksort","Sort Space Used": 637,"Sort Space Type": "Memory"},{"Worker Number": 1,"Sort Method": "quicksort","Sort Space Used": 629,"Sort Space Type": "Memory"},{"Worker Number": 2,"Sort Method": "quicksort","Sort Space Used": 615,"Sort Space Type": "Memory"},{"Worker Number": 3,"Sort Method": "quicksort","Sort Space Used": 627,"Sort Space Type": "Memory"}],"Plans": [{"Node Type": "Nested Loop","Parent Relationship": "Outer","Parallel Aware": false,"Async Capable": false,"Join Type": "Inner","Startup Cost": 0.43,"Total Cost": 172501.37,"Plan Rows": 7372,"Plan Width": 27,"Actual Startup Time": 0.272,"Actual Total Time": 378.907,"Actual Rows": 6180,"Actual Loops": 5,"Inner Unique": true,"Workers": [],"Plans": [{"Node Type": "Seq Scan","Parent Relationship": "Outer","Parallel Aware": true,"Async Capable": false,"Relation Name": "lineitem","Alias": "lineitem","Startup Cost": 0.00,"Total Cost": 146259.83,"Plan Rows": 7373,"Plan Width": 15,"Actual Startup Time": 0.161,"Actual Total Time": 344.794,"Actual Rows": 6180,"Actual Loops": 5,"Filter": "((l_shipmode = ANY ('{FOB,TRUCK}'::bpchar[])) AND (l_commitdate < l_receiptdate) AND (l_shipdate < l_commitdate) AND (l_receiptdate >= '1993-01-01'::date) AND (l_receiptdate < '1994-01-01 00:00:00'::timestamp without time zone))","Rows Removed by Filter": 1194063,"Workers": []},{"Node Type": "Index Scan","Parent Relationship": "Inner","Parallel Aware": false,"Async Capable": false,"Scan Direction": "Forward","Index Name": "orders_pkey","Relation Name": "orders","Alias": "orders","Startup Cost": 0.43,"Total Cost": 3.56,"Plan Rows": 1,"Plan Width": 20,"Actual Startup Time": 0.005,"Actual Total Time": 0.005,"Actual Rows": 1,"Actual Loops": 30899,"Index Cond": "(o_orderkey = lineitem.l_orderkey)","Rows Removed by Index Recheck": 0,"Workers": []}]}]}]}]}]},"Planning Time": 4.358,"Triggers": [],"Execution Time": 425.966}]
[{"Plan": {"Node Type": "Aggregate","Strategy": "Sorted","Partial Mode": "Finalize","Parallel Aware": false,"Async Capable": false,"Startup Cost": 173352.66,"Total Cost": 173498.10,"Plan Rows": 7,"Plan Width": 27,"Actual Startup Time": 394.304,"Actual Total Time": 427.260,"Actual Rows": 2,"Actual Loops": 1,"Group Key": ["lineitem.l_shipmode"],"Plans": [{"Node Type": "Gather Merge","Parent Relationship": "Outer","Parallel Aware": false,"Async Capable": false,"Startup Cost": 173352.66,"Total Cost": 173497.82,"Plan Rows": 28,"Plan Width": 27,"Actual Startup Time": 393.478,"Actual Total Time": 427.219,"Actual Rows": 10,"Actual Loops": 1,"Workers Planned": 4,"Workers Launched": 4,"Plans": [{"Node Type": "Aggregate","Strategy": "Sorted","Partial Mode": "Partial","Parent Relationship": "Outer","Parallel Aware": false,"Async Capable": false,"Startup Cost": 172352.60,"Total Cost": 172494.43,"Plan Rows": 7,"Plan Width": 27,"Actual Startup Time": 385.466,"Actual Total Time": 386.182,"Actual Rows": 2,"Actual Loops": 5,"Group Key": ["lineitem.l_shipmode"],"Workers": [],"Plans": [{"Node Type": "Sort","Parent Relationship": "Outer","Parallel Aware": false,"Async Capable": false,"Startup Cost": 172352.60,"Total Cost": 172370.32,"Plan Rows": 7088,"Plan Width": 27,"Actual Startup Time": 384.723,"Actual Total Time": 384.957,"Actual Rows": 6181,"Actual Loops": 5,"Sort Key": ["lineitem.l_shipmode"],"Sort Method": "quicksort","Sort Space Used": 641,"Sort Space Type": "Memory","Workers": [{"Worker Number": 0,"Sort Method": "quicksort","Sort Space Used": 621,"Sort Space Type": "Memory"},{"Worker Number": 1,"Sort Method": "quicksort","Sort Space Used": 612,"Sort Space Type": "Memory"},{"Worker Number": 2,"Sort Method": "quicksort","Sort Space Used": 630,"Sort Space Type": "Memory"},{"Worker Number": 3,"Sort Method": "quicksort","Sort Space Used": 632,"Sort Space Type": "Memory"}],"Plans": [{"Node Type": "Nested Loop","Parent Relationship": "Outer","Parallel Aware": false,"Async Capable": false,"Join Type": "Inner","Startup Cost": 0.43,"Total Cost": 171899.28,"Plan Rows": 7088,"Plan Width": 27,"Actual Startup Time": 0.199,"Actual Total Time": 381.990,"Actual Rows": 6181,"Actual Loops": 5,"Inner Unique": true,"Workers": [],"Plans": [{"Node Type": "Seq Scan","Parent Relationship": "Outer","Parallel Aware": true,"Async Capable": false,"Relation Name": "lineitem","Alias": "lineitem","Startup Cost": 0.00,"Total Cost": 146259.83,"Plan Rows": 7087,"Plan Width": 15,"Actual Startup Time": 0.078,"Actual Total Time": 347.965,"Actual Rows": 6181,"Actual Loops": 5,"Filter": "((l_shipmode = ANY ('{AIR,\"REG AIR\"}'::bpchar[])) AND (l_commitdate < l_receiptdate) AND (l_shipdate < l_commitdate) AND (l_receiptdate >= '1994-01-01'::date) AND (l_receiptdate < '1995-01-01 00:00:00'::timestamp without time zone))","Rows Removed by Filter": 1194062,"Workers": []},{"Node Type": "Index Scan","Parent Relationship": "Inner","Parallel Aware": false,"Async Capable": false,"Scan Direction": "Forward","Index Name": "orders_pkey","Relation Name": "orders","Alias": "orders","Startup Cost": 0.43,"Total Cost": 3.62,"Plan Rows": 1,"Plan Width": 20,"Actual Startup Time": 0.005,"Actual Total Time": 0.005,"Actual Rows": 1,"Actual Loops": 30907,"Index Cond": "(o_orderkey = lineitem.l_orderkey)","Rows Removed by Index Recheck": 0,"Workers": []}]}]}]}]}]},"Planning Time": 4.101,"Triggers": [],"Execution Time": 427.609}]
[{"Plan": {"Node Type": "Aggregate","Strategy": "Sorted","Partial Mode": "Finalize","Parallel Aware": false,"Async Capable": false,"Startup Cost": 173627.75,"Total Cost": 173775.71,"Plan Rows": 7,"Plan Width": 27,"Actual Startup Time": 396.174,"Actual Total Time": 430.546,"Actual Rows": 2,"Actual Loops": 1,"Group Key": ["lineitem.l_shipmode"],"Plans": [{"Node Type": "Gather Merge","Parent Relationship": "Outer","Parallel Aware": false,"Async Capable": false,"Startup Cost": 173627.75,"Total Cost": 173775.43,"Plan Rows": 28,"Plan Width": 27,"Actual Startup Time": 395.297,"Actual Total Time": 430.494,"Actual Rows": 10,"Actual Loops": 1,"Workers Planned": 4,"Workers Launched": 4,"Plans": [{"Node Type": "Aggregate","Strategy": "Sorted","Partial Mode": "Partial","Parent Relationship": "Outer","Parallel Aware": false,"Async Capable": false,"Startup Cost": 172627.69,"Total Cost": 172772.04,"Plan Rows": 7,"Plan Width": 27,"Actual Startup Time": 386.999,"Actual Total Time": 387.720,"Actual Rows": 2,"Actual Loops": 5,"Group Key": ["lineitem.l_shipmode"],"Workers": [],"Plans": [{"Node Type": "Sort","Parent Relationship": "Outer","Parallel Aware": false,"Async Capable": false,"Startup Cost": 172627.69,"Total Cost": 172645.72,"Plan Rows": 7214,"Plan Width": 27,"Actual Startup Time": 386.233,"Actual Total Time": 386.474,"Actual Rows": 6259,"Actual Loops": 5,"Sort Key": ["lineitem.l_shipmode"],"Sort Method": "quicksort","Sort Space Used": 649,"Sort Space Type": "Memory","Workers": [{"Worker Number": 0,"Sort Method": "quicksort","Sort Space Used": 619,"Sort Space Type": "Memory"},{"Worker Number": 1,"Sort Method": "quicksort","Sort Space Used": 627,"Sort Space Type": "Memory"},{"Worker Number": 2,"Sort Method": "quicksort","Sort Space Used": 633,"Sort Space Type": "Memory"},{"Worker Number": 3,"Sort Method": "quicksort","Sort Space Used": 635,"Sort Space Type": "Memory"}],"Plans": [{"Node Type": "Nested Loop","Parent Relationship": "Outer","Parallel Aware": false,"Async Capable": false,"Join Type": "Inner","Startup Cost": 0.43,"Total Cost": 172165.39,"Plan Rows": 7214,"Plan Width": 27,"Actual Startup Time": 0.257,"Actual Total Time": 383.392,"Actual Rows": 6259,"Actual Loops": 5,"Inner Unique": true,"Workers": [],"Plans": [{"Node Type": "Seq Scan","Parent Relationship": "Outer","Parallel Aware": true,"Async Capable": false,"Relation Name": "lineitem","Alias": "lineitem","Startup Cost": 0.00,"Total Cost": 146259.83,"Plan Rows": 7213,"Plan Width": 15,"Actual Startup Time": 0.140,"Actual Total Time": 348.159,"Actual Rows": 6259,"Actual Loops": 5,"Filter": "((l_shipmode = ANY ('{\"REG AIR\",MAIL}'::bpchar[])) AND (l_commitdate < l_receiptdate) AND (l_shipdate < l_commitdate) AND (l_receiptdate >= '1997-01-01'::date) AND (l_receiptdate < '1998-01-01 00:00:00'::timestamp without time zone))","Rows Removed by Filter": 1193984,"Workers": []},{"Node Type": "Index Scan","Parent Relationship": "Inner","Parallel Aware": false,"Async Capable": false,"Scan Direction": "Forward","Index Name": "orders_pkey","Relation Name": "orders","Alias": "orders","Startup Cost": 0.43,"Total Cost": 3.59,"Plan Rows": 1,"Plan Width": 20,"Actual Startup Time": 0.005,"Actual Total Time": 0.005,"Actual Rows": 1,"Actual Loops": 31295,"Index Cond": "(o_orderkey = lineitem.l_orderkey)","Rows Removed by Index Recheck": 0,"Workers": []}]}]}]}]}]},"Planning Time": 3.963,"Triggers": [],"Execution Time": 431.238}]
[{"Plan": {"Node Type": "Aggregate","Strategy": "Sorted","Partial Mode": "Finalize","Parallel Aware": false,"Async Capable": false,"Startup Cost": 174031.36,"Total Cost": 174183.00,"Plan Rows": 7,"Plan Width": 27,"Actual Startup Time": 397.598,"Actual Total Time": 430.984,"Actual Rows": 2,"Actual Loops": 1,"Group Key": ["lineitem.l_shipmode"],"Plans": [{"Node Type": "Gather Merge","Parent Relationship": "Outer","Parallel Aware": false,"Async Capable": false,"Startup Cost": 174031.36,"Total Cost": 174182.72,"Plan Rows": 28,"Plan Width": 27,"Actual Startup Time": 396.707,"Actual Total Time": 430.947,"Actual Rows": 10,"Actual Loops": 1,"Workers Planned": 4,"Workers Launched": 4,"Plans": [{"Node Type": "Aggregate","Strategy": "Sorted","Partial Mode": "Partial","Parent Relationship": "Outer","Parallel Aware": false,"Async Capable": false,"Startup Cost": 173031.30,"Total Cost": 173179.33,"Plan Rows": 7,"Plan Width": 27,"Actual Startup Time": 388.114,"Actual Total Time": 388.857,"Actual Rows": 2,"Actual Loops": 5,"Group Key": ["lineitem.l_shipmode"],"Workers": [],"Plans": [{"Node Type": "Sort","Parent Relationship": "Outer","Parallel Aware": false,"Async Capable": false,"Startup Cost": 173031.30,"Total Cost": 173049.79,"Plan Rows": 7398,"Plan Width": 27,"Actual Startup Time": 387.333,"Actual Total Time": 387.597,"Actual Rows": 6249,"Actual Loops": 5,"Sort Key": ["lineitem.l_shipmode"],"Sort Method": "quicksort","Sort Space Used": 650,"Sort Space Type": "Memory","Workers": [{"Worker Number": 0,"Sort Method": "quicksort","Sort Space Used": 629,"Sort Space Type": "Memory"},{"Worker Number": 1,"Sort Method": "quicksort","Sort Space Used": 610,"Sort Space Type": "Memory"},{"Worker Number": 2,"Sort Method": "quicksort","Sort Space Used": 631,"Sort Space Type": "Memory"},{"Worker Number": 3,"Sort Method": "quicksort","Sort Space Used": 640,"Sort Space Type": "Memory"}],"Plans": [{"Node Type": "Nested Loop","Parent Relationship": "Outer","Parallel Aware": false,"Async Capable": false,"Join Type": "Inner","Startup Cost": 0.43,"Total Cost": 172555.87,"Plan Rows": 7398,"Plan Width": 27,"Actual Startup Time": 0.191,"Actual Total Time": 384.519,"Actual Rows": 6249,"Actual Loops": 5,"Inner Unique": true,"Workers": [],"Plans": [{"Node Type": "Seq Scan","Parent Relationship": "Outer","Parallel Aware": true,"Async Capable": false,"Relation Name": "lineitem","Alias": "lineitem","Startup Cost": 0.00,"Total Cost": 146259.83,"Plan Rows": 7399,"Plan Width": 15,"Actual Startup Time": 0.110,"Actual Total Time": 350.187,"Actual Rows": 6249,"Actual Loops": 5,"Filter": "((l_shipmode = ANY ('{SHIP,TRUCK}'::bpchar[])) AND (l_commitdate < l_receiptdate) AND (l_shipdate < l_commitdate) AND (l_receiptdate >= '1995-01-01'::date) AND (l_receiptdate < '1996-01-01 00:00:00'::timestamp without time zone))","Rows Removed by Filter": 1193994,"Workers": []},{"Node Type": "Index Scan","Parent Relationship": "Inner","Parallel Aware": false,"Async Capable": false,"Scan Direction": "Forward","Index Name": "orders_pkey","Relation Name": "orders","Alias": "orders","Startup Cost": 0.43,"Total Cost": 3.55,"Plan Rows": 1,"Plan Width": 20,"Actual Startup Time": 0.005,"Actual Total Time": 0.005,"Actual Rows": 1,"Actual Loops": 31245,"Index Cond": "(o_orderkey = lineitem.l_orderkey)","Rows Removed by Index Recheck": 0,"Workers": []}]}]}]}]}]},"Planning Time": 4.630,"Triggers": [],"Execution Time": 431.339}]
[{"Plan": {"Node Type": "Aggregate","Strategy": "Sorted","Partial Mode": "Finalize","Parallel Aware": false,"Async Capable": false,"Startup Cost": 173828.04,"Total Cost": 173977.83,"Plan Rows": 7,"Plan Width": 27,"Actual Startup Time": 408.048,"Actual Total Time": 441.706,"Actual Rows": 2,"Actual Loops": 1,"Group Key": ["lineitem.l_shipmode"],"Plans": [{"Node Type": "Gather Merge","Parent Relationship": "Outer","Parallel Aware": false,"Async Capable": false,"Startup Cost": 173828.04,"Total Cost": 173977.55,"Plan Rows": 28,"Plan Width": 27,"Actual Startup Time": 407.198,"Actual Total Time": 441.665,"Actual Rows": 10,"Actual Loops": 1,"Workers Planned": 4,"Workers Launched": 4,"Plans": [{"Node Type": "Aggregate","Strategy": "Sorted","Partial Mode": "Partial","Parent Relationship": "Outer","Parallel Aware": false,"Async Capable": false,"Startup Cost": 172827.99,"Total Cost": 172974.16,"Plan Rows": 7,"Plan Width": 27,"Actual Startup Time": 398.186,"Actual Total Time": 398.921,"Actual Rows": 2,"Actual Loops": 5,"Group Key": ["lineitem.l_shipmode"],"Workers": [],"Plans": [{"Node Type": "Sort","Parent Relationship": "Outer","Parallel Aware": false,"Async Capable": false,"Startup Cost": 172827.99,"Total Cost": 172846.25,"Plan Rows": 7305,"Plan Width": 27,"Actual Startup Time": 397.412,"Actual Total Time": 397.674,"Actual Rows": 6195,"Actual Loops": 5,"Sort Key": ["lineitem.l_shipmode"],"Sort Method": "quicksort","Sort Space Used": 629,"Sort Space Type": "Memory","Workers": [{"Worker Number": 0,"Sort Method": "quicksort","Sort Space Used": 632,"Sort Space Type": "Memory"},{"Worker Number": 1,"Sort Method": "quicksort","Sort Space Used": 637,"Sort Space Type": "Memory"},{"Worker Number": 2,"Sort Method": "quicksort","Sort Space Used": 605,"Sort Space Type": "Memory"},{"Worker Number": 3,"Sort Method": "quicksort","Sort Space Used": 638,"Sort Space Type": "Memory"}],"Plans": [{"Node Type": "Nested Loop","Parent Relationship": "Outer","Parallel Aware": false,"Async Capable": false,"Join Type": "Inner","Startup Cost": 0.43,"Total Cost": 172359.20,"Plan Rows": 7305,"Plan Width": 27,"Actual Startup Time": 0.252,"Actual Total Time": 394.482,"Actual Rows": 6195,"Actual Loops": 5,"Inner Unique": true,"Workers": [],"Plans": [{"Node Type": "Seq Scan","Parent Relationship": "Outer","Parallel Aware": true,"Async Capable": false,"Relation Name": "lineitem","Alias": "lineitem","Startup Cost": 0.00,"Total Cost": 146259.83,"Plan Rows": 7305,"Plan Width": 15,"Actual Startup Time": 0.171,"Actual Total Time": 358.601,"Actual Rows": 6195,"Actual Loops": 5,"Filter": "((l_shipmode = ANY ('{TRUCK,AIR}'::bpchar[])) AND (l_commitdate < l_receiptdate) AND (l_shipdate < l_commitdate) AND (l_receiptdate >= '1993-01-01'::date) AND (l_receiptdate < '1994-01-01 00:00:00'::timestamp without time zone))","Rows Removed by Filter": 1194048,"Workers": []},{"Node Type": "Index Scan","Parent Relationship": "Inner","Parallel Aware": false,"Async Capable": false,"Scan Direction": "Forward","Index Name": "orders_pkey","Relation Name": "orders","Alias": "orders","Startup Cost": 0.43,"Total Cost": 3.57,"Plan Rows": 1,"Plan Width": 20,"Actual Startup Time": 0.005,"Actual Total Time": 0.005,"Actual Rows": 1,"Actual Loops": 30975,"Index Cond": "(o_orderkey = lineitem.l_orderkey)","Rows Removed by Index Recheck": 0,"Workers": []}]}]}]}]}]},"Planning Time": 3.871,"Triggers": [],"Execution Time": 442.405}]
[{"Plan": {"Node Type": "Aggregate","Strategy": "Sorted","Partial Mode": "Finalize","Parallel Aware": false,"Async Capable": false,"Startup Cost": 173571.57,"Total Cost": 173719.00,"Plan Rows": 7,"Plan Width": 27,"Actual Startup Time": 395.331,"Actual Total Time": 428.045,"Actual Rows": 2,"Actual Loops": 1,"Group Key": ["lineitem.l_shipmode"],"Plans": [{"Node Type": "Gather Merge","Parent Relationship": "Outer","Parallel Aware": false,"Async Capable": false,"Startup Cost": 173571.57,"Total Cost": 173718.72,"Plan Rows": 28,"Plan Width": 27,"Actual Startup Time": 394.445,"Actual Total Time": 427.998,"Actual Rows": 10,"Actual Loops": 1,"Workers Planned": 4,"Workers Launched": 4,"Plans": [{"Node Type": "Aggregate","Strategy": "Sorted","Partial Mode": "Partial","Parent Relationship": "Outer","Parallel Aware": false,"Async Capable": false,"Startup Cost": 172571.51,"Total Cost": 172715.32,"Plan Rows": 7,"Plan Width": 27,"Actual Startup Time": 386.074,"Actual Total Time": 386.809,"Actual Rows": 2,"Actual Loops": 5,"Group Key": ["lineitem.l_shipmode"],"Workers": [],"Plans": [{"Node Type": "Sort","Parent Relationship": "Outer","Parallel Aware": false,"Async Capable": false,"Startup Cost": 172571.51,"Total Cost": 172589.48,"Plan Rows": 7187,"Plan Width": 27,"Actual Startup Time": 385.315,"Actual Total Time": 385.567,"Actual Rows": 6255,"Actual Loops": 5,"Sort Key": ["lineitem.l_shipmode"],"Sort Method": "quicksort","Sort Space Used": 635,"Sort Space Type": "Memory","Workers": [{"Worker Number": 0,"Sort Method": "quicksort","Sort Space Used": 638,"Sort Space Type": "Memory"},{"Worker Number": 1,"Sort Method": "quicksort","Sort Space Used": 614,"Sort Space Type": "Memory"},{"Worker Number": 2,"Sort Method": "quicksort","Sort Space Used": 643,"Sort Space Type": "Memory"},{"Worker Number": 3,"Sort Method": "quicksort","Sort Space Used": 632,"Sort Space Type": "Memory"}],"Plans": [{"Node Type": "Nested Loop","Parent Relationship": "Outer","Parallel Aware": false,"Async Capable": false,"Join Type": "Inner","Startup Cost": 0.43,"Total Cost": 172111.14,"Plan Rows": 7187,"Plan Width": 27,"Actual Startup Time": 0.174,"Actual Total Time": 382.525,"Actual Rows": 6255,"Actual Loops": 5,"Inner Unique": true,"Workers": [],"Plans": [{"Node Type": "Seq Scan","Parent Relationship": "Outer","Parallel Aware": true,"Async Capable": false,"Relation Name": "lineitem","Alias": "lineitem","Startup Cost": 0.00,"Total Cost": 146259.83,"Plan Rows": 7187,"Plan Width": 15,"Actual Startup Time": 0.086,"Actual Total Time": 347.819,"Actual Rows": 6255,"Actual Loops": 5,"Filter": "((l_shipmode = ANY ('{\"REG AIR\",RAIL}'::bpchar[])) AND (l_commitdate < l_receiptdate) AND (l_shipdate < l_commitdate) AND (l_receiptdate >= '1997-01-01'::date) AND (l_receiptdate < '1998-01-01 00:00:00'::timestamp without time zone))","Rows Removed by Filter": 1193988,"Workers": []},{"Node Type": "Index Scan","Parent Relationship": "Inner","Parallel Aware": false,"Async Capable": false,"Scan Direction": "Forward","Index Name": "orders_pkey","Relation Name": "orders","Alias": "orders","Startup Cost": 0.43,"Total Cost": 3.60,"Plan Rows": 1,"Plan Width": 20,"Actual Startup Time": 0.005,"Actual Total Time": 0.005,"Actual Rows": 1,"Actual Loops": 31277,"Index Cond": "(o_orderkey = lineitem.l_orderkey)","Rows Removed by Index Recheck": 0,"Workers": []}]}]}]}]}]},"Planning Time": 4.878,"Triggers": [],"Execution Time": 428.470}]
[{"Plan": {"Node Type": "Aggregate","Strategy": "Sorted","Partial Mode": "Finalize","Parallel Aware": false,"Async Capable": false,"Startup Cost": 173932.15,"Total Cost": 174082.89,"Plan Rows": 7,"Plan Width": 27,"Actual Startup Time": 399.760,"Actual Total Time": 433.414,"Actual Rows": 2,"Actual Loops": 1,"Group Key": ["lineitem.l_shipmode"],"Plans": [{"Node Type": "Gather Merge","Parent Relationship": "Outer","Parallel Aware": false,"Async Capable": false,"Startup Cost": 173932.15,"Total Cost": 174082.61,"Plan Rows": 28,"Plan Width": 27,"Actual Startup Time": 398.892,"Actual Total Time": 433.358,"Actual Rows": 10,"Actual Loops": 1,"Workers Planned": 4,"Workers Launched": 4,"Plans": [{"Node Type": "Aggregate","Strategy": "Sorted","Partial Mode": "Partial","Parent Relationship": "Outer","Parallel Aware": false,"Async Capable": false,"Startup Cost": 172932.09,"Total Cost": 173079.22,"Plan Rows": 7,"Plan Width": 27,"Actual Startup Time": 390.819,"Actual Total Time": 391.549,"Actual Rows": 2,"Actual Loops": 5,"Group Key": ["lineitem.l_shipmode"],"Workers": [],"Plans": [{"Node Type": "Sort","Parent Relationship": "Outer","Parallel Aware": false,"Async Capable": false,"Startup Cost": 172932.09,"Total Cost": 172950.47,"Plan Rows": 7353,"Plan Width": 27,"Actual Startup Time": 390.055,"Actual Total Time": 390.305,"Actual Rows": 6260,"Actual Loops": 5,"Sort Key": ["lineitem.l_shipmode"],"Sort Method": "quicksort","Sort Space Used": 637,"Sort Space Type": "Memory","Workers": [{"Worker Number": 0,"Sort Method": "quicksort","Sort Space Used": 642,"Sort Space Type": "Memory"},{"Worker Number": 1,"Sort Method": "quicksort","Sort Space Used": 623,"Sort Space Type": "Memory"},{"Worker Number": 2,"Sort Method": "quicksort","Sort Space Used": 637,"Sort Space Type": "Memory"},{"Worker Number": 3,"Sort Method": "quicksort","Sort Space Used": 624,"Sort Space Type": "Memory"}],"Plans": [{"Node Type": "Nested Loop","Parent Relationship": "Outer","Parallel Aware": false,"Async Capable": false,"Join Type": "Inner","Startup Cost": 0.43,"Total Cost": 172459.87,"Plan Rows": 7353,"Plan Width": 27,"Actual Startup Time": 0.328,"Actual Total Time": 387.172,"Actual Rows": 6260,"Actual Loops": 5,"Inner Unique": true,"Workers": [],"Plans": [{"Node Type": "Seq Scan","Parent Relationship": "Outer","Parallel Aware": true,"Async Capable": false,"Relation Name": "lineitem","Alias": "lineitem","Startup Cost": 0.00,"Total Cost": 146259.83,"Plan Rows": 7353,"Plan Width": 15,"Actual Startup Time": 0.219,"Actual Total Time": 351.654,"Actual Rows": 6260,"Actual Loops": 5,"Filter": "((l_shipmode = ANY ('{AIR,\"REG AIR\"}'::bpchar[])) AND (l_commitdate < l_receiptdate) AND (l_shipdate < l_commitdate) AND (l_receiptdate >= '1995-01-01'::date) AND (l_receiptdate < '1996-01-01 00:00:00'::timestamp without time zone))","Rows Removed by Filter": 1193983,"Workers": []},{"Node Type": "Index Scan","Parent Relationship": "Inner","Parallel Aware": false,"Async Capable": false,"Scan Direction": "Forward","Index Name": "orders_pkey","Relation Name": "orders","Alias": "orders","Startup Cost": 0.43,"Total Cost": 3.56,"Plan Rows": 1,"Plan Width": 20,"Actual Startup Time": 0.005,"Actual Total Time": 0.005,"Actual Rows": 1,"Actual Loops": 31301,"Index Cond": "(o_orderkey = lineitem.l_orderkey)","Rows Removed by Index Recheck": 0,"Workers": []}]}]}]}]}]},"Planning Time": 3.990,"Triggers": [],"Execution Time": 433.945}]
[{"Plan": {"Node Type": "Aggregate","Strategy": "Sorted","Partial Mode": "Finalize","Parallel Aware": false,"Async Capable": false,"Startup Cost": 173525.96,"Total Cost": 173672.97,"Plan Rows": 7,"Plan Width": 27,"Actual Startup Time": 395.756,"Actual Total Time": 428.373,"Actual Rows": 2,"Actual Loops": 1,"Group Key": ["lineitem.l_shipmode"],"Plans": [{"Node Type": "Gather Merge","Parent Relationship": "Outer","Parallel Aware": false,"Async Capable": false,"Startup Cost": 173525.96,"Total Cost": 173672.69,"Plan Rows": 28,"Plan Width": 27,"Actual Startup Time": 394.890,"Actual Total Time": 428.338,"Actual Rows": 10,"Actual Loops": 1,"Workers Planned": 4,"Workers Launched": 4,"Plans": [{"Node Type": "Aggregate","Strategy": "Sorted","Partial Mode": "Partial","Parent Relationship": "Outer","Parallel Aware": false,"Async Capable": false,"Startup Cost": 172525.90,"Total Cost": 172669.29,"Plan Rows": 7,"Plan Width": 27,"Actual Startup Time": 386.260,"Actual Total Time": 386.985,"Actual Rows": 2,"Actual Loops": 5,"Group Key": ["lineitem.l_shipmode"],"Workers": [],"Plans": [{"Node Type": "Sort","Parent Relationship": "Outer","Parallel Aware": false,"Async Capable": false,"Startup Cost": 172525.90,"Total Cost": 172543.82,"Plan Rows": 7166,"Plan Width": 27,"Actual Startup Time": 385.508,"Actual Total Time": 385.753,"Actual Rows": 6234,"Actual Loops": 5,"Sort Key": ["lineitem.l_shipmode"],"Sort Method": "quicksort","Sort Space Used": 650,"Sort Space Type": "Memory","Workers": [{"Worker Number": 0,"Sort Method": "quicksort","Sort Space Used": 625,"Sort Space Type": "Memory"},{"Worker Number": 1,"Sort Method": "quicksort","Sort Space Used": 628,"Sort Space Type": "Memory"},{"Worker Number": 2,"Sort Method": "quicksort","Sort Space Used": 617,"Sort Space Type": "Memory"},{"Worker Number": 3,"Sort Method": "quicksort","Sort Space Used": 634,"Sort Space Type": "Memory"}],"Plans": [{"Node Type": "Nested Loop","Parent Relationship": "Outer","Parallel Aware": false,"Async Capable": false,"Join Type": "Inner","Startup Cost": 0.43,"Total Cost": 172067.03,"Plan Rows": 7166,"Plan Width": 27,"Actual Startup Time": 0.372,"Actual Total Time": 382.716,"Actual Rows": 6234,"Actual Loops": 5,"Inner Unique": true,"Workers": [],"Plans": [{"Node Type": "Seq Scan","Parent Relationship": "Outer","Parallel Aware": true,"Async Capable": false,"Relation Name": "lineitem","Alias": "lineitem","Startup Cost": 0.00,"Total Cost": 146259.83,"Plan Rows": 7166,"Plan Width": 15,"Actual Startup Time": 0.240,"Actual Total Time": 348.201,"Actual Rows": 6234,"Actual Loops": 5,"Filter": "((l_shipmode = ANY ('{AIR,\"REG AIR\"}'::bpchar[])) AND (l_commitdate < l_receiptdate) AND (l_shipdate < l_commitdate) AND (l_receiptdate >= '1996-01-01'::date) AND (l_receiptdate < '1997-01-01 00:00:00'::timestamp without time zone))","Rows Removed by Filter": 1194009,"Workers": []},{"Node Type": "Index Scan","Parent Relationship": "Inner","Parallel Aware": false,"Async Capable": false,"Scan Direction": "Forward","Index Name": "orders_pkey","Relation Name": "orders","Alias": "orders","Startup Cost": 0.43,"Total Cost": 3.60,"Plan Rows": 1,"Plan Width": 20,"Actual Startup Time": 0.005,"Actual Total Time": 0.005,"Actual Rows": 1,"Actual Loops": 31171,"Index Cond": "(o_orderkey = lineitem.l_orderkey)","Rows Removed by Index Recheck": 0,"Workers": []}]}]}]}]}]},"Planning Time": 4.349,"Triggers": [],"Execution Time": 428.896}]
[{"Plan": {"Node Type": "Aggregate","Strategy": "Sorted","Partial Mode": "Finalize","Parallel Aware": false,"Async Capable": false,"Startup Cost": 173469.49,"Total Cost": 173615.98,"Plan Rows": 7,"Plan Width": 27,"Actual Startup Time": 398.076,"Actual Total Time": 431.063,"Actual Rows": 2,"Actual Loops": 1,"Group Key": ["lineitem.l_shipmode"],"Plans": [{"Node Type": "Gather Merge","Parent Relationship": "Outer","Parallel Aware": false,"Async Capable": false,"Startup Cost": 173469.49,"Total Cost": 173615.70,"Plan Rows": 28,"Plan Width": 27,"Actual Startup Time": 397.217,"Actual Total Time": 431.025,"Actual Rows": 10,"Actual Loops": 1,"Workers Planned": 4,"Workers Launched": 4,"Plans": [{"Node Type": "Aggregate","Strategy": "Sorted","Partial Mode": "Partial","Parent Relationship": "Outer","Parallel Aware": false,"Async Capable": false,"Startup Cost": 172469.43,"Total Cost": 172612.30,"Plan Rows": 7,"Plan Width": 27,"Actual Startup Time": 388.995,"Actual Total Time": 389.724,"Actual Rows": 2,"Actual Loops": 5,"Group Key": ["lineitem.l_shipmode"],"Workers": [],"Plans": [{"Node Type": "Sort","Parent Relationship": "Outer","Parallel Aware": false,"Async Capable": false,"Startup Cost": 172469.43,"Total Cost": 172487.28,"Plan Rows": 7140,"Plan Width": 27,"Actual Startup Time": 388.238,"Actual Total Time": 388.494,"Actual Rows": 6198,"Actual Loops": 5,"Sort Key": ["lineitem.l_shipmode"],"Sort Method": "quicksort","Sort Space Used": 635,"Sort Space Type": "Memory","Workers": [{"Worker Number": 0,"Sort Method": "quicksort","Sort Space Used": 620,"Sort Space Type": "Memory"},{"Worker Number": 1,"Sort Method": "quicksort","Sort Space Used": 633,"Sort Space Type": "Memory"},{"Worker Number": 2,"Sort Method": "quicksort","Sort Space Used": 628,"Sort Space Type": "Memory"},{"Worker Number": 3,"Sort Method": "quicksort","Sort Space Used": 625,"Sort Space Type": "Memory"}],"Plans": [{"Node Type": "Nested Loop","Parent Relationship": "Outer","Parallel Aware": false,"Async Capable": false,"Join Type": "Inner","Startup Cost": 0.43,"Total Cost": 172012.41,"Plan Rows": 7140,"Plan Width": 27,"Actual Startup Time": 0.232,"Actual Total Time": 385.334,"Actual Rows": 6198,"Actual Loops": 5,"Inner Unique": true,"Workers": [],"Plans": [{"Node Type": "Seq Scan","Parent Relationship": "Outer","Parallel Aware": true,"Async Capable": false,"Relation Name": "lineitem","Alias": "lineitem","Startup Cost": 0.00,"Total Cost": 146259.83,"Plan Rows": 7140,"Plan Width": 15,"Actual Startup Time": 0.114,"Actual Total Time": 351.249,"Actual Rows": 6198,"Actual Loops": 5,"Filter": "((l_shipmode = ANY ('{MAIL,SHIP}'::bpchar[])) AND (l_commitdate < l_receiptdate) AND (l_shipdate < l_commitdate) AND (l_receiptdate >= '1994-01-01'::date) AND (l_receiptdate < '1995-01-01 00:00:00'::timestamp without time zone))","Rows Removed by Filter": 1194045,"Workers": []},{"Node Type": "Index Scan","Parent Relationship": "Inner","Parallel Aware": false,"Async Capable": false,"Scan Direction": "Forward","Index Name": "orders_pkey","Relation Name": "orders","Alias": "orders","Startup Cost": 0.43,"Total Cost": 3.61,"Plan Rows": 1,"Plan Width": 20,"Actual Startup Time": 0.005,"Actual Total Time": 0.005,"Actual Rows": 1,"Actual Loops": 30988,"Index Cond": "(o_orderkey = lineitem.l_orderkey)","Rows Removed by Index Recheck": 0,"Workers": []}]}]}]}]}]},"Planning Time": 4.368,"Triggers": [],"Execution Time": 431.623}]
[{"Plan": {"Node Type": "Aggregate","Strategy": "Sorted","Partial Mode": "Finalize","Parallel Aware": false,"Async Capable": false,"Startup Cost": 173637.01,"Total Cost": 173785.03,"Plan Rows": 7,"Plan Width": 27,"Actual Startup Time": 393.842,"Actual Total Time": 425.639,"Actual Rows": 2,"Actual Loops": 1,"Group Key": ["lineitem.l_shipmode"],"Plans": [{"Node Type": "Gather Merge","Parent Relationship": "Outer","Parallel Aware": false,"Async Capable": false,"Startup Cost": 173637.01,"Total Cost": 173784.75,"Plan Rows": 28,"Plan Width": 27,"Actual Startup Time": 392.970,"Actual Total Time": 425.611,"Actual Rows": 10,"Actual Loops": 1,"Workers Planned": 4,"Workers Launched": 4,"Plans": [{"Node Type": "Aggregate","Strategy": "Sorted","Partial Mode": "Partial","Parent Relationship": "Outer","Parallel Aware": false,"Async Capable": false,"Startup Cost": 172636.95,"Total Cost": 172781.36,"Plan Rows": 7,"Plan Width": 27,"Actual Startup Time": 384.833,"Actual Total Time": 385.571,"Actual Rows": 2,"Actual Loops": 5,"Group Key": ["lineitem.l_shipmode"],"Workers": [],"Plans": [{"Node Type": "Sort","Parent Relationship": "Outer","Parallel Aware": false,"Async Capable": false,"Startup Cost": 172636.95,"Total Cost": 172654.99,"Plan Rows": 7217,"Plan Width": 27,"Actual Startup Time": 384.077,"Actual Total Time": 384.326,"Actual Rows": 6247,"Actual Loops": 5,"Sort Key": ["lineitem.l_shipmode"],"Sort Method": "quicksort","Sort Space Used": 638,"Sort Space Type": "Memory","Workers": [{"Worker Number": 0,"Sort Method": "quicksort","Sort Space Used": 631,"Sort Space Type": "Memory"},{"Worker Number": 1,"Sort Method": "quicksort","Sort Space Used": 628,"Sort Space Type": "Memory"},{"Worker Number": 2,"Sort Method": "quicksort","Sort Space Used": 627,"Sort Space Type": "Memory"},{"Worker Number": 3,"Sort Method": "quicksort","Sort Space Used": 635,"Sort Space Type": "Memory"}],"Plans": [{"Node Type": "Nested Loop","Parent Relationship": "Outer","Parallel Aware": false,"Async Capable": false,"Join Type": "Inner","Startup Cost": 0.43,"Total Cost": 172174.44,"Plan Rows": 7217,"Plan Width": 27,"Actual Startup Time": 0.315,"Actual Total Time": 381.267,"Actual Rows": 6247,"Actual Loops": 5,"Inner Unique": true,"Workers": [],"Plans": [{"Node Type": "Seq Scan","Parent Relationship": "Outer","Parallel Aware": true,"Async Capable": false,"Relation Name": "lineitem","Alias": "lineitem","Startup Cost": 0.00,"Total Cost": 146259.83,"Plan Rows": 7217,"Plan Width": 15,"Actual Startup Time": 0.222,"Actual Total Time": 347.086,"Actual Rows": 6247,"Actual Loops": 5,"Filter": "((l_shipmode = ANY ('{AIR,TRUCK}'::bpchar[])) AND (l_commitdate < l_receiptdate) AND (l_shipdate < l_commitdate) AND (l_receiptdate >= '1996-01-01'::date) AND (l_receiptdate < '1997-01-01 00:00:00'::timestamp without time zone))","Rows Removed by Filter": 1193996,"Workers": []},{"Node Type": "Index Scan","Parent Relationship": "Inner","Parallel Aware": false,"Async Capable": false,"Scan Direction": "Forward","Index Name": "orders_pkey","Relation Name": "orders","Alias": "orders","Startup Cost": 0.43,"Total Cost": 3.59,"Plan Rows": 1,"Plan Width": 20,"Actual Startup Time": 0.005,"Actual Total Time": 0.005,"Actual Rows": 1,"Actual Loops": 31235,"Index Cond": "(o_orderkey = lineitem.l_orderkey)","Rows Removed by Index Recheck": 0,"Workers": []}]}]}]}]}]},"Planning Time": 4.659,"Triggers": [],"Execution Time": 426.066}]
[{"Plan": {"Node Type": "Aggregate","Strategy": "Sorted","Partial Mode": "Finalize","Parallel Aware": false,"Async Capable": false,"Startup Cost": 173469.49,"Total Cost": 173615.98,"Plan Rows": 7,"Plan Width": 27,"Actual Startup Time": 402.241,"Actual Total Time": 436.650,"Actual Rows": 2,"Actual Loops": 1,"Group Key": ["lineitem.l_shipmode"],"Plans": [{"Node Type": "Gather Merge","Parent Relationship": "Outer","Parallel Aware": false,"Async Capable": false,"Startup Cost": 173469.49,"Total Cost": 173615.70,"Plan Rows": 28,"Plan Width": 27,"Actual Startup Time": 401.378,"Actual Total Time": 436.616,"Actual Rows": 10,"Actual Loops": 1,"Workers Planned": 4,"Workers Launched": 4,"Plans": [{"Node Type": "Aggregate","Strategy": "Sorted","Partial Mode": "Partial","Parent Relationship": "Outer","Parallel Aware": false,"Async Capable": false,"Startup Cost": 172469.43,"Total Cost": 172612.30,"Plan Rows": 7,"Plan Width": 27,"Actual Startup Time": 392.971,"Actual Total Time": 393.711,"Actual Rows": 2,"Actual Loops": 5,"Group Key": ["lineitem.l_shipmode"],"Workers": [],"Plans": [{"Node Type": "Sort","Parent Relationship": "Outer","Parallel Aware": false,"Async Capable": false,"Startup Cost": 172469.43,"Total Cost": 172487.28,"Plan Rows": 7140,"Plan Width": 27,"Actual Startup Time": 392.227,"Actual Total Time": 392.472,"Actual Rows": 6198,"Actual Loops": 5,"Sort Key": ["lineitem.l_shipmode"],"Sort Method": "quicksort","Sort Space Used": 643,"Sort Space Type": "Memory","Workers": [{"Worker Number": 0,"Sort Method": "quicksort","Sort Space Used": 633,"Sort Space Type": "Memory"},{"Worker Number": 1,"Sort Method": "quicksort","Sort Space Used": 615,"Sort Space Type": "Memory"},{"Worker Number": 2,"Sort Method": "quicksort","Sort Space Used": 635,"Sort Space Type": "Memory"},{"Worker Number": 3,"Sort Method": "quicksort","Sort Space Used": 615,"Sort Space Type": "Memory"}],"Plans": [{"Node Type": "Nested Loop","Parent Relationship": "Outer","Parallel Aware": false,"Async Capable": false,"Join Type": "Inner","Startup Cost": 0.43,"Total Cost": 172012.41,"Plan Rows": 7140,"Plan Width": 27,"Actual Startup Time": 0.338,"Actual Total Time": 389.296,"Actual Rows": 6198,"Actual Loops": 5,"Inner Unique": true,"Workers": [],"Plans": [{"Node Type": "Seq Scan","Parent Relationship": "Outer","Parallel Aware": true,"Async Capable": false,"Relation Name": "lineitem","Alias": "lineitem","Startup Cost": 0.00,"Total Cost": 146259.83,"Plan Rows": 7140,"Plan Width": 15,"Actual Startup Time": 0.194,"Actual Total Time": 354.223,"Actual Rows": 6198,"Actual Loops": 5,"Filter": "((l_shipmode = ANY ('{SHIP,MAIL}'::bpchar[])) AND (l_commitdate < l_receiptdate) AND (l_shipdate < l_commitdate) AND (l_receiptdate >= '1994-01-01'::date) AND (l_receiptdate < '1995-01-01 00:00:00'::timestamp without time zone))","Rows Removed by Filter": 1194045,"Workers": []},{"Node Type": "Index Scan","Parent Relationship": "Inner","Parallel Aware": false,"Async Capable": false,"Scan Direction": "Forward","Index Name": "orders_pkey","Relation Name": "orders","Alias": "orders","Startup Cost": 0.43,"Total Cost": 3.61,"Plan Rows": 1,"Plan Width": 20,"Actual Startup Time": 0.005,"Actual Total Time": 0.005,"Actual Rows": 1,"Actual Loops": 30988,"Index Cond": "(o_orderkey = lineitem.l_orderkey)","Rows Removed by Index Recheck": 0,"Workers": []}]}]}]}]}]},"Planning Time": 3.975,"Triggers": [],"Execution Time": 437.106}]
[{"Plan": {"Node Type": "Aggregate","Strategy": "Sorted","Partial Mode": "Finalize","Parallel Aware": false,"Async Capable": false,"Startup Cost": 173511.10,"Total Cost": 173657.96,"Plan Rows": 7,"Plan Width": 27,"Actual Startup Time": 399.343,"Actual Total Time": 433.150,"Actual Rows": 2,"Actual Loops": 1,"Group Key": ["lineitem.l_shipmode"],"Plans": [{"Node Type": "Gather Merge","Parent Relationship": "Outer","Parallel Aware": false,"Async Capable": false,"Startup Cost": 173511.10,"Total Cost": 173657.68,"Plan Rows": 28,"Plan Width": 27,"Actual Startup Time": 398.363,"Actual Total Time": 433.102,"Actual Rows": 10,"Actual Loops": 1,"Workers Planned": 4,"Workers Launched": 4,"Plans": [{"Node Type": "Aggregate","Strategy": "Sorted","Partial Mode": "Partial","Parent Relationship": "Outer","Parallel Aware": false,"Async Capable": false,"Startup Cost": 172511.04,"Total Cost": 172654.29,"Plan Rows": 7,"Plan Width": 27,"Actual Startup Time": 389.719,"Actual Total Time": 390.493,"Actual Rows": 2,"Actual Loops": 5,"Group Key": ["lineitem.l_shipmode"],"Workers": [],"Plans": [{"Node Type": "Sort","Parent Relationship": "Outer","Parallel Aware": false,"Async Capable": false,"Startup Cost": 172511.04,"Total Cost": 172528.94,"Plan Rows": 7159,"Plan Width": 27,"Actual Startup Time": 388.971,"Actual Total Time": 389.235,"Actual Rows": 6233,"Actual Loops": 5,"Sort Key": ["lineitem.l_shipmode"],"Sort Method": "quicksort","Sort Space Used": 630,"Sort Space Type": "Memory","Workers": [{"Worker Number": 0,"Sort Method": "quicksort","Sort Space Used": 640,"Sort Space Type": "Memory"},{"Worker Number": 1,"Sort Method": "quicksort","Sort Space Used": 633,"Sort Space Type": "Memory"},{"Worker Number": 2,"Sort Method": "quicksort","Sort Space Used": 615,"Sort Space Type": "Memory"},{"Worker Number": 3,"Sort Method": "quicksort","Sort Space Used": 636,"Sort Space Type": "Memory"}],"Plans": [{"Node Type": "Nested Loop","Parent Relationship": "Outer","Parallel Aware": false,"Async Capable": false,"Join Type": "Inner","Startup Cost": 0.43,"Total Cost": 172052.66,"Plan Rows": 7159,"Plan Width": 27,"Actual Startup Time": 0.561,"Actual Total Time": 386.164,"Actual Rows": 6233,"Actual Loops": 5,"Inner Unique": true,"Workers": [],"Plans": [{"Node Type": "Seq Scan","Parent Relationship": "Outer","Parallel Aware": true,"Async Capable": false,"Relation Name": "lineitem","Alias": "lineitem","Startup Cost": 0.00,"Total Cost": 146259.83,"Plan Rows": 7159,"Plan Width": 15,"Actual Startup Time": 0.439,"Actual Total Time": 351.248,"Actual Rows": 6233,"Actual Loops": 5,"Filter": "((l_shipmode = ANY ('{SHIP,AIR}'::bpchar[])) AND (l_commitdate < l_receiptdate) AND (l_shipdate < l_commitdate) AND (l_receiptdate >= '1997-01-01'::date) AND (l_receiptdate < '1998-01-01 00:00:00'::timestamp without time zone))","Rows Removed by Filter": 1194010,"Workers": []},{"Node Type": "Index Scan","Parent Relationship": "Inner","Parallel Aware": false,"Async Capable": false,"Scan Direction": "Forward","Index Name": "orders_pkey","Relation Name": "orders","Alias": "orders","Startup Cost": 0.43,"Total Cost": 3.60,"Plan Rows": 1,"Plan Width": 20,"Actual Startup Time": 0.005,"Actual Total Time": 0.005,"Actual Rows": 1,"Actual Loops": 31165,"Index Cond": "(o_orderkey = lineitem.l_orderkey)","Rows Removed by Index Recheck": 0,"Workers": []}]}]}]}]}]},"Planning Time": 4.079,"Triggers": [],"Execution Time": 433.548}]
[{"Plan": {"Node Type": "Aggregate","Strategy": "Sorted","Partial Mode": "Finalize","Parallel Aware": false,"Async Capable": false,"Startup Cost": 173700.13,"Total Cost": 173848.74,"Plan Rows": 7,"Plan Width": 27,"Actual Startup Time": 396.351,"Actual Total Time": 430.582,"Actual Rows": 2,"Actual Loops": 1,"Group Key": ["lineitem.l_shipmode"],"Plans": [{"Node Type": "Gather Merge","Parent Relationship": "Outer","Parallel Aware": false,"Async Capable": false,"Startup Cost": 173700.13,"Total Cost": 173848.46,"Plan Rows": 28,"Plan Width": 27,"Actual Startup Time": 395.548,"Actual Total Time": 430.542,"Actual Rows": 10,"Actual Loops": 1,"Workers Planned": 4,"Workers Launched": 4,"Plans": [{"Node Type": "Aggregate","Strategy": "Sorted","Partial Mode": "Partial","Parent Relationship": "Outer","Parallel Aware": false,"Async Capable": false,"Startup Cost": 172700.07,"Total Cost": 172845.06,"Plan Rows": 7,"Plan Width": 27,"Actual Startup Time": 387.335,"Actual Total Time": 388.081,"Actual Rows": 2,"Actual Loops": 5,"Group Key": ["lineitem.l_shipmode"],"Workers": [],"Plans": [{"Node Type": "Sort","Parent Relationship": "Outer","Parallel Aware": false,"Async Capable": false,"Startup Cost": 172700.07,"Total Cost": 172718.19,"Plan Rows": 7246,"Plan Width": 27,"Actual Startup Time": 386.588,"Actual Total Time": 386.843,"Actual Rows": 6217,"Actual Loops": 5,"Sort Key": ["lineitem.l_shipmode"],"Sort Method": "quicksort","Sort Space Used": 640,"Sort Space Type": "Memory","Workers": [{"Worker Number": 0,"Sort Method": "quicksort","Sort Space Used": 622,"Sort Space Type": "Memory"},{"Worker Number": 1,"Sort Method": "quicksort","Sort Space Used": 630,"Sort Space Type": "Memory"},{"Worker Number": 2,"Sort Method": "quicksort","Sort Space Used": 634,"Sort Space Type": "Memory"},{"Worker Number": 3,"Sort Method": "quicksort","Sort Space Used": 622,"Sort Space Type": "Memory"}],"Plans": [{"Node Type": "Nested Loop","Parent Relationship": "Outer","Parallel Aware": false,"Async Capable": false,"Join Type": "Inner","Startup Cost": 0.43,"Total Cost": 172235.50,"Plan Rows": 7246,"Plan Width": 27,"Actual Startup Time": 0.339,"Actual Total Time": 383.711,"Actual Rows": 6217,"Actual Loops": 5,"Inner Unique": true,"Workers": [],"Plans": [{"Node Type": "Seq Scan","Parent Relationship": "Outer","Parallel Aware": true,"Async Capable": false,"Relation Name": "lineitem","Alias": "lineitem","Startup Cost": 0.00,"Total Cost": 146259.83,"Plan Rows": 7246,"Plan Width": 15,"Actual Startup Time": 0.226,"Actual Total Time": 348.234,"Actual Rows": 6217,"Actual Loops": 5,"Filter": "((l_shipmode = ANY ('{\"REG AIR\",SHIP}'::bpchar[])) AND (l_commitdate < l_receiptdate) AND (l_shipdate < l_commitdate) AND (l_receiptdate >= '1993-01-01'::date) AND (l_receiptdate < '1994-01-01 00:00:00'::timestamp without time zone))","Rows Removed by Filter": 1194026,"Workers": []},{"Node Type": "Index Scan","Parent Relationship": "Inner","Parallel Aware": false,"Async Capable": false,"Scan Direction": "Forward","Index Name": "orders_pkey","Relation Name": "orders","Alias": "orders","Startup Cost": 0.43,"Total Cost": 3.58,"Plan Rows": 1,"Plan Width": 20,"Actual Startup Time": 0.005,"Actual Total Time": 0.005,"Actual Rows": 1,"Actual Loops": 31083,"Index Cond": "(o_orderkey = lineitem.l_orderkey)","Rows Removed by Index Recheck": 0,"Workers": []}]}]}]}]}]},"Planning Time": 4.853,"Triggers": [],"Execution Time": 431.195}]
[{"Plan": {"Node Type": "Aggregate","Strategy": "Sorted","Partial Mode": "Finalize","Parallel Aware": false,"Async Capable": false,"Startup Cost": 173583.35,"Total Cost": 173730.87,"Plan Rows": 7,"Plan Width": 27,"Actual Startup Time": 405.257,"Actual Total Time": 439.575,"Actual Rows": 2,"Actual Loops": 1,"Group Key": ["lineitem.l_shipmode"],"Plans": [{"Node Type": "Gather Merge","Parent Relationship": "Outer","Parallel Aware": false,"Async Capable": false,"Startup Cost": 173583.35,"Total Cost": 173730.59,"Plan Rows": 28,"Plan Width": 27,"Actual Startup Time": 404.428,"Actual Total Time": 439.541,"Actual Rows": 10,"Actual Loops": 1,"Workers Planned": 4,"Workers Launched": 4,"Plans": [{"Node Type": "Aggregate","Strategy": "Sorted","Partial Mode": "Partial","Parent Relationship": "Outer","Parallel Aware": false,"Async Capable": false,"Startup Cost": 172583.29,"Total Cost": 172727.20,"Plan Rows": 7,"Plan Width": 27,"Actual Startup Time": 395.542,"Actual Total Time": 396.308,"Actual Rows": 2,"Actual Loops": 5,"Group Key": ["lineitem.l_shipmode"],"Workers": [],"Plans": [{"Node Type": "Sort","Parent Relationship": "Outer","Parallel Aware": false,"Async Capable": false,"Startup Cost": 172583.29,"Total Cost": 172601.27,"Plan Rows": 7192,"Plan Width": 27,"Actual Startup Time": 394.796,"Actual Total Time": 395.048,"Actual Rows": 6189,"Actual Loops": 5,"Sort Key": ["lineitem.l_shipmode"],"Sort Method": "quicksort","Sort Space Used": 633,"Sort Space Type": "Memory","Workers": [{"Worker Number": 0,"Sort Method": "quicksort","Sort Space Used": 605,"Sort Space Type": "Memory"},{"Worker Number": 1,"Sort Method": "quicksort","Sort Space Used": 641,"Sort Space Type": "Memory"},{"Worker Number": 2,"Sort Method": "quicksort","Sort Space Used": 632,"Sort Space Type": "Memory"},{"Worker Number": 3,"Sort Method": "quicksort","Sort Space Used": 629,"Sort Space Type": "Memory"}],"Plans": [{"Node Type": "Nested Loop","Parent Relationship": "Outer","Parallel Aware": false,"Async Capable": false,"Join Type": "Inner","Startup Cost": 0.43,"Total Cost": 172122.57,"Plan Rows": 7192,"Plan Width": 27,"Actual Startup Time": 0.219,"Actual Total Time": 391.888,"Actual Rows": 6189,"Actual Loops": 5,"Inner Unique": true,"Workers": [],"Plans": [{"Node Type": "Seq Scan","Parent Relationship": "Outer","Parallel Aware": true,"Async Capable": false,"Relation Name": "lineitem","Alias": "lineitem","Startup Cost": 0.00,"Total Cost": 146259.83,"Plan Rows": 7192,"Plan Width": 15,"Actual Startup Time": 0.086,"Actual Total Time": 355.942,"Actual Rows": 6189,"Actual Loops": 5,"Filter": "((l_shipmode = ANY ('{TRUCK,MAIL}'::bpchar[])) AND (l_commitdate < l_receiptdate) AND (l_shipdate < l_commitdate) AND (l_receiptdate >= '1994-01-01'::date) AND (l_receiptdate < '1995-01-01 00:00:00'::timestamp without time zone))","Rows Removed by Filter": 1194054,"Workers": []},{"Node Type": "Index Scan","Parent Relationship": "Inner","Parallel Aware": false,"Async Capable": false,"Scan Direction": "Forward","Index Name": "orders_pkey","Relation Name": "orders","Alias": "orders","Startup Cost": 0.43,"Total Cost": 3.60,"Plan Rows": 1,"Plan Width": 20,"Actual Startup Time": 0.005,"Actual Total Time": 0.005,"Actual Rows": 1,"Actual Loops": 30947,"Index Cond": "(o_orderkey = lineitem.l_orderkey)","Rows Removed by Index Recheck": 0,"Workers": []}]}]}]}]}]},"Planning Time": 4.456,"Triggers": [],"Execution Time": 440.137}]
[{"Plan": {"Node Type": "Aggregate","Strategy": "Sorted","Partial Mode": "Finalize","Parallel Aware": false,"Async Capable": false,"Startup Cost": 173702.24,"Total Cost": 173850.86,"Plan Rows": 7,"Plan Width": 27,"Actual Startup Time": 404.913,"Actual Total Time": 437.198,"Actual Rows": 2,"Actual Loops": 1,"Group Key": ["lineitem.l_shipmode"],"Plans": [{"Node Type": "Gather Merge","Parent Relationship": "Outer","Parallel Aware": false,"Async Capable": false,"Startup Cost": 173702.24,"Total Cost": 173850.58,"Plan Rows": 28,"Plan Width": 27,"Actual Startup Time": 404.024,"Actual Total Time": 437.169,"Actual Rows": 10,"Actual Loops": 1,"Workers Planned": 4,"Workers Launched": 4,"Plans": [{"Node Type": "Aggregate","Strategy": "Sorted","Partial Mode": "Partial","Parent Relationship": "Outer","Parallel Aware": false,"Async Capable": false,"Startup Cost": 172702.18,"Total Cost": 172847.19,"Plan Rows": 7,"Plan Width": 27,"Actual Startup Time": 395.987,"Actual Total Time": 396.731,"Actual Rows": 2,"Actual Loops": 5,"Group Key": ["lineitem.l_shipmode"],"Workers": [],"Plans": [{"Node Type": "Sort","Parent Relationship": "Outer","Parallel Aware": false,"Async Capable": false,"Startup Cost": 172702.18,"Total Cost": 172720.30,"Plan Rows": 7247,"Plan Width": 27,"Actual Startup Time": 395.232,"Actual Total Time": 395.485,"Actual Rows": 6286,"Actual Loops": 5,"Sort Key": ["lineitem.l_shipmode"],"Sort Method": "quicksort","Sort Space Used": 648,"Sort Space Type": "Memory","Workers": [{"Worker Number": 0,"Sort Method": "quicksort","Sort Space Used": 638,"Sort Space Type": "Memory"},{"Worker Number": 1,"Sort Method": "quicksort","Sort Space Used": 620,"Sort Space Type": "Memory"},{"Worker Number": 2,"Sort Method": "quicksort","Sort Space Used": 639,"Sort Space Type": "Memory"},{"Worker Number": 3,"Sort Method": "quicksort","Sort Space Used": 627,"Sort Space Type": "Memory"}],"Plans": [{"Node Type": "Nested Loop","Parent Relationship": "Outer","Parallel Aware": false,"Async Capable": false,"Join Type": "Inner","Startup Cost": 0.43,"Total Cost": 172237.53,"Plan Rows": 7247,"Plan Width": 27,"Actual Startup Time": 0.400,"Actual Total Time": 392.301,"Actual Rows": 6286,"Actual Loops": 5,"Inner Unique": true,"Workers": [],"Plans": [{"Node Type": "Seq Scan","Parent Relationship": "Outer","Parallel Aware": true,"Async Capable": false,"Relation Name": "lineitem","Alias": "lineitem","Startup Cost": 0.00,"Total Cost": 146259.83,"Plan Rows": 7247,"Plan Width": 15,"Actual Startup Time": 0.277,"Actual Total Time": 356.522,"Actual Rows": 6286,"Actual Loops": 5,"Filter": "((l_shipmode = ANY ('{MAIL,RAIL}'::bpchar[])) AND (l_commitdate < l_receiptdate) AND (l_shipdate < l_commitdate) AND (l_receiptdate >= '1997-01-01'::date) AND (l_receiptdate < '1998-01-01 00:00:00'::timestamp without time zone))","Rows Removed by Filter": 1193957,"Workers": []},{"Node Type": "Index Scan","Parent Relationship": "Inner","Parallel Aware": false,"Async Capable": false,"Scan Direction": "Forward","Index Name": "orders_pkey","Relation Name": "orders","Alias": "orders","Startup Cost": 0.43,"Total Cost": 3.58,"Plan Rows": 1,"Plan Width": 20,"Actual Startup Time": 0.005,"Actual Total Time": 0.005,"Actual Rows": 1,"Actual Loops": 31428,"Index Cond": "(o_orderkey = lineitem.l_orderkey)","Rows Removed by Index Recheck": 0,"Workers": []}]}]}]}]}]},"Planning Time": 4.094,"Triggers": [],"Execution Time": 437.643}]
[{"Plan": {"Node Type": "Aggregate","Strategy": "Sorted","Partial Mode": "Finalize","Parallel Aware": false,"Async Capable": false,"Startup Cost": 173569.56,"Total Cost": 173716.96,"Plan Rows": 7,"Plan Width": 27,"Actual Startup Time": 401.530,"Actual Total Time": 434.343,"Actual Rows": 2,"Actual Loops": 1,"Group Key": ["lineitem.l_shipmode"],"Plans": [{"Node Type": "Gather Merge","Parent Relationship": "Outer","Parallel Aware": false,"Async Capable": false,"Startup Cost": 173569.56,"Total Cost": 173716.68,"Plan Rows": 28,"Plan Width": 27,"Actual Startup Time": 400.709,"Actual Total Time": 434.287,"Actual Rows": 10,"Actual Loops": 1,"Workers Planned": 4,"Workers Launched": 4,"Plans": [{"Node Type": "Aggregate","Strategy": "Sorted","Partial Mode": "Partial","Parent Relationship": "Outer","Parallel Aware": false,"Async Capable": false,"Startup Cost": 172569.50,"Total Cost": 172713.29,"Plan Rows": 7,"Plan Width": 27,"Actual Startup Time": 392.548,"Actual Total Time": 393.282,"Actual Rows": 2,"Actual Loops": 5,"Group Key": ["lineitem.l_shipmode"],"Workers": [],"Plans": [{"Node Type": "Sort","Parent Relationship": "Outer","Parallel Aware": false,"Async Capable": false,"Startup Cost": 172569.50,"Total Cost": 172587.46,"Plan Rows": 7186,"Plan Width": 27,"Actual Startup Time": 391.791,"Actual Total Time": 392.032,"Actual Rows": 6263,"Actual Loops": 5,"Sort Key": ["lineitem.l_shipmode"],"Sort Method": "quicksort","Sort Space Used": 640,"Sort Space Type": "Memory","Workers": [{"Worker Number": 0,"Sort Method": "quicksort","Sort Space Used": 635,"Sort Space Type": "Memory"},{"Worker Number": 1,"Sort Method": "quicksort","Sort Space Used": 631,"Sort Space Type": "Memory"},{"Worker Number": 2,"Sort Method": "quicksort","Sort Space Used": 632,"Sort Space Type": "Memory"},{"Worker Number": 3,"Sort Method": "quicksort","Sort Space Used": 626,"Sort Space Type": "Memory"}],"Plans": [{"Node Type": "Nested Loop","Parent Relationship": "Outer","Parallel Aware": false,"Async Capable": false,"Join Type": "Inner","Startup Cost": 0.43,"Total Cost": 172109.20,"Plan Rows": 7186,"Plan Width": 27,"Actual Startup Time": 0.353,"Actual Total Time": 388.904,"Actual Rows": 6263,"Actual Loops": 5,"Inner Unique": true,"Workers": [],"Plans": [{"Node Type": "Seq Scan","Parent Relationship": "Outer","Parallel Aware": true,"Async Capable": false,"Relation Name": "lineitem","Alias": "lineitem","Startup Cost": 0.00,"Total Cost": 146259.83,"Plan Rows": 7186,"Plan Width": 15,"Actual Startup Time": 0.230,"Actual Total Time": 353.450,"Actual Rows": 6263,"Actual Loops": 5,"Filter": "((l_shipmode = ANY ('{RAIL,SHIP}'::bpchar[])) AND (l_commitdate < l_receiptdate) AND (l_shipdate < l_commitdate) AND (l_receiptdate >= '1997-01-01'::date) AND (l_receiptdate < '1998-01-01 00:00:00'::timestamp without time zone))","Rows Removed by Filter": 1193980,"Workers": []},{"Node Type": "Index Scan","Parent Relationship": "Inner","Parallel Aware": false,"Async Capable": false,"Scan Direction": "Forward","Index Name": "orders_pkey","Relation Name": "orders","Alias": "orders","Startup Cost": 0.43,"Total Cost": 3.60,"Plan Rows": 1,"Plan Width": 20,"Actual Startup Time": 0.005,"Actual Total Time": 0.005,"Actual Rows": 1,"Actual Loops": 31317,"Index Cond": "(o_orderkey = lineitem.l_orderkey)","Rows Removed by Index Recheck": 0,"Workers": []}]}]}]}]}]},"Planning Time": 5.442,"Triggers": [],"Execution Time": 434.735}]
[{"Plan": {"Node Type": "Aggregate","Strategy": "Sorted","Partial Mode": "Finalize","Parallel Aware": false,"Async Capable": false,"Startup Cost": 173991.55,"Total Cost": 174142.86,"Plan Rows": 7,"Plan Width": 27,"Actual Startup Time": 400.298,"Actual Total Time": 434.770,"Actual Rows": 2,"Actual Loops": 1,"Group Key": ["lineitem.l_shipmode"],"Plans": [{"Node Type": "Gather Merge","Parent Relationship": "Outer","Parallel Aware": false,"Async Capable": false,"Startup Cost": 173991.55,"Total Cost": 174142.58,"Plan Rows": 28,"Plan Width": 27,"Actual Startup Time": 399.509,"Actual Total Time": 434.718,"Actual Rows": 10,"Actual Loops": 1,"Workers Planned": 4,"Workers Launched": 4,"Plans": [{"Node Type": "Aggregate","Strategy": "Sorted","Partial Mode": "Partial","Parent Relationship": "Outer","Parallel Aware": false,"Async Capable": false,"Startup Cost": 172991.49,"Total Cost": 173139.18,"Plan Rows": 7,"Plan Width": 27,"Actual Startup Time": 390.705,"Actual Total Time": 391.454,"Actual Rows": 2,"Actual Loops": 5,"Group Key": ["lineitem.l_shipmode"],"Workers": [],"Plans": [{"Node Type": "Sort","Parent Relationship": "Outer","Parallel Aware": false,"Async Capable": false,"Startup Cost": 172991.49,"Total Cost": 173009.95,"Plan Rows": 7381,"Plan Width": 27,"Actual Startup Time": 389.948,"Actual Total Time": 390.202,"Actual Rows": 6222,"Actual Loops": 5,"Sort Key": ["lineitem.l_shipmode"],"Sort Method": "quicksort","Sort Space Used": 630,"Sort Space Type": "Memory","Workers": [{"Worker Number": 0,"Sort Method": "quicksort","Sort Space Used": 631,"Sort Space Type": "Memory"},{"Worker Number": 1,"Sort Method": "quicksort","Sort Space Used": 629,"Sort Space Type": "Memory"},{"Worker Number": 2,"Sort Method": "quicksort","Sort Space Used": 624,"Sort Space Type": "Memory"},{"Worker Number": 3,"Sort Method": "quicksort","Sort Space Used": 636,"Sort Space Type": "Memory"}],"Plans": [{"Node Type": "Nested Loop","Parent Relationship": "Outer","Parallel Aware": false,"Async Capable": false,"Join Type": "Inner","Startup Cost": 0.43,"Total Cost": 172517.28,"Plan Rows": 7381,"Plan Width": 27,"Actual Startup Time": 0.358,"Actual Total Time": 386.985,"Actual Rows": 6222,"Actual Loops": 5,"Inner Unique": true,"Workers": [],"Plans": [{"Node Type": "Seq Scan","Parent Relationship": "Outer","Parallel Aware": true,"Async Capable": false,"Relation Name": "lineitem","Alias": "lineitem","Startup Cost": 0.00,"Total Cost": 146259.83,"Plan Rows": 7381,"Plan Width": 15,"Actual Startup Time": 0.239,"Actual Total Time": 351.628,"Actual Rows": 6222,"Actual Loops": 5,"Filter": "((l_shipmode = ANY ('{FOB,MAIL}'::bpchar[])) AND (l_commitdate < l_receiptdate) AND (l_shipdate < l_commitdate) AND (l_receiptdate >= '1993-01-01'::date) AND (l_receiptdate < '1994-01-01 00:00:00'::timestamp without time zone))","Rows Removed by Filter": 1194021,"Workers": []},{"Node Type": "Index Scan","Parent Relationship": "Inner","Parallel Aware": false,"Async Capable": false,"Scan Direction": "Forward","Index Name": "orders_pkey","Relation Name": "orders","Alias": "orders","Startup Cost": 0.43,"Total Cost": 3.56,"Plan Rows": 1,"Plan Width": 20,"Actual Startup Time": 0.005,"Actual Total Time": 0.005,"Actual Rows": 1,"Actual Loops": 31110,"Index Cond": "(o_orderkey = lineitem.l_orderkey)","Rows Removed by Index Recheck": 0,"Workers": []}]}]}]}]}]},"Planning Time": 4.243,"Triggers": [],"Execution Time": 435.440}]
[{"Plan": {"Node Type": "Aggregate","Strategy": "Sorted","Partial Mode": "Finalize","Parallel Aware": false,"Async Capable": false,"Startup Cost": 173799.72,"Total Cost": 173949.25,"Plan Rows": 7,"Plan Width": 27,"Actual Startup Time": 400.780,"Actual Total Time": 435.209,"Actual Rows": 2,"Actual Loops": 1,"Group Key": ["lineitem.l_shipmode"],"Plans": [{"Node Type": "Gather Merge","Parent Relationship": "Outer","Parallel Aware": false,"Async Capable": false,"Startup Cost": 173799.72,"Total Cost": 173948.97,"Plan Rows": 28,"Plan Width": 27,"Actual Startup Time": 399.891,"Actual Total Time": 435.167,"Actual Rows": 10,"Actual Loops": 1,"Workers Planned": 4,"Workers Launched": 4,"Plans": [{"Node Type": "Aggregate","Strategy": "Sorted","Partial Mode": "Partial","Parent Relationship": "Outer","Parallel Aware": false,"Async Capable": false,"Startup Cost": 172799.66,"Total Cost": 172945.57,"Plan Rows": 7,"Plan Width": 27,"Actual Startup Time": 392.053,"Actual Total Time": 392.793,"Actual Rows": 2,"Actual Loops": 5,"Group Key": ["lineitem.l_shipmode"],"Workers": [],"Plans": [{"Node Type": "Sort","Parent Relationship": "Outer","Parallel Aware": false,"Async Capable": false,"Startup Cost": 172799.66,"Total Cost": 172817.89,"Plan Rows": 7292,"Plan Width": 27,"Actual Startup Time": 391.290,"Actual Total Time": 391.539,"Actual Rows": 6266,"Actual Loops": 5,"Sort Key": ["lineitem.l_shipmode"],"Sort Method": "quicksort","Sort Space Used": 640,"Sort Space Type": "Memory","Workers": [{"Worker Number": 0,"Sort Method": "quicksort","Sort Space Used": 634,"Sort Space Type": "Memory"},{"Worker Number": 1,"Sort Method": "quicksort","Sort Space Used": 631,"Sort Space Type": "Memory"},{"Worker Number": 2,"Sort Method": "quicksort","Sort Space Used": 628,"Sort Space Type": "Memory"},{"Worker Number": 3,"Sort Method": "quicksort","Sort Space Used": 632,"Sort Space Type": "Memory"}],"Plans": [{"Node Type": "Nested Loop","Parent Relationship": "Outer","Parallel Aware": false,"Async Capable": false,"Join Type": "Inner","Startup Cost": 0.43,"Total Cost": 172331.81,"Plan Rows": 7292,"Plan Width": 27,"Actual Startup Time": 0.205,"Actual Total Time": 388.452,"Actual Rows": 6266,"Actual Loops": 5,"Inner Unique": true,"Workers": [],"Plans": [{"Node Type": "Seq Scan","Parent Relationship": "Outer","Parallel Aware": true,"Async Capable": false,"Relation Name": "lineitem","Alias": "lineitem","Startup Cost": 0.00,"Total Cost": 146259.83,"Plan Rows": 7292,"Plan Width": 15,"Actual Startup Time": 0.102,"Actual Total Time": 352.818,"Actual Rows": 6266,"Actual Loops": 5,"Filter": "((l_shipmode = ANY ('{FOB,MAIL}'::bpchar[])) AND (l_commitdate < l_receiptdate) AND (l_shipdate < l_commitdate) AND (l_receiptdate >= '1996-01-01'::date) AND (l_receiptdate < '1997-01-01 00:00:00'::timestamp without time zone))","Rows Removed by Filter": 1193977,"Workers": []},{"Node Type": "Index Scan","Parent Relationship": "Inner","Parallel Aware": false,"Async Capable": false,"Scan Direction": "Forward","Index Name": "orders_pkey","Relation Name": "orders","Alias": "orders","Startup Cost": 0.43,"Total Cost": 3.58,"Plan Rows": 1,"Plan Width": 20,"Actual Startup Time": 0.005,"Actual Total Time": 0.005,"Actual Rows": 1,"Actual Loops": 31330,"Index Cond": "(o_orderkey = lineitem.l_orderkey)","Rows Removed by Index Recheck": 0,"Workers": []}]}]}]}]}]},"Planning Time": 4.426,"Triggers": [],"Execution Time": 435.942}]
[{"Plan": {"Node Type": "Aggregate","Strategy": "Sorted","Partial Mode": "Finalize","Parallel Aware": false,"Async Capable": false,"Startup Cost": 173743.69,"Total Cost": 173892.69,"Plan Rows": 7,"Plan Width": 27,"Actual Startup Time": 397.413,"Actual Total Time": 431.250,"Actual Rows": 2,"Actual Loops": 1,"Group Key": ["lineitem.l_shipmode"],"Plans": [{"Node Type": "Gather Merge","Parent Relationship": "Outer","Parallel Aware": false,"Async Capable": false,"Startup Cost": 173743.69,"Total Cost": 173892.41,"Plan Rows": 28,"Plan Width": 27,"Actual Startup Time": 396.567,"Actual Total Time": 431.216,"Actual Rows": 10,"Actual Loops": 1,"Workers Planned": 4,"Workers Launched": 4,"Plans": [{"Node Type": "Aggregate","Strategy": "Sorted","Partial Mode": "Partial","Parent Relationship": "Outer","Parallel Aware": false,"Async Capable": false,"Startup Cost": 172743.63,"Total Cost": 172889.02,"Plan Rows": 7,"Plan Width": 27,"Actual Startup Time": 388.621,"Actual Total Time": 389.370,"Actual Rows": 2,"Actual Loops": 5,"Group Key": ["lineitem.l_shipmode"],"Workers": [],"Plans": [{"Node Type": "Sort","Parent Relationship": "Outer","Parallel Aware": false,"Async Capable": false,"Startup Cost": 172743.63,"Total Cost": 172761.79,"Plan Rows": 7266,"Plan Width": 27,"Actual Startup Time": 387.860,"Actual Total Time": 388.115,"Actual Rows": 6262,"Actual Loops": 5,"Sort Key": ["lineitem.l_shipmode"],"Sort Method": "quicksort","Sort Space Used": 630,"Sort Space Type": "Memory","Workers": [{"Worker Number": 0,"Sort Method": "quicksort","Sort Space Used": 627,"Sort Space Type": "Memory"},{"Worker Number": 1,"Sort Method": "quicksort","Sort Space Used": 632,"Sort Space Type": "Memory"},{"Worker Number": 2,"Sort Method": "quicksort","Sort Space Used": 629,"Sort Space Type": "Memory"},{"Worker Number": 3,"Sort Method": "quicksort","Sort Space Used": 645,"Sort Space Type": "Memory"}],"Plans": [{"Node Type": "Nested Loop","Parent Relationship": "Outer","Parallel Aware": false,"Async Capable": false,"Join Type": "Inner","Startup Cost": 0.43,"Total Cost": 172277.63,"Plan Rows": 7266,"Plan Width": 27,"Actual Startup Time": 0.243,"Actual Total Time": 385.023,"Actual Rows": 6262,"Actual Loops": 5,"Inner Unique": true,"Workers": [],"Plans": [{"Node Type": "Seq Scan","Parent Relationship": "Outer","Parallel Aware": true,"Async Capable": false,"Relation Name": "lineitem","Alias": "lineitem","Startup Cost": 0.00,"Total Cost": 146259.83,"Plan Rows": 7266,"Plan Width": 15,"Actual Startup Time": 0.120,"Actual Total Time": 350.916,"Actual Rows": 6262,"Actual Loops": 5,"Filter": "((l_shipmode = ANY ('{RAIL,FOB}'::bpchar[])) AND (l_commitdate < l_receiptdate) AND (l_shipdate < l_commitdate) AND (l_receiptdate >= '1996-01-01'::date) AND (l_receiptdate < '1997-01-01 00:00:00'::timestamp without time zone))","Rows Removed by Filter": 1193981,"Workers": []},{"Node Type": "Index Scan","Parent Relationship": "Inner","Parallel Aware": false,"Async Capable": false,"Scan Direction": "Forward","Index Name": "orders_pkey","Relation Name": "orders","Alias": "orders","Startup Cost": 0.43,"Total Cost": 3.58,"Plan Rows": 1,"Plan Width": 20,"Actual Startup Time": 0.005,"Actual Total Time": 0.005,"Actual Rows": 1,"Actual Loops": 31309,"Index Cond": "(o_orderkey = lineitem.l_orderkey)","Rows Removed by Index Recheck": 0,"Workers": []}]}]}]}]}]},"Planning Time": 4.455,"Triggers": [],"Execution Time": 431.816}]
[{"Plan": {"Node Type": "Aggregate","Strategy": "Sorted","Partial Mode": "Finalize","Parallel Aware": false,"Async Capable": false,"Startup Cost": 173497.14,"Total Cost": 173643.88,"Plan Rows": 7,"Plan Width": 27,"Actual Startup Time": 393.061,"Actual Total Time": 425.274,"Actual Rows": 2,"Actual Loops": 1,"Group Key": ["lineitem.l_shipmode"],"Plans": [{"Node Type": "Gather Merge","Parent Relationship": "Outer","Parallel Aware": false,"Async Capable": false,"Startup Cost": 173497.14,"Total Cost": 173643.60,"Plan Rows": 28,"Plan Width": 27,"Actual Startup Time": 392.251,"Actual Total Time": 425.243,"Actual Rows": 10,"Actual Loops": 1,"Workers Planned": 4,"Workers Launched": 4,"Plans": [{"Node Type": "Aggregate","Strategy": "Sorted","Partial Mode": "Partial","Parent Relationship": "Outer","Parallel Aware": false,"Async Capable": false,"Startup Cost": 172497.08,"Total Cost": 172640.21,"Plan Rows": 7,"Plan Width": 27,"Actual Startup Time": 384.146,"Actual Total Time": 384.866,"Actual Rows": 2,"Actual Loops": 5,"Group Key": ["lineitem.l_shipmode"],"Workers": [],"Plans": [{"Node Type": "Sort","Parent Relationship": "Outer","Parallel Aware": false,"Async Capable": false,"Startup Cost": 172497.08,"Total Cost": 172514.96,"Plan Rows": 7153,"Plan Width": 27,"Actual Startup Time": 383.405,"Actual Total Time": 383.641,"Actual Rows": 6195,"Actual Loops": 5,"Sort Key": ["lineitem.l_shipmode"],"Sort Method": "quicksort","Sort Space Used": 621,"Sort Space Type": "Memory","Workers": [{"Worker Number": 0,"Sort Method": "quicksort","Sort Space Used": 628,"Sort Space Type": "Memory"},{"Worker Number": 1,"Sort Method": "quicksort","Sort Space Used": 629,"Sort Space Type": "Memory"},{"Worker Number": 2,"Sort Method": "quicksort","Sort Space Used": 633,"Sort Space Type": "Memory"},{"Worker Number": 3,"Sort Method": "quicksort","Sort Space Used": 629,"Sort Space Type": "Memory"}],"Plans": [{"Node Type": "Nested Loop","Parent Relationship": "Outer","Parallel Aware": false,"Async Capable": false,"Join Type": "Inner","Startup Cost": 0.43,"Total Cost": 172039.13,"Plan Rows": 7153,"Plan Width": 27,"Actual Startup Time": 0.202,"Actual Total Time": 380.573,"Actual Rows": 6195,"Actual Loops": 5,"Inner Unique": true,"Workers": [],"Plans": [{"Node Type": "Seq Scan","Parent Relationship": "Outer","Parallel Aware": true,"Async Capable": false,"Relation Name": "lineitem","Alias": "lineitem","Startup Cost": 0.00,"Total Cost": 146259.83,"Plan Rows": 7153,"Plan Width": 15,"Actual Startup Time": 0.092,"Actual Total Time": 346.657,"Actual Rows": 6195,"Actual Loops": 5,"Filter": "((l_shipmode = ANY ('{FOB,\"REG AIR\"}'::bpchar[])) AND (l_commitdate < l_receiptdate) AND (l_shipdate < l_commitdate) AND (l_receiptdate >= '1994-01-01'::date) AND (l_receiptdate < '1995-01-01 00:00:00'::timestamp without time zone))","Rows Removed by Filter": 1194048,"Workers": []},{"Node Type": "Index Scan","Parent Relationship": "Inner","Parallel Aware": false,"Async Capable": false,"Scan Direction": "Forward","Index Name": "orders_pkey","Relation Name": "orders","Alias": "orders","Startup Cost": 0.43,"Total Cost": 3.60,"Plan Rows": 1,"Plan Width": 20,"Actual Startup Time": 0.005,"Actual Total Time": 0.005,"Actual Rows": 1,"Actual Loops": 30976,"Index Cond": "(o_orderkey = lineitem.l_orderkey)","Rows Removed by Index Recheck": 0,"Workers": []}]}]}]}]}]},"Planning Time": 5.579,"Triggers": [],"Execution Time": 425.767}]
[{"Plan": {"Node Type": "Aggregate","Strategy": "Sorted","Partial Mode": "Finalize","Parallel Aware": false,"Async Capable": false,"Startup Cost": 174047.55,"Total Cost": 174199.38,"Plan Rows": 7,"Plan Width": 27,"Actual Startup Time": 395.837,"Actual Total Time": 429.706,"Actual Rows": 2,"Actual Loops": 1,"Group Key": ["lineitem.l_shipmode"],"Plans": [{"Node Type": "Gather Merge","Parent Relationship": "Outer","Parallel Aware": false,"Async Capable": false,"Startup Cost": 174047.55,"Total Cost": 174199.10,"Plan Rows": 28,"Plan Width": 27,"Actual Startup Time": 394.992,"Actual Total Time": 429.656,"Actual Rows": 10,"Actual Loops": 1,"Workers Planned": 4,"Workers Launched": 4,"Plans": [{"Node Type": "Aggregate","Strategy": "Sorted","Partial Mode": "Partial","Parent Relationship": "Outer","Parallel Aware": false,"Async Capable": false,"Startup Cost": 173047.49,"Total Cost": 173195.70,"Plan Rows": 7,"Plan Width": 27,"Actual Startup Time": 386.995,"Actual Total Time": 387.738,"Actual Rows": 2,"Actual Loops": 5,"Group Key": ["lineitem.l_shipmode"],"Workers": [],"Plans": [{"Node Type": "Sort","Parent Relationship": "Outer","Parallel Aware": false,"Async Capable": false,"Startup Cost": 173047.49,"Total Cost": 173066.01,"Plan Rows": 7407,"Plan Width": 27,"Actual Startup Time": 386.246,"Actual Total Time": 386.497,"Actual Rows": 6182,"Actual Loops": 5,"Sort Key": ["lineitem.l_shipmode"],"Sort Method": "quicksort","Sort Space Used": 637,"Sort Space Type": "Memory","Workers": [{"Worker Number": 0,"Sort Method": "quicksort","Sort Space Used": 627,"Sort Space Type": "Memory"},{"Worker Number": 1,"Sort Method": "quicksort","Sort Space Used": 632,"Sort Space Type": "Memory"},{"Worker Number": 2,"Sort Method": "quicksort","Sort Space Used": 626,"Sort Space Type": "Memory"},{"Worker Number": 3,"Sort Method": "quicksort","Sort Space Used": 614,"Sort Space Type": "Memory"}],"Plans": [{"Node Type": "Nested Loop","Parent Relationship": "Outer","Parallel Aware": false,"Async Capable": false,"Join Type": "Inner","Startup Cost": 0.43,"Total Cost": 172571.42,"Plan Rows": 7407,"Plan Width": 27,"Actual Startup Time": 0.272,"Actual Total Time": 383.359,"Actual Rows": 6182,"Actual Loops": 5,"Inner Unique": true,"Workers": [],"Plans": [{"Node Type": "Seq Scan","Parent Relationship": "Outer","Parallel Aware": true,"Async Capable": false,"Relation Name": "lineitem","Alias": "lineitem","Startup Cost": 0.00,"Total Cost": 146259.83,"Plan Rows": 7407,"Plan Width": 15,"Actual Startup Time": 0.157,"Actual Total Time": 348.925,"Actual Rows": 6182,"Actual Loops": 5,"Filter": "((l_shipmode = ANY ('{MAIL,SHIP}'::bpchar[])) AND (l_commitdate < l_receiptdate) AND (l_shipdate < l_commitdate) AND (l_receiptdate >= '1995-01-01'::date) AND (l_receiptdate < '1996-01-01 00:00:00'::timestamp without time zone))","Rows Removed by Filter": 1194061,"Workers": []},{"Node Type": "Index Scan","Parent Relationship": "Inner","Parallel Aware": false,"Async Capable": false,"Scan Direction": "Forward","Index Name": "orders_pkey","Relation Name": "orders","Alias": "orders","Startup Cost": 0.43,"Total Cost": 3.55,"Plan Rows": 1,"Plan Width": 20,"Actual Startup Time": 0.005,"Actual Total Time": 0.005,"Actual Rows": 1,"Actual Loops": 30911,"Index Cond": "(o_orderkey = lineitem.l_orderkey)","Rows Removed by Index Recheck": 0,"Workers": []}]}]}]}]}]},"Planning Time": 4.010,"Triggers": [],"Execution Time": 430.330}]
[{"Plan": {"Node Type": "Aggregate","Strategy": "Sorted","Partial Mode": "Finalize","Parallel Aware": false,"Async Capable": false,"Startup Cost": 173414.60,"Total Cost": 173560.59,"Plan Rows": 7,"Plan Width": 27,"Actual Startup Time": 396.903,"Actual Total Time": 429.308,"Actual Rows": 2,"Actual Loops": 1,"Group Key": ["lineitem.l_shipmode"],"Plans": [{"Node Type": "Gather Merge","Parent Relationship": "Outer","Parallel Aware": false,"Async Capable": false,"Startup Cost": 173414.60,"Total Cost": 173560.31,"Plan Rows": 28,"Plan Width": 27,"Actual Startup Time": 396.080,"Actual Total Time": 429.271,"Actual Rows": 10,"Actual Loops": 1,"Workers Planned": 4,"Workers Launched": 4,"Plans": [{"Node Type": "Aggregate","Strategy": "Sorted","Partial Mode": "Partial","Parent Relationship": "Outer","Parallel Aware": false,"Async Capable": false,"Startup Cost": 172414.55,"Total Cost": 172556.92,"Plan Rows": 7,"Plan Width": 27,"Actual Startup Time": 387.896,"Actual Total Time": 388.630,"Actual Rows": 2,"Actual Loops": 5,"Group Key": ["lineitem.l_shipmode"],"Workers": [],"Plans": [{"Node Type": "Sort","Parent Relationship": "Outer","Parallel Aware": false,"Async Capable": false,"Startup Cost": 172414.55,"Total Cost": 172432.33,"Plan Rows": 7115,"Plan Width": 27,"Actual Startup Time": 387.134,"Actual Total Time": 387.378,"Actual Rows": 6225,"Actual Loops": 5,"Sort Key": ["lineitem.l_shipmode"],"Sort Method": "quicksort","Sort Space Used": 630,"Sort Space Type": "Memory","Workers": [{"Worker Number": 0,"Sort Method": "quicksort","Sort Space Used": 632,"Sort Space Type": "Memory"},{"Worker Number": 1,"Sort Method": "quicksort","Sort Space Used": 631,"Sort Space Type": "Memory"},{"Worker Number": 2,"Sort Method": "quicksort","Sort Space Used": 634,"Sort Space Type": "Memory"},{"Worker Number": 3,"Sort Method": "quicksort","Sort Space Used": 625,"Sort Space Type": "Memory"}],"Plans": [{"Node Type": "Nested Loop","Parent Relationship": "Outer","Parallel Aware": false,"Async Capable": false,"Join Type": "Inner","Startup Cost": 0.43,"Total Cost": 171959.30,"Plan Rows": 7115,"Plan Width": 27,"Actual Startup Time": 0.164,"Actual Total Time": 384.257,"Actual Rows": 6225,"Actual Loops": 5,"Inner Unique": true,"Workers": [],"Plans": [{"Node Type": "Seq Scan","Parent Relationship": "Outer","Parallel Aware": true,"Async Capable": false,"Relation Name": "lineitem","Alias": "lineitem","Startup Cost": 0.00,"Total Cost": 146259.83,"Plan Rows": 7115,"Plan Width": 15,"Actual Startup Time": 0.070,"Actual Total Time": 349.910,"Actual Rows": 6225,"Actual Loops": 5,"Filter": "((l_shipmode = ANY ('{\"REG AIR\",RAIL}'::bpchar[])) AND (l_commitdate < l_receiptdate) AND (l_shipdate < l_commitdate) AND (l_receiptdate >= '1994-01-01'::date) AND (l_receiptdate < '1995-01-01 00:00:00'::timestamp without time zone))","Rows Removed by Filter": 1194018,"Workers": []},{"Node Type": "Index Scan","Parent Relationship": "Inner","Parallel Aware": false,"Async Capable": false,"Scan Direction": "Forward","Index Name": "orders_pkey","Relation Name": "orders","Alias": "orders","Startup Cost": 0.43,"Total Cost": 3.61,"Plan Rows": 1,"Plan Width": 20,"Actual Startup Time": 0.005,"Actual Total Time": 0.005,"Actual Rows": 1,"Actual Loops": 31124,"Index Cond": "(o_orderkey = lineitem.l_orderkey)","Rows Removed by Index Recheck": 0,"Workers": []}]}]}]}]}]},"Planning Time": 4.336,"Triggers": [],"Execution Time": 429.682}]
[{"Plan": {"Node Type": "Aggregate","Strategy": "Sorted","Partial Mode": "Finalize","Parallel Aware": false,"Async Capable": false,"Startup Cost": 173623.66,"Total Cost": 173771.59,"Plan Rows": 7,"Plan Width": 27,"Actual Startup Time": 405.204,"Actual Total Time": 439.075,"Actual Rows": 2,"Actual Loops": 1,"Group Key": ["lineitem.l_shipmode"],"Plans": [{"Node Type": "Gather Merge","Parent Relationship": "Outer","Parallel Aware": false,"Async Capable": false,"Startup Cost": 173623.66,"Total Cost": 173771.31,"Plan Rows": 28,"Plan Width": 27,"Actual Startup Time": 404.340,"Actual Total Time": 439.026,"Actual Rows": 10,"Actual Loops": 1,"Workers Planned": 4,"Workers Launched": 4,"Plans": [{"Node Type": "Aggregate","Strategy": "Sorted","Partial Mode": "Partial","Parent Relationship": "Outer","Parallel Aware": false,"Async Capable": false,"Startup Cost": 172623.60,"Total Cost": 172767.91,"Plan Rows": 7,"Plan Width": 27,"Actual Startup Time": 395.674,"Actual Total Time": 396.412,"Actual Rows": 2,"Actual Loops": 5,"Group Key": ["lineitem.l_shipmode"],"Workers": [],"Plans": [{"Node Type": "Sort","Parent Relationship": "Outer","Parallel Aware": false,"Async Capable": false,"Startup Cost": 172623.60,"Total Cost": 172641.63,"Plan Rows": 7212,"Plan Width": 27,"Actual Startup Time": 394.945,"Actual Total Time": 395.191,"Actual Rows": 6242,"Actual Loops": 5,"Sort Key": ["lineitem.l_shipmode"],"Sort Method": "quicksort","Sort Space Used": 632,"Sort Space Type": "Memory","Workers": [{"Worker Number": 0,"Sort Method": "quicksort","Sort Space Used": 635,"Sort Space Type": "Memory"},{"Worker Number": 1,"Sort Method": "quicksort","Sort Space Used": 648,"Sort Space Type": "Memory"},{"Worker Number": 2,"Sort Method": "quicksort","Sort Space Used": 633,"Sort Space Type": "Memory"},{"Worker Number": 3,"Sort Method": "quicksort","Sort Space Used": 608,"Sort Space Type": "Memory"}],"Plans": [{"Node Type": "Nested Loop","Parent Relationship": "Outer","Parallel Aware": false,"Async Capable": false,"Join Type": "Inner","Startup Cost": 0.43,"Total Cost": 172161.45,"Plan Rows": 7212,"Plan Width": 27,"Actual Startup Time": 0.228,"Actual Total Time": 392.049,"Actual Rows": 6242,"Actual Loops": 5,"Inner Unique": true,"Workers": [],"Plans": [{"Node Type": "Seq Scan","Parent Relationship": "Outer","Parallel Aware": true,"Async Capable": false,"Relation Name": "lineitem","Alias": "lineitem","Startup Cost": 0.00,"Total Cost": 146259.83,"Plan Rows": 7211,"Plan Width": 15,"Actual Startup Time": 0.143,"Actual Total Time": 355.732,"Actual Rows": 6242,"Actual Loops": 5,"Filter": "((l_shipmode = ANY ('{\"REG AIR\",TRUCK}'::bpchar[])) AND (l_commitdate < l_receiptdate) AND (l_shipdate < l_commitdate) AND (l_receiptdate >= '1996-01-01'::date) AND (l_receiptdate < '1997-01-01 00:00:00'::timestamp without time zone))","Rows Removed by Filter": 1194001,"Workers": []},{"Node Type": "Index Scan","Parent Relationship": "Inner","Parallel Aware": false,"Async Capable": false,"Scan Direction": "Forward","Index Name": "orders_pkey","Relation Name": "orders","Alias": "orders","Startup Cost": 0.43,"Total Cost": 3.59,"Plan Rows": 1,"Plan Width": 20,"Actual Startup Time": 0.005,"Actual Total Time": 0.005,"Actual Rows": 1,"Actual Loops": 31208,"Index Cond": "(o_orderkey = lineitem.l_orderkey)","Rows Removed by Index Recheck": 0,"Workers": []}]}]}]}]}]},"Planning Time": 4.729,"Triggers": [],"Execution Time": 439.731}]
[{"Plan": {"Node Type": "Aggregate","Strategy": "Sorted","Partial Mode": "Finalize","Parallel Aware": false,"Async Capable": false,"Startup Cost": 173495.10,"Total Cost": 173641.82,"Plan Rows": 7,"Plan Width": 27,"Actual Startup Time": 413.977,"Actual Total Time": 448.073,"Actual Rows": 2,"Actual Loops": 1,"Group Key": ["lineitem.l_shipmode"],"Plans": [{"Node Type": "Gather Merge","Parent Relationship": "Outer","Parallel Aware": false,"Async Capable": false,"Startup Cost": 173495.10,"Total Cost": 173641.54,"Plan Rows": 28,"Plan Width": 27,"Actual Startup Time": 413.090,"Actual Total Time": 448.037,"Actual Rows": 10,"Actual Loops": 1,"Workers Planned": 4,"Workers Launched": 4,"Plans": [{"Node Type": "Aggregate","Strategy": "Sorted","Partial Mode": "Partial","Parent Relationship": "Outer","Parallel Aware": false,"Async Capable": false,"Startup Cost": 172495.04,"Total Cost": 172638.15,"Plan Rows": 7,"Plan Width": 27,"Actual Startup Time": 404.129,"Actual Total Time": 404.871,"Actual Rows": 2,"Actual Loops": 5,"Group Key": ["lineitem.l_shipmode"],"Workers": [],"Plans": [{"Node Type": "Sort","Parent Relationship": "Outer","Parallel Aware": false,"Async Capable": false,"Startup Cost": 172495.04,"Total Cost": 172512.92,"Plan Rows": 7152,"Plan Width": 27,"Actual Startup Time": 403.372,"Actual Total Time": 403.627,"Actual Rows": 6189,"Actual Loops": 5,"Sort Key": ["lineitem.l_shipmode"],"Sort Method": "quicksort","Sort Space Used": 629,"Sort Space Type": "Memory","Workers": [{"Worker Number": 0,"Sort Method": "quicksort","Sort Space Used": 643,"Sort Space Type": "Memory"},{"Worker Number": 1,"Sort Method": "quicksort","Sort Space Used": 597,"Sort Space Type": "Memory"},{"Worker Number": 2,"Sort Method": "quicksort","Sort Space Used": 629,"Sort Space Type": "Memory"},{"Worker Number": 3,"Sort Method": "quicksort","Sort Space Used": 641,"Sort Space Type": "Memory"}],"Plans": [{"Node Type": "Nested Loop","Parent Relationship": "Outer","Parallel Aware": false,"Async Capable": false,"Join Type": "Inner","Startup Cost": 0.43,"Total Cost": 172037.16,"Plan Rows": 7152,"Plan Width": 27,"Actual Startup Time": 0.320,"Actual Total Time": 400.393,"Actual Rows": 6189,"Actual Loops": 5,"Inner Unique": true,"Workers": [],"Plans": [{"Node Type": "Seq Scan","Parent Relationship": "Outer","Parallel Aware": true,"Async Capable": false,"Relation Name": "lineitem","Alias": "lineitem","Startup Cost": 0.00,"Total Cost": 146259.83,"Plan Rows": 7152,"Plan Width": 15,"Actual Startup Time": 0.162,"Actual Total Time": 363.632,"Actual Rows": 6189,"Actual Loops": 5,"Filter": "((l_shipmode = ANY ('{SHIP,FOB}'::bpchar[])) AND (l_commitdate < l_receiptdate) AND (l_shipdate < l_commitdate) AND (l_receiptdate >= '1994-01-01'::date) AND (l_receiptdate < '1995-01-01 00:00:00'::timestamp without time zone))","Rows Removed by Filter": 1194054,"Workers": []},{"Node Type": "Index Scan","Parent Relationship": "Inner","Parallel Aware": false,"Async Capable": false,"Scan Direction": "Forward","Index Name": "orders_pkey","Relation Name": "orders","Alias": "orders","Startup Cost": 0.43,"Total Cost": 3.60,"Plan Rows": 1,"Plan Width": 20,"Actual Startup Time": 0.006,"Actual Total Time": 0.006,"Actual Rows": 1,"Actual Loops": 30947,"Index Cond": "(o_orderkey = lineitem.l_orderkey)","Rows Removed by Index Recheck": 0,"Workers": []}]}]}]}]}]},"Planning Time": 5.217,"Triggers": [],"Execution Time": 448.853}]
[{"Plan": {"Node Type": "Aggregate","Strategy": "Sorted","Partial Mode": "Finalize","Parallel Aware": false,"Async Capable": false,"Startup Cost": 174029.81,"Total Cost": 174181.50,"Plan Rows": 7,"Plan Width": 27,"Actual Startup Time": 391.419,"Actual Total Time": 423.962,"Actual Rows": 2,"Actual Loops": 1,"Group Key": ["lineitem.l_shipmode"],"Plans": [{"Node Type": "Gather Merge","Parent Relationship": "Outer","Parallel Aware": false,"Async Capable": false,"Startup Cost": 174029.81,"Total Cost": 174181.22,"Plan Rows": 28,"Plan Width": 27,"Actual Startup Time": 390.579,"Actual Total Time": 423.932,"Actual Rows": 10,"Actual Loops": 1,"Workers Planned": 4,"Workers Launched": 4,"Plans": [{"Node Type": "Aggregate","Strategy": "Sorted","Partial Mode": "Partial","Parent Relationship": "Outer","Parallel Aware": false,"Async Capable": false,"Startup Cost": 173029.75,"Total Cost": 173177.82,"Plan Rows": 7,"Plan Width": 27,"Actual Startup Time": 382.670,"Actual Total Time": 383.404,"Actual Rows": 2,"Actual Loops": 5,"Group Key": ["lineitem.l_shipmode"],"Workers": [],"Plans": [{"Node Type": "Sort","Parent Relationship": "Outer","Parallel Aware": false,"Async Capable": false,"Startup Cost": 173029.75,"Total Cost": 173048.25,"Plan Rows": 7400,"Plan Width": 27,"Actual Startup Time": 381.918,"Actual Total Time": 382.165,"Actual Rows": 6248,"Actual Loops": 5,"Sort Key": ["lineitem.l_shipmode"],"Sort Method": "quicksort","Sort Space Used": 634,"Sort Space Type": "Memory","Workers": [{"Worker Number": 0,"Sort Method": "quicksort","Sort Space Used": 633,"Sort Space Type": "Memory"},{"Worker Number": 1,"Sort Method": "quicksort","Sort Space Used": 623,"Sort Space Type": "Memory"},{"Worker Number": 2,"Sort Method": "quicksort","Sort Space Used": 634,"Sort Space Type": "Memory"},{"Worker Number": 3,"Sort Method": "quicksort","Sort Space Used": 636,"Sort Space Type": "Memory"}],"Plans": [{"Node Type": "Nested Loop","Parent Relationship": "Outer","Parallel Aware": false,"Async Capable": false,"Join Type": "Inner","Startup Cost": 0.43,"Total Cost": 172554.18,"Plan Rows": 7400,"Plan Width": 27,"Actual Startup Time": 0.327,"Actual Total Time": 379.146,"Actual Rows": 6248,"Actual Loops": 5,"Inner Unique": true,"Workers": [],"Plans": [{"Node Type": "Seq Scan","Parent Relationship": "Outer","Parallel Aware": true,"Async Capable": false,"Relation Name": "lineitem","Alias": "lineitem","Startup Cost": 0.00,"Total Cost": 146259.83,"Plan Rows": 7399,"Plan Width": 15,"Actual Startup Time": 0.199,"Actual Total Time": 344.489,"Actual Rows": 6248,"Actual Loops": 5,"Filter": "((l_shipmode = ANY ('{TRUCK,\"REG AIR\"}'::bpchar[])) AND (l_commitdate < l_receiptdate) AND (l_shipdate < l_commitdate) AND (l_receiptdate >= '1995-01-01'::date) AND (l_receiptdate < '1996-01-01 00:00:00'::timestamp without time zone))","Rows Removed by Filter": 1193995,"Workers": []},{"Node Type": "Index Scan","Parent Relationship": "Inner","Parallel Aware": false,"Async Capable": false,"Scan Direction": "Forward","Index Name": "orders_pkey","Relation Name": "orders","Alias": "orders","Startup Cost": 0.43,"Total Cost": 3.55,"Plan Rows": 1,"Plan Width": 20,"Actual Startup Time": 0.005,"Actual Total Time": 0.005,"Actual Rows": 1,"Actual Loops": 31238,"Index Cond": "(o_orderkey = lineitem.l_orderkey)","Rows Removed by Index Recheck": 0,"Workers": []}]}]}]}]}]},"Planning Time": 3.863,"Triggers": [],"Execution Time": 424.414}]
[{"Plan": {"Node Type": "Aggregate","Strategy": "Sorted","Partial Mode": "Finalize","Parallel Aware": false,"Async Capable": false,"Startup Cost": 173700.13,"Total Cost": 173848.74,"Plan Rows": 7,"Plan Width": 27,"Actual Startup Time": 395.681,"Actual Total Time": 428.699,"Actual Rows": 2,"Actual Loops": 1,"Group Key": ["lineitem.l_shipmode"],"Plans": [{"Node Type": "Gather Merge","Parent Relationship": "Outer","Parallel Aware": false,"Async Capable": false,"Startup Cost": 173700.13,"Total Cost": 173848.46,"Plan Rows": 28,"Plan Width": 27,"Actual Startup Time": 394.867,"Actual Total Time": 428.666,"Actual Rows": 10,"Actual Loops": 1,"Workers Planned": 4,"Workers Launched": 4,"Plans": [{"Node Type": "Aggregate","Strategy": "Sorted","Partial Mode": "Partial","Parent Relationship": "Outer","Parallel Aware": false,"Async Capable": false,"Startup Cost": 172700.07,"Total Cost": 172845.06,"Plan Rows": 7,"Plan Width": 27,"Actual Startup Time": 386.535,"Actual Total Time": 387.277,"Actual Rows": 2,"Actual Loops": 5,"Group Key": ["lineitem.l_shipmode"],"Workers": [],"Plans": [{"Node Type": "Sort","Parent Relationship": "Outer","Parallel Aware": false,"Async Capable": false,"Startup Cost": 172700.07,"Total Cost": 172718.19,"Plan Rows": 7246,"Plan Width": 27,"Actual Startup Time": 385.791,"Actual Total Time": 386.038,"Actual Rows": 6217,"Actual Loops": 5,"Sort Key": ["lineitem.l_shipmode"],"Sort Method": "quicksort","Sort Space Used": 639,"Sort Space Type": "Memory","Workers": [{"Worker Number": 0,"Sort Method": "quicksort","Sort Space Used": 626,"Sort Space Type": "Memory"},{"Worker Number": 1,"Sort Method": "quicksort","Sort Space Used": 640,"Sort Space Type": "Memory"},{"Worker Number": 2,"Sort Method": "quicksort","Sort Space Used": 608,"Sort Space Type": "Memory"},{"Worker Number": 3,"Sort Method": "quicksort","Sort Space Used": 635,"Sort Space Type": "Memory"}],"Plans": [{"Node Type": "Nested Loop","Parent Relationship": "Outer","Parallel Aware": false,"Async Capable": false,"Join Type": "Inner","Startup Cost": 0.43,"Total Cost": 172235.50,"Plan Rows": 7246,"Plan Width": 27,"Actual Startup Time": 0.398,"Actual Total Time": 382.960,"Actual Rows": 6217,"Actual Loops": 5,"Inner Unique": true,"Workers": [],"Plans": [{"Node Type": "Seq Scan","Parent Relationship": "Outer","Parallel Aware": true,"Async Capable": false,"Relation Name": "lineitem","Alias": "lineitem","Startup Cost": 0.00,"Total Cost": 146259.83,"Plan Rows": 7246,"Plan Width": 15,"Actual Startup Time": 0.279,"Actual Total Time": 348.177,"Actual Rows": 6217,"Actual Loops": 5,"Filter": "((l_shipmode = ANY ('{SHIP,\"REG AIR\"}'::bpchar[])) AND (l_commitdate < l_receiptdate) AND (l_shipdate < l_commitdate) AND (l_receiptdate >= '1993-01-01'::date) AND (l_receiptdate < '1994-01-01 00:00:00'::timestamp without time zone))","Rows Removed by Filter": 1194026,"Workers": []},{"Node Type": "Index Scan","Parent Relationship": "Inner","Parallel Aware": false,"Async Capable": false,"Scan Direction": "Forward","Index Name": "orders_pkey","Relation Name": "orders","Alias": "orders","Startup Cost": 0.43,"Total Cost": 3.58,"Plan Rows": 1,"Plan Width": 20,"Actual Startup Time": 0.005,"Actual Total Time": 0.005,"Actual Rows": 1,"Actual Loops": 31083,"Index Cond": "(o_orderkey = lineitem.l_orderkey)","Rows Removed by Index Recheck": 0,"Workers": []}]}]}]}]}]},"Planning Time": 4.041,"Triggers": [],"Execution Time": 429.146}]
[{"Plan": {"Node Type": "Aggregate","Strategy": "Sorted","Partial Mode": "Finalize","Parallel Aware": false,"Async Capable": false,"Startup Cost": 173608.96,"Total Cost": 173756.73,"Plan Rows": 7,"Plan Width": 27,"Actual Startup Time": 392.179,"Actual Total Time": 426.813,"Actual Rows": 2,"Actual Loops": 1,"Group Key": ["lineitem.l_shipmode"],"Plans": [{"Node Type": "Gather Merge","Parent Relationship": "Outer","Parallel Aware": false,"Async Capable": false,"Startup Cost": 173608.96,"Total Cost": 173756.45,"Plan Rows": 28,"Plan Width": 27,"Actual Startup Time": 391.379,"Actual Total Time": 426.782,"Actual Rows": 10,"Actual Loops": 1,"Workers Planned": 4,"Workers Launched": 4,"Plans": [{"Node Type": "Aggregate","Strategy": "Sorted","Partial Mode": "Partial","Parent Relationship": "Outer","Parallel Aware": false,"Async Capable": false,"Startup Cost": 172608.90,"Total Cost": 172753.05,"Plan Rows": 7,"Plan Width": 27,"Actual Startup Time": 383.083,"Actual Total Time": 383.799,"Actual Rows": 2,"Actual Loops": 5,"Group Key": ["lineitem.l_shipmode"],"Workers": [],"Plans": [{"Node Type": "Sort","Parent Relationship": "Outer","Parallel Aware": false,"Async Capable": false,"Startup Cost": 172608.90,"Total Cost": 172626.91,"Plan Rows": 7204,"Plan Width": 27,"Actual Startup Time": 382.327,"Actual Total Time": 382.565,"Actual Rows": 6181,"Actual Loops": 5,"Sort Key": ["lineitem.l_shipmode"],"Sort Method": "quicksort","Sort Space Used": 636,"Sort Space Type": "Memory","Workers": [{"Worker Number": 0,"Sort Method": "quicksort","Sort Space Used": 626,"Sort Space Type": "Memory"},{"Worker Number": 1,"Sort Method": "quicksort","Sort Space Used": 628,"Sort Space Type": "Memory"},{"Worker Number": 2,"Sort Method": "quicksort","Sort Space Used": 625,"Sort Space Type": "Memory"},{"Worker Number": 3,"Sort Method": "quicksort","Sort Space Used": 621,"Sort Space Type": "Memory"}],"Plans": [{"Node Type": "Nested Loop","Parent Relationship": "Outer","Parallel Aware": false,"Async Capable": false,"Join Type": "Inner","Startup Cost": 0.43,"Total Cost": 172147.32,"Plan Rows": 7204,"Plan Width": 27,"Actual Startup Time": 0.208,"Actual Total Time": 379.480,"Actual Rows": 6181,"Actual Loops": 5,"Inner Unique": true,"Workers": [],"Plans": [{"Node Type": "Seq Scan","Parent Relationship": "Outer","Parallel Aware": true,"Async Capable": false,"Relation Name": "lineitem","Alias": "lineitem","Startup Cost": 0.00,"Total Cost": 146259.83,"Plan Rows": 7204,"Plan Width": 15,"Actual Startup Time": 0.088,"Actual Total Time": 345.413,"Actual Rows": 6181,"Actual Loops": 5,"Filter": "((l_shipmode = ANY ('{FOB,TRUCK}'::bpchar[])) AND (l_commitdate < l_receiptdate) AND (l_shipdate < l_commitdate) AND (l_receiptdate >= '1994-01-01'::date) AND (l_receiptdate < '1995-01-01 00:00:00'::timestamp without time zone))","Rows Removed by Filter": 1194062,"Workers": []},{"Node Type": "Index Scan","Parent Relationship": "Inner","Parallel Aware": false,"Async Capable": false,"Scan Direction": "Forward","Index Name": "orders_pkey","Relation Name": "orders","Alias": "orders","Startup Cost": 0.43,"Total Cost": 3.59,"Plan Rows": 1,"Plan Width": 20,"Actual Startup Time": 0.005,"Actual Total Time": 0.005,"Actual Rows": 1,"Actual Loops": 30906,"Index Cond": "(o_orderkey = lineitem.l_orderkey)","Rows Removed by Index Recheck": 0,"Workers": []}]}]}]}]}]},"Planning Time": 4.277,"Triggers": [],"Execution Time": 427.350}]
[{"Plan": {"Node Type": "Aggregate","Strategy": "Sorted","Partial Mode": "Finalize","Parallel Aware": false,"Async Capable": false,"Startup Cost": 173682.63,"Total Cost": 173831.08,"Plan Rows": 7,"Plan Width": 27,"Actual Startup Time": 398.801,"Actual Total Time": 431.822,"Actual Rows": 2,"Actual Loops": 1,"Group Key": ["lineitem.l_shipmode"],"Plans": [{"Node Type": "Gather Merge","Parent Relationship": "Outer","Parallel Aware": false,"Async Capable": false,"Startup Cost": 173682.63,"Total Cost": 173830.80,"Plan Rows": 28,"Plan Width": 27,"Actual Startup Time": 397.959,"Actual Total Time": 431.781,"Actual Rows": 10,"Actual Loops": 1,"Workers Planned": 4,"Workers Launched": 4,"Plans": [{"Node Type": "Aggregate","Strategy": "Sorted","Partial Mode": "Partial","Parent Relationship": "Outer","Parallel Aware": false,"Async Capable": false,"Startup Cost": 172682.58,"Total Cost": 172827.41,"Plan Rows": 7,"Plan Width": 27,"Actual Startup Time": 389.710,"Actual Total Time": 390.443,"Actual Rows": 2,"Actual Loops": 5,"Group Key": ["lineitem.l_shipmode"],"Workers": [],"Plans": [{"Node Type": "Sort","Parent Relationship": "Outer","Parallel Aware": false,"Async Capable": false,"Startup Cost": 172682.58,"Total Cost": 172700.67,"Plan Rows": 7238,"Plan Width": 27,"Actual Startup Time": 388.957,"Actual Total Time": 389.195,"Actual Rows": 6260,"Actual Loops": 5,"Sort Key": ["lineitem.l_shipmode"],"Sort Method": "quicksort","Sort Space Used": 634,"Sort Space Type": "Memory","Workers": [{"Worker Number": 0,"Sort Method": "quicksort","Sort Space Used": 629,"Sort Space Type": "Memory"},{"Worker Number": 1,"Sort Method": "quicksort","Sort Space Used": 630,"Sort Space Type": "Memory"},{"Worker Number": 2,"Sort Method": "quicksort","Sort Space Used": 634,"Sort Space Type": "Memory"},{"Worker Number": 3,"Sort Method": "quicksort","Sort Space Used": 636,"Sort Space Type": "Memory"}],"Plans": [{"Node Type": "Nested Loop","Parent Relationship": "Outer","Parallel Aware": false,"Async Capable": false,"Join Type": "Inner","Startup Cost": 0.43,"Total Cost": 172218.57,"Plan Rows": 7238,"Plan Width": 27,"Actual Startup Time": 0.208,"Actual Total Time": 386.196,"Actual Rows": 6260,"Actual Loops": 5,"Inner Unique": true,"Workers": [],"Plans": [{"Node Type": "Seq Scan","Parent Relationship": "Outer","Parallel Aware": true,"Async Capable": false,"Relation Name": "lineitem","Alias": "lineitem","Startup Cost": 0.00,"Total Cost": 146259.83,"Plan Rows": 7238,"Plan Width": 15,"Actual Startup Time": 0.091,"Actual Total Time": 351.764,"Actual Rows": 6260,"Actual Loops": 5,"Filter": "((l_shipmode = ANY ('{FOB,AIR}'::bpchar[])) AND (l_commitdate < l_receiptdate) AND (l_shipdate < l_commitdate) AND (l_receiptdate >= '1996-01-01'::date) AND (l_receiptdate < '1997-01-01 00:00:00'::timestamp without time zone))","Rows Removed by Filter": 1193983,"Workers": []},{"Node Type": "Index Scan","Parent Relationship": "Inner","Parallel Aware": false,"Async Capable": false,"Scan Direction": "Forward","Index Name": "orders_pkey","Relation Name": "orders","Alias": "orders","Startup Cost": 0.43,"Total Cost": 3.59,"Plan Rows": 1,"Plan Width": 20,"Actual Startup Time": 0.005,"Actual Total Time": 0.005,"Actual Rows": 1,"Actual Loops": 31301,"Index Cond": "(o_orderkey = lineitem.l_orderkey)","Rows Removed by Index Recheck": 0,"Workers": []}]}]}]}]}]},"Planning Time": 5.507,"Triggers": [],"Execution Time": 432.205}]
[{"Plan": {"Node Type": "Aggregate","Strategy": "Sorted","Partial Mode": "Finalize","Parallel Aware": false,"Async Capable": false,"Startup Cost": 174105.10,"Total Cost": 174257.46,"Plan Rows": 7,"Plan Width": 27,"Actual Startup Time": 396.005,"Actual Total Time": 428.954,"Actual Rows": 2,"Actual Loops": 1,"Group Key": ["lineitem.l_shipmode"],"Plans": [{"Node Type": "Gather Merge","Parent Relationship": "Outer","Parallel Aware": false,"Async Capable": false,"Startup Cost": 174105.10,"Total Cost": 174257.18,"Plan Rows": 28,"Plan Width": 27,"Actual Startup Time": 395.079,"Actual Total Time": 428.914,"Actual Rows": 10,"Actual Loops": 1,"Workers Planned": 4,"Workers Launched": 4,"Plans": [{"Node Type": "Aggregate","Strategy": "Sorted","Partial Mode": "Partial","Parent Relationship": "Outer","Parallel Aware": false,"Async Capable": false,"Startup Cost": 173105.04,"Total Cost": 173253.79,"Plan Rows": 7,"Plan Width": 27,"Actual Startup Time": 386.545,"Actual Total Time": 387.302,"Actual Rows": 2,"Actual Loops": 5,"Group Key": ["lineitem.l_shipmode"],"Workers": [],"Plans": [{"Node Type": "Sort","Parent Relationship": "Outer","Parallel Aware": false,"Async Capable": false,"Startup Cost": 173105.04,"Total Cost": 173123.62,"Plan Rows": 7434,"Plan Width": 27,"Actual Startup Time": 385.799,"Actual Total Time": 386.053,"Actual Rows": 6257,"Actual Loops": 5,"Sort Key": ["lineitem.l_shipmode"],"Sort Method": "quicksort","Sort Space Used": 644,"Sort Space Type": "Memory","Workers": [{"Worker Number": 0,"Sort Method": "quicksort","Sort Space Used": 629,"Sort Space Type": "Memory"},{"Worker Number": 1,"Sort Method": "quicksort","Sort Space Used": 633,"Sort Space Type": "Memory"},{"Worker Number": 2,"Sort Method": "quicksort","Sort Space Used": 623,"Sort Space Type": "Memory"},{"Worker Number": 3,"Sort Method": "quicksort","Sort Space Used": 634,"Sort Space Type": "Memory"}],"Plans": [{"Node Type": "Nested Loop","Parent Relationship": "Outer","Parallel Aware": false,"Async Capable": false,"Join Type": "Inner","Startup Cost": 0.43,"Total Cost": 172627.03,"Plan Rows": 7434,"Plan Width": 27,"Actual Startup Time": 0.350,"Actual Total Time": 382.973,"Actual Rows": 6257,"Actual Loops": 5,"Inner Unique": true,"Workers": [],"Plans": [{"Node Type": "Seq Scan","Parent Relationship": "Outer","Parallel Aware": true,"Async Capable": false,"Relation Name": "lineitem","Alias": "lineitem","Startup Cost": 0.00,"Total Cost": 146259.83,"Plan Rows": 7434,"Plan Width": 15,"Actual Startup Time": 0.228,"Actual Total Time": 348.442,"Actual Rows": 6257,"Actual Loops": 5,"Filter": "((l_shipmode = ANY ('{TRUCK,RAIL}'::bpchar[])) AND (l_commitdate < l_receiptdate) AND (l_shipdate < l_commitdate) AND (l_receiptdate >= '1995-01-01'::date) AND (l_receiptdate < '1996-01-01 00:00:00'::timestamp without time zone))","Rows Removed by Filter": 1193986,"Workers": []},{"Node Type": "Index Scan","Parent Relationship": "Inner","Parallel Aware": false,"Async Capable": false,"Scan Direction": "Forward","Index Name": "orders_pkey","Relation Name": "orders","Alias": "orders","Startup Cost": 0.43,"Total Cost": 3.55,"Plan Rows": 1,"Plan Width": 20,"Actual Startup Time": 0.005,"Actual Total Time": 0.005,"Actual Rows": 1,"Actual Loops": 31286,"Index Cond": "(o_orderkey = lineitem.l_orderkey)","Rows Removed by Index Recheck": 0,"Workers": []}]}]}]}]}]},"Planning Time": 4.139,"Triggers": [],"Execution Time": 429.489}]
[{"Plan": {"Node Type": "Aggregate","Strategy": "Sorted","Partial Mode": "Finalize","Parallel Aware": false,"Async Capable": false,"Startup Cost": 173713.32,"Total Cost": 173862.04,"Plan Rows": 7,"Plan Width": 27,"Actual Startup Time": 410.115,"Actual Total Time": 443.554,"Actual Rows": 2,"Actual Loops": 1,"Group Key": ["lineitem.l_shipmode"],"Plans": [{"Node Type": "Gather Merge","Parent Relationship": "Outer","Parallel Aware": false,"Async Capable": false,"Startup Cost": 173713.32,"Total Cost": 173861.76,"Plan Rows": 28,"Plan Width": 27,"Actual Startup Time": 409.282,"Actual Total Time": 443.517,"Actual Rows": 10,"Actual Loops": 1,"Workers Planned": 4,"Workers Launched": 4,"Plans": [{"Node Type": "Aggregate","Strategy": "Sorted","Partial Mode": "Partial","Parent Relationship": "Outer","Parallel Aware": false,"Async Capable": false,"Startup Cost": 172713.26,"Total Cost": 172858.37,"Plan Rows": 7,"Plan Width": 27,"Actual Startup Time": 400.961,"Actual Total Time": 401.704,"Actual Rows": 2,"Actual Loops": 5,"Group Key": ["lineitem.l_shipmode"],"Workers": [],"Plans": [{"Node Type": "Sort","Parent Relationship": "Outer","Parallel Aware": false,"Async Capable": false,"Startup Cost": 172713.26,"Total Cost": 172731.39,"Plan Rows": 7252,"Plan Width": 27,"Actual Startup Time": 400.204,"Actual Total Time": 400.447,"Actual Rows": 6242,"Actual Loops": 5,"Sort Key": ["lineitem.l_shipmode"],"Sort Method": "quicksort","Sort Space Used": 637,"Sort Space Type": "Memory","Workers": [{"Worker Number": 0,"Sort Method": "quicksort","Sort Space Used": 638,"Sort Space Type": "Memory"},{"Worker Number": 1,"Sort Method": "quicksort","Sort Space Used": 604,"Sort Space Type": "Memory"},{"Worker Number": 2,"Sort Method": "quicksort","Sort Space Used": 635,"Sort Space Type": "Memory"},{"Worker Number": 3,"Sort Method": "quicksort","Sort Space Used": 643,"Sort Space Type": "Memory"}],"Plans": [{"Node Type": "Nested Loop","Parent Relationship": "Outer","Parallel Aware": false,"Async Capable": false,"Join Type": "Inner","Startup Cost": 0.43,"Total Cost": 172248.26,"Plan Rows": 7252,"Plan Width": 27,"Actual Startup Time": 0.323,"Actual Total Time": 397.300,"Actual Rows": 6242,"Actual Loops": 5,"Inner Unique": true,"Workers": [],"Plans": [{"Node Type": "Seq Scan","Parent Relationship": "Outer","Parallel Aware": true,"Async Capable": false,"Relation Name": "lineitem","Alias": "lineitem","Startup Cost": 0.00,"Total Cost": 146259.83,"Plan Rows": 7252,"Plan Width": 15,"Actual Startup Time": 0.220,"Actual Total Time": 361.126,"Actual Rows": 6242,"Actual Loops": 5,"Filter": "((l_shipmode = ANY ('{SHIP,AIR}'::bpchar[])) AND (l_commitdate < l_receiptdate) AND (l_shipdate < l_commitdate) AND (l_receiptdate >= '1993-01-01'::date) AND (l_receiptdate < '1994-01-01 00:00:00'::timestamp without time zone))","Rows Removed by Filter": 1194001,"Workers": []},{"Node Type": "Index Scan","Parent Relationship": "Inner","Parallel Aware": false,"Async Capable": false,"Scan Direction": "Forward","Index Name": "orders_pkey","Relation Name": "orders","Alias": "orders","Startup Cost": 0.43,"Total Cost": 3.58,"Plan Rows": 1,"Plan Width": 20,"Actual Startup Time": 0.005,"Actual Total Time": 0.005,"Actual Rows": 1,"Actual Loops": 31209,"Index Cond": "(o_orderkey = lineitem.l_orderkey)","Rows Removed by Index Recheck": 0,"Workers": []}]}]}]}]}]},"Planning Time": 4.220,"Triggers": [],"Execution Time": 444.285}]
[{"Plan": {"Node Type": "Aggregate","Strategy": "Sorted","Partial Mode": "Finalize","Parallel Aware": false,"Async Capable": false,"Startup Cost": 173833.00,"Total Cost": 173982.82,"Plan Rows": 7,"Plan Width": 27,"Actual Startup Time": 396.792,"Actual Total Time": 429.357,"Actual Rows": 2,"Actual Loops": 1,"Group Key": ["lineitem.l_shipmode"],"Plans": [{"Node Type": "Gather Merge","Parent Relationship": "Outer","Parallel Aware": false,"Async Capable": false,"Startup Cost": 173833.00,"Total Cost": 173982.54,"Plan Rows": 28,"Plan Width": 27,"Actual Startup Time": 395.900,"Actual Total Time": 429.322,"Actual Rows": 10,"Actual Loops": 1,"Workers Planned": 4,"Workers Launched": 4,"Plans": [{"Node Type": "Aggregate","Strategy": "Sorted","Partial Mode": "Partial","Parent Relationship": "Outer","Parallel Aware": false,"Async Capable": false,"Startup Cost": 172832.94,"Total Cost": 172979.15,"Plan Rows": 7,"Plan Width": 27,"Actual Startup Time": 387.909,"Actual Total Time": 388.656,"Actual Rows": 2,"Actual Loops": 5,"Group Key": ["lineitem.l_shipmode"],"Workers": [],"Plans": [{"Node Type": "Sort","Parent Relationship": "Outer","Parallel Aware": false,"Async Capable": false,"Startup Cost": 172832.94,"Total Cost": 172851.21,"Plan Rows": 7307,"Plan Width": 27,"Actual Startup Time": 387.145,"Actual Total Time": 387.396,"Actual Rows": 6234,"Actual Loops": 5,"Sort Key": ["lineitem.l_shipmode"],"Sort Method": "quicksort","Sort Space Used": 638,"Sort Space Type": "Memory","Workers": [{"Worker Number": 0,"Sort Method": "quicksort","Sort Space Used": 631,"Sort Space Type": "Memory"},{"Worker Number": 1,"Sort Method": "quicksort","Sort Space Used": 635,"Sort Space Type": "Memory"},{"Worker Number": 2,"Sort Method": "quicksort","Sort Space Used": 624,"Sort Space Type": "Memory"},{"Worker Number": 3,"Sort Method": "quicksort","Sort Space Used": 627,"Sort Space Type": "Memory"}],"Plans": [{"Node Type": "Nested Loop","Parent Relationship": "Outer","Parallel Aware": false,"Async Capable": false,"Join Type": "Inner","Startup Cost": 0.43,"Total Cost": 172364.01,"Plan Rows": 7307,"Plan Width": 27,"Actual Startup Time": 0.359,"Actual Total Time": 384.349,"Actual Rows": 6234,"Actual Loops": 5,"Inner Unique": true,"Workers": [],"Plans": [{"Node Type": "Seq Scan","Parent Relationship": "Outer","Parallel Aware": true,"Async Capable": false,"Relation Name": "lineitem","Alias": "lineitem","Startup Cost": 0.00,"Total Cost": 146259.83,"Plan Rows": 7307,"Plan Width": 15,"Actual Startup Time": 0.240,"Actual Total Time": 349.904,"Actual Rows": 6234,"Actual Loops": 5,"Filter": "((l_shipmode = ANY ('{MAIL,SHIP}'::bpchar[])) AND (l_commitdate < l_receiptdate) AND (l_shipdate < l_commitdate) AND (l_receiptdate >= '1993-01-01'::date) AND (l_receiptdate < '1994-01-01 00:00:00'::timestamp without time zone))","Rows Removed by Filter": 1194009,"Workers": []},{"Node Type": "Index Scan","Parent Relationship": "Inner","Parallel Aware": false,"Async Capable": false,"Scan Direction": "Forward","Index Name": "orders_pkey","Relation Name": "orders","Alias": "orders","Startup Cost": 0.43,"Total Cost": 3.57,"Plan Rows": 1,"Plan Width": 20,"Actual Startup Time": 0.005,"Actual Total Time": 0.005,"Actual Rows": 1,"Actual Loops": 31169,"Index Cond": "(o_orderkey = lineitem.l_orderkey)","Rows Removed by Index Recheck": 0,"Workers": []}]}]}]}]}]},"Planning Time": 3.944,"Triggers": [],"Execution Time": 429.771}]
[{"Plan": {"Node Type": "Aggregate","Strategy": "Sorted","Partial Mode": "Finalize","Parallel Aware": false,"Async Capable": false,"Startup Cost": 173991.94,"Total Cost": 174143.24,"Plan Rows": 7,"Plan Width": 27,"Actual Startup Time": 393.860,"Actual Total Time": 426.833,"Actual Rows": 2,"Actual Loops": 1,"Group Key": ["lineitem.l_shipmode"],"Plans": [{"Node Type": "Gather Merge","Parent Relationship": "Outer","Parallel Aware": false,"Async Capable": false,"Startup Cost": 173991.94,"Total Cost": 174142.96,"Plan Rows": 28,"Plan Width": 27,"Actual Startup Time": 393.015,"Actual Total Time": 426.800,"Actual Rows": 10,"Actual Loops": 1,"Workers Planned": 4,"Workers Launched": 4,"Plans": [{"Node Type": "Aggregate","Strategy": "Sorted","Partial Mode": "Partial","Parent Relationship": "Outer","Parallel Aware": false,"Async Capable": false,"Startup Cost": 172991.88,"Total Cost": 173139.57,"Plan Rows": 7,"Plan Width": 27,"Actual Startup Time": 385.068,"Actual Total Time": 385.797,"Actual Rows": 2,"Actual Loops": 5,"Group Key": ["lineitem.l_shipmode"],"Workers": [],"Plans": [{"Node Type": "Sort","Parent Relationship": "Outer","Parallel Aware": false,"Async Capable": false,"Startup Cost": 172991.88,"Total Cost": 173010.33,"Plan Rows": 7381,"Plan Width": 27,"Actual Startup Time": 384.308,"Actual Total Time": 384.558,"Actual Rows": 6214,"Actual Loops": 5,"Sort Key": ["lineitem.l_shipmode"],"Sort Method": "quicksort","Sort Space Used": 638,"Sort Space Type": "Memory","Workers": [{"Worker Number": 0,"Sort Method": "quicksort","Sort Space Used": 628,"Sort Space Type": "Memory"},{"Worker Number": 1,"Sort Method": "quicksort","Sort Space Used": 631,"Sort Space Type": "Memory"},{"Worker Number": 2,"Sort Method": "quicksort","Sort Space Used": 621,"Sort Space Type": "Memory"},{"Worker Number": 3,"Sort Method": "quicksort","Sort Space Used": 630,"Sort Space Type": "Memory"}],"Plans": [{"Node Type": "Nested Loop","Parent Relationship": "Outer","Parallel Aware": false,"Async Capable": false,"Join Type": "Inner","Startup Cost": 0.43,"Total Cost": 172517.67,"Plan Rows": 7381,"Plan Width": 27,"Actual Startup Time": 0.418,"Actual Total Time": 381.519,"Actual Rows": 6214,"Actual Loops": 5,"Inner Unique": true,"Workers": [],"Plans": [{"Node Type": "Seq Scan","Parent Relationship": "Outer","Parallel Aware": true,"Async Capable": false,"Relation Name": "lineitem","Alias": "lineitem","Startup Cost": 0.00,"Total Cost": 146259.83,"Plan Rows": 7381,"Plan Width": 15,"Actual Startup Time": 0.298,"Actual Total Time": 347.355,"Actual Rows": 6214,"Actual Loops": 5,"Filter": "((l_shipmode = ANY ('{RAIL,\"REG AIR\"}'::bpchar[])) AND (l_commitdate < l_receiptdate) AND (l_shipdate < l_commitdate) AND (l_receiptdate >= '1995-01-01'::date) AND (l_receiptdate < '1996-01-01 00:00:00'::timestamp without time zone))","Rows Removed by Filter": 1194029,"Workers": []},{"Node Type": "Index Scan","Parent Relationship": "Inner","Parallel Aware": false,"Async Capable": false,"Scan Direction": "Forward","Index Name": "orders_pkey","Relation Name": "orders","Alias": "orders","Startup Cost": 0.43,"Total Cost": 3.56,"Plan Rows": 1,"Plan Width": 20,"Actual Startup Time": 0.005,"Actual Total Time": 0.005,"Actual Rows": 1,"Actual Loops": 31068,"Index Cond": "(o_orderkey = lineitem.l_orderkey)","Rows Removed by Index Recheck": 0,"Workers": []}]}]}]}]}]},"Planning Time": 5.438,"Triggers": [],"Execution Time": 427.231}]
[{"Plan": {"Node Type": "Aggregate","Strategy": "Sorted","Partial Mode": "Finalize","Parallel Aware": false,"Async Capable": false,"Startup Cost": 173623.66,"Total Cost": 173771.59,"Plan Rows": 7,"Plan Width": 27,"Actual Startup Time": 405.204,"Actual Total Time": 439.075,"Actual Rows": 2,"Actual Loops": 1,"Group Key": ["lineitem.l_shipmode"],"Plans": [{"Node Type": "Gather Merge","Parent Relationship": "Outer","Parallel Aware": false,"Async Capable": false,"Startup Cost": 173623.66,"Total Cost": 173771.31,"Plan Rows": 28,"Plan Width": 27,"Actual Startup Time": 404.340,"Actual Total Time": 439.026,"Actual Rows": 10,"Actual Loops": 1,"Workers Planned": 4,"Workers Launched": 4,"Plans": [{"Node Type": "Aggregate","Strategy": "Sorted","Partial Mode": "Partial","Parent Relationship": "Outer","Parallel Aware": false,"Async Capable": false,"Startup Cost": 172623.60,"Total Cost": 172767.91,"Plan Rows": 7,"Plan Width": 27,"Actual Startup Time": 395.674,"Actual Total Time": 396.412,"Actual Rows": 2,"Actual Loops": 5,"Group Key": ["lineitem.l_shipmode"],"Workers": [],"Plans": [{"Node Type": "Sort","Parent Relationship": "Outer","Parallel Aware": false,"Async Capable": false,"Startup Cost": 172623.60,"Total Cost": 172641.63,"Plan Rows": 7212,"Plan Width": 27,"Actual Startup Time": 394.945,"Actual Total Time": 395.191,"Actual Rows": 6242,"Actual Loops": 5,"Sort Key": ["lineitem.l_shipmode"],"Sort Method": "quicksort","Sort Space Used": 632,"Sort Space Type": "Memory","Workers": [{"Worker Number": 0,"Sort Method": "quicksort","Sort Space Used": 635,"Sort Space Type": "Memory"},{"Worker Number": 1,"Sort Method": "quicksort","Sort Space Used": 648,"Sort Space Type": "Memory"},{"Worker Number": 2,"Sort Method": "quicksort","Sort Space Used": 633,"Sort Space Type": "Memory"},{"Worker Number": 3,"Sort Method": "quicksort","Sort Space Used": 608,"Sort Space Type": "Memory"}],"Plans": [{"Node Type": "Nested Loop","Parent Relationship": "Outer","Parallel Aware": false,"Async Capable": false,"Join Type": "Inner","Startup Cost": 0.43,"Total Cost": 172161.45,"Plan Rows": 7212,"Plan Width": 27,"Actual Startup Time": 0.228,"Actual Total Time": 392.049,"Actual Rows": 6242,"Actual Loops": 5,"Inner Unique": true,"Workers": [],"Plans": [{"Node Type": "Seq Scan","Parent Relationship": "Outer","Parallel Aware": true,"Async Capable": false,"Relation Name": "lineitem","Alias": "lineitem","Startup Cost": 0.00,"Total Cost": 146259.83,"Plan Rows": 7211,"Plan Width": 15,"Actual Startup Time": 0.143,"Actual Total Time": 355.732,"Actual Rows": 6242,"Actual Loops": 5,"Filter": "((l_shipmode = ANY ('{\"REG AIR\",TRUCK}'::bpchar[])) AND (l_commitdate < l_receiptdate) AND (l_shipdate < l_commitdate) AND (l_receiptdate >= '1996-01-01'::date) AND (l_receiptdate < '1997-01-01 00:00:00'::timestamp without time zone))","Rows Removed by Filter": 1194001,"Workers": []},{"Node Type": "Index Scan","Parent Relationship": "Inner","Parallel Aware": false,"Async Capable": false,"Scan Direction": "Forward","Index Name": "orders_pkey","Relation Name": "orders","Alias": "orders","Startup Cost": 0.43,"Total Cost": 3.59,"Plan Rows": 1,"Plan Width": 20,"Actual Startup Time": 0.005,"Actual Total Time": 0.005,"Actual Rows": 1,"Actual Loops": 31208,"Index Cond": "(o_orderkey = lineitem.l_orderkey)","Rows Removed by Index Recheck": 0,"Workers": []}]}]}]}]}]},"Planning Time": 4.729,"Triggers": [],"Execution Time": 439.731}]
[{"Plan": {"Node Type": "Aggregate","Strategy": "Sorted","Partial Mode": "Finalize","Parallel Aware": false,"Async Capable": false,"Startup Cost": 173946.72,"Total Cost": 174097.61,"Plan Rows": 7,"Plan Width": 27,"Actual Startup Time": 395.781,"Actual Total Time": 430.177,"Actual Rows": 2,"Actual Loops": 1,"Group Key": ["lineitem.l_shipmode"],"Plans": [{"Node Type": "Gather Merge","Parent Relationship": "Outer","Parallel Aware": false,"Async Capable": false,"Startup Cost": 173946.72,"Total Cost": 174097.33,"Plan Rows": 28,"Plan Width": 27,"Actual Startup Time": 394.943,"Actual Total Time": 430.120,"Actual Rows": 10,"Actual Loops": 1,"Workers Planned": 4,"Workers Launched": 4,"Plans": [{"Node Type": "Aggregate","Strategy": "Sorted","Partial Mode": "Partial","Parent Relationship": "Outer","Parallel Aware": false,"Async Capable": false,"Startup Cost": 172946.66,"Total Cost": 173093.93,"Plan Rows": 7,"Plan Width": 27,"Actual Startup Time": 386.840,"Actual Total Time": 387.555,"Actual Rows": 2,"Actual Loops": 5,"Group Key": ["lineitem.l_shipmode"],"Workers": [],"Plans": [{"Node Type": "Sort","Parent Relationship": "Outer","Parallel Aware": false,"Async Capable": false,"Startup Cost": 172946.66,"Total Cost": 172965.06,"Plan Rows": 7360,"Plan Width": 27,"Actual Startup Time": 386.102,"Actual Total Time": 386.336,"Actual Rows": 6187,"Actual Loops": 5,"Sort Key": ["lineitem.l_shipmode"],"Sort Method": "quicksort","Sort Space Used": 634,"Sort Space Type": "Memory","Workers": [{"Worker Number": 0,"Sort Method": "quicksort","Sort Space Used": 619,"Sort Space Type": "Memory"},{"Worker Number": 1,"Sort Method": "quicksort","Sort Space Used": 623,"Sort Space Type": "Memory"},{"Worker Number": 2,"Sort Method": "quicksort","Sort Space Used": 623,"Sort Space Type": "Memory"},{"Worker Number": 3,"Sort Method": "quicksort","Sort Space Used": 638,"Sort Space Type": "Memory"}],"Plans": [{"Node Type": "Nested Loop","Parent Relationship": "Outer","Parallel Aware": false,"Async Capable": false,"Join Type": "Inner","Startup Cost": 0.43,"Total Cost": 172473.95,"Plan Rows": 7360,"Plan Width": 27,"Actual Startup Time": 0.259,"Actual Total Time": 383.268,"Actual Rows": 6187,"Actual Loops": 5,"Inner Unique": true,"Workers": [],"Plans": [{"Node Type": "Seq Scan","Parent Relationship": "Outer","Parallel Aware": true,"Async Capable": false,"Relation Name": "lineitem","Alias": "lineitem","Startup Cost": 0.00,"Total Cost": 146259.83,"Plan Rows": 7360,"Plan Width": 15,"Actual Startup Time": 0.147,"Actual Total Time": 348.241,"Actual Rows": 6187,"Actual Loops": 5,"Filter": "((l_shipmode = ANY ('{MAIL,TRUCK}'::bpchar[])) AND (l_commitdate < l_receiptdate) AND (l_shipdate < l_commitdate) AND (l_receiptdate >= '1993-01-01'::date) AND (l_receiptdate < '1994-01-01 00:00:00'::timestamp without time zone))","Rows Removed by Filter": 1194056,"Workers": []},{"Node Type": "Index Scan","Parent Relationship": "Inner","Parallel Aware": false,"Async Capable": false,"Scan Direction": "Forward","Index Name": "orders_pkey","Relation Name": "orders","Alias": "orders","Startup Cost": 0.43,"Total Cost": 3.56,"Plan Rows": 1,"Plan Width": 20,"Actual Startup Time": 0.005,"Actual Total Time": 0.005,"Actual Rows": 1,"Actual Loops": 30935,"Index Cond": "(o_orderkey = lineitem.l_orderkey)","Rows Removed by Index Recheck": 0,"Workers": []}]}]}]}]}]},"Planning Time": 5.086,"Triggers": [],"Execution Time": 430.638}]
[{"Plan": {"Node Type": "Aggregate","Strategy": "Sorted","Partial Mode": "Finalize","Parallel Aware": false,"Async Capable": false,"Startup Cost": 173624.30,"Total Cost": 173772.20,"Plan Rows": 7,"Plan Width": 27,"Actual Startup Time": 394.067,"Actual Total Time": 427.001,"Actual Rows": 2,"Actual Loops": 1,"Group Key": ["lineitem.l_shipmode"],"Plans": [{"Node Type": "Gather Merge","Parent Relationship": "Outer","Parallel Aware": false,"Async Capable": false,"Startup Cost": 173624.30,"Total Cost": 173771.92,"Plan Rows": 28,"Plan Width": 27,"Actual Startup Time": 393.213,"Actual Total Time": 426.957,"Actual Rows": 10,"Actual Loops": 1,"Workers Planned": 4,"Workers Launched": 4,"Plans": [{"Node Type": "Aggregate","Strategy": "Sorted","Partial Mode": "Partial","Parent Relationship": "Outer","Parallel Aware": false,"Async Capable": false,"Startup Cost": 172624.24,"Total Cost": 172768.53,"Plan Rows": 7,"Plan Width": 27,"Actual Startup Time": 384.696,"Actual Total Time": 385.448,"Actual Rows": 2,"Actual Loops": 5,"Group Key": ["lineitem.l_shipmode"],"Workers": [],"Plans": [{"Node Type": "Sort","Parent Relationship": "Outer","Parallel Aware": false,"Async Capable": false,"Startup Cost": 172624.24,"Total Cost": 172642.27,"Plan Rows": 7211,"Plan Width": 27,"Actual Startup Time": 383.927,"Actual Total Time": 384.188,"Actual Rows": 6208,"Actual Loops": 5,"Sort Key": ["lineitem.l_shipmode"],"Sort Method": "quicksort","Sort Space Used": 619,"Sort Space Type": "Memory","Workers": [{"Worker Number": 0,"Sort Method": "quicksort","Sort Space Used": 638,"Sort Space Type": "Memory"},{"Worker Number": 1,"Sort Method": "quicksort","Sort Space Used": 608,"Sort Space Type": "Memory"},{"Worker Number": 2,"Sort Method": "quicksort","Sort Space Used": 641,"Sort Space Type": "Memory"},{"Worker Number": 3,"Sort Method": "quicksort","Sort Space Used": 639,"Sort Space Type": "Memory"}],"Plans": [{"Node Type": "Nested Loop","Parent Relationship": "Outer","Parallel Aware": false,"Async Capable": false,"Join Type": "Inner","Startup Cost": 0.43,"Total Cost": 172162.16,"Plan Rows": 7211,"Plan Width": 27,"Actual Startup Time": 0.477,"Actual Total Time": 381.096,"Actual Rows": 6208,"Actual Loops": 5,"Inner Unique": true,"Workers": [],"Plans": [{"Node Type": "Seq Scan","Parent Relationship": "Outer","Parallel Aware": true,"Async Capable": false,"Relation Name": "lineitem","Alias": "lineitem","Startup Cost": 0.00,"Total Cost": 146259.83,"Plan Rows": 7211,"Plan Width": 15,"Actual Startup Time": 0.356,"Actual Total Time": 346.497,"Actual Rows": 6208,"Actual Loops": 5,"Filter": "((l_shipmode = ANY ('{AIR,TRUCK}'::bpchar[])) AND (l_commitdate < l_receiptdate) AND (l_shipdate < l_commitdate) AND (l_receiptdate >= '1997-01-01'::date) AND (l_receiptdate < '1998-01-01 00:00:00'::timestamp without time zone))","Rows Removed by Filter": 1194035,"Workers": []},{"Node Type": "Index Scan","Parent Relationship": "Inner","Parallel Aware": false,"Async Capable": false,"Scan Direction": "Forward","Index Name": "orders_pkey","Relation Name": "orders","Alias": "orders","Startup Cost": 0.43,"Total Cost": 3.59,"Plan Rows": 1,"Plan Width": 20,"Actual Startup Time": 0.005,"Actual Total Time": 0.005,"Actual Rows": 1,"Actual Loops": 31041,"Index Cond": "(o_orderkey = lineitem.l_orderkey)","Rows Removed by Index Recheck": 0,"Workers": []}]}]}]}]}]},"Planning Time": 5.284,"Triggers": [],"Execution Time": 427.609}]
[{"Plan": {"Node Type": "Aggregate","Strategy": "Sorted","Partial Mode": "Finalize","Parallel Aware": false,"Async Capable": false,"Startup Cost": 173731.11,"Total Cost": 173879.99,"Plan Rows": 7,"Plan Width": 27,"Actual Startup Time": 399.070,"Actual Total Time": 431.512,"Actual Rows": 2,"Actual Loops": 1,"Group Key": ["lineitem.l_shipmode"],"Plans": [{"Node Type": "Gather Merge","Parent Relationship": "Outer","Parallel Aware": false,"Async Capable": false,"Startup Cost": 173731.11,"Total Cost": 173879.71,"Plan Rows": 28,"Plan Width": 27,"Actual Startup Time": 398.184,"Actual Total Time": 431.472,"Actual Rows": 10,"Actual Loops": 1,"Workers Planned": 4,"Workers Launched": 4,"Plans": [{"Node Type": "Aggregate","Strategy": "Sorted","Partial Mode": "Partial","Parent Relationship": "Outer","Parallel Aware": false,"Async Capable": false,"Startup Cost": 172731.05,"Total Cost": 172876.32,"Plan Rows": 7,"Plan Width": 27,"Actual Startup Time": 389.703,"Actual Total Time": 390.457,"Actual Rows": 2,"Actual Loops": 5,"Group Key": ["lineitem.l_shipmode"],"Workers": [],"Plans": [{"Node Type": "Sort","Parent Relationship": "Outer","Parallel Aware": false,"Async Capable": false,"Startup Cost": 172731.05,"Total Cost": 172749.20,"Plan Rows": 7260,"Plan Width": 27,"Actual Startup Time": 388.957,"Actual Total Time": 389.207,"Actual Rows": 6256,"Actual Loops": 5,"Sort Key": ["lineitem.l_shipmode"],"Sort Method": "quicksort","Sort Space Used": 639,"Sort Space Type": "Memory","Workers": [{"Worker Number": 0,"Sort Method": "quicksort","Sort Space Used": 634,"Sort Space Type": "Memory"},{"Worker Number": 1,"Sort Method": "quicksort","Sort Space Used": 638,"Sort Space Type": "Memory"},{"Worker Number": 2,"Sort Method": "quicksort","Sort Space Used": 629,"Sort Space Type": "Memory"},{"Worker Number": 3,"Sort Method": "quicksort","Sort Space Used": 622,"Sort Space Type": "Memory"}],"Plans": [{"Node Type": "Nested Loop","Parent Relationship": "Outer","Parallel Aware": false,"Async Capable": false,"Join Type": "Inner","Startup Cost": 0.43,"Total Cost": 172265.48,"Plan Rows": 7260,"Plan Width": 27,"Actual Startup Time": 0.488,"Actual Total Time": 386.084,"Actual Rows": 6256,"Actual Loops": 5,"Inner Unique": true,"Workers": [],"Plans": [{"Node Type": "Seq Scan","Parent Relationship": "Outer","Parallel Aware": true,"Async Capable": false,"Relation Name": "lineitem","Alias": "lineitem","Startup Cost": 0.00,"Total Cost": 146259.83,"Plan Rows": 7260,"Plan Width": 15,"Actual Startup Time": 0.360,"Actual Total Time": 351.587,"Actual Rows": 6256,"Actual Loops": 5,"Filter": "((l_shipmode = ANY ('{RAIL,FOB}'::bpchar[])) AND (l_commitdate < l_receiptdate) AND (l_shipdate < l_commitdate) AND (l_receiptdate >= '1997-01-01'::date) AND (l_receiptdate < '1998-01-01 00:00:00'::timestamp without time zone))","Rows Removed by Filter": 1193987,"Workers": []},{"Node Type": "Index Scan","Parent Relationship": "Inner","Parallel Aware": false,"Async Capable": false,"Scan Direction": "Forward","Index Name": "orders_pkey","Relation Name": "orders","Alias": "orders","Startup Cost": 0.43,"Total Cost": 3.58,"Plan Rows": 1,"Plan Width": 20,"Actual Startup Time": 0.005,"Actual Total Time": 0.005,"Actual Rows": 1,"Actual Loops": 31282,"Index Cond": "(o_orderkey = lineitem.l_orderkey)","Rows Removed by Index Recheck": 0,"Workers": []}]}]}]}]}]},"Planning Time": 4.681,"Triggers": [],"Execution Time": 432.001}]
[{"Plan": {"Node Type": "Aggregate","Strategy": "Sorted","Partial Mode": "Finalize","Parallel Aware": false,"Async Capable": false,"Startup Cost": 173833.00,"Total Cost": 173982.82,"Plan Rows": 7,"Plan Width": 27,"Actual Startup Time": 396.792,"Actual Total Time": 429.357,"Actual Rows": 2,"Actual Loops": 1,"Group Key": ["lineitem.l_shipmode"],"Plans": [{"Node Type": "Gather Merge","Parent Relationship": "Outer","Parallel Aware": false,"Async Capable": false,"Startup Cost": 173833.00,"Total Cost": 173982.54,"Plan Rows": 28,"Plan Width": 27,"Actual Startup Time": 395.900,"Actual Total Time": 429.322,"Actual Rows": 10,"Actual Loops": 1,"Workers Planned": 4,"Workers Launched": 4,"Plans": [{"Node Type": "Aggregate","Strategy": "Sorted","Partial Mode": "Partial","Parent Relationship": "Outer","Parallel Aware": false,"Async Capable": false,"Startup Cost": 172832.94,"Total Cost": 172979.15,"Plan Rows": 7,"Plan Width": 27,"Actual Startup Time": 387.909,"Actual Total Time": 388.656,"Actual Rows": 2,"Actual Loops": 5,"Group Key": ["lineitem.l_shipmode"],"Workers": [],"Plans": [{"Node Type": "Sort","Parent Relationship": "Outer","Parallel Aware": false,"Async Capable": false,"Startup Cost": 172832.94,"Total Cost": 172851.21,"Plan Rows": 7307,"Plan Width": 27,"Actual Startup Time": 387.145,"Actual Total Time": 387.396,"Actual Rows": 6234,"Actual Loops": 5,"Sort Key": ["lineitem.l_shipmode"],"Sort Method": "quicksort","Sort Space Used": 638,"Sort Space Type": "Memory","Workers": [{"Worker Number": 0,"Sort Method": "quicksort","Sort Space Used": 631,"Sort Space Type": "Memory"},{"Worker Number": 1,"Sort Method": "quicksort","Sort Space Used": 635,"Sort Space Type": "Memory"},{"Worker Number": 2,"Sort Method": "quicksort","Sort Space Used": 624,"Sort Space Type": "Memory"},{"Worker Number": 3,"Sort Method": "quicksort","Sort Space Used": 627,"Sort Space Type": "Memory"}],"Plans": [{"Node Type": "Nested Loop","Parent Relationship": "Outer","Parallel Aware": false,"Async Capable": false,"Join Type": "Inner","Startup Cost": 0.43,"Total Cost": 172364.01,"Plan Rows": 7307,"Plan Width": 27,"Actual Startup Time": 0.359,"Actual Total Time": 384.349,"Actual Rows": 6234,"Actual Loops": 5,"Inner Unique": true,"Workers": [],"Plans": [{"Node Type": "Seq Scan","Parent Relationship": "Outer","Parallel Aware": true,"Async Capable": false,"Relation Name": "lineitem","Alias": "lineitem","Startup Cost": 0.00,"Total Cost": 146259.83,"Plan Rows": 7307,"Plan Width": 15,"Actual Startup Time": 0.240,"Actual Total Time": 349.904,"Actual Rows": 6234,"Actual Loops": 5,"Filter": "((l_shipmode = ANY ('{MAIL,SHIP}'::bpchar[])) AND (l_commitdate < l_receiptdate) AND (l_shipdate < l_commitdate) AND (l_receiptdate >= '1993-01-01'::date) AND (l_receiptdate < '1994-01-01 00:00:00'::timestamp without time zone))","Rows Removed by Filter": 1194009,"Workers": []},{"Node Type": "Index Scan","Parent Relationship": "Inner","Parallel Aware": false,"Async Capable": false,"Scan Direction": "Forward","Index Name": "orders_pkey","Relation Name": "orders","Alias": "orders","Startup Cost": 0.43,"Total Cost": 3.57,"Plan Rows": 1,"Plan Width": 20,"Actual Startup Time": 0.005,"Actual Total Time": 0.005,"Actual Rows": 1,"Actual Loops": 31169,"Index Cond": "(o_orderkey = lineitem.l_orderkey)","Rows Removed by Index Recheck": 0,"Workers": []}]}]}]}]}]},"Planning Time": 3.944,"Triggers": [],"Execution Time": 429.771}]
[{"Plan": {"Node Type": "Aggregate","Strategy": "Sorted","Partial Mode": "Finalize","Parallel Aware": false,"Async Capable": false,"Startup Cost": 173718.50,"Total Cost": 173867.27,"Plan Rows": 7,"Plan Width": 27,"Actual Startup Time": 418.868,"Actual Total Time": 452.534,"Actual Rows": 2,"Actual Loops": 1,"Group Key": ["lineitem.l_shipmode"],"Plans": [{"Node Type": "Gather Merge","Parent Relationship": "Outer","Parallel Aware": false,"Async Capable": false,"Startup Cost": 173718.50,"Total Cost": 173866.99,"Plan Rows": 28,"Plan Width": 27,"Actual Startup Time": 417.993,"Actual Total Time": 452.505,"Actual Rows": 10,"Actual Loops": 1,"Workers Planned": 4,"Workers Launched": 4,"Plans": [{"Node Type": "Aggregate","Strategy": "Sorted","Partial Mode": "Partial","Parent Relationship": "Outer","Parallel Aware": false,"Async Capable": false,"Startup Cost": 172718.45,"Total Cost": 172863.60,"Plan Rows": 7,"Plan Width": 27,"Actual Startup Time": 409.427,"Actual Total Time": 410.187,"Actual Rows": 2,"Actual Loops": 5,"Group Key": ["lineitem.l_shipmode"],"Workers": [],"Plans": [{"Node Type": "Sort","Parent Relationship": "Outer","Parallel Aware": false,"Async Capable": false,"Startup Cost": 172718.45,"Total Cost": 172736.58,"Plan Rows": 7254,"Plan Width": 27,"Actual Startup Time": 408.628,"Actual Total Time": 408.905,"Actual Rows": 6247,"Actual Loops": 5,"Sort Key": ["lineitem.l_shipmode"],"Sort Method": "quicksort","Sort Space Used": 618,"Sort Space Type": "Memory","Workers": [{"Worker Number": 0,"Sort Method": "quicksort","Sort Space Used": 610,"Sort Space Type": "Memory"},{"Worker Number": 1,"Sort Method": "quicksort","Sort Space Used": 643,"Sort Space Type": "Memory"},{"Worker Number": 2,"Sort Method": "quicksort","Sort Space Used": 646,"Sort Space Type": "Memory"},{"Worker Number": 3,"Sort Method": "quicksort","Sort Space Used": 642,"Sort Space Type": "Memory"}],"Plans": [{"Node Type": "Nested Loop","Parent Relationship": "Outer","Parallel Aware": false,"Async Capable": false,"Join Type": "Inner","Startup Cost": 0.43,"Total Cost": 172253.30,"Plan Rows": 7254,"Plan Width": 27,"Actual Startup Time": 0.396,"Actual Total Time": 405.525,"Actual Rows": 6247,"Actual Loops": 5,"Inner Unique": true,"Workers": [],"Plans": [{"Node Type": "Seq Scan","Parent Relationship": "Outer","Parallel Aware": true,"Async Capable": false,"Relation Name": "lineitem","Alias": "lineitem","Startup Cost": 0.00,"Total Cost": 146259.83,"Plan Rows": 7254,"Plan Width": 15,"Actual Startup Time": 0.258,"Actual Total Time": 368.111,"Actual Rows": 6247,"Actual Loops": 5,"Filter": "((l_shipmode = ANY ('{RAIL,MAIL}'::bpchar[])) AND (l_commitdate < l_receiptdate) AND (l_shipdate < l_commitdate) AND (l_receiptdate >= '1996-01-01'::date) AND (l_receiptdate < '1997-01-01 00:00:00'::timestamp without time zone))","Rows Removed by Filter": 1193996,"Workers": []},{"Node Type": "Index Scan","Parent Relationship": "Inner","Parallel Aware": false,"Async Capable": false,"Scan Direction": "Forward","Index Name": "orders_pkey","Relation Name": "orders","Alias": "orders","Startup Cost": 0.43,"Total Cost": 3.58,"Plan Rows": 1,"Plan Width": 20,"Actual Startup Time": 0.006,"Actual Total Time": 0.006,"Actual Rows": 1,"Actual Loops": 31235,"Index Cond": "(o_orderkey = lineitem.l_orderkey)","Rows Removed by Index Recheck": 0,"Workers": []}]}]}]}]}]},"Planning Time": 5.103,"Triggers": [],"Execution Time": 453.162}]
[{"Plan": {"Node Type": "Aggregate","Strategy": "Sorted","Partial Mode": "Finalize","Parallel Aware": false,"Async Capable": false,"Startup Cost": 174207.58,"Total Cost": 174360.90,"Plan Rows": 7,"Plan Width": 27,"Actual Startup Time": 395.630,"Actual Total Time": 428.234,"Actual Rows": 2,"Actual Loops": 1,"Group Key": ["lineitem.l_shipmode"],"Plans": [{"Node Type": "Gather Merge","Parent Relationship": "Outer","Parallel Aware": false,"Async Capable": false,"Startup Cost": 174207.58,"Total Cost": 174360.62,"Plan Rows": 28,"Plan Width": 27,"Actual Startup Time": 394.842,"Actual Total Time": 428.195,"Actual Rows": 10,"Actual Loops": 1,"Workers Planned": 4,"Workers Launched": 4,"Plans": [{"Node Type": "Aggregate","Strategy": "Sorted","Partial Mode": "Partial","Parent Relationship": "Outer","Parallel Aware": false,"Async Capable": false,"Startup Cost": 173207.52,"Total Cost": 173357.23,"Plan Rows": 7,"Plan Width": 27,"Actual Startup Time": 386.505,"Actual Total Time": 387.235,"Actual Rows": 2,"Actual Loops": 5,"Group Key": ["lineitem.l_shipmode"],"Workers": [],"Plans": [{"Node Type": "Sort","Parent Relationship": "Outer","Parallel Aware": false,"Async Capable": false,"Startup Cost": 173207.52,"Total Cost": 173226.23,"Plan Rows": 7482,"Plan Width": 27,"Actual Startup Time": 385.737,"Actual Total Time": 385.981,"Actual Rows": 6220,"Actual Loops": 5,"Sort Key": ["lineitem.l_shipmode"],"Sort Method": "quicksort","Sort Space Used": 637,"Sort Space Type": "Memory","Workers": [{"Worker Number": 0,"Sort Method": "quicksort","Sort Space Used": 629,"Sort Space Type": "Memory"},{"Worker Number": 1,"Sort Method": "quicksort","Sort Space Used": 628,"Sort Space Type": "Memory"},{"Worker Number": 2,"Sort Method": "quicksort","Sort Space Used": 630,"Sort Space Type": "Memory"},{"Worker Number": 3,"Sort Method": "quicksort","Sort Space Used": 626,"Sort Space Type": "Memory"}],"Plans": [{"Node Type": "Nested Loop","Parent Relationship": "Outer","Parallel Aware": false,"Async Capable": false,"Join Type": "Inner","Startup Cost": 0.43,"Total Cost": 172726.08,"Plan Rows": 7482,"Plan Width": 27,"Actual Startup Time": 0.346,"Actual Total Time": 382.907,"Actual Rows": 6220,"Actual Loops": 5,"Inner Unique": true,"Workers": [],"Plans": [{"Node Type": "Seq Scan","Parent Relationship": "Outer","Parallel Aware": true,"Async Capable": false,"Relation Name": "lineitem","Alias": "lineitem","Startup Cost": 0.00,"Total Cost": 146259.83,"Plan Rows": 7482,"Plan Width": 15,"Actual Startup Time": 0.221,"Actual Total Time": 348.435,"Actual Rows": 6220,"Actual Loops": 5,"Filter": "((l_shipmode = ANY ('{MAIL,FOB}'::bpchar[])) AND (l_commitdate < l_receiptdate) AND (l_shipdate < l_commitdate) AND (l_receiptdate >= '1995-01-01'::date) AND (l_receiptdate < '1996-01-01 00:00:00'::timestamp without time zone))","Rows Removed by Filter": 1194023,"Workers": []},{"Node Type": "Index Scan","Parent Relationship": "Inner","Parallel Aware": false,"Async Capable": false,"Scan Direction": "Forward","Index Name": "orders_pkey","Relation Name": "orders","Alias": "orders","Startup Cost": 0.43,"Total Cost": 3.54,"Plan Rows": 1,"Plan Width": 20,"Actual Startup Time": 0.005,"Actual Total Time": 0.005,"Actual Rows": 1,"Actual Loops": 31102,"Index Cond": "(o_orderkey = lineitem.l_orderkey)","Rows Removed by Index Recheck": 0,"Workers": []}]}]}]}]}]},"Planning Time": 5.354,"Triggers": [],"Execution Time": 428.789}]
[{"Plan": {"Node Type": "Aggregate","Strategy": "Sorted","Partial Mode": "Finalize","Parallel Aware": false,"Async Capable": false,"Startup Cost": 173989.00,"Total Cost": 174140.29,"Plan Rows": 7,"Plan Width": 27,"Actual Startup Time": 400.246,"Actual Total Time": 434.461,"Actual Rows": 2,"Actual Loops": 1,"Group Key": ["lineitem.l_shipmode"],"Plans": [{"Node Type": "Gather Merge","Parent Relationship": "Outer","Parallel Aware": false,"Async Capable": false,"Startup Cost": 173989.00,"Total Cost": 174140.01,"Plan Rows": 28,"Plan Width": 27,"Actual Startup Time": 399.317,"Actual Total Time": 434.410,"Actual Rows": 10,"Actual Loops": 1,"Workers Planned": 4,"Workers Launched": 4,"Plans": [{"Node Type": "Aggregate","Strategy": "Sorted","Partial Mode": "Partial","Parent Relationship": "Outer","Parallel Aware": false,"Async Capable": false,"Startup Cost": 172988.94,"Total Cost": 173136.61,"Plan Rows": 7,"Plan Width": 27,"Actual Startup Time": 390.989,"Actual Total Time": 391.738,"Actual Rows": 2,"Actual Loops": 5,"Group Key": ["lineitem.l_shipmode"],"Workers": [],"Plans": [{"Node Type": "Sort","Parent Relationship": "Outer","Parallel Aware": false,"Async Capable": false,"Startup Cost": 172988.94,"Total Cost": 173007.39,"Plan Rows": 7380,"Plan Width": 27,"Actual Startup Time": 390.234,"Actual Total Time": 390.499,"Actual Rows": 6215,"Actual Loops": 5,"Sort Key": ["lineitem.l_shipmode"],"Sort Method": "quicksort","Sort Space Used": 636,"Sort Space Type": "Memory","Workers": [{"Worker Number": 0,"Sort Method": "quicksort","Sort Space Used": 639,"Sort Space Type": "Memory"},{"Worker Number": 1,"Sort Method": "quicksort","Sort Space Used": 620,"Sort Space Type": "Memory"},{"Worker Number": 2,"Sort Method": "quicksort","Sort Space Used": 629,"Sort Space Type": "Memory"},{"Worker Number": 3,"Sort Method": "quicksort","Sort Space Used": 624,"Sort Space Type": "Memory"}],"Plans": [{"Node Type": "Nested Loop","Parent Relationship": "Outer","Parallel Aware": false,"Async Capable": false,"Join Type": "Inner","Startup Cost": 0.43,"Total Cost": 172514.80,"Plan Rows": 7380,"Plan Width": 27,"Actual Startup Time": 0.305,"Actual Total Time": 387.332,"Actual Rows": 6215,"Actual Loops": 5,"Inner Unique": true,"Workers": [],"Plans": [{"Node Type": "Seq Scan","Parent Relationship": "Outer","Parallel Aware": true,"Async Capable": false,"Relation Name": "lineitem","Alias": "lineitem","Startup Cost": 0.00,"Total Cost": 146259.83,"Plan Rows": 7380,"Plan Width": 15,"Actual Startup Time": 0.187,"Actual Total Time": 352.211,"Actual Rows": 6215,"Actual Loops": 5,"Filter": "((l_shipmode = ANY ('{RAIL,SHIP}'::bpchar[])) AND (l_commitdate < l_receiptdate) AND (l_shipdate < l_commitdate) AND (l_receiptdate >= '1995-01-01'::date) AND (l_receiptdate < '1996-01-01 00:00:00'::timestamp without time zone))","Rows Removed by Filter": 1194028,"Workers": []},{"Node Type": "Index Scan","Parent Relationship": "Inner","Parallel Aware": false,"Async Capable": false,"Scan Direction": "Forward","Index Name": "orders_pkey","Relation Name": "orders","Alias": "orders","Startup Cost": 0.43,"Total Cost": 3.56,"Plan Rows": 1,"Plan Width": 20,"Actual Startup Time": 0.005,"Actual Total Time": 0.005,"Actual Rows": 1,"Actual Loops": 31075,"Index Cond": "(o_orderkey = lineitem.l_orderkey)","Rows Removed by Index Recheck": 0,"Workers": []}]}]}]}]}]},"Planning Time": 5.328,"Triggers": [],"Execution Time": 435.072}]
[{"Plan": {"Node Type": "Aggregate","Strategy": "Sorted","Partial Mode": "Finalize","Parallel Aware": false,"Async Capable": false,"Startup Cost": 173464.41,"Total Cost": 173610.85,"Plan Rows": 7,"Plan Width": 27,"Actual Startup Time": 402.904,"Actual Total Time": 436.845,"Actual Rows": 2,"Actual Loops": 1,"Group Key": ["lineitem.l_shipmode"],"Plans": [{"Node Type": "Gather Merge","Parent Relationship": "Outer","Parallel Aware": false,"Async Capable": false,"Startup Cost": 173464.41,"Total Cost": 173610.57,"Plan Rows": 28,"Plan Width": 27,"Actual Startup Time": 402.081,"Actual Total Time": 436.809,"Actual Rows": 10,"Actual Loops": 1,"Workers Planned": 4,"Workers Launched": 4,"Plans": [{"Node Type": "Aggregate","Strategy": "Sorted","Partial Mode": "Partial","Parent Relationship": "Outer","Parallel Aware": false,"Async Capable": false,"Startup Cost": 172464.35,"Total Cost": 172607.18,"Plan Rows": 7,"Plan Width": 27,"Actual Startup Time": 393.474,"Actual Total Time": 394.191,"Actual Rows": 2,"Actual Loops": 5,"Group Key": ["lineitem.l_shipmode"],"Workers": [],"Plans": [{"Node Type": "Sort","Parent Relationship": "Outer","Parallel Aware": false,"Async Capable": false,"Startup Cost": 172464.35,"Total Cost": 172482.19,"Plan Rows": 7138,"Plan Width": 27,"Actual Startup Time": 392.724,"Actual Total Time": 392.961,"Actual Rows": 6167,"Actual Loops": 5,"Sort Key": ["lineitem.l_shipmode"],"Sort Method": "quicksort","Sort Space Used": 630,"Sort Space Type": "Memory","Workers": [{"Worker Number": 0,"Sort Method": "quicksort","Sort Space Used": 635,"Sort Space Type": "Memory"},{"Worker Number": 1,"Sort Method": "quicksort","Sort Space Used": 625,"Sort Space Type": "Memory"},{"Worker Number": 2,"Sort Method": "quicksort","Sort Space Used": 608,"Sort Space Type": "Memory"},{"Worker Number": 3,"Sort Method": "quicksort","Sort Space Used": 633,"Sort Space Type": "Memory"}],"Plans": [{"Node Type": "Nested Loop","Parent Relationship": "Outer","Parallel Aware": false,"Async Capable": false,"Join Type": "Inner","Startup Cost": 0.43,"Total Cost": 172007.47,"Plan Rows": 7138,"Plan Width": 27,"Actual Startup Time": 0.273,"Actual Total Time": 389.815,"Actual Rows": 6167,"Actual Loops": 5,"Inner Unique": true,"Workers": [],"Plans": [{"Node Type": "Seq Scan","Parent Relationship": "Outer","Parallel Aware": true,"Async Capable": false,"Relation Name": "lineitem","Alias": "lineitem","Startup Cost": 0.00,"Total Cost": 146259.83,"Plan Rows": 7138,"Plan Width": 15,"Actual Startup Time": 0.150,"Actual Total Time": 354.178,"Actual Rows": 6167,"Actual Loops": 5,"Filter": "((l_shipmode = ANY ('{TRUCK,AIR}'::bpchar[])) AND (l_commitdate < l_receiptdate) AND (l_shipdate < l_commitdate) AND (l_receiptdate >= '1994-01-01'::date) AND (l_receiptdate < '1995-01-01 00:00:00'::timestamp without time zone))","Rows Removed by Filter": 1194076,"Workers": []},{"Node Type": "Index Scan","Parent Relationship": "Inner","Parallel Aware": false,"Async Capable": false,"Scan Direction": "Forward","Index Name": "orders_pkey","Relation Name": "orders","Alias": "orders","Startup Cost": 0.43,"Total Cost": 3.61,"Plan Rows": 1,"Plan Width": 20,"Actual Startup Time": 0.005,"Actual Total Time": 0.005,"Actual Rows": 1,"Actual Loops": 30837,"Index Cond": "(o_orderkey = lineitem.l_orderkey)","Rows Removed by Index Recheck": 0,"Workers": []}]}]}]}]}]},"Planning Time": 5.138,"Triggers": [],"Execution Time": 437.528}]
[{"Plan": {"Node Type": "Aggregate","Strategy": "Sorted","Partial Mode": "Finalize","Parallel Aware": false,"Async Capable": false,"Startup Cost": 173908.15,"Total Cost": 174058.68,"Plan Rows": 7,"Plan Width": 27,"Actual Startup Time": 396.890,"Actual Total Time": 429.685,"Actual Rows": 2,"Actual Loops": 1,"Group Key": ["lineitem.l_shipmode"],"Plans": [{"Node Type": "Gather Merge","Parent Relationship": "Outer","Parallel Aware": false,"Async Capable": false,"Startup Cost": 173908.15,"Total Cost": 174058.40,"Plan Rows": 28,"Plan Width": 27,"Actual Startup Time": 396.035,"Actual Total Time": 429.650,"Actual Rows": 10,"Actual Loops": 1,"Workers Planned": 4,"Workers Launched": 4,"Plans": [{"Node Type": "Aggregate","Strategy": "Sorted","Partial Mode": "Partial","Parent Relationship": "Outer","Parallel Aware": false,"Async Capable": false,"Startup Cost": 172908.10,"Total Cost": 173055.01,"Plan Rows": 7,"Plan Width": 27,"Actual Startup Time": 387.449,"Actual Total Time": 388.200,"Actual Rows": 2,"Actual Loops": 5,"Group Key": ["lineitem.l_shipmode"],"Workers": [],"Plans": [{"Node Type": "Sort","Parent Relationship": "Outer","Parallel Aware": false,"Async Capable": false,"Startup Cost": 172908.10,"Total Cost": 172926.45,"Plan Rows": 7342,"Plan Width": 27,"Actual Startup Time": 386.688,"Actual Total Time": 386.934,"Actual Rows": 6259,"Actual Loops": 5,"Sort Key": ["lineitem.l_shipmode"],"Sort Method": "quicksort","Sort Space Used": 638,"Sort Space Type": "Memory","Workers": [{"Worker Number": 0,"Sort Method": "quicksort","Sort Space Used": 615,"Sort Space Type": "Memory"},{"Worker Number": 1,"Sort Method": "quicksort","Sort Space Used": 638,"Sort Space Type": "Memory"},{"Worker Number": 2,"Sort Method": "quicksort","Sort Space Used": 639,"Sort Space Type": "Memory"},{"Worker Number": 3,"Sort Method": "quicksort","Sort Space Used": 633,"Sort Space Type": "Memory"}],"Plans": [{"Node Type": "Nested Loop","Parent Relationship": "Outer","Parallel Aware": false,"Async Capable": false,"Join Type": "Inner","Startup Cost": 0.43,"Total Cost": 172436.67,"Plan Rows": 7342,"Plan Width": 27,"Actual Startup Time": 0.451,"Actual Total Time": 383.818,"Actual Rows": 6259,"Actual Loops": 5,"Inner Unique": true,"Workers": [],"Plans": [{"Node Type": "Seq Scan","Parent Relationship": "Outer","Parallel Aware": true,"Async Capable": false,"Relation Name": "lineitem","Alias": "lineitem","Startup Cost": 0.00,"Total Cost": 146259.83,"Plan Rows": 7342,"Plan Width": 15,"Actual Startup Time": 0.309,"Actual Total Time": 348.735,"Actual Rows": 6259,"Actual Loops": 5,"Filter": "((l_shipmode = ANY ('{RAIL,MAIL}'::bpchar[])) AND (l_commitdate < l_receiptdate) AND (l_shipdate < l_commitdate) AND (l_receiptdate >= '1993-01-01'::date) AND (l_receiptdate < '1994-01-01 00:00:00'::timestamp without time zone))","Rows Removed by Filter": 1193984,"Workers": []},{"Node Type": "Index Scan","Parent Relationship": "Inner","Parallel Aware": false,"Async Capable": false,"Scan Direction": "Forward","Index Name": "orders_pkey","Relation Name": "orders","Alias": "orders","Startup Cost": 0.43,"Total Cost": 3.57,"Plan Rows": 1,"Plan Width": 20,"Actual Startup Time": 0.005,"Actual Total Time": 0.005,"Actual Rows": 1,"Actual Loops": 31295,"Index Cond": "(o_orderkey = lineitem.l_orderkey)","Rows Removed by Index Recheck": 0,"Workers": []}]}]}]}]}]},"Planning Time": 4.393,"Triggers": [],"Execution Time": 430.215}]
[{"Plan": {"Node Type": "Aggregate","Strategy": "Sorted","Partial Mode": "Finalize","Parallel Aware": false,"Async Capable": false,"Startup Cost": 173828.04,"Total Cost": 173977.83,"Plan Rows": 7,"Plan Width": 27,"Actual Startup Time": 389.378,"Actual Total Time": 422.065,"Actual Rows": 2,"Actual Loops": 1,"Group Key": ["lineitem.l_shipmode"],"Plans": [{"Node Type": "Gather Merge","Parent Relationship": "Outer","Parallel Aware": false,"Async Capable": false,"Startup Cost": 173828.04,"Total Cost": 173977.55,"Plan Rows": 28,"Plan Width": 27,"Actual Startup Time": 388.555,"Actual Total Time": 422.040,"Actual Rows": 10,"Actual Loops": 1,"Workers Planned": 4,"Workers Launched": 4,"Plans": [{"Node Type": "Aggregate","Strategy": "Sorted","Partial Mode": "Partial","Parent Relationship": "Outer","Parallel Aware": false,"Async Capable": false,"Startup Cost": 172827.99,"Total Cost": 172974.16,"Plan Rows": 7,"Plan Width": 27,"Actual Startup Time": 380.610,"Actual Total Time": 381.333,"Actual Rows": 2,"Actual Loops": 5,"Group Key": ["lineitem.l_shipmode"],"Workers": [],"Plans": [{"Node Type": "Sort","Parent Relationship": "Outer","Parallel Aware": false,"Async Capable": false,"Startup Cost": 172827.99,"Total Cost": 172846.25,"Plan Rows": 7305,"Plan Width": 27,"Actual Startup Time": 379.858,"Actual Total Time": 380.097,"Actual Rows": 6195,"Actual Loops": 5,"Sort Key": ["lineitem.l_shipmode"],"Sort Method": "quicksort","Sort Space Used": 633,"Sort Space Type": "Memory","Workers": [{"Worker Number": 0,"Sort Method": "quicksort","Sort Space Used": 629,"Sort Space Type": "Memory"},{"Worker Number": 1,"Sort Method": "quicksort","Sort Space Used": 629,"Sort Space Type": "Memory"},{"Worker Number": 2,"Sort Method": "quicksort","Sort Space Used": 619,"Sort Space Type": "Memory"},{"Worker Number": 3,"Sort Method": "quicksort","Sort Space Used": 630,"Sort Space Type": "Memory"}],"Plans": [{"Node Type": "Nested Loop","Parent Relationship": "Outer","Parallel Aware": false,"Async Capable": false,"Join Type": "Inner","Startup Cost": 0.43,"Total Cost": 172359.20,"Plan Rows": 7305,"Plan Width": 27,"Actual Startup Time": 0.335,"Actual Total Time": 376.978,"Actual Rows": 6195,"Actual Loops": 5,"Inner Unique": true,"Workers": [],"Plans": [{"Node Type": "Seq Scan","Parent Relationship": "Outer","Parallel Aware": true,"Async Capable": false,"Relation Name": "lineitem","Alias": "lineitem","Startup Cost": 0.00,"Total Cost": 146259.83,"Plan Rows": 7305,"Plan Width": 15,"Actual Startup Time": 0.218,"Actual Total Time": 342.854,"Actual Rows": 6195,"Actual Loops": 5,"Filter": "((l_shipmode = ANY ('{AIR,TRUCK}'::bpchar[])) AND (l_commitdate < l_receiptdate) AND (l_shipdate < l_commitdate) AND (l_receiptdate >= '1993-01-01'::date) AND (l_receiptdate < '1994-01-01 00:00:00'::timestamp without time zone))","Rows Removed by Filter": 1194048,"Workers": []},{"Node Type": "Index Scan","Parent Relationship": "Inner","Parallel Aware": false,"Async Capable": false,"Scan Direction": "Forward","Index Name": "orders_pkey","Relation Name": "orders","Alias": "orders","Startup Cost": 0.43,"Total Cost": 3.57,"Plan Rows": 1,"Plan Width": 20,"Actual Startup Time": 0.005,"Actual Total Time": 0.005,"Actual Rows": 1,"Actual Loops": 30975,"Index Cond": "(o_orderkey = lineitem.l_orderkey)","Rows Removed by Index Recheck": 0,"Workers": []}]}]}]}]}]},"Planning Time": 5.582,"Triggers": [],"Execution Time": 422.550}]
[{"Plan": {"Node Type": "Aggregate","Strategy": "Sorted","Partial Mode": "Finalize","Parallel Aware": false,"Async Capable": false,"Startup Cost": 174003.87,"Total Cost": 174155.30,"Plan Rows": 7,"Plan Width": 27,"Actual Startup Time": 400.309,"Actual Total Time": 433.205,"Actual Rows": 2,"Actual Loops": 1,"Group Key": ["lineitem.l_shipmode"],"Plans": [{"Node Type": "Gather Merge","Parent Relationship": "Outer","Parallel Aware": false,"Async Capable": false,"Startup Cost": 174003.87,"Total Cost": 174155.02,"Plan Rows": 28,"Plan Width": 27,"Actual Startup Time": 399.473,"Actual Total Time": 433.154,"Actual Rows": 10,"Actual Loops": 1,"Workers Planned": 4,"Workers Launched": 4,"Plans": [{"Node Type": "Aggregate","Strategy": "Sorted","Partial Mode": "Partial","Parent Relationship": "Outer","Parallel Aware": false,"Async Capable": false,"Startup Cost": 173003.81,"Total Cost": 173151.62,"Plan Rows": 7,"Plan Width": 27,"Actual Startup Time": 390.940,"Actual Total Time": 391.675,"Actual Rows": 2,"Actual Loops": 5,"Group Key": ["lineitem.l_shipmode"],"Workers": [],"Plans": [{"Node Type": "Sort","Parent Relationship": "Outer","Parallel Aware": false,"Async Capable": false,"Startup Cost": 173003.81,"Total Cost": 173022.28,"Plan Rows": 7387,"Plan Width": 27,"Actual Startup Time": 390.169,"Actual Total Time": 390.417,"Actual Rows": 6270,"Actual Loops": 5,"Sort Key": ["lineitem.l_shipmode"],"Sort Method": "quicksort","Sort Space Used": 637,"Sort Space Type": "Memory","Workers": [{"Worker Number": 0,"Sort Method": "quicksort","Sort Space Used": 641,"Sort Space Type": "Memory"},{"Worker Number": 1,"Sort Method": "quicksort","Sort Space Used": 642,"Sort Space Type": "Memory"},{"Worker Number": 2,"Sort Method": "quicksort","Sort Space Used": 623,"Sort Space Type": "Memory"},{"Worker Number": 3,"Sort Method": "quicksort","Sort Space Used": 623,"Sort Space Type": "Memory"}],"Plans": [{"Node Type": "Nested Loop","Parent Relationship": "Outer","Parallel Aware": false,"Async Capable": false,"Join Type": "Inner","Startup Cost": 0.43,"Total Cost": 172529.17,"Plan Rows": 7387,"Plan Width": 27,"Actual Startup Time": 0.397,"Actual Total Time": 387.338,"Actual Rows": 6270,"Actual Loops": 5,"Inner Unique": true,"Workers": [],"Plans": [{"Node Type": "Seq Scan","Parent Relationship": "Outer","Parallel Aware": true,"Async Capable": false,"Relation Name": "lineitem","Alias": "lineitem","Startup Cost": 0.00,"Total Cost": 146259.83,"Plan Rows": 7387,"Plan Width": 15,"Actual Startup Time": 0.274,"Actual Total Time": 352.735,"Actual Rows": 6270,"Actual Loops": 5,"Filter": "((l_shipmode = ANY ('{RAIL,AIR}'::bpchar[])) AND (l_commitdate < l_receiptdate) AND (l_shipdate < l_commitdate) AND (l_receiptdate >= '1995-01-01'::date) AND (l_receiptdate < '1996-01-01 00:00:00'::timestamp without time zone))","Rows Removed by Filter": 1193973,"Workers": []},{"Node Type": "Index Scan","Parent Relationship": "Inner","Parallel Aware": false,"Async Capable": false,"Scan Direction": "Forward","Index Name": "orders_pkey","Relation Name": "orders","Alias": "orders","Startup Cost": 0.43,"Total Cost": 3.56,"Plan Rows": 1,"Plan Width": 20,"Actual Startup Time": 0.005,"Actual Total Time": 0.005,"Actual Rows": 1,"Actual Loops": 31349,"Index Cond": "(o_orderkey = lineitem.l_orderkey)","Rows Removed by Index Recheck": 0,"Workers": []}]}]}]}]}]},"Planning Time": 4.833,"Triggers": [],"Execution Time": 433.651}]
[{"Plan": {"Node Type": "Aggregate","Strategy": "Sorted","Partial Mode": "Finalize","Parallel Aware": false,"Async Capable": false,"Startup Cost": 173669.22,"Total Cost": 173817.54,"Plan Rows": 7,"Plan Width": 27,"Actual Startup Time": 394.433,"Actual Total Time": 427.274,"Actual Rows": 2,"Actual Loops": 1,"Group Key": ["lineitem.l_shipmode"],"Plans": [{"Node Type": "Gather Merge","Parent Relationship": "Outer","Parallel Aware": false,"Async Capable": false,"Startup Cost": 173669.22,"Total Cost": 173817.26,"Plan Rows": 28,"Plan Width": 27,"Actual Startup Time": 393.529,"Actual Total Time": 427.236,"Actual Rows": 10,"Actual Loops": 1,"Workers Planned": 4,"Workers Launched": 4,"Plans": [{"Node Type": "Aggregate","Strategy": "Sorted","Partial Mode": "Partial","Parent Relationship": "Outer","Parallel Aware": false,"Async Capable": false,"Startup Cost": 172669.16,"Total Cost": 172813.87,"Plan Rows": 7,"Plan Width": 27,"Actual Startup Time": 385.404,"Actual Total Time": 386.156,"Actual Rows": 2,"Actual Loops": 5,"Group Key": ["lineitem.l_shipmode"],"Workers": [],"Plans": [{"Node Type": "Sort","Parent Relationship": "Outer","Parallel Aware": false,"Async Capable": false,"Startup Cost": 172669.16,"Total Cost": 172687.24,"Plan Rows": 7232,"Plan Width": 27,"Actual Startup Time": 384.633,"Actual Total Time": 384.894,"Actual Rows": 6255,"Actual Loops": 5,"Sort Key": ["lineitem.l_shipmode"],"Sort Method": "quicksort","Sort Space Used": 637,"Sort Space Type": "Memory","Workers": [{"Worker Number": 0,"Sort Method": "quicksort","Sort Space Used": 636,"Sort Space Type": "Memory"},{"Worker Number": 1,"Sort Method": "quicksort","Sort Space Used": 624,"Sort Space Type": "Memory"},{"Worker Number": 2,"Sort Method": "quicksort","Sort Space Used": 632,"Sort Space Type": "Memory"},{"Worker Number": 3,"Sort Method": "quicksort","Sort Space Used": 632,"Sort Space Type": "Memory"}],"Plans": [{"Node Type": "Nested Loop","Parent Relationship": "Outer","Parallel Aware": false,"Async Capable": false,"Join Type": "Inner","Startup Cost": 0.43,"Total Cost": 172205.58,"Plan Rows": 7232,"Plan Width": 27,"Actual Startup Time": 0.199,"Actual Total Time": 381.823,"Actual Rows": 6255,"Actual Loops": 5,"Inner Unique": true,"Workers": [],"Plans": [{"Node Type": "Seq Scan","Parent Relationship": "Outer","Parallel Aware": true,"Async Capable": false,"Relation Name": "lineitem","Alias": "lineitem","Startup Cost": 0.00,"Total Cost": 146259.83,"Plan Rows": 7232,"Plan Width": 15,"Actual Startup Time": 0.093,"Actual Total Time": 347.285,"Actual Rows": 6255,"Actual Loops": 5,"Filter": "((l_shipmode = ANY ('{FOB,\"REG AIR\"}'::bpchar[])) AND (l_commitdate < l_receiptdate) AND (l_shipdate < l_commitdate) AND (l_receiptdate >= '1996-01-01'::date) AND (l_receiptdate < '1997-01-01 00:00:00'::timestamp without time zone))","Rows Removed by Filter": 1193988,"Workers": []},{"Node Type": "Index Scan","Parent Relationship": "Inner","Parallel Aware": false,"Async Capable": false,"Scan Direction": "Forward","Index Name": "orders_pkey","Relation Name": "orders","Alias": "orders","Startup Cost": 0.43,"Total Cost": 3.59,"Plan Rows": 1,"Plan Width": 20,"Actual Startup Time": 0.005,"Actual Total Time": 0.005,"Actual Rows": 1,"Actual Loops": 31274,"Index Cond": "(o_orderkey = lineitem.l_orderkey)","Rows Removed by Index Recheck": 0,"Workers": []}]}]}]}]}]},"Planning Time": 5.008,"Triggers": [],"Execution Time": 427.710}]
[{"Plan": {"Node Type": "Aggregate","Strategy": "Sorted","Partial Mode": "Finalize","Parallel Aware": false,"Async Capable": false,"Startup Cost": 173799.72,"Total Cost": 173949.25,"Plan Rows": 7,"Plan Width": 27,"Actual Startup Time": 400.780,"Actual Total Time": 435.209,"Actual Rows": 2,"Actual Loops": 1,"Group Key": ["lineitem.l_shipmode"],"Plans": [{"Node Type": "Gather Merge","Parent Relationship": "Outer","Parallel Aware": false,"Async Capable": false,"Startup Cost": 173799.72,"Total Cost": 173948.97,"Plan Rows": 28,"Plan Width": 27,"Actual Startup Time": 399.891,"Actual Total Time": 435.167,"Actual Rows": 10,"Actual Loops": 1,"Workers Planned": 4,"Workers Launched": 4,"Plans": [{"Node Type": "Aggregate","Strategy": "Sorted","Partial Mode": "Partial","Parent Relationship": "Outer","Parallel Aware": false,"Async Capable": false,"Startup Cost": 172799.66,"Total Cost": 172945.57,"Plan Rows": 7,"Plan Width": 27,"Actual Startup Time": 392.053,"Actual Total Time": 392.793,"Actual Rows": 2,"Actual Loops": 5,"Group Key": ["lineitem.l_shipmode"],"Workers": [],"Plans": [{"Node Type": "Sort","Parent Relationship": "Outer","Parallel Aware": false,"Async Capable": false,"Startup Cost": 172799.66,"Total Cost": 172817.89,"Plan Rows": 7292,"Plan Width": 27,"Actual Startup Time": 391.290,"Actual Total Time": 391.539,"Actual Rows": 6266,"Actual Loops": 5,"Sort Key": ["lineitem.l_shipmode"],"Sort Method": "quicksort","Sort Space Used": 640,"Sort Space Type": "Memory","Workers": [{"Worker Number": 0,"Sort Method": "quicksort","Sort Space Used": 634,"Sort Space Type": "Memory"},{"Worker Number": 1,"Sort Method": "quicksort","Sort Space Used": 631,"Sort Space Type": "Memory"},{"Worker Number": 2,"Sort Method": "quicksort","Sort Space Used": 628,"Sort Space Type": "Memory"},{"Worker Number": 3,"Sort Method": "quicksort","Sort Space Used": 632,"Sort Space Type": "Memory"}],"Plans": [{"Node Type": "Nested Loop","Parent Relationship": "Outer","Parallel Aware": false,"Async Capable": false,"Join Type": "Inner","Startup Cost": 0.43,"Total Cost": 172331.81,"Plan Rows": 7292,"Plan Width": 27,"Actual Startup Time": 0.205,"Actual Total Time": 388.452,"Actual Rows": 6266,"Actual Loops": 5,"Inner Unique": true,"Workers": [],"Plans": [{"Node Type": "Seq Scan","Parent Relationship": "Outer","Parallel Aware": true,"Async Capable": false,"Relation Name": "lineitem","Alias": "lineitem","Startup Cost": 0.00,"Total Cost": 146259.83,"Plan Rows": 7292,"Plan Width": 15,"Actual Startup Time": 0.102,"Actual Total Time": 352.818,"Actual Rows": 6266,"Actual Loops": 5,"Filter": "((l_shipmode = ANY ('{FOB,MAIL}'::bpchar[])) AND (l_commitdate < l_receiptdate) AND (l_shipdate < l_commitdate) AND (l_receiptdate >= '1996-01-01'::date) AND (l_receiptdate < '1997-01-01 00:00:00'::timestamp without time zone))","Rows Removed by Filter": 1193977,"Workers": []},{"Node Type": "Index Scan","Parent Relationship": "Inner","Parallel Aware": false,"Async Capable": false,"Scan Direction": "Forward","Index Name": "orders_pkey","Relation Name": "orders","Alias": "orders","Startup Cost": 0.43,"Total Cost": 3.58,"Plan Rows": 1,"Plan Width": 20,"Actual Startup Time": 0.005,"Actual Total Time": 0.005,"Actual Rows": 1,"Actual Loops": 31330,"Index Cond": "(o_orderkey = lineitem.l_orderkey)","Rows Removed by Index Recheck": 0,"Workers": []}]}]}]}]}]},"Planning Time": 4.426,"Triggers": [],"Execution Time": 435.942}]
[{"Plan": {"Node Type": "Aggregate","Strategy": "Sorted","Partial Mode": "Finalize","Parallel Aware": false,"Async Capable": false,"Startup Cost": 174049.49,"Total Cost": 174201.33,"Plan Rows": 7,"Plan Width": 27,"Actual Startup Time": 397.766,"Actual Total Time": 431.314,"Actual Rows": 2,"Actual Loops": 1,"Group Key": ["lineitem.l_shipmode"],"Plans": [{"Node Type": "Gather Merge","Parent Relationship": "Outer","Parallel Aware": false,"Async Capable": false,"Startup Cost": 174049.49,"Total Cost": 174201.05,"Plan Rows": 28,"Plan Width": 27,"Actual Startup Time": 396.939,"Actual Total Time": 431.269,"Actual Rows": 10,"Actual Loops": 1,"Workers Planned": 4,"Workers Launched": 4,"Plans": [{"Node Type": "Aggregate","Strategy": "Sorted","Partial Mode": "Partial","Parent Relationship": "Outer","Parallel Aware": false,"Async Capable": false,"Startup Cost": 173049.43,"Total Cost": 173197.66,"Plan Rows": 7,"Plan Width": 27,"Actual Startup Time": 388.474,"Actual Total Time": 389.190,"Actual Rows": 2,"Actual Loops": 5,"Group Key": ["lineitem.l_shipmode"],"Workers": [],"Plans": [{"Node Type": "Sort","Parent Relationship": "Outer","Parallel Aware": false,"Async Capable": false,"Startup Cost": 173049.43,"Total Cost": 173067.95,"Plan Rows": 7408,"Plan Width": 27,"Actual Startup Time": 387.714,"Actual Total Time": 387.956,"Actual Rows": 6181,"Actual Loops": 5,"Sort Key": ["lineitem.l_shipmode"],"Sort Method": "quicksort","Sort Space Used": 653,"Sort Space Type": "Memory","Workers": [{"Worker Number": 0,"Sort Method": "quicksort","Sort Space Used": 611,"Sort Space Type": "Memory"},{"Worker Number": 1,"Sort Method": "quicksort","Sort Space Used": 616,"Sort Space Type": "Memory"},{"Worker Number": 2,"Sort Method": "quicksort","Sort Space Used": 627,"Sort Space Type": "Memory"},{"Worker Number": 3,"Sort Method": "quicksort","Sort Space Used": 629,"Sort Space Type": "Memory"}],"Plans": [{"Node Type": "Nested Loop","Parent Relationship": "Outer","Parallel Aware": false,"Async Capable": false,"Join Type": "Inner","Startup Cost": 0.43,"Total Cost": 172573.28,"Plan Rows": 7408,"Plan Width": 27,"Actual Startup Time": 0.354,"Actual Total Time": 385.032,"Actual Rows": 6181,"Actual Loops": 5,"Inner Unique": true,"Workers": [],"Plans": [{"Node Type": "Seq Scan","Parent Relationship": "Outer","Parallel Aware": true,"Async Capable": false,"Relation Name": "lineitem","Alias": "lineitem","Startup Cost": 0.00,"Total Cost": 146259.83,"Plan Rows": 7408,"Plan Width": 15,"Actual Startup Time": 0.235,"Actual Total Time": 350.726,"Actual Rows": 6181,"Actual Loops": 5,"Filter": "((l_shipmode = ANY ('{MAIL,\"REG AIR\"}'::bpchar[])) AND (l_commitdate < l_receiptdate) AND (l_shipdate < l_commitdate) AND (l_receiptdate >= '1995-01-01'::date) AND (l_receiptdate < '1996-01-01 00:00:00'::timestamp without time zone))","Rows Removed by Filter": 1194062,"Workers": []},{"Node Type": "Index Scan","Parent Relationship": "Inner","Parallel Aware": false,"Async Capable": false,"Scan Direction": "Forward","Index Name": "orders_pkey","Relation Name": "orders","Alias": "orders","Startup Cost": 0.43,"Total Cost": 3.55,"Plan Rows": 1,"Plan Width": 20,"Actual Startup Time": 0.005,"Actual Total Time": 0.005,"Actual Rows": 1,"Actual Loops": 30904,"Index Cond": "(o_orderkey = lineitem.l_orderkey)","Rows Removed by Index Recheck": 0,"Workers": []}]}]}]}]}]},"Planning Time": 4.477,"Triggers": [],"Execution Time": 431.791}]
[{"Plan": {"Node Type": "Aggregate","Strategy": "Sorted","Partial Mode": "Finalize","Parallel Aware": false,"Async Capable": false,"Startup Cost": 173799.72,"Total Cost": 173949.25,"Plan Rows": 7,"Plan Width": 27,"Actual Startup Time": 398.601,"Actual Total Time": 432.744,"Actual Rows": 2,"Actual Loops": 1,"Group Key": ["lineitem.l_shipmode"],"Plans": [{"Node Type": "Gather Merge","Parent Relationship": "Outer","Parallel Aware": false,"Async Capable": false,"Startup Cost": 173799.72,"Total Cost": 173948.97,"Plan Rows": 28,"Plan Width": 27,"Actual Startup Time": 397.795,"Actual Total Time": 432.703,"Actual Rows": 10,"Actual Loops": 1,"Workers Planned": 4,"Workers Launched": 4,"Plans": [{"Node Type": "Aggregate","Strategy": "Sorted","Partial Mode": "Partial","Parent Relationship": "Outer","Parallel Aware": false,"Async Capable": false,"Startup Cost": 172799.66,"Total Cost": 172945.57,"Plan Rows": 7,"Plan Width": 27,"Actual Startup Time": 389.517,"Actual Total Time": 390.266,"Actual Rows": 2,"Actual Loops": 5,"Group Key": ["lineitem.l_shipmode"],"Workers": [],"Plans": [{"Node Type": "Sort","Parent Relationship": "Outer","Parallel Aware": false,"Async Capable": false,"Startup Cost": 172799.66,"Total Cost": 172817.89,"Plan Rows": 7292,"Plan Width": 27,"Actual Startup Time": 388.743,"Actual Total Time": 388.996,"Actual Rows": 6266,"Actual Loops": 5,"Sort Key": ["lineitem.l_shipmode"],"Sort Method": "quicksort","Sort Space Used": 629,"Sort Space Type": "Memory","Workers": [{"Worker Number": 0,"Sort Method": "quicksort","Sort Space Used": 641,"Sort Space Type": "Memory"},{"Worker Number": 1,"Sort Method": "quicksort","Sort Space Used": 623,"Sort Space Type": "Memory"},{"Worker Number": 2,"Sort Method": "quicksort","Sort Space Used": 630,"Sort Space Type": "Memory"},{"Worker Number": 3,"Sort Method": "quicksort","Sort Space Used": 641,"Sort Space Type": "Memory"}],"Plans": [{"Node Type": "Nested Loop","Parent Relationship": "Outer","Parallel Aware": false,"Async Capable": false,"Join Type": "Inner","Startup Cost": 0.43,"Total Cost": 172331.81,"Plan Rows": 7292,"Plan Width": 27,"Actual Startup Time": 0.259,"Actual Total Time": 385.820,"Actual Rows": 6266,"Actual Loops": 5,"Inner Unique": true,"Workers": [],"Plans": [{"Node Type": "Seq Scan","Parent Relationship": "Outer","Parallel Aware": true,"Async Capable": false,"Relation Name": "lineitem","Alias": "lineitem","Startup Cost": 0.00,"Total Cost": 146259.83,"Plan Rows": 7292,"Plan Width": 15,"Actual Startup Time": 0.115,"Actual Total Time": 350.923,"Actual Rows": 6266,"Actual Loops": 5,"Filter": "((l_shipmode = ANY ('{MAIL,FOB}'::bpchar[])) AND (l_commitdate < l_receiptdate) AND (l_shipdate < l_commitdate) AND (l_receiptdate >= '1996-01-01'::date) AND (l_receiptdate < '1997-01-01 00:00:00'::timestamp without time zone))","Rows Removed by Filter": 1193977,"Workers": []},{"Node Type": "Index Scan","Parent Relationship": "Inner","Parallel Aware": false,"Async Capable": false,"Scan Direction": "Forward","Index Name": "orders_pkey","Relation Name": "orders","Alias": "orders","Startup Cost": 0.43,"Total Cost": 3.58,"Plan Rows": 1,"Plan Width": 20,"Actual Startup Time": 0.005,"Actual Total Time": 0.005,"Actual Rows": 1,"Actual Loops": 31330,"Index Cond": "(o_orderkey = lineitem.l_orderkey)","Rows Removed by Index Recheck": 0,"Workers": []}]}]}]}]}]},"Planning Time": 4.307,"Triggers": [],"Execution Time": 433.253}]
[{"Plan": {"Node Type": "Aggregate","Strategy": "Sorted","Partial Mode": "Finalize","Parallel Aware": false,"Async Capable": false,"Startup Cost": 173526.42,"Total Cost": 173673.43,"Plan Rows": 7,"Plan Width": 27,"Actual Startup Time": 394.308,"Actual Total Time": 427.202,"Actual Rows": 2,"Actual Loops": 1,"Group Key": ["lineitem.l_shipmode"],"Plans": [{"Node Type": "Gather Merge","Parent Relationship": "Outer","Parallel Aware": false,"Async Capable": false,"Startup Cost": 173526.42,"Total Cost": 173673.15,"Plan Rows": 28,"Plan Width": 27,"Actual Startup Time": 393.444,"Actual Total Time": 427.159,"Actual Rows": 10,"Actual Loops": 1,"Workers Planned": 4,"Workers Launched": 4,"Plans": [{"Node Type": "Aggregate","Strategy": "Sorted","Partial Mode": "Partial","Parent Relationship": "Outer","Parallel Aware": false,"Async Capable": false,"Startup Cost": 172526.36,"Total Cost": 172669.75,"Plan Rows": 7,"Plan Width": 27,"Actual Startup Time": 385.086,"Actual Total Time": 385.829,"Actual Rows": 2,"Actual Loops": 5,"Group Key": ["lineitem.l_shipmode"],"Workers": [],"Plans": [{"Node Type": "Sort","Parent Relationship": "Outer","Parallel Aware": false,"Async Capable": false,"Startup Cost": 172526.36,"Total Cost": 172544.28,"Plan Rows": 7166,"Plan Width": 27,"Actual Startup Time": 384.330,"Actual Total Time": 384.584,"Actual Rows": 6211,"Actual Loops": 5,"Sort Key": ["lineitem.l_shipmode"],"Sort Method": "quicksort","Sort Space Used": 644,"Sort Space Type": "Memory","Workers": [{"Worker Number": 0,"Sort Method": "quicksort","Sort Space Used": 625,"Sort Space Type": "Memory"},{"Worker Number": 1,"Sort Method": "quicksort","Sort Space Used": 633,"Sort Space Type": "Memory"},{"Worker Number": 2,"Sort Method": "quicksort","Sort Space Used": 636,"Sort Space Type": "Memory"},{"Worker Number": 3,"Sort Method": "quicksort","Sort Space Used": 608,"Sort Space Type": "Memory"}],"Plans": [{"Node Type": "Nested Loop","Parent Relationship": "Outer","Parallel Aware": false,"Async Capable": false,"Join Type": "Inner","Startup Cost": 0.43,"Total Cost": 172067.49,"Plan Rows": 7166,"Plan Width": 27,"Actual Startup Time": 0.200,"Actual Total Time": 381.468,"Actual Rows": 6211,"Actual Loops": 5,"Inner Unique": true,"Workers": [],"Plans": [{"Node Type": "Seq Scan","Parent Relationship": "Outer","Parallel Aware": true,"Async Capable": false,"Relation Name": "lineitem","Alias": "lineitem","Startup Cost": 0.00,"Total Cost": 146259.83,"Plan Rows": 7166,"Plan Width": 15,"Actual Startup Time": 0.079,"Actual Total Time": 347.257,"Actual Rows": 6211,"Actual Loops": 5,"Filter": "((l_shipmode = ANY ('{TRUCK,RAIL}'::bpchar[])) AND (l_commitdate < l_receiptdate) AND (l_shipdate < l_commitdate) AND (l_receiptdate >= '1994-01-01'::date) AND (l_receiptdate < '1995-01-01 00:00:00'::timestamp without time zone))","Rows Removed by Filter": 1194032,"Workers": []},{"Node Type": "Index Scan","Parent Relationship": "Inner","Parallel Aware": false,"Async Capable": false,"Scan Direction": "Forward","Index Name": "orders_pkey","Relation Name": "orders","Alias": "orders","Startup Cost": 0.43,"Total Cost": 3.60,"Plan Rows": 1,"Plan Width": 20,"Actual Startup Time": 0.005,"Actual Total Time": 0.005,"Actual Rows": 1,"Actual Loops": 31054,"Index Cond": "(o_orderkey = lineitem.l_orderkey)","Rows Removed by Index Recheck": 0,"Workers": []}]}]}]}]}]},"Planning Time": 4.431,"Triggers": [],"Execution Time": 427.680}]
[{"Plan": {"Node Type": "Aggregate","Strategy": "Sorted","Partial Mode": "Finalize","Parallel Aware": false,"Async Capable": false,"Startup Cost": 173608.96,"Total Cost": 173756.73,"Plan Rows": 7,"Plan Width": 27,"Actual Startup Time": 392.179,"Actual Total Time": 426.813,"Actual Rows": 2,"Actual Loops": 1,"Group Key": ["lineitem.l_shipmode"],"Plans": [{"Node Type": "Gather Merge","Parent Relationship": "Outer","Parallel Aware": false,"Async Capable": false,"Startup Cost": 173608.96,"Total Cost": 173756.45,"Plan Rows": 28,"Plan Width": 27,"Actual Startup Time": 391.379,"Actual Total Time": 426.782,"Actual Rows": 10,"Actual Loops": 1,"Workers Planned": 4,"Workers Launched": 4,"Plans": [{"Node Type": "Aggregate","Strategy": "Sorted","Partial Mode": "Partial","Parent Relationship": "Outer","Parallel Aware": false,"Async Capable": false,"Startup Cost": 172608.90,"Total Cost": 172753.05,"Plan Rows": 7,"Plan Width": 27,"Actual Startup Time": 383.083,"Actual Total Time": 383.799,"Actual Rows": 2,"Actual Loops": 5,"Group Key": ["lineitem.l_shipmode"],"Workers": [],"Plans": [{"Node Type": "Sort","Parent Relationship": "Outer","Parallel Aware": false,"Async Capable": false,"Startup Cost": 172608.90,"Total Cost": 172626.91,"Plan Rows": 7204,"Plan Width": 27,"Actual Startup Time": 382.327,"Actual Total Time": 382.565,"Actual Rows": 6181,"Actual Loops": 5,"Sort Key": ["lineitem.l_shipmode"],"Sort Method": "quicksort","Sort Space Used": 636,"Sort Space Type": "Memory","Workers": [{"Worker Number": 0,"Sort Method": "quicksort","Sort Space Used": 626,"Sort Space Type": "Memory"},{"Worker Number": 1,"Sort Method": "quicksort","Sort Space Used": 628,"Sort Space Type": "Memory"},{"Worker Number": 2,"Sort Method": "quicksort","Sort Space Used": 625,"Sort Space Type": "Memory"},{"Worker Number": 3,"Sort Method": "quicksort","Sort Space Used": 621,"Sort Space Type": "Memory"}],"Plans": [{"Node Type": "Nested Loop","Parent Relationship": "Outer","Parallel Aware": false,"Async Capable": false,"Join Type": "Inner","Startup Cost": 0.43,"Total Cost": 172147.32,"Plan Rows": 7204,"Plan Width": 27,"Actual Startup Time": 0.208,"Actual Total Time": 379.480,"Actual Rows": 6181,"Actual Loops": 5,"Inner Unique": true,"Workers": [],"Plans": [{"Node Type": "Seq Scan","Parent Relationship": "Outer","Parallel Aware": true,"Async Capable": false,"Relation Name": "lineitem","Alias": "lineitem","Startup Cost": 0.00,"Total Cost": 146259.83,"Plan Rows": 7204,"Plan Width": 15,"Actual Startup Time": 0.088,"Actual Total Time": 345.413,"Actual Rows": 6181,"Actual Loops": 5,"Filter": "((l_shipmode = ANY ('{FOB,TRUCK}'::bpchar[])) AND (l_commitdate < l_receiptdate) AND (l_shipdate < l_commitdate) AND (l_receiptdate >= '1994-01-01'::date) AND (l_receiptdate < '1995-01-01 00:00:00'::timestamp without time zone))","Rows Removed by Filter": 1194062,"Workers": []},{"Node Type": "Index Scan","Parent Relationship": "Inner","Parallel Aware": false,"Async Capable": false,"Scan Direction": "Forward","Index Name": "orders_pkey","Relation Name": "orders","Alias": "orders","Startup Cost": 0.43,"Total Cost": 3.59,"Plan Rows": 1,"Plan Width": 20,"Actual Startup Time": 0.005,"Actual Total Time": 0.005,"Actual Rows": 1,"Actual Loops": 30906,"Index Cond": "(o_orderkey = lineitem.l_orderkey)","Rows Removed by Index Recheck": 0,"Workers": []}]}]}]}]}]},"Planning Time": 4.277,"Triggers": [],"Execution Time": 427.350}]
[{"Plan": {"Node Type": "Aggregate","Strategy": "Sorted","Partial Mode": "Finalize","Parallel Aware": false,"Async Capable": false,"Startup Cost": 173814.86,"Total Cost": 173964.52,"Plan Rows": 7,"Plan Width": 27,"Actual Startup Time": 391.992,"Actual Total Time": 424.555,"Actual Rows": 2,"Actual Loops": 1,"Group Key": ["lineitem.l_shipmode"],"Plans": [{"Node Type": "Gather Merge","Parent Relationship": "Outer","Parallel Aware": false,"Async Capable": false,"Startup Cost": 173814.86,"Total Cost": 173964.24,"Plan Rows": 28,"Plan Width": 27,"Actual Startup Time": 391.121,"Actual Total Time": 424.521,"Actual Rows": 10,"Actual Loops": 1,"Workers Planned": 4,"Workers Launched": 4,"Plans": [{"Node Type": "Aggregate","Strategy": "Sorted","Partial Mode": "Partial","Parent Relationship": "Outer","Parallel Aware": false,"Async Capable": false,"Startup Cost": 172814.80,"Total Cost": 172960.85,"Plan Rows": 7,"Plan Width": 27,"Actual Startup Time": 382.847,"Actual Total Time": 383.578,"Actual Rows": 2,"Actual Loops": 5,"Group Key": ["lineitem.l_shipmode"],"Workers": [],"Plans": [{"Node Type": "Sort","Parent Relationship": "Outer","Parallel Aware": false,"Async Capable": false,"Startup Cost": 172814.80,"Total Cost": 172833.04,"Plan Rows": 7299,"Plan Width": 27,"Actual Startup Time": 382.105,"Actual Total Time": 382.349,"Actual Rows": 6170,"Actual Loops": 5,"Sort Key": ["lineitem.l_shipmode"],"Sort Method": "quicksort","Sort Space Used": 642,"Sort Space Type": "Memory","Workers": [{"Worker Number": 0,"Sort Method": "quicksort","Sort Space Used": 634,"Sort Space Type": "Memory"},{"Worker Number": 1,"Sort Method": "quicksort","Sort Space Used": 616,"Sort Space Type": "Memory"},{"Worker Number": 2,"Sort Method": "quicksort","Sort Space Used": 627,"Sort Space Type": "Memory"},{"Worker Number": 3,"Sort Method": "quicksort","Sort Space Used": 612,"Sort Space Type": "Memory"}],"Plans": [{"Node Type": "Nested Loop","Parent Relationship": "Outer","Parallel Aware": false,"Async Capable": false,"Join Type": "Inner","Startup Cost": 0.43,"Total Cost": 172346.44,"Plan Rows": 7299,"Plan Width": 27,"Actual Startup Time": 0.313,"Actual Total Time": 379.268,"Actual Rows": 6170,"Actual Loops": 5,"Inner Unique": true,"Workers": [],"Plans": [{"Node Type": "Seq Scan","Parent Relationship": "Outer","Parallel Aware": true,"Async Capable": false,"Relation Name": "lineitem","Alias": "lineitem","Startup Cost": 0.00,"Total Cost": 146259.83,"Plan Rows": 7299,"Plan Width": 15,"Actual Startup Time": 0.197,"Actual Total Time": 345.259,"Actual Rows": 6170,"Actual Loops": 5,"Filter": "((l_shipmode = ANY ('{TRUCK,\"REG AIR\"}'::bpchar[])) AND (l_commitdate < l_receiptdate) AND (l_shipdate < l_commitdate) AND (l_receiptdate >= '1993-01-01'::date) AND (l_receiptdate < '1994-01-01 00:00:00'::timestamp without time zone))","Rows Removed by Filter": 1194073,"Workers": []},{"Node Type": "Index Scan","Parent Relationship": "Inner","Parallel Aware": false,"Async Capable": false,"Scan Direction": "Forward","Index Name": "orders_pkey","Relation Name": "orders","Alias": "orders","Startup Cost": 0.43,"Total Cost": 3.57,"Plan Rows": 1,"Plan Width": 20,"Actual Startup Time": 0.005,"Actual Total Time": 0.005,"Actual Rows": 1,"Actual Loops": 30849,"Index Cond": "(o_orderkey = lineitem.l_orderkey)","Rows Removed by Index Recheck": 0,"Workers": []}]}]}]}]}]},"Planning Time": 4.778,"Triggers": [],"Execution Time": 425.057}]
[{"Plan": {"Node Type": "Aggregate","Strategy": "Sorted","Partial Mode": "Finalize","Parallel Aware": false,"Async Capable": false,"Startup Cost": 173610.87,"Total Cost": 173758.65,"Plan Rows": 7,"Plan Width": 27,"Actual Startup Time": 394.696,"Actual Total Time": 428.887,"Actual Rows": 2,"Actual Loops": 1,"Group Key": ["lineitem.l_shipmode"],"Plans": [{"Node Type": "Gather Merge","Parent Relationship": "Outer","Parallel Aware": false,"Async Capable": false,"Startup Cost": 173610.87,"Total Cost": 173758.37,"Plan Rows": 28,"Plan Width": 27,"Actual Startup Time": 393.884,"Actual Total Time": 428.865,"Actual Rows": 10,"Actual Loops": 1,"Workers Planned": 4,"Workers Launched": 4,"Plans": [{"Node Type": "Aggregate","Strategy": "Sorted","Partial Mode": "Partial","Parent Relationship": "Outer","Parallel Aware": false,"Async Capable": false,"Startup Cost": 172610.81,"Total Cost": 172754.98,"Plan Rows": 7,"Plan Width": 27,"Actual Startup Time": 385.962,"Actual Total Time": 386.692,"Actual Rows": 2,"Actual Loops": 5,"Group Key": ["lineitem.l_shipmode"],"Workers": [],"Plans": [{"Node Type": "Sort","Parent Relationship": "Outer","Parallel Aware": false,"Async Capable": false,"Startup Cost": 172610.81,"Total Cost": 172628.82,"Plan Rows": 7205,"Plan Width": 27,"Actual Startup Time": 385.234,"Actual Total Time": 385.474,"Actual Rows": 6212,"Actual Loops": 5,"Sort Key": ["lineitem.l_shipmode"],"Sort Method": "quicksort","Sort Space Used": 640,"Sort Space Type": "Memory","Workers": [{"Worker Number": 0,"Sort Method": "quicksort","Sort Space Used": 627,"Sort Space Type": "Memory"},{"Worker Number": 1,"Sort Method": "quicksort","Sort Space Used": 628,"Sort Space Type": "Memory"},{"Worker Number": 2,"Sort Method": "quicksort","Sort Space Used": 633,"Sort Space Type": "Memory"},{"Worker Number": 3,"Sort Method": "quicksort","Sort Space Used": 619,"Sort Space Type": "Memory"}],"Plans": [{"Node Type": "Nested Loop","Parent Relationship": "Outer","Parallel Aware": false,"Async Capable": false,"Join Type": "Inner","Startup Cost": 0.43,"Total Cost": 172149.16,"Plan Rows": 7205,"Plan Width": 27,"Actual Startup Time": 0.212,"Actual Total Time": 382.358,"Actual Rows": 6212,"Actual Loops": 5,"Inner Unique": true,"Workers": [],"Plans": [{"Node Type": "Seq Scan","Parent Relationship": "Outer","Parallel Aware": true,"Async Capable": false,"Relation Name": "lineitem","Alias": "lineitem","Startup Cost": 0.00,"Total Cost": 146259.83,"Plan Rows": 7205,"Plan Width": 15,"Actual Startup Time": 0.097,"Actual Total Time": 347.171,"Actual Rows": 6212,"Actual Loops": 5,"Filter": "((l_shipmode = ANY ('{\"REG AIR\",TRUCK}'::bpchar[])) AND (l_commitdate < l_receiptdate) AND (l_shipdate < l_commitdate) AND (l_receiptdate >= '1997-01-01'::date) AND (l_receiptdate < '1998-01-01 00:00:00'::timestamp without time zone))","Rows Removed by Filter": 1194031,"Workers": []},{"Node Type": "Index Scan","Parent Relationship": "Inner","Parallel Aware": false,"Async Capable": false,"Scan Direction": "Forward","Index Name": "orders_pkey","Relation Name": "orders","Alias": "orders","Startup Cost": 0.43,"Total Cost": 3.59,"Plan Rows": 1,"Plan Width": 20,"Actual Startup Time": 0.005,"Actual Total Time": 0.005,"Actual Rows": 1,"Actual Loops": 31060,"Index Cond": "(o_orderkey = lineitem.l_orderkey)","Rows Removed by Index Recheck": 0,"Workers": []}]}]}]}]}]},"Planning Time": 4.137,"Triggers": [],"Execution Time": 429.359}]
[{"Plan": {"Node Type": "Aggregate","Strategy": "Sorted","Partial Mode": "Finalize","Parallel Aware": false,"Async Capable": false,"Startup Cost": 173799.72,"Total Cost": 173949.25,"Plan Rows": 7,"Plan Width": 27,"Actual Startup Time": 400.780,"Actual Total Time": 435.209,"Actual Rows": 2,"Actual Loops": 1,"Group Key": ["lineitem.l_shipmode"],"Plans": [{"Node Type": "Gather Merge","Parent Relationship": "Outer","Parallel Aware": false,"Async Capable": false,"Startup Cost": 173799.72,"Total Cost": 173948.97,"Plan Rows": 28,"Plan Width": 27,"Actual Startup Time": 399.891,"Actual Total Time": 435.167,"Actual Rows": 10,"Actual Loops": 1,"Workers Planned": 4,"Workers Launched": 4,"Plans": [{"Node Type": "Aggregate","Strategy": "Sorted","Partial Mode": "Partial","Parent Relationship": "Outer","Parallel Aware": false,"Async Capable": false,"Startup Cost": 172799.66,"Total Cost": 172945.57,"Plan Rows": 7,"Plan Width": 27,"Actual Startup Time": 392.053,"Actual Total Time": 392.793,"Actual Rows": 2,"Actual Loops": 5,"Group Key": ["lineitem.l_shipmode"],"Workers": [],"Plans": [{"Node Type": "Sort","Parent Relationship": "Outer","Parallel Aware": false,"Async Capable": false,"Startup Cost": 172799.66,"Total Cost": 172817.89,"Plan Rows": 7292,"Plan Width": 27,"Actual Startup Time": 391.290,"Actual Total Time": 391.539,"Actual Rows": 6266,"Actual Loops": 5,"Sort Key": ["lineitem.l_shipmode"],"Sort Method": "quicksort","Sort Space Used": 640,"Sort Space Type": "Memory","Workers": [{"Worker Number": 0,"Sort Method": "quicksort","Sort Space Used": 634,"Sort Space Type": "Memory"},{"Worker Number": 1,"Sort Method": "quicksort","Sort Space Used": 631,"Sort Space Type": "Memory"},{"Worker Number": 2,"Sort Method": "quicksort","Sort Space Used": 628,"Sort Space Type": "Memory"},{"Worker Number": 3,"Sort Method": "quicksort","Sort Space Used": 632,"Sort Space Type": "Memory"}],"Plans": [{"Node Type": "Nested Loop","Parent Relationship": "Outer","Parallel Aware": false,"Async Capable": false,"Join Type": "Inner","Startup Cost": 0.43,"Total Cost": 172331.81,"Plan Rows": 7292,"Plan Width": 27,"Actual Startup Time": 0.205,"Actual Total Time": 388.452,"Actual Rows": 6266,"Actual Loops": 5,"Inner Unique": true,"Workers": [],"Plans": [{"Node Type": "Seq Scan","Parent Relationship": "Outer","Parallel Aware": true,"Async Capable": false,"Relation Name": "lineitem","Alias": "lineitem","Startup Cost": 0.00,"Total Cost": 146259.83,"Plan Rows": 7292,"Plan Width": 15,"Actual Startup Time": 0.102,"Actual Total Time": 352.818,"Actual Rows": 6266,"Actual Loops": 5,"Filter": "((l_shipmode = ANY ('{FOB,MAIL}'::bpchar[])) AND (l_commitdate < l_receiptdate) AND (l_shipdate < l_commitdate) AND (l_receiptdate >= '1996-01-01'::date) AND (l_receiptdate < '1997-01-01 00:00:00'::timestamp without time zone))","Rows Removed by Filter": 1193977,"Workers": []},{"Node Type": "Index Scan","Parent Relationship": "Inner","Parallel Aware": false,"Async Capable": false,"Scan Direction": "Forward","Index Name": "orders_pkey","Relation Name": "orders","Alias": "orders","Startup Cost": 0.43,"Total Cost": 3.58,"Plan Rows": 1,"Plan Width": 20,"Actual Startup Time": 0.005,"Actual Total Time": 0.005,"Actual Rows": 1,"Actual Loops": 31330,"Index Cond": "(o_orderkey = lineitem.l_orderkey)","Rows Removed by Index Recheck": 0,"Workers": []}]}]}]}]}]},"Planning Time": 4.426,"Triggers": [],"Execution Time": 435.942}]
[{"Plan": {"Node Type": "Aggregate","Strategy": "Sorted","Partial Mode": "Finalize","Parallel Aware": false,"Async Capable": false,"Startup Cost": 173936.43,"Total Cost": 174087.20,"Plan Rows": 7,"Plan Width": 27,"Actual Startup Time": 411.700,"Actual Total Time": 445.534,"Actual Rows": 2,"Actual Loops": 1,"Group Key": ["lineitem.l_shipmode"],"Plans": [{"Node Type": "Gather Merge","Parent Relationship": "Outer","Parallel Aware": false,"Async Capable": false,"Startup Cost": 173936.43,"Total Cost": 174086.92,"Plan Rows": 28,"Plan Width": 27,"Actual Startup Time": 410.827,"Actual Total Time": 445.495,"Actual Rows": 10,"Actual Loops": 1,"Workers Planned": 4,"Workers Launched": 4,"Plans": [{"Node Type": "Aggregate","Strategy": "Sorted","Partial Mode": "Partial","Parent Relationship": "Outer","Parallel Aware": false,"Async Capable": false,"Startup Cost": 172936.38,"Total Cost": 173083.53,"Plan Rows": 7,"Plan Width": 27,"Actual Startup Time": 402.060,"Actual Total Time": 402.825,"Actual Rows": 2,"Actual Loops": 5,"Group Key": ["lineitem.l_shipmode"],"Workers": [],"Plans": [{"Node Type": "Sort","Parent Relationship": "Outer","Parallel Aware": false,"Async Capable": false,"Startup Cost": 172936.38,"Total Cost": 172954.76,"Plan Rows": 7354,"Plan Width": 27,"Actual Startup Time": 401.304,"Actual Total Time": 401.563,"Actual Rows": 6252,"Actual Loops": 5,"Sort Key": ["lineitem.l_shipmode"],"Sort Method": "quicksort","Sort Space Used": 633,"Sort Space Type": "Memory","Workers": [{"Worker Number": 0,"Sort Method": "quicksort","Sort Space Used": 630,"Sort Space Type": "Memory"},{"Worker Number": 1,"Sort Method": "quicksort","Sort Space Used": 646,"Sort Space Type": "Memory"},{"Worker Number": 2,"Sort Method": "quicksort","Sort Space Used": 635,"Sort Space Type": "Memory"},{"Worker Number": 3,"Sort Method": "quicksort","Sort Space Used": 617,"Sort Space Type": "Memory"}],"Plans": [{"Node Type": "Nested Loop","Parent Relationship": "Outer","Parallel Aware": false,"Async Capable": false,"Join Type": "Inner","Startup Cost": 0.43,"Total Cost": 172464.09,"Plan Rows": 7354,"Plan Width": 27,"Actual Startup Time": 0.393,"Actual Total Time": 398.349,"Actual Rows": 6252,"Actual Loops": 5,"Inner Unique": true,"Workers": [],"Plans": [{"Node Type": "Seq Scan","Parent Relationship": "Outer","Parallel Aware": true,"Async Capable": false,"Relation Name": "lineitem","Alias": "lineitem","Startup Cost": 0.00,"Total Cost": 146259.83,"Plan Rows": 7355,"Plan Width": 15,"Actual Startup Time": 0.258,"Actual Total Time": 362.304,"Actual Rows": 6252,"Actual Loops": 5,"Filter": "((l_shipmode = ANY ('{RAIL,FOB}'::bpchar[])) AND (l_commitdate < l_receiptdate) AND (l_shipdate < l_commitdate) AND (l_receiptdate >= '1993-01-01'::date) AND (l_receiptdate < '1994-01-01 00:00:00'::timestamp without time zone))","Rows Removed by Filter": 1193991,"Workers": []},{"Node Type": "Index Scan","Parent Relationship": "Inner","Parallel Aware": false,"Async Capable": false,"Scan Direction": "Forward","Index Name": "orders_pkey","Relation Name": "orders","Alias": "orders","Startup Cost": 0.43,"Total Cost": 3.56,"Plan Rows": 1,"Plan Width": 20,"Actual Startup Time": 0.005,"Actual Total Time": 0.005,"Actual Rows": 1,"Actual Loops": 31259,"Index Cond": "(o_orderkey = lineitem.l_orderkey)","Rows Removed by Index Recheck": 0,"Workers": []}]}]}]}]}]},"Planning Time": 5.108,"Triggers": [],"Execution Time": 446.087}]
[{"Plan": {"Node Type": "Aggregate","Strategy": "Sorted","Partial Mode": "Finalize","Parallel Aware": false,"Async Capable": false,"Startup Cost": 173625.17,"Total Cost": 173773.06,"Plan Rows": 7,"Plan Width": 27,"Actual Startup Time": 403.303,"Actual Total Time": 437.802,"Actual Rows": 2,"Actual Loops": 1,"Group Key": ["lineitem.l_shipmode"],"Plans": [{"Node Type": "Gather Merge","Parent Relationship": "Outer","Parallel Aware": false,"Async Capable": false,"Startup Cost": 173625.17,"Total Cost": 173772.78,"Plan Rows": 28,"Plan Width": 27,"Actual Startup Time": 402.473,"Actual Total Time": 437.766,"Actual Rows": 10,"Actual Loops": 1,"Workers Planned": 4,"Workers Launched": 4,"Plans": [{"Node Type": "Aggregate","Strategy": "Sorted","Partial Mode": "Partial","Parent Relationship": "Outer","Parallel Aware": false,"Async Capable": false,"Startup Cost": 172625.11,"Total Cost": 172769.38,"Plan Rows": 7,"Plan Width": 27,"Actual Startup Time": 395.014,"Actual Total Time": 395.759,"Actual Rows": 2,"Actual Loops": 5,"Group Key": ["lineitem.l_shipmode"],"Workers": [],"Plans": [{"Node Type": "Sort","Parent Relationship": "Outer","Parallel Aware": false,"Async Capable": false,"Startup Cost": 172625.11,"Total Cost": 172643.14,"Plan Rows": 7210,"Plan Width": 27,"Actual Startup Time": 394.248,"Actual Total Time": 394.502,"Actual Rows": 6267,"Actual Loops": 5,"Sort Key": ["lineitem.l_shipmode"],"Sort Method": "quicksort","Sort Space Used": 629,"Sort Space Type": "Memory","Workers": [{"Worker Number": 0,"Sort Method": "quicksort","Sort Space Used": 628,"Sort Space Type": "Memory"},{"Worker Number": 1,"Sort Method": "quicksort","Sort Space Used": 640,"Sort Space Type": "Memory"},{"Worker Number": 2,"Sort Method": "quicksort","Sort Space Used": 651,"Sort Space Type": "Memory"},{"Worker Number": 3,"Sort Method": "quicksort","Sort Space Used": 618,"Sort Space Type": "Memory"}],"Plans": [{"Node Type": "Nested Loop","Parent Relationship": "Outer","Parallel Aware": false,"Async Capable": false,"Join Type": "Inner","Startup Cost": 0.43,"Total Cost": 172163.11,"Plan Rows": 7210,"Plan Width": 27,"Actual Startup Time": 0.328,"Actual Total Time": 391.399,"Actual Rows": 6267,"Actual Loops": 5,"Inner Unique": true,"Workers": [],"Plans": [{"Node Type": "Seq Scan","Parent Relationship": "Outer","Parallel Aware": true,"Async Capable": false,"Relation Name": "lineitem","Alias": "lineitem","Startup Cost": 0.00,"Total Cost": 146259.83,"Plan Rows": 7211,"Plan Width": 15,"Actual Startup Time": 0.230,"Actual Total Time": 355.358,"Actual Rows": 6267,"Actual Loops": 5,"Filter": "((l_shipmode = ANY ('{SHIP,TRUCK}'::bpchar[])) AND (l_commitdate < l_receiptdate) AND (l_shipdate < l_commitdate) AND (l_receiptdate >= '1996-01-01'::date) AND (l_receiptdate < '1997-01-01 00:00:00'::timestamp without time zone))","Rows Removed by Filter": 1193976,"Workers": []},{"Node Type": "Index Scan","Parent Relationship": "Inner","Parallel Aware": false,"Async Capable": false,"Scan Direction": "Forward","Index Name": "orders_pkey","Relation Name": "orders","Alias": "orders","Startup Cost": 0.43,"Total Cost": 3.59,"Plan Rows": 1,"Plan Width": 20,"Actual Startup Time": 0.005,"Actual Total Time": 0.005,"Actual Rows": 1,"Actual Loops": 31337,"Index Cond": "(o_orderkey = lineitem.l_orderkey)","Rows Removed by Index Recheck": 0,"Workers": []}]}]}]}]}]},"Planning Time": 4.275,"Triggers": [],"Execution Time": 438.324}]
[{"Plan": {"Node Type": "Aggregate","Strategy": "Sorted","Partial Mode": "Finalize","Parallel Aware": false,"Async Capable": false,"Startup Cost": 173352.66,"Total Cost": 173498.10,"Plan Rows": 7,"Plan Width": 27,"Actual Startup Time": 394.304,"Actual Total Time": 427.260,"Actual Rows": 2,"Actual Loops": 1,"Group Key": ["lineitem.l_shipmode"],"Plans": [{"Node Type": "Gather Merge","Parent Relationship": "Outer","Parallel Aware": false,"Async Capable": false,"Startup Cost": 173352.66,"Total Cost": 173497.82,"Plan Rows": 28,"Plan Width": 27,"Actual Startup Time": 393.478,"Actual Total Time": 427.219,"Actual Rows": 10,"Actual Loops": 1,"Workers Planned": 4,"Workers Launched": 4,"Plans": [{"Node Type": "Aggregate","Strategy": "Sorted","Partial Mode": "Partial","Parent Relationship": "Outer","Parallel Aware": false,"Async Capable": false,"Startup Cost": 172352.60,"Total Cost": 172494.43,"Plan Rows": 7,"Plan Width": 27,"Actual Startup Time": 385.466,"Actual Total Time": 386.182,"Actual Rows": 2,"Actual Loops": 5,"Group Key": ["lineitem.l_shipmode"],"Workers": [],"Plans": [{"Node Type": "Sort","Parent Relationship": "Outer","Parallel Aware": false,"Async Capable": false,"Startup Cost": 172352.60,"Total Cost": 172370.32,"Plan Rows": 7088,"Plan Width": 27,"Actual Startup Time": 384.723,"Actual Total Time": 384.957,"Actual Rows": 6181,"Actual Loops": 5,"Sort Key": ["lineitem.l_shipmode"],"Sort Method": "quicksort","Sort Space Used": 641,"Sort Space Type": "Memory","Workers": [{"Worker Number": 0,"Sort Method": "quicksort","Sort Space Used": 621,"Sort Space Type": "Memory"},{"Worker Number": 1,"Sort Method": "quicksort","Sort Space Used": 612,"Sort Space Type": "Memory"},{"Worker Number": 2,"Sort Method": "quicksort","Sort Space Used": 630,"Sort Space Type": "Memory"},{"Worker Number": 3,"Sort Method": "quicksort","Sort Space Used": 632,"Sort Space Type": "Memory"}],"Plans": [{"Node Type": "Nested Loop","Parent Relationship": "Outer","Parallel Aware": false,"Async Capable": false,"Join Type": "Inner","Startup Cost": 0.43,"Total Cost": 171899.28,"Plan Rows": 7088,"Plan Width": 27,"Actual Startup Time": 0.199,"Actual Total Time": 381.990,"Actual Rows": 6181,"Actual Loops": 5,"Inner Unique": true,"Workers": [],"Plans": [{"Node Type": "Seq Scan","Parent Relationship": "Outer","Parallel Aware": true,"Async Capable": false,"Relation Name": "lineitem","Alias": "lineitem","Startup Cost": 0.00,"Total Cost": 146259.83,"Plan Rows": 7087,"Plan Width": 15,"Actual Startup Time": 0.078,"Actual Total Time": 347.965,"Actual Rows": 6181,"Actual Loops": 5,"Filter": "((l_shipmode = ANY ('{AIR,\"REG AIR\"}'::bpchar[])) AND (l_commitdate < l_receiptdate) AND (l_shipdate < l_commitdate) AND (l_receiptdate >= '1994-01-01'::date) AND (l_receiptdate < '1995-01-01 00:00:00'::timestamp without time zone))","Rows Removed by Filter": 1194062,"Workers": []},{"Node Type": "Index Scan","Parent Relationship": "Inner","Parallel Aware": false,"Async Capable": false,"Scan Direction": "Forward","Index Name": "orders_pkey","Relation Name": "orders","Alias": "orders","Startup Cost": 0.43,"Total Cost": 3.62,"Plan Rows": 1,"Plan Width": 20,"Actual Startup Time": 0.005,"Actual Total Time": 0.005,"Actual Rows": 1,"Actual Loops": 30907,"Index Cond": "(o_orderkey = lineitem.l_orderkey)","Rows Removed by Index Recheck": 0,"Workers": []}]}]}]}]}]},"Planning Time": 4.101,"Triggers": [],"Execution Time": 427.609}]
[{"Plan": {"Node Type": "Aggregate","Strategy": "Sorted","Partial Mode": "Finalize","Parallel Aware": false,"Async Capable": false,"Startup Cost": 173572.70,"Total Cost": 173720.11,"Plan Rows": 7,"Plan Width": 27,"Actual Startup Time": 401.102,"Actual Total Time": 434.430,"Actual Rows": 2,"Actual Loops": 1,"Group Key": ["lineitem.l_shipmode"],"Plans": [{"Node Type": "Gather Merge","Parent Relationship": "Outer","Parallel Aware": false,"Async Capable": false,"Startup Cost": 173572.70,"Total Cost": 173719.83,"Plan Rows": 28,"Plan Width": 27,"Actual Startup Time": 400.252,"Actual Total Time": 434.388,"Actual Rows": 10,"Actual Loops": 1,"Workers Planned": 4,"Workers Launched": 4,"Plans": [{"Node Type": "Aggregate","Strategy": "Sorted","Partial Mode": "Partial","Parent Relationship": "Outer","Parallel Aware": false,"Async Capable": false,"Startup Cost": 172572.64,"Total Cost": 172716.43,"Plan Rows": 7,"Plan Width": 27,"Actual Startup Time": 391.949,"Actual Total Time": 392.684,"Actual Rows": 2,"Actual Loops": 5,"Group Key": ["lineitem.l_shipmode"],"Workers": [],"Plans": [{"Node Type": "Sort","Parent Relationship": "Outer","Parallel Aware": false,"Async Capable": false,"Startup Cost": 172572.64,"Total Cost": 172590.61,"Plan Rows": 7186,"Plan Width": 27,"Actual Startup Time": 391.195,"Actual Total Time": 391.431,"Actual Rows": 6224,"Actual Loops": 5,"Sort Key": ["lineitem.l_shipmode"],"Sort Method": "quicksort","Sort Space Used": 636,"Sort Space Type": "Memory","Workers": [{"Worker Number": 0,"Sort Method": "quicksort","Sort Space Used": 636,"Sort Space Type": "Memory"},{"Worker Number": 1,"Sort Method": "quicksort","Sort Space Used": 632,"Sort Space Type": "Memory"},{"Worker Number": 2,"Sort Method": "quicksort","Sort Space Used": 631,"Sort Space Type": "Memory"},{"Worker Number": 3,"Sort Method": "quicksort","Sort Space Used": 616,"Sort Space Type": "Memory"}],"Plans": [{"Node Type": "Nested Loop","Parent Relationship": "Outer","Parallel Aware": false,"Async Capable": false,"Join Type": "Inner","Startup Cost": 0.43,"Total Cost": 172112.34,"Plan Rows": 7186,"Plan Width": 27,"Actual Startup Time": 0.352,"Actual Total Time": 388.411,"Actual Rows": 6224,"Actual Loops": 5,"Inner Unique": true,"Workers": [],"Plans": [{"Node Type": "Seq Scan","Parent Relationship": "Outer","Parallel Aware": true,"Async Capable": false,"Relation Name": "lineitem","Alias": "lineitem","Startup Cost": 0.00,"Total Cost": 146259.83,"Plan Rows": 7187,"Plan Width": 15,"Actual Startup Time": 0.223,"Actual Total Time": 353.827,"Actual Rows": 6224,"Actual Loops": 5,"Filter": "((l_shipmode = ANY ('{RAIL,FOB}'::bpchar[])) AND (l_commitdate < l_receiptdate) AND (l_shipdate < l_commitdate) AND (l_receiptdate >= '1994-01-01'::date) AND (l_receiptdate < '1995-01-01 00:00:00'::timestamp without time zone))","Rows Removed by Filter": 1194019,"Workers": []},{"Node Type": "Index Scan","Parent Relationship": "Inner","Parallel Aware": false,"Async Capable": false,"Scan Direction": "Forward","Index Name": "orders_pkey","Relation Name": "orders","Alias": "orders","Startup Cost": 0.43,"Total Cost": 3.60,"Plan Rows": 1,"Plan Width": 20,"Actual Startup Time": 0.005,"Actual Total Time": 0.005,"Actual Rows": 1,"Actual Loops": 31118,"Index Cond": "(o_orderkey = lineitem.l_orderkey)","Rows Removed by Index Recheck": 0,"Workers": []}]}]}]}]}]},"Planning Time": 4.510,"Triggers": [],"Execution Time": 434.908}]
[{"Plan": {"Node Type": "Aggregate","Strategy": "Sorted","Partial Mode": "Finalize","Parallel Aware": false,"Async Capable": false,"Startup Cost": 173834.97,"Total Cost": 173984.82,"Plan Rows": 7,"Plan Width": 27,"Actual Startup Time": 395.020,"Actual Total Time": 429.885,"Actual Rows": 2,"Actual Loops": 1,"Group Key": ["lineitem.l_shipmode"],"Plans": [{"Node Type": "Gather Merge","Parent Relationship": "Outer","Parallel Aware": false,"Async Capable": false,"Startup Cost": 173834.97,"Total Cost": 173984.54,"Plan Rows": 28,"Plan Width": 27,"Actual Startup Time": 394.249,"Actual Total Time": 429.849,"Actual Rows": 10,"Actual Loops": 1,"Workers Planned": 4,"Workers Launched": 4,"Plans": [{"Node Type": "Aggregate","Strategy": "Sorted","Partial Mode": "Partial","Parent Relationship": "Outer","Parallel Aware": false,"Async Capable": false,"Startup Cost": 172834.92,"Total Cost": 172981.15,"Plan Rows": 7,"Plan Width": 27,"Actual Startup Time": 386.001,"Actual Total Time": 386.712,"Actual Rows": 2,"Actual Loops": 5,"Group Key": ["lineitem.l_shipmode"],"Workers": [],"Plans": [{"Node Type": "Sort","Parent Relationship": "Outer","Parallel Aware": false,"Async Capable": false,"Startup Cost": 172834.92,"Total Cost": 172853.19,"Plan Rows": 7308,"Plan Width": 27,"Actual Startup Time": 385.249,"Actual Total Time": 385.483,"Actual Rows": 6212,"Actual Loops": 5,"Sort Key": ["lineitem.l_shipmode"],"Sort Method": "quicksort","Sort Space Used": 625,"Sort Space Type": "Memory","Workers": [{"Worker Number": 0,"Sort Method": "quicksort","Sort Space Used": 636,"Sort Space Type": "Memory"},{"Worker Number": 1,"Sort Method": "quicksort","Sort Space Used": 629,"Sort Space Type": "Memory"},{"Worker Number": 2,"Sort Method": "quicksort","Sort Space Used": 629,"Sort Space Type": "Memory"},{"Worker Number": 3,"Sort Method": "quicksort","Sort Space Used": 627,"Sort Space Type": "Memory"}],"Plans": [{"Node Type": "Nested Loop","Parent Relationship": "Outer","Parallel Aware": false,"Async Capable": false,"Join Type": "Inner","Startup Cost": 0.43,"Total Cost": 172365.92,"Plan Rows": 7308,"Plan Width": 27,"Actual Startup Time": 0.336,"Actual Total Time": 382.399,"Actual Rows": 6212,"Actual Loops": 5,"Inner Unique": true,"Workers": [],"Plans": [{"Node Type": "Seq Scan","Parent Relationship": "Outer","Parallel Aware": true,"Async Capable": false,"Relation Name": "lineitem","Alias": "lineitem","Startup Cost": 0.00,"Total Cost": 146259.83,"Plan Rows": 7308,"Plan Width": 15,"Actual Startup Time": 0.248,"Actual Total Time": 347.321,"Actual Rows": 6212,"Actual Loops": 5,"Filter": "((l_shipmode = ANY ('{MAIL,\"REG AIR\"}'::bpchar[])) AND (l_commitdate < l_receiptdate) AND (l_shipdate < l_commitdate) AND (l_receiptdate >= '1993-01-01'::date) AND (l_receiptdate < '1994-01-01 00:00:00'::timestamp without time zone))","Rows Removed by Filter": 1194031,"Workers": []},{"Node Type": "Index Scan","Parent Relationship": "Inner","Parallel Aware": false,"Async Capable": false,"Scan Direction": "Forward","Index Name": "orders_pkey","Relation Name": "orders","Alias": "orders","Startup Cost": 0.43,"Total Cost": 3.57,"Plan Rows": 1,"Plan Width": 20,"Actual Startup Time": 0.005,"Actual Total Time": 0.005,"Actual Rows": 1,"Actual Loops": 31060,"Index Cond": "(o_orderkey = lineitem.l_orderkey)","Rows Removed by Index Recheck": 0,"Workers": []}]}]}]}]}]},"Planning Time": 5.566,"Triggers": [],"Execution Time": 430.446}]
[{"Plan": {"Node Type": "Aggregate","Strategy": "Sorted","Partial Mode": "Finalize","Parallel Aware": false,"Async Capable": false,"Startup Cost": 173936.43,"Total Cost": 174087.20,"Plan Rows": 7,"Plan Width": 27,"Actual Startup Time": 404.295,"Actual Total Time": 438.434,"Actual Rows": 2,"Actual Loops": 1,"Group Key": ["lineitem.l_shipmode"],"Plans": [{"Node Type": "Gather Merge","Parent Relationship": "Outer","Parallel Aware": false,"Async Capable": false,"Startup Cost": 173936.43,"Total Cost": 174086.92,"Plan Rows": 28,"Plan Width": 27,"Actual Startup Time": 403.414,"Actual Total Time": 438.399,"Actual Rows": 10,"Actual Loops": 1,"Workers Planned": 4,"Workers Launched": 4,"Plans": [{"Node Type": "Aggregate","Strategy": "Sorted","Partial Mode": "Partial","Parent Relationship": "Outer","Parallel Aware": false,"Async Capable": false,"Startup Cost": 172936.38,"Total Cost": 173083.53,"Plan Rows": 7,"Plan Width": 27,"Actual Startup Time": 394.793,"Actual Total Time": 395.552,"Actual Rows": 2,"Actual Loops": 5,"Group Key": ["lineitem.l_shipmode"],"Workers": [],"Plans": [{"Node Type": "Sort","Parent Relationship": "Outer","Parallel Aware": false,"Async Capable": false,"Startup Cost": 172936.38,"Total Cost": 172954.76,"Plan Rows": 7354,"Plan Width": 27,"Actual Startup Time": 394.004,"Actual Total Time": 394.276,"Actual Rows": 6252,"Actual Loops": 5,"Sort Key": ["lineitem.l_shipmode"],"Sort Method": "quicksort","Sort Space Used": 635,"Sort Space Type": "Memory","Workers": [{"Worker Number": 0,"Sort Method": "quicksort","Sort Space Used": 627,"Sort Space Type": "Memory"},{"Worker Number": 1,"Sort Method": "quicksort","Sort Space Used": 641,"Sort Space Type": "Memory"},{"Worker Number": 2,"Sort Method": "quicksort","Sort Space Used": 626,"Sort Space Type": "Memory"},{"Worker Number": 3,"Sort Method": "quicksort","Sort Space Used": 630,"Sort Space Type": "Memory"}],"Plans": [{"Node Type": "Nested Loop","Parent Relationship": "Outer","Parallel Aware": false,"Async Capable": false,"Join Type": "Inner","Startup Cost": 0.43,"Total Cost": 172464.09,"Plan Rows": 7354,"Plan Width": 27,"Actual Startup Time": 0.376,"Actual Total Time": 391.142,"Actual Rows": 6252,"Actual Loops": 5,"Inner Unique": true,"Workers": [],"Plans": [{"Node Type": "Seq Scan","Parent Relationship": "Outer","Parallel Aware": true,"Async Capable": false,"Relation Name": "lineitem","Alias": "lineitem","Startup Cost": 0.00,"Total Cost": 146259.83,"Plan Rows": 7355,"Plan Width": 15,"Actual Startup Time": 0.246,"Actual Total Time": 355.568,"Actual Rows": 6252,"Actual Loops": 5,"Filter": "((l_shipmode = ANY ('{FOB,RAIL}'::bpchar[])) AND (l_commitdate < l_receiptdate) AND (l_shipdate < l_commitdate) AND (l_receiptdate >= '1993-01-01'::date) AND (l_receiptdate < '1994-01-01 00:00:00'::timestamp without time zone))","Rows Removed by Filter": 1193991,"Workers": []},{"Node Type": "Index Scan","Parent Relationship": "Inner","Parallel Aware": false,"Async Capable": false,"Scan Direction": "Forward","Index Name": "orders_pkey","Relation Name": "orders","Alias": "orders","Startup Cost": 0.43,"Total Cost": 3.56,"Plan Rows": 1,"Plan Width": 20,"Actual Startup Time": 0.005,"Actual Total Time": 0.005,"Actual Rows": 1,"Actual Loops": 31259,"Index Cond": "(o_orderkey = lineitem.l_orderkey)","Rows Removed by Index Recheck": 0,"Workers": []}]}]}]}]}]},"Planning Time": 5.465,"Triggers": [],"Execution Time": 439.032}]
[{"Plan": {"Node Type": "Aggregate","Strategy": "Sorted","Partial Mode": "Finalize","Parallel Aware": false,"Async Capable": false,"Startup Cost": 173743.69,"Total Cost": 173892.69,"Plan Rows": 7,"Plan Width": 27,"Actual Startup Time": 396.213,"Actual Total Time": 429.434,"Actual Rows": 2,"Actual Loops": 1,"Group Key": ["lineitem.l_shipmode"],"Plans": [{"Node Type": "Gather Merge","Parent Relationship": "Outer","Parallel Aware": false,"Async Capable": false,"Startup Cost": 173743.69,"Total Cost": 173892.41,"Plan Rows": 28,"Plan Width": 27,"Actual Startup Time": 395.350,"Actual Total Time": 429.396,"Actual Rows": 10,"Actual Loops": 1,"Workers Planned": 4,"Workers Launched": 4,"Plans": [{"Node Type": "Aggregate","Strategy": "Sorted","Partial Mode": "Partial","Parent Relationship": "Outer","Parallel Aware": false,"Async Capable": false,"Startup Cost": 172743.63,"Total Cost": 172889.02,"Plan Rows": 7,"Plan Width": 27,"Actual Startup Time": 387.547,"Actual Total Time": 388.297,"Actual Rows": 2,"Actual Loops": 5,"Group Key": ["lineitem.l_shipmode"],"Workers": [],"Plans": [{"Node Type": "Sort","Parent Relationship": "Outer","Parallel Aware": false,"Async Capable": false,"Startup Cost": 172743.63,"Total Cost": 172761.79,"Plan Rows": 7266,"Plan Width": 27,"Actual Startup Time": 386.772,"Actual Total Time": 387.030,"Actual Rows": 6262,"Actual Loops": 5,"Sort Key": ["lineitem.l_shipmode"],"Sort Method": "quicksort","Sort Space Used": 625,"Sort Space Type": "Memory","Workers": [{"Worker Number": 0,"Sort Method": "quicksort","Sort Space Used": 640,"Sort Space Type": "Memory"},{"Worker Number": 1,"Sort Method": "quicksort","Sort Space Used": 634,"Sort Space Type": "Memory"},{"Worker Number": 2,"Sort Method": "quicksort","Sort Space Used": 627,"Sort Space Type": "Memory"},{"Worker Number": 3,"Sort Method": "quicksort","Sort Space Used": 638,"Sort Space Type": "Memory"}],"Plans": [{"Node Type": "Nested Loop","Parent Relationship": "Outer","Parallel Aware": false,"Async Capable": false,"Join Type": "Inner","Startup Cost": 0.43,"Total Cost": 172277.63,"Plan Rows": 7266,"Plan Width": 27,"Actual Startup Time": 0.231,"Actual Total Time": 383.940,"Actual Rows": 6262,"Actual Loops": 5,"Inner Unique": true,"Workers": [],"Plans": [{"Node Type": "Seq Scan","Parent Relationship": "Outer","Parallel Aware": true,"Async Capable": false,"Relation Name": "lineitem","Alias": "lineitem","Startup Cost": 0.00,"Total Cost": 146259.83,"Plan Rows": 7266,"Plan Width": 15,"Actual Startup Time": 0.116,"Actual Total Time": 349.098,"Actual Rows": 6262,"Actual Loops": 5,"Filter": "((l_shipmode = ANY ('{FOB,RAIL}'::bpchar[])) AND (l_commitdate < l_receiptdate) AND (l_shipdate < l_commitdate) AND (l_receiptdate >= '1996-01-01'::date) AND (l_receiptdate < '1997-01-01 00:00:00'::timestamp without time zone))","Rows Removed by Filter": 1193981,"Workers": []},{"Node Type": "Index Scan","Parent Relationship": "Inner","Parallel Aware": false,"Async Capable": false,"Scan Direction": "Forward","Index Name": "orders_pkey","Relation Name": "orders","Alias": "orders","Startup Cost": 0.43,"Total Cost": 3.58,"Plan Rows": 1,"Plan Width": 20,"Actual Startup Time": 0.005,"Actual Total Time": 0.005,"Actual Rows": 1,"Actual Loops": 31309,"Index Cond": "(o_orderkey = lineitem.l_orderkey)","Rows Removed by Index Recheck": 0,"Workers": []}]}]}]}]}]},"Planning Time": 4.120,"Triggers": [],"Execution Time": 429.878}]
[{"Plan": {"Node Type": "Aggregate","Strategy": "Sorted","Partial Mode": "Finalize","Parallel Aware": false,"Async Capable": false,"Startup Cost": 173828.04,"Total Cost": 173977.83,"Plan Rows": 7,"Plan Width": 27,"Actual Startup Time": 408.048,"Actual Total Time": 441.706,"Actual Rows": 2,"Actual Loops": 1,"Group Key": ["lineitem.l_shipmode"],"Plans": [{"Node Type": "Gather Merge","Parent Relationship": "Outer","Parallel Aware": false,"Async Capable": false,"Startup Cost": 173828.04,"Total Cost": 173977.55,"Plan Rows": 28,"Plan Width": 27,"Actual Startup Time": 407.198,"Actual Total Time": 441.665,"Actual Rows": 10,"Actual Loops": 1,"Workers Planned": 4,"Workers Launched": 4,"Plans": [{"Node Type": "Aggregate","Strategy": "Sorted","Partial Mode": "Partial","Parent Relationship": "Outer","Parallel Aware": false,"Async Capable": false,"Startup Cost": 172827.99,"Total Cost": 172974.16,"Plan Rows": 7,"Plan Width": 27,"Actual Startup Time": 398.186,"Actual Total Time": 398.921,"Actual Rows": 2,"Actual Loops": 5,"Group Key": ["lineitem.l_shipmode"],"Workers": [],"Plans": [{"Node Type": "Sort","Parent Relationship": "Outer","Parallel Aware": false,"Async Capable": false,"Startup Cost": 172827.99,"Total Cost": 172846.25,"Plan Rows": 7305,"Plan Width": 27,"Actual Startup Time": 397.412,"Actual Total Time": 397.674,"Actual Rows": 6195,"Actual Loops": 5,"Sort Key": ["lineitem.l_shipmode"],"Sort Method": "quicksort","Sort Space Used": 629,"Sort Space Type": "Memory","Workers": [{"Worker Number": 0,"Sort Method": "quicksort","Sort Space Used": 632,"Sort Space Type": "Memory"},{"Worker Number": 1,"Sort Method": "quicksort","Sort Space Used": 637,"Sort Space Type": "Memory"},{"Worker Number": 2,"Sort Method": "quicksort","Sort Space Used": 605,"Sort Space Type": "Memory"},{"Worker Number": 3,"Sort Method": "quicksort","Sort Space Used": 638,"Sort Space Type": "Memory"}],"Plans": [{"Node Type": "Nested Loop","Parent Relationship": "Outer","Parallel Aware": false,"Async Capable": false,"Join Type": "Inner","Startup Cost": 0.43,"Total Cost": 172359.20,"Plan Rows": 7305,"Plan Width": 27,"Actual Startup Time": 0.252,"Actual Total Time": 394.482,"Actual Rows": 6195,"Actual Loops": 5,"Inner Unique": true,"Workers": [],"Plans": [{"Node Type": "Seq Scan","Parent Relationship": "Outer","Parallel Aware": true,"Async Capable": false,"Relation Name": "lineitem","Alias": "lineitem","Startup Cost": 0.00,"Total Cost": 146259.83,"Plan Rows": 7305,"Plan Width": 15,"Actual Startup Time": 0.171,"Actual Total Time": 358.601,"Actual Rows": 6195,"Actual Loops": 5,"Filter": "((l_shipmode = ANY ('{TRUCK,AIR}'::bpchar[])) AND (l_commitdate < l_receiptdate) AND (l_shipdate < l_commitdate) AND (l_receiptdate >= '1993-01-01'::date) AND (l_receiptdate < '1994-01-01 00:00:00'::timestamp without time zone))","Rows Removed by Filter": 1194048,"Workers": []},{"Node Type": "Index Scan","Parent Relationship": "Inner","Parallel Aware": false,"Async Capable": false,"Scan Direction": "Forward","Index Name": "orders_pkey","Relation Name": "orders","Alias": "orders","Startup Cost": 0.43,"Total Cost": 3.57,"Plan Rows": 1,"Plan Width": 20,"Actual Startup Time": 0.005,"Actual Total Time": 0.005,"Actual Rows": 1,"Actual Loops": 30975,"Index Cond": "(o_orderkey = lineitem.l_orderkey)","Rows Removed by Index Recheck": 0,"Workers": []}]}]}]}]}]},"Planning Time": 3.871,"Triggers": [],"Execution Time": 442.405}]
[{"Plan": {"Node Type": "Aggregate","Strategy": "Sorted","Partial Mode": "Finalize","Parallel Aware": false,"Async Capable": false,"Startup Cost": 173685.42,"Total Cost": 173833.89,"Plan Rows": 7,"Plan Width": 27,"Actual Startup Time": 406.248,"Actual Total Time": 439.875,"Actual Rows": 2,"Actual Loops": 1,"Group Key": ["lineitem.l_shipmode"],"Plans": [{"Node Type": "Gather Merge","Parent Relationship": "Outer","Parallel Aware": false,"Async Capable": false,"Startup Cost": 173685.42,"Total Cost": 173833.61,"Plan Rows": 28,"Plan Width": 27,"Actual Startup Time": 405.356,"Actual Total Time": 439.837,"Actual Rows": 10,"Actual Loops": 1,"Workers Planned": 4,"Workers Launched": 4,"Plans": [{"Node Type": "Aggregate","Strategy": "Sorted","Partial Mode": "Partial","Parent Relationship": "Outer","Parallel Aware": false,"Async Capable": false,"Startup Cost": 172685.37,"Total Cost": 172830.22,"Plan Rows": 7,"Plan Width": 27,"Actual Startup Time": 396.584,"Actual Total Time": 397.323,"Actual Rows": 2,"Actual Loops": 5,"Group Key": ["lineitem.l_shipmode"],"Workers": [],"Plans": [{"Node Type": "Sort","Parent Relationship": "Outer","Parallel Aware": false,"Async Capable": false,"Startup Cost": 172685.37,"Total Cost": 172703.46,"Plan Rows": 7239,"Plan Width": 27,"Actual Startup Time": 395.830,"Actual Total Time": 396.080,"Actual Rows": 6239,"Actual Loops": 5,"Sort Key": ["lineitem.l_shipmode"],"Sort Method": "quicksort","Sort Space Used": 635,"Sort Space Type": "Memory","Workers": [{"Worker Number": 0,"Sort Method": "quicksort","Sort Space Used": 637,"Sort Space Type": "Memory"},{"Worker Number": 1,"Sort Method": "quicksort","Sort Space Used": 638,"Sort Space Type": "Memory"},{"Worker Number": 2,"Sort Method": "quicksort","Sort Space Used": 606,"Sort Space Type": "Memory"},{"Worker Number": 3,"Sort Method": "quicksort","Sort Space Used": 639,"Sort Space Type": "Memory"}],"Plans": [{"Node Type": "Nested Loop","Parent Relationship": "Outer","Parallel Aware": false,"Async Capable": false,"Join Type": "Inner","Startup Cost": 0.43,"Total Cost": 172221.29,"Plan Rows": 7239,"Plan Width": 27,"Actual Startup Time": 0.493,"Actual Total Time": 392.867,"Actual Rows": 6239,"Actual Loops": 5,"Inner Unique": true,"Workers": [],"Plans": [{"Node Type": "Seq Scan","Parent Relationship": "Outer","Parallel Aware": true,"Async Capable": false,"Relation Name": "lineitem","Alias": "lineitem","Startup Cost": 0.00,"Total Cost": 146259.83,"Plan Rows": 7239,"Plan Width": 15,"Actual Startup Time": 0.345,"Actual Total Time": 356.599,"Actual Rows": 6239,"Actual Loops": 5,"Filter": "((l_shipmode = ANY ('{RAIL,TRUCK}'::bpchar[])) AND (l_commitdate < l_receiptdate) AND (l_shipdate < l_commitdate) AND (l_receiptdate >= '1997-01-01'::date) AND (l_receiptdate < '1998-01-01 00:00:00'::timestamp without time zone))","Rows Removed by Filter": 1194004,"Workers": []},{"Node Type": "Index Scan","Parent Relationship": "Inner","Parallel Aware": false,"Async Capable": false,"Scan Direction": "Forward","Index Name": "orders_pkey","Relation Name": "orders","Alias": "orders","Startup Cost": 0.43,"Total Cost": 3.59,"Plan Rows": 1,"Plan Width": 20,"Actual Startup Time": 0.005,"Actual Total Time": 0.005,"Actual Rows": 1,"Actual Loops": 31193,"Index Cond": "(o_orderkey = lineitem.l_orderkey)","Rows Removed by Index Recheck": 0,"Workers": []}]}]}]}]}]},"Planning Time": 5.253,"Triggers": [],"Execution Time": 440.653}]
[{"Plan": {"Node Type": "Aggregate","Strategy": "Sorted","Partial Mode": "Finalize","Parallel Aware": false,"Async Capable": false,"Startup Cost": 174029.81,"Total Cost": 174181.50,"Plan Rows": 7,"Plan Width": 27,"Actual Startup Time": 387.219,"Actual Total Time": 421.814,"Actual Rows": 2,"Actual Loops": 1,"Group Key": ["lineitem.l_shipmode"],"Plans": [{"Node Type": "Gather Merge","Parent Relationship": "Outer","Parallel Aware": false,"Async Capable": false,"Startup Cost": 174029.81,"Total Cost": 174181.22,"Plan Rows": 28,"Plan Width": 27,"Actual Startup Time": 386.382,"Actual Total Time": 421.774,"Actual Rows": 10,"Actual Loops": 1,"Workers Planned": 4,"Workers Launched": 4,"Plans": [{"Node Type": "Aggregate","Strategy": "Sorted","Partial Mode": "Partial","Parent Relationship": "Outer","Parallel Aware": false,"Async Capable": false,"Startup Cost": 173029.75,"Total Cost": 173177.82,"Plan Rows": 7,"Plan Width": 27,"Actual Startup Time": 378.193,"Actual Total Time": 378.935,"Actual Rows": 2,"Actual Loops": 5,"Group Key": ["lineitem.l_shipmode"],"Workers": [],"Plans": [{"Node Type": "Sort","Parent Relationship": "Outer","Parallel Aware": false,"Async Capable": false,"Startup Cost": 173029.75,"Total Cost": 173048.25,"Plan Rows": 7400,"Plan Width": 27,"Actual Startup Time": 377.459,"Actual Total Time": 377.704,"Actual Rows": 6248,"Actual Loops": 5,"Sort Key": ["lineitem.l_shipmode"],"Sort Method": "quicksort","Sort Space Used": 648,"Sort Space Type": "Memory","Workers": [{"Worker Number": 0,"Sort Method": "quicksort","Sort Space Used": 626,"Sort Space Type": "Memory"},{"Worker Number": 1,"Sort Method": "quicksort","Sort Space Used": 622,"Sort Space Type": "Memory"},{"Worker Number": 2,"Sort Method": "quicksort","Sort Space Used": 637,"Sort Space Type": "Memory"},{"Worker Number": 3,"Sort Method": "quicksort","Sort Space Used": 626,"Sort Space Type": "Memory"}],"Plans": [{"Node Type": "Nested Loop","Parent Relationship": "Outer","Parallel Aware": false,"Async Capable": false,"Join Type": "Inner","Startup Cost": 0.43,"Total Cost": 172554.18,"Plan Rows": 7400,"Plan Width": 27,"Actual Startup Time": 0.304,"Actual Total Time": 374.657,"Actual Rows": 6248,"Actual Loops": 5,"Inner Unique": true,"Workers": [],"Plans": [{"Node Type": "Seq Scan","Parent Relationship": "Outer","Parallel Aware": true,"Async Capable": false,"Relation Name": "lineitem","Alias": "lineitem","Startup Cost": 0.00,"Total Cost": 146259.83,"Plan Rows": 7399,"Plan Width": 15,"Actual Startup Time": 0.183,"Actual Total Time": 340.220,"Actual Rows": 6248,"Actual Loops": 5,"Filter": "((l_shipmode = ANY ('{\"REG AIR\",TRUCK}'::bpchar[])) AND (l_commitdate < l_receiptdate) AND (l_shipdate < l_commitdate) AND (l_receiptdate >= '1995-01-01'::date) AND (l_receiptdate < '1996-01-01 00:00:00'::timestamp without time zone))","Rows Removed by Filter": 1193995,"Workers": []},{"Node Type": "Index Scan","Parent Relationship": "Inner","Parallel Aware": false,"Async Capable": false,"Scan Direction": "Forward","Index Name": "orders_pkey","Relation Name": "orders","Alias": "orders","Startup Cost": 0.43,"Total Cost": 3.55,"Plan Rows": 1,"Plan Width": 20,"Actual Startup Time": 0.005,"Actual Total Time": 0.005,"Actual Rows": 1,"Actual Loops": 31238,"Index Cond": "(o_orderkey = lineitem.l_orderkey)","Rows Removed by Index Recheck": 0,"Workers": []}]}]}]}]}]},"Planning Time": 4.883,"Triggers": [],"Execution Time": 422.447}]
[{"Plan": {"Node Type": "Aggregate","Strategy": "Sorted","Partial Mode": "Finalize","Parallel Aware": false,"Async Capable": false,"Startup Cost": 173412.56,"Total Cost": 173558.53,"Plan Rows": 7,"Plan Width": 27,"Actual Startup Time": 404.225,"Actual Total Time": 438.936,"Actual Rows": 2,"Actual Loops": 1,"Group Key": ["lineitem.l_shipmode"],"Plans": [{"Node Type": "Gather Merge","Parent Relationship": "Outer","Parallel Aware": false,"Async Capable": false,"Startup Cost": 173412.56,"Total Cost": 173558.25,"Plan Rows": 28,"Plan Width": 27,"Actual Startup Time": 403.422,"Actual Total Time": 438.885,"Actual Rows": 10,"Actual Loops": 1,"Workers Planned": 4,"Workers Launched": 4,"Plans": [{"Node Type": "Aggregate","Strategy": "Sorted","Partial Mode": "Partial","Parent Relationship": "Outer","Parallel Aware": false,"Async Capable": false,"Startup Cost": 172412.50,"Total Cost": 172554.85,"Plan Rows": 7,"Plan Width": 27,"Actual Startup Time": 394.694,"Actual Total Time": 395.415,"Actual Rows": 2,"Actual Loops": 5,"Group Key": ["lineitem.l_shipmode"],"Workers": [],"Plans": [{"Node Type": "Sort","Parent Relationship": "Outer","Parallel Aware": false,"Async Capable": false,"Startup Cost": 172412.50,"Total Cost": 172430.29,"Plan Rows": 7114,"Plan Width": 27,"Actual Startup Time": 393.940,"Actual Total Time": 394.180,"Actual Rows": 6219,"Actual Loops": 5,"Sort Key": ["lineitem.l_shipmode"],"Sort Method": "quicksort","Sort Space Used": 624,"Sort Space Type": "Memory","Workers": [{"Worker Number": 0,"Sort Method": "quicksort","Sort Space Used": 626,"Sort Space Type": "Memory"},{"Worker Number": 1,"Sort Method": "quicksort","Sort Space Used": 623,"Sort Space Type": "Memory"},{"Worker Number": 2,"Sort Method": "quicksort","Sort Space Used": 632,"Sort Space Type": "Memory"},{"Worker Number": 3,"Sort Method": "quicksort","Sort Space Used": 644,"Sort Space Type": "Memory"}],"Plans": [{"Node Type": "Nested Loop","Parent Relationship": "Outer","Parallel Aware": false,"Async Capable": false,"Join Type": "Inner","Startup Cost": 0.43,"Total Cost": 171957.33,"Plan Rows": 7114,"Plan Width": 27,"Actual Startup Time": 0.346,"Actual Total Time": 391.038,"Actual Rows": 6219,"Actual Loops": 5,"Inner Unique": true,"Workers": [],"Plans": [{"Node Type": "Seq Scan","Parent Relationship": "Outer","Parallel Aware": true,"Async Capable": false,"Relation Name": "lineitem","Alias": "lineitem","Startup Cost": 0.00,"Total Cost": 146259.83,"Plan Rows": 7114,"Plan Width": 15,"Actual Startup Time": 0.203,"Actual Total Time": 355.589,"Actual Rows": 6219,"Actual Loops": 5,"Filter": "((l_shipmode = ANY ('{RAIL,SHIP}'::bpchar[])) AND (l_commitdate < l_receiptdate) AND (l_shipdate < l_commitdate) AND (l_receiptdate >= '1994-01-01'::date) AND (l_receiptdate < '1995-01-01 00:00:00'::timestamp without time zone))","Rows Removed by Filter": 1194024,"Workers": []},{"Node Type": "Index Scan","Parent Relationship": "Inner","Parallel Aware": false,"Async Capable": false,"Scan Direction": "Forward","Index Name": "orders_pkey","Relation Name": "orders","Alias": "orders","Startup Cost": 0.43,"Total Cost": 3.61,"Plan Rows": 1,"Plan Width": 20,"Actual Startup Time": 0.005,"Actual Total Time": 0.005,"Actual Rows": 1,"Actual Loops": 31095,"Index Cond": "(o_orderkey = lineitem.l_orderkey)","Rows Removed by Index Recheck": 0,"Workers": []}]}]}]}]}]},"Planning Time": 5.306,"Triggers": [],"Execution Time": 439.576}]
[{"Plan": {"Node Type": "Aggregate","Strategy": "Sorted","Partial Mode": "Finalize","Parallel Aware": false,"Async Capable": false,"Startup Cost": 173469.49,"Total Cost": 173615.98,"Plan Rows": 7,"Plan Width": 27,"Actual Startup Time": 402.241,"Actual Total Time": 436.650,"Actual Rows": 2,"Actual Loops": 1,"Group Key": ["lineitem.l_shipmode"],"Plans": [{"Node Type": "Gather Merge","Parent Relationship": "Outer","Parallel Aware": false,"Async Capable": false,"Startup Cost": 173469.49,"Total Cost": 173615.70,"Plan Rows": 28,"Plan Width": 27,"Actual Startup Time": 401.378,"Actual Total Time": 436.616,"Actual Rows": 10,"Actual Loops": 1,"Workers Planned": 4,"Workers Launched": 4,"Plans": [{"Node Type": "Aggregate","Strategy": "Sorted","Partial Mode": "Partial","Parent Relationship": "Outer","Parallel Aware": false,"Async Capable": false,"Startup Cost": 172469.43,"Total Cost": 172612.30,"Plan Rows": 7,"Plan Width": 27,"Actual Startup Time": 392.971,"Actual Total Time": 393.711,"Actual Rows": 2,"Actual Loops": 5,"Group Key": ["lineitem.l_shipmode"],"Workers": [],"Plans": [{"Node Type": "Sort","Parent Relationship": "Outer","Parallel Aware": false,"Async Capable": false,"Startup Cost": 172469.43,"Total Cost": 172487.28,"Plan Rows": 7140,"Plan Width": 27,"Actual Startup Time": 392.227,"Actual Total Time": 392.472,"Actual Rows": 6198,"Actual Loops": 5,"Sort Key": ["lineitem.l_shipmode"],"Sort Method": "quicksort","Sort Space Used": 643,"Sort Space Type": "Memory","Workers": [{"Worker Number": 0,"Sort Method": "quicksort","Sort Space Used": 633,"Sort Space Type": "Memory"},{"Worker Number": 1,"Sort Method": "quicksort","Sort Space Used": 615,"Sort Space Type": "Memory"},{"Worker Number": 2,"Sort Method": "quicksort","Sort Space Used": 635,"Sort Space Type": "Memory"},{"Worker Number": 3,"Sort Method": "quicksort","Sort Space Used": 615,"Sort Space Type": "Memory"}],"Plans": [{"Node Type": "Nested Loop","Parent Relationship": "Outer","Parallel Aware": false,"Async Capable": false,"Join Type": "Inner","Startup Cost": 0.43,"Total Cost": 172012.41,"Plan Rows": 7140,"Plan Width": 27,"Actual Startup Time": 0.338,"Actual Total Time": 389.296,"Actual Rows": 6198,"Actual Loops": 5,"Inner Unique": true,"Workers": [],"Plans": [{"Node Type": "Seq Scan","Parent Relationship": "Outer","Parallel Aware": true,"Async Capable": false,"Relation Name": "lineitem","Alias": "lineitem","Startup Cost": 0.00,"Total Cost": 146259.83,"Plan Rows": 7140,"Plan Width": 15,"Actual Startup Time": 0.194,"Actual Total Time": 354.223,"Actual Rows": 6198,"Actual Loops": 5,"Filter": "((l_shipmode = ANY ('{SHIP,MAIL}'::bpchar[])) AND (l_commitdate < l_receiptdate) AND (l_shipdate < l_commitdate) AND (l_receiptdate >= '1994-01-01'::date) AND (l_receiptdate < '1995-01-01 00:00:00'::timestamp without time zone))","Rows Removed by Filter": 1194045,"Workers": []},{"Node Type": "Index Scan","Parent Relationship": "Inner","Parallel Aware": false,"Async Capable": false,"Scan Direction": "Forward","Index Name": "orders_pkey","Relation Name": "orders","Alias": "orders","Startup Cost": 0.43,"Total Cost": 3.61,"Plan Rows": 1,"Plan Width": 20,"Actual Startup Time": 0.005,"Actual Total Time": 0.005,"Actual Rows": 1,"Actual Loops": 30988,"Index Cond": "(o_orderkey = lineitem.l_orderkey)","Rows Removed by Index Recheck": 0,"Workers": []}]}]}]}]}]},"Planning Time": 3.975,"Triggers": [],"Execution Time": 437.106}]
[{"Plan": {"Node Type": "Aggregate","Strategy": "Sorted","Partial Mode": "Finalize","Parallel Aware": false,"Async Capable": false,"Startup Cost": 173523.95,"Total Cost": 173670.93,"Plan Rows": 7,"Plan Width": 27,"Actual Startup Time": 408.905,"Actual Total Time": 443.002,"Actual Rows": 2,"Actual Loops": 1,"Group Key": ["lineitem.l_shipmode"],"Plans": [{"Node Type": "Gather Merge","Parent Relationship": "Outer","Parallel Aware": false,"Async Capable": false,"Startup Cost": 173523.95,"Total Cost": 173670.65,"Plan Rows": 28,"Plan Width": 27,"Actual Startup Time": 408.077,"Actual Total Time": 442.948,"Actual Rows": 10,"Actual Loops": 1,"Workers Planned": 4,"Workers Launched": 4,"Plans": [{"Node Type": "Aggregate","Strategy": "Sorted","Partial Mode": "Partial","Parent Relationship": "Outer","Parallel Aware": false,"Async Capable": false,"Startup Cost": 172523.89,"Total Cost": 172667.26,"Plan Rows": 7,"Plan Width": 27,"Actual Startup Time": 399.558,"Actual Total Time": 400.302,"Actual Rows": 2,"Actual Loops": 5,"Group Key": ["lineitem.l_shipmode"],"Workers": [],"Plans": [{"Node Type": "Sort","Parent Relationship": "Outer","Parallel Aware": false,"Async Capable": false,"Startup Cost": 172523.89,"Total Cost": 172541.80,"Plan Rows": 7165,"Plan Width": 27,"Actual Startup Time": 398.812,"Actual Total Time": 399.059,"Actual Rows": 6260,"Actual Loops": 5,"Sort Key": ["lineitem.l_shipmode"],"Sort Method": "quicksort","Sort Space Used": 635,"Sort Space Type": "Memory","Workers": [{"Worker Number": 0,"Sort Method": "quicksort","Sort Space Used": 615,"Sort Space Type": "Memory"},{"Worker Number": 1,"Sort Method": "quicksort","Sort Space Used": 634,"Sort Space Type": "Memory"},{"Worker Number": 2,"Sort Method": "quicksort","Sort Space Used": 641,"Sort Space Type": "Memory"},{"Worker Number": 3,"Sort Method": "quicksort","Sort Space Used": 637,"Sort Space Type": "Memory"}],"Plans": [{"Node Type": "Nested Loop","Parent Relationship": "Outer","Parallel Aware": false,"Async Capable": false,"Join Type": "Inner","Startup Cost": 0.43,"Total Cost": 172065.09,"Plan Rows": 7165,"Plan Width": 27,"Actual Startup Time": 0.237,"Actual Total Time": 395.910,"Actual Rows": 6260,"Actual Loops": 5,"Inner Unique": true,"Workers": [],"Plans": [{"Node Type": "Seq Scan","Parent Relationship": "Outer","Parallel Aware": true,"Async Capable": false,"Relation Name": "lineitem","Alias": "lineitem","Startup Cost": 0.00,"Total Cost": 146259.83,"Plan Rows": 7165,"Plan Width": 15,"Actual Startup Time": 0.139,"Actual Total Time": 359.642,"Actual Rows": 6260,"Actual Loops": 5,"Filter": "((l_shipmode = ANY ('{SHIP,AIR}'::bpchar[])) AND (l_commitdate < l_receiptdate) AND (l_shipdate < l_commitdate) AND (l_receiptdate >= '1996-01-01'::date) AND (l_receiptdate < '1997-01-01 00:00:00'::timestamp without time zone))","Rows Removed by Filter": 1193983,"Workers": []},{"Node Type": "Index Scan","Parent Relationship": "Inner","Parallel Aware": false,"Async Capable": false,"Scan Direction": "Forward","Index Name": "orders_pkey","Relation Name": "orders","Alias": "orders","Startup Cost": 0.43,"Total Cost": 3.60,"Plan Rows": 1,"Plan Width": 20,"Actual Startup Time": 0.005,"Actual Total Time": 0.005,"Actual Rows": 1,"Actual Loops": 31300,"Index Cond": "(o_orderkey = lineitem.l_orderkey)","Rows Removed by Index Recheck": 0,"Workers": []}]}]}]}]}]},"Planning Time": 4.933,"Triggers": [],"Execution Time": 443.623}]
[{"Plan": {"Node Type": "Aggregate","Strategy": "Sorted","Partial Mode": "Finalize","Parallel Aware": false,"Async Capable": false,"Startup Cost": 173469.49,"Total Cost": 173615.98,"Plan Rows": 7,"Plan Width": 27,"Actual Startup Time": 398.076,"Actual Total Time": 431.063,"Actual Rows": 2,"Actual Loops": 1,"Group Key": ["lineitem.l_shipmode"],"Plans": [{"Node Type": "Gather Merge","Parent Relationship": "Outer","Parallel Aware": false,"Async Capable": false,"Startup Cost": 173469.49,"Total Cost": 173615.70,"Plan Rows": 28,"Plan Width": 27,"Actual Startup Time": 397.217,"Actual Total Time": 431.025,"Actual Rows": 10,"Actual Loops": 1,"Workers Planned": 4,"Workers Launched": 4,"Plans": [{"Node Type": "Aggregate","Strategy": "Sorted","Partial Mode": "Partial","Parent Relationship": "Outer","Parallel Aware": false,"Async Capable": false,"Startup Cost": 172469.43,"Total Cost": 172612.30,"Plan Rows": 7,"Plan Width": 27,"Actual Startup Time": 388.995,"Actual Total Time": 389.724,"Actual Rows": 2,"Actual Loops": 5,"Group Key": ["lineitem.l_shipmode"],"Workers": [],"Plans": [{"Node Type": "Sort","Parent Relationship": "Outer","Parallel Aware": false,"Async Capable": false,"Startup Cost": 172469.43,"Total Cost": 172487.28,"Plan Rows": 7140,"Plan Width": 27,"Actual Startup Time": 388.238,"Actual Total Time": 388.494,"Actual Rows": 6198,"Actual Loops": 5,"Sort Key": ["lineitem.l_shipmode"],"Sort Method": "quicksort","Sort Space Used": 635,"Sort Space Type": "Memory","Workers": [{"Worker Number": 0,"Sort Method": "quicksort","Sort Space Used": 620,"Sort Space Type": "Memory"},{"Worker Number": 1,"Sort Method": "quicksort","Sort Space Used": 633,"Sort Space Type": "Memory"},{"Worker Number": 2,"Sort Method": "quicksort","Sort Space Used": 628,"Sort Space Type": "Memory"},{"Worker Number": 3,"Sort Method": "quicksort","Sort Space Used": 625,"Sort Space Type": "Memory"}],"Plans": [{"Node Type": "Nested Loop","Parent Relationship": "Outer","Parallel Aware": false,"Async Capable": false,"Join Type": "Inner","Startup Cost": 0.43,"Total Cost": 172012.41,"Plan Rows": 7140,"Plan Width": 27,"Actual Startup Time": 0.232,"Actual Total Time": 385.334,"Actual Rows": 6198,"Actual Loops": 5,"Inner Unique": true,"Workers": [],"Plans": [{"Node Type": "Seq Scan","Parent Relationship": "Outer","Parallel Aware": true,"Async Capable": false,"Relation Name": "lineitem","Alias": "lineitem","Startup Cost": 0.00,"Total Cost": 146259.83,"Plan Rows": 7140,"Plan Width": 15,"Actual Startup Time": 0.114,"Actual Total Time": 351.249,"Actual Rows": 6198,"Actual Loops": 5,"Filter": "((l_shipmode = ANY ('{MAIL,SHIP}'::bpchar[])) AND (l_commitdate < l_receiptdate) AND (l_shipdate < l_commitdate) AND (l_receiptdate >= '1994-01-01'::date) AND (l_receiptdate < '1995-01-01 00:00:00'::timestamp without time zone))","Rows Removed by Filter": 1194045,"Workers": []},{"Node Type": "Index Scan","Parent Relationship": "Inner","Parallel Aware": false,"Async Capable": false,"Scan Direction": "Forward","Index Name": "orders_pkey","Relation Name": "orders","Alias": "orders","Startup Cost": 0.43,"Total Cost": 3.61,"Plan Rows": 1,"Plan Width": 20,"Actual Startup Time": 0.005,"Actual Total Time": 0.005,"Actual Rows": 1,"Actual Loops": 30988,"Index Cond": "(o_orderkey = lineitem.l_orderkey)","Rows Removed by Index Recheck": 0,"Workers": []}]}]}]}]}]},"Planning Time": 4.368,"Triggers": [],"Execution Time": 431.623}]
[{"Plan": {"Node Type": "Aggregate","Strategy": "Sorted","Partial Mode": "Finalize","Parallel Aware": false,"Async Capable": false,"Startup Cost": 173571.57,"Total Cost": 173719.00,"Plan Rows": 7,"Plan Width": 27,"Actual Startup Time": 402.469,"Actual Total Time": 436.632,"Actual Rows": 2,"Actual Loops": 1,"Group Key": ["lineitem.l_shipmode"],"Plans": [{"Node Type": "Gather Merge","Parent Relationship": "Outer","Parallel Aware": false,"Async Capable": false,"Startup Cost": 173571.57,"Total Cost": 173718.72,"Plan Rows": 28,"Plan Width": 27,"Actual Startup Time": 401.685,"Actual Total Time": 436.596,"Actual Rows": 10,"Actual Loops": 1,"Workers Planned": 4,"Workers Launched": 4,"Plans": [{"Node Type": "Aggregate","Strategy": "Sorted","Partial Mode": "Partial","Parent Relationship": "Outer","Parallel Aware": false,"Async Capable": false,"Startup Cost": 172571.51,"Total Cost": 172715.32,"Plan Rows": 7,"Plan Width": 27,"Actual Startup Time": 393.044,"Actual Total Time": 393.754,"Actual Rows": 2,"Actual Loops": 5,"Group Key": ["lineitem.l_shipmode"],"Workers": [],"Plans": [{"Node Type": "Sort","Parent Relationship": "Outer","Parallel Aware": false,"Async Capable": false,"Startup Cost": 172571.51,"Total Cost": 172589.48,"Plan Rows": 7187,"Plan Width": 27,"Actual Startup Time": 392.277,"Actual Total Time": 392.519,"Actual Rows": 6255,"Actual Loops": 5,"Sort Key": ["lineitem.l_shipmode"],"Sort Method": "quicksort","Sort Space Used": 637,"Sort Space Type": "Memory","Workers": [{"Worker Number": 0,"Sort Method": "quicksort","Sort Space Used": 630,"Sort Space Type": "Memory"},{"Worker Number": 1,"Sort Method": "quicksort","Sort Space Used": 648,"Sort Space Type": "Memory"},{"Worker Number": 2,"Sort Method": "quicksort","Sort Space Used": 630,"Sort Space Type": "Memory"},{"Worker Number": 3,"Sort Method": "quicksort","Sort Space Used": 616,"Sort Space Type": "Memory"}],"Plans": [{"Node Type": "Nested Loop","Parent Relationship": "Outer","Parallel Aware": false,"Async Capable": false,"Join Type": "Inner","Startup Cost": 0.43,"Total Cost": 172111.14,"Plan Rows": 7187,"Plan Width": 27,"Actual Startup Time": 0.222,"Actual Total Time": 389.329,"Actual Rows": 6255,"Actual Loops": 5,"Inner Unique": true,"Workers": [],"Plans": [{"Node Type": "Seq Scan","Parent Relationship": "Outer","Parallel Aware": true,"Async Capable": false,"Relation Name": "lineitem","Alias": "lineitem","Startup Cost": 0.00,"Total Cost": 146259.83,"Plan Rows": 7187,"Plan Width": 15,"Actual Startup Time": 0.102,"Actual Total Time": 353.334,"Actual Rows": 6255,"Actual Loops": 5,"Filter": "((l_shipmode = ANY ('{RAIL,\"REG AIR\"}'::bpchar[])) AND (l_commitdate < l_receiptdate) AND (l_shipdate < l_commitdate) AND (l_receiptdate >= '1997-01-01'::date) AND (l_receiptdate < '1998-01-01 00:00:00'::timestamp without time zone))","Rows Removed by Filter": 1193988,"Workers": []},{"Node Type": "Index Scan","Parent Relationship": "Inner","Parallel Aware": false,"Async Capable": false,"Scan Direction": "Forward","Index Name": "orders_pkey","Relation Name": "orders","Alias": "orders","Startup Cost": 0.43,"Total Cost": 3.60,"Plan Rows": 1,"Plan Width": 20,"Actual Startup Time": 0.005,"Actual Total Time": 0.005,"Actual Rows": 1,"Actual Loops": 31277,"Index Cond": "(o_orderkey = lineitem.l_orderkey)","Rows Removed by Index Recheck": 0,"Workers": []}]}]}]}]}]},"Planning Time": 4.043,"Triggers": [],"Execution Time": 437.306}]
[{"Plan": {"Node Type": "Aggregate","Strategy": "Sorted","Partial Mode": "Finalize","Parallel Aware": false,"Async Capable": false,"Startup Cost": 173572.70,"Total Cost": 173720.11,"Plan Rows": 7,"Plan Width": 27,"Actual Startup Time": 401.102,"Actual Total Time": 434.430,"Actual Rows": 2,"Actual Loops": 1,"Group Key": ["lineitem.l_shipmode"],"Plans": [{"Node Type": "Gather Merge","Parent Relationship": "Outer","Parallel Aware": false,"Async Capable": false,"Startup Cost": 173572.70,"Total Cost": 173719.83,"Plan Rows": 28,"Plan Width": 27,"Actual Startup Time": 400.252,"Actual Total Time": 434.388,"Actual Rows": 10,"Actual Loops": 1,"Workers Planned": 4,"Workers Launched": 4,"Plans": [{"Node Type": "Aggregate","Strategy": "Sorted","Partial Mode": "Partial","Parent Relationship": "Outer","Parallel Aware": false,"Async Capable": false,"Startup Cost": 172572.64,"Total Cost": 172716.43,"Plan Rows": 7,"Plan Width": 27,"Actual Startup Time": 391.949,"Actual Total Time": 392.684,"Actual Rows": 2,"Actual Loops": 5,"Group Key": ["lineitem.l_shipmode"],"Workers": [],"Plans": [{"Node Type": "Sort","Parent Relationship": "Outer","Parallel Aware": false,"Async Capable": false,"Startup Cost": 172572.64,"Total Cost": 172590.61,"Plan Rows": 7186,"Plan Width": 27,"Actual Startup Time": 391.195,"Actual Total Time": 391.431,"Actual Rows": 6224,"Actual Loops": 5,"Sort Key": ["lineitem.l_shipmode"],"Sort Method": "quicksort","Sort Space Used": 636,"Sort Space Type": "Memory","Workers": [{"Worker Number": 0,"Sort Method": "quicksort","Sort Space Used": 636,"Sort Space Type": "Memory"},{"Worker Number": 1,"Sort Method": "quicksort","Sort Space Used": 632,"Sort Space Type": "Memory"},{"Worker Number": 2,"Sort Method": "quicksort","Sort Space Used": 631,"Sort Space Type": "Memory"},{"Worker Number": 3,"Sort Method": "quicksort","Sort Space Used": 616,"Sort Space Type": "Memory"}],"Plans": [{"Node Type": "Nested Loop","Parent Relationship": "Outer","Parallel Aware": false,"Async Capable": false,"Join Type": "Inner","Startup Cost": 0.43,"Total Cost": 172112.34,"Plan Rows": 7186,"Plan Width": 27,"Actual Startup Time": 0.352,"Actual Total Time": 388.411,"Actual Rows": 6224,"Actual Loops": 5,"Inner Unique": true,"Workers": [],"Plans": [{"Node Type": "Seq Scan","Parent Relationship": "Outer","Parallel Aware": true,"Async Capable": false,"Relation Name": "lineitem","Alias": "lineitem","Startup Cost": 0.00,"Total Cost": 146259.83,"Plan Rows": 7187,"Plan Width": 15,"Actual Startup Time": 0.223,"Actual Total Time": 353.827,"Actual Rows": 6224,"Actual Loops": 5,"Filter": "((l_shipmode = ANY ('{RAIL,FOB}'::bpchar[])) AND (l_commitdate < l_receiptdate) AND (l_shipdate < l_commitdate) AND (l_receiptdate >= '1994-01-01'::date) AND (l_receiptdate < '1995-01-01 00:00:00'::timestamp without time zone))","Rows Removed by Filter": 1194019,"Workers": []},{"Node Type": "Index Scan","Parent Relationship": "Inner","Parallel Aware": false,"Async Capable": false,"Scan Direction": "Forward","Index Name": "orders_pkey","Relation Name": "orders","Alias": "orders","Startup Cost": 0.43,"Total Cost": 3.60,"Plan Rows": 1,"Plan Width": 20,"Actual Startup Time": 0.005,"Actual Total Time": 0.005,"Actual Rows": 1,"Actual Loops": 31118,"Index Cond": "(o_orderkey = lineitem.l_orderkey)","Rows Removed by Index Recheck": 0,"Workers": []}]}]}]}]}]},"Planning Time": 4.510,"Triggers": [],"Execution Time": 434.908}]
[{"Plan": {"Node Type": "Aggregate","Strategy": "Sorted","Partial Mode": "Finalize","Parallel Aware": false,"Async Capable": false,"Startup Cost": 173669.98,"Total Cost": 173818.31,"Plan Rows": 7,"Plan Width": 27,"Actual Startup Time": 410.491,"Actual Total Time": 444.429,"Actual Rows": 2,"Actual Loops": 1,"Group Key": ["lineitem.l_shipmode"],"Plans": [{"Node Type": "Gather Merge","Parent Relationship": "Outer","Parallel Aware": false,"Async Capable": false,"Startup Cost": 173669.98,"Total Cost": 173818.03,"Plan Rows": 28,"Plan Width": 27,"Actual Startup Time": 409.717,"Actual Total Time": 444.388,"Actual Rows": 10,"Actual Loops": 1,"Workers Planned": 4,"Workers Launched": 4,"Plans": [{"Node Type": "Aggregate","Strategy": "Sorted","Partial Mode": "Partial","Parent Relationship": "Outer","Parallel Aware": false,"Async Capable": false,"Startup Cost": 172669.92,"Total Cost": 172814.63,"Plan Rows": 7,"Plan Width": 27,"Actual Startup Time": 400.974,"Actual Total Time": 401.710,"Actual Rows": 2,"Actual Loops": 5,"Group Key": ["lineitem.l_shipmode"],"Workers": [],"Plans": [{"Node Type": "Sort","Parent Relationship": "Outer","Parallel Aware": false,"Async Capable": false,"Startup Cost": 172669.92,"Total Cost": 172688.00,"Plan Rows": 7232,"Plan Width": 27,"Actual Startup Time": 400.221,"Actual Total Time": 400.469,"Actual Rows": 6226,"Actual Loops": 5,"Sort Key": ["lineitem.l_shipmode"],"Sort Method": "quicksort","Sort Space Used": 623,"Sort Space Type": "Memory","Workers": [{"Worker Number": 0,"Sort Method": "quicksort","Sort Space Used": 612,"Sort Space Type": "Memory"},{"Worker Number": 1,"Sort Method": "quicksort","Sort Space Used": 631,"Sort Space Type": "Memory"},{"Worker Number": 2,"Sort Method": "quicksort","Sort Space Used": 646,"Sort Space Type": "Memory"},{"Worker Number": 3,"Sort Method": "quicksort","Sort Space Used": 639,"Sort Space Type": "Memory"}],"Plans": [{"Node Type": "Nested Loop","Parent Relationship": "Outer","Parallel Aware": false,"Async Capable": false,"Join Type": "Inner","Startup Cost": 0.43,"Total Cost": 172206.35,"Plan Rows": 7232,"Plan Width": 27,"Actual Startup Time": 0.397,"Actual Total Time": 397.365,"Actual Rows": 6226,"Actual Loops": 5,"Inner Unique": true,"Workers": [],"Plans": [{"Node Type": "Seq Scan","Parent Relationship": "Outer","Parallel Aware": true,"Async Capable": false,"Relation Name": "lineitem","Alias": "lineitem","Startup Cost": 0.00,"Total Cost": 146259.83,"Plan Rows": 7232,"Plan Width": 15,"Actual Startup Time": 0.304,"Actual Total Time": 361.242,"Actual Rows": 6226,"Actual Loops": 5,"Filter": "((l_shipmode = ANY ('{AIR,FOB}'::bpchar[])) AND (l_commitdate < l_receiptdate) AND (l_shipdate < l_commitdate) AND (l_receiptdate >= '1997-01-01'::date) AND (l_receiptdate < '1998-01-01 00:00:00'::timestamp without time zone))","Rows Removed by Filter": 1194017,"Workers": []},{"Node Type": "Index Scan","Parent Relationship": "Inner","Parallel Aware": false,"Async Capable": false,"Scan Direction": "Forward","Index Name": "orders_pkey","Relation Name": "orders","Alias": "orders","Startup Cost": 0.43,"Total Cost": 3.59,"Plan Rows": 1,"Plan Width": 20,"Actual Startup Time": 0.005,"Actual Total Time": 0.005,"Actual Rows": 1,"Actual Loops": 31130,"Index Cond": "(o_orderkey = lineitem.l_orderkey)","Rows Removed by Index Recheck": 0,"Workers": []}]}]}]}]}]},"Planning Time": 5.575,"Triggers": [],"Execution Time": 445.000}]
[{"Plan": {"Node Type": "Aggregate","Strategy": "Sorted","Partial Mode": "Finalize","Parallel Aware": false,"Async Capable": false,"Startup Cost": 174047.55,"Total Cost": 174199.38,"Plan Rows": 7,"Plan Width": 27,"Actual Startup Time": 395.837,"Actual Total Time": 429.706,"Actual Rows": 2,"Actual Loops": 1,"Group Key": ["lineitem.l_shipmode"],"Plans": [{"Node Type": "Gather Merge","Parent Relationship": "Outer","Parallel Aware": false,"Async Capable": false,"Startup Cost": 174047.55,"Total Cost": 174199.10,"Plan Rows": 28,"Plan Width": 27,"Actual Startup Time": 394.992,"Actual Total Time": 429.656,"Actual Rows": 10,"Actual Loops": 1,"Workers Planned": 4,"Workers Launched": 4,"Plans": [{"Node Type": "Aggregate","Strategy": "Sorted","Partial Mode": "Partial","Parent Relationship": "Outer","Parallel Aware": false,"Async Capable": false,"Startup Cost": 173047.49,"Total Cost": 173195.70,"Plan Rows": 7,"Plan Width": 27,"Actual Startup Time": 386.995,"Actual Total Time": 387.738,"Actual Rows": 2,"Actual Loops": 5,"Group Key": ["lineitem.l_shipmode"],"Workers": [],"Plans": [{"Node Type": "Sort","Parent Relationship": "Outer","Parallel Aware": false,"Async Capable": false,"Startup Cost": 173047.49,"Total Cost": 173066.01,"Plan Rows": 7407,"Plan Width": 27,"Actual Startup Time": 386.246,"Actual Total Time": 386.497,"Actual Rows": 6182,"Actual Loops": 5,"Sort Key": ["lineitem.l_shipmode"],"Sort Method": "quicksort","Sort Space Used": 637,"Sort Space Type": "Memory","Workers": [{"Worker Number": 0,"Sort Method": "quicksort","Sort Space Used": 627,"Sort Space Type": "Memory"},{"Worker Number": 1,"Sort Method": "quicksort","Sort Space Used": 632,"Sort Space Type": "Memory"},{"Worker Number": 2,"Sort Method": "quicksort","Sort Space Used": 626,"Sort Space Type": "Memory"},{"Worker Number": 3,"Sort Method": "quicksort","Sort Space Used": 614,"Sort Space Type": "Memory"}],"Plans": [{"Node Type": "Nested Loop","Parent Relationship": "Outer","Parallel Aware": false,"Async Capable": false,"Join Type": "Inner","Startup Cost": 0.43,"Total Cost": 172571.42,"Plan Rows": 7407,"Plan Width": 27,"Actual Startup Time": 0.272,"Actual Total Time": 383.359,"Actual Rows": 6182,"Actual Loops": 5,"Inner Unique": true,"Workers": [],"Plans": [{"Node Type": "Seq Scan","Parent Relationship": "Outer","Parallel Aware": true,"Async Capable": false,"Relation Name": "lineitem","Alias": "lineitem","Startup Cost": 0.00,"Total Cost": 146259.83,"Plan Rows": 7407,"Plan Width": 15,"Actual Startup Time": 0.157,"Actual Total Time": 348.925,"Actual Rows": 6182,"Actual Loops": 5,"Filter": "((l_shipmode = ANY ('{MAIL,SHIP}'::bpchar[])) AND (l_commitdate < l_receiptdate) AND (l_shipdate < l_commitdate) AND (l_receiptdate >= '1995-01-01'::date) AND (l_receiptdate < '1996-01-01 00:00:00'::timestamp without time zone))","Rows Removed by Filter": 1194061,"Workers": []},{"Node Type": "Index Scan","Parent Relationship": "Inner","Parallel Aware": false,"Async Capable": false,"Scan Direction": "Forward","Index Name": "orders_pkey","Relation Name": "orders","Alias": "orders","Startup Cost": 0.43,"Total Cost": 3.55,"Plan Rows": 1,"Plan Width": 20,"Actual Startup Time": 0.005,"Actual Total Time": 0.005,"Actual Rows": 1,"Actual Loops": 30911,"Index Cond": "(o_orderkey = lineitem.l_orderkey)","Rows Removed by Index Recheck": 0,"Workers": []}]}]}]}]}]},"Planning Time": 4.010,"Triggers": [],"Execution Time": 430.330}]
[{"Plan": {"Node Type": "Aggregate","Strategy": "Sorted","Partial Mode": "Finalize","Parallel Aware": false,"Async Capable": false,"Startup Cost": 173682.63,"Total Cost": 173831.08,"Plan Rows": 7,"Plan Width": 27,"Actual Startup Time": 398.801,"Actual Total Time": 431.822,"Actual Rows": 2,"Actual Loops": 1,"Group Key": ["lineitem.l_shipmode"],"Plans": [{"Node Type": "Gather Merge","Parent Relationship": "Outer","Parallel Aware": false,"Async Capable": false,"Startup Cost": 173682.63,"Total Cost": 173830.80,"Plan Rows": 28,"Plan Width": 27,"Actual Startup Time": 397.959,"Actual Total Time": 431.781,"Actual Rows": 10,"Actual Loops": 1,"Workers Planned": 4,"Workers Launched": 4,"Plans": [{"Node Type": "Aggregate","Strategy": "Sorted","Partial Mode": "Partial","Parent Relationship": "Outer","Parallel Aware": false,"Async Capable": false,"Startup Cost": 172682.58,"Total Cost": 172827.41,"Plan Rows": 7,"Plan Width": 27,"Actual Startup Time": 389.710,"Actual Total Time": 390.443,"Actual Rows": 2,"Actual Loops": 5,"Group Key": ["lineitem.l_shipmode"],"Workers": [],"Plans": [{"Node Type": "Sort","Parent Relationship": "Outer","Parallel Aware": false,"Async Capable": false,"Startup Cost": 172682.58,"Total Cost": 172700.67,"Plan Rows": 7238,"Plan Width": 27,"Actual Startup Time": 388.957,"Actual Total Time": 389.195,"Actual Rows": 6260,"Actual Loops": 5,"Sort Key": ["lineitem.l_shipmode"],"Sort Method": "quicksort","Sort Space Used": 634,"Sort Space Type": "Memory","Workers": [{"Worker Number": 0,"Sort Method": "quicksort","Sort Space Used": 629,"Sort Space Type": "Memory"},{"Worker Number": 1,"Sort Method": "quicksort","Sort Space Used": 630,"Sort Space Type": "Memory"},{"Worker Number": 2,"Sort Method": "quicksort","Sort Space Used": 634,"Sort Space Type": "Memory"},{"Worker Number": 3,"Sort Method": "quicksort","Sort Space Used": 636,"Sort Space Type": "Memory"}],"Plans": [{"Node Type": "Nested Loop","Parent Relationship": "Outer","Parallel Aware": false,"Async Capable": false,"Join Type": "Inner","Startup Cost": 0.43,"Total Cost": 172218.57,"Plan Rows": 7238,"Plan Width": 27,"Actual Startup Time": 0.208,"Actual Total Time": 386.196,"Actual Rows": 6260,"Actual Loops": 5,"Inner Unique": true,"Workers": [],"Plans": [{"Node Type": "Seq Scan","Parent Relationship": "Outer","Parallel Aware": true,"Async Capable": false,"Relation Name": "lineitem","Alias": "lineitem","Startup Cost": 0.00,"Total Cost": 146259.83,"Plan Rows": 7238,"Plan Width": 15,"Actual Startup Time": 0.091,"Actual Total Time": 351.764,"Actual Rows": 6260,"Actual Loops": 5,"Filter": "((l_shipmode = ANY ('{FOB,AIR}'::bpchar[])) AND (l_commitdate < l_receiptdate) AND (l_shipdate < l_commitdate) AND (l_receiptdate >= '1996-01-01'::date) AND (l_receiptdate < '1997-01-01 00:00:00'::timestamp without time zone))","Rows Removed by Filter": 1193983,"Workers": []},{"Node Type": "Index Scan","Parent Relationship": "Inner","Parallel Aware": false,"Async Capable": false,"Scan Direction": "Forward","Index Name": "orders_pkey","Relation Name": "orders","Alias": "orders","Startup Cost": 0.43,"Total Cost": 3.59,"Plan Rows": 1,"Plan Width": 20,"Actual Startup Time": 0.005,"Actual Total Time": 0.005,"Actual Rows": 1,"Actual Loops": 31301,"Index Cond": "(o_orderkey = lineitem.l_orderkey)","Rows Removed by Index Recheck": 0,"Workers": []}]}]}]}]}]},"Planning Time": 5.507,"Triggers": [],"Execution Time": 432.205}]
[{"Plan": {"Node Type": "Aggregate","Strategy": "Sorted","Partial Mode": "Finalize","Parallel Aware": false,"Async Capable": false,"Startup Cost": 173908.15,"Total Cost": 174058.68,"Plan Rows": 7,"Plan Width": 27,"Actual Startup Time": 397.851,"Actual Total Time": 432.837,"Actual Rows": 2,"Actual Loops": 1,"Group Key": ["lineitem.l_shipmode"],"Plans": [{"Node Type": "Gather Merge","Parent Relationship": "Outer","Parallel Aware": false,"Async Capable": false,"Startup Cost": 173908.15,"Total Cost": 174058.40,"Plan Rows": 28,"Plan Width": 27,"Actual Startup Time": 396.982,"Actual Total Time": 432.779,"Actual Rows": 10,"Actual Loops": 1,"Workers Planned": 4,"Workers Launched": 4,"Plans": [{"Node Type": "Aggregate","Strategy": "Sorted","Partial Mode": "Partial","Parent Relationship": "Outer","Parallel Aware": false,"Async Capable": false,"Startup Cost": 172908.10,"Total Cost": 173055.01,"Plan Rows": 7,"Plan Width": 27,"Actual Startup Time": 388.889,"Actual Total Time": 389.640,"Actual Rows": 2,"Actual Loops": 5,"Group Key": ["lineitem.l_shipmode"],"Workers": [],"Plans": [{"Node Type": "Sort","Parent Relationship": "Outer","Parallel Aware": false,"Async Capable": false,"Startup Cost": 172908.10,"Total Cost": 172926.45,"Plan Rows": 7342,"Plan Width": 27,"Actual Startup Time": 388.140,"Actual Total Time": 388.384,"Actual Rows": 6259,"Actual Loops": 5,"Sort Key": ["lineitem.l_shipmode"],"Sort Method": "quicksort","Sort Space Used": 638,"Sort Space Type": "Memory","Workers": [{"Worker Number": 0,"Sort Method": "quicksort","Sort Space Used": 634,"Sort Space Type": "Memory"},{"Worker Number": 1,"Sort Method": "quicksort","Sort Space Used": 631,"Sort Space Type": "Memory"},{"Worker Number": 2,"Sort Method": "quicksort","Sort Space Used": 627,"Sort Space Type": "Memory"},{"Worker Number": 3,"Sort Method": "quicksort","Sort Space Used": 633,"Sort Space Type": "Memory"}],"Plans": [{"Node Type": "Nested Loop","Parent Relationship": "Outer","Parallel Aware": false,"Async Capable": false,"Join Type": "Inner","Startup Cost": 0.43,"Total Cost": 172436.67,"Plan Rows": 7342,"Plan Width": 27,"Actual Startup Time": 0.322,"Actual Total Time": 385.237,"Actual Rows": 6259,"Actual Loops": 5,"Inner Unique": true,"Workers": [],"Plans": [{"Node Type": "Seq Scan","Parent Relationship": "Outer","Parallel Aware": true,"Async Capable": false,"Relation Name": "lineitem","Alias": "lineitem","Startup Cost": 0.00,"Total Cost": 146259.83,"Plan Rows": 7342,"Plan Width": 15,"Actual Startup Time": 0.240,"Actual Total Time": 349.807,"Actual Rows": 6259,"Actual Loops": 5,"Filter": "((l_shipmode = ANY ('{MAIL,RAIL}'::bpchar[])) AND (l_commitdate < l_receiptdate) AND (l_shipdate < l_commitdate) AND (l_receiptdate >= '1993-01-01'::date) AND (l_receiptdate < '1994-01-01 00:00:00'::timestamp without time zone))","Rows Removed by Filter": 1193984,"Workers": []},{"Node Type": "Index Scan","Parent Relationship": "Inner","Parallel Aware": false,"Async Capable": false,"Scan Direction": "Forward","Index Name": "orders_pkey","Relation Name": "orders","Alias": "orders","Startup Cost": 0.43,"Total Cost": 3.57,"Plan Rows": 1,"Plan Width": 20,"Actual Startup Time": 0.005,"Actual Total Time": 0.005,"Actual Rows": 1,"Actual Loops": 31295,"Index Cond": "(o_orderkey = lineitem.l_orderkey)","Rows Removed by Index Recheck": 0,"Workers": []}]}]}]}]}]},"Planning Time": 5.297,"Triggers": [],"Execution Time": 433.415}]
[{"Plan": {"Node Type": "Aggregate","Strategy": "Sorted","Partial Mode": "Finalize","Parallel Aware": false,"Async Capable": false,"Startup Cost": 173936.43,"Total Cost": 174087.20,"Plan Rows": 7,"Plan Width": 27,"Actual Startup Time": 404.295,"Actual Total Time": 438.434,"Actual Rows": 2,"Actual Loops": 1,"Group Key": ["lineitem.l_shipmode"],"Plans": [{"Node Type": "Gather Merge","Parent Relationship": "Outer","Parallel Aware": false,"Async Capable": false,"Startup Cost": 173936.43,"Total Cost": 174086.92,"Plan Rows": 28,"Plan Width": 27,"Actual Startup Time": 403.414,"Actual Total Time": 438.399,"Actual Rows": 10,"Actual Loops": 1,"Workers Planned": 4,"Workers Launched": 4,"Plans": [{"Node Type": "Aggregate","Strategy": "Sorted","Partial Mode": "Partial","Parent Relationship": "Outer","Parallel Aware": false,"Async Capable": false,"Startup Cost": 172936.38,"Total Cost": 173083.53,"Plan Rows": 7,"Plan Width": 27,"Actual Startup Time": 394.793,"Actual Total Time": 395.552,"Actual Rows": 2,"Actual Loops": 5,"Group Key": ["lineitem.l_shipmode"],"Workers": [],"Plans": [{"Node Type": "Sort","Parent Relationship": "Outer","Parallel Aware": false,"Async Capable": false,"Startup Cost": 172936.38,"Total Cost": 172954.76,"Plan Rows": 7354,"Plan Width": 27,"Actual Startup Time": 394.004,"Actual Total Time": 394.276,"Actual Rows": 6252,"Actual Loops": 5,"Sort Key": ["lineitem.l_shipmode"],"Sort Method": "quicksort","Sort Space Used": 635,"Sort Space Type": "Memory","Workers": [{"Worker Number": 0,"Sort Method": "quicksort","Sort Space Used": 627,"Sort Space Type": "Memory"},{"Worker Number": 1,"Sort Method": "quicksort","Sort Space Used": 641,"Sort Space Type": "Memory"},{"Worker Number": 2,"Sort Method": "quicksort","Sort Space Used": 626,"Sort Space Type": "Memory"},{"Worker Number": 3,"Sort Method": "quicksort","Sort Space Used": 630,"Sort Space Type": "Memory"}],"Plans": [{"Node Type": "Nested Loop","Parent Relationship": "Outer","Parallel Aware": false,"Async Capable": false,"Join Type": "Inner","Startup Cost": 0.43,"Total Cost": 172464.09,"Plan Rows": 7354,"Plan Width": 27,"Actual Startup Time": 0.376,"Actual Total Time": 391.142,"Actual Rows": 6252,"Actual Loops": 5,"Inner Unique": true,"Workers": [],"Plans": [{"Node Type": "Seq Scan","Parent Relationship": "Outer","Parallel Aware": true,"Async Capable": false,"Relation Name": "lineitem","Alias": "lineitem","Startup Cost": 0.00,"Total Cost": 146259.83,"Plan Rows": 7355,"Plan Width": 15,"Actual Startup Time": 0.246,"Actual Total Time": 355.568,"Actual Rows": 6252,"Actual Loops": 5,"Filter": "((l_shipmode = ANY ('{FOB,RAIL}'::bpchar[])) AND (l_commitdate < l_receiptdate) AND (l_shipdate < l_commitdate) AND (l_receiptdate >= '1993-01-01'::date) AND (l_receiptdate < '1994-01-01 00:00:00'::timestamp without time zone))","Rows Removed by Filter": 1193991,"Workers": []},{"Node Type": "Index Scan","Parent Relationship": "Inner","Parallel Aware": false,"Async Capable": false,"Scan Direction": "Forward","Index Name": "orders_pkey","Relation Name": "orders","Alias": "orders","Startup Cost": 0.43,"Total Cost": 3.56,"Plan Rows": 1,"Plan Width": 20,"Actual Startup Time": 0.005,"Actual Total Time": 0.005,"Actual Rows": 1,"Actual Loops": 31259,"Index Cond": "(o_orderkey = lineitem.l_orderkey)","Rows Removed by Index Recheck": 0,"Workers": []}]}]}]}]}]},"Planning Time": 5.465,"Triggers": [],"Execution Time": 439.032}]
[{"Plan": {"Node Type": "Aggregate","Strategy": "Sorted","Partial Mode": "Finalize","Parallel Aware": false,"Async Capable": false,"Startup Cost": 174031.36,"Total Cost": 174183.00,"Plan Rows": 7,"Plan Width": 27,"Actual Startup Time": 397.598,"Actual Total Time": 430.984,"Actual Rows": 2,"Actual Loops": 1,"Group Key": ["lineitem.l_shipmode"],"Plans": [{"Node Type": "Gather Merge","Parent Relationship": "Outer","Parallel Aware": false,"Async Capable": false,"Startup Cost": 174031.36,"Total Cost": 174182.72,"Plan Rows": 28,"Plan Width": 27,"Actual Startup Time": 396.707,"Actual Total Time": 430.947,"Actual Rows": 10,"Actual Loops": 1,"Workers Planned": 4,"Workers Launched": 4,"Plans": [{"Node Type": "Aggregate","Strategy": "Sorted","Partial Mode": "Partial","Parent Relationship": "Outer","Parallel Aware": false,"Async Capable": false,"Startup Cost": 173031.30,"Total Cost": 173179.33,"Plan Rows": 7,"Plan Width": 27,"Actual Startup Time": 388.114,"Actual Total Time": 388.857,"Actual Rows": 2,"Actual Loops": 5,"Group Key": ["lineitem.l_shipmode"],"Workers": [],"Plans": [{"Node Type": "Sort","Parent Relationship": "Outer","Parallel Aware": false,"Async Capable": false,"Startup Cost": 173031.30,"Total Cost": 173049.79,"Plan Rows": 7398,"Plan Width": 27,"Actual Startup Time": 387.333,"Actual Total Time": 387.597,"Actual Rows": 6249,"Actual Loops": 5,"Sort Key": ["lineitem.l_shipmode"],"Sort Method": "quicksort","Sort Space Used": 650,"Sort Space Type": "Memory","Workers": [{"Worker Number": 0,"Sort Method": "quicksort","Sort Space Used": 629,"Sort Space Type": "Memory"},{"Worker Number": 1,"Sort Method": "quicksort","Sort Space Used": 610,"Sort Space Type": "Memory"},{"Worker Number": 2,"Sort Method": "quicksort","Sort Space Used": 631,"Sort Space Type": "Memory"},{"Worker Number": 3,"Sort Method": "quicksort","Sort Space Used": 640,"Sort Space Type": "Memory"}],"Plans": [{"Node Type": "Nested Loop","Parent Relationship": "Outer","Parallel Aware": false,"Async Capable": false,"Join Type": "Inner","Startup Cost": 0.43,"Total Cost": 172555.87,"Plan Rows": 7398,"Plan Width": 27,"Actual Startup Time": 0.191,"Actual Total Time": 384.519,"Actual Rows": 6249,"Actual Loops": 5,"Inner Unique": true,"Workers": [],"Plans": [{"Node Type": "Seq Scan","Parent Relationship": "Outer","Parallel Aware": true,"Async Capable": false,"Relation Name": "lineitem","Alias": "lineitem","Startup Cost": 0.00,"Total Cost": 146259.83,"Plan Rows": 7399,"Plan Width": 15,"Actual Startup Time": 0.110,"Actual Total Time": 350.187,"Actual Rows": 6249,"Actual Loops": 5,"Filter": "((l_shipmode = ANY ('{SHIP,TRUCK}'::bpchar[])) AND (l_commitdate < l_receiptdate) AND (l_shipdate < l_commitdate) AND (l_receiptdate >= '1995-01-01'::date) AND (l_receiptdate < '1996-01-01 00:00:00'::timestamp without time zone))","Rows Removed by Filter": 1193994,"Workers": []},{"Node Type": "Index Scan","Parent Relationship": "Inner","Parallel Aware": false,"Async Capable": false,"Scan Direction": "Forward","Index Name": "orders_pkey","Relation Name": "orders","Alias": "orders","Startup Cost": 0.43,"Total Cost": 3.55,"Plan Rows": 1,"Plan Width": 20,"Actual Startup Time": 0.005,"Actual Total Time": 0.005,"Actual Rows": 1,"Actual Loops": 31245,"Index Cond": "(o_orderkey = lineitem.l_orderkey)","Rows Removed by Index Recheck": 0,"Workers": []}]}]}]}]}]},"Planning Time": 4.630,"Triggers": [],"Execution Time": 431.339}]
[{"Plan": {"Node Type": "Aggregate","Strategy": "Sorted","Partial Mode": "Finalize","Parallel Aware": false,"Async Capable": false,"Startup Cost": 173946.72,"Total Cost": 174097.61,"Plan Rows": 7,"Plan Width": 27,"Actual Startup Time": 403.746,"Actual Total Time": 437.190,"Actual Rows": 2,"Actual Loops": 1,"Group Key": ["lineitem.l_shipmode"],"Plans": [{"Node Type": "Gather Merge","Parent Relationship": "Outer","Parallel Aware": false,"Async Capable": false,"Startup Cost": 173946.72,"Total Cost": 174097.33,"Plan Rows": 28,"Plan Width": 27,"Actual Startup Time": 402.879,"Actual Total Time": 437.161,"Actual Rows": 10,"Actual Loops": 1,"Workers Planned": 4,"Workers Launched": 4,"Plans": [{"Node Type": "Aggregate","Strategy": "Sorted","Partial Mode": "Partial","Parent Relationship": "Outer","Parallel Aware": false,"Async Capable": false,"Startup Cost": 172946.66,"Total Cost": 173093.93,"Plan Rows": 7,"Plan Width": 27,"Actual Startup Time": 394.367,"Actual Total Time": 395.096,"Actual Rows": 2,"Actual Loops": 5,"Group Key": ["lineitem.l_shipmode"],"Workers": [],"Plans": [{"Node Type": "Sort","Parent Relationship": "Outer","Parallel Aware": false,"Async Capable": false,"Startup Cost": 172946.66,"Total Cost": 172965.06,"Plan Rows": 7360,"Plan Width": 27,"Actual Startup Time": 393.616,"Actual Total Time": 393.857,"Actual Rows": 6187,"Actual Loops": 5,"Sort Key": ["lineitem.l_shipmode"],"Sort Method": "quicksort","Sort Space Used": 626,"Sort Space Type": "Memory","Workers": [{"Worker Number": 0,"Sort Method": "quicksort","Sort Space Used": 611,"Sort Space Type": "Memory"},{"Worker Number": 1,"Sort Method": "quicksort","Sort Space Used": 638,"Sort Space Type": "Memory"},{"Worker Number": 2,"Sort Method": "quicksort","Sort Space Used": 631,"Sort Space Type": "Memory"},{"Worker Number": 3,"Sort Method": "quicksort","Sort Space Used": 631,"Sort Space Type": "Memory"}],"Plans": [{"Node Type": "Nested Loop","Parent Relationship": "Outer","Parallel Aware": false,"Async Capable": false,"Join Type": "Inner","Startup Cost": 0.43,"Total Cost": 172473.95,"Plan Rows": 7360,"Plan Width": 27,"Actual Startup Time": 0.252,"Actual Total Time": 390.746,"Actual Rows": 6187,"Actual Loops": 5,"Inner Unique": true,"Workers": [],"Plans": [{"Node Type": "Seq Scan","Parent Relationship": "Outer","Parallel Aware": true,"Async Capable": false,"Relation Name": "lineitem","Alias": "lineitem","Startup Cost": 0.00,"Total Cost": 146259.83,"Plan Rows": 7360,"Plan Width": 15,"Actual Startup Time": 0.148,"Actual Total Time": 355.183,"Actual Rows": 6187,"Actual Loops": 5,"Filter": "((l_shipmode = ANY ('{TRUCK,MAIL}'::bpchar[])) AND (l_commitdate < l_receiptdate) AND (l_shipdate < l_commitdate) AND (l_receiptdate >= '1993-01-01'::date) AND (l_receiptdate < '1994-01-01 00:00:00'::timestamp without time zone))","Rows Removed by Filter": 1194056,"Workers": []},{"Node Type": "Index Scan","Parent Relationship": "Inner","Parallel Aware": false,"Async Capable": false,"Scan Direction": "Forward","Index Name": "orders_pkey","Relation Name": "orders","Alias": "orders","Startup Cost": 0.43,"Total Cost": 3.56,"Plan Rows": 1,"Plan Width": 20,"Actual Startup Time": 0.005,"Actual Total Time": 0.005,"Actual Rows": 1,"Actual Loops": 30935,"Index Cond": "(o_orderkey = lineitem.l_orderkey)","Rows Removed by Index Recheck": 0,"Workers": []}]}]}]}]}]},"Planning Time": 4.251,"Triggers": [],"Execution Time": 437.861}]
[{"Plan": {"Node Type": "Aggregate","Strategy": "Sorted","Partial Mode": "Finalize","Parallel Aware": false,"Async Capable": false,"Startup Cost": 173571.57,"Total Cost": 173719.00,"Plan Rows": 7,"Plan Width": 27,"Actual Startup Time": 402.469,"Actual Total Time": 436.632,"Actual Rows": 2,"Actual Loops": 1,"Group Key": ["lineitem.l_shipmode"],"Plans": [{"Node Type": "Gather Merge","Parent Relationship": "Outer","Parallel Aware": false,"Async Capable": false,"Startup Cost": 173571.57,"Total Cost": 173718.72,"Plan Rows": 28,"Plan Width": 27,"Actual Startup Time": 401.685,"Actual Total Time": 436.596,"Actual Rows": 10,"Actual Loops": 1,"Workers Planned": 4,"Workers Launched": 4,"Plans": [{"Node Type": "Aggregate","Strategy": "Sorted","Partial Mode": "Partial","Parent Relationship": "Outer","Parallel Aware": false,"Async Capable": false,"Startup Cost": 172571.51,"Total Cost": 172715.32,"Plan Rows": 7,"Plan Width": 27,"Actual Startup Time": 393.044,"Actual Total Time": 393.754,"Actual Rows": 2,"Actual Loops": 5,"Group Key": ["lineitem.l_shipmode"],"Workers": [],"Plans": [{"Node Type": "Sort","Parent Relationship": "Outer","Parallel Aware": false,"Async Capable": false,"Startup Cost": 172571.51,"Total Cost": 172589.48,"Plan Rows": 7187,"Plan Width": 27,"Actual Startup Time": 392.277,"Actual Total Time": 392.519,"Actual Rows": 6255,"Actual Loops": 5,"Sort Key": ["lineitem.l_shipmode"],"Sort Method": "quicksort","Sort Space Used": 637,"Sort Space Type": "Memory","Workers": [{"Worker Number": 0,"Sort Method": "quicksort","Sort Space Used": 630,"Sort Space Type": "Memory"},{"Worker Number": 1,"Sort Method": "quicksort","Sort Space Used": 648,"Sort Space Type": "Memory"},{"Worker Number": 2,"Sort Method": "quicksort","Sort Space Used": 630,"Sort Space Type": "Memory"},{"Worker Number": 3,"Sort Method": "quicksort","Sort Space Used": 616,"Sort Space Type": "Memory"}],"Plans": [{"Node Type": "Nested Loop","Parent Relationship": "Outer","Parallel Aware": false,"Async Capable": false,"Join Type": "Inner","Startup Cost": 0.43,"Total Cost": 172111.14,"Plan Rows": 7187,"Plan Width": 27,"Actual Startup Time": 0.222,"Actual Total Time": 389.329,"Actual Rows": 6255,"Actual Loops": 5,"Inner Unique": true,"Workers": [],"Plans": [{"Node Type": "Seq Scan","Parent Relationship": "Outer","Parallel Aware": true,"Async Capable": false,"Relation Name": "lineitem","Alias": "lineitem","Startup Cost": 0.00,"Total Cost": 146259.83,"Plan Rows": 7187,"Plan Width": 15,"Actual Startup Time": 0.102,"Actual Total Time": 353.334,"Actual Rows": 6255,"Actual Loops": 5,"Filter": "((l_shipmode = ANY ('{RAIL,\"REG AIR\"}'::bpchar[])) AND (l_commitdate < l_receiptdate) AND (l_shipdate < l_commitdate) AND (l_receiptdate >= '1997-01-01'::date) AND (l_receiptdate < '1998-01-01 00:00:00'::timestamp without time zone))","Rows Removed by Filter": 1193988,"Workers": []},{"Node Type": "Index Scan","Parent Relationship": "Inner","Parallel Aware": false,"Async Capable": false,"Scan Direction": "Forward","Index Name": "orders_pkey","Relation Name": "orders","Alias": "orders","Startup Cost": 0.43,"Total Cost": 3.60,"Plan Rows": 1,"Plan Width": 20,"Actual Startup Time": 0.005,"Actual Total Time": 0.005,"Actual Rows": 1,"Actual Loops": 31277,"Index Cond": "(o_orderkey = lineitem.l_orderkey)","Rows Removed by Index Recheck": 0,"Workers": []}]}]}]}]}]},"Planning Time": 4.043,"Triggers": [],"Execution Time": 437.306}]
[{"Plan": {"Node Type": "Aggregate","Strategy": "Sorted","Partial Mode": "Finalize","Parallel Aware": false,"Async Capable": false,"Startup Cost": 173975.00,"Total Cost": 174126.12,"Plan Rows": 7,"Plan Width": 27,"Actual Startup Time": 394.900,"Actual Total Time": 429.395,"Actual Rows": 2,"Actual Loops": 1,"Group Key": ["lineitem.l_shipmode"],"Plans": [{"Node Type": "Gather Merge","Parent Relationship": "Outer","Parallel Aware": false,"Async Capable": false,"Startup Cost": 173975.00,"Total Cost": 174125.84,"Plan Rows": 28,"Plan Width": 27,"Actual Startup Time": 394.052,"Actual Total Time": 429.368,"Actual Rows": 10,"Actual Loops": 1,"Workers Planned": 4,"Workers Launched": 4,"Plans": [{"Node Type": "Aggregate","Strategy": "Sorted","Partial Mode": "Partial","Parent Relationship": "Outer","Parallel Aware": false,"Async Capable": false,"Startup Cost": 172974.94,"Total Cost": 173122.45,"Plan Rows": 7,"Plan Width": 27,"Actual Startup Time": 386.063,"Actual Total Time": 386.782,"Actual Rows": 2,"Actual Loops": 5,"Group Key": ["lineitem.l_shipmode"],"Workers": [],"Plans": [{"Node Type": "Sort","Parent Relationship": "Outer","Parallel Aware": false,"Async Capable": false,"Startup Cost": 172974.94,"Total Cost": 172993.37,"Plan Rows": 7372,"Plan Width": 27,"Actual Startup Time": 385.306,"Actual Total Time": 385.551,"Actual Rows": 6180,"Actual Loops": 5,"Sort Key": ["lineitem.l_shipmode"],"Sort Method": "quicksort","Sort Space Used": 646,"Sort Space Type": "Memory","Workers": [{"Worker Number": 0,"Sort Method": "quicksort","Sort Space Used": 632,"Sort Space Type": "Memory"},{"Worker Number": 1,"Sort Method": "quicksort","Sort Space Used": 629,"Sort Space Type": "Memory"},{"Worker Number": 2,"Sort Method": "quicksort","Sort Space Used": 619,"Sort Space Type": "Memory"},{"Worker Number": 3,"Sort Method": "quicksort","Sort Space Used": 610,"Sort Space Type": "Memory"}],"Plans": [{"Node Type": "Nested Loop","Parent Relationship": "Outer","Parallel Aware": false,"Async Capable": false,"Join Type": "Inner","Startup Cost": 0.43,"Total Cost": 172501.37,"Plan Rows": 7372,"Plan Width": 27,"Actual Startup Time": 0.292,"Actual Total Time": 382.543,"Actual Rows": 6180,"Actual Loops": 5,"Inner Unique": true,"Workers": [],"Plans": [{"Node Type": "Seq Scan","Parent Relationship": "Outer","Parallel Aware": true,"Async Capable": false,"Relation Name": "lineitem","Alias": "lineitem","Startup Cost": 0.00,"Total Cost": 146259.83,"Plan Rows": 7373,"Plan Width": 15,"Actual Startup Time": 0.176,"Actual Total Time": 347.857,"Actual Rows": 6180,"Actual Loops": 5,"Filter": "((l_shipmode = ANY ('{TRUCK,FOB}'::bpchar[])) AND (l_commitdate < l_receiptdate) AND (l_shipdate < l_commitdate) AND (l_receiptdate >= '1993-01-01'::date) AND (l_receiptdate < '1994-01-01 00:00:00'::timestamp without time zone))","Rows Removed by Filter": 1194063,"Workers": []},{"Node Type": "Index Scan","Parent Relationship": "Inner","Parallel Aware": false,"Async Capable": false,"Scan Direction": "Forward","Index Name": "orders_pkey","Relation Name": "orders","Alias": "orders","Startup Cost": 0.43,"Total Cost": 3.56,"Plan Rows": 1,"Plan Width": 20,"Actual Startup Time": 0.005,"Actual Total Time": 0.005,"Actual Rows": 1,"Actual Loops": 30899,"Index Cond": "(o_orderkey = lineitem.l_orderkey)","Rows Removed by Index Recheck": 0,"Workers": []}]}]}]}]}]},"Planning Time": 4.086,"Triggers": [],"Execution Time": 430.067}]
[{"Plan": {"Node Type": "Aggregate","Strategy": "Sorted","Partial Mode": "Finalize","Parallel Aware": false,"Async Capable": false,"Startup Cost": 174042.75,"Total Cost": 174194.55,"Plan Rows": 7,"Plan Width": 27,"Actual Startup Time": 397.056,"Actual Total Time": 430.349,"Actual Rows": 2,"Actual Loops": 1,"Group Key": ["lineitem.l_shipmode"],"Plans": [{"Node Type": "Gather Merge","Parent Relationship": "Outer","Parallel Aware": false,"Async Capable": false,"Startup Cost": 174042.75,"Total Cost": 174194.27,"Plan Rows": 28,"Plan Width": 27,"Actual Startup Time": 396.142,"Actual Total Time": 430.312,"Actual Rows": 10,"Actual Loops": 1,"Workers Planned": 4,"Workers Launched": 4,"Plans": [{"Node Type": "Aggregate","Strategy": "Sorted","Partial Mode": "Partial","Parent Relationship": "Outer","Parallel Aware": false,"Async Capable": false,"Startup Cost": 173042.69,"Total Cost": 173190.88,"Plan Rows": 7,"Plan Width": 27,"Actual Startup Time": 387.837,"Actual Total Time": 388.586,"Actual Rows": 2,"Actual Loops": 5,"Group Key": ["lineitem.l_shipmode"],"Workers": [],"Plans": [{"Node Type": "Sort","Parent Relationship": "Outer","Parallel Aware": false,"Async Capable": false,"Startup Cost": 173042.69,"Total Cost": 173061.20,"Plan Rows": 7406,"Plan Width": 27,"Actual Startup Time": 387.076,"Actual Total Time": 387.323,"Actual Rows": 6304,"Actual Loops": 5,"Sort Key": ["lineitem.l_shipmode"],"Sort Method": "quicksort","Sort Space Used": 628,"Sort Space Type": "Memory","Workers": [{"Worker Number": 0,"Sort Method": "quicksort","Sort Space Used": 638,"Sort Space Type": "Memory"},{"Worker Number": 1,"Sort Method": "quicksort","Sort Space Used": 632,"Sort Space Type": "Memory"},{"Worker Number": 2,"Sort Method": "quicksort","Sort Space Used": 650,"Sort Space Type": "Memory"},{"Worker Number": 3,"Sort Method": "quicksort","Sort Space Used": 630,"Sort Space Type": "Memory"}],"Plans": [{"Node Type": "Nested Loop","Parent Relationship": "Outer","Parallel Aware": false,"Async Capable": false,"Join Type": "Inner","Startup Cost": 0.43,"Total Cost": 172566.69,"Plan Rows": 7406,"Plan Width": 27,"Actual Startup Time": 0.338,"Actual Total Time": 384.147,"Actual Rows": 6304,"Actual Loops": 5,"Inner Unique": true,"Workers": [],"Plans": [{"Node Type": "Seq Scan","Parent Relationship": "Outer","Parallel Aware": true,"Async Capable": false,"Relation Name": "lineitem","Alias": "lineitem","Startup Cost": 0.00,"Total Cost": 146259.83,"Plan Rows": 7405,"Plan Width": 15,"Actual Startup Time": 0.211,"Actual Total Time": 349.680,"Actual Rows": 6304,"Actual Loops": 5,"Filter": "((l_shipmode = ANY ('{AIR,TRUCK}'::bpchar[])) AND (l_commitdate < l_receiptdate) AND (l_shipdate < l_commitdate) AND (l_receiptdate >= '1995-01-01'::date) AND (l_receiptdate < '1996-01-01 00:00:00'::timestamp without time zone))","Rows Removed by Filter": 1193939,"Workers": []},{"Node Type": "Index Scan","Parent Relationship": "Inner","Parallel Aware": false,"Async Capable": false,"Scan Direction": "Forward","Index Name": "orders_pkey","Relation Name": "orders","Alias": "orders","Startup Cost": 0.43,"Total Cost": 3.55,"Plan Rows": 1,"Plan Width": 20,"Actual Startup Time": 0.005,"Actual Total Time": 0.005,"Actual Rows": 1,"Actual Loops": 31519,"Index Cond": "(o_orderkey = lineitem.l_orderkey)","Rows Removed by Index Recheck": 0,"Workers": []}]}]}]}]}]},"Planning Time": 4.555,"Triggers": [],"Execution Time": 430.839}]
[{"Plan": {"Node Type": "Aggregate","Strategy": "Sorted","Partial Mode": "Finalize","Parallel Aware": false,"Async Capable": false,"Startup Cost": 174207.58,"Total Cost": 174360.90,"Plan Rows": 7,"Plan Width": 27,"Actual Startup Time": 396.838,"Actual Total Time": 430.102,"Actual Rows": 2,"Actual Loops": 1,"Group Key": ["lineitem.l_shipmode"],"Plans": [{"Node Type": "Gather Merge","Parent Relationship": "Outer","Parallel Aware": false,"Async Capable": false,"Startup Cost": 174207.58,"Total Cost": 174360.62,"Plan Rows": 28,"Plan Width": 27,"Actual Startup Time": 396.044,"Actual Total Time": 430.064,"Actual Rows": 10,"Actual Loops": 1,"Workers Planned": 4,"Workers Launched": 4,"Plans": [{"Node Type": "Aggregate","Strategy": "Sorted","Partial Mode": "Partial","Parent Relationship": "Outer","Parallel Aware": false,"Async Capable": false,"Startup Cost": 173207.52,"Total Cost": 173357.23,"Plan Rows": 7,"Plan Width": 27,"Actual Startup Time": 387.898,"Actual Total Time": 388.618,"Actual Rows": 2,"Actual Loops": 5,"Group Key": ["lineitem.l_shipmode"],"Workers": [],"Plans": [{"Node Type": "Sort","Parent Relationship": "Outer","Parallel Aware": false,"Async Capable": false,"Startup Cost": 173207.52,"Total Cost": 173226.23,"Plan Rows": 7482,"Plan Width": 27,"Actual Startup Time": 387.133,"Actual Total Time": 387.378,"Actual Rows": 6220,"Actual Loops": 5,"Sort Key": ["lineitem.l_shipmode"],"Sort Method": "quicksort","Sort Space Used": 639,"Sort Space Type": "Memory","Workers": [{"Worker Number": 0,"Sort Method": "quicksort","Sort Space Used": 634,"Sort Space Type": "Memory"},{"Worker Number": 1,"Sort Method": "quicksort","Sort Space Used": 627,"Sort Space Type": "Memory"},{"Worker Number": 2,"Sort Method": "quicksort","Sort Space Used": 623,"Sort Space Type": "Memory"},{"Worker Number": 3,"Sort Method": "quicksort","Sort Space Used": 627,"Sort Space Type": "Memory"}],"Plans": [{"Node Type": "Nested Loop","Parent Relationship": "Outer","Parallel Aware": false,"Async Capable": false,"Join Type": "Inner","Startup Cost": 0.43,"Total Cost": 172726.08,"Plan Rows": 7482,"Plan Width": 27,"Actual Startup Time": 0.358,"Actual Total Time": 384.290,"Actual Rows": 6220,"Actual Loops": 5,"Inner Unique": true,"Workers": [],"Plans": [{"Node Type": "Seq Scan","Parent Relationship": "Outer","Parallel Aware": true,"Async Capable": false,"Relation Name": "lineitem","Alias": "lineitem","Startup Cost": 0.00,"Total Cost": 146259.83,"Plan Rows": 7482,"Plan Width": 15,"Actual Startup Time": 0.244,"Actual Total Time": 350.033,"Actual Rows": 6220,"Actual Loops": 5,"Filter": "((l_shipmode = ANY ('{FOB,MAIL}'::bpchar[])) AND (l_commitdate < l_receiptdate) AND (l_shipdate < l_commitdate) AND (l_receiptdate >= '1995-01-01'::date) AND (l_receiptdate < '1996-01-01 00:00:00'::timestamp without time zone))","Rows Removed by Filter": 1194023,"Workers": []},{"Node Type": "Index Scan","Parent Relationship": "Inner","Parallel Aware": false,"Async Capable": false,"Scan Direction": "Forward","Index Name": "orders_pkey","Relation Name": "orders","Alias": "orders","Startup Cost": 0.43,"Total Cost": 3.54,"Plan Rows": 1,"Plan Width": 20,"Actual Startup Time": 0.005,"Actual Total Time": 0.005,"Actual Rows": 1,"Actual Loops": 31102,"Index Cond": "(o_orderkey = lineitem.l_orderkey)","Rows Removed by Index Recheck": 0,"Workers": []}]}]}]}]}]},"Planning Time": 3.852,"Triggers": [],"Execution Time": 430.582}]
[{"Plan": {"Node Type": "Aggregate","Strategy": "Sorted","Partial Mode": "Finalize","Parallel Aware": false,"Async Capable": false,"Startup Cost": 174003.87,"Total Cost": 174155.30,"Plan Rows": 7,"Plan Width": 27,"Actual Startup Time": 400.309,"Actual Total Time": 433.205,"Actual Rows": 2,"Actual Loops": 1,"Group Key": ["lineitem.l_shipmode"],"Plans": [{"Node Type": "Gather Merge","Parent Relationship": "Outer","Parallel Aware": false,"Async Capable": false,"Startup Cost": 174003.87,"Total Cost": 174155.02,"Plan Rows": 28,"Plan Width": 27,"Actual Startup Time": 399.473,"Actual Total Time": 433.154,"Actual Rows": 10,"Actual Loops": 1,"Workers Planned": 4,"Workers Launched": 4,"Plans": [{"Node Type": "Aggregate","Strategy": "Sorted","Partial Mode": "Partial","Parent Relationship": "Outer","Parallel Aware": false,"Async Capable": false,"Startup Cost": 173003.81,"Total Cost": 173151.62,"Plan Rows": 7,"Plan Width": 27,"Actual Startup Time": 390.940,"Actual Total Time": 391.675,"Actual Rows": 2,"Actual Loops": 5,"Group Key": ["lineitem.l_shipmode"],"Workers": [],"Plans": [{"Node Type": "Sort","Parent Relationship": "Outer","Parallel Aware": false,"Async Capable": false,"Startup Cost": 173003.81,"Total Cost": 173022.28,"Plan Rows": 7387,"Plan Width": 27,"Actual Startup Time": 390.169,"Actual Total Time": 390.417,"Actual Rows": 6270,"Actual Loops": 5,"Sort Key": ["lineitem.l_shipmode"],"Sort Method": "quicksort","Sort Space Used": 637,"Sort Space Type": "Memory","Workers": [{"Worker Number": 0,"Sort Method": "quicksort","Sort Space Used": 641,"Sort Space Type": "Memory"},{"Worker Number": 1,"Sort Method": "quicksort","Sort Space Used": 642,"Sort Space Type": "Memory"},{"Worker Number": 2,"Sort Method": "quicksort","Sort Space Used": 623,"Sort Space Type": "Memory"},{"Worker Number": 3,"Sort Method": "quicksort","Sort Space Used": 623,"Sort Space Type": "Memory"}],"Plans": [{"Node Type": "Nested Loop","Parent Relationship": "Outer","Parallel Aware": false,"Async Capable": false,"Join Type": "Inner","Startup Cost": 0.43,"Total Cost": 172529.17,"Plan Rows": 7387,"Plan Width": 27,"Actual Startup Time": 0.397,"Actual Total Time": 387.338,"Actual Rows": 6270,"Actual Loops": 5,"Inner Unique": true,"Workers": [],"Plans": [{"Node Type": "Seq Scan","Parent Relationship": "Outer","Parallel Aware": true,"Async Capable": false,"Relation Name": "lineitem","Alias": "lineitem","Startup Cost": 0.00,"Total Cost": 146259.83,"Plan Rows": 7387,"Plan Width": 15,"Actual Startup Time": 0.274,"Actual Total Time": 352.735,"Actual Rows": 6270,"Actual Loops": 5,"Filter": "((l_shipmode = ANY ('{RAIL,AIR}'::bpchar[])) AND (l_commitdate < l_receiptdate) AND (l_shipdate < l_commitdate) AND (l_receiptdate >= '1995-01-01'::date) AND (l_receiptdate < '1996-01-01 00:00:00'::timestamp without time zone))","Rows Removed by Filter": 1193973,"Workers": []},{"Node Type": "Index Scan","Parent Relationship": "Inner","Parallel Aware": false,"Async Capable": false,"Scan Direction": "Forward","Index Name": "orders_pkey","Relation Name": "orders","Alias": "orders","Startup Cost": 0.43,"Total Cost": 3.56,"Plan Rows": 1,"Plan Width": 20,"Actual Startup Time": 0.005,"Actual Total Time": 0.005,"Actual Rows": 1,"Actual Loops": 31349,"Index Cond": "(o_orderkey = lineitem.l_orderkey)","Rows Removed by Index Recheck": 0,"Workers": []}]}]}]}]}]},"Planning Time": 4.833,"Triggers": [],"Execution Time": 433.651}]
[{"Plan": {"Node Type": "Aggregate","Strategy": "Sorted","Partial Mode": "Finalize","Parallel Aware": false,"Async Capable": false,"Startup Cost": 173833.00,"Total Cost": 173982.82,"Plan Rows": 7,"Plan Width": 27,"Actual Startup Time": 396.792,"Actual Total Time": 429.357,"Actual Rows": 2,"Actual Loops": 1,"Group Key": ["lineitem.l_shipmode"],"Plans": [{"Node Type": "Gather Merge","Parent Relationship": "Outer","Parallel Aware": false,"Async Capable": false,"Startup Cost": 173833.00,"Total Cost": 173982.54,"Plan Rows": 28,"Plan Width": 27,"Actual Startup Time": 395.900,"Actual Total Time": 429.322,"Actual Rows": 10,"Actual Loops": 1,"Workers Planned": 4,"Workers Launched": 4,"Plans": [{"Node Type": "Aggregate","Strategy": "Sorted","Partial Mode": "Partial","Parent Relationship": "Outer","Parallel Aware": false,"Async Capable": false,"Startup Cost": 172832.94,"Total Cost": 172979.15,"Plan Rows": 7,"Plan Width": 27,"Actual Startup Time": 387.909,"Actual Total Time": 388.656,"Actual Rows": 2,"Actual Loops": 5,"Group Key": ["lineitem.l_shipmode"],"Workers": [],"Plans": [{"Node Type": "Sort","Parent Relationship": "Outer","Parallel Aware": false,"Async Capable": false,"Startup Cost": 172832.94,"Total Cost": 172851.21,"Plan Rows": 7307,"Plan Width": 27,"Actual Startup Time": 387.145,"Actual Total Time": 387.396,"Actual Rows": 6234,"Actual Loops": 5,"Sort Key": ["lineitem.l_shipmode"],"Sort Method": "quicksort","Sort Space Used": 638,"Sort Space Type": "Memory","Workers": [{"Worker Number": 0,"Sort Method": "quicksort","Sort Space Used": 631,"Sort Space Type": "Memory"},{"Worker Number": 1,"Sort Method": "quicksort","Sort Space Used": 635,"Sort Space Type": "Memory"},{"Worker Number": 2,"Sort Method": "quicksort","Sort Space Used": 624,"Sort Space Type": "Memory"},{"Worker Number": 3,"Sort Method": "quicksort","Sort Space Used": 627,"Sort Space Type": "Memory"}],"Plans": [{"Node Type": "Nested Loop","Parent Relationship": "Outer","Parallel Aware": false,"Async Capable": false,"Join Type": "Inner","Startup Cost": 0.43,"Total Cost": 172364.01,"Plan Rows": 7307,"Plan Width": 27,"Actual Startup Time": 0.359,"Actual Total Time": 384.349,"Actual Rows": 6234,"Actual Loops": 5,"Inner Unique": true,"Workers": [],"Plans": [{"Node Type": "Seq Scan","Parent Relationship": "Outer","Parallel Aware": true,"Async Capable": false,"Relation Name": "lineitem","Alias": "lineitem","Startup Cost": 0.00,"Total Cost": 146259.83,"Plan Rows": 7307,"Plan Width": 15,"Actual Startup Time": 0.240,"Actual Total Time": 349.904,"Actual Rows": 6234,"Actual Loops": 5,"Filter": "((l_shipmode = ANY ('{MAIL,SHIP}'::bpchar[])) AND (l_commitdate < l_receiptdate) AND (l_shipdate < l_commitdate) AND (l_receiptdate >= '1993-01-01'::date) AND (l_receiptdate < '1994-01-01 00:00:00'::timestamp without time zone))","Rows Removed by Filter": 1194009,"Workers": []},{"Node Type": "Index Scan","Parent Relationship": "Inner","Parallel Aware": false,"Async Capable": false,"Scan Direction": "Forward","Index Name": "orders_pkey","Relation Name": "orders","Alias": "orders","Startup Cost": 0.43,"Total Cost": 3.57,"Plan Rows": 1,"Plan Width": 20,"Actual Startup Time": 0.005,"Actual Total Time": 0.005,"Actual Rows": 1,"Actual Loops": 31169,"Index Cond": "(o_orderkey = lineitem.l_orderkey)","Rows Removed by Index Recheck": 0,"Workers": []}]}]}]}]}]},"Planning Time": 3.944,"Triggers": [],"Execution Time": 429.771}]
[{"Plan": {"Node Type": "Aggregate","Strategy": "Sorted","Partial Mode": "Finalize","Parallel Aware": false,"Async Capable": false,"Startup Cost": 173497.14,"Total Cost": 173643.88,"Plan Rows": 7,"Plan Width": 27,"Actual Startup Time": 393.061,"Actual Total Time": 425.274,"Actual Rows": 2,"Actual Loops": 1,"Group Key": ["lineitem.l_shipmode"],"Plans": [{"Node Type": "Gather Merge","Parent Relationship": "Outer","Parallel Aware": false,"Async Capable": false,"Startup Cost": 173497.14,"Total Cost": 173643.60,"Plan Rows": 28,"Plan Width": 27,"Actual Startup Time": 392.251,"Actual Total Time": 425.243,"Actual Rows": 10,"Actual Loops": 1,"Workers Planned": 4,"Workers Launched": 4,"Plans": [{"Node Type": "Aggregate","Strategy": "Sorted","Partial Mode": "Partial","Parent Relationship": "Outer","Parallel Aware": false,"Async Capable": false,"Startup Cost": 172497.08,"Total Cost": 172640.21,"Plan Rows": 7,"Plan Width": 27,"Actual Startup Time": 384.146,"Actual Total Time": 384.866,"Actual Rows": 2,"Actual Loops": 5,"Group Key": ["lineitem.l_shipmode"],"Workers": [],"Plans": [{"Node Type": "Sort","Parent Relationship": "Outer","Parallel Aware": false,"Async Capable": false,"Startup Cost": 172497.08,"Total Cost": 172514.96,"Plan Rows": 7153,"Plan Width": 27,"Actual Startup Time": 383.405,"Actual Total Time": 383.641,"Actual Rows": 6195,"Actual Loops": 5,"Sort Key": ["lineitem.l_shipmode"],"Sort Method": "quicksort","Sort Space Used": 621,"Sort Space Type": "Memory","Workers": [{"Worker Number": 0,"Sort Method": "quicksort","Sort Space Used": 628,"Sort Space Type": "Memory"},{"Worker Number": 1,"Sort Method": "quicksort","Sort Space Used": 629,"Sort Space Type": "Memory"},{"Worker Number": 2,"Sort Method": "quicksort","Sort Space Used": 633,"Sort Space Type": "Memory"},{"Worker Number": 3,"Sort Method": "quicksort","Sort Space Used": 629,"Sort Space Type": "Memory"}],"Plans": [{"Node Type": "Nested Loop","Parent Relationship": "Outer","Parallel Aware": false,"Async Capable": false,"Join Type": "Inner","Startup Cost": 0.43,"Total Cost": 172039.13,"Plan Rows": 7153,"Plan Width": 27,"Actual Startup Time": 0.202,"Actual Total Time": 380.573,"Actual Rows": 6195,"Actual Loops": 5,"Inner Unique": true,"Workers": [],"Plans": [{"Node Type": "Seq Scan","Parent Relationship": "Outer","Parallel Aware": true,"Async Capable": false,"Relation Name": "lineitem","Alias": "lineitem","Startup Cost": 0.00,"Total Cost": 146259.83,"Plan Rows": 7153,"Plan Width": 15,"Actual Startup Time": 0.092,"Actual Total Time": 346.657,"Actual Rows": 6195,"Actual Loops": 5,"Filter": "((l_shipmode = ANY ('{FOB,\"REG AIR\"}'::bpchar[])) AND (l_commitdate < l_receiptdate) AND (l_shipdate < l_commitdate) AND (l_receiptdate >= '1994-01-01'::date) AND (l_receiptdate < '1995-01-01 00:00:00'::timestamp without time zone))","Rows Removed by Filter": 1194048,"Workers": []},{"Node Type": "Index Scan","Parent Relationship": "Inner","Parallel Aware": false,"Async Capable": false,"Scan Direction": "Forward","Index Name": "orders_pkey","Relation Name": "orders","Alias": "orders","Startup Cost": 0.43,"Total Cost": 3.60,"Plan Rows": 1,"Plan Width": 20,"Actual Startup Time": 0.005,"Actual Total Time": 0.005,"Actual Rows": 1,"Actual Loops": 30976,"Index Cond": "(o_orderkey = lineitem.l_orderkey)","Rows Removed by Index Recheck": 0,"Workers": []}]}]}]}]}]},"Planning Time": 5.579,"Triggers": [],"Execution Time": 425.767}]
[{"Plan": {"Node Type": "Aggregate","Strategy": "Sorted","Partial Mode": "Finalize","Parallel Aware": false,"Async Capable": false,"Startup Cost": 173989.00,"Total Cost": 174140.29,"Plan Rows": 7,"Plan Width": 27,"Actual Startup Time": 409.184,"Actual Total Time": 442.517,"Actual Rows": 2,"Actual Loops": 1,"Group Key": ["lineitem.l_shipmode"],"Plans": [{"Node Type": "Gather Merge","Parent Relationship": "Outer","Parallel Aware": false,"Async Capable": false,"Startup Cost": 173989.00,"Total Cost": 174140.01,"Plan Rows": 28,"Plan Width": 27,"Actual Startup Time": 408.297,"Actual Total Time": 442.472,"Actual Rows": 10,"Actual Loops": 1,"Workers Planned": 4,"Workers Launched": 4,"Plans": [{"Node Type": "Aggregate","Strategy": "Sorted","Partial Mode": "Partial","Parent Relationship": "Outer","Parallel Aware": false,"Async Capable": false,"Startup Cost": 172988.94,"Total Cost": 173136.61,"Plan Rows": 7,"Plan Width": 27,"Actual Startup Time": 399.710,"Actual Total Time": 400.453,"Actual Rows": 2,"Actual Loops": 5,"Group Key": ["lineitem.l_shipmode"],"Workers": [],"Plans": [{"Node Type": "Sort","Parent Relationship": "Outer","Parallel Aware": false,"Async Capable": false,"Startup Cost": 172988.94,"Total Cost": 173007.39,"Plan Rows": 7380,"Plan Width": 27,"Actual Startup Time": 398.952,"Actual Total Time": 399.204,"Actual Rows": 6215,"Actual Loops": 5,"Sort Key": ["lineitem.l_shipmode"],"Sort Method": "quicksort","Sort Space Used": 624,"Sort Space Type": "Memory","Workers": [{"Worker Number": 0,"Sort Method": "quicksort","Sort Space Used": 645,"Sort Space Type": "Memory"},{"Worker Number": 1,"Sort Method": "quicksort","Sort Space Used": 642,"Sort Space Type": "Memory"},{"Worker Number": 2,"Sort Method": "quicksort","Sort Space Used": 638,"Sort Space Type": "Memory"},{"Worker Number": 3,"Sort Method": "quicksort","Sort Space Used": 599,"Sort Space Type": "Memory"}],"Plans": [{"Node Type": "Nested Loop","Parent Relationship": "Outer","Parallel Aware": false,"Async Capable": false,"Join Type": "Inner","Startup Cost": 0.43,"Total Cost": 172514.80,"Plan Rows": 7380,"Plan Width": 27,"Actual Startup Time": 0.322,"Actual Total Time": 396.051,"Actual Rows": 6215,"Actual Loops": 5,"Inner Unique": true,"Workers": [],"Plans": [{"Node Type": "Seq Scan","Parent Relationship": "Outer","Parallel Aware": true,"Async Capable": false,"Relation Name": "lineitem","Alias": "lineitem","Startup Cost": 0.00,"Total Cost": 146259.83,"Plan Rows": 7380,"Plan Width": 15,"Actual Startup Time": 0.206,"Actual Total Time": 359.992,"Actual Rows": 6215,"Actual Loops": 5,"Filter": "((l_shipmode = ANY ('{SHIP,RAIL}'::bpchar[])) AND (l_commitdate < l_receiptdate) AND (l_shipdate < l_commitdate) AND (l_receiptdate >= '1995-01-01'::date) AND (l_receiptdate < '1996-01-01 00:00:00'::timestamp without time zone))","Rows Removed by Filter": 1194028,"Workers": []},{"Node Type": "Index Scan","Parent Relationship": "Inner","Parallel Aware": false,"Async Capable": false,"Scan Direction": "Forward","Index Name": "orders_pkey","Relation Name": "orders","Alias": "orders","Startup Cost": 0.43,"Total Cost": 3.56,"Plan Rows": 1,"Plan Width": 20,"Actual Startup Time": 0.005,"Actual Total Time": 0.005,"Actual Rows": 1,"Actual Loops": 31075,"Index Cond": "(o_orderkey = lineitem.l_orderkey)","Rows Removed by Index Recheck": 0,"Workers": []}]}]}]}]}]},"Planning Time": 5.373,"Triggers": [],"Execution Time": 443.195}]
[{"Plan": {"Node Type": "Aggregate","Strategy": "Sorted","Partial Mode": "Finalize","Parallel Aware": false,"Async Capable": false,"Startup Cost": 173588.01,"Total Cost": 173735.58,"Plan Rows": 7,"Plan Width": 27,"Actual Startup Time": 407.195,"Actual Total Time": 441.033,"Actual Rows": 2,"Actual Loops": 1,"Group Key": ["lineitem.l_shipmode"],"Plans": [{"Node Type": "Gather Merge","Parent Relationship": "Outer","Parallel Aware": false,"Async Capable": false,"Startup Cost": 173588.01,"Total Cost": 173735.30,"Plan Rows": 28,"Plan Width": 27,"Actual Startup Time": 406.382,"Actual Total Time": 440.991,"Actual Rows": 10,"Actual Loops": 1,"Workers Planned": 4,"Workers Launched": 4,"Plans": [{"Node Type": "Aggregate","Strategy": "Sorted","Partial Mode": "Partial","Parent Relationship": "Outer","Parallel Aware": false,"Async Capable": false,"Startup Cost": 172587.95,"Total Cost": 172731.90,"Plan Rows": 7,"Plan Width": 27,"Actual Startup Time": 397.236,"Actual Total Time": 398.009,"Actual Rows": 2,"Actual Loops": 5,"Group Key": ["lineitem.l_shipmode"],"Workers": [],"Plans": [{"Node Type": "Sort","Parent Relationship": "Outer","Parallel Aware": false,"Async Capable": false,"Startup Cost": 172587.95,"Total Cost": 172605.94,"Plan Rows": 7194,"Plan Width": 27,"Actual Startup Time": 396.464,"Actual Total Time": 396.746,"Actual Rows": 6236,"Actual Loops": 5,"Sort Key": ["lineitem.l_shipmode"],"Sort Method": "quicksort","Sort Space Used": 625,"Sort Space Type": "Memory","Workers": [{"Worker Number": 0,"Sort Method": "quicksort","Sort Space Used": 636,"Sort Space Type": "Memory"},{"Worker Number": 1,"Sort Method": "quicksort","Sort Space Used": 623,"Sort Space Type": "Memory"},{"Worker Number": 2,"Sort Method": "quicksort","Sort Space Used": 632,"Sort Space Type": "Memory"},{"Worker Number": 3,"Sort Method": "quicksort","Sort Space Used": 639,"Sort Space Type": "Memory"}],"Plans": [{"Node Type": "Nested Loop","Parent Relationship": "Outer","Parallel Aware": false,"Async Capable": false,"Join Type": "Inner","Startup Cost": 0.43,"Total Cost": 172127.08,"Plan Rows": 7194,"Plan Width": 27,"Actual Startup Time": 0.427,"Actual Total Time": 393.491,"Actual Rows": 6236,"Actual Loops": 5,"Inner Unique": true,"Workers": [],"Plans": [{"Node Type": "Seq Scan","Parent Relationship": "Outer","Parallel Aware": true,"Async Capable": false,"Relation Name": "lineitem","Alias": "lineitem","Startup Cost": 0.00,"Total Cost": 146259.83,"Plan Rows": 7194,"Plan Width": 15,"Actual Startup Time": 0.293,"Actual Total Time": 357.290,"Actual Rows": 6236,"Actual Loops": 5,"Filter": "((l_shipmode = ANY ('{\"REG AIR\",RAIL}'::bpchar[])) AND (l_commitdate < l_receiptdate) AND (l_shipdate < l_commitdate) AND (l_receiptdate >= '1996-01-01'::date) AND (l_receiptdate < '1997-01-01 00:00:00'::timestamp without time zone))","Rows Removed by Filter": 1194007,"Workers": []},{"Node Type": "Index Scan","Parent Relationship": "Inner","Parallel Aware": false,"Async Capable": false,"Scan Direction": "Forward","Index Name": "orders_pkey","Relation Name": "orders","Alias": "orders","Startup Cost": 0.43,"Total Cost": 3.60,"Plan Rows": 1,"Plan Width": 20,"Actual Startup Time": 0.005,"Actual Total Time": 0.005,"Actual Rows": 1,"Actual Loops": 31179,"Index Cond": "(o_orderkey = lineitem.l_orderkey)","Rows Removed by Index Recheck": 0,"Workers": []}]}]}]}]}]},"Planning Time": 5.509,"Triggers": [],"Execution Time": 441.490}]
[{"Plan": {"Node Type": "Aggregate","Strategy": "Sorted","Partial Mode": "Finalize","Parallel Aware": false,"Async Capable": false,"Startup Cost": 173848.16,"Total Cost": 173998.13,"Plan Rows": 7,"Plan Width": 27,"Actual Startup Time": 404.170,"Actual Total Time": 437.872,"Actual Rows": 2,"Actual Loops": 1,"Group Key": ["lineitem.l_shipmode"],"Plans": [{"Node Type": "Gather Merge","Parent Relationship": "Outer","Parallel Aware": false,"Async Capable": false,"Startup Cost": 173848.16,"Total Cost": 173997.85,"Plan Rows": 28,"Plan Width": 27,"Actual Startup Time": 403.349,"Actual Total Time": 437.836,"Actual Rows": 10,"Actual Loops": 1,"Workers Planned": 4,"Workers Launched": 4,"Plans": [{"Node Type": "Aggregate","Strategy": "Sorted","Partial Mode": "Partial","Parent Relationship": "Outer","Parallel Aware": false,"Async Capable": false,"Startup Cost": 172848.10,"Total Cost": 172994.45,"Plan Rows": 7,"Plan Width": 27,"Actual Startup Time": 394.874,"Actual Total Time": 395.604,"Actual Rows": 2,"Actual Loops": 5,"Group Key": ["lineitem.l_shipmode"],"Workers": [],"Plans": [{"Node Type": "Sort","Parent Relationship": "Outer","Parallel Aware": false,"Async Capable": false,"Startup Cost": 172848.10,"Total Cost": 172866.39,"Plan Rows": 7314,"Plan Width": 27,"Actual Startup Time": 394.131,"Actual Total Time": 394.371,"Actual Rows": 6237,"Actual Loops": 5,"Sort Key": ["lineitem.l_shipmode"],"Sort Method": "quicksort","Sort Space Used": 635,"Sort Space Type": "Memory","Workers": [{"Worker Number": 0,"Sort Method": "quicksort","Sort Space Used": 634,"Sort Space Type": "Memory"},{"Worker Number": 1,"Sort Method": "quicksort","Sort Space Used": 629,"Sort Space Type": "Memory"},{"Worker Number": 2,"Sort Method": "quicksort","Sort Space Used": 634,"Sort Space Type": "Memory"},{"Worker Number": 3,"Sort Method": "quicksort","Sort Space Used": 624,"Sort Space Type": "Memory"}],"Plans": [{"Node Type": "Nested Loop","Parent Relationship": "Outer","Parallel Aware": false,"Async Capable": false,"Join Type": "Inner","Startup Cost": 0.43,"Total Cost": 172378.68,"Plan Rows": 7314,"Plan Width": 27,"Actual Startup Time": 0.404,"Actual Total Time": 391.213,"Actual Rows": 6237,"Actual Loops": 5,"Inner Unique": true,"Workers": [],"Plans": [{"Node Type": "Seq Scan","Parent Relationship": "Outer","Parallel Aware": true,"Async Capable": false,"Relation Name": "lineitem","Alias": "lineitem","Startup Cost": 0.00,"Total Cost": 146259.83,"Plan Rows": 7314,"Plan Width": 15,"Actual Startup Time": 0.291,"Actual Total Time": 355.753,"Actual Rows": 6237,"Actual Loops": 5,"Filter": "((l_shipmode = ANY ('{MAIL,AIR}'::bpchar[])) AND (l_commitdate < l_receiptdate) AND (l_shipdate < l_commitdate) AND (l_receiptdate >= '1993-01-01'::date) AND (l_receiptdate < '1994-01-01 00:00:00'::timestamp without time zone))","Rows Removed by Filter": 1194006,"Workers": []},{"Node Type": "Index Scan","Parent Relationship": "Inner","Parallel Aware": false,"Async Capable": false,"Scan Direction": "Forward","Index Name": "orders_pkey","Relation Name": "orders","Alias": "orders","Startup Cost": 0.43,"Total Cost": 3.57,"Plan Rows": 1,"Plan Width": 20,"Actual Startup Time": 0.005,"Actual Total Time": 0.005,"Actual Rows": 1,"Actual Loops": 31186,"Index Cond": "(o_orderkey = lineitem.l_orderkey)","Rows Removed by Index Recheck": 0,"Workers": []}]}]}]}]}]},"Planning Time": 3.962,"Triggers": [],"Execution Time": 438.495}]
[{"Plan": {"Node Type": "Aggregate","Strategy": "Sorted","Partial Mode": "Finalize","Parallel Aware": false,"Async Capable": false,"Startup Cost": 173610.87,"Total Cost": 173758.65,"Plan Rows": 7,"Plan Width": 27,"Actual Startup Time": 394.696,"Actual Total Time": 428.887,"Actual Rows": 2,"Actual Loops": 1,"Group Key": ["lineitem.l_shipmode"],"Plans": [{"Node Type": "Gather Merge","Parent Relationship": "Outer","Parallel Aware": false,"Async Capable": false,"Startup Cost": 173610.87,"Total Cost": 173758.37,"Plan Rows": 28,"Plan Width": 27,"Actual Startup Time": 393.884,"Actual Total Time": 428.865,"Actual Rows": 10,"Actual Loops": 1,"Workers Planned": 4,"Workers Launched": 4,"Plans": [{"Node Type": "Aggregate","Strategy": "Sorted","Partial Mode": "Partial","Parent Relationship": "Outer","Parallel Aware": false,"Async Capable": false,"Startup Cost": 172610.81,"Total Cost": 172754.98,"Plan Rows": 7,"Plan Width": 27,"Actual Startup Time": 385.962,"Actual Total Time": 386.692,"Actual Rows": 2,"Actual Loops": 5,"Group Key": ["lineitem.l_shipmode"],"Workers": [],"Plans": [{"Node Type": "Sort","Parent Relationship": "Outer","Parallel Aware": false,"Async Capable": false,"Startup Cost": 172610.81,"Total Cost": 172628.82,"Plan Rows": 7205,"Plan Width": 27,"Actual Startup Time": 385.234,"Actual Total Time": 385.474,"Actual Rows": 6212,"Actual Loops": 5,"Sort Key": ["lineitem.l_shipmode"],"Sort Method": "quicksort","Sort Space Used": 640,"Sort Space Type": "Memory","Workers": [{"Worker Number": 0,"Sort Method": "quicksort","Sort Space Used": 627,"Sort Space Type": "Memory"},{"Worker Number": 1,"Sort Method": "quicksort","Sort Space Used": 628,"Sort Space Type": "Memory"},{"Worker Number": 2,"Sort Method": "quicksort","Sort Space Used": 633,"Sort Space Type": "Memory"},{"Worker Number": 3,"Sort Method": "quicksort","Sort Space Used": 619,"Sort Space Type": "Memory"}],"Plans": [{"Node Type": "Nested Loop","Parent Relationship": "Outer","Parallel Aware": false,"Async Capable": false,"Join Type": "Inner","Startup Cost": 0.43,"Total Cost": 172149.16,"Plan Rows": 7205,"Plan Width": 27,"Actual Startup Time": 0.212,"Actual Total Time": 382.358,"Actual Rows": 6212,"Actual Loops": 5,"Inner Unique": true,"Workers": [],"Plans": [{"Node Type": "Seq Scan","Parent Relationship": "Outer","Parallel Aware": true,"Async Capable": false,"Relation Name": "lineitem","Alias": "lineitem","Startup Cost": 0.00,"Total Cost": 146259.83,"Plan Rows": 7205,"Plan Width": 15,"Actual Startup Time": 0.097,"Actual Total Time": 347.171,"Actual Rows": 6212,"Actual Loops": 5,"Filter": "((l_shipmode = ANY ('{\"REG AIR\",TRUCK}'::bpchar[])) AND (l_commitdate < l_receiptdate) AND (l_shipdate < l_commitdate) AND (l_receiptdate >= '1997-01-01'::date) AND (l_receiptdate < '1998-01-01 00:00:00'::timestamp without time zone))","Rows Removed by Filter": 1194031,"Workers": []},{"Node Type": "Index Scan","Parent Relationship": "Inner","Parallel Aware": false,"Async Capable": false,"Scan Direction": "Forward","Index Name": "orders_pkey","Relation Name": "orders","Alias": "orders","Startup Cost": 0.43,"Total Cost": 3.59,"Plan Rows": 1,"Plan Width": 20,"Actual Startup Time": 0.005,"Actual Total Time": 0.005,"Actual Rows": 1,"Actual Loops": 31060,"Index Cond": "(o_orderkey = lineitem.l_orderkey)","Rows Removed by Index Recheck": 0,"Workers": []}]}]}]}]}]},"Planning Time": 4.137,"Triggers": [],"Execution Time": 429.359}]
[{"Plan": {"Node Type": "Aggregate","Strategy": "Sorted","Partial Mode": "Finalize","Parallel Aware": false,"Async Capable": false,"Startup Cost": 173932.15,"Total Cost": 174082.89,"Plan Rows": 7,"Plan Width": 27,"Actual Startup Time": 399.760,"Actual Total Time": 433.414,"Actual Rows": 2,"Actual Loops": 1,"Group Key": ["lineitem.l_shipmode"],"Plans": [{"Node Type": "Gather Merge","Parent Relationship": "Outer","Parallel Aware": false,"Async Capable": false,"Startup Cost": 173932.15,"Total Cost": 174082.61,"Plan Rows": 28,"Plan Width": 27,"Actual Startup Time": 398.892,"Actual Total Time": 433.358,"Actual Rows": 10,"Actual Loops": 1,"Workers Planned": 4,"Workers Launched": 4,"Plans": [{"Node Type": "Aggregate","Strategy": "Sorted","Partial Mode": "Partial","Parent Relationship": "Outer","Parallel Aware": false,"Async Capable": false,"Startup Cost": 172932.09,"Total Cost": 173079.22,"Plan Rows": 7,"Plan Width": 27,"Actual Startup Time": 390.819,"Actual Total Time": 391.549,"Actual Rows": 2,"Actual Loops": 5,"Group Key": ["lineitem.l_shipmode"],"Workers": [],"Plans": [{"Node Type": "Sort","Parent Relationship": "Outer","Parallel Aware": false,"Async Capable": false,"Startup Cost": 172932.09,"Total Cost": 172950.47,"Plan Rows": 7353,"Plan Width": 27,"Actual Startup Time": 390.055,"Actual Total Time": 390.305,"Actual Rows": 6260,"Actual Loops": 5,"Sort Key": ["lineitem.l_shipmode"],"Sort Method": "quicksort","Sort Space Used": 637,"Sort Space Type": "Memory","Workers": [{"Worker Number": 0,"Sort Method": "quicksort","Sort Space Used": 642,"Sort Space Type": "Memory"},{"Worker Number": 1,"Sort Method": "quicksort","Sort Space Used": 623,"Sort Space Type": "Memory"},{"Worker Number": 2,"Sort Method": "quicksort","Sort Space Used": 637,"Sort Space Type": "Memory"},{"Worker Number": 3,"Sort Method": "quicksort","Sort Space Used": 624,"Sort Space Type": "Memory"}],"Plans": [{"Node Type": "Nested Loop","Parent Relationship": "Outer","Parallel Aware": false,"Async Capable": false,"Join Type": "Inner","Startup Cost": 0.43,"Total Cost": 172459.87,"Plan Rows": 7353,"Plan Width": 27,"Actual Startup Time": 0.328,"Actual Total Time": 387.172,"Actual Rows": 6260,"Actual Loops": 5,"Inner Unique": true,"Workers": [],"Plans": [{"Node Type": "Seq Scan","Parent Relationship": "Outer","Parallel Aware": true,"Async Capable": false,"Relation Name": "lineitem","Alias": "lineitem","Startup Cost": 0.00,"Total Cost": 146259.83,"Plan Rows": 7353,"Plan Width": 15,"Actual Startup Time": 0.219,"Actual Total Time": 351.654,"Actual Rows": 6260,"Actual Loops": 5,"Filter": "((l_shipmode = ANY ('{AIR,\"REG AIR\"}'::bpchar[])) AND (l_commitdate < l_receiptdate) AND (l_shipdate < l_commitdate) AND (l_receiptdate >= '1995-01-01'::date) AND (l_receiptdate < '1996-01-01 00:00:00'::timestamp without time zone))","Rows Removed by Filter": 1193983,"Workers": []},{"Node Type": "Index Scan","Parent Relationship": "Inner","Parallel Aware": false,"Async Capable": false,"Scan Direction": "Forward","Index Name": "orders_pkey","Relation Name": "orders","Alias": "orders","Startup Cost": 0.43,"Total Cost": 3.56,"Plan Rows": 1,"Plan Width": 20,"Actual Startup Time": 0.005,"Actual Total Time": 0.005,"Actual Rows": 1,"Actual Loops": 31301,"Index Cond": "(o_orderkey = lineitem.l_orderkey)","Rows Removed by Index Recheck": 0,"Workers": []}]}]}]}]}]},"Planning Time": 3.990,"Triggers": [],"Execution Time": 433.945}]
[{"Plan": {"Node Type": "Aggregate","Strategy": "Sorted","Partial Mode": "Finalize","Parallel Aware": false,"Async Capable": false,"Startup Cost": 173497.14,"Total Cost": 173643.88,"Plan Rows": 7,"Plan Width": 27,"Actual Startup Time": 408.501,"Actual Total Time": 441.910,"Actual Rows": 2,"Actual Loops": 1,"Group Key": ["lineitem.l_shipmode"],"Plans": [{"Node Type": "Gather Merge","Parent Relationship": "Outer","Parallel Aware": false,"Async Capable": false,"Startup Cost": 173497.14,"Total Cost": 173643.60,"Plan Rows": 28,"Plan Width": 27,"Actual Startup Time": 407.650,"Actual Total Time": 441.877,"Actual Rows": 10,"Actual Loops": 1,"Workers Planned": 4,"Workers Launched": 4,"Plans": [{"Node Type": "Aggregate","Strategy": "Sorted","Partial Mode": "Partial","Parent Relationship": "Outer","Parallel Aware": false,"Async Capable": false,"Startup Cost": 172497.08,"Total Cost": 172640.21,"Plan Rows": 7,"Plan Width": 27,"Actual Startup Time": 399.237,"Actual Total Time": 399.959,"Actual Rows": 2,"Actual Loops": 5,"Group Key": ["lineitem.l_shipmode"],"Workers": [],"Plans": [{"Node Type": "Sort","Parent Relationship": "Outer","Parallel Aware": false,"Async Capable": false,"Startup Cost": 172497.08,"Total Cost": 172514.96,"Plan Rows": 7153,"Plan Width": 27,"Actual Startup Time": 398.488,"Actual Total Time": 398.738,"Actual Rows": 6195,"Actual Loops": 5,"Sort Key": ["lineitem.l_shipmode"],"Sort Method": "quicksort","Sort Space Used": 635,"Sort Space Type": "Memory","Workers": [{"Worker Number": 0,"Sort Method": "quicksort","Sort Space Used": 604,"Sort Space Type": "Memory"},{"Worker Number": 1,"Sort Method": "quicksort","Sort Space Used": 637,"Sort Space Type": "Memory"},{"Worker Number": 2,"Sort Method": "quicksort","Sort Space Used": 633,"Sort Space Type": "Memory"},{"Worker Number": 3,"Sort Method": "quicksort","Sort Space Used": 631,"Sort Space Type": "Memory"}],"Plans": [{"Node Type": "Nested Loop","Parent Relationship": "Outer","Parallel Aware": false,"Async Capable": false,"Join Type": "Inner","Startup Cost": 0.43,"Total Cost": 172039.13,"Plan Rows": 7153,"Plan Width": 27,"Actual Startup Time": 0.245,"Actual Total Time": 395.558,"Actual Rows": 6195,"Actual Loops": 5,"Inner Unique": true,"Workers": [],"Plans": [{"Node Type": "Seq Scan","Parent Relationship": "Outer","Parallel Aware": true,"Async Capable": false,"Relation Name": "lineitem","Alias": "lineitem","Startup Cost": 0.00,"Total Cost": 146259.83,"Plan Rows": 7153,"Plan Width": 15,"Actual Startup Time": 0.123,"Actual Total Time": 359.418,"Actual Rows": 6195,"Actual Loops": 5,"Filter": "((l_shipmode = ANY ('{\"REG AIR\",FOB}'::bpchar[])) AND (l_commitdate < l_receiptdate) AND (l_shipdate < l_commitdate) AND (l_receiptdate >= '1994-01-01'::date) AND (l_receiptdate < '1995-01-01 00:00:00'::timestamp without time zone))","Rows Removed by Filter": 1194048,"Workers": []},{"Node Type": "Index Scan","Parent Relationship": "Inner","Parallel Aware": false,"Async Capable": false,"Scan Direction": "Forward","Index Name": "orders_pkey","Relation Name": "orders","Alias": "orders","Startup Cost": 0.43,"Total Cost": 3.60,"Plan Rows": 1,"Plan Width": 20,"Actual Startup Time": 0.005,"Actual Total Time": 0.005,"Actual Rows": 1,"Actual Loops": 30976,"Index Cond": "(o_orderkey = lineitem.l_orderkey)","Rows Removed by Index Recheck": 0,"Workers": []}]}]}]}]}]},"Planning Time": 4.987,"Triggers": [],"Execution Time": 442.600}]
[{"Plan": {"Node Type": "Aggregate","Strategy": "Sorted","Partial Mode": "Finalize","Parallel Aware": false,"Async Capable": false,"Startup Cost": 173833.00,"Total Cost": 173982.82,"Plan Rows": 7,"Plan Width": 27,"Actual Startup Time": 396.792,"Actual Total Time": 429.357,"Actual Rows": 2,"Actual Loops": 1,"Group Key": ["lineitem.l_shipmode"],"Plans": [{"Node Type": "Gather Merge","Parent Relationship": "Outer","Parallel Aware": false,"Async Capable": false,"Startup Cost": 173833.00,"Total Cost": 173982.54,"Plan Rows": 28,"Plan Width": 27,"Actual Startup Time": 395.900,"Actual Total Time": 429.322,"Actual Rows": 10,"Actual Loops": 1,"Workers Planned": 4,"Workers Launched": 4,"Plans": [{"Node Type": "Aggregate","Strategy": "Sorted","Partial Mode": "Partial","Parent Relationship": "Outer","Parallel Aware": false,"Async Capable": false,"Startup Cost": 172832.94,"Total Cost": 172979.15,"Plan Rows": 7,"Plan Width": 27,"Actual Startup Time": 387.909,"Actual Total Time": 388.656,"Actual Rows": 2,"Actual Loops": 5,"Group Key": ["lineitem.l_shipmode"],"Workers": [],"Plans": [{"Node Type": "Sort","Parent Relationship": "Outer","Parallel Aware": false,"Async Capable": false,"Startup Cost": 172832.94,"Total Cost": 172851.21,"Plan Rows": 7307,"Plan Width": 27,"Actual Startup Time": 387.145,"Actual Total Time": 387.396,"Actual Rows": 6234,"Actual Loops": 5,"Sort Key": ["lineitem.l_shipmode"],"Sort Method": "quicksort","Sort Space Used": 638,"Sort Space Type": "Memory","Workers": [{"Worker Number": 0,"Sort Method": "quicksort","Sort Space Used": 631,"Sort Space Type": "Memory"},{"Worker Number": 1,"Sort Method": "quicksort","Sort Space Used": 635,"Sort Space Type": "Memory"},{"Worker Number": 2,"Sort Method": "quicksort","Sort Space Used": 624,"Sort Space Type": "Memory"},{"Worker Number": 3,"Sort Method": "quicksort","Sort Space Used": 627,"Sort Space Type": "Memory"}],"Plans": [{"Node Type": "Nested Loop","Parent Relationship": "Outer","Parallel Aware": false,"Async Capable": false,"Join Type": "Inner","Startup Cost": 0.43,"Total Cost": 172364.01,"Plan Rows": 7307,"Plan Width": 27,"Actual Startup Time": 0.359,"Actual Total Time": 384.349,"Actual Rows": 6234,"Actual Loops": 5,"Inner Unique": true,"Workers": [],"Plans": [{"Node Type": "Seq Scan","Parent Relationship": "Outer","Parallel Aware": true,"Async Capable": false,"Relation Name": "lineitem","Alias": "lineitem","Startup Cost": 0.00,"Total Cost": 146259.83,"Plan Rows": 7307,"Plan Width": 15,"Actual Startup Time": 0.240,"Actual Total Time": 349.904,"Actual Rows": 6234,"Actual Loops": 5,"Filter": "((l_shipmode = ANY ('{MAIL,SHIP}'::bpchar[])) AND (l_commitdate < l_receiptdate) AND (l_shipdate < l_commitdate) AND (l_receiptdate >= '1993-01-01'::date) AND (l_receiptdate < '1994-01-01 00:00:00'::timestamp without time zone))","Rows Removed by Filter": 1194009,"Workers": []},{"Node Type": "Index Scan","Parent Relationship": "Inner","Parallel Aware": false,"Async Capable": false,"Scan Direction": "Forward","Index Name": "orders_pkey","Relation Name": "orders","Alias": "orders","Startup Cost": 0.43,"Total Cost": 3.57,"Plan Rows": 1,"Plan Width": 20,"Actual Startup Time": 0.005,"Actual Total Time": 0.005,"Actual Rows": 1,"Actual Loops": 31169,"Index Cond": "(o_orderkey = lineitem.l_orderkey)","Rows Removed by Index Recheck": 0,"Workers": []}]}]}]}]}]},"Planning Time": 3.944,"Triggers": [],"Execution Time": 429.771}]
[{"Plan": {"Node Type": "Aggregate","Strategy": "Sorted","Partial Mode": "Finalize","Parallel Aware": false,"Async Capable": false,"Startup Cost": 173629.25,"Total Cost": 173777.18,"Plan Rows": 7,"Plan Width": 27,"Actual Startup Time": 398.286,"Actual Total Time": 432.078,"Actual Rows": 2,"Actual Loops": 1,"Group Key": ["lineitem.l_shipmode"],"Plans": [{"Node Type": "Gather Merge","Parent Relationship": "Outer","Parallel Aware": false,"Async Capable": false,"Startup Cost": 173629.25,"Total Cost": 173776.90,"Plan Rows": 28,"Plan Width": 27,"Actual Startup Time": 397.447,"Actual Total Time": 432.031,"Actual Rows": 10,"Actual Loops": 1,"Workers Planned": 4,"Workers Launched": 4,"Plans": [{"Node Type": "Aggregate","Strategy": "Sorted","Partial Mode": "Partial","Parent Relationship": "Outer","Parallel Aware": false,"Async Capable": false,"Startup Cost": 172629.20,"Total Cost": 172773.51,"Plan Rows": 7,"Plan Width": 27,"Actual Startup Time": 388.921,"Actual Total Time": 389.663,"Actual Rows": 2,"Actual Loops": 5,"Group Key": ["lineitem.l_shipmode"],"Workers": [],"Plans": [{"Node Type": "Sort","Parent Relationship": "Outer","Parallel Aware": false,"Async Capable": false,"Startup Cost": 172629.20,"Total Cost": 172647.23,"Plan Rows": 7212,"Plan Width": 27,"Actual Startup Time": 388.170,"Actual Total Time": 388.412,"Actual Rows": 6267,"Actual Loops": 5,"Sort Key": ["lineitem.l_shipmode"],"Sort Method": "quicksort","Sort Space Used": 638,"Sort Space Type": "Memory","Workers": [{"Worker Number": 0,"Sort Method": "quicksort","Sort Space Used": 628,"Sort Space Type": "Memory"},{"Worker Number": 1,"Sort Method": "quicksort","Sort Space Used": 632,"Sort Space Type": "Memory"},{"Worker Number": 2,"Sort Method": "quicksort","Sort Space Used": 636,"Sort Space Type": "Memory"},{"Worker Number": 3,"Sort Method": "quicksort","Sort Space Used": 632,"Sort Space Type": "Memory"}],"Plans": [{"Node Type": "Nested Loop","Parent Relationship": "Outer","Parallel Aware": false,"Async Capable": false,"Join Type": "Inner","Startup Cost": 0.43,"Total Cost": 172167.04,"Plan Rows": 7212,"Plan Width": 27,"Actual Startup Time": 0.361,"Actual Total Time": 385.319,"Actual Rows": 6267,"Actual Loops": 5,"Inner Unique": true,"Workers": [],"Plans": [{"Node Type": "Seq Scan","Parent Relationship": "Outer","Parallel Aware": true,"Async Capable": false,"Relation Name": "lineitem","Alias": "lineitem","Startup Cost": 0.00,"Total Cost": 146259.83,"Plan Rows": 7213,"Plan Width": 15,"Actual Startup Time": 0.232,"Actual Total Time": 349.745,"Actual Rows": 6267,"Actual Loops": 5,"Filter": "((l_shipmode = ANY ('{SHIP,MAIL}'::bpchar[])) AND (l_commitdate < l_receiptdate) AND (l_shipdate < l_commitdate) AND (l_receiptdate >= '1997-01-01'::date) AND (l_receiptdate < '1998-01-01 00:00:00'::timestamp without time zone))","Rows Removed by Filter": 1193976,"Workers": []},{"Node Type": "Index Scan","Parent Relationship": "Inner","Parallel Aware": false,"Async Capable": false,"Scan Direction": "Forward","Index Name": "orders_pkey","Relation Name": "orders","Alias": "orders","Startup Cost": 0.43,"Total Cost": 3.59,"Plan Rows": 1,"Plan Width": 20,"Actual Startup Time": 0.005,"Actual Total Time": 0.005,"Actual Rows": 1,"Actual Loops": 31335,"Index Cond": "(o_orderkey = lineitem.l_orderkey)","Rows Removed by Index Recheck": 0,"Workers": []}]}]}]}]}]},"Planning Time": 5.159,"Triggers": [],"Execution Time": 432.734}]
[{"Plan": {"Node Type": "Aggregate","Strategy": "Sorted","Partial Mode": "Finalize","Parallel Aware": false,"Async Capable": false,"Startup Cost": 173624.30,"Total Cost": 173772.20,"Plan Rows": 7,"Plan Width": 27,"Actual Startup Time": 403.932,"Actual Total Time": 437.541,"Actual Rows": 2,"Actual Loops": 1,"Group Key": ["lineitem.l_shipmode"],"Plans": [{"Node Type": "Gather Merge","Parent Relationship": "Outer","Parallel Aware": false,"Async Capable": false,"Startup Cost": 173624.30,"Total Cost": 173771.92,"Plan Rows": 28,"Plan Width": 27,"Actual Startup Time": 403.106,"Actual Total Time": 437.507,"Actual Rows": 10,"Actual Loops": 1,"Workers Planned": 4,"Workers Launched": 4,"Plans": [{"Node Type": "Aggregate","Strategy": "Sorted","Partial Mode": "Partial","Parent Relationship": "Outer","Parallel Aware": false,"Async Capable": false,"Startup Cost": 172624.24,"Total Cost": 172768.53,"Plan Rows": 7,"Plan Width": 27,"Actual Startup Time": 394.742,"Actual Total Time": 395.464,"Actual Rows": 2,"Actual Loops": 5,"Group Key": ["lineitem.l_shipmode"],"Workers": [],"Plans": [{"Node Type": "Sort","Parent Relationship": "Outer","Parallel Aware": false,"Async Capable": false,"Startup Cost": 172624.24,"Total Cost": 172642.27,"Plan Rows": 7211,"Plan Width": 27,"Actual Startup Time": 393.991,"Actual Total Time": 394.225,"Actual Rows": 6208,"Actual Loops": 5,"Sort Key": ["lineitem.l_shipmode"],"Sort Method": "quicksort","Sort Space Used": 628,"Sort Space Type": "Memory","Workers": [{"Worker Number": 0,"Sort Method": "quicksort","Sort Space Used": 640,"Sort Space Type": "Memory"},{"Worker Number": 1,"Sort Method": "quicksort","Sort Space Used": 639,"Sort Space Type": "Memory"},{"Worker Number": 2,"Sort Method": "quicksort","Sort Space Used": 631,"Sort Space Type": "Memory"},{"Worker Number": 3,"Sort Method": "quicksort","Sort Space Used": 608,"Sort Space Type": "Memory"}],"Plans": [{"Node Type": "Nested Loop","Parent Relationship": "Outer","Parallel Aware": false,"Async Capable": false,"Join Type": "Inner","Startup Cost": 0.43,"Total Cost": 172162.16,"Plan Rows": 7211,"Plan Width": 27,"Actual Startup Time": 0.377,"Actual Total Time": 390.998,"Actual Rows": 6208,"Actual Loops": 5,"Inner Unique": true,"Workers": [],"Plans": [{"Node Type": "Seq Scan","Parent Relationship": "Outer","Parallel Aware": true,"Async Capable": false,"Relation Name": "lineitem","Alias": "lineitem","Startup Cost": 0.00,"Total Cost": 146259.83,"Plan Rows": 7211,"Plan Width": 15,"Actual Startup Time": 0.274,"Actual Total Time": 354.943,"Actual Rows": 6208,"Actual Loops": 5,"Filter": "((l_shipmode = ANY ('{TRUCK,AIR}'::bpchar[])) AND (l_commitdate < l_receiptdate) AND (l_shipdate < l_commitdate) AND (l_receiptdate >= '1997-01-01'::date) AND (l_receiptdate < '1998-01-01 00:00:00'::timestamp without time zone))","Rows Removed by Filter": 1194035,"Workers": []},{"Node Type": "Index Scan","Parent Relationship": "Inner","Parallel Aware": false,"Async Capable": false,"Scan Direction": "Forward","Index Name": "orders_pkey","Relation Name": "orders","Alias": "orders","Startup Cost": 0.43,"Total Cost": 3.59,"Plan Rows": 1,"Plan Width": 20,"Actual Startup Time": 0.005,"Actual Total Time": 0.005,"Actual Rows": 1,"Actual Loops": 31041,"Index Cond": "(o_orderkey = lineitem.l_orderkey)","Rows Removed by Index Recheck": 0,"Workers": []}]}]}]}]}]},"Planning Time": 4.968,"Triggers": [],"Execution Time": 438.174}]
[{"Plan": {"Node Type": "Aggregate","Strategy": "Sorted","Partial Mode": "Finalize","Parallel Aware": false,"Async Capable": false,"Startup Cost": 173989.00,"Total Cost": 174140.29,"Plan Rows": 7,"Plan Width": 27,"Actual Startup Time": 409.184,"Actual Total Time": 442.517,"Actual Rows": 2,"Actual Loops": 1,"Group Key": ["lineitem.l_shipmode"],"Plans": [{"Node Type": "Gather Merge","Parent Relationship": "Outer","Parallel Aware": false,"Async Capable": false,"Startup Cost": 173989.00,"Total Cost": 174140.01,"Plan Rows": 28,"Plan Width": 27,"Actual Startup Time": 408.297,"Actual Total Time": 442.472,"Actual Rows": 10,"Actual Loops": 1,"Workers Planned": 4,"Workers Launched": 4,"Plans": [{"Node Type": "Aggregate","Strategy": "Sorted","Partial Mode": "Partial","Parent Relationship": "Outer","Parallel Aware": false,"Async Capable": false,"Startup Cost": 172988.94,"Total Cost": 173136.61,"Plan Rows": 7,"Plan Width": 27,"Actual Startup Time": 399.710,"Actual Total Time": 400.453,"Actual Rows": 2,"Actual Loops": 5,"Group Key": ["lineitem.l_shipmode"],"Workers": [],"Plans": [{"Node Type": "Sort","Parent Relationship": "Outer","Parallel Aware": false,"Async Capable": false,"Startup Cost": 172988.94,"Total Cost": 173007.39,"Plan Rows": 7380,"Plan Width": 27,"Actual Startup Time": 398.952,"Actual Total Time": 399.204,"Actual Rows": 6215,"Actual Loops": 5,"Sort Key": ["lineitem.l_shipmode"],"Sort Method": "quicksort","Sort Space Used": 624,"Sort Space Type": "Memory","Workers": [{"Worker Number": 0,"Sort Method": "quicksort","Sort Space Used": 645,"Sort Space Type": "Memory"},{"Worker Number": 1,"Sort Method": "quicksort","Sort Space Used": 642,"Sort Space Type": "Memory"},{"Worker Number": 2,"Sort Method": "quicksort","Sort Space Used": 638,"Sort Space Type": "Memory"},{"Worker Number": 3,"Sort Method": "quicksort","Sort Space Used": 599,"Sort Space Type": "Memory"}],"Plans": [{"Node Type": "Nested Loop","Parent Relationship": "Outer","Parallel Aware": false,"Async Capable": false,"Join Type": "Inner","Startup Cost": 0.43,"Total Cost": 172514.80,"Plan Rows": 7380,"Plan Width": 27,"Actual Startup Time": 0.322,"Actual Total Time": 396.051,"Actual Rows": 6215,"Actual Loops": 5,"Inner Unique": true,"Workers": [],"Plans": [{"Node Type": "Seq Scan","Parent Relationship": "Outer","Parallel Aware": true,"Async Capable": false,"Relation Name": "lineitem","Alias": "lineitem","Startup Cost": 0.00,"Total Cost": 146259.83,"Plan Rows": 7380,"Plan Width": 15,"Actual Startup Time": 0.206,"Actual Total Time": 359.992,"Actual Rows": 6215,"Actual Loops": 5,"Filter": "((l_shipmode = ANY ('{SHIP,RAIL}'::bpchar[])) AND (l_commitdate < l_receiptdate) AND (l_shipdate < l_commitdate) AND (l_receiptdate >= '1995-01-01'::date) AND (l_receiptdate < '1996-01-01 00:00:00'::timestamp without time zone))","Rows Removed by Filter": 1194028,"Workers": []},{"Node Type": "Index Scan","Parent Relationship": "Inner","Parallel Aware": false,"Async Capable": false,"Scan Direction": "Forward","Index Name": "orders_pkey","Relation Name": "orders","Alias": "orders","Startup Cost": 0.43,"Total Cost": 3.56,"Plan Rows": 1,"Plan Width": 20,"Actual Startup Time": 0.005,"Actual Total Time": 0.005,"Actual Rows": 1,"Actual Loops": 31075,"Index Cond": "(o_orderkey = lineitem.l_orderkey)","Rows Removed by Index Recheck": 0,"Workers": []}]}]}]}]}]},"Planning Time": 5.373,"Triggers": [],"Execution Time": 443.195}]
[{"Plan": {"Node Type": "Aggregate","Strategy": "Sorted","Partial Mode": "Finalize","Parallel Aware": false,"Async Capable": false,"Startup Cost": 173930.21,"Total Cost": 174080.93,"Plan Rows": 7,"Plan Width": 27,"Actual Startup Time": 410.375,"Actual Total Time": 444.120,"Actual Rows": 2,"Actual Loops": 1,"Group Key": ["lineitem.l_shipmode"],"Plans": [{"Node Type": "Gather Merge","Parent Relationship": "Outer","Parallel Aware": false,"Async Capable": false,"Startup Cost": 173930.21,"Total Cost": 174080.65,"Plan Rows": 28,"Plan Width": 27,"Actual Startup Time": 409.534,"Actual Total Time": 444.083,"Actual Rows": 10,"Actual Loops": 1,"Workers Planned": 4,"Workers Launched": 4,"Plans": [{"Node Type": "Aggregate","Strategy": "Sorted","Partial Mode": "Partial","Parent Relationship": "Outer","Parallel Aware": false,"Async Capable": false,"Startup Cost": 172930.15,"Total Cost": 173077.26,"Plan Rows": 7,"Plan Width": 27,"Actual Startup Time": 401.130,"Actual Total Time": 401.865,"Actual Rows": 2,"Actual Loops": 5,"Group Key": ["lineitem.l_shipmode"],"Workers": [],"Plans": [{"Node Type": "Sort","Parent Relationship": "Outer","Parallel Aware": false,"Async Capable": false,"Startup Cost": 172930.15,"Total Cost": 172948.53,"Plan Rows": 7352,"Plan Width": 27,"Actual Startup Time": 400.375,"Actual Total Time": 400.626,"Actual Rows": 6262,"Actual Loops": 5,"Sort Key": ["lineitem.l_shipmode"],"Sort Method": "quicksort","Sort Space Used": 640,"Sort Space Type": "Memory","Workers": [{"Worker Number": 0,"Sort Method": "quicksort","Sort Space Used": 637,"Sort Space Type": "Memory"},{"Worker Number": 1,"Sort Method": "quicksort","Sort Space Used": 644,"Sort Space Type": "Memory"},{"Worker Number": 2,"Sort Method": "quicksort","Sort Space Used": 601,"Sort Space Type": "Memory"},{"Worker Number": 3,"Sort Method": "quicksort","Sort Space Used": 642,"Sort Space Type": "Memory"}],"Plans": [{"Node Type": "Nested Loop","Parent Relationship": "Outer","Parallel Aware": false,"Async Capable": false,"Join Type": "Inner","Startup Cost": 0.43,"Total Cost": 172458.01,"Plan Rows": 7352,"Plan Width": 27,"Actual Startup Time": 0.256,"Actual Total Time": 397.422,"Actual Rows": 6262,"Actual Loops": 5,"Inner Unique": true,"Workers": [],"Plans": [{"Node Type": "Seq Scan","Parent Relationship": "Outer","Parallel Aware": true,"Async Capable": false,"Relation Name": "lineitem","Alias": "lineitem","Startup Cost": 0.00,"Total Cost": 146259.83,"Plan Rows": 7352,"Plan Width": 15,"Actual Startup Time": 0.152,"Actual Total Time": 360.832,"Actual Rows": 6262,"Actual Loops": 5,"Filter": "((l_shipmode = ANY ('{SHIP,AIR}'::bpchar[])) AND (l_commitdate < l_receiptdate) AND (l_shipdate < l_commitdate) AND (l_receiptdate >= '1995-01-01'::date) AND (l_receiptdate < '1996-01-01 00:00:00'::timestamp without time zone))","Rows Removed by Filter": 1193981,"Workers": []},{"Node Type": "Index Scan","Parent Relationship": "Inner","Parallel Aware": false,"Async Capable": false,"Scan Direction": "Forward","Index Name": "orders_pkey","Relation Name": "orders","Alias": "orders","Startup Cost": 0.43,"Total Cost": 3.56,"Plan Rows": 1,"Plan Width": 20,"Actual Startup Time": 0.005,"Actual Total Time": 0.005,"Actual Rows": 1,"Actual Loops": 31308,"Index Cond": "(o_orderkey = lineitem.l_orderkey)","Rows Removed by Index Recheck": 0,"Workers": []}]}]}]}]}]},"Planning Time": 4.883,"Triggers": [],"Execution Time": 444.764}]
[{"Plan": {"Node Type": "Aggregate","Strategy": "Sorted","Partial Mode": "Finalize","Parallel Aware": false,"Async Capable": false,"Startup Cost": 173572.70,"Total Cost": 173720.11,"Plan Rows": 7,"Plan Width": 27,"Actual Startup Time": 399.643,"Actual Total Time": 433.133,"Actual Rows": 2,"Actual Loops": 1,"Group Key": ["lineitem.l_shipmode"],"Plans": [{"Node Type": "Gather Merge","Parent Relationship": "Outer","Parallel Aware": false,"Async Capable": false,"Startup Cost": 173572.70,"Total Cost": 173719.83,"Plan Rows": 28,"Plan Width": 27,"Actual Startup Time": 398.766,"Actual Total Time": 433.088,"Actual Rows": 10,"Actual Loops": 1,"Workers Planned": 4,"Workers Launched": 4,"Plans": [{"Node Type": "Aggregate","Strategy": "Sorted","Partial Mode": "Partial","Parent Relationship": "Outer","Parallel Aware": false,"Async Capable": false,"Startup Cost": 172572.64,"Total Cost": 172716.43,"Plan Rows": 7,"Plan Width": 27,"Actual Startup Time": 390.437,"Actual Total Time": 391.178,"Actual Rows": 2,"Actual Loops": 5,"Group Key": ["lineitem.l_shipmode"],"Workers": [],"Plans": [{"Node Type": "Sort","Parent Relationship": "Outer","Parallel Aware": false,"Async Capable": false,"Startup Cost": 172572.64,"Total Cost": 172590.61,"Plan Rows": 7186,"Plan Width": 27,"Actual Startup Time": 389.674,"Actual Total Time": 389.921,"Actual Rows": 6224,"Actual Loops": 5,"Sort Key": ["lineitem.l_shipmode"],"Sort Method": "quicksort","Sort Space Used": 634,"Sort Space Type": "Memory","Workers": [{"Worker Number": 0,"Sort Method": "quicksort","Sort Space Used": 614,"Sort Space Type": "Memory"},{"Worker Number": 1,"Sort Method": "quicksort","Sort Space Used": 632,"Sort Space Type": "Memory"},{"Worker Number": 2,"Sort Method": "quicksort","Sort Space Used": 636,"Sort Space Type": "Memory"},{"Worker Number": 3,"Sort Method": "quicksort","Sort Space Used": 634,"Sort Space Type": "Memory"}],"Plans": [{"Node Type": "Nested Loop","Parent Relationship": "Outer","Parallel Aware": false,"Async Capable": false,"Join Type": "Inner","Startup Cost": 0.43,"Total Cost": 172112.34,"Plan Rows": 7186,"Plan Width": 27,"Actual Startup Time": 0.294,"Actual Total Time": 386.896,"Actual Rows": 6224,"Actual Loops": 5,"Inner Unique": true,"Workers": [],"Plans": [{"Node Type": "Seq Scan","Parent Relationship": "Outer","Parallel Aware": true,"Async Capable": false,"Relation Name": "lineitem","Alias": "lineitem","Startup Cost": 0.00,"Total Cost": 146259.83,"Plan Rows": 7187,"Plan Width": 15,"Actual Startup Time": 0.197,"Actual Total Time": 351.787,"Actual Rows": 6224,"Actual Loops": 5,"Filter": "((l_shipmode = ANY ('{FOB,RAIL}'::bpchar[])) AND (l_commitdate < l_receiptdate) AND (l_shipdate < l_commitdate) AND (l_receiptdate >= '1994-01-01'::date) AND (l_receiptdate < '1995-01-01 00:00:00'::timestamp without time zone))","Rows Removed by Filter": 1194019,"Workers": []},{"Node Type": "Index Scan","Parent Relationship": "Inner","Parallel Aware": false,"Async Capable": false,"Scan Direction": "Forward","Index Name": "orders_pkey","Relation Name": "orders","Alias": "orders","Startup Cost": 0.43,"Total Cost": 3.60,"Plan Rows": 1,"Plan Width": 20,"Actual Startup Time": 0.005,"Actual Total Time": 0.005,"Actual Rows": 1,"Actual Loops": 31118,"Index Cond": "(o_orderkey = lineitem.l_orderkey)","Rows Removed by Index Recheck": 0,"Workers": []}]}]}]}]}]},"Planning Time": 4.877,"Triggers": [],"Execution Time": 433.609}]
[{"Plan": {"Node Type": "Aggregate","Strategy": "Sorted","Partial Mode": "Finalize","Parallel Aware": false,"Async Capable": false,"Startup Cost": 173936.43,"Total Cost": 174087.20,"Plan Rows": 7,"Plan Width": 27,"Actual Startup Time": 404.295,"Actual Total Time": 438.434,"Actual Rows": 2,"Actual Loops": 1,"Group Key": ["lineitem.l_shipmode"],"Plans": [{"Node Type": "Gather Merge","Parent Relationship": "Outer","Parallel Aware": false,"Async Capable": false,"Startup Cost": 173936.43,"Total Cost": 174086.92,"Plan Rows": 28,"Plan Width": 27,"Actual Startup Time": 403.414,"Actual Total Time": 438.399,"Actual Rows": 10,"Actual Loops": 1,"Workers Planned": 4,"Workers Launched": 4,"Plans": [{"Node Type": "Aggregate","Strategy": "Sorted","Partial Mode": "Partial","Parent Relationship": "Outer","Parallel Aware": false,"Async Capable": false,"Startup Cost": 172936.38,"Total Cost": 173083.53,"Plan Rows": 7,"Plan Width": 27,"Actual Startup Time": 394.793,"Actual Total Time": 395.552,"Actual Rows": 2,"Actual Loops": 5,"Group Key": ["lineitem.l_shipmode"],"Workers": [],"Plans": [{"Node Type": "Sort","Parent Relationship": "Outer","Parallel Aware": false,"Async Capable": false,"Startup Cost": 172936.38,"Total Cost": 172954.76,"Plan Rows": 7354,"Plan Width": 27,"Actual Startup Time": 394.004,"Actual Total Time": 394.276,"Actual Rows": 6252,"Actual Loops": 5,"Sort Key": ["lineitem.l_shipmode"],"Sort Method": "quicksort","Sort Space Used": 635,"Sort Space Type": "Memory","Workers": [{"Worker Number": 0,"Sort Method": "quicksort","Sort Space Used": 627,"Sort Space Type": "Memory"},{"Worker Number": 1,"Sort Method": "quicksort","Sort Space Used": 641,"Sort Space Type": "Memory"},{"Worker Number": 2,"Sort Method": "quicksort","Sort Space Used": 626,"Sort Space Type": "Memory"},{"Worker Number": 3,"Sort Method": "quicksort","Sort Space Used": 630,"Sort Space Type": "Memory"}],"Plans": [{"Node Type": "Nested Loop","Parent Relationship": "Outer","Parallel Aware": false,"Async Capable": false,"Join Type": "Inner","Startup Cost": 0.43,"Total Cost": 172464.09,"Plan Rows": 7354,"Plan Width": 27,"Actual Startup Time": 0.376,"Actual Total Time": 391.142,"Actual Rows": 6252,"Actual Loops": 5,"Inner Unique": true,"Workers": [],"Plans": [{"Node Type": "Seq Scan","Parent Relationship": "Outer","Parallel Aware": true,"Async Capable": false,"Relation Name": "lineitem","Alias": "lineitem","Startup Cost": 0.00,"Total Cost": 146259.83,"Plan Rows": 7355,"Plan Width": 15,"Actual Startup Time": 0.246,"Actual Total Time": 355.568,"Actual Rows": 6252,"Actual Loops": 5,"Filter": "((l_shipmode = ANY ('{FOB,RAIL}'::bpchar[])) AND (l_commitdate < l_receiptdate) AND (l_shipdate < l_commitdate) AND (l_receiptdate >= '1993-01-01'::date) AND (l_receiptdate < '1994-01-01 00:00:00'::timestamp without time zone))","Rows Removed by Filter": 1193991,"Workers": []},{"Node Type": "Index Scan","Parent Relationship": "Inner","Parallel Aware": false,"Async Capable": false,"Scan Direction": "Forward","Index Name": "orders_pkey","Relation Name": "orders","Alias": "orders","Startup Cost": 0.43,"Total Cost": 3.56,"Plan Rows": 1,"Plan Width": 20,"Actual Startup Time": 0.005,"Actual Total Time": 0.005,"Actual Rows": 1,"Actual Loops": 31259,"Index Cond": "(o_orderkey = lineitem.l_orderkey)","Rows Removed by Index Recheck": 0,"Workers": []}]}]}]}]}]},"Planning Time": 5.465,"Triggers": [],"Execution Time": 439.032}]
[{"Plan": {"Node Type": "Aggregate","Strategy": "Sorted","Partial Mode": "Finalize","Parallel Aware": false,"Async Capable": false,"Startup Cost": 173412.56,"Total Cost": 173558.53,"Plan Rows": 7,"Plan Width": 27,"Actual Startup Time": 398.818,"Actual Total Time": 433.314,"Actual Rows": 2,"Actual Loops": 1,"Group Key": ["lineitem.l_shipmode"],"Plans": [{"Node Type": "Gather Merge","Parent Relationship": "Outer","Parallel Aware": false,"Async Capable": false,"Startup Cost": 173412.56,"Total Cost": 173558.25,"Plan Rows": 28,"Plan Width": 27,"Actual Startup Time": 397.982,"Actual Total Time": 433.273,"Actual Rows": 10,"Actual Loops": 1,"Workers Planned": 4,"Workers Launched": 4,"Plans": [{"Node Type": "Aggregate","Strategy": "Sorted","Partial Mode": "Partial","Parent Relationship": "Outer","Parallel Aware": false,"Async Capable": false,"Startup Cost": 172412.50,"Total Cost": 172554.85,"Plan Rows": 7,"Plan Width": 27,"Actual Startup Time": 389.619,"Actual Total Time": 390.347,"Actual Rows": 2,"Actual Loops": 5,"Group Key": ["lineitem.l_shipmode"],"Workers": [],"Plans": [{"Node Type": "Sort","Parent Relationship": "Outer","Parallel Aware": false,"Async Capable": false,"Startup Cost": 172412.50,"Total Cost": 172430.29,"Plan Rows": 7114,"Plan Width": 27,"Actual Startup Time": 388.862,"Actual Total Time": 389.102,"Actual Rows": 6219,"Actual Loops": 5,"Sort Key": ["lineitem.l_shipmode"],"Sort Method": "quicksort","Sort Space Used": 638,"Sort Space Type": "Memory","Workers": [{"Worker Number": 0,"Sort Method": "quicksort","Sort Space Used": 628,"Sort Space Type": "Memory"},{"Worker Number": 1,"Sort Method": "quicksort","Sort Space Used": 621,"Sort Space Type": "Memory"},{"Worker Number": 2,"Sort Method": "quicksort","Sort Space Used": 627,"Sort Space Type": "Memory"},{"Worker Number": 3,"Sort Method": "quicksort","Sort Space Used": 635,"Sort Space Type": "Memory"}],"Plans": [{"Node Type": "Nested Loop","Parent Relationship": "Outer","Parallel Aware": false,"Async Capable": false,"Join Type": "Inner","Startup Cost": 0.43,"Total Cost": 171957.33,"Plan Rows": 7114,"Plan Width": 27,"Actual Startup Time": 0.315,"Actual Total Time": 385.966,"Actual Rows": 6219,"Actual Loops": 5,"Inner Unique": true,"Workers": [],"Plans": [{"Node Type": "Seq Scan","Parent Relationship": "Outer","Parallel Aware": true,"Async Capable": false,"Relation Name": "lineitem","Alias": "lineitem","Startup Cost": 0.00,"Total Cost": 146259.83,"Plan Rows": 7114,"Plan Width": 15,"Actual Startup Time": 0.197,"Actual Total Time": 350.732,"Actual Rows": 6219,"Actual Loops": 5,"Filter": "((l_shipmode = ANY ('{SHIP,RAIL}'::bpchar[])) AND (l_commitdate < l_receiptdate) AND (l_shipdate < l_commitdate) AND (l_receiptdate >= '1994-01-01'::date) AND (l_receiptdate < '1995-01-01 00:00:00'::timestamp without time zone))","Rows Removed by Filter": 1194024,"Workers": []},{"Node Type": "Index Scan","Parent Relationship": "Inner","Parallel Aware": false,"Async Capable": false,"Scan Direction": "Forward","Index Name": "orders_pkey","Relation Name": "orders","Alias": "orders","Startup Cost": 0.43,"Total Cost": 3.61,"Plan Rows": 1,"Plan Width": 20,"Actual Startup Time": 0.005,"Actual Total Time": 0.005,"Actual Rows": 1,"Actual Loops": 31095,"Index Cond": "(o_orderkey = lineitem.l_orderkey)","Rows Removed by Index Recheck": 0,"Workers": []}]}]}]}]}]},"Planning Time": 4.153,"Triggers": [],"Execution Time": 433.929}]
[{"Plan": {"Node Type": "Aggregate","Strategy": "Sorted","Partial Mode": "Finalize","Parallel Aware": false,"Async Capable": false,"Startup Cost": 174105.10,"Total Cost": 174257.46,"Plan Rows": 7,"Plan Width": 27,"Actual Startup Time": 396.005,"Actual Total Time": 428.954,"Actual Rows": 2,"Actual Loops": 1,"Group Key": ["lineitem.l_shipmode"],"Plans": [{"Node Type": "Gather Merge","Parent Relationship": "Outer","Parallel Aware": false,"Async Capable": false,"Startup Cost": 174105.10,"Total Cost": 174257.18,"Plan Rows": 28,"Plan Width": 27,"Actual Startup Time": 395.079,"Actual Total Time": 428.914,"Actual Rows": 10,"Actual Loops": 1,"Workers Planned": 4,"Workers Launched": 4,"Plans": [{"Node Type": "Aggregate","Strategy": "Sorted","Partial Mode": "Partial","Parent Relationship": "Outer","Parallel Aware": false,"Async Capable": false,"Startup Cost": 173105.04,"Total Cost": 173253.79,"Plan Rows": 7,"Plan Width": 27,"Actual Startup Time": 386.545,"Actual Total Time": 387.302,"Actual Rows": 2,"Actual Loops": 5,"Group Key": ["lineitem.l_shipmode"],"Workers": [],"Plans": [{"Node Type": "Sort","Parent Relationship": "Outer","Parallel Aware": false,"Async Capable": false,"Startup Cost": 173105.04,"Total Cost": 173123.62,"Plan Rows": 7434,"Plan Width": 27,"Actual Startup Time": 385.799,"Actual Total Time": 386.053,"Actual Rows": 6257,"Actual Loops": 5,"Sort Key": ["lineitem.l_shipmode"],"Sort Method": "quicksort","Sort Space Used": 644,"Sort Space Type": "Memory","Workers": [{"Worker Number": 0,"Sort Method": "quicksort","Sort Space Used": 629,"Sort Space Type": "Memory"},{"Worker Number": 1,"Sort Method": "quicksort","Sort Space Used": 633,"Sort Space Type": "Memory"},{"Worker Number": 2,"Sort Method": "quicksort","Sort Space Used": 623,"Sort Space Type": "Memory"},{"Worker Number": 3,"Sort Method": "quicksort","Sort Space Used": 634,"Sort Space Type": "Memory"}],"Plans": [{"Node Type": "Nested Loop","Parent Relationship": "Outer","Parallel Aware": false,"Async Capable": false,"Join Type": "Inner","Startup Cost": 0.43,"Total Cost": 172627.03,"Plan Rows": 7434,"Plan Width": 27,"Actual Startup Time": 0.350,"Actual Total Time": 382.973,"Actual Rows": 6257,"Actual Loops": 5,"Inner Unique": true,"Workers": [],"Plans": [{"Node Type": "Seq Scan","Parent Relationship": "Outer","Parallel Aware": true,"Async Capable": false,"Relation Name": "lineitem","Alias": "lineitem","Startup Cost": 0.00,"Total Cost": 146259.83,"Plan Rows": 7434,"Plan Width": 15,"Actual Startup Time": 0.228,"Actual Total Time": 348.442,"Actual Rows": 6257,"Actual Loops": 5,"Filter": "((l_shipmode = ANY ('{TRUCK,RAIL}'::bpchar[])) AND (l_commitdate < l_receiptdate) AND (l_shipdate < l_commitdate) AND (l_receiptdate >= '1995-01-01'::date) AND (l_receiptdate < '1996-01-01 00:00:00'::timestamp without time zone))","Rows Removed by Filter": 1193986,"Workers": []},{"Node Type": "Index Scan","Parent Relationship": "Inner","Parallel Aware": false,"Async Capable": false,"Scan Direction": "Forward","Index Name": "orders_pkey","Relation Name": "orders","Alias": "orders","Startup Cost": 0.43,"Total Cost": 3.55,"Plan Rows": 1,"Plan Width": 20,"Actual Startup Time": 0.005,"Actual Total Time": 0.005,"Actual Rows": 1,"Actual Loops": 31286,"Index Cond": "(o_orderkey = lineitem.l_orderkey)","Rows Removed by Index Recheck": 0,"Workers": []}]}]}]}]}]},"Planning Time": 4.139,"Triggers": [],"Execution Time": 429.489}]
[{"Plan": {"Node Type": "Aggregate","Strategy": "Sorted","Partial Mode": "Finalize","Parallel Aware": false,"Async Capable": false,"Startup Cost": 173451.78,"Total Cost": 173598.11,"Plan Rows": 7,"Plan Width": 27,"Actual Startup Time": 389.821,"Actual Total Time": 423.422,"Actual Rows": 2,"Actual Loops": 1,"Group Key": ["lineitem.l_shipmode"],"Plans": [{"Node Type": "Gather Merge","Parent Relationship": "Outer","Parallel Aware": false,"Async Capable": false,"Startup Cost": 173451.78,"Total Cost": 173597.83,"Plan Rows": 28,"Plan Width": 27,"Actual Startup Time": 388.913,"Actual Total Time": 423.381,"Actual Rows": 10,"Actual Loops": 1,"Workers Planned": 4,"Workers Launched": 4,"Plans": [{"Node Type": "Aggregate","Strategy": "Sorted","Partial Mode": "Partial","Parent Relationship": "Outer","Parallel Aware": false,"Async Capable": false,"Startup Cost": 172451.73,"Total Cost": 172594.44,"Plan Rows": 7,"Plan Width": 27,"Actual Startup Time": 380.968,"Actual Total Time": 381.707,"Actual Rows": 2,"Actual Loops": 5,"Group Key": ["lineitem.l_shipmode"],"Workers": [],"Plans": [{"Node Type": "Sort","Parent Relationship": "Outer","Parallel Aware": false,"Async Capable": false,"Startup Cost": 172451.73,"Total Cost": 172469.56,"Plan Rows": 7132,"Plan Width": 27,"Actual Startup Time": 380.245,"Actual Total Time": 380.491,"Actual Rows": 6182,"Actual Loops": 5,"Sort Key": ["lineitem.l_shipmode"],"Sort Method": "quicksort","Sort Space Used": 637,"Sort Space Type": "Memory","Workers": [{"Worker Number": 0,"Sort Method": "quicksort","Sort Space Used": 629,"Sort Space Type": "Memory"},{"Worker Number": 1,"Sort Method": "quicksort","Sort Space Used": 637,"Sort Space Type": "Memory"},{"Worker Number": 2,"Sort Method": "quicksort","Sort Space Used": 604,"Sort Space Type": "Memory"},{"Worker Number": 3,"Sort Method": "quicksort","Sort Space Used": 629,"Sort Space Type": "Memory"}],"Plans": [{"Node Type": "Nested Loop","Parent Relationship": "Outer","Parallel Aware": false,"Async Capable": false,"Join Type": "Inner","Startup Cost": 0.43,"Total Cost": 171995.28,"Plan Rows": 7132,"Plan Width": 27,"Actual Startup Time": 0.151,"Actual Total Time": 377.402,"Actual Rows": 6182,"Actual Loops": 5,"Inner Unique": true,"Workers": [],"Plans": [{"Node Type": "Seq Scan","Parent Relationship": "Outer","Parallel Aware": true,"Async Capable": false,"Relation Name": "lineitem","Alias": "lineitem","Startup Cost": 0.00,"Total Cost": 146259.83,"Plan Rows": 7132,"Plan Width": 15,"Actual Startup Time": 0.062,"Actual Total Time": 343.096,"Actual Rows": 6182,"Actual Loops": 5,"Filter": "((l_shipmode = ANY ('{\"REG AIR\",TRUCK}'::bpchar[])) AND (l_commitdate < l_receiptdate) AND (l_shipdate < l_commitdate) AND (l_receiptdate >= '1994-01-01'::date) AND (l_receiptdate < '1995-01-01 00:00:00'::timestamp without time zone))","Rows Removed by Filter": 1194061,"Workers": []},{"Node Type": "Index Scan","Parent Relationship": "Inner","Parallel Aware": false,"Async Capable": false,"Scan Direction": "Forward","Index Name": "orders_pkey","Relation Name": "orders","Alias": "orders","Startup Cost": 0.43,"Total Cost": 3.61,"Plan Rows": 1,"Plan Width": 20,"Actual Startup Time": 0.005,"Actual Total Time": 0.005,"Actual Rows": 1,"Actual Loops": 30912,"Index Cond": "(o_orderkey = lineitem.l_orderkey)","Rows Removed by Index Recheck": 0,"Workers": []}]}]}]}]}]},"Planning Time": 5.219,"Triggers": [],"Execution Time": 423.885}]
[{"Plan": {"Node Type": "Aggregate","Strategy": "Sorted","Partial Mode": "Finalize","Parallel Aware": false,"Async Capable": false,"Startup Cost": 173588.01,"Total Cost": 173735.58,"Plan Rows": 7,"Plan Width": 27,"Actual Startup Time": 407.195,"Actual Total Time": 441.033,"Actual Rows": 2,"Actual Loops": 1,"Group Key": ["lineitem.l_shipmode"],"Plans": [{"Node Type": "Gather Merge","Parent Relationship": "Outer","Parallel Aware": false,"Async Capable": false,"Startup Cost": 173588.01,"Total Cost": 173735.30,"Plan Rows": 28,"Plan Width": 27,"Actual Startup Time": 406.382,"Actual Total Time": 440.991,"Actual Rows": 10,"Actual Loops": 1,"Workers Planned": 4,"Workers Launched": 4,"Plans": [{"Node Type": "Aggregate","Strategy": "Sorted","Partial Mode": "Partial","Parent Relationship": "Outer","Parallel Aware": false,"Async Capable": false,"Startup Cost": 172587.95,"Total Cost": 172731.90,"Plan Rows": 7,"Plan Width": 27,"Actual Startup Time": 397.236,"Actual Total Time": 398.009,"Actual Rows": 2,"Actual Loops": 5,"Group Key": ["lineitem.l_shipmode"],"Workers": [],"Plans": [{"Node Type": "Sort","Parent Relationship": "Outer","Parallel Aware": false,"Async Capable": false,"Startup Cost": 172587.95,"Total Cost": 172605.94,"Plan Rows": 7194,"Plan Width": 27,"Actual Startup Time": 396.464,"Actual Total Time": 396.746,"Actual Rows": 6236,"Actual Loops": 5,"Sort Key": ["lineitem.l_shipmode"],"Sort Method": "quicksort","Sort Space Used": 625,"Sort Space Type": "Memory","Workers": [{"Worker Number": 0,"Sort Method": "quicksort","Sort Space Used": 636,"Sort Space Type": "Memory"},{"Worker Number": 1,"Sort Method": "quicksort","Sort Space Used": 623,"Sort Space Type": "Memory"},{"Worker Number": 2,"Sort Method": "quicksort","Sort Space Used": 632,"Sort Space Type": "Memory"},{"Worker Number": 3,"Sort Method": "quicksort","Sort Space Used": 639,"Sort Space Type": "Memory"}],"Plans": [{"Node Type": "Nested Loop","Parent Relationship": "Outer","Parallel Aware": false,"Async Capable": false,"Join Type": "Inner","Startup Cost": 0.43,"Total Cost": 172127.08,"Plan Rows": 7194,"Plan Width": 27,"Actual Startup Time": 0.427,"Actual Total Time": 393.491,"Actual Rows": 6236,"Actual Loops": 5,"Inner Unique": true,"Workers": [],"Plans": [{"Node Type": "Seq Scan","Parent Relationship": "Outer","Parallel Aware": true,"Async Capable": false,"Relation Name": "lineitem","Alias": "lineitem","Startup Cost": 0.00,"Total Cost": 146259.83,"Plan Rows": 7194,"Plan Width": 15,"Actual Startup Time": 0.293,"Actual Total Time": 357.290,"Actual Rows": 6236,"Actual Loops": 5,"Filter": "((l_shipmode = ANY ('{\"REG AIR\",RAIL}'::bpchar[])) AND (l_commitdate < l_receiptdate) AND (l_shipdate < l_commitdate) AND (l_receiptdate >= '1996-01-01'::date) AND (l_receiptdate < '1997-01-01 00:00:00'::timestamp without time zone))","Rows Removed by Filter": 1194007,"Workers": []},{"Node Type": "Index Scan","Parent Relationship": "Inner","Parallel Aware": false,"Async Capable": false,"Scan Direction": "Forward","Index Name": "orders_pkey","Relation Name": "orders","Alias": "orders","Startup Cost": 0.43,"Total Cost": 3.60,"Plan Rows": 1,"Plan Width": 20,"Actual Startup Time": 0.005,"Actual Total Time": 0.005,"Actual Rows": 1,"Actual Loops": 31179,"Index Cond": "(o_orderkey = lineitem.l_orderkey)","Rows Removed by Index Recheck": 0,"Workers": []}]}]}]}]}]},"Planning Time": 5.509,"Triggers": [],"Execution Time": 441.490}]
[{"Plan": {"Node Type": "Aggregate","Strategy": "Sorted","Partial Mode": "Finalize","Parallel Aware": false,"Async Capable": false,"Startup Cost": 173657.45,"Total Cost": 173805.66,"Plan Rows": 7,"Plan Width": 27,"Actual Startup Time": 408.493,"Actual Total Time": 443.002,"Actual Rows": 2,"Actual Loops": 1,"Group Key": ["lineitem.l_shipmode"],"Plans": [{"Node Type": "Gather Merge","Parent Relationship": "Outer","Parallel Aware": false,"Async Capable": false,"Startup Cost": 173657.45,"Total Cost": 173805.38,"Plan Rows": 28,"Plan Width": 27,"Actual Startup Time": 407.653,"Actual Total Time": 442.966,"Actual Rows": 10,"Actual Loops": 1,"Workers Planned": 4,"Workers Launched": 4,"Plans": [{"Node Type": "Aggregate","Strategy": "Sorted","Partial Mode": "Partial","Parent Relationship": "Outer","Parallel Aware": false,"Async Capable": false,"Startup Cost": 172657.40,"Total Cost": 172801.99,"Plan Rows": 7,"Plan Width": 27,"Actual Startup Time": 398.937,"Actual Total Time": 399.674,"Actual Rows": 2,"Actual Loops": 5,"Group Key": ["lineitem.l_shipmode"],"Workers": [],"Plans": [{"Node Type": "Sort","Parent Relationship": "Outer","Parallel Aware": false,"Async Capable": false,"Startup Cost": 172657.40,"Total Cost": 172675.46,"Plan Rows": 7226,"Plan Width": 27,"Actual Startup Time": 398.186,"Actual Total Time": 398.429,"Actual Rows": 6245,"Actual Loops": 5,"Sort Key": ["lineitem.l_shipmode"],"Sort Method": "quicksort","Sort Space Used": 638,"Sort Space Type": "Memory","Workers": [{"Worker Number": 0,"Sort Method": "quicksort","Sort Space Used": 636,"Sort Space Type": "Memory"},{"Worker Number": 1,"Sort Method": "quicksort","Sort Space Used": 639,"Sort Space Type": "Memory"},{"Worker Number": 2,"Sort Method": "quicksort","Sort Space Used": 609,"Sort Space Type": "Memory"},{"Worker Number": 3,"Sort Method": "quicksort","Sort Space Used": 637,"Sort Space Type": "Memory"}],"Plans": [{"Node Type": "Nested Loop","Parent Relationship": "Outer","Parallel Aware": false,"Async Capable": false,"Join Type": "Inner","Startup Cost": 0.43,"Total Cost": 172194.25,"Plan Rows": 7226,"Plan Width": 27,"Actual Startup Time": 0.300,"Actual Total Time": 395.283,"Actual Rows": 6245,"Actual Loops": 5,"Inner Unique": true,"Workers": [],"Plans": [{"Node Type": "Seq Scan","Parent Relationship": "Outer","Parallel Aware": true,"Async Capable": false,"Relation Name": "lineitem","Alias": "lineitem","Startup Cost": 0.00,"Total Cost": 146259.83,"Plan Rows": 7226,"Plan Width": 15,"Actual Startup Time": 0.167,"Actual Total Time": 359.190,"Actual Rows": 6245,"Actual Loops": 5,"Filter": "((l_shipmode = ANY ('{MAIL,AIR}'::bpchar[])) AND (l_commitdate < l_receiptdate) AND (l_shipdate < l_commitdate) AND (l_receiptdate >= '1996-01-01'::date) AND (l_receiptdate < '1997-01-01 00:00:00'::timestamp without time zone))","Rows Removed by Filter": 1193998,"Workers": []},{"Node Type": "Index Scan","Parent Relationship": "Inner","Parallel Aware": false,"Async Capable": false,"Scan Direction": "Forward","Index Name": "orders_pkey","Relation Name": "orders","Alias": "orders","Startup Cost": 0.43,"Total Cost": 3.59,"Plan Rows": 1,"Plan Width": 20,"Actual Startup Time": 0.005,"Actual Total Time": 0.005,"Actual Rows": 1,"Actual Loops": 31227,"Index Cond": "(o_orderkey = lineitem.l_orderkey)","Rows Removed by Index Recheck": 0,"Workers": []}]}]}]}]}]},"Planning Time": 4.210,"Triggers": [],"Execution Time": 443.455}]
[{"Plan": {"Node Type": "Aggregate","Strategy": "Sorted","Partial Mode": "Finalize","Parallel Aware": false,"Async Capable": false,"Startup Cost": 173754.09,"Total Cost": 173903.20,"Plan Rows": 7,"Plan Width": 27,"Actual Startup Time": 399.443,"Actual Total Time": 433.698,"Actual Rows": 2,"Actual Loops": 1,"Group Key": ["lineitem.l_shipmode"],"Plans": [{"Node Type": "Gather Merge","Parent Relationship": "Outer","Parallel Aware": false,"Async Capable": false,"Startup Cost": 173754.09,"Total Cost": 173902.92,"Plan Rows": 28,"Plan Width": 27,"Actual Startup Time": 398.536,"Actual Total Time": 433.657,"Actual Rows": 10,"Actual Loops": 1,"Workers Planned": 4,"Workers Launched": 4,"Plans": [{"Node Type": "Aggregate","Strategy": "Sorted","Partial Mode": "Partial","Parent Relationship": "Outer","Parallel Aware": false,"Async Capable": false,"Startup Cost": 172754.03,"Total Cost": 172899.52,"Plan Rows": 7,"Plan Width": 27,"Actual Startup Time": 390.636,"Actual Total Time": 391.380,"Actual Rows": 2,"Actual Loops": 5,"Group Key": ["lineitem.l_shipmode"],"Workers": [],"Plans": [{"Node Type": "Sort","Parent Relationship": "Outer","Parallel Aware": false,"Async Capable": false,"Startup Cost": 172754.03,"Total Cost": 172772.21,"Plan Rows": 7271,"Plan Width": 27,"Actual Startup Time": 389.877,"Actual Total Time": 390.129,"Actual Rows": 6253,"Actual Loops": 5,"Sort Key": ["lineitem.l_shipmode"],"Sort Method": "quicksort","Sort Space Used": 633,"Sort Space Type": "Memory","Workers": [{"Worker Number": 0,"Sort Method": "quicksort","Sort Space Used": 634,"Sort Space Type": "Memory"},{"Worker Number": 1,"Sort Method": "quicksort","Sort Space Used": 638,"Sort Space Type": "Memory"},{"Worker Number": 2,"Sort Method": "quicksort","Sort Space Used": 620,"Sort Space Type": "Memory"},{"Worker Number": 3,"Sort Method": "quicksort","Sort Space Used": 636,"Sort Space Type": "Memory"}],"Plans": [{"Node Type": "Nested Loop","Parent Relationship": "Outer","Parallel Aware": false,"Async Capable": false,"Join Type": "Inner","Startup Cost": 0.43,"Total Cost": 172287.67,"Plan Rows": 7271,"Plan Width": 27,"Actual Startup Time": 0.458,"Actual Total Time": 386.994,"Actual Rows": 6253,"Actual Loops": 5,"Inner Unique": true,"Workers": [],"Plans": [{"Node Type": "Seq Scan","Parent Relationship": "Outer","Parallel Aware": true,"Async Capable": false,"Relation Name": "lineitem","Alias": "lineitem","Startup Cost": 0.00,"Total Cost": 146259.83,"Plan Rows": 7271,"Plan Width": 15,"Actual Startup Time": 0.358,"Actual Total Time": 351.433,"Actual Rows": 6253,"Actual Loops": 5,"Filter": "((l_shipmode = ANY ('{MAIL,TRUCK}'::bpchar[])) AND (l_commitdate < l_receiptdate) AND (l_shipdate < l_commitdate) AND (l_receiptdate >= '1996-01-01'::date) AND (l_receiptdate < '1997-01-01 00:00:00'::timestamp without time zone))","Rows Removed by Filter": 1193990,"Workers": []},{"Node Type": "Index Scan","Parent Relationship": "Inner","Parallel Aware": false,"Async Capable": false,"Scan Direction": "Forward","Index Name": "orders_pkey","Relation Name": "orders","Alias": "orders","Startup Cost": 0.43,"Total Cost": 3.58,"Plan Rows": 1,"Plan Width": 20,"Actual Startup Time": 0.005,"Actual Total Time": 0.005,"Actual Rows": 1,"Actual Loops": 31264,"Index Cond": "(o_orderkey = lineitem.l_orderkey)","Rows Removed by Index Recheck": 0,"Workers": []}]}]}]}]}]},"Planning Time": 4.446,"Triggers": [],"Execution Time": 434.249}]
[{"Plan": {"Node Type": "Aggregate","Strategy": "Sorted","Partial Mode": "Finalize","Parallel Aware": false,"Async Capable": false,"Startup Cost": 174191.45,"Total Cost": 174344.61,"Plan Rows": 7,"Plan Width": 27,"Actual Startup Time": 409.329,"Actual Total Time": 443.120,"Actual Rows": 2,"Actual Loops": 1,"Group Key": ["lineitem.l_shipmode"],"Plans": [{"Node Type": "Gather Merge","Parent Relationship": "Outer","Parallel Aware": false,"Async Capable": false,"Startup Cost": 174191.45,"Total Cost": 174344.33,"Plan Rows": 28,"Plan Width": 27,"Actual Startup Time": 408.442,"Actual Total Time": 443.073,"Actual Rows": 10,"Actual Loops": 1,"Workers Planned": 4,"Workers Launched": 4,"Plans": [{"Node Type": "Aggregate","Strategy": "Sorted","Partial Mode": "Partial","Parent Relationship": "Outer","Parallel Aware": false,"Async Capable": false,"Startup Cost": 173191.39,"Total Cost": 173340.94,"Plan Rows": 7,"Plan Width": 27,"Actual Startup Time": 399.343,"Actual Total Time": 400.083,"Actual Rows": 2,"Actual Loops": 5,"Group Key": ["lineitem.l_shipmode"],"Workers": [],"Plans": [{"Node Type": "Sort","Parent Relationship": "Outer","Parallel Aware": false,"Async Capable": false,"Startup Cost": 173191.39,"Total Cost": 173210.07,"Plan Rows": 7474,"Plan Width": 27,"Actual Startup Time": 398.583,"Actual Total Time": 398.829,"Actual Rows": 6287,"Actual Loops": 5,"Sort Key": ["lineitem.l_shipmode"],"Sort Method": "quicksort","Sort Space Used": 643,"Sort Space Type": "Memory","Workers": [{"Worker Number": 0,"Sort Method": "quicksort","Sort Space Used": 644,"Sort Space Type": "Memory"},{"Worker Number": 1,"Sort Method": "quicksort","Sort Space Used": 636,"Sort Space Type": "Memory"},{"Worker Number": 2,"Sort Method": "quicksort","Sort Space Used": 644,"Sort Space Type": "Memory"},{"Worker Number": 3,"Sort Method": "quicksort","Sort Space Used": 605,"Sort Space Type": "Memory"}],"Plans": [{"Node Type": "Nested Loop","Parent Relationship": "Outer","Parallel Aware": false,"Async Capable": false,"Join Type": "Inner","Startup Cost": 0.43,"Total Cost": 172710.52,"Plan Rows": 7474,"Plan Width": 27,"Actual Startup Time": 0.406,"Actual Total Time": 395.633,"Actual Rows": 6287,"Actual Loops": 5,"Inner Unique": true,"Workers": [],"Plans": [{"Node Type": "Seq Scan","Parent Relationship": "Outer","Parallel Aware": true,"Async Capable": false,"Relation Name": "lineitem","Alias": "lineitem","Startup Cost": 0.00,"Total Cost": 146259.83,"Plan Rows": 7474,"Plan Width": 15,"Actual Startup Time": 0.281,"Actual Total Time": 359.170,"Actual Rows": 6287,"Actual Loops": 5,"Filter": "((l_shipmode = ANY ('{FOB,TRUCK}'::bpchar[])) AND (l_commitdate < l_receiptdate) AND (l_shipdate < l_commitdate) AND (l_receiptdate >= '1995-01-01'::date) AND (l_receiptdate < '1996-01-01 00:00:00'::timestamp without time zone))","Rows Removed by Filter": 1193956,"Workers": []},{"Node Type": "Index Scan","Parent Relationship": "Inner","Parallel Aware": false,"Async Capable": false,"Scan Direction": "Forward","Index Name": "orders_pkey","Relation Name": "orders","Alias": "orders","Startup Cost": 0.43,"Total Cost": 3.54,"Plan Rows": 1,"Plan Width": 20,"Actual Startup Time": 0.005,"Actual Total Time": 0.005,"Actual Rows": 1,"Actual Loops": 31436,"Index Cond": "(o_orderkey = lineitem.l_orderkey)","Rows Removed by Index Recheck": 0,"Workers": []}]}]}]}]}]},"Planning Time": 4.903,"Triggers": [],"Execution Time": 443.842}]
[{"Plan": {"Node Type": "Aggregate","Strategy": "Sorted","Partial Mode": "Finalize","Parallel Aware": false,"Async Capable": false,"Startup Cost": 173641.11,"Total Cost": 173789.17,"Plan Rows": 7,"Plan Width": 27,"Actual Startup Time": 403.807,"Actual Total Time": 437.860,"Actual Rows": 2,"Actual Loops": 1,"Group Key": ["lineitem.l_shipmode"],"Plans": [{"Node Type": "Gather Merge","Parent Relationship": "Outer","Parallel Aware": false,"Async Capable": false,"Startup Cost": 173641.11,"Total Cost": 173788.89,"Plan Rows": 28,"Plan Width": 27,"Actual Startup Time": 402.974,"Actual Total Time": 437.814,"Actual Rows": 10,"Actual Loops": 1,"Workers Planned": 4,"Workers Launched": 4,"Plans": [{"Node Type": "Aggregate","Strategy": "Sorted","Partial Mode": "Partial","Parent Relationship": "Outer","Parallel Aware": false,"Async Capable": false,"Startup Cost": 172641.05,"Total Cost": 172785.50,"Plan Rows": 7,"Plan Width": 27,"Actual Startup Time": 394.656,"Actual Total Time": 395.401,"Actual Rows": 2,"Actual Loops": 5,"Group Key": ["lineitem.l_shipmode"],"Workers": [],"Plans": [{"Node Type": "Sort","Parent Relationship": "Outer","Parallel Aware": false,"Async Capable": false,"Startup Cost": 172641.05,"Total Cost": 172659.10,"Plan Rows": 7219,"Plan Width": 27,"Actual Startup Time": 393.911,"Actual Total Time": 394.151,"Actual Rows": 6255,"Actual Loops": 5,"Sort Key": ["lineitem.l_shipmode"],"Sort Method": "quicksort","Sort Space Used": 627,"Sort Space Type": "Memory","Workers": [{"Worker Number": 0,"Sort Method": "quicksort","Sort Space Used": 640,"Sort Space Type": "Memory"},{"Worker Number": 1,"Sort Method": "quicksort","Sort Space Used": 620,"Sort Space Type": "Memory"},{"Worker Number": 2,"Sort Method": "quicksort","Sort Space Used": 643,"Sort Space Type": "Memory"},{"Worker Number": 3,"Sort Method": "quicksort","Sort Space Used": 631,"Sort Space Type": "Memory"}],"Plans": [{"Node Type": "Nested Loop","Parent Relationship": "Outer","Parallel Aware": false,"Async Capable": false,"Join Type": "Inner","Startup Cost": 0.43,"Total Cost": 172178.40,"Plan Rows": 7219,"Plan Width": 27,"Actual Startup Time": 0.362,"Actual Total Time": 391.019,"Actual Rows": 6255,"Actual Loops": 5,"Inner Unique": true,"Workers": [],"Plans": [{"Node Type": "Seq Scan","Parent Relationship": "Outer","Parallel Aware": true,"Async Capable": false,"Relation Name": "lineitem","Alias": "lineitem","Startup Cost": 0.00,"Total Cost": 146259.83,"Plan Rows": 7219,"Plan Width": 15,"Actual Startup Time": 0.264,"Actual Total Time": 355.592,"Actual Rows": 6255,"Actual Loops": 5,"Filter": "((l_shipmode = ANY ('{AIR,MAIL}'::bpchar[])) AND (l_commitdate < l_receiptdate) AND (l_shipdate < l_commitdate) AND (l_receiptdate >= '1997-01-01'::date) AND (l_receiptdate < '1998-01-01 00:00:00'::timestamp without time zone))","Rows Removed by Filter": 1193988,"Workers": []},{"Node Type": "Index Scan","Parent Relationship": "Inner","Parallel Aware": false,"Async Capable": false,"Scan Direction": "Forward","Index Name": "orders_pkey","Relation Name": "orders","Alias": "orders","Startup Cost": 0.43,"Total Cost": 3.59,"Plan Rows": 1,"Plan Width": 20,"Actual Startup Time": 0.005,"Actual Total Time": 0.005,"Actual Rows": 1,"Actual Loops": 31276,"Index Cond": "(o_orderkey = lineitem.l_orderkey)","Rows Removed by Index Recheck": 0,"Workers": []}]}]}]}]}]},"Planning Time": 5.366,"Triggers": [],"Execution Time": 438.371}]
[{"Plan": {"Node Type": "Aggregate","Strategy": "Sorted","Partial Mode": "Finalize","Parallel Aware": false,"Async Capable": false,"Startup Cost": 173569.56,"Total Cost": 173716.96,"Plan Rows": 7,"Plan Width": 27,"Actual Startup Time": 401.530,"Actual Total Time": 434.343,"Actual Rows": 2,"Actual Loops": 1,"Group Key": ["lineitem.l_shipmode"],"Plans": [{"Node Type": "Gather Merge","Parent Relationship": "Outer","Parallel Aware": false,"Async Capable": false,"Startup Cost": 173569.56,"Total Cost": 173716.68,"Plan Rows": 28,"Plan Width": 27,"Actual Startup Time": 400.709,"Actual Total Time": 434.287,"Actual Rows": 10,"Actual Loops": 1,"Workers Planned": 4,"Workers Launched": 4,"Plans": [{"Node Type": "Aggregate","Strategy": "Sorted","Partial Mode": "Partial","Parent Relationship": "Outer","Parallel Aware": false,"Async Capable": false,"Startup Cost": 172569.50,"Total Cost": 172713.29,"Plan Rows": 7,"Plan Width": 27,"Actual Startup Time": 392.548,"Actual Total Time": 393.282,"Actual Rows": 2,"Actual Loops": 5,"Group Key": ["lineitem.l_shipmode"],"Workers": [],"Plans": [{"Node Type": "Sort","Parent Relationship": "Outer","Parallel Aware": false,"Async Capable": false,"Startup Cost": 172569.50,"Total Cost": 172587.46,"Plan Rows": 7186,"Plan Width": 27,"Actual Startup Time": 391.791,"Actual Total Time": 392.032,"Actual Rows": 6263,"Actual Loops": 5,"Sort Key": ["lineitem.l_shipmode"],"Sort Method": "quicksort","Sort Space Used": 640,"Sort Space Type": "Memory","Workers": [{"Worker Number": 0,"Sort Method": "quicksort","Sort Space Used": 635,"Sort Space Type": "Memory"},{"Worker Number": 1,"Sort Method": "quicksort","Sort Space Used": 631,"Sort Space Type": "Memory"},{"Worker Number": 2,"Sort Method": "quicksort","Sort Space Used": 632,"Sort Space Type": "Memory"},{"Worker Number": 3,"Sort Method": "quicksort","Sort Space Used": 626,"Sort Space Type": "Memory"}],"Plans": [{"Node Type": "Nested Loop","Parent Relationship": "Outer","Parallel Aware": false,"Async Capable": false,"Join Type": "Inner","Startup Cost": 0.43,"Total Cost": 172109.20,"Plan Rows": 7186,"Plan Width": 27,"Actual Startup Time": 0.353,"Actual Total Time": 388.904,"Actual Rows": 6263,"Actual Loops": 5,"Inner Unique": true,"Workers": [],"Plans": [{"Node Type": "Seq Scan","Parent Relationship": "Outer","Parallel Aware": true,"Async Capable": false,"Relation Name": "lineitem","Alias": "lineitem","Startup Cost": 0.00,"Total Cost": 146259.83,"Plan Rows": 7186,"Plan Width": 15,"Actual Startup Time": 0.230,"Actual Total Time": 353.450,"Actual Rows": 6263,"Actual Loops": 5,"Filter": "((l_shipmode = ANY ('{RAIL,SHIP}'::bpchar[])) AND (l_commitdate < l_receiptdate) AND (l_shipdate < l_commitdate) AND (l_receiptdate >= '1997-01-01'::date) AND (l_receiptdate < '1998-01-01 00:00:00'::timestamp without time zone))","Rows Removed by Filter": 1193980,"Workers": []},{"Node Type": "Index Scan","Parent Relationship": "Inner","Parallel Aware": false,"Async Capable": false,"Scan Direction": "Forward","Index Name": "orders_pkey","Relation Name": "orders","Alias": "orders","Startup Cost": 0.43,"Total Cost": 3.60,"Plan Rows": 1,"Plan Width": 20,"Actual Startup Time": 0.005,"Actual Total Time": 0.005,"Actual Rows": 1,"Actual Loops": 31317,"Index Cond": "(o_orderkey = lineitem.l_orderkey)","Rows Removed by Index Recheck": 0,"Workers": []}]}]}]}]}]},"Planning Time": 5.442,"Triggers": [],"Execution Time": 434.735}]
[{"Plan": {"Node Type": "Aggregate","Strategy": "Sorted","Partial Mode": "Finalize","Parallel Aware": false,"Async Capable": false,"Startup Cost": 173834.97,"Total Cost": 173984.82,"Plan Rows": 7,"Plan Width": 27,"Actual Startup Time": 395.020,"Actual Total Time": 429.885,"Actual Rows": 2,"Actual Loops": 1,"Group Key": ["lineitem.l_shipmode"],"Plans": [{"Node Type": "Gather Merge","Parent Relationship": "Outer","Parallel Aware": false,"Async Capable": false,"Startup Cost": 173834.97,"Total Cost": 173984.54,"Plan Rows": 28,"Plan Width": 27,"Actual Startup Time": 394.249,"Actual Total Time": 429.849,"Actual Rows": 10,"Actual Loops": 1,"Workers Planned": 4,"Workers Launched": 4,"Plans": [{"Node Type": "Aggregate","Strategy": "Sorted","Partial Mode": "Partial","Parent Relationship": "Outer","Parallel Aware": false,"Async Capable": false,"Startup Cost": 172834.92,"Total Cost": 172981.15,"Plan Rows": 7,"Plan Width": 27,"Actual Startup Time": 386.001,"Actual Total Time": 386.712,"Actual Rows": 2,"Actual Loops": 5,"Group Key": ["lineitem.l_shipmode"],"Workers": [],"Plans": [{"Node Type": "Sort","Parent Relationship": "Outer","Parallel Aware": false,"Async Capable": false,"Startup Cost": 172834.92,"Total Cost": 172853.19,"Plan Rows": 7308,"Plan Width": 27,"Actual Startup Time": 385.249,"Actual Total Time": 385.483,"Actual Rows": 6212,"Actual Loops": 5,"Sort Key": ["lineitem.l_shipmode"],"Sort Method": "quicksort","Sort Space Used": 625,"Sort Space Type": "Memory","Workers": [{"Worker Number": 0,"Sort Method": "quicksort","Sort Space Used": 636,"Sort Space Type": "Memory"},{"Worker Number": 1,"Sort Method": "quicksort","Sort Space Used": 629,"Sort Space Type": "Memory"},{"Worker Number": 2,"Sort Method": "quicksort","Sort Space Used": 629,"Sort Space Type": "Memory"},{"Worker Number": 3,"Sort Method": "quicksort","Sort Space Used": 627,"Sort Space Type": "Memory"}],"Plans": [{"Node Type": "Nested Loop","Parent Relationship": "Outer","Parallel Aware": false,"Async Capable": false,"Join Type": "Inner","Startup Cost": 0.43,"Total Cost": 172365.92,"Plan Rows": 7308,"Plan Width": 27,"Actual Startup Time": 0.336,"Actual Total Time": 382.399,"Actual Rows": 6212,"Actual Loops": 5,"Inner Unique": true,"Workers": [],"Plans": [{"Node Type": "Seq Scan","Parent Relationship": "Outer","Parallel Aware": true,"Async Capable": false,"Relation Name": "lineitem","Alias": "lineitem","Startup Cost": 0.00,"Total Cost": 146259.83,"Plan Rows": 7308,"Plan Width": 15,"Actual Startup Time": 0.248,"Actual Total Time": 347.321,"Actual Rows": 6212,"Actual Loops": 5,"Filter": "((l_shipmode = ANY ('{MAIL,\"REG AIR\"}'::bpchar[])) AND (l_commitdate < l_receiptdate) AND (l_shipdate < l_commitdate) AND (l_receiptdate >= '1993-01-01'::date) AND (l_receiptdate < '1994-01-01 00:00:00'::timestamp without time zone))","Rows Removed by Filter": 1194031,"Workers": []},{"Node Type": "Index Scan","Parent Relationship": "Inner","Parallel Aware": false,"Async Capable": false,"Scan Direction": "Forward","Index Name": "orders_pkey","Relation Name": "orders","Alias": "orders","Startup Cost": 0.43,"Total Cost": 3.57,"Plan Rows": 1,"Plan Width": 20,"Actual Startup Time": 0.005,"Actual Total Time": 0.005,"Actual Rows": 1,"Actual Loops": 31060,"Index Cond": "(o_orderkey = lineitem.l_orderkey)","Rows Removed by Index Recheck": 0,"Workers": []}]}]}]}]}]},"Planning Time": 5.566,"Triggers": [],"Execution Time": 430.446}]
[{"Plan": {"Node Type": "Aggregate","Strategy": "Sorted","Partial Mode": "Finalize","Parallel Aware": false,"Async Capable": false,"Startup Cost": 173743.69,"Total Cost": 173892.69,"Plan Rows": 7,"Plan Width": 27,"Actual Startup Time": 396.213,"Actual Total Time": 429.434,"Actual Rows": 2,"Actual Loops": 1,"Group Key": ["lineitem.l_shipmode"],"Plans": [{"Node Type": "Gather Merge","Parent Relationship": "Outer","Parallel Aware": false,"Async Capable": false,"Startup Cost": 173743.69,"Total Cost": 173892.41,"Plan Rows": 28,"Plan Width": 27,"Actual Startup Time": 395.350,"Actual Total Time": 429.396,"Actual Rows": 10,"Actual Loops": 1,"Workers Planned": 4,"Workers Launched": 4,"Plans": [{"Node Type": "Aggregate","Strategy": "Sorted","Partial Mode": "Partial","Parent Relationship": "Outer","Parallel Aware": false,"Async Capable": false,"Startup Cost": 172743.63,"Total Cost": 172889.02,"Plan Rows": 7,"Plan Width": 27,"Actual Startup Time": 387.547,"Actual Total Time": 388.297,"Actual Rows": 2,"Actual Loops": 5,"Group Key": ["lineitem.l_shipmode"],"Workers": [],"Plans": [{"Node Type": "Sort","Parent Relationship": "Outer","Parallel Aware": false,"Async Capable": false,"Startup Cost": 172743.63,"Total Cost": 172761.79,"Plan Rows": 7266,"Plan Width": 27,"Actual Startup Time": 386.772,"Actual Total Time": 387.030,"Actual Rows": 6262,"Actual Loops": 5,"Sort Key": ["lineitem.l_shipmode"],"Sort Method": "quicksort","Sort Space Used": 625,"Sort Space Type": "Memory","Workers": [{"Worker Number": 0,"Sort Method": "quicksort","Sort Space Used": 640,"Sort Space Type": "Memory"},{"Worker Number": 1,"Sort Method": "quicksort","Sort Space Used": 634,"Sort Space Type": "Memory"},{"Worker Number": 2,"Sort Method": "quicksort","Sort Space Used": 627,"Sort Space Type": "Memory"},{"Worker Number": 3,"Sort Method": "quicksort","Sort Space Used": 638,"Sort Space Type": "Memory"}],"Plans": [{"Node Type": "Nested Loop","Parent Relationship": "Outer","Parallel Aware": false,"Async Capable": false,"Join Type": "Inner","Startup Cost": 0.43,"Total Cost": 172277.63,"Plan Rows": 7266,"Plan Width": 27,"Actual Startup Time": 0.231,"Actual Total Time": 383.940,"Actual Rows": 6262,"Actual Loops": 5,"Inner Unique": true,"Workers": [],"Plans": [{"Node Type": "Seq Scan","Parent Relationship": "Outer","Parallel Aware": true,"Async Capable": false,"Relation Name": "lineitem","Alias": "lineitem","Startup Cost": 0.00,"Total Cost": 146259.83,"Plan Rows": 7266,"Plan Width": 15,"Actual Startup Time": 0.116,"Actual Total Time": 349.098,"Actual Rows": 6262,"Actual Loops": 5,"Filter": "((l_shipmode = ANY ('{FOB,RAIL}'::bpchar[])) AND (l_commitdate < l_receiptdate) AND (l_shipdate < l_commitdate) AND (l_receiptdate >= '1996-01-01'::date) AND (l_receiptdate < '1997-01-01 00:00:00'::timestamp without time zone))","Rows Removed by Filter": 1193981,"Workers": []},{"Node Type": "Index Scan","Parent Relationship": "Inner","Parallel Aware": false,"Async Capable": false,"Scan Direction": "Forward","Index Name": "orders_pkey","Relation Name": "orders","Alias": "orders","Startup Cost": 0.43,"Total Cost": 3.58,"Plan Rows": 1,"Plan Width": 20,"Actual Startup Time": 0.005,"Actual Total Time": 0.005,"Actual Rows": 1,"Actual Loops": 31309,"Index Cond": "(o_orderkey = lineitem.l_orderkey)","Rows Removed by Index Recheck": 0,"Workers": []}]}]}]}]}]},"Planning Time": 4.120,"Triggers": [],"Execution Time": 429.878}]
[{"Plan": {"Node Type": "Aggregate","Strategy": "Sorted","Partial Mode": "Finalize","Parallel Aware": false,"Async Capable": false,"Startup Cost": 173859.68,"Total Cost": 174009.77,"Plan Rows": 7,"Plan Width": 27,"Actual Startup Time": 395.905,"Actual Total Time": 428.815,"Actual Rows": 2,"Actual Loops": 1,"Group Key": ["lineitem.l_shipmode"],"Plans": [{"Node Type": "Gather Merge","Parent Relationship": "Outer","Parallel Aware": false,"Async Capable": false,"Startup Cost": 173859.68,"Total Cost": 174009.49,"Plan Rows": 28,"Plan Width": 27,"Actual Startup Time": 395.020,"Actual Total Time": 428.769,"Actual Rows": 10,"Actual Loops": 1,"Workers Planned": 4,"Workers Launched": 4,"Plans": [{"Node Type": "Aggregate","Strategy": "Sorted","Partial Mode": "Partial","Parent Relationship": "Outer","Parallel Aware": false,"Async Capable": false,"Startup Cost": 172859.63,"Total Cost": 173006.10,"Plan Rows": 7,"Plan Width": 27,"Actual Startup Time": 386.981,"Actual Total Time": 387.704,"Actual Rows": 2,"Actual Loops": 5,"Group Key": ["lineitem.l_shipmode"],"Workers": [],"Plans": [{"Node Type": "Sort","Parent Relationship": "Outer","Parallel Aware": false,"Async Capable": false,"Startup Cost": 172859.63,"Total Cost": 172877.93,"Plan Rows": 7320,"Plan Width": 27,"Actual Startup Time": 386.240,"Actual Total Time": 386.489,"Actual Rows": 6205,"Actual Loops": 5,"Sort Key": ["lineitem.l_shipmode"],"Sort Method": "quicksort","Sort Space Used": 628,"Sort Space Type": "Memory","Workers": [{"Worker Number": 0,"Sort Method": "quicksort","Sort Space Used": 630,"Sort Space Type": "Memory"},{"Worker Number": 1,"Sort Method": "quicksort","Sort Space Used": 639,"Sort Space Type": "Memory"},{"Worker Number": 2,"Sort Method": "quicksort","Sort Space Used": 634,"Sort Space Type": "Memory"},{"Worker Number": 3,"Sort Method": "quicksort","Sort Space Used": 614,"Sort Space Type": "Memory"}],"Plans": [{"Node Type": "Nested Loop","Parent Relationship": "Outer","Parallel Aware": false,"Async Capable": false,"Join Type": "Inner","Startup Cost": 0.43,"Total Cost": 172389.77,"Plan Rows": 7320,"Plan Width": 27,"Actual Startup Time": 0.436,"Actual Total Time": 383.428,"Actual Rows": 6205,"Actual Loops": 5,"Inner Unique": true,"Workers": [],"Plans": [{"Node Type": "Seq Scan","Parent Relationship": "Outer","Parallel Aware": true,"Async Capable": false,"Relation Name": "lineitem","Alias": "lineitem","Startup Cost": 0.00,"Total Cost": 146259.83,"Plan Rows": 7320,"Plan Width": 15,"Actual Startup Time": 0.309,"Actual Total Time": 348.573,"Actual Rows": 6205,"Actual Loops": 5,"Filter": "((l_shipmode = ANY ('{FOB,\"REG AIR\"}'::bpchar[])) AND (l_commitdate < l_receiptdate) AND (l_shipdate < l_commitdate) AND (l_receiptdate >= '1993-01-01'::date) AND (l_receiptdate < '1994-01-01 00:00:00'::timestamp without time zone))","Rows Removed by Filter": 1194038,"Workers": []},{"Node Type": "Index Scan","Parent Relationship": "Inner","Parallel Aware": false,"Async Capable": false,"Scan Direction": "Forward","Index Name": "orders_pkey","Relation Name": "orders","Alias": "orders","Startup Cost": 0.43,"Total Cost": 3.57,"Plan Rows": 1,"Plan Width": 20,"Actual Startup Time": 0.005,"Actual Total Time": 0.005,"Actual Rows": 1,"Actual Loops": 31024,"Index Cond": "(o_orderkey = lineitem.l_orderkey)","Rows Removed by Index Recheck": 0,"Workers": []}]}]}]}]}]},"Planning Time": 4.170,"Triggers": [],"Execution Time": 429.191}]
[{"Plan": {"Node Type": "Aggregate","Strategy": "Sorted","Partial Mode": "Finalize","Parallel Aware": false,"Async Capable": false,"Startup Cost": 173497.14,"Total Cost": 173643.88,"Plan Rows": 7,"Plan Width": 27,"Actual Startup Time": 408.501,"Actual Total Time": 441.910,"Actual Rows": 2,"Actual Loops": 1,"Group Key": ["lineitem.l_shipmode"],"Plans": [{"Node Type": "Gather Merge","Parent Relationship": "Outer","Parallel Aware": false,"Async Capable": false,"Startup Cost": 173497.14,"Total Cost": 173643.60,"Plan Rows": 28,"Plan Width": 27,"Actual Startup Time": 407.650,"Actual Total Time": 441.877,"Actual Rows": 10,"Actual Loops": 1,"Workers Planned": 4,"Workers Launched": 4,"Plans": [{"Node Type": "Aggregate","Strategy": "Sorted","Partial Mode": "Partial","Parent Relationship": "Outer","Parallel Aware": false,"Async Capable": false,"Startup Cost": 172497.08,"Total Cost": 172640.21,"Plan Rows": 7,"Plan Width": 27,"Actual Startup Time": 399.237,"Actual Total Time": 399.959,"Actual Rows": 2,"Actual Loops": 5,"Group Key": ["lineitem.l_shipmode"],"Workers": [],"Plans": [{"Node Type": "Sort","Parent Relationship": "Outer","Parallel Aware": false,"Async Capable": false,"Startup Cost": 172497.08,"Total Cost": 172514.96,"Plan Rows": 7153,"Plan Width": 27,"Actual Startup Time": 398.488,"Actual Total Time": 398.738,"Actual Rows": 6195,"Actual Loops": 5,"Sort Key": ["lineitem.l_shipmode"],"Sort Method": "quicksort","Sort Space Used": 635,"Sort Space Type": "Memory","Workers": [{"Worker Number": 0,"Sort Method": "quicksort","Sort Space Used": 604,"Sort Space Type": "Memory"},{"Worker Number": 1,"Sort Method": "quicksort","Sort Space Used": 637,"Sort Space Type": "Memory"},{"Worker Number": 2,"Sort Method": "quicksort","Sort Space Used": 633,"Sort Space Type": "Memory"},{"Worker Number": 3,"Sort Method": "quicksort","Sort Space Used": 631,"Sort Space Type": "Memory"}],"Plans": [{"Node Type": "Nested Loop","Parent Relationship": "Outer","Parallel Aware": false,"Async Capable": false,"Join Type": "Inner","Startup Cost": 0.43,"Total Cost": 172039.13,"Plan Rows": 7153,"Plan Width": 27,"Actual Startup Time": 0.245,"Actual Total Time": 395.558,"Actual Rows": 6195,"Actual Loops": 5,"Inner Unique": true,"Workers": [],"Plans": [{"Node Type": "Seq Scan","Parent Relationship": "Outer","Parallel Aware": true,"Async Capable": false,"Relation Name": "lineitem","Alias": "lineitem","Startup Cost": 0.00,"Total Cost": 146259.83,"Plan Rows": 7153,"Plan Width": 15,"Actual Startup Time": 0.123,"Actual Total Time": 359.418,"Actual Rows": 6195,"Actual Loops": 5,"Filter": "((l_shipmode = ANY ('{\"REG AIR\",FOB}'::bpchar[])) AND (l_commitdate < l_receiptdate) AND (l_shipdate < l_commitdate) AND (l_receiptdate >= '1994-01-01'::date) AND (l_receiptdate < '1995-01-01 00:00:00'::timestamp without time zone))","Rows Removed by Filter": 1194048,"Workers": []},{"Node Type": "Index Scan","Parent Relationship": "Inner","Parallel Aware": false,"Async Capable": false,"Scan Direction": "Forward","Index Name": "orders_pkey","Relation Name": "orders","Alias": "orders","Startup Cost": 0.43,"Total Cost": 3.60,"Plan Rows": 1,"Plan Width": 20,"Actual Startup Time": 0.005,"Actual Total Time": 0.005,"Actual Rows": 1,"Actual Loops": 30976,"Index Cond": "(o_orderkey = lineitem.l_orderkey)","Rows Removed by Index Recheck": 0,"Workers": []}]}]}]}]}]},"Planning Time": 4.987,"Triggers": [],"Execution Time": 442.600}]
[{"Plan": {"Node Type": "Aggregate","Strategy": "Sorted","Partial Mode": "Finalize","Parallel Aware": false,"Async Capable": false,"Startup Cost": 173861.35,"Total Cost": 174011.44,"Plan Rows": 7,"Plan Width": 27,"Actual Startup Time": 401.869,"Actual Total Time": 436.691,"Actual Rows": 2,"Actual Loops": 1,"Group Key": ["lineitem.l_shipmode"],"Plans": [{"Node Type": "Gather Merge","Parent Relationship": "Outer","Parallel Aware": false,"Async Capable": false,"Startup Cost": 173861.35,"Total Cost": 174011.16,"Plan Rows": 28,"Plan Width": 27,"Actual Startup Time": 401.034,"Actual Total Time": 436.659,"Actual Rows": 10,"Actual Loops": 1,"Workers Planned": 4,"Workers Launched": 4,"Plans": [{"Node Type": "Aggregate","Strategy": "Sorted","Partial Mode": "Partial","Parent Relationship": "Outer","Parallel Aware": false,"Async Capable": false,"Startup Cost": 172861.29,"Total Cost": 173007.76,"Plan Rows": 7,"Plan Width": 27,"Actual Startup Time": 392.967,"Actual Total Time": 393.697,"Actual Rows": 2,"Actual Loops": 5,"Group Key": ["lineitem.l_shipmode"],"Workers": [],"Plans": [{"Node Type": "Sort","Parent Relationship": "Outer","Parallel Aware": false,"Async Capable": false,"Startup Cost": 172861.29,"Total Cost": 172879.59,"Plan Rows": 7320,"Plan Width": 27,"Actual Startup Time": 392.229,"Actual Total Time": 392.468,"Actual Rows": 6227,"Actual Loops": 5,"Sort Key": ["lineitem.l_shipmode"],"Sort Method": "quicksort","Sort Space Used": 646,"Sort Space Type": "Memory","Workers": [{"Worker Number": 0,"Sort Method": "quicksort","Sort Space Used": 630,"Sort Space Type": "Memory"},{"Worker Number": 1,"Sort Method": "quicksort","Sort Space Used": 620,"Sort Space Type": "Memory"},{"Worker Number": 2,"Sort Method": "quicksort","Sort Space Used": 624,"Sort Space Type": "Memory"},{"Worker Number": 3,"Sort Method": "quicksort","Sort Space Used": 632,"Sort Space Type": "Memory"}],"Plans": [{"Node Type": "Nested Loop","Parent Relationship": "Outer","Parallel Aware": false,"Async Capable": false,"Join Type": "Inner","Startup Cost": 0.43,"Total Cost": 172391.43,"Plan Rows": 7320,"Plan Width": 27,"Actual Startup Time": 0.357,"Actual Total Time": 389.272,"Actual Rows": 6227,"Actual Loops": 5,"Inner Unique": true,"Workers": [],"Plans": [{"Node Type": "Seq Scan","Parent Relationship": "Outer","Parallel Aware": true,"Async Capable": false,"Relation Name": "lineitem","Alias": "lineitem","Startup Cost": 0.00,"Total Cost": 146259.83,"Plan Rows": 7320,"Plan Width": 15,"Actual Startup Time": 0.239,"Actual Total Time": 353.812,"Actual Rows": 6227,"Actual Loops": 5,"Filter": "((l_shipmode = ANY ('{SHIP,FOB}'::bpchar[])) AND (l_commitdate < l_receiptdate) AND (l_shipdate < l_commitdate) AND (l_receiptdate >= '1993-01-01'::date) AND (l_receiptdate < '1994-01-01 00:00:00'::timestamp without time zone))","Rows Removed by Filter": 1194016,"Workers": []},{"Node Type": "Index Scan","Parent Relationship": "Inner","Parallel Aware": false,"Async Capable": false,"Scan Direction": "Forward","Index Name": "orders_pkey","Relation Name": "orders","Alias": "orders","Startup Cost": 0.43,"Total Cost": 3.57,"Plan Rows": 1,"Plan Width": 20,"Actual Startup Time": 0.005,"Actual Total Time": 0.005,"Actual Rows": 1,"Actual Loops": 31133,"Index Cond": "(o_orderkey = lineitem.l_orderkey)","Rows Removed by Index Recheck": 0,"Workers": []}]}]}]}]}]},"Planning Time": 4.310,"Triggers": [],"Execution Time": 437.371}]
[{"Plan": {"Node Type": "Aggregate","Strategy": "Sorted","Partial Mode": "Finalize","Parallel Aware": false,"Async Capable": false,"Startup Cost": 174163.64,"Total Cost": 174316.55,"Plan Rows": 7,"Plan Width": 27,"Actual Startup Time": 403.378,"Actual Total Time": 437.696,"Actual Rows": 2,"Actual Loops": 1,"Group Key": ["lineitem.l_shipmode"],"Plans": [{"Node Type": "Gather Merge","Parent Relationship": "Outer","Parallel Aware": false,"Async Capable": false,"Startup Cost": 174163.64,"Total Cost": 174316.27,"Plan Rows": 28,"Plan Width": 27,"Actual Startup Time": 402.551,"Actual Total Time": 437.659,"Actual Rows": 10,"Actual Loops": 1,"Workers Planned": 4,"Workers Launched": 4,"Plans": [{"Node Type": "Aggregate","Strategy": "Sorted","Partial Mode": "Partial","Parent Relationship": "Outer","Parallel Aware": false,"Async Capable": false,"Startup Cost": 173163.59,"Total Cost": 173312.88,"Plan Rows": 7,"Plan Width": 27,"Actual Startup Time": 393.911,"Actual Total Time": 394.654,"Actual Rows": 2,"Actual Loops": 5,"Group Key": ["lineitem.l_shipmode"],"Workers": [],"Plans": [{"Node Type": "Sort","Parent Relationship": "Outer","Parallel Aware": false,"Async Capable": false,"Startup Cost": 173163.59,"Total Cost": 173182.24,"Plan Rows": 7461,"Plan Width": 27,"Actual Startup Time": 393.157,"Actual Total Time": 393.402,"Actual Rows": 6224,"Actual Loops": 5,"Sort Key": ["lineitem.l_shipmode"],"Sort Method": "quicksort","Sort Space Used": 638,"Sort Space Type": "Memory","Workers": [{"Worker Number": 0,"Sort Method": "quicksort","Sort Space Used": 610,"Sort Space Type": "Memory"},{"Worker Number": 1,"Sort Method": "quicksort","Sort Space Used": 631,"Sort Space Type": "Memory"},{"Worker Number": 2,"Sort Method": "quicksort","Sort Space Used": 633,"Sort Space Type": "Memory"},{"Worker Number": 3,"Sort Method": "quicksort","Sort Space Used": 640,"Sort Space Type": "Memory"}],"Plans": [{"Node Type": "Nested Loop","Parent Relationship": "Outer","Parallel Aware": false,"Async Capable": false,"Join Type": "Inner","Startup Cost": 0.43,"Total Cost": 172683.65,"Plan Rows": 7461,"Plan Width": 27,"Actual Startup Time": 0.368,"Actual Total Time": 390.184,"Actual Rows": 6224,"Actual Loops": 5,"Inner Unique": true,"Workers": [],"Plans": [{"Node Type": "Seq Scan","Parent Relationship": "Outer","Parallel Aware": true,"Async Capable": false,"Relation Name": "lineitem","Alias": "lineitem","Startup Cost": 0.00,"Total Cost": 146259.83,"Plan Rows": 7461,"Plan Width": 15,"Actual Startup Time": 0.248,"Actual Total Time": 354.203,"Actual Rows": 6224,"Actual Loops": 5,"Filter": "((l_shipmode = ANY ('{TRUCK,MAIL}'::bpchar[])) AND (l_commitdate < l_receiptdate) AND (l_shipdate < l_commitdate) AND (l_receiptdate >= '1995-01-01'::date) AND (l_receiptdate < '1996-01-01 00:00:00'::timestamp without time zone))","Rows Removed by Filter": 1194019,"Workers": []},{"Node Type": "Index Scan","Parent Relationship": "Inner","Parallel Aware": false,"Async Capable": false,"Scan Direction": "Forward","Index Name": "orders_pkey","Relation Name": "orders","Alias": "orders","Startup Cost": 0.43,"Total Cost": 3.54,"Plan Rows": 1,"Plan Width": 20,"Actual Startup Time": 0.005,"Actual Total Time": 0.005,"Actual Rows": 1,"Actual Loops": 31122,"Index Cond": "(o_orderkey = lineitem.l_orderkey)","Rows Removed by Index Recheck": 0,"Workers": []}]}]}]}]}]},"Planning Time": 4.343,"Triggers": [],"Execution Time": 438.356}]
[{"Plan": {"Node Type": "Aggregate","Strategy": "Sorted","Partial Mode": "Finalize","Parallel Aware": false,"Async Capable": false,"Startup Cost": 173932.15,"Total Cost": 174082.89,"Plan Rows": 7,"Plan Width": 27,"Actual Startup Time": 399.760,"Actual Total Time": 433.414,"Actual Rows": 2,"Actual Loops": 1,"Group Key": ["lineitem.l_shipmode"],"Plans": [{"Node Type": "Gather Merge","Parent Relationship": "Outer","Parallel Aware": false,"Async Capable": false,"Startup Cost": 173932.15,"Total Cost": 174082.61,"Plan Rows": 28,"Plan Width": 27,"Actual Startup Time": 398.892,"Actual Total Time": 433.358,"Actual Rows": 10,"Actual Loops": 1,"Workers Planned": 4,"Workers Launched": 4,"Plans": [{"Node Type": "Aggregate","Strategy": "Sorted","Partial Mode": "Partial","Parent Relationship": "Outer","Parallel Aware": false,"Async Capable": false,"Startup Cost": 172932.09,"Total Cost": 173079.22,"Plan Rows": 7,"Plan Width": 27,"Actual Startup Time": 390.819,"Actual Total Time": 391.549,"Actual Rows": 2,"Actual Loops": 5,"Group Key": ["lineitem.l_shipmode"],"Workers": [],"Plans": [{"Node Type": "Sort","Parent Relationship": "Outer","Parallel Aware": false,"Async Capable": false,"Startup Cost": 172932.09,"Total Cost": 172950.47,"Plan Rows": 7353,"Plan Width": 27,"Actual Startup Time": 390.055,"Actual Total Time": 390.305,"Actual Rows": 6260,"Actual Loops": 5,"Sort Key": ["lineitem.l_shipmode"],"Sort Method": "quicksort","Sort Space Used": 637,"Sort Space Type": "Memory","Workers": [{"Worker Number": 0,"Sort Method": "quicksort","Sort Space Used": 642,"Sort Space Type": "Memory"},{"Worker Number": 1,"Sort Method": "quicksort","Sort Space Used": 623,"Sort Space Type": "Memory"},{"Worker Number": 2,"Sort Method": "quicksort","Sort Space Used": 637,"Sort Space Type": "Memory"},{"Worker Number": 3,"Sort Method": "quicksort","Sort Space Used": 624,"Sort Space Type": "Memory"}],"Plans": [{"Node Type": "Nested Loop","Parent Relationship": "Outer","Parallel Aware": false,"Async Capable": false,"Join Type": "Inner","Startup Cost": 0.43,"Total Cost": 172459.87,"Plan Rows": 7353,"Plan Width": 27,"Actual Startup Time": 0.328,"Actual Total Time": 387.172,"Actual Rows": 6260,"Actual Loops": 5,"Inner Unique": true,"Workers": [],"Plans": [{"Node Type": "Seq Scan","Parent Relationship": "Outer","Parallel Aware": true,"Async Capable": false,"Relation Name": "lineitem","Alias": "lineitem","Startup Cost": 0.00,"Total Cost": 146259.83,"Plan Rows": 7353,"Plan Width": 15,"Actual Startup Time": 0.219,"Actual Total Time": 351.654,"Actual Rows": 6260,"Actual Loops": 5,"Filter": "((l_shipmode = ANY ('{AIR,\"REG AIR\"}'::bpchar[])) AND (l_commitdate < l_receiptdate) AND (l_shipdate < l_commitdate) AND (l_receiptdate >= '1995-01-01'::date) AND (l_receiptdate < '1996-01-01 00:00:00'::timestamp without time zone))","Rows Removed by Filter": 1193983,"Workers": []},{"Node Type": "Index Scan","Parent Relationship": "Inner","Parallel Aware": false,"Async Capable": false,"Scan Direction": "Forward","Index Name": "orders_pkey","Relation Name": "orders","Alias": "orders","Startup Cost": 0.43,"Total Cost": 3.56,"Plan Rows": 1,"Plan Width": 20,"Actual Startup Time": 0.005,"Actual Total Time": 0.005,"Actual Rows": 1,"Actual Loops": 31301,"Index Cond": "(o_orderkey = lineitem.l_orderkey)","Rows Removed by Index Recheck": 0,"Workers": []}]}]}]}]}]},"Planning Time": 3.990,"Triggers": [],"Execution Time": 433.945}]
[{"Plan": {"Node Type": "Aggregate","Strategy": "Sorted","Partial Mode": "Finalize","Parallel Aware": false,"Async Capable": false,"Startup Cost": 173702.24,"Total Cost": 173850.86,"Plan Rows": 7,"Plan Width": 27,"Actual Startup Time": 396.958,"Actual Total Time": 429.553,"Actual Rows": 2,"Actual Loops": 1,"Group Key": ["lineitem.l_shipmode"],"Plans": [{"Node Type": "Gather Merge","Parent Relationship": "Outer","Parallel Aware": false,"Async Capable": false,"Startup Cost": 173702.24,"Total Cost": 173850.58,"Plan Rows": 28,"Plan Width": 27,"Actual Startup Time": 396.099,"Actual Total Time": 429.511,"Actual Rows": 10,"Actual Loops": 1,"Workers Planned": 4,"Workers Launched": 4,"Plans": [{"Node Type": "Aggregate","Strategy": "Sorted","Partial Mode": "Partial","Parent Relationship": "Outer","Parallel Aware": false,"Async Capable": false,"Startup Cost": 172702.18,"Total Cost": 172847.19,"Plan Rows": 7,"Plan Width": 27,"Actual Startup Time": 387.964,"Actual Total Time": 388.710,"Actual Rows": 2,"Actual Loops": 5,"Group Key": ["lineitem.l_shipmode"],"Workers": [],"Plans": [{"Node Type": "Sort","Parent Relationship": "Outer","Parallel Aware": false,"Async Capable": false,"Startup Cost": 172702.18,"Total Cost": 172720.30,"Plan Rows": 7247,"Plan Width": 27,"Actual Startup Time": 387.206,"Actual Total Time": 387.460,"Actual Rows": 6286,"Actual Loops": 5,"Sort Key": ["lineitem.l_shipmode"],"Sort Method": "quicksort","Sort Space Used": 639,"Sort Space Type": "Memory","Workers": [{"Worker Number": 0,"Sort Method": "quicksort","Sort Space Used": 633,"Sort Space Type": "Memory"},{"Worker Number": 1,"Sort Method": "quicksort","Sort Space Used": 641,"Sort Space Type": "Memory"},{"Worker Number": 2,"Sort Method": "quicksort","Sort Space Used": 628,"Sort Space Type": "Memory"},{"Worker Number": 3,"Sort Method": "quicksort","Sort Space Used": 631,"Sort Space Type": "Memory"}],"Plans": [{"Node Type": "Nested Loop","Parent Relationship": "Outer","Parallel Aware": false,"Async Capable": false,"Join Type": "Inner","Startup Cost": 0.43,"Total Cost": 172237.53,"Plan Rows": 7247,"Plan Width": 27,"Actual Startup Time": 0.363,"Actual Total Time": 384.319,"Actual Rows": 6286,"Actual Loops": 5,"Inner Unique": true,"Workers": [],"Plans": [{"Node Type": "Seq Scan","Parent Relationship": "Outer","Parallel Aware": true,"Async Capable": false,"Relation Name": "lineitem","Alias": "lineitem","Startup Cost": 0.00,"Total Cost": 146259.83,"Plan Rows": 7247,"Plan Width": 15,"Actual Startup Time": 0.246,"Actual Total Time": 349.730,"Actual Rows": 6286,"Actual Loops": 5,"Filter": "((l_shipmode = ANY ('{RAIL,MAIL}'::bpchar[])) AND (l_commitdate < l_receiptdate) AND (l_shipdate < l_commitdate) AND (l_receiptdate >= '1997-01-01'::date) AND (l_receiptdate < '1998-01-01 00:00:00'::timestamp without time zone))","Rows Removed by Filter": 1193957,"Workers": []},{"Node Type": "Index Scan","Parent Relationship": "Inner","Parallel Aware": false,"Async Capable": false,"Scan Direction": "Forward","Index Name": "orders_pkey","Relation Name": "orders","Alias": "orders","Startup Cost": 0.43,"Total Cost": 3.58,"Plan Rows": 1,"Plan Width": 20,"Actual Startup Time": 0.005,"Actual Total Time": 0.005,"Actual Rows": 1,"Actual Loops": 31428,"Index Cond": "(o_orderkey = lineitem.l_orderkey)","Rows Removed by Index Recheck": 0,"Workers": []}]}]}]}]}]},"Planning Time": 5.241,"Triggers": [],"Execution Time": 429.960}]
[{"Plan": {"Node Type": "Aggregate","Strategy": "Sorted","Partial Mode": "Finalize","Parallel Aware": false,"Async Capable": false,"Startup Cost": 173669.98,"Total Cost": 173818.31,"Plan Rows": 7,"Plan Width": 27,"Actual Startup Time": 410.491,"Actual Total Time": 444.429,"Actual Rows": 2,"Actual Loops": 1,"Group Key": ["lineitem.l_shipmode"],"Plans": [{"Node Type": "Gather Merge","Parent Relationship": "Outer","Parallel Aware": false,"Async Capable": false,"Startup Cost": 173669.98,"Total Cost": 173818.03,"Plan Rows": 28,"Plan Width": 27,"Actual Startup Time": 409.717,"Actual Total Time": 444.388,"Actual Rows": 10,"Actual Loops": 1,"Workers Planned": 4,"Workers Launched": 4,"Plans": [{"Node Type": "Aggregate","Strategy": "Sorted","Partial Mode": "Partial","Parent Relationship": "Outer","Parallel Aware": false,"Async Capable": false,"Startup Cost": 172669.92,"Total Cost": 172814.63,"Plan Rows": 7,"Plan Width": 27,"Actual Startup Time": 400.974,"Actual Total Time": 401.710,"Actual Rows": 2,"Actual Loops": 5,"Group Key": ["lineitem.l_shipmode"],"Workers": [],"Plans": [{"Node Type": "Sort","Parent Relationship": "Outer","Parallel Aware": false,"Async Capable": false,"Startup Cost": 172669.92,"Total Cost": 172688.00,"Plan Rows": 7232,"Plan Width": 27,"Actual Startup Time": 400.221,"Actual Total Time": 400.469,"Actual Rows": 6226,"Actual Loops": 5,"Sort Key": ["lineitem.l_shipmode"],"Sort Method": "quicksort","Sort Space Used": 623,"Sort Space Type": "Memory","Workers": [{"Worker Number": 0,"Sort Method": "quicksort","Sort Space Used": 612,"Sort Space Type": "Memory"},{"Worker Number": 1,"Sort Method": "quicksort","Sort Space Used": 631,"Sort Space Type": "Memory"},{"Worker Number": 2,"Sort Method": "quicksort","Sort Space Used": 646,"Sort Space Type": "Memory"},{"Worker Number": 3,"Sort Method": "quicksort","Sort Space Used": 639,"Sort Space Type": "Memory"}],"Plans": [{"Node Type": "Nested Loop","Parent Relationship": "Outer","Parallel Aware": false,"Async Capable": false,"Join Type": "Inner","Startup Cost": 0.43,"Total Cost": 172206.35,"Plan Rows": 7232,"Plan Width": 27,"Actual Startup Time": 0.397,"Actual Total Time": 397.365,"Actual Rows": 6226,"Actual Loops": 5,"Inner Unique": true,"Workers": [],"Plans": [{"Node Type": "Seq Scan","Parent Relationship": "Outer","Parallel Aware": true,"Async Capable": false,"Relation Name": "lineitem","Alias": "lineitem","Startup Cost": 0.00,"Total Cost": 146259.83,"Plan Rows": 7232,"Plan Width": 15,"Actual Startup Time": 0.304,"Actual Total Time": 361.242,"Actual Rows": 6226,"Actual Loops": 5,"Filter": "((l_shipmode = ANY ('{AIR,FOB}'::bpchar[])) AND (l_commitdate < l_receiptdate) AND (l_shipdate < l_commitdate) AND (l_receiptdate >= '1997-01-01'::date) AND (l_receiptdate < '1998-01-01 00:00:00'::timestamp without time zone))","Rows Removed by Filter": 1194017,"Workers": []},{"Node Type": "Index Scan","Parent Relationship": "Inner","Parallel Aware": false,"Async Capable": false,"Scan Direction": "Forward","Index Name": "orders_pkey","Relation Name": "orders","Alias": "orders","Startup Cost": 0.43,"Total Cost": 3.59,"Plan Rows": 1,"Plan Width": 20,"Actual Startup Time": 0.005,"Actual Total Time": 0.005,"Actual Rows": 1,"Actual Loops": 31130,"Index Cond": "(o_orderkey = lineitem.l_orderkey)","Rows Removed by Index Recheck": 0,"Workers": []}]}]}]}]}]},"Planning Time": 5.575,"Triggers": [],"Execution Time": 445.000}]
[{"Plan": {"Node Type": "Aggregate","Strategy": "Sorted","Partial Mode": "Finalize","Parallel Aware": false,"Async Capable": false,"Startup Cost": 173644.04,"Total Cost": 173792.13,"Plan Rows": 7,"Plan Width": 27,"Actual Startup Time": 401.925,"Actual Total Time": 436.038,"Actual Rows": 2,"Actual Loops": 1,"Group Key": ["lineitem.l_shipmode"],"Plans": [{"Node Type": "Gather Merge","Parent Relationship": "Outer","Parallel Aware": false,"Async Capable": false,"Startup Cost": 173644.04,"Total Cost": 173791.85,"Plan Rows": 28,"Plan Width": 27,"Actual Startup Time": 401.018,"Actual Total Time": 436.001,"Actual Rows": 10,"Actual Loops": 1,"Workers Planned": 4,"Workers Launched": 4,"Plans": [{"Node Type": "Aggregate","Strategy": "Sorted","Partial Mode": "Partial","Parent Relationship": "Outer","Parallel Aware": false,"Async Capable": false,"Startup Cost": 172643.98,"Total Cost": 172788.45,"Plan Rows": 7,"Plan Width": 27,"Actual Startup Time": 392.353,"Actual Total Time": 393.106,"Actual Rows": 2,"Actual Loops": 5,"Group Key": ["lineitem.l_shipmode"],"Workers": [],"Plans": [{"Node Type": "Sort","Parent Relationship": "Outer","Parallel Aware": false,"Async Capable": false,"Startup Cost": 172643.98,"Total Cost": 172662.03,"Plan Rows": 7220,"Plan Width": 27,"Actual Startup Time": 391.589,"Actual Total Time": 391.831,"Actual Rows": 6240,"Actual Loops": 5,"Sort Key": ["lineitem.l_shipmode"],"Sort Method": "quicksort","Sort Space Used": 646,"Sort Space Type": "Memory","Workers": [{"Worker Number": 0,"Sort Method": "quicksort","Sort Space Used": 637,"Sort Space Type": "Memory"},{"Worker Number": 1,"Sort Method": "quicksort","Sort Space Used": 631,"Sort Space Type": "Memory"},{"Worker Number": 2,"Sort Method": "quicksort","Sort Space Used": 611,"Sort Space Type": "Memory"},{"Worker Number": 3,"Sort Method": "quicksort","Sort Space Used": 631,"Sort Space Type": "Memory"}],"Plans": [{"Node Type": "Nested Loop","Parent Relationship": "Outer","Parallel Aware": false,"Async Capable": false,"Join Type": "Inner","Startup Cost": 0.43,"Total Cost": 172181.26,"Plan Rows": 7220,"Plan Width": 27,"Actual Startup Time": 0.329,"Actual Total Time": 388.712,"Actual Rows": 6240,"Actual Loops": 5,"Inner Unique": true,"Workers": [],"Plans": [{"Node Type": "Seq Scan","Parent Relationship": "Outer","Parallel Aware": true,"Async Capable": false,"Relation Name": "lineitem","Alias": "lineitem","Startup Cost": 0.00,"Total Cost": 146259.83,"Plan Rows": 7220,"Plan Width": 15,"Actual Startup Time": 0.223,"Actual Total Time": 352.793,"Actual Rows": 6240,"Actual Loops": 5,"Filter": "((l_shipmode = ANY ('{\"REG AIR\",MAIL}'::bpchar[])) AND (l_commitdate < l_receiptdate) AND (l_shipdate < l_commitdate) AND (l_receiptdate >= '1996-01-01'::date) AND (l_receiptdate < '1997-01-01 00:00:00'::timestamp without time zone))","Rows Removed by Filter": 1194003,"Workers": []},{"Node Type": "Index Scan","Parent Relationship": "Inner","Parallel Aware": false,"Async Capable": false,"Scan Direction": "Forward","Index Name": "orders_pkey","Relation Name": "orders","Alias": "orders","Startup Cost": 0.43,"Total Cost": 3.59,"Plan Rows": 1,"Plan Width": 20,"Actual Startup Time": 0.005,"Actual Total Time": 0.005,"Actual Rows": 1,"Actual Loops": 31200,"Index Cond": "(o_orderkey = lineitem.l_orderkey)","Rows Removed by Index Recheck": 0,"Workers": []}]}]}]}]}]},"Planning Time": 5.296,"Triggers": [],"Execution Time": 436.763}]
[{"Plan": {"Node Type": "Aggregate","Strategy": "Sorted","Partial Mode": "Finalize","Parallel Aware": false,"Async Capable": false,"Startup Cost": 173625.17,"Total Cost": 173773.06,"Plan Rows": 7,"Plan Width": 27,"Actual Startup Time": 405.059,"Actual Total Time": 438.759,"Actual Rows": 2,"Actual Loops": 1,"Group Key": ["lineitem.l_shipmode"],"Plans": [{"Node Type": "Gather Merge","Parent Relationship": "Outer","Parallel Aware": false,"Async Capable": false,"Startup Cost": 173625.17,"Total Cost": 173772.78,"Plan Rows": 28,"Plan Width": 27,"Actual Startup Time": 404.215,"Actual Total Time": 438.716,"Actual Rows": 10,"Actual Loops": 1,"Workers Planned": 4,"Workers Launched": 4,"Plans": [{"Node Type": "Aggregate","Strategy": "Sorted","Partial Mode": "Partial","Parent Relationship": "Outer","Parallel Aware": false,"Async Capable": false,"Startup Cost": 172625.11,"Total Cost": 172769.38,"Plan Rows": 7,"Plan Width": 27,"Actual Startup Time": 395.454,"Actual Total Time": 396.205,"Actual Rows": 2,"Actual Loops": 5,"Group Key": ["lineitem.l_shipmode"],"Workers": [],"Plans": [{"Node Type": "Sort","Parent Relationship": "Outer","Parallel Aware": false,"Async Capable": false,"Startup Cost": 172625.11,"Total Cost": 172643.14,"Plan Rows": 7210,"Plan Width": 27,"Actual Startup Time": 394.695,"Actual Total Time": 394.958,"Actual Rows": 6267,"Actual Loops": 5,"Sort Key": ["lineitem.l_shipmode"],"Sort Method": "quicksort","Sort Space Used": 623,"Sort Space Type": "Memory","Workers": [{"Worker Number": 0,"Sort Method": "quicksort","Sort Space Used": 642,"Sort Space Type": "Memory"},{"Worker Number": 1,"Sort Method": "quicksort","Sort Space Used": 643,"Sort Space Type": "Memory"},{"Worker Number": 2,"Sort Method": "quicksort","Sort Space Used": 614,"Sort Space Type": "Memory"},{"Worker Number": 3,"Sort Method": "quicksort","Sort Space Used": 644,"Sort Space Type": "Memory"}],"Plans": [{"Node Type": "Nested Loop","Parent Relationship": "Outer","Parallel Aware": false,"Async Capable": false,"Join Type": "Inner","Startup Cost": 0.43,"Total Cost": 172163.11,"Plan Rows": 7210,"Plan Width": 27,"Actual Startup Time": 0.344,"Actual Total Time": 391.827,"Actual Rows": 6267,"Actual Loops": 5,"Inner Unique": true,"Workers": [],"Plans": [{"Node Type": "Seq Scan","Parent Relationship": "Outer","Parallel Aware": true,"Async Capable": false,"Relation Name": "lineitem","Alias": "lineitem","Startup Cost": 0.00,"Total Cost": 146259.83,"Plan Rows": 7211,"Plan Width": 15,"Actual Startup Time": 0.239,"Actual Total Time": 355.338,"Actual Rows": 6267,"Actual Loops": 5,"Filter": "((l_shipmode = ANY ('{TRUCK,SHIP}'::bpchar[])) AND (l_commitdate < l_receiptdate) AND (l_shipdate < l_commitdate) AND (l_receiptdate >= '1996-01-01'::date) AND (l_receiptdate < '1997-01-01 00:00:00'::timestamp without time zone))","Rows Removed by Filter": 1193976,"Workers": []},{"Node Type": "Index Scan","Parent Relationship": "Inner","Parallel Aware": false,"Async Capable": false,"Scan Direction": "Forward","Index Name": "orders_pkey","Relation Name": "orders","Alias": "orders","Startup Cost": 0.43,"Total Cost": 3.59,"Plan Rows": 1,"Plan Width": 20,"Actual Startup Time": 0.005,"Actual Total Time": 0.005,"Actual Rows": 1,"Actual Loops": 31337,"Index Cond": "(o_orderkey = lineitem.l_orderkey)","Rows Removed by Index Recheck": 0,"Workers": []}]}]}]}]}]},"Planning Time": 5.077,"Triggers": [],"Execution Time": 439.335}]
[{"Plan": {"Node Type": "Aggregate","Strategy": "Sorted","Partial Mode": "Finalize","Parallel Aware": false,"Async Capable": false,"Startup Cost": 173543.49,"Total Cost": 173690.66,"Plan Rows": 7,"Plan Width": 27,"Actual Startup Time": 403.242,"Actual Total Time": 437.346,"Actual Rows": 2,"Actual Loops": 1,"Group Key": ["lineitem.l_shipmode"],"Plans": [{"Node Type": "Gather Merge","Parent Relationship": "Outer","Parallel Aware": false,"Async Capable": false,"Startup Cost": 173543.49,"Total Cost": 173690.38,"Plan Rows": 28,"Plan Width": 27,"Actual Startup Time": 402.398,"Actual Total Time": 437.313,"Actual Rows": 10,"Actual Loops": 1,"Workers Planned": 4,"Workers Launched": 4,"Plans": [{"Node Type": "Aggregate","Strategy": "Sorted","Partial Mode": "Partial","Parent Relationship": "Outer","Parallel Aware": false,"Async Capable": false,"Startup Cost": 172543.43,"Total Cost": 172686.98,"Plan Rows": 7,"Plan Width": 27,"Actual Startup Time": 393.969,"Actual Total Time": 394.712,"Actual Rows": 2,"Actual Loops": 5,"Group Key": ["lineitem.l_shipmode"],"Workers": [],"Plans": [{"Node Type": "Sort","Parent Relationship": "Outer","Parallel Aware": false,"Async Capable": false,"Startup Cost": 172543.43,"Total Cost": 172561.37,"Plan Rows": 7174,"Plan Width": 27,"Actual Startup Time": 393.210,"Actual Total Time": 393.458,"Actual Rows": 6232,"Actual Loops": 5,"Sort Key": ["lineitem.l_shipmode"],"Sort Method": "quicksort","Sort Space Used": 636,"Sort Space Type": "Memory","Workers": [{"Worker Number": 0,"Sort Method": "quicksort","Sort Space Used": 620,"Sort Space Type": "Memory"},{"Worker Number": 1,"Sort Method": "quicksort","Sort Space Used": 628,"Sort Space Type": "Memory"},{"Worker Number": 2,"Sort Method": "quicksort","Sort Space Used": 635,"Sort Space Type": "Memory"},{"Worker Number": 3,"Sort Method": "quicksort","Sort Space Used": 634,"Sort Space Type": "Memory"}],"Plans": [{"Node Type": "Nested Loop","Parent Relationship": "Outer","Parallel Aware": false,"Async Capable": false,"Join Type": "Inner","Startup Cost": 0.43,"Total Cost": 172083.99,"Plan Rows": 7174,"Plan Width": 27,"Actual Startup Time": 0.191,"Actual Total Time": 390.301,"Actual Rows": 6232,"Actual Loops": 5,"Inner Unique": true,"Workers": [],"Plans": [{"Node Type": "Seq Scan","Parent Relationship": "Outer","Parallel Aware": true,"Async Capable": false,"Relation Name": "lineitem","Alias": "lineitem","Startup Cost": 0.00,"Total Cost": 146259.83,"Plan Rows": 7174,"Plan Width": 15,"Actual Startup Time": 0.087,"Actual Total Time": 354.754,"Actual Rows": 6232,"Actual Loops": 5,"Filter": "((l_shipmode = ANY ('{MAIL,RAIL}'::bpchar[])) AND (l_commitdate < l_receiptdate) AND (l_shipdate < l_commitdate) AND (l_receiptdate >= '1994-01-01'::date) AND (l_receiptdate < '1995-01-01 00:00:00'::timestamp without time zone))","Rows Removed by Filter": 1194011,"Workers": []},{"Node Type": "Index Scan","Parent Relationship": "Inner","Parallel Aware": false,"Async Capable": false,"Scan Direction": "Forward","Index Name": "orders_pkey","Relation Name": "orders","Alias": "orders","Startup Cost": 0.43,"Total Cost": 3.60,"Plan Rows": 1,"Plan Width": 20,"Actual Startup Time": 0.005,"Actual Total Time": 0.005,"Actual Rows": 1,"Actual Loops": 31159,"Index Cond": "(o_orderkey = lineitem.l_orderkey)","Rows Removed by Index Recheck": 0,"Workers": []}]}]}]}]}]},"Planning Time": 4.752,"Triggers": [],"Execution Time": 437.903}]
[{"Plan": {"Node Type": "Aggregate","Strategy": "Sorted","Partial Mode": "Finalize","Parallel Aware": false,"Async Capable": false,"Startup Cost": 173523.95,"Total Cost": 173670.93,"Plan Rows": 7,"Plan Width": 27,"Actual Startup Time": 408.905,"Actual Total Time": 443.002,"Actual Rows": 2,"Actual Loops": 1,"Group Key": ["lineitem.l_shipmode"],"Plans": [{"Node Type": "Gather Merge","Parent Relationship": "Outer","Parallel Aware": false,"Async Capable": false,"Startup Cost": 173523.95,"Total Cost": 173670.65,"Plan Rows": 28,"Plan Width": 27,"Actual Startup Time": 408.077,"Actual Total Time": 442.948,"Actual Rows": 10,"Actual Loops": 1,"Workers Planned": 4,"Workers Launched": 4,"Plans": [{"Node Type": "Aggregate","Strategy": "Sorted","Partial Mode": "Partial","Parent Relationship": "Outer","Parallel Aware": false,"Async Capable": false,"Startup Cost": 172523.89,"Total Cost": 172667.26,"Plan Rows": 7,"Plan Width": 27,"Actual Startup Time": 399.558,"Actual Total Time": 400.302,"Actual Rows": 2,"Actual Loops": 5,"Group Key": ["lineitem.l_shipmode"],"Workers": [],"Plans": [{"Node Type": "Sort","Parent Relationship": "Outer","Parallel Aware": false,"Async Capable": false,"Startup Cost": 172523.89,"Total Cost": 172541.80,"Plan Rows": 7165,"Plan Width": 27,"Actual Startup Time": 398.812,"Actual Total Time": 399.059,"Actual Rows": 6260,"Actual Loops": 5,"Sort Key": ["lineitem.l_shipmode"],"Sort Method": "quicksort","Sort Space Used": 635,"Sort Space Type": "Memory","Workers": [{"Worker Number": 0,"Sort Method": "quicksort","Sort Space Used": 615,"Sort Space Type": "Memory"},{"Worker Number": 1,"Sort Method": "quicksort","Sort Space Used": 634,"Sort Space Type": "Memory"},{"Worker Number": 2,"Sort Method": "quicksort","Sort Space Used": 641,"Sort Space Type": "Memory"},{"Worker Number": 3,"Sort Method": "quicksort","Sort Space Used": 637,"Sort Space Type": "Memory"}],"Plans": [{"Node Type": "Nested Loop","Parent Relationship": "Outer","Parallel Aware": false,"Async Capable": false,"Join Type": "Inner","Startup Cost": 0.43,"Total Cost": 172065.09,"Plan Rows": 7165,"Plan Width": 27,"Actual Startup Time": 0.237,"Actual Total Time": 395.910,"Actual Rows": 6260,"Actual Loops": 5,"Inner Unique": true,"Workers": [],"Plans": [{"Node Type": "Seq Scan","Parent Relationship": "Outer","Parallel Aware": true,"Async Capable": false,"Relation Name": "lineitem","Alias": "lineitem","Startup Cost": 0.00,"Total Cost": 146259.83,"Plan Rows": 7165,"Plan Width": 15,"Actual Startup Time": 0.139,"Actual Total Time": 359.642,"Actual Rows": 6260,"Actual Loops": 5,"Filter": "((l_shipmode = ANY ('{SHIP,AIR}'::bpchar[])) AND (l_commitdate < l_receiptdate) AND (l_shipdate < l_commitdate) AND (l_receiptdate >= '1996-01-01'::date) AND (l_receiptdate < '1997-01-01 00:00:00'::timestamp without time zone))","Rows Removed by Filter": 1193983,"Workers": []},{"Node Type": "Index Scan","Parent Relationship": "Inner","Parallel Aware": false,"Async Capable": false,"Scan Direction": "Forward","Index Name": "orders_pkey","Relation Name": "orders","Alias": "orders","Startup Cost": 0.43,"Total Cost": 3.60,"Plan Rows": 1,"Plan Width": 20,"Actual Startup Time": 0.005,"Actual Total Time": 0.005,"Actual Rows": 1,"Actual Loops": 31300,"Index Cond": "(o_orderkey = lineitem.l_orderkey)","Rows Removed by Index Recheck": 0,"Workers": []}]}]}]}]}]},"Planning Time": 4.933,"Triggers": [],"Execution Time": 443.623}]
[{"Plan": {"Node Type": "Aggregate","Strategy": "Sorted","Partial Mode": "Finalize","Parallel Aware": false,"Async Capable": false,"Startup Cost": 173624.30,"Total Cost": 173772.20,"Plan Rows": 7,"Plan Width": 27,"Actual Startup Time": 403.932,"Actual Total Time": 437.541,"Actual Rows": 2,"Actual Loops": 1,"Group Key": ["lineitem.l_shipmode"],"Plans": [{"Node Type": "Gather Merge","Parent Relationship": "Outer","Parallel Aware": false,"Async Capable": false,"Startup Cost": 173624.30,"Total Cost": 173771.92,"Plan Rows": 28,"Plan Width": 27,"Actual Startup Time": 403.106,"Actual Total Time": 437.507,"Actual Rows": 10,"Actual Loops": 1,"Workers Planned": 4,"Workers Launched": 4,"Plans": [{"Node Type": "Aggregate","Strategy": "Sorted","Partial Mode": "Partial","Parent Relationship": "Outer","Parallel Aware": false,"Async Capable": false,"Startup Cost": 172624.24,"Total Cost": 172768.53,"Plan Rows": 7,"Plan Width": 27,"Actual Startup Time": 394.742,"Actual Total Time": 395.464,"Actual Rows": 2,"Actual Loops": 5,"Group Key": ["lineitem.l_shipmode"],"Workers": [],"Plans": [{"Node Type": "Sort","Parent Relationship": "Outer","Parallel Aware": false,"Async Capable": false,"Startup Cost": 172624.24,"Total Cost": 172642.27,"Plan Rows": 7211,"Plan Width": 27,"Actual Startup Time": 393.991,"Actual Total Time": 394.225,"Actual Rows": 6208,"Actual Loops": 5,"Sort Key": ["lineitem.l_shipmode"],"Sort Method": "quicksort","Sort Space Used": 628,"Sort Space Type": "Memory","Workers": [{"Worker Number": 0,"Sort Method": "quicksort","Sort Space Used": 640,"Sort Space Type": "Memory"},{"Worker Number": 1,"Sort Method": "quicksort","Sort Space Used": 639,"Sort Space Type": "Memory"},{"Worker Number": 2,"Sort Method": "quicksort","Sort Space Used": 631,"Sort Space Type": "Memory"},{"Worker Number": 3,"Sort Method": "quicksort","Sort Space Used": 608,"Sort Space Type": "Memory"}],"Plans": [{"Node Type": "Nested Loop","Parent Relationship": "Outer","Parallel Aware": false,"Async Capable": false,"Join Type": "Inner","Startup Cost": 0.43,"Total Cost": 172162.16,"Plan Rows": 7211,"Plan Width": 27,"Actual Startup Time": 0.377,"Actual Total Time": 390.998,"Actual Rows": 6208,"Actual Loops": 5,"Inner Unique": true,"Workers": [],"Plans": [{"Node Type": "Seq Scan","Parent Relationship": "Outer","Parallel Aware": true,"Async Capable": false,"Relation Name": "lineitem","Alias": "lineitem","Startup Cost": 0.00,"Total Cost": 146259.83,"Plan Rows": 7211,"Plan Width": 15,"Actual Startup Time": 0.274,"Actual Total Time": 354.943,"Actual Rows": 6208,"Actual Loops": 5,"Filter": "((l_shipmode = ANY ('{TRUCK,AIR}'::bpchar[])) AND (l_commitdate < l_receiptdate) AND (l_shipdate < l_commitdate) AND (l_receiptdate >= '1997-01-01'::date) AND (l_receiptdate < '1998-01-01 00:00:00'::timestamp without time zone))","Rows Removed by Filter": 1194035,"Workers": []},{"Node Type": "Index Scan","Parent Relationship": "Inner","Parallel Aware": false,"Async Capable": false,"Scan Direction": "Forward","Index Name": "orders_pkey","Relation Name": "orders","Alias": "orders","Startup Cost": 0.43,"Total Cost": 3.59,"Plan Rows": 1,"Plan Width": 20,"Actual Startup Time": 0.005,"Actual Total Time": 0.005,"Actual Rows": 1,"Actual Loops": 31041,"Index Cond": "(o_orderkey = lineitem.l_orderkey)","Rows Removed by Index Recheck": 0,"Workers": []}]}]}]}]}]},"Planning Time": 4.968,"Triggers": [],"Execution Time": 438.174}]
[{"Plan": {"Node Type": "Aggregate","Strategy": "Sorted","Partial Mode": "Finalize","Parallel Aware": false,"Async Capable": false,"Startup Cost": 173718.50,"Total Cost": 173867.27,"Plan Rows": 7,"Plan Width": 27,"Actual Startup Time": 396.513,"Actual Total Time": 429.606,"Actual Rows": 2,"Actual Loops": 1,"Group Key": ["lineitem.l_shipmode"],"Plans": [{"Node Type": "Gather Merge","Parent Relationship": "Outer","Parallel Aware": false,"Async Capable": false,"Startup Cost": 173718.50,"Total Cost": 173866.99,"Plan Rows": 28,"Plan Width": 27,"Actual Startup Time": 395.626,"Actual Total Time": 429.571,"Actual Rows": 10,"Actual Loops": 1,"Workers Planned": 4,"Workers Launched": 4,"Plans": [{"Node Type": "Aggregate","Strategy": "Sorted","Partial Mode": "Partial","Parent Relationship": "Outer","Parallel Aware": false,"Async Capable": false,"Startup Cost": 172718.45,"Total Cost": 172863.60,"Plan Rows": 7,"Plan Width": 27,"Actual Startup Time": 387.488,"Actual Total Time": 388.243,"Actual Rows": 2,"Actual Loops": 5,"Group Key": ["lineitem.l_shipmode"],"Workers": [],"Plans": [{"Node Type": "Sort","Parent Relationship": "Outer","Parallel Aware": false,"Async Capable": false,"Startup Cost": 172718.45,"Total Cost": 172736.58,"Plan Rows": 7254,"Plan Width": 27,"Actual Startup Time": 386.746,"Actual Total Time": 387.000,"Actual Rows": 6247,"Actual Loops": 5,"Sort Key": ["lineitem.l_shipmode"],"Sort Method": "quicksort","Sort Space Used": 651,"Sort Space Type": "Memory","Workers": [{"Worker Number": 0,"Sort Method": "quicksort","Sort Space Used": 626,"Sort Space Type": "Memory"},{"Worker Number": 1,"Sort Method": "quicksort","Sort Space Used": 634,"Sort Space Type": "Memory"},{"Worker Number": 2,"Sort Method": "quicksort","Sort Space Used": 628,"Sort Space Type": "Memory"},{"Worker Number": 3,"Sort Method": "quicksort","Sort Space Used": 619,"Sort Space Type": "Memory"}],"Plans": [{"Node Type": "Nested Loop","Parent Relationship": "Outer","Parallel Aware": false,"Async Capable": false,"Join Type": "Inner","Startup Cost": 0.43,"Total Cost": 172253.30,"Plan Rows": 7254,"Plan Width": 27,"Actual Startup Time": 0.404,"Actual Total Time": 383.841,"Actual Rows": 6247,"Actual Loops": 5,"Inner Unique": true,"Workers": [],"Plans": [{"Node Type": "Seq Scan","Parent Relationship": "Outer","Parallel Aware": true,"Async Capable": false,"Relation Name": "lineitem","Alias": "lineitem","Startup Cost": 0.00,"Total Cost": 146259.83,"Plan Rows": 7254,"Plan Width": 15,"Actual Startup Time": 0.287,"Actual Total Time": 349.549,"Actual Rows": 6247,"Actual Loops": 5,"Filter": "((l_shipmode = ANY ('{MAIL,RAIL}'::bpchar[])) AND (l_commitdate < l_receiptdate) AND (l_shipdate < l_commitdate) AND (l_receiptdate >= '1996-01-01'::date) AND (l_receiptdate < '1997-01-01 00:00:00'::timestamp without time zone))","Rows Removed by Filter": 1193996,"Workers": []},{"Node Type": "Index Scan","Parent Relationship": "Inner","Parallel Aware": false,"Async Capable": false,"Scan Direction": "Forward","Index Name": "orders_pkey","Relation Name": "orders","Alias": "orders","Startup Cost": 0.43,"Total Cost": 3.58,"Plan Rows": 1,"Plan Width": 20,"Actual Startup Time": 0.005,"Actual Total Time": 0.005,"Actual Rows": 1,"Actual Loops": 31235,"Index Cond": "(o_orderkey = lineitem.l_orderkey)","Rows Removed by Index Recheck": 0,"Workers": []}]}]}]}]}]},"Planning Time": 5.161,"Triggers": [],"Execution Time": 430.005}]
[{"Plan": {"Node Type": "Aggregate","Strategy": "Sorted","Partial Mode": "Finalize","Parallel Aware": false,"Async Capable": false,"Startup Cost": 173644.04,"Total Cost": 173792.13,"Plan Rows": 7,"Plan Width": 27,"Actual Startup Time": 395.845,"Actual Total Time": 427.543,"Actual Rows": 2,"Actual Loops": 1,"Group Key": ["lineitem.l_shipmode"],"Plans": [{"Node Type": "Gather Merge","Parent Relationship": "Outer","Parallel Aware": false,"Async Capable": false,"Startup Cost": 173644.04,"Total Cost": 173791.85,"Plan Rows": 28,"Plan Width": 27,"Actual Startup Time": 394.999,"Actual Total Time": 427.506,"Actual Rows": 10,"Actual Loops": 1,"Workers Planned": 4,"Workers Launched": 4,"Plans": [{"Node Type": "Aggregate","Strategy": "Sorted","Partial Mode": "Partial","Parent Relationship": "Outer","Parallel Aware": false,"Async Capable": false,"Startup Cost": 172643.98,"Total Cost": 172788.45,"Plan Rows": 7,"Plan Width": 27,"Actual Startup Time": 387.190,"Actual Total Time": 387.912,"Actual Rows": 2,"Actual Loops": 5,"Group Key": ["lineitem.l_shipmode"],"Workers": [],"Plans": [{"Node Type": "Sort","Parent Relationship": "Outer","Parallel Aware": false,"Async Capable": false,"Startup Cost": 172643.98,"Total Cost": 172662.03,"Plan Rows": 7220,"Plan Width": 27,"Actual Startup Time": 386.412,"Actual Total Time": 386.668,"Actual Rows": 6240,"Actual Loops": 5,"Sort Key": ["lineitem.l_shipmode"],"Sort Method": "quicksort","Sort Space Used": 636,"Sort Space Type": "Memory","Workers": [{"Worker Number": 0,"Sort Method": "quicksort","Sort Space Used": 628,"Sort Space Type": "Memory"},{"Worker Number": 1,"Sort Method": "quicksort","Sort Space Used": 627,"Sort Space Type": "Memory"},{"Worker Number": 2,"Sort Method": "quicksort","Sort Space Used": 639,"Sort Space Type": "Memory"},{"Worker Number": 3,"Sort Method": "quicksort","Sort Space Used": 625,"Sort Space Type": "Memory"}],"Plans": [{"Node Type": "Nested Loop","Parent Relationship": "Outer","Parallel Aware": false,"Async Capable": false,"Join Type": "Inner","Startup Cost": 0.43,"Total Cost": 172181.26,"Plan Rows": 7220,"Plan Width": 27,"Actual Startup Time": 0.379,"Actual Total Time": 383.614,"Actual Rows": 6240,"Actual Loops": 5,"Inner Unique": true,"Workers": [],"Plans": [{"Node Type": "Seq Scan","Parent Relationship": "Outer","Parallel Aware": true,"Async Capable": false,"Relation Name": "lineitem","Alias": "lineitem","Startup Cost": 0.00,"Total Cost": 146259.83,"Plan Rows": 7220,"Plan Width": 15,"Actual Startup Time": 0.257,"Actual Total Time": 349.165,"Actual Rows": 6240,"Actual Loops": 5,"Filter": "((l_shipmode = ANY ('{MAIL,\"REG AIR\"}'::bpchar[])) AND (l_commitdate < l_receiptdate) AND (l_shipdate < l_commitdate) AND (l_receiptdate >= '1996-01-01'::date) AND (l_receiptdate < '1997-01-01 00:00:00'::timestamp without time zone))","Rows Removed by Filter": 1194003,"Workers": []},{"Node Type": "Index Scan","Parent Relationship": "Inner","Parallel Aware": false,"Async Capable": false,"Scan Direction": "Forward","Index Name": "orders_pkey","Relation Name": "orders","Alias": "orders","Startup Cost": 0.43,"Total Cost": 3.59,"Plan Rows": 1,"Plan Width": 20,"Actual Startup Time": 0.005,"Actual Total Time": 0.005,"Actual Rows": 1,"Actual Loops": 31200,"Index Cond": "(o_orderkey = lineitem.l_orderkey)","Rows Removed by Index Recheck": 0,"Workers": []}]}]}]}]}]},"Planning Time": 4.385,"Triggers": [],"Execution Time": 427.946}]
[{"Plan": {"Node Type": "Aggregate","Strategy": "Sorted","Partial Mode": "Finalize","Parallel Aware": false,"Async Capable": false,"Startup Cost": 173776.29,"Total Cost": 173925.59,"Plan Rows": 7,"Plan Width": 27,"Actual Startup Time": 396.512,"Actual Total Time": 430.541,"Actual Rows": 2,"Actual Loops": 1,"Group Key": ["lineitem.l_shipmode"],"Plans": [{"Node Type": "Gather Merge","Parent Relationship": "Outer","Parallel Aware": false,"Async Capable": false,"Startup Cost": 173776.29,"Total Cost": 173925.31,"Plan Rows": 28,"Plan Width": 27,"Actual Startup Time": 395.592,"Actual Total Time": 430.492,"Actual Rows": 10,"Actual Loops": 1,"Workers Planned": 4,"Workers Launched": 4,"Plans": [{"Node Type": "Aggregate","Strategy": "Sorted","Partial Mode": "Partial","Parent Relationship": "Outer","Parallel Aware": false,"Async Capable": false,"Startup Cost": 172776.23,"Total Cost": 172921.92,"Plan Rows": 7,"Plan Width": 27,"Actual Startup Time": 386.809,"Actual Total Time": 387.552,"Actual Rows": 2,"Actual Loops": 5,"Group Key": ["lineitem.l_shipmode"],"Workers": [],"Plans": [{"Node Type": "Sort","Parent Relationship": "Outer","Parallel Aware": false,"Async Capable": false,"Startup Cost": 172776.23,"Total Cost": 172794.43,"Plan Rows": 7281,"Plan Width": 27,"Actual Startup Time": 386.016,"Actual Total Time": 386.294,"Actual Rows": 6242,"Actual Loops": 5,"Sort Key": ["lineitem.l_shipmode"],"Sort Method": "quicksort","Sort Space Used": 641,"Sort Space Type": "Memory","Workers": [{"Worker Number": 0,"Sort Method": "quicksort","Sort Space Used": 608,"Sort Space Type": "Memory"},{"Worker Number": 1,"Sort Method": "quicksort","Sort Space Used": 638,"Sort Space Type": "Memory"},{"Worker Number": 2,"Sort Method": "quicksort","Sort Space Used": 640,"Sort Space Type": "Memory"},{"Worker Number": 3,"Sort Method": "quicksort","Sort Space Used": 630,"Sort Space Type": "Memory"}],"Plans": [{"Node Type": "Nested Loop","Parent Relationship": "Outer","Parallel Aware": false,"Async Capable": false,"Join Type": "Inner","Startup Cost": 0.43,"Total Cost": 172309.16,"Plan Rows": 7281,"Plan Width": 27,"Actual Startup Time": 0.564,"Actual Total Time": 383.157,"Actual Rows": 6242,"Actual Loops": 5,"Inner Unique": true,"Workers": [],"Plans": [{"Node Type": "Seq Scan","Parent Relationship": "Outer","Parallel Aware": true,"Async Capable": false,"Relation Name": "lineitem","Alias": "lineitem","Startup Cost": 0.00,"Total Cost": 146259.83,"Plan Rows": 7281,"Plan Width": 15,"Actual Startup Time": 0.411,"Actual Total Time": 347.986,"Actual Rows": 6242,"Actual Loops": 5,"Filter": "((l_shipmode = ANY ('{RAIL,\"REG AIR\"}'::bpchar[])) AND (l_commitdate < l_receiptdate) AND (l_shipdate < l_commitdate) AND (l_receiptdate >= '1993-01-01'::date) AND (l_receiptdate < '1994-01-01 00:00:00'::timestamp without time zone))","Rows Removed by Filter": 1194001,"Workers": []},{"Node Type": "Index Scan","Parent Relationship": "Inner","Parallel Aware": false,"Async Capable": false,"Scan Direction": "Forward","Index Name": "orders_pkey","Relation Name": "orders","Alias": "orders","Startup Cost": 0.43,"Total Cost": 3.58,"Plan Rows": 1,"Plan Width": 20,"Actual Startup Time": 0.005,"Actual Total Time": 0.005,"Actual Rows": 1,"Actual Loops": 31209,"Index Cond": "(o_orderkey = lineitem.l_orderkey)","Rows Removed by Index Recheck": 0,"Workers": []}]}]}]}]}]},"Planning Time": 5.082,"Triggers": [],"Execution Time": 431.008}]
[{"Plan": {"Node Type": "Aggregate","Strategy": "Sorted","Partial Mode": "Finalize","Parallel Aware": false,"Async Capable": false,"Startup Cost": 173669.22,"Total Cost": 173817.54,"Plan Rows": 7,"Plan Width": 27,"Actual Startup Time": 394.128,"Actual Total Time": 428.914,"Actual Rows": 2,"Actual Loops": 1,"Group Key": ["lineitem.l_shipmode"],"Plans": [{"Node Type": "Gather Merge","Parent Relationship": "Outer","Parallel Aware": false,"Async Capable": false,"Startup Cost": 173669.22,"Total Cost": 173817.26,"Plan Rows": 28,"Plan Width": 27,"Actual Startup Time": 393.322,"Actual Total Time": 428.865,"Actual Rows": 10,"Actual Loops": 1,"Workers Planned": 4,"Workers Launched": 4,"Plans": [{"Node Type": "Aggregate","Strategy": "Sorted","Partial Mode": "Partial","Parent Relationship": "Outer","Parallel Aware": false,"Async Capable": false,"Startup Cost": 172669.16,"Total Cost": 172813.87,"Plan Rows": 7,"Plan Width": 27,"Actual Startup Time": 385.180,"Actual Total Time": 385.897,"Actual Rows": 2,"Actual Loops": 5,"Group Key": ["lineitem.l_shipmode"],"Workers": [],"Plans": [{"Node Type": "Sort","Parent Relationship": "Outer","Parallel Aware": false,"Async Capable": false,"Startup Cost": 172669.16,"Total Cost": 172687.24,"Plan Rows": 7232,"Plan Width": 27,"Actual Startup Time": 384.428,"Actual Total Time": 384.672,"Actual Rows": 6255,"Actual Loops": 5,"Sort Key": ["lineitem.l_shipmode"],"Sort Method": "quicksort","Sort Space Used": 629,"Sort Space Type": "Memory","Workers": [{"Worker Number": 0,"Sort Method": "quicksort","Sort Space Used": 631,"Sort Space Type": "Memory"},{"Worker Number": 1,"Sort Method": "quicksort","Sort Space Used": 634,"Sort Space Type": "Memory"},{"Worker Number": 2,"Sort Method": "quicksort","Sort Space Used": 634,"Sort Space Type": "Memory"},{"Worker Number": 3,"Sort Method": "quicksort","Sort Space Used": 633,"Sort Space Type": "Memory"}],"Plans": [{"Node Type": "Nested Loop","Parent Relationship": "Outer","Parallel Aware": false,"Async Capable": false,"Join Type": "Inner","Startup Cost": 0.43,"Total Cost": 172205.58,"Plan Rows": 7232,"Plan Width": 27,"Actual Startup Time": 0.166,"Actual Total Time": 381.535,"Actual Rows": 6255,"Actual Loops": 5,"Inner Unique": true,"Workers": [],"Plans": [{"Node Type": "Seq Scan","Parent Relationship": "Outer","Parallel Aware": true,"Async Capable": false,"Relation Name": "lineitem","Alias": "lineitem","Startup Cost": 0.00,"Total Cost": 146259.83,"Plan Rows": 7232,"Plan Width": 15,"Actual Startup Time": 0.072,"Actual Total Time": 346.630,"Actual Rows": 6255,"Actual Loops": 5,"Filter": "((l_shipmode = ANY ('{\"REG AIR\",FOB}'::bpchar[])) AND (l_commitdate < l_receiptdate) AND (l_shipdate < l_commitdate) AND (l_receiptdate >= '1996-01-01'::date) AND (l_receiptdate < '1997-01-01 00:00:00'::timestamp without time zone))","Rows Removed by Filter": 1193988,"Workers": []},{"Node Type": "Index Scan","Parent Relationship": "Inner","Parallel Aware": false,"Async Capable": false,"Scan Direction": "Forward","Index Name": "orders_pkey","Relation Name": "orders","Alias": "orders","Startup Cost": 0.43,"Total Cost": 3.59,"Plan Rows": 1,"Plan Width": 20,"Actual Startup Time": 0.005,"Actual Total Time": 0.005,"Actual Rows": 1,"Actual Loops": 31274,"Index Cond": "(o_orderkey = lineitem.l_orderkey)","Rows Removed by Index Recheck": 0,"Workers": []}]}]}]}]}]},"Planning Time": 5.382,"Triggers": [],"Execution Time": 429.548}]
[{"Plan": {"Node Type": "Aggregate","Strategy": "Sorted","Partial Mode": "Finalize","Parallel Aware": false,"Async Capable": false,"Startup Cost": 174163.64,"Total Cost": 174316.55,"Plan Rows": 7,"Plan Width": 27,"Actual Startup Time": 403.378,"Actual Total Time": 437.696,"Actual Rows": 2,"Actual Loops": 1,"Group Key": ["lineitem.l_shipmode"],"Plans": [{"Node Type": "Gather Merge","Parent Relationship": "Outer","Parallel Aware": false,"Async Capable": false,"Startup Cost": 174163.64,"Total Cost": 174316.27,"Plan Rows": 28,"Plan Width": 27,"Actual Startup Time": 402.551,"Actual Total Time": 437.659,"Actual Rows": 10,"Actual Loops": 1,"Workers Planned": 4,"Workers Launched": 4,"Plans": [{"Node Type": "Aggregate","Strategy": "Sorted","Partial Mode": "Partial","Parent Relationship": "Outer","Parallel Aware": false,"Async Capable": false,"Startup Cost": 173163.59,"Total Cost": 173312.88,"Plan Rows": 7,"Plan Width": 27,"Actual Startup Time": 393.911,"Actual Total Time": 394.654,"Actual Rows": 2,"Actual Loops": 5,"Group Key": ["lineitem.l_shipmode"],"Workers": [],"Plans": [{"Node Type": "Sort","Parent Relationship": "Outer","Parallel Aware": false,"Async Capable": false,"Startup Cost": 173163.59,"Total Cost": 173182.24,"Plan Rows": 7461,"Plan Width": 27,"Actual Startup Time": 393.157,"Actual Total Time": 393.402,"Actual Rows": 6224,"Actual Loops": 5,"Sort Key": ["lineitem.l_shipmode"],"Sort Method": "quicksort","Sort Space Used": 638,"Sort Space Type": "Memory","Workers": [{"Worker Number": 0,"Sort Method": "quicksort","Sort Space Used": 610,"Sort Space Type": "Memory"},{"Worker Number": 1,"Sort Method": "quicksort","Sort Space Used": 631,"Sort Space Type": "Memory"},{"Worker Number": 2,"Sort Method": "quicksort","Sort Space Used": 633,"Sort Space Type": "Memory"},{"Worker Number": 3,"Sort Method": "quicksort","Sort Space Used": 640,"Sort Space Type": "Memory"}],"Plans": [{"Node Type": "Nested Loop","Parent Relationship": "Outer","Parallel Aware": false,"Async Capable": false,"Join Type": "Inner","Startup Cost": 0.43,"Total Cost": 172683.65,"Plan Rows": 7461,"Plan Width": 27,"Actual Startup Time": 0.368,"Actual Total Time": 390.184,"Actual Rows": 6224,"Actual Loops": 5,"Inner Unique": true,"Workers": [],"Plans": [{"Node Type": "Seq Scan","Parent Relationship": "Outer","Parallel Aware": true,"Async Capable": false,"Relation Name": "lineitem","Alias": "lineitem","Startup Cost": 0.00,"Total Cost": 146259.83,"Plan Rows": 7461,"Plan Width": 15,"Actual Startup Time": 0.248,"Actual Total Time": 354.203,"Actual Rows": 6224,"Actual Loops": 5,"Filter": "((l_shipmode = ANY ('{TRUCK,MAIL}'::bpchar[])) AND (l_commitdate < l_receiptdate) AND (l_shipdate < l_commitdate) AND (l_receiptdate >= '1995-01-01'::date) AND (l_receiptdate < '1996-01-01 00:00:00'::timestamp without time zone))","Rows Removed by Filter": 1194019,"Workers": []},{"Node Type": "Index Scan","Parent Relationship": "Inner","Parallel Aware": false,"Async Capable": false,"Scan Direction": "Forward","Index Name": "orders_pkey","Relation Name": "orders","Alias": "orders","Startup Cost": 0.43,"Total Cost": 3.54,"Plan Rows": 1,"Plan Width": 20,"Actual Startup Time": 0.005,"Actual Total Time": 0.005,"Actual Rows": 1,"Actual Loops": 31122,"Index Cond": "(o_orderkey = lineitem.l_orderkey)","Rows Removed by Index Recheck": 0,"Workers": []}]}]}]}]}]},"Planning Time": 4.343,"Triggers": [],"Execution Time": 438.356}]
[{"Plan": {"Node Type": "Aggregate","Strategy": "Sorted","Partial Mode": "Finalize","Parallel Aware": false,"Async Capable": false,"Startup Cost": 174003.87,"Total Cost": 174155.30,"Plan Rows": 7,"Plan Width": 27,"Actual Startup Time": 400.309,"Actual Total Time": 433.205,"Actual Rows": 2,"Actual Loops": 1,"Group Key": ["lineitem.l_shipmode"],"Plans": [{"Node Type": "Gather Merge","Parent Relationship": "Outer","Parallel Aware": false,"Async Capable": false,"Startup Cost": 174003.87,"Total Cost": 174155.02,"Plan Rows": 28,"Plan Width": 27,"Actual Startup Time": 399.473,"Actual Total Time": 433.154,"Actual Rows": 10,"Actual Loops": 1,"Workers Planned": 4,"Workers Launched": 4,"Plans": [{"Node Type": "Aggregate","Strategy": "Sorted","Partial Mode": "Partial","Parent Relationship": "Outer","Parallel Aware": false,"Async Capable": false,"Startup Cost": 173003.81,"Total Cost": 173151.62,"Plan Rows": 7,"Plan Width": 27,"Actual Startup Time": 390.940,"Actual Total Time": 391.675,"Actual Rows": 2,"Actual Loops": 5,"Group Key": ["lineitem.l_shipmode"],"Workers": [],"Plans": [{"Node Type": "Sort","Parent Relationship": "Outer","Parallel Aware": false,"Async Capable": false,"Startup Cost": 173003.81,"Total Cost": 173022.28,"Plan Rows": 7387,"Plan Width": 27,"Actual Startup Time": 390.169,"Actual Total Time": 390.417,"Actual Rows": 6270,"Actual Loops": 5,"Sort Key": ["lineitem.l_shipmode"],"Sort Method": "quicksort","Sort Space Used": 637,"Sort Space Type": "Memory","Workers": [{"Worker Number": 0,"Sort Method": "quicksort","Sort Space Used": 641,"Sort Space Type": "Memory"},{"Worker Number": 1,"Sort Method": "quicksort","Sort Space Used": 642,"Sort Space Type": "Memory"},{"Worker Number": 2,"Sort Method": "quicksort","Sort Space Used": 623,"Sort Space Type": "Memory"},{"Worker Number": 3,"Sort Method": "quicksort","Sort Space Used": 623,"Sort Space Type": "Memory"}],"Plans": [{"Node Type": "Nested Loop","Parent Relationship": "Outer","Parallel Aware": false,"Async Capable": false,"Join Type": "Inner","Startup Cost": 0.43,"Total Cost": 172529.17,"Plan Rows": 7387,"Plan Width": 27,"Actual Startup Time": 0.397,"Actual Total Time": 387.338,"Actual Rows": 6270,"Actual Loops": 5,"Inner Unique": true,"Workers": [],"Plans": [{"Node Type": "Seq Scan","Parent Relationship": "Outer","Parallel Aware": true,"Async Capable": false,"Relation Name": "lineitem","Alias": "lineitem","Startup Cost": 0.00,"Total Cost": 146259.83,"Plan Rows": 7387,"Plan Width": 15,"Actual Startup Time": 0.274,"Actual Total Time": 352.735,"Actual Rows": 6270,"Actual Loops": 5,"Filter": "((l_shipmode = ANY ('{RAIL,AIR}'::bpchar[])) AND (l_commitdate < l_receiptdate) AND (l_shipdate < l_commitdate) AND (l_receiptdate >= '1995-01-01'::date) AND (l_receiptdate < '1996-01-01 00:00:00'::timestamp without time zone))","Rows Removed by Filter": 1193973,"Workers": []},{"Node Type": "Index Scan","Parent Relationship": "Inner","Parallel Aware": false,"Async Capable": false,"Scan Direction": "Forward","Index Name": "orders_pkey","Relation Name": "orders","Alias": "orders","Startup Cost": 0.43,"Total Cost": 3.56,"Plan Rows": 1,"Plan Width": 20,"Actual Startup Time": 0.005,"Actual Total Time": 0.005,"Actual Rows": 1,"Actual Loops": 31349,"Index Cond": "(o_orderkey = lineitem.l_orderkey)","Rows Removed by Index Recheck": 0,"Workers": []}]}]}]}]}]},"Planning Time": 4.833,"Triggers": [],"Execution Time": 433.651}]
[{"Plan": {"Node Type": "Aggregate","Strategy": "Sorted","Partial Mode": "Finalize","Parallel Aware": false,"Async Capable": false,"Startup Cost": 173908.15,"Total Cost": 174058.68,"Plan Rows": 7,"Plan Width": 27,"Actual Startup Time": 397.851,"Actual Total Time": 432.837,"Actual Rows": 2,"Actual Loops": 1,"Group Key": ["lineitem.l_shipmode"],"Plans": [{"Node Type": "Gather Merge","Parent Relationship": "Outer","Parallel Aware": false,"Async Capable": false,"Startup Cost": 173908.15,"Total Cost": 174058.40,"Plan Rows": 28,"Plan Width": 27,"Actual Startup Time": 396.982,"Actual Total Time": 432.779,"Actual Rows": 10,"Actual Loops": 1,"Workers Planned": 4,"Workers Launched": 4,"Plans": [{"Node Type": "Aggregate","Strategy": "Sorted","Partial Mode": "Partial","Parent Relationship": "Outer","Parallel Aware": false,"Async Capable": false,"Startup Cost": 172908.10,"Total Cost": 173055.01,"Plan Rows": 7,"Plan Width": 27,"Actual Startup Time": 388.889,"Actual Total Time": 389.640,"Actual Rows": 2,"Actual Loops": 5,"Group Key": ["lineitem.l_shipmode"],"Workers": [],"Plans": [{"Node Type": "Sort","Parent Relationship": "Outer","Parallel Aware": false,"Async Capable": false,"Startup Cost": 172908.10,"Total Cost": 172926.45,"Plan Rows": 7342,"Plan Width": 27,"Actual Startup Time": 388.140,"Actual Total Time": 388.384,"Actual Rows": 6259,"Actual Loops": 5,"Sort Key": ["lineitem.l_shipmode"],"Sort Method": "quicksort","Sort Space Used": 638,"Sort Space Type": "Memory","Workers": [{"Worker Number": 0,"Sort Method": "quicksort","Sort Space Used": 634,"Sort Space Type": "Memory"},{"Worker Number": 1,"Sort Method": "quicksort","Sort Space Used": 631,"Sort Space Type": "Memory"},{"Worker Number": 2,"Sort Method": "quicksort","Sort Space Used": 627,"Sort Space Type": "Memory"},{"Worker Number": 3,"Sort Method": "quicksort","Sort Space Used": 633,"Sort Space Type": "Memory"}],"Plans": [{"Node Type": "Nested Loop","Parent Relationship": "Outer","Parallel Aware": false,"Async Capable": false,"Join Type": "Inner","Startup Cost": 0.43,"Total Cost": 172436.67,"Plan Rows": 7342,"Plan Width": 27,"Actual Startup Time": 0.322,"Actual Total Time": 385.237,"Actual Rows": 6259,"Actual Loops": 5,"Inner Unique": true,"Workers": [],"Plans": [{"Node Type": "Seq Scan","Parent Relationship": "Outer","Parallel Aware": true,"Async Capable": false,"Relation Name": "lineitem","Alias": "lineitem","Startup Cost": 0.00,"Total Cost": 146259.83,"Plan Rows": 7342,"Plan Width": 15,"Actual Startup Time": 0.240,"Actual Total Time": 349.807,"Actual Rows": 6259,"Actual Loops": 5,"Filter": "((l_shipmode = ANY ('{MAIL,RAIL}'::bpchar[])) AND (l_commitdate < l_receiptdate) AND (l_shipdate < l_commitdate) AND (l_receiptdate >= '1993-01-01'::date) AND (l_receiptdate < '1994-01-01 00:00:00'::timestamp without time zone))","Rows Removed by Filter": 1193984,"Workers": []},{"Node Type": "Index Scan","Parent Relationship": "Inner","Parallel Aware": false,"Async Capable": false,"Scan Direction": "Forward","Index Name": "orders_pkey","Relation Name": "orders","Alias": "orders","Startup Cost": 0.43,"Total Cost": 3.57,"Plan Rows": 1,"Plan Width": 20,"Actual Startup Time": 0.005,"Actual Total Time": 0.005,"Actual Rows": 1,"Actual Loops": 31295,"Index Cond": "(o_orderkey = lineitem.l_orderkey)","Rows Removed by Index Recheck": 0,"Workers": []}]}]}]}]}]},"Planning Time": 5.297,"Triggers": [],"Execution Time": 433.415}]
[{"Plan": {"Node Type": "Aggregate","Strategy": "Sorted","Partial Mode": "Finalize","Parallel Aware": false,"Async Capable": false,"Startup Cost": 173514.11,"Total Cost": 173661.00,"Plan Rows": 7,"Plan Width": 27,"Actual Startup Time": 395.765,"Actual Total Time": 429.313,"Actual Rows": 2,"Actual Loops": 1,"Group Key": ["lineitem.l_shipmode"],"Plans": [{"Node Type": "Gather Merge","Parent Relationship": "Outer","Parallel Aware": false,"Async Capable": false,"Startup Cost": 173514.11,"Total Cost": 173660.72,"Plan Rows": 28,"Plan Width": 27,"Actual Startup Time": 394.855,"Actual Total Time": 429.283,"Actual Rows": 10,"Actual Loops": 1,"Workers Planned": 4,"Workers Launched": 4,"Plans": [{"Node Type": "Aggregate","Strategy": "Sorted","Partial Mode": "Partial","Parent Relationship": "Outer","Parallel Aware": false,"Async Capable": false,"Startup Cost": 172514.05,"Total Cost": 172657.32,"Plan Rows": 7,"Plan Width": 27,"Actual Startup Time": 386.691,"Actual Total Time": 387.423,"Actual Rows": 2,"Actual Loops": 5,"Group Key": ["lineitem.l_shipmode"],"Workers": [],"Plans": [{"Node Type": "Sort","Parent Relationship": "Outer","Parallel Aware": false,"Async Capable": false,"Startup Cost": 172514.05,"Total Cost": 172531.95,"Plan Rows": 7160,"Plan Width": 27,"Actual Startup Time": 385.936,"Actual Total Time": 386.184,"Actual Rows": 6225,"Actual Loops": 5,"Sort Key": ["lineitem.l_shipmode"],"Sort Method": "quicksort","Sort Space Used": 644,"Sort Space Type": "Memory","Workers": [{"Worker Number": 0,"Sort Method": "quicksort","Sort Space Used": 623,"Sort Space Type": "Memory"},{"Worker Number": 1,"Sort Method": "quicksort","Sort Space Used": 627,"Sort Space Type": "Memory"},{"Worker Number": 2,"Sort Method": "quicksort","Sort Space Used": 626,"Sort Space Type": "Memory"},{"Worker Number": 3,"Sort Method": "quicksort","Sort Space Used": 631,"Sort Space Type": "Memory"}],"Plans": [{"Node Type": "Nested Loop","Parent Relationship": "Outer","Parallel Aware": false,"Async Capable": false,"Join Type": "Inner","Startup Cost": 0.43,"Total Cost": 172055.61,"Plan Rows": 7160,"Plan Width": 27,"Actual Startup Time": 0.328,"Actual Total Time": 383.043,"Actual Rows": 6225,"Actual Loops": 5,"Inner Unique": true,"Workers": [],"Plans": [{"Node Type": "Seq Scan","Parent Relationship": "Outer","Parallel Aware": true,"Async Capable": false,"Relation Name": "lineitem","Alias": "lineitem","Startup Cost": 0.00,"Total Cost": 146259.83,"Plan Rows": 7160,"Plan Width": 15,"Actual Startup Time": 0.208,"Actual Total Time": 348.867,"Actual Rows": 6225,"Actual Loops": 5,"Filter": "((l_shipmode = ANY ('{AIR,\"REG AIR\"}'::bpchar[])) AND (l_commitdate < l_receiptdate) AND (l_shipdate < l_commitdate) AND (l_receiptdate >= '1997-01-01'::date) AND (l_receiptdate < '1998-01-01 00:00:00'::timestamp without time zone))","Rows Removed by Filter": 1194018,"Workers": []},{"Node Type": "Index Scan","Parent Relationship": "Inner","Parallel Aware": false,"Async Capable": false,"Scan Direction": "Forward","Index Name": "orders_pkey","Relation Name": "orders","Alias": "orders","Startup Cost": 0.43,"Total Cost": 3.60,"Plan Rows": 1,"Plan Width": 20,"Actual Startup Time": 0.005,"Actual Total Time": 0.005,"Actual Rows": 1,"Actual Loops": 31125,"Index Cond": "(o_orderkey = lineitem.l_orderkey)","Rows Removed by Index Recheck": 0,"Workers": []}]}]}]}]}]},"Planning Time": 4.644,"Triggers": [],"Execution Time": 429.797}]
[{"Plan": {"Node Type": "Aggregate","Strategy": "Sorted","Partial Mode": "Finalize","Parallel Aware": false,"Async Capable": false,"Startup Cost": 173644.04,"Total Cost": 173792.13,"Plan Rows": 7,"Plan Width": 27,"Actual Startup Time": 401.925,"Actual Total Time": 436.038,"Actual Rows": 2,"Actual Loops": 1,"Group Key": ["lineitem.l_shipmode"],"Plans": [{"Node Type": "Gather Merge","Parent Relationship": "Outer","Parallel Aware": false,"Async Capable": false,"Startup Cost": 173644.04,"Total Cost": 173791.85,"Plan Rows": 28,"Plan Width": 27,"Actual Startup Time": 401.018,"Actual Total Time": 436.001,"Actual Rows": 10,"Actual Loops": 1,"Workers Planned": 4,"Workers Launched": 4,"Plans": [{"Node Type": "Aggregate","Strategy": "Sorted","Partial Mode": "Partial","Parent Relationship": "Outer","Parallel Aware": false,"Async Capable": false,"Startup Cost": 172643.98,"Total Cost": 172788.45,"Plan Rows": 7,"Plan Width": 27,"Actual Startup Time": 392.353,"Actual Total Time": 393.106,"Actual Rows": 2,"Actual Loops": 5,"Group Key": ["lineitem.l_shipmode"],"Workers": [],"Plans": [{"Node Type": "Sort","Parent Relationship": "Outer","Parallel Aware": false,"Async Capable": false,"Startup Cost": 172643.98,"Total Cost": 172662.03,"Plan Rows": 7220,"Plan Width": 27,"Actual Startup Time": 391.589,"Actual Total Time": 391.831,"Actual Rows": 6240,"Actual Loops": 5,"Sort Key": ["lineitem.l_shipmode"],"Sort Method": "quicksort","Sort Space Used": 646,"Sort Space Type": "Memory","Workers": [{"Worker Number": 0,"Sort Method": "quicksort","Sort Space Used": 637,"Sort Space Type": "Memory"},{"Worker Number": 1,"Sort Method": "quicksort","Sort Space Used": 631,"Sort Space Type": "Memory"},{"Worker Number": 2,"Sort Method": "quicksort","Sort Space Used": 611,"Sort Space Type": "Memory"},{"Worker Number": 3,"Sort Method": "quicksort","Sort Space Used": 631,"Sort Space Type": "Memory"}],"Plans": [{"Node Type": "Nested Loop","Parent Relationship": "Outer","Parallel Aware": false,"Async Capable": false,"Join Type": "Inner","Startup Cost": 0.43,"Total Cost": 172181.26,"Plan Rows": 7220,"Plan Width": 27,"Actual Startup Time": 0.329,"Actual Total Time": 388.712,"Actual Rows": 6240,"Actual Loops": 5,"Inner Unique": true,"Workers": [],"Plans": [{"Node Type": "Seq Scan","Parent Relationship": "Outer","Parallel Aware": true,"Async Capable": false,"Relation Name": "lineitem","Alias": "lineitem","Startup Cost": 0.00,"Total Cost": 146259.83,"Plan Rows": 7220,"Plan Width": 15,"Actual Startup Time": 0.223,"Actual Total Time": 352.793,"Actual Rows": 6240,"Actual Loops": 5,"Filter": "((l_shipmode = ANY ('{\"REG AIR\",MAIL}'::bpchar[])) AND (l_commitdate < l_receiptdate) AND (l_shipdate < l_commitdate) AND (l_receiptdate >= '1996-01-01'::date) AND (l_receiptdate < '1997-01-01 00:00:00'::timestamp without time zone))","Rows Removed by Filter": 1194003,"Workers": []},{"Node Type": "Index Scan","Parent Relationship": "Inner","Parallel Aware": false,"Async Capable": false,"Scan Direction": "Forward","Index Name": "orders_pkey","Relation Name": "orders","Alias": "orders","Startup Cost": 0.43,"Total Cost": 3.59,"Plan Rows": 1,"Plan Width": 20,"Actual Startup Time": 0.005,"Actual Total Time": 0.005,"Actual Rows": 1,"Actual Loops": 31200,"Index Cond": "(o_orderkey = lineitem.l_orderkey)","Rows Removed by Index Recheck": 0,"Workers": []}]}]}]}]}]},"Planning Time": 5.296,"Triggers": [],"Execution Time": 436.763}]
[{"Plan": {"Node Type": "Aggregate","Strategy": "Sorted","Partial Mode": "Finalize","Parallel Aware": false,"Async Capable": false,"Startup Cost": 173656.55,"Total Cost": 173804.76,"Plan Rows": 7,"Plan Width": 27,"Actual Startup Time": 406.696,"Actual Total Time": 440.785,"Actual Rows": 2,"Actual Loops": 1,"Group Key": ["lineitem.l_shipmode"],"Plans": [{"Node Type": "Gather Merge","Parent Relationship": "Outer","Parallel Aware": false,"Async Capable": false,"Startup Cost": 173656.55,"Total Cost": 173804.48,"Plan Rows": 28,"Plan Width": 27,"Actual Startup Time": 405.857,"Actual Total Time": 440.735,"Actual Rows": 10,"Actual Loops": 1,"Workers Planned": 4,"Workers Launched": 4,"Plans": [{"Node Type": "Aggregate","Strategy": "Sorted","Partial Mode": "Partial","Parent Relationship": "Outer","Parallel Aware": false,"Async Capable": false,"Startup Cost": 172656.49,"Total Cost": 172801.08,"Plan Rows": 7,"Plan Width": 27,"Actual Startup Time": 396.668,"Actual Total Time": 397.398,"Actual Rows": 2,"Actual Loops": 5,"Group Key": ["lineitem.l_shipmode"],"Workers": [],"Plans": [{"Node Type": "Sort","Parent Relationship": "Outer","Parallel Aware": false,"Async Capable": false,"Startup Cost": 172656.49,"Total Cost": 172674.56,"Plan Rows": 7226,"Plan Width": 27,"Actual Startup Time": 395.916,"Actual Total Time": 396.167,"Actual Rows": 6230,"Actual Loops": 5,"Sort Key": ["lineitem.l_shipmode"],"Sort Method": "quicksort","Sort Space Used": 631,"Sort Space Type": "Memory","Workers": [{"Worker Number": 0,"Sort Method": "quicksort","Sort Space Used": 632,"Sort Space Type": "Memory"},{"Worker Number": 1,"Sort Method": "quicksort","Sort Space Used": 638,"Sort Space Type": "Memory"},{"Worker Number": 2,"Sort Method": "quicksort","Sort Space Used": 638,"Sort Space Type": "Memory"},{"Worker Number": 3,"Sort Method": "quicksort","Sort Space Used": 613,"Sort Space Type": "Memory"}],"Plans": [{"Node Type": "Nested Loop","Parent Relationship": "Outer","Parallel Aware": false,"Async Capable": false,"Join Type": "Inner","Startup Cost": 0.43,"Total Cost": 172193.34,"Plan Rows": 7226,"Plan Width": 27,"Actual Startup Time": 0.260,"Actual Total Time": 392.972,"Actual Rows": 6230,"Actual Loops": 5,"Inner Unique": true,"Workers": [],"Plans": [{"Node Type": "Seq Scan","Parent Relationship": "Outer","Parallel Aware": true,"Async Capable": false,"Relation Name": "lineitem","Alias": "lineitem","Startup Cost": 0.00,"Total Cost": 146259.83,"Plan Rows": 7226,"Plan Width": 15,"Actual Startup Time": 0.132,"Actual Total Time": 356.922,"Actual Rows": 6230,"Actual Loops": 5,"Filter": "((l_shipmode = ANY ('{\"REG AIR\",FOB}'::bpchar[])) AND (l_commitdate < l_receiptdate) AND (l_shipdate < l_commitdate) AND (l_receiptdate >= '1997-01-01'::date) AND (l_receiptdate < '1998-01-01 00:00:00'::timestamp without time zone))","Rows Removed by Filter": 1194013,"Workers": []},{"Node Type": "Index Scan","Parent Relationship": "Inner","Parallel Aware": false,"Async Capable": false,"Scan Direction": "Forward","Index Name": "orders_pkey","Relation Name": "orders","Alias": "orders","Startup Cost": 0.43,"Total Cost": 3.59,"Plan Rows": 1,"Plan Width": 20,"Actual Startup Time": 0.005,"Actual Total Time": 0.005,"Actual Rows": 1,"Actual Loops": 31149,"Index Cond": "(o_orderkey = lineitem.l_orderkey)","Rows Removed by Index Recheck": 0,"Workers": []}]}]}]}]}]},"Planning Time": 5.430,"Triggers": [],"Execution Time": 441.465}]
[{"Plan": {"Node Type": "Aggregate","Strategy": "Sorted","Partial Mode": "Finalize","Parallel Aware": false,"Async Capable": false,"Startup Cost": 173848.16,"Total Cost": 173998.13,"Plan Rows": 7,"Plan Width": 27,"Actual Startup Time": 401.562,"Actual Total Time": 435.026,"Actual Rows": 2,"Actual Loops": 1,"Group Key": ["lineitem.l_shipmode"],"Plans": [{"Node Type": "Gather Merge","Parent Relationship": "Outer","Parallel Aware": false,"Async Capable": false,"Startup Cost": 173848.16,"Total Cost": 173997.85,"Plan Rows": 28,"Plan Width": 27,"Actual Startup Time": 400.671,"Actual Total Time": 434.991,"Actual Rows": 10,"Actual Loops": 1,"Workers Planned": 4,"Workers Launched": 4,"Plans": [{"Node Type": "Aggregate","Strategy": "Sorted","Partial Mode": "Partial","Parent Relationship": "Outer","Parallel Aware": false,"Async Capable": false,"Startup Cost": 172848.10,"Total Cost": 172994.45,"Plan Rows": 7,"Plan Width": 27,"Actual Startup Time": 392.034,"Actual Total Time": 392.801,"Actual Rows": 2,"Actual Loops": 5,"Group Key": ["lineitem.l_shipmode"],"Workers": [],"Plans": [{"Node Type": "Sort","Parent Relationship": "Outer","Parallel Aware": false,"Async Capable": false,"Startup Cost": 172848.10,"Total Cost": 172866.39,"Plan Rows": 7314,"Plan Width": 27,"Actual Startup Time": 391.274,"Actual Total Time": 391.533,"Actual Rows": 6237,"Actual Loops": 5,"Sort Key": ["lineitem.l_shipmode"],"Sort Method": "quicksort","Sort Space Used": 640,"Sort Space Type": "Memory","Workers": [{"Worker Number": 0,"Sort Method": "quicksort","Sort Space Used": 629,"Sort Space Type": "Memory"},{"Worker Number": 1,"Sort Method": "quicksort","Sort Space Used": 642,"Sort Space Type": "Memory"},{"Worker Number": 2,"Sort Method": "quicksort","Sort Space Used": 622,"Sort Space Type": "Memory"},{"Worker Number": 3,"Sort Method": "quicksort","Sort Space Used": 622,"Sort Space Type": "Memory"}],"Plans": [{"Node Type": "Nested Loop","Parent Relationship": "Outer","Parallel Aware": false,"Async Capable": false,"Join Type": "Inner","Startup Cost": 0.43,"Total Cost": 172378.68,"Plan Rows": 7314,"Plan Width": 27,"Actual Startup Time": 0.437,"Actual Total Time": 388.411,"Actual Rows": 6237,"Actual Loops": 5,"Inner Unique": true,"Workers": [],"Plans": [{"Node Type": "Seq Scan","Parent Relationship": "Outer","Parallel Aware": true,"Async Capable": false,"Relation Name": "lineitem","Alias": "lineitem","Startup Cost": 0.00,"Total Cost": 146259.83,"Plan Rows": 7314,"Plan Width": 15,"Actual Startup Time": 0.325,"Actual Total Time": 353.860,"Actual Rows": 6237,"Actual Loops": 5,"Filter": "((l_shipmode = ANY ('{AIR,MAIL}'::bpchar[])) AND (l_commitdate < l_receiptdate) AND (l_shipdate < l_commitdate) AND (l_receiptdate >= '1993-01-01'::date) AND (l_receiptdate < '1994-01-01 00:00:00'::timestamp without time zone))","Rows Removed by Filter": 1194006,"Workers": []},{"Node Type": "Index Scan","Parent Relationship": "Inner","Parallel Aware": false,"Async Capable": false,"Scan Direction": "Forward","Index Name": "orders_pkey","Relation Name": "orders","Alias": "orders","Startup Cost": 0.43,"Total Cost": 3.57,"Plan Rows": 1,"Plan Width": 20,"Actual Startup Time": 0.005,"Actual Total Time": 0.005,"Actual Rows": 1,"Actual Loops": 31186,"Index Cond": "(o_orderkey = lineitem.l_orderkey)","Rows Removed by Index Recheck": 0,"Workers": []}]}]}]}]}]},"Planning Time": 5.452,"Triggers": [],"Execution Time": 435.515}]
[{"Plan": {"Node Type": "Aggregate","Strategy": "Sorted","Partial Mode": "Finalize","Parallel Aware": false,"Async Capable": false,"Startup Cost": 173525.96,"Total Cost": 173672.97,"Plan Rows": 7,"Plan Width": 27,"Actual Startup Time": 392.329,"Actual Total Time": 427.357,"Actual Rows": 2,"Actual Loops": 1,"Group Key": ["lineitem.l_shipmode"],"Plans": [{"Node Type": "Gather Merge","Parent Relationship": "Outer","Parallel Aware": false,"Async Capable": false,"Startup Cost": 173525.96,"Total Cost": 173672.69,"Plan Rows": 28,"Plan Width": 27,"Actual Startup Time": 391.501,"Actual Total Time": 427.321,"Actual Rows": 10,"Actual Loops": 1,"Workers Planned": 4,"Workers Launched": 4,"Plans": [{"Node Type": "Aggregate","Strategy": "Sorted","Partial Mode": "Partial","Parent Relationship": "Outer","Parallel Aware": false,"Async Capable": false,"Startup Cost": 172525.90,"Total Cost": 172669.29,"Plan Rows": 7,"Plan Width": 27,"Actual Startup Time": 382.676,"Actual Total Time": 383.419,"Actual Rows": 2,"Actual Loops": 5,"Group Key": ["lineitem.l_shipmode"],"Workers": [],"Plans": [{"Node Type": "Sort","Parent Relationship": "Outer","Parallel Aware": false,"Async Capable": false,"Startup Cost": 172525.90,"Total Cost": 172543.82,"Plan Rows": 7166,"Plan Width": 27,"Actual Startup Time": 381.922,"Actual Total Time": 382.183,"Actual Rows": 6234,"Actual Loops": 5,"Sort Key": ["lineitem.l_shipmode"],"Sort Method": "quicksort","Sort Space Used": 644,"Sort Space Type": "Memory","Workers": [{"Worker Number": 0,"Sort Method": "quicksort","Sort Space Used": 630,"Sort Space Type": "Memory"},{"Worker Number": 1,"Sort Method": "quicksort","Sort Space Used": 635,"Sort Space Type": "Memory"},{"Worker Number": 2,"Sort Method": "quicksort","Sort Space Used": 619,"Sort Space Type": "Memory"},{"Worker Number": 3,"Sort Method": "quicksort","Sort Space Used": 626,"Sort Space Type": "Memory"}],"Plans": [{"Node Type": "Nested Loop","Parent Relationship": "Outer","Parallel Aware": false,"Async Capable": false,"Join Type": "Inner","Startup Cost": 0.43,"Total Cost": 172067.03,"Plan Rows": 7166,"Plan Width": 27,"Actual Startup Time": 0.347,"Actual Total Time": 379.013,"Actual Rows": 6234,"Actual Loops": 5,"Inner Unique": true,"Workers": [],"Plans": [{"Node Type": "Seq Scan","Parent Relationship": "Outer","Parallel Aware": true,"Async Capable": false,"Relation Name": "lineitem","Alias": "lineitem","Startup Cost": 0.00,"Total Cost": 146259.83,"Plan Rows": 7166,"Plan Width": 15,"Actual Startup Time": 0.233,"Actual Total Time": 344.447,"Actual Rows": 6234,"Actual Loops": 5,"Filter": "((l_shipmode = ANY ('{\"REG AIR\",AIR}'::bpchar[])) AND (l_commitdate < l_receiptdate) AND (l_shipdate < l_commitdate) AND (l_receiptdate >= '1996-01-01'::date) AND (l_receiptdate < '1997-01-01 00:00:00'::timestamp without time zone))","Rows Removed by Filter": 1194009,"Workers": []},{"Node Type": "Index Scan","Parent Relationship": "Inner","Parallel Aware": false,"Async Capable": false,"Scan Direction": "Forward","Index Name": "orders_pkey","Relation Name": "orders","Alias": "orders","Startup Cost": 0.43,"Total Cost": 3.60,"Plan Rows": 1,"Plan Width": 20,"Actual Startup Time": 0.005,"Actual Total Time": 0.005,"Actual Rows": 1,"Actual Loops": 31171,"Index Cond": "(o_orderkey = lineitem.l_orderkey)","Rows Removed by Index Recheck": 0,"Workers": []}]}]}]}]}]},"Planning Time": 5.310,"Triggers": [],"Execution Time": 428.039}]
[{"Plan": {"Node Type": "Aggregate","Strategy": "Sorted","Partial Mode": "Finalize","Parallel Aware": false,"Async Capable": false,"Startup Cost": 173623.66,"Total Cost": 173771.59,"Plan Rows": 7,"Plan Width": 27,"Actual Startup Time": 408.381,"Actual Total Time": 442.186,"Actual Rows": 2,"Actual Loops": 1,"Group Key": ["lineitem.l_shipmode"],"Plans": [{"Node Type": "Gather Merge","Parent Relationship": "Outer","Parallel Aware": false,"Async Capable": false,"Startup Cost": 173623.66,"Total Cost": 173771.31,"Plan Rows": 28,"Plan Width": 27,"Actual Startup Time": 407.560,"Actual Total Time": 442.140,"Actual Rows": 10,"Actual Loops": 1,"Workers Planned": 4,"Workers Launched": 4,"Plans": [{"Node Type": "Aggregate","Strategy": "Sorted","Partial Mode": "Partial","Parent Relationship": "Outer","Parallel Aware": false,"Async Capable": false,"Startup Cost": 172623.60,"Total Cost": 172767.91,"Plan Rows": 7,"Plan Width": 27,"Actual Startup Time": 398.418,"Actual Total Time": 399.168,"Actual Rows": 2,"Actual Loops": 5,"Group Key": ["lineitem.l_shipmode"],"Workers": [],"Plans": [{"Node Type": "Sort","Parent Relationship": "Outer","Parallel Aware": false,"Async Capable": false,"Startup Cost": 172623.60,"Total Cost": 172641.63,"Plan Rows": 7212,"Plan Width": 27,"Actual Startup Time": 397.657,"Actual Total Time": 397.924,"Actual Rows": 6242,"Actual Loops": 5,"Sort Key": ["lineitem.l_shipmode"],"Sort Method": "quicksort","Sort Space Used": 625,"Sort Space Type": "Memory","Workers": [{"Worker Number": 0,"Sort Method": "quicksort","Sort Space Used": 610,"Sort Space Type": "Memory"},{"Worker Number": 1,"Sort Method": "quicksort","Sort Space Used": 645,"Sort Space Type": "Memory"},{"Worker Number": 2,"Sort Method": "quicksort","Sort Space Used": 640,"Sort Space Type": "Memory"},{"Worker Number": 3,"Sort Method": "quicksort","Sort Space Used": 637,"Sort Space Type": "Memory"}],"Plans": [{"Node Type": "Nested Loop","Parent Relationship": "Outer","Parallel Aware": false,"Async Capable": false,"Join Type": "Inner","Startup Cost": 0.43,"Total Cost": 172161.45,"Plan Rows": 7212,"Plan Width": 27,"Actual Startup Time": 0.348,"Actual Total Time": 394.587,"Actual Rows": 6242,"Actual Loops": 5,"Inner Unique": true,"Workers": [],"Plans": [{"Node Type": "Seq Scan","Parent Relationship": "Outer","Parallel Aware": true,"Async Capable": false,"Relation Name": "lineitem","Alias": "lineitem","Startup Cost": 0.00,"Total Cost": 146259.83,"Plan Rows": 7211,"Plan Width": 15,"Actual Startup Time": 0.208,"Actual Total Time": 357.831,"Actual Rows": 6242,"Actual Loops": 5,"Filter": "((l_shipmode = ANY ('{TRUCK,\"REG AIR\"}'::bpchar[])) AND (l_commitdate < l_receiptdate) AND (l_shipdate < l_commitdate) AND (l_receiptdate >= '1996-01-01'::date) AND (l_receiptdate < '1997-01-01 00:00:00'::timestamp without time zone))","Rows Removed by Filter": 1194001,"Workers": []},{"Node Type": "Index Scan","Parent Relationship": "Inner","Parallel Aware": false,"Async Capable": false,"Scan Direction": "Forward","Index Name": "orders_pkey","Relation Name": "orders","Alias": "orders","Startup Cost": 0.43,"Total Cost": 3.59,"Plan Rows": 1,"Plan Width": 20,"Actual Startup Time": 0.005,"Actual Total Time": 0.005,"Actual Rows": 1,"Actual Loops": 31208,"Index Cond": "(o_orderkey = lineitem.l_orderkey)","Rows Removed by Index Recheck": 0,"Workers": []}]}]}]}]}]},"Planning Time": 4.243,"Triggers": [],"Execution Time": 442.857}]
[{"Plan": {"Node Type": "Aggregate","Strategy": "Sorted","Partial Mode": "Finalize","Parallel Aware": false,"Async Capable": false,"Startup Cost": 173656.55,"Total Cost": 173804.76,"Plan Rows": 7,"Plan Width": 27,"Actual Startup Time": 393.284,"Actual Total Time": 426.903,"Actual Rows": 2,"Actual Loops": 1,"Group Key": ["lineitem.l_shipmode"],"Plans": [{"Node Type": "Gather Merge","Parent Relationship": "Outer","Parallel Aware": false,"Async Capable": false,"Startup Cost": 173656.55,"Total Cost": 173804.48,"Plan Rows": 28,"Plan Width": 27,"Actual Startup Time": 392.482,"Actual Total Time": 426.878,"Actual Rows": 10,"Actual Loops": 1,"Workers Planned": 4,"Workers Launched": 4,"Plans": [{"Node Type": "Aggregate","Strategy": "Sorted","Partial Mode": "Partial","Parent Relationship": "Outer","Parallel Aware": false,"Async Capable": false,"Startup Cost": 172656.49,"Total Cost": 172801.08,"Plan Rows": 7,"Plan Width": 27,"Actual Startup Time": 384.446,"Actual Total Time": 385.180,"Actual Rows": 2,"Actual Loops": 5,"Group Key": ["lineitem.l_shipmode"],"Workers": [],"Plans": [{"Node Type": "Sort","Parent Relationship": "Outer","Parallel Aware": false,"Async Capable": false,"Startup Cost": 172656.49,"Total Cost": 172674.56,"Plan Rows": 7226,"Plan Width": 27,"Actual Startup Time": 383.702,"Actual Total Time": 383.944,"Actual Rows": 6230,"Actual Loops": 5,"Sort Key": ["lineitem.l_shipmode"],"Sort Method": "quicksort","Sort Space Used": 634,"Sort Space Type": "Memory","Workers": [{"Worker Number": 0,"Sort Method": "quicksort","Sort Space Used": 635,"Sort Space Type": "Memory"},{"Worker Number": 1,"Sort Method": "quicksort","Sort Space Used": 626,"Sort Space Type": "Memory"},{"Worker Number": 2,"Sort Method": "quicksort","Sort Space Used": 623,"Sort Space Type": "Memory"},{"Worker Number": 3,"Sort Method": "quicksort","Sort Space Used": 635,"Sort Space Type": "Memory"}],"Plans": [{"Node Type": "Nested Loop","Parent Relationship": "Outer","Parallel Aware": false,"Async Capable": false,"Join Type": "Inner","Startup Cost": 0.43,"Total Cost": 172193.34,"Plan Rows": 7226,"Plan Width": 27,"Actual Startup Time": 0.229,"Actual Total Time": 380.938,"Actual Rows": 6230,"Actual Loops": 5,"Inner Unique": true,"Workers": [],"Plans": [{"Node Type": "Seq Scan","Parent Relationship": "Outer","Parallel Aware": true,"Async Capable": false,"Relation Name": "lineitem","Alias": "lineitem","Startup Cost": 0.00,"Total Cost": 146259.83,"Plan Rows": 7226,"Plan Width": 15,"Actual Startup Time": 0.112,"Actual Total Time": 346.571,"Actual Rows": 6230,"Actual Loops": 5,"Filter": "((l_shipmode = ANY ('{FOB,\"REG AIR\"}'::bpchar[])) AND (l_commitdate < l_receiptdate) AND (l_shipdate < l_commitdate) AND (l_receiptdate >= '1997-01-01'::date) AND (l_receiptdate < '1998-01-01 00:00:00'::timestamp without time zone))","Rows Removed by Filter": 1194013,"Workers": []},{"Node Type": "Index Scan","Parent Relationship": "Inner","Parallel Aware": false,"Async Capable": false,"Scan Direction": "Forward","Index Name": "orders_pkey","Relation Name": "orders","Alias": "orders","Startup Cost": 0.43,"Total Cost": 3.59,"Plan Rows": 1,"Plan Width": 20,"Actual Startup Time": 0.005,"Actual Total Time": 0.005,"Actual Rows": 1,"Actual Loops": 31149,"Index Cond": "(o_orderkey = lineitem.l_orderkey)","Rows Removed by Index Recheck": 0,"Workers": []}]}]}]}]}]},"Planning Time": 3.907,"Triggers": [],"Execution Time": 427.292}]
[{"Plan": {"Node Type": "Aggregate","Strategy": "Sorted","Partial Mode": "Finalize","Parallel Aware": false,"Async Capable": false,"Startup Cost": 173469.49,"Total Cost": 173615.98,"Plan Rows": 7,"Plan Width": 27,"Actual Startup Time": 402.241,"Actual Total Time": 436.650,"Actual Rows": 2,"Actual Loops": 1,"Group Key": ["lineitem.l_shipmode"],"Plans": [{"Node Type": "Gather Merge","Parent Relationship": "Outer","Parallel Aware": false,"Async Capable": false,"Startup Cost": 173469.49,"Total Cost": 173615.70,"Plan Rows": 28,"Plan Width": 27,"Actual Startup Time": 401.378,"Actual Total Time": 436.616,"Actual Rows": 10,"Actual Loops": 1,"Workers Planned": 4,"Workers Launched": 4,"Plans": [{"Node Type": "Aggregate","Strategy": "Sorted","Partial Mode": "Partial","Parent Relationship": "Outer","Parallel Aware": false,"Async Capable": false,"Startup Cost": 172469.43,"Total Cost": 172612.30,"Plan Rows": 7,"Plan Width": 27,"Actual Startup Time": 392.971,"Actual Total Time": 393.711,"Actual Rows": 2,"Actual Loops": 5,"Group Key": ["lineitem.l_shipmode"],"Workers": [],"Plans": [{"Node Type": "Sort","Parent Relationship": "Outer","Parallel Aware": false,"Async Capable": false,"Startup Cost": 172469.43,"Total Cost": 172487.28,"Plan Rows": 7140,"Plan Width": 27,"Actual Startup Time": 392.227,"Actual Total Time": 392.472,"Actual Rows": 6198,"Actual Loops": 5,"Sort Key": ["lineitem.l_shipmode"],"Sort Method": "quicksort","Sort Space Used": 643,"Sort Space Type": "Memory","Workers": [{"Worker Number": 0,"Sort Method": "quicksort","Sort Space Used": 633,"Sort Space Type": "Memory"},{"Worker Number": 1,"Sort Method": "quicksort","Sort Space Used": 615,"Sort Space Type": "Memory"},{"Worker Number": 2,"Sort Method": "quicksort","Sort Space Used": 635,"Sort Space Type": "Memory"},{"Worker Number": 3,"Sort Method": "quicksort","Sort Space Used": 615,"Sort Space Type": "Memory"}],"Plans": [{"Node Type": "Nested Loop","Parent Relationship": "Outer","Parallel Aware": false,"Async Capable": false,"Join Type": "Inner","Startup Cost": 0.43,"Total Cost": 172012.41,"Plan Rows": 7140,"Plan Width": 27,"Actual Startup Time": 0.338,"Actual Total Time": 389.296,"Actual Rows": 6198,"Actual Loops": 5,"Inner Unique": true,"Workers": [],"Plans": [{"Node Type": "Seq Scan","Parent Relationship": "Outer","Parallel Aware": true,"Async Capable": false,"Relation Name": "lineitem","Alias": "lineitem","Startup Cost": 0.00,"Total Cost": 146259.83,"Plan Rows": 7140,"Plan Width": 15,"Actual Startup Time": 0.194,"Actual Total Time": 354.223,"Actual Rows": 6198,"Actual Loops": 5,"Filter": "((l_shipmode = ANY ('{SHIP,MAIL}'::bpchar[])) AND (l_commitdate < l_receiptdate) AND (l_shipdate < l_commitdate) AND (l_receiptdate >= '1994-01-01'::date) AND (l_receiptdate < '1995-01-01 00:00:00'::timestamp without time zone))","Rows Removed by Filter": 1194045,"Workers": []},{"Node Type": "Index Scan","Parent Relationship": "Inner","Parallel Aware": false,"Async Capable": false,"Scan Direction": "Forward","Index Name": "orders_pkey","Relation Name": "orders","Alias": "orders","Startup Cost": 0.43,"Total Cost": 3.61,"Plan Rows": 1,"Plan Width": 20,"Actual Startup Time": 0.005,"Actual Total Time": 0.005,"Actual Rows": 1,"Actual Loops": 30988,"Index Cond": "(o_orderkey = lineitem.l_orderkey)","Rows Removed by Index Recheck": 0,"Workers": []}]}]}]}]}]},"Planning Time": 3.975,"Triggers": [],"Execution Time": 437.106}]
[{"Plan": {"Node Type": "Aggregate","Strategy": "Sorted","Partial Mode": "Finalize","Parallel Aware": false,"Async Capable": false,"Startup Cost": 173670.87,"Total Cost": 173819.19,"Plan Rows": 7,"Plan Width": 27,"Actual Startup Time": 404.675,"Actual Total Time": 438.377,"Actual Rows": 2,"Actual Loops": 1,"Group Key": ["lineitem.l_shipmode"],"Plans": [{"Node Type": "Gather Merge","Parent Relationship": "Outer","Parallel Aware": false,"Async Capable": false,"Startup Cost": 173670.87,"Total Cost": 173818.91,"Plan Rows": 28,"Plan Width": 27,"Actual Startup Time": 403.820,"Actual Total Time": 438.340,"Actual Rows": 10,"Actual Loops": 1,"Workers Planned": 4,"Workers Launched": 4,"Plans": [{"Node Type": "Aggregate","Strategy": "Sorted","Partial Mode": "Partial","Parent Relationship": "Outer","Parallel Aware": false,"Async Capable": false,"Startup Cost": 172670.81,"Total Cost": 172815.52,"Plan Rows": 7,"Plan Width": 27,"Actual Startup Time": 395.863,"Actual Total Time": 396.615,"Actual Rows": 2,"Actual Loops": 5,"Group Key": ["lineitem.l_shipmode"],"Workers": [],"Plans": [{"Node Type": "Sort","Parent Relationship": "Outer","Parallel Aware": false,"Async Capable": false,"Startup Cost": 172670.81,"Total Cost": 172688.89,"Plan Rows": 7232,"Plan Width": 27,"Actual Startup Time": 395.101,"Actual Total Time": 395.367,"Actual Rows": 6281,"Actual Loops": 5,"Sort Key": ["lineitem.l_shipmode"],"Sort Method": "quicksort","Sort Space Used": 656,"Sort Space Type": "Memory","Workers": [{"Worker Number": 0,"Sort Method": "quicksort","Sort Space Used": 624,"Sort Space Type": "Memory"},{"Worker Number": 1,"Sort Method": "quicksort","Sort Space Used": 627,"Sort Space Type": "Memory"},{"Worker Number": 2,"Sort Method": "quicksort","Sort Space Used": 639,"Sort Space Type": "Memory"},{"Worker Number": 3,"Sort Method": "quicksort","Sort Space Used": 625,"Sort Space Type": "Memory"}],"Plans": [{"Node Type": "Nested Loop","Parent Relationship": "Outer","Parallel Aware": false,"Async Capable": false,"Join Type": "Inner","Startup Cost": 0.43,"Total Cost": 172207.23,"Plan Rows": 7232,"Plan Width": 27,"Actual Startup Time": 0.235,"Actual Total Time": 392.159,"Actual Rows": 6281,"Actual Loops": 5,"Inner Unique": true,"Workers": [],"Plans": [{"Node Type": "Seq Scan","Parent Relationship": "Outer","Parallel Aware": true,"Async Capable": false,"Relation Name": "lineitem","Alias": "lineitem","Startup Cost": 0.00,"Total Cost": 146259.83,"Plan Rows": 7232,"Plan Width": 15,"Actual Startup Time": 0.120,"Actual Total Time": 356.368,"Actual Rows": 6281,"Actual Loops": 5,"Filter": "((l_shipmode = ANY ('{FOB,SHIP}'::bpchar[])) AND (l_commitdate < l_receiptdate) AND (l_shipdate < l_commitdate) AND (l_receiptdate >= '1996-01-01'::date) AND (l_receiptdate < '1997-01-01 00:00:00'::timestamp without time zone))","Rows Removed by Filter": 1193962,"Workers": []},{"Node Type": "Index Scan","Parent Relationship": "Inner","Parallel Aware": false,"Async Capable": false,"Scan Direction": "Forward","Index Name": "orders_pkey","Relation Name": "orders","Alias": "orders","Startup Cost": 0.43,"Total Cost": 3.59,"Plan Rows": 1,"Plan Width": 20,"Actual Startup Time": 0.005,"Actual Total Time": 0.005,"Actual Rows": 1,"Actual Loops": 31403,"Index Cond": "(o_orderkey = lineitem.l_orderkey)","Rows Removed by Index Recheck": 0,"Workers": []}]}]}]}]}]},"Planning Time": 4.303,"Triggers": [],"Execution Time": 438.798}]
[{"Plan": {"Node Type": "Aggregate","Strategy": "Sorted","Partial Mode": "Finalize","Parallel Aware": false,"Async Capable": false,"Startup Cost": 173715.30,"Total Cost": 173864.04,"Plan Rows": 7,"Plan Width": 27,"Actual Startup Time": 393.824,"Actual Total Time": 428.215,"Actual Rows": 2,"Actual Loops": 1,"Group Key": ["lineitem.l_shipmode"],"Plans": [{"Node Type": "Gather Merge","Parent Relationship": "Outer","Parallel Aware": false,"Async Capable": false,"Startup Cost": 173715.30,"Total Cost": 173863.76,"Plan Rows": 28,"Plan Width": 27,"Actual Startup Time": 392.930,"Actual Total Time": 428.163,"Actual Rows": 10,"Actual Loops": 1,"Workers Planned": 4,"Workers Launched": 4,"Plans": [{"Node Type": "Aggregate","Strategy": "Sorted","Partial Mode": "Partial","Parent Relationship": "Outer","Parallel Aware": false,"Async Capable": false,"Startup Cost": 172715.24,"Total Cost": 172860.37,"Plan Rows": 7,"Plan Width": 27,"Actual Startup Time": 384.685,"Actual Total Time": 385.423,"Actual Rows": 2,"Actual Loops": 5,"Group Key": ["lineitem.l_shipmode"],"Workers": [],"Plans": [{"Node Type": "Sort","Parent Relationship": "Outer","Parallel Aware": false,"Async Capable": false,"Startup Cost": 172715.24,"Total Cost": 172733.37,"Plan Rows": 7253,"Plan Width": 27,"Actual Startup Time": 383.922,"Actual Total Time": 384.181,"Actual Rows": 6220,"Actual Loops": 5,"Sort Key": ["lineitem.l_shipmode"],"Sort Method": "quicksort","Sort Space Used": 634,"Sort Space Type": "Memory","Workers": [{"Worker Number": 0,"Sort Method": "quicksort","Sort Space Used": 628,"Sort Space Type": "Memory"},{"Worker Number": 1,"Sort Method": "quicksort","Sort Space Used": 627,"Sort Space Type": "Memory"},{"Worker Number": 2,"Sort Method": "quicksort","Sort Space Used": 628,"Sort Space Type": "Memory"},{"Worker Number": 3,"Sort Method": "quicksort","Sort Space Used": 632,"Sort Space Type": "Memory"}],"Plans": [{"Node Type": "Nested Loop","Parent Relationship": "Outer","Parallel Aware": false,"Async Capable": false,"Join Type": "Inner","Startup Cost": 0.43,"Total Cost": 172250.16,"Plan Rows": 7253,"Plan Width": 27,"Actual Startup Time": 0.616,"Actual Total Time": 381.010,"Actual Rows": 6220,"Actual Loops": 5,"Inner Unique": true,"Workers": [],"Plans": [{"Node Type": "Seq Scan","Parent Relationship": "Outer","Parallel Aware": true,"Async Capable": false,"Relation Name": "lineitem","Alias": "lineitem","Startup Cost": 0.00,"Total Cost": 146259.83,"Plan Rows": 7253,"Plan Width": 15,"Actual Startup Time": 0.498,"Actual Total Time": 345.776,"Actual Rows": 6220,"Actual Loops": 5,"Filter": "((l_shipmode = ANY ('{AIR,\"REG AIR\"}'::bpchar[])) AND (l_commitdate < l_receiptdate) AND (l_shipdate < l_commitdate) AND (l_receiptdate >= '1993-01-01'::date) AND (l_receiptdate < '1994-01-01 00:00:00'::timestamp without time zone))","Rows Removed by Filter": 1194023,"Workers": []},{"Node Type": "Index Scan","Parent Relationship": "Inner","Parallel Aware": false,"Async Capable": false,"Scan Direction": "Forward","Index Name": "orders_pkey","Relation Name": "orders","Alias": "orders","Startup Cost": 0.43,"Total Cost": 3.58,"Plan Rows": 1,"Plan Width": 20,"Actual Startup Time": 0.005,"Actual Total Time": 0.005,"Actual Rows": 1,"Actual Loops": 31100,"Index Cond": "(o_orderkey = lineitem.l_orderkey)","Rows Removed by Index Recheck": 0,"Workers": []}]}]}]}]}]},"Planning Time": 4.792,"Triggers": [],"Execution Time": 428.866}]
[{"Plan": {"Node Type": "Aggregate","Strategy": "Sorted","Partial Mode": "Finalize","Parallel Aware": false,"Async Capable": false,"Startup Cost": 173989.00,"Total Cost": 174140.29,"Plan Rows": 7,"Plan Width": 27,"Actual Startup Time": 400.246,"Actual Total Time": 434.461,"Actual Rows": 2,"Actual Loops": 1,"Group Key": ["lineitem.l_shipmode"],"Plans": [{"Node Type": "Gather Merge","Parent Relationship": "Outer","Parallel Aware": false,"Async Capable": false,"Startup Cost": 173989.00,"Total Cost": 174140.01,"Plan Rows": 28,"Plan Width": 27,"Actual Startup Time": 399.317,"Actual Total Time": 434.410,"Actual Rows": 10,"Actual Loops": 1,"Workers Planned": 4,"Workers Launched": 4,"Plans": [{"Node Type": "Aggregate","Strategy": "Sorted","Partial Mode": "Partial","Parent Relationship": "Outer","Parallel Aware": false,"Async Capable": false,"Startup Cost": 172988.94,"Total Cost": 173136.61,"Plan Rows": 7,"Plan Width": 27,"Actual Startup Time": 390.989,"Actual Total Time": 391.738,"Actual Rows": 2,"Actual Loops": 5,"Group Key": ["lineitem.l_shipmode"],"Workers": [],"Plans": [{"Node Type": "Sort","Parent Relationship": "Outer","Parallel Aware": false,"Async Capable": false,"Startup Cost": 172988.94,"Total Cost": 173007.39,"Plan Rows": 7380,"Plan Width": 27,"Actual Startup Time": 390.234,"Actual Total Time": 390.499,"Actual Rows": 6215,"Actual Loops": 5,"Sort Key": ["lineitem.l_shipmode"],"Sort Method": "quicksort","Sort Space Used": 636,"Sort Space Type": "Memory","Workers": [{"Worker Number": 0,"Sort Method": "quicksort","Sort Space Used": 639,"Sort Space Type": "Memory"},{"Worker Number": 1,"Sort Method": "quicksort","Sort Space Used": 620,"Sort Space Type": "Memory"},{"Worker Number": 2,"Sort Method": "quicksort","Sort Space Used": 629,"Sort Space Type": "Memory"},{"Worker Number": 3,"Sort Method": "quicksort","Sort Space Used": 624,"Sort Space Type": "Memory"}],"Plans": [{"Node Type": "Nested Loop","Parent Relationship": "Outer","Parallel Aware": false,"Async Capable": false,"Join Type": "Inner","Startup Cost": 0.43,"Total Cost": 172514.80,"Plan Rows": 7380,"Plan Width": 27,"Actual Startup Time": 0.305,"Actual Total Time": 387.332,"Actual Rows": 6215,"Actual Loops": 5,"Inner Unique": true,"Workers": [],"Plans": [{"Node Type": "Seq Scan","Parent Relationship": "Outer","Parallel Aware": true,"Async Capable": false,"Relation Name": "lineitem","Alias": "lineitem","Startup Cost": 0.00,"Total Cost": 146259.83,"Plan Rows": 7380,"Plan Width": 15,"Actual Startup Time": 0.187,"Actual Total Time": 352.211,"Actual Rows": 6215,"Actual Loops": 5,"Filter": "((l_shipmode = ANY ('{RAIL,SHIP}'::bpchar[])) AND (l_commitdate < l_receiptdate) AND (l_shipdate < l_commitdate) AND (l_receiptdate >= '1995-01-01'::date) AND (l_receiptdate < '1996-01-01 00:00:00'::timestamp without time zone))","Rows Removed by Filter": 1194028,"Workers": []},{"Node Type": "Index Scan","Parent Relationship": "Inner","Parallel Aware": false,"Async Capable": false,"Scan Direction": "Forward","Index Name": "orders_pkey","Relation Name": "orders","Alias": "orders","Startup Cost": 0.43,"Total Cost": 3.56,"Plan Rows": 1,"Plan Width": 20,"Actual Startup Time": 0.005,"Actual Total Time": 0.005,"Actual Rows": 1,"Actual Loops": 31075,"Index Cond": "(o_orderkey = lineitem.l_orderkey)","Rows Removed by Index Recheck": 0,"Workers": []}]}]}]}]}]},"Planning Time": 5.328,"Triggers": [],"Execution Time": 435.072}]
[{"Plan": {"Node Type": "Aggregate","Strategy": "Sorted","Partial Mode": "Finalize","Parallel Aware": false,"Async Capable": false,"Startup Cost": 174105.10,"Total Cost": 174257.46,"Plan Rows": 7,"Plan Width": 27,"Actual Startup Time": 411.373,"Actual Total Time": 444.756,"Actual Rows": 2,"Actual Loops": 1,"Group Key": ["lineitem.l_shipmode"],"Plans": [{"Node Type": "Gather Merge","Parent Relationship": "Outer","Parallel Aware": false,"Async Capable": false,"Startup Cost": 174105.10,"Total Cost": 174257.18,"Plan Rows": 28,"Plan Width": 27,"Actual Startup Time": 410.465,"Actual Total Time": 444.713,"Actual Rows": 10,"Actual Loops": 1,"Workers Planned": 4,"Workers Launched": 4,"Plans": [{"Node Type": "Aggregate","Strategy": "Sorted","Partial Mode": "Partial","Parent Relationship": "Outer","Parallel Aware": false,"Async Capable": false,"Startup Cost": 173105.04,"Total Cost": 173253.79,"Plan Rows": 7,"Plan Width": 27,"Actual Startup Time": 401.451,"Actual Total Time": 402.196,"Actual Rows": 2,"Actual Loops": 5,"Group Key": ["lineitem.l_shipmode"],"Workers": [],"Plans": [{"Node Type": "Sort","Parent Relationship": "Outer","Parallel Aware": false,"Async Capable": false,"Startup Cost": 173105.04,"Total Cost": 173123.62,"Plan Rows": 7434,"Plan Width": 27,"Actual Startup Time": 400.712,"Actual Total Time": 400.960,"Actual Rows": 6257,"Actual Loops": 5,"Sort Key": ["lineitem.l_shipmode"],"Sort Method": "quicksort","Sort Space Used": 642,"Sort Space Type": "Memory","Workers": [{"Worker Number": 0,"Sort Method": "quicksort","Sort Space Used": 645,"Sort Space Type": "Memory"},{"Worker Number": 1,"Sort Method": "quicksort","Sort Space Used": 636,"Sort Space Type": "Memory"},{"Worker Number": 2,"Sort Method": "quicksort","Sort Space Used": 603,"Sort Space Type": "Memory"},{"Worker Number": 3,"Sort Method": "quicksort","Sort Space Used": 636,"Sort Space Type": "Memory"}],"Plans": [{"Node Type": "Nested Loop","Parent Relationship": "Outer","Parallel Aware": false,"Async Capable": false,"Join Type": "Inner","Startup Cost": 0.43,"Total Cost": 172627.03,"Plan Rows": 7434,"Plan Width": 27,"Actual Startup Time": 0.314,"Actual Total Time": 397.733,"Actual Rows": 6257,"Actual Loops": 5,"Inner Unique": true,"Workers": [],"Plans": [{"Node Type": "Seq Scan","Parent Relationship": "Outer","Parallel Aware": true,"Async Capable": false,"Relation Name": "lineitem","Alias": "lineitem","Startup Cost": 0.00,"Total Cost": 146259.83,"Plan Rows": 7434,"Plan Width": 15,"Actual Startup Time": 0.197,"Actual Total Time": 361.064,"Actual Rows": 6257,"Actual Loops": 5,"Filter": "((l_shipmode = ANY ('{RAIL,TRUCK}'::bpchar[])) AND (l_commitdate < l_receiptdate) AND (l_shipdate < l_commitdate) AND (l_receiptdate >= '1995-01-01'::date) AND (l_receiptdate < '1996-01-01 00:00:00'::timestamp without time zone))","Rows Removed by Filter": 1193986,"Workers": []},{"Node Type": "Index Scan","Parent Relationship": "Inner","Parallel Aware": false,"Async Capable": false,"Scan Direction": "Forward","Index Name": "orders_pkey","Relation Name": "orders","Alias": "orders","Startup Cost": 0.43,"Total Cost": 3.55,"Plan Rows": 1,"Plan Width": 20,"Actual Startup Time": 0.005,"Actual Total Time": 0.005,"Actual Rows": 1,"Actual Loops": 31286,"Index Cond": "(o_orderkey = lineitem.l_orderkey)","Rows Removed by Index Recheck": 0,"Workers": []}]}]}]}]}]},"Planning Time": 4.152,"Triggers": [],"Execution Time": 445.477}]
[{"Plan": {"Node Type": "Aggregate","Strategy": "Sorted","Partial Mode": "Finalize","Parallel Aware": false,"Async Capable": false,"Startup Cost": 173543.49,"Total Cost": 173690.66,"Plan Rows": 7,"Plan Width": 27,"Actual Startup Time": 403.242,"Actual Total Time": 437.346,"Actual Rows": 2,"Actual Loops": 1,"Group Key": ["lineitem.l_shipmode"],"Plans": [{"Node Type": "Gather Merge","Parent Relationship": "Outer","Parallel Aware": false,"Async Capable": false,"Startup Cost": 173543.49,"Total Cost": 173690.38,"Plan Rows": 28,"Plan Width": 27,"Actual Startup Time": 402.398,"Actual Total Time": 437.313,"Actual Rows": 10,"Actual Loops": 1,"Workers Planned": 4,"Workers Launched": 4,"Plans": [{"Node Type": "Aggregate","Strategy": "Sorted","Partial Mode": "Partial","Parent Relationship": "Outer","Parallel Aware": false,"Async Capable": false,"Startup Cost": 172543.43,"Total Cost": 172686.98,"Plan Rows": 7,"Plan Width": 27,"Actual Startup Time": 393.969,"Actual Total Time": 394.712,"Actual Rows": 2,"Actual Loops": 5,"Group Key": ["lineitem.l_shipmode"],"Workers": [],"Plans": [{"Node Type": "Sort","Parent Relationship": "Outer","Parallel Aware": false,"Async Capable": false,"Startup Cost": 172543.43,"Total Cost": 172561.37,"Plan Rows": 7174,"Plan Width": 27,"Actual Startup Time": 393.210,"Actual Total Time": 393.458,"Actual Rows": 6232,"Actual Loops": 5,"Sort Key": ["lineitem.l_shipmode"],"Sort Method": "quicksort","Sort Space Used": 636,"Sort Space Type": "Memory","Workers": [{"Worker Number": 0,"Sort Method": "quicksort","Sort Space Used": 620,"Sort Space Type": "Memory"},{"Worker Number": 1,"Sort Method": "quicksort","Sort Space Used": 628,"Sort Space Type": "Memory"},{"Worker Number": 2,"Sort Method": "quicksort","Sort Space Used": 635,"Sort Space Type": "Memory"},{"Worker Number": 3,"Sort Method": "quicksort","Sort Space Used": 634,"Sort Space Type": "Memory"}],"Plans": [{"Node Type": "Nested Loop","Parent Relationship": "Outer","Parallel Aware": false,"Async Capable": false,"Join Type": "Inner","Startup Cost": 0.43,"Total Cost": 172083.99,"Plan Rows": 7174,"Plan Width": 27,"Actual Startup Time": 0.191,"Actual Total Time": 390.301,"Actual Rows": 6232,"Actual Loops": 5,"Inner Unique": true,"Workers": [],"Plans": [{"Node Type": "Seq Scan","Parent Relationship": "Outer","Parallel Aware": true,"Async Capable": false,"Relation Name": "lineitem","Alias": "lineitem","Startup Cost": 0.00,"Total Cost": 146259.83,"Plan Rows": 7174,"Plan Width": 15,"Actual Startup Time": 0.087,"Actual Total Time": 354.754,"Actual Rows": 6232,"Actual Loops": 5,"Filter": "((l_shipmode = ANY ('{MAIL,RAIL}'::bpchar[])) AND (l_commitdate < l_receiptdate) AND (l_shipdate < l_commitdate) AND (l_receiptdate >= '1994-01-01'::date) AND (l_receiptdate < '1995-01-01 00:00:00'::timestamp without time zone))","Rows Removed by Filter": 1194011,"Workers": []},{"Node Type": "Index Scan","Parent Relationship": "Inner","Parallel Aware": false,"Async Capable": false,"Scan Direction": "Forward","Index Name": "orders_pkey","Relation Name": "orders","Alias": "orders","Startup Cost": 0.43,"Total Cost": 3.60,"Plan Rows": 1,"Plan Width": 20,"Actual Startup Time": 0.005,"Actual Total Time": 0.005,"Actual Rows": 1,"Actual Loops": 31159,"Index Cond": "(o_orderkey = lineitem.l_orderkey)","Rows Removed by Index Recheck": 0,"Workers": []}]}]}]}]}]},"Planning Time": 4.752,"Triggers": [],"Execution Time": 437.903}]
[{"Plan": {"Node Type": "Aggregate","Strategy": "Sorted","Partial Mode": "Finalize","Parallel Aware": false,"Async Capable": false,"Startup Cost": 173773.31,"Total Cost": 173922.60,"Plan Rows": 7,"Plan Width": 27,"Actual Startup Time": 396.929,"Actual Total Time": 430.503,"Actual Rows": 2,"Actual Loops": 1,"Group Key": ["lineitem.l_shipmode"],"Plans": [{"Node Type": "Gather Merge","Parent Relationship": "Outer","Parallel Aware": false,"Async Capable": false,"Startup Cost": 173773.31,"Total Cost": 173922.32,"Plan Rows": 28,"Plan Width": 27,"Actual Startup Time": 396.041,"Actual Total Time": 430.471,"Actual Rows": 10,"Actual Loops": 1,"Workers Planned": 4,"Workers Launched": 4,"Plans": [{"Node Type": "Aggregate","Strategy": "Sorted","Partial Mode": "Partial","Parent Relationship": "Outer","Parallel Aware": false,"Async Capable": false,"Startup Cost": 172773.25,"Total Cost": 172918.92,"Plan Rows": 7,"Plan Width": 27,"Actual Startup Time": 387.650,"Actual Total Time": 388.390,"Actual Rows": 2,"Actual Loops": 5,"Group Key": ["lineitem.l_shipmode"],"Workers": [],"Plans": [{"Node Type": "Sort","Parent Relationship": "Outer","Parallel Aware": false,"Async Capable": false,"Startup Cost": 172773.25,"Total Cost": 172791.45,"Plan Rows": 7280,"Plan Width": 27,"Actual Startup Time": 386.886,"Actual Total Time": 387.130,"Actual Rows": 6264,"Actual Loops": 5,"Sort Key": ["lineitem.l_shipmode"],"Sort Method": "quicksort","Sort Space Used": 632,"Sort Space Type": "Memory","Workers": [{"Worker Number": 0,"Sort Method": "quicksort","Sort Space Used": 627,"Sort Space Type": "Memory"},{"Worker Number": 1,"Sort Method": "quicksort","Sort Space Used": 632,"Sort Space Type": "Memory"},{"Worker Number": 2,"Sort Method": "quicksort","Sort Space Used": 635,"Sort Space Type": "Memory"},{"Worker Number": 3,"Sort Method": "quicksort","Sort Space Used": 639,"Sort Space Type": "Memory"}],"Plans": [{"Node Type": "Nested Loop","Parent Relationship": "Outer","Parallel Aware": false,"Async Capable": false,"Join Type": "Inner","Startup Cost": 0.43,"Total Cost": 172306.25,"Plan Rows": 7280,"Plan Width": 27,"Actual Startup Time": 0.286,"Actual Total Time": 384.002,"Actual Rows": 6264,"Actual Loops": 5,"Inner Unique": true,"Workers": [],"Plans": [{"Node Type": "Seq Scan","Parent Relationship": "Outer","Parallel Aware": true,"Async Capable": false,"Relation Name": "lineitem","Alias": "lineitem","Startup Cost": 0.00,"Total Cost": 146259.83,"Plan Rows": 7280,"Plan Width": 15,"Actual Startup Time": 0.191,"Actual Total Time": 349.397,"Actual Rows": 6264,"Actual Loops": 5,"Filter": "((l_shipmode = ANY ('{RAIL,SHIP}'::bpchar[])) AND (l_commitdate < l_receiptdate) AND (l_shipdate < l_commitdate) AND (l_receiptdate >= '1993-01-01'::date) AND (l_receiptdate < '1994-01-01 00:00:00'::timestamp without time zone))","Rows Removed by Filter": 1193979,"Workers": []},{"Node Type": "Index Scan","Parent Relationship": "Inner","Parallel Aware": false,"Async Capable": false,"Scan Direction": "Forward","Index Name": "orders_pkey","Relation Name": "orders","Alias": "orders","Startup Cost": 0.43,"Total Cost": 3.58,"Plan Rows": 1,"Plan Width": 20,"Actual Startup Time": 0.005,"Actual Total Time": 0.005,"Actual Rows": 1,"Actual Loops": 31318,"Index Cond": "(o_orderkey = lineitem.l_orderkey)","Rows Removed by Index Recheck": 0,"Workers": []}]}]}]}]}]},"Planning Time": 4.747,"Triggers": [],"Execution Time": 430.907}]
[{"Plan": {"Node Type": "Aggregate","Strategy": "Sorted","Partial Mode": "Finalize","Parallel Aware": false,"Async Capable": false,"Startup Cost": 173585.00,"Total Cost": 173732.55,"Plan Rows": 7,"Plan Width": 27,"Actual Startup Time": 412.363,"Actual Total Time": 446.014,"Actual Rows": 2,"Actual Loops": 1,"Group Key": ["lineitem.l_shipmode"],"Plans": [{"Node Type": "Gather Merge","Parent Relationship": "Outer","Parallel Aware": false,"Async Capable": false,"Startup Cost": 173585.00,"Total Cost": 173732.27,"Plan Rows": 28,"Plan Width": 27,"Actual Startup Time": 411.480,"Actual Total Time": 445.972,"Actual Rows": 10,"Actual Loops": 1,"Workers Planned": 4,"Workers Launched": 4,"Plans": [{"Node Type": "Aggregate","Strategy": "Sorted","Partial Mode": "Partial","Parent Relationship": "Outer","Parallel Aware": false,"Async Capable": false,"Startup Cost": 172584.94,"Total Cost": 172728.87,"Plan Rows": 7,"Plan Width": 27,"Actual Startup Time": 402.925,"Actual Total Time": 403.669,"Actual Rows": 2,"Actual Loops": 5,"Group Key": ["lineitem.l_shipmode"],"Workers": [],"Plans": [{"Node Type": "Sort","Parent Relationship": "Outer","Parallel Aware": false,"Async Capable": false,"Startup Cost": 172584.94,"Total Cost": 172602.93,"Plan Rows": 7193,"Plan Width": 27,"Actual Startup Time": 402.177,"Actual Total Time": 402.417,"Actual Rows": 6252,"Actual Loops": 5,"Sort Key": ["lineitem.l_shipmode"],"Sort Method": "quicksort","Sort Space Used": 642,"Sort Space Type": "Memory","Workers": [{"Worker Number": 0,"Sort Method": "quicksort","Sort Space Used": 609,"Sort Space Type": "Memory"},{"Worker Number": 1,"Sort Method": "quicksort","Sort Space Used": 633,"Sort Space Type": "Memory"},{"Worker Number": 2,"Sort Method": "quicksort","Sort Space Used": 636,"Sort Space Type": "Memory"},{"Worker Number": 3,"Sort Method": "quicksort","Sort Space Used": 640,"Sort Space Type": "Memory"}],"Plans": [{"Node Type": "Nested Loop","Parent Relationship": "Outer","Parallel Aware": false,"Async Capable": false,"Join Type": "Inner","Startup Cost": 0.43,"Total Cost": 172124.15,"Plan Rows": 7193,"Plan Width": 27,"Actual Startup Time": 0.393,"Actual Total Time": 399.245,"Actual Rows": 6252,"Actual Loops": 5,"Inner Unique": true,"Workers": [],"Plans": [{"Node Type": "Seq Scan","Parent Relationship": "Outer","Parallel Aware": true,"Async Capable": false,"Relation Name": "lineitem","Alias": "lineitem","Startup Cost": 0.00,"Total Cost": 146259.83,"Plan Rows": 7193,"Plan Width": 15,"Actual Startup Time": 0.301,"Actual Total Time": 362.761,"Actual Rows": 6252,"Actual Loops": 5,"Filter": "((l_shipmode = ANY ('{AIR,RAIL}'::bpchar[])) AND (l_commitdate < l_receiptdate) AND (l_shipdate < l_commitdate) AND (l_receiptdate >= '1997-01-01'::date) AND (l_receiptdate < '1998-01-01 00:00:00'::timestamp without time zone))","Rows Removed by Filter": 1193991,"Workers": []},{"Node Type": "Index Scan","Parent Relationship": "Inner","Parallel Aware": false,"Async Capable": false,"Scan Direction": "Forward","Index Name": "orders_pkey","Relation Name": "orders","Alias": "orders","Startup Cost": 0.43,"Total Cost": 3.60,"Plan Rows": 1,"Plan Width": 20,"Actual Startup Time": 0.005,"Actual Total Time": 0.005,"Actual Rows": 1,"Actual Loops": 31258,"Index Cond": "(o_orderkey = lineitem.l_orderkey)","Rows Removed by Index Recheck": 0,"Workers": []}]}]}]}]}]},"Planning Time": 4.222,"Triggers": [],"Execution Time": 446.631}]
[{"Plan": {"Node Type": "Aggregate","Strategy": "Sorted","Partial Mode": "Finalize","Parallel Aware": false,"Async Capable": false,"Startup Cost": 173656.55,"Total Cost": 173804.76,"Plan Rows": 7,"Plan Width": 27,"Actual Startup Time": 406.696,"Actual Total Time": 440.785,"Actual Rows": 2,"Actual Loops": 1,"Group Key": ["lineitem.l_shipmode"],"Plans": [{"Node Type": "Gather Merge","Parent Relationship": "Outer","Parallel Aware": false,"Async Capable": false,"Startup Cost": 173656.55,"Total Cost": 173804.48,"Plan Rows": 28,"Plan Width": 27,"Actual Startup Time": 405.857,"Actual Total Time": 440.735,"Actual Rows": 10,"Actual Loops": 1,"Workers Planned": 4,"Workers Launched": 4,"Plans": [{"Node Type": "Aggregate","Strategy": "Sorted","Partial Mode": "Partial","Parent Relationship": "Outer","Parallel Aware": false,"Async Capable": false,"Startup Cost": 172656.49,"Total Cost": 172801.08,"Plan Rows": 7,"Plan Width": 27,"Actual Startup Time": 396.668,"Actual Total Time": 397.398,"Actual Rows": 2,"Actual Loops": 5,"Group Key": ["lineitem.l_shipmode"],"Workers": [],"Plans": [{"Node Type": "Sort","Parent Relationship": "Outer","Parallel Aware": false,"Async Capable": false,"Startup Cost": 172656.49,"Total Cost": 172674.56,"Plan Rows": 7226,"Plan Width": 27,"Actual Startup Time": 395.916,"Actual Total Time": 396.167,"Actual Rows": 6230,"Actual Loops": 5,"Sort Key": ["lineitem.l_shipmode"],"Sort Method": "quicksort","Sort Space Used": 631,"Sort Space Type": "Memory","Workers": [{"Worker Number": 0,"Sort Method": "quicksort","Sort Space Used": 632,"Sort Space Type": "Memory"},{"Worker Number": 1,"Sort Method": "quicksort","Sort Space Used": 638,"Sort Space Type": "Memory"},{"Worker Number": 2,"Sort Method": "quicksort","Sort Space Used": 638,"Sort Space Type": "Memory"},{"Worker Number": 3,"Sort Method": "quicksort","Sort Space Used": 613,"Sort Space Type": "Memory"}],"Plans": [{"Node Type": "Nested Loop","Parent Relationship": "Outer","Parallel Aware": false,"Async Capable": false,"Join Type": "Inner","Startup Cost": 0.43,"Total Cost": 172193.34,"Plan Rows": 7226,"Plan Width": 27,"Actual Startup Time": 0.260,"Actual Total Time": 392.972,"Actual Rows": 6230,"Actual Loops": 5,"Inner Unique": true,"Workers": [],"Plans": [{"Node Type": "Seq Scan","Parent Relationship": "Outer","Parallel Aware": true,"Async Capable": false,"Relation Name": "lineitem","Alias": "lineitem","Startup Cost": 0.00,"Total Cost": 146259.83,"Plan Rows": 7226,"Plan Width": 15,"Actual Startup Time": 0.132,"Actual Total Time": 356.922,"Actual Rows": 6230,"Actual Loops": 5,"Filter": "((l_shipmode = ANY ('{\"REG AIR\",FOB}'::bpchar[])) AND (l_commitdate < l_receiptdate) AND (l_shipdate < l_commitdate) AND (l_receiptdate >= '1997-01-01'::date) AND (l_receiptdate < '1998-01-01 00:00:00'::timestamp without time zone))","Rows Removed by Filter": 1194013,"Workers": []},{"Node Type": "Index Scan","Parent Relationship": "Inner","Parallel Aware": false,"Async Capable": false,"Scan Direction": "Forward","Index Name": "orders_pkey","Relation Name": "orders","Alias": "orders","Startup Cost": 0.43,"Total Cost": 3.59,"Plan Rows": 1,"Plan Width": 20,"Actual Startup Time": 0.005,"Actual Total Time": 0.005,"Actual Rows": 1,"Actual Loops": 31149,"Index Cond": "(o_orderkey = lineitem.l_orderkey)","Rows Removed by Index Recheck": 0,"Workers": []}]}]}]}]}]},"Planning Time": 5.430,"Triggers": [],"Execution Time": 441.465}]
[{"Plan": {"Node Type": "Aggregate","Strategy": "Sorted","Partial Mode": "Finalize","Parallel Aware": false,"Async Capable": false,"Startup Cost": 173485.08,"Total Cost": 173631.69,"Plan Rows": 7,"Plan Width": 27,"Actual Startup Time": 398.274,"Actual Total Time": 431.652,"Actual Rows": 2,"Actual Loops": 1,"Group Key": ["lineitem.l_shipmode"],"Plans": [{"Node Type": "Gather Merge","Parent Relationship": "Outer","Parallel Aware": false,"Async Capable": false,"Startup Cost": 173485.08,"Total Cost": 173631.41,"Plan Rows": 28,"Plan Width": 27,"Actual Startup Time": 397.425,"Actual Total Time": 431.609,"Actual Rows": 10,"Actual Loops": 1,"Workers Planned": 4,"Workers Launched": 4,"Plans": [{"Node Type": "Aggregate","Strategy": "Sorted","Partial Mode": "Partial","Parent Relationship": "Outer","Parallel Aware": false,"Async Capable": false,"Startup Cost": 172485.02,"Total Cost": 172628.01,"Plan Rows": 7,"Plan Width": 27,"Actual Startup Time": 389.412,"Actual Total Time": 390.161,"Actual Rows": 2,"Actual Loops": 5,"Group Key": ["lineitem.l_shipmode"],"Workers": [],"Plans": [{"Node Type": "Sort","Parent Relationship": "Outer","Parallel Aware": false,"Async Capable": false,"Startup Cost": 172485.02,"Total Cost": 172502.89,"Plan Rows": 7146,"Plan Width": 27,"Actual Startup Time": 388.655,"Actual Total Time": 388.911,"Actual Rows": 6188,"Actual Loops": 5,"Sort Key": ["lineitem.l_shipmode"],"Sort Method": "quicksort","Sort Space Used": 635,"Sort Space Type": "Memory","Workers": [{"Worker Number": 0,"Sort Method": "quicksort","Sort Space Used": 622,"Sort Space Type": "Memory"},{"Worker Number": 1,"Sort Method": "quicksort","Sort Space Used": 634,"Sort Space Type": "Memory"},{"Worker Number": 2,"Sort Method": "quicksort","Sort Space Used": 621,"Sort Space Type": "Memory"},{"Worker Number": 3,"Sort Method": "quicksort","Sort Space Used": 625,"Sort Space Type": "Memory"}],"Plans": [{"Node Type": "Nested Loop","Parent Relationship": "Outer","Parallel Aware": false,"Async Capable": false,"Join Type": "Inner","Startup Cost": 0.43,"Total Cost": 172027.58,"Plan Rows": 7146,"Plan Width": 27,"Actual Startup Time": 0.323,"Actual Total Time": 385.813,"Actual Rows": 6188,"Actual Loops": 5,"Inner Unique": true,"Workers": [],"Plans": [{"Node Type": "Seq Scan","Parent Relationship": "Outer","Parallel Aware": true,"Async Capable": false,"Relation Name": "lineitem","Alias": "lineitem","Startup Cost": 0.00,"Total Cost": 146259.83,"Plan Rows": 7147,"Plan Width": 15,"Actual Startup Time": 0.198,"Actual Total Time": 351.709,"Actual Rows": 6188,"Actual Loops": 5,"Filter": "((l_shipmode = ANY ('{MAIL,AIR}'::bpchar[])) AND (l_commitdate < l_receiptdate) AND (l_shipdate < l_commitdate) AND (l_receiptdate >= '1994-01-01'::date) AND (l_receiptdate < '1995-01-01 00:00:00'::timestamp without time zone))","Rows Removed by Filter": 1194055,"Workers": []},{"Node Type": "Index Scan","Parent Relationship": "Inner","Parallel Aware": false,"Async Capable": false,"Scan Direction": "Forward","Index Name": "orders_pkey","Relation Name": "orders","Alias": "orders","Startup Cost": 0.43,"Total Cost": 3.61,"Plan Rows": 1,"Plan Width": 20,"Actual Startup Time": 0.005,"Actual Total Time": 0.005,"Actual Rows": 1,"Actual Loops": 30942,"Index Cond": "(o_orderkey = lineitem.l_orderkey)","Rows Removed by Index Recheck": 0,"Workers": []}]}]}]}]}]},"Planning Time": 5.430,"Triggers": [],"Execution Time": 432.184}]
[{"Plan": {"Node Type": "Aggregate","Strategy": "Sorted","Partial Mode": "Finalize","Parallel Aware": false,"Async Capable": false,"Startup Cost": 173569.56,"Total Cost": 173716.96,"Plan Rows": 7,"Plan Width": 27,"Actual Startup Time": 401.530,"Actual Total Time": 434.343,"Actual Rows": 2,"Actual Loops": 1,"Group Key": ["lineitem.l_shipmode"],"Plans": [{"Node Type": "Gather Merge","Parent Relationship": "Outer","Parallel Aware": false,"Async Capable": false,"Startup Cost": 173569.56,"Total Cost": 173716.68,"Plan Rows": 28,"Plan Width": 27,"Actual Startup Time": 400.709,"Actual Total Time": 434.287,"Actual Rows": 10,"Actual Loops": 1,"Workers Planned": 4,"Workers Launched": 4,"Plans": [{"Node Type": "Aggregate","Strategy": "Sorted","Partial Mode": "Partial","Parent Relationship": "Outer","Parallel Aware": false,"Async Capable": false,"Startup Cost": 172569.50,"Total Cost": 172713.29,"Plan Rows": 7,"Plan Width": 27,"Actual Startup Time": 392.548,"Actual Total Time": 393.282,"Actual Rows": 2,"Actual Loops": 5,"Group Key": ["lineitem.l_shipmode"],"Workers": [],"Plans": [{"Node Type": "Sort","Parent Relationship": "Outer","Parallel Aware": false,"Async Capable": false,"Startup Cost": 172569.50,"Total Cost": 172587.46,"Plan Rows": 7186,"Plan Width": 27,"Actual Startup Time": 391.791,"Actual Total Time": 392.032,"Actual Rows": 6263,"Actual Loops": 5,"Sort Key": ["lineitem.l_shipmode"],"Sort Method": "quicksort","Sort Space Used": 640,"Sort Space Type": "Memory","Workers": [{"Worker Number": 0,"Sort Method": "quicksort","Sort Space Used": 635,"Sort Space Type": "Memory"},{"Worker Number": 1,"Sort Method": "quicksort","Sort Space Used": 631,"Sort Space Type": "Memory"},{"Worker Number": 2,"Sort Method": "quicksort","Sort Space Used": 632,"Sort Space Type": "Memory"},{"Worker Number": 3,"Sort Method": "quicksort","Sort Space Used": 626,"Sort Space Type": "Memory"}],"Plans": [{"Node Type": "Nested Loop","Parent Relationship": "Outer","Parallel Aware": false,"Async Capable": false,"Join Type": "Inner","Startup Cost": 0.43,"Total Cost": 172109.20,"Plan Rows": 7186,"Plan Width": 27,"Actual Startup Time": 0.353,"Actual Total Time": 388.904,"Actual Rows": 6263,"Actual Loops": 5,"Inner Unique": true,"Workers": [],"Plans": [{"Node Type": "Seq Scan","Parent Relationship": "Outer","Parallel Aware": true,"Async Capable": false,"Relation Name": "lineitem","Alias": "lineitem","Startup Cost": 0.00,"Total Cost": 146259.83,"Plan Rows": 7186,"Plan Width": 15,"Actual Startup Time": 0.230,"Actual Total Time": 353.450,"Actual Rows": 6263,"Actual Loops": 5,"Filter": "((l_shipmode = ANY ('{RAIL,SHIP}'::bpchar[])) AND (l_commitdate < l_receiptdate) AND (l_shipdate < l_commitdate) AND (l_receiptdate >= '1997-01-01'::date) AND (l_receiptdate < '1998-01-01 00:00:00'::timestamp without time zone))","Rows Removed by Filter": 1193980,"Workers": []},{"Node Type": "Index Scan","Parent Relationship": "Inner","Parallel Aware": false,"Async Capable": false,"Scan Direction": "Forward","Index Name": "orders_pkey","Relation Name": "orders","Alias": "orders","Startup Cost": 0.43,"Total Cost": 3.60,"Plan Rows": 1,"Plan Width": 20,"Actual Startup Time": 0.005,"Actual Total Time": 0.005,"Actual Rows": 1,"Actual Loops": 31317,"Index Cond": "(o_orderkey = lineitem.l_orderkey)","Rows Removed by Index Recheck": 0,"Workers": []}]}]}]}]}]},"Planning Time": 5.442,"Triggers": [],"Execution Time": 434.735}]
[{"Plan": {"Node Type": "Aggregate","Strategy": "Sorted","Partial Mode": "Finalize","Parallel Aware": false,"Async Capable": false,"Startup Cost": 173514.11,"Total Cost": 173661.00,"Plan Rows": 7,"Plan Width": 27,"Actual Startup Time": 395.765,"Actual Total Time": 429.313,"Actual Rows": 2,"Actual Loops": 1,"Group Key": ["lineitem.l_shipmode"],"Plans": [{"Node Type": "Gather Merge","Parent Relationship": "Outer","Parallel Aware": false,"Async Capable": false,"Startup Cost": 173514.11,"Total Cost": 173660.72,"Plan Rows": 28,"Plan Width": 27,"Actual Startup Time": 394.855,"Actual Total Time": 429.283,"Actual Rows": 10,"Actual Loops": 1,"Workers Planned": 4,"Workers Launched": 4,"Plans": [{"Node Type": "Aggregate","Strategy": "Sorted","Partial Mode": "Partial","Parent Relationship": "Outer","Parallel Aware": false,"Async Capable": false,"Startup Cost": 172514.05,"Total Cost": 172657.32,"Plan Rows": 7,"Plan Width": 27,"Actual Startup Time": 386.691,"Actual Total Time": 387.423,"Actual Rows": 2,"Actual Loops": 5,"Group Key": ["lineitem.l_shipmode"],"Workers": [],"Plans": [{"Node Type": "Sort","Parent Relationship": "Outer","Parallel Aware": false,"Async Capable": false,"Startup Cost": 172514.05,"Total Cost": 172531.95,"Plan Rows": 7160,"Plan Width": 27,"Actual Startup Time": 385.936,"Actual Total Time": 386.184,"Actual Rows": 6225,"Actual Loops": 5,"Sort Key": ["lineitem.l_shipmode"],"Sort Method": "quicksort","Sort Space Used": 644,"Sort Space Type": "Memory","Workers": [{"Worker Number": 0,"Sort Method": "quicksort","Sort Space Used": 623,"Sort Space Type": "Memory"},{"Worker Number": 1,"Sort Method": "quicksort","Sort Space Used": 627,"Sort Space Type": "Memory"},{"Worker Number": 2,"Sort Method": "quicksort","Sort Space Used": 626,"Sort Space Type": "Memory"},{"Worker Number": 3,"Sort Method": "quicksort","Sort Space Used": 631,"Sort Space Type": "Memory"}],"Plans": [{"Node Type": "Nested Loop","Parent Relationship": "Outer","Parallel Aware": false,"Async Capable": false,"Join Type": "Inner","Startup Cost": 0.43,"Total Cost": 172055.61,"Plan Rows": 7160,"Plan Width": 27,"Actual Startup Time": 0.328,"Actual Total Time": 383.043,"Actual Rows": 6225,"Actual Loops": 5,"Inner Unique": true,"Workers": [],"Plans": [{"Node Type": "Seq Scan","Parent Relationship": "Outer","Parallel Aware": true,"Async Capable": false,"Relation Name": "lineitem","Alias": "lineitem","Startup Cost": 0.00,"Total Cost": 146259.83,"Plan Rows": 7160,"Plan Width": 15,"Actual Startup Time": 0.208,"Actual Total Time": 348.867,"Actual Rows": 6225,"Actual Loops": 5,"Filter": "((l_shipmode = ANY ('{AIR,\"REG AIR\"}'::bpchar[])) AND (l_commitdate < l_receiptdate) AND (l_shipdate < l_commitdate) AND (l_receiptdate >= '1997-01-01'::date) AND (l_receiptdate < '1998-01-01 00:00:00'::timestamp without time zone))","Rows Removed by Filter": 1194018,"Workers": []},{"Node Type": "Index Scan","Parent Relationship": "Inner","Parallel Aware": false,"Async Capable": false,"Scan Direction": "Forward","Index Name": "orders_pkey","Relation Name": "orders","Alias": "orders","Startup Cost": 0.43,"Total Cost": 3.60,"Plan Rows": 1,"Plan Width": 20,"Actual Startup Time": 0.005,"Actual Total Time": 0.005,"Actual Rows": 1,"Actual Loops": 31125,"Index Cond": "(o_orderkey = lineitem.l_orderkey)","Rows Removed by Index Recheck": 0,"Workers": []}]}]}]}]}]},"Planning Time": 4.644,"Triggers": [],"Execution Time": 429.797}]
[{"Plan": {"Node Type": "Aggregate","Strategy": "Sorted","Partial Mode": "Finalize","Parallel Aware": false,"Async Capable": false,"Startup Cost": 173814.86,"Total Cost": 173964.52,"Plan Rows": 7,"Plan Width": 27,"Actual Startup Time": 391.992,"Actual Total Time": 424.555,"Actual Rows": 2,"Actual Loops": 1,"Group Key": ["lineitem.l_shipmode"],"Plans": [{"Node Type": "Gather Merge","Parent Relationship": "Outer","Parallel Aware": false,"Async Capable": false,"Startup Cost": 173814.86,"Total Cost": 173964.24,"Plan Rows": 28,"Plan Width": 27,"Actual Startup Time": 391.121,"Actual Total Time": 424.521,"Actual Rows": 10,"Actual Loops": 1,"Workers Planned": 4,"Workers Launched": 4,"Plans": [{"Node Type": "Aggregate","Strategy": "Sorted","Partial Mode": "Partial","Parent Relationship": "Outer","Parallel Aware": false,"Async Capable": false,"Startup Cost": 172814.80,"Total Cost": 172960.85,"Plan Rows": 7,"Plan Width": 27,"Actual Startup Time": 382.847,"Actual Total Time": 383.578,"Actual Rows": 2,"Actual Loops": 5,"Group Key": ["lineitem.l_shipmode"],"Workers": [],"Plans": [{"Node Type": "Sort","Parent Relationship": "Outer","Parallel Aware": false,"Async Capable": false,"Startup Cost": 172814.80,"Total Cost": 172833.04,"Plan Rows": 7299,"Plan Width": 27,"Actual Startup Time": 382.105,"Actual Total Time": 382.349,"Actual Rows": 6170,"Actual Loops": 5,"Sort Key": ["lineitem.l_shipmode"],"Sort Method": "quicksort","Sort Space Used": 642,"Sort Space Type": "Memory","Workers": [{"Worker Number": 0,"Sort Method": "quicksort","Sort Space Used": 634,"Sort Space Type": "Memory"},{"Worker Number": 1,"Sort Method": "quicksort","Sort Space Used": 616,"Sort Space Type": "Memory"},{"Worker Number": 2,"Sort Method": "quicksort","Sort Space Used": 627,"Sort Space Type": "Memory"},{"Worker Number": 3,"Sort Method": "quicksort","Sort Space Used": 612,"Sort Space Type": "Memory"}],"Plans": [{"Node Type": "Nested Loop","Parent Relationship": "Outer","Parallel Aware": false,"Async Capable": false,"Join Type": "Inner","Startup Cost": 0.43,"Total Cost": 172346.44,"Plan Rows": 7299,"Plan Width": 27,"Actual Startup Time": 0.313,"Actual Total Time": 379.268,"Actual Rows": 6170,"Actual Loops": 5,"Inner Unique": true,"Workers": [],"Plans": [{"Node Type": "Seq Scan","Parent Relationship": "Outer","Parallel Aware": true,"Async Capable": false,"Relation Name": "lineitem","Alias": "lineitem","Startup Cost": 0.00,"Total Cost": 146259.83,"Plan Rows": 7299,"Plan Width": 15,"Actual Startup Time": 0.197,"Actual Total Time": 345.259,"Actual Rows": 6170,"Actual Loops": 5,"Filter": "((l_shipmode = ANY ('{TRUCK,\"REG AIR\"}'::bpchar[])) AND (l_commitdate < l_receiptdate) AND (l_shipdate < l_commitdate) AND (l_receiptdate >= '1993-01-01'::date) AND (l_receiptdate < '1994-01-01 00:00:00'::timestamp without time zone))","Rows Removed by Filter": 1194073,"Workers": []},{"Node Type": "Index Scan","Parent Relationship": "Inner","Parallel Aware": false,"Async Capable": false,"Scan Direction": "Forward","Index Name": "orders_pkey","Relation Name": "orders","Alias": "orders","Startup Cost": 0.43,"Total Cost": 3.57,"Plan Rows": 1,"Plan Width": 20,"Actual Startup Time": 0.005,"Actual Total Time": 0.005,"Actual Rows": 1,"Actual Loops": 30849,"Index Cond": "(o_orderkey = lineitem.l_orderkey)","Rows Removed by Index Recheck": 0,"Workers": []}]}]}]}]}]},"Planning Time": 4.778,"Triggers": [],"Execution Time": 425.057}]
[{"Plan": {"Node Type": "Aggregate","Strategy": "Sorted","Partial Mode": "Finalize","Parallel Aware": false,"Async Capable": false,"Startup Cost": 173669.22,"Total Cost": 173817.54,"Plan Rows": 7,"Plan Width": 27,"Actual Startup Time": 394.433,"Actual Total Time": 427.274,"Actual Rows": 2,"Actual Loops": 1,"Group Key": ["lineitem.l_shipmode"],"Plans": [{"Node Type": "Gather Merge","Parent Relationship": "Outer","Parallel Aware": false,"Async Capable": false,"Startup Cost": 173669.22,"Total Cost": 173817.26,"Plan Rows": 28,"Plan Width": 27,"Actual Startup Time": 393.529,"Actual Total Time": 427.236,"Actual Rows": 10,"Actual Loops": 1,"Workers Planned": 4,"Workers Launched": 4,"Plans": [{"Node Type": "Aggregate","Strategy": "Sorted","Partial Mode": "Partial","Parent Relationship": "Outer","Parallel Aware": false,"Async Capable": false,"Startup Cost": 172669.16,"Total Cost": 172813.87,"Plan Rows": 7,"Plan Width": 27,"Actual Startup Time": 385.404,"Actual Total Time": 386.156,"Actual Rows": 2,"Actual Loops": 5,"Group Key": ["lineitem.l_shipmode"],"Workers": [],"Plans": [{"Node Type": "Sort","Parent Relationship": "Outer","Parallel Aware": false,"Async Capable": false,"Startup Cost": 172669.16,"Total Cost": 172687.24,"Plan Rows": 7232,"Plan Width": 27,"Actual Startup Time": 384.633,"Actual Total Time": 384.894,"Actual Rows": 6255,"Actual Loops": 5,"Sort Key": ["lineitem.l_shipmode"],"Sort Method": "quicksort","Sort Space Used": 637,"Sort Space Type": "Memory","Workers": [{"Worker Number": 0,"Sort Method": "quicksort","Sort Space Used": 636,"Sort Space Type": "Memory"},{"Worker Number": 1,"Sort Method": "quicksort","Sort Space Used": 624,"Sort Space Type": "Memory"},{"Worker Number": 2,"Sort Method": "quicksort","Sort Space Used": 632,"Sort Space Type": "Memory"},{"Worker Number": 3,"Sort Method": "quicksort","Sort Space Used": 632,"Sort Space Type": "Memory"}],"Plans": [{"Node Type": "Nested Loop","Parent Relationship": "Outer","Parallel Aware": false,"Async Capable": false,"Join Type": "Inner","Startup Cost": 0.43,"Total Cost": 172205.58,"Plan Rows": 7232,"Plan Width": 27,"Actual Startup Time": 0.199,"Actual Total Time": 381.823,"Actual Rows": 6255,"Actual Loops": 5,"Inner Unique": true,"Workers": [],"Plans": [{"Node Type": "Seq Scan","Parent Relationship": "Outer","Parallel Aware": true,"Async Capable": false,"Relation Name": "lineitem","Alias": "lineitem","Startup Cost": 0.00,"Total Cost": 146259.83,"Plan Rows": 7232,"Plan Width": 15,"Actual Startup Time": 0.093,"Actual Total Time": 347.285,"Actual Rows": 6255,"Actual Loops": 5,"Filter": "((l_shipmode = ANY ('{FOB,\"REG AIR\"}'::bpchar[])) AND (l_commitdate < l_receiptdate) AND (l_shipdate < l_commitdate) AND (l_receiptdate >= '1996-01-01'::date) AND (l_receiptdate < '1997-01-01 00:00:00'::timestamp without time zone))","Rows Removed by Filter": 1193988,"Workers": []},{"Node Type": "Index Scan","Parent Relationship": "Inner","Parallel Aware": false,"Async Capable": false,"Scan Direction": "Forward","Index Name": "orders_pkey","Relation Name": "orders","Alias": "orders","Startup Cost": 0.43,"Total Cost": 3.59,"Plan Rows": 1,"Plan Width": 20,"Actual Startup Time": 0.005,"Actual Total Time": 0.005,"Actual Rows": 1,"Actual Loops": 31274,"Index Cond": "(o_orderkey = lineitem.l_orderkey)","Rows Removed by Index Recheck": 0,"Workers": []}]}]}]}]}]},"Planning Time": 5.008,"Triggers": [],"Execution Time": 427.710}]
[{"Plan": {"Node Type": "Aggregate","Strategy": "Sorted","Partial Mode": "Finalize","Parallel Aware": false,"Async Capable": false,"Startup Cost": 173626.04,"Total Cost": 173773.96,"Plan Rows": 7,"Plan Width": 27,"Actual Startup Time": 411.106,"Actual Total Time": 445.478,"Actual Rows": 2,"Actual Loops": 1,"Group Key": ["lineitem.l_shipmode"],"Plans": [{"Node Type": "Gather Merge","Parent Relationship": "Outer","Parallel Aware": false,"Async Capable": false,"Startup Cost": 173626.04,"Total Cost": 173773.68,"Plan Rows": 28,"Plan Width": 27,"Actual Startup Time": 410.267,"Actual Total Time": 445.432,"Actual Rows": 10,"Actual Loops": 1,"Workers Planned": 4,"Workers Launched": 4,"Plans": [{"Node Type": "Aggregate","Strategy": "Sorted","Partial Mode": "Partial","Parent Relationship": "Outer","Parallel Aware": false,"Async Capable": false,"Startup Cost": 172625.98,"Total Cost": 172770.29,"Plan Rows": 7,"Plan Width": 27,"Actual Startup Time": 401.666,"Actual Total Time": 402.402,"Actual Rows": 2,"Actual Loops": 5,"Group Key": ["lineitem.l_shipmode"],"Workers": [],"Plans": [{"Node Type": "Sort","Parent Relationship": "Outer","Parallel Aware": false,"Async Capable": false,"Startup Cost": 172625.98,"Total Cost": 172644.01,"Plan Rows": 7212,"Plan Width": 27,"Actual Startup Time": 400.920,"Actual Total Time": 401.162,"Actual Rows": 6202,"Actual Loops": 5,"Sort Key": ["lineitem.l_shipmode"],"Sort Method": "quicksort","Sort Space Used": 632,"Sort Space Type": "Memory","Workers": [{"Worker Number": 0,"Sort Method": "quicksort","Sort Space Used": 637,"Sort Space Type": "Memory"},{"Worker Number": 1,"Sort Method": "quicksort","Sort Space Used": 633,"Sort Space Type": "Memory"},{"Worker Number": 2,"Sort Method": "quicksort","Sort Space Used": 634,"Sort Space Type": "Memory"},{"Worker Number": 3,"Sort Method": "quicksort","Sort Space Used": 607,"Sort Space Type": "Memory"}],"Plans": [{"Node Type": "Nested Loop","Parent Relationship": "Outer","Parallel Aware": false,"Async Capable": false,"Join Type": "Inner","Startup Cost": 0.43,"Total Cost": 172163.83,"Plan Rows": 7212,"Plan Width": 27,"Actual Startup Time": 0.418,"Actual Total Time": 397.911,"Actual Rows": 6202,"Actual Loops": 5,"Inner Unique": true,"Workers": [],"Plans": [{"Node Type": "Seq Scan","Parent Relationship": "Outer","Parallel Aware": true,"Async Capable": false,"Relation Name": "lineitem","Alias": "lineitem","Startup Cost": 0.00,"Total Cost": 146259.83,"Plan Rows": 7212,"Plan Width": 15,"Actual Startup Time": 0.286,"Actual Total Time": 361.342,"Actual Rows": 6202,"Actual Loops": 5,"Filter": "((l_shipmode = ANY ('{FOB,MAIL}'::bpchar[])) AND (l_commitdate < l_receiptdate) AND (l_shipdate < l_commitdate) AND (l_receiptdate >= '1994-01-01'::date) AND (l_receiptdate < '1995-01-01 00:00:00'::timestamp without time zone))","Rows Removed by Filter": 1194041,"Workers": []},{"Node Type": "Index Scan","Parent Relationship": "Inner","Parallel Aware": false,"Async Capable": false,"Scan Direction": "Forward","Index Name": "orders_pkey","Relation Name": "orders","Alias": "orders","Startup Cost": 0.43,"Total Cost": 3.59,"Plan Rows": 1,"Plan Width": 20,"Actual Startup Time": 0.006,"Actual Total Time": 0.006,"Actual Rows": 1,"Actual Loops": 31011,"Index Cond": "(o_orderkey = lineitem.l_orderkey)","Rows Removed by Index Recheck": 0,"Workers": []}]}]}]}]}]},"Planning Time": 5.605,"Triggers": [],"Execution Time": 446.261}]
[{"Plan": {"Node Type": "Aggregate","Strategy": "Sorted","Partial Mode": "Finalize","Parallel Aware": false,"Async Capable": false,"Startup Cost": 173585.00,"Total Cost": 173732.55,"Plan Rows": 7,"Plan Width": 27,"Actual Startup Time": 413.713,"Actual Total Time": 447.634,"Actual Rows": 2,"Actual Loops": 1,"Group Key": ["lineitem.l_shipmode"],"Plans": [{"Node Type": "Gather Merge","Parent Relationship": "Outer","Parallel Aware": false,"Async Capable": false,"Startup Cost": 173585.00,"Total Cost": 173732.27,"Plan Rows": 28,"Plan Width": 27,"Actual Startup Time": 412.853,"Actual Total Time": 447.589,"Actual Rows": 10,"Actual Loops": 1,"Workers Planned": 4,"Workers Launched": 4,"Plans": [{"Node Type": "Aggregate","Strategy": "Sorted","Partial Mode": "Partial","Parent Relationship": "Outer","Parallel Aware": false,"Async Capable": false,"Startup Cost": 172584.94,"Total Cost": 172728.87,"Plan Rows": 7,"Plan Width": 27,"Actual Startup Time": 403.953,"Actual Total Time": 404.695,"Actual Rows": 2,"Actual Loops": 5,"Group Key": ["lineitem.l_shipmode"],"Workers": [],"Plans": [{"Node Type": "Sort","Parent Relationship": "Outer","Parallel Aware": false,"Async Capable": false,"Startup Cost": 172584.94,"Total Cost": 172602.93,"Plan Rows": 7193,"Plan Width": 27,"Actual Startup Time": 403.203,"Actual Total Time": 403.446,"Actual Rows": 6252,"Actual Loops": 5,"Sort Key": ["lineitem.l_shipmode"],"Sort Method": "quicksort","Sort Space Used": 627,"Sort Space Type": "Memory","Workers": [{"Worker Number": 0,"Sort Method": "quicksort","Sort Space Used": 646,"Sort Space Type": "Memory"},{"Worker Number": 1,"Sort Method": "quicksort","Sort Space Used": 647,"Sort Space Type": "Memory"},{"Worker Number": 2,"Sort Method": "quicksort","Sort Space Used": 607,"Sort Space Type": "Memory"},{"Worker Number": 3,"Sort Method": "quicksort","Sort Space Used": 633,"Sort Space Type": "Memory"}],"Plans": [{"Node Type": "Nested Loop","Parent Relationship": "Outer","Parallel Aware": false,"Async Capable": false,"Join Type": "Inner","Startup Cost": 0.43,"Total Cost": 172124.15,"Plan Rows": 7193,"Plan Width": 27,"Actual Startup Time": 0.507,"Actual Total Time": 400.163,"Actual Rows": 6252,"Actual Loops": 5,"Inner Unique": true,"Workers": [],"Plans": [{"Node Type": "Seq Scan","Parent Relationship": "Outer","Parallel Aware": true,"Async Capable": false,"Relation Name": "lineitem","Alias": "lineitem","Startup Cost": 0.00,"Total Cost": 146259.83,"Plan Rows": 7193,"Plan Width": 15,"Actual Startup Time": 0.382,"Actual Total Time": 364.012,"Actual Rows": 6252,"Actual Loops": 5,"Filter": "((l_shipmode = ANY ('{RAIL,AIR}'::bpchar[])) AND (l_commitdate < l_receiptdate) AND (l_shipdate < l_commitdate) AND (l_receiptdate >= '1997-01-01'::date) AND (l_receiptdate < '1998-01-01 00:00:00'::timestamp without time zone))","Rows Removed by Filter": 1193991,"Workers": []},{"Node Type": "Index Scan","Parent Relationship": "Inner","Parallel Aware": false,"Async Capable": false,"Scan Direction": "Forward","Index Name": "orders_pkey","Relation Name": "orders","Alias": "orders","Startup Cost": 0.43,"Total Cost": 3.60,"Plan Rows": 1,"Plan Width": 20,"Actual Startup Time": 0.005,"Actual Total Time": 0.005,"Actual Rows": 1,"Actual Loops": 31258,"Index Cond": "(o_orderkey = lineitem.l_orderkey)","Rows Removed by Index Recheck": 0,"Workers": []}]}]}]}]}]},"Planning Time": 5.088,"Triggers": [],"Execution Time": 448.345}]
[{"Plan": {"Node Type": "Aggregate","Strategy": "Sorted","Partial Mode": "Finalize","Parallel Aware": false,"Async Capable": false,"Startup Cost": 173637.01,"Total Cost": 173785.03,"Plan Rows": 7,"Plan Width": 27,"Actual Startup Time": 393.842,"Actual Total Time": 425.639,"Actual Rows": 2,"Actual Loops": 1,"Group Key": ["lineitem.l_shipmode"],"Plans": [{"Node Type": "Gather Merge","Parent Relationship": "Outer","Parallel Aware": false,"Async Capable": false,"Startup Cost": 173637.01,"Total Cost": 173784.75,"Plan Rows": 28,"Plan Width": 27,"Actual Startup Time": 392.970,"Actual Total Time": 425.611,"Actual Rows": 10,"Actual Loops": 1,"Workers Planned": 4,"Workers Launched": 4,"Plans": [{"Node Type": "Aggregate","Strategy": "Sorted","Partial Mode": "Partial","Parent Relationship": "Outer","Parallel Aware": false,"Async Capable": false,"Startup Cost": 172636.95,"Total Cost": 172781.36,"Plan Rows": 7,"Plan Width": 27,"Actual Startup Time": 384.833,"Actual Total Time": 385.571,"Actual Rows": 2,"Actual Loops": 5,"Group Key": ["lineitem.l_shipmode"],"Workers": [],"Plans": [{"Node Type": "Sort","Parent Relationship": "Outer","Parallel Aware": false,"Async Capable": false,"Startup Cost": 172636.95,"Total Cost": 172654.99,"Plan Rows": 7217,"Plan Width": 27,"Actual Startup Time": 384.077,"Actual Total Time": 384.326,"Actual Rows": 6247,"Actual Loops": 5,"Sort Key": ["lineitem.l_shipmode"],"Sort Method": "quicksort","Sort Space Used": 638,"Sort Space Type": "Memory","Workers": [{"Worker Number": 0,"Sort Method": "quicksort","Sort Space Used": 631,"Sort Space Type": "Memory"},{"Worker Number": 1,"Sort Method": "quicksort","Sort Space Used": 628,"Sort Space Type": "Memory"},{"Worker Number": 2,"Sort Method": "quicksort","Sort Space Used": 627,"Sort Space Type": "Memory"},{"Worker Number": 3,"Sort Method": "quicksort","Sort Space Used": 635,"Sort Space Type": "Memory"}],"Plans": [{"Node Type": "Nested Loop","Parent Relationship": "Outer","Parallel Aware": false,"Async Capable": false,"Join Type": "Inner","Startup Cost": 0.43,"Total Cost": 172174.44,"Plan Rows": 7217,"Plan Width": 27,"Actual Startup Time": 0.315,"Actual Total Time": 381.267,"Actual Rows": 6247,"Actual Loops": 5,"Inner Unique": true,"Workers": [],"Plans": [{"Node Type": "Seq Scan","Parent Relationship": "Outer","Parallel Aware": true,"Async Capable": false,"Relation Name": "lineitem","Alias": "lineitem","Startup Cost": 0.00,"Total Cost": 146259.83,"Plan Rows": 7217,"Plan Width": 15,"Actual Startup Time": 0.222,"Actual Total Time": 347.086,"Actual Rows": 6247,"Actual Loops": 5,"Filter": "((l_shipmode = ANY ('{AIR,TRUCK}'::bpchar[])) AND (l_commitdate < l_receiptdate) AND (l_shipdate < l_commitdate) AND (l_receiptdate >= '1996-01-01'::date) AND (l_receiptdate < '1997-01-01 00:00:00'::timestamp without time zone))","Rows Removed by Filter": 1193996,"Workers": []},{"Node Type": "Index Scan","Parent Relationship": "Inner","Parallel Aware": false,"Async Capable": false,"Scan Direction": "Forward","Index Name": "orders_pkey","Relation Name": "orders","Alias": "orders","Startup Cost": 0.43,"Total Cost": 3.59,"Plan Rows": 1,"Plan Width": 20,"Actual Startup Time": 0.005,"Actual Total Time": 0.005,"Actual Rows": 1,"Actual Loops": 31235,"Index Cond": "(o_orderkey = lineitem.l_orderkey)","Rows Removed by Index Recheck": 0,"Workers": []}]}]}]}]}]},"Planning Time": 4.659,"Triggers": [],"Execution Time": 426.066}]
[{"Plan": {"Node Type": "Aggregate","Strategy": "Sorted","Partial Mode": "Finalize","Parallel Aware": false,"Async Capable": false,"Startup Cost": 173776.29,"Total Cost": 173925.59,"Plan Rows": 7,"Plan Width": 27,"Actual Startup Time": 396.512,"Actual Total Time": 430.541,"Actual Rows": 2,"Actual Loops": 1,"Group Key": ["lineitem.l_shipmode"],"Plans": [{"Node Type": "Gather Merge","Parent Relationship": "Outer","Parallel Aware": false,"Async Capable": false,"Startup Cost": 173776.29,"Total Cost": 173925.31,"Plan Rows": 28,"Plan Width": 27,"Actual Startup Time": 395.592,"Actual Total Time": 430.492,"Actual Rows": 10,"Actual Loops": 1,"Workers Planned": 4,"Workers Launched": 4,"Plans": [{"Node Type": "Aggregate","Strategy": "Sorted","Partial Mode": "Partial","Parent Relationship": "Outer","Parallel Aware": false,"Async Capable": false,"Startup Cost": 172776.23,"Total Cost": 172921.92,"Plan Rows": 7,"Plan Width": 27,"Actual Startup Time": 386.809,"Actual Total Time": 387.552,"Actual Rows": 2,"Actual Loops": 5,"Group Key": ["lineitem.l_shipmode"],"Workers": [],"Plans": [{"Node Type": "Sort","Parent Relationship": "Outer","Parallel Aware": false,"Async Capable": false,"Startup Cost": 172776.23,"Total Cost": 172794.43,"Plan Rows": 7281,"Plan Width": 27,"Actual Startup Time": 386.016,"Actual Total Time": 386.294,"Actual Rows": 6242,"Actual Loops": 5,"Sort Key": ["lineitem.l_shipmode"],"Sort Method": "quicksort","Sort Space Used": 641,"Sort Space Type": "Memory","Workers": [{"Worker Number": 0,"Sort Method": "quicksort","Sort Space Used": 608,"Sort Space Type": "Memory"},{"Worker Number": 1,"Sort Method": "quicksort","Sort Space Used": 638,"Sort Space Type": "Memory"},{"Worker Number": 2,"Sort Method": "quicksort","Sort Space Used": 640,"Sort Space Type": "Memory"},{"Worker Number": 3,"Sort Method": "quicksort","Sort Space Used": 630,"Sort Space Type": "Memory"}],"Plans": [{"Node Type": "Nested Loop","Parent Relationship": "Outer","Parallel Aware": false,"Async Capable": false,"Join Type": "Inner","Startup Cost": 0.43,"Total Cost": 172309.16,"Plan Rows": 7281,"Plan Width": 27,"Actual Startup Time": 0.564,"Actual Total Time": 383.157,"Actual Rows": 6242,"Actual Loops": 5,"Inner Unique": true,"Workers": [],"Plans": [{"Node Type": "Seq Scan","Parent Relationship": "Outer","Parallel Aware": true,"Async Capable": false,"Relation Name": "lineitem","Alias": "lineitem","Startup Cost": 0.00,"Total Cost": 146259.83,"Plan Rows": 7281,"Plan Width": 15,"Actual Startup Time": 0.411,"Actual Total Time": 347.986,"Actual Rows": 6242,"Actual Loops": 5,"Filter": "((l_shipmode = ANY ('{RAIL,\"REG AIR\"}'::bpchar[])) AND (l_commitdate < l_receiptdate) AND (l_shipdate < l_commitdate) AND (l_receiptdate >= '1993-01-01'::date) AND (l_receiptdate < '1994-01-01 00:00:00'::timestamp without time zone))","Rows Removed by Filter": 1194001,"Workers": []},{"Node Type": "Index Scan","Parent Relationship": "Inner","Parallel Aware": false,"Async Capable": false,"Scan Direction": "Forward","Index Name": "orders_pkey","Relation Name": "orders","Alias": "orders","Startup Cost": 0.43,"Total Cost": 3.58,"Plan Rows": 1,"Plan Width": 20,"Actual Startup Time": 0.005,"Actual Total Time": 0.005,"Actual Rows": 1,"Actual Loops": 31209,"Index Cond": "(o_orderkey = lineitem.l_orderkey)","Rows Removed by Index Recheck": 0,"Workers": []}]}]}]}]}]},"Planning Time": 5.082,"Triggers": [],"Execution Time": 431.008}]
[{"Plan": {"Node Type": "Aggregate","Strategy": "Sorted","Partial Mode": "Finalize","Parallel Aware": false,"Async Capable": false,"Startup Cost": 173608.85,"Total Cost": 173756.62,"Plan Rows": 7,"Plan Width": 27,"Actual Startup Time": 397.118,"Actual Total Time": 429.292,"Actual Rows": 2,"Actual Loops": 1,"Group Key": ["lineitem.l_shipmode"],"Plans": [{"Node Type": "Gather Merge","Parent Relationship": "Outer","Parallel Aware": false,"Async Capable": false,"Startup Cost": 173608.85,"Total Cost": 173756.34,"Plan Rows": 28,"Plan Width": 27,"Actual Startup Time": 396.318,"Actual Total Time": 429.242,"Actual Rows": 10,"Actual Loops": 1,"Workers Planned": 4,"Workers Launched": 4,"Plans": [{"Node Type": "Aggregate","Strategy": "Sorted","Partial Mode": "Partial","Parent Relationship": "Outer","Parallel Aware": false,"Async Capable": false,"Startup Cost": 172608.79,"Total Cost": 172752.94,"Plan Rows": 7,"Plan Width": 27,"Actual Startup Time": 388.105,"Actual Total Time": 388.827,"Actual Rows": 2,"Actual Loops": 5,"Group Key": ["lineitem.l_shipmode"],"Workers": [],"Plans": [{"Node Type": "Sort","Parent Relationship": "Outer","Parallel Aware": false,"Async Capable": false,"Startup Cost": 172608.79,"Total Cost": 172626.80,"Plan Rows": 7204,"Plan Width": 27,"Actual Startup Time": 387.340,"Actual Total Time": 387.589,"Actual Rows": 6220,"Actual Loops": 5,"Sort Key": ["lineitem.l_shipmode"],"Sort Method": "quicksort","Sort Space Used": 640,"Sort Space Type": "Memory","Workers": [{"Worker Number": 0,"Sort Method": "quicksort","Sort Space Used": 629,"Sort Space Type": "Memory"},{"Worker Number": 1,"Sort Method": "quicksort","Sort Space Used": 628,"Sort Space Type": "Memory"},{"Worker Number": 2,"Sort Method": "quicksort","Sort Space Used": 619,"Sort Space Type": "Memory"},{"Worker Number": 3,"Sort Method": "quicksort","Sort Space Used": 633,"Sort Space Type": "Memory"}],"Plans": [{"Node Type": "Nested Loop","Parent Relationship": "Outer","Parallel Aware": false,"Async Capable": false,"Join Type": "Inner","Startup Cost": 0.43,"Total Cost": 172147.21,"Plan Rows": 7204,"Plan Width": 27,"Actual Startup Time": 0.350,"Actual Total Time": 384.404,"Actual Rows": 6220,"Actual Loops": 5,"Inner Unique": true,"Workers": [],"Plans": [{"Node Type": "Seq Scan","Parent Relationship": "Outer","Parallel Aware": true,"Async Capable": false,"Relation Name": "lineitem","Alias": "lineitem","Startup Cost": 0.00,"Total Cost": 146259.83,"Plan Rows": 7204,"Plan Width": 15,"Actual Startup Time": 0.220,"Actual Total Time": 350.094,"Actual Rows": 6220,"Actual Loops": 5,"Filter": "((l_shipmode = ANY ('{SHIP,TRUCK}'::bpchar[])) AND (l_commitdate < l_receiptdate) AND (l_shipdate < l_commitdate) AND (l_receiptdate >= '1997-01-01'::date) AND (l_receiptdate < '1998-01-01 00:00:00'::timestamp without time zone))","Rows Removed by Filter": 1194023,"Workers": []},{"Node Type": "Index Scan","Parent Relationship": "Inner","Parallel Aware": false,"Async Capable": false,"Scan Direction": "Forward","Index Name": "orders_pkey","Relation Name": "orders","Alias": "orders","Startup Cost": 0.43,"Total Cost": 3.59,"Plan Rows": 1,"Plan Width": 20,"Actual Startup Time": 0.005,"Actual Total Time": 0.005,"Actual Rows": 1,"Actual Loops": 31100,"Index Cond": "(o_orderkey = lineitem.l_orderkey)","Rows Removed by Index Recheck": 0,"Workers": []}]}]}]}]}]},"Planning Time": 4.445,"Triggers": [],"Execution Time": 429.735}]
[{"Plan": {"Node Type": "Aggregate","Strategy": "Sorted","Partial Mode": "Finalize","Parallel Aware": false,"Async Capable": false,"Startup Cost": 173754.09,"Total Cost": 173903.20,"Plan Rows": 7,"Plan Width": 27,"Actual Startup Time": 399.443,"Actual Total Time": 433.698,"Actual Rows": 2,"Actual Loops": 1,"Group Key": ["lineitem.l_shipmode"],"Plans": [{"Node Type": "Gather Merge","Parent Relationship": "Outer","Parallel Aware": false,"Async Capable": false,"Startup Cost": 173754.09,"Total Cost": 173902.92,"Plan Rows": 28,"Plan Width": 27,"Actual Startup Time": 398.536,"Actual Total Time": 433.657,"Actual Rows": 10,"Actual Loops": 1,"Workers Planned": 4,"Workers Launched": 4,"Plans": [{"Node Type": "Aggregate","Strategy": "Sorted","Partial Mode": "Partial","Parent Relationship": "Outer","Parallel Aware": false,"Async Capable": false,"Startup Cost": 172754.03,"Total Cost": 172899.52,"Plan Rows": 7,"Plan Width": 27,"Actual Startup Time": 390.636,"Actual Total Time": 391.380,"Actual Rows": 2,"Actual Loops": 5,"Group Key": ["lineitem.l_shipmode"],"Workers": [],"Plans": [{"Node Type": "Sort","Parent Relationship": "Outer","Parallel Aware": false,"Async Capable": false,"Startup Cost": 172754.03,"Total Cost": 172772.21,"Plan Rows": 7271,"Plan Width": 27,"Actual Startup Time": 389.877,"Actual Total Time": 390.129,"Actual Rows": 6253,"Actual Loops": 5,"Sort Key": ["lineitem.l_shipmode"],"Sort Method": "quicksort","Sort Space Used": 633,"Sort Space Type": "Memory","Workers": [{"Worker Number": 0,"Sort Method": "quicksort","Sort Space Used": 634,"Sort Space Type": "Memory"},{"Worker Number": 1,"Sort Method": "quicksort","Sort Space Used": 638,"Sort Space Type": "Memory"},{"Worker Number": 2,"Sort Method": "quicksort","Sort Space Used": 620,"Sort Space Type": "Memory"},{"Worker Number": 3,"Sort Method": "quicksort","Sort Space Used": 636,"Sort Space Type": "Memory"}],"Plans": [{"Node Type": "Nested Loop","Parent Relationship": "Outer","Parallel Aware": false,"Async Capable": false,"Join Type": "Inner","Startup Cost": 0.43,"Total Cost": 172287.67,"Plan Rows": 7271,"Plan Width": 27,"Actual Startup Time": 0.458,"Actual Total Time": 386.994,"Actual Rows": 6253,"Actual Loops": 5,"Inner Unique": true,"Workers": [],"Plans": [{"Node Type": "Seq Scan","Parent Relationship": "Outer","Parallel Aware": true,"Async Capable": false,"Relation Name": "lineitem","Alias": "lineitem","Startup Cost": 0.00,"Total Cost": 146259.83,"Plan Rows": 7271,"Plan Width": 15,"Actual Startup Time": 0.358,"Actual Total Time": 351.433,"Actual Rows": 6253,"Actual Loops": 5,"Filter": "((l_shipmode = ANY ('{MAIL,TRUCK}'::bpchar[])) AND (l_commitdate < l_receiptdate) AND (l_shipdate < l_commitdate) AND (l_receiptdate >= '1996-01-01'::date) AND (l_receiptdate < '1997-01-01 00:00:00'::timestamp without time zone))","Rows Removed by Filter": 1193990,"Workers": []},{"Node Type": "Index Scan","Parent Relationship": "Inner","Parallel Aware": false,"Async Capable": false,"Scan Direction": "Forward","Index Name": "orders_pkey","Relation Name": "orders","Alias": "orders","Startup Cost": 0.43,"Total Cost": 3.58,"Plan Rows": 1,"Plan Width": 20,"Actual Startup Time": 0.005,"Actual Total Time": 0.005,"Actual Rows": 1,"Actual Loops": 31264,"Index Cond": "(o_orderkey = lineitem.l_orderkey)","Rows Removed by Index Recheck": 0,"Workers": []}]}]}]}]}]},"Planning Time": 4.446,"Triggers": [],"Execution Time": 434.249}]
[{"Plan": {"Node Type": "Aggregate","Strategy": "Sorted","Partial Mode": "Finalize","Parallel Aware": false,"Async Capable": false,"Startup Cost": 173610.87,"Total Cost": 173758.65,"Plan Rows": 7,"Plan Width": 27,"Actual Startup Time": 395.563,"Actual Total Time": 429.644,"Actual Rows": 2,"Actual Loops": 1,"Group Key": ["lineitem.l_shipmode"],"Plans": [{"Node Type": "Gather Merge","Parent Relationship": "Outer","Parallel Aware": false,"Async Capable": false,"Startup Cost": 173610.87,"Total Cost": 173758.37,"Plan Rows": 28,"Plan Width": 27,"Actual Startup Time": 394.706,"Actual Total Time": 429.625,"Actual Rows": 10,"Actual Loops": 1,"Workers Planned": 4,"Workers Launched": 4,"Plans": [{"Node Type": "Aggregate","Strategy": "Sorted","Partial Mode": "Partial","Parent Relationship": "Outer","Parallel Aware": false,"Async Capable": false,"Startup Cost": 172610.81,"Total Cost": 172754.98,"Plan Rows": 7,"Plan Width": 27,"Actual Startup Time": 386.679,"Actual Total Time": 387.418,"Actual Rows": 2,"Actual Loops": 5,"Group Key": ["lineitem.l_shipmode"],"Workers": [],"Plans": [{"Node Type": "Sort","Parent Relationship": "Outer","Parallel Aware": false,"Async Capable": false,"Startup Cost": 172610.81,"Total Cost": 172628.82,"Plan Rows": 7205,"Plan Width": 27,"Actual Startup Time": 385.943,"Actual Total Time": 386.195,"Actual Rows": 6212,"Actual Loops": 5,"Sort Key": ["lineitem.l_shipmode"],"Sort Method": "quicksort","Sort Space Used": 632,"Sort Space Type": "Memory","Workers": [{"Worker Number": 0,"Sort Method": "quicksort","Sort Space Used": 634,"Sort Space Type": "Memory"},{"Worker Number": 1,"Sort Method": "quicksort","Sort Space Used": 624,"Sort Space Type": "Memory"},{"Worker Number": 2,"Sort Method": "quicksort","Sort Space Used": 636,"Sort Space Type": "Memory"},{"Worker Number": 3,"Sort Method": "quicksort","Sort Space Used": 620,"Sort Space Type": "Memory"}],"Plans": [{"Node Type": "Nested Loop","Parent Relationship": "Outer","Parallel Aware": false,"Async Capable": false,"Join Type": "Inner","Startup Cost": 0.43,"Total Cost": 172149.16,"Plan Rows": 7205,"Plan Width": 27,"Actual Startup Time": 0.234,"Actual Total Time": 383.057,"Actual Rows": 6212,"Actual Loops": 5,"Inner Unique": true,"Workers": [],"Plans": [{"Node Type": "Seq Scan","Parent Relationship": "Outer","Parallel Aware": true,"Async Capable": false,"Relation Name": "lineitem","Alias": "lineitem","Startup Cost": 0.00,"Total Cost": 146259.83,"Plan Rows": 7205,"Plan Width": 15,"Actual Startup Time": 0.102,"Actual Total Time": 347.930,"Actual Rows": 6212,"Actual Loops": 5,"Filter": "((l_shipmode = ANY ('{TRUCK,\"REG AIR\"}'::bpchar[])) AND (l_commitdate < l_receiptdate) AND (l_shipdate < l_commitdate) AND (l_receiptdate >= '1997-01-01'::date) AND (l_receiptdate < '1998-01-01 00:00:00'::timestamp without time zone))","Rows Removed by Filter": 1194031,"Workers": []},{"Node Type": "Index Scan","Parent Relationship": "Inner","Parallel Aware": false,"Async Capable": false,"Scan Direction": "Forward","Index Name": "orders_pkey","Relation Name": "orders","Alias": "orders","Startup Cost": 0.43,"Total Cost": 3.59,"Plan Rows": 1,"Plan Width": 20,"Actual Startup Time": 0.005,"Actual Total Time": 0.005,"Actual Rows": 1,"Actual Loops": 31060,"Index Cond": "(o_orderkey = lineitem.l_orderkey)","Rows Removed by Index Recheck": 0,"Workers": []}]}]}]}]}]},"Planning Time": 5.545,"Triggers": [],"Execution Time": 430.024}]
[{"Plan": {"Node Type": "Aggregate","Strategy": "Sorted","Partial Mode": "Finalize","Parallel Aware": false,"Async Capable": false,"Startup Cost": 173464.41,"Total Cost": 173610.85,"Plan Rows": 7,"Plan Width": 27,"Actual Startup Time": 402.904,"Actual Total Time": 436.845,"Actual Rows": 2,"Actual Loops": 1,"Group Key": ["lineitem.l_shipmode"],"Plans": [{"Node Type": "Gather Merge","Parent Relationship": "Outer","Parallel Aware": false,"Async Capable": false,"Startup Cost": 173464.41,"Total Cost": 173610.57,"Plan Rows": 28,"Plan Width": 27,"Actual Startup Time": 402.081,"Actual Total Time": 436.809,"Actual Rows": 10,"Actual Loops": 1,"Workers Planned": 4,"Workers Launched": 4,"Plans": [{"Node Type": "Aggregate","Strategy": "Sorted","Partial Mode": "Partial","Parent Relationship": "Outer","Parallel Aware": false,"Async Capable": false,"Startup Cost": 172464.35,"Total Cost": 172607.18,"Plan Rows": 7,"Plan Width": 27,"Actual Startup Time": 393.474,"Actual Total Time": 394.191,"Actual Rows": 2,"Actual Loops": 5,"Group Key": ["lineitem.l_shipmode"],"Workers": [],"Plans": [{"Node Type": "Sort","Parent Relationship": "Outer","Parallel Aware": false,"Async Capable": false,"Startup Cost": 172464.35,"Total Cost": 172482.19,"Plan Rows": 7138,"Plan Width": 27,"Actual Startup Time": 392.724,"Actual Total Time": 392.961,"Actual Rows": 6167,"Actual Loops": 5,"Sort Key": ["lineitem.l_shipmode"],"Sort Method": "quicksort","Sort Space Used": 630,"Sort Space Type": "Memory","Workers": [{"Worker Number": 0,"Sort Method": "quicksort","Sort Space Used": 635,"Sort Space Type": "Memory"},{"Worker Number": 1,"Sort Method": "quicksort","Sort Space Used": 625,"Sort Space Type": "Memory"},{"Worker Number": 2,"Sort Method": "quicksort","Sort Space Used": 608,"Sort Space Type": "Memory"},{"Worker Number": 3,"Sort Method": "quicksort","Sort Space Used": 633,"Sort Space Type": "Memory"}],"Plans": [{"Node Type": "Nested Loop","Parent Relationship": "Outer","Parallel Aware": false,"Async Capable": false,"Join Type": "Inner","Startup Cost": 0.43,"Total Cost": 172007.47,"Plan Rows": 7138,"Plan Width": 27,"Actual Startup Time": 0.273,"Actual Total Time": 389.815,"Actual Rows": 6167,"Actual Loops": 5,"Inner Unique": true,"Workers": [],"Plans": [{"Node Type": "Seq Scan","Parent Relationship": "Outer","Parallel Aware": true,"Async Capable": false,"Relation Name": "lineitem","Alias": "lineitem","Startup Cost": 0.00,"Total Cost": 146259.83,"Plan Rows": 7138,"Plan Width": 15,"Actual Startup Time": 0.150,"Actual Total Time": 354.178,"Actual Rows": 6167,"Actual Loops": 5,"Filter": "((l_shipmode = ANY ('{TRUCK,AIR}'::bpchar[])) AND (l_commitdate < l_receiptdate) AND (l_shipdate < l_commitdate) AND (l_receiptdate >= '1994-01-01'::date) AND (l_receiptdate < '1995-01-01 00:00:00'::timestamp without time zone))","Rows Removed by Filter": 1194076,"Workers": []},{"Node Type": "Index Scan","Parent Relationship": "Inner","Parallel Aware": false,"Async Capable": false,"Scan Direction": "Forward","Index Name": "orders_pkey","Relation Name": "orders","Alias": "orders","Startup Cost": 0.43,"Total Cost": 3.61,"Plan Rows": 1,"Plan Width": 20,"Actual Startup Time": 0.005,"Actual Total Time": 0.005,"Actual Rows": 1,"Actual Loops": 30837,"Index Cond": "(o_orderkey = lineitem.l_orderkey)","Rows Removed by Index Recheck": 0,"Workers": []}]}]}]}]}]},"Planning Time": 5.138,"Triggers": [],"Execution Time": 437.528}]
[{"Plan": {"Node Type": "Aggregate","Strategy": "Sorted","Partial Mode": "Finalize","Parallel Aware": false,"Async Capable": false,"Startup Cost": 174047.55,"Total Cost": 174199.38,"Plan Rows": 7,"Plan Width": 27,"Actual Startup Time": 395.837,"Actual Total Time": 429.706,"Actual Rows": 2,"Actual Loops": 1,"Group Key": ["lineitem.l_shipmode"],"Plans": [{"Node Type": "Gather Merge","Parent Relationship": "Outer","Parallel Aware": false,"Async Capable": false,"Startup Cost": 174047.55,"Total Cost": 174199.10,"Plan Rows": 28,"Plan Width": 27,"Actual Startup Time": 394.992,"Actual Total Time": 429.656,"Actual Rows": 10,"Actual Loops": 1,"Workers Planned": 4,"Workers Launched": 4,"Plans": [{"Node Type": "Aggregate","Strategy": "Sorted","Partial Mode": "Partial","Parent Relationship": "Outer","Parallel Aware": false,"Async Capable": false,"Startup Cost": 173047.49,"Total Cost": 173195.70,"Plan Rows": 7,"Plan Width": 27,"Actual Startup Time": 386.995,"Actual Total Time": 387.738,"Actual Rows": 2,"Actual Loops": 5,"Group Key": ["lineitem.l_shipmode"],"Workers": [],"Plans": [{"Node Type": "Sort","Parent Relationship": "Outer","Parallel Aware": false,"Async Capable": false,"Startup Cost": 173047.49,"Total Cost": 173066.01,"Plan Rows": 7407,"Plan Width": 27,"Actual Startup Time": 386.246,"Actual Total Time": 386.497,"Actual Rows": 6182,"Actual Loops": 5,"Sort Key": ["lineitem.l_shipmode"],"Sort Method": "quicksort","Sort Space Used": 637,"Sort Space Type": "Memory","Workers": [{"Worker Number": 0,"Sort Method": "quicksort","Sort Space Used": 627,"Sort Space Type": "Memory"},{"Worker Number": 1,"Sort Method": "quicksort","Sort Space Used": 632,"Sort Space Type": "Memory"},{"Worker Number": 2,"Sort Method": "quicksort","Sort Space Used": 626,"Sort Space Type": "Memory"},{"Worker Number": 3,"Sort Method": "quicksort","Sort Space Used": 614,"Sort Space Type": "Memory"}],"Plans": [{"Node Type": "Nested Loop","Parent Relationship": "Outer","Parallel Aware": false,"Async Capable": false,"Join Type": "Inner","Startup Cost": 0.43,"Total Cost": 172571.42,"Plan Rows": 7407,"Plan Width": 27,"Actual Startup Time": 0.272,"Actual Total Time": 383.359,"Actual Rows": 6182,"Actual Loops": 5,"Inner Unique": true,"Workers": [],"Plans": [{"Node Type": "Seq Scan","Parent Relationship": "Outer","Parallel Aware": true,"Async Capable": false,"Relation Name": "lineitem","Alias": "lineitem","Startup Cost": 0.00,"Total Cost": 146259.83,"Plan Rows": 7407,"Plan Width": 15,"Actual Startup Time": 0.157,"Actual Total Time": 348.925,"Actual Rows": 6182,"Actual Loops": 5,"Filter": "((l_shipmode = ANY ('{MAIL,SHIP}'::bpchar[])) AND (l_commitdate < l_receiptdate) AND (l_shipdate < l_commitdate) AND (l_receiptdate >= '1995-01-01'::date) AND (l_receiptdate < '1996-01-01 00:00:00'::timestamp without time zone))","Rows Removed by Filter": 1194061,"Workers": []},{"Node Type": "Index Scan","Parent Relationship": "Inner","Parallel Aware": false,"Async Capable": false,"Scan Direction": "Forward","Index Name": "orders_pkey","Relation Name": "orders","Alias": "orders","Startup Cost": 0.43,"Total Cost": 3.55,"Plan Rows": 1,"Plan Width": 20,"Actual Startup Time": 0.005,"Actual Total Time": 0.005,"Actual Rows": 1,"Actual Loops": 30911,"Index Cond": "(o_orderkey = lineitem.l_orderkey)","Rows Removed by Index Recheck": 0,"Workers": []}]}]}]}]}]},"Planning Time": 4.010,"Triggers": [],"Execution Time": 430.330}]
[{"Plan": {"Node Type": "Aggregate","Strategy": "Sorted","Partial Mode": "Finalize","Parallel Aware": false,"Async Capable": false,"Startup Cost": 173814.86,"Total Cost": 173964.52,"Plan Rows": 7,"Plan Width": 27,"Actual Startup Time": 396.762,"Actual Total Time": 430.837,"Actual Rows": 2,"Actual Loops": 1,"Group Key": ["lineitem.l_shipmode"],"Plans": [{"Node Type": "Gather Merge","Parent Relationship": "Outer","Parallel Aware": false,"Async Capable": false,"Startup Cost": 173814.86,"Total Cost": 173964.24,"Plan Rows": 28,"Plan Width": 27,"Actual Startup Time": 395.970,"Actual Total Time": 430.778,"Actual Rows": 10,"Actual Loops": 1,"Workers Planned": 4,"Workers Launched": 4,"Plans": [{"Node Type": "Aggregate","Strategy": "Sorted","Partial Mode": "Partial","Parent Relationship": "Outer","Parallel Aware": false,"Async Capable": false,"Startup Cost": 172814.80,"Total Cost": 172960.85,"Plan Rows": 7,"Plan Width": 27,"Actual Startup Time": 387.361,"Actual Total Time": 388.078,"Actual Rows": 2,"Actual Loops": 5,"Group Key": ["lineitem.l_shipmode"],"Workers": [],"Plans": [{"Node Type": "Sort","Parent Relationship": "Outer","Parallel Aware": false,"Async Capable": false,"Startup Cost": 172814.80,"Total Cost": 172833.04,"Plan Rows": 7299,"Plan Width": 27,"Actual Startup Time": 386.609,"Actual Total Time": 386.854,"Actual Rows": 6170,"Actual Loops": 5,"Sort Key": ["lineitem.l_shipmode"],"Sort Method": "quicksort","Sort Space Used": 624,"Sort Space Type": "Memory","Workers": [{"Worker Number": 0,"Sort Method": "quicksort","Sort Space Used": 622,"Sort Space Type": "Memory"},{"Worker Number": 1,"Sort Method": "quicksort","Sort Space Used": 632,"Sort Space Type": "Memory"},{"Worker Number": 2,"Sort Method": "quicksort","Sort Space Used": 623,"Sort Space Type": "Memory"},{"Worker Number": 3,"Sort Method": "quicksort","Sort Space Used": 630,"Sort Space Type": "Memory"}],"Plans": [{"Node Type": "Nested Loop","Parent Relationship": "Outer","Parallel Aware": false,"Async Capable": false,"Join Type": "Inner","Startup Cost": 0.43,"Total Cost": 172346.44,"Plan Rows": 7299,"Plan Width": 27,"Actual Startup Time": 0.316,"Actual Total Time": 383.794,"Actual Rows": 6170,"Actual Loops": 5,"Inner Unique": true,"Workers": [],"Plans": [{"Node Type": "Seq Scan","Parent Relationship": "Outer","Parallel Aware": true,"Async Capable": false,"Relation Name": "lineitem","Alias": "lineitem","Startup Cost": 0.00,"Total Cost": 146259.83,"Plan Rows": 7299,"Plan Width": 15,"Actual Startup Time": 0.195,"Actual Total Time": 348.958,"Actual Rows": 6170,"Actual Loops": 5,"Filter": "((l_shipmode = ANY ('{\"REG AIR\",TRUCK}'::bpchar[])) AND (l_commitdate < l_receiptdate) AND (l_shipdate < l_commitdate) AND (l_receiptdate >= '1993-01-01'::date) AND (l_receiptdate < '1994-01-01 00:00:00'::timestamp without time zone))","Rows Removed by Filter": 1194073,"Workers": []},{"Node Type": "Index Scan","Parent Relationship": "Inner","Parallel Aware": false,"Async Capable": false,"Scan Direction": "Forward","Index Name": "orders_pkey","Relation Name": "orders","Alias": "orders","Startup Cost": 0.43,"Total Cost": 3.57,"Plan Rows": 1,"Plan Width": 20,"Actual Startup Time": 0.005,"Actual Total Time": 0.005,"Actual Rows": 1,"Actual Loops": 30849,"Index Cond": "(o_orderkey = lineitem.l_orderkey)","Rows Removed by Index Recheck": 0,"Workers": []}]}]}]}]}]},"Planning Time": 4.251,"Triggers": [],"Execution Time": 431.487}]
[{"Plan": {"Node Type": "Aggregate","Strategy": "Sorted","Partial Mode": "Finalize","Parallel Aware": false,"Async Capable": false,"Startup Cost": 173872.87,"Total Cost": 174023.08,"Plan Rows": 7,"Plan Width": 27,"Actual Startup Time": 400.368,"Actual Total Time": 434.764,"Actual Rows": 2,"Actual Loops": 1,"Group Key": ["lineitem.l_shipmode"],"Plans": [{"Node Type": "Gather Merge","Parent Relationship": "Outer","Parallel Aware": false,"Async Capable": false,"Startup Cost": 173872.87,"Total Cost": 174022.80,"Plan Rows": 28,"Plan Width": 27,"Actual Startup Time": 399.576,"Actual Total Time": 434.726,"Actual Rows": 10,"Actual Loops": 1,"Workers Planned": 4,"Workers Launched": 4,"Plans": [{"Node Type": "Aggregate","Strategy": "Sorted","Partial Mode": "Partial","Parent Relationship": "Outer","Parallel Aware": false,"Async Capable": false,"Startup Cost": 172872.82,"Total Cost": 173019.41,"Plan Rows": 7,"Plan Width": 27,"Actual Startup Time": 391.151,"Actual Total Time": 391.893,"Actual Rows": 2,"Actual Loops": 5,"Group Key": ["lineitem.l_shipmode"],"Workers": [],"Plans": [{"Node Type": "Sort","Parent Relationship": "Outer","Parallel Aware": false,"Async Capable": false,"Startup Cost": 172872.82,"Total Cost": 172891.13,"Plan Rows": 7326,"Plan Width": 27,"Actual Startup Time": 390.405,"Actual Total Time": 390.653,"Actual Rows": 6230,"Actual Loops": 5,"Sort Key": ["lineitem.l_shipmode"],"Sort Method": "quicksort","Sort Space Used": 621,"Sort Space Type": "Memory","Workers": [{"Worker Number": 0,"Sort Method": "quicksort","Sort Space Used": 629,"Sort Space Type": "Memory"},{"Worker Number": 1,"Sort Method": "quicksort","Sort Space Used": 623,"Sort Space Type": "Memory"},{"Worker Number": 2,"Sort Method": "quicksort","Sort Space Used": 641,"Sort Space Type": "Memory"},{"Worker Number": 3,"Sort Method": "quicksort","Sort Space Used": 639,"Sort Space Type": "Memory"}],"Plans": [{"Node Type": "Nested Loop","Parent Relationship": "Outer","Parallel Aware": false,"Async Capable": false,"Join Type": "Inner","Startup Cost": 0.43,"Total Cost": 172402.53,"Plan Rows": 7326,"Plan Width": 27,"Actual Startup Time": 0.480,"Actual Total Time": 387.479,"Actual Rows": 6230,"Actual Loops": 5,"Inner Unique": true,"Workers": [],"Plans": [{"Node Type": "Seq Scan","Parent Relationship": "Outer","Parallel Aware": true,"Async Capable": false,"Relation Name": "lineitem","Alias": "lineitem","Startup Cost": 0.00,"Total Cost": 146259.83,"Plan Rows": 7326,"Plan Width": 15,"Actual Startup Time": 0.350,"Actual Total Time": 351.977,"Actual Rows": 6230,"Actual Loops": 5,"Filter": "((l_shipmode = ANY ('{FOB,AIR}'::bpchar[])) AND (l_commitdate < l_receiptdate) AND (l_shipdate < l_commitdate) AND (l_receiptdate >= '1993-01-01'::date) AND (l_receiptdate < '1994-01-01 00:00:00'::timestamp without time zone))","Rows Removed by Filter": 1194013,"Workers": []},{"Node Type": "Index Scan","Parent Relationship": "Inner","Parallel Aware": false,"Async Capable": false,"Scan Direction": "Forward","Index Name": "orders_pkey","Relation Name": "orders","Alias": "orders","Startup Cost": 0.43,"Total Cost": 3.57,"Plan Rows": 1,"Plan Width": 20,"Actual Startup Time": 0.005,"Actual Total Time": 0.005,"Actual Rows": 1,"Actual Loops": 31150,"Index Cond": "(o_orderkey = lineitem.l_orderkey)","Rows Removed by Index Recheck": 0,"Workers": []}]}]}]}]}]},"Planning Time": 4.424,"Triggers": [],"Execution Time": 435.332}]
[{"Plan": {"Node Type": "Aggregate","Strategy": "Sorted","Partial Mode": "Finalize","Parallel Aware": false,"Async Capable": false,"Startup Cost": 174207.58,"Total Cost": 174360.90,"Plan Rows": 7,"Plan Width": 27,"Actual Startup Time": 395.630,"Actual Total Time": 428.234,"Actual Rows": 2,"Actual Loops": 1,"Group Key": ["lineitem.l_shipmode"],"Plans": [{"Node Type": "Gather Merge","Parent Relationship": "Outer","Parallel Aware": false,"Async Capable": false,"Startup Cost": 174207.58,"Total Cost": 174360.62,"Plan Rows": 28,"Plan Width": 27,"Actual Startup Time": 394.842,"Actual Total Time": 428.195,"Actual Rows": 10,"Actual Loops": 1,"Workers Planned": 4,"Workers Launched": 4,"Plans": [{"Node Type": "Aggregate","Strategy": "Sorted","Partial Mode": "Partial","Parent Relationship": "Outer","Parallel Aware": false,"Async Capable": false,"Startup Cost": 173207.52,"Total Cost": 173357.23,"Plan Rows": 7,"Plan Width": 27,"Actual Startup Time": 386.505,"Actual Total Time": 387.235,"Actual Rows": 2,"Actual Loops": 5,"Group Key": ["lineitem.l_shipmode"],"Workers": [],"Plans": [{"Node Type": "Sort","Parent Relationship": "Outer","Parallel Aware": false,"Async Capable": false,"Startup Cost": 173207.52,"Total Cost": 173226.23,"Plan Rows": 7482,"Plan Width": 27,"Actual Startup Time": 385.737,"Actual Total Time": 385.981,"Actual Rows": 6220,"Actual Loops": 5,"Sort Key": ["lineitem.l_shipmode"],"Sort Method": "quicksort","Sort Space Used": 637,"Sort Space Type": "Memory","Workers": [{"Worker Number": 0,"Sort Method": "quicksort","Sort Space Used": 629,"Sort Space Type": "Memory"},{"Worker Number": 1,"Sort Method": "quicksort","Sort Space Used": 628,"Sort Space Type": "Memory"},{"Worker Number": 2,"Sort Method": "quicksort","Sort Space Used": 630,"Sort Space Type": "Memory"},{"Worker Number": 3,"Sort Method": "quicksort","Sort Space Used": 626,"Sort Space Type": "Memory"}],"Plans": [{"Node Type": "Nested Loop","Parent Relationship": "Outer","Parallel Aware": false,"Async Capable": false,"Join Type": "Inner","Startup Cost": 0.43,"Total Cost": 172726.08,"Plan Rows": 7482,"Plan Width": 27,"Actual Startup Time": 0.346,"Actual Total Time": 382.907,"Actual Rows": 6220,"Actual Loops": 5,"Inner Unique": true,"Workers": [],"Plans": [{"Node Type": "Seq Scan","Parent Relationship": "Outer","Parallel Aware": true,"Async Capable": false,"Relation Name": "lineitem","Alias": "lineitem","Startup Cost": 0.00,"Total Cost": 146259.83,"Plan Rows": 7482,"Plan Width": 15,"Actual Startup Time": 0.221,"Actual Total Time": 348.435,"Actual Rows": 6220,"Actual Loops": 5,"Filter": "((l_shipmode = ANY ('{MAIL,FOB}'::bpchar[])) AND (l_commitdate < l_receiptdate) AND (l_shipdate < l_commitdate) AND (l_receiptdate >= '1995-01-01'::date) AND (l_receiptdate < '1996-01-01 00:00:00'::timestamp without time zone))","Rows Removed by Filter": 1194023,"Workers": []},{"Node Type": "Index Scan","Parent Relationship": "Inner","Parallel Aware": false,"Async Capable": false,"Scan Direction": "Forward","Index Name": "orders_pkey","Relation Name": "orders","Alias": "orders","Startup Cost": 0.43,"Total Cost": 3.54,"Plan Rows": 1,"Plan Width": 20,"Actual Startup Time": 0.005,"Actual Total Time": 0.005,"Actual Rows": 1,"Actual Loops": 31102,"Index Cond": "(o_orderkey = lineitem.l_orderkey)","Rows Removed by Index Recheck": 0,"Workers": []}]}]}]}]}]},"Planning Time": 5.354,"Triggers": [],"Execution Time": 428.789}]
[{"Plan": {"Node Type": "Aggregate","Strategy": "Sorted","Partial Mode": "Finalize","Parallel Aware": false,"Async Capable": false,"Startup Cost": 173773.31,"Total Cost": 173922.60,"Plan Rows": 7,"Plan Width": 27,"Actual Startup Time": 396.770,"Actual Total Time": 429.892,"Actual Rows": 2,"Actual Loops": 1,"Group Key": ["lineitem.l_shipmode"],"Plans": [{"Node Type": "Gather Merge","Parent Relationship": "Outer","Parallel Aware": false,"Async Capable": false,"Startup Cost": 173773.31,"Total Cost": 173922.32,"Plan Rows": 28,"Plan Width": 27,"Actual Startup Time": 395.938,"Actual Total Time": 429.863,"Actual Rows": 10,"Actual Loops": 1,"Workers Planned": 4,"Workers Launched": 4,"Plans": [{"Node Type": "Aggregate","Strategy": "Sorted","Partial Mode": "Partial","Parent Relationship": "Outer","Parallel Aware": false,"Async Capable": false,"Startup Cost": 172773.25,"Total Cost": 172918.92,"Plan Rows": 7,"Plan Width": 27,"Actual Startup Time": 387.867,"Actual Total Time": 388.596,"Actual Rows": 2,"Actual Loops": 5,"Group Key": ["lineitem.l_shipmode"],"Workers": [],"Plans": [{"Node Type": "Sort","Parent Relationship": "Outer","Parallel Aware": false,"Async Capable": false,"Startup Cost": 172773.25,"Total Cost": 172791.45,"Plan Rows": 7280,"Plan Width": 27,"Actual Startup Time": 387.108,"Actual Total Time": 387.347,"Actual Rows": 6264,"Actual Loops": 5,"Sort Key": ["lineitem.l_shipmode"],"Sort Method": "quicksort","Sort Space Used": 644,"Sort Space Type": "Memory","Workers": [{"Worker Number": 0,"Sort Method": "quicksort","Sort Space Used": 622,"Sort Space Type": "Memory"},{"Worker Number": 1,"Sort Method": "quicksort","Sort Space Used": 635,"Sort Space Type": "Memory"},{"Worker Number": 2,"Sort Method": "quicksort","Sort Space Used": 633,"Sort Space Type": "Memory"},{"Worker Number": 3,"Sort Method": "quicksort","Sort Space Used": 631,"Sort Space Type": "Memory"}],"Plans": [{"Node Type": "Nested Loop","Parent Relationship": "Outer","Parallel Aware": false,"Async Capable": false,"Join Type": "Inner","Startup Cost": 0.43,"Total Cost": 172306.25,"Plan Rows": 7280,"Plan Width": 27,"Actual Startup Time": 0.298,"Actual Total Time": 384.221,"Actual Rows": 6264,"Actual Loops": 5,"Inner Unique": true,"Workers": [],"Plans": [{"Node Type": "Seq Scan","Parent Relationship": "Outer","Parallel Aware": true,"Async Capable": false,"Relation Name": "lineitem","Alias": "lineitem","Startup Cost": 0.00,"Total Cost": 146259.83,"Plan Rows": 7280,"Plan Width": 15,"Actual Startup Time": 0.193,"Actual Total Time": 349.647,"Actual Rows": 6264,"Actual Loops": 5,"Filter": "((l_shipmode = ANY ('{SHIP,RAIL}'::bpchar[])) AND (l_commitdate < l_receiptdate) AND (l_shipdate < l_commitdate) AND (l_receiptdate >= '1993-01-01'::date) AND (l_receiptdate < '1994-01-01 00:00:00'::timestamp without time zone))","Rows Removed by Filter": 1193979,"Workers": []},{"Node Type": "Index Scan","Parent Relationship": "Inner","Parallel Aware": false,"Async Capable": false,"Scan Direction": "Forward","Index Name": "orders_pkey","Relation Name": "orders","Alias": "orders","Startup Cost": 0.43,"Total Cost": 3.58,"Plan Rows": 1,"Plan Width": 20,"Actual Startup Time": 0.005,"Actual Total Time": 0.005,"Actual Rows": 1,"Actual Loops": 31318,"Index Cond": "(o_orderkey = lineitem.l_orderkey)","Rows Removed by Index Recheck": 0,"Workers": []}]}]}]}]}]},"Planning Time": 5.485,"Triggers": [],"Execution Time": 430.251}]
[{"Plan": {"Node Type": "Aggregate","Strategy": "Sorted","Partial Mode": "Finalize","Parallel Aware": false,"Async Capable": false,"Startup Cost": 174077.29,"Total Cost": 174229.40,"Plan Rows": 7,"Plan Width": 27,"Actual Startup Time": 397.257,"Actual Total Time": 429.592,"Actual Rows": 2,"Actual Loops": 1,"Group Key": ["lineitem.l_shipmode"],"Plans": [{"Node Type": "Gather Merge","Parent Relationship": "Outer","Parallel Aware": false,"Async Capable": false,"Startup Cost": 174077.29,"Total Cost": 174229.12,"Plan Rows": 28,"Plan Width": 27,"Actual Startup Time": 396.409,"Actual Total Time": 429.553,"Actual Rows": 10,"Actual Loops": 1,"Workers Planned": 4,"Workers Launched": 4,"Plans": [{"Node Type": "Aggregate","Strategy": "Sorted","Partial Mode": "Partial","Parent Relationship": "Outer","Parallel Aware": false,"Async Capable": false,"Startup Cost": 173077.23,"Total Cost": 173225.72,"Plan Rows": 7,"Plan Width": 27,"Actual Startup Time": 388.152,"Actual Total Time": 388.884,"Actual Rows": 2,"Actual Loops": 5,"Group Key": ["lineitem.l_shipmode"],"Workers": [],"Plans": [{"Node Type": "Sort","Parent Relationship": "Outer","Parallel Aware": false,"Async Capable": false,"Startup Cost": 173077.23,"Total Cost": 173095.79,"Plan Rows": 7421,"Plan Width": 27,"Actual Startup Time": 387.379,"Actual Total Time": 387.634,"Actual Rows": 6244,"Actual Loops": 5,"Sort Key": ["lineitem.l_shipmode"],"Sort Method": "quicksort","Sort Space Used": 642,"Sort Space Type": "Memory","Workers": [{"Worker Number": 0,"Sort Method": "quicksort","Sort Space Used": 635,"Sort Space Type": "Memory"},{"Worker Number": 1,"Sort Method": "quicksort","Sort Space Used": 631,"Sort Space Type": "Memory"},{"Worker Number": 2,"Sort Method": "quicksort","Sort Space Used": 622,"Sort Space Type": "Memory"},{"Worker Number": 3,"Sort Method": "quicksort","Sort Space Used": 629,"Sort Space Type": "Memory"}],"Plans": [{"Node Type": "Nested Loop","Parent Relationship": "Outer","Parallel Aware": false,"Async Capable": false,"Join Type": "Inner","Startup Cost": 0.43,"Total Cost": 172600.16,"Plan Rows": 7421,"Plan Width": 27,"Actual Startup Time": 0.333,"Actual Total Time": 384.573,"Actual Rows": 6244,"Actual Loops": 5,"Inner Unique": true,"Workers": [],"Plans": [{"Node Type": "Seq Scan","Parent Relationship": "Outer","Parallel Aware": true,"Async Capable": false,"Relation Name": "lineitem","Alias": "lineitem","Startup Cost": 0.00,"Total Cost": 146259.83,"Plan Rows": 7421,"Plan Width": 15,"Actual Startup Time": 0.199,"Actual Total Time": 350.171,"Actual Rows": 6244,"Actual Loops": 5,"Filter": "((l_shipmode = ANY ('{FOB,\"REG AIR\"}'::bpchar[])) AND (l_commitdate < l_receiptdate) AND (l_shipdate < l_commitdate) AND (l_receiptdate >= '1995-01-01'::date) AND (l_receiptdate < '1996-01-01 00:00:00'::timestamp without time zone))","Rows Removed by Filter": 1193999,"Workers": []},{"Node Type": "Index Scan","Parent Relationship": "Inner","Parallel Aware": false,"Async Capable": false,"Scan Direction": "Forward","Index Name": "orders_pkey","Relation Name": "orders","Alias": "orders","Startup Cost": 0.43,"Total Cost": 3.55,"Plan Rows": 1,"Plan Width": 20,"Actual Startup Time": 0.005,"Actual Total Time": 0.005,"Actual Rows": 1,"Actual Loops": 31218,"Index Cond": "(o_orderkey = lineitem.l_orderkey)","Rows Removed by Index Recheck": 0,"Workers": []}]}]}]}]}]},"Planning Time": 4.780,"Triggers": [],"Execution Time": 430.028}]
[{"Plan": {"Node Type": "Aggregate","Strategy": "Sorted","Partial Mode": "Finalize","Parallel Aware": false,"Async Capable": false,"Startup Cost": 173861.35,"Total Cost": 174011.44,"Plan Rows": 7,"Plan Width": 27,"Actual Startup Time": 398.943,"Actual Total Time": 431.819,"Actual Rows": 2,"Actual Loops": 1,"Group Key": ["lineitem.l_shipmode"],"Plans": [{"Node Type": "Gather Merge","Parent Relationship": "Outer","Parallel Aware": false,"Async Capable": false,"Startup Cost": 173861.35,"Total Cost": 174011.16,"Plan Rows": 28,"Plan Width": 27,"Actual Startup Time": 398.097,"Actual Total Time": 431.775,"Actual Rows": 10,"Actual Loops": 1,"Workers Planned": 4,"Workers Launched": 4,"Plans": [{"Node Type": "Aggregate","Strategy": "Sorted","Partial Mode": "Partial","Parent Relationship": "Outer","Parallel Aware": false,"Async Capable": false,"Startup Cost": 172861.29,"Total Cost": 173007.76,"Plan Rows": 7,"Plan Width": 27,"Actual Startup Time": 389.633,"Actual Total Time": 390.388,"Actual Rows": 2,"Actual Loops": 5,"Group Key": ["lineitem.l_shipmode"],"Workers": [],"Plans": [{"Node Type": "Sort","Parent Relationship": "Outer","Parallel Aware": false,"Async Capable": false,"Startup Cost": 172861.29,"Total Cost": 172879.59,"Plan Rows": 7320,"Plan Width": 27,"Actual Startup Time": 388.890,"Actual Total Time": 389.143,"Actual Rows": 6227,"Actual Loops": 5,"Sort Key": ["lineitem.l_shipmode"],"Sort Method": "quicksort","Sort Space Used": 637,"Sort Space Type": "Memory","Workers": [{"Worker Number": 0,"Sort Method": "quicksort","Sort Space Used": 634,"Sort Space Type": "Memory"},{"Worker Number": 1,"Sort Method": "quicksort","Sort Space Used": 619,"Sort Space Type": "Memory"},{"Worker Number": 2,"Sort Method": "quicksort","Sort Space Used": 627,"Sort Space Type": "Memory"},{"Worker Number": 3,"Sort Method": "quicksort","Sort Space Used": 635,"Sort Space Type": "Memory"}],"Plans": [{"Node Type": "Nested Loop","Parent Relationship": "Outer","Parallel Aware": false,"Async Capable": false,"Join Type": "Inner","Startup Cost": 0.43,"Total Cost": 172391.43,"Plan Rows": 7320,"Plan Width": 27,"Actual Startup Time": 0.336,"Actual Total Time": 386.071,"Actual Rows": 6227,"Actual Loops": 5,"Inner Unique": true,"Workers": [],"Plans": [{"Node Type": "Seq Scan","Parent Relationship": "Outer","Parallel Aware": true,"Async Capable": false,"Relation Name": "lineitem","Alias": "lineitem","Startup Cost": 0.00,"Total Cost": 146259.83,"Plan Rows": 7320,"Plan Width": 15,"Actual Startup Time": 0.224,"Actual Total Time": 351.712,"Actual Rows": 6227,"Actual Loops": 5,"Filter": "((l_shipmode = ANY ('{FOB,SHIP}'::bpchar[])) AND (l_commitdate < l_receiptdate) AND (l_shipdate < l_commitdate) AND (l_receiptdate >= '1993-01-01'::date) AND (l_receiptdate < '1994-01-01 00:00:00'::timestamp without time zone))","Rows Removed by Filter": 1194016,"Workers": []},{"Node Type": "Index Scan","Parent Relationship": "Inner","Parallel Aware": false,"Async Capable": false,"Scan Direction": "Forward","Index Name": "orders_pkey","Relation Name": "orders","Alias": "orders","Startup Cost": 0.43,"Total Cost": 3.57,"Plan Rows": 1,"Plan Width": 20,"Actual Startup Time": 0.005,"Actual Total Time": 0.005,"Actual Rows": 1,"Actual Loops": 31133,"Index Cond": "(o_orderkey = lineitem.l_orderkey)","Rows Removed by Index Recheck": 0,"Workers": []}]}]}]}]}]},"Planning Time": 4.522,"Triggers": [],"Execution Time": 432.317}]
[{"Plan": {"Node Type": "Aggregate","Strategy": "Sorted","Partial Mode": "Finalize","Parallel Aware": false,"Async Capable": false,"Startup Cost": 174031.36,"Total Cost": 174183.00,"Plan Rows": 7,"Plan Width": 27,"Actual Startup Time": 411.381,"Actual Total Time": 445.024,"Actual Rows": 2,"Actual Loops": 1,"Group Key": ["lineitem.l_shipmode"],"Plans": [{"Node Type": "Gather Merge","Parent Relationship": "Outer","Parallel Aware": false,"Async Capable": false,"Startup Cost": 174031.36,"Total Cost": 174182.72,"Plan Rows": 28,"Plan Width": 27,"Actual Startup Time": 410.514,"Actual Total Time": 444.979,"Actual Rows": 10,"Actual Loops": 1,"Workers Planned": 4,"Workers Launched": 4,"Plans": [{"Node Type": "Aggregate","Strategy": "Sorted","Partial Mode": "Partial","Parent Relationship": "Outer","Parallel Aware": false,"Async Capable": false,"Startup Cost": 173031.30,"Total Cost": 173179.33,"Plan Rows": 7,"Plan Width": 27,"Actual Startup Time": 401.916,"Actual Total Time": 402.658,"Actual Rows": 2,"Actual Loops": 5,"Group Key": ["lineitem.l_shipmode"],"Workers": [],"Plans": [{"Node Type": "Sort","Parent Relationship": "Outer","Parallel Aware": false,"Async Capable": false,"Startup Cost": 173031.30,"Total Cost": 173049.79,"Plan Rows": 7398,"Plan Width": 27,"Actual Startup Time": 401.153,"Actual Total Time": 401.409,"Actual Rows": 6249,"Actual Loops": 5,"Sort Key": ["lineitem.l_shipmode"],"Sort Method": "quicksort","Sort Space Used": 639,"Sort Space Type": "Memory","Workers": [{"Worker Number": 0,"Sort Method": "quicksort","Sort Space Used": 643,"Sort Space Type": "Memory"},{"Worker Number": 1,"Sort Method": "quicksort","Sort Space Used": 641,"Sort Space Type": "Memory"},{"Worker Number": 2,"Sort Method": "quicksort","Sort Space Used": 605,"Sort Space Type": "Memory"},{"Worker Number": 3,"Sort Method": "quicksort","Sort Space Used": 632,"Sort Space Type": "Memory"}],"Plans": [{"Node Type": "Nested Loop","Parent Relationship": "Outer","Parallel Aware": false,"Async Capable": false,"Join Type": "Inner","Startup Cost": 0.43,"Total Cost": 172555.87,"Plan Rows": 7398,"Plan Width": 27,"Actual Startup Time": 0.299,"Actual Total Time": 398.240,"Actual Rows": 6249,"Actual Loops": 5,"Inner Unique": true,"Workers": [],"Plans": [{"Node Type": "Seq Scan","Parent Relationship": "Outer","Parallel Aware": true,"Async Capable": false,"Relation Name": "lineitem","Alias": "lineitem","Startup Cost": 0.00,"Total Cost": 146259.83,"Plan Rows": 7399,"Plan Width": 15,"Actual Startup Time": 0.181,"Actual Total Time": 361.619,"Actual Rows": 6249,"Actual Loops": 5,"Filter": "((l_shipmode = ANY ('{TRUCK,SHIP}'::bpchar[])) AND (l_commitdate < l_receiptdate) AND (l_shipdate < l_commitdate) AND (l_receiptdate >= '1995-01-01'::date) AND (l_receiptdate < '1996-01-01 00:00:00'::timestamp without time zone))","Rows Removed by Filter": 1193994,"Workers": []},{"Node Type": "Index Scan","Parent Relationship": "Inner","Parallel Aware": false,"Async Capable": false,"Scan Direction": "Forward","Index Name": "orders_pkey","Relation Name": "orders","Alias": "orders","Startup Cost": 0.43,"Total Cost": 3.55,"Plan Rows": 1,"Plan Width": 20,"Actual Startup Time": 0.005,"Actual Total Time": 0.005,"Actual Rows": 1,"Actual Loops": 31245,"Index Cond": "(o_orderkey = lineitem.l_orderkey)","Rows Removed by Index Recheck": 0,"Workers": []}]}]}]}]}]},"Planning Time": 3.979,"Triggers": [],"Execution Time": 445.564}]
[{"Plan": {"Node Type": "Aggregate","Strategy": "Sorted","Partial Mode": "Finalize","Parallel Aware": false,"Async Capable": false,"Startup Cost": 174124.77,"Total Cost": 174277.29,"Plan Rows": 7,"Plan Width": 27,"Actual Startup Time": 407.322,"Actual Total Time": 441.518,"Actual Rows": 2,"Actual Loops": 1,"Group Key": ["lineitem.l_shipmode"],"Plans": [{"Node Type": "Gather Merge","Parent Relationship": "Outer","Parallel Aware": false,"Async Capable": false,"Startup Cost": 174124.77,"Total Cost": 174277.01,"Plan Rows": 28,"Plan Width": 27,"Actual Startup Time": 406.497,"Actual Total Time": 441.469,"Actual Rows": 10,"Actual Loops": 1,"Workers Planned": 4,"Workers Launched": 4,"Plans": [{"Node Type": "Aggregate","Strategy": "Sorted","Partial Mode": "Partial","Parent Relationship": "Outer","Parallel Aware": false,"Async Capable": false,"Startup Cost": 173124.71,"Total Cost": 173273.62,"Plan Rows": 7,"Plan Width": 27,"Actual Startup Time": 399.457,"Actual Total Time": 400.196,"Actual Rows": 2,"Actual Loops": 5,"Group Key": ["lineitem.l_shipmode"],"Workers": [],"Plans": [{"Node Type": "Sort","Parent Relationship": "Outer","Parallel Aware": false,"Async Capable": false,"Startup Cost": 173124.71,"Total Cost": 173143.31,"Plan Rows": 7442,"Plan Width": 27,"Actual Startup Time": 398.709,"Actual Total Time": 398.951,"Actual Rows": 6190,"Actual Loops": 5,"Sort Key": ["lineitem.l_shipmode"],"Sort Method": "quicksort","Sort Space Used": 634,"Sort Space Type": "Memory","Workers": [{"Worker Number": 0,"Sort Method": "quicksort","Sort Space Used": 635,"Sort Space Type": "Memory"},{"Worker Number": 1,"Sort Method": "quicksort","Sort Space Used": 614,"Sort Space Type": "Memory"},{"Worker Number": 2,"Sort Method": "quicksort","Sort Space Used": 623,"Sort Space Type": "Memory"},{"Worker Number": 3,"Sort Method": "quicksort","Sort Space Used": 633,"Sort Space Type": "Memory"}],"Plans": [{"Node Type": "Nested Loop","Parent Relationship": "Outer","Parallel Aware": false,"Async Capable": false,"Join Type": "Inner","Startup Cost": 0.43,"Total Cost": 172646.13,"Plan Rows": 7442,"Plan Width": 27,"Actual Startup Time": 0.247,"Actual Total Time": 395.855,"Actual Rows": 6190,"Actual Loops": 5,"Inner Unique": true,"Workers": [],"Plans": [{"Node Type": "Seq Scan","Parent Relationship": "Outer","Parallel Aware": true,"Async Capable": false,"Relation Name": "lineitem","Alias": "lineitem","Startup Cost": 0.00,"Total Cost": 146259.83,"Plan Rows": 7443,"Plan Width": 15,"Actual Startup Time": 0.157,"Actual Total Time": 359.448,"Actual Rows": 6190,"Actual Loops": 5,"Filter": "((l_shipmode = ANY ('{MAIL,RAIL}'::bpchar[])) AND (l_commitdate < l_receiptdate) AND (l_shipdate < l_commitdate) AND (l_receiptdate >= '1995-01-01'::date) AND (l_receiptdate < '1996-01-01 00:00:00'::timestamp without time zone))","Rows Removed by Filter": 1194053,"Workers": []},{"Node Type": "Index Scan","Parent Relationship": "Inner","Parallel Aware": false,"Async Capable": false,"Scan Direction": "Forward","Index Name": "orders_pkey","Relation Name": "orders","Alias": "orders","Startup Cost": 0.43,"Total Cost": 3.55,"Plan Rows": 1,"Plan Width": 20,"Actual Startup Time": 0.005,"Actual Total Time": 0.005,"Actual Rows": 1,"Actual Loops": 30952,"Index Cond": "(o_orderkey = lineitem.l_orderkey)","Rows Removed by Index Recheck": 0,"Workers": []}]}]}]}]}]},"Planning Time": 5.333,"Triggers": [],"Execution Time": 442.207}]
[{"Plan": {"Node Type": "Aggregate","Strategy": "Sorted","Partial Mode": "Finalize","Parallel Aware": false,"Async Capable": false,"Startup Cost": 174207.58,"Total Cost": 174360.90,"Plan Rows": 7,"Plan Width": 27,"Actual Startup Time": 395.630,"Actual Total Time": 428.234,"Actual Rows": 2,"Actual Loops": 1,"Group Key": ["lineitem.l_shipmode"],"Plans": [{"Node Type": "Gather Merge","Parent Relationship": "Outer","Parallel Aware": false,"Async Capable": false,"Startup Cost": 174207.58,"Total Cost": 174360.62,"Plan Rows": 28,"Plan Width": 27,"Actual Startup Time": 394.842,"Actual Total Time": 428.195,"Actual Rows": 10,"Actual Loops": 1,"Workers Planned": 4,"Workers Launched": 4,"Plans": [{"Node Type": "Aggregate","Strategy": "Sorted","Partial Mode": "Partial","Parent Relationship": "Outer","Parallel Aware": false,"Async Capable": false,"Startup Cost": 173207.52,"Total Cost": 173357.23,"Plan Rows": 7,"Plan Width": 27,"Actual Startup Time": 386.505,"Actual Total Time": 387.235,"Actual Rows": 2,"Actual Loops": 5,"Group Key": ["lineitem.l_shipmode"],"Workers": [],"Plans": [{"Node Type": "Sort","Parent Relationship": "Outer","Parallel Aware": false,"Async Capable": false,"Startup Cost": 173207.52,"Total Cost": 173226.23,"Plan Rows": 7482,"Plan Width": 27,"Actual Startup Time": 385.737,"Actual Total Time": 385.981,"Actual Rows": 6220,"Actual Loops": 5,"Sort Key": ["lineitem.l_shipmode"],"Sort Method": "quicksort","Sort Space Used": 637,"Sort Space Type": "Memory","Workers": [{"Worker Number": 0,"Sort Method": "quicksort","Sort Space Used": 629,"Sort Space Type": "Memory"},{"Worker Number": 1,"Sort Method": "quicksort","Sort Space Used": 628,"Sort Space Type": "Memory"},{"Worker Number": 2,"Sort Method": "quicksort","Sort Space Used": 630,"Sort Space Type": "Memory"},{"Worker Number": 3,"Sort Method": "quicksort","Sort Space Used": 626,"Sort Space Type": "Memory"}],"Plans": [{"Node Type": "Nested Loop","Parent Relationship": "Outer","Parallel Aware": false,"Async Capable": false,"Join Type": "Inner","Startup Cost": 0.43,"Total Cost": 172726.08,"Plan Rows": 7482,"Plan Width": 27,"Actual Startup Time": 0.346,"Actual Total Time": 382.907,"Actual Rows": 6220,"Actual Loops": 5,"Inner Unique": true,"Workers": [],"Plans": [{"Node Type": "Seq Scan","Parent Relationship": "Outer","Parallel Aware": true,"Async Capable": false,"Relation Name": "lineitem","Alias": "lineitem","Startup Cost": 0.00,"Total Cost": 146259.83,"Plan Rows": 7482,"Plan Width": 15,"Actual Startup Time": 0.221,"Actual Total Time": 348.435,"Actual Rows": 6220,"Actual Loops": 5,"Filter": "((l_shipmode = ANY ('{MAIL,FOB}'::bpchar[])) AND (l_commitdate < l_receiptdate) AND (l_shipdate < l_commitdate) AND (l_receiptdate >= '1995-01-01'::date) AND (l_receiptdate < '1996-01-01 00:00:00'::timestamp without time zone))","Rows Removed by Filter": 1194023,"Workers": []},{"Node Type": "Index Scan","Parent Relationship": "Inner","Parallel Aware": false,"Async Capable": false,"Scan Direction": "Forward","Index Name": "orders_pkey","Relation Name": "orders","Alias": "orders","Startup Cost": 0.43,"Total Cost": 3.54,"Plan Rows": 1,"Plan Width": 20,"Actual Startup Time": 0.005,"Actual Total Time": 0.005,"Actual Rows": 1,"Actual Loops": 31102,"Index Cond": "(o_orderkey = lineitem.l_orderkey)","Rows Removed by Index Recheck": 0,"Workers": []}]}]}]}]}]},"Planning Time": 5.354,"Triggers": [],"Execution Time": 428.789}]
[{"Plan": {"Node Type": "Aggregate","Strategy": "Sorted","Partial Mode": "Finalize","Parallel Aware": false,"Async Capable": false,"Startup Cost": 174042.75,"Total Cost": 174194.55,"Plan Rows": 7,"Plan Width": 27,"Actual Startup Time": 397.056,"Actual Total Time": 430.349,"Actual Rows": 2,"Actual Loops": 1,"Group Key": ["lineitem.l_shipmode"],"Plans": [{"Node Type": "Gather Merge","Parent Relationship": "Outer","Parallel Aware": false,"Async Capable": false,"Startup Cost": 174042.75,"Total Cost": 174194.27,"Plan Rows": 28,"Plan Width": 27,"Actual Startup Time": 396.142,"Actual Total Time": 430.312,"Actual Rows": 10,"Actual Loops": 1,"Workers Planned": 4,"Workers Launched": 4,"Plans": [{"Node Type": "Aggregate","Strategy": "Sorted","Partial Mode": "Partial","Parent Relationship": "Outer","Parallel Aware": false,"Async Capable": false,"Startup Cost": 173042.69,"Total Cost": 173190.88,"Plan Rows": 7,"Plan Width": 27,"Actual Startup Time": 387.837,"Actual Total Time": 388.586,"Actual Rows": 2,"Actual Loops": 5,"Group Key": ["lineitem.l_shipmode"],"Workers": [],"Plans": [{"Node Type": "Sort","Parent Relationship": "Outer","Parallel Aware": false,"Async Capable": false,"Startup Cost": 173042.69,"Total Cost": 173061.20,"Plan Rows": 7406,"Plan Width": 27,"Actual Startup Time": 387.076,"Actual Total Time": 387.323,"Actual Rows": 6304,"Actual Loops": 5,"Sort Key": ["lineitem.l_shipmode"],"Sort Method": "quicksort","Sort Space Used": 628,"Sort Space Type": "Memory","Workers": [{"Worker Number": 0,"Sort Method": "quicksort","Sort Space Used": 638,"Sort Space Type": "Memory"},{"Worker Number": 1,"Sort Method": "quicksort","Sort Space Used": 632,"Sort Space Type": "Memory"},{"Worker Number": 2,"Sort Method": "quicksort","Sort Space Used": 650,"Sort Space Type": "Memory"},{"Worker Number": 3,"Sort Method": "quicksort","Sort Space Used": 630,"Sort Space Type": "Memory"}],"Plans": [{"Node Type": "Nested Loop","Parent Relationship": "Outer","Parallel Aware": false,"Async Capable": false,"Join Type": "Inner","Startup Cost": 0.43,"Total Cost": 172566.69,"Plan Rows": 7406,"Plan Width": 27,"Actual Startup Time": 0.338,"Actual Total Time": 384.147,"Actual Rows": 6304,"Actual Loops": 5,"Inner Unique": true,"Workers": [],"Plans": [{"Node Type": "Seq Scan","Parent Relationship": "Outer","Parallel Aware": true,"Async Capable": false,"Relation Name": "lineitem","Alias": "lineitem","Startup Cost": 0.00,"Total Cost": 146259.83,"Plan Rows": 7405,"Plan Width": 15,"Actual Startup Time": 0.211,"Actual Total Time": 349.680,"Actual Rows": 6304,"Actual Loops": 5,"Filter": "((l_shipmode = ANY ('{AIR,TRUCK}'::bpchar[])) AND (l_commitdate < l_receiptdate) AND (l_shipdate < l_commitdate) AND (l_receiptdate >= '1995-01-01'::date) AND (l_receiptdate < '1996-01-01 00:00:00'::timestamp without time zone))","Rows Removed by Filter": 1193939,"Workers": []},{"Node Type": "Index Scan","Parent Relationship": "Inner","Parallel Aware": false,"Async Capable": false,"Scan Direction": "Forward","Index Name": "orders_pkey","Relation Name": "orders","Alias": "orders","Startup Cost": 0.43,"Total Cost": 3.55,"Plan Rows": 1,"Plan Width": 20,"Actual Startup Time": 0.005,"Actual Total Time": 0.005,"Actual Rows": 1,"Actual Loops": 31519,"Index Cond": "(o_orderkey = lineitem.l_orderkey)","Rows Removed by Index Recheck": 0,"Workers": []}]}]}]}]}]},"Planning Time": 4.555,"Triggers": [],"Execution Time": 430.839}]
[{"Plan": {"Node Type": "Aggregate","Strategy": "Sorted","Partial Mode": "Finalize","Parallel Aware": false,"Async Capable": false,"Startup Cost": 173754.09,"Total Cost": 173903.20,"Plan Rows": 7,"Plan Width": 27,"Actual Startup Time": 398.430,"Actual Total Time": 433.003,"Actual Rows": 2,"Actual Loops": 1,"Group Key": ["lineitem.l_shipmode"],"Plans": [{"Node Type": "Gather Merge","Parent Relationship": "Outer","Parallel Aware": false,"Async Capable": false,"Startup Cost": 173754.09,"Total Cost": 173902.92,"Plan Rows": 28,"Plan Width": 27,"Actual Startup Time": 397.564,"Actual Total Time": 432.964,"Actual Rows": 10,"Actual Loops": 1,"Workers Planned": 4,"Workers Launched": 4,"Plans": [{"Node Type": "Aggregate","Strategy": "Sorted","Partial Mode": "Partial","Parent Relationship": "Outer","Parallel Aware": false,"Async Capable": false,"Startup Cost": 172754.03,"Total Cost": 172899.52,"Plan Rows": 7,"Plan Width": 27,"Actual Startup Time": 389.225,"Actual Total Time": 389.970,"Actual Rows": 2,"Actual Loops": 5,"Group Key": ["lineitem.l_shipmode"],"Workers": [],"Plans": [{"Node Type": "Sort","Parent Relationship": "Outer","Parallel Aware": false,"Async Capable": false,"Startup Cost": 172754.03,"Total Cost": 172772.21,"Plan Rows": 7271,"Plan Width": 27,"Actual Startup Time": 388.452,"Actual Total Time": 388.714,"Actual Rows": 6253,"Actual Loops": 5,"Sort Key": ["lineitem.l_shipmode"],"Sort Method": "quicksort","Sort Space Used": 642,"Sort Space Type": "Memory","Workers": [{"Worker Number": 0,"Sort Method": "quicksort","Sort Space Used": 630,"Sort Space Type": "Memory"},{"Worker Number": 1,"Sort Method": "quicksort","Sort Space Used": 638,"Sort Space Type": "Memory"},{"Worker Number": 2,"Sort Method": "quicksort","Sort Space Used": 624,"Sort Space Type": "Memory"},{"Worker Number": 3,"Sort Method": "quicksort","Sort Space Used": 627,"Sort Space Type": "Memory"}],"Plans": [{"Node Type": "Nested Loop","Parent Relationship": "Outer","Parallel Aware": false,"Async Capable": false,"Join Type": "Inner","Startup Cost": 0.43,"Total Cost": 172287.67,"Plan Rows": 7271,"Plan Width": 27,"Actual Startup Time": 0.623,"Actual Total Time": 385.599,"Actual Rows": 6253,"Actual Loops": 5,"Inner Unique": true,"Workers": [],"Plans": [{"Node Type": "Seq Scan","Parent Relationship": "Outer","Parallel Aware": true,"Async Capable": false,"Relation Name": "lineitem","Alias": "lineitem","Startup Cost": 0.00,"Total Cost": 146259.83,"Plan Rows": 7271,"Plan Width": 15,"Actual Startup Time": 0.489,"Actual Total Time": 350.150,"Actual Rows": 6253,"Actual Loops": 5,"Filter": "((l_shipmode = ANY ('{TRUCK,MAIL}'::bpchar[])) AND (l_commitdate < l_receiptdate) AND (l_shipdate < l_commitdate) AND (l_receiptdate >= '1996-01-01'::date) AND (l_receiptdate < '1997-01-01 00:00:00'::timestamp without time zone))","Rows Removed by Filter": 1193990,"Workers": []},{"Node Type": "Index Scan","Parent Relationship": "Inner","Parallel Aware": false,"Async Capable": false,"Scan Direction": "Forward","Index Name": "orders_pkey","Relation Name": "orders","Alias": "orders","Startup Cost": 0.43,"Total Cost": 3.58,"Plan Rows": 1,"Plan Width": 20,"Actual Startup Time": 0.005,"Actual Total Time": 0.005,"Actual Rows": 1,"Actual Loops": 31264,"Index Cond": "(o_orderkey = lineitem.l_orderkey)","Rows Removed by Index Recheck": 0,"Workers": []}]}]}]}]}]},"Planning Time": 5.335,"Triggers": [],"Execution Time": 433.609}]
[{"Plan": {"Node Type": "Aggregate","Strategy": "Sorted","Partial Mode": "Finalize","Parallel Aware": false,"Async Capable": false,"Startup Cost": 173861.35,"Total Cost": 174011.44,"Plan Rows": 7,"Plan Width": 27,"Actual Startup Time": 401.869,"Actual Total Time": 436.691,"Actual Rows": 2,"Actual Loops": 1,"Group Key": ["lineitem.l_shipmode"],"Plans": [{"Node Type": "Gather Merge","Parent Relationship": "Outer","Parallel Aware": false,"Async Capable": false,"Startup Cost": 173861.35,"Total Cost": 174011.16,"Plan Rows": 28,"Plan Width": 27,"Actual Startup Time": 401.034,"Actual Total Time": 436.659,"Actual Rows": 10,"Actual Loops": 1,"Workers Planned": 4,"Workers Launched": 4,"Plans": [{"Node Type": "Aggregate","Strategy": "Sorted","Partial Mode": "Partial","Parent Relationship": "Outer","Parallel Aware": false,"Async Capable": false,"Startup Cost": 172861.29,"Total Cost": 173007.76,"Plan Rows": 7,"Plan Width": 27,"Actual Startup Time": 392.967,"Actual Total Time": 393.697,"Actual Rows": 2,"Actual Loops": 5,"Group Key": ["lineitem.l_shipmode"],"Workers": [],"Plans": [{"Node Type": "Sort","Parent Relationship": "Outer","Parallel Aware": false,"Async Capable": false,"Startup Cost": 172861.29,"Total Cost": 172879.59,"Plan Rows": 7320,"Plan Width": 27,"Actual Startup Time": 392.229,"Actual Total Time": 392.468,"Actual Rows": 6227,"Actual Loops": 5,"Sort Key": ["lineitem.l_shipmode"],"Sort Method": "quicksort","Sort Space Used": 646,"Sort Space Type": "Memory","Workers": [{"Worker Number": 0,"Sort Method": "quicksort","Sort Space Used": 630,"Sort Space Type": "Memory"},{"Worker Number": 1,"Sort Method": "quicksort","Sort Space Used": 620,"Sort Space Type": "Memory"},{"Worker Number": 2,"Sort Method": "quicksort","Sort Space Used": 624,"Sort Space Type": "Memory"},{"Worker Number": 3,"Sort Method": "quicksort","Sort Space Used": 632,"Sort Space Type": "Memory"}],"Plans": [{"Node Type": "Nested Loop","Parent Relationship": "Outer","Parallel Aware": false,"Async Capable": false,"Join Type": "Inner","Startup Cost": 0.43,"Total Cost": 172391.43,"Plan Rows": 7320,"Plan Width": 27,"Actual Startup Time": 0.357,"Actual Total Time": 389.272,"Actual Rows": 6227,"Actual Loops": 5,"Inner Unique": true,"Workers": [],"Plans": [{"Node Type": "Seq Scan","Parent Relationship": "Outer","Parallel Aware": true,"Async Capable": false,"Relation Name": "lineitem","Alias": "lineitem","Startup Cost": 0.00,"Total Cost": 146259.83,"Plan Rows": 7320,"Plan Width": 15,"Actual Startup Time": 0.239,"Actual Total Time": 353.812,"Actual Rows": 6227,"Actual Loops": 5,"Filter": "((l_shipmode = ANY ('{SHIP,FOB}'::bpchar[])) AND (l_commitdate < l_receiptdate) AND (l_shipdate < l_commitdate) AND (l_receiptdate >= '1993-01-01'::date) AND (l_receiptdate < '1994-01-01 00:00:00'::timestamp without time zone))","Rows Removed by Filter": 1194016,"Workers": []},{"Node Type": "Index Scan","Parent Relationship": "Inner","Parallel Aware": false,"Async Capable": false,"Scan Direction": "Forward","Index Name": "orders_pkey","Relation Name": "orders","Alias": "orders","Startup Cost": 0.43,"Total Cost": 3.57,"Plan Rows": 1,"Plan Width": 20,"Actual Startup Time": 0.005,"Actual Total Time": 0.005,"Actual Rows": 1,"Actual Loops": 31133,"Index Cond": "(o_orderkey = lineitem.l_orderkey)","Rows Removed by Index Recheck": 0,"Workers": []}]}]}]}]}]},"Planning Time": 4.310,"Triggers": [],"Execution Time": 437.371}]
[{"Plan": {"Node Type": "Aggregate","Strategy": "Sorted","Partial Mode": "Finalize","Parallel Aware": false,"Async Capable": false,"Startup Cost": 173452.42,"Total Cost": 173598.75,"Plan Rows": 7,"Plan Width": 27,"Actual Startup Time": 395.326,"Actual Total Time": 428.193,"Actual Rows": 2,"Actual Loops": 1,"Group Key": ["lineitem.l_shipmode"],"Plans": [{"Node Type": "Gather Merge","Parent Relationship": "Outer","Parallel Aware": false,"Async Capable": false,"Startup Cost": 173452.42,"Total Cost": 173598.47,"Plan Rows": 28,"Plan Width": 27,"Actual Startup Time": 394.478,"Actual Total Time": 428.152,"Actual Rows": 10,"Actual Loops": 1,"Workers Planned": 4,"Workers Launched": 4,"Plans": [{"Node Type": "Aggregate","Strategy": "Sorted","Partial Mode": "Partial","Parent Relationship": "Outer","Parallel Aware": false,"Async Capable": false,"Startup Cost": 172452.36,"Total Cost": 172595.07,"Plan Rows": 7,"Plan Width": 27,"Actual Startup Time": 386.187,"Actual Total Time": 386.908,"Actual Rows": 2,"Actual Loops": 5,"Group Key": ["lineitem.l_shipmode"],"Workers": [],"Plans": [{"Node Type": "Sort","Parent Relationship": "Outer","Parallel Aware": false,"Async Capable": false,"Startup Cost": 172452.36,"Total Cost": 172470.19,"Plan Rows": 7132,"Plan Width": 27,"Actual Startup Time": 385.435,"Actual Total Time": 385.671,"Actual Rows": 6177,"Actual Loops": 5,"Sort Key": ["lineitem.l_shipmode"],"Sort Method": "quicksort","Sort Space Used": 635,"Sort Space Type": "Memory","Workers": [{"Worker Number": 0,"Sort Method": "quicksort","Sort Space Used": 626,"Sort Space Type": "Memory"},{"Worker Number": 1,"Sort Method": "quicksort","Sort Space Used": 616,"Sort Space Type": "Memory"},{"Worker Number": 2,"Sort Method": "quicksort","Sort Space Used": 625,"Sort Space Type": "Memory"},{"Worker Number": 3,"Sort Method": "quicksort","Sort Space Used": 632,"Sort Space Type": "Memory"}],"Plans": [{"Node Type": "Nested Loop","Parent Relationship": "Outer","Parallel Aware": false,"Async Capable": false,"Join Type": "Inner","Startup Cost": 0.43,"Total Cost": 171995.91,"Plan Rows": 7132,"Plan Width": 27,"Actual Startup Time": 0.204,"Actual Total Time": 382.501,"Actual Rows": 6177,"Actual Loops": 5,"Inner Unique": true,"Workers": [],"Plans": [{"Node Type": "Seq Scan","Parent Relationship": "Outer","Parallel Aware": true,"Async Capable": false,"Relation Name": "lineitem","Alias": "lineitem","Startup Cost": 0.00,"Total Cost": 146259.83,"Plan Rows": 7132,"Plan Width": 15,"Actual Startup Time": 0.081,"Actual Total Time": 348.171,"Actual Rows": 6177,"Actual Loops": 5,"Filter": "((l_shipmode = ANY ('{TRUCK,SHIP}'::bpchar[])) AND (l_commitdate < l_receiptdate) AND (l_shipdate < l_commitdate) AND (l_receiptdate >= '1994-01-01'::date) AND (l_receiptdate < '1995-01-01 00:00:00'::timestamp without time zone))","Rows Removed by Filter": 1194066,"Workers": []},{"Node Type": "Index Scan","Parent Relationship": "Inner","Parallel Aware": false,"Async Capable": false,"Scan Direction": "Forward","Index Name": "orders_pkey","Relation Name": "orders","Alias": "orders","Startup Cost": 0.43,"Total Cost": 3.61,"Plan Rows": 1,"Plan Width": 20,"Actual Startup Time": 0.005,"Actual Total Time": 0.005,"Actual Rows": 1,"Actual Loops": 30883,"Index Cond": "(o_orderkey = lineitem.l_orderkey)","Rows Removed by Index Recheck": 0,"Workers": []}]}]}]}]}]},"Planning Time": 4.846,"Triggers": [],"Execution Time": 428.596}]
[{"Plan": {"Node Type": "Aggregate","Strategy": "Sorted","Partial Mode": "Finalize","Parallel Aware": false,"Async Capable": false,"Startup Cost": 173700.13,"Total Cost": 173848.74,"Plan Rows": 7,"Plan Width": 27,"Actual Startup Time": 396.351,"Actual Total Time": 430.582,"Actual Rows": 2,"Actual Loops": 1,"Group Key": ["lineitem.l_shipmode"],"Plans": [{"Node Type": "Gather Merge","Parent Relationship": "Outer","Parallel Aware": false,"Async Capable": false,"Startup Cost": 173700.13,"Total Cost": 173848.46,"Plan Rows": 28,"Plan Width": 27,"Actual Startup Time": 395.548,"Actual Total Time": 430.542,"Actual Rows": 10,"Actual Loops": 1,"Workers Planned": 4,"Workers Launched": 4,"Plans": [{"Node Type": "Aggregate","Strategy": "Sorted","Partial Mode": "Partial","Parent Relationship": "Outer","Parallel Aware": false,"Async Capable": false,"Startup Cost": 172700.07,"Total Cost": 172845.06,"Plan Rows": 7,"Plan Width": 27,"Actual Startup Time": 387.335,"Actual Total Time": 388.081,"Actual Rows": 2,"Actual Loops": 5,"Group Key": ["lineitem.l_shipmode"],"Workers": [],"Plans": [{"Node Type": "Sort","Parent Relationship": "Outer","Parallel Aware": false,"Async Capable": false,"Startup Cost": 172700.07,"Total Cost": 172718.19,"Plan Rows": 7246,"Plan Width": 27,"Actual Startup Time": 386.588,"Actual Total Time": 386.843,"Actual Rows": 6217,"Actual Loops": 5,"Sort Key": ["lineitem.l_shipmode"],"Sort Method": "quicksort","Sort Space Used": 640,"Sort Space Type": "Memory","Workers": [{"Worker Number": 0,"Sort Method": "quicksort","Sort Space Used": 622,"Sort Space Type": "Memory"},{"Worker Number": 1,"Sort Method": "quicksort","Sort Space Used": 630,"Sort Space Type": "Memory"},{"Worker Number": 2,"Sort Method": "quicksort","Sort Space Used": 634,"Sort Space Type": "Memory"},{"Worker Number": 3,"Sort Method": "quicksort","Sort Space Used": 622,"Sort Space Type": "Memory"}],"Plans": [{"Node Type": "Nested Loop","Parent Relationship": "Outer","Parallel Aware": false,"Async Capable": false,"Join Type": "Inner","Startup Cost": 0.43,"Total Cost": 172235.50,"Plan Rows": 7246,"Plan Width": 27,"Actual Startup Time": 0.339,"Actual Total Time": 383.711,"Actual Rows": 6217,"Actual Loops": 5,"Inner Unique": true,"Workers": [],"Plans": [{"Node Type": "Seq Scan","Parent Relationship": "Outer","Parallel Aware": true,"Async Capable": false,"Relation Name": "lineitem","Alias": "lineitem","Startup Cost": 0.00,"Total Cost": 146259.83,"Plan Rows": 7246,"Plan Width": 15,"Actual Startup Time": 0.226,"Actual Total Time": 348.234,"Actual Rows": 6217,"Actual Loops": 5,"Filter": "((l_shipmode = ANY ('{\"REG AIR\",SHIP}'::bpchar[])) AND (l_commitdate < l_receiptdate) AND (l_shipdate < l_commitdate) AND (l_receiptdate >= '1993-01-01'::date) AND (l_receiptdate < '1994-01-01 00:00:00'::timestamp without time zone))","Rows Removed by Filter": 1194026,"Workers": []},{"Node Type": "Index Scan","Parent Relationship": "Inner","Parallel Aware": false,"Async Capable": false,"Scan Direction": "Forward","Index Name": "orders_pkey","Relation Name": "orders","Alias": "orders","Startup Cost": 0.43,"Total Cost": 3.58,"Plan Rows": 1,"Plan Width": 20,"Actual Startup Time": 0.005,"Actual Total Time": 0.005,"Actual Rows": 1,"Actual Loops": 31083,"Index Cond": "(o_orderkey = lineitem.l_orderkey)","Rows Removed by Index Recheck": 0,"Workers": []}]}]}]}]}]},"Planning Time": 4.853,"Triggers": [],"Execution Time": 431.195}]
[{"Plan": {"Node Type": "Aggregate","Strategy": "Sorted","Partial Mode": "Finalize","Parallel Aware": false,"Async Capable": false,"Startup Cost": 174090.23,"Total Cost": 174242.45,"Plan Rows": 7,"Plan Width": 27,"Actual Startup Time": 403.346,"Actual Total Time": 437.416,"Actual Rows": 2,"Actual Loops": 1,"Group Key": ["lineitem.l_shipmode"],"Plans": [{"Node Type": "Gather Merge","Parent Relationship": "Outer","Parallel Aware": false,"Async Capable": false,"Startup Cost": 174090.23,"Total Cost": 174242.17,"Plan Rows": 28,"Plan Width": 27,"Actual Startup Time": 402.467,"Actual Total Time": 437.376,"Actual Rows": 10,"Actual Loops": 1,"Workers Planned": 4,"Workers Launched": 4,"Plans": [{"Node Type": "Aggregate","Strategy": "Sorted","Partial Mode": "Partial","Parent Relationship": "Outer","Parallel Aware": false,"Async Capable": false,"Startup Cost": 173090.17,"Total Cost": 173238.78,"Plan Rows": 7,"Plan Width": 27,"Actual Startup Time": 393.985,"Actual Total Time": 394.733,"Actual Rows": 2,"Actual Loops": 5,"Group Key": ["lineitem.l_shipmode"],"Workers": [],"Plans": [{"Node Type": "Sort","Parent Relationship": "Outer","Parallel Aware": false,"Async Capable": false,"Startup Cost": 173090.17,"Total Cost": 173108.74,"Plan Rows": 7427,"Plan Width": 27,"Actual Startup Time": 393.222,"Actual Total Time": 393.482,"Actual Rows": 6300,"Actual Loops": 5,"Sort Key": ["lineitem.l_shipmode"],"Sort Method": "quicksort","Sort Space Used": 630,"Sort Space Type": "Memory","Workers": [{"Worker Number": 0,"Sort Method": "quicksort","Sort Space Used": 640,"Sort Space Type": "Memory"},{"Worker Number": 1,"Sort Method": "quicksort","Sort Space Used": 616,"Sort Space Type": "Memory"},{"Worker Number": 2,"Sort Method": "quicksort","Sort Space Used": 648,"Sort Space Type": "Memory"},{"Worker Number": 3,"Sort Method": "quicksort","Sort Space Used": 643,"Sort Space Type": "Memory"}],"Plans": [{"Node Type": "Nested Loop","Parent Relationship": "Outer","Parallel Aware": false,"Async Capable": false,"Join Type": "Inner","Startup Cost": 0.43,"Total Cost": 172612.67,"Plan Rows": 7427,"Plan Width": 27,"Actual Startup Time": 0.243,"Actual Total Time": 390.294,"Actual Rows": 6300,"Actual Loops": 5,"Inner Unique": true,"Workers": [],"Plans": [{"Node Type": "Seq Scan","Parent Relationship": "Outer","Parallel Aware": true,"Async Capable": false,"Relation Name": "lineitem","Alias": "lineitem","Startup Cost": 0.00,"Total Cost": 146259.83,"Plan Rows": 7427,"Plan Width": 15,"Actual Startup Time": 0.146,"Actual Total Time": 354.103,"Actual Rows": 6300,"Actual Loops": 5,"Filter": "((l_shipmode = ANY ('{AIR,FOB}'::bpchar[])) AND (l_commitdate < l_receiptdate) AND (l_shipdate < l_commitdate) AND (l_receiptdate >= '1995-01-01'::date) AND (l_receiptdate < '1996-01-01 00:00:00'::timestamp without time zone))","Rows Removed by Filter": 1193943,"Workers": []},{"Node Type": "Index Scan","Parent Relationship": "Inner","Parallel Aware": false,"Async Capable": false,"Scan Direction": "Forward","Index Name": "orders_pkey","Relation Name": "orders","Alias": "orders","Startup Cost": 0.43,"Total Cost": 3.55,"Plan Rows": 1,"Plan Width": 20,"Actual Startup Time": 0.005,"Actual Total Time": 0.005,"Actual Rows": 1,"Actual Loops": 31499,"Index Cond": "(o_orderkey = lineitem.l_orderkey)","Rows Removed by Index Recheck": 0,"Workers": []}]}]}]}]}]},"Planning Time": 4.610,"Triggers": [],"Execution Time": 438.015}]
[{"Plan": {"Node Type": "Aggregate","Strategy": "Sorted","Partial Mode": "Finalize","Parallel Aware": false,"Async Capable": false,"Startup Cost": 173828.04,"Total Cost": 173977.83,"Plan Rows": 7,"Plan Width": 27,"Actual Startup Time": 408.048,"Actual Total Time": 441.706,"Actual Rows": 2,"Actual Loops": 1,"Group Key": ["lineitem.l_shipmode"],"Plans": [{"Node Type": "Gather Merge","Parent Relationship": "Outer","Parallel Aware": false,"Async Capable": false,"Startup Cost": 173828.04,"Total Cost": 173977.55,"Plan Rows": 28,"Plan Width": 27,"Actual Startup Time": 407.198,"Actual Total Time": 441.665,"Actual Rows": 10,"Actual Loops": 1,"Workers Planned": 4,"Workers Launched": 4,"Plans": [{"Node Type": "Aggregate","Strategy": "Sorted","Partial Mode": "Partial","Parent Relationship": "Outer","Parallel Aware": false,"Async Capable": false,"Startup Cost": 172827.99,"Total Cost": 172974.16,"Plan Rows": 7,"Plan Width": 27,"Actual Startup Time": 398.186,"Actual Total Time": 398.921,"Actual Rows": 2,"Actual Loops": 5,"Group Key": ["lineitem.l_shipmode"],"Workers": [],"Plans": [{"Node Type": "Sort","Parent Relationship": "Outer","Parallel Aware": false,"Async Capable": false,"Startup Cost": 172827.99,"Total Cost": 172846.25,"Plan Rows": 7305,"Plan Width": 27,"Actual Startup Time": 397.412,"Actual Total Time": 397.674,"Actual Rows": 6195,"Actual Loops": 5,"Sort Key": ["lineitem.l_shipmode"],"Sort Method": "quicksort","Sort Space Used": 629,"Sort Space Type": "Memory","Workers": [{"Worker Number": 0,"Sort Method": "quicksort","Sort Space Used": 632,"Sort Space Type": "Memory"},{"Worker Number": 1,"Sort Method": "quicksort","Sort Space Used": 637,"Sort Space Type": "Memory"},{"Worker Number": 2,"Sort Method": "quicksort","Sort Space Used": 605,"Sort Space Type": "Memory"},{"Worker Number": 3,"Sort Method": "quicksort","Sort Space Used": 638,"Sort Space Type": "Memory"}],"Plans": [{"Node Type": "Nested Loop","Parent Relationship": "Outer","Parallel Aware": false,"Async Capable": false,"Join Type": "Inner","Startup Cost": 0.43,"Total Cost": 172359.20,"Plan Rows": 7305,"Plan Width": 27,"Actual Startup Time": 0.252,"Actual Total Time": 394.482,"Actual Rows": 6195,"Actual Loops": 5,"Inner Unique": true,"Workers": [],"Plans": [{"Node Type": "Seq Scan","Parent Relationship": "Outer","Parallel Aware": true,"Async Capable": false,"Relation Name": "lineitem","Alias": "lineitem","Startup Cost": 0.00,"Total Cost": 146259.83,"Plan Rows": 7305,"Plan Width": 15,"Actual Startup Time": 0.171,"Actual Total Time": 358.601,"Actual Rows": 6195,"Actual Loops": 5,"Filter": "((l_shipmode = ANY ('{TRUCK,AIR}'::bpchar[])) AND (l_commitdate < l_receiptdate) AND (l_shipdate < l_commitdate) AND (l_receiptdate >= '1993-01-01'::date) AND (l_receiptdate < '1994-01-01 00:00:00'::timestamp without time zone))","Rows Removed by Filter": 1194048,"Workers": []},{"Node Type": "Index Scan","Parent Relationship": "Inner","Parallel Aware": false,"Async Capable": false,"Scan Direction": "Forward","Index Name": "orders_pkey","Relation Name": "orders","Alias": "orders","Startup Cost": 0.43,"Total Cost": 3.57,"Plan Rows": 1,"Plan Width": 20,"Actual Startup Time": 0.005,"Actual Total Time": 0.005,"Actual Rows": 1,"Actual Loops": 30975,"Index Cond": "(o_orderkey = lineitem.l_orderkey)","Rows Removed by Index Recheck": 0,"Workers": []}]}]}]}]}]},"Planning Time": 3.871,"Triggers": [],"Execution Time": 442.405}]
[{"Plan": {"Node Type": "Aggregate","Strategy": "Sorted","Partial Mode": "Finalize","Parallel Aware": false,"Async Capable": false,"Startup Cost": 173715.30,"Total Cost": 173864.04,"Plan Rows": 7,"Plan Width": 27,"Actual Startup Time": 393.824,"Actual Total Time": 428.215,"Actual Rows": 2,"Actual Loops": 1,"Group Key": ["lineitem.l_shipmode"],"Plans": [{"Node Type": "Gather Merge","Parent Relationship": "Outer","Parallel Aware": false,"Async Capable": false,"Startup Cost": 173715.30,"Total Cost": 173863.76,"Plan Rows": 28,"Plan Width": 27,"Actual Startup Time": 392.930,"Actual Total Time": 428.163,"Actual Rows": 10,"Actual Loops": 1,"Workers Planned": 4,"Workers Launched": 4,"Plans": [{"Node Type": "Aggregate","Strategy": "Sorted","Partial Mode": "Partial","Parent Relationship": "Outer","Parallel Aware": false,"Async Capable": false,"Startup Cost": 172715.24,"Total Cost": 172860.37,"Plan Rows": 7,"Plan Width": 27,"Actual Startup Time": 384.685,"Actual Total Time": 385.423,"Actual Rows": 2,"Actual Loops": 5,"Group Key": ["lineitem.l_shipmode"],"Workers": [],"Plans": [{"Node Type": "Sort","Parent Relationship": "Outer","Parallel Aware": false,"Async Capable": false,"Startup Cost": 172715.24,"Total Cost": 172733.37,"Plan Rows": 7253,"Plan Width": 27,"Actual Startup Time": 383.922,"Actual Total Time": 384.181,"Actual Rows": 6220,"Actual Loops": 5,"Sort Key": ["lineitem.l_shipmode"],"Sort Method": "quicksort","Sort Space Used": 634,"Sort Space Type": "Memory","Workers": [{"Worker Number": 0,"Sort Method": "quicksort","Sort Space Used": 628,"Sort Space Type": "Memory"},{"Worker Number": 1,"Sort Method": "quicksort","Sort Space Used": 627,"Sort Space Type": "Memory"},{"Worker Number": 2,"Sort Method": "quicksort","Sort Space Used": 628,"Sort Space Type": "Memory"},{"Worker Number": 3,"Sort Method": "quicksort","Sort Space Used": 632,"Sort Space Type": "Memory"}],"Plans": [{"Node Type": "Nested Loop","Parent Relationship": "Outer","Parallel Aware": false,"Async Capable": false,"Join Type": "Inner","Startup Cost": 0.43,"Total Cost": 172250.16,"Plan Rows": 7253,"Plan Width": 27,"Actual Startup Time": 0.616,"Actual Total Time": 381.010,"Actual Rows": 6220,"Actual Loops": 5,"Inner Unique": true,"Workers": [],"Plans": [{"Node Type": "Seq Scan","Parent Relationship": "Outer","Parallel Aware": true,"Async Capable": false,"Relation Name": "lineitem","Alias": "lineitem","Startup Cost": 0.00,"Total Cost": 146259.83,"Plan Rows": 7253,"Plan Width": 15,"Actual Startup Time": 0.498,"Actual Total Time": 345.776,"Actual Rows": 6220,"Actual Loops": 5,"Filter": "((l_shipmode = ANY ('{AIR,\"REG AIR\"}'::bpchar[])) AND (l_commitdate < l_receiptdate) AND (l_shipdate < l_commitdate) AND (l_receiptdate >= '1993-01-01'::date) AND (l_receiptdate < '1994-01-01 00:00:00'::timestamp without time zone))","Rows Removed by Filter": 1194023,"Workers": []},{"Node Type": "Index Scan","Parent Relationship": "Inner","Parallel Aware": false,"Async Capable": false,"Scan Direction": "Forward","Index Name": "orders_pkey","Relation Name": "orders","Alias": "orders","Startup Cost": 0.43,"Total Cost": 3.58,"Plan Rows": 1,"Plan Width": 20,"Actual Startup Time": 0.005,"Actual Total Time": 0.005,"Actual Rows": 1,"Actual Loops": 31100,"Index Cond": "(o_orderkey = lineitem.l_orderkey)","Rows Removed by Index Recheck": 0,"Workers": []}]}]}]}]}]},"Planning Time": 4.792,"Triggers": [],"Execution Time": 428.866}]
[{"Plan": {"Node Type": "Aggregate","Strategy": "Sorted","Partial Mode": "Finalize","Parallel Aware": false,"Async Capable": false,"Startup Cost": 173641.11,"Total Cost": 173789.17,"Plan Rows": 7,"Plan Width": 27,"Actual Startup Time": 401.958,"Actual Total Time": 436.363,"Actual Rows": 2,"Actual Loops": 1,"Group Key": ["lineitem.l_shipmode"],"Plans": [{"Node Type": "Gather Merge","Parent Relationship": "Outer","Parallel Aware": false,"Async Capable": false,"Startup Cost": 173641.11,"Total Cost": 173788.89,"Plan Rows": 28,"Plan Width": 27,"Actual Startup Time": 401.069,"Actual Total Time": 436.345,"Actual Rows": 10,"Actual Loops": 1,"Workers Planned": 4,"Workers Launched": 4,"Plans": [{"Node Type": "Aggregate","Strategy": "Sorted","Partial Mode": "Partial","Parent Relationship": "Outer","Parallel Aware": false,"Async Capable": false,"Startup Cost": 172641.05,"Total Cost": 172785.50,"Plan Rows": 7,"Plan Width": 27,"Actual Startup Time": 393.088,"Actual Total Time": 393.837,"Actual Rows": 2,"Actual Loops": 5,"Group Key": ["lineitem.l_shipmode"],"Workers": [],"Plans": [{"Node Type": "Sort","Parent Relationship": "Outer","Parallel Aware": false,"Async Capable": false,"Startup Cost": 172641.05,"Total Cost": 172659.10,"Plan Rows": 7219,"Plan Width": 27,"Actual Startup Time": 392.355,"Actual Total Time": 392.595,"Actual Rows": 6255,"Actual Loops": 5,"Sort Key": ["lineitem.l_shipmode"],"Sort Method": "quicksort","Sort Space Used": 641,"Sort Space Type": "Memory","Workers": [{"Worker Number": 0,"Sort Method": "quicksort","Sort Space Used": 637,"Sort Space Type": "Memory"},{"Worker Number": 1,"Sort Method": "quicksort","Sort Space Used": 624,"Sort Space Type": "Memory"},{"Worker Number": 2,"Sort Method": "quicksort","Sort Space Used": 634,"Sort Space Type": "Memory"},{"Worker Number": 3,"Sort Method": "quicksort","Sort Space Used": 626,"Sort Space Type": "Memory"}],"Plans": [{"Node Type": "Nested Loop","Parent Relationship": "Outer","Parallel Aware": false,"Async Capable": false,"Join Type": "Inner","Startup Cost": 0.43,"Total Cost": 172178.40,"Plan Rows": 7219,"Plan Width": 27,"Actual Startup Time": 0.444,"Actual Total Time": 389.538,"Actual Rows": 6255,"Actual Loops": 5,"Inner Unique": true,"Workers": [],"Plans": [{"Node Type": "Seq Scan","Parent Relationship": "Outer","Parallel Aware": true,"Async Capable": false,"Relation Name": "lineitem","Alias": "lineitem","Startup Cost": 0.00,"Total Cost": 146259.83,"Plan Rows": 7219,"Plan Width": 15,"Actual Startup Time": 0.324,"Actual Total Time": 354.452,"Actual Rows": 6255,"Actual Loops": 5,"Filter": "((l_shipmode = ANY ('{MAIL,AIR}'::bpchar[])) AND (l_commitdate < l_receiptdate) AND (l_shipdate < l_commitdate) AND (l_receiptdate >= '1997-01-01'::date) AND (l_receiptdate < '1998-01-01 00:00:00'::timestamp without time zone))","Rows Removed by Filter": 1193988,"Workers": []},{"Node Type": "Index Scan","Parent Relationship": "Inner","Parallel Aware": false,"Async Capable": false,"Scan Direction": "Forward","Index Name": "orders_pkey","Relation Name": "orders","Alias": "orders","Startup Cost": 0.43,"Total Cost": 3.59,"Plan Rows": 1,"Plan Width": 20,"Actual Startup Time": 0.005,"Actual Total Time": 0.005,"Actual Rows": 1,"Actual Loops": 31276,"Index Cond": "(o_orderkey = lineitem.l_orderkey)","Rows Removed by Index Recheck": 0,"Workers": []}]}]}]}]}]},"Planning Time": 4.362,"Triggers": [],"Execution Time": 436.790}]
[{"Plan": {"Node Type": "Aggregate","Strategy": "Sorted","Partial Mode": "Finalize","Parallel Aware": false,"Async Capable": false,"Startup Cost": 173936.43,"Total Cost": 174087.20,"Plan Rows": 7,"Plan Width": 27,"Actual Startup Time": 404.295,"Actual Total Time": 438.434,"Actual Rows": 2,"Actual Loops": 1,"Group Key": ["lineitem.l_shipmode"],"Plans": [{"Node Type": "Gather Merge","Parent Relationship": "Outer","Parallel Aware": false,"Async Capable": false,"Startup Cost": 173936.43,"Total Cost": 174086.92,"Plan Rows": 28,"Plan Width": 27,"Actual Startup Time": 403.414,"Actual Total Time": 438.399,"Actual Rows": 10,"Actual Loops": 1,"Workers Planned": 4,"Workers Launched": 4,"Plans": [{"Node Type": "Aggregate","Strategy": "Sorted","Partial Mode": "Partial","Parent Relationship": "Outer","Parallel Aware": false,"Async Capable": false,"Startup Cost": 172936.38,"Total Cost": 173083.53,"Plan Rows": 7,"Plan Width": 27,"Actual Startup Time": 394.793,"Actual Total Time": 395.552,"Actual Rows": 2,"Actual Loops": 5,"Group Key": ["lineitem.l_shipmode"],"Workers": [],"Plans": [{"Node Type": "Sort","Parent Relationship": "Outer","Parallel Aware": false,"Async Capable": false,"Startup Cost": 172936.38,"Total Cost": 172954.76,"Plan Rows": 7354,"Plan Width": 27,"Actual Startup Time": 394.004,"Actual Total Time": 394.276,"Actual Rows": 6252,"Actual Loops": 5,"Sort Key": ["lineitem.l_shipmode"],"Sort Method": "quicksort","Sort Space Used": 635,"Sort Space Type": "Memory","Workers": [{"Worker Number": 0,"Sort Method": "quicksort","Sort Space Used": 627,"Sort Space Type": "Memory"},{"Worker Number": 1,"Sort Method": "quicksort","Sort Space Used": 641,"Sort Space Type": "Memory"},{"Worker Number": 2,"Sort Method": "quicksort","Sort Space Used": 626,"Sort Space Type": "Memory"},{"Worker Number": 3,"Sort Method": "quicksort","Sort Space Used": 630,"Sort Space Type": "Memory"}],"Plans": [{"Node Type": "Nested Loop","Parent Relationship": "Outer","Parallel Aware": false,"Async Capable": false,"Join Type": "Inner","Startup Cost": 0.43,"Total Cost": 172464.09,"Plan Rows": 7354,"Plan Width": 27,"Actual Startup Time": 0.376,"Actual Total Time": 391.142,"Actual Rows": 6252,"Actual Loops": 5,"Inner Unique": true,"Workers": [],"Plans": [{"Node Type": "Seq Scan","Parent Relationship": "Outer","Parallel Aware": true,"Async Capable": false,"Relation Name": "lineitem","Alias": "lineitem","Startup Cost": 0.00,"Total Cost": 146259.83,"Plan Rows": 7355,"Plan Width": 15,"Actual Startup Time": 0.246,"Actual Total Time": 355.568,"Actual Rows": 6252,"Actual Loops": 5,"Filter": "((l_shipmode = ANY ('{FOB,RAIL}'::bpchar[])) AND (l_commitdate < l_receiptdate) AND (l_shipdate < l_commitdate) AND (l_receiptdate >= '1993-01-01'::date) AND (l_receiptdate < '1994-01-01 00:00:00'::timestamp without time zone))","Rows Removed by Filter": 1193991,"Workers": []},{"Node Type": "Index Scan","Parent Relationship": "Inner","Parallel Aware": false,"Async Capable": false,"Scan Direction": "Forward","Index Name": "orders_pkey","Relation Name": "orders","Alias": "orders","Startup Cost": 0.43,"Total Cost": 3.56,"Plan Rows": 1,"Plan Width": 20,"Actual Startup Time": 0.005,"Actual Total Time": 0.005,"Actual Rows": 1,"Actual Loops": 31259,"Index Cond": "(o_orderkey = lineitem.l_orderkey)","Rows Removed by Index Recheck": 0,"Workers": []}]}]}]}]}]},"Planning Time": 5.465,"Triggers": [],"Execution Time": 439.032}]
[{"Plan": {"Node Type": "Aggregate","Strategy": "Sorted","Partial Mode": "Finalize","Parallel Aware": false,"Async Capable": false,"Startup Cost": 173585.00,"Total Cost": 173732.55,"Plan Rows": 7,"Plan Width": 27,"Actual Startup Time": 413.713,"Actual Total Time": 447.634,"Actual Rows": 2,"Actual Loops": 1,"Group Key": ["lineitem.l_shipmode"],"Plans": [{"Node Type": "Gather Merge","Parent Relationship": "Outer","Parallel Aware": false,"Async Capable": false,"Startup Cost": 173585.00,"Total Cost": 173732.27,"Plan Rows": 28,"Plan Width": 27,"Actual Startup Time": 412.853,"Actual Total Time": 447.589,"Actual Rows": 10,"Actual Loops": 1,"Workers Planned": 4,"Workers Launched": 4,"Plans": [{"Node Type": "Aggregate","Strategy": "Sorted","Partial Mode": "Partial","Parent Relationship": "Outer","Parallel Aware": false,"Async Capable": false,"Startup Cost": 172584.94,"Total Cost": 172728.87,"Plan Rows": 7,"Plan Width": 27,"Actual Startup Time": 403.953,"Actual Total Time": 404.695,"Actual Rows": 2,"Actual Loops": 5,"Group Key": ["lineitem.l_shipmode"],"Workers": [],"Plans": [{"Node Type": "Sort","Parent Relationship": "Outer","Parallel Aware": false,"Async Capable": false,"Startup Cost": 172584.94,"Total Cost": 172602.93,"Plan Rows": 7193,"Plan Width": 27,"Actual Startup Time": 403.203,"Actual Total Time": 403.446,"Actual Rows": 6252,"Actual Loops": 5,"Sort Key": ["lineitem.l_shipmode"],"Sort Method": "quicksort","Sort Space Used": 627,"Sort Space Type": "Memory","Workers": [{"Worker Number": 0,"Sort Method": "quicksort","Sort Space Used": 646,"Sort Space Type": "Memory"},{"Worker Number": 1,"Sort Method": "quicksort","Sort Space Used": 647,"Sort Space Type": "Memory"},{"Worker Number": 2,"Sort Method": "quicksort","Sort Space Used": 607,"Sort Space Type": "Memory"},{"Worker Number": 3,"Sort Method": "quicksort","Sort Space Used": 633,"Sort Space Type": "Memory"}],"Plans": [{"Node Type": "Nested Loop","Parent Relationship": "Outer","Parallel Aware": false,"Async Capable": false,"Join Type": "Inner","Startup Cost": 0.43,"Total Cost": 172124.15,"Plan Rows": 7193,"Plan Width": 27,"Actual Startup Time": 0.507,"Actual Total Time": 400.163,"Actual Rows": 6252,"Actual Loops": 5,"Inner Unique": true,"Workers": [],"Plans": [{"Node Type": "Seq Scan","Parent Relationship": "Outer","Parallel Aware": true,"Async Capable": false,"Relation Name": "lineitem","Alias": "lineitem","Startup Cost": 0.00,"Total Cost": 146259.83,"Plan Rows": 7193,"Plan Width": 15,"Actual Startup Time": 0.382,"Actual Total Time": 364.012,"Actual Rows": 6252,"Actual Loops": 5,"Filter": "((l_shipmode = ANY ('{RAIL,AIR}'::bpchar[])) AND (l_commitdate < l_receiptdate) AND (l_shipdate < l_commitdate) AND (l_receiptdate >= '1997-01-01'::date) AND (l_receiptdate < '1998-01-01 00:00:00'::timestamp without time zone))","Rows Removed by Filter": 1193991,"Workers": []},{"Node Type": "Index Scan","Parent Relationship": "Inner","Parallel Aware": false,"Async Capable": false,"Scan Direction": "Forward","Index Name": "orders_pkey","Relation Name": "orders","Alias": "orders","Startup Cost": 0.43,"Total Cost": 3.60,"Plan Rows": 1,"Plan Width": 20,"Actual Startup Time": 0.005,"Actual Total Time": 0.005,"Actual Rows": 1,"Actual Loops": 31258,"Index Cond": "(o_orderkey = lineitem.l_orderkey)","Rows Removed by Index Recheck": 0,"Workers": []}]}]}]}]}]},"Planning Time": 5.088,"Triggers": [],"Execution Time": 448.345}]
[{"Plan": {"Node Type": "Aggregate","Strategy": "Sorted","Partial Mode": "Finalize","Parallel Aware": false,"Async Capable": false,"Startup Cost": 173715.30,"Total Cost": 173864.04,"Plan Rows": 7,"Plan Width": 27,"Actual Startup Time": 414.685,"Actual Total Time": 447.775,"Actual Rows": 2,"Actual Loops": 1,"Group Key": ["lineitem.l_shipmode"],"Plans": [{"Node Type": "Gather Merge","Parent Relationship": "Outer","Parallel Aware": false,"Async Capable": false,"Startup Cost": 173715.30,"Total Cost": 173863.76,"Plan Rows": 28,"Plan Width": 27,"Actual Startup Time": 413.913,"Actual Total Time": 447.734,"Actual Rows": 10,"Actual Loops": 1,"Workers Planned": 4,"Workers Launched": 4,"Plans": [{"Node Type": "Aggregate","Strategy": "Sorted","Partial Mode": "Partial","Parent Relationship": "Outer","Parallel Aware": false,"Async Capable": false,"Startup Cost": 172715.24,"Total Cost": 172860.37,"Plan Rows": 7,"Plan Width": 27,"Actual Startup Time": 405.600,"Actual Total Time": 406.323,"Actual Rows": 2,"Actual Loops": 5,"Group Key": ["lineitem.l_shipmode"],"Workers": [],"Plans": [{"Node Type": "Sort","Parent Relationship": "Outer","Parallel Aware": false,"Async Capable": false,"Startup Cost": 172715.24,"Total Cost": 172733.37,"Plan Rows": 7253,"Plan Width": 27,"Actual Startup Time": 404.849,"Actual Total Time": 405.101,"Actual Rows": 6220,"Actual Loops": 5,"Sort Key": ["lineitem.l_shipmode"],"Sort Method": "quicksort","Sort Space Used": 614,"Sort Space Type": "Memory","Workers": [{"Worker Number": 0,"Sort Method": "quicksort","Sort Space Used": 638,"Sort Space Type": "Memory"},{"Worker Number": 1,"Sort Method": "quicksort","Sort Space Used": 642,"Sort Space Type": "Memory"},{"Worker Number": 2,"Sort Method": "quicksort","Sort Space Used": 645,"Sort Space Type": "Memory"},{"Worker Number": 3,"Sort Method": "quicksort","Sort Space Used": 611,"Sort Space Type": "Memory"}],"Plans": [{"Node Type": "Nested Loop","Parent Relationship": "Outer","Parallel Aware": false,"Async Capable": false,"Join Type": "Inner","Startup Cost": 0.43,"Total Cost": 172250.16,"Plan Rows": 7253,"Plan Width": 27,"Actual Startup Time": 0.461,"Actual Total Time": 401.909,"Actual Rows": 6220,"Actual Loops": 5,"Inner Unique": true,"Workers": [],"Plans": [{"Node Type": "Seq Scan","Parent Relationship": "Outer","Parallel Aware": true,"Async Capable": false,"Relation Name": "lineitem","Alias": "lineitem","Startup Cost": 0.00,"Total Cost": 146259.83,"Plan Rows": 7253,"Plan Width": 15,"Actual Startup Time": 0.362,"Actual Total Time": 365.175,"Actual Rows": 6220,"Actual Loops": 5,"Filter": "((l_shipmode = ANY ('{\"REG AIR\",AIR}'::bpchar[])) AND (l_commitdate < l_receiptdate) AND (l_shipdate < l_commitdate) AND (l_receiptdate >= '1993-01-01'::date) AND (l_receiptdate < '1994-01-01 00:00:00'::timestamp without time zone))","Rows Removed by Filter": 1194023,"Workers": []},{"Node Type": "Index Scan","Parent Relationship": "Inner","Parallel Aware": false,"Async Capable": false,"Scan Direction": "Forward","Index Name": "orders_pkey","Relation Name": "orders","Alias": "orders","Startup Cost": 0.43,"Total Cost": 3.58,"Plan Rows": 1,"Plan Width": 20,"Actual Startup Time": 0.006,"Actual Total Time": 0.006,"Actual Rows": 1,"Actual Loops": 31100,"Index Cond": "(o_orderkey = lineitem.l_orderkey)","Rows Removed by Index Recheck": 0,"Workers": []}]}]}]}]}]},"Planning Time": 5.615,"Triggers": [],"Execution Time": 448.541}]
[{"Plan": {"Node Type": "Aggregate","Strategy": "Sorted","Partial Mode": "Finalize","Parallel Aware": false,"Async Capable": false,"Startup Cost": 173625.17,"Total Cost": 173773.06,"Plan Rows": 7,"Plan Width": 27,"Actual Startup Time": 405.059,"Actual Total Time": 438.759,"Actual Rows": 2,"Actual Loops": 1,"Group Key": ["lineitem.l_shipmode"],"Plans": [{"Node Type": "Gather Merge","Parent Relationship": "Outer","Parallel Aware": false,"Async Capable": false,"Startup Cost": 173625.17,"Total Cost": 173772.78,"Plan Rows": 28,"Plan Width": 27,"Actual Startup Time": 404.215,"Actual Total Time": 438.716,"Actual Rows": 10,"Actual Loops": 1,"Workers Planned": 4,"Workers Launched": 4,"Plans": [{"Node Type": "Aggregate","Strategy": "Sorted","Partial Mode": "Partial","Parent Relationship": "Outer","Parallel Aware": false,"Async Capable": false,"Startup Cost": 172625.11,"Total Cost": 172769.38,"Plan Rows": 7,"Plan Width": 27,"Actual Startup Time": 395.454,"Actual Total Time": 396.205,"Actual Rows": 2,"Actual Loops": 5,"Group Key": ["lineitem.l_shipmode"],"Workers": [],"Plans": [{"Node Type": "Sort","Parent Relationship": "Outer","Parallel Aware": false,"Async Capable": false,"Startup Cost": 172625.11,"Total Cost": 172643.14,"Plan Rows": 7210,"Plan Width": 27,"Actual Startup Time": 394.695,"Actual Total Time": 394.958,"Actual Rows": 6267,"Actual Loops": 5,"Sort Key": ["lineitem.l_shipmode"],"Sort Method": "quicksort","Sort Space Used": 623,"Sort Space Type": "Memory","Workers": [{"Worker Number": 0,"Sort Method": "quicksort","Sort Space Used": 642,"Sort Space Type": "Memory"},{"Worker Number": 1,"Sort Method": "quicksort","Sort Space Used": 643,"Sort Space Type": "Memory"},{"Worker Number": 2,"Sort Method": "quicksort","Sort Space Used": 614,"Sort Space Type": "Memory"},{"Worker Number": 3,"Sort Method": "quicksort","Sort Space Used": 644,"Sort Space Type": "Memory"}],"Plans": [{"Node Type": "Nested Loop","Parent Relationship": "Outer","Parallel Aware": false,"Async Capable": false,"Join Type": "Inner","Startup Cost": 0.43,"Total Cost": 172163.11,"Plan Rows": 7210,"Plan Width": 27,"Actual Startup Time": 0.344,"Actual Total Time": 391.827,"Actual Rows": 6267,"Actual Loops": 5,"Inner Unique": true,"Workers": [],"Plans": [{"Node Type": "Seq Scan","Parent Relationship": "Outer","Parallel Aware": true,"Async Capable": false,"Relation Name": "lineitem","Alias": "lineitem","Startup Cost": 0.00,"Total Cost": 146259.83,"Plan Rows": 7211,"Plan Width": 15,"Actual Startup Time": 0.239,"Actual Total Time": 355.338,"Actual Rows": 6267,"Actual Loops": 5,"Filter": "((l_shipmode = ANY ('{TRUCK,SHIP}'::bpchar[])) AND (l_commitdate < l_receiptdate) AND (l_shipdate < l_commitdate) AND (l_receiptdate >= '1996-01-01'::date) AND (l_receiptdate < '1997-01-01 00:00:00'::timestamp without time zone))","Rows Removed by Filter": 1193976,"Workers": []},{"Node Type": "Index Scan","Parent Relationship": "Inner","Parallel Aware": false,"Async Capable": false,"Scan Direction": "Forward","Index Name": "orders_pkey","Relation Name": "orders","Alias": "orders","Startup Cost": 0.43,"Total Cost": 3.59,"Plan Rows": 1,"Plan Width": 20,"Actual Startup Time": 0.005,"Actual Total Time": 0.005,"Actual Rows": 1,"Actual Loops": 31337,"Index Cond": "(o_orderkey = lineitem.l_orderkey)","Rows Removed by Index Recheck": 0,"Workers": []}]}]}]}]}]},"Planning Time": 5.077,"Triggers": [],"Execution Time": 439.335}]
[{"Plan": {"Node Type": "Aggregate","Strategy": "Sorted","Partial Mode": "Finalize","Parallel Aware": false,"Async Capable": false,"Startup Cost": 173340.61,"Total Cost": 173485.91,"Plan Rows": 7,"Plan Width": 27,"Actual Startup Time": 406.135,"Actual Total Time": 440.270,"Actual Rows": 2,"Actual Loops": 1,"Group Key": ["lineitem.l_shipmode"],"Plans": [{"Node Type": "Gather Merge","Parent Relationship": "Outer","Parallel Aware": false,"Async Capable": false,"Startup Cost": 173340.61,"Total Cost": 173485.63,"Plan Rows": 28,"Plan Width": 27,"Actual Startup Time": 405.312,"Actual Total Time": 440.232,"Actual Rows": 10,"Actual Loops": 1,"Workers Planned": 4,"Workers Launched": 4,"Plans": [{"Node Type": "Aggregate","Strategy": "Sorted","Partial Mode": "Partial","Parent Relationship": "Outer","Parallel Aware": false,"Async Capable": false,"Startup Cost": 172340.55,"Total Cost": 172482.24,"Plan Rows": 7,"Plan Width": 27,"Actual Startup Time": 396.395,"Actual Total Time": 397.122,"Actual Rows": 2,"Actual Loops": 5,"Group Key": ["lineitem.l_shipmode"],"Workers": [],"Plans": [{"Node Type": "Sort","Parent Relationship": "Outer","Parallel Aware": false,"Async Capable": false,"Startup Cost": 172340.55,"Total Cost": 172358.25,"Plan Rows": 7081,"Plan Width": 27,"Actual Startup Time": 395.647,"Actual Total Time": 395.895,"Actual Rows": 6191,"Actual Loops": 5,"Sort Key": ["lineitem.l_shipmode"],"Sort Method": "quicksort","Sort Space Used": 633,"Sort Space Type": "Memory","Workers": [{"Worker Number": 0,"Sort Method": "quicksort","Sort Space Used": 598,"Sort Space Type": "Memory"},{"Worker Number": 1,"Sort Method": "quicksort","Sort Space Used": 634,"Sort Space Type": "Memory"},{"Worker Number": 2,"Sort Method": "quicksort","Sort Space Used": 642,"Sort Space Type": "Memory"},{"Worker Number": 3,"Sort Method": "quicksort","Sort Space Used": 633,"Sort Space Type": "Memory"}],"Plans": [{"Node Type": "Nested Loop","Parent Relationship": "Outer","Parallel Aware": false,"Async Capable": false,"Join Type": "Inner","Startup Cost": 0.43,"Total Cost": 171887.73,"Plan Rows": 7081,"Plan Width": 27,"Actual Startup Time": 0.252,"Actual Total Time": 392.701,"Actual Rows": 6191,"Actual Loops": 5,"Inner Unique": true,"Workers": [],"Plans": [{"Node Type": "Seq Scan","Parent Relationship": "Outer","Parallel Aware": true,"Async Capable": false,"Relation Name": "lineitem","Alias": "lineitem","Startup Cost": 0.00,"Total Cost": 146259.83,"Plan Rows": 7081,"Plan Width": 15,"Actual Startup Time": 0.112,"Actual Total Time": 356.441,"Actual Rows": 6191,"Actual Loops": 5,"Filter": "((l_shipmode = ANY ('{\"REG AIR\",SHIP}'::bpchar[])) AND (l_commitdate < l_receiptdate) AND (l_shipdate < l_commitdate) AND (l_receiptdate >= '1994-01-01'::date) AND (l_receiptdate < '1995-01-01 00:00:00'::timestamp without time zone))","Rows Removed by Filter": 1194052,"Workers": []},{"Node Type": "Index Scan","Parent Relationship": "Inner","Parallel Aware": false,"Async Capable": false,"Scan Direction": "Forward","Index Name": "orders_pkey","Relation Name": "orders","Alias": "orders","Startup Cost": 0.43,"Total Cost": 3.62,"Plan Rows": 1,"Plan Width": 20,"Actual Startup Time": 0.005,"Actual Total Time": 0.005,"Actual Rows": 1,"Actual Loops": 30953,"Index Cond": "(o_orderkey = lineitem.l_orderkey)","Rows Removed by Index Recheck": 0,"Workers": []}]}]}]}]}]},"Planning Time": 4.183,"Triggers": [],"Execution Time": 440.873}]
[{"Plan": {"Node Type": "Aggregate","Strategy": "Sorted","Partial Mode": "Finalize","Parallel Aware": false,"Async Capable": false,"Startup Cost": 173812.88,"Total Cost": 173962.52,"Plan Rows": 7,"Plan Width": 27,"Actual Startup Time": 405.737,"Actual Total Time": 439.956,"Actual Rows": 2,"Actual Loops": 1,"Group Key": ["lineitem.l_shipmode"],"Plans": [{"Node Type": "Gather Merge","Parent Relationship": "Outer","Parallel Aware": false,"Async Capable": false,"Startup Cost": 173812.88,"Total Cost": 173962.24,"Plan Rows": 28,"Plan Width": 27,"Actual Startup Time": 404.854,"Actual Total Time": 439.912,"Actual Rows": 10,"Actual Loops": 1,"Workers Planned": 4,"Workers Launched": 4,"Plans": [{"Node Type": "Aggregate","Strategy": "Sorted","Partial Mode": "Partial","Parent Relationship": "Outer","Parallel Aware": false,"Async Capable": false,"Startup Cost": 172812.82,"Total Cost": 172958.85,"Plan Rows": 7,"Plan Width": 27,"Actual Startup Time": 395.986,"Actual Total Time": 396.724,"Actual Rows": 2,"Actual Loops": 5,"Group Key": ["lineitem.l_shipmode"],"Workers": [],"Plans": [{"Node Type": "Sort","Parent Relationship": "Outer","Parallel Aware": false,"Async Capable": false,"Startup Cost": 172812.82,"Total Cost": 172831.07,"Plan Rows": 7298,"Plan Width": 27,"Actual Startup Time": 395.232,"Actual Total Time": 395.479,"Actual Rows": 6192,"Actual Loops": 5,"Sort Key": ["lineitem.l_shipmode"],"Sort Method": "quicksort","Sort Space Used": 630,"Sort Space Type": "Memory","Workers": [{"Worker Number": 0,"Sort Method": "quicksort","Sort Space Used": 640,"Sort Space Type": "Memory"},{"Worker Number": 1,"Sort Method": "quicksort","Sort Space Used": 632,"Sort Space Type": "Memory"},{"Worker Number": 2,"Sort Method": "quicksort","Sort Space Used": 629,"Sort Space Type": "Memory"},{"Worker Number": 3,"Sort Method": "quicksort","Sort Space Used": 609,"Sort Space Type": "Memory"}],"Plans": [{"Node Type": "Nested Loop","Parent Relationship": "Outer","Parallel Aware": false,"Async Capable": false,"Join Type": "Inner","Startup Cost": 0.43,"Total Cost": 172344.53,"Plan Rows": 7298,"Plan Width": 27,"Actual Startup Time": 0.293,"Actual Total Time": 392.290,"Actual Rows": 6192,"Actual Loops": 5,"Inner Unique": true,"Workers": [],"Plans": [{"Node Type": "Seq Scan","Parent Relationship": "Outer","Parallel Aware": true,"Async Capable": false,"Relation Name": "lineitem","Alias": "lineitem","Startup Cost": 0.00,"Total Cost": 146259.83,"Plan Rows": 7298,"Plan Width": 15,"Actual Startup Time": 0.173,"Actual Total Time": 356.431,"Actual Rows": 6192,"Actual Loops": 5,"Filter": "((l_shipmode = ANY ('{TRUCK,SHIP}'::bpchar[])) AND (l_commitdate < l_receiptdate) AND (l_shipdate < l_commitdate) AND (l_receiptdate >= '1993-01-01'::date) AND (l_receiptdate < '1994-01-01 00:00:00'::timestamp without time zone))","Rows Removed by Filter": 1194051,"Workers": []},{"Node Type": "Index Scan","Parent Relationship": "Inner","Parallel Aware": false,"Async Capable": false,"Scan Direction": "Forward","Index Name": "orders_pkey","Relation Name": "orders","Alias": "orders","Startup Cost": 0.43,"Total Cost": 3.57,"Plan Rows": 1,"Plan Width": 20,"Actual Startup Time": 0.005,"Actual Total Time": 0.005,"Actual Rows": 1,"Actual Loops": 30958,"Index Cond": "(o_orderkey = lineitem.l_orderkey)","Rows Removed by Index Recheck": 0,"Workers": []}]}]}]}]}]},"Planning Time": 3.923,"Triggers": [],"Execution Time": 440.604}]
[{"Plan": {"Node Type": "Aggregate","Strategy": "Sorted","Partial Mode": "Finalize","Parallel Aware": false,"Async Capable": false,"Startup Cost": 173625.17,"Total Cost": 173773.06,"Plan Rows": 7,"Plan Width": 27,"Actual Startup Time": 405.059,"Actual Total Time": 438.759,"Actual Rows": 2,"Actual Loops": 1,"Group Key": ["lineitem.l_shipmode"],"Plans": [{"Node Type": "Gather Merge","Parent Relationship": "Outer","Parallel Aware": false,"Async Capable": false,"Startup Cost": 173625.17,"Total Cost": 173772.78,"Plan Rows": 28,"Plan Width": 27,"Actual Startup Time": 404.215,"Actual Total Time": 438.716,"Actual Rows": 10,"Actual Loops": 1,"Workers Planned": 4,"Workers Launched": 4,"Plans": [{"Node Type": "Aggregate","Strategy": "Sorted","Partial Mode": "Partial","Parent Relationship": "Outer","Parallel Aware": false,"Async Capable": false,"Startup Cost": 172625.11,"Total Cost": 172769.38,"Plan Rows": 7,"Plan Width": 27,"Actual Startup Time": 395.454,"Actual Total Time": 396.205,"Actual Rows": 2,"Actual Loops": 5,"Group Key": ["lineitem.l_shipmode"],"Workers": [],"Plans": [{"Node Type": "Sort","Parent Relationship": "Outer","Parallel Aware": false,"Async Capable": false,"Startup Cost": 172625.11,"Total Cost": 172643.14,"Plan Rows": 7210,"Plan Width": 27,"Actual Startup Time": 394.695,"Actual Total Time": 394.958,"Actual Rows": 6267,"Actual Loops": 5,"Sort Key": ["lineitem.l_shipmode"],"Sort Method": "quicksort","Sort Space Used": 623,"Sort Space Type": "Memory","Workers": [{"Worker Number": 0,"Sort Method": "quicksort","Sort Space Used": 642,"Sort Space Type": "Memory"},{"Worker Number": 1,"Sort Method": "quicksort","Sort Space Used": 643,"Sort Space Type": "Memory"},{"Worker Number": 2,"Sort Method": "quicksort","Sort Space Used": 614,"Sort Space Type": "Memory"},{"Worker Number": 3,"Sort Method": "quicksort","Sort Space Used": 644,"Sort Space Type": "Memory"}],"Plans": [{"Node Type": "Nested Loop","Parent Relationship": "Outer","Parallel Aware": false,"Async Capable": false,"Join Type": "Inner","Startup Cost": 0.43,"Total Cost": 172163.11,"Plan Rows": 7210,"Plan Width": 27,"Actual Startup Time": 0.344,"Actual Total Time": 391.827,"Actual Rows": 6267,"Actual Loops": 5,"Inner Unique": true,"Workers": [],"Plans": [{"Node Type": "Seq Scan","Parent Relationship": "Outer","Parallel Aware": true,"Async Capable": false,"Relation Name": "lineitem","Alias": "lineitem","Startup Cost": 0.00,"Total Cost": 146259.83,"Plan Rows": 7211,"Plan Width": 15,"Actual Startup Time": 0.239,"Actual Total Time": 355.338,"Actual Rows": 6267,"Actual Loops": 5,"Filter": "((l_shipmode = ANY ('{TRUCK,SHIP}'::bpchar[])) AND (l_commitdate < l_receiptdate) AND (l_shipdate < l_commitdate) AND (l_receiptdate >= '1996-01-01'::date) AND (l_receiptdate < '1997-01-01 00:00:00'::timestamp without time zone))","Rows Removed by Filter": 1193976,"Workers": []},{"Node Type": "Index Scan","Parent Relationship": "Inner","Parallel Aware": false,"Async Capable": false,"Scan Direction": "Forward","Index Name": "orders_pkey","Relation Name": "orders","Alias": "orders","Startup Cost": 0.43,"Total Cost": 3.59,"Plan Rows": 1,"Plan Width": 20,"Actual Startup Time": 0.005,"Actual Total Time": 0.005,"Actual Rows": 1,"Actual Loops": 31337,"Index Cond": "(o_orderkey = lineitem.l_orderkey)","Rows Removed by Index Recheck": 0,"Workers": []}]}]}]}]}]},"Planning Time": 5.077,"Triggers": [],"Execution Time": 439.335}]
[{"Plan": {"Node Type": "Aggregate","Strategy": "Sorted","Partial Mode": "Finalize","Parallel Aware": false,"Async Capable": false,"Startup Cost": 174029.81,"Total Cost": 174181.50,"Plan Rows": 7,"Plan Width": 27,"Actual Startup Time": 391.419,"Actual Total Time": 423.962,"Actual Rows": 2,"Actual Loops": 1,"Group Key": ["lineitem.l_shipmode"],"Plans": [{"Node Type": "Gather Merge","Parent Relationship": "Outer","Parallel Aware": false,"Async Capable": false,"Startup Cost": 174029.81,"Total Cost": 174181.22,"Plan Rows": 28,"Plan Width": 27,"Actual Startup Time": 390.579,"Actual Total Time": 423.932,"Actual Rows": 10,"Actual Loops": 1,"Workers Planned": 4,"Workers Launched": 4,"Plans": [{"Node Type": "Aggregate","Strategy": "Sorted","Partial Mode": "Partial","Parent Relationship": "Outer","Parallel Aware": false,"Async Capable": false,"Startup Cost": 173029.75,"Total Cost": 173177.82,"Plan Rows": 7,"Plan Width": 27,"Actual Startup Time": 382.670,"Actual Total Time": 383.404,"Actual Rows": 2,"Actual Loops": 5,"Group Key": ["lineitem.l_shipmode"],"Workers": [],"Plans": [{"Node Type": "Sort","Parent Relationship": "Outer","Parallel Aware": false,"Async Capable": false,"Startup Cost": 173029.75,"Total Cost": 173048.25,"Plan Rows": 7400,"Plan Width": 27,"Actual Startup Time": 381.918,"Actual Total Time": 382.165,"Actual Rows": 6248,"Actual Loops": 5,"Sort Key": ["lineitem.l_shipmode"],"Sort Method": "quicksort","Sort Space Used": 634,"Sort Space Type": "Memory","Workers": [{"Worker Number": 0,"Sort Method": "quicksort","Sort Space Used": 633,"Sort Space Type": "Memory"},{"Worker Number": 1,"Sort Method": "quicksort","Sort Space Used": 623,"Sort Space Type": "Memory"},{"Worker Number": 2,"Sort Method": "quicksort","Sort Space Used": 634,"Sort Space Type": "Memory"},{"Worker Number": 3,"Sort Method": "quicksort","Sort Space Used": 636,"Sort Space Type": "Memory"}],"Plans": [{"Node Type": "Nested Loop","Parent Relationship": "Outer","Parallel Aware": false,"Async Capable": false,"Join Type": "Inner","Startup Cost": 0.43,"Total Cost": 172554.18,"Plan Rows": 7400,"Plan Width": 27,"Actual Startup Time": 0.327,"Actual Total Time": 379.146,"Actual Rows": 6248,"Actual Loops": 5,"Inner Unique": true,"Workers": [],"Plans": [{"Node Type": "Seq Scan","Parent Relationship": "Outer","Parallel Aware": true,"Async Capable": false,"Relation Name": "lineitem","Alias": "lineitem","Startup Cost": 0.00,"Total Cost": 146259.83,"Plan Rows": 7399,"Plan Width": 15,"Actual Startup Time": 0.199,"Actual Total Time": 344.489,"Actual Rows": 6248,"Actual Loops": 5,"Filter": "((l_shipmode = ANY ('{TRUCK,\"REG AIR\"}'::bpchar[])) AND (l_commitdate < l_receiptdate) AND (l_shipdate < l_commitdate) AND (l_receiptdate >= '1995-01-01'::date) AND (l_receiptdate < '1996-01-01 00:00:00'::timestamp without time zone))","Rows Removed by Filter": 1193995,"Workers": []},{"Node Type": "Index Scan","Parent Relationship": "Inner","Parallel Aware": false,"Async Capable": false,"Scan Direction": "Forward","Index Name": "orders_pkey","Relation Name": "orders","Alias": "orders","Startup Cost": 0.43,"Total Cost": 3.55,"Plan Rows": 1,"Plan Width": 20,"Actual Startup Time": 0.005,"Actual Total Time": 0.005,"Actual Rows": 1,"Actual Loops": 31238,"Index Cond": "(o_orderkey = lineitem.l_orderkey)","Rows Removed by Index Recheck": 0,"Workers": []}]}]}]}]}]},"Planning Time": 3.863,"Triggers": [],"Execution Time": 424.414}]
[{"Plan": {"Node Type": "Aggregate","Strategy": "Sorted","Partial Mode": "Finalize","Parallel Aware": false,"Async Capable": false,"Startup Cost": 173585.00,"Total Cost": 173732.55,"Plan Rows": 7,"Plan Width": 27,"Actual Startup Time": 413.713,"Actual Total Time": 447.634,"Actual Rows": 2,"Actual Loops": 1,"Group Key": ["lineitem.l_shipmode"],"Plans": [{"Node Type": "Gather Merge","Parent Relationship": "Outer","Parallel Aware": false,"Async Capable": false,"Startup Cost": 173585.00,"Total Cost": 173732.27,"Plan Rows": 28,"Plan Width": 27,"Actual Startup Time": 412.853,"Actual Total Time": 447.589,"Actual Rows": 10,"Actual Loops": 1,"Workers Planned": 4,"Workers Launched": 4,"Plans": [{"Node Type": "Aggregate","Strategy": "Sorted","Partial Mode": "Partial","Parent Relationship": "Outer","Parallel Aware": false,"Async Capable": false,"Startup Cost": 172584.94,"Total Cost": 172728.87,"Plan Rows": 7,"Plan Width": 27,"Actual Startup Time": 403.953,"Actual Total Time": 404.695,"Actual Rows": 2,"Actual Loops": 5,"Group Key": ["lineitem.l_shipmode"],"Workers": [],"Plans": [{"Node Type": "Sort","Parent Relationship": "Outer","Parallel Aware": false,"Async Capable": false,"Startup Cost": 172584.94,"Total Cost": 172602.93,"Plan Rows": 7193,"Plan Width": 27,"Actual Startup Time": 403.203,"Actual Total Time": 403.446,"Actual Rows": 6252,"Actual Loops": 5,"Sort Key": ["lineitem.l_shipmode"],"Sort Method": "quicksort","Sort Space Used": 627,"Sort Space Type": "Memory","Workers": [{"Worker Number": 0,"Sort Method": "quicksort","Sort Space Used": 646,"Sort Space Type": "Memory"},{"Worker Number": 1,"Sort Method": "quicksort","Sort Space Used": 647,"Sort Space Type": "Memory"},{"Worker Number": 2,"Sort Method": "quicksort","Sort Space Used": 607,"Sort Space Type": "Memory"},{"Worker Number": 3,"Sort Method": "quicksort","Sort Space Used": 633,"Sort Space Type": "Memory"}],"Plans": [{"Node Type": "Nested Loop","Parent Relationship": "Outer","Parallel Aware": false,"Async Capable": false,"Join Type": "Inner","Startup Cost": 0.43,"Total Cost": 172124.15,"Plan Rows": 7193,"Plan Width": 27,"Actual Startup Time": 0.507,"Actual Total Time": 400.163,"Actual Rows": 6252,"Actual Loops": 5,"Inner Unique": true,"Workers": [],"Plans": [{"Node Type": "Seq Scan","Parent Relationship": "Outer","Parallel Aware": true,"Async Capable": false,"Relation Name": "lineitem","Alias": "lineitem","Startup Cost": 0.00,"Total Cost": 146259.83,"Plan Rows": 7193,"Plan Width": 15,"Actual Startup Time": 0.382,"Actual Total Time": 364.012,"Actual Rows": 6252,"Actual Loops": 5,"Filter": "((l_shipmode = ANY ('{RAIL,AIR}'::bpchar[])) AND (l_commitdate < l_receiptdate) AND (l_shipdate < l_commitdate) AND (l_receiptdate >= '1997-01-01'::date) AND (l_receiptdate < '1998-01-01 00:00:00'::timestamp without time zone))","Rows Removed by Filter": 1193991,"Workers": []},{"Node Type": "Index Scan","Parent Relationship": "Inner","Parallel Aware": false,"Async Capable": false,"Scan Direction": "Forward","Index Name": "orders_pkey","Relation Name": "orders","Alias": "orders","Startup Cost": 0.43,"Total Cost": 3.60,"Plan Rows": 1,"Plan Width": 20,"Actual Startup Time": 0.005,"Actual Total Time": 0.005,"Actual Rows": 1,"Actual Loops": 31258,"Index Cond": "(o_orderkey = lineitem.l_orderkey)","Rows Removed by Index Recheck": 0,"Workers": []}]}]}]}]}]},"Planning Time": 5.088,"Triggers": [],"Execution Time": 448.345}]
[{"Plan": {"Node Type": "Aggregate","Strategy": "Sorted","Partial Mode": "Finalize","Parallel Aware": false,"Async Capable": false,"Startup Cost": 173644.04,"Total Cost": 173792.13,"Plan Rows": 7,"Plan Width": 27,"Actual Startup Time": 401.925,"Actual Total Time": 436.038,"Actual Rows": 2,"Actual Loops": 1,"Group Key": ["lineitem.l_shipmode"],"Plans": [{"Node Type": "Gather Merge","Parent Relationship": "Outer","Parallel Aware": false,"Async Capable": false,"Startup Cost": 173644.04,"Total Cost": 173791.85,"Plan Rows": 28,"Plan Width": 27,"Actual Startup Time": 401.018,"Actual Total Time": 436.001,"Actual Rows": 10,"Actual Loops": 1,"Workers Planned": 4,"Workers Launched": 4,"Plans": [{"Node Type": "Aggregate","Strategy": "Sorted","Partial Mode": "Partial","Parent Relationship": "Outer","Parallel Aware": false,"Async Capable": false,"Startup Cost": 172643.98,"Total Cost": 172788.45,"Plan Rows": 7,"Plan Width": 27,"Actual Startup Time": 392.353,"Actual Total Time": 393.106,"Actual Rows": 2,"Actual Loops": 5,"Group Key": ["lineitem.l_shipmode"],"Workers": [],"Plans": [{"Node Type": "Sort","Parent Relationship": "Outer","Parallel Aware": false,"Async Capable": false,"Startup Cost": 172643.98,"Total Cost": 172662.03,"Plan Rows": 7220,"Plan Width": 27,"Actual Startup Time": 391.589,"Actual Total Time": 391.831,"Actual Rows": 6240,"Actual Loops": 5,"Sort Key": ["lineitem.l_shipmode"],"Sort Method": "quicksort","Sort Space Used": 646,"Sort Space Type": "Memory","Workers": [{"Worker Number": 0,"Sort Method": "quicksort","Sort Space Used": 637,"Sort Space Type": "Memory"},{"Worker Number": 1,"Sort Method": "quicksort","Sort Space Used": 631,"Sort Space Type": "Memory"},{"Worker Number": 2,"Sort Method": "quicksort","Sort Space Used": 611,"Sort Space Type": "Memory"},{"Worker Number": 3,"Sort Method": "quicksort","Sort Space Used": 631,"Sort Space Type": "Memory"}],"Plans": [{"Node Type": "Nested Loop","Parent Relationship": "Outer","Parallel Aware": false,"Async Capable": false,"Join Type": "Inner","Startup Cost": 0.43,"Total Cost": 172181.26,"Plan Rows": 7220,"Plan Width": 27,"Actual Startup Time": 0.329,"Actual Total Time": 388.712,"Actual Rows": 6240,"Actual Loops": 5,"Inner Unique": true,"Workers": [],"Plans": [{"Node Type": "Seq Scan","Parent Relationship": "Outer","Parallel Aware": true,"Async Capable": false,"Relation Name": "lineitem","Alias": "lineitem","Startup Cost": 0.00,"Total Cost": 146259.83,"Plan Rows": 7220,"Plan Width": 15,"Actual Startup Time": 0.223,"Actual Total Time": 352.793,"Actual Rows": 6240,"Actual Loops": 5,"Filter": "((l_shipmode = ANY ('{\"REG AIR\",MAIL}'::bpchar[])) AND (l_commitdate < l_receiptdate) AND (l_shipdate < l_commitdate) AND (l_receiptdate >= '1996-01-01'::date) AND (l_receiptdate < '1997-01-01 00:00:00'::timestamp without time zone))","Rows Removed by Filter": 1194003,"Workers": []},{"Node Type": "Index Scan","Parent Relationship": "Inner","Parallel Aware": false,"Async Capable": false,"Scan Direction": "Forward","Index Name": "orders_pkey","Relation Name": "orders","Alias": "orders","Startup Cost": 0.43,"Total Cost": 3.59,"Plan Rows": 1,"Plan Width": 20,"Actual Startup Time": 0.005,"Actual Total Time": 0.005,"Actual Rows": 1,"Actual Loops": 31200,"Index Cond": "(o_orderkey = lineitem.l_orderkey)","Rows Removed by Index Recheck": 0,"Workers": []}]}]}]}]}]},"Planning Time": 5.296,"Triggers": [],"Execution Time": 436.763}]
[{"Plan": {"Node Type": "Aggregate","Strategy": "Sorted","Partial Mode": "Finalize","Parallel Aware": false,"Async Capable": false,"Startup Cost": 174124.77,"Total Cost": 174277.29,"Plan Rows": 7,"Plan Width": 27,"Actual Startup Time": 407.322,"Actual Total Time": 441.518,"Actual Rows": 2,"Actual Loops": 1,"Group Key": ["lineitem.l_shipmode"],"Plans": [{"Node Type": "Gather Merge","Parent Relationship": "Outer","Parallel Aware": false,"Async Capable": false,"Startup Cost": 174124.77,"Total Cost": 174277.01,"Plan Rows": 28,"Plan Width": 27,"Actual Startup Time": 406.497,"Actual Total Time": 441.469,"Actual Rows": 10,"Actual Loops": 1,"Workers Planned": 4,"Workers Launched": 4,"Plans": [{"Node Type": "Aggregate","Strategy": "Sorted","Partial Mode": "Partial","Parent Relationship": "Outer","Parallel Aware": false,"Async Capable": false,"Startup Cost": 173124.71,"Total Cost": 173273.62,"Plan Rows": 7,"Plan Width": 27,"Actual Startup Time": 399.457,"Actual Total Time": 400.196,"Actual Rows": 2,"Actual Loops": 5,"Group Key": ["lineitem.l_shipmode"],"Workers": [],"Plans": [{"Node Type": "Sort","Parent Relationship": "Outer","Parallel Aware": false,"Async Capable": false,"Startup Cost": 173124.71,"Total Cost": 173143.31,"Plan Rows": 7442,"Plan Width": 27,"Actual Startup Time": 398.709,"Actual Total Time": 398.951,"Actual Rows": 6190,"Actual Loops": 5,"Sort Key": ["lineitem.l_shipmode"],"Sort Method": "quicksort","Sort Space Used": 634,"Sort Space Type": "Memory","Workers": [{"Worker Number": 0,"Sort Method": "quicksort","Sort Space Used": 635,"Sort Space Type": "Memory"},{"Worker Number": 1,"Sort Method": "quicksort","Sort Space Used": 614,"Sort Space Type": "Memory"},{"Worker Number": 2,"Sort Method": "quicksort","Sort Space Used": 623,"Sort Space Type": "Memory"},{"Worker Number": 3,"Sort Method": "quicksort","Sort Space Used": 633,"Sort Space Type": "Memory"}],"Plans": [{"Node Type": "Nested Loop","Parent Relationship": "Outer","Parallel Aware": false,"Async Capable": false,"Join Type": "Inner","Startup Cost": 0.43,"Total Cost": 172646.13,"Plan Rows": 7442,"Plan Width": 27,"Actual Startup Time": 0.247,"Actual Total Time": 395.855,"Actual Rows": 6190,"Actual Loops": 5,"Inner Unique": true,"Workers": [],"Plans": [{"Node Type": "Seq Scan","Parent Relationship": "Outer","Parallel Aware": true,"Async Capable": false,"Relation Name": "lineitem","Alias": "lineitem","Startup Cost": 0.00,"Total Cost": 146259.83,"Plan Rows": 7443,"Plan Width": 15,"Actual Startup Time": 0.157,"Actual Total Time": 359.448,"Actual Rows": 6190,"Actual Loops": 5,"Filter": "((l_shipmode = ANY ('{MAIL,RAIL}'::bpchar[])) AND (l_commitdate < l_receiptdate) AND (l_shipdate < l_commitdate) AND (l_receiptdate >= '1995-01-01'::date) AND (l_receiptdate < '1996-01-01 00:00:00'::timestamp without time zone))","Rows Removed by Filter": 1194053,"Workers": []},{"Node Type": "Index Scan","Parent Relationship": "Inner","Parallel Aware": false,"Async Capable": false,"Scan Direction": "Forward","Index Name": "orders_pkey","Relation Name": "orders","Alias": "orders","Startup Cost": 0.43,"Total Cost": 3.55,"Plan Rows": 1,"Plan Width": 20,"Actual Startup Time": 0.005,"Actual Total Time": 0.005,"Actual Rows": 1,"Actual Loops": 30952,"Index Cond": "(o_orderkey = lineitem.l_orderkey)","Rows Removed by Index Recheck": 0,"Workers": []}]}]}]}]}]},"Planning Time": 5.333,"Triggers": [],"Execution Time": 442.207}]
[{"Plan": {"Node Type": "Aggregate","Strategy": "Sorted","Partial Mode": "Finalize","Parallel Aware": false,"Async Capable": false,"Startup Cost": 173572.70,"Total Cost": 173720.11,"Plan Rows": 7,"Plan Width": 27,"Actual Startup Time": 399.643,"Actual Total Time": 433.133,"Actual Rows": 2,"Actual Loops": 1,"Group Key": ["lineitem.l_shipmode"],"Plans": [{"Node Type": "Gather Merge","Parent Relationship": "Outer","Parallel Aware": false,"Async Capable": false,"Startup Cost": 173572.70,"Total Cost": 173719.83,"Plan Rows": 28,"Plan Width": 27,"Actual Startup Time": 398.766,"Actual Total Time": 433.088,"Actual Rows": 10,"Actual Loops": 1,"Workers Planned": 4,"Workers Launched": 4,"Plans": [{"Node Type": "Aggregate","Strategy": "Sorted","Partial Mode": "Partial","Parent Relationship": "Outer","Parallel Aware": false,"Async Capable": false,"Startup Cost": 172572.64,"Total Cost": 172716.43,"Plan Rows": 7,"Plan Width": 27,"Actual Startup Time": 390.437,"Actual Total Time": 391.178,"Actual Rows": 2,"Actual Loops": 5,"Group Key": ["lineitem.l_shipmode"],"Workers": [],"Plans": [{"Node Type": "Sort","Parent Relationship": "Outer","Parallel Aware": false,"Async Capable": false,"Startup Cost": 172572.64,"Total Cost": 172590.61,"Plan Rows": 7186,"Plan Width": 27,"Actual Startup Time": 389.674,"Actual Total Time": 389.921,"Actual Rows": 6224,"Actual Loops": 5,"Sort Key": ["lineitem.l_shipmode"],"Sort Method": "quicksort","Sort Space Used": 634,"Sort Space Type": "Memory","Workers": [{"Worker Number": 0,"Sort Method": "quicksort","Sort Space Used": 614,"Sort Space Type": "Memory"},{"Worker Number": 1,"Sort Method": "quicksort","Sort Space Used": 632,"Sort Space Type": "Memory"},{"Worker Number": 2,"Sort Method": "quicksort","Sort Space Used": 636,"Sort Space Type": "Memory"},{"Worker Number": 3,"Sort Method": "quicksort","Sort Space Used": 634,"Sort Space Type": "Memory"}],"Plans": [{"Node Type": "Nested Loop","Parent Relationship": "Outer","Parallel Aware": false,"Async Capable": false,"Join Type": "Inner","Startup Cost": 0.43,"Total Cost": 172112.34,"Plan Rows": 7186,"Plan Width": 27,"Actual Startup Time": 0.294,"Actual Total Time": 386.896,"Actual Rows": 6224,"Actual Loops": 5,"Inner Unique": true,"Workers": [],"Plans": [{"Node Type": "Seq Scan","Parent Relationship": "Outer","Parallel Aware": true,"Async Capable": false,"Relation Name": "lineitem","Alias": "lineitem","Startup Cost": 0.00,"Total Cost": 146259.83,"Plan Rows": 7187,"Plan Width": 15,"Actual Startup Time": 0.197,"Actual Total Time": 351.787,"Actual Rows": 6224,"Actual Loops": 5,"Filter": "((l_shipmode = ANY ('{FOB,RAIL}'::bpchar[])) AND (l_commitdate < l_receiptdate) AND (l_shipdate < l_commitdate) AND (l_receiptdate >= '1994-01-01'::date) AND (l_receiptdate < '1995-01-01 00:00:00'::timestamp without time zone))","Rows Removed by Filter": 1194019,"Workers": []},{"Node Type": "Index Scan","Parent Relationship": "Inner","Parallel Aware": false,"Async Capable": false,"Scan Direction": "Forward","Index Name": "orders_pkey","Relation Name": "orders","Alias": "orders","Startup Cost": 0.43,"Total Cost": 3.60,"Plan Rows": 1,"Plan Width": 20,"Actual Startup Time": 0.005,"Actual Total Time": 0.005,"Actual Rows": 1,"Actual Loops": 31118,"Index Cond": "(o_orderkey = lineitem.l_orderkey)","Rows Removed by Index Recheck": 0,"Workers": []}]}]}]}]}]},"Planning Time": 4.877,"Triggers": [],"Execution Time": 433.609}]
[{"Plan": {"Node Type": "Aggregate","Strategy": "Sorted","Partial Mode": "Finalize","Parallel Aware": false,"Async Capable": false,"Startup Cost": 173848.16,"Total Cost": 173998.13,"Plan Rows": 7,"Plan Width": 27,"Actual Startup Time": 404.170,"Actual Total Time": 437.872,"Actual Rows": 2,"Actual Loops": 1,"Group Key": ["lineitem.l_shipmode"],"Plans": [{"Node Type": "Gather Merge","Parent Relationship": "Outer","Parallel Aware": false,"Async Capable": false,"Startup Cost": 173848.16,"Total Cost": 173997.85,"Plan Rows": 28,"Plan Width": 27,"Actual Startup Time": 403.349,"Actual Total Time": 437.836,"Actual Rows": 10,"Actual Loops": 1,"Workers Planned": 4,"Workers Launched": 4,"Plans": [{"Node Type": "Aggregate","Strategy": "Sorted","Partial Mode": "Partial","Parent Relationship": "Outer","Parallel Aware": false,"Async Capable": false,"Startup Cost": 172848.10,"Total Cost": 172994.45,"Plan Rows": 7,"Plan Width": 27,"Actual Startup Time": 394.874,"Actual Total Time": 395.604,"Actual Rows": 2,"Actual Loops": 5,"Group Key": ["lineitem.l_shipmode"],"Workers": [],"Plans": [{"Node Type": "Sort","Parent Relationship": "Outer","Parallel Aware": false,"Async Capable": false,"Startup Cost": 172848.10,"Total Cost": 172866.39,"Plan Rows": 7314,"Plan Width": 27,"Actual Startup Time": 394.131,"Actual Total Time": 394.371,"Actual Rows": 6237,"Actual Loops": 5,"Sort Key": ["lineitem.l_shipmode"],"Sort Method": "quicksort","Sort Space Used": 635,"Sort Space Type": "Memory","Workers": [{"Worker Number": 0,"Sort Method": "quicksort","Sort Space Used": 634,"Sort Space Type": "Memory"},{"Worker Number": 1,"Sort Method": "quicksort","Sort Space Used": 629,"Sort Space Type": "Memory"},{"Worker Number": 2,"Sort Method": "quicksort","Sort Space Used": 634,"Sort Space Type": "Memory"},{"Worker Number": 3,"Sort Method": "quicksort","Sort Space Used": 624,"Sort Space Type": "Memory"}],"Plans": [{"Node Type": "Nested Loop","Parent Relationship": "Outer","Parallel Aware": false,"Async Capable": false,"Join Type": "Inner","Startup Cost": 0.43,"Total Cost": 172378.68,"Plan Rows": 7314,"Plan Width": 27,"Actual Startup Time": 0.404,"Actual Total Time": 391.213,"Actual Rows": 6237,"Actual Loops": 5,"Inner Unique": true,"Workers": [],"Plans": [{"Node Type": "Seq Scan","Parent Relationship": "Outer","Parallel Aware": true,"Async Capable": false,"Relation Name": "lineitem","Alias": "lineitem","Startup Cost": 0.00,"Total Cost": 146259.83,"Plan Rows": 7314,"Plan Width": 15,"Actual Startup Time": 0.291,"Actual Total Time": 355.753,"Actual Rows": 6237,"Actual Loops": 5,"Filter": "((l_shipmode = ANY ('{MAIL,AIR}'::bpchar[])) AND (l_commitdate < l_receiptdate) AND (l_shipdate < l_commitdate) AND (l_receiptdate >= '1993-01-01'::date) AND (l_receiptdate < '1994-01-01 00:00:00'::timestamp without time zone))","Rows Removed by Filter": 1194006,"Workers": []},{"Node Type": "Index Scan","Parent Relationship": "Inner","Parallel Aware": false,"Async Capable": false,"Scan Direction": "Forward","Index Name": "orders_pkey","Relation Name": "orders","Alias": "orders","Startup Cost": 0.43,"Total Cost": 3.57,"Plan Rows": 1,"Plan Width": 20,"Actual Startup Time": 0.005,"Actual Total Time": 0.005,"Actual Rows": 1,"Actual Loops": 31186,"Index Cond": "(o_orderkey = lineitem.l_orderkey)","Rows Removed by Index Recheck": 0,"Workers": []}]}]}]}]}]},"Planning Time": 3.962,"Triggers": [],"Execution Time": 438.495}]
[{"Plan": {"Node Type": "Aggregate","Strategy": "Sorted","Partial Mode": "Finalize","Parallel Aware": false,"Async Capable": false,"Startup Cost": 173626.04,"Total Cost": 173773.96,"Plan Rows": 7,"Plan Width": 27,"Actual Startup Time": 411.106,"Actual Total Time": 445.478,"Actual Rows": 2,"Actual Loops": 1,"Group Key": ["lineitem.l_shipmode"],"Plans": [{"Node Type": "Gather Merge","Parent Relationship": "Outer","Parallel Aware": false,"Async Capable": false,"Startup Cost": 173626.04,"Total Cost": 173773.68,"Plan Rows": 28,"Plan Width": 27,"Actual Startup Time": 410.267,"Actual Total Time": 445.432,"Actual Rows": 10,"Actual Loops": 1,"Workers Planned": 4,"Workers Launched": 4,"Plans": [{"Node Type": "Aggregate","Strategy": "Sorted","Partial Mode": "Partial","Parent Relationship": "Outer","Parallel Aware": false,"Async Capable": false,"Startup Cost": 172625.98,"Total Cost": 172770.29,"Plan Rows": 7,"Plan Width": 27,"Actual Startup Time": 401.666,"Actual Total Time": 402.402,"Actual Rows": 2,"Actual Loops": 5,"Group Key": ["lineitem.l_shipmode"],"Workers": [],"Plans": [{"Node Type": "Sort","Parent Relationship": "Outer","Parallel Aware": false,"Async Capable": false,"Startup Cost": 172625.98,"Total Cost": 172644.01,"Plan Rows": 7212,"Plan Width": 27,"Actual Startup Time": 400.920,"Actual Total Time": 401.162,"Actual Rows": 6202,"Actual Loops": 5,"Sort Key": ["lineitem.l_shipmode"],"Sort Method": "quicksort","Sort Space Used": 632,"Sort Space Type": "Memory","Workers": [{"Worker Number": 0,"Sort Method": "quicksort","Sort Space Used": 637,"Sort Space Type": "Memory"},{"Worker Number": 1,"Sort Method": "quicksort","Sort Space Used": 633,"Sort Space Type": "Memory"},{"Worker Number": 2,"Sort Method": "quicksort","Sort Space Used": 634,"Sort Space Type": "Memory"},{"Worker Number": 3,"Sort Method": "quicksort","Sort Space Used": 607,"Sort Space Type": "Memory"}],"Plans": [{"Node Type": "Nested Loop","Parent Relationship": "Outer","Parallel Aware": false,"Async Capable": false,"Join Type": "Inner","Startup Cost": 0.43,"Total Cost": 172163.83,"Plan Rows": 7212,"Plan Width": 27,"Actual Startup Time": 0.418,"Actual Total Time": 397.911,"Actual Rows": 6202,"Actual Loops": 5,"Inner Unique": true,"Workers": [],"Plans": [{"Node Type": "Seq Scan","Parent Relationship": "Outer","Parallel Aware": true,"Async Capable": false,"Relation Name": "lineitem","Alias": "lineitem","Startup Cost": 0.00,"Total Cost": 146259.83,"Plan Rows": 7212,"Plan Width": 15,"Actual Startup Time": 0.286,"Actual Total Time": 361.342,"Actual Rows": 6202,"Actual Loops": 5,"Filter": "((l_shipmode = ANY ('{FOB,MAIL}'::bpchar[])) AND (l_commitdate < l_receiptdate) AND (l_shipdate < l_commitdate) AND (l_receiptdate >= '1994-01-01'::date) AND (l_receiptdate < '1995-01-01 00:00:00'::timestamp without time zone))","Rows Removed by Filter": 1194041,"Workers": []},{"Node Type": "Index Scan","Parent Relationship": "Inner","Parallel Aware": false,"Async Capable": false,"Scan Direction": "Forward","Index Name": "orders_pkey","Relation Name": "orders","Alias": "orders","Startup Cost": 0.43,"Total Cost": 3.59,"Plan Rows": 1,"Plan Width": 20,"Actual Startup Time": 0.006,"Actual Total Time": 0.006,"Actual Rows": 1,"Actual Loops": 31011,"Index Cond": "(o_orderkey = lineitem.l_orderkey)","Rows Removed by Index Recheck": 0,"Workers": []}]}]}]}]}]},"Planning Time": 5.605,"Triggers": [],"Execution Time": 446.261}]
[{"Plan": {"Node Type": "Aggregate","Strategy": "Sorted","Partial Mode": "Finalize","Parallel Aware": false,"Async Capable": false,"Startup Cost": 173782.93,"Total Cost": 173932.29,"Plan Rows": 7,"Plan Width": 27,"Actual Startup Time": 396.389,"Actual Total Time": 429.088,"Actual Rows": 2,"Actual Loops": 1,"Group Key": ["lineitem.l_shipmode"],"Plans": [{"Node Type": "Gather Merge","Parent Relationship": "Outer","Parallel Aware": false,"Async Capable": false,"Startup Cost": 173782.93,"Total Cost": 173932.01,"Plan Rows": 28,"Plan Width": 27,"Actual Startup Time": 395.578,"Actual Total Time": 429.050,"Actual Rows": 10,"Actual Loops": 1,"Workers Planned": 4,"Workers Launched": 4,"Plans": [{"Node Type": "Aggregate","Strategy": "Sorted","Partial Mode": "Partial","Parent Relationship": "Outer","Parallel Aware": false,"Async Capable": false,"Startup Cost": 172782.87,"Total Cost": 172928.62,"Plan Rows": 7,"Plan Width": 27,"Actual Startup Time": 387.383,"Actual Total Time": 388.112,"Actual Rows": 2,"Actual Loops": 5,"Group Key": ["lineitem.l_shipmode"],"Workers": [],"Plans": [{"Node Type": "Sort","Parent Relationship": "Outer","Parallel Aware": false,"Async Capable": false,"Startup Cost": 172782.87,"Total Cost": 172801.08,"Plan Rows": 7284,"Plan Width": 27,"Actual Startup Time": 386.619,"Actual Total Time": 386.868,"Actual Rows": 6268,"Actual Loops": 5,"Sort Key": ["lineitem.l_shipmode"],"Sort Method": "quicksort","Sort Space Used": 641,"Sort Space Type": "Memory","Workers": [{"Worker Number": 0,"Sort Method": "quicksort","Sort Space Used": 628,"Sort Space Type": "Memory"},{"Worker Number": 1,"Sort Method": "quicksort","Sort Space Used": 635,"Sort Space Type": "Memory"},{"Worker Number": 2,"Sort Method": "quicksort","Sort Space Used": 630,"Sort Space Type": "Memory"},{"Worker Number": 3,"Sort Method": "quicksort","Sort Space Used": 632,"Sort Space Type": "Memory"}],"Plans": [{"Node Type": "Nested Loop","Parent Relationship": "Outer","Parallel Aware": false,"Async Capable": false,"Join Type": "Inner","Startup Cost": 0.43,"Total Cost": 172315.58,"Plan Rows": 7284,"Plan Width": 27,"Actual Startup Time": 0.249,"Actual Total Time": 383.761,"Actual Rows": 6268,"Actual Loops": 5,"Inner Unique": true,"Workers": [],"Plans": [{"Node Type": "Seq Scan","Parent Relationship": "Outer","Parallel Aware": true,"Async Capable": false,"Relation Name": "lineitem","Alias": "lineitem","Startup Cost": 0.00,"Total Cost": 146259.83,"Plan Rows": 7284,"Plan Width": 15,"Actual Startup Time": 0.129,"Actual Total Time": 349.363,"Actual Rows": 6268,"Actual Loops": 5,"Filter": "((l_shipmode = ANY ('{TRUCK,FOB}'::bpchar[])) AND (l_commitdate < l_receiptdate) AND (l_shipdate < l_commitdate) AND (l_receiptdate >= '1996-01-01'::date) AND (l_receiptdate < '1997-01-01 00:00:00'::timestamp without time zone))","Rows Removed by Filter": 1193975,"Workers": []},{"Node Type": "Index Scan","Parent Relationship": "Inner","Parallel Aware": false,"Async Capable": false,"Scan Direction": "Forward","Index Name": "orders_pkey","Relation Name": "orders","Alias": "orders","Startup Cost": 0.43,"Total Cost": 3.58,"Plan Rows": 1,"Plan Width": 20,"Actual Startup Time": 0.005,"Actual Total Time": 0.005,"Actual Rows": 1,"Actual Loops": 31338,"Index Cond": "(o_orderkey = lineitem.l_orderkey)","Rows Removed by Index Recheck": 0,"Workers": []}]}]}]}]}]},"Planning Time": 5.565,"Triggers": [],"Execution Time": 429.536}]
[{"Plan": {"Node Type": "Aggregate","Strategy": "Sorted","Partial Mode": "Finalize","Parallel Aware": false,"Async Capable": false,"Startup Cost": 173718.50,"Total Cost": 173867.27,"Plan Rows": 7,"Plan Width": 27,"Actual Startup Time": 418.868,"Actual Total Time": 452.534,"Actual Rows": 2,"Actual Loops": 1,"Group Key": ["lineitem.l_shipmode"],"Plans": [{"Node Type": "Gather Merge","Parent Relationship": "Outer","Parallel Aware": false,"Async Capable": false,"Startup Cost": 173718.50,"Total Cost": 173866.99,"Plan Rows": 28,"Plan Width": 27,"Actual Startup Time": 417.993,"Actual Total Time": 452.505,"Actual Rows": 10,"Actual Loops": 1,"Workers Planned": 4,"Workers Launched": 4,"Plans": [{"Node Type": "Aggregate","Strategy": "Sorted","Partial Mode": "Partial","Parent Relationship": "Outer","Parallel Aware": false,"Async Capable": false,"Startup Cost": 172718.45,"Total Cost": 172863.60,"Plan Rows": 7,"Plan Width": 27,"Actual Startup Time": 409.427,"Actual Total Time": 410.187,"Actual Rows": 2,"Actual Loops": 5,"Group Key": ["lineitem.l_shipmode"],"Workers": [],"Plans": [{"Node Type": "Sort","Parent Relationship": "Outer","Parallel Aware": false,"Async Capable": false,"Startup Cost": 172718.45,"Total Cost": 172736.58,"Plan Rows": 7254,"Plan Width": 27,"Actual Startup Time": 408.628,"Actual Total Time": 408.905,"Actual Rows": 6247,"Actual Loops": 5,"Sort Key": ["lineitem.l_shipmode"],"Sort Method": "quicksort","Sort Space Used": 618,"Sort Space Type": "Memory","Workers": [{"Worker Number": 0,"Sort Method": "quicksort","Sort Space Used": 610,"Sort Space Type": "Memory"},{"Worker Number": 1,"Sort Method": "quicksort","Sort Space Used": 643,"Sort Space Type": "Memory"},{"Worker Number": 2,"Sort Method": "quicksort","Sort Space Used": 646,"Sort Space Type": "Memory"},{"Worker Number": 3,"Sort Method": "quicksort","Sort Space Used": 642,"Sort Space Type": "Memory"}],"Plans": [{"Node Type": "Nested Loop","Parent Relationship": "Outer","Parallel Aware": false,"Async Capable": false,"Join Type": "Inner","Startup Cost": 0.43,"Total Cost": 172253.30,"Plan Rows": 7254,"Plan Width": 27,"Actual Startup Time": 0.396,"Actual Total Time": 405.525,"Actual Rows": 6247,"Actual Loops": 5,"Inner Unique": true,"Workers": [],"Plans": [{"Node Type": "Seq Scan","Parent Relationship": "Outer","Parallel Aware": true,"Async Capable": false,"Relation Name": "lineitem","Alias": "lineitem","Startup Cost": 0.00,"Total Cost": 146259.83,"Plan Rows": 7254,"Plan Width": 15,"Actual Startup Time": 0.258,"Actual Total Time": 368.111,"Actual Rows": 6247,"Actual Loops": 5,"Filter": "((l_shipmode = ANY ('{RAIL,MAIL}'::bpchar[])) AND (l_commitdate < l_receiptdate) AND (l_shipdate < l_commitdate) AND (l_receiptdate >= '1996-01-01'::date) AND (l_receiptdate < '1997-01-01 00:00:00'::timestamp without time zone))","Rows Removed by Filter": 1193996,"Workers": []},{"Node Type": "Index Scan","Parent Relationship": "Inner","Parallel Aware": false,"Async Capable": false,"Scan Direction": "Forward","Index Name": "orders_pkey","Relation Name": "orders","Alias": "orders","Startup Cost": 0.43,"Total Cost": 3.58,"Plan Rows": 1,"Plan Width": 20,"Actual Startup Time": 0.006,"Actual Total Time": 0.006,"Actual Rows": 1,"Actual Loops": 31235,"Index Cond": "(o_orderkey = lineitem.l_orderkey)","Rows Removed by Index Recheck": 0,"Workers": []}]}]}]}]}]},"Planning Time": 5.103,"Triggers": [],"Execution Time": 453.162}]
[{"Plan": {"Node Type": "Aggregate","Strategy": "Sorted","Partial Mode": "Finalize","Parallel Aware": false,"Async Capable": false,"Startup Cost": 173641.11,"Total Cost": 173789.17,"Plan Rows": 7,"Plan Width": 27,"Actual Startup Time": 401.958,"Actual Total Time": 436.363,"Actual Rows": 2,"Actual Loops": 1,"Group Key": ["lineitem.l_shipmode"],"Plans": [{"Node Type": "Gather Merge","Parent Relationship": "Outer","Parallel Aware": false,"Async Capable": false,"Startup Cost": 173641.11,"Total Cost": 173788.89,"Plan Rows": 28,"Plan Width": 27,"Actual Startup Time": 401.069,"Actual Total Time": 436.345,"Actual Rows": 10,"Actual Loops": 1,"Workers Planned": 4,"Workers Launched": 4,"Plans": [{"Node Type": "Aggregate","Strategy": "Sorted","Partial Mode": "Partial","Parent Relationship": "Outer","Parallel Aware": false,"Async Capable": false,"Startup Cost": 172641.05,"Total Cost": 172785.50,"Plan Rows": 7,"Plan Width": 27,"Actual Startup Time": 393.088,"Actual Total Time": 393.837,"Actual Rows": 2,"Actual Loops": 5,"Group Key": ["lineitem.l_shipmode"],"Workers": [],"Plans": [{"Node Type": "Sort","Parent Relationship": "Outer","Parallel Aware": false,"Async Capable": false,"Startup Cost": 172641.05,"Total Cost": 172659.10,"Plan Rows": 7219,"Plan Width": 27,"Actual Startup Time": 392.355,"Actual Total Time": 392.595,"Actual Rows": 6255,"Actual Loops": 5,"Sort Key": ["lineitem.l_shipmode"],"Sort Method": "quicksort","Sort Space Used": 641,"Sort Space Type": "Memory","Workers": [{"Worker Number": 0,"Sort Method": "quicksort","Sort Space Used": 637,"Sort Space Type": "Memory"},{"Worker Number": 1,"Sort Method": "quicksort","Sort Space Used": 624,"Sort Space Type": "Memory"},{"Worker Number": 2,"Sort Method": "quicksort","Sort Space Used": 634,"Sort Space Type": "Memory"},{"Worker Number": 3,"Sort Method": "quicksort","Sort Space Used": 626,"Sort Space Type": "Memory"}],"Plans": [{"Node Type": "Nested Loop","Parent Relationship": "Outer","Parallel Aware": false,"Async Capable": false,"Join Type": "Inner","Startup Cost": 0.43,"Total Cost": 172178.40,"Plan Rows": 7219,"Plan Width": 27,"Actual Startup Time": 0.444,"Actual Total Time": 389.538,"Actual Rows": 6255,"Actual Loops": 5,"Inner Unique": true,"Workers": [],"Plans": [{"Node Type": "Seq Scan","Parent Relationship": "Outer","Parallel Aware": true,"Async Capable": false,"Relation Name": "lineitem","Alias": "lineitem","Startup Cost": 0.00,"Total Cost": 146259.83,"Plan Rows": 7219,"Plan Width": 15,"Actual Startup Time": 0.324,"Actual Total Time": 354.452,"Actual Rows": 6255,"Actual Loops": 5,"Filter": "((l_shipmode = ANY ('{MAIL,AIR}'::bpchar[])) AND (l_commitdate < l_receiptdate) AND (l_shipdate < l_commitdate) AND (l_receiptdate >= '1997-01-01'::date) AND (l_receiptdate < '1998-01-01 00:00:00'::timestamp without time zone))","Rows Removed by Filter": 1193988,"Workers": []},{"Node Type": "Index Scan","Parent Relationship": "Inner","Parallel Aware": false,"Async Capable": false,"Scan Direction": "Forward","Index Name": "orders_pkey","Relation Name": "orders","Alias": "orders","Startup Cost": 0.43,"Total Cost": 3.59,"Plan Rows": 1,"Plan Width": 20,"Actual Startup Time": 0.005,"Actual Total Time": 0.005,"Actual Rows": 1,"Actual Loops": 31276,"Index Cond": "(o_orderkey = lineitem.l_orderkey)","Rows Removed by Index Recheck": 0,"Workers": []}]}]}]}]}]},"Planning Time": 4.362,"Triggers": [],"Execution Time": 436.790}]
[{"Plan": {"Node Type": "Aggregate","Strategy": "Sorted","Partial Mode": "Finalize","Parallel Aware": false,"Async Capable": false,"Startup Cost": 173713.32,"Total Cost": 173862.04,"Plan Rows": 7,"Plan Width": 27,"Actual Startup Time": 403.012,"Actual Total Time": 437.680,"Actual Rows": 2,"Actual Loops": 1,"Group Key": ["lineitem.l_shipmode"],"Plans": [{"Node Type": "Gather Merge","Parent Relationship": "Outer","Parallel Aware": false,"Async Capable": false,"Startup Cost": 173713.32,"Total Cost": 173861.76,"Plan Rows": 28,"Plan Width": 27,"Actual Startup Time": 402.216,"Actual Total Time": 437.648,"Actual Rows": 10,"Actual Loops": 1,"Workers Planned": 4,"Workers Launched": 4,"Plans": [{"Node Type": "Aggregate","Strategy": "Sorted","Partial Mode": "Partial","Parent Relationship": "Outer","Parallel Aware": false,"Async Capable": false,"Startup Cost": 172713.26,"Total Cost": 172858.37,"Plan Rows": 7,"Plan Width": 27,"Actual Startup Time": 393.427,"Actual Total Time": 394.158,"Actual Rows": 2,"Actual Loops": 5,"Group Key": ["lineitem.l_shipmode"],"Workers": [],"Plans": [{"Node Type": "Sort","Parent Relationship": "Outer","Parallel Aware": false,"Async Capable": false,"Startup Cost": 172713.26,"Total Cost": 172731.39,"Plan Rows": 7252,"Plan Width": 27,"Actual Startup Time": 392.674,"Actual Total Time": 392.915,"Actual Rows": 6242,"Actual Loops": 5,"Sort Key": ["lineitem.l_shipmode"],"Sort Method": "quicksort","Sort Space Used": 634,"Sort Space Type": "Memory","Workers": [{"Worker Number": 0,"Sort Method": "quicksort","Sort Space Used": 622,"Sort Space Type": "Memory"},{"Worker Number": 1,"Sort Method": "quicksort","Sort Space Used": 637,"Sort Space Type": "Memory"},{"Worker Number": 2,"Sort Method": "quicksort","Sort Space Used": 628,"Sort Space Type": "Memory"},{"Worker Number": 3,"Sort Method": "quicksort","Sort Space Used": 636,"Sort Space Type": "Memory"}],"Plans": [{"Node Type": "Nested Loop","Parent Relationship": "Outer","Parallel Aware": false,"Async Capable": false,"Join Type": "Inner","Startup Cost": 0.43,"Total Cost": 172248.26,"Plan Rows": 7252,"Plan Width": 27,"Actual Startup Time": 0.397,"Actual Total Time": 389.709,"Actual Rows": 6242,"Actual Loops": 5,"Inner Unique": true,"Workers": [],"Plans": [{"Node Type": "Seq Scan","Parent Relationship": "Outer","Parallel Aware": true,"Async Capable": false,"Relation Name": "lineitem","Alias": "lineitem","Startup Cost": 0.00,"Total Cost": 146259.83,"Plan Rows": 7252,"Plan Width": 15,"Actual Startup Time": 0.274,"Actual Total Time": 353.766,"Actual Rows": 6242,"Actual Loops": 5,"Filter": "((l_shipmode = ANY ('{AIR,SHIP}'::bpchar[])) AND (l_commitdate < l_receiptdate) AND (l_shipdate < l_commitdate) AND (l_receiptdate >= '1993-01-01'::date) AND (l_receiptdate < '1994-01-01 00:00:00'::timestamp without time zone))","Rows Removed by Filter": 1194001,"Workers": []},{"Node Type": "Index Scan","Parent Relationship": "Inner","Parallel Aware": false,"Async Capable": false,"Scan Direction": "Forward","Index Name": "orders_pkey","Relation Name": "orders","Alias": "orders","Startup Cost": 0.43,"Total Cost": 3.58,"Plan Rows": 1,"Plan Width": 20,"Actual Startup Time": 0.005,"Actual Total Time": 0.005,"Actual Rows": 1,"Actual Loops": 31209,"Index Cond": "(o_orderkey = lineitem.l_orderkey)","Rows Removed by Index Recheck": 0,"Workers": []}]}]}]}]}]},"Planning Time": 4.800,"Triggers": [],"Execution Time": 438.379}]
[{"Plan": {"Node Type": "Aggregate","Strategy": "Sorted","Partial Mode": "Finalize","Parallel Aware": false,"Async Capable": false,"Startup Cost": 173814.86,"Total Cost": 173964.52,"Plan Rows": 7,"Plan Width": 27,"Actual Startup Time": 396.762,"Actual Total Time": 430.837,"Actual Rows": 2,"Actual Loops": 1,"Group Key": ["lineitem.l_shipmode"],"Plans": [{"Node Type": "Gather Merge","Parent Relationship": "Outer","Parallel Aware": false,"Async Capable": false,"Startup Cost": 173814.86,"Total Cost": 173964.24,"Plan Rows": 28,"Plan Width": 27,"Actual Startup Time": 395.970,"Actual Total Time": 430.778,"Actual Rows": 10,"Actual Loops": 1,"Workers Planned": 4,"Workers Launched": 4,"Plans": [{"Node Type": "Aggregate","Strategy": "Sorted","Partial Mode": "Partial","Parent Relationship": "Outer","Parallel Aware": false,"Async Capable": false,"Startup Cost": 172814.80,"Total Cost": 172960.85,"Plan Rows": 7,"Plan Width": 27,"Actual Startup Time": 387.361,"Actual Total Time": 388.078,"Actual Rows": 2,"Actual Loops": 5,"Group Key": ["lineitem.l_shipmode"],"Workers": [],"Plans": [{"Node Type": "Sort","Parent Relationship": "Outer","Parallel Aware": false,"Async Capable": false,"Startup Cost": 172814.80,"Total Cost": 172833.04,"Plan Rows": 7299,"Plan Width": 27,"Actual Startup Time": 386.609,"Actual Total Time": 386.854,"Actual Rows": 6170,"Actual Loops": 5,"Sort Key": ["lineitem.l_shipmode"],"Sort Method": "quicksort","Sort Space Used": 624,"Sort Space Type": "Memory","Workers": [{"Worker Number": 0,"Sort Method": "quicksort","Sort Space Used": 622,"Sort Space Type": "Memory"},{"Worker Number": 1,"Sort Method": "quicksort","Sort Space Used": 632,"Sort Space Type": "Memory"},{"Worker Number": 2,"Sort Method": "quicksort","Sort Space Used": 623,"Sort Space Type": "Memory"},{"Worker Number": 3,"Sort Method": "quicksort","Sort Space Used": 630,"Sort Space Type": "Memory"}],"Plans": [{"Node Type": "Nested Loop","Parent Relationship": "Outer","Parallel Aware": false,"Async Capable": false,"Join Type": "Inner","Startup Cost": 0.43,"Total Cost": 172346.44,"Plan Rows": 7299,"Plan Width": 27,"Actual Startup Time": 0.316,"Actual Total Time": 383.794,"Actual Rows": 6170,"Actual Loops": 5,"Inner Unique": true,"Workers": [],"Plans": [{"Node Type": "Seq Scan","Parent Relationship": "Outer","Parallel Aware": true,"Async Capable": false,"Relation Name": "lineitem","Alias": "lineitem","Startup Cost": 0.00,"Total Cost": 146259.83,"Plan Rows": 7299,"Plan Width": 15,"Actual Startup Time": 0.195,"Actual Total Time": 348.958,"Actual Rows": 6170,"Actual Loops": 5,"Filter": "((l_shipmode = ANY ('{\"REG AIR\",TRUCK}'::bpchar[])) AND (l_commitdate < l_receiptdate) AND (l_shipdate < l_commitdate) AND (l_receiptdate >= '1993-01-01'::date) AND (l_receiptdate < '1994-01-01 00:00:00'::timestamp without time zone))","Rows Removed by Filter": 1194073,"Workers": []},{"Node Type": "Index Scan","Parent Relationship": "Inner","Parallel Aware": false,"Async Capable": false,"Scan Direction": "Forward","Index Name": "orders_pkey","Relation Name": "orders","Alias": "orders","Startup Cost": 0.43,"Total Cost": 3.57,"Plan Rows": 1,"Plan Width": 20,"Actual Startup Time": 0.005,"Actual Total Time": 0.005,"Actual Rows": 1,"Actual Loops": 30849,"Index Cond": "(o_orderkey = lineitem.l_orderkey)","Rows Removed by Index Recheck": 0,"Workers": []}]}]}]}]}]},"Planning Time": 4.251,"Triggers": [],"Execution Time": 431.487}]
[{"Plan": {"Node Type": "Aggregate","Strategy": "Sorted","Partial Mode": "Finalize","Parallel Aware": false,"Async Capable": false,"Startup Cost": 173682.63,"Total Cost": 173831.08,"Plan Rows": 7,"Plan Width": 27,"Actual Startup Time": 398.045,"Actual Total Time": 432.448,"Actual Rows": 2,"Actual Loops": 1,"Group Key": ["lineitem.l_shipmode"],"Plans": [{"Node Type": "Gather Merge","Parent Relationship": "Outer","Parallel Aware": false,"Async Capable": false,"Startup Cost": 173682.63,"Total Cost": 173830.80,"Plan Rows": 28,"Plan Width": 27,"Actual Startup Time": 397.239,"Actual Total Time": 432.415,"Actual Rows": 10,"Actual Loops": 1,"Workers Planned": 4,"Workers Launched": 4,"Plans": [{"Node Type": "Aggregate","Strategy": "Sorted","Partial Mode": "Partial","Parent Relationship": "Outer","Parallel Aware": false,"Async Capable": false,"Startup Cost": 172682.58,"Total Cost": 172827.41,"Plan Rows": 7,"Plan Width": 27,"Actual Startup Time": 389.082,"Actual Total Time": 389.822,"Actual Rows": 2,"Actual Loops": 5,"Group Key": ["lineitem.l_shipmode"],"Workers": [],"Plans": [{"Node Type": "Sort","Parent Relationship": "Outer","Parallel Aware": false,"Async Capable": false,"Startup Cost": 172682.58,"Total Cost": 172700.67,"Plan Rows": 7238,"Plan Width": 27,"Actual Startup Time": 388.318,"Actual Total Time": 388.575,"Actual Rows": 6260,"Actual Loops": 5,"Sort Key": ["lineitem.l_shipmode"],"Sort Method": "quicksort","Sort Space Used": 631,"Sort Space Type": "Memory","Workers": [{"Worker Number": 0,"Sort Method": "quicksort","Sort Space Used": 637,"Sort Space Type": "Memory"},{"Worker Number": 1,"Sort Method": "quicksort","Sort Space Used": 637,"Sort Space Type": "Memory"},{"Worker Number": 2,"Sort Method": "quicksort","Sort Space Used": 631,"Sort Space Type": "Memory"},{"Worker Number": 3,"Sort Method": "quicksort","Sort Space Used": 627,"Sort Space Type": "Memory"}],"Plans": [{"Node Type": "Nested Loop","Parent Relationship": "Outer","Parallel Aware": false,"Async Capable": false,"Join Type": "Inner","Startup Cost": 0.43,"Total Cost": 172218.57,"Plan Rows": 7238,"Plan Width": 27,"Actual Startup Time": 0.200,"Actual Total Time": 385.446,"Actual Rows": 6260,"Actual Loops": 5,"Inner Unique": true,"Workers": [],"Plans": [{"Node Type": "Seq Scan","Parent Relationship": "Outer","Parallel Aware": true,"Async Capable": false,"Relation Name": "lineitem","Alias": "lineitem","Startup Cost": 0.00,"Total Cost": 146259.83,"Plan Rows": 7238,"Plan Width": 15,"Actual Startup Time": 0.084,"Actual Total Time": 350.122,"Actual Rows": 6260,"Actual Loops": 5,"Filter": "((l_shipmode = ANY ('{AIR,FOB}'::bpchar[])) AND (l_commitdate < l_receiptdate) AND (l_shipdate < l_commitdate) AND (l_receiptdate >= '1996-01-01'::date) AND (l_receiptdate < '1997-01-01 00:00:00'::timestamp without time zone))","Rows Removed by Filter": 1193983,"Workers": []},{"Node Type": "Index Scan","Parent Relationship": "Inner","Parallel Aware": false,"Async Capable": false,"Scan Direction": "Forward","Index Name": "orders_pkey","Relation Name": "orders","Alias": "orders","Startup Cost": 0.43,"Total Cost": 3.59,"Plan Rows": 1,"Plan Width": 20,"Actual Startup Time": 0.005,"Actual Total Time": 0.005,"Actual Rows": 1,"Actual Loops": 31301,"Index Cond": "(o_orderkey = lineitem.l_orderkey)","Rows Removed by Index Recheck": 0,"Workers": []}]}]}]}]}]},"Planning Time": 5.342,"Triggers": [],"Execution Time": 433.052}]
[{"Plan": {"Node Type": "Aggregate","Strategy": "Sorted","Partial Mode": "Finalize","Parallel Aware": false,"Async Capable": false,"Startup Cost": 173702.24,"Total Cost": 173850.86,"Plan Rows": 7,"Plan Width": 27,"Actual Startup Time": 404.913,"Actual Total Time": 437.198,"Actual Rows": 2,"Actual Loops": 1,"Group Key": ["lineitem.l_shipmode"],"Plans": [{"Node Type": "Gather Merge","Parent Relationship": "Outer","Parallel Aware": false,"Async Capable": false,"Startup Cost": 173702.24,"Total Cost": 173850.58,"Plan Rows": 28,"Plan Width": 27,"Actual Startup Time": 404.024,"Actual Total Time": 437.169,"Actual Rows": 10,"Actual Loops": 1,"Workers Planned": 4,"Workers Launched": 4,"Plans": [{"Node Type": "Aggregate","Strategy": "Sorted","Partial Mode": "Partial","Parent Relationship": "Outer","Parallel Aware": false,"Async Capable": false,"Startup Cost": 172702.18,"Total Cost": 172847.19,"Plan Rows": 7,"Plan Width": 27,"Actual Startup Time": 395.987,"Actual Total Time": 396.731,"Actual Rows": 2,"Actual Loops": 5,"Group Key": ["lineitem.l_shipmode"],"Workers": [],"Plans": [{"Node Type": "Sort","Parent Relationship": "Outer","Parallel Aware": false,"Async Capable": false,"Startup Cost": 172702.18,"Total Cost": 172720.30,"Plan Rows": 7247,"Plan Width": 27,"Actual Startup Time": 395.232,"Actual Total Time": 395.485,"Actual Rows": 6286,"Actual Loops": 5,"Sort Key": ["lineitem.l_shipmode"],"Sort Method": "quicksort","Sort Space Used": 648,"Sort Space Type": "Memory","Workers": [{"Worker Number": 0,"Sort Method": "quicksort","Sort Space Used": 638,"Sort Space Type": "Memory"},{"Worker Number": 1,"Sort Method": "quicksort","Sort Space Used": 620,"Sort Space Type": "Memory"},{"Worker Number": 2,"Sort Method": "quicksort","Sort Space Used": 639,"Sort Space Type": "Memory"},{"Worker Number": 3,"Sort Method": "quicksort","Sort Space Used": 627,"Sort Space Type": "Memory"}],"Plans": [{"Node Type": "Nested Loop","Parent Relationship": "Outer","Parallel Aware": false,"Async Capable": false,"Join Type": "Inner","Startup Cost": 0.43,"Total Cost": 172237.53,"Plan Rows": 7247,"Plan Width": 27,"Actual Startup Time": 0.400,"Actual Total Time": 392.301,"Actual Rows": 6286,"Actual Loops": 5,"Inner Unique": true,"Workers": [],"Plans": [{"Node Type": "Seq Scan","Parent Relationship": "Outer","Parallel Aware": true,"Async Capable": false,"Relation Name": "lineitem","Alias": "lineitem","Startup Cost": 0.00,"Total Cost": 146259.83,"Plan Rows": 7247,"Plan Width": 15,"Actual Startup Time": 0.277,"Actual Total Time": 356.522,"Actual Rows": 6286,"Actual Loops": 5,"Filter": "((l_shipmode = ANY ('{MAIL,RAIL}'::bpchar[])) AND (l_commitdate < l_receiptdate) AND (l_shipdate < l_commitdate) AND (l_receiptdate >= '1997-01-01'::date) AND (l_receiptdate < '1998-01-01 00:00:00'::timestamp without time zone))","Rows Removed by Filter": 1193957,"Workers": []},{"Node Type": "Index Scan","Parent Relationship": "Inner","Parallel Aware": false,"Async Capable": false,"Scan Direction": "Forward","Index Name": "orders_pkey","Relation Name": "orders","Alias": "orders","Startup Cost": 0.43,"Total Cost": 3.58,"Plan Rows": 1,"Plan Width": 20,"Actual Startup Time": 0.005,"Actual Total Time": 0.005,"Actual Rows": 1,"Actual Loops": 31428,"Index Cond": "(o_orderkey = lineitem.l_orderkey)","Rows Removed by Index Recheck": 0,"Workers": []}]}]}]}]}]},"Planning Time": 4.094,"Triggers": [],"Execution Time": 437.643}]
[{"Plan": {"Node Type": "Aggregate","Strategy": "Sorted","Partial Mode": "Finalize","Parallel Aware": false,"Async Capable": false,"Startup Cost": 173698.06,"Total Cost": 173846.64,"Plan Rows": 7,"Plan Width": 27,"Actual Startup Time": 402.798,"Actual Total Time": 436.196,"Actual Rows": 2,"Actual Loops": 1,"Group Key": ["lineitem.l_shipmode"],"Plans": [{"Node Type": "Gather Merge","Parent Relationship": "Outer","Parallel Aware": false,"Async Capable": false,"Startup Cost": 173698.06,"Total Cost": 173846.36,"Plan Rows": 28,"Plan Width": 27,"Actual Startup Time": 402.005,"Actual Total Time": 436.161,"Actual Rows": 10,"Actual Loops": 1,"Workers Planned": 4,"Workers Launched": 4,"Plans": [{"Node Type": "Aggregate","Strategy": "Sorted","Partial Mode": "Partial","Parent Relationship": "Outer","Parallel Aware": false,"Async Capable": false,"Startup Cost": 172698.00,"Total Cost": 172842.97,"Plan Rows": 7,"Plan Width": 27,"Actual Startup Time": 393.733,"Actual Total Time": 394.454,"Actual Rows": 2,"Actual Loops": 5,"Group Key": ["lineitem.l_shipmode"],"Workers": [],"Plans": [{"Node Type": "Sort","Parent Relationship": "Outer","Parallel Aware": false,"Async Capable": false,"Startup Cost": 172698.00,"Total Cost": 172716.11,"Plan Rows": 7245,"Plan Width": 27,"Actual Startup Time": 392.977,"Actual Total Time": 393.219,"Actual Rows": 6249,"Actual Loops": 5,"Sort Key": ["lineitem.l_shipmode"],"Sort Method": "quicksort","Sort Space Used": 640,"Sort Space Type": "Memory","Workers": [{"Worker Number": 0,"Sort Method": "quicksort","Sort Space Used": 615,"Sort Space Type": "Memory"},{"Worker Number": 1,"Sort Method": "quicksort","Sort Space Used": 629,"Sort Space Type": "Memory"},{"Worker Number": 2,"Sort Method": "quicksort","Sort Space Used": 640,"Sort Space Type": "Memory"},{"Worker Number": 3,"Sort Method": "quicksort","Sort Space Used": 634,"Sort Space Type": "Memory"}],"Plans": [{"Node Type": "Nested Loop","Parent Relationship": "Outer","Parallel Aware": false,"Async Capable": false,"Join Type": "Inner","Startup Cost": 0.43,"Total Cost": 172233.50,"Plan Rows": 7245,"Plan Width": 27,"Actual Startup Time": 0.385,"Actual Total Time": 390.010,"Actual Rows": 6249,"Actual Loops": 5,"Inner Unique": true,"Workers": [],"Plans": [{"Node Type": "Seq Scan","Parent Relationship": "Outer","Parallel Aware": true,"Async Capable": false,"Relation Name": "lineitem","Alias": "lineitem","Startup Cost": 0.00,"Total Cost": 146259.83,"Plan Rows": 7245,"Plan Width": 15,"Actual Startup Time": 0.258,"Actual Total Time": 353.748,"Actual Rows": 6249,"Actual Loops": 5,"Filter": "((l_shipmode = ANY ('{TRUCK,RAIL}'::bpchar[])) AND (l_commitdate < l_receiptdate) AND (l_shipdate < l_commitdate) AND (l_receiptdate >= '1996-01-01'::date) AND (l_receiptdate < '1997-01-01 00:00:00'::timestamp without time zone))","Rows Removed by Filter": 1193994,"Workers": []},{"Node Type": "Index Scan","Parent Relationship": "Inner","Parallel Aware": false,"Async Capable": false,"Scan Direction": "Forward","Index Name": "orders_pkey","Relation Name": "orders","Alias": "orders","Startup Cost": 0.43,"Total Cost": 3.59,"Plan Rows": 1,"Plan Width": 20,"Actual Startup Time": 0.005,"Actual Total Time": 0.005,"Actual Rows": 1,"Actual Loops": 31243,"Index Cond": "(o_orderkey = lineitem.l_orderkey)","Rows Removed by Index Recheck": 0,"Workers": []}]}]}]}]}]},"Planning Time": 5.276,"Triggers": [],"Execution Time": 436.908}]
[{"Plan": {"Node Type": "Aggregate","Strategy": "Sorted","Partial Mode": "Finalize","Parallel Aware": false,"Async Capable": false,"Startup Cost": 173991.94,"Total Cost": 174143.24,"Plan Rows": 7,"Plan Width": 27,"Actual Startup Time": 396.132,"Actual Total Time": 430.009,"Actual Rows": 2,"Actual Loops": 1,"Group Key": ["lineitem.l_shipmode"],"Plans": [{"Node Type": "Gather Merge","Parent Relationship": "Outer","Parallel Aware": false,"Async Capable": false,"Startup Cost": 173991.94,"Total Cost": 174142.96,"Plan Rows": 28,"Plan Width": 27,"Actual Startup Time": 395.281,"Actual Total Time": 429.951,"Actual Rows": 10,"Actual Loops": 1,"Workers Planned": 4,"Workers Launched": 4,"Plans": [{"Node Type": "Aggregate","Strategy": "Sorted","Partial Mode": "Partial","Parent Relationship": "Outer","Parallel Aware": false,"Async Capable": false,"Startup Cost": 172991.88,"Total Cost": 173139.57,"Plan Rows": 7,"Plan Width": 27,"Actual Startup Time": 386.861,"Actual Total Time": 387.594,"Actual Rows": 2,"Actual Loops": 5,"Group Key": ["lineitem.l_shipmode"],"Workers": [],"Plans": [{"Node Type": "Sort","Parent Relationship": "Outer","Parallel Aware": false,"Async Capable": false,"Startup Cost": 172991.88,"Total Cost": 173010.33,"Plan Rows": 7381,"Plan Width": 27,"Actual Startup Time": 386.106,"Actual Total Time": 386.360,"Actual Rows": 6214,"Actual Loops": 5,"Sort Key": ["lineitem.l_shipmode"],"Sort Method": "quicksort","Sort Space Used": 637,"Sort Space Type": "Memory","Workers": [{"Worker Number": 0,"Sort Method": "quicksort","Sort Space Used": 624,"Sort Space Type": "Memory"},{"Worker Number": 1,"Sort Method": "quicksort","Sort Space Used": 625,"Sort Space Type": "Memory"},{"Worker Number": 2,"Sort Method": "quicksort","Sort Space Used": 628,"Sort Space Type": "Memory"},{"Worker Number": 3,"Sort Method": "quicksort","Sort Space Used": 632,"Sort Space Type": "Memory"}],"Plans": [{"Node Type": "Nested Loop","Parent Relationship": "Outer","Parallel Aware": false,"Async Capable": false,"Join Type": "Inner","Startup Cost": 0.43,"Total Cost": 172517.67,"Plan Rows": 7381,"Plan Width": 27,"Actual Startup Time": 0.428,"Actual Total Time": 383.198,"Actual Rows": 6214,"Actual Loops": 5,"Inner Unique": true,"Workers": [],"Plans": [{"Node Type": "Seq Scan","Parent Relationship": "Outer","Parallel Aware": true,"Async Capable": false,"Relation Name": "lineitem","Alias": "lineitem","Startup Cost": 0.00,"Total Cost": 146259.83,"Plan Rows": 7381,"Plan Width": 15,"Actual Startup Time": 0.300,"Actual Total Time": 348.084,"Actual Rows": 6214,"Actual Loops": 5,"Filter": "((l_shipmode = ANY ('{\"REG AIR\",RAIL}'::bpchar[])) AND (l_commitdate < l_receiptdate) AND (l_shipdate < l_commitdate) AND (l_receiptdate >= '1995-01-01'::date) AND (l_receiptdate < '1996-01-01 00:00:00'::timestamp without time zone))","Rows Removed by Filter": 1194029,"Workers": []},{"Node Type": "Index Scan","Parent Relationship": "Inner","Parallel Aware": false,"Async Capable": false,"Scan Direction": "Forward","Index Name": "orders_pkey","Relation Name": "orders","Alias": "orders","Startup Cost": 0.43,"Total Cost": 3.56,"Plan Rows": 1,"Plan Width": 20,"Actual Startup Time": 0.005,"Actual Total Time": 0.005,"Actual Rows": 1,"Actual Loops": 31068,"Index Cond": "(o_orderkey = lineitem.l_orderkey)","Rows Removed by Index Recheck": 0,"Workers": []}]}]}]}]}]},"Planning Time": 4.161,"Triggers": [],"Execution Time": 430.615}]
[{"Plan": {"Node Type": "Aggregate","Strategy": "Sorted","Partial Mode": "Finalize","Parallel Aware": false,"Async Capable": false,"Startup Cost": 173930.21,"Total Cost": 174080.93,"Plan Rows": 7,"Plan Width": 27,"Actual Startup Time": 400.440,"Actual Total Time": 434.091,"Actual Rows": 2,"Actual Loops": 1,"Group Key": ["lineitem.l_shipmode"],"Plans": [{"Node Type": "Gather Merge","Parent Relationship": "Outer","Parallel Aware": false,"Async Capable": false,"Startup Cost": 173930.21,"Total Cost": 174080.65,"Plan Rows": 28,"Plan Width": 27,"Actual Startup Time": 399.571,"Actual Total Time": 434.061,"Actual Rows": 10,"Actual Loops": 1,"Workers Planned": 4,"Workers Launched": 4,"Plans": [{"Node Type": "Aggregate","Strategy": "Sorted","Partial Mode": "Partial","Parent Relationship": "Outer","Parallel Aware": false,"Async Capable": false,"Startup Cost": 172930.15,"Total Cost": 173077.26,"Plan Rows": 7,"Plan Width": 27,"Actual Startup Time": 391.336,"Actual Total Time": 392.074,"Actual Rows": 2,"Actual Loops": 5,"Group Key": ["lineitem.l_shipmode"],"Workers": [],"Plans": [{"Node Type": "Sort","Parent Relationship": "Outer","Parallel Aware": false,"Async Capable": false,"Startup Cost": 172930.15,"Total Cost": 172948.53,"Plan Rows": 7352,"Plan Width": 27,"Actual Startup Time": 390.578,"Actual Total Time": 390.826,"Actual Rows": 6262,"Actual Loops": 5,"Sort Key": ["lineitem.l_shipmode"],"Sort Method": "quicksort","Sort Space Used": 643,"Sort Space Type": "Memory","Workers": [{"Worker Number": 0,"Sort Method": "quicksort","Sort Space Used": 633,"Sort Space Type": "Memory"},{"Worker Number": 1,"Sort Method": "quicksort","Sort Space Used": 631,"Sort Space Type": "Memory"},{"Worker Number": 2,"Sort Method": "quicksort","Sort Space Used": 628,"Sort Space Type": "Memory"},{"Worker Number": 3,"Sort Method": "quicksort","Sort Space Used": 629,"Sort Space Type": "Memory"}],"Plans": [{"Node Type": "Nested Loop","Parent Relationship": "Outer","Parallel Aware": false,"Async Capable": false,"Join Type": "Inner","Startup Cost": 0.43,"Total Cost": 172458.01,"Plan Rows": 7352,"Plan Width": 27,"Actual Startup Time": 0.315,"Actual Total Time": 387.698,"Actual Rows": 6262,"Actual Loops": 5,"Inner Unique": true,"Workers": [],"Plans": [{"Node Type": "Seq Scan","Parent Relationship": "Outer","Parallel Aware": true,"Async Capable": false,"Relation Name": "lineitem","Alias": "lineitem","Startup Cost": 0.00,"Total Cost": 146259.83,"Plan Rows": 7352,"Plan Width": 15,"Actual Startup Time": 0.196,"Actual Total Time": 353.240,"Actual Rows": 6262,"Actual Loops": 5,"Filter": "((l_shipmode = ANY ('{AIR,SHIP}'::bpchar[])) AND (l_commitdate < l_receiptdate) AND (l_shipdate < l_commitdate) AND (l_receiptdate >= '1995-01-01'::date) AND (l_receiptdate < '1996-01-01 00:00:00'::timestamp without time zone))","Rows Removed by Filter": 1193981,"Workers": []},{"Node Type": "Index Scan","Parent Relationship": "Inner","Parallel Aware": false,"Async Capable": false,"Scan Direction": "Forward","Index Name": "orders_pkey","Relation Name": "orders","Alias": "orders","Startup Cost": 0.43,"Total Cost": 3.56,"Plan Rows": 1,"Plan Width": 20,"Actual Startup Time": 0.005,"Actual Total Time": 0.005,"Actual Rows": 1,"Actual Loops": 31308,"Index Cond": "(o_orderkey = lineitem.l_orderkey)","Rows Removed by Index Recheck": 0,"Workers": []}]}]}]}]}]},"Planning Time": 4.158,"Triggers": [],"Execution Time": 434.496}]
[{"Plan": {"Node Type": "Aggregate","Strategy": "Sorted","Partial Mode": "Finalize","Parallel Aware": false,"Async Capable": false,"Startup Cost": 173623.66,"Total Cost": 173771.59,"Plan Rows": 7,"Plan Width": 27,"Actual Startup Time": 408.381,"Actual Total Time": 442.186,"Actual Rows": 2,"Actual Loops": 1,"Group Key": ["lineitem.l_shipmode"],"Plans": [{"Node Type": "Gather Merge","Parent Relationship": "Outer","Parallel Aware": false,"Async Capable": false,"Startup Cost": 173623.66,"Total Cost": 173771.31,"Plan Rows": 28,"Plan Width": 27,"Actual Startup Time": 407.560,"Actual Total Time": 442.140,"Actual Rows": 10,"Actual Loops": 1,"Workers Planned": 4,"Workers Launched": 4,"Plans": [{"Node Type": "Aggregate","Strategy": "Sorted","Partial Mode": "Partial","Parent Relationship": "Outer","Parallel Aware": false,"Async Capable": false,"Startup Cost": 172623.60,"Total Cost": 172767.91,"Plan Rows": 7,"Plan Width": 27,"Actual Startup Time": 398.418,"Actual Total Time": 399.168,"Actual Rows": 2,"Actual Loops": 5,"Group Key": ["lineitem.l_shipmode"],"Workers": [],"Plans": [{"Node Type": "Sort","Parent Relationship": "Outer","Parallel Aware": false,"Async Capable": false,"Startup Cost": 172623.60,"Total Cost": 172641.63,"Plan Rows": 7212,"Plan Width": 27,"Actual Startup Time": 397.657,"Actual Total Time": 397.924,"Actual Rows": 6242,"Actual Loops": 5,"Sort Key": ["lineitem.l_shipmode"],"Sort Method": "quicksort","Sort Space Used": 625,"Sort Space Type": "Memory","Workers": [{"Worker Number": 0,"Sort Method": "quicksort","Sort Space Used": 610,"Sort Space Type": "Memory"},{"Worker Number": 1,"Sort Method": "quicksort","Sort Space Used": 645,"Sort Space Type": "Memory"},{"Worker Number": 2,"Sort Method": "quicksort","Sort Space Used": 640,"Sort Space Type": "Memory"},{"Worker Number": 3,"Sort Method": "quicksort","Sort Space Used": 637,"Sort Space Type": "Memory"}],"Plans": [{"Node Type": "Nested Loop","Parent Relationship": "Outer","Parallel Aware": false,"Async Capable": false,"Join Type": "Inner","Startup Cost": 0.43,"Total Cost": 172161.45,"Plan Rows": 7212,"Plan Width": 27,"Actual Startup Time": 0.348,"Actual Total Time": 394.587,"Actual Rows": 6242,"Actual Loops": 5,"Inner Unique": true,"Workers": [],"Plans": [{"Node Type": "Seq Scan","Parent Relationship": "Outer","Parallel Aware": true,"Async Capable": false,"Relation Name": "lineitem","Alias": "lineitem","Startup Cost": 0.00,"Total Cost": 146259.83,"Plan Rows": 7211,"Plan Width": 15,"Actual Startup Time": 0.208,"Actual Total Time": 357.831,"Actual Rows": 6242,"Actual Loops": 5,"Filter": "((l_shipmode = ANY ('{TRUCK,\"REG AIR\"}'::bpchar[])) AND (l_commitdate < l_receiptdate) AND (l_shipdate < l_commitdate) AND (l_receiptdate >= '1996-01-01'::date) AND (l_receiptdate < '1997-01-01 00:00:00'::timestamp without time zone))","Rows Removed by Filter": 1194001,"Workers": []},{"Node Type": "Index Scan","Parent Relationship": "Inner","Parallel Aware": false,"Async Capable": false,"Scan Direction": "Forward","Index Name": "orders_pkey","Relation Name": "orders","Alias": "orders","Startup Cost": 0.43,"Total Cost": 3.59,"Plan Rows": 1,"Plan Width": 20,"Actual Startup Time": 0.005,"Actual Total Time": 0.005,"Actual Rows": 1,"Actual Loops": 31208,"Index Cond": "(o_orderkey = lineitem.l_orderkey)","Rows Removed by Index Recheck": 0,"Workers": []}]}]}]}]}]},"Planning Time": 4.243,"Triggers": [],"Execution Time": 442.857}]
[{"Plan": {"Node Type": "Aggregate","Strategy": "Sorted","Partial Mode": "Finalize","Parallel Aware": false,"Async Capable": false,"Startup Cost": 173657.45,"Total Cost": 173805.66,"Plan Rows": 7,"Plan Width": 27,"Actual Startup Time": 408.493,"Actual Total Time": 443.002,"Actual Rows": 2,"Actual Loops": 1,"Group Key": ["lineitem.l_shipmode"],"Plans": [{"Node Type": "Gather Merge","Parent Relationship": "Outer","Parallel Aware": false,"Async Capable": false,"Startup Cost": 173657.45,"Total Cost": 173805.38,"Plan Rows": 28,"Plan Width": 27,"Actual Startup Time": 407.653,"Actual Total Time": 442.966,"Actual Rows": 10,"Actual Loops": 1,"Workers Planned": 4,"Workers Launched": 4,"Plans": [{"Node Type": "Aggregate","Strategy": "Sorted","Partial Mode": "Partial","Parent Relationship": "Outer","Parallel Aware": false,"Async Capable": false,"Startup Cost": 172657.40,"Total Cost": 172801.99,"Plan Rows": 7,"Plan Width": 27,"Actual Startup Time": 398.937,"Actual Total Time": 399.674,"Actual Rows": 2,"Actual Loops": 5,"Group Key": ["lineitem.l_shipmode"],"Workers": [],"Plans": [{"Node Type": "Sort","Parent Relationship": "Outer","Parallel Aware": false,"Async Capable": false,"Startup Cost": 172657.40,"Total Cost": 172675.46,"Plan Rows": 7226,"Plan Width": 27,"Actual Startup Time": 398.186,"Actual Total Time": 398.429,"Actual Rows": 6245,"Actual Loops": 5,"Sort Key": ["lineitem.l_shipmode"],"Sort Method": "quicksort","Sort Space Used": 638,"Sort Space Type": "Memory","Workers": [{"Worker Number": 0,"Sort Method": "quicksort","Sort Space Used": 636,"Sort Space Type": "Memory"},{"Worker Number": 1,"Sort Method": "quicksort","Sort Space Used": 639,"Sort Space Type": "Memory"},{"Worker Number": 2,"Sort Method": "quicksort","Sort Space Used": 609,"Sort Space Type": "Memory"},{"Worker Number": 3,"Sort Method": "quicksort","Sort Space Used": 637,"Sort Space Type": "Memory"}],"Plans": [{"Node Type": "Nested Loop","Parent Relationship": "Outer","Parallel Aware": false,"Async Capable": false,"Join Type": "Inner","Startup Cost": 0.43,"Total Cost": 172194.25,"Plan Rows": 7226,"Plan Width": 27,"Actual Startup Time": 0.300,"Actual Total Time": 395.283,"Actual Rows": 6245,"Actual Loops": 5,"Inner Unique": true,"Workers": [],"Plans": [{"Node Type": "Seq Scan","Parent Relationship": "Outer","Parallel Aware": true,"Async Capable": false,"Relation Name": "lineitem","Alias": "lineitem","Startup Cost": 0.00,"Total Cost": 146259.83,"Plan Rows": 7226,"Plan Width": 15,"Actual Startup Time": 0.167,"Actual Total Time": 359.190,"Actual Rows": 6245,"Actual Loops": 5,"Filter": "((l_shipmode = ANY ('{MAIL,AIR}'::bpchar[])) AND (l_commitdate < l_receiptdate) AND (l_shipdate < l_commitdate) AND (l_receiptdate >= '1996-01-01'::date) AND (l_receiptdate < '1997-01-01 00:00:00'::timestamp without time zone))","Rows Removed by Filter": 1193998,"Workers": []},{"Node Type": "Index Scan","Parent Relationship": "Inner","Parallel Aware": false,"Async Capable": false,"Scan Direction": "Forward","Index Name": "orders_pkey","Relation Name": "orders","Alias": "orders","Startup Cost": 0.43,"Total Cost": 3.59,"Plan Rows": 1,"Plan Width": 20,"Actual Startup Time": 0.005,"Actual Total Time": 0.005,"Actual Rows": 1,"Actual Loops": 31227,"Index Cond": "(o_orderkey = lineitem.l_orderkey)","Rows Removed by Index Recheck": 0,"Workers": []}]}]}]}]}]},"Planning Time": 4.210,"Triggers": [],"Execution Time": 443.455}]
[{"Plan": {"Node Type": "Aggregate","Strategy": "Sorted","Partial Mode": "Finalize","Parallel Aware": false,"Async Capable": false,"Startup Cost": 173523.95,"Total Cost": 173670.93,"Plan Rows": 7,"Plan Width": 27,"Actual Startup Time": 393.679,"Actual Total Time": 427.763,"Actual Rows": 2,"Actual Loops": 1,"Group Key": ["lineitem.l_shipmode"],"Plans": [{"Node Type": "Gather Merge","Parent Relationship": "Outer","Parallel Aware": false,"Async Capable": false,"Startup Cost": 173523.95,"Total Cost": 173670.65,"Plan Rows": 28,"Plan Width": 27,"Actual Startup Time": 392.788,"Actual Total Time": 427.723,"Actual Rows": 10,"Actual Loops": 1,"Workers Planned": 4,"Workers Launched": 4,"Plans": [{"Node Type": "Aggregate","Strategy": "Sorted","Partial Mode": "Partial","Parent Relationship": "Outer","Parallel Aware": false,"Async Capable": false,"Startup Cost": 172523.89,"Total Cost": 172667.26,"Plan Rows": 7,"Plan Width": 27,"Actual Startup Time": 384.463,"Actual Total Time": 385.224,"Actual Rows": 2,"Actual Loops": 5,"Group Key": ["lineitem.l_shipmode"],"Workers": [],"Plans": [{"Node Type": "Sort","Parent Relationship": "Outer","Parallel Aware": false,"Async Capable": false,"Startup Cost": 172523.89,"Total Cost": 172541.80,"Plan Rows": 7165,"Plan Width": 27,"Actual Startup Time": 383.715,"Actual Total Time": 383.966,"Actual Rows": 6260,"Actual Loops": 5,"Sort Key": ["lineitem.l_shipmode"],"Sort Method": "quicksort","Sort Space Used": 649,"Sort Space Type": "Memory","Workers": [{"Worker Number": 0,"Sort Method": "quicksort","Sort Space Used": 636,"Sort Space Type": "Memory"},{"Worker Number": 1,"Sort Method": "quicksort","Sort Space Used": 616,"Sort Space Type": "Memory"},{"Worker Number": 2,"Sort Method": "quicksort","Sort Space Used": 626,"Sort Space Type": "Memory"},{"Worker Number": 3,"Sort Method": "quicksort","Sort Space Used": 636,"Sort Space Type": "Memory"}],"Plans": [{"Node Type": "Nested Loop","Parent Relationship": "Outer","Parallel Aware": false,"Async Capable": false,"Join Type": "Inner","Startup Cost": 0.43,"Total Cost": 172065.09,"Plan Rows": 7165,"Plan Width": 27,"Actual Startup Time": 0.313,"Actual Total Time": 380.893,"Actual Rows": 6260,"Actual Loops": 5,"Inner Unique": true,"Workers": [],"Plans": [{"Node Type": "Seq Scan","Parent Relationship": "Outer","Parallel Aware": true,"Async Capable": false,"Relation Name": "lineitem","Alias": "lineitem","Startup Cost": 0.00,"Total Cost": 146259.83,"Plan Rows": 7165,"Plan Width": 15,"Actual Startup Time": 0.201,"Actual Total Time": 346.320,"Actual Rows": 6260,"Actual Loops": 5,"Filter": "((l_shipmode = ANY ('{AIR,SHIP}'::bpchar[])) AND (l_commitdate < l_receiptdate) AND (l_shipdate < l_commitdate) AND (l_receiptdate >= '1996-01-01'::date) AND (l_receiptdate < '1997-01-01 00:00:00'::timestamp without time zone))","Rows Removed by Filter": 1193983,"Workers": []},{"Node Type": "Index Scan","Parent Relationship": "Inner","Parallel Aware": false,"Async Capable": false,"Scan Direction": "Forward","Index Name": "orders_pkey","Relation Name": "orders","Alias": "orders","Startup Cost": 0.43,"Total Cost": 3.60,"Plan Rows": 1,"Plan Width": 20,"Actual Startup Time": 0.005,"Actual Total Time": 0.005,"Actual Rows": 1,"Actual Loops": 31300,"Index Cond": "(o_orderkey = lineitem.l_orderkey)","Rows Removed by Index Recheck": 0,"Workers": []}]}]}]}]}]},"Planning Time": 5.095,"Triggers": [],"Execution Time": 428.416}]
[{"Plan": {"Node Type": "Aggregate","Strategy": "Sorted","Partial Mode": "Finalize","Parallel Aware": false,"Async Capable": false,"Startup Cost": 173451.78,"Total Cost": 173598.11,"Plan Rows": 7,"Plan Width": 27,"Actual Startup Time": 393.437,"Actual Total Time": 428.181,"Actual Rows": 2,"Actual Loops": 1,"Group Key": ["lineitem.l_shipmode"],"Plans": [{"Node Type": "Gather Merge","Parent Relationship": "Outer","Parallel Aware": false,"Async Capable": false,"Startup Cost": 173451.78,"Total Cost": 173597.83,"Plan Rows": 28,"Plan Width": 27,"Actual Startup Time": 392.613,"Actual Total Time": 428.143,"Actual Rows": 10,"Actual Loops": 1,"Workers Planned": 4,"Workers Launched": 4,"Plans": [{"Node Type": "Aggregate","Strategy": "Sorted","Partial Mode": "Partial","Parent Relationship": "Outer","Parallel Aware": false,"Async Capable": false,"Startup Cost": 172451.73,"Total Cost": 172594.44,"Plan Rows": 7,"Plan Width": 27,"Actual Startup Time": 384.443,"Actual Total Time": 385.186,"Actual Rows": 2,"Actual Loops": 5,"Group Key": ["lineitem.l_shipmode"],"Workers": [],"Plans": [{"Node Type": "Sort","Parent Relationship": "Outer","Parallel Aware": false,"Async Capable": false,"Startup Cost": 172451.73,"Total Cost": 172469.56,"Plan Rows": 7132,"Plan Width": 27,"Actual Startup Time": 383.707,"Actual Total Time": 383.964,"Actual Rows": 6182,"Actual Loops": 5,"Sort Key": ["lineitem.l_shipmode"],"Sort Method": "quicksort","Sort Space Used": 630,"Sort Space Type": "Memory","Workers": [{"Worker Number": 0,"Sort Method": "quicksort","Sort Space Used": 628,"Sort Space Type": "Memory"},{"Worker Number": 1,"Sort Method": "quicksort","Sort Space Used": 610,"Sort Space Type": "Memory"},{"Worker Number": 2,"Sort Method": "quicksort","Sort Space Used": 641,"Sort Space Type": "Memory"},{"Worker Number": 3,"Sort Method": "quicksort","Sort Space Used": 626,"Sort Space Type": "Memory"}],"Plans": [{"Node Type": "Nested Loop","Parent Relationship": "Outer","Parallel Aware": false,"Async Capable": false,"Join Type": "Inner","Startup Cost": 0.43,"Total Cost": 171995.28,"Plan Rows": 7132,"Plan Width": 27,"Actual Startup Time": 0.174,"Actual Total Time": 380.845,"Actual Rows": 6182,"Actual Loops": 5,"Inner Unique": true,"Workers": [],"Plans": [{"Node Type": "Seq Scan","Parent Relationship": "Outer","Parallel Aware": true,"Async Capable": false,"Relation Name": "lineitem","Alias": "lineitem","Startup Cost": 0.00,"Total Cost": 146259.83,"Plan Rows": 7132,"Plan Width": 15,"Actual Startup Time": 0.064,"Actual Total Time": 345.885,"Actual Rows": 6182,"Actual Loops": 5,"Filter": "((l_shipmode = ANY ('{TRUCK,\"REG AIR\"}'::bpchar[])) AND (l_commitdate < l_receiptdate) AND (l_shipdate < l_commitdate) AND (l_receiptdate >= '1994-01-01'::date) AND (l_receiptdate < '1995-01-01 00:00:00'::timestamp without time zone))","Rows Removed by Filter": 1194061,"Workers": []},{"Node Type": "Index Scan","Parent Relationship": "Inner","Parallel Aware": false,"Async Capable": false,"Scan Direction": "Forward","Index Name": "orders_pkey","Relation Name": "orders","Alias": "orders","Startup Cost": 0.43,"Total Cost": 3.61,"Plan Rows": 1,"Plan Width": 20,"Actual Startup Time": 0.005,"Actual Total Time": 0.005,"Actual Rows": 1,"Actual Loops": 30912,"Index Cond": "(o_orderkey = lineitem.l_orderkey)","Rows Removed by Index Recheck": 0,"Workers": []}]}]}]}]}]},"Planning Time": 5.642,"Triggers": [],"Execution Time": 428.742}]
[{"Plan": {"Node Type": "Aggregate","Strategy": "Sorted","Partial Mode": "Finalize","Parallel Aware": false,"Async Capable": false,"Startup Cost": 173833.00,"Total Cost": 173982.82,"Plan Rows": 7,"Plan Width": 27,"Actual Startup Time": 417.939,"Actual Total Time": 451.326,"Actual Rows": 2,"Actual Loops": 1,"Group Key": ["lineitem.l_shipmode"],"Plans": [{"Node Type": "Gather Merge","Parent Relationship": "Outer","Parallel Aware": false,"Async Capable": false,"Startup Cost": 173833.00,"Total Cost": 173982.54,"Plan Rows": 28,"Plan Width": 27,"Actual Startup Time": 417.179,"Actual Total Time": 451.297,"Actual Rows": 10,"Actual Loops": 1,"Workers Planned": 4,"Workers Launched": 4,"Plans": [{"Node Type": "Aggregate","Strategy": "Sorted","Partial Mode": "Partial","Parent Relationship": "Outer","Parallel Aware": false,"Async Capable": false,"Startup Cost": 172832.94,"Total Cost": 172979.15,"Plan Rows": 7,"Plan Width": 27,"Actual Startup Time": 408.374,"Actual Total Time": 409.100,"Actual Rows": 2,"Actual Loops": 5,"Group Key": ["lineitem.l_shipmode"],"Workers": [],"Plans": [{"Node Type": "Sort","Parent Relationship": "Outer","Parallel Aware": false,"Async Capable": false,"Startup Cost": 172832.94,"Total Cost": 172851.21,"Plan Rows": 7307,"Plan Width": 27,"Actual Startup Time": 407.619,"Actual Total Time": 407.859,"Actual Rows": 6234,"Actual Loops": 5,"Sort Key": ["lineitem.l_shipmode"],"Sort Method": "quicksort","Sort Space Used": 613,"Sort Space Type": "Memory","Workers": [{"Worker Number": 0,"Sort Method": "quicksort","Sort Space Used": 644,"Sort Space Type": "Memory"},{"Worker Number": 1,"Sort Method": "quicksort","Sort Space Used": 606,"Sort Space Type": "Memory"},{"Worker Number": 2,"Sort Method": "quicksort","Sort Space Used": 655,"Sort Space Type": "Memory"},{"Worker Number": 3,"Sort Method": "quicksort","Sort Space Used": 636,"Sort Space Type": "Memory"}],"Plans": [{"Node Type": "Nested Loop","Parent Relationship": "Outer","Parallel Aware": false,"Async Capable": false,"Join Type": "Inner","Startup Cost": 0.43,"Total Cost": 172364.01,"Plan Rows": 7307,"Plan Width": 27,"Actual Startup Time": 0.253,"Actual Total Time": 404.585,"Actual Rows": 6234,"Actual Loops": 5,"Inner Unique": true,"Workers": [],"Plans": [{"Node Type": "Seq Scan","Parent Relationship": "Outer","Parallel Aware": true,"Async Capable": false,"Relation Name": "lineitem","Alias": "lineitem","Startup Cost": 0.00,"Total Cost": 146259.83,"Plan Rows": 7307,"Plan Width": 15,"Actual Startup Time": 0.173,"Actual Total Time": 367.511,"Actual Rows": 6234,"Actual Loops": 5,"Filter": "((l_shipmode = ANY ('{SHIP,MAIL}'::bpchar[])) AND (l_commitdate < l_receiptdate) AND (l_shipdate < l_commitdate) AND (l_receiptdate >= '1993-01-01'::date) AND (l_receiptdate < '1994-01-01 00:00:00'::timestamp without time zone))","Rows Removed by Filter": 1194009,"Workers": []},{"Node Type": "Index Scan","Parent Relationship": "Inner","Parallel Aware": false,"Async Capable": false,"Scan Direction": "Forward","Index Name": "orders_pkey","Relation Name": "orders","Alias": "orders","Startup Cost": 0.43,"Total Cost": 3.57,"Plan Rows": 1,"Plan Width": 20,"Actual Startup Time": 0.006,"Actual Total Time": 0.006,"Actual Rows": 1,"Actual Loops": 31169,"Index Cond": "(o_orderkey = lineitem.l_orderkey)","Rows Removed by Index Recheck": 0,"Workers": []}]}]}]}]}]},"Planning Time": 3.604,"Triggers": [],"Execution Time": 452.019}]
[{"Plan": {"Node Type": "Aggregate","Strategy": "Sorted","Partial Mode": "Finalize","Parallel Aware": false,"Async Capable": false,"Startup Cost": 173514.11,"Total Cost": 173661.00,"Plan Rows": 7,"Plan Width": 27,"Actual Startup Time": 395.765,"Actual Total Time": 429.313,"Actual Rows": 2,"Actual Loops": 1,"Group Key": ["lineitem.l_shipmode"],"Plans": [{"Node Type": "Gather Merge","Parent Relationship": "Outer","Parallel Aware": false,"Async Capable": false,"Startup Cost": 173514.11,"Total Cost": 173660.72,"Plan Rows": 28,"Plan Width": 27,"Actual Startup Time": 394.855,"Actual Total Time": 429.283,"Actual Rows": 10,"Actual Loops": 1,"Workers Planned": 4,"Workers Launched": 4,"Plans": [{"Node Type": "Aggregate","Strategy": "Sorted","Partial Mode": "Partial","Parent Relationship": "Outer","Parallel Aware": false,"Async Capable": false,"Startup Cost": 172514.05,"Total Cost": 172657.32,"Plan Rows": 7,"Plan Width": 27,"Actual Startup Time": 386.691,"Actual Total Time": 387.423,"Actual Rows": 2,"Actual Loops": 5,"Group Key": ["lineitem.l_shipmode"],"Workers": [],"Plans": [{"Node Type": "Sort","Parent Relationship": "Outer","Parallel Aware": false,"Async Capable": false,"Startup Cost": 172514.05,"Total Cost": 172531.95,"Plan Rows": 7160,"Plan Width": 27,"Actual Startup Time": 385.936,"Actual Total Time": 386.184,"Actual Rows": 6225,"Actual Loops": 5,"Sort Key": ["lineitem.l_shipmode"],"Sort Method": "quicksort","Sort Space Used": 644,"Sort Space Type": "Memory","Workers": [{"Worker Number": 0,"Sort Method": "quicksort","Sort Space Used": 623,"Sort Space Type": "Memory"},{"Worker Number": 1,"Sort Method": "quicksort","Sort Space Used": 627,"Sort Space Type": "Memory"},{"Worker Number": 2,"Sort Method": "quicksort","Sort Space Used": 626,"Sort Space Type": "Memory"},{"Worker Number": 3,"Sort Method": "quicksort","Sort Space Used": 631,"Sort Space Type": "Memory"}],"Plans": [{"Node Type": "Nested Loop","Parent Relationship": "Outer","Parallel Aware": false,"Async Capable": false,"Join Type": "Inner","Startup Cost": 0.43,"Total Cost": 172055.61,"Plan Rows": 7160,"Plan Width": 27,"Actual Startup Time": 0.328,"Actual Total Time": 383.043,"Actual Rows": 6225,"Actual Loops": 5,"Inner Unique": true,"Workers": [],"Plans": [{"Node Type": "Seq Scan","Parent Relationship": "Outer","Parallel Aware": true,"Async Capable": false,"Relation Name": "lineitem","Alias": "lineitem","Startup Cost": 0.00,"Total Cost": 146259.83,"Plan Rows": 7160,"Plan Width": 15,"Actual Startup Time": 0.208,"Actual Total Time": 348.867,"Actual Rows": 6225,"Actual Loops": 5,"Filter": "((l_shipmode = ANY ('{AIR,\"REG AIR\"}'::bpchar[])) AND (l_commitdate < l_receiptdate) AND (l_shipdate < l_commitdate) AND (l_receiptdate >= '1997-01-01'::date) AND (l_receiptdate < '1998-01-01 00:00:00'::timestamp without time zone))","Rows Removed by Filter": 1194018,"Workers": []},{"Node Type": "Index Scan","Parent Relationship": "Inner","Parallel Aware": false,"Async Capable": false,"Scan Direction": "Forward","Index Name": "orders_pkey","Relation Name": "orders","Alias": "orders","Startup Cost": 0.43,"Total Cost": 3.60,"Plan Rows": 1,"Plan Width": 20,"Actual Startup Time": 0.005,"Actual Total Time": 0.005,"Actual Rows": 1,"Actual Loops": 31125,"Index Cond": "(o_orderkey = lineitem.l_orderkey)","Rows Removed by Index Recheck": 0,"Workers": []}]}]}]}]}]},"Planning Time": 4.644,"Triggers": [],"Execution Time": 429.797}]
[{"Plan": {"Node Type": "Aggregate","Strategy": "Sorted","Partial Mode": "Finalize","Parallel Aware": false,"Async Capable": false,"Startup Cost": 173514.11,"Total Cost": 173661.00,"Plan Rows": 7,"Plan Width": 27,"Actual Startup Time": 395.765,"Actual Total Time": 429.313,"Actual Rows": 2,"Actual Loops": 1,"Group Key": ["lineitem.l_shipmode"],"Plans": [{"Node Type": "Gather Merge","Parent Relationship": "Outer","Parallel Aware": false,"Async Capable": false,"Startup Cost": 173514.11,"Total Cost": 173660.72,"Plan Rows": 28,"Plan Width": 27,"Actual Startup Time": 394.855,"Actual Total Time": 429.283,"Actual Rows": 10,"Actual Loops": 1,"Workers Planned": 4,"Workers Launched": 4,"Plans": [{"Node Type": "Aggregate","Strategy": "Sorted","Partial Mode": "Partial","Parent Relationship": "Outer","Parallel Aware": false,"Async Capable": false,"Startup Cost": 172514.05,"Total Cost": 172657.32,"Plan Rows": 7,"Plan Width": 27,"Actual Startup Time": 386.691,"Actual Total Time": 387.423,"Actual Rows": 2,"Actual Loops": 5,"Group Key": ["lineitem.l_shipmode"],"Workers": [],"Plans": [{"Node Type": "Sort","Parent Relationship": "Outer","Parallel Aware": false,"Async Capable": false,"Startup Cost": 172514.05,"Total Cost": 172531.95,"Plan Rows": 7160,"Plan Width": 27,"Actual Startup Time": 385.936,"Actual Total Time": 386.184,"Actual Rows": 6225,"Actual Loops": 5,"Sort Key": ["lineitem.l_shipmode"],"Sort Method": "quicksort","Sort Space Used": 644,"Sort Space Type": "Memory","Workers": [{"Worker Number": 0,"Sort Method": "quicksort","Sort Space Used": 623,"Sort Space Type": "Memory"},{"Worker Number": 1,"Sort Method": "quicksort","Sort Space Used": 627,"Sort Space Type": "Memory"},{"Worker Number": 2,"Sort Method": "quicksort","Sort Space Used": 626,"Sort Space Type": "Memory"},{"Worker Number": 3,"Sort Method": "quicksort","Sort Space Used": 631,"Sort Space Type": "Memory"}],"Plans": [{"Node Type": "Nested Loop","Parent Relationship": "Outer","Parallel Aware": false,"Async Capable": false,"Join Type": "Inner","Startup Cost": 0.43,"Total Cost": 172055.61,"Plan Rows": 7160,"Plan Width": 27,"Actual Startup Time": 0.328,"Actual Total Time": 383.043,"Actual Rows": 6225,"Actual Loops": 5,"Inner Unique": true,"Workers": [],"Plans": [{"Node Type": "Seq Scan","Parent Relationship": "Outer","Parallel Aware": true,"Async Capable": false,"Relation Name": "lineitem","Alias": "lineitem","Startup Cost": 0.00,"Total Cost": 146259.83,"Plan Rows": 7160,"Plan Width": 15,"Actual Startup Time": 0.208,"Actual Total Time": 348.867,"Actual Rows": 6225,"Actual Loops": 5,"Filter": "((l_shipmode = ANY ('{AIR,\"REG AIR\"}'::bpchar[])) AND (l_commitdate < l_receiptdate) AND (l_shipdate < l_commitdate) AND (l_receiptdate >= '1997-01-01'::date) AND (l_receiptdate < '1998-01-01 00:00:00'::timestamp without time zone))","Rows Removed by Filter": 1194018,"Workers": []},{"Node Type": "Index Scan","Parent Relationship": "Inner","Parallel Aware": false,"Async Capable": false,"Scan Direction": "Forward","Index Name": "orders_pkey","Relation Name": "orders","Alias": "orders","Startup Cost": 0.43,"Total Cost": 3.60,"Plan Rows": 1,"Plan Width": 20,"Actual Startup Time": 0.005,"Actual Total Time": 0.005,"Actual Rows": 1,"Actual Loops": 31125,"Index Cond": "(o_orderkey = lineitem.l_orderkey)","Rows Removed by Index Recheck": 0,"Workers": []}]}]}]}]}]},"Planning Time": 4.644,"Triggers": [],"Execution Time": 429.797}]
[{"Plan": {"Node Type": "Aggregate","Strategy": "Sorted","Partial Mode": "Finalize","Parallel Aware": false,"Async Capable": false,"Startup Cost": 173472.53,"Total Cost": 173619.04,"Plan Rows": 7,"Plan Width": 27,"Actual Startup Time": 394.630,"Actual Total Time": 428.810,"Actual Rows": 2,"Actual Loops": 1,"Group Key": ["lineitem.l_shipmode"],"Plans": [{"Node Type": "Gather Merge","Parent Relationship": "Outer","Parallel Aware": false,"Async Capable": false,"Startup Cost": 173472.53,"Total Cost": 173618.76,"Plan Rows": 28,"Plan Width": 27,"Actual Startup Time": 393.770,"Actual Total Time": 428.750,"Actual Rows": 10,"Actual Loops": 1,"Workers Planned": 4,"Workers Launched": 4,"Plans": [{"Node Type": "Aggregate","Strategy": "Sorted","Partial Mode": "Partial","Parent Relationship": "Outer","Parallel Aware": false,"Async Capable": false,"Startup Cost": 172472.48,"Total Cost": 172615.37,"Plan Rows": 7,"Plan Width": 27,"Actual Startup Time": 385.331,"Actual Total Time": 386.053,"Actual Rows": 2,"Actual Loops": 5,"Group Key": ["lineitem.l_shipmode"],"Workers": [],"Plans": [{"Node Type": "Sort","Parent Relationship": "Outer","Parallel Aware": false,"Async Capable": false,"Startup Cost": 172472.48,"Total Cost": 172490.33,"Plan Rows": 7141,"Plan Width": 27,"Actual Startup Time": 384.586,"Actual Total Time": 384.830,"Actual Rows": 6203,"Actual Loops": 5,"Sort Key": ["lineitem.l_shipmode"],"Sort Method": "quicksort","Sort Space Used": 637,"Sort Space Type": "Memory","Workers": [{"Worker Number": 0,"Sort Method": "quicksort","Sort Space Used": 629,"Sort Space Type": "Memory"},{"Worker Number": 1,"Sort Method": "quicksort","Sort Space Used": 623,"Sort Space Type": "Memory"},{"Worker Number": 2,"Sort Method": "quicksort","Sort Space Used": 625,"Sort Space Type": "Memory"},{"Worker Number": 3,"Sort Method": "quicksort","Sort Space Used": 629,"Sort Space Type": "Memory"}],"Plans": [{"Node Type": "Nested Loop","Parent Relationship": "Outer","Parallel Aware": false,"Async Capable": false,"Join Type": "Inner","Startup Cost": 0.43,"Total Cost": 172015.38,"Plan Rows": 7141,"Plan Width": 27,"Actual Startup Time": 0.276,"Actual Total Time": 381.754,"Actual Rows": 6203,"Actual Loops": 5,"Inner Unique": true,"Workers": [],"Plans": [{"Node Type": "Seq Scan","Parent Relationship": "Outer","Parallel Aware": true,"Async Capable": false,"Relation Name": "lineitem","Alias": "lineitem","Startup Cost": 0.00,"Total Cost": 146259.83,"Plan Rows": 7141,"Plan Width": 15,"Actual Startup Time": 0.121,"Actual Total Time": 346.714,"Actual Rows": 6203,"Actual Loops": 5,"Filter": "((l_shipmode = ANY ('{MAIL,\"REG AIR\"}'::bpchar[])) AND (l_commitdate < l_receiptdate) AND (l_shipdate < l_commitdate) AND (l_receiptdate >= '1994-01-01'::date) AND (l_receiptdate < '1995-01-01 00:00:00'::timestamp without time zone))","Rows Removed by Filter": 1194040,"Workers": []},{"Node Type": "Index Scan","Parent Relationship": "Inner","Parallel Aware": false,"Async Capable": false,"Scan Direction": "Forward","Index Name": "orders_pkey","Relation Name": "orders","Alias": "orders","Startup Cost": 0.43,"Total Cost": 3.61,"Plan Rows": 1,"Plan Width": 20,"Actual Startup Time": 0.005,"Actual Total Time": 0.005,"Actual Rows": 1,"Actual Loops": 31017,"Index Cond": "(o_orderkey = lineitem.l_orderkey)","Rows Removed by Index Recheck": 0,"Workers": []}]}]}]}]}]},"Planning Time": 4.306,"Triggers": [],"Execution Time": 429.419}]
[{"Plan": {"Node Type": "Aggregate","Strategy": "Sorted","Partial Mode": "Finalize","Parallel Aware": false,"Async Capable": false,"Startup Cost": 173452.42,"Total Cost": 173598.75,"Plan Rows": 7,"Plan Width": 27,"Actual Startup Time": 395.326,"Actual Total Time": 428.193,"Actual Rows": 2,"Actual Loops": 1,"Group Key": ["lineitem.l_shipmode"],"Plans": [{"Node Type": "Gather Merge","Parent Relationship": "Outer","Parallel Aware": false,"Async Capable": false,"Startup Cost": 173452.42,"Total Cost": 173598.47,"Plan Rows": 28,"Plan Width": 27,"Actual Startup Time": 394.478,"Actual Total Time": 428.152,"Actual Rows": 10,"Actual Loops": 1,"Workers Planned": 4,"Workers Launched": 4,"Plans": [{"Node Type": "Aggregate","Strategy": "Sorted","Partial Mode": "Partial","Parent Relationship": "Outer","Parallel Aware": false,"Async Capable": false,"Startup Cost": 172452.36,"Total Cost": 172595.07,"Plan Rows": 7,"Plan Width": 27,"Actual Startup Time": 386.187,"Actual Total Time": 386.908,"Actual Rows": 2,"Actual Loops": 5,"Group Key": ["lineitem.l_shipmode"],"Workers": [],"Plans": [{"Node Type": "Sort","Parent Relationship": "Outer","Parallel Aware": false,"Async Capable": false,"Startup Cost": 172452.36,"Total Cost": 172470.19,"Plan Rows": 7132,"Plan Width": 27,"Actual Startup Time": 385.435,"Actual Total Time": 385.671,"Actual Rows": 6177,"Actual Loops": 5,"Sort Key": ["lineitem.l_shipmode"],"Sort Method": "quicksort","Sort Space Used": 635,"Sort Space Type": "Memory","Workers": [{"Worker Number": 0,"Sort Method": "quicksort","Sort Space Used": 626,"Sort Space Type": "Memory"},{"Worker Number": 1,"Sort Method": "quicksort","Sort Space Used": 616,"Sort Space Type": "Memory"},{"Worker Number": 2,"Sort Method": "quicksort","Sort Space Used": 625,"Sort Space Type": "Memory"},{"Worker Number": 3,"Sort Method": "quicksort","Sort Space Used": 632,"Sort Space Type": "Memory"}],"Plans": [{"Node Type": "Nested Loop","Parent Relationship": "Outer","Parallel Aware": false,"Async Capable": false,"Join Type": "Inner","Startup Cost": 0.43,"Total Cost": 171995.91,"Plan Rows": 7132,"Plan Width": 27,"Actual Startup Time": 0.204,"Actual Total Time": 382.501,"Actual Rows": 6177,"Actual Loops": 5,"Inner Unique": true,"Workers": [],"Plans": [{"Node Type": "Seq Scan","Parent Relationship": "Outer","Parallel Aware": true,"Async Capable": false,"Relation Name": "lineitem","Alias": "lineitem","Startup Cost": 0.00,"Total Cost": 146259.83,"Plan Rows": 7132,"Plan Width": 15,"Actual Startup Time": 0.081,"Actual Total Time": 348.171,"Actual Rows": 6177,"Actual Loops": 5,"Filter": "((l_shipmode = ANY ('{TRUCK,SHIP}'::bpchar[])) AND (l_commitdate < l_receiptdate) AND (l_shipdate < l_commitdate) AND (l_receiptdate >= '1994-01-01'::date) AND (l_receiptdate < '1995-01-01 00:00:00'::timestamp without time zone))","Rows Removed by Filter": 1194066,"Workers": []},{"Node Type": "Index Scan","Parent Relationship": "Inner","Parallel Aware": false,"Async Capable": false,"Scan Direction": "Forward","Index Name": "orders_pkey","Relation Name": "orders","Alias": "orders","Startup Cost": 0.43,"Total Cost": 3.61,"Plan Rows": 1,"Plan Width": 20,"Actual Startup Time": 0.005,"Actual Total Time": 0.005,"Actual Rows": 1,"Actual Loops": 30883,"Index Cond": "(o_orderkey = lineitem.l_orderkey)","Rows Removed by Index Recheck": 0,"Workers": []}]}]}]}]}]},"Planning Time": 4.846,"Triggers": [],"Execution Time": 428.596}]
[{"Plan": {"Node Type": "Aggregate","Strategy": "Sorted","Partial Mode": "Finalize","Parallel Aware": false,"Async Capable": false,"Startup Cost": 173464.41,"Total Cost": 173610.85,"Plan Rows": 7,"Plan Width": 27,"Actual Startup Time": 405.450,"Actual Total Time": 439.060,"Actual Rows": 2,"Actual Loops": 1,"Group Key": ["lineitem.l_shipmode"],"Plans": [{"Node Type": "Gather Merge","Parent Relationship": "Outer","Parallel Aware": false,"Async Capable": false,"Startup Cost": 173464.41,"Total Cost": 173610.57,"Plan Rows": 28,"Plan Width": 27,"Actual Startup Time": 404.660,"Actual Total Time": 439.020,"Actual Rows": 10,"Actual Loops": 1,"Workers Planned": 4,"Workers Launched": 4,"Plans": [{"Node Type": "Aggregate","Strategy": "Sorted","Partial Mode": "Partial","Parent Relationship": "Outer","Parallel Aware": false,"Async Capable": false,"Startup Cost": 172464.35,"Total Cost": 172607.18,"Plan Rows": 7,"Plan Width": 27,"Actual Startup Time": 395.608,"Actual Total Time": 396.329,"Actual Rows": 2,"Actual Loops": 5,"Group Key": ["lineitem.l_shipmode"],"Workers": [],"Plans": [{"Node Type": "Sort","Parent Relationship": "Outer","Parallel Aware": false,"Async Capable": false,"Startup Cost": 172464.35,"Total Cost": 172482.19,"Plan Rows": 7138,"Plan Width": 27,"Actual Startup Time": 394.847,"Actual Total Time": 395.092,"Actual Rows": 6167,"Actual Loops": 5,"Sort Key": ["lineitem.l_shipmode"],"Sort Method": "quicksort","Sort Space Used": 628,"Sort Space Type": "Memory","Workers": [{"Worker Number": 0,"Sort Method": "quicksort","Sort Space Used": 605,"Sort Space Type": "Memory"},{"Worker Number": 1,"Sort Method": "quicksort","Sort Space Used": 636,"Sort Space Type": "Memory"},{"Worker Number": 2,"Sort Method": "quicksort","Sort Space Used": 630,"Sort Space Type": "Memory"},{"Worker Number": 3,"Sort Method": "quicksort","Sort Space Used": 631,"Sort Space Type": "Memory"}],"Plans": [{"Node Type": "Nested Loop","Parent Relationship": "Outer","Parallel Aware": false,"Async Capable": false,"Join Type": "Inner","Startup Cost": 0.43,"Total Cost": 172007.47,"Plan Rows": 7138,"Plan Width": 27,"Actual Startup Time": 0.217,"Actual Total Time": 391.901,"Actual Rows": 6167,"Actual Loops": 5,"Inner Unique": true,"Workers": [],"Plans": [{"Node Type": "Seq Scan","Parent Relationship": "Outer","Parallel Aware": true,"Async Capable": false,"Relation Name": "lineitem","Alias": "lineitem","Startup Cost": 0.00,"Total Cost": 146259.83,"Plan Rows": 7138,"Plan Width": 15,"Actual Startup Time": 0.083,"Actual Total Time": 355.645,"Actual Rows": 6167,"Actual Loops": 5,"Filter": "((l_shipmode = ANY ('{AIR,TRUCK}'::bpchar[])) AND (l_commitdate < l_receiptdate) AND (l_shipdate < l_commitdate) AND (l_receiptdate >= '1994-01-01'::date) AND (l_receiptdate < '1995-01-01 00:00:00'::timestamp without time zone))","Rows Removed by Filter": 1194076,"Workers": []},{"Node Type": "Index Scan","Parent Relationship": "Inner","Parallel Aware": false,"Async Capable": false,"Scan Direction": "Forward","Index Name": "orders_pkey","Relation Name": "orders","Alias": "orders","Startup Cost": 0.43,"Total Cost": 3.61,"Plan Rows": 1,"Plan Width": 20,"Actual Startup Time": 0.005,"Actual Total Time": 0.005,"Actual Rows": 1,"Actual Loops": 30837,"Index Cond": "(o_orderkey = lineitem.l_orderkey)","Rows Removed by Index Recheck": 0,"Workers": []}]}]}]}]}]},"Planning Time": 5.098,"Triggers": [],"Execution Time": 439.737}]
[{"Plan": {"Node Type": "Aggregate","Strategy": "Sorted","Partial Mode": "Finalize","Parallel Aware": false,"Async Capable": false,"Startup Cost": 173472.53,"Total Cost": 173619.04,"Plan Rows": 7,"Plan Width": 27,"Actual Startup Time": 397.720,"Actual Total Time": 431.222,"Actual Rows": 2,"Actual Loops": 1,"Group Key": ["lineitem.l_shipmode"],"Plans": [{"Node Type": "Gather Merge","Parent Relationship": "Outer","Parallel Aware": false,"Async Capable": false,"Startup Cost": 173472.53,"Total Cost": 173618.76,"Plan Rows": 28,"Plan Width": 27,"Actual Startup Time": 396.933,"Actual Total Time": 431.199,"Actual Rows": 10,"Actual Loops": 1,"Workers Planned": 4,"Workers Launched": 4,"Plans": [{"Node Type": "Aggregate","Strategy": "Sorted","Partial Mode": "Partial","Parent Relationship": "Outer","Parallel Aware": false,"Async Capable": false,"Startup Cost": 172472.48,"Total Cost": 172615.37,"Plan Rows": 7,"Plan Width": 27,"Actual Startup Time": 388.686,"Actual Total Time": 389.394,"Actual Rows": 2,"Actual Loops": 5,"Group Key": ["lineitem.l_shipmode"],"Workers": [],"Plans": [{"Node Type": "Sort","Parent Relationship": "Outer","Parallel Aware": false,"Async Capable": false,"Startup Cost": 172472.48,"Total Cost": 172490.33,"Plan Rows": 7141,"Plan Width": 27,"Actual Startup Time": 387.944,"Actual Total Time": 388.173,"Actual Rows": 6203,"Actual Loops": 5,"Sort Key": ["lineitem.l_shipmode"],"Sort Method": "quicksort","Sort Space Used": 646,"Sort Space Type": "Memory","Workers": [{"Worker Number": 0,"Sort Method": "quicksort","Sort Space Used": 628,"Sort Space Type": "Memory"},{"Worker Number": 1,"Sort Method": "quicksort","Sort Space Used": 629,"Sort Space Type": "Memory"},{"Worker Number": 2,"Sort Method": "quicksort","Sort Space Used": 610,"Sort Space Type": "Memory"},{"Worker Number": 3,"Sort Method": "quicksort","Sort Space Used": 630,"Sort Space Type": "Memory"}],"Plans": [{"Node Type": "Nested Loop","Parent Relationship": "Outer","Parallel Aware": false,"Async Capable": false,"Join Type": "Inner","Startup Cost": 0.43,"Total Cost": 172015.38,"Plan Rows": 7141,"Plan Width": 27,"Actual Startup Time": 0.223,"Actual Total Time": 385.086,"Actual Rows": 6203,"Actual Loops": 5,"Inner Unique": true,"Workers": [],"Plans": [{"Node Type": "Seq Scan","Parent Relationship": "Outer","Parallel Aware": true,"Async Capable": false,"Relation Name": "lineitem","Alias": "lineitem","Startup Cost": 0.00,"Total Cost": 146259.83,"Plan Rows": 7141,"Plan Width": 15,"Actual Startup Time": 0.112,"Actual Total Time": 350.208,"Actual Rows": 6203,"Actual Loops": 5,"Filter": "((l_shipmode = ANY ('{\"REG AIR\",MAIL}'::bpchar[])) AND (l_commitdate < l_receiptdate) AND (l_shipdate < l_commitdate) AND (l_receiptdate >= '1994-01-01'::date) AND (l_receiptdate < '1995-01-01 00:00:00'::timestamp without time zone))","Rows Removed by Filter": 1194040,"Workers": []},{"Node Type": "Index Scan","Parent Relationship": "Inner","Parallel Aware": false,"Async Capable": false,"Scan Direction": "Forward","Index Name": "orders_pkey","Relation Name": "orders","Alias": "orders","Startup Cost": 0.43,"Total Cost": 3.61,"Plan Rows": 1,"Plan Width": 20,"Actual Startup Time": 0.005,"Actual Total Time": 0.005,"Actual Rows": 1,"Actual Loops": 31017,"Index Cond": "(o_orderkey = lineitem.l_orderkey)","Rows Removed by Index Recheck": 0,"Workers": []}]}]}]}]}]},"Planning Time": 5.266,"Triggers": [],"Execution Time": 431.676}]
[{"Plan": {"Node Type": "Aggregate","Strategy": "Sorted","Partial Mode": "Finalize","Parallel Aware": false,"Async Capable": false,"Startup Cost": 174124.77,"Total Cost": 174277.29,"Plan Rows": 7,"Plan Width": 27,"Actual Startup Time": 403.292,"Actual Total Time": 437.213,"Actual Rows": 2,"Actual Loops": 1,"Group Key": ["lineitem.l_shipmode"],"Plans": [{"Node Type": "Gather Merge","Parent Relationship": "Outer","Parallel Aware": false,"Async Capable": false,"Startup Cost": 174124.77,"Total Cost": 174277.01,"Plan Rows": 28,"Plan Width": 27,"Actual Startup Time": 402.502,"Actual Total Time": 437.177,"Actual Rows": 10,"Actual Loops": 1,"Workers Planned": 4,"Workers Launched": 4,"Plans": [{"Node Type": "Aggregate","Strategy": "Sorted","Partial Mode": "Partial","Parent Relationship": "Outer","Parallel Aware": false,"Async Capable": false,"Startup Cost": 173124.71,"Total Cost": 173273.62,"Plan Rows": 7,"Plan Width": 27,"Actual Startup Time": 394.330,"Actual Total Time": 395.064,"Actual Rows": 2,"Actual Loops": 5,"Group Key": ["lineitem.l_shipmode"],"Workers": [],"Plans": [{"Node Type": "Sort","Parent Relationship": "Outer","Parallel Aware": false,"Async Capable": false,"Startup Cost": 173124.71,"Total Cost": 173143.31,"Plan Rows": 7442,"Plan Width": 27,"Actual Startup Time": 393.577,"Actual Total Time": 393.825,"Actual Rows": 6190,"Actual Loops": 5,"Sort Key": ["lineitem.l_shipmode"],"Sort Method": "quicksort","Sort Space Used": 625,"Sort Space Type": "Memory","Workers": [{"Worker Number": 0,"Sort Method": "quicksort","Sort Space Used": 635,"Sort Space Type": "Memory"},{"Worker Number": 1,"Sort Method": "quicksort","Sort Space Used": 634,"Sort Space Type": "Memory"},{"Worker Number": 2,"Sort Method": "quicksort","Sort Space Used": 621,"Sort Space Type": "Memory"},{"Worker Number": 3,"Sort Method": "quicksort","Sort Space Used": 624,"Sort Space Type": "Memory"}],"Plans": [{"Node Type": "Nested Loop","Parent Relationship": "Outer","Parallel Aware": false,"Async Capable": false,"Join Type": "Inner","Startup Cost": 0.43,"Total Cost": 172646.13,"Plan Rows": 7442,"Plan Width": 27,"Actual Startup Time": 0.376,"Actual Total Time": 390.721,"Actual Rows": 6190,"Actual Loops": 5,"Inner Unique": true,"Workers": [],"Plans": [{"Node Type": "Seq Scan","Parent Relationship": "Outer","Parallel Aware": true,"Async Capable": false,"Relation Name": "lineitem","Alias": "lineitem","Startup Cost": 0.00,"Total Cost": 146259.83,"Plan Rows": 7443,"Plan Width": 15,"Actual Startup Time": 0.267,"Actual Total Time": 355.399,"Actual Rows": 6190,"Actual Loops": 5,"Filter": "((l_shipmode = ANY ('{RAIL,MAIL}'::bpchar[])) AND (l_commitdate < l_receiptdate) AND (l_shipdate < l_commitdate) AND (l_receiptdate >= '1995-01-01'::date) AND (l_receiptdate < '1996-01-01 00:00:00'::timestamp without time zone))","Rows Removed by Filter": 1194053,"Workers": []},{"Node Type": "Index Scan","Parent Relationship": "Inner","Parallel Aware": false,"Async Capable": false,"Scan Direction": "Forward","Index Name": "orders_pkey","Relation Name": "orders","Alias": "orders","Startup Cost": 0.43,"Total Cost": 3.55,"Plan Rows": 1,"Plan Width": 20,"Actual Startup Time": 0.005,"Actual Total Time": 0.005,"Actual Rows": 1,"Actual Loops": 30952,"Index Cond": "(o_orderkey = lineitem.l_orderkey)","Rows Removed by Index Recheck": 0,"Workers": []}]}]}]}]}]},"Planning Time": 4.351,"Triggers": [],"Execution Time": 437.830}]
[{"Plan": {"Node Type": "Aggregate","Strategy": "Sorted","Partial Mode": "Finalize","Parallel Aware": false,"Async Capable": false,"Startup Cost": 173472.53,"Total Cost": 173619.04,"Plan Rows": 7,"Plan Width": 27,"Actual Startup Time": 394.630,"Actual Total Time": 428.810,"Actual Rows": 2,"Actual Loops": 1,"Group Key": ["lineitem.l_shipmode"],"Plans": [{"Node Type": "Gather Merge","Parent Relationship": "Outer","Parallel Aware": false,"Async Capable": false,"Startup Cost": 173472.53,"Total Cost": 173618.76,"Plan Rows": 28,"Plan Width": 27,"Actual Startup Time": 393.770,"Actual Total Time": 428.750,"Actual Rows": 10,"Actual Loops": 1,"Workers Planned": 4,"Workers Launched": 4,"Plans": [{"Node Type": "Aggregate","Strategy": "Sorted","Partial Mode": "Partial","Parent Relationship": "Outer","Parallel Aware": false,"Async Capable": false,"Startup Cost": 172472.48,"Total Cost": 172615.37,"Plan Rows": 7,"Plan Width": 27,"Actual Startup Time": 385.331,"Actual Total Time": 386.053,"Actual Rows": 2,"Actual Loops": 5,"Group Key": ["lineitem.l_shipmode"],"Workers": [],"Plans": [{"Node Type": "Sort","Parent Relationship": "Outer","Parallel Aware": false,"Async Capable": false,"Startup Cost": 172472.48,"Total Cost": 172490.33,"Plan Rows": 7141,"Plan Width": 27,"Actual Startup Time": 384.586,"Actual Total Time": 384.830,"Actual Rows": 6203,"Actual Loops": 5,"Sort Key": ["lineitem.l_shipmode"],"Sort Method": "quicksort","Sort Space Used": 637,"Sort Space Type": "Memory","Workers": [{"Worker Number": 0,"Sort Method": "quicksort","Sort Space Used": 629,"Sort Space Type": "Memory"},{"Worker Number": 1,"Sort Method": "quicksort","Sort Space Used": 623,"Sort Space Type": "Memory"},{"Worker Number": 2,"Sort Method": "quicksort","Sort Space Used": 625,"Sort Space Type": "Memory"},{"Worker Number": 3,"Sort Method": "quicksort","Sort Space Used": 629,"Sort Space Type": "Memory"}],"Plans": [{"Node Type": "Nested Loop","Parent Relationship": "Outer","Parallel Aware": false,"Async Capable": false,"Join Type": "Inner","Startup Cost": 0.43,"Total Cost": 172015.38,"Plan Rows": 7141,"Plan Width": 27,"Actual Startup Time": 0.276,"Actual Total Time": 381.754,"Actual Rows": 6203,"Actual Loops": 5,"Inner Unique": true,"Workers": [],"Plans": [{"Node Type": "Seq Scan","Parent Relationship": "Outer","Parallel Aware": true,"Async Capable": false,"Relation Name": "lineitem","Alias": "lineitem","Startup Cost": 0.00,"Total Cost": 146259.83,"Plan Rows": 7141,"Plan Width": 15,"Actual Startup Time": 0.121,"Actual Total Time": 346.714,"Actual Rows": 6203,"Actual Loops": 5,"Filter": "((l_shipmode = ANY ('{MAIL,\"REG AIR\"}'::bpchar[])) AND (l_commitdate < l_receiptdate) AND (l_shipdate < l_commitdate) AND (l_receiptdate >= '1994-01-01'::date) AND (l_receiptdate < '1995-01-01 00:00:00'::timestamp without time zone))","Rows Removed by Filter": 1194040,"Workers": []},{"Node Type": "Index Scan","Parent Relationship": "Inner","Parallel Aware": false,"Async Capable": false,"Scan Direction": "Forward","Index Name": "orders_pkey","Relation Name": "orders","Alias": "orders","Startup Cost": 0.43,"Total Cost": 3.61,"Plan Rows": 1,"Plan Width": 20,"Actual Startup Time": 0.005,"Actual Total Time": 0.005,"Actual Rows": 1,"Actual Loops": 31017,"Index Cond": "(o_orderkey = lineitem.l_orderkey)","Rows Removed by Index Recheck": 0,"Workers": []}]}]}]}]}]},"Planning Time": 4.306,"Triggers": [],"Execution Time": 429.419}]
[{"Plan": {"Node Type": "Aggregate","Strategy": "Sorted","Partial Mode": "Finalize","Parallel Aware": false,"Async Capable": false,"Startup Cost": 173975.00,"Total Cost": 174126.12,"Plan Rows": 7,"Plan Width": 27,"Actual Startup Time": 394.900,"Actual Total Time": 429.395,"Actual Rows": 2,"Actual Loops": 1,"Group Key": ["lineitem.l_shipmode"],"Plans": [{"Node Type": "Gather Merge","Parent Relationship": "Outer","Parallel Aware": false,"Async Capable": false,"Startup Cost": 173975.00,"Total Cost": 174125.84,"Plan Rows": 28,"Plan Width": 27,"Actual Startup Time": 394.052,"Actual Total Time": 429.368,"Actual Rows": 10,"Actual Loops": 1,"Workers Planned": 4,"Workers Launched": 4,"Plans": [{"Node Type": "Aggregate","Strategy": "Sorted","Partial Mode": "Partial","Parent Relationship": "Outer","Parallel Aware": false,"Async Capable": false,"Startup Cost": 172974.94,"Total Cost": 173122.45,"Plan Rows": 7,"Plan Width": 27,"Actual Startup Time": 386.063,"Actual Total Time": 386.782,"Actual Rows": 2,"Actual Loops": 5,"Group Key": ["lineitem.l_shipmode"],"Workers": [],"Plans": [{"Node Type": "Sort","Parent Relationship": "Outer","Parallel Aware": false,"Async Capable": false,"Startup Cost": 172974.94,"Total Cost": 172993.37,"Plan Rows": 7372,"Plan Width": 27,"Actual Startup Time": 385.306,"Actual Total Time": 385.551,"Actual Rows": 6180,"Actual Loops": 5,"Sort Key": ["lineitem.l_shipmode"],"Sort Method": "quicksort","Sort Space Used": 646,"Sort Space Type": "Memory","Workers": [{"Worker Number": 0,"Sort Method": "quicksort","Sort Space Used": 632,"Sort Space Type": "Memory"},{"Worker Number": 1,"Sort Method": "quicksort","Sort Space Used": 629,"Sort Space Type": "Memory"},{"Worker Number": 2,"Sort Method": "quicksort","Sort Space Used": 619,"Sort Space Type": "Memory"},{"Worker Number": 3,"Sort Method": "quicksort","Sort Space Used": 610,"Sort Space Type": "Memory"}],"Plans": [{"Node Type": "Nested Loop","Parent Relationship": "Outer","Parallel Aware": false,"Async Capable": false,"Join Type": "Inner","Startup Cost": 0.43,"Total Cost": 172501.37,"Plan Rows": 7372,"Plan Width": 27,"Actual Startup Time": 0.292,"Actual Total Time": 382.543,"Actual Rows": 6180,"Actual Loops": 5,"Inner Unique": true,"Workers": [],"Plans": [{"Node Type": "Seq Scan","Parent Relationship": "Outer","Parallel Aware": true,"Async Capable": false,"Relation Name": "lineitem","Alias": "lineitem","Startup Cost": 0.00,"Total Cost": 146259.83,"Plan Rows": 7373,"Plan Width": 15,"Actual Startup Time": 0.176,"Actual Total Time": 347.857,"Actual Rows": 6180,"Actual Loops": 5,"Filter": "((l_shipmode = ANY ('{TRUCK,FOB}'::bpchar[])) AND (l_commitdate < l_receiptdate) AND (l_shipdate < l_commitdate) AND (l_receiptdate >= '1993-01-01'::date) AND (l_receiptdate < '1994-01-01 00:00:00'::timestamp without time zone))","Rows Removed by Filter": 1194063,"Workers": []},{"Node Type": "Index Scan","Parent Relationship": "Inner","Parallel Aware": false,"Async Capable": false,"Scan Direction": "Forward","Index Name": "orders_pkey","Relation Name": "orders","Alias": "orders","Startup Cost": 0.43,"Total Cost": 3.56,"Plan Rows": 1,"Plan Width": 20,"Actual Startup Time": 0.005,"Actual Total Time": 0.005,"Actual Rows": 1,"Actual Loops": 30899,"Index Cond": "(o_orderkey = lineitem.l_orderkey)","Rows Removed by Index Recheck": 0,"Workers": []}]}]}]}]}]},"Planning Time": 4.086,"Triggers": [],"Execution Time": 430.067}]
[{"Plan": {"Node Type": "Aggregate","Strategy": "Sorted","Partial Mode": "Finalize","Parallel Aware": false,"Async Capable": false,"Startup Cost": 173991.55,"Total Cost": 174142.86,"Plan Rows": 7,"Plan Width": 27,"Actual Startup Time": 402.443,"Actual Total Time": 435.627,"Actual Rows": 2,"Actual Loops": 1,"Group Key": ["lineitem.l_shipmode"],"Plans": [{"Node Type": "Gather Merge","Parent Relationship": "Outer","Parallel Aware": false,"Async Capable": false,"Startup Cost": 173991.55,"Total Cost": 174142.58,"Plan Rows": 28,"Plan Width": 27,"Actual Startup Time": 401.567,"Actual Total Time": 435.578,"Actual Rows": 10,"Actual Loops": 1,"Workers Planned": 4,"Workers Launched": 4,"Plans": [{"Node Type": "Aggregate","Strategy": "Sorted","Partial Mode": "Partial","Parent Relationship": "Outer","Parallel Aware": false,"Async Capable": false,"Startup Cost": 172991.49,"Total Cost": 173139.18,"Plan Rows": 7,"Plan Width": 27,"Actual Startup Time": 393.191,"Actual Total Time": 393.942,"Actual Rows": 2,"Actual Loops": 5,"Group Key": ["lineitem.l_shipmode"],"Workers": [],"Plans": [{"Node Type": "Sort","Parent Relationship": "Outer","Parallel Aware": false,"Async Capable": false,"Startup Cost": 172991.49,"Total Cost": 173009.95,"Plan Rows": 7381,"Plan Width": 27,"Actual Startup Time": 392.421,"Actual Total Time": 392.686,"Actual Rows": 6222,"Actual Loops": 5,"Sort Key": ["lineitem.l_shipmode"],"Sort Method": "quicksort","Sort Space Used": 648,"Sort Space Type": "Memory","Workers": [{"Worker Number": 0,"Sort Method": "quicksort","Sort Space Used": 628,"Sort Space Type": "Memory"},{"Worker Number": 1,"Sort Method": "quicksort","Sort Space Used": 631,"Sort Space Type": "Memory"},{"Worker Number": 2,"Sort Method": "quicksort","Sort Space Used": 629,"Sort Space Type": "Memory"},{"Worker Number": 3,"Sort Method": "quicksort","Sort Space Used": 614,"Sort Space Type": "Memory"}],"Plans": [{"Node Type": "Nested Loop","Parent Relationship": "Outer","Parallel Aware": false,"Async Capable": false,"Join Type": "Inner","Startup Cost": 0.43,"Total Cost": 172517.28,"Plan Rows": 7381,"Plan Width": 27,"Actual Startup Time": 0.411,"Actual Total Time": 389.582,"Actual Rows": 6222,"Actual Loops": 5,"Inner Unique": true,"Workers": [],"Plans": [{"Node Type": "Seq Scan","Parent Relationship": "Outer","Parallel Aware": true,"Async Capable": false,"Relation Name": "lineitem","Alias": "lineitem","Startup Cost": 0.00,"Total Cost": 146259.83,"Plan Rows": 7381,"Plan Width": 15,"Actual Startup Time": 0.298,"Actual Total Time": 354.941,"Actual Rows": 6222,"Actual Loops": 5,"Filter": "((l_shipmode = ANY ('{MAIL,FOB}'::bpchar[])) AND (l_commitdate < l_receiptdate) AND (l_shipdate < l_commitdate) AND (l_receiptdate >= '1993-01-01'::date) AND (l_receiptdate < '1994-01-01 00:00:00'::timestamp without time zone))","Rows Removed by Filter": 1194021,"Workers": []},{"Node Type": "Index Scan","Parent Relationship": "Inner","Parallel Aware": false,"Async Capable": false,"Scan Direction": "Forward","Index Name": "orders_pkey","Relation Name": "orders","Alias": "orders","Startup Cost": 0.43,"Total Cost": 3.56,"Plan Rows": 1,"Plan Width": 20,"Actual Startup Time": 0.005,"Actual Total Time": 0.005,"Actual Rows": 1,"Actual Loops": 31110,"Index Cond": "(o_orderkey = lineitem.l_orderkey)","Rows Removed by Index Recheck": 0,"Workers": []}]}]}]}]}]},"Planning Time": 5.624,"Triggers": [],"Execution Time": 436.084}]
[{"Plan": {"Node Type": "Aggregate","Strategy": "Sorted","Partial Mode": "Finalize","Parallel Aware": false,"Async Capable": false,"Startup Cost": 173414.60,"Total Cost": 173560.59,"Plan Rows": 7,"Plan Width": 27,"Actual Startup Time": 396.903,"Actual Total Time": 429.308,"Actual Rows": 2,"Actual Loops": 1,"Group Key": ["lineitem.l_shipmode"],"Plans": [{"Node Type": "Gather Merge","Parent Relationship": "Outer","Parallel Aware": false,"Async Capable": false,"Startup Cost": 173414.60,"Total Cost": 173560.31,"Plan Rows": 28,"Plan Width": 27,"Actual Startup Time": 396.080,"Actual Total Time": 429.271,"Actual Rows": 10,"Actual Loops": 1,"Workers Planned": 4,"Workers Launched": 4,"Plans": [{"Node Type": "Aggregate","Strategy": "Sorted","Partial Mode": "Partial","Parent Relationship": "Outer","Parallel Aware": false,"Async Capable": false,"Startup Cost": 172414.55,"Total Cost": 172556.92,"Plan Rows": 7,"Plan Width": 27,"Actual Startup Time": 387.896,"Actual Total Time": 388.630,"Actual Rows": 2,"Actual Loops": 5,"Group Key": ["lineitem.l_shipmode"],"Workers": [],"Plans": [{"Node Type": "Sort","Parent Relationship": "Outer","Parallel Aware": false,"Async Capable": false,"Startup Cost": 172414.55,"Total Cost": 172432.33,"Plan Rows": 7115,"Plan Width": 27,"Actual Startup Time": 387.134,"Actual Total Time": 387.378,"Actual Rows": 6225,"Actual Loops": 5,"Sort Key": ["lineitem.l_shipmode"],"Sort Method": "quicksort","Sort Space Used": 630,"Sort Space Type": "Memory","Workers": [{"Worker Number": 0,"Sort Method": "quicksort","Sort Space Used": 632,"Sort Space Type": "Memory"},{"Worker Number": 1,"Sort Method": "quicksort","Sort Space Used": 631,"Sort Space Type": "Memory"},{"Worker Number": 2,"Sort Method": "quicksort","Sort Space Used": 634,"Sort Space Type": "Memory"},{"Worker Number": 3,"Sort Method": "quicksort","Sort Space Used": 625,"Sort Space Type": "Memory"}],"Plans": [{"Node Type": "Nested Loop","Parent Relationship": "Outer","Parallel Aware": false,"Async Capable": false,"Join Type": "Inner","Startup Cost": 0.43,"Total Cost": 171959.30,"Plan Rows": 7115,"Plan Width": 27,"Actual Startup Time": 0.164,"Actual Total Time": 384.257,"Actual Rows": 6225,"Actual Loops": 5,"Inner Unique": true,"Workers": [],"Plans": [{"Node Type": "Seq Scan","Parent Relationship": "Outer","Parallel Aware": true,"Async Capable": false,"Relation Name": "lineitem","Alias": "lineitem","Startup Cost": 0.00,"Total Cost": 146259.83,"Plan Rows": 7115,"Plan Width": 15,"Actual Startup Time": 0.070,"Actual Total Time": 349.910,"Actual Rows": 6225,"Actual Loops": 5,"Filter": "((l_shipmode = ANY ('{\"REG AIR\",RAIL}'::bpchar[])) AND (l_commitdate < l_receiptdate) AND (l_shipdate < l_commitdate) AND (l_receiptdate >= '1994-01-01'::date) AND (l_receiptdate < '1995-01-01 00:00:00'::timestamp without time zone))","Rows Removed by Filter": 1194018,"Workers": []},{"Node Type": "Index Scan","Parent Relationship": "Inner","Parallel Aware": false,"Async Capable": false,"Scan Direction": "Forward","Index Name": "orders_pkey","Relation Name": "orders","Alias": "orders","Startup Cost": 0.43,"Total Cost": 3.61,"Plan Rows": 1,"Plan Width": 20,"Actual Startup Time": 0.005,"Actual Total Time": 0.005,"Actual Rows": 1,"Actual Loops": 31124,"Index Cond": "(o_orderkey = lineitem.l_orderkey)","Rows Removed by Index Recheck": 0,"Workers": []}]}]}]}]}]},"Planning Time": 4.336,"Triggers": [],"Execution Time": 429.682}]
[{"Plan": {"Node Type": "Aggregate","Strategy": "Sorted","Partial Mode": "Finalize","Parallel Aware": false,"Async Capable": false,"Startup Cost": 173702.24,"Total Cost": 173850.86,"Plan Rows": 7,"Plan Width": 27,"Actual Startup Time": 404.913,"Actual Total Time": 437.198,"Actual Rows": 2,"Actual Loops": 1,"Group Key": ["lineitem.l_shipmode"],"Plans": [{"Node Type": "Gather Merge","Parent Relationship": "Outer","Parallel Aware": false,"Async Capable": false,"Startup Cost": 173702.24,"Total Cost": 173850.58,"Plan Rows": 28,"Plan Width": 27,"Actual Startup Time": 404.024,"Actual Total Time": 437.169,"Actual Rows": 10,"Actual Loops": 1,"Workers Planned": 4,"Workers Launched": 4,"Plans": [{"Node Type": "Aggregate","Strategy": "Sorted","Partial Mode": "Partial","Parent Relationship": "Outer","Parallel Aware": false,"Async Capable": false,"Startup Cost": 172702.18,"Total Cost": 172847.19,"Plan Rows": 7,"Plan Width": 27,"Actual Startup Time": 395.987,"Actual Total Time": 396.731,"Actual Rows": 2,"Actual Loops": 5,"Group Key": ["lineitem.l_shipmode"],"Workers": [],"Plans": [{"Node Type": "Sort","Parent Relationship": "Outer","Parallel Aware": false,"Async Capable": false,"Startup Cost": 172702.18,"Total Cost": 172720.30,"Plan Rows": 7247,"Plan Width": 27,"Actual Startup Time": 395.232,"Actual Total Time": 395.485,"Actual Rows": 6286,"Actual Loops": 5,"Sort Key": ["lineitem.l_shipmode"],"Sort Method": "quicksort","Sort Space Used": 648,"Sort Space Type": "Memory","Workers": [{"Worker Number": 0,"Sort Method": "quicksort","Sort Space Used": 638,"Sort Space Type": "Memory"},{"Worker Number": 1,"Sort Method": "quicksort","Sort Space Used": 620,"Sort Space Type": "Memory"},{"Worker Number": 2,"Sort Method": "quicksort","Sort Space Used": 639,"Sort Space Type": "Memory"},{"Worker Number": 3,"Sort Method": "quicksort","Sort Space Used": 627,"Sort Space Type": "Memory"}],"Plans": [{"Node Type": "Nested Loop","Parent Relationship": "Outer","Parallel Aware": false,"Async Capable": false,"Join Type": "Inner","Startup Cost": 0.43,"Total Cost": 172237.53,"Plan Rows": 7247,"Plan Width": 27,"Actual Startup Time": 0.400,"Actual Total Time": 392.301,"Actual Rows": 6286,"Actual Loops": 5,"Inner Unique": true,"Workers": [],"Plans": [{"Node Type": "Seq Scan","Parent Relationship": "Outer","Parallel Aware": true,"Async Capable": false,"Relation Name": "lineitem","Alias": "lineitem","Startup Cost": 0.00,"Total Cost": 146259.83,"Plan Rows": 7247,"Plan Width": 15,"Actual Startup Time": 0.277,"Actual Total Time": 356.522,"Actual Rows": 6286,"Actual Loops": 5,"Filter": "((l_shipmode = ANY ('{MAIL,RAIL}'::bpchar[])) AND (l_commitdate < l_receiptdate) AND (l_shipdate < l_commitdate) AND (l_receiptdate >= '1997-01-01'::date) AND (l_receiptdate < '1998-01-01 00:00:00'::timestamp without time zone))","Rows Removed by Filter": 1193957,"Workers": []},{"Node Type": "Index Scan","Parent Relationship": "Inner","Parallel Aware": false,"Async Capable": false,"Scan Direction": "Forward","Index Name": "orders_pkey","Relation Name": "orders","Alias": "orders","Startup Cost": 0.43,"Total Cost": 3.58,"Plan Rows": 1,"Plan Width": 20,"Actual Startup Time": 0.005,"Actual Total Time": 0.005,"Actual Rows": 1,"Actual Loops": 31428,"Index Cond": "(o_orderkey = lineitem.l_orderkey)","Rows Removed by Index Recheck": 0,"Workers": []}]}]}]}]}]},"Planning Time": 4.094,"Triggers": [],"Execution Time": 437.643}]
[{"Plan": {"Node Type": "Aggregate","Strategy": "Sorted","Partial Mode": "Finalize","Parallel Aware": false,"Async Capable": false,"Startup Cost": 173601.43,"Total Cost": 173749.11,"Plan Rows": 7,"Plan Width": 27,"Actual Startup Time": 401.209,"Actual Total Time": 434.949,"Actual Rows": 2,"Actual Loops": 1,"Group Key": ["lineitem.l_shipmode"],"Plans": [{"Node Type": "Gather Merge","Parent Relationship": "Outer","Parallel Aware": false,"Async Capable": false,"Startup Cost": 173601.43,"Total Cost": 173748.83,"Plan Rows": 28,"Plan Width": 27,"Actual Startup Time": 400.381,"Actual Total Time": 434.914,"Actual Rows": 10,"Actual Loops": 1,"Workers Planned": 4,"Workers Launched": 4,"Plans": [{"Node Type": "Aggregate","Strategy": "Sorted","Partial Mode": "Partial","Parent Relationship": "Outer","Parallel Aware": false,"Async Capable": false,"Startup Cost": 172601.37,"Total Cost": 172745.44,"Plan Rows": 7,"Plan Width": 27,"Actual Startup Time": 393.021,"Actual Total Time": 393.759,"Actual Rows": 2,"Actual Loops": 5,"Group Key": ["lineitem.l_shipmode"],"Workers": [],"Plans": [{"Node Type": "Sort","Parent Relationship": "Outer","Parallel Aware": false,"Async Capable": false,"Startup Cost": 172601.37,"Total Cost": 172619.37,"Plan Rows": 7200,"Plan Width": 27,"Actual Startup Time": 392.276,"Actual Total Time": 392.521,"Actual Rows": 6241,"Actual Loops": 5,"Sort Key": ["lineitem.l_shipmode"],"Sort Method": "quicksort","Sort Space Used": 637,"Sort Space Type": "Memory","Workers": [{"Worker Number": 0,"Sort Method": "quicksort","Sort Space Used": 630,"Sort Space Type": "Memory"},{"Worker Number": 1,"Sort Method": "quicksort","Sort Space Used": 623,"Sort Space Type": "Memory"},{"Worker Number": 2,"Sort Method": "quicksort","Sort Space Used": 645,"Sort Space Type": "Memory"},{"Worker Number": 3,"Sort Method": "quicksort","Sort Space Used": 621,"Sort Space Type": "Memory"}],"Plans": [{"Node Type": "Nested Loop","Parent Relationship": "Outer","Parallel Aware": false,"Async Capable": false,"Join Type": "Inner","Startup Cost": 0.43,"Total Cost": 172140.07,"Plan Rows": 7200,"Plan Width": 27,"Actual Startup Time": 0.289,"Actual Total Time": 389.483,"Actual Rows": 6241,"Actual Loops": 5,"Inner Unique": true,"Workers": [],"Plans": [{"Node Type": "Seq Scan","Parent Relationship": "Outer","Parallel Aware": true,"Async Capable": false,"Relation Name": "lineitem","Alias": "lineitem","Startup Cost": 0.00,"Total Cost": 146259.83,"Plan Rows": 7200,"Plan Width": 15,"Actual Startup Time": 0.184,"Actual Total Time": 354.000,"Actual Rows": 6241,"Actual Loops": 5,"Filter": "((l_shipmode = ANY ('{RAIL,AIR}'::bpchar[])) AND (l_commitdate < l_receiptdate) AND (l_shipdate < l_commitdate) AND (l_receiptdate >= '1996-01-01'::date) AND (l_receiptdate < '1997-01-01 00:00:00'::timestamp without time zone))","Rows Removed by Filter": 1194002,"Workers": []},{"Node Type": "Index Scan","Parent Relationship": "Inner","Parallel Aware": false,"Async Capable": false,"Scan Direction": "Forward","Index Name": "orders_pkey","Relation Name": "orders","Alias": "orders","Startup Cost": 0.43,"Total Cost": 3.59,"Plan Rows": 1,"Plan Width": 20,"Actual Startup Time": 0.005,"Actual Total Time": 0.005,"Actual Rows": 1,"Actual Loops": 31206,"Index Cond": "(o_orderkey = lineitem.l_orderkey)","Rows Removed by Index Recheck": 0,"Workers": []}]}]}]}]}]},"Planning Time": 4.829,"Triggers": [],"Execution Time": 435.514}]
[{"Plan": {"Node Type": "Aggregate","Strategy": "Sorted","Partial Mode": "Finalize","Parallel Aware": false,"Async Capable": false,"Startup Cost": 174207.58,"Total Cost": 174360.90,"Plan Rows": 7,"Plan Width": 27,"Actual Startup Time": 396.838,"Actual Total Time": 430.102,"Actual Rows": 2,"Actual Loops": 1,"Group Key": ["lineitem.l_shipmode"],"Plans": [{"Node Type": "Gather Merge","Parent Relationship": "Outer","Parallel Aware": false,"Async Capable": false,"Startup Cost": 174207.58,"Total Cost": 174360.62,"Plan Rows": 28,"Plan Width": 27,"Actual Startup Time": 396.044,"Actual Total Time": 430.064,"Actual Rows": 10,"Actual Loops": 1,"Workers Planned": 4,"Workers Launched": 4,"Plans": [{"Node Type": "Aggregate","Strategy": "Sorted","Partial Mode": "Partial","Parent Relationship": "Outer","Parallel Aware": false,"Async Capable": false,"Startup Cost": 173207.52,"Total Cost": 173357.23,"Plan Rows": 7,"Plan Width": 27,"Actual Startup Time": 387.898,"Actual Total Time": 388.618,"Actual Rows": 2,"Actual Loops": 5,"Group Key": ["lineitem.l_shipmode"],"Workers": [],"Plans": [{"Node Type": "Sort","Parent Relationship": "Outer","Parallel Aware": false,"Async Capable": false,"Startup Cost": 173207.52,"Total Cost": 173226.23,"Plan Rows": 7482,"Plan Width": 27,"Actual Startup Time": 387.133,"Actual Total Time": 387.378,"Actual Rows": 6220,"Actual Loops": 5,"Sort Key": ["lineitem.l_shipmode"],"Sort Method": "quicksort","Sort Space Used": 639,"Sort Space Type": "Memory","Workers": [{"Worker Number": 0,"Sort Method": "quicksort","Sort Space Used": 634,"Sort Space Type": "Memory"},{"Worker Number": 1,"Sort Method": "quicksort","Sort Space Used": 627,"Sort Space Type": "Memory"},{"Worker Number": 2,"Sort Method": "quicksort","Sort Space Used": 623,"Sort Space Type": "Memory"},{"Worker Number": 3,"Sort Method": "quicksort","Sort Space Used": 627,"Sort Space Type": "Memory"}],"Plans": [{"Node Type": "Nested Loop","Parent Relationship": "Outer","Parallel Aware": false,"Async Capable": false,"Join Type": "Inner","Startup Cost": 0.43,"Total Cost": 172726.08,"Plan Rows": 7482,"Plan Width": 27,"Actual Startup Time": 0.358,"Actual Total Time": 384.290,"Actual Rows": 6220,"Actual Loops": 5,"Inner Unique": true,"Workers": [],"Plans": [{"Node Type": "Seq Scan","Parent Relationship": "Outer","Parallel Aware": true,"Async Capable": false,"Relation Name": "lineitem","Alias": "lineitem","Startup Cost": 0.00,"Total Cost": 146259.83,"Plan Rows": 7482,"Plan Width": 15,"Actual Startup Time": 0.244,"Actual Total Time": 350.033,"Actual Rows": 6220,"Actual Loops": 5,"Filter": "((l_shipmode = ANY ('{FOB,MAIL}'::bpchar[])) AND (l_commitdate < l_receiptdate) AND (l_shipdate < l_commitdate) AND (l_receiptdate >= '1995-01-01'::date) AND (l_receiptdate < '1996-01-01 00:00:00'::timestamp without time zone))","Rows Removed by Filter": 1194023,"Workers": []},{"Node Type": "Index Scan","Parent Relationship": "Inner","Parallel Aware": false,"Async Capable": false,"Scan Direction": "Forward","Index Name": "orders_pkey","Relation Name": "orders","Alias": "orders","Startup Cost": 0.43,"Total Cost": 3.54,"Plan Rows": 1,"Plan Width": 20,"Actual Startup Time": 0.005,"Actual Total Time": 0.005,"Actual Rows": 1,"Actual Loops": 31102,"Index Cond": "(o_orderkey = lineitem.l_orderkey)","Rows Removed by Index Recheck": 0,"Workers": []}]}]}]}]}]},"Planning Time": 3.852,"Triggers": [],"Execution Time": 430.582}]
[{"Plan": {"Node Type": "Aggregate","Strategy": "Sorted","Partial Mode": "Finalize","Parallel Aware": false,"Async Capable": false,"Startup Cost": 173352.66,"Total Cost": 173498.10,"Plan Rows": 7,"Plan Width": 27,"Actual Startup Time": 394.790,"Actual Total Time": 428.986,"Actual Rows": 2,"Actual Loops": 1,"Group Key": ["lineitem.l_shipmode"],"Plans": [{"Node Type": "Gather Merge","Parent Relationship": "Outer","Parallel Aware": false,"Async Capable": false,"Startup Cost": 173352.66,"Total Cost": 173497.82,"Plan Rows": 28,"Plan Width": 27,"Actual Startup Time": 393.952,"Actual Total Time": 428.960,"Actual Rows": 10,"Actual Loops": 1,"Workers Planned": 4,"Workers Launched": 4,"Plans": [{"Node Type": "Aggregate","Strategy": "Sorted","Partial Mode": "Partial","Parent Relationship": "Outer","Parallel Aware": false,"Async Capable": false,"Startup Cost": 172352.60,"Total Cost": 172494.43,"Plan Rows": 7,"Plan Width": 27,"Actual Startup Time": 385.522,"Actual Total Time": 386.248,"Actual Rows": 2,"Actual Loops": 5,"Group Key": ["lineitem.l_shipmode"],"Workers": [],"Plans": [{"Node Type": "Sort","Parent Relationship": "Outer","Parallel Aware": false,"Async Capable": false,"Startup Cost": 172352.60,"Total Cost": 172370.32,"Plan Rows": 7088,"Plan Width": 27,"Actual Startup Time": 384.786,"Actual Total Time": 385.030,"Actual Rows": 6181,"Actual Loops": 5,"Sort Key": ["lineitem.l_shipmode"],"Sort Method": "quicksort","Sort Space Used": 633,"Sort Space Type": "Memory","Workers": [{"Worker Number": 0,"Sort Method": "quicksort","Sort Space Used": 625,"Sort Space Type": "Memory"},{"Worker Number": 1,"Sort Method": "quicksort","Sort Space Used": 628,"Sort Space Type": "Memory"},{"Worker Number": 2,"Sort Method": "quicksort","Sort Space Used": 620,"Sort Space Type": "Memory"},{"Worker Number": 3,"Sort Method": "quicksort","Sort Space Used": 629,"Sort Space Type": "Memory"}],"Plans": [{"Node Type": "Nested Loop","Parent Relationship": "Outer","Parallel Aware": false,"Async Capable": false,"Join Type": "Inner","Startup Cost": 0.43,"Total Cost": 171899.28,"Plan Rows": 7088,"Plan Width": 27,"Actual Startup Time": 0.189,"Actual Total Time": 381.881,"Actual Rows": 6181,"Actual Loops": 5,"Inner Unique": true,"Workers": [],"Plans": [{"Node Type": "Seq Scan","Parent Relationship": "Outer","Parallel Aware": true,"Async Capable": false,"Relation Name": "lineitem","Alias": "lineitem","Startup Cost": 0.00,"Total Cost": 146259.83,"Plan Rows": 7087,"Plan Width": 15,"Actual Startup Time": 0.070,"Actual Total Time": 346.747,"Actual Rows": 6181,"Actual Loops": 5,"Filter": "((l_shipmode = ANY ('{\"REG AIR\",AIR}'::bpchar[])) AND (l_commitdate < l_receiptdate) AND (l_shipdate < l_commitdate) AND (l_receiptdate >= '1994-01-01'::date) AND (l_receiptdate < '1995-01-01 00:00:00'::timestamp without time zone))","Rows Removed by Filter": 1194062,"Workers": []},{"Node Type": "Index Scan","Parent Relationship": "Inner","Parallel Aware": false,"Async Capable": false,"Scan Direction": "Forward","Index Name": "orders_pkey","Relation Name": "orders","Alias": "orders","Startup Cost": 0.43,"Total Cost": 3.62,"Plan Rows": 1,"Plan Width": 20,"Actual Startup Time": 0.005,"Actual Total Time": 0.005,"Actual Rows": 1,"Actual Loops": 30907,"Index Cond": "(o_orderkey = lineitem.l_orderkey)","Rows Removed by Index Recheck": 0,"Workers": []}]}]}]}]}]},"Planning Time": 5.096,"Triggers": [],"Execution Time": 429.431}]
[{"Plan": {"Node Type": "Aggregate","Strategy": "Sorted","Partial Mode": "Finalize","Parallel Aware": false,"Async Capable": false,"Startup Cost": 173452.42,"Total Cost": 173598.75,"Plan Rows": 7,"Plan Width": 27,"Actual Startup Time": 402.564,"Actual Total Time": 436.336,"Actual Rows": 2,"Actual Loops": 1,"Group Key": ["lineitem.l_shipmode"],"Plans": [{"Node Type": "Gather Merge","Parent Relationship": "Outer","Parallel Aware": false,"Async Capable": false,"Startup Cost": 173452.42,"Total Cost": 173598.47,"Plan Rows": 28,"Plan Width": 27,"Actual Startup Time": 401.701,"Actual Total Time": 436.290,"Actual Rows": 10,"Actual Loops": 1,"Workers Planned": 4,"Workers Launched": 4,"Plans": [{"Node Type": "Aggregate","Strategy": "Sorted","Partial Mode": "Partial","Parent Relationship": "Outer","Parallel Aware": false,"Async Capable": false,"Startup Cost": 172452.36,"Total Cost": 172595.07,"Plan Rows": 7,"Plan Width": 27,"Actual Startup Time": 393.241,"Actual Total Time": 393.984,"Actual Rows": 2,"Actual Loops": 5,"Group Key": ["lineitem.l_shipmode"],"Workers": [],"Plans": [{"Node Type": "Sort","Parent Relationship": "Outer","Parallel Aware": false,"Async Capable": false,"Startup Cost": 172452.36,"Total Cost": 172470.19,"Plan Rows": 7132,"Plan Width": 27,"Actual Startup Time": 392.490,"Actual Total Time": 392.750,"Actual Rows": 6177,"Actual Loops": 5,"Sort Key": ["lineitem.l_shipmode"],"Sort Method": "quicksort","Sort Space Used": 617,"Sort Space Type": "Memory","Workers": [{"Worker Number": 0,"Sort Method": "quicksort","Sort Space Used": 624,"Sort Space Type": "Memory"},{"Worker Number": 1,"Sort Method": "quicksort","Sort Space Used": 625,"Sort Space Type": "Memory"},{"Worker Number": 2,"Sort Method": "quicksort","Sort Space Used": 631,"Sort Space Type": "Memory"},{"Worker Number": 3,"Sort Method": "quicksort","Sort Space Used": 636,"Sort Space Type": "Memory"}],"Plans": [{"Node Type": "Nested Loop","Parent Relationship": "Outer","Parallel Aware": false,"Async Capable": false,"Join Type": "Inner","Startup Cost": 0.43,"Total Cost": 171995.91,"Plan Rows": 7132,"Plan Width": 27,"Actual Startup Time": 0.207,"Actual Total Time": 389.653,"Actual Rows": 6177,"Actual Loops": 5,"Inner Unique": true,"Workers": [],"Plans": [{"Node Type": "Seq Scan","Parent Relationship": "Outer","Parallel Aware": true,"Async Capable": false,"Relation Name": "lineitem","Alias": "lineitem","Startup Cost": 0.00,"Total Cost": 146259.83,"Plan Rows": 7132,"Plan Width": 15,"Actual Startup Time": 0.088,"Actual Total Time": 354.317,"Actual Rows": 6177,"Actual Loops": 5,"Filter": "((l_shipmode = ANY ('{SHIP,TRUCK}'::bpchar[])) AND (l_commitdate < l_receiptdate) AND (l_shipdate < l_commitdate) AND (l_receiptdate >= '1994-01-01'::date) AND (l_receiptdate < '1995-01-01 00:00:00'::timestamp without time zone))","Rows Removed by Filter": 1194066,"Workers": []},{"Node Type": "Index Scan","Parent Relationship": "Inner","Parallel Aware": false,"Async Capable": false,"Scan Direction": "Forward","Index Name": "orders_pkey","Relation Name": "orders","Alias": "orders","Startup Cost": 0.43,"Total Cost": 3.61,"Plan Rows": 1,"Plan Width": 20,"Actual Startup Time": 0.005,"Actual Total Time": 0.005,"Actual Rows": 1,"Actual Loops": 30883,"Index Cond": "(o_orderkey = lineitem.l_orderkey)","Rows Removed by Index Recheck": 0,"Workers": []}]}]}]}]}]},"Planning Time": 4.144,"Triggers": [],"Execution Time": 436.973}]
[{"Plan": {"Node Type": "Aggregate","Strategy": "Sorted","Partial Mode": "Finalize","Parallel Aware": false,"Async Capable": false,"Startup Cost": 173543.49,"Total Cost": 173690.66,"Plan Rows": 7,"Plan Width": 27,"Actual Startup Time": 399.081,"Actual Total Time": 433.562,"Actual Rows": 2,"Actual Loops": 1,"Group Key": ["lineitem.l_shipmode"],"Plans": [{"Node Type": "Gather Merge","Parent Relationship": "Outer","Parallel Aware": false,"Async Capable": false,"Startup Cost": 173543.49,"Total Cost": 173690.38,"Plan Rows": 28,"Plan Width": 27,"Actual Startup Time": 398.183,"Actual Total Time": 433.527,"Actual Rows": 10,"Actual Loops": 1,"Workers Planned": 4,"Workers Launched": 4,"Plans": [{"Node Type": "Aggregate","Strategy": "Sorted","Partial Mode": "Partial","Parent Relationship": "Outer","Parallel Aware": false,"Async Capable": false,"Startup Cost": 172543.43,"Total Cost": 172686.98,"Plan Rows": 7,"Plan Width": 27,"Actual Startup Time": 390.054,"Actual Total Time": 390.800,"Actual Rows": 2,"Actual Loops": 5,"Group Key": ["lineitem.l_shipmode"],"Workers": [],"Plans": [{"Node Type": "Sort","Parent Relationship": "Outer","Parallel Aware": false,"Async Capable": false,"Startup Cost": 172543.43,"Total Cost": 172561.37,"Plan Rows": 7174,"Plan Width": 27,"Actual Startup Time": 389.298,"Actual Total Time": 389.545,"Actual Rows": 6232,"Actual Loops": 5,"Sort Key": ["lineitem.l_shipmode"],"Sort Method": "quicksort","Sort Space Used": 643,"Sort Space Type": "Memory","Workers": [{"Worker Number": 0,"Sort Method": "quicksort","Sort Space Used": 625,"Sort Space Type": "Memory"},{"Worker Number": 1,"Sort Method": "quicksort","Sort Space Used": 620,"Sort Space Type": "Memory"},{"Worker Number": 2,"Sort Method": "quicksort","Sort Space Used": 631,"Sort Space Type": "Memory"},{"Worker Number": 3,"Sort Method": "quicksort","Sort Space Used": 635,"Sort Space Type": "Memory"}],"Plans": [{"Node Type": "Nested Loop","Parent Relationship": "Outer","Parallel Aware": false,"Async Capable": false,"Join Type": "Inner","Startup Cost": 0.43,"Total Cost": 172083.99,"Plan Rows": 7174,"Plan Width": 27,"Actual Startup Time": 0.207,"Actual Total Time": 386.271,"Actual Rows": 6232,"Actual Loops": 5,"Inner Unique": true,"Workers": [],"Plans": [{"Node Type": "Seq Scan","Parent Relationship": "Outer","Parallel Aware": true,"Async Capable": false,"Relation Name": "lineitem","Alias": "lineitem","Startup Cost": 0.00,"Total Cost": 146259.83,"Plan Rows": 7174,"Plan Width": 15,"Actual Startup Time": 0.092,"Actual Total Time": 351.051,"Actual Rows": 6232,"Actual Loops": 5,"Filter": "((l_shipmode = ANY ('{RAIL,MAIL}'::bpchar[])) AND (l_commitdate < l_receiptdate) AND (l_shipdate < l_commitdate) AND (l_receiptdate >= '1994-01-01'::date) AND (l_receiptdate < '1995-01-01 00:00:00'::timestamp without time zone))","Rows Removed by Filter": 1194011,"Workers": []},{"Node Type": "Index Scan","Parent Relationship": "Inner","Parallel Aware": false,"Async Capable": false,"Scan Direction": "Forward","Index Name": "orders_pkey","Relation Name": "orders","Alias": "orders","Startup Cost": 0.43,"Total Cost": 3.60,"Plan Rows": 1,"Plan Width": 20,"Actual Startup Time": 0.005,"Actual Total Time": 0.005,"Actual Rows": 1,"Actual Loops": 31159,"Index Cond": "(o_orderkey = lineitem.l_orderkey)","Rows Removed by Index Recheck": 0,"Workers": []}]}]}]}]}]},"Planning Time": 4.950,"Triggers": [],"Execution Time": 434.169}]
[{"Plan": {"Node Type": "Aggregate","Strategy": "Sorted","Partial Mode": "Finalize","Parallel Aware": false,"Async Capable": false,"Startup Cost": 173908.15,"Total Cost": 174058.68,"Plan Rows": 7,"Plan Width": 27,"Actual Startup Time": 396.890,"Actual Total Time": 429.685,"Actual Rows": 2,"Actual Loops": 1,"Group Key": ["lineitem.l_shipmode"],"Plans": [{"Node Type": "Gather Merge","Parent Relationship": "Outer","Parallel Aware": false,"Async Capable": false,"Startup Cost": 173908.15,"Total Cost": 174058.40,"Plan Rows": 28,"Plan Width": 27,"Actual Startup Time": 396.035,"Actual Total Time": 429.650,"Actual Rows": 10,"Actual Loops": 1,"Workers Planned": 4,"Workers Launched": 4,"Plans": [{"Node Type": "Aggregate","Strategy": "Sorted","Partial Mode": "Partial","Parent Relationship": "Outer","Parallel Aware": false,"Async Capable": false,"Startup Cost": 172908.10,"Total Cost": 173055.01,"Plan Rows": 7,"Plan Width": 27,"Actual Startup Time": 387.449,"Actual Total Time": 388.200,"Actual Rows": 2,"Actual Loops": 5,"Group Key": ["lineitem.l_shipmode"],"Workers": [],"Plans": [{"Node Type": "Sort","Parent Relationship": "Outer","Parallel Aware": false,"Async Capable": false,"Startup Cost": 172908.10,"Total Cost": 172926.45,"Plan Rows": 7342,"Plan Width": 27,"Actual Startup Time": 386.688,"Actual Total Time": 386.934,"Actual Rows": 6259,"Actual Loops": 5,"Sort Key": ["lineitem.l_shipmode"],"Sort Method": "quicksort","Sort Space Used": 638,"Sort Space Type": "Memory","Workers": [{"Worker Number": 0,"Sort Method": "quicksort","Sort Space Used": 615,"Sort Space Type": "Memory"},{"Worker Number": 1,"Sort Method": "quicksort","Sort Space Used": 638,"Sort Space Type": "Memory"},{"Worker Number": 2,"Sort Method": "quicksort","Sort Space Used": 639,"Sort Space Type": "Memory"},{"Worker Number": 3,"Sort Method": "quicksort","Sort Space Used": 633,"Sort Space Type": "Memory"}],"Plans": [{"Node Type": "Nested Loop","Parent Relationship": "Outer","Parallel Aware": false,"Async Capable": false,"Join Type": "Inner","Startup Cost": 0.43,"Total Cost": 172436.67,"Plan Rows": 7342,"Plan Width": 27,"Actual Startup Time": 0.451,"Actual Total Time": 383.818,"Actual Rows": 6259,"Actual Loops": 5,"Inner Unique": true,"Workers": [],"Plans": [{"Node Type": "Seq Scan","Parent Relationship": "Outer","Parallel Aware": true,"Async Capable": false,"Relation Name": "lineitem","Alias": "lineitem","Startup Cost": 0.00,"Total Cost": 146259.83,"Plan Rows": 7342,"Plan Width": 15,"Actual Startup Time": 0.309,"Actual Total Time": 348.735,"Actual Rows": 6259,"Actual Loops": 5,"Filter": "((l_shipmode = ANY ('{RAIL,MAIL}'::bpchar[])) AND (l_commitdate < l_receiptdate) AND (l_shipdate < l_commitdate) AND (l_receiptdate >= '1993-01-01'::date) AND (l_receiptdate < '1994-01-01 00:00:00'::timestamp without time zone))","Rows Removed by Filter": 1193984,"Workers": []},{"Node Type": "Index Scan","Parent Relationship": "Inner","Parallel Aware": false,"Async Capable": false,"Scan Direction": "Forward","Index Name": "orders_pkey","Relation Name": "orders","Alias": "orders","Startup Cost": 0.43,"Total Cost": 3.57,"Plan Rows": 1,"Plan Width": 20,"Actual Startup Time": 0.005,"Actual Total Time": 0.005,"Actual Rows": 1,"Actual Loops": 31295,"Index Cond": "(o_orderkey = lineitem.l_orderkey)","Rows Removed by Index Recheck": 0,"Workers": []}]}]}]}]}]},"Planning Time": 4.393,"Triggers": [],"Execution Time": 430.215}]
[{"Plan": {"Node Type": "Aggregate","Strategy": "Sorted","Partial Mode": "Finalize","Parallel Aware": false,"Async Capable": false,"Startup Cost": 173472.53,"Total Cost": 173619.04,"Plan Rows": 7,"Plan Width": 27,"Actual Startup Time": 394.630,"Actual Total Time": 428.810,"Actual Rows": 2,"Actual Loops": 1,"Group Key": ["lineitem.l_shipmode"],"Plans": [{"Node Type": "Gather Merge","Parent Relationship": "Outer","Parallel Aware": false,"Async Capable": false,"Startup Cost": 173472.53,"Total Cost": 173618.76,"Plan Rows": 28,"Plan Width": 27,"Actual Startup Time": 393.770,"Actual Total Time": 428.750,"Actual Rows": 10,"Actual Loops": 1,"Workers Planned": 4,"Workers Launched": 4,"Plans": [{"Node Type": "Aggregate","Strategy": "Sorted","Partial Mode": "Partial","Parent Relationship": "Outer","Parallel Aware": false,"Async Capable": false,"Startup Cost": 172472.48,"Total Cost": 172615.37,"Plan Rows": 7,"Plan Width": 27,"Actual Startup Time": 385.331,"Actual Total Time": 386.053,"Actual Rows": 2,"Actual Loops": 5,"Group Key": ["lineitem.l_shipmode"],"Workers": [],"Plans": [{"Node Type": "Sort","Parent Relationship": "Outer","Parallel Aware": false,"Async Capable": false,"Startup Cost": 172472.48,"Total Cost": 172490.33,"Plan Rows": 7141,"Plan Width": 27,"Actual Startup Time": 384.586,"Actual Total Time": 384.830,"Actual Rows": 6203,"Actual Loops": 5,"Sort Key": ["lineitem.l_shipmode"],"Sort Method": "quicksort","Sort Space Used": 637,"Sort Space Type": "Memory","Workers": [{"Worker Number": 0,"Sort Method": "quicksort","Sort Space Used": 629,"Sort Space Type": "Memory"},{"Worker Number": 1,"Sort Method": "quicksort","Sort Space Used": 623,"Sort Space Type": "Memory"},{"Worker Number": 2,"Sort Method": "quicksort","Sort Space Used": 625,"Sort Space Type": "Memory"},{"Worker Number": 3,"Sort Method": "quicksort","Sort Space Used": 629,"Sort Space Type": "Memory"}],"Plans": [{"Node Type": "Nested Loop","Parent Relationship": "Outer","Parallel Aware": false,"Async Capable": false,"Join Type": "Inner","Startup Cost": 0.43,"Total Cost": 172015.38,"Plan Rows": 7141,"Plan Width": 27,"Actual Startup Time": 0.276,"Actual Total Time": 381.754,"Actual Rows": 6203,"Actual Loops": 5,"Inner Unique": true,"Workers": [],"Plans": [{"Node Type": "Seq Scan","Parent Relationship": "Outer","Parallel Aware": true,"Async Capable": false,"Relation Name": "lineitem","Alias": "lineitem","Startup Cost": 0.00,"Total Cost": 146259.83,"Plan Rows": 7141,"Plan Width": 15,"Actual Startup Time": 0.121,"Actual Total Time": 346.714,"Actual Rows": 6203,"Actual Loops": 5,"Filter": "((l_shipmode = ANY ('{MAIL,\"REG AIR\"}'::bpchar[])) AND (l_commitdate < l_receiptdate) AND (l_shipdate < l_commitdate) AND (l_receiptdate >= '1994-01-01'::date) AND (l_receiptdate < '1995-01-01 00:00:00'::timestamp without time zone))","Rows Removed by Filter": 1194040,"Workers": []},{"Node Type": "Index Scan","Parent Relationship": "Inner","Parallel Aware": false,"Async Capable": false,"Scan Direction": "Forward","Index Name": "orders_pkey","Relation Name": "orders","Alias": "orders","Startup Cost": 0.43,"Total Cost": 3.61,"Plan Rows": 1,"Plan Width": 20,"Actual Startup Time": 0.005,"Actual Total Time": 0.005,"Actual Rows": 1,"Actual Loops": 31017,"Index Cond": "(o_orderkey = lineitem.l_orderkey)","Rows Removed by Index Recheck": 0,"Workers": []}]}]}]}]}]},"Planning Time": 4.306,"Triggers": [],"Execution Time": 429.419}]
[{"Plan": {"Node Type": "Aggregate","Strategy": "Sorted","Partial Mode": "Finalize","Parallel Aware": false,"Async Capable": false,"Startup Cost": 173754.09,"Total Cost": 173903.20,"Plan Rows": 7,"Plan Width": 27,"Actual Startup Time": 398.430,"Actual Total Time": 433.003,"Actual Rows": 2,"Actual Loops": 1,"Group Key": ["lineitem.l_shipmode"],"Plans": [{"Node Type": "Gather Merge","Parent Relationship": "Outer","Parallel Aware": false,"Async Capable": false,"Startup Cost": 173754.09,"Total Cost": 173902.92,"Plan Rows": 28,"Plan Width": 27,"Actual Startup Time": 397.564,"Actual Total Time": 432.964,"Actual Rows": 10,"Actual Loops": 1,"Workers Planned": 4,"Workers Launched": 4,"Plans": [{"Node Type": "Aggregate","Strategy": "Sorted","Partial Mode": "Partial","Parent Relationship": "Outer","Parallel Aware": false,"Async Capable": false,"Startup Cost": 172754.03,"Total Cost": 172899.52,"Plan Rows": 7,"Plan Width": 27,"Actual Startup Time": 389.225,"Actual Total Time": 389.970,"Actual Rows": 2,"Actual Loops": 5,"Group Key": ["lineitem.l_shipmode"],"Workers": [],"Plans": [{"Node Type": "Sort","Parent Relationship": "Outer","Parallel Aware": false,"Async Capable": false,"Startup Cost": 172754.03,"Total Cost": 172772.21,"Plan Rows": 7271,"Plan Width": 27,"Actual Startup Time": 388.452,"Actual Total Time": 388.714,"Actual Rows": 6253,"Actual Loops": 5,"Sort Key": ["lineitem.l_shipmode"],"Sort Method": "quicksort","Sort Space Used": 642,"Sort Space Type": "Memory","Workers": [{"Worker Number": 0,"Sort Method": "quicksort","Sort Space Used": 630,"Sort Space Type": "Memory"},{"Worker Number": 1,"Sort Method": "quicksort","Sort Space Used": 638,"Sort Space Type": "Memory"},{"Worker Number": 2,"Sort Method": "quicksort","Sort Space Used": 624,"Sort Space Type": "Memory"},{"Worker Number": 3,"Sort Method": "quicksort","Sort Space Used": 627,"Sort Space Type": "Memory"}],"Plans": [{"Node Type": "Nested Loop","Parent Relationship": "Outer","Parallel Aware": false,"Async Capable": false,"Join Type": "Inner","Startup Cost": 0.43,"Total Cost": 172287.67,"Plan Rows": 7271,"Plan Width": 27,"Actual Startup Time": 0.623,"Actual Total Time": 385.599,"Actual Rows": 6253,"Actual Loops": 5,"Inner Unique": true,"Workers": [],"Plans": [{"Node Type": "Seq Scan","Parent Relationship": "Outer","Parallel Aware": true,"Async Capable": false,"Relation Name": "lineitem","Alias": "lineitem","Startup Cost": 0.00,"Total Cost": 146259.83,"Plan Rows": 7271,"Plan Width": 15,"Actual Startup Time": 0.489,"Actual Total Time": 350.150,"Actual Rows": 6253,"Actual Loops": 5,"Filter": "((l_shipmode = ANY ('{TRUCK,MAIL}'::bpchar[])) AND (l_commitdate < l_receiptdate) AND (l_shipdate < l_commitdate) AND (l_receiptdate >= '1996-01-01'::date) AND (l_receiptdate < '1997-01-01 00:00:00'::timestamp without time zone))","Rows Removed by Filter": 1193990,"Workers": []},{"Node Type": "Index Scan","Parent Relationship": "Inner","Parallel Aware": false,"Async Capable": false,"Scan Direction": "Forward","Index Name": "orders_pkey","Relation Name": "orders","Alias": "orders","Startup Cost": 0.43,"Total Cost": 3.58,"Plan Rows": 1,"Plan Width": 20,"Actual Startup Time": 0.005,"Actual Total Time": 0.005,"Actual Rows": 1,"Actual Loops": 31264,"Index Cond": "(o_orderkey = lineitem.l_orderkey)","Rows Removed by Index Recheck": 0,"Workers": []}]}]}]}]}]},"Planning Time": 5.335,"Triggers": [],"Execution Time": 433.609}]
[{"Plan": {"Node Type": "Aggregate","Strategy": "Sorted","Partial Mode": "Finalize","Parallel Aware": false,"Async Capable": false,"Startup Cost": 173776.29,"Total Cost": 173925.59,"Plan Rows": 7,"Plan Width": 27,"Actual Startup Time": 396.512,"Actual Total Time": 430.541,"Actual Rows": 2,"Actual Loops": 1,"Group Key": ["lineitem.l_shipmode"],"Plans": [{"Node Type": "Gather Merge","Parent Relationship": "Outer","Parallel Aware": false,"Async Capable": false,"Startup Cost": 173776.29,"Total Cost": 173925.31,"Plan Rows": 28,"Plan Width": 27,"Actual Startup Time": 395.592,"Actual Total Time": 430.492,"Actual Rows": 10,"Actual Loops": 1,"Workers Planned": 4,"Workers Launched": 4,"Plans": [{"Node Type": "Aggregate","Strategy": "Sorted","Partial Mode": "Partial","Parent Relationship": "Outer","Parallel Aware": false,"Async Capable": false,"Startup Cost": 172776.23,"Total Cost": 172921.92,"Plan Rows": 7,"Plan Width": 27,"Actual Startup Time": 386.809,"Actual Total Time": 387.552,"Actual Rows": 2,"Actual Loops": 5,"Group Key": ["lineitem.l_shipmode"],"Workers": [],"Plans": [{"Node Type": "Sort","Parent Relationship": "Outer","Parallel Aware": false,"Async Capable": false,"Startup Cost": 172776.23,"Total Cost": 172794.43,"Plan Rows": 7281,"Plan Width": 27,"Actual Startup Time": 386.016,"Actual Total Time": 386.294,"Actual Rows": 6242,"Actual Loops": 5,"Sort Key": ["lineitem.l_shipmode"],"Sort Method": "quicksort","Sort Space Used": 641,"Sort Space Type": "Memory","Workers": [{"Worker Number": 0,"Sort Method": "quicksort","Sort Space Used": 608,"Sort Space Type": "Memory"},{"Worker Number": 1,"Sort Method": "quicksort","Sort Space Used": 638,"Sort Space Type": "Memory"},{"Worker Number": 2,"Sort Method": "quicksort","Sort Space Used": 640,"Sort Space Type": "Memory"},{"Worker Number": 3,"Sort Method": "quicksort","Sort Space Used": 630,"Sort Space Type": "Memory"}],"Plans": [{"Node Type": "Nested Loop","Parent Relationship": "Outer","Parallel Aware": false,"Async Capable": false,"Join Type": "Inner","Startup Cost": 0.43,"Total Cost": 172309.16,"Plan Rows": 7281,"Plan Width": 27,"Actual Startup Time": 0.564,"Actual Total Time": 383.157,"Actual Rows": 6242,"Actual Loops": 5,"Inner Unique": true,"Workers": [],"Plans": [{"Node Type": "Seq Scan","Parent Relationship": "Outer","Parallel Aware": true,"Async Capable": false,"Relation Name": "lineitem","Alias": "lineitem","Startup Cost": 0.00,"Total Cost": 146259.83,"Plan Rows": 7281,"Plan Width": 15,"Actual Startup Time": 0.411,"Actual Total Time": 347.986,"Actual Rows": 6242,"Actual Loops": 5,"Filter": "((l_shipmode = ANY ('{RAIL,\"REG AIR\"}'::bpchar[])) AND (l_commitdate < l_receiptdate) AND (l_shipdate < l_commitdate) AND (l_receiptdate >= '1993-01-01'::date) AND (l_receiptdate < '1994-01-01 00:00:00'::timestamp without time zone))","Rows Removed by Filter": 1194001,"Workers": []},{"Node Type": "Index Scan","Parent Relationship": "Inner","Parallel Aware": false,"Async Capable": false,"Scan Direction": "Forward","Index Name": "orders_pkey","Relation Name": "orders","Alias": "orders","Startup Cost": 0.43,"Total Cost": 3.58,"Plan Rows": 1,"Plan Width": 20,"Actual Startup Time": 0.005,"Actual Total Time": 0.005,"Actual Rows": 1,"Actual Loops": 31209,"Index Cond": "(o_orderkey = lineitem.l_orderkey)","Rows Removed by Index Recheck": 0,"Workers": []}]}]}]}]}]},"Planning Time": 5.082,"Triggers": [],"Execution Time": 431.008}]
[{"Plan": {"Node Type": "Aggregate","Strategy": "Sorted","Partial Mode": "Finalize","Parallel Aware": false,"Async Capable": false,"Startup Cost": 173472.53,"Total Cost": 173619.04,"Plan Rows": 7,"Plan Width": 27,"Actual Startup Time": 394.630,"Actual Total Time": 428.810,"Actual Rows": 2,"Actual Loops": 1,"Group Key": ["lineitem.l_shipmode"],"Plans": [{"Node Type": "Gather Merge","Parent Relationship": "Outer","Parallel Aware": false,"Async Capable": false,"Startup Cost": 173472.53,"Total Cost": 173618.76,"Plan Rows": 28,"Plan Width": 27,"Actual Startup Time": 393.770,"Actual Total Time": 428.750,"Actual Rows": 10,"Actual Loops": 1,"Workers Planned": 4,"Workers Launched": 4,"Plans": [{"Node Type": "Aggregate","Strategy": "Sorted","Partial Mode": "Partial","Parent Relationship": "Outer","Parallel Aware": false,"Async Capable": false,"Startup Cost": 172472.48,"Total Cost": 172615.37,"Plan Rows": 7,"Plan Width": 27,"Actual Startup Time": 385.331,"Actual Total Time": 386.053,"Actual Rows": 2,"Actual Loops": 5,"Group Key": ["lineitem.l_shipmode"],"Workers": [],"Plans": [{"Node Type": "Sort","Parent Relationship": "Outer","Parallel Aware": false,"Async Capable": false,"Startup Cost": 172472.48,"Total Cost": 172490.33,"Plan Rows": 7141,"Plan Width": 27,"Actual Startup Time": 384.586,"Actual Total Time": 384.830,"Actual Rows": 6203,"Actual Loops": 5,"Sort Key": ["lineitem.l_shipmode"],"Sort Method": "quicksort","Sort Space Used": 637,"Sort Space Type": "Memory","Workers": [{"Worker Number": 0,"Sort Method": "quicksort","Sort Space Used": 629,"Sort Space Type": "Memory"},{"Worker Number": 1,"Sort Method": "quicksort","Sort Space Used": 623,"Sort Space Type": "Memory"},{"Worker Number": 2,"Sort Method": "quicksort","Sort Space Used": 625,"Sort Space Type": "Memory"},{"Worker Number": 3,"Sort Method": "quicksort","Sort Space Used": 629,"Sort Space Type": "Memory"}],"Plans": [{"Node Type": "Nested Loop","Parent Relationship": "Outer","Parallel Aware": false,"Async Capable": false,"Join Type": "Inner","Startup Cost": 0.43,"Total Cost": 172015.38,"Plan Rows": 7141,"Plan Width": 27,"Actual Startup Time": 0.276,"Actual Total Time": 381.754,"Actual Rows": 6203,"Actual Loops": 5,"Inner Unique": true,"Workers": [],"Plans": [{"Node Type": "Seq Scan","Parent Relationship": "Outer","Parallel Aware": true,"Async Capable": false,"Relation Name": "lineitem","Alias": "lineitem","Startup Cost": 0.00,"Total Cost": 146259.83,"Plan Rows": 7141,"Plan Width": 15,"Actual Startup Time": 0.121,"Actual Total Time": 346.714,"Actual Rows": 6203,"Actual Loops": 5,"Filter": "((l_shipmode = ANY ('{MAIL,\"REG AIR\"}'::bpchar[])) AND (l_commitdate < l_receiptdate) AND (l_shipdate < l_commitdate) AND (l_receiptdate >= '1994-01-01'::date) AND (l_receiptdate < '1995-01-01 00:00:00'::timestamp without time zone))","Rows Removed by Filter": 1194040,"Workers": []},{"Node Type": "Index Scan","Parent Relationship": "Inner","Parallel Aware": false,"Async Capable": false,"Scan Direction": "Forward","Index Name": "orders_pkey","Relation Name": "orders","Alias": "orders","Startup Cost": 0.43,"Total Cost": 3.61,"Plan Rows": 1,"Plan Width": 20,"Actual Startup Time": 0.005,"Actual Total Time": 0.005,"Actual Rows": 1,"Actual Loops": 31017,"Index Cond": "(o_orderkey = lineitem.l_orderkey)","Rows Removed by Index Recheck": 0,"Workers": []}]}]}]}]}]},"Planning Time": 4.306,"Triggers": [],"Execution Time": 429.419}]
[{"Plan": {"Node Type": "Aggregate","Strategy": "Sorted","Partial Mode": "Finalize","Parallel Aware": false,"Async Capable": false,"Startup Cost": 173523.95,"Total Cost": 173670.93,"Plan Rows": 7,"Plan Width": 27,"Actual Startup Time": 408.905,"Actual Total Time": 443.002,"Actual Rows": 2,"Actual Loops": 1,"Group Key": ["lineitem.l_shipmode"],"Plans": [{"Node Type": "Gather Merge","Parent Relationship": "Outer","Parallel Aware": false,"Async Capable": false,"Startup Cost": 173523.95,"Total Cost": 173670.65,"Plan Rows": 28,"Plan Width": 27,"Actual Startup Time": 408.077,"Actual Total Time": 442.948,"Actual Rows": 10,"Actual Loops": 1,"Workers Planned": 4,"Workers Launched": 4,"Plans": [{"Node Type": "Aggregate","Strategy": "Sorted","Partial Mode": "Partial","Parent Relationship": "Outer","Parallel Aware": false,"Async Capable": false,"Startup Cost": 172523.89,"Total Cost": 172667.26,"Plan Rows": 7,"Plan Width": 27,"Actual Startup Time": 399.558,"Actual Total Time": 400.302,"Actual Rows": 2,"Actual Loops": 5,"Group Key": ["lineitem.l_shipmode"],"Workers": [],"Plans": [{"Node Type": "Sort","Parent Relationship": "Outer","Parallel Aware": false,"Async Capable": false,"Startup Cost": 172523.89,"Total Cost": 172541.80,"Plan Rows": 7165,"Plan Width": 27,"Actual Startup Time": 398.812,"Actual Total Time": 399.059,"Actual Rows": 6260,"Actual Loops": 5,"Sort Key": ["lineitem.l_shipmode"],"Sort Method": "quicksort","Sort Space Used": 635,"Sort Space Type": "Memory","Workers": [{"Worker Number": 0,"Sort Method": "quicksort","Sort Space Used": 615,"Sort Space Type": "Memory"},{"Worker Number": 1,"Sort Method": "quicksort","Sort Space Used": 634,"Sort Space Type": "Memory"},{"Worker Number": 2,"Sort Method": "quicksort","Sort Space Used": 641,"Sort Space Type": "Memory"},{"Worker Number": 3,"Sort Method": "quicksort","Sort Space Used": 637,"Sort Space Type": "Memory"}],"Plans": [{"Node Type": "Nested Loop","Parent Relationship": "Outer","Parallel Aware": false,"Async Capable": false,"Join Type": "Inner","Startup Cost": 0.43,"Total Cost": 172065.09,"Plan Rows": 7165,"Plan Width": 27,"Actual Startup Time": 0.237,"Actual Total Time": 395.910,"Actual Rows": 6260,"Actual Loops": 5,"Inner Unique": true,"Workers": [],"Plans": [{"Node Type": "Seq Scan","Parent Relationship": "Outer","Parallel Aware": true,"Async Capable": false,"Relation Name": "lineitem","Alias": "lineitem","Startup Cost": 0.00,"Total Cost": 146259.83,"Plan Rows": 7165,"Plan Width": 15,"Actual Startup Time": 0.139,"Actual Total Time": 359.642,"Actual Rows": 6260,"Actual Loops": 5,"Filter": "((l_shipmode = ANY ('{SHIP,AIR}'::bpchar[])) AND (l_commitdate < l_receiptdate) AND (l_shipdate < l_commitdate) AND (l_receiptdate >= '1996-01-01'::date) AND (l_receiptdate < '1997-01-01 00:00:00'::timestamp without time zone))","Rows Removed by Filter": 1193983,"Workers": []},{"Node Type": "Index Scan","Parent Relationship": "Inner","Parallel Aware": false,"Async Capable": false,"Scan Direction": "Forward","Index Name": "orders_pkey","Relation Name": "orders","Alias": "orders","Startup Cost": 0.43,"Total Cost": 3.60,"Plan Rows": 1,"Plan Width": 20,"Actual Startup Time": 0.005,"Actual Total Time": 0.005,"Actual Rows": 1,"Actual Loops": 31300,"Index Cond": "(o_orderkey = lineitem.l_orderkey)","Rows Removed by Index Recheck": 0,"Workers": []}]}]}]}]}]},"Planning Time": 4.933,"Triggers": [],"Execution Time": 443.623}]
[{"Plan": {"Node Type": "Aggregate","Strategy": "Sorted","Partial Mode": "Finalize","Parallel Aware": false,"Async Capable": false,"Startup Cost": 173787.22,"Total Cost": 173936.62,"Plan Rows": 7,"Plan Width": 27,"Actual Startup Time": 416.635,"Actual Total Time": 449.877,"Actual Rows": 2,"Actual Loops": 1,"Group Key": ["lineitem.l_shipmode"],"Plans": [{"Node Type": "Gather Merge","Parent Relationship": "Outer","Parallel Aware": false,"Async Capable": false,"Startup Cost": 173787.22,"Total Cost": 173936.34,"Plan Rows": 28,"Plan Width": 27,"Actual Startup Time": 415.763,"Actual Total Time": 449.831,"Actual Rows": 10,"Actual Loops": 1,"Workers Planned": 4,"Workers Launched": 4,"Plans": [{"Node Type": "Aggregate","Strategy": "Sorted","Partial Mode": "Partial","Parent Relationship": "Outer","Parallel Aware": false,"Async Capable": false,"Startup Cost": 172787.16,"Total Cost": 172932.95,"Plan Rows": 7,"Plan Width": 27,"Actual Startup Time": 407.537,"Actual Total Time": 408.313,"Actual Rows": 2,"Actual Loops": 5,"Group Key": ["lineitem.l_shipmode"],"Workers": [],"Plans": [{"Node Type": "Sort","Parent Relationship": "Outer","Parallel Aware": false,"Async Capable": false,"Startup Cost": 172787.16,"Total Cost": 172805.37,"Plan Rows": 7286,"Plan Width": 27,"Actual Startup Time": 406.783,"Actual Total Time": 407.055,"Actual Rows": 6260,"Actual Loops": 5,"Sort Key": ["lineitem.l_shipmode"],"Sort Method": "quicksort","Sort Space Used": 628,"Sort Space Type": "Memory","Workers": [{"Worker Number": 0,"Sort Method": "quicksort","Sort Space Used": 645,"Sort Space Type": "Memory"},{"Worker Number": 1,"Sort Method": "quicksort","Sort Space Used": 604,"Sort Space Type": "Memory"},{"Worker Number": 2,"Sort Method": "quicksort","Sort Space Used": 640,"Sort Space Type": "Memory"},{"Worker Number": 3,"Sort Method": "quicksort","Sort Space Used": 646,"Sort Space Type": "Memory"}],"Plans": [{"Node Type": "Nested Loop","Parent Relationship": "Outer","Parallel Aware": false,"Async Capable": false,"Join Type": "Inner","Startup Cost": 0.43,"Total Cost": 172319.73,"Plan Rows": 7286,"Plan Width": 27,"Actual Startup Time": 0.330,"Actual Total Time": 403.832,"Actual Rows": 6260,"Actual Loops": 5,"Inner Unique": true,"Workers": [],"Plans": [{"Node Type": "Seq Scan","Parent Relationship": "Outer","Parallel Aware": true,"Async Capable": false,"Relation Name": "lineitem","Alias": "lineitem","Startup Cost": 0.00,"Total Cost": 146259.83,"Plan Rows": 7286,"Plan Width": 15,"Actual Startup Time": 0.225,"Actual Total Time": 366.864,"Actual Rows": 6260,"Actual Loops": 5,"Filter": "((l_shipmode = ANY ('{FOB,MAIL}'::bpchar[])) AND (l_commitdate < l_receiptdate) AND (l_shipdate < l_commitdate) AND (l_receiptdate >= '1997-01-01'::date) AND (l_receiptdate < '1998-01-01 00:00:00'::timestamp without time zone))","Rows Removed by Filter": 1193983,"Workers": []},{"Node Type": "Index Scan","Parent Relationship": "Inner","Parallel Aware": false,"Async Capable": false,"Scan Direction": "Forward","Index Name": "orders_pkey","Relation Name": "orders","Alias": "orders","Startup Cost": 0.43,"Total Cost": 3.58,"Plan Rows": 1,"Plan Width": 20,"Actual Startup Time": 0.006,"Actual Total Time": 0.006,"Actual Rows": 1,"Actual Loops": 31300,"Index Cond": "(o_orderkey = lineitem.l_orderkey)","Rows Removed by Index Recheck": 0,"Workers": []}]}]}]}]}]},"Planning Time": 3.890,"Triggers": [],"Execution Time": 450.461}]
[{"Plan": {"Node Type": "Aggregate","Strategy": "Sorted","Partial Mode": "Finalize","Parallel Aware": false,"Async Capable": false,"Startup Cost": 173718.50,"Total Cost": 173867.27,"Plan Rows": 7,"Plan Width": 27,"Actual Startup Time": 396.513,"Actual Total Time": 429.606,"Actual Rows": 2,"Actual Loops": 1,"Group Key": ["lineitem.l_shipmode"],"Plans": [{"Node Type": "Gather Merge","Parent Relationship": "Outer","Parallel Aware": false,"Async Capable": false,"Startup Cost": 173718.50,"Total Cost": 173866.99,"Plan Rows": 28,"Plan Width": 27,"Actual Startup Time": 395.626,"Actual Total Time": 429.571,"Actual Rows": 10,"Actual Loops": 1,"Workers Planned": 4,"Workers Launched": 4,"Plans": [{"Node Type": "Aggregate","Strategy": "Sorted","Partial Mode": "Partial","Parent Relationship": "Outer","Parallel Aware": false,"Async Capable": false,"Startup Cost": 172718.45,"Total Cost": 172863.60,"Plan Rows": 7,"Plan Width": 27,"Actual Startup Time": 387.488,"Actual Total Time": 388.243,"Actual Rows": 2,"Actual Loops": 5,"Group Key": ["lineitem.l_shipmode"],"Workers": [],"Plans": [{"Node Type": "Sort","Parent Relationship": "Outer","Parallel Aware": false,"Async Capable": false,"Startup Cost": 172718.45,"Total Cost": 172736.58,"Plan Rows": 7254,"Plan Width": 27,"Actual Startup Time": 386.746,"Actual Total Time": 387.000,"Actual Rows": 6247,"Actual Loops": 5,"Sort Key": ["lineitem.l_shipmode"],"Sort Method": "quicksort","Sort Space Used": 651,"Sort Space Type": "Memory","Workers": [{"Worker Number": 0,"Sort Method": "quicksort","Sort Space Used": 626,"Sort Space Type": "Memory"},{"Worker Number": 1,"Sort Method": "quicksort","Sort Space Used": 634,"Sort Space Type": "Memory"},{"Worker Number": 2,"Sort Method": "quicksort","Sort Space Used": 628,"Sort Space Type": "Memory"},{"Worker Number": 3,"Sort Method": "quicksort","Sort Space Used": 619,"Sort Space Type": "Memory"}],"Plans": [{"Node Type": "Nested Loop","Parent Relationship": "Outer","Parallel Aware": false,"Async Capable": false,"Join Type": "Inner","Startup Cost": 0.43,"Total Cost": 172253.30,"Plan Rows": 7254,"Plan Width": 27,"Actual Startup Time": 0.404,"Actual Total Time": 383.841,"Actual Rows": 6247,"Actual Loops": 5,"Inner Unique": true,"Workers": [],"Plans": [{"Node Type": "Seq Scan","Parent Relationship": "Outer","Parallel Aware": true,"Async Capable": false,"Relation Name": "lineitem","Alias": "lineitem","Startup Cost": 0.00,"Total Cost": 146259.83,"Plan Rows": 7254,"Plan Width": 15,"Actual Startup Time": 0.287,"Actual Total Time": 349.549,"Actual Rows": 6247,"Actual Loops": 5,"Filter": "((l_shipmode = ANY ('{MAIL,RAIL}'::bpchar[])) AND (l_commitdate < l_receiptdate) AND (l_shipdate < l_commitdate) AND (l_receiptdate >= '1996-01-01'::date) AND (l_receiptdate < '1997-01-01 00:00:00'::timestamp without time zone))","Rows Removed by Filter": 1193996,"Workers": []},{"Node Type": "Index Scan","Parent Relationship": "Inner","Parallel Aware": false,"Async Capable": false,"Scan Direction": "Forward","Index Name": "orders_pkey","Relation Name": "orders","Alias": "orders","Startup Cost": 0.43,"Total Cost": 3.58,"Plan Rows": 1,"Plan Width": 20,"Actual Startup Time": 0.005,"Actual Total Time": 0.005,"Actual Rows": 1,"Actual Loops": 31235,"Index Cond": "(o_orderkey = lineitem.l_orderkey)","Rows Removed by Index Recheck": 0,"Workers": []}]}]}]}]}]},"Planning Time": 5.161,"Triggers": [],"Execution Time": 430.005}]
[{"Plan": {"Node Type": "Aggregate","Strategy": "Sorted","Partial Mode": "Finalize","Parallel Aware": false,"Async Capable": false,"Startup Cost": 173514.11,"Total Cost": 173661.00,"Plan Rows": 7,"Plan Width": 27,"Actual Startup Time": 396.038,"Actual Total Time": 428.821,"Actual Rows": 2,"Actual Loops": 1,"Group Key": ["lineitem.l_shipmode"],"Plans": [{"Node Type": "Gather Merge","Parent Relationship": "Outer","Parallel Aware": false,"Async Capable": false,"Startup Cost": 173514.11,"Total Cost": 173660.72,"Plan Rows": 28,"Plan Width": 27,"Actual Startup Time": 395.130,"Actual Total Time": 428.791,"Actual Rows": 10,"Actual Loops": 1,"Workers Planned": 4,"Workers Launched": 4,"Plans": [{"Node Type": "Aggregate","Strategy": "Sorted","Partial Mode": "Partial","Parent Relationship": "Outer","Parallel Aware": false,"Async Capable": false,"Startup Cost": 172514.05,"Total Cost": 172657.32,"Plan Rows": 7,"Plan Width": 27,"Actual Startup Time": 387.234,"Actual Total Time": 387.970,"Actual Rows": 2,"Actual Loops": 5,"Group Key": ["lineitem.l_shipmode"],"Workers": [],"Plans": [{"Node Type": "Sort","Parent Relationship": "Outer","Parallel Aware": false,"Async Capable": false,"Startup Cost": 172514.05,"Total Cost": 172531.95,"Plan Rows": 7160,"Plan Width": 27,"Actual Startup Time": 386.500,"Actual Total Time": 386.744,"Actual Rows": 6225,"Actual Loops": 5,"Sort Key": ["lineitem.l_shipmode"],"Sort Method": "quicksort","Sort Space Used": 639,"Sort Space Type": "Memory","Workers": [{"Worker Number": 0,"Sort Method": "quicksort","Sort Space Used": 625,"Sort Space Type": "Memory"},{"Worker Number": 1,"Sort Method": "quicksort","Sort Space Used": 620,"Sort Space Type": "Memory"},{"Worker Number": 2,"Sort Method": "quicksort","Sort Space Used": 630,"Sort Space Type": "Memory"},{"Worker Number": 3,"Sort Method": "quicksort","Sort Space Used": 637,"Sort Space Type": "Memory"}],"Plans": [{"Node Type": "Nested Loop","Parent Relationship": "Outer","Parallel Aware": false,"Async Capable": false,"Join Type": "Inner","Startup Cost": 0.43,"Total Cost": 172055.61,"Plan Rows": 7160,"Plan Width": 27,"Actual Startup Time": 0.285,"Actual Total Time": 383.693,"Actual Rows": 6225,"Actual Loops": 5,"Inner Unique": true,"Workers": [],"Plans": [{"Node Type": "Seq Scan","Parent Relationship": "Outer","Parallel Aware": true,"Async Capable": false,"Relation Name": "lineitem","Alias": "lineitem","Startup Cost": 0.00,"Total Cost": 146259.83,"Plan Rows": 7160,"Plan Width": 15,"Actual Startup Time": 0.181,"Actual Total Time": 349.496,"Actual Rows": 6225,"Actual Loops": 5,"Filter": "((l_shipmode = ANY ('{\"REG AIR\",AIR}'::bpchar[])) AND (l_commitdate < l_receiptdate) AND (l_shipdate < l_commitdate) AND (l_receiptdate >= '1997-01-01'::date) AND (l_receiptdate < '1998-01-01 00:00:00'::timestamp without time zone))","Rows Removed by Filter": 1194018,"Workers": []},{"Node Type": "Index Scan","Parent Relationship": "Inner","Parallel Aware": false,"Async Capable": false,"Scan Direction": "Forward","Index Name": "orders_pkey","Relation Name": "orders","Alias": "orders","Startup Cost": 0.43,"Total Cost": 3.60,"Plan Rows": 1,"Plan Width": 20,"Actual Startup Time": 0.005,"Actual Total Time": 0.005,"Actual Rows": 1,"Actual Loops": 31125,"Index Cond": "(o_orderkey = lineitem.l_orderkey)","Rows Removed by Index Recheck": 0,"Workers": []}]}]}]}]}]},"Planning Time": 4.669,"Triggers": [],"Execution Time": 429.212}]
[{"Plan": {"Node Type": "Aggregate","Strategy": "Sorted","Partial Mode": "Finalize","Parallel Aware": false,"Async Capable": false,"Startup Cost": 173669.98,"Total Cost": 173818.31,"Plan Rows": 7,"Plan Width": 27,"Actual Startup Time": 410.491,"Actual Total Time": 444.429,"Actual Rows": 2,"Actual Loops": 1,"Group Key": ["lineitem.l_shipmode"],"Plans": [{"Node Type": "Gather Merge","Parent Relationship": "Outer","Parallel Aware": false,"Async Capable": false,"Startup Cost": 173669.98,"Total Cost": 173818.03,"Plan Rows": 28,"Plan Width": 27,"Actual Startup Time": 409.717,"Actual Total Time": 444.388,"Actual Rows": 10,"Actual Loops": 1,"Workers Planned": 4,"Workers Launched": 4,"Plans": [{"Node Type": "Aggregate","Strategy": "Sorted","Partial Mode": "Partial","Parent Relationship": "Outer","Parallel Aware": false,"Async Capable": false,"Startup Cost": 172669.92,"Total Cost": 172814.63,"Plan Rows": 7,"Plan Width": 27,"Actual Startup Time": 400.974,"Actual Total Time": 401.710,"Actual Rows": 2,"Actual Loops": 5,"Group Key": ["lineitem.l_shipmode"],"Workers": [],"Plans": [{"Node Type": "Sort","Parent Relationship": "Outer","Parallel Aware": false,"Async Capable": false,"Startup Cost": 172669.92,"Total Cost": 172688.00,"Plan Rows": 7232,"Plan Width": 27,"Actual Startup Time": 400.221,"Actual Total Time": 400.469,"Actual Rows": 6226,"Actual Loops": 5,"Sort Key": ["lineitem.l_shipmode"],"Sort Method": "quicksort","Sort Space Used": 623,"Sort Space Type": "Memory","Workers": [{"Worker Number": 0,"Sort Method": "quicksort","Sort Space Used": 612,"Sort Space Type": "Memory"},{"Worker Number": 1,"Sort Method": "quicksort","Sort Space Used": 631,"Sort Space Type": "Memory"},{"Worker Number": 2,"Sort Method": "quicksort","Sort Space Used": 646,"Sort Space Type": "Memory"},{"Worker Number": 3,"Sort Method": "quicksort","Sort Space Used": 639,"Sort Space Type": "Memory"}],"Plans": [{"Node Type": "Nested Loop","Parent Relationship": "Outer","Parallel Aware": false,"Async Capable": false,"Join Type": "Inner","Startup Cost": 0.43,"Total Cost": 172206.35,"Plan Rows": 7232,"Plan Width": 27,"Actual Startup Time": 0.397,"Actual Total Time": 397.365,"Actual Rows": 6226,"Actual Loops": 5,"Inner Unique": true,"Workers": [],"Plans": [{"Node Type": "Seq Scan","Parent Relationship": "Outer","Parallel Aware": true,"Async Capable": false,"Relation Name": "lineitem","Alias": "lineitem","Startup Cost": 0.00,"Total Cost": 146259.83,"Plan Rows": 7232,"Plan Width": 15,"Actual Startup Time": 0.304,"Actual Total Time": 361.242,"Actual Rows": 6226,"Actual Loops": 5,"Filter": "((l_shipmode = ANY ('{AIR,FOB}'::bpchar[])) AND (l_commitdate < l_receiptdate) AND (l_shipdate < l_commitdate) AND (l_receiptdate >= '1997-01-01'::date) AND (l_receiptdate < '1998-01-01 00:00:00'::timestamp without time zone))","Rows Removed by Filter": 1194017,"Workers": []},{"Node Type": "Index Scan","Parent Relationship": "Inner","Parallel Aware": false,"Async Capable": false,"Scan Direction": "Forward","Index Name": "orders_pkey","Relation Name": "orders","Alias": "orders","Startup Cost": 0.43,"Total Cost": 3.59,"Plan Rows": 1,"Plan Width": 20,"Actual Startup Time": 0.005,"Actual Total Time": 0.005,"Actual Rows": 1,"Actual Loops": 31130,"Index Cond": "(o_orderkey = lineitem.l_orderkey)","Rows Removed by Index Recheck": 0,"Workers": []}]}]}]}]}]},"Planning Time": 5.575,"Triggers": [],"Execution Time": 445.000}]
[{"Plan": {"Node Type": "Aggregate","Strategy": "Sorted","Partial Mode": "Finalize","Parallel Aware": false,"Async Capable": false,"Startup Cost": 174062.42,"Total Cost": 174214.39,"Plan Rows": 7,"Plan Width": 27,"Actual Startup Time": 399.989,"Actual Total Time": 432.536,"Actual Rows": 2,"Actual Loops": 1,"Group Key": ["lineitem.l_shipmode"],"Plans": [{"Node Type": "Gather Merge","Parent Relationship": "Outer","Parallel Aware": false,"Async Capable": false,"Startup Cost": 174062.42,"Total Cost": 174214.11,"Plan Rows": 28,"Plan Width": 27,"Actual Startup Time": 399.188,"Actual Total Time": 432.518,"Actual Rows": 10,"Actual Loops": 1,"Workers Planned": 4,"Workers Launched": 4,"Plans": [{"Node Type": "Aggregate","Strategy": "Sorted","Partial Mode": "Partial","Parent Relationship": "Outer","Parallel Aware": false,"Async Capable": false,"Startup Cost": 173062.36,"Total Cost": 173210.71,"Plan Rows": 7,"Plan Width": 27,"Actual Startup Time": 390.781,"Actual Total Time": 391.500,"Actual Rows": 2,"Actual Loops": 5,"Group Key": ["lineitem.l_shipmode"],"Workers": [],"Plans": [{"Node Type": "Sort","Parent Relationship": "Outer","Parallel Aware": false,"Async Capable": false,"Startup Cost": 173062.36,"Total Cost": 173080.90,"Plan Rows": 7414,"Plan Width": 27,"Actual Startup Time": 390.018,"Actual Total Time": 390.251,"Actual Rows": 6237,"Actual Loops": 5,"Sort Key": ["lineitem.l_shipmode"],"Sort Method": "quicksort","Sort Space Used": 645,"Sort Space Type": "Memory","Workers": [{"Worker Number": 0,"Sort Method": "quicksort","Sort Space Used": 627,"Sort Space Type": "Memory"},{"Worker Number": 1,"Sort Method": "quicksort","Sort Space Used": 628,"Sort Space Type": "Memory"},{"Worker Number": 2,"Sort Method": "quicksort","Sort Space Used": 632,"Sort Space Type": "Memory"},{"Worker Number": 3,"Sort Method": "quicksort","Sort Space Used": 624,"Sort Space Type": "Memory"}],"Plans": [{"Node Type": "Nested Loop","Parent Relationship": "Outer","Parallel Aware": false,"Async Capable": false,"Join Type": "Inner","Startup Cost": 0.43,"Total Cost": 172585.79,"Plan Rows": 7414,"Plan Width": 27,"Actual Startup Time": 0.317,"Actual Total Time": 387.167,"Actual Rows": 6237,"Actual Loops": 5,"Inner Unique": true,"Workers": [],"Plans": [{"Node Type": "Seq Scan","Parent Relationship": "Outer","Parallel Aware": true,"Async Capable": false,"Relation Name": "lineitem","Alias": "lineitem","Startup Cost": 0.00,"Total Cost": 146259.83,"Plan Rows": 7414,"Plan Width": 15,"Actual Startup Time": 0.202,"Actual Total Time": 352.696,"Actual Rows": 6237,"Actual Loops": 5,"Filter": "((l_shipmode = ANY ('{AIR,MAIL}'::bpchar[])) AND (l_commitdate < l_receiptdate) AND (l_shipdate < l_commitdate) AND (l_receiptdate >= '1995-01-01'::date) AND (l_receiptdate < '1996-01-01 00:00:00'::timestamp without time zone))","Rows Removed by Filter": 1194006,"Workers": []},{"Node Type": "Index Scan","Parent Relationship": "Inner","Parallel Aware": false,"Async Capable": false,"Scan Direction": "Forward","Index Name": "orders_pkey","Relation Name": "orders","Alias": "orders","Startup Cost": 0.43,"Total Cost": 3.55,"Plan Rows": 1,"Plan Width": 20,"Actual Startup Time": 0.005,"Actual Total Time": 0.005,"Actual Rows": 1,"Actual Loops": 31185,"Index Cond": "(o_orderkey = lineitem.l_orderkey)","Rows Removed by Index Recheck": 0,"Workers": []}]}]}]}]}]},"Planning Time": 5.525,"Triggers": [],"Execution Time": 432.954}]
[{"Plan": {"Node Type": "Aggregate","Strategy": "Sorted","Partial Mode": "Finalize","Parallel Aware": false,"Async Capable": false,"Startup Cost": 173715.30,"Total Cost": 173864.04,"Plan Rows": 7,"Plan Width": 27,"Actual Startup Time": 414.685,"Actual Total Time": 447.775,"Actual Rows": 2,"Actual Loops": 1,"Group Key": ["lineitem.l_shipmode"],"Plans": [{"Node Type": "Gather Merge","Parent Relationship": "Outer","Parallel Aware": false,"Async Capable": false,"Startup Cost": 173715.30,"Total Cost": 173863.76,"Plan Rows": 28,"Plan Width": 27,"Actual Startup Time": 413.913,"Actual Total Time": 447.734,"Actual Rows": 10,"Actual Loops": 1,"Workers Planned": 4,"Workers Launched": 4,"Plans": [{"Node Type": "Aggregate","Strategy": "Sorted","Partial Mode": "Partial","Parent Relationship": "Outer","Parallel Aware": false,"Async Capable": false,"Startup Cost": 172715.24,"Total Cost": 172860.37,"Plan Rows": 7,"Plan Width": 27,"Actual Startup Time": 405.600,"Actual Total Time": 406.323,"Actual Rows": 2,"Actual Loops": 5,"Group Key": ["lineitem.l_shipmode"],"Workers": [],"Plans": [{"Node Type": "Sort","Parent Relationship": "Outer","Parallel Aware": false,"Async Capable": false,"Startup Cost": 172715.24,"Total Cost": 172733.37,"Plan Rows": 7253,"Plan Width": 27,"Actual Startup Time": 404.849,"Actual Total Time": 405.101,"Actual Rows": 6220,"Actual Loops": 5,"Sort Key": ["lineitem.l_shipmode"],"Sort Method": "quicksort","Sort Space Used": 614,"Sort Space Type": "Memory","Workers": [{"Worker Number": 0,"Sort Method": "quicksort","Sort Space Used": 638,"Sort Space Type": "Memory"},{"Worker Number": 1,"Sort Method": "quicksort","Sort Space Used": 642,"Sort Space Type": "Memory"},{"Worker Number": 2,"Sort Method": "quicksort","Sort Space Used": 645,"Sort Space Type": "Memory"},{"Worker Number": 3,"Sort Method": "quicksort","Sort Space Used": 611,"Sort Space Type": "Memory"}],"Plans": [{"Node Type": "Nested Loop","Parent Relationship": "Outer","Parallel Aware": false,"Async Capable": false,"Join Type": "Inner","Startup Cost": 0.43,"Total Cost": 172250.16,"Plan Rows": 7253,"Plan Width": 27,"Actual Startup Time": 0.461,"Actual Total Time": 401.909,"Actual Rows": 6220,"Actual Loops": 5,"Inner Unique": true,"Workers": [],"Plans": [{"Node Type": "Seq Scan","Parent Relationship": "Outer","Parallel Aware": true,"Async Capable": false,"Relation Name": "lineitem","Alias": "lineitem","Startup Cost": 0.00,"Total Cost": 146259.83,"Plan Rows": 7253,"Plan Width": 15,"Actual Startup Time": 0.362,"Actual Total Time": 365.175,"Actual Rows": 6220,"Actual Loops": 5,"Filter": "((l_shipmode = ANY ('{\"REG AIR\",AIR}'::bpchar[])) AND (l_commitdate < l_receiptdate) AND (l_shipdate < l_commitdate) AND (l_receiptdate >= '1993-01-01'::date) AND (l_receiptdate < '1994-01-01 00:00:00'::timestamp without time zone))","Rows Removed by Filter": 1194023,"Workers": []},{"Node Type": "Index Scan","Parent Relationship": "Inner","Parallel Aware": false,"Async Capable": false,"Scan Direction": "Forward","Index Name": "orders_pkey","Relation Name": "orders","Alias": "orders","Startup Cost": 0.43,"Total Cost": 3.58,"Plan Rows": 1,"Plan Width": 20,"Actual Startup Time": 0.006,"Actual Total Time": 0.006,"Actual Rows": 1,"Actual Loops": 31100,"Index Cond": "(o_orderkey = lineitem.l_orderkey)","Rows Removed by Index Recheck": 0,"Workers": []}]}]}]}]}]},"Planning Time": 5.615,"Triggers": [],"Execution Time": 448.541}]
[{"Plan": {"Node Type": "Aggregate","Strategy": "Sorted","Partial Mode": "Finalize","Parallel Aware": false,"Async Capable": false,"Startup Cost": 173872.87,"Total Cost": 174023.08,"Plan Rows": 7,"Plan Width": 27,"Actual Startup Time": 400.368,"Actual Total Time": 434.764,"Actual Rows": 2,"Actual Loops": 1,"Group Key": ["lineitem.l_shipmode"],"Plans": [{"Node Type": "Gather Merge","Parent Relationship": "Outer","Parallel Aware": false,"Async Capable": false,"Startup Cost": 173872.87,"Total Cost": 174022.80,"Plan Rows": 28,"Plan Width": 27,"Actual Startup Time": 399.576,"Actual Total Time": 434.726,"Actual Rows": 10,"Actual Loops": 1,"Workers Planned": 4,"Workers Launched": 4,"Plans": [{"Node Type": "Aggregate","Strategy": "Sorted","Partial Mode": "Partial","Parent Relationship": "Outer","Parallel Aware": false,"Async Capable": false,"Startup Cost": 172872.82,"Total Cost": 173019.41,"Plan Rows": 7,"Plan Width": 27,"Actual Startup Time": 391.151,"Actual Total Time": 391.893,"Actual Rows": 2,"Actual Loops": 5,"Group Key": ["lineitem.l_shipmode"],"Workers": [],"Plans": [{"Node Type": "Sort","Parent Relationship": "Outer","Parallel Aware": false,"Async Capable": false,"Startup Cost": 172872.82,"Total Cost": 172891.13,"Plan Rows": 7326,"Plan Width": 27,"Actual Startup Time": 390.405,"Actual Total Time": 390.653,"Actual Rows": 6230,"Actual Loops": 5,"Sort Key": ["lineitem.l_shipmode"],"Sort Method": "quicksort","Sort Space Used": 621,"Sort Space Type": "Memory","Workers": [{"Worker Number": 0,"Sort Method": "quicksort","Sort Space Used": 629,"Sort Space Type": "Memory"},{"Worker Number": 1,"Sort Method": "quicksort","Sort Space Used": 623,"Sort Space Type": "Memory"},{"Worker Number": 2,"Sort Method": "quicksort","Sort Space Used": 641,"Sort Space Type": "Memory"},{"Worker Number": 3,"Sort Method": "quicksort","Sort Space Used": 639,"Sort Space Type": "Memory"}],"Plans": [{"Node Type": "Nested Loop","Parent Relationship": "Outer","Parallel Aware": false,"Async Capable": false,"Join Type": "Inner","Startup Cost": 0.43,"Total Cost": 172402.53,"Plan Rows": 7326,"Plan Width": 27,"Actual Startup Time": 0.480,"Actual Total Time": 387.479,"Actual Rows": 6230,"Actual Loops": 5,"Inner Unique": true,"Workers": [],"Plans": [{"Node Type": "Seq Scan","Parent Relationship": "Outer","Parallel Aware": true,"Async Capable": false,"Relation Name": "lineitem","Alias": "lineitem","Startup Cost": 0.00,"Total Cost": 146259.83,"Plan Rows": 7326,"Plan Width": 15,"Actual Startup Time": 0.350,"Actual Total Time": 351.977,"Actual Rows": 6230,"Actual Loops": 5,"Filter": "((l_shipmode = ANY ('{FOB,AIR}'::bpchar[])) AND (l_commitdate < l_receiptdate) AND (l_shipdate < l_commitdate) AND (l_receiptdate >= '1993-01-01'::date) AND (l_receiptdate < '1994-01-01 00:00:00'::timestamp without time zone))","Rows Removed by Filter": 1194013,"Workers": []},{"Node Type": "Index Scan","Parent Relationship": "Inner","Parallel Aware": false,"Async Capable": false,"Scan Direction": "Forward","Index Name": "orders_pkey","Relation Name": "orders","Alias": "orders","Startup Cost": 0.43,"Total Cost": 3.57,"Plan Rows": 1,"Plan Width": 20,"Actual Startup Time": 0.005,"Actual Total Time": 0.005,"Actual Rows": 1,"Actual Loops": 31150,"Index Cond": "(o_orderkey = lineitem.l_orderkey)","Rows Removed by Index Recheck": 0,"Workers": []}]}]}]}]}]},"Planning Time": 4.424,"Triggers": [],"Execution Time": 435.332}]
[{"Plan": {"Node Type": "Aggregate","Strategy": "Sorted","Partial Mode": "Finalize","Parallel Aware": false,"Async Capable": false,"Startup Cost": 173625.17,"Total Cost": 173773.06,"Plan Rows": 7,"Plan Width": 27,"Actual Startup Time": 403.303,"Actual Total Time": 437.802,"Actual Rows": 2,"Actual Loops": 1,"Group Key": ["lineitem.l_shipmode"],"Plans": [{"Node Type": "Gather Merge","Parent Relationship": "Outer","Parallel Aware": false,"Async Capable": false,"Startup Cost": 173625.17,"Total Cost": 173772.78,"Plan Rows": 28,"Plan Width": 27,"Actual Startup Time": 402.473,"Actual Total Time": 437.766,"Actual Rows": 10,"Actual Loops": 1,"Workers Planned": 4,"Workers Launched": 4,"Plans": [{"Node Type": "Aggregate","Strategy": "Sorted","Partial Mode": "Partial","Parent Relationship": "Outer","Parallel Aware": false,"Async Capable": false,"Startup Cost": 172625.11,"Total Cost": 172769.38,"Plan Rows": 7,"Plan Width": 27,"Actual Startup Time": 395.014,"Actual Total Time": 395.759,"Actual Rows": 2,"Actual Loops": 5,"Group Key": ["lineitem.l_shipmode"],"Workers": [],"Plans": [{"Node Type": "Sort","Parent Relationship": "Outer","Parallel Aware": false,"Async Capable": false,"Startup Cost": 172625.11,"Total Cost": 172643.14,"Plan Rows": 7210,"Plan Width": 27,"Actual Startup Time": 394.248,"Actual Total Time": 394.502,"Actual Rows": 6267,"Actual Loops": 5,"Sort Key": ["lineitem.l_shipmode"],"Sort Method": "quicksort","Sort Space Used": 629,"Sort Space Type": "Memory","Workers": [{"Worker Number": 0,"Sort Method": "quicksort","Sort Space Used": 628,"Sort Space Type": "Memory"},{"Worker Number": 1,"Sort Method": "quicksort","Sort Space Used": 640,"Sort Space Type": "Memory"},{"Worker Number": 2,"Sort Method": "quicksort","Sort Space Used": 651,"Sort Space Type": "Memory"},{"Worker Number": 3,"Sort Method": "quicksort","Sort Space Used": 618,"Sort Space Type": "Memory"}],"Plans": [{"Node Type": "Nested Loop","Parent Relationship": "Outer","Parallel Aware": false,"Async Capable": false,"Join Type": "Inner","Startup Cost": 0.43,"Total Cost": 172163.11,"Plan Rows": 7210,"Plan Width": 27,"Actual Startup Time": 0.328,"Actual Total Time": 391.399,"Actual Rows": 6267,"Actual Loops": 5,"Inner Unique": true,"Workers": [],"Plans": [{"Node Type": "Seq Scan","Parent Relationship": "Outer","Parallel Aware": true,"Async Capable": false,"Relation Name": "lineitem","Alias": "lineitem","Startup Cost": 0.00,"Total Cost": 146259.83,"Plan Rows": 7211,"Plan Width": 15,"Actual Startup Time": 0.230,"Actual Total Time": 355.358,"Actual Rows": 6267,"Actual Loops": 5,"Filter": "((l_shipmode = ANY ('{SHIP,TRUCK}'::bpchar[])) AND (l_commitdate < l_receiptdate) AND (l_shipdate < l_commitdate) AND (l_receiptdate >= '1996-01-01'::date) AND (l_receiptdate < '1997-01-01 00:00:00'::timestamp without time zone))","Rows Removed by Filter": 1193976,"Workers": []},{"Node Type": "Index Scan","Parent Relationship": "Inner","Parallel Aware": false,"Async Capable": false,"Scan Direction": "Forward","Index Name": "orders_pkey","Relation Name": "orders","Alias": "orders","Startup Cost": 0.43,"Total Cost": 3.59,"Plan Rows": 1,"Plan Width": 20,"Actual Startup Time": 0.005,"Actual Total Time": 0.005,"Actual Rows": 1,"Actual Loops": 31337,"Index Cond": "(o_orderkey = lineitem.l_orderkey)","Rows Removed by Index Recheck": 0,"Workers": []}]}]}]}]}]},"Planning Time": 4.275,"Triggers": [],"Execution Time": 438.324}]
[{"Plan": {"Node Type": "Aggregate","Strategy": "Sorted","Partial Mode": "Finalize","Parallel Aware": false,"Async Capable": false,"Startup Cost": 173464.41,"Total Cost": 173610.85,"Plan Rows": 7,"Plan Width": 27,"Actual Startup Time": 405.450,"Actual Total Time": 439.060,"Actual Rows": 2,"Actual Loops": 1,"Group Key": ["lineitem.l_shipmode"],"Plans": [{"Node Type": "Gather Merge","Parent Relationship": "Outer","Parallel Aware": false,"Async Capable": false,"Startup Cost": 173464.41,"Total Cost": 173610.57,"Plan Rows": 28,"Plan Width": 27,"Actual Startup Time": 404.660,"Actual Total Time": 439.020,"Actual Rows": 10,"Actual Loops": 1,"Workers Planned": 4,"Workers Launched": 4,"Plans": [{"Node Type": "Aggregate","Strategy": "Sorted","Partial Mode": "Partial","Parent Relationship": "Outer","Parallel Aware": false,"Async Capable": false,"Startup Cost": 172464.35,"Total Cost": 172607.18,"Plan Rows": 7,"Plan Width": 27,"Actual Startup Time": 395.608,"Actual Total Time": 396.329,"Actual Rows": 2,"Actual Loops": 5,"Group Key": ["lineitem.l_shipmode"],"Workers": [],"Plans": [{"Node Type": "Sort","Parent Relationship": "Outer","Parallel Aware": false,"Async Capable": false,"Startup Cost": 172464.35,"Total Cost": 172482.19,"Plan Rows": 7138,"Plan Width": 27,"Actual Startup Time": 394.847,"Actual Total Time": 395.092,"Actual Rows": 6167,"Actual Loops": 5,"Sort Key": ["lineitem.l_shipmode"],"Sort Method": "quicksort","Sort Space Used": 628,"Sort Space Type": "Memory","Workers": [{"Worker Number": 0,"Sort Method": "quicksort","Sort Space Used": 605,"Sort Space Type": "Memory"},{"Worker Number": 1,"Sort Method": "quicksort","Sort Space Used": 636,"Sort Space Type": "Memory"},{"Worker Number": 2,"Sort Method": "quicksort","Sort Space Used": 630,"Sort Space Type": "Memory"},{"Worker Number": 3,"Sort Method": "quicksort","Sort Space Used": 631,"Sort Space Type": "Memory"}],"Plans": [{"Node Type": "Nested Loop","Parent Relationship": "Outer","Parallel Aware": false,"Async Capable": false,"Join Type": "Inner","Startup Cost": 0.43,"Total Cost": 172007.47,"Plan Rows": 7138,"Plan Width": 27,"Actual Startup Time": 0.217,"Actual Total Time": 391.901,"Actual Rows": 6167,"Actual Loops": 5,"Inner Unique": true,"Workers": [],"Plans": [{"Node Type": "Seq Scan","Parent Relationship": "Outer","Parallel Aware": true,"Async Capable": false,"Relation Name": "lineitem","Alias": "lineitem","Startup Cost": 0.00,"Total Cost": 146259.83,"Plan Rows": 7138,"Plan Width": 15,"Actual Startup Time": 0.083,"Actual Total Time": 355.645,"Actual Rows": 6167,"Actual Loops": 5,"Filter": "((l_shipmode = ANY ('{AIR,TRUCK}'::bpchar[])) AND (l_commitdate < l_receiptdate) AND (l_shipdate < l_commitdate) AND (l_receiptdate >= '1994-01-01'::date) AND (l_receiptdate < '1995-01-01 00:00:00'::timestamp without time zone))","Rows Removed by Filter": 1194076,"Workers": []},{"Node Type": "Index Scan","Parent Relationship": "Inner","Parallel Aware": false,"Async Capable": false,"Scan Direction": "Forward","Index Name": "orders_pkey","Relation Name": "orders","Alias": "orders","Startup Cost": 0.43,"Total Cost": 3.61,"Plan Rows": 1,"Plan Width": 20,"Actual Startup Time": 0.005,"Actual Total Time": 0.005,"Actual Rows": 1,"Actual Loops": 30837,"Index Cond": "(o_orderkey = lineitem.l_orderkey)","Rows Removed by Index Recheck": 0,"Workers": []}]}]}]}]}]},"Planning Time": 5.098,"Triggers": [],"Execution Time": 439.737}]
[{"Plan": {"Node Type": "Aggregate","Strategy": "Sorted","Partial Mode": "Finalize","Parallel Aware": false,"Async Capable": false,"Startup Cost": 173917.28,"Total Cost": 174067.88,"Plan Rows": 7,"Plan Width": 27,"Actual Startup Time": 394.957,"Actual Total Time": 427.433,"Actual Rows": 2,"Actual Loops": 1,"Group Key": ["lineitem.l_shipmode"],"Plans": [{"Node Type": "Gather Merge","Parent Relationship": "Outer","Parallel Aware": false,"Async Capable": false,"Startup Cost": 173917.28,"Total Cost": 174067.60,"Plan Rows": 28,"Plan Width": 27,"Actual Startup Time": 394.038,"Actual Total Time": 427.390,"Actual Rows": 10,"Actual Loops": 1,"Workers Planned": 4,"Workers Launched": 4,"Plans": [{"Node Type": "Aggregate","Strategy": "Sorted","Partial Mode": "Partial","Parent Relationship": "Outer","Parallel Aware": false,"Async Capable": false,"Startup Cost": 172917.22,"Total Cost": 173064.21,"Plan Rows": 7,"Plan Width": 27,"Actual Startup Time": 385.937,"Actual Total Time": 386.740,"Actual Rows": 2,"Actual Loops": 5,"Group Key": ["lineitem.l_shipmode"],"Workers": [],"Plans": [{"Node Type": "Sort","Parent Relationship": "Outer","Parallel Aware": false,"Async Capable": false,"Startup Cost": 172917.22,"Total Cost": 172935.58,"Plan Rows": 7346,"Plan Width": 27,"Actual Startup Time": 385.175,"Actual Total Time": 385.476,"Actual Rows": 6205,"Actual Loops": 5,"Sort Key": ["lineitem.l_shipmode"],"Sort Method": "quicksort","Sort Space Used": 639,"Sort Space Type": "Memory","Workers": [{"Worker Number": 0,"Sort Method": "quicksort","Sort Space Used": 632,"Sort Space Type": "Memory"},{"Worker Number": 1,"Sort Method": "quicksort","Sort Space Used": 625,"Sort Space Type": "Memory"},{"Worker Number": 2,"Sort Method": "quicksort","Sort Space Used": 636,"Sort Space Type": "Memory"},{"Worker Number": 3,"Sort Method": "quicksort","Sort Space Used": 612,"Sort Space Type": "Memory"}],"Plans": [{"Node Type": "Nested Loop","Parent Relationship": "Outer","Parallel Aware": false,"Async Capable": false,"Join Type": "Inner","Startup Cost": 0.43,"Total Cost": 172445.50,"Plan Rows": 7346,"Plan Width": 27,"Actual Startup Time": 0.232,"Actual Total Time": 382.395,"Actual Rows": 6205,"Actual Loops": 5,"Inner Unique": true,"Workers": [],"Plans": [{"Node Type": "Seq Scan","Parent Relationship": "Outer","Parallel Aware": true,"Async Capable": false,"Relation Name": "lineitem","Alias": "lineitem","Startup Cost": 0.00,"Total Cost": 146259.83,"Plan Rows": 7346,"Plan Width": 15,"Actual Startup Time": 0.133,"Actual Total Time": 347.882,"Actual Rows": 6205,"Actual Loops": 5,"Filter": "((l_shipmode = ANY ('{SHIP,\"REG AIR\"}'::bpchar[])) AND (l_commitdate < l_receiptdate) AND (l_shipdate < l_commitdate) AND (l_receiptdate >= '1995-01-01'::date) AND (l_receiptdate < '1996-01-01 00:00:00'::timestamp without time zone))","Rows Removed by Filter": 1194038,"Workers": []},{"Node Type": "Index Scan","Parent Relationship": "Inner","Parallel Aware": false,"Async Capable": false,"Scan Direction": "Forward","Index Name": "orders_pkey","Relation Name": "orders","Alias": "orders","Startup Cost": 0.43,"Total Cost": 3.56,"Plan Rows": 1,"Plan Width": 20,"Actual Startup Time": 0.005,"Actual Total Time": 0.005,"Actual Rows": 1,"Actual Loops": 31027,"Index Cond": "(o_orderkey = lineitem.l_orderkey)","Rows Removed by Index Recheck": 0,"Workers": []}]}]}]}]}]},"Planning Time": 4.807,"Triggers": [],"Execution Time": 427.835}]
[{"Plan": {"Node Type": "Aggregate","Strategy": "Sorted","Partial Mode": "Finalize","Parallel Aware": false,"Async Capable": false,"Startup Cost": 173642.03,"Total Cost": 173790.09,"Plan Rows": 7,"Plan Width": 27,"Actual Startup Time": 399.535,"Actual Total Time": 432.310,"Actual Rows": 2,"Actual Loops": 1,"Group Key": ["lineitem.l_shipmode"],"Plans": [{"Node Type": "Gather Merge","Parent Relationship": "Outer","Parallel Aware": false,"Async Capable": false,"Startup Cost": 173642.03,"Total Cost": 173789.81,"Plan Rows": 28,"Plan Width": 27,"Actual Startup Time": 398.698,"Actual Total Time": 432.264,"Actual Rows": 10,"Actual Loops": 1,"Workers Planned": 4,"Workers Launched": 4,"Plans": [{"Node Type": "Aggregate","Strategy": "Sorted","Partial Mode": "Partial","Parent Relationship": "Outer","Parallel Aware": false,"Async Capable": false,"Startup Cost": 172641.97,"Total Cost": 172786.42,"Plan Rows": 7,"Plan Width": 27,"Actual Startup Time": 390.218,"Actual Total Time": 390.968,"Actual Rows": 2,"Actual Loops": 5,"Group Key": ["lineitem.l_shipmode"],"Workers": [],"Plans": [{"Node Type": "Sort","Parent Relationship": "Outer","Parallel Aware": false,"Async Capable": false,"Startup Cost": 172641.97,"Total Cost": 172660.02,"Plan Rows": 7219,"Plan Width": 27,"Actual Startup Time": 389.463,"Actual Total Time": 389.715,"Actual Rows": 6266,"Actual Loops": 5,"Sort Key": ["lineitem.l_shipmode"],"Sort Method": "quicksort","Sort Space Used": 623,"Sort Space Type": "Memory","Workers": [{"Worker Number": 0,"Sort Method": "quicksort","Sort Space Used": 648,"Sort Space Type": "Memory"},{"Worker Number": 1,"Sort Method": "quicksort","Sort Space Used": 614,"Sort Space Type": "Memory"},{"Worker Number": 2,"Sort Method": "quicksort","Sort Space Used": 646,"Sort Space Type": "Memory"},{"Worker Number": 3,"Sort Method": "quicksort","Sort Space Used": 635,"Sort Space Type": "Memory"}],"Plans": [{"Node Type": "Nested Loop","Parent Relationship": "Outer","Parallel Aware": false,"Async Capable": false,"Join Type": "Inner","Startup Cost": 0.43,"Total Cost": 172179.32,"Plan Rows": 7219,"Plan Width": 27,"Actual Startup Time": 0.612,"Actual Total Time": 386.568,"Actual Rows": 6266,"Actual Loops": 5,"Inner Unique": true,"Workers": [],"Plans": [{"Node Type": "Seq Scan","Parent Relationship": "Outer","Parallel Aware": true,"Async Capable": false,"Relation Name": "lineitem","Alias": "lineitem","Startup Cost": 0.00,"Total Cost": 146259.83,"Plan Rows": 7219,"Plan Width": 15,"Actual Startup Time": 0.485,"Actual Total Time": 351.344,"Actual Rows": 6266,"Actual Loops": 5,"Filter": "((l_shipmode = ANY ('{MAIL,SHIP}'::bpchar[])) AND (l_commitdate < l_receiptdate) AND (l_shipdate < l_commitdate) AND (l_receiptdate >= '1996-01-01'::date) AND (l_receiptdate < '1997-01-01 00:00:00'::timestamp without time zone))","Rows Removed by Filter": 1193977,"Workers": []},{"Node Type": "Index Scan","Parent Relationship": "Inner","Parallel Aware": false,"Async Capable": false,"Scan Direction": "Forward","Index Name": "orders_pkey","Relation Name": "orders","Alias": "orders","Startup Cost": 0.43,"Total Cost": 3.59,"Plan Rows": 1,"Plan Width": 20,"Actual Startup Time": 0.005,"Actual Total Time": 0.005,"Actual Rows": 1,"Actual Loops": 31329,"Index Cond": "(o_orderkey = lineitem.l_orderkey)","Rows Removed by Index Recheck": 0,"Workers": []}]}]}]}]}]},"Planning Time": 4.824,"Triggers": [],"Execution Time": 432.816}]
[{"Plan": {"Node Type": "Aggregate","Strategy": "Sorted","Partial Mode": "Finalize","Parallel Aware": false,"Async Capable": false,"Startup Cost": 173861.35,"Total Cost": 174011.44,"Plan Rows": 7,"Plan Width": 27,"Actual Startup Time": 398.943,"Actual Total Time": 431.819,"Actual Rows": 2,"Actual Loops": 1,"Group Key": ["lineitem.l_shipmode"],"Plans": [{"Node Type": "Gather Merge","Parent Relationship": "Outer","Parallel Aware": false,"Async Capable": false,"Startup Cost": 173861.35,"Total Cost": 174011.16,"Plan Rows": 28,"Plan Width": 27,"Actual Startup Time": 398.097,"Actual Total Time": 431.775,"Actual Rows": 10,"Actual Loops": 1,"Workers Planned": 4,"Workers Launched": 4,"Plans": [{"Node Type": "Aggregate","Strategy": "Sorted","Partial Mode": "Partial","Parent Relationship": "Outer","Parallel Aware": false,"Async Capable": false,"Startup Cost": 172861.29,"Total Cost": 173007.76,"Plan Rows": 7,"Plan Width": 27,"Actual Startup Time": 389.633,"Actual Total Time": 390.388,"Actual Rows": 2,"Actual Loops": 5,"Group Key": ["lineitem.l_shipmode"],"Workers": [],"Plans": [{"Node Type": "Sort","Parent Relationship": "Outer","Parallel Aware": false,"Async Capable": false,"Startup Cost": 172861.29,"Total Cost": 172879.59,"Plan Rows": 7320,"Plan Width": 27,"Actual Startup Time": 388.890,"Actual Total Time": 389.143,"Actual Rows": 6227,"Actual Loops": 5,"Sort Key": ["lineitem.l_shipmode"],"Sort Method": "quicksort","Sort Space Used": 637,"Sort Space Type": "Memory","Workers": [{"Worker Number": 0,"Sort Method": "quicksort","Sort Space Used": 634,"Sort Space Type": "Memory"},{"Worker Number": 1,"Sort Method": "quicksort","Sort Space Used": 619,"Sort Space Type": "Memory"},{"Worker Number": 2,"Sort Method": "quicksort","Sort Space Used": 627,"Sort Space Type": "Memory"},{"Worker Number": 3,"Sort Method": "quicksort","Sort Space Used": 635,"Sort Space Type": "Memory"}],"Plans": [{"Node Type": "Nested Loop","Parent Relationship": "Outer","Parallel Aware": false,"Async Capable": false,"Join Type": "Inner","Startup Cost": 0.43,"Total Cost": 172391.43,"Plan Rows": 7320,"Plan Width": 27,"Actual Startup Time": 0.336,"Actual Total Time": 386.071,"Actual Rows": 6227,"Actual Loops": 5,"Inner Unique": true,"Workers": [],"Plans": [{"Node Type": "Seq Scan","Parent Relationship": "Outer","Parallel Aware": true,"Async Capable": false,"Relation Name": "lineitem","Alias": "lineitem","Startup Cost": 0.00,"Total Cost": 146259.83,"Plan Rows": 7320,"Plan Width": 15,"Actual Startup Time": 0.224,"Actual Total Time": 351.712,"Actual Rows": 6227,"Actual Loops": 5,"Filter": "((l_shipmode = ANY ('{FOB,SHIP}'::bpchar[])) AND (l_commitdate < l_receiptdate) AND (l_shipdate < l_commitdate) AND (l_receiptdate >= '1993-01-01'::date) AND (l_receiptdate < '1994-01-01 00:00:00'::timestamp without time zone))","Rows Removed by Filter": 1194016,"Workers": []},{"Node Type": "Index Scan","Parent Relationship": "Inner","Parallel Aware": false,"Async Capable": false,"Scan Direction": "Forward","Index Name": "orders_pkey","Relation Name": "orders","Alias": "orders","Startup Cost": 0.43,"Total Cost": 3.57,"Plan Rows": 1,"Plan Width": 20,"Actual Startup Time": 0.005,"Actual Total Time": 0.005,"Actual Rows": 1,"Actual Loops": 31133,"Index Cond": "(o_orderkey = lineitem.l_orderkey)","Rows Removed by Index Recheck": 0,"Workers": []}]}]}]}]}]},"Planning Time": 4.522,"Triggers": [],"Execution Time": 432.317}]
[{"Plan": {"Node Type": "Aggregate","Strategy": "Sorted","Partial Mode": "Finalize","Parallel Aware": false,"Async Capable": false,"Startup Cost": 173627.75,"Total Cost": 173775.71,"Plan Rows": 7,"Plan Width": 27,"Actual Startup Time": 396.174,"Actual Total Time": 430.546,"Actual Rows": 2,"Actual Loops": 1,"Group Key": ["lineitem.l_shipmode"],"Plans": [{"Node Type": "Gather Merge","Parent Relationship": "Outer","Parallel Aware": false,"Async Capable": false,"Startup Cost": 173627.75,"Total Cost": 173775.43,"Plan Rows": 28,"Plan Width": 27,"Actual Startup Time": 395.297,"Actual Total Time": 430.494,"Actual Rows": 10,"Actual Loops": 1,"Workers Planned": 4,"Workers Launched": 4,"Plans": [{"Node Type": "Aggregate","Strategy": "Sorted","Partial Mode": "Partial","Parent Relationship": "Outer","Parallel Aware": false,"Async Capable": false,"Startup Cost": 172627.69,"Total Cost": 172772.04,"Plan Rows": 7,"Plan Width": 27,"Actual Startup Time": 386.999,"Actual Total Time": 387.720,"Actual Rows": 2,"Actual Loops": 5,"Group Key": ["lineitem.l_shipmode"],"Workers": [],"Plans": [{"Node Type": "Sort","Parent Relationship": "Outer","Parallel Aware": false,"Async Capable": false,"Startup Cost": 172627.69,"Total Cost": 172645.72,"Plan Rows": 7214,"Plan Width": 27,"Actual Startup Time": 386.233,"Actual Total Time": 386.474,"Actual Rows": 6259,"Actual Loops": 5,"Sort Key": ["lineitem.l_shipmode"],"Sort Method": "quicksort","Sort Space Used": 649,"Sort Space Type": "Memory","Workers": [{"Worker Number": 0,"Sort Method": "quicksort","Sort Space Used": 619,"Sort Space Type": "Memory"},{"Worker Number": 1,"Sort Method": "quicksort","Sort Space Used": 627,"Sort Space Type": "Memory"},{"Worker Number": 2,"Sort Method": "quicksort","Sort Space Used": 633,"Sort Space Type": "Memory"},{"Worker Number": 3,"Sort Method": "quicksort","Sort Space Used": 635,"Sort Space Type": "Memory"}],"Plans": [{"Node Type": "Nested Loop","Parent Relationship": "Outer","Parallel Aware": false,"Async Capable": false,"Join Type": "Inner","Startup Cost": 0.43,"Total Cost": 172165.39,"Plan Rows": 7214,"Plan Width": 27,"Actual Startup Time": 0.257,"Actual Total Time": 383.392,"Actual Rows": 6259,"Actual Loops": 5,"Inner Unique": true,"Workers": [],"Plans": [{"Node Type": "Seq Scan","Parent Relationship": "Outer","Parallel Aware": true,"Async Capable": false,"Relation Name": "lineitem","Alias": "lineitem","Startup Cost": 0.00,"Total Cost": 146259.83,"Plan Rows": 7213,"Plan Width": 15,"Actual Startup Time": 0.140,"Actual Total Time": 348.159,"Actual Rows": 6259,"Actual Loops": 5,"Filter": "((l_shipmode = ANY ('{\"REG AIR\",MAIL}'::bpchar[])) AND (l_commitdate < l_receiptdate) AND (l_shipdate < l_commitdate) AND (l_receiptdate >= '1997-01-01'::date) AND (l_receiptdate < '1998-01-01 00:00:00'::timestamp without time zone))","Rows Removed by Filter": 1193984,"Workers": []},{"Node Type": "Index Scan","Parent Relationship": "Inner","Parallel Aware": false,"Async Capable": false,"Scan Direction": "Forward","Index Name": "orders_pkey","Relation Name": "orders","Alias": "orders","Startup Cost": 0.43,"Total Cost": 3.59,"Plan Rows": 1,"Plan Width": 20,"Actual Startup Time": 0.005,"Actual Total Time": 0.005,"Actual Rows": 1,"Actual Loops": 31295,"Index Cond": "(o_orderkey = lineitem.l_orderkey)","Rows Removed by Index Recheck": 0,"Workers": []}]}]}]}]}]},"Planning Time": 3.963,"Triggers": [],"Execution Time": 431.238}]
[{"Plan": {"Node Type": "Aggregate","Strategy": "Sorted","Partial Mode": "Finalize","Parallel Aware": false,"Async Capable": false,"Startup Cost": 173485.08,"Total Cost": 173631.69,"Plan Rows": 7,"Plan Width": 27,"Actual Startup Time": 398.274,"Actual Total Time": 431.652,"Actual Rows": 2,"Actual Loops": 1,"Group Key": ["lineitem.l_shipmode"],"Plans": [{"Node Type": "Gather Merge","Parent Relationship": "Outer","Parallel Aware": false,"Async Capable": false,"Startup Cost": 173485.08,"Total Cost": 173631.41,"Plan Rows": 28,"Plan Width": 27,"Actual Startup Time": 397.425,"Actual Total Time": 431.609,"Actual Rows": 10,"Actual Loops": 1,"Workers Planned": 4,"Workers Launched": 4,"Plans": [{"Node Type": "Aggregate","Strategy": "Sorted","Partial Mode": "Partial","Parent Relationship": "Outer","Parallel Aware": false,"Async Capable": false,"Startup Cost": 172485.02,"Total Cost": 172628.01,"Plan Rows": 7,"Plan Width": 27,"Actual Startup Time": 389.412,"Actual Total Time": 390.161,"Actual Rows": 2,"Actual Loops": 5,"Group Key": ["lineitem.l_shipmode"],"Workers": [],"Plans": [{"Node Type": "Sort","Parent Relationship": "Outer","Parallel Aware": false,"Async Capable": false,"Startup Cost": 172485.02,"Total Cost": 172502.89,"Plan Rows": 7146,"Plan Width": 27,"Actual Startup Time": 388.655,"Actual Total Time": 388.911,"Actual Rows": 6188,"Actual Loops": 5,"Sort Key": ["lineitem.l_shipmode"],"Sort Method": "quicksort","Sort Space Used": 635,"Sort Space Type": "Memory","Workers": [{"Worker Number": 0,"Sort Method": "quicksort","Sort Space Used": 622,"Sort Space Type": "Memory"},{"Worker Number": 1,"Sort Method": "quicksort","Sort Space Used": 634,"Sort Space Type": "Memory"},{"Worker Number": 2,"Sort Method": "quicksort","Sort Space Used": 621,"Sort Space Type": "Memory"},{"Worker Number": 3,"Sort Method": "quicksort","Sort Space Used": 625,"Sort Space Type": "Memory"}],"Plans": [{"Node Type": "Nested Loop","Parent Relationship": "Outer","Parallel Aware": false,"Async Capable": false,"Join Type": "Inner","Startup Cost": 0.43,"Total Cost": 172027.58,"Plan Rows": 7146,"Plan Width": 27,"Actual Startup Time": 0.323,"Actual Total Time": 385.813,"Actual Rows": 6188,"Actual Loops": 5,"Inner Unique": true,"Workers": [],"Plans": [{"Node Type": "Seq Scan","Parent Relationship": "Outer","Parallel Aware": true,"Async Capable": false,"Relation Name": "lineitem","Alias": "lineitem","Startup Cost": 0.00,"Total Cost": 146259.83,"Plan Rows": 7147,"Plan Width": 15,"Actual Startup Time": 0.198,"Actual Total Time": 351.709,"Actual Rows": 6188,"Actual Loops": 5,"Filter": "((l_shipmode = ANY ('{MAIL,AIR}'::bpchar[])) AND (l_commitdate < l_receiptdate) AND (l_shipdate < l_commitdate) AND (l_receiptdate >= '1994-01-01'::date) AND (l_receiptdate < '1995-01-01 00:00:00'::timestamp without time zone))","Rows Removed by Filter": 1194055,"Workers": []},{"Node Type": "Index Scan","Parent Relationship": "Inner","Parallel Aware": false,"Async Capable": false,"Scan Direction": "Forward","Index Name": "orders_pkey","Relation Name": "orders","Alias": "orders","Startup Cost": 0.43,"Total Cost": 3.61,"Plan Rows": 1,"Plan Width": 20,"Actual Startup Time": 0.005,"Actual Total Time": 0.005,"Actual Rows": 1,"Actual Loops": 30942,"Index Cond": "(o_orderkey = lineitem.l_orderkey)","Rows Removed by Index Recheck": 0,"Workers": []}]}]}]}]}]},"Planning Time": 5.430,"Triggers": [],"Execution Time": 432.184}]
[{"Plan": {"Node Type": "Aggregate","Strategy": "Sorted","Partial Mode": "Finalize","Parallel Aware": false,"Async Capable": false,"Startup Cost": 173623.66,"Total Cost": 173771.59,"Plan Rows": 7,"Plan Width": 27,"Actual Startup Time": 405.204,"Actual Total Time": 439.075,"Actual Rows": 2,"Actual Loops": 1,"Group Key": ["lineitem.l_shipmode"],"Plans": [{"Node Type": "Gather Merge","Parent Relationship": "Outer","Parallel Aware": false,"Async Capable": false,"Startup Cost": 173623.66,"Total Cost": 173771.31,"Plan Rows": 28,"Plan Width": 27,"Actual Startup Time": 404.340,"Actual Total Time": 439.026,"Actual Rows": 10,"Actual Loops": 1,"Workers Planned": 4,"Workers Launched": 4,"Plans": [{"Node Type": "Aggregate","Strategy": "Sorted","Partial Mode": "Partial","Parent Relationship": "Outer","Parallel Aware": false,"Async Capable": false,"Startup Cost": 172623.60,"Total Cost": 172767.91,"Plan Rows": 7,"Plan Width": 27,"Actual Startup Time": 395.674,"Actual Total Time": 396.412,"Actual Rows": 2,"Actual Loops": 5,"Group Key": ["lineitem.l_shipmode"],"Workers": [],"Plans": [{"Node Type": "Sort","Parent Relationship": "Outer","Parallel Aware": false,"Async Capable": false,"Startup Cost": 172623.60,"Total Cost": 172641.63,"Plan Rows": 7212,"Plan Width": 27,"Actual Startup Time": 394.945,"Actual Total Time": 395.191,"Actual Rows": 6242,"Actual Loops": 5,"Sort Key": ["lineitem.l_shipmode"],"Sort Method": "quicksort","Sort Space Used": 632,"Sort Space Type": "Memory","Workers": [{"Worker Number": 0,"Sort Method": "quicksort","Sort Space Used": 635,"Sort Space Type": "Memory"},{"Worker Number": 1,"Sort Method": "quicksort","Sort Space Used": 648,"Sort Space Type": "Memory"},{"Worker Number": 2,"Sort Method": "quicksort","Sort Space Used": 633,"Sort Space Type": "Memory"},{"Worker Number": 3,"Sort Method": "quicksort","Sort Space Used": 608,"Sort Space Type": "Memory"}],"Plans": [{"Node Type": "Nested Loop","Parent Relationship": "Outer","Parallel Aware": false,"Async Capable": false,"Join Type": "Inner","Startup Cost": 0.43,"Total Cost": 172161.45,"Plan Rows": 7212,"Plan Width": 27,"Actual Startup Time": 0.228,"Actual Total Time": 392.049,"Actual Rows": 6242,"Actual Loops": 5,"Inner Unique": true,"Workers": [],"Plans": [{"Node Type": "Seq Scan","Parent Relationship": "Outer","Parallel Aware": true,"Async Capable": false,"Relation Name": "lineitem","Alias": "lineitem","Startup Cost": 0.00,"Total Cost": 146259.83,"Plan Rows": 7211,"Plan Width": 15,"Actual Startup Time": 0.143,"Actual Total Time": 355.732,"Actual Rows": 6242,"Actual Loops": 5,"Filter": "((l_shipmode = ANY ('{\"REG AIR\",TRUCK}'::bpchar[])) AND (l_commitdate < l_receiptdate) AND (l_shipdate < l_commitdate) AND (l_receiptdate >= '1996-01-01'::date) AND (l_receiptdate < '1997-01-01 00:00:00'::timestamp without time zone))","Rows Removed by Filter": 1194001,"Workers": []},{"Node Type": "Index Scan","Parent Relationship": "Inner","Parallel Aware": false,"Async Capable": false,"Scan Direction": "Forward","Index Name": "orders_pkey","Relation Name": "orders","Alias": "orders","Startup Cost": 0.43,"Total Cost": 3.59,"Plan Rows": 1,"Plan Width": 20,"Actual Startup Time": 0.005,"Actual Total Time": 0.005,"Actual Rows": 1,"Actual Loops": 31208,"Index Cond": "(o_orderkey = lineitem.l_orderkey)","Rows Removed by Index Recheck": 0,"Workers": []}]}]}]}]}]},"Planning Time": 4.729,"Triggers": [],"Execution Time": 439.731}]
[{"Plan": {"Node Type": "Aggregate","Strategy": "Sorted","Partial Mode": "Finalize","Parallel Aware": false,"Async Capable": false,"Startup Cost": 174090.23,"Total Cost": 174242.45,"Plan Rows": 7,"Plan Width": 27,"Actual Startup Time": 397.941,"Actual Total Time": 432.824,"Actual Rows": 2,"Actual Loops": 1,"Group Key": ["lineitem.l_shipmode"],"Plans": [{"Node Type": "Gather Merge","Parent Relationship": "Outer","Parallel Aware": false,"Async Capable": false,"Startup Cost": 174090.23,"Total Cost": 174242.17,"Plan Rows": 28,"Plan Width": 27,"Actual Startup Time": 397.112,"Actual Total Time": 432.767,"Actual Rows": 10,"Actual Loops": 1,"Workers Planned": 4,"Workers Launched": 4,"Plans": [{"Node Type": "Aggregate","Strategy": "Sorted","Partial Mode": "Partial","Parent Relationship": "Outer","Parallel Aware": false,"Async Capable": false,"Startup Cost": 173090.17,"Total Cost": 173238.78,"Plan Rows": 7,"Plan Width": 27,"Actual Startup Time": 388.467,"Actual Total Time": 389.216,"Actual Rows": 2,"Actual Loops": 5,"Group Key": ["lineitem.l_shipmode"],"Workers": [],"Plans": [{"Node Type": "Sort","Parent Relationship": "Outer","Parallel Aware": false,"Async Capable": false,"Startup Cost": 173090.17,"Total Cost": 173108.74,"Plan Rows": 7427,"Plan Width": 27,"Actual Startup Time": 387.692,"Actual Total Time": 387.946,"Actual Rows": 6300,"Actual Loops": 5,"Sort Key": ["lineitem.l_shipmode"],"Sort Method": "quicksort","Sort Space Used": 641,"Sort Space Type": "Memory","Workers": [{"Worker Number": 0,"Sort Method": "quicksort","Sort Space Used": 634,"Sort Space Type": "Memory"},{"Worker Number": 1,"Sort Method": "quicksort","Sort Space Used": 640,"Sort Space Type": "Memory"},{"Worker Number": 2,"Sort Method": "quicksort","Sort Space Used": 628,"Sort Space Type": "Memory"},{"Worker Number": 3,"Sort Method": "quicksort","Sort Space Used": 634,"Sort Space Type": "Memory"}],"Plans": [{"Node Type": "Nested Loop","Parent Relationship": "Outer","Parallel Aware": false,"Async Capable": false,"Join Type": "Inner","Startup Cost": 0.43,"Total Cost": 172612.67,"Plan Rows": 7427,"Plan Width": 27,"Actual Startup Time": 0.321,"Actual Total Time": 384.715,"Actual Rows": 6300,"Actual Loops": 5,"Inner Unique": true,"Workers": [],"Plans": [{"Node Type": "Seq Scan","Parent Relationship": "Outer","Parallel Aware": true,"Async Capable": false,"Relation Name": "lineitem","Alias": "lineitem","Startup Cost": 0.00,"Total Cost": 146259.83,"Plan Rows": 7427,"Plan Width": 15,"Actual Startup Time": 0.185,"Actual Total Time": 349.161,"Actual Rows": 6300,"Actual Loops": 5,"Filter": "((l_shipmode = ANY ('{FOB,AIR}'::bpchar[])) AND (l_commitdate < l_receiptdate) AND (l_shipdate < l_commitdate) AND (l_receiptdate >= '1995-01-01'::date) AND (l_receiptdate < '1996-01-01 00:00:00'::timestamp without time zone))","Rows Removed by Filter": 1193943,"Workers": []},{"Node Type": "Index Scan","Parent Relationship": "Inner","Parallel Aware": false,"Async Capable": false,"Scan Direction": "Forward","Index Name": "orders_pkey","Relation Name": "orders","Alias": "orders","Startup Cost": 0.43,"Total Cost": 3.55,"Plan Rows": 1,"Plan Width": 20,"Actual Startup Time": 0.005,"Actual Total Time": 0.005,"Actual Rows": 1,"Actual Loops": 31499,"Index Cond": "(o_orderkey = lineitem.l_orderkey)","Rows Removed by Index Recheck": 0,"Workers": []}]}]}]}]}]},"Planning Time": 5.199,"Triggers": [],"Execution Time": 433.518}]
[{"Plan": {"Node Type": "Aggregate","Strategy": "Sorted","Partial Mode": "Finalize","Parallel Aware": false,"Async Capable": false,"Startup Cost": 173930.21,"Total Cost": 174080.93,"Plan Rows": 7,"Plan Width": 27,"Actual Startup Time": 400.440,"Actual Total Time": 434.091,"Actual Rows": 2,"Actual Loops": 1,"Group Key": ["lineitem.l_shipmode"],"Plans": [{"Node Type": "Gather Merge","Parent Relationship": "Outer","Parallel Aware": false,"Async Capable": false,"Startup Cost": 173930.21,"Total Cost": 174080.65,"Plan Rows": 28,"Plan Width": 27,"Actual Startup Time": 399.571,"Actual Total Time": 434.061,"Actual Rows": 10,"Actual Loops": 1,"Workers Planned": 4,"Workers Launched": 4,"Plans": [{"Node Type": "Aggregate","Strategy": "Sorted","Partial Mode": "Partial","Parent Relationship": "Outer","Parallel Aware": false,"Async Capable": false,"Startup Cost": 172930.15,"Total Cost": 173077.26,"Plan Rows": 7,"Plan Width": 27,"Actual Startup Time": 391.336,"Actual Total Time": 392.074,"Actual Rows": 2,"Actual Loops": 5,"Group Key": ["lineitem.l_shipmode"],"Workers": [],"Plans": [{"Node Type": "Sort","Parent Relationship": "Outer","Parallel Aware": false,"Async Capable": false,"Startup Cost": 172930.15,"Total Cost": 172948.53,"Plan Rows": 7352,"Plan Width": 27,"Actual Startup Time": 390.578,"Actual Total Time": 390.826,"Actual Rows": 6262,"Actual Loops": 5,"Sort Key": ["lineitem.l_shipmode"],"Sort Method": "quicksort","Sort Space Used": 643,"Sort Space Type": "Memory","Workers": [{"Worker Number": 0,"Sort Method": "quicksort","Sort Space Used": 633,"Sort Space Type": "Memory"},{"Worker Number": 1,"Sort Method": "quicksort","Sort Space Used": 631,"Sort Space Type": "Memory"},{"Worker Number": 2,"Sort Method": "quicksort","Sort Space Used": 628,"Sort Space Type": "Memory"},{"Worker Number": 3,"Sort Method": "quicksort","Sort Space Used": 629,"Sort Space Type": "Memory"}],"Plans": [{"Node Type": "Nested Loop","Parent Relationship": "Outer","Parallel Aware": false,"Async Capable": false,"Join Type": "Inner","Startup Cost": 0.43,"Total Cost": 172458.01,"Plan Rows": 7352,"Plan Width": 27,"Actual Startup Time": 0.315,"Actual Total Time": 387.698,"Actual Rows": 6262,"Actual Loops": 5,"Inner Unique": true,"Workers": [],"Plans": [{"Node Type": "Seq Scan","Parent Relationship": "Outer","Parallel Aware": true,"Async Capable": false,"Relation Name": "lineitem","Alias": "lineitem","Startup Cost": 0.00,"Total Cost": 146259.83,"Plan Rows": 7352,"Plan Width": 15,"Actual Startup Time": 0.196,"Actual Total Time": 353.240,"Actual Rows": 6262,"Actual Loops": 5,"Filter": "((l_shipmode = ANY ('{AIR,SHIP}'::bpchar[])) AND (l_commitdate < l_receiptdate) AND (l_shipdate < l_commitdate) AND (l_receiptdate >= '1995-01-01'::date) AND (l_receiptdate < '1996-01-01 00:00:00'::timestamp without time zone))","Rows Removed by Filter": 1193981,"Workers": []},{"Node Type": "Index Scan","Parent Relationship": "Inner","Parallel Aware": false,"Async Capable": false,"Scan Direction": "Forward","Index Name": "orders_pkey","Relation Name": "orders","Alias": "orders","Startup Cost": 0.43,"Total Cost": 3.56,"Plan Rows": 1,"Plan Width": 20,"Actual Startup Time": 0.005,"Actual Total Time": 0.005,"Actual Rows": 1,"Actual Loops": 31308,"Index Cond": "(o_orderkey = lineitem.l_orderkey)","Rows Removed by Index Recheck": 0,"Workers": []}]}]}]}]}]},"Planning Time": 4.158,"Triggers": [],"Execution Time": 434.496}]
[{"Plan": {"Node Type": "Aggregate","Strategy": "Sorted","Partial Mode": "Finalize","Parallel Aware": false,"Async Capable": false,"Startup Cost": 173946.72,"Total Cost": 174097.61,"Plan Rows": 7,"Plan Width": 27,"Actual Startup Time": 395.781,"Actual Total Time": 430.177,"Actual Rows": 2,"Actual Loops": 1,"Group Key": ["lineitem.l_shipmode"],"Plans": [{"Node Type": "Gather Merge","Parent Relationship": "Outer","Parallel Aware": false,"Async Capable": false,"Startup Cost": 173946.72,"Total Cost": 174097.33,"Plan Rows": 28,"Plan Width": 27,"Actual Startup Time": 394.943,"Actual Total Time": 430.120,"Actual Rows": 10,"Actual Loops": 1,"Workers Planned": 4,"Workers Launched": 4,"Plans": [{"Node Type": "Aggregate","Strategy": "Sorted","Partial Mode": "Partial","Parent Relationship": "Outer","Parallel Aware": false,"Async Capable": false,"Startup Cost": 172946.66,"Total Cost": 173093.93,"Plan Rows": 7,"Plan Width": 27,"Actual Startup Time": 386.840,"Actual Total Time": 387.555,"Actual Rows": 2,"Actual Loops": 5,"Group Key": ["lineitem.l_shipmode"],"Workers": [],"Plans": [{"Node Type": "Sort","Parent Relationship": "Outer","Parallel Aware": false,"Async Capable": false,"Startup Cost": 172946.66,"Total Cost": 172965.06,"Plan Rows": 7360,"Plan Width": 27,"Actual Startup Time": 386.102,"Actual Total Time": 386.336,"Actual Rows": 6187,"Actual Loops": 5,"Sort Key": ["lineitem.l_shipmode"],"Sort Method": "quicksort","Sort Space Used": 634,"Sort Space Type": "Memory","Workers": [{"Worker Number": 0,"Sort Method": "quicksort","Sort Space Used": 619,"Sort Space Type": "Memory"},{"Worker Number": 1,"Sort Method": "quicksort","Sort Space Used": 623,"Sort Space Type": "Memory"},{"Worker Number": 2,"Sort Method": "quicksort","Sort Space Used": 623,"Sort Space Type": "Memory"},{"Worker Number": 3,"Sort Method": "quicksort","Sort Space Used": 638,"Sort Space Type": "Memory"}],"Plans": [{"Node Type": "Nested Loop","Parent Relationship": "Outer","Parallel Aware": false,"Async Capable": false,"Join Type": "Inner","Startup Cost": 0.43,"Total Cost": 172473.95,"Plan Rows": 7360,"Plan Width": 27,"Actual Startup Time": 0.259,"Actual Total Time": 383.268,"Actual Rows": 6187,"Actual Loops": 5,"Inner Unique": true,"Workers": [],"Plans": [{"Node Type": "Seq Scan","Parent Relationship": "Outer","Parallel Aware": true,"Async Capable": false,"Relation Name": "lineitem","Alias": "lineitem","Startup Cost": 0.00,"Total Cost": 146259.83,"Plan Rows": 7360,"Plan Width": 15,"Actual Startup Time": 0.147,"Actual Total Time": 348.241,"Actual Rows": 6187,"Actual Loops": 5,"Filter": "((l_shipmode = ANY ('{MAIL,TRUCK}'::bpchar[])) AND (l_commitdate < l_receiptdate) AND (l_shipdate < l_commitdate) AND (l_receiptdate >= '1993-01-01'::date) AND (l_receiptdate < '1994-01-01 00:00:00'::timestamp without time zone))","Rows Removed by Filter": 1194056,"Workers": []},{"Node Type": "Index Scan","Parent Relationship": "Inner","Parallel Aware": false,"Async Capable": false,"Scan Direction": "Forward","Index Name": "orders_pkey","Relation Name": "orders","Alias": "orders","Startup Cost": 0.43,"Total Cost": 3.56,"Plan Rows": 1,"Plan Width": 20,"Actual Startup Time": 0.005,"Actual Total Time": 0.005,"Actual Rows": 1,"Actual Loops": 30935,"Index Cond": "(o_orderkey = lineitem.l_orderkey)","Rows Removed by Index Recheck": 0,"Workers": []}]}]}]}]}]},"Planning Time": 5.086,"Triggers": [],"Execution Time": 430.638}]
[{"Plan": {"Node Type": "Aggregate","Strategy": "Sorted","Partial Mode": "Finalize","Parallel Aware": false,"Async Capable": false,"Startup Cost": 173682.63,"Total Cost": 173831.08,"Plan Rows": 7,"Plan Width": 27,"Actual Startup Time": 398.801,"Actual Total Time": 431.822,"Actual Rows": 2,"Actual Loops": 1,"Group Key": ["lineitem.l_shipmode"],"Plans": [{"Node Type": "Gather Merge","Parent Relationship": "Outer","Parallel Aware": false,"Async Capable": false,"Startup Cost": 173682.63,"Total Cost": 173830.80,"Plan Rows": 28,"Plan Width": 27,"Actual Startup Time": 397.959,"Actual Total Time": 431.781,"Actual Rows": 10,"Actual Loops": 1,"Workers Planned": 4,"Workers Launched": 4,"Plans": [{"Node Type": "Aggregate","Strategy": "Sorted","Partial Mode": "Partial","Parent Relationship": "Outer","Parallel Aware": false,"Async Capable": false,"Startup Cost": 172682.58,"Total Cost": 172827.41,"Plan Rows": 7,"Plan Width": 27,"Actual Startup Time": 389.710,"Actual Total Time": 390.443,"Actual Rows": 2,"Actual Loops": 5,"Group Key": ["lineitem.l_shipmode"],"Workers": [],"Plans": [{"Node Type": "Sort","Parent Relationship": "Outer","Parallel Aware": false,"Async Capable": false,"Startup Cost": 172682.58,"Total Cost": 172700.67,"Plan Rows": 7238,"Plan Width": 27,"Actual Startup Time": 388.957,"Actual Total Time": 389.195,"Actual Rows": 6260,"Actual Loops": 5,"Sort Key": ["lineitem.l_shipmode"],"Sort Method": "quicksort","Sort Space Used": 634,"Sort Space Type": "Memory","Workers": [{"Worker Number": 0,"Sort Method": "quicksort","Sort Space Used": 629,"Sort Space Type": "Memory"},{"Worker Number": 1,"Sort Method": "quicksort","Sort Space Used": 630,"Sort Space Type": "Memory"},{"Worker Number": 2,"Sort Method": "quicksort","Sort Space Used": 634,"Sort Space Type": "Memory"},{"Worker Number": 3,"Sort Method": "quicksort","Sort Space Used": 636,"Sort Space Type": "Memory"}],"Plans": [{"Node Type": "Nested Loop","Parent Relationship": "Outer","Parallel Aware": false,"Async Capable": false,"Join Type": "Inner","Startup Cost": 0.43,"Total Cost": 172218.57,"Plan Rows": 7238,"Plan Width": 27,"Actual Startup Time": 0.208,"Actual Total Time": 386.196,"Actual Rows": 6260,"Actual Loops": 5,"Inner Unique": true,"Workers": [],"Plans": [{"Node Type": "Seq Scan","Parent Relationship": "Outer","Parallel Aware": true,"Async Capable": false,"Relation Name": "lineitem","Alias": "lineitem","Startup Cost": 0.00,"Total Cost": 146259.83,"Plan Rows": 7238,"Plan Width": 15,"Actual Startup Time": 0.091,"Actual Total Time": 351.764,"Actual Rows": 6260,"Actual Loops": 5,"Filter": "((l_shipmode = ANY ('{FOB,AIR}'::bpchar[])) AND (l_commitdate < l_receiptdate) AND (l_shipdate < l_commitdate) AND (l_receiptdate >= '1996-01-01'::date) AND (l_receiptdate < '1997-01-01 00:00:00'::timestamp without time zone))","Rows Removed by Filter": 1193983,"Workers": []},{"Node Type": "Index Scan","Parent Relationship": "Inner","Parallel Aware": false,"Async Capable": false,"Scan Direction": "Forward","Index Name": "orders_pkey","Relation Name": "orders","Alias": "orders","Startup Cost": 0.43,"Total Cost": 3.59,"Plan Rows": 1,"Plan Width": 20,"Actual Startup Time": 0.005,"Actual Total Time": 0.005,"Actual Rows": 1,"Actual Loops": 31301,"Index Cond": "(o_orderkey = lineitem.l_orderkey)","Rows Removed by Index Recheck": 0,"Workers": []}]}]}]}]}]},"Planning Time": 5.507,"Triggers": [],"Execution Time": 432.205}]
[{"Plan": {"Node Type": "Aggregate","Strategy": "Sorted","Partial Mode": "Finalize","Parallel Aware": false,"Async Capable": false,"Startup Cost": 173543.49,"Total Cost": 173690.66,"Plan Rows": 7,"Plan Width": 27,"Actual Startup Time": 403.242,"Actual Total Time": 437.346,"Actual Rows": 2,"Actual Loops": 1,"Group Key": ["lineitem.l_shipmode"],"Plans": [{"Node Type": "Gather Merge","Parent Relationship": "Outer","Parallel Aware": false,"Async Capable": false,"Startup Cost": 173543.49,"Total Cost": 173690.38,"Plan Rows": 28,"Plan Width": 27,"Actual Startup Time": 402.398,"Actual Total Time": 437.313,"Actual Rows": 10,"Actual Loops": 1,"Workers Planned": 4,"Workers Launched": 4,"Plans": [{"Node Type": "Aggregate","Strategy": "Sorted","Partial Mode": "Partial","Parent Relationship": "Outer","Parallel Aware": false,"Async Capable": false,"Startup Cost": 172543.43,"Total Cost": 172686.98,"Plan Rows": 7,"Plan Width": 27,"Actual Startup Time": 393.969,"Actual Total Time": 394.712,"Actual Rows": 2,"Actual Loops": 5,"Group Key": ["lineitem.l_shipmode"],"Workers": [],"Plans": [{"Node Type": "Sort","Parent Relationship": "Outer","Parallel Aware": false,"Async Capable": false,"Startup Cost": 172543.43,"Total Cost": 172561.37,"Plan Rows": 7174,"Plan Width": 27,"Actual Startup Time": 393.210,"Actual Total Time": 393.458,"Actual Rows": 6232,"Actual Loops": 5,"Sort Key": ["lineitem.l_shipmode"],"Sort Method": "quicksort","Sort Space Used": 636,"Sort Space Type": "Memory","Workers": [{"Worker Number": 0,"Sort Method": "quicksort","Sort Space Used": 620,"Sort Space Type": "Memory"},{"Worker Number": 1,"Sort Method": "quicksort","Sort Space Used": 628,"Sort Space Type": "Memory"},{"Worker Number": 2,"Sort Method": "quicksort","Sort Space Used": 635,"Sort Space Type": "Memory"},{"Worker Number": 3,"Sort Method": "quicksort","Sort Space Used": 634,"Sort Space Type": "Memory"}],"Plans": [{"Node Type": "Nested Loop","Parent Relationship": "Outer","Parallel Aware": false,"Async Capable": false,"Join Type": "Inner","Startup Cost": 0.43,"Total Cost": 172083.99,"Plan Rows": 7174,"Plan Width": 27,"Actual Startup Time": 0.191,"Actual Total Time": 390.301,"Actual Rows": 6232,"Actual Loops": 5,"Inner Unique": true,"Workers": [],"Plans": [{"Node Type": "Seq Scan","Parent Relationship": "Outer","Parallel Aware": true,"Async Capable": false,"Relation Name": "lineitem","Alias": "lineitem","Startup Cost": 0.00,"Total Cost": 146259.83,"Plan Rows": 7174,"Plan Width": 15,"Actual Startup Time": 0.087,"Actual Total Time": 354.754,"Actual Rows": 6232,"Actual Loops": 5,"Filter": "((l_shipmode = ANY ('{MAIL,RAIL}'::bpchar[])) AND (l_commitdate < l_receiptdate) AND (l_shipdate < l_commitdate) AND (l_receiptdate >= '1994-01-01'::date) AND (l_receiptdate < '1995-01-01 00:00:00'::timestamp without time zone))","Rows Removed by Filter": 1194011,"Workers": []},{"Node Type": "Index Scan","Parent Relationship": "Inner","Parallel Aware": false,"Async Capable": false,"Scan Direction": "Forward","Index Name": "orders_pkey","Relation Name": "orders","Alias": "orders","Startup Cost": 0.43,"Total Cost": 3.60,"Plan Rows": 1,"Plan Width": 20,"Actual Startup Time": 0.005,"Actual Total Time": 0.005,"Actual Rows": 1,"Actual Loops": 31159,"Index Cond": "(o_orderkey = lineitem.l_orderkey)","Rows Removed by Index Recheck": 0,"Workers": []}]}]}]}]}]},"Planning Time": 4.752,"Triggers": [],"Execution Time": 437.903}]
