[{"Plan": {"Node Type": "Sort","Parallel Aware": false,"Async Capable": false,"Startup Cost": 10142.20,"Total Cost": 10168.87,"Plan Rows": 10667,"Plan Width": 36,"Actual Startup Time": 452.788,"Actual Total Time": 452.912,"Actual Rows": 869,"Actual Loops": 1,"Sort Key": ["(sum((partsupp.ps_supplycost * (partsupp.ps_availqty)::numeric))) DESC"],"Sort Method": "quicksort","Sort Space Used": 72,"Sort Space Type": "Memory","Plans": [{"Node Type": "Aggregate","Strategy": "Plain","Partial Mode": "Simple","Parent Relationship": "InitPlan","Subplan Name": "InitPlan 1 (returns $2)","Parallel Aware": false,"Async Capable": false,"Startup Cost": 4434.26,"Total Cost": 4434.27,"Plan Rows": 1,"Plan Width": 32,"Actual Startup Time": 133.523,"Actual Total Time": 133.544,"Actual Rows": 1,"Actual Loops": 1,"Plans": [{"Node Type": "Nested Loop","Parent Relationship": "Outer","Parallel Aware": false,"Async Capable": false,"Join Type": "Inner","Startup Cost": 7.81,"Total Cost": 4194.26,"Plan Rows": 32000,"Plan Width": 10,"Actual Startup Time": 0.165,"Actual Total Time": 126.080,"Actual Rows": 32560,"Actual Loops": 1,"Inner Unique": false,"Plans": [{"Node Type": "Nested Loop","Parent Relationship": "Outer","Parallel Aware": false,"Async Capable": false,"Join Type": "Inner","Startup Cost": 7.38,"Total Cost": 244.58,"Plan Rows": 400,"Plan Width": 4,"Actual Startup Time": 0.133,"Actual Total Time": 1.798,"Actual Rows": 407,"Actual Loops": 1,"Inner Unique": false,"Plans": [{"Node Type": "Seq Scan","Parent Relationship": "Outer","Parallel Aware": false,"Async Capable": false,"Relation Name": "nation","Alias": "nation_1","Startup Cost": 0.00,"Total Cost": 1.31,"Plan Rows": 1,"Plan Width": 4,"Actual Startup Time": 0.028,"Actual Total Time": 0.044,"Actual Rows": 1,"Actual Loops": 1,"Filter": "(n_name = 'CHINA'::bpchar)","Rows Removed by Filter": 24},{"Node Type": "Bitmap Heap Scan","Parent Relationship": "Inner","Parallel Aware": false,"Async Capable": false,"Relation Name": "supplier","Alias": "supplier_1","Startup Cost": 7.38,"Total Cost": 239.27,"Plan Rows": 400,"Plan Width": 8,"Actual Startup Time": 0.091,"Actual Total Time": 1.697,"Actual Rows": 407,"Actual Loops": 1,"Recheck Cond": "(s_nationkey = nation_1.n_nationkey)","Rows Removed by Index Recheck": 0,"Exact Heap Blocks": 186,"Lossy Heap Blocks": 0,"Plans": [{"Node Type": "Bitmap Index Scan","Parent Relationship": "Outer","Parallel Aware": false,"Async Capable": false,"Index Name": "idx_supplier_nation_key","Startup Cost": 0.00,"Total Cost": 7.29,"Plan Rows": 400,"Plan Width": 0,"Actual Startup Time": 0.055,"Actual Total Time": 0.061,"Actual Rows": 407,"Actual Loops": 1,"Index Cond": "(s_nationkey = nation_1.n_nationkey)"}]}]},{"Node Type": "Index Scan","Parent Relationship": "Inner","Parallel Aware": false,"Async Capable": false,"Scan Direction": "Forward","Index Name": "idx_partsupp_suppkey","Relation Name": "partsupp","Alias": "partsupp_1","Startup Cost": 0.42,"Total Cost": 9.07,"Plan Rows": 80,"Plan Width": 14,"Actual Startup Time": 0.014,"Actual Total Time": 0.293,"Actual Rows": 80,"Actual Loops": 407,"Index Cond": "(ps_suppkey = supplier_1.s_suppkey)","Rows Removed by Index Recheck": 0}]}]},{"Node Type": "Aggregate","Strategy": "Hashed","Partial Mode": "Simple","Parent Relationship": "Outer","Parallel Aware": false,"Async Capable": false,"Startup Cost": 4514.26,"Total Cost": 4994.26,"Plan Rows": 10667,"Plan Width": 36,"Actual Startup Time": 377.714,"Actual Total Time": 452.344,"Actual Rows": 869,"Actual Loops": 1,"Group Key": ["partsupp.ps_partkey"],"Filter": "(sum((partsupp.ps_supplycost * (partsupp.ps_availqty)::numeric)) > $2)","Planned Partitions": 0,"HashAgg Batches": 1,"Peak Memory Usage": 17937,"Disk Usage": 0,"Rows Removed by Filter": 29770,"Plans": [{"Node Type": "Nested Loop","Parent Relationship": "Outer","Parallel Aware": false,"Async Capable": false,"Join Type": "Inner","Startup Cost": 7.81,"Total Cost": 4194.26,"Plan Rows": 32000,"Plan Width": 14,"Actual Startup Time": 0.336,"Actual Total Time": 203.001,"Actual Rows": 32560,"Actual Loops": 1,"Inner Unique": false,"Plans": [{"Node Type": "Nested Loop","Parent Relationship": "Outer","Parallel Aware": false,"Async Capable": false,"Join Type": "Inner","Startup Cost": 7.38,"Total Cost": 244.58,"Plan Rows": 400,"Plan Width": 4,"Actual Startup Time": 0.273,"Actual Total Time": 2.796,"Actual Rows": 407,"Actual Loops": 1,"Inner Unique": false,"Plans": [{"Node Type": "Seq Scan","Parent Relationship": "Outer","Parallel Aware": false,"Async Capable": false,"Relation Name": "nation","Alias": "nation","Startup Cost": 0.00,"Total Cost": 1.31,"Plan Rows": 1,"Plan Width": 4,"Actual Startup Time": 0.063,"Actual Total Time": 0.079,"Actual Rows": 1,"Actual Loops": 1,"Filter": "(n_name = 'CHINA'::bpchar)","Rows Removed by Filter": 24},{"Node Type": "Bitmap Heap Scan","Parent Relationship": "Inner","Parallel Aware": false,"Async Capable": false,"Relation Name": "supplier","Alias": "supplier","Startup Cost": 7.38,"Total Cost": 239.27,"Plan Rows": 400,"Plan Width": 8,"Actual Startup Time": 0.204,"Actual Total Time": 2.666,"Actual Rows": 407,"Actual Loops": 1,"Recheck Cond": "(s_nationkey = nation.n_nationkey)","Rows Removed by Index Recheck": 0,"Exact Heap Blocks": 186,"Lossy Heap Blocks": 0,"Plans": [{"Node Type": "Bitmap Index Scan","Parent Relationship": "Outer","Parallel Aware": false,"Async Capable": false,"Index Name": "idx_supplier_nation_key","Startup Cost": 0.00,"Total Cost": 7.29,"Plan Rows": 400,"Plan Width": 0,"Actual Startup Time": 0.129,"Actual Total Time": 0.129,"Actual Rows": 407,"Actual Loops": 1,"Index Cond": "(s_nationkey = nation.n_nationkey)"}]}]},{"Node Type": "Index Scan","Parent Relationship": "Inner","Parallel Aware": false,"Async Capable": false,"Scan Direction": "Forward","Index Name": "idx_partsupp_suppkey","Relation Name": "partsupp","Alias": "partsupp","Startup Cost": 0.42,"Total Cost": 9.07,"Plan Rows": 80,"Plan Width": 18,"Actual Startup Time": 0.020,"Actual Total Time": 0.480,"Actual Rows": 80,"Actual Loops": 407,"Index Cond": "(ps_suppkey = supplier.s_suppkey)","Rows Removed by Index Recheck": 0}]}]}]},"Planning Time": 7.317,"Triggers": [],"Execution Time": 456.700}]
[{"Plan": {"Node Type": "Sort","Parallel Aware": false,"Async Capable": false,"Startup Cost": 10142.20,"Total Cost": 10168.87,"Plan Rows": 10667,"Plan Width": 36,"Actual Startup Time": 479.473,"Actual Total Time": 479.584,"Actual Rows": 514,"Actual Loops": 1,"Sort Key": ["(sum((partsupp.ps_supplycost * (partsupp.ps_availqty)::numeric))) DESC"],"Sort Method": "quicksort","Sort Space Used": 53,"Sort Space Type": "Memory","Plans": [{"Node Type": "Aggregate","Strategy": "Plain","Partial Mode": "Simple","Parent Relationship": "InitPlan","Subplan Name": "InitPlan 1 (returns $2)","Parallel Aware": false,"Async Capable": false,"Startup Cost": 4434.26,"Total Cost": 4434.27,"Plan Rows": 1,"Plan Width": 32,"Actual Startup Time": 141.847,"Actual Total Time": 141.875,"Actual Rows": 1,"Actual Loops": 1,"Plans": [{"Node Type": "Nested Loop","Parent Relationship": "Outer","Parallel Aware": false,"Async Capable": false,"Join Type": "Inner","Startup Cost": 7.81,"Total Cost": 4194.26,"Plan Rows": 32000,"Plan Width": 10,"Actual Startup Time": 0.217,"Actual Total Time": 133.744,"Actual Rows": 35040,"Actual Loops": 1,"Inner Unique": false,"Plans": [{"Node Type": "Nested Loop","Parent Relationship": "Outer","Parallel Aware": false,"Async Capable": false,"Join Type": "Inner","Startup Cost": 7.38,"Total Cost": 244.58,"Plan Rows": 400,"Plan Width": 4,"Actual Startup Time": 0.176,"Actual Total Time": 1.973,"Actual Rows": 438,"Actual Loops": 1,"Inner Unique": false,"Plans": [{"Node Type": "Seq Scan","Parent Relationship": "Outer","Parallel Aware": false,"Async Capable": false,"Relation Name": "nation","Alias": "nation_1","Startup Cost": 0.00,"Total Cost": 1.31,"Plan Rows": 1,"Plan Width": 4,"Actual Startup Time": 0.030,"Actual Total Time": 0.050,"Actual Rows": 1,"Actual Loops": 1,"Filter": "(n_name = 'IRAQ'::bpchar)","Rows Removed by Filter": 24},{"Node Type": "Bitmap Heap Scan","Parent Relationship": "Inner","Parallel Aware": false,"Async Capable": false,"Relation Name": "supplier","Alias": "supplier_1","Startup Cost": 7.38,"Total Cost": 239.27,"Plan Rows": 400,"Plan Width": 8,"Actual Startup Time": 0.128,"Actual Total Time": 1.851,"Actual Rows": 438,"Actual Loops": 1,"Recheck Cond": "(s_nationkey = nation_1.n_nationkey)","Rows Removed by Index Recheck": 0,"Exact Heap Blocks": 194,"Lossy Heap Blocks": 0,"Plans": [{"Node Type": "Bitmap Index Scan","Parent Relationship": "Outer","Parallel Aware": false,"Async Capable": false,"Index Name": "idx_supplier_nation_key","Startup Cost": 0.00,"Total Cost": 7.29,"Plan Rows": 400,"Plan Width": 0,"Actual Startup Time": 0.090,"Actual Total Time": 0.096,"Actual Rows": 438,"Actual Loops": 1,"Index Cond": "(s_nationkey = nation_1.n_nationkey)"}]}]},{"Node Type": "Index Scan","Parent Relationship": "Inner","Parallel Aware": false,"Async Capable": false,"Scan Direction": "Forward","Index Name": "idx_partsupp_suppkey","Relation Name": "partsupp","Alias": "partsupp_1","Startup Cost": 0.42,"Total Cost": 9.07,"Plan Rows": 80,"Plan Width": 14,"Actual Startup Time": 0.014,"Actual Total Time": 0.289,"Actual Rows": 80,"Actual Loops": 438,"Index Cond": "(ps_suppkey = supplier_1.s_suppkey)","Rows Removed by Index Recheck": 0}]}]},{"Node Type": "Aggregate","Strategy": "Hashed","Partial Mode": "Simple","Parent Relationship": "Outer","Parallel Aware": false,"Async Capable": false,"Startup Cost": 4514.26,"Total Cost": 4994.26,"Plan Rows": 10667,"Plan Width": 36,"Actual Startup Time": 398.650,"Actual Total Time": 479.180,"Actual Rows": 514,"Actual Loops": 1,"Group Key": ["partsupp.ps_partkey"],"Filter": "(sum((partsupp.ps_supplycost * (partsupp.ps_availqty)::numeric)) > $2)","Planned Partitions": 0,"HashAgg Batches": 1,"Peak Memory Usage": 17937,"Disk Usage": 0,"Rows Removed by Filter": 32385,"Plans": [{"Node Type": "Nested Loop","Parent Relationship": "Outer","Parallel Aware": false,"Async Capable": false,"Join Type": "Inner","Startup Cost": 7.81,"Total Cost": 4194.26,"Plan Rows": 32000,"Plan Width": 14,"Actual Startup Time": 0.368,"Actual Total Time": 210.024,"Actual Rows": 35040,"Actual Loops": 1,"Inner Unique": false,"Plans": [{"Node Type": "Nested Loop","Parent Relationship": "Outer","Parallel Aware": false,"Async Capable": false,"Join Type": "Inner","Startup Cost": 7.38,"Total Cost": 244.58,"Plan Rows": 400,"Plan Width": 4,"Actual Startup Time": 0.322,"Actual Total Time": 2.894,"Actual Rows": 438,"Actual Loops": 1,"Inner Unique": false,"Plans": [{"Node Type": "Seq Scan","Parent Relationship": "Outer","Parallel Aware": false,"Async Capable": false,"Relation Name": "nation","Alias": "nation","Startup Cost": 0.00,"Total Cost": 1.31,"Plan Rows": 1,"Plan Width": 4,"Actual Startup Time": 0.077,"Actual Total Time": 0.103,"Actual Rows": 1,"Actual Loops": 1,"Filter": "(n_name = 'IRAQ'::bpchar)","Rows Removed by Filter": 24},{"Node Type": "Bitmap Heap Scan","Parent Relationship": "Inner","Parallel Aware": false,"Async Capable": false,"Relation Name": "supplier","Alias": "supplier","Startup Cost": 7.38,"Total Cost": 239.27,"Plan Rows": 400,"Plan Width": 8,"Actual Startup Time": 0.239,"Actual Total Time": 2.735,"Actual Rows": 438,"Actual Loops": 1,"Recheck Cond": "(s_nationkey = nation.n_nationkey)","Rows Removed by Index Recheck": 0,"Exact Heap Blocks": 194,"Lossy Heap Blocks": 0,"Plans": [{"Node Type": "Bitmap Index Scan","Parent Relationship": "Outer","Parallel Aware": false,"Async Capable": false,"Index Name": "idx_supplier_nation_key","Startup Cost": 0.00,"Total Cost": 7.29,"Plan Rows": 400,"Plan Width": 0,"Actual Startup Time": 0.165,"Actual Total Time": 0.169,"Actual Rows": 438,"Actual Loops": 1,"Index Cond": "(s_nationkey = nation.n_nationkey)"}]}]},{"Node Type": "Index Scan","Parent Relationship": "Inner","Parallel Aware": false,"Async Capable": false,"Scan Direction": "Forward","Index Name": "idx_partsupp_suppkey","Relation Name": "partsupp","Alias": "partsupp","Startup Cost": 0.42,"Total Cost": 9.07,"Plan Rows": 80,"Plan Width": 18,"Actual Startup Time": 0.019,"Actual Total Time": 0.461,"Actual Rows": 80,"Actual Loops": 438,"Index Cond": "(ps_suppkey = supplier.s_suppkey)","Rows Removed by Index Recheck": 0}]}]}]},"Planning Time": 5.748,"Triggers": [],"Execution Time": 483.087}]
[{"Plan": {"Node Type": "Sort","Parallel Aware": false,"Async Capable": false,"Startup Cost": 10142.20,"Total Cost": 10168.87,"Plan Rows": 10667,"Plan Width": 36,"Actual Startup Time": 438.718,"Actual Total Time": 438.846,"Actual Rows": 919,"Actual Loops": 1,"Sort Key": ["(sum((partsupp.ps_supplycost * (partsupp.ps_availqty)::numeric))) DESC"],"Sort Method": "quicksort","Sort Space Used": 75,"Sort Space Type": "Memory","Plans": [{"Node Type": "Aggregate","Strategy": "Plain","Partial Mode": "Simple","Parent Relationship": "InitPlan","Subplan Name": "InitPlan 1 (returns $2)","Parallel Aware": false,"Async Capable": false,"Startup Cost": 4434.26,"Total Cost": 4434.27,"Plan Rows": 1,"Plan Width": 32,"Actual Startup Time": 130.550,"Actual Total Time": 130.572,"Actual Rows": 1,"Actual Loops": 1,"Plans": [{"Node Type": "Nested Loop","Parent Relationship": "Outer","Parallel Aware": false,"Async Capable": false,"Join Type": "Inner","Startup Cost": 7.81,"Total Cost": 4194.26,"Plan Rows": 32000,"Plan Width": 10,"Actual Startup Time": 0.239,"Actual Total Time": 123.231,"Actual Rows": 32080,"Actual Loops": 1,"Inner Unique": false,"Plans": [{"Node Type": "Nested Loop","Parent Relationship": "Outer","Parallel Aware": false,"Async Capable": false,"Join Type": "Inner","Startup Cost": 7.38,"Total Cost": 244.58,"Plan Rows": 400,"Plan Width": 4,"Actual Startup Time": 0.189,"Actual Total Time": 1.751,"Actual Rows": 401,"Actual Loops": 1,"Inner Unique": false,"Plans": [{"Node Type": "Seq Scan","Parent Relationship": "Outer","Parallel Aware": false,"Async Capable": false,"Relation Name": "nation","Alias": "nation_1","Startup Cost": 0.00,"Total Cost": 1.31,"Plan Rows": 1,"Plan Width": 4,"Actual Startup Time": 0.044,"Actual Total Time": 0.061,"Actual Rows": 1,"Actual Loops": 1,"Filter": "(n_name = 'RUSSIA'::bpchar)","Rows Removed by Filter": 24},{"Node Type": "Bitmap Heap Scan","Parent Relationship": "Inner","Parallel Aware": false,"Async Capable": false,"Relation Name": "supplier","Alias": "supplier_1","Startup Cost": 7.38,"Total Cost": 239.27,"Plan Rows": 400,"Plan Width": 8,"Actual Startup Time": 0.130,"Actual Total Time": 1.632,"Actual Rows": 401,"Actual Loops": 1,"Recheck Cond": "(s_nationkey = nation_1.n_nationkey)","Rows Removed by Index Recheck": 0,"Exact Heap Blocks": 180,"Lossy Heap Blocks": 0,"Plans": [{"Node Type": "Bitmap Index Scan","Parent Relationship": "Outer","Parallel Aware": false,"Async Capable": false,"Index Name": "idx_supplier_nation_key","Startup Cost": 0.00,"Total Cost": 7.29,"Plan Rows": 400,"Plan Width": 0,"Actual Startup Time": 0.092,"Actual Total Time": 0.094,"Actual Rows": 401,"Actual Loops": 1,"Index Cond": "(s_nationkey = nation_1.n_nationkey)"}]}]},{"Node Type": "Index Scan","Parent Relationship": "Inner","Parallel Aware": false,"Async Capable": false,"Scan Direction": "Forward","Index Name": "idx_partsupp_suppkey","Relation Name": "partsupp","Alias": "partsupp_1","Startup Cost": 0.42,"Total Cost": 9.07,"Plan Rows": 80,"Plan Width": 14,"Actual Startup Time": 0.014,"Actual Total Time": 0.291,"Actual Rows": 80,"Actual Loops": 401,"Index Cond": "(ps_suppkey = supplier_1.s_suppkey)","Rows Removed by Index Recheck": 0}]}]},{"Node Type": "Aggregate","Strategy": "Hashed","Partial Mode": "Simple","Parent Relationship": "Outer","Parallel Aware": false,"Async Capable": false,"Startup Cost": 4514.26,"Total Cost": 4994.26,"Plan Rows": 10667,"Plan Width": 36,"Actual Startup Time": 367.075,"Actual Total Time": 438.260,"Actual Rows": 919,"Actual Loops": 1,"Group Key": ["partsupp.ps_partkey"],"Filter": "(sum((partsupp.ps_supplycost * (partsupp.ps_availqty)::numeric)) > $2)","Planned Partitions": 0,"HashAgg Batches": 1,"Peak Memory Usage": 17937,"Disk Usage": 0,"Rows Removed by Filter": 29289,"Plans": [{"Node Type": "Nested Loop","Parent Relationship": "Outer","Parallel Aware": false,"Async Capable": false,"Join Type": "Inner","Startup Cost": 7.81,"Total Cost": 4194.26,"Plan Rows": 32000,"Plan Width": 14,"Actual Startup Time": 0.388,"Actual Total Time": 194.500,"Actual Rows": 32080,"Actual Loops": 1,"Inner Unique": false,"Plans": [{"Node Type": "Nested Loop","Parent Relationship": "Outer","Parallel Aware": false,"Async Capable": false,"Join Type": "Inner","Startup Cost": 7.38,"Total Cost": 244.58,"Plan Rows": 400,"Plan Width": 4,"Actual Startup Time": 0.281,"Actual Total Time": 2.675,"Actual Rows": 401,"Actual Loops": 1,"Inner Unique": false,"Plans": [{"Node Type": "Seq Scan","Parent Relationship": "Outer","Parallel Aware": false,"Async Capable": false,"Relation Name": "nation","Alias": "nation","Startup Cost": 0.00,"Total Cost": 1.31,"Plan Rows": 1,"Plan Width": 4,"Actual Startup Time": 0.057,"Actual Total Time": 0.080,"Actual Rows": 1,"Actual Loops": 1,"Filter": "(n_name = 'RUSSIA'::bpchar)","Rows Removed by Filter": 24},{"Node Type": "Bitmap Heap Scan","Parent Relationship": "Inner","Parallel Aware": false,"Async Capable": false,"Relation Name": "supplier","Alias": "supplier","Startup Cost": 7.38,"Total Cost": 239.27,"Plan Rows": 400,"Plan Width": 8,"Actual Startup Time": 0.220,"Actual Total Time": 2.546,"Actual Rows": 401,"Actual Loops": 1,"Recheck Cond": "(s_nationkey = nation.n_nationkey)","Rows Removed by Index Recheck": 0,"Exact Heap Blocks": 180,"Lossy Heap Blocks": 0,"Plans": [{"Node Type": "Bitmap Index Scan","Parent Relationship": "Outer","Parallel Aware": false,"Async Capable": false,"Index Name": "idx_supplier_nation_key","Startup Cost": 0.00,"Total Cost": 7.29,"Plan Rows": 400,"Plan Width": 0,"Actual Startup Time": 0.151,"Actual Total Time": 0.154,"Actual Rows": 401,"Actual Loops": 1,"Index Cond": "(s_nationkey = nation.n_nationkey)"}]}]},{"Node Type": "Index Scan","Parent Relationship": "Inner","Parallel Aware": false,"Async Capable": false,"Scan Direction": "Forward","Index Name": "idx_partsupp_suppkey","Relation Name": "partsupp","Alias": "partsupp","Startup Cost": 0.42,"Total Cost": 9.07,"Plan Rows": 80,"Plan Width": 18,"Actual Startup Time": 0.018,"Actual Total Time": 0.467,"Actual Rows": 80,"Actual Loops": 401,"Index Cond": "(ps_suppkey = supplier.s_suppkey)","Rows Removed by Index Recheck": 0}]}]}]},"Planning Time": 6.216,"Triggers": [],"Execution Time": 442.343}]
[{"Plan": {"Node Type": "Sort","Parallel Aware": false,"Async Capable": false,"Startup Cost": 10142.20,"Total Cost": 10168.87,"Plan Rows": 10667,"Plan Width": 36,"Actual Startup Time": 400.788,"Actual Total Time": 400.942,"Actual Rows": 1469,"Actual Loops": 1,"Sort Key": ["(sum((partsupp.ps_supplycost * (partsupp.ps_availqty)::numeric))) DESC"],"Sort Method": "quicksort","Sort Space Used": 129,"Sort Space Type": "Memory","Plans": [{"Node Type": "Aggregate","Strategy": "Plain","Partial Mode": "Simple","Parent Relationship": "InitPlan","Subplan Name": "InitPlan 1 (returns $2)","Parallel Aware": false,"Async Capable": false,"Startup Cost": 4434.26,"Total Cost": 4434.27,"Plan Rows": 1,"Plan Width": 32,"Actual Startup Time": 117.250,"Actual Total Time": 117.272,"Actual Rows": 1,"Actual Loops": 1,"Plans": [{"Node Type": "Nested Loop","Parent Relationship": "Outer","Parallel Aware": false,"Async Capable": false,"Join Type": "Inner","Startup Cost": 7.81,"Total Cost": 4194.26,"Plan Rows": 32000,"Plan Width": 10,"Actual Startup Time": 0.216,"Actual Total Time": 110.575,"Actual Rows": 28960,"Actual Loops": 1,"Inner Unique": false,"Plans": [{"Node Type": "Nested Loop","Parent Relationship": "Outer","Parallel Aware": false,"Async Capable": false,"Join Type": "Inner","Startup Cost": 7.38,"Total Cost": 244.58,"Plan Rows": 400,"Plan Width": 4,"Actual Startup Time": 0.161,"Actual Total Time": 1.515,"Actual Rows": 362,"Actual Loops": 1,"Inner Unique": false,"Plans": [{"Node Type": "Seq Scan","Parent Relationship": "Outer","Parallel Aware": false,"Async Capable": false,"Relation Name": "nation","Alias": "nation_1","Startup Cost": 0.00,"Total Cost": 1.31,"Plan Rows": 1,"Plan Width": 4,"Actual Startup Time": 0.032,"Actual Total Time": 0.051,"Actual Rows": 1,"Actual Loops": 1,"Filter": "(n_name = 'JORDAN'::bpchar)","Rows Removed by Filter": 24},{"Node Type": "Bitmap Heap Scan","Parent Relationship": "Inner","Parallel Aware": false,"Async Capable": false,"Relation Name": "supplier","Alias": "supplier_1","Startup Cost": 7.38,"Total Cost": 239.27,"Plan Rows": 400,"Plan Width": 8,"Actual Startup Time": 0.117,"Actual Total Time": 1.415,"Actual Rows": 362,"Actual Loops": 1,"Recheck Cond": "(s_nationkey = nation_1.n_nationkey)","Rows Removed by Index Recheck": 0,"Exact Heap Blocks": 166,"Lossy Heap Blocks": 0,"Plans": [{"Node Type": "Bitmap Index Scan","Parent Relationship": "Outer","Parallel Aware": false,"Async Capable": false,"Index Name": "idx_supplier_nation_key","Startup Cost": 0.00,"Total Cost": 7.29,"Plan Rows": 400,"Plan Width": 0,"Actual Startup Time": 0.075,"Actual Total Time": 0.079,"Actual Rows": 362,"Actual Loops": 1,"Index Cond": "(s_nationkey = nation_1.n_nationkey)"}]}]},{"Node Type": "Index Scan","Parent Relationship": "Inner","Parallel Aware": false,"Async Capable": false,"Scan Direction": "Forward","Index Name": "idx_partsupp_suppkey","Relation Name": "partsupp","Alias": "partsupp_1","Startup Cost": 0.42,"Total Cost": 9.07,"Plan Rows": 80,"Plan Width": 14,"Actual Startup Time": 0.014,"Actual Total Time": 0.289,"Actual Rows": 80,"Actual Loops": 362,"Index Cond": "(ps_suppkey = supplier_1.s_suppkey)","Rows Removed by Index Recheck": 0}]}]},{"Node Type": "Aggregate","Strategy": "Hashed","Partial Mode": "Simple","Parent Relationship": "Outer","Parallel Aware": false,"Async Capable": false,"Startup Cost": 4514.26,"Total Cost": 4994.26,"Plan Rows": 10667,"Plan Width": 36,"Actual Startup Time": 338.606,"Actual Total Time": 400.138,"Actual Rows": 1469,"Actual Loops": 1,"Group Key": ["partsupp.ps_partkey"],"Filter": "(sum((partsupp.ps_supplycost * (partsupp.ps_availqty)::numeric)) > $2)","Planned Partitions": 0,"HashAgg Batches": 1,"Peak Memory Usage": 17937,"Disk Usage": 0,"Rows Removed by Filter": 25896,"Plans": [{"Node Type": "Nested Loop","Parent Relationship": "Outer","Parallel Aware": false,"Async Capable": false,"Join Type": "Inner","Startup Cost": 7.81,"Total Cost": 4194.26,"Plan Rows": 32000,"Plan Width": 14,"Actual Startup Time": 0.314,"Actual Total Time": 181.118,"Actual Rows": 28960,"Actual Loops": 1,"Inner Unique": false,"Plans": [{"Node Type": "Nested Loop","Parent Relationship": "Outer","Parallel Aware": false,"Async Capable": false,"Join Type": "Inner","Startup Cost": 7.38,"Total Cost": 244.58,"Plan Rows": 400,"Plan Width": 4,"Actual Startup Time": 0.258,"Actual Total Time": 2.692,"Actual Rows": 362,"Actual Loops": 1,"Inner Unique": false,"Plans": [{"Node Type": "Seq Scan","Parent Relationship": "Outer","Parallel Aware": false,"Async Capable": false,"Relation Name": "nation","Alias": "nation","Startup Cost": 0.00,"Total Cost": 1.31,"Plan Rows": 1,"Plan Width": 4,"Actual Startup Time": 0.077,"Actual Total Time": 0.107,"Actual Rows": 1,"Actual Loops": 1,"Filter": "(n_name = 'JORDAN'::bpchar)","Rows Removed by Filter": 24},{"Node Type": "Bitmap Heap Scan","Parent Relationship": "Inner","Parallel Aware": false,"Async Capable": false,"Relation Name": "supplier","Alias": "supplier","Startup Cost": 7.38,"Total Cost": 239.27,"Plan Rows": 400,"Plan Width": 8,"Actual Startup Time": 0.172,"Actual Total Time": 2.539,"Actual Rows": 362,"Actual Loops": 1,"Recheck Cond": "(s_nationkey = nation.n_nationkey)","Rows Removed by Index Recheck": 0,"Exact Heap Blocks": 166,"Lossy Heap Blocks": 0,"Plans": [{"Node Type": "Bitmap Index Scan","Parent Relationship": "Outer","Parallel Aware": false,"Async Capable": false,"Index Name": "idx_supplier_nation_key","Startup Cost": 0.00,"Total Cost": 7.29,"Plan Rows": 400,"Plan Width": 0,"Actual Startup Time": 0.117,"Actual Total Time": 0.118,"Actual Rows": 362,"Actual Loops": 1,"Index Cond": "(s_nationkey = nation.n_nationkey)"}]}]},{"Node Type": "Index Scan","Parent Relationship": "Inner","Parallel Aware": false,"Async Capable": false,"Scan Direction": "Forward","Index Name": "idx_partsupp_suppkey","Relation Name": "partsupp","Alias": "partsupp","Startup Cost": 0.42,"Total Cost": 9.07,"Plan Rows": 80,"Plan Width": 18,"Actual Startup Time": 0.019,"Actual Total Time": 0.481,"Actual Rows": 80,"Actual Loops": 362,"Index Cond": "(ps_suppkey = supplier.s_suppkey)","Rows Removed by Index Recheck": 0}]}]}]},"Planning Time": 6.843,"Triggers": [],"Execution Time": 403.999}]
[{"Plan": {"Node Type": "Sort","Parallel Aware": false,"Async Capable": false,"Startup Cost": 10142.20,"Total Cost": 10168.87,"Plan Rows": 10667,"Plan Width": 36,"Actual Startup Time": 433.878,"Actual Total Time": 434.021,"Actual Rows": 1048,"Actual Loops": 1,"Sort Key": ["(sum((partsupp.ps_supplycost * (partsupp.ps_availqty)::numeric))) DESC"],"Sort Method": "quicksort","Sort Space Used": 106,"Sort Space Type": "Memory","Plans": [{"Node Type": "Aggregate","Strategy": "Plain","Partial Mode": "Simple","Parent Relationship": "InitPlan","Subplan Name": "InitPlan 1 (returns $2)","Parallel Aware": false,"Async Capable": false,"Startup Cost": 4434.26,"Total Cost": 4434.27,"Plan Rows": 1,"Plan Width": 32,"Actual Startup Time": 128.490,"Actual Total Time": 128.514,"Actual Rows": 1,"Actual Loops": 1,"Plans": [{"Node Type": "Nested Loop","Parent Relationship": "Outer","Parallel Aware": false,"Async Capable": false,"Join Type": "Inner","Startup Cost": 7.81,"Total Cost": 4194.26,"Plan Rows": 32000,"Plan Width": 10,"Actual Startup Time": 0.194,"Actual Total Time": 121.249,"Actual Rows": 31680,"Actual Loops": 1,"Inner Unique": false,"Plans": [{"Node Type": "Nested Loop","Parent Relationship": "Outer","Parallel Aware": false,"Async Capable": false,"Join Type": "Inner","Startup Cost": 7.38,"Total Cost": 244.58,"Plan Rows": 400,"Plan Width": 4,"Actual Startup Time": 0.149,"Actual Total Time": 1.791,"Actual Rows": 396,"Actual Loops": 1,"Inner Unique": false,"Plans": [{"Node Type": "Seq Scan","Parent Relationship": "Outer","Parallel Aware": false,"Async Capable": false,"Relation Name": "nation","Alias": "nation_1","Startup Cost": 0.00,"Total Cost": 1.31,"Plan Rows": 1,"Plan Width": 4,"Actual Startup Time": 0.037,"Actual Total Time": 0.065,"Actual Rows": 1,"Actual Loops": 1,"Filter": "(n_name = 'GERMANY'::bpchar)","Rows Removed by Filter": 24},{"Node Type": "Bitmap Heap Scan","Parent Relationship": "Inner","Parallel Aware": false,"Async Capable": false,"Relation Name": "supplier","Alias": "supplier_1","Startup Cost": 7.38,"Total Cost": 239.27,"Plan Rows": 400,"Plan Width": 8,"Actual Startup Time": 0.101,"Actual Total Time": 1.663,"Actual Rows": 396,"Actual Loops": 1,"Recheck Cond": "(s_nationkey = nation_1.n_nationkey)","Rows Removed by Index Recheck": 0,"Exact Heap Blocks": 191,"Lossy Heap Blocks": 0,"Plans": [{"Node Type": "Bitmap Index Scan","Parent Relationship": "Outer","Parallel Aware": false,"Async Capable": false,"Index Name": "idx_supplier_nation_key","Startup Cost": 0.00,"Total Cost": 7.29,"Plan Rows": 400,"Plan Width": 0,"Actual Startup Time": 0.064,"Actual Total Time": 0.071,"Actual Rows": 396,"Actual Loops": 1,"Index Cond": "(s_nationkey = nation_1.n_nationkey)"}]}]},{"Node Type": "Index Scan","Parent Relationship": "Inner","Parallel Aware": false,"Async Capable": false,"Scan Direction": "Forward","Index Name": "idx_partsupp_suppkey","Relation Name": "partsupp","Alias": "partsupp_1","Startup Cost": 0.42,"Total Cost": 9.07,"Plan Rows": 80,"Plan Width": 14,"Actual Startup Time": 0.014,"Actual Total Time": 0.289,"Actual Rows": 80,"Actual Loops": 396,"Index Cond": "(ps_suppkey = supplier_1.s_suppkey)","Rows Removed by Index Recheck": 0}]}]},{"Node Type": "Aggregate","Strategy": "Hashed","Partial Mode": "Simple","Parent Relationship": "Outer","Parallel Aware": false,"Async Capable": false,"Startup Cost": 4514.26,"Total Cost": 4994.26,"Plan Rows": 10667,"Plan Width": 36,"Actual Startup Time": 363.472,"Actual Total Time": 433.375,"Actual Rows": 1048,"Actual Loops": 1,"Group Key": ["partsupp.ps_partkey"],"Filter": "(sum((partsupp.ps_supplycost * (partsupp.ps_availqty)::numeric)) > $2)","Planned Partitions": 0,"HashAgg Batches": 1,"Peak Memory Usage": 17937,"Disk Usage": 0,"Rows Removed by Filter": 28770,"Plans": [{"Node Type": "Nested Loop","Parent Relationship": "Outer","Parallel Aware": false,"Async Capable": false,"Join Type": "Inner","Startup Cost": 7.81,"Total Cost": 4194.26,"Plan Rows": 32000,"Plan Width": 14,"Actual Startup Time": 0.319,"Actual Total Time": 192.866,"Actual Rows": 31680,"Actual Loops": 1,"Inner Unique": false,"Plans": [{"Node Type": "Nested Loop","Parent Relationship": "Outer","Parallel Aware": false,"Async Capable": false,"Join Type": "Inner","Startup Cost": 7.38,"Total Cost": 244.58,"Plan Rows": 400,"Plan Width": 4,"Actual Startup Time": 0.254,"Actual Total Time": 2.704,"Actual Rows": 396,"Actual Loops": 1,"Inner Unique": false,"Plans": [{"Node Type": "Seq Scan","Parent Relationship": "Outer","Parallel Aware": false,"Async Capable": false,"Relation Name": "nation","Alias": "nation","Startup Cost": 0.00,"Total Cost": 1.31,"Plan Rows": 1,"Plan Width": 4,"Actual Startup Time": 0.067,"Actual Total Time": 0.092,"Actual Rows": 1,"Actual Loops": 1,"Filter": "(n_name = 'GERMANY'::bpchar)","Rows Removed by Filter": 24},{"Node Type": "Bitmap Heap Scan","Parent Relationship": "Inner","Parallel Aware": false,"Async Capable": false,"Relation Name": "supplier","Alias": "supplier","Startup Cost": 7.38,"Total Cost": 239.27,"Plan Rows": 400,"Plan Width": 8,"Actual Startup Time": 0.180,"Actual Total Time": 2.555,"Actual Rows": 396,"Actual Loops": 1,"Recheck Cond": "(s_nationkey = nation.n_nationkey)","Rows Removed by Index Recheck": 0,"Exact Heap Blocks": 191,"Lossy Heap Blocks": 0,"Plans": [{"Node Type": "Bitmap Index Scan","Parent Relationship": "Outer","Parallel Aware": false,"Async Capable": false,"Index Name": "idx_supplier_nation_key","Startup Cost": 0.00,"Total Cost": 7.29,"Plan Rows": 400,"Plan Width": 0,"Actual Startup Time": 0.114,"Actual Total Time": 0.118,"Actual Rows": 396,"Actual Loops": 1,"Index Cond": "(s_nationkey = nation.n_nationkey)"}]}]},{"Node Type": "Index Scan","Parent Relationship": "Inner","Parallel Aware": false,"Async Capable": false,"Scan Direction": "Forward","Index Name": "idx_partsupp_suppkey","Relation Name": "partsupp","Alias": "partsupp","Startup Cost": 0.42,"Total Cost": 9.07,"Plan Rows": 80,"Plan Width": 18,"Actual Startup Time": 0.019,"Actual Total Time": 0.468,"Actual Rows": 80,"Actual Loops": 396,"Index Cond": "(ps_suppkey = supplier.s_suppkey)","Rows Removed by Index Recheck": 0}]}]}]},"Planning Time": 7.362,"Triggers": [],"Execution Time": 437.365}]
[{"Plan": {"Node Type": "Sort","Parallel Aware": false,"Async Capable": false,"Startup Cost": 10142.20,"Total Cost": 10168.87,"Plan Rows": 10667,"Plan Width": 36,"Actual Startup Time": 427.262,"Actual Total Time": 427.423,"Actual Rows": 1241,"Actual Loops": 1,"Sort Key": ["(sum((partsupp.ps_supplycost * (partsupp.ps_availqty)::numeric))) DESC"],"Sort Method": "quicksort","Sort Space Used": 116,"Sort Space Type": "Memory","Plans": [{"Node Type": "Aggregate","Strategy": "Plain","Partial Mode": "Simple","Parent Relationship": "InitPlan","Subplan Name": "InitPlan 1 (returns $2)","Parallel Aware": false,"Async Capable": false,"Startup Cost": 4434.26,"Total Cost": 4434.27,"Plan Rows": 1,"Plan Width": 32,"Actual Startup Time": 127.406,"Actual Total Time": 127.426,"Actual Rows": 1,"Actual Loops": 1,"Plans": [{"Node Type": "Nested Loop","Parent Relationship": "Outer","Parallel Aware": false,"Async Capable": false,"Join Type": "Inner","Startup Cost": 7.81,"Total Cost": 4194.26,"Plan Rows": 32000,"Plan Width": 10,"Actual Startup Time": 0.226,"Actual Total Time": 120.281,"Actual Rows": 30400,"Actual Loops": 1,"Inner Unique": false,"Plans": [{"Node Type": "Nested Loop","Parent Relationship": "Outer","Parallel Aware": false,"Async Capable": false,"Join Type": "Inner","Startup Cost": 7.38,"Total Cost": 244.58,"Plan Rows": 400,"Plan Width": 4,"Actual Startup Time": 0.174,"Actual Total Time": 1.741,"Actual Rows": 380,"Actual Loops": 1,"Inner Unique": false,"Plans": [{"Node Type": "Seq Scan","Parent Relationship": "Outer","Parallel Aware": false,"Async Capable": false,"Relation Name": "nation","Alias": "nation_1","Startup Cost": 0.00,"Total Cost": 1.31,"Plan Rows": 1,"Plan Width": 4,"Actual Startup Time": 0.028,"Actual Total Time": 0.042,"Actual Rows": 1,"Actual Loops": 1,"Filter": "(n_name = 'ETHIOPIA'::bpchar)","Rows Removed by Filter": 24},{"Node Type": "Bitmap Heap Scan","Parent Relationship": "Inner","Parallel Aware": false,"Async Capable": false,"Relation Name": "supplier","Alias": "supplier_1","Startup Cost": 7.38,"Total Cost": 239.27,"Plan Rows": 400,"Plan Width": 8,"Actual Startup Time": 0.130,"Actual Total Time": 1.641,"Actual Rows": 380,"Actual Loops": 1,"Recheck Cond": "(s_nationkey = nation_1.n_nationkey)","Rows Removed by Index Recheck": 0,"Exact Heap Blocks": 192,"Lossy Heap Blocks": 0,"Plans": [{"Node Type": "Bitmap Index Scan","Parent Relationship": "Outer","Parallel Aware": false,"Async Capable": false,"Index Name": "idx_supplier_nation_key","Startup Cost": 0.00,"Total Cost": 7.29,"Plan Rows": 400,"Plan Width": 0,"Actual Startup Time": 0.089,"Actual Total Time": 0.091,"Actual Rows": 380,"Actual Loops": 1,"Index Cond": "(s_nationkey = nation_1.n_nationkey)"}]}]},{"Node Type": "Index Scan","Parent Relationship": "Inner","Parallel Aware": false,"Async Capable": false,"Scan Direction": "Forward","Index Name": "idx_partsupp_suppkey","Relation Name": "partsupp","Alias": "partsupp_1","Startup Cost": 0.42,"Total Cost": 9.07,"Plan Rows": 80,"Plan Width": 14,"Actual Startup Time": 0.015,"Actual Total Time": 0.299,"Actual Rows": 80,"Actual Loops": 380,"Index Cond": "(ps_suppkey = supplier_1.s_suppkey)","Rows Removed by Index Recheck": 0}]}]},{"Node Type": "Aggregate","Strategy": "Hashed","Partial Mode": "Simple","Parent Relationship": "Outer","Parallel Aware": false,"Async Capable": false,"Startup Cost": 4514.26,"Total Cost": 4994.26,"Plan Rows": 10667,"Plan Width": 36,"Actual Startup Time": 359.706,"Actual Total Time": 426.732,"Actual Rows": 1241,"Actual Loops": 1,"Group Key": ["partsupp.ps_partkey"],"Filter": "(sum((partsupp.ps_supplycost * (partsupp.ps_availqty)::numeric)) > $2)","Planned Partitions": 0,"HashAgg Batches": 1,"Peak Memory Usage": 17937,"Disk Usage": 0,"Rows Removed by Filter": 27374,"Plans": [{"Node Type": "Nested Loop","Parent Relationship": "Outer","Parallel Aware": false,"Async Capable": false,"Join Type": "Inner","Startup Cost": 7.81,"Total Cost": 4194.26,"Plan Rows": 32000,"Plan Width": 14,"Actual Startup Time": 0.377,"Actual Total Time": 187.744,"Actual Rows": 30400,"Actual Loops": 1,"Inner Unique": false,"Plans": [{"Node Type": "Nested Loop","Parent Relationship": "Outer","Parallel Aware": false,"Async Capable": false,"Join Type": "Inner","Startup Cost": 7.38,"Total Cost": 244.58,"Plan Rows": 400,"Plan Width": 4,"Actual Startup Time": 0.305,"Actual Total Time": 2.864,"Actual Rows": 380,"Actual Loops": 1,"Inner Unique": false,"Plans": [{"Node Type": "Seq Scan","Parent Relationship": "Outer","Parallel Aware": false,"Async Capable": false,"Relation Name": "nation","Alias": "nation","Startup Cost": 0.00,"Total Cost": 1.31,"Plan Rows": 1,"Plan Width": 4,"Actual Startup Time": 0.073,"Actual Total Time": 0.091,"Actual Rows": 1,"Actual Loops": 1,"Filter": "(n_name = 'ETHIOPIA'::bpchar)","Rows Removed by Filter": 24},{"Node Type": "Bitmap Heap Scan","Parent Relationship": "Inner","Parallel Aware": false,"Async Capable": false,"Relation Name": "supplier","Alias": "supplier","Startup Cost": 7.38,"Total Cost": 239.27,"Plan Rows": 400,"Plan Width": 8,"Actual Startup Time": 0.228,"Actual Total Time": 2.728,"Actual Rows": 380,"Actual Loops": 1,"Recheck Cond": "(s_nationkey = nation.n_nationkey)","Rows Removed by Index Recheck": 0,"Exact Heap Blocks": 192,"Lossy Heap Blocks": 0,"Plans": [{"Node Type": "Bitmap Index Scan","Parent Relationship": "Outer","Parallel Aware": false,"Async Capable": false,"Index Name": "idx_supplier_nation_key","Startup Cost": 0.00,"Total Cost": 7.29,"Plan Rows": 400,"Plan Width": 0,"Actual Startup Time": 0.146,"Actual Total Time": 0.146,"Actual Rows": 380,"Actual Loops": 1,"Index Cond": "(s_nationkey = nation.n_nationkey)"}]}]},{"Node Type": "Index Scan","Parent Relationship": "Inner","Parallel Aware": false,"Async Capable": false,"Scan Direction": "Forward","Index Name": "idx_partsupp_suppkey","Relation Name": "partsupp","Alias": "partsupp","Startup Cost": 0.42,"Total Cost": 9.07,"Plan Rows": 80,"Plan Width": 18,"Actual Startup Time": 0.020,"Actual Total Time": 0.475,"Actual Rows": 80,"Actual Loops": 380,"Index Cond": "(ps_suppkey = supplier.s_suppkey)","Rows Removed by Index Recheck": 0}]}]}]},"Planning Time": 7.180,"Triggers": [],"Execution Time": 429.797}]
[{"Plan": {"Node Type": "Sort","Parallel Aware": false,"Async Capable": false,"Startup Cost": 10142.20,"Total Cost": 10168.87,"Plan Rows": 10667,"Plan Width": 36,"Actual Startup Time": 443.389,"Actual Total Time": 443.514,"Actual Rows": 1031,"Actual Loops": 1,"Sort Key": ["(sum((partsupp.ps_supplycost * (partsupp.ps_availqty)::numeric))) DESC"],"Sort Method": "quicksort","Sort Space Used": 105,"Sort Space Type": "Memory","Plans": [{"Node Type": "Aggregate","Strategy": "Plain","Partial Mode": "Simple","Parent Relationship": "InitPlan","Subplan Name": "InitPlan 1 (returns $2)","Parallel Aware": false,"Async Capable": false,"Startup Cost": 4434.26,"Total Cost": 4434.27,"Plan Rows": 1,"Plan Width": 32,"Actual Startup Time": 132.940,"Actual Total Time": 132.957,"Actual Rows": 1,"Actual Loops": 1,"Plans": [{"Node Type": "Nested Loop","Parent Relationship": "Outer","Parallel Aware": false,"Async Capable": false,"Join Type": "Inner","Startup Cost": 7.81,"Total Cost": 4194.26,"Plan Rows": 32000,"Plan Width": 10,"Actual Startup Time": 0.263,"Actual Total Time": 125.681,"Actual Rows": 31440,"Actual Loops": 1,"Inner Unique": false,"Plans": [{"Node Type": "Nested Loop","Parent Relationship": "Outer","Parallel Aware": false,"Async Capable": false,"Join Type": "Inner","Startup Cost": 7.38,"Total Cost": 244.58,"Plan Rows": 400,"Plan Width": 4,"Actual Startup Time": 0.205,"Actual Total Time": 1.775,"Actual Rows": 393,"Actual Loops": 1,"Inner Unique": false,"Plans": [{"Node Type": "Seq Scan","Parent Relationship": "Outer","Parallel Aware": false,"Async Capable": false,"Relation Name": "nation","Alias": "nation_1","Startup Cost": 0.00,"Total Cost": 1.31,"Plan Rows": 1,"Plan Width": 4,"Actual Startup Time": 0.056,"Actual Total Time": 0.062,"Actual Rows": 1,"Actual Loops": 1,"Filter": "(n_name = 'UNITED STATES'::bpchar)","Rows Removed by Filter": 24},{"Node Type": "Bitmap Heap Scan","Parent Relationship": "Inner","Parallel Aware": false,"Async Capable": false,"Relation Name": "supplier","Alias": "supplier_1","Startup Cost": 7.38,"Total Cost": 239.27,"Plan Rows": 400,"Plan Width": 8,"Actual Startup Time": 0.126,"Actual Total Time": 1.648,"Actual Rows": 393,"Actual Loops": 1,"Recheck Cond": "(s_nationkey = nation_1.n_nationkey)","Rows Removed by Index Recheck": 0,"Exact Heap Blocks": 181,"Lossy Heap Blocks": 0,"Plans": [{"Node Type": "Bitmap Index Scan","Parent Relationship": "Outer","Parallel Aware": false,"Async Capable": false,"Index Name": "idx_supplier_nation_key","Startup Cost": 0.00,"Total Cost": 7.29,"Plan Rows": 400,"Plan Width": 0,"Actual Startup Time": 0.087,"Actual Total Time": 0.091,"Actual Rows": 393,"Actual Loops": 1,"Index Cond": "(s_nationkey = nation_1.n_nationkey)"}]}]},{"Node Type": "Index Scan","Parent Relationship": "Inner","Parallel Aware": false,"Async Capable": false,"Scan Direction": "Forward","Index Name": "idx_partsupp_suppkey","Relation Name": "partsupp","Alias": "partsupp_1","Startup Cost": 0.42,"Total Cost": 9.07,"Plan Rows": 80,"Plan Width": 14,"Actual Startup Time": 0.015,"Actual Total Time": 0.303,"Actual Rows": 80,"Actual Loops": 393,"Index Cond": "(ps_suppkey = supplier_1.s_suppkey)","Rows Removed by Index Recheck": 0}]}]},{"Node Type": "Aggregate","Strategy": "Hashed","Partial Mode": "Simple","Parent Relationship": "Outer","Parallel Aware": false,"Async Capable": false,"Startup Cost": 4514.26,"Total Cost": 4994.26,"Plan Rows": 10667,"Plan Width": 36,"Actual Startup Time": 371.004,"Actual Total Time": 442.894,"Actual Rows": 1031,"Actual Loops": 1,"Group Key": ["partsupp.ps_partkey"],"Filter": "(sum((partsupp.ps_supplycost * (partsupp.ps_availqty)::numeric)) > $2)","Planned Partitions": 0,"HashAgg Batches": 1,"Peak Memory Usage": 17937,"Disk Usage": 0,"Rows Removed by Filter": 28434,"Plans": [{"Node Type": "Nested Loop","Parent Relationship": "Outer","Parallel Aware": false,"Async Capable": false,"Join Type": "Inner","Startup Cost": 7.81,"Total Cost": 4194.26,"Plan Rows": 32000,"Plan Width": 14,"Actual Startup Time": 0.317,"Actual Total Time": 191.179,"Actual Rows": 31440,"Actual Loops": 1,"Inner Unique": false,"Plans": [{"Node Type": "Nested Loop","Parent Relationship": "Outer","Parallel Aware": false,"Async Capable": false,"Join Type": "Inner","Startup Cost": 7.38,"Total Cost": 244.58,"Plan Rows": 400,"Plan Width": 4,"Actual Startup Time": 0.258,"Actual Total Time": 2.692,"Actual Rows": 393,"Actual Loops": 1,"Inner Unique": false,"Plans": [{"Node Type": "Seq Scan","Parent Relationship": "Outer","Parallel Aware": false,"Async Capable": false,"Relation Name": "nation","Alias": "nation","Startup Cost": 0.00,"Total Cost": 1.31,"Plan Rows": 1,"Plan Width": 4,"Actual Startup Time": 0.065,"Actual Total Time": 0.076,"Actual Rows": 1,"Actual Loops": 1,"Filter": "(n_name = 'UNITED STATES'::bpchar)","Rows Removed by Filter": 24},{"Node Type": "Bitmap Heap Scan","Parent Relationship": "Inner","Parallel Aware": false,"Async Capable": false,"Relation Name": "supplier","Alias": "supplier","Startup Cost": 7.38,"Total Cost": 239.27,"Plan Rows": 400,"Plan Width": 8,"Actual Startup Time": 0.185,"Actual Total Time": 2.562,"Actual Rows": 393,"Actual Loops": 1,"Recheck Cond": "(s_nationkey = nation.n_nationkey)","Rows Removed by Index Recheck": 0,"Exact Heap Blocks": 181,"Lossy Heap Blocks": 0,"Plans": [{"Node Type": "Bitmap Index Scan","Parent Relationship": "Outer","Parallel Aware": false,"Async Capable": false,"Index Name": "idx_supplier_nation_key","Startup Cost": 0.00,"Total Cost": 7.29,"Plan Rows": 400,"Plan Width": 0,"Actual Startup Time": 0.119,"Actual Total Time": 0.122,"Actual Rows": 393,"Actual Loops": 1,"Index Cond": "(s_nationkey = nation.n_nationkey)"}]}]},{"Node Type": "Index Scan","Parent Relationship": "Inner","Parallel Aware": false,"Async Capable": false,"Scan Direction": "Forward","Index Name": "idx_partsupp_suppkey","Relation Name": "partsupp","Alias": "partsupp","Startup Cost": 0.42,"Total Cost": 9.07,"Plan Rows": 80,"Plan Width": 18,"Actual Startup Time": 0.020,"Actual Total Time": 0.468,"Actual Rows": 80,"Actual Loops": 393,"Index Cond": "(ps_suppkey = supplier.s_suppkey)","Rows Removed by Index Recheck": 0}]}]}]},"Planning Time": 7.102,"Triggers": [],"Execution Time": 445.930}]
[{"Plan": {"Node Type": "Sort","Parallel Aware": false,"Async Capable": false,"Startup Cost": 10142.20,"Total Cost": 10168.87,"Plan Rows": 10667,"Plan Width": 36,"Actual Startup Time": 433.878,"Actual Total Time": 434.021,"Actual Rows": 1048,"Actual Loops": 1,"Sort Key": ["(sum((partsupp.ps_supplycost * (partsupp.ps_availqty)::numeric))) DESC"],"Sort Method": "quicksort","Sort Space Used": 106,"Sort Space Type": "Memory","Plans": [{"Node Type": "Aggregate","Strategy": "Plain","Partial Mode": "Simple","Parent Relationship": "InitPlan","Subplan Name": "InitPlan 1 (returns $2)","Parallel Aware": false,"Async Capable": false,"Startup Cost": 4434.26,"Total Cost": 4434.27,"Plan Rows": 1,"Plan Width": 32,"Actual Startup Time": 128.490,"Actual Total Time": 128.514,"Actual Rows": 1,"Actual Loops": 1,"Plans": [{"Node Type": "Nested Loop","Parent Relationship": "Outer","Parallel Aware": false,"Async Capable": false,"Join Type": "Inner","Startup Cost": 7.81,"Total Cost": 4194.26,"Plan Rows": 32000,"Plan Width": 10,"Actual Startup Time": 0.194,"Actual Total Time": 121.249,"Actual Rows": 31680,"Actual Loops": 1,"Inner Unique": false,"Plans": [{"Node Type": "Nested Loop","Parent Relationship": "Outer","Parallel Aware": false,"Async Capable": false,"Join Type": "Inner","Startup Cost": 7.38,"Total Cost": 244.58,"Plan Rows": 400,"Plan Width": 4,"Actual Startup Time": 0.149,"Actual Total Time": 1.791,"Actual Rows": 396,"Actual Loops": 1,"Inner Unique": false,"Plans": [{"Node Type": "Seq Scan","Parent Relationship": "Outer","Parallel Aware": false,"Async Capable": false,"Relation Name": "nation","Alias": "nation_1","Startup Cost": 0.00,"Total Cost": 1.31,"Plan Rows": 1,"Plan Width": 4,"Actual Startup Time": 0.037,"Actual Total Time": 0.065,"Actual Rows": 1,"Actual Loops": 1,"Filter": "(n_name = 'GERMANY'::bpchar)","Rows Removed by Filter": 24},{"Node Type": "Bitmap Heap Scan","Parent Relationship": "Inner","Parallel Aware": false,"Async Capable": false,"Relation Name": "supplier","Alias": "supplier_1","Startup Cost": 7.38,"Total Cost": 239.27,"Plan Rows": 400,"Plan Width": 8,"Actual Startup Time": 0.101,"Actual Total Time": 1.663,"Actual Rows": 396,"Actual Loops": 1,"Recheck Cond": "(s_nationkey = nation_1.n_nationkey)","Rows Removed by Index Recheck": 0,"Exact Heap Blocks": 191,"Lossy Heap Blocks": 0,"Plans": [{"Node Type": "Bitmap Index Scan","Parent Relationship": "Outer","Parallel Aware": false,"Async Capable": false,"Index Name": "idx_supplier_nation_key","Startup Cost": 0.00,"Total Cost": 7.29,"Plan Rows": 400,"Plan Width": 0,"Actual Startup Time": 0.064,"Actual Total Time": 0.071,"Actual Rows": 396,"Actual Loops": 1,"Index Cond": "(s_nationkey = nation_1.n_nationkey)"}]}]},{"Node Type": "Index Scan","Parent Relationship": "Inner","Parallel Aware": false,"Async Capable": false,"Scan Direction": "Forward","Index Name": "idx_partsupp_suppkey","Relation Name": "partsupp","Alias": "partsupp_1","Startup Cost": 0.42,"Total Cost": 9.07,"Plan Rows": 80,"Plan Width": 14,"Actual Startup Time": 0.014,"Actual Total Time": 0.289,"Actual Rows": 80,"Actual Loops": 396,"Index Cond": "(ps_suppkey = supplier_1.s_suppkey)","Rows Removed by Index Recheck": 0}]}]},{"Node Type": "Aggregate","Strategy": "Hashed","Partial Mode": "Simple","Parent Relationship": "Outer","Parallel Aware": false,"Async Capable": false,"Startup Cost": 4514.26,"Total Cost": 4994.26,"Plan Rows": 10667,"Plan Width": 36,"Actual Startup Time": 363.472,"Actual Total Time": 433.375,"Actual Rows": 1048,"Actual Loops": 1,"Group Key": ["partsupp.ps_partkey"],"Filter": "(sum((partsupp.ps_supplycost * (partsupp.ps_availqty)::numeric)) > $2)","Planned Partitions": 0,"HashAgg Batches": 1,"Peak Memory Usage": 17937,"Disk Usage": 0,"Rows Removed by Filter": 28770,"Plans": [{"Node Type": "Nested Loop","Parent Relationship": "Outer","Parallel Aware": false,"Async Capable": false,"Join Type": "Inner","Startup Cost": 7.81,"Total Cost": 4194.26,"Plan Rows": 32000,"Plan Width": 14,"Actual Startup Time": 0.319,"Actual Total Time": 192.866,"Actual Rows": 31680,"Actual Loops": 1,"Inner Unique": false,"Plans": [{"Node Type": "Nested Loop","Parent Relationship": "Outer","Parallel Aware": false,"Async Capable": false,"Join Type": "Inner","Startup Cost": 7.38,"Total Cost": 244.58,"Plan Rows": 400,"Plan Width": 4,"Actual Startup Time": 0.254,"Actual Total Time": 2.704,"Actual Rows": 396,"Actual Loops": 1,"Inner Unique": false,"Plans": [{"Node Type": "Seq Scan","Parent Relationship": "Outer","Parallel Aware": false,"Async Capable": false,"Relation Name": "nation","Alias": "nation","Startup Cost": 0.00,"Total Cost": 1.31,"Plan Rows": 1,"Plan Width": 4,"Actual Startup Time": 0.067,"Actual Total Time": 0.092,"Actual Rows": 1,"Actual Loops": 1,"Filter": "(n_name = 'GERMANY'::bpchar)","Rows Removed by Filter": 24},{"Node Type": "Bitmap Heap Scan","Parent Relationship": "Inner","Parallel Aware": false,"Async Capable": false,"Relation Name": "supplier","Alias": "supplier","Startup Cost": 7.38,"Total Cost": 239.27,"Plan Rows": 400,"Plan Width": 8,"Actual Startup Time": 0.180,"Actual Total Time": 2.555,"Actual Rows": 396,"Actual Loops": 1,"Recheck Cond": "(s_nationkey = nation.n_nationkey)","Rows Removed by Index Recheck": 0,"Exact Heap Blocks": 191,"Lossy Heap Blocks": 0,"Plans": [{"Node Type": "Bitmap Index Scan","Parent Relationship": "Outer","Parallel Aware": false,"Async Capable": false,"Index Name": "idx_supplier_nation_key","Startup Cost": 0.00,"Total Cost": 7.29,"Plan Rows": 400,"Plan Width": 0,"Actual Startup Time": 0.114,"Actual Total Time": 0.118,"Actual Rows": 396,"Actual Loops": 1,"Index Cond": "(s_nationkey = nation.n_nationkey)"}]}]},{"Node Type": "Index Scan","Parent Relationship": "Inner","Parallel Aware": false,"Async Capable": false,"Scan Direction": "Forward","Index Name": "idx_partsupp_suppkey","Relation Name": "partsupp","Alias": "partsupp","Startup Cost": 0.42,"Total Cost": 9.07,"Plan Rows": 80,"Plan Width": 18,"Actual Startup Time": 0.019,"Actual Total Time": 0.468,"Actual Rows": 80,"Actual Loops": 396,"Index Cond": "(ps_suppkey = supplier.s_suppkey)","Rows Removed by Index Recheck": 0}]}]}]},"Planning Time": 7.362,"Triggers": [],"Execution Time": 437.365}]
[{"Plan": {"Node Type": "Sort","Parallel Aware": false,"Async Capable": false,"Startup Cost": 10142.20,"Total Cost": 10168.87,"Plan Rows": 10667,"Plan Width": 36,"Actual Startup Time": 433.878,"Actual Total Time": 434.021,"Actual Rows": 1048,"Actual Loops": 1,"Sort Key": ["(sum((partsupp.ps_supplycost * (partsupp.ps_availqty)::numeric))) DESC"],"Sort Method": "quicksort","Sort Space Used": 106,"Sort Space Type": "Memory","Plans": [{"Node Type": "Aggregate","Strategy": "Plain","Partial Mode": "Simple","Parent Relationship": "InitPlan","Subplan Name": "InitPlan 1 (returns $2)","Parallel Aware": false,"Async Capable": false,"Startup Cost": 4434.26,"Total Cost": 4434.27,"Plan Rows": 1,"Plan Width": 32,"Actual Startup Time": 128.490,"Actual Total Time": 128.514,"Actual Rows": 1,"Actual Loops": 1,"Plans": [{"Node Type": "Nested Loop","Parent Relationship": "Outer","Parallel Aware": false,"Async Capable": false,"Join Type": "Inner","Startup Cost": 7.81,"Total Cost": 4194.26,"Plan Rows": 32000,"Plan Width": 10,"Actual Startup Time": 0.194,"Actual Total Time": 121.249,"Actual Rows": 31680,"Actual Loops": 1,"Inner Unique": false,"Plans": [{"Node Type": "Nested Loop","Parent Relationship": "Outer","Parallel Aware": false,"Async Capable": false,"Join Type": "Inner","Startup Cost": 7.38,"Total Cost": 244.58,"Plan Rows": 400,"Plan Width": 4,"Actual Startup Time": 0.149,"Actual Total Time": 1.791,"Actual Rows": 396,"Actual Loops": 1,"Inner Unique": false,"Plans": [{"Node Type": "Seq Scan","Parent Relationship": "Outer","Parallel Aware": false,"Async Capable": false,"Relation Name": "nation","Alias": "nation_1","Startup Cost": 0.00,"Total Cost": 1.31,"Plan Rows": 1,"Plan Width": 4,"Actual Startup Time": 0.037,"Actual Total Time": 0.065,"Actual Rows": 1,"Actual Loops": 1,"Filter": "(n_name = 'GERMANY'::bpchar)","Rows Removed by Filter": 24},{"Node Type": "Bitmap Heap Scan","Parent Relationship": "Inner","Parallel Aware": false,"Async Capable": false,"Relation Name": "supplier","Alias": "supplier_1","Startup Cost": 7.38,"Total Cost": 239.27,"Plan Rows": 400,"Plan Width": 8,"Actual Startup Time": 0.101,"Actual Total Time": 1.663,"Actual Rows": 396,"Actual Loops": 1,"Recheck Cond": "(s_nationkey = nation_1.n_nationkey)","Rows Removed by Index Recheck": 0,"Exact Heap Blocks": 191,"Lossy Heap Blocks": 0,"Plans": [{"Node Type": "Bitmap Index Scan","Parent Relationship": "Outer","Parallel Aware": false,"Async Capable": false,"Index Name": "idx_supplier_nation_key","Startup Cost": 0.00,"Total Cost": 7.29,"Plan Rows": 400,"Plan Width": 0,"Actual Startup Time": 0.064,"Actual Total Time": 0.071,"Actual Rows": 396,"Actual Loops": 1,"Index Cond": "(s_nationkey = nation_1.n_nationkey)"}]}]},{"Node Type": "Index Scan","Parent Relationship": "Inner","Parallel Aware": false,"Async Capable": false,"Scan Direction": "Forward","Index Name": "idx_partsupp_suppkey","Relation Name": "partsupp","Alias": "partsupp_1","Startup Cost": 0.42,"Total Cost": 9.07,"Plan Rows": 80,"Plan Width": 14,"Actual Startup Time": 0.014,"Actual Total Time": 0.289,"Actual Rows": 80,"Actual Loops": 396,"Index Cond": "(ps_suppkey = supplier_1.s_suppkey)","Rows Removed by Index Recheck": 0}]}]},{"Node Type": "Aggregate","Strategy": "Hashed","Partial Mode": "Simple","Parent Relationship": "Outer","Parallel Aware": false,"Async Capable": false,"Startup Cost": 4514.26,"Total Cost": 4994.26,"Plan Rows": 10667,"Plan Width": 36,"Actual Startup Time": 363.472,"Actual Total Time": 433.375,"Actual Rows": 1048,"Actual Loops": 1,"Group Key": ["partsupp.ps_partkey"],"Filter": "(sum((partsupp.ps_supplycost * (partsupp.ps_availqty)::numeric)) > $2)","Planned Partitions": 0,"HashAgg Batches": 1,"Peak Memory Usage": 17937,"Disk Usage": 0,"Rows Removed by Filter": 28770,"Plans": [{"Node Type": "Nested Loop","Parent Relationship": "Outer","Parallel Aware": false,"Async Capable": false,"Join Type": "Inner","Startup Cost": 7.81,"Total Cost": 4194.26,"Plan Rows": 32000,"Plan Width": 14,"Actual Startup Time": 0.319,"Actual Total Time": 192.866,"Actual Rows": 31680,"Actual Loops": 1,"Inner Unique": false,"Plans": [{"Node Type": "Nested Loop","Parent Relationship": "Outer","Parallel Aware": false,"Async Capable": false,"Join Type": "Inner","Startup Cost": 7.38,"Total Cost": 244.58,"Plan Rows": 400,"Plan Width": 4,"Actual Startup Time": 0.254,"Actual Total Time": 2.704,"Actual Rows": 396,"Actual Loops": 1,"Inner Unique": false,"Plans": [{"Node Type": "Seq Scan","Parent Relationship": "Outer","Parallel Aware": false,"Async Capable": false,"Relation Name": "nation","Alias": "nation","Startup Cost": 0.00,"Total Cost": 1.31,"Plan Rows": 1,"Plan Width": 4,"Actual Startup Time": 0.067,"Actual Total Time": 0.092,"Actual Rows": 1,"Actual Loops": 1,"Filter": "(n_name = 'GERMANY'::bpchar)","Rows Removed by Filter": 24},{"Node Type": "Bitmap Heap Scan","Parent Relationship": "Inner","Parallel Aware": false,"Async Capable": false,"Relation Name": "supplier","Alias": "supplier","Startup Cost": 7.38,"Total Cost": 239.27,"Plan Rows": 400,"Plan Width": 8,"Actual Startup Time": 0.180,"Actual Total Time": 2.555,"Actual Rows": 396,"Actual Loops": 1,"Recheck Cond": "(s_nationkey = nation.n_nationkey)","Rows Removed by Index Recheck": 0,"Exact Heap Blocks": 191,"Lossy Heap Blocks": 0,"Plans": [{"Node Type": "Bitmap Index Scan","Parent Relationship": "Outer","Parallel Aware": false,"Async Capable": false,"Index Name": "idx_supplier_nation_key","Startup Cost": 0.00,"Total Cost": 7.29,"Plan Rows": 400,"Plan Width": 0,"Actual Startup Time": 0.114,"Actual Total Time": 0.118,"Actual Rows": 396,"Actual Loops": 1,"Index Cond": "(s_nationkey = nation.n_nationkey)"}]}]},{"Node Type": "Index Scan","Parent Relationship": "Inner","Parallel Aware": false,"Async Capable": false,"Scan Direction": "Forward","Index Name": "idx_partsupp_suppkey","Relation Name": "partsupp","Alias": "partsupp","Startup Cost": 0.42,"Total Cost": 9.07,"Plan Rows": 80,"Plan Width": 18,"Actual Startup Time": 0.019,"Actual Total Time": 0.468,"Actual Rows": 80,"Actual Loops": 396,"Index Cond": "(ps_suppkey = supplier.s_suppkey)","Rows Removed by Index Recheck": 0}]}]}]},"Planning Time": 7.362,"Triggers": [],"Execution Time": 437.365}]
[{"Plan": {"Node Type": "Sort","Parallel Aware": false,"Async Capable": false,"Startup Cost": 10142.20,"Total Cost": 10168.87,"Plan Rows": 10667,"Plan Width": 36,"Actual Startup Time": 454.370,"Actual Total Time": 454.495,"Actual Rows": 925,"Actual Loops": 1,"Sort Key": ["(sum((partsupp.ps_supplycost * (partsupp.ps_availqty)::numeric))) DESC"],"Sort Method": "quicksort","Sort Space Used": 75,"Sort Space Type": "Memory","Plans": [{"Node Type": "Aggregate","Strategy": "Plain","Partial Mode": "Simple","Parent Relationship": "InitPlan","Subplan Name": "InitPlan 1 (returns $2)","Parallel Aware": false,"Async Capable": false,"Startup Cost": 4434.26,"Total Cost": 4434.27,"Plan Rows": 1,"Plan Width": 32,"Actual Startup Time": 135.908,"Actual Total Time": 135.923,"Actual Rows": 1,"Actual Loops": 1,"Plans": [{"Node Type": "Nested Loop","Parent Relationship": "Outer","Parallel Aware": false,"Async Capable": false,"Join Type": "Inner","Startup Cost": 7.81,"Total Cost": 4194.26,"Plan Rows": 32000,"Plan Width": 10,"Actual Startup Time": 0.237,"Actual Total Time": 128.564,"Actual Rows": 31840,"Actual Loops": 1,"Inner Unique": false,"Plans": [{"Node Type": "Nested Loop","Parent Relationship": "Outer","Parallel Aware": false,"Async Capable": false,"Join Type": "Inner","Startup Cost": 7.38,"Total Cost": 244.58,"Plan Rows": 400,"Plan Width": 4,"Actual Startup Time": 0.190,"Actual Total Time": 1.776,"Actual Rows": 398,"Actual Loops": 1,"Inner Unique": false,"Plans": [{"Node Type": "Seq Scan","Parent Relationship": "Outer","Parallel Aware": false,"Async Capable": false,"Relation Name": "nation","Alias": "nation_1","Startup Cost": 0.00,"Total Cost": 1.31,"Plan Rows": 1,"Plan Width": 4,"Actual Startup Time": 0.045,"Actual Total Time": 0.060,"Actual Rows": 1,"Actual Loops": 1,"Filter": "(n_name = 'ROMANIA'::bpchar)","Rows Removed by Filter": 24},{"Node Type": "Bitmap Heap Scan","Parent Relationship": "Inner","Parallel Aware": false,"Async Capable": false,"Relation Name": "supplier","Alias": "supplier_1","Startup Cost": 7.38,"Total Cost": 239.27,"Plan Rows": 400,"Plan Width": 8,"Actual Startup Time": 0.127,"Actual Total Time": 1.656,"Actual Rows": 398,"Actual Loops": 1,"Recheck Cond": "(s_nationkey = nation_1.n_nationkey)","Rows Removed by Index Recheck": 0,"Exact Heap Blocks": 186,"Lossy Heap Blocks": 0,"Plans": [{"Node Type": "Bitmap Index Scan","Parent Relationship": "Outer","Parallel Aware": false,"Async Capable": false,"Index Name": "idx_supplier_nation_key","Startup Cost": 0.00,"Total Cost": 7.29,"Plan Rows": 400,"Plan Width": 0,"Actual Startup Time": 0.081,"Actual Total Time": 0.084,"Actual Rows": 398,"Actual Loops": 1,"Index Cond": "(s_nationkey = nation_1.n_nationkey)"}]}]},{"Node Type": "Index Scan","Parent Relationship": "Inner","Parallel Aware": false,"Async Capable": false,"Scan Direction": "Forward","Index Name": "idx_partsupp_suppkey","Relation Name": "partsupp","Alias": "partsupp_1","Startup Cost": 0.42,"Total Cost": 9.07,"Plan Rows": 80,"Plan Width": 14,"Actual Startup Time": 0.015,"Actual Total Time": 0.306,"Actual Rows": 80,"Actual Loops": 398,"Index Cond": "(ps_suppkey = supplier_1.s_suppkey)","Rows Removed by Index Recheck": 0}]}]},{"Node Type": "Aggregate","Strategy": "Hashed","Partial Mode": "Simple","Parent Relationship": "Outer","Parallel Aware": false,"Async Capable": false,"Startup Cost": 4514.26,"Total Cost": 4994.26,"Plan Rows": 10667,"Plan Width": 36,"Actual Startup Time": 383.049,"Actual Total Time": 453.972,"Actual Rows": 925,"Actual Loops": 1,"Group Key": ["partsupp.ps_partkey"],"Filter": "(sum((partsupp.ps_supplycost * (partsupp.ps_availqty)::numeric)) > $2)","Planned Partitions": 0,"HashAgg Batches": 1,"Peak Memory Usage": 17937,"Disk Usage": 0,"Rows Removed by Filter": 29106,"Plans": [{"Node Type": "Nested Loop","Parent Relationship": "Outer","Parallel Aware": false,"Async Capable": false,"Join Type": "Inner","Startup Cost": 7.81,"Total Cost": 4194.26,"Plan Rows": 32000,"Plan Width": 14,"Actual Startup Time": 0.324,"Actual Total Time": 197.326,"Actual Rows": 31840,"Actual Loops": 1,"Inner Unique": false,"Plans": [{"Node Type": "Nested Loop","Parent Relationship": "Outer","Parallel Aware": false,"Async Capable": false,"Join Type": "Inner","Startup Cost": 7.38,"Total Cost": 244.58,"Plan Rows": 400,"Plan Width": 4,"Actual Startup Time": 0.245,"Actual Total Time": 2.763,"Actual Rows": 398,"Actual Loops": 1,"Inner Unique": false,"Plans": [{"Node Type": "Seq Scan","Parent Relationship": "Outer","Parallel Aware": false,"Async Capable": false,"Relation Name": "nation","Alias": "nation","Startup Cost": 0.00,"Total Cost": 1.31,"Plan Rows": 1,"Plan Width": 4,"Actual Startup Time": 0.070,"Actual Total Time": 0.094,"Actual Rows": 1,"Actual Loops": 1,"Filter": "(n_name = 'ROMANIA'::bpchar)","Rows Removed by Filter": 24},{"Node Type": "Bitmap Heap Scan","Parent Relationship": "Inner","Parallel Aware": false,"Async Capable": false,"Relation Name": "supplier","Alias": "supplier","Startup Cost": 7.38,"Total Cost": 239.27,"Plan Rows": 400,"Plan Width": 8,"Actual Startup Time": 0.167,"Actual Total Time": 2.613,"Actual Rows": 398,"Actual Loops": 1,"Recheck Cond": "(s_nationkey = nation.n_nationkey)","Rows Removed by Index Recheck": 0,"Exact Heap Blocks": 186,"Lossy Heap Blocks": 0,"Plans": [{"Node Type": "Bitmap Index Scan","Parent Relationship": "Outer","Parallel Aware": false,"Async Capable": false,"Index Name": "idx_supplier_nation_key","Startup Cost": 0.00,"Total Cost": 7.29,"Plan Rows": 400,"Plan Width": 0,"Actual Startup Time": 0.108,"Actual Total Time": 0.110,"Actual Rows": 398,"Actual Loops": 1,"Index Cond": "(s_nationkey = nation.n_nationkey)"}]}]},{"Node Type": "Index Scan","Parent Relationship": "Inner","Parallel Aware": false,"Async Capable": false,"Scan Direction": "Forward","Index Name": "idx_partsupp_suppkey","Relation Name": "partsupp","Alias": "partsupp","Startup Cost": 0.42,"Total Cost": 9.07,"Plan Rows": 80,"Plan Width": 18,"Actual Startup Time": 0.020,"Actual Total Time": 0.477,"Actual Rows": 80,"Actual Loops": 398,"Index Cond": "(ps_suppkey = supplier.s_suppkey)","Rows Removed by Index Recheck": 0}]}]}]},"Planning Time": 5.113,"Triggers": [],"Execution Time": 456.866}]
[{"Plan": {"Node Type": "Sort","Parallel Aware": false,"Async Capable": false,"Startup Cost": 10142.20,"Total Cost": 10168.87,"Plan Rows": 10667,"Plan Width": 36,"Actual Startup Time": 443.389,"Actual Total Time": 443.514,"Actual Rows": 1031,"Actual Loops": 1,"Sort Key": ["(sum((partsupp.ps_supplycost * (partsupp.ps_availqty)::numeric))) DESC"],"Sort Method": "quicksort","Sort Space Used": 105,"Sort Space Type": "Memory","Plans": [{"Node Type": "Aggregate","Strategy": "Plain","Partial Mode": "Simple","Parent Relationship": "InitPlan","Subplan Name": "InitPlan 1 (returns $2)","Parallel Aware": false,"Async Capable": false,"Startup Cost": 4434.26,"Total Cost": 4434.27,"Plan Rows": 1,"Plan Width": 32,"Actual Startup Time": 132.940,"Actual Total Time": 132.957,"Actual Rows": 1,"Actual Loops": 1,"Plans": [{"Node Type": "Nested Loop","Parent Relationship": "Outer","Parallel Aware": false,"Async Capable": false,"Join Type": "Inner","Startup Cost": 7.81,"Total Cost": 4194.26,"Plan Rows": 32000,"Plan Width": 10,"Actual Startup Time": 0.263,"Actual Total Time": 125.681,"Actual Rows": 31440,"Actual Loops": 1,"Inner Unique": false,"Plans": [{"Node Type": "Nested Loop","Parent Relationship": "Outer","Parallel Aware": false,"Async Capable": false,"Join Type": "Inner","Startup Cost": 7.38,"Total Cost": 244.58,"Plan Rows": 400,"Plan Width": 4,"Actual Startup Time": 0.205,"Actual Total Time": 1.775,"Actual Rows": 393,"Actual Loops": 1,"Inner Unique": false,"Plans": [{"Node Type": "Seq Scan","Parent Relationship": "Outer","Parallel Aware": false,"Async Capable": false,"Relation Name": "nation","Alias": "nation_1","Startup Cost": 0.00,"Total Cost": 1.31,"Plan Rows": 1,"Plan Width": 4,"Actual Startup Time": 0.056,"Actual Total Time": 0.062,"Actual Rows": 1,"Actual Loops": 1,"Filter": "(n_name = 'UNITED STATES'::bpchar)","Rows Removed by Filter": 24},{"Node Type": "Bitmap Heap Scan","Parent Relationship": "Inner","Parallel Aware": false,"Async Capable": false,"Relation Name": "supplier","Alias": "supplier_1","Startup Cost": 7.38,"Total Cost": 239.27,"Plan Rows": 400,"Plan Width": 8,"Actual Startup Time": 0.126,"Actual Total Time": 1.648,"Actual Rows": 393,"Actual Loops": 1,"Recheck Cond": "(s_nationkey = nation_1.n_nationkey)","Rows Removed by Index Recheck": 0,"Exact Heap Blocks": 181,"Lossy Heap Blocks": 0,"Plans": [{"Node Type": "Bitmap Index Scan","Parent Relationship": "Outer","Parallel Aware": false,"Async Capable": false,"Index Name": "idx_supplier_nation_key","Startup Cost": 0.00,"Total Cost": 7.29,"Plan Rows": 400,"Plan Width": 0,"Actual Startup Time": 0.087,"Actual Total Time": 0.091,"Actual Rows": 393,"Actual Loops": 1,"Index Cond": "(s_nationkey = nation_1.n_nationkey)"}]}]},{"Node Type": "Index Scan","Parent Relationship": "Inner","Parallel Aware": false,"Async Capable": false,"Scan Direction": "Forward","Index Name": "idx_partsupp_suppkey","Relation Name": "partsupp","Alias": "partsupp_1","Startup Cost": 0.42,"Total Cost": 9.07,"Plan Rows": 80,"Plan Width": 14,"Actual Startup Time": 0.015,"Actual Total Time": 0.303,"Actual Rows": 80,"Actual Loops": 393,"Index Cond": "(ps_suppkey = supplier_1.s_suppkey)","Rows Removed by Index Recheck": 0}]}]},{"Node Type": "Aggregate","Strategy": "Hashed","Partial Mode": "Simple","Parent Relationship": "Outer","Parallel Aware": false,"Async Capable": false,"Startup Cost": 4514.26,"Total Cost": 4994.26,"Plan Rows": 10667,"Plan Width": 36,"Actual Startup Time": 371.004,"Actual Total Time": 442.894,"Actual Rows": 1031,"Actual Loops": 1,"Group Key": ["partsupp.ps_partkey"],"Filter": "(sum((partsupp.ps_supplycost * (partsupp.ps_availqty)::numeric)) > $2)","Planned Partitions": 0,"HashAgg Batches": 1,"Peak Memory Usage": 17937,"Disk Usage": 0,"Rows Removed by Filter": 28434,"Plans": [{"Node Type": "Nested Loop","Parent Relationship": "Outer","Parallel Aware": false,"Async Capable": false,"Join Type": "Inner","Startup Cost": 7.81,"Total Cost": 4194.26,"Plan Rows": 32000,"Plan Width": 14,"Actual Startup Time": 0.317,"Actual Total Time": 191.179,"Actual Rows": 31440,"Actual Loops": 1,"Inner Unique": false,"Plans": [{"Node Type": "Nested Loop","Parent Relationship": "Outer","Parallel Aware": false,"Async Capable": false,"Join Type": "Inner","Startup Cost": 7.38,"Total Cost": 244.58,"Plan Rows": 400,"Plan Width": 4,"Actual Startup Time": 0.258,"Actual Total Time": 2.692,"Actual Rows": 393,"Actual Loops": 1,"Inner Unique": false,"Plans": [{"Node Type": "Seq Scan","Parent Relationship": "Outer","Parallel Aware": false,"Async Capable": false,"Relation Name": "nation","Alias": "nation","Startup Cost": 0.00,"Total Cost": 1.31,"Plan Rows": 1,"Plan Width": 4,"Actual Startup Time": 0.065,"Actual Total Time": 0.076,"Actual Rows": 1,"Actual Loops": 1,"Filter": "(n_name = 'UNITED STATES'::bpchar)","Rows Removed by Filter": 24},{"Node Type": "Bitmap Heap Scan","Parent Relationship": "Inner","Parallel Aware": false,"Async Capable": false,"Relation Name": "supplier","Alias": "supplier","Startup Cost": 7.38,"Total Cost": 239.27,"Plan Rows": 400,"Plan Width": 8,"Actual Startup Time": 0.185,"Actual Total Time": 2.562,"Actual Rows": 393,"Actual Loops": 1,"Recheck Cond": "(s_nationkey = nation.n_nationkey)","Rows Removed by Index Recheck": 0,"Exact Heap Blocks": 181,"Lossy Heap Blocks": 0,"Plans": [{"Node Type": "Bitmap Index Scan","Parent Relationship": "Outer","Parallel Aware": false,"Async Capable": false,"Index Name": "idx_supplier_nation_key","Startup Cost": 0.00,"Total Cost": 7.29,"Plan Rows": 400,"Plan Width": 0,"Actual Startup Time": 0.119,"Actual Total Time": 0.122,"Actual Rows": 393,"Actual Loops": 1,"Index Cond": "(s_nationkey = nation.n_nationkey)"}]}]},{"Node Type": "Index Scan","Parent Relationship": "Inner","Parallel Aware": false,"Async Capable": false,"Scan Direction": "Forward","Index Name": "idx_partsupp_suppkey","Relation Name": "partsupp","Alias": "partsupp","Startup Cost": 0.42,"Total Cost": 9.07,"Plan Rows": 80,"Plan Width": 18,"Actual Startup Time": 0.020,"Actual Total Time": 0.468,"Actual Rows": 80,"Actual Loops": 393,"Index Cond": "(ps_suppkey = supplier.s_suppkey)","Rows Removed by Index Recheck": 0}]}]}]},"Planning Time": 7.102,"Triggers": [],"Execution Time": 445.930}]
[{"Plan": {"Node Type": "Sort","Parallel Aware": false,"Async Capable": false,"Startup Cost": 10142.20,"Total Cost": 10168.87,"Plan Rows": 10667,"Plan Width": 36,"Actual Startup Time": 453.468,"Actual Total Time": 453.579,"Actual Rows": 699,"Actual Loops": 1,"Sort Key": ["(sum((partsupp.ps_supplycost * (partsupp.ps_availqty)::numeric))) DESC"],"Sort Method": "quicksort","Sort Space Used": 63,"Sort Space Type": "Memory","Plans": [{"Node Type": "Aggregate","Strategy": "Plain","Partial Mode": "Simple","Parent Relationship": "InitPlan","Subplan Name": "InitPlan 1 (returns $2)","Parallel Aware": false,"Async Capable": false,"Startup Cost": 4434.26,"Total Cost": 4434.27,"Plan Rows": 1,"Plan Width": 32,"Actual Startup Time": 131.382,"Actual Total Time": 131.405,"Actual Rows": 1,"Actual Loops": 1,"Plans": [{"Node Type": "Nested Loop","Parent Relationship": "Outer","Parallel Aware": false,"Async Capable": false,"Join Type": "Inner","Startup Cost": 7.81,"Total Cost": 4194.26,"Plan Rows": 32000,"Plan Width": 10,"Actual Startup Time": 0.203,"Actual Total Time": 123.789,"Actual Rows": 33200,"Actual Loops": 1,"Inner Unique": false,"Plans": [{"Node Type": "Nested Loop","Parent Relationship": "Outer","Parallel Aware": false,"Async Capable": false,"Join Type": "Inner","Startup Cost": 7.38,"Total Cost": 244.58,"Plan Rows": 400,"Plan Width": 4,"Actual Startup Time": 0.149,"Actual Total Time": 1.767,"Actual Rows": 415,"Actual Loops": 1,"Inner Unique": false,"Plans": [{"Node Type": "Seq Scan","Parent Relationship": "Outer","Parallel Aware": false,"Async Capable": false,"Relation Name": "nation","Alias": "nation_1","Startup Cost": 0.00,"Total Cost": 1.31,"Plan Rows": 1,"Plan Width": 4,"Actual Startup Time": 0.027,"Actual Total Time": 0.047,"Actual Rows": 1,"Actual Loops": 1,"Filter": "(n_name = 'EGYPT'::bpchar)","Rows Removed by Filter": 24},{"Node Type": "Bitmap Heap Scan","Parent Relationship": "Inner","Parallel Aware": false,"Async Capable": false,"Relation Name": "supplier","Alias": "supplier_1","Startup Cost": 7.38,"Total Cost": 239.27,"Plan Rows": 400,"Plan Width": 8,"Actual Startup Time": 0.105,"Actual Total Time": 1.654,"Actual Rows": 415,"Actual Loops": 1,"Recheck Cond": "(s_nationkey = nation_1.n_nationkey)","Rows Removed by Index Recheck": 0,"Exact Heap Blocks": 183,"Lossy Heap Blocks": 0,"Plans": [{"Node Type": "Bitmap Index Scan","Parent Relationship": "Outer","Parallel Aware": false,"Async Capable": false,"Index Name": "idx_supplier_nation_key","Startup Cost": 0.00,"Total Cost": 7.29,"Plan Rows": 400,"Plan Width": 0,"Actual Startup Time": 0.070,"Actual Total Time": 0.074,"Actual Rows": 415,"Actual Loops": 1,"Index Cond": "(s_nationkey = nation_1.n_nationkey)"}]}]},{"Node Type": "Index Scan","Parent Relationship": "Inner","Parallel Aware": false,"Async Capable": false,"Scan Direction": "Forward","Index Name": "idx_partsupp_suppkey","Relation Name": "partsupp","Alias": "partsupp_1","Startup Cost": 0.42,"Total Cost": 9.07,"Plan Rows": 80,"Plan Width": 14,"Actual Startup Time": 0.014,"Actual Total Time": 0.282,"Actual Rows": 80,"Actual Loops": 415,"Index Cond": "(ps_suppkey = supplier_1.s_suppkey)","Rows Removed by Index Recheck": 0}]}]},{"Node Type": "Aggregate","Strategy": "Hashed","Partial Mode": "Simple","Parent Relationship": "Outer","Parallel Aware": false,"Async Capable": false,"Startup Cost": 4514.26,"Total Cost": 4994.26,"Plan Rows": 10667,"Plan Width": 36,"Actual Startup Time": 379.250,"Actual Total Time": 453.099,"Actual Rows": 699,"Actual Loops": 1,"Group Key": ["partsupp.ps_partkey"],"Filter": "(sum((partsupp.ps_supplycost * (partsupp.ps_availqty)::numeric)) > $2)","Planned Partitions": 0,"HashAgg Batches": 1,"Peak Memory Usage": 17937,"Disk Usage": 0,"Rows Removed by Filter": 30398,"Plans": [{"Node Type": "Nested Loop","Parent Relationship": "Outer","Parallel Aware": false,"Async Capable": false,"Join Type": "Inner","Startup Cost": 7.81,"Total Cost": 4194.26,"Plan Rows": 32000,"Plan Width": 14,"Actual Startup Time": 0.395,"Actual Total Time": 204.247,"Actual Rows": 33200,"Actual Loops": 1,"Inner Unique": false,"Plans": [{"Node Type": "Nested Loop","Parent Relationship": "Outer","Parallel Aware": false,"Async Capable": false,"Join Type": "Inner","Startup Cost": 7.38,"Total Cost": 244.58,"Plan Rows": 400,"Plan Width": 4,"Actual Startup Time": 0.281,"Actual Total Time": 2.800,"Actual Rows": 415,"Actual Loops": 1,"Inner Unique": false,"Plans": [{"Node Type": "Seq Scan","Parent Relationship": "Outer","Parallel Aware": false,"Async Capable": false,"Relation Name": "nation","Alias": "nation","Startup Cost": 0.00,"Total Cost": 1.31,"Plan Rows": 1,"Plan Width": 4,"Actual Startup Time": 0.068,"Actual Total Time": 0.091,"Actual Rows": 1,"Actual Loops": 1,"Filter": "(n_name = 'EGYPT'::bpchar)","Rows Removed by Filter": 24},{"Node Type": "Bitmap Heap Scan","Parent Relationship": "Inner","Parallel Aware": false,"Async Capable": false,"Relation Name": "supplier","Alias": "supplier","Startup Cost": 7.38,"Total Cost": 239.27,"Plan Rows": 400,"Plan Width": 8,"Actual Startup Time": 0.209,"Actual Total Time": 2.654,"Actual Rows": 415,"Actual Loops": 1,"Recheck Cond": "(s_nationkey = nation.n_nationkey)","Rows Removed by Index Recheck": 0,"Exact Heap Blocks": 183,"Lossy Heap Blocks": 0,"Plans": [{"Node Type": "Bitmap Index Scan","Parent Relationship": "Outer","Parallel Aware": false,"Async Capable": false,"Index Name": "idx_supplier_nation_key","Startup Cost": 0.00,"Total Cost": 7.29,"Plan Rows": 400,"Plan Width": 0,"Actual Startup Time": 0.130,"Actual Total Time": 0.132,"Actual Rows": 415,"Actual Loops": 1,"Index Cond": "(s_nationkey = nation.n_nationkey)"}]}]},{"Node Type": "Index Scan","Parent Relationship": "Inner","Parallel Aware": false,"Async Capable": false,"Scan Direction": "Forward","Index Name": "idx_partsupp_suppkey","Relation Name": "partsupp","Alias": "partsupp","Startup Cost": 0.42,"Total Cost": 9.07,"Plan Rows": 80,"Plan Width": 18,"Actual Startup Time": 0.020,"Actual Total Time": 0.474,"Actual Rows": 80,"Actual Loops": 415,"Index Cond": "(ps_suppkey = supplier.s_suppkey)","Rows Removed by Index Recheck": 0}]}]}]},"Planning Time": 6.818,"Triggers": [],"Execution Time": 456.802}]
[{"Plan": {"Node Type": "Sort","Parallel Aware": false,"Async Capable": false,"Startup Cost": 10142.20,"Total Cost": 10168.87,"Plan Rows": 10667,"Plan Width": 36,"Actual Startup Time": 431.698,"Actual Total Time": 431.824,"Actual Rows": 911,"Actual Loops": 1,"Sort Key": ["(sum((partsupp.ps_supplycost * (partsupp.ps_availqty)::numeric))) DESC"],"Sort Method": "quicksort","Sort Space Used": 74,"Sort Space Type": "Memory","Plans": [{"Node Type": "Aggregate","Strategy": "Plain","Partial Mode": "Simple","Parent Relationship": "InitPlan","Subplan Name": "InitPlan 1 (returns $2)","Parallel Aware": false,"Async Capable": false,"Startup Cost": 4434.26,"Total Cost": 4434.27,"Plan Rows": 1,"Plan Width": 32,"Actual Startup Time": 129.087,"Actual Total Time": 129.106,"Actual Rows": 1,"Actual Loops": 1,"Plans": [{"Node Type": "Nested Loop","Parent Relationship": "Outer","Parallel Aware": false,"Async Capable": false,"Join Type": "Inner","Startup Cost": 7.81,"Total Cost": 4194.26,"Plan Rows": 32000,"Plan Width": 10,"Actual Startup Time": 0.210,"Actual Total Time": 121.870,"Actual Rows": 32160,"Actual Loops": 1,"Inner Unique": false,"Plans": [{"Node Type": "Nested Loop","Parent Relationship": "Outer","Parallel Aware": false,"Async Capable": false,"Join Type": "Inner","Startup Cost": 7.38,"Total Cost": 244.58,"Plan Rows": 400,"Plan Width": 4,"Actual Startup Time": 0.174,"Actual Total Time": 1.780,"Actual Rows": 402,"Actual Loops": 1,"Inner Unique": false,"Plans": [{"Node Type": "Seq Scan","Parent Relationship": "Outer","Parallel Aware": false,"Async Capable": false,"Relation Name": "nation","Alias": "nation_1","Startup Cost": 0.00,"Total Cost": 1.31,"Plan Rows": 1,"Plan Width": 4,"Actual Startup Time": 0.036,"Actual Total Time": 0.056,"Actual Rows": 1,"Actual Loops": 1,"Filter": "(n_name = 'FRANCE'::bpchar)","Rows Removed by Filter": 24},{"Node Type": "Bitmap Heap Scan","Parent Relationship": "Inner","Parallel Aware": false,"Async Capable": false,"Relation Name": "supplier","Alias": "supplier_1","Startup Cost": 7.38,"Total Cost": 239.27,"Plan Rows": 400,"Plan Width": 8,"Actual Startup Time": 0.119,"Actual Total Time": 1.663,"Actual Rows": 402,"Actual Loops": 1,"Recheck Cond": "(s_nationkey = nation_1.n_nationkey)","Rows Removed by Index Recheck": 0,"Exact Heap Blocks": 184,"Lossy Heap Blocks": 0,"Plans": [{"Node Type": "Bitmap Index Scan","Parent Relationship": "Outer","Parallel Aware": false,"Async Capable": false,"Index Name": "idx_supplier_nation_key","Startup Cost": 0.00,"Total Cost": 7.29,"Plan Rows": 400,"Plan Width": 0,"Actual Startup Time": 0.075,"Actual Total Time": 0.079,"Actual Rows": 402,"Actual Loops": 1,"Index Cond": "(s_nationkey = nation_1.n_nationkey)"}]}]},{"Node Type": "Index Scan","Parent Relationship": "Inner","Parallel Aware": false,"Async Capable": false,"Scan Direction": "Forward","Index Name": "idx_partsupp_suppkey","Relation Name": "partsupp","Alias": "partsupp_1","Startup Cost": 0.42,"Total Cost": 9.07,"Plan Rows": 80,"Plan Width": 14,"Actual Startup Time": 0.014,"Actual Total Time": 0.286,"Actual Rows": 80,"Actual Loops": 402,"Index Cond": "(ps_suppkey = supplier_1.s_suppkey)","Rows Removed by Index Recheck": 0}]}]},{"Node Type": "Aggregate","Strategy": "Hashed","Partial Mode": "Simple","Parent Relationship": "Outer","Parallel Aware": false,"Async Capable": false,"Startup Cost": 4514.26,"Total Cost": 4994.26,"Plan Rows": 10667,"Plan Width": 36,"Actual Startup Time": 359.069,"Actual Total Time": 431.218,"Actual Rows": 911,"Actual Loops": 1,"Group Key": ["partsupp.ps_partkey"],"Filter": "(sum((partsupp.ps_supplycost * (partsupp.ps_availqty)::numeric)) > $2)","Planned Partitions": 0,"HashAgg Batches": 1,"Peak Memory Usage": 17937,"Disk Usage": 0,"Rows Removed by Filter": 29336,"Plans": [{"Node Type": "Nested Loop","Parent Relationship": "Outer","Parallel Aware": false,"Async Capable": false,"Join Type": "Inner","Startup Cost": 7.81,"Total Cost": 4194.26,"Plan Rows": 32000,"Plan Width": 14,"Actual Startup Time": 0.330,"Actual Total Time": 187.860,"Actual Rows": 32160,"Actual Loops": 1,"Inner Unique": false,"Plans": [{"Node Type": "Nested Loop","Parent Relationship": "Outer","Parallel Aware": false,"Async Capable": false,"Join Type": "Inner","Startup Cost": 7.38,"Total Cost": 244.58,"Plan Rows": 400,"Plan Width": 4,"Actual Startup Time": 0.249,"Actual Total Time": 2.513,"Actual Rows": 402,"Actual Loops": 1,"Inner Unique": false,"Plans": [{"Node Type": "Seq Scan","Parent Relationship": "Outer","Parallel Aware": false,"Async Capable": false,"Relation Name": "nation","Alias": "nation","Startup Cost": 0.00,"Total Cost": 1.31,"Plan Rows": 1,"Plan Width": 4,"Actual Startup Time": 0.077,"Actual Total Time": 0.097,"Actual Rows": 1,"Actual Loops": 1,"Filter": "(n_name = 'FRANCE'::bpchar)","Rows Removed by Filter": 24},{"Node Type": "Bitmap Heap Scan","Parent Relationship": "Inner","Parallel Aware": false,"Async Capable": false,"Relation Name": "supplier","Alias": "supplier","Startup Cost": 7.38,"Total Cost": 239.27,"Plan Rows": 400,"Plan Width": 8,"Actual Startup Time": 0.163,"Actual Total Time": 2.362,"Actual Rows": 402,"Actual Loops": 1,"Recheck Cond": "(s_nationkey = nation.n_nationkey)","Rows Removed by Index Recheck": 0,"Exact Heap Blocks": 184,"Lossy Heap Blocks": 0,"Plans": [{"Node Type": "Bitmap Index Scan","Parent Relationship": "Outer","Parallel Aware": false,"Async Capable": false,"Index Name": "idx_supplier_nation_key","Startup Cost": 0.00,"Total Cost": 7.29,"Plan Rows": 400,"Plan Width": 0,"Actual Startup Time": 0.112,"Actual Total Time": 0.113,"Actual Rows": 402,"Actual Loops": 1,"Index Cond": "(s_nationkey = nation.n_nationkey)"}]}]},{"Node Type": "Index Scan","Parent Relationship": "Inner","Parallel Aware": false,"Async Capable": false,"Scan Direction": "Forward","Index Name": "idx_partsupp_suppkey","Relation Name": "partsupp","Alias": "partsupp","Startup Cost": 0.42,"Total Cost": 9.07,"Plan Rows": 80,"Plan Width": 18,"Actual Startup Time": 0.018,"Actual Total Time": 0.449,"Actual Rows": 80,"Actual Loops": 402,"Index Cond": "(ps_suppkey = supplier.s_suppkey)","Rows Removed by Index Recheck": 0}]}]}]},"Planning Time": 7.171,"Triggers": [],"Execution Time": 434.998}]
[{"Plan": {"Node Type": "Sort","Parallel Aware": false,"Async Capable": false,"Startup Cost": 10142.20,"Total Cost": 10168.87,"Plan Rows": 10667,"Plan Width": 36,"Actual Startup Time": 463.200,"Actual Total Time": 463.334,"Actual Rows": 786,"Actual Loops": 1,"Sort Key": ["(sum((partsupp.ps_supplycost * (partsupp.ps_availqty)::numeric))) DESC"],"Sort Method": "quicksort","Sort Space Used": 67,"Sort Space Type": "Memory","Plans": [{"Node Type": "Aggregate","Strategy": "Plain","Partial Mode": "Simple","Parent Relationship": "InitPlan","Subplan Name": "InitPlan 1 (returns $2)","Parallel Aware": false,"Async Capable": false,"Startup Cost": 4434.26,"Total Cost": 4434.27,"Plan Rows": 1,"Plan Width": 32,"Actual Startup Time": 138.217,"Actual Total Time": 138.241,"Actual Rows": 1,"Actual Loops": 1,"Plans": [{"Node Type": "Nested Loop","Parent Relationship": "Outer","Parallel Aware": false,"Async Capable": false,"Join Type": "Inner","Startup Cost": 7.81,"Total Cost": 4194.26,"Plan Rows": 32000,"Plan Width": 10,"Actual Startup Time": 0.203,"Actual Total Time": 130.632,"Actual Rows": 33040,"Actual Loops": 1,"Inner Unique": false,"Plans": [{"Node Type": "Nested Loop","Parent Relationship": "Outer","Parallel Aware": false,"Async Capable": false,"Join Type": "Inner","Startup Cost": 7.38,"Total Cost": 244.58,"Plan Rows": 400,"Plan Width": 4,"Actual Startup Time": 0.159,"Actual Total Time": 1.911,"Actual Rows": 413,"Actual Loops": 1,"Inner Unique": false,"Plans": [{"Node Type": "Seq Scan","Parent Relationship": "Outer","Parallel Aware": false,"Async Capable": false,"Relation Name": "nation","Alias": "nation_1","Startup Cost": 0.00,"Total Cost": 1.31,"Plan Rows": 1,"Plan Width": 4,"Actual Startup Time": 0.020,"Actual Total Time": 0.050,"Actual Rows": 1,"Actual Loops": 1,"Filter": "(n_name = 'ARGENTINA'::bpchar)","Rows Removed by Filter": 24},{"Node Type": "Bitmap Heap Scan","Parent Relationship": "Inner","Parallel Aware": false,"Async Capable": false,"Relation Name": "supplier","Alias": "supplier_1","Startup Cost": 7.38,"Total Cost": 239.27,"Plan Rows": 400,"Plan Width": 8,"Actual Startup Time": 0.122,"Actual Total Time": 1.805,"Actual Rows": 413,"Actual Loops": 1,"Recheck Cond": "(s_nationkey = nation_1.n_nationkey)","Rows Removed by Index Recheck": 0,"Exact Heap Blocks": 190,"Lossy Heap Blocks": 0,"Plans": [{"Node Type": "Bitmap Index Scan","Parent Relationship": "Outer","Parallel Aware": false,"Async Capable": false,"Index Name": "idx_supplier_nation_key","Startup Cost": 0.00,"Total Cost": 7.29,"Plan Rows": 400,"Plan Width": 0,"Actual Startup Time": 0.076,"Actual Total Time": 0.082,"Actual Rows": 413,"Actual Loops": 1,"Index Cond": "(s_nationkey = nation_1.n_nationkey)"}]}]},{"Node Type": "Index Scan","Parent Relationship": "Inner","Parallel Aware": false,"Async Capable": false,"Scan Direction": "Forward","Index Name": "idx_partsupp_suppkey","Relation Name": "partsupp","Alias": "partsupp_1","Startup Cost": 0.42,"Total Cost": 9.07,"Plan Rows": 80,"Plan Width": 14,"Actual Startup Time": 0.015,"Actual Total Time": 0.299,"Actual Rows": 80,"Actual Loops": 413,"Index Cond": "(ps_suppkey = supplier_1.s_suppkey)","Rows Removed by Index Recheck": 0}]}]},{"Node Type": "Aggregate","Strategy": "Hashed","Partial Mode": "Simple","Parent Relationship": "Outer","Parallel Aware": false,"Async Capable": false,"Startup Cost": 4514.26,"Total Cost": 4994.26,"Plan Rows": 10667,"Plan Width": 36,"Actual Startup Time": 387.894,"Actual Total Time": 462.834,"Actual Rows": 786,"Actual Loops": 1,"Group Key": ["partsupp.ps_partkey"],"Filter": "(sum((partsupp.ps_supplycost * (partsupp.ps_availqty)::numeric)) > $2)","Planned Partitions": 0,"HashAgg Batches": 1,"Peak Memory Usage": 17937,"Disk Usage": 0,"Rows Removed by Filter": 30324,"Plans": [{"Node Type": "Nested Loop","Parent Relationship": "Outer","Parallel Aware": false,"Async Capable": false,"Join Type": "Inner","Startup Cost": 7.81,"Total Cost": 4194.26,"Plan Rows": 32000,"Plan Width": 14,"Actual Startup Time": 0.397,"Actual Total Time": 197.172,"Actual Rows": 33040,"Actual Loops": 1,"Inner Unique": false,"Plans": [{"Node Type": "Nested Loop","Parent Relationship": "Outer","Parallel Aware": false,"Async Capable": false,"Join Type": "Inner","Startup Cost": 7.38,"Total Cost": 244.58,"Plan Rows": 400,"Plan Width": 4,"Actual Startup Time": 0.324,"Actual Total Time": 2.886,"Actual Rows": 413,"Actual Loops": 1,"Inner Unique": false,"Plans": [{"Node Type": "Seq Scan","Parent Relationship": "Outer","Parallel Aware": false,"Async Capable": false,"Relation Name": "nation","Alias": "nation","Startup Cost": 0.00,"Total Cost": 1.31,"Plan Rows": 1,"Plan Width": 4,"Actual Startup Time": 0.073,"Actual Total Time": 0.106,"Actual Rows": 1,"Actual Loops": 1,"Filter": "(n_name = 'ARGENTINA'::bpchar)","Rows Removed by Filter": 24},{"Node Type": "Bitmap Heap Scan","Parent Relationship": "Inner","Parallel Aware": false,"Async Capable": false,"Relation Name": "supplier","Alias": "supplier","Startup Cost": 7.38,"Total Cost": 239.27,"Plan Rows": 400,"Plan Width": 8,"Actual Startup Time": 0.246,"Actual Total Time": 2.727,"Actual Rows": 413,"Actual Loops": 1,"Recheck Cond": "(s_nationkey = nation.n_nationkey)","Rows Removed by Index Recheck": 0,"Exact Heap Blocks": 190,"Lossy Heap Blocks": 0,"Plans": [{"Node Type": "Bitmap Index Scan","Parent Relationship": "Outer","Parallel Aware": false,"Async Capable": false,"Index Name": "idx_supplier_nation_key","Startup Cost": 0.00,"Total Cost": 7.29,"Plan Rows": 400,"Plan Width": 0,"Actual Startup Time": 0.154,"Actual Total Time": 0.156,"Actual Rows": 413,"Actual Loops": 1,"Index Cond": "(s_nationkey = nation.n_nationkey)"}]}]},{"Node Type": "Index Scan","Parent Relationship": "Inner","Parallel Aware": false,"Async Capable": false,"Scan Direction": "Forward","Index Name": "idx_partsupp_suppkey","Relation Name": "partsupp","Alias": "partsupp","Startup Cost": 0.42,"Total Cost": 9.07,"Plan Rows": 80,"Plan Width": 18,"Actual Startup Time": 0.020,"Actual Total Time": 0.459,"Actual Rows": 80,"Actual Loops": 413,"Index Cond": "(ps_suppkey = supplier.s_suppkey)","Rows Removed by Index Recheck": 0}]}]}]},"Planning Time": 6.005,"Triggers": [],"Execution Time": 466.166}]
[{"Plan": {"Node Type": "Sort","Parallel Aware": false,"Async Capable": false,"Startup Cost": 10142.20,"Total Cost": 10168.87,"Plan Rows": 10667,"Plan Width": 36,"Actual Startup Time": 433.392,"Actual Total Time": 433.521,"Actual Rows": 1062,"Actual Loops": 1,"Sort Key": ["(sum((partsupp.ps_supplycost * (partsupp.ps_availqty)::numeric))) DESC"],"Sort Method": "quicksort","Sort Space Used": 107,"Sort Space Type": "Memory","Plans": [{"Node Type": "Aggregate","Strategy": "Plain","Partial Mode": "Simple","Parent Relationship": "InitPlan","Subplan Name": "InitPlan 1 (returns $2)","Parallel Aware": false,"Async Capable": false,"Startup Cost": 4434.26,"Total Cost": 4434.27,"Plan Rows": 1,"Plan Width": 32,"Actual Startup Time": 125.971,"Actual Total Time": 125.990,"Actual Rows": 1,"Actual Loops": 1,"Plans": [{"Node Type": "Nested Loop","Parent Relationship": "Outer","Parallel Aware": false,"Async Capable": false,"Join Type": "Inner","Startup Cost": 7.81,"Total Cost": 4194.26,"Plan Rows": 32000,"Plan Width": 10,"Actual Startup Time": 0.203,"Actual Total Time": 118.781,"Actual Rows": 31440,"Actual Loops": 1,"Inner Unique": false,"Plans": [{"Node Type": "Nested Loop","Parent Relationship": "Outer","Parallel Aware": false,"Async Capable": false,"Join Type": "Inner","Startup Cost": 7.38,"Total Cost": 244.58,"Plan Rows": 400,"Plan Width": 4,"Actual Startup Time": 0.157,"Actual Total Time": 1.656,"Actual Rows": 393,"Actual Loops": 1,"Inner Unique": false,"Plans": [{"Node Type": "Seq Scan","Parent Relationship": "Outer","Parallel Aware": false,"Async Capable": false,"Relation Name": "nation","Alias": "nation_1","Startup Cost": 0.00,"Total Cost": 1.31,"Plan Rows": 1,"Plan Width": 4,"Actual Startup Time": 0.034,"Actual Total Time": 0.054,"Actual Rows": 1,"Actual Loops": 1,"Filter": "(n_name = 'IRAN'::bpchar)","Rows Removed by Filter": 24},{"Node Type": "Bitmap Heap Scan","Parent Relationship": "Inner","Parallel Aware": false,"Async Capable": false,"Relation Name": "supplier","Alias": "supplier_1","Startup Cost": 7.38,"Total Cost": 239.27,"Plan Rows": 400,"Plan Width": 8,"Actual Startup Time": 0.107,"Actual Total Time": 1.545,"Actual Rows": 393,"Actual Loops": 1,"Recheck Cond": "(s_nationkey = nation_1.n_nationkey)","Rows Removed by Index Recheck": 0,"Exact Heap Blocks": 179,"Lossy Heap Blocks": 0,"Plans": [{"Node Type": "Bitmap Index Scan","Parent Relationship": "Outer","Parallel Aware": false,"Async Capable": false,"Index Name": "idx_supplier_nation_key","Startup Cost": 0.00,"Total Cost": 7.29,"Plan Rows": 400,"Plan Width": 0,"Actual Startup Time": 0.076,"Actual Total Time": 0.080,"Actual Rows": 393,"Actual Loops": 1,"Index Cond": "(s_nationkey = nation_1.n_nationkey)"}]}]},{"Node Type": "Index Scan","Parent Relationship": "Inner","Parallel Aware": false,"Async Capable": false,"Scan Direction": "Forward","Index Name": "idx_partsupp_suppkey","Relation Name": "partsupp","Alias": "partsupp_1","Startup Cost": 0.42,"Total Cost": 9.07,"Plan Rows": 80,"Plan Width": 14,"Actual Startup Time": 0.014,"Actual Total Time": 0.286,"Actual Rows": 80,"Actual Loops": 393,"Index Cond": "(ps_suppkey = supplier_1.s_suppkey)","Rows Removed by Index Recheck": 0}]}]},{"Node Type": "Aggregate","Strategy": "Hashed","Partial Mode": "Simple","Parent Relationship": "Outer","Parallel Aware": false,"Async Capable": false,"Startup Cost": 4514.26,"Total Cost": 4994.26,"Plan Rows": 10667,"Plan Width": 36,"Actual Startup Time": 362.794,"Actual Total Time": 432.898,"Actual Rows": 1062,"Actual Loops": 1,"Group Key": ["partsupp.ps_partkey"],"Filter": "(sum((partsupp.ps_supplycost * (partsupp.ps_availqty)::numeric)) > $2)","Planned Partitions": 0,"HashAgg Batches": 1,"Peak Memory Usage": 17937,"Disk Usage": 0,"Rows Removed by Filter": 28595,"Plans": [{"Node Type": "Nested Loop","Parent Relationship": "Outer","Parallel Aware": false,"Async Capable": false,"Join Type": "Inner","Startup Cost": 7.81,"Total Cost": 4194.26,"Plan Rows": 32000,"Plan Width": 14,"Actual Startup Time": 0.338,"Actual Total Time": 194.810,"Actual Rows": 31440,"Actual Loops": 1,"Inner Unique": false,"Plans": [{"Node Type": "Nested Loop","Parent Relationship": "Outer","Parallel Aware": false,"Async Capable": false,"Join Type": "Inner","Startup Cost": 7.38,"Total Cost": 244.58,"Plan Rows": 400,"Plan Width": 4,"Actual Startup Time": 0.285,"Actual Total Time": 2.779,"Actual Rows": 393,"Actual Loops": 1,"Inner Unique": false,"Plans": [{"Node Type": "Seq Scan","Parent Relationship": "Outer","Parallel Aware": false,"Async Capable": false,"Relation Name": "nation","Alias": "nation","Startup Cost": 0.00,"Total Cost": 1.31,"Plan Rows": 1,"Plan Width": 4,"Actual Startup Time": 0.074,"Actual Total Time": 0.096,"Actual Rows": 1,"Actual Loops": 1,"Filter": "(n_name = 'IRAN'::bpchar)","Rows Removed by Filter": 24},{"Node Type": "Bitmap Heap Scan","Parent Relationship": "Inner","Parallel Aware": false,"Async Capable": false,"Relation Name": "supplier","Alias": "supplier","Startup Cost": 7.38,"Total Cost": 239.27,"Plan Rows": 400,"Plan Width": 8,"Actual Startup Time": 0.203,"Actual Total Time": 2.632,"Actual Rows": 393,"Actual Loops": 1,"Recheck Cond": "(s_nationkey = nation.n_nationkey)","Rows Removed by Index Recheck": 0,"Exact Heap Blocks": 179,"Lossy Heap Blocks": 0,"Plans": [{"Node Type": "Bitmap Index Scan","Parent Relationship": "Outer","Parallel Aware": false,"Async Capable": false,"Index Name": "idx_supplier_nation_key","Startup Cost": 0.00,"Total Cost": 7.29,"Plan Rows": 400,"Plan Width": 0,"Actual Startup Time": 0.138,"Actual Total Time": 0.139,"Actual Rows": 393,"Actual Loops": 1,"Index Cond": "(s_nationkey = nation.n_nationkey)"}]}]},{"Node Type": "Index Scan","Parent Relationship": "Inner","Parallel Aware": false,"Async Capable": false,"Scan Direction": "Forward","Index Name": "idx_partsupp_suppkey","Relation Name": "partsupp","Alias": "partsupp","Startup Cost": 0.42,"Total Cost": 9.07,"Plan Rows": 80,"Plan Width": 18,"Actual Startup Time": 0.019,"Actual Total Time": 0.477,"Actual Rows": 80,"Actual Loops": 393,"Index Cond": "(ps_suppkey = supplier.s_suppkey)","Rows Removed by Index Recheck": 0}]}]}]},"Planning Time": 6.603,"Triggers": [],"Execution Time": 437.000}]
[{"Plan": {"Node Type": "Sort","Parallel Aware": false,"Async Capable": false,"Startup Cost": 10142.20,"Total Cost": 10168.87,"Plan Rows": 10667,"Plan Width": 36,"Actual Startup Time": 433.878,"Actual Total Time": 434.021,"Actual Rows": 1048,"Actual Loops": 1,"Sort Key": ["(sum((partsupp.ps_supplycost * (partsupp.ps_availqty)::numeric))) DESC"],"Sort Method": "quicksort","Sort Space Used": 106,"Sort Space Type": "Memory","Plans": [{"Node Type": "Aggregate","Strategy": "Plain","Partial Mode": "Simple","Parent Relationship": "InitPlan","Subplan Name": "InitPlan 1 (returns $2)","Parallel Aware": false,"Async Capable": false,"Startup Cost": 4434.26,"Total Cost": 4434.27,"Plan Rows": 1,"Plan Width": 32,"Actual Startup Time": 128.490,"Actual Total Time": 128.514,"Actual Rows": 1,"Actual Loops": 1,"Plans": [{"Node Type": "Nested Loop","Parent Relationship": "Outer","Parallel Aware": false,"Async Capable": false,"Join Type": "Inner","Startup Cost": 7.81,"Total Cost": 4194.26,"Plan Rows": 32000,"Plan Width": 10,"Actual Startup Time": 0.194,"Actual Total Time": 121.249,"Actual Rows": 31680,"Actual Loops": 1,"Inner Unique": false,"Plans": [{"Node Type": "Nested Loop","Parent Relationship": "Outer","Parallel Aware": false,"Async Capable": false,"Join Type": "Inner","Startup Cost": 7.38,"Total Cost": 244.58,"Plan Rows": 400,"Plan Width": 4,"Actual Startup Time": 0.149,"Actual Total Time": 1.791,"Actual Rows": 396,"Actual Loops": 1,"Inner Unique": false,"Plans": [{"Node Type": "Seq Scan","Parent Relationship": "Outer","Parallel Aware": false,"Async Capable": false,"Relation Name": "nation","Alias": "nation_1","Startup Cost": 0.00,"Total Cost": 1.31,"Plan Rows": 1,"Plan Width": 4,"Actual Startup Time": 0.037,"Actual Total Time": 0.065,"Actual Rows": 1,"Actual Loops": 1,"Filter": "(n_name = 'GERMANY'::bpchar)","Rows Removed by Filter": 24},{"Node Type": "Bitmap Heap Scan","Parent Relationship": "Inner","Parallel Aware": false,"Async Capable": false,"Relation Name": "supplier","Alias": "supplier_1","Startup Cost": 7.38,"Total Cost": 239.27,"Plan Rows": 400,"Plan Width": 8,"Actual Startup Time": 0.101,"Actual Total Time": 1.663,"Actual Rows": 396,"Actual Loops": 1,"Recheck Cond": "(s_nationkey = nation_1.n_nationkey)","Rows Removed by Index Recheck": 0,"Exact Heap Blocks": 191,"Lossy Heap Blocks": 0,"Plans": [{"Node Type": "Bitmap Index Scan","Parent Relationship": "Outer","Parallel Aware": false,"Async Capable": false,"Index Name": "idx_supplier_nation_key","Startup Cost": 0.00,"Total Cost": 7.29,"Plan Rows": 400,"Plan Width": 0,"Actual Startup Time": 0.064,"Actual Total Time": 0.071,"Actual Rows": 396,"Actual Loops": 1,"Index Cond": "(s_nationkey = nation_1.n_nationkey)"}]}]},{"Node Type": "Index Scan","Parent Relationship": "Inner","Parallel Aware": false,"Async Capable": false,"Scan Direction": "Forward","Index Name": "idx_partsupp_suppkey","Relation Name": "partsupp","Alias": "partsupp_1","Startup Cost": 0.42,"Total Cost": 9.07,"Plan Rows": 80,"Plan Width": 14,"Actual Startup Time": 0.014,"Actual Total Time": 0.289,"Actual Rows": 80,"Actual Loops": 396,"Index Cond": "(ps_suppkey = supplier_1.s_suppkey)","Rows Removed by Index Recheck": 0}]}]},{"Node Type": "Aggregate","Strategy": "Hashed","Partial Mode": "Simple","Parent Relationship": "Outer","Parallel Aware": false,"Async Capable": false,"Startup Cost": 4514.26,"Total Cost": 4994.26,"Plan Rows": 10667,"Plan Width": 36,"Actual Startup Time": 363.472,"Actual Total Time": 433.375,"Actual Rows": 1048,"Actual Loops": 1,"Group Key": ["partsupp.ps_partkey"],"Filter": "(sum((partsupp.ps_supplycost * (partsupp.ps_availqty)::numeric)) > $2)","Planned Partitions": 0,"HashAgg Batches": 1,"Peak Memory Usage": 17937,"Disk Usage": 0,"Rows Removed by Filter": 28770,"Plans": [{"Node Type": "Nested Loop","Parent Relationship": "Outer","Parallel Aware": false,"Async Capable": false,"Join Type": "Inner","Startup Cost": 7.81,"Total Cost": 4194.26,"Plan Rows": 32000,"Plan Width": 14,"Actual Startup Time": 0.319,"Actual Total Time": 192.866,"Actual Rows": 31680,"Actual Loops": 1,"Inner Unique": false,"Plans": [{"Node Type": "Nested Loop","Parent Relationship": "Outer","Parallel Aware": false,"Async Capable": false,"Join Type": "Inner","Startup Cost": 7.38,"Total Cost": 244.58,"Plan Rows": 400,"Plan Width": 4,"Actual Startup Time": 0.254,"Actual Total Time": 2.704,"Actual Rows": 396,"Actual Loops": 1,"Inner Unique": false,"Plans": [{"Node Type": "Seq Scan","Parent Relationship": "Outer","Parallel Aware": false,"Async Capable": false,"Relation Name": "nation","Alias": "nation","Startup Cost": 0.00,"Total Cost": 1.31,"Plan Rows": 1,"Plan Width": 4,"Actual Startup Time": 0.067,"Actual Total Time": 0.092,"Actual Rows": 1,"Actual Loops": 1,"Filter": "(n_name = 'GERMANY'::bpchar)","Rows Removed by Filter": 24},{"Node Type": "Bitmap Heap Scan","Parent Relationship": "Inner","Parallel Aware": false,"Async Capable": false,"Relation Name": "supplier","Alias": "supplier","Startup Cost": 7.38,"Total Cost": 239.27,"Plan Rows": 400,"Plan Width": 8,"Actual Startup Time": 0.180,"Actual Total Time": 2.555,"Actual Rows": 396,"Actual Loops": 1,"Recheck Cond": "(s_nationkey = nation.n_nationkey)","Rows Removed by Index Recheck": 0,"Exact Heap Blocks": 191,"Lossy Heap Blocks": 0,"Plans": [{"Node Type": "Bitmap Index Scan","Parent Relationship": "Outer","Parallel Aware": false,"Async Capable": false,"Index Name": "idx_supplier_nation_key","Startup Cost": 0.00,"Total Cost": 7.29,"Plan Rows": 400,"Plan Width": 0,"Actual Startup Time": 0.114,"Actual Total Time": 0.118,"Actual Rows": 396,"Actual Loops": 1,"Index Cond": "(s_nationkey = nation.n_nationkey)"}]}]},{"Node Type": "Index Scan","Parent Relationship": "Inner","Parallel Aware": false,"Async Capable": false,"Scan Direction": "Forward","Index Name": "idx_partsupp_suppkey","Relation Name": "partsupp","Alias": "partsupp","Startup Cost": 0.42,"Total Cost": 9.07,"Plan Rows": 80,"Plan Width": 18,"Actual Startup Time": 0.019,"Actual Total Time": 0.468,"Actual Rows": 80,"Actual Loops": 396,"Index Cond": "(ps_suppkey = supplier.s_suppkey)","Rows Removed by Index Recheck": 0}]}]}]},"Planning Time": 7.362,"Triggers": [],"Execution Time": 437.365}]
[{"Plan": {"Node Type": "Sort","Parallel Aware": false,"Async Capable": false,"Startup Cost": 10142.20,"Total Cost": 10168.87,"Plan Rows": 10667,"Plan Width": 36,"Actual Startup Time": 427.262,"Actual Total Time": 427.423,"Actual Rows": 1241,"Actual Loops": 1,"Sort Key": ["(sum((partsupp.ps_supplycost * (partsupp.ps_availqty)::numeric))) DESC"],"Sort Method": "quicksort","Sort Space Used": 116,"Sort Space Type": "Memory","Plans": [{"Node Type": "Aggregate","Strategy": "Plain","Partial Mode": "Simple","Parent Relationship": "InitPlan","Subplan Name": "InitPlan 1 (returns $2)","Parallel Aware": false,"Async Capable": false,"Startup Cost": 4434.26,"Total Cost": 4434.27,"Plan Rows": 1,"Plan Width": 32,"Actual Startup Time": 127.406,"Actual Total Time": 127.426,"Actual Rows": 1,"Actual Loops": 1,"Plans": [{"Node Type": "Nested Loop","Parent Relationship": "Outer","Parallel Aware": false,"Async Capable": false,"Join Type": "Inner","Startup Cost": 7.81,"Total Cost": 4194.26,"Plan Rows": 32000,"Plan Width": 10,"Actual Startup Time": 0.226,"Actual Total Time": 120.281,"Actual Rows": 30400,"Actual Loops": 1,"Inner Unique": false,"Plans": [{"Node Type": "Nested Loop","Parent Relationship": "Outer","Parallel Aware": false,"Async Capable": false,"Join Type": "Inner","Startup Cost": 7.38,"Total Cost": 244.58,"Plan Rows": 400,"Plan Width": 4,"Actual Startup Time": 0.174,"Actual Total Time": 1.741,"Actual Rows": 380,"Actual Loops": 1,"Inner Unique": false,"Plans": [{"Node Type": "Seq Scan","Parent Relationship": "Outer","Parallel Aware": false,"Async Capable": false,"Relation Name": "nation","Alias": "nation_1","Startup Cost": 0.00,"Total Cost": 1.31,"Plan Rows": 1,"Plan Width": 4,"Actual Startup Time": 0.028,"Actual Total Time": 0.042,"Actual Rows": 1,"Actual Loops": 1,"Filter": "(n_name = 'ETHIOPIA'::bpchar)","Rows Removed by Filter": 24},{"Node Type": "Bitmap Heap Scan","Parent Relationship": "Inner","Parallel Aware": false,"Async Capable": false,"Relation Name": "supplier","Alias": "supplier_1","Startup Cost": 7.38,"Total Cost": 239.27,"Plan Rows": 400,"Plan Width": 8,"Actual Startup Time": 0.130,"Actual Total Time": 1.641,"Actual Rows": 380,"Actual Loops": 1,"Recheck Cond": "(s_nationkey = nation_1.n_nationkey)","Rows Removed by Index Recheck": 0,"Exact Heap Blocks": 192,"Lossy Heap Blocks": 0,"Plans": [{"Node Type": "Bitmap Index Scan","Parent Relationship": "Outer","Parallel Aware": false,"Async Capable": false,"Index Name": "idx_supplier_nation_key","Startup Cost": 0.00,"Total Cost": 7.29,"Plan Rows": 400,"Plan Width": 0,"Actual Startup Time": 0.089,"Actual Total Time": 0.091,"Actual Rows": 380,"Actual Loops": 1,"Index Cond": "(s_nationkey = nation_1.n_nationkey)"}]}]},{"Node Type": "Index Scan","Parent Relationship": "Inner","Parallel Aware": false,"Async Capable": false,"Scan Direction": "Forward","Index Name": "idx_partsupp_suppkey","Relation Name": "partsupp","Alias": "partsupp_1","Startup Cost": 0.42,"Total Cost": 9.07,"Plan Rows": 80,"Plan Width": 14,"Actual Startup Time": 0.015,"Actual Total Time": 0.299,"Actual Rows": 80,"Actual Loops": 380,"Index Cond": "(ps_suppkey = supplier_1.s_suppkey)","Rows Removed by Index Recheck": 0}]}]},{"Node Type": "Aggregate","Strategy": "Hashed","Partial Mode": "Simple","Parent Relationship": "Outer","Parallel Aware": false,"Async Capable": false,"Startup Cost": 4514.26,"Total Cost": 4994.26,"Plan Rows": 10667,"Plan Width": 36,"Actual Startup Time": 359.706,"Actual Total Time": 426.732,"Actual Rows": 1241,"Actual Loops": 1,"Group Key": ["partsupp.ps_partkey"],"Filter": "(sum((partsupp.ps_supplycost * (partsupp.ps_availqty)::numeric)) > $2)","Planned Partitions": 0,"HashAgg Batches": 1,"Peak Memory Usage": 17937,"Disk Usage": 0,"Rows Removed by Filter": 27374,"Plans": [{"Node Type": "Nested Loop","Parent Relationship": "Outer","Parallel Aware": false,"Async Capable": false,"Join Type": "Inner","Startup Cost": 7.81,"Total Cost": 4194.26,"Plan Rows": 32000,"Plan Width": 14,"Actual Startup Time": 0.377,"Actual Total Time": 187.744,"Actual Rows": 30400,"Actual Loops": 1,"Inner Unique": false,"Plans": [{"Node Type": "Nested Loop","Parent Relationship": "Outer","Parallel Aware": false,"Async Capable": false,"Join Type": "Inner","Startup Cost": 7.38,"Total Cost": 244.58,"Plan Rows": 400,"Plan Width": 4,"Actual Startup Time": 0.305,"Actual Total Time": 2.864,"Actual Rows": 380,"Actual Loops": 1,"Inner Unique": false,"Plans": [{"Node Type": "Seq Scan","Parent Relationship": "Outer","Parallel Aware": false,"Async Capable": false,"Relation Name": "nation","Alias": "nation","Startup Cost": 0.00,"Total Cost": 1.31,"Plan Rows": 1,"Plan Width": 4,"Actual Startup Time": 0.073,"Actual Total Time": 0.091,"Actual Rows": 1,"Actual Loops": 1,"Filter": "(n_name = 'ETHIOPIA'::bpchar)","Rows Removed by Filter": 24},{"Node Type": "Bitmap Heap Scan","Parent Relationship": "Inner","Parallel Aware": false,"Async Capable": false,"Relation Name": "supplier","Alias": "supplier","Startup Cost": 7.38,"Total Cost": 239.27,"Plan Rows": 400,"Plan Width": 8,"Actual Startup Time": 0.228,"Actual Total Time": 2.728,"Actual Rows": 380,"Actual Loops": 1,"Recheck Cond": "(s_nationkey = nation.n_nationkey)","Rows Removed by Index Recheck": 0,"Exact Heap Blocks": 192,"Lossy Heap Blocks": 0,"Plans": [{"Node Type": "Bitmap Index Scan","Parent Relationship": "Outer","Parallel Aware": false,"Async Capable": false,"Index Name": "idx_supplier_nation_key","Startup Cost": 0.00,"Total Cost": 7.29,"Plan Rows": 400,"Plan Width": 0,"Actual Startup Time": 0.146,"Actual Total Time": 0.146,"Actual Rows": 380,"Actual Loops": 1,"Index Cond": "(s_nationkey = nation.n_nationkey)"}]}]},{"Node Type": "Index Scan","Parent Relationship": "Inner","Parallel Aware": false,"Async Capable": false,"Scan Direction": "Forward","Index Name": "idx_partsupp_suppkey","Relation Name": "partsupp","Alias": "partsupp","Startup Cost": 0.42,"Total Cost": 9.07,"Plan Rows": 80,"Plan Width": 18,"Actual Startup Time": 0.020,"Actual Total Time": 0.475,"Actual Rows": 80,"Actual Loops": 380,"Index Cond": "(ps_suppkey = supplier.s_suppkey)","Rows Removed by Index Recheck": 0}]}]}]},"Planning Time": 7.180,"Triggers": [],"Execution Time": 429.797}]
[{"Plan": {"Node Type": "Sort","Parallel Aware": false,"Async Capable": false,"Startup Cost": 10142.20,"Total Cost": 10168.87,"Plan Rows": 10667,"Plan Width": 36,"Actual Startup Time": 444.263,"Actual Total Time": 444.393,"Actual Rows": 839,"Actual Loops": 1,"Sort Key": ["(sum((partsupp.ps_supplycost * (partsupp.ps_availqty)::numeric))) DESC"],"Sort Method": "quicksort","Sort Space Used": 70,"Sort Space Type": "Memory","Plans": [{"Node Type": "Aggregate","Strategy": "Plain","Partial Mode": "Simple","Parent Relationship": "InitPlan","Subplan Name": "InitPlan 1 (returns $2)","Parallel Aware": false,"Async Capable": false,"Startup Cost": 4434.26,"Total Cost": 4434.27,"Plan Rows": 1,"Plan Width": 32,"Actual Startup Time": 130.704,"Actual Total Time": 130.725,"Actual Rows": 1,"Actual Loops": 1,"Plans": [{"Node Type": "Nested Loop","Parent Relationship": "Outer","Parallel Aware": false,"Async Capable": false,"Join Type": "Inner","Startup Cost": 7.81,"Total Cost": 4194.26,"Plan Rows": 32000,"Plan Width": 10,"Actual Startup Time": 0.144,"Actual Total Time": 123.234,"Actual Rows": 32880,"Actual Loops": 1,"Inner Unique": false,"Plans": [{"Node Type": "Nested Loop","Parent Relationship": "Outer","Parallel Aware": false,"Async Capable": false,"Join Type": "Inner","Startup Cost": 7.38,"Total Cost": 244.58,"Plan Rows": 400,"Plan Width": 4,"Actual Startup Time": 0.115,"Actual Total Time": 1.739,"Actual Rows": 411,"Actual Loops": 1,"Inner Unique": false,"Plans": [{"Node Type": "Seq Scan","Parent Relationship": "Outer","Parallel Aware": false,"Async Capable": false,"Relation Name": "nation","Alias": "nation_1","Startup Cost": 0.00,"Total Cost": 1.31,"Plan Rows": 1,"Plan Width": 4,"Actual Startup Time": 0.024,"Actual Total Time": 0.046,"Actual Rows": 1,"Actual Loops": 1,"Filter": "(n_name = 'SAUDI ARABIA'::bpchar)","Rows Removed by Filter": 24},{"Node Type": "Bitmap Heap Scan","Parent Relationship": "Inner","Parallel Aware": false,"Async Capable": false,"Relation Name": "supplier","Alias": "supplier_1","Startup Cost": 7.38,"Total Cost": 239.27,"Plan Rows": 400,"Plan Width": 8,"Actual Startup Time": 0.082,"Actual Total Time": 1.642,"Actual Rows": 411,"Actual Loops": 1,"Recheck Cond": "(s_nationkey = nation_1.n_nationkey)","Rows Removed by Index Recheck": 0,"Exact Heap Blocks": 182,"Lossy Heap Blocks": 0,"Plans": [{"Node Type": "Bitmap Index Scan","Parent Relationship": "Outer","Parallel Aware": false,"Async Capable": false,"Index Name": "idx_supplier_nation_key","Startup Cost": 0.00,"Total Cost": 7.29,"Plan Rows": 400,"Plan Width": 0,"Actual Startup Time": 0.049,"Actual Total Time": 0.055,"Actual Rows": 411,"Actual Loops": 1,"Index Cond": "(s_nationkey = nation_1.n_nationkey)"}]}]},{"Node Type": "Index Scan","Parent Relationship": "Inner","Parallel Aware": false,"Async Capable": false,"Scan Direction": "Forward","Index Name": "idx_partsupp_suppkey","Relation Name": "partsupp","Alias": "partsupp_1","Startup Cost": 0.42,"Total Cost": 9.07,"Plan Rows": 80,"Plan Width": 14,"Actual Startup Time": 0.014,"Actual Total Time": 0.283,"Actual Rows": 80,"Actual Loops": 411,"Index Cond": "(ps_suppkey = supplier_1.s_suppkey)","Rows Removed by Index Recheck": 0}]}]},{"Node Type": "Aggregate","Strategy": "Hashed","Partial Mode": "Simple","Parent Relationship": "Outer","Parallel Aware": false,"Async Capable": false,"Startup Cost": 4514.26,"Total Cost": 4994.26,"Plan Rows": 10667,"Plan Width": 36,"Actual Startup Time": 370.866,"Actual Total Time": 443.841,"Actual Rows": 839,"Actual Loops": 1,"Group Key": ["partsupp.ps_partkey"],"Filter": "(sum((partsupp.ps_supplycost * (partsupp.ps_availqty)::numeric)) > $2)","Planned Partitions": 0,"HashAgg Batches": 1,"Peak Memory Usage": 17937,"Disk Usage": 0,"Rows Removed by Filter": 30007,"Plans": [{"Node Type": "Nested Loop","Parent Relationship": "Outer","Parallel Aware": false,"Async Capable": false,"Join Type": "Inner","Startup Cost": 7.81,"Total Cost": 4194.26,"Plan Rows": 32000,"Plan Width": 14,"Actual Startup Time": 0.339,"Actual Total Time": 197.388,"Actual Rows": 32880,"Actual Loops": 1,"Inner Unique": false,"Plans": [{"Node Type": "Nested Loop","Parent Relationship": "Outer","Parallel Aware": false,"Async Capable": false,"Join Type": "Inner","Startup Cost": 7.38,"Total Cost": 244.58,"Plan Rows": 400,"Plan Width": 4,"Actual Startup Time": 0.236,"Actual Total Time": 2.786,"Actual Rows": 411,"Actual Loops": 1,"Inner Unique": false,"Plans": [{"Node Type": "Seq Scan","Parent Relationship": "Outer","Parallel Aware": false,"Async Capable": false,"Relation Name": "nation","Alias": "nation","Startup Cost": 0.00,"Total Cost": 1.31,"Plan Rows": 1,"Plan Width": 4,"Actual Startup Time": 0.067,"Actual Total Time": 0.078,"Actual Rows": 1,"Actual Loops": 1,"Filter": "(n_name = 'SAUDI ARABIA'::bpchar)","Rows Removed by Filter": 24},{"Node Type": "Bitmap Heap Scan","Parent Relationship": "Inner","Parallel Aware": false,"Async Capable": false,"Relation Name": "supplier","Alias": "supplier","Startup Cost": 7.38,"Total Cost": 239.27,"Plan Rows": 400,"Plan Width": 8,"Actual Startup Time": 0.164,"Actual Total Time": 2.651,"Actual Rows": 411,"Actual Loops": 1,"Recheck Cond": "(s_nationkey = nation.n_nationkey)","Rows Removed by Index Recheck": 0,"Exact Heap Blocks": 182,"Lossy Heap Blocks": 0,"Plans": [{"Node Type": "Bitmap Index Scan","Parent Relationship": "Outer","Parallel Aware": false,"Async Capable": false,"Index Name": "idx_supplier_nation_key","Startup Cost": 0.00,"Total Cost": 7.29,"Plan Rows": 400,"Plan Width": 0,"Actual Startup Time": 0.119,"Actual Total Time": 0.120,"Actual Rows": 411,"Actual Loops": 1,"Index Cond": "(s_nationkey = nation.n_nationkey)"}]}]},{"Node Type": "Index Scan","Parent Relationship": "Inner","Parallel Aware": false,"Async Capable": false,"Scan Direction": "Forward","Index Name": "idx_partsupp_suppkey","Relation Name": "partsupp","Alias": "partsupp","Startup Cost": 0.42,"Total Cost": 9.07,"Plan Rows": 80,"Plan Width": 18,"Actual Startup Time": 0.019,"Actual Total Time": 0.462,"Actual Rows": 80,"Actual Loops": 411,"Index Cond": "(ps_suppkey = supplier.s_suppkey)","Rows Removed by Index Recheck": 0}]}]}]},"Planning Time": 5.661,"Triggers": [],"Execution Time": 447.485}]
[{"Plan": {"Node Type": "Sort","Parallel Aware": false,"Async Capable": false,"Startup Cost": 10142.20,"Total Cost": 10168.87,"Plan Rows": 10667,"Plan Width": 36,"Actual Startup Time": 413.680,"Actual Total Time": 413.810,"Actual Rows": 1217,"Actual Loops": 1,"Sort Key": ["(sum((partsupp.ps_supplycost * (partsupp.ps_availqty)::numeric))) DESC"],"Sort Method": "quicksort","Sort Space Used": 115,"Sort Space Type": "Memory","Plans": [{"Node Type": "Aggregate","Strategy": "Plain","Partial Mode": "Simple","Parent Relationship": "InitPlan","Subplan Name": "InitPlan 1 (returns $2)","Parallel Aware": false,"Async Capable": false,"Startup Cost": 4434.26,"Total Cost": 4434.27,"Plan Rows": 1,"Plan Width": 32,"Actual Startup Time": 121.350,"Actual Total Time": 121.366,"Actual Rows": 1,"Actual Loops": 1,"Plans": [{"Node Type": "Nested Loop","Parent Relationship": "Outer","Parallel Aware": false,"Async Capable": false,"Join Type": "Inner","Startup Cost": 7.81,"Total Cost": 4194.26,"Plan Rows": 32000,"Plan Width": 10,"Actual Startup Time": 0.211,"Actual Total Time": 114.479,"Actual Rows": 30080,"Actual Loops": 1,"Inner Unique": false,"Plans": [{"Node Type": "Nested Loop","Parent Relationship": "Outer","Parallel Aware": false,"Async Capable": false,"Join Type": "Inner","Startup Cost": 7.38,"Total Cost": 244.58,"Plan Rows": 400,"Plan Width": 4,"Actual Startup Time": 0.161,"Actual Total Time": 1.670,"Actual Rows": 376,"Actual Loops": 1,"Inner Unique": false,"Plans": [{"Node Type": "Seq Scan","Parent Relationship": "Outer","Parallel Aware": false,"Async Capable": false,"Relation Name": "nation","Alias": "nation_1","Startup Cost": 0.00,"Total Cost": 1.31,"Plan Rows": 1,"Plan Width": 4,"Actual Startup Time": 0.026,"Actual Total Time": 0.039,"Actual Rows": 1,"Actual Loops": 1,"Filter": "(n_name = 'KENYA'::bpchar)","Rows Removed by Filter": 24},{"Node Type": "Bitmap Heap Scan","Parent Relationship": "Inner","Parallel Aware": false,"Async Capable": false,"Relation Name": "supplier","Alias": "supplier_1","Startup Cost": 7.38,"Total Cost": 239.27,"Plan Rows": 400,"Plan Width": 8,"Actual Startup Time": 0.113,"Actual Total Time": 1.571,"Actual Rows": 376,"Actual Loops": 1,"Recheck Cond": "(s_nationkey = nation_1.n_nationkey)","Rows Removed by Index Recheck": 0,"Exact Heap Blocks": 179,"Lossy Heap Blocks": 0,"Plans": [{"Node Type": "Bitmap Index Scan","Parent Relationship": "Outer","Parallel Aware": false,"Async Capable": false,"Index Name": "idx_supplier_nation_key","Startup Cost": 0.00,"Total Cost": 7.29,"Plan Rows": 400,"Plan Width": 0,"Actual Startup Time": 0.082,"Actual Total Time": 0.086,"Actual Rows": 376,"Actual Loops": 1,"Index Cond": "(s_nationkey = nation_1.n_nationkey)"}]}]},{"Node Type": "Index Scan","Parent Relationship": "Inner","Parallel Aware": false,"Async Capable": false,"Scan Direction": "Forward","Index Name": "idx_partsupp_suppkey","Relation Name": "partsupp","Alias": "partsupp_1","Startup Cost": 0.42,"Total Cost": 9.07,"Plan Rows": 80,"Plan Width": 14,"Actual Startup Time": 0.014,"Actual Total Time": 0.288,"Actual Rows": 80,"Actual Loops": 376,"Index Cond": "(ps_suppkey = supplier_1.s_suppkey)","Rows Removed by Index Recheck": 0}]}]},{"Node Type": "Aggregate","Strategy": "Hashed","Partial Mode": "Simple","Parent Relationship": "Outer","Parallel Aware": false,"Async Capable": false,"Startup Cost": 4514.26,"Total Cost": 4994.26,"Plan Rows": 10667,"Plan Width": 36,"Actual Startup Time": 346.893,"Actual Total Time": 413.082,"Actual Rows": 1217,"Actual Loops": 1,"Group Key": ["partsupp.ps_partkey"],"Filter": "(sum((partsupp.ps_supplycost * (partsupp.ps_availqty)::numeric)) > $2)","Planned Partitions": 0,"HashAgg Batches": 1,"Peak Memory Usage": 17937,"Disk Usage": 0,"Rows Removed by Filter": 27288,"Plans": [{"Node Type": "Nested Loop","Parent Relationship": "Outer","Parallel Aware": false,"Async Capable": false,"Join Type": "Inner","Startup Cost": 7.81,"Total Cost": 4194.26,"Plan Rows": 32000,"Plan Width": 14,"Actual Startup Time": 0.423,"Actual Total Time": 185.679,"Actual Rows": 30080,"Actual Loops": 1,"Inner Unique": false,"Plans": [{"Node Type": "Nested Loop","Parent Relationship": "Outer","Parallel Aware": false,"Async Capable": false,"Join Type": "Inner","Startup Cost": 7.38,"Total Cost": 244.58,"Plan Rows": 400,"Plan Width": 4,"Actual Startup Time": 0.359,"Actual Total Time": 2.922,"Actual Rows": 376,"Actual Loops": 1,"Inner Unique": false,"Plans": [{"Node Type": "Seq Scan","Parent Relationship": "Outer","Parallel Aware": false,"Async Capable": false,"Relation Name": "nation","Alias": "nation","Startup Cost": 0.00,"Total Cost": 1.31,"Plan Rows": 1,"Plan Width": 4,"Actual Startup Time": 0.084,"Actual Total Time": 0.113,"Actual Rows": 1,"Actual Loops": 1,"Filter": "(n_name = 'KENYA'::bpchar)","Rows Removed by Filter": 24},{"Node Type": "Bitmap Heap Scan","Parent Relationship": "Inner","Parallel Aware": false,"Async Capable": false,"Relation Name": "supplier","Alias": "supplier","Startup Cost": 7.38,"Total Cost": 239.27,"Plan Rows": 400,"Plan Width": 8,"Actual Startup Time": 0.263,"Actual Total Time": 2.758,"Actual Rows": 376,"Actual Loops": 1,"Recheck Cond": "(s_nationkey = nation.n_nationkey)","Rows Removed by Index Recheck": 0,"Exact Heap Blocks": 179,"Lossy Heap Blocks": 0,"Plans": [{"Node Type": "Bitmap Index Scan","Parent Relationship": "Outer","Parallel Aware": false,"Async Capable": false,"Index Name": "idx_supplier_nation_key","Startup Cost": 0.00,"Total Cost": 7.29,"Plan Rows": 400,"Plan Width": 0,"Actual Startup Time": 0.183,"Actual Total Time": 0.184,"Actual Rows": 376,"Actual Loops": 1,"Index Cond": "(s_nationkey = nation.n_nationkey)"}]}]},{"Node Type": "Index Scan","Parent Relationship": "Inner","Parallel Aware": false,"Async Capable": false,"Scan Direction": "Forward","Index Name": "idx_partsupp_suppkey","Relation Name": "partsupp","Alias": "partsupp","Startup Cost": 0.42,"Total Cost": 9.07,"Plan Rows": 80,"Plan Width": 18,"Actual Startup Time": 0.018,"Actual Total Time": 0.474,"Actual Rows": 80,"Actual Loops": 376,"Index Cond": "(ps_suppkey = supplier.s_suppkey)","Rows Removed by Index Recheck": 0}]}]}]},"Planning Time": 5.474,"Triggers": [],"Execution Time": 416.886}]
[{"Plan": {"Node Type": "Sort","Parallel Aware": false,"Async Capable": false,"Startup Cost": 10142.20,"Total Cost": 10168.87,"Plan Rows": 10667,"Plan Width": 36,"Actual Startup Time": 451.065,"Actual Total Time": 451.181,"Actual Rows": 838,"Actual Loops": 1,"Sort Key": ["(sum((partsupp.ps_supplycost * (partsupp.ps_availqty)::numeric))) DESC"],"Sort Method": "quicksort","Sort Space Used": 70,"Sort Space Type": "Memory","Plans": [{"Node Type": "Aggregate","Strategy": "Plain","Partial Mode": "Simple","Parent Relationship": "InitPlan","Subplan Name": "InitPlan 1 (returns $2)","Parallel Aware": false,"Async Capable": false,"Startup Cost": 4434.26,"Total Cost": 4434.27,"Plan Rows": 1,"Plan Width": 32,"Actual Startup Time": 132.717,"Actual Total Time": 132.742,"Actual Rows": 1,"Actual Loops": 1,"Plans": [{"Node Type": "Nested Loop","Parent Relationship": "Outer","Parallel Aware": false,"Async Capable": false,"Join Type": "Inner","Startup Cost": 7.81,"Total Cost": 4194.26,"Plan Rows": 32000,"Plan Width": 10,"Actual Startup Time": 0.228,"Actual Total Time": 125.275,"Actual Rows": 32480,"Actual Loops": 1,"Inner Unique": false,"Plans": [{"Node Type": "Nested Loop","Parent Relationship": "Outer","Parallel Aware": false,"Async Capable": false,"Join Type": "Inner","Startup Cost": 7.38,"Total Cost": 244.58,"Plan Rows": 400,"Plan Width": 4,"Actual Startup Time": 0.174,"Actual Total Time": 1.839,"Actual Rows": 406,"Actual Loops": 1,"Inner Unique": false,"Plans": [{"Node Type": "Seq Scan","Parent Relationship": "Outer","Parallel Aware": false,"Async Capable": false,"Relation Name": "nation","Alias": "nation_1","Startup Cost": 0.00,"Total Cost": 1.31,"Plan Rows": 1,"Plan Width": 4,"Actual Startup Time": 0.052,"Actual Total Time": 0.067,"Actual Rows": 1,"Actual Loops": 1,"Filter": "(n_name = 'MOZAMBIQUE'::bpchar)","Rows Removed by Filter": 24},{"Node Type": "Bitmap Heap Scan","Parent Relationship": "Inner","Parallel Aware": false,"Async Capable": false,"Relation Name": "supplier","Alias": "supplier_1","Startup Cost": 7.38,"Total Cost": 239.27,"Plan Rows": 400,"Plan Width": 8,"Actual Startup Time": 0.112,"Actual Total Time": 1.721,"Actual Rows": 406,"Actual Loops": 1,"Recheck Cond": "(s_nationkey = nation_1.n_nationkey)","Rows Removed by Index Recheck": 0,"Exact Heap Blocks": 186,"Lossy Heap Blocks": 0,"Plans": [{"Node Type": "Bitmap Index Scan","Parent Relationship": "Outer","Parallel Aware": false,"Async Capable": false,"Index Name": "idx_supplier_nation_key","Startup Cost": 0.00,"Total Cost": 7.29,"Plan Rows": 400,"Plan Width": 0,"Actual Startup Time": 0.075,"Actual Total Time": 0.080,"Actual Rows": 406,"Actual Loops": 1,"Index Cond": "(s_nationkey = nation_1.n_nationkey)"}]}]},{"Node Type": "Index Scan","Parent Relationship": "Inner","Parallel Aware": false,"Async Capable": false,"Scan Direction": "Forward","Index Name": "idx_partsupp_suppkey","Relation Name": "partsupp","Alias": "partsupp_1","Startup Cost": 0.42,"Total Cost": 9.07,"Plan Rows": 80,"Plan Width": 14,"Actual Startup Time": 0.015,"Actual Total Time": 0.292,"Actual Rows": 80,"Actual Loops": 406,"Index Cond": "(ps_suppkey = supplier_1.s_suppkey)","Rows Removed by Index Recheck": 0}]}]},{"Node Type": "Aggregate","Strategy": "Hashed","Partial Mode": "Simple","Parent Relationship": "Outer","Parallel Aware": false,"Async Capable": false,"Startup Cost": 4514.26,"Total Cost": 4994.26,"Plan Rows": 10667,"Plan Width": 36,"Actual Startup Time": 378.862,"Actual Total Time": 450.673,"Actual Rows": 838,"Actual Loops": 1,"Group Key": ["partsupp.ps_partkey"],"Filter": "(sum((partsupp.ps_supplycost * (partsupp.ps_availqty)::numeric)) > $2)","Planned Partitions": 0,"HashAgg Batches": 1,"Peak Memory Usage": 17937,"Disk Usage": 0,"Rows Removed by Filter": 29832,"Plans": [{"Node Type": "Nested Loop","Parent Relationship": "Outer","Parallel Aware": false,"Async Capable": false,"Join Type": "Inner","Startup Cost": 7.81,"Total Cost": 4194.26,"Plan Rows": 32000,"Plan Width": 14,"Actual Startup Time": 0.382,"Actual Total Time": 202.282,"Actual Rows": 32480,"Actual Loops": 1,"Inner Unique": false,"Plans": [{"Node Type": "Nested Loop","Parent Relationship": "Outer","Parallel Aware": false,"Async Capable": false,"Join Type": "Inner","Startup Cost": 7.38,"Total Cost": 244.58,"Plan Rows": 400,"Plan Width": 4,"Actual Startup Time": 0.293,"Actual Total Time": 2.810,"Actual Rows": 406,"Actual Loops": 1,"Inner Unique": false,"Plans": [{"Node Type": "Seq Scan","Parent Relationship": "Outer","Parallel Aware": false,"Async Capable": false,"Relation Name": "nation","Alias": "nation","Startup Cost": 0.00,"Total Cost": 1.31,"Plan Rows": 1,"Plan Width": 4,"Actual Startup Time": 0.067,"Actual Total Time": 0.098,"Actual Rows": 1,"Actual Loops": 1,"Filter": "(n_name = 'MOZAMBIQUE'::bpchar)","Rows Removed by Filter": 24},{"Node Type": "Bitmap Heap Scan","Parent Relationship": "Inner","Parallel Aware": false,"Async Capable": false,"Relation Name": "supplier","Alias": "supplier","Startup Cost": 7.38,"Total Cost": 239.27,"Plan Rows": 400,"Plan Width": 8,"Actual Startup Time": 0.220,"Actual Total Time": 2.658,"Actual Rows": 406,"Actual Loops": 1,"Recheck Cond": "(s_nationkey = nation.n_nationkey)","Rows Removed by Index Recheck": 0,"Exact Heap Blocks": 186,"Lossy Heap Blocks": 0,"Plans": [{"Node Type": "Bitmap Index Scan","Parent Relationship": "Outer","Parallel Aware": false,"Async Capable": false,"Index Name": "idx_supplier_nation_key","Startup Cost": 0.00,"Total Cost": 7.29,"Plan Rows": 400,"Plan Width": 0,"Actual Startup Time": 0.147,"Actual Total Time": 0.149,"Actual Rows": 406,"Actual Loops": 1,"Index Cond": "(s_nationkey = nation.n_nationkey)"}]}]},{"Node Type": "Index Scan","Parent Relationship": "Inner","Parallel Aware": false,"Async Capable": false,"Scan Direction": "Forward","Index Name": "idx_partsupp_suppkey","Relation Name": "partsupp","Alias": "partsupp","Startup Cost": 0.42,"Total Cost": 9.07,"Plan Rows": 80,"Plan Width": 18,"Actual Startup Time": 0.020,"Actual Total Time": 0.480,"Actual Rows": 80,"Actual Loops": 406,"Index Cond": "(ps_suppkey = supplier.s_suppkey)","Rows Removed by Index Recheck": 0}]}]}]},"Planning Time": 6.783,"Triggers": [],"Execution Time": 454.405}]
[{"Plan": {"Node Type": "Sort","Parallel Aware": false,"Async Capable": false,"Startup Cost": 10142.20,"Total Cost": 10168.87,"Plan Rows": 10667,"Plan Width": 36,"Actual Startup Time": 400.788,"Actual Total Time": 400.942,"Actual Rows": 1469,"Actual Loops": 1,"Sort Key": ["(sum((partsupp.ps_supplycost * (partsupp.ps_availqty)::numeric))) DESC"],"Sort Method": "quicksort","Sort Space Used": 129,"Sort Space Type": "Memory","Plans": [{"Node Type": "Aggregate","Strategy": "Plain","Partial Mode": "Simple","Parent Relationship": "InitPlan","Subplan Name": "InitPlan 1 (returns $2)","Parallel Aware": false,"Async Capable": false,"Startup Cost": 4434.26,"Total Cost": 4434.27,"Plan Rows": 1,"Plan Width": 32,"Actual Startup Time": 117.250,"Actual Total Time": 117.272,"Actual Rows": 1,"Actual Loops": 1,"Plans": [{"Node Type": "Nested Loop","Parent Relationship": "Outer","Parallel Aware": false,"Async Capable": false,"Join Type": "Inner","Startup Cost": 7.81,"Total Cost": 4194.26,"Plan Rows": 32000,"Plan Width": 10,"Actual Startup Time": 0.216,"Actual Total Time": 110.575,"Actual Rows": 28960,"Actual Loops": 1,"Inner Unique": false,"Plans": [{"Node Type": "Nested Loop","Parent Relationship": "Outer","Parallel Aware": false,"Async Capable": false,"Join Type": "Inner","Startup Cost": 7.38,"Total Cost": 244.58,"Plan Rows": 400,"Plan Width": 4,"Actual Startup Time": 0.161,"Actual Total Time": 1.515,"Actual Rows": 362,"Actual Loops": 1,"Inner Unique": false,"Plans": [{"Node Type": "Seq Scan","Parent Relationship": "Outer","Parallel Aware": false,"Async Capable": false,"Relation Name": "nation","Alias": "nation_1","Startup Cost": 0.00,"Total Cost": 1.31,"Plan Rows": 1,"Plan Width": 4,"Actual Startup Time": 0.032,"Actual Total Time": 0.051,"Actual Rows": 1,"Actual Loops": 1,"Filter": "(n_name = 'JORDAN'::bpchar)","Rows Removed by Filter": 24},{"Node Type": "Bitmap Heap Scan","Parent Relationship": "Inner","Parallel Aware": false,"Async Capable": false,"Relation Name": "supplier","Alias": "supplier_1","Startup Cost": 7.38,"Total Cost": 239.27,"Plan Rows": 400,"Plan Width": 8,"Actual Startup Time": 0.117,"Actual Total Time": 1.415,"Actual Rows": 362,"Actual Loops": 1,"Recheck Cond": "(s_nationkey = nation_1.n_nationkey)","Rows Removed by Index Recheck": 0,"Exact Heap Blocks": 166,"Lossy Heap Blocks": 0,"Plans": [{"Node Type": "Bitmap Index Scan","Parent Relationship": "Outer","Parallel Aware": false,"Async Capable": false,"Index Name": "idx_supplier_nation_key","Startup Cost": 0.00,"Total Cost": 7.29,"Plan Rows": 400,"Plan Width": 0,"Actual Startup Time": 0.075,"Actual Total Time": 0.079,"Actual Rows": 362,"Actual Loops": 1,"Index Cond": "(s_nationkey = nation_1.n_nationkey)"}]}]},{"Node Type": "Index Scan","Parent Relationship": "Inner","Parallel Aware": false,"Async Capable": false,"Scan Direction": "Forward","Index Name": "idx_partsupp_suppkey","Relation Name": "partsupp","Alias": "partsupp_1","Startup Cost": 0.42,"Total Cost": 9.07,"Plan Rows": 80,"Plan Width": 14,"Actual Startup Time": 0.014,"Actual Total Time": 0.289,"Actual Rows": 80,"Actual Loops": 362,"Index Cond": "(ps_suppkey = supplier_1.s_suppkey)","Rows Removed by Index Recheck": 0}]}]},{"Node Type": "Aggregate","Strategy": "Hashed","Partial Mode": "Simple","Parent Relationship": "Outer","Parallel Aware": false,"Async Capable": false,"Startup Cost": 4514.26,"Total Cost": 4994.26,"Plan Rows": 10667,"Plan Width": 36,"Actual Startup Time": 338.606,"Actual Total Time": 400.138,"Actual Rows": 1469,"Actual Loops": 1,"Group Key": ["partsupp.ps_partkey"],"Filter": "(sum((partsupp.ps_supplycost * (partsupp.ps_availqty)::numeric)) > $2)","Planned Partitions": 0,"HashAgg Batches": 1,"Peak Memory Usage": 17937,"Disk Usage": 0,"Rows Removed by Filter": 25896,"Plans": [{"Node Type": "Nested Loop","Parent Relationship": "Outer","Parallel Aware": false,"Async Capable": false,"Join Type": "Inner","Startup Cost": 7.81,"Total Cost": 4194.26,"Plan Rows": 32000,"Plan Width": 14,"Actual Startup Time": 0.314,"Actual Total Time": 181.118,"Actual Rows": 28960,"Actual Loops": 1,"Inner Unique": false,"Plans": [{"Node Type": "Nested Loop","Parent Relationship": "Outer","Parallel Aware": false,"Async Capable": false,"Join Type": "Inner","Startup Cost": 7.38,"Total Cost": 244.58,"Plan Rows": 400,"Plan Width": 4,"Actual Startup Time": 0.258,"Actual Total Time": 2.692,"Actual Rows": 362,"Actual Loops": 1,"Inner Unique": false,"Plans": [{"Node Type": "Seq Scan","Parent Relationship": "Outer","Parallel Aware": false,"Async Capable": false,"Relation Name": "nation","Alias": "nation","Startup Cost": 0.00,"Total Cost": 1.31,"Plan Rows": 1,"Plan Width": 4,"Actual Startup Time": 0.077,"Actual Total Time": 0.107,"Actual Rows": 1,"Actual Loops": 1,"Filter": "(n_name = 'JORDAN'::bpchar)","Rows Removed by Filter": 24},{"Node Type": "Bitmap Heap Scan","Parent Relationship": "Inner","Parallel Aware": false,"Async Capable": false,"Relation Name": "supplier","Alias": "supplier","Startup Cost": 7.38,"Total Cost": 239.27,"Plan Rows": 400,"Plan Width": 8,"Actual Startup Time": 0.172,"Actual Total Time": 2.539,"Actual Rows": 362,"Actual Loops": 1,"Recheck Cond": "(s_nationkey = nation.n_nationkey)","Rows Removed by Index Recheck": 0,"Exact Heap Blocks": 166,"Lossy Heap Blocks": 0,"Plans": [{"Node Type": "Bitmap Index Scan","Parent Relationship": "Outer","Parallel Aware": false,"Async Capable": false,"Index Name": "idx_supplier_nation_key","Startup Cost": 0.00,"Total Cost": 7.29,"Plan Rows": 400,"Plan Width": 0,"Actual Startup Time": 0.117,"Actual Total Time": 0.118,"Actual Rows": 362,"Actual Loops": 1,"Index Cond": "(s_nationkey = nation.n_nationkey)"}]}]},{"Node Type": "Index Scan","Parent Relationship": "Inner","Parallel Aware": false,"Async Capable": false,"Scan Direction": "Forward","Index Name": "idx_partsupp_suppkey","Relation Name": "partsupp","Alias": "partsupp","Startup Cost": 0.42,"Total Cost": 9.07,"Plan Rows": 80,"Plan Width": 18,"Actual Startup Time": 0.019,"Actual Total Time": 0.481,"Actual Rows": 80,"Actual Loops": 362,"Index Cond": "(ps_suppkey = supplier.s_suppkey)","Rows Removed by Index Recheck": 0}]}]}]},"Planning Time": 6.843,"Triggers": [],"Execution Time": 403.999}]
[{"Plan": {"Node Type": "Sort","Parallel Aware": false,"Async Capable": false,"Startup Cost": 10142.20,"Total Cost": 10168.87,"Plan Rows": 10667,"Plan Width": 36,"Actual Startup Time": 453.468,"Actual Total Time": 453.579,"Actual Rows": 699,"Actual Loops": 1,"Sort Key": ["(sum((partsupp.ps_supplycost * (partsupp.ps_availqty)::numeric))) DESC"],"Sort Method": "quicksort","Sort Space Used": 63,"Sort Space Type": "Memory","Plans": [{"Node Type": "Aggregate","Strategy": "Plain","Partial Mode": "Simple","Parent Relationship": "InitPlan","Subplan Name": "InitPlan 1 (returns $2)","Parallel Aware": false,"Async Capable": false,"Startup Cost": 4434.26,"Total Cost": 4434.27,"Plan Rows": 1,"Plan Width": 32,"Actual Startup Time": 131.382,"Actual Total Time": 131.405,"Actual Rows": 1,"Actual Loops": 1,"Plans": [{"Node Type": "Nested Loop","Parent Relationship": "Outer","Parallel Aware": false,"Async Capable": false,"Join Type": "Inner","Startup Cost": 7.81,"Total Cost": 4194.26,"Plan Rows": 32000,"Plan Width": 10,"Actual Startup Time": 0.203,"Actual Total Time": 123.789,"Actual Rows": 33200,"Actual Loops": 1,"Inner Unique": false,"Plans": [{"Node Type": "Nested Loop","Parent Relationship": "Outer","Parallel Aware": false,"Async Capable": false,"Join Type": "Inner","Startup Cost": 7.38,"Total Cost": 244.58,"Plan Rows": 400,"Plan Width": 4,"Actual Startup Time": 0.149,"Actual Total Time": 1.767,"Actual Rows": 415,"Actual Loops": 1,"Inner Unique": false,"Plans": [{"Node Type": "Seq Scan","Parent Relationship": "Outer","Parallel Aware": false,"Async Capable": false,"Relation Name": "nation","Alias": "nation_1","Startup Cost": 0.00,"Total Cost": 1.31,"Plan Rows": 1,"Plan Width": 4,"Actual Startup Time": 0.027,"Actual Total Time": 0.047,"Actual Rows": 1,"Actual Loops": 1,"Filter": "(n_name = 'EGYPT'::bpchar)","Rows Removed by Filter": 24},{"Node Type": "Bitmap Heap Scan","Parent Relationship": "Inner","Parallel Aware": false,"Async Capable": false,"Relation Name": "supplier","Alias": "supplier_1","Startup Cost": 7.38,"Total Cost": 239.27,"Plan Rows": 400,"Plan Width": 8,"Actual Startup Time": 0.105,"Actual Total Time": 1.654,"Actual Rows": 415,"Actual Loops": 1,"Recheck Cond": "(s_nationkey = nation_1.n_nationkey)","Rows Removed by Index Recheck": 0,"Exact Heap Blocks": 183,"Lossy Heap Blocks": 0,"Plans": [{"Node Type": "Bitmap Index Scan","Parent Relationship": "Outer","Parallel Aware": false,"Async Capable": false,"Index Name": "idx_supplier_nation_key","Startup Cost": 0.00,"Total Cost": 7.29,"Plan Rows": 400,"Plan Width": 0,"Actual Startup Time": 0.070,"Actual Total Time": 0.074,"Actual Rows": 415,"Actual Loops": 1,"Index Cond": "(s_nationkey = nation_1.n_nationkey)"}]}]},{"Node Type": "Index Scan","Parent Relationship": "Inner","Parallel Aware": false,"Async Capable": false,"Scan Direction": "Forward","Index Name": "idx_partsupp_suppkey","Relation Name": "partsupp","Alias": "partsupp_1","Startup Cost": 0.42,"Total Cost": 9.07,"Plan Rows": 80,"Plan Width": 14,"Actual Startup Time": 0.014,"Actual Total Time": 0.282,"Actual Rows": 80,"Actual Loops": 415,"Index Cond": "(ps_suppkey = supplier_1.s_suppkey)","Rows Removed by Index Recheck": 0}]}]},{"Node Type": "Aggregate","Strategy": "Hashed","Partial Mode": "Simple","Parent Relationship": "Outer","Parallel Aware": false,"Async Capable": false,"Startup Cost": 4514.26,"Total Cost": 4994.26,"Plan Rows": 10667,"Plan Width": 36,"Actual Startup Time": 379.250,"Actual Total Time": 453.099,"Actual Rows": 699,"Actual Loops": 1,"Group Key": ["partsupp.ps_partkey"],"Filter": "(sum((partsupp.ps_supplycost * (partsupp.ps_availqty)::numeric)) > $2)","Planned Partitions": 0,"HashAgg Batches": 1,"Peak Memory Usage": 17937,"Disk Usage": 0,"Rows Removed by Filter": 30398,"Plans": [{"Node Type": "Nested Loop","Parent Relationship": "Outer","Parallel Aware": false,"Async Capable": false,"Join Type": "Inner","Startup Cost": 7.81,"Total Cost": 4194.26,"Plan Rows": 32000,"Plan Width": 14,"Actual Startup Time": 0.395,"Actual Total Time": 204.247,"Actual Rows": 33200,"Actual Loops": 1,"Inner Unique": false,"Plans": [{"Node Type": "Nested Loop","Parent Relationship": "Outer","Parallel Aware": false,"Async Capable": false,"Join Type": "Inner","Startup Cost": 7.38,"Total Cost": 244.58,"Plan Rows": 400,"Plan Width": 4,"Actual Startup Time": 0.281,"Actual Total Time": 2.800,"Actual Rows": 415,"Actual Loops": 1,"Inner Unique": false,"Plans": [{"Node Type": "Seq Scan","Parent Relationship": "Outer","Parallel Aware": false,"Async Capable": false,"Relation Name": "nation","Alias": "nation","Startup Cost": 0.00,"Total Cost": 1.31,"Plan Rows": 1,"Plan Width": 4,"Actual Startup Time": 0.068,"Actual Total Time": 0.091,"Actual Rows": 1,"Actual Loops": 1,"Filter": "(n_name = 'EGYPT'::bpchar)","Rows Removed by Filter": 24},{"Node Type": "Bitmap Heap Scan","Parent Relationship": "Inner","Parallel Aware": false,"Async Capable": false,"Relation Name": "supplier","Alias": "supplier","Startup Cost": 7.38,"Total Cost": 239.27,"Plan Rows": 400,"Plan Width": 8,"Actual Startup Time": 0.209,"Actual Total Time": 2.654,"Actual Rows": 415,"Actual Loops": 1,"Recheck Cond": "(s_nationkey = nation.n_nationkey)","Rows Removed by Index Recheck": 0,"Exact Heap Blocks": 183,"Lossy Heap Blocks": 0,"Plans": [{"Node Type": "Bitmap Index Scan","Parent Relationship": "Outer","Parallel Aware": false,"Async Capable": false,"Index Name": "idx_supplier_nation_key","Startup Cost": 0.00,"Total Cost": 7.29,"Plan Rows": 400,"Plan Width": 0,"Actual Startup Time": 0.130,"Actual Total Time": 0.132,"Actual Rows": 415,"Actual Loops": 1,"Index Cond": "(s_nationkey = nation.n_nationkey)"}]}]},{"Node Type": "Index Scan","Parent Relationship": "Inner","Parallel Aware": false,"Async Capable": false,"Scan Direction": "Forward","Index Name": "idx_partsupp_suppkey","Relation Name": "partsupp","Alias": "partsupp","Startup Cost": 0.42,"Total Cost": 9.07,"Plan Rows": 80,"Plan Width": 18,"Actual Startup Time": 0.020,"Actual Total Time": 0.474,"Actual Rows": 80,"Actual Loops": 415,"Index Cond": "(ps_suppkey = supplier.s_suppkey)","Rows Removed by Index Recheck": 0}]}]}]},"Planning Time": 6.818,"Triggers": [],"Execution Time": 456.802}]
[{"Plan": {"Node Type": "Sort","Parallel Aware": false,"Async Capable": false,"Startup Cost": 10142.20,"Total Cost": 10168.87,"Plan Rows": 10667,"Plan Width": 36,"Actual Startup Time": 438.718,"Actual Total Time": 438.846,"Actual Rows": 919,"Actual Loops": 1,"Sort Key": ["(sum((partsupp.ps_supplycost * (partsupp.ps_availqty)::numeric))) DESC"],"Sort Method": "quicksort","Sort Space Used": 75,"Sort Space Type": "Memory","Plans": [{"Node Type": "Aggregate","Strategy": "Plain","Partial Mode": "Simple","Parent Relationship": "InitPlan","Subplan Name": "InitPlan 1 (returns $2)","Parallel Aware": false,"Async Capable": false,"Startup Cost": 4434.26,"Total Cost": 4434.27,"Plan Rows": 1,"Plan Width": 32,"Actual Startup Time": 130.550,"Actual Total Time": 130.572,"Actual Rows": 1,"Actual Loops": 1,"Plans": [{"Node Type": "Nested Loop","Parent Relationship": "Outer","Parallel Aware": false,"Async Capable": false,"Join Type": "Inner","Startup Cost": 7.81,"Total Cost": 4194.26,"Plan Rows": 32000,"Plan Width": 10,"Actual Startup Time": 0.239,"Actual Total Time": 123.231,"Actual Rows": 32080,"Actual Loops": 1,"Inner Unique": false,"Plans": [{"Node Type": "Nested Loop","Parent Relationship": "Outer","Parallel Aware": false,"Async Capable": false,"Join Type": "Inner","Startup Cost": 7.38,"Total Cost": 244.58,"Plan Rows": 400,"Plan Width": 4,"Actual Startup Time": 0.189,"Actual Total Time": 1.751,"Actual Rows": 401,"Actual Loops": 1,"Inner Unique": false,"Plans": [{"Node Type": "Seq Scan","Parent Relationship": "Outer","Parallel Aware": false,"Async Capable": false,"Relation Name": "nation","Alias": "nation_1","Startup Cost": 0.00,"Total Cost": 1.31,"Plan Rows": 1,"Plan Width": 4,"Actual Startup Time": 0.044,"Actual Total Time": 0.061,"Actual Rows": 1,"Actual Loops": 1,"Filter": "(n_name = 'RUSSIA'::bpchar)","Rows Removed by Filter": 24},{"Node Type": "Bitmap Heap Scan","Parent Relationship": "Inner","Parallel Aware": false,"Async Capable": false,"Relation Name": "supplier","Alias": "supplier_1","Startup Cost": 7.38,"Total Cost": 239.27,"Plan Rows": 400,"Plan Width": 8,"Actual Startup Time": 0.130,"Actual Total Time": 1.632,"Actual Rows": 401,"Actual Loops": 1,"Recheck Cond": "(s_nationkey = nation_1.n_nationkey)","Rows Removed by Index Recheck": 0,"Exact Heap Blocks": 180,"Lossy Heap Blocks": 0,"Plans": [{"Node Type": "Bitmap Index Scan","Parent Relationship": "Outer","Parallel Aware": false,"Async Capable": false,"Index Name": "idx_supplier_nation_key","Startup Cost": 0.00,"Total Cost": 7.29,"Plan Rows": 400,"Plan Width": 0,"Actual Startup Time": 0.092,"Actual Total Time": 0.094,"Actual Rows": 401,"Actual Loops": 1,"Index Cond": "(s_nationkey = nation_1.n_nationkey)"}]}]},{"Node Type": "Index Scan","Parent Relationship": "Inner","Parallel Aware": false,"Async Capable": false,"Scan Direction": "Forward","Index Name": "idx_partsupp_suppkey","Relation Name": "partsupp","Alias": "partsupp_1","Startup Cost": 0.42,"Total Cost": 9.07,"Plan Rows": 80,"Plan Width": 14,"Actual Startup Time": 0.014,"Actual Total Time": 0.291,"Actual Rows": 80,"Actual Loops": 401,"Index Cond": "(ps_suppkey = supplier_1.s_suppkey)","Rows Removed by Index Recheck": 0}]}]},{"Node Type": "Aggregate","Strategy": "Hashed","Partial Mode": "Simple","Parent Relationship": "Outer","Parallel Aware": false,"Async Capable": false,"Startup Cost": 4514.26,"Total Cost": 4994.26,"Plan Rows": 10667,"Plan Width": 36,"Actual Startup Time": 367.075,"Actual Total Time": 438.260,"Actual Rows": 919,"Actual Loops": 1,"Group Key": ["partsupp.ps_partkey"],"Filter": "(sum((partsupp.ps_supplycost * (partsupp.ps_availqty)::numeric)) > $2)","Planned Partitions": 0,"HashAgg Batches": 1,"Peak Memory Usage": 17937,"Disk Usage": 0,"Rows Removed by Filter": 29289,"Plans": [{"Node Type": "Nested Loop","Parent Relationship": "Outer","Parallel Aware": false,"Async Capable": false,"Join Type": "Inner","Startup Cost": 7.81,"Total Cost": 4194.26,"Plan Rows": 32000,"Plan Width": 14,"Actual Startup Time": 0.388,"Actual Total Time": 194.500,"Actual Rows": 32080,"Actual Loops": 1,"Inner Unique": false,"Plans": [{"Node Type": "Nested Loop","Parent Relationship": "Outer","Parallel Aware": false,"Async Capable": false,"Join Type": "Inner","Startup Cost": 7.38,"Total Cost": 244.58,"Plan Rows": 400,"Plan Width": 4,"Actual Startup Time": 0.281,"Actual Total Time": 2.675,"Actual Rows": 401,"Actual Loops": 1,"Inner Unique": false,"Plans": [{"Node Type": "Seq Scan","Parent Relationship": "Outer","Parallel Aware": false,"Async Capable": false,"Relation Name": "nation","Alias": "nation","Startup Cost": 0.00,"Total Cost": 1.31,"Plan Rows": 1,"Plan Width": 4,"Actual Startup Time": 0.057,"Actual Total Time": 0.080,"Actual Rows": 1,"Actual Loops": 1,"Filter": "(n_name = 'RUSSIA'::bpchar)","Rows Removed by Filter": 24},{"Node Type": "Bitmap Heap Scan","Parent Relationship": "Inner","Parallel Aware": false,"Async Capable": false,"Relation Name": "supplier","Alias": "supplier","Startup Cost": 7.38,"Total Cost": 239.27,"Plan Rows": 400,"Plan Width": 8,"Actual Startup Time": 0.220,"Actual Total Time": 2.546,"Actual Rows": 401,"Actual Loops": 1,"Recheck Cond": "(s_nationkey = nation.n_nationkey)","Rows Removed by Index Recheck": 0,"Exact Heap Blocks": 180,"Lossy Heap Blocks": 0,"Plans": [{"Node Type": "Bitmap Index Scan","Parent Relationship": "Outer","Parallel Aware": false,"Async Capable": false,"Index Name": "idx_supplier_nation_key","Startup Cost": 0.00,"Total Cost": 7.29,"Plan Rows": 400,"Plan Width": 0,"Actual Startup Time": 0.151,"Actual Total Time": 0.154,"Actual Rows": 401,"Actual Loops": 1,"Index Cond": "(s_nationkey = nation.n_nationkey)"}]}]},{"Node Type": "Index Scan","Parent Relationship": "Inner","Parallel Aware": false,"Async Capable": false,"Scan Direction": "Forward","Index Name": "idx_partsupp_suppkey","Relation Name": "partsupp","Alias": "partsupp","Startup Cost": 0.42,"Total Cost": 9.07,"Plan Rows": 80,"Plan Width": 18,"Actual Startup Time": 0.018,"Actual Total Time": 0.467,"Actual Rows": 80,"Actual Loops": 401,"Index Cond": "(ps_suppkey = supplier.s_suppkey)","Rows Removed by Index Recheck": 0}]}]}]},"Planning Time": 6.216,"Triggers": [],"Execution Time": 442.343}]
[{"Plan": {"Node Type": "Sort","Parallel Aware": false,"Async Capable": false,"Startup Cost": 10142.20,"Total Cost": 10168.87,"Plan Rows": 10667,"Plan Width": 36,"Actual Startup Time": 460.724,"Actual Total Time": 460.840,"Actual Rows": 741,"Actual Loops": 1,"Sort Key": ["(sum((partsupp.ps_supplycost * (partsupp.ps_availqty)::numeric))) DESC"],"Sort Method": "quicksort","Sort Space Used": 65,"Sort Space Type": "Memory","Plans": [{"Node Type": "Aggregate","Strategy": "Plain","Partial Mode": "Simple","Parent Relationship": "InitPlan","Subplan Name": "InitPlan 1 (returns $2)","Parallel Aware": false,"Async Capable": false,"Startup Cost": 4434.26,"Total Cost": 4434.27,"Plan Rows": 1,"Plan Width": 32,"Actual Startup Time": 132.110,"Actual Total Time": 132.136,"Actual Rows": 1,"Actual Loops": 1,"Plans": [{"Node Type": "Nested Loop","Parent Relationship": "Outer","Parallel Aware": false,"Async Capable": false,"Join Type": "Inner","Startup Cost": 7.81,"Total Cost": 4194.26,"Plan Rows": 32000,"Plan Width": 10,"Actual Startup Time": 0.212,"Actual Total Time": 124.425,"Actual Rows": 33680,"Actual Loops": 1,"Inner Unique": false,"Plans": [{"Node Type": "Nested Loop","Parent Relationship": "Outer","Parallel Aware": false,"Async Capable": false,"Join Type": "Inner","Startup Cost": 7.38,"Total Cost": 244.58,"Plan Rows": 400,"Plan Width": 4,"Actual Startup Time": 0.146,"Actual Total Time": 1.771,"Actual Rows": 421,"Actual Loops": 1,"Inner Unique": false,"Plans": [{"Node Type": "Seq Scan","Parent Relationship": "Outer","Parallel Aware": false,"Async Capable": false,"Relation Name": "nation","Alias": "nation_1","Startup Cost": 0.00,"Total Cost": 1.31,"Plan Rows": 1,"Plan Width": 4,"Actual Startup Time": 0.036,"Actual Total Time": 0.052,"Actual Rows": 1,"Actual Loops": 1,"Filter": "(n_name = 'PERU'::bpchar)","Rows Removed by Filter": 24},{"Node Type": "Bitmap Heap Scan","Parent Relationship": "Inner","Parallel Aware": false,"Async Capable": false,"Relation Name": "supplier","Alias": "supplier_1","Startup Cost": 7.38,"Total Cost": 239.27,"Plan Rows": 400,"Plan Width": 8,"Actual Startup Time": 0.097,"Actual Total Time": 1.663,"Actual Rows": 421,"Actual Loops": 1,"Recheck Cond": "(s_nationkey = nation_1.n_nationkey)","Rows Removed by Index Recheck": 0,"Exact Heap Blocks": 187,"Lossy Heap Blocks": 0,"Plans": [{"Node Type": "Bitmap Index Scan","Parent Relationship": "Outer","Parallel Aware": false,"Async Capable": false,"Index Name": "idx_supplier_nation_key","Startup Cost": 0.00,"Total Cost": 7.29,"Plan Rows": 400,"Plan Width": 0,"Actual Startup Time": 0.063,"Actual Total Time": 0.070,"Actual Rows": 421,"Actual Loops": 1,"Index Cond": "(s_nationkey = nation_1.n_nationkey)"}]}]},{"Node Type": "Index Scan","Parent Relationship": "Inner","Parallel Aware": false,"Async Capable": false,"Scan Direction": "Forward","Index Name": "idx_partsupp_suppkey","Relation Name": "partsupp","Alias": "partsupp_1","Startup Cost": 0.42,"Total Cost": 9.07,"Plan Rows": 80,"Plan Width": 14,"Actual Startup Time": 0.014,"Actual Total Time": 0.279,"Actual Rows": 80,"Actual Loops": 421,"Index Cond": "(ps_suppkey = supplier_1.s_suppkey)","Rows Removed by Index Recheck": 0}]}]},{"Node Type": "Aggregate","Strategy": "Hashed","Partial Mode": "Simple","Parent Relationship": "Outer","Parallel Aware": false,"Async Capable": false,"Startup Cost": 4514.26,"Total Cost": 4994.26,"Plan Rows": 10667,"Plan Width": 36,"Actual Startup Time": 384.508,"Actual Total Time": 460.301,"Actual Rows": 741,"Actual Loops": 1,"Group Key": ["partsupp.ps_partkey"],"Filter": "(sum((partsupp.ps_supplycost * (partsupp.ps_availqty)::numeric)) > $2)","Planned Partitions": 0,"HashAgg Batches": 1,"Peak Memory Usage": 17937,"Disk Usage": 0,"Rows Removed by Filter": 30846,"Plans": [{"Node Type": "Nested Loop","Parent Relationship": "Outer","Parallel Aware": false,"Async Capable": false,"Join Type": "Inner","Startup Cost": 7.81,"Total Cost": 4194.26,"Plan Rows": 32000,"Plan Width": 14,"Actual Startup Time": 0.389,"Actual Total Time": 205.243,"Actual Rows": 33680,"Actual Loops": 1,"Inner Unique": false,"Plans": [{"Node Type": "Nested Loop","Parent Relationship": "Outer","Parallel Aware": false,"Async Capable": false,"Join Type": "Inner","Startup Cost": 7.38,"Total Cost": 244.58,"Plan Rows": 400,"Plan Width": 4,"Actual Startup Time": 0.332,"Actual Total Time": 2.785,"Actual Rows": 421,"Actual Loops": 1,"Inner Unique": false,"Plans": [{"Node Type": "Seq Scan","Parent Relationship": "Outer","Parallel Aware": false,"Async Capable": false,"Relation Name": "nation","Alias": "nation","Startup Cost": 0.00,"Total Cost": 1.31,"Plan Rows": 1,"Plan Width": 4,"Actual Startup Time": 0.057,"Actual Total Time": 0.075,"Actual Rows": 1,"Actual Loops": 1,"Filter": "(n_name = 'PERU'::bpchar)","Rows Removed by Filter": 24},{"Node Type": "Bitmap Heap Scan","Parent Relationship": "Inner","Parallel Aware": false,"Async Capable": false,"Relation Name": "supplier","Alias": "supplier","Startup Cost": 7.38,"Total Cost": 239.27,"Plan Rows": 400,"Plan Width": 8,"Actual Startup Time": 0.270,"Actual Total Time": 2.660,"Actual Rows": 421,"Actual Loops": 1,"Recheck Cond": "(s_nationkey = nation.n_nationkey)","Rows Removed by Index Recheck": 0,"Exact Heap Blocks": 187,"Lossy Heap Blocks": 0,"Plans": [{"Node Type": "Bitmap Index Scan","Parent Relationship": "Outer","Parallel Aware": false,"Async Capable": false,"Index Name": "idx_supplier_nation_key","Startup Cost": 0.00,"Total Cost": 7.29,"Plan Rows": 400,"Plan Width": 0,"Actual Startup Time": 0.195,"Actual Total Time": 0.196,"Actual Rows": 421,"Actual Loops": 1,"Index Cond": "(s_nationkey = nation.n_nationkey)"}]}]},{"Node Type": "Index Scan","Parent Relationship": "Inner","Parallel Aware": false,"Async Capable": false,"Scan Direction": "Forward","Index Name": "idx_partsupp_suppkey","Relation Name": "partsupp","Alias": "partsupp","Startup Cost": 0.42,"Total Cost": 9.07,"Plan Rows": 80,"Plan Width": 18,"Actual Startup Time": 0.018,"Actual Total Time": 0.469,"Actual Rows": 80,"Actual Loops": 421,"Index Cond": "(ps_suppkey = supplier.s_suppkey)","Rows Removed by Index Recheck": 0}]}]}]},"Planning Time": 6.964,"Triggers": [],"Execution Time": 464.153}]
[{"Plan": {"Node Type": "Sort","Parallel Aware": false,"Async Capable": false,"Startup Cost": 10142.20,"Total Cost": 10168.87,"Plan Rows": 10667,"Plan Width": 36,"Actual Startup Time": 443.389,"Actual Total Time": 443.514,"Actual Rows": 1031,"Actual Loops": 1,"Sort Key": ["(sum((partsupp.ps_supplycost * (partsupp.ps_availqty)::numeric))) DESC"],"Sort Method": "quicksort","Sort Space Used": 105,"Sort Space Type": "Memory","Plans": [{"Node Type": "Aggregate","Strategy": "Plain","Partial Mode": "Simple","Parent Relationship": "InitPlan","Subplan Name": "InitPlan 1 (returns $2)","Parallel Aware": false,"Async Capable": false,"Startup Cost": 4434.26,"Total Cost": 4434.27,"Plan Rows": 1,"Plan Width": 32,"Actual Startup Time": 132.940,"Actual Total Time": 132.957,"Actual Rows": 1,"Actual Loops": 1,"Plans": [{"Node Type": "Nested Loop","Parent Relationship": "Outer","Parallel Aware": false,"Async Capable": false,"Join Type": "Inner","Startup Cost": 7.81,"Total Cost": 4194.26,"Plan Rows": 32000,"Plan Width": 10,"Actual Startup Time": 0.263,"Actual Total Time": 125.681,"Actual Rows": 31440,"Actual Loops": 1,"Inner Unique": false,"Plans": [{"Node Type": "Nested Loop","Parent Relationship": "Outer","Parallel Aware": false,"Async Capable": false,"Join Type": "Inner","Startup Cost": 7.38,"Total Cost": 244.58,"Plan Rows": 400,"Plan Width": 4,"Actual Startup Time": 0.205,"Actual Total Time": 1.775,"Actual Rows": 393,"Actual Loops": 1,"Inner Unique": false,"Plans": [{"Node Type": "Seq Scan","Parent Relationship": "Outer","Parallel Aware": false,"Async Capable": false,"Relation Name": "nation","Alias": "nation_1","Startup Cost": 0.00,"Total Cost": 1.31,"Plan Rows": 1,"Plan Width": 4,"Actual Startup Time": 0.056,"Actual Total Time": 0.062,"Actual Rows": 1,"Actual Loops": 1,"Filter": "(n_name = 'UNITED STATES'::bpchar)","Rows Removed by Filter": 24},{"Node Type": "Bitmap Heap Scan","Parent Relationship": "Inner","Parallel Aware": false,"Async Capable": false,"Relation Name": "supplier","Alias": "supplier_1","Startup Cost": 7.38,"Total Cost": 239.27,"Plan Rows": 400,"Plan Width": 8,"Actual Startup Time": 0.126,"Actual Total Time": 1.648,"Actual Rows": 393,"Actual Loops": 1,"Recheck Cond": "(s_nationkey = nation_1.n_nationkey)","Rows Removed by Index Recheck": 0,"Exact Heap Blocks": 181,"Lossy Heap Blocks": 0,"Plans": [{"Node Type": "Bitmap Index Scan","Parent Relationship": "Outer","Parallel Aware": false,"Async Capable": false,"Index Name": "idx_supplier_nation_key","Startup Cost": 0.00,"Total Cost": 7.29,"Plan Rows": 400,"Plan Width": 0,"Actual Startup Time": 0.087,"Actual Total Time": 0.091,"Actual Rows": 393,"Actual Loops": 1,"Index Cond": "(s_nationkey = nation_1.n_nationkey)"}]}]},{"Node Type": "Index Scan","Parent Relationship": "Inner","Parallel Aware": false,"Async Capable": false,"Scan Direction": "Forward","Index Name": "idx_partsupp_suppkey","Relation Name": "partsupp","Alias": "partsupp_1","Startup Cost": 0.42,"Total Cost": 9.07,"Plan Rows": 80,"Plan Width": 14,"Actual Startup Time": 0.015,"Actual Total Time": 0.303,"Actual Rows": 80,"Actual Loops": 393,"Index Cond": "(ps_suppkey = supplier_1.s_suppkey)","Rows Removed by Index Recheck": 0}]}]},{"Node Type": "Aggregate","Strategy": "Hashed","Partial Mode": "Simple","Parent Relationship": "Outer","Parallel Aware": false,"Async Capable": false,"Startup Cost": 4514.26,"Total Cost": 4994.26,"Plan Rows": 10667,"Plan Width": 36,"Actual Startup Time": 371.004,"Actual Total Time": 442.894,"Actual Rows": 1031,"Actual Loops": 1,"Group Key": ["partsupp.ps_partkey"],"Filter": "(sum((partsupp.ps_supplycost * (partsupp.ps_availqty)::numeric)) > $2)","Planned Partitions": 0,"HashAgg Batches": 1,"Peak Memory Usage": 17937,"Disk Usage": 0,"Rows Removed by Filter": 28434,"Plans": [{"Node Type": "Nested Loop","Parent Relationship": "Outer","Parallel Aware": false,"Async Capable": false,"Join Type": "Inner","Startup Cost": 7.81,"Total Cost": 4194.26,"Plan Rows": 32000,"Plan Width": 14,"Actual Startup Time": 0.317,"Actual Total Time": 191.179,"Actual Rows": 31440,"Actual Loops": 1,"Inner Unique": false,"Plans": [{"Node Type": "Nested Loop","Parent Relationship": "Outer","Parallel Aware": false,"Async Capable": false,"Join Type": "Inner","Startup Cost": 7.38,"Total Cost": 244.58,"Plan Rows": 400,"Plan Width": 4,"Actual Startup Time": 0.258,"Actual Total Time": 2.692,"Actual Rows": 393,"Actual Loops": 1,"Inner Unique": false,"Plans": [{"Node Type": "Seq Scan","Parent Relationship": "Outer","Parallel Aware": false,"Async Capable": false,"Relation Name": "nation","Alias": "nation","Startup Cost": 0.00,"Total Cost": 1.31,"Plan Rows": 1,"Plan Width": 4,"Actual Startup Time": 0.065,"Actual Total Time": 0.076,"Actual Rows": 1,"Actual Loops": 1,"Filter": "(n_name = 'UNITED STATES'::bpchar)","Rows Removed by Filter": 24},{"Node Type": "Bitmap Heap Scan","Parent Relationship": "Inner","Parallel Aware": false,"Async Capable": false,"Relation Name": "supplier","Alias": "supplier","Startup Cost": 7.38,"Total Cost": 239.27,"Plan Rows": 400,"Plan Width": 8,"Actual Startup Time": 0.185,"Actual Total Time": 2.562,"Actual Rows": 393,"Actual Loops": 1,"Recheck Cond": "(s_nationkey = nation.n_nationkey)","Rows Removed by Index Recheck": 0,"Exact Heap Blocks": 181,"Lossy Heap Blocks": 0,"Plans": [{"Node Type": "Bitmap Index Scan","Parent Relationship": "Outer","Parallel Aware": false,"Async Capable": false,"Index Name": "idx_supplier_nation_key","Startup Cost": 0.00,"Total Cost": 7.29,"Plan Rows": 400,"Plan Width": 0,"Actual Startup Time": 0.119,"Actual Total Time": 0.122,"Actual Rows": 393,"Actual Loops": 1,"Index Cond": "(s_nationkey = nation.n_nationkey)"}]}]},{"Node Type": "Index Scan","Parent Relationship": "Inner","Parallel Aware": false,"Async Capable": false,"Scan Direction": "Forward","Index Name": "idx_partsupp_suppkey","Relation Name": "partsupp","Alias": "partsupp","Startup Cost": 0.42,"Total Cost": 9.07,"Plan Rows": 80,"Plan Width": 18,"Actual Startup Time": 0.020,"Actual Total Time": 0.468,"Actual Rows": 80,"Actual Loops": 393,"Index Cond": "(ps_suppkey = supplier.s_suppkey)","Rows Removed by Index Recheck": 0}]}]}]},"Planning Time": 7.102,"Triggers": [],"Execution Time": 445.930}]
[{"Plan": {"Node Type": "Sort","Parallel Aware": false,"Async Capable": false,"Startup Cost": 10142.20,"Total Cost": 10168.87,"Plan Rows": 10667,"Plan Width": 36,"Actual Startup Time": 427.262,"Actual Total Time": 427.423,"Actual Rows": 1241,"Actual Loops": 1,"Sort Key": ["(sum((partsupp.ps_supplycost * (partsupp.ps_availqty)::numeric))) DESC"],"Sort Method": "quicksort","Sort Space Used": 116,"Sort Space Type": "Memory","Plans": [{"Node Type": "Aggregate","Strategy": "Plain","Partial Mode": "Simple","Parent Relationship": "InitPlan","Subplan Name": "InitPlan 1 (returns $2)","Parallel Aware": false,"Async Capable": false,"Startup Cost": 4434.26,"Total Cost": 4434.27,"Plan Rows": 1,"Plan Width": 32,"Actual Startup Time": 127.406,"Actual Total Time": 127.426,"Actual Rows": 1,"Actual Loops": 1,"Plans": [{"Node Type": "Nested Loop","Parent Relationship": "Outer","Parallel Aware": false,"Async Capable": false,"Join Type": "Inner","Startup Cost": 7.81,"Total Cost": 4194.26,"Plan Rows": 32000,"Plan Width": 10,"Actual Startup Time": 0.226,"Actual Total Time": 120.281,"Actual Rows": 30400,"Actual Loops": 1,"Inner Unique": false,"Plans": [{"Node Type": "Nested Loop","Parent Relationship": "Outer","Parallel Aware": false,"Async Capable": false,"Join Type": "Inner","Startup Cost": 7.38,"Total Cost": 244.58,"Plan Rows": 400,"Plan Width": 4,"Actual Startup Time": 0.174,"Actual Total Time": 1.741,"Actual Rows": 380,"Actual Loops": 1,"Inner Unique": false,"Plans": [{"Node Type": "Seq Scan","Parent Relationship": "Outer","Parallel Aware": false,"Async Capable": false,"Relation Name": "nation","Alias": "nation_1","Startup Cost": 0.00,"Total Cost": 1.31,"Plan Rows": 1,"Plan Width": 4,"Actual Startup Time": 0.028,"Actual Total Time": 0.042,"Actual Rows": 1,"Actual Loops": 1,"Filter": "(n_name = 'ETHIOPIA'::bpchar)","Rows Removed by Filter": 24},{"Node Type": "Bitmap Heap Scan","Parent Relationship": "Inner","Parallel Aware": false,"Async Capable": false,"Relation Name": "supplier","Alias": "supplier_1","Startup Cost": 7.38,"Total Cost": 239.27,"Plan Rows": 400,"Plan Width": 8,"Actual Startup Time": 0.130,"Actual Total Time": 1.641,"Actual Rows": 380,"Actual Loops": 1,"Recheck Cond": "(s_nationkey = nation_1.n_nationkey)","Rows Removed by Index Recheck": 0,"Exact Heap Blocks": 192,"Lossy Heap Blocks": 0,"Plans": [{"Node Type": "Bitmap Index Scan","Parent Relationship": "Outer","Parallel Aware": false,"Async Capable": false,"Index Name": "idx_supplier_nation_key","Startup Cost": 0.00,"Total Cost": 7.29,"Plan Rows": 400,"Plan Width": 0,"Actual Startup Time": 0.089,"Actual Total Time": 0.091,"Actual Rows": 380,"Actual Loops": 1,"Index Cond": "(s_nationkey = nation_1.n_nationkey)"}]}]},{"Node Type": "Index Scan","Parent Relationship": "Inner","Parallel Aware": false,"Async Capable": false,"Scan Direction": "Forward","Index Name": "idx_partsupp_suppkey","Relation Name": "partsupp","Alias": "partsupp_1","Startup Cost": 0.42,"Total Cost": 9.07,"Plan Rows": 80,"Plan Width": 14,"Actual Startup Time": 0.015,"Actual Total Time": 0.299,"Actual Rows": 80,"Actual Loops": 380,"Index Cond": "(ps_suppkey = supplier_1.s_suppkey)","Rows Removed by Index Recheck": 0}]}]},{"Node Type": "Aggregate","Strategy": "Hashed","Partial Mode": "Simple","Parent Relationship": "Outer","Parallel Aware": false,"Async Capable": false,"Startup Cost": 4514.26,"Total Cost": 4994.26,"Plan Rows": 10667,"Plan Width": 36,"Actual Startup Time": 359.706,"Actual Total Time": 426.732,"Actual Rows": 1241,"Actual Loops": 1,"Group Key": ["partsupp.ps_partkey"],"Filter": "(sum((partsupp.ps_supplycost * (partsupp.ps_availqty)::numeric)) > $2)","Planned Partitions": 0,"HashAgg Batches": 1,"Peak Memory Usage": 17937,"Disk Usage": 0,"Rows Removed by Filter": 27374,"Plans": [{"Node Type": "Nested Loop","Parent Relationship": "Outer","Parallel Aware": false,"Async Capable": false,"Join Type": "Inner","Startup Cost": 7.81,"Total Cost": 4194.26,"Plan Rows": 32000,"Plan Width": 14,"Actual Startup Time": 0.377,"Actual Total Time": 187.744,"Actual Rows": 30400,"Actual Loops": 1,"Inner Unique": false,"Plans": [{"Node Type": "Nested Loop","Parent Relationship": "Outer","Parallel Aware": false,"Async Capable": false,"Join Type": "Inner","Startup Cost": 7.38,"Total Cost": 244.58,"Plan Rows": 400,"Plan Width": 4,"Actual Startup Time": 0.305,"Actual Total Time": 2.864,"Actual Rows": 380,"Actual Loops": 1,"Inner Unique": false,"Plans": [{"Node Type": "Seq Scan","Parent Relationship": "Outer","Parallel Aware": false,"Async Capable": false,"Relation Name": "nation","Alias": "nation","Startup Cost": 0.00,"Total Cost": 1.31,"Plan Rows": 1,"Plan Width": 4,"Actual Startup Time": 0.073,"Actual Total Time": 0.091,"Actual Rows": 1,"Actual Loops": 1,"Filter": "(n_name = 'ETHIOPIA'::bpchar)","Rows Removed by Filter": 24},{"Node Type": "Bitmap Heap Scan","Parent Relationship": "Inner","Parallel Aware": false,"Async Capable": false,"Relation Name": "supplier","Alias": "supplier","Startup Cost": 7.38,"Total Cost": 239.27,"Plan Rows": 400,"Plan Width": 8,"Actual Startup Time": 0.228,"Actual Total Time": 2.728,"Actual Rows": 380,"Actual Loops": 1,"Recheck Cond": "(s_nationkey = nation.n_nationkey)","Rows Removed by Index Recheck": 0,"Exact Heap Blocks": 192,"Lossy Heap Blocks": 0,"Plans": [{"Node Type": "Bitmap Index Scan","Parent Relationship": "Outer","Parallel Aware": false,"Async Capable": false,"Index Name": "idx_supplier_nation_key","Startup Cost": 0.00,"Total Cost": 7.29,"Plan Rows": 400,"Plan Width": 0,"Actual Startup Time": 0.146,"Actual Total Time": 0.146,"Actual Rows": 380,"Actual Loops": 1,"Index Cond": "(s_nationkey = nation.n_nationkey)"}]}]},{"Node Type": "Index Scan","Parent Relationship": "Inner","Parallel Aware": false,"Async Capable": false,"Scan Direction": "Forward","Index Name": "idx_partsupp_suppkey","Relation Name": "partsupp","Alias": "partsupp","Startup Cost": 0.42,"Total Cost": 9.07,"Plan Rows": 80,"Plan Width": 18,"Actual Startup Time": 0.020,"Actual Total Time": 0.475,"Actual Rows": 80,"Actual Loops": 380,"Index Cond": "(ps_suppkey = supplier.s_suppkey)","Rows Removed by Index Recheck": 0}]}]}]},"Planning Time": 7.180,"Triggers": [],"Execution Time": 429.797}]
[{"Plan": {"Node Type": "Sort","Parallel Aware": false,"Async Capable": false,"Startup Cost": 10142.20,"Total Cost": 10168.87,"Plan Rows": 10667,"Plan Width": 36,"Actual Startup Time": 448.613,"Actual Total Time": 448.730,"Actual Rows": 888,"Actual Loops": 1,"Sort Key": ["(sum((partsupp.ps_supplycost * (partsupp.ps_availqty)::numeric))) DESC"],"Sort Method": "quicksort","Sort Space Used": 73,"Sort Space Type": "Memory","Plans": [{"Node Type": "Aggregate","Strategy": "Plain","Partial Mode": "Simple","Parent Relationship": "InitPlan","Subplan Name": "InitPlan 1 (returns $2)","Parallel Aware": false,"Async Capable": false,"Startup Cost": 4434.26,"Total Cost": 4434.27,"Plan Rows": 1,"Plan Width": 32,"Actual Startup Time": 133.715,"Actual Total Time": 133.740,"Actual Rows": 1,"Actual Loops": 1,"Plans": [{"Node Type": "Nested Loop","Parent Relationship": "Outer","Parallel Aware": false,"Async Capable": false,"Join Type": "Inner","Startup Cost": 7.81,"Total Cost": 4194.26,"Plan Rows": 32000,"Plan Width": 10,"Actual Startup Time": 0.220,"Actual Total Time": 126.229,"Actual Rows": 32400,"Actual Loops": 1,"Inner Unique": false,"Plans": [{"Node Type": "Nested Loop","Parent Relationship": "Outer","Parallel Aware": false,"Async Capable": false,"Join Type": "Inner","Startup Cost": 7.38,"Total Cost": 244.58,"Plan Rows": 400,"Plan Width": 4,"Actual Startup Time": 0.174,"Actual Total Time": 1.918,"Actual Rows": 405,"Actual Loops": 1,"Inner Unique": false,"Plans": [{"Node Type": "Seq Scan","Parent Relationship": "Outer","Parallel Aware": false,"Async Capable": false,"Relation Name": "nation","Alias": "nation_1","Startup Cost": 0.00,"Total Cost": 1.31,"Plan Rows": 1,"Plan Width": 4,"Actual Startup Time": 0.049,"Actual Total Time": 0.070,"Actual Rows": 1,"Actual Loops": 1,"Filter": "(n_name = 'INDONESIA'::bpchar)","Rows Removed by Filter": 24},{"Node Type": "Bitmap Heap Scan","Parent Relationship": "Inner","Parallel Aware": false,"Async Capable": false,"Relation Name": "supplier","Alias": "supplier_1","Startup Cost": 7.38,"Total Cost": 239.27,"Plan Rows": 400,"Plan Width": 8,"Actual Startup Time": 0.105,"Actual Total Time": 1.781,"Actual Rows": 405,"Actual Loops": 1,"Recheck Cond": "(s_nationkey = nation_1.n_nationkey)","Rows Removed by Index Recheck": 0,"Exact Heap Blocks": 192,"Lossy Heap Blocks": 0,"Plans": [{"Node Type": "Bitmap Index Scan","Parent Relationship": "Outer","Parallel Aware": false,"Async Capable": false,"Index Name": "idx_supplier_nation_key","Startup Cost": 0.00,"Total Cost": 7.29,"Plan Rows": 400,"Plan Width": 0,"Actual Startup Time": 0.069,"Actual Total Time": 0.075,"Actual Rows": 405,"Actual Loops": 1,"Index Cond": "(s_nationkey = nation_1.n_nationkey)"}]}]},{"Node Type": "Index Scan","Parent Relationship": "Inner","Parallel Aware": false,"Async Capable": false,"Scan Direction": "Forward","Index Name": "idx_partsupp_suppkey","Relation Name": "partsupp","Alias": "partsupp_1","Startup Cost": 0.42,"Total Cost": 9.07,"Plan Rows": 80,"Plan Width": 14,"Actual Startup Time": 0.014,"Actual Total Time": 0.294,"Actual Rows": 80,"Actual Loops": 405,"Index Cond": "(ps_suppkey = supplier_1.s_suppkey)","Rows Removed by Index Recheck": 0}]}]},{"Node Type": "Aggregate","Strategy": "Hashed","Partial Mode": "Simple","Parent Relationship": "Outer","Parallel Aware": false,"Async Capable": false,"Startup Cost": 4514.26,"Total Cost": 4994.26,"Plan Rows": 10667,"Plan Width": 36,"Actual Startup Time": 376.503,"Actual Total Time": 448.157,"Actual Rows": 888,"Actual Loops": 1,"Group Key": ["partsupp.ps_partkey"],"Filter": "(sum((partsupp.ps_supplycost * (partsupp.ps_availqty)::numeric)) > $2)","Planned Partitions": 0,"HashAgg Batches": 1,"Peak Memory Usage": 17937,"Disk Usage": 0,"Rows Removed by Filter": 29597,"Plans": [{"Node Type": "Nested Loop","Parent Relationship": "Outer","Parallel Aware": false,"Async Capable": false,"Join Type": "Inner","Startup Cost": 7.81,"Total Cost": 4194.26,"Plan Rows": 32000,"Plan Width": 14,"Actual Startup Time": 0.375,"Actual Total Time": 200.721,"Actual Rows": 32400,"Actual Loops": 1,"Inner Unique": false,"Plans": [{"Node Type": "Nested Loop","Parent Relationship": "Outer","Parallel Aware": false,"Async Capable": false,"Join Type": "Inner","Startup Cost": 7.38,"Total Cost": 244.58,"Plan Rows": 400,"Plan Width": 4,"Actual Startup Time": 0.269,"Actual Total Time": 2.791,"Actual Rows": 405,"Actual Loops": 1,"Inner Unique": false,"Plans": [{"Node Type": "Seq Scan","Parent Relationship": "Outer","Parallel Aware": false,"Async Capable": false,"Relation Name": "nation","Alias": "nation","Startup Cost": 0.00,"Total Cost": 1.31,"Plan Rows": 1,"Plan Width": 4,"Actual Startup Time": 0.076,"Actual Total Time": 0.092,"Actual Rows": 1,"Actual Loops": 1,"Filter": "(n_name = 'INDONESIA'::bpchar)","Rows Removed by Filter": 24},{"Node Type": "Bitmap Heap Scan","Parent Relationship": "Inner","Parallel Aware": false,"Async Capable": false,"Relation Name": "supplier","Alias": "supplier","Startup Cost": 7.38,"Total Cost": 239.27,"Plan Rows": 400,"Plan Width": 8,"Actual Startup Time": 0.187,"Actual Total Time": 2.648,"Actual Rows": 405,"Actual Loops": 1,"Recheck Cond": "(s_nationkey = nation.n_nationkey)","Rows Removed by Index Recheck": 0,"Exact Heap Blocks": 192,"Lossy Heap Blocks": 0,"Plans": [{"Node Type": "Bitmap Index Scan","Parent Relationship": "Outer","Parallel Aware": false,"Async Capable": false,"Index Name": "idx_supplier_nation_key","Startup Cost": 0.00,"Total Cost": 7.29,"Plan Rows": 400,"Plan Width": 0,"Actual Startup Time": 0.121,"Actual Total Time": 0.124,"Actual Rows": 405,"Actual Loops": 1,"Index Cond": "(s_nationkey = nation.n_nationkey)"}]}]},{"Node Type": "Index Scan","Parent Relationship": "Inner","Parallel Aware": false,"Async Capable": false,"Scan Direction": "Forward","Index Name": "idx_partsupp_suppkey","Relation Name": "partsupp","Alias": "partsupp","Startup Cost": 0.42,"Total Cost": 9.07,"Plan Rows": 80,"Plan Width": 18,"Actual Startup Time": 0.019,"Actual Total Time": 0.477,"Actual Rows": 80,"Actual Loops": 405,"Index Cond": "(ps_suppkey = supplier.s_suppkey)","Rows Removed by Index Recheck": 0}]}]}]},"Planning Time": 7.214,"Triggers": [],"Execution Time": 451.949}]
[{"Plan": {"Node Type": "Sort","Parallel Aware": false,"Async Capable": false,"Startup Cost": 10142.20,"Total Cost": 10168.87,"Plan Rows": 10667,"Plan Width": 36,"Actual Startup Time": 400.788,"Actual Total Time": 400.942,"Actual Rows": 1469,"Actual Loops": 1,"Sort Key": ["(sum((partsupp.ps_supplycost * (partsupp.ps_availqty)::numeric))) DESC"],"Sort Method": "quicksort","Sort Space Used": 129,"Sort Space Type": "Memory","Plans": [{"Node Type": "Aggregate","Strategy": "Plain","Partial Mode": "Simple","Parent Relationship": "InitPlan","Subplan Name": "InitPlan 1 (returns $2)","Parallel Aware": false,"Async Capable": false,"Startup Cost": 4434.26,"Total Cost": 4434.27,"Plan Rows": 1,"Plan Width": 32,"Actual Startup Time": 117.250,"Actual Total Time": 117.272,"Actual Rows": 1,"Actual Loops": 1,"Plans": [{"Node Type": "Nested Loop","Parent Relationship": "Outer","Parallel Aware": false,"Async Capable": false,"Join Type": "Inner","Startup Cost": 7.81,"Total Cost": 4194.26,"Plan Rows": 32000,"Plan Width": 10,"Actual Startup Time": 0.216,"Actual Total Time": 110.575,"Actual Rows": 28960,"Actual Loops": 1,"Inner Unique": false,"Plans": [{"Node Type": "Nested Loop","Parent Relationship": "Outer","Parallel Aware": false,"Async Capable": false,"Join Type": "Inner","Startup Cost": 7.38,"Total Cost": 244.58,"Plan Rows": 400,"Plan Width": 4,"Actual Startup Time": 0.161,"Actual Total Time": 1.515,"Actual Rows": 362,"Actual Loops": 1,"Inner Unique": false,"Plans": [{"Node Type": "Seq Scan","Parent Relationship": "Outer","Parallel Aware": false,"Async Capable": false,"Relation Name": "nation","Alias": "nation_1","Startup Cost": 0.00,"Total Cost": 1.31,"Plan Rows": 1,"Plan Width": 4,"Actual Startup Time": 0.032,"Actual Total Time": 0.051,"Actual Rows": 1,"Actual Loops": 1,"Filter": "(n_name = 'JORDAN'::bpchar)","Rows Removed by Filter": 24},{"Node Type": "Bitmap Heap Scan","Parent Relationship": "Inner","Parallel Aware": false,"Async Capable": false,"Relation Name": "supplier","Alias": "supplier_1","Startup Cost": 7.38,"Total Cost": 239.27,"Plan Rows": 400,"Plan Width": 8,"Actual Startup Time": 0.117,"Actual Total Time": 1.415,"Actual Rows": 362,"Actual Loops": 1,"Recheck Cond": "(s_nationkey = nation_1.n_nationkey)","Rows Removed by Index Recheck": 0,"Exact Heap Blocks": 166,"Lossy Heap Blocks": 0,"Plans": [{"Node Type": "Bitmap Index Scan","Parent Relationship": "Outer","Parallel Aware": false,"Async Capable": false,"Index Name": "idx_supplier_nation_key","Startup Cost": 0.00,"Total Cost": 7.29,"Plan Rows": 400,"Plan Width": 0,"Actual Startup Time": 0.075,"Actual Total Time": 0.079,"Actual Rows": 362,"Actual Loops": 1,"Index Cond": "(s_nationkey = nation_1.n_nationkey)"}]}]},{"Node Type": "Index Scan","Parent Relationship": "Inner","Parallel Aware": false,"Async Capable": false,"Scan Direction": "Forward","Index Name": "idx_partsupp_suppkey","Relation Name": "partsupp","Alias": "partsupp_1","Startup Cost": 0.42,"Total Cost": 9.07,"Plan Rows": 80,"Plan Width": 14,"Actual Startup Time": 0.014,"Actual Total Time": 0.289,"Actual Rows": 80,"Actual Loops": 362,"Index Cond": "(ps_suppkey = supplier_1.s_suppkey)","Rows Removed by Index Recheck": 0}]}]},{"Node Type": "Aggregate","Strategy": "Hashed","Partial Mode": "Simple","Parent Relationship": "Outer","Parallel Aware": false,"Async Capable": false,"Startup Cost": 4514.26,"Total Cost": 4994.26,"Plan Rows": 10667,"Plan Width": 36,"Actual Startup Time": 338.606,"Actual Total Time": 400.138,"Actual Rows": 1469,"Actual Loops": 1,"Group Key": ["partsupp.ps_partkey"],"Filter": "(sum((partsupp.ps_supplycost * (partsupp.ps_availqty)::numeric)) > $2)","Planned Partitions": 0,"HashAgg Batches": 1,"Peak Memory Usage": 17937,"Disk Usage": 0,"Rows Removed by Filter": 25896,"Plans": [{"Node Type": "Nested Loop","Parent Relationship": "Outer","Parallel Aware": false,"Async Capable": false,"Join Type": "Inner","Startup Cost": 7.81,"Total Cost": 4194.26,"Plan Rows": 32000,"Plan Width": 14,"Actual Startup Time": 0.314,"Actual Total Time": 181.118,"Actual Rows": 28960,"Actual Loops": 1,"Inner Unique": false,"Plans": [{"Node Type": "Nested Loop","Parent Relationship": "Outer","Parallel Aware": false,"Async Capable": false,"Join Type": "Inner","Startup Cost": 7.38,"Total Cost": 244.58,"Plan Rows": 400,"Plan Width": 4,"Actual Startup Time": 0.258,"Actual Total Time": 2.692,"Actual Rows": 362,"Actual Loops": 1,"Inner Unique": false,"Plans": [{"Node Type": "Seq Scan","Parent Relationship": "Outer","Parallel Aware": false,"Async Capable": false,"Relation Name": "nation","Alias": "nation","Startup Cost": 0.00,"Total Cost": 1.31,"Plan Rows": 1,"Plan Width": 4,"Actual Startup Time": 0.077,"Actual Total Time": 0.107,"Actual Rows": 1,"Actual Loops": 1,"Filter": "(n_name = 'JORDAN'::bpchar)","Rows Removed by Filter": 24},{"Node Type": "Bitmap Heap Scan","Parent Relationship": "Inner","Parallel Aware": false,"Async Capable": false,"Relation Name": "supplier","Alias": "supplier","Startup Cost": 7.38,"Total Cost": 239.27,"Plan Rows": 400,"Plan Width": 8,"Actual Startup Time": 0.172,"Actual Total Time": 2.539,"Actual Rows": 362,"Actual Loops": 1,"Recheck Cond": "(s_nationkey = nation.n_nationkey)","Rows Removed by Index Recheck": 0,"Exact Heap Blocks": 166,"Lossy Heap Blocks": 0,"Plans": [{"Node Type": "Bitmap Index Scan","Parent Relationship": "Outer","Parallel Aware": false,"Async Capable": false,"Index Name": "idx_supplier_nation_key","Startup Cost": 0.00,"Total Cost": 7.29,"Plan Rows": 400,"Plan Width": 0,"Actual Startup Time": 0.117,"Actual Total Time": 0.118,"Actual Rows": 362,"Actual Loops": 1,"Index Cond": "(s_nationkey = nation.n_nationkey)"}]}]},{"Node Type": "Index Scan","Parent Relationship": "Inner","Parallel Aware": false,"Async Capable": false,"Scan Direction": "Forward","Index Name": "idx_partsupp_suppkey","Relation Name": "partsupp","Alias": "partsupp","Startup Cost": 0.42,"Total Cost": 9.07,"Plan Rows": 80,"Plan Width": 18,"Actual Startup Time": 0.019,"Actual Total Time": 0.481,"Actual Rows": 80,"Actual Loops": 362,"Index Cond": "(ps_suppkey = supplier.s_suppkey)","Rows Removed by Index Recheck": 0}]}]}]},"Planning Time": 6.843,"Triggers": [],"Execution Time": 403.999}]
[{"Plan": {"Node Type": "Sort","Parallel Aware": false,"Async Capable": false,"Startup Cost": 10142.20,"Total Cost": 10168.87,"Plan Rows": 10667,"Plan Width": 36,"Actual Startup Time": 452.788,"Actual Total Time": 452.912,"Actual Rows": 869,"Actual Loops": 1,"Sort Key": ["(sum((partsupp.ps_supplycost * (partsupp.ps_availqty)::numeric))) DESC"],"Sort Method": "quicksort","Sort Space Used": 72,"Sort Space Type": "Memory","Plans": [{"Node Type": "Aggregate","Strategy": "Plain","Partial Mode": "Simple","Parent Relationship": "InitPlan","Subplan Name": "InitPlan 1 (returns $2)","Parallel Aware": false,"Async Capable": false,"Startup Cost": 4434.26,"Total Cost": 4434.27,"Plan Rows": 1,"Plan Width": 32,"Actual Startup Time": 133.523,"Actual Total Time": 133.544,"Actual Rows": 1,"Actual Loops": 1,"Plans": [{"Node Type": "Nested Loop","Parent Relationship": "Outer","Parallel Aware": false,"Async Capable": false,"Join Type": "Inner","Startup Cost": 7.81,"Total Cost": 4194.26,"Plan Rows": 32000,"Plan Width": 10,"Actual Startup Time": 0.165,"Actual Total Time": 126.080,"Actual Rows": 32560,"Actual Loops": 1,"Inner Unique": false,"Plans": [{"Node Type": "Nested Loop","Parent Relationship": "Outer","Parallel Aware": false,"Async Capable": false,"Join Type": "Inner","Startup Cost": 7.38,"Total Cost": 244.58,"Plan Rows": 400,"Plan Width": 4,"Actual Startup Time": 0.133,"Actual Total Time": 1.798,"Actual Rows": 407,"Actual Loops": 1,"Inner Unique": false,"Plans": [{"Node Type": "Seq Scan","Parent Relationship": "Outer","Parallel Aware": false,"Async Capable": false,"Relation Name": "nation","Alias": "nation_1","Startup Cost": 0.00,"Total Cost": 1.31,"Plan Rows": 1,"Plan Width": 4,"Actual Startup Time": 0.028,"Actual Total Time": 0.044,"Actual Rows": 1,"Actual Loops": 1,"Filter": "(n_name = 'CHINA'::bpchar)","Rows Removed by Filter": 24},{"Node Type": "Bitmap Heap Scan","Parent Relationship": "Inner","Parallel Aware": false,"Async Capable": false,"Relation Name": "supplier","Alias": "supplier_1","Startup Cost": 7.38,"Total Cost": 239.27,"Plan Rows": 400,"Plan Width": 8,"Actual Startup Time": 0.091,"Actual Total Time": 1.697,"Actual Rows": 407,"Actual Loops": 1,"Recheck Cond": "(s_nationkey = nation_1.n_nationkey)","Rows Removed by Index Recheck": 0,"Exact Heap Blocks": 186,"Lossy Heap Blocks": 0,"Plans": [{"Node Type": "Bitmap Index Scan","Parent Relationship": "Outer","Parallel Aware": false,"Async Capable": false,"Index Name": "idx_supplier_nation_key","Startup Cost": 0.00,"Total Cost": 7.29,"Plan Rows": 400,"Plan Width": 0,"Actual Startup Time": 0.055,"Actual Total Time": 0.061,"Actual Rows": 407,"Actual Loops": 1,"Index Cond": "(s_nationkey = nation_1.n_nationkey)"}]}]},{"Node Type": "Index Scan","Parent Relationship": "Inner","Parallel Aware": false,"Async Capable": false,"Scan Direction": "Forward","Index Name": "idx_partsupp_suppkey","Relation Name": "partsupp","Alias": "partsupp_1","Startup Cost": 0.42,"Total Cost": 9.07,"Plan Rows": 80,"Plan Width": 14,"Actual Startup Time": 0.014,"Actual Total Time": 0.293,"Actual Rows": 80,"Actual Loops": 407,"Index Cond": "(ps_suppkey = supplier_1.s_suppkey)","Rows Removed by Index Recheck": 0}]}]},{"Node Type": "Aggregate","Strategy": "Hashed","Partial Mode": "Simple","Parent Relationship": "Outer","Parallel Aware": false,"Async Capable": false,"Startup Cost": 4514.26,"Total Cost": 4994.26,"Plan Rows": 10667,"Plan Width": 36,"Actual Startup Time": 377.714,"Actual Total Time": 452.344,"Actual Rows": 869,"Actual Loops": 1,"Group Key": ["partsupp.ps_partkey"],"Filter": "(sum((partsupp.ps_supplycost * (partsupp.ps_availqty)::numeric)) > $2)","Planned Partitions": 0,"HashAgg Batches": 1,"Peak Memory Usage": 17937,"Disk Usage": 0,"Rows Removed by Filter": 29770,"Plans": [{"Node Type": "Nested Loop","Parent Relationship": "Outer","Parallel Aware": false,"Async Capable": false,"Join Type": "Inner","Startup Cost": 7.81,"Total Cost": 4194.26,"Plan Rows": 32000,"Plan Width": 14,"Actual Startup Time": 0.336,"Actual Total Time": 203.001,"Actual Rows": 32560,"Actual Loops": 1,"Inner Unique": false,"Plans": [{"Node Type": "Nested Loop","Parent Relationship": "Outer","Parallel Aware": false,"Async Capable": false,"Join Type": "Inner","Startup Cost": 7.38,"Total Cost": 244.58,"Plan Rows": 400,"Plan Width": 4,"Actual Startup Time": 0.273,"Actual Total Time": 2.796,"Actual Rows": 407,"Actual Loops": 1,"Inner Unique": false,"Plans": [{"Node Type": "Seq Scan","Parent Relationship": "Outer","Parallel Aware": false,"Async Capable": false,"Relation Name": "nation","Alias": "nation","Startup Cost": 0.00,"Total Cost": 1.31,"Plan Rows": 1,"Plan Width": 4,"Actual Startup Time": 0.063,"Actual Total Time": 0.079,"Actual Rows": 1,"Actual Loops": 1,"Filter": "(n_name = 'CHINA'::bpchar)","Rows Removed by Filter": 24},{"Node Type": "Bitmap Heap Scan","Parent Relationship": "Inner","Parallel Aware": false,"Async Capable": false,"Relation Name": "supplier","Alias": "supplier","Startup Cost": 7.38,"Total Cost": 239.27,"Plan Rows": 400,"Plan Width": 8,"Actual Startup Time": 0.204,"Actual Total Time": 2.666,"Actual Rows": 407,"Actual Loops": 1,"Recheck Cond": "(s_nationkey = nation.n_nationkey)","Rows Removed by Index Recheck": 0,"Exact Heap Blocks": 186,"Lossy Heap Blocks": 0,"Plans": [{"Node Type": "Bitmap Index Scan","Parent Relationship": "Outer","Parallel Aware": false,"Async Capable": false,"Index Name": "idx_supplier_nation_key","Startup Cost": 0.00,"Total Cost": 7.29,"Plan Rows": 400,"Plan Width": 0,"Actual Startup Time": 0.129,"Actual Total Time": 0.129,"Actual Rows": 407,"Actual Loops": 1,"Index Cond": "(s_nationkey = nation.n_nationkey)"}]}]},{"Node Type": "Index Scan","Parent Relationship": "Inner","Parallel Aware": false,"Async Capable": false,"Scan Direction": "Forward","Index Name": "idx_partsupp_suppkey","Relation Name": "partsupp","Alias": "partsupp","Startup Cost": 0.42,"Total Cost": 9.07,"Plan Rows": 80,"Plan Width": 18,"Actual Startup Time": 0.020,"Actual Total Time": 0.480,"Actual Rows": 80,"Actual Loops": 407,"Index Cond": "(ps_suppkey = supplier.s_suppkey)","Rows Removed by Index Recheck": 0}]}]}]},"Planning Time": 7.317,"Triggers": [],"Execution Time": 456.700}]
[{"Plan": {"Node Type": "Sort","Parallel Aware": false,"Async Capable": false,"Startup Cost": 10142.20,"Total Cost": 10168.87,"Plan Rows": 10667,"Plan Width": 36,"Actual Startup Time": 451.065,"Actual Total Time": 451.181,"Actual Rows": 838,"Actual Loops": 1,"Sort Key": ["(sum((partsupp.ps_supplycost * (partsupp.ps_availqty)::numeric))) DESC"],"Sort Method": "quicksort","Sort Space Used": 70,"Sort Space Type": "Memory","Plans": [{"Node Type": "Aggregate","Strategy": "Plain","Partial Mode": "Simple","Parent Relationship": "InitPlan","Subplan Name": "InitPlan 1 (returns $2)","Parallel Aware": false,"Async Capable": false,"Startup Cost": 4434.26,"Total Cost": 4434.27,"Plan Rows": 1,"Plan Width": 32,"Actual Startup Time": 132.717,"Actual Total Time": 132.742,"Actual Rows": 1,"Actual Loops": 1,"Plans": [{"Node Type": "Nested Loop","Parent Relationship": "Outer","Parallel Aware": false,"Async Capable": false,"Join Type": "Inner","Startup Cost": 7.81,"Total Cost": 4194.26,"Plan Rows": 32000,"Plan Width": 10,"Actual Startup Time": 0.228,"Actual Total Time": 125.275,"Actual Rows": 32480,"Actual Loops": 1,"Inner Unique": false,"Plans": [{"Node Type": "Nested Loop","Parent Relationship": "Outer","Parallel Aware": false,"Async Capable": false,"Join Type": "Inner","Startup Cost": 7.38,"Total Cost": 244.58,"Plan Rows": 400,"Plan Width": 4,"Actual Startup Time": 0.174,"Actual Total Time": 1.839,"Actual Rows": 406,"Actual Loops": 1,"Inner Unique": false,"Plans": [{"Node Type": "Seq Scan","Parent Relationship": "Outer","Parallel Aware": false,"Async Capable": false,"Relation Name": "nation","Alias": "nation_1","Startup Cost": 0.00,"Total Cost": 1.31,"Plan Rows": 1,"Plan Width": 4,"Actual Startup Time": 0.052,"Actual Total Time": 0.067,"Actual Rows": 1,"Actual Loops": 1,"Filter": "(n_name = 'MOZAMBIQUE'::bpchar)","Rows Removed by Filter": 24},{"Node Type": "Bitmap Heap Scan","Parent Relationship": "Inner","Parallel Aware": false,"Async Capable": false,"Relation Name": "supplier","Alias": "supplier_1","Startup Cost": 7.38,"Total Cost": 239.27,"Plan Rows": 400,"Plan Width": 8,"Actual Startup Time": 0.112,"Actual Total Time": 1.721,"Actual Rows": 406,"Actual Loops": 1,"Recheck Cond": "(s_nationkey = nation_1.n_nationkey)","Rows Removed by Index Recheck": 0,"Exact Heap Blocks": 186,"Lossy Heap Blocks": 0,"Plans": [{"Node Type": "Bitmap Index Scan","Parent Relationship": "Outer","Parallel Aware": false,"Async Capable": false,"Index Name": "idx_supplier_nation_key","Startup Cost": 0.00,"Total Cost": 7.29,"Plan Rows": 400,"Plan Width": 0,"Actual Startup Time": 0.075,"Actual Total Time": 0.080,"Actual Rows": 406,"Actual Loops": 1,"Index Cond": "(s_nationkey = nation_1.n_nationkey)"}]}]},{"Node Type": "Index Scan","Parent Relationship": "Inner","Parallel Aware": false,"Async Capable": false,"Scan Direction": "Forward","Index Name": "idx_partsupp_suppkey","Relation Name": "partsupp","Alias": "partsupp_1","Startup Cost": 0.42,"Total Cost": 9.07,"Plan Rows": 80,"Plan Width": 14,"Actual Startup Time": 0.015,"Actual Total Time": 0.292,"Actual Rows": 80,"Actual Loops": 406,"Index Cond": "(ps_suppkey = supplier_1.s_suppkey)","Rows Removed by Index Recheck": 0}]}]},{"Node Type": "Aggregate","Strategy": "Hashed","Partial Mode": "Simple","Parent Relationship": "Outer","Parallel Aware": false,"Async Capable": false,"Startup Cost": 4514.26,"Total Cost": 4994.26,"Plan Rows": 10667,"Plan Width": 36,"Actual Startup Time": 378.862,"Actual Total Time": 450.673,"Actual Rows": 838,"Actual Loops": 1,"Group Key": ["partsupp.ps_partkey"],"Filter": "(sum((partsupp.ps_supplycost * (partsupp.ps_availqty)::numeric)) > $2)","Planned Partitions": 0,"HashAgg Batches": 1,"Peak Memory Usage": 17937,"Disk Usage": 0,"Rows Removed by Filter": 29832,"Plans": [{"Node Type": "Nested Loop","Parent Relationship": "Outer","Parallel Aware": false,"Async Capable": false,"Join Type": "Inner","Startup Cost": 7.81,"Total Cost": 4194.26,"Plan Rows": 32000,"Plan Width": 14,"Actual Startup Time": 0.382,"Actual Total Time": 202.282,"Actual Rows": 32480,"Actual Loops": 1,"Inner Unique": false,"Plans": [{"Node Type": "Nested Loop","Parent Relationship": "Outer","Parallel Aware": false,"Async Capable": false,"Join Type": "Inner","Startup Cost": 7.38,"Total Cost": 244.58,"Plan Rows": 400,"Plan Width": 4,"Actual Startup Time": 0.293,"Actual Total Time": 2.810,"Actual Rows": 406,"Actual Loops": 1,"Inner Unique": false,"Plans": [{"Node Type": "Seq Scan","Parent Relationship": "Outer","Parallel Aware": false,"Async Capable": false,"Relation Name": "nation","Alias": "nation","Startup Cost": 0.00,"Total Cost": 1.31,"Plan Rows": 1,"Plan Width": 4,"Actual Startup Time": 0.067,"Actual Total Time": 0.098,"Actual Rows": 1,"Actual Loops": 1,"Filter": "(n_name = 'MOZAMBIQUE'::bpchar)","Rows Removed by Filter": 24},{"Node Type": "Bitmap Heap Scan","Parent Relationship": "Inner","Parallel Aware": false,"Async Capable": false,"Relation Name": "supplier","Alias": "supplier","Startup Cost": 7.38,"Total Cost": 239.27,"Plan Rows": 400,"Plan Width": 8,"Actual Startup Time": 0.220,"Actual Total Time": 2.658,"Actual Rows": 406,"Actual Loops": 1,"Recheck Cond": "(s_nationkey = nation.n_nationkey)","Rows Removed by Index Recheck": 0,"Exact Heap Blocks": 186,"Lossy Heap Blocks": 0,"Plans": [{"Node Type": "Bitmap Index Scan","Parent Relationship": "Outer","Parallel Aware": false,"Async Capable": false,"Index Name": "idx_supplier_nation_key","Startup Cost": 0.00,"Total Cost": 7.29,"Plan Rows": 400,"Plan Width": 0,"Actual Startup Time": 0.147,"Actual Total Time": 0.149,"Actual Rows": 406,"Actual Loops": 1,"Index Cond": "(s_nationkey = nation.n_nationkey)"}]}]},{"Node Type": "Index Scan","Parent Relationship": "Inner","Parallel Aware": false,"Async Capable": false,"Scan Direction": "Forward","Index Name": "idx_partsupp_suppkey","Relation Name": "partsupp","Alias": "partsupp","Startup Cost": 0.42,"Total Cost": 9.07,"Plan Rows": 80,"Plan Width": 18,"Actual Startup Time": 0.020,"Actual Total Time": 0.480,"Actual Rows": 80,"Actual Loops": 406,"Index Cond": "(ps_suppkey = supplier.s_suppkey)","Rows Removed by Index Recheck": 0}]}]}]},"Planning Time": 6.783,"Triggers": [],"Execution Time": 454.405}]
[{"Plan": {"Node Type": "Sort","Parallel Aware": false,"Async Capable": false,"Startup Cost": 10142.20,"Total Cost": 10168.87,"Plan Rows": 10667,"Plan Width": 36,"Actual Startup Time": 460.724,"Actual Total Time": 460.840,"Actual Rows": 741,"Actual Loops": 1,"Sort Key": ["(sum((partsupp.ps_supplycost * (partsupp.ps_availqty)::numeric))) DESC"],"Sort Method": "quicksort","Sort Space Used": 65,"Sort Space Type": "Memory","Plans": [{"Node Type": "Aggregate","Strategy": "Plain","Partial Mode": "Simple","Parent Relationship": "InitPlan","Subplan Name": "InitPlan 1 (returns $2)","Parallel Aware": false,"Async Capable": false,"Startup Cost": 4434.26,"Total Cost": 4434.27,"Plan Rows": 1,"Plan Width": 32,"Actual Startup Time": 132.110,"Actual Total Time": 132.136,"Actual Rows": 1,"Actual Loops": 1,"Plans": [{"Node Type": "Nested Loop","Parent Relationship": "Outer","Parallel Aware": false,"Async Capable": false,"Join Type": "Inner","Startup Cost": 7.81,"Total Cost": 4194.26,"Plan Rows": 32000,"Plan Width": 10,"Actual Startup Time": 0.212,"Actual Total Time": 124.425,"Actual Rows": 33680,"Actual Loops": 1,"Inner Unique": false,"Plans": [{"Node Type": "Nested Loop","Parent Relationship": "Outer","Parallel Aware": false,"Async Capable": false,"Join Type": "Inner","Startup Cost": 7.38,"Total Cost": 244.58,"Plan Rows": 400,"Plan Width": 4,"Actual Startup Time": 0.146,"Actual Total Time": 1.771,"Actual Rows": 421,"Actual Loops": 1,"Inner Unique": false,"Plans": [{"Node Type": "Seq Scan","Parent Relationship": "Outer","Parallel Aware": false,"Async Capable": false,"Relation Name": "nation","Alias": "nation_1","Startup Cost": 0.00,"Total Cost": 1.31,"Plan Rows": 1,"Plan Width": 4,"Actual Startup Time": 0.036,"Actual Total Time": 0.052,"Actual Rows": 1,"Actual Loops": 1,"Filter": "(n_name = 'PERU'::bpchar)","Rows Removed by Filter": 24},{"Node Type": "Bitmap Heap Scan","Parent Relationship": "Inner","Parallel Aware": false,"Async Capable": false,"Relation Name": "supplier","Alias": "supplier_1","Startup Cost": 7.38,"Total Cost": 239.27,"Plan Rows": 400,"Plan Width": 8,"Actual Startup Time": 0.097,"Actual Total Time": 1.663,"Actual Rows": 421,"Actual Loops": 1,"Recheck Cond": "(s_nationkey = nation_1.n_nationkey)","Rows Removed by Index Recheck": 0,"Exact Heap Blocks": 187,"Lossy Heap Blocks": 0,"Plans": [{"Node Type": "Bitmap Index Scan","Parent Relationship": "Outer","Parallel Aware": false,"Async Capable": false,"Index Name": "idx_supplier_nation_key","Startup Cost": 0.00,"Total Cost": 7.29,"Plan Rows": 400,"Plan Width": 0,"Actual Startup Time": 0.063,"Actual Total Time": 0.070,"Actual Rows": 421,"Actual Loops": 1,"Index Cond": "(s_nationkey = nation_1.n_nationkey)"}]}]},{"Node Type": "Index Scan","Parent Relationship": "Inner","Parallel Aware": false,"Async Capable": false,"Scan Direction": "Forward","Index Name": "idx_partsupp_suppkey","Relation Name": "partsupp","Alias": "partsupp_1","Startup Cost": 0.42,"Total Cost": 9.07,"Plan Rows": 80,"Plan Width": 14,"Actual Startup Time": 0.014,"Actual Total Time": 0.279,"Actual Rows": 80,"Actual Loops": 421,"Index Cond": "(ps_suppkey = supplier_1.s_suppkey)","Rows Removed by Index Recheck": 0}]}]},{"Node Type": "Aggregate","Strategy": "Hashed","Partial Mode": "Simple","Parent Relationship": "Outer","Parallel Aware": false,"Async Capable": false,"Startup Cost": 4514.26,"Total Cost": 4994.26,"Plan Rows": 10667,"Plan Width": 36,"Actual Startup Time": 384.508,"Actual Total Time": 460.301,"Actual Rows": 741,"Actual Loops": 1,"Group Key": ["partsupp.ps_partkey"],"Filter": "(sum((partsupp.ps_supplycost * (partsupp.ps_availqty)::numeric)) > $2)","Planned Partitions": 0,"HashAgg Batches": 1,"Peak Memory Usage": 17937,"Disk Usage": 0,"Rows Removed by Filter": 30846,"Plans": [{"Node Type": "Nested Loop","Parent Relationship": "Outer","Parallel Aware": false,"Async Capable": false,"Join Type": "Inner","Startup Cost": 7.81,"Total Cost": 4194.26,"Plan Rows": 32000,"Plan Width": 14,"Actual Startup Time": 0.389,"Actual Total Time": 205.243,"Actual Rows": 33680,"Actual Loops": 1,"Inner Unique": false,"Plans": [{"Node Type": "Nested Loop","Parent Relationship": "Outer","Parallel Aware": false,"Async Capable": false,"Join Type": "Inner","Startup Cost": 7.38,"Total Cost": 244.58,"Plan Rows": 400,"Plan Width": 4,"Actual Startup Time": 0.332,"Actual Total Time": 2.785,"Actual Rows": 421,"Actual Loops": 1,"Inner Unique": false,"Plans": [{"Node Type": "Seq Scan","Parent Relationship": "Outer","Parallel Aware": false,"Async Capable": false,"Relation Name": "nation","Alias": "nation","Startup Cost": 0.00,"Total Cost": 1.31,"Plan Rows": 1,"Plan Width": 4,"Actual Startup Time": 0.057,"Actual Total Time": 0.075,"Actual Rows": 1,"Actual Loops": 1,"Filter": "(n_name = 'PERU'::bpchar)","Rows Removed by Filter": 24},{"Node Type": "Bitmap Heap Scan","Parent Relationship": "Inner","Parallel Aware": false,"Async Capable": false,"Relation Name": "supplier","Alias": "supplier","Startup Cost": 7.38,"Total Cost": 239.27,"Plan Rows": 400,"Plan Width": 8,"Actual Startup Time": 0.270,"Actual Total Time": 2.660,"Actual Rows": 421,"Actual Loops": 1,"Recheck Cond": "(s_nationkey = nation.n_nationkey)","Rows Removed by Index Recheck": 0,"Exact Heap Blocks": 187,"Lossy Heap Blocks": 0,"Plans": [{"Node Type": "Bitmap Index Scan","Parent Relationship": "Outer","Parallel Aware": false,"Async Capable": false,"Index Name": "idx_supplier_nation_key","Startup Cost": 0.00,"Total Cost": 7.29,"Plan Rows": 400,"Plan Width": 0,"Actual Startup Time": 0.195,"Actual Total Time": 0.196,"Actual Rows": 421,"Actual Loops": 1,"Index Cond": "(s_nationkey = nation.n_nationkey)"}]}]},{"Node Type": "Index Scan","Parent Relationship": "Inner","Parallel Aware": false,"Async Capable": false,"Scan Direction": "Forward","Index Name": "idx_partsupp_suppkey","Relation Name": "partsupp","Alias": "partsupp","Startup Cost": 0.42,"Total Cost": 9.07,"Plan Rows": 80,"Plan Width": 18,"Actual Startup Time": 0.018,"Actual Total Time": 0.469,"Actual Rows": 80,"Actual Loops": 421,"Index Cond": "(ps_suppkey = supplier.s_suppkey)","Rows Removed by Index Recheck": 0}]}]}]},"Planning Time": 6.964,"Triggers": [],"Execution Time": 464.153}]
[{"Plan": {"Node Type": "Sort","Parallel Aware": false,"Async Capable": false,"Startup Cost": 10142.20,"Total Cost": 10168.87,"Plan Rows": 10667,"Plan Width": 36,"Actual Startup Time": 464.748,"Actual Total Time": 464.880,"Actual Rows": 665,"Actual Loops": 1,"Sort Key": ["(sum((partsupp.ps_supplycost * (partsupp.ps_availqty)::numeric))) DESC"],"Sort Method": "quicksort","Sort Space Used": 61,"Sort Space Type": "Memory","Plans": [{"Node Type": "Aggregate","Strategy": "Plain","Partial Mode": "Simple","Parent Relationship": "InitPlan","Subplan Name": "InitPlan 1 (returns $2)","Parallel Aware": false,"Async Capable": false,"Startup Cost": 4434.26,"Total Cost": 4434.27,"Plan Rows": 1,"Plan Width": 32,"Actual Startup Time": 134.444,"Actual Total Time": 134.478,"Actual Rows": 1,"Actual Loops": 1,"Plans": [{"Node Type": "Nested Loop","Parent Relationship": "Outer","Parallel Aware": false,"Async Capable": false,"Join Type": "Inner","Startup Cost": 7.81,"Total Cost": 4194.26,"Plan Rows": 32000,"Plan Width": 10,"Actual Startup Time": 0.195,"Actual Total Time": 126.758,"Actual Rows": 33600,"Actual Loops": 1,"Inner Unique": false,"Plans": [{"Node Type": "Nested Loop","Parent Relationship": "Outer","Parallel Aware": false,"Async Capable": false,"Join Type": "Inner","Startup Cost": 7.38,"Total Cost": 244.58,"Plan Rows": 400,"Plan Width": 4,"Actual Startup Time": 0.143,"Actual Total Time": 1.895,"Actual Rows": 420,"Actual Loops": 1,"Inner Unique": false,"Plans": [{"Node Type": "Seq Scan","Parent Relationship": "Outer","Parallel Aware": false,"Async Capable": false,"Relation Name": "nation","Alias": "nation_1","Startup Cost": 0.00,"Total Cost": 1.31,"Plan Rows": 1,"Plan Width": 4,"Actual Startup Time": 0.024,"Actual Total Time": 0.046,"Actual Rows": 1,"Actual Loops": 1,"Filter": "(n_name = 'ALGERIA'::bpchar)","Rows Removed by Filter": 24},{"Node Type": "Bitmap Heap Scan","Parent Relationship": "Inner","Parallel Aware": false,"Async Capable": false,"Relation Name": "supplier","Alias": "supplier_1","Startup Cost": 7.38,"Total Cost": 239.27,"Plan Rows": 400,"Plan Width": 8,"Actual Startup Time": 0.107,"Actual Total Time": 1.788,"Actual Rows": 420,"Actual Loops": 1,"Recheck Cond": "(s_nationkey = nation_1.n_nationkey)","Rows Removed by Index Recheck": 0,"Exact Heap Blocks": 197,"Lossy Heap Blocks": 0,"Plans": [{"Node Type": "Bitmap Index Scan","Parent Relationship": "Outer","Parallel Aware": false,"Async Capable": false,"Index Name": "idx_supplier_nation_key","Startup Cost": 0.00,"Total Cost": 7.29,"Plan Rows": 400,"Plan Width": 0,"Actual Startup Time": 0.069,"Actual Total Time": 0.076,"Actual Rows": 420,"Actual Loops": 1,"Index Cond": "(s_nationkey = nation_1.n_nationkey)"}]}]},{"Node Type": "Index Scan","Parent Relationship": "Inner","Parallel Aware": false,"Async Capable": false,"Scan Direction": "Forward","Index Name": "idx_partsupp_suppkey","Relation Name": "partsupp","Alias": "partsupp_1","Startup Cost": 0.42,"Total Cost": 9.07,"Plan Rows": 80,"Plan Width": 14,"Actual Startup Time": 0.014,"Actual Total Time": 0.285,"Actual Rows": 80,"Actual Loops": 420,"Index Cond": "(ps_suppkey = supplier_1.s_suppkey)","Rows Removed by Index Recheck": 0}]}]},{"Node Type": "Aggregate","Strategy": "Hashed","Partial Mode": "Simple","Parent Relationship": "Outer","Parallel Aware": false,"Async Capable": false,"Startup Cost": 4514.26,"Total Cost": 4994.26,"Plan Rows": 10667,"Plan Width": 36,"Actual Startup Time": 388.152,"Actual Total Time": 464.346,"Actual Rows": 665,"Actual Loops": 1,"Group Key": ["partsupp.ps_partkey"],"Filter": "(sum((partsupp.ps_supplycost * (partsupp.ps_availqty)::numeric)) > $2)","Planned Partitions": 0,"HashAgg Batches": 1,"Peak Memory Usage": 17937,"Disk Usage": 0,"Rows Removed by Filter": 30920,"Plans": [{"Node Type": "Nested Loop","Parent Relationship": "Outer","Parallel Aware": false,"Async Capable": false,"Join Type": "Inner","Startup Cost": 7.81,"Total Cost": 4194.26,"Plan Rows": 32000,"Plan Width": 14,"Actual Startup Time": 0.388,"Actual Total Time": 207.629,"Actual Rows": 33600,"Actual Loops": 1,"Inner Unique": false,"Plans": [{"Node Type": "Nested Loop","Parent Relationship": "Outer","Parallel Aware": false,"Async Capable": false,"Join Type": "Inner","Startup Cost": 7.38,"Total Cost": 244.58,"Plan Rows": 400,"Plan Width": 4,"Actual Startup Time": 0.274,"Actual Total Time": 2.984,"Actual Rows": 420,"Actual Loops": 1,"Inner Unique": false,"Plans": [{"Node Type": "Seq Scan","Parent Relationship": "Outer","Parallel Aware": false,"Async Capable": false,"Relation Name": "nation","Alias": "nation","Startup Cost": 0.00,"Total Cost": 1.31,"Plan Rows": 1,"Plan Width": 4,"Actual Startup Time": 0.081,"Actual Total Time": 0.099,"Actual Rows": 1,"Actual Loops": 1,"Filter": "(n_name = 'ALGERIA'::bpchar)","Rows Removed by Filter": 24},{"Node Type": "Bitmap Heap Scan","Parent Relationship": "Inner","Parallel Aware": false,"Async Capable": false,"Relation Name": "supplier","Alias": "supplier","Startup Cost": 7.38,"Total Cost": 239.27,"Plan Rows": 400,"Plan Width": 8,"Actual Startup Time": 0.184,"Actual Total Time": 2.823,"Actual Rows": 420,"Actual Loops": 1,"Recheck Cond": "(s_nationkey = nation.n_nationkey)","Rows Removed by Index Recheck": 0,"Exact Heap Blocks": 197,"Lossy Heap Blocks": 0,"Plans": [{"Node Type": "Bitmap Index Scan","Parent Relationship": "Outer","Parallel Aware": false,"Async Capable": false,"Index Name": "idx_supplier_nation_key","Startup Cost": 0.00,"Total Cost": 7.29,"Plan Rows": 400,"Plan Width": 0,"Actual Startup Time": 0.105,"Actual Total Time": 0.106,"Actual Rows": 420,"Actual Loops": 1,"Index Cond": "(s_nationkey = nation.n_nationkey)"}]}]},{"Node Type": "Index Scan","Parent Relationship": "Inner","Parallel Aware": false,"Async Capable": false,"Scan Direction": "Forward","Index Name": "idx_partsupp_suppkey","Relation Name": "partsupp","Alias": "partsupp","Startup Cost": 0.42,"Total Cost": 9.07,"Plan Rows": 80,"Plan Width": 18,"Actual Startup Time": 0.019,"Actual Total Time": 0.475,"Actual Rows": 80,"Actual Loops": 420,"Index Cond": "(ps_suppkey = supplier.s_suppkey)","Rows Removed by Index Recheck": 0}]}]}]},"Planning Time": 6.930,"Triggers": [],"Execution Time": 468.122}]
[{"Plan": {"Node Type": "Sort","Parallel Aware": false,"Async Capable": false,"Startup Cost": 10142.20,"Total Cost": 10168.87,"Plan Rows": 10667,"Plan Width": 36,"Actual Startup Time": 448.613,"Actual Total Time": 448.730,"Actual Rows": 888,"Actual Loops": 1,"Sort Key": ["(sum((partsupp.ps_supplycost * (partsupp.ps_availqty)::numeric))) DESC"],"Sort Method": "quicksort","Sort Space Used": 73,"Sort Space Type": "Memory","Plans": [{"Node Type": "Aggregate","Strategy": "Plain","Partial Mode": "Simple","Parent Relationship": "InitPlan","Subplan Name": "InitPlan 1 (returns $2)","Parallel Aware": false,"Async Capable": false,"Startup Cost": 4434.26,"Total Cost": 4434.27,"Plan Rows": 1,"Plan Width": 32,"Actual Startup Time": 133.715,"Actual Total Time": 133.740,"Actual Rows": 1,"Actual Loops": 1,"Plans": [{"Node Type": "Nested Loop","Parent Relationship": "Outer","Parallel Aware": false,"Async Capable": false,"Join Type": "Inner","Startup Cost": 7.81,"Total Cost": 4194.26,"Plan Rows": 32000,"Plan Width": 10,"Actual Startup Time": 0.220,"Actual Total Time": 126.229,"Actual Rows": 32400,"Actual Loops": 1,"Inner Unique": false,"Plans": [{"Node Type": "Nested Loop","Parent Relationship": "Outer","Parallel Aware": false,"Async Capable": false,"Join Type": "Inner","Startup Cost": 7.38,"Total Cost": 244.58,"Plan Rows": 400,"Plan Width": 4,"Actual Startup Time": 0.174,"Actual Total Time": 1.918,"Actual Rows": 405,"Actual Loops": 1,"Inner Unique": false,"Plans": [{"Node Type": "Seq Scan","Parent Relationship": "Outer","Parallel Aware": false,"Async Capable": false,"Relation Name": "nation","Alias": "nation_1","Startup Cost": 0.00,"Total Cost": 1.31,"Plan Rows": 1,"Plan Width": 4,"Actual Startup Time": 0.049,"Actual Total Time": 0.070,"Actual Rows": 1,"Actual Loops": 1,"Filter": "(n_name = 'INDONESIA'::bpchar)","Rows Removed by Filter": 24},{"Node Type": "Bitmap Heap Scan","Parent Relationship": "Inner","Parallel Aware": false,"Async Capable": false,"Relation Name": "supplier","Alias": "supplier_1","Startup Cost": 7.38,"Total Cost": 239.27,"Plan Rows": 400,"Plan Width": 8,"Actual Startup Time": 0.105,"Actual Total Time": 1.781,"Actual Rows": 405,"Actual Loops": 1,"Recheck Cond": "(s_nationkey = nation_1.n_nationkey)","Rows Removed by Index Recheck": 0,"Exact Heap Blocks": 192,"Lossy Heap Blocks": 0,"Plans": [{"Node Type": "Bitmap Index Scan","Parent Relationship": "Outer","Parallel Aware": false,"Async Capable": false,"Index Name": "idx_supplier_nation_key","Startup Cost": 0.00,"Total Cost": 7.29,"Plan Rows": 400,"Plan Width": 0,"Actual Startup Time": 0.069,"Actual Total Time": 0.075,"Actual Rows": 405,"Actual Loops": 1,"Index Cond": "(s_nationkey = nation_1.n_nationkey)"}]}]},{"Node Type": "Index Scan","Parent Relationship": "Inner","Parallel Aware": false,"Async Capable": false,"Scan Direction": "Forward","Index Name": "idx_partsupp_suppkey","Relation Name": "partsupp","Alias": "partsupp_1","Startup Cost": 0.42,"Total Cost": 9.07,"Plan Rows": 80,"Plan Width": 14,"Actual Startup Time": 0.014,"Actual Total Time": 0.294,"Actual Rows": 80,"Actual Loops": 405,"Index Cond": "(ps_suppkey = supplier_1.s_suppkey)","Rows Removed by Index Recheck": 0}]}]},{"Node Type": "Aggregate","Strategy": "Hashed","Partial Mode": "Simple","Parent Relationship": "Outer","Parallel Aware": false,"Async Capable": false,"Startup Cost": 4514.26,"Total Cost": 4994.26,"Plan Rows": 10667,"Plan Width": 36,"Actual Startup Time": 376.503,"Actual Total Time": 448.157,"Actual Rows": 888,"Actual Loops": 1,"Group Key": ["partsupp.ps_partkey"],"Filter": "(sum((partsupp.ps_supplycost * (partsupp.ps_availqty)::numeric)) > $2)","Planned Partitions": 0,"HashAgg Batches": 1,"Peak Memory Usage": 17937,"Disk Usage": 0,"Rows Removed by Filter": 29597,"Plans": [{"Node Type": "Nested Loop","Parent Relationship": "Outer","Parallel Aware": false,"Async Capable": false,"Join Type": "Inner","Startup Cost": 7.81,"Total Cost": 4194.26,"Plan Rows": 32000,"Plan Width": 14,"Actual Startup Time": 0.375,"Actual Total Time": 200.721,"Actual Rows": 32400,"Actual Loops": 1,"Inner Unique": false,"Plans": [{"Node Type": "Nested Loop","Parent Relationship": "Outer","Parallel Aware": false,"Async Capable": false,"Join Type": "Inner","Startup Cost": 7.38,"Total Cost": 244.58,"Plan Rows": 400,"Plan Width": 4,"Actual Startup Time": 0.269,"Actual Total Time": 2.791,"Actual Rows": 405,"Actual Loops": 1,"Inner Unique": false,"Plans": [{"Node Type": "Seq Scan","Parent Relationship": "Outer","Parallel Aware": false,"Async Capable": false,"Relation Name": "nation","Alias": "nation","Startup Cost": 0.00,"Total Cost": 1.31,"Plan Rows": 1,"Plan Width": 4,"Actual Startup Time": 0.076,"Actual Total Time": 0.092,"Actual Rows": 1,"Actual Loops": 1,"Filter": "(n_name = 'INDONESIA'::bpchar)","Rows Removed by Filter": 24},{"Node Type": "Bitmap Heap Scan","Parent Relationship": "Inner","Parallel Aware": false,"Async Capable": false,"Relation Name": "supplier","Alias": "supplier","Startup Cost": 7.38,"Total Cost": 239.27,"Plan Rows": 400,"Plan Width": 8,"Actual Startup Time": 0.187,"Actual Total Time": 2.648,"Actual Rows": 405,"Actual Loops": 1,"Recheck Cond": "(s_nationkey = nation.n_nationkey)","Rows Removed by Index Recheck": 0,"Exact Heap Blocks": 192,"Lossy Heap Blocks": 0,"Plans": [{"Node Type": "Bitmap Index Scan","Parent Relationship": "Outer","Parallel Aware": false,"Async Capable": false,"Index Name": "idx_supplier_nation_key","Startup Cost": 0.00,"Total Cost": 7.29,"Plan Rows": 400,"Plan Width": 0,"Actual Startup Time": 0.121,"Actual Total Time": 0.124,"Actual Rows": 405,"Actual Loops": 1,"Index Cond": "(s_nationkey = nation.n_nationkey)"}]}]},{"Node Type": "Index Scan","Parent Relationship": "Inner","Parallel Aware": false,"Async Capable": false,"Scan Direction": "Forward","Index Name": "idx_partsupp_suppkey","Relation Name": "partsupp","Alias": "partsupp","Startup Cost": 0.42,"Total Cost": 9.07,"Plan Rows": 80,"Plan Width": 18,"Actual Startup Time": 0.019,"Actual Total Time": 0.477,"Actual Rows": 80,"Actual Loops": 405,"Index Cond": "(ps_suppkey = supplier.s_suppkey)","Rows Removed by Index Recheck": 0}]}]}]},"Planning Time": 7.214,"Triggers": [],"Execution Time": 451.949}]
[{"Plan": {"Node Type": "Sort","Parallel Aware": false,"Async Capable": false,"Startup Cost": 10142.20,"Total Cost": 10168.87,"Plan Rows": 10667,"Plan Width": 36,"Actual Startup Time": 448.613,"Actual Total Time": 448.730,"Actual Rows": 888,"Actual Loops": 1,"Sort Key": ["(sum((partsupp.ps_supplycost * (partsupp.ps_availqty)::numeric))) DESC"],"Sort Method": "quicksort","Sort Space Used": 73,"Sort Space Type": "Memory","Plans": [{"Node Type": "Aggregate","Strategy": "Plain","Partial Mode": "Simple","Parent Relationship": "InitPlan","Subplan Name": "InitPlan 1 (returns $2)","Parallel Aware": false,"Async Capable": false,"Startup Cost": 4434.26,"Total Cost": 4434.27,"Plan Rows": 1,"Plan Width": 32,"Actual Startup Time": 133.715,"Actual Total Time": 133.740,"Actual Rows": 1,"Actual Loops": 1,"Plans": [{"Node Type": "Nested Loop","Parent Relationship": "Outer","Parallel Aware": false,"Async Capable": false,"Join Type": "Inner","Startup Cost": 7.81,"Total Cost": 4194.26,"Plan Rows": 32000,"Plan Width": 10,"Actual Startup Time": 0.220,"Actual Total Time": 126.229,"Actual Rows": 32400,"Actual Loops": 1,"Inner Unique": false,"Plans": [{"Node Type": "Nested Loop","Parent Relationship": "Outer","Parallel Aware": false,"Async Capable": false,"Join Type": "Inner","Startup Cost": 7.38,"Total Cost": 244.58,"Plan Rows": 400,"Plan Width": 4,"Actual Startup Time": 0.174,"Actual Total Time": 1.918,"Actual Rows": 405,"Actual Loops": 1,"Inner Unique": false,"Plans": [{"Node Type": "Seq Scan","Parent Relationship": "Outer","Parallel Aware": false,"Async Capable": false,"Relation Name": "nation","Alias": "nation_1","Startup Cost": 0.00,"Total Cost": 1.31,"Plan Rows": 1,"Plan Width": 4,"Actual Startup Time": 0.049,"Actual Total Time": 0.070,"Actual Rows": 1,"Actual Loops": 1,"Filter": "(n_name = 'INDONESIA'::bpchar)","Rows Removed by Filter": 24},{"Node Type": "Bitmap Heap Scan","Parent Relationship": "Inner","Parallel Aware": false,"Async Capable": false,"Relation Name": "supplier","Alias": "supplier_1","Startup Cost": 7.38,"Total Cost": 239.27,"Plan Rows": 400,"Plan Width": 8,"Actual Startup Time": 0.105,"Actual Total Time": 1.781,"Actual Rows": 405,"Actual Loops": 1,"Recheck Cond": "(s_nationkey = nation_1.n_nationkey)","Rows Removed by Index Recheck": 0,"Exact Heap Blocks": 192,"Lossy Heap Blocks": 0,"Plans": [{"Node Type": "Bitmap Index Scan","Parent Relationship": "Outer","Parallel Aware": false,"Async Capable": false,"Index Name": "idx_supplier_nation_key","Startup Cost": 0.00,"Total Cost": 7.29,"Plan Rows": 400,"Plan Width": 0,"Actual Startup Time": 0.069,"Actual Total Time": 0.075,"Actual Rows": 405,"Actual Loops": 1,"Index Cond": "(s_nationkey = nation_1.n_nationkey)"}]}]},{"Node Type": "Index Scan","Parent Relationship": "Inner","Parallel Aware": false,"Async Capable": false,"Scan Direction": "Forward","Index Name": "idx_partsupp_suppkey","Relation Name": "partsupp","Alias": "partsupp_1","Startup Cost": 0.42,"Total Cost": 9.07,"Plan Rows": 80,"Plan Width": 14,"Actual Startup Time": 0.014,"Actual Total Time": 0.294,"Actual Rows": 80,"Actual Loops": 405,"Index Cond": "(ps_suppkey = supplier_1.s_suppkey)","Rows Removed by Index Recheck": 0}]}]},{"Node Type": "Aggregate","Strategy": "Hashed","Partial Mode": "Simple","Parent Relationship": "Outer","Parallel Aware": false,"Async Capable": false,"Startup Cost": 4514.26,"Total Cost": 4994.26,"Plan Rows": 10667,"Plan Width": 36,"Actual Startup Time": 376.503,"Actual Total Time": 448.157,"Actual Rows": 888,"Actual Loops": 1,"Group Key": ["partsupp.ps_partkey"],"Filter": "(sum((partsupp.ps_supplycost * (partsupp.ps_availqty)::numeric)) > $2)","Planned Partitions": 0,"HashAgg Batches": 1,"Peak Memory Usage": 17937,"Disk Usage": 0,"Rows Removed by Filter": 29597,"Plans": [{"Node Type": "Nested Loop","Parent Relationship": "Outer","Parallel Aware": false,"Async Capable": false,"Join Type": "Inner","Startup Cost": 7.81,"Total Cost": 4194.26,"Plan Rows": 32000,"Plan Width": 14,"Actual Startup Time": 0.375,"Actual Total Time": 200.721,"Actual Rows": 32400,"Actual Loops": 1,"Inner Unique": false,"Plans": [{"Node Type": "Nested Loop","Parent Relationship": "Outer","Parallel Aware": false,"Async Capable": false,"Join Type": "Inner","Startup Cost": 7.38,"Total Cost": 244.58,"Plan Rows": 400,"Plan Width": 4,"Actual Startup Time": 0.269,"Actual Total Time": 2.791,"Actual Rows": 405,"Actual Loops": 1,"Inner Unique": false,"Plans": [{"Node Type": "Seq Scan","Parent Relationship": "Outer","Parallel Aware": false,"Async Capable": false,"Relation Name": "nation","Alias": "nation","Startup Cost": 0.00,"Total Cost": 1.31,"Plan Rows": 1,"Plan Width": 4,"Actual Startup Time": 0.076,"Actual Total Time": 0.092,"Actual Rows": 1,"Actual Loops": 1,"Filter": "(n_name = 'INDONESIA'::bpchar)","Rows Removed by Filter": 24},{"Node Type": "Bitmap Heap Scan","Parent Relationship": "Inner","Parallel Aware": false,"Async Capable": false,"Relation Name": "supplier","Alias": "supplier","Startup Cost": 7.38,"Total Cost": 239.27,"Plan Rows": 400,"Plan Width": 8,"Actual Startup Time": 0.187,"Actual Total Time": 2.648,"Actual Rows": 405,"Actual Loops": 1,"Recheck Cond": "(s_nationkey = nation.n_nationkey)","Rows Removed by Index Recheck": 0,"Exact Heap Blocks": 192,"Lossy Heap Blocks": 0,"Plans": [{"Node Type": "Bitmap Index Scan","Parent Relationship": "Outer","Parallel Aware": false,"Async Capable": false,"Index Name": "idx_supplier_nation_key","Startup Cost": 0.00,"Total Cost": 7.29,"Plan Rows": 400,"Plan Width": 0,"Actual Startup Time": 0.121,"Actual Total Time": 0.124,"Actual Rows": 405,"Actual Loops": 1,"Index Cond": "(s_nationkey = nation.n_nationkey)"}]}]},{"Node Type": "Index Scan","Parent Relationship": "Inner","Parallel Aware": false,"Async Capable": false,"Scan Direction": "Forward","Index Name": "idx_partsupp_suppkey","Relation Name": "partsupp","Alias": "partsupp","Startup Cost": 0.42,"Total Cost": 9.07,"Plan Rows": 80,"Plan Width": 18,"Actual Startup Time": 0.019,"Actual Total Time": 0.477,"Actual Rows": 80,"Actual Loops": 405,"Index Cond": "(ps_suppkey = supplier.s_suppkey)","Rows Removed by Index Recheck": 0}]}]}]},"Planning Time": 7.214,"Triggers": [],"Execution Time": 451.949}]
[{"Plan": {"Node Type": "Sort","Parallel Aware": false,"Async Capable": false,"Startup Cost": 10142.20,"Total Cost": 10168.87,"Plan Rows": 10667,"Plan Width": 36,"Actual Startup Time": 413.680,"Actual Total Time": 413.810,"Actual Rows": 1217,"Actual Loops": 1,"Sort Key": ["(sum((partsupp.ps_supplycost * (partsupp.ps_availqty)::numeric))) DESC"],"Sort Method": "quicksort","Sort Space Used": 115,"Sort Space Type": "Memory","Plans": [{"Node Type": "Aggregate","Strategy": "Plain","Partial Mode": "Simple","Parent Relationship": "InitPlan","Subplan Name": "InitPlan 1 (returns $2)","Parallel Aware": false,"Async Capable": false,"Startup Cost": 4434.26,"Total Cost": 4434.27,"Plan Rows": 1,"Plan Width": 32,"Actual Startup Time": 121.350,"Actual Total Time": 121.366,"Actual Rows": 1,"Actual Loops": 1,"Plans": [{"Node Type": "Nested Loop","Parent Relationship": "Outer","Parallel Aware": false,"Async Capable": false,"Join Type": "Inner","Startup Cost": 7.81,"Total Cost": 4194.26,"Plan Rows": 32000,"Plan Width": 10,"Actual Startup Time": 0.211,"Actual Total Time": 114.479,"Actual Rows": 30080,"Actual Loops": 1,"Inner Unique": false,"Plans": [{"Node Type": "Nested Loop","Parent Relationship": "Outer","Parallel Aware": false,"Async Capable": false,"Join Type": "Inner","Startup Cost": 7.38,"Total Cost": 244.58,"Plan Rows": 400,"Plan Width": 4,"Actual Startup Time": 0.161,"Actual Total Time": 1.670,"Actual Rows": 376,"Actual Loops": 1,"Inner Unique": false,"Plans": [{"Node Type": "Seq Scan","Parent Relationship": "Outer","Parallel Aware": false,"Async Capable": false,"Relation Name": "nation","Alias": "nation_1","Startup Cost": 0.00,"Total Cost": 1.31,"Plan Rows": 1,"Plan Width": 4,"Actual Startup Time": 0.026,"Actual Total Time": 0.039,"Actual Rows": 1,"Actual Loops": 1,"Filter": "(n_name = 'KENYA'::bpchar)","Rows Removed by Filter": 24},{"Node Type": "Bitmap Heap Scan","Parent Relationship": "Inner","Parallel Aware": false,"Async Capable": false,"Relation Name": "supplier","Alias": "supplier_1","Startup Cost": 7.38,"Total Cost": 239.27,"Plan Rows": 400,"Plan Width": 8,"Actual Startup Time": 0.113,"Actual Total Time": 1.571,"Actual Rows": 376,"Actual Loops": 1,"Recheck Cond": "(s_nationkey = nation_1.n_nationkey)","Rows Removed by Index Recheck": 0,"Exact Heap Blocks": 179,"Lossy Heap Blocks": 0,"Plans": [{"Node Type": "Bitmap Index Scan","Parent Relationship": "Outer","Parallel Aware": false,"Async Capable": false,"Index Name": "idx_supplier_nation_key","Startup Cost": 0.00,"Total Cost": 7.29,"Plan Rows": 400,"Plan Width": 0,"Actual Startup Time": 0.082,"Actual Total Time": 0.086,"Actual Rows": 376,"Actual Loops": 1,"Index Cond": "(s_nationkey = nation_1.n_nationkey)"}]}]},{"Node Type": "Index Scan","Parent Relationship": "Inner","Parallel Aware": false,"Async Capable": false,"Scan Direction": "Forward","Index Name": "idx_partsupp_suppkey","Relation Name": "partsupp","Alias": "partsupp_1","Startup Cost": 0.42,"Total Cost": 9.07,"Plan Rows": 80,"Plan Width": 14,"Actual Startup Time": 0.014,"Actual Total Time": 0.288,"Actual Rows": 80,"Actual Loops": 376,"Index Cond": "(ps_suppkey = supplier_1.s_suppkey)","Rows Removed by Index Recheck": 0}]}]},{"Node Type": "Aggregate","Strategy": "Hashed","Partial Mode": "Simple","Parent Relationship": "Outer","Parallel Aware": false,"Async Capable": false,"Startup Cost": 4514.26,"Total Cost": 4994.26,"Plan Rows": 10667,"Plan Width": 36,"Actual Startup Time": 346.893,"Actual Total Time": 413.082,"Actual Rows": 1217,"Actual Loops": 1,"Group Key": ["partsupp.ps_partkey"],"Filter": "(sum((partsupp.ps_supplycost * (partsupp.ps_availqty)::numeric)) > $2)","Planned Partitions": 0,"HashAgg Batches": 1,"Peak Memory Usage": 17937,"Disk Usage": 0,"Rows Removed by Filter": 27288,"Plans": [{"Node Type": "Nested Loop","Parent Relationship": "Outer","Parallel Aware": false,"Async Capable": false,"Join Type": "Inner","Startup Cost": 7.81,"Total Cost": 4194.26,"Plan Rows": 32000,"Plan Width": 14,"Actual Startup Time": 0.423,"Actual Total Time": 185.679,"Actual Rows": 30080,"Actual Loops": 1,"Inner Unique": false,"Plans": [{"Node Type": "Nested Loop","Parent Relationship": "Outer","Parallel Aware": false,"Async Capable": false,"Join Type": "Inner","Startup Cost": 7.38,"Total Cost": 244.58,"Plan Rows": 400,"Plan Width": 4,"Actual Startup Time": 0.359,"Actual Total Time": 2.922,"Actual Rows": 376,"Actual Loops": 1,"Inner Unique": false,"Plans": [{"Node Type": "Seq Scan","Parent Relationship": "Outer","Parallel Aware": false,"Async Capable": false,"Relation Name": "nation","Alias": "nation","Startup Cost": 0.00,"Total Cost": 1.31,"Plan Rows": 1,"Plan Width": 4,"Actual Startup Time": 0.084,"Actual Total Time": 0.113,"Actual Rows": 1,"Actual Loops": 1,"Filter": "(n_name = 'KENYA'::bpchar)","Rows Removed by Filter": 24},{"Node Type": "Bitmap Heap Scan","Parent Relationship": "Inner","Parallel Aware": false,"Async Capable": false,"Relation Name": "supplier","Alias": "supplier","Startup Cost": 7.38,"Total Cost": 239.27,"Plan Rows": 400,"Plan Width": 8,"Actual Startup Time": 0.263,"Actual Total Time": 2.758,"Actual Rows": 376,"Actual Loops": 1,"Recheck Cond": "(s_nationkey = nation.n_nationkey)","Rows Removed by Index Recheck": 0,"Exact Heap Blocks": 179,"Lossy Heap Blocks": 0,"Plans": [{"Node Type": "Bitmap Index Scan","Parent Relationship": "Outer","Parallel Aware": false,"Async Capable": false,"Index Name": "idx_supplier_nation_key","Startup Cost": 0.00,"Total Cost": 7.29,"Plan Rows": 400,"Plan Width": 0,"Actual Startup Time": 0.183,"Actual Total Time": 0.184,"Actual Rows": 376,"Actual Loops": 1,"Index Cond": "(s_nationkey = nation.n_nationkey)"}]}]},{"Node Type": "Index Scan","Parent Relationship": "Inner","Parallel Aware": false,"Async Capable": false,"Scan Direction": "Forward","Index Name": "idx_partsupp_suppkey","Relation Name": "partsupp","Alias": "partsupp","Startup Cost": 0.42,"Total Cost": 9.07,"Plan Rows": 80,"Plan Width": 18,"Actual Startup Time": 0.018,"Actual Total Time": 0.474,"Actual Rows": 80,"Actual Loops": 376,"Index Cond": "(ps_suppkey = supplier.s_suppkey)","Rows Removed by Index Recheck": 0}]}]}]},"Planning Time": 5.474,"Triggers": [],"Execution Time": 416.886}]
[{"Plan": {"Node Type": "Sort","Parallel Aware": false,"Async Capable": false,"Startup Cost": 10142.20,"Total Cost": 10168.87,"Plan Rows": 10667,"Plan Width": 36,"Actual Startup Time": 460.724,"Actual Total Time": 460.840,"Actual Rows": 741,"Actual Loops": 1,"Sort Key": ["(sum((partsupp.ps_supplycost * (partsupp.ps_availqty)::numeric))) DESC"],"Sort Method": "quicksort","Sort Space Used": 65,"Sort Space Type": "Memory","Plans": [{"Node Type": "Aggregate","Strategy": "Plain","Partial Mode": "Simple","Parent Relationship": "InitPlan","Subplan Name": "InitPlan 1 (returns $2)","Parallel Aware": false,"Async Capable": false,"Startup Cost": 4434.26,"Total Cost": 4434.27,"Plan Rows": 1,"Plan Width": 32,"Actual Startup Time": 132.110,"Actual Total Time": 132.136,"Actual Rows": 1,"Actual Loops": 1,"Plans": [{"Node Type": "Nested Loop","Parent Relationship": "Outer","Parallel Aware": false,"Async Capable": false,"Join Type": "Inner","Startup Cost": 7.81,"Total Cost": 4194.26,"Plan Rows": 32000,"Plan Width": 10,"Actual Startup Time": 0.212,"Actual Total Time": 124.425,"Actual Rows": 33680,"Actual Loops": 1,"Inner Unique": false,"Plans": [{"Node Type": "Nested Loop","Parent Relationship": "Outer","Parallel Aware": false,"Async Capable": false,"Join Type": "Inner","Startup Cost": 7.38,"Total Cost": 244.58,"Plan Rows": 400,"Plan Width": 4,"Actual Startup Time": 0.146,"Actual Total Time": 1.771,"Actual Rows": 421,"Actual Loops": 1,"Inner Unique": false,"Plans": [{"Node Type": "Seq Scan","Parent Relationship": "Outer","Parallel Aware": false,"Async Capable": false,"Relation Name": "nation","Alias": "nation_1","Startup Cost": 0.00,"Total Cost": 1.31,"Plan Rows": 1,"Plan Width": 4,"Actual Startup Time": 0.036,"Actual Total Time": 0.052,"Actual Rows": 1,"Actual Loops": 1,"Filter": "(n_name = 'PERU'::bpchar)","Rows Removed by Filter": 24},{"Node Type": "Bitmap Heap Scan","Parent Relationship": "Inner","Parallel Aware": false,"Async Capable": false,"Relation Name": "supplier","Alias": "supplier_1","Startup Cost": 7.38,"Total Cost": 239.27,"Plan Rows": 400,"Plan Width": 8,"Actual Startup Time": 0.097,"Actual Total Time": 1.663,"Actual Rows": 421,"Actual Loops": 1,"Recheck Cond": "(s_nationkey = nation_1.n_nationkey)","Rows Removed by Index Recheck": 0,"Exact Heap Blocks": 187,"Lossy Heap Blocks": 0,"Plans": [{"Node Type": "Bitmap Index Scan","Parent Relationship": "Outer","Parallel Aware": false,"Async Capable": false,"Index Name": "idx_supplier_nation_key","Startup Cost": 0.00,"Total Cost": 7.29,"Plan Rows": 400,"Plan Width": 0,"Actual Startup Time": 0.063,"Actual Total Time": 0.070,"Actual Rows": 421,"Actual Loops": 1,"Index Cond": "(s_nationkey = nation_1.n_nationkey)"}]}]},{"Node Type": "Index Scan","Parent Relationship": "Inner","Parallel Aware": false,"Async Capable": false,"Scan Direction": "Forward","Index Name": "idx_partsupp_suppkey","Relation Name": "partsupp","Alias": "partsupp_1","Startup Cost": 0.42,"Total Cost": 9.07,"Plan Rows": 80,"Plan Width": 14,"Actual Startup Time": 0.014,"Actual Total Time": 0.279,"Actual Rows": 80,"Actual Loops": 421,"Index Cond": "(ps_suppkey = supplier_1.s_suppkey)","Rows Removed by Index Recheck": 0}]}]},{"Node Type": "Aggregate","Strategy": "Hashed","Partial Mode": "Simple","Parent Relationship": "Outer","Parallel Aware": false,"Async Capable": false,"Startup Cost": 4514.26,"Total Cost": 4994.26,"Plan Rows": 10667,"Plan Width": 36,"Actual Startup Time": 384.508,"Actual Total Time": 460.301,"Actual Rows": 741,"Actual Loops": 1,"Group Key": ["partsupp.ps_partkey"],"Filter": "(sum((partsupp.ps_supplycost * (partsupp.ps_availqty)::numeric)) > $2)","Planned Partitions": 0,"HashAgg Batches": 1,"Peak Memory Usage": 17937,"Disk Usage": 0,"Rows Removed by Filter": 30846,"Plans": [{"Node Type": "Nested Loop","Parent Relationship": "Outer","Parallel Aware": false,"Async Capable": false,"Join Type": "Inner","Startup Cost": 7.81,"Total Cost": 4194.26,"Plan Rows": 32000,"Plan Width": 14,"Actual Startup Time": 0.389,"Actual Total Time": 205.243,"Actual Rows": 33680,"Actual Loops": 1,"Inner Unique": false,"Plans": [{"Node Type": "Nested Loop","Parent Relationship": "Outer","Parallel Aware": false,"Async Capable": false,"Join Type": "Inner","Startup Cost": 7.38,"Total Cost": 244.58,"Plan Rows": 400,"Plan Width": 4,"Actual Startup Time": 0.332,"Actual Total Time": 2.785,"Actual Rows": 421,"Actual Loops": 1,"Inner Unique": false,"Plans": [{"Node Type": "Seq Scan","Parent Relationship": "Outer","Parallel Aware": false,"Async Capable": false,"Relation Name": "nation","Alias": "nation","Startup Cost": 0.00,"Total Cost": 1.31,"Plan Rows": 1,"Plan Width": 4,"Actual Startup Time": 0.057,"Actual Total Time": 0.075,"Actual Rows": 1,"Actual Loops": 1,"Filter": "(n_name = 'PERU'::bpchar)","Rows Removed by Filter": 24},{"Node Type": "Bitmap Heap Scan","Parent Relationship": "Inner","Parallel Aware": false,"Async Capable": false,"Relation Name": "supplier","Alias": "supplier","Startup Cost": 7.38,"Total Cost": 239.27,"Plan Rows": 400,"Plan Width": 8,"Actual Startup Time": 0.270,"Actual Total Time": 2.660,"Actual Rows": 421,"Actual Loops": 1,"Recheck Cond": "(s_nationkey = nation.n_nationkey)","Rows Removed by Index Recheck": 0,"Exact Heap Blocks": 187,"Lossy Heap Blocks": 0,"Plans": [{"Node Type": "Bitmap Index Scan","Parent Relationship": "Outer","Parallel Aware": false,"Async Capable": false,"Index Name": "idx_supplier_nation_key","Startup Cost": 0.00,"Total Cost": 7.29,"Plan Rows": 400,"Plan Width": 0,"Actual Startup Time": 0.195,"Actual Total Time": 0.196,"Actual Rows": 421,"Actual Loops": 1,"Index Cond": "(s_nationkey = nation.n_nationkey)"}]}]},{"Node Type": "Index Scan","Parent Relationship": "Inner","Parallel Aware": false,"Async Capable": false,"Scan Direction": "Forward","Index Name": "idx_partsupp_suppkey","Relation Name": "partsupp","Alias": "partsupp","Startup Cost": 0.42,"Total Cost": 9.07,"Plan Rows": 80,"Plan Width": 18,"Actual Startup Time": 0.018,"Actual Total Time": 0.469,"Actual Rows": 80,"Actual Loops": 421,"Index Cond": "(ps_suppkey = supplier.s_suppkey)","Rows Removed by Index Recheck": 0}]}]}]},"Planning Time": 6.964,"Triggers": [],"Execution Time": 464.153}]
[{"Plan": {"Node Type": "Sort","Parallel Aware": false,"Async Capable": false,"Startup Cost": 10142.20,"Total Cost": 10168.87,"Plan Rows": 10667,"Plan Width": 36,"Actual Startup Time": 460.124,"Actual Total Time": 460.279,"Actual Rows": 753,"Actual Loops": 1,"Sort Key": ["(sum((partsupp.ps_supplycost * (partsupp.ps_availqty)::numeric))) DESC"],"Sort Method": "quicksort","Sort Space Used": 66,"Sort Space Type": "Memory","Plans": [{"Node Type": "Aggregate","Strategy": "Plain","Partial Mode": "Simple","Parent Relationship": "InitPlan","Subplan Name": "InitPlan 1 (returns $2)","Parallel Aware": false,"Async Capable": false,"Startup Cost": 4434.26,"Total Cost": 4434.27,"Plan Rows": 1,"Plan Width": 32,"Actual Startup Time": 134.377,"Actual Total Time": 134.409,"Actual Rows": 1,"Actual Loops": 1,"Plans": [{"Node Type": "Nested Loop","Parent Relationship": "Outer","Parallel Aware": false,"Async Capable": false,"Join Type": "Inner","Startup Cost": 7.81,"Total Cost": 4194.26,"Plan Rows": 32000,"Plan Width": 10,"Actual Startup Time": 0.237,"Actual Total Time": 126.748,"Actual Rows": 33200,"Actual Loops": 1,"Inner Unique": false,"Plans": [{"Node Type": "Nested Loop","Parent Relationship": "Outer","Parallel Aware": false,"Async Capable": false,"Join Type": "Inner","Startup Cost": 7.38,"Total Cost": 244.58,"Plan Rows": 400,"Plan Width": 4,"Actual Startup Time": 0.181,"Actual Total Time": 1.854,"Actual Rows": 415,"Actual Loops": 1,"Inner Unique": false,"Plans": [{"Node Type": "Seq Scan","Parent Relationship": "Outer","Parallel Aware": false,"Async Capable": false,"Relation Name": "nation","Alias": "nation_1","Startup Cost": 0.00,"Total Cost": 1.31,"Plan Rows": 1,"Plan Width": 4,"Actual Startup Time": 0.049,"Actual Total Time": 0.067,"Actual Rows": 1,"Actual Loops": 1,"Filter": "(n_name = 'INDIA'::bpchar)","Rows Removed by Filter": 24},{"Node Type": "Bitmap Heap Scan","Parent Relationship": "Inner","Parallel Aware": false,"Async Capable": false,"Relation Name": "supplier","Alias": "supplier_1","Startup Cost": 7.38,"Total Cost": 239.27,"Plan Rows": 400,"Plan Width": 8,"Actual Startup Time": 0.112,"Actual Total Time": 1.723,"Actual Rows": 415,"Actual Loops": 1,"Recheck Cond": "(s_nationkey = nation_1.n_nationkey)","Rows Removed by Index Recheck": 0,"Exact Heap Blocks": 186,"Lossy Heap Blocks": 0,"Plans": [{"Node Type": "Bitmap Index Scan","Parent Relationship": "Outer","Parallel Aware": false,"Async Capable": false,"Index Name": "idx_supplier_nation_key","Startup Cost": 0.00,"Total Cost": 7.29,"Plan Rows": 400,"Plan Width": 0,"Actual Startup Time": 0.076,"Actual Total Time": 0.083,"Actual Rows": 415,"Actual Loops": 1,"Index Cond": "(s_nationkey = nation_1.n_nationkey)"}]}]},{"Node Type": "Index Scan","Parent Relationship": "Inner","Parallel Aware": false,"Async Capable": false,"Scan Direction": "Forward","Index Name": "idx_partsupp_suppkey","Relation Name": "partsupp","Alias": "partsupp_1","Startup Cost": 0.42,"Total Cost": 9.07,"Plan Rows": 80,"Plan Width": 14,"Actual Startup Time": 0.014,"Actual Total Time": 0.289,"Actual Rows": 80,"Actual Loops": 415,"Index Cond": "(ps_suppkey = supplier_1.s_suppkey)","Rows Removed by Index Recheck": 0}]}]},{"Node Type": "Aggregate","Strategy": "Hashed","Partial Mode": "Simple","Parent Relationship": "Outer","Parallel Aware": false,"Async Capable": false,"Startup Cost": 4514.26,"Total Cost": 4994.26,"Plan Rows": 10667,"Plan Width": 36,"Actual Startup Time": 384.255,"Actual Total Time": 459.696,"Actual Rows": 753,"Actual Loops": 1,"Group Key": ["partsupp.ps_partkey"],"Filter": "(sum((partsupp.ps_supplycost * (partsupp.ps_availqty)::numeric)) > $2)","Planned Partitions": 0,"HashAgg Batches": 1,"Peak Memory Usage": 17937,"Disk Usage": 0,"Rows Removed by Filter": 30329,"Plans": [{"Node Type": "Nested Loop","Parent Relationship": "Outer","Parallel Aware": false,"Async Capable": false,"Join Type": "Inner","Startup Cost": 7.81,"Total Cost": 4194.26,"Plan Rows": 32000,"Plan Width": 14,"Actual Startup Time": 0.331,"Actual Total Time": 205.215,"Actual Rows": 33200,"Actual Loops": 1,"Inner Unique": false,"Plans": [{"Node Type": "Nested Loop","Parent Relationship": "Outer","Parallel Aware": false,"Async Capable": false,"Join Type": "Inner","Startup Cost": 7.38,"Total Cost": 244.58,"Plan Rows": 400,"Plan Width": 4,"Actual Startup Time": 0.285,"Actual Total Time": 2.795,"Actual Rows": 415,"Actual Loops": 1,"Inner Unique": false,"Plans": [{"Node Type": "Seq Scan","Parent Relationship": "Outer","Parallel Aware": false,"Async Capable": false,"Relation Name": "nation","Alias": "nation","Startup Cost": 0.00,"Total Cost": 1.31,"Plan Rows": 1,"Plan Width": 4,"Actual Startup Time": 0.073,"Actual Total Time": 0.100,"Actual Rows": 1,"Actual Loops": 1,"Filter": "(n_name = 'INDIA'::bpchar)","Rows Removed by Filter": 24},{"Node Type": "Bitmap Heap Scan","Parent Relationship": "Inner","Parallel Aware": false,"Async Capable": false,"Relation Name": "supplier","Alias": "supplier","Startup Cost": 7.38,"Total Cost": 239.27,"Plan Rows": 400,"Plan Width": 8,"Actual Startup Time": 0.206,"Actual Total Time": 2.634,"Actual Rows": 415,"Actual Loops": 1,"Recheck Cond": "(s_nationkey = nation.n_nationkey)","Rows Removed by Index Recheck": 0,"Exact Heap Blocks": 186,"Lossy Heap Blocks": 0,"Plans": [{"Node Type": "Bitmap Index Scan","Parent Relationship": "Outer","Parallel Aware": false,"Async Capable": false,"Index Name": "idx_supplier_nation_key","Startup Cost": 0.00,"Total Cost": 7.29,"Plan Rows": 400,"Plan Width": 0,"Actual Startup Time": 0.132,"Actual Total Time": 0.135,"Actual Rows": 415,"Actual Loops": 1,"Index Cond": "(s_nationkey = nation.n_nationkey)"}]}]},{"Node Type": "Index Scan","Parent Relationship": "Inner","Parallel Aware": false,"Async Capable": false,"Scan Direction": "Forward","Index Name": "idx_partsupp_suppkey","Relation Name": "partsupp","Alias": "partsupp","Startup Cost": 0.42,"Total Cost": 9.07,"Plan Rows": 80,"Plan Width": 18,"Actual Startup Time": 0.019,"Actual Total Time": 0.476,"Actual Rows": 80,"Actual Loops": 415,"Index Cond": "(ps_suppkey = supplier.s_suppkey)","Rows Removed by Index Recheck": 0}]}]}]},"Planning Time": 5.856,"Triggers": [],"Execution Time": 463.781}]
[{"Plan": {"Node Type": "Sort","Parallel Aware": false,"Async Capable": false,"Startup Cost": 10142.20,"Total Cost": 10168.87,"Plan Rows": 10667,"Plan Width": 36,"Actual Startup Time": 460.124,"Actual Total Time": 460.279,"Actual Rows": 753,"Actual Loops": 1,"Sort Key": ["(sum((partsupp.ps_supplycost * (partsupp.ps_availqty)::numeric))) DESC"],"Sort Method": "quicksort","Sort Space Used": 66,"Sort Space Type": "Memory","Plans": [{"Node Type": "Aggregate","Strategy": "Plain","Partial Mode": "Simple","Parent Relationship": "InitPlan","Subplan Name": "InitPlan 1 (returns $2)","Parallel Aware": false,"Async Capable": false,"Startup Cost": 4434.26,"Total Cost": 4434.27,"Plan Rows": 1,"Plan Width": 32,"Actual Startup Time": 134.377,"Actual Total Time": 134.409,"Actual Rows": 1,"Actual Loops": 1,"Plans": [{"Node Type": "Nested Loop","Parent Relationship": "Outer","Parallel Aware": false,"Async Capable": false,"Join Type": "Inner","Startup Cost": 7.81,"Total Cost": 4194.26,"Plan Rows": 32000,"Plan Width": 10,"Actual Startup Time": 0.237,"Actual Total Time": 126.748,"Actual Rows": 33200,"Actual Loops": 1,"Inner Unique": false,"Plans": [{"Node Type": "Nested Loop","Parent Relationship": "Outer","Parallel Aware": false,"Async Capable": false,"Join Type": "Inner","Startup Cost": 7.38,"Total Cost": 244.58,"Plan Rows": 400,"Plan Width": 4,"Actual Startup Time": 0.181,"Actual Total Time": 1.854,"Actual Rows": 415,"Actual Loops": 1,"Inner Unique": false,"Plans": [{"Node Type": "Seq Scan","Parent Relationship": "Outer","Parallel Aware": false,"Async Capable": false,"Relation Name": "nation","Alias": "nation_1","Startup Cost": 0.00,"Total Cost": 1.31,"Plan Rows": 1,"Plan Width": 4,"Actual Startup Time": 0.049,"Actual Total Time": 0.067,"Actual Rows": 1,"Actual Loops": 1,"Filter": "(n_name = 'INDIA'::bpchar)","Rows Removed by Filter": 24},{"Node Type": "Bitmap Heap Scan","Parent Relationship": "Inner","Parallel Aware": false,"Async Capable": false,"Relation Name": "supplier","Alias": "supplier_1","Startup Cost": 7.38,"Total Cost": 239.27,"Plan Rows": 400,"Plan Width": 8,"Actual Startup Time": 0.112,"Actual Total Time": 1.723,"Actual Rows": 415,"Actual Loops": 1,"Recheck Cond": "(s_nationkey = nation_1.n_nationkey)","Rows Removed by Index Recheck": 0,"Exact Heap Blocks": 186,"Lossy Heap Blocks": 0,"Plans": [{"Node Type": "Bitmap Index Scan","Parent Relationship": "Outer","Parallel Aware": false,"Async Capable": false,"Index Name": "idx_supplier_nation_key","Startup Cost": 0.00,"Total Cost": 7.29,"Plan Rows": 400,"Plan Width": 0,"Actual Startup Time": 0.076,"Actual Total Time": 0.083,"Actual Rows": 415,"Actual Loops": 1,"Index Cond": "(s_nationkey = nation_1.n_nationkey)"}]}]},{"Node Type": "Index Scan","Parent Relationship": "Inner","Parallel Aware": false,"Async Capable": false,"Scan Direction": "Forward","Index Name": "idx_partsupp_suppkey","Relation Name": "partsupp","Alias": "partsupp_1","Startup Cost": 0.42,"Total Cost": 9.07,"Plan Rows": 80,"Plan Width": 14,"Actual Startup Time": 0.014,"Actual Total Time": 0.289,"Actual Rows": 80,"Actual Loops": 415,"Index Cond": "(ps_suppkey = supplier_1.s_suppkey)","Rows Removed by Index Recheck": 0}]}]},{"Node Type": "Aggregate","Strategy": "Hashed","Partial Mode": "Simple","Parent Relationship": "Outer","Parallel Aware": false,"Async Capable": false,"Startup Cost": 4514.26,"Total Cost": 4994.26,"Plan Rows": 10667,"Plan Width": 36,"Actual Startup Time": 384.255,"Actual Total Time": 459.696,"Actual Rows": 753,"Actual Loops": 1,"Group Key": ["partsupp.ps_partkey"],"Filter": "(sum((partsupp.ps_supplycost * (partsupp.ps_availqty)::numeric)) > $2)","Planned Partitions": 0,"HashAgg Batches": 1,"Peak Memory Usage": 17937,"Disk Usage": 0,"Rows Removed by Filter": 30329,"Plans": [{"Node Type": "Nested Loop","Parent Relationship": "Outer","Parallel Aware": false,"Async Capable": false,"Join Type": "Inner","Startup Cost": 7.81,"Total Cost": 4194.26,"Plan Rows": 32000,"Plan Width": 14,"Actual Startup Time": 0.331,"Actual Total Time": 205.215,"Actual Rows": 33200,"Actual Loops": 1,"Inner Unique": false,"Plans": [{"Node Type": "Nested Loop","Parent Relationship": "Outer","Parallel Aware": false,"Async Capable": false,"Join Type": "Inner","Startup Cost": 7.38,"Total Cost": 244.58,"Plan Rows": 400,"Plan Width": 4,"Actual Startup Time": 0.285,"Actual Total Time": 2.795,"Actual Rows": 415,"Actual Loops": 1,"Inner Unique": false,"Plans": [{"Node Type": "Seq Scan","Parent Relationship": "Outer","Parallel Aware": false,"Async Capable": false,"Relation Name": "nation","Alias": "nation","Startup Cost": 0.00,"Total Cost": 1.31,"Plan Rows": 1,"Plan Width": 4,"Actual Startup Time": 0.073,"Actual Total Time": 0.100,"Actual Rows": 1,"Actual Loops": 1,"Filter": "(n_name = 'INDIA'::bpchar)","Rows Removed by Filter": 24},{"Node Type": "Bitmap Heap Scan","Parent Relationship": "Inner","Parallel Aware": false,"Async Capable": false,"Relation Name": "supplier","Alias": "supplier","Startup Cost": 7.38,"Total Cost": 239.27,"Plan Rows": 400,"Plan Width": 8,"Actual Startup Time": 0.206,"Actual Total Time": 2.634,"Actual Rows": 415,"Actual Loops": 1,"Recheck Cond": "(s_nationkey = nation.n_nationkey)","Rows Removed by Index Recheck": 0,"Exact Heap Blocks": 186,"Lossy Heap Blocks": 0,"Plans": [{"Node Type": "Bitmap Index Scan","Parent Relationship": "Outer","Parallel Aware": false,"Async Capable": false,"Index Name": "idx_supplier_nation_key","Startup Cost": 0.00,"Total Cost": 7.29,"Plan Rows": 400,"Plan Width": 0,"Actual Startup Time": 0.132,"Actual Total Time": 0.135,"Actual Rows": 415,"Actual Loops": 1,"Index Cond": "(s_nationkey = nation.n_nationkey)"}]}]},{"Node Type": "Index Scan","Parent Relationship": "Inner","Parallel Aware": false,"Async Capable": false,"Scan Direction": "Forward","Index Name": "idx_partsupp_suppkey","Relation Name": "partsupp","Alias": "partsupp","Startup Cost": 0.42,"Total Cost": 9.07,"Plan Rows": 80,"Plan Width": 18,"Actual Startup Time": 0.019,"Actual Total Time": 0.476,"Actual Rows": 80,"Actual Loops": 415,"Index Cond": "(ps_suppkey = supplier.s_suppkey)","Rows Removed by Index Recheck": 0}]}]}]},"Planning Time": 5.856,"Triggers": [],"Execution Time": 463.781}]
[{"Plan": {"Node Type": "Sort","Parallel Aware": false,"Async Capable": false,"Startup Cost": 10142.20,"Total Cost": 10168.87,"Plan Rows": 10667,"Plan Width": 36,"Actual Startup Time": 454.370,"Actual Total Time": 454.495,"Actual Rows": 925,"Actual Loops": 1,"Sort Key": ["(sum((partsupp.ps_supplycost * (partsupp.ps_availqty)::numeric))) DESC"],"Sort Method": "quicksort","Sort Space Used": 75,"Sort Space Type": "Memory","Plans": [{"Node Type": "Aggregate","Strategy": "Plain","Partial Mode": "Simple","Parent Relationship": "InitPlan","Subplan Name": "InitPlan 1 (returns $2)","Parallel Aware": false,"Async Capable": false,"Startup Cost": 4434.26,"Total Cost": 4434.27,"Plan Rows": 1,"Plan Width": 32,"Actual Startup Time": 135.908,"Actual Total Time": 135.923,"Actual Rows": 1,"Actual Loops": 1,"Plans": [{"Node Type": "Nested Loop","Parent Relationship": "Outer","Parallel Aware": false,"Async Capable": false,"Join Type": "Inner","Startup Cost": 7.81,"Total Cost": 4194.26,"Plan Rows": 32000,"Plan Width": 10,"Actual Startup Time": 0.237,"Actual Total Time": 128.564,"Actual Rows": 31840,"Actual Loops": 1,"Inner Unique": false,"Plans": [{"Node Type": "Nested Loop","Parent Relationship": "Outer","Parallel Aware": false,"Async Capable": false,"Join Type": "Inner","Startup Cost": 7.38,"Total Cost": 244.58,"Plan Rows": 400,"Plan Width": 4,"Actual Startup Time": 0.190,"Actual Total Time": 1.776,"Actual Rows": 398,"Actual Loops": 1,"Inner Unique": false,"Plans": [{"Node Type": "Seq Scan","Parent Relationship": "Outer","Parallel Aware": false,"Async Capable": false,"Relation Name": "nation","Alias": "nation_1","Startup Cost": 0.00,"Total Cost": 1.31,"Plan Rows": 1,"Plan Width": 4,"Actual Startup Time": 0.045,"Actual Total Time": 0.060,"Actual Rows": 1,"Actual Loops": 1,"Filter": "(n_name = 'ROMANIA'::bpchar)","Rows Removed by Filter": 24},{"Node Type": "Bitmap Heap Scan","Parent Relationship": "Inner","Parallel Aware": false,"Async Capable": false,"Relation Name": "supplier","Alias": "supplier_1","Startup Cost": 7.38,"Total Cost": 239.27,"Plan Rows": 400,"Plan Width": 8,"Actual Startup Time": 0.127,"Actual Total Time": 1.656,"Actual Rows": 398,"Actual Loops": 1,"Recheck Cond": "(s_nationkey = nation_1.n_nationkey)","Rows Removed by Index Recheck": 0,"Exact Heap Blocks": 186,"Lossy Heap Blocks": 0,"Plans": [{"Node Type": "Bitmap Index Scan","Parent Relationship": "Outer","Parallel Aware": false,"Async Capable": false,"Index Name": "idx_supplier_nation_key","Startup Cost": 0.00,"Total Cost": 7.29,"Plan Rows": 400,"Plan Width": 0,"Actual Startup Time": 0.081,"Actual Total Time": 0.084,"Actual Rows": 398,"Actual Loops": 1,"Index Cond": "(s_nationkey = nation_1.n_nationkey)"}]}]},{"Node Type": "Index Scan","Parent Relationship": "Inner","Parallel Aware": false,"Async Capable": false,"Scan Direction": "Forward","Index Name": "idx_partsupp_suppkey","Relation Name": "partsupp","Alias": "partsupp_1","Startup Cost": 0.42,"Total Cost": 9.07,"Plan Rows": 80,"Plan Width": 14,"Actual Startup Time": 0.015,"Actual Total Time": 0.306,"Actual Rows": 80,"Actual Loops": 398,"Index Cond": "(ps_suppkey = supplier_1.s_suppkey)","Rows Removed by Index Recheck": 0}]}]},{"Node Type": "Aggregate","Strategy": "Hashed","Partial Mode": "Simple","Parent Relationship": "Outer","Parallel Aware": false,"Async Capable": false,"Startup Cost": 4514.26,"Total Cost": 4994.26,"Plan Rows": 10667,"Plan Width": 36,"Actual Startup Time": 383.049,"Actual Total Time": 453.972,"Actual Rows": 925,"Actual Loops": 1,"Group Key": ["partsupp.ps_partkey"],"Filter": "(sum((partsupp.ps_supplycost * (partsupp.ps_availqty)::numeric)) > $2)","Planned Partitions": 0,"HashAgg Batches": 1,"Peak Memory Usage": 17937,"Disk Usage": 0,"Rows Removed by Filter": 29106,"Plans": [{"Node Type": "Nested Loop","Parent Relationship": "Outer","Parallel Aware": false,"Async Capable": false,"Join Type": "Inner","Startup Cost": 7.81,"Total Cost": 4194.26,"Plan Rows": 32000,"Plan Width": 14,"Actual Startup Time": 0.324,"Actual Total Time": 197.326,"Actual Rows": 31840,"Actual Loops": 1,"Inner Unique": false,"Plans": [{"Node Type": "Nested Loop","Parent Relationship": "Outer","Parallel Aware": false,"Async Capable": false,"Join Type": "Inner","Startup Cost": 7.38,"Total Cost": 244.58,"Plan Rows": 400,"Plan Width": 4,"Actual Startup Time": 0.245,"Actual Total Time": 2.763,"Actual Rows": 398,"Actual Loops": 1,"Inner Unique": false,"Plans": [{"Node Type": "Seq Scan","Parent Relationship": "Outer","Parallel Aware": false,"Async Capable": false,"Relation Name": "nation","Alias": "nation","Startup Cost": 0.00,"Total Cost": 1.31,"Plan Rows": 1,"Plan Width": 4,"Actual Startup Time": 0.070,"Actual Total Time": 0.094,"Actual Rows": 1,"Actual Loops": 1,"Filter": "(n_name = 'ROMANIA'::bpchar)","Rows Removed by Filter": 24},{"Node Type": "Bitmap Heap Scan","Parent Relationship": "Inner","Parallel Aware": false,"Async Capable": false,"Relation Name": "supplier","Alias": "supplier","Startup Cost": 7.38,"Total Cost": 239.27,"Plan Rows": 400,"Plan Width": 8,"Actual Startup Time": 0.167,"Actual Total Time": 2.613,"Actual Rows": 398,"Actual Loops": 1,"Recheck Cond": "(s_nationkey = nation.n_nationkey)","Rows Removed by Index Recheck": 0,"Exact Heap Blocks": 186,"Lossy Heap Blocks": 0,"Plans": [{"Node Type": "Bitmap Index Scan","Parent Relationship": "Outer","Parallel Aware": false,"Async Capable": false,"Index Name": "idx_supplier_nation_key","Startup Cost": 0.00,"Total Cost": 7.29,"Plan Rows": 400,"Plan Width": 0,"Actual Startup Time": 0.108,"Actual Total Time": 0.110,"Actual Rows": 398,"Actual Loops": 1,"Index Cond": "(s_nationkey = nation.n_nationkey)"}]}]},{"Node Type": "Index Scan","Parent Relationship": "Inner","Parallel Aware": false,"Async Capable": false,"Scan Direction": "Forward","Index Name": "idx_partsupp_suppkey","Relation Name": "partsupp","Alias": "partsupp","Startup Cost": 0.42,"Total Cost": 9.07,"Plan Rows": 80,"Plan Width": 18,"Actual Startup Time": 0.020,"Actual Total Time": 0.477,"Actual Rows": 80,"Actual Loops": 398,"Index Cond": "(ps_suppkey = supplier.s_suppkey)","Rows Removed by Index Recheck": 0}]}]}]},"Planning Time": 5.113,"Triggers": [],"Execution Time": 456.866}]
[{"Plan": {"Node Type": "Sort","Parallel Aware": false,"Async Capable": false,"Startup Cost": 10142.20,"Total Cost": 10168.87,"Plan Rows": 10667,"Plan Width": 36,"Actual Startup Time": 451.065,"Actual Total Time": 451.181,"Actual Rows": 838,"Actual Loops": 1,"Sort Key": ["(sum((partsupp.ps_supplycost * (partsupp.ps_availqty)::numeric))) DESC"],"Sort Method": "quicksort","Sort Space Used": 70,"Sort Space Type": "Memory","Plans": [{"Node Type": "Aggregate","Strategy": "Plain","Partial Mode": "Simple","Parent Relationship": "InitPlan","Subplan Name": "InitPlan 1 (returns $2)","Parallel Aware": false,"Async Capable": false,"Startup Cost": 4434.26,"Total Cost": 4434.27,"Plan Rows": 1,"Plan Width": 32,"Actual Startup Time": 132.717,"Actual Total Time": 132.742,"Actual Rows": 1,"Actual Loops": 1,"Plans": [{"Node Type": "Nested Loop","Parent Relationship": "Outer","Parallel Aware": false,"Async Capable": false,"Join Type": "Inner","Startup Cost": 7.81,"Total Cost": 4194.26,"Plan Rows": 32000,"Plan Width": 10,"Actual Startup Time": 0.228,"Actual Total Time": 125.275,"Actual Rows": 32480,"Actual Loops": 1,"Inner Unique": false,"Plans": [{"Node Type": "Nested Loop","Parent Relationship": "Outer","Parallel Aware": false,"Async Capable": false,"Join Type": "Inner","Startup Cost": 7.38,"Total Cost": 244.58,"Plan Rows": 400,"Plan Width": 4,"Actual Startup Time": 0.174,"Actual Total Time": 1.839,"Actual Rows": 406,"Actual Loops": 1,"Inner Unique": false,"Plans": [{"Node Type": "Seq Scan","Parent Relationship": "Outer","Parallel Aware": false,"Async Capable": false,"Relation Name": "nation","Alias": "nation_1","Startup Cost": 0.00,"Total Cost": 1.31,"Plan Rows": 1,"Plan Width": 4,"Actual Startup Time": 0.052,"Actual Total Time": 0.067,"Actual Rows": 1,"Actual Loops": 1,"Filter": "(n_name = 'MOZAMBIQUE'::bpchar)","Rows Removed by Filter": 24},{"Node Type": "Bitmap Heap Scan","Parent Relationship": "Inner","Parallel Aware": false,"Async Capable": false,"Relation Name": "supplier","Alias": "supplier_1","Startup Cost": 7.38,"Total Cost": 239.27,"Plan Rows": 400,"Plan Width": 8,"Actual Startup Time": 0.112,"Actual Total Time": 1.721,"Actual Rows": 406,"Actual Loops": 1,"Recheck Cond": "(s_nationkey = nation_1.n_nationkey)","Rows Removed by Index Recheck": 0,"Exact Heap Blocks": 186,"Lossy Heap Blocks": 0,"Plans": [{"Node Type": "Bitmap Index Scan","Parent Relationship": "Outer","Parallel Aware": false,"Async Capable": false,"Index Name": "idx_supplier_nation_key","Startup Cost": 0.00,"Total Cost": 7.29,"Plan Rows": 400,"Plan Width": 0,"Actual Startup Time": 0.075,"Actual Total Time": 0.080,"Actual Rows": 406,"Actual Loops": 1,"Index Cond": "(s_nationkey = nation_1.n_nationkey)"}]}]},{"Node Type": "Index Scan","Parent Relationship": "Inner","Parallel Aware": false,"Async Capable": false,"Scan Direction": "Forward","Index Name": "idx_partsupp_suppkey","Relation Name": "partsupp","Alias": "partsupp_1","Startup Cost": 0.42,"Total Cost": 9.07,"Plan Rows": 80,"Plan Width": 14,"Actual Startup Time": 0.015,"Actual Total Time": 0.292,"Actual Rows": 80,"Actual Loops": 406,"Index Cond": "(ps_suppkey = supplier_1.s_suppkey)","Rows Removed by Index Recheck": 0}]}]},{"Node Type": "Aggregate","Strategy": "Hashed","Partial Mode": "Simple","Parent Relationship": "Outer","Parallel Aware": false,"Async Capable": false,"Startup Cost": 4514.26,"Total Cost": 4994.26,"Plan Rows": 10667,"Plan Width": 36,"Actual Startup Time": 378.862,"Actual Total Time": 450.673,"Actual Rows": 838,"Actual Loops": 1,"Group Key": ["partsupp.ps_partkey"],"Filter": "(sum((partsupp.ps_supplycost * (partsupp.ps_availqty)::numeric)) > $2)","Planned Partitions": 0,"HashAgg Batches": 1,"Peak Memory Usage": 17937,"Disk Usage": 0,"Rows Removed by Filter": 29832,"Plans": [{"Node Type": "Nested Loop","Parent Relationship": "Outer","Parallel Aware": false,"Async Capable": false,"Join Type": "Inner","Startup Cost": 7.81,"Total Cost": 4194.26,"Plan Rows": 32000,"Plan Width": 14,"Actual Startup Time": 0.382,"Actual Total Time": 202.282,"Actual Rows": 32480,"Actual Loops": 1,"Inner Unique": false,"Plans": [{"Node Type": "Nested Loop","Parent Relationship": "Outer","Parallel Aware": false,"Async Capable": false,"Join Type": "Inner","Startup Cost": 7.38,"Total Cost": 244.58,"Plan Rows": 400,"Plan Width": 4,"Actual Startup Time": 0.293,"Actual Total Time": 2.810,"Actual Rows": 406,"Actual Loops": 1,"Inner Unique": false,"Plans": [{"Node Type": "Seq Scan","Parent Relationship": "Outer","Parallel Aware": false,"Async Capable": false,"Relation Name": "nation","Alias": "nation","Startup Cost": 0.00,"Total Cost": 1.31,"Plan Rows": 1,"Plan Width": 4,"Actual Startup Time": 0.067,"Actual Total Time": 0.098,"Actual Rows": 1,"Actual Loops": 1,"Filter": "(n_name = 'MOZAMBIQUE'::bpchar)","Rows Removed by Filter": 24},{"Node Type": "Bitmap Heap Scan","Parent Relationship": "Inner","Parallel Aware": false,"Async Capable": false,"Relation Name": "supplier","Alias": "supplier","Startup Cost": 7.38,"Total Cost": 239.27,"Plan Rows": 400,"Plan Width": 8,"Actual Startup Time": 0.220,"Actual Total Time": 2.658,"Actual Rows": 406,"Actual Loops": 1,"Recheck Cond": "(s_nationkey = nation.n_nationkey)","Rows Removed by Index Recheck": 0,"Exact Heap Blocks": 186,"Lossy Heap Blocks": 0,"Plans": [{"Node Type": "Bitmap Index Scan","Parent Relationship": "Outer","Parallel Aware": false,"Async Capable": false,"Index Name": "idx_supplier_nation_key","Startup Cost": 0.00,"Total Cost": 7.29,"Plan Rows": 400,"Plan Width": 0,"Actual Startup Time": 0.147,"Actual Total Time": 0.149,"Actual Rows": 406,"Actual Loops": 1,"Index Cond": "(s_nationkey = nation.n_nationkey)"}]}]},{"Node Type": "Index Scan","Parent Relationship": "Inner","Parallel Aware": false,"Async Capable": false,"Scan Direction": "Forward","Index Name": "idx_partsupp_suppkey","Relation Name": "partsupp","Alias": "partsupp","Startup Cost": 0.42,"Total Cost": 9.07,"Plan Rows": 80,"Plan Width": 18,"Actual Startup Time": 0.020,"Actual Total Time": 0.480,"Actual Rows": 80,"Actual Loops": 406,"Index Cond": "(ps_suppkey = supplier.s_suppkey)","Rows Removed by Index Recheck": 0}]}]}]},"Planning Time": 6.783,"Triggers": [],"Execution Time": 454.405}]
[{"Plan": {"Node Type": "Sort","Parallel Aware": false,"Async Capable": false,"Startup Cost": 10142.20,"Total Cost": 10168.87,"Plan Rows": 10667,"Plan Width": 36,"Actual Startup Time": 448.636,"Actual Total Time": 448.779,"Actual Rows": 979,"Actual Loops": 1,"Sort Key": ["(sum((partsupp.ps_supplycost * (partsupp.ps_availqty)::numeric))) DESC"],"Sort Method": "quicksort","Sort Space Used": 78,"Sort Space Type": "Memory","Plans": [{"Node Type": "Aggregate","Strategy": "Plain","Partial Mode": "Simple","Parent Relationship": "InitPlan","Subplan Name": "InitPlan 1 (returns $2)","Parallel Aware": false,"Async Capable": false,"Startup Cost": 4434.26,"Total Cost": 4434.27,"Plan Rows": 1,"Plan Width": 32,"Actual Startup Time": 130.424,"Actual Total Time": 130.461,"Actual Rows": 1,"Actual Loops": 1,"Plans": [{"Node Type": "Nested Loop","Parent Relationship": "Outer","Parallel Aware": false,"Async Capable": false,"Join Type": "Inner","Startup Cost": 7.81,"Total Cost": 4194.26,"Plan Rows": 32000,"Plan Width": 10,"Actual Startup Time": 0.191,"Actual Total Time": 123.113,"Actual Rows": 31920,"Actual Loops": 1,"Inner Unique": false,"Plans": [{"Node Type": "Nested Loop","Parent Relationship": "Outer","Parallel Aware": false,"Async Capable": false,"Join Type": "Inner","Startup Cost": 7.38,"Total Cost": 244.58,"Plan Rows": 400,"Plan Width": 4,"Actual Startup Time": 0.152,"Actual Total Time": 1.823,"Actual Rows": 399,"Actual Loops": 1,"Inner Unique": false,"Plans": [{"Node Type": "Seq Scan","Parent Relationship": "Outer","Parallel Aware": false,"Async Capable": false,"Relation Name": "nation","Alias": "nation_1","Startup Cost": 0.00,"Total Cost": 1.31,"Plan Rows": 1,"Plan Width": 4,"Actual Startup Time": 0.042,"Actual Total Time": 0.060,"Actual Rows": 1,"Actual Loops": 1,"Filter": "(n_name = 'VIETNAM'::bpchar)","Rows Removed by Filter": 24},{"Node Type": "Bitmap Heap Scan","Parent Relationship": "Inner","Parallel Aware": false,"Async Capable": false,"Relation Name": "supplier","Alias": "supplier_1","Startup Cost": 7.38,"Total Cost": 239.27,"Plan Rows": 400,"Plan Width": 8,"Actual Startup Time": 0.095,"Actual Total Time": 1.696,"Actual Rows": 399,"Actual Loops": 1,"Recheck Cond": "(s_nationkey = nation_1.n_nationkey)","Rows Removed by Index Recheck": 0,"Exact Heap Blocks": 191,"Lossy Heap Blocks": 0,"Plans": [{"Node Type": "Bitmap Index Scan","Parent Relationship": "Outer","Parallel Aware": false,"Async Capable": false,"Index Name": "idx_supplier_nation_key","Startup Cost": 0.00,"Total Cost": 7.29,"Plan Rows": 400,"Plan Width": 0,"Actual Startup Time": 0.057,"Actual Total Time": 0.061,"Actual Rows": 399,"Actual Loops": 1,"Index Cond": "(s_nationkey = nation_1.n_nationkey)"}]}]},{"Node Type": "Index Scan","Parent Relationship": "Inner","Parallel Aware": false,"Async Capable": false,"Scan Direction": "Forward","Index Name": "idx_partsupp_suppkey","Relation Name": "partsupp","Alias": "partsupp_1","Startup Cost": 0.42,"Total Cost": 9.07,"Plan Rows": 80,"Plan Width": 14,"Actual Startup Time": 0.014,"Actual Total Time": 0.292,"Actual Rows": 80,"Actual Loops": 399,"Index Cond": "(ps_suppkey = supplier_1.s_suppkey)","Rows Removed by Index Recheck": 0}]}]},{"Node Type": "Aggregate","Strategy": "Hashed","Partial Mode": "Simple","Parent Relationship": "Outer","Parallel Aware": false,"Async Capable": false,"Startup Cost": 4514.26,"Total Cost": 4994.26,"Plan Rows": 10667,"Plan Width": 36,"Actual Startup Time": 376.224,"Actual Total Time": 448.108,"Actual Rows": 979,"Actual Loops": 1,"Group Key": ["partsupp.ps_partkey"],"Filter": "(sum((partsupp.ps_supplycost * (partsupp.ps_availqty)::numeric)) > $2)","Planned Partitions": 0,"HashAgg Batches": 1,"Peak Memory Usage": 17937,"Disk Usage": 0,"Rows Removed by Filter": 29153,"Plans": [{"Node Type": "Nested Loop","Parent Relationship": "Outer","Parallel Aware": false,"Async Capable": false,"Join Type": "Inner","Startup Cost": 7.81,"Total Cost": 4194.26,"Plan Rows": 32000,"Plan Width": 14,"Actual Startup Time": 0.359,"Actual Total Time": 202.215,"Actual Rows": 31920,"Actual Loops": 1,"Inner Unique": false,"Plans": [{"Node Type": "Nested Loop","Parent Relationship": "Outer","Parallel Aware": false,"Async Capable": false,"Join Type": "Inner","Startup Cost": 7.38,"Total Cost": 244.58,"Plan Rows": 400,"Plan Width": 4,"Actual Startup Time": 0.271,"Actual Total Time": 2.875,"Actual Rows": 399,"Actual Loops": 1,"Inner Unique": false,"Plans": [{"Node Type": "Seq Scan","Parent Relationship": "Outer","Parallel Aware": false,"Async Capable": false,"Relation Name": "nation","Alias": "nation","Startup Cost": 0.00,"Total Cost": 1.31,"Plan Rows": 1,"Plan Width": 4,"Actual Startup Time": 0.081,"Actual Total Time": 0.101,"Actual Rows": 1,"Actual Loops": 1,"Filter": "(n_name = 'VIETNAM'::bpchar)","Rows Removed by Filter": 24},{"Node Type": "Bitmap Heap Scan","Parent Relationship": "Inner","Parallel Aware": false,"Async Capable": false,"Relation Name": "supplier","Alias": "supplier","Startup Cost": 7.38,"Total Cost": 239.27,"Plan Rows": 400,"Plan Width": 8,"Actual Startup Time": 0.181,"Actual Total Time": 2.716,"Actual Rows": 399,"Actual Loops": 1,"Recheck Cond": "(s_nationkey = nation.n_nationkey)","Rows Removed by Index Recheck": 0,"Exact Heap Blocks": 191,"Lossy Heap Blocks": 0,"Plans": [{"Node Type": "Bitmap Index Scan","Parent Relationship": "Outer","Parallel Aware": false,"Async Capable": false,"Index Name": "idx_supplier_nation_key","Startup Cost": 0.00,"Total Cost": 7.29,"Plan Rows": 400,"Plan Width": 0,"Actual Startup Time": 0.120,"Actual Total Time": 0.121,"Actual Rows": 399,"Actual Loops": 1,"Index Cond": "(s_nationkey = nation.n_nationkey)"}]}]},{"Node Type": "Index Scan","Parent Relationship": "Inner","Parallel Aware": false,"Async Capable": false,"Scan Direction": "Forward","Index Name": "idx_partsupp_suppkey","Relation Name": "partsupp","Alias": "partsupp","Startup Cost": 0.42,"Total Cost": 9.07,"Plan Rows": 80,"Plan Width": 18,"Actual Startup Time": 0.019,"Actual Total Time": 0.488,"Actual Rows": 80,"Actual Loops": 399,"Index Cond": "(ps_suppkey = supplier.s_suppkey)","Rows Removed by Index Recheck": 0}]}]}]},"Planning Time": 6.254,"Triggers": [],"Execution Time": 451.997}]
[{"Plan": {"Node Type": "Sort","Parallel Aware": false,"Async Capable": false,"Startup Cost": 10142.20,"Total Cost": 10168.87,"Plan Rows": 10667,"Plan Width": 36,"Actual Startup Time": 452.788,"Actual Total Time": 452.912,"Actual Rows": 869,"Actual Loops": 1,"Sort Key": ["(sum((partsupp.ps_supplycost * (partsupp.ps_availqty)::numeric))) DESC"],"Sort Method": "quicksort","Sort Space Used": 72,"Sort Space Type": "Memory","Plans": [{"Node Type": "Aggregate","Strategy": "Plain","Partial Mode": "Simple","Parent Relationship": "InitPlan","Subplan Name": "InitPlan 1 (returns $2)","Parallel Aware": false,"Async Capable": false,"Startup Cost": 4434.26,"Total Cost": 4434.27,"Plan Rows": 1,"Plan Width": 32,"Actual Startup Time": 133.523,"Actual Total Time": 133.544,"Actual Rows": 1,"Actual Loops": 1,"Plans": [{"Node Type": "Nested Loop","Parent Relationship": "Outer","Parallel Aware": false,"Async Capable": false,"Join Type": "Inner","Startup Cost": 7.81,"Total Cost": 4194.26,"Plan Rows": 32000,"Plan Width": 10,"Actual Startup Time": 0.165,"Actual Total Time": 126.080,"Actual Rows": 32560,"Actual Loops": 1,"Inner Unique": false,"Plans": [{"Node Type": "Nested Loop","Parent Relationship": "Outer","Parallel Aware": false,"Async Capable": false,"Join Type": "Inner","Startup Cost": 7.38,"Total Cost": 244.58,"Plan Rows": 400,"Plan Width": 4,"Actual Startup Time": 0.133,"Actual Total Time": 1.798,"Actual Rows": 407,"Actual Loops": 1,"Inner Unique": false,"Plans": [{"Node Type": "Seq Scan","Parent Relationship": "Outer","Parallel Aware": false,"Async Capable": false,"Relation Name": "nation","Alias": "nation_1","Startup Cost": 0.00,"Total Cost": 1.31,"Plan Rows": 1,"Plan Width": 4,"Actual Startup Time": 0.028,"Actual Total Time": 0.044,"Actual Rows": 1,"Actual Loops": 1,"Filter": "(n_name = 'CHINA'::bpchar)","Rows Removed by Filter": 24},{"Node Type": "Bitmap Heap Scan","Parent Relationship": "Inner","Parallel Aware": false,"Async Capable": false,"Relation Name": "supplier","Alias": "supplier_1","Startup Cost": 7.38,"Total Cost": 239.27,"Plan Rows": 400,"Plan Width": 8,"Actual Startup Time": 0.091,"Actual Total Time": 1.697,"Actual Rows": 407,"Actual Loops": 1,"Recheck Cond": "(s_nationkey = nation_1.n_nationkey)","Rows Removed by Index Recheck": 0,"Exact Heap Blocks": 186,"Lossy Heap Blocks": 0,"Plans": [{"Node Type": "Bitmap Index Scan","Parent Relationship": "Outer","Parallel Aware": false,"Async Capable": false,"Index Name": "idx_supplier_nation_key","Startup Cost": 0.00,"Total Cost": 7.29,"Plan Rows": 400,"Plan Width": 0,"Actual Startup Time": 0.055,"Actual Total Time": 0.061,"Actual Rows": 407,"Actual Loops": 1,"Index Cond": "(s_nationkey = nation_1.n_nationkey)"}]}]},{"Node Type": "Index Scan","Parent Relationship": "Inner","Parallel Aware": false,"Async Capable": false,"Scan Direction": "Forward","Index Name": "idx_partsupp_suppkey","Relation Name": "partsupp","Alias": "partsupp_1","Startup Cost": 0.42,"Total Cost": 9.07,"Plan Rows": 80,"Plan Width": 14,"Actual Startup Time": 0.014,"Actual Total Time": 0.293,"Actual Rows": 80,"Actual Loops": 407,"Index Cond": "(ps_suppkey = supplier_1.s_suppkey)","Rows Removed by Index Recheck": 0}]}]},{"Node Type": "Aggregate","Strategy": "Hashed","Partial Mode": "Simple","Parent Relationship": "Outer","Parallel Aware": false,"Async Capable": false,"Startup Cost": 4514.26,"Total Cost": 4994.26,"Plan Rows": 10667,"Plan Width": 36,"Actual Startup Time": 377.714,"Actual Total Time": 452.344,"Actual Rows": 869,"Actual Loops": 1,"Group Key": ["partsupp.ps_partkey"],"Filter": "(sum((partsupp.ps_supplycost * (partsupp.ps_availqty)::numeric)) > $2)","Planned Partitions": 0,"HashAgg Batches": 1,"Peak Memory Usage": 17937,"Disk Usage": 0,"Rows Removed by Filter": 29770,"Plans": [{"Node Type": "Nested Loop","Parent Relationship": "Outer","Parallel Aware": false,"Async Capable": false,"Join Type": "Inner","Startup Cost": 7.81,"Total Cost": 4194.26,"Plan Rows": 32000,"Plan Width": 14,"Actual Startup Time": 0.336,"Actual Total Time": 203.001,"Actual Rows": 32560,"Actual Loops": 1,"Inner Unique": false,"Plans": [{"Node Type": "Nested Loop","Parent Relationship": "Outer","Parallel Aware": false,"Async Capable": false,"Join Type": "Inner","Startup Cost": 7.38,"Total Cost": 244.58,"Plan Rows": 400,"Plan Width": 4,"Actual Startup Time": 0.273,"Actual Total Time": 2.796,"Actual Rows": 407,"Actual Loops": 1,"Inner Unique": false,"Plans": [{"Node Type": "Seq Scan","Parent Relationship": "Outer","Parallel Aware": false,"Async Capable": false,"Relation Name": "nation","Alias": "nation","Startup Cost": 0.00,"Total Cost": 1.31,"Plan Rows": 1,"Plan Width": 4,"Actual Startup Time": 0.063,"Actual Total Time": 0.079,"Actual Rows": 1,"Actual Loops": 1,"Filter": "(n_name = 'CHINA'::bpchar)","Rows Removed by Filter": 24},{"Node Type": "Bitmap Heap Scan","Parent Relationship": "Inner","Parallel Aware": false,"Async Capable": false,"Relation Name": "supplier","Alias": "supplier","Startup Cost": 7.38,"Total Cost": 239.27,"Plan Rows": 400,"Plan Width": 8,"Actual Startup Time": 0.204,"Actual Total Time": 2.666,"Actual Rows": 407,"Actual Loops": 1,"Recheck Cond": "(s_nationkey = nation.n_nationkey)","Rows Removed by Index Recheck": 0,"Exact Heap Blocks": 186,"Lossy Heap Blocks": 0,"Plans": [{"Node Type": "Bitmap Index Scan","Parent Relationship": "Outer","Parallel Aware": false,"Async Capable": false,"Index Name": "idx_supplier_nation_key","Startup Cost": 0.00,"Total Cost": 7.29,"Plan Rows": 400,"Plan Width": 0,"Actual Startup Time": 0.129,"Actual Total Time": 0.129,"Actual Rows": 407,"Actual Loops": 1,"Index Cond": "(s_nationkey = nation.n_nationkey)"}]}]},{"Node Type": "Index Scan","Parent Relationship": "Inner","Parallel Aware": false,"Async Capable": false,"Scan Direction": "Forward","Index Name": "idx_partsupp_suppkey","Relation Name": "partsupp","Alias": "partsupp","Startup Cost": 0.42,"Total Cost": 9.07,"Plan Rows": 80,"Plan Width": 18,"Actual Startup Time": 0.020,"Actual Total Time": 0.480,"Actual Rows": 80,"Actual Loops": 407,"Index Cond": "(ps_suppkey = supplier.s_suppkey)","Rows Removed by Index Recheck": 0}]}]}]},"Planning Time": 7.317,"Triggers": [],"Execution Time": 456.700}]
[{"Plan": {"Node Type": "Sort","Parallel Aware": false,"Async Capable": false,"Startup Cost": 10142.20,"Total Cost": 10168.87,"Plan Rows": 10667,"Plan Width": 36,"Actual Startup Time": 413.680,"Actual Total Time": 413.810,"Actual Rows": 1217,"Actual Loops": 1,"Sort Key": ["(sum((partsupp.ps_supplycost * (partsupp.ps_availqty)::numeric))) DESC"],"Sort Method": "quicksort","Sort Space Used": 115,"Sort Space Type": "Memory","Plans": [{"Node Type": "Aggregate","Strategy": "Plain","Partial Mode": "Simple","Parent Relationship": "InitPlan","Subplan Name": "InitPlan 1 (returns $2)","Parallel Aware": false,"Async Capable": false,"Startup Cost": 4434.26,"Total Cost": 4434.27,"Plan Rows": 1,"Plan Width": 32,"Actual Startup Time": 121.350,"Actual Total Time": 121.366,"Actual Rows": 1,"Actual Loops": 1,"Plans": [{"Node Type": "Nested Loop","Parent Relationship": "Outer","Parallel Aware": false,"Async Capable": false,"Join Type": "Inner","Startup Cost": 7.81,"Total Cost": 4194.26,"Plan Rows": 32000,"Plan Width": 10,"Actual Startup Time": 0.211,"Actual Total Time": 114.479,"Actual Rows": 30080,"Actual Loops": 1,"Inner Unique": false,"Plans": [{"Node Type": "Nested Loop","Parent Relationship": "Outer","Parallel Aware": false,"Async Capable": false,"Join Type": "Inner","Startup Cost": 7.38,"Total Cost": 244.58,"Plan Rows": 400,"Plan Width": 4,"Actual Startup Time": 0.161,"Actual Total Time": 1.670,"Actual Rows": 376,"Actual Loops": 1,"Inner Unique": false,"Plans": [{"Node Type": "Seq Scan","Parent Relationship": "Outer","Parallel Aware": false,"Async Capable": false,"Relation Name": "nation","Alias": "nation_1","Startup Cost": 0.00,"Total Cost": 1.31,"Plan Rows": 1,"Plan Width": 4,"Actual Startup Time": 0.026,"Actual Total Time": 0.039,"Actual Rows": 1,"Actual Loops": 1,"Filter": "(n_name = 'KENYA'::bpchar)","Rows Removed by Filter": 24},{"Node Type": "Bitmap Heap Scan","Parent Relationship": "Inner","Parallel Aware": false,"Async Capable": false,"Relation Name": "supplier","Alias": "supplier_1","Startup Cost": 7.38,"Total Cost": 239.27,"Plan Rows": 400,"Plan Width": 8,"Actual Startup Time": 0.113,"Actual Total Time": 1.571,"Actual Rows": 376,"Actual Loops": 1,"Recheck Cond": "(s_nationkey = nation_1.n_nationkey)","Rows Removed by Index Recheck": 0,"Exact Heap Blocks": 179,"Lossy Heap Blocks": 0,"Plans": [{"Node Type": "Bitmap Index Scan","Parent Relationship": "Outer","Parallel Aware": false,"Async Capable": false,"Index Name": "idx_supplier_nation_key","Startup Cost": 0.00,"Total Cost": 7.29,"Plan Rows": 400,"Plan Width": 0,"Actual Startup Time": 0.082,"Actual Total Time": 0.086,"Actual Rows": 376,"Actual Loops": 1,"Index Cond": "(s_nationkey = nation_1.n_nationkey)"}]}]},{"Node Type": "Index Scan","Parent Relationship": "Inner","Parallel Aware": false,"Async Capable": false,"Scan Direction": "Forward","Index Name": "idx_partsupp_suppkey","Relation Name": "partsupp","Alias": "partsupp_1","Startup Cost": 0.42,"Total Cost": 9.07,"Plan Rows": 80,"Plan Width": 14,"Actual Startup Time": 0.014,"Actual Total Time": 0.288,"Actual Rows": 80,"Actual Loops": 376,"Index Cond": "(ps_suppkey = supplier_1.s_suppkey)","Rows Removed by Index Recheck": 0}]}]},{"Node Type": "Aggregate","Strategy": "Hashed","Partial Mode": "Simple","Parent Relationship": "Outer","Parallel Aware": false,"Async Capable": false,"Startup Cost": 4514.26,"Total Cost": 4994.26,"Plan Rows": 10667,"Plan Width": 36,"Actual Startup Time": 346.893,"Actual Total Time": 413.082,"Actual Rows": 1217,"Actual Loops": 1,"Group Key": ["partsupp.ps_partkey"],"Filter": "(sum((partsupp.ps_supplycost * (partsupp.ps_availqty)::numeric)) > $2)","Planned Partitions": 0,"HashAgg Batches": 1,"Peak Memory Usage": 17937,"Disk Usage": 0,"Rows Removed by Filter": 27288,"Plans": [{"Node Type": "Nested Loop","Parent Relationship": "Outer","Parallel Aware": false,"Async Capable": false,"Join Type": "Inner","Startup Cost": 7.81,"Total Cost": 4194.26,"Plan Rows": 32000,"Plan Width": 14,"Actual Startup Time": 0.423,"Actual Total Time": 185.679,"Actual Rows": 30080,"Actual Loops": 1,"Inner Unique": false,"Plans": [{"Node Type": "Nested Loop","Parent Relationship": "Outer","Parallel Aware": false,"Async Capable": false,"Join Type": "Inner","Startup Cost": 7.38,"Total Cost": 244.58,"Plan Rows": 400,"Plan Width": 4,"Actual Startup Time": 0.359,"Actual Total Time": 2.922,"Actual Rows": 376,"Actual Loops": 1,"Inner Unique": false,"Plans": [{"Node Type": "Seq Scan","Parent Relationship": "Outer","Parallel Aware": false,"Async Capable": false,"Relation Name": "nation","Alias": "nation","Startup Cost": 0.00,"Total Cost": 1.31,"Plan Rows": 1,"Plan Width": 4,"Actual Startup Time": 0.084,"Actual Total Time": 0.113,"Actual Rows": 1,"Actual Loops": 1,"Filter": "(n_name = 'KENYA'::bpchar)","Rows Removed by Filter": 24},{"Node Type": "Bitmap Heap Scan","Parent Relationship": "Inner","Parallel Aware": false,"Async Capable": false,"Relation Name": "supplier","Alias": "supplier","Startup Cost": 7.38,"Total Cost": 239.27,"Plan Rows": 400,"Plan Width": 8,"Actual Startup Time": 0.263,"Actual Total Time": 2.758,"Actual Rows": 376,"Actual Loops": 1,"Recheck Cond": "(s_nationkey = nation.n_nationkey)","Rows Removed by Index Recheck": 0,"Exact Heap Blocks": 179,"Lossy Heap Blocks": 0,"Plans": [{"Node Type": "Bitmap Index Scan","Parent Relationship": "Outer","Parallel Aware": false,"Async Capable": false,"Index Name": "idx_supplier_nation_key","Startup Cost": 0.00,"Total Cost": 7.29,"Plan Rows": 400,"Plan Width": 0,"Actual Startup Time": 0.183,"Actual Total Time": 0.184,"Actual Rows": 376,"Actual Loops": 1,"Index Cond": "(s_nationkey = nation.n_nationkey)"}]}]},{"Node Type": "Index Scan","Parent Relationship": "Inner","Parallel Aware": false,"Async Capable": false,"Scan Direction": "Forward","Index Name": "idx_partsupp_suppkey","Relation Name": "partsupp","Alias": "partsupp","Startup Cost": 0.42,"Total Cost": 9.07,"Plan Rows": 80,"Plan Width": 18,"Actual Startup Time": 0.018,"Actual Total Time": 0.474,"Actual Rows": 80,"Actual Loops": 376,"Index Cond": "(ps_suppkey = supplier.s_suppkey)","Rows Removed by Index Recheck": 0}]}]}]},"Planning Time": 5.474,"Triggers": [],"Execution Time": 416.886}]
[{"Plan": {"Node Type": "Sort","Parallel Aware": false,"Async Capable": false,"Startup Cost": 10142.20,"Total Cost": 10168.87,"Plan Rows": 10667,"Plan Width": 36,"Actual Startup Time": 451.065,"Actual Total Time": 451.181,"Actual Rows": 838,"Actual Loops": 1,"Sort Key": ["(sum((partsupp.ps_supplycost * (partsupp.ps_availqty)::numeric))) DESC"],"Sort Method": "quicksort","Sort Space Used": 70,"Sort Space Type": "Memory","Plans": [{"Node Type": "Aggregate","Strategy": "Plain","Partial Mode": "Simple","Parent Relationship": "InitPlan","Subplan Name": "InitPlan 1 (returns $2)","Parallel Aware": false,"Async Capable": false,"Startup Cost": 4434.26,"Total Cost": 4434.27,"Plan Rows": 1,"Plan Width": 32,"Actual Startup Time": 132.717,"Actual Total Time": 132.742,"Actual Rows": 1,"Actual Loops": 1,"Plans": [{"Node Type": "Nested Loop","Parent Relationship": "Outer","Parallel Aware": false,"Async Capable": false,"Join Type": "Inner","Startup Cost": 7.81,"Total Cost": 4194.26,"Plan Rows": 32000,"Plan Width": 10,"Actual Startup Time": 0.228,"Actual Total Time": 125.275,"Actual Rows": 32480,"Actual Loops": 1,"Inner Unique": false,"Plans": [{"Node Type": "Nested Loop","Parent Relationship": "Outer","Parallel Aware": false,"Async Capable": false,"Join Type": "Inner","Startup Cost": 7.38,"Total Cost": 244.58,"Plan Rows": 400,"Plan Width": 4,"Actual Startup Time": 0.174,"Actual Total Time": 1.839,"Actual Rows": 406,"Actual Loops": 1,"Inner Unique": false,"Plans": [{"Node Type": "Seq Scan","Parent Relationship": "Outer","Parallel Aware": false,"Async Capable": false,"Relation Name": "nation","Alias": "nation_1","Startup Cost": 0.00,"Total Cost": 1.31,"Plan Rows": 1,"Plan Width": 4,"Actual Startup Time": 0.052,"Actual Total Time": 0.067,"Actual Rows": 1,"Actual Loops": 1,"Filter": "(n_name = 'MOZAMBIQUE'::bpchar)","Rows Removed by Filter": 24},{"Node Type": "Bitmap Heap Scan","Parent Relationship": "Inner","Parallel Aware": false,"Async Capable": false,"Relation Name": "supplier","Alias": "supplier_1","Startup Cost": 7.38,"Total Cost": 239.27,"Plan Rows": 400,"Plan Width": 8,"Actual Startup Time": 0.112,"Actual Total Time": 1.721,"Actual Rows": 406,"Actual Loops": 1,"Recheck Cond": "(s_nationkey = nation_1.n_nationkey)","Rows Removed by Index Recheck": 0,"Exact Heap Blocks": 186,"Lossy Heap Blocks": 0,"Plans": [{"Node Type": "Bitmap Index Scan","Parent Relationship": "Outer","Parallel Aware": false,"Async Capable": false,"Index Name": "idx_supplier_nation_key","Startup Cost": 0.00,"Total Cost": 7.29,"Plan Rows": 400,"Plan Width": 0,"Actual Startup Time": 0.075,"Actual Total Time": 0.080,"Actual Rows": 406,"Actual Loops": 1,"Index Cond": "(s_nationkey = nation_1.n_nationkey)"}]}]},{"Node Type": "Index Scan","Parent Relationship": "Inner","Parallel Aware": false,"Async Capable": false,"Scan Direction": "Forward","Index Name": "idx_partsupp_suppkey","Relation Name": "partsupp","Alias": "partsupp_1","Startup Cost": 0.42,"Total Cost": 9.07,"Plan Rows": 80,"Plan Width": 14,"Actual Startup Time": 0.015,"Actual Total Time": 0.292,"Actual Rows": 80,"Actual Loops": 406,"Index Cond": "(ps_suppkey = supplier_1.s_suppkey)","Rows Removed by Index Recheck": 0}]}]},{"Node Type": "Aggregate","Strategy": "Hashed","Partial Mode": "Simple","Parent Relationship": "Outer","Parallel Aware": false,"Async Capable": false,"Startup Cost": 4514.26,"Total Cost": 4994.26,"Plan Rows": 10667,"Plan Width": 36,"Actual Startup Time": 378.862,"Actual Total Time": 450.673,"Actual Rows": 838,"Actual Loops": 1,"Group Key": ["partsupp.ps_partkey"],"Filter": "(sum((partsupp.ps_supplycost * (partsupp.ps_availqty)::numeric)) > $2)","Planned Partitions": 0,"HashAgg Batches": 1,"Peak Memory Usage": 17937,"Disk Usage": 0,"Rows Removed by Filter": 29832,"Plans": [{"Node Type": "Nested Loop","Parent Relationship": "Outer","Parallel Aware": false,"Async Capable": false,"Join Type": "Inner","Startup Cost": 7.81,"Total Cost": 4194.26,"Plan Rows": 32000,"Plan Width": 14,"Actual Startup Time": 0.382,"Actual Total Time": 202.282,"Actual Rows": 32480,"Actual Loops": 1,"Inner Unique": false,"Plans": [{"Node Type": "Nested Loop","Parent Relationship": "Outer","Parallel Aware": false,"Async Capable": false,"Join Type": "Inner","Startup Cost": 7.38,"Total Cost": 244.58,"Plan Rows": 400,"Plan Width": 4,"Actual Startup Time": 0.293,"Actual Total Time": 2.810,"Actual Rows": 406,"Actual Loops": 1,"Inner Unique": false,"Plans": [{"Node Type": "Seq Scan","Parent Relationship": "Outer","Parallel Aware": false,"Async Capable": false,"Relation Name": "nation","Alias": "nation","Startup Cost": 0.00,"Total Cost": 1.31,"Plan Rows": 1,"Plan Width": 4,"Actual Startup Time": 0.067,"Actual Total Time": 0.098,"Actual Rows": 1,"Actual Loops": 1,"Filter": "(n_name = 'MOZAMBIQUE'::bpchar)","Rows Removed by Filter": 24},{"Node Type": "Bitmap Heap Scan","Parent Relationship": "Inner","Parallel Aware": false,"Async Capable": false,"Relation Name": "supplier","Alias": "supplier","Startup Cost": 7.38,"Total Cost": 239.27,"Plan Rows": 400,"Plan Width": 8,"Actual Startup Time": 0.220,"Actual Total Time": 2.658,"Actual Rows": 406,"Actual Loops": 1,"Recheck Cond": "(s_nationkey = nation.n_nationkey)","Rows Removed by Index Recheck": 0,"Exact Heap Blocks": 186,"Lossy Heap Blocks": 0,"Plans": [{"Node Type": "Bitmap Index Scan","Parent Relationship": "Outer","Parallel Aware": false,"Async Capable": false,"Index Name": "idx_supplier_nation_key","Startup Cost": 0.00,"Total Cost": 7.29,"Plan Rows": 400,"Plan Width": 0,"Actual Startup Time": 0.147,"Actual Total Time": 0.149,"Actual Rows": 406,"Actual Loops": 1,"Index Cond": "(s_nationkey = nation.n_nationkey)"}]}]},{"Node Type": "Index Scan","Parent Relationship": "Inner","Parallel Aware": false,"Async Capable": false,"Scan Direction": "Forward","Index Name": "idx_partsupp_suppkey","Relation Name": "partsupp","Alias": "partsupp","Startup Cost": 0.42,"Total Cost": 9.07,"Plan Rows": 80,"Plan Width": 18,"Actual Startup Time": 0.020,"Actual Total Time": 0.480,"Actual Rows": 80,"Actual Loops": 406,"Index Cond": "(ps_suppkey = supplier.s_suppkey)","Rows Removed by Index Recheck": 0}]}]}]},"Planning Time": 6.783,"Triggers": [],"Execution Time": 454.405}]
[{"Plan": {"Node Type": "Sort","Parallel Aware": false,"Async Capable": false,"Startup Cost": 10142.20,"Total Cost": 10168.87,"Plan Rows": 10667,"Plan Width": 36,"Actual Startup Time": 460.124,"Actual Total Time": 460.279,"Actual Rows": 753,"Actual Loops": 1,"Sort Key": ["(sum((partsupp.ps_supplycost * (partsupp.ps_availqty)::numeric))) DESC"],"Sort Method": "quicksort","Sort Space Used": 66,"Sort Space Type": "Memory","Plans": [{"Node Type": "Aggregate","Strategy": "Plain","Partial Mode": "Simple","Parent Relationship": "InitPlan","Subplan Name": "InitPlan 1 (returns $2)","Parallel Aware": false,"Async Capable": false,"Startup Cost": 4434.26,"Total Cost": 4434.27,"Plan Rows": 1,"Plan Width": 32,"Actual Startup Time": 134.377,"Actual Total Time": 134.409,"Actual Rows": 1,"Actual Loops": 1,"Plans": [{"Node Type": "Nested Loop","Parent Relationship": "Outer","Parallel Aware": false,"Async Capable": false,"Join Type": "Inner","Startup Cost": 7.81,"Total Cost": 4194.26,"Plan Rows": 32000,"Plan Width": 10,"Actual Startup Time": 0.237,"Actual Total Time": 126.748,"Actual Rows": 33200,"Actual Loops": 1,"Inner Unique": false,"Plans": [{"Node Type": "Nested Loop","Parent Relationship": "Outer","Parallel Aware": false,"Async Capable": false,"Join Type": "Inner","Startup Cost": 7.38,"Total Cost": 244.58,"Plan Rows": 400,"Plan Width": 4,"Actual Startup Time": 0.181,"Actual Total Time": 1.854,"Actual Rows": 415,"Actual Loops": 1,"Inner Unique": false,"Plans": [{"Node Type": "Seq Scan","Parent Relationship": "Outer","Parallel Aware": false,"Async Capable": false,"Relation Name": "nation","Alias": "nation_1","Startup Cost": 0.00,"Total Cost": 1.31,"Plan Rows": 1,"Plan Width": 4,"Actual Startup Time": 0.049,"Actual Total Time": 0.067,"Actual Rows": 1,"Actual Loops": 1,"Filter": "(n_name = 'INDIA'::bpchar)","Rows Removed by Filter": 24},{"Node Type": "Bitmap Heap Scan","Parent Relationship": "Inner","Parallel Aware": false,"Async Capable": false,"Relation Name": "supplier","Alias": "supplier_1","Startup Cost": 7.38,"Total Cost": 239.27,"Plan Rows": 400,"Plan Width": 8,"Actual Startup Time": 0.112,"Actual Total Time": 1.723,"Actual Rows": 415,"Actual Loops": 1,"Recheck Cond": "(s_nationkey = nation_1.n_nationkey)","Rows Removed by Index Recheck": 0,"Exact Heap Blocks": 186,"Lossy Heap Blocks": 0,"Plans": [{"Node Type": "Bitmap Index Scan","Parent Relationship": "Outer","Parallel Aware": false,"Async Capable": false,"Index Name": "idx_supplier_nation_key","Startup Cost": 0.00,"Total Cost": 7.29,"Plan Rows": 400,"Plan Width": 0,"Actual Startup Time": 0.076,"Actual Total Time": 0.083,"Actual Rows": 415,"Actual Loops": 1,"Index Cond": "(s_nationkey = nation_1.n_nationkey)"}]}]},{"Node Type": "Index Scan","Parent Relationship": "Inner","Parallel Aware": false,"Async Capable": false,"Scan Direction": "Forward","Index Name": "idx_partsupp_suppkey","Relation Name": "partsupp","Alias": "partsupp_1","Startup Cost": 0.42,"Total Cost": 9.07,"Plan Rows": 80,"Plan Width": 14,"Actual Startup Time": 0.014,"Actual Total Time": 0.289,"Actual Rows": 80,"Actual Loops": 415,"Index Cond": "(ps_suppkey = supplier_1.s_suppkey)","Rows Removed by Index Recheck": 0}]}]},{"Node Type": "Aggregate","Strategy": "Hashed","Partial Mode": "Simple","Parent Relationship": "Outer","Parallel Aware": false,"Async Capable": false,"Startup Cost": 4514.26,"Total Cost": 4994.26,"Plan Rows": 10667,"Plan Width": 36,"Actual Startup Time": 384.255,"Actual Total Time": 459.696,"Actual Rows": 753,"Actual Loops": 1,"Group Key": ["partsupp.ps_partkey"],"Filter": "(sum((partsupp.ps_supplycost * (partsupp.ps_availqty)::numeric)) > $2)","Planned Partitions": 0,"HashAgg Batches": 1,"Peak Memory Usage": 17937,"Disk Usage": 0,"Rows Removed by Filter": 30329,"Plans": [{"Node Type": "Nested Loop","Parent Relationship": "Outer","Parallel Aware": false,"Async Capable": false,"Join Type": "Inner","Startup Cost": 7.81,"Total Cost": 4194.26,"Plan Rows": 32000,"Plan Width": 14,"Actual Startup Time": 0.331,"Actual Total Time": 205.215,"Actual Rows": 33200,"Actual Loops": 1,"Inner Unique": false,"Plans": [{"Node Type": "Nested Loop","Parent Relationship": "Outer","Parallel Aware": false,"Async Capable": false,"Join Type": "Inner","Startup Cost": 7.38,"Total Cost": 244.58,"Plan Rows": 400,"Plan Width": 4,"Actual Startup Time": 0.285,"Actual Total Time": 2.795,"Actual Rows": 415,"Actual Loops": 1,"Inner Unique": false,"Plans": [{"Node Type": "Seq Scan","Parent Relationship": "Outer","Parallel Aware": false,"Async Capable": false,"Relation Name": "nation","Alias": "nation","Startup Cost": 0.00,"Total Cost": 1.31,"Plan Rows": 1,"Plan Width": 4,"Actual Startup Time": 0.073,"Actual Total Time": 0.100,"Actual Rows": 1,"Actual Loops": 1,"Filter": "(n_name = 'INDIA'::bpchar)","Rows Removed by Filter": 24},{"Node Type": "Bitmap Heap Scan","Parent Relationship": "Inner","Parallel Aware": false,"Async Capable": false,"Relation Name": "supplier","Alias": "supplier","Startup Cost": 7.38,"Total Cost": 239.27,"Plan Rows": 400,"Plan Width": 8,"Actual Startup Time": 0.206,"Actual Total Time": 2.634,"Actual Rows": 415,"Actual Loops": 1,"Recheck Cond": "(s_nationkey = nation.n_nationkey)","Rows Removed by Index Recheck": 0,"Exact Heap Blocks": 186,"Lossy Heap Blocks": 0,"Plans": [{"Node Type": "Bitmap Index Scan","Parent Relationship": "Outer","Parallel Aware": false,"Async Capable": false,"Index Name": "idx_supplier_nation_key","Startup Cost": 0.00,"Total Cost": 7.29,"Plan Rows": 400,"Plan Width": 0,"Actual Startup Time": 0.132,"Actual Total Time": 0.135,"Actual Rows": 415,"Actual Loops": 1,"Index Cond": "(s_nationkey = nation.n_nationkey)"}]}]},{"Node Type": "Index Scan","Parent Relationship": "Inner","Parallel Aware": false,"Async Capable": false,"Scan Direction": "Forward","Index Name": "idx_partsupp_suppkey","Relation Name": "partsupp","Alias": "partsupp","Startup Cost": 0.42,"Total Cost": 9.07,"Plan Rows": 80,"Plan Width": 18,"Actual Startup Time": 0.019,"Actual Total Time": 0.476,"Actual Rows": 80,"Actual Loops": 415,"Index Cond": "(ps_suppkey = supplier.s_suppkey)","Rows Removed by Index Recheck": 0}]}]}]},"Planning Time": 5.856,"Triggers": [],"Execution Time": 463.781}]
[{"Plan": {"Node Type": "Sort","Parallel Aware": false,"Async Capable": false,"Startup Cost": 10142.20,"Total Cost": 10168.87,"Plan Rows": 10667,"Plan Width": 36,"Actual Startup Time": 400.788,"Actual Total Time": 400.942,"Actual Rows": 1469,"Actual Loops": 1,"Sort Key": ["(sum((partsupp.ps_supplycost * (partsupp.ps_availqty)::numeric))) DESC"],"Sort Method": "quicksort","Sort Space Used": 129,"Sort Space Type": "Memory","Plans": [{"Node Type": "Aggregate","Strategy": "Plain","Partial Mode": "Simple","Parent Relationship": "InitPlan","Subplan Name": "InitPlan 1 (returns $2)","Parallel Aware": false,"Async Capable": false,"Startup Cost": 4434.26,"Total Cost": 4434.27,"Plan Rows": 1,"Plan Width": 32,"Actual Startup Time": 117.250,"Actual Total Time": 117.272,"Actual Rows": 1,"Actual Loops": 1,"Plans": [{"Node Type": "Nested Loop","Parent Relationship": "Outer","Parallel Aware": false,"Async Capable": false,"Join Type": "Inner","Startup Cost": 7.81,"Total Cost": 4194.26,"Plan Rows": 32000,"Plan Width": 10,"Actual Startup Time": 0.216,"Actual Total Time": 110.575,"Actual Rows": 28960,"Actual Loops": 1,"Inner Unique": false,"Plans": [{"Node Type": "Nested Loop","Parent Relationship": "Outer","Parallel Aware": false,"Async Capable": false,"Join Type": "Inner","Startup Cost": 7.38,"Total Cost": 244.58,"Plan Rows": 400,"Plan Width": 4,"Actual Startup Time": 0.161,"Actual Total Time": 1.515,"Actual Rows": 362,"Actual Loops": 1,"Inner Unique": false,"Plans": [{"Node Type": "Seq Scan","Parent Relationship": "Outer","Parallel Aware": false,"Async Capable": false,"Relation Name": "nation","Alias": "nation_1","Startup Cost": 0.00,"Total Cost": 1.31,"Plan Rows": 1,"Plan Width": 4,"Actual Startup Time": 0.032,"Actual Total Time": 0.051,"Actual Rows": 1,"Actual Loops": 1,"Filter": "(n_name = 'JORDAN'::bpchar)","Rows Removed by Filter": 24},{"Node Type": "Bitmap Heap Scan","Parent Relationship": "Inner","Parallel Aware": false,"Async Capable": false,"Relation Name": "supplier","Alias": "supplier_1","Startup Cost": 7.38,"Total Cost": 239.27,"Plan Rows": 400,"Plan Width": 8,"Actual Startup Time": 0.117,"Actual Total Time": 1.415,"Actual Rows": 362,"Actual Loops": 1,"Recheck Cond": "(s_nationkey = nation_1.n_nationkey)","Rows Removed by Index Recheck": 0,"Exact Heap Blocks": 166,"Lossy Heap Blocks": 0,"Plans": [{"Node Type": "Bitmap Index Scan","Parent Relationship": "Outer","Parallel Aware": false,"Async Capable": false,"Index Name": "idx_supplier_nation_key","Startup Cost": 0.00,"Total Cost": 7.29,"Plan Rows": 400,"Plan Width": 0,"Actual Startup Time": 0.075,"Actual Total Time": 0.079,"Actual Rows": 362,"Actual Loops": 1,"Index Cond": "(s_nationkey = nation_1.n_nationkey)"}]}]},{"Node Type": "Index Scan","Parent Relationship": "Inner","Parallel Aware": false,"Async Capable": false,"Scan Direction": "Forward","Index Name": "idx_partsupp_suppkey","Relation Name": "partsupp","Alias": "partsupp_1","Startup Cost": 0.42,"Total Cost": 9.07,"Plan Rows": 80,"Plan Width": 14,"Actual Startup Time": 0.014,"Actual Total Time": 0.289,"Actual Rows": 80,"Actual Loops": 362,"Index Cond": "(ps_suppkey = supplier_1.s_suppkey)","Rows Removed by Index Recheck": 0}]}]},{"Node Type": "Aggregate","Strategy": "Hashed","Partial Mode": "Simple","Parent Relationship": "Outer","Parallel Aware": false,"Async Capable": false,"Startup Cost": 4514.26,"Total Cost": 4994.26,"Plan Rows": 10667,"Plan Width": 36,"Actual Startup Time": 338.606,"Actual Total Time": 400.138,"Actual Rows": 1469,"Actual Loops": 1,"Group Key": ["partsupp.ps_partkey"],"Filter": "(sum((partsupp.ps_supplycost * (partsupp.ps_availqty)::numeric)) > $2)","Planned Partitions": 0,"HashAgg Batches": 1,"Peak Memory Usage": 17937,"Disk Usage": 0,"Rows Removed by Filter": 25896,"Plans": [{"Node Type": "Nested Loop","Parent Relationship": "Outer","Parallel Aware": false,"Async Capable": false,"Join Type": "Inner","Startup Cost": 7.81,"Total Cost": 4194.26,"Plan Rows": 32000,"Plan Width": 14,"Actual Startup Time": 0.314,"Actual Total Time": 181.118,"Actual Rows": 28960,"Actual Loops": 1,"Inner Unique": false,"Plans": [{"Node Type": "Nested Loop","Parent Relationship": "Outer","Parallel Aware": false,"Async Capable": false,"Join Type": "Inner","Startup Cost": 7.38,"Total Cost": 244.58,"Plan Rows": 400,"Plan Width": 4,"Actual Startup Time": 0.258,"Actual Total Time": 2.692,"Actual Rows": 362,"Actual Loops": 1,"Inner Unique": false,"Plans": [{"Node Type": "Seq Scan","Parent Relationship": "Outer","Parallel Aware": false,"Async Capable": false,"Relation Name": "nation","Alias": "nation","Startup Cost": 0.00,"Total Cost": 1.31,"Plan Rows": 1,"Plan Width": 4,"Actual Startup Time": 0.077,"Actual Total Time": 0.107,"Actual Rows": 1,"Actual Loops": 1,"Filter": "(n_name = 'JORDAN'::bpchar)","Rows Removed by Filter": 24},{"Node Type": "Bitmap Heap Scan","Parent Relationship": "Inner","Parallel Aware": false,"Async Capable": false,"Relation Name": "supplier","Alias": "supplier","Startup Cost": 7.38,"Total Cost": 239.27,"Plan Rows": 400,"Plan Width": 8,"Actual Startup Time": 0.172,"Actual Total Time": 2.539,"Actual Rows": 362,"Actual Loops": 1,"Recheck Cond": "(s_nationkey = nation.n_nationkey)","Rows Removed by Index Recheck": 0,"Exact Heap Blocks": 166,"Lossy Heap Blocks": 0,"Plans": [{"Node Type": "Bitmap Index Scan","Parent Relationship": "Outer","Parallel Aware": false,"Async Capable": false,"Index Name": "idx_supplier_nation_key","Startup Cost": 0.00,"Total Cost": 7.29,"Plan Rows": 400,"Plan Width": 0,"Actual Startup Time": 0.117,"Actual Total Time": 0.118,"Actual Rows": 362,"Actual Loops": 1,"Index Cond": "(s_nationkey = nation.n_nationkey)"}]}]},{"Node Type": "Index Scan","Parent Relationship": "Inner","Parallel Aware": false,"Async Capable": false,"Scan Direction": "Forward","Index Name": "idx_partsupp_suppkey","Relation Name": "partsupp","Alias": "partsupp","Startup Cost": 0.42,"Total Cost": 9.07,"Plan Rows": 80,"Plan Width": 18,"Actual Startup Time": 0.019,"Actual Total Time": 0.481,"Actual Rows": 80,"Actual Loops": 362,"Index Cond": "(ps_suppkey = supplier.s_suppkey)","Rows Removed by Index Recheck": 0}]}]}]},"Planning Time": 6.843,"Triggers": [],"Execution Time": 403.999}]
[{"Plan": {"Node Type": "Sort","Parallel Aware": false,"Async Capable": false,"Startup Cost": 10142.20,"Total Cost": 10168.87,"Plan Rows": 10667,"Plan Width": 36,"Actual Startup Time": 452.788,"Actual Total Time": 452.912,"Actual Rows": 869,"Actual Loops": 1,"Sort Key": ["(sum((partsupp.ps_supplycost * (partsupp.ps_availqty)::numeric))) DESC"],"Sort Method": "quicksort","Sort Space Used": 72,"Sort Space Type": "Memory","Plans": [{"Node Type": "Aggregate","Strategy": "Plain","Partial Mode": "Simple","Parent Relationship": "InitPlan","Subplan Name": "InitPlan 1 (returns $2)","Parallel Aware": false,"Async Capable": false,"Startup Cost": 4434.26,"Total Cost": 4434.27,"Plan Rows": 1,"Plan Width": 32,"Actual Startup Time": 133.523,"Actual Total Time": 133.544,"Actual Rows": 1,"Actual Loops": 1,"Plans": [{"Node Type": "Nested Loop","Parent Relationship": "Outer","Parallel Aware": false,"Async Capable": false,"Join Type": "Inner","Startup Cost": 7.81,"Total Cost": 4194.26,"Plan Rows": 32000,"Plan Width": 10,"Actual Startup Time": 0.165,"Actual Total Time": 126.080,"Actual Rows": 32560,"Actual Loops": 1,"Inner Unique": false,"Plans": [{"Node Type": "Nested Loop","Parent Relationship": "Outer","Parallel Aware": false,"Async Capable": false,"Join Type": "Inner","Startup Cost": 7.38,"Total Cost": 244.58,"Plan Rows": 400,"Plan Width": 4,"Actual Startup Time": 0.133,"Actual Total Time": 1.798,"Actual Rows": 407,"Actual Loops": 1,"Inner Unique": false,"Plans": [{"Node Type": "Seq Scan","Parent Relationship": "Outer","Parallel Aware": false,"Async Capable": false,"Relation Name": "nation","Alias": "nation_1","Startup Cost": 0.00,"Total Cost": 1.31,"Plan Rows": 1,"Plan Width": 4,"Actual Startup Time": 0.028,"Actual Total Time": 0.044,"Actual Rows": 1,"Actual Loops": 1,"Filter": "(n_name = 'CHINA'::bpchar)","Rows Removed by Filter": 24},{"Node Type": "Bitmap Heap Scan","Parent Relationship": "Inner","Parallel Aware": false,"Async Capable": false,"Relation Name": "supplier","Alias": "supplier_1","Startup Cost": 7.38,"Total Cost": 239.27,"Plan Rows": 400,"Plan Width": 8,"Actual Startup Time": 0.091,"Actual Total Time": 1.697,"Actual Rows": 407,"Actual Loops": 1,"Recheck Cond": "(s_nationkey = nation_1.n_nationkey)","Rows Removed by Index Recheck": 0,"Exact Heap Blocks": 186,"Lossy Heap Blocks": 0,"Plans": [{"Node Type": "Bitmap Index Scan","Parent Relationship": "Outer","Parallel Aware": false,"Async Capable": false,"Index Name": "idx_supplier_nation_key","Startup Cost": 0.00,"Total Cost": 7.29,"Plan Rows": 400,"Plan Width": 0,"Actual Startup Time": 0.055,"Actual Total Time": 0.061,"Actual Rows": 407,"Actual Loops": 1,"Index Cond": "(s_nationkey = nation_1.n_nationkey)"}]}]},{"Node Type": "Index Scan","Parent Relationship": "Inner","Parallel Aware": false,"Async Capable": false,"Scan Direction": "Forward","Index Name": "idx_partsupp_suppkey","Relation Name": "partsupp","Alias": "partsupp_1","Startup Cost": 0.42,"Total Cost": 9.07,"Plan Rows": 80,"Plan Width": 14,"Actual Startup Time": 0.014,"Actual Total Time": 0.293,"Actual Rows": 80,"Actual Loops": 407,"Index Cond": "(ps_suppkey = supplier_1.s_suppkey)","Rows Removed by Index Recheck": 0}]}]},{"Node Type": "Aggregate","Strategy": "Hashed","Partial Mode": "Simple","Parent Relationship": "Outer","Parallel Aware": false,"Async Capable": false,"Startup Cost": 4514.26,"Total Cost": 4994.26,"Plan Rows": 10667,"Plan Width": 36,"Actual Startup Time": 377.714,"Actual Total Time": 452.344,"Actual Rows": 869,"Actual Loops": 1,"Group Key": ["partsupp.ps_partkey"],"Filter": "(sum((partsupp.ps_supplycost * (partsupp.ps_availqty)::numeric)) > $2)","Planned Partitions": 0,"HashAgg Batches": 1,"Peak Memory Usage": 17937,"Disk Usage": 0,"Rows Removed by Filter": 29770,"Plans": [{"Node Type": "Nested Loop","Parent Relationship": "Outer","Parallel Aware": false,"Async Capable": false,"Join Type": "Inner","Startup Cost": 7.81,"Total Cost": 4194.26,"Plan Rows": 32000,"Plan Width": 14,"Actual Startup Time": 0.336,"Actual Total Time": 203.001,"Actual Rows": 32560,"Actual Loops": 1,"Inner Unique": false,"Plans": [{"Node Type": "Nested Loop","Parent Relationship": "Outer","Parallel Aware": false,"Async Capable": false,"Join Type": "Inner","Startup Cost": 7.38,"Total Cost": 244.58,"Plan Rows": 400,"Plan Width": 4,"Actual Startup Time": 0.273,"Actual Total Time": 2.796,"Actual Rows": 407,"Actual Loops": 1,"Inner Unique": false,"Plans": [{"Node Type": "Seq Scan","Parent Relationship": "Outer","Parallel Aware": false,"Async Capable": false,"Relation Name": "nation","Alias": "nation","Startup Cost": 0.00,"Total Cost": 1.31,"Plan Rows": 1,"Plan Width": 4,"Actual Startup Time": 0.063,"Actual Total Time": 0.079,"Actual Rows": 1,"Actual Loops": 1,"Filter": "(n_name = 'CHINA'::bpchar)","Rows Removed by Filter": 24},{"Node Type": "Bitmap Heap Scan","Parent Relationship": "Inner","Parallel Aware": false,"Async Capable": false,"Relation Name": "supplier","Alias": "supplier","Startup Cost": 7.38,"Total Cost": 239.27,"Plan Rows": 400,"Plan Width": 8,"Actual Startup Time": 0.204,"Actual Total Time": 2.666,"Actual Rows": 407,"Actual Loops": 1,"Recheck Cond": "(s_nationkey = nation.n_nationkey)","Rows Removed by Index Recheck": 0,"Exact Heap Blocks": 186,"Lossy Heap Blocks": 0,"Plans": [{"Node Type": "Bitmap Index Scan","Parent Relationship": "Outer","Parallel Aware": false,"Async Capable": false,"Index Name": "idx_supplier_nation_key","Startup Cost": 0.00,"Total Cost": 7.29,"Plan Rows": 400,"Plan Width": 0,"Actual Startup Time": 0.129,"Actual Total Time": 0.129,"Actual Rows": 407,"Actual Loops": 1,"Index Cond": "(s_nationkey = nation.n_nationkey)"}]}]},{"Node Type": "Index Scan","Parent Relationship": "Inner","Parallel Aware": false,"Async Capable": false,"Scan Direction": "Forward","Index Name": "idx_partsupp_suppkey","Relation Name": "partsupp","Alias": "partsupp","Startup Cost": 0.42,"Total Cost": 9.07,"Plan Rows": 80,"Plan Width": 18,"Actual Startup Time": 0.020,"Actual Total Time": 0.480,"Actual Rows": 80,"Actual Loops": 407,"Index Cond": "(ps_suppkey = supplier.s_suppkey)","Rows Removed by Index Recheck": 0}]}]}]},"Planning Time": 7.317,"Triggers": [],"Execution Time": 456.700}]
[{"Plan": {"Node Type": "Sort","Parallel Aware": false,"Async Capable": false,"Startup Cost": 10142.20,"Total Cost": 10168.87,"Plan Rows": 10667,"Plan Width": 36,"Actual Startup Time": 460.124,"Actual Total Time": 460.279,"Actual Rows": 753,"Actual Loops": 1,"Sort Key": ["(sum((partsupp.ps_supplycost * (partsupp.ps_availqty)::numeric))) DESC"],"Sort Method": "quicksort","Sort Space Used": 66,"Sort Space Type": "Memory","Plans": [{"Node Type": "Aggregate","Strategy": "Plain","Partial Mode": "Simple","Parent Relationship": "InitPlan","Subplan Name": "InitPlan 1 (returns $2)","Parallel Aware": false,"Async Capable": false,"Startup Cost": 4434.26,"Total Cost": 4434.27,"Plan Rows": 1,"Plan Width": 32,"Actual Startup Time": 134.377,"Actual Total Time": 134.409,"Actual Rows": 1,"Actual Loops": 1,"Plans": [{"Node Type": "Nested Loop","Parent Relationship": "Outer","Parallel Aware": false,"Async Capable": false,"Join Type": "Inner","Startup Cost": 7.81,"Total Cost": 4194.26,"Plan Rows": 32000,"Plan Width": 10,"Actual Startup Time": 0.237,"Actual Total Time": 126.748,"Actual Rows": 33200,"Actual Loops": 1,"Inner Unique": false,"Plans": [{"Node Type": "Nested Loop","Parent Relationship": "Outer","Parallel Aware": false,"Async Capable": false,"Join Type": "Inner","Startup Cost": 7.38,"Total Cost": 244.58,"Plan Rows": 400,"Plan Width": 4,"Actual Startup Time": 0.181,"Actual Total Time": 1.854,"Actual Rows": 415,"Actual Loops": 1,"Inner Unique": false,"Plans": [{"Node Type": "Seq Scan","Parent Relationship": "Outer","Parallel Aware": false,"Async Capable": false,"Relation Name": "nation","Alias": "nation_1","Startup Cost": 0.00,"Total Cost": 1.31,"Plan Rows": 1,"Plan Width": 4,"Actual Startup Time": 0.049,"Actual Total Time": 0.067,"Actual Rows": 1,"Actual Loops": 1,"Filter": "(n_name = 'INDIA'::bpchar)","Rows Removed by Filter": 24},{"Node Type": "Bitmap Heap Scan","Parent Relationship": "Inner","Parallel Aware": false,"Async Capable": false,"Relation Name": "supplier","Alias": "supplier_1","Startup Cost": 7.38,"Total Cost": 239.27,"Plan Rows": 400,"Plan Width": 8,"Actual Startup Time": 0.112,"Actual Total Time": 1.723,"Actual Rows": 415,"Actual Loops": 1,"Recheck Cond": "(s_nationkey = nation_1.n_nationkey)","Rows Removed by Index Recheck": 0,"Exact Heap Blocks": 186,"Lossy Heap Blocks": 0,"Plans": [{"Node Type": "Bitmap Index Scan","Parent Relationship": "Outer","Parallel Aware": false,"Async Capable": false,"Index Name": "idx_supplier_nation_key","Startup Cost": 0.00,"Total Cost": 7.29,"Plan Rows": 400,"Plan Width": 0,"Actual Startup Time": 0.076,"Actual Total Time": 0.083,"Actual Rows": 415,"Actual Loops": 1,"Index Cond": "(s_nationkey = nation_1.n_nationkey)"}]}]},{"Node Type": "Index Scan","Parent Relationship": "Inner","Parallel Aware": false,"Async Capable": false,"Scan Direction": "Forward","Index Name": "idx_partsupp_suppkey","Relation Name": "partsupp","Alias": "partsupp_1","Startup Cost": 0.42,"Total Cost": 9.07,"Plan Rows": 80,"Plan Width": 14,"Actual Startup Time": 0.014,"Actual Total Time": 0.289,"Actual Rows": 80,"Actual Loops": 415,"Index Cond": "(ps_suppkey = supplier_1.s_suppkey)","Rows Removed by Index Recheck": 0}]}]},{"Node Type": "Aggregate","Strategy": "Hashed","Partial Mode": "Simple","Parent Relationship": "Outer","Parallel Aware": false,"Async Capable": false,"Startup Cost": 4514.26,"Total Cost": 4994.26,"Plan Rows": 10667,"Plan Width": 36,"Actual Startup Time": 384.255,"Actual Total Time": 459.696,"Actual Rows": 753,"Actual Loops": 1,"Group Key": ["partsupp.ps_partkey"],"Filter": "(sum((partsupp.ps_supplycost * (partsupp.ps_availqty)::numeric)) > $2)","Planned Partitions": 0,"HashAgg Batches": 1,"Peak Memory Usage": 17937,"Disk Usage": 0,"Rows Removed by Filter": 30329,"Plans": [{"Node Type": "Nested Loop","Parent Relationship": "Outer","Parallel Aware": false,"Async Capable": false,"Join Type": "Inner","Startup Cost": 7.81,"Total Cost": 4194.26,"Plan Rows": 32000,"Plan Width": 14,"Actual Startup Time": 0.331,"Actual Total Time": 205.215,"Actual Rows": 33200,"Actual Loops": 1,"Inner Unique": false,"Plans": [{"Node Type": "Nested Loop","Parent Relationship": "Outer","Parallel Aware": false,"Async Capable": false,"Join Type": "Inner","Startup Cost": 7.38,"Total Cost": 244.58,"Plan Rows": 400,"Plan Width": 4,"Actual Startup Time": 0.285,"Actual Total Time": 2.795,"Actual Rows": 415,"Actual Loops": 1,"Inner Unique": false,"Plans": [{"Node Type": "Seq Scan","Parent Relationship": "Outer","Parallel Aware": false,"Async Capable": false,"Relation Name": "nation","Alias": "nation","Startup Cost": 0.00,"Total Cost": 1.31,"Plan Rows": 1,"Plan Width": 4,"Actual Startup Time": 0.073,"Actual Total Time": 0.100,"Actual Rows": 1,"Actual Loops": 1,"Filter": "(n_name = 'INDIA'::bpchar)","Rows Removed by Filter": 24},{"Node Type": "Bitmap Heap Scan","Parent Relationship": "Inner","Parallel Aware": false,"Async Capable": false,"Relation Name": "supplier","Alias": "supplier","Startup Cost": 7.38,"Total Cost": 239.27,"Plan Rows": 400,"Plan Width": 8,"Actual Startup Time": 0.206,"Actual Total Time": 2.634,"Actual Rows": 415,"Actual Loops": 1,"Recheck Cond": "(s_nationkey = nation.n_nationkey)","Rows Removed by Index Recheck": 0,"Exact Heap Blocks": 186,"Lossy Heap Blocks": 0,"Plans": [{"Node Type": "Bitmap Index Scan","Parent Relationship": "Outer","Parallel Aware": false,"Async Capable": false,"Index Name": "idx_supplier_nation_key","Startup Cost": 0.00,"Total Cost": 7.29,"Plan Rows": 400,"Plan Width": 0,"Actual Startup Time": 0.132,"Actual Total Time": 0.135,"Actual Rows": 415,"Actual Loops": 1,"Index Cond": "(s_nationkey = nation.n_nationkey)"}]}]},{"Node Type": "Index Scan","Parent Relationship": "Inner","Parallel Aware": false,"Async Capable": false,"Scan Direction": "Forward","Index Name": "idx_partsupp_suppkey","Relation Name": "partsupp","Alias": "partsupp","Startup Cost": 0.42,"Total Cost": 9.07,"Plan Rows": 80,"Plan Width": 18,"Actual Startup Time": 0.019,"Actual Total Time": 0.476,"Actual Rows": 80,"Actual Loops": 415,"Index Cond": "(ps_suppkey = supplier.s_suppkey)","Rows Removed by Index Recheck": 0}]}]}]},"Planning Time": 5.856,"Triggers": [],"Execution Time": 463.781}]
[{"Plan": {"Node Type": "Sort","Parallel Aware": false,"Async Capable": false,"Startup Cost": 10142.20,"Total Cost": 10168.87,"Plan Rows": 10667,"Plan Width": 36,"Actual Startup Time": 449.560,"Actual Total Time": 449.671,"Actual Rows": 907,"Actual Loops": 1,"Sort Key": ["(sum((partsupp.ps_supplycost * (partsupp.ps_availqty)::numeric))) DESC"],"Sort Method": "quicksort","Sort Space Used": 74,"Sort Space Type": "Memory","Plans": [{"Node Type": "Aggregate","Strategy": "Plain","Partial Mode": "Simple","Parent Relationship": "InitPlan","Subplan Name": "InitPlan 1 (returns $2)","Parallel Aware": false,"Async Capable": false,"Startup Cost": 4434.26,"Total Cost": 4434.27,"Plan Rows": 1,"Plan Width": 32,"Actual Startup Time": 134.911,"Actual Total Time": 134.932,"Actual Rows": 1,"Actual Loops": 1,"Plans": [{"Node Type": "Nested Loop","Parent Relationship": "Outer","Parallel Aware": false,"Async Capable": false,"Join Type": "Inner","Startup Cost": 7.81,"Total Cost": 4194.26,"Plan Rows": 32000,"Plan Width": 10,"Actual Startup Time": 0.196,"Actual Total Time": 127.626,"Actual Rows": 31760,"Actual Loops": 1,"Inner Unique": false,"Plans": [{"Node Type": "Nested Loop","Parent Relationship": "Outer","Parallel Aware": false,"Async Capable": false,"Join Type": "Inner","Startup Cost": 7.38,"Total Cost": 244.58,"Plan Rows": 400,"Plan Width": 4,"Actual Startup Time": 0.146,"Actual Total Time": 1.719,"Actual Rows": 397,"Actual Loops": 1,"Inner Unique": false,"Plans": [{"Node Type": "Seq Scan","Parent Relationship": "Outer","Parallel Aware": false,"Async Capable": false,"Relation Name": "nation","Alias": "nation_1","Startup Cost": 0.00,"Total Cost": 1.31,"Plan Rows": 1,"Plan Width": 4,"Actual Startup Time": 0.024,"Actual Total Time": 0.052,"Actual Rows": 1,"Actual Loops": 1,"Filter": "(n_name = 'BRAZIL'::bpchar)","Rows Removed by Filter": 24},{"Node Type": "Bitmap Heap Scan","Parent Relationship": "Inner","Parallel Aware": false,"Async Capable": false,"Relation Name": "supplier","Alias": "supplier_1","Startup Cost": 7.38,"Total Cost": 239.27,"Plan Rows": 400,"Plan Width": 8,"Actual Startup Time": 0.105,"Actual Total Time": 1.602,"Actual Rows": 397,"Actual Loops": 1,"Recheck Cond": "(s_nationkey = nation_1.n_nationkey)","Rows Removed by Index Recheck": 0,"Exact Heap Blocks": 187,"Lossy Heap Blocks": 0,"Plans": [{"Node Type": "Bitmap Index Scan","Parent Relationship": "Outer","Parallel Aware": false,"Async Capable": false,"Index Name": "idx_supplier_nation_key","Startup Cost": 0.00,"Total Cost": 7.29,"Plan Rows": 400,"Plan Width": 0,"Actual Startup Time": 0.071,"Actual Total Time": 0.077,"Actual Rows": 397,"Actual Loops": 1,"Index Cond": "(s_nationkey = nation_1.n_nationkey)"}]}]},{"Node Type": "Index Scan","Parent Relationship": "Inner","Parallel Aware": false,"Async Capable": false,"Scan Direction": "Forward","Index Name": "idx_partsupp_suppkey","Relation Name": "partsupp","Alias": "partsupp_1","Startup Cost": 0.42,"Total Cost": 9.07,"Plan Rows": 80,"Plan Width": 14,"Actual Startup Time": 0.015,"Actual Total Time": 0.304,"Actual Rows": 80,"Actual Loops": 397,"Index Cond": "(ps_suppkey = supplier_1.s_suppkey)","Rows Removed by Index Recheck": 0}]}]},{"Node Type": "Aggregate","Strategy": "Hashed","Partial Mode": "Simple","Parent Relationship": "Outer","Parallel Aware": false,"Async Capable": false,"Startup Cost": 4514.26,"Total Cost": 4994.26,"Plan Rows": 10667,"Plan Width": 36,"Actual Startup Time": 378.380,"Actual Total Time": 449.162,"Actual Rows": 907,"Actual Loops": 1,"Group Key": ["partsupp.ps_partkey"],"Filter": "(sum((partsupp.ps_supplycost * (partsupp.ps_availqty)::numeric)) > $2)","Planned Partitions": 0,"HashAgg Batches": 1,"Peak Memory Usage": 17937,"Disk Usage": 0,"Rows Removed by Filter": 29157,"Plans": [{"Node Type": "Nested Loop","Parent Relationship": "Outer","Parallel Aware": false,"Async Capable": false,"Join Type": "Inner","Startup Cost": 7.81,"Total Cost": 4194.26,"Plan Rows": 32000,"Plan Width": 14,"Actual Startup Time": 0.353,"Actual Total Time": 195.500,"Actual Rows": 31760,"Actual Loops": 1,"Inner Unique": false,"Plans": [{"Node Type": "Nested Loop","Parent Relationship": "Outer","Parallel Aware": false,"Async Capable": false,"Join Type": "Inner","Startup Cost": 7.38,"Total Cost": 244.58,"Plan Rows": 400,"Plan Width": 4,"Actual Startup Time": 0.264,"Actual Total Time": 2.773,"Actual Rows": 397,"Actual Loops": 1,"Inner Unique": false,"Plans": [{"Node Type": "Seq Scan","Parent Relationship": "Outer","Parallel Aware": false,"Async Capable": false,"Relation Name": "nation","Alias": "nation","Startup Cost": 0.00,"Total Cost": 1.31,"Plan Rows": 1,"Plan Width": 4,"Actual Startup Time": 0.057,"Actual Total Time": 0.077,"Actual Rows": 1,"Actual Loops": 1,"Filter": "(n_name = 'BRAZIL'::bpchar)","Rows Removed by Filter": 24},{"Node Type": "Bitmap Heap Scan","Parent Relationship": "Inner","Parallel Aware": false,"Async Capable": false,"Relation Name": "supplier","Alias": "supplier","Startup Cost": 7.38,"Total Cost": 239.27,"Plan Rows": 400,"Plan Width": 8,"Actual Startup Time": 0.205,"Actual Total Time": 2.649,"Actual Rows": 397,"Actual Loops": 1,"Recheck Cond": "(s_nationkey = nation.n_nationkey)","Rows Removed by Index Recheck": 0,"Exact Heap Blocks": 187,"Lossy Heap Blocks": 0,"Plans": [{"Node Type": "Bitmap Index Scan","Parent Relationship": "Outer","Parallel Aware": false,"Async Capable": false,"Index Name": "idx_supplier_nation_key","Startup Cost": 0.00,"Total Cost": 7.29,"Plan Rows": 400,"Plan Width": 0,"Actual Startup Time": 0.130,"Actual Total Time": 0.131,"Actual Rows": 397,"Actual Loops": 1,"Index Cond": "(s_nationkey = nation.n_nationkey)"}]}]},{"Node Type": "Index Scan","Parent Relationship": "Inner","Parallel Aware": false,"Async Capable": false,"Scan Direction": "Forward","Index Name": "idx_partsupp_suppkey","Relation Name": "partsupp","Alias": "partsupp","Startup Cost": 0.42,"Total Cost": 9.07,"Plan Rows": 80,"Plan Width": 18,"Actual Startup Time": 0.020,"Actual Total Time": 0.474,"Actual Rows": 80,"Actual Loops": 397,"Index Cond": "(ps_suppkey = supplier.s_suppkey)","Rows Removed by Index Recheck": 0}]}]}]},"Planning Time": 5.165,"Triggers": [],"Execution Time": 452.133}]
[{"Plan": {"Node Type": "Sort","Parallel Aware": false,"Async Capable": false,"Startup Cost": 10142.20,"Total Cost": 10168.87,"Plan Rows": 10667,"Plan Width": 36,"Actual Startup Time": 413.680,"Actual Total Time": 413.810,"Actual Rows": 1217,"Actual Loops": 1,"Sort Key": ["(sum((partsupp.ps_supplycost * (partsupp.ps_availqty)::numeric))) DESC"],"Sort Method": "quicksort","Sort Space Used": 115,"Sort Space Type": "Memory","Plans": [{"Node Type": "Aggregate","Strategy": "Plain","Partial Mode": "Simple","Parent Relationship": "InitPlan","Subplan Name": "InitPlan 1 (returns $2)","Parallel Aware": false,"Async Capable": false,"Startup Cost": 4434.26,"Total Cost": 4434.27,"Plan Rows": 1,"Plan Width": 32,"Actual Startup Time": 121.350,"Actual Total Time": 121.366,"Actual Rows": 1,"Actual Loops": 1,"Plans": [{"Node Type": "Nested Loop","Parent Relationship": "Outer","Parallel Aware": false,"Async Capable": false,"Join Type": "Inner","Startup Cost": 7.81,"Total Cost": 4194.26,"Plan Rows": 32000,"Plan Width": 10,"Actual Startup Time": 0.211,"Actual Total Time": 114.479,"Actual Rows": 30080,"Actual Loops": 1,"Inner Unique": false,"Plans": [{"Node Type": "Nested Loop","Parent Relationship": "Outer","Parallel Aware": false,"Async Capable": false,"Join Type": "Inner","Startup Cost": 7.38,"Total Cost": 244.58,"Plan Rows": 400,"Plan Width": 4,"Actual Startup Time": 0.161,"Actual Total Time": 1.670,"Actual Rows": 376,"Actual Loops": 1,"Inner Unique": false,"Plans": [{"Node Type": "Seq Scan","Parent Relationship": "Outer","Parallel Aware": false,"Async Capable": false,"Relation Name": "nation","Alias": "nation_1","Startup Cost": 0.00,"Total Cost": 1.31,"Plan Rows": 1,"Plan Width": 4,"Actual Startup Time": 0.026,"Actual Total Time": 0.039,"Actual Rows": 1,"Actual Loops": 1,"Filter": "(n_name = 'KENYA'::bpchar)","Rows Removed by Filter": 24},{"Node Type": "Bitmap Heap Scan","Parent Relationship": "Inner","Parallel Aware": false,"Async Capable": false,"Relation Name": "supplier","Alias": "supplier_1","Startup Cost": 7.38,"Total Cost": 239.27,"Plan Rows": 400,"Plan Width": 8,"Actual Startup Time": 0.113,"Actual Total Time": 1.571,"Actual Rows": 376,"Actual Loops": 1,"Recheck Cond": "(s_nationkey = nation_1.n_nationkey)","Rows Removed by Index Recheck": 0,"Exact Heap Blocks": 179,"Lossy Heap Blocks": 0,"Plans": [{"Node Type": "Bitmap Index Scan","Parent Relationship": "Outer","Parallel Aware": false,"Async Capable": false,"Index Name": "idx_supplier_nation_key","Startup Cost": 0.00,"Total Cost": 7.29,"Plan Rows": 400,"Plan Width": 0,"Actual Startup Time": 0.082,"Actual Total Time": 0.086,"Actual Rows": 376,"Actual Loops": 1,"Index Cond": "(s_nationkey = nation_1.n_nationkey)"}]}]},{"Node Type": "Index Scan","Parent Relationship": "Inner","Parallel Aware": false,"Async Capable": false,"Scan Direction": "Forward","Index Name": "idx_partsupp_suppkey","Relation Name": "partsupp","Alias": "partsupp_1","Startup Cost": 0.42,"Total Cost": 9.07,"Plan Rows": 80,"Plan Width": 14,"Actual Startup Time": 0.014,"Actual Total Time": 0.288,"Actual Rows": 80,"Actual Loops": 376,"Index Cond": "(ps_suppkey = supplier_1.s_suppkey)","Rows Removed by Index Recheck": 0}]}]},{"Node Type": "Aggregate","Strategy": "Hashed","Partial Mode": "Simple","Parent Relationship": "Outer","Parallel Aware": false,"Async Capable": false,"Startup Cost": 4514.26,"Total Cost": 4994.26,"Plan Rows": 10667,"Plan Width": 36,"Actual Startup Time": 346.893,"Actual Total Time": 413.082,"Actual Rows": 1217,"Actual Loops": 1,"Group Key": ["partsupp.ps_partkey"],"Filter": "(sum((partsupp.ps_supplycost * (partsupp.ps_availqty)::numeric)) > $2)","Planned Partitions": 0,"HashAgg Batches": 1,"Peak Memory Usage": 17937,"Disk Usage": 0,"Rows Removed by Filter": 27288,"Plans": [{"Node Type": "Nested Loop","Parent Relationship": "Outer","Parallel Aware": false,"Async Capable": false,"Join Type": "Inner","Startup Cost": 7.81,"Total Cost": 4194.26,"Plan Rows": 32000,"Plan Width": 14,"Actual Startup Time": 0.423,"Actual Total Time": 185.679,"Actual Rows": 30080,"Actual Loops": 1,"Inner Unique": false,"Plans": [{"Node Type": "Nested Loop","Parent Relationship": "Outer","Parallel Aware": false,"Async Capable": false,"Join Type": "Inner","Startup Cost": 7.38,"Total Cost": 244.58,"Plan Rows": 400,"Plan Width": 4,"Actual Startup Time": 0.359,"Actual Total Time": 2.922,"Actual Rows": 376,"Actual Loops": 1,"Inner Unique": false,"Plans": [{"Node Type": "Seq Scan","Parent Relationship": "Outer","Parallel Aware": false,"Async Capable": false,"Relation Name": "nation","Alias": "nation","Startup Cost": 0.00,"Total Cost": 1.31,"Plan Rows": 1,"Plan Width": 4,"Actual Startup Time": 0.084,"Actual Total Time": 0.113,"Actual Rows": 1,"Actual Loops": 1,"Filter": "(n_name = 'KENYA'::bpchar)","Rows Removed by Filter": 24},{"Node Type": "Bitmap Heap Scan","Parent Relationship": "Inner","Parallel Aware": false,"Async Capable": false,"Relation Name": "supplier","Alias": "supplier","Startup Cost": 7.38,"Total Cost": 239.27,"Plan Rows": 400,"Plan Width": 8,"Actual Startup Time": 0.263,"Actual Total Time": 2.758,"Actual Rows": 376,"Actual Loops": 1,"Recheck Cond": "(s_nationkey = nation.n_nationkey)","Rows Removed by Index Recheck": 0,"Exact Heap Blocks": 179,"Lossy Heap Blocks": 0,"Plans": [{"Node Type": "Bitmap Index Scan","Parent Relationship": "Outer","Parallel Aware": false,"Async Capable": false,"Index Name": "idx_supplier_nation_key","Startup Cost": 0.00,"Total Cost": 7.29,"Plan Rows": 400,"Plan Width": 0,"Actual Startup Time": 0.183,"Actual Total Time": 0.184,"Actual Rows": 376,"Actual Loops": 1,"Index Cond": "(s_nationkey = nation.n_nationkey)"}]}]},{"Node Type": "Index Scan","Parent Relationship": "Inner","Parallel Aware": false,"Async Capable": false,"Scan Direction": "Forward","Index Name": "idx_partsupp_suppkey","Relation Name": "partsupp","Alias": "partsupp","Startup Cost": 0.42,"Total Cost": 9.07,"Plan Rows": 80,"Plan Width": 18,"Actual Startup Time": 0.018,"Actual Total Time": 0.474,"Actual Rows": 80,"Actual Loops": 376,"Index Cond": "(ps_suppkey = supplier.s_suppkey)","Rows Removed by Index Recheck": 0}]}]}]},"Planning Time": 5.474,"Triggers": [],"Execution Time": 416.886}]
[{"Plan": {"Node Type": "Sort","Parallel Aware": false,"Async Capable": false,"Startup Cost": 10142.20,"Total Cost": 10168.87,"Plan Rows": 10667,"Plan Width": 36,"Actual Startup Time": 452.788,"Actual Total Time": 452.912,"Actual Rows": 869,"Actual Loops": 1,"Sort Key": ["(sum((partsupp.ps_supplycost * (partsupp.ps_availqty)::numeric))) DESC"],"Sort Method": "quicksort","Sort Space Used": 72,"Sort Space Type": "Memory","Plans": [{"Node Type": "Aggregate","Strategy": "Plain","Partial Mode": "Simple","Parent Relationship": "InitPlan","Subplan Name": "InitPlan 1 (returns $2)","Parallel Aware": false,"Async Capable": false,"Startup Cost": 4434.26,"Total Cost": 4434.27,"Plan Rows": 1,"Plan Width": 32,"Actual Startup Time": 133.523,"Actual Total Time": 133.544,"Actual Rows": 1,"Actual Loops": 1,"Plans": [{"Node Type": "Nested Loop","Parent Relationship": "Outer","Parallel Aware": false,"Async Capable": false,"Join Type": "Inner","Startup Cost": 7.81,"Total Cost": 4194.26,"Plan Rows": 32000,"Plan Width": 10,"Actual Startup Time": 0.165,"Actual Total Time": 126.080,"Actual Rows": 32560,"Actual Loops": 1,"Inner Unique": false,"Plans": [{"Node Type": "Nested Loop","Parent Relationship": "Outer","Parallel Aware": false,"Async Capable": false,"Join Type": "Inner","Startup Cost": 7.38,"Total Cost": 244.58,"Plan Rows": 400,"Plan Width": 4,"Actual Startup Time": 0.133,"Actual Total Time": 1.798,"Actual Rows": 407,"Actual Loops": 1,"Inner Unique": false,"Plans": [{"Node Type": "Seq Scan","Parent Relationship": "Outer","Parallel Aware": false,"Async Capable": false,"Relation Name": "nation","Alias": "nation_1","Startup Cost": 0.00,"Total Cost": 1.31,"Plan Rows": 1,"Plan Width": 4,"Actual Startup Time": 0.028,"Actual Total Time": 0.044,"Actual Rows": 1,"Actual Loops": 1,"Filter": "(n_name = 'CHINA'::bpchar)","Rows Removed by Filter": 24},{"Node Type": "Bitmap Heap Scan","Parent Relationship": "Inner","Parallel Aware": false,"Async Capable": false,"Relation Name": "supplier","Alias": "supplier_1","Startup Cost": 7.38,"Total Cost": 239.27,"Plan Rows": 400,"Plan Width": 8,"Actual Startup Time": 0.091,"Actual Total Time": 1.697,"Actual Rows": 407,"Actual Loops": 1,"Recheck Cond": "(s_nationkey = nation_1.n_nationkey)","Rows Removed by Index Recheck": 0,"Exact Heap Blocks": 186,"Lossy Heap Blocks": 0,"Plans": [{"Node Type": "Bitmap Index Scan","Parent Relationship": "Outer","Parallel Aware": false,"Async Capable": false,"Index Name": "idx_supplier_nation_key","Startup Cost": 0.00,"Total Cost": 7.29,"Plan Rows": 400,"Plan Width": 0,"Actual Startup Time": 0.055,"Actual Total Time": 0.061,"Actual Rows": 407,"Actual Loops": 1,"Index Cond": "(s_nationkey = nation_1.n_nationkey)"}]}]},{"Node Type": "Index Scan","Parent Relationship": "Inner","Parallel Aware": false,"Async Capable": false,"Scan Direction": "Forward","Index Name": "idx_partsupp_suppkey","Relation Name": "partsupp","Alias": "partsupp_1","Startup Cost": 0.42,"Total Cost": 9.07,"Plan Rows": 80,"Plan Width": 14,"Actual Startup Time": 0.014,"Actual Total Time": 0.293,"Actual Rows": 80,"Actual Loops": 407,"Index Cond": "(ps_suppkey = supplier_1.s_suppkey)","Rows Removed by Index Recheck": 0}]}]},{"Node Type": "Aggregate","Strategy": "Hashed","Partial Mode": "Simple","Parent Relationship": "Outer","Parallel Aware": false,"Async Capable": false,"Startup Cost": 4514.26,"Total Cost": 4994.26,"Plan Rows": 10667,"Plan Width": 36,"Actual Startup Time": 377.714,"Actual Total Time": 452.344,"Actual Rows": 869,"Actual Loops": 1,"Group Key": ["partsupp.ps_partkey"],"Filter": "(sum((partsupp.ps_supplycost * (partsupp.ps_availqty)::numeric)) > $2)","Planned Partitions": 0,"HashAgg Batches": 1,"Peak Memory Usage": 17937,"Disk Usage": 0,"Rows Removed by Filter": 29770,"Plans": [{"Node Type": "Nested Loop","Parent Relationship": "Outer","Parallel Aware": false,"Async Capable": false,"Join Type": "Inner","Startup Cost": 7.81,"Total Cost": 4194.26,"Plan Rows": 32000,"Plan Width": 14,"Actual Startup Time": 0.336,"Actual Total Time": 203.001,"Actual Rows": 32560,"Actual Loops": 1,"Inner Unique": false,"Plans": [{"Node Type": "Nested Loop","Parent Relationship": "Outer","Parallel Aware": false,"Async Capable": false,"Join Type": "Inner","Startup Cost": 7.38,"Total Cost": 244.58,"Plan Rows": 400,"Plan Width": 4,"Actual Startup Time": 0.273,"Actual Total Time": 2.796,"Actual Rows": 407,"Actual Loops": 1,"Inner Unique": false,"Plans": [{"Node Type": "Seq Scan","Parent Relationship": "Outer","Parallel Aware": false,"Async Capable": false,"Relation Name": "nation","Alias": "nation","Startup Cost": 0.00,"Total Cost": 1.31,"Plan Rows": 1,"Plan Width": 4,"Actual Startup Time": 0.063,"Actual Total Time": 0.079,"Actual Rows": 1,"Actual Loops": 1,"Filter": "(n_name = 'CHINA'::bpchar)","Rows Removed by Filter": 24},{"Node Type": "Bitmap Heap Scan","Parent Relationship": "Inner","Parallel Aware": false,"Async Capable": false,"Relation Name": "supplier","Alias": "supplier","Startup Cost": 7.38,"Total Cost": 239.27,"Plan Rows": 400,"Plan Width": 8,"Actual Startup Time": 0.204,"Actual Total Time": 2.666,"Actual Rows": 407,"Actual Loops": 1,"Recheck Cond": "(s_nationkey = nation.n_nationkey)","Rows Removed by Index Recheck": 0,"Exact Heap Blocks": 186,"Lossy Heap Blocks": 0,"Plans": [{"Node Type": "Bitmap Index Scan","Parent Relationship": "Outer","Parallel Aware": false,"Async Capable": false,"Index Name": "idx_supplier_nation_key","Startup Cost": 0.00,"Total Cost": 7.29,"Plan Rows": 400,"Plan Width": 0,"Actual Startup Time": 0.129,"Actual Total Time": 0.129,"Actual Rows": 407,"Actual Loops": 1,"Index Cond": "(s_nationkey = nation.n_nationkey)"}]}]},{"Node Type": "Index Scan","Parent Relationship": "Inner","Parallel Aware": false,"Async Capable": false,"Scan Direction": "Forward","Index Name": "idx_partsupp_suppkey","Relation Name": "partsupp","Alias": "partsupp","Startup Cost": 0.42,"Total Cost": 9.07,"Plan Rows": 80,"Plan Width": 18,"Actual Startup Time": 0.020,"Actual Total Time": 0.480,"Actual Rows": 80,"Actual Loops": 407,"Index Cond": "(ps_suppkey = supplier.s_suppkey)","Rows Removed by Index Recheck": 0}]}]}]},"Planning Time": 7.317,"Triggers": [],"Execution Time": 456.700}]
[{"Plan": {"Node Type": "Sort","Parallel Aware": false,"Async Capable": false,"Startup Cost": 10142.20,"Total Cost": 10168.87,"Plan Rows": 10667,"Plan Width": 36,"Actual Startup Time": 451.065,"Actual Total Time": 451.181,"Actual Rows": 838,"Actual Loops": 1,"Sort Key": ["(sum((partsupp.ps_supplycost * (partsupp.ps_availqty)::numeric))) DESC"],"Sort Method": "quicksort","Sort Space Used": 70,"Sort Space Type": "Memory","Plans": [{"Node Type": "Aggregate","Strategy": "Plain","Partial Mode": "Simple","Parent Relationship": "InitPlan","Subplan Name": "InitPlan 1 (returns $2)","Parallel Aware": false,"Async Capable": false,"Startup Cost": 4434.26,"Total Cost": 4434.27,"Plan Rows": 1,"Plan Width": 32,"Actual Startup Time": 132.717,"Actual Total Time": 132.742,"Actual Rows": 1,"Actual Loops": 1,"Plans": [{"Node Type": "Nested Loop","Parent Relationship": "Outer","Parallel Aware": false,"Async Capable": false,"Join Type": "Inner","Startup Cost": 7.81,"Total Cost": 4194.26,"Plan Rows": 32000,"Plan Width": 10,"Actual Startup Time": 0.228,"Actual Total Time": 125.275,"Actual Rows": 32480,"Actual Loops": 1,"Inner Unique": false,"Plans": [{"Node Type": "Nested Loop","Parent Relationship": "Outer","Parallel Aware": false,"Async Capable": false,"Join Type": "Inner","Startup Cost": 7.38,"Total Cost": 244.58,"Plan Rows": 400,"Plan Width": 4,"Actual Startup Time": 0.174,"Actual Total Time": 1.839,"Actual Rows": 406,"Actual Loops": 1,"Inner Unique": false,"Plans": [{"Node Type": "Seq Scan","Parent Relationship": "Outer","Parallel Aware": false,"Async Capable": false,"Relation Name": "nation","Alias": "nation_1","Startup Cost": 0.00,"Total Cost": 1.31,"Plan Rows": 1,"Plan Width": 4,"Actual Startup Time": 0.052,"Actual Total Time": 0.067,"Actual Rows": 1,"Actual Loops": 1,"Filter": "(n_name = 'MOZAMBIQUE'::bpchar)","Rows Removed by Filter": 24},{"Node Type": "Bitmap Heap Scan","Parent Relationship": "Inner","Parallel Aware": false,"Async Capable": false,"Relation Name": "supplier","Alias": "supplier_1","Startup Cost": 7.38,"Total Cost": 239.27,"Plan Rows": 400,"Plan Width": 8,"Actual Startup Time": 0.112,"Actual Total Time": 1.721,"Actual Rows": 406,"Actual Loops": 1,"Recheck Cond": "(s_nationkey = nation_1.n_nationkey)","Rows Removed by Index Recheck": 0,"Exact Heap Blocks": 186,"Lossy Heap Blocks": 0,"Plans": [{"Node Type": "Bitmap Index Scan","Parent Relationship": "Outer","Parallel Aware": false,"Async Capable": false,"Index Name": "idx_supplier_nation_key","Startup Cost": 0.00,"Total Cost": 7.29,"Plan Rows": 400,"Plan Width": 0,"Actual Startup Time": 0.075,"Actual Total Time": 0.080,"Actual Rows": 406,"Actual Loops": 1,"Index Cond": "(s_nationkey = nation_1.n_nationkey)"}]}]},{"Node Type": "Index Scan","Parent Relationship": "Inner","Parallel Aware": false,"Async Capable": false,"Scan Direction": "Forward","Index Name": "idx_partsupp_suppkey","Relation Name": "partsupp","Alias": "partsupp_1","Startup Cost": 0.42,"Total Cost": 9.07,"Plan Rows": 80,"Plan Width": 14,"Actual Startup Time": 0.015,"Actual Total Time": 0.292,"Actual Rows": 80,"Actual Loops": 406,"Index Cond": "(ps_suppkey = supplier_1.s_suppkey)","Rows Removed by Index Recheck": 0}]}]},{"Node Type": "Aggregate","Strategy": "Hashed","Partial Mode": "Simple","Parent Relationship": "Outer","Parallel Aware": false,"Async Capable": false,"Startup Cost": 4514.26,"Total Cost": 4994.26,"Plan Rows": 10667,"Plan Width": 36,"Actual Startup Time": 378.862,"Actual Total Time": 450.673,"Actual Rows": 838,"Actual Loops": 1,"Group Key": ["partsupp.ps_partkey"],"Filter": "(sum((partsupp.ps_supplycost * (partsupp.ps_availqty)::numeric)) > $2)","Planned Partitions": 0,"HashAgg Batches": 1,"Peak Memory Usage": 17937,"Disk Usage": 0,"Rows Removed by Filter": 29832,"Plans": [{"Node Type": "Nested Loop","Parent Relationship": "Outer","Parallel Aware": false,"Async Capable": false,"Join Type": "Inner","Startup Cost": 7.81,"Total Cost": 4194.26,"Plan Rows": 32000,"Plan Width": 14,"Actual Startup Time": 0.382,"Actual Total Time": 202.282,"Actual Rows": 32480,"Actual Loops": 1,"Inner Unique": false,"Plans": [{"Node Type": "Nested Loop","Parent Relationship": "Outer","Parallel Aware": false,"Async Capable": false,"Join Type": "Inner","Startup Cost": 7.38,"Total Cost": 244.58,"Plan Rows": 400,"Plan Width": 4,"Actual Startup Time": 0.293,"Actual Total Time": 2.810,"Actual Rows": 406,"Actual Loops": 1,"Inner Unique": false,"Plans": [{"Node Type": "Seq Scan","Parent Relationship": "Outer","Parallel Aware": false,"Async Capable": false,"Relation Name": "nation","Alias": "nation","Startup Cost": 0.00,"Total Cost": 1.31,"Plan Rows": 1,"Plan Width": 4,"Actual Startup Time": 0.067,"Actual Total Time": 0.098,"Actual Rows": 1,"Actual Loops": 1,"Filter": "(n_name = 'MOZAMBIQUE'::bpchar)","Rows Removed by Filter": 24},{"Node Type": "Bitmap Heap Scan","Parent Relationship": "Inner","Parallel Aware": false,"Async Capable": false,"Relation Name": "supplier","Alias": "supplier","Startup Cost": 7.38,"Total Cost": 239.27,"Plan Rows": 400,"Plan Width": 8,"Actual Startup Time": 0.220,"Actual Total Time": 2.658,"Actual Rows": 406,"Actual Loops": 1,"Recheck Cond": "(s_nationkey = nation.n_nationkey)","Rows Removed by Index Recheck": 0,"Exact Heap Blocks": 186,"Lossy Heap Blocks": 0,"Plans": [{"Node Type": "Bitmap Index Scan","Parent Relationship": "Outer","Parallel Aware": false,"Async Capable": false,"Index Name": "idx_supplier_nation_key","Startup Cost": 0.00,"Total Cost": 7.29,"Plan Rows": 400,"Plan Width": 0,"Actual Startup Time": 0.147,"Actual Total Time": 0.149,"Actual Rows": 406,"Actual Loops": 1,"Index Cond": "(s_nationkey = nation.n_nationkey)"}]}]},{"Node Type": "Index Scan","Parent Relationship": "Inner","Parallel Aware": false,"Async Capable": false,"Scan Direction": "Forward","Index Name": "idx_partsupp_suppkey","Relation Name": "partsupp","Alias": "partsupp","Startup Cost": 0.42,"Total Cost": 9.07,"Plan Rows": 80,"Plan Width": 18,"Actual Startup Time": 0.020,"Actual Total Time": 0.480,"Actual Rows": 80,"Actual Loops": 406,"Index Cond": "(ps_suppkey = supplier.s_suppkey)","Rows Removed by Index Recheck": 0}]}]}]},"Planning Time": 6.783,"Triggers": [],"Execution Time": 454.405}]
[{"Plan": {"Node Type": "Sort","Parallel Aware": false,"Async Capable": false,"Startup Cost": 10142.20,"Total Cost": 10168.87,"Plan Rows": 10667,"Plan Width": 36,"Actual Startup Time": 452.788,"Actual Total Time": 452.912,"Actual Rows": 869,"Actual Loops": 1,"Sort Key": ["(sum((partsupp.ps_supplycost * (partsupp.ps_availqty)::numeric))) DESC"],"Sort Method": "quicksort","Sort Space Used": 72,"Sort Space Type": "Memory","Plans": [{"Node Type": "Aggregate","Strategy": "Plain","Partial Mode": "Simple","Parent Relationship": "InitPlan","Subplan Name": "InitPlan 1 (returns $2)","Parallel Aware": false,"Async Capable": false,"Startup Cost": 4434.26,"Total Cost": 4434.27,"Plan Rows": 1,"Plan Width": 32,"Actual Startup Time": 133.523,"Actual Total Time": 133.544,"Actual Rows": 1,"Actual Loops": 1,"Plans": [{"Node Type": "Nested Loop","Parent Relationship": "Outer","Parallel Aware": false,"Async Capable": false,"Join Type": "Inner","Startup Cost": 7.81,"Total Cost": 4194.26,"Plan Rows": 32000,"Plan Width": 10,"Actual Startup Time": 0.165,"Actual Total Time": 126.080,"Actual Rows": 32560,"Actual Loops": 1,"Inner Unique": false,"Plans": [{"Node Type": "Nested Loop","Parent Relationship": "Outer","Parallel Aware": false,"Async Capable": false,"Join Type": "Inner","Startup Cost": 7.38,"Total Cost": 244.58,"Plan Rows": 400,"Plan Width": 4,"Actual Startup Time": 0.133,"Actual Total Time": 1.798,"Actual Rows": 407,"Actual Loops": 1,"Inner Unique": false,"Plans": [{"Node Type": "Seq Scan","Parent Relationship": "Outer","Parallel Aware": false,"Async Capable": false,"Relation Name": "nation","Alias": "nation_1","Startup Cost": 0.00,"Total Cost": 1.31,"Plan Rows": 1,"Plan Width": 4,"Actual Startup Time": 0.028,"Actual Total Time": 0.044,"Actual Rows": 1,"Actual Loops": 1,"Filter": "(n_name = 'CHINA'::bpchar)","Rows Removed by Filter": 24},{"Node Type": "Bitmap Heap Scan","Parent Relationship": "Inner","Parallel Aware": false,"Async Capable": false,"Relation Name": "supplier","Alias": "supplier_1","Startup Cost": 7.38,"Total Cost": 239.27,"Plan Rows": 400,"Plan Width": 8,"Actual Startup Time": 0.091,"Actual Total Time": 1.697,"Actual Rows": 407,"Actual Loops": 1,"Recheck Cond": "(s_nationkey = nation_1.n_nationkey)","Rows Removed by Index Recheck": 0,"Exact Heap Blocks": 186,"Lossy Heap Blocks": 0,"Plans": [{"Node Type": "Bitmap Index Scan","Parent Relationship": "Outer","Parallel Aware": false,"Async Capable": false,"Index Name": "idx_supplier_nation_key","Startup Cost": 0.00,"Total Cost": 7.29,"Plan Rows": 400,"Plan Width": 0,"Actual Startup Time": 0.055,"Actual Total Time": 0.061,"Actual Rows": 407,"Actual Loops": 1,"Index Cond": "(s_nationkey = nation_1.n_nationkey)"}]}]},{"Node Type": "Index Scan","Parent Relationship": "Inner","Parallel Aware": false,"Async Capable": false,"Scan Direction": "Forward","Index Name": "idx_partsupp_suppkey","Relation Name": "partsupp","Alias": "partsupp_1","Startup Cost": 0.42,"Total Cost": 9.07,"Plan Rows": 80,"Plan Width": 14,"Actual Startup Time": 0.014,"Actual Total Time": 0.293,"Actual Rows": 80,"Actual Loops": 407,"Index Cond": "(ps_suppkey = supplier_1.s_suppkey)","Rows Removed by Index Recheck": 0}]}]},{"Node Type": "Aggregate","Strategy": "Hashed","Partial Mode": "Simple","Parent Relationship": "Outer","Parallel Aware": false,"Async Capable": false,"Startup Cost": 4514.26,"Total Cost": 4994.26,"Plan Rows": 10667,"Plan Width": 36,"Actual Startup Time": 377.714,"Actual Total Time": 452.344,"Actual Rows": 869,"Actual Loops": 1,"Group Key": ["partsupp.ps_partkey"],"Filter": "(sum((partsupp.ps_supplycost * (partsupp.ps_availqty)::numeric)) > $2)","Planned Partitions": 0,"HashAgg Batches": 1,"Peak Memory Usage": 17937,"Disk Usage": 0,"Rows Removed by Filter": 29770,"Plans": [{"Node Type": "Nested Loop","Parent Relationship": "Outer","Parallel Aware": false,"Async Capable": false,"Join Type": "Inner","Startup Cost": 7.81,"Total Cost": 4194.26,"Plan Rows": 32000,"Plan Width": 14,"Actual Startup Time": 0.336,"Actual Total Time": 203.001,"Actual Rows": 32560,"Actual Loops": 1,"Inner Unique": false,"Plans": [{"Node Type": "Nested Loop","Parent Relationship": "Outer","Parallel Aware": false,"Async Capable": false,"Join Type": "Inner","Startup Cost": 7.38,"Total Cost": 244.58,"Plan Rows": 400,"Plan Width": 4,"Actual Startup Time": 0.273,"Actual Total Time": 2.796,"Actual Rows": 407,"Actual Loops": 1,"Inner Unique": false,"Plans": [{"Node Type": "Seq Scan","Parent Relationship": "Outer","Parallel Aware": false,"Async Capable": false,"Relation Name": "nation","Alias": "nation","Startup Cost": 0.00,"Total Cost": 1.31,"Plan Rows": 1,"Plan Width": 4,"Actual Startup Time": 0.063,"Actual Total Time": 0.079,"Actual Rows": 1,"Actual Loops": 1,"Filter": "(n_name = 'CHINA'::bpchar)","Rows Removed by Filter": 24},{"Node Type": "Bitmap Heap Scan","Parent Relationship": "Inner","Parallel Aware": false,"Async Capable": false,"Relation Name": "supplier","Alias": "supplier","Startup Cost": 7.38,"Total Cost": 239.27,"Plan Rows": 400,"Plan Width": 8,"Actual Startup Time": 0.204,"Actual Total Time": 2.666,"Actual Rows": 407,"Actual Loops": 1,"Recheck Cond": "(s_nationkey = nation.n_nationkey)","Rows Removed by Index Recheck": 0,"Exact Heap Blocks": 186,"Lossy Heap Blocks": 0,"Plans": [{"Node Type": "Bitmap Index Scan","Parent Relationship": "Outer","Parallel Aware": false,"Async Capable": false,"Index Name": "idx_supplier_nation_key","Startup Cost": 0.00,"Total Cost": 7.29,"Plan Rows": 400,"Plan Width": 0,"Actual Startup Time": 0.129,"Actual Total Time": 0.129,"Actual Rows": 407,"Actual Loops": 1,"Index Cond": "(s_nationkey = nation.n_nationkey)"}]}]},{"Node Type": "Index Scan","Parent Relationship": "Inner","Parallel Aware": false,"Async Capable": false,"Scan Direction": "Forward","Index Name": "idx_partsupp_suppkey","Relation Name": "partsupp","Alias": "partsupp","Startup Cost": 0.42,"Total Cost": 9.07,"Plan Rows": 80,"Plan Width": 18,"Actual Startup Time": 0.020,"Actual Total Time": 0.480,"Actual Rows": 80,"Actual Loops": 407,"Index Cond": "(ps_suppkey = supplier.s_suppkey)","Rows Removed by Index Recheck": 0}]}]}]},"Planning Time": 7.317,"Triggers": [],"Execution Time": 456.700}]
[{"Plan": {"Node Type": "Sort","Parallel Aware": false,"Async Capable": false,"Startup Cost": 10142.20,"Total Cost": 10168.87,"Plan Rows": 10667,"Plan Width": 36,"Actual Startup Time": 433.392,"Actual Total Time": 433.521,"Actual Rows": 1062,"Actual Loops": 1,"Sort Key": ["(sum((partsupp.ps_supplycost * (partsupp.ps_availqty)::numeric))) DESC"],"Sort Method": "quicksort","Sort Space Used": 107,"Sort Space Type": "Memory","Plans": [{"Node Type": "Aggregate","Strategy": "Plain","Partial Mode": "Simple","Parent Relationship": "InitPlan","Subplan Name": "InitPlan 1 (returns $2)","Parallel Aware": false,"Async Capable": false,"Startup Cost": 4434.26,"Total Cost": 4434.27,"Plan Rows": 1,"Plan Width": 32,"Actual Startup Time": 125.971,"Actual Total Time": 125.990,"Actual Rows": 1,"Actual Loops": 1,"Plans": [{"Node Type": "Nested Loop","Parent Relationship": "Outer","Parallel Aware": false,"Async Capable": false,"Join Type": "Inner","Startup Cost": 7.81,"Total Cost": 4194.26,"Plan Rows": 32000,"Plan Width": 10,"Actual Startup Time": 0.203,"Actual Total Time": 118.781,"Actual Rows": 31440,"Actual Loops": 1,"Inner Unique": false,"Plans": [{"Node Type": "Nested Loop","Parent Relationship": "Outer","Parallel Aware": false,"Async Capable": false,"Join Type": "Inner","Startup Cost": 7.38,"Total Cost": 244.58,"Plan Rows": 400,"Plan Width": 4,"Actual Startup Time": 0.157,"Actual Total Time": 1.656,"Actual Rows": 393,"Actual Loops": 1,"Inner Unique": false,"Plans": [{"Node Type": "Seq Scan","Parent Relationship": "Outer","Parallel Aware": false,"Async Capable": false,"Relation Name": "nation","Alias": "nation_1","Startup Cost": 0.00,"Total Cost": 1.31,"Plan Rows": 1,"Plan Width": 4,"Actual Startup Time": 0.034,"Actual Total Time": 0.054,"Actual Rows": 1,"Actual Loops": 1,"Filter": "(n_name = 'IRAN'::bpchar)","Rows Removed by Filter": 24},{"Node Type": "Bitmap Heap Scan","Parent Relationship": "Inner","Parallel Aware": false,"Async Capable": false,"Relation Name": "supplier","Alias": "supplier_1","Startup Cost": 7.38,"Total Cost": 239.27,"Plan Rows": 400,"Plan Width": 8,"Actual Startup Time": 0.107,"Actual Total Time": 1.545,"Actual Rows": 393,"Actual Loops": 1,"Recheck Cond": "(s_nationkey = nation_1.n_nationkey)","Rows Removed by Index Recheck": 0,"Exact Heap Blocks": 179,"Lossy Heap Blocks": 0,"Plans": [{"Node Type": "Bitmap Index Scan","Parent Relationship": "Outer","Parallel Aware": false,"Async Capable": false,"Index Name": "idx_supplier_nation_key","Startup Cost": 0.00,"Total Cost": 7.29,"Plan Rows": 400,"Plan Width": 0,"Actual Startup Time": 0.076,"Actual Total Time": 0.080,"Actual Rows": 393,"Actual Loops": 1,"Index Cond": "(s_nationkey = nation_1.n_nationkey)"}]}]},{"Node Type": "Index Scan","Parent Relationship": "Inner","Parallel Aware": false,"Async Capable": false,"Scan Direction": "Forward","Index Name": "idx_partsupp_suppkey","Relation Name": "partsupp","Alias": "partsupp_1","Startup Cost": 0.42,"Total Cost": 9.07,"Plan Rows": 80,"Plan Width": 14,"Actual Startup Time": 0.014,"Actual Total Time": 0.286,"Actual Rows": 80,"Actual Loops": 393,"Index Cond": "(ps_suppkey = supplier_1.s_suppkey)","Rows Removed by Index Recheck": 0}]}]},{"Node Type": "Aggregate","Strategy": "Hashed","Partial Mode": "Simple","Parent Relationship": "Outer","Parallel Aware": false,"Async Capable": false,"Startup Cost": 4514.26,"Total Cost": 4994.26,"Plan Rows": 10667,"Plan Width": 36,"Actual Startup Time": 362.794,"Actual Total Time": 432.898,"Actual Rows": 1062,"Actual Loops": 1,"Group Key": ["partsupp.ps_partkey"],"Filter": "(sum((partsupp.ps_supplycost * (partsupp.ps_availqty)::numeric)) > $2)","Planned Partitions": 0,"HashAgg Batches": 1,"Peak Memory Usage": 17937,"Disk Usage": 0,"Rows Removed by Filter": 28595,"Plans": [{"Node Type": "Nested Loop","Parent Relationship": "Outer","Parallel Aware": false,"Async Capable": false,"Join Type": "Inner","Startup Cost": 7.81,"Total Cost": 4194.26,"Plan Rows": 32000,"Plan Width": 14,"Actual Startup Time": 0.338,"Actual Total Time": 194.810,"Actual Rows": 31440,"Actual Loops": 1,"Inner Unique": false,"Plans": [{"Node Type": "Nested Loop","Parent Relationship": "Outer","Parallel Aware": false,"Async Capable": false,"Join Type": "Inner","Startup Cost": 7.38,"Total Cost": 244.58,"Plan Rows": 400,"Plan Width": 4,"Actual Startup Time": 0.285,"Actual Total Time": 2.779,"Actual Rows": 393,"Actual Loops": 1,"Inner Unique": false,"Plans": [{"Node Type": "Seq Scan","Parent Relationship": "Outer","Parallel Aware": false,"Async Capable": false,"Relation Name": "nation","Alias": "nation","Startup Cost": 0.00,"Total Cost": 1.31,"Plan Rows": 1,"Plan Width": 4,"Actual Startup Time": 0.074,"Actual Total Time": 0.096,"Actual Rows": 1,"Actual Loops": 1,"Filter": "(n_name = 'IRAN'::bpchar)","Rows Removed by Filter": 24},{"Node Type": "Bitmap Heap Scan","Parent Relationship": "Inner","Parallel Aware": false,"Async Capable": false,"Relation Name": "supplier","Alias": "supplier","Startup Cost": 7.38,"Total Cost": 239.27,"Plan Rows": 400,"Plan Width": 8,"Actual Startup Time": 0.203,"Actual Total Time": 2.632,"Actual Rows": 393,"Actual Loops": 1,"Recheck Cond": "(s_nationkey = nation.n_nationkey)","Rows Removed by Index Recheck": 0,"Exact Heap Blocks": 179,"Lossy Heap Blocks": 0,"Plans": [{"Node Type": "Bitmap Index Scan","Parent Relationship": "Outer","Parallel Aware": false,"Async Capable": false,"Index Name": "idx_supplier_nation_key","Startup Cost": 0.00,"Total Cost": 7.29,"Plan Rows": 400,"Plan Width": 0,"Actual Startup Time": 0.138,"Actual Total Time": 0.139,"Actual Rows": 393,"Actual Loops": 1,"Index Cond": "(s_nationkey = nation.n_nationkey)"}]}]},{"Node Type": "Index Scan","Parent Relationship": "Inner","Parallel Aware": false,"Async Capable": false,"Scan Direction": "Forward","Index Name": "idx_partsupp_suppkey","Relation Name": "partsupp","Alias": "partsupp","Startup Cost": 0.42,"Total Cost": 9.07,"Plan Rows": 80,"Plan Width": 18,"Actual Startup Time": 0.019,"Actual Total Time": 0.477,"Actual Rows": 80,"Actual Loops": 393,"Index Cond": "(ps_suppkey = supplier.s_suppkey)","Rows Removed by Index Recheck": 0}]}]}]},"Planning Time": 6.603,"Triggers": [],"Execution Time": 437.000}]
[{"Plan": {"Node Type": "Sort","Parallel Aware": false,"Async Capable": false,"Startup Cost": 10142.20,"Total Cost": 10168.87,"Plan Rows": 10667,"Plan Width": 36,"Actual Startup Time": 449.560,"Actual Total Time": 449.671,"Actual Rows": 907,"Actual Loops": 1,"Sort Key": ["(sum((partsupp.ps_supplycost * (partsupp.ps_availqty)::numeric))) DESC"],"Sort Method": "quicksort","Sort Space Used": 74,"Sort Space Type": "Memory","Plans": [{"Node Type": "Aggregate","Strategy": "Plain","Partial Mode": "Simple","Parent Relationship": "InitPlan","Subplan Name": "InitPlan 1 (returns $2)","Parallel Aware": false,"Async Capable": false,"Startup Cost": 4434.26,"Total Cost": 4434.27,"Plan Rows": 1,"Plan Width": 32,"Actual Startup Time": 134.911,"Actual Total Time": 134.932,"Actual Rows": 1,"Actual Loops": 1,"Plans": [{"Node Type": "Nested Loop","Parent Relationship": "Outer","Parallel Aware": false,"Async Capable": false,"Join Type": "Inner","Startup Cost": 7.81,"Total Cost": 4194.26,"Plan Rows": 32000,"Plan Width": 10,"Actual Startup Time": 0.196,"Actual Total Time": 127.626,"Actual Rows": 31760,"Actual Loops": 1,"Inner Unique": false,"Plans": [{"Node Type": "Nested Loop","Parent Relationship": "Outer","Parallel Aware": false,"Async Capable": false,"Join Type": "Inner","Startup Cost": 7.38,"Total Cost": 244.58,"Plan Rows": 400,"Plan Width": 4,"Actual Startup Time": 0.146,"Actual Total Time": 1.719,"Actual Rows": 397,"Actual Loops": 1,"Inner Unique": false,"Plans": [{"Node Type": "Seq Scan","Parent Relationship": "Outer","Parallel Aware": false,"Async Capable": false,"Relation Name": "nation","Alias": "nation_1","Startup Cost": 0.00,"Total Cost": 1.31,"Plan Rows": 1,"Plan Width": 4,"Actual Startup Time": 0.024,"Actual Total Time": 0.052,"Actual Rows": 1,"Actual Loops": 1,"Filter": "(n_name = 'BRAZIL'::bpchar)","Rows Removed by Filter": 24},{"Node Type": "Bitmap Heap Scan","Parent Relationship": "Inner","Parallel Aware": false,"Async Capable": false,"Relation Name": "supplier","Alias": "supplier_1","Startup Cost": 7.38,"Total Cost": 239.27,"Plan Rows": 400,"Plan Width": 8,"Actual Startup Time": 0.105,"Actual Total Time": 1.602,"Actual Rows": 397,"Actual Loops": 1,"Recheck Cond": "(s_nationkey = nation_1.n_nationkey)","Rows Removed by Index Recheck": 0,"Exact Heap Blocks": 187,"Lossy Heap Blocks": 0,"Plans": [{"Node Type": "Bitmap Index Scan","Parent Relationship": "Outer","Parallel Aware": false,"Async Capable": false,"Index Name": "idx_supplier_nation_key","Startup Cost": 0.00,"Total Cost": 7.29,"Plan Rows": 400,"Plan Width": 0,"Actual Startup Time": 0.071,"Actual Total Time": 0.077,"Actual Rows": 397,"Actual Loops": 1,"Index Cond": "(s_nationkey = nation_1.n_nationkey)"}]}]},{"Node Type": "Index Scan","Parent Relationship": "Inner","Parallel Aware": false,"Async Capable": false,"Scan Direction": "Forward","Index Name": "idx_partsupp_suppkey","Relation Name": "partsupp","Alias": "partsupp_1","Startup Cost": 0.42,"Total Cost": 9.07,"Plan Rows": 80,"Plan Width": 14,"Actual Startup Time": 0.015,"Actual Total Time": 0.304,"Actual Rows": 80,"Actual Loops": 397,"Index Cond": "(ps_suppkey = supplier_1.s_suppkey)","Rows Removed by Index Recheck": 0}]}]},{"Node Type": "Aggregate","Strategy": "Hashed","Partial Mode": "Simple","Parent Relationship": "Outer","Parallel Aware": false,"Async Capable": false,"Startup Cost": 4514.26,"Total Cost": 4994.26,"Plan Rows": 10667,"Plan Width": 36,"Actual Startup Time": 378.380,"Actual Total Time": 449.162,"Actual Rows": 907,"Actual Loops": 1,"Group Key": ["partsupp.ps_partkey"],"Filter": "(sum((partsupp.ps_supplycost * (partsupp.ps_availqty)::numeric)) > $2)","Planned Partitions": 0,"HashAgg Batches": 1,"Peak Memory Usage": 17937,"Disk Usage": 0,"Rows Removed by Filter": 29157,"Plans": [{"Node Type": "Nested Loop","Parent Relationship": "Outer","Parallel Aware": false,"Async Capable": false,"Join Type": "Inner","Startup Cost": 7.81,"Total Cost": 4194.26,"Plan Rows": 32000,"Plan Width": 14,"Actual Startup Time": 0.353,"Actual Total Time": 195.500,"Actual Rows": 31760,"Actual Loops": 1,"Inner Unique": false,"Plans": [{"Node Type": "Nested Loop","Parent Relationship": "Outer","Parallel Aware": false,"Async Capable": false,"Join Type": "Inner","Startup Cost": 7.38,"Total Cost": 244.58,"Plan Rows": 400,"Plan Width": 4,"Actual Startup Time": 0.264,"Actual Total Time": 2.773,"Actual Rows": 397,"Actual Loops": 1,"Inner Unique": false,"Plans": [{"Node Type": "Seq Scan","Parent Relationship": "Outer","Parallel Aware": false,"Async Capable": false,"Relation Name": "nation","Alias": "nation","Startup Cost": 0.00,"Total Cost": 1.31,"Plan Rows": 1,"Plan Width": 4,"Actual Startup Time": 0.057,"Actual Total Time": 0.077,"Actual Rows": 1,"Actual Loops": 1,"Filter": "(n_name = 'BRAZIL'::bpchar)","Rows Removed by Filter": 24},{"Node Type": "Bitmap Heap Scan","Parent Relationship": "Inner","Parallel Aware": false,"Async Capable": false,"Relation Name": "supplier","Alias": "supplier","Startup Cost": 7.38,"Total Cost": 239.27,"Plan Rows": 400,"Plan Width": 8,"Actual Startup Time": 0.205,"Actual Total Time": 2.649,"Actual Rows": 397,"Actual Loops": 1,"Recheck Cond": "(s_nationkey = nation.n_nationkey)","Rows Removed by Index Recheck": 0,"Exact Heap Blocks": 187,"Lossy Heap Blocks": 0,"Plans": [{"Node Type": "Bitmap Index Scan","Parent Relationship": "Outer","Parallel Aware": false,"Async Capable": false,"Index Name": "idx_supplier_nation_key","Startup Cost": 0.00,"Total Cost": 7.29,"Plan Rows": 400,"Plan Width": 0,"Actual Startup Time": 0.130,"Actual Total Time": 0.131,"Actual Rows": 397,"Actual Loops": 1,"Index Cond": "(s_nationkey = nation.n_nationkey)"}]}]},{"Node Type": "Index Scan","Parent Relationship": "Inner","Parallel Aware": false,"Async Capable": false,"Scan Direction": "Forward","Index Name": "idx_partsupp_suppkey","Relation Name": "partsupp","Alias": "partsupp","Startup Cost": 0.42,"Total Cost": 9.07,"Plan Rows": 80,"Plan Width": 18,"Actual Startup Time": 0.020,"Actual Total Time": 0.474,"Actual Rows": 80,"Actual Loops": 397,"Index Cond": "(ps_suppkey = supplier.s_suppkey)","Rows Removed by Index Recheck": 0}]}]}]},"Planning Time": 5.165,"Triggers": [],"Execution Time": 452.133}]
[{"Plan": {"Node Type": "Sort","Parallel Aware": false,"Async Capable": false,"Startup Cost": 10142.20,"Total Cost": 10168.87,"Plan Rows": 10667,"Plan Width": 36,"Actual Startup Time": 431.698,"Actual Total Time": 431.824,"Actual Rows": 911,"Actual Loops": 1,"Sort Key": ["(sum((partsupp.ps_supplycost * (partsupp.ps_availqty)::numeric))) DESC"],"Sort Method": "quicksort","Sort Space Used": 74,"Sort Space Type": "Memory","Plans": [{"Node Type": "Aggregate","Strategy": "Plain","Partial Mode": "Simple","Parent Relationship": "InitPlan","Subplan Name": "InitPlan 1 (returns $2)","Parallel Aware": false,"Async Capable": false,"Startup Cost": 4434.26,"Total Cost": 4434.27,"Plan Rows": 1,"Plan Width": 32,"Actual Startup Time": 129.087,"Actual Total Time": 129.106,"Actual Rows": 1,"Actual Loops": 1,"Plans": [{"Node Type": "Nested Loop","Parent Relationship": "Outer","Parallel Aware": false,"Async Capable": false,"Join Type": "Inner","Startup Cost": 7.81,"Total Cost": 4194.26,"Plan Rows": 32000,"Plan Width": 10,"Actual Startup Time": 0.210,"Actual Total Time": 121.870,"Actual Rows": 32160,"Actual Loops": 1,"Inner Unique": false,"Plans": [{"Node Type": "Nested Loop","Parent Relationship": "Outer","Parallel Aware": false,"Async Capable": false,"Join Type": "Inner","Startup Cost": 7.38,"Total Cost": 244.58,"Plan Rows": 400,"Plan Width": 4,"Actual Startup Time": 0.174,"Actual Total Time": 1.780,"Actual Rows": 402,"Actual Loops": 1,"Inner Unique": false,"Plans": [{"Node Type": "Seq Scan","Parent Relationship": "Outer","Parallel Aware": false,"Async Capable": false,"Relation Name": "nation","Alias": "nation_1","Startup Cost": 0.00,"Total Cost": 1.31,"Plan Rows": 1,"Plan Width": 4,"Actual Startup Time": 0.036,"Actual Total Time": 0.056,"Actual Rows": 1,"Actual Loops": 1,"Filter": "(n_name = 'FRANCE'::bpchar)","Rows Removed by Filter": 24},{"Node Type": "Bitmap Heap Scan","Parent Relationship": "Inner","Parallel Aware": false,"Async Capable": false,"Relation Name": "supplier","Alias": "supplier_1","Startup Cost": 7.38,"Total Cost": 239.27,"Plan Rows": 400,"Plan Width": 8,"Actual Startup Time": 0.119,"Actual Total Time": 1.663,"Actual Rows": 402,"Actual Loops": 1,"Recheck Cond": "(s_nationkey = nation_1.n_nationkey)","Rows Removed by Index Recheck": 0,"Exact Heap Blocks": 184,"Lossy Heap Blocks": 0,"Plans": [{"Node Type": "Bitmap Index Scan","Parent Relationship": "Outer","Parallel Aware": false,"Async Capable": false,"Index Name": "idx_supplier_nation_key","Startup Cost": 0.00,"Total Cost": 7.29,"Plan Rows": 400,"Plan Width": 0,"Actual Startup Time": 0.075,"Actual Total Time": 0.079,"Actual Rows": 402,"Actual Loops": 1,"Index Cond": "(s_nationkey = nation_1.n_nationkey)"}]}]},{"Node Type": "Index Scan","Parent Relationship": "Inner","Parallel Aware": false,"Async Capable": false,"Scan Direction": "Forward","Index Name": "idx_partsupp_suppkey","Relation Name": "partsupp","Alias": "partsupp_1","Startup Cost": 0.42,"Total Cost": 9.07,"Plan Rows": 80,"Plan Width": 14,"Actual Startup Time": 0.014,"Actual Total Time": 0.286,"Actual Rows": 80,"Actual Loops": 402,"Index Cond": "(ps_suppkey = supplier_1.s_suppkey)","Rows Removed by Index Recheck": 0}]}]},{"Node Type": "Aggregate","Strategy": "Hashed","Partial Mode": "Simple","Parent Relationship": "Outer","Parallel Aware": false,"Async Capable": false,"Startup Cost": 4514.26,"Total Cost": 4994.26,"Plan Rows": 10667,"Plan Width": 36,"Actual Startup Time": 359.069,"Actual Total Time": 431.218,"Actual Rows": 911,"Actual Loops": 1,"Group Key": ["partsupp.ps_partkey"],"Filter": "(sum((partsupp.ps_supplycost * (partsupp.ps_availqty)::numeric)) > $2)","Planned Partitions": 0,"HashAgg Batches": 1,"Peak Memory Usage": 17937,"Disk Usage": 0,"Rows Removed by Filter": 29336,"Plans": [{"Node Type": "Nested Loop","Parent Relationship": "Outer","Parallel Aware": false,"Async Capable": false,"Join Type": "Inner","Startup Cost": 7.81,"Total Cost": 4194.26,"Plan Rows": 32000,"Plan Width": 14,"Actual Startup Time": 0.330,"Actual Total Time": 187.860,"Actual Rows": 32160,"Actual Loops": 1,"Inner Unique": false,"Plans": [{"Node Type": "Nested Loop","Parent Relationship": "Outer","Parallel Aware": false,"Async Capable": false,"Join Type": "Inner","Startup Cost": 7.38,"Total Cost": 244.58,"Plan Rows": 400,"Plan Width": 4,"Actual Startup Time": 0.249,"Actual Total Time": 2.513,"Actual Rows": 402,"Actual Loops": 1,"Inner Unique": false,"Plans": [{"Node Type": "Seq Scan","Parent Relationship": "Outer","Parallel Aware": false,"Async Capable": false,"Relation Name": "nation","Alias": "nation","Startup Cost": 0.00,"Total Cost": 1.31,"Plan Rows": 1,"Plan Width": 4,"Actual Startup Time": 0.077,"Actual Total Time": 0.097,"Actual Rows": 1,"Actual Loops": 1,"Filter": "(n_name = 'FRANCE'::bpchar)","Rows Removed by Filter": 24},{"Node Type": "Bitmap Heap Scan","Parent Relationship": "Inner","Parallel Aware": false,"Async Capable": false,"Relation Name": "supplier","Alias": "supplier","Startup Cost": 7.38,"Total Cost": 239.27,"Plan Rows": 400,"Plan Width": 8,"Actual Startup Time": 0.163,"Actual Total Time": 2.362,"Actual Rows": 402,"Actual Loops": 1,"Recheck Cond": "(s_nationkey = nation.n_nationkey)","Rows Removed by Index Recheck": 0,"Exact Heap Blocks": 184,"Lossy Heap Blocks": 0,"Plans": [{"Node Type": "Bitmap Index Scan","Parent Relationship": "Outer","Parallel Aware": false,"Async Capable": false,"Index Name": "idx_supplier_nation_key","Startup Cost": 0.00,"Total Cost": 7.29,"Plan Rows": 400,"Plan Width": 0,"Actual Startup Time": 0.112,"Actual Total Time": 0.113,"Actual Rows": 402,"Actual Loops": 1,"Index Cond": "(s_nationkey = nation.n_nationkey)"}]}]},{"Node Type": "Index Scan","Parent Relationship": "Inner","Parallel Aware": false,"Async Capable": false,"Scan Direction": "Forward","Index Name": "idx_partsupp_suppkey","Relation Name": "partsupp","Alias": "partsupp","Startup Cost": 0.42,"Total Cost": 9.07,"Plan Rows": 80,"Plan Width": 18,"Actual Startup Time": 0.018,"Actual Total Time": 0.449,"Actual Rows": 80,"Actual Loops": 402,"Index Cond": "(ps_suppkey = supplier.s_suppkey)","Rows Removed by Index Recheck": 0}]}]}]},"Planning Time": 7.171,"Triggers": [],"Execution Time": 434.998}]
[{"Plan": {"Node Type": "Sort","Parallel Aware": false,"Async Capable": false,"Startup Cost": 10142.20,"Total Cost": 10168.87,"Plan Rows": 10667,"Plan Width": 36,"Actual Startup Time": 451.065,"Actual Total Time": 451.181,"Actual Rows": 838,"Actual Loops": 1,"Sort Key": ["(sum((partsupp.ps_supplycost * (partsupp.ps_availqty)::numeric))) DESC"],"Sort Method": "quicksort","Sort Space Used": 70,"Sort Space Type": "Memory","Plans": [{"Node Type": "Aggregate","Strategy": "Plain","Partial Mode": "Simple","Parent Relationship": "InitPlan","Subplan Name": "InitPlan 1 (returns $2)","Parallel Aware": false,"Async Capable": false,"Startup Cost": 4434.26,"Total Cost": 4434.27,"Plan Rows": 1,"Plan Width": 32,"Actual Startup Time": 132.717,"Actual Total Time": 132.742,"Actual Rows": 1,"Actual Loops": 1,"Plans": [{"Node Type": "Nested Loop","Parent Relationship": "Outer","Parallel Aware": false,"Async Capable": false,"Join Type": "Inner","Startup Cost": 7.81,"Total Cost": 4194.26,"Plan Rows": 32000,"Plan Width": 10,"Actual Startup Time": 0.228,"Actual Total Time": 125.275,"Actual Rows": 32480,"Actual Loops": 1,"Inner Unique": false,"Plans": [{"Node Type": "Nested Loop","Parent Relationship": "Outer","Parallel Aware": false,"Async Capable": false,"Join Type": "Inner","Startup Cost": 7.38,"Total Cost": 244.58,"Plan Rows": 400,"Plan Width": 4,"Actual Startup Time": 0.174,"Actual Total Time": 1.839,"Actual Rows": 406,"Actual Loops": 1,"Inner Unique": false,"Plans": [{"Node Type": "Seq Scan","Parent Relationship": "Outer","Parallel Aware": false,"Async Capable": false,"Relation Name": "nation","Alias": "nation_1","Startup Cost": 0.00,"Total Cost": 1.31,"Plan Rows": 1,"Plan Width": 4,"Actual Startup Time": 0.052,"Actual Total Time": 0.067,"Actual Rows": 1,"Actual Loops": 1,"Filter": "(n_name = 'MOZAMBIQUE'::bpchar)","Rows Removed by Filter": 24},{"Node Type": "Bitmap Heap Scan","Parent Relationship": "Inner","Parallel Aware": false,"Async Capable": false,"Relation Name": "supplier","Alias": "supplier_1","Startup Cost": 7.38,"Total Cost": 239.27,"Plan Rows": 400,"Plan Width": 8,"Actual Startup Time": 0.112,"Actual Total Time": 1.721,"Actual Rows": 406,"Actual Loops": 1,"Recheck Cond": "(s_nationkey = nation_1.n_nationkey)","Rows Removed by Index Recheck": 0,"Exact Heap Blocks": 186,"Lossy Heap Blocks": 0,"Plans": [{"Node Type": "Bitmap Index Scan","Parent Relationship": "Outer","Parallel Aware": false,"Async Capable": false,"Index Name": "idx_supplier_nation_key","Startup Cost": 0.00,"Total Cost": 7.29,"Plan Rows": 400,"Plan Width": 0,"Actual Startup Time": 0.075,"Actual Total Time": 0.080,"Actual Rows": 406,"Actual Loops": 1,"Index Cond": "(s_nationkey = nation_1.n_nationkey)"}]}]},{"Node Type": "Index Scan","Parent Relationship": "Inner","Parallel Aware": false,"Async Capable": false,"Scan Direction": "Forward","Index Name": "idx_partsupp_suppkey","Relation Name": "partsupp","Alias": "partsupp_1","Startup Cost": 0.42,"Total Cost": 9.07,"Plan Rows": 80,"Plan Width": 14,"Actual Startup Time": 0.015,"Actual Total Time": 0.292,"Actual Rows": 80,"Actual Loops": 406,"Index Cond": "(ps_suppkey = supplier_1.s_suppkey)","Rows Removed by Index Recheck": 0}]}]},{"Node Type": "Aggregate","Strategy": "Hashed","Partial Mode": "Simple","Parent Relationship": "Outer","Parallel Aware": false,"Async Capable": false,"Startup Cost": 4514.26,"Total Cost": 4994.26,"Plan Rows": 10667,"Plan Width": 36,"Actual Startup Time": 378.862,"Actual Total Time": 450.673,"Actual Rows": 838,"Actual Loops": 1,"Group Key": ["partsupp.ps_partkey"],"Filter": "(sum((partsupp.ps_supplycost * (partsupp.ps_availqty)::numeric)) > $2)","Planned Partitions": 0,"HashAgg Batches": 1,"Peak Memory Usage": 17937,"Disk Usage": 0,"Rows Removed by Filter": 29832,"Plans": [{"Node Type": "Nested Loop","Parent Relationship": "Outer","Parallel Aware": false,"Async Capable": false,"Join Type": "Inner","Startup Cost": 7.81,"Total Cost": 4194.26,"Plan Rows": 32000,"Plan Width": 14,"Actual Startup Time": 0.382,"Actual Total Time": 202.282,"Actual Rows": 32480,"Actual Loops": 1,"Inner Unique": false,"Plans": [{"Node Type": "Nested Loop","Parent Relationship": "Outer","Parallel Aware": false,"Async Capable": false,"Join Type": "Inner","Startup Cost": 7.38,"Total Cost": 244.58,"Plan Rows": 400,"Plan Width": 4,"Actual Startup Time": 0.293,"Actual Total Time": 2.810,"Actual Rows": 406,"Actual Loops": 1,"Inner Unique": false,"Plans": [{"Node Type": "Seq Scan","Parent Relationship": "Outer","Parallel Aware": false,"Async Capable": false,"Relation Name": "nation","Alias": "nation","Startup Cost": 0.00,"Total Cost": 1.31,"Plan Rows": 1,"Plan Width": 4,"Actual Startup Time": 0.067,"Actual Total Time": 0.098,"Actual Rows": 1,"Actual Loops": 1,"Filter": "(n_name = 'MOZAMBIQUE'::bpchar)","Rows Removed by Filter": 24},{"Node Type": "Bitmap Heap Scan","Parent Relationship": "Inner","Parallel Aware": false,"Async Capable": false,"Relation Name": "supplier","Alias": "supplier","Startup Cost": 7.38,"Total Cost": 239.27,"Plan Rows": 400,"Plan Width": 8,"Actual Startup Time": 0.220,"Actual Total Time": 2.658,"Actual Rows": 406,"Actual Loops": 1,"Recheck Cond": "(s_nationkey = nation.n_nationkey)","Rows Removed by Index Recheck": 0,"Exact Heap Blocks": 186,"Lossy Heap Blocks": 0,"Plans": [{"Node Type": "Bitmap Index Scan","Parent Relationship": "Outer","Parallel Aware": false,"Async Capable": false,"Index Name": "idx_supplier_nation_key","Startup Cost": 0.00,"Total Cost": 7.29,"Plan Rows": 400,"Plan Width": 0,"Actual Startup Time": 0.147,"Actual Total Time": 0.149,"Actual Rows": 406,"Actual Loops": 1,"Index Cond": "(s_nationkey = nation.n_nationkey)"}]}]},{"Node Type": "Index Scan","Parent Relationship": "Inner","Parallel Aware": false,"Async Capable": false,"Scan Direction": "Forward","Index Name": "idx_partsupp_suppkey","Relation Name": "partsupp","Alias": "partsupp","Startup Cost": 0.42,"Total Cost": 9.07,"Plan Rows": 80,"Plan Width": 18,"Actual Startup Time": 0.020,"Actual Total Time": 0.480,"Actual Rows": 80,"Actual Loops": 406,"Index Cond": "(ps_suppkey = supplier.s_suppkey)","Rows Removed by Index Recheck": 0}]}]}]},"Planning Time": 6.783,"Triggers": [],"Execution Time": 454.405}]
[{"Plan": {"Node Type": "Sort","Parallel Aware": false,"Async Capable": false,"Startup Cost": 10142.20,"Total Cost": 10168.87,"Plan Rows": 10667,"Plan Width": 36,"Actual Startup Time": 427.262,"Actual Total Time": 427.423,"Actual Rows": 1241,"Actual Loops": 1,"Sort Key": ["(sum((partsupp.ps_supplycost * (partsupp.ps_availqty)::numeric))) DESC"],"Sort Method": "quicksort","Sort Space Used": 116,"Sort Space Type": "Memory","Plans": [{"Node Type": "Aggregate","Strategy": "Plain","Partial Mode": "Simple","Parent Relationship": "InitPlan","Subplan Name": "InitPlan 1 (returns $2)","Parallel Aware": false,"Async Capable": false,"Startup Cost": 4434.26,"Total Cost": 4434.27,"Plan Rows": 1,"Plan Width": 32,"Actual Startup Time": 127.406,"Actual Total Time": 127.426,"Actual Rows": 1,"Actual Loops": 1,"Plans": [{"Node Type": "Nested Loop","Parent Relationship": "Outer","Parallel Aware": false,"Async Capable": false,"Join Type": "Inner","Startup Cost": 7.81,"Total Cost": 4194.26,"Plan Rows": 32000,"Plan Width": 10,"Actual Startup Time": 0.226,"Actual Total Time": 120.281,"Actual Rows": 30400,"Actual Loops": 1,"Inner Unique": false,"Plans": [{"Node Type": "Nested Loop","Parent Relationship": "Outer","Parallel Aware": false,"Async Capable": false,"Join Type": "Inner","Startup Cost": 7.38,"Total Cost": 244.58,"Plan Rows": 400,"Plan Width": 4,"Actual Startup Time": 0.174,"Actual Total Time": 1.741,"Actual Rows": 380,"Actual Loops": 1,"Inner Unique": false,"Plans": [{"Node Type": "Seq Scan","Parent Relationship": "Outer","Parallel Aware": false,"Async Capable": false,"Relation Name": "nation","Alias": "nation_1","Startup Cost": 0.00,"Total Cost": 1.31,"Plan Rows": 1,"Plan Width": 4,"Actual Startup Time": 0.028,"Actual Total Time": 0.042,"Actual Rows": 1,"Actual Loops": 1,"Filter": "(n_name = 'ETHIOPIA'::bpchar)","Rows Removed by Filter": 24},{"Node Type": "Bitmap Heap Scan","Parent Relationship": "Inner","Parallel Aware": false,"Async Capable": false,"Relation Name": "supplier","Alias": "supplier_1","Startup Cost": 7.38,"Total Cost": 239.27,"Plan Rows": 400,"Plan Width": 8,"Actual Startup Time": 0.130,"Actual Total Time": 1.641,"Actual Rows": 380,"Actual Loops": 1,"Recheck Cond": "(s_nationkey = nation_1.n_nationkey)","Rows Removed by Index Recheck": 0,"Exact Heap Blocks": 192,"Lossy Heap Blocks": 0,"Plans": [{"Node Type": "Bitmap Index Scan","Parent Relationship": "Outer","Parallel Aware": false,"Async Capable": false,"Index Name": "idx_supplier_nation_key","Startup Cost": 0.00,"Total Cost": 7.29,"Plan Rows": 400,"Plan Width": 0,"Actual Startup Time": 0.089,"Actual Total Time": 0.091,"Actual Rows": 380,"Actual Loops": 1,"Index Cond": "(s_nationkey = nation_1.n_nationkey)"}]}]},{"Node Type": "Index Scan","Parent Relationship": "Inner","Parallel Aware": false,"Async Capable": false,"Scan Direction": "Forward","Index Name": "idx_partsupp_suppkey","Relation Name": "partsupp","Alias": "partsupp_1","Startup Cost": 0.42,"Total Cost": 9.07,"Plan Rows": 80,"Plan Width": 14,"Actual Startup Time": 0.015,"Actual Total Time": 0.299,"Actual Rows": 80,"Actual Loops": 380,"Index Cond": "(ps_suppkey = supplier_1.s_suppkey)","Rows Removed by Index Recheck": 0}]}]},{"Node Type": "Aggregate","Strategy": "Hashed","Partial Mode": "Simple","Parent Relationship": "Outer","Parallel Aware": false,"Async Capable": false,"Startup Cost": 4514.26,"Total Cost": 4994.26,"Plan Rows": 10667,"Plan Width": 36,"Actual Startup Time": 359.706,"Actual Total Time": 426.732,"Actual Rows": 1241,"Actual Loops": 1,"Group Key": ["partsupp.ps_partkey"],"Filter": "(sum((partsupp.ps_supplycost * (partsupp.ps_availqty)::numeric)) > $2)","Planned Partitions": 0,"HashAgg Batches": 1,"Peak Memory Usage": 17937,"Disk Usage": 0,"Rows Removed by Filter": 27374,"Plans": [{"Node Type": "Nested Loop","Parent Relationship": "Outer","Parallel Aware": false,"Async Capable": false,"Join Type": "Inner","Startup Cost": 7.81,"Total Cost": 4194.26,"Plan Rows": 32000,"Plan Width": 14,"Actual Startup Time": 0.377,"Actual Total Time": 187.744,"Actual Rows": 30400,"Actual Loops": 1,"Inner Unique": false,"Plans": [{"Node Type": "Nested Loop","Parent Relationship": "Outer","Parallel Aware": false,"Async Capable": false,"Join Type": "Inner","Startup Cost": 7.38,"Total Cost": 244.58,"Plan Rows": 400,"Plan Width": 4,"Actual Startup Time": 0.305,"Actual Total Time": 2.864,"Actual Rows": 380,"Actual Loops": 1,"Inner Unique": false,"Plans": [{"Node Type": "Seq Scan","Parent Relationship": "Outer","Parallel Aware": false,"Async Capable": false,"Relation Name": "nation","Alias": "nation","Startup Cost": 0.00,"Total Cost": 1.31,"Plan Rows": 1,"Plan Width": 4,"Actual Startup Time": 0.073,"Actual Total Time": 0.091,"Actual Rows": 1,"Actual Loops": 1,"Filter": "(n_name = 'ETHIOPIA'::bpchar)","Rows Removed by Filter": 24},{"Node Type": "Bitmap Heap Scan","Parent Relationship": "Inner","Parallel Aware": false,"Async Capable": false,"Relation Name": "supplier","Alias": "supplier","Startup Cost": 7.38,"Total Cost": 239.27,"Plan Rows": 400,"Plan Width": 8,"Actual Startup Time": 0.228,"Actual Total Time": 2.728,"Actual Rows": 380,"Actual Loops": 1,"Recheck Cond": "(s_nationkey = nation.n_nationkey)","Rows Removed by Index Recheck": 0,"Exact Heap Blocks": 192,"Lossy Heap Blocks": 0,"Plans": [{"Node Type": "Bitmap Index Scan","Parent Relationship": "Outer","Parallel Aware": false,"Async Capable": false,"Index Name": "idx_supplier_nation_key","Startup Cost": 0.00,"Total Cost": 7.29,"Plan Rows": 400,"Plan Width": 0,"Actual Startup Time": 0.146,"Actual Total Time": 0.146,"Actual Rows": 380,"Actual Loops": 1,"Index Cond": "(s_nationkey = nation.n_nationkey)"}]}]},{"Node Type": "Index Scan","Parent Relationship": "Inner","Parallel Aware": false,"Async Capable": false,"Scan Direction": "Forward","Index Name": "idx_partsupp_suppkey","Relation Name": "partsupp","Alias": "partsupp","Startup Cost": 0.42,"Total Cost": 9.07,"Plan Rows": 80,"Plan Width": 18,"Actual Startup Time": 0.020,"Actual Total Time": 0.475,"Actual Rows": 80,"Actual Loops": 380,"Index Cond": "(ps_suppkey = supplier.s_suppkey)","Rows Removed by Index Recheck": 0}]}]}]},"Planning Time": 7.180,"Triggers": [],"Execution Time": 429.797}]
[{"Plan": {"Node Type": "Sort","Parallel Aware": false,"Async Capable": false,"Startup Cost": 10142.20,"Total Cost": 10168.87,"Plan Rows": 10667,"Plan Width": 36,"Actual Startup Time": 400.788,"Actual Total Time": 400.942,"Actual Rows": 1469,"Actual Loops": 1,"Sort Key": ["(sum((partsupp.ps_supplycost * (partsupp.ps_availqty)::numeric))) DESC"],"Sort Method": "quicksort","Sort Space Used": 129,"Sort Space Type": "Memory","Plans": [{"Node Type": "Aggregate","Strategy": "Plain","Partial Mode": "Simple","Parent Relationship": "InitPlan","Subplan Name": "InitPlan 1 (returns $2)","Parallel Aware": false,"Async Capable": false,"Startup Cost": 4434.26,"Total Cost": 4434.27,"Plan Rows": 1,"Plan Width": 32,"Actual Startup Time": 117.250,"Actual Total Time": 117.272,"Actual Rows": 1,"Actual Loops": 1,"Plans": [{"Node Type": "Nested Loop","Parent Relationship": "Outer","Parallel Aware": false,"Async Capable": false,"Join Type": "Inner","Startup Cost": 7.81,"Total Cost": 4194.26,"Plan Rows": 32000,"Plan Width": 10,"Actual Startup Time": 0.216,"Actual Total Time": 110.575,"Actual Rows": 28960,"Actual Loops": 1,"Inner Unique": false,"Plans": [{"Node Type": "Nested Loop","Parent Relationship": "Outer","Parallel Aware": false,"Async Capable": false,"Join Type": "Inner","Startup Cost": 7.38,"Total Cost": 244.58,"Plan Rows": 400,"Plan Width": 4,"Actual Startup Time": 0.161,"Actual Total Time": 1.515,"Actual Rows": 362,"Actual Loops": 1,"Inner Unique": false,"Plans": [{"Node Type": "Seq Scan","Parent Relationship": "Outer","Parallel Aware": false,"Async Capable": false,"Relation Name": "nation","Alias": "nation_1","Startup Cost": 0.00,"Total Cost": 1.31,"Plan Rows": 1,"Plan Width": 4,"Actual Startup Time": 0.032,"Actual Total Time": 0.051,"Actual Rows": 1,"Actual Loops": 1,"Filter": "(n_name = 'JORDAN'::bpchar)","Rows Removed by Filter": 24},{"Node Type": "Bitmap Heap Scan","Parent Relationship": "Inner","Parallel Aware": false,"Async Capable": false,"Relation Name": "supplier","Alias": "supplier_1","Startup Cost": 7.38,"Total Cost": 239.27,"Plan Rows": 400,"Plan Width": 8,"Actual Startup Time": 0.117,"Actual Total Time": 1.415,"Actual Rows": 362,"Actual Loops": 1,"Recheck Cond": "(s_nationkey = nation_1.n_nationkey)","Rows Removed by Index Recheck": 0,"Exact Heap Blocks": 166,"Lossy Heap Blocks": 0,"Plans": [{"Node Type": "Bitmap Index Scan","Parent Relationship": "Outer","Parallel Aware": false,"Async Capable": false,"Index Name": "idx_supplier_nation_key","Startup Cost": 0.00,"Total Cost": 7.29,"Plan Rows": 400,"Plan Width": 0,"Actual Startup Time": 0.075,"Actual Total Time": 0.079,"Actual Rows": 362,"Actual Loops": 1,"Index Cond": "(s_nationkey = nation_1.n_nationkey)"}]}]},{"Node Type": "Index Scan","Parent Relationship": "Inner","Parallel Aware": false,"Async Capable": false,"Scan Direction": "Forward","Index Name": "idx_partsupp_suppkey","Relation Name": "partsupp","Alias": "partsupp_1","Startup Cost": 0.42,"Total Cost": 9.07,"Plan Rows": 80,"Plan Width": 14,"Actual Startup Time": 0.014,"Actual Total Time": 0.289,"Actual Rows": 80,"Actual Loops": 362,"Index Cond": "(ps_suppkey = supplier_1.s_suppkey)","Rows Removed by Index Recheck": 0}]}]},{"Node Type": "Aggregate","Strategy": "Hashed","Partial Mode": "Simple","Parent Relationship": "Outer","Parallel Aware": false,"Async Capable": false,"Startup Cost": 4514.26,"Total Cost": 4994.26,"Plan Rows": 10667,"Plan Width": 36,"Actual Startup Time": 338.606,"Actual Total Time": 400.138,"Actual Rows": 1469,"Actual Loops": 1,"Group Key": ["partsupp.ps_partkey"],"Filter": "(sum((partsupp.ps_supplycost * (partsupp.ps_availqty)::numeric)) > $2)","Planned Partitions": 0,"HashAgg Batches": 1,"Peak Memory Usage": 17937,"Disk Usage": 0,"Rows Removed by Filter": 25896,"Plans": [{"Node Type": "Nested Loop","Parent Relationship": "Outer","Parallel Aware": false,"Async Capable": false,"Join Type": "Inner","Startup Cost": 7.81,"Total Cost": 4194.26,"Plan Rows": 32000,"Plan Width": 14,"Actual Startup Time": 0.314,"Actual Total Time": 181.118,"Actual Rows": 28960,"Actual Loops": 1,"Inner Unique": false,"Plans": [{"Node Type": "Nested Loop","Parent Relationship": "Outer","Parallel Aware": false,"Async Capable": false,"Join Type": "Inner","Startup Cost": 7.38,"Total Cost": 244.58,"Plan Rows": 400,"Plan Width": 4,"Actual Startup Time": 0.258,"Actual Total Time": 2.692,"Actual Rows": 362,"Actual Loops": 1,"Inner Unique": false,"Plans": [{"Node Type": "Seq Scan","Parent Relationship": "Outer","Parallel Aware": false,"Async Capable": false,"Relation Name": "nation","Alias": "nation","Startup Cost": 0.00,"Total Cost": 1.31,"Plan Rows": 1,"Plan Width": 4,"Actual Startup Time": 0.077,"Actual Total Time": 0.107,"Actual Rows": 1,"Actual Loops": 1,"Filter": "(n_name = 'JORDAN'::bpchar)","Rows Removed by Filter": 24},{"Node Type": "Bitmap Heap Scan","Parent Relationship": "Inner","Parallel Aware": false,"Async Capable": false,"Relation Name": "supplier","Alias": "supplier","Startup Cost": 7.38,"Total Cost": 239.27,"Plan Rows": 400,"Plan Width": 8,"Actual Startup Time": 0.172,"Actual Total Time": 2.539,"Actual Rows": 362,"Actual Loops": 1,"Recheck Cond": "(s_nationkey = nation.n_nationkey)","Rows Removed by Index Recheck": 0,"Exact Heap Blocks": 166,"Lossy Heap Blocks": 0,"Plans": [{"Node Type": "Bitmap Index Scan","Parent Relationship": "Outer","Parallel Aware": false,"Async Capable": false,"Index Name": "idx_supplier_nation_key","Startup Cost": 0.00,"Total Cost": 7.29,"Plan Rows": 400,"Plan Width": 0,"Actual Startup Time": 0.117,"Actual Total Time": 0.118,"Actual Rows": 362,"Actual Loops": 1,"Index Cond": "(s_nationkey = nation.n_nationkey)"}]}]},{"Node Type": "Index Scan","Parent Relationship": "Inner","Parallel Aware": false,"Async Capable": false,"Scan Direction": "Forward","Index Name": "idx_partsupp_suppkey","Relation Name": "partsupp","Alias": "partsupp","Startup Cost": 0.42,"Total Cost": 9.07,"Plan Rows": 80,"Plan Width": 18,"Actual Startup Time": 0.019,"Actual Total Time": 0.481,"Actual Rows": 80,"Actual Loops": 362,"Index Cond": "(ps_suppkey = supplier.s_suppkey)","Rows Removed by Index Recheck": 0}]}]}]},"Planning Time": 6.843,"Triggers": [],"Execution Time": 403.999}]
[{"Plan": {"Node Type": "Sort","Parallel Aware": false,"Async Capable": false,"Startup Cost": 10142.20,"Total Cost": 10168.87,"Plan Rows": 10667,"Plan Width": 36,"Actual Startup Time": 435.527,"Actual Total Time": 435.700,"Actual Rows": 1089,"Actual Loops": 1,"Sort Key": ["(sum((partsupp.ps_supplycost * (partsupp.ps_availqty)::numeric))) DESC"],"Sort Method": "quicksort","Sort Space Used": 108,"Sort Space Type": "Memory","Plans": [{"Node Type": "Aggregate","Strategy": "Plain","Partial Mode": "Simple","Parent Relationship": "InitPlan","Subplan Name": "InitPlan 1 (returns $2)","Parallel Aware": false,"Async Capable": false,"Startup Cost": 4434.26,"Total Cost": 4434.27,"Plan Rows": 1,"Plan Width": 32,"Actual Startup Time": 127.992,"Actual Total Time": 128.018,"Actual Rows": 1,"Actual Loops": 1,"Plans": [{"Node Type": "Nested Loop","Parent Relationship": "Outer","Parallel Aware": false,"Async Capable": false,"Join Type": "Inner","Startup Cost": 7.81,"Total Cost": 4194.26,"Plan Rows": 32000,"Plan Width": 10,"Actual Startup Time": 0.202,"Actual Total Time": 120.806,"Actual Rows": 31200,"Actual Loops": 1,"Inner Unique": false,"Plans": [{"Node Type": "Nested Loop","Parent Relationship": "Outer","Parallel Aware": false,"Async Capable": false,"Join Type": "Inner","Startup Cost": 7.38,"Total Cost": 244.58,"Plan Rows": 400,"Plan Width": 4,"Actual Startup Time": 0.156,"Actual Total Time": 1.780,"Actual Rows": 390,"Actual Loops": 1,"Inner Unique": false,"Plans": [{"Node Type": "Seq Scan","Parent Relationship": "Outer","Parallel Aware": false,"Async Capable": false,"Relation Name": "nation","Alias": "nation_1","Startup Cost": 0.00,"Total Cost": 1.31,"Plan Rows": 1,"Plan Width": 4,"Actual Startup Time": 0.025,"Actual Total Time": 0.037,"Actual Rows": 1,"Actual Loops": 1,"Filter": "(n_name = 'UNITED KINGDOM'::bpchar)","Rows Removed by Filter": 24},{"Node Type": "Bitmap Heap Scan","Parent Relationship": "Inner","Parallel Aware": false,"Async Capable": false,"Relation Name": "supplier","Alias": "supplier_1","Startup Cost": 7.38,"Total Cost": 239.27,"Plan Rows": 400,"Plan Width": 8,"Actual Startup Time": 0.111,"Actual Total Time": 1.680,"Actual Rows": 390,"Actual Loops": 1,"Recheck Cond": "(s_nationkey = nation_1.n_nationkey)","Rows Removed by Index Recheck": 0,"Exact Heap Blocks": 190,"Lossy Heap Blocks": 0,"Plans": [{"Node Type": "Bitmap Index Scan","Parent Relationship": "Outer","Parallel Aware": false,"Async Capable": false,"Index Name": "idx_supplier_nation_key","Startup Cost": 0.00,"Total Cost": 7.29,"Plan Rows": 400,"Plan Width": 0,"Actual Startup Time": 0.075,"Actual Total Time": 0.080,"Actual Rows": 390,"Actual Loops": 1,"Index Cond": "(s_nationkey = nation_1.n_nationkey)"}]}]},{"Node Type": "Index Scan","Parent Relationship": "Inner","Parallel Aware": false,"Async Capable": false,"Scan Direction": "Forward","Index Name": "idx_partsupp_suppkey","Relation Name": "partsupp","Alias": "partsupp_1","Startup Cost": 0.42,"Total Cost": 9.07,"Plan Rows": 80,"Plan Width": 14,"Actual Startup Time": 0.014,"Actual Total Time": 0.293,"Actual Rows": 80,"Actual Loops": 390,"Index Cond": "(ps_suppkey = supplier_1.s_suppkey)","Rows Removed by Index Recheck": 0}]}]},{"Node Type": "Aggregate","Strategy": "Hashed","Partial Mode": "Simple","Parent Relationship": "Outer","Parallel Aware": false,"Async Capable": false,"Startup Cost": 4514.26,"Total Cost": 4994.26,"Plan Rows": 10667,"Plan Width": 36,"Actual Startup Time": 365.366,"Actual Total Time": 434.999,"Actual Rows": 1089,"Actual Loops": 1,"Group Key": ["partsupp.ps_partkey"],"Filter": "(sum((partsupp.ps_supplycost * (partsupp.ps_availqty)::numeric)) > $2)","Planned Partitions": 0,"HashAgg Batches": 1,"Peak Memory Usage": 17937,"Disk Usage": 0,"Rows Removed by Filter": 28366,"Plans": [{"Node Type": "Nested Loop","Parent Relationship": "Outer","Parallel Aware": false,"Async Capable": false,"Join Type": "Inner","Startup Cost": 7.81,"Total Cost": 4194.26,"Plan Rows": 32000,"Plan Width": 14,"Actual Startup Time": 0.273,"Actual Total Time": 195.557,"Actual Rows": 31200,"Actual Loops": 1,"Inner Unique": false,"Plans": [{"Node Type": "Nested Loop","Parent Relationship": "Outer","Parallel Aware": false,"Async Capable": false,"Join Type": "Inner","Startup Cost": 7.38,"Total Cost": 244.58,"Plan Rows": 400,"Plan Width": 4,"Actual Startup Time": 0.244,"Actual Total Time": 2.901,"Actual Rows": 390,"Actual Loops": 1,"Inner Unique": false,"Plans": [{"Node Type": "Seq Scan","Parent Relationship": "Outer","Parallel Aware": false,"Async Capable": false,"Relation Name": "nation","Alias": "nation","Startup Cost": 0.00,"Total Cost": 1.31,"Plan Rows": 1,"Plan Width": 4,"Actual Startup Time": 0.065,"Actual Total Time": 0.084,"Actual Rows": 1,"Actual Loops": 1,"Filter": "(n_name = 'UNITED KINGDOM'::bpchar)","Rows Removed by Filter": 24},{"Node Type": "Bitmap Heap Scan","Parent Relationship": "Inner","Parallel Aware": false,"Async Capable": false,"Relation Name": "supplier","Alias": "supplier","Startup Cost": 7.38,"Total Cost": 239.27,"Plan Rows": 400,"Plan Width": 8,"Actual Startup Time": 0.171,"Actual Total Time": 2.762,"Actual Rows": 390,"Actual Loops": 1,"Recheck Cond": "(s_nationkey = nation.n_nationkey)","Rows Removed by Index Recheck": 0,"Exact Heap Blocks": 190,"Lossy Heap Blocks": 0,"Plans": [{"Node Type": "Bitmap Index Scan","Parent Relationship": "Outer","Parallel Aware": false,"Async Capable": false,"Index Name": "idx_supplier_nation_key","Startup Cost": 0.00,"Total Cost": 7.29,"Plan Rows": 400,"Plan Width": 0,"Actual Startup Time": 0.123,"Actual Total Time": 0.123,"Actual Rows": 390,"Actual Loops": 1,"Index Cond": "(s_nationkey = nation.n_nationkey)"}]}]},{"Node Type": "Index Scan","Parent Relationship": "Inner","Parallel Aware": false,"Async Capable": false,"Scan Direction": "Forward","Index Name": "idx_partsupp_suppkey","Relation Name": "partsupp","Alias": "partsupp","Startup Cost": 0.42,"Total Cost": 9.07,"Plan Rows": 80,"Plan Width": 18,"Actual Startup Time": 0.020,"Actual Total Time": 0.482,"Actual Rows": 80,"Actual Loops": 390,"Index Cond": "(ps_suppkey = supplier.s_suppkey)","Rows Removed by Index Recheck": 0}]}]}]},"Planning Time": 6.575,"Triggers": [],"Execution Time": 439.057}]
[{"Plan": {"Node Type": "Sort","Parallel Aware": false,"Async Capable": false,"Startup Cost": 10142.20,"Total Cost": 10168.87,"Plan Rows": 10667,"Plan Width": 36,"Actual Startup Time": 433.392,"Actual Total Time": 433.521,"Actual Rows": 1062,"Actual Loops": 1,"Sort Key": ["(sum((partsupp.ps_supplycost * (partsupp.ps_availqty)::numeric))) DESC"],"Sort Method": "quicksort","Sort Space Used": 107,"Sort Space Type": "Memory","Plans": [{"Node Type": "Aggregate","Strategy": "Plain","Partial Mode": "Simple","Parent Relationship": "InitPlan","Subplan Name": "InitPlan 1 (returns $2)","Parallel Aware": false,"Async Capable": false,"Startup Cost": 4434.26,"Total Cost": 4434.27,"Plan Rows": 1,"Plan Width": 32,"Actual Startup Time": 125.971,"Actual Total Time": 125.990,"Actual Rows": 1,"Actual Loops": 1,"Plans": [{"Node Type": "Nested Loop","Parent Relationship": "Outer","Parallel Aware": false,"Async Capable": false,"Join Type": "Inner","Startup Cost": 7.81,"Total Cost": 4194.26,"Plan Rows": 32000,"Plan Width": 10,"Actual Startup Time": 0.203,"Actual Total Time": 118.781,"Actual Rows": 31440,"Actual Loops": 1,"Inner Unique": false,"Plans": [{"Node Type": "Nested Loop","Parent Relationship": "Outer","Parallel Aware": false,"Async Capable": false,"Join Type": "Inner","Startup Cost": 7.38,"Total Cost": 244.58,"Plan Rows": 400,"Plan Width": 4,"Actual Startup Time": 0.157,"Actual Total Time": 1.656,"Actual Rows": 393,"Actual Loops": 1,"Inner Unique": false,"Plans": [{"Node Type": "Seq Scan","Parent Relationship": "Outer","Parallel Aware": false,"Async Capable": false,"Relation Name": "nation","Alias": "nation_1","Startup Cost": 0.00,"Total Cost": 1.31,"Plan Rows": 1,"Plan Width": 4,"Actual Startup Time": 0.034,"Actual Total Time": 0.054,"Actual Rows": 1,"Actual Loops": 1,"Filter": "(n_name = 'IRAN'::bpchar)","Rows Removed by Filter": 24},{"Node Type": "Bitmap Heap Scan","Parent Relationship": "Inner","Parallel Aware": false,"Async Capable": false,"Relation Name": "supplier","Alias": "supplier_1","Startup Cost": 7.38,"Total Cost": 239.27,"Plan Rows": 400,"Plan Width": 8,"Actual Startup Time": 0.107,"Actual Total Time": 1.545,"Actual Rows": 393,"Actual Loops": 1,"Recheck Cond": "(s_nationkey = nation_1.n_nationkey)","Rows Removed by Index Recheck": 0,"Exact Heap Blocks": 179,"Lossy Heap Blocks": 0,"Plans": [{"Node Type": "Bitmap Index Scan","Parent Relationship": "Outer","Parallel Aware": false,"Async Capable": false,"Index Name": "idx_supplier_nation_key","Startup Cost": 0.00,"Total Cost": 7.29,"Plan Rows": 400,"Plan Width": 0,"Actual Startup Time": 0.076,"Actual Total Time": 0.080,"Actual Rows": 393,"Actual Loops": 1,"Index Cond": "(s_nationkey = nation_1.n_nationkey)"}]}]},{"Node Type": "Index Scan","Parent Relationship": "Inner","Parallel Aware": false,"Async Capable": false,"Scan Direction": "Forward","Index Name": "idx_partsupp_suppkey","Relation Name": "partsupp","Alias": "partsupp_1","Startup Cost": 0.42,"Total Cost": 9.07,"Plan Rows": 80,"Plan Width": 14,"Actual Startup Time": 0.014,"Actual Total Time": 0.286,"Actual Rows": 80,"Actual Loops": 393,"Index Cond": "(ps_suppkey = supplier_1.s_suppkey)","Rows Removed by Index Recheck": 0}]}]},{"Node Type": "Aggregate","Strategy": "Hashed","Partial Mode": "Simple","Parent Relationship": "Outer","Parallel Aware": false,"Async Capable": false,"Startup Cost": 4514.26,"Total Cost": 4994.26,"Plan Rows": 10667,"Plan Width": 36,"Actual Startup Time": 362.794,"Actual Total Time": 432.898,"Actual Rows": 1062,"Actual Loops": 1,"Group Key": ["partsupp.ps_partkey"],"Filter": "(sum((partsupp.ps_supplycost * (partsupp.ps_availqty)::numeric)) > $2)","Planned Partitions": 0,"HashAgg Batches": 1,"Peak Memory Usage": 17937,"Disk Usage": 0,"Rows Removed by Filter": 28595,"Plans": [{"Node Type": "Nested Loop","Parent Relationship": "Outer","Parallel Aware": false,"Async Capable": false,"Join Type": "Inner","Startup Cost": 7.81,"Total Cost": 4194.26,"Plan Rows": 32000,"Plan Width": 14,"Actual Startup Time": 0.338,"Actual Total Time": 194.810,"Actual Rows": 31440,"Actual Loops": 1,"Inner Unique": false,"Plans": [{"Node Type": "Nested Loop","Parent Relationship": "Outer","Parallel Aware": false,"Async Capable": false,"Join Type": "Inner","Startup Cost": 7.38,"Total Cost": 244.58,"Plan Rows": 400,"Plan Width": 4,"Actual Startup Time": 0.285,"Actual Total Time": 2.779,"Actual Rows": 393,"Actual Loops": 1,"Inner Unique": false,"Plans": [{"Node Type": "Seq Scan","Parent Relationship": "Outer","Parallel Aware": false,"Async Capable": false,"Relation Name": "nation","Alias": "nation","Startup Cost": 0.00,"Total Cost": 1.31,"Plan Rows": 1,"Plan Width": 4,"Actual Startup Time": 0.074,"Actual Total Time": 0.096,"Actual Rows": 1,"Actual Loops": 1,"Filter": "(n_name = 'IRAN'::bpchar)","Rows Removed by Filter": 24},{"Node Type": "Bitmap Heap Scan","Parent Relationship": "Inner","Parallel Aware": false,"Async Capable": false,"Relation Name": "supplier","Alias": "supplier","Startup Cost": 7.38,"Total Cost": 239.27,"Plan Rows": 400,"Plan Width": 8,"Actual Startup Time": 0.203,"Actual Total Time": 2.632,"Actual Rows": 393,"Actual Loops": 1,"Recheck Cond": "(s_nationkey = nation.n_nationkey)","Rows Removed by Index Recheck": 0,"Exact Heap Blocks": 179,"Lossy Heap Blocks": 0,"Plans": [{"Node Type": "Bitmap Index Scan","Parent Relationship": "Outer","Parallel Aware": false,"Async Capable": false,"Index Name": "idx_supplier_nation_key","Startup Cost": 0.00,"Total Cost": 7.29,"Plan Rows": 400,"Plan Width": 0,"Actual Startup Time": 0.138,"Actual Total Time": 0.139,"Actual Rows": 393,"Actual Loops": 1,"Index Cond": "(s_nationkey = nation.n_nationkey)"}]}]},{"Node Type": "Index Scan","Parent Relationship": "Inner","Parallel Aware": false,"Async Capable": false,"Scan Direction": "Forward","Index Name": "idx_partsupp_suppkey","Relation Name": "partsupp","Alias": "partsupp","Startup Cost": 0.42,"Total Cost": 9.07,"Plan Rows": 80,"Plan Width": 18,"Actual Startup Time": 0.019,"Actual Total Time": 0.477,"Actual Rows": 80,"Actual Loops": 393,"Index Cond": "(ps_suppkey = supplier.s_suppkey)","Rows Removed by Index Recheck": 0}]}]}]},"Planning Time": 6.603,"Triggers": [],"Execution Time": 437.000}]
[{"Plan": {"Node Type": "Sort","Parallel Aware": false,"Async Capable": false,"Startup Cost": 10142.20,"Total Cost": 10168.87,"Plan Rows": 10667,"Plan Width": 36,"Actual Startup Time": 443.389,"Actual Total Time": 443.514,"Actual Rows": 1031,"Actual Loops": 1,"Sort Key": ["(sum((partsupp.ps_supplycost * (partsupp.ps_availqty)::numeric))) DESC"],"Sort Method": "quicksort","Sort Space Used": 105,"Sort Space Type": "Memory","Plans": [{"Node Type": "Aggregate","Strategy": "Plain","Partial Mode": "Simple","Parent Relationship": "InitPlan","Subplan Name": "InitPlan 1 (returns $2)","Parallel Aware": false,"Async Capable": false,"Startup Cost": 4434.26,"Total Cost": 4434.27,"Plan Rows": 1,"Plan Width": 32,"Actual Startup Time": 132.940,"Actual Total Time": 132.957,"Actual Rows": 1,"Actual Loops": 1,"Plans": [{"Node Type": "Nested Loop","Parent Relationship": "Outer","Parallel Aware": false,"Async Capable": false,"Join Type": "Inner","Startup Cost": 7.81,"Total Cost": 4194.26,"Plan Rows": 32000,"Plan Width": 10,"Actual Startup Time": 0.263,"Actual Total Time": 125.681,"Actual Rows": 31440,"Actual Loops": 1,"Inner Unique": false,"Plans": [{"Node Type": "Nested Loop","Parent Relationship": "Outer","Parallel Aware": false,"Async Capable": false,"Join Type": "Inner","Startup Cost": 7.38,"Total Cost": 244.58,"Plan Rows": 400,"Plan Width": 4,"Actual Startup Time": 0.205,"Actual Total Time": 1.775,"Actual Rows": 393,"Actual Loops": 1,"Inner Unique": false,"Plans": [{"Node Type": "Seq Scan","Parent Relationship": "Outer","Parallel Aware": false,"Async Capable": false,"Relation Name": "nation","Alias": "nation_1","Startup Cost": 0.00,"Total Cost": 1.31,"Plan Rows": 1,"Plan Width": 4,"Actual Startup Time": 0.056,"Actual Total Time": 0.062,"Actual Rows": 1,"Actual Loops": 1,"Filter": "(n_name = 'UNITED STATES'::bpchar)","Rows Removed by Filter": 24},{"Node Type": "Bitmap Heap Scan","Parent Relationship": "Inner","Parallel Aware": false,"Async Capable": false,"Relation Name": "supplier","Alias": "supplier_1","Startup Cost": 7.38,"Total Cost": 239.27,"Plan Rows": 400,"Plan Width": 8,"Actual Startup Time": 0.126,"Actual Total Time": 1.648,"Actual Rows": 393,"Actual Loops": 1,"Recheck Cond": "(s_nationkey = nation_1.n_nationkey)","Rows Removed by Index Recheck": 0,"Exact Heap Blocks": 181,"Lossy Heap Blocks": 0,"Plans": [{"Node Type": "Bitmap Index Scan","Parent Relationship": "Outer","Parallel Aware": false,"Async Capable": false,"Index Name": "idx_supplier_nation_key","Startup Cost": 0.00,"Total Cost": 7.29,"Plan Rows": 400,"Plan Width": 0,"Actual Startup Time": 0.087,"Actual Total Time": 0.091,"Actual Rows": 393,"Actual Loops": 1,"Index Cond": "(s_nationkey = nation_1.n_nationkey)"}]}]},{"Node Type": "Index Scan","Parent Relationship": "Inner","Parallel Aware": false,"Async Capable": false,"Scan Direction": "Forward","Index Name": "idx_partsupp_suppkey","Relation Name": "partsupp","Alias": "partsupp_1","Startup Cost": 0.42,"Total Cost": 9.07,"Plan Rows": 80,"Plan Width": 14,"Actual Startup Time": 0.015,"Actual Total Time": 0.303,"Actual Rows": 80,"Actual Loops": 393,"Index Cond": "(ps_suppkey = supplier_1.s_suppkey)","Rows Removed by Index Recheck": 0}]}]},{"Node Type": "Aggregate","Strategy": "Hashed","Partial Mode": "Simple","Parent Relationship": "Outer","Parallel Aware": false,"Async Capable": false,"Startup Cost": 4514.26,"Total Cost": 4994.26,"Plan Rows": 10667,"Plan Width": 36,"Actual Startup Time": 371.004,"Actual Total Time": 442.894,"Actual Rows": 1031,"Actual Loops": 1,"Group Key": ["partsupp.ps_partkey"],"Filter": "(sum((partsupp.ps_supplycost * (partsupp.ps_availqty)::numeric)) > $2)","Planned Partitions": 0,"HashAgg Batches": 1,"Peak Memory Usage": 17937,"Disk Usage": 0,"Rows Removed by Filter": 28434,"Plans": [{"Node Type": "Nested Loop","Parent Relationship": "Outer","Parallel Aware": false,"Async Capable": false,"Join Type": "Inner","Startup Cost": 7.81,"Total Cost": 4194.26,"Plan Rows": 32000,"Plan Width": 14,"Actual Startup Time": 0.317,"Actual Total Time": 191.179,"Actual Rows": 31440,"Actual Loops": 1,"Inner Unique": false,"Plans": [{"Node Type": "Nested Loop","Parent Relationship": "Outer","Parallel Aware": false,"Async Capable": false,"Join Type": "Inner","Startup Cost": 7.38,"Total Cost": 244.58,"Plan Rows": 400,"Plan Width": 4,"Actual Startup Time": 0.258,"Actual Total Time": 2.692,"Actual Rows": 393,"Actual Loops": 1,"Inner Unique": false,"Plans": [{"Node Type": "Seq Scan","Parent Relationship": "Outer","Parallel Aware": false,"Async Capable": false,"Relation Name": "nation","Alias": "nation","Startup Cost": 0.00,"Total Cost": 1.31,"Plan Rows": 1,"Plan Width": 4,"Actual Startup Time": 0.065,"Actual Total Time": 0.076,"Actual Rows": 1,"Actual Loops": 1,"Filter": "(n_name = 'UNITED STATES'::bpchar)","Rows Removed by Filter": 24},{"Node Type": "Bitmap Heap Scan","Parent Relationship": "Inner","Parallel Aware": false,"Async Capable": false,"Relation Name": "supplier","Alias": "supplier","Startup Cost": 7.38,"Total Cost": 239.27,"Plan Rows": 400,"Plan Width": 8,"Actual Startup Time": 0.185,"Actual Total Time": 2.562,"Actual Rows": 393,"Actual Loops": 1,"Recheck Cond": "(s_nationkey = nation.n_nationkey)","Rows Removed by Index Recheck": 0,"Exact Heap Blocks": 181,"Lossy Heap Blocks": 0,"Plans": [{"Node Type": "Bitmap Index Scan","Parent Relationship": "Outer","Parallel Aware": false,"Async Capable": false,"Index Name": "idx_supplier_nation_key","Startup Cost": 0.00,"Total Cost": 7.29,"Plan Rows": 400,"Plan Width": 0,"Actual Startup Time": 0.119,"Actual Total Time": 0.122,"Actual Rows": 393,"Actual Loops": 1,"Index Cond": "(s_nationkey = nation.n_nationkey)"}]}]},{"Node Type": "Index Scan","Parent Relationship": "Inner","Parallel Aware": false,"Async Capable": false,"Scan Direction": "Forward","Index Name": "idx_partsupp_suppkey","Relation Name": "partsupp","Alias": "partsupp","Startup Cost": 0.42,"Total Cost": 9.07,"Plan Rows": 80,"Plan Width": 18,"Actual Startup Time": 0.020,"Actual Total Time": 0.468,"Actual Rows": 80,"Actual Loops": 393,"Index Cond": "(ps_suppkey = supplier.s_suppkey)","Rows Removed by Index Recheck": 0}]}]}]},"Planning Time": 7.102,"Triggers": [],"Execution Time": 445.930}]
[{"Plan": {"Node Type": "Sort","Parallel Aware": false,"Async Capable": false,"Startup Cost": 10142.20,"Total Cost": 10168.87,"Plan Rows": 10667,"Plan Width": 36,"Actual Startup Time": 452.788,"Actual Total Time": 452.912,"Actual Rows": 869,"Actual Loops": 1,"Sort Key": ["(sum((partsupp.ps_supplycost * (partsupp.ps_availqty)::numeric))) DESC"],"Sort Method": "quicksort","Sort Space Used": 72,"Sort Space Type": "Memory","Plans": [{"Node Type": "Aggregate","Strategy": "Plain","Partial Mode": "Simple","Parent Relationship": "InitPlan","Subplan Name": "InitPlan 1 (returns $2)","Parallel Aware": false,"Async Capable": false,"Startup Cost": 4434.26,"Total Cost": 4434.27,"Plan Rows": 1,"Plan Width": 32,"Actual Startup Time": 133.523,"Actual Total Time": 133.544,"Actual Rows": 1,"Actual Loops": 1,"Plans": [{"Node Type": "Nested Loop","Parent Relationship": "Outer","Parallel Aware": false,"Async Capable": false,"Join Type": "Inner","Startup Cost": 7.81,"Total Cost": 4194.26,"Plan Rows": 32000,"Plan Width": 10,"Actual Startup Time": 0.165,"Actual Total Time": 126.080,"Actual Rows": 32560,"Actual Loops": 1,"Inner Unique": false,"Plans": [{"Node Type": "Nested Loop","Parent Relationship": "Outer","Parallel Aware": false,"Async Capable": false,"Join Type": "Inner","Startup Cost": 7.38,"Total Cost": 244.58,"Plan Rows": 400,"Plan Width": 4,"Actual Startup Time": 0.133,"Actual Total Time": 1.798,"Actual Rows": 407,"Actual Loops": 1,"Inner Unique": false,"Plans": [{"Node Type": "Seq Scan","Parent Relationship": "Outer","Parallel Aware": false,"Async Capable": false,"Relation Name": "nation","Alias": "nation_1","Startup Cost": 0.00,"Total Cost": 1.31,"Plan Rows": 1,"Plan Width": 4,"Actual Startup Time": 0.028,"Actual Total Time": 0.044,"Actual Rows": 1,"Actual Loops": 1,"Filter": "(n_name = 'CHINA'::bpchar)","Rows Removed by Filter": 24},{"Node Type": "Bitmap Heap Scan","Parent Relationship": "Inner","Parallel Aware": false,"Async Capable": false,"Relation Name": "supplier","Alias": "supplier_1","Startup Cost": 7.38,"Total Cost": 239.27,"Plan Rows": 400,"Plan Width": 8,"Actual Startup Time": 0.091,"Actual Total Time": 1.697,"Actual Rows": 407,"Actual Loops": 1,"Recheck Cond": "(s_nationkey = nation_1.n_nationkey)","Rows Removed by Index Recheck": 0,"Exact Heap Blocks": 186,"Lossy Heap Blocks": 0,"Plans": [{"Node Type": "Bitmap Index Scan","Parent Relationship": "Outer","Parallel Aware": false,"Async Capable": false,"Index Name": "idx_supplier_nation_key","Startup Cost": 0.00,"Total Cost": 7.29,"Plan Rows": 400,"Plan Width": 0,"Actual Startup Time": 0.055,"Actual Total Time": 0.061,"Actual Rows": 407,"Actual Loops": 1,"Index Cond": "(s_nationkey = nation_1.n_nationkey)"}]}]},{"Node Type": "Index Scan","Parent Relationship": "Inner","Parallel Aware": false,"Async Capable": false,"Scan Direction": "Forward","Index Name": "idx_partsupp_suppkey","Relation Name": "partsupp","Alias": "partsupp_1","Startup Cost": 0.42,"Total Cost": 9.07,"Plan Rows": 80,"Plan Width": 14,"Actual Startup Time": 0.014,"Actual Total Time": 0.293,"Actual Rows": 80,"Actual Loops": 407,"Index Cond": "(ps_suppkey = supplier_1.s_suppkey)","Rows Removed by Index Recheck": 0}]}]},{"Node Type": "Aggregate","Strategy": "Hashed","Partial Mode": "Simple","Parent Relationship": "Outer","Parallel Aware": false,"Async Capable": false,"Startup Cost": 4514.26,"Total Cost": 4994.26,"Plan Rows": 10667,"Plan Width": 36,"Actual Startup Time": 377.714,"Actual Total Time": 452.344,"Actual Rows": 869,"Actual Loops": 1,"Group Key": ["partsupp.ps_partkey"],"Filter": "(sum((partsupp.ps_supplycost * (partsupp.ps_availqty)::numeric)) > $2)","Planned Partitions": 0,"HashAgg Batches": 1,"Peak Memory Usage": 17937,"Disk Usage": 0,"Rows Removed by Filter": 29770,"Plans": [{"Node Type": "Nested Loop","Parent Relationship": "Outer","Parallel Aware": false,"Async Capable": false,"Join Type": "Inner","Startup Cost": 7.81,"Total Cost": 4194.26,"Plan Rows": 32000,"Plan Width": 14,"Actual Startup Time": 0.336,"Actual Total Time": 203.001,"Actual Rows": 32560,"Actual Loops": 1,"Inner Unique": false,"Plans": [{"Node Type": "Nested Loop","Parent Relationship": "Outer","Parallel Aware": false,"Async Capable": false,"Join Type": "Inner","Startup Cost": 7.38,"Total Cost": 244.58,"Plan Rows": 400,"Plan Width": 4,"Actual Startup Time": 0.273,"Actual Total Time": 2.796,"Actual Rows": 407,"Actual Loops": 1,"Inner Unique": false,"Plans": [{"Node Type": "Seq Scan","Parent Relationship": "Outer","Parallel Aware": false,"Async Capable": false,"Relation Name": "nation","Alias": "nation","Startup Cost": 0.00,"Total Cost": 1.31,"Plan Rows": 1,"Plan Width": 4,"Actual Startup Time": 0.063,"Actual Total Time": 0.079,"Actual Rows": 1,"Actual Loops": 1,"Filter": "(n_name = 'CHINA'::bpchar)","Rows Removed by Filter": 24},{"Node Type": "Bitmap Heap Scan","Parent Relationship": "Inner","Parallel Aware": false,"Async Capable": false,"Relation Name": "supplier","Alias": "supplier","Startup Cost": 7.38,"Total Cost": 239.27,"Plan Rows": 400,"Plan Width": 8,"Actual Startup Time": 0.204,"Actual Total Time": 2.666,"Actual Rows": 407,"Actual Loops": 1,"Recheck Cond": "(s_nationkey = nation.n_nationkey)","Rows Removed by Index Recheck": 0,"Exact Heap Blocks": 186,"Lossy Heap Blocks": 0,"Plans": [{"Node Type": "Bitmap Index Scan","Parent Relationship": "Outer","Parallel Aware": false,"Async Capable": false,"Index Name": "idx_supplier_nation_key","Startup Cost": 0.00,"Total Cost": 7.29,"Plan Rows": 400,"Plan Width": 0,"Actual Startup Time": 0.129,"Actual Total Time": 0.129,"Actual Rows": 407,"Actual Loops": 1,"Index Cond": "(s_nationkey = nation.n_nationkey)"}]}]},{"Node Type": "Index Scan","Parent Relationship": "Inner","Parallel Aware": false,"Async Capable": false,"Scan Direction": "Forward","Index Name": "idx_partsupp_suppkey","Relation Name": "partsupp","Alias": "partsupp","Startup Cost": 0.42,"Total Cost": 9.07,"Plan Rows": 80,"Plan Width": 18,"Actual Startup Time": 0.020,"Actual Total Time": 0.480,"Actual Rows": 80,"Actual Loops": 407,"Index Cond": "(ps_suppkey = supplier.s_suppkey)","Rows Removed by Index Recheck": 0}]}]}]},"Planning Time": 7.317,"Triggers": [],"Execution Time": 456.700}]
[{"Plan": {"Node Type": "Sort","Parallel Aware": false,"Async Capable": false,"Startup Cost": 10142.20,"Total Cost": 10168.87,"Plan Rows": 10667,"Plan Width": 36,"Actual Startup Time": 413.680,"Actual Total Time": 413.810,"Actual Rows": 1217,"Actual Loops": 1,"Sort Key": ["(sum((partsupp.ps_supplycost * (partsupp.ps_availqty)::numeric))) DESC"],"Sort Method": "quicksort","Sort Space Used": 115,"Sort Space Type": "Memory","Plans": [{"Node Type": "Aggregate","Strategy": "Plain","Partial Mode": "Simple","Parent Relationship": "InitPlan","Subplan Name": "InitPlan 1 (returns $2)","Parallel Aware": false,"Async Capable": false,"Startup Cost": 4434.26,"Total Cost": 4434.27,"Plan Rows": 1,"Plan Width": 32,"Actual Startup Time": 121.350,"Actual Total Time": 121.366,"Actual Rows": 1,"Actual Loops": 1,"Plans": [{"Node Type": "Nested Loop","Parent Relationship": "Outer","Parallel Aware": false,"Async Capable": false,"Join Type": "Inner","Startup Cost": 7.81,"Total Cost": 4194.26,"Plan Rows": 32000,"Plan Width": 10,"Actual Startup Time": 0.211,"Actual Total Time": 114.479,"Actual Rows": 30080,"Actual Loops": 1,"Inner Unique": false,"Plans": [{"Node Type": "Nested Loop","Parent Relationship": "Outer","Parallel Aware": false,"Async Capable": false,"Join Type": "Inner","Startup Cost": 7.38,"Total Cost": 244.58,"Plan Rows": 400,"Plan Width": 4,"Actual Startup Time": 0.161,"Actual Total Time": 1.670,"Actual Rows": 376,"Actual Loops": 1,"Inner Unique": false,"Plans": [{"Node Type": "Seq Scan","Parent Relationship": "Outer","Parallel Aware": false,"Async Capable": false,"Relation Name": "nation","Alias": "nation_1","Startup Cost": 0.00,"Total Cost": 1.31,"Plan Rows": 1,"Plan Width": 4,"Actual Startup Time": 0.026,"Actual Total Time": 0.039,"Actual Rows": 1,"Actual Loops": 1,"Filter": "(n_name = 'KENYA'::bpchar)","Rows Removed by Filter": 24},{"Node Type": "Bitmap Heap Scan","Parent Relationship": "Inner","Parallel Aware": false,"Async Capable": false,"Relation Name": "supplier","Alias": "supplier_1","Startup Cost": 7.38,"Total Cost": 239.27,"Plan Rows": 400,"Plan Width": 8,"Actual Startup Time": 0.113,"Actual Total Time": 1.571,"Actual Rows": 376,"Actual Loops": 1,"Recheck Cond": "(s_nationkey = nation_1.n_nationkey)","Rows Removed by Index Recheck": 0,"Exact Heap Blocks": 179,"Lossy Heap Blocks": 0,"Plans": [{"Node Type": "Bitmap Index Scan","Parent Relationship": "Outer","Parallel Aware": false,"Async Capable": false,"Index Name": "idx_supplier_nation_key","Startup Cost": 0.00,"Total Cost": 7.29,"Plan Rows": 400,"Plan Width": 0,"Actual Startup Time": 0.082,"Actual Total Time": 0.086,"Actual Rows": 376,"Actual Loops": 1,"Index Cond": "(s_nationkey = nation_1.n_nationkey)"}]}]},{"Node Type": "Index Scan","Parent Relationship": "Inner","Parallel Aware": false,"Async Capable": false,"Scan Direction": "Forward","Index Name": "idx_partsupp_suppkey","Relation Name": "partsupp","Alias": "partsupp_1","Startup Cost": 0.42,"Total Cost": 9.07,"Plan Rows": 80,"Plan Width": 14,"Actual Startup Time": 0.014,"Actual Total Time": 0.288,"Actual Rows": 80,"Actual Loops": 376,"Index Cond": "(ps_suppkey = supplier_1.s_suppkey)","Rows Removed by Index Recheck": 0}]}]},{"Node Type": "Aggregate","Strategy": "Hashed","Partial Mode": "Simple","Parent Relationship": "Outer","Parallel Aware": false,"Async Capable": false,"Startup Cost": 4514.26,"Total Cost": 4994.26,"Plan Rows": 10667,"Plan Width": 36,"Actual Startup Time": 346.893,"Actual Total Time": 413.082,"Actual Rows": 1217,"Actual Loops": 1,"Group Key": ["partsupp.ps_partkey"],"Filter": "(sum((partsupp.ps_supplycost * (partsupp.ps_availqty)::numeric)) > $2)","Planned Partitions": 0,"HashAgg Batches": 1,"Peak Memory Usage": 17937,"Disk Usage": 0,"Rows Removed by Filter": 27288,"Plans": [{"Node Type": "Nested Loop","Parent Relationship": "Outer","Parallel Aware": false,"Async Capable": false,"Join Type": "Inner","Startup Cost": 7.81,"Total Cost": 4194.26,"Plan Rows": 32000,"Plan Width": 14,"Actual Startup Time": 0.423,"Actual Total Time": 185.679,"Actual Rows": 30080,"Actual Loops": 1,"Inner Unique": false,"Plans": [{"Node Type": "Nested Loop","Parent Relationship": "Outer","Parallel Aware": false,"Async Capable": false,"Join Type": "Inner","Startup Cost": 7.38,"Total Cost": 244.58,"Plan Rows": 400,"Plan Width": 4,"Actual Startup Time": 0.359,"Actual Total Time": 2.922,"Actual Rows": 376,"Actual Loops": 1,"Inner Unique": false,"Plans": [{"Node Type": "Seq Scan","Parent Relationship": "Outer","Parallel Aware": false,"Async Capable": false,"Relation Name": "nation","Alias": "nation","Startup Cost": 0.00,"Total Cost": 1.31,"Plan Rows": 1,"Plan Width": 4,"Actual Startup Time": 0.084,"Actual Total Time": 0.113,"Actual Rows": 1,"Actual Loops": 1,"Filter": "(n_name = 'KENYA'::bpchar)","Rows Removed by Filter": 24},{"Node Type": "Bitmap Heap Scan","Parent Relationship": "Inner","Parallel Aware": false,"Async Capable": false,"Relation Name": "supplier","Alias": "supplier","Startup Cost": 7.38,"Total Cost": 239.27,"Plan Rows": 400,"Plan Width": 8,"Actual Startup Time": 0.263,"Actual Total Time": 2.758,"Actual Rows": 376,"Actual Loops": 1,"Recheck Cond": "(s_nationkey = nation.n_nationkey)","Rows Removed by Index Recheck": 0,"Exact Heap Blocks": 179,"Lossy Heap Blocks": 0,"Plans": [{"Node Type": "Bitmap Index Scan","Parent Relationship": "Outer","Parallel Aware": false,"Async Capable": false,"Index Name": "idx_supplier_nation_key","Startup Cost": 0.00,"Total Cost": 7.29,"Plan Rows": 400,"Plan Width": 0,"Actual Startup Time": 0.183,"Actual Total Time": 0.184,"Actual Rows": 376,"Actual Loops": 1,"Index Cond": "(s_nationkey = nation.n_nationkey)"}]}]},{"Node Type": "Index Scan","Parent Relationship": "Inner","Parallel Aware": false,"Async Capable": false,"Scan Direction": "Forward","Index Name": "idx_partsupp_suppkey","Relation Name": "partsupp","Alias": "partsupp","Startup Cost": 0.42,"Total Cost": 9.07,"Plan Rows": 80,"Plan Width": 18,"Actual Startup Time": 0.018,"Actual Total Time": 0.474,"Actual Rows": 80,"Actual Loops": 376,"Index Cond": "(ps_suppkey = supplier.s_suppkey)","Rows Removed by Index Recheck": 0}]}]}]},"Planning Time": 5.474,"Triggers": [],"Execution Time": 416.886}]
[{"Plan": {"Node Type": "Sort","Parallel Aware": false,"Async Capable": false,"Startup Cost": 10142.20,"Total Cost": 10168.87,"Plan Rows": 10667,"Plan Width": 36,"Actual Startup Time": 460.124,"Actual Total Time": 460.279,"Actual Rows": 753,"Actual Loops": 1,"Sort Key": ["(sum((partsupp.ps_supplycost * (partsupp.ps_availqty)::numeric))) DESC"],"Sort Method": "quicksort","Sort Space Used": 66,"Sort Space Type": "Memory","Plans": [{"Node Type": "Aggregate","Strategy": "Plain","Partial Mode": "Simple","Parent Relationship": "InitPlan","Subplan Name": "InitPlan 1 (returns $2)","Parallel Aware": false,"Async Capable": false,"Startup Cost": 4434.26,"Total Cost": 4434.27,"Plan Rows": 1,"Plan Width": 32,"Actual Startup Time": 134.377,"Actual Total Time": 134.409,"Actual Rows": 1,"Actual Loops": 1,"Plans": [{"Node Type": "Nested Loop","Parent Relationship": "Outer","Parallel Aware": false,"Async Capable": false,"Join Type": "Inner","Startup Cost": 7.81,"Total Cost": 4194.26,"Plan Rows": 32000,"Plan Width": 10,"Actual Startup Time": 0.237,"Actual Total Time": 126.748,"Actual Rows": 33200,"Actual Loops": 1,"Inner Unique": false,"Plans": [{"Node Type": "Nested Loop","Parent Relationship": "Outer","Parallel Aware": false,"Async Capable": false,"Join Type": "Inner","Startup Cost": 7.38,"Total Cost": 244.58,"Plan Rows": 400,"Plan Width": 4,"Actual Startup Time": 0.181,"Actual Total Time": 1.854,"Actual Rows": 415,"Actual Loops": 1,"Inner Unique": false,"Plans": [{"Node Type": "Seq Scan","Parent Relationship": "Outer","Parallel Aware": false,"Async Capable": false,"Relation Name": "nation","Alias": "nation_1","Startup Cost": 0.00,"Total Cost": 1.31,"Plan Rows": 1,"Plan Width": 4,"Actual Startup Time": 0.049,"Actual Total Time": 0.067,"Actual Rows": 1,"Actual Loops": 1,"Filter": "(n_name = 'INDIA'::bpchar)","Rows Removed by Filter": 24},{"Node Type": "Bitmap Heap Scan","Parent Relationship": "Inner","Parallel Aware": false,"Async Capable": false,"Relation Name": "supplier","Alias": "supplier_1","Startup Cost": 7.38,"Total Cost": 239.27,"Plan Rows": 400,"Plan Width": 8,"Actual Startup Time": 0.112,"Actual Total Time": 1.723,"Actual Rows": 415,"Actual Loops": 1,"Recheck Cond": "(s_nationkey = nation_1.n_nationkey)","Rows Removed by Index Recheck": 0,"Exact Heap Blocks": 186,"Lossy Heap Blocks": 0,"Plans": [{"Node Type": "Bitmap Index Scan","Parent Relationship": "Outer","Parallel Aware": false,"Async Capable": false,"Index Name": "idx_supplier_nation_key","Startup Cost": 0.00,"Total Cost": 7.29,"Plan Rows": 400,"Plan Width": 0,"Actual Startup Time": 0.076,"Actual Total Time": 0.083,"Actual Rows": 415,"Actual Loops": 1,"Index Cond": "(s_nationkey = nation_1.n_nationkey)"}]}]},{"Node Type": "Index Scan","Parent Relationship": "Inner","Parallel Aware": false,"Async Capable": false,"Scan Direction": "Forward","Index Name": "idx_partsupp_suppkey","Relation Name": "partsupp","Alias": "partsupp_1","Startup Cost": 0.42,"Total Cost": 9.07,"Plan Rows": 80,"Plan Width": 14,"Actual Startup Time": 0.014,"Actual Total Time": 0.289,"Actual Rows": 80,"Actual Loops": 415,"Index Cond": "(ps_suppkey = supplier_1.s_suppkey)","Rows Removed by Index Recheck": 0}]}]},{"Node Type": "Aggregate","Strategy": "Hashed","Partial Mode": "Simple","Parent Relationship": "Outer","Parallel Aware": false,"Async Capable": false,"Startup Cost": 4514.26,"Total Cost": 4994.26,"Plan Rows": 10667,"Plan Width": 36,"Actual Startup Time": 384.255,"Actual Total Time": 459.696,"Actual Rows": 753,"Actual Loops": 1,"Group Key": ["partsupp.ps_partkey"],"Filter": "(sum((partsupp.ps_supplycost * (partsupp.ps_availqty)::numeric)) > $2)","Planned Partitions": 0,"HashAgg Batches": 1,"Peak Memory Usage": 17937,"Disk Usage": 0,"Rows Removed by Filter": 30329,"Plans": [{"Node Type": "Nested Loop","Parent Relationship": "Outer","Parallel Aware": false,"Async Capable": false,"Join Type": "Inner","Startup Cost": 7.81,"Total Cost": 4194.26,"Plan Rows": 32000,"Plan Width": 14,"Actual Startup Time": 0.331,"Actual Total Time": 205.215,"Actual Rows": 33200,"Actual Loops": 1,"Inner Unique": false,"Plans": [{"Node Type": "Nested Loop","Parent Relationship": "Outer","Parallel Aware": false,"Async Capable": false,"Join Type": "Inner","Startup Cost": 7.38,"Total Cost": 244.58,"Plan Rows": 400,"Plan Width": 4,"Actual Startup Time": 0.285,"Actual Total Time": 2.795,"Actual Rows": 415,"Actual Loops": 1,"Inner Unique": false,"Plans": [{"Node Type": "Seq Scan","Parent Relationship": "Outer","Parallel Aware": false,"Async Capable": false,"Relation Name": "nation","Alias": "nation","Startup Cost": 0.00,"Total Cost": 1.31,"Plan Rows": 1,"Plan Width": 4,"Actual Startup Time": 0.073,"Actual Total Time": 0.100,"Actual Rows": 1,"Actual Loops": 1,"Filter": "(n_name = 'INDIA'::bpchar)","Rows Removed by Filter": 24},{"Node Type": "Bitmap Heap Scan","Parent Relationship": "Inner","Parallel Aware": false,"Async Capable": false,"Relation Name": "supplier","Alias": "supplier","Startup Cost": 7.38,"Total Cost": 239.27,"Plan Rows": 400,"Plan Width": 8,"Actual Startup Time": 0.206,"Actual Total Time": 2.634,"Actual Rows": 415,"Actual Loops": 1,"Recheck Cond": "(s_nationkey = nation.n_nationkey)","Rows Removed by Index Recheck": 0,"Exact Heap Blocks": 186,"Lossy Heap Blocks": 0,"Plans": [{"Node Type": "Bitmap Index Scan","Parent Relationship": "Outer","Parallel Aware": false,"Async Capable": false,"Index Name": "idx_supplier_nation_key","Startup Cost": 0.00,"Total Cost": 7.29,"Plan Rows": 400,"Plan Width": 0,"Actual Startup Time": 0.132,"Actual Total Time": 0.135,"Actual Rows": 415,"Actual Loops": 1,"Index Cond": "(s_nationkey = nation.n_nationkey)"}]}]},{"Node Type": "Index Scan","Parent Relationship": "Inner","Parallel Aware": false,"Async Capable": false,"Scan Direction": "Forward","Index Name": "idx_partsupp_suppkey","Relation Name": "partsupp","Alias": "partsupp","Startup Cost": 0.42,"Total Cost": 9.07,"Plan Rows": 80,"Plan Width": 18,"Actual Startup Time": 0.019,"Actual Total Time": 0.476,"Actual Rows": 80,"Actual Loops": 415,"Index Cond": "(ps_suppkey = supplier.s_suppkey)","Rows Removed by Index Recheck": 0}]}]}]},"Planning Time": 5.856,"Triggers": [],"Execution Time": 463.781}]
[{"Plan": {"Node Type": "Sort","Parallel Aware": false,"Async Capable": false,"Startup Cost": 10142.20,"Total Cost": 10168.87,"Plan Rows": 10667,"Plan Width": 36,"Actual Startup Time": 463.200,"Actual Total Time": 463.334,"Actual Rows": 786,"Actual Loops": 1,"Sort Key": ["(sum((partsupp.ps_supplycost * (partsupp.ps_availqty)::numeric))) DESC"],"Sort Method": "quicksort","Sort Space Used": 67,"Sort Space Type": "Memory","Plans": [{"Node Type": "Aggregate","Strategy": "Plain","Partial Mode": "Simple","Parent Relationship": "InitPlan","Subplan Name": "InitPlan 1 (returns $2)","Parallel Aware": false,"Async Capable": false,"Startup Cost": 4434.26,"Total Cost": 4434.27,"Plan Rows": 1,"Plan Width": 32,"Actual Startup Time": 138.217,"Actual Total Time": 138.241,"Actual Rows": 1,"Actual Loops": 1,"Plans": [{"Node Type": "Nested Loop","Parent Relationship": "Outer","Parallel Aware": false,"Async Capable": false,"Join Type": "Inner","Startup Cost": 7.81,"Total Cost": 4194.26,"Plan Rows": 32000,"Plan Width": 10,"Actual Startup Time": 0.203,"Actual Total Time": 130.632,"Actual Rows": 33040,"Actual Loops": 1,"Inner Unique": false,"Plans": [{"Node Type": "Nested Loop","Parent Relationship": "Outer","Parallel Aware": false,"Async Capable": false,"Join Type": "Inner","Startup Cost": 7.38,"Total Cost": 244.58,"Plan Rows": 400,"Plan Width": 4,"Actual Startup Time": 0.159,"Actual Total Time": 1.911,"Actual Rows": 413,"Actual Loops": 1,"Inner Unique": false,"Plans": [{"Node Type": "Seq Scan","Parent Relationship": "Outer","Parallel Aware": false,"Async Capable": false,"Relation Name": "nation","Alias": "nation_1","Startup Cost": 0.00,"Total Cost": 1.31,"Plan Rows": 1,"Plan Width": 4,"Actual Startup Time": 0.020,"Actual Total Time": 0.050,"Actual Rows": 1,"Actual Loops": 1,"Filter": "(n_name = 'ARGENTINA'::bpchar)","Rows Removed by Filter": 24},{"Node Type": "Bitmap Heap Scan","Parent Relationship": "Inner","Parallel Aware": false,"Async Capable": false,"Relation Name": "supplier","Alias": "supplier_1","Startup Cost": 7.38,"Total Cost": 239.27,"Plan Rows": 400,"Plan Width": 8,"Actual Startup Time": 0.122,"Actual Total Time": 1.805,"Actual Rows": 413,"Actual Loops": 1,"Recheck Cond": "(s_nationkey = nation_1.n_nationkey)","Rows Removed by Index Recheck": 0,"Exact Heap Blocks": 190,"Lossy Heap Blocks": 0,"Plans": [{"Node Type": "Bitmap Index Scan","Parent Relationship": "Outer","Parallel Aware": false,"Async Capable": false,"Index Name": "idx_supplier_nation_key","Startup Cost": 0.00,"Total Cost": 7.29,"Plan Rows": 400,"Plan Width": 0,"Actual Startup Time": 0.076,"Actual Total Time": 0.082,"Actual Rows": 413,"Actual Loops": 1,"Index Cond": "(s_nationkey = nation_1.n_nationkey)"}]}]},{"Node Type": "Index Scan","Parent Relationship": "Inner","Parallel Aware": false,"Async Capable": false,"Scan Direction": "Forward","Index Name": "idx_partsupp_suppkey","Relation Name": "partsupp","Alias": "partsupp_1","Startup Cost": 0.42,"Total Cost": 9.07,"Plan Rows": 80,"Plan Width": 14,"Actual Startup Time": 0.015,"Actual Total Time": 0.299,"Actual Rows": 80,"Actual Loops": 413,"Index Cond": "(ps_suppkey = supplier_1.s_suppkey)","Rows Removed by Index Recheck": 0}]}]},{"Node Type": "Aggregate","Strategy": "Hashed","Partial Mode": "Simple","Parent Relationship": "Outer","Parallel Aware": false,"Async Capable": false,"Startup Cost": 4514.26,"Total Cost": 4994.26,"Plan Rows": 10667,"Plan Width": 36,"Actual Startup Time": 387.894,"Actual Total Time": 462.834,"Actual Rows": 786,"Actual Loops": 1,"Group Key": ["partsupp.ps_partkey"],"Filter": "(sum((partsupp.ps_supplycost * (partsupp.ps_availqty)::numeric)) > $2)","Planned Partitions": 0,"HashAgg Batches": 1,"Peak Memory Usage": 17937,"Disk Usage": 0,"Rows Removed by Filter": 30324,"Plans": [{"Node Type": "Nested Loop","Parent Relationship": "Outer","Parallel Aware": false,"Async Capable": false,"Join Type": "Inner","Startup Cost": 7.81,"Total Cost": 4194.26,"Plan Rows": 32000,"Plan Width": 14,"Actual Startup Time": 0.397,"Actual Total Time": 197.172,"Actual Rows": 33040,"Actual Loops": 1,"Inner Unique": false,"Plans": [{"Node Type": "Nested Loop","Parent Relationship": "Outer","Parallel Aware": false,"Async Capable": false,"Join Type": "Inner","Startup Cost": 7.38,"Total Cost": 244.58,"Plan Rows": 400,"Plan Width": 4,"Actual Startup Time": 0.324,"Actual Total Time": 2.886,"Actual Rows": 413,"Actual Loops": 1,"Inner Unique": false,"Plans": [{"Node Type": "Seq Scan","Parent Relationship": "Outer","Parallel Aware": false,"Async Capable": false,"Relation Name": "nation","Alias": "nation","Startup Cost": 0.00,"Total Cost": 1.31,"Plan Rows": 1,"Plan Width": 4,"Actual Startup Time": 0.073,"Actual Total Time": 0.106,"Actual Rows": 1,"Actual Loops": 1,"Filter": "(n_name = 'ARGENTINA'::bpchar)","Rows Removed by Filter": 24},{"Node Type": "Bitmap Heap Scan","Parent Relationship": "Inner","Parallel Aware": false,"Async Capable": false,"Relation Name": "supplier","Alias": "supplier","Startup Cost": 7.38,"Total Cost": 239.27,"Plan Rows": 400,"Plan Width": 8,"Actual Startup Time": 0.246,"Actual Total Time": 2.727,"Actual Rows": 413,"Actual Loops": 1,"Recheck Cond": "(s_nationkey = nation.n_nationkey)","Rows Removed by Index Recheck": 0,"Exact Heap Blocks": 190,"Lossy Heap Blocks": 0,"Plans": [{"Node Type": "Bitmap Index Scan","Parent Relationship": "Outer","Parallel Aware": false,"Async Capable": false,"Index Name": "idx_supplier_nation_key","Startup Cost": 0.00,"Total Cost": 7.29,"Plan Rows": 400,"Plan Width": 0,"Actual Startup Time": 0.154,"Actual Total Time": 0.156,"Actual Rows": 413,"Actual Loops": 1,"Index Cond": "(s_nationkey = nation.n_nationkey)"}]}]},{"Node Type": "Index Scan","Parent Relationship": "Inner","Parallel Aware": false,"Async Capable": false,"Scan Direction": "Forward","Index Name": "idx_partsupp_suppkey","Relation Name": "partsupp","Alias": "partsupp","Startup Cost": 0.42,"Total Cost": 9.07,"Plan Rows": 80,"Plan Width": 18,"Actual Startup Time": 0.020,"Actual Total Time": 0.459,"Actual Rows": 80,"Actual Loops": 413,"Index Cond": "(ps_suppkey = supplier.s_suppkey)","Rows Removed by Index Recheck": 0}]}]}]},"Planning Time": 6.005,"Triggers": [],"Execution Time": 466.166}]
[{"Plan": {"Node Type": "Sort","Parallel Aware": false,"Async Capable": false,"Startup Cost": 10142.20,"Total Cost": 10168.87,"Plan Rows": 10667,"Plan Width": 36,"Actual Startup Time": 464.748,"Actual Total Time": 464.880,"Actual Rows": 665,"Actual Loops": 1,"Sort Key": ["(sum((partsupp.ps_supplycost * (partsupp.ps_availqty)::numeric))) DESC"],"Sort Method": "quicksort","Sort Space Used": 61,"Sort Space Type": "Memory","Plans": [{"Node Type": "Aggregate","Strategy": "Plain","Partial Mode": "Simple","Parent Relationship": "InitPlan","Subplan Name": "InitPlan 1 (returns $2)","Parallel Aware": false,"Async Capable": false,"Startup Cost": 4434.26,"Total Cost": 4434.27,"Plan Rows": 1,"Plan Width": 32,"Actual Startup Time": 134.444,"Actual Total Time": 134.478,"Actual Rows": 1,"Actual Loops": 1,"Plans": [{"Node Type": "Nested Loop","Parent Relationship": "Outer","Parallel Aware": false,"Async Capable": false,"Join Type": "Inner","Startup Cost": 7.81,"Total Cost": 4194.26,"Plan Rows": 32000,"Plan Width": 10,"Actual Startup Time": 0.195,"Actual Total Time": 126.758,"Actual Rows": 33600,"Actual Loops": 1,"Inner Unique": false,"Plans": [{"Node Type": "Nested Loop","Parent Relationship": "Outer","Parallel Aware": false,"Async Capable": false,"Join Type": "Inner","Startup Cost": 7.38,"Total Cost": 244.58,"Plan Rows": 400,"Plan Width": 4,"Actual Startup Time": 0.143,"Actual Total Time": 1.895,"Actual Rows": 420,"Actual Loops": 1,"Inner Unique": false,"Plans": [{"Node Type": "Seq Scan","Parent Relationship": "Outer","Parallel Aware": false,"Async Capable": false,"Relation Name": "nation","Alias": "nation_1","Startup Cost": 0.00,"Total Cost": 1.31,"Plan Rows": 1,"Plan Width": 4,"Actual Startup Time": 0.024,"Actual Total Time": 0.046,"Actual Rows": 1,"Actual Loops": 1,"Filter": "(n_name = 'ALGERIA'::bpchar)","Rows Removed by Filter": 24},{"Node Type": "Bitmap Heap Scan","Parent Relationship": "Inner","Parallel Aware": false,"Async Capable": false,"Relation Name": "supplier","Alias": "supplier_1","Startup Cost": 7.38,"Total Cost": 239.27,"Plan Rows": 400,"Plan Width": 8,"Actual Startup Time": 0.107,"Actual Total Time": 1.788,"Actual Rows": 420,"Actual Loops": 1,"Recheck Cond": "(s_nationkey = nation_1.n_nationkey)","Rows Removed by Index Recheck": 0,"Exact Heap Blocks": 197,"Lossy Heap Blocks": 0,"Plans": [{"Node Type": "Bitmap Index Scan","Parent Relationship": "Outer","Parallel Aware": false,"Async Capable": false,"Index Name": "idx_supplier_nation_key","Startup Cost": 0.00,"Total Cost": 7.29,"Plan Rows": 400,"Plan Width": 0,"Actual Startup Time": 0.069,"Actual Total Time": 0.076,"Actual Rows": 420,"Actual Loops": 1,"Index Cond": "(s_nationkey = nation_1.n_nationkey)"}]}]},{"Node Type": "Index Scan","Parent Relationship": "Inner","Parallel Aware": false,"Async Capable": false,"Scan Direction": "Forward","Index Name": "idx_partsupp_suppkey","Relation Name": "partsupp","Alias": "partsupp_1","Startup Cost": 0.42,"Total Cost": 9.07,"Plan Rows": 80,"Plan Width": 14,"Actual Startup Time": 0.014,"Actual Total Time": 0.285,"Actual Rows": 80,"Actual Loops": 420,"Index Cond": "(ps_suppkey = supplier_1.s_suppkey)","Rows Removed by Index Recheck": 0}]}]},{"Node Type": "Aggregate","Strategy": "Hashed","Partial Mode": "Simple","Parent Relationship": "Outer","Parallel Aware": false,"Async Capable": false,"Startup Cost": 4514.26,"Total Cost": 4994.26,"Plan Rows": 10667,"Plan Width": 36,"Actual Startup Time": 388.152,"Actual Total Time": 464.346,"Actual Rows": 665,"Actual Loops": 1,"Group Key": ["partsupp.ps_partkey"],"Filter": "(sum((partsupp.ps_supplycost * (partsupp.ps_availqty)::numeric)) > $2)","Planned Partitions": 0,"HashAgg Batches": 1,"Peak Memory Usage": 17937,"Disk Usage": 0,"Rows Removed by Filter": 30920,"Plans": [{"Node Type": "Nested Loop","Parent Relationship": "Outer","Parallel Aware": false,"Async Capable": false,"Join Type": "Inner","Startup Cost": 7.81,"Total Cost": 4194.26,"Plan Rows": 32000,"Plan Width": 14,"Actual Startup Time": 0.388,"Actual Total Time": 207.629,"Actual Rows": 33600,"Actual Loops": 1,"Inner Unique": false,"Plans": [{"Node Type": "Nested Loop","Parent Relationship": "Outer","Parallel Aware": false,"Async Capable": false,"Join Type": "Inner","Startup Cost": 7.38,"Total Cost": 244.58,"Plan Rows": 400,"Plan Width": 4,"Actual Startup Time": 0.274,"Actual Total Time": 2.984,"Actual Rows": 420,"Actual Loops": 1,"Inner Unique": false,"Plans": [{"Node Type": "Seq Scan","Parent Relationship": "Outer","Parallel Aware": false,"Async Capable": false,"Relation Name": "nation","Alias": "nation","Startup Cost": 0.00,"Total Cost": 1.31,"Plan Rows": 1,"Plan Width": 4,"Actual Startup Time": 0.081,"Actual Total Time": 0.099,"Actual Rows": 1,"Actual Loops": 1,"Filter": "(n_name = 'ALGERIA'::bpchar)","Rows Removed by Filter": 24},{"Node Type": "Bitmap Heap Scan","Parent Relationship": "Inner","Parallel Aware": false,"Async Capable": false,"Relation Name": "supplier","Alias": "supplier","Startup Cost": 7.38,"Total Cost": 239.27,"Plan Rows": 400,"Plan Width": 8,"Actual Startup Time": 0.184,"Actual Total Time": 2.823,"Actual Rows": 420,"Actual Loops": 1,"Recheck Cond": "(s_nationkey = nation.n_nationkey)","Rows Removed by Index Recheck": 0,"Exact Heap Blocks": 197,"Lossy Heap Blocks": 0,"Plans": [{"Node Type": "Bitmap Index Scan","Parent Relationship": "Outer","Parallel Aware": false,"Async Capable": false,"Index Name": "idx_supplier_nation_key","Startup Cost": 0.00,"Total Cost": 7.29,"Plan Rows": 400,"Plan Width": 0,"Actual Startup Time": 0.105,"Actual Total Time": 0.106,"Actual Rows": 420,"Actual Loops": 1,"Index Cond": "(s_nationkey = nation.n_nationkey)"}]}]},{"Node Type": "Index Scan","Parent Relationship": "Inner","Parallel Aware": false,"Async Capable": false,"Scan Direction": "Forward","Index Name": "idx_partsupp_suppkey","Relation Name": "partsupp","Alias": "partsupp","Startup Cost": 0.42,"Total Cost": 9.07,"Plan Rows": 80,"Plan Width": 18,"Actual Startup Time": 0.019,"Actual Total Time": 0.475,"Actual Rows": 80,"Actual Loops": 420,"Index Cond": "(ps_suppkey = supplier.s_suppkey)","Rows Removed by Index Recheck": 0}]}]}]},"Planning Time": 6.930,"Triggers": [],"Execution Time": 468.122}]
[{"Plan": {"Node Type": "Sort","Parallel Aware": false,"Async Capable": false,"Startup Cost": 10142.20,"Total Cost": 10168.87,"Plan Rows": 10667,"Plan Width": 36,"Actual Startup Time": 427.262,"Actual Total Time": 427.423,"Actual Rows": 1241,"Actual Loops": 1,"Sort Key": ["(sum((partsupp.ps_supplycost * (partsupp.ps_availqty)::numeric))) DESC"],"Sort Method": "quicksort","Sort Space Used": 116,"Sort Space Type": "Memory","Plans": [{"Node Type": "Aggregate","Strategy": "Plain","Partial Mode": "Simple","Parent Relationship": "InitPlan","Subplan Name": "InitPlan 1 (returns $2)","Parallel Aware": false,"Async Capable": false,"Startup Cost": 4434.26,"Total Cost": 4434.27,"Plan Rows": 1,"Plan Width": 32,"Actual Startup Time": 127.406,"Actual Total Time": 127.426,"Actual Rows": 1,"Actual Loops": 1,"Plans": [{"Node Type": "Nested Loop","Parent Relationship": "Outer","Parallel Aware": false,"Async Capable": false,"Join Type": "Inner","Startup Cost": 7.81,"Total Cost": 4194.26,"Plan Rows": 32000,"Plan Width": 10,"Actual Startup Time": 0.226,"Actual Total Time": 120.281,"Actual Rows": 30400,"Actual Loops": 1,"Inner Unique": false,"Plans": [{"Node Type": "Nested Loop","Parent Relationship": "Outer","Parallel Aware": false,"Async Capable": false,"Join Type": "Inner","Startup Cost": 7.38,"Total Cost": 244.58,"Plan Rows": 400,"Plan Width": 4,"Actual Startup Time": 0.174,"Actual Total Time": 1.741,"Actual Rows": 380,"Actual Loops": 1,"Inner Unique": false,"Plans": [{"Node Type": "Seq Scan","Parent Relationship": "Outer","Parallel Aware": false,"Async Capable": false,"Relation Name": "nation","Alias": "nation_1","Startup Cost": 0.00,"Total Cost": 1.31,"Plan Rows": 1,"Plan Width": 4,"Actual Startup Time": 0.028,"Actual Total Time": 0.042,"Actual Rows": 1,"Actual Loops": 1,"Filter": "(n_name = 'ETHIOPIA'::bpchar)","Rows Removed by Filter": 24},{"Node Type": "Bitmap Heap Scan","Parent Relationship": "Inner","Parallel Aware": false,"Async Capable": false,"Relation Name": "supplier","Alias": "supplier_1","Startup Cost": 7.38,"Total Cost": 239.27,"Plan Rows": 400,"Plan Width": 8,"Actual Startup Time": 0.130,"Actual Total Time": 1.641,"Actual Rows": 380,"Actual Loops": 1,"Recheck Cond": "(s_nationkey = nation_1.n_nationkey)","Rows Removed by Index Recheck": 0,"Exact Heap Blocks": 192,"Lossy Heap Blocks": 0,"Plans": [{"Node Type": "Bitmap Index Scan","Parent Relationship": "Outer","Parallel Aware": false,"Async Capable": false,"Index Name": "idx_supplier_nation_key","Startup Cost": 0.00,"Total Cost": 7.29,"Plan Rows": 400,"Plan Width": 0,"Actual Startup Time": 0.089,"Actual Total Time": 0.091,"Actual Rows": 380,"Actual Loops": 1,"Index Cond": "(s_nationkey = nation_1.n_nationkey)"}]}]},{"Node Type": "Index Scan","Parent Relationship": "Inner","Parallel Aware": false,"Async Capable": false,"Scan Direction": "Forward","Index Name": "idx_partsupp_suppkey","Relation Name": "partsupp","Alias": "partsupp_1","Startup Cost": 0.42,"Total Cost": 9.07,"Plan Rows": 80,"Plan Width": 14,"Actual Startup Time": 0.015,"Actual Total Time": 0.299,"Actual Rows": 80,"Actual Loops": 380,"Index Cond": "(ps_suppkey = supplier_1.s_suppkey)","Rows Removed by Index Recheck": 0}]}]},{"Node Type": "Aggregate","Strategy": "Hashed","Partial Mode": "Simple","Parent Relationship": "Outer","Parallel Aware": false,"Async Capable": false,"Startup Cost": 4514.26,"Total Cost": 4994.26,"Plan Rows": 10667,"Plan Width": 36,"Actual Startup Time": 359.706,"Actual Total Time": 426.732,"Actual Rows": 1241,"Actual Loops": 1,"Group Key": ["partsupp.ps_partkey"],"Filter": "(sum((partsupp.ps_supplycost * (partsupp.ps_availqty)::numeric)) > $2)","Planned Partitions": 0,"HashAgg Batches": 1,"Peak Memory Usage": 17937,"Disk Usage": 0,"Rows Removed by Filter": 27374,"Plans": [{"Node Type": "Nested Loop","Parent Relationship": "Outer","Parallel Aware": false,"Async Capable": false,"Join Type": "Inner","Startup Cost": 7.81,"Total Cost": 4194.26,"Plan Rows": 32000,"Plan Width": 14,"Actual Startup Time": 0.377,"Actual Total Time": 187.744,"Actual Rows": 30400,"Actual Loops": 1,"Inner Unique": false,"Plans": [{"Node Type": "Nested Loop","Parent Relationship": "Outer","Parallel Aware": false,"Async Capable": false,"Join Type": "Inner","Startup Cost": 7.38,"Total Cost": 244.58,"Plan Rows": 400,"Plan Width": 4,"Actual Startup Time": 0.305,"Actual Total Time": 2.864,"Actual Rows": 380,"Actual Loops": 1,"Inner Unique": false,"Plans": [{"Node Type": "Seq Scan","Parent Relationship": "Outer","Parallel Aware": false,"Async Capable": false,"Relation Name": "nation","Alias": "nation","Startup Cost": 0.00,"Total Cost": 1.31,"Plan Rows": 1,"Plan Width": 4,"Actual Startup Time": 0.073,"Actual Total Time": 0.091,"Actual Rows": 1,"Actual Loops": 1,"Filter": "(n_name = 'ETHIOPIA'::bpchar)","Rows Removed by Filter": 24},{"Node Type": "Bitmap Heap Scan","Parent Relationship": "Inner","Parallel Aware": false,"Async Capable": false,"Relation Name": "supplier","Alias": "supplier","Startup Cost": 7.38,"Total Cost": 239.27,"Plan Rows": 400,"Plan Width": 8,"Actual Startup Time": 0.228,"Actual Total Time": 2.728,"Actual Rows": 380,"Actual Loops": 1,"Recheck Cond": "(s_nationkey = nation.n_nationkey)","Rows Removed by Index Recheck": 0,"Exact Heap Blocks": 192,"Lossy Heap Blocks": 0,"Plans": [{"Node Type": "Bitmap Index Scan","Parent Relationship": "Outer","Parallel Aware": false,"Async Capable": false,"Index Name": "idx_supplier_nation_key","Startup Cost": 0.00,"Total Cost": 7.29,"Plan Rows": 400,"Plan Width": 0,"Actual Startup Time": 0.146,"Actual Total Time": 0.146,"Actual Rows": 380,"Actual Loops": 1,"Index Cond": "(s_nationkey = nation.n_nationkey)"}]}]},{"Node Type": "Index Scan","Parent Relationship": "Inner","Parallel Aware": false,"Async Capable": false,"Scan Direction": "Forward","Index Name": "idx_partsupp_suppkey","Relation Name": "partsupp","Alias": "partsupp","Startup Cost": 0.42,"Total Cost": 9.07,"Plan Rows": 80,"Plan Width": 18,"Actual Startup Time": 0.020,"Actual Total Time": 0.475,"Actual Rows": 80,"Actual Loops": 380,"Index Cond": "(ps_suppkey = supplier.s_suppkey)","Rows Removed by Index Recheck": 0}]}]}]},"Planning Time": 7.180,"Triggers": [],"Execution Time": 429.797}]
[{"Plan": {"Node Type": "Sort","Parallel Aware": false,"Async Capable": false,"Startup Cost": 10142.20,"Total Cost": 10168.87,"Plan Rows": 10667,"Plan Width": 36,"Actual Startup Time": 433.392,"Actual Total Time": 433.521,"Actual Rows": 1062,"Actual Loops": 1,"Sort Key": ["(sum((partsupp.ps_supplycost * (partsupp.ps_availqty)::numeric))) DESC"],"Sort Method": "quicksort","Sort Space Used": 107,"Sort Space Type": "Memory","Plans": [{"Node Type": "Aggregate","Strategy": "Plain","Partial Mode": "Simple","Parent Relationship": "InitPlan","Subplan Name": "InitPlan 1 (returns $2)","Parallel Aware": false,"Async Capable": false,"Startup Cost": 4434.26,"Total Cost": 4434.27,"Plan Rows": 1,"Plan Width": 32,"Actual Startup Time": 125.971,"Actual Total Time": 125.990,"Actual Rows": 1,"Actual Loops": 1,"Plans": [{"Node Type": "Nested Loop","Parent Relationship": "Outer","Parallel Aware": false,"Async Capable": false,"Join Type": "Inner","Startup Cost": 7.81,"Total Cost": 4194.26,"Plan Rows": 32000,"Plan Width": 10,"Actual Startup Time": 0.203,"Actual Total Time": 118.781,"Actual Rows": 31440,"Actual Loops": 1,"Inner Unique": false,"Plans": [{"Node Type": "Nested Loop","Parent Relationship": "Outer","Parallel Aware": false,"Async Capable": false,"Join Type": "Inner","Startup Cost": 7.38,"Total Cost": 244.58,"Plan Rows": 400,"Plan Width": 4,"Actual Startup Time": 0.157,"Actual Total Time": 1.656,"Actual Rows": 393,"Actual Loops": 1,"Inner Unique": false,"Plans": [{"Node Type": "Seq Scan","Parent Relationship": "Outer","Parallel Aware": false,"Async Capable": false,"Relation Name": "nation","Alias": "nation_1","Startup Cost": 0.00,"Total Cost": 1.31,"Plan Rows": 1,"Plan Width": 4,"Actual Startup Time": 0.034,"Actual Total Time": 0.054,"Actual Rows": 1,"Actual Loops": 1,"Filter": "(n_name = 'IRAN'::bpchar)","Rows Removed by Filter": 24},{"Node Type": "Bitmap Heap Scan","Parent Relationship": "Inner","Parallel Aware": false,"Async Capable": false,"Relation Name": "supplier","Alias": "supplier_1","Startup Cost": 7.38,"Total Cost": 239.27,"Plan Rows": 400,"Plan Width": 8,"Actual Startup Time": 0.107,"Actual Total Time": 1.545,"Actual Rows": 393,"Actual Loops": 1,"Recheck Cond": "(s_nationkey = nation_1.n_nationkey)","Rows Removed by Index Recheck": 0,"Exact Heap Blocks": 179,"Lossy Heap Blocks": 0,"Plans": [{"Node Type": "Bitmap Index Scan","Parent Relationship": "Outer","Parallel Aware": false,"Async Capable": false,"Index Name": "idx_supplier_nation_key","Startup Cost": 0.00,"Total Cost": 7.29,"Plan Rows": 400,"Plan Width": 0,"Actual Startup Time": 0.076,"Actual Total Time": 0.080,"Actual Rows": 393,"Actual Loops": 1,"Index Cond": "(s_nationkey = nation_1.n_nationkey)"}]}]},{"Node Type": "Index Scan","Parent Relationship": "Inner","Parallel Aware": false,"Async Capable": false,"Scan Direction": "Forward","Index Name": "idx_partsupp_suppkey","Relation Name": "partsupp","Alias": "partsupp_1","Startup Cost": 0.42,"Total Cost": 9.07,"Plan Rows": 80,"Plan Width": 14,"Actual Startup Time": 0.014,"Actual Total Time": 0.286,"Actual Rows": 80,"Actual Loops": 393,"Index Cond": "(ps_suppkey = supplier_1.s_suppkey)","Rows Removed by Index Recheck": 0}]}]},{"Node Type": "Aggregate","Strategy": "Hashed","Partial Mode": "Simple","Parent Relationship": "Outer","Parallel Aware": false,"Async Capable": false,"Startup Cost": 4514.26,"Total Cost": 4994.26,"Plan Rows": 10667,"Plan Width": 36,"Actual Startup Time": 362.794,"Actual Total Time": 432.898,"Actual Rows": 1062,"Actual Loops": 1,"Group Key": ["partsupp.ps_partkey"],"Filter": "(sum((partsupp.ps_supplycost * (partsupp.ps_availqty)::numeric)) > $2)","Planned Partitions": 0,"HashAgg Batches": 1,"Peak Memory Usage": 17937,"Disk Usage": 0,"Rows Removed by Filter": 28595,"Plans": [{"Node Type": "Nested Loop","Parent Relationship": "Outer","Parallel Aware": false,"Async Capable": false,"Join Type": "Inner","Startup Cost": 7.81,"Total Cost": 4194.26,"Plan Rows": 32000,"Plan Width": 14,"Actual Startup Time": 0.338,"Actual Total Time": 194.810,"Actual Rows": 31440,"Actual Loops": 1,"Inner Unique": false,"Plans": [{"Node Type": "Nested Loop","Parent Relationship": "Outer","Parallel Aware": false,"Async Capable": false,"Join Type": "Inner","Startup Cost": 7.38,"Total Cost": 244.58,"Plan Rows": 400,"Plan Width": 4,"Actual Startup Time": 0.285,"Actual Total Time": 2.779,"Actual Rows": 393,"Actual Loops": 1,"Inner Unique": false,"Plans": [{"Node Type": "Seq Scan","Parent Relationship": "Outer","Parallel Aware": false,"Async Capable": false,"Relation Name": "nation","Alias": "nation","Startup Cost": 0.00,"Total Cost": 1.31,"Plan Rows": 1,"Plan Width": 4,"Actual Startup Time": 0.074,"Actual Total Time": 0.096,"Actual Rows": 1,"Actual Loops": 1,"Filter": "(n_name = 'IRAN'::bpchar)","Rows Removed by Filter": 24},{"Node Type": "Bitmap Heap Scan","Parent Relationship": "Inner","Parallel Aware": false,"Async Capable": false,"Relation Name": "supplier","Alias": "supplier","Startup Cost": 7.38,"Total Cost": 239.27,"Plan Rows": 400,"Plan Width": 8,"Actual Startup Time": 0.203,"Actual Total Time": 2.632,"Actual Rows": 393,"Actual Loops": 1,"Recheck Cond": "(s_nationkey = nation.n_nationkey)","Rows Removed by Index Recheck": 0,"Exact Heap Blocks": 179,"Lossy Heap Blocks": 0,"Plans": [{"Node Type": "Bitmap Index Scan","Parent Relationship": "Outer","Parallel Aware": false,"Async Capable": false,"Index Name": "idx_supplier_nation_key","Startup Cost": 0.00,"Total Cost": 7.29,"Plan Rows": 400,"Plan Width": 0,"Actual Startup Time": 0.138,"Actual Total Time": 0.139,"Actual Rows": 393,"Actual Loops": 1,"Index Cond": "(s_nationkey = nation.n_nationkey)"}]}]},{"Node Type": "Index Scan","Parent Relationship": "Inner","Parallel Aware": false,"Async Capable": false,"Scan Direction": "Forward","Index Name": "idx_partsupp_suppkey","Relation Name": "partsupp","Alias": "partsupp","Startup Cost": 0.42,"Total Cost": 9.07,"Plan Rows": 80,"Plan Width": 18,"Actual Startup Time": 0.019,"Actual Total Time": 0.477,"Actual Rows": 80,"Actual Loops": 393,"Index Cond": "(ps_suppkey = supplier.s_suppkey)","Rows Removed by Index Recheck": 0}]}]}]},"Planning Time": 6.603,"Triggers": [],"Execution Time": 437.000}]
[{"Plan": {"Node Type": "Sort","Parallel Aware": false,"Async Capable": false,"Startup Cost": 10142.20,"Total Cost": 10168.87,"Plan Rows": 10667,"Plan Width": 36,"Actual Startup Time": 454.370,"Actual Total Time": 454.495,"Actual Rows": 925,"Actual Loops": 1,"Sort Key": ["(sum((partsupp.ps_supplycost * (partsupp.ps_availqty)::numeric))) DESC"],"Sort Method": "quicksort","Sort Space Used": 75,"Sort Space Type": "Memory","Plans": [{"Node Type": "Aggregate","Strategy": "Plain","Partial Mode": "Simple","Parent Relationship": "InitPlan","Subplan Name": "InitPlan 1 (returns $2)","Parallel Aware": false,"Async Capable": false,"Startup Cost": 4434.26,"Total Cost": 4434.27,"Plan Rows": 1,"Plan Width": 32,"Actual Startup Time": 135.908,"Actual Total Time": 135.923,"Actual Rows": 1,"Actual Loops": 1,"Plans": [{"Node Type": "Nested Loop","Parent Relationship": "Outer","Parallel Aware": false,"Async Capable": false,"Join Type": "Inner","Startup Cost": 7.81,"Total Cost": 4194.26,"Plan Rows": 32000,"Plan Width": 10,"Actual Startup Time": 0.237,"Actual Total Time": 128.564,"Actual Rows": 31840,"Actual Loops": 1,"Inner Unique": false,"Plans": [{"Node Type": "Nested Loop","Parent Relationship": "Outer","Parallel Aware": false,"Async Capable": false,"Join Type": "Inner","Startup Cost": 7.38,"Total Cost": 244.58,"Plan Rows": 400,"Plan Width": 4,"Actual Startup Time": 0.190,"Actual Total Time": 1.776,"Actual Rows": 398,"Actual Loops": 1,"Inner Unique": false,"Plans": [{"Node Type": "Seq Scan","Parent Relationship": "Outer","Parallel Aware": false,"Async Capable": false,"Relation Name": "nation","Alias": "nation_1","Startup Cost": 0.00,"Total Cost": 1.31,"Plan Rows": 1,"Plan Width": 4,"Actual Startup Time": 0.045,"Actual Total Time": 0.060,"Actual Rows": 1,"Actual Loops": 1,"Filter": "(n_name = 'ROMANIA'::bpchar)","Rows Removed by Filter": 24},{"Node Type": "Bitmap Heap Scan","Parent Relationship": "Inner","Parallel Aware": false,"Async Capable": false,"Relation Name": "supplier","Alias": "supplier_1","Startup Cost": 7.38,"Total Cost": 239.27,"Plan Rows": 400,"Plan Width": 8,"Actual Startup Time": 0.127,"Actual Total Time": 1.656,"Actual Rows": 398,"Actual Loops": 1,"Recheck Cond": "(s_nationkey = nation_1.n_nationkey)","Rows Removed by Index Recheck": 0,"Exact Heap Blocks": 186,"Lossy Heap Blocks": 0,"Plans": [{"Node Type": "Bitmap Index Scan","Parent Relationship": "Outer","Parallel Aware": false,"Async Capable": false,"Index Name": "idx_supplier_nation_key","Startup Cost": 0.00,"Total Cost": 7.29,"Plan Rows": 400,"Plan Width": 0,"Actual Startup Time": 0.081,"Actual Total Time": 0.084,"Actual Rows": 398,"Actual Loops": 1,"Index Cond": "(s_nationkey = nation_1.n_nationkey)"}]}]},{"Node Type": "Index Scan","Parent Relationship": "Inner","Parallel Aware": false,"Async Capable": false,"Scan Direction": "Forward","Index Name": "idx_partsupp_suppkey","Relation Name": "partsupp","Alias": "partsupp_1","Startup Cost": 0.42,"Total Cost": 9.07,"Plan Rows": 80,"Plan Width": 14,"Actual Startup Time": 0.015,"Actual Total Time": 0.306,"Actual Rows": 80,"Actual Loops": 398,"Index Cond": "(ps_suppkey = supplier_1.s_suppkey)","Rows Removed by Index Recheck": 0}]}]},{"Node Type": "Aggregate","Strategy": "Hashed","Partial Mode": "Simple","Parent Relationship": "Outer","Parallel Aware": false,"Async Capable": false,"Startup Cost": 4514.26,"Total Cost": 4994.26,"Plan Rows": 10667,"Plan Width": 36,"Actual Startup Time": 383.049,"Actual Total Time": 453.972,"Actual Rows": 925,"Actual Loops": 1,"Group Key": ["partsupp.ps_partkey"],"Filter": "(sum((partsupp.ps_supplycost * (partsupp.ps_availqty)::numeric)) > $2)","Planned Partitions": 0,"HashAgg Batches": 1,"Peak Memory Usage": 17937,"Disk Usage": 0,"Rows Removed by Filter": 29106,"Plans": [{"Node Type": "Nested Loop","Parent Relationship": "Outer","Parallel Aware": false,"Async Capable": false,"Join Type": "Inner","Startup Cost": 7.81,"Total Cost": 4194.26,"Plan Rows": 32000,"Plan Width": 14,"Actual Startup Time": 0.324,"Actual Total Time": 197.326,"Actual Rows": 31840,"Actual Loops": 1,"Inner Unique": false,"Plans": [{"Node Type": "Nested Loop","Parent Relationship": "Outer","Parallel Aware": false,"Async Capable": false,"Join Type": "Inner","Startup Cost": 7.38,"Total Cost": 244.58,"Plan Rows": 400,"Plan Width": 4,"Actual Startup Time": 0.245,"Actual Total Time": 2.763,"Actual Rows": 398,"Actual Loops": 1,"Inner Unique": false,"Plans": [{"Node Type": "Seq Scan","Parent Relationship": "Outer","Parallel Aware": false,"Async Capable": false,"Relation Name": "nation","Alias": "nation","Startup Cost": 0.00,"Total Cost": 1.31,"Plan Rows": 1,"Plan Width": 4,"Actual Startup Time": 0.070,"Actual Total Time": 0.094,"Actual Rows": 1,"Actual Loops": 1,"Filter": "(n_name = 'ROMANIA'::bpchar)","Rows Removed by Filter": 24},{"Node Type": "Bitmap Heap Scan","Parent Relationship": "Inner","Parallel Aware": false,"Async Capable": false,"Relation Name": "supplier","Alias": "supplier","Startup Cost": 7.38,"Total Cost": 239.27,"Plan Rows": 400,"Plan Width": 8,"Actual Startup Time": 0.167,"Actual Total Time": 2.613,"Actual Rows": 398,"Actual Loops": 1,"Recheck Cond": "(s_nationkey = nation.n_nationkey)","Rows Removed by Index Recheck": 0,"Exact Heap Blocks": 186,"Lossy Heap Blocks": 0,"Plans": [{"Node Type": "Bitmap Index Scan","Parent Relationship": "Outer","Parallel Aware": false,"Async Capable": false,"Index Name": "idx_supplier_nation_key","Startup Cost": 0.00,"Total Cost": 7.29,"Plan Rows": 400,"Plan Width": 0,"Actual Startup Time": 0.108,"Actual Total Time": 0.110,"Actual Rows": 398,"Actual Loops": 1,"Index Cond": "(s_nationkey = nation.n_nationkey)"}]}]},{"Node Type": "Index Scan","Parent Relationship": "Inner","Parallel Aware": false,"Async Capable": false,"Scan Direction": "Forward","Index Name": "idx_partsupp_suppkey","Relation Name": "partsupp","Alias": "partsupp","Startup Cost": 0.42,"Total Cost": 9.07,"Plan Rows": 80,"Plan Width": 18,"Actual Startup Time": 0.020,"Actual Total Time": 0.477,"Actual Rows": 80,"Actual Loops": 398,"Index Cond": "(ps_suppkey = supplier.s_suppkey)","Rows Removed by Index Recheck": 0}]}]}]},"Planning Time": 5.113,"Triggers": [],"Execution Time": 456.866}]
[{"Plan": {"Node Type": "Sort","Parallel Aware": false,"Async Capable": false,"Startup Cost": 10142.20,"Total Cost": 10168.87,"Plan Rows": 10667,"Plan Width": 36,"Actual Startup Time": 448.636,"Actual Total Time": 448.779,"Actual Rows": 979,"Actual Loops": 1,"Sort Key": ["(sum((partsupp.ps_supplycost * (partsupp.ps_availqty)::numeric))) DESC"],"Sort Method": "quicksort","Sort Space Used": 78,"Sort Space Type": "Memory","Plans": [{"Node Type": "Aggregate","Strategy": "Plain","Partial Mode": "Simple","Parent Relationship": "InitPlan","Subplan Name": "InitPlan 1 (returns $2)","Parallel Aware": false,"Async Capable": false,"Startup Cost": 4434.26,"Total Cost": 4434.27,"Plan Rows": 1,"Plan Width": 32,"Actual Startup Time": 130.424,"Actual Total Time": 130.461,"Actual Rows": 1,"Actual Loops": 1,"Plans": [{"Node Type": "Nested Loop","Parent Relationship": "Outer","Parallel Aware": false,"Async Capable": false,"Join Type": "Inner","Startup Cost": 7.81,"Total Cost": 4194.26,"Plan Rows": 32000,"Plan Width": 10,"Actual Startup Time": 0.191,"Actual Total Time": 123.113,"Actual Rows": 31920,"Actual Loops": 1,"Inner Unique": false,"Plans": [{"Node Type": "Nested Loop","Parent Relationship": "Outer","Parallel Aware": false,"Async Capable": false,"Join Type": "Inner","Startup Cost": 7.38,"Total Cost": 244.58,"Plan Rows": 400,"Plan Width": 4,"Actual Startup Time": 0.152,"Actual Total Time": 1.823,"Actual Rows": 399,"Actual Loops": 1,"Inner Unique": false,"Plans": [{"Node Type": "Seq Scan","Parent Relationship": "Outer","Parallel Aware": false,"Async Capable": false,"Relation Name": "nation","Alias": "nation_1","Startup Cost": 0.00,"Total Cost": 1.31,"Plan Rows": 1,"Plan Width": 4,"Actual Startup Time": 0.042,"Actual Total Time": 0.060,"Actual Rows": 1,"Actual Loops": 1,"Filter": "(n_name = 'VIETNAM'::bpchar)","Rows Removed by Filter": 24},{"Node Type": "Bitmap Heap Scan","Parent Relationship": "Inner","Parallel Aware": false,"Async Capable": false,"Relation Name": "supplier","Alias": "supplier_1","Startup Cost": 7.38,"Total Cost": 239.27,"Plan Rows": 400,"Plan Width": 8,"Actual Startup Time": 0.095,"Actual Total Time": 1.696,"Actual Rows": 399,"Actual Loops": 1,"Recheck Cond": "(s_nationkey = nation_1.n_nationkey)","Rows Removed by Index Recheck": 0,"Exact Heap Blocks": 191,"Lossy Heap Blocks": 0,"Plans": [{"Node Type": "Bitmap Index Scan","Parent Relationship": "Outer","Parallel Aware": false,"Async Capable": false,"Index Name": "idx_supplier_nation_key","Startup Cost": 0.00,"Total Cost": 7.29,"Plan Rows": 400,"Plan Width": 0,"Actual Startup Time": 0.057,"Actual Total Time": 0.061,"Actual Rows": 399,"Actual Loops": 1,"Index Cond": "(s_nationkey = nation_1.n_nationkey)"}]}]},{"Node Type": "Index Scan","Parent Relationship": "Inner","Parallel Aware": false,"Async Capable": false,"Scan Direction": "Forward","Index Name": "idx_partsupp_suppkey","Relation Name": "partsupp","Alias": "partsupp_1","Startup Cost": 0.42,"Total Cost": 9.07,"Plan Rows": 80,"Plan Width": 14,"Actual Startup Time": 0.014,"Actual Total Time": 0.292,"Actual Rows": 80,"Actual Loops": 399,"Index Cond": "(ps_suppkey = supplier_1.s_suppkey)","Rows Removed by Index Recheck": 0}]}]},{"Node Type": "Aggregate","Strategy": "Hashed","Partial Mode": "Simple","Parent Relationship": "Outer","Parallel Aware": false,"Async Capable": false,"Startup Cost": 4514.26,"Total Cost": 4994.26,"Plan Rows": 10667,"Plan Width": 36,"Actual Startup Time": 376.224,"Actual Total Time": 448.108,"Actual Rows": 979,"Actual Loops": 1,"Group Key": ["partsupp.ps_partkey"],"Filter": "(sum((partsupp.ps_supplycost * (partsupp.ps_availqty)::numeric)) > $2)","Planned Partitions": 0,"HashAgg Batches": 1,"Peak Memory Usage": 17937,"Disk Usage": 0,"Rows Removed by Filter": 29153,"Plans": [{"Node Type": "Nested Loop","Parent Relationship": "Outer","Parallel Aware": false,"Async Capable": false,"Join Type": "Inner","Startup Cost": 7.81,"Total Cost": 4194.26,"Plan Rows": 32000,"Plan Width": 14,"Actual Startup Time": 0.359,"Actual Total Time": 202.215,"Actual Rows": 31920,"Actual Loops": 1,"Inner Unique": false,"Plans": [{"Node Type": "Nested Loop","Parent Relationship": "Outer","Parallel Aware": false,"Async Capable": false,"Join Type": "Inner","Startup Cost": 7.38,"Total Cost": 244.58,"Plan Rows": 400,"Plan Width": 4,"Actual Startup Time": 0.271,"Actual Total Time": 2.875,"Actual Rows": 399,"Actual Loops": 1,"Inner Unique": false,"Plans": [{"Node Type": "Seq Scan","Parent Relationship": "Outer","Parallel Aware": false,"Async Capable": false,"Relation Name": "nation","Alias": "nation","Startup Cost": 0.00,"Total Cost": 1.31,"Plan Rows": 1,"Plan Width": 4,"Actual Startup Time": 0.081,"Actual Total Time": 0.101,"Actual Rows": 1,"Actual Loops": 1,"Filter": "(n_name = 'VIETNAM'::bpchar)","Rows Removed by Filter": 24},{"Node Type": "Bitmap Heap Scan","Parent Relationship": "Inner","Parallel Aware": false,"Async Capable": false,"Relation Name": "supplier","Alias": "supplier","Startup Cost": 7.38,"Total Cost": 239.27,"Plan Rows": 400,"Plan Width": 8,"Actual Startup Time": 0.181,"Actual Total Time": 2.716,"Actual Rows": 399,"Actual Loops": 1,"Recheck Cond": "(s_nationkey = nation.n_nationkey)","Rows Removed by Index Recheck": 0,"Exact Heap Blocks": 191,"Lossy Heap Blocks": 0,"Plans": [{"Node Type": "Bitmap Index Scan","Parent Relationship": "Outer","Parallel Aware": false,"Async Capable": false,"Index Name": "idx_supplier_nation_key","Startup Cost": 0.00,"Total Cost": 7.29,"Plan Rows": 400,"Plan Width": 0,"Actual Startup Time": 0.120,"Actual Total Time": 0.121,"Actual Rows": 399,"Actual Loops": 1,"Index Cond": "(s_nationkey = nation.n_nationkey)"}]}]},{"Node Type": "Index Scan","Parent Relationship": "Inner","Parallel Aware": false,"Async Capable": false,"Scan Direction": "Forward","Index Name": "idx_partsupp_suppkey","Relation Name": "partsupp","Alias": "partsupp","Startup Cost": 0.42,"Total Cost": 9.07,"Plan Rows": 80,"Plan Width": 18,"Actual Startup Time": 0.019,"Actual Total Time": 0.488,"Actual Rows": 80,"Actual Loops": 399,"Index Cond": "(ps_suppkey = supplier.s_suppkey)","Rows Removed by Index Recheck": 0}]}]}]},"Planning Time": 6.254,"Triggers": [],"Execution Time": 451.997}]
[{"Plan": {"Node Type": "Sort","Parallel Aware": false,"Async Capable": false,"Startup Cost": 10142.20,"Total Cost": 10168.87,"Plan Rows": 10667,"Plan Width": 36,"Actual Startup Time": 400.788,"Actual Total Time": 400.942,"Actual Rows": 1469,"Actual Loops": 1,"Sort Key": ["(sum((partsupp.ps_supplycost * (partsupp.ps_availqty)::numeric))) DESC"],"Sort Method": "quicksort","Sort Space Used": 129,"Sort Space Type": "Memory","Plans": [{"Node Type": "Aggregate","Strategy": "Plain","Partial Mode": "Simple","Parent Relationship": "InitPlan","Subplan Name": "InitPlan 1 (returns $2)","Parallel Aware": false,"Async Capable": false,"Startup Cost": 4434.26,"Total Cost": 4434.27,"Plan Rows": 1,"Plan Width": 32,"Actual Startup Time": 117.250,"Actual Total Time": 117.272,"Actual Rows": 1,"Actual Loops": 1,"Plans": [{"Node Type": "Nested Loop","Parent Relationship": "Outer","Parallel Aware": false,"Async Capable": false,"Join Type": "Inner","Startup Cost": 7.81,"Total Cost": 4194.26,"Plan Rows": 32000,"Plan Width": 10,"Actual Startup Time": 0.216,"Actual Total Time": 110.575,"Actual Rows": 28960,"Actual Loops": 1,"Inner Unique": false,"Plans": [{"Node Type": "Nested Loop","Parent Relationship": "Outer","Parallel Aware": false,"Async Capable": false,"Join Type": "Inner","Startup Cost": 7.38,"Total Cost": 244.58,"Plan Rows": 400,"Plan Width": 4,"Actual Startup Time": 0.161,"Actual Total Time": 1.515,"Actual Rows": 362,"Actual Loops": 1,"Inner Unique": false,"Plans": [{"Node Type": "Seq Scan","Parent Relationship": "Outer","Parallel Aware": false,"Async Capable": false,"Relation Name": "nation","Alias": "nation_1","Startup Cost": 0.00,"Total Cost": 1.31,"Plan Rows": 1,"Plan Width": 4,"Actual Startup Time": 0.032,"Actual Total Time": 0.051,"Actual Rows": 1,"Actual Loops": 1,"Filter": "(n_name = 'JORDAN'::bpchar)","Rows Removed by Filter": 24},{"Node Type": "Bitmap Heap Scan","Parent Relationship": "Inner","Parallel Aware": false,"Async Capable": false,"Relation Name": "supplier","Alias": "supplier_1","Startup Cost": 7.38,"Total Cost": 239.27,"Plan Rows": 400,"Plan Width": 8,"Actual Startup Time": 0.117,"Actual Total Time": 1.415,"Actual Rows": 362,"Actual Loops": 1,"Recheck Cond": "(s_nationkey = nation_1.n_nationkey)","Rows Removed by Index Recheck": 0,"Exact Heap Blocks": 166,"Lossy Heap Blocks": 0,"Plans": [{"Node Type": "Bitmap Index Scan","Parent Relationship": "Outer","Parallel Aware": false,"Async Capable": false,"Index Name": "idx_supplier_nation_key","Startup Cost": 0.00,"Total Cost": 7.29,"Plan Rows": 400,"Plan Width": 0,"Actual Startup Time": 0.075,"Actual Total Time": 0.079,"Actual Rows": 362,"Actual Loops": 1,"Index Cond": "(s_nationkey = nation_1.n_nationkey)"}]}]},{"Node Type": "Index Scan","Parent Relationship": "Inner","Parallel Aware": false,"Async Capable": false,"Scan Direction": "Forward","Index Name": "idx_partsupp_suppkey","Relation Name": "partsupp","Alias": "partsupp_1","Startup Cost": 0.42,"Total Cost": 9.07,"Plan Rows": 80,"Plan Width": 14,"Actual Startup Time": 0.014,"Actual Total Time": 0.289,"Actual Rows": 80,"Actual Loops": 362,"Index Cond": "(ps_suppkey = supplier_1.s_suppkey)","Rows Removed by Index Recheck": 0}]}]},{"Node Type": "Aggregate","Strategy": "Hashed","Partial Mode": "Simple","Parent Relationship": "Outer","Parallel Aware": false,"Async Capable": false,"Startup Cost": 4514.26,"Total Cost": 4994.26,"Plan Rows": 10667,"Plan Width": 36,"Actual Startup Time": 338.606,"Actual Total Time": 400.138,"Actual Rows": 1469,"Actual Loops": 1,"Group Key": ["partsupp.ps_partkey"],"Filter": "(sum((partsupp.ps_supplycost * (partsupp.ps_availqty)::numeric)) > $2)","Planned Partitions": 0,"HashAgg Batches": 1,"Peak Memory Usage": 17937,"Disk Usage": 0,"Rows Removed by Filter": 25896,"Plans": [{"Node Type": "Nested Loop","Parent Relationship": "Outer","Parallel Aware": false,"Async Capable": false,"Join Type": "Inner","Startup Cost": 7.81,"Total Cost": 4194.26,"Plan Rows": 32000,"Plan Width": 14,"Actual Startup Time": 0.314,"Actual Total Time": 181.118,"Actual Rows": 28960,"Actual Loops": 1,"Inner Unique": false,"Plans": [{"Node Type": "Nested Loop","Parent Relationship": "Outer","Parallel Aware": false,"Async Capable": false,"Join Type": "Inner","Startup Cost": 7.38,"Total Cost": 244.58,"Plan Rows": 400,"Plan Width": 4,"Actual Startup Time": 0.258,"Actual Total Time": 2.692,"Actual Rows": 362,"Actual Loops": 1,"Inner Unique": false,"Plans": [{"Node Type": "Seq Scan","Parent Relationship": "Outer","Parallel Aware": false,"Async Capable": false,"Relation Name": "nation","Alias": "nation","Startup Cost": 0.00,"Total Cost": 1.31,"Plan Rows": 1,"Plan Width": 4,"Actual Startup Time": 0.077,"Actual Total Time": 0.107,"Actual Rows": 1,"Actual Loops": 1,"Filter": "(n_name = 'JORDAN'::bpchar)","Rows Removed by Filter": 24},{"Node Type": "Bitmap Heap Scan","Parent Relationship": "Inner","Parallel Aware": false,"Async Capable": false,"Relation Name": "supplier","Alias": "supplier","Startup Cost": 7.38,"Total Cost": 239.27,"Plan Rows": 400,"Plan Width": 8,"Actual Startup Time": 0.172,"Actual Total Time": 2.539,"Actual Rows": 362,"Actual Loops": 1,"Recheck Cond": "(s_nationkey = nation.n_nationkey)","Rows Removed by Index Recheck": 0,"Exact Heap Blocks": 166,"Lossy Heap Blocks": 0,"Plans": [{"Node Type": "Bitmap Index Scan","Parent Relationship": "Outer","Parallel Aware": false,"Async Capable": false,"Index Name": "idx_supplier_nation_key","Startup Cost": 0.00,"Total Cost": 7.29,"Plan Rows": 400,"Plan Width": 0,"Actual Startup Time": 0.117,"Actual Total Time": 0.118,"Actual Rows": 362,"Actual Loops": 1,"Index Cond": "(s_nationkey = nation.n_nationkey)"}]}]},{"Node Type": "Index Scan","Parent Relationship": "Inner","Parallel Aware": false,"Async Capable": false,"Scan Direction": "Forward","Index Name": "idx_partsupp_suppkey","Relation Name": "partsupp","Alias": "partsupp","Startup Cost": 0.42,"Total Cost": 9.07,"Plan Rows": 80,"Plan Width": 18,"Actual Startup Time": 0.019,"Actual Total Time": 0.481,"Actual Rows": 80,"Actual Loops": 362,"Index Cond": "(ps_suppkey = supplier.s_suppkey)","Rows Removed by Index Recheck": 0}]}]}]},"Planning Time": 6.843,"Triggers": [],"Execution Time": 403.999}]
[{"Plan": {"Node Type": "Sort","Parallel Aware": false,"Async Capable": false,"Startup Cost": 10142.20,"Total Cost": 10168.87,"Plan Rows": 10667,"Plan Width": 36,"Actual Startup Time": 463.200,"Actual Total Time": 463.334,"Actual Rows": 786,"Actual Loops": 1,"Sort Key": ["(sum((partsupp.ps_supplycost * (partsupp.ps_availqty)::numeric))) DESC"],"Sort Method": "quicksort","Sort Space Used": 67,"Sort Space Type": "Memory","Plans": [{"Node Type": "Aggregate","Strategy": "Plain","Partial Mode": "Simple","Parent Relationship": "InitPlan","Subplan Name": "InitPlan 1 (returns $2)","Parallel Aware": false,"Async Capable": false,"Startup Cost": 4434.26,"Total Cost": 4434.27,"Plan Rows": 1,"Plan Width": 32,"Actual Startup Time": 138.217,"Actual Total Time": 138.241,"Actual Rows": 1,"Actual Loops": 1,"Plans": [{"Node Type": "Nested Loop","Parent Relationship": "Outer","Parallel Aware": false,"Async Capable": false,"Join Type": "Inner","Startup Cost": 7.81,"Total Cost": 4194.26,"Plan Rows": 32000,"Plan Width": 10,"Actual Startup Time": 0.203,"Actual Total Time": 130.632,"Actual Rows": 33040,"Actual Loops": 1,"Inner Unique": false,"Plans": [{"Node Type": "Nested Loop","Parent Relationship": "Outer","Parallel Aware": false,"Async Capable": false,"Join Type": "Inner","Startup Cost": 7.38,"Total Cost": 244.58,"Plan Rows": 400,"Plan Width": 4,"Actual Startup Time": 0.159,"Actual Total Time": 1.911,"Actual Rows": 413,"Actual Loops": 1,"Inner Unique": false,"Plans": [{"Node Type": "Seq Scan","Parent Relationship": "Outer","Parallel Aware": false,"Async Capable": false,"Relation Name": "nation","Alias": "nation_1","Startup Cost": 0.00,"Total Cost": 1.31,"Plan Rows": 1,"Plan Width": 4,"Actual Startup Time": 0.020,"Actual Total Time": 0.050,"Actual Rows": 1,"Actual Loops": 1,"Filter": "(n_name = 'ARGENTINA'::bpchar)","Rows Removed by Filter": 24},{"Node Type": "Bitmap Heap Scan","Parent Relationship": "Inner","Parallel Aware": false,"Async Capable": false,"Relation Name": "supplier","Alias": "supplier_1","Startup Cost": 7.38,"Total Cost": 239.27,"Plan Rows": 400,"Plan Width": 8,"Actual Startup Time": 0.122,"Actual Total Time": 1.805,"Actual Rows": 413,"Actual Loops": 1,"Recheck Cond": "(s_nationkey = nation_1.n_nationkey)","Rows Removed by Index Recheck": 0,"Exact Heap Blocks": 190,"Lossy Heap Blocks": 0,"Plans": [{"Node Type": "Bitmap Index Scan","Parent Relationship": "Outer","Parallel Aware": false,"Async Capable": false,"Index Name": "idx_supplier_nation_key","Startup Cost": 0.00,"Total Cost": 7.29,"Plan Rows": 400,"Plan Width": 0,"Actual Startup Time": 0.076,"Actual Total Time": 0.082,"Actual Rows": 413,"Actual Loops": 1,"Index Cond": "(s_nationkey = nation_1.n_nationkey)"}]}]},{"Node Type": "Index Scan","Parent Relationship": "Inner","Parallel Aware": false,"Async Capable": false,"Scan Direction": "Forward","Index Name": "idx_partsupp_suppkey","Relation Name": "partsupp","Alias": "partsupp_1","Startup Cost": 0.42,"Total Cost": 9.07,"Plan Rows": 80,"Plan Width": 14,"Actual Startup Time": 0.015,"Actual Total Time": 0.299,"Actual Rows": 80,"Actual Loops": 413,"Index Cond": "(ps_suppkey = supplier_1.s_suppkey)","Rows Removed by Index Recheck": 0}]}]},{"Node Type": "Aggregate","Strategy": "Hashed","Partial Mode": "Simple","Parent Relationship": "Outer","Parallel Aware": false,"Async Capable": false,"Startup Cost": 4514.26,"Total Cost": 4994.26,"Plan Rows": 10667,"Plan Width": 36,"Actual Startup Time": 387.894,"Actual Total Time": 462.834,"Actual Rows": 786,"Actual Loops": 1,"Group Key": ["partsupp.ps_partkey"],"Filter": "(sum((partsupp.ps_supplycost * (partsupp.ps_availqty)::numeric)) > $2)","Planned Partitions": 0,"HashAgg Batches": 1,"Peak Memory Usage": 17937,"Disk Usage": 0,"Rows Removed by Filter": 30324,"Plans": [{"Node Type": "Nested Loop","Parent Relationship": "Outer","Parallel Aware": false,"Async Capable": false,"Join Type": "Inner","Startup Cost": 7.81,"Total Cost": 4194.26,"Plan Rows": 32000,"Plan Width": 14,"Actual Startup Time": 0.397,"Actual Total Time": 197.172,"Actual Rows": 33040,"Actual Loops": 1,"Inner Unique": false,"Plans": [{"Node Type": "Nested Loop","Parent Relationship": "Outer","Parallel Aware": false,"Async Capable": false,"Join Type": "Inner","Startup Cost": 7.38,"Total Cost": 244.58,"Plan Rows": 400,"Plan Width": 4,"Actual Startup Time": 0.324,"Actual Total Time": 2.886,"Actual Rows": 413,"Actual Loops": 1,"Inner Unique": false,"Plans": [{"Node Type": "Seq Scan","Parent Relationship": "Outer","Parallel Aware": false,"Async Capable": false,"Relation Name": "nation","Alias": "nation","Startup Cost": 0.00,"Total Cost": 1.31,"Plan Rows": 1,"Plan Width": 4,"Actual Startup Time": 0.073,"Actual Total Time": 0.106,"Actual Rows": 1,"Actual Loops": 1,"Filter": "(n_name = 'ARGENTINA'::bpchar)","Rows Removed by Filter": 24},{"Node Type": "Bitmap Heap Scan","Parent Relationship": "Inner","Parallel Aware": false,"Async Capable": false,"Relation Name": "supplier","Alias": "supplier","Startup Cost": 7.38,"Total Cost": 239.27,"Plan Rows": 400,"Plan Width": 8,"Actual Startup Time": 0.246,"Actual Total Time": 2.727,"Actual Rows": 413,"Actual Loops": 1,"Recheck Cond": "(s_nationkey = nation.n_nationkey)","Rows Removed by Index Recheck": 0,"Exact Heap Blocks": 190,"Lossy Heap Blocks": 0,"Plans": [{"Node Type": "Bitmap Index Scan","Parent Relationship": "Outer","Parallel Aware": false,"Async Capable": false,"Index Name": "idx_supplier_nation_key","Startup Cost": 0.00,"Total Cost": 7.29,"Plan Rows": 400,"Plan Width": 0,"Actual Startup Time": 0.154,"Actual Total Time": 0.156,"Actual Rows": 413,"Actual Loops": 1,"Index Cond": "(s_nationkey = nation.n_nationkey)"}]}]},{"Node Type": "Index Scan","Parent Relationship": "Inner","Parallel Aware": false,"Async Capable": false,"Scan Direction": "Forward","Index Name": "idx_partsupp_suppkey","Relation Name": "partsupp","Alias": "partsupp","Startup Cost": 0.42,"Total Cost": 9.07,"Plan Rows": 80,"Plan Width": 18,"Actual Startup Time": 0.020,"Actual Total Time": 0.459,"Actual Rows": 80,"Actual Loops": 413,"Index Cond": "(ps_suppkey = supplier.s_suppkey)","Rows Removed by Index Recheck": 0}]}]}]},"Planning Time": 6.005,"Triggers": [],"Execution Time": 466.166}]
[{"Plan": {"Node Type": "Sort","Parallel Aware": false,"Async Capable": false,"Startup Cost": 10142.20,"Total Cost": 10168.87,"Plan Rows": 10667,"Plan Width": 36,"Actual Startup Time": 452.788,"Actual Total Time": 452.912,"Actual Rows": 869,"Actual Loops": 1,"Sort Key": ["(sum((partsupp.ps_supplycost * (partsupp.ps_availqty)::numeric))) DESC"],"Sort Method": "quicksort","Sort Space Used": 72,"Sort Space Type": "Memory","Plans": [{"Node Type": "Aggregate","Strategy": "Plain","Partial Mode": "Simple","Parent Relationship": "InitPlan","Subplan Name": "InitPlan 1 (returns $2)","Parallel Aware": false,"Async Capable": false,"Startup Cost": 4434.26,"Total Cost": 4434.27,"Plan Rows": 1,"Plan Width": 32,"Actual Startup Time": 133.523,"Actual Total Time": 133.544,"Actual Rows": 1,"Actual Loops": 1,"Plans": [{"Node Type": "Nested Loop","Parent Relationship": "Outer","Parallel Aware": false,"Async Capable": false,"Join Type": "Inner","Startup Cost": 7.81,"Total Cost": 4194.26,"Plan Rows": 32000,"Plan Width": 10,"Actual Startup Time": 0.165,"Actual Total Time": 126.080,"Actual Rows": 32560,"Actual Loops": 1,"Inner Unique": false,"Plans": [{"Node Type": "Nested Loop","Parent Relationship": "Outer","Parallel Aware": false,"Async Capable": false,"Join Type": "Inner","Startup Cost": 7.38,"Total Cost": 244.58,"Plan Rows": 400,"Plan Width": 4,"Actual Startup Time": 0.133,"Actual Total Time": 1.798,"Actual Rows": 407,"Actual Loops": 1,"Inner Unique": false,"Plans": [{"Node Type": "Seq Scan","Parent Relationship": "Outer","Parallel Aware": false,"Async Capable": false,"Relation Name": "nation","Alias": "nation_1","Startup Cost": 0.00,"Total Cost": 1.31,"Plan Rows": 1,"Plan Width": 4,"Actual Startup Time": 0.028,"Actual Total Time": 0.044,"Actual Rows": 1,"Actual Loops": 1,"Filter": "(n_name = 'CHINA'::bpchar)","Rows Removed by Filter": 24},{"Node Type": "Bitmap Heap Scan","Parent Relationship": "Inner","Parallel Aware": false,"Async Capable": false,"Relation Name": "supplier","Alias": "supplier_1","Startup Cost": 7.38,"Total Cost": 239.27,"Plan Rows": 400,"Plan Width": 8,"Actual Startup Time": 0.091,"Actual Total Time": 1.697,"Actual Rows": 407,"Actual Loops": 1,"Recheck Cond": "(s_nationkey = nation_1.n_nationkey)","Rows Removed by Index Recheck": 0,"Exact Heap Blocks": 186,"Lossy Heap Blocks": 0,"Plans": [{"Node Type": "Bitmap Index Scan","Parent Relationship": "Outer","Parallel Aware": false,"Async Capable": false,"Index Name": "idx_supplier_nation_key","Startup Cost": 0.00,"Total Cost": 7.29,"Plan Rows": 400,"Plan Width": 0,"Actual Startup Time": 0.055,"Actual Total Time": 0.061,"Actual Rows": 407,"Actual Loops": 1,"Index Cond": "(s_nationkey = nation_1.n_nationkey)"}]}]},{"Node Type": "Index Scan","Parent Relationship": "Inner","Parallel Aware": false,"Async Capable": false,"Scan Direction": "Forward","Index Name": "idx_partsupp_suppkey","Relation Name": "partsupp","Alias": "partsupp_1","Startup Cost": 0.42,"Total Cost": 9.07,"Plan Rows": 80,"Plan Width": 14,"Actual Startup Time": 0.014,"Actual Total Time": 0.293,"Actual Rows": 80,"Actual Loops": 407,"Index Cond": "(ps_suppkey = supplier_1.s_suppkey)","Rows Removed by Index Recheck": 0}]}]},{"Node Type": "Aggregate","Strategy": "Hashed","Partial Mode": "Simple","Parent Relationship": "Outer","Parallel Aware": false,"Async Capable": false,"Startup Cost": 4514.26,"Total Cost": 4994.26,"Plan Rows": 10667,"Plan Width": 36,"Actual Startup Time": 377.714,"Actual Total Time": 452.344,"Actual Rows": 869,"Actual Loops": 1,"Group Key": ["partsupp.ps_partkey"],"Filter": "(sum((partsupp.ps_supplycost * (partsupp.ps_availqty)::numeric)) > $2)","Planned Partitions": 0,"HashAgg Batches": 1,"Peak Memory Usage": 17937,"Disk Usage": 0,"Rows Removed by Filter": 29770,"Plans": [{"Node Type": "Nested Loop","Parent Relationship": "Outer","Parallel Aware": false,"Async Capable": false,"Join Type": "Inner","Startup Cost": 7.81,"Total Cost": 4194.26,"Plan Rows": 32000,"Plan Width": 14,"Actual Startup Time": 0.336,"Actual Total Time": 203.001,"Actual Rows": 32560,"Actual Loops": 1,"Inner Unique": false,"Plans": [{"Node Type": "Nested Loop","Parent Relationship": "Outer","Parallel Aware": false,"Async Capable": false,"Join Type": "Inner","Startup Cost": 7.38,"Total Cost": 244.58,"Plan Rows": 400,"Plan Width": 4,"Actual Startup Time": 0.273,"Actual Total Time": 2.796,"Actual Rows": 407,"Actual Loops": 1,"Inner Unique": false,"Plans": [{"Node Type": "Seq Scan","Parent Relationship": "Outer","Parallel Aware": false,"Async Capable": false,"Relation Name": "nation","Alias": "nation","Startup Cost": 0.00,"Total Cost": 1.31,"Plan Rows": 1,"Plan Width": 4,"Actual Startup Time": 0.063,"Actual Total Time": 0.079,"Actual Rows": 1,"Actual Loops": 1,"Filter": "(n_name = 'CHINA'::bpchar)","Rows Removed by Filter": 24},{"Node Type": "Bitmap Heap Scan","Parent Relationship": "Inner","Parallel Aware": false,"Async Capable": false,"Relation Name": "supplier","Alias": "supplier","Startup Cost": 7.38,"Total Cost": 239.27,"Plan Rows": 400,"Plan Width": 8,"Actual Startup Time": 0.204,"Actual Total Time": 2.666,"Actual Rows": 407,"Actual Loops": 1,"Recheck Cond": "(s_nationkey = nation.n_nationkey)","Rows Removed by Index Recheck": 0,"Exact Heap Blocks": 186,"Lossy Heap Blocks": 0,"Plans": [{"Node Type": "Bitmap Index Scan","Parent Relationship": "Outer","Parallel Aware": false,"Async Capable": false,"Index Name": "idx_supplier_nation_key","Startup Cost": 0.00,"Total Cost": 7.29,"Plan Rows": 400,"Plan Width": 0,"Actual Startup Time": 0.129,"Actual Total Time": 0.129,"Actual Rows": 407,"Actual Loops": 1,"Index Cond": "(s_nationkey = nation.n_nationkey)"}]}]},{"Node Type": "Index Scan","Parent Relationship": "Inner","Parallel Aware": false,"Async Capable": false,"Scan Direction": "Forward","Index Name": "idx_partsupp_suppkey","Relation Name": "partsupp","Alias": "partsupp","Startup Cost": 0.42,"Total Cost": 9.07,"Plan Rows": 80,"Plan Width": 18,"Actual Startup Time": 0.020,"Actual Total Time": 0.480,"Actual Rows": 80,"Actual Loops": 407,"Index Cond": "(ps_suppkey = supplier.s_suppkey)","Rows Removed by Index Recheck": 0}]}]}]},"Planning Time": 7.317,"Triggers": [],"Execution Time": 456.700}]
[{"Plan": {"Node Type": "Sort","Parallel Aware": false,"Async Capable": false,"Startup Cost": 10142.20,"Total Cost": 10168.87,"Plan Rows": 10667,"Plan Width": 36,"Actual Startup Time": 427.262,"Actual Total Time": 427.423,"Actual Rows": 1241,"Actual Loops": 1,"Sort Key": ["(sum((partsupp.ps_supplycost * (partsupp.ps_availqty)::numeric))) DESC"],"Sort Method": "quicksort","Sort Space Used": 116,"Sort Space Type": "Memory","Plans": [{"Node Type": "Aggregate","Strategy": "Plain","Partial Mode": "Simple","Parent Relationship": "InitPlan","Subplan Name": "InitPlan 1 (returns $2)","Parallel Aware": false,"Async Capable": false,"Startup Cost": 4434.26,"Total Cost": 4434.27,"Plan Rows": 1,"Plan Width": 32,"Actual Startup Time": 127.406,"Actual Total Time": 127.426,"Actual Rows": 1,"Actual Loops": 1,"Plans": [{"Node Type": "Nested Loop","Parent Relationship": "Outer","Parallel Aware": false,"Async Capable": false,"Join Type": "Inner","Startup Cost": 7.81,"Total Cost": 4194.26,"Plan Rows": 32000,"Plan Width": 10,"Actual Startup Time": 0.226,"Actual Total Time": 120.281,"Actual Rows": 30400,"Actual Loops": 1,"Inner Unique": false,"Plans": [{"Node Type": "Nested Loop","Parent Relationship": "Outer","Parallel Aware": false,"Async Capable": false,"Join Type": "Inner","Startup Cost": 7.38,"Total Cost": 244.58,"Plan Rows": 400,"Plan Width": 4,"Actual Startup Time": 0.174,"Actual Total Time": 1.741,"Actual Rows": 380,"Actual Loops": 1,"Inner Unique": false,"Plans": [{"Node Type": "Seq Scan","Parent Relationship": "Outer","Parallel Aware": false,"Async Capable": false,"Relation Name": "nation","Alias": "nation_1","Startup Cost": 0.00,"Total Cost": 1.31,"Plan Rows": 1,"Plan Width": 4,"Actual Startup Time": 0.028,"Actual Total Time": 0.042,"Actual Rows": 1,"Actual Loops": 1,"Filter": "(n_name = 'ETHIOPIA'::bpchar)","Rows Removed by Filter": 24},{"Node Type": "Bitmap Heap Scan","Parent Relationship": "Inner","Parallel Aware": false,"Async Capable": false,"Relation Name": "supplier","Alias": "supplier_1","Startup Cost": 7.38,"Total Cost": 239.27,"Plan Rows": 400,"Plan Width": 8,"Actual Startup Time": 0.130,"Actual Total Time": 1.641,"Actual Rows": 380,"Actual Loops": 1,"Recheck Cond": "(s_nationkey = nation_1.n_nationkey)","Rows Removed by Index Recheck": 0,"Exact Heap Blocks": 192,"Lossy Heap Blocks": 0,"Plans": [{"Node Type": "Bitmap Index Scan","Parent Relationship": "Outer","Parallel Aware": false,"Async Capable": false,"Index Name": "idx_supplier_nation_key","Startup Cost": 0.00,"Total Cost": 7.29,"Plan Rows": 400,"Plan Width": 0,"Actual Startup Time": 0.089,"Actual Total Time": 0.091,"Actual Rows": 380,"Actual Loops": 1,"Index Cond": "(s_nationkey = nation_1.n_nationkey)"}]}]},{"Node Type": "Index Scan","Parent Relationship": "Inner","Parallel Aware": false,"Async Capable": false,"Scan Direction": "Forward","Index Name": "idx_partsupp_suppkey","Relation Name": "partsupp","Alias": "partsupp_1","Startup Cost": 0.42,"Total Cost": 9.07,"Plan Rows": 80,"Plan Width": 14,"Actual Startup Time": 0.015,"Actual Total Time": 0.299,"Actual Rows": 80,"Actual Loops": 380,"Index Cond": "(ps_suppkey = supplier_1.s_suppkey)","Rows Removed by Index Recheck": 0}]}]},{"Node Type": "Aggregate","Strategy": "Hashed","Partial Mode": "Simple","Parent Relationship": "Outer","Parallel Aware": false,"Async Capable": false,"Startup Cost": 4514.26,"Total Cost": 4994.26,"Plan Rows": 10667,"Plan Width": 36,"Actual Startup Time": 359.706,"Actual Total Time": 426.732,"Actual Rows": 1241,"Actual Loops": 1,"Group Key": ["partsupp.ps_partkey"],"Filter": "(sum((partsupp.ps_supplycost * (partsupp.ps_availqty)::numeric)) > $2)","Planned Partitions": 0,"HashAgg Batches": 1,"Peak Memory Usage": 17937,"Disk Usage": 0,"Rows Removed by Filter": 27374,"Plans": [{"Node Type": "Nested Loop","Parent Relationship": "Outer","Parallel Aware": false,"Async Capable": false,"Join Type": "Inner","Startup Cost": 7.81,"Total Cost": 4194.26,"Plan Rows": 32000,"Plan Width": 14,"Actual Startup Time": 0.377,"Actual Total Time": 187.744,"Actual Rows": 30400,"Actual Loops": 1,"Inner Unique": false,"Plans": [{"Node Type": "Nested Loop","Parent Relationship": "Outer","Parallel Aware": false,"Async Capable": false,"Join Type": "Inner","Startup Cost": 7.38,"Total Cost": 244.58,"Plan Rows": 400,"Plan Width": 4,"Actual Startup Time": 0.305,"Actual Total Time": 2.864,"Actual Rows": 380,"Actual Loops": 1,"Inner Unique": false,"Plans": [{"Node Type": "Seq Scan","Parent Relationship": "Outer","Parallel Aware": false,"Async Capable": false,"Relation Name": "nation","Alias": "nation","Startup Cost": 0.00,"Total Cost": 1.31,"Plan Rows": 1,"Plan Width": 4,"Actual Startup Time": 0.073,"Actual Total Time": 0.091,"Actual Rows": 1,"Actual Loops": 1,"Filter": "(n_name = 'ETHIOPIA'::bpchar)","Rows Removed by Filter": 24},{"Node Type": "Bitmap Heap Scan","Parent Relationship": "Inner","Parallel Aware": false,"Async Capable": false,"Relation Name": "supplier","Alias": "supplier","Startup Cost": 7.38,"Total Cost": 239.27,"Plan Rows": 400,"Plan Width": 8,"Actual Startup Time": 0.228,"Actual Total Time": 2.728,"Actual Rows": 380,"Actual Loops": 1,"Recheck Cond": "(s_nationkey = nation.n_nationkey)","Rows Removed by Index Recheck": 0,"Exact Heap Blocks": 192,"Lossy Heap Blocks": 0,"Plans": [{"Node Type": "Bitmap Index Scan","Parent Relationship": "Outer","Parallel Aware": false,"Async Capable": false,"Index Name": "idx_supplier_nation_key","Startup Cost": 0.00,"Total Cost": 7.29,"Plan Rows": 400,"Plan Width": 0,"Actual Startup Time": 0.146,"Actual Total Time": 0.146,"Actual Rows": 380,"Actual Loops": 1,"Index Cond": "(s_nationkey = nation.n_nationkey)"}]}]},{"Node Type": "Index Scan","Parent Relationship": "Inner","Parallel Aware": false,"Async Capable": false,"Scan Direction": "Forward","Index Name": "idx_partsupp_suppkey","Relation Name": "partsupp","Alias": "partsupp","Startup Cost": 0.42,"Total Cost": 9.07,"Plan Rows": 80,"Plan Width": 18,"Actual Startup Time": 0.020,"Actual Total Time": 0.475,"Actual Rows": 80,"Actual Loops": 380,"Index Cond": "(ps_suppkey = supplier.s_suppkey)","Rows Removed by Index Recheck": 0}]}]}]},"Planning Time": 7.180,"Triggers": [],"Execution Time": 429.797}]
[{"Plan": {"Node Type": "Sort","Parallel Aware": false,"Async Capable": false,"Startup Cost": 10142.20,"Total Cost": 10168.87,"Plan Rows": 10667,"Plan Width": 36,"Actual Startup Time": 455.847,"Actual Total Time": 455.976,"Actual Rows": 819,"Actual Loops": 1,"Sort Key": ["(sum((partsupp.ps_supplycost * (partsupp.ps_availqty)::numeric))) DESC"],"Sort Method": "quicksort","Sort Space Used": 69,"Sort Space Type": "Memory","Plans": [{"Node Type": "Aggregate","Strategy": "Plain","Partial Mode": "Simple","Parent Relationship": "InitPlan","Subplan Name": "InitPlan 1 (returns $2)","Parallel Aware": false,"Async Capable": false,"Startup Cost": 4434.26,"Total Cost": 4434.27,"Plan Rows": 1,"Plan Width": 32,"Actual Startup Time": 134.080,"Actual Total Time": 134.102,"Actual Rows": 1,"Actual Loops": 1,"Plans": [{"Node Type": "Nested Loop","Parent Relationship": "Outer","Parallel Aware": false,"Async Capable": false,"Join Type": "Inner","Startup Cost": 7.81,"Total Cost": 4194.26,"Plan Rows": 32000,"Plan Width": 10,"Actual Startup Time": 0.218,"Actual Total Time": 126.423,"Actual Rows": 32960,"Actual Loops": 1,"Inner Unique": false,"Plans": [{"Node Type": "Nested Loop","Parent Relationship": "Outer","Parallel Aware": false,"Async Capable": false,"Join Type": "Inner","Startup Cost": 7.38,"Total Cost": 244.58,"Plan Rows": 400,"Plan Width": 4,"Actual Startup Time": 0.177,"Actual Total Time": 1.887,"Actual Rows": 412,"Actual Loops": 1,"Inner Unique": false,"Plans": [{"Node Type": "Seq Scan","Parent Relationship": "Outer","Parallel Aware": false,"Async Capable": false,"Relation Name": "nation","Alias": "nation_1","Startup Cost": 0.00,"Total Cost": 1.31,"Plan Rows": 1,"Plan Width": 4,"Actual Startup Time": 0.040,"Actual Total Time": 0.063,"Actual Rows": 1,"Actual Loops": 1,"Filter": "(n_name = 'CANADA'::bpchar)","Rows Removed by Filter": 24},{"Node Type": "Bitmap Heap Scan","Parent Relationship": "Inner","Parallel Aware": false,"Async Capable": false,"Relation Name": "supplier","Alias": "supplier_1","Startup Cost": 7.38,"Total Cost": 239.27,"Plan Rows": 400,"Plan Width": 8,"Actual Startup Time": 0.119,"Actual Total Time": 1.753,"Actual Rows": 412,"Actual Loops": 1,"Recheck Cond": "(s_nationkey = nation_1.n_nationkey)","Rows Removed by Index Recheck": 0,"Exact Heap Blocks": 189,"Lossy Heap Blocks": 0,"Plans": [{"Node Type": "Bitmap Index Scan","Parent Relationship": "Outer","Parallel Aware": false,"Async Capable": false,"Index Name": "idx_supplier_nation_key","Startup Cost": 0.00,"Total Cost": 7.29,"Plan Rows": 400,"Plan Width": 0,"Actual Startup Time": 0.074,"Actual Total Time": 0.083,"Actual Rows": 412,"Actual Loops": 1,"Index Cond": "(s_nationkey = nation_1.n_nationkey)"}]}]},{"Node Type": "Index Scan","Parent Relationship": "Inner","Parallel Aware": false,"Async Capable": false,"Scan Direction": "Forward","Index Name": "idx_partsupp_suppkey","Relation Name": "partsupp","Alias": "partsupp_1","Startup Cost": 0.42,"Total Cost": 9.07,"Plan Rows": 80,"Plan Width": 14,"Actual Startup Time": 0.014,"Actual Total Time": 0.290,"Actual Rows": 80,"Actual Loops": 412,"Index Cond": "(ps_suppkey = supplier_1.s_suppkey)","Rows Removed by Index Recheck": 0}]}]},{"Node Type": "Aggregate","Strategy": "Hashed","Partial Mode": "Simple","Parent Relationship": "Outer","Parallel Aware": false,"Async Capable": false,"Startup Cost": 4514.26,"Total Cost": 4994.26,"Plan Rows": 10667,"Plan Width": 36,"Actual Startup Time": 380.948,"Actual Total Time": 455.394,"Actual Rows": 819,"Actual Loops": 1,"Group Key": ["partsupp.ps_partkey"],"Filter": "(sum((partsupp.ps_supplycost * (partsupp.ps_availqty)::numeric)) > $2)","Planned Partitions": 0,"HashAgg Batches": 1,"Peak Memory Usage": 17937,"Disk Usage": 0,"Rows Removed by Filter": 30166,"Plans": [{"Node Type": "Nested Loop","Parent Relationship": "Outer","Parallel Aware": false,"Async Capable": false,"Join Type": "Inner","Startup Cost": 7.81,"Total Cost": 4194.26,"Plan Rows": 32000,"Plan Width": 14,"Actual Startup Time": 0.343,"Actual Total Time": 202.198,"Actual Rows": 32960,"Actual Loops": 1,"Inner Unique": false,"Plans": [{"Node Type": "Nested Loop","Parent Relationship": "Outer","Parallel Aware": false,"Async Capable": false,"Join Type": "Inner","Startup Cost": 7.38,"Total Cost": 244.58,"Plan Rows": 400,"Plan Width": 4,"Actual Startup Time": 0.272,"Actual Total Time": 2.740,"Actual Rows": 412,"Actual Loops": 1,"Inner Unique": false,"Plans": [{"Node Type": "Seq Scan","Parent Relationship": "Outer","Parallel Aware": false,"Async Capable": false,"Relation Name": "nation","Alias": "nation","Startup Cost": 0.00,"Total Cost": 1.31,"Plan Rows": 1,"Plan Width": 4,"Actual Startup Time": 0.064,"Actual Total Time": 0.078,"Actual Rows": 1,"Actual Loops": 1,"Filter": "(n_name = 'CANADA'::bpchar)","Rows Removed by Filter": 24},{"Node Type": "Bitmap Heap Scan","Parent Relationship": "Inner","Parallel Aware": false,"Async Capable": false,"Relation Name": "supplier","Alias": "supplier","Startup Cost": 7.38,"Total Cost": 239.27,"Plan Rows": 400,"Plan Width": 8,"Actual Startup Time": 0.203,"Actual Total Time": 2.610,"Actual Rows": 412,"Actual Loops": 1,"Recheck Cond": "(s_nationkey = nation.n_nationkey)","Rows Removed by Index Recheck": 0,"Exact Heap Blocks": 189,"Lossy Heap Blocks": 0,"Plans": [{"Node Type": "Bitmap Index Scan","Parent Relationship": "Outer","Parallel Aware": false,"Async Capable": false,"Index Name": "idx_supplier_nation_key","Startup Cost": 0.00,"Total Cost": 7.29,"Plan Rows": 400,"Plan Width": 0,"Actual Startup Time": 0.140,"Actual Total Time": 0.142,"Actual Rows": 412,"Actual Loops": 1,"Index Cond": "(s_nationkey = nation.n_nationkey)"}]}]},{"Node Type": "Index Scan","Parent Relationship": "Inner","Parallel Aware": false,"Async Capable": false,"Scan Direction": "Forward","Index Name": "idx_partsupp_suppkey","Relation Name": "partsupp","Alias": "partsupp","Startup Cost": 0.42,"Total Cost": 9.07,"Plan Rows": 80,"Plan Width": 18,"Actual Startup Time": 0.019,"Actual Total Time": 0.472,"Actual Rows": 80,"Actual Loops": 412,"Index Cond": "(ps_suppkey = supplier.s_suppkey)","Rows Removed by Index Recheck": 0}]}]}]},"Planning Time": 7.565,"Triggers": [],"Execution Time": 459.165}]
[{"Plan": {"Node Type": "Sort","Parallel Aware": false,"Async Capable": false,"Startup Cost": 10142.20,"Total Cost": 10168.87,"Plan Rows": 10667,"Plan Width": 36,"Actual Startup Time": 431.698,"Actual Total Time": 431.824,"Actual Rows": 911,"Actual Loops": 1,"Sort Key": ["(sum((partsupp.ps_supplycost * (partsupp.ps_availqty)::numeric))) DESC"],"Sort Method": "quicksort","Sort Space Used": 74,"Sort Space Type": "Memory","Plans": [{"Node Type": "Aggregate","Strategy": "Plain","Partial Mode": "Simple","Parent Relationship": "InitPlan","Subplan Name": "InitPlan 1 (returns $2)","Parallel Aware": false,"Async Capable": false,"Startup Cost": 4434.26,"Total Cost": 4434.27,"Plan Rows": 1,"Plan Width": 32,"Actual Startup Time": 129.087,"Actual Total Time": 129.106,"Actual Rows": 1,"Actual Loops": 1,"Plans": [{"Node Type": "Nested Loop","Parent Relationship": "Outer","Parallel Aware": false,"Async Capable": false,"Join Type": "Inner","Startup Cost": 7.81,"Total Cost": 4194.26,"Plan Rows": 32000,"Plan Width": 10,"Actual Startup Time": 0.210,"Actual Total Time": 121.870,"Actual Rows": 32160,"Actual Loops": 1,"Inner Unique": false,"Plans": [{"Node Type": "Nested Loop","Parent Relationship": "Outer","Parallel Aware": false,"Async Capable": false,"Join Type": "Inner","Startup Cost": 7.38,"Total Cost": 244.58,"Plan Rows": 400,"Plan Width": 4,"Actual Startup Time": 0.174,"Actual Total Time": 1.780,"Actual Rows": 402,"Actual Loops": 1,"Inner Unique": false,"Plans": [{"Node Type": "Seq Scan","Parent Relationship": "Outer","Parallel Aware": false,"Async Capable": false,"Relation Name": "nation","Alias": "nation_1","Startup Cost": 0.00,"Total Cost": 1.31,"Plan Rows": 1,"Plan Width": 4,"Actual Startup Time": 0.036,"Actual Total Time": 0.056,"Actual Rows": 1,"Actual Loops": 1,"Filter": "(n_name = 'FRANCE'::bpchar)","Rows Removed by Filter": 24},{"Node Type": "Bitmap Heap Scan","Parent Relationship": "Inner","Parallel Aware": false,"Async Capable": false,"Relation Name": "supplier","Alias": "supplier_1","Startup Cost": 7.38,"Total Cost": 239.27,"Plan Rows": 400,"Plan Width": 8,"Actual Startup Time": 0.119,"Actual Total Time": 1.663,"Actual Rows": 402,"Actual Loops": 1,"Recheck Cond": "(s_nationkey = nation_1.n_nationkey)","Rows Removed by Index Recheck": 0,"Exact Heap Blocks": 184,"Lossy Heap Blocks": 0,"Plans": [{"Node Type": "Bitmap Index Scan","Parent Relationship": "Outer","Parallel Aware": false,"Async Capable": false,"Index Name": "idx_supplier_nation_key","Startup Cost": 0.00,"Total Cost": 7.29,"Plan Rows": 400,"Plan Width": 0,"Actual Startup Time": 0.075,"Actual Total Time": 0.079,"Actual Rows": 402,"Actual Loops": 1,"Index Cond": "(s_nationkey = nation_1.n_nationkey)"}]}]},{"Node Type": "Index Scan","Parent Relationship": "Inner","Parallel Aware": false,"Async Capable": false,"Scan Direction": "Forward","Index Name": "idx_partsupp_suppkey","Relation Name": "partsupp","Alias": "partsupp_1","Startup Cost": 0.42,"Total Cost": 9.07,"Plan Rows": 80,"Plan Width": 14,"Actual Startup Time": 0.014,"Actual Total Time": 0.286,"Actual Rows": 80,"Actual Loops": 402,"Index Cond": "(ps_suppkey = supplier_1.s_suppkey)","Rows Removed by Index Recheck": 0}]}]},{"Node Type": "Aggregate","Strategy": "Hashed","Partial Mode": "Simple","Parent Relationship": "Outer","Parallel Aware": false,"Async Capable": false,"Startup Cost": 4514.26,"Total Cost": 4994.26,"Plan Rows": 10667,"Plan Width": 36,"Actual Startup Time": 359.069,"Actual Total Time": 431.218,"Actual Rows": 911,"Actual Loops": 1,"Group Key": ["partsupp.ps_partkey"],"Filter": "(sum((partsupp.ps_supplycost * (partsupp.ps_availqty)::numeric)) > $2)","Planned Partitions": 0,"HashAgg Batches": 1,"Peak Memory Usage": 17937,"Disk Usage": 0,"Rows Removed by Filter": 29336,"Plans": [{"Node Type": "Nested Loop","Parent Relationship": "Outer","Parallel Aware": false,"Async Capable": false,"Join Type": "Inner","Startup Cost": 7.81,"Total Cost": 4194.26,"Plan Rows": 32000,"Plan Width": 14,"Actual Startup Time": 0.330,"Actual Total Time": 187.860,"Actual Rows": 32160,"Actual Loops": 1,"Inner Unique": false,"Plans": [{"Node Type": "Nested Loop","Parent Relationship": "Outer","Parallel Aware": false,"Async Capable": false,"Join Type": "Inner","Startup Cost": 7.38,"Total Cost": 244.58,"Plan Rows": 400,"Plan Width": 4,"Actual Startup Time": 0.249,"Actual Total Time": 2.513,"Actual Rows": 402,"Actual Loops": 1,"Inner Unique": false,"Plans": [{"Node Type": "Seq Scan","Parent Relationship": "Outer","Parallel Aware": false,"Async Capable": false,"Relation Name": "nation","Alias": "nation","Startup Cost": 0.00,"Total Cost": 1.31,"Plan Rows": 1,"Plan Width": 4,"Actual Startup Time": 0.077,"Actual Total Time": 0.097,"Actual Rows": 1,"Actual Loops": 1,"Filter": "(n_name = 'FRANCE'::bpchar)","Rows Removed by Filter": 24},{"Node Type": "Bitmap Heap Scan","Parent Relationship": "Inner","Parallel Aware": false,"Async Capable": false,"Relation Name": "supplier","Alias": "supplier","Startup Cost": 7.38,"Total Cost": 239.27,"Plan Rows": 400,"Plan Width": 8,"Actual Startup Time": 0.163,"Actual Total Time": 2.362,"Actual Rows": 402,"Actual Loops": 1,"Recheck Cond": "(s_nationkey = nation.n_nationkey)","Rows Removed by Index Recheck": 0,"Exact Heap Blocks": 184,"Lossy Heap Blocks": 0,"Plans": [{"Node Type": "Bitmap Index Scan","Parent Relationship": "Outer","Parallel Aware": false,"Async Capable": false,"Index Name": "idx_supplier_nation_key","Startup Cost": 0.00,"Total Cost": 7.29,"Plan Rows": 400,"Plan Width": 0,"Actual Startup Time": 0.112,"Actual Total Time": 0.113,"Actual Rows": 402,"Actual Loops": 1,"Index Cond": "(s_nationkey = nation.n_nationkey)"}]}]},{"Node Type": "Index Scan","Parent Relationship": "Inner","Parallel Aware": false,"Async Capable": false,"Scan Direction": "Forward","Index Name": "idx_partsupp_suppkey","Relation Name": "partsupp","Alias": "partsupp","Startup Cost": 0.42,"Total Cost": 9.07,"Plan Rows": 80,"Plan Width": 18,"Actual Startup Time": 0.018,"Actual Total Time": 0.449,"Actual Rows": 80,"Actual Loops": 402,"Index Cond": "(ps_suppkey = supplier.s_suppkey)","Rows Removed by Index Recheck": 0}]}]}]},"Planning Time": 7.171,"Triggers": [],"Execution Time": 434.998}]
[{"Plan": {"Node Type": "Sort","Parallel Aware": false,"Async Capable": false,"Startup Cost": 10142.20,"Total Cost": 10168.87,"Plan Rows": 10667,"Plan Width": 36,"Actual Startup Time": 460.724,"Actual Total Time": 460.840,"Actual Rows": 741,"Actual Loops": 1,"Sort Key": ["(sum((partsupp.ps_supplycost * (partsupp.ps_availqty)::numeric))) DESC"],"Sort Method": "quicksort","Sort Space Used": 65,"Sort Space Type": "Memory","Plans": [{"Node Type": "Aggregate","Strategy": "Plain","Partial Mode": "Simple","Parent Relationship": "InitPlan","Subplan Name": "InitPlan 1 (returns $2)","Parallel Aware": false,"Async Capable": false,"Startup Cost": 4434.26,"Total Cost": 4434.27,"Plan Rows": 1,"Plan Width": 32,"Actual Startup Time": 132.110,"Actual Total Time": 132.136,"Actual Rows": 1,"Actual Loops": 1,"Plans": [{"Node Type": "Nested Loop","Parent Relationship": "Outer","Parallel Aware": false,"Async Capable": false,"Join Type": "Inner","Startup Cost": 7.81,"Total Cost": 4194.26,"Plan Rows": 32000,"Plan Width": 10,"Actual Startup Time": 0.212,"Actual Total Time": 124.425,"Actual Rows": 33680,"Actual Loops": 1,"Inner Unique": false,"Plans": [{"Node Type": "Nested Loop","Parent Relationship": "Outer","Parallel Aware": false,"Async Capable": false,"Join Type": "Inner","Startup Cost": 7.38,"Total Cost": 244.58,"Plan Rows": 400,"Plan Width": 4,"Actual Startup Time": 0.146,"Actual Total Time": 1.771,"Actual Rows": 421,"Actual Loops": 1,"Inner Unique": false,"Plans": [{"Node Type": "Seq Scan","Parent Relationship": "Outer","Parallel Aware": false,"Async Capable": false,"Relation Name": "nation","Alias": "nation_1","Startup Cost": 0.00,"Total Cost": 1.31,"Plan Rows": 1,"Plan Width": 4,"Actual Startup Time": 0.036,"Actual Total Time": 0.052,"Actual Rows": 1,"Actual Loops": 1,"Filter": "(n_name = 'PERU'::bpchar)","Rows Removed by Filter": 24},{"Node Type": "Bitmap Heap Scan","Parent Relationship": "Inner","Parallel Aware": false,"Async Capable": false,"Relation Name": "supplier","Alias": "supplier_1","Startup Cost": 7.38,"Total Cost": 239.27,"Plan Rows": 400,"Plan Width": 8,"Actual Startup Time": 0.097,"Actual Total Time": 1.663,"Actual Rows": 421,"Actual Loops": 1,"Recheck Cond": "(s_nationkey = nation_1.n_nationkey)","Rows Removed by Index Recheck": 0,"Exact Heap Blocks": 187,"Lossy Heap Blocks": 0,"Plans": [{"Node Type": "Bitmap Index Scan","Parent Relationship": "Outer","Parallel Aware": false,"Async Capable": false,"Index Name": "idx_supplier_nation_key","Startup Cost": 0.00,"Total Cost": 7.29,"Plan Rows": 400,"Plan Width": 0,"Actual Startup Time": 0.063,"Actual Total Time": 0.070,"Actual Rows": 421,"Actual Loops": 1,"Index Cond": "(s_nationkey = nation_1.n_nationkey)"}]}]},{"Node Type": "Index Scan","Parent Relationship": "Inner","Parallel Aware": false,"Async Capable": false,"Scan Direction": "Forward","Index Name": "idx_partsupp_suppkey","Relation Name": "partsupp","Alias": "partsupp_1","Startup Cost": 0.42,"Total Cost": 9.07,"Plan Rows": 80,"Plan Width": 14,"Actual Startup Time": 0.014,"Actual Total Time": 0.279,"Actual Rows": 80,"Actual Loops": 421,"Index Cond": "(ps_suppkey = supplier_1.s_suppkey)","Rows Removed by Index Recheck": 0}]}]},{"Node Type": "Aggregate","Strategy": "Hashed","Partial Mode": "Simple","Parent Relationship": "Outer","Parallel Aware": false,"Async Capable": false,"Startup Cost": 4514.26,"Total Cost": 4994.26,"Plan Rows": 10667,"Plan Width": 36,"Actual Startup Time": 384.508,"Actual Total Time": 460.301,"Actual Rows": 741,"Actual Loops": 1,"Group Key": ["partsupp.ps_partkey"],"Filter": "(sum((partsupp.ps_supplycost * (partsupp.ps_availqty)::numeric)) > $2)","Planned Partitions": 0,"HashAgg Batches": 1,"Peak Memory Usage": 17937,"Disk Usage": 0,"Rows Removed by Filter": 30846,"Plans": [{"Node Type": "Nested Loop","Parent Relationship": "Outer","Parallel Aware": false,"Async Capable": false,"Join Type": "Inner","Startup Cost": 7.81,"Total Cost": 4194.26,"Plan Rows": 32000,"Plan Width": 14,"Actual Startup Time": 0.389,"Actual Total Time": 205.243,"Actual Rows": 33680,"Actual Loops": 1,"Inner Unique": false,"Plans": [{"Node Type": "Nested Loop","Parent Relationship": "Outer","Parallel Aware": false,"Async Capable": false,"Join Type": "Inner","Startup Cost": 7.38,"Total Cost": 244.58,"Plan Rows": 400,"Plan Width": 4,"Actual Startup Time": 0.332,"Actual Total Time": 2.785,"Actual Rows": 421,"Actual Loops": 1,"Inner Unique": false,"Plans": [{"Node Type": "Seq Scan","Parent Relationship": "Outer","Parallel Aware": false,"Async Capable": false,"Relation Name": "nation","Alias": "nation","Startup Cost": 0.00,"Total Cost": 1.31,"Plan Rows": 1,"Plan Width": 4,"Actual Startup Time": 0.057,"Actual Total Time": 0.075,"Actual Rows": 1,"Actual Loops": 1,"Filter": "(n_name = 'PERU'::bpchar)","Rows Removed by Filter": 24},{"Node Type": "Bitmap Heap Scan","Parent Relationship": "Inner","Parallel Aware": false,"Async Capable": false,"Relation Name": "supplier","Alias": "supplier","Startup Cost": 7.38,"Total Cost": 239.27,"Plan Rows": 400,"Plan Width": 8,"Actual Startup Time": 0.270,"Actual Total Time": 2.660,"Actual Rows": 421,"Actual Loops": 1,"Recheck Cond": "(s_nationkey = nation.n_nationkey)","Rows Removed by Index Recheck": 0,"Exact Heap Blocks": 187,"Lossy Heap Blocks": 0,"Plans": [{"Node Type": "Bitmap Index Scan","Parent Relationship": "Outer","Parallel Aware": false,"Async Capable": false,"Index Name": "idx_supplier_nation_key","Startup Cost": 0.00,"Total Cost": 7.29,"Plan Rows": 400,"Plan Width": 0,"Actual Startup Time": 0.195,"Actual Total Time": 0.196,"Actual Rows": 421,"Actual Loops": 1,"Index Cond": "(s_nationkey = nation.n_nationkey)"}]}]},{"Node Type": "Index Scan","Parent Relationship": "Inner","Parallel Aware": false,"Async Capable": false,"Scan Direction": "Forward","Index Name": "idx_partsupp_suppkey","Relation Name": "partsupp","Alias": "partsupp","Startup Cost": 0.42,"Total Cost": 9.07,"Plan Rows": 80,"Plan Width": 18,"Actual Startup Time": 0.018,"Actual Total Time": 0.469,"Actual Rows": 80,"Actual Loops": 421,"Index Cond": "(ps_suppkey = supplier.s_suppkey)","Rows Removed by Index Recheck": 0}]}]}]},"Planning Time": 6.964,"Triggers": [],"Execution Time": 464.153}]
[{"Plan": {"Node Type": "Sort","Parallel Aware": false,"Async Capable": false,"Startup Cost": 10142.20,"Total Cost": 10168.87,"Plan Rows": 10667,"Plan Width": 36,"Actual Startup Time": 427.262,"Actual Total Time": 427.423,"Actual Rows": 1241,"Actual Loops": 1,"Sort Key": ["(sum((partsupp.ps_supplycost * (partsupp.ps_availqty)::numeric))) DESC"],"Sort Method": "quicksort","Sort Space Used": 116,"Sort Space Type": "Memory","Plans": [{"Node Type": "Aggregate","Strategy": "Plain","Partial Mode": "Simple","Parent Relationship": "InitPlan","Subplan Name": "InitPlan 1 (returns $2)","Parallel Aware": false,"Async Capable": false,"Startup Cost": 4434.26,"Total Cost": 4434.27,"Plan Rows": 1,"Plan Width": 32,"Actual Startup Time": 127.406,"Actual Total Time": 127.426,"Actual Rows": 1,"Actual Loops": 1,"Plans": [{"Node Type": "Nested Loop","Parent Relationship": "Outer","Parallel Aware": false,"Async Capable": false,"Join Type": "Inner","Startup Cost": 7.81,"Total Cost": 4194.26,"Plan Rows": 32000,"Plan Width": 10,"Actual Startup Time": 0.226,"Actual Total Time": 120.281,"Actual Rows": 30400,"Actual Loops": 1,"Inner Unique": false,"Plans": [{"Node Type": "Nested Loop","Parent Relationship": "Outer","Parallel Aware": false,"Async Capable": false,"Join Type": "Inner","Startup Cost": 7.38,"Total Cost": 244.58,"Plan Rows": 400,"Plan Width": 4,"Actual Startup Time": 0.174,"Actual Total Time": 1.741,"Actual Rows": 380,"Actual Loops": 1,"Inner Unique": false,"Plans": [{"Node Type": "Seq Scan","Parent Relationship": "Outer","Parallel Aware": false,"Async Capable": false,"Relation Name": "nation","Alias": "nation_1","Startup Cost": 0.00,"Total Cost": 1.31,"Plan Rows": 1,"Plan Width": 4,"Actual Startup Time": 0.028,"Actual Total Time": 0.042,"Actual Rows": 1,"Actual Loops": 1,"Filter": "(n_name = 'ETHIOPIA'::bpchar)","Rows Removed by Filter": 24},{"Node Type": "Bitmap Heap Scan","Parent Relationship": "Inner","Parallel Aware": false,"Async Capable": false,"Relation Name": "supplier","Alias": "supplier_1","Startup Cost": 7.38,"Total Cost": 239.27,"Plan Rows": 400,"Plan Width": 8,"Actual Startup Time": 0.130,"Actual Total Time": 1.641,"Actual Rows": 380,"Actual Loops": 1,"Recheck Cond": "(s_nationkey = nation_1.n_nationkey)","Rows Removed by Index Recheck": 0,"Exact Heap Blocks": 192,"Lossy Heap Blocks": 0,"Plans": [{"Node Type": "Bitmap Index Scan","Parent Relationship": "Outer","Parallel Aware": false,"Async Capable": false,"Index Name": "idx_supplier_nation_key","Startup Cost": 0.00,"Total Cost": 7.29,"Plan Rows": 400,"Plan Width": 0,"Actual Startup Time": 0.089,"Actual Total Time": 0.091,"Actual Rows": 380,"Actual Loops": 1,"Index Cond": "(s_nationkey = nation_1.n_nationkey)"}]}]},{"Node Type": "Index Scan","Parent Relationship": "Inner","Parallel Aware": false,"Async Capable": false,"Scan Direction": "Forward","Index Name": "idx_partsupp_suppkey","Relation Name": "partsupp","Alias": "partsupp_1","Startup Cost": 0.42,"Total Cost": 9.07,"Plan Rows": 80,"Plan Width": 14,"Actual Startup Time": 0.015,"Actual Total Time": 0.299,"Actual Rows": 80,"Actual Loops": 380,"Index Cond": "(ps_suppkey = supplier_1.s_suppkey)","Rows Removed by Index Recheck": 0}]}]},{"Node Type": "Aggregate","Strategy": "Hashed","Partial Mode": "Simple","Parent Relationship": "Outer","Parallel Aware": false,"Async Capable": false,"Startup Cost": 4514.26,"Total Cost": 4994.26,"Plan Rows": 10667,"Plan Width": 36,"Actual Startup Time": 359.706,"Actual Total Time": 426.732,"Actual Rows": 1241,"Actual Loops": 1,"Group Key": ["partsupp.ps_partkey"],"Filter": "(sum((partsupp.ps_supplycost * (partsupp.ps_availqty)::numeric)) > $2)","Planned Partitions": 0,"HashAgg Batches": 1,"Peak Memory Usage": 17937,"Disk Usage": 0,"Rows Removed by Filter": 27374,"Plans": [{"Node Type": "Nested Loop","Parent Relationship": "Outer","Parallel Aware": false,"Async Capable": false,"Join Type": "Inner","Startup Cost": 7.81,"Total Cost": 4194.26,"Plan Rows": 32000,"Plan Width": 14,"Actual Startup Time": 0.377,"Actual Total Time": 187.744,"Actual Rows": 30400,"Actual Loops": 1,"Inner Unique": false,"Plans": [{"Node Type": "Nested Loop","Parent Relationship": "Outer","Parallel Aware": false,"Async Capable": false,"Join Type": "Inner","Startup Cost": 7.38,"Total Cost": 244.58,"Plan Rows": 400,"Plan Width": 4,"Actual Startup Time": 0.305,"Actual Total Time": 2.864,"Actual Rows": 380,"Actual Loops": 1,"Inner Unique": false,"Plans": [{"Node Type": "Seq Scan","Parent Relationship": "Outer","Parallel Aware": false,"Async Capable": false,"Relation Name": "nation","Alias": "nation","Startup Cost": 0.00,"Total Cost": 1.31,"Plan Rows": 1,"Plan Width": 4,"Actual Startup Time": 0.073,"Actual Total Time": 0.091,"Actual Rows": 1,"Actual Loops": 1,"Filter": "(n_name = 'ETHIOPIA'::bpchar)","Rows Removed by Filter": 24},{"Node Type": "Bitmap Heap Scan","Parent Relationship": "Inner","Parallel Aware": false,"Async Capable": false,"Relation Name": "supplier","Alias": "supplier","Startup Cost": 7.38,"Total Cost": 239.27,"Plan Rows": 400,"Plan Width": 8,"Actual Startup Time": 0.228,"Actual Total Time": 2.728,"Actual Rows": 380,"Actual Loops": 1,"Recheck Cond": "(s_nationkey = nation.n_nationkey)","Rows Removed by Index Recheck": 0,"Exact Heap Blocks": 192,"Lossy Heap Blocks": 0,"Plans": [{"Node Type": "Bitmap Index Scan","Parent Relationship": "Outer","Parallel Aware": false,"Async Capable": false,"Index Name": "idx_supplier_nation_key","Startup Cost": 0.00,"Total Cost": 7.29,"Plan Rows": 400,"Plan Width": 0,"Actual Startup Time": 0.146,"Actual Total Time": 0.146,"Actual Rows": 380,"Actual Loops": 1,"Index Cond": "(s_nationkey = nation.n_nationkey)"}]}]},{"Node Type": "Index Scan","Parent Relationship": "Inner","Parallel Aware": false,"Async Capable": false,"Scan Direction": "Forward","Index Name": "idx_partsupp_suppkey","Relation Name": "partsupp","Alias": "partsupp","Startup Cost": 0.42,"Total Cost": 9.07,"Plan Rows": 80,"Plan Width": 18,"Actual Startup Time": 0.020,"Actual Total Time": 0.475,"Actual Rows": 80,"Actual Loops": 380,"Index Cond": "(ps_suppkey = supplier.s_suppkey)","Rows Removed by Index Recheck": 0}]}]}]},"Planning Time": 7.180,"Triggers": [],"Execution Time": 429.797}]
[{"Plan": {"Node Type": "Sort","Parallel Aware": false,"Async Capable": false,"Startup Cost": 10142.20,"Total Cost": 10168.87,"Plan Rows": 10667,"Plan Width": 36,"Actual Startup Time": 455.847,"Actual Total Time": 455.976,"Actual Rows": 819,"Actual Loops": 1,"Sort Key": ["(sum((partsupp.ps_supplycost * (partsupp.ps_availqty)::numeric))) DESC"],"Sort Method": "quicksort","Sort Space Used": 69,"Sort Space Type": "Memory","Plans": [{"Node Type": "Aggregate","Strategy": "Plain","Partial Mode": "Simple","Parent Relationship": "InitPlan","Subplan Name": "InitPlan 1 (returns $2)","Parallel Aware": false,"Async Capable": false,"Startup Cost": 4434.26,"Total Cost": 4434.27,"Plan Rows": 1,"Plan Width": 32,"Actual Startup Time": 134.080,"Actual Total Time": 134.102,"Actual Rows": 1,"Actual Loops": 1,"Plans": [{"Node Type": "Nested Loop","Parent Relationship": "Outer","Parallel Aware": false,"Async Capable": false,"Join Type": "Inner","Startup Cost": 7.81,"Total Cost": 4194.26,"Plan Rows": 32000,"Plan Width": 10,"Actual Startup Time": 0.218,"Actual Total Time": 126.423,"Actual Rows": 32960,"Actual Loops": 1,"Inner Unique": false,"Plans": [{"Node Type": "Nested Loop","Parent Relationship": "Outer","Parallel Aware": false,"Async Capable": false,"Join Type": "Inner","Startup Cost": 7.38,"Total Cost": 244.58,"Plan Rows": 400,"Plan Width": 4,"Actual Startup Time": 0.177,"Actual Total Time": 1.887,"Actual Rows": 412,"Actual Loops": 1,"Inner Unique": false,"Plans": [{"Node Type": "Seq Scan","Parent Relationship": "Outer","Parallel Aware": false,"Async Capable": false,"Relation Name": "nation","Alias": "nation_1","Startup Cost": 0.00,"Total Cost": 1.31,"Plan Rows": 1,"Plan Width": 4,"Actual Startup Time": 0.040,"Actual Total Time": 0.063,"Actual Rows": 1,"Actual Loops": 1,"Filter": "(n_name = 'CANADA'::bpchar)","Rows Removed by Filter": 24},{"Node Type": "Bitmap Heap Scan","Parent Relationship": "Inner","Parallel Aware": false,"Async Capable": false,"Relation Name": "supplier","Alias": "supplier_1","Startup Cost": 7.38,"Total Cost": 239.27,"Plan Rows": 400,"Plan Width": 8,"Actual Startup Time": 0.119,"Actual Total Time": 1.753,"Actual Rows": 412,"Actual Loops": 1,"Recheck Cond": "(s_nationkey = nation_1.n_nationkey)","Rows Removed by Index Recheck": 0,"Exact Heap Blocks": 189,"Lossy Heap Blocks": 0,"Plans": [{"Node Type": "Bitmap Index Scan","Parent Relationship": "Outer","Parallel Aware": false,"Async Capable": false,"Index Name": "idx_supplier_nation_key","Startup Cost": 0.00,"Total Cost": 7.29,"Plan Rows": 400,"Plan Width": 0,"Actual Startup Time": 0.074,"Actual Total Time": 0.083,"Actual Rows": 412,"Actual Loops": 1,"Index Cond": "(s_nationkey = nation_1.n_nationkey)"}]}]},{"Node Type": "Index Scan","Parent Relationship": "Inner","Parallel Aware": false,"Async Capable": false,"Scan Direction": "Forward","Index Name": "idx_partsupp_suppkey","Relation Name": "partsupp","Alias": "partsupp_1","Startup Cost": 0.42,"Total Cost": 9.07,"Plan Rows": 80,"Plan Width": 14,"Actual Startup Time": 0.014,"Actual Total Time": 0.290,"Actual Rows": 80,"Actual Loops": 412,"Index Cond": "(ps_suppkey = supplier_1.s_suppkey)","Rows Removed by Index Recheck": 0}]}]},{"Node Type": "Aggregate","Strategy": "Hashed","Partial Mode": "Simple","Parent Relationship": "Outer","Parallel Aware": false,"Async Capable": false,"Startup Cost": 4514.26,"Total Cost": 4994.26,"Plan Rows": 10667,"Plan Width": 36,"Actual Startup Time": 380.948,"Actual Total Time": 455.394,"Actual Rows": 819,"Actual Loops": 1,"Group Key": ["partsupp.ps_partkey"],"Filter": "(sum((partsupp.ps_supplycost * (partsupp.ps_availqty)::numeric)) > $2)","Planned Partitions": 0,"HashAgg Batches": 1,"Peak Memory Usage": 17937,"Disk Usage": 0,"Rows Removed by Filter": 30166,"Plans": [{"Node Type": "Nested Loop","Parent Relationship": "Outer","Parallel Aware": false,"Async Capable": false,"Join Type": "Inner","Startup Cost": 7.81,"Total Cost": 4194.26,"Plan Rows": 32000,"Plan Width": 14,"Actual Startup Time": 0.343,"Actual Total Time": 202.198,"Actual Rows": 32960,"Actual Loops": 1,"Inner Unique": false,"Plans": [{"Node Type": "Nested Loop","Parent Relationship": "Outer","Parallel Aware": false,"Async Capable": false,"Join Type": "Inner","Startup Cost": 7.38,"Total Cost": 244.58,"Plan Rows": 400,"Plan Width": 4,"Actual Startup Time": 0.272,"Actual Total Time": 2.740,"Actual Rows": 412,"Actual Loops": 1,"Inner Unique": false,"Plans": [{"Node Type": "Seq Scan","Parent Relationship": "Outer","Parallel Aware": false,"Async Capable": false,"Relation Name": "nation","Alias": "nation","Startup Cost": 0.00,"Total Cost": 1.31,"Plan Rows": 1,"Plan Width": 4,"Actual Startup Time": 0.064,"Actual Total Time": 0.078,"Actual Rows": 1,"Actual Loops": 1,"Filter": "(n_name = 'CANADA'::bpchar)","Rows Removed by Filter": 24},{"Node Type": "Bitmap Heap Scan","Parent Relationship": "Inner","Parallel Aware": false,"Async Capable": false,"Relation Name": "supplier","Alias": "supplier","Startup Cost": 7.38,"Total Cost": 239.27,"Plan Rows": 400,"Plan Width": 8,"Actual Startup Time": 0.203,"Actual Total Time": 2.610,"Actual Rows": 412,"Actual Loops": 1,"Recheck Cond": "(s_nationkey = nation.n_nationkey)","Rows Removed by Index Recheck": 0,"Exact Heap Blocks": 189,"Lossy Heap Blocks": 0,"Plans": [{"Node Type": "Bitmap Index Scan","Parent Relationship": "Outer","Parallel Aware": false,"Async Capable": false,"Index Name": "idx_supplier_nation_key","Startup Cost": 0.00,"Total Cost": 7.29,"Plan Rows": 400,"Plan Width": 0,"Actual Startup Time": 0.140,"Actual Total Time": 0.142,"Actual Rows": 412,"Actual Loops": 1,"Index Cond": "(s_nationkey = nation.n_nationkey)"}]}]},{"Node Type": "Index Scan","Parent Relationship": "Inner","Parallel Aware": false,"Async Capable": false,"Scan Direction": "Forward","Index Name": "idx_partsupp_suppkey","Relation Name": "partsupp","Alias": "partsupp","Startup Cost": 0.42,"Total Cost": 9.07,"Plan Rows": 80,"Plan Width": 18,"Actual Startup Time": 0.019,"Actual Total Time": 0.472,"Actual Rows": 80,"Actual Loops": 412,"Index Cond": "(ps_suppkey = supplier.s_suppkey)","Rows Removed by Index Recheck": 0}]}]}]},"Planning Time": 7.565,"Triggers": [],"Execution Time": 459.165}]
[{"Plan": {"Node Type": "Sort","Parallel Aware": false,"Async Capable": false,"Startup Cost": 10142.20,"Total Cost": 10168.87,"Plan Rows": 10667,"Plan Width": 36,"Actual Startup Time": 433.878,"Actual Total Time": 434.021,"Actual Rows": 1048,"Actual Loops": 1,"Sort Key": ["(sum((partsupp.ps_supplycost * (partsupp.ps_availqty)::numeric))) DESC"],"Sort Method": "quicksort","Sort Space Used": 106,"Sort Space Type": "Memory","Plans": [{"Node Type": "Aggregate","Strategy": "Plain","Partial Mode": "Simple","Parent Relationship": "InitPlan","Subplan Name": "InitPlan 1 (returns $2)","Parallel Aware": false,"Async Capable": false,"Startup Cost": 4434.26,"Total Cost": 4434.27,"Plan Rows": 1,"Plan Width": 32,"Actual Startup Time": 128.490,"Actual Total Time": 128.514,"Actual Rows": 1,"Actual Loops": 1,"Plans": [{"Node Type": "Nested Loop","Parent Relationship": "Outer","Parallel Aware": false,"Async Capable": false,"Join Type": "Inner","Startup Cost": 7.81,"Total Cost": 4194.26,"Plan Rows": 32000,"Plan Width": 10,"Actual Startup Time": 0.194,"Actual Total Time": 121.249,"Actual Rows": 31680,"Actual Loops": 1,"Inner Unique": false,"Plans": [{"Node Type": "Nested Loop","Parent Relationship": "Outer","Parallel Aware": false,"Async Capable": false,"Join Type": "Inner","Startup Cost": 7.38,"Total Cost": 244.58,"Plan Rows": 400,"Plan Width": 4,"Actual Startup Time": 0.149,"Actual Total Time": 1.791,"Actual Rows": 396,"Actual Loops": 1,"Inner Unique": false,"Plans": [{"Node Type": "Seq Scan","Parent Relationship": "Outer","Parallel Aware": false,"Async Capable": false,"Relation Name": "nation","Alias": "nation_1","Startup Cost": 0.00,"Total Cost": 1.31,"Plan Rows": 1,"Plan Width": 4,"Actual Startup Time": 0.037,"Actual Total Time": 0.065,"Actual Rows": 1,"Actual Loops": 1,"Filter": "(n_name = 'GERMANY'::bpchar)","Rows Removed by Filter": 24},{"Node Type": "Bitmap Heap Scan","Parent Relationship": "Inner","Parallel Aware": false,"Async Capable": false,"Relation Name": "supplier","Alias": "supplier_1","Startup Cost": 7.38,"Total Cost": 239.27,"Plan Rows": 400,"Plan Width": 8,"Actual Startup Time": 0.101,"Actual Total Time": 1.663,"Actual Rows": 396,"Actual Loops": 1,"Recheck Cond": "(s_nationkey = nation_1.n_nationkey)","Rows Removed by Index Recheck": 0,"Exact Heap Blocks": 191,"Lossy Heap Blocks": 0,"Plans": [{"Node Type": "Bitmap Index Scan","Parent Relationship": "Outer","Parallel Aware": false,"Async Capable": false,"Index Name": "idx_supplier_nation_key","Startup Cost": 0.00,"Total Cost": 7.29,"Plan Rows": 400,"Plan Width": 0,"Actual Startup Time": 0.064,"Actual Total Time": 0.071,"Actual Rows": 396,"Actual Loops": 1,"Index Cond": "(s_nationkey = nation_1.n_nationkey)"}]}]},{"Node Type": "Index Scan","Parent Relationship": "Inner","Parallel Aware": false,"Async Capable": false,"Scan Direction": "Forward","Index Name": "idx_partsupp_suppkey","Relation Name": "partsupp","Alias": "partsupp_1","Startup Cost": 0.42,"Total Cost": 9.07,"Plan Rows": 80,"Plan Width": 14,"Actual Startup Time": 0.014,"Actual Total Time": 0.289,"Actual Rows": 80,"Actual Loops": 396,"Index Cond": "(ps_suppkey = supplier_1.s_suppkey)","Rows Removed by Index Recheck": 0}]}]},{"Node Type": "Aggregate","Strategy": "Hashed","Partial Mode": "Simple","Parent Relationship": "Outer","Parallel Aware": false,"Async Capable": false,"Startup Cost": 4514.26,"Total Cost": 4994.26,"Plan Rows": 10667,"Plan Width": 36,"Actual Startup Time": 363.472,"Actual Total Time": 433.375,"Actual Rows": 1048,"Actual Loops": 1,"Group Key": ["partsupp.ps_partkey"],"Filter": "(sum((partsupp.ps_supplycost * (partsupp.ps_availqty)::numeric)) > $2)","Planned Partitions": 0,"HashAgg Batches": 1,"Peak Memory Usage": 17937,"Disk Usage": 0,"Rows Removed by Filter": 28770,"Plans": [{"Node Type": "Nested Loop","Parent Relationship": "Outer","Parallel Aware": false,"Async Capable": false,"Join Type": "Inner","Startup Cost": 7.81,"Total Cost": 4194.26,"Plan Rows": 32000,"Plan Width": 14,"Actual Startup Time": 0.319,"Actual Total Time": 192.866,"Actual Rows": 31680,"Actual Loops": 1,"Inner Unique": false,"Plans": [{"Node Type": "Nested Loop","Parent Relationship": "Outer","Parallel Aware": false,"Async Capable": false,"Join Type": "Inner","Startup Cost": 7.38,"Total Cost": 244.58,"Plan Rows": 400,"Plan Width": 4,"Actual Startup Time": 0.254,"Actual Total Time": 2.704,"Actual Rows": 396,"Actual Loops": 1,"Inner Unique": false,"Plans": [{"Node Type": "Seq Scan","Parent Relationship": "Outer","Parallel Aware": false,"Async Capable": false,"Relation Name": "nation","Alias": "nation","Startup Cost": 0.00,"Total Cost": 1.31,"Plan Rows": 1,"Plan Width": 4,"Actual Startup Time": 0.067,"Actual Total Time": 0.092,"Actual Rows": 1,"Actual Loops": 1,"Filter": "(n_name = 'GERMANY'::bpchar)","Rows Removed by Filter": 24},{"Node Type": "Bitmap Heap Scan","Parent Relationship": "Inner","Parallel Aware": false,"Async Capable": false,"Relation Name": "supplier","Alias": "supplier","Startup Cost": 7.38,"Total Cost": 239.27,"Plan Rows": 400,"Plan Width": 8,"Actual Startup Time": 0.180,"Actual Total Time": 2.555,"Actual Rows": 396,"Actual Loops": 1,"Recheck Cond": "(s_nationkey = nation.n_nationkey)","Rows Removed by Index Recheck": 0,"Exact Heap Blocks": 191,"Lossy Heap Blocks": 0,"Plans": [{"Node Type": "Bitmap Index Scan","Parent Relationship": "Outer","Parallel Aware": false,"Async Capable": false,"Index Name": "idx_supplier_nation_key","Startup Cost": 0.00,"Total Cost": 7.29,"Plan Rows": 400,"Plan Width": 0,"Actual Startup Time": 0.114,"Actual Total Time": 0.118,"Actual Rows": 396,"Actual Loops": 1,"Index Cond": "(s_nationkey = nation.n_nationkey)"}]}]},{"Node Type": "Index Scan","Parent Relationship": "Inner","Parallel Aware": false,"Async Capable": false,"Scan Direction": "Forward","Index Name": "idx_partsupp_suppkey","Relation Name": "partsupp","Alias": "partsupp","Startup Cost": 0.42,"Total Cost": 9.07,"Plan Rows": 80,"Plan Width": 18,"Actual Startup Time": 0.019,"Actual Total Time": 0.468,"Actual Rows": 80,"Actual Loops": 396,"Index Cond": "(ps_suppkey = supplier.s_suppkey)","Rows Removed by Index Recheck": 0}]}]}]},"Planning Time": 7.362,"Triggers": [],"Execution Time": 437.365}]
[{"Plan": {"Node Type": "Sort","Parallel Aware": false,"Async Capable": false,"Startup Cost": 10142.20,"Total Cost": 10168.87,"Plan Rows": 10667,"Plan Width": 36,"Actual Startup Time": 452.788,"Actual Total Time": 452.912,"Actual Rows": 869,"Actual Loops": 1,"Sort Key": ["(sum((partsupp.ps_supplycost * (partsupp.ps_availqty)::numeric))) DESC"],"Sort Method": "quicksort","Sort Space Used": 72,"Sort Space Type": "Memory","Plans": [{"Node Type": "Aggregate","Strategy": "Plain","Partial Mode": "Simple","Parent Relationship": "InitPlan","Subplan Name": "InitPlan 1 (returns $2)","Parallel Aware": false,"Async Capable": false,"Startup Cost": 4434.26,"Total Cost": 4434.27,"Plan Rows": 1,"Plan Width": 32,"Actual Startup Time": 133.523,"Actual Total Time": 133.544,"Actual Rows": 1,"Actual Loops": 1,"Plans": [{"Node Type": "Nested Loop","Parent Relationship": "Outer","Parallel Aware": false,"Async Capable": false,"Join Type": "Inner","Startup Cost": 7.81,"Total Cost": 4194.26,"Plan Rows": 32000,"Plan Width": 10,"Actual Startup Time": 0.165,"Actual Total Time": 126.080,"Actual Rows": 32560,"Actual Loops": 1,"Inner Unique": false,"Plans": [{"Node Type": "Nested Loop","Parent Relationship": "Outer","Parallel Aware": false,"Async Capable": false,"Join Type": "Inner","Startup Cost": 7.38,"Total Cost": 244.58,"Plan Rows": 400,"Plan Width": 4,"Actual Startup Time": 0.133,"Actual Total Time": 1.798,"Actual Rows": 407,"Actual Loops": 1,"Inner Unique": false,"Plans": [{"Node Type": "Seq Scan","Parent Relationship": "Outer","Parallel Aware": false,"Async Capable": false,"Relation Name": "nation","Alias": "nation_1","Startup Cost": 0.00,"Total Cost": 1.31,"Plan Rows": 1,"Plan Width": 4,"Actual Startup Time": 0.028,"Actual Total Time": 0.044,"Actual Rows": 1,"Actual Loops": 1,"Filter": "(n_name = 'CHINA'::bpchar)","Rows Removed by Filter": 24},{"Node Type": "Bitmap Heap Scan","Parent Relationship": "Inner","Parallel Aware": false,"Async Capable": false,"Relation Name": "supplier","Alias": "supplier_1","Startup Cost": 7.38,"Total Cost": 239.27,"Plan Rows": 400,"Plan Width": 8,"Actual Startup Time": 0.091,"Actual Total Time": 1.697,"Actual Rows": 407,"Actual Loops": 1,"Recheck Cond": "(s_nationkey = nation_1.n_nationkey)","Rows Removed by Index Recheck": 0,"Exact Heap Blocks": 186,"Lossy Heap Blocks": 0,"Plans": [{"Node Type": "Bitmap Index Scan","Parent Relationship": "Outer","Parallel Aware": false,"Async Capable": false,"Index Name": "idx_supplier_nation_key","Startup Cost": 0.00,"Total Cost": 7.29,"Plan Rows": 400,"Plan Width": 0,"Actual Startup Time": 0.055,"Actual Total Time": 0.061,"Actual Rows": 407,"Actual Loops": 1,"Index Cond": "(s_nationkey = nation_1.n_nationkey)"}]}]},{"Node Type": "Index Scan","Parent Relationship": "Inner","Parallel Aware": false,"Async Capable": false,"Scan Direction": "Forward","Index Name": "idx_partsupp_suppkey","Relation Name": "partsupp","Alias": "partsupp_1","Startup Cost": 0.42,"Total Cost": 9.07,"Plan Rows": 80,"Plan Width": 14,"Actual Startup Time": 0.014,"Actual Total Time": 0.293,"Actual Rows": 80,"Actual Loops": 407,"Index Cond": "(ps_suppkey = supplier_1.s_suppkey)","Rows Removed by Index Recheck": 0}]}]},{"Node Type": "Aggregate","Strategy": "Hashed","Partial Mode": "Simple","Parent Relationship": "Outer","Parallel Aware": false,"Async Capable": false,"Startup Cost": 4514.26,"Total Cost": 4994.26,"Plan Rows": 10667,"Plan Width": 36,"Actual Startup Time": 377.714,"Actual Total Time": 452.344,"Actual Rows": 869,"Actual Loops": 1,"Group Key": ["partsupp.ps_partkey"],"Filter": "(sum((partsupp.ps_supplycost * (partsupp.ps_availqty)::numeric)) > $2)","Planned Partitions": 0,"HashAgg Batches": 1,"Peak Memory Usage": 17937,"Disk Usage": 0,"Rows Removed by Filter": 29770,"Plans": [{"Node Type": "Nested Loop","Parent Relationship": "Outer","Parallel Aware": false,"Async Capable": false,"Join Type": "Inner","Startup Cost": 7.81,"Total Cost": 4194.26,"Plan Rows": 32000,"Plan Width": 14,"Actual Startup Time": 0.336,"Actual Total Time": 203.001,"Actual Rows": 32560,"Actual Loops": 1,"Inner Unique": false,"Plans": [{"Node Type": "Nested Loop","Parent Relationship": "Outer","Parallel Aware": false,"Async Capable": false,"Join Type": "Inner","Startup Cost": 7.38,"Total Cost": 244.58,"Plan Rows": 400,"Plan Width": 4,"Actual Startup Time": 0.273,"Actual Total Time": 2.796,"Actual Rows": 407,"Actual Loops": 1,"Inner Unique": false,"Plans": [{"Node Type": "Seq Scan","Parent Relationship": "Outer","Parallel Aware": false,"Async Capable": false,"Relation Name": "nation","Alias": "nation","Startup Cost": 0.00,"Total Cost": 1.31,"Plan Rows": 1,"Plan Width": 4,"Actual Startup Time": 0.063,"Actual Total Time": 0.079,"Actual Rows": 1,"Actual Loops": 1,"Filter": "(n_name = 'CHINA'::bpchar)","Rows Removed by Filter": 24},{"Node Type": "Bitmap Heap Scan","Parent Relationship": "Inner","Parallel Aware": false,"Async Capable": false,"Relation Name": "supplier","Alias": "supplier","Startup Cost": 7.38,"Total Cost": 239.27,"Plan Rows": 400,"Plan Width": 8,"Actual Startup Time": 0.204,"Actual Total Time": 2.666,"Actual Rows": 407,"Actual Loops": 1,"Recheck Cond": "(s_nationkey = nation.n_nationkey)","Rows Removed by Index Recheck": 0,"Exact Heap Blocks": 186,"Lossy Heap Blocks": 0,"Plans": [{"Node Type": "Bitmap Index Scan","Parent Relationship": "Outer","Parallel Aware": false,"Async Capable": false,"Index Name": "idx_supplier_nation_key","Startup Cost": 0.00,"Total Cost": 7.29,"Plan Rows": 400,"Plan Width": 0,"Actual Startup Time": 0.129,"Actual Total Time": 0.129,"Actual Rows": 407,"Actual Loops": 1,"Index Cond": "(s_nationkey = nation.n_nationkey)"}]}]},{"Node Type": "Index Scan","Parent Relationship": "Inner","Parallel Aware": false,"Async Capable": false,"Scan Direction": "Forward","Index Name": "idx_partsupp_suppkey","Relation Name": "partsupp","Alias": "partsupp","Startup Cost": 0.42,"Total Cost": 9.07,"Plan Rows": 80,"Plan Width": 18,"Actual Startup Time": 0.020,"Actual Total Time": 0.480,"Actual Rows": 80,"Actual Loops": 407,"Index Cond": "(ps_suppkey = supplier.s_suppkey)","Rows Removed by Index Recheck": 0}]}]}]},"Planning Time": 7.317,"Triggers": [],"Execution Time": 456.700}]
[{"Plan": {"Node Type": "Sort","Parallel Aware": false,"Async Capable": false,"Startup Cost": 10142.20,"Total Cost": 10168.87,"Plan Rows": 10667,"Plan Width": 36,"Actual Startup Time": 413.680,"Actual Total Time": 413.810,"Actual Rows": 1217,"Actual Loops": 1,"Sort Key": ["(sum((partsupp.ps_supplycost * (partsupp.ps_availqty)::numeric))) DESC"],"Sort Method": "quicksort","Sort Space Used": 115,"Sort Space Type": "Memory","Plans": [{"Node Type": "Aggregate","Strategy": "Plain","Partial Mode": "Simple","Parent Relationship": "InitPlan","Subplan Name": "InitPlan 1 (returns $2)","Parallel Aware": false,"Async Capable": false,"Startup Cost": 4434.26,"Total Cost": 4434.27,"Plan Rows": 1,"Plan Width": 32,"Actual Startup Time": 121.350,"Actual Total Time": 121.366,"Actual Rows": 1,"Actual Loops": 1,"Plans": [{"Node Type": "Nested Loop","Parent Relationship": "Outer","Parallel Aware": false,"Async Capable": false,"Join Type": "Inner","Startup Cost": 7.81,"Total Cost": 4194.26,"Plan Rows": 32000,"Plan Width": 10,"Actual Startup Time": 0.211,"Actual Total Time": 114.479,"Actual Rows": 30080,"Actual Loops": 1,"Inner Unique": false,"Plans": [{"Node Type": "Nested Loop","Parent Relationship": "Outer","Parallel Aware": false,"Async Capable": false,"Join Type": "Inner","Startup Cost": 7.38,"Total Cost": 244.58,"Plan Rows": 400,"Plan Width": 4,"Actual Startup Time": 0.161,"Actual Total Time": 1.670,"Actual Rows": 376,"Actual Loops": 1,"Inner Unique": false,"Plans": [{"Node Type": "Seq Scan","Parent Relationship": "Outer","Parallel Aware": false,"Async Capable": false,"Relation Name": "nation","Alias": "nation_1","Startup Cost": 0.00,"Total Cost": 1.31,"Plan Rows": 1,"Plan Width": 4,"Actual Startup Time": 0.026,"Actual Total Time": 0.039,"Actual Rows": 1,"Actual Loops": 1,"Filter": "(n_name = 'KENYA'::bpchar)","Rows Removed by Filter": 24},{"Node Type": "Bitmap Heap Scan","Parent Relationship": "Inner","Parallel Aware": false,"Async Capable": false,"Relation Name": "supplier","Alias": "supplier_1","Startup Cost": 7.38,"Total Cost": 239.27,"Plan Rows": 400,"Plan Width": 8,"Actual Startup Time": 0.113,"Actual Total Time": 1.571,"Actual Rows": 376,"Actual Loops": 1,"Recheck Cond": "(s_nationkey = nation_1.n_nationkey)","Rows Removed by Index Recheck": 0,"Exact Heap Blocks": 179,"Lossy Heap Blocks": 0,"Plans": [{"Node Type": "Bitmap Index Scan","Parent Relationship": "Outer","Parallel Aware": false,"Async Capable": false,"Index Name": "idx_supplier_nation_key","Startup Cost": 0.00,"Total Cost": 7.29,"Plan Rows": 400,"Plan Width": 0,"Actual Startup Time": 0.082,"Actual Total Time": 0.086,"Actual Rows": 376,"Actual Loops": 1,"Index Cond": "(s_nationkey = nation_1.n_nationkey)"}]}]},{"Node Type": "Index Scan","Parent Relationship": "Inner","Parallel Aware": false,"Async Capable": false,"Scan Direction": "Forward","Index Name": "idx_partsupp_suppkey","Relation Name": "partsupp","Alias": "partsupp_1","Startup Cost": 0.42,"Total Cost": 9.07,"Plan Rows": 80,"Plan Width": 14,"Actual Startup Time": 0.014,"Actual Total Time": 0.288,"Actual Rows": 80,"Actual Loops": 376,"Index Cond": "(ps_suppkey = supplier_1.s_suppkey)","Rows Removed by Index Recheck": 0}]}]},{"Node Type": "Aggregate","Strategy": "Hashed","Partial Mode": "Simple","Parent Relationship": "Outer","Parallel Aware": false,"Async Capable": false,"Startup Cost": 4514.26,"Total Cost": 4994.26,"Plan Rows": 10667,"Plan Width": 36,"Actual Startup Time": 346.893,"Actual Total Time": 413.082,"Actual Rows": 1217,"Actual Loops": 1,"Group Key": ["partsupp.ps_partkey"],"Filter": "(sum((partsupp.ps_supplycost * (partsupp.ps_availqty)::numeric)) > $2)","Planned Partitions": 0,"HashAgg Batches": 1,"Peak Memory Usage": 17937,"Disk Usage": 0,"Rows Removed by Filter": 27288,"Plans": [{"Node Type": "Nested Loop","Parent Relationship": "Outer","Parallel Aware": false,"Async Capable": false,"Join Type": "Inner","Startup Cost": 7.81,"Total Cost": 4194.26,"Plan Rows": 32000,"Plan Width": 14,"Actual Startup Time": 0.423,"Actual Total Time": 185.679,"Actual Rows": 30080,"Actual Loops": 1,"Inner Unique": false,"Plans": [{"Node Type": "Nested Loop","Parent Relationship": "Outer","Parallel Aware": false,"Async Capable": false,"Join Type": "Inner","Startup Cost": 7.38,"Total Cost": 244.58,"Plan Rows": 400,"Plan Width": 4,"Actual Startup Time": 0.359,"Actual Total Time": 2.922,"Actual Rows": 376,"Actual Loops": 1,"Inner Unique": false,"Plans": [{"Node Type": "Seq Scan","Parent Relationship": "Outer","Parallel Aware": false,"Async Capable": false,"Relation Name": "nation","Alias": "nation","Startup Cost": 0.00,"Total Cost": 1.31,"Plan Rows": 1,"Plan Width": 4,"Actual Startup Time": 0.084,"Actual Total Time": 0.113,"Actual Rows": 1,"Actual Loops": 1,"Filter": "(n_name = 'KENYA'::bpchar)","Rows Removed by Filter": 24},{"Node Type": "Bitmap Heap Scan","Parent Relationship": "Inner","Parallel Aware": false,"Async Capable": false,"Relation Name": "supplier","Alias": "supplier","Startup Cost": 7.38,"Total Cost": 239.27,"Plan Rows": 400,"Plan Width": 8,"Actual Startup Time": 0.263,"Actual Total Time": 2.758,"Actual Rows": 376,"Actual Loops": 1,"Recheck Cond": "(s_nationkey = nation.n_nationkey)","Rows Removed by Index Recheck": 0,"Exact Heap Blocks": 179,"Lossy Heap Blocks": 0,"Plans": [{"Node Type": "Bitmap Index Scan","Parent Relationship": "Outer","Parallel Aware": false,"Async Capable": false,"Index Name": "idx_supplier_nation_key","Startup Cost": 0.00,"Total Cost": 7.29,"Plan Rows": 400,"Plan Width": 0,"Actual Startup Time": 0.183,"Actual Total Time": 0.184,"Actual Rows": 376,"Actual Loops": 1,"Index Cond": "(s_nationkey = nation.n_nationkey)"}]}]},{"Node Type": "Index Scan","Parent Relationship": "Inner","Parallel Aware": false,"Async Capable": false,"Scan Direction": "Forward","Index Name": "idx_partsupp_suppkey","Relation Name": "partsupp","Alias": "partsupp","Startup Cost": 0.42,"Total Cost": 9.07,"Plan Rows": 80,"Plan Width": 18,"Actual Startup Time": 0.018,"Actual Total Time": 0.474,"Actual Rows": 80,"Actual Loops": 376,"Index Cond": "(ps_suppkey = supplier.s_suppkey)","Rows Removed by Index Recheck": 0}]}]}]},"Planning Time": 5.474,"Triggers": [],"Execution Time": 416.886}]
[{"Plan": {"Node Type": "Sort","Parallel Aware": false,"Async Capable": false,"Startup Cost": 10142.20,"Total Cost": 10168.87,"Plan Rows": 10667,"Plan Width": 36,"Actual Startup Time": 460.124,"Actual Total Time": 460.279,"Actual Rows": 753,"Actual Loops": 1,"Sort Key": ["(sum((partsupp.ps_supplycost * (partsupp.ps_availqty)::numeric))) DESC"],"Sort Method": "quicksort","Sort Space Used": 66,"Sort Space Type": "Memory","Plans": [{"Node Type": "Aggregate","Strategy": "Plain","Partial Mode": "Simple","Parent Relationship": "InitPlan","Subplan Name": "InitPlan 1 (returns $2)","Parallel Aware": false,"Async Capable": false,"Startup Cost": 4434.26,"Total Cost": 4434.27,"Plan Rows": 1,"Plan Width": 32,"Actual Startup Time": 134.377,"Actual Total Time": 134.409,"Actual Rows": 1,"Actual Loops": 1,"Plans": [{"Node Type": "Nested Loop","Parent Relationship": "Outer","Parallel Aware": false,"Async Capable": false,"Join Type": "Inner","Startup Cost": 7.81,"Total Cost": 4194.26,"Plan Rows": 32000,"Plan Width": 10,"Actual Startup Time": 0.237,"Actual Total Time": 126.748,"Actual Rows": 33200,"Actual Loops": 1,"Inner Unique": false,"Plans": [{"Node Type": "Nested Loop","Parent Relationship": "Outer","Parallel Aware": false,"Async Capable": false,"Join Type": "Inner","Startup Cost": 7.38,"Total Cost": 244.58,"Plan Rows": 400,"Plan Width": 4,"Actual Startup Time": 0.181,"Actual Total Time": 1.854,"Actual Rows": 415,"Actual Loops": 1,"Inner Unique": false,"Plans": [{"Node Type": "Seq Scan","Parent Relationship": "Outer","Parallel Aware": false,"Async Capable": false,"Relation Name": "nation","Alias": "nation_1","Startup Cost": 0.00,"Total Cost": 1.31,"Plan Rows": 1,"Plan Width": 4,"Actual Startup Time": 0.049,"Actual Total Time": 0.067,"Actual Rows": 1,"Actual Loops": 1,"Filter": "(n_name = 'INDIA'::bpchar)","Rows Removed by Filter": 24},{"Node Type": "Bitmap Heap Scan","Parent Relationship": "Inner","Parallel Aware": false,"Async Capable": false,"Relation Name": "supplier","Alias": "supplier_1","Startup Cost": 7.38,"Total Cost": 239.27,"Plan Rows": 400,"Plan Width": 8,"Actual Startup Time": 0.112,"Actual Total Time": 1.723,"Actual Rows": 415,"Actual Loops": 1,"Recheck Cond": "(s_nationkey = nation_1.n_nationkey)","Rows Removed by Index Recheck": 0,"Exact Heap Blocks": 186,"Lossy Heap Blocks": 0,"Plans": [{"Node Type": "Bitmap Index Scan","Parent Relationship": "Outer","Parallel Aware": false,"Async Capable": false,"Index Name": "idx_supplier_nation_key","Startup Cost": 0.00,"Total Cost": 7.29,"Plan Rows": 400,"Plan Width": 0,"Actual Startup Time": 0.076,"Actual Total Time": 0.083,"Actual Rows": 415,"Actual Loops": 1,"Index Cond": "(s_nationkey = nation_1.n_nationkey)"}]}]},{"Node Type": "Index Scan","Parent Relationship": "Inner","Parallel Aware": false,"Async Capable": false,"Scan Direction": "Forward","Index Name": "idx_partsupp_suppkey","Relation Name": "partsupp","Alias": "partsupp_1","Startup Cost": 0.42,"Total Cost": 9.07,"Plan Rows": 80,"Plan Width": 14,"Actual Startup Time": 0.014,"Actual Total Time": 0.289,"Actual Rows": 80,"Actual Loops": 415,"Index Cond": "(ps_suppkey = supplier_1.s_suppkey)","Rows Removed by Index Recheck": 0}]}]},{"Node Type": "Aggregate","Strategy": "Hashed","Partial Mode": "Simple","Parent Relationship": "Outer","Parallel Aware": false,"Async Capable": false,"Startup Cost": 4514.26,"Total Cost": 4994.26,"Plan Rows": 10667,"Plan Width": 36,"Actual Startup Time": 384.255,"Actual Total Time": 459.696,"Actual Rows": 753,"Actual Loops": 1,"Group Key": ["partsupp.ps_partkey"],"Filter": "(sum((partsupp.ps_supplycost * (partsupp.ps_availqty)::numeric)) > $2)","Planned Partitions": 0,"HashAgg Batches": 1,"Peak Memory Usage": 17937,"Disk Usage": 0,"Rows Removed by Filter": 30329,"Plans": [{"Node Type": "Nested Loop","Parent Relationship": "Outer","Parallel Aware": false,"Async Capable": false,"Join Type": "Inner","Startup Cost": 7.81,"Total Cost": 4194.26,"Plan Rows": 32000,"Plan Width": 14,"Actual Startup Time": 0.331,"Actual Total Time": 205.215,"Actual Rows": 33200,"Actual Loops": 1,"Inner Unique": false,"Plans": [{"Node Type": "Nested Loop","Parent Relationship": "Outer","Parallel Aware": false,"Async Capable": false,"Join Type": "Inner","Startup Cost": 7.38,"Total Cost": 244.58,"Plan Rows": 400,"Plan Width": 4,"Actual Startup Time": 0.285,"Actual Total Time": 2.795,"Actual Rows": 415,"Actual Loops": 1,"Inner Unique": false,"Plans": [{"Node Type": "Seq Scan","Parent Relationship": "Outer","Parallel Aware": false,"Async Capable": false,"Relation Name": "nation","Alias": "nation","Startup Cost": 0.00,"Total Cost": 1.31,"Plan Rows": 1,"Plan Width": 4,"Actual Startup Time": 0.073,"Actual Total Time": 0.100,"Actual Rows": 1,"Actual Loops": 1,"Filter": "(n_name = 'INDIA'::bpchar)","Rows Removed by Filter": 24},{"Node Type": "Bitmap Heap Scan","Parent Relationship": "Inner","Parallel Aware": false,"Async Capable": false,"Relation Name": "supplier","Alias": "supplier","Startup Cost": 7.38,"Total Cost": 239.27,"Plan Rows": 400,"Plan Width": 8,"Actual Startup Time": 0.206,"Actual Total Time": 2.634,"Actual Rows": 415,"Actual Loops": 1,"Recheck Cond": "(s_nationkey = nation.n_nationkey)","Rows Removed by Index Recheck": 0,"Exact Heap Blocks": 186,"Lossy Heap Blocks": 0,"Plans": [{"Node Type": "Bitmap Index Scan","Parent Relationship": "Outer","Parallel Aware": false,"Async Capable": false,"Index Name": "idx_supplier_nation_key","Startup Cost": 0.00,"Total Cost": 7.29,"Plan Rows": 400,"Plan Width": 0,"Actual Startup Time": 0.132,"Actual Total Time": 0.135,"Actual Rows": 415,"Actual Loops": 1,"Index Cond": "(s_nationkey = nation.n_nationkey)"}]}]},{"Node Type": "Index Scan","Parent Relationship": "Inner","Parallel Aware": false,"Async Capable": false,"Scan Direction": "Forward","Index Name": "idx_partsupp_suppkey","Relation Name": "partsupp","Alias": "partsupp","Startup Cost": 0.42,"Total Cost": 9.07,"Plan Rows": 80,"Plan Width": 18,"Actual Startup Time": 0.019,"Actual Total Time": 0.476,"Actual Rows": 80,"Actual Loops": 415,"Index Cond": "(ps_suppkey = supplier.s_suppkey)","Rows Removed by Index Recheck": 0}]}]}]},"Planning Time": 5.856,"Triggers": [],"Execution Time": 463.781}]
[{"Plan": {"Node Type": "Sort","Parallel Aware": false,"Async Capable": false,"Startup Cost": 10142.20,"Total Cost": 10168.87,"Plan Rows": 10667,"Plan Width": 36,"Actual Startup Time": 453.468,"Actual Total Time": 453.579,"Actual Rows": 699,"Actual Loops": 1,"Sort Key": ["(sum((partsupp.ps_supplycost * (partsupp.ps_availqty)::numeric))) DESC"],"Sort Method": "quicksort","Sort Space Used": 63,"Sort Space Type": "Memory","Plans": [{"Node Type": "Aggregate","Strategy": "Plain","Partial Mode": "Simple","Parent Relationship": "InitPlan","Subplan Name": "InitPlan 1 (returns $2)","Parallel Aware": false,"Async Capable": false,"Startup Cost": 4434.26,"Total Cost": 4434.27,"Plan Rows": 1,"Plan Width": 32,"Actual Startup Time": 131.382,"Actual Total Time": 131.405,"Actual Rows": 1,"Actual Loops": 1,"Plans": [{"Node Type": "Nested Loop","Parent Relationship": "Outer","Parallel Aware": false,"Async Capable": false,"Join Type": "Inner","Startup Cost": 7.81,"Total Cost": 4194.26,"Plan Rows": 32000,"Plan Width": 10,"Actual Startup Time": 0.203,"Actual Total Time": 123.789,"Actual Rows": 33200,"Actual Loops": 1,"Inner Unique": false,"Plans": [{"Node Type": "Nested Loop","Parent Relationship": "Outer","Parallel Aware": false,"Async Capable": false,"Join Type": "Inner","Startup Cost": 7.38,"Total Cost": 244.58,"Plan Rows": 400,"Plan Width": 4,"Actual Startup Time": 0.149,"Actual Total Time": 1.767,"Actual Rows": 415,"Actual Loops": 1,"Inner Unique": false,"Plans": [{"Node Type": "Seq Scan","Parent Relationship": "Outer","Parallel Aware": false,"Async Capable": false,"Relation Name": "nation","Alias": "nation_1","Startup Cost": 0.00,"Total Cost": 1.31,"Plan Rows": 1,"Plan Width": 4,"Actual Startup Time": 0.027,"Actual Total Time": 0.047,"Actual Rows": 1,"Actual Loops": 1,"Filter": "(n_name = 'EGYPT'::bpchar)","Rows Removed by Filter": 24},{"Node Type": "Bitmap Heap Scan","Parent Relationship": "Inner","Parallel Aware": false,"Async Capable": false,"Relation Name": "supplier","Alias": "supplier_1","Startup Cost": 7.38,"Total Cost": 239.27,"Plan Rows": 400,"Plan Width": 8,"Actual Startup Time": 0.105,"Actual Total Time": 1.654,"Actual Rows": 415,"Actual Loops": 1,"Recheck Cond": "(s_nationkey = nation_1.n_nationkey)","Rows Removed by Index Recheck": 0,"Exact Heap Blocks": 183,"Lossy Heap Blocks": 0,"Plans": [{"Node Type": "Bitmap Index Scan","Parent Relationship": "Outer","Parallel Aware": false,"Async Capable": false,"Index Name": "idx_supplier_nation_key","Startup Cost": 0.00,"Total Cost": 7.29,"Plan Rows": 400,"Plan Width": 0,"Actual Startup Time": 0.070,"Actual Total Time": 0.074,"Actual Rows": 415,"Actual Loops": 1,"Index Cond": "(s_nationkey = nation_1.n_nationkey)"}]}]},{"Node Type": "Index Scan","Parent Relationship": "Inner","Parallel Aware": false,"Async Capable": false,"Scan Direction": "Forward","Index Name": "idx_partsupp_suppkey","Relation Name": "partsupp","Alias": "partsupp_1","Startup Cost": 0.42,"Total Cost": 9.07,"Plan Rows": 80,"Plan Width": 14,"Actual Startup Time": 0.014,"Actual Total Time": 0.282,"Actual Rows": 80,"Actual Loops": 415,"Index Cond": "(ps_suppkey = supplier_1.s_suppkey)","Rows Removed by Index Recheck": 0}]}]},{"Node Type": "Aggregate","Strategy": "Hashed","Partial Mode": "Simple","Parent Relationship": "Outer","Parallel Aware": false,"Async Capable": false,"Startup Cost": 4514.26,"Total Cost": 4994.26,"Plan Rows": 10667,"Plan Width": 36,"Actual Startup Time": 379.250,"Actual Total Time": 453.099,"Actual Rows": 699,"Actual Loops": 1,"Group Key": ["partsupp.ps_partkey"],"Filter": "(sum((partsupp.ps_supplycost * (partsupp.ps_availqty)::numeric)) > $2)","Planned Partitions": 0,"HashAgg Batches": 1,"Peak Memory Usage": 17937,"Disk Usage": 0,"Rows Removed by Filter": 30398,"Plans": [{"Node Type": "Nested Loop","Parent Relationship": "Outer","Parallel Aware": false,"Async Capable": false,"Join Type": "Inner","Startup Cost": 7.81,"Total Cost": 4194.26,"Plan Rows": 32000,"Plan Width": 14,"Actual Startup Time": 0.395,"Actual Total Time": 204.247,"Actual Rows": 33200,"Actual Loops": 1,"Inner Unique": false,"Plans": [{"Node Type": "Nested Loop","Parent Relationship": "Outer","Parallel Aware": false,"Async Capable": false,"Join Type": "Inner","Startup Cost": 7.38,"Total Cost": 244.58,"Plan Rows": 400,"Plan Width": 4,"Actual Startup Time": 0.281,"Actual Total Time": 2.800,"Actual Rows": 415,"Actual Loops": 1,"Inner Unique": false,"Plans": [{"Node Type": "Seq Scan","Parent Relationship": "Outer","Parallel Aware": false,"Async Capable": false,"Relation Name": "nation","Alias": "nation","Startup Cost": 0.00,"Total Cost": 1.31,"Plan Rows": 1,"Plan Width": 4,"Actual Startup Time": 0.068,"Actual Total Time": 0.091,"Actual Rows": 1,"Actual Loops": 1,"Filter": "(n_name = 'EGYPT'::bpchar)","Rows Removed by Filter": 24},{"Node Type": "Bitmap Heap Scan","Parent Relationship": "Inner","Parallel Aware": false,"Async Capable": false,"Relation Name": "supplier","Alias": "supplier","Startup Cost": 7.38,"Total Cost": 239.27,"Plan Rows": 400,"Plan Width": 8,"Actual Startup Time": 0.209,"Actual Total Time": 2.654,"Actual Rows": 415,"Actual Loops": 1,"Recheck Cond": "(s_nationkey = nation.n_nationkey)","Rows Removed by Index Recheck": 0,"Exact Heap Blocks": 183,"Lossy Heap Blocks": 0,"Plans": [{"Node Type": "Bitmap Index Scan","Parent Relationship": "Outer","Parallel Aware": false,"Async Capable": false,"Index Name": "idx_supplier_nation_key","Startup Cost": 0.00,"Total Cost": 7.29,"Plan Rows": 400,"Plan Width": 0,"Actual Startup Time": 0.130,"Actual Total Time": 0.132,"Actual Rows": 415,"Actual Loops": 1,"Index Cond": "(s_nationkey = nation.n_nationkey)"}]}]},{"Node Type": "Index Scan","Parent Relationship": "Inner","Parallel Aware": false,"Async Capable": false,"Scan Direction": "Forward","Index Name": "idx_partsupp_suppkey","Relation Name": "partsupp","Alias": "partsupp","Startup Cost": 0.42,"Total Cost": 9.07,"Plan Rows": 80,"Plan Width": 18,"Actual Startup Time": 0.020,"Actual Total Time": 0.474,"Actual Rows": 80,"Actual Loops": 415,"Index Cond": "(ps_suppkey = supplier.s_suppkey)","Rows Removed by Index Recheck": 0}]}]}]},"Planning Time": 6.818,"Triggers": [],"Execution Time": 456.802}]
[{"Plan": {"Node Type": "Sort","Parallel Aware": false,"Async Capable": false,"Startup Cost": 10142.20,"Total Cost": 10168.87,"Plan Rows": 10667,"Plan Width": 36,"Actual Startup Time": 453.468,"Actual Total Time": 453.579,"Actual Rows": 699,"Actual Loops": 1,"Sort Key": ["(sum((partsupp.ps_supplycost * (partsupp.ps_availqty)::numeric))) DESC"],"Sort Method": "quicksort","Sort Space Used": 63,"Sort Space Type": "Memory","Plans": [{"Node Type": "Aggregate","Strategy": "Plain","Partial Mode": "Simple","Parent Relationship": "InitPlan","Subplan Name": "InitPlan 1 (returns $2)","Parallel Aware": false,"Async Capable": false,"Startup Cost": 4434.26,"Total Cost": 4434.27,"Plan Rows": 1,"Plan Width": 32,"Actual Startup Time": 131.382,"Actual Total Time": 131.405,"Actual Rows": 1,"Actual Loops": 1,"Plans": [{"Node Type": "Nested Loop","Parent Relationship": "Outer","Parallel Aware": false,"Async Capable": false,"Join Type": "Inner","Startup Cost": 7.81,"Total Cost": 4194.26,"Plan Rows": 32000,"Plan Width": 10,"Actual Startup Time": 0.203,"Actual Total Time": 123.789,"Actual Rows": 33200,"Actual Loops": 1,"Inner Unique": false,"Plans": [{"Node Type": "Nested Loop","Parent Relationship": "Outer","Parallel Aware": false,"Async Capable": false,"Join Type": "Inner","Startup Cost": 7.38,"Total Cost": 244.58,"Plan Rows": 400,"Plan Width": 4,"Actual Startup Time": 0.149,"Actual Total Time": 1.767,"Actual Rows": 415,"Actual Loops": 1,"Inner Unique": false,"Plans": [{"Node Type": "Seq Scan","Parent Relationship": "Outer","Parallel Aware": false,"Async Capable": false,"Relation Name": "nation","Alias": "nation_1","Startup Cost": 0.00,"Total Cost": 1.31,"Plan Rows": 1,"Plan Width": 4,"Actual Startup Time": 0.027,"Actual Total Time": 0.047,"Actual Rows": 1,"Actual Loops": 1,"Filter": "(n_name = 'EGYPT'::bpchar)","Rows Removed by Filter": 24},{"Node Type": "Bitmap Heap Scan","Parent Relationship": "Inner","Parallel Aware": false,"Async Capable": false,"Relation Name": "supplier","Alias": "supplier_1","Startup Cost": 7.38,"Total Cost": 239.27,"Plan Rows": 400,"Plan Width": 8,"Actual Startup Time": 0.105,"Actual Total Time": 1.654,"Actual Rows": 415,"Actual Loops": 1,"Recheck Cond": "(s_nationkey = nation_1.n_nationkey)","Rows Removed by Index Recheck": 0,"Exact Heap Blocks": 183,"Lossy Heap Blocks": 0,"Plans": [{"Node Type": "Bitmap Index Scan","Parent Relationship": "Outer","Parallel Aware": false,"Async Capable": false,"Index Name": "idx_supplier_nation_key","Startup Cost": 0.00,"Total Cost": 7.29,"Plan Rows": 400,"Plan Width": 0,"Actual Startup Time": 0.070,"Actual Total Time": 0.074,"Actual Rows": 415,"Actual Loops": 1,"Index Cond": "(s_nationkey = nation_1.n_nationkey)"}]}]},{"Node Type": "Index Scan","Parent Relationship": "Inner","Parallel Aware": false,"Async Capable": false,"Scan Direction": "Forward","Index Name": "idx_partsupp_suppkey","Relation Name": "partsupp","Alias": "partsupp_1","Startup Cost": 0.42,"Total Cost": 9.07,"Plan Rows": 80,"Plan Width": 14,"Actual Startup Time": 0.014,"Actual Total Time": 0.282,"Actual Rows": 80,"Actual Loops": 415,"Index Cond": "(ps_suppkey = supplier_1.s_suppkey)","Rows Removed by Index Recheck": 0}]}]},{"Node Type": "Aggregate","Strategy": "Hashed","Partial Mode": "Simple","Parent Relationship": "Outer","Parallel Aware": false,"Async Capable": false,"Startup Cost": 4514.26,"Total Cost": 4994.26,"Plan Rows": 10667,"Plan Width": 36,"Actual Startup Time": 379.250,"Actual Total Time": 453.099,"Actual Rows": 699,"Actual Loops": 1,"Group Key": ["partsupp.ps_partkey"],"Filter": "(sum((partsupp.ps_supplycost * (partsupp.ps_availqty)::numeric)) > $2)","Planned Partitions": 0,"HashAgg Batches": 1,"Peak Memory Usage": 17937,"Disk Usage": 0,"Rows Removed by Filter": 30398,"Plans": [{"Node Type": "Nested Loop","Parent Relationship": "Outer","Parallel Aware": false,"Async Capable": false,"Join Type": "Inner","Startup Cost": 7.81,"Total Cost": 4194.26,"Plan Rows": 32000,"Plan Width": 14,"Actual Startup Time": 0.395,"Actual Total Time": 204.247,"Actual Rows": 33200,"Actual Loops": 1,"Inner Unique": false,"Plans": [{"Node Type": "Nested Loop","Parent Relationship": "Outer","Parallel Aware": false,"Async Capable": false,"Join Type": "Inner","Startup Cost": 7.38,"Total Cost": 244.58,"Plan Rows": 400,"Plan Width": 4,"Actual Startup Time": 0.281,"Actual Total Time": 2.800,"Actual Rows": 415,"Actual Loops": 1,"Inner Unique": false,"Plans": [{"Node Type": "Seq Scan","Parent Relationship": "Outer","Parallel Aware": false,"Async Capable": false,"Relation Name": "nation","Alias": "nation","Startup Cost": 0.00,"Total Cost": 1.31,"Plan Rows": 1,"Plan Width": 4,"Actual Startup Time": 0.068,"Actual Total Time": 0.091,"Actual Rows": 1,"Actual Loops": 1,"Filter": "(n_name = 'EGYPT'::bpchar)","Rows Removed by Filter": 24},{"Node Type": "Bitmap Heap Scan","Parent Relationship": "Inner","Parallel Aware": false,"Async Capable": false,"Relation Name": "supplier","Alias": "supplier","Startup Cost": 7.38,"Total Cost": 239.27,"Plan Rows": 400,"Plan Width": 8,"Actual Startup Time": 0.209,"Actual Total Time": 2.654,"Actual Rows": 415,"Actual Loops": 1,"Recheck Cond": "(s_nationkey = nation.n_nationkey)","Rows Removed by Index Recheck": 0,"Exact Heap Blocks": 183,"Lossy Heap Blocks": 0,"Plans": [{"Node Type": "Bitmap Index Scan","Parent Relationship": "Outer","Parallel Aware": false,"Async Capable": false,"Index Name": "idx_supplier_nation_key","Startup Cost": 0.00,"Total Cost": 7.29,"Plan Rows": 400,"Plan Width": 0,"Actual Startup Time": 0.130,"Actual Total Time": 0.132,"Actual Rows": 415,"Actual Loops": 1,"Index Cond": "(s_nationkey = nation.n_nationkey)"}]}]},{"Node Type": "Index Scan","Parent Relationship": "Inner","Parallel Aware": false,"Async Capable": false,"Scan Direction": "Forward","Index Name": "idx_partsupp_suppkey","Relation Name": "partsupp","Alias": "partsupp","Startup Cost": 0.42,"Total Cost": 9.07,"Plan Rows": 80,"Plan Width": 18,"Actual Startup Time": 0.020,"Actual Total Time": 0.474,"Actual Rows": 80,"Actual Loops": 415,"Index Cond": "(ps_suppkey = supplier.s_suppkey)","Rows Removed by Index Recheck": 0}]}]}]},"Planning Time": 6.818,"Triggers": [],"Execution Time": 456.802}]
[{"Plan": {"Node Type": "Sort","Parallel Aware": false,"Async Capable": false,"Startup Cost": 10142.20,"Total Cost": 10168.87,"Plan Rows": 10667,"Plan Width": 36,"Actual Startup Time": 413.680,"Actual Total Time": 413.810,"Actual Rows": 1217,"Actual Loops": 1,"Sort Key": ["(sum((partsupp.ps_supplycost * (partsupp.ps_availqty)::numeric))) DESC"],"Sort Method": "quicksort","Sort Space Used": 115,"Sort Space Type": "Memory","Plans": [{"Node Type": "Aggregate","Strategy": "Plain","Partial Mode": "Simple","Parent Relationship": "InitPlan","Subplan Name": "InitPlan 1 (returns $2)","Parallel Aware": false,"Async Capable": false,"Startup Cost": 4434.26,"Total Cost": 4434.27,"Plan Rows": 1,"Plan Width": 32,"Actual Startup Time": 121.350,"Actual Total Time": 121.366,"Actual Rows": 1,"Actual Loops": 1,"Plans": [{"Node Type": "Nested Loop","Parent Relationship": "Outer","Parallel Aware": false,"Async Capable": false,"Join Type": "Inner","Startup Cost": 7.81,"Total Cost": 4194.26,"Plan Rows": 32000,"Plan Width": 10,"Actual Startup Time": 0.211,"Actual Total Time": 114.479,"Actual Rows": 30080,"Actual Loops": 1,"Inner Unique": false,"Plans": [{"Node Type": "Nested Loop","Parent Relationship": "Outer","Parallel Aware": false,"Async Capable": false,"Join Type": "Inner","Startup Cost": 7.38,"Total Cost": 244.58,"Plan Rows": 400,"Plan Width": 4,"Actual Startup Time": 0.161,"Actual Total Time": 1.670,"Actual Rows": 376,"Actual Loops": 1,"Inner Unique": false,"Plans": [{"Node Type": "Seq Scan","Parent Relationship": "Outer","Parallel Aware": false,"Async Capable": false,"Relation Name": "nation","Alias": "nation_1","Startup Cost": 0.00,"Total Cost": 1.31,"Plan Rows": 1,"Plan Width": 4,"Actual Startup Time": 0.026,"Actual Total Time": 0.039,"Actual Rows": 1,"Actual Loops": 1,"Filter": "(n_name = 'KENYA'::bpchar)","Rows Removed by Filter": 24},{"Node Type": "Bitmap Heap Scan","Parent Relationship": "Inner","Parallel Aware": false,"Async Capable": false,"Relation Name": "supplier","Alias": "supplier_1","Startup Cost": 7.38,"Total Cost": 239.27,"Plan Rows": 400,"Plan Width": 8,"Actual Startup Time": 0.113,"Actual Total Time": 1.571,"Actual Rows": 376,"Actual Loops": 1,"Recheck Cond": "(s_nationkey = nation_1.n_nationkey)","Rows Removed by Index Recheck": 0,"Exact Heap Blocks": 179,"Lossy Heap Blocks": 0,"Plans": [{"Node Type": "Bitmap Index Scan","Parent Relationship": "Outer","Parallel Aware": false,"Async Capable": false,"Index Name": "idx_supplier_nation_key","Startup Cost": 0.00,"Total Cost": 7.29,"Plan Rows": 400,"Plan Width": 0,"Actual Startup Time": 0.082,"Actual Total Time": 0.086,"Actual Rows": 376,"Actual Loops": 1,"Index Cond": "(s_nationkey = nation_1.n_nationkey)"}]}]},{"Node Type": "Index Scan","Parent Relationship": "Inner","Parallel Aware": false,"Async Capable": false,"Scan Direction": "Forward","Index Name": "idx_partsupp_suppkey","Relation Name": "partsupp","Alias": "partsupp_1","Startup Cost": 0.42,"Total Cost": 9.07,"Plan Rows": 80,"Plan Width": 14,"Actual Startup Time": 0.014,"Actual Total Time": 0.288,"Actual Rows": 80,"Actual Loops": 376,"Index Cond": "(ps_suppkey = supplier_1.s_suppkey)","Rows Removed by Index Recheck": 0}]}]},{"Node Type": "Aggregate","Strategy": "Hashed","Partial Mode": "Simple","Parent Relationship": "Outer","Parallel Aware": false,"Async Capable": false,"Startup Cost": 4514.26,"Total Cost": 4994.26,"Plan Rows": 10667,"Plan Width": 36,"Actual Startup Time": 346.893,"Actual Total Time": 413.082,"Actual Rows": 1217,"Actual Loops": 1,"Group Key": ["partsupp.ps_partkey"],"Filter": "(sum((partsupp.ps_supplycost * (partsupp.ps_availqty)::numeric)) > $2)","Planned Partitions": 0,"HashAgg Batches": 1,"Peak Memory Usage": 17937,"Disk Usage": 0,"Rows Removed by Filter": 27288,"Plans": [{"Node Type": "Nested Loop","Parent Relationship": "Outer","Parallel Aware": false,"Async Capable": false,"Join Type": "Inner","Startup Cost": 7.81,"Total Cost": 4194.26,"Plan Rows": 32000,"Plan Width": 14,"Actual Startup Time": 0.423,"Actual Total Time": 185.679,"Actual Rows": 30080,"Actual Loops": 1,"Inner Unique": false,"Plans": [{"Node Type": "Nested Loop","Parent Relationship": "Outer","Parallel Aware": false,"Async Capable": false,"Join Type": "Inner","Startup Cost": 7.38,"Total Cost": 244.58,"Plan Rows": 400,"Plan Width": 4,"Actual Startup Time": 0.359,"Actual Total Time": 2.922,"Actual Rows": 376,"Actual Loops": 1,"Inner Unique": false,"Plans": [{"Node Type": "Seq Scan","Parent Relationship": "Outer","Parallel Aware": false,"Async Capable": false,"Relation Name": "nation","Alias": "nation","Startup Cost": 0.00,"Total Cost": 1.31,"Plan Rows": 1,"Plan Width": 4,"Actual Startup Time": 0.084,"Actual Total Time": 0.113,"Actual Rows": 1,"Actual Loops": 1,"Filter": "(n_name = 'KENYA'::bpchar)","Rows Removed by Filter": 24},{"Node Type": "Bitmap Heap Scan","Parent Relationship": "Inner","Parallel Aware": false,"Async Capable": false,"Relation Name": "supplier","Alias": "supplier","Startup Cost": 7.38,"Total Cost": 239.27,"Plan Rows": 400,"Plan Width": 8,"Actual Startup Time": 0.263,"Actual Total Time": 2.758,"Actual Rows": 376,"Actual Loops": 1,"Recheck Cond": "(s_nationkey = nation.n_nationkey)","Rows Removed by Index Recheck": 0,"Exact Heap Blocks": 179,"Lossy Heap Blocks": 0,"Plans": [{"Node Type": "Bitmap Index Scan","Parent Relationship": "Outer","Parallel Aware": false,"Async Capable": false,"Index Name": "idx_supplier_nation_key","Startup Cost": 0.00,"Total Cost": 7.29,"Plan Rows": 400,"Plan Width": 0,"Actual Startup Time": 0.183,"Actual Total Time": 0.184,"Actual Rows": 376,"Actual Loops": 1,"Index Cond": "(s_nationkey = nation.n_nationkey)"}]}]},{"Node Type": "Index Scan","Parent Relationship": "Inner","Parallel Aware": false,"Async Capable": false,"Scan Direction": "Forward","Index Name": "idx_partsupp_suppkey","Relation Name": "partsupp","Alias": "partsupp","Startup Cost": 0.42,"Total Cost": 9.07,"Plan Rows": 80,"Plan Width": 18,"Actual Startup Time": 0.018,"Actual Total Time": 0.474,"Actual Rows": 80,"Actual Loops": 376,"Index Cond": "(ps_suppkey = supplier.s_suppkey)","Rows Removed by Index Recheck": 0}]}]}]},"Planning Time": 5.474,"Triggers": [],"Execution Time": 416.886}]
[{"Plan": {"Node Type": "Sort","Parallel Aware": false,"Async Capable": false,"Startup Cost": 10142.20,"Total Cost": 10168.87,"Plan Rows": 10667,"Plan Width": 36,"Actual Startup Time": 449.560,"Actual Total Time": 449.671,"Actual Rows": 907,"Actual Loops": 1,"Sort Key": ["(sum((partsupp.ps_supplycost * (partsupp.ps_availqty)::numeric))) DESC"],"Sort Method": "quicksort","Sort Space Used": 74,"Sort Space Type": "Memory","Plans": [{"Node Type": "Aggregate","Strategy": "Plain","Partial Mode": "Simple","Parent Relationship": "InitPlan","Subplan Name": "InitPlan 1 (returns $2)","Parallel Aware": false,"Async Capable": false,"Startup Cost": 4434.26,"Total Cost": 4434.27,"Plan Rows": 1,"Plan Width": 32,"Actual Startup Time": 134.911,"Actual Total Time": 134.932,"Actual Rows": 1,"Actual Loops": 1,"Plans": [{"Node Type": "Nested Loop","Parent Relationship": "Outer","Parallel Aware": false,"Async Capable": false,"Join Type": "Inner","Startup Cost": 7.81,"Total Cost": 4194.26,"Plan Rows": 32000,"Plan Width": 10,"Actual Startup Time": 0.196,"Actual Total Time": 127.626,"Actual Rows": 31760,"Actual Loops": 1,"Inner Unique": false,"Plans": [{"Node Type": "Nested Loop","Parent Relationship": "Outer","Parallel Aware": false,"Async Capable": false,"Join Type": "Inner","Startup Cost": 7.38,"Total Cost": 244.58,"Plan Rows": 400,"Plan Width": 4,"Actual Startup Time": 0.146,"Actual Total Time": 1.719,"Actual Rows": 397,"Actual Loops": 1,"Inner Unique": false,"Plans": [{"Node Type": "Seq Scan","Parent Relationship": "Outer","Parallel Aware": false,"Async Capable": false,"Relation Name": "nation","Alias": "nation_1","Startup Cost": 0.00,"Total Cost": 1.31,"Plan Rows": 1,"Plan Width": 4,"Actual Startup Time": 0.024,"Actual Total Time": 0.052,"Actual Rows": 1,"Actual Loops": 1,"Filter": "(n_name = 'BRAZIL'::bpchar)","Rows Removed by Filter": 24},{"Node Type": "Bitmap Heap Scan","Parent Relationship": "Inner","Parallel Aware": false,"Async Capable": false,"Relation Name": "supplier","Alias": "supplier_1","Startup Cost": 7.38,"Total Cost": 239.27,"Plan Rows": 400,"Plan Width": 8,"Actual Startup Time": 0.105,"Actual Total Time": 1.602,"Actual Rows": 397,"Actual Loops": 1,"Recheck Cond": "(s_nationkey = nation_1.n_nationkey)","Rows Removed by Index Recheck": 0,"Exact Heap Blocks": 187,"Lossy Heap Blocks": 0,"Plans": [{"Node Type": "Bitmap Index Scan","Parent Relationship": "Outer","Parallel Aware": false,"Async Capable": false,"Index Name": "idx_supplier_nation_key","Startup Cost": 0.00,"Total Cost": 7.29,"Plan Rows": 400,"Plan Width": 0,"Actual Startup Time": 0.071,"Actual Total Time": 0.077,"Actual Rows": 397,"Actual Loops": 1,"Index Cond": "(s_nationkey = nation_1.n_nationkey)"}]}]},{"Node Type": "Index Scan","Parent Relationship": "Inner","Parallel Aware": false,"Async Capable": false,"Scan Direction": "Forward","Index Name": "idx_partsupp_suppkey","Relation Name": "partsupp","Alias": "partsupp_1","Startup Cost": 0.42,"Total Cost": 9.07,"Plan Rows": 80,"Plan Width": 14,"Actual Startup Time": 0.015,"Actual Total Time": 0.304,"Actual Rows": 80,"Actual Loops": 397,"Index Cond": "(ps_suppkey = supplier_1.s_suppkey)","Rows Removed by Index Recheck": 0}]}]},{"Node Type": "Aggregate","Strategy": "Hashed","Partial Mode": "Simple","Parent Relationship": "Outer","Parallel Aware": false,"Async Capable": false,"Startup Cost": 4514.26,"Total Cost": 4994.26,"Plan Rows": 10667,"Plan Width": 36,"Actual Startup Time": 378.380,"Actual Total Time": 449.162,"Actual Rows": 907,"Actual Loops": 1,"Group Key": ["partsupp.ps_partkey"],"Filter": "(sum((partsupp.ps_supplycost * (partsupp.ps_availqty)::numeric)) > $2)","Planned Partitions": 0,"HashAgg Batches": 1,"Peak Memory Usage": 17937,"Disk Usage": 0,"Rows Removed by Filter": 29157,"Plans": [{"Node Type": "Nested Loop","Parent Relationship": "Outer","Parallel Aware": false,"Async Capable": false,"Join Type": "Inner","Startup Cost": 7.81,"Total Cost": 4194.26,"Plan Rows": 32000,"Plan Width": 14,"Actual Startup Time": 0.353,"Actual Total Time": 195.500,"Actual Rows": 31760,"Actual Loops": 1,"Inner Unique": false,"Plans": [{"Node Type": "Nested Loop","Parent Relationship": "Outer","Parallel Aware": false,"Async Capable": false,"Join Type": "Inner","Startup Cost": 7.38,"Total Cost": 244.58,"Plan Rows": 400,"Plan Width": 4,"Actual Startup Time": 0.264,"Actual Total Time": 2.773,"Actual Rows": 397,"Actual Loops": 1,"Inner Unique": false,"Plans": [{"Node Type": "Seq Scan","Parent Relationship": "Outer","Parallel Aware": false,"Async Capable": false,"Relation Name": "nation","Alias": "nation","Startup Cost": 0.00,"Total Cost": 1.31,"Plan Rows": 1,"Plan Width": 4,"Actual Startup Time": 0.057,"Actual Total Time": 0.077,"Actual Rows": 1,"Actual Loops": 1,"Filter": "(n_name = 'BRAZIL'::bpchar)","Rows Removed by Filter": 24},{"Node Type": "Bitmap Heap Scan","Parent Relationship": "Inner","Parallel Aware": false,"Async Capable": false,"Relation Name": "supplier","Alias": "supplier","Startup Cost": 7.38,"Total Cost": 239.27,"Plan Rows": 400,"Plan Width": 8,"Actual Startup Time": 0.205,"Actual Total Time": 2.649,"Actual Rows": 397,"Actual Loops": 1,"Recheck Cond": "(s_nationkey = nation.n_nationkey)","Rows Removed by Index Recheck": 0,"Exact Heap Blocks": 187,"Lossy Heap Blocks": 0,"Plans": [{"Node Type": "Bitmap Index Scan","Parent Relationship": "Outer","Parallel Aware": false,"Async Capable": false,"Index Name": "idx_supplier_nation_key","Startup Cost": 0.00,"Total Cost": 7.29,"Plan Rows": 400,"Plan Width": 0,"Actual Startup Time": 0.130,"Actual Total Time": 0.131,"Actual Rows": 397,"Actual Loops": 1,"Index Cond": "(s_nationkey = nation.n_nationkey)"}]}]},{"Node Type": "Index Scan","Parent Relationship": "Inner","Parallel Aware": false,"Async Capable": false,"Scan Direction": "Forward","Index Name": "idx_partsupp_suppkey","Relation Name": "partsupp","Alias": "partsupp","Startup Cost": 0.42,"Total Cost": 9.07,"Plan Rows": 80,"Plan Width": 18,"Actual Startup Time": 0.020,"Actual Total Time": 0.474,"Actual Rows": 80,"Actual Loops": 397,"Index Cond": "(ps_suppkey = supplier.s_suppkey)","Rows Removed by Index Recheck": 0}]}]}]},"Planning Time": 5.165,"Triggers": [],"Execution Time": 452.133}]
[{"Plan": {"Node Type": "Sort","Parallel Aware": false,"Async Capable": false,"Startup Cost": 10142.20,"Total Cost": 10168.87,"Plan Rows": 10667,"Plan Width": 36,"Actual Startup Time": 433.392,"Actual Total Time": 433.521,"Actual Rows": 1062,"Actual Loops": 1,"Sort Key": ["(sum((partsupp.ps_supplycost * (partsupp.ps_availqty)::numeric))) DESC"],"Sort Method": "quicksort","Sort Space Used": 107,"Sort Space Type": "Memory","Plans": [{"Node Type": "Aggregate","Strategy": "Plain","Partial Mode": "Simple","Parent Relationship": "InitPlan","Subplan Name": "InitPlan 1 (returns $2)","Parallel Aware": false,"Async Capable": false,"Startup Cost": 4434.26,"Total Cost": 4434.27,"Plan Rows": 1,"Plan Width": 32,"Actual Startup Time": 125.971,"Actual Total Time": 125.990,"Actual Rows": 1,"Actual Loops": 1,"Plans": [{"Node Type": "Nested Loop","Parent Relationship": "Outer","Parallel Aware": false,"Async Capable": false,"Join Type": "Inner","Startup Cost": 7.81,"Total Cost": 4194.26,"Plan Rows": 32000,"Plan Width": 10,"Actual Startup Time": 0.203,"Actual Total Time": 118.781,"Actual Rows": 31440,"Actual Loops": 1,"Inner Unique": false,"Plans": [{"Node Type": "Nested Loop","Parent Relationship": "Outer","Parallel Aware": false,"Async Capable": false,"Join Type": "Inner","Startup Cost": 7.38,"Total Cost": 244.58,"Plan Rows": 400,"Plan Width": 4,"Actual Startup Time": 0.157,"Actual Total Time": 1.656,"Actual Rows": 393,"Actual Loops": 1,"Inner Unique": false,"Plans": [{"Node Type": "Seq Scan","Parent Relationship": "Outer","Parallel Aware": false,"Async Capable": false,"Relation Name": "nation","Alias": "nation_1","Startup Cost": 0.00,"Total Cost": 1.31,"Plan Rows": 1,"Plan Width": 4,"Actual Startup Time": 0.034,"Actual Total Time": 0.054,"Actual Rows": 1,"Actual Loops": 1,"Filter": "(n_name = 'IRAN'::bpchar)","Rows Removed by Filter": 24},{"Node Type": "Bitmap Heap Scan","Parent Relationship": "Inner","Parallel Aware": false,"Async Capable": false,"Relation Name": "supplier","Alias": "supplier_1","Startup Cost": 7.38,"Total Cost": 239.27,"Plan Rows": 400,"Plan Width": 8,"Actual Startup Time": 0.107,"Actual Total Time": 1.545,"Actual Rows": 393,"Actual Loops": 1,"Recheck Cond": "(s_nationkey = nation_1.n_nationkey)","Rows Removed by Index Recheck": 0,"Exact Heap Blocks": 179,"Lossy Heap Blocks": 0,"Plans": [{"Node Type": "Bitmap Index Scan","Parent Relationship": "Outer","Parallel Aware": false,"Async Capable": false,"Index Name": "idx_supplier_nation_key","Startup Cost": 0.00,"Total Cost": 7.29,"Plan Rows": 400,"Plan Width": 0,"Actual Startup Time": 0.076,"Actual Total Time": 0.080,"Actual Rows": 393,"Actual Loops": 1,"Index Cond": "(s_nationkey = nation_1.n_nationkey)"}]}]},{"Node Type": "Index Scan","Parent Relationship": "Inner","Parallel Aware": false,"Async Capable": false,"Scan Direction": "Forward","Index Name": "idx_partsupp_suppkey","Relation Name": "partsupp","Alias": "partsupp_1","Startup Cost": 0.42,"Total Cost": 9.07,"Plan Rows": 80,"Plan Width": 14,"Actual Startup Time": 0.014,"Actual Total Time": 0.286,"Actual Rows": 80,"Actual Loops": 393,"Index Cond": "(ps_suppkey = supplier_1.s_suppkey)","Rows Removed by Index Recheck": 0}]}]},{"Node Type": "Aggregate","Strategy": "Hashed","Partial Mode": "Simple","Parent Relationship": "Outer","Parallel Aware": false,"Async Capable": false,"Startup Cost": 4514.26,"Total Cost": 4994.26,"Plan Rows": 10667,"Plan Width": 36,"Actual Startup Time": 362.794,"Actual Total Time": 432.898,"Actual Rows": 1062,"Actual Loops": 1,"Group Key": ["partsupp.ps_partkey"],"Filter": "(sum((partsupp.ps_supplycost * (partsupp.ps_availqty)::numeric)) > $2)","Planned Partitions": 0,"HashAgg Batches": 1,"Peak Memory Usage": 17937,"Disk Usage": 0,"Rows Removed by Filter": 28595,"Plans": [{"Node Type": "Nested Loop","Parent Relationship": "Outer","Parallel Aware": false,"Async Capable": false,"Join Type": "Inner","Startup Cost": 7.81,"Total Cost": 4194.26,"Plan Rows": 32000,"Plan Width": 14,"Actual Startup Time": 0.338,"Actual Total Time": 194.810,"Actual Rows": 31440,"Actual Loops": 1,"Inner Unique": false,"Plans": [{"Node Type": "Nested Loop","Parent Relationship": "Outer","Parallel Aware": false,"Async Capable": false,"Join Type": "Inner","Startup Cost": 7.38,"Total Cost": 244.58,"Plan Rows": 400,"Plan Width": 4,"Actual Startup Time": 0.285,"Actual Total Time": 2.779,"Actual Rows": 393,"Actual Loops": 1,"Inner Unique": false,"Plans": [{"Node Type": "Seq Scan","Parent Relationship": "Outer","Parallel Aware": false,"Async Capable": false,"Relation Name": "nation","Alias": "nation","Startup Cost": 0.00,"Total Cost": 1.31,"Plan Rows": 1,"Plan Width": 4,"Actual Startup Time": 0.074,"Actual Total Time": 0.096,"Actual Rows": 1,"Actual Loops": 1,"Filter": "(n_name = 'IRAN'::bpchar)","Rows Removed by Filter": 24},{"Node Type": "Bitmap Heap Scan","Parent Relationship": "Inner","Parallel Aware": false,"Async Capable": false,"Relation Name": "supplier","Alias": "supplier","Startup Cost": 7.38,"Total Cost": 239.27,"Plan Rows": 400,"Plan Width": 8,"Actual Startup Time": 0.203,"Actual Total Time": 2.632,"Actual Rows": 393,"Actual Loops": 1,"Recheck Cond": "(s_nationkey = nation.n_nationkey)","Rows Removed by Index Recheck": 0,"Exact Heap Blocks": 179,"Lossy Heap Blocks": 0,"Plans": [{"Node Type": "Bitmap Index Scan","Parent Relationship": "Outer","Parallel Aware": false,"Async Capable": false,"Index Name": "idx_supplier_nation_key","Startup Cost": 0.00,"Total Cost": 7.29,"Plan Rows": 400,"Plan Width": 0,"Actual Startup Time": 0.138,"Actual Total Time": 0.139,"Actual Rows": 393,"Actual Loops": 1,"Index Cond": "(s_nationkey = nation.n_nationkey)"}]}]},{"Node Type": "Index Scan","Parent Relationship": "Inner","Parallel Aware": false,"Async Capable": false,"Scan Direction": "Forward","Index Name": "idx_partsupp_suppkey","Relation Name": "partsupp","Alias": "partsupp","Startup Cost": 0.42,"Total Cost": 9.07,"Plan Rows": 80,"Plan Width": 18,"Actual Startup Time": 0.019,"Actual Total Time": 0.477,"Actual Rows": 80,"Actual Loops": 393,"Index Cond": "(ps_suppkey = supplier.s_suppkey)","Rows Removed by Index Recheck": 0}]}]}]},"Planning Time": 6.603,"Triggers": [],"Execution Time": 437.000}]
[{"Plan": {"Node Type": "Sort","Parallel Aware": false,"Async Capable": false,"Startup Cost": 10142.20,"Total Cost": 10168.87,"Plan Rows": 10667,"Plan Width": 36,"Actual Startup Time": 438.718,"Actual Total Time": 438.846,"Actual Rows": 919,"Actual Loops": 1,"Sort Key": ["(sum((partsupp.ps_supplycost * (partsupp.ps_availqty)::numeric))) DESC"],"Sort Method": "quicksort","Sort Space Used": 75,"Sort Space Type": "Memory","Plans": [{"Node Type": "Aggregate","Strategy": "Plain","Partial Mode": "Simple","Parent Relationship": "InitPlan","Subplan Name": "InitPlan 1 (returns $2)","Parallel Aware": false,"Async Capable": false,"Startup Cost": 4434.26,"Total Cost": 4434.27,"Plan Rows": 1,"Plan Width": 32,"Actual Startup Time": 130.550,"Actual Total Time": 130.572,"Actual Rows": 1,"Actual Loops": 1,"Plans": [{"Node Type": "Nested Loop","Parent Relationship": "Outer","Parallel Aware": false,"Async Capable": false,"Join Type": "Inner","Startup Cost": 7.81,"Total Cost": 4194.26,"Plan Rows": 32000,"Plan Width": 10,"Actual Startup Time": 0.239,"Actual Total Time": 123.231,"Actual Rows": 32080,"Actual Loops": 1,"Inner Unique": false,"Plans": [{"Node Type": "Nested Loop","Parent Relationship": "Outer","Parallel Aware": false,"Async Capable": false,"Join Type": "Inner","Startup Cost": 7.38,"Total Cost": 244.58,"Plan Rows": 400,"Plan Width": 4,"Actual Startup Time": 0.189,"Actual Total Time": 1.751,"Actual Rows": 401,"Actual Loops": 1,"Inner Unique": false,"Plans": [{"Node Type": "Seq Scan","Parent Relationship": "Outer","Parallel Aware": false,"Async Capable": false,"Relation Name": "nation","Alias": "nation_1","Startup Cost": 0.00,"Total Cost": 1.31,"Plan Rows": 1,"Plan Width": 4,"Actual Startup Time": 0.044,"Actual Total Time": 0.061,"Actual Rows": 1,"Actual Loops": 1,"Filter": "(n_name = 'RUSSIA'::bpchar)","Rows Removed by Filter": 24},{"Node Type": "Bitmap Heap Scan","Parent Relationship": "Inner","Parallel Aware": false,"Async Capable": false,"Relation Name": "supplier","Alias": "supplier_1","Startup Cost": 7.38,"Total Cost": 239.27,"Plan Rows": 400,"Plan Width": 8,"Actual Startup Time": 0.130,"Actual Total Time": 1.632,"Actual Rows": 401,"Actual Loops": 1,"Recheck Cond": "(s_nationkey = nation_1.n_nationkey)","Rows Removed by Index Recheck": 0,"Exact Heap Blocks": 180,"Lossy Heap Blocks": 0,"Plans": [{"Node Type": "Bitmap Index Scan","Parent Relationship": "Outer","Parallel Aware": false,"Async Capable": false,"Index Name": "idx_supplier_nation_key","Startup Cost": 0.00,"Total Cost": 7.29,"Plan Rows": 400,"Plan Width": 0,"Actual Startup Time": 0.092,"Actual Total Time": 0.094,"Actual Rows": 401,"Actual Loops": 1,"Index Cond": "(s_nationkey = nation_1.n_nationkey)"}]}]},{"Node Type": "Index Scan","Parent Relationship": "Inner","Parallel Aware": false,"Async Capable": false,"Scan Direction": "Forward","Index Name": "idx_partsupp_suppkey","Relation Name": "partsupp","Alias": "partsupp_1","Startup Cost": 0.42,"Total Cost": 9.07,"Plan Rows": 80,"Plan Width": 14,"Actual Startup Time": 0.014,"Actual Total Time": 0.291,"Actual Rows": 80,"Actual Loops": 401,"Index Cond": "(ps_suppkey = supplier_1.s_suppkey)","Rows Removed by Index Recheck": 0}]}]},{"Node Type": "Aggregate","Strategy": "Hashed","Partial Mode": "Simple","Parent Relationship": "Outer","Parallel Aware": false,"Async Capable": false,"Startup Cost": 4514.26,"Total Cost": 4994.26,"Plan Rows": 10667,"Plan Width": 36,"Actual Startup Time": 367.075,"Actual Total Time": 438.260,"Actual Rows": 919,"Actual Loops": 1,"Group Key": ["partsupp.ps_partkey"],"Filter": "(sum((partsupp.ps_supplycost * (partsupp.ps_availqty)::numeric)) > $2)","Planned Partitions": 0,"HashAgg Batches": 1,"Peak Memory Usage": 17937,"Disk Usage": 0,"Rows Removed by Filter": 29289,"Plans": [{"Node Type": "Nested Loop","Parent Relationship": "Outer","Parallel Aware": false,"Async Capable": false,"Join Type": "Inner","Startup Cost": 7.81,"Total Cost": 4194.26,"Plan Rows": 32000,"Plan Width": 14,"Actual Startup Time": 0.388,"Actual Total Time": 194.500,"Actual Rows": 32080,"Actual Loops": 1,"Inner Unique": false,"Plans": [{"Node Type": "Nested Loop","Parent Relationship": "Outer","Parallel Aware": false,"Async Capable": false,"Join Type": "Inner","Startup Cost": 7.38,"Total Cost": 244.58,"Plan Rows": 400,"Plan Width": 4,"Actual Startup Time": 0.281,"Actual Total Time": 2.675,"Actual Rows": 401,"Actual Loops": 1,"Inner Unique": false,"Plans": [{"Node Type": "Seq Scan","Parent Relationship": "Outer","Parallel Aware": false,"Async Capable": false,"Relation Name": "nation","Alias": "nation","Startup Cost": 0.00,"Total Cost": 1.31,"Plan Rows": 1,"Plan Width": 4,"Actual Startup Time": 0.057,"Actual Total Time": 0.080,"Actual Rows": 1,"Actual Loops": 1,"Filter": "(n_name = 'RUSSIA'::bpchar)","Rows Removed by Filter": 24},{"Node Type": "Bitmap Heap Scan","Parent Relationship": "Inner","Parallel Aware": false,"Async Capable": false,"Relation Name": "supplier","Alias": "supplier","Startup Cost": 7.38,"Total Cost": 239.27,"Plan Rows": 400,"Plan Width": 8,"Actual Startup Time": 0.220,"Actual Total Time": 2.546,"Actual Rows": 401,"Actual Loops": 1,"Recheck Cond": "(s_nationkey = nation.n_nationkey)","Rows Removed by Index Recheck": 0,"Exact Heap Blocks": 180,"Lossy Heap Blocks": 0,"Plans": [{"Node Type": "Bitmap Index Scan","Parent Relationship": "Outer","Parallel Aware": false,"Async Capable": false,"Index Name": "idx_supplier_nation_key","Startup Cost": 0.00,"Total Cost": 7.29,"Plan Rows": 400,"Plan Width": 0,"Actual Startup Time": 0.151,"Actual Total Time": 0.154,"Actual Rows": 401,"Actual Loops": 1,"Index Cond": "(s_nationkey = nation.n_nationkey)"}]}]},{"Node Type": "Index Scan","Parent Relationship": "Inner","Parallel Aware": false,"Async Capable": false,"Scan Direction": "Forward","Index Name": "idx_partsupp_suppkey","Relation Name": "partsupp","Alias": "partsupp","Startup Cost": 0.42,"Total Cost": 9.07,"Plan Rows": 80,"Plan Width": 18,"Actual Startup Time": 0.018,"Actual Total Time": 0.467,"Actual Rows": 80,"Actual Loops": 401,"Index Cond": "(ps_suppkey = supplier.s_suppkey)","Rows Removed by Index Recheck": 0}]}]}]},"Planning Time": 6.216,"Triggers": [],"Execution Time": 442.343}]
[{"Plan": {"Node Type": "Sort","Parallel Aware": false,"Async Capable": false,"Startup Cost": 10142.20,"Total Cost": 10168.87,"Plan Rows": 10667,"Plan Width": 36,"Actual Startup Time": 464.748,"Actual Total Time": 464.880,"Actual Rows": 665,"Actual Loops": 1,"Sort Key": ["(sum((partsupp.ps_supplycost * (partsupp.ps_availqty)::numeric))) DESC"],"Sort Method": "quicksort","Sort Space Used": 61,"Sort Space Type": "Memory","Plans": [{"Node Type": "Aggregate","Strategy": "Plain","Partial Mode": "Simple","Parent Relationship": "InitPlan","Subplan Name": "InitPlan 1 (returns $2)","Parallel Aware": false,"Async Capable": false,"Startup Cost": 4434.26,"Total Cost": 4434.27,"Plan Rows": 1,"Plan Width": 32,"Actual Startup Time": 134.444,"Actual Total Time": 134.478,"Actual Rows": 1,"Actual Loops": 1,"Plans": [{"Node Type": "Nested Loop","Parent Relationship": "Outer","Parallel Aware": false,"Async Capable": false,"Join Type": "Inner","Startup Cost": 7.81,"Total Cost": 4194.26,"Plan Rows": 32000,"Plan Width": 10,"Actual Startup Time": 0.195,"Actual Total Time": 126.758,"Actual Rows": 33600,"Actual Loops": 1,"Inner Unique": false,"Plans": [{"Node Type": "Nested Loop","Parent Relationship": "Outer","Parallel Aware": false,"Async Capable": false,"Join Type": "Inner","Startup Cost": 7.38,"Total Cost": 244.58,"Plan Rows": 400,"Plan Width": 4,"Actual Startup Time": 0.143,"Actual Total Time": 1.895,"Actual Rows": 420,"Actual Loops": 1,"Inner Unique": false,"Plans": [{"Node Type": "Seq Scan","Parent Relationship": "Outer","Parallel Aware": false,"Async Capable": false,"Relation Name": "nation","Alias": "nation_1","Startup Cost": 0.00,"Total Cost": 1.31,"Plan Rows": 1,"Plan Width": 4,"Actual Startup Time": 0.024,"Actual Total Time": 0.046,"Actual Rows": 1,"Actual Loops": 1,"Filter": "(n_name = 'ALGERIA'::bpchar)","Rows Removed by Filter": 24},{"Node Type": "Bitmap Heap Scan","Parent Relationship": "Inner","Parallel Aware": false,"Async Capable": false,"Relation Name": "supplier","Alias": "supplier_1","Startup Cost": 7.38,"Total Cost": 239.27,"Plan Rows": 400,"Plan Width": 8,"Actual Startup Time": 0.107,"Actual Total Time": 1.788,"Actual Rows": 420,"Actual Loops": 1,"Recheck Cond": "(s_nationkey = nation_1.n_nationkey)","Rows Removed by Index Recheck": 0,"Exact Heap Blocks": 197,"Lossy Heap Blocks": 0,"Plans": [{"Node Type": "Bitmap Index Scan","Parent Relationship": "Outer","Parallel Aware": false,"Async Capable": false,"Index Name": "idx_supplier_nation_key","Startup Cost": 0.00,"Total Cost": 7.29,"Plan Rows": 400,"Plan Width": 0,"Actual Startup Time": 0.069,"Actual Total Time": 0.076,"Actual Rows": 420,"Actual Loops": 1,"Index Cond": "(s_nationkey = nation_1.n_nationkey)"}]}]},{"Node Type": "Index Scan","Parent Relationship": "Inner","Parallel Aware": false,"Async Capable": false,"Scan Direction": "Forward","Index Name": "idx_partsupp_suppkey","Relation Name": "partsupp","Alias": "partsupp_1","Startup Cost": 0.42,"Total Cost": 9.07,"Plan Rows": 80,"Plan Width": 14,"Actual Startup Time": 0.014,"Actual Total Time": 0.285,"Actual Rows": 80,"Actual Loops": 420,"Index Cond": "(ps_suppkey = supplier_1.s_suppkey)","Rows Removed by Index Recheck": 0}]}]},{"Node Type": "Aggregate","Strategy": "Hashed","Partial Mode": "Simple","Parent Relationship": "Outer","Parallel Aware": false,"Async Capable": false,"Startup Cost": 4514.26,"Total Cost": 4994.26,"Plan Rows": 10667,"Plan Width": 36,"Actual Startup Time": 388.152,"Actual Total Time": 464.346,"Actual Rows": 665,"Actual Loops": 1,"Group Key": ["partsupp.ps_partkey"],"Filter": "(sum((partsupp.ps_supplycost * (partsupp.ps_availqty)::numeric)) > $2)","Planned Partitions": 0,"HashAgg Batches": 1,"Peak Memory Usage": 17937,"Disk Usage": 0,"Rows Removed by Filter": 30920,"Plans": [{"Node Type": "Nested Loop","Parent Relationship": "Outer","Parallel Aware": false,"Async Capable": false,"Join Type": "Inner","Startup Cost": 7.81,"Total Cost": 4194.26,"Plan Rows": 32000,"Plan Width": 14,"Actual Startup Time": 0.388,"Actual Total Time": 207.629,"Actual Rows": 33600,"Actual Loops": 1,"Inner Unique": false,"Plans": [{"Node Type": "Nested Loop","Parent Relationship": "Outer","Parallel Aware": false,"Async Capable": false,"Join Type": "Inner","Startup Cost": 7.38,"Total Cost": 244.58,"Plan Rows": 400,"Plan Width": 4,"Actual Startup Time": 0.274,"Actual Total Time": 2.984,"Actual Rows": 420,"Actual Loops": 1,"Inner Unique": false,"Plans": [{"Node Type": "Seq Scan","Parent Relationship": "Outer","Parallel Aware": false,"Async Capable": false,"Relation Name": "nation","Alias": "nation","Startup Cost": 0.00,"Total Cost": 1.31,"Plan Rows": 1,"Plan Width": 4,"Actual Startup Time": 0.081,"Actual Total Time": 0.099,"Actual Rows": 1,"Actual Loops": 1,"Filter": "(n_name = 'ALGERIA'::bpchar)","Rows Removed by Filter": 24},{"Node Type": "Bitmap Heap Scan","Parent Relationship": "Inner","Parallel Aware": false,"Async Capable": false,"Relation Name": "supplier","Alias": "supplier","Startup Cost": 7.38,"Total Cost": 239.27,"Plan Rows": 400,"Plan Width": 8,"Actual Startup Time": 0.184,"Actual Total Time": 2.823,"Actual Rows": 420,"Actual Loops": 1,"Recheck Cond": "(s_nationkey = nation.n_nationkey)","Rows Removed by Index Recheck": 0,"Exact Heap Blocks": 197,"Lossy Heap Blocks": 0,"Plans": [{"Node Type": "Bitmap Index Scan","Parent Relationship": "Outer","Parallel Aware": false,"Async Capable": false,"Index Name": "idx_supplier_nation_key","Startup Cost": 0.00,"Total Cost": 7.29,"Plan Rows": 400,"Plan Width": 0,"Actual Startup Time": 0.105,"Actual Total Time": 0.106,"Actual Rows": 420,"Actual Loops": 1,"Index Cond": "(s_nationkey = nation.n_nationkey)"}]}]},{"Node Type": "Index Scan","Parent Relationship": "Inner","Parallel Aware": false,"Async Capable": false,"Scan Direction": "Forward","Index Name": "idx_partsupp_suppkey","Relation Name": "partsupp","Alias": "partsupp","Startup Cost": 0.42,"Total Cost": 9.07,"Plan Rows": 80,"Plan Width": 18,"Actual Startup Time": 0.019,"Actual Total Time": 0.475,"Actual Rows": 80,"Actual Loops": 420,"Index Cond": "(ps_suppkey = supplier.s_suppkey)","Rows Removed by Index Recheck": 0}]}]}]},"Planning Time": 6.930,"Triggers": [],"Execution Time": 468.122}]
[{"Plan": {"Node Type": "Sort","Parallel Aware": false,"Async Capable": false,"Startup Cost": 10142.20,"Total Cost": 10168.87,"Plan Rows": 10667,"Plan Width": 36,"Actual Startup Time": 427.455,"Actual Total Time": 427.551,"Actual Rows": 1289,"Actual Loops": 1,"Sort Key": ["(sum((partsupp.ps_supplycost * (partsupp.ps_availqty)::numeric))) DESC"],"Sort Method": "quicksort","Sort Space Used": 119,"Sort Space Type": "Memory","Plans": [{"Node Type": "Aggregate","Strategy": "Plain","Partial Mode": "Simple","Parent Relationship": "InitPlan","Subplan Name": "InitPlan 1 (returns $2)","Parallel Aware": false,"Async Capable": false,"Startup Cost": 4434.26,"Total Cost": 4434.27,"Plan Rows": 1,"Plan Width": 32,"Actual Startup Time": 127.032,"Actual Total Time": 127.034,"Actual Rows": 1,"Actual Loops": 1,"Plans": [{"Node Type": "Nested Loop","Parent Relationship": "Outer","Parallel Aware": false,"Async Capable": false,"Join Type": "Inner","Startup Cost": 7.81,"Total Cost": 4194.26,"Plan Rows": 32000,"Plan Width": 10,"Actual Startup Time": 0.214,"Actual Total Time": 120.104,"Actual Rows": 29840,"Actual Loops": 1,"Inner Unique": false,"Plans": [{"Node Type": "Nested Loop","Parent Relationship": "Outer","Parallel Aware": false,"Async Capable": false,"Join Type": "Inner","Startup Cost": 7.38,"Total Cost": 244.58,"Plan Rows": 400,"Plan Width": 4,"Actual Startup Time": 0.166,"Actual Total Time": 1.626,"Actual Rows": 373,"Actual Loops": 1,"Inner Unique": false,"Plans": [{"Node Type": "Seq Scan","Parent Relationship": "Outer","Parallel Aware": false,"Async Capable": false,"Relation Name": "nation","Alias": "nation_1","Startup Cost": 0.00,"Total Cost": 1.31,"Plan Rows": 1,"Plan Width": 4,"Actual Startup Time": 0.026,"Actual Total Time": 0.048,"Actual Rows": 1,"Actual Loops": 1,"Filter": "(n_name = 'MOROCCO'::bpchar)","Rows Removed by Filter": 24},{"Node Type": "Bitmap Heap Scan","Parent Relationship": "Inner","Parallel Aware": false,"Async Capable": false,"Relation Name": "supplier","Alias": "supplier_1","Startup Cost": 7.38,"Total Cost": 239.27,"Plan Rows": 400,"Plan Width": 8,"Actual Startup Time": 0.118,"Actual Total Time": 1.519,"Actual Rows": 373,"Actual Loops": 1,"Recheck Cond": "(s_nationkey = nation_1.n_nationkey)","Rows Removed by Index Recheck": 0,"Exact Heap Blocks": 180,"Lossy Heap Blocks": 0,"Plans": [{"Node Type": "Bitmap Index Scan","Parent Relationship": "Outer","Parallel Aware": false,"Async Capable": false,"Index Name": "idx_supplier_nation_key","Startup Cost": 0.00,"Total Cost": 7.29,"Plan Rows": 400,"Plan Width": 0,"Actual Startup Time": 0.076,"Actual Total Time": 0.076,"Actual Rows": 373,"Actual Loops": 1,"Index Cond": "(s_nationkey = nation_1.n_nationkey)"}]}]},{"Node Type": "Index Scan","Parent Relationship": "Inner","Parallel Aware": false,"Async Capable": false,"Scan Direction": "Forward","Index Name": "idx_partsupp_suppkey","Relation Name": "partsupp","Alias": "partsupp_1","Startup Cost": 0.42,"Total Cost": 9.07,"Plan Rows": 80,"Plan Width": 14,"Actual Startup Time": 0.015,"Actual Total Time": 0.305,"Actual Rows": 80,"Actual Loops": 373,"Index Cond": "(ps_suppkey = supplier_1.s_suppkey)","Rows Removed by Index Recheck": 0}]}]},{"Node Type": "Aggregate","Strategy": "Hashed","Partial Mode": "Simple","Parent Relationship": "Outer","Parallel Aware": false,"Async Capable": false,"Startup Cost": 4514.26,"Total Cost": 4994.26,"Plan Rows": 10667,"Plan Width": 36,"Actual Startup Time": 361.188,"Actual Total Time": 426.914,"Actual Rows": 1289,"Actual Loops": 1,"Group Key": ["partsupp.ps_partkey"],"Filter": "(sum((partsupp.ps_supplycost * (partsupp.ps_availqty)::numeric)) > $2)","Planned Partitions": 0,"HashAgg Batches": 1,"Peak Memory Usage": 17937,"Disk Usage": 0,"Rows Removed by Filter": 26965,"Plans": [{"Node Type": "Nested Loop","Parent Relationship": "Outer","Parallel Aware": false,"Async Capable": false,"Join Type": "Inner","Startup Cost": 7.81,"Total Cost": 4194.26,"Plan Rows": 32000,"Plan Width": 14,"Actual Startup Time": 0.390,"Actual Total Time": 190.362,"Actual Rows": 29840,"Actual Loops": 1,"Inner Unique": false,"Plans": [{"Node Type": "Nested Loop","Parent Relationship": "Outer","Parallel Aware": false,"Async Capable": false,"Join Type": "Inner","Startup Cost": 7.38,"Total Cost": 244.58,"Plan Rows": 400,"Plan Width": 4,"Actual Startup Time": 0.321,"Actual Total Time": 2.795,"Actual Rows": 373,"Actual Loops": 1,"Inner Unique": false,"Plans": [{"Node Type": "Seq Scan","Parent Relationship": "Outer","Parallel Aware": false,"Async Capable": false,"Relation Name": "nation","Alias": "nation","Startup Cost": 0.00,"Total Cost": 1.31,"Plan Rows": 1,"Plan Width": 4,"Actual Startup Time": 0.071,"Actual Total Time": 0.095,"Actual Rows": 1,"Actual Loops": 1,"Filter": "(n_name = 'MOROCCO'::bpchar)","Rows Removed by Filter": 24},{"Node Type": "Bitmap Heap Scan","Parent Relationship": "Inner","Parallel Aware": false,"Async Capable": false,"Relation Name": "supplier","Alias": "supplier","Startup Cost": 7.38,"Total Cost": 239.27,"Plan Rows": 400,"Plan Width": 8,"Actual Startup Time": 0.245,"Actual Total Time": 2.650,"Actual Rows": 373,"Actual Loops": 1,"Recheck Cond": "(s_nationkey = nation.n_nationkey)","Rows Removed by Index Recheck": 0,"Exact Heap Blocks": 180,"Lossy Heap Blocks": 0,"Plans": [{"Node Type": "Bitmap Index Scan","Parent Relationship": "Outer","Parallel Aware": false,"Async Capable": false,"Index Name": "idx_supplier_nation_key","Startup Cost": 0.00,"Total Cost": 7.29,"Plan Rows": 400,"Plan Width": 0,"Actual Startup Time": 0.159,"Actual Total Time": 0.159,"Actual Rows": 373,"Actual Loops": 1,"Index Cond": "(s_nationkey = nation.n_nationkey)"}]}]},{"Node Type": "Index Scan","Parent Relationship": "Inner","Parallel Aware": false,"Async Capable": false,"Scan Direction": "Forward","Index Name": "idx_partsupp_suppkey","Relation Name": "partsupp","Alias": "partsupp","Startup Cost": 0.42,"Total Cost": 9.07,"Plan Rows": 80,"Plan Width": 18,"Actual Startup Time": 0.021,"Actual Total Time": 0.491,"Actual Rows": 80,"Actual Loops": 373,"Index Cond": "(ps_suppkey = supplier.s_suppkey)","Rows Removed by Index Recheck": 0}]}]}]},"Planning Time": 6.174,"Triggers": [],"Execution Time": 430.247}]
[{"Plan": {"Node Type": "Sort","Parallel Aware": false,"Async Capable": false,"Startup Cost": 10142.20,"Total Cost": 10168.87,"Plan Rows": 10667,"Plan Width": 36,"Actual Startup Time": 438.718,"Actual Total Time": 438.846,"Actual Rows": 919,"Actual Loops": 1,"Sort Key": ["(sum((partsupp.ps_supplycost * (partsupp.ps_availqty)::numeric))) DESC"],"Sort Method": "quicksort","Sort Space Used": 75,"Sort Space Type": "Memory","Plans": [{"Node Type": "Aggregate","Strategy": "Plain","Partial Mode": "Simple","Parent Relationship": "InitPlan","Subplan Name": "InitPlan 1 (returns $2)","Parallel Aware": false,"Async Capable": false,"Startup Cost": 4434.26,"Total Cost": 4434.27,"Plan Rows": 1,"Plan Width": 32,"Actual Startup Time": 130.550,"Actual Total Time": 130.572,"Actual Rows": 1,"Actual Loops": 1,"Plans": [{"Node Type": "Nested Loop","Parent Relationship": "Outer","Parallel Aware": false,"Async Capable": false,"Join Type": "Inner","Startup Cost": 7.81,"Total Cost": 4194.26,"Plan Rows": 32000,"Plan Width": 10,"Actual Startup Time": 0.239,"Actual Total Time": 123.231,"Actual Rows": 32080,"Actual Loops": 1,"Inner Unique": false,"Plans": [{"Node Type": "Nested Loop","Parent Relationship": "Outer","Parallel Aware": false,"Async Capable": false,"Join Type": "Inner","Startup Cost": 7.38,"Total Cost": 244.58,"Plan Rows": 400,"Plan Width": 4,"Actual Startup Time": 0.189,"Actual Total Time": 1.751,"Actual Rows": 401,"Actual Loops": 1,"Inner Unique": false,"Plans": [{"Node Type": "Seq Scan","Parent Relationship": "Outer","Parallel Aware": false,"Async Capable": false,"Relation Name": "nation","Alias": "nation_1","Startup Cost": 0.00,"Total Cost": 1.31,"Plan Rows": 1,"Plan Width": 4,"Actual Startup Time": 0.044,"Actual Total Time": 0.061,"Actual Rows": 1,"Actual Loops": 1,"Filter": "(n_name = 'RUSSIA'::bpchar)","Rows Removed by Filter": 24},{"Node Type": "Bitmap Heap Scan","Parent Relationship": "Inner","Parallel Aware": false,"Async Capable": false,"Relation Name": "supplier","Alias": "supplier_1","Startup Cost": 7.38,"Total Cost": 239.27,"Plan Rows": 400,"Plan Width": 8,"Actual Startup Time": 0.130,"Actual Total Time": 1.632,"Actual Rows": 401,"Actual Loops": 1,"Recheck Cond": "(s_nationkey = nation_1.n_nationkey)","Rows Removed by Index Recheck": 0,"Exact Heap Blocks": 180,"Lossy Heap Blocks": 0,"Plans": [{"Node Type": "Bitmap Index Scan","Parent Relationship": "Outer","Parallel Aware": false,"Async Capable": false,"Index Name": "idx_supplier_nation_key","Startup Cost": 0.00,"Total Cost": 7.29,"Plan Rows": 400,"Plan Width": 0,"Actual Startup Time": 0.092,"Actual Total Time": 0.094,"Actual Rows": 401,"Actual Loops": 1,"Index Cond": "(s_nationkey = nation_1.n_nationkey)"}]}]},{"Node Type": "Index Scan","Parent Relationship": "Inner","Parallel Aware": false,"Async Capable": false,"Scan Direction": "Forward","Index Name": "idx_partsupp_suppkey","Relation Name": "partsupp","Alias": "partsupp_1","Startup Cost": 0.42,"Total Cost": 9.07,"Plan Rows": 80,"Plan Width": 14,"Actual Startup Time": 0.014,"Actual Total Time": 0.291,"Actual Rows": 80,"Actual Loops": 401,"Index Cond": "(ps_suppkey = supplier_1.s_suppkey)","Rows Removed by Index Recheck": 0}]}]},{"Node Type": "Aggregate","Strategy": "Hashed","Partial Mode": "Simple","Parent Relationship": "Outer","Parallel Aware": false,"Async Capable": false,"Startup Cost": 4514.26,"Total Cost": 4994.26,"Plan Rows": 10667,"Plan Width": 36,"Actual Startup Time": 367.075,"Actual Total Time": 438.260,"Actual Rows": 919,"Actual Loops": 1,"Group Key": ["partsupp.ps_partkey"],"Filter": "(sum((partsupp.ps_supplycost * (partsupp.ps_availqty)::numeric)) > $2)","Planned Partitions": 0,"HashAgg Batches": 1,"Peak Memory Usage": 17937,"Disk Usage": 0,"Rows Removed by Filter": 29289,"Plans": [{"Node Type": "Nested Loop","Parent Relationship": "Outer","Parallel Aware": false,"Async Capable": false,"Join Type": "Inner","Startup Cost": 7.81,"Total Cost": 4194.26,"Plan Rows": 32000,"Plan Width": 14,"Actual Startup Time": 0.388,"Actual Total Time": 194.500,"Actual Rows": 32080,"Actual Loops": 1,"Inner Unique": false,"Plans": [{"Node Type": "Nested Loop","Parent Relationship": "Outer","Parallel Aware": false,"Async Capable": false,"Join Type": "Inner","Startup Cost": 7.38,"Total Cost": 244.58,"Plan Rows": 400,"Plan Width": 4,"Actual Startup Time": 0.281,"Actual Total Time": 2.675,"Actual Rows": 401,"Actual Loops": 1,"Inner Unique": false,"Plans": [{"Node Type": "Seq Scan","Parent Relationship": "Outer","Parallel Aware": false,"Async Capable": false,"Relation Name": "nation","Alias": "nation","Startup Cost": 0.00,"Total Cost": 1.31,"Plan Rows": 1,"Plan Width": 4,"Actual Startup Time": 0.057,"Actual Total Time": 0.080,"Actual Rows": 1,"Actual Loops": 1,"Filter": "(n_name = 'RUSSIA'::bpchar)","Rows Removed by Filter": 24},{"Node Type": "Bitmap Heap Scan","Parent Relationship": "Inner","Parallel Aware": false,"Async Capable": false,"Relation Name": "supplier","Alias": "supplier","Startup Cost": 7.38,"Total Cost": 239.27,"Plan Rows": 400,"Plan Width": 8,"Actual Startup Time": 0.220,"Actual Total Time": 2.546,"Actual Rows": 401,"Actual Loops": 1,"Recheck Cond": "(s_nationkey = nation.n_nationkey)","Rows Removed by Index Recheck": 0,"Exact Heap Blocks": 180,"Lossy Heap Blocks": 0,"Plans": [{"Node Type": "Bitmap Index Scan","Parent Relationship": "Outer","Parallel Aware": false,"Async Capable": false,"Index Name": "idx_supplier_nation_key","Startup Cost": 0.00,"Total Cost": 7.29,"Plan Rows": 400,"Plan Width": 0,"Actual Startup Time": 0.151,"Actual Total Time": 0.154,"Actual Rows": 401,"Actual Loops": 1,"Index Cond": "(s_nationkey = nation.n_nationkey)"}]}]},{"Node Type": "Index Scan","Parent Relationship": "Inner","Parallel Aware": false,"Async Capable": false,"Scan Direction": "Forward","Index Name": "idx_partsupp_suppkey","Relation Name": "partsupp","Alias": "partsupp","Startup Cost": 0.42,"Total Cost": 9.07,"Plan Rows": 80,"Plan Width": 18,"Actual Startup Time": 0.018,"Actual Total Time": 0.467,"Actual Rows": 80,"Actual Loops": 401,"Index Cond": "(ps_suppkey = supplier.s_suppkey)","Rows Removed by Index Recheck": 0}]}]}]},"Planning Time": 6.216,"Triggers": [],"Execution Time": 442.343}]
[{"Plan": {"Node Type": "Sort","Parallel Aware": false,"Async Capable": false,"Startup Cost": 10142.20,"Total Cost": 10168.87,"Plan Rows": 10667,"Plan Width": 36,"Actual Startup Time": 400.788,"Actual Total Time": 400.942,"Actual Rows": 1469,"Actual Loops": 1,"Sort Key": ["(sum((partsupp.ps_supplycost * (partsupp.ps_availqty)::numeric))) DESC"],"Sort Method": "quicksort","Sort Space Used": 129,"Sort Space Type": "Memory","Plans": [{"Node Type": "Aggregate","Strategy": "Plain","Partial Mode": "Simple","Parent Relationship": "InitPlan","Subplan Name": "InitPlan 1 (returns $2)","Parallel Aware": false,"Async Capable": false,"Startup Cost": 4434.26,"Total Cost": 4434.27,"Plan Rows": 1,"Plan Width": 32,"Actual Startup Time": 117.250,"Actual Total Time": 117.272,"Actual Rows": 1,"Actual Loops": 1,"Plans": [{"Node Type": "Nested Loop","Parent Relationship": "Outer","Parallel Aware": false,"Async Capable": false,"Join Type": "Inner","Startup Cost": 7.81,"Total Cost": 4194.26,"Plan Rows": 32000,"Plan Width": 10,"Actual Startup Time": 0.216,"Actual Total Time": 110.575,"Actual Rows": 28960,"Actual Loops": 1,"Inner Unique": false,"Plans": [{"Node Type": "Nested Loop","Parent Relationship": "Outer","Parallel Aware": false,"Async Capable": false,"Join Type": "Inner","Startup Cost": 7.38,"Total Cost": 244.58,"Plan Rows": 400,"Plan Width": 4,"Actual Startup Time": 0.161,"Actual Total Time": 1.515,"Actual Rows": 362,"Actual Loops": 1,"Inner Unique": false,"Plans": [{"Node Type": "Seq Scan","Parent Relationship": "Outer","Parallel Aware": false,"Async Capable": false,"Relation Name": "nation","Alias": "nation_1","Startup Cost": 0.00,"Total Cost": 1.31,"Plan Rows": 1,"Plan Width": 4,"Actual Startup Time": 0.032,"Actual Total Time": 0.051,"Actual Rows": 1,"Actual Loops": 1,"Filter": "(n_name = 'JORDAN'::bpchar)","Rows Removed by Filter": 24},{"Node Type": "Bitmap Heap Scan","Parent Relationship": "Inner","Parallel Aware": false,"Async Capable": false,"Relation Name": "supplier","Alias": "supplier_1","Startup Cost": 7.38,"Total Cost": 239.27,"Plan Rows": 400,"Plan Width": 8,"Actual Startup Time": 0.117,"Actual Total Time": 1.415,"Actual Rows": 362,"Actual Loops": 1,"Recheck Cond": "(s_nationkey = nation_1.n_nationkey)","Rows Removed by Index Recheck": 0,"Exact Heap Blocks": 166,"Lossy Heap Blocks": 0,"Plans": [{"Node Type": "Bitmap Index Scan","Parent Relationship": "Outer","Parallel Aware": false,"Async Capable": false,"Index Name": "idx_supplier_nation_key","Startup Cost": 0.00,"Total Cost": 7.29,"Plan Rows": 400,"Plan Width": 0,"Actual Startup Time": 0.075,"Actual Total Time": 0.079,"Actual Rows": 362,"Actual Loops": 1,"Index Cond": "(s_nationkey = nation_1.n_nationkey)"}]}]},{"Node Type": "Index Scan","Parent Relationship": "Inner","Parallel Aware": false,"Async Capable": false,"Scan Direction": "Forward","Index Name": "idx_partsupp_suppkey","Relation Name": "partsupp","Alias": "partsupp_1","Startup Cost": 0.42,"Total Cost": 9.07,"Plan Rows": 80,"Plan Width": 14,"Actual Startup Time": 0.014,"Actual Total Time": 0.289,"Actual Rows": 80,"Actual Loops": 362,"Index Cond": "(ps_suppkey = supplier_1.s_suppkey)","Rows Removed by Index Recheck": 0}]}]},{"Node Type": "Aggregate","Strategy": "Hashed","Partial Mode": "Simple","Parent Relationship": "Outer","Parallel Aware": false,"Async Capable": false,"Startup Cost": 4514.26,"Total Cost": 4994.26,"Plan Rows": 10667,"Plan Width": 36,"Actual Startup Time": 338.606,"Actual Total Time": 400.138,"Actual Rows": 1469,"Actual Loops": 1,"Group Key": ["partsupp.ps_partkey"],"Filter": "(sum((partsupp.ps_supplycost * (partsupp.ps_availqty)::numeric)) > $2)","Planned Partitions": 0,"HashAgg Batches": 1,"Peak Memory Usage": 17937,"Disk Usage": 0,"Rows Removed by Filter": 25896,"Plans": [{"Node Type": "Nested Loop","Parent Relationship": "Outer","Parallel Aware": false,"Async Capable": false,"Join Type": "Inner","Startup Cost": 7.81,"Total Cost": 4194.26,"Plan Rows": 32000,"Plan Width": 14,"Actual Startup Time": 0.314,"Actual Total Time": 181.118,"Actual Rows": 28960,"Actual Loops": 1,"Inner Unique": false,"Plans": [{"Node Type": "Nested Loop","Parent Relationship": "Outer","Parallel Aware": false,"Async Capable": false,"Join Type": "Inner","Startup Cost": 7.38,"Total Cost": 244.58,"Plan Rows": 400,"Plan Width": 4,"Actual Startup Time": 0.258,"Actual Total Time": 2.692,"Actual Rows": 362,"Actual Loops": 1,"Inner Unique": false,"Plans": [{"Node Type": "Seq Scan","Parent Relationship": "Outer","Parallel Aware": false,"Async Capable": false,"Relation Name": "nation","Alias": "nation","Startup Cost": 0.00,"Total Cost": 1.31,"Plan Rows": 1,"Plan Width": 4,"Actual Startup Time": 0.077,"Actual Total Time": 0.107,"Actual Rows": 1,"Actual Loops": 1,"Filter": "(n_name = 'JORDAN'::bpchar)","Rows Removed by Filter": 24},{"Node Type": "Bitmap Heap Scan","Parent Relationship": "Inner","Parallel Aware": false,"Async Capable": false,"Relation Name": "supplier","Alias": "supplier","Startup Cost": 7.38,"Total Cost": 239.27,"Plan Rows": 400,"Plan Width": 8,"Actual Startup Time": 0.172,"Actual Total Time": 2.539,"Actual Rows": 362,"Actual Loops": 1,"Recheck Cond": "(s_nationkey = nation.n_nationkey)","Rows Removed by Index Recheck": 0,"Exact Heap Blocks": 166,"Lossy Heap Blocks": 0,"Plans": [{"Node Type": "Bitmap Index Scan","Parent Relationship": "Outer","Parallel Aware": false,"Async Capable": false,"Index Name": "idx_supplier_nation_key","Startup Cost": 0.00,"Total Cost": 7.29,"Plan Rows": 400,"Plan Width": 0,"Actual Startup Time": 0.117,"Actual Total Time": 0.118,"Actual Rows": 362,"Actual Loops": 1,"Index Cond": "(s_nationkey = nation.n_nationkey)"}]}]},{"Node Type": "Index Scan","Parent Relationship": "Inner","Parallel Aware": false,"Async Capable": false,"Scan Direction": "Forward","Index Name": "idx_partsupp_suppkey","Relation Name": "partsupp","Alias": "partsupp","Startup Cost": 0.42,"Total Cost": 9.07,"Plan Rows": 80,"Plan Width": 18,"Actual Startup Time": 0.019,"Actual Total Time": 0.481,"Actual Rows": 80,"Actual Loops": 362,"Index Cond": "(ps_suppkey = supplier.s_suppkey)","Rows Removed by Index Recheck": 0}]}]}]},"Planning Time": 6.843,"Triggers": [],"Execution Time": 403.999}]
[{"Plan": {"Node Type": "Sort","Parallel Aware": false,"Async Capable": false,"Startup Cost": 10142.20,"Total Cost": 10168.87,"Plan Rows": 10667,"Plan Width": 36,"Actual Startup Time": 453.468,"Actual Total Time": 453.579,"Actual Rows": 699,"Actual Loops": 1,"Sort Key": ["(sum((partsupp.ps_supplycost * (partsupp.ps_availqty)::numeric))) DESC"],"Sort Method": "quicksort","Sort Space Used": 63,"Sort Space Type": "Memory","Plans": [{"Node Type": "Aggregate","Strategy": "Plain","Partial Mode": "Simple","Parent Relationship": "InitPlan","Subplan Name": "InitPlan 1 (returns $2)","Parallel Aware": false,"Async Capable": false,"Startup Cost": 4434.26,"Total Cost": 4434.27,"Plan Rows": 1,"Plan Width": 32,"Actual Startup Time": 131.382,"Actual Total Time": 131.405,"Actual Rows": 1,"Actual Loops": 1,"Plans": [{"Node Type": "Nested Loop","Parent Relationship": "Outer","Parallel Aware": false,"Async Capable": false,"Join Type": "Inner","Startup Cost": 7.81,"Total Cost": 4194.26,"Plan Rows": 32000,"Plan Width": 10,"Actual Startup Time": 0.203,"Actual Total Time": 123.789,"Actual Rows": 33200,"Actual Loops": 1,"Inner Unique": false,"Plans": [{"Node Type": "Nested Loop","Parent Relationship": "Outer","Parallel Aware": false,"Async Capable": false,"Join Type": "Inner","Startup Cost": 7.38,"Total Cost": 244.58,"Plan Rows": 400,"Plan Width": 4,"Actual Startup Time": 0.149,"Actual Total Time": 1.767,"Actual Rows": 415,"Actual Loops": 1,"Inner Unique": false,"Plans": [{"Node Type": "Seq Scan","Parent Relationship": "Outer","Parallel Aware": false,"Async Capable": false,"Relation Name": "nation","Alias": "nation_1","Startup Cost": 0.00,"Total Cost": 1.31,"Plan Rows": 1,"Plan Width": 4,"Actual Startup Time": 0.027,"Actual Total Time": 0.047,"Actual Rows": 1,"Actual Loops": 1,"Filter": "(n_name = 'EGYPT'::bpchar)","Rows Removed by Filter": 24},{"Node Type": "Bitmap Heap Scan","Parent Relationship": "Inner","Parallel Aware": false,"Async Capable": false,"Relation Name": "supplier","Alias": "supplier_1","Startup Cost": 7.38,"Total Cost": 239.27,"Plan Rows": 400,"Plan Width": 8,"Actual Startup Time": 0.105,"Actual Total Time": 1.654,"Actual Rows": 415,"Actual Loops": 1,"Recheck Cond": "(s_nationkey = nation_1.n_nationkey)","Rows Removed by Index Recheck": 0,"Exact Heap Blocks": 183,"Lossy Heap Blocks": 0,"Plans": [{"Node Type": "Bitmap Index Scan","Parent Relationship": "Outer","Parallel Aware": false,"Async Capable": false,"Index Name": "idx_supplier_nation_key","Startup Cost": 0.00,"Total Cost": 7.29,"Plan Rows": 400,"Plan Width": 0,"Actual Startup Time": 0.070,"Actual Total Time": 0.074,"Actual Rows": 415,"Actual Loops": 1,"Index Cond": "(s_nationkey = nation_1.n_nationkey)"}]}]},{"Node Type": "Index Scan","Parent Relationship": "Inner","Parallel Aware": false,"Async Capable": false,"Scan Direction": "Forward","Index Name": "idx_partsupp_suppkey","Relation Name": "partsupp","Alias": "partsupp_1","Startup Cost": 0.42,"Total Cost": 9.07,"Plan Rows": 80,"Plan Width": 14,"Actual Startup Time": 0.014,"Actual Total Time": 0.282,"Actual Rows": 80,"Actual Loops": 415,"Index Cond": "(ps_suppkey = supplier_1.s_suppkey)","Rows Removed by Index Recheck": 0}]}]},{"Node Type": "Aggregate","Strategy": "Hashed","Partial Mode": "Simple","Parent Relationship": "Outer","Parallel Aware": false,"Async Capable": false,"Startup Cost": 4514.26,"Total Cost": 4994.26,"Plan Rows": 10667,"Plan Width": 36,"Actual Startup Time": 379.250,"Actual Total Time": 453.099,"Actual Rows": 699,"Actual Loops": 1,"Group Key": ["partsupp.ps_partkey"],"Filter": "(sum((partsupp.ps_supplycost * (partsupp.ps_availqty)::numeric)) > $2)","Planned Partitions": 0,"HashAgg Batches": 1,"Peak Memory Usage": 17937,"Disk Usage": 0,"Rows Removed by Filter": 30398,"Plans": [{"Node Type": "Nested Loop","Parent Relationship": "Outer","Parallel Aware": false,"Async Capable": false,"Join Type": "Inner","Startup Cost": 7.81,"Total Cost": 4194.26,"Plan Rows": 32000,"Plan Width": 14,"Actual Startup Time": 0.395,"Actual Total Time": 204.247,"Actual Rows": 33200,"Actual Loops": 1,"Inner Unique": false,"Plans": [{"Node Type": "Nested Loop","Parent Relationship": "Outer","Parallel Aware": false,"Async Capable": false,"Join Type": "Inner","Startup Cost": 7.38,"Total Cost": 244.58,"Plan Rows": 400,"Plan Width": 4,"Actual Startup Time": 0.281,"Actual Total Time": 2.800,"Actual Rows": 415,"Actual Loops": 1,"Inner Unique": false,"Plans": [{"Node Type": "Seq Scan","Parent Relationship": "Outer","Parallel Aware": false,"Async Capable": false,"Relation Name": "nation","Alias": "nation","Startup Cost": 0.00,"Total Cost": 1.31,"Plan Rows": 1,"Plan Width": 4,"Actual Startup Time": 0.068,"Actual Total Time": 0.091,"Actual Rows": 1,"Actual Loops": 1,"Filter": "(n_name = 'EGYPT'::bpchar)","Rows Removed by Filter": 24},{"Node Type": "Bitmap Heap Scan","Parent Relationship": "Inner","Parallel Aware": false,"Async Capable": false,"Relation Name": "supplier","Alias": "supplier","Startup Cost": 7.38,"Total Cost": 239.27,"Plan Rows": 400,"Plan Width": 8,"Actual Startup Time": 0.209,"Actual Total Time": 2.654,"Actual Rows": 415,"Actual Loops": 1,"Recheck Cond": "(s_nationkey = nation.n_nationkey)","Rows Removed by Index Recheck": 0,"Exact Heap Blocks": 183,"Lossy Heap Blocks": 0,"Plans": [{"Node Type": "Bitmap Index Scan","Parent Relationship": "Outer","Parallel Aware": false,"Async Capable": false,"Index Name": "idx_supplier_nation_key","Startup Cost": 0.00,"Total Cost": 7.29,"Plan Rows": 400,"Plan Width": 0,"Actual Startup Time": 0.130,"Actual Total Time": 0.132,"Actual Rows": 415,"Actual Loops": 1,"Index Cond": "(s_nationkey = nation.n_nationkey)"}]}]},{"Node Type": "Index Scan","Parent Relationship": "Inner","Parallel Aware": false,"Async Capable": false,"Scan Direction": "Forward","Index Name": "idx_partsupp_suppkey","Relation Name": "partsupp","Alias": "partsupp","Startup Cost": 0.42,"Total Cost": 9.07,"Plan Rows": 80,"Plan Width": 18,"Actual Startup Time": 0.020,"Actual Total Time": 0.474,"Actual Rows": 80,"Actual Loops": 415,"Index Cond": "(ps_suppkey = supplier.s_suppkey)","Rows Removed by Index Recheck": 0}]}]}]},"Planning Time": 6.818,"Triggers": [],"Execution Time": 456.802}]
[{"Plan": {"Node Type": "Sort","Parallel Aware": false,"Async Capable": false,"Startup Cost": 10142.20,"Total Cost": 10168.87,"Plan Rows": 10667,"Plan Width": 36,"Actual Startup Time": 464.748,"Actual Total Time": 464.880,"Actual Rows": 665,"Actual Loops": 1,"Sort Key": ["(sum((partsupp.ps_supplycost * (partsupp.ps_availqty)::numeric))) DESC"],"Sort Method": "quicksort","Sort Space Used": 61,"Sort Space Type": "Memory","Plans": [{"Node Type": "Aggregate","Strategy": "Plain","Partial Mode": "Simple","Parent Relationship": "InitPlan","Subplan Name": "InitPlan 1 (returns $2)","Parallel Aware": false,"Async Capable": false,"Startup Cost": 4434.26,"Total Cost": 4434.27,"Plan Rows": 1,"Plan Width": 32,"Actual Startup Time": 134.444,"Actual Total Time": 134.478,"Actual Rows": 1,"Actual Loops": 1,"Plans": [{"Node Type": "Nested Loop","Parent Relationship": "Outer","Parallel Aware": false,"Async Capable": false,"Join Type": "Inner","Startup Cost": 7.81,"Total Cost": 4194.26,"Plan Rows": 32000,"Plan Width": 10,"Actual Startup Time": 0.195,"Actual Total Time": 126.758,"Actual Rows": 33600,"Actual Loops": 1,"Inner Unique": false,"Plans": [{"Node Type": "Nested Loop","Parent Relationship": "Outer","Parallel Aware": false,"Async Capable": false,"Join Type": "Inner","Startup Cost": 7.38,"Total Cost": 244.58,"Plan Rows": 400,"Plan Width": 4,"Actual Startup Time": 0.143,"Actual Total Time": 1.895,"Actual Rows": 420,"Actual Loops": 1,"Inner Unique": false,"Plans": [{"Node Type": "Seq Scan","Parent Relationship": "Outer","Parallel Aware": false,"Async Capable": false,"Relation Name": "nation","Alias": "nation_1","Startup Cost": 0.00,"Total Cost": 1.31,"Plan Rows": 1,"Plan Width": 4,"Actual Startup Time": 0.024,"Actual Total Time": 0.046,"Actual Rows": 1,"Actual Loops": 1,"Filter": "(n_name = 'ALGERIA'::bpchar)","Rows Removed by Filter": 24},{"Node Type": "Bitmap Heap Scan","Parent Relationship": "Inner","Parallel Aware": false,"Async Capable": false,"Relation Name": "supplier","Alias": "supplier_1","Startup Cost": 7.38,"Total Cost": 239.27,"Plan Rows": 400,"Plan Width": 8,"Actual Startup Time": 0.107,"Actual Total Time": 1.788,"Actual Rows": 420,"Actual Loops": 1,"Recheck Cond": "(s_nationkey = nation_1.n_nationkey)","Rows Removed by Index Recheck": 0,"Exact Heap Blocks": 197,"Lossy Heap Blocks": 0,"Plans": [{"Node Type": "Bitmap Index Scan","Parent Relationship": "Outer","Parallel Aware": false,"Async Capable": false,"Index Name": "idx_supplier_nation_key","Startup Cost": 0.00,"Total Cost": 7.29,"Plan Rows": 400,"Plan Width": 0,"Actual Startup Time": 0.069,"Actual Total Time": 0.076,"Actual Rows": 420,"Actual Loops": 1,"Index Cond": "(s_nationkey = nation_1.n_nationkey)"}]}]},{"Node Type": "Index Scan","Parent Relationship": "Inner","Parallel Aware": false,"Async Capable": false,"Scan Direction": "Forward","Index Name": "idx_partsupp_suppkey","Relation Name": "partsupp","Alias": "partsupp_1","Startup Cost": 0.42,"Total Cost": 9.07,"Plan Rows": 80,"Plan Width": 14,"Actual Startup Time": 0.014,"Actual Total Time": 0.285,"Actual Rows": 80,"Actual Loops": 420,"Index Cond": "(ps_suppkey = supplier_1.s_suppkey)","Rows Removed by Index Recheck": 0}]}]},{"Node Type": "Aggregate","Strategy": "Hashed","Partial Mode": "Simple","Parent Relationship": "Outer","Parallel Aware": false,"Async Capable": false,"Startup Cost": 4514.26,"Total Cost": 4994.26,"Plan Rows": 10667,"Plan Width": 36,"Actual Startup Time": 388.152,"Actual Total Time": 464.346,"Actual Rows": 665,"Actual Loops": 1,"Group Key": ["partsupp.ps_partkey"],"Filter": "(sum((partsupp.ps_supplycost * (partsupp.ps_availqty)::numeric)) > $2)","Planned Partitions": 0,"HashAgg Batches": 1,"Peak Memory Usage": 17937,"Disk Usage": 0,"Rows Removed by Filter": 30920,"Plans": [{"Node Type": "Nested Loop","Parent Relationship": "Outer","Parallel Aware": false,"Async Capable": false,"Join Type": "Inner","Startup Cost": 7.81,"Total Cost": 4194.26,"Plan Rows": 32000,"Plan Width": 14,"Actual Startup Time": 0.388,"Actual Total Time": 207.629,"Actual Rows": 33600,"Actual Loops": 1,"Inner Unique": false,"Plans": [{"Node Type": "Nested Loop","Parent Relationship": "Outer","Parallel Aware": false,"Async Capable": false,"Join Type": "Inner","Startup Cost": 7.38,"Total Cost": 244.58,"Plan Rows": 400,"Plan Width": 4,"Actual Startup Time": 0.274,"Actual Total Time": 2.984,"Actual Rows": 420,"Actual Loops": 1,"Inner Unique": false,"Plans": [{"Node Type": "Seq Scan","Parent Relationship": "Outer","Parallel Aware": false,"Async Capable": false,"Relation Name": "nation","Alias": "nation","Startup Cost": 0.00,"Total Cost": 1.31,"Plan Rows": 1,"Plan Width": 4,"Actual Startup Time": 0.081,"Actual Total Time": 0.099,"Actual Rows": 1,"Actual Loops": 1,"Filter": "(n_name = 'ALGERIA'::bpchar)","Rows Removed by Filter": 24},{"Node Type": "Bitmap Heap Scan","Parent Relationship": "Inner","Parallel Aware": false,"Async Capable": false,"Relation Name": "supplier","Alias": "supplier","Startup Cost": 7.38,"Total Cost": 239.27,"Plan Rows": 400,"Plan Width": 8,"Actual Startup Time": 0.184,"Actual Total Time": 2.823,"Actual Rows": 420,"Actual Loops": 1,"Recheck Cond": "(s_nationkey = nation.n_nationkey)","Rows Removed by Index Recheck": 0,"Exact Heap Blocks": 197,"Lossy Heap Blocks": 0,"Plans": [{"Node Type": "Bitmap Index Scan","Parent Relationship": "Outer","Parallel Aware": false,"Async Capable": false,"Index Name": "idx_supplier_nation_key","Startup Cost": 0.00,"Total Cost": 7.29,"Plan Rows": 400,"Plan Width": 0,"Actual Startup Time": 0.105,"Actual Total Time": 0.106,"Actual Rows": 420,"Actual Loops": 1,"Index Cond": "(s_nationkey = nation.n_nationkey)"}]}]},{"Node Type": "Index Scan","Parent Relationship": "Inner","Parallel Aware": false,"Async Capable": false,"Scan Direction": "Forward","Index Name": "idx_partsupp_suppkey","Relation Name": "partsupp","Alias": "partsupp","Startup Cost": 0.42,"Total Cost": 9.07,"Plan Rows": 80,"Plan Width": 18,"Actual Startup Time": 0.019,"Actual Total Time": 0.475,"Actual Rows": 80,"Actual Loops": 420,"Index Cond": "(ps_suppkey = supplier.s_suppkey)","Rows Removed by Index Recheck": 0}]}]}]},"Planning Time": 6.930,"Triggers": [],"Execution Time": 468.122}]
[{"Plan": {"Node Type": "Sort","Parallel Aware": false,"Async Capable": false,"Startup Cost": 10142.20,"Total Cost": 10168.87,"Plan Rows": 10667,"Plan Width": 36,"Actual Startup Time": 448.613,"Actual Total Time": 448.730,"Actual Rows": 888,"Actual Loops": 1,"Sort Key": ["(sum((partsupp.ps_supplycost * (partsupp.ps_availqty)::numeric))) DESC"],"Sort Method": "quicksort","Sort Space Used": 73,"Sort Space Type": "Memory","Plans": [{"Node Type": "Aggregate","Strategy": "Plain","Partial Mode": "Simple","Parent Relationship": "InitPlan","Subplan Name": "InitPlan 1 (returns $2)","Parallel Aware": false,"Async Capable": false,"Startup Cost": 4434.26,"Total Cost": 4434.27,"Plan Rows": 1,"Plan Width": 32,"Actual Startup Time": 133.715,"Actual Total Time": 133.740,"Actual Rows": 1,"Actual Loops": 1,"Plans": [{"Node Type": "Nested Loop","Parent Relationship": "Outer","Parallel Aware": false,"Async Capable": false,"Join Type": "Inner","Startup Cost": 7.81,"Total Cost": 4194.26,"Plan Rows": 32000,"Plan Width": 10,"Actual Startup Time": 0.220,"Actual Total Time": 126.229,"Actual Rows": 32400,"Actual Loops": 1,"Inner Unique": false,"Plans": [{"Node Type": "Nested Loop","Parent Relationship": "Outer","Parallel Aware": false,"Async Capable": false,"Join Type": "Inner","Startup Cost": 7.38,"Total Cost": 244.58,"Plan Rows": 400,"Plan Width": 4,"Actual Startup Time": 0.174,"Actual Total Time": 1.918,"Actual Rows": 405,"Actual Loops": 1,"Inner Unique": false,"Plans": [{"Node Type": "Seq Scan","Parent Relationship": "Outer","Parallel Aware": false,"Async Capable": false,"Relation Name": "nation","Alias": "nation_1","Startup Cost": 0.00,"Total Cost": 1.31,"Plan Rows": 1,"Plan Width": 4,"Actual Startup Time": 0.049,"Actual Total Time": 0.070,"Actual Rows": 1,"Actual Loops": 1,"Filter": "(n_name = 'INDONESIA'::bpchar)","Rows Removed by Filter": 24},{"Node Type": "Bitmap Heap Scan","Parent Relationship": "Inner","Parallel Aware": false,"Async Capable": false,"Relation Name": "supplier","Alias": "supplier_1","Startup Cost": 7.38,"Total Cost": 239.27,"Plan Rows": 400,"Plan Width": 8,"Actual Startup Time": 0.105,"Actual Total Time": 1.781,"Actual Rows": 405,"Actual Loops": 1,"Recheck Cond": "(s_nationkey = nation_1.n_nationkey)","Rows Removed by Index Recheck": 0,"Exact Heap Blocks": 192,"Lossy Heap Blocks": 0,"Plans": [{"Node Type": "Bitmap Index Scan","Parent Relationship": "Outer","Parallel Aware": false,"Async Capable": false,"Index Name": "idx_supplier_nation_key","Startup Cost": 0.00,"Total Cost": 7.29,"Plan Rows": 400,"Plan Width": 0,"Actual Startup Time": 0.069,"Actual Total Time": 0.075,"Actual Rows": 405,"Actual Loops": 1,"Index Cond": "(s_nationkey = nation_1.n_nationkey)"}]}]},{"Node Type": "Index Scan","Parent Relationship": "Inner","Parallel Aware": false,"Async Capable": false,"Scan Direction": "Forward","Index Name": "idx_partsupp_suppkey","Relation Name": "partsupp","Alias": "partsupp_1","Startup Cost": 0.42,"Total Cost": 9.07,"Plan Rows": 80,"Plan Width": 14,"Actual Startup Time": 0.014,"Actual Total Time": 0.294,"Actual Rows": 80,"Actual Loops": 405,"Index Cond": "(ps_suppkey = supplier_1.s_suppkey)","Rows Removed by Index Recheck": 0}]}]},{"Node Type": "Aggregate","Strategy": "Hashed","Partial Mode": "Simple","Parent Relationship": "Outer","Parallel Aware": false,"Async Capable": false,"Startup Cost": 4514.26,"Total Cost": 4994.26,"Plan Rows": 10667,"Plan Width": 36,"Actual Startup Time": 376.503,"Actual Total Time": 448.157,"Actual Rows": 888,"Actual Loops": 1,"Group Key": ["partsupp.ps_partkey"],"Filter": "(sum((partsupp.ps_supplycost * (partsupp.ps_availqty)::numeric)) > $2)","Planned Partitions": 0,"HashAgg Batches": 1,"Peak Memory Usage": 17937,"Disk Usage": 0,"Rows Removed by Filter": 29597,"Plans": [{"Node Type": "Nested Loop","Parent Relationship": "Outer","Parallel Aware": false,"Async Capable": false,"Join Type": "Inner","Startup Cost": 7.81,"Total Cost": 4194.26,"Plan Rows": 32000,"Plan Width": 14,"Actual Startup Time": 0.375,"Actual Total Time": 200.721,"Actual Rows": 32400,"Actual Loops": 1,"Inner Unique": false,"Plans": [{"Node Type": "Nested Loop","Parent Relationship": "Outer","Parallel Aware": false,"Async Capable": false,"Join Type": "Inner","Startup Cost": 7.38,"Total Cost": 244.58,"Plan Rows": 400,"Plan Width": 4,"Actual Startup Time": 0.269,"Actual Total Time": 2.791,"Actual Rows": 405,"Actual Loops": 1,"Inner Unique": false,"Plans": [{"Node Type": "Seq Scan","Parent Relationship": "Outer","Parallel Aware": false,"Async Capable": false,"Relation Name": "nation","Alias": "nation","Startup Cost": 0.00,"Total Cost": 1.31,"Plan Rows": 1,"Plan Width": 4,"Actual Startup Time": 0.076,"Actual Total Time": 0.092,"Actual Rows": 1,"Actual Loops": 1,"Filter": "(n_name = 'INDONESIA'::bpchar)","Rows Removed by Filter": 24},{"Node Type": "Bitmap Heap Scan","Parent Relationship": "Inner","Parallel Aware": false,"Async Capable": false,"Relation Name": "supplier","Alias": "supplier","Startup Cost": 7.38,"Total Cost": 239.27,"Plan Rows": 400,"Plan Width": 8,"Actual Startup Time": 0.187,"Actual Total Time": 2.648,"Actual Rows": 405,"Actual Loops": 1,"Recheck Cond": "(s_nationkey = nation.n_nationkey)","Rows Removed by Index Recheck": 0,"Exact Heap Blocks": 192,"Lossy Heap Blocks": 0,"Plans": [{"Node Type": "Bitmap Index Scan","Parent Relationship": "Outer","Parallel Aware": false,"Async Capable": false,"Index Name": "idx_supplier_nation_key","Startup Cost": 0.00,"Total Cost": 7.29,"Plan Rows": 400,"Plan Width": 0,"Actual Startup Time": 0.121,"Actual Total Time": 0.124,"Actual Rows": 405,"Actual Loops": 1,"Index Cond": "(s_nationkey = nation.n_nationkey)"}]}]},{"Node Type": "Index Scan","Parent Relationship": "Inner","Parallel Aware": false,"Async Capable": false,"Scan Direction": "Forward","Index Name": "idx_partsupp_suppkey","Relation Name": "partsupp","Alias": "partsupp","Startup Cost": 0.42,"Total Cost": 9.07,"Plan Rows": 80,"Plan Width": 18,"Actual Startup Time": 0.019,"Actual Total Time": 0.477,"Actual Rows": 80,"Actual Loops": 405,"Index Cond": "(ps_suppkey = supplier.s_suppkey)","Rows Removed by Index Recheck": 0}]}]}]},"Planning Time": 7.214,"Triggers": [],"Execution Time": 451.949}]
[{"Plan": {"Node Type": "Sort","Parallel Aware": false,"Async Capable": false,"Startup Cost": 10142.20,"Total Cost": 10168.87,"Plan Rows": 10667,"Plan Width": 36,"Actual Startup Time": 427.262,"Actual Total Time": 427.423,"Actual Rows": 1241,"Actual Loops": 1,"Sort Key": ["(sum((partsupp.ps_supplycost * (partsupp.ps_availqty)::numeric))) DESC"],"Sort Method": "quicksort","Sort Space Used": 116,"Sort Space Type": "Memory","Plans": [{"Node Type": "Aggregate","Strategy": "Plain","Partial Mode": "Simple","Parent Relationship": "InitPlan","Subplan Name": "InitPlan 1 (returns $2)","Parallel Aware": false,"Async Capable": false,"Startup Cost": 4434.26,"Total Cost": 4434.27,"Plan Rows": 1,"Plan Width": 32,"Actual Startup Time": 127.406,"Actual Total Time": 127.426,"Actual Rows": 1,"Actual Loops": 1,"Plans": [{"Node Type": "Nested Loop","Parent Relationship": "Outer","Parallel Aware": false,"Async Capable": false,"Join Type": "Inner","Startup Cost": 7.81,"Total Cost": 4194.26,"Plan Rows": 32000,"Plan Width": 10,"Actual Startup Time": 0.226,"Actual Total Time": 120.281,"Actual Rows": 30400,"Actual Loops": 1,"Inner Unique": false,"Plans": [{"Node Type": "Nested Loop","Parent Relationship": "Outer","Parallel Aware": false,"Async Capable": false,"Join Type": "Inner","Startup Cost": 7.38,"Total Cost": 244.58,"Plan Rows": 400,"Plan Width": 4,"Actual Startup Time": 0.174,"Actual Total Time": 1.741,"Actual Rows": 380,"Actual Loops": 1,"Inner Unique": false,"Plans": [{"Node Type": "Seq Scan","Parent Relationship": "Outer","Parallel Aware": false,"Async Capable": false,"Relation Name": "nation","Alias": "nation_1","Startup Cost": 0.00,"Total Cost": 1.31,"Plan Rows": 1,"Plan Width": 4,"Actual Startup Time": 0.028,"Actual Total Time": 0.042,"Actual Rows": 1,"Actual Loops": 1,"Filter": "(n_name = 'ETHIOPIA'::bpchar)","Rows Removed by Filter": 24},{"Node Type": "Bitmap Heap Scan","Parent Relationship": "Inner","Parallel Aware": false,"Async Capable": false,"Relation Name": "supplier","Alias": "supplier_1","Startup Cost": 7.38,"Total Cost": 239.27,"Plan Rows": 400,"Plan Width": 8,"Actual Startup Time": 0.130,"Actual Total Time": 1.641,"Actual Rows": 380,"Actual Loops": 1,"Recheck Cond": "(s_nationkey = nation_1.n_nationkey)","Rows Removed by Index Recheck": 0,"Exact Heap Blocks": 192,"Lossy Heap Blocks": 0,"Plans": [{"Node Type": "Bitmap Index Scan","Parent Relationship": "Outer","Parallel Aware": false,"Async Capable": false,"Index Name": "idx_supplier_nation_key","Startup Cost": 0.00,"Total Cost": 7.29,"Plan Rows": 400,"Plan Width": 0,"Actual Startup Time": 0.089,"Actual Total Time": 0.091,"Actual Rows": 380,"Actual Loops": 1,"Index Cond": "(s_nationkey = nation_1.n_nationkey)"}]}]},{"Node Type": "Index Scan","Parent Relationship": "Inner","Parallel Aware": false,"Async Capable": false,"Scan Direction": "Forward","Index Name": "idx_partsupp_suppkey","Relation Name": "partsupp","Alias": "partsupp_1","Startup Cost": 0.42,"Total Cost": 9.07,"Plan Rows": 80,"Plan Width": 14,"Actual Startup Time": 0.015,"Actual Total Time": 0.299,"Actual Rows": 80,"Actual Loops": 380,"Index Cond": "(ps_suppkey = supplier_1.s_suppkey)","Rows Removed by Index Recheck": 0}]}]},{"Node Type": "Aggregate","Strategy": "Hashed","Partial Mode": "Simple","Parent Relationship": "Outer","Parallel Aware": false,"Async Capable": false,"Startup Cost": 4514.26,"Total Cost": 4994.26,"Plan Rows": 10667,"Plan Width": 36,"Actual Startup Time": 359.706,"Actual Total Time": 426.732,"Actual Rows": 1241,"Actual Loops": 1,"Group Key": ["partsupp.ps_partkey"],"Filter": "(sum((partsupp.ps_supplycost * (partsupp.ps_availqty)::numeric)) > $2)","Planned Partitions": 0,"HashAgg Batches": 1,"Peak Memory Usage": 17937,"Disk Usage": 0,"Rows Removed by Filter": 27374,"Plans": [{"Node Type": "Nested Loop","Parent Relationship": "Outer","Parallel Aware": false,"Async Capable": false,"Join Type": "Inner","Startup Cost": 7.81,"Total Cost": 4194.26,"Plan Rows": 32000,"Plan Width": 14,"Actual Startup Time": 0.377,"Actual Total Time": 187.744,"Actual Rows": 30400,"Actual Loops": 1,"Inner Unique": false,"Plans": [{"Node Type": "Nested Loop","Parent Relationship": "Outer","Parallel Aware": false,"Async Capable": false,"Join Type": "Inner","Startup Cost": 7.38,"Total Cost": 244.58,"Plan Rows": 400,"Plan Width": 4,"Actual Startup Time": 0.305,"Actual Total Time": 2.864,"Actual Rows": 380,"Actual Loops": 1,"Inner Unique": false,"Plans": [{"Node Type": "Seq Scan","Parent Relationship": "Outer","Parallel Aware": false,"Async Capable": false,"Relation Name": "nation","Alias": "nation","Startup Cost": 0.00,"Total Cost": 1.31,"Plan Rows": 1,"Plan Width": 4,"Actual Startup Time": 0.073,"Actual Total Time": 0.091,"Actual Rows": 1,"Actual Loops": 1,"Filter": "(n_name = 'ETHIOPIA'::bpchar)","Rows Removed by Filter": 24},{"Node Type": "Bitmap Heap Scan","Parent Relationship": "Inner","Parallel Aware": false,"Async Capable": false,"Relation Name": "supplier","Alias": "supplier","Startup Cost": 7.38,"Total Cost": 239.27,"Plan Rows": 400,"Plan Width": 8,"Actual Startup Time": 0.228,"Actual Total Time": 2.728,"Actual Rows": 380,"Actual Loops": 1,"Recheck Cond": "(s_nationkey = nation.n_nationkey)","Rows Removed by Index Recheck": 0,"Exact Heap Blocks": 192,"Lossy Heap Blocks": 0,"Plans": [{"Node Type": "Bitmap Index Scan","Parent Relationship": "Outer","Parallel Aware": false,"Async Capable": false,"Index Name": "idx_supplier_nation_key","Startup Cost": 0.00,"Total Cost": 7.29,"Plan Rows": 400,"Plan Width": 0,"Actual Startup Time": 0.146,"Actual Total Time": 0.146,"Actual Rows": 380,"Actual Loops": 1,"Index Cond": "(s_nationkey = nation.n_nationkey)"}]}]},{"Node Type": "Index Scan","Parent Relationship": "Inner","Parallel Aware": false,"Async Capable": false,"Scan Direction": "Forward","Index Name": "idx_partsupp_suppkey","Relation Name": "partsupp","Alias": "partsupp","Startup Cost": 0.42,"Total Cost": 9.07,"Plan Rows": 80,"Plan Width": 18,"Actual Startup Time": 0.020,"Actual Total Time": 0.475,"Actual Rows": 80,"Actual Loops": 380,"Index Cond": "(ps_suppkey = supplier.s_suppkey)","Rows Removed by Index Recheck": 0}]}]}]},"Planning Time": 7.180,"Triggers": [],"Execution Time": 429.797}]
[{"Plan": {"Node Type": "Sort","Parallel Aware": false,"Async Capable": false,"Startup Cost": 10142.20,"Total Cost": 10168.87,"Plan Rows": 10667,"Plan Width": 36,"Actual Startup Time": 431.698,"Actual Total Time": 431.824,"Actual Rows": 911,"Actual Loops": 1,"Sort Key": ["(sum((partsupp.ps_supplycost * (partsupp.ps_availqty)::numeric))) DESC"],"Sort Method": "quicksort","Sort Space Used": 74,"Sort Space Type": "Memory","Plans": [{"Node Type": "Aggregate","Strategy": "Plain","Partial Mode": "Simple","Parent Relationship": "InitPlan","Subplan Name": "InitPlan 1 (returns $2)","Parallel Aware": false,"Async Capable": false,"Startup Cost": 4434.26,"Total Cost": 4434.27,"Plan Rows": 1,"Plan Width": 32,"Actual Startup Time": 129.087,"Actual Total Time": 129.106,"Actual Rows": 1,"Actual Loops": 1,"Plans": [{"Node Type": "Nested Loop","Parent Relationship": "Outer","Parallel Aware": false,"Async Capable": false,"Join Type": "Inner","Startup Cost": 7.81,"Total Cost": 4194.26,"Plan Rows": 32000,"Plan Width": 10,"Actual Startup Time": 0.210,"Actual Total Time": 121.870,"Actual Rows": 32160,"Actual Loops": 1,"Inner Unique": false,"Plans": [{"Node Type": "Nested Loop","Parent Relationship": "Outer","Parallel Aware": false,"Async Capable": false,"Join Type": "Inner","Startup Cost": 7.38,"Total Cost": 244.58,"Plan Rows": 400,"Plan Width": 4,"Actual Startup Time": 0.174,"Actual Total Time": 1.780,"Actual Rows": 402,"Actual Loops": 1,"Inner Unique": false,"Plans": [{"Node Type": "Seq Scan","Parent Relationship": "Outer","Parallel Aware": false,"Async Capable": false,"Relation Name": "nation","Alias": "nation_1","Startup Cost": 0.00,"Total Cost": 1.31,"Plan Rows": 1,"Plan Width": 4,"Actual Startup Time": 0.036,"Actual Total Time": 0.056,"Actual Rows": 1,"Actual Loops": 1,"Filter": "(n_name = 'FRANCE'::bpchar)","Rows Removed by Filter": 24},{"Node Type": "Bitmap Heap Scan","Parent Relationship": "Inner","Parallel Aware": false,"Async Capable": false,"Relation Name": "supplier","Alias": "supplier_1","Startup Cost": 7.38,"Total Cost": 239.27,"Plan Rows": 400,"Plan Width": 8,"Actual Startup Time": 0.119,"Actual Total Time": 1.663,"Actual Rows": 402,"Actual Loops": 1,"Recheck Cond": "(s_nationkey = nation_1.n_nationkey)","Rows Removed by Index Recheck": 0,"Exact Heap Blocks": 184,"Lossy Heap Blocks": 0,"Plans": [{"Node Type": "Bitmap Index Scan","Parent Relationship": "Outer","Parallel Aware": false,"Async Capable": false,"Index Name": "idx_supplier_nation_key","Startup Cost": 0.00,"Total Cost": 7.29,"Plan Rows": 400,"Plan Width": 0,"Actual Startup Time": 0.075,"Actual Total Time": 0.079,"Actual Rows": 402,"Actual Loops": 1,"Index Cond": "(s_nationkey = nation_1.n_nationkey)"}]}]},{"Node Type": "Index Scan","Parent Relationship": "Inner","Parallel Aware": false,"Async Capable": false,"Scan Direction": "Forward","Index Name": "idx_partsupp_suppkey","Relation Name": "partsupp","Alias": "partsupp_1","Startup Cost": 0.42,"Total Cost": 9.07,"Plan Rows": 80,"Plan Width": 14,"Actual Startup Time": 0.014,"Actual Total Time": 0.286,"Actual Rows": 80,"Actual Loops": 402,"Index Cond": "(ps_suppkey = supplier_1.s_suppkey)","Rows Removed by Index Recheck": 0}]}]},{"Node Type": "Aggregate","Strategy": "Hashed","Partial Mode": "Simple","Parent Relationship": "Outer","Parallel Aware": false,"Async Capable": false,"Startup Cost": 4514.26,"Total Cost": 4994.26,"Plan Rows": 10667,"Plan Width": 36,"Actual Startup Time": 359.069,"Actual Total Time": 431.218,"Actual Rows": 911,"Actual Loops": 1,"Group Key": ["partsupp.ps_partkey"],"Filter": "(sum((partsupp.ps_supplycost * (partsupp.ps_availqty)::numeric)) > $2)","Planned Partitions": 0,"HashAgg Batches": 1,"Peak Memory Usage": 17937,"Disk Usage": 0,"Rows Removed by Filter": 29336,"Plans": [{"Node Type": "Nested Loop","Parent Relationship": "Outer","Parallel Aware": false,"Async Capable": false,"Join Type": "Inner","Startup Cost": 7.81,"Total Cost": 4194.26,"Plan Rows": 32000,"Plan Width": 14,"Actual Startup Time": 0.330,"Actual Total Time": 187.860,"Actual Rows": 32160,"Actual Loops": 1,"Inner Unique": false,"Plans": [{"Node Type": "Nested Loop","Parent Relationship": "Outer","Parallel Aware": false,"Async Capable": false,"Join Type": "Inner","Startup Cost": 7.38,"Total Cost": 244.58,"Plan Rows": 400,"Plan Width": 4,"Actual Startup Time": 0.249,"Actual Total Time": 2.513,"Actual Rows": 402,"Actual Loops": 1,"Inner Unique": false,"Plans": [{"Node Type": "Seq Scan","Parent Relationship": "Outer","Parallel Aware": false,"Async Capable": false,"Relation Name": "nation","Alias": "nation","Startup Cost": 0.00,"Total Cost": 1.31,"Plan Rows": 1,"Plan Width": 4,"Actual Startup Time": 0.077,"Actual Total Time": 0.097,"Actual Rows": 1,"Actual Loops": 1,"Filter": "(n_name = 'FRANCE'::bpchar)","Rows Removed by Filter": 24},{"Node Type": "Bitmap Heap Scan","Parent Relationship": "Inner","Parallel Aware": false,"Async Capable": false,"Relation Name": "supplier","Alias": "supplier","Startup Cost": 7.38,"Total Cost": 239.27,"Plan Rows": 400,"Plan Width": 8,"Actual Startup Time": 0.163,"Actual Total Time": 2.362,"Actual Rows": 402,"Actual Loops": 1,"Recheck Cond": "(s_nationkey = nation.n_nationkey)","Rows Removed by Index Recheck": 0,"Exact Heap Blocks": 184,"Lossy Heap Blocks": 0,"Plans": [{"Node Type": "Bitmap Index Scan","Parent Relationship": "Outer","Parallel Aware": false,"Async Capable": false,"Index Name": "idx_supplier_nation_key","Startup Cost": 0.00,"Total Cost": 7.29,"Plan Rows": 400,"Plan Width": 0,"Actual Startup Time": 0.112,"Actual Total Time": 0.113,"Actual Rows": 402,"Actual Loops": 1,"Index Cond": "(s_nationkey = nation.n_nationkey)"}]}]},{"Node Type": "Index Scan","Parent Relationship": "Inner","Parallel Aware": false,"Async Capable": false,"Scan Direction": "Forward","Index Name": "idx_partsupp_suppkey","Relation Name": "partsupp","Alias": "partsupp","Startup Cost": 0.42,"Total Cost": 9.07,"Plan Rows": 80,"Plan Width": 18,"Actual Startup Time": 0.018,"Actual Total Time": 0.449,"Actual Rows": 80,"Actual Loops": 402,"Index Cond": "(ps_suppkey = supplier.s_suppkey)","Rows Removed by Index Recheck": 0}]}]}]},"Planning Time": 7.171,"Triggers": [],"Execution Time": 434.998}]
[{"Plan": {"Node Type": "Sort","Parallel Aware": false,"Async Capable": false,"Startup Cost": 10142.20,"Total Cost": 10168.87,"Plan Rows": 10667,"Plan Width": 36,"Actual Startup Time": 400.788,"Actual Total Time": 400.942,"Actual Rows": 1469,"Actual Loops": 1,"Sort Key": ["(sum((partsupp.ps_supplycost * (partsupp.ps_availqty)::numeric))) DESC"],"Sort Method": "quicksort","Sort Space Used": 129,"Sort Space Type": "Memory","Plans": [{"Node Type": "Aggregate","Strategy": "Plain","Partial Mode": "Simple","Parent Relationship": "InitPlan","Subplan Name": "InitPlan 1 (returns $2)","Parallel Aware": false,"Async Capable": false,"Startup Cost": 4434.26,"Total Cost": 4434.27,"Plan Rows": 1,"Plan Width": 32,"Actual Startup Time": 117.250,"Actual Total Time": 117.272,"Actual Rows": 1,"Actual Loops": 1,"Plans": [{"Node Type": "Nested Loop","Parent Relationship": "Outer","Parallel Aware": false,"Async Capable": false,"Join Type": "Inner","Startup Cost": 7.81,"Total Cost": 4194.26,"Plan Rows": 32000,"Plan Width": 10,"Actual Startup Time": 0.216,"Actual Total Time": 110.575,"Actual Rows": 28960,"Actual Loops": 1,"Inner Unique": false,"Plans": [{"Node Type": "Nested Loop","Parent Relationship": "Outer","Parallel Aware": false,"Async Capable": false,"Join Type": "Inner","Startup Cost": 7.38,"Total Cost": 244.58,"Plan Rows": 400,"Plan Width": 4,"Actual Startup Time": 0.161,"Actual Total Time": 1.515,"Actual Rows": 362,"Actual Loops": 1,"Inner Unique": false,"Plans": [{"Node Type": "Seq Scan","Parent Relationship": "Outer","Parallel Aware": false,"Async Capable": false,"Relation Name": "nation","Alias": "nation_1","Startup Cost": 0.00,"Total Cost": 1.31,"Plan Rows": 1,"Plan Width": 4,"Actual Startup Time": 0.032,"Actual Total Time": 0.051,"Actual Rows": 1,"Actual Loops": 1,"Filter": "(n_name = 'JORDAN'::bpchar)","Rows Removed by Filter": 24},{"Node Type": "Bitmap Heap Scan","Parent Relationship": "Inner","Parallel Aware": false,"Async Capable": false,"Relation Name": "supplier","Alias": "supplier_1","Startup Cost": 7.38,"Total Cost": 239.27,"Plan Rows": 400,"Plan Width": 8,"Actual Startup Time": 0.117,"Actual Total Time": 1.415,"Actual Rows": 362,"Actual Loops": 1,"Recheck Cond": "(s_nationkey = nation_1.n_nationkey)","Rows Removed by Index Recheck": 0,"Exact Heap Blocks": 166,"Lossy Heap Blocks": 0,"Plans": [{"Node Type": "Bitmap Index Scan","Parent Relationship": "Outer","Parallel Aware": false,"Async Capable": false,"Index Name": "idx_supplier_nation_key","Startup Cost": 0.00,"Total Cost": 7.29,"Plan Rows": 400,"Plan Width": 0,"Actual Startup Time": 0.075,"Actual Total Time": 0.079,"Actual Rows": 362,"Actual Loops": 1,"Index Cond": "(s_nationkey = nation_1.n_nationkey)"}]}]},{"Node Type": "Index Scan","Parent Relationship": "Inner","Parallel Aware": false,"Async Capable": false,"Scan Direction": "Forward","Index Name": "idx_partsupp_suppkey","Relation Name": "partsupp","Alias": "partsupp_1","Startup Cost": 0.42,"Total Cost": 9.07,"Plan Rows": 80,"Plan Width": 14,"Actual Startup Time": 0.014,"Actual Total Time": 0.289,"Actual Rows": 80,"Actual Loops": 362,"Index Cond": "(ps_suppkey = supplier_1.s_suppkey)","Rows Removed by Index Recheck": 0}]}]},{"Node Type": "Aggregate","Strategy": "Hashed","Partial Mode": "Simple","Parent Relationship": "Outer","Parallel Aware": false,"Async Capable": false,"Startup Cost": 4514.26,"Total Cost": 4994.26,"Plan Rows": 10667,"Plan Width": 36,"Actual Startup Time": 338.606,"Actual Total Time": 400.138,"Actual Rows": 1469,"Actual Loops": 1,"Group Key": ["partsupp.ps_partkey"],"Filter": "(sum((partsupp.ps_supplycost * (partsupp.ps_availqty)::numeric)) > $2)","Planned Partitions": 0,"HashAgg Batches": 1,"Peak Memory Usage": 17937,"Disk Usage": 0,"Rows Removed by Filter": 25896,"Plans": [{"Node Type": "Nested Loop","Parent Relationship": "Outer","Parallel Aware": false,"Async Capable": false,"Join Type": "Inner","Startup Cost": 7.81,"Total Cost": 4194.26,"Plan Rows": 32000,"Plan Width": 14,"Actual Startup Time": 0.314,"Actual Total Time": 181.118,"Actual Rows": 28960,"Actual Loops": 1,"Inner Unique": false,"Plans": [{"Node Type": "Nested Loop","Parent Relationship": "Outer","Parallel Aware": false,"Async Capable": false,"Join Type": "Inner","Startup Cost": 7.38,"Total Cost": 244.58,"Plan Rows": 400,"Plan Width": 4,"Actual Startup Time": 0.258,"Actual Total Time": 2.692,"Actual Rows": 362,"Actual Loops": 1,"Inner Unique": false,"Plans": [{"Node Type": "Seq Scan","Parent Relationship": "Outer","Parallel Aware": false,"Async Capable": false,"Relation Name": "nation","Alias": "nation","Startup Cost": 0.00,"Total Cost": 1.31,"Plan Rows": 1,"Plan Width": 4,"Actual Startup Time": 0.077,"Actual Total Time": 0.107,"Actual Rows": 1,"Actual Loops": 1,"Filter": "(n_name = 'JORDAN'::bpchar)","Rows Removed by Filter": 24},{"Node Type": "Bitmap Heap Scan","Parent Relationship": "Inner","Parallel Aware": false,"Async Capable": false,"Relation Name": "supplier","Alias": "supplier","Startup Cost": 7.38,"Total Cost": 239.27,"Plan Rows": 400,"Plan Width": 8,"Actual Startup Time": 0.172,"Actual Total Time": 2.539,"Actual Rows": 362,"Actual Loops": 1,"Recheck Cond": "(s_nationkey = nation.n_nationkey)","Rows Removed by Index Recheck": 0,"Exact Heap Blocks": 166,"Lossy Heap Blocks": 0,"Plans": [{"Node Type": "Bitmap Index Scan","Parent Relationship": "Outer","Parallel Aware": false,"Async Capable": false,"Index Name": "idx_supplier_nation_key","Startup Cost": 0.00,"Total Cost": 7.29,"Plan Rows": 400,"Plan Width": 0,"Actual Startup Time": 0.117,"Actual Total Time": 0.118,"Actual Rows": 362,"Actual Loops": 1,"Index Cond": "(s_nationkey = nation.n_nationkey)"}]}]},{"Node Type": "Index Scan","Parent Relationship": "Inner","Parallel Aware": false,"Async Capable": false,"Scan Direction": "Forward","Index Name": "idx_partsupp_suppkey","Relation Name": "partsupp","Alias": "partsupp","Startup Cost": 0.42,"Total Cost": 9.07,"Plan Rows": 80,"Plan Width": 18,"Actual Startup Time": 0.019,"Actual Total Time": 0.481,"Actual Rows": 80,"Actual Loops": 362,"Index Cond": "(ps_suppkey = supplier.s_suppkey)","Rows Removed by Index Recheck": 0}]}]}]},"Planning Time": 6.843,"Triggers": [],"Execution Time": 403.999}]
[{"Plan": {"Node Type": "Sort","Parallel Aware": false,"Async Capable": false,"Startup Cost": 10142.20,"Total Cost": 10168.87,"Plan Rows": 10667,"Plan Width": 36,"Actual Startup Time": 431.698,"Actual Total Time": 431.824,"Actual Rows": 911,"Actual Loops": 1,"Sort Key": ["(sum((partsupp.ps_supplycost * (partsupp.ps_availqty)::numeric))) DESC"],"Sort Method": "quicksort","Sort Space Used": 74,"Sort Space Type": "Memory","Plans": [{"Node Type": "Aggregate","Strategy": "Plain","Partial Mode": "Simple","Parent Relationship": "InitPlan","Subplan Name": "InitPlan 1 (returns $2)","Parallel Aware": false,"Async Capable": false,"Startup Cost": 4434.26,"Total Cost": 4434.27,"Plan Rows": 1,"Plan Width": 32,"Actual Startup Time": 129.087,"Actual Total Time": 129.106,"Actual Rows": 1,"Actual Loops": 1,"Plans": [{"Node Type": "Nested Loop","Parent Relationship": "Outer","Parallel Aware": false,"Async Capable": false,"Join Type": "Inner","Startup Cost": 7.81,"Total Cost": 4194.26,"Plan Rows": 32000,"Plan Width": 10,"Actual Startup Time": 0.210,"Actual Total Time": 121.870,"Actual Rows": 32160,"Actual Loops": 1,"Inner Unique": false,"Plans": [{"Node Type": "Nested Loop","Parent Relationship": "Outer","Parallel Aware": false,"Async Capable": false,"Join Type": "Inner","Startup Cost": 7.38,"Total Cost": 244.58,"Plan Rows": 400,"Plan Width": 4,"Actual Startup Time": 0.174,"Actual Total Time": 1.780,"Actual Rows": 402,"Actual Loops": 1,"Inner Unique": false,"Plans": [{"Node Type": "Seq Scan","Parent Relationship": "Outer","Parallel Aware": false,"Async Capable": false,"Relation Name": "nation","Alias": "nation_1","Startup Cost": 0.00,"Total Cost": 1.31,"Plan Rows": 1,"Plan Width": 4,"Actual Startup Time": 0.036,"Actual Total Time": 0.056,"Actual Rows": 1,"Actual Loops": 1,"Filter": "(n_name = 'FRANCE'::bpchar)","Rows Removed by Filter": 24},{"Node Type": "Bitmap Heap Scan","Parent Relationship": "Inner","Parallel Aware": false,"Async Capable": false,"Relation Name": "supplier","Alias": "supplier_1","Startup Cost": 7.38,"Total Cost": 239.27,"Plan Rows": 400,"Plan Width": 8,"Actual Startup Time": 0.119,"Actual Total Time": 1.663,"Actual Rows": 402,"Actual Loops": 1,"Recheck Cond": "(s_nationkey = nation_1.n_nationkey)","Rows Removed by Index Recheck": 0,"Exact Heap Blocks": 184,"Lossy Heap Blocks": 0,"Plans": [{"Node Type": "Bitmap Index Scan","Parent Relationship": "Outer","Parallel Aware": false,"Async Capable": false,"Index Name": "idx_supplier_nation_key","Startup Cost": 0.00,"Total Cost": 7.29,"Plan Rows": 400,"Plan Width": 0,"Actual Startup Time": 0.075,"Actual Total Time": 0.079,"Actual Rows": 402,"Actual Loops": 1,"Index Cond": "(s_nationkey = nation_1.n_nationkey)"}]}]},{"Node Type": "Index Scan","Parent Relationship": "Inner","Parallel Aware": false,"Async Capable": false,"Scan Direction": "Forward","Index Name": "idx_partsupp_suppkey","Relation Name": "partsupp","Alias": "partsupp_1","Startup Cost": 0.42,"Total Cost": 9.07,"Plan Rows": 80,"Plan Width": 14,"Actual Startup Time": 0.014,"Actual Total Time": 0.286,"Actual Rows": 80,"Actual Loops": 402,"Index Cond": "(ps_suppkey = supplier_1.s_suppkey)","Rows Removed by Index Recheck": 0}]}]},{"Node Type": "Aggregate","Strategy": "Hashed","Partial Mode": "Simple","Parent Relationship": "Outer","Parallel Aware": false,"Async Capable": false,"Startup Cost": 4514.26,"Total Cost": 4994.26,"Plan Rows": 10667,"Plan Width": 36,"Actual Startup Time": 359.069,"Actual Total Time": 431.218,"Actual Rows": 911,"Actual Loops": 1,"Group Key": ["partsupp.ps_partkey"],"Filter": "(sum((partsupp.ps_supplycost * (partsupp.ps_availqty)::numeric)) > $2)","Planned Partitions": 0,"HashAgg Batches": 1,"Peak Memory Usage": 17937,"Disk Usage": 0,"Rows Removed by Filter": 29336,"Plans": [{"Node Type": "Nested Loop","Parent Relationship": "Outer","Parallel Aware": false,"Async Capable": false,"Join Type": "Inner","Startup Cost": 7.81,"Total Cost": 4194.26,"Plan Rows": 32000,"Plan Width": 14,"Actual Startup Time": 0.330,"Actual Total Time": 187.860,"Actual Rows": 32160,"Actual Loops": 1,"Inner Unique": false,"Plans": [{"Node Type": "Nested Loop","Parent Relationship": "Outer","Parallel Aware": false,"Async Capable": false,"Join Type": "Inner","Startup Cost": 7.38,"Total Cost": 244.58,"Plan Rows": 400,"Plan Width": 4,"Actual Startup Time": 0.249,"Actual Total Time": 2.513,"Actual Rows": 402,"Actual Loops": 1,"Inner Unique": false,"Plans": [{"Node Type": "Seq Scan","Parent Relationship": "Outer","Parallel Aware": false,"Async Capable": false,"Relation Name": "nation","Alias": "nation","Startup Cost": 0.00,"Total Cost": 1.31,"Plan Rows": 1,"Plan Width": 4,"Actual Startup Time": 0.077,"Actual Total Time": 0.097,"Actual Rows": 1,"Actual Loops": 1,"Filter": "(n_name = 'FRANCE'::bpchar)","Rows Removed by Filter": 24},{"Node Type": "Bitmap Heap Scan","Parent Relationship": "Inner","Parallel Aware": false,"Async Capable": false,"Relation Name": "supplier","Alias": "supplier","Startup Cost": 7.38,"Total Cost": 239.27,"Plan Rows": 400,"Plan Width": 8,"Actual Startup Time": 0.163,"Actual Total Time": 2.362,"Actual Rows": 402,"Actual Loops": 1,"Recheck Cond": "(s_nationkey = nation.n_nationkey)","Rows Removed by Index Recheck": 0,"Exact Heap Blocks": 184,"Lossy Heap Blocks": 0,"Plans": [{"Node Type": "Bitmap Index Scan","Parent Relationship": "Outer","Parallel Aware": false,"Async Capable": false,"Index Name": "idx_supplier_nation_key","Startup Cost": 0.00,"Total Cost": 7.29,"Plan Rows": 400,"Plan Width": 0,"Actual Startup Time": 0.112,"Actual Total Time": 0.113,"Actual Rows": 402,"Actual Loops": 1,"Index Cond": "(s_nationkey = nation.n_nationkey)"}]}]},{"Node Type": "Index Scan","Parent Relationship": "Inner","Parallel Aware": false,"Async Capable": false,"Scan Direction": "Forward","Index Name": "idx_partsupp_suppkey","Relation Name": "partsupp","Alias": "partsupp","Startup Cost": 0.42,"Total Cost": 9.07,"Plan Rows": 80,"Plan Width": 18,"Actual Startup Time": 0.018,"Actual Total Time": 0.449,"Actual Rows": 80,"Actual Loops": 402,"Index Cond": "(ps_suppkey = supplier.s_suppkey)","Rows Removed by Index Recheck": 0}]}]}]},"Planning Time": 7.171,"Triggers": [],"Execution Time": 434.998}]
[{"Plan": {"Node Type": "Sort","Parallel Aware": false,"Async Capable": false,"Startup Cost": 10142.20,"Total Cost": 10168.87,"Plan Rows": 10667,"Plan Width": 36,"Actual Startup Time": 448.613,"Actual Total Time": 448.730,"Actual Rows": 888,"Actual Loops": 1,"Sort Key": ["(sum((partsupp.ps_supplycost * (partsupp.ps_availqty)::numeric))) DESC"],"Sort Method": "quicksort","Sort Space Used": 73,"Sort Space Type": "Memory","Plans": [{"Node Type": "Aggregate","Strategy": "Plain","Partial Mode": "Simple","Parent Relationship": "InitPlan","Subplan Name": "InitPlan 1 (returns $2)","Parallel Aware": false,"Async Capable": false,"Startup Cost": 4434.26,"Total Cost": 4434.27,"Plan Rows": 1,"Plan Width": 32,"Actual Startup Time": 133.715,"Actual Total Time": 133.740,"Actual Rows": 1,"Actual Loops": 1,"Plans": [{"Node Type": "Nested Loop","Parent Relationship": "Outer","Parallel Aware": false,"Async Capable": false,"Join Type": "Inner","Startup Cost": 7.81,"Total Cost": 4194.26,"Plan Rows": 32000,"Plan Width": 10,"Actual Startup Time": 0.220,"Actual Total Time": 126.229,"Actual Rows": 32400,"Actual Loops": 1,"Inner Unique": false,"Plans": [{"Node Type": "Nested Loop","Parent Relationship": "Outer","Parallel Aware": false,"Async Capable": false,"Join Type": "Inner","Startup Cost": 7.38,"Total Cost": 244.58,"Plan Rows": 400,"Plan Width": 4,"Actual Startup Time": 0.174,"Actual Total Time": 1.918,"Actual Rows": 405,"Actual Loops": 1,"Inner Unique": false,"Plans": [{"Node Type": "Seq Scan","Parent Relationship": "Outer","Parallel Aware": false,"Async Capable": false,"Relation Name": "nation","Alias": "nation_1","Startup Cost": 0.00,"Total Cost": 1.31,"Plan Rows": 1,"Plan Width": 4,"Actual Startup Time": 0.049,"Actual Total Time": 0.070,"Actual Rows": 1,"Actual Loops": 1,"Filter": "(n_name = 'INDONESIA'::bpchar)","Rows Removed by Filter": 24},{"Node Type": "Bitmap Heap Scan","Parent Relationship": "Inner","Parallel Aware": false,"Async Capable": false,"Relation Name": "supplier","Alias": "supplier_1","Startup Cost": 7.38,"Total Cost": 239.27,"Plan Rows": 400,"Plan Width": 8,"Actual Startup Time": 0.105,"Actual Total Time": 1.781,"Actual Rows": 405,"Actual Loops": 1,"Recheck Cond": "(s_nationkey = nation_1.n_nationkey)","Rows Removed by Index Recheck": 0,"Exact Heap Blocks": 192,"Lossy Heap Blocks": 0,"Plans": [{"Node Type": "Bitmap Index Scan","Parent Relationship": "Outer","Parallel Aware": false,"Async Capable": false,"Index Name": "idx_supplier_nation_key","Startup Cost": 0.00,"Total Cost": 7.29,"Plan Rows": 400,"Plan Width": 0,"Actual Startup Time": 0.069,"Actual Total Time": 0.075,"Actual Rows": 405,"Actual Loops": 1,"Index Cond": "(s_nationkey = nation_1.n_nationkey)"}]}]},{"Node Type": "Index Scan","Parent Relationship": "Inner","Parallel Aware": false,"Async Capable": false,"Scan Direction": "Forward","Index Name": "idx_partsupp_suppkey","Relation Name": "partsupp","Alias": "partsupp_1","Startup Cost": 0.42,"Total Cost": 9.07,"Plan Rows": 80,"Plan Width": 14,"Actual Startup Time": 0.014,"Actual Total Time": 0.294,"Actual Rows": 80,"Actual Loops": 405,"Index Cond": "(ps_suppkey = supplier_1.s_suppkey)","Rows Removed by Index Recheck": 0}]}]},{"Node Type": "Aggregate","Strategy": "Hashed","Partial Mode": "Simple","Parent Relationship": "Outer","Parallel Aware": false,"Async Capable": false,"Startup Cost": 4514.26,"Total Cost": 4994.26,"Plan Rows": 10667,"Plan Width": 36,"Actual Startup Time": 376.503,"Actual Total Time": 448.157,"Actual Rows": 888,"Actual Loops": 1,"Group Key": ["partsupp.ps_partkey"],"Filter": "(sum((partsupp.ps_supplycost * (partsupp.ps_availqty)::numeric)) > $2)","Planned Partitions": 0,"HashAgg Batches": 1,"Peak Memory Usage": 17937,"Disk Usage": 0,"Rows Removed by Filter": 29597,"Plans": [{"Node Type": "Nested Loop","Parent Relationship": "Outer","Parallel Aware": false,"Async Capable": false,"Join Type": "Inner","Startup Cost": 7.81,"Total Cost": 4194.26,"Plan Rows": 32000,"Plan Width": 14,"Actual Startup Time": 0.375,"Actual Total Time": 200.721,"Actual Rows": 32400,"Actual Loops": 1,"Inner Unique": false,"Plans": [{"Node Type": "Nested Loop","Parent Relationship": "Outer","Parallel Aware": false,"Async Capable": false,"Join Type": "Inner","Startup Cost": 7.38,"Total Cost": 244.58,"Plan Rows": 400,"Plan Width": 4,"Actual Startup Time": 0.269,"Actual Total Time": 2.791,"Actual Rows": 405,"Actual Loops": 1,"Inner Unique": false,"Plans": [{"Node Type": "Seq Scan","Parent Relationship": "Outer","Parallel Aware": false,"Async Capable": false,"Relation Name": "nation","Alias": "nation","Startup Cost": 0.00,"Total Cost": 1.31,"Plan Rows": 1,"Plan Width": 4,"Actual Startup Time": 0.076,"Actual Total Time": 0.092,"Actual Rows": 1,"Actual Loops": 1,"Filter": "(n_name = 'INDONESIA'::bpchar)","Rows Removed by Filter": 24},{"Node Type": "Bitmap Heap Scan","Parent Relationship": "Inner","Parallel Aware": false,"Async Capable": false,"Relation Name": "supplier","Alias": "supplier","Startup Cost": 7.38,"Total Cost": 239.27,"Plan Rows": 400,"Plan Width": 8,"Actual Startup Time": 0.187,"Actual Total Time": 2.648,"Actual Rows": 405,"Actual Loops": 1,"Recheck Cond": "(s_nationkey = nation.n_nationkey)","Rows Removed by Index Recheck": 0,"Exact Heap Blocks": 192,"Lossy Heap Blocks": 0,"Plans": [{"Node Type": "Bitmap Index Scan","Parent Relationship": "Outer","Parallel Aware": false,"Async Capable": false,"Index Name": "idx_supplier_nation_key","Startup Cost": 0.00,"Total Cost": 7.29,"Plan Rows": 400,"Plan Width": 0,"Actual Startup Time": 0.121,"Actual Total Time": 0.124,"Actual Rows": 405,"Actual Loops": 1,"Index Cond": "(s_nationkey = nation.n_nationkey)"}]}]},{"Node Type": "Index Scan","Parent Relationship": "Inner","Parallel Aware": false,"Async Capable": false,"Scan Direction": "Forward","Index Name": "idx_partsupp_suppkey","Relation Name": "partsupp","Alias": "partsupp","Startup Cost": 0.42,"Total Cost": 9.07,"Plan Rows": 80,"Plan Width": 18,"Actual Startup Time": 0.019,"Actual Total Time": 0.477,"Actual Rows": 80,"Actual Loops": 405,"Index Cond": "(ps_suppkey = supplier.s_suppkey)","Rows Removed by Index Recheck": 0}]}]}]},"Planning Time": 7.214,"Triggers": [],"Execution Time": 451.949}]
[{"Plan": {"Node Type": "Sort","Parallel Aware": false,"Async Capable": false,"Startup Cost": 10142.20,"Total Cost": 10168.87,"Plan Rows": 10667,"Plan Width": 36,"Actual Startup Time": 449.560,"Actual Total Time": 449.671,"Actual Rows": 907,"Actual Loops": 1,"Sort Key": ["(sum((partsupp.ps_supplycost * (partsupp.ps_availqty)::numeric))) DESC"],"Sort Method": "quicksort","Sort Space Used": 74,"Sort Space Type": "Memory","Plans": [{"Node Type": "Aggregate","Strategy": "Plain","Partial Mode": "Simple","Parent Relationship": "InitPlan","Subplan Name": "InitPlan 1 (returns $2)","Parallel Aware": false,"Async Capable": false,"Startup Cost": 4434.26,"Total Cost": 4434.27,"Plan Rows": 1,"Plan Width": 32,"Actual Startup Time": 134.911,"Actual Total Time": 134.932,"Actual Rows": 1,"Actual Loops": 1,"Plans": [{"Node Type": "Nested Loop","Parent Relationship": "Outer","Parallel Aware": false,"Async Capable": false,"Join Type": "Inner","Startup Cost": 7.81,"Total Cost": 4194.26,"Plan Rows": 32000,"Plan Width": 10,"Actual Startup Time": 0.196,"Actual Total Time": 127.626,"Actual Rows": 31760,"Actual Loops": 1,"Inner Unique": false,"Plans": [{"Node Type": "Nested Loop","Parent Relationship": "Outer","Parallel Aware": false,"Async Capable": false,"Join Type": "Inner","Startup Cost": 7.38,"Total Cost": 244.58,"Plan Rows": 400,"Plan Width": 4,"Actual Startup Time": 0.146,"Actual Total Time": 1.719,"Actual Rows": 397,"Actual Loops": 1,"Inner Unique": false,"Plans": [{"Node Type": "Seq Scan","Parent Relationship": "Outer","Parallel Aware": false,"Async Capable": false,"Relation Name": "nation","Alias": "nation_1","Startup Cost": 0.00,"Total Cost": 1.31,"Plan Rows": 1,"Plan Width": 4,"Actual Startup Time": 0.024,"Actual Total Time": 0.052,"Actual Rows": 1,"Actual Loops": 1,"Filter": "(n_name = 'BRAZIL'::bpchar)","Rows Removed by Filter": 24},{"Node Type": "Bitmap Heap Scan","Parent Relationship": "Inner","Parallel Aware": false,"Async Capable": false,"Relation Name": "supplier","Alias": "supplier_1","Startup Cost": 7.38,"Total Cost": 239.27,"Plan Rows": 400,"Plan Width": 8,"Actual Startup Time": 0.105,"Actual Total Time": 1.602,"Actual Rows": 397,"Actual Loops": 1,"Recheck Cond": "(s_nationkey = nation_1.n_nationkey)","Rows Removed by Index Recheck": 0,"Exact Heap Blocks": 187,"Lossy Heap Blocks": 0,"Plans": [{"Node Type": "Bitmap Index Scan","Parent Relationship": "Outer","Parallel Aware": false,"Async Capable": false,"Index Name": "idx_supplier_nation_key","Startup Cost": 0.00,"Total Cost": 7.29,"Plan Rows": 400,"Plan Width": 0,"Actual Startup Time": 0.071,"Actual Total Time": 0.077,"Actual Rows": 397,"Actual Loops": 1,"Index Cond": "(s_nationkey = nation_1.n_nationkey)"}]}]},{"Node Type": "Index Scan","Parent Relationship": "Inner","Parallel Aware": false,"Async Capable": false,"Scan Direction": "Forward","Index Name": "idx_partsupp_suppkey","Relation Name": "partsupp","Alias": "partsupp_1","Startup Cost": 0.42,"Total Cost": 9.07,"Plan Rows": 80,"Plan Width": 14,"Actual Startup Time": 0.015,"Actual Total Time": 0.304,"Actual Rows": 80,"Actual Loops": 397,"Index Cond": "(ps_suppkey = supplier_1.s_suppkey)","Rows Removed by Index Recheck": 0}]}]},{"Node Type": "Aggregate","Strategy": "Hashed","Partial Mode": "Simple","Parent Relationship": "Outer","Parallel Aware": false,"Async Capable": false,"Startup Cost": 4514.26,"Total Cost": 4994.26,"Plan Rows": 10667,"Plan Width": 36,"Actual Startup Time": 378.380,"Actual Total Time": 449.162,"Actual Rows": 907,"Actual Loops": 1,"Group Key": ["partsupp.ps_partkey"],"Filter": "(sum((partsupp.ps_supplycost * (partsupp.ps_availqty)::numeric)) > $2)","Planned Partitions": 0,"HashAgg Batches": 1,"Peak Memory Usage": 17937,"Disk Usage": 0,"Rows Removed by Filter": 29157,"Plans": [{"Node Type": "Nested Loop","Parent Relationship": "Outer","Parallel Aware": false,"Async Capable": false,"Join Type": "Inner","Startup Cost": 7.81,"Total Cost": 4194.26,"Plan Rows": 32000,"Plan Width": 14,"Actual Startup Time": 0.353,"Actual Total Time": 195.500,"Actual Rows": 31760,"Actual Loops": 1,"Inner Unique": false,"Plans": [{"Node Type": "Nested Loop","Parent Relationship": "Outer","Parallel Aware": false,"Async Capable": false,"Join Type": "Inner","Startup Cost": 7.38,"Total Cost": 244.58,"Plan Rows": 400,"Plan Width": 4,"Actual Startup Time": 0.264,"Actual Total Time": 2.773,"Actual Rows": 397,"Actual Loops": 1,"Inner Unique": false,"Plans": [{"Node Type": "Seq Scan","Parent Relationship": "Outer","Parallel Aware": false,"Async Capable": false,"Relation Name": "nation","Alias": "nation","Startup Cost": 0.00,"Total Cost": 1.31,"Plan Rows": 1,"Plan Width": 4,"Actual Startup Time": 0.057,"Actual Total Time": 0.077,"Actual Rows": 1,"Actual Loops": 1,"Filter": "(n_name = 'BRAZIL'::bpchar)","Rows Removed by Filter": 24},{"Node Type": "Bitmap Heap Scan","Parent Relationship": "Inner","Parallel Aware": false,"Async Capable": false,"Relation Name": "supplier","Alias": "supplier","Startup Cost": 7.38,"Total Cost": 239.27,"Plan Rows": 400,"Plan Width": 8,"Actual Startup Time": 0.205,"Actual Total Time": 2.649,"Actual Rows": 397,"Actual Loops": 1,"Recheck Cond": "(s_nationkey = nation.n_nationkey)","Rows Removed by Index Recheck": 0,"Exact Heap Blocks": 187,"Lossy Heap Blocks": 0,"Plans": [{"Node Type": "Bitmap Index Scan","Parent Relationship": "Outer","Parallel Aware": false,"Async Capable": false,"Index Name": "idx_supplier_nation_key","Startup Cost": 0.00,"Total Cost": 7.29,"Plan Rows": 400,"Plan Width": 0,"Actual Startup Time": 0.130,"Actual Total Time": 0.131,"Actual Rows": 397,"Actual Loops": 1,"Index Cond": "(s_nationkey = nation.n_nationkey)"}]}]},{"Node Type": "Index Scan","Parent Relationship": "Inner","Parallel Aware": false,"Async Capable": false,"Scan Direction": "Forward","Index Name": "idx_partsupp_suppkey","Relation Name": "partsupp","Alias": "partsupp","Startup Cost": 0.42,"Total Cost": 9.07,"Plan Rows": 80,"Plan Width": 18,"Actual Startup Time": 0.020,"Actual Total Time": 0.474,"Actual Rows": 80,"Actual Loops": 397,"Index Cond": "(ps_suppkey = supplier.s_suppkey)","Rows Removed by Index Recheck": 0}]}]}]},"Planning Time": 5.165,"Triggers": [],"Execution Time": 452.133}]
[{"Plan": {"Node Type": "Sort","Parallel Aware": false,"Async Capable": false,"Startup Cost": 10142.20,"Total Cost": 10168.87,"Plan Rows": 10667,"Plan Width": 36,"Actual Startup Time": 463.200,"Actual Total Time": 463.334,"Actual Rows": 786,"Actual Loops": 1,"Sort Key": ["(sum((partsupp.ps_supplycost * (partsupp.ps_availqty)::numeric))) DESC"],"Sort Method": "quicksort","Sort Space Used": 67,"Sort Space Type": "Memory","Plans": [{"Node Type": "Aggregate","Strategy": "Plain","Partial Mode": "Simple","Parent Relationship": "InitPlan","Subplan Name": "InitPlan 1 (returns $2)","Parallel Aware": false,"Async Capable": false,"Startup Cost": 4434.26,"Total Cost": 4434.27,"Plan Rows": 1,"Plan Width": 32,"Actual Startup Time": 138.217,"Actual Total Time": 138.241,"Actual Rows": 1,"Actual Loops": 1,"Plans": [{"Node Type": "Nested Loop","Parent Relationship": "Outer","Parallel Aware": false,"Async Capable": false,"Join Type": "Inner","Startup Cost": 7.81,"Total Cost": 4194.26,"Plan Rows": 32000,"Plan Width": 10,"Actual Startup Time": 0.203,"Actual Total Time": 130.632,"Actual Rows": 33040,"Actual Loops": 1,"Inner Unique": false,"Plans": [{"Node Type": "Nested Loop","Parent Relationship": "Outer","Parallel Aware": false,"Async Capable": false,"Join Type": "Inner","Startup Cost": 7.38,"Total Cost": 244.58,"Plan Rows": 400,"Plan Width": 4,"Actual Startup Time": 0.159,"Actual Total Time": 1.911,"Actual Rows": 413,"Actual Loops": 1,"Inner Unique": false,"Plans": [{"Node Type": "Seq Scan","Parent Relationship": "Outer","Parallel Aware": false,"Async Capable": false,"Relation Name": "nation","Alias": "nation_1","Startup Cost": 0.00,"Total Cost": 1.31,"Plan Rows": 1,"Plan Width": 4,"Actual Startup Time": 0.020,"Actual Total Time": 0.050,"Actual Rows": 1,"Actual Loops": 1,"Filter": "(n_name = 'ARGENTINA'::bpchar)","Rows Removed by Filter": 24},{"Node Type": "Bitmap Heap Scan","Parent Relationship": "Inner","Parallel Aware": false,"Async Capable": false,"Relation Name": "supplier","Alias": "supplier_1","Startup Cost": 7.38,"Total Cost": 239.27,"Plan Rows": 400,"Plan Width": 8,"Actual Startup Time": 0.122,"Actual Total Time": 1.805,"Actual Rows": 413,"Actual Loops": 1,"Recheck Cond": "(s_nationkey = nation_1.n_nationkey)","Rows Removed by Index Recheck": 0,"Exact Heap Blocks": 190,"Lossy Heap Blocks": 0,"Plans": [{"Node Type": "Bitmap Index Scan","Parent Relationship": "Outer","Parallel Aware": false,"Async Capable": false,"Index Name": "idx_supplier_nation_key","Startup Cost": 0.00,"Total Cost": 7.29,"Plan Rows": 400,"Plan Width": 0,"Actual Startup Time": 0.076,"Actual Total Time": 0.082,"Actual Rows": 413,"Actual Loops": 1,"Index Cond": "(s_nationkey = nation_1.n_nationkey)"}]}]},{"Node Type": "Index Scan","Parent Relationship": "Inner","Parallel Aware": false,"Async Capable": false,"Scan Direction": "Forward","Index Name": "idx_partsupp_suppkey","Relation Name": "partsupp","Alias": "partsupp_1","Startup Cost": 0.42,"Total Cost": 9.07,"Plan Rows": 80,"Plan Width": 14,"Actual Startup Time": 0.015,"Actual Total Time": 0.299,"Actual Rows": 80,"Actual Loops": 413,"Index Cond": "(ps_suppkey = supplier_1.s_suppkey)","Rows Removed by Index Recheck": 0}]}]},{"Node Type": "Aggregate","Strategy": "Hashed","Partial Mode": "Simple","Parent Relationship": "Outer","Parallel Aware": false,"Async Capable": false,"Startup Cost": 4514.26,"Total Cost": 4994.26,"Plan Rows": 10667,"Plan Width": 36,"Actual Startup Time": 387.894,"Actual Total Time": 462.834,"Actual Rows": 786,"Actual Loops": 1,"Group Key": ["partsupp.ps_partkey"],"Filter": "(sum((partsupp.ps_supplycost * (partsupp.ps_availqty)::numeric)) > $2)","Planned Partitions": 0,"HashAgg Batches": 1,"Peak Memory Usage": 17937,"Disk Usage": 0,"Rows Removed by Filter": 30324,"Plans": [{"Node Type": "Nested Loop","Parent Relationship": "Outer","Parallel Aware": false,"Async Capable": false,"Join Type": "Inner","Startup Cost": 7.81,"Total Cost": 4194.26,"Plan Rows": 32000,"Plan Width": 14,"Actual Startup Time": 0.397,"Actual Total Time": 197.172,"Actual Rows": 33040,"Actual Loops": 1,"Inner Unique": false,"Plans": [{"Node Type": "Nested Loop","Parent Relationship": "Outer","Parallel Aware": false,"Async Capable": false,"Join Type": "Inner","Startup Cost": 7.38,"Total Cost": 244.58,"Plan Rows": 400,"Plan Width": 4,"Actual Startup Time": 0.324,"Actual Total Time": 2.886,"Actual Rows": 413,"Actual Loops": 1,"Inner Unique": false,"Plans": [{"Node Type": "Seq Scan","Parent Relationship": "Outer","Parallel Aware": false,"Async Capable": false,"Relation Name": "nation","Alias": "nation","Startup Cost": 0.00,"Total Cost": 1.31,"Plan Rows": 1,"Plan Width": 4,"Actual Startup Time": 0.073,"Actual Total Time": 0.106,"Actual Rows": 1,"Actual Loops": 1,"Filter": "(n_name = 'ARGENTINA'::bpchar)","Rows Removed by Filter": 24},{"Node Type": "Bitmap Heap Scan","Parent Relationship": "Inner","Parallel Aware": false,"Async Capable": false,"Relation Name": "supplier","Alias": "supplier","Startup Cost": 7.38,"Total Cost": 239.27,"Plan Rows": 400,"Plan Width": 8,"Actual Startup Time": 0.246,"Actual Total Time": 2.727,"Actual Rows": 413,"Actual Loops": 1,"Recheck Cond": "(s_nationkey = nation.n_nationkey)","Rows Removed by Index Recheck": 0,"Exact Heap Blocks": 190,"Lossy Heap Blocks": 0,"Plans": [{"Node Type": "Bitmap Index Scan","Parent Relationship": "Outer","Parallel Aware": false,"Async Capable": false,"Index Name": "idx_supplier_nation_key","Startup Cost": 0.00,"Total Cost": 7.29,"Plan Rows": 400,"Plan Width": 0,"Actual Startup Time": 0.154,"Actual Total Time": 0.156,"Actual Rows": 413,"Actual Loops": 1,"Index Cond": "(s_nationkey = nation.n_nationkey)"}]}]},{"Node Type": "Index Scan","Parent Relationship": "Inner","Parallel Aware": false,"Async Capable": false,"Scan Direction": "Forward","Index Name": "idx_partsupp_suppkey","Relation Name": "partsupp","Alias": "partsupp","Startup Cost": 0.42,"Total Cost": 9.07,"Plan Rows": 80,"Plan Width": 18,"Actual Startup Time": 0.020,"Actual Total Time": 0.459,"Actual Rows": 80,"Actual Loops": 413,"Index Cond": "(ps_suppkey = supplier.s_suppkey)","Rows Removed by Index Recheck": 0}]}]}]},"Planning Time": 6.005,"Triggers": [],"Execution Time": 466.166}]
[{"Plan": {"Node Type": "Sort","Parallel Aware": false,"Async Capable": false,"Startup Cost": 10142.20,"Total Cost": 10168.87,"Plan Rows": 10667,"Plan Width": 36,"Actual Startup Time": 455.847,"Actual Total Time": 455.976,"Actual Rows": 819,"Actual Loops": 1,"Sort Key": ["(sum((partsupp.ps_supplycost * (partsupp.ps_availqty)::numeric))) DESC"],"Sort Method": "quicksort","Sort Space Used": 69,"Sort Space Type": "Memory","Plans": [{"Node Type": "Aggregate","Strategy": "Plain","Partial Mode": "Simple","Parent Relationship": "InitPlan","Subplan Name": "InitPlan 1 (returns $2)","Parallel Aware": false,"Async Capable": false,"Startup Cost": 4434.26,"Total Cost": 4434.27,"Plan Rows": 1,"Plan Width": 32,"Actual Startup Time": 134.080,"Actual Total Time": 134.102,"Actual Rows": 1,"Actual Loops": 1,"Plans": [{"Node Type": "Nested Loop","Parent Relationship": "Outer","Parallel Aware": false,"Async Capable": false,"Join Type": "Inner","Startup Cost": 7.81,"Total Cost": 4194.26,"Plan Rows": 32000,"Plan Width": 10,"Actual Startup Time": 0.218,"Actual Total Time": 126.423,"Actual Rows": 32960,"Actual Loops": 1,"Inner Unique": false,"Plans": [{"Node Type": "Nested Loop","Parent Relationship": "Outer","Parallel Aware": false,"Async Capable": false,"Join Type": "Inner","Startup Cost": 7.38,"Total Cost": 244.58,"Plan Rows": 400,"Plan Width": 4,"Actual Startup Time": 0.177,"Actual Total Time": 1.887,"Actual Rows": 412,"Actual Loops": 1,"Inner Unique": false,"Plans": [{"Node Type": "Seq Scan","Parent Relationship": "Outer","Parallel Aware": false,"Async Capable": false,"Relation Name": "nation","Alias": "nation_1","Startup Cost": 0.00,"Total Cost": 1.31,"Plan Rows": 1,"Plan Width": 4,"Actual Startup Time": 0.040,"Actual Total Time": 0.063,"Actual Rows": 1,"Actual Loops": 1,"Filter": "(n_name = 'CANADA'::bpchar)","Rows Removed by Filter": 24},{"Node Type": "Bitmap Heap Scan","Parent Relationship": "Inner","Parallel Aware": false,"Async Capable": false,"Relation Name": "supplier","Alias": "supplier_1","Startup Cost": 7.38,"Total Cost": 239.27,"Plan Rows": 400,"Plan Width": 8,"Actual Startup Time": 0.119,"Actual Total Time": 1.753,"Actual Rows": 412,"Actual Loops": 1,"Recheck Cond": "(s_nationkey = nation_1.n_nationkey)","Rows Removed by Index Recheck": 0,"Exact Heap Blocks": 189,"Lossy Heap Blocks": 0,"Plans": [{"Node Type": "Bitmap Index Scan","Parent Relationship": "Outer","Parallel Aware": false,"Async Capable": false,"Index Name": "idx_supplier_nation_key","Startup Cost": 0.00,"Total Cost": 7.29,"Plan Rows": 400,"Plan Width": 0,"Actual Startup Time": 0.074,"Actual Total Time": 0.083,"Actual Rows": 412,"Actual Loops": 1,"Index Cond": "(s_nationkey = nation_1.n_nationkey)"}]}]},{"Node Type": "Index Scan","Parent Relationship": "Inner","Parallel Aware": false,"Async Capable": false,"Scan Direction": "Forward","Index Name": "idx_partsupp_suppkey","Relation Name": "partsupp","Alias": "partsupp_1","Startup Cost": 0.42,"Total Cost": 9.07,"Plan Rows": 80,"Plan Width": 14,"Actual Startup Time": 0.014,"Actual Total Time": 0.290,"Actual Rows": 80,"Actual Loops": 412,"Index Cond": "(ps_suppkey = supplier_1.s_suppkey)","Rows Removed by Index Recheck": 0}]}]},{"Node Type": "Aggregate","Strategy": "Hashed","Partial Mode": "Simple","Parent Relationship": "Outer","Parallel Aware": false,"Async Capable": false,"Startup Cost": 4514.26,"Total Cost": 4994.26,"Plan Rows": 10667,"Plan Width": 36,"Actual Startup Time": 380.948,"Actual Total Time": 455.394,"Actual Rows": 819,"Actual Loops": 1,"Group Key": ["partsupp.ps_partkey"],"Filter": "(sum((partsupp.ps_supplycost * (partsupp.ps_availqty)::numeric)) > $2)","Planned Partitions": 0,"HashAgg Batches": 1,"Peak Memory Usage": 17937,"Disk Usage": 0,"Rows Removed by Filter": 30166,"Plans": [{"Node Type": "Nested Loop","Parent Relationship": "Outer","Parallel Aware": false,"Async Capable": false,"Join Type": "Inner","Startup Cost": 7.81,"Total Cost": 4194.26,"Plan Rows": 32000,"Plan Width": 14,"Actual Startup Time": 0.343,"Actual Total Time": 202.198,"Actual Rows": 32960,"Actual Loops": 1,"Inner Unique": false,"Plans": [{"Node Type": "Nested Loop","Parent Relationship": "Outer","Parallel Aware": false,"Async Capable": false,"Join Type": "Inner","Startup Cost": 7.38,"Total Cost": 244.58,"Plan Rows": 400,"Plan Width": 4,"Actual Startup Time": 0.272,"Actual Total Time": 2.740,"Actual Rows": 412,"Actual Loops": 1,"Inner Unique": false,"Plans": [{"Node Type": "Seq Scan","Parent Relationship": "Outer","Parallel Aware": false,"Async Capable": false,"Relation Name": "nation","Alias": "nation","Startup Cost": 0.00,"Total Cost": 1.31,"Plan Rows": 1,"Plan Width": 4,"Actual Startup Time": 0.064,"Actual Total Time": 0.078,"Actual Rows": 1,"Actual Loops": 1,"Filter": "(n_name = 'CANADA'::bpchar)","Rows Removed by Filter": 24},{"Node Type": "Bitmap Heap Scan","Parent Relationship": "Inner","Parallel Aware": false,"Async Capable": false,"Relation Name": "supplier","Alias": "supplier","Startup Cost": 7.38,"Total Cost": 239.27,"Plan Rows": 400,"Plan Width": 8,"Actual Startup Time": 0.203,"Actual Total Time": 2.610,"Actual Rows": 412,"Actual Loops": 1,"Recheck Cond": "(s_nationkey = nation.n_nationkey)","Rows Removed by Index Recheck": 0,"Exact Heap Blocks": 189,"Lossy Heap Blocks": 0,"Plans": [{"Node Type": "Bitmap Index Scan","Parent Relationship": "Outer","Parallel Aware": false,"Async Capable": false,"Index Name": "idx_supplier_nation_key","Startup Cost": 0.00,"Total Cost": 7.29,"Plan Rows": 400,"Plan Width": 0,"Actual Startup Time": 0.140,"Actual Total Time": 0.142,"Actual Rows": 412,"Actual Loops": 1,"Index Cond": "(s_nationkey = nation.n_nationkey)"}]}]},{"Node Type": "Index Scan","Parent Relationship": "Inner","Parallel Aware": false,"Async Capable": false,"Scan Direction": "Forward","Index Name": "idx_partsupp_suppkey","Relation Name": "partsupp","Alias": "partsupp","Startup Cost": 0.42,"Total Cost": 9.07,"Plan Rows": 80,"Plan Width": 18,"Actual Startup Time": 0.019,"Actual Total Time": 0.472,"Actual Rows": 80,"Actual Loops": 412,"Index Cond": "(ps_suppkey = supplier.s_suppkey)","Rows Removed by Index Recheck": 0}]}]}]},"Planning Time": 7.565,"Triggers": [],"Execution Time": 459.165}]
[{"Plan": {"Node Type": "Sort","Parallel Aware": false,"Async Capable": false,"Startup Cost": 10142.20,"Total Cost": 10168.87,"Plan Rows": 10667,"Plan Width": 36,"Actual Startup Time": 463.200,"Actual Total Time": 463.334,"Actual Rows": 786,"Actual Loops": 1,"Sort Key": ["(sum((partsupp.ps_supplycost * (partsupp.ps_availqty)::numeric))) DESC"],"Sort Method": "quicksort","Sort Space Used": 67,"Sort Space Type": "Memory","Plans": [{"Node Type": "Aggregate","Strategy": "Plain","Partial Mode": "Simple","Parent Relationship": "InitPlan","Subplan Name": "InitPlan 1 (returns $2)","Parallel Aware": false,"Async Capable": false,"Startup Cost": 4434.26,"Total Cost": 4434.27,"Plan Rows": 1,"Plan Width": 32,"Actual Startup Time": 138.217,"Actual Total Time": 138.241,"Actual Rows": 1,"Actual Loops": 1,"Plans": [{"Node Type": "Nested Loop","Parent Relationship": "Outer","Parallel Aware": false,"Async Capable": false,"Join Type": "Inner","Startup Cost": 7.81,"Total Cost": 4194.26,"Plan Rows": 32000,"Plan Width": 10,"Actual Startup Time": 0.203,"Actual Total Time": 130.632,"Actual Rows": 33040,"Actual Loops": 1,"Inner Unique": false,"Plans": [{"Node Type": "Nested Loop","Parent Relationship": "Outer","Parallel Aware": false,"Async Capable": false,"Join Type": "Inner","Startup Cost": 7.38,"Total Cost": 244.58,"Plan Rows": 400,"Plan Width": 4,"Actual Startup Time": 0.159,"Actual Total Time": 1.911,"Actual Rows": 413,"Actual Loops": 1,"Inner Unique": false,"Plans": [{"Node Type": "Seq Scan","Parent Relationship": "Outer","Parallel Aware": false,"Async Capable": false,"Relation Name": "nation","Alias": "nation_1","Startup Cost": 0.00,"Total Cost": 1.31,"Plan Rows": 1,"Plan Width": 4,"Actual Startup Time": 0.020,"Actual Total Time": 0.050,"Actual Rows": 1,"Actual Loops": 1,"Filter": "(n_name = 'ARGENTINA'::bpchar)","Rows Removed by Filter": 24},{"Node Type": "Bitmap Heap Scan","Parent Relationship": "Inner","Parallel Aware": false,"Async Capable": false,"Relation Name": "supplier","Alias": "supplier_1","Startup Cost": 7.38,"Total Cost": 239.27,"Plan Rows": 400,"Plan Width": 8,"Actual Startup Time": 0.122,"Actual Total Time": 1.805,"Actual Rows": 413,"Actual Loops": 1,"Recheck Cond": "(s_nationkey = nation_1.n_nationkey)","Rows Removed by Index Recheck": 0,"Exact Heap Blocks": 190,"Lossy Heap Blocks": 0,"Plans": [{"Node Type": "Bitmap Index Scan","Parent Relationship": "Outer","Parallel Aware": false,"Async Capable": false,"Index Name": "idx_supplier_nation_key","Startup Cost": 0.00,"Total Cost": 7.29,"Plan Rows": 400,"Plan Width": 0,"Actual Startup Time": 0.076,"Actual Total Time": 0.082,"Actual Rows": 413,"Actual Loops": 1,"Index Cond": "(s_nationkey = nation_1.n_nationkey)"}]}]},{"Node Type": "Index Scan","Parent Relationship": "Inner","Parallel Aware": false,"Async Capable": false,"Scan Direction": "Forward","Index Name": "idx_partsupp_suppkey","Relation Name": "partsupp","Alias": "partsupp_1","Startup Cost": 0.42,"Total Cost": 9.07,"Plan Rows": 80,"Plan Width": 14,"Actual Startup Time": 0.015,"Actual Total Time": 0.299,"Actual Rows": 80,"Actual Loops": 413,"Index Cond": "(ps_suppkey = supplier_1.s_suppkey)","Rows Removed by Index Recheck": 0}]}]},{"Node Type": "Aggregate","Strategy": "Hashed","Partial Mode": "Simple","Parent Relationship": "Outer","Parallel Aware": false,"Async Capable": false,"Startup Cost": 4514.26,"Total Cost": 4994.26,"Plan Rows": 10667,"Plan Width": 36,"Actual Startup Time": 387.894,"Actual Total Time": 462.834,"Actual Rows": 786,"Actual Loops": 1,"Group Key": ["partsupp.ps_partkey"],"Filter": "(sum((partsupp.ps_supplycost * (partsupp.ps_availqty)::numeric)) > $2)","Planned Partitions": 0,"HashAgg Batches": 1,"Peak Memory Usage": 17937,"Disk Usage": 0,"Rows Removed by Filter": 30324,"Plans": [{"Node Type": "Nested Loop","Parent Relationship": "Outer","Parallel Aware": false,"Async Capable": false,"Join Type": "Inner","Startup Cost": 7.81,"Total Cost": 4194.26,"Plan Rows": 32000,"Plan Width": 14,"Actual Startup Time": 0.397,"Actual Total Time": 197.172,"Actual Rows": 33040,"Actual Loops": 1,"Inner Unique": false,"Plans": [{"Node Type": "Nested Loop","Parent Relationship": "Outer","Parallel Aware": false,"Async Capable": false,"Join Type": "Inner","Startup Cost": 7.38,"Total Cost": 244.58,"Plan Rows": 400,"Plan Width": 4,"Actual Startup Time": 0.324,"Actual Total Time": 2.886,"Actual Rows": 413,"Actual Loops": 1,"Inner Unique": false,"Plans": [{"Node Type": "Seq Scan","Parent Relationship": "Outer","Parallel Aware": false,"Async Capable": false,"Relation Name": "nation","Alias": "nation","Startup Cost": 0.00,"Total Cost": 1.31,"Plan Rows": 1,"Plan Width": 4,"Actual Startup Time": 0.073,"Actual Total Time": 0.106,"Actual Rows": 1,"Actual Loops": 1,"Filter": "(n_name = 'ARGENTINA'::bpchar)","Rows Removed by Filter": 24},{"Node Type": "Bitmap Heap Scan","Parent Relationship": "Inner","Parallel Aware": false,"Async Capable": false,"Relation Name": "supplier","Alias": "supplier","Startup Cost": 7.38,"Total Cost": 239.27,"Plan Rows": 400,"Plan Width": 8,"Actual Startup Time": 0.246,"Actual Total Time": 2.727,"Actual Rows": 413,"Actual Loops": 1,"Recheck Cond": "(s_nationkey = nation.n_nationkey)","Rows Removed by Index Recheck": 0,"Exact Heap Blocks": 190,"Lossy Heap Blocks": 0,"Plans": [{"Node Type": "Bitmap Index Scan","Parent Relationship": "Outer","Parallel Aware": false,"Async Capable": false,"Index Name": "idx_supplier_nation_key","Startup Cost": 0.00,"Total Cost": 7.29,"Plan Rows": 400,"Plan Width": 0,"Actual Startup Time": 0.154,"Actual Total Time": 0.156,"Actual Rows": 413,"Actual Loops": 1,"Index Cond": "(s_nationkey = nation.n_nationkey)"}]}]},{"Node Type": "Index Scan","Parent Relationship": "Inner","Parallel Aware": false,"Async Capable": false,"Scan Direction": "Forward","Index Name": "idx_partsupp_suppkey","Relation Name": "partsupp","Alias": "partsupp","Startup Cost": 0.42,"Total Cost": 9.07,"Plan Rows": 80,"Plan Width": 18,"Actual Startup Time": 0.020,"Actual Total Time": 0.459,"Actual Rows": 80,"Actual Loops": 413,"Index Cond": "(ps_suppkey = supplier.s_suppkey)","Rows Removed by Index Recheck": 0}]}]}]},"Planning Time": 6.005,"Triggers": [],"Execution Time": 466.166}]
[{"Plan": {"Node Type": "Sort","Parallel Aware": false,"Async Capable": false,"Startup Cost": 10142.20,"Total Cost": 10168.87,"Plan Rows": 10667,"Plan Width": 36,"Actual Startup Time": 427.262,"Actual Total Time": 427.423,"Actual Rows": 1241,"Actual Loops": 1,"Sort Key": ["(sum((partsupp.ps_supplycost * (partsupp.ps_availqty)::numeric))) DESC"],"Sort Method": "quicksort","Sort Space Used": 116,"Sort Space Type": "Memory","Plans": [{"Node Type": "Aggregate","Strategy": "Plain","Partial Mode": "Simple","Parent Relationship": "InitPlan","Subplan Name": "InitPlan 1 (returns $2)","Parallel Aware": false,"Async Capable": false,"Startup Cost": 4434.26,"Total Cost": 4434.27,"Plan Rows": 1,"Plan Width": 32,"Actual Startup Time": 127.406,"Actual Total Time": 127.426,"Actual Rows": 1,"Actual Loops": 1,"Plans": [{"Node Type": "Nested Loop","Parent Relationship": "Outer","Parallel Aware": false,"Async Capable": false,"Join Type": "Inner","Startup Cost": 7.81,"Total Cost": 4194.26,"Plan Rows": 32000,"Plan Width": 10,"Actual Startup Time": 0.226,"Actual Total Time": 120.281,"Actual Rows": 30400,"Actual Loops": 1,"Inner Unique": false,"Plans": [{"Node Type": "Nested Loop","Parent Relationship": "Outer","Parallel Aware": false,"Async Capable": false,"Join Type": "Inner","Startup Cost": 7.38,"Total Cost": 244.58,"Plan Rows": 400,"Plan Width": 4,"Actual Startup Time": 0.174,"Actual Total Time": 1.741,"Actual Rows": 380,"Actual Loops": 1,"Inner Unique": false,"Plans": [{"Node Type": "Seq Scan","Parent Relationship": "Outer","Parallel Aware": false,"Async Capable": false,"Relation Name": "nation","Alias": "nation_1","Startup Cost": 0.00,"Total Cost": 1.31,"Plan Rows": 1,"Plan Width": 4,"Actual Startup Time": 0.028,"Actual Total Time": 0.042,"Actual Rows": 1,"Actual Loops": 1,"Filter": "(n_name = 'ETHIOPIA'::bpchar)","Rows Removed by Filter": 24},{"Node Type": "Bitmap Heap Scan","Parent Relationship": "Inner","Parallel Aware": false,"Async Capable": false,"Relation Name": "supplier","Alias": "supplier_1","Startup Cost": 7.38,"Total Cost": 239.27,"Plan Rows": 400,"Plan Width": 8,"Actual Startup Time": 0.130,"Actual Total Time": 1.641,"Actual Rows": 380,"Actual Loops": 1,"Recheck Cond": "(s_nationkey = nation_1.n_nationkey)","Rows Removed by Index Recheck": 0,"Exact Heap Blocks": 192,"Lossy Heap Blocks": 0,"Plans": [{"Node Type": "Bitmap Index Scan","Parent Relationship": "Outer","Parallel Aware": false,"Async Capable": false,"Index Name": "idx_supplier_nation_key","Startup Cost": 0.00,"Total Cost": 7.29,"Plan Rows": 400,"Plan Width": 0,"Actual Startup Time": 0.089,"Actual Total Time": 0.091,"Actual Rows": 380,"Actual Loops": 1,"Index Cond": "(s_nationkey = nation_1.n_nationkey)"}]}]},{"Node Type": "Index Scan","Parent Relationship": "Inner","Parallel Aware": false,"Async Capable": false,"Scan Direction": "Forward","Index Name": "idx_partsupp_suppkey","Relation Name": "partsupp","Alias": "partsupp_1","Startup Cost": 0.42,"Total Cost": 9.07,"Plan Rows": 80,"Plan Width": 14,"Actual Startup Time": 0.015,"Actual Total Time": 0.299,"Actual Rows": 80,"Actual Loops": 380,"Index Cond": "(ps_suppkey = supplier_1.s_suppkey)","Rows Removed by Index Recheck": 0}]}]},{"Node Type": "Aggregate","Strategy": "Hashed","Partial Mode": "Simple","Parent Relationship": "Outer","Parallel Aware": false,"Async Capable": false,"Startup Cost": 4514.26,"Total Cost": 4994.26,"Plan Rows": 10667,"Plan Width": 36,"Actual Startup Time": 359.706,"Actual Total Time": 426.732,"Actual Rows": 1241,"Actual Loops": 1,"Group Key": ["partsupp.ps_partkey"],"Filter": "(sum((partsupp.ps_supplycost * (partsupp.ps_availqty)::numeric)) > $2)","Planned Partitions": 0,"HashAgg Batches": 1,"Peak Memory Usage": 17937,"Disk Usage": 0,"Rows Removed by Filter": 27374,"Plans": [{"Node Type": "Nested Loop","Parent Relationship": "Outer","Parallel Aware": false,"Async Capable": false,"Join Type": "Inner","Startup Cost": 7.81,"Total Cost": 4194.26,"Plan Rows": 32000,"Plan Width": 14,"Actual Startup Time": 0.377,"Actual Total Time": 187.744,"Actual Rows": 30400,"Actual Loops": 1,"Inner Unique": false,"Plans": [{"Node Type": "Nested Loop","Parent Relationship": "Outer","Parallel Aware": false,"Async Capable": false,"Join Type": "Inner","Startup Cost": 7.38,"Total Cost": 244.58,"Plan Rows": 400,"Plan Width": 4,"Actual Startup Time": 0.305,"Actual Total Time": 2.864,"Actual Rows": 380,"Actual Loops": 1,"Inner Unique": false,"Plans": [{"Node Type": "Seq Scan","Parent Relationship": "Outer","Parallel Aware": false,"Async Capable": false,"Relation Name": "nation","Alias": "nation","Startup Cost": 0.00,"Total Cost": 1.31,"Plan Rows": 1,"Plan Width": 4,"Actual Startup Time": 0.073,"Actual Total Time": 0.091,"Actual Rows": 1,"Actual Loops": 1,"Filter": "(n_name = 'ETHIOPIA'::bpchar)","Rows Removed by Filter": 24},{"Node Type": "Bitmap Heap Scan","Parent Relationship": "Inner","Parallel Aware": false,"Async Capable": false,"Relation Name": "supplier","Alias": "supplier","Startup Cost": 7.38,"Total Cost": 239.27,"Plan Rows": 400,"Plan Width": 8,"Actual Startup Time": 0.228,"Actual Total Time": 2.728,"Actual Rows": 380,"Actual Loops": 1,"Recheck Cond": "(s_nationkey = nation.n_nationkey)","Rows Removed by Index Recheck": 0,"Exact Heap Blocks": 192,"Lossy Heap Blocks": 0,"Plans": [{"Node Type": "Bitmap Index Scan","Parent Relationship": "Outer","Parallel Aware": false,"Async Capable": false,"Index Name": "idx_supplier_nation_key","Startup Cost": 0.00,"Total Cost": 7.29,"Plan Rows": 400,"Plan Width": 0,"Actual Startup Time": 0.146,"Actual Total Time": 0.146,"Actual Rows": 380,"Actual Loops": 1,"Index Cond": "(s_nationkey = nation.n_nationkey)"}]}]},{"Node Type": "Index Scan","Parent Relationship": "Inner","Parallel Aware": false,"Async Capable": false,"Scan Direction": "Forward","Index Name": "idx_partsupp_suppkey","Relation Name": "partsupp","Alias": "partsupp","Startup Cost": 0.42,"Total Cost": 9.07,"Plan Rows": 80,"Plan Width": 18,"Actual Startup Time": 0.020,"Actual Total Time": 0.475,"Actual Rows": 80,"Actual Loops": 380,"Index Cond": "(ps_suppkey = supplier.s_suppkey)","Rows Removed by Index Recheck": 0}]}]}]},"Planning Time": 7.180,"Triggers": [],"Execution Time": 429.797}]
[{"Plan": {"Node Type": "Sort","Parallel Aware": false,"Async Capable": false,"Startup Cost": 10142.20,"Total Cost": 10168.87,"Plan Rows": 10667,"Plan Width": 36,"Actual Startup Time": 453.468,"Actual Total Time": 453.579,"Actual Rows": 699,"Actual Loops": 1,"Sort Key": ["(sum((partsupp.ps_supplycost * (partsupp.ps_availqty)::numeric))) DESC"],"Sort Method": "quicksort","Sort Space Used": 63,"Sort Space Type": "Memory","Plans": [{"Node Type": "Aggregate","Strategy": "Plain","Partial Mode": "Simple","Parent Relationship": "InitPlan","Subplan Name": "InitPlan 1 (returns $2)","Parallel Aware": false,"Async Capable": false,"Startup Cost": 4434.26,"Total Cost": 4434.27,"Plan Rows": 1,"Plan Width": 32,"Actual Startup Time": 131.382,"Actual Total Time": 131.405,"Actual Rows": 1,"Actual Loops": 1,"Plans": [{"Node Type": "Nested Loop","Parent Relationship": "Outer","Parallel Aware": false,"Async Capable": false,"Join Type": "Inner","Startup Cost": 7.81,"Total Cost": 4194.26,"Plan Rows": 32000,"Plan Width": 10,"Actual Startup Time": 0.203,"Actual Total Time": 123.789,"Actual Rows": 33200,"Actual Loops": 1,"Inner Unique": false,"Plans": [{"Node Type": "Nested Loop","Parent Relationship": "Outer","Parallel Aware": false,"Async Capable": false,"Join Type": "Inner","Startup Cost": 7.38,"Total Cost": 244.58,"Plan Rows": 400,"Plan Width": 4,"Actual Startup Time": 0.149,"Actual Total Time": 1.767,"Actual Rows": 415,"Actual Loops": 1,"Inner Unique": false,"Plans": [{"Node Type": "Seq Scan","Parent Relationship": "Outer","Parallel Aware": false,"Async Capable": false,"Relation Name": "nation","Alias": "nation_1","Startup Cost": 0.00,"Total Cost": 1.31,"Plan Rows": 1,"Plan Width": 4,"Actual Startup Time": 0.027,"Actual Total Time": 0.047,"Actual Rows": 1,"Actual Loops": 1,"Filter": "(n_name = 'EGYPT'::bpchar)","Rows Removed by Filter": 24},{"Node Type": "Bitmap Heap Scan","Parent Relationship": "Inner","Parallel Aware": false,"Async Capable": false,"Relation Name": "supplier","Alias": "supplier_1","Startup Cost": 7.38,"Total Cost": 239.27,"Plan Rows": 400,"Plan Width": 8,"Actual Startup Time": 0.105,"Actual Total Time": 1.654,"Actual Rows": 415,"Actual Loops": 1,"Recheck Cond": "(s_nationkey = nation_1.n_nationkey)","Rows Removed by Index Recheck": 0,"Exact Heap Blocks": 183,"Lossy Heap Blocks": 0,"Plans": [{"Node Type": "Bitmap Index Scan","Parent Relationship": "Outer","Parallel Aware": false,"Async Capable": false,"Index Name": "idx_supplier_nation_key","Startup Cost": 0.00,"Total Cost": 7.29,"Plan Rows": 400,"Plan Width": 0,"Actual Startup Time": 0.070,"Actual Total Time": 0.074,"Actual Rows": 415,"Actual Loops": 1,"Index Cond": "(s_nationkey = nation_1.n_nationkey)"}]}]},{"Node Type": "Index Scan","Parent Relationship": "Inner","Parallel Aware": false,"Async Capable": false,"Scan Direction": "Forward","Index Name": "idx_partsupp_suppkey","Relation Name": "partsupp","Alias": "partsupp_1","Startup Cost": 0.42,"Total Cost": 9.07,"Plan Rows": 80,"Plan Width": 14,"Actual Startup Time": 0.014,"Actual Total Time": 0.282,"Actual Rows": 80,"Actual Loops": 415,"Index Cond": "(ps_suppkey = supplier_1.s_suppkey)","Rows Removed by Index Recheck": 0}]}]},{"Node Type": "Aggregate","Strategy": "Hashed","Partial Mode": "Simple","Parent Relationship": "Outer","Parallel Aware": false,"Async Capable": false,"Startup Cost": 4514.26,"Total Cost": 4994.26,"Plan Rows": 10667,"Plan Width": 36,"Actual Startup Time": 379.250,"Actual Total Time": 453.099,"Actual Rows": 699,"Actual Loops": 1,"Group Key": ["partsupp.ps_partkey"],"Filter": "(sum((partsupp.ps_supplycost * (partsupp.ps_availqty)::numeric)) > $2)","Planned Partitions": 0,"HashAgg Batches": 1,"Peak Memory Usage": 17937,"Disk Usage": 0,"Rows Removed by Filter": 30398,"Plans": [{"Node Type": "Nested Loop","Parent Relationship": "Outer","Parallel Aware": false,"Async Capable": false,"Join Type": "Inner","Startup Cost": 7.81,"Total Cost": 4194.26,"Plan Rows": 32000,"Plan Width": 14,"Actual Startup Time": 0.395,"Actual Total Time": 204.247,"Actual Rows": 33200,"Actual Loops": 1,"Inner Unique": false,"Plans": [{"Node Type": "Nested Loop","Parent Relationship": "Outer","Parallel Aware": false,"Async Capable": false,"Join Type": "Inner","Startup Cost": 7.38,"Total Cost": 244.58,"Plan Rows": 400,"Plan Width": 4,"Actual Startup Time": 0.281,"Actual Total Time": 2.800,"Actual Rows": 415,"Actual Loops": 1,"Inner Unique": false,"Plans": [{"Node Type": "Seq Scan","Parent Relationship": "Outer","Parallel Aware": false,"Async Capable": false,"Relation Name": "nation","Alias": "nation","Startup Cost": 0.00,"Total Cost": 1.31,"Plan Rows": 1,"Plan Width": 4,"Actual Startup Time": 0.068,"Actual Total Time": 0.091,"Actual Rows": 1,"Actual Loops": 1,"Filter": "(n_name = 'EGYPT'::bpchar)","Rows Removed by Filter": 24},{"Node Type": "Bitmap Heap Scan","Parent Relationship": "Inner","Parallel Aware": false,"Async Capable": false,"Relation Name": "supplier","Alias": "supplier","Startup Cost": 7.38,"Total Cost": 239.27,"Plan Rows": 400,"Plan Width": 8,"Actual Startup Time": 0.209,"Actual Total Time": 2.654,"Actual Rows": 415,"Actual Loops": 1,"Recheck Cond": "(s_nationkey = nation.n_nationkey)","Rows Removed by Index Recheck": 0,"Exact Heap Blocks": 183,"Lossy Heap Blocks": 0,"Plans": [{"Node Type": "Bitmap Index Scan","Parent Relationship": "Outer","Parallel Aware": false,"Async Capable": false,"Index Name": "idx_supplier_nation_key","Startup Cost": 0.00,"Total Cost": 7.29,"Plan Rows": 400,"Plan Width": 0,"Actual Startup Time": 0.130,"Actual Total Time": 0.132,"Actual Rows": 415,"Actual Loops": 1,"Index Cond": "(s_nationkey = nation.n_nationkey)"}]}]},{"Node Type": "Index Scan","Parent Relationship": "Inner","Parallel Aware": false,"Async Capable": false,"Scan Direction": "Forward","Index Name": "idx_partsupp_suppkey","Relation Name": "partsupp","Alias": "partsupp","Startup Cost": 0.42,"Total Cost": 9.07,"Plan Rows": 80,"Plan Width": 18,"Actual Startup Time": 0.020,"Actual Total Time": 0.474,"Actual Rows": 80,"Actual Loops": 415,"Index Cond": "(ps_suppkey = supplier.s_suppkey)","Rows Removed by Index Recheck": 0}]}]}]},"Planning Time": 6.818,"Triggers": [],"Execution Time": 456.802}]
[{"Plan": {"Node Type": "Sort","Parallel Aware": false,"Async Capable": false,"Startup Cost": 10142.20,"Total Cost": 10168.87,"Plan Rows": 10667,"Plan Width": 36,"Actual Startup Time": 463.200,"Actual Total Time": 463.334,"Actual Rows": 786,"Actual Loops": 1,"Sort Key": ["(sum((partsupp.ps_supplycost * (partsupp.ps_availqty)::numeric))) DESC"],"Sort Method": "quicksort","Sort Space Used": 67,"Sort Space Type": "Memory","Plans": [{"Node Type": "Aggregate","Strategy": "Plain","Partial Mode": "Simple","Parent Relationship": "InitPlan","Subplan Name": "InitPlan 1 (returns $2)","Parallel Aware": false,"Async Capable": false,"Startup Cost": 4434.26,"Total Cost": 4434.27,"Plan Rows": 1,"Plan Width": 32,"Actual Startup Time": 138.217,"Actual Total Time": 138.241,"Actual Rows": 1,"Actual Loops": 1,"Plans": [{"Node Type": "Nested Loop","Parent Relationship": "Outer","Parallel Aware": false,"Async Capable": false,"Join Type": "Inner","Startup Cost": 7.81,"Total Cost": 4194.26,"Plan Rows": 32000,"Plan Width": 10,"Actual Startup Time": 0.203,"Actual Total Time": 130.632,"Actual Rows": 33040,"Actual Loops": 1,"Inner Unique": false,"Plans": [{"Node Type": "Nested Loop","Parent Relationship": "Outer","Parallel Aware": false,"Async Capable": false,"Join Type": "Inner","Startup Cost": 7.38,"Total Cost": 244.58,"Plan Rows": 400,"Plan Width": 4,"Actual Startup Time": 0.159,"Actual Total Time": 1.911,"Actual Rows": 413,"Actual Loops": 1,"Inner Unique": false,"Plans": [{"Node Type": "Seq Scan","Parent Relationship": "Outer","Parallel Aware": false,"Async Capable": false,"Relation Name": "nation","Alias": "nation_1","Startup Cost": 0.00,"Total Cost": 1.31,"Plan Rows": 1,"Plan Width": 4,"Actual Startup Time": 0.020,"Actual Total Time": 0.050,"Actual Rows": 1,"Actual Loops": 1,"Filter": "(n_name = 'ARGENTINA'::bpchar)","Rows Removed by Filter": 24},{"Node Type": "Bitmap Heap Scan","Parent Relationship": "Inner","Parallel Aware": false,"Async Capable": false,"Relation Name": "supplier","Alias": "supplier_1","Startup Cost": 7.38,"Total Cost": 239.27,"Plan Rows": 400,"Plan Width": 8,"Actual Startup Time": 0.122,"Actual Total Time": 1.805,"Actual Rows": 413,"Actual Loops": 1,"Recheck Cond": "(s_nationkey = nation_1.n_nationkey)","Rows Removed by Index Recheck": 0,"Exact Heap Blocks": 190,"Lossy Heap Blocks": 0,"Plans": [{"Node Type": "Bitmap Index Scan","Parent Relationship": "Outer","Parallel Aware": false,"Async Capable": false,"Index Name": "idx_supplier_nation_key","Startup Cost": 0.00,"Total Cost": 7.29,"Plan Rows": 400,"Plan Width": 0,"Actual Startup Time": 0.076,"Actual Total Time": 0.082,"Actual Rows": 413,"Actual Loops": 1,"Index Cond": "(s_nationkey = nation_1.n_nationkey)"}]}]},{"Node Type": "Index Scan","Parent Relationship": "Inner","Parallel Aware": false,"Async Capable": false,"Scan Direction": "Forward","Index Name": "idx_partsupp_suppkey","Relation Name": "partsupp","Alias": "partsupp_1","Startup Cost": 0.42,"Total Cost": 9.07,"Plan Rows": 80,"Plan Width": 14,"Actual Startup Time": 0.015,"Actual Total Time": 0.299,"Actual Rows": 80,"Actual Loops": 413,"Index Cond": "(ps_suppkey = supplier_1.s_suppkey)","Rows Removed by Index Recheck": 0}]}]},{"Node Type": "Aggregate","Strategy": "Hashed","Partial Mode": "Simple","Parent Relationship": "Outer","Parallel Aware": false,"Async Capable": false,"Startup Cost": 4514.26,"Total Cost": 4994.26,"Plan Rows": 10667,"Plan Width": 36,"Actual Startup Time": 387.894,"Actual Total Time": 462.834,"Actual Rows": 786,"Actual Loops": 1,"Group Key": ["partsupp.ps_partkey"],"Filter": "(sum((partsupp.ps_supplycost * (partsupp.ps_availqty)::numeric)) > $2)","Planned Partitions": 0,"HashAgg Batches": 1,"Peak Memory Usage": 17937,"Disk Usage": 0,"Rows Removed by Filter": 30324,"Plans": [{"Node Type": "Nested Loop","Parent Relationship": "Outer","Parallel Aware": false,"Async Capable": false,"Join Type": "Inner","Startup Cost": 7.81,"Total Cost": 4194.26,"Plan Rows": 32000,"Plan Width": 14,"Actual Startup Time": 0.397,"Actual Total Time": 197.172,"Actual Rows": 33040,"Actual Loops": 1,"Inner Unique": false,"Plans": [{"Node Type": "Nested Loop","Parent Relationship": "Outer","Parallel Aware": false,"Async Capable": false,"Join Type": "Inner","Startup Cost": 7.38,"Total Cost": 244.58,"Plan Rows": 400,"Plan Width": 4,"Actual Startup Time": 0.324,"Actual Total Time": 2.886,"Actual Rows": 413,"Actual Loops": 1,"Inner Unique": false,"Plans": [{"Node Type": "Seq Scan","Parent Relationship": "Outer","Parallel Aware": false,"Async Capable": false,"Relation Name": "nation","Alias": "nation","Startup Cost": 0.00,"Total Cost": 1.31,"Plan Rows": 1,"Plan Width": 4,"Actual Startup Time": 0.073,"Actual Total Time": 0.106,"Actual Rows": 1,"Actual Loops": 1,"Filter": "(n_name = 'ARGENTINA'::bpchar)","Rows Removed by Filter": 24},{"Node Type": "Bitmap Heap Scan","Parent Relationship": "Inner","Parallel Aware": false,"Async Capable": false,"Relation Name": "supplier","Alias": "supplier","Startup Cost": 7.38,"Total Cost": 239.27,"Plan Rows": 400,"Plan Width": 8,"Actual Startup Time": 0.246,"Actual Total Time": 2.727,"Actual Rows": 413,"Actual Loops": 1,"Recheck Cond": "(s_nationkey = nation.n_nationkey)","Rows Removed by Index Recheck": 0,"Exact Heap Blocks": 190,"Lossy Heap Blocks": 0,"Plans": [{"Node Type": "Bitmap Index Scan","Parent Relationship": "Outer","Parallel Aware": false,"Async Capable": false,"Index Name": "idx_supplier_nation_key","Startup Cost": 0.00,"Total Cost": 7.29,"Plan Rows": 400,"Plan Width": 0,"Actual Startup Time": 0.154,"Actual Total Time": 0.156,"Actual Rows": 413,"Actual Loops": 1,"Index Cond": "(s_nationkey = nation.n_nationkey)"}]}]},{"Node Type": "Index Scan","Parent Relationship": "Inner","Parallel Aware": false,"Async Capable": false,"Scan Direction": "Forward","Index Name": "idx_partsupp_suppkey","Relation Name": "partsupp","Alias": "partsupp","Startup Cost": 0.42,"Total Cost": 9.07,"Plan Rows": 80,"Plan Width": 18,"Actual Startup Time": 0.020,"Actual Total Time": 0.459,"Actual Rows": 80,"Actual Loops": 413,"Index Cond": "(ps_suppkey = supplier.s_suppkey)","Rows Removed by Index Recheck": 0}]}]}]},"Planning Time": 6.005,"Triggers": [],"Execution Time": 466.166}]
[{"Plan": {"Node Type": "Sort","Parallel Aware": false,"Async Capable": false,"Startup Cost": 10142.20,"Total Cost": 10168.87,"Plan Rows": 10667,"Plan Width": 36,"Actual Startup Time": 427.262,"Actual Total Time": 427.423,"Actual Rows": 1241,"Actual Loops": 1,"Sort Key": ["(sum((partsupp.ps_supplycost * (partsupp.ps_availqty)::numeric))) DESC"],"Sort Method": "quicksort","Sort Space Used": 116,"Sort Space Type": "Memory","Plans": [{"Node Type": "Aggregate","Strategy": "Plain","Partial Mode": "Simple","Parent Relationship": "InitPlan","Subplan Name": "InitPlan 1 (returns $2)","Parallel Aware": false,"Async Capable": false,"Startup Cost": 4434.26,"Total Cost": 4434.27,"Plan Rows": 1,"Plan Width": 32,"Actual Startup Time": 127.406,"Actual Total Time": 127.426,"Actual Rows": 1,"Actual Loops": 1,"Plans": [{"Node Type": "Nested Loop","Parent Relationship": "Outer","Parallel Aware": false,"Async Capable": false,"Join Type": "Inner","Startup Cost": 7.81,"Total Cost": 4194.26,"Plan Rows": 32000,"Plan Width": 10,"Actual Startup Time": 0.226,"Actual Total Time": 120.281,"Actual Rows": 30400,"Actual Loops": 1,"Inner Unique": false,"Plans": [{"Node Type": "Nested Loop","Parent Relationship": "Outer","Parallel Aware": false,"Async Capable": false,"Join Type": "Inner","Startup Cost": 7.38,"Total Cost": 244.58,"Plan Rows": 400,"Plan Width": 4,"Actual Startup Time": 0.174,"Actual Total Time": 1.741,"Actual Rows": 380,"Actual Loops": 1,"Inner Unique": false,"Plans": [{"Node Type": "Seq Scan","Parent Relationship": "Outer","Parallel Aware": false,"Async Capable": false,"Relation Name": "nation","Alias": "nation_1","Startup Cost": 0.00,"Total Cost": 1.31,"Plan Rows": 1,"Plan Width": 4,"Actual Startup Time": 0.028,"Actual Total Time": 0.042,"Actual Rows": 1,"Actual Loops": 1,"Filter": "(n_name = 'ETHIOPIA'::bpchar)","Rows Removed by Filter": 24},{"Node Type": "Bitmap Heap Scan","Parent Relationship": "Inner","Parallel Aware": false,"Async Capable": false,"Relation Name": "supplier","Alias": "supplier_1","Startup Cost": 7.38,"Total Cost": 239.27,"Plan Rows": 400,"Plan Width": 8,"Actual Startup Time": 0.130,"Actual Total Time": 1.641,"Actual Rows": 380,"Actual Loops": 1,"Recheck Cond": "(s_nationkey = nation_1.n_nationkey)","Rows Removed by Index Recheck": 0,"Exact Heap Blocks": 192,"Lossy Heap Blocks": 0,"Plans": [{"Node Type": "Bitmap Index Scan","Parent Relationship": "Outer","Parallel Aware": false,"Async Capable": false,"Index Name": "idx_supplier_nation_key","Startup Cost": 0.00,"Total Cost": 7.29,"Plan Rows": 400,"Plan Width": 0,"Actual Startup Time": 0.089,"Actual Total Time": 0.091,"Actual Rows": 380,"Actual Loops": 1,"Index Cond": "(s_nationkey = nation_1.n_nationkey)"}]}]},{"Node Type": "Index Scan","Parent Relationship": "Inner","Parallel Aware": false,"Async Capable": false,"Scan Direction": "Forward","Index Name": "idx_partsupp_suppkey","Relation Name": "partsupp","Alias": "partsupp_1","Startup Cost": 0.42,"Total Cost": 9.07,"Plan Rows": 80,"Plan Width": 14,"Actual Startup Time": 0.015,"Actual Total Time": 0.299,"Actual Rows": 80,"Actual Loops": 380,"Index Cond": "(ps_suppkey = supplier_1.s_suppkey)","Rows Removed by Index Recheck": 0}]}]},{"Node Type": "Aggregate","Strategy": "Hashed","Partial Mode": "Simple","Parent Relationship": "Outer","Parallel Aware": false,"Async Capable": false,"Startup Cost": 4514.26,"Total Cost": 4994.26,"Plan Rows": 10667,"Plan Width": 36,"Actual Startup Time": 359.706,"Actual Total Time": 426.732,"Actual Rows": 1241,"Actual Loops": 1,"Group Key": ["partsupp.ps_partkey"],"Filter": "(sum((partsupp.ps_supplycost * (partsupp.ps_availqty)::numeric)) > $2)","Planned Partitions": 0,"HashAgg Batches": 1,"Peak Memory Usage": 17937,"Disk Usage": 0,"Rows Removed by Filter": 27374,"Plans": [{"Node Type": "Nested Loop","Parent Relationship": "Outer","Parallel Aware": false,"Async Capable": false,"Join Type": "Inner","Startup Cost": 7.81,"Total Cost": 4194.26,"Plan Rows": 32000,"Plan Width": 14,"Actual Startup Time": 0.377,"Actual Total Time": 187.744,"Actual Rows": 30400,"Actual Loops": 1,"Inner Unique": false,"Plans": [{"Node Type": "Nested Loop","Parent Relationship": "Outer","Parallel Aware": false,"Async Capable": false,"Join Type": "Inner","Startup Cost": 7.38,"Total Cost": 244.58,"Plan Rows": 400,"Plan Width": 4,"Actual Startup Time": 0.305,"Actual Total Time": 2.864,"Actual Rows": 380,"Actual Loops": 1,"Inner Unique": false,"Plans": [{"Node Type": "Seq Scan","Parent Relationship": "Outer","Parallel Aware": false,"Async Capable": false,"Relation Name": "nation","Alias": "nation","Startup Cost": 0.00,"Total Cost": 1.31,"Plan Rows": 1,"Plan Width": 4,"Actual Startup Time": 0.073,"Actual Total Time": 0.091,"Actual Rows": 1,"Actual Loops": 1,"Filter": "(n_name = 'ETHIOPIA'::bpchar)","Rows Removed by Filter": 24},{"Node Type": "Bitmap Heap Scan","Parent Relationship": "Inner","Parallel Aware": false,"Async Capable": false,"Relation Name": "supplier","Alias": "supplier","Startup Cost": 7.38,"Total Cost": 239.27,"Plan Rows": 400,"Plan Width": 8,"Actual Startup Time": 0.228,"Actual Total Time": 2.728,"Actual Rows": 380,"Actual Loops": 1,"Recheck Cond": "(s_nationkey = nation.n_nationkey)","Rows Removed by Index Recheck": 0,"Exact Heap Blocks": 192,"Lossy Heap Blocks": 0,"Plans": [{"Node Type": "Bitmap Index Scan","Parent Relationship": "Outer","Parallel Aware": false,"Async Capable": false,"Index Name": "idx_supplier_nation_key","Startup Cost": 0.00,"Total Cost": 7.29,"Plan Rows": 400,"Plan Width": 0,"Actual Startup Time": 0.146,"Actual Total Time": 0.146,"Actual Rows": 380,"Actual Loops": 1,"Index Cond": "(s_nationkey = nation.n_nationkey)"}]}]},{"Node Type": "Index Scan","Parent Relationship": "Inner","Parallel Aware": false,"Async Capable": false,"Scan Direction": "Forward","Index Name": "idx_partsupp_suppkey","Relation Name": "partsupp","Alias": "partsupp","Startup Cost": 0.42,"Total Cost": 9.07,"Plan Rows": 80,"Plan Width": 18,"Actual Startup Time": 0.020,"Actual Total Time": 0.475,"Actual Rows": 80,"Actual Loops": 380,"Index Cond": "(ps_suppkey = supplier.s_suppkey)","Rows Removed by Index Recheck": 0}]}]}]},"Planning Time": 7.180,"Triggers": [],"Execution Time": 429.797}]
[{"Plan": {"Node Type": "Sort","Parallel Aware": false,"Async Capable": false,"Startup Cost": 10142.20,"Total Cost": 10168.87,"Plan Rows": 10667,"Plan Width": 36,"Actual Startup Time": 449.560,"Actual Total Time": 449.671,"Actual Rows": 907,"Actual Loops": 1,"Sort Key": ["(sum((partsupp.ps_supplycost * (partsupp.ps_availqty)::numeric))) DESC"],"Sort Method": "quicksort","Sort Space Used": 74,"Sort Space Type": "Memory","Plans": [{"Node Type": "Aggregate","Strategy": "Plain","Partial Mode": "Simple","Parent Relationship": "InitPlan","Subplan Name": "InitPlan 1 (returns $2)","Parallel Aware": false,"Async Capable": false,"Startup Cost": 4434.26,"Total Cost": 4434.27,"Plan Rows": 1,"Plan Width": 32,"Actual Startup Time": 134.911,"Actual Total Time": 134.932,"Actual Rows": 1,"Actual Loops": 1,"Plans": [{"Node Type": "Nested Loop","Parent Relationship": "Outer","Parallel Aware": false,"Async Capable": false,"Join Type": "Inner","Startup Cost": 7.81,"Total Cost": 4194.26,"Plan Rows": 32000,"Plan Width": 10,"Actual Startup Time": 0.196,"Actual Total Time": 127.626,"Actual Rows": 31760,"Actual Loops": 1,"Inner Unique": false,"Plans": [{"Node Type": "Nested Loop","Parent Relationship": "Outer","Parallel Aware": false,"Async Capable": false,"Join Type": "Inner","Startup Cost": 7.38,"Total Cost": 244.58,"Plan Rows": 400,"Plan Width": 4,"Actual Startup Time": 0.146,"Actual Total Time": 1.719,"Actual Rows": 397,"Actual Loops": 1,"Inner Unique": false,"Plans": [{"Node Type": "Seq Scan","Parent Relationship": "Outer","Parallel Aware": false,"Async Capable": false,"Relation Name": "nation","Alias": "nation_1","Startup Cost": 0.00,"Total Cost": 1.31,"Plan Rows": 1,"Plan Width": 4,"Actual Startup Time": 0.024,"Actual Total Time": 0.052,"Actual Rows": 1,"Actual Loops": 1,"Filter": "(n_name = 'BRAZIL'::bpchar)","Rows Removed by Filter": 24},{"Node Type": "Bitmap Heap Scan","Parent Relationship": "Inner","Parallel Aware": false,"Async Capable": false,"Relation Name": "supplier","Alias": "supplier_1","Startup Cost": 7.38,"Total Cost": 239.27,"Plan Rows": 400,"Plan Width": 8,"Actual Startup Time": 0.105,"Actual Total Time": 1.602,"Actual Rows": 397,"Actual Loops": 1,"Recheck Cond": "(s_nationkey = nation_1.n_nationkey)","Rows Removed by Index Recheck": 0,"Exact Heap Blocks": 187,"Lossy Heap Blocks": 0,"Plans": [{"Node Type": "Bitmap Index Scan","Parent Relationship": "Outer","Parallel Aware": false,"Async Capable": false,"Index Name": "idx_supplier_nation_key","Startup Cost": 0.00,"Total Cost": 7.29,"Plan Rows": 400,"Plan Width": 0,"Actual Startup Time": 0.071,"Actual Total Time": 0.077,"Actual Rows": 397,"Actual Loops": 1,"Index Cond": "(s_nationkey = nation_1.n_nationkey)"}]}]},{"Node Type": "Index Scan","Parent Relationship": "Inner","Parallel Aware": false,"Async Capable": false,"Scan Direction": "Forward","Index Name": "idx_partsupp_suppkey","Relation Name": "partsupp","Alias": "partsupp_1","Startup Cost": 0.42,"Total Cost": 9.07,"Plan Rows": 80,"Plan Width": 14,"Actual Startup Time": 0.015,"Actual Total Time": 0.304,"Actual Rows": 80,"Actual Loops": 397,"Index Cond": "(ps_suppkey = supplier_1.s_suppkey)","Rows Removed by Index Recheck": 0}]}]},{"Node Type": "Aggregate","Strategy": "Hashed","Partial Mode": "Simple","Parent Relationship": "Outer","Parallel Aware": false,"Async Capable": false,"Startup Cost": 4514.26,"Total Cost": 4994.26,"Plan Rows": 10667,"Plan Width": 36,"Actual Startup Time": 378.380,"Actual Total Time": 449.162,"Actual Rows": 907,"Actual Loops": 1,"Group Key": ["partsupp.ps_partkey"],"Filter": "(sum((partsupp.ps_supplycost * (partsupp.ps_availqty)::numeric)) > $2)","Planned Partitions": 0,"HashAgg Batches": 1,"Peak Memory Usage": 17937,"Disk Usage": 0,"Rows Removed by Filter": 29157,"Plans": [{"Node Type": "Nested Loop","Parent Relationship": "Outer","Parallel Aware": false,"Async Capable": false,"Join Type": "Inner","Startup Cost": 7.81,"Total Cost": 4194.26,"Plan Rows": 32000,"Plan Width": 14,"Actual Startup Time": 0.353,"Actual Total Time": 195.500,"Actual Rows": 31760,"Actual Loops": 1,"Inner Unique": false,"Plans": [{"Node Type": "Nested Loop","Parent Relationship": "Outer","Parallel Aware": false,"Async Capable": false,"Join Type": "Inner","Startup Cost": 7.38,"Total Cost": 244.58,"Plan Rows": 400,"Plan Width": 4,"Actual Startup Time": 0.264,"Actual Total Time": 2.773,"Actual Rows": 397,"Actual Loops": 1,"Inner Unique": false,"Plans": [{"Node Type": "Seq Scan","Parent Relationship": "Outer","Parallel Aware": false,"Async Capable": false,"Relation Name": "nation","Alias": "nation","Startup Cost": 0.00,"Total Cost": 1.31,"Plan Rows": 1,"Plan Width": 4,"Actual Startup Time": 0.057,"Actual Total Time": 0.077,"Actual Rows": 1,"Actual Loops": 1,"Filter": "(n_name = 'BRAZIL'::bpchar)","Rows Removed by Filter": 24},{"Node Type": "Bitmap Heap Scan","Parent Relationship": "Inner","Parallel Aware": false,"Async Capable": false,"Relation Name": "supplier","Alias": "supplier","Startup Cost": 7.38,"Total Cost": 239.27,"Plan Rows": 400,"Plan Width": 8,"Actual Startup Time": 0.205,"Actual Total Time": 2.649,"Actual Rows": 397,"Actual Loops": 1,"Recheck Cond": "(s_nationkey = nation.n_nationkey)","Rows Removed by Index Recheck": 0,"Exact Heap Blocks": 187,"Lossy Heap Blocks": 0,"Plans": [{"Node Type": "Bitmap Index Scan","Parent Relationship": "Outer","Parallel Aware": false,"Async Capable": false,"Index Name": "idx_supplier_nation_key","Startup Cost": 0.00,"Total Cost": 7.29,"Plan Rows": 400,"Plan Width": 0,"Actual Startup Time": 0.130,"Actual Total Time": 0.131,"Actual Rows": 397,"Actual Loops": 1,"Index Cond": "(s_nationkey = nation.n_nationkey)"}]}]},{"Node Type": "Index Scan","Parent Relationship": "Inner","Parallel Aware": false,"Async Capable": false,"Scan Direction": "Forward","Index Name": "idx_partsupp_suppkey","Relation Name": "partsupp","Alias": "partsupp","Startup Cost": 0.42,"Total Cost": 9.07,"Plan Rows": 80,"Plan Width": 18,"Actual Startup Time": 0.020,"Actual Total Time": 0.474,"Actual Rows": 80,"Actual Loops": 397,"Index Cond": "(ps_suppkey = supplier.s_suppkey)","Rows Removed by Index Recheck": 0}]}]}]},"Planning Time": 5.165,"Triggers": [],"Execution Time": 452.133}]
[{"Plan": {"Node Type": "Sort","Parallel Aware": false,"Async Capable": false,"Startup Cost": 10142.20,"Total Cost": 10168.87,"Plan Rows": 10667,"Plan Width": 36,"Actual Startup Time": 448.613,"Actual Total Time": 448.730,"Actual Rows": 888,"Actual Loops": 1,"Sort Key": ["(sum((partsupp.ps_supplycost * (partsupp.ps_availqty)::numeric))) DESC"],"Sort Method": "quicksort","Sort Space Used": 73,"Sort Space Type": "Memory","Plans": [{"Node Type": "Aggregate","Strategy": "Plain","Partial Mode": "Simple","Parent Relationship": "InitPlan","Subplan Name": "InitPlan 1 (returns $2)","Parallel Aware": false,"Async Capable": false,"Startup Cost": 4434.26,"Total Cost": 4434.27,"Plan Rows": 1,"Plan Width": 32,"Actual Startup Time": 133.715,"Actual Total Time": 133.740,"Actual Rows": 1,"Actual Loops": 1,"Plans": [{"Node Type": "Nested Loop","Parent Relationship": "Outer","Parallel Aware": false,"Async Capable": false,"Join Type": "Inner","Startup Cost": 7.81,"Total Cost": 4194.26,"Plan Rows": 32000,"Plan Width": 10,"Actual Startup Time": 0.220,"Actual Total Time": 126.229,"Actual Rows": 32400,"Actual Loops": 1,"Inner Unique": false,"Plans": [{"Node Type": "Nested Loop","Parent Relationship": "Outer","Parallel Aware": false,"Async Capable": false,"Join Type": "Inner","Startup Cost": 7.38,"Total Cost": 244.58,"Plan Rows": 400,"Plan Width": 4,"Actual Startup Time": 0.174,"Actual Total Time": 1.918,"Actual Rows": 405,"Actual Loops": 1,"Inner Unique": false,"Plans": [{"Node Type": "Seq Scan","Parent Relationship": "Outer","Parallel Aware": false,"Async Capable": false,"Relation Name": "nation","Alias": "nation_1","Startup Cost": 0.00,"Total Cost": 1.31,"Plan Rows": 1,"Plan Width": 4,"Actual Startup Time": 0.049,"Actual Total Time": 0.070,"Actual Rows": 1,"Actual Loops": 1,"Filter": "(n_name = 'INDONESIA'::bpchar)","Rows Removed by Filter": 24},{"Node Type": "Bitmap Heap Scan","Parent Relationship": "Inner","Parallel Aware": false,"Async Capable": false,"Relation Name": "supplier","Alias": "supplier_1","Startup Cost": 7.38,"Total Cost": 239.27,"Plan Rows": 400,"Plan Width": 8,"Actual Startup Time": 0.105,"Actual Total Time": 1.781,"Actual Rows": 405,"Actual Loops": 1,"Recheck Cond": "(s_nationkey = nation_1.n_nationkey)","Rows Removed by Index Recheck": 0,"Exact Heap Blocks": 192,"Lossy Heap Blocks": 0,"Plans": [{"Node Type": "Bitmap Index Scan","Parent Relationship": "Outer","Parallel Aware": false,"Async Capable": false,"Index Name": "idx_supplier_nation_key","Startup Cost": 0.00,"Total Cost": 7.29,"Plan Rows": 400,"Plan Width": 0,"Actual Startup Time": 0.069,"Actual Total Time": 0.075,"Actual Rows": 405,"Actual Loops": 1,"Index Cond": "(s_nationkey = nation_1.n_nationkey)"}]}]},{"Node Type": "Index Scan","Parent Relationship": "Inner","Parallel Aware": false,"Async Capable": false,"Scan Direction": "Forward","Index Name": "idx_partsupp_suppkey","Relation Name": "partsupp","Alias": "partsupp_1","Startup Cost": 0.42,"Total Cost": 9.07,"Plan Rows": 80,"Plan Width": 14,"Actual Startup Time": 0.014,"Actual Total Time": 0.294,"Actual Rows": 80,"Actual Loops": 405,"Index Cond": "(ps_suppkey = supplier_1.s_suppkey)","Rows Removed by Index Recheck": 0}]}]},{"Node Type": "Aggregate","Strategy": "Hashed","Partial Mode": "Simple","Parent Relationship": "Outer","Parallel Aware": false,"Async Capable": false,"Startup Cost": 4514.26,"Total Cost": 4994.26,"Plan Rows": 10667,"Plan Width": 36,"Actual Startup Time": 376.503,"Actual Total Time": 448.157,"Actual Rows": 888,"Actual Loops": 1,"Group Key": ["partsupp.ps_partkey"],"Filter": "(sum((partsupp.ps_supplycost * (partsupp.ps_availqty)::numeric)) > $2)","Planned Partitions": 0,"HashAgg Batches": 1,"Peak Memory Usage": 17937,"Disk Usage": 0,"Rows Removed by Filter": 29597,"Plans": [{"Node Type": "Nested Loop","Parent Relationship": "Outer","Parallel Aware": false,"Async Capable": false,"Join Type": "Inner","Startup Cost": 7.81,"Total Cost": 4194.26,"Plan Rows": 32000,"Plan Width": 14,"Actual Startup Time": 0.375,"Actual Total Time": 200.721,"Actual Rows": 32400,"Actual Loops": 1,"Inner Unique": false,"Plans": [{"Node Type": "Nested Loop","Parent Relationship": "Outer","Parallel Aware": false,"Async Capable": false,"Join Type": "Inner","Startup Cost": 7.38,"Total Cost": 244.58,"Plan Rows": 400,"Plan Width": 4,"Actual Startup Time": 0.269,"Actual Total Time": 2.791,"Actual Rows": 405,"Actual Loops": 1,"Inner Unique": false,"Plans": [{"Node Type": "Seq Scan","Parent Relationship": "Outer","Parallel Aware": false,"Async Capable": false,"Relation Name": "nation","Alias": "nation","Startup Cost": 0.00,"Total Cost": 1.31,"Plan Rows": 1,"Plan Width": 4,"Actual Startup Time": 0.076,"Actual Total Time": 0.092,"Actual Rows": 1,"Actual Loops": 1,"Filter": "(n_name = 'INDONESIA'::bpchar)","Rows Removed by Filter": 24},{"Node Type": "Bitmap Heap Scan","Parent Relationship": "Inner","Parallel Aware": false,"Async Capable": false,"Relation Name": "supplier","Alias": "supplier","Startup Cost": 7.38,"Total Cost": 239.27,"Plan Rows": 400,"Plan Width": 8,"Actual Startup Time": 0.187,"Actual Total Time": 2.648,"Actual Rows": 405,"Actual Loops": 1,"Recheck Cond": "(s_nationkey = nation.n_nationkey)","Rows Removed by Index Recheck": 0,"Exact Heap Blocks": 192,"Lossy Heap Blocks": 0,"Plans": [{"Node Type": "Bitmap Index Scan","Parent Relationship": "Outer","Parallel Aware": false,"Async Capable": false,"Index Name": "idx_supplier_nation_key","Startup Cost": 0.00,"Total Cost": 7.29,"Plan Rows": 400,"Plan Width": 0,"Actual Startup Time": 0.121,"Actual Total Time": 0.124,"Actual Rows": 405,"Actual Loops": 1,"Index Cond": "(s_nationkey = nation.n_nationkey)"}]}]},{"Node Type": "Index Scan","Parent Relationship": "Inner","Parallel Aware": false,"Async Capable": false,"Scan Direction": "Forward","Index Name": "idx_partsupp_suppkey","Relation Name": "partsupp","Alias": "partsupp","Startup Cost": 0.42,"Total Cost": 9.07,"Plan Rows": 80,"Plan Width": 18,"Actual Startup Time": 0.019,"Actual Total Time": 0.477,"Actual Rows": 80,"Actual Loops": 405,"Index Cond": "(ps_suppkey = supplier.s_suppkey)","Rows Removed by Index Recheck": 0}]}]}]},"Planning Time": 7.214,"Triggers": [],"Execution Time": 451.949}]
[{"Plan": {"Node Type": "Sort","Parallel Aware": false,"Async Capable": false,"Startup Cost": 10142.20,"Total Cost": 10168.87,"Plan Rows": 10667,"Plan Width": 36,"Actual Startup Time": 443.389,"Actual Total Time": 443.514,"Actual Rows": 1031,"Actual Loops": 1,"Sort Key": ["(sum((partsupp.ps_supplycost * (partsupp.ps_availqty)::numeric))) DESC"],"Sort Method": "quicksort","Sort Space Used": 105,"Sort Space Type": "Memory","Plans": [{"Node Type": "Aggregate","Strategy": "Plain","Partial Mode": "Simple","Parent Relationship": "InitPlan","Subplan Name": "InitPlan 1 (returns $2)","Parallel Aware": false,"Async Capable": false,"Startup Cost": 4434.26,"Total Cost": 4434.27,"Plan Rows": 1,"Plan Width": 32,"Actual Startup Time": 132.940,"Actual Total Time": 132.957,"Actual Rows": 1,"Actual Loops": 1,"Plans": [{"Node Type": "Nested Loop","Parent Relationship": "Outer","Parallel Aware": false,"Async Capable": false,"Join Type": "Inner","Startup Cost": 7.81,"Total Cost": 4194.26,"Plan Rows": 32000,"Plan Width": 10,"Actual Startup Time": 0.263,"Actual Total Time": 125.681,"Actual Rows": 31440,"Actual Loops": 1,"Inner Unique": false,"Plans": [{"Node Type": "Nested Loop","Parent Relationship": "Outer","Parallel Aware": false,"Async Capable": false,"Join Type": "Inner","Startup Cost": 7.38,"Total Cost": 244.58,"Plan Rows": 400,"Plan Width": 4,"Actual Startup Time": 0.205,"Actual Total Time": 1.775,"Actual Rows": 393,"Actual Loops": 1,"Inner Unique": false,"Plans": [{"Node Type": "Seq Scan","Parent Relationship": "Outer","Parallel Aware": false,"Async Capable": false,"Relation Name": "nation","Alias": "nation_1","Startup Cost": 0.00,"Total Cost": 1.31,"Plan Rows": 1,"Plan Width": 4,"Actual Startup Time": 0.056,"Actual Total Time": 0.062,"Actual Rows": 1,"Actual Loops": 1,"Filter": "(n_name = 'UNITED STATES'::bpchar)","Rows Removed by Filter": 24},{"Node Type": "Bitmap Heap Scan","Parent Relationship": "Inner","Parallel Aware": false,"Async Capable": false,"Relation Name": "supplier","Alias": "supplier_1","Startup Cost": 7.38,"Total Cost": 239.27,"Plan Rows": 400,"Plan Width": 8,"Actual Startup Time": 0.126,"Actual Total Time": 1.648,"Actual Rows": 393,"Actual Loops": 1,"Recheck Cond": "(s_nationkey = nation_1.n_nationkey)","Rows Removed by Index Recheck": 0,"Exact Heap Blocks": 181,"Lossy Heap Blocks": 0,"Plans": [{"Node Type": "Bitmap Index Scan","Parent Relationship": "Outer","Parallel Aware": false,"Async Capable": false,"Index Name": "idx_supplier_nation_key","Startup Cost": 0.00,"Total Cost": 7.29,"Plan Rows": 400,"Plan Width": 0,"Actual Startup Time": 0.087,"Actual Total Time": 0.091,"Actual Rows": 393,"Actual Loops": 1,"Index Cond": "(s_nationkey = nation_1.n_nationkey)"}]}]},{"Node Type": "Index Scan","Parent Relationship": "Inner","Parallel Aware": false,"Async Capable": false,"Scan Direction": "Forward","Index Name": "idx_partsupp_suppkey","Relation Name": "partsupp","Alias": "partsupp_1","Startup Cost": 0.42,"Total Cost": 9.07,"Plan Rows": 80,"Plan Width": 14,"Actual Startup Time": 0.015,"Actual Total Time": 0.303,"Actual Rows": 80,"Actual Loops": 393,"Index Cond": "(ps_suppkey = supplier_1.s_suppkey)","Rows Removed by Index Recheck": 0}]}]},{"Node Type": "Aggregate","Strategy": "Hashed","Partial Mode": "Simple","Parent Relationship": "Outer","Parallel Aware": false,"Async Capable": false,"Startup Cost": 4514.26,"Total Cost": 4994.26,"Plan Rows": 10667,"Plan Width": 36,"Actual Startup Time": 371.004,"Actual Total Time": 442.894,"Actual Rows": 1031,"Actual Loops": 1,"Group Key": ["partsupp.ps_partkey"],"Filter": "(sum((partsupp.ps_supplycost * (partsupp.ps_availqty)::numeric)) > $2)","Planned Partitions": 0,"HashAgg Batches": 1,"Peak Memory Usage": 17937,"Disk Usage": 0,"Rows Removed by Filter": 28434,"Plans": [{"Node Type": "Nested Loop","Parent Relationship": "Outer","Parallel Aware": false,"Async Capable": false,"Join Type": "Inner","Startup Cost": 7.81,"Total Cost": 4194.26,"Plan Rows": 32000,"Plan Width": 14,"Actual Startup Time": 0.317,"Actual Total Time": 191.179,"Actual Rows": 31440,"Actual Loops": 1,"Inner Unique": false,"Plans": [{"Node Type": "Nested Loop","Parent Relationship": "Outer","Parallel Aware": false,"Async Capable": false,"Join Type": "Inner","Startup Cost": 7.38,"Total Cost": 244.58,"Plan Rows": 400,"Plan Width": 4,"Actual Startup Time": 0.258,"Actual Total Time": 2.692,"Actual Rows": 393,"Actual Loops": 1,"Inner Unique": false,"Plans": [{"Node Type": "Seq Scan","Parent Relationship": "Outer","Parallel Aware": false,"Async Capable": false,"Relation Name": "nation","Alias": "nation","Startup Cost": 0.00,"Total Cost": 1.31,"Plan Rows": 1,"Plan Width": 4,"Actual Startup Time": 0.065,"Actual Total Time": 0.076,"Actual Rows": 1,"Actual Loops": 1,"Filter": "(n_name = 'UNITED STATES'::bpchar)","Rows Removed by Filter": 24},{"Node Type": "Bitmap Heap Scan","Parent Relationship": "Inner","Parallel Aware": false,"Async Capable": false,"Relation Name": "supplier","Alias": "supplier","Startup Cost": 7.38,"Total Cost": 239.27,"Plan Rows": 400,"Plan Width": 8,"Actual Startup Time": 0.185,"Actual Total Time": 2.562,"Actual Rows": 393,"Actual Loops": 1,"Recheck Cond": "(s_nationkey = nation.n_nationkey)","Rows Removed by Index Recheck": 0,"Exact Heap Blocks": 181,"Lossy Heap Blocks": 0,"Plans": [{"Node Type": "Bitmap Index Scan","Parent Relationship": "Outer","Parallel Aware": false,"Async Capable": false,"Index Name": "idx_supplier_nation_key","Startup Cost": 0.00,"Total Cost": 7.29,"Plan Rows": 400,"Plan Width": 0,"Actual Startup Time": 0.119,"Actual Total Time": 0.122,"Actual Rows": 393,"Actual Loops": 1,"Index Cond": "(s_nationkey = nation.n_nationkey)"}]}]},{"Node Type": "Index Scan","Parent Relationship": "Inner","Parallel Aware": false,"Async Capable": false,"Scan Direction": "Forward","Index Name": "idx_partsupp_suppkey","Relation Name": "partsupp","Alias": "partsupp","Startup Cost": 0.42,"Total Cost": 9.07,"Plan Rows": 80,"Plan Width": 18,"Actual Startup Time": 0.020,"Actual Total Time": 0.468,"Actual Rows": 80,"Actual Loops": 393,"Index Cond": "(ps_suppkey = supplier.s_suppkey)","Rows Removed by Index Recheck": 0}]}]}]},"Planning Time": 7.102,"Triggers": [],"Execution Time": 445.930}]
[{"Plan": {"Node Type": "Sort","Parallel Aware": false,"Async Capable": false,"Startup Cost": 10142.20,"Total Cost": 10168.87,"Plan Rows": 10667,"Plan Width": 36,"Actual Startup Time": 451.065,"Actual Total Time": 451.181,"Actual Rows": 838,"Actual Loops": 1,"Sort Key": ["(sum((partsupp.ps_supplycost * (partsupp.ps_availqty)::numeric))) DESC"],"Sort Method": "quicksort","Sort Space Used": 70,"Sort Space Type": "Memory","Plans": [{"Node Type": "Aggregate","Strategy": "Plain","Partial Mode": "Simple","Parent Relationship": "InitPlan","Subplan Name": "InitPlan 1 (returns $2)","Parallel Aware": false,"Async Capable": false,"Startup Cost": 4434.26,"Total Cost": 4434.27,"Plan Rows": 1,"Plan Width": 32,"Actual Startup Time": 132.717,"Actual Total Time": 132.742,"Actual Rows": 1,"Actual Loops": 1,"Plans": [{"Node Type": "Nested Loop","Parent Relationship": "Outer","Parallel Aware": false,"Async Capable": false,"Join Type": "Inner","Startup Cost": 7.81,"Total Cost": 4194.26,"Plan Rows": 32000,"Plan Width": 10,"Actual Startup Time": 0.228,"Actual Total Time": 125.275,"Actual Rows": 32480,"Actual Loops": 1,"Inner Unique": false,"Plans": [{"Node Type": "Nested Loop","Parent Relationship": "Outer","Parallel Aware": false,"Async Capable": false,"Join Type": "Inner","Startup Cost": 7.38,"Total Cost": 244.58,"Plan Rows": 400,"Plan Width": 4,"Actual Startup Time": 0.174,"Actual Total Time": 1.839,"Actual Rows": 406,"Actual Loops": 1,"Inner Unique": false,"Plans": [{"Node Type": "Seq Scan","Parent Relationship": "Outer","Parallel Aware": false,"Async Capable": false,"Relation Name": "nation","Alias": "nation_1","Startup Cost": 0.00,"Total Cost": 1.31,"Plan Rows": 1,"Plan Width": 4,"Actual Startup Time": 0.052,"Actual Total Time": 0.067,"Actual Rows": 1,"Actual Loops": 1,"Filter": "(n_name = 'MOZAMBIQUE'::bpchar)","Rows Removed by Filter": 24},{"Node Type": "Bitmap Heap Scan","Parent Relationship": "Inner","Parallel Aware": false,"Async Capable": false,"Relation Name": "supplier","Alias": "supplier_1","Startup Cost": 7.38,"Total Cost": 239.27,"Plan Rows": 400,"Plan Width": 8,"Actual Startup Time": 0.112,"Actual Total Time": 1.721,"Actual Rows": 406,"Actual Loops": 1,"Recheck Cond": "(s_nationkey = nation_1.n_nationkey)","Rows Removed by Index Recheck": 0,"Exact Heap Blocks": 186,"Lossy Heap Blocks": 0,"Plans": [{"Node Type": "Bitmap Index Scan","Parent Relationship": "Outer","Parallel Aware": false,"Async Capable": false,"Index Name": "idx_supplier_nation_key","Startup Cost": 0.00,"Total Cost": 7.29,"Plan Rows": 400,"Plan Width": 0,"Actual Startup Time": 0.075,"Actual Total Time": 0.080,"Actual Rows": 406,"Actual Loops": 1,"Index Cond": "(s_nationkey = nation_1.n_nationkey)"}]}]},{"Node Type": "Index Scan","Parent Relationship": "Inner","Parallel Aware": false,"Async Capable": false,"Scan Direction": "Forward","Index Name": "idx_partsupp_suppkey","Relation Name": "partsupp","Alias": "partsupp_1","Startup Cost": 0.42,"Total Cost": 9.07,"Plan Rows": 80,"Plan Width": 14,"Actual Startup Time": 0.015,"Actual Total Time": 0.292,"Actual Rows": 80,"Actual Loops": 406,"Index Cond": "(ps_suppkey = supplier_1.s_suppkey)","Rows Removed by Index Recheck": 0}]}]},{"Node Type": "Aggregate","Strategy": "Hashed","Partial Mode": "Simple","Parent Relationship": "Outer","Parallel Aware": false,"Async Capable": false,"Startup Cost": 4514.26,"Total Cost": 4994.26,"Plan Rows": 10667,"Plan Width": 36,"Actual Startup Time": 378.862,"Actual Total Time": 450.673,"Actual Rows": 838,"Actual Loops": 1,"Group Key": ["partsupp.ps_partkey"],"Filter": "(sum((partsupp.ps_supplycost * (partsupp.ps_availqty)::numeric)) > $2)","Planned Partitions": 0,"HashAgg Batches": 1,"Peak Memory Usage": 17937,"Disk Usage": 0,"Rows Removed by Filter": 29832,"Plans": [{"Node Type": "Nested Loop","Parent Relationship": "Outer","Parallel Aware": false,"Async Capable": false,"Join Type": "Inner","Startup Cost": 7.81,"Total Cost": 4194.26,"Plan Rows": 32000,"Plan Width": 14,"Actual Startup Time": 0.382,"Actual Total Time": 202.282,"Actual Rows": 32480,"Actual Loops": 1,"Inner Unique": false,"Plans": [{"Node Type": "Nested Loop","Parent Relationship": "Outer","Parallel Aware": false,"Async Capable": false,"Join Type": "Inner","Startup Cost": 7.38,"Total Cost": 244.58,"Plan Rows": 400,"Plan Width": 4,"Actual Startup Time": 0.293,"Actual Total Time": 2.810,"Actual Rows": 406,"Actual Loops": 1,"Inner Unique": false,"Plans": [{"Node Type": "Seq Scan","Parent Relationship": "Outer","Parallel Aware": false,"Async Capable": false,"Relation Name": "nation","Alias": "nation","Startup Cost": 0.00,"Total Cost": 1.31,"Plan Rows": 1,"Plan Width": 4,"Actual Startup Time": 0.067,"Actual Total Time": 0.098,"Actual Rows": 1,"Actual Loops": 1,"Filter": "(n_name = 'MOZAMBIQUE'::bpchar)","Rows Removed by Filter": 24},{"Node Type": "Bitmap Heap Scan","Parent Relationship": "Inner","Parallel Aware": false,"Async Capable": false,"Relation Name": "supplier","Alias": "supplier","Startup Cost": 7.38,"Total Cost": 239.27,"Plan Rows": 400,"Plan Width": 8,"Actual Startup Time": 0.220,"Actual Total Time": 2.658,"Actual Rows": 406,"Actual Loops": 1,"Recheck Cond": "(s_nationkey = nation.n_nationkey)","Rows Removed by Index Recheck": 0,"Exact Heap Blocks": 186,"Lossy Heap Blocks": 0,"Plans": [{"Node Type": "Bitmap Index Scan","Parent Relationship": "Outer","Parallel Aware": false,"Async Capable": false,"Index Name": "idx_supplier_nation_key","Startup Cost": 0.00,"Total Cost": 7.29,"Plan Rows": 400,"Plan Width": 0,"Actual Startup Time": 0.147,"Actual Total Time": 0.149,"Actual Rows": 406,"Actual Loops": 1,"Index Cond": "(s_nationkey = nation.n_nationkey)"}]}]},{"Node Type": "Index Scan","Parent Relationship": "Inner","Parallel Aware": false,"Async Capable": false,"Scan Direction": "Forward","Index Name": "idx_partsupp_suppkey","Relation Name": "partsupp","Alias": "partsupp","Startup Cost": 0.42,"Total Cost": 9.07,"Plan Rows": 80,"Plan Width": 18,"Actual Startup Time": 0.020,"Actual Total Time": 0.480,"Actual Rows": 80,"Actual Loops": 406,"Index Cond": "(ps_suppkey = supplier.s_suppkey)","Rows Removed by Index Recheck": 0}]}]}]},"Planning Time": 6.783,"Triggers": [],"Execution Time": 454.405}]
[{"Plan": {"Node Type": "Sort","Parallel Aware": false,"Async Capable": false,"Startup Cost": 10142.20,"Total Cost": 10168.87,"Plan Rows": 10667,"Plan Width": 36,"Actual Startup Time": 479.473,"Actual Total Time": 479.584,"Actual Rows": 514,"Actual Loops": 1,"Sort Key": ["(sum((partsupp.ps_supplycost * (partsupp.ps_availqty)::numeric))) DESC"],"Sort Method": "quicksort","Sort Space Used": 53,"Sort Space Type": "Memory","Plans": [{"Node Type": "Aggregate","Strategy": "Plain","Partial Mode": "Simple","Parent Relationship": "InitPlan","Subplan Name": "InitPlan 1 (returns $2)","Parallel Aware": false,"Async Capable": false,"Startup Cost": 4434.26,"Total Cost": 4434.27,"Plan Rows": 1,"Plan Width": 32,"Actual Startup Time": 141.847,"Actual Total Time": 141.875,"Actual Rows": 1,"Actual Loops": 1,"Plans": [{"Node Type": "Nested Loop","Parent Relationship": "Outer","Parallel Aware": false,"Async Capable": false,"Join Type": "Inner","Startup Cost": 7.81,"Total Cost": 4194.26,"Plan Rows": 32000,"Plan Width": 10,"Actual Startup Time": 0.217,"Actual Total Time": 133.744,"Actual Rows": 35040,"Actual Loops": 1,"Inner Unique": false,"Plans": [{"Node Type": "Nested Loop","Parent Relationship": "Outer","Parallel Aware": false,"Async Capable": false,"Join Type": "Inner","Startup Cost": 7.38,"Total Cost": 244.58,"Plan Rows": 400,"Plan Width": 4,"Actual Startup Time": 0.176,"Actual Total Time": 1.973,"Actual Rows": 438,"Actual Loops": 1,"Inner Unique": false,"Plans": [{"Node Type": "Seq Scan","Parent Relationship": "Outer","Parallel Aware": false,"Async Capable": false,"Relation Name": "nation","Alias": "nation_1","Startup Cost": 0.00,"Total Cost": 1.31,"Plan Rows": 1,"Plan Width": 4,"Actual Startup Time": 0.030,"Actual Total Time": 0.050,"Actual Rows": 1,"Actual Loops": 1,"Filter": "(n_name = 'IRAQ'::bpchar)","Rows Removed by Filter": 24},{"Node Type": "Bitmap Heap Scan","Parent Relationship": "Inner","Parallel Aware": false,"Async Capable": false,"Relation Name": "supplier","Alias": "supplier_1","Startup Cost": 7.38,"Total Cost": 239.27,"Plan Rows": 400,"Plan Width": 8,"Actual Startup Time": 0.128,"Actual Total Time": 1.851,"Actual Rows": 438,"Actual Loops": 1,"Recheck Cond": "(s_nationkey = nation_1.n_nationkey)","Rows Removed by Index Recheck": 0,"Exact Heap Blocks": 194,"Lossy Heap Blocks": 0,"Plans": [{"Node Type": "Bitmap Index Scan","Parent Relationship": "Outer","Parallel Aware": false,"Async Capable": false,"Index Name": "idx_supplier_nation_key","Startup Cost": 0.00,"Total Cost": 7.29,"Plan Rows": 400,"Plan Width": 0,"Actual Startup Time": 0.090,"Actual Total Time": 0.096,"Actual Rows": 438,"Actual Loops": 1,"Index Cond": "(s_nationkey = nation_1.n_nationkey)"}]}]},{"Node Type": "Index Scan","Parent Relationship": "Inner","Parallel Aware": false,"Async Capable": false,"Scan Direction": "Forward","Index Name": "idx_partsupp_suppkey","Relation Name": "partsupp","Alias": "partsupp_1","Startup Cost": 0.42,"Total Cost": 9.07,"Plan Rows": 80,"Plan Width": 14,"Actual Startup Time": 0.014,"Actual Total Time": 0.289,"Actual Rows": 80,"Actual Loops": 438,"Index Cond": "(ps_suppkey = supplier_1.s_suppkey)","Rows Removed by Index Recheck": 0}]}]},{"Node Type": "Aggregate","Strategy": "Hashed","Partial Mode": "Simple","Parent Relationship": "Outer","Parallel Aware": false,"Async Capable": false,"Startup Cost": 4514.26,"Total Cost": 4994.26,"Plan Rows": 10667,"Plan Width": 36,"Actual Startup Time": 398.650,"Actual Total Time": 479.180,"Actual Rows": 514,"Actual Loops": 1,"Group Key": ["partsupp.ps_partkey"],"Filter": "(sum((partsupp.ps_supplycost * (partsupp.ps_availqty)::numeric)) > $2)","Planned Partitions": 0,"HashAgg Batches": 1,"Peak Memory Usage": 17937,"Disk Usage": 0,"Rows Removed by Filter": 32385,"Plans": [{"Node Type": "Nested Loop","Parent Relationship": "Outer","Parallel Aware": false,"Async Capable": false,"Join Type": "Inner","Startup Cost": 7.81,"Total Cost": 4194.26,"Plan Rows": 32000,"Plan Width": 14,"Actual Startup Time": 0.368,"Actual Total Time": 210.024,"Actual Rows": 35040,"Actual Loops": 1,"Inner Unique": false,"Plans": [{"Node Type": "Nested Loop","Parent Relationship": "Outer","Parallel Aware": false,"Async Capable": false,"Join Type": "Inner","Startup Cost": 7.38,"Total Cost": 244.58,"Plan Rows": 400,"Plan Width": 4,"Actual Startup Time": 0.322,"Actual Total Time": 2.894,"Actual Rows": 438,"Actual Loops": 1,"Inner Unique": false,"Plans": [{"Node Type": "Seq Scan","Parent Relationship": "Outer","Parallel Aware": false,"Async Capable": false,"Relation Name": "nation","Alias": "nation","Startup Cost": 0.00,"Total Cost": 1.31,"Plan Rows": 1,"Plan Width": 4,"Actual Startup Time": 0.077,"Actual Total Time": 0.103,"Actual Rows": 1,"Actual Loops": 1,"Filter": "(n_name = 'IRAQ'::bpchar)","Rows Removed by Filter": 24},{"Node Type": "Bitmap Heap Scan","Parent Relationship": "Inner","Parallel Aware": false,"Async Capable": false,"Relation Name": "supplier","Alias": "supplier","Startup Cost": 7.38,"Total Cost": 239.27,"Plan Rows": 400,"Plan Width": 8,"Actual Startup Time": 0.239,"Actual Total Time": 2.735,"Actual Rows": 438,"Actual Loops": 1,"Recheck Cond": "(s_nationkey = nation.n_nationkey)","Rows Removed by Index Recheck": 0,"Exact Heap Blocks": 194,"Lossy Heap Blocks": 0,"Plans": [{"Node Type": "Bitmap Index Scan","Parent Relationship": "Outer","Parallel Aware": false,"Async Capable": false,"Index Name": "idx_supplier_nation_key","Startup Cost": 0.00,"Total Cost": 7.29,"Plan Rows": 400,"Plan Width": 0,"Actual Startup Time": 0.165,"Actual Total Time": 0.169,"Actual Rows": 438,"Actual Loops": 1,"Index Cond": "(s_nationkey = nation.n_nationkey)"}]}]},{"Node Type": "Index Scan","Parent Relationship": "Inner","Parallel Aware": false,"Async Capable": false,"Scan Direction": "Forward","Index Name": "idx_partsupp_suppkey","Relation Name": "partsupp","Alias": "partsupp","Startup Cost": 0.42,"Total Cost": 9.07,"Plan Rows": 80,"Plan Width": 18,"Actual Startup Time": 0.019,"Actual Total Time": 0.461,"Actual Rows": 80,"Actual Loops": 438,"Index Cond": "(ps_suppkey = supplier.s_suppkey)","Rows Removed by Index Recheck": 0}]}]}]},"Planning Time": 5.748,"Triggers": [],"Execution Time": 483.087}]
[{"Plan": {"Node Type": "Sort","Parallel Aware": false,"Async Capable": false,"Startup Cost": 10142.20,"Total Cost": 10168.87,"Plan Rows": 10667,"Plan Width": 36,"Actual Startup Time": 455.847,"Actual Total Time": 455.976,"Actual Rows": 819,"Actual Loops": 1,"Sort Key": ["(sum((partsupp.ps_supplycost * (partsupp.ps_availqty)::numeric))) DESC"],"Sort Method": "quicksort","Sort Space Used": 69,"Sort Space Type": "Memory","Plans": [{"Node Type": "Aggregate","Strategy": "Plain","Partial Mode": "Simple","Parent Relationship": "InitPlan","Subplan Name": "InitPlan 1 (returns $2)","Parallel Aware": false,"Async Capable": false,"Startup Cost": 4434.26,"Total Cost": 4434.27,"Plan Rows": 1,"Plan Width": 32,"Actual Startup Time": 134.080,"Actual Total Time": 134.102,"Actual Rows": 1,"Actual Loops": 1,"Plans": [{"Node Type": "Nested Loop","Parent Relationship": "Outer","Parallel Aware": false,"Async Capable": false,"Join Type": "Inner","Startup Cost": 7.81,"Total Cost": 4194.26,"Plan Rows": 32000,"Plan Width": 10,"Actual Startup Time": 0.218,"Actual Total Time": 126.423,"Actual Rows": 32960,"Actual Loops": 1,"Inner Unique": false,"Plans": [{"Node Type": "Nested Loop","Parent Relationship": "Outer","Parallel Aware": false,"Async Capable": false,"Join Type": "Inner","Startup Cost": 7.38,"Total Cost": 244.58,"Plan Rows": 400,"Plan Width": 4,"Actual Startup Time": 0.177,"Actual Total Time": 1.887,"Actual Rows": 412,"Actual Loops": 1,"Inner Unique": false,"Plans": [{"Node Type": "Seq Scan","Parent Relationship": "Outer","Parallel Aware": false,"Async Capable": false,"Relation Name": "nation","Alias": "nation_1","Startup Cost": 0.00,"Total Cost": 1.31,"Plan Rows": 1,"Plan Width": 4,"Actual Startup Time": 0.040,"Actual Total Time": 0.063,"Actual Rows": 1,"Actual Loops": 1,"Filter": "(n_name = 'CANADA'::bpchar)","Rows Removed by Filter": 24},{"Node Type": "Bitmap Heap Scan","Parent Relationship": "Inner","Parallel Aware": false,"Async Capable": false,"Relation Name": "supplier","Alias": "supplier_1","Startup Cost": 7.38,"Total Cost": 239.27,"Plan Rows": 400,"Plan Width": 8,"Actual Startup Time": 0.119,"Actual Total Time": 1.753,"Actual Rows": 412,"Actual Loops": 1,"Recheck Cond": "(s_nationkey = nation_1.n_nationkey)","Rows Removed by Index Recheck": 0,"Exact Heap Blocks": 189,"Lossy Heap Blocks": 0,"Plans": [{"Node Type": "Bitmap Index Scan","Parent Relationship": "Outer","Parallel Aware": false,"Async Capable": false,"Index Name": "idx_supplier_nation_key","Startup Cost": 0.00,"Total Cost": 7.29,"Plan Rows": 400,"Plan Width": 0,"Actual Startup Time": 0.074,"Actual Total Time": 0.083,"Actual Rows": 412,"Actual Loops": 1,"Index Cond": "(s_nationkey = nation_1.n_nationkey)"}]}]},{"Node Type": "Index Scan","Parent Relationship": "Inner","Parallel Aware": false,"Async Capable": false,"Scan Direction": "Forward","Index Name": "idx_partsupp_suppkey","Relation Name": "partsupp","Alias": "partsupp_1","Startup Cost": 0.42,"Total Cost": 9.07,"Plan Rows": 80,"Plan Width": 14,"Actual Startup Time": 0.014,"Actual Total Time": 0.290,"Actual Rows": 80,"Actual Loops": 412,"Index Cond": "(ps_suppkey = supplier_1.s_suppkey)","Rows Removed by Index Recheck": 0}]}]},{"Node Type": "Aggregate","Strategy": "Hashed","Partial Mode": "Simple","Parent Relationship": "Outer","Parallel Aware": false,"Async Capable": false,"Startup Cost": 4514.26,"Total Cost": 4994.26,"Plan Rows": 10667,"Plan Width": 36,"Actual Startup Time": 380.948,"Actual Total Time": 455.394,"Actual Rows": 819,"Actual Loops": 1,"Group Key": ["partsupp.ps_partkey"],"Filter": "(sum((partsupp.ps_supplycost * (partsupp.ps_availqty)::numeric)) > $2)","Planned Partitions": 0,"HashAgg Batches": 1,"Peak Memory Usage": 17937,"Disk Usage": 0,"Rows Removed by Filter": 30166,"Plans": [{"Node Type": "Nested Loop","Parent Relationship": "Outer","Parallel Aware": false,"Async Capable": false,"Join Type": "Inner","Startup Cost": 7.81,"Total Cost": 4194.26,"Plan Rows": 32000,"Plan Width": 14,"Actual Startup Time": 0.343,"Actual Total Time": 202.198,"Actual Rows": 32960,"Actual Loops": 1,"Inner Unique": false,"Plans": [{"Node Type": "Nested Loop","Parent Relationship": "Outer","Parallel Aware": false,"Async Capable": false,"Join Type": "Inner","Startup Cost": 7.38,"Total Cost": 244.58,"Plan Rows": 400,"Plan Width": 4,"Actual Startup Time": 0.272,"Actual Total Time": 2.740,"Actual Rows": 412,"Actual Loops": 1,"Inner Unique": false,"Plans": [{"Node Type": "Seq Scan","Parent Relationship": "Outer","Parallel Aware": false,"Async Capable": false,"Relation Name": "nation","Alias": "nation","Startup Cost": 0.00,"Total Cost": 1.31,"Plan Rows": 1,"Plan Width": 4,"Actual Startup Time": 0.064,"Actual Total Time": 0.078,"Actual Rows": 1,"Actual Loops": 1,"Filter": "(n_name = 'CANADA'::bpchar)","Rows Removed by Filter": 24},{"Node Type": "Bitmap Heap Scan","Parent Relationship": "Inner","Parallel Aware": false,"Async Capable": false,"Relation Name": "supplier","Alias": "supplier","Startup Cost": 7.38,"Total Cost": 239.27,"Plan Rows": 400,"Plan Width": 8,"Actual Startup Time": 0.203,"Actual Total Time": 2.610,"Actual Rows": 412,"Actual Loops": 1,"Recheck Cond": "(s_nationkey = nation.n_nationkey)","Rows Removed by Index Recheck": 0,"Exact Heap Blocks": 189,"Lossy Heap Blocks": 0,"Plans": [{"Node Type": "Bitmap Index Scan","Parent Relationship": "Outer","Parallel Aware": false,"Async Capable": false,"Index Name": "idx_supplier_nation_key","Startup Cost": 0.00,"Total Cost": 7.29,"Plan Rows": 400,"Plan Width": 0,"Actual Startup Time": 0.140,"Actual Total Time": 0.142,"Actual Rows": 412,"Actual Loops": 1,"Index Cond": "(s_nationkey = nation.n_nationkey)"}]}]},{"Node Type": "Index Scan","Parent Relationship": "Inner","Parallel Aware": false,"Async Capable": false,"Scan Direction": "Forward","Index Name": "idx_partsupp_suppkey","Relation Name": "partsupp","Alias": "partsupp","Startup Cost": 0.42,"Total Cost": 9.07,"Plan Rows": 80,"Plan Width": 18,"Actual Startup Time": 0.019,"Actual Total Time": 0.472,"Actual Rows": 80,"Actual Loops": 412,"Index Cond": "(ps_suppkey = supplier.s_suppkey)","Rows Removed by Index Recheck": 0}]}]}]},"Planning Time": 7.565,"Triggers": [],"Execution Time": 459.165}]
[{"Plan": {"Node Type": "Sort","Parallel Aware": false,"Async Capable": false,"Startup Cost": 10142.20,"Total Cost": 10168.87,"Plan Rows": 10667,"Plan Width": 36,"Actual Startup Time": 448.636,"Actual Total Time": 448.779,"Actual Rows": 979,"Actual Loops": 1,"Sort Key": ["(sum((partsupp.ps_supplycost * (partsupp.ps_availqty)::numeric))) DESC"],"Sort Method": "quicksort","Sort Space Used": 78,"Sort Space Type": "Memory","Plans": [{"Node Type": "Aggregate","Strategy": "Plain","Partial Mode": "Simple","Parent Relationship": "InitPlan","Subplan Name": "InitPlan 1 (returns $2)","Parallel Aware": false,"Async Capable": false,"Startup Cost": 4434.26,"Total Cost": 4434.27,"Plan Rows": 1,"Plan Width": 32,"Actual Startup Time": 130.424,"Actual Total Time": 130.461,"Actual Rows": 1,"Actual Loops": 1,"Plans": [{"Node Type": "Nested Loop","Parent Relationship": "Outer","Parallel Aware": false,"Async Capable": false,"Join Type": "Inner","Startup Cost": 7.81,"Total Cost": 4194.26,"Plan Rows": 32000,"Plan Width": 10,"Actual Startup Time": 0.191,"Actual Total Time": 123.113,"Actual Rows": 31920,"Actual Loops": 1,"Inner Unique": false,"Plans": [{"Node Type": "Nested Loop","Parent Relationship": "Outer","Parallel Aware": false,"Async Capable": false,"Join Type": "Inner","Startup Cost": 7.38,"Total Cost": 244.58,"Plan Rows": 400,"Plan Width": 4,"Actual Startup Time": 0.152,"Actual Total Time": 1.823,"Actual Rows": 399,"Actual Loops": 1,"Inner Unique": false,"Plans": [{"Node Type": "Seq Scan","Parent Relationship": "Outer","Parallel Aware": false,"Async Capable": false,"Relation Name": "nation","Alias": "nation_1","Startup Cost": 0.00,"Total Cost": 1.31,"Plan Rows": 1,"Plan Width": 4,"Actual Startup Time": 0.042,"Actual Total Time": 0.060,"Actual Rows": 1,"Actual Loops": 1,"Filter": "(n_name = 'VIETNAM'::bpchar)","Rows Removed by Filter": 24},{"Node Type": "Bitmap Heap Scan","Parent Relationship": "Inner","Parallel Aware": false,"Async Capable": false,"Relation Name": "supplier","Alias": "supplier_1","Startup Cost": 7.38,"Total Cost": 239.27,"Plan Rows": 400,"Plan Width": 8,"Actual Startup Time": 0.095,"Actual Total Time": 1.696,"Actual Rows": 399,"Actual Loops": 1,"Recheck Cond": "(s_nationkey = nation_1.n_nationkey)","Rows Removed by Index Recheck": 0,"Exact Heap Blocks": 191,"Lossy Heap Blocks": 0,"Plans": [{"Node Type": "Bitmap Index Scan","Parent Relationship": "Outer","Parallel Aware": false,"Async Capable": false,"Index Name": "idx_supplier_nation_key","Startup Cost": 0.00,"Total Cost": 7.29,"Plan Rows": 400,"Plan Width": 0,"Actual Startup Time": 0.057,"Actual Total Time": 0.061,"Actual Rows": 399,"Actual Loops": 1,"Index Cond": "(s_nationkey = nation_1.n_nationkey)"}]}]},{"Node Type": "Index Scan","Parent Relationship": "Inner","Parallel Aware": false,"Async Capable": false,"Scan Direction": "Forward","Index Name": "idx_partsupp_suppkey","Relation Name": "partsupp","Alias": "partsupp_1","Startup Cost": 0.42,"Total Cost": 9.07,"Plan Rows": 80,"Plan Width": 14,"Actual Startup Time": 0.014,"Actual Total Time": 0.292,"Actual Rows": 80,"Actual Loops": 399,"Index Cond": "(ps_suppkey = supplier_1.s_suppkey)","Rows Removed by Index Recheck": 0}]}]},{"Node Type": "Aggregate","Strategy": "Hashed","Partial Mode": "Simple","Parent Relationship": "Outer","Parallel Aware": false,"Async Capable": false,"Startup Cost": 4514.26,"Total Cost": 4994.26,"Plan Rows": 10667,"Plan Width": 36,"Actual Startup Time": 376.224,"Actual Total Time": 448.108,"Actual Rows": 979,"Actual Loops": 1,"Group Key": ["partsupp.ps_partkey"],"Filter": "(sum((partsupp.ps_supplycost * (partsupp.ps_availqty)::numeric)) > $2)","Planned Partitions": 0,"HashAgg Batches": 1,"Peak Memory Usage": 17937,"Disk Usage": 0,"Rows Removed by Filter": 29153,"Plans": [{"Node Type": "Nested Loop","Parent Relationship": "Outer","Parallel Aware": false,"Async Capable": false,"Join Type": "Inner","Startup Cost": 7.81,"Total Cost": 4194.26,"Plan Rows": 32000,"Plan Width": 14,"Actual Startup Time": 0.359,"Actual Total Time": 202.215,"Actual Rows": 31920,"Actual Loops": 1,"Inner Unique": false,"Plans": [{"Node Type": "Nested Loop","Parent Relationship": "Outer","Parallel Aware": false,"Async Capable": false,"Join Type": "Inner","Startup Cost": 7.38,"Total Cost": 244.58,"Plan Rows": 400,"Plan Width": 4,"Actual Startup Time": 0.271,"Actual Total Time": 2.875,"Actual Rows": 399,"Actual Loops": 1,"Inner Unique": false,"Plans": [{"Node Type": "Seq Scan","Parent Relationship": "Outer","Parallel Aware": false,"Async Capable": false,"Relation Name": "nation","Alias": "nation","Startup Cost": 0.00,"Total Cost": 1.31,"Plan Rows": 1,"Plan Width": 4,"Actual Startup Time": 0.081,"Actual Total Time": 0.101,"Actual Rows": 1,"Actual Loops": 1,"Filter": "(n_name = 'VIETNAM'::bpchar)","Rows Removed by Filter": 24},{"Node Type": "Bitmap Heap Scan","Parent Relationship": "Inner","Parallel Aware": false,"Async Capable": false,"Relation Name": "supplier","Alias": "supplier","Startup Cost": 7.38,"Total Cost": 239.27,"Plan Rows": 400,"Plan Width": 8,"Actual Startup Time": 0.181,"Actual Total Time": 2.716,"Actual Rows": 399,"Actual Loops": 1,"Recheck Cond": "(s_nationkey = nation.n_nationkey)","Rows Removed by Index Recheck": 0,"Exact Heap Blocks": 191,"Lossy Heap Blocks": 0,"Plans": [{"Node Type": "Bitmap Index Scan","Parent Relationship": "Outer","Parallel Aware": false,"Async Capable": false,"Index Name": "idx_supplier_nation_key","Startup Cost": 0.00,"Total Cost": 7.29,"Plan Rows": 400,"Plan Width": 0,"Actual Startup Time": 0.120,"Actual Total Time": 0.121,"Actual Rows": 399,"Actual Loops": 1,"Index Cond": "(s_nationkey = nation.n_nationkey)"}]}]},{"Node Type": "Index Scan","Parent Relationship": "Inner","Parallel Aware": false,"Async Capable": false,"Scan Direction": "Forward","Index Name": "idx_partsupp_suppkey","Relation Name": "partsupp","Alias": "partsupp","Startup Cost": 0.42,"Total Cost": 9.07,"Plan Rows": 80,"Plan Width": 18,"Actual Startup Time": 0.019,"Actual Total Time": 0.488,"Actual Rows": 80,"Actual Loops": 399,"Index Cond": "(ps_suppkey = supplier.s_suppkey)","Rows Removed by Index Recheck": 0}]}]}]},"Planning Time": 6.254,"Triggers": [],"Execution Time": 451.997}]
[{"Plan": {"Node Type": "Sort","Parallel Aware": false,"Async Capable": false,"Startup Cost": 10142.20,"Total Cost": 10168.87,"Plan Rows": 10667,"Plan Width": 36,"Actual Startup Time": 444.263,"Actual Total Time": 444.393,"Actual Rows": 839,"Actual Loops": 1,"Sort Key": ["(sum((partsupp.ps_supplycost * (partsupp.ps_availqty)::numeric))) DESC"],"Sort Method": "quicksort","Sort Space Used": 70,"Sort Space Type": "Memory","Plans": [{"Node Type": "Aggregate","Strategy": "Plain","Partial Mode": "Simple","Parent Relationship": "InitPlan","Subplan Name": "InitPlan 1 (returns $2)","Parallel Aware": false,"Async Capable": false,"Startup Cost": 4434.26,"Total Cost": 4434.27,"Plan Rows": 1,"Plan Width": 32,"Actual Startup Time": 130.704,"Actual Total Time": 130.725,"Actual Rows": 1,"Actual Loops": 1,"Plans": [{"Node Type": "Nested Loop","Parent Relationship": "Outer","Parallel Aware": false,"Async Capable": false,"Join Type": "Inner","Startup Cost": 7.81,"Total Cost": 4194.26,"Plan Rows": 32000,"Plan Width": 10,"Actual Startup Time": 0.144,"Actual Total Time": 123.234,"Actual Rows": 32880,"Actual Loops": 1,"Inner Unique": false,"Plans": [{"Node Type": "Nested Loop","Parent Relationship": "Outer","Parallel Aware": false,"Async Capable": false,"Join Type": "Inner","Startup Cost": 7.38,"Total Cost": 244.58,"Plan Rows": 400,"Plan Width": 4,"Actual Startup Time": 0.115,"Actual Total Time": 1.739,"Actual Rows": 411,"Actual Loops": 1,"Inner Unique": false,"Plans": [{"Node Type": "Seq Scan","Parent Relationship": "Outer","Parallel Aware": false,"Async Capable": false,"Relation Name": "nation","Alias": "nation_1","Startup Cost": 0.00,"Total Cost": 1.31,"Plan Rows": 1,"Plan Width": 4,"Actual Startup Time": 0.024,"Actual Total Time": 0.046,"Actual Rows": 1,"Actual Loops": 1,"Filter": "(n_name = 'SAUDI ARABIA'::bpchar)","Rows Removed by Filter": 24},{"Node Type": "Bitmap Heap Scan","Parent Relationship": "Inner","Parallel Aware": false,"Async Capable": false,"Relation Name": "supplier","Alias": "supplier_1","Startup Cost": 7.38,"Total Cost": 239.27,"Plan Rows": 400,"Plan Width": 8,"Actual Startup Time": 0.082,"Actual Total Time": 1.642,"Actual Rows": 411,"Actual Loops": 1,"Recheck Cond": "(s_nationkey = nation_1.n_nationkey)","Rows Removed by Index Recheck": 0,"Exact Heap Blocks": 182,"Lossy Heap Blocks": 0,"Plans": [{"Node Type": "Bitmap Index Scan","Parent Relationship": "Outer","Parallel Aware": false,"Async Capable": false,"Index Name": "idx_supplier_nation_key","Startup Cost": 0.00,"Total Cost": 7.29,"Plan Rows": 400,"Plan Width": 0,"Actual Startup Time": 0.049,"Actual Total Time": 0.055,"Actual Rows": 411,"Actual Loops": 1,"Index Cond": "(s_nationkey = nation_1.n_nationkey)"}]}]},{"Node Type": "Index Scan","Parent Relationship": "Inner","Parallel Aware": false,"Async Capable": false,"Scan Direction": "Forward","Index Name": "idx_partsupp_suppkey","Relation Name": "partsupp","Alias": "partsupp_1","Startup Cost": 0.42,"Total Cost": 9.07,"Plan Rows": 80,"Plan Width": 14,"Actual Startup Time": 0.014,"Actual Total Time": 0.283,"Actual Rows": 80,"Actual Loops": 411,"Index Cond": "(ps_suppkey = supplier_1.s_suppkey)","Rows Removed by Index Recheck": 0}]}]},{"Node Type": "Aggregate","Strategy": "Hashed","Partial Mode": "Simple","Parent Relationship": "Outer","Parallel Aware": false,"Async Capable": false,"Startup Cost": 4514.26,"Total Cost": 4994.26,"Plan Rows": 10667,"Plan Width": 36,"Actual Startup Time": 370.866,"Actual Total Time": 443.841,"Actual Rows": 839,"Actual Loops": 1,"Group Key": ["partsupp.ps_partkey"],"Filter": "(sum((partsupp.ps_supplycost * (partsupp.ps_availqty)::numeric)) > $2)","Planned Partitions": 0,"HashAgg Batches": 1,"Peak Memory Usage": 17937,"Disk Usage": 0,"Rows Removed by Filter": 30007,"Plans": [{"Node Type": "Nested Loop","Parent Relationship": "Outer","Parallel Aware": false,"Async Capable": false,"Join Type": "Inner","Startup Cost": 7.81,"Total Cost": 4194.26,"Plan Rows": 32000,"Plan Width": 14,"Actual Startup Time": 0.339,"Actual Total Time": 197.388,"Actual Rows": 32880,"Actual Loops": 1,"Inner Unique": false,"Plans": [{"Node Type": "Nested Loop","Parent Relationship": "Outer","Parallel Aware": false,"Async Capable": false,"Join Type": "Inner","Startup Cost": 7.38,"Total Cost": 244.58,"Plan Rows": 400,"Plan Width": 4,"Actual Startup Time": 0.236,"Actual Total Time": 2.786,"Actual Rows": 411,"Actual Loops": 1,"Inner Unique": false,"Plans": [{"Node Type": "Seq Scan","Parent Relationship": "Outer","Parallel Aware": false,"Async Capable": false,"Relation Name": "nation","Alias": "nation","Startup Cost": 0.00,"Total Cost": 1.31,"Plan Rows": 1,"Plan Width": 4,"Actual Startup Time": 0.067,"Actual Total Time": 0.078,"Actual Rows": 1,"Actual Loops": 1,"Filter": "(n_name = 'SAUDI ARABIA'::bpchar)","Rows Removed by Filter": 24},{"Node Type": "Bitmap Heap Scan","Parent Relationship": "Inner","Parallel Aware": false,"Async Capable": false,"Relation Name": "supplier","Alias": "supplier","Startup Cost": 7.38,"Total Cost": 239.27,"Plan Rows": 400,"Plan Width": 8,"Actual Startup Time": 0.164,"Actual Total Time": 2.651,"Actual Rows": 411,"Actual Loops": 1,"Recheck Cond": "(s_nationkey = nation.n_nationkey)","Rows Removed by Index Recheck": 0,"Exact Heap Blocks": 182,"Lossy Heap Blocks": 0,"Plans": [{"Node Type": "Bitmap Index Scan","Parent Relationship": "Outer","Parallel Aware": false,"Async Capable": false,"Index Name": "idx_supplier_nation_key","Startup Cost": 0.00,"Total Cost": 7.29,"Plan Rows": 400,"Plan Width": 0,"Actual Startup Time": 0.119,"Actual Total Time": 0.120,"Actual Rows": 411,"Actual Loops": 1,"Index Cond": "(s_nationkey = nation.n_nationkey)"}]}]},{"Node Type": "Index Scan","Parent Relationship": "Inner","Parallel Aware": false,"Async Capable": false,"Scan Direction": "Forward","Index Name": "idx_partsupp_suppkey","Relation Name": "partsupp","Alias": "partsupp","Startup Cost": 0.42,"Total Cost": 9.07,"Plan Rows": 80,"Plan Width": 18,"Actual Startup Time": 0.019,"Actual Total Time": 0.462,"Actual Rows": 80,"Actual Loops": 411,"Index Cond": "(ps_suppkey = supplier.s_suppkey)","Rows Removed by Index Recheck": 0}]}]}]},"Planning Time": 5.661,"Triggers": [],"Execution Time": 447.485}]
[{"Plan": {"Node Type": "Sort","Parallel Aware": false,"Async Capable": false,"Startup Cost": 10142.20,"Total Cost": 10168.87,"Plan Rows": 10667,"Plan Width": 36,"Actual Startup Time": 431.698,"Actual Total Time": 431.824,"Actual Rows": 911,"Actual Loops": 1,"Sort Key": ["(sum((partsupp.ps_supplycost * (partsupp.ps_availqty)::numeric))) DESC"],"Sort Method": "quicksort","Sort Space Used": 74,"Sort Space Type": "Memory","Plans": [{"Node Type": "Aggregate","Strategy": "Plain","Partial Mode": "Simple","Parent Relationship": "InitPlan","Subplan Name": "InitPlan 1 (returns $2)","Parallel Aware": false,"Async Capable": false,"Startup Cost": 4434.26,"Total Cost": 4434.27,"Plan Rows": 1,"Plan Width": 32,"Actual Startup Time": 129.087,"Actual Total Time": 129.106,"Actual Rows": 1,"Actual Loops": 1,"Plans": [{"Node Type": "Nested Loop","Parent Relationship": "Outer","Parallel Aware": false,"Async Capable": false,"Join Type": "Inner","Startup Cost": 7.81,"Total Cost": 4194.26,"Plan Rows": 32000,"Plan Width": 10,"Actual Startup Time": 0.210,"Actual Total Time": 121.870,"Actual Rows": 32160,"Actual Loops": 1,"Inner Unique": false,"Plans": [{"Node Type": "Nested Loop","Parent Relationship": "Outer","Parallel Aware": false,"Async Capable": false,"Join Type": "Inner","Startup Cost": 7.38,"Total Cost": 244.58,"Plan Rows": 400,"Plan Width": 4,"Actual Startup Time": 0.174,"Actual Total Time": 1.780,"Actual Rows": 402,"Actual Loops": 1,"Inner Unique": false,"Plans": [{"Node Type": "Seq Scan","Parent Relationship": "Outer","Parallel Aware": false,"Async Capable": false,"Relation Name": "nation","Alias": "nation_1","Startup Cost": 0.00,"Total Cost": 1.31,"Plan Rows": 1,"Plan Width": 4,"Actual Startup Time": 0.036,"Actual Total Time": 0.056,"Actual Rows": 1,"Actual Loops": 1,"Filter": "(n_name = 'FRANCE'::bpchar)","Rows Removed by Filter": 24},{"Node Type": "Bitmap Heap Scan","Parent Relationship": "Inner","Parallel Aware": false,"Async Capable": false,"Relation Name": "supplier","Alias": "supplier_1","Startup Cost": 7.38,"Total Cost": 239.27,"Plan Rows": 400,"Plan Width": 8,"Actual Startup Time": 0.119,"Actual Total Time": 1.663,"Actual Rows": 402,"Actual Loops": 1,"Recheck Cond": "(s_nationkey = nation_1.n_nationkey)","Rows Removed by Index Recheck": 0,"Exact Heap Blocks": 184,"Lossy Heap Blocks": 0,"Plans": [{"Node Type": "Bitmap Index Scan","Parent Relationship": "Outer","Parallel Aware": false,"Async Capable": false,"Index Name": "idx_supplier_nation_key","Startup Cost": 0.00,"Total Cost": 7.29,"Plan Rows": 400,"Plan Width": 0,"Actual Startup Time": 0.075,"Actual Total Time": 0.079,"Actual Rows": 402,"Actual Loops": 1,"Index Cond": "(s_nationkey = nation_1.n_nationkey)"}]}]},{"Node Type": "Index Scan","Parent Relationship": "Inner","Parallel Aware": false,"Async Capable": false,"Scan Direction": "Forward","Index Name": "idx_partsupp_suppkey","Relation Name": "partsupp","Alias": "partsupp_1","Startup Cost": 0.42,"Total Cost": 9.07,"Plan Rows": 80,"Plan Width": 14,"Actual Startup Time": 0.014,"Actual Total Time": 0.286,"Actual Rows": 80,"Actual Loops": 402,"Index Cond": "(ps_suppkey = supplier_1.s_suppkey)","Rows Removed by Index Recheck": 0}]}]},{"Node Type": "Aggregate","Strategy": "Hashed","Partial Mode": "Simple","Parent Relationship": "Outer","Parallel Aware": false,"Async Capable": false,"Startup Cost": 4514.26,"Total Cost": 4994.26,"Plan Rows": 10667,"Plan Width": 36,"Actual Startup Time": 359.069,"Actual Total Time": 431.218,"Actual Rows": 911,"Actual Loops": 1,"Group Key": ["partsupp.ps_partkey"],"Filter": "(sum((partsupp.ps_supplycost * (partsupp.ps_availqty)::numeric)) > $2)","Planned Partitions": 0,"HashAgg Batches": 1,"Peak Memory Usage": 17937,"Disk Usage": 0,"Rows Removed by Filter": 29336,"Plans": [{"Node Type": "Nested Loop","Parent Relationship": "Outer","Parallel Aware": false,"Async Capable": false,"Join Type": "Inner","Startup Cost": 7.81,"Total Cost": 4194.26,"Plan Rows": 32000,"Plan Width": 14,"Actual Startup Time": 0.330,"Actual Total Time": 187.860,"Actual Rows": 32160,"Actual Loops": 1,"Inner Unique": false,"Plans": [{"Node Type": "Nested Loop","Parent Relationship": "Outer","Parallel Aware": false,"Async Capable": false,"Join Type": "Inner","Startup Cost": 7.38,"Total Cost": 244.58,"Plan Rows": 400,"Plan Width": 4,"Actual Startup Time": 0.249,"Actual Total Time": 2.513,"Actual Rows": 402,"Actual Loops": 1,"Inner Unique": false,"Plans": [{"Node Type": "Seq Scan","Parent Relationship": "Outer","Parallel Aware": false,"Async Capable": false,"Relation Name": "nation","Alias": "nation","Startup Cost": 0.00,"Total Cost": 1.31,"Plan Rows": 1,"Plan Width": 4,"Actual Startup Time": 0.077,"Actual Total Time": 0.097,"Actual Rows": 1,"Actual Loops": 1,"Filter": "(n_name = 'FRANCE'::bpchar)","Rows Removed by Filter": 24},{"Node Type": "Bitmap Heap Scan","Parent Relationship": "Inner","Parallel Aware": false,"Async Capable": false,"Relation Name": "supplier","Alias": "supplier","Startup Cost": 7.38,"Total Cost": 239.27,"Plan Rows": 400,"Plan Width": 8,"Actual Startup Time": 0.163,"Actual Total Time": 2.362,"Actual Rows": 402,"Actual Loops": 1,"Recheck Cond": "(s_nationkey = nation.n_nationkey)","Rows Removed by Index Recheck": 0,"Exact Heap Blocks": 184,"Lossy Heap Blocks": 0,"Plans": [{"Node Type": "Bitmap Index Scan","Parent Relationship": "Outer","Parallel Aware": false,"Async Capable": false,"Index Name": "idx_supplier_nation_key","Startup Cost": 0.00,"Total Cost": 7.29,"Plan Rows": 400,"Plan Width": 0,"Actual Startup Time": 0.112,"Actual Total Time": 0.113,"Actual Rows": 402,"Actual Loops": 1,"Index Cond": "(s_nationkey = nation.n_nationkey)"}]}]},{"Node Type": "Index Scan","Parent Relationship": "Inner","Parallel Aware": false,"Async Capable": false,"Scan Direction": "Forward","Index Name": "idx_partsupp_suppkey","Relation Name": "partsupp","Alias": "partsupp","Startup Cost": 0.42,"Total Cost": 9.07,"Plan Rows": 80,"Plan Width": 18,"Actual Startup Time": 0.018,"Actual Total Time": 0.449,"Actual Rows": 80,"Actual Loops": 402,"Index Cond": "(ps_suppkey = supplier.s_suppkey)","Rows Removed by Index Recheck": 0}]}]}]},"Planning Time": 7.171,"Triggers": [],"Execution Time": 434.998}]
[{"Plan": {"Node Type": "Sort","Parallel Aware": false,"Async Capable": false,"Startup Cost": 10142.20,"Total Cost": 10168.87,"Plan Rows": 10667,"Plan Width": 36,"Actual Startup Time": 413.680,"Actual Total Time": 413.810,"Actual Rows": 1217,"Actual Loops": 1,"Sort Key": ["(sum((partsupp.ps_supplycost * (partsupp.ps_availqty)::numeric))) DESC"],"Sort Method": "quicksort","Sort Space Used": 115,"Sort Space Type": "Memory","Plans": [{"Node Type": "Aggregate","Strategy": "Plain","Partial Mode": "Simple","Parent Relationship": "InitPlan","Subplan Name": "InitPlan 1 (returns $2)","Parallel Aware": false,"Async Capable": false,"Startup Cost": 4434.26,"Total Cost": 4434.27,"Plan Rows": 1,"Plan Width": 32,"Actual Startup Time": 121.350,"Actual Total Time": 121.366,"Actual Rows": 1,"Actual Loops": 1,"Plans": [{"Node Type": "Nested Loop","Parent Relationship": "Outer","Parallel Aware": false,"Async Capable": false,"Join Type": "Inner","Startup Cost": 7.81,"Total Cost": 4194.26,"Plan Rows": 32000,"Plan Width": 10,"Actual Startup Time": 0.211,"Actual Total Time": 114.479,"Actual Rows": 30080,"Actual Loops": 1,"Inner Unique": false,"Plans": [{"Node Type": "Nested Loop","Parent Relationship": "Outer","Parallel Aware": false,"Async Capable": false,"Join Type": "Inner","Startup Cost": 7.38,"Total Cost": 244.58,"Plan Rows": 400,"Plan Width": 4,"Actual Startup Time": 0.161,"Actual Total Time": 1.670,"Actual Rows": 376,"Actual Loops": 1,"Inner Unique": false,"Plans": [{"Node Type": "Seq Scan","Parent Relationship": "Outer","Parallel Aware": false,"Async Capable": false,"Relation Name": "nation","Alias": "nation_1","Startup Cost": 0.00,"Total Cost": 1.31,"Plan Rows": 1,"Plan Width": 4,"Actual Startup Time": 0.026,"Actual Total Time": 0.039,"Actual Rows": 1,"Actual Loops": 1,"Filter": "(n_name = 'KENYA'::bpchar)","Rows Removed by Filter": 24},{"Node Type": "Bitmap Heap Scan","Parent Relationship": "Inner","Parallel Aware": false,"Async Capable": false,"Relation Name": "supplier","Alias": "supplier_1","Startup Cost": 7.38,"Total Cost": 239.27,"Plan Rows": 400,"Plan Width": 8,"Actual Startup Time": 0.113,"Actual Total Time": 1.571,"Actual Rows": 376,"Actual Loops": 1,"Recheck Cond": "(s_nationkey = nation_1.n_nationkey)","Rows Removed by Index Recheck": 0,"Exact Heap Blocks": 179,"Lossy Heap Blocks": 0,"Plans": [{"Node Type": "Bitmap Index Scan","Parent Relationship": "Outer","Parallel Aware": false,"Async Capable": false,"Index Name": "idx_supplier_nation_key","Startup Cost": 0.00,"Total Cost": 7.29,"Plan Rows": 400,"Plan Width": 0,"Actual Startup Time": 0.082,"Actual Total Time": 0.086,"Actual Rows": 376,"Actual Loops": 1,"Index Cond": "(s_nationkey = nation_1.n_nationkey)"}]}]},{"Node Type": "Index Scan","Parent Relationship": "Inner","Parallel Aware": false,"Async Capable": false,"Scan Direction": "Forward","Index Name": "idx_partsupp_suppkey","Relation Name": "partsupp","Alias": "partsupp_1","Startup Cost": 0.42,"Total Cost": 9.07,"Plan Rows": 80,"Plan Width": 14,"Actual Startup Time": 0.014,"Actual Total Time": 0.288,"Actual Rows": 80,"Actual Loops": 376,"Index Cond": "(ps_suppkey = supplier_1.s_suppkey)","Rows Removed by Index Recheck": 0}]}]},{"Node Type": "Aggregate","Strategy": "Hashed","Partial Mode": "Simple","Parent Relationship": "Outer","Parallel Aware": false,"Async Capable": false,"Startup Cost": 4514.26,"Total Cost": 4994.26,"Plan Rows": 10667,"Plan Width": 36,"Actual Startup Time": 346.893,"Actual Total Time": 413.082,"Actual Rows": 1217,"Actual Loops": 1,"Group Key": ["partsupp.ps_partkey"],"Filter": "(sum((partsupp.ps_supplycost * (partsupp.ps_availqty)::numeric)) > $2)","Planned Partitions": 0,"HashAgg Batches": 1,"Peak Memory Usage": 17937,"Disk Usage": 0,"Rows Removed by Filter": 27288,"Plans": [{"Node Type": "Nested Loop","Parent Relationship": "Outer","Parallel Aware": false,"Async Capable": false,"Join Type": "Inner","Startup Cost": 7.81,"Total Cost": 4194.26,"Plan Rows": 32000,"Plan Width": 14,"Actual Startup Time": 0.423,"Actual Total Time": 185.679,"Actual Rows": 30080,"Actual Loops": 1,"Inner Unique": false,"Plans": [{"Node Type": "Nested Loop","Parent Relationship": "Outer","Parallel Aware": false,"Async Capable": false,"Join Type": "Inner","Startup Cost": 7.38,"Total Cost": 244.58,"Plan Rows": 400,"Plan Width": 4,"Actual Startup Time": 0.359,"Actual Total Time": 2.922,"Actual Rows": 376,"Actual Loops": 1,"Inner Unique": false,"Plans": [{"Node Type": "Seq Scan","Parent Relationship": "Outer","Parallel Aware": false,"Async Capable": false,"Relation Name": "nation","Alias": "nation","Startup Cost": 0.00,"Total Cost": 1.31,"Plan Rows": 1,"Plan Width": 4,"Actual Startup Time": 0.084,"Actual Total Time": 0.113,"Actual Rows": 1,"Actual Loops": 1,"Filter": "(n_name = 'KENYA'::bpchar)","Rows Removed by Filter": 24},{"Node Type": "Bitmap Heap Scan","Parent Relationship": "Inner","Parallel Aware": false,"Async Capable": false,"Relation Name": "supplier","Alias": "supplier","Startup Cost": 7.38,"Total Cost": 239.27,"Plan Rows": 400,"Plan Width": 8,"Actual Startup Time": 0.263,"Actual Total Time": 2.758,"Actual Rows": 376,"Actual Loops": 1,"Recheck Cond": "(s_nationkey = nation.n_nationkey)","Rows Removed by Index Recheck": 0,"Exact Heap Blocks": 179,"Lossy Heap Blocks": 0,"Plans": [{"Node Type": "Bitmap Index Scan","Parent Relationship": "Outer","Parallel Aware": false,"Async Capable": false,"Index Name": "idx_supplier_nation_key","Startup Cost": 0.00,"Total Cost": 7.29,"Plan Rows": 400,"Plan Width": 0,"Actual Startup Time": 0.183,"Actual Total Time": 0.184,"Actual Rows": 376,"Actual Loops": 1,"Index Cond": "(s_nationkey = nation.n_nationkey)"}]}]},{"Node Type": "Index Scan","Parent Relationship": "Inner","Parallel Aware": false,"Async Capable": false,"Scan Direction": "Forward","Index Name": "idx_partsupp_suppkey","Relation Name": "partsupp","Alias": "partsupp","Startup Cost": 0.42,"Total Cost": 9.07,"Plan Rows": 80,"Plan Width": 18,"Actual Startup Time": 0.018,"Actual Total Time": 0.474,"Actual Rows": 80,"Actual Loops": 376,"Index Cond": "(ps_suppkey = supplier.s_suppkey)","Rows Removed by Index Recheck": 0}]}]}]},"Planning Time": 5.474,"Triggers": [],"Execution Time": 416.886}]
[{"Plan": {"Node Type": "Sort","Parallel Aware": false,"Async Capable": false,"Startup Cost": 10142.20,"Total Cost": 10168.87,"Plan Rows": 10667,"Plan Width": 36,"Actual Startup Time": 452.788,"Actual Total Time": 452.912,"Actual Rows": 869,"Actual Loops": 1,"Sort Key": ["(sum((partsupp.ps_supplycost * (partsupp.ps_availqty)::numeric))) DESC"],"Sort Method": "quicksort","Sort Space Used": 72,"Sort Space Type": "Memory","Plans": [{"Node Type": "Aggregate","Strategy": "Plain","Partial Mode": "Simple","Parent Relationship": "InitPlan","Subplan Name": "InitPlan 1 (returns $2)","Parallel Aware": false,"Async Capable": false,"Startup Cost": 4434.26,"Total Cost": 4434.27,"Plan Rows": 1,"Plan Width": 32,"Actual Startup Time": 133.523,"Actual Total Time": 133.544,"Actual Rows": 1,"Actual Loops": 1,"Plans": [{"Node Type": "Nested Loop","Parent Relationship": "Outer","Parallel Aware": false,"Async Capable": false,"Join Type": "Inner","Startup Cost": 7.81,"Total Cost": 4194.26,"Plan Rows": 32000,"Plan Width": 10,"Actual Startup Time": 0.165,"Actual Total Time": 126.080,"Actual Rows": 32560,"Actual Loops": 1,"Inner Unique": false,"Plans": [{"Node Type": "Nested Loop","Parent Relationship": "Outer","Parallel Aware": false,"Async Capable": false,"Join Type": "Inner","Startup Cost": 7.38,"Total Cost": 244.58,"Plan Rows": 400,"Plan Width": 4,"Actual Startup Time": 0.133,"Actual Total Time": 1.798,"Actual Rows": 407,"Actual Loops": 1,"Inner Unique": false,"Plans": [{"Node Type": "Seq Scan","Parent Relationship": "Outer","Parallel Aware": false,"Async Capable": false,"Relation Name": "nation","Alias": "nation_1","Startup Cost": 0.00,"Total Cost": 1.31,"Plan Rows": 1,"Plan Width": 4,"Actual Startup Time": 0.028,"Actual Total Time": 0.044,"Actual Rows": 1,"Actual Loops": 1,"Filter": "(n_name = 'CHINA'::bpchar)","Rows Removed by Filter": 24},{"Node Type": "Bitmap Heap Scan","Parent Relationship": "Inner","Parallel Aware": false,"Async Capable": false,"Relation Name": "supplier","Alias": "supplier_1","Startup Cost": 7.38,"Total Cost": 239.27,"Plan Rows": 400,"Plan Width": 8,"Actual Startup Time": 0.091,"Actual Total Time": 1.697,"Actual Rows": 407,"Actual Loops": 1,"Recheck Cond": "(s_nationkey = nation_1.n_nationkey)","Rows Removed by Index Recheck": 0,"Exact Heap Blocks": 186,"Lossy Heap Blocks": 0,"Plans": [{"Node Type": "Bitmap Index Scan","Parent Relationship": "Outer","Parallel Aware": false,"Async Capable": false,"Index Name": "idx_supplier_nation_key","Startup Cost": 0.00,"Total Cost": 7.29,"Plan Rows": 400,"Plan Width": 0,"Actual Startup Time": 0.055,"Actual Total Time": 0.061,"Actual Rows": 407,"Actual Loops": 1,"Index Cond": "(s_nationkey = nation_1.n_nationkey)"}]}]},{"Node Type": "Index Scan","Parent Relationship": "Inner","Parallel Aware": false,"Async Capable": false,"Scan Direction": "Forward","Index Name": "idx_partsupp_suppkey","Relation Name": "partsupp","Alias": "partsupp_1","Startup Cost": 0.42,"Total Cost": 9.07,"Plan Rows": 80,"Plan Width": 14,"Actual Startup Time": 0.014,"Actual Total Time": 0.293,"Actual Rows": 80,"Actual Loops": 407,"Index Cond": "(ps_suppkey = supplier_1.s_suppkey)","Rows Removed by Index Recheck": 0}]}]},{"Node Type": "Aggregate","Strategy": "Hashed","Partial Mode": "Simple","Parent Relationship": "Outer","Parallel Aware": false,"Async Capable": false,"Startup Cost": 4514.26,"Total Cost": 4994.26,"Plan Rows": 10667,"Plan Width": 36,"Actual Startup Time": 377.714,"Actual Total Time": 452.344,"Actual Rows": 869,"Actual Loops": 1,"Group Key": ["partsupp.ps_partkey"],"Filter": "(sum((partsupp.ps_supplycost * (partsupp.ps_availqty)::numeric)) > $2)","Planned Partitions": 0,"HashAgg Batches": 1,"Peak Memory Usage": 17937,"Disk Usage": 0,"Rows Removed by Filter": 29770,"Plans": [{"Node Type": "Nested Loop","Parent Relationship": "Outer","Parallel Aware": false,"Async Capable": false,"Join Type": "Inner","Startup Cost": 7.81,"Total Cost": 4194.26,"Plan Rows": 32000,"Plan Width": 14,"Actual Startup Time": 0.336,"Actual Total Time": 203.001,"Actual Rows": 32560,"Actual Loops": 1,"Inner Unique": false,"Plans": [{"Node Type": "Nested Loop","Parent Relationship": "Outer","Parallel Aware": false,"Async Capable": false,"Join Type": "Inner","Startup Cost": 7.38,"Total Cost": 244.58,"Plan Rows": 400,"Plan Width": 4,"Actual Startup Time": 0.273,"Actual Total Time": 2.796,"Actual Rows": 407,"Actual Loops": 1,"Inner Unique": false,"Plans": [{"Node Type": "Seq Scan","Parent Relationship": "Outer","Parallel Aware": false,"Async Capable": false,"Relation Name": "nation","Alias": "nation","Startup Cost": 0.00,"Total Cost": 1.31,"Plan Rows": 1,"Plan Width": 4,"Actual Startup Time": 0.063,"Actual Total Time": 0.079,"Actual Rows": 1,"Actual Loops": 1,"Filter": "(n_name = 'CHINA'::bpchar)","Rows Removed by Filter": 24},{"Node Type": "Bitmap Heap Scan","Parent Relationship": "Inner","Parallel Aware": false,"Async Capable": false,"Relation Name": "supplier","Alias": "supplier","Startup Cost": 7.38,"Total Cost": 239.27,"Plan Rows": 400,"Plan Width": 8,"Actual Startup Time": 0.204,"Actual Total Time": 2.666,"Actual Rows": 407,"Actual Loops": 1,"Recheck Cond": "(s_nationkey = nation.n_nationkey)","Rows Removed by Index Recheck": 0,"Exact Heap Blocks": 186,"Lossy Heap Blocks": 0,"Plans": [{"Node Type": "Bitmap Index Scan","Parent Relationship": "Outer","Parallel Aware": false,"Async Capable": false,"Index Name": "idx_supplier_nation_key","Startup Cost": 0.00,"Total Cost": 7.29,"Plan Rows": 400,"Plan Width": 0,"Actual Startup Time": 0.129,"Actual Total Time": 0.129,"Actual Rows": 407,"Actual Loops": 1,"Index Cond": "(s_nationkey = nation.n_nationkey)"}]}]},{"Node Type": "Index Scan","Parent Relationship": "Inner","Parallel Aware": false,"Async Capable": false,"Scan Direction": "Forward","Index Name": "idx_partsupp_suppkey","Relation Name": "partsupp","Alias": "partsupp","Startup Cost": 0.42,"Total Cost": 9.07,"Plan Rows": 80,"Plan Width": 18,"Actual Startup Time": 0.020,"Actual Total Time": 0.480,"Actual Rows": 80,"Actual Loops": 407,"Index Cond": "(ps_suppkey = supplier.s_suppkey)","Rows Removed by Index Recheck": 0}]}]}]},"Planning Time": 7.317,"Triggers": [],"Execution Time": 456.700}]
[{"Plan": {"Node Type": "Sort","Parallel Aware": false,"Async Capable": false,"Startup Cost": 10142.20,"Total Cost": 10168.87,"Plan Rows": 10667,"Plan Width": 36,"Actual Startup Time": 463.200,"Actual Total Time": 463.334,"Actual Rows": 786,"Actual Loops": 1,"Sort Key": ["(sum((partsupp.ps_supplycost * (partsupp.ps_availqty)::numeric))) DESC"],"Sort Method": "quicksort","Sort Space Used": 67,"Sort Space Type": "Memory","Plans": [{"Node Type": "Aggregate","Strategy": "Plain","Partial Mode": "Simple","Parent Relationship": "InitPlan","Subplan Name": "InitPlan 1 (returns $2)","Parallel Aware": false,"Async Capable": false,"Startup Cost": 4434.26,"Total Cost": 4434.27,"Plan Rows": 1,"Plan Width": 32,"Actual Startup Time": 138.217,"Actual Total Time": 138.241,"Actual Rows": 1,"Actual Loops": 1,"Plans": [{"Node Type": "Nested Loop","Parent Relationship": "Outer","Parallel Aware": false,"Async Capable": false,"Join Type": "Inner","Startup Cost": 7.81,"Total Cost": 4194.26,"Plan Rows": 32000,"Plan Width": 10,"Actual Startup Time": 0.203,"Actual Total Time": 130.632,"Actual Rows": 33040,"Actual Loops": 1,"Inner Unique": false,"Plans": [{"Node Type": "Nested Loop","Parent Relationship": "Outer","Parallel Aware": false,"Async Capable": false,"Join Type": "Inner","Startup Cost": 7.38,"Total Cost": 244.58,"Plan Rows": 400,"Plan Width": 4,"Actual Startup Time": 0.159,"Actual Total Time": 1.911,"Actual Rows": 413,"Actual Loops": 1,"Inner Unique": false,"Plans": [{"Node Type": "Seq Scan","Parent Relationship": "Outer","Parallel Aware": false,"Async Capable": false,"Relation Name": "nation","Alias": "nation_1","Startup Cost": 0.00,"Total Cost": 1.31,"Plan Rows": 1,"Plan Width": 4,"Actual Startup Time": 0.020,"Actual Total Time": 0.050,"Actual Rows": 1,"Actual Loops": 1,"Filter": "(n_name = 'ARGENTINA'::bpchar)","Rows Removed by Filter": 24},{"Node Type": "Bitmap Heap Scan","Parent Relationship": "Inner","Parallel Aware": false,"Async Capable": false,"Relation Name": "supplier","Alias": "supplier_1","Startup Cost": 7.38,"Total Cost": 239.27,"Plan Rows": 400,"Plan Width": 8,"Actual Startup Time": 0.122,"Actual Total Time": 1.805,"Actual Rows": 413,"Actual Loops": 1,"Recheck Cond": "(s_nationkey = nation_1.n_nationkey)","Rows Removed by Index Recheck": 0,"Exact Heap Blocks": 190,"Lossy Heap Blocks": 0,"Plans": [{"Node Type": "Bitmap Index Scan","Parent Relationship": "Outer","Parallel Aware": false,"Async Capable": false,"Index Name": "idx_supplier_nation_key","Startup Cost": 0.00,"Total Cost": 7.29,"Plan Rows": 400,"Plan Width": 0,"Actual Startup Time": 0.076,"Actual Total Time": 0.082,"Actual Rows": 413,"Actual Loops": 1,"Index Cond": "(s_nationkey = nation_1.n_nationkey)"}]}]},{"Node Type": "Index Scan","Parent Relationship": "Inner","Parallel Aware": false,"Async Capable": false,"Scan Direction": "Forward","Index Name": "idx_partsupp_suppkey","Relation Name": "partsupp","Alias": "partsupp_1","Startup Cost": 0.42,"Total Cost": 9.07,"Plan Rows": 80,"Plan Width": 14,"Actual Startup Time": 0.015,"Actual Total Time": 0.299,"Actual Rows": 80,"Actual Loops": 413,"Index Cond": "(ps_suppkey = supplier_1.s_suppkey)","Rows Removed by Index Recheck": 0}]}]},{"Node Type": "Aggregate","Strategy": "Hashed","Partial Mode": "Simple","Parent Relationship": "Outer","Parallel Aware": false,"Async Capable": false,"Startup Cost": 4514.26,"Total Cost": 4994.26,"Plan Rows": 10667,"Plan Width": 36,"Actual Startup Time": 387.894,"Actual Total Time": 462.834,"Actual Rows": 786,"Actual Loops": 1,"Group Key": ["partsupp.ps_partkey"],"Filter": "(sum((partsupp.ps_supplycost * (partsupp.ps_availqty)::numeric)) > $2)","Planned Partitions": 0,"HashAgg Batches": 1,"Peak Memory Usage": 17937,"Disk Usage": 0,"Rows Removed by Filter": 30324,"Plans": [{"Node Type": "Nested Loop","Parent Relationship": "Outer","Parallel Aware": false,"Async Capable": false,"Join Type": "Inner","Startup Cost": 7.81,"Total Cost": 4194.26,"Plan Rows": 32000,"Plan Width": 14,"Actual Startup Time": 0.397,"Actual Total Time": 197.172,"Actual Rows": 33040,"Actual Loops": 1,"Inner Unique": false,"Plans": [{"Node Type": "Nested Loop","Parent Relationship": "Outer","Parallel Aware": false,"Async Capable": false,"Join Type": "Inner","Startup Cost": 7.38,"Total Cost": 244.58,"Plan Rows": 400,"Plan Width": 4,"Actual Startup Time": 0.324,"Actual Total Time": 2.886,"Actual Rows": 413,"Actual Loops": 1,"Inner Unique": false,"Plans": [{"Node Type": "Seq Scan","Parent Relationship": "Outer","Parallel Aware": false,"Async Capable": false,"Relation Name": "nation","Alias": "nation","Startup Cost": 0.00,"Total Cost": 1.31,"Plan Rows": 1,"Plan Width": 4,"Actual Startup Time": 0.073,"Actual Total Time": 0.106,"Actual Rows": 1,"Actual Loops": 1,"Filter": "(n_name = 'ARGENTINA'::bpchar)","Rows Removed by Filter": 24},{"Node Type": "Bitmap Heap Scan","Parent Relationship": "Inner","Parallel Aware": false,"Async Capable": false,"Relation Name": "supplier","Alias": "supplier","Startup Cost": 7.38,"Total Cost": 239.27,"Plan Rows": 400,"Plan Width": 8,"Actual Startup Time": 0.246,"Actual Total Time": 2.727,"Actual Rows": 413,"Actual Loops": 1,"Recheck Cond": "(s_nationkey = nation.n_nationkey)","Rows Removed by Index Recheck": 0,"Exact Heap Blocks": 190,"Lossy Heap Blocks": 0,"Plans": [{"Node Type": "Bitmap Index Scan","Parent Relationship": "Outer","Parallel Aware": false,"Async Capable": false,"Index Name": "idx_supplier_nation_key","Startup Cost": 0.00,"Total Cost": 7.29,"Plan Rows": 400,"Plan Width": 0,"Actual Startup Time": 0.154,"Actual Total Time": 0.156,"Actual Rows": 413,"Actual Loops": 1,"Index Cond": "(s_nationkey = nation.n_nationkey)"}]}]},{"Node Type": "Index Scan","Parent Relationship": "Inner","Parallel Aware": false,"Async Capable": false,"Scan Direction": "Forward","Index Name": "idx_partsupp_suppkey","Relation Name": "partsupp","Alias": "partsupp","Startup Cost": 0.42,"Total Cost": 9.07,"Plan Rows": 80,"Plan Width": 18,"Actual Startup Time": 0.020,"Actual Total Time": 0.459,"Actual Rows": 80,"Actual Loops": 413,"Index Cond": "(ps_suppkey = supplier.s_suppkey)","Rows Removed by Index Recheck": 0}]}]}]},"Planning Time": 6.005,"Triggers": [],"Execution Time": 466.166}]
[{"Plan": {"Node Type": "Sort","Parallel Aware": false,"Async Capable": false,"Startup Cost": 10142.20,"Total Cost": 10168.87,"Plan Rows": 10667,"Plan Width": 36,"Actual Startup Time": 435.527,"Actual Total Time": 435.700,"Actual Rows": 1089,"Actual Loops": 1,"Sort Key": ["(sum((partsupp.ps_supplycost * (partsupp.ps_availqty)::numeric))) DESC"],"Sort Method": "quicksort","Sort Space Used": 108,"Sort Space Type": "Memory","Plans": [{"Node Type": "Aggregate","Strategy": "Plain","Partial Mode": "Simple","Parent Relationship": "InitPlan","Subplan Name": "InitPlan 1 (returns $2)","Parallel Aware": false,"Async Capable": false,"Startup Cost": 4434.26,"Total Cost": 4434.27,"Plan Rows": 1,"Plan Width": 32,"Actual Startup Time": 127.992,"Actual Total Time": 128.018,"Actual Rows": 1,"Actual Loops": 1,"Plans": [{"Node Type": "Nested Loop","Parent Relationship": "Outer","Parallel Aware": false,"Async Capable": false,"Join Type": "Inner","Startup Cost": 7.81,"Total Cost": 4194.26,"Plan Rows": 32000,"Plan Width": 10,"Actual Startup Time": 0.202,"Actual Total Time": 120.806,"Actual Rows": 31200,"Actual Loops": 1,"Inner Unique": false,"Plans": [{"Node Type": "Nested Loop","Parent Relationship": "Outer","Parallel Aware": false,"Async Capable": false,"Join Type": "Inner","Startup Cost": 7.38,"Total Cost": 244.58,"Plan Rows": 400,"Plan Width": 4,"Actual Startup Time": 0.156,"Actual Total Time": 1.780,"Actual Rows": 390,"Actual Loops": 1,"Inner Unique": false,"Plans": [{"Node Type": "Seq Scan","Parent Relationship": "Outer","Parallel Aware": false,"Async Capable": false,"Relation Name": "nation","Alias": "nation_1","Startup Cost": 0.00,"Total Cost": 1.31,"Plan Rows": 1,"Plan Width": 4,"Actual Startup Time": 0.025,"Actual Total Time": 0.037,"Actual Rows": 1,"Actual Loops": 1,"Filter": "(n_name = 'UNITED KINGDOM'::bpchar)","Rows Removed by Filter": 24},{"Node Type": "Bitmap Heap Scan","Parent Relationship": "Inner","Parallel Aware": false,"Async Capable": false,"Relation Name": "supplier","Alias": "supplier_1","Startup Cost": 7.38,"Total Cost": 239.27,"Plan Rows": 400,"Plan Width": 8,"Actual Startup Time": 0.111,"Actual Total Time": 1.680,"Actual Rows": 390,"Actual Loops": 1,"Recheck Cond": "(s_nationkey = nation_1.n_nationkey)","Rows Removed by Index Recheck": 0,"Exact Heap Blocks": 190,"Lossy Heap Blocks": 0,"Plans": [{"Node Type": "Bitmap Index Scan","Parent Relationship": "Outer","Parallel Aware": false,"Async Capable": false,"Index Name": "idx_supplier_nation_key","Startup Cost": 0.00,"Total Cost": 7.29,"Plan Rows": 400,"Plan Width": 0,"Actual Startup Time": 0.075,"Actual Total Time": 0.080,"Actual Rows": 390,"Actual Loops": 1,"Index Cond": "(s_nationkey = nation_1.n_nationkey)"}]}]},{"Node Type": "Index Scan","Parent Relationship": "Inner","Parallel Aware": false,"Async Capable": false,"Scan Direction": "Forward","Index Name": "idx_partsupp_suppkey","Relation Name": "partsupp","Alias": "partsupp_1","Startup Cost": 0.42,"Total Cost": 9.07,"Plan Rows": 80,"Plan Width": 14,"Actual Startup Time": 0.014,"Actual Total Time": 0.293,"Actual Rows": 80,"Actual Loops": 390,"Index Cond": "(ps_suppkey = supplier_1.s_suppkey)","Rows Removed by Index Recheck": 0}]}]},{"Node Type": "Aggregate","Strategy": "Hashed","Partial Mode": "Simple","Parent Relationship": "Outer","Parallel Aware": false,"Async Capable": false,"Startup Cost": 4514.26,"Total Cost": 4994.26,"Plan Rows": 10667,"Plan Width": 36,"Actual Startup Time": 365.366,"Actual Total Time": 434.999,"Actual Rows": 1089,"Actual Loops": 1,"Group Key": ["partsupp.ps_partkey"],"Filter": "(sum((partsupp.ps_supplycost * (partsupp.ps_availqty)::numeric)) > $2)","Planned Partitions": 0,"HashAgg Batches": 1,"Peak Memory Usage": 17937,"Disk Usage": 0,"Rows Removed by Filter": 28366,"Plans": [{"Node Type": "Nested Loop","Parent Relationship": "Outer","Parallel Aware": false,"Async Capable": false,"Join Type": "Inner","Startup Cost": 7.81,"Total Cost": 4194.26,"Plan Rows": 32000,"Plan Width": 14,"Actual Startup Time": 0.273,"Actual Total Time": 195.557,"Actual Rows": 31200,"Actual Loops": 1,"Inner Unique": false,"Plans": [{"Node Type": "Nested Loop","Parent Relationship": "Outer","Parallel Aware": false,"Async Capable": false,"Join Type": "Inner","Startup Cost": 7.38,"Total Cost": 244.58,"Plan Rows": 400,"Plan Width": 4,"Actual Startup Time": 0.244,"Actual Total Time": 2.901,"Actual Rows": 390,"Actual Loops": 1,"Inner Unique": false,"Plans": [{"Node Type": "Seq Scan","Parent Relationship": "Outer","Parallel Aware": false,"Async Capable": false,"Relation Name": "nation","Alias": "nation","Startup Cost": 0.00,"Total Cost": 1.31,"Plan Rows": 1,"Plan Width": 4,"Actual Startup Time": 0.065,"Actual Total Time": 0.084,"Actual Rows": 1,"Actual Loops": 1,"Filter": "(n_name = 'UNITED KINGDOM'::bpchar)","Rows Removed by Filter": 24},{"Node Type": "Bitmap Heap Scan","Parent Relationship": "Inner","Parallel Aware": false,"Async Capable": false,"Relation Name": "supplier","Alias": "supplier","Startup Cost": 7.38,"Total Cost": 239.27,"Plan Rows": 400,"Plan Width": 8,"Actual Startup Time": 0.171,"Actual Total Time": 2.762,"Actual Rows": 390,"Actual Loops": 1,"Recheck Cond": "(s_nationkey = nation.n_nationkey)","Rows Removed by Index Recheck": 0,"Exact Heap Blocks": 190,"Lossy Heap Blocks": 0,"Plans": [{"Node Type": "Bitmap Index Scan","Parent Relationship": "Outer","Parallel Aware": false,"Async Capable": false,"Index Name": "idx_supplier_nation_key","Startup Cost": 0.00,"Total Cost": 7.29,"Plan Rows": 400,"Plan Width": 0,"Actual Startup Time": 0.123,"Actual Total Time": 0.123,"Actual Rows": 390,"Actual Loops": 1,"Index Cond": "(s_nationkey = nation.n_nationkey)"}]}]},{"Node Type": "Index Scan","Parent Relationship": "Inner","Parallel Aware": false,"Async Capable": false,"Scan Direction": "Forward","Index Name": "idx_partsupp_suppkey","Relation Name": "partsupp","Alias": "partsupp","Startup Cost": 0.42,"Total Cost": 9.07,"Plan Rows": 80,"Plan Width": 18,"Actual Startup Time": 0.020,"Actual Total Time": 0.482,"Actual Rows": 80,"Actual Loops": 390,"Index Cond": "(ps_suppkey = supplier.s_suppkey)","Rows Removed by Index Recheck": 0}]}]}]},"Planning Time": 6.575,"Triggers": [],"Execution Time": 439.057}]
[{"Plan": {"Node Type": "Sort","Parallel Aware": false,"Async Capable": false,"Startup Cost": 10142.20,"Total Cost": 10168.87,"Plan Rows": 10667,"Plan Width": 36,"Actual Startup Time": 433.392,"Actual Total Time": 433.521,"Actual Rows": 1062,"Actual Loops": 1,"Sort Key": ["(sum((partsupp.ps_supplycost * (partsupp.ps_availqty)::numeric))) DESC"],"Sort Method": "quicksort","Sort Space Used": 107,"Sort Space Type": "Memory","Plans": [{"Node Type": "Aggregate","Strategy": "Plain","Partial Mode": "Simple","Parent Relationship": "InitPlan","Subplan Name": "InitPlan 1 (returns $2)","Parallel Aware": false,"Async Capable": false,"Startup Cost": 4434.26,"Total Cost": 4434.27,"Plan Rows": 1,"Plan Width": 32,"Actual Startup Time": 125.971,"Actual Total Time": 125.990,"Actual Rows": 1,"Actual Loops": 1,"Plans": [{"Node Type": "Nested Loop","Parent Relationship": "Outer","Parallel Aware": false,"Async Capable": false,"Join Type": "Inner","Startup Cost": 7.81,"Total Cost": 4194.26,"Plan Rows": 32000,"Plan Width": 10,"Actual Startup Time": 0.203,"Actual Total Time": 118.781,"Actual Rows": 31440,"Actual Loops": 1,"Inner Unique": false,"Plans": [{"Node Type": "Nested Loop","Parent Relationship": "Outer","Parallel Aware": false,"Async Capable": false,"Join Type": "Inner","Startup Cost": 7.38,"Total Cost": 244.58,"Plan Rows": 400,"Plan Width": 4,"Actual Startup Time": 0.157,"Actual Total Time": 1.656,"Actual Rows": 393,"Actual Loops": 1,"Inner Unique": false,"Plans": [{"Node Type": "Seq Scan","Parent Relationship": "Outer","Parallel Aware": false,"Async Capable": false,"Relation Name": "nation","Alias": "nation_1","Startup Cost": 0.00,"Total Cost": 1.31,"Plan Rows": 1,"Plan Width": 4,"Actual Startup Time": 0.034,"Actual Total Time": 0.054,"Actual Rows": 1,"Actual Loops": 1,"Filter": "(n_name = 'IRAN'::bpchar)","Rows Removed by Filter": 24},{"Node Type": "Bitmap Heap Scan","Parent Relationship": "Inner","Parallel Aware": false,"Async Capable": false,"Relation Name": "supplier","Alias": "supplier_1","Startup Cost": 7.38,"Total Cost": 239.27,"Plan Rows": 400,"Plan Width": 8,"Actual Startup Time": 0.107,"Actual Total Time": 1.545,"Actual Rows": 393,"Actual Loops": 1,"Recheck Cond": "(s_nationkey = nation_1.n_nationkey)","Rows Removed by Index Recheck": 0,"Exact Heap Blocks": 179,"Lossy Heap Blocks": 0,"Plans": [{"Node Type": "Bitmap Index Scan","Parent Relationship": "Outer","Parallel Aware": false,"Async Capable": false,"Index Name": "idx_supplier_nation_key","Startup Cost": 0.00,"Total Cost": 7.29,"Plan Rows": 400,"Plan Width": 0,"Actual Startup Time": 0.076,"Actual Total Time": 0.080,"Actual Rows": 393,"Actual Loops": 1,"Index Cond": "(s_nationkey = nation_1.n_nationkey)"}]}]},{"Node Type": "Index Scan","Parent Relationship": "Inner","Parallel Aware": false,"Async Capable": false,"Scan Direction": "Forward","Index Name": "idx_partsupp_suppkey","Relation Name": "partsupp","Alias": "partsupp_1","Startup Cost": 0.42,"Total Cost": 9.07,"Plan Rows": 80,"Plan Width": 14,"Actual Startup Time": 0.014,"Actual Total Time": 0.286,"Actual Rows": 80,"Actual Loops": 393,"Index Cond": "(ps_suppkey = supplier_1.s_suppkey)","Rows Removed by Index Recheck": 0}]}]},{"Node Type": "Aggregate","Strategy": "Hashed","Partial Mode": "Simple","Parent Relationship": "Outer","Parallel Aware": false,"Async Capable": false,"Startup Cost": 4514.26,"Total Cost": 4994.26,"Plan Rows": 10667,"Plan Width": 36,"Actual Startup Time": 362.794,"Actual Total Time": 432.898,"Actual Rows": 1062,"Actual Loops": 1,"Group Key": ["partsupp.ps_partkey"],"Filter": "(sum((partsupp.ps_supplycost * (partsupp.ps_availqty)::numeric)) > $2)","Planned Partitions": 0,"HashAgg Batches": 1,"Peak Memory Usage": 17937,"Disk Usage": 0,"Rows Removed by Filter": 28595,"Plans": [{"Node Type": "Nested Loop","Parent Relationship": "Outer","Parallel Aware": false,"Async Capable": false,"Join Type": "Inner","Startup Cost": 7.81,"Total Cost": 4194.26,"Plan Rows": 32000,"Plan Width": 14,"Actual Startup Time": 0.338,"Actual Total Time": 194.810,"Actual Rows": 31440,"Actual Loops": 1,"Inner Unique": false,"Plans": [{"Node Type": "Nested Loop","Parent Relationship": "Outer","Parallel Aware": false,"Async Capable": false,"Join Type": "Inner","Startup Cost": 7.38,"Total Cost": 244.58,"Plan Rows": 400,"Plan Width": 4,"Actual Startup Time": 0.285,"Actual Total Time": 2.779,"Actual Rows": 393,"Actual Loops": 1,"Inner Unique": false,"Plans": [{"Node Type": "Seq Scan","Parent Relationship": "Outer","Parallel Aware": false,"Async Capable": false,"Relation Name": "nation","Alias": "nation","Startup Cost": 0.00,"Total Cost": 1.31,"Plan Rows": 1,"Plan Width": 4,"Actual Startup Time": 0.074,"Actual Total Time": 0.096,"Actual Rows": 1,"Actual Loops": 1,"Filter": "(n_name = 'IRAN'::bpchar)","Rows Removed by Filter": 24},{"Node Type": "Bitmap Heap Scan","Parent Relationship": "Inner","Parallel Aware": false,"Async Capable": false,"Relation Name": "supplier","Alias": "supplier","Startup Cost": 7.38,"Total Cost": 239.27,"Plan Rows": 400,"Plan Width": 8,"Actual Startup Time": 0.203,"Actual Total Time": 2.632,"Actual Rows": 393,"Actual Loops": 1,"Recheck Cond": "(s_nationkey = nation.n_nationkey)","Rows Removed by Index Recheck": 0,"Exact Heap Blocks": 179,"Lossy Heap Blocks": 0,"Plans": [{"Node Type": "Bitmap Index Scan","Parent Relationship": "Outer","Parallel Aware": false,"Async Capable": false,"Index Name": "idx_supplier_nation_key","Startup Cost": 0.00,"Total Cost": 7.29,"Plan Rows": 400,"Plan Width": 0,"Actual Startup Time": 0.138,"Actual Total Time": 0.139,"Actual Rows": 393,"Actual Loops": 1,"Index Cond": "(s_nationkey = nation.n_nationkey)"}]}]},{"Node Type": "Index Scan","Parent Relationship": "Inner","Parallel Aware": false,"Async Capable": false,"Scan Direction": "Forward","Index Name": "idx_partsupp_suppkey","Relation Name": "partsupp","Alias": "partsupp","Startup Cost": 0.42,"Total Cost": 9.07,"Plan Rows": 80,"Plan Width": 18,"Actual Startup Time": 0.019,"Actual Total Time": 0.477,"Actual Rows": 80,"Actual Loops": 393,"Index Cond": "(ps_suppkey = supplier.s_suppkey)","Rows Removed by Index Recheck": 0}]}]}]},"Planning Time": 6.603,"Triggers": [],"Execution Time": 437.000}]
[{"Plan": {"Node Type": "Sort","Parallel Aware": false,"Async Capable": false,"Startup Cost": 10142.20,"Total Cost": 10168.87,"Plan Rows": 10667,"Plan Width": 36,"Actual Startup Time": 460.124,"Actual Total Time": 460.279,"Actual Rows": 753,"Actual Loops": 1,"Sort Key": ["(sum((partsupp.ps_supplycost * (partsupp.ps_availqty)::numeric))) DESC"],"Sort Method": "quicksort","Sort Space Used": 66,"Sort Space Type": "Memory","Plans": [{"Node Type": "Aggregate","Strategy": "Plain","Partial Mode": "Simple","Parent Relationship": "InitPlan","Subplan Name": "InitPlan 1 (returns $2)","Parallel Aware": false,"Async Capable": false,"Startup Cost": 4434.26,"Total Cost": 4434.27,"Plan Rows": 1,"Plan Width": 32,"Actual Startup Time": 134.377,"Actual Total Time": 134.409,"Actual Rows": 1,"Actual Loops": 1,"Plans": [{"Node Type": "Nested Loop","Parent Relationship": "Outer","Parallel Aware": false,"Async Capable": false,"Join Type": "Inner","Startup Cost": 7.81,"Total Cost": 4194.26,"Plan Rows": 32000,"Plan Width": 10,"Actual Startup Time": 0.237,"Actual Total Time": 126.748,"Actual Rows": 33200,"Actual Loops": 1,"Inner Unique": false,"Plans": [{"Node Type": "Nested Loop","Parent Relationship": "Outer","Parallel Aware": false,"Async Capable": false,"Join Type": "Inner","Startup Cost": 7.38,"Total Cost": 244.58,"Plan Rows": 400,"Plan Width": 4,"Actual Startup Time": 0.181,"Actual Total Time": 1.854,"Actual Rows": 415,"Actual Loops": 1,"Inner Unique": false,"Plans": [{"Node Type": "Seq Scan","Parent Relationship": "Outer","Parallel Aware": false,"Async Capable": false,"Relation Name": "nation","Alias": "nation_1","Startup Cost": 0.00,"Total Cost": 1.31,"Plan Rows": 1,"Plan Width": 4,"Actual Startup Time": 0.049,"Actual Total Time": 0.067,"Actual Rows": 1,"Actual Loops": 1,"Filter": "(n_name = 'INDIA'::bpchar)","Rows Removed by Filter": 24},{"Node Type": "Bitmap Heap Scan","Parent Relationship": "Inner","Parallel Aware": false,"Async Capable": false,"Relation Name": "supplier","Alias": "supplier_1","Startup Cost": 7.38,"Total Cost": 239.27,"Plan Rows": 400,"Plan Width": 8,"Actual Startup Time": 0.112,"Actual Total Time": 1.723,"Actual Rows": 415,"Actual Loops": 1,"Recheck Cond": "(s_nationkey = nation_1.n_nationkey)","Rows Removed by Index Recheck": 0,"Exact Heap Blocks": 186,"Lossy Heap Blocks": 0,"Plans": [{"Node Type": "Bitmap Index Scan","Parent Relationship": "Outer","Parallel Aware": false,"Async Capable": false,"Index Name": "idx_supplier_nation_key","Startup Cost": 0.00,"Total Cost": 7.29,"Plan Rows": 400,"Plan Width": 0,"Actual Startup Time": 0.076,"Actual Total Time": 0.083,"Actual Rows": 415,"Actual Loops": 1,"Index Cond": "(s_nationkey = nation_1.n_nationkey)"}]}]},{"Node Type": "Index Scan","Parent Relationship": "Inner","Parallel Aware": false,"Async Capable": false,"Scan Direction": "Forward","Index Name": "idx_partsupp_suppkey","Relation Name": "partsupp","Alias": "partsupp_1","Startup Cost": 0.42,"Total Cost": 9.07,"Plan Rows": 80,"Plan Width": 14,"Actual Startup Time": 0.014,"Actual Total Time": 0.289,"Actual Rows": 80,"Actual Loops": 415,"Index Cond": "(ps_suppkey = supplier_1.s_suppkey)","Rows Removed by Index Recheck": 0}]}]},{"Node Type": "Aggregate","Strategy": "Hashed","Partial Mode": "Simple","Parent Relationship": "Outer","Parallel Aware": false,"Async Capable": false,"Startup Cost": 4514.26,"Total Cost": 4994.26,"Plan Rows": 10667,"Plan Width": 36,"Actual Startup Time": 384.255,"Actual Total Time": 459.696,"Actual Rows": 753,"Actual Loops": 1,"Group Key": ["partsupp.ps_partkey"],"Filter": "(sum((partsupp.ps_supplycost * (partsupp.ps_availqty)::numeric)) > $2)","Planned Partitions": 0,"HashAgg Batches": 1,"Peak Memory Usage": 17937,"Disk Usage": 0,"Rows Removed by Filter": 30329,"Plans": [{"Node Type": "Nested Loop","Parent Relationship": "Outer","Parallel Aware": false,"Async Capable": false,"Join Type": "Inner","Startup Cost": 7.81,"Total Cost": 4194.26,"Plan Rows": 32000,"Plan Width": 14,"Actual Startup Time": 0.331,"Actual Total Time": 205.215,"Actual Rows": 33200,"Actual Loops": 1,"Inner Unique": false,"Plans": [{"Node Type": "Nested Loop","Parent Relationship": "Outer","Parallel Aware": false,"Async Capable": false,"Join Type": "Inner","Startup Cost": 7.38,"Total Cost": 244.58,"Plan Rows": 400,"Plan Width": 4,"Actual Startup Time": 0.285,"Actual Total Time": 2.795,"Actual Rows": 415,"Actual Loops": 1,"Inner Unique": false,"Plans": [{"Node Type": "Seq Scan","Parent Relationship": "Outer","Parallel Aware": false,"Async Capable": false,"Relation Name": "nation","Alias": "nation","Startup Cost": 0.00,"Total Cost": 1.31,"Plan Rows": 1,"Plan Width": 4,"Actual Startup Time": 0.073,"Actual Total Time": 0.100,"Actual Rows": 1,"Actual Loops": 1,"Filter": "(n_name = 'INDIA'::bpchar)","Rows Removed by Filter": 24},{"Node Type": "Bitmap Heap Scan","Parent Relationship": "Inner","Parallel Aware": false,"Async Capable": false,"Relation Name": "supplier","Alias": "supplier","Startup Cost": 7.38,"Total Cost": 239.27,"Plan Rows": 400,"Plan Width": 8,"Actual Startup Time": 0.206,"Actual Total Time": 2.634,"Actual Rows": 415,"Actual Loops": 1,"Recheck Cond": "(s_nationkey = nation.n_nationkey)","Rows Removed by Index Recheck": 0,"Exact Heap Blocks": 186,"Lossy Heap Blocks": 0,"Plans": [{"Node Type": "Bitmap Index Scan","Parent Relationship": "Outer","Parallel Aware": false,"Async Capable": false,"Index Name": "idx_supplier_nation_key","Startup Cost": 0.00,"Total Cost": 7.29,"Plan Rows": 400,"Plan Width": 0,"Actual Startup Time": 0.132,"Actual Total Time": 0.135,"Actual Rows": 415,"Actual Loops": 1,"Index Cond": "(s_nationkey = nation.n_nationkey)"}]}]},{"Node Type": "Index Scan","Parent Relationship": "Inner","Parallel Aware": false,"Async Capable": false,"Scan Direction": "Forward","Index Name": "idx_partsupp_suppkey","Relation Name": "partsupp","Alias": "partsupp","Startup Cost": 0.42,"Total Cost": 9.07,"Plan Rows": 80,"Plan Width": 18,"Actual Startup Time": 0.019,"Actual Total Time": 0.476,"Actual Rows": 80,"Actual Loops": 415,"Index Cond": "(ps_suppkey = supplier.s_suppkey)","Rows Removed by Index Recheck": 0}]}]}]},"Planning Time": 5.856,"Triggers": [],"Execution Time": 463.781}]
[{"Plan": {"Node Type": "Sort","Parallel Aware": false,"Async Capable": false,"Startup Cost": 10142.20,"Total Cost": 10168.87,"Plan Rows": 10667,"Plan Width": 36,"Actual Startup Time": 451.065,"Actual Total Time": 451.181,"Actual Rows": 838,"Actual Loops": 1,"Sort Key": ["(sum((partsupp.ps_supplycost * (partsupp.ps_availqty)::numeric))) DESC"],"Sort Method": "quicksort","Sort Space Used": 70,"Sort Space Type": "Memory","Plans": [{"Node Type": "Aggregate","Strategy": "Plain","Partial Mode": "Simple","Parent Relationship": "InitPlan","Subplan Name": "InitPlan 1 (returns $2)","Parallel Aware": false,"Async Capable": false,"Startup Cost": 4434.26,"Total Cost": 4434.27,"Plan Rows": 1,"Plan Width": 32,"Actual Startup Time": 132.717,"Actual Total Time": 132.742,"Actual Rows": 1,"Actual Loops": 1,"Plans": [{"Node Type": "Nested Loop","Parent Relationship": "Outer","Parallel Aware": false,"Async Capable": false,"Join Type": "Inner","Startup Cost": 7.81,"Total Cost": 4194.26,"Plan Rows": 32000,"Plan Width": 10,"Actual Startup Time": 0.228,"Actual Total Time": 125.275,"Actual Rows": 32480,"Actual Loops": 1,"Inner Unique": false,"Plans": [{"Node Type": "Nested Loop","Parent Relationship": "Outer","Parallel Aware": false,"Async Capable": false,"Join Type": "Inner","Startup Cost": 7.38,"Total Cost": 244.58,"Plan Rows": 400,"Plan Width": 4,"Actual Startup Time": 0.174,"Actual Total Time": 1.839,"Actual Rows": 406,"Actual Loops": 1,"Inner Unique": false,"Plans": [{"Node Type": "Seq Scan","Parent Relationship": "Outer","Parallel Aware": false,"Async Capable": false,"Relation Name": "nation","Alias": "nation_1","Startup Cost": 0.00,"Total Cost": 1.31,"Plan Rows": 1,"Plan Width": 4,"Actual Startup Time": 0.052,"Actual Total Time": 0.067,"Actual Rows": 1,"Actual Loops": 1,"Filter": "(n_name = 'MOZAMBIQUE'::bpchar)","Rows Removed by Filter": 24},{"Node Type": "Bitmap Heap Scan","Parent Relationship": "Inner","Parallel Aware": false,"Async Capable": false,"Relation Name": "supplier","Alias": "supplier_1","Startup Cost": 7.38,"Total Cost": 239.27,"Plan Rows": 400,"Plan Width": 8,"Actual Startup Time": 0.112,"Actual Total Time": 1.721,"Actual Rows": 406,"Actual Loops": 1,"Recheck Cond": "(s_nationkey = nation_1.n_nationkey)","Rows Removed by Index Recheck": 0,"Exact Heap Blocks": 186,"Lossy Heap Blocks": 0,"Plans": [{"Node Type": "Bitmap Index Scan","Parent Relationship": "Outer","Parallel Aware": false,"Async Capable": false,"Index Name": "idx_supplier_nation_key","Startup Cost": 0.00,"Total Cost": 7.29,"Plan Rows": 400,"Plan Width": 0,"Actual Startup Time": 0.075,"Actual Total Time": 0.080,"Actual Rows": 406,"Actual Loops": 1,"Index Cond": "(s_nationkey = nation_1.n_nationkey)"}]}]},{"Node Type": "Index Scan","Parent Relationship": "Inner","Parallel Aware": false,"Async Capable": false,"Scan Direction": "Forward","Index Name": "idx_partsupp_suppkey","Relation Name": "partsupp","Alias": "partsupp_1","Startup Cost": 0.42,"Total Cost": 9.07,"Plan Rows": 80,"Plan Width": 14,"Actual Startup Time": 0.015,"Actual Total Time": 0.292,"Actual Rows": 80,"Actual Loops": 406,"Index Cond": "(ps_suppkey = supplier_1.s_suppkey)","Rows Removed by Index Recheck": 0}]}]},{"Node Type": "Aggregate","Strategy": "Hashed","Partial Mode": "Simple","Parent Relationship": "Outer","Parallel Aware": false,"Async Capable": false,"Startup Cost": 4514.26,"Total Cost": 4994.26,"Plan Rows": 10667,"Plan Width": 36,"Actual Startup Time": 378.862,"Actual Total Time": 450.673,"Actual Rows": 838,"Actual Loops": 1,"Group Key": ["partsupp.ps_partkey"],"Filter": "(sum((partsupp.ps_supplycost * (partsupp.ps_availqty)::numeric)) > $2)","Planned Partitions": 0,"HashAgg Batches": 1,"Peak Memory Usage": 17937,"Disk Usage": 0,"Rows Removed by Filter": 29832,"Plans": [{"Node Type": "Nested Loop","Parent Relationship": "Outer","Parallel Aware": false,"Async Capable": false,"Join Type": "Inner","Startup Cost": 7.81,"Total Cost": 4194.26,"Plan Rows": 32000,"Plan Width": 14,"Actual Startup Time": 0.382,"Actual Total Time": 202.282,"Actual Rows": 32480,"Actual Loops": 1,"Inner Unique": false,"Plans": [{"Node Type": "Nested Loop","Parent Relationship": "Outer","Parallel Aware": false,"Async Capable": false,"Join Type": "Inner","Startup Cost": 7.38,"Total Cost": 244.58,"Plan Rows": 400,"Plan Width": 4,"Actual Startup Time": 0.293,"Actual Total Time": 2.810,"Actual Rows": 406,"Actual Loops": 1,"Inner Unique": false,"Plans": [{"Node Type": "Seq Scan","Parent Relationship": "Outer","Parallel Aware": false,"Async Capable": false,"Relation Name": "nation","Alias": "nation","Startup Cost": 0.00,"Total Cost": 1.31,"Plan Rows": 1,"Plan Width": 4,"Actual Startup Time": 0.067,"Actual Total Time": 0.098,"Actual Rows": 1,"Actual Loops": 1,"Filter": "(n_name = 'MOZAMBIQUE'::bpchar)","Rows Removed by Filter": 24},{"Node Type": "Bitmap Heap Scan","Parent Relationship": "Inner","Parallel Aware": false,"Async Capable": false,"Relation Name": "supplier","Alias": "supplier","Startup Cost": 7.38,"Total Cost": 239.27,"Plan Rows": 400,"Plan Width": 8,"Actual Startup Time": 0.220,"Actual Total Time": 2.658,"Actual Rows": 406,"Actual Loops": 1,"Recheck Cond": "(s_nationkey = nation.n_nationkey)","Rows Removed by Index Recheck": 0,"Exact Heap Blocks": 186,"Lossy Heap Blocks": 0,"Plans": [{"Node Type": "Bitmap Index Scan","Parent Relationship": "Outer","Parallel Aware": false,"Async Capable": false,"Index Name": "idx_supplier_nation_key","Startup Cost": 0.00,"Total Cost": 7.29,"Plan Rows": 400,"Plan Width": 0,"Actual Startup Time": 0.147,"Actual Total Time": 0.149,"Actual Rows": 406,"Actual Loops": 1,"Index Cond": "(s_nationkey = nation.n_nationkey)"}]}]},{"Node Type": "Index Scan","Parent Relationship": "Inner","Parallel Aware": false,"Async Capable": false,"Scan Direction": "Forward","Index Name": "idx_partsupp_suppkey","Relation Name": "partsupp","Alias": "partsupp","Startup Cost": 0.42,"Total Cost": 9.07,"Plan Rows": 80,"Plan Width": 18,"Actual Startup Time": 0.020,"Actual Total Time": 0.480,"Actual Rows": 80,"Actual Loops": 406,"Index Cond": "(ps_suppkey = supplier.s_suppkey)","Rows Removed by Index Recheck": 0}]}]}]},"Planning Time": 6.783,"Triggers": [],"Execution Time": 454.405}]
[{"Plan": {"Node Type": "Sort","Parallel Aware": false,"Async Capable": false,"Startup Cost": 10142.20,"Total Cost": 10168.87,"Plan Rows": 10667,"Plan Width": 36,"Actual Startup Time": 435.527,"Actual Total Time": 435.700,"Actual Rows": 1089,"Actual Loops": 1,"Sort Key": ["(sum((partsupp.ps_supplycost * (partsupp.ps_availqty)::numeric))) DESC"],"Sort Method": "quicksort","Sort Space Used": 108,"Sort Space Type": "Memory","Plans": [{"Node Type": "Aggregate","Strategy": "Plain","Partial Mode": "Simple","Parent Relationship": "InitPlan","Subplan Name": "InitPlan 1 (returns $2)","Parallel Aware": false,"Async Capable": false,"Startup Cost": 4434.26,"Total Cost": 4434.27,"Plan Rows": 1,"Plan Width": 32,"Actual Startup Time": 127.992,"Actual Total Time": 128.018,"Actual Rows": 1,"Actual Loops": 1,"Plans": [{"Node Type": "Nested Loop","Parent Relationship": "Outer","Parallel Aware": false,"Async Capable": false,"Join Type": "Inner","Startup Cost": 7.81,"Total Cost": 4194.26,"Plan Rows": 32000,"Plan Width": 10,"Actual Startup Time": 0.202,"Actual Total Time": 120.806,"Actual Rows": 31200,"Actual Loops": 1,"Inner Unique": false,"Plans": [{"Node Type": "Nested Loop","Parent Relationship": "Outer","Parallel Aware": false,"Async Capable": false,"Join Type": "Inner","Startup Cost": 7.38,"Total Cost": 244.58,"Plan Rows": 400,"Plan Width": 4,"Actual Startup Time": 0.156,"Actual Total Time": 1.780,"Actual Rows": 390,"Actual Loops": 1,"Inner Unique": false,"Plans": [{"Node Type": "Seq Scan","Parent Relationship": "Outer","Parallel Aware": false,"Async Capable": false,"Relation Name": "nation","Alias": "nation_1","Startup Cost": 0.00,"Total Cost": 1.31,"Plan Rows": 1,"Plan Width": 4,"Actual Startup Time": 0.025,"Actual Total Time": 0.037,"Actual Rows": 1,"Actual Loops": 1,"Filter": "(n_name = 'UNITED KINGDOM'::bpchar)","Rows Removed by Filter": 24},{"Node Type": "Bitmap Heap Scan","Parent Relationship": "Inner","Parallel Aware": false,"Async Capable": false,"Relation Name": "supplier","Alias": "supplier_1","Startup Cost": 7.38,"Total Cost": 239.27,"Plan Rows": 400,"Plan Width": 8,"Actual Startup Time": 0.111,"Actual Total Time": 1.680,"Actual Rows": 390,"Actual Loops": 1,"Recheck Cond": "(s_nationkey = nation_1.n_nationkey)","Rows Removed by Index Recheck": 0,"Exact Heap Blocks": 190,"Lossy Heap Blocks": 0,"Plans": [{"Node Type": "Bitmap Index Scan","Parent Relationship": "Outer","Parallel Aware": false,"Async Capable": false,"Index Name": "idx_supplier_nation_key","Startup Cost": 0.00,"Total Cost": 7.29,"Plan Rows": 400,"Plan Width": 0,"Actual Startup Time": 0.075,"Actual Total Time": 0.080,"Actual Rows": 390,"Actual Loops": 1,"Index Cond": "(s_nationkey = nation_1.n_nationkey)"}]}]},{"Node Type": "Index Scan","Parent Relationship": "Inner","Parallel Aware": false,"Async Capable": false,"Scan Direction": "Forward","Index Name": "idx_partsupp_suppkey","Relation Name": "partsupp","Alias": "partsupp_1","Startup Cost": 0.42,"Total Cost": 9.07,"Plan Rows": 80,"Plan Width": 14,"Actual Startup Time": 0.014,"Actual Total Time": 0.293,"Actual Rows": 80,"Actual Loops": 390,"Index Cond": "(ps_suppkey = supplier_1.s_suppkey)","Rows Removed by Index Recheck": 0}]}]},{"Node Type": "Aggregate","Strategy": "Hashed","Partial Mode": "Simple","Parent Relationship": "Outer","Parallel Aware": false,"Async Capable": false,"Startup Cost": 4514.26,"Total Cost": 4994.26,"Plan Rows": 10667,"Plan Width": 36,"Actual Startup Time": 365.366,"Actual Total Time": 434.999,"Actual Rows": 1089,"Actual Loops": 1,"Group Key": ["partsupp.ps_partkey"],"Filter": "(sum((partsupp.ps_supplycost * (partsupp.ps_availqty)::numeric)) > $2)","Planned Partitions": 0,"HashAgg Batches": 1,"Peak Memory Usage": 17937,"Disk Usage": 0,"Rows Removed by Filter": 28366,"Plans": [{"Node Type": "Nested Loop","Parent Relationship": "Outer","Parallel Aware": false,"Async Capable": false,"Join Type": "Inner","Startup Cost": 7.81,"Total Cost": 4194.26,"Plan Rows": 32000,"Plan Width": 14,"Actual Startup Time": 0.273,"Actual Total Time": 195.557,"Actual Rows": 31200,"Actual Loops": 1,"Inner Unique": false,"Plans": [{"Node Type": "Nested Loop","Parent Relationship": "Outer","Parallel Aware": false,"Async Capable": false,"Join Type": "Inner","Startup Cost": 7.38,"Total Cost": 244.58,"Plan Rows": 400,"Plan Width": 4,"Actual Startup Time": 0.244,"Actual Total Time": 2.901,"Actual Rows": 390,"Actual Loops": 1,"Inner Unique": false,"Plans": [{"Node Type": "Seq Scan","Parent Relationship": "Outer","Parallel Aware": false,"Async Capable": false,"Relation Name": "nation","Alias": "nation","Startup Cost": 0.00,"Total Cost": 1.31,"Plan Rows": 1,"Plan Width": 4,"Actual Startup Time": 0.065,"Actual Total Time": 0.084,"Actual Rows": 1,"Actual Loops": 1,"Filter": "(n_name = 'UNITED KINGDOM'::bpchar)","Rows Removed by Filter": 24},{"Node Type": "Bitmap Heap Scan","Parent Relationship": "Inner","Parallel Aware": false,"Async Capable": false,"Relation Name": "supplier","Alias": "supplier","Startup Cost": 7.38,"Total Cost": 239.27,"Plan Rows": 400,"Plan Width": 8,"Actual Startup Time": 0.171,"Actual Total Time": 2.762,"Actual Rows": 390,"Actual Loops": 1,"Recheck Cond": "(s_nationkey = nation.n_nationkey)","Rows Removed by Index Recheck": 0,"Exact Heap Blocks": 190,"Lossy Heap Blocks": 0,"Plans": [{"Node Type": "Bitmap Index Scan","Parent Relationship": "Outer","Parallel Aware": false,"Async Capable": false,"Index Name": "idx_supplier_nation_key","Startup Cost": 0.00,"Total Cost": 7.29,"Plan Rows": 400,"Plan Width": 0,"Actual Startup Time": 0.123,"Actual Total Time": 0.123,"Actual Rows": 390,"Actual Loops": 1,"Index Cond": "(s_nationkey = nation.n_nationkey)"}]}]},{"Node Type": "Index Scan","Parent Relationship": "Inner","Parallel Aware": false,"Async Capable": false,"Scan Direction": "Forward","Index Name": "idx_partsupp_suppkey","Relation Name": "partsupp","Alias": "partsupp","Startup Cost": 0.42,"Total Cost": 9.07,"Plan Rows": 80,"Plan Width": 18,"Actual Startup Time": 0.020,"Actual Total Time": 0.482,"Actual Rows": 80,"Actual Loops": 390,"Index Cond": "(ps_suppkey = supplier.s_suppkey)","Rows Removed by Index Recheck": 0}]}]}]},"Planning Time": 6.575,"Triggers": [],"Execution Time": 439.057}]
[{"Plan": {"Node Type": "Sort","Parallel Aware": false,"Async Capable": false,"Startup Cost": 10142.20,"Total Cost": 10168.87,"Plan Rows": 10667,"Plan Width": 36,"Actual Startup Time": 460.724,"Actual Total Time": 460.840,"Actual Rows": 741,"Actual Loops": 1,"Sort Key": ["(sum((partsupp.ps_supplycost * (partsupp.ps_availqty)::numeric))) DESC"],"Sort Method": "quicksort","Sort Space Used": 65,"Sort Space Type": "Memory","Plans": [{"Node Type": "Aggregate","Strategy": "Plain","Partial Mode": "Simple","Parent Relationship": "InitPlan","Subplan Name": "InitPlan 1 (returns $2)","Parallel Aware": false,"Async Capable": false,"Startup Cost": 4434.26,"Total Cost": 4434.27,"Plan Rows": 1,"Plan Width": 32,"Actual Startup Time": 132.110,"Actual Total Time": 132.136,"Actual Rows": 1,"Actual Loops": 1,"Plans": [{"Node Type": "Nested Loop","Parent Relationship": "Outer","Parallel Aware": false,"Async Capable": false,"Join Type": "Inner","Startup Cost": 7.81,"Total Cost": 4194.26,"Plan Rows": 32000,"Plan Width": 10,"Actual Startup Time": 0.212,"Actual Total Time": 124.425,"Actual Rows": 33680,"Actual Loops": 1,"Inner Unique": false,"Plans": [{"Node Type": "Nested Loop","Parent Relationship": "Outer","Parallel Aware": false,"Async Capable": false,"Join Type": "Inner","Startup Cost": 7.38,"Total Cost": 244.58,"Plan Rows": 400,"Plan Width": 4,"Actual Startup Time": 0.146,"Actual Total Time": 1.771,"Actual Rows": 421,"Actual Loops": 1,"Inner Unique": false,"Plans": [{"Node Type": "Seq Scan","Parent Relationship": "Outer","Parallel Aware": false,"Async Capable": false,"Relation Name": "nation","Alias": "nation_1","Startup Cost": 0.00,"Total Cost": 1.31,"Plan Rows": 1,"Plan Width": 4,"Actual Startup Time": 0.036,"Actual Total Time": 0.052,"Actual Rows": 1,"Actual Loops": 1,"Filter": "(n_name = 'PERU'::bpchar)","Rows Removed by Filter": 24},{"Node Type": "Bitmap Heap Scan","Parent Relationship": "Inner","Parallel Aware": false,"Async Capable": false,"Relation Name": "supplier","Alias": "supplier_1","Startup Cost": 7.38,"Total Cost": 239.27,"Plan Rows": 400,"Plan Width": 8,"Actual Startup Time": 0.097,"Actual Total Time": 1.663,"Actual Rows": 421,"Actual Loops": 1,"Recheck Cond": "(s_nationkey = nation_1.n_nationkey)","Rows Removed by Index Recheck": 0,"Exact Heap Blocks": 187,"Lossy Heap Blocks": 0,"Plans": [{"Node Type": "Bitmap Index Scan","Parent Relationship": "Outer","Parallel Aware": false,"Async Capable": false,"Index Name": "idx_supplier_nation_key","Startup Cost": 0.00,"Total Cost": 7.29,"Plan Rows": 400,"Plan Width": 0,"Actual Startup Time": 0.063,"Actual Total Time": 0.070,"Actual Rows": 421,"Actual Loops": 1,"Index Cond": "(s_nationkey = nation_1.n_nationkey)"}]}]},{"Node Type": "Index Scan","Parent Relationship": "Inner","Parallel Aware": false,"Async Capable": false,"Scan Direction": "Forward","Index Name": "idx_partsupp_suppkey","Relation Name": "partsupp","Alias": "partsupp_1","Startup Cost": 0.42,"Total Cost": 9.07,"Plan Rows": 80,"Plan Width": 14,"Actual Startup Time": 0.014,"Actual Total Time": 0.279,"Actual Rows": 80,"Actual Loops": 421,"Index Cond": "(ps_suppkey = supplier_1.s_suppkey)","Rows Removed by Index Recheck": 0}]}]},{"Node Type": "Aggregate","Strategy": "Hashed","Partial Mode": "Simple","Parent Relationship": "Outer","Parallel Aware": false,"Async Capable": false,"Startup Cost": 4514.26,"Total Cost": 4994.26,"Plan Rows": 10667,"Plan Width": 36,"Actual Startup Time": 384.508,"Actual Total Time": 460.301,"Actual Rows": 741,"Actual Loops": 1,"Group Key": ["partsupp.ps_partkey"],"Filter": "(sum((partsupp.ps_supplycost * (partsupp.ps_availqty)::numeric)) > $2)","Planned Partitions": 0,"HashAgg Batches": 1,"Peak Memory Usage": 17937,"Disk Usage": 0,"Rows Removed by Filter": 30846,"Plans": [{"Node Type": "Nested Loop","Parent Relationship": "Outer","Parallel Aware": false,"Async Capable": false,"Join Type": "Inner","Startup Cost": 7.81,"Total Cost": 4194.26,"Plan Rows": 32000,"Plan Width": 14,"Actual Startup Time": 0.389,"Actual Total Time": 205.243,"Actual Rows": 33680,"Actual Loops": 1,"Inner Unique": false,"Plans": [{"Node Type": "Nested Loop","Parent Relationship": "Outer","Parallel Aware": false,"Async Capable": false,"Join Type": "Inner","Startup Cost": 7.38,"Total Cost": 244.58,"Plan Rows": 400,"Plan Width": 4,"Actual Startup Time": 0.332,"Actual Total Time": 2.785,"Actual Rows": 421,"Actual Loops": 1,"Inner Unique": false,"Plans": [{"Node Type": "Seq Scan","Parent Relationship": "Outer","Parallel Aware": false,"Async Capable": false,"Relation Name": "nation","Alias": "nation","Startup Cost": 0.00,"Total Cost": 1.31,"Plan Rows": 1,"Plan Width": 4,"Actual Startup Time": 0.057,"Actual Total Time": 0.075,"Actual Rows": 1,"Actual Loops": 1,"Filter": "(n_name = 'PERU'::bpchar)","Rows Removed by Filter": 24},{"Node Type": "Bitmap Heap Scan","Parent Relationship": "Inner","Parallel Aware": false,"Async Capable": false,"Relation Name": "supplier","Alias": "supplier","Startup Cost": 7.38,"Total Cost": 239.27,"Plan Rows": 400,"Plan Width": 8,"Actual Startup Time": 0.270,"Actual Total Time": 2.660,"Actual Rows": 421,"Actual Loops": 1,"Recheck Cond": "(s_nationkey = nation.n_nationkey)","Rows Removed by Index Recheck": 0,"Exact Heap Blocks": 187,"Lossy Heap Blocks": 0,"Plans": [{"Node Type": "Bitmap Index Scan","Parent Relationship": "Outer","Parallel Aware": false,"Async Capable": false,"Index Name": "idx_supplier_nation_key","Startup Cost": 0.00,"Total Cost": 7.29,"Plan Rows": 400,"Plan Width": 0,"Actual Startup Time": 0.195,"Actual Total Time": 0.196,"Actual Rows": 421,"Actual Loops": 1,"Index Cond": "(s_nationkey = nation.n_nationkey)"}]}]},{"Node Type": "Index Scan","Parent Relationship": "Inner","Parallel Aware": false,"Async Capable": false,"Scan Direction": "Forward","Index Name": "idx_partsupp_suppkey","Relation Name": "partsupp","Alias": "partsupp","Startup Cost": 0.42,"Total Cost": 9.07,"Plan Rows": 80,"Plan Width": 18,"Actual Startup Time": 0.018,"Actual Total Time": 0.469,"Actual Rows": 80,"Actual Loops": 421,"Index Cond": "(ps_suppkey = supplier.s_suppkey)","Rows Removed by Index Recheck": 0}]}]}]},"Planning Time": 6.964,"Triggers": [],"Execution Time": 464.153}]
[{"Plan": {"Node Type": "Sort","Parallel Aware": false,"Async Capable": false,"Startup Cost": 10142.20,"Total Cost": 10168.87,"Plan Rows": 10667,"Plan Width": 36,"Actual Startup Time": 427.455,"Actual Total Time": 427.551,"Actual Rows": 1289,"Actual Loops": 1,"Sort Key": ["(sum((partsupp.ps_supplycost * (partsupp.ps_availqty)::numeric))) DESC"],"Sort Method": "quicksort","Sort Space Used": 119,"Sort Space Type": "Memory","Plans": [{"Node Type": "Aggregate","Strategy": "Plain","Partial Mode": "Simple","Parent Relationship": "InitPlan","Subplan Name": "InitPlan 1 (returns $2)","Parallel Aware": false,"Async Capable": false,"Startup Cost": 4434.26,"Total Cost": 4434.27,"Plan Rows": 1,"Plan Width": 32,"Actual Startup Time": 127.032,"Actual Total Time": 127.034,"Actual Rows": 1,"Actual Loops": 1,"Plans": [{"Node Type": "Nested Loop","Parent Relationship": "Outer","Parallel Aware": false,"Async Capable": false,"Join Type": "Inner","Startup Cost": 7.81,"Total Cost": 4194.26,"Plan Rows": 32000,"Plan Width": 10,"Actual Startup Time": 0.214,"Actual Total Time": 120.104,"Actual Rows": 29840,"Actual Loops": 1,"Inner Unique": false,"Plans": [{"Node Type": "Nested Loop","Parent Relationship": "Outer","Parallel Aware": false,"Async Capable": false,"Join Type": "Inner","Startup Cost": 7.38,"Total Cost": 244.58,"Plan Rows": 400,"Plan Width": 4,"Actual Startup Time": 0.166,"Actual Total Time": 1.626,"Actual Rows": 373,"Actual Loops": 1,"Inner Unique": false,"Plans": [{"Node Type": "Seq Scan","Parent Relationship": "Outer","Parallel Aware": false,"Async Capable": false,"Relation Name": "nation","Alias": "nation_1","Startup Cost": 0.00,"Total Cost": 1.31,"Plan Rows": 1,"Plan Width": 4,"Actual Startup Time": 0.026,"Actual Total Time": 0.048,"Actual Rows": 1,"Actual Loops": 1,"Filter": "(n_name = 'MOROCCO'::bpchar)","Rows Removed by Filter": 24},{"Node Type": "Bitmap Heap Scan","Parent Relationship": "Inner","Parallel Aware": false,"Async Capable": false,"Relation Name": "supplier","Alias": "supplier_1","Startup Cost": 7.38,"Total Cost": 239.27,"Plan Rows": 400,"Plan Width": 8,"Actual Startup Time": 0.118,"Actual Total Time": 1.519,"Actual Rows": 373,"Actual Loops": 1,"Recheck Cond": "(s_nationkey = nation_1.n_nationkey)","Rows Removed by Index Recheck": 0,"Exact Heap Blocks": 180,"Lossy Heap Blocks": 0,"Plans": [{"Node Type": "Bitmap Index Scan","Parent Relationship": "Outer","Parallel Aware": false,"Async Capable": false,"Index Name": "idx_supplier_nation_key","Startup Cost": 0.00,"Total Cost": 7.29,"Plan Rows": 400,"Plan Width": 0,"Actual Startup Time": 0.076,"Actual Total Time": 0.076,"Actual Rows": 373,"Actual Loops": 1,"Index Cond": "(s_nationkey = nation_1.n_nationkey)"}]}]},{"Node Type": "Index Scan","Parent Relationship": "Inner","Parallel Aware": false,"Async Capable": false,"Scan Direction": "Forward","Index Name": "idx_partsupp_suppkey","Relation Name": "partsupp","Alias": "partsupp_1","Startup Cost": 0.42,"Total Cost": 9.07,"Plan Rows": 80,"Plan Width": 14,"Actual Startup Time": 0.015,"Actual Total Time": 0.305,"Actual Rows": 80,"Actual Loops": 373,"Index Cond": "(ps_suppkey = supplier_1.s_suppkey)","Rows Removed by Index Recheck": 0}]}]},{"Node Type": "Aggregate","Strategy": "Hashed","Partial Mode": "Simple","Parent Relationship": "Outer","Parallel Aware": false,"Async Capable": false,"Startup Cost": 4514.26,"Total Cost": 4994.26,"Plan Rows": 10667,"Plan Width": 36,"Actual Startup Time": 361.188,"Actual Total Time": 426.914,"Actual Rows": 1289,"Actual Loops": 1,"Group Key": ["partsupp.ps_partkey"],"Filter": "(sum((partsupp.ps_supplycost * (partsupp.ps_availqty)::numeric)) > $2)","Planned Partitions": 0,"HashAgg Batches": 1,"Peak Memory Usage": 17937,"Disk Usage": 0,"Rows Removed by Filter": 26965,"Plans": [{"Node Type": "Nested Loop","Parent Relationship": "Outer","Parallel Aware": false,"Async Capable": false,"Join Type": "Inner","Startup Cost": 7.81,"Total Cost": 4194.26,"Plan Rows": 32000,"Plan Width": 14,"Actual Startup Time": 0.390,"Actual Total Time": 190.362,"Actual Rows": 29840,"Actual Loops": 1,"Inner Unique": false,"Plans": [{"Node Type": "Nested Loop","Parent Relationship": "Outer","Parallel Aware": false,"Async Capable": false,"Join Type": "Inner","Startup Cost": 7.38,"Total Cost": 244.58,"Plan Rows": 400,"Plan Width": 4,"Actual Startup Time": 0.321,"Actual Total Time": 2.795,"Actual Rows": 373,"Actual Loops": 1,"Inner Unique": false,"Plans": [{"Node Type": "Seq Scan","Parent Relationship": "Outer","Parallel Aware": false,"Async Capable": false,"Relation Name": "nation","Alias": "nation","Startup Cost": 0.00,"Total Cost": 1.31,"Plan Rows": 1,"Plan Width": 4,"Actual Startup Time": 0.071,"Actual Total Time": 0.095,"Actual Rows": 1,"Actual Loops": 1,"Filter": "(n_name = 'MOROCCO'::bpchar)","Rows Removed by Filter": 24},{"Node Type": "Bitmap Heap Scan","Parent Relationship": "Inner","Parallel Aware": false,"Async Capable": false,"Relation Name": "supplier","Alias": "supplier","Startup Cost": 7.38,"Total Cost": 239.27,"Plan Rows": 400,"Plan Width": 8,"Actual Startup Time": 0.245,"Actual Total Time": 2.650,"Actual Rows": 373,"Actual Loops": 1,"Recheck Cond": "(s_nationkey = nation.n_nationkey)","Rows Removed by Index Recheck": 0,"Exact Heap Blocks": 180,"Lossy Heap Blocks": 0,"Plans": [{"Node Type": "Bitmap Index Scan","Parent Relationship": "Outer","Parallel Aware": false,"Async Capable": false,"Index Name": "idx_supplier_nation_key","Startup Cost": 0.00,"Total Cost": 7.29,"Plan Rows": 400,"Plan Width": 0,"Actual Startup Time": 0.159,"Actual Total Time": 0.159,"Actual Rows": 373,"Actual Loops": 1,"Index Cond": "(s_nationkey = nation.n_nationkey)"}]}]},{"Node Type": "Index Scan","Parent Relationship": "Inner","Parallel Aware": false,"Async Capable": false,"Scan Direction": "Forward","Index Name": "idx_partsupp_suppkey","Relation Name": "partsupp","Alias": "partsupp","Startup Cost": 0.42,"Total Cost": 9.07,"Plan Rows": 80,"Plan Width": 18,"Actual Startup Time": 0.021,"Actual Total Time": 0.491,"Actual Rows": 80,"Actual Loops": 373,"Index Cond": "(ps_suppkey = supplier.s_suppkey)","Rows Removed by Index Recheck": 0}]}]}]},"Planning Time": 6.174,"Triggers": [],"Execution Time": 430.247}]
[{"Plan": {"Node Type": "Sort","Parallel Aware": false,"Async Capable": false,"Startup Cost": 10142.20,"Total Cost": 10168.87,"Plan Rows": 10667,"Plan Width": 36,"Actual Startup Time": 427.262,"Actual Total Time": 427.423,"Actual Rows": 1241,"Actual Loops": 1,"Sort Key": ["(sum((partsupp.ps_supplycost * (partsupp.ps_availqty)::numeric))) DESC"],"Sort Method": "quicksort","Sort Space Used": 116,"Sort Space Type": "Memory","Plans": [{"Node Type": "Aggregate","Strategy": "Plain","Partial Mode": "Simple","Parent Relationship": "InitPlan","Subplan Name": "InitPlan 1 (returns $2)","Parallel Aware": false,"Async Capable": false,"Startup Cost": 4434.26,"Total Cost": 4434.27,"Plan Rows": 1,"Plan Width": 32,"Actual Startup Time": 127.406,"Actual Total Time": 127.426,"Actual Rows": 1,"Actual Loops": 1,"Plans": [{"Node Type": "Nested Loop","Parent Relationship": "Outer","Parallel Aware": false,"Async Capable": false,"Join Type": "Inner","Startup Cost": 7.81,"Total Cost": 4194.26,"Plan Rows": 32000,"Plan Width": 10,"Actual Startup Time": 0.226,"Actual Total Time": 120.281,"Actual Rows": 30400,"Actual Loops": 1,"Inner Unique": false,"Plans": [{"Node Type": "Nested Loop","Parent Relationship": "Outer","Parallel Aware": false,"Async Capable": false,"Join Type": "Inner","Startup Cost": 7.38,"Total Cost": 244.58,"Plan Rows": 400,"Plan Width": 4,"Actual Startup Time": 0.174,"Actual Total Time": 1.741,"Actual Rows": 380,"Actual Loops": 1,"Inner Unique": false,"Plans": [{"Node Type": "Seq Scan","Parent Relationship": "Outer","Parallel Aware": false,"Async Capable": false,"Relation Name": "nation","Alias": "nation_1","Startup Cost": 0.00,"Total Cost": 1.31,"Plan Rows": 1,"Plan Width": 4,"Actual Startup Time": 0.028,"Actual Total Time": 0.042,"Actual Rows": 1,"Actual Loops": 1,"Filter": "(n_name = 'ETHIOPIA'::bpchar)","Rows Removed by Filter": 24},{"Node Type": "Bitmap Heap Scan","Parent Relationship": "Inner","Parallel Aware": false,"Async Capable": false,"Relation Name": "supplier","Alias": "supplier_1","Startup Cost": 7.38,"Total Cost": 239.27,"Plan Rows": 400,"Plan Width": 8,"Actual Startup Time": 0.130,"Actual Total Time": 1.641,"Actual Rows": 380,"Actual Loops": 1,"Recheck Cond": "(s_nationkey = nation_1.n_nationkey)","Rows Removed by Index Recheck": 0,"Exact Heap Blocks": 192,"Lossy Heap Blocks": 0,"Plans": [{"Node Type": "Bitmap Index Scan","Parent Relationship": "Outer","Parallel Aware": false,"Async Capable": false,"Index Name": "idx_supplier_nation_key","Startup Cost": 0.00,"Total Cost": 7.29,"Plan Rows": 400,"Plan Width": 0,"Actual Startup Time": 0.089,"Actual Total Time": 0.091,"Actual Rows": 380,"Actual Loops": 1,"Index Cond": "(s_nationkey = nation_1.n_nationkey)"}]}]},{"Node Type": "Index Scan","Parent Relationship": "Inner","Parallel Aware": false,"Async Capable": false,"Scan Direction": "Forward","Index Name": "idx_partsupp_suppkey","Relation Name": "partsupp","Alias": "partsupp_1","Startup Cost": 0.42,"Total Cost": 9.07,"Plan Rows": 80,"Plan Width": 14,"Actual Startup Time": 0.015,"Actual Total Time": 0.299,"Actual Rows": 80,"Actual Loops": 380,"Index Cond": "(ps_suppkey = supplier_1.s_suppkey)","Rows Removed by Index Recheck": 0}]}]},{"Node Type": "Aggregate","Strategy": "Hashed","Partial Mode": "Simple","Parent Relationship": "Outer","Parallel Aware": false,"Async Capable": false,"Startup Cost": 4514.26,"Total Cost": 4994.26,"Plan Rows": 10667,"Plan Width": 36,"Actual Startup Time": 359.706,"Actual Total Time": 426.732,"Actual Rows": 1241,"Actual Loops": 1,"Group Key": ["partsupp.ps_partkey"],"Filter": "(sum((partsupp.ps_supplycost * (partsupp.ps_availqty)::numeric)) > $2)","Planned Partitions": 0,"HashAgg Batches": 1,"Peak Memory Usage": 17937,"Disk Usage": 0,"Rows Removed by Filter": 27374,"Plans": [{"Node Type": "Nested Loop","Parent Relationship": "Outer","Parallel Aware": false,"Async Capable": false,"Join Type": "Inner","Startup Cost": 7.81,"Total Cost": 4194.26,"Plan Rows": 32000,"Plan Width": 14,"Actual Startup Time": 0.377,"Actual Total Time": 187.744,"Actual Rows": 30400,"Actual Loops": 1,"Inner Unique": false,"Plans": [{"Node Type": "Nested Loop","Parent Relationship": "Outer","Parallel Aware": false,"Async Capable": false,"Join Type": "Inner","Startup Cost": 7.38,"Total Cost": 244.58,"Plan Rows": 400,"Plan Width": 4,"Actual Startup Time": 0.305,"Actual Total Time": 2.864,"Actual Rows": 380,"Actual Loops": 1,"Inner Unique": false,"Plans": [{"Node Type": "Seq Scan","Parent Relationship": "Outer","Parallel Aware": false,"Async Capable": false,"Relation Name": "nation","Alias": "nation","Startup Cost": 0.00,"Total Cost": 1.31,"Plan Rows": 1,"Plan Width": 4,"Actual Startup Time": 0.073,"Actual Total Time": 0.091,"Actual Rows": 1,"Actual Loops": 1,"Filter": "(n_name = 'ETHIOPIA'::bpchar)","Rows Removed by Filter": 24},{"Node Type": "Bitmap Heap Scan","Parent Relationship": "Inner","Parallel Aware": false,"Async Capable": false,"Relation Name": "supplier","Alias": "supplier","Startup Cost": 7.38,"Total Cost": 239.27,"Plan Rows": 400,"Plan Width": 8,"Actual Startup Time": 0.228,"Actual Total Time": 2.728,"Actual Rows": 380,"Actual Loops": 1,"Recheck Cond": "(s_nationkey = nation.n_nationkey)","Rows Removed by Index Recheck": 0,"Exact Heap Blocks": 192,"Lossy Heap Blocks": 0,"Plans": [{"Node Type": "Bitmap Index Scan","Parent Relationship": "Outer","Parallel Aware": false,"Async Capable": false,"Index Name": "idx_supplier_nation_key","Startup Cost": 0.00,"Total Cost": 7.29,"Plan Rows": 400,"Plan Width": 0,"Actual Startup Time": 0.146,"Actual Total Time": 0.146,"Actual Rows": 380,"Actual Loops": 1,"Index Cond": "(s_nationkey = nation.n_nationkey)"}]}]},{"Node Type": "Index Scan","Parent Relationship": "Inner","Parallel Aware": false,"Async Capable": false,"Scan Direction": "Forward","Index Name": "idx_partsupp_suppkey","Relation Name": "partsupp","Alias": "partsupp","Startup Cost": 0.42,"Total Cost": 9.07,"Plan Rows": 80,"Plan Width": 18,"Actual Startup Time": 0.020,"Actual Total Time": 0.475,"Actual Rows": 80,"Actual Loops": 380,"Index Cond": "(ps_suppkey = supplier.s_suppkey)","Rows Removed by Index Recheck": 0}]}]}]},"Planning Time": 7.180,"Triggers": [],"Execution Time": 429.797}]
[{"Plan": {"Node Type": "Sort","Parallel Aware": false,"Async Capable": false,"Startup Cost": 10142.20,"Total Cost": 10168.87,"Plan Rows": 10667,"Plan Width": 36,"Actual Startup Time": 428.583,"Actual Total Time": 428.704,"Actual Rows": 1225,"Actual Loops": 1,"Sort Key": ["(sum((partsupp.ps_supplycost * (partsupp.ps_availqty)::numeric))) DESC"],"Sort Method": "quicksort","Sort Space Used": 116,"Sort Space Type": "Memory","Plans": [{"Node Type": "Aggregate","Strategy": "Plain","Partial Mode": "Simple","Parent Relationship": "InitPlan","Subplan Name": "InitPlan 1 (returns $2)","Parallel Aware": false,"Async Capable": false,"Startup Cost": 4434.26,"Total Cost": 4434.27,"Plan Rows": 1,"Plan Width": 32,"Actual Startup Time": 128.590,"Actual Total Time": 128.610,"Actual Rows": 1,"Actual Loops": 1,"Plans": [{"Node Type": "Nested Loop","Parent Relationship": "Outer","Parallel Aware": false,"Async Capable": false,"Join Type": "Inner","Startup Cost": 7.81,"Total Cost": 4194.26,"Plan Rows": 32000,"Plan Width": 10,"Actual Startup Time": 0.200,"Actual Total Time": 121.660,"Actual Rows": 30160,"Actual Loops": 1,"Inner Unique": false,"Plans": [{"Node Type": "Nested Loop","Parent Relationship": "Outer","Parallel Aware": false,"Async Capable": false,"Join Type": "Inner","Startup Cost": 7.38,"Total Cost": 244.58,"Plan Rows": 400,"Plan Width": 4,"Actual Startup Time": 0.145,"Actual Total Time": 1.678,"Actual Rows": 377,"Actual Loops": 1,"Inner Unique": false,"Plans": [{"Node Type": "Seq Scan","Parent Relationship": "Outer","Parallel Aware": false,"Async Capable": false,"Relation Name": "nation","Alias": "nation_1","Startup Cost": 0.00,"Total Cost": 1.31,"Plan Rows": 1,"Plan Width": 4,"Actual Startup Time": 0.022,"Actual Total Time": 0.041,"Actual Rows": 1,"Actual Loops": 1,"Filter": "(n_name = 'JAPAN'::bpchar)","Rows Removed by Filter": 24},{"Node Type": "Bitmap Heap Scan","Parent Relationship": "Inner","Parallel Aware": false,"Async Capable": false,"Relation Name": "supplier","Alias": "supplier_1","Startup Cost": 7.38,"Total Cost": 239.27,"Plan Rows": 400,"Plan Width": 8,"Actual Startup Time": 0.107,"Actual Total Time": 1.581,"Actual Rows": 377,"Actual Loops": 1,"Recheck Cond": "(s_nationkey = nation_1.n_nationkey)","Rows Removed by Index Recheck": 0,"Exact Heap Blocks": 180,"Lossy Heap Blocks": 0,"Plans": [{"Node Type": "Bitmap Index Scan","Parent Relationship": "Outer","Parallel Aware": false,"Async Capable": false,"Index Name": "idx_supplier_nation_key","Startup Cost": 0.00,"Total Cost": 7.29,"Plan Rows": 400,"Plan Width": 0,"Actual Startup Time": 0.073,"Actual Total Time": 0.079,"Actual Rows": 377,"Actual Loops": 1,"Index Cond": "(s_nationkey = nation_1.n_nationkey)"}]}]},{"Node Type": "Index Scan","Parent Relationship": "Inner","Parallel Aware": false,"Async Capable": false,"Scan Direction": "Forward","Index Name": "idx_partsupp_suppkey","Relation Name": "partsupp","Alias": "partsupp_1","Startup Cost": 0.42,"Total Cost": 9.07,"Plan Rows": 80,"Plan Width": 14,"Actual Startup Time": 0.015,"Actual Total Time": 0.306,"Actual Rows": 80,"Actual Loops": 377,"Index Cond": "(ps_suppkey = supplier_1.s_suppkey)","Rows Removed by Index Recheck": 0}]}]},{"Node Type": "Aggregate","Strategy": "Hashed","Partial Mode": "Simple","Parent Relationship": "Outer","Parallel Aware": false,"Async Capable": false,"Startup Cost": 4514.26,"Total Cost": 4994.26,"Plan Rows": 10667,"Plan Width": 36,"Actual Startup Time": 361.803,"Actual Total Time": 428.043,"Actual Rows": 1225,"Actual Loops": 1,"Group Key": ["partsupp.ps_partkey"],"Filter": "(sum((partsupp.ps_supplycost * (partsupp.ps_availqty)::numeric)) > $2)","Planned Partitions": 0,"HashAgg Batches": 1,"Peak Memory Usage": 17937,"Disk Usage": 0,"Rows Removed by Filter": 27290,"Plans": [{"Node Type": "Nested Loop","Parent Relationship": "Outer","Parallel Aware": false,"Async Capable": false,"Join Type": "Inner","Startup Cost": 7.81,"Total Cost": 4194.26,"Plan Rows": 32000,"Plan Width": 14,"Actual Startup Time": 0.353,"Actual Total Time": 190.903,"Actual Rows": 30160,"Actual Loops": 1,"Inner Unique": false,"Plans": [{"Node Type": "Nested Loop","Parent Relationship": "Outer","Parallel Aware": false,"Async Capable": false,"Join Type": "Inner","Startup Cost": 7.38,"Total Cost": 244.58,"Plan Rows": 400,"Plan Width": 4,"Actual Startup Time": 0.276,"Actual Total Time": 2.652,"Actual Rows": 377,"Actual Loops": 1,"Inner Unique": false,"Plans": [{"Node Type": "Seq Scan","Parent Relationship": "Outer","Parallel Aware": false,"Async Capable": false,"Relation Name": "nation","Alias": "nation","Startup Cost": 0.00,"Total Cost": 1.31,"Plan Rows": 1,"Plan Width": 4,"Actual Startup Time": 0.069,"Actual Total Time": 0.093,"Actual Rows": 1,"Actual Loops": 1,"Filter": "(n_name = 'JAPAN'::bpchar)","Rows Removed by Filter": 24},{"Node Type": "Bitmap Heap Scan","Parent Relationship": "Inner","Parallel Aware": false,"Async Capable": false,"Relation Name": "supplier","Alias": "supplier","Startup Cost": 7.38,"Total Cost": 239.27,"Plan Rows": 400,"Plan Width": 8,"Actual Startup Time": 0.204,"Actual Total Time": 2.512,"Actual Rows": 377,"Actual Loops": 1,"Recheck Cond": "(s_nationkey = nation.n_nationkey)","Rows Removed by Index Recheck": 0,"Exact Heap Blocks": 180,"Lossy Heap Blocks": 0,"Plans": [{"Node Type": "Bitmap Index Scan","Parent Relationship": "Outer","Parallel Aware": false,"Async Capable": false,"Index Name": "idx_supplier_nation_key","Startup Cost": 0.00,"Total Cost": 7.29,"Plan Rows": 400,"Plan Width": 0,"Actual Startup Time": 0.135,"Actual Total Time": 0.136,"Actual Rows": 377,"Actual Loops": 1,"Index Cond": "(s_nationkey = nation.n_nationkey)"}]}]},{"Node Type": "Index Scan","Parent Relationship": "Inner","Parallel Aware": false,"Async Capable": false,"Scan Direction": "Forward","Index Name": "idx_partsupp_suppkey","Relation Name": "partsupp","Alias": "partsupp","Startup Cost": 0.42,"Total Cost": 9.07,"Plan Rows": 80,"Plan Width": 18,"Actual Startup Time": 0.021,"Actual Total Time": 0.488,"Actual Rows": 80,"Actual Loops": 377,"Index Cond": "(ps_suppkey = supplier.s_suppkey)","Rows Removed by Index Recheck": 0}]}]}]},"Planning Time": 6.421,"Triggers": [],"Execution Time": 431.115}]
[{"Plan": {"Node Type": "Sort","Parallel Aware": false,"Async Capable": false,"Startup Cost": 10142.20,"Total Cost": 10168.87,"Plan Rows": 10667,"Plan Width": 36,"Actual Startup Time": 438.718,"Actual Total Time": 438.846,"Actual Rows": 919,"Actual Loops": 1,"Sort Key": ["(sum((partsupp.ps_supplycost * (partsupp.ps_availqty)::numeric))) DESC"],"Sort Method": "quicksort","Sort Space Used": 75,"Sort Space Type": "Memory","Plans": [{"Node Type": "Aggregate","Strategy": "Plain","Partial Mode": "Simple","Parent Relationship": "InitPlan","Subplan Name": "InitPlan 1 (returns $2)","Parallel Aware": false,"Async Capable": false,"Startup Cost": 4434.26,"Total Cost": 4434.27,"Plan Rows": 1,"Plan Width": 32,"Actual Startup Time": 130.550,"Actual Total Time": 130.572,"Actual Rows": 1,"Actual Loops": 1,"Plans": [{"Node Type": "Nested Loop","Parent Relationship": "Outer","Parallel Aware": false,"Async Capable": false,"Join Type": "Inner","Startup Cost": 7.81,"Total Cost": 4194.26,"Plan Rows": 32000,"Plan Width": 10,"Actual Startup Time": 0.239,"Actual Total Time": 123.231,"Actual Rows": 32080,"Actual Loops": 1,"Inner Unique": false,"Plans": [{"Node Type": "Nested Loop","Parent Relationship": "Outer","Parallel Aware": false,"Async Capable": false,"Join Type": "Inner","Startup Cost": 7.38,"Total Cost": 244.58,"Plan Rows": 400,"Plan Width": 4,"Actual Startup Time": 0.189,"Actual Total Time": 1.751,"Actual Rows": 401,"Actual Loops": 1,"Inner Unique": false,"Plans": [{"Node Type": "Seq Scan","Parent Relationship": "Outer","Parallel Aware": false,"Async Capable": false,"Relation Name": "nation","Alias": "nation_1","Startup Cost": 0.00,"Total Cost": 1.31,"Plan Rows": 1,"Plan Width": 4,"Actual Startup Time": 0.044,"Actual Total Time": 0.061,"Actual Rows": 1,"Actual Loops": 1,"Filter": "(n_name = 'RUSSIA'::bpchar)","Rows Removed by Filter": 24},{"Node Type": "Bitmap Heap Scan","Parent Relationship": "Inner","Parallel Aware": false,"Async Capable": false,"Relation Name": "supplier","Alias": "supplier_1","Startup Cost": 7.38,"Total Cost": 239.27,"Plan Rows": 400,"Plan Width": 8,"Actual Startup Time": 0.130,"Actual Total Time": 1.632,"Actual Rows": 401,"Actual Loops": 1,"Recheck Cond": "(s_nationkey = nation_1.n_nationkey)","Rows Removed by Index Recheck": 0,"Exact Heap Blocks": 180,"Lossy Heap Blocks": 0,"Plans": [{"Node Type": "Bitmap Index Scan","Parent Relationship": "Outer","Parallel Aware": false,"Async Capable": false,"Index Name": "idx_supplier_nation_key","Startup Cost": 0.00,"Total Cost": 7.29,"Plan Rows": 400,"Plan Width": 0,"Actual Startup Time": 0.092,"Actual Total Time": 0.094,"Actual Rows": 401,"Actual Loops": 1,"Index Cond": "(s_nationkey = nation_1.n_nationkey)"}]}]},{"Node Type": "Index Scan","Parent Relationship": "Inner","Parallel Aware": false,"Async Capable": false,"Scan Direction": "Forward","Index Name": "idx_partsupp_suppkey","Relation Name": "partsupp","Alias": "partsupp_1","Startup Cost": 0.42,"Total Cost": 9.07,"Plan Rows": 80,"Plan Width": 14,"Actual Startup Time": 0.014,"Actual Total Time": 0.291,"Actual Rows": 80,"Actual Loops": 401,"Index Cond": "(ps_suppkey = supplier_1.s_suppkey)","Rows Removed by Index Recheck": 0}]}]},{"Node Type": "Aggregate","Strategy": "Hashed","Partial Mode": "Simple","Parent Relationship": "Outer","Parallel Aware": false,"Async Capable": false,"Startup Cost": 4514.26,"Total Cost": 4994.26,"Plan Rows": 10667,"Plan Width": 36,"Actual Startup Time": 367.075,"Actual Total Time": 438.260,"Actual Rows": 919,"Actual Loops": 1,"Group Key": ["partsupp.ps_partkey"],"Filter": "(sum((partsupp.ps_supplycost * (partsupp.ps_availqty)::numeric)) > $2)","Planned Partitions": 0,"HashAgg Batches": 1,"Peak Memory Usage": 17937,"Disk Usage": 0,"Rows Removed by Filter": 29289,"Plans": [{"Node Type": "Nested Loop","Parent Relationship": "Outer","Parallel Aware": false,"Async Capable": false,"Join Type": "Inner","Startup Cost": 7.81,"Total Cost": 4194.26,"Plan Rows": 32000,"Plan Width": 14,"Actual Startup Time": 0.388,"Actual Total Time": 194.500,"Actual Rows": 32080,"Actual Loops": 1,"Inner Unique": false,"Plans": [{"Node Type": "Nested Loop","Parent Relationship": "Outer","Parallel Aware": false,"Async Capable": false,"Join Type": "Inner","Startup Cost": 7.38,"Total Cost": 244.58,"Plan Rows": 400,"Plan Width": 4,"Actual Startup Time": 0.281,"Actual Total Time": 2.675,"Actual Rows": 401,"Actual Loops": 1,"Inner Unique": false,"Plans": [{"Node Type": "Seq Scan","Parent Relationship": "Outer","Parallel Aware": false,"Async Capable": false,"Relation Name": "nation","Alias": "nation","Startup Cost": 0.00,"Total Cost": 1.31,"Plan Rows": 1,"Plan Width": 4,"Actual Startup Time": 0.057,"Actual Total Time": 0.080,"Actual Rows": 1,"Actual Loops": 1,"Filter": "(n_name = 'RUSSIA'::bpchar)","Rows Removed by Filter": 24},{"Node Type": "Bitmap Heap Scan","Parent Relationship": "Inner","Parallel Aware": false,"Async Capable": false,"Relation Name": "supplier","Alias": "supplier","Startup Cost": 7.38,"Total Cost": 239.27,"Plan Rows": 400,"Plan Width": 8,"Actual Startup Time": 0.220,"Actual Total Time": 2.546,"Actual Rows": 401,"Actual Loops": 1,"Recheck Cond": "(s_nationkey = nation.n_nationkey)","Rows Removed by Index Recheck": 0,"Exact Heap Blocks": 180,"Lossy Heap Blocks": 0,"Plans": [{"Node Type": "Bitmap Index Scan","Parent Relationship": "Outer","Parallel Aware": false,"Async Capable": false,"Index Name": "idx_supplier_nation_key","Startup Cost": 0.00,"Total Cost": 7.29,"Plan Rows": 400,"Plan Width": 0,"Actual Startup Time": 0.151,"Actual Total Time": 0.154,"Actual Rows": 401,"Actual Loops": 1,"Index Cond": "(s_nationkey = nation.n_nationkey)"}]}]},{"Node Type": "Index Scan","Parent Relationship": "Inner","Parallel Aware": false,"Async Capable": false,"Scan Direction": "Forward","Index Name": "idx_partsupp_suppkey","Relation Name": "partsupp","Alias": "partsupp","Startup Cost": 0.42,"Total Cost": 9.07,"Plan Rows": 80,"Plan Width": 18,"Actual Startup Time": 0.018,"Actual Total Time": 0.467,"Actual Rows": 80,"Actual Loops": 401,"Index Cond": "(ps_suppkey = supplier.s_suppkey)","Rows Removed by Index Recheck": 0}]}]}]},"Planning Time": 6.216,"Triggers": [],"Execution Time": 442.343}]
[{"Plan": {"Node Type": "Sort","Parallel Aware": false,"Async Capable": false,"Startup Cost": 10142.20,"Total Cost": 10168.87,"Plan Rows": 10667,"Plan Width": 36,"Actual Startup Time": 448.613,"Actual Total Time": 448.730,"Actual Rows": 888,"Actual Loops": 1,"Sort Key": ["(sum((partsupp.ps_supplycost * (partsupp.ps_availqty)::numeric))) DESC"],"Sort Method": "quicksort","Sort Space Used": 73,"Sort Space Type": "Memory","Plans": [{"Node Type": "Aggregate","Strategy": "Plain","Partial Mode": "Simple","Parent Relationship": "InitPlan","Subplan Name": "InitPlan 1 (returns $2)","Parallel Aware": false,"Async Capable": false,"Startup Cost": 4434.26,"Total Cost": 4434.27,"Plan Rows": 1,"Plan Width": 32,"Actual Startup Time": 133.715,"Actual Total Time": 133.740,"Actual Rows": 1,"Actual Loops": 1,"Plans": [{"Node Type": "Nested Loop","Parent Relationship": "Outer","Parallel Aware": false,"Async Capable": false,"Join Type": "Inner","Startup Cost": 7.81,"Total Cost": 4194.26,"Plan Rows": 32000,"Plan Width": 10,"Actual Startup Time": 0.220,"Actual Total Time": 126.229,"Actual Rows": 32400,"Actual Loops": 1,"Inner Unique": false,"Plans": [{"Node Type": "Nested Loop","Parent Relationship": "Outer","Parallel Aware": false,"Async Capable": false,"Join Type": "Inner","Startup Cost": 7.38,"Total Cost": 244.58,"Plan Rows": 400,"Plan Width": 4,"Actual Startup Time": 0.174,"Actual Total Time": 1.918,"Actual Rows": 405,"Actual Loops": 1,"Inner Unique": false,"Plans": [{"Node Type": "Seq Scan","Parent Relationship": "Outer","Parallel Aware": false,"Async Capable": false,"Relation Name": "nation","Alias": "nation_1","Startup Cost": 0.00,"Total Cost": 1.31,"Plan Rows": 1,"Plan Width": 4,"Actual Startup Time": 0.049,"Actual Total Time": 0.070,"Actual Rows": 1,"Actual Loops": 1,"Filter": "(n_name = 'INDONESIA'::bpchar)","Rows Removed by Filter": 24},{"Node Type": "Bitmap Heap Scan","Parent Relationship": "Inner","Parallel Aware": false,"Async Capable": false,"Relation Name": "supplier","Alias": "supplier_1","Startup Cost": 7.38,"Total Cost": 239.27,"Plan Rows": 400,"Plan Width": 8,"Actual Startup Time": 0.105,"Actual Total Time": 1.781,"Actual Rows": 405,"Actual Loops": 1,"Recheck Cond": "(s_nationkey = nation_1.n_nationkey)","Rows Removed by Index Recheck": 0,"Exact Heap Blocks": 192,"Lossy Heap Blocks": 0,"Plans": [{"Node Type": "Bitmap Index Scan","Parent Relationship": "Outer","Parallel Aware": false,"Async Capable": false,"Index Name": "idx_supplier_nation_key","Startup Cost": 0.00,"Total Cost": 7.29,"Plan Rows": 400,"Plan Width": 0,"Actual Startup Time": 0.069,"Actual Total Time": 0.075,"Actual Rows": 405,"Actual Loops": 1,"Index Cond": "(s_nationkey = nation_1.n_nationkey)"}]}]},{"Node Type": "Index Scan","Parent Relationship": "Inner","Parallel Aware": false,"Async Capable": false,"Scan Direction": "Forward","Index Name": "idx_partsupp_suppkey","Relation Name": "partsupp","Alias": "partsupp_1","Startup Cost": 0.42,"Total Cost": 9.07,"Plan Rows": 80,"Plan Width": 14,"Actual Startup Time": 0.014,"Actual Total Time": 0.294,"Actual Rows": 80,"Actual Loops": 405,"Index Cond": "(ps_suppkey = supplier_1.s_suppkey)","Rows Removed by Index Recheck": 0}]}]},{"Node Type": "Aggregate","Strategy": "Hashed","Partial Mode": "Simple","Parent Relationship": "Outer","Parallel Aware": false,"Async Capable": false,"Startup Cost": 4514.26,"Total Cost": 4994.26,"Plan Rows": 10667,"Plan Width": 36,"Actual Startup Time": 376.503,"Actual Total Time": 448.157,"Actual Rows": 888,"Actual Loops": 1,"Group Key": ["partsupp.ps_partkey"],"Filter": "(sum((partsupp.ps_supplycost * (partsupp.ps_availqty)::numeric)) > $2)","Planned Partitions": 0,"HashAgg Batches": 1,"Peak Memory Usage": 17937,"Disk Usage": 0,"Rows Removed by Filter": 29597,"Plans": [{"Node Type": "Nested Loop","Parent Relationship": "Outer","Parallel Aware": false,"Async Capable": false,"Join Type": "Inner","Startup Cost": 7.81,"Total Cost": 4194.26,"Plan Rows": 32000,"Plan Width": 14,"Actual Startup Time": 0.375,"Actual Total Time": 200.721,"Actual Rows": 32400,"Actual Loops": 1,"Inner Unique": false,"Plans": [{"Node Type": "Nested Loop","Parent Relationship": "Outer","Parallel Aware": false,"Async Capable": false,"Join Type": "Inner","Startup Cost": 7.38,"Total Cost": 244.58,"Plan Rows": 400,"Plan Width": 4,"Actual Startup Time": 0.269,"Actual Total Time": 2.791,"Actual Rows": 405,"Actual Loops": 1,"Inner Unique": false,"Plans": [{"Node Type": "Seq Scan","Parent Relationship": "Outer","Parallel Aware": false,"Async Capable": false,"Relation Name": "nation","Alias": "nation","Startup Cost": 0.00,"Total Cost": 1.31,"Plan Rows": 1,"Plan Width": 4,"Actual Startup Time": 0.076,"Actual Total Time": 0.092,"Actual Rows": 1,"Actual Loops": 1,"Filter": "(n_name = 'INDONESIA'::bpchar)","Rows Removed by Filter": 24},{"Node Type": "Bitmap Heap Scan","Parent Relationship": "Inner","Parallel Aware": false,"Async Capable": false,"Relation Name": "supplier","Alias": "supplier","Startup Cost": 7.38,"Total Cost": 239.27,"Plan Rows": 400,"Plan Width": 8,"Actual Startup Time": 0.187,"Actual Total Time": 2.648,"Actual Rows": 405,"Actual Loops": 1,"Recheck Cond": "(s_nationkey = nation.n_nationkey)","Rows Removed by Index Recheck": 0,"Exact Heap Blocks": 192,"Lossy Heap Blocks": 0,"Plans": [{"Node Type": "Bitmap Index Scan","Parent Relationship": "Outer","Parallel Aware": false,"Async Capable": false,"Index Name": "idx_supplier_nation_key","Startup Cost": 0.00,"Total Cost": 7.29,"Plan Rows": 400,"Plan Width": 0,"Actual Startup Time": 0.121,"Actual Total Time": 0.124,"Actual Rows": 405,"Actual Loops": 1,"Index Cond": "(s_nationkey = nation.n_nationkey)"}]}]},{"Node Type": "Index Scan","Parent Relationship": "Inner","Parallel Aware": false,"Async Capable": false,"Scan Direction": "Forward","Index Name": "idx_partsupp_suppkey","Relation Name": "partsupp","Alias": "partsupp","Startup Cost": 0.42,"Total Cost": 9.07,"Plan Rows": 80,"Plan Width": 18,"Actual Startup Time": 0.019,"Actual Total Time": 0.477,"Actual Rows": 80,"Actual Loops": 405,"Index Cond": "(ps_suppkey = supplier.s_suppkey)","Rows Removed by Index Recheck": 0}]}]}]},"Planning Time": 7.214,"Triggers": [],"Execution Time": 451.949}]
[{"Plan": {"Node Type": "Sort","Parallel Aware": false,"Async Capable": false,"Startup Cost": 10142.20,"Total Cost": 10168.87,"Plan Rows": 10667,"Plan Width": 36,"Actual Startup Time": 413.680,"Actual Total Time": 413.810,"Actual Rows": 1217,"Actual Loops": 1,"Sort Key": ["(sum((partsupp.ps_supplycost * (partsupp.ps_availqty)::numeric))) DESC"],"Sort Method": "quicksort","Sort Space Used": 115,"Sort Space Type": "Memory","Plans": [{"Node Type": "Aggregate","Strategy": "Plain","Partial Mode": "Simple","Parent Relationship": "InitPlan","Subplan Name": "InitPlan 1 (returns $2)","Parallel Aware": false,"Async Capable": false,"Startup Cost": 4434.26,"Total Cost": 4434.27,"Plan Rows": 1,"Plan Width": 32,"Actual Startup Time": 121.350,"Actual Total Time": 121.366,"Actual Rows": 1,"Actual Loops": 1,"Plans": [{"Node Type": "Nested Loop","Parent Relationship": "Outer","Parallel Aware": false,"Async Capable": false,"Join Type": "Inner","Startup Cost": 7.81,"Total Cost": 4194.26,"Plan Rows": 32000,"Plan Width": 10,"Actual Startup Time": 0.211,"Actual Total Time": 114.479,"Actual Rows": 30080,"Actual Loops": 1,"Inner Unique": false,"Plans": [{"Node Type": "Nested Loop","Parent Relationship": "Outer","Parallel Aware": false,"Async Capable": false,"Join Type": "Inner","Startup Cost": 7.38,"Total Cost": 244.58,"Plan Rows": 400,"Plan Width": 4,"Actual Startup Time": 0.161,"Actual Total Time": 1.670,"Actual Rows": 376,"Actual Loops": 1,"Inner Unique": false,"Plans": [{"Node Type": "Seq Scan","Parent Relationship": "Outer","Parallel Aware": false,"Async Capable": false,"Relation Name": "nation","Alias": "nation_1","Startup Cost": 0.00,"Total Cost": 1.31,"Plan Rows": 1,"Plan Width": 4,"Actual Startup Time": 0.026,"Actual Total Time": 0.039,"Actual Rows": 1,"Actual Loops": 1,"Filter": "(n_name = 'KENYA'::bpchar)","Rows Removed by Filter": 24},{"Node Type": "Bitmap Heap Scan","Parent Relationship": "Inner","Parallel Aware": false,"Async Capable": false,"Relation Name": "supplier","Alias": "supplier_1","Startup Cost": 7.38,"Total Cost": 239.27,"Plan Rows": 400,"Plan Width": 8,"Actual Startup Time": 0.113,"Actual Total Time": 1.571,"Actual Rows": 376,"Actual Loops": 1,"Recheck Cond": "(s_nationkey = nation_1.n_nationkey)","Rows Removed by Index Recheck": 0,"Exact Heap Blocks": 179,"Lossy Heap Blocks": 0,"Plans": [{"Node Type": "Bitmap Index Scan","Parent Relationship": "Outer","Parallel Aware": false,"Async Capable": false,"Index Name": "idx_supplier_nation_key","Startup Cost": 0.00,"Total Cost": 7.29,"Plan Rows": 400,"Plan Width": 0,"Actual Startup Time": 0.082,"Actual Total Time": 0.086,"Actual Rows": 376,"Actual Loops": 1,"Index Cond": "(s_nationkey = nation_1.n_nationkey)"}]}]},{"Node Type": "Index Scan","Parent Relationship": "Inner","Parallel Aware": false,"Async Capable": false,"Scan Direction": "Forward","Index Name": "idx_partsupp_suppkey","Relation Name": "partsupp","Alias": "partsupp_1","Startup Cost": 0.42,"Total Cost": 9.07,"Plan Rows": 80,"Plan Width": 14,"Actual Startup Time": 0.014,"Actual Total Time": 0.288,"Actual Rows": 80,"Actual Loops": 376,"Index Cond": "(ps_suppkey = supplier_1.s_suppkey)","Rows Removed by Index Recheck": 0}]}]},{"Node Type": "Aggregate","Strategy": "Hashed","Partial Mode": "Simple","Parent Relationship": "Outer","Parallel Aware": false,"Async Capable": false,"Startup Cost": 4514.26,"Total Cost": 4994.26,"Plan Rows": 10667,"Plan Width": 36,"Actual Startup Time": 346.893,"Actual Total Time": 413.082,"Actual Rows": 1217,"Actual Loops": 1,"Group Key": ["partsupp.ps_partkey"],"Filter": "(sum((partsupp.ps_supplycost * (partsupp.ps_availqty)::numeric)) > $2)","Planned Partitions": 0,"HashAgg Batches": 1,"Peak Memory Usage": 17937,"Disk Usage": 0,"Rows Removed by Filter": 27288,"Plans": [{"Node Type": "Nested Loop","Parent Relationship": "Outer","Parallel Aware": false,"Async Capable": false,"Join Type": "Inner","Startup Cost": 7.81,"Total Cost": 4194.26,"Plan Rows": 32000,"Plan Width": 14,"Actual Startup Time": 0.423,"Actual Total Time": 185.679,"Actual Rows": 30080,"Actual Loops": 1,"Inner Unique": false,"Plans": [{"Node Type": "Nested Loop","Parent Relationship": "Outer","Parallel Aware": false,"Async Capable": false,"Join Type": "Inner","Startup Cost": 7.38,"Total Cost": 244.58,"Plan Rows": 400,"Plan Width": 4,"Actual Startup Time": 0.359,"Actual Total Time": 2.922,"Actual Rows": 376,"Actual Loops": 1,"Inner Unique": false,"Plans": [{"Node Type": "Seq Scan","Parent Relationship": "Outer","Parallel Aware": false,"Async Capable": false,"Relation Name": "nation","Alias": "nation","Startup Cost": 0.00,"Total Cost": 1.31,"Plan Rows": 1,"Plan Width": 4,"Actual Startup Time": 0.084,"Actual Total Time": 0.113,"Actual Rows": 1,"Actual Loops": 1,"Filter": "(n_name = 'KENYA'::bpchar)","Rows Removed by Filter": 24},{"Node Type": "Bitmap Heap Scan","Parent Relationship": "Inner","Parallel Aware": false,"Async Capable": false,"Relation Name": "supplier","Alias": "supplier","Startup Cost": 7.38,"Total Cost": 239.27,"Plan Rows": 400,"Plan Width": 8,"Actual Startup Time": 0.263,"Actual Total Time": 2.758,"Actual Rows": 376,"Actual Loops": 1,"Recheck Cond": "(s_nationkey = nation.n_nationkey)","Rows Removed by Index Recheck": 0,"Exact Heap Blocks": 179,"Lossy Heap Blocks": 0,"Plans": [{"Node Type": "Bitmap Index Scan","Parent Relationship": "Outer","Parallel Aware": false,"Async Capable": false,"Index Name": "idx_supplier_nation_key","Startup Cost": 0.00,"Total Cost": 7.29,"Plan Rows": 400,"Plan Width": 0,"Actual Startup Time": 0.183,"Actual Total Time": 0.184,"Actual Rows": 376,"Actual Loops": 1,"Index Cond": "(s_nationkey = nation.n_nationkey)"}]}]},{"Node Type": "Index Scan","Parent Relationship": "Inner","Parallel Aware": false,"Async Capable": false,"Scan Direction": "Forward","Index Name": "idx_partsupp_suppkey","Relation Name": "partsupp","Alias": "partsupp","Startup Cost": 0.42,"Total Cost": 9.07,"Plan Rows": 80,"Plan Width": 18,"Actual Startup Time": 0.018,"Actual Total Time": 0.474,"Actual Rows": 80,"Actual Loops": 376,"Index Cond": "(ps_suppkey = supplier.s_suppkey)","Rows Removed by Index Recheck": 0}]}]}]},"Planning Time": 5.474,"Triggers": [],"Execution Time": 416.886}]
[{"Plan": {"Node Type": "Sort","Parallel Aware": false,"Async Capable": false,"Startup Cost": 10142.20,"Total Cost": 10168.87,"Plan Rows": 10667,"Plan Width": 36,"Actual Startup Time": 452.788,"Actual Total Time": 452.912,"Actual Rows": 869,"Actual Loops": 1,"Sort Key": ["(sum((partsupp.ps_supplycost * (partsupp.ps_availqty)::numeric))) DESC"],"Sort Method": "quicksort","Sort Space Used": 72,"Sort Space Type": "Memory","Plans": [{"Node Type": "Aggregate","Strategy": "Plain","Partial Mode": "Simple","Parent Relationship": "InitPlan","Subplan Name": "InitPlan 1 (returns $2)","Parallel Aware": false,"Async Capable": false,"Startup Cost": 4434.26,"Total Cost": 4434.27,"Plan Rows": 1,"Plan Width": 32,"Actual Startup Time": 133.523,"Actual Total Time": 133.544,"Actual Rows": 1,"Actual Loops": 1,"Plans": [{"Node Type": "Nested Loop","Parent Relationship": "Outer","Parallel Aware": false,"Async Capable": false,"Join Type": "Inner","Startup Cost": 7.81,"Total Cost": 4194.26,"Plan Rows": 32000,"Plan Width": 10,"Actual Startup Time": 0.165,"Actual Total Time": 126.080,"Actual Rows": 32560,"Actual Loops": 1,"Inner Unique": false,"Plans": [{"Node Type": "Nested Loop","Parent Relationship": "Outer","Parallel Aware": false,"Async Capable": false,"Join Type": "Inner","Startup Cost": 7.38,"Total Cost": 244.58,"Plan Rows": 400,"Plan Width": 4,"Actual Startup Time": 0.133,"Actual Total Time": 1.798,"Actual Rows": 407,"Actual Loops": 1,"Inner Unique": false,"Plans": [{"Node Type": "Seq Scan","Parent Relationship": "Outer","Parallel Aware": false,"Async Capable": false,"Relation Name": "nation","Alias": "nation_1","Startup Cost": 0.00,"Total Cost": 1.31,"Plan Rows": 1,"Plan Width": 4,"Actual Startup Time": 0.028,"Actual Total Time": 0.044,"Actual Rows": 1,"Actual Loops": 1,"Filter": "(n_name = 'CHINA'::bpchar)","Rows Removed by Filter": 24},{"Node Type": "Bitmap Heap Scan","Parent Relationship": "Inner","Parallel Aware": false,"Async Capable": false,"Relation Name": "supplier","Alias": "supplier_1","Startup Cost": 7.38,"Total Cost": 239.27,"Plan Rows": 400,"Plan Width": 8,"Actual Startup Time": 0.091,"Actual Total Time": 1.697,"Actual Rows": 407,"Actual Loops": 1,"Recheck Cond": "(s_nationkey = nation_1.n_nationkey)","Rows Removed by Index Recheck": 0,"Exact Heap Blocks": 186,"Lossy Heap Blocks": 0,"Plans": [{"Node Type": "Bitmap Index Scan","Parent Relationship": "Outer","Parallel Aware": false,"Async Capable": false,"Index Name": "idx_supplier_nation_key","Startup Cost": 0.00,"Total Cost": 7.29,"Plan Rows": 400,"Plan Width": 0,"Actual Startup Time": 0.055,"Actual Total Time": 0.061,"Actual Rows": 407,"Actual Loops": 1,"Index Cond": "(s_nationkey = nation_1.n_nationkey)"}]}]},{"Node Type": "Index Scan","Parent Relationship": "Inner","Parallel Aware": false,"Async Capable": false,"Scan Direction": "Forward","Index Name": "idx_partsupp_suppkey","Relation Name": "partsupp","Alias": "partsupp_1","Startup Cost": 0.42,"Total Cost": 9.07,"Plan Rows": 80,"Plan Width": 14,"Actual Startup Time": 0.014,"Actual Total Time": 0.293,"Actual Rows": 80,"Actual Loops": 407,"Index Cond": "(ps_suppkey = supplier_1.s_suppkey)","Rows Removed by Index Recheck": 0}]}]},{"Node Type": "Aggregate","Strategy": "Hashed","Partial Mode": "Simple","Parent Relationship": "Outer","Parallel Aware": false,"Async Capable": false,"Startup Cost": 4514.26,"Total Cost": 4994.26,"Plan Rows": 10667,"Plan Width": 36,"Actual Startup Time": 377.714,"Actual Total Time": 452.344,"Actual Rows": 869,"Actual Loops": 1,"Group Key": ["partsupp.ps_partkey"],"Filter": "(sum((partsupp.ps_supplycost * (partsupp.ps_availqty)::numeric)) > $2)","Planned Partitions": 0,"HashAgg Batches": 1,"Peak Memory Usage": 17937,"Disk Usage": 0,"Rows Removed by Filter": 29770,"Plans": [{"Node Type": "Nested Loop","Parent Relationship": "Outer","Parallel Aware": false,"Async Capable": false,"Join Type": "Inner","Startup Cost": 7.81,"Total Cost": 4194.26,"Plan Rows": 32000,"Plan Width": 14,"Actual Startup Time": 0.336,"Actual Total Time": 203.001,"Actual Rows": 32560,"Actual Loops": 1,"Inner Unique": false,"Plans": [{"Node Type": "Nested Loop","Parent Relationship": "Outer","Parallel Aware": false,"Async Capable": false,"Join Type": "Inner","Startup Cost": 7.38,"Total Cost": 244.58,"Plan Rows": 400,"Plan Width": 4,"Actual Startup Time": 0.273,"Actual Total Time": 2.796,"Actual Rows": 407,"Actual Loops": 1,"Inner Unique": false,"Plans": [{"Node Type": "Seq Scan","Parent Relationship": "Outer","Parallel Aware": false,"Async Capable": false,"Relation Name": "nation","Alias": "nation","Startup Cost": 0.00,"Total Cost": 1.31,"Plan Rows": 1,"Plan Width": 4,"Actual Startup Time": 0.063,"Actual Total Time": 0.079,"Actual Rows": 1,"Actual Loops": 1,"Filter": "(n_name = 'CHINA'::bpchar)","Rows Removed by Filter": 24},{"Node Type": "Bitmap Heap Scan","Parent Relationship": "Inner","Parallel Aware": false,"Async Capable": false,"Relation Name": "supplier","Alias": "supplier","Startup Cost": 7.38,"Total Cost": 239.27,"Plan Rows": 400,"Plan Width": 8,"Actual Startup Time": 0.204,"Actual Total Time": 2.666,"Actual Rows": 407,"Actual Loops": 1,"Recheck Cond": "(s_nationkey = nation.n_nationkey)","Rows Removed by Index Recheck": 0,"Exact Heap Blocks": 186,"Lossy Heap Blocks": 0,"Plans": [{"Node Type": "Bitmap Index Scan","Parent Relationship": "Outer","Parallel Aware": false,"Async Capable": false,"Index Name": "idx_supplier_nation_key","Startup Cost": 0.00,"Total Cost": 7.29,"Plan Rows": 400,"Plan Width": 0,"Actual Startup Time": 0.129,"Actual Total Time": 0.129,"Actual Rows": 407,"Actual Loops": 1,"Index Cond": "(s_nationkey = nation.n_nationkey)"}]}]},{"Node Type": "Index Scan","Parent Relationship": "Inner","Parallel Aware": false,"Async Capable": false,"Scan Direction": "Forward","Index Name": "idx_partsupp_suppkey","Relation Name": "partsupp","Alias": "partsupp","Startup Cost": 0.42,"Total Cost": 9.07,"Plan Rows": 80,"Plan Width": 18,"Actual Startup Time": 0.020,"Actual Total Time": 0.480,"Actual Rows": 80,"Actual Loops": 407,"Index Cond": "(ps_suppkey = supplier.s_suppkey)","Rows Removed by Index Recheck": 0}]}]}]},"Planning Time": 7.317,"Triggers": [],"Execution Time": 456.700}]
[{"Plan": {"Node Type": "Sort","Parallel Aware": false,"Async Capable": false,"Startup Cost": 10142.20,"Total Cost": 10168.87,"Plan Rows": 10667,"Plan Width": 36,"Actual Startup Time": 428.583,"Actual Total Time": 428.704,"Actual Rows": 1225,"Actual Loops": 1,"Sort Key": ["(sum((partsupp.ps_supplycost * (partsupp.ps_availqty)::numeric))) DESC"],"Sort Method": "quicksort","Sort Space Used": 116,"Sort Space Type": "Memory","Plans": [{"Node Type": "Aggregate","Strategy": "Plain","Partial Mode": "Simple","Parent Relationship": "InitPlan","Subplan Name": "InitPlan 1 (returns $2)","Parallel Aware": false,"Async Capable": false,"Startup Cost": 4434.26,"Total Cost": 4434.27,"Plan Rows": 1,"Plan Width": 32,"Actual Startup Time": 128.590,"Actual Total Time": 128.610,"Actual Rows": 1,"Actual Loops": 1,"Plans": [{"Node Type": "Nested Loop","Parent Relationship": "Outer","Parallel Aware": false,"Async Capable": false,"Join Type": "Inner","Startup Cost": 7.81,"Total Cost": 4194.26,"Plan Rows": 32000,"Plan Width": 10,"Actual Startup Time": 0.200,"Actual Total Time": 121.660,"Actual Rows": 30160,"Actual Loops": 1,"Inner Unique": false,"Plans": [{"Node Type": "Nested Loop","Parent Relationship": "Outer","Parallel Aware": false,"Async Capable": false,"Join Type": "Inner","Startup Cost": 7.38,"Total Cost": 244.58,"Plan Rows": 400,"Plan Width": 4,"Actual Startup Time": 0.145,"Actual Total Time": 1.678,"Actual Rows": 377,"Actual Loops": 1,"Inner Unique": false,"Plans": [{"Node Type": "Seq Scan","Parent Relationship": "Outer","Parallel Aware": false,"Async Capable": false,"Relation Name": "nation","Alias": "nation_1","Startup Cost": 0.00,"Total Cost": 1.31,"Plan Rows": 1,"Plan Width": 4,"Actual Startup Time": 0.022,"Actual Total Time": 0.041,"Actual Rows": 1,"Actual Loops": 1,"Filter": "(n_name = 'JAPAN'::bpchar)","Rows Removed by Filter": 24},{"Node Type": "Bitmap Heap Scan","Parent Relationship": "Inner","Parallel Aware": false,"Async Capable": false,"Relation Name": "supplier","Alias": "supplier_1","Startup Cost": 7.38,"Total Cost": 239.27,"Plan Rows": 400,"Plan Width": 8,"Actual Startup Time": 0.107,"Actual Total Time": 1.581,"Actual Rows": 377,"Actual Loops": 1,"Recheck Cond": "(s_nationkey = nation_1.n_nationkey)","Rows Removed by Index Recheck": 0,"Exact Heap Blocks": 180,"Lossy Heap Blocks": 0,"Plans": [{"Node Type": "Bitmap Index Scan","Parent Relationship": "Outer","Parallel Aware": false,"Async Capable": false,"Index Name": "idx_supplier_nation_key","Startup Cost": 0.00,"Total Cost": 7.29,"Plan Rows": 400,"Plan Width": 0,"Actual Startup Time": 0.073,"Actual Total Time": 0.079,"Actual Rows": 377,"Actual Loops": 1,"Index Cond": "(s_nationkey = nation_1.n_nationkey)"}]}]},{"Node Type": "Index Scan","Parent Relationship": "Inner","Parallel Aware": false,"Async Capable": false,"Scan Direction": "Forward","Index Name": "idx_partsupp_suppkey","Relation Name": "partsupp","Alias": "partsupp_1","Startup Cost": 0.42,"Total Cost": 9.07,"Plan Rows": 80,"Plan Width": 14,"Actual Startup Time": 0.015,"Actual Total Time": 0.306,"Actual Rows": 80,"Actual Loops": 377,"Index Cond": "(ps_suppkey = supplier_1.s_suppkey)","Rows Removed by Index Recheck": 0}]}]},{"Node Type": "Aggregate","Strategy": "Hashed","Partial Mode": "Simple","Parent Relationship": "Outer","Parallel Aware": false,"Async Capable": false,"Startup Cost": 4514.26,"Total Cost": 4994.26,"Plan Rows": 10667,"Plan Width": 36,"Actual Startup Time": 361.803,"Actual Total Time": 428.043,"Actual Rows": 1225,"Actual Loops": 1,"Group Key": ["partsupp.ps_partkey"],"Filter": "(sum((partsupp.ps_supplycost * (partsupp.ps_availqty)::numeric)) > $2)","Planned Partitions": 0,"HashAgg Batches": 1,"Peak Memory Usage": 17937,"Disk Usage": 0,"Rows Removed by Filter": 27290,"Plans": [{"Node Type": "Nested Loop","Parent Relationship": "Outer","Parallel Aware": false,"Async Capable": false,"Join Type": "Inner","Startup Cost": 7.81,"Total Cost": 4194.26,"Plan Rows": 32000,"Plan Width": 14,"Actual Startup Time": 0.353,"Actual Total Time": 190.903,"Actual Rows": 30160,"Actual Loops": 1,"Inner Unique": false,"Plans": [{"Node Type": "Nested Loop","Parent Relationship": "Outer","Parallel Aware": false,"Async Capable": false,"Join Type": "Inner","Startup Cost": 7.38,"Total Cost": 244.58,"Plan Rows": 400,"Plan Width": 4,"Actual Startup Time": 0.276,"Actual Total Time": 2.652,"Actual Rows": 377,"Actual Loops": 1,"Inner Unique": false,"Plans": [{"Node Type": "Seq Scan","Parent Relationship": "Outer","Parallel Aware": false,"Async Capable": false,"Relation Name": "nation","Alias": "nation","Startup Cost": 0.00,"Total Cost": 1.31,"Plan Rows": 1,"Plan Width": 4,"Actual Startup Time": 0.069,"Actual Total Time": 0.093,"Actual Rows": 1,"Actual Loops": 1,"Filter": "(n_name = 'JAPAN'::bpchar)","Rows Removed by Filter": 24},{"Node Type": "Bitmap Heap Scan","Parent Relationship": "Inner","Parallel Aware": false,"Async Capable": false,"Relation Name": "supplier","Alias": "supplier","Startup Cost": 7.38,"Total Cost": 239.27,"Plan Rows": 400,"Plan Width": 8,"Actual Startup Time": 0.204,"Actual Total Time": 2.512,"Actual Rows": 377,"Actual Loops": 1,"Recheck Cond": "(s_nationkey = nation.n_nationkey)","Rows Removed by Index Recheck": 0,"Exact Heap Blocks": 180,"Lossy Heap Blocks": 0,"Plans": [{"Node Type": "Bitmap Index Scan","Parent Relationship": "Outer","Parallel Aware": false,"Async Capable": false,"Index Name": "idx_supplier_nation_key","Startup Cost": 0.00,"Total Cost": 7.29,"Plan Rows": 400,"Plan Width": 0,"Actual Startup Time": 0.135,"Actual Total Time": 0.136,"Actual Rows": 377,"Actual Loops": 1,"Index Cond": "(s_nationkey = nation.n_nationkey)"}]}]},{"Node Type": "Index Scan","Parent Relationship": "Inner","Parallel Aware": false,"Async Capable": false,"Scan Direction": "Forward","Index Name": "idx_partsupp_suppkey","Relation Name": "partsupp","Alias": "partsupp","Startup Cost": 0.42,"Total Cost": 9.07,"Plan Rows": 80,"Plan Width": 18,"Actual Startup Time": 0.021,"Actual Total Time": 0.488,"Actual Rows": 80,"Actual Loops": 377,"Index Cond": "(ps_suppkey = supplier.s_suppkey)","Rows Removed by Index Recheck": 0}]}]}]},"Planning Time": 6.421,"Triggers": [],"Execution Time": 431.115}]
[{"Plan": {"Node Type": "Sort","Parallel Aware": false,"Async Capable": false,"Startup Cost": 10142.20,"Total Cost": 10168.87,"Plan Rows": 10667,"Plan Width": 36,"Actual Startup Time": 435.527,"Actual Total Time": 435.700,"Actual Rows": 1089,"Actual Loops": 1,"Sort Key": ["(sum((partsupp.ps_supplycost * (partsupp.ps_availqty)::numeric))) DESC"],"Sort Method": "quicksort","Sort Space Used": 108,"Sort Space Type": "Memory","Plans": [{"Node Type": "Aggregate","Strategy": "Plain","Partial Mode": "Simple","Parent Relationship": "InitPlan","Subplan Name": "InitPlan 1 (returns $2)","Parallel Aware": false,"Async Capable": false,"Startup Cost": 4434.26,"Total Cost": 4434.27,"Plan Rows": 1,"Plan Width": 32,"Actual Startup Time": 127.992,"Actual Total Time": 128.018,"Actual Rows": 1,"Actual Loops": 1,"Plans": [{"Node Type": "Nested Loop","Parent Relationship": "Outer","Parallel Aware": false,"Async Capable": false,"Join Type": "Inner","Startup Cost": 7.81,"Total Cost": 4194.26,"Plan Rows": 32000,"Plan Width": 10,"Actual Startup Time": 0.202,"Actual Total Time": 120.806,"Actual Rows": 31200,"Actual Loops": 1,"Inner Unique": false,"Plans": [{"Node Type": "Nested Loop","Parent Relationship": "Outer","Parallel Aware": false,"Async Capable": false,"Join Type": "Inner","Startup Cost": 7.38,"Total Cost": 244.58,"Plan Rows": 400,"Plan Width": 4,"Actual Startup Time": 0.156,"Actual Total Time": 1.780,"Actual Rows": 390,"Actual Loops": 1,"Inner Unique": false,"Plans": [{"Node Type": "Seq Scan","Parent Relationship": "Outer","Parallel Aware": false,"Async Capable": false,"Relation Name": "nation","Alias": "nation_1","Startup Cost": 0.00,"Total Cost": 1.31,"Plan Rows": 1,"Plan Width": 4,"Actual Startup Time": 0.025,"Actual Total Time": 0.037,"Actual Rows": 1,"Actual Loops": 1,"Filter": "(n_name = 'UNITED KINGDOM'::bpchar)","Rows Removed by Filter": 24},{"Node Type": "Bitmap Heap Scan","Parent Relationship": "Inner","Parallel Aware": false,"Async Capable": false,"Relation Name": "supplier","Alias": "supplier_1","Startup Cost": 7.38,"Total Cost": 239.27,"Plan Rows": 400,"Plan Width": 8,"Actual Startup Time": 0.111,"Actual Total Time": 1.680,"Actual Rows": 390,"Actual Loops": 1,"Recheck Cond": "(s_nationkey = nation_1.n_nationkey)","Rows Removed by Index Recheck": 0,"Exact Heap Blocks": 190,"Lossy Heap Blocks": 0,"Plans": [{"Node Type": "Bitmap Index Scan","Parent Relationship": "Outer","Parallel Aware": false,"Async Capable": false,"Index Name": "idx_supplier_nation_key","Startup Cost": 0.00,"Total Cost": 7.29,"Plan Rows": 400,"Plan Width": 0,"Actual Startup Time": 0.075,"Actual Total Time": 0.080,"Actual Rows": 390,"Actual Loops": 1,"Index Cond": "(s_nationkey = nation_1.n_nationkey)"}]}]},{"Node Type": "Index Scan","Parent Relationship": "Inner","Parallel Aware": false,"Async Capable": false,"Scan Direction": "Forward","Index Name": "idx_partsupp_suppkey","Relation Name": "partsupp","Alias": "partsupp_1","Startup Cost": 0.42,"Total Cost": 9.07,"Plan Rows": 80,"Plan Width": 14,"Actual Startup Time": 0.014,"Actual Total Time": 0.293,"Actual Rows": 80,"Actual Loops": 390,"Index Cond": "(ps_suppkey = supplier_1.s_suppkey)","Rows Removed by Index Recheck": 0}]}]},{"Node Type": "Aggregate","Strategy": "Hashed","Partial Mode": "Simple","Parent Relationship": "Outer","Parallel Aware": false,"Async Capable": false,"Startup Cost": 4514.26,"Total Cost": 4994.26,"Plan Rows": 10667,"Plan Width": 36,"Actual Startup Time": 365.366,"Actual Total Time": 434.999,"Actual Rows": 1089,"Actual Loops": 1,"Group Key": ["partsupp.ps_partkey"],"Filter": "(sum((partsupp.ps_supplycost * (partsupp.ps_availqty)::numeric)) > $2)","Planned Partitions": 0,"HashAgg Batches": 1,"Peak Memory Usage": 17937,"Disk Usage": 0,"Rows Removed by Filter": 28366,"Plans": [{"Node Type": "Nested Loop","Parent Relationship": "Outer","Parallel Aware": false,"Async Capable": false,"Join Type": "Inner","Startup Cost": 7.81,"Total Cost": 4194.26,"Plan Rows": 32000,"Plan Width": 14,"Actual Startup Time": 0.273,"Actual Total Time": 195.557,"Actual Rows": 31200,"Actual Loops": 1,"Inner Unique": false,"Plans": [{"Node Type": "Nested Loop","Parent Relationship": "Outer","Parallel Aware": false,"Async Capable": false,"Join Type": "Inner","Startup Cost": 7.38,"Total Cost": 244.58,"Plan Rows": 400,"Plan Width": 4,"Actual Startup Time": 0.244,"Actual Total Time": 2.901,"Actual Rows": 390,"Actual Loops": 1,"Inner Unique": false,"Plans": [{"Node Type": "Seq Scan","Parent Relationship": "Outer","Parallel Aware": false,"Async Capable": false,"Relation Name": "nation","Alias": "nation","Startup Cost": 0.00,"Total Cost": 1.31,"Plan Rows": 1,"Plan Width": 4,"Actual Startup Time": 0.065,"Actual Total Time": 0.084,"Actual Rows": 1,"Actual Loops": 1,"Filter": "(n_name = 'UNITED KINGDOM'::bpchar)","Rows Removed by Filter": 24},{"Node Type": "Bitmap Heap Scan","Parent Relationship": "Inner","Parallel Aware": false,"Async Capable": false,"Relation Name": "supplier","Alias": "supplier","Startup Cost": 7.38,"Total Cost": 239.27,"Plan Rows": 400,"Plan Width": 8,"Actual Startup Time": 0.171,"Actual Total Time": 2.762,"Actual Rows": 390,"Actual Loops": 1,"Recheck Cond": "(s_nationkey = nation.n_nationkey)","Rows Removed by Index Recheck": 0,"Exact Heap Blocks": 190,"Lossy Heap Blocks": 0,"Plans": [{"Node Type": "Bitmap Index Scan","Parent Relationship": "Outer","Parallel Aware": false,"Async Capable": false,"Index Name": "idx_supplier_nation_key","Startup Cost": 0.00,"Total Cost": 7.29,"Plan Rows": 400,"Plan Width": 0,"Actual Startup Time": 0.123,"Actual Total Time": 0.123,"Actual Rows": 390,"Actual Loops": 1,"Index Cond": "(s_nationkey = nation.n_nationkey)"}]}]},{"Node Type": "Index Scan","Parent Relationship": "Inner","Parallel Aware": false,"Async Capable": false,"Scan Direction": "Forward","Index Name": "idx_partsupp_suppkey","Relation Name": "partsupp","Alias": "partsupp","Startup Cost": 0.42,"Total Cost": 9.07,"Plan Rows": 80,"Plan Width": 18,"Actual Startup Time": 0.020,"Actual Total Time": 0.482,"Actual Rows": 80,"Actual Loops": 390,"Index Cond": "(ps_suppkey = supplier.s_suppkey)","Rows Removed by Index Recheck": 0}]}]}]},"Planning Time": 6.575,"Triggers": [],"Execution Time": 439.057}]
[{"Plan": {"Node Type": "Sort","Parallel Aware": false,"Async Capable": false,"Startup Cost": 10142.20,"Total Cost": 10168.87,"Plan Rows": 10667,"Plan Width": 36,"Actual Startup Time": 435.527,"Actual Total Time": 435.700,"Actual Rows": 1089,"Actual Loops": 1,"Sort Key": ["(sum((partsupp.ps_supplycost * (partsupp.ps_availqty)::numeric))) DESC"],"Sort Method": "quicksort","Sort Space Used": 108,"Sort Space Type": "Memory","Plans": [{"Node Type": "Aggregate","Strategy": "Plain","Partial Mode": "Simple","Parent Relationship": "InitPlan","Subplan Name": "InitPlan 1 (returns $2)","Parallel Aware": false,"Async Capable": false,"Startup Cost": 4434.26,"Total Cost": 4434.27,"Plan Rows": 1,"Plan Width": 32,"Actual Startup Time": 127.992,"Actual Total Time": 128.018,"Actual Rows": 1,"Actual Loops": 1,"Plans": [{"Node Type": "Nested Loop","Parent Relationship": "Outer","Parallel Aware": false,"Async Capable": false,"Join Type": "Inner","Startup Cost": 7.81,"Total Cost": 4194.26,"Plan Rows": 32000,"Plan Width": 10,"Actual Startup Time": 0.202,"Actual Total Time": 120.806,"Actual Rows": 31200,"Actual Loops": 1,"Inner Unique": false,"Plans": [{"Node Type": "Nested Loop","Parent Relationship": "Outer","Parallel Aware": false,"Async Capable": false,"Join Type": "Inner","Startup Cost": 7.38,"Total Cost": 244.58,"Plan Rows": 400,"Plan Width": 4,"Actual Startup Time": 0.156,"Actual Total Time": 1.780,"Actual Rows": 390,"Actual Loops": 1,"Inner Unique": false,"Plans": [{"Node Type": "Seq Scan","Parent Relationship": "Outer","Parallel Aware": false,"Async Capable": false,"Relation Name": "nation","Alias": "nation_1","Startup Cost": 0.00,"Total Cost": 1.31,"Plan Rows": 1,"Plan Width": 4,"Actual Startup Time": 0.025,"Actual Total Time": 0.037,"Actual Rows": 1,"Actual Loops": 1,"Filter": "(n_name = 'UNITED KINGDOM'::bpchar)","Rows Removed by Filter": 24},{"Node Type": "Bitmap Heap Scan","Parent Relationship": "Inner","Parallel Aware": false,"Async Capable": false,"Relation Name": "supplier","Alias": "supplier_1","Startup Cost": 7.38,"Total Cost": 239.27,"Plan Rows": 400,"Plan Width": 8,"Actual Startup Time": 0.111,"Actual Total Time": 1.680,"Actual Rows": 390,"Actual Loops": 1,"Recheck Cond": "(s_nationkey = nation_1.n_nationkey)","Rows Removed by Index Recheck": 0,"Exact Heap Blocks": 190,"Lossy Heap Blocks": 0,"Plans": [{"Node Type": "Bitmap Index Scan","Parent Relationship": "Outer","Parallel Aware": false,"Async Capable": false,"Index Name": "idx_supplier_nation_key","Startup Cost": 0.00,"Total Cost": 7.29,"Plan Rows": 400,"Plan Width": 0,"Actual Startup Time": 0.075,"Actual Total Time": 0.080,"Actual Rows": 390,"Actual Loops": 1,"Index Cond": "(s_nationkey = nation_1.n_nationkey)"}]}]},{"Node Type": "Index Scan","Parent Relationship": "Inner","Parallel Aware": false,"Async Capable": false,"Scan Direction": "Forward","Index Name": "idx_partsupp_suppkey","Relation Name": "partsupp","Alias": "partsupp_1","Startup Cost": 0.42,"Total Cost": 9.07,"Plan Rows": 80,"Plan Width": 14,"Actual Startup Time": 0.014,"Actual Total Time": 0.293,"Actual Rows": 80,"Actual Loops": 390,"Index Cond": "(ps_suppkey = supplier_1.s_suppkey)","Rows Removed by Index Recheck": 0}]}]},{"Node Type": "Aggregate","Strategy": "Hashed","Partial Mode": "Simple","Parent Relationship": "Outer","Parallel Aware": false,"Async Capable": false,"Startup Cost": 4514.26,"Total Cost": 4994.26,"Plan Rows": 10667,"Plan Width": 36,"Actual Startup Time": 365.366,"Actual Total Time": 434.999,"Actual Rows": 1089,"Actual Loops": 1,"Group Key": ["partsupp.ps_partkey"],"Filter": "(sum((partsupp.ps_supplycost * (partsupp.ps_availqty)::numeric)) > $2)","Planned Partitions": 0,"HashAgg Batches": 1,"Peak Memory Usage": 17937,"Disk Usage": 0,"Rows Removed by Filter": 28366,"Plans": [{"Node Type": "Nested Loop","Parent Relationship": "Outer","Parallel Aware": false,"Async Capable": false,"Join Type": "Inner","Startup Cost": 7.81,"Total Cost": 4194.26,"Plan Rows": 32000,"Plan Width": 14,"Actual Startup Time": 0.273,"Actual Total Time": 195.557,"Actual Rows": 31200,"Actual Loops": 1,"Inner Unique": false,"Plans": [{"Node Type": "Nested Loop","Parent Relationship": "Outer","Parallel Aware": false,"Async Capable": false,"Join Type": "Inner","Startup Cost": 7.38,"Total Cost": 244.58,"Plan Rows": 400,"Plan Width": 4,"Actual Startup Time": 0.244,"Actual Total Time": 2.901,"Actual Rows": 390,"Actual Loops": 1,"Inner Unique": false,"Plans": [{"Node Type": "Seq Scan","Parent Relationship": "Outer","Parallel Aware": false,"Async Capable": false,"Relation Name": "nation","Alias": "nation","Startup Cost": 0.00,"Total Cost": 1.31,"Plan Rows": 1,"Plan Width": 4,"Actual Startup Time": 0.065,"Actual Total Time": 0.084,"Actual Rows": 1,"Actual Loops": 1,"Filter": "(n_name = 'UNITED KINGDOM'::bpchar)","Rows Removed by Filter": 24},{"Node Type": "Bitmap Heap Scan","Parent Relationship": "Inner","Parallel Aware": false,"Async Capable": false,"Relation Name": "supplier","Alias": "supplier","Startup Cost": 7.38,"Total Cost": 239.27,"Plan Rows": 400,"Plan Width": 8,"Actual Startup Time": 0.171,"Actual Total Time": 2.762,"Actual Rows": 390,"Actual Loops": 1,"Recheck Cond": "(s_nationkey = nation.n_nationkey)","Rows Removed by Index Recheck": 0,"Exact Heap Blocks": 190,"Lossy Heap Blocks": 0,"Plans": [{"Node Type": "Bitmap Index Scan","Parent Relationship": "Outer","Parallel Aware": false,"Async Capable": false,"Index Name": "idx_supplier_nation_key","Startup Cost": 0.00,"Total Cost": 7.29,"Plan Rows": 400,"Plan Width": 0,"Actual Startup Time": 0.123,"Actual Total Time": 0.123,"Actual Rows": 390,"Actual Loops": 1,"Index Cond": "(s_nationkey = nation.n_nationkey)"}]}]},{"Node Type": "Index Scan","Parent Relationship": "Inner","Parallel Aware": false,"Async Capable": false,"Scan Direction": "Forward","Index Name": "idx_partsupp_suppkey","Relation Name": "partsupp","Alias": "partsupp","Startup Cost": 0.42,"Total Cost": 9.07,"Plan Rows": 80,"Plan Width": 18,"Actual Startup Time": 0.020,"Actual Total Time": 0.482,"Actual Rows": 80,"Actual Loops": 390,"Index Cond": "(ps_suppkey = supplier.s_suppkey)","Rows Removed by Index Recheck": 0}]}]}]},"Planning Time": 6.575,"Triggers": [],"Execution Time": 439.057}]
[{"Plan": {"Node Type": "Sort","Parallel Aware": false,"Async Capable": false,"Startup Cost": 10142.20,"Total Cost": 10168.87,"Plan Rows": 10667,"Plan Width": 36,"Actual Startup Time": 479.473,"Actual Total Time": 479.584,"Actual Rows": 514,"Actual Loops": 1,"Sort Key": ["(sum((partsupp.ps_supplycost * (partsupp.ps_availqty)::numeric))) DESC"],"Sort Method": "quicksort","Sort Space Used": 53,"Sort Space Type": "Memory","Plans": [{"Node Type": "Aggregate","Strategy": "Plain","Partial Mode": "Simple","Parent Relationship": "InitPlan","Subplan Name": "InitPlan 1 (returns $2)","Parallel Aware": false,"Async Capable": false,"Startup Cost": 4434.26,"Total Cost": 4434.27,"Plan Rows": 1,"Plan Width": 32,"Actual Startup Time": 141.847,"Actual Total Time": 141.875,"Actual Rows": 1,"Actual Loops": 1,"Plans": [{"Node Type": "Nested Loop","Parent Relationship": "Outer","Parallel Aware": false,"Async Capable": false,"Join Type": "Inner","Startup Cost": 7.81,"Total Cost": 4194.26,"Plan Rows": 32000,"Plan Width": 10,"Actual Startup Time": 0.217,"Actual Total Time": 133.744,"Actual Rows": 35040,"Actual Loops": 1,"Inner Unique": false,"Plans": [{"Node Type": "Nested Loop","Parent Relationship": "Outer","Parallel Aware": false,"Async Capable": false,"Join Type": "Inner","Startup Cost": 7.38,"Total Cost": 244.58,"Plan Rows": 400,"Plan Width": 4,"Actual Startup Time": 0.176,"Actual Total Time": 1.973,"Actual Rows": 438,"Actual Loops": 1,"Inner Unique": false,"Plans": [{"Node Type": "Seq Scan","Parent Relationship": "Outer","Parallel Aware": false,"Async Capable": false,"Relation Name": "nation","Alias": "nation_1","Startup Cost": 0.00,"Total Cost": 1.31,"Plan Rows": 1,"Plan Width": 4,"Actual Startup Time": 0.030,"Actual Total Time": 0.050,"Actual Rows": 1,"Actual Loops": 1,"Filter": "(n_name = 'IRAQ'::bpchar)","Rows Removed by Filter": 24},{"Node Type": "Bitmap Heap Scan","Parent Relationship": "Inner","Parallel Aware": false,"Async Capable": false,"Relation Name": "supplier","Alias": "supplier_1","Startup Cost": 7.38,"Total Cost": 239.27,"Plan Rows": 400,"Plan Width": 8,"Actual Startup Time": 0.128,"Actual Total Time": 1.851,"Actual Rows": 438,"Actual Loops": 1,"Recheck Cond": "(s_nationkey = nation_1.n_nationkey)","Rows Removed by Index Recheck": 0,"Exact Heap Blocks": 194,"Lossy Heap Blocks": 0,"Plans": [{"Node Type": "Bitmap Index Scan","Parent Relationship": "Outer","Parallel Aware": false,"Async Capable": false,"Index Name": "idx_supplier_nation_key","Startup Cost": 0.00,"Total Cost": 7.29,"Plan Rows": 400,"Plan Width": 0,"Actual Startup Time": 0.090,"Actual Total Time": 0.096,"Actual Rows": 438,"Actual Loops": 1,"Index Cond": "(s_nationkey = nation_1.n_nationkey)"}]}]},{"Node Type": "Index Scan","Parent Relationship": "Inner","Parallel Aware": false,"Async Capable": false,"Scan Direction": "Forward","Index Name": "idx_partsupp_suppkey","Relation Name": "partsupp","Alias": "partsupp_1","Startup Cost": 0.42,"Total Cost": 9.07,"Plan Rows": 80,"Plan Width": 14,"Actual Startup Time": 0.014,"Actual Total Time": 0.289,"Actual Rows": 80,"Actual Loops": 438,"Index Cond": "(ps_suppkey = supplier_1.s_suppkey)","Rows Removed by Index Recheck": 0}]}]},{"Node Type": "Aggregate","Strategy": "Hashed","Partial Mode": "Simple","Parent Relationship": "Outer","Parallel Aware": false,"Async Capable": false,"Startup Cost": 4514.26,"Total Cost": 4994.26,"Plan Rows": 10667,"Plan Width": 36,"Actual Startup Time": 398.650,"Actual Total Time": 479.180,"Actual Rows": 514,"Actual Loops": 1,"Group Key": ["partsupp.ps_partkey"],"Filter": "(sum((partsupp.ps_supplycost * (partsupp.ps_availqty)::numeric)) > $2)","Planned Partitions": 0,"HashAgg Batches": 1,"Peak Memory Usage": 17937,"Disk Usage": 0,"Rows Removed by Filter": 32385,"Plans": [{"Node Type": "Nested Loop","Parent Relationship": "Outer","Parallel Aware": false,"Async Capable": false,"Join Type": "Inner","Startup Cost": 7.81,"Total Cost": 4194.26,"Plan Rows": 32000,"Plan Width": 14,"Actual Startup Time": 0.368,"Actual Total Time": 210.024,"Actual Rows": 35040,"Actual Loops": 1,"Inner Unique": false,"Plans": [{"Node Type": "Nested Loop","Parent Relationship": "Outer","Parallel Aware": false,"Async Capable": false,"Join Type": "Inner","Startup Cost": 7.38,"Total Cost": 244.58,"Plan Rows": 400,"Plan Width": 4,"Actual Startup Time": 0.322,"Actual Total Time": 2.894,"Actual Rows": 438,"Actual Loops": 1,"Inner Unique": false,"Plans": [{"Node Type": "Seq Scan","Parent Relationship": "Outer","Parallel Aware": false,"Async Capable": false,"Relation Name": "nation","Alias": "nation","Startup Cost": 0.00,"Total Cost": 1.31,"Plan Rows": 1,"Plan Width": 4,"Actual Startup Time": 0.077,"Actual Total Time": 0.103,"Actual Rows": 1,"Actual Loops": 1,"Filter": "(n_name = 'IRAQ'::bpchar)","Rows Removed by Filter": 24},{"Node Type": "Bitmap Heap Scan","Parent Relationship": "Inner","Parallel Aware": false,"Async Capable": false,"Relation Name": "supplier","Alias": "supplier","Startup Cost": 7.38,"Total Cost": 239.27,"Plan Rows": 400,"Plan Width": 8,"Actual Startup Time": 0.239,"Actual Total Time": 2.735,"Actual Rows": 438,"Actual Loops": 1,"Recheck Cond": "(s_nationkey = nation.n_nationkey)","Rows Removed by Index Recheck": 0,"Exact Heap Blocks": 194,"Lossy Heap Blocks": 0,"Plans": [{"Node Type": "Bitmap Index Scan","Parent Relationship": "Outer","Parallel Aware": false,"Async Capable": false,"Index Name": "idx_supplier_nation_key","Startup Cost": 0.00,"Total Cost": 7.29,"Plan Rows": 400,"Plan Width": 0,"Actual Startup Time": 0.165,"Actual Total Time": 0.169,"Actual Rows": 438,"Actual Loops": 1,"Index Cond": "(s_nationkey = nation.n_nationkey)"}]}]},{"Node Type": "Index Scan","Parent Relationship": "Inner","Parallel Aware": false,"Async Capable": false,"Scan Direction": "Forward","Index Name": "idx_partsupp_suppkey","Relation Name": "partsupp","Alias": "partsupp","Startup Cost": 0.42,"Total Cost": 9.07,"Plan Rows": 80,"Plan Width": 18,"Actual Startup Time": 0.019,"Actual Total Time": 0.461,"Actual Rows": 80,"Actual Loops": 438,"Index Cond": "(ps_suppkey = supplier.s_suppkey)","Rows Removed by Index Recheck": 0}]}]}]},"Planning Time": 5.748,"Triggers": [],"Execution Time": 483.087}]
[{"Plan": {"Node Type": "Sort","Parallel Aware": false,"Async Capable": false,"Startup Cost": 10142.20,"Total Cost": 10168.87,"Plan Rows": 10667,"Plan Width": 36,"Actual Startup Time": 464.748,"Actual Total Time": 464.880,"Actual Rows": 665,"Actual Loops": 1,"Sort Key": ["(sum((partsupp.ps_supplycost * (partsupp.ps_availqty)::numeric))) DESC"],"Sort Method": "quicksort","Sort Space Used": 61,"Sort Space Type": "Memory","Plans": [{"Node Type": "Aggregate","Strategy": "Plain","Partial Mode": "Simple","Parent Relationship": "InitPlan","Subplan Name": "InitPlan 1 (returns $2)","Parallel Aware": false,"Async Capable": false,"Startup Cost": 4434.26,"Total Cost": 4434.27,"Plan Rows": 1,"Plan Width": 32,"Actual Startup Time": 134.444,"Actual Total Time": 134.478,"Actual Rows": 1,"Actual Loops": 1,"Plans": [{"Node Type": "Nested Loop","Parent Relationship": "Outer","Parallel Aware": false,"Async Capable": false,"Join Type": "Inner","Startup Cost": 7.81,"Total Cost": 4194.26,"Plan Rows": 32000,"Plan Width": 10,"Actual Startup Time": 0.195,"Actual Total Time": 126.758,"Actual Rows": 33600,"Actual Loops": 1,"Inner Unique": false,"Plans": [{"Node Type": "Nested Loop","Parent Relationship": "Outer","Parallel Aware": false,"Async Capable": false,"Join Type": "Inner","Startup Cost": 7.38,"Total Cost": 244.58,"Plan Rows": 400,"Plan Width": 4,"Actual Startup Time": 0.143,"Actual Total Time": 1.895,"Actual Rows": 420,"Actual Loops": 1,"Inner Unique": false,"Plans": [{"Node Type": "Seq Scan","Parent Relationship": "Outer","Parallel Aware": false,"Async Capable": false,"Relation Name": "nation","Alias": "nation_1","Startup Cost": 0.00,"Total Cost": 1.31,"Plan Rows": 1,"Plan Width": 4,"Actual Startup Time": 0.024,"Actual Total Time": 0.046,"Actual Rows": 1,"Actual Loops": 1,"Filter": "(n_name = 'ALGERIA'::bpchar)","Rows Removed by Filter": 24},{"Node Type": "Bitmap Heap Scan","Parent Relationship": "Inner","Parallel Aware": false,"Async Capable": false,"Relation Name": "supplier","Alias": "supplier_1","Startup Cost": 7.38,"Total Cost": 239.27,"Plan Rows": 400,"Plan Width": 8,"Actual Startup Time": 0.107,"Actual Total Time": 1.788,"Actual Rows": 420,"Actual Loops": 1,"Recheck Cond": "(s_nationkey = nation_1.n_nationkey)","Rows Removed by Index Recheck": 0,"Exact Heap Blocks": 197,"Lossy Heap Blocks": 0,"Plans": [{"Node Type": "Bitmap Index Scan","Parent Relationship": "Outer","Parallel Aware": false,"Async Capable": false,"Index Name": "idx_supplier_nation_key","Startup Cost": 0.00,"Total Cost": 7.29,"Plan Rows": 400,"Plan Width": 0,"Actual Startup Time": 0.069,"Actual Total Time": 0.076,"Actual Rows": 420,"Actual Loops": 1,"Index Cond": "(s_nationkey = nation_1.n_nationkey)"}]}]},{"Node Type": "Index Scan","Parent Relationship": "Inner","Parallel Aware": false,"Async Capable": false,"Scan Direction": "Forward","Index Name": "idx_partsupp_suppkey","Relation Name": "partsupp","Alias": "partsupp_1","Startup Cost": 0.42,"Total Cost": 9.07,"Plan Rows": 80,"Plan Width": 14,"Actual Startup Time": 0.014,"Actual Total Time": 0.285,"Actual Rows": 80,"Actual Loops": 420,"Index Cond": "(ps_suppkey = supplier_1.s_suppkey)","Rows Removed by Index Recheck": 0}]}]},{"Node Type": "Aggregate","Strategy": "Hashed","Partial Mode": "Simple","Parent Relationship": "Outer","Parallel Aware": false,"Async Capable": false,"Startup Cost": 4514.26,"Total Cost": 4994.26,"Plan Rows": 10667,"Plan Width": 36,"Actual Startup Time": 388.152,"Actual Total Time": 464.346,"Actual Rows": 665,"Actual Loops": 1,"Group Key": ["partsupp.ps_partkey"],"Filter": "(sum((partsupp.ps_supplycost * (partsupp.ps_availqty)::numeric)) > $2)","Planned Partitions": 0,"HashAgg Batches": 1,"Peak Memory Usage": 17937,"Disk Usage": 0,"Rows Removed by Filter": 30920,"Plans": [{"Node Type": "Nested Loop","Parent Relationship": "Outer","Parallel Aware": false,"Async Capable": false,"Join Type": "Inner","Startup Cost": 7.81,"Total Cost": 4194.26,"Plan Rows": 32000,"Plan Width": 14,"Actual Startup Time": 0.388,"Actual Total Time": 207.629,"Actual Rows": 33600,"Actual Loops": 1,"Inner Unique": false,"Plans": [{"Node Type": "Nested Loop","Parent Relationship": "Outer","Parallel Aware": false,"Async Capable": false,"Join Type": "Inner","Startup Cost": 7.38,"Total Cost": 244.58,"Plan Rows": 400,"Plan Width": 4,"Actual Startup Time": 0.274,"Actual Total Time": 2.984,"Actual Rows": 420,"Actual Loops": 1,"Inner Unique": false,"Plans": [{"Node Type": "Seq Scan","Parent Relationship": "Outer","Parallel Aware": false,"Async Capable": false,"Relation Name": "nation","Alias": "nation","Startup Cost": 0.00,"Total Cost": 1.31,"Plan Rows": 1,"Plan Width": 4,"Actual Startup Time": 0.081,"Actual Total Time": 0.099,"Actual Rows": 1,"Actual Loops": 1,"Filter": "(n_name = 'ALGERIA'::bpchar)","Rows Removed by Filter": 24},{"Node Type": "Bitmap Heap Scan","Parent Relationship": "Inner","Parallel Aware": false,"Async Capable": false,"Relation Name": "supplier","Alias": "supplier","Startup Cost": 7.38,"Total Cost": 239.27,"Plan Rows": 400,"Plan Width": 8,"Actual Startup Time": 0.184,"Actual Total Time": 2.823,"Actual Rows": 420,"Actual Loops": 1,"Recheck Cond": "(s_nationkey = nation.n_nationkey)","Rows Removed by Index Recheck": 0,"Exact Heap Blocks": 197,"Lossy Heap Blocks": 0,"Plans": [{"Node Type": "Bitmap Index Scan","Parent Relationship": "Outer","Parallel Aware": false,"Async Capable": false,"Index Name": "idx_supplier_nation_key","Startup Cost": 0.00,"Total Cost": 7.29,"Plan Rows": 400,"Plan Width": 0,"Actual Startup Time": 0.105,"Actual Total Time": 0.106,"Actual Rows": 420,"Actual Loops": 1,"Index Cond": "(s_nationkey = nation.n_nationkey)"}]}]},{"Node Type": "Index Scan","Parent Relationship": "Inner","Parallel Aware": false,"Async Capable": false,"Scan Direction": "Forward","Index Name": "idx_partsupp_suppkey","Relation Name": "partsupp","Alias": "partsupp","Startup Cost": 0.42,"Total Cost": 9.07,"Plan Rows": 80,"Plan Width": 18,"Actual Startup Time": 0.019,"Actual Total Time": 0.475,"Actual Rows": 80,"Actual Loops": 420,"Index Cond": "(ps_suppkey = supplier.s_suppkey)","Rows Removed by Index Recheck": 0}]}]}]},"Planning Time": 6.930,"Triggers": [],"Execution Time": 468.122}]
[{"Plan": {"Node Type": "Sort","Parallel Aware": false,"Async Capable": false,"Startup Cost": 10142.20,"Total Cost": 10168.87,"Plan Rows": 10667,"Plan Width": 36,"Actual Startup Time": 435.527,"Actual Total Time": 435.700,"Actual Rows": 1089,"Actual Loops": 1,"Sort Key": ["(sum((partsupp.ps_supplycost * (partsupp.ps_availqty)::numeric))) DESC"],"Sort Method": "quicksort","Sort Space Used": 108,"Sort Space Type": "Memory","Plans": [{"Node Type": "Aggregate","Strategy": "Plain","Partial Mode": "Simple","Parent Relationship": "InitPlan","Subplan Name": "InitPlan 1 (returns $2)","Parallel Aware": false,"Async Capable": false,"Startup Cost": 4434.26,"Total Cost": 4434.27,"Plan Rows": 1,"Plan Width": 32,"Actual Startup Time": 127.992,"Actual Total Time": 128.018,"Actual Rows": 1,"Actual Loops": 1,"Plans": [{"Node Type": "Nested Loop","Parent Relationship": "Outer","Parallel Aware": false,"Async Capable": false,"Join Type": "Inner","Startup Cost": 7.81,"Total Cost": 4194.26,"Plan Rows": 32000,"Plan Width": 10,"Actual Startup Time": 0.202,"Actual Total Time": 120.806,"Actual Rows": 31200,"Actual Loops": 1,"Inner Unique": false,"Plans": [{"Node Type": "Nested Loop","Parent Relationship": "Outer","Parallel Aware": false,"Async Capable": false,"Join Type": "Inner","Startup Cost": 7.38,"Total Cost": 244.58,"Plan Rows": 400,"Plan Width": 4,"Actual Startup Time": 0.156,"Actual Total Time": 1.780,"Actual Rows": 390,"Actual Loops": 1,"Inner Unique": false,"Plans": [{"Node Type": "Seq Scan","Parent Relationship": "Outer","Parallel Aware": false,"Async Capable": false,"Relation Name": "nation","Alias": "nation_1","Startup Cost": 0.00,"Total Cost": 1.31,"Plan Rows": 1,"Plan Width": 4,"Actual Startup Time": 0.025,"Actual Total Time": 0.037,"Actual Rows": 1,"Actual Loops": 1,"Filter": "(n_name = 'UNITED KINGDOM'::bpchar)","Rows Removed by Filter": 24},{"Node Type": "Bitmap Heap Scan","Parent Relationship": "Inner","Parallel Aware": false,"Async Capable": false,"Relation Name": "supplier","Alias": "supplier_1","Startup Cost": 7.38,"Total Cost": 239.27,"Plan Rows": 400,"Plan Width": 8,"Actual Startup Time": 0.111,"Actual Total Time": 1.680,"Actual Rows": 390,"Actual Loops": 1,"Recheck Cond": "(s_nationkey = nation_1.n_nationkey)","Rows Removed by Index Recheck": 0,"Exact Heap Blocks": 190,"Lossy Heap Blocks": 0,"Plans": [{"Node Type": "Bitmap Index Scan","Parent Relationship": "Outer","Parallel Aware": false,"Async Capable": false,"Index Name": "idx_supplier_nation_key","Startup Cost": 0.00,"Total Cost": 7.29,"Plan Rows": 400,"Plan Width": 0,"Actual Startup Time": 0.075,"Actual Total Time": 0.080,"Actual Rows": 390,"Actual Loops": 1,"Index Cond": "(s_nationkey = nation_1.n_nationkey)"}]}]},{"Node Type": "Index Scan","Parent Relationship": "Inner","Parallel Aware": false,"Async Capable": false,"Scan Direction": "Forward","Index Name": "idx_partsupp_suppkey","Relation Name": "partsupp","Alias": "partsupp_1","Startup Cost": 0.42,"Total Cost": 9.07,"Plan Rows": 80,"Plan Width": 14,"Actual Startup Time": 0.014,"Actual Total Time": 0.293,"Actual Rows": 80,"Actual Loops": 390,"Index Cond": "(ps_suppkey = supplier_1.s_suppkey)","Rows Removed by Index Recheck": 0}]}]},{"Node Type": "Aggregate","Strategy": "Hashed","Partial Mode": "Simple","Parent Relationship": "Outer","Parallel Aware": false,"Async Capable": false,"Startup Cost": 4514.26,"Total Cost": 4994.26,"Plan Rows": 10667,"Plan Width": 36,"Actual Startup Time": 365.366,"Actual Total Time": 434.999,"Actual Rows": 1089,"Actual Loops": 1,"Group Key": ["partsupp.ps_partkey"],"Filter": "(sum((partsupp.ps_supplycost * (partsupp.ps_availqty)::numeric)) > $2)","Planned Partitions": 0,"HashAgg Batches": 1,"Peak Memory Usage": 17937,"Disk Usage": 0,"Rows Removed by Filter": 28366,"Plans": [{"Node Type": "Nested Loop","Parent Relationship": "Outer","Parallel Aware": false,"Async Capable": false,"Join Type": "Inner","Startup Cost": 7.81,"Total Cost": 4194.26,"Plan Rows": 32000,"Plan Width": 14,"Actual Startup Time": 0.273,"Actual Total Time": 195.557,"Actual Rows": 31200,"Actual Loops": 1,"Inner Unique": false,"Plans": [{"Node Type": "Nested Loop","Parent Relationship": "Outer","Parallel Aware": false,"Async Capable": false,"Join Type": "Inner","Startup Cost": 7.38,"Total Cost": 244.58,"Plan Rows": 400,"Plan Width": 4,"Actual Startup Time": 0.244,"Actual Total Time": 2.901,"Actual Rows": 390,"Actual Loops": 1,"Inner Unique": false,"Plans": [{"Node Type": "Seq Scan","Parent Relationship": "Outer","Parallel Aware": false,"Async Capable": false,"Relation Name": "nation","Alias": "nation","Startup Cost": 0.00,"Total Cost": 1.31,"Plan Rows": 1,"Plan Width": 4,"Actual Startup Time": 0.065,"Actual Total Time": 0.084,"Actual Rows": 1,"Actual Loops": 1,"Filter": "(n_name = 'UNITED KINGDOM'::bpchar)","Rows Removed by Filter": 24},{"Node Type": "Bitmap Heap Scan","Parent Relationship": "Inner","Parallel Aware": false,"Async Capable": false,"Relation Name": "supplier","Alias": "supplier","Startup Cost": 7.38,"Total Cost": 239.27,"Plan Rows": 400,"Plan Width": 8,"Actual Startup Time": 0.171,"Actual Total Time": 2.762,"Actual Rows": 390,"Actual Loops": 1,"Recheck Cond": "(s_nationkey = nation.n_nationkey)","Rows Removed by Index Recheck": 0,"Exact Heap Blocks": 190,"Lossy Heap Blocks": 0,"Plans": [{"Node Type": "Bitmap Index Scan","Parent Relationship": "Outer","Parallel Aware": false,"Async Capable": false,"Index Name": "idx_supplier_nation_key","Startup Cost": 0.00,"Total Cost": 7.29,"Plan Rows": 400,"Plan Width": 0,"Actual Startup Time": 0.123,"Actual Total Time": 0.123,"Actual Rows": 390,"Actual Loops": 1,"Index Cond": "(s_nationkey = nation.n_nationkey)"}]}]},{"Node Type": "Index Scan","Parent Relationship": "Inner","Parallel Aware": false,"Async Capable": false,"Scan Direction": "Forward","Index Name": "idx_partsupp_suppkey","Relation Name": "partsupp","Alias": "partsupp","Startup Cost": 0.42,"Total Cost": 9.07,"Plan Rows": 80,"Plan Width": 18,"Actual Startup Time": 0.020,"Actual Total Time": 0.482,"Actual Rows": 80,"Actual Loops": 390,"Index Cond": "(ps_suppkey = supplier.s_suppkey)","Rows Removed by Index Recheck": 0}]}]}]},"Planning Time": 6.575,"Triggers": [],"Execution Time": 439.057}]
[{"Plan": {"Node Type": "Sort","Parallel Aware": false,"Async Capable": false,"Startup Cost": 10142.20,"Total Cost": 10168.87,"Plan Rows": 10667,"Plan Width": 36,"Actual Startup Time": 400.788,"Actual Total Time": 400.942,"Actual Rows": 1469,"Actual Loops": 1,"Sort Key": ["(sum((partsupp.ps_supplycost * (partsupp.ps_availqty)::numeric))) DESC"],"Sort Method": "quicksort","Sort Space Used": 129,"Sort Space Type": "Memory","Plans": [{"Node Type": "Aggregate","Strategy": "Plain","Partial Mode": "Simple","Parent Relationship": "InitPlan","Subplan Name": "InitPlan 1 (returns $2)","Parallel Aware": false,"Async Capable": false,"Startup Cost": 4434.26,"Total Cost": 4434.27,"Plan Rows": 1,"Plan Width": 32,"Actual Startup Time": 117.250,"Actual Total Time": 117.272,"Actual Rows": 1,"Actual Loops": 1,"Plans": [{"Node Type": "Nested Loop","Parent Relationship": "Outer","Parallel Aware": false,"Async Capable": false,"Join Type": "Inner","Startup Cost": 7.81,"Total Cost": 4194.26,"Plan Rows": 32000,"Plan Width": 10,"Actual Startup Time": 0.216,"Actual Total Time": 110.575,"Actual Rows": 28960,"Actual Loops": 1,"Inner Unique": false,"Plans": [{"Node Type": "Nested Loop","Parent Relationship": "Outer","Parallel Aware": false,"Async Capable": false,"Join Type": "Inner","Startup Cost": 7.38,"Total Cost": 244.58,"Plan Rows": 400,"Plan Width": 4,"Actual Startup Time": 0.161,"Actual Total Time": 1.515,"Actual Rows": 362,"Actual Loops": 1,"Inner Unique": false,"Plans": [{"Node Type": "Seq Scan","Parent Relationship": "Outer","Parallel Aware": false,"Async Capable": false,"Relation Name": "nation","Alias": "nation_1","Startup Cost": 0.00,"Total Cost": 1.31,"Plan Rows": 1,"Plan Width": 4,"Actual Startup Time": 0.032,"Actual Total Time": 0.051,"Actual Rows": 1,"Actual Loops": 1,"Filter": "(n_name = 'JORDAN'::bpchar)","Rows Removed by Filter": 24},{"Node Type": "Bitmap Heap Scan","Parent Relationship": "Inner","Parallel Aware": false,"Async Capable": false,"Relation Name": "supplier","Alias": "supplier_1","Startup Cost": 7.38,"Total Cost": 239.27,"Plan Rows": 400,"Plan Width": 8,"Actual Startup Time": 0.117,"Actual Total Time": 1.415,"Actual Rows": 362,"Actual Loops": 1,"Recheck Cond": "(s_nationkey = nation_1.n_nationkey)","Rows Removed by Index Recheck": 0,"Exact Heap Blocks": 166,"Lossy Heap Blocks": 0,"Plans": [{"Node Type": "Bitmap Index Scan","Parent Relationship": "Outer","Parallel Aware": false,"Async Capable": false,"Index Name": "idx_supplier_nation_key","Startup Cost": 0.00,"Total Cost": 7.29,"Plan Rows": 400,"Plan Width": 0,"Actual Startup Time": 0.075,"Actual Total Time": 0.079,"Actual Rows": 362,"Actual Loops": 1,"Index Cond": "(s_nationkey = nation_1.n_nationkey)"}]}]},{"Node Type": "Index Scan","Parent Relationship": "Inner","Parallel Aware": false,"Async Capable": false,"Scan Direction": "Forward","Index Name": "idx_partsupp_suppkey","Relation Name": "partsupp","Alias": "partsupp_1","Startup Cost": 0.42,"Total Cost": 9.07,"Plan Rows": 80,"Plan Width": 14,"Actual Startup Time": 0.014,"Actual Total Time": 0.289,"Actual Rows": 80,"Actual Loops": 362,"Index Cond": "(ps_suppkey = supplier_1.s_suppkey)","Rows Removed by Index Recheck": 0}]}]},{"Node Type": "Aggregate","Strategy": "Hashed","Partial Mode": "Simple","Parent Relationship": "Outer","Parallel Aware": false,"Async Capable": false,"Startup Cost": 4514.26,"Total Cost": 4994.26,"Plan Rows": 10667,"Plan Width": 36,"Actual Startup Time": 338.606,"Actual Total Time": 400.138,"Actual Rows": 1469,"Actual Loops": 1,"Group Key": ["partsupp.ps_partkey"],"Filter": "(sum((partsupp.ps_supplycost * (partsupp.ps_availqty)::numeric)) > $2)","Planned Partitions": 0,"HashAgg Batches": 1,"Peak Memory Usage": 17937,"Disk Usage": 0,"Rows Removed by Filter": 25896,"Plans": [{"Node Type": "Nested Loop","Parent Relationship": "Outer","Parallel Aware": false,"Async Capable": false,"Join Type": "Inner","Startup Cost": 7.81,"Total Cost": 4194.26,"Plan Rows": 32000,"Plan Width": 14,"Actual Startup Time": 0.314,"Actual Total Time": 181.118,"Actual Rows": 28960,"Actual Loops": 1,"Inner Unique": false,"Plans": [{"Node Type": "Nested Loop","Parent Relationship": "Outer","Parallel Aware": false,"Async Capable": false,"Join Type": "Inner","Startup Cost": 7.38,"Total Cost": 244.58,"Plan Rows": 400,"Plan Width": 4,"Actual Startup Time": 0.258,"Actual Total Time": 2.692,"Actual Rows": 362,"Actual Loops": 1,"Inner Unique": false,"Plans": [{"Node Type": "Seq Scan","Parent Relationship": "Outer","Parallel Aware": false,"Async Capable": false,"Relation Name": "nation","Alias": "nation","Startup Cost": 0.00,"Total Cost": 1.31,"Plan Rows": 1,"Plan Width": 4,"Actual Startup Time": 0.077,"Actual Total Time": 0.107,"Actual Rows": 1,"Actual Loops": 1,"Filter": "(n_name = 'JORDAN'::bpchar)","Rows Removed by Filter": 24},{"Node Type": "Bitmap Heap Scan","Parent Relationship": "Inner","Parallel Aware": false,"Async Capable": false,"Relation Name": "supplier","Alias": "supplier","Startup Cost": 7.38,"Total Cost": 239.27,"Plan Rows": 400,"Plan Width": 8,"Actual Startup Time": 0.172,"Actual Total Time": 2.539,"Actual Rows": 362,"Actual Loops": 1,"Recheck Cond": "(s_nationkey = nation.n_nationkey)","Rows Removed by Index Recheck": 0,"Exact Heap Blocks": 166,"Lossy Heap Blocks": 0,"Plans": [{"Node Type": "Bitmap Index Scan","Parent Relationship": "Outer","Parallel Aware": false,"Async Capable": false,"Index Name": "idx_supplier_nation_key","Startup Cost": 0.00,"Total Cost": 7.29,"Plan Rows": 400,"Plan Width": 0,"Actual Startup Time": 0.117,"Actual Total Time": 0.118,"Actual Rows": 362,"Actual Loops": 1,"Index Cond": "(s_nationkey = nation.n_nationkey)"}]}]},{"Node Type": "Index Scan","Parent Relationship": "Inner","Parallel Aware": false,"Async Capable": false,"Scan Direction": "Forward","Index Name": "idx_partsupp_suppkey","Relation Name": "partsupp","Alias": "partsupp","Startup Cost": 0.42,"Total Cost": 9.07,"Plan Rows": 80,"Plan Width": 18,"Actual Startup Time": 0.019,"Actual Total Time": 0.481,"Actual Rows": 80,"Actual Loops": 362,"Index Cond": "(ps_suppkey = supplier.s_suppkey)","Rows Removed by Index Recheck": 0}]}]}]},"Planning Time": 6.843,"Triggers": [],"Execution Time": 403.999}]
[{"Plan": {"Node Type": "Sort","Parallel Aware": false,"Async Capable": false,"Startup Cost": 10142.20,"Total Cost": 10168.87,"Plan Rows": 10667,"Plan Width": 36,"Actual Startup Time": 455.847,"Actual Total Time": 455.976,"Actual Rows": 819,"Actual Loops": 1,"Sort Key": ["(sum((partsupp.ps_supplycost * (partsupp.ps_availqty)::numeric))) DESC"],"Sort Method": "quicksort","Sort Space Used": 69,"Sort Space Type": "Memory","Plans": [{"Node Type": "Aggregate","Strategy": "Plain","Partial Mode": "Simple","Parent Relationship": "InitPlan","Subplan Name": "InitPlan 1 (returns $2)","Parallel Aware": false,"Async Capable": false,"Startup Cost": 4434.26,"Total Cost": 4434.27,"Plan Rows": 1,"Plan Width": 32,"Actual Startup Time": 134.080,"Actual Total Time": 134.102,"Actual Rows": 1,"Actual Loops": 1,"Plans": [{"Node Type": "Nested Loop","Parent Relationship": "Outer","Parallel Aware": false,"Async Capable": false,"Join Type": "Inner","Startup Cost": 7.81,"Total Cost": 4194.26,"Plan Rows": 32000,"Plan Width": 10,"Actual Startup Time": 0.218,"Actual Total Time": 126.423,"Actual Rows": 32960,"Actual Loops": 1,"Inner Unique": false,"Plans": [{"Node Type": "Nested Loop","Parent Relationship": "Outer","Parallel Aware": false,"Async Capable": false,"Join Type": "Inner","Startup Cost": 7.38,"Total Cost": 244.58,"Plan Rows": 400,"Plan Width": 4,"Actual Startup Time": 0.177,"Actual Total Time": 1.887,"Actual Rows": 412,"Actual Loops": 1,"Inner Unique": false,"Plans": [{"Node Type": "Seq Scan","Parent Relationship": "Outer","Parallel Aware": false,"Async Capable": false,"Relation Name": "nation","Alias": "nation_1","Startup Cost": 0.00,"Total Cost": 1.31,"Plan Rows": 1,"Plan Width": 4,"Actual Startup Time": 0.040,"Actual Total Time": 0.063,"Actual Rows": 1,"Actual Loops": 1,"Filter": "(n_name = 'CANADA'::bpchar)","Rows Removed by Filter": 24},{"Node Type": "Bitmap Heap Scan","Parent Relationship": "Inner","Parallel Aware": false,"Async Capable": false,"Relation Name": "supplier","Alias": "supplier_1","Startup Cost": 7.38,"Total Cost": 239.27,"Plan Rows": 400,"Plan Width": 8,"Actual Startup Time": 0.119,"Actual Total Time": 1.753,"Actual Rows": 412,"Actual Loops": 1,"Recheck Cond": "(s_nationkey = nation_1.n_nationkey)","Rows Removed by Index Recheck": 0,"Exact Heap Blocks": 189,"Lossy Heap Blocks": 0,"Plans": [{"Node Type": "Bitmap Index Scan","Parent Relationship": "Outer","Parallel Aware": false,"Async Capable": false,"Index Name": "idx_supplier_nation_key","Startup Cost": 0.00,"Total Cost": 7.29,"Plan Rows": 400,"Plan Width": 0,"Actual Startup Time": 0.074,"Actual Total Time": 0.083,"Actual Rows": 412,"Actual Loops": 1,"Index Cond": "(s_nationkey = nation_1.n_nationkey)"}]}]},{"Node Type": "Index Scan","Parent Relationship": "Inner","Parallel Aware": false,"Async Capable": false,"Scan Direction": "Forward","Index Name": "idx_partsupp_suppkey","Relation Name": "partsupp","Alias": "partsupp_1","Startup Cost": 0.42,"Total Cost": 9.07,"Plan Rows": 80,"Plan Width": 14,"Actual Startup Time": 0.014,"Actual Total Time": 0.290,"Actual Rows": 80,"Actual Loops": 412,"Index Cond": "(ps_suppkey = supplier_1.s_suppkey)","Rows Removed by Index Recheck": 0}]}]},{"Node Type": "Aggregate","Strategy": "Hashed","Partial Mode": "Simple","Parent Relationship": "Outer","Parallel Aware": false,"Async Capable": false,"Startup Cost": 4514.26,"Total Cost": 4994.26,"Plan Rows": 10667,"Plan Width": 36,"Actual Startup Time": 380.948,"Actual Total Time": 455.394,"Actual Rows": 819,"Actual Loops": 1,"Group Key": ["partsupp.ps_partkey"],"Filter": "(sum((partsupp.ps_supplycost * (partsupp.ps_availqty)::numeric)) > $2)","Planned Partitions": 0,"HashAgg Batches": 1,"Peak Memory Usage": 17937,"Disk Usage": 0,"Rows Removed by Filter": 30166,"Plans": [{"Node Type": "Nested Loop","Parent Relationship": "Outer","Parallel Aware": false,"Async Capable": false,"Join Type": "Inner","Startup Cost": 7.81,"Total Cost": 4194.26,"Plan Rows": 32000,"Plan Width": 14,"Actual Startup Time": 0.343,"Actual Total Time": 202.198,"Actual Rows": 32960,"Actual Loops": 1,"Inner Unique": false,"Plans": [{"Node Type": "Nested Loop","Parent Relationship": "Outer","Parallel Aware": false,"Async Capable": false,"Join Type": "Inner","Startup Cost": 7.38,"Total Cost": 244.58,"Plan Rows": 400,"Plan Width": 4,"Actual Startup Time": 0.272,"Actual Total Time": 2.740,"Actual Rows": 412,"Actual Loops": 1,"Inner Unique": false,"Plans": [{"Node Type": "Seq Scan","Parent Relationship": "Outer","Parallel Aware": false,"Async Capable": false,"Relation Name": "nation","Alias": "nation","Startup Cost": 0.00,"Total Cost": 1.31,"Plan Rows": 1,"Plan Width": 4,"Actual Startup Time": 0.064,"Actual Total Time": 0.078,"Actual Rows": 1,"Actual Loops": 1,"Filter": "(n_name = 'CANADA'::bpchar)","Rows Removed by Filter": 24},{"Node Type": "Bitmap Heap Scan","Parent Relationship": "Inner","Parallel Aware": false,"Async Capable": false,"Relation Name": "supplier","Alias": "supplier","Startup Cost": 7.38,"Total Cost": 239.27,"Plan Rows": 400,"Plan Width": 8,"Actual Startup Time": 0.203,"Actual Total Time": 2.610,"Actual Rows": 412,"Actual Loops": 1,"Recheck Cond": "(s_nationkey = nation.n_nationkey)","Rows Removed by Index Recheck": 0,"Exact Heap Blocks": 189,"Lossy Heap Blocks": 0,"Plans": [{"Node Type": "Bitmap Index Scan","Parent Relationship": "Outer","Parallel Aware": false,"Async Capable": false,"Index Name": "idx_supplier_nation_key","Startup Cost": 0.00,"Total Cost": 7.29,"Plan Rows": 400,"Plan Width": 0,"Actual Startup Time": 0.140,"Actual Total Time": 0.142,"Actual Rows": 412,"Actual Loops": 1,"Index Cond": "(s_nationkey = nation.n_nationkey)"}]}]},{"Node Type": "Index Scan","Parent Relationship": "Inner","Parallel Aware": false,"Async Capable": false,"Scan Direction": "Forward","Index Name": "idx_partsupp_suppkey","Relation Name": "partsupp","Alias": "partsupp","Startup Cost": 0.42,"Total Cost": 9.07,"Plan Rows": 80,"Plan Width": 18,"Actual Startup Time": 0.019,"Actual Total Time": 0.472,"Actual Rows": 80,"Actual Loops": 412,"Index Cond": "(ps_suppkey = supplier.s_suppkey)","Rows Removed by Index Recheck": 0}]}]}]},"Planning Time": 7.565,"Triggers": [],"Execution Time": 459.165}]
[{"Plan": {"Node Type": "Sort","Parallel Aware": false,"Async Capable": false,"Startup Cost": 10142.20,"Total Cost": 10168.87,"Plan Rows": 10667,"Plan Width": 36,"Actual Startup Time": 438.718,"Actual Total Time": 438.846,"Actual Rows": 919,"Actual Loops": 1,"Sort Key": ["(sum((partsupp.ps_supplycost * (partsupp.ps_availqty)::numeric))) DESC"],"Sort Method": "quicksort","Sort Space Used": 75,"Sort Space Type": "Memory","Plans": [{"Node Type": "Aggregate","Strategy": "Plain","Partial Mode": "Simple","Parent Relationship": "InitPlan","Subplan Name": "InitPlan 1 (returns $2)","Parallel Aware": false,"Async Capable": false,"Startup Cost": 4434.26,"Total Cost": 4434.27,"Plan Rows": 1,"Plan Width": 32,"Actual Startup Time": 130.550,"Actual Total Time": 130.572,"Actual Rows": 1,"Actual Loops": 1,"Plans": [{"Node Type": "Nested Loop","Parent Relationship": "Outer","Parallel Aware": false,"Async Capable": false,"Join Type": "Inner","Startup Cost": 7.81,"Total Cost": 4194.26,"Plan Rows": 32000,"Plan Width": 10,"Actual Startup Time": 0.239,"Actual Total Time": 123.231,"Actual Rows": 32080,"Actual Loops": 1,"Inner Unique": false,"Plans": [{"Node Type": "Nested Loop","Parent Relationship": "Outer","Parallel Aware": false,"Async Capable": false,"Join Type": "Inner","Startup Cost": 7.38,"Total Cost": 244.58,"Plan Rows": 400,"Plan Width": 4,"Actual Startup Time": 0.189,"Actual Total Time": 1.751,"Actual Rows": 401,"Actual Loops": 1,"Inner Unique": false,"Plans": [{"Node Type": "Seq Scan","Parent Relationship": "Outer","Parallel Aware": false,"Async Capable": false,"Relation Name": "nation","Alias": "nation_1","Startup Cost": 0.00,"Total Cost": 1.31,"Plan Rows": 1,"Plan Width": 4,"Actual Startup Time": 0.044,"Actual Total Time": 0.061,"Actual Rows": 1,"Actual Loops": 1,"Filter": "(n_name = 'RUSSIA'::bpchar)","Rows Removed by Filter": 24},{"Node Type": "Bitmap Heap Scan","Parent Relationship": "Inner","Parallel Aware": false,"Async Capable": false,"Relation Name": "supplier","Alias": "supplier_1","Startup Cost": 7.38,"Total Cost": 239.27,"Plan Rows": 400,"Plan Width": 8,"Actual Startup Time": 0.130,"Actual Total Time": 1.632,"Actual Rows": 401,"Actual Loops": 1,"Recheck Cond": "(s_nationkey = nation_1.n_nationkey)","Rows Removed by Index Recheck": 0,"Exact Heap Blocks": 180,"Lossy Heap Blocks": 0,"Plans": [{"Node Type": "Bitmap Index Scan","Parent Relationship": "Outer","Parallel Aware": false,"Async Capable": false,"Index Name": "idx_supplier_nation_key","Startup Cost": 0.00,"Total Cost": 7.29,"Plan Rows": 400,"Plan Width": 0,"Actual Startup Time": 0.092,"Actual Total Time": 0.094,"Actual Rows": 401,"Actual Loops": 1,"Index Cond": "(s_nationkey = nation_1.n_nationkey)"}]}]},{"Node Type": "Index Scan","Parent Relationship": "Inner","Parallel Aware": false,"Async Capable": false,"Scan Direction": "Forward","Index Name": "idx_partsupp_suppkey","Relation Name": "partsupp","Alias": "partsupp_1","Startup Cost": 0.42,"Total Cost": 9.07,"Plan Rows": 80,"Plan Width": 14,"Actual Startup Time": 0.014,"Actual Total Time": 0.291,"Actual Rows": 80,"Actual Loops": 401,"Index Cond": "(ps_suppkey = supplier_1.s_suppkey)","Rows Removed by Index Recheck": 0}]}]},{"Node Type": "Aggregate","Strategy": "Hashed","Partial Mode": "Simple","Parent Relationship": "Outer","Parallel Aware": false,"Async Capable": false,"Startup Cost": 4514.26,"Total Cost": 4994.26,"Plan Rows": 10667,"Plan Width": 36,"Actual Startup Time": 367.075,"Actual Total Time": 438.260,"Actual Rows": 919,"Actual Loops": 1,"Group Key": ["partsupp.ps_partkey"],"Filter": "(sum((partsupp.ps_supplycost * (partsupp.ps_availqty)::numeric)) > $2)","Planned Partitions": 0,"HashAgg Batches": 1,"Peak Memory Usage": 17937,"Disk Usage": 0,"Rows Removed by Filter": 29289,"Plans": [{"Node Type": "Nested Loop","Parent Relationship": "Outer","Parallel Aware": false,"Async Capable": false,"Join Type": "Inner","Startup Cost": 7.81,"Total Cost": 4194.26,"Plan Rows": 32000,"Plan Width": 14,"Actual Startup Time": 0.388,"Actual Total Time": 194.500,"Actual Rows": 32080,"Actual Loops": 1,"Inner Unique": false,"Plans": [{"Node Type": "Nested Loop","Parent Relationship": "Outer","Parallel Aware": false,"Async Capable": false,"Join Type": "Inner","Startup Cost": 7.38,"Total Cost": 244.58,"Plan Rows": 400,"Plan Width": 4,"Actual Startup Time": 0.281,"Actual Total Time": 2.675,"Actual Rows": 401,"Actual Loops": 1,"Inner Unique": false,"Plans": [{"Node Type": "Seq Scan","Parent Relationship": "Outer","Parallel Aware": false,"Async Capable": false,"Relation Name": "nation","Alias": "nation","Startup Cost": 0.00,"Total Cost": 1.31,"Plan Rows": 1,"Plan Width": 4,"Actual Startup Time": 0.057,"Actual Total Time": 0.080,"Actual Rows": 1,"Actual Loops": 1,"Filter": "(n_name = 'RUSSIA'::bpchar)","Rows Removed by Filter": 24},{"Node Type": "Bitmap Heap Scan","Parent Relationship": "Inner","Parallel Aware": false,"Async Capable": false,"Relation Name": "supplier","Alias": "supplier","Startup Cost": 7.38,"Total Cost": 239.27,"Plan Rows": 400,"Plan Width": 8,"Actual Startup Time": 0.220,"Actual Total Time": 2.546,"Actual Rows": 401,"Actual Loops": 1,"Recheck Cond": "(s_nationkey = nation.n_nationkey)","Rows Removed by Index Recheck": 0,"Exact Heap Blocks": 180,"Lossy Heap Blocks": 0,"Plans": [{"Node Type": "Bitmap Index Scan","Parent Relationship": "Outer","Parallel Aware": false,"Async Capable": false,"Index Name": "idx_supplier_nation_key","Startup Cost": 0.00,"Total Cost": 7.29,"Plan Rows": 400,"Plan Width": 0,"Actual Startup Time": 0.151,"Actual Total Time": 0.154,"Actual Rows": 401,"Actual Loops": 1,"Index Cond": "(s_nationkey = nation.n_nationkey)"}]}]},{"Node Type": "Index Scan","Parent Relationship": "Inner","Parallel Aware": false,"Async Capable": false,"Scan Direction": "Forward","Index Name": "idx_partsupp_suppkey","Relation Name": "partsupp","Alias": "partsupp","Startup Cost": 0.42,"Total Cost": 9.07,"Plan Rows": 80,"Plan Width": 18,"Actual Startup Time": 0.018,"Actual Total Time": 0.467,"Actual Rows": 80,"Actual Loops": 401,"Index Cond": "(ps_suppkey = supplier.s_suppkey)","Rows Removed by Index Recheck": 0}]}]}]},"Planning Time": 6.216,"Triggers": [],"Execution Time": 442.343}]
[{"Plan": {"Node Type": "Sort","Parallel Aware": false,"Async Capable": false,"Startup Cost": 10142.20,"Total Cost": 10168.87,"Plan Rows": 10667,"Plan Width": 36,"Actual Startup Time": 452.788,"Actual Total Time": 452.912,"Actual Rows": 869,"Actual Loops": 1,"Sort Key": ["(sum((partsupp.ps_supplycost * (partsupp.ps_availqty)::numeric))) DESC"],"Sort Method": "quicksort","Sort Space Used": 72,"Sort Space Type": "Memory","Plans": [{"Node Type": "Aggregate","Strategy": "Plain","Partial Mode": "Simple","Parent Relationship": "InitPlan","Subplan Name": "InitPlan 1 (returns $2)","Parallel Aware": false,"Async Capable": false,"Startup Cost": 4434.26,"Total Cost": 4434.27,"Plan Rows": 1,"Plan Width": 32,"Actual Startup Time": 133.523,"Actual Total Time": 133.544,"Actual Rows": 1,"Actual Loops": 1,"Plans": [{"Node Type": "Nested Loop","Parent Relationship": "Outer","Parallel Aware": false,"Async Capable": false,"Join Type": "Inner","Startup Cost": 7.81,"Total Cost": 4194.26,"Plan Rows": 32000,"Plan Width": 10,"Actual Startup Time": 0.165,"Actual Total Time": 126.080,"Actual Rows": 32560,"Actual Loops": 1,"Inner Unique": false,"Plans": [{"Node Type": "Nested Loop","Parent Relationship": "Outer","Parallel Aware": false,"Async Capable": false,"Join Type": "Inner","Startup Cost": 7.38,"Total Cost": 244.58,"Plan Rows": 400,"Plan Width": 4,"Actual Startup Time": 0.133,"Actual Total Time": 1.798,"Actual Rows": 407,"Actual Loops": 1,"Inner Unique": false,"Plans": [{"Node Type": "Seq Scan","Parent Relationship": "Outer","Parallel Aware": false,"Async Capable": false,"Relation Name": "nation","Alias": "nation_1","Startup Cost": 0.00,"Total Cost": 1.31,"Plan Rows": 1,"Plan Width": 4,"Actual Startup Time": 0.028,"Actual Total Time": 0.044,"Actual Rows": 1,"Actual Loops": 1,"Filter": "(n_name = 'CHINA'::bpchar)","Rows Removed by Filter": 24},{"Node Type": "Bitmap Heap Scan","Parent Relationship": "Inner","Parallel Aware": false,"Async Capable": false,"Relation Name": "supplier","Alias": "supplier_1","Startup Cost": 7.38,"Total Cost": 239.27,"Plan Rows": 400,"Plan Width": 8,"Actual Startup Time": 0.091,"Actual Total Time": 1.697,"Actual Rows": 407,"Actual Loops": 1,"Recheck Cond": "(s_nationkey = nation_1.n_nationkey)","Rows Removed by Index Recheck": 0,"Exact Heap Blocks": 186,"Lossy Heap Blocks": 0,"Plans": [{"Node Type": "Bitmap Index Scan","Parent Relationship": "Outer","Parallel Aware": false,"Async Capable": false,"Index Name": "idx_supplier_nation_key","Startup Cost": 0.00,"Total Cost": 7.29,"Plan Rows": 400,"Plan Width": 0,"Actual Startup Time": 0.055,"Actual Total Time": 0.061,"Actual Rows": 407,"Actual Loops": 1,"Index Cond": "(s_nationkey = nation_1.n_nationkey)"}]}]},{"Node Type": "Index Scan","Parent Relationship": "Inner","Parallel Aware": false,"Async Capable": false,"Scan Direction": "Forward","Index Name": "idx_partsupp_suppkey","Relation Name": "partsupp","Alias": "partsupp_1","Startup Cost": 0.42,"Total Cost": 9.07,"Plan Rows": 80,"Plan Width": 14,"Actual Startup Time": 0.014,"Actual Total Time": 0.293,"Actual Rows": 80,"Actual Loops": 407,"Index Cond": "(ps_suppkey = supplier_1.s_suppkey)","Rows Removed by Index Recheck": 0}]}]},{"Node Type": "Aggregate","Strategy": "Hashed","Partial Mode": "Simple","Parent Relationship": "Outer","Parallel Aware": false,"Async Capable": false,"Startup Cost": 4514.26,"Total Cost": 4994.26,"Plan Rows": 10667,"Plan Width": 36,"Actual Startup Time": 377.714,"Actual Total Time": 452.344,"Actual Rows": 869,"Actual Loops": 1,"Group Key": ["partsupp.ps_partkey"],"Filter": "(sum((partsupp.ps_supplycost * (partsupp.ps_availqty)::numeric)) > $2)","Planned Partitions": 0,"HashAgg Batches": 1,"Peak Memory Usage": 17937,"Disk Usage": 0,"Rows Removed by Filter": 29770,"Plans": [{"Node Type": "Nested Loop","Parent Relationship": "Outer","Parallel Aware": false,"Async Capable": false,"Join Type": "Inner","Startup Cost": 7.81,"Total Cost": 4194.26,"Plan Rows": 32000,"Plan Width": 14,"Actual Startup Time": 0.336,"Actual Total Time": 203.001,"Actual Rows": 32560,"Actual Loops": 1,"Inner Unique": false,"Plans": [{"Node Type": "Nested Loop","Parent Relationship": "Outer","Parallel Aware": false,"Async Capable": false,"Join Type": "Inner","Startup Cost": 7.38,"Total Cost": 244.58,"Plan Rows": 400,"Plan Width": 4,"Actual Startup Time": 0.273,"Actual Total Time": 2.796,"Actual Rows": 407,"Actual Loops": 1,"Inner Unique": false,"Plans": [{"Node Type": "Seq Scan","Parent Relationship": "Outer","Parallel Aware": false,"Async Capable": false,"Relation Name": "nation","Alias": "nation","Startup Cost": 0.00,"Total Cost": 1.31,"Plan Rows": 1,"Plan Width": 4,"Actual Startup Time": 0.063,"Actual Total Time": 0.079,"Actual Rows": 1,"Actual Loops": 1,"Filter": "(n_name = 'CHINA'::bpchar)","Rows Removed by Filter": 24},{"Node Type": "Bitmap Heap Scan","Parent Relationship": "Inner","Parallel Aware": false,"Async Capable": false,"Relation Name": "supplier","Alias": "supplier","Startup Cost": 7.38,"Total Cost": 239.27,"Plan Rows": 400,"Plan Width": 8,"Actual Startup Time": 0.204,"Actual Total Time": 2.666,"Actual Rows": 407,"Actual Loops": 1,"Recheck Cond": "(s_nationkey = nation.n_nationkey)","Rows Removed by Index Recheck": 0,"Exact Heap Blocks": 186,"Lossy Heap Blocks": 0,"Plans": [{"Node Type": "Bitmap Index Scan","Parent Relationship": "Outer","Parallel Aware": false,"Async Capable": false,"Index Name": "idx_supplier_nation_key","Startup Cost": 0.00,"Total Cost": 7.29,"Plan Rows": 400,"Plan Width": 0,"Actual Startup Time": 0.129,"Actual Total Time": 0.129,"Actual Rows": 407,"Actual Loops": 1,"Index Cond": "(s_nationkey = nation.n_nationkey)"}]}]},{"Node Type": "Index Scan","Parent Relationship": "Inner","Parallel Aware": false,"Async Capable": false,"Scan Direction": "Forward","Index Name": "idx_partsupp_suppkey","Relation Name": "partsupp","Alias": "partsupp","Startup Cost": 0.42,"Total Cost": 9.07,"Plan Rows": 80,"Plan Width": 18,"Actual Startup Time": 0.020,"Actual Total Time": 0.480,"Actual Rows": 80,"Actual Loops": 407,"Index Cond": "(ps_suppkey = supplier.s_suppkey)","Rows Removed by Index Recheck": 0}]}]}]},"Planning Time": 7.317,"Triggers": [],"Execution Time": 456.700}]
[{"Plan": {"Node Type": "Sort","Parallel Aware": false,"Async Capable": false,"Startup Cost": 10142.20,"Total Cost": 10168.87,"Plan Rows": 10667,"Plan Width": 36,"Actual Startup Time": 455.847,"Actual Total Time": 455.976,"Actual Rows": 819,"Actual Loops": 1,"Sort Key": ["(sum((partsupp.ps_supplycost * (partsupp.ps_availqty)::numeric))) DESC"],"Sort Method": "quicksort","Sort Space Used": 69,"Sort Space Type": "Memory","Plans": [{"Node Type": "Aggregate","Strategy": "Plain","Partial Mode": "Simple","Parent Relationship": "InitPlan","Subplan Name": "InitPlan 1 (returns $2)","Parallel Aware": false,"Async Capable": false,"Startup Cost": 4434.26,"Total Cost": 4434.27,"Plan Rows": 1,"Plan Width": 32,"Actual Startup Time": 134.080,"Actual Total Time": 134.102,"Actual Rows": 1,"Actual Loops": 1,"Plans": [{"Node Type": "Nested Loop","Parent Relationship": "Outer","Parallel Aware": false,"Async Capable": false,"Join Type": "Inner","Startup Cost": 7.81,"Total Cost": 4194.26,"Plan Rows": 32000,"Plan Width": 10,"Actual Startup Time": 0.218,"Actual Total Time": 126.423,"Actual Rows": 32960,"Actual Loops": 1,"Inner Unique": false,"Plans": [{"Node Type": "Nested Loop","Parent Relationship": "Outer","Parallel Aware": false,"Async Capable": false,"Join Type": "Inner","Startup Cost": 7.38,"Total Cost": 244.58,"Plan Rows": 400,"Plan Width": 4,"Actual Startup Time": 0.177,"Actual Total Time": 1.887,"Actual Rows": 412,"Actual Loops": 1,"Inner Unique": false,"Plans": [{"Node Type": "Seq Scan","Parent Relationship": "Outer","Parallel Aware": false,"Async Capable": false,"Relation Name": "nation","Alias": "nation_1","Startup Cost": 0.00,"Total Cost": 1.31,"Plan Rows": 1,"Plan Width": 4,"Actual Startup Time": 0.040,"Actual Total Time": 0.063,"Actual Rows": 1,"Actual Loops": 1,"Filter": "(n_name = 'CANADA'::bpchar)","Rows Removed by Filter": 24},{"Node Type": "Bitmap Heap Scan","Parent Relationship": "Inner","Parallel Aware": false,"Async Capable": false,"Relation Name": "supplier","Alias": "supplier_1","Startup Cost": 7.38,"Total Cost": 239.27,"Plan Rows": 400,"Plan Width": 8,"Actual Startup Time": 0.119,"Actual Total Time": 1.753,"Actual Rows": 412,"Actual Loops": 1,"Recheck Cond": "(s_nationkey = nation_1.n_nationkey)","Rows Removed by Index Recheck": 0,"Exact Heap Blocks": 189,"Lossy Heap Blocks": 0,"Plans": [{"Node Type": "Bitmap Index Scan","Parent Relationship": "Outer","Parallel Aware": false,"Async Capable": false,"Index Name": "idx_supplier_nation_key","Startup Cost": 0.00,"Total Cost": 7.29,"Plan Rows": 400,"Plan Width": 0,"Actual Startup Time": 0.074,"Actual Total Time": 0.083,"Actual Rows": 412,"Actual Loops": 1,"Index Cond": "(s_nationkey = nation_1.n_nationkey)"}]}]},{"Node Type": "Index Scan","Parent Relationship": "Inner","Parallel Aware": false,"Async Capable": false,"Scan Direction": "Forward","Index Name": "idx_partsupp_suppkey","Relation Name": "partsupp","Alias": "partsupp_1","Startup Cost": 0.42,"Total Cost": 9.07,"Plan Rows": 80,"Plan Width": 14,"Actual Startup Time": 0.014,"Actual Total Time": 0.290,"Actual Rows": 80,"Actual Loops": 412,"Index Cond": "(ps_suppkey = supplier_1.s_suppkey)","Rows Removed by Index Recheck": 0}]}]},{"Node Type": "Aggregate","Strategy": "Hashed","Partial Mode": "Simple","Parent Relationship": "Outer","Parallel Aware": false,"Async Capable": false,"Startup Cost": 4514.26,"Total Cost": 4994.26,"Plan Rows": 10667,"Plan Width": 36,"Actual Startup Time": 380.948,"Actual Total Time": 455.394,"Actual Rows": 819,"Actual Loops": 1,"Group Key": ["partsupp.ps_partkey"],"Filter": "(sum((partsupp.ps_supplycost * (partsupp.ps_availqty)::numeric)) > $2)","Planned Partitions": 0,"HashAgg Batches": 1,"Peak Memory Usage": 17937,"Disk Usage": 0,"Rows Removed by Filter": 30166,"Plans": [{"Node Type": "Nested Loop","Parent Relationship": "Outer","Parallel Aware": false,"Async Capable": false,"Join Type": "Inner","Startup Cost": 7.81,"Total Cost": 4194.26,"Plan Rows": 32000,"Plan Width": 14,"Actual Startup Time": 0.343,"Actual Total Time": 202.198,"Actual Rows": 32960,"Actual Loops": 1,"Inner Unique": false,"Plans": [{"Node Type": "Nested Loop","Parent Relationship": "Outer","Parallel Aware": false,"Async Capable": false,"Join Type": "Inner","Startup Cost": 7.38,"Total Cost": 244.58,"Plan Rows": 400,"Plan Width": 4,"Actual Startup Time": 0.272,"Actual Total Time": 2.740,"Actual Rows": 412,"Actual Loops": 1,"Inner Unique": false,"Plans": [{"Node Type": "Seq Scan","Parent Relationship": "Outer","Parallel Aware": false,"Async Capable": false,"Relation Name": "nation","Alias": "nation","Startup Cost": 0.00,"Total Cost": 1.31,"Plan Rows": 1,"Plan Width": 4,"Actual Startup Time": 0.064,"Actual Total Time": 0.078,"Actual Rows": 1,"Actual Loops": 1,"Filter": "(n_name = 'CANADA'::bpchar)","Rows Removed by Filter": 24},{"Node Type": "Bitmap Heap Scan","Parent Relationship": "Inner","Parallel Aware": false,"Async Capable": false,"Relation Name": "supplier","Alias": "supplier","Startup Cost": 7.38,"Total Cost": 239.27,"Plan Rows": 400,"Plan Width": 8,"Actual Startup Time": 0.203,"Actual Total Time": 2.610,"Actual Rows": 412,"Actual Loops": 1,"Recheck Cond": "(s_nationkey = nation.n_nationkey)","Rows Removed by Index Recheck": 0,"Exact Heap Blocks": 189,"Lossy Heap Blocks": 0,"Plans": [{"Node Type": "Bitmap Index Scan","Parent Relationship": "Outer","Parallel Aware": false,"Async Capable": false,"Index Name": "idx_supplier_nation_key","Startup Cost": 0.00,"Total Cost": 7.29,"Plan Rows": 400,"Plan Width": 0,"Actual Startup Time": 0.140,"Actual Total Time": 0.142,"Actual Rows": 412,"Actual Loops": 1,"Index Cond": "(s_nationkey = nation.n_nationkey)"}]}]},{"Node Type": "Index Scan","Parent Relationship": "Inner","Parallel Aware": false,"Async Capable": false,"Scan Direction": "Forward","Index Name": "idx_partsupp_suppkey","Relation Name": "partsupp","Alias": "partsupp","Startup Cost": 0.42,"Total Cost": 9.07,"Plan Rows": 80,"Plan Width": 18,"Actual Startup Time": 0.019,"Actual Total Time": 0.472,"Actual Rows": 80,"Actual Loops": 412,"Index Cond": "(ps_suppkey = supplier.s_suppkey)","Rows Removed by Index Recheck": 0}]}]}]},"Planning Time": 7.565,"Triggers": [],"Execution Time": 459.165}]
[{"Plan": {"Node Type": "Sort","Parallel Aware": false,"Async Capable": false,"Startup Cost": 10142.20,"Total Cost": 10168.87,"Plan Rows": 10667,"Plan Width": 36,"Actual Startup Time": 460.124,"Actual Total Time": 460.279,"Actual Rows": 753,"Actual Loops": 1,"Sort Key": ["(sum((partsupp.ps_supplycost * (partsupp.ps_availqty)::numeric))) DESC"],"Sort Method": "quicksort","Sort Space Used": 66,"Sort Space Type": "Memory","Plans": [{"Node Type": "Aggregate","Strategy": "Plain","Partial Mode": "Simple","Parent Relationship": "InitPlan","Subplan Name": "InitPlan 1 (returns $2)","Parallel Aware": false,"Async Capable": false,"Startup Cost": 4434.26,"Total Cost": 4434.27,"Plan Rows": 1,"Plan Width": 32,"Actual Startup Time": 134.377,"Actual Total Time": 134.409,"Actual Rows": 1,"Actual Loops": 1,"Plans": [{"Node Type": "Nested Loop","Parent Relationship": "Outer","Parallel Aware": false,"Async Capable": false,"Join Type": "Inner","Startup Cost": 7.81,"Total Cost": 4194.26,"Plan Rows": 32000,"Plan Width": 10,"Actual Startup Time": 0.237,"Actual Total Time": 126.748,"Actual Rows": 33200,"Actual Loops": 1,"Inner Unique": false,"Plans": [{"Node Type": "Nested Loop","Parent Relationship": "Outer","Parallel Aware": false,"Async Capable": false,"Join Type": "Inner","Startup Cost": 7.38,"Total Cost": 244.58,"Plan Rows": 400,"Plan Width": 4,"Actual Startup Time": 0.181,"Actual Total Time": 1.854,"Actual Rows": 415,"Actual Loops": 1,"Inner Unique": false,"Plans": [{"Node Type": "Seq Scan","Parent Relationship": "Outer","Parallel Aware": false,"Async Capable": false,"Relation Name": "nation","Alias": "nation_1","Startup Cost": 0.00,"Total Cost": 1.31,"Plan Rows": 1,"Plan Width": 4,"Actual Startup Time": 0.049,"Actual Total Time": 0.067,"Actual Rows": 1,"Actual Loops": 1,"Filter": "(n_name = 'INDIA'::bpchar)","Rows Removed by Filter": 24},{"Node Type": "Bitmap Heap Scan","Parent Relationship": "Inner","Parallel Aware": false,"Async Capable": false,"Relation Name": "supplier","Alias": "supplier_1","Startup Cost": 7.38,"Total Cost": 239.27,"Plan Rows": 400,"Plan Width": 8,"Actual Startup Time": 0.112,"Actual Total Time": 1.723,"Actual Rows": 415,"Actual Loops": 1,"Recheck Cond": "(s_nationkey = nation_1.n_nationkey)","Rows Removed by Index Recheck": 0,"Exact Heap Blocks": 186,"Lossy Heap Blocks": 0,"Plans": [{"Node Type": "Bitmap Index Scan","Parent Relationship": "Outer","Parallel Aware": false,"Async Capable": false,"Index Name": "idx_supplier_nation_key","Startup Cost": 0.00,"Total Cost": 7.29,"Plan Rows": 400,"Plan Width": 0,"Actual Startup Time": 0.076,"Actual Total Time": 0.083,"Actual Rows": 415,"Actual Loops": 1,"Index Cond": "(s_nationkey = nation_1.n_nationkey)"}]}]},{"Node Type": "Index Scan","Parent Relationship": "Inner","Parallel Aware": false,"Async Capable": false,"Scan Direction": "Forward","Index Name": "idx_partsupp_suppkey","Relation Name": "partsupp","Alias": "partsupp_1","Startup Cost": 0.42,"Total Cost": 9.07,"Plan Rows": 80,"Plan Width": 14,"Actual Startup Time": 0.014,"Actual Total Time": 0.289,"Actual Rows": 80,"Actual Loops": 415,"Index Cond": "(ps_suppkey = supplier_1.s_suppkey)","Rows Removed by Index Recheck": 0}]}]},{"Node Type": "Aggregate","Strategy": "Hashed","Partial Mode": "Simple","Parent Relationship": "Outer","Parallel Aware": false,"Async Capable": false,"Startup Cost": 4514.26,"Total Cost": 4994.26,"Plan Rows": 10667,"Plan Width": 36,"Actual Startup Time": 384.255,"Actual Total Time": 459.696,"Actual Rows": 753,"Actual Loops": 1,"Group Key": ["partsupp.ps_partkey"],"Filter": "(sum((partsupp.ps_supplycost * (partsupp.ps_availqty)::numeric)) > $2)","Planned Partitions": 0,"HashAgg Batches": 1,"Peak Memory Usage": 17937,"Disk Usage": 0,"Rows Removed by Filter": 30329,"Plans": [{"Node Type": "Nested Loop","Parent Relationship": "Outer","Parallel Aware": false,"Async Capable": false,"Join Type": "Inner","Startup Cost": 7.81,"Total Cost": 4194.26,"Plan Rows": 32000,"Plan Width": 14,"Actual Startup Time": 0.331,"Actual Total Time": 205.215,"Actual Rows": 33200,"Actual Loops": 1,"Inner Unique": false,"Plans": [{"Node Type": "Nested Loop","Parent Relationship": "Outer","Parallel Aware": false,"Async Capable": false,"Join Type": "Inner","Startup Cost": 7.38,"Total Cost": 244.58,"Plan Rows": 400,"Plan Width": 4,"Actual Startup Time": 0.285,"Actual Total Time": 2.795,"Actual Rows": 415,"Actual Loops": 1,"Inner Unique": false,"Plans": [{"Node Type": "Seq Scan","Parent Relationship": "Outer","Parallel Aware": false,"Async Capable": false,"Relation Name": "nation","Alias": "nation","Startup Cost": 0.00,"Total Cost": 1.31,"Plan Rows": 1,"Plan Width": 4,"Actual Startup Time": 0.073,"Actual Total Time": 0.100,"Actual Rows": 1,"Actual Loops": 1,"Filter": "(n_name = 'INDIA'::bpchar)","Rows Removed by Filter": 24},{"Node Type": "Bitmap Heap Scan","Parent Relationship": "Inner","Parallel Aware": false,"Async Capable": false,"Relation Name": "supplier","Alias": "supplier","Startup Cost": 7.38,"Total Cost": 239.27,"Plan Rows": 400,"Plan Width": 8,"Actual Startup Time": 0.206,"Actual Total Time": 2.634,"Actual Rows": 415,"Actual Loops": 1,"Recheck Cond": "(s_nationkey = nation.n_nationkey)","Rows Removed by Index Recheck": 0,"Exact Heap Blocks": 186,"Lossy Heap Blocks": 0,"Plans": [{"Node Type": "Bitmap Index Scan","Parent Relationship": "Outer","Parallel Aware": false,"Async Capable": false,"Index Name": "idx_supplier_nation_key","Startup Cost": 0.00,"Total Cost": 7.29,"Plan Rows": 400,"Plan Width": 0,"Actual Startup Time": 0.132,"Actual Total Time": 0.135,"Actual Rows": 415,"Actual Loops": 1,"Index Cond": "(s_nationkey = nation.n_nationkey)"}]}]},{"Node Type": "Index Scan","Parent Relationship": "Inner","Parallel Aware": false,"Async Capable": false,"Scan Direction": "Forward","Index Name": "idx_partsupp_suppkey","Relation Name": "partsupp","Alias": "partsupp","Startup Cost": 0.42,"Total Cost": 9.07,"Plan Rows": 80,"Plan Width": 18,"Actual Startup Time": 0.019,"Actual Total Time": 0.476,"Actual Rows": 80,"Actual Loops": 415,"Index Cond": "(ps_suppkey = supplier.s_suppkey)","Rows Removed by Index Recheck": 0}]}]}]},"Planning Time": 5.856,"Triggers": [],"Execution Time": 463.781}]
[{"Plan": {"Node Type": "Sort","Parallel Aware": false,"Async Capable": false,"Startup Cost": 10142.20,"Total Cost": 10168.87,"Plan Rows": 10667,"Plan Width": 36,"Actual Startup Time": 448.613,"Actual Total Time": 448.730,"Actual Rows": 888,"Actual Loops": 1,"Sort Key": ["(sum((partsupp.ps_supplycost * (partsupp.ps_availqty)::numeric))) DESC"],"Sort Method": "quicksort","Sort Space Used": 73,"Sort Space Type": "Memory","Plans": [{"Node Type": "Aggregate","Strategy": "Plain","Partial Mode": "Simple","Parent Relationship": "InitPlan","Subplan Name": "InitPlan 1 (returns $2)","Parallel Aware": false,"Async Capable": false,"Startup Cost": 4434.26,"Total Cost": 4434.27,"Plan Rows": 1,"Plan Width": 32,"Actual Startup Time": 133.715,"Actual Total Time": 133.740,"Actual Rows": 1,"Actual Loops": 1,"Plans": [{"Node Type": "Nested Loop","Parent Relationship": "Outer","Parallel Aware": false,"Async Capable": false,"Join Type": "Inner","Startup Cost": 7.81,"Total Cost": 4194.26,"Plan Rows": 32000,"Plan Width": 10,"Actual Startup Time": 0.220,"Actual Total Time": 126.229,"Actual Rows": 32400,"Actual Loops": 1,"Inner Unique": false,"Plans": [{"Node Type": "Nested Loop","Parent Relationship": "Outer","Parallel Aware": false,"Async Capable": false,"Join Type": "Inner","Startup Cost": 7.38,"Total Cost": 244.58,"Plan Rows": 400,"Plan Width": 4,"Actual Startup Time": 0.174,"Actual Total Time": 1.918,"Actual Rows": 405,"Actual Loops": 1,"Inner Unique": false,"Plans": [{"Node Type": "Seq Scan","Parent Relationship": "Outer","Parallel Aware": false,"Async Capable": false,"Relation Name": "nation","Alias": "nation_1","Startup Cost": 0.00,"Total Cost": 1.31,"Plan Rows": 1,"Plan Width": 4,"Actual Startup Time": 0.049,"Actual Total Time": 0.070,"Actual Rows": 1,"Actual Loops": 1,"Filter": "(n_name = 'INDONESIA'::bpchar)","Rows Removed by Filter": 24},{"Node Type": "Bitmap Heap Scan","Parent Relationship": "Inner","Parallel Aware": false,"Async Capable": false,"Relation Name": "supplier","Alias": "supplier_1","Startup Cost": 7.38,"Total Cost": 239.27,"Plan Rows": 400,"Plan Width": 8,"Actual Startup Time": 0.105,"Actual Total Time": 1.781,"Actual Rows": 405,"Actual Loops": 1,"Recheck Cond": "(s_nationkey = nation_1.n_nationkey)","Rows Removed by Index Recheck": 0,"Exact Heap Blocks": 192,"Lossy Heap Blocks": 0,"Plans": [{"Node Type": "Bitmap Index Scan","Parent Relationship": "Outer","Parallel Aware": false,"Async Capable": false,"Index Name": "idx_supplier_nation_key","Startup Cost": 0.00,"Total Cost": 7.29,"Plan Rows": 400,"Plan Width": 0,"Actual Startup Time": 0.069,"Actual Total Time": 0.075,"Actual Rows": 405,"Actual Loops": 1,"Index Cond": "(s_nationkey = nation_1.n_nationkey)"}]}]},{"Node Type": "Index Scan","Parent Relationship": "Inner","Parallel Aware": false,"Async Capable": false,"Scan Direction": "Forward","Index Name": "idx_partsupp_suppkey","Relation Name": "partsupp","Alias": "partsupp_1","Startup Cost": 0.42,"Total Cost": 9.07,"Plan Rows": 80,"Plan Width": 14,"Actual Startup Time": 0.014,"Actual Total Time": 0.294,"Actual Rows": 80,"Actual Loops": 405,"Index Cond": "(ps_suppkey = supplier_1.s_suppkey)","Rows Removed by Index Recheck": 0}]}]},{"Node Type": "Aggregate","Strategy": "Hashed","Partial Mode": "Simple","Parent Relationship": "Outer","Parallel Aware": false,"Async Capable": false,"Startup Cost": 4514.26,"Total Cost": 4994.26,"Plan Rows": 10667,"Plan Width": 36,"Actual Startup Time": 376.503,"Actual Total Time": 448.157,"Actual Rows": 888,"Actual Loops": 1,"Group Key": ["partsupp.ps_partkey"],"Filter": "(sum((partsupp.ps_supplycost * (partsupp.ps_availqty)::numeric)) > $2)","Planned Partitions": 0,"HashAgg Batches": 1,"Peak Memory Usage": 17937,"Disk Usage": 0,"Rows Removed by Filter": 29597,"Plans": [{"Node Type": "Nested Loop","Parent Relationship": "Outer","Parallel Aware": false,"Async Capable": false,"Join Type": "Inner","Startup Cost": 7.81,"Total Cost": 4194.26,"Plan Rows": 32000,"Plan Width": 14,"Actual Startup Time": 0.375,"Actual Total Time": 200.721,"Actual Rows": 32400,"Actual Loops": 1,"Inner Unique": false,"Plans": [{"Node Type": "Nested Loop","Parent Relationship": "Outer","Parallel Aware": false,"Async Capable": false,"Join Type": "Inner","Startup Cost": 7.38,"Total Cost": 244.58,"Plan Rows": 400,"Plan Width": 4,"Actual Startup Time": 0.269,"Actual Total Time": 2.791,"Actual Rows": 405,"Actual Loops": 1,"Inner Unique": false,"Plans": [{"Node Type": "Seq Scan","Parent Relationship": "Outer","Parallel Aware": false,"Async Capable": false,"Relation Name": "nation","Alias": "nation","Startup Cost": 0.00,"Total Cost": 1.31,"Plan Rows": 1,"Plan Width": 4,"Actual Startup Time": 0.076,"Actual Total Time": 0.092,"Actual Rows": 1,"Actual Loops": 1,"Filter": "(n_name = 'INDONESIA'::bpchar)","Rows Removed by Filter": 24},{"Node Type": "Bitmap Heap Scan","Parent Relationship": "Inner","Parallel Aware": false,"Async Capable": false,"Relation Name": "supplier","Alias": "supplier","Startup Cost": 7.38,"Total Cost": 239.27,"Plan Rows": 400,"Plan Width": 8,"Actual Startup Time": 0.187,"Actual Total Time": 2.648,"Actual Rows": 405,"Actual Loops": 1,"Recheck Cond": "(s_nationkey = nation.n_nationkey)","Rows Removed by Index Recheck": 0,"Exact Heap Blocks": 192,"Lossy Heap Blocks": 0,"Plans": [{"Node Type": "Bitmap Index Scan","Parent Relationship": "Outer","Parallel Aware": false,"Async Capable": false,"Index Name": "idx_supplier_nation_key","Startup Cost": 0.00,"Total Cost": 7.29,"Plan Rows": 400,"Plan Width": 0,"Actual Startup Time": 0.121,"Actual Total Time": 0.124,"Actual Rows": 405,"Actual Loops": 1,"Index Cond": "(s_nationkey = nation.n_nationkey)"}]}]},{"Node Type": "Index Scan","Parent Relationship": "Inner","Parallel Aware": false,"Async Capable": false,"Scan Direction": "Forward","Index Name": "idx_partsupp_suppkey","Relation Name": "partsupp","Alias": "partsupp","Startup Cost": 0.42,"Total Cost": 9.07,"Plan Rows": 80,"Plan Width": 18,"Actual Startup Time": 0.019,"Actual Total Time": 0.477,"Actual Rows": 80,"Actual Loops": 405,"Index Cond": "(ps_suppkey = supplier.s_suppkey)","Rows Removed by Index Recheck": 0}]}]}]},"Planning Time": 7.214,"Triggers": [],"Execution Time": 451.949}]
[{"Plan": {"Node Type": "Sort","Parallel Aware": false,"Async Capable": false,"Startup Cost": 10142.20,"Total Cost": 10168.87,"Plan Rows": 10667,"Plan Width": 36,"Actual Startup Time": 443.389,"Actual Total Time": 443.514,"Actual Rows": 1031,"Actual Loops": 1,"Sort Key": ["(sum((partsupp.ps_supplycost * (partsupp.ps_availqty)::numeric))) DESC"],"Sort Method": "quicksort","Sort Space Used": 105,"Sort Space Type": "Memory","Plans": [{"Node Type": "Aggregate","Strategy": "Plain","Partial Mode": "Simple","Parent Relationship": "InitPlan","Subplan Name": "InitPlan 1 (returns $2)","Parallel Aware": false,"Async Capable": false,"Startup Cost": 4434.26,"Total Cost": 4434.27,"Plan Rows": 1,"Plan Width": 32,"Actual Startup Time": 132.940,"Actual Total Time": 132.957,"Actual Rows": 1,"Actual Loops": 1,"Plans": [{"Node Type": "Nested Loop","Parent Relationship": "Outer","Parallel Aware": false,"Async Capable": false,"Join Type": "Inner","Startup Cost": 7.81,"Total Cost": 4194.26,"Plan Rows": 32000,"Plan Width": 10,"Actual Startup Time": 0.263,"Actual Total Time": 125.681,"Actual Rows": 31440,"Actual Loops": 1,"Inner Unique": false,"Plans": [{"Node Type": "Nested Loop","Parent Relationship": "Outer","Parallel Aware": false,"Async Capable": false,"Join Type": "Inner","Startup Cost": 7.38,"Total Cost": 244.58,"Plan Rows": 400,"Plan Width": 4,"Actual Startup Time": 0.205,"Actual Total Time": 1.775,"Actual Rows": 393,"Actual Loops": 1,"Inner Unique": false,"Plans": [{"Node Type": "Seq Scan","Parent Relationship": "Outer","Parallel Aware": false,"Async Capable": false,"Relation Name": "nation","Alias": "nation_1","Startup Cost": 0.00,"Total Cost": 1.31,"Plan Rows": 1,"Plan Width": 4,"Actual Startup Time": 0.056,"Actual Total Time": 0.062,"Actual Rows": 1,"Actual Loops": 1,"Filter": "(n_name = 'UNITED STATES'::bpchar)","Rows Removed by Filter": 24},{"Node Type": "Bitmap Heap Scan","Parent Relationship": "Inner","Parallel Aware": false,"Async Capable": false,"Relation Name": "supplier","Alias": "supplier_1","Startup Cost": 7.38,"Total Cost": 239.27,"Plan Rows": 400,"Plan Width": 8,"Actual Startup Time": 0.126,"Actual Total Time": 1.648,"Actual Rows": 393,"Actual Loops": 1,"Recheck Cond": "(s_nationkey = nation_1.n_nationkey)","Rows Removed by Index Recheck": 0,"Exact Heap Blocks": 181,"Lossy Heap Blocks": 0,"Plans": [{"Node Type": "Bitmap Index Scan","Parent Relationship": "Outer","Parallel Aware": false,"Async Capable": false,"Index Name": "idx_supplier_nation_key","Startup Cost": 0.00,"Total Cost": 7.29,"Plan Rows": 400,"Plan Width": 0,"Actual Startup Time": 0.087,"Actual Total Time": 0.091,"Actual Rows": 393,"Actual Loops": 1,"Index Cond": "(s_nationkey = nation_1.n_nationkey)"}]}]},{"Node Type": "Index Scan","Parent Relationship": "Inner","Parallel Aware": false,"Async Capable": false,"Scan Direction": "Forward","Index Name": "idx_partsupp_suppkey","Relation Name": "partsupp","Alias": "partsupp_1","Startup Cost": 0.42,"Total Cost": 9.07,"Plan Rows": 80,"Plan Width": 14,"Actual Startup Time": 0.015,"Actual Total Time": 0.303,"Actual Rows": 80,"Actual Loops": 393,"Index Cond": "(ps_suppkey = supplier_1.s_suppkey)","Rows Removed by Index Recheck": 0}]}]},{"Node Type": "Aggregate","Strategy": "Hashed","Partial Mode": "Simple","Parent Relationship": "Outer","Parallel Aware": false,"Async Capable": false,"Startup Cost": 4514.26,"Total Cost": 4994.26,"Plan Rows": 10667,"Plan Width": 36,"Actual Startup Time": 371.004,"Actual Total Time": 442.894,"Actual Rows": 1031,"Actual Loops": 1,"Group Key": ["partsupp.ps_partkey"],"Filter": "(sum((partsupp.ps_supplycost * (partsupp.ps_availqty)::numeric)) > $2)","Planned Partitions": 0,"HashAgg Batches": 1,"Peak Memory Usage": 17937,"Disk Usage": 0,"Rows Removed by Filter": 28434,"Plans": [{"Node Type": "Nested Loop","Parent Relationship": "Outer","Parallel Aware": false,"Async Capable": false,"Join Type": "Inner","Startup Cost": 7.81,"Total Cost": 4194.26,"Plan Rows": 32000,"Plan Width": 14,"Actual Startup Time": 0.317,"Actual Total Time": 191.179,"Actual Rows": 31440,"Actual Loops": 1,"Inner Unique": false,"Plans": [{"Node Type": "Nested Loop","Parent Relationship": "Outer","Parallel Aware": false,"Async Capable": false,"Join Type": "Inner","Startup Cost": 7.38,"Total Cost": 244.58,"Plan Rows": 400,"Plan Width": 4,"Actual Startup Time": 0.258,"Actual Total Time": 2.692,"Actual Rows": 393,"Actual Loops": 1,"Inner Unique": false,"Plans": [{"Node Type": "Seq Scan","Parent Relationship": "Outer","Parallel Aware": false,"Async Capable": false,"Relation Name": "nation","Alias": "nation","Startup Cost": 0.00,"Total Cost": 1.31,"Plan Rows": 1,"Plan Width": 4,"Actual Startup Time": 0.065,"Actual Total Time": 0.076,"Actual Rows": 1,"Actual Loops": 1,"Filter": "(n_name = 'UNITED STATES'::bpchar)","Rows Removed by Filter": 24},{"Node Type": "Bitmap Heap Scan","Parent Relationship": "Inner","Parallel Aware": false,"Async Capable": false,"Relation Name": "supplier","Alias": "supplier","Startup Cost": 7.38,"Total Cost": 239.27,"Plan Rows": 400,"Plan Width": 8,"Actual Startup Time": 0.185,"Actual Total Time": 2.562,"Actual Rows": 393,"Actual Loops": 1,"Recheck Cond": "(s_nationkey = nation.n_nationkey)","Rows Removed by Index Recheck": 0,"Exact Heap Blocks": 181,"Lossy Heap Blocks": 0,"Plans": [{"Node Type": "Bitmap Index Scan","Parent Relationship": "Outer","Parallel Aware": false,"Async Capable": false,"Index Name": "idx_supplier_nation_key","Startup Cost": 0.00,"Total Cost": 7.29,"Plan Rows": 400,"Plan Width": 0,"Actual Startup Time": 0.119,"Actual Total Time": 0.122,"Actual Rows": 393,"Actual Loops": 1,"Index Cond": "(s_nationkey = nation.n_nationkey)"}]}]},{"Node Type": "Index Scan","Parent Relationship": "Inner","Parallel Aware": false,"Async Capable": false,"Scan Direction": "Forward","Index Name": "idx_partsupp_suppkey","Relation Name": "partsupp","Alias": "partsupp","Startup Cost": 0.42,"Total Cost": 9.07,"Plan Rows": 80,"Plan Width": 18,"Actual Startup Time": 0.020,"Actual Total Time": 0.468,"Actual Rows": 80,"Actual Loops": 393,"Index Cond": "(ps_suppkey = supplier.s_suppkey)","Rows Removed by Index Recheck": 0}]}]}]},"Planning Time": 7.102,"Triggers": [],"Execution Time": 445.930}]
[{"Plan": {"Node Type": "Sort","Parallel Aware": false,"Async Capable": false,"Startup Cost": 10142.20,"Total Cost": 10168.87,"Plan Rows": 10667,"Plan Width": 36,"Actual Startup Time": 460.124,"Actual Total Time": 460.279,"Actual Rows": 753,"Actual Loops": 1,"Sort Key": ["(sum((partsupp.ps_supplycost * (partsupp.ps_availqty)::numeric))) DESC"],"Sort Method": "quicksort","Sort Space Used": 66,"Sort Space Type": "Memory","Plans": [{"Node Type": "Aggregate","Strategy": "Plain","Partial Mode": "Simple","Parent Relationship": "InitPlan","Subplan Name": "InitPlan 1 (returns $2)","Parallel Aware": false,"Async Capable": false,"Startup Cost": 4434.26,"Total Cost": 4434.27,"Plan Rows": 1,"Plan Width": 32,"Actual Startup Time": 134.377,"Actual Total Time": 134.409,"Actual Rows": 1,"Actual Loops": 1,"Plans": [{"Node Type": "Nested Loop","Parent Relationship": "Outer","Parallel Aware": false,"Async Capable": false,"Join Type": "Inner","Startup Cost": 7.81,"Total Cost": 4194.26,"Plan Rows": 32000,"Plan Width": 10,"Actual Startup Time": 0.237,"Actual Total Time": 126.748,"Actual Rows": 33200,"Actual Loops": 1,"Inner Unique": false,"Plans": [{"Node Type": "Nested Loop","Parent Relationship": "Outer","Parallel Aware": false,"Async Capable": false,"Join Type": "Inner","Startup Cost": 7.38,"Total Cost": 244.58,"Plan Rows": 400,"Plan Width": 4,"Actual Startup Time": 0.181,"Actual Total Time": 1.854,"Actual Rows": 415,"Actual Loops": 1,"Inner Unique": false,"Plans": [{"Node Type": "Seq Scan","Parent Relationship": "Outer","Parallel Aware": false,"Async Capable": false,"Relation Name": "nation","Alias": "nation_1","Startup Cost": 0.00,"Total Cost": 1.31,"Plan Rows": 1,"Plan Width": 4,"Actual Startup Time": 0.049,"Actual Total Time": 0.067,"Actual Rows": 1,"Actual Loops": 1,"Filter": "(n_name = 'INDIA'::bpchar)","Rows Removed by Filter": 24},{"Node Type": "Bitmap Heap Scan","Parent Relationship": "Inner","Parallel Aware": false,"Async Capable": false,"Relation Name": "supplier","Alias": "supplier_1","Startup Cost": 7.38,"Total Cost": 239.27,"Plan Rows": 400,"Plan Width": 8,"Actual Startup Time": 0.112,"Actual Total Time": 1.723,"Actual Rows": 415,"Actual Loops": 1,"Recheck Cond": "(s_nationkey = nation_1.n_nationkey)","Rows Removed by Index Recheck": 0,"Exact Heap Blocks": 186,"Lossy Heap Blocks": 0,"Plans": [{"Node Type": "Bitmap Index Scan","Parent Relationship": "Outer","Parallel Aware": false,"Async Capable": false,"Index Name": "idx_supplier_nation_key","Startup Cost": 0.00,"Total Cost": 7.29,"Plan Rows": 400,"Plan Width": 0,"Actual Startup Time": 0.076,"Actual Total Time": 0.083,"Actual Rows": 415,"Actual Loops": 1,"Index Cond": "(s_nationkey = nation_1.n_nationkey)"}]}]},{"Node Type": "Index Scan","Parent Relationship": "Inner","Parallel Aware": false,"Async Capable": false,"Scan Direction": "Forward","Index Name": "idx_partsupp_suppkey","Relation Name": "partsupp","Alias": "partsupp_1","Startup Cost": 0.42,"Total Cost": 9.07,"Plan Rows": 80,"Plan Width": 14,"Actual Startup Time": 0.014,"Actual Total Time": 0.289,"Actual Rows": 80,"Actual Loops": 415,"Index Cond": "(ps_suppkey = supplier_1.s_suppkey)","Rows Removed by Index Recheck": 0}]}]},{"Node Type": "Aggregate","Strategy": "Hashed","Partial Mode": "Simple","Parent Relationship": "Outer","Parallel Aware": false,"Async Capable": false,"Startup Cost": 4514.26,"Total Cost": 4994.26,"Plan Rows": 10667,"Plan Width": 36,"Actual Startup Time": 384.255,"Actual Total Time": 459.696,"Actual Rows": 753,"Actual Loops": 1,"Group Key": ["partsupp.ps_partkey"],"Filter": "(sum((partsupp.ps_supplycost * (partsupp.ps_availqty)::numeric)) > $2)","Planned Partitions": 0,"HashAgg Batches": 1,"Peak Memory Usage": 17937,"Disk Usage": 0,"Rows Removed by Filter": 30329,"Plans": [{"Node Type": "Nested Loop","Parent Relationship": "Outer","Parallel Aware": false,"Async Capable": false,"Join Type": "Inner","Startup Cost": 7.81,"Total Cost": 4194.26,"Plan Rows": 32000,"Plan Width": 14,"Actual Startup Time": 0.331,"Actual Total Time": 205.215,"Actual Rows": 33200,"Actual Loops": 1,"Inner Unique": false,"Plans": [{"Node Type": "Nested Loop","Parent Relationship": "Outer","Parallel Aware": false,"Async Capable": false,"Join Type": "Inner","Startup Cost": 7.38,"Total Cost": 244.58,"Plan Rows": 400,"Plan Width": 4,"Actual Startup Time": 0.285,"Actual Total Time": 2.795,"Actual Rows": 415,"Actual Loops": 1,"Inner Unique": false,"Plans": [{"Node Type": "Seq Scan","Parent Relationship": "Outer","Parallel Aware": false,"Async Capable": false,"Relation Name": "nation","Alias": "nation","Startup Cost": 0.00,"Total Cost": 1.31,"Plan Rows": 1,"Plan Width": 4,"Actual Startup Time": 0.073,"Actual Total Time": 0.100,"Actual Rows": 1,"Actual Loops": 1,"Filter": "(n_name = 'INDIA'::bpchar)","Rows Removed by Filter": 24},{"Node Type": "Bitmap Heap Scan","Parent Relationship": "Inner","Parallel Aware": false,"Async Capable": false,"Relation Name": "supplier","Alias": "supplier","Startup Cost": 7.38,"Total Cost": 239.27,"Plan Rows": 400,"Plan Width": 8,"Actual Startup Time": 0.206,"Actual Total Time": 2.634,"Actual Rows": 415,"Actual Loops": 1,"Recheck Cond": "(s_nationkey = nation.n_nationkey)","Rows Removed by Index Recheck": 0,"Exact Heap Blocks": 186,"Lossy Heap Blocks": 0,"Plans": [{"Node Type": "Bitmap Index Scan","Parent Relationship": "Outer","Parallel Aware": false,"Async Capable": false,"Index Name": "idx_supplier_nation_key","Startup Cost": 0.00,"Total Cost": 7.29,"Plan Rows": 400,"Plan Width": 0,"Actual Startup Time": 0.132,"Actual Total Time": 0.135,"Actual Rows": 415,"Actual Loops": 1,"Index Cond": "(s_nationkey = nation.n_nationkey)"}]}]},{"Node Type": "Index Scan","Parent Relationship": "Inner","Parallel Aware": false,"Async Capable": false,"Scan Direction": "Forward","Index Name": "idx_partsupp_suppkey","Relation Name": "partsupp","Alias": "partsupp","Startup Cost": 0.42,"Total Cost": 9.07,"Plan Rows": 80,"Plan Width": 18,"Actual Startup Time": 0.019,"Actual Total Time": 0.476,"Actual Rows": 80,"Actual Loops": 415,"Index Cond": "(ps_suppkey = supplier.s_suppkey)","Rows Removed by Index Recheck": 0}]}]}]},"Planning Time": 5.856,"Triggers": [],"Execution Time": 463.781}]
[{"Plan": {"Node Type": "Sort","Parallel Aware": false,"Async Capable": false,"Startup Cost": 10142.20,"Total Cost": 10168.87,"Plan Rows": 10667,"Plan Width": 36,"Actual Startup Time": 460.724,"Actual Total Time": 460.840,"Actual Rows": 741,"Actual Loops": 1,"Sort Key": ["(sum((partsupp.ps_supplycost * (partsupp.ps_availqty)::numeric))) DESC"],"Sort Method": "quicksort","Sort Space Used": 65,"Sort Space Type": "Memory","Plans": [{"Node Type": "Aggregate","Strategy": "Plain","Partial Mode": "Simple","Parent Relationship": "InitPlan","Subplan Name": "InitPlan 1 (returns $2)","Parallel Aware": false,"Async Capable": false,"Startup Cost": 4434.26,"Total Cost": 4434.27,"Plan Rows": 1,"Plan Width": 32,"Actual Startup Time": 132.110,"Actual Total Time": 132.136,"Actual Rows": 1,"Actual Loops": 1,"Plans": [{"Node Type": "Nested Loop","Parent Relationship": "Outer","Parallel Aware": false,"Async Capable": false,"Join Type": "Inner","Startup Cost": 7.81,"Total Cost": 4194.26,"Plan Rows": 32000,"Plan Width": 10,"Actual Startup Time": 0.212,"Actual Total Time": 124.425,"Actual Rows": 33680,"Actual Loops": 1,"Inner Unique": false,"Plans": [{"Node Type": "Nested Loop","Parent Relationship": "Outer","Parallel Aware": false,"Async Capable": false,"Join Type": "Inner","Startup Cost": 7.38,"Total Cost": 244.58,"Plan Rows": 400,"Plan Width": 4,"Actual Startup Time": 0.146,"Actual Total Time": 1.771,"Actual Rows": 421,"Actual Loops": 1,"Inner Unique": false,"Plans": [{"Node Type": "Seq Scan","Parent Relationship": "Outer","Parallel Aware": false,"Async Capable": false,"Relation Name": "nation","Alias": "nation_1","Startup Cost": 0.00,"Total Cost": 1.31,"Plan Rows": 1,"Plan Width": 4,"Actual Startup Time": 0.036,"Actual Total Time": 0.052,"Actual Rows": 1,"Actual Loops": 1,"Filter": "(n_name = 'PERU'::bpchar)","Rows Removed by Filter": 24},{"Node Type": "Bitmap Heap Scan","Parent Relationship": "Inner","Parallel Aware": false,"Async Capable": false,"Relation Name": "supplier","Alias": "supplier_1","Startup Cost": 7.38,"Total Cost": 239.27,"Plan Rows": 400,"Plan Width": 8,"Actual Startup Time": 0.097,"Actual Total Time": 1.663,"Actual Rows": 421,"Actual Loops": 1,"Recheck Cond": "(s_nationkey = nation_1.n_nationkey)","Rows Removed by Index Recheck": 0,"Exact Heap Blocks": 187,"Lossy Heap Blocks": 0,"Plans": [{"Node Type": "Bitmap Index Scan","Parent Relationship": "Outer","Parallel Aware": false,"Async Capable": false,"Index Name": "idx_supplier_nation_key","Startup Cost": 0.00,"Total Cost": 7.29,"Plan Rows": 400,"Plan Width": 0,"Actual Startup Time": 0.063,"Actual Total Time": 0.070,"Actual Rows": 421,"Actual Loops": 1,"Index Cond": "(s_nationkey = nation_1.n_nationkey)"}]}]},{"Node Type": "Index Scan","Parent Relationship": "Inner","Parallel Aware": false,"Async Capable": false,"Scan Direction": "Forward","Index Name": "idx_partsupp_suppkey","Relation Name": "partsupp","Alias": "partsupp_1","Startup Cost": 0.42,"Total Cost": 9.07,"Plan Rows": 80,"Plan Width": 14,"Actual Startup Time": 0.014,"Actual Total Time": 0.279,"Actual Rows": 80,"Actual Loops": 421,"Index Cond": "(ps_suppkey = supplier_1.s_suppkey)","Rows Removed by Index Recheck": 0}]}]},{"Node Type": "Aggregate","Strategy": "Hashed","Partial Mode": "Simple","Parent Relationship": "Outer","Parallel Aware": false,"Async Capable": false,"Startup Cost": 4514.26,"Total Cost": 4994.26,"Plan Rows": 10667,"Plan Width": 36,"Actual Startup Time": 384.508,"Actual Total Time": 460.301,"Actual Rows": 741,"Actual Loops": 1,"Group Key": ["partsupp.ps_partkey"],"Filter": "(sum((partsupp.ps_supplycost * (partsupp.ps_availqty)::numeric)) > $2)","Planned Partitions": 0,"HashAgg Batches": 1,"Peak Memory Usage": 17937,"Disk Usage": 0,"Rows Removed by Filter": 30846,"Plans": [{"Node Type": "Nested Loop","Parent Relationship": "Outer","Parallel Aware": false,"Async Capable": false,"Join Type": "Inner","Startup Cost": 7.81,"Total Cost": 4194.26,"Plan Rows": 32000,"Plan Width": 14,"Actual Startup Time": 0.389,"Actual Total Time": 205.243,"Actual Rows": 33680,"Actual Loops": 1,"Inner Unique": false,"Plans": [{"Node Type": "Nested Loop","Parent Relationship": "Outer","Parallel Aware": false,"Async Capable": false,"Join Type": "Inner","Startup Cost": 7.38,"Total Cost": 244.58,"Plan Rows": 400,"Plan Width": 4,"Actual Startup Time": 0.332,"Actual Total Time": 2.785,"Actual Rows": 421,"Actual Loops": 1,"Inner Unique": false,"Plans": [{"Node Type": "Seq Scan","Parent Relationship": "Outer","Parallel Aware": false,"Async Capable": false,"Relation Name": "nation","Alias": "nation","Startup Cost": 0.00,"Total Cost": 1.31,"Plan Rows": 1,"Plan Width": 4,"Actual Startup Time": 0.057,"Actual Total Time": 0.075,"Actual Rows": 1,"Actual Loops": 1,"Filter": "(n_name = 'PERU'::bpchar)","Rows Removed by Filter": 24},{"Node Type": "Bitmap Heap Scan","Parent Relationship": "Inner","Parallel Aware": false,"Async Capable": false,"Relation Name": "supplier","Alias": "supplier","Startup Cost": 7.38,"Total Cost": 239.27,"Plan Rows": 400,"Plan Width": 8,"Actual Startup Time": 0.270,"Actual Total Time": 2.660,"Actual Rows": 421,"Actual Loops": 1,"Recheck Cond": "(s_nationkey = nation.n_nationkey)","Rows Removed by Index Recheck": 0,"Exact Heap Blocks": 187,"Lossy Heap Blocks": 0,"Plans": [{"Node Type": "Bitmap Index Scan","Parent Relationship": "Outer","Parallel Aware": false,"Async Capable": false,"Index Name": "idx_supplier_nation_key","Startup Cost": 0.00,"Total Cost": 7.29,"Plan Rows": 400,"Plan Width": 0,"Actual Startup Time": 0.195,"Actual Total Time": 0.196,"Actual Rows": 421,"Actual Loops": 1,"Index Cond": "(s_nationkey = nation.n_nationkey)"}]}]},{"Node Type": "Index Scan","Parent Relationship": "Inner","Parallel Aware": false,"Async Capable": false,"Scan Direction": "Forward","Index Name": "idx_partsupp_suppkey","Relation Name": "partsupp","Alias": "partsupp","Startup Cost": 0.42,"Total Cost": 9.07,"Plan Rows": 80,"Plan Width": 18,"Actual Startup Time": 0.018,"Actual Total Time": 0.469,"Actual Rows": 80,"Actual Loops": 421,"Index Cond": "(ps_suppkey = supplier.s_suppkey)","Rows Removed by Index Recheck": 0}]}]}]},"Planning Time": 6.964,"Triggers": [],"Execution Time": 464.153}]
[{"Plan": {"Node Type": "Sort","Parallel Aware": false,"Async Capable": false,"Startup Cost": 10142.20,"Total Cost": 10168.87,"Plan Rows": 10667,"Plan Width": 36,"Actual Startup Time": 464.748,"Actual Total Time": 464.880,"Actual Rows": 665,"Actual Loops": 1,"Sort Key": ["(sum((partsupp.ps_supplycost * (partsupp.ps_availqty)::numeric))) DESC"],"Sort Method": "quicksort","Sort Space Used": 61,"Sort Space Type": "Memory","Plans": [{"Node Type": "Aggregate","Strategy": "Plain","Partial Mode": "Simple","Parent Relationship": "InitPlan","Subplan Name": "InitPlan 1 (returns $2)","Parallel Aware": false,"Async Capable": false,"Startup Cost": 4434.26,"Total Cost": 4434.27,"Plan Rows": 1,"Plan Width": 32,"Actual Startup Time": 134.444,"Actual Total Time": 134.478,"Actual Rows": 1,"Actual Loops": 1,"Plans": [{"Node Type": "Nested Loop","Parent Relationship": "Outer","Parallel Aware": false,"Async Capable": false,"Join Type": "Inner","Startup Cost": 7.81,"Total Cost": 4194.26,"Plan Rows": 32000,"Plan Width": 10,"Actual Startup Time": 0.195,"Actual Total Time": 126.758,"Actual Rows": 33600,"Actual Loops": 1,"Inner Unique": false,"Plans": [{"Node Type": "Nested Loop","Parent Relationship": "Outer","Parallel Aware": false,"Async Capable": false,"Join Type": "Inner","Startup Cost": 7.38,"Total Cost": 244.58,"Plan Rows": 400,"Plan Width": 4,"Actual Startup Time": 0.143,"Actual Total Time": 1.895,"Actual Rows": 420,"Actual Loops": 1,"Inner Unique": false,"Plans": [{"Node Type": "Seq Scan","Parent Relationship": "Outer","Parallel Aware": false,"Async Capable": false,"Relation Name": "nation","Alias": "nation_1","Startup Cost": 0.00,"Total Cost": 1.31,"Plan Rows": 1,"Plan Width": 4,"Actual Startup Time": 0.024,"Actual Total Time": 0.046,"Actual Rows": 1,"Actual Loops": 1,"Filter": "(n_name = 'ALGERIA'::bpchar)","Rows Removed by Filter": 24},{"Node Type": "Bitmap Heap Scan","Parent Relationship": "Inner","Parallel Aware": false,"Async Capable": false,"Relation Name": "supplier","Alias": "supplier_1","Startup Cost": 7.38,"Total Cost": 239.27,"Plan Rows": 400,"Plan Width": 8,"Actual Startup Time": 0.107,"Actual Total Time": 1.788,"Actual Rows": 420,"Actual Loops": 1,"Recheck Cond": "(s_nationkey = nation_1.n_nationkey)","Rows Removed by Index Recheck": 0,"Exact Heap Blocks": 197,"Lossy Heap Blocks": 0,"Plans": [{"Node Type": "Bitmap Index Scan","Parent Relationship": "Outer","Parallel Aware": false,"Async Capable": false,"Index Name": "idx_supplier_nation_key","Startup Cost": 0.00,"Total Cost": 7.29,"Plan Rows": 400,"Plan Width": 0,"Actual Startup Time": 0.069,"Actual Total Time": 0.076,"Actual Rows": 420,"Actual Loops": 1,"Index Cond": "(s_nationkey = nation_1.n_nationkey)"}]}]},{"Node Type": "Index Scan","Parent Relationship": "Inner","Parallel Aware": false,"Async Capable": false,"Scan Direction": "Forward","Index Name": "idx_partsupp_suppkey","Relation Name": "partsupp","Alias": "partsupp_1","Startup Cost": 0.42,"Total Cost": 9.07,"Plan Rows": 80,"Plan Width": 14,"Actual Startup Time": 0.014,"Actual Total Time": 0.285,"Actual Rows": 80,"Actual Loops": 420,"Index Cond": "(ps_suppkey = supplier_1.s_suppkey)","Rows Removed by Index Recheck": 0}]}]},{"Node Type": "Aggregate","Strategy": "Hashed","Partial Mode": "Simple","Parent Relationship": "Outer","Parallel Aware": false,"Async Capable": false,"Startup Cost": 4514.26,"Total Cost": 4994.26,"Plan Rows": 10667,"Plan Width": 36,"Actual Startup Time": 388.152,"Actual Total Time": 464.346,"Actual Rows": 665,"Actual Loops": 1,"Group Key": ["partsupp.ps_partkey"],"Filter": "(sum((partsupp.ps_supplycost * (partsupp.ps_availqty)::numeric)) > $2)","Planned Partitions": 0,"HashAgg Batches": 1,"Peak Memory Usage": 17937,"Disk Usage": 0,"Rows Removed by Filter": 30920,"Plans": [{"Node Type": "Nested Loop","Parent Relationship": "Outer","Parallel Aware": false,"Async Capable": false,"Join Type": "Inner","Startup Cost": 7.81,"Total Cost": 4194.26,"Plan Rows": 32000,"Plan Width": 14,"Actual Startup Time": 0.388,"Actual Total Time": 207.629,"Actual Rows": 33600,"Actual Loops": 1,"Inner Unique": false,"Plans": [{"Node Type": "Nested Loop","Parent Relationship": "Outer","Parallel Aware": false,"Async Capable": false,"Join Type": "Inner","Startup Cost": 7.38,"Total Cost": 244.58,"Plan Rows": 400,"Plan Width": 4,"Actual Startup Time": 0.274,"Actual Total Time": 2.984,"Actual Rows": 420,"Actual Loops": 1,"Inner Unique": false,"Plans": [{"Node Type": "Seq Scan","Parent Relationship": "Outer","Parallel Aware": false,"Async Capable": false,"Relation Name": "nation","Alias": "nation","Startup Cost": 0.00,"Total Cost": 1.31,"Plan Rows": 1,"Plan Width": 4,"Actual Startup Time": 0.081,"Actual Total Time": 0.099,"Actual Rows": 1,"Actual Loops": 1,"Filter": "(n_name = 'ALGERIA'::bpchar)","Rows Removed by Filter": 24},{"Node Type": "Bitmap Heap Scan","Parent Relationship": "Inner","Parallel Aware": false,"Async Capable": false,"Relation Name": "supplier","Alias": "supplier","Startup Cost": 7.38,"Total Cost": 239.27,"Plan Rows": 400,"Plan Width": 8,"Actual Startup Time": 0.184,"Actual Total Time": 2.823,"Actual Rows": 420,"Actual Loops": 1,"Recheck Cond": "(s_nationkey = nation.n_nationkey)","Rows Removed by Index Recheck": 0,"Exact Heap Blocks": 197,"Lossy Heap Blocks": 0,"Plans": [{"Node Type": "Bitmap Index Scan","Parent Relationship": "Outer","Parallel Aware": false,"Async Capable": false,"Index Name": "idx_supplier_nation_key","Startup Cost": 0.00,"Total Cost": 7.29,"Plan Rows": 400,"Plan Width": 0,"Actual Startup Time": 0.105,"Actual Total Time": 0.106,"Actual Rows": 420,"Actual Loops": 1,"Index Cond": "(s_nationkey = nation.n_nationkey)"}]}]},{"Node Type": "Index Scan","Parent Relationship": "Inner","Parallel Aware": false,"Async Capable": false,"Scan Direction": "Forward","Index Name": "idx_partsupp_suppkey","Relation Name": "partsupp","Alias": "partsupp","Startup Cost": 0.42,"Total Cost": 9.07,"Plan Rows": 80,"Plan Width": 18,"Actual Startup Time": 0.019,"Actual Total Time": 0.475,"Actual Rows": 80,"Actual Loops": 420,"Index Cond": "(ps_suppkey = supplier.s_suppkey)","Rows Removed by Index Recheck": 0}]}]}]},"Planning Time": 6.930,"Triggers": [],"Execution Time": 468.122}]
[{"Plan": {"Node Type": "Sort","Parallel Aware": false,"Async Capable": false,"Startup Cost": 10142.20,"Total Cost": 10168.87,"Plan Rows": 10667,"Plan Width": 36,"Actual Startup Time": 438.718,"Actual Total Time": 438.846,"Actual Rows": 919,"Actual Loops": 1,"Sort Key": ["(sum((partsupp.ps_supplycost * (partsupp.ps_availqty)::numeric))) DESC"],"Sort Method": "quicksort","Sort Space Used": 75,"Sort Space Type": "Memory","Plans": [{"Node Type": "Aggregate","Strategy": "Plain","Partial Mode": "Simple","Parent Relationship": "InitPlan","Subplan Name": "InitPlan 1 (returns $2)","Parallel Aware": false,"Async Capable": false,"Startup Cost": 4434.26,"Total Cost": 4434.27,"Plan Rows": 1,"Plan Width": 32,"Actual Startup Time": 130.550,"Actual Total Time": 130.572,"Actual Rows": 1,"Actual Loops": 1,"Plans": [{"Node Type": "Nested Loop","Parent Relationship": "Outer","Parallel Aware": false,"Async Capable": false,"Join Type": "Inner","Startup Cost": 7.81,"Total Cost": 4194.26,"Plan Rows": 32000,"Plan Width": 10,"Actual Startup Time": 0.239,"Actual Total Time": 123.231,"Actual Rows": 32080,"Actual Loops": 1,"Inner Unique": false,"Plans": [{"Node Type": "Nested Loop","Parent Relationship": "Outer","Parallel Aware": false,"Async Capable": false,"Join Type": "Inner","Startup Cost": 7.38,"Total Cost": 244.58,"Plan Rows": 400,"Plan Width": 4,"Actual Startup Time": 0.189,"Actual Total Time": 1.751,"Actual Rows": 401,"Actual Loops": 1,"Inner Unique": false,"Plans": [{"Node Type": "Seq Scan","Parent Relationship": "Outer","Parallel Aware": false,"Async Capable": false,"Relation Name": "nation","Alias": "nation_1","Startup Cost": 0.00,"Total Cost": 1.31,"Plan Rows": 1,"Plan Width": 4,"Actual Startup Time": 0.044,"Actual Total Time": 0.061,"Actual Rows": 1,"Actual Loops": 1,"Filter": "(n_name = 'RUSSIA'::bpchar)","Rows Removed by Filter": 24},{"Node Type": "Bitmap Heap Scan","Parent Relationship": "Inner","Parallel Aware": false,"Async Capable": false,"Relation Name": "supplier","Alias": "supplier_1","Startup Cost": 7.38,"Total Cost": 239.27,"Plan Rows": 400,"Plan Width": 8,"Actual Startup Time": 0.130,"Actual Total Time": 1.632,"Actual Rows": 401,"Actual Loops": 1,"Recheck Cond": "(s_nationkey = nation_1.n_nationkey)","Rows Removed by Index Recheck": 0,"Exact Heap Blocks": 180,"Lossy Heap Blocks": 0,"Plans": [{"Node Type": "Bitmap Index Scan","Parent Relationship": "Outer","Parallel Aware": false,"Async Capable": false,"Index Name": "idx_supplier_nation_key","Startup Cost": 0.00,"Total Cost": 7.29,"Plan Rows": 400,"Plan Width": 0,"Actual Startup Time": 0.092,"Actual Total Time": 0.094,"Actual Rows": 401,"Actual Loops": 1,"Index Cond": "(s_nationkey = nation_1.n_nationkey)"}]}]},{"Node Type": "Index Scan","Parent Relationship": "Inner","Parallel Aware": false,"Async Capable": false,"Scan Direction": "Forward","Index Name": "idx_partsupp_suppkey","Relation Name": "partsupp","Alias": "partsupp_1","Startup Cost": 0.42,"Total Cost": 9.07,"Plan Rows": 80,"Plan Width": 14,"Actual Startup Time": 0.014,"Actual Total Time": 0.291,"Actual Rows": 80,"Actual Loops": 401,"Index Cond": "(ps_suppkey = supplier_1.s_suppkey)","Rows Removed by Index Recheck": 0}]}]},{"Node Type": "Aggregate","Strategy": "Hashed","Partial Mode": "Simple","Parent Relationship": "Outer","Parallel Aware": false,"Async Capable": false,"Startup Cost": 4514.26,"Total Cost": 4994.26,"Plan Rows": 10667,"Plan Width": 36,"Actual Startup Time": 367.075,"Actual Total Time": 438.260,"Actual Rows": 919,"Actual Loops": 1,"Group Key": ["partsupp.ps_partkey"],"Filter": "(sum((partsupp.ps_supplycost * (partsupp.ps_availqty)::numeric)) > $2)","Planned Partitions": 0,"HashAgg Batches": 1,"Peak Memory Usage": 17937,"Disk Usage": 0,"Rows Removed by Filter": 29289,"Plans": [{"Node Type": "Nested Loop","Parent Relationship": "Outer","Parallel Aware": false,"Async Capable": false,"Join Type": "Inner","Startup Cost": 7.81,"Total Cost": 4194.26,"Plan Rows": 32000,"Plan Width": 14,"Actual Startup Time": 0.388,"Actual Total Time": 194.500,"Actual Rows": 32080,"Actual Loops": 1,"Inner Unique": false,"Plans": [{"Node Type": "Nested Loop","Parent Relationship": "Outer","Parallel Aware": false,"Async Capable": false,"Join Type": "Inner","Startup Cost": 7.38,"Total Cost": 244.58,"Plan Rows": 400,"Plan Width": 4,"Actual Startup Time": 0.281,"Actual Total Time": 2.675,"Actual Rows": 401,"Actual Loops": 1,"Inner Unique": false,"Plans": [{"Node Type": "Seq Scan","Parent Relationship": "Outer","Parallel Aware": false,"Async Capable": false,"Relation Name": "nation","Alias": "nation","Startup Cost": 0.00,"Total Cost": 1.31,"Plan Rows": 1,"Plan Width": 4,"Actual Startup Time": 0.057,"Actual Total Time": 0.080,"Actual Rows": 1,"Actual Loops": 1,"Filter": "(n_name = 'RUSSIA'::bpchar)","Rows Removed by Filter": 24},{"Node Type": "Bitmap Heap Scan","Parent Relationship": "Inner","Parallel Aware": false,"Async Capable": false,"Relation Name": "supplier","Alias": "supplier","Startup Cost": 7.38,"Total Cost": 239.27,"Plan Rows": 400,"Plan Width": 8,"Actual Startup Time": 0.220,"Actual Total Time": 2.546,"Actual Rows": 401,"Actual Loops": 1,"Recheck Cond": "(s_nationkey = nation.n_nationkey)","Rows Removed by Index Recheck": 0,"Exact Heap Blocks": 180,"Lossy Heap Blocks": 0,"Plans": [{"Node Type": "Bitmap Index Scan","Parent Relationship": "Outer","Parallel Aware": false,"Async Capable": false,"Index Name": "idx_supplier_nation_key","Startup Cost": 0.00,"Total Cost": 7.29,"Plan Rows": 400,"Plan Width": 0,"Actual Startup Time": 0.151,"Actual Total Time": 0.154,"Actual Rows": 401,"Actual Loops": 1,"Index Cond": "(s_nationkey = nation.n_nationkey)"}]}]},{"Node Type": "Index Scan","Parent Relationship": "Inner","Parallel Aware": false,"Async Capable": false,"Scan Direction": "Forward","Index Name": "idx_partsupp_suppkey","Relation Name": "partsupp","Alias": "partsupp","Startup Cost": 0.42,"Total Cost": 9.07,"Plan Rows": 80,"Plan Width": 18,"Actual Startup Time": 0.018,"Actual Total Time": 0.467,"Actual Rows": 80,"Actual Loops": 401,"Index Cond": "(ps_suppkey = supplier.s_suppkey)","Rows Removed by Index Recheck": 0}]}]}]},"Planning Time": 6.216,"Triggers": [],"Execution Time": 442.343}]
[{"Plan": {"Node Type": "Sort","Parallel Aware": false,"Async Capable": false,"Startup Cost": 10142.20,"Total Cost": 10168.87,"Plan Rows": 10667,"Plan Width": 36,"Actual Startup Time": 453.468,"Actual Total Time": 453.579,"Actual Rows": 699,"Actual Loops": 1,"Sort Key": ["(sum((partsupp.ps_supplycost * (partsupp.ps_availqty)::numeric))) DESC"],"Sort Method": "quicksort","Sort Space Used": 63,"Sort Space Type": "Memory","Plans": [{"Node Type": "Aggregate","Strategy": "Plain","Partial Mode": "Simple","Parent Relationship": "InitPlan","Subplan Name": "InitPlan 1 (returns $2)","Parallel Aware": false,"Async Capable": false,"Startup Cost": 4434.26,"Total Cost": 4434.27,"Plan Rows": 1,"Plan Width": 32,"Actual Startup Time": 131.382,"Actual Total Time": 131.405,"Actual Rows": 1,"Actual Loops": 1,"Plans": [{"Node Type": "Nested Loop","Parent Relationship": "Outer","Parallel Aware": false,"Async Capable": false,"Join Type": "Inner","Startup Cost": 7.81,"Total Cost": 4194.26,"Plan Rows": 32000,"Plan Width": 10,"Actual Startup Time": 0.203,"Actual Total Time": 123.789,"Actual Rows": 33200,"Actual Loops": 1,"Inner Unique": false,"Plans": [{"Node Type": "Nested Loop","Parent Relationship": "Outer","Parallel Aware": false,"Async Capable": false,"Join Type": "Inner","Startup Cost": 7.38,"Total Cost": 244.58,"Plan Rows": 400,"Plan Width": 4,"Actual Startup Time": 0.149,"Actual Total Time": 1.767,"Actual Rows": 415,"Actual Loops": 1,"Inner Unique": false,"Plans": [{"Node Type": "Seq Scan","Parent Relationship": "Outer","Parallel Aware": false,"Async Capable": false,"Relation Name": "nation","Alias": "nation_1","Startup Cost": 0.00,"Total Cost": 1.31,"Plan Rows": 1,"Plan Width": 4,"Actual Startup Time": 0.027,"Actual Total Time": 0.047,"Actual Rows": 1,"Actual Loops": 1,"Filter": "(n_name = 'EGYPT'::bpchar)","Rows Removed by Filter": 24},{"Node Type": "Bitmap Heap Scan","Parent Relationship": "Inner","Parallel Aware": false,"Async Capable": false,"Relation Name": "supplier","Alias": "supplier_1","Startup Cost": 7.38,"Total Cost": 239.27,"Plan Rows": 400,"Plan Width": 8,"Actual Startup Time": 0.105,"Actual Total Time": 1.654,"Actual Rows": 415,"Actual Loops": 1,"Recheck Cond": "(s_nationkey = nation_1.n_nationkey)","Rows Removed by Index Recheck": 0,"Exact Heap Blocks": 183,"Lossy Heap Blocks": 0,"Plans": [{"Node Type": "Bitmap Index Scan","Parent Relationship": "Outer","Parallel Aware": false,"Async Capable": false,"Index Name": "idx_supplier_nation_key","Startup Cost": 0.00,"Total Cost": 7.29,"Plan Rows": 400,"Plan Width": 0,"Actual Startup Time": 0.070,"Actual Total Time": 0.074,"Actual Rows": 415,"Actual Loops": 1,"Index Cond": "(s_nationkey = nation_1.n_nationkey)"}]}]},{"Node Type": "Index Scan","Parent Relationship": "Inner","Parallel Aware": false,"Async Capable": false,"Scan Direction": "Forward","Index Name": "idx_partsupp_suppkey","Relation Name": "partsupp","Alias": "partsupp_1","Startup Cost": 0.42,"Total Cost": 9.07,"Plan Rows": 80,"Plan Width": 14,"Actual Startup Time": 0.014,"Actual Total Time": 0.282,"Actual Rows": 80,"Actual Loops": 415,"Index Cond": "(ps_suppkey = supplier_1.s_suppkey)","Rows Removed by Index Recheck": 0}]}]},{"Node Type": "Aggregate","Strategy": "Hashed","Partial Mode": "Simple","Parent Relationship": "Outer","Parallel Aware": false,"Async Capable": false,"Startup Cost": 4514.26,"Total Cost": 4994.26,"Plan Rows": 10667,"Plan Width": 36,"Actual Startup Time": 379.250,"Actual Total Time": 453.099,"Actual Rows": 699,"Actual Loops": 1,"Group Key": ["partsupp.ps_partkey"],"Filter": "(sum((partsupp.ps_supplycost * (partsupp.ps_availqty)::numeric)) > $2)","Planned Partitions": 0,"HashAgg Batches": 1,"Peak Memory Usage": 17937,"Disk Usage": 0,"Rows Removed by Filter": 30398,"Plans": [{"Node Type": "Nested Loop","Parent Relationship": "Outer","Parallel Aware": false,"Async Capable": false,"Join Type": "Inner","Startup Cost": 7.81,"Total Cost": 4194.26,"Plan Rows": 32000,"Plan Width": 14,"Actual Startup Time": 0.395,"Actual Total Time": 204.247,"Actual Rows": 33200,"Actual Loops": 1,"Inner Unique": false,"Plans": [{"Node Type": "Nested Loop","Parent Relationship": "Outer","Parallel Aware": false,"Async Capable": false,"Join Type": "Inner","Startup Cost": 7.38,"Total Cost": 244.58,"Plan Rows": 400,"Plan Width": 4,"Actual Startup Time": 0.281,"Actual Total Time": 2.800,"Actual Rows": 415,"Actual Loops": 1,"Inner Unique": false,"Plans": [{"Node Type": "Seq Scan","Parent Relationship": "Outer","Parallel Aware": false,"Async Capable": false,"Relation Name": "nation","Alias": "nation","Startup Cost": 0.00,"Total Cost": 1.31,"Plan Rows": 1,"Plan Width": 4,"Actual Startup Time": 0.068,"Actual Total Time": 0.091,"Actual Rows": 1,"Actual Loops": 1,"Filter": "(n_name = 'EGYPT'::bpchar)","Rows Removed by Filter": 24},{"Node Type": "Bitmap Heap Scan","Parent Relationship": "Inner","Parallel Aware": false,"Async Capable": false,"Relation Name": "supplier","Alias": "supplier","Startup Cost": 7.38,"Total Cost": 239.27,"Plan Rows": 400,"Plan Width": 8,"Actual Startup Time": 0.209,"Actual Total Time": 2.654,"Actual Rows": 415,"Actual Loops": 1,"Recheck Cond": "(s_nationkey = nation.n_nationkey)","Rows Removed by Index Recheck": 0,"Exact Heap Blocks": 183,"Lossy Heap Blocks": 0,"Plans": [{"Node Type": "Bitmap Index Scan","Parent Relationship": "Outer","Parallel Aware": false,"Async Capable": false,"Index Name": "idx_supplier_nation_key","Startup Cost": 0.00,"Total Cost": 7.29,"Plan Rows": 400,"Plan Width": 0,"Actual Startup Time": 0.130,"Actual Total Time": 0.132,"Actual Rows": 415,"Actual Loops": 1,"Index Cond": "(s_nationkey = nation.n_nationkey)"}]}]},{"Node Type": "Index Scan","Parent Relationship": "Inner","Parallel Aware": false,"Async Capable": false,"Scan Direction": "Forward","Index Name": "idx_partsupp_suppkey","Relation Name": "partsupp","Alias": "partsupp","Startup Cost": 0.42,"Total Cost": 9.07,"Plan Rows": 80,"Plan Width": 18,"Actual Startup Time": 0.020,"Actual Total Time": 0.474,"Actual Rows": 80,"Actual Loops": 415,"Index Cond": "(ps_suppkey = supplier.s_suppkey)","Rows Removed by Index Recheck": 0}]}]}]},"Planning Time": 6.818,"Triggers": [],"Execution Time": 456.802}]
[{"Plan": {"Node Type": "Sort","Parallel Aware": false,"Async Capable": false,"Startup Cost": 10142.20,"Total Cost": 10168.87,"Plan Rows": 10667,"Plan Width": 36,"Actual Startup Time": 433.392,"Actual Total Time": 433.521,"Actual Rows": 1062,"Actual Loops": 1,"Sort Key": ["(sum((partsupp.ps_supplycost * (partsupp.ps_availqty)::numeric))) DESC"],"Sort Method": "quicksort","Sort Space Used": 107,"Sort Space Type": "Memory","Plans": [{"Node Type": "Aggregate","Strategy": "Plain","Partial Mode": "Simple","Parent Relationship": "InitPlan","Subplan Name": "InitPlan 1 (returns $2)","Parallel Aware": false,"Async Capable": false,"Startup Cost": 4434.26,"Total Cost": 4434.27,"Plan Rows": 1,"Plan Width": 32,"Actual Startup Time": 125.971,"Actual Total Time": 125.990,"Actual Rows": 1,"Actual Loops": 1,"Plans": [{"Node Type": "Nested Loop","Parent Relationship": "Outer","Parallel Aware": false,"Async Capable": false,"Join Type": "Inner","Startup Cost": 7.81,"Total Cost": 4194.26,"Plan Rows": 32000,"Plan Width": 10,"Actual Startup Time": 0.203,"Actual Total Time": 118.781,"Actual Rows": 31440,"Actual Loops": 1,"Inner Unique": false,"Plans": [{"Node Type": "Nested Loop","Parent Relationship": "Outer","Parallel Aware": false,"Async Capable": false,"Join Type": "Inner","Startup Cost": 7.38,"Total Cost": 244.58,"Plan Rows": 400,"Plan Width": 4,"Actual Startup Time": 0.157,"Actual Total Time": 1.656,"Actual Rows": 393,"Actual Loops": 1,"Inner Unique": false,"Plans": [{"Node Type": "Seq Scan","Parent Relationship": "Outer","Parallel Aware": false,"Async Capable": false,"Relation Name": "nation","Alias": "nation_1","Startup Cost": 0.00,"Total Cost": 1.31,"Plan Rows": 1,"Plan Width": 4,"Actual Startup Time": 0.034,"Actual Total Time": 0.054,"Actual Rows": 1,"Actual Loops": 1,"Filter": "(n_name = 'IRAN'::bpchar)","Rows Removed by Filter": 24},{"Node Type": "Bitmap Heap Scan","Parent Relationship": "Inner","Parallel Aware": false,"Async Capable": false,"Relation Name": "supplier","Alias": "supplier_1","Startup Cost": 7.38,"Total Cost": 239.27,"Plan Rows": 400,"Plan Width": 8,"Actual Startup Time": 0.107,"Actual Total Time": 1.545,"Actual Rows": 393,"Actual Loops": 1,"Recheck Cond": "(s_nationkey = nation_1.n_nationkey)","Rows Removed by Index Recheck": 0,"Exact Heap Blocks": 179,"Lossy Heap Blocks": 0,"Plans": [{"Node Type": "Bitmap Index Scan","Parent Relationship": "Outer","Parallel Aware": false,"Async Capable": false,"Index Name": "idx_supplier_nation_key","Startup Cost": 0.00,"Total Cost": 7.29,"Plan Rows": 400,"Plan Width": 0,"Actual Startup Time": 0.076,"Actual Total Time": 0.080,"Actual Rows": 393,"Actual Loops": 1,"Index Cond": "(s_nationkey = nation_1.n_nationkey)"}]}]},{"Node Type": "Index Scan","Parent Relationship": "Inner","Parallel Aware": false,"Async Capable": false,"Scan Direction": "Forward","Index Name": "idx_partsupp_suppkey","Relation Name": "partsupp","Alias": "partsupp_1","Startup Cost": 0.42,"Total Cost": 9.07,"Plan Rows": 80,"Plan Width": 14,"Actual Startup Time": 0.014,"Actual Total Time": 0.286,"Actual Rows": 80,"Actual Loops": 393,"Index Cond": "(ps_suppkey = supplier_1.s_suppkey)","Rows Removed by Index Recheck": 0}]}]},{"Node Type": "Aggregate","Strategy": "Hashed","Partial Mode": "Simple","Parent Relationship": "Outer","Parallel Aware": false,"Async Capable": false,"Startup Cost": 4514.26,"Total Cost": 4994.26,"Plan Rows": 10667,"Plan Width": 36,"Actual Startup Time": 362.794,"Actual Total Time": 432.898,"Actual Rows": 1062,"Actual Loops": 1,"Group Key": ["partsupp.ps_partkey"],"Filter": "(sum((partsupp.ps_supplycost * (partsupp.ps_availqty)::numeric)) > $2)","Planned Partitions": 0,"HashAgg Batches": 1,"Peak Memory Usage": 17937,"Disk Usage": 0,"Rows Removed by Filter": 28595,"Plans": [{"Node Type": "Nested Loop","Parent Relationship": "Outer","Parallel Aware": false,"Async Capable": false,"Join Type": "Inner","Startup Cost": 7.81,"Total Cost": 4194.26,"Plan Rows": 32000,"Plan Width": 14,"Actual Startup Time": 0.338,"Actual Total Time": 194.810,"Actual Rows": 31440,"Actual Loops": 1,"Inner Unique": false,"Plans": [{"Node Type": "Nested Loop","Parent Relationship": "Outer","Parallel Aware": false,"Async Capable": false,"Join Type": "Inner","Startup Cost": 7.38,"Total Cost": 244.58,"Plan Rows": 400,"Plan Width": 4,"Actual Startup Time": 0.285,"Actual Total Time": 2.779,"Actual Rows": 393,"Actual Loops": 1,"Inner Unique": false,"Plans": [{"Node Type": "Seq Scan","Parent Relationship": "Outer","Parallel Aware": false,"Async Capable": false,"Relation Name": "nation","Alias": "nation","Startup Cost": 0.00,"Total Cost": 1.31,"Plan Rows": 1,"Plan Width": 4,"Actual Startup Time": 0.074,"Actual Total Time": 0.096,"Actual Rows": 1,"Actual Loops": 1,"Filter": "(n_name = 'IRAN'::bpchar)","Rows Removed by Filter": 24},{"Node Type": "Bitmap Heap Scan","Parent Relationship": "Inner","Parallel Aware": false,"Async Capable": false,"Relation Name": "supplier","Alias": "supplier","Startup Cost": 7.38,"Total Cost": 239.27,"Plan Rows": 400,"Plan Width": 8,"Actual Startup Time": 0.203,"Actual Total Time": 2.632,"Actual Rows": 393,"Actual Loops": 1,"Recheck Cond": "(s_nationkey = nation.n_nationkey)","Rows Removed by Index Recheck": 0,"Exact Heap Blocks": 179,"Lossy Heap Blocks": 0,"Plans": [{"Node Type": "Bitmap Index Scan","Parent Relationship": "Outer","Parallel Aware": false,"Async Capable": false,"Index Name": "idx_supplier_nation_key","Startup Cost": 0.00,"Total Cost": 7.29,"Plan Rows": 400,"Plan Width": 0,"Actual Startup Time": 0.138,"Actual Total Time": 0.139,"Actual Rows": 393,"Actual Loops": 1,"Index Cond": "(s_nationkey = nation.n_nationkey)"}]}]},{"Node Type": "Index Scan","Parent Relationship": "Inner","Parallel Aware": false,"Async Capable": false,"Scan Direction": "Forward","Index Name": "idx_partsupp_suppkey","Relation Name": "partsupp","Alias": "partsupp","Startup Cost": 0.42,"Total Cost": 9.07,"Plan Rows": 80,"Plan Width": 18,"Actual Startup Time": 0.019,"Actual Total Time": 0.477,"Actual Rows": 80,"Actual Loops": 393,"Index Cond": "(ps_suppkey = supplier.s_suppkey)","Rows Removed by Index Recheck": 0}]}]}]},"Planning Time": 6.603,"Triggers": [],"Execution Time": 437.000}]
[{"Plan": {"Node Type": "Sort","Parallel Aware": false,"Async Capable": false,"Startup Cost": 10142.20,"Total Cost": 10168.87,"Plan Rows": 10667,"Plan Width": 36,"Actual Startup Time": 443.389,"Actual Total Time": 443.514,"Actual Rows": 1031,"Actual Loops": 1,"Sort Key": ["(sum((partsupp.ps_supplycost * (partsupp.ps_availqty)::numeric))) DESC"],"Sort Method": "quicksort","Sort Space Used": 105,"Sort Space Type": "Memory","Plans": [{"Node Type": "Aggregate","Strategy": "Plain","Partial Mode": "Simple","Parent Relationship": "InitPlan","Subplan Name": "InitPlan 1 (returns $2)","Parallel Aware": false,"Async Capable": false,"Startup Cost": 4434.26,"Total Cost": 4434.27,"Plan Rows": 1,"Plan Width": 32,"Actual Startup Time": 132.940,"Actual Total Time": 132.957,"Actual Rows": 1,"Actual Loops": 1,"Plans": [{"Node Type": "Nested Loop","Parent Relationship": "Outer","Parallel Aware": false,"Async Capable": false,"Join Type": "Inner","Startup Cost": 7.81,"Total Cost": 4194.26,"Plan Rows": 32000,"Plan Width": 10,"Actual Startup Time": 0.263,"Actual Total Time": 125.681,"Actual Rows": 31440,"Actual Loops": 1,"Inner Unique": false,"Plans": [{"Node Type": "Nested Loop","Parent Relationship": "Outer","Parallel Aware": false,"Async Capable": false,"Join Type": "Inner","Startup Cost": 7.38,"Total Cost": 244.58,"Plan Rows": 400,"Plan Width": 4,"Actual Startup Time": 0.205,"Actual Total Time": 1.775,"Actual Rows": 393,"Actual Loops": 1,"Inner Unique": false,"Plans": [{"Node Type": "Seq Scan","Parent Relationship": "Outer","Parallel Aware": false,"Async Capable": false,"Relation Name": "nation","Alias": "nation_1","Startup Cost": 0.00,"Total Cost": 1.31,"Plan Rows": 1,"Plan Width": 4,"Actual Startup Time": 0.056,"Actual Total Time": 0.062,"Actual Rows": 1,"Actual Loops": 1,"Filter": "(n_name = 'UNITED STATES'::bpchar)","Rows Removed by Filter": 24},{"Node Type": "Bitmap Heap Scan","Parent Relationship": "Inner","Parallel Aware": false,"Async Capable": false,"Relation Name": "supplier","Alias": "supplier_1","Startup Cost": 7.38,"Total Cost": 239.27,"Plan Rows": 400,"Plan Width": 8,"Actual Startup Time": 0.126,"Actual Total Time": 1.648,"Actual Rows": 393,"Actual Loops": 1,"Recheck Cond": "(s_nationkey = nation_1.n_nationkey)","Rows Removed by Index Recheck": 0,"Exact Heap Blocks": 181,"Lossy Heap Blocks": 0,"Plans": [{"Node Type": "Bitmap Index Scan","Parent Relationship": "Outer","Parallel Aware": false,"Async Capable": false,"Index Name": "idx_supplier_nation_key","Startup Cost": 0.00,"Total Cost": 7.29,"Plan Rows": 400,"Plan Width": 0,"Actual Startup Time": 0.087,"Actual Total Time": 0.091,"Actual Rows": 393,"Actual Loops": 1,"Index Cond": "(s_nationkey = nation_1.n_nationkey)"}]}]},{"Node Type": "Index Scan","Parent Relationship": "Inner","Parallel Aware": false,"Async Capable": false,"Scan Direction": "Forward","Index Name": "idx_partsupp_suppkey","Relation Name": "partsupp","Alias": "partsupp_1","Startup Cost": 0.42,"Total Cost": 9.07,"Plan Rows": 80,"Plan Width": 14,"Actual Startup Time": 0.015,"Actual Total Time": 0.303,"Actual Rows": 80,"Actual Loops": 393,"Index Cond": "(ps_suppkey = supplier_1.s_suppkey)","Rows Removed by Index Recheck": 0}]}]},{"Node Type": "Aggregate","Strategy": "Hashed","Partial Mode": "Simple","Parent Relationship": "Outer","Parallel Aware": false,"Async Capable": false,"Startup Cost": 4514.26,"Total Cost": 4994.26,"Plan Rows": 10667,"Plan Width": 36,"Actual Startup Time": 371.004,"Actual Total Time": 442.894,"Actual Rows": 1031,"Actual Loops": 1,"Group Key": ["partsupp.ps_partkey"],"Filter": "(sum((partsupp.ps_supplycost * (partsupp.ps_availqty)::numeric)) > $2)","Planned Partitions": 0,"HashAgg Batches": 1,"Peak Memory Usage": 17937,"Disk Usage": 0,"Rows Removed by Filter": 28434,"Plans": [{"Node Type": "Nested Loop","Parent Relationship": "Outer","Parallel Aware": false,"Async Capable": false,"Join Type": "Inner","Startup Cost": 7.81,"Total Cost": 4194.26,"Plan Rows": 32000,"Plan Width": 14,"Actual Startup Time": 0.317,"Actual Total Time": 191.179,"Actual Rows": 31440,"Actual Loops": 1,"Inner Unique": false,"Plans": [{"Node Type": "Nested Loop","Parent Relationship": "Outer","Parallel Aware": false,"Async Capable": false,"Join Type": "Inner","Startup Cost": 7.38,"Total Cost": 244.58,"Plan Rows": 400,"Plan Width": 4,"Actual Startup Time": 0.258,"Actual Total Time": 2.692,"Actual Rows": 393,"Actual Loops": 1,"Inner Unique": false,"Plans": [{"Node Type": "Seq Scan","Parent Relationship": "Outer","Parallel Aware": false,"Async Capable": false,"Relation Name": "nation","Alias": "nation","Startup Cost": 0.00,"Total Cost": 1.31,"Plan Rows": 1,"Plan Width": 4,"Actual Startup Time": 0.065,"Actual Total Time": 0.076,"Actual Rows": 1,"Actual Loops": 1,"Filter": "(n_name = 'UNITED STATES'::bpchar)","Rows Removed by Filter": 24},{"Node Type": "Bitmap Heap Scan","Parent Relationship": "Inner","Parallel Aware": false,"Async Capable": false,"Relation Name": "supplier","Alias": "supplier","Startup Cost": 7.38,"Total Cost": 239.27,"Plan Rows": 400,"Plan Width": 8,"Actual Startup Time": 0.185,"Actual Total Time": 2.562,"Actual Rows": 393,"Actual Loops": 1,"Recheck Cond": "(s_nationkey = nation.n_nationkey)","Rows Removed by Index Recheck": 0,"Exact Heap Blocks": 181,"Lossy Heap Blocks": 0,"Plans": [{"Node Type": "Bitmap Index Scan","Parent Relationship": "Outer","Parallel Aware": false,"Async Capable": false,"Index Name": "idx_supplier_nation_key","Startup Cost": 0.00,"Total Cost": 7.29,"Plan Rows": 400,"Plan Width": 0,"Actual Startup Time": 0.119,"Actual Total Time": 0.122,"Actual Rows": 393,"Actual Loops": 1,"Index Cond": "(s_nationkey = nation.n_nationkey)"}]}]},{"Node Type": "Index Scan","Parent Relationship": "Inner","Parallel Aware": false,"Async Capable": false,"Scan Direction": "Forward","Index Name": "idx_partsupp_suppkey","Relation Name": "partsupp","Alias": "partsupp","Startup Cost": 0.42,"Total Cost": 9.07,"Plan Rows": 80,"Plan Width": 18,"Actual Startup Time": 0.020,"Actual Total Time": 0.468,"Actual Rows": 80,"Actual Loops": 393,"Index Cond": "(ps_suppkey = supplier.s_suppkey)","Rows Removed by Index Recheck": 0}]}]}]},"Planning Time": 7.102,"Triggers": [],"Execution Time": 445.930}]
[{"Plan": {"Node Type": "Sort","Parallel Aware": false,"Async Capable": false,"Startup Cost": 10142.20,"Total Cost": 10168.87,"Plan Rows": 10667,"Plan Width": 36,"Actual Startup Time": 413.680,"Actual Total Time": 413.810,"Actual Rows": 1217,"Actual Loops": 1,"Sort Key": ["(sum((partsupp.ps_supplycost * (partsupp.ps_availqty)::numeric))) DESC"],"Sort Method": "quicksort","Sort Space Used": 115,"Sort Space Type": "Memory","Plans": [{"Node Type": "Aggregate","Strategy": "Plain","Partial Mode": "Simple","Parent Relationship": "InitPlan","Subplan Name": "InitPlan 1 (returns $2)","Parallel Aware": false,"Async Capable": false,"Startup Cost": 4434.26,"Total Cost": 4434.27,"Plan Rows": 1,"Plan Width": 32,"Actual Startup Time": 121.350,"Actual Total Time": 121.366,"Actual Rows": 1,"Actual Loops": 1,"Plans": [{"Node Type": "Nested Loop","Parent Relationship": "Outer","Parallel Aware": false,"Async Capable": false,"Join Type": "Inner","Startup Cost": 7.81,"Total Cost": 4194.26,"Plan Rows": 32000,"Plan Width": 10,"Actual Startup Time": 0.211,"Actual Total Time": 114.479,"Actual Rows": 30080,"Actual Loops": 1,"Inner Unique": false,"Plans": [{"Node Type": "Nested Loop","Parent Relationship": "Outer","Parallel Aware": false,"Async Capable": false,"Join Type": "Inner","Startup Cost": 7.38,"Total Cost": 244.58,"Plan Rows": 400,"Plan Width": 4,"Actual Startup Time": 0.161,"Actual Total Time": 1.670,"Actual Rows": 376,"Actual Loops": 1,"Inner Unique": false,"Plans": [{"Node Type": "Seq Scan","Parent Relationship": "Outer","Parallel Aware": false,"Async Capable": false,"Relation Name": "nation","Alias": "nation_1","Startup Cost": 0.00,"Total Cost": 1.31,"Plan Rows": 1,"Plan Width": 4,"Actual Startup Time": 0.026,"Actual Total Time": 0.039,"Actual Rows": 1,"Actual Loops": 1,"Filter": "(n_name = 'KENYA'::bpchar)","Rows Removed by Filter": 24},{"Node Type": "Bitmap Heap Scan","Parent Relationship": "Inner","Parallel Aware": false,"Async Capable": false,"Relation Name": "supplier","Alias": "supplier_1","Startup Cost": 7.38,"Total Cost": 239.27,"Plan Rows": 400,"Plan Width": 8,"Actual Startup Time": 0.113,"Actual Total Time": 1.571,"Actual Rows": 376,"Actual Loops": 1,"Recheck Cond": "(s_nationkey = nation_1.n_nationkey)","Rows Removed by Index Recheck": 0,"Exact Heap Blocks": 179,"Lossy Heap Blocks": 0,"Plans": [{"Node Type": "Bitmap Index Scan","Parent Relationship": "Outer","Parallel Aware": false,"Async Capable": false,"Index Name": "idx_supplier_nation_key","Startup Cost": 0.00,"Total Cost": 7.29,"Plan Rows": 400,"Plan Width": 0,"Actual Startup Time": 0.082,"Actual Total Time": 0.086,"Actual Rows": 376,"Actual Loops": 1,"Index Cond": "(s_nationkey = nation_1.n_nationkey)"}]}]},{"Node Type": "Index Scan","Parent Relationship": "Inner","Parallel Aware": false,"Async Capable": false,"Scan Direction": "Forward","Index Name": "idx_partsupp_suppkey","Relation Name": "partsupp","Alias": "partsupp_1","Startup Cost": 0.42,"Total Cost": 9.07,"Plan Rows": 80,"Plan Width": 14,"Actual Startup Time": 0.014,"Actual Total Time": 0.288,"Actual Rows": 80,"Actual Loops": 376,"Index Cond": "(ps_suppkey = supplier_1.s_suppkey)","Rows Removed by Index Recheck": 0}]}]},{"Node Type": "Aggregate","Strategy": "Hashed","Partial Mode": "Simple","Parent Relationship": "Outer","Parallel Aware": false,"Async Capable": false,"Startup Cost": 4514.26,"Total Cost": 4994.26,"Plan Rows": 10667,"Plan Width": 36,"Actual Startup Time": 346.893,"Actual Total Time": 413.082,"Actual Rows": 1217,"Actual Loops": 1,"Group Key": ["partsupp.ps_partkey"],"Filter": "(sum((partsupp.ps_supplycost * (partsupp.ps_availqty)::numeric)) > $2)","Planned Partitions": 0,"HashAgg Batches": 1,"Peak Memory Usage": 17937,"Disk Usage": 0,"Rows Removed by Filter": 27288,"Plans": [{"Node Type": "Nested Loop","Parent Relationship": "Outer","Parallel Aware": false,"Async Capable": false,"Join Type": "Inner","Startup Cost": 7.81,"Total Cost": 4194.26,"Plan Rows": 32000,"Plan Width": 14,"Actual Startup Time": 0.423,"Actual Total Time": 185.679,"Actual Rows": 30080,"Actual Loops": 1,"Inner Unique": false,"Plans": [{"Node Type": "Nested Loop","Parent Relationship": "Outer","Parallel Aware": false,"Async Capable": false,"Join Type": "Inner","Startup Cost": 7.38,"Total Cost": 244.58,"Plan Rows": 400,"Plan Width": 4,"Actual Startup Time": 0.359,"Actual Total Time": 2.922,"Actual Rows": 376,"Actual Loops": 1,"Inner Unique": false,"Plans": [{"Node Type": "Seq Scan","Parent Relationship": "Outer","Parallel Aware": false,"Async Capable": false,"Relation Name": "nation","Alias": "nation","Startup Cost": 0.00,"Total Cost": 1.31,"Plan Rows": 1,"Plan Width": 4,"Actual Startup Time": 0.084,"Actual Total Time": 0.113,"Actual Rows": 1,"Actual Loops": 1,"Filter": "(n_name = 'KENYA'::bpchar)","Rows Removed by Filter": 24},{"Node Type": "Bitmap Heap Scan","Parent Relationship": "Inner","Parallel Aware": false,"Async Capable": false,"Relation Name": "supplier","Alias": "supplier","Startup Cost": 7.38,"Total Cost": 239.27,"Plan Rows": 400,"Plan Width": 8,"Actual Startup Time": 0.263,"Actual Total Time": 2.758,"Actual Rows": 376,"Actual Loops": 1,"Recheck Cond": "(s_nationkey = nation.n_nationkey)","Rows Removed by Index Recheck": 0,"Exact Heap Blocks": 179,"Lossy Heap Blocks": 0,"Plans": [{"Node Type": "Bitmap Index Scan","Parent Relationship": "Outer","Parallel Aware": false,"Async Capable": false,"Index Name": "idx_supplier_nation_key","Startup Cost": 0.00,"Total Cost": 7.29,"Plan Rows": 400,"Plan Width": 0,"Actual Startup Time": 0.183,"Actual Total Time": 0.184,"Actual Rows": 376,"Actual Loops": 1,"Index Cond": "(s_nationkey = nation.n_nationkey)"}]}]},{"Node Type": "Index Scan","Parent Relationship": "Inner","Parallel Aware": false,"Async Capable": false,"Scan Direction": "Forward","Index Name": "idx_partsupp_suppkey","Relation Name": "partsupp","Alias": "partsupp","Startup Cost": 0.42,"Total Cost": 9.07,"Plan Rows": 80,"Plan Width": 18,"Actual Startup Time": 0.018,"Actual Total Time": 0.474,"Actual Rows": 80,"Actual Loops": 376,"Index Cond": "(ps_suppkey = supplier.s_suppkey)","Rows Removed by Index Recheck": 0}]}]}]},"Planning Time": 5.474,"Triggers": [],"Execution Time": 416.886}]
[{"Plan": {"Node Type": "Sort","Parallel Aware": false,"Async Capable": false,"Startup Cost": 10142.20,"Total Cost": 10168.87,"Plan Rows": 10667,"Plan Width": 36,"Actual Startup Time": 455.847,"Actual Total Time": 455.976,"Actual Rows": 819,"Actual Loops": 1,"Sort Key": ["(sum((partsupp.ps_supplycost * (partsupp.ps_availqty)::numeric))) DESC"],"Sort Method": "quicksort","Sort Space Used": 69,"Sort Space Type": "Memory","Plans": [{"Node Type": "Aggregate","Strategy": "Plain","Partial Mode": "Simple","Parent Relationship": "InitPlan","Subplan Name": "InitPlan 1 (returns $2)","Parallel Aware": false,"Async Capable": false,"Startup Cost": 4434.26,"Total Cost": 4434.27,"Plan Rows": 1,"Plan Width": 32,"Actual Startup Time": 134.080,"Actual Total Time": 134.102,"Actual Rows": 1,"Actual Loops": 1,"Plans": [{"Node Type": "Nested Loop","Parent Relationship": "Outer","Parallel Aware": false,"Async Capable": false,"Join Type": "Inner","Startup Cost": 7.81,"Total Cost": 4194.26,"Plan Rows": 32000,"Plan Width": 10,"Actual Startup Time": 0.218,"Actual Total Time": 126.423,"Actual Rows": 32960,"Actual Loops": 1,"Inner Unique": false,"Plans": [{"Node Type": "Nested Loop","Parent Relationship": "Outer","Parallel Aware": false,"Async Capable": false,"Join Type": "Inner","Startup Cost": 7.38,"Total Cost": 244.58,"Plan Rows": 400,"Plan Width": 4,"Actual Startup Time": 0.177,"Actual Total Time": 1.887,"Actual Rows": 412,"Actual Loops": 1,"Inner Unique": false,"Plans": [{"Node Type": "Seq Scan","Parent Relationship": "Outer","Parallel Aware": false,"Async Capable": false,"Relation Name": "nation","Alias": "nation_1","Startup Cost": 0.00,"Total Cost": 1.31,"Plan Rows": 1,"Plan Width": 4,"Actual Startup Time": 0.040,"Actual Total Time": 0.063,"Actual Rows": 1,"Actual Loops": 1,"Filter": "(n_name = 'CANADA'::bpchar)","Rows Removed by Filter": 24},{"Node Type": "Bitmap Heap Scan","Parent Relationship": "Inner","Parallel Aware": false,"Async Capable": false,"Relation Name": "supplier","Alias": "supplier_1","Startup Cost": 7.38,"Total Cost": 239.27,"Plan Rows": 400,"Plan Width": 8,"Actual Startup Time": 0.119,"Actual Total Time": 1.753,"Actual Rows": 412,"Actual Loops": 1,"Recheck Cond": "(s_nationkey = nation_1.n_nationkey)","Rows Removed by Index Recheck": 0,"Exact Heap Blocks": 189,"Lossy Heap Blocks": 0,"Plans": [{"Node Type": "Bitmap Index Scan","Parent Relationship": "Outer","Parallel Aware": false,"Async Capable": false,"Index Name": "idx_supplier_nation_key","Startup Cost": 0.00,"Total Cost": 7.29,"Plan Rows": 400,"Plan Width": 0,"Actual Startup Time": 0.074,"Actual Total Time": 0.083,"Actual Rows": 412,"Actual Loops": 1,"Index Cond": "(s_nationkey = nation_1.n_nationkey)"}]}]},{"Node Type": "Index Scan","Parent Relationship": "Inner","Parallel Aware": false,"Async Capable": false,"Scan Direction": "Forward","Index Name": "idx_partsupp_suppkey","Relation Name": "partsupp","Alias": "partsupp_1","Startup Cost": 0.42,"Total Cost": 9.07,"Plan Rows": 80,"Plan Width": 14,"Actual Startup Time": 0.014,"Actual Total Time": 0.290,"Actual Rows": 80,"Actual Loops": 412,"Index Cond": "(ps_suppkey = supplier_1.s_suppkey)","Rows Removed by Index Recheck": 0}]}]},{"Node Type": "Aggregate","Strategy": "Hashed","Partial Mode": "Simple","Parent Relationship": "Outer","Parallel Aware": false,"Async Capable": false,"Startup Cost": 4514.26,"Total Cost": 4994.26,"Plan Rows": 10667,"Plan Width": 36,"Actual Startup Time": 380.948,"Actual Total Time": 455.394,"Actual Rows": 819,"Actual Loops": 1,"Group Key": ["partsupp.ps_partkey"],"Filter": "(sum((partsupp.ps_supplycost * (partsupp.ps_availqty)::numeric)) > $2)","Planned Partitions": 0,"HashAgg Batches": 1,"Peak Memory Usage": 17937,"Disk Usage": 0,"Rows Removed by Filter": 30166,"Plans": [{"Node Type": "Nested Loop","Parent Relationship": "Outer","Parallel Aware": false,"Async Capable": false,"Join Type": "Inner","Startup Cost": 7.81,"Total Cost": 4194.26,"Plan Rows": 32000,"Plan Width": 14,"Actual Startup Time": 0.343,"Actual Total Time": 202.198,"Actual Rows": 32960,"Actual Loops": 1,"Inner Unique": false,"Plans": [{"Node Type": "Nested Loop","Parent Relationship": "Outer","Parallel Aware": false,"Async Capable": false,"Join Type": "Inner","Startup Cost": 7.38,"Total Cost": 244.58,"Plan Rows": 400,"Plan Width": 4,"Actual Startup Time": 0.272,"Actual Total Time": 2.740,"Actual Rows": 412,"Actual Loops": 1,"Inner Unique": false,"Plans": [{"Node Type": "Seq Scan","Parent Relationship": "Outer","Parallel Aware": false,"Async Capable": false,"Relation Name": "nation","Alias": "nation","Startup Cost": 0.00,"Total Cost": 1.31,"Plan Rows": 1,"Plan Width": 4,"Actual Startup Time": 0.064,"Actual Total Time": 0.078,"Actual Rows": 1,"Actual Loops": 1,"Filter": "(n_name = 'CANADA'::bpchar)","Rows Removed by Filter": 24},{"Node Type": "Bitmap Heap Scan","Parent Relationship": "Inner","Parallel Aware": false,"Async Capable": false,"Relation Name": "supplier","Alias": "supplier","Startup Cost": 7.38,"Total Cost": 239.27,"Plan Rows": 400,"Plan Width": 8,"Actual Startup Time": 0.203,"Actual Total Time": 2.610,"Actual Rows": 412,"Actual Loops": 1,"Recheck Cond": "(s_nationkey = nation.n_nationkey)","Rows Removed by Index Recheck": 0,"Exact Heap Blocks": 189,"Lossy Heap Blocks": 0,"Plans": [{"Node Type": "Bitmap Index Scan","Parent Relationship": "Outer","Parallel Aware": false,"Async Capable": false,"Index Name": "idx_supplier_nation_key","Startup Cost": 0.00,"Total Cost": 7.29,"Plan Rows": 400,"Plan Width": 0,"Actual Startup Time": 0.140,"Actual Total Time": 0.142,"Actual Rows": 412,"Actual Loops": 1,"Index Cond": "(s_nationkey = nation.n_nationkey)"}]}]},{"Node Type": "Index Scan","Parent Relationship": "Inner","Parallel Aware": false,"Async Capable": false,"Scan Direction": "Forward","Index Name": "idx_partsupp_suppkey","Relation Name": "partsupp","Alias": "partsupp","Startup Cost": 0.42,"Total Cost": 9.07,"Plan Rows": 80,"Plan Width": 18,"Actual Startup Time": 0.019,"Actual Total Time": 0.472,"Actual Rows": 80,"Actual Loops": 412,"Index Cond": "(ps_suppkey = supplier.s_suppkey)","Rows Removed by Index Recheck": 0}]}]}]},"Planning Time": 7.565,"Triggers": [],"Execution Time": 459.165}]
[{"Plan": {"Node Type": "Sort","Parallel Aware": false,"Async Capable": false,"Startup Cost": 10142.20,"Total Cost": 10168.87,"Plan Rows": 10667,"Plan Width": 36,"Actual Startup Time": 443.389,"Actual Total Time": 443.514,"Actual Rows": 1031,"Actual Loops": 1,"Sort Key": ["(sum((partsupp.ps_supplycost * (partsupp.ps_availqty)::numeric))) DESC"],"Sort Method": "quicksort","Sort Space Used": 105,"Sort Space Type": "Memory","Plans": [{"Node Type": "Aggregate","Strategy": "Plain","Partial Mode": "Simple","Parent Relationship": "InitPlan","Subplan Name": "InitPlan 1 (returns $2)","Parallel Aware": false,"Async Capable": false,"Startup Cost": 4434.26,"Total Cost": 4434.27,"Plan Rows": 1,"Plan Width": 32,"Actual Startup Time": 132.940,"Actual Total Time": 132.957,"Actual Rows": 1,"Actual Loops": 1,"Plans": [{"Node Type": "Nested Loop","Parent Relationship": "Outer","Parallel Aware": false,"Async Capable": false,"Join Type": "Inner","Startup Cost": 7.81,"Total Cost": 4194.26,"Plan Rows": 32000,"Plan Width": 10,"Actual Startup Time": 0.263,"Actual Total Time": 125.681,"Actual Rows": 31440,"Actual Loops": 1,"Inner Unique": false,"Plans": [{"Node Type": "Nested Loop","Parent Relationship": "Outer","Parallel Aware": false,"Async Capable": false,"Join Type": "Inner","Startup Cost": 7.38,"Total Cost": 244.58,"Plan Rows": 400,"Plan Width": 4,"Actual Startup Time": 0.205,"Actual Total Time": 1.775,"Actual Rows": 393,"Actual Loops": 1,"Inner Unique": false,"Plans": [{"Node Type": "Seq Scan","Parent Relationship": "Outer","Parallel Aware": false,"Async Capable": false,"Relation Name": "nation","Alias": "nation_1","Startup Cost": 0.00,"Total Cost": 1.31,"Plan Rows": 1,"Plan Width": 4,"Actual Startup Time": 0.056,"Actual Total Time": 0.062,"Actual Rows": 1,"Actual Loops": 1,"Filter": "(n_name = 'UNITED STATES'::bpchar)","Rows Removed by Filter": 24},{"Node Type": "Bitmap Heap Scan","Parent Relationship": "Inner","Parallel Aware": false,"Async Capable": false,"Relation Name": "supplier","Alias": "supplier_1","Startup Cost": 7.38,"Total Cost": 239.27,"Plan Rows": 400,"Plan Width": 8,"Actual Startup Time": 0.126,"Actual Total Time": 1.648,"Actual Rows": 393,"Actual Loops": 1,"Recheck Cond": "(s_nationkey = nation_1.n_nationkey)","Rows Removed by Index Recheck": 0,"Exact Heap Blocks": 181,"Lossy Heap Blocks": 0,"Plans": [{"Node Type": "Bitmap Index Scan","Parent Relationship": "Outer","Parallel Aware": false,"Async Capable": false,"Index Name": "idx_supplier_nation_key","Startup Cost": 0.00,"Total Cost": 7.29,"Plan Rows": 400,"Plan Width": 0,"Actual Startup Time": 0.087,"Actual Total Time": 0.091,"Actual Rows": 393,"Actual Loops": 1,"Index Cond": "(s_nationkey = nation_1.n_nationkey)"}]}]},{"Node Type": "Index Scan","Parent Relationship": "Inner","Parallel Aware": false,"Async Capable": false,"Scan Direction": "Forward","Index Name": "idx_partsupp_suppkey","Relation Name": "partsupp","Alias": "partsupp_1","Startup Cost": 0.42,"Total Cost": 9.07,"Plan Rows": 80,"Plan Width": 14,"Actual Startup Time": 0.015,"Actual Total Time": 0.303,"Actual Rows": 80,"Actual Loops": 393,"Index Cond": "(ps_suppkey = supplier_1.s_suppkey)","Rows Removed by Index Recheck": 0}]}]},{"Node Type": "Aggregate","Strategy": "Hashed","Partial Mode": "Simple","Parent Relationship": "Outer","Parallel Aware": false,"Async Capable": false,"Startup Cost": 4514.26,"Total Cost": 4994.26,"Plan Rows": 10667,"Plan Width": 36,"Actual Startup Time": 371.004,"Actual Total Time": 442.894,"Actual Rows": 1031,"Actual Loops": 1,"Group Key": ["partsupp.ps_partkey"],"Filter": "(sum((partsupp.ps_supplycost * (partsupp.ps_availqty)::numeric)) > $2)","Planned Partitions": 0,"HashAgg Batches": 1,"Peak Memory Usage": 17937,"Disk Usage": 0,"Rows Removed by Filter": 28434,"Plans": [{"Node Type": "Nested Loop","Parent Relationship": "Outer","Parallel Aware": false,"Async Capable": false,"Join Type": "Inner","Startup Cost": 7.81,"Total Cost": 4194.26,"Plan Rows": 32000,"Plan Width": 14,"Actual Startup Time": 0.317,"Actual Total Time": 191.179,"Actual Rows": 31440,"Actual Loops": 1,"Inner Unique": false,"Plans": [{"Node Type": "Nested Loop","Parent Relationship": "Outer","Parallel Aware": false,"Async Capable": false,"Join Type": "Inner","Startup Cost": 7.38,"Total Cost": 244.58,"Plan Rows": 400,"Plan Width": 4,"Actual Startup Time": 0.258,"Actual Total Time": 2.692,"Actual Rows": 393,"Actual Loops": 1,"Inner Unique": false,"Plans": [{"Node Type": "Seq Scan","Parent Relationship": "Outer","Parallel Aware": false,"Async Capable": false,"Relation Name": "nation","Alias": "nation","Startup Cost": 0.00,"Total Cost": 1.31,"Plan Rows": 1,"Plan Width": 4,"Actual Startup Time": 0.065,"Actual Total Time": 0.076,"Actual Rows": 1,"Actual Loops": 1,"Filter": "(n_name = 'UNITED STATES'::bpchar)","Rows Removed by Filter": 24},{"Node Type": "Bitmap Heap Scan","Parent Relationship": "Inner","Parallel Aware": false,"Async Capable": false,"Relation Name": "supplier","Alias": "supplier","Startup Cost": 7.38,"Total Cost": 239.27,"Plan Rows": 400,"Plan Width": 8,"Actual Startup Time": 0.185,"Actual Total Time": 2.562,"Actual Rows": 393,"Actual Loops": 1,"Recheck Cond": "(s_nationkey = nation.n_nationkey)","Rows Removed by Index Recheck": 0,"Exact Heap Blocks": 181,"Lossy Heap Blocks": 0,"Plans": [{"Node Type": "Bitmap Index Scan","Parent Relationship": "Outer","Parallel Aware": false,"Async Capable": false,"Index Name": "idx_supplier_nation_key","Startup Cost": 0.00,"Total Cost": 7.29,"Plan Rows": 400,"Plan Width": 0,"Actual Startup Time": 0.119,"Actual Total Time": 0.122,"Actual Rows": 393,"Actual Loops": 1,"Index Cond": "(s_nationkey = nation.n_nationkey)"}]}]},{"Node Type": "Index Scan","Parent Relationship": "Inner","Parallel Aware": false,"Async Capable": false,"Scan Direction": "Forward","Index Name": "idx_partsupp_suppkey","Relation Name": "partsupp","Alias": "partsupp","Startup Cost": 0.42,"Total Cost": 9.07,"Plan Rows": 80,"Plan Width": 18,"Actual Startup Time": 0.020,"Actual Total Time": 0.468,"Actual Rows": 80,"Actual Loops": 393,"Index Cond": "(ps_suppkey = supplier.s_suppkey)","Rows Removed by Index Recheck": 0}]}]}]},"Planning Time": 7.102,"Triggers": [],"Execution Time": 445.930}]
[{"Plan": {"Node Type": "Sort","Parallel Aware": false,"Async Capable": false,"Startup Cost": 10142.20,"Total Cost": 10168.87,"Plan Rows": 10667,"Plan Width": 36,"Actual Startup Time": 427.262,"Actual Total Time": 427.423,"Actual Rows": 1241,"Actual Loops": 1,"Sort Key": ["(sum((partsupp.ps_supplycost * (partsupp.ps_availqty)::numeric))) DESC"],"Sort Method": "quicksort","Sort Space Used": 116,"Sort Space Type": "Memory","Plans": [{"Node Type": "Aggregate","Strategy": "Plain","Partial Mode": "Simple","Parent Relationship": "InitPlan","Subplan Name": "InitPlan 1 (returns $2)","Parallel Aware": false,"Async Capable": false,"Startup Cost": 4434.26,"Total Cost": 4434.27,"Plan Rows": 1,"Plan Width": 32,"Actual Startup Time": 127.406,"Actual Total Time": 127.426,"Actual Rows": 1,"Actual Loops": 1,"Plans": [{"Node Type": "Nested Loop","Parent Relationship": "Outer","Parallel Aware": false,"Async Capable": false,"Join Type": "Inner","Startup Cost": 7.81,"Total Cost": 4194.26,"Plan Rows": 32000,"Plan Width": 10,"Actual Startup Time": 0.226,"Actual Total Time": 120.281,"Actual Rows": 30400,"Actual Loops": 1,"Inner Unique": false,"Plans": [{"Node Type": "Nested Loop","Parent Relationship": "Outer","Parallel Aware": false,"Async Capable": false,"Join Type": "Inner","Startup Cost": 7.38,"Total Cost": 244.58,"Plan Rows": 400,"Plan Width": 4,"Actual Startup Time": 0.174,"Actual Total Time": 1.741,"Actual Rows": 380,"Actual Loops": 1,"Inner Unique": false,"Plans": [{"Node Type": "Seq Scan","Parent Relationship": "Outer","Parallel Aware": false,"Async Capable": false,"Relation Name": "nation","Alias": "nation_1","Startup Cost": 0.00,"Total Cost": 1.31,"Plan Rows": 1,"Plan Width": 4,"Actual Startup Time": 0.028,"Actual Total Time": 0.042,"Actual Rows": 1,"Actual Loops": 1,"Filter": "(n_name = 'ETHIOPIA'::bpchar)","Rows Removed by Filter": 24},{"Node Type": "Bitmap Heap Scan","Parent Relationship": "Inner","Parallel Aware": false,"Async Capable": false,"Relation Name": "supplier","Alias": "supplier_1","Startup Cost": 7.38,"Total Cost": 239.27,"Plan Rows": 400,"Plan Width": 8,"Actual Startup Time": 0.130,"Actual Total Time": 1.641,"Actual Rows": 380,"Actual Loops": 1,"Recheck Cond": "(s_nationkey = nation_1.n_nationkey)","Rows Removed by Index Recheck": 0,"Exact Heap Blocks": 192,"Lossy Heap Blocks": 0,"Plans": [{"Node Type": "Bitmap Index Scan","Parent Relationship": "Outer","Parallel Aware": false,"Async Capable": false,"Index Name": "idx_supplier_nation_key","Startup Cost": 0.00,"Total Cost": 7.29,"Plan Rows": 400,"Plan Width": 0,"Actual Startup Time": 0.089,"Actual Total Time": 0.091,"Actual Rows": 380,"Actual Loops": 1,"Index Cond": "(s_nationkey = nation_1.n_nationkey)"}]}]},{"Node Type": "Index Scan","Parent Relationship": "Inner","Parallel Aware": false,"Async Capable": false,"Scan Direction": "Forward","Index Name": "idx_partsupp_suppkey","Relation Name": "partsupp","Alias": "partsupp_1","Startup Cost": 0.42,"Total Cost": 9.07,"Plan Rows": 80,"Plan Width": 14,"Actual Startup Time": 0.015,"Actual Total Time": 0.299,"Actual Rows": 80,"Actual Loops": 380,"Index Cond": "(ps_suppkey = supplier_1.s_suppkey)","Rows Removed by Index Recheck": 0}]}]},{"Node Type": "Aggregate","Strategy": "Hashed","Partial Mode": "Simple","Parent Relationship": "Outer","Parallel Aware": false,"Async Capable": false,"Startup Cost": 4514.26,"Total Cost": 4994.26,"Plan Rows": 10667,"Plan Width": 36,"Actual Startup Time": 359.706,"Actual Total Time": 426.732,"Actual Rows": 1241,"Actual Loops": 1,"Group Key": ["partsupp.ps_partkey"],"Filter": "(sum((partsupp.ps_supplycost * (partsupp.ps_availqty)::numeric)) > $2)","Planned Partitions": 0,"HashAgg Batches": 1,"Peak Memory Usage": 17937,"Disk Usage": 0,"Rows Removed by Filter": 27374,"Plans": [{"Node Type": "Nested Loop","Parent Relationship": "Outer","Parallel Aware": false,"Async Capable": false,"Join Type": "Inner","Startup Cost": 7.81,"Total Cost": 4194.26,"Plan Rows": 32000,"Plan Width": 14,"Actual Startup Time": 0.377,"Actual Total Time": 187.744,"Actual Rows": 30400,"Actual Loops": 1,"Inner Unique": false,"Plans": [{"Node Type": "Nested Loop","Parent Relationship": "Outer","Parallel Aware": false,"Async Capable": false,"Join Type": "Inner","Startup Cost": 7.38,"Total Cost": 244.58,"Plan Rows": 400,"Plan Width": 4,"Actual Startup Time": 0.305,"Actual Total Time": 2.864,"Actual Rows": 380,"Actual Loops": 1,"Inner Unique": false,"Plans": [{"Node Type": "Seq Scan","Parent Relationship": "Outer","Parallel Aware": false,"Async Capable": false,"Relation Name": "nation","Alias": "nation","Startup Cost": 0.00,"Total Cost": 1.31,"Plan Rows": 1,"Plan Width": 4,"Actual Startup Time": 0.073,"Actual Total Time": 0.091,"Actual Rows": 1,"Actual Loops": 1,"Filter": "(n_name = 'ETHIOPIA'::bpchar)","Rows Removed by Filter": 24},{"Node Type": "Bitmap Heap Scan","Parent Relationship": "Inner","Parallel Aware": false,"Async Capable": false,"Relation Name": "supplier","Alias": "supplier","Startup Cost": 7.38,"Total Cost": 239.27,"Plan Rows": 400,"Plan Width": 8,"Actual Startup Time": 0.228,"Actual Total Time": 2.728,"Actual Rows": 380,"Actual Loops": 1,"Recheck Cond": "(s_nationkey = nation.n_nationkey)","Rows Removed by Index Recheck": 0,"Exact Heap Blocks": 192,"Lossy Heap Blocks": 0,"Plans": [{"Node Type": "Bitmap Index Scan","Parent Relationship": "Outer","Parallel Aware": false,"Async Capable": false,"Index Name": "idx_supplier_nation_key","Startup Cost": 0.00,"Total Cost": 7.29,"Plan Rows": 400,"Plan Width": 0,"Actual Startup Time": 0.146,"Actual Total Time": 0.146,"Actual Rows": 380,"Actual Loops": 1,"Index Cond": "(s_nationkey = nation.n_nationkey)"}]}]},{"Node Type": "Index Scan","Parent Relationship": "Inner","Parallel Aware": false,"Async Capable": false,"Scan Direction": "Forward","Index Name": "idx_partsupp_suppkey","Relation Name": "partsupp","Alias": "partsupp","Startup Cost": 0.42,"Total Cost": 9.07,"Plan Rows": 80,"Plan Width": 18,"Actual Startup Time": 0.020,"Actual Total Time": 0.475,"Actual Rows": 80,"Actual Loops": 380,"Index Cond": "(ps_suppkey = supplier.s_suppkey)","Rows Removed by Index Recheck": 0}]}]}]},"Planning Time": 7.180,"Triggers": [],"Execution Time": 429.797}]
[{"Plan": {"Node Type": "Sort","Parallel Aware": false,"Async Capable": false,"Startup Cost": 10142.20,"Total Cost": 10168.87,"Plan Rows": 10667,"Plan Width": 36,"Actual Startup Time": 427.455,"Actual Total Time": 427.551,"Actual Rows": 1289,"Actual Loops": 1,"Sort Key": ["(sum((partsupp.ps_supplycost * (partsupp.ps_availqty)::numeric))) DESC"],"Sort Method": "quicksort","Sort Space Used": 119,"Sort Space Type": "Memory","Plans": [{"Node Type": "Aggregate","Strategy": "Plain","Partial Mode": "Simple","Parent Relationship": "InitPlan","Subplan Name": "InitPlan 1 (returns $2)","Parallel Aware": false,"Async Capable": false,"Startup Cost": 4434.26,"Total Cost": 4434.27,"Plan Rows": 1,"Plan Width": 32,"Actual Startup Time": 127.032,"Actual Total Time": 127.034,"Actual Rows": 1,"Actual Loops": 1,"Plans": [{"Node Type": "Nested Loop","Parent Relationship": "Outer","Parallel Aware": false,"Async Capable": false,"Join Type": "Inner","Startup Cost": 7.81,"Total Cost": 4194.26,"Plan Rows": 32000,"Plan Width": 10,"Actual Startup Time": 0.214,"Actual Total Time": 120.104,"Actual Rows": 29840,"Actual Loops": 1,"Inner Unique": false,"Plans": [{"Node Type": "Nested Loop","Parent Relationship": "Outer","Parallel Aware": false,"Async Capable": false,"Join Type": "Inner","Startup Cost": 7.38,"Total Cost": 244.58,"Plan Rows": 400,"Plan Width": 4,"Actual Startup Time": 0.166,"Actual Total Time": 1.626,"Actual Rows": 373,"Actual Loops": 1,"Inner Unique": false,"Plans": [{"Node Type": "Seq Scan","Parent Relationship": "Outer","Parallel Aware": false,"Async Capable": false,"Relation Name": "nation","Alias": "nation_1","Startup Cost": 0.00,"Total Cost": 1.31,"Plan Rows": 1,"Plan Width": 4,"Actual Startup Time": 0.026,"Actual Total Time": 0.048,"Actual Rows": 1,"Actual Loops": 1,"Filter": "(n_name = 'MOROCCO'::bpchar)","Rows Removed by Filter": 24},{"Node Type": "Bitmap Heap Scan","Parent Relationship": "Inner","Parallel Aware": false,"Async Capable": false,"Relation Name": "supplier","Alias": "supplier_1","Startup Cost": 7.38,"Total Cost": 239.27,"Plan Rows": 400,"Plan Width": 8,"Actual Startup Time": 0.118,"Actual Total Time": 1.519,"Actual Rows": 373,"Actual Loops": 1,"Recheck Cond": "(s_nationkey = nation_1.n_nationkey)","Rows Removed by Index Recheck": 0,"Exact Heap Blocks": 180,"Lossy Heap Blocks": 0,"Plans": [{"Node Type": "Bitmap Index Scan","Parent Relationship": "Outer","Parallel Aware": false,"Async Capable": false,"Index Name": "idx_supplier_nation_key","Startup Cost": 0.00,"Total Cost": 7.29,"Plan Rows": 400,"Plan Width": 0,"Actual Startup Time": 0.076,"Actual Total Time": 0.076,"Actual Rows": 373,"Actual Loops": 1,"Index Cond": "(s_nationkey = nation_1.n_nationkey)"}]}]},{"Node Type": "Index Scan","Parent Relationship": "Inner","Parallel Aware": false,"Async Capable": false,"Scan Direction": "Forward","Index Name": "idx_partsupp_suppkey","Relation Name": "partsupp","Alias": "partsupp_1","Startup Cost": 0.42,"Total Cost": 9.07,"Plan Rows": 80,"Plan Width": 14,"Actual Startup Time": 0.015,"Actual Total Time": 0.305,"Actual Rows": 80,"Actual Loops": 373,"Index Cond": "(ps_suppkey = supplier_1.s_suppkey)","Rows Removed by Index Recheck": 0}]}]},{"Node Type": "Aggregate","Strategy": "Hashed","Partial Mode": "Simple","Parent Relationship": "Outer","Parallel Aware": false,"Async Capable": false,"Startup Cost": 4514.26,"Total Cost": 4994.26,"Plan Rows": 10667,"Plan Width": 36,"Actual Startup Time": 361.188,"Actual Total Time": 426.914,"Actual Rows": 1289,"Actual Loops": 1,"Group Key": ["partsupp.ps_partkey"],"Filter": "(sum((partsupp.ps_supplycost * (partsupp.ps_availqty)::numeric)) > $2)","Planned Partitions": 0,"HashAgg Batches": 1,"Peak Memory Usage": 17937,"Disk Usage": 0,"Rows Removed by Filter": 26965,"Plans": [{"Node Type": "Nested Loop","Parent Relationship": "Outer","Parallel Aware": false,"Async Capable": false,"Join Type": "Inner","Startup Cost": 7.81,"Total Cost": 4194.26,"Plan Rows": 32000,"Plan Width": 14,"Actual Startup Time": 0.390,"Actual Total Time": 190.362,"Actual Rows": 29840,"Actual Loops": 1,"Inner Unique": false,"Plans": [{"Node Type": "Nested Loop","Parent Relationship": "Outer","Parallel Aware": false,"Async Capable": false,"Join Type": "Inner","Startup Cost": 7.38,"Total Cost": 244.58,"Plan Rows": 400,"Plan Width": 4,"Actual Startup Time": 0.321,"Actual Total Time": 2.795,"Actual Rows": 373,"Actual Loops": 1,"Inner Unique": false,"Plans": [{"Node Type": "Seq Scan","Parent Relationship": "Outer","Parallel Aware": false,"Async Capable": false,"Relation Name": "nation","Alias": "nation","Startup Cost": 0.00,"Total Cost": 1.31,"Plan Rows": 1,"Plan Width": 4,"Actual Startup Time": 0.071,"Actual Total Time": 0.095,"Actual Rows": 1,"Actual Loops": 1,"Filter": "(n_name = 'MOROCCO'::bpchar)","Rows Removed by Filter": 24},{"Node Type": "Bitmap Heap Scan","Parent Relationship": "Inner","Parallel Aware": false,"Async Capable": false,"Relation Name": "supplier","Alias": "supplier","Startup Cost": 7.38,"Total Cost": 239.27,"Plan Rows": 400,"Plan Width": 8,"Actual Startup Time": 0.245,"Actual Total Time": 2.650,"Actual Rows": 373,"Actual Loops": 1,"Recheck Cond": "(s_nationkey = nation.n_nationkey)","Rows Removed by Index Recheck": 0,"Exact Heap Blocks": 180,"Lossy Heap Blocks": 0,"Plans": [{"Node Type": "Bitmap Index Scan","Parent Relationship": "Outer","Parallel Aware": false,"Async Capable": false,"Index Name": "idx_supplier_nation_key","Startup Cost": 0.00,"Total Cost": 7.29,"Plan Rows": 400,"Plan Width": 0,"Actual Startup Time": 0.159,"Actual Total Time": 0.159,"Actual Rows": 373,"Actual Loops": 1,"Index Cond": "(s_nationkey = nation.n_nationkey)"}]}]},{"Node Type": "Index Scan","Parent Relationship": "Inner","Parallel Aware": false,"Async Capable": false,"Scan Direction": "Forward","Index Name": "idx_partsupp_suppkey","Relation Name": "partsupp","Alias": "partsupp","Startup Cost": 0.42,"Total Cost": 9.07,"Plan Rows": 80,"Plan Width": 18,"Actual Startup Time": 0.021,"Actual Total Time": 0.491,"Actual Rows": 80,"Actual Loops": 373,"Index Cond": "(ps_suppkey = supplier.s_suppkey)","Rows Removed by Index Recheck": 0}]}]}]},"Planning Time": 6.174,"Triggers": [],"Execution Time": 430.247}]
[{"Plan": {"Node Type": "Sort","Parallel Aware": false,"Async Capable": false,"Startup Cost": 10142.20,"Total Cost": 10168.87,"Plan Rows": 10667,"Plan Width": 36,"Actual Startup Time": 479.473,"Actual Total Time": 479.584,"Actual Rows": 514,"Actual Loops": 1,"Sort Key": ["(sum((partsupp.ps_supplycost * (partsupp.ps_availqty)::numeric))) DESC"],"Sort Method": "quicksort","Sort Space Used": 53,"Sort Space Type": "Memory","Plans": [{"Node Type": "Aggregate","Strategy": "Plain","Partial Mode": "Simple","Parent Relationship": "InitPlan","Subplan Name": "InitPlan 1 (returns $2)","Parallel Aware": false,"Async Capable": false,"Startup Cost": 4434.26,"Total Cost": 4434.27,"Plan Rows": 1,"Plan Width": 32,"Actual Startup Time": 141.847,"Actual Total Time": 141.875,"Actual Rows": 1,"Actual Loops": 1,"Plans": [{"Node Type": "Nested Loop","Parent Relationship": "Outer","Parallel Aware": false,"Async Capable": false,"Join Type": "Inner","Startup Cost": 7.81,"Total Cost": 4194.26,"Plan Rows": 32000,"Plan Width": 10,"Actual Startup Time": 0.217,"Actual Total Time": 133.744,"Actual Rows": 35040,"Actual Loops": 1,"Inner Unique": false,"Plans": [{"Node Type": "Nested Loop","Parent Relationship": "Outer","Parallel Aware": false,"Async Capable": false,"Join Type": "Inner","Startup Cost": 7.38,"Total Cost": 244.58,"Plan Rows": 400,"Plan Width": 4,"Actual Startup Time": 0.176,"Actual Total Time": 1.973,"Actual Rows": 438,"Actual Loops": 1,"Inner Unique": false,"Plans": [{"Node Type": "Seq Scan","Parent Relationship": "Outer","Parallel Aware": false,"Async Capable": false,"Relation Name": "nation","Alias": "nation_1","Startup Cost": 0.00,"Total Cost": 1.31,"Plan Rows": 1,"Plan Width": 4,"Actual Startup Time": 0.030,"Actual Total Time": 0.050,"Actual Rows": 1,"Actual Loops": 1,"Filter": "(n_name = 'IRAQ'::bpchar)","Rows Removed by Filter": 24},{"Node Type": "Bitmap Heap Scan","Parent Relationship": "Inner","Parallel Aware": false,"Async Capable": false,"Relation Name": "supplier","Alias": "supplier_1","Startup Cost": 7.38,"Total Cost": 239.27,"Plan Rows": 400,"Plan Width": 8,"Actual Startup Time": 0.128,"Actual Total Time": 1.851,"Actual Rows": 438,"Actual Loops": 1,"Recheck Cond": "(s_nationkey = nation_1.n_nationkey)","Rows Removed by Index Recheck": 0,"Exact Heap Blocks": 194,"Lossy Heap Blocks": 0,"Plans": [{"Node Type": "Bitmap Index Scan","Parent Relationship": "Outer","Parallel Aware": false,"Async Capable": false,"Index Name": "idx_supplier_nation_key","Startup Cost": 0.00,"Total Cost": 7.29,"Plan Rows": 400,"Plan Width": 0,"Actual Startup Time": 0.090,"Actual Total Time": 0.096,"Actual Rows": 438,"Actual Loops": 1,"Index Cond": "(s_nationkey = nation_1.n_nationkey)"}]}]},{"Node Type": "Index Scan","Parent Relationship": "Inner","Parallel Aware": false,"Async Capable": false,"Scan Direction": "Forward","Index Name": "idx_partsupp_suppkey","Relation Name": "partsupp","Alias": "partsupp_1","Startup Cost": 0.42,"Total Cost": 9.07,"Plan Rows": 80,"Plan Width": 14,"Actual Startup Time": 0.014,"Actual Total Time": 0.289,"Actual Rows": 80,"Actual Loops": 438,"Index Cond": "(ps_suppkey = supplier_1.s_suppkey)","Rows Removed by Index Recheck": 0}]}]},{"Node Type": "Aggregate","Strategy": "Hashed","Partial Mode": "Simple","Parent Relationship": "Outer","Parallel Aware": false,"Async Capable": false,"Startup Cost": 4514.26,"Total Cost": 4994.26,"Plan Rows": 10667,"Plan Width": 36,"Actual Startup Time": 398.650,"Actual Total Time": 479.180,"Actual Rows": 514,"Actual Loops": 1,"Group Key": ["partsupp.ps_partkey"],"Filter": "(sum((partsupp.ps_supplycost * (partsupp.ps_availqty)::numeric)) > $2)","Planned Partitions": 0,"HashAgg Batches": 1,"Peak Memory Usage": 17937,"Disk Usage": 0,"Rows Removed by Filter": 32385,"Plans": [{"Node Type": "Nested Loop","Parent Relationship": "Outer","Parallel Aware": false,"Async Capable": false,"Join Type": "Inner","Startup Cost": 7.81,"Total Cost": 4194.26,"Plan Rows": 32000,"Plan Width": 14,"Actual Startup Time": 0.368,"Actual Total Time": 210.024,"Actual Rows": 35040,"Actual Loops": 1,"Inner Unique": false,"Plans": [{"Node Type": "Nested Loop","Parent Relationship": "Outer","Parallel Aware": false,"Async Capable": false,"Join Type": "Inner","Startup Cost": 7.38,"Total Cost": 244.58,"Plan Rows": 400,"Plan Width": 4,"Actual Startup Time": 0.322,"Actual Total Time": 2.894,"Actual Rows": 438,"Actual Loops": 1,"Inner Unique": false,"Plans": [{"Node Type": "Seq Scan","Parent Relationship": "Outer","Parallel Aware": false,"Async Capable": false,"Relation Name": "nation","Alias": "nation","Startup Cost": 0.00,"Total Cost": 1.31,"Plan Rows": 1,"Plan Width": 4,"Actual Startup Time": 0.077,"Actual Total Time": 0.103,"Actual Rows": 1,"Actual Loops": 1,"Filter": "(n_name = 'IRAQ'::bpchar)","Rows Removed by Filter": 24},{"Node Type": "Bitmap Heap Scan","Parent Relationship": "Inner","Parallel Aware": false,"Async Capable": false,"Relation Name": "supplier","Alias": "supplier","Startup Cost": 7.38,"Total Cost": 239.27,"Plan Rows": 400,"Plan Width": 8,"Actual Startup Time": 0.239,"Actual Total Time": 2.735,"Actual Rows": 438,"Actual Loops": 1,"Recheck Cond": "(s_nationkey = nation.n_nationkey)","Rows Removed by Index Recheck": 0,"Exact Heap Blocks": 194,"Lossy Heap Blocks": 0,"Plans": [{"Node Type": "Bitmap Index Scan","Parent Relationship": "Outer","Parallel Aware": false,"Async Capable": false,"Index Name": "idx_supplier_nation_key","Startup Cost": 0.00,"Total Cost": 7.29,"Plan Rows": 400,"Plan Width": 0,"Actual Startup Time": 0.165,"Actual Total Time": 0.169,"Actual Rows": 438,"Actual Loops": 1,"Index Cond": "(s_nationkey = nation.n_nationkey)"}]}]},{"Node Type": "Index Scan","Parent Relationship": "Inner","Parallel Aware": false,"Async Capable": false,"Scan Direction": "Forward","Index Name": "idx_partsupp_suppkey","Relation Name": "partsupp","Alias": "partsupp","Startup Cost": 0.42,"Total Cost": 9.07,"Plan Rows": 80,"Plan Width": 18,"Actual Startup Time": 0.019,"Actual Total Time": 0.461,"Actual Rows": 80,"Actual Loops": 438,"Index Cond": "(ps_suppkey = supplier.s_suppkey)","Rows Removed by Index Recheck": 0}]}]}]},"Planning Time": 5.748,"Triggers": [],"Execution Time": 483.087}]
[{"Plan": {"Node Type": "Sort","Parallel Aware": false,"Async Capable": false,"Startup Cost": 10142.20,"Total Cost": 10168.87,"Plan Rows": 10667,"Plan Width": 36,"Actual Startup Time": 448.613,"Actual Total Time": 448.730,"Actual Rows": 888,"Actual Loops": 1,"Sort Key": ["(sum((partsupp.ps_supplycost * (partsupp.ps_availqty)::numeric))) DESC"],"Sort Method": "quicksort","Sort Space Used": 73,"Sort Space Type": "Memory","Plans": [{"Node Type": "Aggregate","Strategy": "Plain","Partial Mode": "Simple","Parent Relationship": "InitPlan","Subplan Name": "InitPlan 1 (returns $2)","Parallel Aware": false,"Async Capable": false,"Startup Cost": 4434.26,"Total Cost": 4434.27,"Plan Rows": 1,"Plan Width": 32,"Actual Startup Time": 133.715,"Actual Total Time": 133.740,"Actual Rows": 1,"Actual Loops": 1,"Plans": [{"Node Type": "Nested Loop","Parent Relationship": "Outer","Parallel Aware": false,"Async Capable": false,"Join Type": "Inner","Startup Cost": 7.81,"Total Cost": 4194.26,"Plan Rows": 32000,"Plan Width": 10,"Actual Startup Time": 0.220,"Actual Total Time": 126.229,"Actual Rows": 32400,"Actual Loops": 1,"Inner Unique": false,"Plans": [{"Node Type": "Nested Loop","Parent Relationship": "Outer","Parallel Aware": false,"Async Capable": false,"Join Type": "Inner","Startup Cost": 7.38,"Total Cost": 244.58,"Plan Rows": 400,"Plan Width": 4,"Actual Startup Time": 0.174,"Actual Total Time": 1.918,"Actual Rows": 405,"Actual Loops": 1,"Inner Unique": false,"Plans": [{"Node Type": "Seq Scan","Parent Relationship": "Outer","Parallel Aware": false,"Async Capable": false,"Relation Name": "nation","Alias": "nation_1","Startup Cost": 0.00,"Total Cost": 1.31,"Plan Rows": 1,"Plan Width": 4,"Actual Startup Time": 0.049,"Actual Total Time": 0.070,"Actual Rows": 1,"Actual Loops": 1,"Filter": "(n_name = 'INDONESIA'::bpchar)","Rows Removed by Filter": 24},{"Node Type": "Bitmap Heap Scan","Parent Relationship": "Inner","Parallel Aware": false,"Async Capable": false,"Relation Name": "supplier","Alias": "supplier_1","Startup Cost": 7.38,"Total Cost": 239.27,"Plan Rows": 400,"Plan Width": 8,"Actual Startup Time": 0.105,"Actual Total Time": 1.781,"Actual Rows": 405,"Actual Loops": 1,"Recheck Cond": "(s_nationkey = nation_1.n_nationkey)","Rows Removed by Index Recheck": 0,"Exact Heap Blocks": 192,"Lossy Heap Blocks": 0,"Plans": [{"Node Type": "Bitmap Index Scan","Parent Relationship": "Outer","Parallel Aware": false,"Async Capable": false,"Index Name": "idx_supplier_nation_key","Startup Cost": 0.00,"Total Cost": 7.29,"Plan Rows": 400,"Plan Width": 0,"Actual Startup Time": 0.069,"Actual Total Time": 0.075,"Actual Rows": 405,"Actual Loops": 1,"Index Cond": "(s_nationkey = nation_1.n_nationkey)"}]}]},{"Node Type": "Index Scan","Parent Relationship": "Inner","Parallel Aware": false,"Async Capable": false,"Scan Direction": "Forward","Index Name": "idx_partsupp_suppkey","Relation Name": "partsupp","Alias": "partsupp_1","Startup Cost": 0.42,"Total Cost": 9.07,"Plan Rows": 80,"Plan Width": 14,"Actual Startup Time": 0.014,"Actual Total Time": 0.294,"Actual Rows": 80,"Actual Loops": 405,"Index Cond": "(ps_suppkey = supplier_1.s_suppkey)","Rows Removed by Index Recheck": 0}]}]},{"Node Type": "Aggregate","Strategy": "Hashed","Partial Mode": "Simple","Parent Relationship": "Outer","Parallel Aware": false,"Async Capable": false,"Startup Cost": 4514.26,"Total Cost": 4994.26,"Plan Rows": 10667,"Plan Width": 36,"Actual Startup Time": 376.503,"Actual Total Time": 448.157,"Actual Rows": 888,"Actual Loops": 1,"Group Key": ["partsupp.ps_partkey"],"Filter": "(sum((partsupp.ps_supplycost * (partsupp.ps_availqty)::numeric)) > $2)","Planned Partitions": 0,"HashAgg Batches": 1,"Peak Memory Usage": 17937,"Disk Usage": 0,"Rows Removed by Filter": 29597,"Plans": [{"Node Type": "Nested Loop","Parent Relationship": "Outer","Parallel Aware": false,"Async Capable": false,"Join Type": "Inner","Startup Cost": 7.81,"Total Cost": 4194.26,"Plan Rows": 32000,"Plan Width": 14,"Actual Startup Time": 0.375,"Actual Total Time": 200.721,"Actual Rows": 32400,"Actual Loops": 1,"Inner Unique": false,"Plans": [{"Node Type": "Nested Loop","Parent Relationship": "Outer","Parallel Aware": false,"Async Capable": false,"Join Type": "Inner","Startup Cost": 7.38,"Total Cost": 244.58,"Plan Rows": 400,"Plan Width": 4,"Actual Startup Time": 0.269,"Actual Total Time": 2.791,"Actual Rows": 405,"Actual Loops": 1,"Inner Unique": false,"Plans": [{"Node Type": "Seq Scan","Parent Relationship": "Outer","Parallel Aware": false,"Async Capable": false,"Relation Name": "nation","Alias": "nation","Startup Cost": 0.00,"Total Cost": 1.31,"Plan Rows": 1,"Plan Width": 4,"Actual Startup Time": 0.076,"Actual Total Time": 0.092,"Actual Rows": 1,"Actual Loops": 1,"Filter": "(n_name = 'INDONESIA'::bpchar)","Rows Removed by Filter": 24},{"Node Type": "Bitmap Heap Scan","Parent Relationship": "Inner","Parallel Aware": false,"Async Capable": false,"Relation Name": "supplier","Alias": "supplier","Startup Cost": 7.38,"Total Cost": 239.27,"Plan Rows": 400,"Plan Width": 8,"Actual Startup Time": 0.187,"Actual Total Time": 2.648,"Actual Rows": 405,"Actual Loops": 1,"Recheck Cond": "(s_nationkey = nation.n_nationkey)","Rows Removed by Index Recheck": 0,"Exact Heap Blocks": 192,"Lossy Heap Blocks": 0,"Plans": [{"Node Type": "Bitmap Index Scan","Parent Relationship": "Outer","Parallel Aware": false,"Async Capable": false,"Index Name": "idx_supplier_nation_key","Startup Cost": 0.00,"Total Cost": 7.29,"Plan Rows": 400,"Plan Width": 0,"Actual Startup Time": 0.121,"Actual Total Time": 0.124,"Actual Rows": 405,"Actual Loops": 1,"Index Cond": "(s_nationkey = nation.n_nationkey)"}]}]},{"Node Type": "Index Scan","Parent Relationship": "Inner","Parallel Aware": false,"Async Capable": false,"Scan Direction": "Forward","Index Name": "idx_partsupp_suppkey","Relation Name": "partsupp","Alias": "partsupp","Startup Cost": 0.42,"Total Cost": 9.07,"Plan Rows": 80,"Plan Width": 18,"Actual Startup Time": 0.019,"Actual Total Time": 0.477,"Actual Rows": 80,"Actual Loops": 405,"Index Cond": "(ps_suppkey = supplier.s_suppkey)","Rows Removed by Index Recheck": 0}]}]}]},"Planning Time": 7.214,"Triggers": [],"Execution Time": 451.949}]
[{"Plan": {"Node Type": "Sort","Parallel Aware": false,"Async Capable": false,"Startup Cost": 10142.20,"Total Cost": 10168.87,"Plan Rows": 10667,"Plan Width": 36,"Actual Startup Time": 443.389,"Actual Total Time": 443.514,"Actual Rows": 1031,"Actual Loops": 1,"Sort Key": ["(sum((partsupp.ps_supplycost * (partsupp.ps_availqty)::numeric))) DESC"],"Sort Method": "quicksort","Sort Space Used": 105,"Sort Space Type": "Memory","Plans": [{"Node Type": "Aggregate","Strategy": "Plain","Partial Mode": "Simple","Parent Relationship": "InitPlan","Subplan Name": "InitPlan 1 (returns $2)","Parallel Aware": false,"Async Capable": false,"Startup Cost": 4434.26,"Total Cost": 4434.27,"Plan Rows": 1,"Plan Width": 32,"Actual Startup Time": 132.940,"Actual Total Time": 132.957,"Actual Rows": 1,"Actual Loops": 1,"Plans": [{"Node Type": "Nested Loop","Parent Relationship": "Outer","Parallel Aware": false,"Async Capable": false,"Join Type": "Inner","Startup Cost": 7.81,"Total Cost": 4194.26,"Plan Rows": 32000,"Plan Width": 10,"Actual Startup Time": 0.263,"Actual Total Time": 125.681,"Actual Rows": 31440,"Actual Loops": 1,"Inner Unique": false,"Plans": [{"Node Type": "Nested Loop","Parent Relationship": "Outer","Parallel Aware": false,"Async Capable": false,"Join Type": "Inner","Startup Cost": 7.38,"Total Cost": 244.58,"Plan Rows": 400,"Plan Width": 4,"Actual Startup Time": 0.205,"Actual Total Time": 1.775,"Actual Rows": 393,"Actual Loops": 1,"Inner Unique": false,"Plans": [{"Node Type": "Seq Scan","Parent Relationship": "Outer","Parallel Aware": false,"Async Capable": false,"Relation Name": "nation","Alias": "nation_1","Startup Cost": 0.00,"Total Cost": 1.31,"Plan Rows": 1,"Plan Width": 4,"Actual Startup Time": 0.056,"Actual Total Time": 0.062,"Actual Rows": 1,"Actual Loops": 1,"Filter": "(n_name = 'UNITED STATES'::bpchar)","Rows Removed by Filter": 24},{"Node Type": "Bitmap Heap Scan","Parent Relationship": "Inner","Parallel Aware": false,"Async Capable": false,"Relation Name": "supplier","Alias": "supplier_1","Startup Cost": 7.38,"Total Cost": 239.27,"Plan Rows": 400,"Plan Width": 8,"Actual Startup Time": 0.126,"Actual Total Time": 1.648,"Actual Rows": 393,"Actual Loops": 1,"Recheck Cond": "(s_nationkey = nation_1.n_nationkey)","Rows Removed by Index Recheck": 0,"Exact Heap Blocks": 181,"Lossy Heap Blocks": 0,"Plans": [{"Node Type": "Bitmap Index Scan","Parent Relationship": "Outer","Parallel Aware": false,"Async Capable": false,"Index Name": "idx_supplier_nation_key","Startup Cost": 0.00,"Total Cost": 7.29,"Plan Rows": 400,"Plan Width": 0,"Actual Startup Time": 0.087,"Actual Total Time": 0.091,"Actual Rows": 393,"Actual Loops": 1,"Index Cond": "(s_nationkey = nation_1.n_nationkey)"}]}]},{"Node Type": "Index Scan","Parent Relationship": "Inner","Parallel Aware": false,"Async Capable": false,"Scan Direction": "Forward","Index Name": "idx_partsupp_suppkey","Relation Name": "partsupp","Alias": "partsupp_1","Startup Cost": 0.42,"Total Cost": 9.07,"Plan Rows": 80,"Plan Width": 14,"Actual Startup Time": 0.015,"Actual Total Time": 0.303,"Actual Rows": 80,"Actual Loops": 393,"Index Cond": "(ps_suppkey = supplier_1.s_suppkey)","Rows Removed by Index Recheck": 0}]}]},{"Node Type": "Aggregate","Strategy": "Hashed","Partial Mode": "Simple","Parent Relationship": "Outer","Parallel Aware": false,"Async Capable": false,"Startup Cost": 4514.26,"Total Cost": 4994.26,"Plan Rows": 10667,"Plan Width": 36,"Actual Startup Time": 371.004,"Actual Total Time": 442.894,"Actual Rows": 1031,"Actual Loops": 1,"Group Key": ["partsupp.ps_partkey"],"Filter": "(sum((partsupp.ps_supplycost * (partsupp.ps_availqty)::numeric)) > $2)","Planned Partitions": 0,"HashAgg Batches": 1,"Peak Memory Usage": 17937,"Disk Usage": 0,"Rows Removed by Filter": 28434,"Plans": [{"Node Type": "Nested Loop","Parent Relationship": "Outer","Parallel Aware": false,"Async Capable": false,"Join Type": "Inner","Startup Cost": 7.81,"Total Cost": 4194.26,"Plan Rows": 32000,"Plan Width": 14,"Actual Startup Time": 0.317,"Actual Total Time": 191.179,"Actual Rows": 31440,"Actual Loops": 1,"Inner Unique": false,"Plans": [{"Node Type": "Nested Loop","Parent Relationship": "Outer","Parallel Aware": false,"Async Capable": false,"Join Type": "Inner","Startup Cost": 7.38,"Total Cost": 244.58,"Plan Rows": 400,"Plan Width": 4,"Actual Startup Time": 0.258,"Actual Total Time": 2.692,"Actual Rows": 393,"Actual Loops": 1,"Inner Unique": false,"Plans": [{"Node Type": "Seq Scan","Parent Relationship": "Outer","Parallel Aware": false,"Async Capable": false,"Relation Name": "nation","Alias": "nation","Startup Cost": 0.00,"Total Cost": 1.31,"Plan Rows": 1,"Plan Width": 4,"Actual Startup Time": 0.065,"Actual Total Time": 0.076,"Actual Rows": 1,"Actual Loops": 1,"Filter": "(n_name = 'UNITED STATES'::bpchar)","Rows Removed by Filter": 24},{"Node Type": "Bitmap Heap Scan","Parent Relationship": "Inner","Parallel Aware": false,"Async Capable": false,"Relation Name": "supplier","Alias": "supplier","Startup Cost": 7.38,"Total Cost": 239.27,"Plan Rows": 400,"Plan Width": 8,"Actual Startup Time": 0.185,"Actual Total Time": 2.562,"Actual Rows": 393,"Actual Loops": 1,"Recheck Cond": "(s_nationkey = nation.n_nationkey)","Rows Removed by Index Recheck": 0,"Exact Heap Blocks": 181,"Lossy Heap Blocks": 0,"Plans": [{"Node Type": "Bitmap Index Scan","Parent Relationship": "Outer","Parallel Aware": false,"Async Capable": false,"Index Name": "idx_supplier_nation_key","Startup Cost": 0.00,"Total Cost": 7.29,"Plan Rows": 400,"Plan Width": 0,"Actual Startup Time": 0.119,"Actual Total Time": 0.122,"Actual Rows": 393,"Actual Loops": 1,"Index Cond": "(s_nationkey = nation.n_nationkey)"}]}]},{"Node Type": "Index Scan","Parent Relationship": "Inner","Parallel Aware": false,"Async Capable": false,"Scan Direction": "Forward","Index Name": "idx_partsupp_suppkey","Relation Name": "partsupp","Alias": "partsupp","Startup Cost": 0.42,"Total Cost": 9.07,"Plan Rows": 80,"Plan Width": 18,"Actual Startup Time": 0.020,"Actual Total Time": 0.468,"Actual Rows": 80,"Actual Loops": 393,"Index Cond": "(ps_suppkey = supplier.s_suppkey)","Rows Removed by Index Recheck": 0}]}]}]},"Planning Time": 7.102,"Triggers": [],"Execution Time": 445.930}]
[{"Plan": {"Node Type": "Sort","Parallel Aware": false,"Async Capable": false,"Startup Cost": 10142.20,"Total Cost": 10168.87,"Plan Rows": 10667,"Plan Width": 36,"Actual Startup Time": 444.263,"Actual Total Time": 444.393,"Actual Rows": 839,"Actual Loops": 1,"Sort Key": ["(sum((partsupp.ps_supplycost * (partsupp.ps_availqty)::numeric))) DESC"],"Sort Method": "quicksort","Sort Space Used": 70,"Sort Space Type": "Memory","Plans": [{"Node Type": "Aggregate","Strategy": "Plain","Partial Mode": "Simple","Parent Relationship": "InitPlan","Subplan Name": "InitPlan 1 (returns $2)","Parallel Aware": false,"Async Capable": false,"Startup Cost": 4434.26,"Total Cost": 4434.27,"Plan Rows": 1,"Plan Width": 32,"Actual Startup Time": 130.704,"Actual Total Time": 130.725,"Actual Rows": 1,"Actual Loops": 1,"Plans": [{"Node Type": "Nested Loop","Parent Relationship": "Outer","Parallel Aware": false,"Async Capable": false,"Join Type": "Inner","Startup Cost": 7.81,"Total Cost": 4194.26,"Plan Rows": 32000,"Plan Width": 10,"Actual Startup Time": 0.144,"Actual Total Time": 123.234,"Actual Rows": 32880,"Actual Loops": 1,"Inner Unique": false,"Plans": [{"Node Type": "Nested Loop","Parent Relationship": "Outer","Parallel Aware": false,"Async Capable": false,"Join Type": "Inner","Startup Cost": 7.38,"Total Cost": 244.58,"Plan Rows": 400,"Plan Width": 4,"Actual Startup Time": 0.115,"Actual Total Time": 1.739,"Actual Rows": 411,"Actual Loops": 1,"Inner Unique": false,"Plans": [{"Node Type": "Seq Scan","Parent Relationship": "Outer","Parallel Aware": false,"Async Capable": false,"Relation Name": "nation","Alias": "nation_1","Startup Cost": 0.00,"Total Cost": 1.31,"Plan Rows": 1,"Plan Width": 4,"Actual Startup Time": 0.024,"Actual Total Time": 0.046,"Actual Rows": 1,"Actual Loops": 1,"Filter": "(n_name = 'SAUDI ARABIA'::bpchar)","Rows Removed by Filter": 24},{"Node Type": "Bitmap Heap Scan","Parent Relationship": "Inner","Parallel Aware": false,"Async Capable": false,"Relation Name": "supplier","Alias": "supplier_1","Startup Cost": 7.38,"Total Cost": 239.27,"Plan Rows": 400,"Plan Width": 8,"Actual Startup Time": 0.082,"Actual Total Time": 1.642,"Actual Rows": 411,"Actual Loops": 1,"Recheck Cond": "(s_nationkey = nation_1.n_nationkey)","Rows Removed by Index Recheck": 0,"Exact Heap Blocks": 182,"Lossy Heap Blocks": 0,"Plans": [{"Node Type": "Bitmap Index Scan","Parent Relationship": "Outer","Parallel Aware": false,"Async Capable": false,"Index Name": "idx_supplier_nation_key","Startup Cost": 0.00,"Total Cost": 7.29,"Plan Rows": 400,"Plan Width": 0,"Actual Startup Time": 0.049,"Actual Total Time": 0.055,"Actual Rows": 411,"Actual Loops": 1,"Index Cond": "(s_nationkey = nation_1.n_nationkey)"}]}]},{"Node Type": "Index Scan","Parent Relationship": "Inner","Parallel Aware": false,"Async Capable": false,"Scan Direction": "Forward","Index Name": "idx_partsupp_suppkey","Relation Name": "partsupp","Alias": "partsupp_1","Startup Cost": 0.42,"Total Cost": 9.07,"Plan Rows": 80,"Plan Width": 14,"Actual Startup Time": 0.014,"Actual Total Time": 0.283,"Actual Rows": 80,"Actual Loops": 411,"Index Cond": "(ps_suppkey = supplier_1.s_suppkey)","Rows Removed by Index Recheck": 0}]}]},{"Node Type": "Aggregate","Strategy": "Hashed","Partial Mode": "Simple","Parent Relationship": "Outer","Parallel Aware": false,"Async Capable": false,"Startup Cost": 4514.26,"Total Cost": 4994.26,"Plan Rows": 10667,"Plan Width": 36,"Actual Startup Time": 370.866,"Actual Total Time": 443.841,"Actual Rows": 839,"Actual Loops": 1,"Group Key": ["partsupp.ps_partkey"],"Filter": "(sum((partsupp.ps_supplycost * (partsupp.ps_availqty)::numeric)) > $2)","Planned Partitions": 0,"HashAgg Batches": 1,"Peak Memory Usage": 17937,"Disk Usage": 0,"Rows Removed by Filter": 30007,"Plans": [{"Node Type": "Nested Loop","Parent Relationship": "Outer","Parallel Aware": false,"Async Capable": false,"Join Type": "Inner","Startup Cost": 7.81,"Total Cost": 4194.26,"Plan Rows": 32000,"Plan Width": 14,"Actual Startup Time": 0.339,"Actual Total Time": 197.388,"Actual Rows": 32880,"Actual Loops": 1,"Inner Unique": false,"Plans": [{"Node Type": "Nested Loop","Parent Relationship": "Outer","Parallel Aware": false,"Async Capable": false,"Join Type": "Inner","Startup Cost": 7.38,"Total Cost": 244.58,"Plan Rows": 400,"Plan Width": 4,"Actual Startup Time": 0.236,"Actual Total Time": 2.786,"Actual Rows": 411,"Actual Loops": 1,"Inner Unique": false,"Plans": [{"Node Type": "Seq Scan","Parent Relationship": "Outer","Parallel Aware": false,"Async Capable": false,"Relation Name": "nation","Alias": "nation","Startup Cost": 0.00,"Total Cost": 1.31,"Plan Rows": 1,"Plan Width": 4,"Actual Startup Time": 0.067,"Actual Total Time": 0.078,"Actual Rows": 1,"Actual Loops": 1,"Filter": "(n_name = 'SAUDI ARABIA'::bpchar)","Rows Removed by Filter": 24},{"Node Type": "Bitmap Heap Scan","Parent Relationship": "Inner","Parallel Aware": false,"Async Capable": false,"Relation Name": "supplier","Alias": "supplier","Startup Cost": 7.38,"Total Cost": 239.27,"Plan Rows": 400,"Plan Width": 8,"Actual Startup Time": 0.164,"Actual Total Time": 2.651,"Actual Rows": 411,"Actual Loops": 1,"Recheck Cond": "(s_nationkey = nation.n_nationkey)","Rows Removed by Index Recheck": 0,"Exact Heap Blocks": 182,"Lossy Heap Blocks": 0,"Plans": [{"Node Type": "Bitmap Index Scan","Parent Relationship": "Outer","Parallel Aware": false,"Async Capable": false,"Index Name": "idx_supplier_nation_key","Startup Cost": 0.00,"Total Cost": 7.29,"Plan Rows": 400,"Plan Width": 0,"Actual Startup Time": 0.119,"Actual Total Time": 0.120,"Actual Rows": 411,"Actual Loops": 1,"Index Cond": "(s_nationkey = nation.n_nationkey)"}]}]},{"Node Type": "Index Scan","Parent Relationship": "Inner","Parallel Aware": false,"Async Capable": false,"Scan Direction": "Forward","Index Name": "idx_partsupp_suppkey","Relation Name": "partsupp","Alias": "partsupp","Startup Cost": 0.42,"Total Cost": 9.07,"Plan Rows": 80,"Plan Width": 18,"Actual Startup Time": 0.019,"Actual Total Time": 0.462,"Actual Rows": 80,"Actual Loops": 411,"Index Cond": "(ps_suppkey = supplier.s_suppkey)","Rows Removed by Index Recheck": 0}]}]}]},"Planning Time": 5.661,"Triggers": [],"Execution Time": 447.485}]
[{"Plan": {"Node Type": "Sort","Parallel Aware": false,"Async Capable": false,"Startup Cost": 10142.20,"Total Cost": 10168.87,"Plan Rows": 10667,"Plan Width": 36,"Actual Startup Time": 449.560,"Actual Total Time": 449.671,"Actual Rows": 907,"Actual Loops": 1,"Sort Key": ["(sum((partsupp.ps_supplycost * (partsupp.ps_availqty)::numeric))) DESC"],"Sort Method": "quicksort","Sort Space Used": 74,"Sort Space Type": "Memory","Plans": [{"Node Type": "Aggregate","Strategy": "Plain","Partial Mode": "Simple","Parent Relationship": "InitPlan","Subplan Name": "InitPlan 1 (returns $2)","Parallel Aware": false,"Async Capable": false,"Startup Cost": 4434.26,"Total Cost": 4434.27,"Plan Rows": 1,"Plan Width": 32,"Actual Startup Time": 134.911,"Actual Total Time": 134.932,"Actual Rows": 1,"Actual Loops": 1,"Plans": [{"Node Type": "Nested Loop","Parent Relationship": "Outer","Parallel Aware": false,"Async Capable": false,"Join Type": "Inner","Startup Cost": 7.81,"Total Cost": 4194.26,"Plan Rows": 32000,"Plan Width": 10,"Actual Startup Time": 0.196,"Actual Total Time": 127.626,"Actual Rows": 31760,"Actual Loops": 1,"Inner Unique": false,"Plans": [{"Node Type": "Nested Loop","Parent Relationship": "Outer","Parallel Aware": false,"Async Capable": false,"Join Type": "Inner","Startup Cost": 7.38,"Total Cost": 244.58,"Plan Rows": 400,"Plan Width": 4,"Actual Startup Time": 0.146,"Actual Total Time": 1.719,"Actual Rows": 397,"Actual Loops": 1,"Inner Unique": false,"Plans": [{"Node Type": "Seq Scan","Parent Relationship": "Outer","Parallel Aware": false,"Async Capable": false,"Relation Name": "nation","Alias": "nation_1","Startup Cost": 0.00,"Total Cost": 1.31,"Plan Rows": 1,"Plan Width": 4,"Actual Startup Time": 0.024,"Actual Total Time": 0.052,"Actual Rows": 1,"Actual Loops": 1,"Filter": "(n_name = 'BRAZIL'::bpchar)","Rows Removed by Filter": 24},{"Node Type": "Bitmap Heap Scan","Parent Relationship": "Inner","Parallel Aware": false,"Async Capable": false,"Relation Name": "supplier","Alias": "supplier_1","Startup Cost": 7.38,"Total Cost": 239.27,"Plan Rows": 400,"Plan Width": 8,"Actual Startup Time": 0.105,"Actual Total Time": 1.602,"Actual Rows": 397,"Actual Loops": 1,"Recheck Cond": "(s_nationkey = nation_1.n_nationkey)","Rows Removed by Index Recheck": 0,"Exact Heap Blocks": 187,"Lossy Heap Blocks": 0,"Plans": [{"Node Type": "Bitmap Index Scan","Parent Relationship": "Outer","Parallel Aware": false,"Async Capable": false,"Index Name": "idx_supplier_nation_key","Startup Cost": 0.00,"Total Cost": 7.29,"Plan Rows": 400,"Plan Width": 0,"Actual Startup Time": 0.071,"Actual Total Time": 0.077,"Actual Rows": 397,"Actual Loops": 1,"Index Cond": "(s_nationkey = nation_1.n_nationkey)"}]}]},{"Node Type": "Index Scan","Parent Relationship": "Inner","Parallel Aware": false,"Async Capable": false,"Scan Direction": "Forward","Index Name": "idx_partsupp_suppkey","Relation Name": "partsupp","Alias": "partsupp_1","Startup Cost": 0.42,"Total Cost": 9.07,"Plan Rows": 80,"Plan Width": 14,"Actual Startup Time": 0.015,"Actual Total Time": 0.304,"Actual Rows": 80,"Actual Loops": 397,"Index Cond": "(ps_suppkey = supplier_1.s_suppkey)","Rows Removed by Index Recheck": 0}]}]},{"Node Type": "Aggregate","Strategy": "Hashed","Partial Mode": "Simple","Parent Relationship": "Outer","Parallel Aware": false,"Async Capable": false,"Startup Cost": 4514.26,"Total Cost": 4994.26,"Plan Rows": 10667,"Plan Width": 36,"Actual Startup Time": 378.380,"Actual Total Time": 449.162,"Actual Rows": 907,"Actual Loops": 1,"Group Key": ["partsupp.ps_partkey"],"Filter": "(sum((partsupp.ps_supplycost * (partsupp.ps_availqty)::numeric)) > $2)","Planned Partitions": 0,"HashAgg Batches": 1,"Peak Memory Usage": 17937,"Disk Usage": 0,"Rows Removed by Filter": 29157,"Plans": [{"Node Type": "Nested Loop","Parent Relationship": "Outer","Parallel Aware": false,"Async Capable": false,"Join Type": "Inner","Startup Cost": 7.81,"Total Cost": 4194.26,"Plan Rows": 32000,"Plan Width": 14,"Actual Startup Time": 0.353,"Actual Total Time": 195.500,"Actual Rows": 31760,"Actual Loops": 1,"Inner Unique": false,"Plans": [{"Node Type": "Nested Loop","Parent Relationship": "Outer","Parallel Aware": false,"Async Capable": false,"Join Type": "Inner","Startup Cost": 7.38,"Total Cost": 244.58,"Plan Rows": 400,"Plan Width": 4,"Actual Startup Time": 0.264,"Actual Total Time": 2.773,"Actual Rows": 397,"Actual Loops": 1,"Inner Unique": false,"Plans": [{"Node Type": "Seq Scan","Parent Relationship": "Outer","Parallel Aware": false,"Async Capable": false,"Relation Name": "nation","Alias": "nation","Startup Cost": 0.00,"Total Cost": 1.31,"Plan Rows": 1,"Plan Width": 4,"Actual Startup Time": 0.057,"Actual Total Time": 0.077,"Actual Rows": 1,"Actual Loops": 1,"Filter": "(n_name = 'BRAZIL'::bpchar)","Rows Removed by Filter": 24},{"Node Type": "Bitmap Heap Scan","Parent Relationship": "Inner","Parallel Aware": false,"Async Capable": false,"Relation Name": "supplier","Alias": "supplier","Startup Cost": 7.38,"Total Cost": 239.27,"Plan Rows": 400,"Plan Width": 8,"Actual Startup Time": 0.205,"Actual Total Time": 2.649,"Actual Rows": 397,"Actual Loops": 1,"Recheck Cond": "(s_nationkey = nation.n_nationkey)","Rows Removed by Index Recheck": 0,"Exact Heap Blocks": 187,"Lossy Heap Blocks": 0,"Plans": [{"Node Type": "Bitmap Index Scan","Parent Relationship": "Outer","Parallel Aware": false,"Async Capable": false,"Index Name": "idx_supplier_nation_key","Startup Cost": 0.00,"Total Cost": 7.29,"Plan Rows": 400,"Plan Width": 0,"Actual Startup Time": 0.130,"Actual Total Time": 0.131,"Actual Rows": 397,"Actual Loops": 1,"Index Cond": "(s_nationkey = nation.n_nationkey)"}]}]},{"Node Type": "Index Scan","Parent Relationship": "Inner","Parallel Aware": false,"Async Capable": false,"Scan Direction": "Forward","Index Name": "idx_partsupp_suppkey","Relation Name": "partsupp","Alias": "partsupp","Startup Cost": 0.42,"Total Cost": 9.07,"Plan Rows": 80,"Plan Width": 18,"Actual Startup Time": 0.020,"Actual Total Time": 0.474,"Actual Rows": 80,"Actual Loops": 397,"Index Cond": "(ps_suppkey = supplier.s_suppkey)","Rows Removed by Index Recheck": 0}]}]}]},"Planning Time": 5.165,"Triggers": [],"Execution Time": 452.133}]
[{"Plan": {"Node Type": "Sort","Parallel Aware": false,"Async Capable": false,"Startup Cost": 10142.20,"Total Cost": 10168.87,"Plan Rows": 10667,"Plan Width": 36,"Actual Startup Time": 454.370,"Actual Total Time": 454.495,"Actual Rows": 925,"Actual Loops": 1,"Sort Key": ["(sum((partsupp.ps_supplycost * (partsupp.ps_availqty)::numeric))) DESC"],"Sort Method": "quicksort","Sort Space Used": 75,"Sort Space Type": "Memory","Plans": [{"Node Type": "Aggregate","Strategy": "Plain","Partial Mode": "Simple","Parent Relationship": "InitPlan","Subplan Name": "InitPlan 1 (returns $2)","Parallel Aware": false,"Async Capable": false,"Startup Cost": 4434.26,"Total Cost": 4434.27,"Plan Rows": 1,"Plan Width": 32,"Actual Startup Time": 135.908,"Actual Total Time": 135.923,"Actual Rows": 1,"Actual Loops": 1,"Plans": [{"Node Type": "Nested Loop","Parent Relationship": "Outer","Parallel Aware": false,"Async Capable": false,"Join Type": "Inner","Startup Cost": 7.81,"Total Cost": 4194.26,"Plan Rows": 32000,"Plan Width": 10,"Actual Startup Time": 0.237,"Actual Total Time": 128.564,"Actual Rows": 31840,"Actual Loops": 1,"Inner Unique": false,"Plans": [{"Node Type": "Nested Loop","Parent Relationship": "Outer","Parallel Aware": false,"Async Capable": false,"Join Type": "Inner","Startup Cost": 7.38,"Total Cost": 244.58,"Plan Rows": 400,"Plan Width": 4,"Actual Startup Time": 0.190,"Actual Total Time": 1.776,"Actual Rows": 398,"Actual Loops": 1,"Inner Unique": false,"Plans": [{"Node Type": "Seq Scan","Parent Relationship": "Outer","Parallel Aware": false,"Async Capable": false,"Relation Name": "nation","Alias": "nation_1","Startup Cost": 0.00,"Total Cost": 1.31,"Plan Rows": 1,"Plan Width": 4,"Actual Startup Time": 0.045,"Actual Total Time": 0.060,"Actual Rows": 1,"Actual Loops": 1,"Filter": "(n_name = 'ROMANIA'::bpchar)","Rows Removed by Filter": 24},{"Node Type": "Bitmap Heap Scan","Parent Relationship": "Inner","Parallel Aware": false,"Async Capable": false,"Relation Name": "supplier","Alias": "supplier_1","Startup Cost": 7.38,"Total Cost": 239.27,"Plan Rows": 400,"Plan Width": 8,"Actual Startup Time": 0.127,"Actual Total Time": 1.656,"Actual Rows": 398,"Actual Loops": 1,"Recheck Cond": "(s_nationkey = nation_1.n_nationkey)","Rows Removed by Index Recheck": 0,"Exact Heap Blocks": 186,"Lossy Heap Blocks": 0,"Plans": [{"Node Type": "Bitmap Index Scan","Parent Relationship": "Outer","Parallel Aware": false,"Async Capable": false,"Index Name": "idx_supplier_nation_key","Startup Cost": 0.00,"Total Cost": 7.29,"Plan Rows": 400,"Plan Width": 0,"Actual Startup Time": 0.081,"Actual Total Time": 0.084,"Actual Rows": 398,"Actual Loops": 1,"Index Cond": "(s_nationkey = nation_1.n_nationkey)"}]}]},{"Node Type": "Index Scan","Parent Relationship": "Inner","Parallel Aware": false,"Async Capable": false,"Scan Direction": "Forward","Index Name": "idx_partsupp_suppkey","Relation Name": "partsupp","Alias": "partsupp_1","Startup Cost": 0.42,"Total Cost": 9.07,"Plan Rows": 80,"Plan Width": 14,"Actual Startup Time": 0.015,"Actual Total Time": 0.306,"Actual Rows": 80,"Actual Loops": 398,"Index Cond": "(ps_suppkey = supplier_1.s_suppkey)","Rows Removed by Index Recheck": 0}]}]},{"Node Type": "Aggregate","Strategy": "Hashed","Partial Mode": "Simple","Parent Relationship": "Outer","Parallel Aware": false,"Async Capable": false,"Startup Cost": 4514.26,"Total Cost": 4994.26,"Plan Rows": 10667,"Plan Width": 36,"Actual Startup Time": 383.049,"Actual Total Time": 453.972,"Actual Rows": 925,"Actual Loops": 1,"Group Key": ["partsupp.ps_partkey"],"Filter": "(sum((partsupp.ps_supplycost * (partsupp.ps_availqty)::numeric)) > $2)","Planned Partitions": 0,"HashAgg Batches": 1,"Peak Memory Usage": 17937,"Disk Usage": 0,"Rows Removed by Filter": 29106,"Plans": [{"Node Type": "Nested Loop","Parent Relationship": "Outer","Parallel Aware": false,"Async Capable": false,"Join Type": "Inner","Startup Cost": 7.81,"Total Cost": 4194.26,"Plan Rows": 32000,"Plan Width": 14,"Actual Startup Time": 0.324,"Actual Total Time": 197.326,"Actual Rows": 31840,"Actual Loops": 1,"Inner Unique": false,"Plans": [{"Node Type": "Nested Loop","Parent Relationship": "Outer","Parallel Aware": false,"Async Capable": false,"Join Type": "Inner","Startup Cost": 7.38,"Total Cost": 244.58,"Plan Rows": 400,"Plan Width": 4,"Actual Startup Time": 0.245,"Actual Total Time": 2.763,"Actual Rows": 398,"Actual Loops": 1,"Inner Unique": false,"Plans": [{"Node Type": "Seq Scan","Parent Relationship": "Outer","Parallel Aware": false,"Async Capable": false,"Relation Name": "nation","Alias": "nation","Startup Cost": 0.00,"Total Cost": 1.31,"Plan Rows": 1,"Plan Width": 4,"Actual Startup Time": 0.070,"Actual Total Time": 0.094,"Actual Rows": 1,"Actual Loops": 1,"Filter": "(n_name = 'ROMANIA'::bpchar)","Rows Removed by Filter": 24},{"Node Type": "Bitmap Heap Scan","Parent Relationship": "Inner","Parallel Aware": false,"Async Capable": false,"Relation Name": "supplier","Alias": "supplier","Startup Cost": 7.38,"Total Cost": 239.27,"Plan Rows": 400,"Plan Width": 8,"Actual Startup Time": 0.167,"Actual Total Time": 2.613,"Actual Rows": 398,"Actual Loops": 1,"Recheck Cond": "(s_nationkey = nation.n_nationkey)","Rows Removed by Index Recheck": 0,"Exact Heap Blocks": 186,"Lossy Heap Blocks": 0,"Plans": [{"Node Type": "Bitmap Index Scan","Parent Relationship": "Outer","Parallel Aware": false,"Async Capable": false,"Index Name": "idx_supplier_nation_key","Startup Cost": 0.00,"Total Cost": 7.29,"Plan Rows": 400,"Plan Width": 0,"Actual Startup Time": 0.108,"Actual Total Time": 0.110,"Actual Rows": 398,"Actual Loops": 1,"Index Cond": "(s_nationkey = nation.n_nationkey)"}]}]},{"Node Type": "Index Scan","Parent Relationship": "Inner","Parallel Aware": false,"Async Capable": false,"Scan Direction": "Forward","Index Name": "idx_partsupp_suppkey","Relation Name": "partsupp","Alias": "partsupp","Startup Cost": 0.42,"Total Cost": 9.07,"Plan Rows": 80,"Plan Width": 18,"Actual Startup Time": 0.020,"Actual Total Time": 0.477,"Actual Rows": 80,"Actual Loops": 398,"Index Cond": "(ps_suppkey = supplier.s_suppkey)","Rows Removed by Index Recheck": 0}]}]}]},"Planning Time": 5.113,"Triggers": [],"Execution Time": 456.866}]
[{"Plan": {"Node Type": "Sort","Parallel Aware": false,"Async Capable": false,"Startup Cost": 10142.20,"Total Cost": 10168.87,"Plan Rows": 10667,"Plan Width": 36,"Actual Startup Time": 454.370,"Actual Total Time": 454.495,"Actual Rows": 925,"Actual Loops": 1,"Sort Key": ["(sum((partsupp.ps_supplycost * (partsupp.ps_availqty)::numeric))) DESC"],"Sort Method": "quicksort","Sort Space Used": 75,"Sort Space Type": "Memory","Plans": [{"Node Type": "Aggregate","Strategy": "Plain","Partial Mode": "Simple","Parent Relationship": "InitPlan","Subplan Name": "InitPlan 1 (returns $2)","Parallel Aware": false,"Async Capable": false,"Startup Cost": 4434.26,"Total Cost": 4434.27,"Plan Rows": 1,"Plan Width": 32,"Actual Startup Time": 135.908,"Actual Total Time": 135.923,"Actual Rows": 1,"Actual Loops": 1,"Plans": [{"Node Type": "Nested Loop","Parent Relationship": "Outer","Parallel Aware": false,"Async Capable": false,"Join Type": "Inner","Startup Cost": 7.81,"Total Cost": 4194.26,"Plan Rows": 32000,"Plan Width": 10,"Actual Startup Time": 0.237,"Actual Total Time": 128.564,"Actual Rows": 31840,"Actual Loops": 1,"Inner Unique": false,"Plans": [{"Node Type": "Nested Loop","Parent Relationship": "Outer","Parallel Aware": false,"Async Capable": false,"Join Type": "Inner","Startup Cost": 7.38,"Total Cost": 244.58,"Plan Rows": 400,"Plan Width": 4,"Actual Startup Time": 0.190,"Actual Total Time": 1.776,"Actual Rows": 398,"Actual Loops": 1,"Inner Unique": false,"Plans": [{"Node Type": "Seq Scan","Parent Relationship": "Outer","Parallel Aware": false,"Async Capable": false,"Relation Name": "nation","Alias": "nation_1","Startup Cost": 0.00,"Total Cost": 1.31,"Plan Rows": 1,"Plan Width": 4,"Actual Startup Time": 0.045,"Actual Total Time": 0.060,"Actual Rows": 1,"Actual Loops": 1,"Filter": "(n_name = 'ROMANIA'::bpchar)","Rows Removed by Filter": 24},{"Node Type": "Bitmap Heap Scan","Parent Relationship": "Inner","Parallel Aware": false,"Async Capable": false,"Relation Name": "supplier","Alias": "supplier_1","Startup Cost": 7.38,"Total Cost": 239.27,"Plan Rows": 400,"Plan Width": 8,"Actual Startup Time": 0.127,"Actual Total Time": 1.656,"Actual Rows": 398,"Actual Loops": 1,"Recheck Cond": "(s_nationkey = nation_1.n_nationkey)","Rows Removed by Index Recheck": 0,"Exact Heap Blocks": 186,"Lossy Heap Blocks": 0,"Plans": [{"Node Type": "Bitmap Index Scan","Parent Relationship": "Outer","Parallel Aware": false,"Async Capable": false,"Index Name": "idx_supplier_nation_key","Startup Cost": 0.00,"Total Cost": 7.29,"Plan Rows": 400,"Plan Width": 0,"Actual Startup Time": 0.081,"Actual Total Time": 0.084,"Actual Rows": 398,"Actual Loops": 1,"Index Cond": "(s_nationkey = nation_1.n_nationkey)"}]}]},{"Node Type": "Index Scan","Parent Relationship": "Inner","Parallel Aware": false,"Async Capable": false,"Scan Direction": "Forward","Index Name": "idx_partsupp_suppkey","Relation Name": "partsupp","Alias": "partsupp_1","Startup Cost": 0.42,"Total Cost": 9.07,"Plan Rows": 80,"Plan Width": 14,"Actual Startup Time": 0.015,"Actual Total Time": 0.306,"Actual Rows": 80,"Actual Loops": 398,"Index Cond": "(ps_suppkey = supplier_1.s_suppkey)","Rows Removed by Index Recheck": 0}]}]},{"Node Type": "Aggregate","Strategy": "Hashed","Partial Mode": "Simple","Parent Relationship": "Outer","Parallel Aware": false,"Async Capable": false,"Startup Cost": 4514.26,"Total Cost": 4994.26,"Plan Rows": 10667,"Plan Width": 36,"Actual Startup Time": 383.049,"Actual Total Time": 453.972,"Actual Rows": 925,"Actual Loops": 1,"Group Key": ["partsupp.ps_partkey"],"Filter": "(sum((partsupp.ps_supplycost * (partsupp.ps_availqty)::numeric)) > $2)","Planned Partitions": 0,"HashAgg Batches": 1,"Peak Memory Usage": 17937,"Disk Usage": 0,"Rows Removed by Filter": 29106,"Plans": [{"Node Type": "Nested Loop","Parent Relationship": "Outer","Parallel Aware": false,"Async Capable": false,"Join Type": "Inner","Startup Cost": 7.81,"Total Cost": 4194.26,"Plan Rows": 32000,"Plan Width": 14,"Actual Startup Time": 0.324,"Actual Total Time": 197.326,"Actual Rows": 31840,"Actual Loops": 1,"Inner Unique": false,"Plans": [{"Node Type": "Nested Loop","Parent Relationship": "Outer","Parallel Aware": false,"Async Capable": false,"Join Type": "Inner","Startup Cost": 7.38,"Total Cost": 244.58,"Plan Rows": 400,"Plan Width": 4,"Actual Startup Time": 0.245,"Actual Total Time": 2.763,"Actual Rows": 398,"Actual Loops": 1,"Inner Unique": false,"Plans": [{"Node Type": "Seq Scan","Parent Relationship": "Outer","Parallel Aware": false,"Async Capable": false,"Relation Name": "nation","Alias": "nation","Startup Cost": 0.00,"Total Cost": 1.31,"Plan Rows": 1,"Plan Width": 4,"Actual Startup Time": 0.070,"Actual Total Time": 0.094,"Actual Rows": 1,"Actual Loops": 1,"Filter": "(n_name = 'ROMANIA'::bpchar)","Rows Removed by Filter": 24},{"Node Type": "Bitmap Heap Scan","Parent Relationship": "Inner","Parallel Aware": false,"Async Capable": false,"Relation Name": "supplier","Alias": "supplier","Startup Cost": 7.38,"Total Cost": 239.27,"Plan Rows": 400,"Plan Width": 8,"Actual Startup Time": 0.167,"Actual Total Time": 2.613,"Actual Rows": 398,"Actual Loops": 1,"Recheck Cond": "(s_nationkey = nation.n_nationkey)","Rows Removed by Index Recheck": 0,"Exact Heap Blocks": 186,"Lossy Heap Blocks": 0,"Plans": [{"Node Type": "Bitmap Index Scan","Parent Relationship": "Outer","Parallel Aware": false,"Async Capable": false,"Index Name": "idx_supplier_nation_key","Startup Cost": 0.00,"Total Cost": 7.29,"Plan Rows": 400,"Plan Width": 0,"Actual Startup Time": 0.108,"Actual Total Time": 0.110,"Actual Rows": 398,"Actual Loops": 1,"Index Cond": "(s_nationkey = nation.n_nationkey)"}]}]},{"Node Type": "Index Scan","Parent Relationship": "Inner","Parallel Aware": false,"Async Capable": false,"Scan Direction": "Forward","Index Name": "idx_partsupp_suppkey","Relation Name": "partsupp","Alias": "partsupp","Startup Cost": 0.42,"Total Cost": 9.07,"Plan Rows": 80,"Plan Width": 18,"Actual Startup Time": 0.020,"Actual Total Time": 0.477,"Actual Rows": 80,"Actual Loops": 398,"Index Cond": "(ps_suppkey = supplier.s_suppkey)","Rows Removed by Index Recheck": 0}]}]}]},"Planning Time": 5.113,"Triggers": [],"Execution Time": 456.866}]
[{"Plan": {"Node Type": "Sort","Parallel Aware": false,"Async Capable": false,"Startup Cost": 10142.20,"Total Cost": 10168.87,"Plan Rows": 10667,"Plan Width": 36,"Actual Startup Time": 460.124,"Actual Total Time": 460.279,"Actual Rows": 753,"Actual Loops": 1,"Sort Key": ["(sum((partsupp.ps_supplycost * (partsupp.ps_availqty)::numeric))) DESC"],"Sort Method": "quicksort","Sort Space Used": 66,"Sort Space Type": "Memory","Plans": [{"Node Type": "Aggregate","Strategy": "Plain","Partial Mode": "Simple","Parent Relationship": "InitPlan","Subplan Name": "InitPlan 1 (returns $2)","Parallel Aware": false,"Async Capable": false,"Startup Cost": 4434.26,"Total Cost": 4434.27,"Plan Rows": 1,"Plan Width": 32,"Actual Startup Time": 134.377,"Actual Total Time": 134.409,"Actual Rows": 1,"Actual Loops": 1,"Plans": [{"Node Type": "Nested Loop","Parent Relationship": "Outer","Parallel Aware": false,"Async Capable": false,"Join Type": "Inner","Startup Cost": 7.81,"Total Cost": 4194.26,"Plan Rows": 32000,"Plan Width": 10,"Actual Startup Time": 0.237,"Actual Total Time": 126.748,"Actual Rows": 33200,"Actual Loops": 1,"Inner Unique": false,"Plans": [{"Node Type": "Nested Loop","Parent Relationship": "Outer","Parallel Aware": false,"Async Capable": false,"Join Type": "Inner","Startup Cost": 7.38,"Total Cost": 244.58,"Plan Rows": 400,"Plan Width": 4,"Actual Startup Time": 0.181,"Actual Total Time": 1.854,"Actual Rows": 415,"Actual Loops": 1,"Inner Unique": false,"Plans": [{"Node Type": "Seq Scan","Parent Relationship": "Outer","Parallel Aware": false,"Async Capable": false,"Relation Name": "nation","Alias": "nation_1","Startup Cost": 0.00,"Total Cost": 1.31,"Plan Rows": 1,"Plan Width": 4,"Actual Startup Time": 0.049,"Actual Total Time": 0.067,"Actual Rows": 1,"Actual Loops": 1,"Filter": "(n_name = 'INDIA'::bpchar)","Rows Removed by Filter": 24},{"Node Type": "Bitmap Heap Scan","Parent Relationship": "Inner","Parallel Aware": false,"Async Capable": false,"Relation Name": "supplier","Alias": "supplier_1","Startup Cost": 7.38,"Total Cost": 239.27,"Plan Rows": 400,"Plan Width": 8,"Actual Startup Time": 0.112,"Actual Total Time": 1.723,"Actual Rows": 415,"Actual Loops": 1,"Recheck Cond": "(s_nationkey = nation_1.n_nationkey)","Rows Removed by Index Recheck": 0,"Exact Heap Blocks": 186,"Lossy Heap Blocks": 0,"Plans": [{"Node Type": "Bitmap Index Scan","Parent Relationship": "Outer","Parallel Aware": false,"Async Capable": false,"Index Name": "idx_supplier_nation_key","Startup Cost": 0.00,"Total Cost": 7.29,"Plan Rows": 400,"Plan Width": 0,"Actual Startup Time": 0.076,"Actual Total Time": 0.083,"Actual Rows": 415,"Actual Loops": 1,"Index Cond": "(s_nationkey = nation_1.n_nationkey)"}]}]},{"Node Type": "Index Scan","Parent Relationship": "Inner","Parallel Aware": false,"Async Capable": false,"Scan Direction": "Forward","Index Name": "idx_partsupp_suppkey","Relation Name": "partsupp","Alias": "partsupp_1","Startup Cost": 0.42,"Total Cost": 9.07,"Plan Rows": 80,"Plan Width": 14,"Actual Startup Time": 0.014,"Actual Total Time": 0.289,"Actual Rows": 80,"Actual Loops": 415,"Index Cond": "(ps_suppkey = supplier_1.s_suppkey)","Rows Removed by Index Recheck": 0}]}]},{"Node Type": "Aggregate","Strategy": "Hashed","Partial Mode": "Simple","Parent Relationship": "Outer","Parallel Aware": false,"Async Capable": false,"Startup Cost": 4514.26,"Total Cost": 4994.26,"Plan Rows": 10667,"Plan Width": 36,"Actual Startup Time": 384.255,"Actual Total Time": 459.696,"Actual Rows": 753,"Actual Loops": 1,"Group Key": ["partsupp.ps_partkey"],"Filter": "(sum((partsupp.ps_supplycost * (partsupp.ps_availqty)::numeric)) > $2)","Planned Partitions": 0,"HashAgg Batches": 1,"Peak Memory Usage": 17937,"Disk Usage": 0,"Rows Removed by Filter": 30329,"Plans": [{"Node Type": "Nested Loop","Parent Relationship": "Outer","Parallel Aware": false,"Async Capable": false,"Join Type": "Inner","Startup Cost": 7.81,"Total Cost": 4194.26,"Plan Rows": 32000,"Plan Width": 14,"Actual Startup Time": 0.331,"Actual Total Time": 205.215,"Actual Rows": 33200,"Actual Loops": 1,"Inner Unique": false,"Plans": [{"Node Type": "Nested Loop","Parent Relationship": "Outer","Parallel Aware": false,"Async Capable": false,"Join Type": "Inner","Startup Cost": 7.38,"Total Cost": 244.58,"Plan Rows": 400,"Plan Width": 4,"Actual Startup Time": 0.285,"Actual Total Time": 2.795,"Actual Rows": 415,"Actual Loops": 1,"Inner Unique": false,"Plans": [{"Node Type": "Seq Scan","Parent Relationship": "Outer","Parallel Aware": false,"Async Capable": false,"Relation Name": "nation","Alias": "nation","Startup Cost": 0.00,"Total Cost": 1.31,"Plan Rows": 1,"Plan Width": 4,"Actual Startup Time": 0.073,"Actual Total Time": 0.100,"Actual Rows": 1,"Actual Loops": 1,"Filter": "(n_name = 'INDIA'::bpchar)","Rows Removed by Filter": 24},{"Node Type": "Bitmap Heap Scan","Parent Relationship": "Inner","Parallel Aware": false,"Async Capable": false,"Relation Name": "supplier","Alias": "supplier","Startup Cost": 7.38,"Total Cost": 239.27,"Plan Rows": 400,"Plan Width": 8,"Actual Startup Time": 0.206,"Actual Total Time": 2.634,"Actual Rows": 415,"Actual Loops": 1,"Recheck Cond": "(s_nationkey = nation.n_nationkey)","Rows Removed by Index Recheck": 0,"Exact Heap Blocks": 186,"Lossy Heap Blocks": 0,"Plans": [{"Node Type": "Bitmap Index Scan","Parent Relationship": "Outer","Parallel Aware": false,"Async Capable": false,"Index Name": "idx_supplier_nation_key","Startup Cost": 0.00,"Total Cost": 7.29,"Plan Rows": 400,"Plan Width": 0,"Actual Startup Time": 0.132,"Actual Total Time": 0.135,"Actual Rows": 415,"Actual Loops": 1,"Index Cond": "(s_nationkey = nation.n_nationkey)"}]}]},{"Node Type": "Index Scan","Parent Relationship": "Inner","Parallel Aware": false,"Async Capable": false,"Scan Direction": "Forward","Index Name": "idx_partsupp_suppkey","Relation Name": "partsupp","Alias": "partsupp","Startup Cost": 0.42,"Total Cost": 9.07,"Plan Rows": 80,"Plan Width": 18,"Actual Startup Time": 0.019,"Actual Total Time": 0.476,"Actual Rows": 80,"Actual Loops": 415,"Index Cond": "(ps_suppkey = supplier.s_suppkey)","Rows Removed by Index Recheck": 0}]}]}]},"Planning Time": 5.856,"Triggers": [],"Execution Time": 463.781}]
[{"Plan": {"Node Type": "Sort","Parallel Aware": false,"Async Capable": false,"Startup Cost": 10142.20,"Total Cost": 10168.87,"Plan Rows": 10667,"Plan Width": 36,"Actual Startup Time": 427.262,"Actual Total Time": 427.423,"Actual Rows": 1241,"Actual Loops": 1,"Sort Key": ["(sum((partsupp.ps_supplycost * (partsupp.ps_availqty)::numeric))) DESC"],"Sort Method": "quicksort","Sort Space Used": 116,"Sort Space Type": "Memory","Plans": [{"Node Type": "Aggregate","Strategy": "Plain","Partial Mode": "Simple","Parent Relationship": "InitPlan","Subplan Name": "InitPlan 1 (returns $2)","Parallel Aware": false,"Async Capable": false,"Startup Cost": 4434.26,"Total Cost": 4434.27,"Plan Rows": 1,"Plan Width": 32,"Actual Startup Time": 127.406,"Actual Total Time": 127.426,"Actual Rows": 1,"Actual Loops": 1,"Plans": [{"Node Type": "Nested Loop","Parent Relationship": "Outer","Parallel Aware": false,"Async Capable": false,"Join Type": "Inner","Startup Cost": 7.81,"Total Cost": 4194.26,"Plan Rows": 32000,"Plan Width": 10,"Actual Startup Time": 0.226,"Actual Total Time": 120.281,"Actual Rows": 30400,"Actual Loops": 1,"Inner Unique": false,"Plans": [{"Node Type": "Nested Loop","Parent Relationship": "Outer","Parallel Aware": false,"Async Capable": false,"Join Type": "Inner","Startup Cost": 7.38,"Total Cost": 244.58,"Plan Rows": 400,"Plan Width": 4,"Actual Startup Time": 0.174,"Actual Total Time": 1.741,"Actual Rows": 380,"Actual Loops": 1,"Inner Unique": false,"Plans": [{"Node Type": "Seq Scan","Parent Relationship": "Outer","Parallel Aware": false,"Async Capable": false,"Relation Name": "nation","Alias": "nation_1","Startup Cost": 0.00,"Total Cost": 1.31,"Plan Rows": 1,"Plan Width": 4,"Actual Startup Time": 0.028,"Actual Total Time": 0.042,"Actual Rows": 1,"Actual Loops": 1,"Filter": "(n_name = 'ETHIOPIA'::bpchar)","Rows Removed by Filter": 24},{"Node Type": "Bitmap Heap Scan","Parent Relationship": "Inner","Parallel Aware": false,"Async Capable": false,"Relation Name": "supplier","Alias": "supplier_1","Startup Cost": 7.38,"Total Cost": 239.27,"Plan Rows": 400,"Plan Width": 8,"Actual Startup Time": 0.130,"Actual Total Time": 1.641,"Actual Rows": 380,"Actual Loops": 1,"Recheck Cond": "(s_nationkey = nation_1.n_nationkey)","Rows Removed by Index Recheck": 0,"Exact Heap Blocks": 192,"Lossy Heap Blocks": 0,"Plans": [{"Node Type": "Bitmap Index Scan","Parent Relationship": "Outer","Parallel Aware": false,"Async Capable": false,"Index Name": "idx_supplier_nation_key","Startup Cost": 0.00,"Total Cost": 7.29,"Plan Rows": 400,"Plan Width": 0,"Actual Startup Time": 0.089,"Actual Total Time": 0.091,"Actual Rows": 380,"Actual Loops": 1,"Index Cond": "(s_nationkey = nation_1.n_nationkey)"}]}]},{"Node Type": "Index Scan","Parent Relationship": "Inner","Parallel Aware": false,"Async Capable": false,"Scan Direction": "Forward","Index Name": "idx_partsupp_suppkey","Relation Name": "partsupp","Alias": "partsupp_1","Startup Cost": 0.42,"Total Cost": 9.07,"Plan Rows": 80,"Plan Width": 14,"Actual Startup Time": 0.015,"Actual Total Time": 0.299,"Actual Rows": 80,"Actual Loops": 380,"Index Cond": "(ps_suppkey = supplier_1.s_suppkey)","Rows Removed by Index Recheck": 0}]}]},{"Node Type": "Aggregate","Strategy": "Hashed","Partial Mode": "Simple","Parent Relationship": "Outer","Parallel Aware": false,"Async Capable": false,"Startup Cost": 4514.26,"Total Cost": 4994.26,"Plan Rows": 10667,"Plan Width": 36,"Actual Startup Time": 359.706,"Actual Total Time": 426.732,"Actual Rows": 1241,"Actual Loops": 1,"Group Key": ["partsupp.ps_partkey"],"Filter": "(sum((partsupp.ps_supplycost * (partsupp.ps_availqty)::numeric)) > $2)","Planned Partitions": 0,"HashAgg Batches": 1,"Peak Memory Usage": 17937,"Disk Usage": 0,"Rows Removed by Filter": 27374,"Plans": [{"Node Type": "Nested Loop","Parent Relationship": "Outer","Parallel Aware": false,"Async Capable": false,"Join Type": "Inner","Startup Cost": 7.81,"Total Cost": 4194.26,"Plan Rows": 32000,"Plan Width": 14,"Actual Startup Time": 0.377,"Actual Total Time": 187.744,"Actual Rows": 30400,"Actual Loops": 1,"Inner Unique": false,"Plans": [{"Node Type": "Nested Loop","Parent Relationship": "Outer","Parallel Aware": false,"Async Capable": false,"Join Type": "Inner","Startup Cost": 7.38,"Total Cost": 244.58,"Plan Rows": 400,"Plan Width": 4,"Actual Startup Time": 0.305,"Actual Total Time": 2.864,"Actual Rows": 380,"Actual Loops": 1,"Inner Unique": false,"Plans": [{"Node Type": "Seq Scan","Parent Relationship": "Outer","Parallel Aware": false,"Async Capable": false,"Relation Name": "nation","Alias": "nation","Startup Cost": 0.00,"Total Cost": 1.31,"Plan Rows": 1,"Plan Width": 4,"Actual Startup Time": 0.073,"Actual Total Time": 0.091,"Actual Rows": 1,"Actual Loops": 1,"Filter": "(n_name = 'ETHIOPIA'::bpchar)","Rows Removed by Filter": 24},{"Node Type": "Bitmap Heap Scan","Parent Relationship": "Inner","Parallel Aware": false,"Async Capable": false,"Relation Name": "supplier","Alias": "supplier","Startup Cost": 7.38,"Total Cost": 239.27,"Plan Rows": 400,"Plan Width": 8,"Actual Startup Time": 0.228,"Actual Total Time": 2.728,"Actual Rows": 380,"Actual Loops": 1,"Recheck Cond": "(s_nationkey = nation.n_nationkey)","Rows Removed by Index Recheck": 0,"Exact Heap Blocks": 192,"Lossy Heap Blocks": 0,"Plans": [{"Node Type": "Bitmap Index Scan","Parent Relationship": "Outer","Parallel Aware": false,"Async Capable": false,"Index Name": "idx_supplier_nation_key","Startup Cost": 0.00,"Total Cost": 7.29,"Plan Rows": 400,"Plan Width": 0,"Actual Startup Time": 0.146,"Actual Total Time": 0.146,"Actual Rows": 380,"Actual Loops": 1,"Index Cond": "(s_nationkey = nation.n_nationkey)"}]}]},{"Node Type": "Index Scan","Parent Relationship": "Inner","Parallel Aware": false,"Async Capable": false,"Scan Direction": "Forward","Index Name": "idx_partsupp_suppkey","Relation Name": "partsupp","Alias": "partsupp","Startup Cost": 0.42,"Total Cost": 9.07,"Plan Rows": 80,"Plan Width": 18,"Actual Startup Time": 0.020,"Actual Total Time": 0.475,"Actual Rows": 80,"Actual Loops": 380,"Index Cond": "(ps_suppkey = supplier.s_suppkey)","Rows Removed by Index Recheck": 0}]}]}]},"Planning Time": 7.180,"Triggers": [],"Execution Time": 429.797}]
[{"Plan": {"Node Type": "Sort","Parallel Aware": false,"Async Capable": false,"Startup Cost": 10142.20,"Total Cost": 10168.87,"Plan Rows": 10667,"Plan Width": 36,"Actual Startup Time": 400.788,"Actual Total Time": 400.942,"Actual Rows": 1469,"Actual Loops": 1,"Sort Key": ["(sum((partsupp.ps_supplycost * (partsupp.ps_availqty)::numeric))) DESC"],"Sort Method": "quicksort","Sort Space Used": 129,"Sort Space Type": "Memory","Plans": [{"Node Type": "Aggregate","Strategy": "Plain","Partial Mode": "Simple","Parent Relationship": "InitPlan","Subplan Name": "InitPlan 1 (returns $2)","Parallel Aware": false,"Async Capable": false,"Startup Cost": 4434.26,"Total Cost": 4434.27,"Plan Rows": 1,"Plan Width": 32,"Actual Startup Time": 117.250,"Actual Total Time": 117.272,"Actual Rows": 1,"Actual Loops": 1,"Plans": [{"Node Type": "Nested Loop","Parent Relationship": "Outer","Parallel Aware": false,"Async Capable": false,"Join Type": "Inner","Startup Cost": 7.81,"Total Cost": 4194.26,"Plan Rows": 32000,"Plan Width": 10,"Actual Startup Time": 0.216,"Actual Total Time": 110.575,"Actual Rows": 28960,"Actual Loops": 1,"Inner Unique": false,"Plans": [{"Node Type": "Nested Loop","Parent Relationship": "Outer","Parallel Aware": false,"Async Capable": false,"Join Type": "Inner","Startup Cost": 7.38,"Total Cost": 244.58,"Plan Rows": 400,"Plan Width": 4,"Actual Startup Time": 0.161,"Actual Total Time": 1.515,"Actual Rows": 362,"Actual Loops": 1,"Inner Unique": false,"Plans": [{"Node Type": "Seq Scan","Parent Relationship": "Outer","Parallel Aware": false,"Async Capable": false,"Relation Name": "nation","Alias": "nation_1","Startup Cost": 0.00,"Total Cost": 1.31,"Plan Rows": 1,"Plan Width": 4,"Actual Startup Time": 0.032,"Actual Total Time": 0.051,"Actual Rows": 1,"Actual Loops": 1,"Filter": "(n_name = 'JORDAN'::bpchar)","Rows Removed by Filter": 24},{"Node Type": "Bitmap Heap Scan","Parent Relationship": "Inner","Parallel Aware": false,"Async Capable": false,"Relation Name": "supplier","Alias": "supplier_1","Startup Cost": 7.38,"Total Cost": 239.27,"Plan Rows": 400,"Plan Width": 8,"Actual Startup Time": 0.117,"Actual Total Time": 1.415,"Actual Rows": 362,"Actual Loops": 1,"Recheck Cond": "(s_nationkey = nation_1.n_nationkey)","Rows Removed by Index Recheck": 0,"Exact Heap Blocks": 166,"Lossy Heap Blocks": 0,"Plans": [{"Node Type": "Bitmap Index Scan","Parent Relationship": "Outer","Parallel Aware": false,"Async Capable": false,"Index Name": "idx_supplier_nation_key","Startup Cost": 0.00,"Total Cost": 7.29,"Plan Rows": 400,"Plan Width": 0,"Actual Startup Time": 0.075,"Actual Total Time": 0.079,"Actual Rows": 362,"Actual Loops": 1,"Index Cond": "(s_nationkey = nation_1.n_nationkey)"}]}]},{"Node Type": "Index Scan","Parent Relationship": "Inner","Parallel Aware": false,"Async Capable": false,"Scan Direction": "Forward","Index Name": "idx_partsupp_suppkey","Relation Name": "partsupp","Alias": "partsupp_1","Startup Cost": 0.42,"Total Cost": 9.07,"Plan Rows": 80,"Plan Width": 14,"Actual Startup Time": 0.014,"Actual Total Time": 0.289,"Actual Rows": 80,"Actual Loops": 362,"Index Cond": "(ps_suppkey = supplier_1.s_suppkey)","Rows Removed by Index Recheck": 0}]}]},{"Node Type": "Aggregate","Strategy": "Hashed","Partial Mode": "Simple","Parent Relationship": "Outer","Parallel Aware": false,"Async Capable": false,"Startup Cost": 4514.26,"Total Cost": 4994.26,"Plan Rows": 10667,"Plan Width": 36,"Actual Startup Time": 338.606,"Actual Total Time": 400.138,"Actual Rows": 1469,"Actual Loops": 1,"Group Key": ["partsupp.ps_partkey"],"Filter": "(sum((partsupp.ps_supplycost * (partsupp.ps_availqty)::numeric)) > $2)","Planned Partitions": 0,"HashAgg Batches": 1,"Peak Memory Usage": 17937,"Disk Usage": 0,"Rows Removed by Filter": 25896,"Plans": [{"Node Type": "Nested Loop","Parent Relationship": "Outer","Parallel Aware": false,"Async Capable": false,"Join Type": "Inner","Startup Cost": 7.81,"Total Cost": 4194.26,"Plan Rows": 32000,"Plan Width": 14,"Actual Startup Time": 0.314,"Actual Total Time": 181.118,"Actual Rows": 28960,"Actual Loops": 1,"Inner Unique": false,"Plans": [{"Node Type": "Nested Loop","Parent Relationship": "Outer","Parallel Aware": false,"Async Capable": false,"Join Type": "Inner","Startup Cost": 7.38,"Total Cost": 244.58,"Plan Rows": 400,"Plan Width": 4,"Actual Startup Time": 0.258,"Actual Total Time": 2.692,"Actual Rows": 362,"Actual Loops": 1,"Inner Unique": false,"Plans": [{"Node Type": "Seq Scan","Parent Relationship": "Outer","Parallel Aware": false,"Async Capable": false,"Relation Name": "nation","Alias": "nation","Startup Cost": 0.00,"Total Cost": 1.31,"Plan Rows": 1,"Plan Width": 4,"Actual Startup Time": 0.077,"Actual Total Time": 0.107,"Actual Rows": 1,"Actual Loops": 1,"Filter": "(n_name = 'JORDAN'::bpchar)","Rows Removed by Filter": 24},{"Node Type": "Bitmap Heap Scan","Parent Relationship": "Inner","Parallel Aware": false,"Async Capable": false,"Relation Name": "supplier","Alias": "supplier","Startup Cost": 7.38,"Total Cost": 239.27,"Plan Rows": 400,"Plan Width": 8,"Actual Startup Time": 0.172,"Actual Total Time": 2.539,"Actual Rows": 362,"Actual Loops": 1,"Recheck Cond": "(s_nationkey = nation.n_nationkey)","Rows Removed by Index Recheck": 0,"Exact Heap Blocks": 166,"Lossy Heap Blocks": 0,"Plans": [{"Node Type": "Bitmap Index Scan","Parent Relationship": "Outer","Parallel Aware": false,"Async Capable": false,"Index Name": "idx_supplier_nation_key","Startup Cost": 0.00,"Total Cost": 7.29,"Plan Rows": 400,"Plan Width": 0,"Actual Startup Time": 0.117,"Actual Total Time": 0.118,"Actual Rows": 362,"Actual Loops": 1,"Index Cond": "(s_nationkey = nation.n_nationkey)"}]}]},{"Node Type": "Index Scan","Parent Relationship": "Inner","Parallel Aware": false,"Async Capable": false,"Scan Direction": "Forward","Index Name": "idx_partsupp_suppkey","Relation Name": "partsupp","Alias": "partsupp","Startup Cost": 0.42,"Total Cost": 9.07,"Plan Rows": 80,"Plan Width": 18,"Actual Startup Time": 0.019,"Actual Total Time": 0.481,"Actual Rows": 80,"Actual Loops": 362,"Index Cond": "(ps_suppkey = supplier.s_suppkey)","Rows Removed by Index Recheck": 0}]}]}]},"Planning Time": 6.843,"Triggers": [],"Execution Time": 403.999}]
[{"Plan": {"Node Type": "Sort","Parallel Aware": false,"Async Capable": false,"Startup Cost": 10142.20,"Total Cost": 10168.87,"Plan Rows": 10667,"Plan Width": 36,"Actual Startup Time": 463.200,"Actual Total Time": 463.334,"Actual Rows": 786,"Actual Loops": 1,"Sort Key": ["(sum((partsupp.ps_supplycost * (partsupp.ps_availqty)::numeric))) DESC"],"Sort Method": "quicksort","Sort Space Used": 67,"Sort Space Type": "Memory","Plans": [{"Node Type": "Aggregate","Strategy": "Plain","Partial Mode": "Simple","Parent Relationship": "InitPlan","Subplan Name": "InitPlan 1 (returns $2)","Parallel Aware": false,"Async Capable": false,"Startup Cost": 4434.26,"Total Cost": 4434.27,"Plan Rows": 1,"Plan Width": 32,"Actual Startup Time": 138.217,"Actual Total Time": 138.241,"Actual Rows": 1,"Actual Loops": 1,"Plans": [{"Node Type": "Nested Loop","Parent Relationship": "Outer","Parallel Aware": false,"Async Capable": false,"Join Type": "Inner","Startup Cost": 7.81,"Total Cost": 4194.26,"Plan Rows": 32000,"Plan Width": 10,"Actual Startup Time": 0.203,"Actual Total Time": 130.632,"Actual Rows": 33040,"Actual Loops": 1,"Inner Unique": false,"Plans": [{"Node Type": "Nested Loop","Parent Relationship": "Outer","Parallel Aware": false,"Async Capable": false,"Join Type": "Inner","Startup Cost": 7.38,"Total Cost": 244.58,"Plan Rows": 400,"Plan Width": 4,"Actual Startup Time": 0.159,"Actual Total Time": 1.911,"Actual Rows": 413,"Actual Loops": 1,"Inner Unique": false,"Plans": [{"Node Type": "Seq Scan","Parent Relationship": "Outer","Parallel Aware": false,"Async Capable": false,"Relation Name": "nation","Alias": "nation_1","Startup Cost": 0.00,"Total Cost": 1.31,"Plan Rows": 1,"Plan Width": 4,"Actual Startup Time": 0.020,"Actual Total Time": 0.050,"Actual Rows": 1,"Actual Loops": 1,"Filter": "(n_name = 'ARGENTINA'::bpchar)","Rows Removed by Filter": 24},{"Node Type": "Bitmap Heap Scan","Parent Relationship": "Inner","Parallel Aware": false,"Async Capable": false,"Relation Name": "supplier","Alias": "supplier_1","Startup Cost": 7.38,"Total Cost": 239.27,"Plan Rows": 400,"Plan Width": 8,"Actual Startup Time": 0.122,"Actual Total Time": 1.805,"Actual Rows": 413,"Actual Loops": 1,"Recheck Cond": "(s_nationkey = nation_1.n_nationkey)","Rows Removed by Index Recheck": 0,"Exact Heap Blocks": 190,"Lossy Heap Blocks": 0,"Plans": [{"Node Type": "Bitmap Index Scan","Parent Relationship": "Outer","Parallel Aware": false,"Async Capable": false,"Index Name": "idx_supplier_nation_key","Startup Cost": 0.00,"Total Cost": 7.29,"Plan Rows": 400,"Plan Width": 0,"Actual Startup Time": 0.076,"Actual Total Time": 0.082,"Actual Rows": 413,"Actual Loops": 1,"Index Cond": "(s_nationkey = nation_1.n_nationkey)"}]}]},{"Node Type": "Index Scan","Parent Relationship": "Inner","Parallel Aware": false,"Async Capable": false,"Scan Direction": "Forward","Index Name": "idx_partsupp_suppkey","Relation Name": "partsupp","Alias": "partsupp_1","Startup Cost": 0.42,"Total Cost": 9.07,"Plan Rows": 80,"Plan Width": 14,"Actual Startup Time": 0.015,"Actual Total Time": 0.299,"Actual Rows": 80,"Actual Loops": 413,"Index Cond": "(ps_suppkey = supplier_1.s_suppkey)","Rows Removed by Index Recheck": 0}]}]},{"Node Type": "Aggregate","Strategy": "Hashed","Partial Mode": "Simple","Parent Relationship": "Outer","Parallel Aware": false,"Async Capable": false,"Startup Cost": 4514.26,"Total Cost": 4994.26,"Plan Rows": 10667,"Plan Width": 36,"Actual Startup Time": 387.894,"Actual Total Time": 462.834,"Actual Rows": 786,"Actual Loops": 1,"Group Key": ["partsupp.ps_partkey"],"Filter": "(sum((partsupp.ps_supplycost * (partsupp.ps_availqty)::numeric)) > $2)","Planned Partitions": 0,"HashAgg Batches": 1,"Peak Memory Usage": 17937,"Disk Usage": 0,"Rows Removed by Filter": 30324,"Plans": [{"Node Type": "Nested Loop","Parent Relationship": "Outer","Parallel Aware": false,"Async Capable": false,"Join Type": "Inner","Startup Cost": 7.81,"Total Cost": 4194.26,"Plan Rows": 32000,"Plan Width": 14,"Actual Startup Time": 0.397,"Actual Total Time": 197.172,"Actual Rows": 33040,"Actual Loops": 1,"Inner Unique": false,"Plans": [{"Node Type": "Nested Loop","Parent Relationship": "Outer","Parallel Aware": false,"Async Capable": false,"Join Type": "Inner","Startup Cost": 7.38,"Total Cost": 244.58,"Plan Rows": 400,"Plan Width": 4,"Actual Startup Time": 0.324,"Actual Total Time": 2.886,"Actual Rows": 413,"Actual Loops": 1,"Inner Unique": false,"Plans": [{"Node Type": "Seq Scan","Parent Relationship": "Outer","Parallel Aware": false,"Async Capable": false,"Relation Name": "nation","Alias": "nation","Startup Cost": 0.00,"Total Cost": 1.31,"Plan Rows": 1,"Plan Width": 4,"Actual Startup Time": 0.073,"Actual Total Time": 0.106,"Actual Rows": 1,"Actual Loops": 1,"Filter": "(n_name = 'ARGENTINA'::bpchar)","Rows Removed by Filter": 24},{"Node Type": "Bitmap Heap Scan","Parent Relationship": "Inner","Parallel Aware": false,"Async Capable": false,"Relation Name": "supplier","Alias": "supplier","Startup Cost": 7.38,"Total Cost": 239.27,"Plan Rows": 400,"Plan Width": 8,"Actual Startup Time": 0.246,"Actual Total Time": 2.727,"Actual Rows": 413,"Actual Loops": 1,"Recheck Cond": "(s_nationkey = nation.n_nationkey)","Rows Removed by Index Recheck": 0,"Exact Heap Blocks": 190,"Lossy Heap Blocks": 0,"Plans": [{"Node Type": "Bitmap Index Scan","Parent Relationship": "Outer","Parallel Aware": false,"Async Capable": false,"Index Name": "idx_supplier_nation_key","Startup Cost": 0.00,"Total Cost": 7.29,"Plan Rows": 400,"Plan Width": 0,"Actual Startup Time": 0.154,"Actual Total Time": 0.156,"Actual Rows": 413,"Actual Loops": 1,"Index Cond": "(s_nationkey = nation.n_nationkey)"}]}]},{"Node Type": "Index Scan","Parent Relationship": "Inner","Parallel Aware": false,"Async Capable": false,"Scan Direction": "Forward","Index Name": "idx_partsupp_suppkey","Relation Name": "partsupp","Alias": "partsupp","Startup Cost": 0.42,"Total Cost": 9.07,"Plan Rows": 80,"Plan Width": 18,"Actual Startup Time": 0.020,"Actual Total Time": 0.459,"Actual Rows": 80,"Actual Loops": 413,"Index Cond": "(ps_suppkey = supplier.s_suppkey)","Rows Removed by Index Recheck": 0}]}]}]},"Planning Time": 6.005,"Triggers": [],"Execution Time": 466.166}]
[{"Plan": {"Node Type": "Sort","Parallel Aware": false,"Async Capable": false,"Startup Cost": 10142.20,"Total Cost": 10168.87,"Plan Rows": 10667,"Plan Width": 36,"Actual Startup Time": 463.200,"Actual Total Time": 463.334,"Actual Rows": 786,"Actual Loops": 1,"Sort Key": ["(sum((partsupp.ps_supplycost * (partsupp.ps_availqty)::numeric))) DESC"],"Sort Method": "quicksort","Sort Space Used": 67,"Sort Space Type": "Memory","Plans": [{"Node Type": "Aggregate","Strategy": "Plain","Partial Mode": "Simple","Parent Relationship": "InitPlan","Subplan Name": "InitPlan 1 (returns $2)","Parallel Aware": false,"Async Capable": false,"Startup Cost": 4434.26,"Total Cost": 4434.27,"Plan Rows": 1,"Plan Width": 32,"Actual Startup Time": 138.217,"Actual Total Time": 138.241,"Actual Rows": 1,"Actual Loops": 1,"Plans": [{"Node Type": "Nested Loop","Parent Relationship": "Outer","Parallel Aware": false,"Async Capable": false,"Join Type": "Inner","Startup Cost": 7.81,"Total Cost": 4194.26,"Plan Rows": 32000,"Plan Width": 10,"Actual Startup Time": 0.203,"Actual Total Time": 130.632,"Actual Rows": 33040,"Actual Loops": 1,"Inner Unique": false,"Plans": [{"Node Type": "Nested Loop","Parent Relationship": "Outer","Parallel Aware": false,"Async Capable": false,"Join Type": "Inner","Startup Cost": 7.38,"Total Cost": 244.58,"Plan Rows": 400,"Plan Width": 4,"Actual Startup Time": 0.159,"Actual Total Time": 1.911,"Actual Rows": 413,"Actual Loops": 1,"Inner Unique": false,"Plans": [{"Node Type": "Seq Scan","Parent Relationship": "Outer","Parallel Aware": false,"Async Capable": false,"Relation Name": "nation","Alias": "nation_1","Startup Cost": 0.00,"Total Cost": 1.31,"Plan Rows": 1,"Plan Width": 4,"Actual Startup Time": 0.020,"Actual Total Time": 0.050,"Actual Rows": 1,"Actual Loops": 1,"Filter": "(n_name = 'ARGENTINA'::bpchar)","Rows Removed by Filter": 24},{"Node Type": "Bitmap Heap Scan","Parent Relationship": "Inner","Parallel Aware": false,"Async Capable": false,"Relation Name": "supplier","Alias": "supplier_1","Startup Cost": 7.38,"Total Cost": 239.27,"Plan Rows": 400,"Plan Width": 8,"Actual Startup Time": 0.122,"Actual Total Time": 1.805,"Actual Rows": 413,"Actual Loops": 1,"Recheck Cond": "(s_nationkey = nation_1.n_nationkey)","Rows Removed by Index Recheck": 0,"Exact Heap Blocks": 190,"Lossy Heap Blocks": 0,"Plans": [{"Node Type": "Bitmap Index Scan","Parent Relationship": "Outer","Parallel Aware": false,"Async Capable": false,"Index Name": "idx_supplier_nation_key","Startup Cost": 0.00,"Total Cost": 7.29,"Plan Rows": 400,"Plan Width": 0,"Actual Startup Time": 0.076,"Actual Total Time": 0.082,"Actual Rows": 413,"Actual Loops": 1,"Index Cond": "(s_nationkey = nation_1.n_nationkey)"}]}]},{"Node Type": "Index Scan","Parent Relationship": "Inner","Parallel Aware": false,"Async Capable": false,"Scan Direction": "Forward","Index Name": "idx_partsupp_suppkey","Relation Name": "partsupp","Alias": "partsupp_1","Startup Cost": 0.42,"Total Cost": 9.07,"Plan Rows": 80,"Plan Width": 14,"Actual Startup Time": 0.015,"Actual Total Time": 0.299,"Actual Rows": 80,"Actual Loops": 413,"Index Cond": "(ps_suppkey = supplier_1.s_suppkey)","Rows Removed by Index Recheck": 0}]}]},{"Node Type": "Aggregate","Strategy": "Hashed","Partial Mode": "Simple","Parent Relationship": "Outer","Parallel Aware": false,"Async Capable": false,"Startup Cost": 4514.26,"Total Cost": 4994.26,"Plan Rows": 10667,"Plan Width": 36,"Actual Startup Time": 387.894,"Actual Total Time": 462.834,"Actual Rows": 786,"Actual Loops": 1,"Group Key": ["partsupp.ps_partkey"],"Filter": "(sum((partsupp.ps_supplycost * (partsupp.ps_availqty)::numeric)) > $2)","Planned Partitions": 0,"HashAgg Batches": 1,"Peak Memory Usage": 17937,"Disk Usage": 0,"Rows Removed by Filter": 30324,"Plans": [{"Node Type": "Nested Loop","Parent Relationship": "Outer","Parallel Aware": false,"Async Capable": false,"Join Type": "Inner","Startup Cost": 7.81,"Total Cost": 4194.26,"Plan Rows": 32000,"Plan Width": 14,"Actual Startup Time": 0.397,"Actual Total Time": 197.172,"Actual Rows": 33040,"Actual Loops": 1,"Inner Unique": false,"Plans": [{"Node Type": "Nested Loop","Parent Relationship": "Outer","Parallel Aware": false,"Async Capable": false,"Join Type": "Inner","Startup Cost": 7.38,"Total Cost": 244.58,"Plan Rows": 400,"Plan Width": 4,"Actual Startup Time": 0.324,"Actual Total Time": 2.886,"Actual Rows": 413,"Actual Loops": 1,"Inner Unique": false,"Plans": [{"Node Type": "Seq Scan","Parent Relationship": "Outer","Parallel Aware": false,"Async Capable": false,"Relation Name": "nation","Alias": "nation","Startup Cost": 0.00,"Total Cost": 1.31,"Plan Rows": 1,"Plan Width": 4,"Actual Startup Time": 0.073,"Actual Total Time": 0.106,"Actual Rows": 1,"Actual Loops": 1,"Filter": "(n_name = 'ARGENTINA'::bpchar)","Rows Removed by Filter": 24},{"Node Type": "Bitmap Heap Scan","Parent Relationship": "Inner","Parallel Aware": false,"Async Capable": false,"Relation Name": "supplier","Alias": "supplier","Startup Cost": 7.38,"Total Cost": 239.27,"Plan Rows": 400,"Plan Width": 8,"Actual Startup Time": 0.246,"Actual Total Time": 2.727,"Actual Rows": 413,"Actual Loops": 1,"Recheck Cond": "(s_nationkey = nation.n_nationkey)","Rows Removed by Index Recheck": 0,"Exact Heap Blocks": 190,"Lossy Heap Blocks": 0,"Plans": [{"Node Type": "Bitmap Index Scan","Parent Relationship": "Outer","Parallel Aware": false,"Async Capable": false,"Index Name": "idx_supplier_nation_key","Startup Cost": 0.00,"Total Cost": 7.29,"Plan Rows": 400,"Plan Width": 0,"Actual Startup Time": 0.154,"Actual Total Time": 0.156,"Actual Rows": 413,"Actual Loops": 1,"Index Cond": "(s_nationkey = nation.n_nationkey)"}]}]},{"Node Type": "Index Scan","Parent Relationship": "Inner","Parallel Aware": false,"Async Capable": false,"Scan Direction": "Forward","Index Name": "idx_partsupp_suppkey","Relation Name": "partsupp","Alias": "partsupp","Startup Cost": 0.42,"Total Cost": 9.07,"Plan Rows": 80,"Plan Width": 18,"Actual Startup Time": 0.020,"Actual Total Time": 0.459,"Actual Rows": 80,"Actual Loops": 413,"Index Cond": "(ps_suppkey = supplier.s_suppkey)","Rows Removed by Index Recheck": 0}]}]}]},"Planning Time": 6.005,"Triggers": [],"Execution Time": 466.166}]
[{"Plan": {"Node Type": "Sort","Parallel Aware": false,"Async Capable": false,"Startup Cost": 10142.20,"Total Cost": 10168.87,"Plan Rows": 10667,"Plan Width": 36,"Actual Startup Time": 427.262,"Actual Total Time": 427.423,"Actual Rows": 1241,"Actual Loops": 1,"Sort Key": ["(sum((partsupp.ps_supplycost * (partsupp.ps_availqty)::numeric))) DESC"],"Sort Method": "quicksort","Sort Space Used": 116,"Sort Space Type": "Memory","Plans": [{"Node Type": "Aggregate","Strategy": "Plain","Partial Mode": "Simple","Parent Relationship": "InitPlan","Subplan Name": "InitPlan 1 (returns $2)","Parallel Aware": false,"Async Capable": false,"Startup Cost": 4434.26,"Total Cost": 4434.27,"Plan Rows": 1,"Plan Width": 32,"Actual Startup Time": 127.406,"Actual Total Time": 127.426,"Actual Rows": 1,"Actual Loops": 1,"Plans": [{"Node Type": "Nested Loop","Parent Relationship": "Outer","Parallel Aware": false,"Async Capable": false,"Join Type": "Inner","Startup Cost": 7.81,"Total Cost": 4194.26,"Plan Rows": 32000,"Plan Width": 10,"Actual Startup Time": 0.226,"Actual Total Time": 120.281,"Actual Rows": 30400,"Actual Loops": 1,"Inner Unique": false,"Plans": [{"Node Type": "Nested Loop","Parent Relationship": "Outer","Parallel Aware": false,"Async Capable": false,"Join Type": "Inner","Startup Cost": 7.38,"Total Cost": 244.58,"Plan Rows": 400,"Plan Width": 4,"Actual Startup Time": 0.174,"Actual Total Time": 1.741,"Actual Rows": 380,"Actual Loops": 1,"Inner Unique": false,"Plans": [{"Node Type": "Seq Scan","Parent Relationship": "Outer","Parallel Aware": false,"Async Capable": false,"Relation Name": "nation","Alias": "nation_1","Startup Cost": 0.00,"Total Cost": 1.31,"Plan Rows": 1,"Plan Width": 4,"Actual Startup Time": 0.028,"Actual Total Time": 0.042,"Actual Rows": 1,"Actual Loops": 1,"Filter": "(n_name = 'ETHIOPIA'::bpchar)","Rows Removed by Filter": 24},{"Node Type": "Bitmap Heap Scan","Parent Relationship": "Inner","Parallel Aware": false,"Async Capable": false,"Relation Name": "supplier","Alias": "supplier_1","Startup Cost": 7.38,"Total Cost": 239.27,"Plan Rows": 400,"Plan Width": 8,"Actual Startup Time": 0.130,"Actual Total Time": 1.641,"Actual Rows": 380,"Actual Loops": 1,"Recheck Cond": "(s_nationkey = nation_1.n_nationkey)","Rows Removed by Index Recheck": 0,"Exact Heap Blocks": 192,"Lossy Heap Blocks": 0,"Plans": [{"Node Type": "Bitmap Index Scan","Parent Relationship": "Outer","Parallel Aware": false,"Async Capable": false,"Index Name": "idx_supplier_nation_key","Startup Cost": 0.00,"Total Cost": 7.29,"Plan Rows": 400,"Plan Width": 0,"Actual Startup Time": 0.089,"Actual Total Time": 0.091,"Actual Rows": 380,"Actual Loops": 1,"Index Cond": "(s_nationkey = nation_1.n_nationkey)"}]}]},{"Node Type": "Index Scan","Parent Relationship": "Inner","Parallel Aware": false,"Async Capable": false,"Scan Direction": "Forward","Index Name": "idx_partsupp_suppkey","Relation Name": "partsupp","Alias": "partsupp_1","Startup Cost": 0.42,"Total Cost": 9.07,"Plan Rows": 80,"Plan Width": 14,"Actual Startup Time": 0.015,"Actual Total Time": 0.299,"Actual Rows": 80,"Actual Loops": 380,"Index Cond": "(ps_suppkey = supplier_1.s_suppkey)","Rows Removed by Index Recheck": 0}]}]},{"Node Type": "Aggregate","Strategy": "Hashed","Partial Mode": "Simple","Parent Relationship": "Outer","Parallel Aware": false,"Async Capable": false,"Startup Cost": 4514.26,"Total Cost": 4994.26,"Plan Rows": 10667,"Plan Width": 36,"Actual Startup Time": 359.706,"Actual Total Time": 426.732,"Actual Rows": 1241,"Actual Loops": 1,"Group Key": ["partsupp.ps_partkey"],"Filter": "(sum((partsupp.ps_supplycost * (partsupp.ps_availqty)::numeric)) > $2)","Planned Partitions": 0,"HashAgg Batches": 1,"Peak Memory Usage": 17937,"Disk Usage": 0,"Rows Removed by Filter": 27374,"Plans": [{"Node Type": "Nested Loop","Parent Relationship": "Outer","Parallel Aware": false,"Async Capable": false,"Join Type": "Inner","Startup Cost": 7.81,"Total Cost": 4194.26,"Plan Rows": 32000,"Plan Width": 14,"Actual Startup Time": 0.377,"Actual Total Time": 187.744,"Actual Rows": 30400,"Actual Loops": 1,"Inner Unique": false,"Plans": [{"Node Type": "Nested Loop","Parent Relationship": "Outer","Parallel Aware": false,"Async Capable": false,"Join Type": "Inner","Startup Cost": 7.38,"Total Cost": 244.58,"Plan Rows": 400,"Plan Width": 4,"Actual Startup Time": 0.305,"Actual Total Time": 2.864,"Actual Rows": 380,"Actual Loops": 1,"Inner Unique": false,"Plans": [{"Node Type": "Seq Scan","Parent Relationship": "Outer","Parallel Aware": false,"Async Capable": false,"Relation Name": "nation","Alias": "nation","Startup Cost": 0.00,"Total Cost": 1.31,"Plan Rows": 1,"Plan Width": 4,"Actual Startup Time": 0.073,"Actual Total Time": 0.091,"Actual Rows": 1,"Actual Loops": 1,"Filter": "(n_name = 'ETHIOPIA'::bpchar)","Rows Removed by Filter": 24},{"Node Type": "Bitmap Heap Scan","Parent Relationship": "Inner","Parallel Aware": false,"Async Capable": false,"Relation Name": "supplier","Alias": "supplier","Startup Cost": 7.38,"Total Cost": 239.27,"Plan Rows": 400,"Plan Width": 8,"Actual Startup Time": 0.228,"Actual Total Time": 2.728,"Actual Rows": 380,"Actual Loops": 1,"Recheck Cond": "(s_nationkey = nation.n_nationkey)","Rows Removed by Index Recheck": 0,"Exact Heap Blocks": 192,"Lossy Heap Blocks": 0,"Plans": [{"Node Type": "Bitmap Index Scan","Parent Relationship": "Outer","Parallel Aware": false,"Async Capable": false,"Index Name": "idx_supplier_nation_key","Startup Cost": 0.00,"Total Cost": 7.29,"Plan Rows": 400,"Plan Width": 0,"Actual Startup Time": 0.146,"Actual Total Time": 0.146,"Actual Rows": 380,"Actual Loops": 1,"Index Cond": "(s_nationkey = nation.n_nationkey)"}]}]},{"Node Type": "Index Scan","Parent Relationship": "Inner","Parallel Aware": false,"Async Capable": false,"Scan Direction": "Forward","Index Name": "idx_partsupp_suppkey","Relation Name": "partsupp","Alias": "partsupp","Startup Cost": 0.42,"Total Cost": 9.07,"Plan Rows": 80,"Plan Width": 18,"Actual Startup Time": 0.020,"Actual Total Time": 0.475,"Actual Rows": 80,"Actual Loops": 380,"Index Cond": "(ps_suppkey = supplier.s_suppkey)","Rows Removed by Index Recheck": 0}]}]}]},"Planning Time": 7.180,"Triggers": [],"Execution Time": 429.797}]
[{"Plan": {"Node Type": "Sort","Parallel Aware": false,"Async Capable": false,"Startup Cost": 10142.20,"Total Cost": 10168.87,"Plan Rows": 10667,"Plan Width": 36,"Actual Startup Time": 479.473,"Actual Total Time": 479.584,"Actual Rows": 514,"Actual Loops": 1,"Sort Key": ["(sum((partsupp.ps_supplycost * (partsupp.ps_availqty)::numeric))) DESC"],"Sort Method": "quicksort","Sort Space Used": 53,"Sort Space Type": "Memory","Plans": [{"Node Type": "Aggregate","Strategy": "Plain","Partial Mode": "Simple","Parent Relationship": "InitPlan","Subplan Name": "InitPlan 1 (returns $2)","Parallel Aware": false,"Async Capable": false,"Startup Cost": 4434.26,"Total Cost": 4434.27,"Plan Rows": 1,"Plan Width": 32,"Actual Startup Time": 141.847,"Actual Total Time": 141.875,"Actual Rows": 1,"Actual Loops": 1,"Plans": [{"Node Type": "Nested Loop","Parent Relationship": "Outer","Parallel Aware": false,"Async Capable": false,"Join Type": "Inner","Startup Cost": 7.81,"Total Cost": 4194.26,"Plan Rows": 32000,"Plan Width": 10,"Actual Startup Time": 0.217,"Actual Total Time": 133.744,"Actual Rows": 35040,"Actual Loops": 1,"Inner Unique": false,"Plans": [{"Node Type": "Nested Loop","Parent Relationship": "Outer","Parallel Aware": false,"Async Capable": false,"Join Type": "Inner","Startup Cost": 7.38,"Total Cost": 244.58,"Plan Rows": 400,"Plan Width": 4,"Actual Startup Time": 0.176,"Actual Total Time": 1.973,"Actual Rows": 438,"Actual Loops": 1,"Inner Unique": false,"Plans": [{"Node Type": "Seq Scan","Parent Relationship": "Outer","Parallel Aware": false,"Async Capable": false,"Relation Name": "nation","Alias": "nation_1","Startup Cost": 0.00,"Total Cost": 1.31,"Plan Rows": 1,"Plan Width": 4,"Actual Startup Time": 0.030,"Actual Total Time": 0.050,"Actual Rows": 1,"Actual Loops": 1,"Filter": "(n_name = 'IRAQ'::bpchar)","Rows Removed by Filter": 24},{"Node Type": "Bitmap Heap Scan","Parent Relationship": "Inner","Parallel Aware": false,"Async Capable": false,"Relation Name": "supplier","Alias": "supplier_1","Startup Cost": 7.38,"Total Cost": 239.27,"Plan Rows": 400,"Plan Width": 8,"Actual Startup Time": 0.128,"Actual Total Time": 1.851,"Actual Rows": 438,"Actual Loops": 1,"Recheck Cond": "(s_nationkey = nation_1.n_nationkey)","Rows Removed by Index Recheck": 0,"Exact Heap Blocks": 194,"Lossy Heap Blocks": 0,"Plans": [{"Node Type": "Bitmap Index Scan","Parent Relationship": "Outer","Parallel Aware": false,"Async Capable": false,"Index Name": "idx_supplier_nation_key","Startup Cost": 0.00,"Total Cost": 7.29,"Plan Rows": 400,"Plan Width": 0,"Actual Startup Time": 0.090,"Actual Total Time": 0.096,"Actual Rows": 438,"Actual Loops": 1,"Index Cond": "(s_nationkey = nation_1.n_nationkey)"}]}]},{"Node Type": "Index Scan","Parent Relationship": "Inner","Parallel Aware": false,"Async Capable": false,"Scan Direction": "Forward","Index Name": "idx_partsupp_suppkey","Relation Name": "partsupp","Alias": "partsupp_1","Startup Cost": 0.42,"Total Cost": 9.07,"Plan Rows": 80,"Plan Width": 14,"Actual Startup Time": 0.014,"Actual Total Time": 0.289,"Actual Rows": 80,"Actual Loops": 438,"Index Cond": "(ps_suppkey = supplier_1.s_suppkey)","Rows Removed by Index Recheck": 0}]}]},{"Node Type": "Aggregate","Strategy": "Hashed","Partial Mode": "Simple","Parent Relationship": "Outer","Parallel Aware": false,"Async Capable": false,"Startup Cost": 4514.26,"Total Cost": 4994.26,"Plan Rows": 10667,"Plan Width": 36,"Actual Startup Time": 398.650,"Actual Total Time": 479.180,"Actual Rows": 514,"Actual Loops": 1,"Group Key": ["partsupp.ps_partkey"],"Filter": "(sum((partsupp.ps_supplycost * (partsupp.ps_availqty)::numeric)) > $2)","Planned Partitions": 0,"HashAgg Batches": 1,"Peak Memory Usage": 17937,"Disk Usage": 0,"Rows Removed by Filter": 32385,"Plans": [{"Node Type": "Nested Loop","Parent Relationship": "Outer","Parallel Aware": false,"Async Capable": false,"Join Type": "Inner","Startup Cost": 7.81,"Total Cost": 4194.26,"Plan Rows": 32000,"Plan Width": 14,"Actual Startup Time": 0.368,"Actual Total Time": 210.024,"Actual Rows": 35040,"Actual Loops": 1,"Inner Unique": false,"Plans": [{"Node Type": "Nested Loop","Parent Relationship": "Outer","Parallel Aware": false,"Async Capable": false,"Join Type": "Inner","Startup Cost": 7.38,"Total Cost": 244.58,"Plan Rows": 400,"Plan Width": 4,"Actual Startup Time": 0.322,"Actual Total Time": 2.894,"Actual Rows": 438,"Actual Loops": 1,"Inner Unique": false,"Plans": [{"Node Type": "Seq Scan","Parent Relationship": "Outer","Parallel Aware": false,"Async Capable": false,"Relation Name": "nation","Alias": "nation","Startup Cost": 0.00,"Total Cost": 1.31,"Plan Rows": 1,"Plan Width": 4,"Actual Startup Time": 0.077,"Actual Total Time": 0.103,"Actual Rows": 1,"Actual Loops": 1,"Filter": "(n_name = 'IRAQ'::bpchar)","Rows Removed by Filter": 24},{"Node Type": "Bitmap Heap Scan","Parent Relationship": "Inner","Parallel Aware": false,"Async Capable": false,"Relation Name": "supplier","Alias": "supplier","Startup Cost": 7.38,"Total Cost": 239.27,"Plan Rows": 400,"Plan Width": 8,"Actual Startup Time": 0.239,"Actual Total Time": 2.735,"Actual Rows": 438,"Actual Loops": 1,"Recheck Cond": "(s_nationkey = nation.n_nationkey)","Rows Removed by Index Recheck": 0,"Exact Heap Blocks": 194,"Lossy Heap Blocks": 0,"Plans": [{"Node Type": "Bitmap Index Scan","Parent Relationship": "Outer","Parallel Aware": false,"Async Capable": false,"Index Name": "idx_supplier_nation_key","Startup Cost": 0.00,"Total Cost": 7.29,"Plan Rows": 400,"Plan Width": 0,"Actual Startup Time": 0.165,"Actual Total Time": 0.169,"Actual Rows": 438,"Actual Loops": 1,"Index Cond": "(s_nationkey = nation.n_nationkey)"}]}]},{"Node Type": "Index Scan","Parent Relationship": "Inner","Parallel Aware": false,"Async Capable": false,"Scan Direction": "Forward","Index Name": "idx_partsupp_suppkey","Relation Name": "partsupp","Alias": "partsupp","Startup Cost": 0.42,"Total Cost": 9.07,"Plan Rows": 80,"Plan Width": 18,"Actual Startup Time": 0.019,"Actual Total Time": 0.461,"Actual Rows": 80,"Actual Loops": 438,"Index Cond": "(ps_suppkey = supplier.s_suppkey)","Rows Removed by Index Recheck": 0}]}]}]},"Planning Time": 5.748,"Triggers": [],"Execution Time": 483.087}]
[{"Plan": {"Node Type": "Sort","Parallel Aware": false,"Async Capable": false,"Startup Cost": 10142.20,"Total Cost": 10168.87,"Plan Rows": 10667,"Plan Width": 36,"Actual Startup Time": 413.680,"Actual Total Time": 413.810,"Actual Rows": 1217,"Actual Loops": 1,"Sort Key": ["(sum((partsupp.ps_supplycost * (partsupp.ps_availqty)::numeric))) DESC"],"Sort Method": "quicksort","Sort Space Used": 115,"Sort Space Type": "Memory","Plans": [{"Node Type": "Aggregate","Strategy": "Plain","Partial Mode": "Simple","Parent Relationship": "InitPlan","Subplan Name": "InitPlan 1 (returns $2)","Parallel Aware": false,"Async Capable": false,"Startup Cost": 4434.26,"Total Cost": 4434.27,"Plan Rows": 1,"Plan Width": 32,"Actual Startup Time": 121.350,"Actual Total Time": 121.366,"Actual Rows": 1,"Actual Loops": 1,"Plans": [{"Node Type": "Nested Loop","Parent Relationship": "Outer","Parallel Aware": false,"Async Capable": false,"Join Type": "Inner","Startup Cost": 7.81,"Total Cost": 4194.26,"Plan Rows": 32000,"Plan Width": 10,"Actual Startup Time": 0.211,"Actual Total Time": 114.479,"Actual Rows": 30080,"Actual Loops": 1,"Inner Unique": false,"Plans": [{"Node Type": "Nested Loop","Parent Relationship": "Outer","Parallel Aware": false,"Async Capable": false,"Join Type": "Inner","Startup Cost": 7.38,"Total Cost": 244.58,"Plan Rows": 400,"Plan Width": 4,"Actual Startup Time": 0.161,"Actual Total Time": 1.670,"Actual Rows": 376,"Actual Loops": 1,"Inner Unique": false,"Plans": [{"Node Type": "Seq Scan","Parent Relationship": "Outer","Parallel Aware": false,"Async Capable": false,"Relation Name": "nation","Alias": "nation_1","Startup Cost": 0.00,"Total Cost": 1.31,"Plan Rows": 1,"Plan Width": 4,"Actual Startup Time": 0.026,"Actual Total Time": 0.039,"Actual Rows": 1,"Actual Loops": 1,"Filter": "(n_name = 'KENYA'::bpchar)","Rows Removed by Filter": 24},{"Node Type": "Bitmap Heap Scan","Parent Relationship": "Inner","Parallel Aware": false,"Async Capable": false,"Relation Name": "supplier","Alias": "supplier_1","Startup Cost": 7.38,"Total Cost": 239.27,"Plan Rows": 400,"Plan Width": 8,"Actual Startup Time": 0.113,"Actual Total Time": 1.571,"Actual Rows": 376,"Actual Loops": 1,"Recheck Cond": "(s_nationkey = nation_1.n_nationkey)","Rows Removed by Index Recheck": 0,"Exact Heap Blocks": 179,"Lossy Heap Blocks": 0,"Plans": [{"Node Type": "Bitmap Index Scan","Parent Relationship": "Outer","Parallel Aware": false,"Async Capable": false,"Index Name": "idx_supplier_nation_key","Startup Cost": 0.00,"Total Cost": 7.29,"Plan Rows": 400,"Plan Width": 0,"Actual Startup Time": 0.082,"Actual Total Time": 0.086,"Actual Rows": 376,"Actual Loops": 1,"Index Cond": "(s_nationkey = nation_1.n_nationkey)"}]}]},{"Node Type": "Index Scan","Parent Relationship": "Inner","Parallel Aware": false,"Async Capable": false,"Scan Direction": "Forward","Index Name": "idx_partsupp_suppkey","Relation Name": "partsupp","Alias": "partsupp_1","Startup Cost": 0.42,"Total Cost": 9.07,"Plan Rows": 80,"Plan Width": 14,"Actual Startup Time": 0.014,"Actual Total Time": 0.288,"Actual Rows": 80,"Actual Loops": 376,"Index Cond": "(ps_suppkey = supplier_1.s_suppkey)","Rows Removed by Index Recheck": 0}]}]},{"Node Type": "Aggregate","Strategy": "Hashed","Partial Mode": "Simple","Parent Relationship": "Outer","Parallel Aware": false,"Async Capable": false,"Startup Cost": 4514.26,"Total Cost": 4994.26,"Plan Rows": 10667,"Plan Width": 36,"Actual Startup Time": 346.893,"Actual Total Time": 413.082,"Actual Rows": 1217,"Actual Loops": 1,"Group Key": ["partsupp.ps_partkey"],"Filter": "(sum((partsupp.ps_supplycost * (partsupp.ps_availqty)::numeric)) > $2)","Planned Partitions": 0,"HashAgg Batches": 1,"Peak Memory Usage": 17937,"Disk Usage": 0,"Rows Removed by Filter": 27288,"Plans": [{"Node Type": "Nested Loop","Parent Relationship": "Outer","Parallel Aware": false,"Async Capable": false,"Join Type": "Inner","Startup Cost": 7.81,"Total Cost": 4194.26,"Plan Rows": 32000,"Plan Width": 14,"Actual Startup Time": 0.423,"Actual Total Time": 185.679,"Actual Rows": 30080,"Actual Loops": 1,"Inner Unique": false,"Plans": [{"Node Type": "Nested Loop","Parent Relationship": "Outer","Parallel Aware": false,"Async Capable": false,"Join Type": "Inner","Startup Cost": 7.38,"Total Cost": 244.58,"Plan Rows": 400,"Plan Width": 4,"Actual Startup Time": 0.359,"Actual Total Time": 2.922,"Actual Rows": 376,"Actual Loops": 1,"Inner Unique": false,"Plans": [{"Node Type": "Seq Scan","Parent Relationship": "Outer","Parallel Aware": false,"Async Capable": false,"Relation Name": "nation","Alias": "nation","Startup Cost": 0.00,"Total Cost": 1.31,"Plan Rows": 1,"Plan Width": 4,"Actual Startup Time": 0.084,"Actual Total Time": 0.113,"Actual Rows": 1,"Actual Loops": 1,"Filter": "(n_name = 'KENYA'::bpchar)","Rows Removed by Filter": 24},{"Node Type": "Bitmap Heap Scan","Parent Relationship": "Inner","Parallel Aware": false,"Async Capable": false,"Relation Name": "supplier","Alias": "supplier","Startup Cost": 7.38,"Total Cost": 239.27,"Plan Rows": 400,"Plan Width": 8,"Actual Startup Time": 0.263,"Actual Total Time": 2.758,"Actual Rows": 376,"Actual Loops": 1,"Recheck Cond": "(s_nationkey = nation.n_nationkey)","Rows Removed by Index Recheck": 0,"Exact Heap Blocks": 179,"Lossy Heap Blocks": 0,"Plans": [{"Node Type": "Bitmap Index Scan","Parent Relationship": "Outer","Parallel Aware": false,"Async Capable": false,"Index Name": "idx_supplier_nation_key","Startup Cost": 0.00,"Total Cost": 7.29,"Plan Rows": 400,"Plan Width": 0,"Actual Startup Time": 0.183,"Actual Total Time": 0.184,"Actual Rows": 376,"Actual Loops": 1,"Index Cond": "(s_nationkey = nation.n_nationkey)"}]}]},{"Node Type": "Index Scan","Parent Relationship": "Inner","Parallel Aware": false,"Async Capable": false,"Scan Direction": "Forward","Index Name": "idx_partsupp_suppkey","Relation Name": "partsupp","Alias": "partsupp","Startup Cost": 0.42,"Total Cost": 9.07,"Plan Rows": 80,"Plan Width": 18,"Actual Startup Time": 0.018,"Actual Total Time": 0.474,"Actual Rows": 80,"Actual Loops": 376,"Index Cond": "(ps_suppkey = supplier.s_suppkey)","Rows Removed by Index Recheck": 0}]}]}]},"Planning Time": 5.474,"Triggers": [],"Execution Time": 416.886}]
[{"Plan": {"Node Type": "Sort","Parallel Aware": false,"Async Capable": false,"Startup Cost": 10142.20,"Total Cost": 10168.87,"Plan Rows": 10667,"Plan Width": 36,"Actual Startup Time": 449.560,"Actual Total Time": 449.671,"Actual Rows": 907,"Actual Loops": 1,"Sort Key": ["(sum((partsupp.ps_supplycost * (partsupp.ps_availqty)::numeric))) DESC"],"Sort Method": "quicksort","Sort Space Used": 74,"Sort Space Type": "Memory","Plans": [{"Node Type": "Aggregate","Strategy": "Plain","Partial Mode": "Simple","Parent Relationship": "InitPlan","Subplan Name": "InitPlan 1 (returns $2)","Parallel Aware": false,"Async Capable": false,"Startup Cost": 4434.26,"Total Cost": 4434.27,"Plan Rows": 1,"Plan Width": 32,"Actual Startup Time": 134.911,"Actual Total Time": 134.932,"Actual Rows": 1,"Actual Loops": 1,"Plans": [{"Node Type": "Nested Loop","Parent Relationship": "Outer","Parallel Aware": false,"Async Capable": false,"Join Type": "Inner","Startup Cost": 7.81,"Total Cost": 4194.26,"Plan Rows": 32000,"Plan Width": 10,"Actual Startup Time": 0.196,"Actual Total Time": 127.626,"Actual Rows": 31760,"Actual Loops": 1,"Inner Unique": false,"Plans": [{"Node Type": "Nested Loop","Parent Relationship": "Outer","Parallel Aware": false,"Async Capable": false,"Join Type": "Inner","Startup Cost": 7.38,"Total Cost": 244.58,"Plan Rows": 400,"Plan Width": 4,"Actual Startup Time": 0.146,"Actual Total Time": 1.719,"Actual Rows": 397,"Actual Loops": 1,"Inner Unique": false,"Plans": [{"Node Type": "Seq Scan","Parent Relationship": "Outer","Parallel Aware": false,"Async Capable": false,"Relation Name": "nation","Alias": "nation_1","Startup Cost": 0.00,"Total Cost": 1.31,"Plan Rows": 1,"Plan Width": 4,"Actual Startup Time": 0.024,"Actual Total Time": 0.052,"Actual Rows": 1,"Actual Loops": 1,"Filter": "(n_name = 'BRAZIL'::bpchar)","Rows Removed by Filter": 24},{"Node Type": "Bitmap Heap Scan","Parent Relationship": "Inner","Parallel Aware": false,"Async Capable": false,"Relation Name": "supplier","Alias": "supplier_1","Startup Cost": 7.38,"Total Cost": 239.27,"Plan Rows": 400,"Plan Width": 8,"Actual Startup Time": 0.105,"Actual Total Time": 1.602,"Actual Rows": 397,"Actual Loops": 1,"Recheck Cond": "(s_nationkey = nation_1.n_nationkey)","Rows Removed by Index Recheck": 0,"Exact Heap Blocks": 187,"Lossy Heap Blocks": 0,"Plans": [{"Node Type": "Bitmap Index Scan","Parent Relationship": "Outer","Parallel Aware": false,"Async Capable": false,"Index Name": "idx_supplier_nation_key","Startup Cost": 0.00,"Total Cost": 7.29,"Plan Rows": 400,"Plan Width": 0,"Actual Startup Time": 0.071,"Actual Total Time": 0.077,"Actual Rows": 397,"Actual Loops": 1,"Index Cond": "(s_nationkey = nation_1.n_nationkey)"}]}]},{"Node Type": "Index Scan","Parent Relationship": "Inner","Parallel Aware": false,"Async Capable": false,"Scan Direction": "Forward","Index Name": "idx_partsupp_suppkey","Relation Name": "partsupp","Alias": "partsupp_1","Startup Cost": 0.42,"Total Cost": 9.07,"Plan Rows": 80,"Plan Width": 14,"Actual Startup Time": 0.015,"Actual Total Time": 0.304,"Actual Rows": 80,"Actual Loops": 397,"Index Cond": "(ps_suppkey = supplier_1.s_suppkey)","Rows Removed by Index Recheck": 0}]}]},{"Node Type": "Aggregate","Strategy": "Hashed","Partial Mode": "Simple","Parent Relationship": "Outer","Parallel Aware": false,"Async Capable": false,"Startup Cost": 4514.26,"Total Cost": 4994.26,"Plan Rows": 10667,"Plan Width": 36,"Actual Startup Time": 378.380,"Actual Total Time": 449.162,"Actual Rows": 907,"Actual Loops": 1,"Group Key": ["partsupp.ps_partkey"],"Filter": "(sum((partsupp.ps_supplycost * (partsupp.ps_availqty)::numeric)) > $2)","Planned Partitions": 0,"HashAgg Batches": 1,"Peak Memory Usage": 17937,"Disk Usage": 0,"Rows Removed by Filter": 29157,"Plans": [{"Node Type": "Nested Loop","Parent Relationship": "Outer","Parallel Aware": false,"Async Capable": false,"Join Type": "Inner","Startup Cost": 7.81,"Total Cost": 4194.26,"Plan Rows": 32000,"Plan Width": 14,"Actual Startup Time": 0.353,"Actual Total Time": 195.500,"Actual Rows": 31760,"Actual Loops": 1,"Inner Unique": false,"Plans": [{"Node Type": "Nested Loop","Parent Relationship": "Outer","Parallel Aware": false,"Async Capable": false,"Join Type": "Inner","Startup Cost": 7.38,"Total Cost": 244.58,"Plan Rows": 400,"Plan Width": 4,"Actual Startup Time": 0.264,"Actual Total Time": 2.773,"Actual Rows": 397,"Actual Loops": 1,"Inner Unique": false,"Plans": [{"Node Type": "Seq Scan","Parent Relationship": "Outer","Parallel Aware": false,"Async Capable": false,"Relation Name": "nation","Alias": "nation","Startup Cost": 0.00,"Total Cost": 1.31,"Plan Rows": 1,"Plan Width": 4,"Actual Startup Time": 0.057,"Actual Total Time": 0.077,"Actual Rows": 1,"Actual Loops": 1,"Filter": "(n_name = 'BRAZIL'::bpchar)","Rows Removed by Filter": 24},{"Node Type": "Bitmap Heap Scan","Parent Relationship": "Inner","Parallel Aware": false,"Async Capable": false,"Relation Name": "supplier","Alias": "supplier","Startup Cost": 7.38,"Total Cost": 239.27,"Plan Rows": 400,"Plan Width": 8,"Actual Startup Time": 0.205,"Actual Total Time": 2.649,"Actual Rows": 397,"Actual Loops": 1,"Recheck Cond": "(s_nationkey = nation.n_nationkey)","Rows Removed by Index Recheck": 0,"Exact Heap Blocks": 187,"Lossy Heap Blocks": 0,"Plans": [{"Node Type": "Bitmap Index Scan","Parent Relationship": "Outer","Parallel Aware": false,"Async Capable": false,"Index Name": "idx_supplier_nation_key","Startup Cost": 0.00,"Total Cost": 7.29,"Plan Rows": 400,"Plan Width": 0,"Actual Startup Time": 0.130,"Actual Total Time": 0.131,"Actual Rows": 397,"Actual Loops": 1,"Index Cond": "(s_nationkey = nation.n_nationkey)"}]}]},{"Node Type": "Index Scan","Parent Relationship": "Inner","Parallel Aware": false,"Async Capable": false,"Scan Direction": "Forward","Index Name": "idx_partsupp_suppkey","Relation Name": "partsupp","Alias": "partsupp","Startup Cost": 0.42,"Total Cost": 9.07,"Plan Rows": 80,"Plan Width": 18,"Actual Startup Time": 0.020,"Actual Total Time": 0.474,"Actual Rows": 80,"Actual Loops": 397,"Index Cond": "(ps_suppkey = supplier.s_suppkey)","Rows Removed by Index Recheck": 0}]}]}]},"Planning Time": 5.165,"Triggers": [],"Execution Time": 452.133}]
[{"Plan": {"Node Type": "Sort","Parallel Aware": false,"Async Capable": false,"Startup Cost": 10142.20,"Total Cost": 10168.87,"Plan Rows": 10667,"Plan Width": 36,"Actual Startup Time": 400.788,"Actual Total Time": 400.942,"Actual Rows": 1469,"Actual Loops": 1,"Sort Key": ["(sum((partsupp.ps_supplycost * (partsupp.ps_availqty)::numeric))) DESC"],"Sort Method": "quicksort","Sort Space Used": 129,"Sort Space Type": "Memory","Plans": [{"Node Type": "Aggregate","Strategy": "Plain","Partial Mode": "Simple","Parent Relationship": "InitPlan","Subplan Name": "InitPlan 1 (returns $2)","Parallel Aware": false,"Async Capable": false,"Startup Cost": 4434.26,"Total Cost": 4434.27,"Plan Rows": 1,"Plan Width": 32,"Actual Startup Time": 117.250,"Actual Total Time": 117.272,"Actual Rows": 1,"Actual Loops": 1,"Plans": [{"Node Type": "Nested Loop","Parent Relationship": "Outer","Parallel Aware": false,"Async Capable": false,"Join Type": "Inner","Startup Cost": 7.81,"Total Cost": 4194.26,"Plan Rows": 32000,"Plan Width": 10,"Actual Startup Time": 0.216,"Actual Total Time": 110.575,"Actual Rows": 28960,"Actual Loops": 1,"Inner Unique": false,"Plans": [{"Node Type": "Nested Loop","Parent Relationship": "Outer","Parallel Aware": false,"Async Capable": false,"Join Type": "Inner","Startup Cost": 7.38,"Total Cost": 244.58,"Plan Rows": 400,"Plan Width": 4,"Actual Startup Time": 0.161,"Actual Total Time": 1.515,"Actual Rows": 362,"Actual Loops": 1,"Inner Unique": false,"Plans": [{"Node Type": "Seq Scan","Parent Relationship": "Outer","Parallel Aware": false,"Async Capable": false,"Relation Name": "nation","Alias": "nation_1","Startup Cost": 0.00,"Total Cost": 1.31,"Plan Rows": 1,"Plan Width": 4,"Actual Startup Time": 0.032,"Actual Total Time": 0.051,"Actual Rows": 1,"Actual Loops": 1,"Filter": "(n_name = 'JORDAN'::bpchar)","Rows Removed by Filter": 24},{"Node Type": "Bitmap Heap Scan","Parent Relationship": "Inner","Parallel Aware": false,"Async Capable": false,"Relation Name": "supplier","Alias": "supplier_1","Startup Cost": 7.38,"Total Cost": 239.27,"Plan Rows": 400,"Plan Width": 8,"Actual Startup Time": 0.117,"Actual Total Time": 1.415,"Actual Rows": 362,"Actual Loops": 1,"Recheck Cond": "(s_nationkey = nation_1.n_nationkey)","Rows Removed by Index Recheck": 0,"Exact Heap Blocks": 166,"Lossy Heap Blocks": 0,"Plans": [{"Node Type": "Bitmap Index Scan","Parent Relationship": "Outer","Parallel Aware": false,"Async Capable": false,"Index Name": "idx_supplier_nation_key","Startup Cost": 0.00,"Total Cost": 7.29,"Plan Rows": 400,"Plan Width": 0,"Actual Startup Time": 0.075,"Actual Total Time": 0.079,"Actual Rows": 362,"Actual Loops": 1,"Index Cond": "(s_nationkey = nation_1.n_nationkey)"}]}]},{"Node Type": "Index Scan","Parent Relationship": "Inner","Parallel Aware": false,"Async Capable": false,"Scan Direction": "Forward","Index Name": "idx_partsupp_suppkey","Relation Name": "partsupp","Alias": "partsupp_1","Startup Cost": 0.42,"Total Cost": 9.07,"Plan Rows": 80,"Plan Width": 14,"Actual Startup Time": 0.014,"Actual Total Time": 0.289,"Actual Rows": 80,"Actual Loops": 362,"Index Cond": "(ps_suppkey = supplier_1.s_suppkey)","Rows Removed by Index Recheck": 0}]}]},{"Node Type": "Aggregate","Strategy": "Hashed","Partial Mode": "Simple","Parent Relationship": "Outer","Parallel Aware": false,"Async Capable": false,"Startup Cost": 4514.26,"Total Cost": 4994.26,"Plan Rows": 10667,"Plan Width": 36,"Actual Startup Time": 338.606,"Actual Total Time": 400.138,"Actual Rows": 1469,"Actual Loops": 1,"Group Key": ["partsupp.ps_partkey"],"Filter": "(sum((partsupp.ps_supplycost * (partsupp.ps_availqty)::numeric)) > $2)","Planned Partitions": 0,"HashAgg Batches": 1,"Peak Memory Usage": 17937,"Disk Usage": 0,"Rows Removed by Filter": 25896,"Plans": [{"Node Type": "Nested Loop","Parent Relationship": "Outer","Parallel Aware": false,"Async Capable": false,"Join Type": "Inner","Startup Cost": 7.81,"Total Cost": 4194.26,"Plan Rows": 32000,"Plan Width": 14,"Actual Startup Time": 0.314,"Actual Total Time": 181.118,"Actual Rows": 28960,"Actual Loops": 1,"Inner Unique": false,"Plans": [{"Node Type": "Nested Loop","Parent Relationship": "Outer","Parallel Aware": false,"Async Capable": false,"Join Type": "Inner","Startup Cost": 7.38,"Total Cost": 244.58,"Plan Rows": 400,"Plan Width": 4,"Actual Startup Time": 0.258,"Actual Total Time": 2.692,"Actual Rows": 362,"Actual Loops": 1,"Inner Unique": false,"Plans": [{"Node Type": "Seq Scan","Parent Relationship": "Outer","Parallel Aware": false,"Async Capable": false,"Relation Name": "nation","Alias": "nation","Startup Cost": 0.00,"Total Cost": 1.31,"Plan Rows": 1,"Plan Width": 4,"Actual Startup Time": 0.077,"Actual Total Time": 0.107,"Actual Rows": 1,"Actual Loops": 1,"Filter": "(n_name = 'JORDAN'::bpchar)","Rows Removed by Filter": 24},{"Node Type": "Bitmap Heap Scan","Parent Relationship": "Inner","Parallel Aware": false,"Async Capable": false,"Relation Name": "supplier","Alias": "supplier","Startup Cost": 7.38,"Total Cost": 239.27,"Plan Rows": 400,"Plan Width": 8,"Actual Startup Time": 0.172,"Actual Total Time": 2.539,"Actual Rows": 362,"Actual Loops": 1,"Recheck Cond": "(s_nationkey = nation.n_nationkey)","Rows Removed by Index Recheck": 0,"Exact Heap Blocks": 166,"Lossy Heap Blocks": 0,"Plans": [{"Node Type": "Bitmap Index Scan","Parent Relationship": "Outer","Parallel Aware": false,"Async Capable": false,"Index Name": "idx_supplier_nation_key","Startup Cost": 0.00,"Total Cost": 7.29,"Plan Rows": 400,"Plan Width": 0,"Actual Startup Time": 0.117,"Actual Total Time": 0.118,"Actual Rows": 362,"Actual Loops": 1,"Index Cond": "(s_nationkey = nation.n_nationkey)"}]}]},{"Node Type": "Index Scan","Parent Relationship": "Inner","Parallel Aware": false,"Async Capable": false,"Scan Direction": "Forward","Index Name": "idx_partsupp_suppkey","Relation Name": "partsupp","Alias": "partsupp","Startup Cost": 0.42,"Total Cost": 9.07,"Plan Rows": 80,"Plan Width": 18,"Actual Startup Time": 0.019,"Actual Total Time": 0.481,"Actual Rows": 80,"Actual Loops": 362,"Index Cond": "(ps_suppkey = supplier.s_suppkey)","Rows Removed by Index Recheck": 0}]}]}]},"Planning Time": 6.843,"Triggers": [],"Execution Time": 403.999}]
[{"Plan": {"Node Type": "Sort","Parallel Aware": false,"Async Capable": false,"Startup Cost": 10142.20,"Total Cost": 10168.87,"Plan Rows": 10667,"Plan Width": 36,"Actual Startup Time": 460.724,"Actual Total Time": 460.840,"Actual Rows": 741,"Actual Loops": 1,"Sort Key": ["(sum((partsupp.ps_supplycost * (partsupp.ps_availqty)::numeric))) DESC"],"Sort Method": "quicksort","Sort Space Used": 65,"Sort Space Type": "Memory","Plans": [{"Node Type": "Aggregate","Strategy": "Plain","Partial Mode": "Simple","Parent Relationship": "InitPlan","Subplan Name": "InitPlan 1 (returns $2)","Parallel Aware": false,"Async Capable": false,"Startup Cost": 4434.26,"Total Cost": 4434.27,"Plan Rows": 1,"Plan Width": 32,"Actual Startup Time": 132.110,"Actual Total Time": 132.136,"Actual Rows": 1,"Actual Loops": 1,"Plans": [{"Node Type": "Nested Loop","Parent Relationship": "Outer","Parallel Aware": false,"Async Capable": false,"Join Type": "Inner","Startup Cost": 7.81,"Total Cost": 4194.26,"Plan Rows": 32000,"Plan Width": 10,"Actual Startup Time": 0.212,"Actual Total Time": 124.425,"Actual Rows": 33680,"Actual Loops": 1,"Inner Unique": false,"Plans": [{"Node Type": "Nested Loop","Parent Relationship": "Outer","Parallel Aware": false,"Async Capable": false,"Join Type": "Inner","Startup Cost": 7.38,"Total Cost": 244.58,"Plan Rows": 400,"Plan Width": 4,"Actual Startup Time": 0.146,"Actual Total Time": 1.771,"Actual Rows": 421,"Actual Loops": 1,"Inner Unique": false,"Plans": [{"Node Type": "Seq Scan","Parent Relationship": "Outer","Parallel Aware": false,"Async Capable": false,"Relation Name": "nation","Alias": "nation_1","Startup Cost": 0.00,"Total Cost": 1.31,"Plan Rows": 1,"Plan Width": 4,"Actual Startup Time": 0.036,"Actual Total Time": 0.052,"Actual Rows": 1,"Actual Loops": 1,"Filter": "(n_name = 'PERU'::bpchar)","Rows Removed by Filter": 24},{"Node Type": "Bitmap Heap Scan","Parent Relationship": "Inner","Parallel Aware": false,"Async Capable": false,"Relation Name": "supplier","Alias": "supplier_1","Startup Cost": 7.38,"Total Cost": 239.27,"Plan Rows": 400,"Plan Width": 8,"Actual Startup Time": 0.097,"Actual Total Time": 1.663,"Actual Rows": 421,"Actual Loops": 1,"Recheck Cond": "(s_nationkey = nation_1.n_nationkey)","Rows Removed by Index Recheck": 0,"Exact Heap Blocks": 187,"Lossy Heap Blocks": 0,"Plans": [{"Node Type": "Bitmap Index Scan","Parent Relationship": "Outer","Parallel Aware": false,"Async Capable": false,"Index Name": "idx_supplier_nation_key","Startup Cost": 0.00,"Total Cost": 7.29,"Plan Rows": 400,"Plan Width": 0,"Actual Startup Time": 0.063,"Actual Total Time": 0.070,"Actual Rows": 421,"Actual Loops": 1,"Index Cond": "(s_nationkey = nation_1.n_nationkey)"}]}]},{"Node Type": "Index Scan","Parent Relationship": "Inner","Parallel Aware": false,"Async Capable": false,"Scan Direction": "Forward","Index Name": "idx_partsupp_suppkey","Relation Name": "partsupp","Alias": "partsupp_1","Startup Cost": 0.42,"Total Cost": 9.07,"Plan Rows": 80,"Plan Width": 14,"Actual Startup Time": 0.014,"Actual Total Time": 0.279,"Actual Rows": 80,"Actual Loops": 421,"Index Cond": "(ps_suppkey = supplier_1.s_suppkey)","Rows Removed by Index Recheck": 0}]}]},{"Node Type": "Aggregate","Strategy": "Hashed","Partial Mode": "Simple","Parent Relationship": "Outer","Parallel Aware": false,"Async Capable": false,"Startup Cost": 4514.26,"Total Cost": 4994.26,"Plan Rows": 10667,"Plan Width": 36,"Actual Startup Time": 384.508,"Actual Total Time": 460.301,"Actual Rows": 741,"Actual Loops": 1,"Group Key": ["partsupp.ps_partkey"],"Filter": "(sum((partsupp.ps_supplycost * (partsupp.ps_availqty)::numeric)) > $2)","Planned Partitions": 0,"HashAgg Batches": 1,"Peak Memory Usage": 17937,"Disk Usage": 0,"Rows Removed by Filter": 30846,"Plans": [{"Node Type": "Nested Loop","Parent Relationship": "Outer","Parallel Aware": false,"Async Capable": false,"Join Type": "Inner","Startup Cost": 7.81,"Total Cost": 4194.26,"Plan Rows": 32000,"Plan Width": 14,"Actual Startup Time": 0.389,"Actual Total Time": 205.243,"Actual Rows": 33680,"Actual Loops": 1,"Inner Unique": false,"Plans": [{"Node Type": "Nested Loop","Parent Relationship": "Outer","Parallel Aware": false,"Async Capable": false,"Join Type": "Inner","Startup Cost": 7.38,"Total Cost": 244.58,"Plan Rows": 400,"Plan Width": 4,"Actual Startup Time": 0.332,"Actual Total Time": 2.785,"Actual Rows": 421,"Actual Loops": 1,"Inner Unique": false,"Plans": [{"Node Type": "Seq Scan","Parent Relationship": "Outer","Parallel Aware": false,"Async Capable": false,"Relation Name": "nation","Alias": "nation","Startup Cost": 0.00,"Total Cost": 1.31,"Plan Rows": 1,"Plan Width": 4,"Actual Startup Time": 0.057,"Actual Total Time": 0.075,"Actual Rows": 1,"Actual Loops": 1,"Filter": "(n_name = 'PERU'::bpchar)","Rows Removed by Filter": 24},{"Node Type": "Bitmap Heap Scan","Parent Relationship": "Inner","Parallel Aware": false,"Async Capable": false,"Relation Name": "supplier","Alias": "supplier","Startup Cost": 7.38,"Total Cost": 239.27,"Plan Rows": 400,"Plan Width": 8,"Actual Startup Time": 0.270,"Actual Total Time": 2.660,"Actual Rows": 421,"Actual Loops": 1,"Recheck Cond": "(s_nationkey = nation.n_nationkey)","Rows Removed by Index Recheck": 0,"Exact Heap Blocks": 187,"Lossy Heap Blocks": 0,"Plans": [{"Node Type": "Bitmap Index Scan","Parent Relationship": "Outer","Parallel Aware": false,"Async Capable": false,"Index Name": "idx_supplier_nation_key","Startup Cost": 0.00,"Total Cost": 7.29,"Plan Rows": 400,"Plan Width": 0,"Actual Startup Time": 0.195,"Actual Total Time": 0.196,"Actual Rows": 421,"Actual Loops": 1,"Index Cond": "(s_nationkey = nation.n_nationkey)"}]}]},{"Node Type": "Index Scan","Parent Relationship": "Inner","Parallel Aware": false,"Async Capable": false,"Scan Direction": "Forward","Index Name": "idx_partsupp_suppkey","Relation Name": "partsupp","Alias": "partsupp","Startup Cost": 0.42,"Total Cost": 9.07,"Plan Rows": 80,"Plan Width": 18,"Actual Startup Time": 0.018,"Actual Total Time": 0.469,"Actual Rows": 80,"Actual Loops": 421,"Index Cond": "(ps_suppkey = supplier.s_suppkey)","Rows Removed by Index Recheck": 0}]}]}]},"Planning Time": 6.964,"Triggers": [],"Execution Time": 464.153}]
[{"Plan": {"Node Type": "Sort","Parallel Aware": false,"Async Capable": false,"Startup Cost": 10142.20,"Total Cost": 10168.87,"Plan Rows": 10667,"Plan Width": 36,"Actual Startup Time": 448.636,"Actual Total Time": 448.779,"Actual Rows": 979,"Actual Loops": 1,"Sort Key": ["(sum((partsupp.ps_supplycost * (partsupp.ps_availqty)::numeric))) DESC"],"Sort Method": "quicksort","Sort Space Used": 78,"Sort Space Type": "Memory","Plans": [{"Node Type": "Aggregate","Strategy": "Plain","Partial Mode": "Simple","Parent Relationship": "InitPlan","Subplan Name": "InitPlan 1 (returns $2)","Parallel Aware": false,"Async Capable": false,"Startup Cost": 4434.26,"Total Cost": 4434.27,"Plan Rows": 1,"Plan Width": 32,"Actual Startup Time": 130.424,"Actual Total Time": 130.461,"Actual Rows": 1,"Actual Loops": 1,"Plans": [{"Node Type": "Nested Loop","Parent Relationship": "Outer","Parallel Aware": false,"Async Capable": false,"Join Type": "Inner","Startup Cost": 7.81,"Total Cost": 4194.26,"Plan Rows": 32000,"Plan Width": 10,"Actual Startup Time": 0.191,"Actual Total Time": 123.113,"Actual Rows": 31920,"Actual Loops": 1,"Inner Unique": false,"Plans": [{"Node Type": "Nested Loop","Parent Relationship": "Outer","Parallel Aware": false,"Async Capable": false,"Join Type": "Inner","Startup Cost": 7.38,"Total Cost": 244.58,"Plan Rows": 400,"Plan Width": 4,"Actual Startup Time": 0.152,"Actual Total Time": 1.823,"Actual Rows": 399,"Actual Loops": 1,"Inner Unique": false,"Plans": [{"Node Type": "Seq Scan","Parent Relationship": "Outer","Parallel Aware": false,"Async Capable": false,"Relation Name": "nation","Alias": "nation_1","Startup Cost": 0.00,"Total Cost": 1.31,"Plan Rows": 1,"Plan Width": 4,"Actual Startup Time": 0.042,"Actual Total Time": 0.060,"Actual Rows": 1,"Actual Loops": 1,"Filter": "(n_name = 'VIETNAM'::bpchar)","Rows Removed by Filter": 24},{"Node Type": "Bitmap Heap Scan","Parent Relationship": "Inner","Parallel Aware": false,"Async Capable": false,"Relation Name": "supplier","Alias": "supplier_1","Startup Cost": 7.38,"Total Cost": 239.27,"Plan Rows": 400,"Plan Width": 8,"Actual Startup Time": 0.095,"Actual Total Time": 1.696,"Actual Rows": 399,"Actual Loops": 1,"Recheck Cond": "(s_nationkey = nation_1.n_nationkey)","Rows Removed by Index Recheck": 0,"Exact Heap Blocks": 191,"Lossy Heap Blocks": 0,"Plans": [{"Node Type": "Bitmap Index Scan","Parent Relationship": "Outer","Parallel Aware": false,"Async Capable": false,"Index Name": "idx_supplier_nation_key","Startup Cost": 0.00,"Total Cost": 7.29,"Plan Rows": 400,"Plan Width": 0,"Actual Startup Time": 0.057,"Actual Total Time": 0.061,"Actual Rows": 399,"Actual Loops": 1,"Index Cond": "(s_nationkey = nation_1.n_nationkey)"}]}]},{"Node Type": "Index Scan","Parent Relationship": "Inner","Parallel Aware": false,"Async Capable": false,"Scan Direction": "Forward","Index Name": "idx_partsupp_suppkey","Relation Name": "partsupp","Alias": "partsupp_1","Startup Cost": 0.42,"Total Cost": 9.07,"Plan Rows": 80,"Plan Width": 14,"Actual Startup Time": 0.014,"Actual Total Time": 0.292,"Actual Rows": 80,"Actual Loops": 399,"Index Cond": "(ps_suppkey = supplier_1.s_suppkey)","Rows Removed by Index Recheck": 0}]}]},{"Node Type": "Aggregate","Strategy": "Hashed","Partial Mode": "Simple","Parent Relationship": "Outer","Parallel Aware": false,"Async Capable": false,"Startup Cost": 4514.26,"Total Cost": 4994.26,"Plan Rows": 10667,"Plan Width": 36,"Actual Startup Time": 376.224,"Actual Total Time": 448.108,"Actual Rows": 979,"Actual Loops": 1,"Group Key": ["partsupp.ps_partkey"],"Filter": "(sum((partsupp.ps_supplycost * (partsupp.ps_availqty)::numeric)) > $2)","Planned Partitions": 0,"HashAgg Batches": 1,"Peak Memory Usage": 17937,"Disk Usage": 0,"Rows Removed by Filter": 29153,"Plans": [{"Node Type": "Nested Loop","Parent Relationship": "Outer","Parallel Aware": false,"Async Capable": false,"Join Type": "Inner","Startup Cost": 7.81,"Total Cost": 4194.26,"Plan Rows": 32000,"Plan Width": 14,"Actual Startup Time": 0.359,"Actual Total Time": 202.215,"Actual Rows": 31920,"Actual Loops": 1,"Inner Unique": false,"Plans": [{"Node Type": "Nested Loop","Parent Relationship": "Outer","Parallel Aware": false,"Async Capable": false,"Join Type": "Inner","Startup Cost": 7.38,"Total Cost": 244.58,"Plan Rows": 400,"Plan Width": 4,"Actual Startup Time": 0.271,"Actual Total Time": 2.875,"Actual Rows": 399,"Actual Loops": 1,"Inner Unique": false,"Plans": [{"Node Type": "Seq Scan","Parent Relationship": "Outer","Parallel Aware": false,"Async Capable": false,"Relation Name": "nation","Alias": "nation","Startup Cost": 0.00,"Total Cost": 1.31,"Plan Rows": 1,"Plan Width": 4,"Actual Startup Time": 0.081,"Actual Total Time": 0.101,"Actual Rows": 1,"Actual Loops": 1,"Filter": "(n_name = 'VIETNAM'::bpchar)","Rows Removed by Filter": 24},{"Node Type": "Bitmap Heap Scan","Parent Relationship": "Inner","Parallel Aware": false,"Async Capable": false,"Relation Name": "supplier","Alias": "supplier","Startup Cost": 7.38,"Total Cost": 239.27,"Plan Rows": 400,"Plan Width": 8,"Actual Startup Time": 0.181,"Actual Total Time": 2.716,"Actual Rows": 399,"Actual Loops": 1,"Recheck Cond": "(s_nationkey = nation.n_nationkey)","Rows Removed by Index Recheck": 0,"Exact Heap Blocks": 191,"Lossy Heap Blocks": 0,"Plans": [{"Node Type": "Bitmap Index Scan","Parent Relationship": "Outer","Parallel Aware": false,"Async Capable": false,"Index Name": "idx_supplier_nation_key","Startup Cost": 0.00,"Total Cost": 7.29,"Plan Rows": 400,"Plan Width": 0,"Actual Startup Time": 0.120,"Actual Total Time": 0.121,"Actual Rows": 399,"Actual Loops": 1,"Index Cond": "(s_nationkey = nation.n_nationkey)"}]}]},{"Node Type": "Index Scan","Parent Relationship": "Inner","Parallel Aware": false,"Async Capable": false,"Scan Direction": "Forward","Index Name": "idx_partsupp_suppkey","Relation Name": "partsupp","Alias": "partsupp","Startup Cost": 0.42,"Total Cost": 9.07,"Plan Rows": 80,"Plan Width": 18,"Actual Startup Time": 0.019,"Actual Total Time": 0.488,"Actual Rows": 80,"Actual Loops": 399,"Index Cond": "(ps_suppkey = supplier.s_suppkey)","Rows Removed by Index Recheck": 0}]}]}]},"Planning Time": 6.254,"Triggers": [],"Execution Time": 451.997}]
[{"Plan": {"Node Type": "Sort","Parallel Aware": false,"Async Capable": false,"Startup Cost": 10142.20,"Total Cost": 10168.87,"Plan Rows": 10667,"Plan Width": 36,"Actual Startup Time": 438.718,"Actual Total Time": 438.846,"Actual Rows": 919,"Actual Loops": 1,"Sort Key": ["(sum((partsupp.ps_supplycost * (partsupp.ps_availqty)::numeric))) DESC"],"Sort Method": "quicksort","Sort Space Used": 75,"Sort Space Type": "Memory","Plans": [{"Node Type": "Aggregate","Strategy": "Plain","Partial Mode": "Simple","Parent Relationship": "InitPlan","Subplan Name": "InitPlan 1 (returns $2)","Parallel Aware": false,"Async Capable": false,"Startup Cost": 4434.26,"Total Cost": 4434.27,"Plan Rows": 1,"Plan Width": 32,"Actual Startup Time": 130.550,"Actual Total Time": 130.572,"Actual Rows": 1,"Actual Loops": 1,"Plans": [{"Node Type": "Nested Loop","Parent Relationship": "Outer","Parallel Aware": false,"Async Capable": false,"Join Type": "Inner","Startup Cost": 7.81,"Total Cost": 4194.26,"Plan Rows": 32000,"Plan Width": 10,"Actual Startup Time": 0.239,"Actual Total Time": 123.231,"Actual Rows": 32080,"Actual Loops": 1,"Inner Unique": false,"Plans": [{"Node Type": "Nested Loop","Parent Relationship": "Outer","Parallel Aware": false,"Async Capable": false,"Join Type": "Inner","Startup Cost": 7.38,"Total Cost": 244.58,"Plan Rows": 400,"Plan Width": 4,"Actual Startup Time": 0.189,"Actual Total Time": 1.751,"Actual Rows": 401,"Actual Loops": 1,"Inner Unique": false,"Plans": [{"Node Type": "Seq Scan","Parent Relationship": "Outer","Parallel Aware": false,"Async Capable": false,"Relation Name": "nation","Alias": "nation_1","Startup Cost": 0.00,"Total Cost": 1.31,"Plan Rows": 1,"Plan Width": 4,"Actual Startup Time": 0.044,"Actual Total Time": 0.061,"Actual Rows": 1,"Actual Loops": 1,"Filter": "(n_name = 'RUSSIA'::bpchar)","Rows Removed by Filter": 24},{"Node Type": "Bitmap Heap Scan","Parent Relationship": "Inner","Parallel Aware": false,"Async Capable": false,"Relation Name": "supplier","Alias": "supplier_1","Startup Cost": 7.38,"Total Cost": 239.27,"Plan Rows": 400,"Plan Width": 8,"Actual Startup Time": 0.130,"Actual Total Time": 1.632,"Actual Rows": 401,"Actual Loops": 1,"Recheck Cond": "(s_nationkey = nation_1.n_nationkey)","Rows Removed by Index Recheck": 0,"Exact Heap Blocks": 180,"Lossy Heap Blocks": 0,"Plans": [{"Node Type": "Bitmap Index Scan","Parent Relationship": "Outer","Parallel Aware": false,"Async Capable": false,"Index Name": "idx_supplier_nation_key","Startup Cost": 0.00,"Total Cost": 7.29,"Plan Rows": 400,"Plan Width": 0,"Actual Startup Time": 0.092,"Actual Total Time": 0.094,"Actual Rows": 401,"Actual Loops": 1,"Index Cond": "(s_nationkey = nation_1.n_nationkey)"}]}]},{"Node Type": "Index Scan","Parent Relationship": "Inner","Parallel Aware": false,"Async Capable": false,"Scan Direction": "Forward","Index Name": "idx_partsupp_suppkey","Relation Name": "partsupp","Alias": "partsupp_1","Startup Cost": 0.42,"Total Cost": 9.07,"Plan Rows": 80,"Plan Width": 14,"Actual Startup Time": 0.014,"Actual Total Time": 0.291,"Actual Rows": 80,"Actual Loops": 401,"Index Cond": "(ps_suppkey = supplier_1.s_suppkey)","Rows Removed by Index Recheck": 0}]}]},{"Node Type": "Aggregate","Strategy": "Hashed","Partial Mode": "Simple","Parent Relationship": "Outer","Parallel Aware": false,"Async Capable": false,"Startup Cost": 4514.26,"Total Cost": 4994.26,"Plan Rows": 10667,"Plan Width": 36,"Actual Startup Time": 367.075,"Actual Total Time": 438.260,"Actual Rows": 919,"Actual Loops": 1,"Group Key": ["partsupp.ps_partkey"],"Filter": "(sum((partsupp.ps_supplycost * (partsupp.ps_availqty)::numeric)) > $2)","Planned Partitions": 0,"HashAgg Batches": 1,"Peak Memory Usage": 17937,"Disk Usage": 0,"Rows Removed by Filter": 29289,"Plans": [{"Node Type": "Nested Loop","Parent Relationship": "Outer","Parallel Aware": false,"Async Capable": false,"Join Type": "Inner","Startup Cost": 7.81,"Total Cost": 4194.26,"Plan Rows": 32000,"Plan Width": 14,"Actual Startup Time": 0.388,"Actual Total Time": 194.500,"Actual Rows": 32080,"Actual Loops": 1,"Inner Unique": false,"Plans": [{"Node Type": "Nested Loop","Parent Relationship": "Outer","Parallel Aware": false,"Async Capable": false,"Join Type": "Inner","Startup Cost": 7.38,"Total Cost": 244.58,"Plan Rows": 400,"Plan Width": 4,"Actual Startup Time": 0.281,"Actual Total Time": 2.675,"Actual Rows": 401,"Actual Loops": 1,"Inner Unique": false,"Plans": [{"Node Type": "Seq Scan","Parent Relationship": "Outer","Parallel Aware": false,"Async Capable": false,"Relation Name": "nation","Alias": "nation","Startup Cost": 0.00,"Total Cost": 1.31,"Plan Rows": 1,"Plan Width": 4,"Actual Startup Time": 0.057,"Actual Total Time": 0.080,"Actual Rows": 1,"Actual Loops": 1,"Filter": "(n_name = 'RUSSIA'::bpchar)","Rows Removed by Filter": 24},{"Node Type": "Bitmap Heap Scan","Parent Relationship": "Inner","Parallel Aware": false,"Async Capable": false,"Relation Name": "supplier","Alias": "supplier","Startup Cost": 7.38,"Total Cost": 239.27,"Plan Rows": 400,"Plan Width": 8,"Actual Startup Time": 0.220,"Actual Total Time": 2.546,"Actual Rows": 401,"Actual Loops": 1,"Recheck Cond": "(s_nationkey = nation.n_nationkey)","Rows Removed by Index Recheck": 0,"Exact Heap Blocks": 180,"Lossy Heap Blocks": 0,"Plans": [{"Node Type": "Bitmap Index Scan","Parent Relationship": "Outer","Parallel Aware": false,"Async Capable": false,"Index Name": "idx_supplier_nation_key","Startup Cost": 0.00,"Total Cost": 7.29,"Plan Rows": 400,"Plan Width": 0,"Actual Startup Time": 0.151,"Actual Total Time": 0.154,"Actual Rows": 401,"Actual Loops": 1,"Index Cond": "(s_nationkey = nation.n_nationkey)"}]}]},{"Node Type": "Index Scan","Parent Relationship": "Inner","Parallel Aware": false,"Async Capable": false,"Scan Direction": "Forward","Index Name": "idx_partsupp_suppkey","Relation Name": "partsupp","Alias": "partsupp","Startup Cost": 0.42,"Total Cost": 9.07,"Plan Rows": 80,"Plan Width": 18,"Actual Startup Time": 0.018,"Actual Total Time": 0.467,"Actual Rows": 80,"Actual Loops": 401,"Index Cond": "(ps_suppkey = supplier.s_suppkey)","Rows Removed by Index Recheck": 0}]}]}]},"Planning Time": 6.216,"Triggers": [],"Execution Time": 442.343}]
[{"Plan": {"Node Type": "Sort","Parallel Aware": false,"Async Capable": false,"Startup Cost": 10142.20,"Total Cost": 10168.87,"Plan Rows": 10667,"Plan Width": 36,"Actual Startup Time": 435.527,"Actual Total Time": 435.700,"Actual Rows": 1089,"Actual Loops": 1,"Sort Key": ["(sum((partsupp.ps_supplycost * (partsupp.ps_availqty)::numeric))) DESC"],"Sort Method": "quicksort","Sort Space Used": 108,"Sort Space Type": "Memory","Plans": [{"Node Type": "Aggregate","Strategy": "Plain","Partial Mode": "Simple","Parent Relationship": "InitPlan","Subplan Name": "InitPlan 1 (returns $2)","Parallel Aware": false,"Async Capable": false,"Startup Cost": 4434.26,"Total Cost": 4434.27,"Plan Rows": 1,"Plan Width": 32,"Actual Startup Time": 127.992,"Actual Total Time": 128.018,"Actual Rows": 1,"Actual Loops": 1,"Plans": [{"Node Type": "Nested Loop","Parent Relationship": "Outer","Parallel Aware": false,"Async Capable": false,"Join Type": "Inner","Startup Cost": 7.81,"Total Cost": 4194.26,"Plan Rows": 32000,"Plan Width": 10,"Actual Startup Time": 0.202,"Actual Total Time": 120.806,"Actual Rows": 31200,"Actual Loops": 1,"Inner Unique": false,"Plans": [{"Node Type": "Nested Loop","Parent Relationship": "Outer","Parallel Aware": false,"Async Capable": false,"Join Type": "Inner","Startup Cost": 7.38,"Total Cost": 244.58,"Plan Rows": 400,"Plan Width": 4,"Actual Startup Time": 0.156,"Actual Total Time": 1.780,"Actual Rows": 390,"Actual Loops": 1,"Inner Unique": false,"Plans": [{"Node Type": "Seq Scan","Parent Relationship": "Outer","Parallel Aware": false,"Async Capable": false,"Relation Name": "nation","Alias": "nation_1","Startup Cost": 0.00,"Total Cost": 1.31,"Plan Rows": 1,"Plan Width": 4,"Actual Startup Time": 0.025,"Actual Total Time": 0.037,"Actual Rows": 1,"Actual Loops": 1,"Filter": "(n_name = 'UNITED KINGDOM'::bpchar)","Rows Removed by Filter": 24},{"Node Type": "Bitmap Heap Scan","Parent Relationship": "Inner","Parallel Aware": false,"Async Capable": false,"Relation Name": "supplier","Alias": "supplier_1","Startup Cost": 7.38,"Total Cost": 239.27,"Plan Rows": 400,"Plan Width": 8,"Actual Startup Time": 0.111,"Actual Total Time": 1.680,"Actual Rows": 390,"Actual Loops": 1,"Recheck Cond": "(s_nationkey = nation_1.n_nationkey)","Rows Removed by Index Recheck": 0,"Exact Heap Blocks": 190,"Lossy Heap Blocks": 0,"Plans": [{"Node Type": "Bitmap Index Scan","Parent Relationship": "Outer","Parallel Aware": false,"Async Capable": false,"Index Name": "idx_supplier_nation_key","Startup Cost": 0.00,"Total Cost": 7.29,"Plan Rows": 400,"Plan Width": 0,"Actual Startup Time": 0.075,"Actual Total Time": 0.080,"Actual Rows": 390,"Actual Loops": 1,"Index Cond": "(s_nationkey = nation_1.n_nationkey)"}]}]},{"Node Type": "Index Scan","Parent Relationship": "Inner","Parallel Aware": false,"Async Capable": false,"Scan Direction": "Forward","Index Name": "idx_partsupp_suppkey","Relation Name": "partsupp","Alias": "partsupp_1","Startup Cost": 0.42,"Total Cost": 9.07,"Plan Rows": 80,"Plan Width": 14,"Actual Startup Time": 0.014,"Actual Total Time": 0.293,"Actual Rows": 80,"Actual Loops": 390,"Index Cond": "(ps_suppkey = supplier_1.s_suppkey)","Rows Removed by Index Recheck": 0}]}]},{"Node Type": "Aggregate","Strategy": "Hashed","Partial Mode": "Simple","Parent Relationship": "Outer","Parallel Aware": false,"Async Capable": false,"Startup Cost": 4514.26,"Total Cost": 4994.26,"Plan Rows": 10667,"Plan Width": 36,"Actual Startup Time": 365.366,"Actual Total Time": 434.999,"Actual Rows": 1089,"Actual Loops": 1,"Group Key": ["partsupp.ps_partkey"],"Filter": "(sum((partsupp.ps_supplycost * (partsupp.ps_availqty)::numeric)) > $2)","Planned Partitions": 0,"HashAgg Batches": 1,"Peak Memory Usage": 17937,"Disk Usage": 0,"Rows Removed by Filter": 28366,"Plans": [{"Node Type": "Nested Loop","Parent Relationship": "Outer","Parallel Aware": false,"Async Capable": false,"Join Type": "Inner","Startup Cost": 7.81,"Total Cost": 4194.26,"Plan Rows": 32000,"Plan Width": 14,"Actual Startup Time": 0.273,"Actual Total Time": 195.557,"Actual Rows": 31200,"Actual Loops": 1,"Inner Unique": false,"Plans": [{"Node Type": "Nested Loop","Parent Relationship": "Outer","Parallel Aware": false,"Async Capable": false,"Join Type": "Inner","Startup Cost": 7.38,"Total Cost": 244.58,"Plan Rows": 400,"Plan Width": 4,"Actual Startup Time": 0.244,"Actual Total Time": 2.901,"Actual Rows": 390,"Actual Loops": 1,"Inner Unique": false,"Plans": [{"Node Type": "Seq Scan","Parent Relationship": "Outer","Parallel Aware": false,"Async Capable": false,"Relation Name": "nation","Alias": "nation","Startup Cost": 0.00,"Total Cost": 1.31,"Plan Rows": 1,"Plan Width": 4,"Actual Startup Time": 0.065,"Actual Total Time": 0.084,"Actual Rows": 1,"Actual Loops": 1,"Filter": "(n_name = 'UNITED KINGDOM'::bpchar)","Rows Removed by Filter": 24},{"Node Type": "Bitmap Heap Scan","Parent Relationship": "Inner","Parallel Aware": false,"Async Capable": false,"Relation Name": "supplier","Alias": "supplier","Startup Cost": 7.38,"Total Cost": 239.27,"Plan Rows": 400,"Plan Width": 8,"Actual Startup Time": 0.171,"Actual Total Time": 2.762,"Actual Rows": 390,"Actual Loops": 1,"Recheck Cond": "(s_nationkey = nation.n_nationkey)","Rows Removed by Index Recheck": 0,"Exact Heap Blocks": 190,"Lossy Heap Blocks": 0,"Plans": [{"Node Type": "Bitmap Index Scan","Parent Relationship": "Outer","Parallel Aware": false,"Async Capable": false,"Index Name": "idx_supplier_nation_key","Startup Cost": 0.00,"Total Cost": 7.29,"Plan Rows": 400,"Plan Width": 0,"Actual Startup Time": 0.123,"Actual Total Time": 0.123,"Actual Rows": 390,"Actual Loops": 1,"Index Cond": "(s_nationkey = nation.n_nationkey)"}]}]},{"Node Type": "Index Scan","Parent Relationship": "Inner","Parallel Aware": false,"Async Capable": false,"Scan Direction": "Forward","Index Name": "idx_partsupp_suppkey","Relation Name": "partsupp","Alias": "partsupp","Startup Cost": 0.42,"Total Cost": 9.07,"Plan Rows": 80,"Plan Width": 18,"Actual Startup Time": 0.020,"Actual Total Time": 0.482,"Actual Rows": 80,"Actual Loops": 390,"Index Cond": "(ps_suppkey = supplier.s_suppkey)","Rows Removed by Index Recheck": 0}]}]}]},"Planning Time": 6.575,"Triggers": [],"Execution Time": 439.057}]
[{"Plan": {"Node Type": "Sort","Parallel Aware": false,"Async Capable": false,"Startup Cost": 10142.20,"Total Cost": 10168.87,"Plan Rows": 10667,"Plan Width": 36,"Actual Startup Time": 427.455,"Actual Total Time": 427.551,"Actual Rows": 1289,"Actual Loops": 1,"Sort Key": ["(sum((partsupp.ps_supplycost * (partsupp.ps_availqty)::numeric))) DESC"],"Sort Method": "quicksort","Sort Space Used": 119,"Sort Space Type": "Memory","Plans": [{"Node Type": "Aggregate","Strategy": "Plain","Partial Mode": "Simple","Parent Relationship": "InitPlan","Subplan Name": "InitPlan 1 (returns $2)","Parallel Aware": false,"Async Capable": false,"Startup Cost": 4434.26,"Total Cost": 4434.27,"Plan Rows": 1,"Plan Width": 32,"Actual Startup Time": 127.032,"Actual Total Time": 127.034,"Actual Rows": 1,"Actual Loops": 1,"Plans": [{"Node Type": "Nested Loop","Parent Relationship": "Outer","Parallel Aware": false,"Async Capable": false,"Join Type": "Inner","Startup Cost": 7.81,"Total Cost": 4194.26,"Plan Rows": 32000,"Plan Width": 10,"Actual Startup Time": 0.214,"Actual Total Time": 120.104,"Actual Rows": 29840,"Actual Loops": 1,"Inner Unique": false,"Plans": [{"Node Type": "Nested Loop","Parent Relationship": "Outer","Parallel Aware": false,"Async Capable": false,"Join Type": "Inner","Startup Cost": 7.38,"Total Cost": 244.58,"Plan Rows": 400,"Plan Width": 4,"Actual Startup Time": 0.166,"Actual Total Time": 1.626,"Actual Rows": 373,"Actual Loops": 1,"Inner Unique": false,"Plans": [{"Node Type": "Seq Scan","Parent Relationship": "Outer","Parallel Aware": false,"Async Capable": false,"Relation Name": "nation","Alias": "nation_1","Startup Cost": 0.00,"Total Cost": 1.31,"Plan Rows": 1,"Plan Width": 4,"Actual Startup Time": 0.026,"Actual Total Time": 0.048,"Actual Rows": 1,"Actual Loops": 1,"Filter": "(n_name = 'MOROCCO'::bpchar)","Rows Removed by Filter": 24},{"Node Type": "Bitmap Heap Scan","Parent Relationship": "Inner","Parallel Aware": false,"Async Capable": false,"Relation Name": "supplier","Alias": "supplier_1","Startup Cost": 7.38,"Total Cost": 239.27,"Plan Rows": 400,"Plan Width": 8,"Actual Startup Time": 0.118,"Actual Total Time": 1.519,"Actual Rows": 373,"Actual Loops": 1,"Recheck Cond": "(s_nationkey = nation_1.n_nationkey)","Rows Removed by Index Recheck": 0,"Exact Heap Blocks": 180,"Lossy Heap Blocks": 0,"Plans": [{"Node Type": "Bitmap Index Scan","Parent Relationship": "Outer","Parallel Aware": false,"Async Capable": false,"Index Name": "idx_supplier_nation_key","Startup Cost": 0.00,"Total Cost": 7.29,"Plan Rows": 400,"Plan Width": 0,"Actual Startup Time": 0.076,"Actual Total Time": 0.076,"Actual Rows": 373,"Actual Loops": 1,"Index Cond": "(s_nationkey = nation_1.n_nationkey)"}]}]},{"Node Type": "Index Scan","Parent Relationship": "Inner","Parallel Aware": false,"Async Capable": false,"Scan Direction": "Forward","Index Name": "idx_partsupp_suppkey","Relation Name": "partsupp","Alias": "partsupp_1","Startup Cost": 0.42,"Total Cost": 9.07,"Plan Rows": 80,"Plan Width": 14,"Actual Startup Time": 0.015,"Actual Total Time": 0.305,"Actual Rows": 80,"Actual Loops": 373,"Index Cond": "(ps_suppkey = supplier_1.s_suppkey)","Rows Removed by Index Recheck": 0}]}]},{"Node Type": "Aggregate","Strategy": "Hashed","Partial Mode": "Simple","Parent Relationship": "Outer","Parallel Aware": false,"Async Capable": false,"Startup Cost": 4514.26,"Total Cost": 4994.26,"Plan Rows": 10667,"Plan Width": 36,"Actual Startup Time": 361.188,"Actual Total Time": 426.914,"Actual Rows": 1289,"Actual Loops": 1,"Group Key": ["partsupp.ps_partkey"],"Filter": "(sum((partsupp.ps_supplycost * (partsupp.ps_availqty)::numeric)) > $2)","Planned Partitions": 0,"HashAgg Batches": 1,"Peak Memory Usage": 17937,"Disk Usage": 0,"Rows Removed by Filter": 26965,"Plans": [{"Node Type": "Nested Loop","Parent Relationship": "Outer","Parallel Aware": false,"Async Capable": false,"Join Type": "Inner","Startup Cost": 7.81,"Total Cost": 4194.26,"Plan Rows": 32000,"Plan Width": 14,"Actual Startup Time": 0.390,"Actual Total Time": 190.362,"Actual Rows": 29840,"Actual Loops": 1,"Inner Unique": false,"Plans": [{"Node Type": "Nested Loop","Parent Relationship": "Outer","Parallel Aware": false,"Async Capable": false,"Join Type": "Inner","Startup Cost": 7.38,"Total Cost": 244.58,"Plan Rows": 400,"Plan Width": 4,"Actual Startup Time": 0.321,"Actual Total Time": 2.795,"Actual Rows": 373,"Actual Loops": 1,"Inner Unique": false,"Plans": [{"Node Type": "Seq Scan","Parent Relationship": "Outer","Parallel Aware": false,"Async Capable": false,"Relation Name": "nation","Alias": "nation","Startup Cost": 0.00,"Total Cost": 1.31,"Plan Rows": 1,"Plan Width": 4,"Actual Startup Time": 0.071,"Actual Total Time": 0.095,"Actual Rows": 1,"Actual Loops": 1,"Filter": "(n_name = 'MOROCCO'::bpchar)","Rows Removed by Filter": 24},{"Node Type": "Bitmap Heap Scan","Parent Relationship": "Inner","Parallel Aware": false,"Async Capable": false,"Relation Name": "supplier","Alias": "supplier","Startup Cost": 7.38,"Total Cost": 239.27,"Plan Rows": 400,"Plan Width": 8,"Actual Startup Time": 0.245,"Actual Total Time": 2.650,"Actual Rows": 373,"Actual Loops": 1,"Recheck Cond": "(s_nationkey = nation.n_nationkey)","Rows Removed by Index Recheck": 0,"Exact Heap Blocks": 180,"Lossy Heap Blocks": 0,"Plans": [{"Node Type": "Bitmap Index Scan","Parent Relationship": "Outer","Parallel Aware": false,"Async Capable": false,"Index Name": "idx_supplier_nation_key","Startup Cost": 0.00,"Total Cost": 7.29,"Plan Rows": 400,"Plan Width": 0,"Actual Startup Time": 0.159,"Actual Total Time": 0.159,"Actual Rows": 373,"Actual Loops": 1,"Index Cond": "(s_nationkey = nation.n_nationkey)"}]}]},{"Node Type": "Index Scan","Parent Relationship": "Inner","Parallel Aware": false,"Async Capable": false,"Scan Direction": "Forward","Index Name": "idx_partsupp_suppkey","Relation Name": "partsupp","Alias": "partsupp","Startup Cost": 0.42,"Total Cost": 9.07,"Plan Rows": 80,"Plan Width": 18,"Actual Startup Time": 0.021,"Actual Total Time": 0.491,"Actual Rows": 80,"Actual Loops": 373,"Index Cond": "(ps_suppkey = supplier.s_suppkey)","Rows Removed by Index Recheck": 0}]}]}]},"Planning Time": 6.174,"Triggers": [],"Execution Time": 430.247}]
[{"Plan": {"Node Type": "Sort","Parallel Aware": false,"Async Capable": false,"Startup Cost": 10142.20,"Total Cost": 10168.87,"Plan Rows": 10667,"Plan Width": 36,"Actual Startup Time": 400.788,"Actual Total Time": 400.942,"Actual Rows": 1469,"Actual Loops": 1,"Sort Key": ["(sum((partsupp.ps_supplycost * (partsupp.ps_availqty)::numeric))) DESC"],"Sort Method": "quicksort","Sort Space Used": 129,"Sort Space Type": "Memory","Plans": [{"Node Type": "Aggregate","Strategy": "Plain","Partial Mode": "Simple","Parent Relationship": "InitPlan","Subplan Name": "InitPlan 1 (returns $2)","Parallel Aware": false,"Async Capable": false,"Startup Cost": 4434.26,"Total Cost": 4434.27,"Plan Rows": 1,"Plan Width": 32,"Actual Startup Time": 117.250,"Actual Total Time": 117.272,"Actual Rows": 1,"Actual Loops": 1,"Plans": [{"Node Type": "Nested Loop","Parent Relationship": "Outer","Parallel Aware": false,"Async Capable": false,"Join Type": "Inner","Startup Cost": 7.81,"Total Cost": 4194.26,"Plan Rows": 32000,"Plan Width": 10,"Actual Startup Time": 0.216,"Actual Total Time": 110.575,"Actual Rows": 28960,"Actual Loops": 1,"Inner Unique": false,"Plans": [{"Node Type": "Nested Loop","Parent Relationship": "Outer","Parallel Aware": false,"Async Capable": false,"Join Type": "Inner","Startup Cost": 7.38,"Total Cost": 244.58,"Plan Rows": 400,"Plan Width": 4,"Actual Startup Time": 0.161,"Actual Total Time": 1.515,"Actual Rows": 362,"Actual Loops": 1,"Inner Unique": false,"Plans": [{"Node Type": "Seq Scan","Parent Relationship": "Outer","Parallel Aware": false,"Async Capable": false,"Relation Name": "nation","Alias": "nation_1","Startup Cost": 0.00,"Total Cost": 1.31,"Plan Rows": 1,"Plan Width": 4,"Actual Startup Time": 0.032,"Actual Total Time": 0.051,"Actual Rows": 1,"Actual Loops": 1,"Filter": "(n_name = 'JORDAN'::bpchar)","Rows Removed by Filter": 24},{"Node Type": "Bitmap Heap Scan","Parent Relationship": "Inner","Parallel Aware": false,"Async Capable": false,"Relation Name": "supplier","Alias": "supplier_1","Startup Cost": 7.38,"Total Cost": 239.27,"Plan Rows": 400,"Plan Width": 8,"Actual Startup Time": 0.117,"Actual Total Time": 1.415,"Actual Rows": 362,"Actual Loops": 1,"Recheck Cond": "(s_nationkey = nation_1.n_nationkey)","Rows Removed by Index Recheck": 0,"Exact Heap Blocks": 166,"Lossy Heap Blocks": 0,"Plans": [{"Node Type": "Bitmap Index Scan","Parent Relationship": "Outer","Parallel Aware": false,"Async Capable": false,"Index Name": "idx_supplier_nation_key","Startup Cost": 0.00,"Total Cost": 7.29,"Plan Rows": 400,"Plan Width": 0,"Actual Startup Time": 0.075,"Actual Total Time": 0.079,"Actual Rows": 362,"Actual Loops": 1,"Index Cond": "(s_nationkey = nation_1.n_nationkey)"}]}]},{"Node Type": "Index Scan","Parent Relationship": "Inner","Parallel Aware": false,"Async Capable": false,"Scan Direction": "Forward","Index Name": "idx_partsupp_suppkey","Relation Name": "partsupp","Alias": "partsupp_1","Startup Cost": 0.42,"Total Cost": 9.07,"Plan Rows": 80,"Plan Width": 14,"Actual Startup Time": 0.014,"Actual Total Time": 0.289,"Actual Rows": 80,"Actual Loops": 362,"Index Cond": "(ps_suppkey = supplier_1.s_suppkey)","Rows Removed by Index Recheck": 0}]}]},{"Node Type": "Aggregate","Strategy": "Hashed","Partial Mode": "Simple","Parent Relationship": "Outer","Parallel Aware": false,"Async Capable": false,"Startup Cost": 4514.26,"Total Cost": 4994.26,"Plan Rows": 10667,"Plan Width": 36,"Actual Startup Time": 338.606,"Actual Total Time": 400.138,"Actual Rows": 1469,"Actual Loops": 1,"Group Key": ["partsupp.ps_partkey"],"Filter": "(sum((partsupp.ps_supplycost * (partsupp.ps_availqty)::numeric)) > $2)","Planned Partitions": 0,"HashAgg Batches": 1,"Peak Memory Usage": 17937,"Disk Usage": 0,"Rows Removed by Filter": 25896,"Plans": [{"Node Type": "Nested Loop","Parent Relationship": "Outer","Parallel Aware": false,"Async Capable": false,"Join Type": "Inner","Startup Cost": 7.81,"Total Cost": 4194.26,"Plan Rows": 32000,"Plan Width": 14,"Actual Startup Time": 0.314,"Actual Total Time": 181.118,"Actual Rows": 28960,"Actual Loops": 1,"Inner Unique": false,"Plans": [{"Node Type": "Nested Loop","Parent Relationship": "Outer","Parallel Aware": false,"Async Capable": false,"Join Type": "Inner","Startup Cost": 7.38,"Total Cost": 244.58,"Plan Rows": 400,"Plan Width": 4,"Actual Startup Time": 0.258,"Actual Total Time": 2.692,"Actual Rows": 362,"Actual Loops": 1,"Inner Unique": false,"Plans": [{"Node Type": "Seq Scan","Parent Relationship": "Outer","Parallel Aware": false,"Async Capable": false,"Relation Name": "nation","Alias": "nation","Startup Cost": 0.00,"Total Cost": 1.31,"Plan Rows": 1,"Plan Width": 4,"Actual Startup Time": 0.077,"Actual Total Time": 0.107,"Actual Rows": 1,"Actual Loops": 1,"Filter": "(n_name = 'JORDAN'::bpchar)","Rows Removed by Filter": 24},{"Node Type": "Bitmap Heap Scan","Parent Relationship": "Inner","Parallel Aware": false,"Async Capable": false,"Relation Name": "supplier","Alias": "supplier","Startup Cost": 7.38,"Total Cost": 239.27,"Plan Rows": 400,"Plan Width": 8,"Actual Startup Time": 0.172,"Actual Total Time": 2.539,"Actual Rows": 362,"Actual Loops": 1,"Recheck Cond": "(s_nationkey = nation.n_nationkey)","Rows Removed by Index Recheck": 0,"Exact Heap Blocks": 166,"Lossy Heap Blocks": 0,"Plans": [{"Node Type": "Bitmap Index Scan","Parent Relationship": "Outer","Parallel Aware": false,"Async Capable": false,"Index Name": "idx_supplier_nation_key","Startup Cost": 0.00,"Total Cost": 7.29,"Plan Rows": 400,"Plan Width": 0,"Actual Startup Time": 0.117,"Actual Total Time": 0.118,"Actual Rows": 362,"Actual Loops": 1,"Index Cond": "(s_nationkey = nation.n_nationkey)"}]}]},{"Node Type": "Index Scan","Parent Relationship": "Inner","Parallel Aware": false,"Async Capable": false,"Scan Direction": "Forward","Index Name": "idx_partsupp_suppkey","Relation Name": "partsupp","Alias": "partsupp","Startup Cost": 0.42,"Total Cost": 9.07,"Plan Rows": 80,"Plan Width": 18,"Actual Startup Time": 0.019,"Actual Total Time": 0.481,"Actual Rows": 80,"Actual Loops": 362,"Index Cond": "(ps_suppkey = supplier.s_suppkey)","Rows Removed by Index Recheck": 0}]}]}]},"Planning Time": 6.843,"Triggers": [],"Execution Time": 403.999}]
[{"Plan": {"Node Type": "Sort","Parallel Aware": false,"Async Capable": false,"Startup Cost": 10142.20,"Total Cost": 10168.87,"Plan Rows": 10667,"Plan Width": 36,"Actual Startup Time": 449.560,"Actual Total Time": 449.671,"Actual Rows": 907,"Actual Loops": 1,"Sort Key": ["(sum((partsupp.ps_supplycost * (partsupp.ps_availqty)::numeric))) DESC"],"Sort Method": "quicksort","Sort Space Used": 74,"Sort Space Type": "Memory","Plans": [{"Node Type": "Aggregate","Strategy": "Plain","Partial Mode": "Simple","Parent Relationship": "InitPlan","Subplan Name": "InitPlan 1 (returns $2)","Parallel Aware": false,"Async Capable": false,"Startup Cost": 4434.26,"Total Cost": 4434.27,"Plan Rows": 1,"Plan Width": 32,"Actual Startup Time": 134.911,"Actual Total Time": 134.932,"Actual Rows": 1,"Actual Loops": 1,"Plans": [{"Node Type": "Nested Loop","Parent Relationship": "Outer","Parallel Aware": false,"Async Capable": false,"Join Type": "Inner","Startup Cost": 7.81,"Total Cost": 4194.26,"Plan Rows": 32000,"Plan Width": 10,"Actual Startup Time": 0.196,"Actual Total Time": 127.626,"Actual Rows": 31760,"Actual Loops": 1,"Inner Unique": false,"Plans": [{"Node Type": "Nested Loop","Parent Relationship": "Outer","Parallel Aware": false,"Async Capable": false,"Join Type": "Inner","Startup Cost": 7.38,"Total Cost": 244.58,"Plan Rows": 400,"Plan Width": 4,"Actual Startup Time": 0.146,"Actual Total Time": 1.719,"Actual Rows": 397,"Actual Loops": 1,"Inner Unique": false,"Plans": [{"Node Type": "Seq Scan","Parent Relationship": "Outer","Parallel Aware": false,"Async Capable": false,"Relation Name": "nation","Alias": "nation_1","Startup Cost": 0.00,"Total Cost": 1.31,"Plan Rows": 1,"Plan Width": 4,"Actual Startup Time": 0.024,"Actual Total Time": 0.052,"Actual Rows": 1,"Actual Loops": 1,"Filter": "(n_name = 'BRAZIL'::bpchar)","Rows Removed by Filter": 24},{"Node Type": "Bitmap Heap Scan","Parent Relationship": "Inner","Parallel Aware": false,"Async Capable": false,"Relation Name": "supplier","Alias": "supplier_1","Startup Cost": 7.38,"Total Cost": 239.27,"Plan Rows": 400,"Plan Width": 8,"Actual Startup Time": 0.105,"Actual Total Time": 1.602,"Actual Rows": 397,"Actual Loops": 1,"Recheck Cond": "(s_nationkey = nation_1.n_nationkey)","Rows Removed by Index Recheck": 0,"Exact Heap Blocks": 187,"Lossy Heap Blocks": 0,"Plans": [{"Node Type": "Bitmap Index Scan","Parent Relationship": "Outer","Parallel Aware": false,"Async Capable": false,"Index Name": "idx_supplier_nation_key","Startup Cost": 0.00,"Total Cost": 7.29,"Plan Rows": 400,"Plan Width": 0,"Actual Startup Time": 0.071,"Actual Total Time": 0.077,"Actual Rows": 397,"Actual Loops": 1,"Index Cond": "(s_nationkey = nation_1.n_nationkey)"}]}]},{"Node Type": "Index Scan","Parent Relationship": "Inner","Parallel Aware": false,"Async Capable": false,"Scan Direction": "Forward","Index Name": "idx_partsupp_suppkey","Relation Name": "partsupp","Alias": "partsupp_1","Startup Cost": 0.42,"Total Cost": 9.07,"Plan Rows": 80,"Plan Width": 14,"Actual Startup Time": 0.015,"Actual Total Time": 0.304,"Actual Rows": 80,"Actual Loops": 397,"Index Cond": "(ps_suppkey = supplier_1.s_suppkey)","Rows Removed by Index Recheck": 0}]}]},{"Node Type": "Aggregate","Strategy": "Hashed","Partial Mode": "Simple","Parent Relationship": "Outer","Parallel Aware": false,"Async Capable": false,"Startup Cost": 4514.26,"Total Cost": 4994.26,"Plan Rows": 10667,"Plan Width": 36,"Actual Startup Time": 378.380,"Actual Total Time": 449.162,"Actual Rows": 907,"Actual Loops": 1,"Group Key": ["partsupp.ps_partkey"],"Filter": "(sum((partsupp.ps_supplycost * (partsupp.ps_availqty)::numeric)) > $2)","Planned Partitions": 0,"HashAgg Batches": 1,"Peak Memory Usage": 17937,"Disk Usage": 0,"Rows Removed by Filter": 29157,"Plans": [{"Node Type": "Nested Loop","Parent Relationship": "Outer","Parallel Aware": false,"Async Capable": false,"Join Type": "Inner","Startup Cost": 7.81,"Total Cost": 4194.26,"Plan Rows": 32000,"Plan Width": 14,"Actual Startup Time": 0.353,"Actual Total Time": 195.500,"Actual Rows": 31760,"Actual Loops": 1,"Inner Unique": false,"Plans": [{"Node Type": "Nested Loop","Parent Relationship": "Outer","Parallel Aware": false,"Async Capable": false,"Join Type": "Inner","Startup Cost": 7.38,"Total Cost": 244.58,"Plan Rows": 400,"Plan Width": 4,"Actual Startup Time": 0.264,"Actual Total Time": 2.773,"Actual Rows": 397,"Actual Loops": 1,"Inner Unique": false,"Plans": [{"Node Type": "Seq Scan","Parent Relationship": "Outer","Parallel Aware": false,"Async Capable": false,"Relation Name": "nation","Alias": "nation","Startup Cost": 0.00,"Total Cost": 1.31,"Plan Rows": 1,"Plan Width": 4,"Actual Startup Time": 0.057,"Actual Total Time": 0.077,"Actual Rows": 1,"Actual Loops": 1,"Filter": "(n_name = 'BRAZIL'::bpchar)","Rows Removed by Filter": 24},{"Node Type": "Bitmap Heap Scan","Parent Relationship": "Inner","Parallel Aware": false,"Async Capable": false,"Relation Name": "supplier","Alias": "supplier","Startup Cost": 7.38,"Total Cost": 239.27,"Plan Rows": 400,"Plan Width": 8,"Actual Startup Time": 0.205,"Actual Total Time": 2.649,"Actual Rows": 397,"Actual Loops": 1,"Recheck Cond": "(s_nationkey = nation.n_nationkey)","Rows Removed by Index Recheck": 0,"Exact Heap Blocks": 187,"Lossy Heap Blocks": 0,"Plans": [{"Node Type": "Bitmap Index Scan","Parent Relationship": "Outer","Parallel Aware": false,"Async Capable": false,"Index Name": "idx_supplier_nation_key","Startup Cost": 0.00,"Total Cost": 7.29,"Plan Rows": 400,"Plan Width": 0,"Actual Startup Time": 0.130,"Actual Total Time": 0.131,"Actual Rows": 397,"Actual Loops": 1,"Index Cond": "(s_nationkey = nation.n_nationkey)"}]}]},{"Node Type": "Index Scan","Parent Relationship": "Inner","Parallel Aware": false,"Async Capable": false,"Scan Direction": "Forward","Index Name": "idx_partsupp_suppkey","Relation Name": "partsupp","Alias": "partsupp","Startup Cost": 0.42,"Total Cost": 9.07,"Plan Rows": 80,"Plan Width": 18,"Actual Startup Time": 0.020,"Actual Total Time": 0.474,"Actual Rows": 80,"Actual Loops": 397,"Index Cond": "(ps_suppkey = supplier.s_suppkey)","Rows Removed by Index Recheck": 0}]}]}]},"Planning Time": 5.165,"Triggers": [],"Execution Time": 452.133}]
[{"Plan": {"Node Type": "Sort","Parallel Aware": false,"Async Capable": false,"Startup Cost": 10142.20,"Total Cost": 10168.87,"Plan Rows": 10667,"Plan Width": 36,"Actual Startup Time": 400.788,"Actual Total Time": 400.942,"Actual Rows": 1469,"Actual Loops": 1,"Sort Key": ["(sum((partsupp.ps_supplycost * (partsupp.ps_availqty)::numeric))) DESC"],"Sort Method": "quicksort","Sort Space Used": 129,"Sort Space Type": "Memory","Plans": [{"Node Type": "Aggregate","Strategy": "Plain","Partial Mode": "Simple","Parent Relationship": "InitPlan","Subplan Name": "InitPlan 1 (returns $2)","Parallel Aware": false,"Async Capable": false,"Startup Cost": 4434.26,"Total Cost": 4434.27,"Plan Rows": 1,"Plan Width": 32,"Actual Startup Time": 117.250,"Actual Total Time": 117.272,"Actual Rows": 1,"Actual Loops": 1,"Plans": [{"Node Type": "Nested Loop","Parent Relationship": "Outer","Parallel Aware": false,"Async Capable": false,"Join Type": "Inner","Startup Cost": 7.81,"Total Cost": 4194.26,"Plan Rows": 32000,"Plan Width": 10,"Actual Startup Time": 0.216,"Actual Total Time": 110.575,"Actual Rows": 28960,"Actual Loops": 1,"Inner Unique": false,"Plans": [{"Node Type": "Nested Loop","Parent Relationship": "Outer","Parallel Aware": false,"Async Capable": false,"Join Type": "Inner","Startup Cost": 7.38,"Total Cost": 244.58,"Plan Rows": 400,"Plan Width": 4,"Actual Startup Time": 0.161,"Actual Total Time": 1.515,"Actual Rows": 362,"Actual Loops": 1,"Inner Unique": false,"Plans": [{"Node Type": "Seq Scan","Parent Relationship": "Outer","Parallel Aware": false,"Async Capable": false,"Relation Name": "nation","Alias": "nation_1","Startup Cost": 0.00,"Total Cost": 1.31,"Plan Rows": 1,"Plan Width": 4,"Actual Startup Time": 0.032,"Actual Total Time": 0.051,"Actual Rows": 1,"Actual Loops": 1,"Filter": "(n_name = 'JORDAN'::bpchar)","Rows Removed by Filter": 24},{"Node Type": "Bitmap Heap Scan","Parent Relationship": "Inner","Parallel Aware": false,"Async Capable": false,"Relation Name": "supplier","Alias": "supplier_1","Startup Cost": 7.38,"Total Cost": 239.27,"Plan Rows": 400,"Plan Width": 8,"Actual Startup Time": 0.117,"Actual Total Time": 1.415,"Actual Rows": 362,"Actual Loops": 1,"Recheck Cond": "(s_nationkey = nation_1.n_nationkey)","Rows Removed by Index Recheck": 0,"Exact Heap Blocks": 166,"Lossy Heap Blocks": 0,"Plans": [{"Node Type": "Bitmap Index Scan","Parent Relationship": "Outer","Parallel Aware": false,"Async Capable": false,"Index Name": "idx_supplier_nation_key","Startup Cost": 0.00,"Total Cost": 7.29,"Plan Rows": 400,"Plan Width": 0,"Actual Startup Time": 0.075,"Actual Total Time": 0.079,"Actual Rows": 362,"Actual Loops": 1,"Index Cond": "(s_nationkey = nation_1.n_nationkey)"}]}]},{"Node Type": "Index Scan","Parent Relationship": "Inner","Parallel Aware": false,"Async Capable": false,"Scan Direction": "Forward","Index Name": "idx_partsupp_suppkey","Relation Name": "partsupp","Alias": "partsupp_1","Startup Cost": 0.42,"Total Cost": 9.07,"Plan Rows": 80,"Plan Width": 14,"Actual Startup Time": 0.014,"Actual Total Time": 0.289,"Actual Rows": 80,"Actual Loops": 362,"Index Cond": "(ps_suppkey = supplier_1.s_suppkey)","Rows Removed by Index Recheck": 0}]}]},{"Node Type": "Aggregate","Strategy": "Hashed","Partial Mode": "Simple","Parent Relationship": "Outer","Parallel Aware": false,"Async Capable": false,"Startup Cost": 4514.26,"Total Cost": 4994.26,"Plan Rows": 10667,"Plan Width": 36,"Actual Startup Time": 338.606,"Actual Total Time": 400.138,"Actual Rows": 1469,"Actual Loops": 1,"Group Key": ["partsupp.ps_partkey"],"Filter": "(sum((partsupp.ps_supplycost * (partsupp.ps_availqty)::numeric)) > $2)","Planned Partitions": 0,"HashAgg Batches": 1,"Peak Memory Usage": 17937,"Disk Usage": 0,"Rows Removed by Filter": 25896,"Plans": [{"Node Type": "Nested Loop","Parent Relationship": "Outer","Parallel Aware": false,"Async Capable": false,"Join Type": "Inner","Startup Cost": 7.81,"Total Cost": 4194.26,"Plan Rows": 32000,"Plan Width": 14,"Actual Startup Time": 0.314,"Actual Total Time": 181.118,"Actual Rows": 28960,"Actual Loops": 1,"Inner Unique": false,"Plans": [{"Node Type": "Nested Loop","Parent Relationship": "Outer","Parallel Aware": false,"Async Capable": false,"Join Type": "Inner","Startup Cost": 7.38,"Total Cost": 244.58,"Plan Rows": 400,"Plan Width": 4,"Actual Startup Time": 0.258,"Actual Total Time": 2.692,"Actual Rows": 362,"Actual Loops": 1,"Inner Unique": false,"Plans": [{"Node Type": "Seq Scan","Parent Relationship": "Outer","Parallel Aware": false,"Async Capable": false,"Relation Name": "nation","Alias": "nation","Startup Cost": 0.00,"Total Cost": 1.31,"Plan Rows": 1,"Plan Width": 4,"Actual Startup Time": 0.077,"Actual Total Time": 0.107,"Actual Rows": 1,"Actual Loops": 1,"Filter": "(n_name = 'JORDAN'::bpchar)","Rows Removed by Filter": 24},{"Node Type": "Bitmap Heap Scan","Parent Relationship": "Inner","Parallel Aware": false,"Async Capable": false,"Relation Name": "supplier","Alias": "supplier","Startup Cost": 7.38,"Total Cost": 239.27,"Plan Rows": 400,"Plan Width": 8,"Actual Startup Time": 0.172,"Actual Total Time": 2.539,"Actual Rows": 362,"Actual Loops": 1,"Recheck Cond": "(s_nationkey = nation.n_nationkey)","Rows Removed by Index Recheck": 0,"Exact Heap Blocks": 166,"Lossy Heap Blocks": 0,"Plans": [{"Node Type": "Bitmap Index Scan","Parent Relationship": "Outer","Parallel Aware": false,"Async Capable": false,"Index Name": "idx_supplier_nation_key","Startup Cost": 0.00,"Total Cost": 7.29,"Plan Rows": 400,"Plan Width": 0,"Actual Startup Time": 0.117,"Actual Total Time": 0.118,"Actual Rows": 362,"Actual Loops": 1,"Index Cond": "(s_nationkey = nation.n_nationkey)"}]}]},{"Node Type": "Index Scan","Parent Relationship": "Inner","Parallel Aware": false,"Async Capable": false,"Scan Direction": "Forward","Index Name": "idx_partsupp_suppkey","Relation Name": "partsupp","Alias": "partsupp","Startup Cost": 0.42,"Total Cost": 9.07,"Plan Rows": 80,"Plan Width": 18,"Actual Startup Time": 0.019,"Actual Total Time": 0.481,"Actual Rows": 80,"Actual Loops": 362,"Index Cond": "(ps_suppkey = supplier.s_suppkey)","Rows Removed by Index Recheck": 0}]}]}]},"Planning Time": 6.843,"Triggers": [],"Execution Time": 403.999}]
[{"Plan": {"Node Type": "Sort","Parallel Aware": false,"Async Capable": false,"Startup Cost": 10142.20,"Total Cost": 10168.87,"Plan Rows": 10667,"Plan Width": 36,"Actual Startup Time": 463.200,"Actual Total Time": 463.334,"Actual Rows": 786,"Actual Loops": 1,"Sort Key": ["(sum((partsupp.ps_supplycost * (partsupp.ps_availqty)::numeric))) DESC"],"Sort Method": "quicksort","Sort Space Used": 67,"Sort Space Type": "Memory","Plans": [{"Node Type": "Aggregate","Strategy": "Plain","Partial Mode": "Simple","Parent Relationship": "InitPlan","Subplan Name": "InitPlan 1 (returns $2)","Parallel Aware": false,"Async Capable": false,"Startup Cost": 4434.26,"Total Cost": 4434.27,"Plan Rows": 1,"Plan Width": 32,"Actual Startup Time": 138.217,"Actual Total Time": 138.241,"Actual Rows": 1,"Actual Loops": 1,"Plans": [{"Node Type": "Nested Loop","Parent Relationship": "Outer","Parallel Aware": false,"Async Capable": false,"Join Type": "Inner","Startup Cost": 7.81,"Total Cost": 4194.26,"Plan Rows": 32000,"Plan Width": 10,"Actual Startup Time": 0.203,"Actual Total Time": 130.632,"Actual Rows": 33040,"Actual Loops": 1,"Inner Unique": false,"Plans": [{"Node Type": "Nested Loop","Parent Relationship": "Outer","Parallel Aware": false,"Async Capable": false,"Join Type": "Inner","Startup Cost": 7.38,"Total Cost": 244.58,"Plan Rows": 400,"Plan Width": 4,"Actual Startup Time": 0.159,"Actual Total Time": 1.911,"Actual Rows": 413,"Actual Loops": 1,"Inner Unique": false,"Plans": [{"Node Type": "Seq Scan","Parent Relationship": "Outer","Parallel Aware": false,"Async Capable": false,"Relation Name": "nation","Alias": "nation_1","Startup Cost": 0.00,"Total Cost": 1.31,"Plan Rows": 1,"Plan Width": 4,"Actual Startup Time": 0.020,"Actual Total Time": 0.050,"Actual Rows": 1,"Actual Loops": 1,"Filter": "(n_name = 'ARGENTINA'::bpchar)","Rows Removed by Filter": 24},{"Node Type": "Bitmap Heap Scan","Parent Relationship": "Inner","Parallel Aware": false,"Async Capable": false,"Relation Name": "supplier","Alias": "supplier_1","Startup Cost": 7.38,"Total Cost": 239.27,"Plan Rows": 400,"Plan Width": 8,"Actual Startup Time": 0.122,"Actual Total Time": 1.805,"Actual Rows": 413,"Actual Loops": 1,"Recheck Cond": "(s_nationkey = nation_1.n_nationkey)","Rows Removed by Index Recheck": 0,"Exact Heap Blocks": 190,"Lossy Heap Blocks": 0,"Plans": [{"Node Type": "Bitmap Index Scan","Parent Relationship": "Outer","Parallel Aware": false,"Async Capable": false,"Index Name": "idx_supplier_nation_key","Startup Cost": 0.00,"Total Cost": 7.29,"Plan Rows": 400,"Plan Width": 0,"Actual Startup Time": 0.076,"Actual Total Time": 0.082,"Actual Rows": 413,"Actual Loops": 1,"Index Cond": "(s_nationkey = nation_1.n_nationkey)"}]}]},{"Node Type": "Index Scan","Parent Relationship": "Inner","Parallel Aware": false,"Async Capable": false,"Scan Direction": "Forward","Index Name": "idx_partsupp_suppkey","Relation Name": "partsupp","Alias": "partsupp_1","Startup Cost": 0.42,"Total Cost": 9.07,"Plan Rows": 80,"Plan Width": 14,"Actual Startup Time": 0.015,"Actual Total Time": 0.299,"Actual Rows": 80,"Actual Loops": 413,"Index Cond": "(ps_suppkey = supplier_1.s_suppkey)","Rows Removed by Index Recheck": 0}]}]},{"Node Type": "Aggregate","Strategy": "Hashed","Partial Mode": "Simple","Parent Relationship": "Outer","Parallel Aware": false,"Async Capable": false,"Startup Cost": 4514.26,"Total Cost": 4994.26,"Plan Rows": 10667,"Plan Width": 36,"Actual Startup Time": 387.894,"Actual Total Time": 462.834,"Actual Rows": 786,"Actual Loops": 1,"Group Key": ["partsupp.ps_partkey"],"Filter": "(sum((partsupp.ps_supplycost * (partsupp.ps_availqty)::numeric)) > $2)","Planned Partitions": 0,"HashAgg Batches": 1,"Peak Memory Usage": 17937,"Disk Usage": 0,"Rows Removed by Filter": 30324,"Plans": [{"Node Type": "Nested Loop","Parent Relationship": "Outer","Parallel Aware": false,"Async Capable": false,"Join Type": "Inner","Startup Cost": 7.81,"Total Cost": 4194.26,"Plan Rows": 32000,"Plan Width": 14,"Actual Startup Time": 0.397,"Actual Total Time": 197.172,"Actual Rows": 33040,"Actual Loops": 1,"Inner Unique": false,"Plans": [{"Node Type": "Nested Loop","Parent Relationship": "Outer","Parallel Aware": false,"Async Capable": false,"Join Type": "Inner","Startup Cost": 7.38,"Total Cost": 244.58,"Plan Rows": 400,"Plan Width": 4,"Actual Startup Time": 0.324,"Actual Total Time": 2.886,"Actual Rows": 413,"Actual Loops": 1,"Inner Unique": false,"Plans": [{"Node Type": "Seq Scan","Parent Relationship": "Outer","Parallel Aware": false,"Async Capable": false,"Relation Name": "nation","Alias": "nation","Startup Cost": 0.00,"Total Cost": 1.31,"Plan Rows": 1,"Plan Width": 4,"Actual Startup Time": 0.073,"Actual Total Time": 0.106,"Actual Rows": 1,"Actual Loops": 1,"Filter": "(n_name = 'ARGENTINA'::bpchar)","Rows Removed by Filter": 24},{"Node Type": "Bitmap Heap Scan","Parent Relationship": "Inner","Parallel Aware": false,"Async Capable": false,"Relation Name": "supplier","Alias": "supplier","Startup Cost": 7.38,"Total Cost": 239.27,"Plan Rows": 400,"Plan Width": 8,"Actual Startup Time": 0.246,"Actual Total Time": 2.727,"Actual Rows": 413,"Actual Loops": 1,"Recheck Cond": "(s_nationkey = nation.n_nationkey)","Rows Removed by Index Recheck": 0,"Exact Heap Blocks": 190,"Lossy Heap Blocks": 0,"Plans": [{"Node Type": "Bitmap Index Scan","Parent Relationship": "Outer","Parallel Aware": false,"Async Capable": false,"Index Name": "idx_supplier_nation_key","Startup Cost": 0.00,"Total Cost": 7.29,"Plan Rows": 400,"Plan Width": 0,"Actual Startup Time": 0.154,"Actual Total Time": 0.156,"Actual Rows": 413,"Actual Loops": 1,"Index Cond": "(s_nationkey = nation.n_nationkey)"}]}]},{"Node Type": "Index Scan","Parent Relationship": "Inner","Parallel Aware": false,"Async Capable": false,"Scan Direction": "Forward","Index Name": "idx_partsupp_suppkey","Relation Name": "partsupp","Alias": "partsupp","Startup Cost": 0.42,"Total Cost": 9.07,"Plan Rows": 80,"Plan Width": 18,"Actual Startup Time": 0.020,"Actual Total Time": 0.459,"Actual Rows": 80,"Actual Loops": 413,"Index Cond": "(ps_suppkey = supplier.s_suppkey)","Rows Removed by Index Recheck": 0}]}]}]},"Planning Time": 6.005,"Triggers": [],"Execution Time": 466.166}]
[{"Plan": {"Node Type": "Sort","Parallel Aware": false,"Async Capable": false,"Startup Cost": 10142.20,"Total Cost": 10168.87,"Plan Rows": 10667,"Plan Width": 36,"Actual Startup Time": 460.724,"Actual Total Time": 460.840,"Actual Rows": 741,"Actual Loops": 1,"Sort Key": ["(sum((partsupp.ps_supplycost * (partsupp.ps_availqty)::numeric))) DESC"],"Sort Method": "quicksort","Sort Space Used": 65,"Sort Space Type": "Memory","Plans": [{"Node Type": "Aggregate","Strategy": "Plain","Partial Mode": "Simple","Parent Relationship": "InitPlan","Subplan Name": "InitPlan 1 (returns $2)","Parallel Aware": false,"Async Capable": false,"Startup Cost": 4434.26,"Total Cost": 4434.27,"Plan Rows": 1,"Plan Width": 32,"Actual Startup Time": 132.110,"Actual Total Time": 132.136,"Actual Rows": 1,"Actual Loops": 1,"Plans": [{"Node Type": "Nested Loop","Parent Relationship": "Outer","Parallel Aware": false,"Async Capable": false,"Join Type": "Inner","Startup Cost": 7.81,"Total Cost": 4194.26,"Plan Rows": 32000,"Plan Width": 10,"Actual Startup Time": 0.212,"Actual Total Time": 124.425,"Actual Rows": 33680,"Actual Loops": 1,"Inner Unique": false,"Plans": [{"Node Type": "Nested Loop","Parent Relationship": "Outer","Parallel Aware": false,"Async Capable": false,"Join Type": "Inner","Startup Cost": 7.38,"Total Cost": 244.58,"Plan Rows": 400,"Plan Width": 4,"Actual Startup Time": 0.146,"Actual Total Time": 1.771,"Actual Rows": 421,"Actual Loops": 1,"Inner Unique": false,"Plans": [{"Node Type": "Seq Scan","Parent Relationship": "Outer","Parallel Aware": false,"Async Capable": false,"Relation Name": "nation","Alias": "nation_1","Startup Cost": 0.00,"Total Cost": 1.31,"Plan Rows": 1,"Plan Width": 4,"Actual Startup Time": 0.036,"Actual Total Time": 0.052,"Actual Rows": 1,"Actual Loops": 1,"Filter": "(n_name = 'PERU'::bpchar)","Rows Removed by Filter": 24},{"Node Type": "Bitmap Heap Scan","Parent Relationship": "Inner","Parallel Aware": false,"Async Capable": false,"Relation Name": "supplier","Alias": "supplier_1","Startup Cost": 7.38,"Total Cost": 239.27,"Plan Rows": 400,"Plan Width": 8,"Actual Startup Time": 0.097,"Actual Total Time": 1.663,"Actual Rows": 421,"Actual Loops": 1,"Recheck Cond": "(s_nationkey = nation_1.n_nationkey)","Rows Removed by Index Recheck": 0,"Exact Heap Blocks": 187,"Lossy Heap Blocks": 0,"Plans": [{"Node Type": "Bitmap Index Scan","Parent Relationship": "Outer","Parallel Aware": false,"Async Capable": false,"Index Name": "idx_supplier_nation_key","Startup Cost": 0.00,"Total Cost": 7.29,"Plan Rows": 400,"Plan Width": 0,"Actual Startup Time": 0.063,"Actual Total Time": 0.070,"Actual Rows": 421,"Actual Loops": 1,"Index Cond": "(s_nationkey = nation_1.n_nationkey)"}]}]},{"Node Type": "Index Scan","Parent Relationship": "Inner","Parallel Aware": false,"Async Capable": false,"Scan Direction": "Forward","Index Name": "idx_partsupp_suppkey","Relation Name": "partsupp","Alias": "partsupp_1","Startup Cost": 0.42,"Total Cost": 9.07,"Plan Rows": 80,"Plan Width": 14,"Actual Startup Time": 0.014,"Actual Total Time": 0.279,"Actual Rows": 80,"Actual Loops": 421,"Index Cond": "(ps_suppkey = supplier_1.s_suppkey)","Rows Removed by Index Recheck": 0}]}]},{"Node Type": "Aggregate","Strategy": "Hashed","Partial Mode": "Simple","Parent Relationship": "Outer","Parallel Aware": false,"Async Capable": false,"Startup Cost": 4514.26,"Total Cost": 4994.26,"Plan Rows": 10667,"Plan Width": 36,"Actual Startup Time": 384.508,"Actual Total Time": 460.301,"Actual Rows": 741,"Actual Loops": 1,"Group Key": ["partsupp.ps_partkey"],"Filter": "(sum((partsupp.ps_supplycost * (partsupp.ps_availqty)::numeric)) > $2)","Planned Partitions": 0,"HashAgg Batches": 1,"Peak Memory Usage": 17937,"Disk Usage": 0,"Rows Removed by Filter": 30846,"Plans": [{"Node Type": "Nested Loop","Parent Relationship": "Outer","Parallel Aware": false,"Async Capable": false,"Join Type": "Inner","Startup Cost": 7.81,"Total Cost": 4194.26,"Plan Rows": 32000,"Plan Width": 14,"Actual Startup Time": 0.389,"Actual Total Time": 205.243,"Actual Rows": 33680,"Actual Loops": 1,"Inner Unique": false,"Plans": [{"Node Type": "Nested Loop","Parent Relationship": "Outer","Parallel Aware": false,"Async Capable": false,"Join Type": "Inner","Startup Cost": 7.38,"Total Cost": 244.58,"Plan Rows": 400,"Plan Width": 4,"Actual Startup Time": 0.332,"Actual Total Time": 2.785,"Actual Rows": 421,"Actual Loops": 1,"Inner Unique": false,"Plans": [{"Node Type": "Seq Scan","Parent Relationship": "Outer","Parallel Aware": false,"Async Capable": false,"Relation Name": "nation","Alias": "nation","Startup Cost": 0.00,"Total Cost": 1.31,"Plan Rows": 1,"Plan Width": 4,"Actual Startup Time": 0.057,"Actual Total Time": 0.075,"Actual Rows": 1,"Actual Loops": 1,"Filter": "(n_name = 'PERU'::bpchar)","Rows Removed by Filter": 24},{"Node Type": "Bitmap Heap Scan","Parent Relationship": "Inner","Parallel Aware": false,"Async Capable": false,"Relation Name": "supplier","Alias": "supplier","Startup Cost": 7.38,"Total Cost": 239.27,"Plan Rows": 400,"Plan Width": 8,"Actual Startup Time": 0.270,"Actual Total Time": 2.660,"Actual Rows": 421,"Actual Loops": 1,"Recheck Cond": "(s_nationkey = nation.n_nationkey)","Rows Removed by Index Recheck": 0,"Exact Heap Blocks": 187,"Lossy Heap Blocks": 0,"Plans": [{"Node Type": "Bitmap Index Scan","Parent Relationship": "Outer","Parallel Aware": false,"Async Capable": false,"Index Name": "idx_supplier_nation_key","Startup Cost": 0.00,"Total Cost": 7.29,"Plan Rows": 400,"Plan Width": 0,"Actual Startup Time": 0.195,"Actual Total Time": 0.196,"Actual Rows": 421,"Actual Loops": 1,"Index Cond": "(s_nationkey = nation.n_nationkey)"}]}]},{"Node Type": "Index Scan","Parent Relationship": "Inner","Parallel Aware": false,"Async Capable": false,"Scan Direction": "Forward","Index Name": "idx_partsupp_suppkey","Relation Name": "partsupp","Alias": "partsupp","Startup Cost": 0.42,"Total Cost": 9.07,"Plan Rows": 80,"Plan Width": 18,"Actual Startup Time": 0.018,"Actual Total Time": 0.469,"Actual Rows": 80,"Actual Loops": 421,"Index Cond": "(ps_suppkey = supplier.s_suppkey)","Rows Removed by Index Recheck": 0}]}]}]},"Planning Time": 6.964,"Triggers": [],"Execution Time": 464.153}]
[{"Plan": {"Node Type": "Sort","Parallel Aware": false,"Async Capable": false,"Startup Cost": 10142.20,"Total Cost": 10168.87,"Plan Rows": 10667,"Plan Width": 36,"Actual Startup Time": 433.392,"Actual Total Time": 433.521,"Actual Rows": 1062,"Actual Loops": 1,"Sort Key": ["(sum((partsupp.ps_supplycost * (partsupp.ps_availqty)::numeric))) DESC"],"Sort Method": "quicksort","Sort Space Used": 107,"Sort Space Type": "Memory","Plans": [{"Node Type": "Aggregate","Strategy": "Plain","Partial Mode": "Simple","Parent Relationship": "InitPlan","Subplan Name": "InitPlan 1 (returns $2)","Parallel Aware": false,"Async Capable": false,"Startup Cost": 4434.26,"Total Cost": 4434.27,"Plan Rows": 1,"Plan Width": 32,"Actual Startup Time": 125.971,"Actual Total Time": 125.990,"Actual Rows": 1,"Actual Loops": 1,"Plans": [{"Node Type": "Nested Loop","Parent Relationship": "Outer","Parallel Aware": false,"Async Capable": false,"Join Type": "Inner","Startup Cost": 7.81,"Total Cost": 4194.26,"Plan Rows": 32000,"Plan Width": 10,"Actual Startup Time": 0.203,"Actual Total Time": 118.781,"Actual Rows": 31440,"Actual Loops": 1,"Inner Unique": false,"Plans": [{"Node Type": "Nested Loop","Parent Relationship": "Outer","Parallel Aware": false,"Async Capable": false,"Join Type": "Inner","Startup Cost": 7.38,"Total Cost": 244.58,"Plan Rows": 400,"Plan Width": 4,"Actual Startup Time": 0.157,"Actual Total Time": 1.656,"Actual Rows": 393,"Actual Loops": 1,"Inner Unique": false,"Plans": [{"Node Type": "Seq Scan","Parent Relationship": "Outer","Parallel Aware": false,"Async Capable": false,"Relation Name": "nation","Alias": "nation_1","Startup Cost": 0.00,"Total Cost": 1.31,"Plan Rows": 1,"Plan Width": 4,"Actual Startup Time": 0.034,"Actual Total Time": 0.054,"Actual Rows": 1,"Actual Loops": 1,"Filter": "(n_name = 'IRAN'::bpchar)","Rows Removed by Filter": 24},{"Node Type": "Bitmap Heap Scan","Parent Relationship": "Inner","Parallel Aware": false,"Async Capable": false,"Relation Name": "supplier","Alias": "supplier_1","Startup Cost": 7.38,"Total Cost": 239.27,"Plan Rows": 400,"Plan Width": 8,"Actual Startup Time": 0.107,"Actual Total Time": 1.545,"Actual Rows": 393,"Actual Loops": 1,"Recheck Cond": "(s_nationkey = nation_1.n_nationkey)","Rows Removed by Index Recheck": 0,"Exact Heap Blocks": 179,"Lossy Heap Blocks": 0,"Plans": [{"Node Type": "Bitmap Index Scan","Parent Relationship": "Outer","Parallel Aware": false,"Async Capable": false,"Index Name": "idx_supplier_nation_key","Startup Cost": 0.00,"Total Cost": 7.29,"Plan Rows": 400,"Plan Width": 0,"Actual Startup Time": 0.076,"Actual Total Time": 0.080,"Actual Rows": 393,"Actual Loops": 1,"Index Cond": "(s_nationkey = nation_1.n_nationkey)"}]}]},{"Node Type": "Index Scan","Parent Relationship": "Inner","Parallel Aware": false,"Async Capable": false,"Scan Direction": "Forward","Index Name": "idx_partsupp_suppkey","Relation Name": "partsupp","Alias": "partsupp_1","Startup Cost": 0.42,"Total Cost": 9.07,"Plan Rows": 80,"Plan Width": 14,"Actual Startup Time": 0.014,"Actual Total Time": 0.286,"Actual Rows": 80,"Actual Loops": 393,"Index Cond": "(ps_suppkey = supplier_1.s_suppkey)","Rows Removed by Index Recheck": 0}]}]},{"Node Type": "Aggregate","Strategy": "Hashed","Partial Mode": "Simple","Parent Relationship": "Outer","Parallel Aware": false,"Async Capable": false,"Startup Cost": 4514.26,"Total Cost": 4994.26,"Plan Rows": 10667,"Plan Width": 36,"Actual Startup Time": 362.794,"Actual Total Time": 432.898,"Actual Rows": 1062,"Actual Loops": 1,"Group Key": ["partsupp.ps_partkey"],"Filter": "(sum((partsupp.ps_supplycost * (partsupp.ps_availqty)::numeric)) > $2)","Planned Partitions": 0,"HashAgg Batches": 1,"Peak Memory Usage": 17937,"Disk Usage": 0,"Rows Removed by Filter": 28595,"Plans": [{"Node Type": "Nested Loop","Parent Relationship": "Outer","Parallel Aware": false,"Async Capable": false,"Join Type": "Inner","Startup Cost": 7.81,"Total Cost": 4194.26,"Plan Rows": 32000,"Plan Width": 14,"Actual Startup Time": 0.338,"Actual Total Time": 194.810,"Actual Rows": 31440,"Actual Loops": 1,"Inner Unique": false,"Plans": [{"Node Type": "Nested Loop","Parent Relationship": "Outer","Parallel Aware": false,"Async Capable": false,"Join Type": "Inner","Startup Cost": 7.38,"Total Cost": 244.58,"Plan Rows": 400,"Plan Width": 4,"Actual Startup Time": 0.285,"Actual Total Time": 2.779,"Actual Rows": 393,"Actual Loops": 1,"Inner Unique": false,"Plans": [{"Node Type": "Seq Scan","Parent Relationship": "Outer","Parallel Aware": false,"Async Capable": false,"Relation Name": "nation","Alias": "nation","Startup Cost": 0.00,"Total Cost": 1.31,"Plan Rows": 1,"Plan Width": 4,"Actual Startup Time": 0.074,"Actual Total Time": 0.096,"Actual Rows": 1,"Actual Loops": 1,"Filter": "(n_name = 'IRAN'::bpchar)","Rows Removed by Filter": 24},{"Node Type": "Bitmap Heap Scan","Parent Relationship": "Inner","Parallel Aware": false,"Async Capable": false,"Relation Name": "supplier","Alias": "supplier","Startup Cost": 7.38,"Total Cost": 239.27,"Plan Rows": 400,"Plan Width": 8,"Actual Startup Time": 0.203,"Actual Total Time": 2.632,"Actual Rows": 393,"Actual Loops": 1,"Recheck Cond": "(s_nationkey = nation.n_nationkey)","Rows Removed by Index Recheck": 0,"Exact Heap Blocks": 179,"Lossy Heap Blocks": 0,"Plans": [{"Node Type": "Bitmap Index Scan","Parent Relationship": "Outer","Parallel Aware": false,"Async Capable": false,"Index Name": "idx_supplier_nation_key","Startup Cost": 0.00,"Total Cost": 7.29,"Plan Rows": 400,"Plan Width": 0,"Actual Startup Time": 0.138,"Actual Total Time": 0.139,"Actual Rows": 393,"Actual Loops": 1,"Index Cond": "(s_nationkey = nation.n_nationkey)"}]}]},{"Node Type": "Index Scan","Parent Relationship": "Inner","Parallel Aware": false,"Async Capable": false,"Scan Direction": "Forward","Index Name": "idx_partsupp_suppkey","Relation Name": "partsupp","Alias": "partsupp","Startup Cost": 0.42,"Total Cost": 9.07,"Plan Rows": 80,"Plan Width": 18,"Actual Startup Time": 0.019,"Actual Total Time": 0.477,"Actual Rows": 80,"Actual Loops": 393,"Index Cond": "(ps_suppkey = supplier.s_suppkey)","Rows Removed by Index Recheck": 0}]}]}]},"Planning Time": 6.603,"Triggers": [],"Execution Time": 437.000}]
[{"Plan": {"Node Type": "Sort","Parallel Aware": false,"Async Capable": false,"Startup Cost": 10142.20,"Total Cost": 10168.87,"Plan Rows": 10667,"Plan Width": 36,"Actual Startup Time": 464.748,"Actual Total Time": 464.880,"Actual Rows": 665,"Actual Loops": 1,"Sort Key": ["(sum((partsupp.ps_supplycost * (partsupp.ps_availqty)::numeric))) DESC"],"Sort Method": "quicksort","Sort Space Used": 61,"Sort Space Type": "Memory","Plans": [{"Node Type": "Aggregate","Strategy": "Plain","Partial Mode": "Simple","Parent Relationship": "InitPlan","Subplan Name": "InitPlan 1 (returns $2)","Parallel Aware": false,"Async Capable": false,"Startup Cost": 4434.26,"Total Cost": 4434.27,"Plan Rows": 1,"Plan Width": 32,"Actual Startup Time": 134.444,"Actual Total Time": 134.478,"Actual Rows": 1,"Actual Loops": 1,"Plans": [{"Node Type": "Nested Loop","Parent Relationship": "Outer","Parallel Aware": false,"Async Capable": false,"Join Type": "Inner","Startup Cost": 7.81,"Total Cost": 4194.26,"Plan Rows": 32000,"Plan Width": 10,"Actual Startup Time": 0.195,"Actual Total Time": 126.758,"Actual Rows": 33600,"Actual Loops": 1,"Inner Unique": false,"Plans": [{"Node Type": "Nested Loop","Parent Relationship": "Outer","Parallel Aware": false,"Async Capable": false,"Join Type": "Inner","Startup Cost": 7.38,"Total Cost": 244.58,"Plan Rows": 400,"Plan Width": 4,"Actual Startup Time": 0.143,"Actual Total Time": 1.895,"Actual Rows": 420,"Actual Loops": 1,"Inner Unique": false,"Plans": [{"Node Type": "Seq Scan","Parent Relationship": "Outer","Parallel Aware": false,"Async Capable": false,"Relation Name": "nation","Alias": "nation_1","Startup Cost": 0.00,"Total Cost": 1.31,"Plan Rows": 1,"Plan Width": 4,"Actual Startup Time": 0.024,"Actual Total Time": 0.046,"Actual Rows": 1,"Actual Loops": 1,"Filter": "(n_name = 'ALGERIA'::bpchar)","Rows Removed by Filter": 24},{"Node Type": "Bitmap Heap Scan","Parent Relationship": "Inner","Parallel Aware": false,"Async Capable": false,"Relation Name": "supplier","Alias": "supplier_1","Startup Cost": 7.38,"Total Cost": 239.27,"Plan Rows": 400,"Plan Width": 8,"Actual Startup Time": 0.107,"Actual Total Time": 1.788,"Actual Rows": 420,"Actual Loops": 1,"Recheck Cond": "(s_nationkey = nation_1.n_nationkey)","Rows Removed by Index Recheck": 0,"Exact Heap Blocks": 197,"Lossy Heap Blocks": 0,"Plans": [{"Node Type": "Bitmap Index Scan","Parent Relationship": "Outer","Parallel Aware": false,"Async Capable": false,"Index Name": "idx_supplier_nation_key","Startup Cost": 0.00,"Total Cost": 7.29,"Plan Rows": 400,"Plan Width": 0,"Actual Startup Time": 0.069,"Actual Total Time": 0.076,"Actual Rows": 420,"Actual Loops": 1,"Index Cond": "(s_nationkey = nation_1.n_nationkey)"}]}]},{"Node Type": "Index Scan","Parent Relationship": "Inner","Parallel Aware": false,"Async Capable": false,"Scan Direction": "Forward","Index Name": "idx_partsupp_suppkey","Relation Name": "partsupp","Alias": "partsupp_1","Startup Cost": 0.42,"Total Cost": 9.07,"Plan Rows": 80,"Plan Width": 14,"Actual Startup Time": 0.014,"Actual Total Time": 0.285,"Actual Rows": 80,"Actual Loops": 420,"Index Cond": "(ps_suppkey = supplier_1.s_suppkey)","Rows Removed by Index Recheck": 0}]}]},{"Node Type": "Aggregate","Strategy": "Hashed","Partial Mode": "Simple","Parent Relationship": "Outer","Parallel Aware": false,"Async Capable": false,"Startup Cost": 4514.26,"Total Cost": 4994.26,"Plan Rows": 10667,"Plan Width": 36,"Actual Startup Time": 388.152,"Actual Total Time": 464.346,"Actual Rows": 665,"Actual Loops": 1,"Group Key": ["partsupp.ps_partkey"],"Filter": "(sum((partsupp.ps_supplycost * (partsupp.ps_availqty)::numeric)) > $2)","Planned Partitions": 0,"HashAgg Batches": 1,"Peak Memory Usage": 17937,"Disk Usage": 0,"Rows Removed by Filter": 30920,"Plans": [{"Node Type": "Nested Loop","Parent Relationship": "Outer","Parallel Aware": false,"Async Capable": false,"Join Type": "Inner","Startup Cost": 7.81,"Total Cost": 4194.26,"Plan Rows": 32000,"Plan Width": 14,"Actual Startup Time": 0.388,"Actual Total Time": 207.629,"Actual Rows": 33600,"Actual Loops": 1,"Inner Unique": false,"Plans": [{"Node Type": "Nested Loop","Parent Relationship": "Outer","Parallel Aware": false,"Async Capable": false,"Join Type": "Inner","Startup Cost": 7.38,"Total Cost": 244.58,"Plan Rows": 400,"Plan Width": 4,"Actual Startup Time": 0.274,"Actual Total Time": 2.984,"Actual Rows": 420,"Actual Loops": 1,"Inner Unique": false,"Plans": [{"Node Type": "Seq Scan","Parent Relationship": "Outer","Parallel Aware": false,"Async Capable": false,"Relation Name": "nation","Alias": "nation","Startup Cost": 0.00,"Total Cost": 1.31,"Plan Rows": 1,"Plan Width": 4,"Actual Startup Time": 0.081,"Actual Total Time": 0.099,"Actual Rows": 1,"Actual Loops": 1,"Filter": "(n_name = 'ALGERIA'::bpchar)","Rows Removed by Filter": 24},{"Node Type": "Bitmap Heap Scan","Parent Relationship": "Inner","Parallel Aware": false,"Async Capable": false,"Relation Name": "supplier","Alias": "supplier","Startup Cost": 7.38,"Total Cost": 239.27,"Plan Rows": 400,"Plan Width": 8,"Actual Startup Time": 0.184,"Actual Total Time": 2.823,"Actual Rows": 420,"Actual Loops": 1,"Recheck Cond": "(s_nationkey = nation.n_nationkey)","Rows Removed by Index Recheck": 0,"Exact Heap Blocks": 197,"Lossy Heap Blocks": 0,"Plans": [{"Node Type": "Bitmap Index Scan","Parent Relationship": "Outer","Parallel Aware": false,"Async Capable": false,"Index Name": "idx_supplier_nation_key","Startup Cost": 0.00,"Total Cost": 7.29,"Plan Rows": 400,"Plan Width": 0,"Actual Startup Time": 0.105,"Actual Total Time": 0.106,"Actual Rows": 420,"Actual Loops": 1,"Index Cond": "(s_nationkey = nation.n_nationkey)"}]}]},{"Node Type": "Index Scan","Parent Relationship": "Inner","Parallel Aware": false,"Async Capable": false,"Scan Direction": "Forward","Index Name": "idx_partsupp_suppkey","Relation Name": "partsupp","Alias": "partsupp","Startup Cost": 0.42,"Total Cost": 9.07,"Plan Rows": 80,"Plan Width": 18,"Actual Startup Time": 0.019,"Actual Total Time": 0.475,"Actual Rows": 80,"Actual Loops": 420,"Index Cond": "(ps_suppkey = supplier.s_suppkey)","Rows Removed by Index Recheck": 0}]}]}]},"Planning Time": 6.930,"Triggers": [],"Execution Time": 468.122}]
[{"Plan": {"Node Type": "Sort","Parallel Aware": false,"Async Capable": false,"Startup Cost": 10142.20,"Total Cost": 10168.87,"Plan Rows": 10667,"Plan Width": 36,"Actual Startup Time": 451.065,"Actual Total Time": 451.181,"Actual Rows": 838,"Actual Loops": 1,"Sort Key": ["(sum((partsupp.ps_supplycost * (partsupp.ps_availqty)::numeric))) DESC"],"Sort Method": "quicksort","Sort Space Used": 70,"Sort Space Type": "Memory","Plans": [{"Node Type": "Aggregate","Strategy": "Plain","Partial Mode": "Simple","Parent Relationship": "InitPlan","Subplan Name": "InitPlan 1 (returns $2)","Parallel Aware": false,"Async Capable": false,"Startup Cost": 4434.26,"Total Cost": 4434.27,"Plan Rows": 1,"Plan Width": 32,"Actual Startup Time": 132.717,"Actual Total Time": 132.742,"Actual Rows": 1,"Actual Loops": 1,"Plans": [{"Node Type": "Nested Loop","Parent Relationship": "Outer","Parallel Aware": false,"Async Capable": false,"Join Type": "Inner","Startup Cost": 7.81,"Total Cost": 4194.26,"Plan Rows": 32000,"Plan Width": 10,"Actual Startup Time": 0.228,"Actual Total Time": 125.275,"Actual Rows": 32480,"Actual Loops": 1,"Inner Unique": false,"Plans": [{"Node Type": "Nested Loop","Parent Relationship": "Outer","Parallel Aware": false,"Async Capable": false,"Join Type": "Inner","Startup Cost": 7.38,"Total Cost": 244.58,"Plan Rows": 400,"Plan Width": 4,"Actual Startup Time": 0.174,"Actual Total Time": 1.839,"Actual Rows": 406,"Actual Loops": 1,"Inner Unique": false,"Plans": [{"Node Type": "Seq Scan","Parent Relationship": "Outer","Parallel Aware": false,"Async Capable": false,"Relation Name": "nation","Alias": "nation_1","Startup Cost": 0.00,"Total Cost": 1.31,"Plan Rows": 1,"Plan Width": 4,"Actual Startup Time": 0.052,"Actual Total Time": 0.067,"Actual Rows": 1,"Actual Loops": 1,"Filter": "(n_name = 'MOZAMBIQUE'::bpchar)","Rows Removed by Filter": 24},{"Node Type": "Bitmap Heap Scan","Parent Relationship": "Inner","Parallel Aware": false,"Async Capable": false,"Relation Name": "supplier","Alias": "supplier_1","Startup Cost": 7.38,"Total Cost": 239.27,"Plan Rows": 400,"Plan Width": 8,"Actual Startup Time": 0.112,"Actual Total Time": 1.721,"Actual Rows": 406,"Actual Loops": 1,"Recheck Cond": "(s_nationkey = nation_1.n_nationkey)","Rows Removed by Index Recheck": 0,"Exact Heap Blocks": 186,"Lossy Heap Blocks": 0,"Plans": [{"Node Type": "Bitmap Index Scan","Parent Relationship": "Outer","Parallel Aware": false,"Async Capable": false,"Index Name": "idx_supplier_nation_key","Startup Cost": 0.00,"Total Cost": 7.29,"Plan Rows": 400,"Plan Width": 0,"Actual Startup Time": 0.075,"Actual Total Time": 0.080,"Actual Rows": 406,"Actual Loops": 1,"Index Cond": "(s_nationkey = nation_1.n_nationkey)"}]}]},{"Node Type": "Index Scan","Parent Relationship": "Inner","Parallel Aware": false,"Async Capable": false,"Scan Direction": "Forward","Index Name": "idx_partsupp_suppkey","Relation Name": "partsupp","Alias": "partsupp_1","Startup Cost": 0.42,"Total Cost": 9.07,"Plan Rows": 80,"Plan Width": 14,"Actual Startup Time": 0.015,"Actual Total Time": 0.292,"Actual Rows": 80,"Actual Loops": 406,"Index Cond": "(ps_suppkey = supplier_1.s_suppkey)","Rows Removed by Index Recheck": 0}]}]},{"Node Type": "Aggregate","Strategy": "Hashed","Partial Mode": "Simple","Parent Relationship": "Outer","Parallel Aware": false,"Async Capable": false,"Startup Cost": 4514.26,"Total Cost": 4994.26,"Plan Rows": 10667,"Plan Width": 36,"Actual Startup Time": 378.862,"Actual Total Time": 450.673,"Actual Rows": 838,"Actual Loops": 1,"Group Key": ["partsupp.ps_partkey"],"Filter": "(sum((partsupp.ps_supplycost * (partsupp.ps_availqty)::numeric)) > $2)","Planned Partitions": 0,"HashAgg Batches": 1,"Peak Memory Usage": 17937,"Disk Usage": 0,"Rows Removed by Filter": 29832,"Plans": [{"Node Type": "Nested Loop","Parent Relationship": "Outer","Parallel Aware": false,"Async Capable": false,"Join Type": "Inner","Startup Cost": 7.81,"Total Cost": 4194.26,"Plan Rows": 32000,"Plan Width": 14,"Actual Startup Time": 0.382,"Actual Total Time": 202.282,"Actual Rows": 32480,"Actual Loops": 1,"Inner Unique": false,"Plans": [{"Node Type": "Nested Loop","Parent Relationship": "Outer","Parallel Aware": false,"Async Capable": false,"Join Type": "Inner","Startup Cost": 7.38,"Total Cost": 244.58,"Plan Rows": 400,"Plan Width": 4,"Actual Startup Time": 0.293,"Actual Total Time": 2.810,"Actual Rows": 406,"Actual Loops": 1,"Inner Unique": false,"Plans": [{"Node Type": "Seq Scan","Parent Relationship": "Outer","Parallel Aware": false,"Async Capable": false,"Relation Name": "nation","Alias": "nation","Startup Cost": 0.00,"Total Cost": 1.31,"Plan Rows": 1,"Plan Width": 4,"Actual Startup Time": 0.067,"Actual Total Time": 0.098,"Actual Rows": 1,"Actual Loops": 1,"Filter": "(n_name = 'MOZAMBIQUE'::bpchar)","Rows Removed by Filter": 24},{"Node Type": "Bitmap Heap Scan","Parent Relationship": "Inner","Parallel Aware": false,"Async Capable": false,"Relation Name": "supplier","Alias": "supplier","Startup Cost": 7.38,"Total Cost": 239.27,"Plan Rows": 400,"Plan Width": 8,"Actual Startup Time": 0.220,"Actual Total Time": 2.658,"Actual Rows": 406,"Actual Loops": 1,"Recheck Cond": "(s_nationkey = nation.n_nationkey)","Rows Removed by Index Recheck": 0,"Exact Heap Blocks": 186,"Lossy Heap Blocks": 0,"Plans": [{"Node Type": "Bitmap Index Scan","Parent Relationship": "Outer","Parallel Aware": false,"Async Capable": false,"Index Name": "idx_supplier_nation_key","Startup Cost": 0.00,"Total Cost": 7.29,"Plan Rows": 400,"Plan Width": 0,"Actual Startup Time": 0.147,"Actual Total Time": 0.149,"Actual Rows": 406,"Actual Loops": 1,"Index Cond": "(s_nationkey = nation.n_nationkey)"}]}]},{"Node Type": "Index Scan","Parent Relationship": "Inner","Parallel Aware": false,"Async Capable": false,"Scan Direction": "Forward","Index Name": "idx_partsupp_suppkey","Relation Name": "partsupp","Alias": "partsupp","Startup Cost": 0.42,"Total Cost": 9.07,"Plan Rows": 80,"Plan Width": 18,"Actual Startup Time": 0.020,"Actual Total Time": 0.480,"Actual Rows": 80,"Actual Loops": 406,"Index Cond": "(ps_suppkey = supplier.s_suppkey)","Rows Removed by Index Recheck": 0}]}]}]},"Planning Time": 6.783,"Triggers": [],"Execution Time": 454.405}]
[{"Plan": {"Node Type": "Sort","Parallel Aware": false,"Async Capable": false,"Startup Cost": 10142.20,"Total Cost": 10168.87,"Plan Rows": 10667,"Plan Width": 36,"Actual Startup Time": 463.200,"Actual Total Time": 463.334,"Actual Rows": 786,"Actual Loops": 1,"Sort Key": ["(sum((partsupp.ps_supplycost * (partsupp.ps_availqty)::numeric))) DESC"],"Sort Method": "quicksort","Sort Space Used": 67,"Sort Space Type": "Memory","Plans": [{"Node Type": "Aggregate","Strategy": "Plain","Partial Mode": "Simple","Parent Relationship": "InitPlan","Subplan Name": "InitPlan 1 (returns $2)","Parallel Aware": false,"Async Capable": false,"Startup Cost": 4434.26,"Total Cost": 4434.27,"Plan Rows": 1,"Plan Width": 32,"Actual Startup Time": 138.217,"Actual Total Time": 138.241,"Actual Rows": 1,"Actual Loops": 1,"Plans": [{"Node Type": "Nested Loop","Parent Relationship": "Outer","Parallel Aware": false,"Async Capable": false,"Join Type": "Inner","Startup Cost": 7.81,"Total Cost": 4194.26,"Plan Rows": 32000,"Plan Width": 10,"Actual Startup Time": 0.203,"Actual Total Time": 130.632,"Actual Rows": 33040,"Actual Loops": 1,"Inner Unique": false,"Plans": [{"Node Type": "Nested Loop","Parent Relationship": "Outer","Parallel Aware": false,"Async Capable": false,"Join Type": "Inner","Startup Cost": 7.38,"Total Cost": 244.58,"Plan Rows": 400,"Plan Width": 4,"Actual Startup Time": 0.159,"Actual Total Time": 1.911,"Actual Rows": 413,"Actual Loops": 1,"Inner Unique": false,"Plans": [{"Node Type": "Seq Scan","Parent Relationship": "Outer","Parallel Aware": false,"Async Capable": false,"Relation Name": "nation","Alias": "nation_1","Startup Cost": 0.00,"Total Cost": 1.31,"Plan Rows": 1,"Plan Width": 4,"Actual Startup Time": 0.020,"Actual Total Time": 0.050,"Actual Rows": 1,"Actual Loops": 1,"Filter": "(n_name = 'ARGENTINA'::bpchar)","Rows Removed by Filter": 24},{"Node Type": "Bitmap Heap Scan","Parent Relationship": "Inner","Parallel Aware": false,"Async Capable": false,"Relation Name": "supplier","Alias": "supplier_1","Startup Cost": 7.38,"Total Cost": 239.27,"Plan Rows": 400,"Plan Width": 8,"Actual Startup Time": 0.122,"Actual Total Time": 1.805,"Actual Rows": 413,"Actual Loops": 1,"Recheck Cond": "(s_nationkey = nation_1.n_nationkey)","Rows Removed by Index Recheck": 0,"Exact Heap Blocks": 190,"Lossy Heap Blocks": 0,"Plans": [{"Node Type": "Bitmap Index Scan","Parent Relationship": "Outer","Parallel Aware": false,"Async Capable": false,"Index Name": "idx_supplier_nation_key","Startup Cost": 0.00,"Total Cost": 7.29,"Plan Rows": 400,"Plan Width": 0,"Actual Startup Time": 0.076,"Actual Total Time": 0.082,"Actual Rows": 413,"Actual Loops": 1,"Index Cond": "(s_nationkey = nation_1.n_nationkey)"}]}]},{"Node Type": "Index Scan","Parent Relationship": "Inner","Parallel Aware": false,"Async Capable": false,"Scan Direction": "Forward","Index Name": "idx_partsupp_suppkey","Relation Name": "partsupp","Alias": "partsupp_1","Startup Cost": 0.42,"Total Cost": 9.07,"Plan Rows": 80,"Plan Width": 14,"Actual Startup Time": 0.015,"Actual Total Time": 0.299,"Actual Rows": 80,"Actual Loops": 413,"Index Cond": "(ps_suppkey = supplier_1.s_suppkey)","Rows Removed by Index Recheck": 0}]}]},{"Node Type": "Aggregate","Strategy": "Hashed","Partial Mode": "Simple","Parent Relationship": "Outer","Parallel Aware": false,"Async Capable": false,"Startup Cost": 4514.26,"Total Cost": 4994.26,"Plan Rows": 10667,"Plan Width": 36,"Actual Startup Time": 387.894,"Actual Total Time": 462.834,"Actual Rows": 786,"Actual Loops": 1,"Group Key": ["partsupp.ps_partkey"],"Filter": "(sum((partsupp.ps_supplycost * (partsupp.ps_availqty)::numeric)) > $2)","Planned Partitions": 0,"HashAgg Batches": 1,"Peak Memory Usage": 17937,"Disk Usage": 0,"Rows Removed by Filter": 30324,"Plans": [{"Node Type": "Nested Loop","Parent Relationship": "Outer","Parallel Aware": false,"Async Capable": false,"Join Type": "Inner","Startup Cost": 7.81,"Total Cost": 4194.26,"Plan Rows": 32000,"Plan Width": 14,"Actual Startup Time": 0.397,"Actual Total Time": 197.172,"Actual Rows": 33040,"Actual Loops": 1,"Inner Unique": false,"Plans": [{"Node Type": "Nested Loop","Parent Relationship": "Outer","Parallel Aware": false,"Async Capable": false,"Join Type": "Inner","Startup Cost": 7.38,"Total Cost": 244.58,"Plan Rows": 400,"Plan Width": 4,"Actual Startup Time": 0.324,"Actual Total Time": 2.886,"Actual Rows": 413,"Actual Loops": 1,"Inner Unique": false,"Plans": [{"Node Type": "Seq Scan","Parent Relationship": "Outer","Parallel Aware": false,"Async Capable": false,"Relation Name": "nation","Alias": "nation","Startup Cost": 0.00,"Total Cost": 1.31,"Plan Rows": 1,"Plan Width": 4,"Actual Startup Time": 0.073,"Actual Total Time": 0.106,"Actual Rows": 1,"Actual Loops": 1,"Filter": "(n_name = 'ARGENTINA'::bpchar)","Rows Removed by Filter": 24},{"Node Type": "Bitmap Heap Scan","Parent Relationship": "Inner","Parallel Aware": false,"Async Capable": false,"Relation Name": "supplier","Alias": "supplier","Startup Cost": 7.38,"Total Cost": 239.27,"Plan Rows": 400,"Plan Width": 8,"Actual Startup Time": 0.246,"Actual Total Time": 2.727,"Actual Rows": 413,"Actual Loops": 1,"Recheck Cond": "(s_nationkey = nation.n_nationkey)","Rows Removed by Index Recheck": 0,"Exact Heap Blocks": 190,"Lossy Heap Blocks": 0,"Plans": [{"Node Type": "Bitmap Index Scan","Parent Relationship": "Outer","Parallel Aware": false,"Async Capable": false,"Index Name": "idx_supplier_nation_key","Startup Cost": 0.00,"Total Cost": 7.29,"Plan Rows": 400,"Plan Width": 0,"Actual Startup Time": 0.154,"Actual Total Time": 0.156,"Actual Rows": 413,"Actual Loops": 1,"Index Cond": "(s_nationkey = nation.n_nationkey)"}]}]},{"Node Type": "Index Scan","Parent Relationship": "Inner","Parallel Aware": false,"Async Capable": false,"Scan Direction": "Forward","Index Name": "idx_partsupp_suppkey","Relation Name": "partsupp","Alias": "partsupp","Startup Cost": 0.42,"Total Cost": 9.07,"Plan Rows": 80,"Plan Width": 18,"Actual Startup Time": 0.020,"Actual Total Time": 0.459,"Actual Rows": 80,"Actual Loops": 413,"Index Cond": "(ps_suppkey = supplier.s_suppkey)","Rows Removed by Index Recheck": 0}]}]}]},"Planning Time": 6.005,"Triggers": [],"Execution Time": 466.166}]
[{"Plan": {"Node Type": "Sort","Parallel Aware": false,"Async Capable": false,"Startup Cost": 10142.20,"Total Cost": 10168.87,"Plan Rows": 10667,"Plan Width": 36,"Actual Startup Time": 428.583,"Actual Total Time": 428.704,"Actual Rows": 1225,"Actual Loops": 1,"Sort Key": ["(sum((partsupp.ps_supplycost * (partsupp.ps_availqty)::numeric))) DESC"],"Sort Method": "quicksort","Sort Space Used": 116,"Sort Space Type": "Memory","Plans": [{"Node Type": "Aggregate","Strategy": "Plain","Partial Mode": "Simple","Parent Relationship": "InitPlan","Subplan Name": "InitPlan 1 (returns $2)","Parallel Aware": false,"Async Capable": false,"Startup Cost": 4434.26,"Total Cost": 4434.27,"Plan Rows": 1,"Plan Width": 32,"Actual Startup Time": 128.590,"Actual Total Time": 128.610,"Actual Rows": 1,"Actual Loops": 1,"Plans": [{"Node Type": "Nested Loop","Parent Relationship": "Outer","Parallel Aware": false,"Async Capable": false,"Join Type": "Inner","Startup Cost": 7.81,"Total Cost": 4194.26,"Plan Rows": 32000,"Plan Width": 10,"Actual Startup Time": 0.200,"Actual Total Time": 121.660,"Actual Rows": 30160,"Actual Loops": 1,"Inner Unique": false,"Plans": [{"Node Type": "Nested Loop","Parent Relationship": "Outer","Parallel Aware": false,"Async Capable": false,"Join Type": "Inner","Startup Cost": 7.38,"Total Cost": 244.58,"Plan Rows": 400,"Plan Width": 4,"Actual Startup Time": 0.145,"Actual Total Time": 1.678,"Actual Rows": 377,"Actual Loops": 1,"Inner Unique": false,"Plans": [{"Node Type": "Seq Scan","Parent Relationship": "Outer","Parallel Aware": false,"Async Capable": false,"Relation Name": "nation","Alias": "nation_1","Startup Cost": 0.00,"Total Cost": 1.31,"Plan Rows": 1,"Plan Width": 4,"Actual Startup Time": 0.022,"Actual Total Time": 0.041,"Actual Rows": 1,"Actual Loops": 1,"Filter": "(n_name = 'JAPAN'::bpchar)","Rows Removed by Filter": 24},{"Node Type": "Bitmap Heap Scan","Parent Relationship": "Inner","Parallel Aware": false,"Async Capable": false,"Relation Name": "supplier","Alias": "supplier_1","Startup Cost": 7.38,"Total Cost": 239.27,"Plan Rows": 400,"Plan Width": 8,"Actual Startup Time": 0.107,"Actual Total Time": 1.581,"Actual Rows": 377,"Actual Loops": 1,"Recheck Cond": "(s_nationkey = nation_1.n_nationkey)","Rows Removed by Index Recheck": 0,"Exact Heap Blocks": 180,"Lossy Heap Blocks": 0,"Plans": [{"Node Type": "Bitmap Index Scan","Parent Relationship": "Outer","Parallel Aware": false,"Async Capable": false,"Index Name": "idx_supplier_nation_key","Startup Cost": 0.00,"Total Cost": 7.29,"Plan Rows": 400,"Plan Width": 0,"Actual Startup Time": 0.073,"Actual Total Time": 0.079,"Actual Rows": 377,"Actual Loops": 1,"Index Cond": "(s_nationkey = nation_1.n_nationkey)"}]}]},{"Node Type": "Index Scan","Parent Relationship": "Inner","Parallel Aware": false,"Async Capable": false,"Scan Direction": "Forward","Index Name": "idx_partsupp_suppkey","Relation Name": "partsupp","Alias": "partsupp_1","Startup Cost": 0.42,"Total Cost": 9.07,"Plan Rows": 80,"Plan Width": 14,"Actual Startup Time": 0.015,"Actual Total Time": 0.306,"Actual Rows": 80,"Actual Loops": 377,"Index Cond": "(ps_suppkey = supplier_1.s_suppkey)","Rows Removed by Index Recheck": 0}]}]},{"Node Type": "Aggregate","Strategy": "Hashed","Partial Mode": "Simple","Parent Relationship": "Outer","Parallel Aware": false,"Async Capable": false,"Startup Cost": 4514.26,"Total Cost": 4994.26,"Plan Rows": 10667,"Plan Width": 36,"Actual Startup Time": 361.803,"Actual Total Time": 428.043,"Actual Rows": 1225,"Actual Loops": 1,"Group Key": ["partsupp.ps_partkey"],"Filter": "(sum((partsupp.ps_supplycost * (partsupp.ps_availqty)::numeric)) > $2)","Planned Partitions": 0,"HashAgg Batches": 1,"Peak Memory Usage": 17937,"Disk Usage": 0,"Rows Removed by Filter": 27290,"Plans": [{"Node Type": "Nested Loop","Parent Relationship": "Outer","Parallel Aware": false,"Async Capable": false,"Join Type": "Inner","Startup Cost": 7.81,"Total Cost": 4194.26,"Plan Rows": 32000,"Plan Width": 14,"Actual Startup Time": 0.353,"Actual Total Time": 190.903,"Actual Rows": 30160,"Actual Loops": 1,"Inner Unique": false,"Plans": [{"Node Type": "Nested Loop","Parent Relationship": "Outer","Parallel Aware": false,"Async Capable": false,"Join Type": "Inner","Startup Cost": 7.38,"Total Cost": 244.58,"Plan Rows": 400,"Plan Width": 4,"Actual Startup Time": 0.276,"Actual Total Time": 2.652,"Actual Rows": 377,"Actual Loops": 1,"Inner Unique": false,"Plans": [{"Node Type": "Seq Scan","Parent Relationship": "Outer","Parallel Aware": false,"Async Capable": false,"Relation Name": "nation","Alias": "nation","Startup Cost": 0.00,"Total Cost": 1.31,"Plan Rows": 1,"Plan Width": 4,"Actual Startup Time": 0.069,"Actual Total Time": 0.093,"Actual Rows": 1,"Actual Loops": 1,"Filter": "(n_name = 'JAPAN'::bpchar)","Rows Removed by Filter": 24},{"Node Type": "Bitmap Heap Scan","Parent Relationship": "Inner","Parallel Aware": false,"Async Capable": false,"Relation Name": "supplier","Alias": "supplier","Startup Cost": 7.38,"Total Cost": 239.27,"Plan Rows": 400,"Plan Width": 8,"Actual Startup Time": 0.204,"Actual Total Time": 2.512,"Actual Rows": 377,"Actual Loops": 1,"Recheck Cond": "(s_nationkey = nation.n_nationkey)","Rows Removed by Index Recheck": 0,"Exact Heap Blocks": 180,"Lossy Heap Blocks": 0,"Plans": [{"Node Type": "Bitmap Index Scan","Parent Relationship": "Outer","Parallel Aware": false,"Async Capable": false,"Index Name": "idx_supplier_nation_key","Startup Cost": 0.00,"Total Cost": 7.29,"Plan Rows": 400,"Plan Width": 0,"Actual Startup Time": 0.135,"Actual Total Time": 0.136,"Actual Rows": 377,"Actual Loops": 1,"Index Cond": "(s_nationkey = nation.n_nationkey)"}]}]},{"Node Type": "Index Scan","Parent Relationship": "Inner","Parallel Aware": false,"Async Capable": false,"Scan Direction": "Forward","Index Name": "idx_partsupp_suppkey","Relation Name": "partsupp","Alias": "partsupp","Startup Cost": 0.42,"Total Cost": 9.07,"Plan Rows": 80,"Plan Width": 18,"Actual Startup Time": 0.021,"Actual Total Time": 0.488,"Actual Rows": 80,"Actual Loops": 377,"Index Cond": "(ps_suppkey = supplier.s_suppkey)","Rows Removed by Index Recheck": 0}]}]}]},"Planning Time": 6.421,"Triggers": [],"Execution Time": 431.115}]
[{"Plan": {"Node Type": "Sort","Parallel Aware": false,"Async Capable": false,"Startup Cost": 10142.20,"Total Cost": 10168.87,"Plan Rows": 10667,"Plan Width": 36,"Actual Startup Time": 444.263,"Actual Total Time": 444.393,"Actual Rows": 839,"Actual Loops": 1,"Sort Key": ["(sum((partsupp.ps_supplycost * (partsupp.ps_availqty)::numeric))) DESC"],"Sort Method": "quicksort","Sort Space Used": 70,"Sort Space Type": "Memory","Plans": [{"Node Type": "Aggregate","Strategy": "Plain","Partial Mode": "Simple","Parent Relationship": "InitPlan","Subplan Name": "InitPlan 1 (returns $2)","Parallel Aware": false,"Async Capable": false,"Startup Cost": 4434.26,"Total Cost": 4434.27,"Plan Rows": 1,"Plan Width": 32,"Actual Startup Time": 130.704,"Actual Total Time": 130.725,"Actual Rows": 1,"Actual Loops": 1,"Plans": [{"Node Type": "Nested Loop","Parent Relationship": "Outer","Parallel Aware": false,"Async Capable": false,"Join Type": "Inner","Startup Cost": 7.81,"Total Cost": 4194.26,"Plan Rows": 32000,"Plan Width": 10,"Actual Startup Time": 0.144,"Actual Total Time": 123.234,"Actual Rows": 32880,"Actual Loops": 1,"Inner Unique": false,"Plans": [{"Node Type": "Nested Loop","Parent Relationship": "Outer","Parallel Aware": false,"Async Capable": false,"Join Type": "Inner","Startup Cost": 7.38,"Total Cost": 244.58,"Plan Rows": 400,"Plan Width": 4,"Actual Startup Time": 0.115,"Actual Total Time": 1.739,"Actual Rows": 411,"Actual Loops": 1,"Inner Unique": false,"Plans": [{"Node Type": "Seq Scan","Parent Relationship": "Outer","Parallel Aware": false,"Async Capable": false,"Relation Name": "nation","Alias": "nation_1","Startup Cost": 0.00,"Total Cost": 1.31,"Plan Rows": 1,"Plan Width": 4,"Actual Startup Time": 0.024,"Actual Total Time": 0.046,"Actual Rows": 1,"Actual Loops": 1,"Filter": "(n_name = 'SAUDI ARABIA'::bpchar)","Rows Removed by Filter": 24},{"Node Type": "Bitmap Heap Scan","Parent Relationship": "Inner","Parallel Aware": false,"Async Capable": false,"Relation Name": "supplier","Alias": "supplier_1","Startup Cost": 7.38,"Total Cost": 239.27,"Plan Rows": 400,"Plan Width": 8,"Actual Startup Time": 0.082,"Actual Total Time": 1.642,"Actual Rows": 411,"Actual Loops": 1,"Recheck Cond": "(s_nationkey = nation_1.n_nationkey)","Rows Removed by Index Recheck": 0,"Exact Heap Blocks": 182,"Lossy Heap Blocks": 0,"Plans": [{"Node Type": "Bitmap Index Scan","Parent Relationship": "Outer","Parallel Aware": false,"Async Capable": false,"Index Name": "idx_supplier_nation_key","Startup Cost": 0.00,"Total Cost": 7.29,"Plan Rows": 400,"Plan Width": 0,"Actual Startup Time": 0.049,"Actual Total Time": 0.055,"Actual Rows": 411,"Actual Loops": 1,"Index Cond": "(s_nationkey = nation_1.n_nationkey)"}]}]},{"Node Type": "Index Scan","Parent Relationship": "Inner","Parallel Aware": false,"Async Capable": false,"Scan Direction": "Forward","Index Name": "idx_partsupp_suppkey","Relation Name": "partsupp","Alias": "partsupp_1","Startup Cost": 0.42,"Total Cost": 9.07,"Plan Rows": 80,"Plan Width": 14,"Actual Startup Time": 0.014,"Actual Total Time": 0.283,"Actual Rows": 80,"Actual Loops": 411,"Index Cond": "(ps_suppkey = supplier_1.s_suppkey)","Rows Removed by Index Recheck": 0}]}]},{"Node Type": "Aggregate","Strategy": "Hashed","Partial Mode": "Simple","Parent Relationship": "Outer","Parallel Aware": false,"Async Capable": false,"Startup Cost": 4514.26,"Total Cost": 4994.26,"Plan Rows": 10667,"Plan Width": 36,"Actual Startup Time": 370.866,"Actual Total Time": 443.841,"Actual Rows": 839,"Actual Loops": 1,"Group Key": ["partsupp.ps_partkey"],"Filter": "(sum((partsupp.ps_supplycost * (partsupp.ps_availqty)::numeric)) > $2)","Planned Partitions": 0,"HashAgg Batches": 1,"Peak Memory Usage": 17937,"Disk Usage": 0,"Rows Removed by Filter": 30007,"Plans": [{"Node Type": "Nested Loop","Parent Relationship": "Outer","Parallel Aware": false,"Async Capable": false,"Join Type": "Inner","Startup Cost": 7.81,"Total Cost": 4194.26,"Plan Rows": 32000,"Plan Width": 14,"Actual Startup Time": 0.339,"Actual Total Time": 197.388,"Actual Rows": 32880,"Actual Loops": 1,"Inner Unique": false,"Plans": [{"Node Type": "Nested Loop","Parent Relationship": "Outer","Parallel Aware": false,"Async Capable": false,"Join Type": "Inner","Startup Cost": 7.38,"Total Cost": 244.58,"Plan Rows": 400,"Plan Width": 4,"Actual Startup Time": 0.236,"Actual Total Time": 2.786,"Actual Rows": 411,"Actual Loops": 1,"Inner Unique": false,"Plans": [{"Node Type": "Seq Scan","Parent Relationship": "Outer","Parallel Aware": false,"Async Capable": false,"Relation Name": "nation","Alias": "nation","Startup Cost": 0.00,"Total Cost": 1.31,"Plan Rows": 1,"Plan Width": 4,"Actual Startup Time": 0.067,"Actual Total Time": 0.078,"Actual Rows": 1,"Actual Loops": 1,"Filter": "(n_name = 'SAUDI ARABIA'::bpchar)","Rows Removed by Filter": 24},{"Node Type": "Bitmap Heap Scan","Parent Relationship": "Inner","Parallel Aware": false,"Async Capable": false,"Relation Name": "supplier","Alias": "supplier","Startup Cost": 7.38,"Total Cost": 239.27,"Plan Rows": 400,"Plan Width": 8,"Actual Startup Time": 0.164,"Actual Total Time": 2.651,"Actual Rows": 411,"Actual Loops": 1,"Recheck Cond": "(s_nationkey = nation.n_nationkey)","Rows Removed by Index Recheck": 0,"Exact Heap Blocks": 182,"Lossy Heap Blocks": 0,"Plans": [{"Node Type": "Bitmap Index Scan","Parent Relationship": "Outer","Parallel Aware": false,"Async Capable": false,"Index Name": "idx_supplier_nation_key","Startup Cost": 0.00,"Total Cost": 7.29,"Plan Rows": 400,"Plan Width": 0,"Actual Startup Time": 0.119,"Actual Total Time": 0.120,"Actual Rows": 411,"Actual Loops": 1,"Index Cond": "(s_nationkey = nation.n_nationkey)"}]}]},{"Node Type": "Index Scan","Parent Relationship": "Inner","Parallel Aware": false,"Async Capable": false,"Scan Direction": "Forward","Index Name": "idx_partsupp_suppkey","Relation Name": "partsupp","Alias": "partsupp","Startup Cost": 0.42,"Total Cost": 9.07,"Plan Rows": 80,"Plan Width": 18,"Actual Startup Time": 0.019,"Actual Total Time": 0.462,"Actual Rows": 80,"Actual Loops": 411,"Index Cond": "(ps_suppkey = supplier.s_suppkey)","Rows Removed by Index Recheck": 0}]}]}]},"Planning Time": 5.661,"Triggers": [],"Execution Time": 447.485}]
[{"Plan": {"Node Type": "Sort","Parallel Aware": false,"Async Capable": false,"Startup Cost": 10142.20,"Total Cost": 10168.87,"Plan Rows": 10667,"Plan Width": 36,"Actual Startup Time": 413.680,"Actual Total Time": 413.810,"Actual Rows": 1217,"Actual Loops": 1,"Sort Key": ["(sum((partsupp.ps_supplycost * (partsupp.ps_availqty)::numeric))) DESC"],"Sort Method": "quicksort","Sort Space Used": 115,"Sort Space Type": "Memory","Plans": [{"Node Type": "Aggregate","Strategy": "Plain","Partial Mode": "Simple","Parent Relationship": "InitPlan","Subplan Name": "InitPlan 1 (returns $2)","Parallel Aware": false,"Async Capable": false,"Startup Cost": 4434.26,"Total Cost": 4434.27,"Plan Rows": 1,"Plan Width": 32,"Actual Startup Time": 121.350,"Actual Total Time": 121.366,"Actual Rows": 1,"Actual Loops": 1,"Plans": [{"Node Type": "Nested Loop","Parent Relationship": "Outer","Parallel Aware": false,"Async Capable": false,"Join Type": "Inner","Startup Cost": 7.81,"Total Cost": 4194.26,"Plan Rows": 32000,"Plan Width": 10,"Actual Startup Time": 0.211,"Actual Total Time": 114.479,"Actual Rows": 30080,"Actual Loops": 1,"Inner Unique": false,"Plans": [{"Node Type": "Nested Loop","Parent Relationship": "Outer","Parallel Aware": false,"Async Capable": false,"Join Type": "Inner","Startup Cost": 7.38,"Total Cost": 244.58,"Plan Rows": 400,"Plan Width": 4,"Actual Startup Time": 0.161,"Actual Total Time": 1.670,"Actual Rows": 376,"Actual Loops": 1,"Inner Unique": false,"Plans": [{"Node Type": "Seq Scan","Parent Relationship": "Outer","Parallel Aware": false,"Async Capable": false,"Relation Name": "nation","Alias": "nation_1","Startup Cost": 0.00,"Total Cost": 1.31,"Plan Rows": 1,"Plan Width": 4,"Actual Startup Time": 0.026,"Actual Total Time": 0.039,"Actual Rows": 1,"Actual Loops": 1,"Filter": "(n_name = 'KENYA'::bpchar)","Rows Removed by Filter": 24},{"Node Type": "Bitmap Heap Scan","Parent Relationship": "Inner","Parallel Aware": false,"Async Capable": false,"Relation Name": "supplier","Alias": "supplier_1","Startup Cost": 7.38,"Total Cost": 239.27,"Plan Rows": 400,"Plan Width": 8,"Actual Startup Time": 0.113,"Actual Total Time": 1.571,"Actual Rows": 376,"Actual Loops": 1,"Recheck Cond": "(s_nationkey = nation_1.n_nationkey)","Rows Removed by Index Recheck": 0,"Exact Heap Blocks": 179,"Lossy Heap Blocks": 0,"Plans": [{"Node Type": "Bitmap Index Scan","Parent Relationship": "Outer","Parallel Aware": false,"Async Capable": false,"Index Name": "idx_supplier_nation_key","Startup Cost": 0.00,"Total Cost": 7.29,"Plan Rows": 400,"Plan Width": 0,"Actual Startup Time": 0.082,"Actual Total Time": 0.086,"Actual Rows": 376,"Actual Loops": 1,"Index Cond": "(s_nationkey = nation_1.n_nationkey)"}]}]},{"Node Type": "Index Scan","Parent Relationship": "Inner","Parallel Aware": false,"Async Capable": false,"Scan Direction": "Forward","Index Name": "idx_partsupp_suppkey","Relation Name": "partsupp","Alias": "partsupp_1","Startup Cost": 0.42,"Total Cost": 9.07,"Plan Rows": 80,"Plan Width": 14,"Actual Startup Time": 0.014,"Actual Total Time": 0.288,"Actual Rows": 80,"Actual Loops": 376,"Index Cond": "(ps_suppkey = supplier_1.s_suppkey)","Rows Removed by Index Recheck": 0}]}]},{"Node Type": "Aggregate","Strategy": "Hashed","Partial Mode": "Simple","Parent Relationship": "Outer","Parallel Aware": false,"Async Capable": false,"Startup Cost": 4514.26,"Total Cost": 4994.26,"Plan Rows": 10667,"Plan Width": 36,"Actual Startup Time": 346.893,"Actual Total Time": 413.082,"Actual Rows": 1217,"Actual Loops": 1,"Group Key": ["partsupp.ps_partkey"],"Filter": "(sum((partsupp.ps_supplycost * (partsupp.ps_availqty)::numeric)) > $2)","Planned Partitions": 0,"HashAgg Batches": 1,"Peak Memory Usage": 17937,"Disk Usage": 0,"Rows Removed by Filter": 27288,"Plans": [{"Node Type": "Nested Loop","Parent Relationship": "Outer","Parallel Aware": false,"Async Capable": false,"Join Type": "Inner","Startup Cost": 7.81,"Total Cost": 4194.26,"Plan Rows": 32000,"Plan Width": 14,"Actual Startup Time": 0.423,"Actual Total Time": 185.679,"Actual Rows": 30080,"Actual Loops": 1,"Inner Unique": false,"Plans": [{"Node Type": "Nested Loop","Parent Relationship": "Outer","Parallel Aware": false,"Async Capable": false,"Join Type": "Inner","Startup Cost": 7.38,"Total Cost": 244.58,"Plan Rows": 400,"Plan Width": 4,"Actual Startup Time": 0.359,"Actual Total Time": 2.922,"Actual Rows": 376,"Actual Loops": 1,"Inner Unique": false,"Plans": [{"Node Type": "Seq Scan","Parent Relationship": "Outer","Parallel Aware": false,"Async Capable": false,"Relation Name": "nation","Alias": "nation","Startup Cost": 0.00,"Total Cost": 1.31,"Plan Rows": 1,"Plan Width": 4,"Actual Startup Time": 0.084,"Actual Total Time": 0.113,"Actual Rows": 1,"Actual Loops": 1,"Filter": "(n_name = 'KENYA'::bpchar)","Rows Removed by Filter": 24},{"Node Type": "Bitmap Heap Scan","Parent Relationship": "Inner","Parallel Aware": false,"Async Capable": false,"Relation Name": "supplier","Alias": "supplier","Startup Cost": 7.38,"Total Cost": 239.27,"Plan Rows": 400,"Plan Width": 8,"Actual Startup Time": 0.263,"Actual Total Time": 2.758,"Actual Rows": 376,"Actual Loops": 1,"Recheck Cond": "(s_nationkey = nation.n_nationkey)","Rows Removed by Index Recheck": 0,"Exact Heap Blocks": 179,"Lossy Heap Blocks": 0,"Plans": [{"Node Type": "Bitmap Index Scan","Parent Relationship": "Outer","Parallel Aware": false,"Async Capable": false,"Index Name": "idx_supplier_nation_key","Startup Cost": 0.00,"Total Cost": 7.29,"Plan Rows": 400,"Plan Width": 0,"Actual Startup Time": 0.183,"Actual Total Time": 0.184,"Actual Rows": 376,"Actual Loops": 1,"Index Cond": "(s_nationkey = nation.n_nationkey)"}]}]},{"Node Type": "Index Scan","Parent Relationship": "Inner","Parallel Aware": false,"Async Capable": false,"Scan Direction": "Forward","Index Name": "idx_partsupp_suppkey","Relation Name": "partsupp","Alias": "partsupp","Startup Cost": 0.42,"Total Cost": 9.07,"Plan Rows": 80,"Plan Width": 18,"Actual Startup Time": 0.018,"Actual Total Time": 0.474,"Actual Rows": 80,"Actual Loops": 376,"Index Cond": "(ps_suppkey = supplier.s_suppkey)","Rows Removed by Index Recheck": 0}]}]}]},"Planning Time": 5.474,"Triggers": [],"Execution Time": 416.886}]
[{"Plan": {"Node Type": "Sort","Parallel Aware": false,"Async Capable": false,"Startup Cost": 10142.20,"Total Cost": 10168.87,"Plan Rows": 10667,"Plan Width": 36,"Actual Startup Time": 460.124,"Actual Total Time": 460.279,"Actual Rows": 753,"Actual Loops": 1,"Sort Key": ["(sum((partsupp.ps_supplycost * (partsupp.ps_availqty)::numeric))) DESC"],"Sort Method": "quicksort","Sort Space Used": 66,"Sort Space Type": "Memory","Plans": [{"Node Type": "Aggregate","Strategy": "Plain","Partial Mode": "Simple","Parent Relationship": "InitPlan","Subplan Name": "InitPlan 1 (returns $2)","Parallel Aware": false,"Async Capable": false,"Startup Cost": 4434.26,"Total Cost": 4434.27,"Plan Rows": 1,"Plan Width": 32,"Actual Startup Time": 134.377,"Actual Total Time": 134.409,"Actual Rows": 1,"Actual Loops": 1,"Plans": [{"Node Type": "Nested Loop","Parent Relationship": "Outer","Parallel Aware": false,"Async Capable": false,"Join Type": "Inner","Startup Cost": 7.81,"Total Cost": 4194.26,"Plan Rows": 32000,"Plan Width": 10,"Actual Startup Time": 0.237,"Actual Total Time": 126.748,"Actual Rows": 33200,"Actual Loops": 1,"Inner Unique": false,"Plans": [{"Node Type": "Nested Loop","Parent Relationship": "Outer","Parallel Aware": false,"Async Capable": false,"Join Type": "Inner","Startup Cost": 7.38,"Total Cost": 244.58,"Plan Rows": 400,"Plan Width": 4,"Actual Startup Time": 0.181,"Actual Total Time": 1.854,"Actual Rows": 415,"Actual Loops": 1,"Inner Unique": false,"Plans": [{"Node Type": "Seq Scan","Parent Relationship": "Outer","Parallel Aware": false,"Async Capable": false,"Relation Name": "nation","Alias": "nation_1","Startup Cost": 0.00,"Total Cost": 1.31,"Plan Rows": 1,"Plan Width": 4,"Actual Startup Time": 0.049,"Actual Total Time": 0.067,"Actual Rows": 1,"Actual Loops": 1,"Filter": "(n_name = 'INDIA'::bpchar)","Rows Removed by Filter": 24},{"Node Type": "Bitmap Heap Scan","Parent Relationship": "Inner","Parallel Aware": false,"Async Capable": false,"Relation Name": "supplier","Alias": "supplier_1","Startup Cost": 7.38,"Total Cost": 239.27,"Plan Rows": 400,"Plan Width": 8,"Actual Startup Time": 0.112,"Actual Total Time": 1.723,"Actual Rows": 415,"Actual Loops": 1,"Recheck Cond": "(s_nationkey = nation_1.n_nationkey)","Rows Removed by Index Recheck": 0,"Exact Heap Blocks": 186,"Lossy Heap Blocks": 0,"Plans": [{"Node Type": "Bitmap Index Scan","Parent Relationship": "Outer","Parallel Aware": false,"Async Capable": false,"Index Name": "idx_supplier_nation_key","Startup Cost": 0.00,"Total Cost": 7.29,"Plan Rows": 400,"Plan Width": 0,"Actual Startup Time": 0.076,"Actual Total Time": 0.083,"Actual Rows": 415,"Actual Loops": 1,"Index Cond": "(s_nationkey = nation_1.n_nationkey)"}]}]},{"Node Type": "Index Scan","Parent Relationship": "Inner","Parallel Aware": false,"Async Capable": false,"Scan Direction": "Forward","Index Name": "idx_partsupp_suppkey","Relation Name": "partsupp","Alias": "partsupp_1","Startup Cost": 0.42,"Total Cost": 9.07,"Plan Rows": 80,"Plan Width": 14,"Actual Startup Time": 0.014,"Actual Total Time": 0.289,"Actual Rows": 80,"Actual Loops": 415,"Index Cond": "(ps_suppkey = supplier_1.s_suppkey)","Rows Removed by Index Recheck": 0}]}]},{"Node Type": "Aggregate","Strategy": "Hashed","Partial Mode": "Simple","Parent Relationship": "Outer","Parallel Aware": false,"Async Capable": false,"Startup Cost": 4514.26,"Total Cost": 4994.26,"Plan Rows": 10667,"Plan Width": 36,"Actual Startup Time": 384.255,"Actual Total Time": 459.696,"Actual Rows": 753,"Actual Loops": 1,"Group Key": ["partsupp.ps_partkey"],"Filter": "(sum((partsupp.ps_supplycost * (partsupp.ps_availqty)::numeric)) > $2)","Planned Partitions": 0,"HashAgg Batches": 1,"Peak Memory Usage": 17937,"Disk Usage": 0,"Rows Removed by Filter": 30329,"Plans": [{"Node Type": "Nested Loop","Parent Relationship": "Outer","Parallel Aware": false,"Async Capable": false,"Join Type": "Inner","Startup Cost": 7.81,"Total Cost": 4194.26,"Plan Rows": 32000,"Plan Width": 14,"Actual Startup Time": 0.331,"Actual Total Time": 205.215,"Actual Rows": 33200,"Actual Loops": 1,"Inner Unique": false,"Plans": [{"Node Type": "Nested Loop","Parent Relationship": "Outer","Parallel Aware": false,"Async Capable": false,"Join Type": "Inner","Startup Cost": 7.38,"Total Cost": 244.58,"Plan Rows": 400,"Plan Width": 4,"Actual Startup Time": 0.285,"Actual Total Time": 2.795,"Actual Rows": 415,"Actual Loops": 1,"Inner Unique": false,"Plans": [{"Node Type": "Seq Scan","Parent Relationship": "Outer","Parallel Aware": false,"Async Capable": false,"Relation Name": "nation","Alias": "nation","Startup Cost": 0.00,"Total Cost": 1.31,"Plan Rows": 1,"Plan Width": 4,"Actual Startup Time": 0.073,"Actual Total Time": 0.100,"Actual Rows": 1,"Actual Loops": 1,"Filter": "(n_name = 'INDIA'::bpchar)","Rows Removed by Filter": 24},{"Node Type": "Bitmap Heap Scan","Parent Relationship": "Inner","Parallel Aware": false,"Async Capable": false,"Relation Name": "supplier","Alias": "supplier","Startup Cost": 7.38,"Total Cost": 239.27,"Plan Rows": 400,"Plan Width": 8,"Actual Startup Time": 0.206,"Actual Total Time": 2.634,"Actual Rows": 415,"Actual Loops": 1,"Recheck Cond": "(s_nationkey = nation.n_nationkey)","Rows Removed by Index Recheck": 0,"Exact Heap Blocks": 186,"Lossy Heap Blocks": 0,"Plans": [{"Node Type": "Bitmap Index Scan","Parent Relationship": "Outer","Parallel Aware": false,"Async Capable": false,"Index Name": "idx_supplier_nation_key","Startup Cost": 0.00,"Total Cost": 7.29,"Plan Rows": 400,"Plan Width": 0,"Actual Startup Time": 0.132,"Actual Total Time": 0.135,"Actual Rows": 415,"Actual Loops": 1,"Index Cond": "(s_nationkey = nation.n_nationkey)"}]}]},{"Node Type": "Index Scan","Parent Relationship": "Inner","Parallel Aware": false,"Async Capable": false,"Scan Direction": "Forward","Index Name": "idx_partsupp_suppkey","Relation Name": "partsupp","Alias": "partsupp","Startup Cost": 0.42,"Total Cost": 9.07,"Plan Rows": 80,"Plan Width": 18,"Actual Startup Time": 0.019,"Actual Total Time": 0.476,"Actual Rows": 80,"Actual Loops": 415,"Index Cond": "(ps_suppkey = supplier.s_suppkey)","Rows Removed by Index Recheck": 0}]}]}]},"Planning Time": 5.856,"Triggers": [],"Execution Time": 463.781}]
[{"Plan": {"Node Type": "Sort","Parallel Aware": false,"Async Capable": false,"Startup Cost": 10142.20,"Total Cost": 10168.87,"Plan Rows": 10667,"Plan Width": 36,"Actual Startup Time": 427.262,"Actual Total Time": 427.423,"Actual Rows": 1241,"Actual Loops": 1,"Sort Key": ["(sum((partsupp.ps_supplycost * (partsupp.ps_availqty)::numeric))) DESC"],"Sort Method": "quicksort","Sort Space Used": 116,"Sort Space Type": "Memory","Plans": [{"Node Type": "Aggregate","Strategy": "Plain","Partial Mode": "Simple","Parent Relationship": "InitPlan","Subplan Name": "InitPlan 1 (returns $2)","Parallel Aware": false,"Async Capable": false,"Startup Cost": 4434.26,"Total Cost": 4434.27,"Plan Rows": 1,"Plan Width": 32,"Actual Startup Time": 127.406,"Actual Total Time": 127.426,"Actual Rows": 1,"Actual Loops": 1,"Plans": [{"Node Type": "Nested Loop","Parent Relationship": "Outer","Parallel Aware": false,"Async Capable": false,"Join Type": "Inner","Startup Cost": 7.81,"Total Cost": 4194.26,"Plan Rows": 32000,"Plan Width": 10,"Actual Startup Time": 0.226,"Actual Total Time": 120.281,"Actual Rows": 30400,"Actual Loops": 1,"Inner Unique": false,"Plans": [{"Node Type": "Nested Loop","Parent Relationship": "Outer","Parallel Aware": false,"Async Capable": false,"Join Type": "Inner","Startup Cost": 7.38,"Total Cost": 244.58,"Plan Rows": 400,"Plan Width": 4,"Actual Startup Time": 0.174,"Actual Total Time": 1.741,"Actual Rows": 380,"Actual Loops": 1,"Inner Unique": false,"Plans": [{"Node Type": "Seq Scan","Parent Relationship": "Outer","Parallel Aware": false,"Async Capable": false,"Relation Name": "nation","Alias": "nation_1","Startup Cost": 0.00,"Total Cost": 1.31,"Plan Rows": 1,"Plan Width": 4,"Actual Startup Time": 0.028,"Actual Total Time": 0.042,"Actual Rows": 1,"Actual Loops": 1,"Filter": "(n_name = 'ETHIOPIA'::bpchar)","Rows Removed by Filter": 24},{"Node Type": "Bitmap Heap Scan","Parent Relationship": "Inner","Parallel Aware": false,"Async Capable": false,"Relation Name": "supplier","Alias": "supplier_1","Startup Cost": 7.38,"Total Cost": 239.27,"Plan Rows": 400,"Plan Width": 8,"Actual Startup Time": 0.130,"Actual Total Time": 1.641,"Actual Rows": 380,"Actual Loops": 1,"Recheck Cond": "(s_nationkey = nation_1.n_nationkey)","Rows Removed by Index Recheck": 0,"Exact Heap Blocks": 192,"Lossy Heap Blocks": 0,"Plans": [{"Node Type": "Bitmap Index Scan","Parent Relationship": "Outer","Parallel Aware": false,"Async Capable": false,"Index Name": "idx_supplier_nation_key","Startup Cost": 0.00,"Total Cost": 7.29,"Plan Rows": 400,"Plan Width": 0,"Actual Startup Time": 0.089,"Actual Total Time": 0.091,"Actual Rows": 380,"Actual Loops": 1,"Index Cond": "(s_nationkey = nation_1.n_nationkey)"}]}]},{"Node Type": "Index Scan","Parent Relationship": "Inner","Parallel Aware": false,"Async Capable": false,"Scan Direction": "Forward","Index Name": "idx_partsupp_suppkey","Relation Name": "partsupp","Alias": "partsupp_1","Startup Cost": 0.42,"Total Cost": 9.07,"Plan Rows": 80,"Plan Width": 14,"Actual Startup Time": 0.015,"Actual Total Time": 0.299,"Actual Rows": 80,"Actual Loops": 380,"Index Cond": "(ps_suppkey = supplier_1.s_suppkey)","Rows Removed by Index Recheck": 0}]}]},{"Node Type": "Aggregate","Strategy": "Hashed","Partial Mode": "Simple","Parent Relationship": "Outer","Parallel Aware": false,"Async Capable": false,"Startup Cost": 4514.26,"Total Cost": 4994.26,"Plan Rows": 10667,"Plan Width": 36,"Actual Startup Time": 359.706,"Actual Total Time": 426.732,"Actual Rows": 1241,"Actual Loops": 1,"Group Key": ["partsupp.ps_partkey"],"Filter": "(sum((partsupp.ps_supplycost * (partsupp.ps_availqty)::numeric)) > $2)","Planned Partitions": 0,"HashAgg Batches": 1,"Peak Memory Usage": 17937,"Disk Usage": 0,"Rows Removed by Filter": 27374,"Plans": [{"Node Type": "Nested Loop","Parent Relationship": "Outer","Parallel Aware": false,"Async Capable": false,"Join Type": "Inner","Startup Cost": 7.81,"Total Cost": 4194.26,"Plan Rows": 32000,"Plan Width": 14,"Actual Startup Time": 0.377,"Actual Total Time": 187.744,"Actual Rows": 30400,"Actual Loops": 1,"Inner Unique": false,"Plans": [{"Node Type": "Nested Loop","Parent Relationship": "Outer","Parallel Aware": false,"Async Capable": false,"Join Type": "Inner","Startup Cost": 7.38,"Total Cost": 244.58,"Plan Rows": 400,"Plan Width": 4,"Actual Startup Time": 0.305,"Actual Total Time": 2.864,"Actual Rows": 380,"Actual Loops": 1,"Inner Unique": false,"Plans": [{"Node Type": "Seq Scan","Parent Relationship": "Outer","Parallel Aware": false,"Async Capable": false,"Relation Name": "nation","Alias": "nation","Startup Cost": 0.00,"Total Cost": 1.31,"Plan Rows": 1,"Plan Width": 4,"Actual Startup Time": 0.073,"Actual Total Time": 0.091,"Actual Rows": 1,"Actual Loops": 1,"Filter": "(n_name = 'ETHIOPIA'::bpchar)","Rows Removed by Filter": 24},{"Node Type": "Bitmap Heap Scan","Parent Relationship": "Inner","Parallel Aware": false,"Async Capable": false,"Relation Name": "supplier","Alias": "supplier","Startup Cost": 7.38,"Total Cost": 239.27,"Plan Rows": 400,"Plan Width": 8,"Actual Startup Time": 0.228,"Actual Total Time": 2.728,"Actual Rows": 380,"Actual Loops": 1,"Recheck Cond": "(s_nationkey = nation.n_nationkey)","Rows Removed by Index Recheck": 0,"Exact Heap Blocks": 192,"Lossy Heap Blocks": 0,"Plans": [{"Node Type": "Bitmap Index Scan","Parent Relationship": "Outer","Parallel Aware": false,"Async Capable": false,"Index Name": "idx_supplier_nation_key","Startup Cost": 0.00,"Total Cost": 7.29,"Plan Rows": 400,"Plan Width": 0,"Actual Startup Time": 0.146,"Actual Total Time": 0.146,"Actual Rows": 380,"Actual Loops": 1,"Index Cond": "(s_nationkey = nation.n_nationkey)"}]}]},{"Node Type": "Index Scan","Parent Relationship": "Inner","Parallel Aware": false,"Async Capable": false,"Scan Direction": "Forward","Index Name": "idx_partsupp_suppkey","Relation Name": "partsupp","Alias": "partsupp","Startup Cost": 0.42,"Total Cost": 9.07,"Plan Rows": 80,"Plan Width": 18,"Actual Startup Time": 0.020,"Actual Total Time": 0.475,"Actual Rows": 80,"Actual Loops": 380,"Index Cond": "(ps_suppkey = supplier.s_suppkey)","Rows Removed by Index Recheck": 0}]}]}]},"Planning Time": 7.180,"Triggers": [],"Execution Time": 429.797}]
[{"Plan": {"Node Type": "Sort","Parallel Aware": false,"Async Capable": false,"Startup Cost": 10142.20,"Total Cost": 10168.87,"Plan Rows": 10667,"Plan Width": 36,"Actual Startup Time": 460.124,"Actual Total Time": 460.279,"Actual Rows": 753,"Actual Loops": 1,"Sort Key": ["(sum((partsupp.ps_supplycost * (partsupp.ps_availqty)::numeric))) DESC"],"Sort Method": "quicksort","Sort Space Used": 66,"Sort Space Type": "Memory","Plans": [{"Node Type": "Aggregate","Strategy": "Plain","Partial Mode": "Simple","Parent Relationship": "InitPlan","Subplan Name": "InitPlan 1 (returns $2)","Parallel Aware": false,"Async Capable": false,"Startup Cost": 4434.26,"Total Cost": 4434.27,"Plan Rows": 1,"Plan Width": 32,"Actual Startup Time": 134.377,"Actual Total Time": 134.409,"Actual Rows": 1,"Actual Loops": 1,"Plans": [{"Node Type": "Nested Loop","Parent Relationship": "Outer","Parallel Aware": false,"Async Capable": false,"Join Type": "Inner","Startup Cost": 7.81,"Total Cost": 4194.26,"Plan Rows": 32000,"Plan Width": 10,"Actual Startup Time": 0.237,"Actual Total Time": 126.748,"Actual Rows": 33200,"Actual Loops": 1,"Inner Unique": false,"Plans": [{"Node Type": "Nested Loop","Parent Relationship": "Outer","Parallel Aware": false,"Async Capable": false,"Join Type": "Inner","Startup Cost": 7.38,"Total Cost": 244.58,"Plan Rows": 400,"Plan Width": 4,"Actual Startup Time": 0.181,"Actual Total Time": 1.854,"Actual Rows": 415,"Actual Loops": 1,"Inner Unique": false,"Plans": [{"Node Type": "Seq Scan","Parent Relationship": "Outer","Parallel Aware": false,"Async Capable": false,"Relation Name": "nation","Alias": "nation_1","Startup Cost": 0.00,"Total Cost": 1.31,"Plan Rows": 1,"Plan Width": 4,"Actual Startup Time": 0.049,"Actual Total Time": 0.067,"Actual Rows": 1,"Actual Loops": 1,"Filter": "(n_name = 'INDIA'::bpchar)","Rows Removed by Filter": 24},{"Node Type": "Bitmap Heap Scan","Parent Relationship": "Inner","Parallel Aware": false,"Async Capable": false,"Relation Name": "supplier","Alias": "supplier_1","Startup Cost": 7.38,"Total Cost": 239.27,"Plan Rows": 400,"Plan Width": 8,"Actual Startup Time": 0.112,"Actual Total Time": 1.723,"Actual Rows": 415,"Actual Loops": 1,"Recheck Cond": "(s_nationkey = nation_1.n_nationkey)","Rows Removed by Index Recheck": 0,"Exact Heap Blocks": 186,"Lossy Heap Blocks": 0,"Plans": [{"Node Type": "Bitmap Index Scan","Parent Relationship": "Outer","Parallel Aware": false,"Async Capable": false,"Index Name": "idx_supplier_nation_key","Startup Cost": 0.00,"Total Cost": 7.29,"Plan Rows": 400,"Plan Width": 0,"Actual Startup Time": 0.076,"Actual Total Time": 0.083,"Actual Rows": 415,"Actual Loops": 1,"Index Cond": "(s_nationkey = nation_1.n_nationkey)"}]}]},{"Node Type": "Index Scan","Parent Relationship": "Inner","Parallel Aware": false,"Async Capable": false,"Scan Direction": "Forward","Index Name": "idx_partsupp_suppkey","Relation Name": "partsupp","Alias": "partsupp_1","Startup Cost": 0.42,"Total Cost": 9.07,"Plan Rows": 80,"Plan Width": 14,"Actual Startup Time": 0.014,"Actual Total Time": 0.289,"Actual Rows": 80,"Actual Loops": 415,"Index Cond": "(ps_suppkey = supplier_1.s_suppkey)","Rows Removed by Index Recheck": 0}]}]},{"Node Type": "Aggregate","Strategy": "Hashed","Partial Mode": "Simple","Parent Relationship": "Outer","Parallel Aware": false,"Async Capable": false,"Startup Cost": 4514.26,"Total Cost": 4994.26,"Plan Rows": 10667,"Plan Width": 36,"Actual Startup Time": 384.255,"Actual Total Time": 459.696,"Actual Rows": 753,"Actual Loops": 1,"Group Key": ["partsupp.ps_partkey"],"Filter": "(sum((partsupp.ps_supplycost * (partsupp.ps_availqty)::numeric)) > $2)","Planned Partitions": 0,"HashAgg Batches": 1,"Peak Memory Usage": 17937,"Disk Usage": 0,"Rows Removed by Filter": 30329,"Plans": [{"Node Type": "Nested Loop","Parent Relationship": "Outer","Parallel Aware": false,"Async Capable": false,"Join Type": "Inner","Startup Cost": 7.81,"Total Cost": 4194.26,"Plan Rows": 32000,"Plan Width": 14,"Actual Startup Time": 0.331,"Actual Total Time": 205.215,"Actual Rows": 33200,"Actual Loops": 1,"Inner Unique": false,"Plans": [{"Node Type": "Nested Loop","Parent Relationship": "Outer","Parallel Aware": false,"Async Capable": false,"Join Type": "Inner","Startup Cost": 7.38,"Total Cost": 244.58,"Plan Rows": 400,"Plan Width": 4,"Actual Startup Time": 0.285,"Actual Total Time": 2.795,"Actual Rows": 415,"Actual Loops": 1,"Inner Unique": false,"Plans": [{"Node Type": "Seq Scan","Parent Relationship": "Outer","Parallel Aware": false,"Async Capable": false,"Relation Name": "nation","Alias": "nation","Startup Cost": 0.00,"Total Cost": 1.31,"Plan Rows": 1,"Plan Width": 4,"Actual Startup Time": 0.073,"Actual Total Time": 0.100,"Actual Rows": 1,"Actual Loops": 1,"Filter": "(n_name = 'INDIA'::bpchar)","Rows Removed by Filter": 24},{"Node Type": "Bitmap Heap Scan","Parent Relationship": "Inner","Parallel Aware": false,"Async Capable": false,"Relation Name": "supplier","Alias": "supplier","Startup Cost": 7.38,"Total Cost": 239.27,"Plan Rows": 400,"Plan Width": 8,"Actual Startup Time": 0.206,"Actual Total Time": 2.634,"Actual Rows": 415,"Actual Loops": 1,"Recheck Cond": "(s_nationkey = nation.n_nationkey)","Rows Removed by Index Recheck": 0,"Exact Heap Blocks": 186,"Lossy Heap Blocks": 0,"Plans": [{"Node Type": "Bitmap Index Scan","Parent Relationship": "Outer","Parallel Aware": false,"Async Capable": false,"Index Name": "idx_supplier_nation_key","Startup Cost": 0.00,"Total Cost": 7.29,"Plan Rows": 400,"Plan Width": 0,"Actual Startup Time": 0.132,"Actual Total Time": 0.135,"Actual Rows": 415,"Actual Loops": 1,"Index Cond": "(s_nationkey = nation.n_nationkey)"}]}]},{"Node Type": "Index Scan","Parent Relationship": "Inner","Parallel Aware": false,"Async Capable": false,"Scan Direction": "Forward","Index Name": "idx_partsupp_suppkey","Relation Name": "partsupp","Alias": "partsupp","Startup Cost": 0.42,"Total Cost": 9.07,"Plan Rows": 80,"Plan Width": 18,"Actual Startup Time": 0.019,"Actual Total Time": 0.476,"Actual Rows": 80,"Actual Loops": 415,"Index Cond": "(ps_suppkey = supplier.s_suppkey)","Rows Removed by Index Recheck": 0}]}]}]},"Planning Time": 5.856,"Triggers": [],"Execution Time": 463.781}]
[{"Plan": {"Node Type": "Sort","Parallel Aware": false,"Async Capable": false,"Startup Cost": 10142.20,"Total Cost": 10168.87,"Plan Rows": 10667,"Plan Width": 36,"Actual Startup Time": 448.613,"Actual Total Time": 448.730,"Actual Rows": 888,"Actual Loops": 1,"Sort Key": ["(sum((partsupp.ps_supplycost * (partsupp.ps_availqty)::numeric))) DESC"],"Sort Method": "quicksort","Sort Space Used": 73,"Sort Space Type": "Memory","Plans": [{"Node Type": "Aggregate","Strategy": "Plain","Partial Mode": "Simple","Parent Relationship": "InitPlan","Subplan Name": "InitPlan 1 (returns $2)","Parallel Aware": false,"Async Capable": false,"Startup Cost": 4434.26,"Total Cost": 4434.27,"Plan Rows": 1,"Plan Width": 32,"Actual Startup Time": 133.715,"Actual Total Time": 133.740,"Actual Rows": 1,"Actual Loops": 1,"Plans": [{"Node Type": "Nested Loop","Parent Relationship": "Outer","Parallel Aware": false,"Async Capable": false,"Join Type": "Inner","Startup Cost": 7.81,"Total Cost": 4194.26,"Plan Rows": 32000,"Plan Width": 10,"Actual Startup Time": 0.220,"Actual Total Time": 126.229,"Actual Rows": 32400,"Actual Loops": 1,"Inner Unique": false,"Plans": [{"Node Type": "Nested Loop","Parent Relationship": "Outer","Parallel Aware": false,"Async Capable": false,"Join Type": "Inner","Startup Cost": 7.38,"Total Cost": 244.58,"Plan Rows": 400,"Plan Width": 4,"Actual Startup Time": 0.174,"Actual Total Time": 1.918,"Actual Rows": 405,"Actual Loops": 1,"Inner Unique": false,"Plans": [{"Node Type": "Seq Scan","Parent Relationship": "Outer","Parallel Aware": false,"Async Capable": false,"Relation Name": "nation","Alias": "nation_1","Startup Cost": 0.00,"Total Cost": 1.31,"Plan Rows": 1,"Plan Width": 4,"Actual Startup Time": 0.049,"Actual Total Time": 0.070,"Actual Rows": 1,"Actual Loops": 1,"Filter": "(n_name = 'INDONESIA'::bpchar)","Rows Removed by Filter": 24},{"Node Type": "Bitmap Heap Scan","Parent Relationship": "Inner","Parallel Aware": false,"Async Capable": false,"Relation Name": "supplier","Alias": "supplier_1","Startup Cost": 7.38,"Total Cost": 239.27,"Plan Rows": 400,"Plan Width": 8,"Actual Startup Time": 0.105,"Actual Total Time": 1.781,"Actual Rows": 405,"Actual Loops": 1,"Recheck Cond": "(s_nationkey = nation_1.n_nationkey)","Rows Removed by Index Recheck": 0,"Exact Heap Blocks": 192,"Lossy Heap Blocks": 0,"Plans": [{"Node Type": "Bitmap Index Scan","Parent Relationship": "Outer","Parallel Aware": false,"Async Capable": false,"Index Name": "idx_supplier_nation_key","Startup Cost": 0.00,"Total Cost": 7.29,"Plan Rows": 400,"Plan Width": 0,"Actual Startup Time": 0.069,"Actual Total Time": 0.075,"Actual Rows": 405,"Actual Loops": 1,"Index Cond": "(s_nationkey = nation_1.n_nationkey)"}]}]},{"Node Type": "Index Scan","Parent Relationship": "Inner","Parallel Aware": false,"Async Capable": false,"Scan Direction": "Forward","Index Name": "idx_partsupp_suppkey","Relation Name": "partsupp","Alias": "partsupp_1","Startup Cost": 0.42,"Total Cost": 9.07,"Plan Rows": 80,"Plan Width": 14,"Actual Startup Time": 0.014,"Actual Total Time": 0.294,"Actual Rows": 80,"Actual Loops": 405,"Index Cond": "(ps_suppkey = supplier_1.s_suppkey)","Rows Removed by Index Recheck": 0}]}]},{"Node Type": "Aggregate","Strategy": "Hashed","Partial Mode": "Simple","Parent Relationship": "Outer","Parallel Aware": false,"Async Capable": false,"Startup Cost": 4514.26,"Total Cost": 4994.26,"Plan Rows": 10667,"Plan Width": 36,"Actual Startup Time": 376.503,"Actual Total Time": 448.157,"Actual Rows": 888,"Actual Loops": 1,"Group Key": ["partsupp.ps_partkey"],"Filter": "(sum((partsupp.ps_supplycost * (partsupp.ps_availqty)::numeric)) > $2)","Planned Partitions": 0,"HashAgg Batches": 1,"Peak Memory Usage": 17937,"Disk Usage": 0,"Rows Removed by Filter": 29597,"Plans": [{"Node Type": "Nested Loop","Parent Relationship": "Outer","Parallel Aware": false,"Async Capable": false,"Join Type": "Inner","Startup Cost": 7.81,"Total Cost": 4194.26,"Plan Rows": 32000,"Plan Width": 14,"Actual Startup Time": 0.375,"Actual Total Time": 200.721,"Actual Rows": 32400,"Actual Loops": 1,"Inner Unique": false,"Plans": [{"Node Type": "Nested Loop","Parent Relationship": "Outer","Parallel Aware": false,"Async Capable": false,"Join Type": "Inner","Startup Cost": 7.38,"Total Cost": 244.58,"Plan Rows": 400,"Plan Width": 4,"Actual Startup Time": 0.269,"Actual Total Time": 2.791,"Actual Rows": 405,"Actual Loops": 1,"Inner Unique": false,"Plans": [{"Node Type": "Seq Scan","Parent Relationship": "Outer","Parallel Aware": false,"Async Capable": false,"Relation Name": "nation","Alias": "nation","Startup Cost": 0.00,"Total Cost": 1.31,"Plan Rows": 1,"Plan Width": 4,"Actual Startup Time": 0.076,"Actual Total Time": 0.092,"Actual Rows": 1,"Actual Loops": 1,"Filter": "(n_name = 'INDONESIA'::bpchar)","Rows Removed by Filter": 24},{"Node Type": "Bitmap Heap Scan","Parent Relationship": "Inner","Parallel Aware": false,"Async Capable": false,"Relation Name": "supplier","Alias": "supplier","Startup Cost": 7.38,"Total Cost": 239.27,"Plan Rows": 400,"Plan Width": 8,"Actual Startup Time": 0.187,"Actual Total Time": 2.648,"Actual Rows": 405,"Actual Loops": 1,"Recheck Cond": "(s_nationkey = nation.n_nationkey)","Rows Removed by Index Recheck": 0,"Exact Heap Blocks": 192,"Lossy Heap Blocks": 0,"Plans": [{"Node Type": "Bitmap Index Scan","Parent Relationship": "Outer","Parallel Aware": false,"Async Capable": false,"Index Name": "idx_supplier_nation_key","Startup Cost": 0.00,"Total Cost": 7.29,"Plan Rows": 400,"Plan Width": 0,"Actual Startup Time": 0.121,"Actual Total Time": 0.124,"Actual Rows": 405,"Actual Loops": 1,"Index Cond": "(s_nationkey = nation.n_nationkey)"}]}]},{"Node Type": "Index Scan","Parent Relationship": "Inner","Parallel Aware": false,"Async Capable": false,"Scan Direction": "Forward","Index Name": "idx_partsupp_suppkey","Relation Name": "partsupp","Alias": "partsupp","Startup Cost": 0.42,"Total Cost": 9.07,"Plan Rows": 80,"Plan Width": 18,"Actual Startup Time": 0.019,"Actual Total Time": 0.477,"Actual Rows": 80,"Actual Loops": 405,"Index Cond": "(ps_suppkey = supplier.s_suppkey)","Rows Removed by Index Recheck": 0}]}]}]},"Planning Time": 7.214,"Triggers": [],"Execution Time": 451.949}]
[{"Plan": {"Node Type": "Sort","Parallel Aware": false,"Async Capable": false,"Startup Cost": 10142.20,"Total Cost": 10168.87,"Plan Rows": 10667,"Plan Width": 36,"Actual Startup Time": 433.878,"Actual Total Time": 434.021,"Actual Rows": 1048,"Actual Loops": 1,"Sort Key": ["(sum((partsupp.ps_supplycost * (partsupp.ps_availqty)::numeric))) DESC"],"Sort Method": "quicksort","Sort Space Used": 106,"Sort Space Type": "Memory","Plans": [{"Node Type": "Aggregate","Strategy": "Plain","Partial Mode": "Simple","Parent Relationship": "InitPlan","Subplan Name": "InitPlan 1 (returns $2)","Parallel Aware": false,"Async Capable": false,"Startup Cost": 4434.26,"Total Cost": 4434.27,"Plan Rows": 1,"Plan Width": 32,"Actual Startup Time": 128.490,"Actual Total Time": 128.514,"Actual Rows": 1,"Actual Loops": 1,"Plans": [{"Node Type": "Nested Loop","Parent Relationship": "Outer","Parallel Aware": false,"Async Capable": false,"Join Type": "Inner","Startup Cost": 7.81,"Total Cost": 4194.26,"Plan Rows": 32000,"Plan Width": 10,"Actual Startup Time": 0.194,"Actual Total Time": 121.249,"Actual Rows": 31680,"Actual Loops": 1,"Inner Unique": false,"Plans": [{"Node Type": "Nested Loop","Parent Relationship": "Outer","Parallel Aware": false,"Async Capable": false,"Join Type": "Inner","Startup Cost": 7.38,"Total Cost": 244.58,"Plan Rows": 400,"Plan Width": 4,"Actual Startup Time": 0.149,"Actual Total Time": 1.791,"Actual Rows": 396,"Actual Loops": 1,"Inner Unique": false,"Plans": [{"Node Type": "Seq Scan","Parent Relationship": "Outer","Parallel Aware": false,"Async Capable": false,"Relation Name": "nation","Alias": "nation_1","Startup Cost": 0.00,"Total Cost": 1.31,"Plan Rows": 1,"Plan Width": 4,"Actual Startup Time": 0.037,"Actual Total Time": 0.065,"Actual Rows": 1,"Actual Loops": 1,"Filter": "(n_name = 'GERMANY'::bpchar)","Rows Removed by Filter": 24},{"Node Type": "Bitmap Heap Scan","Parent Relationship": "Inner","Parallel Aware": false,"Async Capable": false,"Relation Name": "supplier","Alias": "supplier_1","Startup Cost": 7.38,"Total Cost": 239.27,"Plan Rows": 400,"Plan Width": 8,"Actual Startup Time": 0.101,"Actual Total Time": 1.663,"Actual Rows": 396,"Actual Loops": 1,"Recheck Cond": "(s_nationkey = nation_1.n_nationkey)","Rows Removed by Index Recheck": 0,"Exact Heap Blocks": 191,"Lossy Heap Blocks": 0,"Plans": [{"Node Type": "Bitmap Index Scan","Parent Relationship": "Outer","Parallel Aware": false,"Async Capable": false,"Index Name": "idx_supplier_nation_key","Startup Cost": 0.00,"Total Cost": 7.29,"Plan Rows": 400,"Plan Width": 0,"Actual Startup Time": 0.064,"Actual Total Time": 0.071,"Actual Rows": 396,"Actual Loops": 1,"Index Cond": "(s_nationkey = nation_1.n_nationkey)"}]}]},{"Node Type": "Index Scan","Parent Relationship": "Inner","Parallel Aware": false,"Async Capable": false,"Scan Direction": "Forward","Index Name": "idx_partsupp_suppkey","Relation Name": "partsupp","Alias": "partsupp_1","Startup Cost": 0.42,"Total Cost": 9.07,"Plan Rows": 80,"Plan Width": 14,"Actual Startup Time": 0.014,"Actual Total Time": 0.289,"Actual Rows": 80,"Actual Loops": 396,"Index Cond": "(ps_suppkey = supplier_1.s_suppkey)","Rows Removed by Index Recheck": 0}]}]},{"Node Type": "Aggregate","Strategy": "Hashed","Partial Mode": "Simple","Parent Relationship": "Outer","Parallel Aware": false,"Async Capable": false,"Startup Cost": 4514.26,"Total Cost": 4994.26,"Plan Rows": 10667,"Plan Width": 36,"Actual Startup Time": 363.472,"Actual Total Time": 433.375,"Actual Rows": 1048,"Actual Loops": 1,"Group Key": ["partsupp.ps_partkey"],"Filter": "(sum((partsupp.ps_supplycost * (partsupp.ps_availqty)::numeric)) > $2)","Planned Partitions": 0,"HashAgg Batches": 1,"Peak Memory Usage": 17937,"Disk Usage": 0,"Rows Removed by Filter": 28770,"Plans": [{"Node Type": "Nested Loop","Parent Relationship": "Outer","Parallel Aware": false,"Async Capable": false,"Join Type": "Inner","Startup Cost": 7.81,"Total Cost": 4194.26,"Plan Rows": 32000,"Plan Width": 14,"Actual Startup Time": 0.319,"Actual Total Time": 192.866,"Actual Rows": 31680,"Actual Loops": 1,"Inner Unique": false,"Plans": [{"Node Type": "Nested Loop","Parent Relationship": "Outer","Parallel Aware": false,"Async Capable": false,"Join Type": "Inner","Startup Cost": 7.38,"Total Cost": 244.58,"Plan Rows": 400,"Plan Width": 4,"Actual Startup Time": 0.254,"Actual Total Time": 2.704,"Actual Rows": 396,"Actual Loops": 1,"Inner Unique": false,"Plans": [{"Node Type": "Seq Scan","Parent Relationship": "Outer","Parallel Aware": false,"Async Capable": false,"Relation Name": "nation","Alias": "nation","Startup Cost": 0.00,"Total Cost": 1.31,"Plan Rows": 1,"Plan Width": 4,"Actual Startup Time": 0.067,"Actual Total Time": 0.092,"Actual Rows": 1,"Actual Loops": 1,"Filter": "(n_name = 'GERMANY'::bpchar)","Rows Removed by Filter": 24},{"Node Type": "Bitmap Heap Scan","Parent Relationship": "Inner","Parallel Aware": false,"Async Capable": false,"Relation Name": "supplier","Alias": "supplier","Startup Cost": 7.38,"Total Cost": 239.27,"Plan Rows": 400,"Plan Width": 8,"Actual Startup Time": 0.180,"Actual Total Time": 2.555,"Actual Rows": 396,"Actual Loops": 1,"Recheck Cond": "(s_nationkey = nation.n_nationkey)","Rows Removed by Index Recheck": 0,"Exact Heap Blocks": 191,"Lossy Heap Blocks": 0,"Plans": [{"Node Type": "Bitmap Index Scan","Parent Relationship": "Outer","Parallel Aware": false,"Async Capable": false,"Index Name": "idx_supplier_nation_key","Startup Cost": 0.00,"Total Cost": 7.29,"Plan Rows": 400,"Plan Width": 0,"Actual Startup Time": 0.114,"Actual Total Time": 0.118,"Actual Rows": 396,"Actual Loops": 1,"Index Cond": "(s_nationkey = nation.n_nationkey)"}]}]},{"Node Type": "Index Scan","Parent Relationship": "Inner","Parallel Aware": false,"Async Capable": false,"Scan Direction": "Forward","Index Name": "idx_partsupp_suppkey","Relation Name": "partsupp","Alias": "partsupp","Startup Cost": 0.42,"Total Cost": 9.07,"Plan Rows": 80,"Plan Width": 18,"Actual Startup Time": 0.019,"Actual Total Time": 0.468,"Actual Rows": 80,"Actual Loops": 396,"Index Cond": "(ps_suppkey = supplier.s_suppkey)","Rows Removed by Index Recheck": 0}]}]}]},"Planning Time": 7.362,"Triggers": [],"Execution Time": 437.365}]
[{"Plan": {"Node Type": "Sort","Parallel Aware": false,"Async Capable": false,"Startup Cost": 10142.20,"Total Cost": 10168.87,"Plan Rows": 10667,"Plan Width": 36,"Actual Startup Time": 448.613,"Actual Total Time": 448.730,"Actual Rows": 888,"Actual Loops": 1,"Sort Key": ["(sum((partsupp.ps_supplycost * (partsupp.ps_availqty)::numeric))) DESC"],"Sort Method": "quicksort","Sort Space Used": 73,"Sort Space Type": "Memory","Plans": [{"Node Type": "Aggregate","Strategy": "Plain","Partial Mode": "Simple","Parent Relationship": "InitPlan","Subplan Name": "InitPlan 1 (returns $2)","Parallel Aware": false,"Async Capable": false,"Startup Cost": 4434.26,"Total Cost": 4434.27,"Plan Rows": 1,"Plan Width": 32,"Actual Startup Time": 133.715,"Actual Total Time": 133.740,"Actual Rows": 1,"Actual Loops": 1,"Plans": [{"Node Type": "Nested Loop","Parent Relationship": "Outer","Parallel Aware": false,"Async Capable": false,"Join Type": "Inner","Startup Cost": 7.81,"Total Cost": 4194.26,"Plan Rows": 32000,"Plan Width": 10,"Actual Startup Time": 0.220,"Actual Total Time": 126.229,"Actual Rows": 32400,"Actual Loops": 1,"Inner Unique": false,"Plans": [{"Node Type": "Nested Loop","Parent Relationship": "Outer","Parallel Aware": false,"Async Capable": false,"Join Type": "Inner","Startup Cost": 7.38,"Total Cost": 244.58,"Plan Rows": 400,"Plan Width": 4,"Actual Startup Time": 0.174,"Actual Total Time": 1.918,"Actual Rows": 405,"Actual Loops": 1,"Inner Unique": false,"Plans": [{"Node Type": "Seq Scan","Parent Relationship": "Outer","Parallel Aware": false,"Async Capable": false,"Relation Name": "nation","Alias": "nation_1","Startup Cost": 0.00,"Total Cost": 1.31,"Plan Rows": 1,"Plan Width": 4,"Actual Startup Time": 0.049,"Actual Total Time": 0.070,"Actual Rows": 1,"Actual Loops": 1,"Filter": "(n_name = 'INDONESIA'::bpchar)","Rows Removed by Filter": 24},{"Node Type": "Bitmap Heap Scan","Parent Relationship": "Inner","Parallel Aware": false,"Async Capable": false,"Relation Name": "supplier","Alias": "supplier_1","Startup Cost": 7.38,"Total Cost": 239.27,"Plan Rows": 400,"Plan Width": 8,"Actual Startup Time": 0.105,"Actual Total Time": 1.781,"Actual Rows": 405,"Actual Loops": 1,"Recheck Cond": "(s_nationkey = nation_1.n_nationkey)","Rows Removed by Index Recheck": 0,"Exact Heap Blocks": 192,"Lossy Heap Blocks": 0,"Plans": [{"Node Type": "Bitmap Index Scan","Parent Relationship": "Outer","Parallel Aware": false,"Async Capable": false,"Index Name": "idx_supplier_nation_key","Startup Cost": 0.00,"Total Cost": 7.29,"Plan Rows": 400,"Plan Width": 0,"Actual Startup Time": 0.069,"Actual Total Time": 0.075,"Actual Rows": 405,"Actual Loops": 1,"Index Cond": "(s_nationkey = nation_1.n_nationkey)"}]}]},{"Node Type": "Index Scan","Parent Relationship": "Inner","Parallel Aware": false,"Async Capable": false,"Scan Direction": "Forward","Index Name": "idx_partsupp_suppkey","Relation Name": "partsupp","Alias": "partsupp_1","Startup Cost": 0.42,"Total Cost": 9.07,"Plan Rows": 80,"Plan Width": 14,"Actual Startup Time": 0.014,"Actual Total Time": 0.294,"Actual Rows": 80,"Actual Loops": 405,"Index Cond": "(ps_suppkey = supplier_1.s_suppkey)","Rows Removed by Index Recheck": 0}]}]},{"Node Type": "Aggregate","Strategy": "Hashed","Partial Mode": "Simple","Parent Relationship": "Outer","Parallel Aware": false,"Async Capable": false,"Startup Cost": 4514.26,"Total Cost": 4994.26,"Plan Rows": 10667,"Plan Width": 36,"Actual Startup Time": 376.503,"Actual Total Time": 448.157,"Actual Rows": 888,"Actual Loops": 1,"Group Key": ["partsupp.ps_partkey"],"Filter": "(sum((partsupp.ps_supplycost * (partsupp.ps_availqty)::numeric)) > $2)","Planned Partitions": 0,"HashAgg Batches": 1,"Peak Memory Usage": 17937,"Disk Usage": 0,"Rows Removed by Filter": 29597,"Plans": [{"Node Type": "Nested Loop","Parent Relationship": "Outer","Parallel Aware": false,"Async Capable": false,"Join Type": "Inner","Startup Cost": 7.81,"Total Cost": 4194.26,"Plan Rows": 32000,"Plan Width": 14,"Actual Startup Time": 0.375,"Actual Total Time": 200.721,"Actual Rows": 32400,"Actual Loops": 1,"Inner Unique": false,"Plans": [{"Node Type": "Nested Loop","Parent Relationship": "Outer","Parallel Aware": false,"Async Capable": false,"Join Type": "Inner","Startup Cost": 7.38,"Total Cost": 244.58,"Plan Rows": 400,"Plan Width": 4,"Actual Startup Time": 0.269,"Actual Total Time": 2.791,"Actual Rows": 405,"Actual Loops": 1,"Inner Unique": false,"Plans": [{"Node Type": "Seq Scan","Parent Relationship": "Outer","Parallel Aware": false,"Async Capable": false,"Relation Name": "nation","Alias": "nation","Startup Cost": 0.00,"Total Cost": 1.31,"Plan Rows": 1,"Plan Width": 4,"Actual Startup Time": 0.076,"Actual Total Time": 0.092,"Actual Rows": 1,"Actual Loops": 1,"Filter": "(n_name = 'INDONESIA'::bpchar)","Rows Removed by Filter": 24},{"Node Type": "Bitmap Heap Scan","Parent Relationship": "Inner","Parallel Aware": false,"Async Capable": false,"Relation Name": "supplier","Alias": "supplier","Startup Cost": 7.38,"Total Cost": 239.27,"Plan Rows": 400,"Plan Width": 8,"Actual Startup Time": 0.187,"Actual Total Time": 2.648,"Actual Rows": 405,"Actual Loops": 1,"Recheck Cond": "(s_nationkey = nation.n_nationkey)","Rows Removed by Index Recheck": 0,"Exact Heap Blocks": 192,"Lossy Heap Blocks": 0,"Plans": [{"Node Type": "Bitmap Index Scan","Parent Relationship": "Outer","Parallel Aware": false,"Async Capable": false,"Index Name": "idx_supplier_nation_key","Startup Cost": 0.00,"Total Cost": 7.29,"Plan Rows": 400,"Plan Width": 0,"Actual Startup Time": 0.121,"Actual Total Time": 0.124,"Actual Rows": 405,"Actual Loops": 1,"Index Cond": "(s_nationkey = nation.n_nationkey)"}]}]},{"Node Type": "Index Scan","Parent Relationship": "Inner","Parallel Aware": false,"Async Capable": false,"Scan Direction": "Forward","Index Name": "idx_partsupp_suppkey","Relation Name": "partsupp","Alias": "partsupp","Startup Cost": 0.42,"Total Cost": 9.07,"Plan Rows": 80,"Plan Width": 18,"Actual Startup Time": 0.019,"Actual Total Time": 0.477,"Actual Rows": 80,"Actual Loops": 405,"Index Cond": "(ps_suppkey = supplier.s_suppkey)","Rows Removed by Index Recheck": 0}]}]}]},"Planning Time": 7.214,"Triggers": [],"Execution Time": 451.949}]
[{"Plan": {"Node Type": "Sort","Parallel Aware": false,"Async Capable": false,"Startup Cost": 10142.20,"Total Cost": 10168.87,"Plan Rows": 10667,"Plan Width": 36,"Actual Startup Time": 435.527,"Actual Total Time": 435.700,"Actual Rows": 1089,"Actual Loops": 1,"Sort Key": ["(sum((partsupp.ps_supplycost * (partsupp.ps_availqty)::numeric))) DESC"],"Sort Method": "quicksort","Sort Space Used": 108,"Sort Space Type": "Memory","Plans": [{"Node Type": "Aggregate","Strategy": "Plain","Partial Mode": "Simple","Parent Relationship": "InitPlan","Subplan Name": "InitPlan 1 (returns $2)","Parallel Aware": false,"Async Capable": false,"Startup Cost": 4434.26,"Total Cost": 4434.27,"Plan Rows": 1,"Plan Width": 32,"Actual Startup Time": 127.992,"Actual Total Time": 128.018,"Actual Rows": 1,"Actual Loops": 1,"Plans": [{"Node Type": "Nested Loop","Parent Relationship": "Outer","Parallel Aware": false,"Async Capable": false,"Join Type": "Inner","Startup Cost": 7.81,"Total Cost": 4194.26,"Plan Rows": 32000,"Plan Width": 10,"Actual Startup Time": 0.202,"Actual Total Time": 120.806,"Actual Rows": 31200,"Actual Loops": 1,"Inner Unique": false,"Plans": [{"Node Type": "Nested Loop","Parent Relationship": "Outer","Parallel Aware": false,"Async Capable": false,"Join Type": "Inner","Startup Cost": 7.38,"Total Cost": 244.58,"Plan Rows": 400,"Plan Width": 4,"Actual Startup Time": 0.156,"Actual Total Time": 1.780,"Actual Rows": 390,"Actual Loops": 1,"Inner Unique": false,"Plans": [{"Node Type": "Seq Scan","Parent Relationship": "Outer","Parallel Aware": false,"Async Capable": false,"Relation Name": "nation","Alias": "nation_1","Startup Cost": 0.00,"Total Cost": 1.31,"Plan Rows": 1,"Plan Width": 4,"Actual Startup Time": 0.025,"Actual Total Time": 0.037,"Actual Rows": 1,"Actual Loops": 1,"Filter": "(n_name = 'UNITED KINGDOM'::bpchar)","Rows Removed by Filter": 24},{"Node Type": "Bitmap Heap Scan","Parent Relationship": "Inner","Parallel Aware": false,"Async Capable": false,"Relation Name": "supplier","Alias": "supplier_1","Startup Cost": 7.38,"Total Cost": 239.27,"Plan Rows": 400,"Plan Width": 8,"Actual Startup Time": 0.111,"Actual Total Time": 1.680,"Actual Rows": 390,"Actual Loops": 1,"Recheck Cond": "(s_nationkey = nation_1.n_nationkey)","Rows Removed by Index Recheck": 0,"Exact Heap Blocks": 190,"Lossy Heap Blocks": 0,"Plans": [{"Node Type": "Bitmap Index Scan","Parent Relationship": "Outer","Parallel Aware": false,"Async Capable": false,"Index Name": "idx_supplier_nation_key","Startup Cost": 0.00,"Total Cost": 7.29,"Plan Rows": 400,"Plan Width": 0,"Actual Startup Time": 0.075,"Actual Total Time": 0.080,"Actual Rows": 390,"Actual Loops": 1,"Index Cond": "(s_nationkey = nation_1.n_nationkey)"}]}]},{"Node Type": "Index Scan","Parent Relationship": "Inner","Parallel Aware": false,"Async Capable": false,"Scan Direction": "Forward","Index Name": "idx_partsupp_suppkey","Relation Name": "partsupp","Alias": "partsupp_1","Startup Cost": 0.42,"Total Cost": 9.07,"Plan Rows": 80,"Plan Width": 14,"Actual Startup Time": 0.014,"Actual Total Time": 0.293,"Actual Rows": 80,"Actual Loops": 390,"Index Cond": "(ps_suppkey = supplier_1.s_suppkey)","Rows Removed by Index Recheck": 0}]}]},{"Node Type": "Aggregate","Strategy": "Hashed","Partial Mode": "Simple","Parent Relationship": "Outer","Parallel Aware": false,"Async Capable": false,"Startup Cost": 4514.26,"Total Cost": 4994.26,"Plan Rows": 10667,"Plan Width": 36,"Actual Startup Time": 365.366,"Actual Total Time": 434.999,"Actual Rows": 1089,"Actual Loops": 1,"Group Key": ["partsupp.ps_partkey"],"Filter": "(sum((partsupp.ps_supplycost * (partsupp.ps_availqty)::numeric)) > $2)","Planned Partitions": 0,"HashAgg Batches": 1,"Peak Memory Usage": 17937,"Disk Usage": 0,"Rows Removed by Filter": 28366,"Plans": [{"Node Type": "Nested Loop","Parent Relationship": "Outer","Parallel Aware": false,"Async Capable": false,"Join Type": "Inner","Startup Cost": 7.81,"Total Cost": 4194.26,"Plan Rows": 32000,"Plan Width": 14,"Actual Startup Time": 0.273,"Actual Total Time": 195.557,"Actual Rows": 31200,"Actual Loops": 1,"Inner Unique": false,"Plans": [{"Node Type": "Nested Loop","Parent Relationship": "Outer","Parallel Aware": false,"Async Capable": false,"Join Type": "Inner","Startup Cost": 7.38,"Total Cost": 244.58,"Plan Rows": 400,"Plan Width": 4,"Actual Startup Time": 0.244,"Actual Total Time": 2.901,"Actual Rows": 390,"Actual Loops": 1,"Inner Unique": false,"Plans": [{"Node Type": "Seq Scan","Parent Relationship": "Outer","Parallel Aware": false,"Async Capable": false,"Relation Name": "nation","Alias": "nation","Startup Cost": 0.00,"Total Cost": 1.31,"Plan Rows": 1,"Plan Width": 4,"Actual Startup Time": 0.065,"Actual Total Time": 0.084,"Actual Rows": 1,"Actual Loops": 1,"Filter": "(n_name = 'UNITED KINGDOM'::bpchar)","Rows Removed by Filter": 24},{"Node Type": "Bitmap Heap Scan","Parent Relationship": "Inner","Parallel Aware": false,"Async Capable": false,"Relation Name": "supplier","Alias": "supplier","Startup Cost": 7.38,"Total Cost": 239.27,"Plan Rows": 400,"Plan Width": 8,"Actual Startup Time": 0.171,"Actual Total Time": 2.762,"Actual Rows": 390,"Actual Loops": 1,"Recheck Cond": "(s_nationkey = nation.n_nationkey)","Rows Removed by Index Recheck": 0,"Exact Heap Blocks": 190,"Lossy Heap Blocks": 0,"Plans": [{"Node Type": "Bitmap Index Scan","Parent Relationship": "Outer","Parallel Aware": false,"Async Capable": false,"Index Name": "idx_supplier_nation_key","Startup Cost": 0.00,"Total Cost": 7.29,"Plan Rows": 400,"Plan Width": 0,"Actual Startup Time": 0.123,"Actual Total Time": 0.123,"Actual Rows": 390,"Actual Loops": 1,"Index Cond": "(s_nationkey = nation.n_nationkey)"}]}]},{"Node Type": "Index Scan","Parent Relationship": "Inner","Parallel Aware": false,"Async Capable": false,"Scan Direction": "Forward","Index Name": "idx_partsupp_suppkey","Relation Name": "partsupp","Alias": "partsupp","Startup Cost": 0.42,"Total Cost": 9.07,"Plan Rows": 80,"Plan Width": 18,"Actual Startup Time": 0.020,"Actual Total Time": 0.482,"Actual Rows": 80,"Actual Loops": 390,"Index Cond": "(ps_suppkey = supplier.s_suppkey)","Rows Removed by Index Recheck": 0}]}]}]},"Planning Time": 6.575,"Triggers": [],"Execution Time": 439.057}]
[{"Plan": {"Node Type": "Sort","Parallel Aware": false,"Async Capable": false,"Startup Cost": 10142.20,"Total Cost": 10168.87,"Plan Rows": 10667,"Plan Width": 36,"Actual Startup Time": 460.124,"Actual Total Time": 460.279,"Actual Rows": 753,"Actual Loops": 1,"Sort Key": ["(sum((partsupp.ps_supplycost * (partsupp.ps_availqty)::numeric))) DESC"],"Sort Method": "quicksort","Sort Space Used": 66,"Sort Space Type": "Memory","Plans": [{"Node Type": "Aggregate","Strategy": "Plain","Partial Mode": "Simple","Parent Relationship": "InitPlan","Subplan Name": "InitPlan 1 (returns $2)","Parallel Aware": false,"Async Capable": false,"Startup Cost": 4434.26,"Total Cost": 4434.27,"Plan Rows": 1,"Plan Width": 32,"Actual Startup Time": 134.377,"Actual Total Time": 134.409,"Actual Rows": 1,"Actual Loops": 1,"Plans": [{"Node Type": "Nested Loop","Parent Relationship": "Outer","Parallel Aware": false,"Async Capable": false,"Join Type": "Inner","Startup Cost": 7.81,"Total Cost": 4194.26,"Plan Rows": 32000,"Plan Width": 10,"Actual Startup Time": 0.237,"Actual Total Time": 126.748,"Actual Rows": 33200,"Actual Loops": 1,"Inner Unique": false,"Plans": [{"Node Type": "Nested Loop","Parent Relationship": "Outer","Parallel Aware": false,"Async Capable": false,"Join Type": "Inner","Startup Cost": 7.38,"Total Cost": 244.58,"Plan Rows": 400,"Plan Width": 4,"Actual Startup Time": 0.181,"Actual Total Time": 1.854,"Actual Rows": 415,"Actual Loops": 1,"Inner Unique": false,"Plans": [{"Node Type": "Seq Scan","Parent Relationship": "Outer","Parallel Aware": false,"Async Capable": false,"Relation Name": "nation","Alias": "nation_1","Startup Cost": 0.00,"Total Cost": 1.31,"Plan Rows": 1,"Plan Width": 4,"Actual Startup Time": 0.049,"Actual Total Time": 0.067,"Actual Rows": 1,"Actual Loops": 1,"Filter": "(n_name = 'INDIA'::bpchar)","Rows Removed by Filter": 24},{"Node Type": "Bitmap Heap Scan","Parent Relationship": "Inner","Parallel Aware": false,"Async Capable": false,"Relation Name": "supplier","Alias": "supplier_1","Startup Cost": 7.38,"Total Cost": 239.27,"Plan Rows": 400,"Plan Width": 8,"Actual Startup Time": 0.112,"Actual Total Time": 1.723,"Actual Rows": 415,"Actual Loops": 1,"Recheck Cond": "(s_nationkey = nation_1.n_nationkey)","Rows Removed by Index Recheck": 0,"Exact Heap Blocks": 186,"Lossy Heap Blocks": 0,"Plans": [{"Node Type": "Bitmap Index Scan","Parent Relationship": "Outer","Parallel Aware": false,"Async Capable": false,"Index Name": "idx_supplier_nation_key","Startup Cost": 0.00,"Total Cost": 7.29,"Plan Rows": 400,"Plan Width": 0,"Actual Startup Time": 0.076,"Actual Total Time": 0.083,"Actual Rows": 415,"Actual Loops": 1,"Index Cond": "(s_nationkey = nation_1.n_nationkey)"}]}]},{"Node Type": "Index Scan","Parent Relationship": "Inner","Parallel Aware": false,"Async Capable": false,"Scan Direction": "Forward","Index Name": "idx_partsupp_suppkey","Relation Name": "partsupp","Alias": "partsupp_1","Startup Cost": 0.42,"Total Cost": 9.07,"Plan Rows": 80,"Plan Width": 14,"Actual Startup Time": 0.014,"Actual Total Time": 0.289,"Actual Rows": 80,"Actual Loops": 415,"Index Cond": "(ps_suppkey = supplier_1.s_suppkey)","Rows Removed by Index Recheck": 0}]}]},{"Node Type": "Aggregate","Strategy": "Hashed","Partial Mode": "Simple","Parent Relationship": "Outer","Parallel Aware": false,"Async Capable": false,"Startup Cost": 4514.26,"Total Cost": 4994.26,"Plan Rows": 10667,"Plan Width": 36,"Actual Startup Time": 384.255,"Actual Total Time": 459.696,"Actual Rows": 753,"Actual Loops": 1,"Group Key": ["partsupp.ps_partkey"],"Filter": "(sum((partsupp.ps_supplycost * (partsupp.ps_availqty)::numeric)) > $2)","Planned Partitions": 0,"HashAgg Batches": 1,"Peak Memory Usage": 17937,"Disk Usage": 0,"Rows Removed by Filter": 30329,"Plans": [{"Node Type": "Nested Loop","Parent Relationship": "Outer","Parallel Aware": false,"Async Capable": false,"Join Type": "Inner","Startup Cost": 7.81,"Total Cost": 4194.26,"Plan Rows": 32000,"Plan Width": 14,"Actual Startup Time": 0.331,"Actual Total Time": 205.215,"Actual Rows": 33200,"Actual Loops": 1,"Inner Unique": false,"Plans": [{"Node Type": "Nested Loop","Parent Relationship": "Outer","Parallel Aware": false,"Async Capable": false,"Join Type": "Inner","Startup Cost": 7.38,"Total Cost": 244.58,"Plan Rows": 400,"Plan Width": 4,"Actual Startup Time": 0.285,"Actual Total Time": 2.795,"Actual Rows": 415,"Actual Loops": 1,"Inner Unique": false,"Plans": [{"Node Type": "Seq Scan","Parent Relationship": "Outer","Parallel Aware": false,"Async Capable": false,"Relation Name": "nation","Alias": "nation","Startup Cost": 0.00,"Total Cost": 1.31,"Plan Rows": 1,"Plan Width": 4,"Actual Startup Time": 0.073,"Actual Total Time": 0.100,"Actual Rows": 1,"Actual Loops": 1,"Filter": "(n_name = 'INDIA'::bpchar)","Rows Removed by Filter": 24},{"Node Type": "Bitmap Heap Scan","Parent Relationship": "Inner","Parallel Aware": false,"Async Capable": false,"Relation Name": "supplier","Alias": "supplier","Startup Cost": 7.38,"Total Cost": 239.27,"Plan Rows": 400,"Plan Width": 8,"Actual Startup Time": 0.206,"Actual Total Time": 2.634,"Actual Rows": 415,"Actual Loops": 1,"Recheck Cond": "(s_nationkey = nation.n_nationkey)","Rows Removed by Index Recheck": 0,"Exact Heap Blocks": 186,"Lossy Heap Blocks": 0,"Plans": [{"Node Type": "Bitmap Index Scan","Parent Relationship": "Outer","Parallel Aware": false,"Async Capable": false,"Index Name": "idx_supplier_nation_key","Startup Cost": 0.00,"Total Cost": 7.29,"Plan Rows": 400,"Plan Width": 0,"Actual Startup Time": 0.132,"Actual Total Time": 0.135,"Actual Rows": 415,"Actual Loops": 1,"Index Cond": "(s_nationkey = nation.n_nationkey)"}]}]},{"Node Type": "Index Scan","Parent Relationship": "Inner","Parallel Aware": false,"Async Capable": false,"Scan Direction": "Forward","Index Name": "idx_partsupp_suppkey","Relation Name": "partsupp","Alias": "partsupp","Startup Cost": 0.42,"Total Cost": 9.07,"Plan Rows": 80,"Plan Width": 18,"Actual Startup Time": 0.019,"Actual Total Time": 0.476,"Actual Rows": 80,"Actual Loops": 415,"Index Cond": "(ps_suppkey = supplier.s_suppkey)","Rows Removed by Index Recheck": 0}]}]}]},"Planning Time": 5.856,"Triggers": [],"Execution Time": 463.781}]
[{"Plan": {"Node Type": "Sort","Parallel Aware": false,"Async Capable": false,"Startup Cost": 10142.20,"Total Cost": 10168.87,"Plan Rows": 10667,"Plan Width": 36,"Actual Startup Time": 427.262,"Actual Total Time": 427.423,"Actual Rows": 1241,"Actual Loops": 1,"Sort Key": ["(sum((partsupp.ps_supplycost * (partsupp.ps_availqty)::numeric))) DESC"],"Sort Method": "quicksort","Sort Space Used": 116,"Sort Space Type": "Memory","Plans": [{"Node Type": "Aggregate","Strategy": "Plain","Partial Mode": "Simple","Parent Relationship": "InitPlan","Subplan Name": "InitPlan 1 (returns $2)","Parallel Aware": false,"Async Capable": false,"Startup Cost": 4434.26,"Total Cost": 4434.27,"Plan Rows": 1,"Plan Width": 32,"Actual Startup Time": 127.406,"Actual Total Time": 127.426,"Actual Rows": 1,"Actual Loops": 1,"Plans": [{"Node Type": "Nested Loop","Parent Relationship": "Outer","Parallel Aware": false,"Async Capable": false,"Join Type": "Inner","Startup Cost": 7.81,"Total Cost": 4194.26,"Plan Rows": 32000,"Plan Width": 10,"Actual Startup Time": 0.226,"Actual Total Time": 120.281,"Actual Rows": 30400,"Actual Loops": 1,"Inner Unique": false,"Plans": [{"Node Type": "Nested Loop","Parent Relationship": "Outer","Parallel Aware": false,"Async Capable": false,"Join Type": "Inner","Startup Cost": 7.38,"Total Cost": 244.58,"Plan Rows": 400,"Plan Width": 4,"Actual Startup Time": 0.174,"Actual Total Time": 1.741,"Actual Rows": 380,"Actual Loops": 1,"Inner Unique": false,"Plans": [{"Node Type": "Seq Scan","Parent Relationship": "Outer","Parallel Aware": false,"Async Capable": false,"Relation Name": "nation","Alias": "nation_1","Startup Cost": 0.00,"Total Cost": 1.31,"Plan Rows": 1,"Plan Width": 4,"Actual Startup Time": 0.028,"Actual Total Time": 0.042,"Actual Rows": 1,"Actual Loops": 1,"Filter": "(n_name = 'ETHIOPIA'::bpchar)","Rows Removed by Filter": 24},{"Node Type": "Bitmap Heap Scan","Parent Relationship": "Inner","Parallel Aware": false,"Async Capable": false,"Relation Name": "supplier","Alias": "supplier_1","Startup Cost": 7.38,"Total Cost": 239.27,"Plan Rows": 400,"Plan Width": 8,"Actual Startup Time": 0.130,"Actual Total Time": 1.641,"Actual Rows": 380,"Actual Loops": 1,"Recheck Cond": "(s_nationkey = nation_1.n_nationkey)","Rows Removed by Index Recheck": 0,"Exact Heap Blocks": 192,"Lossy Heap Blocks": 0,"Plans": [{"Node Type": "Bitmap Index Scan","Parent Relationship": "Outer","Parallel Aware": false,"Async Capable": false,"Index Name": "idx_supplier_nation_key","Startup Cost": 0.00,"Total Cost": 7.29,"Plan Rows": 400,"Plan Width": 0,"Actual Startup Time": 0.089,"Actual Total Time": 0.091,"Actual Rows": 380,"Actual Loops": 1,"Index Cond": "(s_nationkey = nation_1.n_nationkey)"}]}]},{"Node Type": "Index Scan","Parent Relationship": "Inner","Parallel Aware": false,"Async Capable": false,"Scan Direction": "Forward","Index Name": "idx_partsupp_suppkey","Relation Name": "partsupp","Alias": "partsupp_1","Startup Cost": 0.42,"Total Cost": 9.07,"Plan Rows": 80,"Plan Width": 14,"Actual Startup Time": 0.015,"Actual Total Time": 0.299,"Actual Rows": 80,"Actual Loops": 380,"Index Cond": "(ps_suppkey = supplier_1.s_suppkey)","Rows Removed by Index Recheck": 0}]}]},{"Node Type": "Aggregate","Strategy": "Hashed","Partial Mode": "Simple","Parent Relationship": "Outer","Parallel Aware": false,"Async Capable": false,"Startup Cost": 4514.26,"Total Cost": 4994.26,"Plan Rows": 10667,"Plan Width": 36,"Actual Startup Time": 359.706,"Actual Total Time": 426.732,"Actual Rows": 1241,"Actual Loops": 1,"Group Key": ["partsupp.ps_partkey"],"Filter": "(sum((partsupp.ps_supplycost * (partsupp.ps_availqty)::numeric)) > $2)","Planned Partitions": 0,"HashAgg Batches": 1,"Peak Memory Usage": 17937,"Disk Usage": 0,"Rows Removed by Filter": 27374,"Plans": [{"Node Type": "Nested Loop","Parent Relationship": "Outer","Parallel Aware": false,"Async Capable": false,"Join Type": "Inner","Startup Cost": 7.81,"Total Cost": 4194.26,"Plan Rows": 32000,"Plan Width": 14,"Actual Startup Time": 0.377,"Actual Total Time": 187.744,"Actual Rows": 30400,"Actual Loops": 1,"Inner Unique": false,"Plans": [{"Node Type": "Nested Loop","Parent Relationship": "Outer","Parallel Aware": false,"Async Capable": false,"Join Type": "Inner","Startup Cost": 7.38,"Total Cost": 244.58,"Plan Rows": 400,"Plan Width": 4,"Actual Startup Time": 0.305,"Actual Total Time": 2.864,"Actual Rows": 380,"Actual Loops": 1,"Inner Unique": false,"Plans": [{"Node Type": "Seq Scan","Parent Relationship": "Outer","Parallel Aware": false,"Async Capable": false,"Relation Name": "nation","Alias": "nation","Startup Cost": 0.00,"Total Cost": 1.31,"Plan Rows": 1,"Plan Width": 4,"Actual Startup Time": 0.073,"Actual Total Time": 0.091,"Actual Rows": 1,"Actual Loops": 1,"Filter": "(n_name = 'ETHIOPIA'::bpchar)","Rows Removed by Filter": 24},{"Node Type": "Bitmap Heap Scan","Parent Relationship": "Inner","Parallel Aware": false,"Async Capable": false,"Relation Name": "supplier","Alias": "supplier","Startup Cost": 7.38,"Total Cost": 239.27,"Plan Rows": 400,"Plan Width": 8,"Actual Startup Time": 0.228,"Actual Total Time": 2.728,"Actual Rows": 380,"Actual Loops": 1,"Recheck Cond": "(s_nationkey = nation.n_nationkey)","Rows Removed by Index Recheck": 0,"Exact Heap Blocks": 192,"Lossy Heap Blocks": 0,"Plans": [{"Node Type": "Bitmap Index Scan","Parent Relationship": "Outer","Parallel Aware": false,"Async Capable": false,"Index Name": "idx_supplier_nation_key","Startup Cost": 0.00,"Total Cost": 7.29,"Plan Rows": 400,"Plan Width": 0,"Actual Startup Time": 0.146,"Actual Total Time": 0.146,"Actual Rows": 380,"Actual Loops": 1,"Index Cond": "(s_nationkey = nation.n_nationkey)"}]}]},{"Node Type": "Index Scan","Parent Relationship": "Inner","Parallel Aware": false,"Async Capable": false,"Scan Direction": "Forward","Index Name": "idx_partsupp_suppkey","Relation Name": "partsupp","Alias": "partsupp","Startup Cost": 0.42,"Total Cost": 9.07,"Plan Rows": 80,"Plan Width": 18,"Actual Startup Time": 0.020,"Actual Total Time": 0.475,"Actual Rows": 80,"Actual Loops": 380,"Index Cond": "(ps_suppkey = supplier.s_suppkey)","Rows Removed by Index Recheck": 0}]}]}]},"Planning Time": 7.180,"Triggers": [],"Execution Time": 429.797}]
[{"Plan": {"Node Type": "Sort","Parallel Aware": false,"Async Capable": false,"Startup Cost": 10142.20,"Total Cost": 10168.87,"Plan Rows": 10667,"Plan Width": 36,"Actual Startup Time": 438.718,"Actual Total Time": 438.846,"Actual Rows": 919,"Actual Loops": 1,"Sort Key": ["(sum((partsupp.ps_supplycost * (partsupp.ps_availqty)::numeric))) DESC"],"Sort Method": "quicksort","Sort Space Used": 75,"Sort Space Type": "Memory","Plans": [{"Node Type": "Aggregate","Strategy": "Plain","Partial Mode": "Simple","Parent Relationship": "InitPlan","Subplan Name": "InitPlan 1 (returns $2)","Parallel Aware": false,"Async Capable": false,"Startup Cost": 4434.26,"Total Cost": 4434.27,"Plan Rows": 1,"Plan Width": 32,"Actual Startup Time": 130.550,"Actual Total Time": 130.572,"Actual Rows": 1,"Actual Loops": 1,"Plans": [{"Node Type": "Nested Loop","Parent Relationship": "Outer","Parallel Aware": false,"Async Capable": false,"Join Type": "Inner","Startup Cost": 7.81,"Total Cost": 4194.26,"Plan Rows": 32000,"Plan Width": 10,"Actual Startup Time": 0.239,"Actual Total Time": 123.231,"Actual Rows": 32080,"Actual Loops": 1,"Inner Unique": false,"Plans": [{"Node Type": "Nested Loop","Parent Relationship": "Outer","Parallel Aware": false,"Async Capable": false,"Join Type": "Inner","Startup Cost": 7.38,"Total Cost": 244.58,"Plan Rows": 400,"Plan Width": 4,"Actual Startup Time": 0.189,"Actual Total Time": 1.751,"Actual Rows": 401,"Actual Loops": 1,"Inner Unique": false,"Plans": [{"Node Type": "Seq Scan","Parent Relationship": "Outer","Parallel Aware": false,"Async Capable": false,"Relation Name": "nation","Alias": "nation_1","Startup Cost": 0.00,"Total Cost": 1.31,"Plan Rows": 1,"Plan Width": 4,"Actual Startup Time": 0.044,"Actual Total Time": 0.061,"Actual Rows": 1,"Actual Loops": 1,"Filter": "(n_name = 'RUSSIA'::bpchar)","Rows Removed by Filter": 24},{"Node Type": "Bitmap Heap Scan","Parent Relationship": "Inner","Parallel Aware": false,"Async Capable": false,"Relation Name": "supplier","Alias": "supplier_1","Startup Cost": 7.38,"Total Cost": 239.27,"Plan Rows": 400,"Plan Width": 8,"Actual Startup Time": 0.130,"Actual Total Time": 1.632,"Actual Rows": 401,"Actual Loops": 1,"Recheck Cond": "(s_nationkey = nation_1.n_nationkey)","Rows Removed by Index Recheck": 0,"Exact Heap Blocks": 180,"Lossy Heap Blocks": 0,"Plans": [{"Node Type": "Bitmap Index Scan","Parent Relationship": "Outer","Parallel Aware": false,"Async Capable": false,"Index Name": "idx_supplier_nation_key","Startup Cost": 0.00,"Total Cost": 7.29,"Plan Rows": 400,"Plan Width": 0,"Actual Startup Time": 0.092,"Actual Total Time": 0.094,"Actual Rows": 401,"Actual Loops": 1,"Index Cond": "(s_nationkey = nation_1.n_nationkey)"}]}]},{"Node Type": "Index Scan","Parent Relationship": "Inner","Parallel Aware": false,"Async Capable": false,"Scan Direction": "Forward","Index Name": "idx_partsupp_suppkey","Relation Name": "partsupp","Alias": "partsupp_1","Startup Cost": 0.42,"Total Cost": 9.07,"Plan Rows": 80,"Plan Width": 14,"Actual Startup Time": 0.014,"Actual Total Time": 0.291,"Actual Rows": 80,"Actual Loops": 401,"Index Cond": "(ps_suppkey = supplier_1.s_suppkey)","Rows Removed by Index Recheck": 0}]}]},{"Node Type": "Aggregate","Strategy": "Hashed","Partial Mode": "Simple","Parent Relationship": "Outer","Parallel Aware": false,"Async Capable": false,"Startup Cost": 4514.26,"Total Cost": 4994.26,"Plan Rows": 10667,"Plan Width": 36,"Actual Startup Time": 367.075,"Actual Total Time": 438.260,"Actual Rows": 919,"Actual Loops": 1,"Group Key": ["partsupp.ps_partkey"],"Filter": "(sum((partsupp.ps_supplycost * (partsupp.ps_availqty)::numeric)) > $2)","Planned Partitions": 0,"HashAgg Batches": 1,"Peak Memory Usage": 17937,"Disk Usage": 0,"Rows Removed by Filter": 29289,"Plans": [{"Node Type": "Nested Loop","Parent Relationship": "Outer","Parallel Aware": false,"Async Capable": false,"Join Type": "Inner","Startup Cost": 7.81,"Total Cost": 4194.26,"Plan Rows": 32000,"Plan Width": 14,"Actual Startup Time": 0.388,"Actual Total Time": 194.500,"Actual Rows": 32080,"Actual Loops": 1,"Inner Unique": false,"Plans": [{"Node Type": "Nested Loop","Parent Relationship": "Outer","Parallel Aware": false,"Async Capable": false,"Join Type": "Inner","Startup Cost": 7.38,"Total Cost": 244.58,"Plan Rows": 400,"Plan Width": 4,"Actual Startup Time": 0.281,"Actual Total Time": 2.675,"Actual Rows": 401,"Actual Loops": 1,"Inner Unique": false,"Plans": [{"Node Type": "Seq Scan","Parent Relationship": "Outer","Parallel Aware": false,"Async Capable": false,"Relation Name": "nation","Alias": "nation","Startup Cost": 0.00,"Total Cost": 1.31,"Plan Rows": 1,"Plan Width": 4,"Actual Startup Time": 0.057,"Actual Total Time": 0.080,"Actual Rows": 1,"Actual Loops": 1,"Filter": "(n_name = 'RUSSIA'::bpchar)","Rows Removed by Filter": 24},{"Node Type": "Bitmap Heap Scan","Parent Relationship": "Inner","Parallel Aware": false,"Async Capable": false,"Relation Name": "supplier","Alias": "supplier","Startup Cost": 7.38,"Total Cost": 239.27,"Plan Rows": 400,"Plan Width": 8,"Actual Startup Time": 0.220,"Actual Total Time": 2.546,"Actual Rows": 401,"Actual Loops": 1,"Recheck Cond": "(s_nationkey = nation.n_nationkey)","Rows Removed by Index Recheck": 0,"Exact Heap Blocks": 180,"Lossy Heap Blocks": 0,"Plans": [{"Node Type": "Bitmap Index Scan","Parent Relationship": "Outer","Parallel Aware": false,"Async Capable": false,"Index Name": "idx_supplier_nation_key","Startup Cost": 0.00,"Total Cost": 7.29,"Plan Rows": 400,"Plan Width": 0,"Actual Startup Time": 0.151,"Actual Total Time": 0.154,"Actual Rows": 401,"Actual Loops": 1,"Index Cond": "(s_nationkey = nation.n_nationkey)"}]}]},{"Node Type": "Index Scan","Parent Relationship": "Inner","Parallel Aware": false,"Async Capable": false,"Scan Direction": "Forward","Index Name": "idx_partsupp_suppkey","Relation Name": "partsupp","Alias": "partsupp","Startup Cost": 0.42,"Total Cost": 9.07,"Plan Rows": 80,"Plan Width": 18,"Actual Startup Time": 0.018,"Actual Total Time": 0.467,"Actual Rows": 80,"Actual Loops": 401,"Index Cond": "(ps_suppkey = supplier.s_suppkey)","Rows Removed by Index Recheck": 0}]}]}]},"Planning Time": 6.216,"Triggers": [],"Execution Time": 442.343}]
[{"Plan": {"Node Type": "Sort","Parallel Aware": false,"Async Capable": false,"Startup Cost": 10142.20,"Total Cost": 10168.87,"Plan Rows": 10667,"Plan Width": 36,"Actual Startup Time": 413.680,"Actual Total Time": 413.810,"Actual Rows": 1217,"Actual Loops": 1,"Sort Key": ["(sum((partsupp.ps_supplycost * (partsupp.ps_availqty)::numeric))) DESC"],"Sort Method": "quicksort","Sort Space Used": 115,"Sort Space Type": "Memory","Plans": [{"Node Type": "Aggregate","Strategy": "Plain","Partial Mode": "Simple","Parent Relationship": "InitPlan","Subplan Name": "InitPlan 1 (returns $2)","Parallel Aware": false,"Async Capable": false,"Startup Cost": 4434.26,"Total Cost": 4434.27,"Plan Rows": 1,"Plan Width": 32,"Actual Startup Time": 121.350,"Actual Total Time": 121.366,"Actual Rows": 1,"Actual Loops": 1,"Plans": [{"Node Type": "Nested Loop","Parent Relationship": "Outer","Parallel Aware": false,"Async Capable": false,"Join Type": "Inner","Startup Cost": 7.81,"Total Cost": 4194.26,"Plan Rows": 32000,"Plan Width": 10,"Actual Startup Time": 0.211,"Actual Total Time": 114.479,"Actual Rows": 30080,"Actual Loops": 1,"Inner Unique": false,"Plans": [{"Node Type": "Nested Loop","Parent Relationship": "Outer","Parallel Aware": false,"Async Capable": false,"Join Type": "Inner","Startup Cost": 7.38,"Total Cost": 244.58,"Plan Rows": 400,"Plan Width": 4,"Actual Startup Time": 0.161,"Actual Total Time": 1.670,"Actual Rows": 376,"Actual Loops": 1,"Inner Unique": false,"Plans": [{"Node Type": "Seq Scan","Parent Relationship": "Outer","Parallel Aware": false,"Async Capable": false,"Relation Name": "nation","Alias": "nation_1","Startup Cost": 0.00,"Total Cost": 1.31,"Plan Rows": 1,"Plan Width": 4,"Actual Startup Time": 0.026,"Actual Total Time": 0.039,"Actual Rows": 1,"Actual Loops": 1,"Filter": "(n_name = 'KENYA'::bpchar)","Rows Removed by Filter": 24},{"Node Type": "Bitmap Heap Scan","Parent Relationship": "Inner","Parallel Aware": false,"Async Capable": false,"Relation Name": "supplier","Alias": "supplier_1","Startup Cost": 7.38,"Total Cost": 239.27,"Plan Rows": 400,"Plan Width": 8,"Actual Startup Time": 0.113,"Actual Total Time": 1.571,"Actual Rows": 376,"Actual Loops": 1,"Recheck Cond": "(s_nationkey = nation_1.n_nationkey)","Rows Removed by Index Recheck": 0,"Exact Heap Blocks": 179,"Lossy Heap Blocks": 0,"Plans": [{"Node Type": "Bitmap Index Scan","Parent Relationship": "Outer","Parallel Aware": false,"Async Capable": false,"Index Name": "idx_supplier_nation_key","Startup Cost": 0.00,"Total Cost": 7.29,"Plan Rows": 400,"Plan Width": 0,"Actual Startup Time": 0.082,"Actual Total Time": 0.086,"Actual Rows": 376,"Actual Loops": 1,"Index Cond": "(s_nationkey = nation_1.n_nationkey)"}]}]},{"Node Type": "Index Scan","Parent Relationship": "Inner","Parallel Aware": false,"Async Capable": false,"Scan Direction": "Forward","Index Name": "idx_partsupp_suppkey","Relation Name": "partsupp","Alias": "partsupp_1","Startup Cost": 0.42,"Total Cost": 9.07,"Plan Rows": 80,"Plan Width": 14,"Actual Startup Time": 0.014,"Actual Total Time": 0.288,"Actual Rows": 80,"Actual Loops": 376,"Index Cond": "(ps_suppkey = supplier_1.s_suppkey)","Rows Removed by Index Recheck": 0}]}]},{"Node Type": "Aggregate","Strategy": "Hashed","Partial Mode": "Simple","Parent Relationship": "Outer","Parallel Aware": false,"Async Capable": false,"Startup Cost": 4514.26,"Total Cost": 4994.26,"Plan Rows": 10667,"Plan Width": 36,"Actual Startup Time": 346.893,"Actual Total Time": 413.082,"Actual Rows": 1217,"Actual Loops": 1,"Group Key": ["partsupp.ps_partkey"],"Filter": "(sum((partsupp.ps_supplycost * (partsupp.ps_availqty)::numeric)) > $2)","Planned Partitions": 0,"HashAgg Batches": 1,"Peak Memory Usage": 17937,"Disk Usage": 0,"Rows Removed by Filter": 27288,"Plans": [{"Node Type": "Nested Loop","Parent Relationship": "Outer","Parallel Aware": false,"Async Capable": false,"Join Type": "Inner","Startup Cost": 7.81,"Total Cost": 4194.26,"Plan Rows": 32000,"Plan Width": 14,"Actual Startup Time": 0.423,"Actual Total Time": 185.679,"Actual Rows": 30080,"Actual Loops": 1,"Inner Unique": false,"Plans": [{"Node Type": "Nested Loop","Parent Relationship": "Outer","Parallel Aware": false,"Async Capable": false,"Join Type": "Inner","Startup Cost": 7.38,"Total Cost": 244.58,"Plan Rows": 400,"Plan Width": 4,"Actual Startup Time": 0.359,"Actual Total Time": 2.922,"Actual Rows": 376,"Actual Loops": 1,"Inner Unique": false,"Plans": [{"Node Type": "Seq Scan","Parent Relationship": "Outer","Parallel Aware": false,"Async Capable": false,"Relation Name": "nation","Alias": "nation","Startup Cost": 0.00,"Total Cost": 1.31,"Plan Rows": 1,"Plan Width": 4,"Actual Startup Time": 0.084,"Actual Total Time": 0.113,"Actual Rows": 1,"Actual Loops": 1,"Filter": "(n_name = 'KENYA'::bpchar)","Rows Removed by Filter": 24},{"Node Type": "Bitmap Heap Scan","Parent Relationship": "Inner","Parallel Aware": false,"Async Capable": false,"Relation Name": "supplier","Alias": "supplier","Startup Cost": 7.38,"Total Cost": 239.27,"Plan Rows": 400,"Plan Width": 8,"Actual Startup Time": 0.263,"Actual Total Time": 2.758,"Actual Rows": 376,"Actual Loops": 1,"Recheck Cond": "(s_nationkey = nation.n_nationkey)","Rows Removed by Index Recheck": 0,"Exact Heap Blocks": 179,"Lossy Heap Blocks": 0,"Plans": [{"Node Type": "Bitmap Index Scan","Parent Relationship": "Outer","Parallel Aware": false,"Async Capable": false,"Index Name": "idx_supplier_nation_key","Startup Cost": 0.00,"Total Cost": 7.29,"Plan Rows": 400,"Plan Width": 0,"Actual Startup Time": 0.183,"Actual Total Time": 0.184,"Actual Rows": 376,"Actual Loops": 1,"Index Cond": "(s_nationkey = nation.n_nationkey)"}]}]},{"Node Type": "Index Scan","Parent Relationship": "Inner","Parallel Aware": false,"Async Capable": false,"Scan Direction": "Forward","Index Name": "idx_partsupp_suppkey","Relation Name": "partsupp","Alias": "partsupp","Startup Cost": 0.42,"Total Cost": 9.07,"Plan Rows": 80,"Plan Width": 18,"Actual Startup Time": 0.018,"Actual Total Time": 0.474,"Actual Rows": 80,"Actual Loops": 376,"Index Cond": "(ps_suppkey = supplier.s_suppkey)","Rows Removed by Index Recheck": 0}]}]}]},"Planning Time": 5.474,"Triggers": [],"Execution Time": 416.886}]
[{"Plan": {"Node Type": "Sort","Parallel Aware": false,"Async Capable": false,"Startup Cost": 10142.20,"Total Cost": 10168.87,"Plan Rows": 10667,"Plan Width": 36,"Actual Startup Time": 454.370,"Actual Total Time": 454.495,"Actual Rows": 925,"Actual Loops": 1,"Sort Key": ["(sum((partsupp.ps_supplycost * (partsupp.ps_availqty)::numeric))) DESC"],"Sort Method": "quicksort","Sort Space Used": 75,"Sort Space Type": "Memory","Plans": [{"Node Type": "Aggregate","Strategy": "Plain","Partial Mode": "Simple","Parent Relationship": "InitPlan","Subplan Name": "InitPlan 1 (returns $2)","Parallel Aware": false,"Async Capable": false,"Startup Cost": 4434.26,"Total Cost": 4434.27,"Plan Rows": 1,"Plan Width": 32,"Actual Startup Time": 135.908,"Actual Total Time": 135.923,"Actual Rows": 1,"Actual Loops": 1,"Plans": [{"Node Type": "Nested Loop","Parent Relationship": "Outer","Parallel Aware": false,"Async Capable": false,"Join Type": "Inner","Startup Cost": 7.81,"Total Cost": 4194.26,"Plan Rows": 32000,"Plan Width": 10,"Actual Startup Time": 0.237,"Actual Total Time": 128.564,"Actual Rows": 31840,"Actual Loops": 1,"Inner Unique": false,"Plans": [{"Node Type": "Nested Loop","Parent Relationship": "Outer","Parallel Aware": false,"Async Capable": false,"Join Type": "Inner","Startup Cost": 7.38,"Total Cost": 244.58,"Plan Rows": 400,"Plan Width": 4,"Actual Startup Time": 0.190,"Actual Total Time": 1.776,"Actual Rows": 398,"Actual Loops": 1,"Inner Unique": false,"Plans": [{"Node Type": "Seq Scan","Parent Relationship": "Outer","Parallel Aware": false,"Async Capable": false,"Relation Name": "nation","Alias": "nation_1","Startup Cost": 0.00,"Total Cost": 1.31,"Plan Rows": 1,"Plan Width": 4,"Actual Startup Time": 0.045,"Actual Total Time": 0.060,"Actual Rows": 1,"Actual Loops": 1,"Filter": "(n_name = 'ROMANIA'::bpchar)","Rows Removed by Filter": 24},{"Node Type": "Bitmap Heap Scan","Parent Relationship": "Inner","Parallel Aware": false,"Async Capable": false,"Relation Name": "supplier","Alias": "supplier_1","Startup Cost": 7.38,"Total Cost": 239.27,"Plan Rows": 400,"Plan Width": 8,"Actual Startup Time": 0.127,"Actual Total Time": 1.656,"Actual Rows": 398,"Actual Loops": 1,"Recheck Cond": "(s_nationkey = nation_1.n_nationkey)","Rows Removed by Index Recheck": 0,"Exact Heap Blocks": 186,"Lossy Heap Blocks": 0,"Plans": [{"Node Type": "Bitmap Index Scan","Parent Relationship": "Outer","Parallel Aware": false,"Async Capable": false,"Index Name": "idx_supplier_nation_key","Startup Cost": 0.00,"Total Cost": 7.29,"Plan Rows": 400,"Plan Width": 0,"Actual Startup Time": 0.081,"Actual Total Time": 0.084,"Actual Rows": 398,"Actual Loops": 1,"Index Cond": "(s_nationkey = nation_1.n_nationkey)"}]}]},{"Node Type": "Index Scan","Parent Relationship": "Inner","Parallel Aware": false,"Async Capable": false,"Scan Direction": "Forward","Index Name": "idx_partsupp_suppkey","Relation Name": "partsupp","Alias": "partsupp_1","Startup Cost": 0.42,"Total Cost": 9.07,"Plan Rows": 80,"Plan Width": 14,"Actual Startup Time": 0.015,"Actual Total Time": 0.306,"Actual Rows": 80,"Actual Loops": 398,"Index Cond": "(ps_suppkey = supplier_1.s_suppkey)","Rows Removed by Index Recheck": 0}]}]},{"Node Type": "Aggregate","Strategy": "Hashed","Partial Mode": "Simple","Parent Relationship": "Outer","Parallel Aware": false,"Async Capable": false,"Startup Cost": 4514.26,"Total Cost": 4994.26,"Plan Rows": 10667,"Plan Width": 36,"Actual Startup Time": 383.049,"Actual Total Time": 453.972,"Actual Rows": 925,"Actual Loops": 1,"Group Key": ["partsupp.ps_partkey"],"Filter": "(sum((partsupp.ps_supplycost * (partsupp.ps_availqty)::numeric)) > $2)","Planned Partitions": 0,"HashAgg Batches": 1,"Peak Memory Usage": 17937,"Disk Usage": 0,"Rows Removed by Filter": 29106,"Plans": [{"Node Type": "Nested Loop","Parent Relationship": "Outer","Parallel Aware": false,"Async Capable": false,"Join Type": "Inner","Startup Cost": 7.81,"Total Cost": 4194.26,"Plan Rows": 32000,"Plan Width": 14,"Actual Startup Time": 0.324,"Actual Total Time": 197.326,"Actual Rows": 31840,"Actual Loops": 1,"Inner Unique": false,"Plans": [{"Node Type": "Nested Loop","Parent Relationship": "Outer","Parallel Aware": false,"Async Capable": false,"Join Type": "Inner","Startup Cost": 7.38,"Total Cost": 244.58,"Plan Rows": 400,"Plan Width": 4,"Actual Startup Time": 0.245,"Actual Total Time": 2.763,"Actual Rows": 398,"Actual Loops": 1,"Inner Unique": false,"Plans": [{"Node Type": "Seq Scan","Parent Relationship": "Outer","Parallel Aware": false,"Async Capable": false,"Relation Name": "nation","Alias": "nation","Startup Cost": 0.00,"Total Cost": 1.31,"Plan Rows": 1,"Plan Width": 4,"Actual Startup Time": 0.070,"Actual Total Time": 0.094,"Actual Rows": 1,"Actual Loops": 1,"Filter": "(n_name = 'ROMANIA'::bpchar)","Rows Removed by Filter": 24},{"Node Type": "Bitmap Heap Scan","Parent Relationship": "Inner","Parallel Aware": false,"Async Capable": false,"Relation Name": "supplier","Alias": "supplier","Startup Cost": 7.38,"Total Cost": 239.27,"Plan Rows": 400,"Plan Width": 8,"Actual Startup Time": 0.167,"Actual Total Time": 2.613,"Actual Rows": 398,"Actual Loops": 1,"Recheck Cond": "(s_nationkey = nation.n_nationkey)","Rows Removed by Index Recheck": 0,"Exact Heap Blocks": 186,"Lossy Heap Blocks": 0,"Plans": [{"Node Type": "Bitmap Index Scan","Parent Relationship": "Outer","Parallel Aware": false,"Async Capable": false,"Index Name": "idx_supplier_nation_key","Startup Cost": 0.00,"Total Cost": 7.29,"Plan Rows": 400,"Plan Width": 0,"Actual Startup Time": 0.108,"Actual Total Time": 0.110,"Actual Rows": 398,"Actual Loops": 1,"Index Cond": "(s_nationkey = nation.n_nationkey)"}]}]},{"Node Type": "Index Scan","Parent Relationship": "Inner","Parallel Aware": false,"Async Capable": false,"Scan Direction": "Forward","Index Name": "idx_partsupp_suppkey","Relation Name": "partsupp","Alias": "partsupp","Startup Cost": 0.42,"Total Cost": 9.07,"Plan Rows": 80,"Plan Width": 18,"Actual Startup Time": 0.020,"Actual Total Time": 0.477,"Actual Rows": 80,"Actual Loops": 398,"Index Cond": "(ps_suppkey = supplier.s_suppkey)","Rows Removed by Index Recheck": 0}]}]}]},"Planning Time": 5.113,"Triggers": [],"Execution Time": 456.866}]
[{"Plan": {"Node Type": "Sort","Parallel Aware": false,"Async Capable": false,"Startup Cost": 10142.20,"Total Cost": 10168.87,"Plan Rows": 10667,"Plan Width": 36,"Actual Startup Time": 454.370,"Actual Total Time": 454.495,"Actual Rows": 925,"Actual Loops": 1,"Sort Key": ["(sum((partsupp.ps_supplycost * (partsupp.ps_availqty)::numeric))) DESC"],"Sort Method": "quicksort","Sort Space Used": 75,"Sort Space Type": "Memory","Plans": [{"Node Type": "Aggregate","Strategy": "Plain","Partial Mode": "Simple","Parent Relationship": "InitPlan","Subplan Name": "InitPlan 1 (returns $2)","Parallel Aware": false,"Async Capable": false,"Startup Cost": 4434.26,"Total Cost": 4434.27,"Plan Rows": 1,"Plan Width": 32,"Actual Startup Time": 135.908,"Actual Total Time": 135.923,"Actual Rows": 1,"Actual Loops": 1,"Plans": [{"Node Type": "Nested Loop","Parent Relationship": "Outer","Parallel Aware": false,"Async Capable": false,"Join Type": "Inner","Startup Cost": 7.81,"Total Cost": 4194.26,"Plan Rows": 32000,"Plan Width": 10,"Actual Startup Time": 0.237,"Actual Total Time": 128.564,"Actual Rows": 31840,"Actual Loops": 1,"Inner Unique": false,"Plans": [{"Node Type": "Nested Loop","Parent Relationship": "Outer","Parallel Aware": false,"Async Capable": false,"Join Type": "Inner","Startup Cost": 7.38,"Total Cost": 244.58,"Plan Rows": 400,"Plan Width": 4,"Actual Startup Time": 0.190,"Actual Total Time": 1.776,"Actual Rows": 398,"Actual Loops": 1,"Inner Unique": false,"Plans": [{"Node Type": "Seq Scan","Parent Relationship": "Outer","Parallel Aware": false,"Async Capable": false,"Relation Name": "nation","Alias": "nation_1","Startup Cost": 0.00,"Total Cost": 1.31,"Plan Rows": 1,"Plan Width": 4,"Actual Startup Time": 0.045,"Actual Total Time": 0.060,"Actual Rows": 1,"Actual Loops": 1,"Filter": "(n_name = 'ROMANIA'::bpchar)","Rows Removed by Filter": 24},{"Node Type": "Bitmap Heap Scan","Parent Relationship": "Inner","Parallel Aware": false,"Async Capable": false,"Relation Name": "supplier","Alias": "supplier_1","Startup Cost": 7.38,"Total Cost": 239.27,"Plan Rows": 400,"Plan Width": 8,"Actual Startup Time": 0.127,"Actual Total Time": 1.656,"Actual Rows": 398,"Actual Loops": 1,"Recheck Cond": "(s_nationkey = nation_1.n_nationkey)","Rows Removed by Index Recheck": 0,"Exact Heap Blocks": 186,"Lossy Heap Blocks": 0,"Plans": [{"Node Type": "Bitmap Index Scan","Parent Relationship": "Outer","Parallel Aware": false,"Async Capable": false,"Index Name": "idx_supplier_nation_key","Startup Cost": 0.00,"Total Cost": 7.29,"Plan Rows": 400,"Plan Width": 0,"Actual Startup Time": 0.081,"Actual Total Time": 0.084,"Actual Rows": 398,"Actual Loops": 1,"Index Cond": "(s_nationkey = nation_1.n_nationkey)"}]}]},{"Node Type": "Index Scan","Parent Relationship": "Inner","Parallel Aware": false,"Async Capable": false,"Scan Direction": "Forward","Index Name": "idx_partsupp_suppkey","Relation Name": "partsupp","Alias": "partsupp_1","Startup Cost": 0.42,"Total Cost": 9.07,"Plan Rows": 80,"Plan Width": 14,"Actual Startup Time": 0.015,"Actual Total Time": 0.306,"Actual Rows": 80,"Actual Loops": 398,"Index Cond": "(ps_suppkey = supplier_1.s_suppkey)","Rows Removed by Index Recheck": 0}]}]},{"Node Type": "Aggregate","Strategy": "Hashed","Partial Mode": "Simple","Parent Relationship": "Outer","Parallel Aware": false,"Async Capable": false,"Startup Cost": 4514.26,"Total Cost": 4994.26,"Plan Rows": 10667,"Plan Width": 36,"Actual Startup Time": 383.049,"Actual Total Time": 453.972,"Actual Rows": 925,"Actual Loops": 1,"Group Key": ["partsupp.ps_partkey"],"Filter": "(sum((partsupp.ps_supplycost * (partsupp.ps_availqty)::numeric)) > $2)","Planned Partitions": 0,"HashAgg Batches": 1,"Peak Memory Usage": 17937,"Disk Usage": 0,"Rows Removed by Filter": 29106,"Plans": [{"Node Type": "Nested Loop","Parent Relationship": "Outer","Parallel Aware": false,"Async Capable": false,"Join Type": "Inner","Startup Cost": 7.81,"Total Cost": 4194.26,"Plan Rows": 32000,"Plan Width": 14,"Actual Startup Time": 0.324,"Actual Total Time": 197.326,"Actual Rows": 31840,"Actual Loops": 1,"Inner Unique": false,"Plans": [{"Node Type": "Nested Loop","Parent Relationship": "Outer","Parallel Aware": false,"Async Capable": false,"Join Type": "Inner","Startup Cost": 7.38,"Total Cost": 244.58,"Plan Rows": 400,"Plan Width": 4,"Actual Startup Time": 0.245,"Actual Total Time": 2.763,"Actual Rows": 398,"Actual Loops": 1,"Inner Unique": false,"Plans": [{"Node Type": "Seq Scan","Parent Relationship": "Outer","Parallel Aware": false,"Async Capable": false,"Relation Name": "nation","Alias": "nation","Startup Cost": 0.00,"Total Cost": 1.31,"Plan Rows": 1,"Plan Width": 4,"Actual Startup Time": 0.070,"Actual Total Time": 0.094,"Actual Rows": 1,"Actual Loops": 1,"Filter": "(n_name = 'ROMANIA'::bpchar)","Rows Removed by Filter": 24},{"Node Type": "Bitmap Heap Scan","Parent Relationship": "Inner","Parallel Aware": false,"Async Capable": false,"Relation Name": "supplier","Alias": "supplier","Startup Cost": 7.38,"Total Cost": 239.27,"Plan Rows": 400,"Plan Width": 8,"Actual Startup Time": 0.167,"Actual Total Time": 2.613,"Actual Rows": 398,"Actual Loops": 1,"Recheck Cond": "(s_nationkey = nation.n_nationkey)","Rows Removed by Index Recheck": 0,"Exact Heap Blocks": 186,"Lossy Heap Blocks": 0,"Plans": [{"Node Type": "Bitmap Index Scan","Parent Relationship": "Outer","Parallel Aware": false,"Async Capable": false,"Index Name": "idx_supplier_nation_key","Startup Cost": 0.00,"Total Cost": 7.29,"Plan Rows": 400,"Plan Width": 0,"Actual Startup Time": 0.108,"Actual Total Time": 0.110,"Actual Rows": 398,"Actual Loops": 1,"Index Cond": "(s_nationkey = nation.n_nationkey)"}]}]},{"Node Type": "Index Scan","Parent Relationship": "Inner","Parallel Aware": false,"Async Capable": false,"Scan Direction": "Forward","Index Name": "idx_partsupp_suppkey","Relation Name": "partsupp","Alias": "partsupp","Startup Cost": 0.42,"Total Cost": 9.07,"Plan Rows": 80,"Plan Width": 18,"Actual Startup Time": 0.020,"Actual Total Time": 0.477,"Actual Rows": 80,"Actual Loops": 398,"Index Cond": "(ps_suppkey = supplier.s_suppkey)","Rows Removed by Index Recheck": 0}]}]}]},"Planning Time": 5.113,"Triggers": [],"Execution Time": 456.866}]
[{"Plan": {"Node Type": "Sort","Parallel Aware": false,"Async Capable": false,"Startup Cost": 10142.20,"Total Cost": 10168.87,"Plan Rows": 10667,"Plan Width": 36,"Actual Startup Time": 455.847,"Actual Total Time": 455.976,"Actual Rows": 819,"Actual Loops": 1,"Sort Key": ["(sum((partsupp.ps_supplycost * (partsupp.ps_availqty)::numeric))) DESC"],"Sort Method": "quicksort","Sort Space Used": 69,"Sort Space Type": "Memory","Plans": [{"Node Type": "Aggregate","Strategy": "Plain","Partial Mode": "Simple","Parent Relationship": "InitPlan","Subplan Name": "InitPlan 1 (returns $2)","Parallel Aware": false,"Async Capable": false,"Startup Cost": 4434.26,"Total Cost": 4434.27,"Plan Rows": 1,"Plan Width": 32,"Actual Startup Time": 134.080,"Actual Total Time": 134.102,"Actual Rows": 1,"Actual Loops": 1,"Plans": [{"Node Type": "Nested Loop","Parent Relationship": "Outer","Parallel Aware": false,"Async Capable": false,"Join Type": "Inner","Startup Cost": 7.81,"Total Cost": 4194.26,"Plan Rows": 32000,"Plan Width": 10,"Actual Startup Time": 0.218,"Actual Total Time": 126.423,"Actual Rows": 32960,"Actual Loops": 1,"Inner Unique": false,"Plans": [{"Node Type": "Nested Loop","Parent Relationship": "Outer","Parallel Aware": false,"Async Capable": false,"Join Type": "Inner","Startup Cost": 7.38,"Total Cost": 244.58,"Plan Rows": 400,"Plan Width": 4,"Actual Startup Time": 0.177,"Actual Total Time": 1.887,"Actual Rows": 412,"Actual Loops": 1,"Inner Unique": false,"Plans": [{"Node Type": "Seq Scan","Parent Relationship": "Outer","Parallel Aware": false,"Async Capable": false,"Relation Name": "nation","Alias": "nation_1","Startup Cost": 0.00,"Total Cost": 1.31,"Plan Rows": 1,"Plan Width": 4,"Actual Startup Time": 0.040,"Actual Total Time": 0.063,"Actual Rows": 1,"Actual Loops": 1,"Filter": "(n_name = 'CANADA'::bpchar)","Rows Removed by Filter": 24},{"Node Type": "Bitmap Heap Scan","Parent Relationship": "Inner","Parallel Aware": false,"Async Capable": false,"Relation Name": "supplier","Alias": "supplier_1","Startup Cost": 7.38,"Total Cost": 239.27,"Plan Rows": 400,"Plan Width": 8,"Actual Startup Time": 0.119,"Actual Total Time": 1.753,"Actual Rows": 412,"Actual Loops": 1,"Recheck Cond": "(s_nationkey = nation_1.n_nationkey)","Rows Removed by Index Recheck": 0,"Exact Heap Blocks": 189,"Lossy Heap Blocks": 0,"Plans": [{"Node Type": "Bitmap Index Scan","Parent Relationship": "Outer","Parallel Aware": false,"Async Capable": false,"Index Name": "idx_supplier_nation_key","Startup Cost": 0.00,"Total Cost": 7.29,"Plan Rows": 400,"Plan Width": 0,"Actual Startup Time": 0.074,"Actual Total Time": 0.083,"Actual Rows": 412,"Actual Loops": 1,"Index Cond": "(s_nationkey = nation_1.n_nationkey)"}]}]},{"Node Type": "Index Scan","Parent Relationship": "Inner","Parallel Aware": false,"Async Capable": false,"Scan Direction": "Forward","Index Name": "idx_partsupp_suppkey","Relation Name": "partsupp","Alias": "partsupp_1","Startup Cost": 0.42,"Total Cost": 9.07,"Plan Rows": 80,"Plan Width": 14,"Actual Startup Time": 0.014,"Actual Total Time": 0.290,"Actual Rows": 80,"Actual Loops": 412,"Index Cond": "(ps_suppkey = supplier_1.s_suppkey)","Rows Removed by Index Recheck": 0}]}]},{"Node Type": "Aggregate","Strategy": "Hashed","Partial Mode": "Simple","Parent Relationship": "Outer","Parallel Aware": false,"Async Capable": false,"Startup Cost": 4514.26,"Total Cost": 4994.26,"Plan Rows": 10667,"Plan Width": 36,"Actual Startup Time": 380.948,"Actual Total Time": 455.394,"Actual Rows": 819,"Actual Loops": 1,"Group Key": ["partsupp.ps_partkey"],"Filter": "(sum((partsupp.ps_supplycost * (partsupp.ps_availqty)::numeric)) > $2)","Planned Partitions": 0,"HashAgg Batches": 1,"Peak Memory Usage": 17937,"Disk Usage": 0,"Rows Removed by Filter": 30166,"Plans": [{"Node Type": "Nested Loop","Parent Relationship": "Outer","Parallel Aware": false,"Async Capable": false,"Join Type": "Inner","Startup Cost": 7.81,"Total Cost": 4194.26,"Plan Rows": 32000,"Plan Width": 14,"Actual Startup Time": 0.343,"Actual Total Time": 202.198,"Actual Rows": 32960,"Actual Loops": 1,"Inner Unique": false,"Plans": [{"Node Type": "Nested Loop","Parent Relationship": "Outer","Parallel Aware": false,"Async Capable": false,"Join Type": "Inner","Startup Cost": 7.38,"Total Cost": 244.58,"Plan Rows": 400,"Plan Width": 4,"Actual Startup Time": 0.272,"Actual Total Time": 2.740,"Actual Rows": 412,"Actual Loops": 1,"Inner Unique": false,"Plans": [{"Node Type": "Seq Scan","Parent Relationship": "Outer","Parallel Aware": false,"Async Capable": false,"Relation Name": "nation","Alias": "nation","Startup Cost": 0.00,"Total Cost": 1.31,"Plan Rows": 1,"Plan Width": 4,"Actual Startup Time": 0.064,"Actual Total Time": 0.078,"Actual Rows": 1,"Actual Loops": 1,"Filter": "(n_name = 'CANADA'::bpchar)","Rows Removed by Filter": 24},{"Node Type": "Bitmap Heap Scan","Parent Relationship": "Inner","Parallel Aware": false,"Async Capable": false,"Relation Name": "supplier","Alias": "supplier","Startup Cost": 7.38,"Total Cost": 239.27,"Plan Rows": 400,"Plan Width": 8,"Actual Startup Time": 0.203,"Actual Total Time": 2.610,"Actual Rows": 412,"Actual Loops": 1,"Recheck Cond": "(s_nationkey = nation.n_nationkey)","Rows Removed by Index Recheck": 0,"Exact Heap Blocks": 189,"Lossy Heap Blocks": 0,"Plans": [{"Node Type": "Bitmap Index Scan","Parent Relationship": "Outer","Parallel Aware": false,"Async Capable": false,"Index Name": "idx_supplier_nation_key","Startup Cost": 0.00,"Total Cost": 7.29,"Plan Rows": 400,"Plan Width": 0,"Actual Startup Time": 0.140,"Actual Total Time": 0.142,"Actual Rows": 412,"Actual Loops": 1,"Index Cond": "(s_nationkey = nation.n_nationkey)"}]}]},{"Node Type": "Index Scan","Parent Relationship": "Inner","Parallel Aware": false,"Async Capable": false,"Scan Direction": "Forward","Index Name": "idx_partsupp_suppkey","Relation Name": "partsupp","Alias": "partsupp","Startup Cost": 0.42,"Total Cost": 9.07,"Plan Rows": 80,"Plan Width": 18,"Actual Startup Time": 0.019,"Actual Total Time": 0.472,"Actual Rows": 80,"Actual Loops": 412,"Index Cond": "(ps_suppkey = supplier.s_suppkey)","Rows Removed by Index Recheck": 0}]}]}]},"Planning Time": 7.565,"Triggers": [],"Execution Time": 459.165}]
[{"Plan": {"Node Type": "Sort","Parallel Aware": false,"Async Capable": false,"Startup Cost": 10142.20,"Total Cost": 10168.87,"Plan Rows": 10667,"Plan Width": 36,"Actual Startup Time": 464.748,"Actual Total Time": 464.880,"Actual Rows": 665,"Actual Loops": 1,"Sort Key": ["(sum((partsupp.ps_supplycost * (partsupp.ps_availqty)::numeric))) DESC"],"Sort Method": "quicksort","Sort Space Used": 61,"Sort Space Type": "Memory","Plans": [{"Node Type": "Aggregate","Strategy": "Plain","Partial Mode": "Simple","Parent Relationship": "InitPlan","Subplan Name": "InitPlan 1 (returns $2)","Parallel Aware": false,"Async Capable": false,"Startup Cost": 4434.26,"Total Cost": 4434.27,"Plan Rows": 1,"Plan Width": 32,"Actual Startup Time": 134.444,"Actual Total Time": 134.478,"Actual Rows": 1,"Actual Loops": 1,"Plans": [{"Node Type": "Nested Loop","Parent Relationship": "Outer","Parallel Aware": false,"Async Capable": false,"Join Type": "Inner","Startup Cost": 7.81,"Total Cost": 4194.26,"Plan Rows": 32000,"Plan Width": 10,"Actual Startup Time": 0.195,"Actual Total Time": 126.758,"Actual Rows": 33600,"Actual Loops": 1,"Inner Unique": false,"Plans": [{"Node Type": "Nested Loop","Parent Relationship": "Outer","Parallel Aware": false,"Async Capable": false,"Join Type": "Inner","Startup Cost": 7.38,"Total Cost": 244.58,"Plan Rows": 400,"Plan Width": 4,"Actual Startup Time": 0.143,"Actual Total Time": 1.895,"Actual Rows": 420,"Actual Loops": 1,"Inner Unique": false,"Plans": [{"Node Type": "Seq Scan","Parent Relationship": "Outer","Parallel Aware": false,"Async Capable": false,"Relation Name": "nation","Alias": "nation_1","Startup Cost": 0.00,"Total Cost": 1.31,"Plan Rows": 1,"Plan Width": 4,"Actual Startup Time": 0.024,"Actual Total Time": 0.046,"Actual Rows": 1,"Actual Loops": 1,"Filter": "(n_name = 'ALGERIA'::bpchar)","Rows Removed by Filter": 24},{"Node Type": "Bitmap Heap Scan","Parent Relationship": "Inner","Parallel Aware": false,"Async Capable": false,"Relation Name": "supplier","Alias": "supplier_1","Startup Cost": 7.38,"Total Cost": 239.27,"Plan Rows": 400,"Plan Width": 8,"Actual Startup Time": 0.107,"Actual Total Time": 1.788,"Actual Rows": 420,"Actual Loops": 1,"Recheck Cond": "(s_nationkey = nation_1.n_nationkey)","Rows Removed by Index Recheck": 0,"Exact Heap Blocks": 197,"Lossy Heap Blocks": 0,"Plans": [{"Node Type": "Bitmap Index Scan","Parent Relationship": "Outer","Parallel Aware": false,"Async Capable": false,"Index Name": "idx_supplier_nation_key","Startup Cost": 0.00,"Total Cost": 7.29,"Plan Rows": 400,"Plan Width": 0,"Actual Startup Time": 0.069,"Actual Total Time": 0.076,"Actual Rows": 420,"Actual Loops": 1,"Index Cond": "(s_nationkey = nation_1.n_nationkey)"}]}]},{"Node Type": "Index Scan","Parent Relationship": "Inner","Parallel Aware": false,"Async Capable": false,"Scan Direction": "Forward","Index Name": "idx_partsupp_suppkey","Relation Name": "partsupp","Alias": "partsupp_1","Startup Cost": 0.42,"Total Cost": 9.07,"Plan Rows": 80,"Plan Width": 14,"Actual Startup Time": 0.014,"Actual Total Time": 0.285,"Actual Rows": 80,"Actual Loops": 420,"Index Cond": "(ps_suppkey = supplier_1.s_suppkey)","Rows Removed by Index Recheck": 0}]}]},{"Node Type": "Aggregate","Strategy": "Hashed","Partial Mode": "Simple","Parent Relationship": "Outer","Parallel Aware": false,"Async Capable": false,"Startup Cost": 4514.26,"Total Cost": 4994.26,"Plan Rows": 10667,"Plan Width": 36,"Actual Startup Time": 388.152,"Actual Total Time": 464.346,"Actual Rows": 665,"Actual Loops": 1,"Group Key": ["partsupp.ps_partkey"],"Filter": "(sum((partsupp.ps_supplycost * (partsupp.ps_availqty)::numeric)) > $2)","Planned Partitions": 0,"HashAgg Batches": 1,"Peak Memory Usage": 17937,"Disk Usage": 0,"Rows Removed by Filter": 30920,"Plans": [{"Node Type": "Nested Loop","Parent Relationship": "Outer","Parallel Aware": false,"Async Capable": false,"Join Type": "Inner","Startup Cost": 7.81,"Total Cost": 4194.26,"Plan Rows": 32000,"Plan Width": 14,"Actual Startup Time": 0.388,"Actual Total Time": 207.629,"Actual Rows": 33600,"Actual Loops": 1,"Inner Unique": false,"Plans": [{"Node Type": "Nested Loop","Parent Relationship": "Outer","Parallel Aware": false,"Async Capable": false,"Join Type": "Inner","Startup Cost": 7.38,"Total Cost": 244.58,"Plan Rows": 400,"Plan Width": 4,"Actual Startup Time": 0.274,"Actual Total Time": 2.984,"Actual Rows": 420,"Actual Loops": 1,"Inner Unique": false,"Plans": [{"Node Type": "Seq Scan","Parent Relationship": "Outer","Parallel Aware": false,"Async Capable": false,"Relation Name": "nation","Alias": "nation","Startup Cost": 0.00,"Total Cost": 1.31,"Plan Rows": 1,"Plan Width": 4,"Actual Startup Time": 0.081,"Actual Total Time": 0.099,"Actual Rows": 1,"Actual Loops": 1,"Filter": "(n_name = 'ALGERIA'::bpchar)","Rows Removed by Filter": 24},{"Node Type": "Bitmap Heap Scan","Parent Relationship": "Inner","Parallel Aware": false,"Async Capable": false,"Relation Name": "supplier","Alias": "supplier","Startup Cost": 7.38,"Total Cost": 239.27,"Plan Rows": 400,"Plan Width": 8,"Actual Startup Time": 0.184,"Actual Total Time": 2.823,"Actual Rows": 420,"Actual Loops": 1,"Recheck Cond": "(s_nationkey = nation.n_nationkey)","Rows Removed by Index Recheck": 0,"Exact Heap Blocks": 197,"Lossy Heap Blocks": 0,"Plans": [{"Node Type": "Bitmap Index Scan","Parent Relationship": "Outer","Parallel Aware": false,"Async Capable": false,"Index Name": "idx_supplier_nation_key","Startup Cost": 0.00,"Total Cost": 7.29,"Plan Rows": 400,"Plan Width": 0,"Actual Startup Time": 0.105,"Actual Total Time": 0.106,"Actual Rows": 420,"Actual Loops": 1,"Index Cond": "(s_nationkey = nation.n_nationkey)"}]}]},{"Node Type": "Index Scan","Parent Relationship": "Inner","Parallel Aware": false,"Async Capable": false,"Scan Direction": "Forward","Index Name": "idx_partsupp_suppkey","Relation Name": "partsupp","Alias": "partsupp","Startup Cost": 0.42,"Total Cost": 9.07,"Plan Rows": 80,"Plan Width": 18,"Actual Startup Time": 0.019,"Actual Total Time": 0.475,"Actual Rows": 80,"Actual Loops": 420,"Index Cond": "(ps_suppkey = supplier.s_suppkey)","Rows Removed by Index Recheck": 0}]}]}]},"Planning Time": 6.930,"Triggers": [],"Execution Time": 468.122}]
[{"Plan": {"Node Type": "Sort","Parallel Aware": false,"Async Capable": false,"Startup Cost": 10142.20,"Total Cost": 10168.87,"Plan Rows": 10667,"Plan Width": 36,"Actual Startup Time": 455.847,"Actual Total Time": 455.976,"Actual Rows": 819,"Actual Loops": 1,"Sort Key": ["(sum((partsupp.ps_supplycost * (partsupp.ps_availqty)::numeric))) DESC"],"Sort Method": "quicksort","Sort Space Used": 69,"Sort Space Type": "Memory","Plans": [{"Node Type": "Aggregate","Strategy": "Plain","Partial Mode": "Simple","Parent Relationship": "InitPlan","Subplan Name": "InitPlan 1 (returns $2)","Parallel Aware": false,"Async Capable": false,"Startup Cost": 4434.26,"Total Cost": 4434.27,"Plan Rows": 1,"Plan Width": 32,"Actual Startup Time": 134.080,"Actual Total Time": 134.102,"Actual Rows": 1,"Actual Loops": 1,"Plans": [{"Node Type": "Nested Loop","Parent Relationship": "Outer","Parallel Aware": false,"Async Capable": false,"Join Type": "Inner","Startup Cost": 7.81,"Total Cost": 4194.26,"Plan Rows": 32000,"Plan Width": 10,"Actual Startup Time": 0.218,"Actual Total Time": 126.423,"Actual Rows": 32960,"Actual Loops": 1,"Inner Unique": false,"Plans": [{"Node Type": "Nested Loop","Parent Relationship": "Outer","Parallel Aware": false,"Async Capable": false,"Join Type": "Inner","Startup Cost": 7.38,"Total Cost": 244.58,"Plan Rows": 400,"Plan Width": 4,"Actual Startup Time": 0.177,"Actual Total Time": 1.887,"Actual Rows": 412,"Actual Loops": 1,"Inner Unique": false,"Plans": [{"Node Type": "Seq Scan","Parent Relationship": "Outer","Parallel Aware": false,"Async Capable": false,"Relation Name": "nation","Alias": "nation_1","Startup Cost": 0.00,"Total Cost": 1.31,"Plan Rows": 1,"Plan Width": 4,"Actual Startup Time": 0.040,"Actual Total Time": 0.063,"Actual Rows": 1,"Actual Loops": 1,"Filter": "(n_name = 'CANADA'::bpchar)","Rows Removed by Filter": 24},{"Node Type": "Bitmap Heap Scan","Parent Relationship": "Inner","Parallel Aware": false,"Async Capable": false,"Relation Name": "supplier","Alias": "supplier_1","Startup Cost": 7.38,"Total Cost": 239.27,"Plan Rows": 400,"Plan Width": 8,"Actual Startup Time": 0.119,"Actual Total Time": 1.753,"Actual Rows": 412,"Actual Loops": 1,"Recheck Cond": "(s_nationkey = nation_1.n_nationkey)","Rows Removed by Index Recheck": 0,"Exact Heap Blocks": 189,"Lossy Heap Blocks": 0,"Plans": [{"Node Type": "Bitmap Index Scan","Parent Relationship": "Outer","Parallel Aware": false,"Async Capable": false,"Index Name": "idx_supplier_nation_key","Startup Cost": 0.00,"Total Cost": 7.29,"Plan Rows": 400,"Plan Width": 0,"Actual Startup Time": 0.074,"Actual Total Time": 0.083,"Actual Rows": 412,"Actual Loops": 1,"Index Cond": "(s_nationkey = nation_1.n_nationkey)"}]}]},{"Node Type": "Index Scan","Parent Relationship": "Inner","Parallel Aware": false,"Async Capable": false,"Scan Direction": "Forward","Index Name": "idx_partsupp_suppkey","Relation Name": "partsupp","Alias": "partsupp_1","Startup Cost": 0.42,"Total Cost": 9.07,"Plan Rows": 80,"Plan Width": 14,"Actual Startup Time": 0.014,"Actual Total Time": 0.290,"Actual Rows": 80,"Actual Loops": 412,"Index Cond": "(ps_suppkey = supplier_1.s_suppkey)","Rows Removed by Index Recheck": 0}]}]},{"Node Type": "Aggregate","Strategy": "Hashed","Partial Mode": "Simple","Parent Relationship": "Outer","Parallel Aware": false,"Async Capable": false,"Startup Cost": 4514.26,"Total Cost": 4994.26,"Plan Rows": 10667,"Plan Width": 36,"Actual Startup Time": 380.948,"Actual Total Time": 455.394,"Actual Rows": 819,"Actual Loops": 1,"Group Key": ["partsupp.ps_partkey"],"Filter": "(sum((partsupp.ps_supplycost * (partsupp.ps_availqty)::numeric)) > $2)","Planned Partitions": 0,"HashAgg Batches": 1,"Peak Memory Usage": 17937,"Disk Usage": 0,"Rows Removed by Filter": 30166,"Plans": [{"Node Type": "Nested Loop","Parent Relationship": "Outer","Parallel Aware": false,"Async Capable": false,"Join Type": "Inner","Startup Cost": 7.81,"Total Cost": 4194.26,"Plan Rows": 32000,"Plan Width": 14,"Actual Startup Time": 0.343,"Actual Total Time": 202.198,"Actual Rows": 32960,"Actual Loops": 1,"Inner Unique": false,"Plans": [{"Node Type": "Nested Loop","Parent Relationship": "Outer","Parallel Aware": false,"Async Capable": false,"Join Type": "Inner","Startup Cost": 7.38,"Total Cost": 244.58,"Plan Rows": 400,"Plan Width": 4,"Actual Startup Time": 0.272,"Actual Total Time": 2.740,"Actual Rows": 412,"Actual Loops": 1,"Inner Unique": false,"Plans": [{"Node Type": "Seq Scan","Parent Relationship": "Outer","Parallel Aware": false,"Async Capable": false,"Relation Name": "nation","Alias": "nation","Startup Cost": 0.00,"Total Cost": 1.31,"Plan Rows": 1,"Plan Width": 4,"Actual Startup Time": 0.064,"Actual Total Time": 0.078,"Actual Rows": 1,"Actual Loops": 1,"Filter": "(n_name = 'CANADA'::bpchar)","Rows Removed by Filter": 24},{"Node Type": "Bitmap Heap Scan","Parent Relationship": "Inner","Parallel Aware": false,"Async Capable": false,"Relation Name": "supplier","Alias": "supplier","Startup Cost": 7.38,"Total Cost": 239.27,"Plan Rows": 400,"Plan Width": 8,"Actual Startup Time": 0.203,"Actual Total Time": 2.610,"Actual Rows": 412,"Actual Loops": 1,"Recheck Cond": "(s_nationkey = nation.n_nationkey)","Rows Removed by Index Recheck": 0,"Exact Heap Blocks": 189,"Lossy Heap Blocks": 0,"Plans": [{"Node Type": "Bitmap Index Scan","Parent Relationship": "Outer","Parallel Aware": false,"Async Capable": false,"Index Name": "idx_supplier_nation_key","Startup Cost": 0.00,"Total Cost": 7.29,"Plan Rows": 400,"Plan Width": 0,"Actual Startup Time": 0.140,"Actual Total Time": 0.142,"Actual Rows": 412,"Actual Loops": 1,"Index Cond": "(s_nationkey = nation.n_nationkey)"}]}]},{"Node Type": "Index Scan","Parent Relationship": "Inner","Parallel Aware": false,"Async Capable": false,"Scan Direction": "Forward","Index Name": "idx_partsupp_suppkey","Relation Name": "partsupp","Alias": "partsupp","Startup Cost": 0.42,"Total Cost": 9.07,"Plan Rows": 80,"Plan Width": 18,"Actual Startup Time": 0.019,"Actual Total Time": 0.472,"Actual Rows": 80,"Actual Loops": 412,"Index Cond": "(ps_suppkey = supplier.s_suppkey)","Rows Removed by Index Recheck": 0}]}]}]},"Planning Time": 7.565,"Triggers": [],"Execution Time": 459.165}]
[{"Plan": {"Node Type": "Sort","Parallel Aware": false,"Async Capable": false,"Startup Cost": 10142.20,"Total Cost": 10168.87,"Plan Rows": 10667,"Plan Width": 36,"Actual Startup Time": 400.788,"Actual Total Time": 400.942,"Actual Rows": 1469,"Actual Loops": 1,"Sort Key": ["(sum((partsupp.ps_supplycost * (partsupp.ps_availqty)::numeric))) DESC"],"Sort Method": "quicksort","Sort Space Used": 129,"Sort Space Type": "Memory","Plans": [{"Node Type": "Aggregate","Strategy": "Plain","Partial Mode": "Simple","Parent Relationship": "InitPlan","Subplan Name": "InitPlan 1 (returns $2)","Parallel Aware": false,"Async Capable": false,"Startup Cost": 4434.26,"Total Cost": 4434.27,"Plan Rows": 1,"Plan Width": 32,"Actual Startup Time": 117.250,"Actual Total Time": 117.272,"Actual Rows": 1,"Actual Loops": 1,"Plans": [{"Node Type": "Nested Loop","Parent Relationship": "Outer","Parallel Aware": false,"Async Capable": false,"Join Type": "Inner","Startup Cost": 7.81,"Total Cost": 4194.26,"Plan Rows": 32000,"Plan Width": 10,"Actual Startup Time": 0.216,"Actual Total Time": 110.575,"Actual Rows": 28960,"Actual Loops": 1,"Inner Unique": false,"Plans": [{"Node Type": "Nested Loop","Parent Relationship": "Outer","Parallel Aware": false,"Async Capable": false,"Join Type": "Inner","Startup Cost": 7.38,"Total Cost": 244.58,"Plan Rows": 400,"Plan Width": 4,"Actual Startup Time": 0.161,"Actual Total Time": 1.515,"Actual Rows": 362,"Actual Loops": 1,"Inner Unique": false,"Plans": [{"Node Type": "Seq Scan","Parent Relationship": "Outer","Parallel Aware": false,"Async Capable": false,"Relation Name": "nation","Alias": "nation_1","Startup Cost": 0.00,"Total Cost": 1.31,"Plan Rows": 1,"Plan Width": 4,"Actual Startup Time": 0.032,"Actual Total Time": 0.051,"Actual Rows": 1,"Actual Loops": 1,"Filter": "(n_name = 'JORDAN'::bpchar)","Rows Removed by Filter": 24},{"Node Type": "Bitmap Heap Scan","Parent Relationship": "Inner","Parallel Aware": false,"Async Capable": false,"Relation Name": "supplier","Alias": "supplier_1","Startup Cost": 7.38,"Total Cost": 239.27,"Plan Rows": 400,"Plan Width": 8,"Actual Startup Time": 0.117,"Actual Total Time": 1.415,"Actual Rows": 362,"Actual Loops": 1,"Recheck Cond": "(s_nationkey = nation_1.n_nationkey)","Rows Removed by Index Recheck": 0,"Exact Heap Blocks": 166,"Lossy Heap Blocks": 0,"Plans": [{"Node Type": "Bitmap Index Scan","Parent Relationship": "Outer","Parallel Aware": false,"Async Capable": false,"Index Name": "idx_supplier_nation_key","Startup Cost": 0.00,"Total Cost": 7.29,"Plan Rows": 400,"Plan Width": 0,"Actual Startup Time": 0.075,"Actual Total Time": 0.079,"Actual Rows": 362,"Actual Loops": 1,"Index Cond": "(s_nationkey = nation_1.n_nationkey)"}]}]},{"Node Type": "Index Scan","Parent Relationship": "Inner","Parallel Aware": false,"Async Capable": false,"Scan Direction": "Forward","Index Name": "idx_partsupp_suppkey","Relation Name": "partsupp","Alias": "partsupp_1","Startup Cost": 0.42,"Total Cost": 9.07,"Plan Rows": 80,"Plan Width": 14,"Actual Startup Time": 0.014,"Actual Total Time": 0.289,"Actual Rows": 80,"Actual Loops": 362,"Index Cond": "(ps_suppkey = supplier_1.s_suppkey)","Rows Removed by Index Recheck": 0}]}]},{"Node Type": "Aggregate","Strategy": "Hashed","Partial Mode": "Simple","Parent Relationship": "Outer","Parallel Aware": false,"Async Capable": false,"Startup Cost": 4514.26,"Total Cost": 4994.26,"Plan Rows": 10667,"Plan Width": 36,"Actual Startup Time": 338.606,"Actual Total Time": 400.138,"Actual Rows": 1469,"Actual Loops": 1,"Group Key": ["partsupp.ps_partkey"],"Filter": "(sum((partsupp.ps_supplycost * (partsupp.ps_availqty)::numeric)) > $2)","Planned Partitions": 0,"HashAgg Batches": 1,"Peak Memory Usage": 17937,"Disk Usage": 0,"Rows Removed by Filter": 25896,"Plans": [{"Node Type": "Nested Loop","Parent Relationship": "Outer","Parallel Aware": false,"Async Capable": false,"Join Type": "Inner","Startup Cost": 7.81,"Total Cost": 4194.26,"Plan Rows": 32000,"Plan Width": 14,"Actual Startup Time": 0.314,"Actual Total Time": 181.118,"Actual Rows": 28960,"Actual Loops": 1,"Inner Unique": false,"Plans": [{"Node Type": "Nested Loop","Parent Relationship": "Outer","Parallel Aware": false,"Async Capable": false,"Join Type": "Inner","Startup Cost": 7.38,"Total Cost": 244.58,"Plan Rows": 400,"Plan Width": 4,"Actual Startup Time": 0.258,"Actual Total Time": 2.692,"Actual Rows": 362,"Actual Loops": 1,"Inner Unique": false,"Plans": [{"Node Type": "Seq Scan","Parent Relationship": "Outer","Parallel Aware": false,"Async Capable": false,"Relation Name": "nation","Alias": "nation","Startup Cost": 0.00,"Total Cost": 1.31,"Plan Rows": 1,"Plan Width": 4,"Actual Startup Time": 0.077,"Actual Total Time": 0.107,"Actual Rows": 1,"Actual Loops": 1,"Filter": "(n_name = 'JORDAN'::bpchar)","Rows Removed by Filter": 24},{"Node Type": "Bitmap Heap Scan","Parent Relationship": "Inner","Parallel Aware": false,"Async Capable": false,"Relation Name": "supplier","Alias": "supplier","Startup Cost": 7.38,"Total Cost": 239.27,"Plan Rows": 400,"Plan Width": 8,"Actual Startup Time": 0.172,"Actual Total Time": 2.539,"Actual Rows": 362,"Actual Loops": 1,"Recheck Cond": "(s_nationkey = nation.n_nationkey)","Rows Removed by Index Recheck": 0,"Exact Heap Blocks": 166,"Lossy Heap Blocks": 0,"Plans": [{"Node Type": "Bitmap Index Scan","Parent Relationship": "Outer","Parallel Aware": false,"Async Capable": false,"Index Name": "idx_supplier_nation_key","Startup Cost": 0.00,"Total Cost": 7.29,"Plan Rows": 400,"Plan Width": 0,"Actual Startup Time": 0.117,"Actual Total Time": 0.118,"Actual Rows": 362,"Actual Loops": 1,"Index Cond": "(s_nationkey = nation.n_nationkey)"}]}]},{"Node Type": "Index Scan","Parent Relationship": "Inner","Parallel Aware": false,"Async Capable": false,"Scan Direction": "Forward","Index Name": "idx_partsupp_suppkey","Relation Name": "partsupp","Alias": "partsupp","Startup Cost": 0.42,"Total Cost": 9.07,"Plan Rows": 80,"Plan Width": 18,"Actual Startup Time": 0.019,"Actual Total Time": 0.481,"Actual Rows": 80,"Actual Loops": 362,"Index Cond": "(ps_suppkey = supplier.s_suppkey)","Rows Removed by Index Recheck": 0}]}]}]},"Planning Time": 6.843,"Triggers": [],"Execution Time": 403.999}]
[{"Plan": {"Node Type": "Sort","Parallel Aware": false,"Async Capable": false,"Startup Cost": 10142.20,"Total Cost": 10168.87,"Plan Rows": 10667,"Plan Width": 36,"Actual Startup Time": 460.724,"Actual Total Time": 460.840,"Actual Rows": 741,"Actual Loops": 1,"Sort Key": ["(sum((partsupp.ps_supplycost * (partsupp.ps_availqty)::numeric))) DESC"],"Sort Method": "quicksort","Sort Space Used": 65,"Sort Space Type": "Memory","Plans": [{"Node Type": "Aggregate","Strategy": "Plain","Partial Mode": "Simple","Parent Relationship": "InitPlan","Subplan Name": "InitPlan 1 (returns $2)","Parallel Aware": false,"Async Capable": false,"Startup Cost": 4434.26,"Total Cost": 4434.27,"Plan Rows": 1,"Plan Width": 32,"Actual Startup Time": 132.110,"Actual Total Time": 132.136,"Actual Rows": 1,"Actual Loops": 1,"Plans": [{"Node Type": "Nested Loop","Parent Relationship": "Outer","Parallel Aware": false,"Async Capable": false,"Join Type": "Inner","Startup Cost": 7.81,"Total Cost": 4194.26,"Plan Rows": 32000,"Plan Width": 10,"Actual Startup Time": 0.212,"Actual Total Time": 124.425,"Actual Rows": 33680,"Actual Loops": 1,"Inner Unique": false,"Plans": [{"Node Type": "Nested Loop","Parent Relationship": "Outer","Parallel Aware": false,"Async Capable": false,"Join Type": "Inner","Startup Cost": 7.38,"Total Cost": 244.58,"Plan Rows": 400,"Plan Width": 4,"Actual Startup Time": 0.146,"Actual Total Time": 1.771,"Actual Rows": 421,"Actual Loops": 1,"Inner Unique": false,"Plans": [{"Node Type": "Seq Scan","Parent Relationship": "Outer","Parallel Aware": false,"Async Capable": false,"Relation Name": "nation","Alias": "nation_1","Startup Cost": 0.00,"Total Cost": 1.31,"Plan Rows": 1,"Plan Width": 4,"Actual Startup Time": 0.036,"Actual Total Time": 0.052,"Actual Rows": 1,"Actual Loops": 1,"Filter": "(n_name = 'PERU'::bpchar)","Rows Removed by Filter": 24},{"Node Type": "Bitmap Heap Scan","Parent Relationship": "Inner","Parallel Aware": false,"Async Capable": false,"Relation Name": "supplier","Alias": "supplier_1","Startup Cost": 7.38,"Total Cost": 239.27,"Plan Rows": 400,"Plan Width": 8,"Actual Startup Time": 0.097,"Actual Total Time": 1.663,"Actual Rows": 421,"Actual Loops": 1,"Recheck Cond": "(s_nationkey = nation_1.n_nationkey)","Rows Removed by Index Recheck": 0,"Exact Heap Blocks": 187,"Lossy Heap Blocks": 0,"Plans": [{"Node Type": "Bitmap Index Scan","Parent Relationship": "Outer","Parallel Aware": false,"Async Capable": false,"Index Name": "idx_supplier_nation_key","Startup Cost": 0.00,"Total Cost": 7.29,"Plan Rows": 400,"Plan Width": 0,"Actual Startup Time": 0.063,"Actual Total Time": 0.070,"Actual Rows": 421,"Actual Loops": 1,"Index Cond": "(s_nationkey = nation_1.n_nationkey)"}]}]},{"Node Type": "Index Scan","Parent Relationship": "Inner","Parallel Aware": false,"Async Capable": false,"Scan Direction": "Forward","Index Name": "idx_partsupp_suppkey","Relation Name": "partsupp","Alias": "partsupp_1","Startup Cost": 0.42,"Total Cost": 9.07,"Plan Rows": 80,"Plan Width": 14,"Actual Startup Time": 0.014,"Actual Total Time": 0.279,"Actual Rows": 80,"Actual Loops": 421,"Index Cond": "(ps_suppkey = supplier_1.s_suppkey)","Rows Removed by Index Recheck": 0}]}]},{"Node Type": "Aggregate","Strategy": "Hashed","Partial Mode": "Simple","Parent Relationship": "Outer","Parallel Aware": false,"Async Capable": false,"Startup Cost": 4514.26,"Total Cost": 4994.26,"Plan Rows": 10667,"Plan Width": 36,"Actual Startup Time": 384.508,"Actual Total Time": 460.301,"Actual Rows": 741,"Actual Loops": 1,"Group Key": ["partsupp.ps_partkey"],"Filter": "(sum((partsupp.ps_supplycost * (partsupp.ps_availqty)::numeric)) > $2)","Planned Partitions": 0,"HashAgg Batches": 1,"Peak Memory Usage": 17937,"Disk Usage": 0,"Rows Removed by Filter": 30846,"Plans": [{"Node Type": "Nested Loop","Parent Relationship": "Outer","Parallel Aware": false,"Async Capable": false,"Join Type": "Inner","Startup Cost": 7.81,"Total Cost": 4194.26,"Plan Rows": 32000,"Plan Width": 14,"Actual Startup Time": 0.389,"Actual Total Time": 205.243,"Actual Rows": 33680,"Actual Loops": 1,"Inner Unique": false,"Plans": [{"Node Type": "Nested Loop","Parent Relationship": "Outer","Parallel Aware": false,"Async Capable": false,"Join Type": "Inner","Startup Cost": 7.38,"Total Cost": 244.58,"Plan Rows": 400,"Plan Width": 4,"Actual Startup Time": 0.332,"Actual Total Time": 2.785,"Actual Rows": 421,"Actual Loops": 1,"Inner Unique": false,"Plans": [{"Node Type": "Seq Scan","Parent Relationship": "Outer","Parallel Aware": false,"Async Capable": false,"Relation Name": "nation","Alias": "nation","Startup Cost": 0.00,"Total Cost": 1.31,"Plan Rows": 1,"Plan Width": 4,"Actual Startup Time": 0.057,"Actual Total Time": 0.075,"Actual Rows": 1,"Actual Loops": 1,"Filter": "(n_name = 'PERU'::bpchar)","Rows Removed by Filter": 24},{"Node Type": "Bitmap Heap Scan","Parent Relationship": "Inner","Parallel Aware": false,"Async Capable": false,"Relation Name": "supplier","Alias": "supplier","Startup Cost": 7.38,"Total Cost": 239.27,"Plan Rows": 400,"Plan Width": 8,"Actual Startup Time": 0.270,"Actual Total Time": 2.660,"Actual Rows": 421,"Actual Loops": 1,"Recheck Cond": "(s_nationkey = nation.n_nationkey)","Rows Removed by Index Recheck": 0,"Exact Heap Blocks": 187,"Lossy Heap Blocks": 0,"Plans": [{"Node Type": "Bitmap Index Scan","Parent Relationship": "Outer","Parallel Aware": false,"Async Capable": false,"Index Name": "idx_supplier_nation_key","Startup Cost": 0.00,"Total Cost": 7.29,"Plan Rows": 400,"Plan Width": 0,"Actual Startup Time": 0.195,"Actual Total Time": 0.196,"Actual Rows": 421,"Actual Loops": 1,"Index Cond": "(s_nationkey = nation.n_nationkey)"}]}]},{"Node Type": "Index Scan","Parent Relationship": "Inner","Parallel Aware": false,"Async Capable": false,"Scan Direction": "Forward","Index Name": "idx_partsupp_suppkey","Relation Name": "partsupp","Alias": "partsupp","Startup Cost": 0.42,"Total Cost": 9.07,"Plan Rows": 80,"Plan Width": 18,"Actual Startup Time": 0.018,"Actual Total Time": 0.469,"Actual Rows": 80,"Actual Loops": 421,"Index Cond": "(ps_suppkey = supplier.s_suppkey)","Rows Removed by Index Recheck": 0}]}]}]},"Planning Time": 6.964,"Triggers": [],"Execution Time": 464.153}]
[{"Plan": {"Node Type": "Sort","Parallel Aware": false,"Async Capable": false,"Startup Cost": 10142.20,"Total Cost": 10168.87,"Plan Rows": 10667,"Plan Width": 36,"Actual Startup Time": 452.788,"Actual Total Time": 452.912,"Actual Rows": 869,"Actual Loops": 1,"Sort Key": ["(sum((partsupp.ps_supplycost * (partsupp.ps_availqty)::numeric))) DESC"],"Sort Method": "quicksort","Sort Space Used": 72,"Sort Space Type": "Memory","Plans": [{"Node Type": "Aggregate","Strategy": "Plain","Partial Mode": "Simple","Parent Relationship": "InitPlan","Subplan Name": "InitPlan 1 (returns $2)","Parallel Aware": false,"Async Capable": false,"Startup Cost": 4434.26,"Total Cost": 4434.27,"Plan Rows": 1,"Plan Width": 32,"Actual Startup Time": 133.523,"Actual Total Time": 133.544,"Actual Rows": 1,"Actual Loops": 1,"Plans": [{"Node Type": "Nested Loop","Parent Relationship": "Outer","Parallel Aware": false,"Async Capable": false,"Join Type": "Inner","Startup Cost": 7.81,"Total Cost": 4194.26,"Plan Rows": 32000,"Plan Width": 10,"Actual Startup Time": 0.165,"Actual Total Time": 126.080,"Actual Rows": 32560,"Actual Loops": 1,"Inner Unique": false,"Plans": [{"Node Type": "Nested Loop","Parent Relationship": "Outer","Parallel Aware": false,"Async Capable": false,"Join Type": "Inner","Startup Cost": 7.38,"Total Cost": 244.58,"Plan Rows": 400,"Plan Width": 4,"Actual Startup Time": 0.133,"Actual Total Time": 1.798,"Actual Rows": 407,"Actual Loops": 1,"Inner Unique": false,"Plans": [{"Node Type": "Seq Scan","Parent Relationship": "Outer","Parallel Aware": false,"Async Capable": false,"Relation Name": "nation","Alias": "nation_1","Startup Cost": 0.00,"Total Cost": 1.31,"Plan Rows": 1,"Plan Width": 4,"Actual Startup Time": 0.028,"Actual Total Time": 0.044,"Actual Rows": 1,"Actual Loops": 1,"Filter": "(n_name = 'CHINA'::bpchar)","Rows Removed by Filter": 24},{"Node Type": "Bitmap Heap Scan","Parent Relationship": "Inner","Parallel Aware": false,"Async Capable": false,"Relation Name": "supplier","Alias": "supplier_1","Startup Cost": 7.38,"Total Cost": 239.27,"Plan Rows": 400,"Plan Width": 8,"Actual Startup Time": 0.091,"Actual Total Time": 1.697,"Actual Rows": 407,"Actual Loops": 1,"Recheck Cond": "(s_nationkey = nation_1.n_nationkey)","Rows Removed by Index Recheck": 0,"Exact Heap Blocks": 186,"Lossy Heap Blocks": 0,"Plans": [{"Node Type": "Bitmap Index Scan","Parent Relationship": "Outer","Parallel Aware": false,"Async Capable": false,"Index Name": "idx_supplier_nation_key","Startup Cost": 0.00,"Total Cost": 7.29,"Plan Rows": 400,"Plan Width": 0,"Actual Startup Time": 0.055,"Actual Total Time": 0.061,"Actual Rows": 407,"Actual Loops": 1,"Index Cond": "(s_nationkey = nation_1.n_nationkey)"}]}]},{"Node Type": "Index Scan","Parent Relationship": "Inner","Parallel Aware": false,"Async Capable": false,"Scan Direction": "Forward","Index Name": "idx_partsupp_suppkey","Relation Name": "partsupp","Alias": "partsupp_1","Startup Cost": 0.42,"Total Cost": 9.07,"Plan Rows": 80,"Plan Width": 14,"Actual Startup Time": 0.014,"Actual Total Time": 0.293,"Actual Rows": 80,"Actual Loops": 407,"Index Cond": "(ps_suppkey = supplier_1.s_suppkey)","Rows Removed by Index Recheck": 0}]}]},{"Node Type": "Aggregate","Strategy": "Hashed","Partial Mode": "Simple","Parent Relationship": "Outer","Parallel Aware": false,"Async Capable": false,"Startup Cost": 4514.26,"Total Cost": 4994.26,"Plan Rows": 10667,"Plan Width": 36,"Actual Startup Time": 377.714,"Actual Total Time": 452.344,"Actual Rows": 869,"Actual Loops": 1,"Group Key": ["partsupp.ps_partkey"],"Filter": "(sum((partsupp.ps_supplycost * (partsupp.ps_availqty)::numeric)) > $2)","Planned Partitions": 0,"HashAgg Batches": 1,"Peak Memory Usage": 17937,"Disk Usage": 0,"Rows Removed by Filter": 29770,"Plans": [{"Node Type": "Nested Loop","Parent Relationship": "Outer","Parallel Aware": false,"Async Capable": false,"Join Type": "Inner","Startup Cost": 7.81,"Total Cost": 4194.26,"Plan Rows": 32000,"Plan Width": 14,"Actual Startup Time": 0.336,"Actual Total Time": 203.001,"Actual Rows": 32560,"Actual Loops": 1,"Inner Unique": false,"Plans": [{"Node Type": "Nested Loop","Parent Relationship": "Outer","Parallel Aware": false,"Async Capable": false,"Join Type": "Inner","Startup Cost": 7.38,"Total Cost": 244.58,"Plan Rows": 400,"Plan Width": 4,"Actual Startup Time": 0.273,"Actual Total Time": 2.796,"Actual Rows": 407,"Actual Loops": 1,"Inner Unique": false,"Plans": [{"Node Type": "Seq Scan","Parent Relationship": "Outer","Parallel Aware": false,"Async Capable": false,"Relation Name": "nation","Alias": "nation","Startup Cost": 0.00,"Total Cost": 1.31,"Plan Rows": 1,"Plan Width": 4,"Actual Startup Time": 0.063,"Actual Total Time": 0.079,"Actual Rows": 1,"Actual Loops": 1,"Filter": "(n_name = 'CHINA'::bpchar)","Rows Removed by Filter": 24},{"Node Type": "Bitmap Heap Scan","Parent Relationship": "Inner","Parallel Aware": false,"Async Capable": false,"Relation Name": "supplier","Alias": "supplier","Startup Cost": 7.38,"Total Cost": 239.27,"Plan Rows": 400,"Plan Width": 8,"Actual Startup Time": 0.204,"Actual Total Time": 2.666,"Actual Rows": 407,"Actual Loops": 1,"Recheck Cond": "(s_nationkey = nation.n_nationkey)","Rows Removed by Index Recheck": 0,"Exact Heap Blocks": 186,"Lossy Heap Blocks": 0,"Plans": [{"Node Type": "Bitmap Index Scan","Parent Relationship": "Outer","Parallel Aware": false,"Async Capable": false,"Index Name": "idx_supplier_nation_key","Startup Cost": 0.00,"Total Cost": 7.29,"Plan Rows": 400,"Plan Width": 0,"Actual Startup Time": 0.129,"Actual Total Time": 0.129,"Actual Rows": 407,"Actual Loops": 1,"Index Cond": "(s_nationkey = nation.n_nationkey)"}]}]},{"Node Type": "Index Scan","Parent Relationship": "Inner","Parallel Aware": false,"Async Capable": false,"Scan Direction": "Forward","Index Name": "idx_partsupp_suppkey","Relation Name": "partsupp","Alias": "partsupp","Startup Cost": 0.42,"Total Cost": 9.07,"Plan Rows": 80,"Plan Width": 18,"Actual Startup Time": 0.020,"Actual Total Time": 0.480,"Actual Rows": 80,"Actual Loops": 407,"Index Cond": "(ps_suppkey = supplier.s_suppkey)","Rows Removed by Index Recheck": 0}]}]}]},"Planning Time": 7.317,"Triggers": [],"Execution Time": 456.700}]
[{"Plan": {"Node Type": "Sort","Parallel Aware": false,"Async Capable": false,"Startup Cost": 10142.20,"Total Cost": 10168.87,"Plan Rows": 10667,"Plan Width": 36,"Actual Startup Time": 448.636,"Actual Total Time": 448.779,"Actual Rows": 979,"Actual Loops": 1,"Sort Key": ["(sum((partsupp.ps_supplycost * (partsupp.ps_availqty)::numeric))) DESC"],"Sort Method": "quicksort","Sort Space Used": 78,"Sort Space Type": "Memory","Plans": [{"Node Type": "Aggregate","Strategy": "Plain","Partial Mode": "Simple","Parent Relationship": "InitPlan","Subplan Name": "InitPlan 1 (returns $2)","Parallel Aware": false,"Async Capable": false,"Startup Cost": 4434.26,"Total Cost": 4434.27,"Plan Rows": 1,"Plan Width": 32,"Actual Startup Time": 130.424,"Actual Total Time": 130.461,"Actual Rows": 1,"Actual Loops": 1,"Plans": [{"Node Type": "Nested Loop","Parent Relationship": "Outer","Parallel Aware": false,"Async Capable": false,"Join Type": "Inner","Startup Cost": 7.81,"Total Cost": 4194.26,"Plan Rows": 32000,"Plan Width": 10,"Actual Startup Time": 0.191,"Actual Total Time": 123.113,"Actual Rows": 31920,"Actual Loops": 1,"Inner Unique": false,"Plans": [{"Node Type": "Nested Loop","Parent Relationship": "Outer","Parallel Aware": false,"Async Capable": false,"Join Type": "Inner","Startup Cost": 7.38,"Total Cost": 244.58,"Plan Rows": 400,"Plan Width": 4,"Actual Startup Time": 0.152,"Actual Total Time": 1.823,"Actual Rows": 399,"Actual Loops": 1,"Inner Unique": false,"Plans": [{"Node Type": "Seq Scan","Parent Relationship": "Outer","Parallel Aware": false,"Async Capable": false,"Relation Name": "nation","Alias": "nation_1","Startup Cost": 0.00,"Total Cost": 1.31,"Plan Rows": 1,"Plan Width": 4,"Actual Startup Time": 0.042,"Actual Total Time": 0.060,"Actual Rows": 1,"Actual Loops": 1,"Filter": "(n_name = 'VIETNAM'::bpchar)","Rows Removed by Filter": 24},{"Node Type": "Bitmap Heap Scan","Parent Relationship": "Inner","Parallel Aware": false,"Async Capable": false,"Relation Name": "supplier","Alias": "supplier_1","Startup Cost": 7.38,"Total Cost": 239.27,"Plan Rows": 400,"Plan Width": 8,"Actual Startup Time": 0.095,"Actual Total Time": 1.696,"Actual Rows": 399,"Actual Loops": 1,"Recheck Cond": "(s_nationkey = nation_1.n_nationkey)","Rows Removed by Index Recheck": 0,"Exact Heap Blocks": 191,"Lossy Heap Blocks": 0,"Plans": [{"Node Type": "Bitmap Index Scan","Parent Relationship": "Outer","Parallel Aware": false,"Async Capable": false,"Index Name": "idx_supplier_nation_key","Startup Cost": 0.00,"Total Cost": 7.29,"Plan Rows": 400,"Plan Width": 0,"Actual Startup Time": 0.057,"Actual Total Time": 0.061,"Actual Rows": 399,"Actual Loops": 1,"Index Cond": "(s_nationkey = nation_1.n_nationkey)"}]}]},{"Node Type": "Index Scan","Parent Relationship": "Inner","Parallel Aware": false,"Async Capable": false,"Scan Direction": "Forward","Index Name": "idx_partsupp_suppkey","Relation Name": "partsupp","Alias": "partsupp_1","Startup Cost": 0.42,"Total Cost": 9.07,"Plan Rows": 80,"Plan Width": 14,"Actual Startup Time": 0.014,"Actual Total Time": 0.292,"Actual Rows": 80,"Actual Loops": 399,"Index Cond": "(ps_suppkey = supplier_1.s_suppkey)","Rows Removed by Index Recheck": 0}]}]},{"Node Type": "Aggregate","Strategy": "Hashed","Partial Mode": "Simple","Parent Relationship": "Outer","Parallel Aware": false,"Async Capable": false,"Startup Cost": 4514.26,"Total Cost": 4994.26,"Plan Rows": 10667,"Plan Width": 36,"Actual Startup Time": 376.224,"Actual Total Time": 448.108,"Actual Rows": 979,"Actual Loops": 1,"Group Key": ["partsupp.ps_partkey"],"Filter": "(sum((partsupp.ps_supplycost * (partsupp.ps_availqty)::numeric)) > $2)","Planned Partitions": 0,"HashAgg Batches": 1,"Peak Memory Usage": 17937,"Disk Usage": 0,"Rows Removed by Filter": 29153,"Plans": [{"Node Type": "Nested Loop","Parent Relationship": "Outer","Parallel Aware": false,"Async Capable": false,"Join Type": "Inner","Startup Cost": 7.81,"Total Cost": 4194.26,"Plan Rows": 32000,"Plan Width": 14,"Actual Startup Time": 0.359,"Actual Total Time": 202.215,"Actual Rows": 31920,"Actual Loops": 1,"Inner Unique": false,"Plans": [{"Node Type": "Nested Loop","Parent Relationship": "Outer","Parallel Aware": false,"Async Capable": false,"Join Type": "Inner","Startup Cost": 7.38,"Total Cost": 244.58,"Plan Rows": 400,"Plan Width": 4,"Actual Startup Time": 0.271,"Actual Total Time": 2.875,"Actual Rows": 399,"Actual Loops": 1,"Inner Unique": false,"Plans": [{"Node Type": "Seq Scan","Parent Relationship": "Outer","Parallel Aware": false,"Async Capable": false,"Relation Name": "nation","Alias": "nation","Startup Cost": 0.00,"Total Cost": 1.31,"Plan Rows": 1,"Plan Width": 4,"Actual Startup Time": 0.081,"Actual Total Time": 0.101,"Actual Rows": 1,"Actual Loops": 1,"Filter": "(n_name = 'VIETNAM'::bpchar)","Rows Removed by Filter": 24},{"Node Type": "Bitmap Heap Scan","Parent Relationship": "Inner","Parallel Aware": false,"Async Capable": false,"Relation Name": "supplier","Alias": "supplier","Startup Cost": 7.38,"Total Cost": 239.27,"Plan Rows": 400,"Plan Width": 8,"Actual Startup Time": 0.181,"Actual Total Time": 2.716,"Actual Rows": 399,"Actual Loops": 1,"Recheck Cond": "(s_nationkey = nation.n_nationkey)","Rows Removed by Index Recheck": 0,"Exact Heap Blocks": 191,"Lossy Heap Blocks": 0,"Plans": [{"Node Type": "Bitmap Index Scan","Parent Relationship": "Outer","Parallel Aware": false,"Async Capable": false,"Index Name": "idx_supplier_nation_key","Startup Cost": 0.00,"Total Cost": 7.29,"Plan Rows": 400,"Plan Width": 0,"Actual Startup Time": 0.120,"Actual Total Time": 0.121,"Actual Rows": 399,"Actual Loops": 1,"Index Cond": "(s_nationkey = nation.n_nationkey)"}]}]},{"Node Type": "Index Scan","Parent Relationship": "Inner","Parallel Aware": false,"Async Capable": false,"Scan Direction": "Forward","Index Name": "idx_partsupp_suppkey","Relation Name": "partsupp","Alias": "partsupp","Startup Cost": 0.42,"Total Cost": 9.07,"Plan Rows": 80,"Plan Width": 18,"Actual Startup Time": 0.019,"Actual Total Time": 0.488,"Actual Rows": 80,"Actual Loops": 399,"Index Cond": "(ps_suppkey = supplier.s_suppkey)","Rows Removed by Index Recheck": 0}]}]}]},"Planning Time": 6.254,"Triggers": [],"Execution Time": 451.997}]
[{"Plan": {"Node Type": "Sort","Parallel Aware": false,"Async Capable": false,"Startup Cost": 10142.20,"Total Cost": 10168.87,"Plan Rows": 10667,"Plan Width": 36,"Actual Startup Time": 444.263,"Actual Total Time": 444.393,"Actual Rows": 839,"Actual Loops": 1,"Sort Key": ["(sum((partsupp.ps_supplycost * (partsupp.ps_availqty)::numeric))) DESC"],"Sort Method": "quicksort","Sort Space Used": 70,"Sort Space Type": "Memory","Plans": [{"Node Type": "Aggregate","Strategy": "Plain","Partial Mode": "Simple","Parent Relationship": "InitPlan","Subplan Name": "InitPlan 1 (returns $2)","Parallel Aware": false,"Async Capable": false,"Startup Cost": 4434.26,"Total Cost": 4434.27,"Plan Rows": 1,"Plan Width": 32,"Actual Startup Time": 130.704,"Actual Total Time": 130.725,"Actual Rows": 1,"Actual Loops": 1,"Plans": [{"Node Type": "Nested Loop","Parent Relationship": "Outer","Parallel Aware": false,"Async Capable": false,"Join Type": "Inner","Startup Cost": 7.81,"Total Cost": 4194.26,"Plan Rows": 32000,"Plan Width": 10,"Actual Startup Time": 0.144,"Actual Total Time": 123.234,"Actual Rows": 32880,"Actual Loops": 1,"Inner Unique": false,"Plans": [{"Node Type": "Nested Loop","Parent Relationship": "Outer","Parallel Aware": false,"Async Capable": false,"Join Type": "Inner","Startup Cost": 7.38,"Total Cost": 244.58,"Plan Rows": 400,"Plan Width": 4,"Actual Startup Time": 0.115,"Actual Total Time": 1.739,"Actual Rows": 411,"Actual Loops": 1,"Inner Unique": false,"Plans": [{"Node Type": "Seq Scan","Parent Relationship": "Outer","Parallel Aware": false,"Async Capable": false,"Relation Name": "nation","Alias": "nation_1","Startup Cost": 0.00,"Total Cost": 1.31,"Plan Rows": 1,"Plan Width": 4,"Actual Startup Time": 0.024,"Actual Total Time": 0.046,"Actual Rows": 1,"Actual Loops": 1,"Filter": "(n_name = 'SAUDI ARABIA'::bpchar)","Rows Removed by Filter": 24},{"Node Type": "Bitmap Heap Scan","Parent Relationship": "Inner","Parallel Aware": false,"Async Capable": false,"Relation Name": "supplier","Alias": "supplier_1","Startup Cost": 7.38,"Total Cost": 239.27,"Plan Rows": 400,"Plan Width": 8,"Actual Startup Time": 0.082,"Actual Total Time": 1.642,"Actual Rows": 411,"Actual Loops": 1,"Recheck Cond": "(s_nationkey = nation_1.n_nationkey)","Rows Removed by Index Recheck": 0,"Exact Heap Blocks": 182,"Lossy Heap Blocks": 0,"Plans": [{"Node Type": "Bitmap Index Scan","Parent Relationship": "Outer","Parallel Aware": false,"Async Capable": false,"Index Name": "idx_supplier_nation_key","Startup Cost": 0.00,"Total Cost": 7.29,"Plan Rows": 400,"Plan Width": 0,"Actual Startup Time": 0.049,"Actual Total Time": 0.055,"Actual Rows": 411,"Actual Loops": 1,"Index Cond": "(s_nationkey = nation_1.n_nationkey)"}]}]},{"Node Type": "Index Scan","Parent Relationship": "Inner","Parallel Aware": false,"Async Capable": false,"Scan Direction": "Forward","Index Name": "idx_partsupp_suppkey","Relation Name": "partsupp","Alias": "partsupp_1","Startup Cost": 0.42,"Total Cost": 9.07,"Plan Rows": 80,"Plan Width": 14,"Actual Startup Time": 0.014,"Actual Total Time": 0.283,"Actual Rows": 80,"Actual Loops": 411,"Index Cond": "(ps_suppkey = supplier_1.s_suppkey)","Rows Removed by Index Recheck": 0}]}]},{"Node Type": "Aggregate","Strategy": "Hashed","Partial Mode": "Simple","Parent Relationship": "Outer","Parallel Aware": false,"Async Capable": false,"Startup Cost": 4514.26,"Total Cost": 4994.26,"Plan Rows": 10667,"Plan Width": 36,"Actual Startup Time": 370.866,"Actual Total Time": 443.841,"Actual Rows": 839,"Actual Loops": 1,"Group Key": ["partsupp.ps_partkey"],"Filter": "(sum((partsupp.ps_supplycost * (partsupp.ps_availqty)::numeric)) > $2)","Planned Partitions": 0,"HashAgg Batches": 1,"Peak Memory Usage": 17937,"Disk Usage": 0,"Rows Removed by Filter": 30007,"Plans": [{"Node Type": "Nested Loop","Parent Relationship": "Outer","Parallel Aware": false,"Async Capable": false,"Join Type": "Inner","Startup Cost": 7.81,"Total Cost": 4194.26,"Plan Rows": 32000,"Plan Width": 14,"Actual Startup Time": 0.339,"Actual Total Time": 197.388,"Actual Rows": 32880,"Actual Loops": 1,"Inner Unique": false,"Plans": [{"Node Type": "Nested Loop","Parent Relationship": "Outer","Parallel Aware": false,"Async Capable": false,"Join Type": "Inner","Startup Cost": 7.38,"Total Cost": 244.58,"Plan Rows": 400,"Plan Width": 4,"Actual Startup Time": 0.236,"Actual Total Time": 2.786,"Actual Rows": 411,"Actual Loops": 1,"Inner Unique": false,"Plans": [{"Node Type": "Seq Scan","Parent Relationship": "Outer","Parallel Aware": false,"Async Capable": false,"Relation Name": "nation","Alias": "nation","Startup Cost": 0.00,"Total Cost": 1.31,"Plan Rows": 1,"Plan Width": 4,"Actual Startup Time": 0.067,"Actual Total Time": 0.078,"Actual Rows": 1,"Actual Loops": 1,"Filter": "(n_name = 'SAUDI ARABIA'::bpchar)","Rows Removed by Filter": 24},{"Node Type": "Bitmap Heap Scan","Parent Relationship": "Inner","Parallel Aware": false,"Async Capable": false,"Relation Name": "supplier","Alias": "supplier","Startup Cost": 7.38,"Total Cost": 239.27,"Plan Rows": 400,"Plan Width": 8,"Actual Startup Time": 0.164,"Actual Total Time": 2.651,"Actual Rows": 411,"Actual Loops": 1,"Recheck Cond": "(s_nationkey = nation.n_nationkey)","Rows Removed by Index Recheck": 0,"Exact Heap Blocks": 182,"Lossy Heap Blocks": 0,"Plans": [{"Node Type": "Bitmap Index Scan","Parent Relationship": "Outer","Parallel Aware": false,"Async Capable": false,"Index Name": "idx_supplier_nation_key","Startup Cost": 0.00,"Total Cost": 7.29,"Plan Rows": 400,"Plan Width": 0,"Actual Startup Time": 0.119,"Actual Total Time": 0.120,"Actual Rows": 411,"Actual Loops": 1,"Index Cond": "(s_nationkey = nation.n_nationkey)"}]}]},{"Node Type": "Index Scan","Parent Relationship": "Inner","Parallel Aware": false,"Async Capable": false,"Scan Direction": "Forward","Index Name": "idx_partsupp_suppkey","Relation Name": "partsupp","Alias": "partsupp","Startup Cost": 0.42,"Total Cost": 9.07,"Plan Rows": 80,"Plan Width": 18,"Actual Startup Time": 0.019,"Actual Total Time": 0.462,"Actual Rows": 80,"Actual Loops": 411,"Index Cond": "(ps_suppkey = supplier.s_suppkey)","Rows Removed by Index Recheck": 0}]}]}]},"Planning Time": 5.661,"Triggers": [],"Execution Time": 447.485}]
[{"Plan": {"Node Type": "Sort","Parallel Aware": false,"Async Capable": false,"Startup Cost": 10142.20,"Total Cost": 10168.87,"Plan Rows": 10667,"Plan Width": 36,"Actual Startup Time": 463.200,"Actual Total Time": 463.334,"Actual Rows": 786,"Actual Loops": 1,"Sort Key": ["(sum((partsupp.ps_supplycost * (partsupp.ps_availqty)::numeric))) DESC"],"Sort Method": "quicksort","Sort Space Used": 67,"Sort Space Type": "Memory","Plans": [{"Node Type": "Aggregate","Strategy": "Plain","Partial Mode": "Simple","Parent Relationship": "InitPlan","Subplan Name": "InitPlan 1 (returns $2)","Parallel Aware": false,"Async Capable": false,"Startup Cost": 4434.26,"Total Cost": 4434.27,"Plan Rows": 1,"Plan Width": 32,"Actual Startup Time": 138.217,"Actual Total Time": 138.241,"Actual Rows": 1,"Actual Loops": 1,"Plans": [{"Node Type": "Nested Loop","Parent Relationship": "Outer","Parallel Aware": false,"Async Capable": false,"Join Type": "Inner","Startup Cost": 7.81,"Total Cost": 4194.26,"Plan Rows": 32000,"Plan Width": 10,"Actual Startup Time": 0.203,"Actual Total Time": 130.632,"Actual Rows": 33040,"Actual Loops": 1,"Inner Unique": false,"Plans": [{"Node Type": "Nested Loop","Parent Relationship": "Outer","Parallel Aware": false,"Async Capable": false,"Join Type": "Inner","Startup Cost": 7.38,"Total Cost": 244.58,"Plan Rows": 400,"Plan Width": 4,"Actual Startup Time": 0.159,"Actual Total Time": 1.911,"Actual Rows": 413,"Actual Loops": 1,"Inner Unique": false,"Plans": [{"Node Type": "Seq Scan","Parent Relationship": "Outer","Parallel Aware": false,"Async Capable": false,"Relation Name": "nation","Alias": "nation_1","Startup Cost": 0.00,"Total Cost": 1.31,"Plan Rows": 1,"Plan Width": 4,"Actual Startup Time": 0.020,"Actual Total Time": 0.050,"Actual Rows": 1,"Actual Loops": 1,"Filter": "(n_name = 'ARGENTINA'::bpchar)","Rows Removed by Filter": 24},{"Node Type": "Bitmap Heap Scan","Parent Relationship": "Inner","Parallel Aware": false,"Async Capable": false,"Relation Name": "supplier","Alias": "supplier_1","Startup Cost": 7.38,"Total Cost": 239.27,"Plan Rows": 400,"Plan Width": 8,"Actual Startup Time": 0.122,"Actual Total Time": 1.805,"Actual Rows": 413,"Actual Loops": 1,"Recheck Cond": "(s_nationkey = nation_1.n_nationkey)","Rows Removed by Index Recheck": 0,"Exact Heap Blocks": 190,"Lossy Heap Blocks": 0,"Plans": [{"Node Type": "Bitmap Index Scan","Parent Relationship": "Outer","Parallel Aware": false,"Async Capable": false,"Index Name": "idx_supplier_nation_key","Startup Cost": 0.00,"Total Cost": 7.29,"Plan Rows": 400,"Plan Width": 0,"Actual Startup Time": 0.076,"Actual Total Time": 0.082,"Actual Rows": 413,"Actual Loops": 1,"Index Cond": "(s_nationkey = nation_1.n_nationkey)"}]}]},{"Node Type": "Index Scan","Parent Relationship": "Inner","Parallel Aware": false,"Async Capable": false,"Scan Direction": "Forward","Index Name": "idx_partsupp_suppkey","Relation Name": "partsupp","Alias": "partsupp_1","Startup Cost": 0.42,"Total Cost": 9.07,"Plan Rows": 80,"Plan Width": 14,"Actual Startup Time": 0.015,"Actual Total Time": 0.299,"Actual Rows": 80,"Actual Loops": 413,"Index Cond": "(ps_suppkey = supplier_1.s_suppkey)","Rows Removed by Index Recheck": 0}]}]},{"Node Type": "Aggregate","Strategy": "Hashed","Partial Mode": "Simple","Parent Relationship": "Outer","Parallel Aware": false,"Async Capable": false,"Startup Cost": 4514.26,"Total Cost": 4994.26,"Plan Rows": 10667,"Plan Width": 36,"Actual Startup Time": 387.894,"Actual Total Time": 462.834,"Actual Rows": 786,"Actual Loops": 1,"Group Key": ["partsupp.ps_partkey"],"Filter": "(sum((partsupp.ps_supplycost * (partsupp.ps_availqty)::numeric)) > $2)","Planned Partitions": 0,"HashAgg Batches": 1,"Peak Memory Usage": 17937,"Disk Usage": 0,"Rows Removed by Filter": 30324,"Plans": [{"Node Type": "Nested Loop","Parent Relationship": "Outer","Parallel Aware": false,"Async Capable": false,"Join Type": "Inner","Startup Cost": 7.81,"Total Cost": 4194.26,"Plan Rows": 32000,"Plan Width": 14,"Actual Startup Time": 0.397,"Actual Total Time": 197.172,"Actual Rows": 33040,"Actual Loops": 1,"Inner Unique": false,"Plans": [{"Node Type": "Nested Loop","Parent Relationship": "Outer","Parallel Aware": false,"Async Capable": false,"Join Type": "Inner","Startup Cost": 7.38,"Total Cost": 244.58,"Plan Rows": 400,"Plan Width": 4,"Actual Startup Time": 0.324,"Actual Total Time": 2.886,"Actual Rows": 413,"Actual Loops": 1,"Inner Unique": false,"Plans": [{"Node Type": "Seq Scan","Parent Relationship": "Outer","Parallel Aware": false,"Async Capable": false,"Relation Name": "nation","Alias": "nation","Startup Cost": 0.00,"Total Cost": 1.31,"Plan Rows": 1,"Plan Width": 4,"Actual Startup Time": 0.073,"Actual Total Time": 0.106,"Actual Rows": 1,"Actual Loops": 1,"Filter": "(n_name = 'ARGENTINA'::bpchar)","Rows Removed by Filter": 24},{"Node Type": "Bitmap Heap Scan","Parent Relationship": "Inner","Parallel Aware": false,"Async Capable": false,"Relation Name": "supplier","Alias": "supplier","Startup Cost": 7.38,"Total Cost": 239.27,"Plan Rows": 400,"Plan Width": 8,"Actual Startup Time": 0.246,"Actual Total Time": 2.727,"Actual Rows": 413,"Actual Loops": 1,"Recheck Cond": "(s_nationkey = nation.n_nationkey)","Rows Removed by Index Recheck": 0,"Exact Heap Blocks": 190,"Lossy Heap Blocks": 0,"Plans": [{"Node Type": "Bitmap Index Scan","Parent Relationship": "Outer","Parallel Aware": false,"Async Capable": false,"Index Name": "idx_supplier_nation_key","Startup Cost": 0.00,"Total Cost": 7.29,"Plan Rows": 400,"Plan Width": 0,"Actual Startup Time": 0.154,"Actual Total Time": 0.156,"Actual Rows": 413,"Actual Loops": 1,"Index Cond": "(s_nationkey = nation.n_nationkey)"}]}]},{"Node Type": "Index Scan","Parent Relationship": "Inner","Parallel Aware": false,"Async Capable": false,"Scan Direction": "Forward","Index Name": "idx_partsupp_suppkey","Relation Name": "partsupp","Alias": "partsupp","Startup Cost": 0.42,"Total Cost": 9.07,"Plan Rows": 80,"Plan Width": 18,"Actual Startup Time": 0.020,"Actual Total Time": 0.459,"Actual Rows": 80,"Actual Loops": 413,"Index Cond": "(ps_suppkey = supplier.s_suppkey)","Rows Removed by Index Recheck": 0}]}]}]},"Planning Time": 6.005,"Triggers": [],"Execution Time": 466.166}]
[{"Plan": {"Node Type": "Sort","Parallel Aware": false,"Async Capable": false,"Startup Cost": 10142.20,"Total Cost": 10168.87,"Plan Rows": 10667,"Plan Width": 36,"Actual Startup Time": 435.527,"Actual Total Time": 435.700,"Actual Rows": 1089,"Actual Loops": 1,"Sort Key": ["(sum((partsupp.ps_supplycost * (partsupp.ps_availqty)::numeric))) DESC"],"Sort Method": "quicksort","Sort Space Used": 108,"Sort Space Type": "Memory","Plans": [{"Node Type": "Aggregate","Strategy": "Plain","Partial Mode": "Simple","Parent Relationship": "InitPlan","Subplan Name": "InitPlan 1 (returns $2)","Parallel Aware": false,"Async Capable": false,"Startup Cost": 4434.26,"Total Cost": 4434.27,"Plan Rows": 1,"Plan Width": 32,"Actual Startup Time": 127.992,"Actual Total Time": 128.018,"Actual Rows": 1,"Actual Loops": 1,"Plans": [{"Node Type": "Nested Loop","Parent Relationship": "Outer","Parallel Aware": false,"Async Capable": false,"Join Type": "Inner","Startup Cost": 7.81,"Total Cost": 4194.26,"Plan Rows": 32000,"Plan Width": 10,"Actual Startup Time": 0.202,"Actual Total Time": 120.806,"Actual Rows": 31200,"Actual Loops": 1,"Inner Unique": false,"Plans": [{"Node Type": "Nested Loop","Parent Relationship": "Outer","Parallel Aware": false,"Async Capable": false,"Join Type": "Inner","Startup Cost": 7.38,"Total Cost": 244.58,"Plan Rows": 400,"Plan Width": 4,"Actual Startup Time": 0.156,"Actual Total Time": 1.780,"Actual Rows": 390,"Actual Loops": 1,"Inner Unique": false,"Plans": [{"Node Type": "Seq Scan","Parent Relationship": "Outer","Parallel Aware": false,"Async Capable": false,"Relation Name": "nation","Alias": "nation_1","Startup Cost": 0.00,"Total Cost": 1.31,"Plan Rows": 1,"Plan Width": 4,"Actual Startup Time": 0.025,"Actual Total Time": 0.037,"Actual Rows": 1,"Actual Loops": 1,"Filter": "(n_name = 'UNITED KINGDOM'::bpchar)","Rows Removed by Filter": 24},{"Node Type": "Bitmap Heap Scan","Parent Relationship": "Inner","Parallel Aware": false,"Async Capable": false,"Relation Name": "supplier","Alias": "supplier_1","Startup Cost": 7.38,"Total Cost": 239.27,"Plan Rows": 400,"Plan Width": 8,"Actual Startup Time": 0.111,"Actual Total Time": 1.680,"Actual Rows": 390,"Actual Loops": 1,"Recheck Cond": "(s_nationkey = nation_1.n_nationkey)","Rows Removed by Index Recheck": 0,"Exact Heap Blocks": 190,"Lossy Heap Blocks": 0,"Plans": [{"Node Type": "Bitmap Index Scan","Parent Relationship": "Outer","Parallel Aware": false,"Async Capable": false,"Index Name": "idx_supplier_nation_key","Startup Cost": 0.00,"Total Cost": 7.29,"Plan Rows": 400,"Plan Width": 0,"Actual Startup Time": 0.075,"Actual Total Time": 0.080,"Actual Rows": 390,"Actual Loops": 1,"Index Cond": "(s_nationkey = nation_1.n_nationkey)"}]}]},{"Node Type": "Index Scan","Parent Relationship": "Inner","Parallel Aware": false,"Async Capable": false,"Scan Direction": "Forward","Index Name": "idx_partsupp_suppkey","Relation Name": "partsupp","Alias": "partsupp_1","Startup Cost": 0.42,"Total Cost": 9.07,"Plan Rows": 80,"Plan Width": 14,"Actual Startup Time": 0.014,"Actual Total Time": 0.293,"Actual Rows": 80,"Actual Loops": 390,"Index Cond": "(ps_suppkey = supplier_1.s_suppkey)","Rows Removed by Index Recheck": 0}]}]},{"Node Type": "Aggregate","Strategy": "Hashed","Partial Mode": "Simple","Parent Relationship": "Outer","Parallel Aware": false,"Async Capable": false,"Startup Cost": 4514.26,"Total Cost": 4994.26,"Plan Rows": 10667,"Plan Width": 36,"Actual Startup Time": 365.366,"Actual Total Time": 434.999,"Actual Rows": 1089,"Actual Loops": 1,"Group Key": ["partsupp.ps_partkey"],"Filter": "(sum((partsupp.ps_supplycost * (partsupp.ps_availqty)::numeric)) > $2)","Planned Partitions": 0,"HashAgg Batches": 1,"Peak Memory Usage": 17937,"Disk Usage": 0,"Rows Removed by Filter": 28366,"Plans": [{"Node Type": "Nested Loop","Parent Relationship": "Outer","Parallel Aware": false,"Async Capable": false,"Join Type": "Inner","Startup Cost": 7.81,"Total Cost": 4194.26,"Plan Rows": 32000,"Plan Width": 14,"Actual Startup Time": 0.273,"Actual Total Time": 195.557,"Actual Rows": 31200,"Actual Loops": 1,"Inner Unique": false,"Plans": [{"Node Type": "Nested Loop","Parent Relationship": "Outer","Parallel Aware": false,"Async Capable": false,"Join Type": "Inner","Startup Cost": 7.38,"Total Cost": 244.58,"Plan Rows": 400,"Plan Width": 4,"Actual Startup Time": 0.244,"Actual Total Time": 2.901,"Actual Rows": 390,"Actual Loops": 1,"Inner Unique": false,"Plans": [{"Node Type": "Seq Scan","Parent Relationship": "Outer","Parallel Aware": false,"Async Capable": false,"Relation Name": "nation","Alias": "nation","Startup Cost": 0.00,"Total Cost": 1.31,"Plan Rows": 1,"Plan Width": 4,"Actual Startup Time": 0.065,"Actual Total Time": 0.084,"Actual Rows": 1,"Actual Loops": 1,"Filter": "(n_name = 'UNITED KINGDOM'::bpchar)","Rows Removed by Filter": 24},{"Node Type": "Bitmap Heap Scan","Parent Relationship": "Inner","Parallel Aware": false,"Async Capable": false,"Relation Name": "supplier","Alias": "supplier","Startup Cost": 7.38,"Total Cost": 239.27,"Plan Rows": 400,"Plan Width": 8,"Actual Startup Time": 0.171,"Actual Total Time": 2.762,"Actual Rows": 390,"Actual Loops": 1,"Recheck Cond": "(s_nationkey = nation.n_nationkey)","Rows Removed by Index Recheck": 0,"Exact Heap Blocks": 190,"Lossy Heap Blocks": 0,"Plans": [{"Node Type": "Bitmap Index Scan","Parent Relationship": "Outer","Parallel Aware": false,"Async Capable": false,"Index Name": "idx_supplier_nation_key","Startup Cost": 0.00,"Total Cost": 7.29,"Plan Rows": 400,"Plan Width": 0,"Actual Startup Time": 0.123,"Actual Total Time": 0.123,"Actual Rows": 390,"Actual Loops": 1,"Index Cond": "(s_nationkey = nation.n_nationkey)"}]}]},{"Node Type": "Index Scan","Parent Relationship": "Inner","Parallel Aware": false,"Async Capable": false,"Scan Direction": "Forward","Index Name": "idx_partsupp_suppkey","Relation Name": "partsupp","Alias": "partsupp","Startup Cost": 0.42,"Total Cost": 9.07,"Plan Rows": 80,"Plan Width": 18,"Actual Startup Time": 0.020,"Actual Total Time": 0.482,"Actual Rows": 80,"Actual Loops": 390,"Index Cond": "(ps_suppkey = supplier.s_suppkey)","Rows Removed by Index Recheck": 0}]}]}]},"Planning Time": 6.575,"Triggers": [],"Execution Time": 439.057}]
[{"Plan": {"Node Type": "Sort","Parallel Aware": false,"Async Capable": false,"Startup Cost": 10142.20,"Total Cost": 10168.87,"Plan Rows": 10667,"Plan Width": 36,"Actual Startup Time": 431.698,"Actual Total Time": 431.824,"Actual Rows": 911,"Actual Loops": 1,"Sort Key": ["(sum((partsupp.ps_supplycost * (partsupp.ps_availqty)::numeric))) DESC"],"Sort Method": "quicksort","Sort Space Used": 74,"Sort Space Type": "Memory","Plans": [{"Node Type": "Aggregate","Strategy": "Plain","Partial Mode": "Simple","Parent Relationship": "InitPlan","Subplan Name": "InitPlan 1 (returns $2)","Parallel Aware": false,"Async Capable": false,"Startup Cost": 4434.26,"Total Cost": 4434.27,"Plan Rows": 1,"Plan Width": 32,"Actual Startup Time": 129.087,"Actual Total Time": 129.106,"Actual Rows": 1,"Actual Loops": 1,"Plans": [{"Node Type": "Nested Loop","Parent Relationship": "Outer","Parallel Aware": false,"Async Capable": false,"Join Type": "Inner","Startup Cost": 7.81,"Total Cost": 4194.26,"Plan Rows": 32000,"Plan Width": 10,"Actual Startup Time": 0.210,"Actual Total Time": 121.870,"Actual Rows": 32160,"Actual Loops": 1,"Inner Unique": false,"Plans": [{"Node Type": "Nested Loop","Parent Relationship": "Outer","Parallel Aware": false,"Async Capable": false,"Join Type": "Inner","Startup Cost": 7.38,"Total Cost": 244.58,"Plan Rows": 400,"Plan Width": 4,"Actual Startup Time": 0.174,"Actual Total Time": 1.780,"Actual Rows": 402,"Actual Loops": 1,"Inner Unique": false,"Plans": [{"Node Type": "Seq Scan","Parent Relationship": "Outer","Parallel Aware": false,"Async Capable": false,"Relation Name": "nation","Alias": "nation_1","Startup Cost": 0.00,"Total Cost": 1.31,"Plan Rows": 1,"Plan Width": 4,"Actual Startup Time": 0.036,"Actual Total Time": 0.056,"Actual Rows": 1,"Actual Loops": 1,"Filter": "(n_name = 'FRANCE'::bpchar)","Rows Removed by Filter": 24},{"Node Type": "Bitmap Heap Scan","Parent Relationship": "Inner","Parallel Aware": false,"Async Capable": false,"Relation Name": "supplier","Alias": "supplier_1","Startup Cost": 7.38,"Total Cost": 239.27,"Plan Rows": 400,"Plan Width": 8,"Actual Startup Time": 0.119,"Actual Total Time": 1.663,"Actual Rows": 402,"Actual Loops": 1,"Recheck Cond": "(s_nationkey = nation_1.n_nationkey)","Rows Removed by Index Recheck": 0,"Exact Heap Blocks": 184,"Lossy Heap Blocks": 0,"Plans": [{"Node Type": "Bitmap Index Scan","Parent Relationship": "Outer","Parallel Aware": false,"Async Capable": false,"Index Name": "idx_supplier_nation_key","Startup Cost": 0.00,"Total Cost": 7.29,"Plan Rows": 400,"Plan Width": 0,"Actual Startup Time": 0.075,"Actual Total Time": 0.079,"Actual Rows": 402,"Actual Loops": 1,"Index Cond": "(s_nationkey = nation_1.n_nationkey)"}]}]},{"Node Type": "Index Scan","Parent Relationship": "Inner","Parallel Aware": false,"Async Capable": false,"Scan Direction": "Forward","Index Name": "idx_partsupp_suppkey","Relation Name": "partsupp","Alias": "partsupp_1","Startup Cost": 0.42,"Total Cost": 9.07,"Plan Rows": 80,"Plan Width": 14,"Actual Startup Time": 0.014,"Actual Total Time": 0.286,"Actual Rows": 80,"Actual Loops": 402,"Index Cond": "(ps_suppkey = supplier_1.s_suppkey)","Rows Removed by Index Recheck": 0}]}]},{"Node Type": "Aggregate","Strategy": "Hashed","Partial Mode": "Simple","Parent Relationship": "Outer","Parallel Aware": false,"Async Capable": false,"Startup Cost": 4514.26,"Total Cost": 4994.26,"Plan Rows": 10667,"Plan Width": 36,"Actual Startup Time": 359.069,"Actual Total Time": 431.218,"Actual Rows": 911,"Actual Loops": 1,"Group Key": ["partsupp.ps_partkey"],"Filter": "(sum((partsupp.ps_supplycost * (partsupp.ps_availqty)::numeric)) > $2)","Planned Partitions": 0,"HashAgg Batches": 1,"Peak Memory Usage": 17937,"Disk Usage": 0,"Rows Removed by Filter": 29336,"Plans": [{"Node Type": "Nested Loop","Parent Relationship": "Outer","Parallel Aware": false,"Async Capable": false,"Join Type": "Inner","Startup Cost": 7.81,"Total Cost": 4194.26,"Plan Rows": 32000,"Plan Width": 14,"Actual Startup Time": 0.330,"Actual Total Time": 187.860,"Actual Rows": 32160,"Actual Loops": 1,"Inner Unique": false,"Plans": [{"Node Type": "Nested Loop","Parent Relationship": "Outer","Parallel Aware": false,"Async Capable": false,"Join Type": "Inner","Startup Cost": 7.38,"Total Cost": 244.58,"Plan Rows": 400,"Plan Width": 4,"Actual Startup Time": 0.249,"Actual Total Time": 2.513,"Actual Rows": 402,"Actual Loops": 1,"Inner Unique": false,"Plans": [{"Node Type": "Seq Scan","Parent Relationship": "Outer","Parallel Aware": false,"Async Capable": false,"Relation Name": "nation","Alias": "nation","Startup Cost": 0.00,"Total Cost": 1.31,"Plan Rows": 1,"Plan Width": 4,"Actual Startup Time": 0.077,"Actual Total Time": 0.097,"Actual Rows": 1,"Actual Loops": 1,"Filter": "(n_name = 'FRANCE'::bpchar)","Rows Removed by Filter": 24},{"Node Type": "Bitmap Heap Scan","Parent Relationship": "Inner","Parallel Aware": false,"Async Capable": false,"Relation Name": "supplier","Alias": "supplier","Startup Cost": 7.38,"Total Cost": 239.27,"Plan Rows": 400,"Plan Width": 8,"Actual Startup Time": 0.163,"Actual Total Time": 2.362,"Actual Rows": 402,"Actual Loops": 1,"Recheck Cond": "(s_nationkey = nation.n_nationkey)","Rows Removed by Index Recheck": 0,"Exact Heap Blocks": 184,"Lossy Heap Blocks": 0,"Plans": [{"Node Type": "Bitmap Index Scan","Parent Relationship": "Outer","Parallel Aware": false,"Async Capable": false,"Index Name": "idx_supplier_nation_key","Startup Cost": 0.00,"Total Cost": 7.29,"Plan Rows": 400,"Plan Width": 0,"Actual Startup Time": 0.112,"Actual Total Time": 0.113,"Actual Rows": 402,"Actual Loops": 1,"Index Cond": "(s_nationkey = nation.n_nationkey)"}]}]},{"Node Type": "Index Scan","Parent Relationship": "Inner","Parallel Aware": false,"Async Capable": false,"Scan Direction": "Forward","Index Name": "idx_partsupp_suppkey","Relation Name": "partsupp","Alias": "partsupp","Startup Cost": 0.42,"Total Cost": 9.07,"Plan Rows": 80,"Plan Width": 18,"Actual Startup Time": 0.018,"Actual Total Time": 0.449,"Actual Rows": 80,"Actual Loops": 402,"Index Cond": "(ps_suppkey = supplier.s_suppkey)","Rows Removed by Index Recheck": 0}]}]}]},"Planning Time": 7.171,"Triggers": [],"Execution Time": 434.998}]
[{"Plan": {"Node Type": "Sort","Parallel Aware": false,"Async Capable": false,"Startup Cost": 10142.20,"Total Cost": 10168.87,"Plan Rows": 10667,"Plan Width": 36,"Actual Startup Time": 464.748,"Actual Total Time": 464.880,"Actual Rows": 665,"Actual Loops": 1,"Sort Key": ["(sum((partsupp.ps_supplycost * (partsupp.ps_availqty)::numeric))) DESC"],"Sort Method": "quicksort","Sort Space Used": 61,"Sort Space Type": "Memory","Plans": [{"Node Type": "Aggregate","Strategy": "Plain","Partial Mode": "Simple","Parent Relationship": "InitPlan","Subplan Name": "InitPlan 1 (returns $2)","Parallel Aware": false,"Async Capable": false,"Startup Cost": 4434.26,"Total Cost": 4434.27,"Plan Rows": 1,"Plan Width": 32,"Actual Startup Time": 134.444,"Actual Total Time": 134.478,"Actual Rows": 1,"Actual Loops": 1,"Plans": [{"Node Type": "Nested Loop","Parent Relationship": "Outer","Parallel Aware": false,"Async Capable": false,"Join Type": "Inner","Startup Cost": 7.81,"Total Cost": 4194.26,"Plan Rows": 32000,"Plan Width": 10,"Actual Startup Time": 0.195,"Actual Total Time": 126.758,"Actual Rows": 33600,"Actual Loops": 1,"Inner Unique": false,"Plans": [{"Node Type": "Nested Loop","Parent Relationship": "Outer","Parallel Aware": false,"Async Capable": false,"Join Type": "Inner","Startup Cost": 7.38,"Total Cost": 244.58,"Plan Rows": 400,"Plan Width": 4,"Actual Startup Time": 0.143,"Actual Total Time": 1.895,"Actual Rows": 420,"Actual Loops": 1,"Inner Unique": false,"Plans": [{"Node Type": "Seq Scan","Parent Relationship": "Outer","Parallel Aware": false,"Async Capable": false,"Relation Name": "nation","Alias": "nation_1","Startup Cost": 0.00,"Total Cost": 1.31,"Plan Rows": 1,"Plan Width": 4,"Actual Startup Time": 0.024,"Actual Total Time": 0.046,"Actual Rows": 1,"Actual Loops": 1,"Filter": "(n_name = 'ALGERIA'::bpchar)","Rows Removed by Filter": 24},{"Node Type": "Bitmap Heap Scan","Parent Relationship": "Inner","Parallel Aware": false,"Async Capable": false,"Relation Name": "supplier","Alias": "supplier_1","Startup Cost": 7.38,"Total Cost": 239.27,"Plan Rows": 400,"Plan Width": 8,"Actual Startup Time": 0.107,"Actual Total Time": 1.788,"Actual Rows": 420,"Actual Loops": 1,"Recheck Cond": "(s_nationkey = nation_1.n_nationkey)","Rows Removed by Index Recheck": 0,"Exact Heap Blocks": 197,"Lossy Heap Blocks": 0,"Plans": [{"Node Type": "Bitmap Index Scan","Parent Relationship": "Outer","Parallel Aware": false,"Async Capable": false,"Index Name": "idx_supplier_nation_key","Startup Cost": 0.00,"Total Cost": 7.29,"Plan Rows": 400,"Plan Width": 0,"Actual Startup Time": 0.069,"Actual Total Time": 0.076,"Actual Rows": 420,"Actual Loops": 1,"Index Cond": "(s_nationkey = nation_1.n_nationkey)"}]}]},{"Node Type": "Index Scan","Parent Relationship": "Inner","Parallel Aware": false,"Async Capable": false,"Scan Direction": "Forward","Index Name": "idx_partsupp_suppkey","Relation Name": "partsupp","Alias": "partsupp_1","Startup Cost": 0.42,"Total Cost": 9.07,"Plan Rows": 80,"Plan Width": 14,"Actual Startup Time": 0.014,"Actual Total Time": 0.285,"Actual Rows": 80,"Actual Loops": 420,"Index Cond": "(ps_suppkey = supplier_1.s_suppkey)","Rows Removed by Index Recheck": 0}]}]},{"Node Type": "Aggregate","Strategy": "Hashed","Partial Mode": "Simple","Parent Relationship": "Outer","Parallel Aware": false,"Async Capable": false,"Startup Cost": 4514.26,"Total Cost": 4994.26,"Plan Rows": 10667,"Plan Width": 36,"Actual Startup Time": 388.152,"Actual Total Time": 464.346,"Actual Rows": 665,"Actual Loops": 1,"Group Key": ["partsupp.ps_partkey"],"Filter": "(sum((partsupp.ps_supplycost * (partsupp.ps_availqty)::numeric)) > $2)","Planned Partitions": 0,"HashAgg Batches": 1,"Peak Memory Usage": 17937,"Disk Usage": 0,"Rows Removed by Filter": 30920,"Plans": [{"Node Type": "Nested Loop","Parent Relationship": "Outer","Parallel Aware": false,"Async Capable": false,"Join Type": "Inner","Startup Cost": 7.81,"Total Cost": 4194.26,"Plan Rows": 32000,"Plan Width": 14,"Actual Startup Time": 0.388,"Actual Total Time": 207.629,"Actual Rows": 33600,"Actual Loops": 1,"Inner Unique": false,"Plans": [{"Node Type": "Nested Loop","Parent Relationship": "Outer","Parallel Aware": false,"Async Capable": false,"Join Type": "Inner","Startup Cost": 7.38,"Total Cost": 244.58,"Plan Rows": 400,"Plan Width": 4,"Actual Startup Time": 0.274,"Actual Total Time": 2.984,"Actual Rows": 420,"Actual Loops": 1,"Inner Unique": false,"Plans": [{"Node Type": "Seq Scan","Parent Relationship": "Outer","Parallel Aware": false,"Async Capable": false,"Relation Name": "nation","Alias": "nation","Startup Cost": 0.00,"Total Cost": 1.31,"Plan Rows": 1,"Plan Width": 4,"Actual Startup Time": 0.081,"Actual Total Time": 0.099,"Actual Rows": 1,"Actual Loops": 1,"Filter": "(n_name = 'ALGERIA'::bpchar)","Rows Removed by Filter": 24},{"Node Type": "Bitmap Heap Scan","Parent Relationship": "Inner","Parallel Aware": false,"Async Capable": false,"Relation Name": "supplier","Alias": "supplier","Startup Cost": 7.38,"Total Cost": 239.27,"Plan Rows": 400,"Plan Width": 8,"Actual Startup Time": 0.184,"Actual Total Time": 2.823,"Actual Rows": 420,"Actual Loops": 1,"Recheck Cond": "(s_nationkey = nation.n_nationkey)","Rows Removed by Index Recheck": 0,"Exact Heap Blocks": 197,"Lossy Heap Blocks": 0,"Plans": [{"Node Type": "Bitmap Index Scan","Parent Relationship": "Outer","Parallel Aware": false,"Async Capable": false,"Index Name": "idx_supplier_nation_key","Startup Cost": 0.00,"Total Cost": 7.29,"Plan Rows": 400,"Plan Width": 0,"Actual Startup Time": 0.105,"Actual Total Time": 0.106,"Actual Rows": 420,"Actual Loops": 1,"Index Cond": "(s_nationkey = nation.n_nationkey)"}]}]},{"Node Type": "Index Scan","Parent Relationship": "Inner","Parallel Aware": false,"Async Capable": false,"Scan Direction": "Forward","Index Name": "idx_partsupp_suppkey","Relation Name": "partsupp","Alias": "partsupp","Startup Cost": 0.42,"Total Cost": 9.07,"Plan Rows": 80,"Plan Width": 18,"Actual Startup Time": 0.019,"Actual Total Time": 0.475,"Actual Rows": 80,"Actual Loops": 420,"Index Cond": "(ps_suppkey = supplier.s_suppkey)","Rows Removed by Index Recheck": 0}]}]}]},"Planning Time": 6.930,"Triggers": [],"Execution Time": 468.122}]
[{"Plan": {"Node Type": "Sort","Parallel Aware": false,"Async Capable": false,"Startup Cost": 10142.20,"Total Cost": 10168.87,"Plan Rows": 10667,"Plan Width": 36,"Actual Startup Time": 443.389,"Actual Total Time": 443.514,"Actual Rows": 1031,"Actual Loops": 1,"Sort Key": ["(sum((partsupp.ps_supplycost * (partsupp.ps_availqty)::numeric))) DESC"],"Sort Method": "quicksort","Sort Space Used": 105,"Sort Space Type": "Memory","Plans": [{"Node Type": "Aggregate","Strategy": "Plain","Partial Mode": "Simple","Parent Relationship": "InitPlan","Subplan Name": "InitPlan 1 (returns $2)","Parallel Aware": false,"Async Capable": false,"Startup Cost": 4434.26,"Total Cost": 4434.27,"Plan Rows": 1,"Plan Width": 32,"Actual Startup Time": 132.940,"Actual Total Time": 132.957,"Actual Rows": 1,"Actual Loops": 1,"Plans": [{"Node Type": "Nested Loop","Parent Relationship": "Outer","Parallel Aware": false,"Async Capable": false,"Join Type": "Inner","Startup Cost": 7.81,"Total Cost": 4194.26,"Plan Rows": 32000,"Plan Width": 10,"Actual Startup Time": 0.263,"Actual Total Time": 125.681,"Actual Rows": 31440,"Actual Loops": 1,"Inner Unique": false,"Plans": [{"Node Type": "Nested Loop","Parent Relationship": "Outer","Parallel Aware": false,"Async Capable": false,"Join Type": "Inner","Startup Cost": 7.38,"Total Cost": 244.58,"Plan Rows": 400,"Plan Width": 4,"Actual Startup Time": 0.205,"Actual Total Time": 1.775,"Actual Rows": 393,"Actual Loops": 1,"Inner Unique": false,"Plans": [{"Node Type": "Seq Scan","Parent Relationship": "Outer","Parallel Aware": false,"Async Capable": false,"Relation Name": "nation","Alias": "nation_1","Startup Cost": 0.00,"Total Cost": 1.31,"Plan Rows": 1,"Plan Width": 4,"Actual Startup Time": 0.056,"Actual Total Time": 0.062,"Actual Rows": 1,"Actual Loops": 1,"Filter": "(n_name = 'UNITED STATES'::bpchar)","Rows Removed by Filter": 24},{"Node Type": "Bitmap Heap Scan","Parent Relationship": "Inner","Parallel Aware": false,"Async Capable": false,"Relation Name": "supplier","Alias": "supplier_1","Startup Cost": 7.38,"Total Cost": 239.27,"Plan Rows": 400,"Plan Width": 8,"Actual Startup Time": 0.126,"Actual Total Time": 1.648,"Actual Rows": 393,"Actual Loops": 1,"Recheck Cond": "(s_nationkey = nation_1.n_nationkey)","Rows Removed by Index Recheck": 0,"Exact Heap Blocks": 181,"Lossy Heap Blocks": 0,"Plans": [{"Node Type": "Bitmap Index Scan","Parent Relationship": "Outer","Parallel Aware": false,"Async Capable": false,"Index Name": "idx_supplier_nation_key","Startup Cost": 0.00,"Total Cost": 7.29,"Plan Rows": 400,"Plan Width": 0,"Actual Startup Time": 0.087,"Actual Total Time": 0.091,"Actual Rows": 393,"Actual Loops": 1,"Index Cond": "(s_nationkey = nation_1.n_nationkey)"}]}]},{"Node Type": "Index Scan","Parent Relationship": "Inner","Parallel Aware": false,"Async Capable": false,"Scan Direction": "Forward","Index Name": "idx_partsupp_suppkey","Relation Name": "partsupp","Alias": "partsupp_1","Startup Cost": 0.42,"Total Cost": 9.07,"Plan Rows": 80,"Plan Width": 14,"Actual Startup Time": 0.015,"Actual Total Time": 0.303,"Actual Rows": 80,"Actual Loops": 393,"Index Cond": "(ps_suppkey = supplier_1.s_suppkey)","Rows Removed by Index Recheck": 0}]}]},{"Node Type": "Aggregate","Strategy": "Hashed","Partial Mode": "Simple","Parent Relationship": "Outer","Parallel Aware": false,"Async Capable": false,"Startup Cost": 4514.26,"Total Cost": 4994.26,"Plan Rows": 10667,"Plan Width": 36,"Actual Startup Time": 371.004,"Actual Total Time": 442.894,"Actual Rows": 1031,"Actual Loops": 1,"Group Key": ["partsupp.ps_partkey"],"Filter": "(sum((partsupp.ps_supplycost * (partsupp.ps_availqty)::numeric)) > $2)","Planned Partitions": 0,"HashAgg Batches": 1,"Peak Memory Usage": 17937,"Disk Usage": 0,"Rows Removed by Filter": 28434,"Plans": [{"Node Type": "Nested Loop","Parent Relationship": "Outer","Parallel Aware": false,"Async Capable": false,"Join Type": "Inner","Startup Cost": 7.81,"Total Cost": 4194.26,"Plan Rows": 32000,"Plan Width": 14,"Actual Startup Time": 0.317,"Actual Total Time": 191.179,"Actual Rows": 31440,"Actual Loops": 1,"Inner Unique": false,"Plans": [{"Node Type": "Nested Loop","Parent Relationship": "Outer","Parallel Aware": false,"Async Capable": false,"Join Type": "Inner","Startup Cost": 7.38,"Total Cost": 244.58,"Plan Rows": 400,"Plan Width": 4,"Actual Startup Time": 0.258,"Actual Total Time": 2.692,"Actual Rows": 393,"Actual Loops": 1,"Inner Unique": false,"Plans": [{"Node Type": "Seq Scan","Parent Relationship": "Outer","Parallel Aware": false,"Async Capable": false,"Relation Name": "nation","Alias": "nation","Startup Cost": 0.00,"Total Cost": 1.31,"Plan Rows": 1,"Plan Width": 4,"Actual Startup Time": 0.065,"Actual Total Time": 0.076,"Actual Rows": 1,"Actual Loops": 1,"Filter": "(n_name = 'UNITED STATES'::bpchar)","Rows Removed by Filter": 24},{"Node Type": "Bitmap Heap Scan","Parent Relationship": "Inner","Parallel Aware": false,"Async Capable": false,"Relation Name": "supplier","Alias": "supplier","Startup Cost": 7.38,"Total Cost": 239.27,"Plan Rows": 400,"Plan Width": 8,"Actual Startup Time": 0.185,"Actual Total Time": 2.562,"Actual Rows": 393,"Actual Loops": 1,"Recheck Cond": "(s_nationkey = nation.n_nationkey)","Rows Removed by Index Recheck": 0,"Exact Heap Blocks": 181,"Lossy Heap Blocks": 0,"Plans": [{"Node Type": "Bitmap Index Scan","Parent Relationship": "Outer","Parallel Aware": false,"Async Capable": false,"Index Name": "idx_supplier_nation_key","Startup Cost": 0.00,"Total Cost": 7.29,"Plan Rows": 400,"Plan Width": 0,"Actual Startup Time": 0.119,"Actual Total Time": 0.122,"Actual Rows": 393,"Actual Loops": 1,"Index Cond": "(s_nationkey = nation.n_nationkey)"}]}]},{"Node Type": "Index Scan","Parent Relationship": "Inner","Parallel Aware": false,"Async Capable": false,"Scan Direction": "Forward","Index Name": "idx_partsupp_suppkey","Relation Name": "partsupp","Alias": "partsupp","Startup Cost": 0.42,"Total Cost": 9.07,"Plan Rows": 80,"Plan Width": 18,"Actual Startup Time": 0.020,"Actual Total Time": 0.468,"Actual Rows": 80,"Actual Loops": 393,"Index Cond": "(ps_suppkey = supplier.s_suppkey)","Rows Removed by Index Recheck": 0}]}]}]},"Planning Time": 7.102,"Triggers": [],"Execution Time": 445.930}]
[{"Plan": {"Node Type": "Sort","Parallel Aware": false,"Async Capable": false,"Startup Cost": 10142.20,"Total Cost": 10168.87,"Plan Rows": 10667,"Plan Width": 36,"Actual Startup Time": 451.065,"Actual Total Time": 451.181,"Actual Rows": 838,"Actual Loops": 1,"Sort Key": ["(sum((partsupp.ps_supplycost * (partsupp.ps_availqty)::numeric))) DESC"],"Sort Method": "quicksort","Sort Space Used": 70,"Sort Space Type": "Memory","Plans": [{"Node Type": "Aggregate","Strategy": "Plain","Partial Mode": "Simple","Parent Relationship": "InitPlan","Subplan Name": "InitPlan 1 (returns $2)","Parallel Aware": false,"Async Capable": false,"Startup Cost": 4434.26,"Total Cost": 4434.27,"Plan Rows": 1,"Plan Width": 32,"Actual Startup Time": 132.717,"Actual Total Time": 132.742,"Actual Rows": 1,"Actual Loops": 1,"Plans": [{"Node Type": "Nested Loop","Parent Relationship": "Outer","Parallel Aware": false,"Async Capable": false,"Join Type": "Inner","Startup Cost": 7.81,"Total Cost": 4194.26,"Plan Rows": 32000,"Plan Width": 10,"Actual Startup Time": 0.228,"Actual Total Time": 125.275,"Actual Rows": 32480,"Actual Loops": 1,"Inner Unique": false,"Plans": [{"Node Type": "Nested Loop","Parent Relationship": "Outer","Parallel Aware": false,"Async Capable": false,"Join Type": "Inner","Startup Cost": 7.38,"Total Cost": 244.58,"Plan Rows": 400,"Plan Width": 4,"Actual Startup Time": 0.174,"Actual Total Time": 1.839,"Actual Rows": 406,"Actual Loops": 1,"Inner Unique": false,"Plans": [{"Node Type": "Seq Scan","Parent Relationship": "Outer","Parallel Aware": false,"Async Capable": false,"Relation Name": "nation","Alias": "nation_1","Startup Cost": 0.00,"Total Cost": 1.31,"Plan Rows": 1,"Plan Width": 4,"Actual Startup Time": 0.052,"Actual Total Time": 0.067,"Actual Rows": 1,"Actual Loops": 1,"Filter": "(n_name = 'MOZAMBIQUE'::bpchar)","Rows Removed by Filter": 24},{"Node Type": "Bitmap Heap Scan","Parent Relationship": "Inner","Parallel Aware": false,"Async Capable": false,"Relation Name": "supplier","Alias": "supplier_1","Startup Cost": 7.38,"Total Cost": 239.27,"Plan Rows": 400,"Plan Width": 8,"Actual Startup Time": 0.112,"Actual Total Time": 1.721,"Actual Rows": 406,"Actual Loops": 1,"Recheck Cond": "(s_nationkey = nation_1.n_nationkey)","Rows Removed by Index Recheck": 0,"Exact Heap Blocks": 186,"Lossy Heap Blocks": 0,"Plans": [{"Node Type": "Bitmap Index Scan","Parent Relationship": "Outer","Parallel Aware": false,"Async Capable": false,"Index Name": "idx_supplier_nation_key","Startup Cost": 0.00,"Total Cost": 7.29,"Plan Rows": 400,"Plan Width": 0,"Actual Startup Time": 0.075,"Actual Total Time": 0.080,"Actual Rows": 406,"Actual Loops": 1,"Index Cond": "(s_nationkey = nation_1.n_nationkey)"}]}]},{"Node Type": "Index Scan","Parent Relationship": "Inner","Parallel Aware": false,"Async Capable": false,"Scan Direction": "Forward","Index Name": "idx_partsupp_suppkey","Relation Name": "partsupp","Alias": "partsupp_1","Startup Cost": 0.42,"Total Cost": 9.07,"Plan Rows": 80,"Plan Width": 14,"Actual Startup Time": 0.015,"Actual Total Time": 0.292,"Actual Rows": 80,"Actual Loops": 406,"Index Cond": "(ps_suppkey = supplier_1.s_suppkey)","Rows Removed by Index Recheck": 0}]}]},{"Node Type": "Aggregate","Strategy": "Hashed","Partial Mode": "Simple","Parent Relationship": "Outer","Parallel Aware": false,"Async Capable": false,"Startup Cost": 4514.26,"Total Cost": 4994.26,"Plan Rows": 10667,"Plan Width": 36,"Actual Startup Time": 378.862,"Actual Total Time": 450.673,"Actual Rows": 838,"Actual Loops": 1,"Group Key": ["partsupp.ps_partkey"],"Filter": "(sum((partsupp.ps_supplycost * (partsupp.ps_availqty)::numeric)) > $2)","Planned Partitions": 0,"HashAgg Batches": 1,"Peak Memory Usage": 17937,"Disk Usage": 0,"Rows Removed by Filter": 29832,"Plans": [{"Node Type": "Nested Loop","Parent Relationship": "Outer","Parallel Aware": false,"Async Capable": false,"Join Type": "Inner","Startup Cost": 7.81,"Total Cost": 4194.26,"Plan Rows": 32000,"Plan Width": 14,"Actual Startup Time": 0.382,"Actual Total Time": 202.282,"Actual Rows": 32480,"Actual Loops": 1,"Inner Unique": false,"Plans": [{"Node Type": "Nested Loop","Parent Relationship": "Outer","Parallel Aware": false,"Async Capable": false,"Join Type": "Inner","Startup Cost": 7.38,"Total Cost": 244.58,"Plan Rows": 400,"Plan Width": 4,"Actual Startup Time": 0.293,"Actual Total Time": 2.810,"Actual Rows": 406,"Actual Loops": 1,"Inner Unique": false,"Plans": [{"Node Type": "Seq Scan","Parent Relationship": "Outer","Parallel Aware": false,"Async Capable": false,"Relation Name": "nation","Alias": "nation","Startup Cost": 0.00,"Total Cost": 1.31,"Plan Rows": 1,"Plan Width": 4,"Actual Startup Time": 0.067,"Actual Total Time": 0.098,"Actual Rows": 1,"Actual Loops": 1,"Filter": "(n_name = 'MOZAMBIQUE'::bpchar)","Rows Removed by Filter": 24},{"Node Type": "Bitmap Heap Scan","Parent Relationship": "Inner","Parallel Aware": false,"Async Capable": false,"Relation Name": "supplier","Alias": "supplier","Startup Cost": 7.38,"Total Cost": 239.27,"Plan Rows": 400,"Plan Width": 8,"Actual Startup Time": 0.220,"Actual Total Time": 2.658,"Actual Rows": 406,"Actual Loops": 1,"Recheck Cond": "(s_nationkey = nation.n_nationkey)","Rows Removed by Index Recheck": 0,"Exact Heap Blocks": 186,"Lossy Heap Blocks": 0,"Plans": [{"Node Type": "Bitmap Index Scan","Parent Relationship": "Outer","Parallel Aware": false,"Async Capable": false,"Index Name": "idx_supplier_nation_key","Startup Cost": 0.00,"Total Cost": 7.29,"Plan Rows": 400,"Plan Width": 0,"Actual Startup Time": 0.147,"Actual Total Time": 0.149,"Actual Rows": 406,"Actual Loops": 1,"Index Cond": "(s_nationkey = nation.n_nationkey)"}]}]},{"Node Type": "Index Scan","Parent Relationship": "Inner","Parallel Aware": false,"Async Capable": false,"Scan Direction": "Forward","Index Name": "idx_partsupp_suppkey","Relation Name": "partsupp","Alias": "partsupp","Startup Cost": 0.42,"Total Cost": 9.07,"Plan Rows": 80,"Plan Width": 18,"Actual Startup Time": 0.020,"Actual Total Time": 0.480,"Actual Rows": 80,"Actual Loops": 406,"Index Cond": "(ps_suppkey = supplier.s_suppkey)","Rows Removed by Index Recheck": 0}]}]}]},"Planning Time": 6.783,"Triggers": [],"Execution Time": 454.405}]
[{"Plan": {"Node Type": "Sort","Parallel Aware": false,"Async Capable": false,"Startup Cost": 10142.20,"Total Cost": 10168.87,"Plan Rows": 10667,"Plan Width": 36,"Actual Startup Time": 449.560,"Actual Total Time": 449.671,"Actual Rows": 907,"Actual Loops": 1,"Sort Key": ["(sum((partsupp.ps_supplycost * (partsupp.ps_availqty)::numeric))) DESC"],"Sort Method": "quicksort","Sort Space Used": 74,"Sort Space Type": "Memory","Plans": [{"Node Type": "Aggregate","Strategy": "Plain","Partial Mode": "Simple","Parent Relationship": "InitPlan","Subplan Name": "InitPlan 1 (returns $2)","Parallel Aware": false,"Async Capable": false,"Startup Cost": 4434.26,"Total Cost": 4434.27,"Plan Rows": 1,"Plan Width": 32,"Actual Startup Time": 134.911,"Actual Total Time": 134.932,"Actual Rows": 1,"Actual Loops": 1,"Plans": [{"Node Type": "Nested Loop","Parent Relationship": "Outer","Parallel Aware": false,"Async Capable": false,"Join Type": "Inner","Startup Cost": 7.81,"Total Cost": 4194.26,"Plan Rows": 32000,"Plan Width": 10,"Actual Startup Time": 0.196,"Actual Total Time": 127.626,"Actual Rows": 31760,"Actual Loops": 1,"Inner Unique": false,"Plans": [{"Node Type": "Nested Loop","Parent Relationship": "Outer","Parallel Aware": false,"Async Capable": false,"Join Type": "Inner","Startup Cost": 7.38,"Total Cost": 244.58,"Plan Rows": 400,"Plan Width": 4,"Actual Startup Time": 0.146,"Actual Total Time": 1.719,"Actual Rows": 397,"Actual Loops": 1,"Inner Unique": false,"Plans": [{"Node Type": "Seq Scan","Parent Relationship": "Outer","Parallel Aware": false,"Async Capable": false,"Relation Name": "nation","Alias": "nation_1","Startup Cost": 0.00,"Total Cost": 1.31,"Plan Rows": 1,"Plan Width": 4,"Actual Startup Time": 0.024,"Actual Total Time": 0.052,"Actual Rows": 1,"Actual Loops": 1,"Filter": "(n_name = 'BRAZIL'::bpchar)","Rows Removed by Filter": 24},{"Node Type": "Bitmap Heap Scan","Parent Relationship": "Inner","Parallel Aware": false,"Async Capable": false,"Relation Name": "supplier","Alias": "supplier_1","Startup Cost": 7.38,"Total Cost": 239.27,"Plan Rows": 400,"Plan Width": 8,"Actual Startup Time": 0.105,"Actual Total Time": 1.602,"Actual Rows": 397,"Actual Loops": 1,"Recheck Cond": "(s_nationkey = nation_1.n_nationkey)","Rows Removed by Index Recheck": 0,"Exact Heap Blocks": 187,"Lossy Heap Blocks": 0,"Plans": [{"Node Type": "Bitmap Index Scan","Parent Relationship": "Outer","Parallel Aware": false,"Async Capable": false,"Index Name": "idx_supplier_nation_key","Startup Cost": 0.00,"Total Cost": 7.29,"Plan Rows": 400,"Plan Width": 0,"Actual Startup Time": 0.071,"Actual Total Time": 0.077,"Actual Rows": 397,"Actual Loops": 1,"Index Cond": "(s_nationkey = nation_1.n_nationkey)"}]}]},{"Node Type": "Index Scan","Parent Relationship": "Inner","Parallel Aware": false,"Async Capable": false,"Scan Direction": "Forward","Index Name": "idx_partsupp_suppkey","Relation Name": "partsupp","Alias": "partsupp_1","Startup Cost": 0.42,"Total Cost": 9.07,"Plan Rows": 80,"Plan Width": 14,"Actual Startup Time": 0.015,"Actual Total Time": 0.304,"Actual Rows": 80,"Actual Loops": 397,"Index Cond": "(ps_suppkey = supplier_1.s_suppkey)","Rows Removed by Index Recheck": 0}]}]},{"Node Type": "Aggregate","Strategy": "Hashed","Partial Mode": "Simple","Parent Relationship": "Outer","Parallel Aware": false,"Async Capable": false,"Startup Cost": 4514.26,"Total Cost": 4994.26,"Plan Rows": 10667,"Plan Width": 36,"Actual Startup Time": 378.380,"Actual Total Time": 449.162,"Actual Rows": 907,"Actual Loops": 1,"Group Key": ["partsupp.ps_partkey"],"Filter": "(sum((partsupp.ps_supplycost * (partsupp.ps_availqty)::numeric)) > $2)","Planned Partitions": 0,"HashAgg Batches": 1,"Peak Memory Usage": 17937,"Disk Usage": 0,"Rows Removed by Filter": 29157,"Plans": [{"Node Type": "Nested Loop","Parent Relationship": "Outer","Parallel Aware": false,"Async Capable": false,"Join Type": "Inner","Startup Cost": 7.81,"Total Cost": 4194.26,"Plan Rows": 32000,"Plan Width": 14,"Actual Startup Time": 0.353,"Actual Total Time": 195.500,"Actual Rows": 31760,"Actual Loops": 1,"Inner Unique": false,"Plans": [{"Node Type": "Nested Loop","Parent Relationship": "Outer","Parallel Aware": false,"Async Capable": false,"Join Type": "Inner","Startup Cost": 7.38,"Total Cost": 244.58,"Plan Rows": 400,"Plan Width": 4,"Actual Startup Time": 0.264,"Actual Total Time": 2.773,"Actual Rows": 397,"Actual Loops": 1,"Inner Unique": false,"Plans": [{"Node Type": "Seq Scan","Parent Relationship": "Outer","Parallel Aware": false,"Async Capable": false,"Relation Name": "nation","Alias": "nation","Startup Cost": 0.00,"Total Cost": 1.31,"Plan Rows": 1,"Plan Width": 4,"Actual Startup Time": 0.057,"Actual Total Time": 0.077,"Actual Rows": 1,"Actual Loops": 1,"Filter": "(n_name = 'BRAZIL'::bpchar)","Rows Removed by Filter": 24},{"Node Type": "Bitmap Heap Scan","Parent Relationship": "Inner","Parallel Aware": false,"Async Capable": false,"Relation Name": "supplier","Alias": "supplier","Startup Cost": 7.38,"Total Cost": 239.27,"Plan Rows": 400,"Plan Width": 8,"Actual Startup Time": 0.205,"Actual Total Time": 2.649,"Actual Rows": 397,"Actual Loops": 1,"Recheck Cond": "(s_nationkey = nation.n_nationkey)","Rows Removed by Index Recheck": 0,"Exact Heap Blocks": 187,"Lossy Heap Blocks": 0,"Plans": [{"Node Type": "Bitmap Index Scan","Parent Relationship": "Outer","Parallel Aware": false,"Async Capable": false,"Index Name": "idx_supplier_nation_key","Startup Cost": 0.00,"Total Cost": 7.29,"Plan Rows": 400,"Plan Width": 0,"Actual Startup Time": 0.130,"Actual Total Time": 0.131,"Actual Rows": 397,"Actual Loops": 1,"Index Cond": "(s_nationkey = nation.n_nationkey)"}]}]},{"Node Type": "Index Scan","Parent Relationship": "Inner","Parallel Aware": false,"Async Capable": false,"Scan Direction": "Forward","Index Name": "idx_partsupp_suppkey","Relation Name": "partsupp","Alias": "partsupp","Startup Cost": 0.42,"Total Cost": 9.07,"Plan Rows": 80,"Plan Width": 18,"Actual Startup Time": 0.020,"Actual Total Time": 0.474,"Actual Rows": 80,"Actual Loops": 397,"Index Cond": "(ps_suppkey = supplier.s_suppkey)","Rows Removed by Index Recheck": 0}]}]}]},"Planning Time": 5.165,"Triggers": [],"Execution Time": 452.133}]
[{"Plan": {"Node Type": "Sort","Parallel Aware": false,"Async Capable": false,"Startup Cost": 10142.20,"Total Cost": 10168.87,"Plan Rows": 10667,"Plan Width": 36,"Actual Startup Time": 431.698,"Actual Total Time": 431.824,"Actual Rows": 911,"Actual Loops": 1,"Sort Key": ["(sum((partsupp.ps_supplycost * (partsupp.ps_availqty)::numeric))) DESC"],"Sort Method": "quicksort","Sort Space Used": 74,"Sort Space Type": "Memory","Plans": [{"Node Type": "Aggregate","Strategy": "Plain","Partial Mode": "Simple","Parent Relationship": "InitPlan","Subplan Name": "InitPlan 1 (returns $2)","Parallel Aware": false,"Async Capable": false,"Startup Cost": 4434.26,"Total Cost": 4434.27,"Plan Rows": 1,"Plan Width": 32,"Actual Startup Time": 129.087,"Actual Total Time": 129.106,"Actual Rows": 1,"Actual Loops": 1,"Plans": [{"Node Type": "Nested Loop","Parent Relationship": "Outer","Parallel Aware": false,"Async Capable": false,"Join Type": "Inner","Startup Cost": 7.81,"Total Cost": 4194.26,"Plan Rows": 32000,"Plan Width": 10,"Actual Startup Time": 0.210,"Actual Total Time": 121.870,"Actual Rows": 32160,"Actual Loops": 1,"Inner Unique": false,"Plans": [{"Node Type": "Nested Loop","Parent Relationship": "Outer","Parallel Aware": false,"Async Capable": false,"Join Type": "Inner","Startup Cost": 7.38,"Total Cost": 244.58,"Plan Rows": 400,"Plan Width": 4,"Actual Startup Time": 0.174,"Actual Total Time": 1.780,"Actual Rows": 402,"Actual Loops": 1,"Inner Unique": false,"Plans": [{"Node Type": "Seq Scan","Parent Relationship": "Outer","Parallel Aware": false,"Async Capable": false,"Relation Name": "nation","Alias": "nation_1","Startup Cost": 0.00,"Total Cost": 1.31,"Plan Rows": 1,"Plan Width": 4,"Actual Startup Time": 0.036,"Actual Total Time": 0.056,"Actual Rows": 1,"Actual Loops": 1,"Filter": "(n_name = 'FRANCE'::bpchar)","Rows Removed by Filter": 24},{"Node Type": "Bitmap Heap Scan","Parent Relationship": "Inner","Parallel Aware": false,"Async Capable": false,"Relation Name": "supplier","Alias": "supplier_1","Startup Cost": 7.38,"Total Cost": 239.27,"Plan Rows": 400,"Plan Width": 8,"Actual Startup Time": 0.119,"Actual Total Time": 1.663,"Actual Rows": 402,"Actual Loops": 1,"Recheck Cond": "(s_nationkey = nation_1.n_nationkey)","Rows Removed by Index Recheck": 0,"Exact Heap Blocks": 184,"Lossy Heap Blocks": 0,"Plans": [{"Node Type": "Bitmap Index Scan","Parent Relationship": "Outer","Parallel Aware": false,"Async Capable": false,"Index Name": "idx_supplier_nation_key","Startup Cost": 0.00,"Total Cost": 7.29,"Plan Rows": 400,"Plan Width": 0,"Actual Startup Time": 0.075,"Actual Total Time": 0.079,"Actual Rows": 402,"Actual Loops": 1,"Index Cond": "(s_nationkey = nation_1.n_nationkey)"}]}]},{"Node Type": "Index Scan","Parent Relationship": "Inner","Parallel Aware": false,"Async Capable": false,"Scan Direction": "Forward","Index Name": "idx_partsupp_suppkey","Relation Name": "partsupp","Alias": "partsupp_1","Startup Cost": 0.42,"Total Cost": 9.07,"Plan Rows": 80,"Plan Width": 14,"Actual Startup Time": 0.014,"Actual Total Time": 0.286,"Actual Rows": 80,"Actual Loops": 402,"Index Cond": "(ps_suppkey = supplier_1.s_suppkey)","Rows Removed by Index Recheck": 0}]}]},{"Node Type": "Aggregate","Strategy": "Hashed","Partial Mode": "Simple","Parent Relationship": "Outer","Parallel Aware": false,"Async Capable": false,"Startup Cost": 4514.26,"Total Cost": 4994.26,"Plan Rows": 10667,"Plan Width": 36,"Actual Startup Time": 359.069,"Actual Total Time": 431.218,"Actual Rows": 911,"Actual Loops": 1,"Group Key": ["partsupp.ps_partkey"],"Filter": "(sum((partsupp.ps_supplycost * (partsupp.ps_availqty)::numeric)) > $2)","Planned Partitions": 0,"HashAgg Batches": 1,"Peak Memory Usage": 17937,"Disk Usage": 0,"Rows Removed by Filter": 29336,"Plans": [{"Node Type": "Nested Loop","Parent Relationship": "Outer","Parallel Aware": false,"Async Capable": false,"Join Type": "Inner","Startup Cost": 7.81,"Total Cost": 4194.26,"Plan Rows": 32000,"Plan Width": 14,"Actual Startup Time": 0.330,"Actual Total Time": 187.860,"Actual Rows": 32160,"Actual Loops": 1,"Inner Unique": false,"Plans": [{"Node Type": "Nested Loop","Parent Relationship": "Outer","Parallel Aware": false,"Async Capable": false,"Join Type": "Inner","Startup Cost": 7.38,"Total Cost": 244.58,"Plan Rows": 400,"Plan Width": 4,"Actual Startup Time": 0.249,"Actual Total Time": 2.513,"Actual Rows": 402,"Actual Loops": 1,"Inner Unique": false,"Plans": [{"Node Type": "Seq Scan","Parent Relationship": "Outer","Parallel Aware": false,"Async Capable": false,"Relation Name": "nation","Alias": "nation","Startup Cost": 0.00,"Total Cost": 1.31,"Plan Rows": 1,"Plan Width": 4,"Actual Startup Time": 0.077,"Actual Total Time": 0.097,"Actual Rows": 1,"Actual Loops": 1,"Filter": "(n_name = 'FRANCE'::bpchar)","Rows Removed by Filter": 24},{"Node Type": "Bitmap Heap Scan","Parent Relationship": "Inner","Parallel Aware": false,"Async Capable": false,"Relation Name": "supplier","Alias": "supplier","Startup Cost": 7.38,"Total Cost": 239.27,"Plan Rows": 400,"Plan Width": 8,"Actual Startup Time": 0.163,"Actual Total Time": 2.362,"Actual Rows": 402,"Actual Loops": 1,"Recheck Cond": "(s_nationkey = nation.n_nationkey)","Rows Removed by Index Recheck": 0,"Exact Heap Blocks": 184,"Lossy Heap Blocks": 0,"Plans": [{"Node Type": "Bitmap Index Scan","Parent Relationship": "Outer","Parallel Aware": false,"Async Capable": false,"Index Name": "idx_supplier_nation_key","Startup Cost": 0.00,"Total Cost": 7.29,"Plan Rows": 400,"Plan Width": 0,"Actual Startup Time": 0.112,"Actual Total Time": 0.113,"Actual Rows": 402,"Actual Loops": 1,"Index Cond": "(s_nationkey = nation.n_nationkey)"}]}]},{"Node Type": "Index Scan","Parent Relationship": "Inner","Parallel Aware": false,"Async Capable": false,"Scan Direction": "Forward","Index Name": "idx_partsupp_suppkey","Relation Name": "partsupp","Alias": "partsupp","Startup Cost": 0.42,"Total Cost": 9.07,"Plan Rows": 80,"Plan Width": 18,"Actual Startup Time": 0.018,"Actual Total Time": 0.449,"Actual Rows": 80,"Actual Loops": 402,"Index Cond": "(ps_suppkey = supplier.s_suppkey)","Rows Removed by Index Recheck": 0}]}]}]},"Planning Time": 7.171,"Triggers": [],"Execution Time": 434.998}]
[{"Plan": {"Node Type": "Sort","Parallel Aware": false,"Async Capable": false,"Startup Cost": 10142.20,"Total Cost": 10168.87,"Plan Rows": 10667,"Plan Width": 36,"Actual Startup Time": 464.748,"Actual Total Time": 464.880,"Actual Rows": 665,"Actual Loops": 1,"Sort Key": ["(sum((partsupp.ps_supplycost * (partsupp.ps_availqty)::numeric))) DESC"],"Sort Method": "quicksort","Sort Space Used": 61,"Sort Space Type": "Memory","Plans": [{"Node Type": "Aggregate","Strategy": "Plain","Partial Mode": "Simple","Parent Relationship": "InitPlan","Subplan Name": "InitPlan 1 (returns $2)","Parallel Aware": false,"Async Capable": false,"Startup Cost": 4434.26,"Total Cost": 4434.27,"Plan Rows": 1,"Plan Width": 32,"Actual Startup Time": 134.444,"Actual Total Time": 134.478,"Actual Rows": 1,"Actual Loops": 1,"Plans": [{"Node Type": "Nested Loop","Parent Relationship": "Outer","Parallel Aware": false,"Async Capable": false,"Join Type": "Inner","Startup Cost": 7.81,"Total Cost": 4194.26,"Plan Rows": 32000,"Plan Width": 10,"Actual Startup Time": 0.195,"Actual Total Time": 126.758,"Actual Rows": 33600,"Actual Loops": 1,"Inner Unique": false,"Plans": [{"Node Type": "Nested Loop","Parent Relationship": "Outer","Parallel Aware": false,"Async Capable": false,"Join Type": "Inner","Startup Cost": 7.38,"Total Cost": 244.58,"Plan Rows": 400,"Plan Width": 4,"Actual Startup Time": 0.143,"Actual Total Time": 1.895,"Actual Rows": 420,"Actual Loops": 1,"Inner Unique": false,"Plans": [{"Node Type": "Seq Scan","Parent Relationship": "Outer","Parallel Aware": false,"Async Capable": false,"Relation Name": "nation","Alias": "nation_1","Startup Cost": 0.00,"Total Cost": 1.31,"Plan Rows": 1,"Plan Width": 4,"Actual Startup Time": 0.024,"Actual Total Time": 0.046,"Actual Rows": 1,"Actual Loops": 1,"Filter": "(n_name = 'ALGERIA'::bpchar)","Rows Removed by Filter": 24},{"Node Type": "Bitmap Heap Scan","Parent Relationship": "Inner","Parallel Aware": false,"Async Capable": false,"Relation Name": "supplier","Alias": "supplier_1","Startup Cost": 7.38,"Total Cost": 239.27,"Plan Rows": 400,"Plan Width": 8,"Actual Startup Time": 0.107,"Actual Total Time": 1.788,"Actual Rows": 420,"Actual Loops": 1,"Recheck Cond": "(s_nationkey = nation_1.n_nationkey)","Rows Removed by Index Recheck": 0,"Exact Heap Blocks": 197,"Lossy Heap Blocks": 0,"Plans": [{"Node Type": "Bitmap Index Scan","Parent Relationship": "Outer","Parallel Aware": false,"Async Capable": false,"Index Name": "idx_supplier_nation_key","Startup Cost": 0.00,"Total Cost": 7.29,"Plan Rows": 400,"Plan Width": 0,"Actual Startup Time": 0.069,"Actual Total Time": 0.076,"Actual Rows": 420,"Actual Loops": 1,"Index Cond": "(s_nationkey = nation_1.n_nationkey)"}]}]},{"Node Type": "Index Scan","Parent Relationship": "Inner","Parallel Aware": false,"Async Capable": false,"Scan Direction": "Forward","Index Name": "idx_partsupp_suppkey","Relation Name": "partsupp","Alias": "partsupp_1","Startup Cost": 0.42,"Total Cost": 9.07,"Plan Rows": 80,"Plan Width": 14,"Actual Startup Time": 0.014,"Actual Total Time": 0.285,"Actual Rows": 80,"Actual Loops": 420,"Index Cond": "(ps_suppkey = supplier_1.s_suppkey)","Rows Removed by Index Recheck": 0}]}]},{"Node Type": "Aggregate","Strategy": "Hashed","Partial Mode": "Simple","Parent Relationship": "Outer","Parallel Aware": false,"Async Capable": false,"Startup Cost": 4514.26,"Total Cost": 4994.26,"Plan Rows": 10667,"Plan Width": 36,"Actual Startup Time": 388.152,"Actual Total Time": 464.346,"Actual Rows": 665,"Actual Loops": 1,"Group Key": ["partsupp.ps_partkey"],"Filter": "(sum((partsupp.ps_supplycost * (partsupp.ps_availqty)::numeric)) > $2)","Planned Partitions": 0,"HashAgg Batches": 1,"Peak Memory Usage": 17937,"Disk Usage": 0,"Rows Removed by Filter": 30920,"Plans": [{"Node Type": "Nested Loop","Parent Relationship": "Outer","Parallel Aware": false,"Async Capable": false,"Join Type": "Inner","Startup Cost": 7.81,"Total Cost": 4194.26,"Plan Rows": 32000,"Plan Width": 14,"Actual Startup Time": 0.388,"Actual Total Time": 207.629,"Actual Rows": 33600,"Actual Loops": 1,"Inner Unique": false,"Plans": [{"Node Type": "Nested Loop","Parent Relationship": "Outer","Parallel Aware": false,"Async Capable": false,"Join Type": "Inner","Startup Cost": 7.38,"Total Cost": 244.58,"Plan Rows": 400,"Plan Width": 4,"Actual Startup Time": 0.274,"Actual Total Time": 2.984,"Actual Rows": 420,"Actual Loops": 1,"Inner Unique": false,"Plans": [{"Node Type": "Seq Scan","Parent Relationship": "Outer","Parallel Aware": false,"Async Capable": false,"Relation Name": "nation","Alias": "nation","Startup Cost": 0.00,"Total Cost": 1.31,"Plan Rows": 1,"Plan Width": 4,"Actual Startup Time": 0.081,"Actual Total Time": 0.099,"Actual Rows": 1,"Actual Loops": 1,"Filter": "(n_name = 'ALGERIA'::bpchar)","Rows Removed by Filter": 24},{"Node Type": "Bitmap Heap Scan","Parent Relationship": "Inner","Parallel Aware": false,"Async Capable": false,"Relation Name": "supplier","Alias": "supplier","Startup Cost": 7.38,"Total Cost": 239.27,"Plan Rows": 400,"Plan Width": 8,"Actual Startup Time": 0.184,"Actual Total Time": 2.823,"Actual Rows": 420,"Actual Loops": 1,"Recheck Cond": "(s_nationkey = nation.n_nationkey)","Rows Removed by Index Recheck": 0,"Exact Heap Blocks": 197,"Lossy Heap Blocks": 0,"Plans": [{"Node Type": "Bitmap Index Scan","Parent Relationship": "Outer","Parallel Aware": false,"Async Capable": false,"Index Name": "idx_supplier_nation_key","Startup Cost": 0.00,"Total Cost": 7.29,"Plan Rows": 400,"Plan Width": 0,"Actual Startup Time": 0.105,"Actual Total Time": 0.106,"Actual Rows": 420,"Actual Loops": 1,"Index Cond": "(s_nationkey = nation.n_nationkey)"}]}]},{"Node Type": "Index Scan","Parent Relationship": "Inner","Parallel Aware": false,"Async Capable": false,"Scan Direction": "Forward","Index Name": "idx_partsupp_suppkey","Relation Name": "partsupp","Alias": "partsupp","Startup Cost": 0.42,"Total Cost": 9.07,"Plan Rows": 80,"Plan Width": 18,"Actual Startup Time": 0.019,"Actual Total Time": 0.475,"Actual Rows": 80,"Actual Loops": 420,"Index Cond": "(ps_suppkey = supplier.s_suppkey)","Rows Removed by Index Recheck": 0}]}]}]},"Planning Time": 6.930,"Triggers": [],"Execution Time": 468.122}]
[{"Plan": {"Node Type": "Sort","Parallel Aware": false,"Async Capable": false,"Startup Cost": 10142.20,"Total Cost": 10168.87,"Plan Rows": 10667,"Plan Width": 36,"Actual Startup Time": 433.392,"Actual Total Time": 433.521,"Actual Rows": 1062,"Actual Loops": 1,"Sort Key": ["(sum((partsupp.ps_supplycost * (partsupp.ps_availqty)::numeric))) DESC"],"Sort Method": "quicksort","Sort Space Used": 107,"Sort Space Type": "Memory","Plans": [{"Node Type": "Aggregate","Strategy": "Plain","Partial Mode": "Simple","Parent Relationship": "InitPlan","Subplan Name": "InitPlan 1 (returns $2)","Parallel Aware": false,"Async Capable": false,"Startup Cost": 4434.26,"Total Cost": 4434.27,"Plan Rows": 1,"Plan Width": 32,"Actual Startup Time": 125.971,"Actual Total Time": 125.990,"Actual Rows": 1,"Actual Loops": 1,"Plans": [{"Node Type": "Nested Loop","Parent Relationship": "Outer","Parallel Aware": false,"Async Capable": false,"Join Type": "Inner","Startup Cost": 7.81,"Total Cost": 4194.26,"Plan Rows": 32000,"Plan Width": 10,"Actual Startup Time": 0.203,"Actual Total Time": 118.781,"Actual Rows": 31440,"Actual Loops": 1,"Inner Unique": false,"Plans": [{"Node Type": "Nested Loop","Parent Relationship": "Outer","Parallel Aware": false,"Async Capable": false,"Join Type": "Inner","Startup Cost": 7.38,"Total Cost": 244.58,"Plan Rows": 400,"Plan Width": 4,"Actual Startup Time": 0.157,"Actual Total Time": 1.656,"Actual Rows": 393,"Actual Loops": 1,"Inner Unique": false,"Plans": [{"Node Type": "Seq Scan","Parent Relationship": "Outer","Parallel Aware": false,"Async Capable": false,"Relation Name": "nation","Alias": "nation_1","Startup Cost": 0.00,"Total Cost": 1.31,"Plan Rows": 1,"Plan Width": 4,"Actual Startup Time": 0.034,"Actual Total Time": 0.054,"Actual Rows": 1,"Actual Loops": 1,"Filter": "(n_name = 'IRAN'::bpchar)","Rows Removed by Filter": 24},{"Node Type": "Bitmap Heap Scan","Parent Relationship": "Inner","Parallel Aware": false,"Async Capable": false,"Relation Name": "supplier","Alias": "supplier_1","Startup Cost": 7.38,"Total Cost": 239.27,"Plan Rows": 400,"Plan Width": 8,"Actual Startup Time": 0.107,"Actual Total Time": 1.545,"Actual Rows": 393,"Actual Loops": 1,"Recheck Cond": "(s_nationkey = nation_1.n_nationkey)","Rows Removed by Index Recheck": 0,"Exact Heap Blocks": 179,"Lossy Heap Blocks": 0,"Plans": [{"Node Type": "Bitmap Index Scan","Parent Relationship": "Outer","Parallel Aware": false,"Async Capable": false,"Index Name": "idx_supplier_nation_key","Startup Cost": 0.00,"Total Cost": 7.29,"Plan Rows": 400,"Plan Width": 0,"Actual Startup Time": 0.076,"Actual Total Time": 0.080,"Actual Rows": 393,"Actual Loops": 1,"Index Cond": "(s_nationkey = nation_1.n_nationkey)"}]}]},{"Node Type": "Index Scan","Parent Relationship": "Inner","Parallel Aware": false,"Async Capable": false,"Scan Direction": "Forward","Index Name": "idx_partsupp_suppkey","Relation Name": "partsupp","Alias": "partsupp_1","Startup Cost": 0.42,"Total Cost": 9.07,"Plan Rows": 80,"Plan Width": 14,"Actual Startup Time": 0.014,"Actual Total Time": 0.286,"Actual Rows": 80,"Actual Loops": 393,"Index Cond": "(ps_suppkey = supplier_1.s_suppkey)","Rows Removed by Index Recheck": 0}]}]},{"Node Type": "Aggregate","Strategy": "Hashed","Partial Mode": "Simple","Parent Relationship": "Outer","Parallel Aware": false,"Async Capable": false,"Startup Cost": 4514.26,"Total Cost": 4994.26,"Plan Rows": 10667,"Plan Width": 36,"Actual Startup Time": 362.794,"Actual Total Time": 432.898,"Actual Rows": 1062,"Actual Loops": 1,"Group Key": ["partsupp.ps_partkey"],"Filter": "(sum((partsupp.ps_supplycost * (partsupp.ps_availqty)::numeric)) > $2)","Planned Partitions": 0,"HashAgg Batches": 1,"Peak Memory Usage": 17937,"Disk Usage": 0,"Rows Removed by Filter": 28595,"Plans": [{"Node Type": "Nested Loop","Parent Relationship": "Outer","Parallel Aware": false,"Async Capable": false,"Join Type": "Inner","Startup Cost": 7.81,"Total Cost": 4194.26,"Plan Rows": 32000,"Plan Width": 14,"Actual Startup Time": 0.338,"Actual Total Time": 194.810,"Actual Rows": 31440,"Actual Loops": 1,"Inner Unique": false,"Plans": [{"Node Type": "Nested Loop","Parent Relationship": "Outer","Parallel Aware": false,"Async Capable": false,"Join Type": "Inner","Startup Cost": 7.38,"Total Cost": 244.58,"Plan Rows": 400,"Plan Width": 4,"Actual Startup Time": 0.285,"Actual Total Time": 2.779,"Actual Rows": 393,"Actual Loops": 1,"Inner Unique": false,"Plans": [{"Node Type": "Seq Scan","Parent Relationship": "Outer","Parallel Aware": false,"Async Capable": false,"Relation Name": "nation","Alias": "nation","Startup Cost": 0.00,"Total Cost": 1.31,"Plan Rows": 1,"Plan Width": 4,"Actual Startup Time": 0.074,"Actual Total Time": 0.096,"Actual Rows": 1,"Actual Loops": 1,"Filter": "(n_name = 'IRAN'::bpchar)","Rows Removed by Filter": 24},{"Node Type": "Bitmap Heap Scan","Parent Relationship": "Inner","Parallel Aware": false,"Async Capable": false,"Relation Name": "supplier","Alias": "supplier","Startup Cost": 7.38,"Total Cost": 239.27,"Plan Rows": 400,"Plan Width": 8,"Actual Startup Time": 0.203,"Actual Total Time": 2.632,"Actual Rows": 393,"Actual Loops": 1,"Recheck Cond": "(s_nationkey = nation.n_nationkey)","Rows Removed by Index Recheck": 0,"Exact Heap Blocks": 179,"Lossy Heap Blocks": 0,"Plans": [{"Node Type": "Bitmap Index Scan","Parent Relationship": "Outer","Parallel Aware": false,"Async Capable": false,"Index Name": "idx_supplier_nation_key","Startup Cost": 0.00,"Total Cost": 7.29,"Plan Rows": 400,"Plan Width": 0,"Actual Startup Time": 0.138,"Actual Total Time": 0.139,"Actual Rows": 393,"Actual Loops": 1,"Index Cond": "(s_nationkey = nation.n_nationkey)"}]}]},{"Node Type": "Index Scan","Parent Relationship": "Inner","Parallel Aware": false,"Async Capable": false,"Scan Direction": "Forward","Index Name": "idx_partsupp_suppkey","Relation Name": "partsupp","Alias": "partsupp","Startup Cost": 0.42,"Total Cost": 9.07,"Plan Rows": 80,"Plan Width": 18,"Actual Startup Time": 0.019,"Actual Total Time": 0.477,"Actual Rows": 80,"Actual Loops": 393,"Index Cond": "(ps_suppkey = supplier.s_suppkey)","Rows Removed by Index Recheck": 0}]}]}]},"Planning Time": 6.603,"Triggers": [],"Execution Time": 437.000}]
[{"Plan": {"Node Type": "Sort","Parallel Aware": false,"Async Capable": false,"Startup Cost": 10142.20,"Total Cost": 10168.87,"Plan Rows": 10667,"Plan Width": 36,"Actual Startup Time": 438.718,"Actual Total Time": 438.846,"Actual Rows": 919,"Actual Loops": 1,"Sort Key": ["(sum((partsupp.ps_supplycost * (partsupp.ps_availqty)::numeric))) DESC"],"Sort Method": "quicksort","Sort Space Used": 75,"Sort Space Type": "Memory","Plans": [{"Node Type": "Aggregate","Strategy": "Plain","Partial Mode": "Simple","Parent Relationship": "InitPlan","Subplan Name": "InitPlan 1 (returns $2)","Parallel Aware": false,"Async Capable": false,"Startup Cost": 4434.26,"Total Cost": 4434.27,"Plan Rows": 1,"Plan Width": 32,"Actual Startup Time": 130.550,"Actual Total Time": 130.572,"Actual Rows": 1,"Actual Loops": 1,"Plans": [{"Node Type": "Nested Loop","Parent Relationship": "Outer","Parallel Aware": false,"Async Capable": false,"Join Type": "Inner","Startup Cost": 7.81,"Total Cost": 4194.26,"Plan Rows": 32000,"Plan Width": 10,"Actual Startup Time": 0.239,"Actual Total Time": 123.231,"Actual Rows": 32080,"Actual Loops": 1,"Inner Unique": false,"Plans": [{"Node Type": "Nested Loop","Parent Relationship": "Outer","Parallel Aware": false,"Async Capable": false,"Join Type": "Inner","Startup Cost": 7.38,"Total Cost": 244.58,"Plan Rows": 400,"Plan Width": 4,"Actual Startup Time": 0.189,"Actual Total Time": 1.751,"Actual Rows": 401,"Actual Loops": 1,"Inner Unique": false,"Plans": [{"Node Type": "Seq Scan","Parent Relationship": "Outer","Parallel Aware": false,"Async Capable": false,"Relation Name": "nation","Alias": "nation_1","Startup Cost": 0.00,"Total Cost": 1.31,"Plan Rows": 1,"Plan Width": 4,"Actual Startup Time": 0.044,"Actual Total Time": 0.061,"Actual Rows": 1,"Actual Loops": 1,"Filter": "(n_name = 'RUSSIA'::bpchar)","Rows Removed by Filter": 24},{"Node Type": "Bitmap Heap Scan","Parent Relationship": "Inner","Parallel Aware": false,"Async Capable": false,"Relation Name": "supplier","Alias": "supplier_1","Startup Cost": 7.38,"Total Cost": 239.27,"Plan Rows": 400,"Plan Width": 8,"Actual Startup Time": 0.130,"Actual Total Time": 1.632,"Actual Rows": 401,"Actual Loops": 1,"Recheck Cond": "(s_nationkey = nation_1.n_nationkey)","Rows Removed by Index Recheck": 0,"Exact Heap Blocks": 180,"Lossy Heap Blocks": 0,"Plans": [{"Node Type": "Bitmap Index Scan","Parent Relationship": "Outer","Parallel Aware": false,"Async Capable": false,"Index Name": "idx_supplier_nation_key","Startup Cost": 0.00,"Total Cost": 7.29,"Plan Rows": 400,"Plan Width": 0,"Actual Startup Time": 0.092,"Actual Total Time": 0.094,"Actual Rows": 401,"Actual Loops": 1,"Index Cond": "(s_nationkey = nation_1.n_nationkey)"}]}]},{"Node Type": "Index Scan","Parent Relationship": "Inner","Parallel Aware": false,"Async Capable": false,"Scan Direction": "Forward","Index Name": "idx_partsupp_suppkey","Relation Name": "partsupp","Alias": "partsupp_1","Startup Cost": 0.42,"Total Cost": 9.07,"Plan Rows": 80,"Plan Width": 14,"Actual Startup Time": 0.014,"Actual Total Time": 0.291,"Actual Rows": 80,"Actual Loops": 401,"Index Cond": "(ps_suppkey = supplier_1.s_suppkey)","Rows Removed by Index Recheck": 0}]}]},{"Node Type": "Aggregate","Strategy": "Hashed","Partial Mode": "Simple","Parent Relationship": "Outer","Parallel Aware": false,"Async Capable": false,"Startup Cost": 4514.26,"Total Cost": 4994.26,"Plan Rows": 10667,"Plan Width": 36,"Actual Startup Time": 367.075,"Actual Total Time": 438.260,"Actual Rows": 919,"Actual Loops": 1,"Group Key": ["partsupp.ps_partkey"],"Filter": "(sum((partsupp.ps_supplycost * (partsupp.ps_availqty)::numeric)) > $2)","Planned Partitions": 0,"HashAgg Batches": 1,"Peak Memory Usage": 17937,"Disk Usage": 0,"Rows Removed by Filter": 29289,"Plans": [{"Node Type": "Nested Loop","Parent Relationship": "Outer","Parallel Aware": false,"Async Capable": false,"Join Type": "Inner","Startup Cost": 7.81,"Total Cost": 4194.26,"Plan Rows": 32000,"Plan Width": 14,"Actual Startup Time": 0.388,"Actual Total Time": 194.500,"Actual Rows": 32080,"Actual Loops": 1,"Inner Unique": false,"Plans": [{"Node Type": "Nested Loop","Parent Relationship": "Outer","Parallel Aware": false,"Async Capable": false,"Join Type": "Inner","Startup Cost": 7.38,"Total Cost": 244.58,"Plan Rows": 400,"Plan Width": 4,"Actual Startup Time": 0.281,"Actual Total Time": 2.675,"Actual Rows": 401,"Actual Loops": 1,"Inner Unique": false,"Plans": [{"Node Type": "Seq Scan","Parent Relationship": "Outer","Parallel Aware": false,"Async Capable": false,"Relation Name": "nation","Alias": "nation","Startup Cost": 0.00,"Total Cost": 1.31,"Plan Rows": 1,"Plan Width": 4,"Actual Startup Time": 0.057,"Actual Total Time": 0.080,"Actual Rows": 1,"Actual Loops": 1,"Filter": "(n_name = 'RUSSIA'::bpchar)","Rows Removed by Filter": 24},{"Node Type": "Bitmap Heap Scan","Parent Relationship": "Inner","Parallel Aware": false,"Async Capable": false,"Relation Name": "supplier","Alias": "supplier","Startup Cost": 7.38,"Total Cost": 239.27,"Plan Rows": 400,"Plan Width": 8,"Actual Startup Time": 0.220,"Actual Total Time": 2.546,"Actual Rows": 401,"Actual Loops": 1,"Recheck Cond": "(s_nationkey = nation.n_nationkey)","Rows Removed by Index Recheck": 0,"Exact Heap Blocks": 180,"Lossy Heap Blocks": 0,"Plans": [{"Node Type": "Bitmap Index Scan","Parent Relationship": "Outer","Parallel Aware": false,"Async Capable": false,"Index Name": "idx_supplier_nation_key","Startup Cost": 0.00,"Total Cost": 7.29,"Plan Rows": 400,"Plan Width": 0,"Actual Startup Time": 0.151,"Actual Total Time": 0.154,"Actual Rows": 401,"Actual Loops": 1,"Index Cond": "(s_nationkey = nation.n_nationkey)"}]}]},{"Node Type": "Index Scan","Parent Relationship": "Inner","Parallel Aware": false,"Async Capable": false,"Scan Direction": "Forward","Index Name": "idx_partsupp_suppkey","Relation Name": "partsupp","Alias": "partsupp","Startup Cost": 0.42,"Total Cost": 9.07,"Plan Rows": 80,"Plan Width": 18,"Actual Startup Time": 0.018,"Actual Total Time": 0.467,"Actual Rows": 80,"Actual Loops": 401,"Index Cond": "(ps_suppkey = supplier.s_suppkey)","Rows Removed by Index Recheck": 0}]}]}]},"Planning Time": 6.216,"Triggers": [],"Execution Time": 442.343}]
[{"Plan": {"Node Type": "Sort","Parallel Aware": false,"Async Capable": false,"Startup Cost": 10142.20,"Total Cost": 10168.87,"Plan Rows": 10667,"Plan Width": 36,"Actual Startup Time": 443.389,"Actual Total Time": 443.514,"Actual Rows": 1031,"Actual Loops": 1,"Sort Key": ["(sum((partsupp.ps_supplycost * (partsupp.ps_availqty)::numeric))) DESC"],"Sort Method": "quicksort","Sort Space Used": 105,"Sort Space Type": "Memory","Plans": [{"Node Type": "Aggregate","Strategy": "Plain","Partial Mode": "Simple","Parent Relationship": "InitPlan","Subplan Name": "InitPlan 1 (returns $2)","Parallel Aware": false,"Async Capable": false,"Startup Cost": 4434.26,"Total Cost": 4434.27,"Plan Rows": 1,"Plan Width": 32,"Actual Startup Time": 132.940,"Actual Total Time": 132.957,"Actual Rows": 1,"Actual Loops": 1,"Plans": [{"Node Type": "Nested Loop","Parent Relationship": "Outer","Parallel Aware": false,"Async Capable": false,"Join Type": "Inner","Startup Cost": 7.81,"Total Cost": 4194.26,"Plan Rows": 32000,"Plan Width": 10,"Actual Startup Time": 0.263,"Actual Total Time": 125.681,"Actual Rows": 31440,"Actual Loops": 1,"Inner Unique": false,"Plans": [{"Node Type": "Nested Loop","Parent Relationship": "Outer","Parallel Aware": false,"Async Capable": false,"Join Type": "Inner","Startup Cost": 7.38,"Total Cost": 244.58,"Plan Rows": 400,"Plan Width": 4,"Actual Startup Time": 0.205,"Actual Total Time": 1.775,"Actual Rows": 393,"Actual Loops": 1,"Inner Unique": false,"Plans": [{"Node Type": "Seq Scan","Parent Relationship": "Outer","Parallel Aware": false,"Async Capable": false,"Relation Name": "nation","Alias": "nation_1","Startup Cost": 0.00,"Total Cost": 1.31,"Plan Rows": 1,"Plan Width": 4,"Actual Startup Time": 0.056,"Actual Total Time": 0.062,"Actual Rows": 1,"Actual Loops": 1,"Filter": "(n_name = 'UNITED STATES'::bpchar)","Rows Removed by Filter": 24},{"Node Type": "Bitmap Heap Scan","Parent Relationship": "Inner","Parallel Aware": false,"Async Capable": false,"Relation Name": "supplier","Alias": "supplier_1","Startup Cost": 7.38,"Total Cost": 239.27,"Plan Rows": 400,"Plan Width": 8,"Actual Startup Time": 0.126,"Actual Total Time": 1.648,"Actual Rows": 393,"Actual Loops": 1,"Recheck Cond": "(s_nationkey = nation_1.n_nationkey)","Rows Removed by Index Recheck": 0,"Exact Heap Blocks": 181,"Lossy Heap Blocks": 0,"Plans": [{"Node Type": "Bitmap Index Scan","Parent Relationship": "Outer","Parallel Aware": false,"Async Capable": false,"Index Name": "idx_supplier_nation_key","Startup Cost": 0.00,"Total Cost": 7.29,"Plan Rows": 400,"Plan Width": 0,"Actual Startup Time": 0.087,"Actual Total Time": 0.091,"Actual Rows": 393,"Actual Loops": 1,"Index Cond": "(s_nationkey = nation_1.n_nationkey)"}]}]},{"Node Type": "Index Scan","Parent Relationship": "Inner","Parallel Aware": false,"Async Capable": false,"Scan Direction": "Forward","Index Name": "idx_partsupp_suppkey","Relation Name": "partsupp","Alias": "partsupp_1","Startup Cost": 0.42,"Total Cost": 9.07,"Plan Rows": 80,"Plan Width": 14,"Actual Startup Time": 0.015,"Actual Total Time": 0.303,"Actual Rows": 80,"Actual Loops": 393,"Index Cond": "(ps_suppkey = supplier_1.s_suppkey)","Rows Removed by Index Recheck": 0}]}]},{"Node Type": "Aggregate","Strategy": "Hashed","Partial Mode": "Simple","Parent Relationship": "Outer","Parallel Aware": false,"Async Capable": false,"Startup Cost": 4514.26,"Total Cost": 4994.26,"Plan Rows": 10667,"Plan Width": 36,"Actual Startup Time": 371.004,"Actual Total Time": 442.894,"Actual Rows": 1031,"Actual Loops": 1,"Group Key": ["partsupp.ps_partkey"],"Filter": "(sum((partsupp.ps_supplycost * (partsupp.ps_availqty)::numeric)) > $2)","Planned Partitions": 0,"HashAgg Batches": 1,"Peak Memory Usage": 17937,"Disk Usage": 0,"Rows Removed by Filter": 28434,"Plans": [{"Node Type": "Nested Loop","Parent Relationship": "Outer","Parallel Aware": false,"Async Capable": false,"Join Type": "Inner","Startup Cost": 7.81,"Total Cost": 4194.26,"Plan Rows": 32000,"Plan Width": 14,"Actual Startup Time": 0.317,"Actual Total Time": 191.179,"Actual Rows": 31440,"Actual Loops": 1,"Inner Unique": false,"Plans": [{"Node Type": "Nested Loop","Parent Relationship": "Outer","Parallel Aware": false,"Async Capable": false,"Join Type": "Inner","Startup Cost": 7.38,"Total Cost": 244.58,"Plan Rows": 400,"Plan Width": 4,"Actual Startup Time": 0.258,"Actual Total Time": 2.692,"Actual Rows": 393,"Actual Loops": 1,"Inner Unique": false,"Plans": [{"Node Type": "Seq Scan","Parent Relationship": "Outer","Parallel Aware": false,"Async Capable": false,"Relation Name": "nation","Alias": "nation","Startup Cost": 0.00,"Total Cost": 1.31,"Plan Rows": 1,"Plan Width": 4,"Actual Startup Time": 0.065,"Actual Total Time": 0.076,"Actual Rows": 1,"Actual Loops": 1,"Filter": "(n_name = 'UNITED STATES'::bpchar)","Rows Removed by Filter": 24},{"Node Type": "Bitmap Heap Scan","Parent Relationship": "Inner","Parallel Aware": false,"Async Capable": false,"Relation Name": "supplier","Alias": "supplier","Startup Cost": 7.38,"Total Cost": 239.27,"Plan Rows": 400,"Plan Width": 8,"Actual Startup Time": 0.185,"Actual Total Time": 2.562,"Actual Rows": 393,"Actual Loops": 1,"Recheck Cond": "(s_nationkey = nation.n_nationkey)","Rows Removed by Index Recheck": 0,"Exact Heap Blocks": 181,"Lossy Heap Blocks": 0,"Plans": [{"Node Type": "Bitmap Index Scan","Parent Relationship": "Outer","Parallel Aware": false,"Async Capable": false,"Index Name": "idx_supplier_nation_key","Startup Cost": 0.00,"Total Cost": 7.29,"Plan Rows": 400,"Plan Width": 0,"Actual Startup Time": 0.119,"Actual Total Time": 0.122,"Actual Rows": 393,"Actual Loops": 1,"Index Cond": "(s_nationkey = nation.n_nationkey)"}]}]},{"Node Type": "Index Scan","Parent Relationship": "Inner","Parallel Aware": false,"Async Capable": false,"Scan Direction": "Forward","Index Name": "idx_partsupp_suppkey","Relation Name": "partsupp","Alias": "partsupp","Startup Cost": 0.42,"Total Cost": 9.07,"Plan Rows": 80,"Plan Width": 18,"Actual Startup Time": 0.020,"Actual Total Time": 0.468,"Actual Rows": 80,"Actual Loops": 393,"Index Cond": "(ps_suppkey = supplier.s_suppkey)","Rows Removed by Index Recheck": 0}]}]}]},"Planning Time": 7.102,"Triggers": [],"Execution Time": 445.930}]
[{"Plan": {"Node Type": "Sort","Parallel Aware": false,"Async Capable": false,"Startup Cost": 10142.20,"Total Cost": 10168.87,"Plan Rows": 10667,"Plan Width": 36,"Actual Startup Time": 400.788,"Actual Total Time": 400.942,"Actual Rows": 1469,"Actual Loops": 1,"Sort Key": ["(sum((partsupp.ps_supplycost * (partsupp.ps_availqty)::numeric))) DESC"],"Sort Method": "quicksort","Sort Space Used": 129,"Sort Space Type": "Memory","Plans": [{"Node Type": "Aggregate","Strategy": "Plain","Partial Mode": "Simple","Parent Relationship": "InitPlan","Subplan Name": "InitPlan 1 (returns $2)","Parallel Aware": false,"Async Capable": false,"Startup Cost": 4434.26,"Total Cost": 4434.27,"Plan Rows": 1,"Plan Width": 32,"Actual Startup Time": 117.250,"Actual Total Time": 117.272,"Actual Rows": 1,"Actual Loops": 1,"Plans": [{"Node Type": "Nested Loop","Parent Relationship": "Outer","Parallel Aware": false,"Async Capable": false,"Join Type": "Inner","Startup Cost": 7.81,"Total Cost": 4194.26,"Plan Rows": 32000,"Plan Width": 10,"Actual Startup Time": 0.216,"Actual Total Time": 110.575,"Actual Rows": 28960,"Actual Loops": 1,"Inner Unique": false,"Plans": [{"Node Type": "Nested Loop","Parent Relationship": "Outer","Parallel Aware": false,"Async Capable": false,"Join Type": "Inner","Startup Cost": 7.38,"Total Cost": 244.58,"Plan Rows": 400,"Plan Width": 4,"Actual Startup Time": 0.161,"Actual Total Time": 1.515,"Actual Rows": 362,"Actual Loops": 1,"Inner Unique": false,"Plans": [{"Node Type": "Seq Scan","Parent Relationship": "Outer","Parallel Aware": false,"Async Capable": false,"Relation Name": "nation","Alias": "nation_1","Startup Cost": 0.00,"Total Cost": 1.31,"Plan Rows": 1,"Plan Width": 4,"Actual Startup Time": 0.032,"Actual Total Time": 0.051,"Actual Rows": 1,"Actual Loops": 1,"Filter": "(n_name = 'JORDAN'::bpchar)","Rows Removed by Filter": 24},{"Node Type": "Bitmap Heap Scan","Parent Relationship": "Inner","Parallel Aware": false,"Async Capable": false,"Relation Name": "supplier","Alias": "supplier_1","Startup Cost": 7.38,"Total Cost": 239.27,"Plan Rows": 400,"Plan Width": 8,"Actual Startup Time": 0.117,"Actual Total Time": 1.415,"Actual Rows": 362,"Actual Loops": 1,"Recheck Cond": "(s_nationkey = nation_1.n_nationkey)","Rows Removed by Index Recheck": 0,"Exact Heap Blocks": 166,"Lossy Heap Blocks": 0,"Plans": [{"Node Type": "Bitmap Index Scan","Parent Relationship": "Outer","Parallel Aware": false,"Async Capable": false,"Index Name": "idx_supplier_nation_key","Startup Cost": 0.00,"Total Cost": 7.29,"Plan Rows": 400,"Plan Width": 0,"Actual Startup Time": 0.075,"Actual Total Time": 0.079,"Actual Rows": 362,"Actual Loops": 1,"Index Cond": "(s_nationkey = nation_1.n_nationkey)"}]}]},{"Node Type": "Index Scan","Parent Relationship": "Inner","Parallel Aware": false,"Async Capable": false,"Scan Direction": "Forward","Index Name": "idx_partsupp_suppkey","Relation Name": "partsupp","Alias": "partsupp_1","Startup Cost": 0.42,"Total Cost": 9.07,"Plan Rows": 80,"Plan Width": 14,"Actual Startup Time": 0.014,"Actual Total Time": 0.289,"Actual Rows": 80,"Actual Loops": 362,"Index Cond": "(ps_suppkey = supplier_1.s_suppkey)","Rows Removed by Index Recheck": 0}]}]},{"Node Type": "Aggregate","Strategy": "Hashed","Partial Mode": "Simple","Parent Relationship": "Outer","Parallel Aware": false,"Async Capable": false,"Startup Cost": 4514.26,"Total Cost": 4994.26,"Plan Rows": 10667,"Plan Width": 36,"Actual Startup Time": 338.606,"Actual Total Time": 400.138,"Actual Rows": 1469,"Actual Loops": 1,"Group Key": ["partsupp.ps_partkey"],"Filter": "(sum((partsupp.ps_supplycost * (partsupp.ps_availqty)::numeric)) > $2)","Planned Partitions": 0,"HashAgg Batches": 1,"Peak Memory Usage": 17937,"Disk Usage": 0,"Rows Removed by Filter": 25896,"Plans": [{"Node Type": "Nested Loop","Parent Relationship": "Outer","Parallel Aware": false,"Async Capable": false,"Join Type": "Inner","Startup Cost": 7.81,"Total Cost": 4194.26,"Plan Rows": 32000,"Plan Width": 14,"Actual Startup Time": 0.314,"Actual Total Time": 181.118,"Actual Rows": 28960,"Actual Loops": 1,"Inner Unique": false,"Plans": [{"Node Type": "Nested Loop","Parent Relationship": "Outer","Parallel Aware": false,"Async Capable": false,"Join Type": "Inner","Startup Cost": 7.38,"Total Cost": 244.58,"Plan Rows": 400,"Plan Width": 4,"Actual Startup Time": 0.258,"Actual Total Time": 2.692,"Actual Rows": 362,"Actual Loops": 1,"Inner Unique": false,"Plans": [{"Node Type": "Seq Scan","Parent Relationship": "Outer","Parallel Aware": false,"Async Capable": false,"Relation Name": "nation","Alias": "nation","Startup Cost": 0.00,"Total Cost": 1.31,"Plan Rows": 1,"Plan Width": 4,"Actual Startup Time": 0.077,"Actual Total Time": 0.107,"Actual Rows": 1,"Actual Loops": 1,"Filter": "(n_name = 'JORDAN'::bpchar)","Rows Removed by Filter": 24},{"Node Type": "Bitmap Heap Scan","Parent Relationship": "Inner","Parallel Aware": false,"Async Capable": false,"Relation Name": "supplier","Alias": "supplier","Startup Cost": 7.38,"Total Cost": 239.27,"Plan Rows": 400,"Plan Width": 8,"Actual Startup Time": 0.172,"Actual Total Time": 2.539,"Actual Rows": 362,"Actual Loops": 1,"Recheck Cond": "(s_nationkey = nation.n_nationkey)","Rows Removed by Index Recheck": 0,"Exact Heap Blocks": 166,"Lossy Heap Blocks": 0,"Plans": [{"Node Type": "Bitmap Index Scan","Parent Relationship": "Outer","Parallel Aware": false,"Async Capable": false,"Index Name": "idx_supplier_nation_key","Startup Cost": 0.00,"Total Cost": 7.29,"Plan Rows": 400,"Plan Width": 0,"Actual Startup Time": 0.117,"Actual Total Time": 0.118,"Actual Rows": 362,"Actual Loops": 1,"Index Cond": "(s_nationkey = nation.n_nationkey)"}]}]},{"Node Type": "Index Scan","Parent Relationship": "Inner","Parallel Aware": false,"Async Capable": false,"Scan Direction": "Forward","Index Name": "idx_partsupp_suppkey","Relation Name": "partsupp","Alias": "partsupp","Startup Cost": 0.42,"Total Cost": 9.07,"Plan Rows": 80,"Plan Width": 18,"Actual Startup Time": 0.019,"Actual Total Time": 0.481,"Actual Rows": 80,"Actual Loops": 362,"Index Cond": "(ps_suppkey = supplier.s_suppkey)","Rows Removed by Index Recheck": 0}]}]}]},"Planning Time": 6.843,"Triggers": [],"Execution Time": 403.999}]
[{"Plan": {"Node Type": "Sort","Parallel Aware": false,"Async Capable": false,"Startup Cost": 10142.20,"Total Cost": 10168.87,"Plan Rows": 10667,"Plan Width": 36,"Actual Startup Time": 431.698,"Actual Total Time": 431.824,"Actual Rows": 911,"Actual Loops": 1,"Sort Key": ["(sum((partsupp.ps_supplycost * (partsupp.ps_availqty)::numeric))) DESC"],"Sort Method": "quicksort","Sort Space Used": 74,"Sort Space Type": "Memory","Plans": [{"Node Type": "Aggregate","Strategy": "Plain","Partial Mode": "Simple","Parent Relationship": "InitPlan","Subplan Name": "InitPlan 1 (returns $2)","Parallel Aware": false,"Async Capable": false,"Startup Cost": 4434.26,"Total Cost": 4434.27,"Plan Rows": 1,"Plan Width": 32,"Actual Startup Time": 129.087,"Actual Total Time": 129.106,"Actual Rows": 1,"Actual Loops": 1,"Plans": [{"Node Type": "Nested Loop","Parent Relationship": "Outer","Parallel Aware": false,"Async Capable": false,"Join Type": "Inner","Startup Cost": 7.81,"Total Cost": 4194.26,"Plan Rows": 32000,"Plan Width": 10,"Actual Startup Time": 0.210,"Actual Total Time": 121.870,"Actual Rows": 32160,"Actual Loops": 1,"Inner Unique": false,"Plans": [{"Node Type": "Nested Loop","Parent Relationship": "Outer","Parallel Aware": false,"Async Capable": false,"Join Type": "Inner","Startup Cost": 7.38,"Total Cost": 244.58,"Plan Rows": 400,"Plan Width": 4,"Actual Startup Time": 0.174,"Actual Total Time": 1.780,"Actual Rows": 402,"Actual Loops": 1,"Inner Unique": false,"Plans": [{"Node Type": "Seq Scan","Parent Relationship": "Outer","Parallel Aware": false,"Async Capable": false,"Relation Name": "nation","Alias": "nation_1","Startup Cost": 0.00,"Total Cost": 1.31,"Plan Rows": 1,"Plan Width": 4,"Actual Startup Time": 0.036,"Actual Total Time": 0.056,"Actual Rows": 1,"Actual Loops": 1,"Filter": "(n_name = 'FRANCE'::bpchar)","Rows Removed by Filter": 24},{"Node Type": "Bitmap Heap Scan","Parent Relationship": "Inner","Parallel Aware": false,"Async Capable": false,"Relation Name": "supplier","Alias": "supplier_1","Startup Cost": 7.38,"Total Cost": 239.27,"Plan Rows": 400,"Plan Width": 8,"Actual Startup Time": 0.119,"Actual Total Time": 1.663,"Actual Rows": 402,"Actual Loops": 1,"Recheck Cond": "(s_nationkey = nation_1.n_nationkey)","Rows Removed by Index Recheck": 0,"Exact Heap Blocks": 184,"Lossy Heap Blocks": 0,"Plans": [{"Node Type": "Bitmap Index Scan","Parent Relationship": "Outer","Parallel Aware": false,"Async Capable": false,"Index Name": "idx_supplier_nation_key","Startup Cost": 0.00,"Total Cost": 7.29,"Plan Rows": 400,"Plan Width": 0,"Actual Startup Time": 0.075,"Actual Total Time": 0.079,"Actual Rows": 402,"Actual Loops": 1,"Index Cond": "(s_nationkey = nation_1.n_nationkey)"}]}]},{"Node Type": "Index Scan","Parent Relationship": "Inner","Parallel Aware": false,"Async Capable": false,"Scan Direction": "Forward","Index Name": "idx_partsupp_suppkey","Relation Name": "partsupp","Alias": "partsupp_1","Startup Cost": 0.42,"Total Cost": 9.07,"Plan Rows": 80,"Plan Width": 14,"Actual Startup Time": 0.014,"Actual Total Time": 0.286,"Actual Rows": 80,"Actual Loops": 402,"Index Cond": "(ps_suppkey = supplier_1.s_suppkey)","Rows Removed by Index Recheck": 0}]}]},{"Node Type": "Aggregate","Strategy": "Hashed","Partial Mode": "Simple","Parent Relationship": "Outer","Parallel Aware": false,"Async Capable": false,"Startup Cost": 4514.26,"Total Cost": 4994.26,"Plan Rows": 10667,"Plan Width": 36,"Actual Startup Time": 359.069,"Actual Total Time": 431.218,"Actual Rows": 911,"Actual Loops": 1,"Group Key": ["partsupp.ps_partkey"],"Filter": "(sum((partsupp.ps_supplycost * (partsupp.ps_availqty)::numeric)) > $2)","Planned Partitions": 0,"HashAgg Batches": 1,"Peak Memory Usage": 17937,"Disk Usage": 0,"Rows Removed by Filter": 29336,"Plans": [{"Node Type": "Nested Loop","Parent Relationship": "Outer","Parallel Aware": false,"Async Capable": false,"Join Type": "Inner","Startup Cost": 7.81,"Total Cost": 4194.26,"Plan Rows": 32000,"Plan Width": 14,"Actual Startup Time": 0.330,"Actual Total Time": 187.860,"Actual Rows": 32160,"Actual Loops": 1,"Inner Unique": false,"Plans": [{"Node Type": "Nested Loop","Parent Relationship": "Outer","Parallel Aware": false,"Async Capable": false,"Join Type": "Inner","Startup Cost": 7.38,"Total Cost": 244.58,"Plan Rows": 400,"Plan Width": 4,"Actual Startup Time": 0.249,"Actual Total Time": 2.513,"Actual Rows": 402,"Actual Loops": 1,"Inner Unique": false,"Plans": [{"Node Type": "Seq Scan","Parent Relationship": "Outer","Parallel Aware": false,"Async Capable": false,"Relation Name": "nation","Alias": "nation","Startup Cost": 0.00,"Total Cost": 1.31,"Plan Rows": 1,"Plan Width": 4,"Actual Startup Time": 0.077,"Actual Total Time": 0.097,"Actual Rows": 1,"Actual Loops": 1,"Filter": "(n_name = 'FRANCE'::bpchar)","Rows Removed by Filter": 24},{"Node Type": "Bitmap Heap Scan","Parent Relationship": "Inner","Parallel Aware": false,"Async Capable": false,"Relation Name": "supplier","Alias": "supplier","Startup Cost": 7.38,"Total Cost": 239.27,"Plan Rows": 400,"Plan Width": 8,"Actual Startup Time": 0.163,"Actual Total Time": 2.362,"Actual Rows": 402,"Actual Loops": 1,"Recheck Cond": "(s_nationkey = nation.n_nationkey)","Rows Removed by Index Recheck": 0,"Exact Heap Blocks": 184,"Lossy Heap Blocks": 0,"Plans": [{"Node Type": "Bitmap Index Scan","Parent Relationship": "Outer","Parallel Aware": false,"Async Capable": false,"Index Name": "idx_supplier_nation_key","Startup Cost": 0.00,"Total Cost": 7.29,"Plan Rows": 400,"Plan Width": 0,"Actual Startup Time": 0.112,"Actual Total Time": 0.113,"Actual Rows": 402,"Actual Loops": 1,"Index Cond": "(s_nationkey = nation.n_nationkey)"}]}]},{"Node Type": "Index Scan","Parent Relationship": "Inner","Parallel Aware": false,"Async Capable": false,"Scan Direction": "Forward","Index Name": "idx_partsupp_suppkey","Relation Name": "partsupp","Alias": "partsupp","Startup Cost": 0.42,"Total Cost": 9.07,"Plan Rows": 80,"Plan Width": 18,"Actual Startup Time": 0.018,"Actual Total Time": 0.449,"Actual Rows": 80,"Actual Loops": 402,"Index Cond": "(ps_suppkey = supplier.s_suppkey)","Rows Removed by Index Recheck": 0}]}]}]},"Planning Time": 7.171,"Triggers": [],"Execution Time": 434.998}]
[{"Plan": {"Node Type": "Sort","Parallel Aware": false,"Async Capable": false,"Startup Cost": 10142.20,"Total Cost": 10168.87,"Plan Rows": 10667,"Plan Width": 36,"Actual Startup Time": 433.878,"Actual Total Time": 434.021,"Actual Rows": 1048,"Actual Loops": 1,"Sort Key": ["(sum((partsupp.ps_supplycost * (partsupp.ps_availqty)::numeric))) DESC"],"Sort Method": "quicksort","Sort Space Used": 106,"Sort Space Type": "Memory","Plans": [{"Node Type": "Aggregate","Strategy": "Plain","Partial Mode": "Simple","Parent Relationship": "InitPlan","Subplan Name": "InitPlan 1 (returns $2)","Parallel Aware": false,"Async Capable": false,"Startup Cost": 4434.26,"Total Cost": 4434.27,"Plan Rows": 1,"Plan Width": 32,"Actual Startup Time": 128.490,"Actual Total Time": 128.514,"Actual Rows": 1,"Actual Loops": 1,"Plans": [{"Node Type": "Nested Loop","Parent Relationship": "Outer","Parallel Aware": false,"Async Capable": false,"Join Type": "Inner","Startup Cost": 7.81,"Total Cost": 4194.26,"Plan Rows": 32000,"Plan Width": 10,"Actual Startup Time": 0.194,"Actual Total Time": 121.249,"Actual Rows": 31680,"Actual Loops": 1,"Inner Unique": false,"Plans": [{"Node Type": "Nested Loop","Parent Relationship": "Outer","Parallel Aware": false,"Async Capable": false,"Join Type": "Inner","Startup Cost": 7.38,"Total Cost": 244.58,"Plan Rows": 400,"Plan Width": 4,"Actual Startup Time": 0.149,"Actual Total Time": 1.791,"Actual Rows": 396,"Actual Loops": 1,"Inner Unique": false,"Plans": [{"Node Type": "Seq Scan","Parent Relationship": "Outer","Parallel Aware": false,"Async Capable": false,"Relation Name": "nation","Alias": "nation_1","Startup Cost": 0.00,"Total Cost": 1.31,"Plan Rows": 1,"Plan Width": 4,"Actual Startup Time": 0.037,"Actual Total Time": 0.065,"Actual Rows": 1,"Actual Loops": 1,"Filter": "(n_name = 'GERMANY'::bpchar)","Rows Removed by Filter": 24},{"Node Type": "Bitmap Heap Scan","Parent Relationship": "Inner","Parallel Aware": false,"Async Capable": false,"Relation Name": "supplier","Alias": "supplier_1","Startup Cost": 7.38,"Total Cost": 239.27,"Plan Rows": 400,"Plan Width": 8,"Actual Startup Time": 0.101,"Actual Total Time": 1.663,"Actual Rows": 396,"Actual Loops": 1,"Recheck Cond": "(s_nationkey = nation_1.n_nationkey)","Rows Removed by Index Recheck": 0,"Exact Heap Blocks": 191,"Lossy Heap Blocks": 0,"Plans": [{"Node Type": "Bitmap Index Scan","Parent Relationship": "Outer","Parallel Aware": false,"Async Capable": false,"Index Name": "idx_supplier_nation_key","Startup Cost": 0.00,"Total Cost": 7.29,"Plan Rows": 400,"Plan Width": 0,"Actual Startup Time": 0.064,"Actual Total Time": 0.071,"Actual Rows": 396,"Actual Loops": 1,"Index Cond": "(s_nationkey = nation_1.n_nationkey)"}]}]},{"Node Type": "Index Scan","Parent Relationship": "Inner","Parallel Aware": false,"Async Capable": false,"Scan Direction": "Forward","Index Name": "idx_partsupp_suppkey","Relation Name": "partsupp","Alias": "partsupp_1","Startup Cost": 0.42,"Total Cost": 9.07,"Plan Rows": 80,"Plan Width": 14,"Actual Startup Time": 0.014,"Actual Total Time": 0.289,"Actual Rows": 80,"Actual Loops": 396,"Index Cond": "(ps_suppkey = supplier_1.s_suppkey)","Rows Removed by Index Recheck": 0}]}]},{"Node Type": "Aggregate","Strategy": "Hashed","Partial Mode": "Simple","Parent Relationship": "Outer","Parallel Aware": false,"Async Capable": false,"Startup Cost": 4514.26,"Total Cost": 4994.26,"Plan Rows": 10667,"Plan Width": 36,"Actual Startup Time": 363.472,"Actual Total Time": 433.375,"Actual Rows": 1048,"Actual Loops": 1,"Group Key": ["partsupp.ps_partkey"],"Filter": "(sum((partsupp.ps_supplycost * (partsupp.ps_availqty)::numeric)) > $2)","Planned Partitions": 0,"HashAgg Batches": 1,"Peak Memory Usage": 17937,"Disk Usage": 0,"Rows Removed by Filter": 28770,"Plans": [{"Node Type": "Nested Loop","Parent Relationship": "Outer","Parallel Aware": false,"Async Capable": false,"Join Type": "Inner","Startup Cost": 7.81,"Total Cost": 4194.26,"Plan Rows": 32000,"Plan Width": 14,"Actual Startup Time": 0.319,"Actual Total Time": 192.866,"Actual Rows": 31680,"Actual Loops": 1,"Inner Unique": false,"Plans": [{"Node Type": "Nested Loop","Parent Relationship": "Outer","Parallel Aware": false,"Async Capable": false,"Join Type": "Inner","Startup Cost": 7.38,"Total Cost": 244.58,"Plan Rows": 400,"Plan Width": 4,"Actual Startup Time": 0.254,"Actual Total Time": 2.704,"Actual Rows": 396,"Actual Loops": 1,"Inner Unique": false,"Plans": [{"Node Type": "Seq Scan","Parent Relationship": "Outer","Parallel Aware": false,"Async Capable": false,"Relation Name": "nation","Alias": "nation","Startup Cost": 0.00,"Total Cost": 1.31,"Plan Rows": 1,"Plan Width": 4,"Actual Startup Time": 0.067,"Actual Total Time": 0.092,"Actual Rows": 1,"Actual Loops": 1,"Filter": "(n_name = 'GERMANY'::bpchar)","Rows Removed by Filter": 24},{"Node Type": "Bitmap Heap Scan","Parent Relationship": "Inner","Parallel Aware": false,"Async Capable": false,"Relation Name": "supplier","Alias": "supplier","Startup Cost": 7.38,"Total Cost": 239.27,"Plan Rows": 400,"Plan Width": 8,"Actual Startup Time": 0.180,"Actual Total Time": 2.555,"Actual Rows": 396,"Actual Loops": 1,"Recheck Cond": "(s_nationkey = nation.n_nationkey)","Rows Removed by Index Recheck": 0,"Exact Heap Blocks": 191,"Lossy Heap Blocks": 0,"Plans": [{"Node Type": "Bitmap Index Scan","Parent Relationship": "Outer","Parallel Aware": false,"Async Capable": false,"Index Name": "idx_supplier_nation_key","Startup Cost": 0.00,"Total Cost": 7.29,"Plan Rows": 400,"Plan Width": 0,"Actual Startup Time": 0.114,"Actual Total Time": 0.118,"Actual Rows": 396,"Actual Loops": 1,"Index Cond": "(s_nationkey = nation.n_nationkey)"}]}]},{"Node Type": "Index Scan","Parent Relationship": "Inner","Parallel Aware": false,"Async Capable": false,"Scan Direction": "Forward","Index Name": "idx_partsupp_suppkey","Relation Name": "partsupp","Alias": "partsupp","Startup Cost": 0.42,"Total Cost": 9.07,"Plan Rows": 80,"Plan Width": 18,"Actual Startup Time": 0.019,"Actual Total Time": 0.468,"Actual Rows": 80,"Actual Loops": 396,"Index Cond": "(ps_suppkey = supplier.s_suppkey)","Rows Removed by Index Recheck": 0}]}]}]},"Planning Time": 7.362,"Triggers": [],"Execution Time": 437.365}]
[{"Plan": {"Node Type": "Sort","Parallel Aware": false,"Async Capable": false,"Startup Cost": 10142.20,"Total Cost": 10168.87,"Plan Rows": 10667,"Plan Width": 36,"Actual Startup Time": 433.392,"Actual Total Time": 433.521,"Actual Rows": 1062,"Actual Loops": 1,"Sort Key": ["(sum((partsupp.ps_supplycost * (partsupp.ps_availqty)::numeric))) DESC"],"Sort Method": "quicksort","Sort Space Used": 107,"Sort Space Type": "Memory","Plans": [{"Node Type": "Aggregate","Strategy": "Plain","Partial Mode": "Simple","Parent Relationship": "InitPlan","Subplan Name": "InitPlan 1 (returns $2)","Parallel Aware": false,"Async Capable": false,"Startup Cost": 4434.26,"Total Cost": 4434.27,"Plan Rows": 1,"Plan Width": 32,"Actual Startup Time": 125.971,"Actual Total Time": 125.990,"Actual Rows": 1,"Actual Loops": 1,"Plans": [{"Node Type": "Nested Loop","Parent Relationship": "Outer","Parallel Aware": false,"Async Capable": false,"Join Type": "Inner","Startup Cost": 7.81,"Total Cost": 4194.26,"Plan Rows": 32000,"Plan Width": 10,"Actual Startup Time": 0.203,"Actual Total Time": 118.781,"Actual Rows": 31440,"Actual Loops": 1,"Inner Unique": false,"Plans": [{"Node Type": "Nested Loop","Parent Relationship": "Outer","Parallel Aware": false,"Async Capable": false,"Join Type": "Inner","Startup Cost": 7.38,"Total Cost": 244.58,"Plan Rows": 400,"Plan Width": 4,"Actual Startup Time": 0.157,"Actual Total Time": 1.656,"Actual Rows": 393,"Actual Loops": 1,"Inner Unique": false,"Plans": [{"Node Type": "Seq Scan","Parent Relationship": "Outer","Parallel Aware": false,"Async Capable": false,"Relation Name": "nation","Alias": "nation_1","Startup Cost": 0.00,"Total Cost": 1.31,"Plan Rows": 1,"Plan Width": 4,"Actual Startup Time": 0.034,"Actual Total Time": 0.054,"Actual Rows": 1,"Actual Loops": 1,"Filter": "(n_name = 'IRAN'::bpchar)","Rows Removed by Filter": 24},{"Node Type": "Bitmap Heap Scan","Parent Relationship": "Inner","Parallel Aware": false,"Async Capable": false,"Relation Name": "supplier","Alias": "supplier_1","Startup Cost": 7.38,"Total Cost": 239.27,"Plan Rows": 400,"Plan Width": 8,"Actual Startup Time": 0.107,"Actual Total Time": 1.545,"Actual Rows": 393,"Actual Loops": 1,"Recheck Cond": "(s_nationkey = nation_1.n_nationkey)","Rows Removed by Index Recheck": 0,"Exact Heap Blocks": 179,"Lossy Heap Blocks": 0,"Plans": [{"Node Type": "Bitmap Index Scan","Parent Relationship": "Outer","Parallel Aware": false,"Async Capable": false,"Index Name": "idx_supplier_nation_key","Startup Cost": 0.00,"Total Cost": 7.29,"Plan Rows": 400,"Plan Width": 0,"Actual Startup Time": 0.076,"Actual Total Time": 0.080,"Actual Rows": 393,"Actual Loops": 1,"Index Cond": "(s_nationkey = nation_1.n_nationkey)"}]}]},{"Node Type": "Index Scan","Parent Relationship": "Inner","Parallel Aware": false,"Async Capable": false,"Scan Direction": "Forward","Index Name": "idx_partsupp_suppkey","Relation Name": "partsupp","Alias": "partsupp_1","Startup Cost": 0.42,"Total Cost": 9.07,"Plan Rows": 80,"Plan Width": 14,"Actual Startup Time": 0.014,"Actual Total Time": 0.286,"Actual Rows": 80,"Actual Loops": 393,"Index Cond": "(ps_suppkey = supplier_1.s_suppkey)","Rows Removed by Index Recheck": 0}]}]},{"Node Type": "Aggregate","Strategy": "Hashed","Partial Mode": "Simple","Parent Relationship": "Outer","Parallel Aware": false,"Async Capable": false,"Startup Cost": 4514.26,"Total Cost": 4994.26,"Plan Rows": 10667,"Plan Width": 36,"Actual Startup Time": 362.794,"Actual Total Time": 432.898,"Actual Rows": 1062,"Actual Loops": 1,"Group Key": ["partsupp.ps_partkey"],"Filter": "(sum((partsupp.ps_supplycost * (partsupp.ps_availqty)::numeric)) > $2)","Planned Partitions": 0,"HashAgg Batches": 1,"Peak Memory Usage": 17937,"Disk Usage": 0,"Rows Removed by Filter": 28595,"Plans": [{"Node Type": "Nested Loop","Parent Relationship": "Outer","Parallel Aware": false,"Async Capable": false,"Join Type": "Inner","Startup Cost": 7.81,"Total Cost": 4194.26,"Plan Rows": 32000,"Plan Width": 14,"Actual Startup Time": 0.338,"Actual Total Time": 194.810,"Actual Rows": 31440,"Actual Loops": 1,"Inner Unique": false,"Plans": [{"Node Type": "Nested Loop","Parent Relationship": "Outer","Parallel Aware": false,"Async Capable": false,"Join Type": "Inner","Startup Cost": 7.38,"Total Cost": 244.58,"Plan Rows": 400,"Plan Width": 4,"Actual Startup Time": 0.285,"Actual Total Time": 2.779,"Actual Rows": 393,"Actual Loops": 1,"Inner Unique": false,"Plans": [{"Node Type": "Seq Scan","Parent Relationship": "Outer","Parallel Aware": false,"Async Capable": false,"Relation Name": "nation","Alias": "nation","Startup Cost": 0.00,"Total Cost": 1.31,"Plan Rows": 1,"Plan Width": 4,"Actual Startup Time": 0.074,"Actual Total Time": 0.096,"Actual Rows": 1,"Actual Loops": 1,"Filter": "(n_name = 'IRAN'::bpchar)","Rows Removed by Filter": 24},{"Node Type": "Bitmap Heap Scan","Parent Relationship": "Inner","Parallel Aware": false,"Async Capable": false,"Relation Name": "supplier","Alias": "supplier","Startup Cost": 7.38,"Total Cost": 239.27,"Plan Rows": 400,"Plan Width": 8,"Actual Startup Time": 0.203,"Actual Total Time": 2.632,"Actual Rows": 393,"Actual Loops": 1,"Recheck Cond": "(s_nationkey = nation.n_nationkey)","Rows Removed by Index Recheck": 0,"Exact Heap Blocks": 179,"Lossy Heap Blocks": 0,"Plans": [{"Node Type": "Bitmap Index Scan","Parent Relationship": "Outer","Parallel Aware": false,"Async Capable": false,"Index Name": "idx_supplier_nation_key","Startup Cost": 0.00,"Total Cost": 7.29,"Plan Rows": 400,"Plan Width": 0,"Actual Startup Time": 0.138,"Actual Total Time": 0.139,"Actual Rows": 393,"Actual Loops": 1,"Index Cond": "(s_nationkey = nation.n_nationkey)"}]}]},{"Node Type": "Index Scan","Parent Relationship": "Inner","Parallel Aware": false,"Async Capable": false,"Scan Direction": "Forward","Index Name": "idx_partsupp_suppkey","Relation Name": "partsupp","Alias": "partsupp","Startup Cost": 0.42,"Total Cost": 9.07,"Plan Rows": 80,"Plan Width": 18,"Actual Startup Time": 0.019,"Actual Total Time": 0.477,"Actual Rows": 80,"Actual Loops": 393,"Index Cond": "(ps_suppkey = supplier.s_suppkey)","Rows Removed by Index Recheck": 0}]}]}]},"Planning Time": 6.603,"Triggers": [],"Execution Time": 437.000}]
[{"Plan": {"Node Type": "Sort","Parallel Aware": false,"Async Capable": false,"Startup Cost": 10142.20,"Total Cost": 10168.87,"Plan Rows": 10667,"Plan Width": 36,"Actual Startup Time": 427.262,"Actual Total Time": 427.423,"Actual Rows": 1241,"Actual Loops": 1,"Sort Key": ["(sum((partsupp.ps_supplycost * (partsupp.ps_availqty)::numeric))) DESC"],"Sort Method": "quicksort","Sort Space Used": 116,"Sort Space Type": "Memory","Plans": [{"Node Type": "Aggregate","Strategy": "Plain","Partial Mode": "Simple","Parent Relationship": "InitPlan","Subplan Name": "InitPlan 1 (returns $2)","Parallel Aware": false,"Async Capable": false,"Startup Cost": 4434.26,"Total Cost": 4434.27,"Plan Rows": 1,"Plan Width": 32,"Actual Startup Time": 127.406,"Actual Total Time": 127.426,"Actual Rows": 1,"Actual Loops": 1,"Plans": [{"Node Type": "Nested Loop","Parent Relationship": "Outer","Parallel Aware": false,"Async Capable": false,"Join Type": "Inner","Startup Cost": 7.81,"Total Cost": 4194.26,"Plan Rows": 32000,"Plan Width": 10,"Actual Startup Time": 0.226,"Actual Total Time": 120.281,"Actual Rows": 30400,"Actual Loops": 1,"Inner Unique": false,"Plans": [{"Node Type": "Nested Loop","Parent Relationship": "Outer","Parallel Aware": false,"Async Capable": false,"Join Type": "Inner","Startup Cost": 7.38,"Total Cost": 244.58,"Plan Rows": 400,"Plan Width": 4,"Actual Startup Time": 0.174,"Actual Total Time": 1.741,"Actual Rows": 380,"Actual Loops": 1,"Inner Unique": false,"Plans": [{"Node Type": "Seq Scan","Parent Relationship": "Outer","Parallel Aware": false,"Async Capable": false,"Relation Name": "nation","Alias": "nation_1","Startup Cost": 0.00,"Total Cost": 1.31,"Plan Rows": 1,"Plan Width": 4,"Actual Startup Time": 0.028,"Actual Total Time": 0.042,"Actual Rows": 1,"Actual Loops": 1,"Filter": "(n_name = 'ETHIOPIA'::bpchar)","Rows Removed by Filter": 24},{"Node Type": "Bitmap Heap Scan","Parent Relationship": "Inner","Parallel Aware": false,"Async Capable": false,"Relation Name": "supplier","Alias": "supplier_1","Startup Cost": 7.38,"Total Cost": 239.27,"Plan Rows": 400,"Plan Width": 8,"Actual Startup Time": 0.130,"Actual Total Time": 1.641,"Actual Rows": 380,"Actual Loops": 1,"Recheck Cond": "(s_nationkey = nation_1.n_nationkey)","Rows Removed by Index Recheck": 0,"Exact Heap Blocks": 192,"Lossy Heap Blocks": 0,"Plans": [{"Node Type": "Bitmap Index Scan","Parent Relationship": "Outer","Parallel Aware": false,"Async Capable": false,"Index Name": "idx_supplier_nation_key","Startup Cost": 0.00,"Total Cost": 7.29,"Plan Rows": 400,"Plan Width": 0,"Actual Startup Time": 0.089,"Actual Total Time": 0.091,"Actual Rows": 380,"Actual Loops": 1,"Index Cond": "(s_nationkey = nation_1.n_nationkey)"}]}]},{"Node Type": "Index Scan","Parent Relationship": "Inner","Parallel Aware": false,"Async Capable": false,"Scan Direction": "Forward","Index Name": "idx_partsupp_suppkey","Relation Name": "partsupp","Alias": "partsupp_1","Startup Cost": 0.42,"Total Cost": 9.07,"Plan Rows": 80,"Plan Width": 14,"Actual Startup Time": 0.015,"Actual Total Time": 0.299,"Actual Rows": 80,"Actual Loops": 380,"Index Cond": "(ps_suppkey = supplier_1.s_suppkey)","Rows Removed by Index Recheck": 0}]}]},{"Node Type": "Aggregate","Strategy": "Hashed","Partial Mode": "Simple","Parent Relationship": "Outer","Parallel Aware": false,"Async Capable": false,"Startup Cost": 4514.26,"Total Cost": 4994.26,"Plan Rows": 10667,"Plan Width": 36,"Actual Startup Time": 359.706,"Actual Total Time": 426.732,"Actual Rows": 1241,"Actual Loops": 1,"Group Key": ["partsupp.ps_partkey"],"Filter": "(sum((partsupp.ps_supplycost * (partsupp.ps_availqty)::numeric)) > $2)","Planned Partitions": 0,"HashAgg Batches": 1,"Peak Memory Usage": 17937,"Disk Usage": 0,"Rows Removed by Filter": 27374,"Plans": [{"Node Type": "Nested Loop","Parent Relationship": "Outer","Parallel Aware": false,"Async Capable": false,"Join Type": "Inner","Startup Cost": 7.81,"Total Cost": 4194.26,"Plan Rows": 32000,"Plan Width": 14,"Actual Startup Time": 0.377,"Actual Total Time": 187.744,"Actual Rows": 30400,"Actual Loops": 1,"Inner Unique": false,"Plans": [{"Node Type": "Nested Loop","Parent Relationship": "Outer","Parallel Aware": false,"Async Capable": false,"Join Type": "Inner","Startup Cost": 7.38,"Total Cost": 244.58,"Plan Rows": 400,"Plan Width": 4,"Actual Startup Time": 0.305,"Actual Total Time": 2.864,"Actual Rows": 380,"Actual Loops": 1,"Inner Unique": false,"Plans": [{"Node Type": "Seq Scan","Parent Relationship": "Outer","Parallel Aware": false,"Async Capable": false,"Relation Name": "nation","Alias": "nation","Startup Cost": 0.00,"Total Cost": 1.31,"Plan Rows": 1,"Plan Width": 4,"Actual Startup Time": 0.073,"Actual Total Time": 0.091,"Actual Rows": 1,"Actual Loops": 1,"Filter": "(n_name = 'ETHIOPIA'::bpchar)","Rows Removed by Filter": 24},{"Node Type": "Bitmap Heap Scan","Parent Relationship": "Inner","Parallel Aware": false,"Async Capable": false,"Relation Name": "supplier","Alias": "supplier","Startup Cost": 7.38,"Total Cost": 239.27,"Plan Rows": 400,"Plan Width": 8,"Actual Startup Time": 0.228,"Actual Total Time": 2.728,"Actual Rows": 380,"Actual Loops": 1,"Recheck Cond": "(s_nationkey = nation.n_nationkey)","Rows Removed by Index Recheck": 0,"Exact Heap Blocks": 192,"Lossy Heap Blocks": 0,"Plans": [{"Node Type": "Bitmap Index Scan","Parent Relationship": "Outer","Parallel Aware": false,"Async Capable": false,"Index Name": "idx_supplier_nation_key","Startup Cost": 0.00,"Total Cost": 7.29,"Plan Rows": 400,"Plan Width": 0,"Actual Startup Time": 0.146,"Actual Total Time": 0.146,"Actual Rows": 380,"Actual Loops": 1,"Index Cond": "(s_nationkey = nation.n_nationkey)"}]}]},{"Node Type": "Index Scan","Parent Relationship": "Inner","Parallel Aware": false,"Async Capable": false,"Scan Direction": "Forward","Index Name": "idx_partsupp_suppkey","Relation Name": "partsupp","Alias": "partsupp","Startup Cost": 0.42,"Total Cost": 9.07,"Plan Rows": 80,"Plan Width": 18,"Actual Startup Time": 0.020,"Actual Total Time": 0.475,"Actual Rows": 80,"Actual Loops": 380,"Index Cond": "(ps_suppkey = supplier.s_suppkey)","Rows Removed by Index Recheck": 0}]}]}]},"Planning Time": 7.180,"Triggers": [],"Execution Time": 429.797}]
[{"Plan": {"Node Type": "Sort","Parallel Aware": false,"Async Capable": false,"Startup Cost": 10142.20,"Total Cost": 10168.87,"Plan Rows": 10667,"Plan Width": 36,"Actual Startup Time": 433.392,"Actual Total Time": 433.521,"Actual Rows": 1062,"Actual Loops": 1,"Sort Key": ["(sum((partsupp.ps_supplycost * (partsupp.ps_availqty)::numeric))) DESC"],"Sort Method": "quicksort","Sort Space Used": 107,"Sort Space Type": "Memory","Plans": [{"Node Type": "Aggregate","Strategy": "Plain","Partial Mode": "Simple","Parent Relationship": "InitPlan","Subplan Name": "InitPlan 1 (returns $2)","Parallel Aware": false,"Async Capable": false,"Startup Cost": 4434.26,"Total Cost": 4434.27,"Plan Rows": 1,"Plan Width": 32,"Actual Startup Time": 125.971,"Actual Total Time": 125.990,"Actual Rows": 1,"Actual Loops": 1,"Plans": [{"Node Type": "Nested Loop","Parent Relationship": "Outer","Parallel Aware": false,"Async Capable": false,"Join Type": "Inner","Startup Cost": 7.81,"Total Cost": 4194.26,"Plan Rows": 32000,"Plan Width": 10,"Actual Startup Time": 0.203,"Actual Total Time": 118.781,"Actual Rows": 31440,"Actual Loops": 1,"Inner Unique": false,"Plans": [{"Node Type": "Nested Loop","Parent Relationship": "Outer","Parallel Aware": false,"Async Capable": false,"Join Type": "Inner","Startup Cost": 7.38,"Total Cost": 244.58,"Plan Rows": 400,"Plan Width": 4,"Actual Startup Time": 0.157,"Actual Total Time": 1.656,"Actual Rows": 393,"Actual Loops": 1,"Inner Unique": false,"Plans": [{"Node Type": "Seq Scan","Parent Relationship": "Outer","Parallel Aware": false,"Async Capable": false,"Relation Name": "nation","Alias": "nation_1","Startup Cost": 0.00,"Total Cost": 1.31,"Plan Rows": 1,"Plan Width": 4,"Actual Startup Time": 0.034,"Actual Total Time": 0.054,"Actual Rows": 1,"Actual Loops": 1,"Filter": "(n_name = 'IRAN'::bpchar)","Rows Removed by Filter": 24},{"Node Type": "Bitmap Heap Scan","Parent Relationship": "Inner","Parallel Aware": false,"Async Capable": false,"Relation Name": "supplier","Alias": "supplier_1","Startup Cost": 7.38,"Total Cost": 239.27,"Plan Rows": 400,"Plan Width": 8,"Actual Startup Time": 0.107,"Actual Total Time": 1.545,"Actual Rows": 393,"Actual Loops": 1,"Recheck Cond": "(s_nationkey = nation_1.n_nationkey)","Rows Removed by Index Recheck": 0,"Exact Heap Blocks": 179,"Lossy Heap Blocks": 0,"Plans": [{"Node Type": "Bitmap Index Scan","Parent Relationship": "Outer","Parallel Aware": false,"Async Capable": false,"Index Name": "idx_supplier_nation_key","Startup Cost": 0.00,"Total Cost": 7.29,"Plan Rows": 400,"Plan Width": 0,"Actual Startup Time": 0.076,"Actual Total Time": 0.080,"Actual Rows": 393,"Actual Loops": 1,"Index Cond": "(s_nationkey = nation_1.n_nationkey)"}]}]},{"Node Type": "Index Scan","Parent Relationship": "Inner","Parallel Aware": false,"Async Capable": false,"Scan Direction": "Forward","Index Name": "idx_partsupp_suppkey","Relation Name": "partsupp","Alias": "partsupp_1","Startup Cost": 0.42,"Total Cost": 9.07,"Plan Rows": 80,"Plan Width": 14,"Actual Startup Time": 0.014,"Actual Total Time": 0.286,"Actual Rows": 80,"Actual Loops": 393,"Index Cond": "(ps_suppkey = supplier_1.s_suppkey)","Rows Removed by Index Recheck": 0}]}]},{"Node Type": "Aggregate","Strategy": "Hashed","Partial Mode": "Simple","Parent Relationship": "Outer","Parallel Aware": false,"Async Capable": false,"Startup Cost": 4514.26,"Total Cost": 4994.26,"Plan Rows": 10667,"Plan Width": 36,"Actual Startup Time": 362.794,"Actual Total Time": 432.898,"Actual Rows": 1062,"Actual Loops": 1,"Group Key": ["partsupp.ps_partkey"],"Filter": "(sum((partsupp.ps_supplycost * (partsupp.ps_availqty)::numeric)) > $2)","Planned Partitions": 0,"HashAgg Batches": 1,"Peak Memory Usage": 17937,"Disk Usage": 0,"Rows Removed by Filter": 28595,"Plans": [{"Node Type": "Nested Loop","Parent Relationship": "Outer","Parallel Aware": false,"Async Capable": false,"Join Type": "Inner","Startup Cost": 7.81,"Total Cost": 4194.26,"Plan Rows": 32000,"Plan Width": 14,"Actual Startup Time": 0.338,"Actual Total Time": 194.810,"Actual Rows": 31440,"Actual Loops": 1,"Inner Unique": false,"Plans": [{"Node Type": "Nested Loop","Parent Relationship": "Outer","Parallel Aware": false,"Async Capable": false,"Join Type": "Inner","Startup Cost": 7.38,"Total Cost": 244.58,"Plan Rows": 400,"Plan Width": 4,"Actual Startup Time": 0.285,"Actual Total Time": 2.779,"Actual Rows": 393,"Actual Loops": 1,"Inner Unique": false,"Plans": [{"Node Type": "Seq Scan","Parent Relationship": "Outer","Parallel Aware": false,"Async Capable": false,"Relation Name": "nation","Alias": "nation","Startup Cost": 0.00,"Total Cost": 1.31,"Plan Rows": 1,"Plan Width": 4,"Actual Startup Time": 0.074,"Actual Total Time": 0.096,"Actual Rows": 1,"Actual Loops": 1,"Filter": "(n_name = 'IRAN'::bpchar)","Rows Removed by Filter": 24},{"Node Type": "Bitmap Heap Scan","Parent Relationship": "Inner","Parallel Aware": false,"Async Capable": false,"Relation Name": "supplier","Alias": "supplier","Startup Cost": 7.38,"Total Cost": 239.27,"Plan Rows": 400,"Plan Width": 8,"Actual Startup Time": 0.203,"Actual Total Time": 2.632,"Actual Rows": 393,"Actual Loops": 1,"Recheck Cond": "(s_nationkey = nation.n_nationkey)","Rows Removed by Index Recheck": 0,"Exact Heap Blocks": 179,"Lossy Heap Blocks": 0,"Plans": [{"Node Type": "Bitmap Index Scan","Parent Relationship": "Outer","Parallel Aware": false,"Async Capable": false,"Index Name": "idx_supplier_nation_key","Startup Cost": 0.00,"Total Cost": 7.29,"Plan Rows": 400,"Plan Width": 0,"Actual Startup Time": 0.138,"Actual Total Time": 0.139,"Actual Rows": 393,"Actual Loops": 1,"Index Cond": "(s_nationkey = nation.n_nationkey)"}]}]},{"Node Type": "Index Scan","Parent Relationship": "Inner","Parallel Aware": false,"Async Capable": false,"Scan Direction": "Forward","Index Name": "idx_partsupp_suppkey","Relation Name": "partsupp","Alias": "partsupp","Startup Cost": 0.42,"Total Cost": 9.07,"Plan Rows": 80,"Plan Width": 18,"Actual Startup Time": 0.019,"Actual Total Time": 0.477,"Actual Rows": 80,"Actual Loops": 393,"Index Cond": "(ps_suppkey = supplier.s_suppkey)","Rows Removed by Index Recheck": 0}]}]}]},"Planning Time": 6.603,"Triggers": [],"Execution Time": 437.000}]
[{"Plan": {"Node Type": "Sort","Parallel Aware": false,"Async Capable": false,"Startup Cost": 10142.20,"Total Cost": 10168.87,"Plan Rows": 10667,"Plan Width": 36,"Actual Startup Time": 448.613,"Actual Total Time": 448.730,"Actual Rows": 888,"Actual Loops": 1,"Sort Key": ["(sum((partsupp.ps_supplycost * (partsupp.ps_availqty)::numeric))) DESC"],"Sort Method": "quicksort","Sort Space Used": 73,"Sort Space Type": "Memory","Plans": [{"Node Type": "Aggregate","Strategy": "Plain","Partial Mode": "Simple","Parent Relationship": "InitPlan","Subplan Name": "InitPlan 1 (returns $2)","Parallel Aware": false,"Async Capable": false,"Startup Cost": 4434.26,"Total Cost": 4434.27,"Plan Rows": 1,"Plan Width": 32,"Actual Startup Time": 133.715,"Actual Total Time": 133.740,"Actual Rows": 1,"Actual Loops": 1,"Plans": [{"Node Type": "Nested Loop","Parent Relationship": "Outer","Parallel Aware": false,"Async Capable": false,"Join Type": "Inner","Startup Cost": 7.81,"Total Cost": 4194.26,"Plan Rows": 32000,"Plan Width": 10,"Actual Startup Time": 0.220,"Actual Total Time": 126.229,"Actual Rows": 32400,"Actual Loops": 1,"Inner Unique": false,"Plans": [{"Node Type": "Nested Loop","Parent Relationship": "Outer","Parallel Aware": false,"Async Capable": false,"Join Type": "Inner","Startup Cost": 7.38,"Total Cost": 244.58,"Plan Rows": 400,"Plan Width": 4,"Actual Startup Time": 0.174,"Actual Total Time": 1.918,"Actual Rows": 405,"Actual Loops": 1,"Inner Unique": false,"Plans": [{"Node Type": "Seq Scan","Parent Relationship": "Outer","Parallel Aware": false,"Async Capable": false,"Relation Name": "nation","Alias": "nation_1","Startup Cost": 0.00,"Total Cost": 1.31,"Plan Rows": 1,"Plan Width": 4,"Actual Startup Time": 0.049,"Actual Total Time": 0.070,"Actual Rows": 1,"Actual Loops": 1,"Filter": "(n_name = 'INDONESIA'::bpchar)","Rows Removed by Filter": 24},{"Node Type": "Bitmap Heap Scan","Parent Relationship": "Inner","Parallel Aware": false,"Async Capable": false,"Relation Name": "supplier","Alias": "supplier_1","Startup Cost": 7.38,"Total Cost": 239.27,"Plan Rows": 400,"Plan Width": 8,"Actual Startup Time": 0.105,"Actual Total Time": 1.781,"Actual Rows": 405,"Actual Loops": 1,"Recheck Cond": "(s_nationkey = nation_1.n_nationkey)","Rows Removed by Index Recheck": 0,"Exact Heap Blocks": 192,"Lossy Heap Blocks": 0,"Plans": [{"Node Type": "Bitmap Index Scan","Parent Relationship": "Outer","Parallel Aware": false,"Async Capable": false,"Index Name": "idx_supplier_nation_key","Startup Cost": 0.00,"Total Cost": 7.29,"Plan Rows": 400,"Plan Width": 0,"Actual Startup Time": 0.069,"Actual Total Time": 0.075,"Actual Rows": 405,"Actual Loops": 1,"Index Cond": "(s_nationkey = nation_1.n_nationkey)"}]}]},{"Node Type": "Index Scan","Parent Relationship": "Inner","Parallel Aware": false,"Async Capable": false,"Scan Direction": "Forward","Index Name": "idx_partsupp_suppkey","Relation Name": "partsupp","Alias": "partsupp_1","Startup Cost": 0.42,"Total Cost": 9.07,"Plan Rows": 80,"Plan Width": 14,"Actual Startup Time": 0.014,"Actual Total Time": 0.294,"Actual Rows": 80,"Actual Loops": 405,"Index Cond": "(ps_suppkey = supplier_1.s_suppkey)","Rows Removed by Index Recheck": 0}]}]},{"Node Type": "Aggregate","Strategy": "Hashed","Partial Mode": "Simple","Parent Relationship": "Outer","Parallel Aware": false,"Async Capable": false,"Startup Cost": 4514.26,"Total Cost": 4994.26,"Plan Rows": 10667,"Plan Width": 36,"Actual Startup Time": 376.503,"Actual Total Time": 448.157,"Actual Rows": 888,"Actual Loops": 1,"Group Key": ["partsupp.ps_partkey"],"Filter": "(sum((partsupp.ps_supplycost * (partsupp.ps_availqty)::numeric)) > $2)","Planned Partitions": 0,"HashAgg Batches": 1,"Peak Memory Usage": 17937,"Disk Usage": 0,"Rows Removed by Filter": 29597,"Plans": [{"Node Type": "Nested Loop","Parent Relationship": "Outer","Parallel Aware": false,"Async Capable": false,"Join Type": "Inner","Startup Cost": 7.81,"Total Cost": 4194.26,"Plan Rows": 32000,"Plan Width": 14,"Actual Startup Time": 0.375,"Actual Total Time": 200.721,"Actual Rows": 32400,"Actual Loops": 1,"Inner Unique": false,"Plans": [{"Node Type": "Nested Loop","Parent Relationship": "Outer","Parallel Aware": false,"Async Capable": false,"Join Type": "Inner","Startup Cost": 7.38,"Total Cost": 244.58,"Plan Rows": 400,"Plan Width": 4,"Actual Startup Time": 0.269,"Actual Total Time": 2.791,"Actual Rows": 405,"Actual Loops": 1,"Inner Unique": false,"Plans": [{"Node Type": "Seq Scan","Parent Relationship": "Outer","Parallel Aware": false,"Async Capable": false,"Relation Name": "nation","Alias": "nation","Startup Cost": 0.00,"Total Cost": 1.31,"Plan Rows": 1,"Plan Width": 4,"Actual Startup Time": 0.076,"Actual Total Time": 0.092,"Actual Rows": 1,"Actual Loops": 1,"Filter": "(n_name = 'INDONESIA'::bpchar)","Rows Removed by Filter": 24},{"Node Type": "Bitmap Heap Scan","Parent Relationship": "Inner","Parallel Aware": false,"Async Capable": false,"Relation Name": "supplier","Alias": "supplier","Startup Cost": 7.38,"Total Cost": 239.27,"Plan Rows": 400,"Plan Width": 8,"Actual Startup Time": 0.187,"Actual Total Time": 2.648,"Actual Rows": 405,"Actual Loops": 1,"Recheck Cond": "(s_nationkey = nation.n_nationkey)","Rows Removed by Index Recheck": 0,"Exact Heap Blocks": 192,"Lossy Heap Blocks": 0,"Plans": [{"Node Type": "Bitmap Index Scan","Parent Relationship": "Outer","Parallel Aware": false,"Async Capable": false,"Index Name": "idx_supplier_nation_key","Startup Cost": 0.00,"Total Cost": 7.29,"Plan Rows": 400,"Plan Width": 0,"Actual Startup Time": 0.121,"Actual Total Time": 0.124,"Actual Rows": 405,"Actual Loops": 1,"Index Cond": "(s_nationkey = nation.n_nationkey)"}]}]},{"Node Type": "Index Scan","Parent Relationship": "Inner","Parallel Aware": false,"Async Capable": false,"Scan Direction": "Forward","Index Name": "idx_partsupp_suppkey","Relation Name": "partsupp","Alias": "partsupp","Startup Cost": 0.42,"Total Cost": 9.07,"Plan Rows": 80,"Plan Width": 18,"Actual Startup Time": 0.019,"Actual Total Time": 0.477,"Actual Rows": 80,"Actual Loops": 405,"Index Cond": "(ps_suppkey = supplier.s_suppkey)","Rows Removed by Index Recheck": 0}]}]}]},"Planning Time": 7.214,"Triggers": [],"Execution Time": 451.949}]
[{"Plan": {"Node Type": "Sort","Parallel Aware": false,"Async Capable": false,"Startup Cost": 10142.20,"Total Cost": 10168.87,"Plan Rows": 10667,"Plan Width": 36,"Actual Startup Time": 433.392,"Actual Total Time": 433.521,"Actual Rows": 1062,"Actual Loops": 1,"Sort Key": ["(sum((partsupp.ps_supplycost * (partsupp.ps_availqty)::numeric))) DESC"],"Sort Method": "quicksort","Sort Space Used": 107,"Sort Space Type": "Memory","Plans": [{"Node Type": "Aggregate","Strategy": "Plain","Partial Mode": "Simple","Parent Relationship": "InitPlan","Subplan Name": "InitPlan 1 (returns $2)","Parallel Aware": false,"Async Capable": false,"Startup Cost": 4434.26,"Total Cost": 4434.27,"Plan Rows": 1,"Plan Width": 32,"Actual Startup Time": 125.971,"Actual Total Time": 125.990,"Actual Rows": 1,"Actual Loops": 1,"Plans": [{"Node Type": "Nested Loop","Parent Relationship": "Outer","Parallel Aware": false,"Async Capable": false,"Join Type": "Inner","Startup Cost": 7.81,"Total Cost": 4194.26,"Plan Rows": 32000,"Plan Width": 10,"Actual Startup Time": 0.203,"Actual Total Time": 118.781,"Actual Rows": 31440,"Actual Loops": 1,"Inner Unique": false,"Plans": [{"Node Type": "Nested Loop","Parent Relationship": "Outer","Parallel Aware": false,"Async Capable": false,"Join Type": "Inner","Startup Cost": 7.38,"Total Cost": 244.58,"Plan Rows": 400,"Plan Width": 4,"Actual Startup Time": 0.157,"Actual Total Time": 1.656,"Actual Rows": 393,"Actual Loops": 1,"Inner Unique": false,"Plans": [{"Node Type": "Seq Scan","Parent Relationship": "Outer","Parallel Aware": false,"Async Capable": false,"Relation Name": "nation","Alias": "nation_1","Startup Cost": 0.00,"Total Cost": 1.31,"Plan Rows": 1,"Plan Width": 4,"Actual Startup Time": 0.034,"Actual Total Time": 0.054,"Actual Rows": 1,"Actual Loops": 1,"Filter": "(n_name = 'IRAN'::bpchar)","Rows Removed by Filter": 24},{"Node Type": "Bitmap Heap Scan","Parent Relationship": "Inner","Parallel Aware": false,"Async Capable": false,"Relation Name": "supplier","Alias": "supplier_1","Startup Cost": 7.38,"Total Cost": 239.27,"Plan Rows": 400,"Plan Width": 8,"Actual Startup Time": 0.107,"Actual Total Time": 1.545,"Actual Rows": 393,"Actual Loops": 1,"Recheck Cond": "(s_nationkey = nation_1.n_nationkey)","Rows Removed by Index Recheck": 0,"Exact Heap Blocks": 179,"Lossy Heap Blocks": 0,"Plans": [{"Node Type": "Bitmap Index Scan","Parent Relationship": "Outer","Parallel Aware": false,"Async Capable": false,"Index Name": "idx_supplier_nation_key","Startup Cost": 0.00,"Total Cost": 7.29,"Plan Rows": 400,"Plan Width": 0,"Actual Startup Time": 0.076,"Actual Total Time": 0.080,"Actual Rows": 393,"Actual Loops": 1,"Index Cond": "(s_nationkey = nation_1.n_nationkey)"}]}]},{"Node Type": "Index Scan","Parent Relationship": "Inner","Parallel Aware": false,"Async Capable": false,"Scan Direction": "Forward","Index Name": "idx_partsupp_suppkey","Relation Name": "partsupp","Alias": "partsupp_1","Startup Cost": 0.42,"Total Cost": 9.07,"Plan Rows": 80,"Plan Width": 14,"Actual Startup Time": 0.014,"Actual Total Time": 0.286,"Actual Rows": 80,"Actual Loops": 393,"Index Cond": "(ps_suppkey = supplier_1.s_suppkey)","Rows Removed by Index Recheck": 0}]}]},{"Node Type": "Aggregate","Strategy": "Hashed","Partial Mode": "Simple","Parent Relationship": "Outer","Parallel Aware": false,"Async Capable": false,"Startup Cost": 4514.26,"Total Cost": 4994.26,"Plan Rows": 10667,"Plan Width": 36,"Actual Startup Time": 362.794,"Actual Total Time": 432.898,"Actual Rows": 1062,"Actual Loops": 1,"Group Key": ["partsupp.ps_partkey"],"Filter": "(sum((partsupp.ps_supplycost * (partsupp.ps_availqty)::numeric)) > $2)","Planned Partitions": 0,"HashAgg Batches": 1,"Peak Memory Usage": 17937,"Disk Usage": 0,"Rows Removed by Filter": 28595,"Plans": [{"Node Type": "Nested Loop","Parent Relationship": "Outer","Parallel Aware": false,"Async Capable": false,"Join Type": "Inner","Startup Cost": 7.81,"Total Cost": 4194.26,"Plan Rows": 32000,"Plan Width": 14,"Actual Startup Time": 0.338,"Actual Total Time": 194.810,"Actual Rows": 31440,"Actual Loops": 1,"Inner Unique": false,"Plans": [{"Node Type": "Nested Loop","Parent Relationship": "Outer","Parallel Aware": false,"Async Capable": false,"Join Type": "Inner","Startup Cost": 7.38,"Total Cost": 244.58,"Plan Rows": 400,"Plan Width": 4,"Actual Startup Time": 0.285,"Actual Total Time": 2.779,"Actual Rows": 393,"Actual Loops": 1,"Inner Unique": false,"Plans": [{"Node Type": "Seq Scan","Parent Relationship": "Outer","Parallel Aware": false,"Async Capable": false,"Relation Name": "nation","Alias": "nation","Startup Cost": 0.00,"Total Cost": 1.31,"Plan Rows": 1,"Plan Width": 4,"Actual Startup Time": 0.074,"Actual Total Time": 0.096,"Actual Rows": 1,"Actual Loops": 1,"Filter": "(n_name = 'IRAN'::bpchar)","Rows Removed by Filter": 24},{"Node Type": "Bitmap Heap Scan","Parent Relationship": "Inner","Parallel Aware": false,"Async Capable": false,"Relation Name": "supplier","Alias": "supplier","Startup Cost": 7.38,"Total Cost": 239.27,"Plan Rows": 400,"Plan Width": 8,"Actual Startup Time": 0.203,"Actual Total Time": 2.632,"Actual Rows": 393,"Actual Loops": 1,"Recheck Cond": "(s_nationkey = nation.n_nationkey)","Rows Removed by Index Recheck": 0,"Exact Heap Blocks": 179,"Lossy Heap Blocks": 0,"Plans": [{"Node Type": "Bitmap Index Scan","Parent Relationship": "Outer","Parallel Aware": false,"Async Capable": false,"Index Name": "idx_supplier_nation_key","Startup Cost": 0.00,"Total Cost": 7.29,"Plan Rows": 400,"Plan Width": 0,"Actual Startup Time": 0.138,"Actual Total Time": 0.139,"Actual Rows": 393,"Actual Loops": 1,"Index Cond": "(s_nationkey = nation.n_nationkey)"}]}]},{"Node Type": "Index Scan","Parent Relationship": "Inner","Parallel Aware": false,"Async Capable": false,"Scan Direction": "Forward","Index Name": "idx_partsupp_suppkey","Relation Name": "partsupp","Alias": "partsupp","Startup Cost": 0.42,"Total Cost": 9.07,"Plan Rows": 80,"Plan Width": 18,"Actual Startup Time": 0.019,"Actual Total Time": 0.477,"Actual Rows": 80,"Actual Loops": 393,"Index Cond": "(ps_suppkey = supplier.s_suppkey)","Rows Removed by Index Recheck": 0}]}]}]},"Planning Time": 6.603,"Triggers": [],"Execution Time": 437.000}]
[{"Plan": {"Node Type": "Sort","Parallel Aware": false,"Async Capable": false,"Startup Cost": 10142.20,"Total Cost": 10168.87,"Plan Rows": 10667,"Plan Width": 36,"Actual Startup Time": 433.878,"Actual Total Time": 434.021,"Actual Rows": 1048,"Actual Loops": 1,"Sort Key": ["(sum((partsupp.ps_supplycost * (partsupp.ps_availqty)::numeric))) DESC"],"Sort Method": "quicksort","Sort Space Used": 106,"Sort Space Type": "Memory","Plans": [{"Node Type": "Aggregate","Strategy": "Plain","Partial Mode": "Simple","Parent Relationship": "InitPlan","Subplan Name": "InitPlan 1 (returns $2)","Parallel Aware": false,"Async Capable": false,"Startup Cost": 4434.26,"Total Cost": 4434.27,"Plan Rows": 1,"Plan Width": 32,"Actual Startup Time": 128.490,"Actual Total Time": 128.514,"Actual Rows": 1,"Actual Loops": 1,"Plans": [{"Node Type": "Nested Loop","Parent Relationship": "Outer","Parallel Aware": false,"Async Capable": false,"Join Type": "Inner","Startup Cost": 7.81,"Total Cost": 4194.26,"Plan Rows": 32000,"Plan Width": 10,"Actual Startup Time": 0.194,"Actual Total Time": 121.249,"Actual Rows": 31680,"Actual Loops": 1,"Inner Unique": false,"Plans": [{"Node Type": "Nested Loop","Parent Relationship": "Outer","Parallel Aware": false,"Async Capable": false,"Join Type": "Inner","Startup Cost": 7.38,"Total Cost": 244.58,"Plan Rows": 400,"Plan Width": 4,"Actual Startup Time": 0.149,"Actual Total Time": 1.791,"Actual Rows": 396,"Actual Loops": 1,"Inner Unique": false,"Plans": [{"Node Type": "Seq Scan","Parent Relationship": "Outer","Parallel Aware": false,"Async Capable": false,"Relation Name": "nation","Alias": "nation_1","Startup Cost": 0.00,"Total Cost": 1.31,"Plan Rows": 1,"Plan Width": 4,"Actual Startup Time": 0.037,"Actual Total Time": 0.065,"Actual Rows": 1,"Actual Loops": 1,"Filter": "(n_name = 'GERMANY'::bpchar)","Rows Removed by Filter": 24},{"Node Type": "Bitmap Heap Scan","Parent Relationship": "Inner","Parallel Aware": false,"Async Capable": false,"Relation Name": "supplier","Alias": "supplier_1","Startup Cost": 7.38,"Total Cost": 239.27,"Plan Rows": 400,"Plan Width": 8,"Actual Startup Time": 0.101,"Actual Total Time": 1.663,"Actual Rows": 396,"Actual Loops": 1,"Recheck Cond": "(s_nationkey = nation_1.n_nationkey)","Rows Removed by Index Recheck": 0,"Exact Heap Blocks": 191,"Lossy Heap Blocks": 0,"Plans": [{"Node Type": "Bitmap Index Scan","Parent Relationship": "Outer","Parallel Aware": false,"Async Capable": false,"Index Name": "idx_supplier_nation_key","Startup Cost": 0.00,"Total Cost": 7.29,"Plan Rows": 400,"Plan Width": 0,"Actual Startup Time": 0.064,"Actual Total Time": 0.071,"Actual Rows": 396,"Actual Loops": 1,"Index Cond": "(s_nationkey = nation_1.n_nationkey)"}]}]},{"Node Type": "Index Scan","Parent Relationship": "Inner","Parallel Aware": false,"Async Capable": false,"Scan Direction": "Forward","Index Name": "idx_partsupp_suppkey","Relation Name": "partsupp","Alias": "partsupp_1","Startup Cost": 0.42,"Total Cost": 9.07,"Plan Rows": 80,"Plan Width": 14,"Actual Startup Time": 0.014,"Actual Total Time": 0.289,"Actual Rows": 80,"Actual Loops": 396,"Index Cond": "(ps_suppkey = supplier_1.s_suppkey)","Rows Removed by Index Recheck": 0}]}]},{"Node Type": "Aggregate","Strategy": "Hashed","Partial Mode": "Simple","Parent Relationship": "Outer","Parallel Aware": false,"Async Capable": false,"Startup Cost": 4514.26,"Total Cost": 4994.26,"Plan Rows": 10667,"Plan Width": 36,"Actual Startup Time": 363.472,"Actual Total Time": 433.375,"Actual Rows": 1048,"Actual Loops": 1,"Group Key": ["partsupp.ps_partkey"],"Filter": "(sum((partsupp.ps_supplycost * (partsupp.ps_availqty)::numeric)) > $2)","Planned Partitions": 0,"HashAgg Batches": 1,"Peak Memory Usage": 17937,"Disk Usage": 0,"Rows Removed by Filter": 28770,"Plans": [{"Node Type": "Nested Loop","Parent Relationship": "Outer","Parallel Aware": false,"Async Capable": false,"Join Type": "Inner","Startup Cost": 7.81,"Total Cost": 4194.26,"Plan Rows": 32000,"Plan Width": 14,"Actual Startup Time": 0.319,"Actual Total Time": 192.866,"Actual Rows": 31680,"Actual Loops": 1,"Inner Unique": false,"Plans": [{"Node Type": "Nested Loop","Parent Relationship": "Outer","Parallel Aware": false,"Async Capable": false,"Join Type": "Inner","Startup Cost": 7.38,"Total Cost": 244.58,"Plan Rows": 400,"Plan Width": 4,"Actual Startup Time": 0.254,"Actual Total Time": 2.704,"Actual Rows": 396,"Actual Loops": 1,"Inner Unique": false,"Plans": [{"Node Type": "Seq Scan","Parent Relationship": "Outer","Parallel Aware": false,"Async Capable": false,"Relation Name": "nation","Alias": "nation","Startup Cost": 0.00,"Total Cost": 1.31,"Plan Rows": 1,"Plan Width": 4,"Actual Startup Time": 0.067,"Actual Total Time": 0.092,"Actual Rows": 1,"Actual Loops": 1,"Filter": "(n_name = 'GERMANY'::bpchar)","Rows Removed by Filter": 24},{"Node Type": "Bitmap Heap Scan","Parent Relationship": "Inner","Parallel Aware": false,"Async Capable": false,"Relation Name": "supplier","Alias": "supplier","Startup Cost": 7.38,"Total Cost": 239.27,"Plan Rows": 400,"Plan Width": 8,"Actual Startup Time": 0.180,"Actual Total Time": 2.555,"Actual Rows": 396,"Actual Loops": 1,"Recheck Cond": "(s_nationkey = nation.n_nationkey)","Rows Removed by Index Recheck": 0,"Exact Heap Blocks": 191,"Lossy Heap Blocks": 0,"Plans": [{"Node Type": "Bitmap Index Scan","Parent Relationship": "Outer","Parallel Aware": false,"Async Capable": false,"Index Name": "idx_supplier_nation_key","Startup Cost": 0.00,"Total Cost": 7.29,"Plan Rows": 400,"Plan Width": 0,"Actual Startup Time": 0.114,"Actual Total Time": 0.118,"Actual Rows": 396,"Actual Loops": 1,"Index Cond": "(s_nationkey = nation.n_nationkey)"}]}]},{"Node Type": "Index Scan","Parent Relationship": "Inner","Parallel Aware": false,"Async Capable": false,"Scan Direction": "Forward","Index Name": "idx_partsupp_suppkey","Relation Name": "partsupp","Alias": "partsupp","Startup Cost": 0.42,"Total Cost": 9.07,"Plan Rows": 80,"Plan Width": 18,"Actual Startup Time": 0.019,"Actual Total Time": 0.468,"Actual Rows": 80,"Actual Loops": 396,"Index Cond": "(ps_suppkey = supplier.s_suppkey)","Rows Removed by Index Recheck": 0}]}]}]},"Planning Time": 7.362,"Triggers": [],"Execution Time": 437.365}]
[{"Plan": {"Node Type": "Sort","Parallel Aware": false,"Async Capable": false,"Startup Cost": 10142.20,"Total Cost": 10168.87,"Plan Rows": 10667,"Plan Width": 36,"Actual Startup Time": 460.724,"Actual Total Time": 460.840,"Actual Rows": 741,"Actual Loops": 1,"Sort Key": ["(sum((partsupp.ps_supplycost * (partsupp.ps_availqty)::numeric))) DESC"],"Sort Method": "quicksort","Sort Space Used": 65,"Sort Space Type": "Memory","Plans": [{"Node Type": "Aggregate","Strategy": "Plain","Partial Mode": "Simple","Parent Relationship": "InitPlan","Subplan Name": "InitPlan 1 (returns $2)","Parallel Aware": false,"Async Capable": false,"Startup Cost": 4434.26,"Total Cost": 4434.27,"Plan Rows": 1,"Plan Width": 32,"Actual Startup Time": 132.110,"Actual Total Time": 132.136,"Actual Rows": 1,"Actual Loops": 1,"Plans": [{"Node Type": "Nested Loop","Parent Relationship": "Outer","Parallel Aware": false,"Async Capable": false,"Join Type": "Inner","Startup Cost": 7.81,"Total Cost": 4194.26,"Plan Rows": 32000,"Plan Width": 10,"Actual Startup Time": 0.212,"Actual Total Time": 124.425,"Actual Rows": 33680,"Actual Loops": 1,"Inner Unique": false,"Plans": [{"Node Type": "Nested Loop","Parent Relationship": "Outer","Parallel Aware": false,"Async Capable": false,"Join Type": "Inner","Startup Cost": 7.38,"Total Cost": 244.58,"Plan Rows": 400,"Plan Width": 4,"Actual Startup Time": 0.146,"Actual Total Time": 1.771,"Actual Rows": 421,"Actual Loops": 1,"Inner Unique": false,"Plans": [{"Node Type": "Seq Scan","Parent Relationship": "Outer","Parallel Aware": false,"Async Capable": false,"Relation Name": "nation","Alias": "nation_1","Startup Cost": 0.00,"Total Cost": 1.31,"Plan Rows": 1,"Plan Width": 4,"Actual Startup Time": 0.036,"Actual Total Time": 0.052,"Actual Rows": 1,"Actual Loops": 1,"Filter": "(n_name = 'PERU'::bpchar)","Rows Removed by Filter": 24},{"Node Type": "Bitmap Heap Scan","Parent Relationship": "Inner","Parallel Aware": false,"Async Capable": false,"Relation Name": "supplier","Alias": "supplier_1","Startup Cost": 7.38,"Total Cost": 239.27,"Plan Rows": 400,"Plan Width": 8,"Actual Startup Time": 0.097,"Actual Total Time": 1.663,"Actual Rows": 421,"Actual Loops": 1,"Recheck Cond": "(s_nationkey = nation_1.n_nationkey)","Rows Removed by Index Recheck": 0,"Exact Heap Blocks": 187,"Lossy Heap Blocks": 0,"Plans": [{"Node Type": "Bitmap Index Scan","Parent Relationship": "Outer","Parallel Aware": false,"Async Capable": false,"Index Name": "idx_supplier_nation_key","Startup Cost": 0.00,"Total Cost": 7.29,"Plan Rows": 400,"Plan Width": 0,"Actual Startup Time": 0.063,"Actual Total Time": 0.070,"Actual Rows": 421,"Actual Loops": 1,"Index Cond": "(s_nationkey = nation_1.n_nationkey)"}]}]},{"Node Type": "Index Scan","Parent Relationship": "Inner","Parallel Aware": false,"Async Capable": false,"Scan Direction": "Forward","Index Name": "idx_partsupp_suppkey","Relation Name": "partsupp","Alias": "partsupp_1","Startup Cost": 0.42,"Total Cost": 9.07,"Plan Rows": 80,"Plan Width": 14,"Actual Startup Time": 0.014,"Actual Total Time": 0.279,"Actual Rows": 80,"Actual Loops": 421,"Index Cond": "(ps_suppkey = supplier_1.s_suppkey)","Rows Removed by Index Recheck": 0}]}]},{"Node Type": "Aggregate","Strategy": "Hashed","Partial Mode": "Simple","Parent Relationship": "Outer","Parallel Aware": false,"Async Capable": false,"Startup Cost": 4514.26,"Total Cost": 4994.26,"Plan Rows": 10667,"Plan Width": 36,"Actual Startup Time": 384.508,"Actual Total Time": 460.301,"Actual Rows": 741,"Actual Loops": 1,"Group Key": ["partsupp.ps_partkey"],"Filter": "(sum((partsupp.ps_supplycost * (partsupp.ps_availqty)::numeric)) > $2)","Planned Partitions": 0,"HashAgg Batches": 1,"Peak Memory Usage": 17937,"Disk Usage": 0,"Rows Removed by Filter": 30846,"Plans": [{"Node Type": "Nested Loop","Parent Relationship": "Outer","Parallel Aware": false,"Async Capable": false,"Join Type": "Inner","Startup Cost": 7.81,"Total Cost": 4194.26,"Plan Rows": 32000,"Plan Width": 14,"Actual Startup Time": 0.389,"Actual Total Time": 205.243,"Actual Rows": 33680,"Actual Loops": 1,"Inner Unique": false,"Plans": [{"Node Type": "Nested Loop","Parent Relationship": "Outer","Parallel Aware": false,"Async Capable": false,"Join Type": "Inner","Startup Cost": 7.38,"Total Cost": 244.58,"Plan Rows": 400,"Plan Width": 4,"Actual Startup Time": 0.332,"Actual Total Time": 2.785,"Actual Rows": 421,"Actual Loops": 1,"Inner Unique": false,"Plans": [{"Node Type": "Seq Scan","Parent Relationship": "Outer","Parallel Aware": false,"Async Capable": false,"Relation Name": "nation","Alias": "nation","Startup Cost": 0.00,"Total Cost": 1.31,"Plan Rows": 1,"Plan Width": 4,"Actual Startup Time": 0.057,"Actual Total Time": 0.075,"Actual Rows": 1,"Actual Loops": 1,"Filter": "(n_name = 'PERU'::bpchar)","Rows Removed by Filter": 24},{"Node Type": "Bitmap Heap Scan","Parent Relationship": "Inner","Parallel Aware": false,"Async Capable": false,"Relation Name": "supplier","Alias": "supplier","Startup Cost": 7.38,"Total Cost": 239.27,"Plan Rows": 400,"Plan Width": 8,"Actual Startup Time": 0.270,"Actual Total Time": 2.660,"Actual Rows": 421,"Actual Loops": 1,"Recheck Cond": "(s_nationkey = nation.n_nationkey)","Rows Removed by Index Recheck": 0,"Exact Heap Blocks": 187,"Lossy Heap Blocks": 0,"Plans": [{"Node Type": "Bitmap Index Scan","Parent Relationship": "Outer","Parallel Aware": false,"Async Capable": false,"Index Name": "idx_supplier_nation_key","Startup Cost": 0.00,"Total Cost": 7.29,"Plan Rows": 400,"Plan Width": 0,"Actual Startup Time": 0.195,"Actual Total Time": 0.196,"Actual Rows": 421,"Actual Loops": 1,"Index Cond": "(s_nationkey = nation.n_nationkey)"}]}]},{"Node Type": "Index Scan","Parent Relationship": "Inner","Parallel Aware": false,"Async Capable": false,"Scan Direction": "Forward","Index Name": "idx_partsupp_suppkey","Relation Name": "partsupp","Alias": "partsupp","Startup Cost": 0.42,"Total Cost": 9.07,"Plan Rows": 80,"Plan Width": 18,"Actual Startup Time": 0.018,"Actual Total Time": 0.469,"Actual Rows": 80,"Actual Loops": 421,"Index Cond": "(ps_suppkey = supplier.s_suppkey)","Rows Removed by Index Recheck": 0}]}]}]},"Planning Time": 6.964,"Triggers": [],"Execution Time": 464.153}]
[{"Plan": {"Node Type": "Sort","Parallel Aware": false,"Async Capable": false,"Startup Cost": 10142.20,"Total Cost": 10168.87,"Plan Rows": 10667,"Plan Width": 36,"Actual Startup Time": 427.262,"Actual Total Time": 427.423,"Actual Rows": 1241,"Actual Loops": 1,"Sort Key": ["(sum((partsupp.ps_supplycost * (partsupp.ps_availqty)::numeric))) DESC"],"Sort Method": "quicksort","Sort Space Used": 116,"Sort Space Type": "Memory","Plans": [{"Node Type": "Aggregate","Strategy": "Plain","Partial Mode": "Simple","Parent Relationship": "InitPlan","Subplan Name": "InitPlan 1 (returns $2)","Parallel Aware": false,"Async Capable": false,"Startup Cost": 4434.26,"Total Cost": 4434.27,"Plan Rows": 1,"Plan Width": 32,"Actual Startup Time": 127.406,"Actual Total Time": 127.426,"Actual Rows": 1,"Actual Loops": 1,"Plans": [{"Node Type": "Nested Loop","Parent Relationship": "Outer","Parallel Aware": false,"Async Capable": false,"Join Type": "Inner","Startup Cost": 7.81,"Total Cost": 4194.26,"Plan Rows": 32000,"Plan Width": 10,"Actual Startup Time": 0.226,"Actual Total Time": 120.281,"Actual Rows": 30400,"Actual Loops": 1,"Inner Unique": false,"Plans": [{"Node Type": "Nested Loop","Parent Relationship": "Outer","Parallel Aware": false,"Async Capable": false,"Join Type": "Inner","Startup Cost": 7.38,"Total Cost": 244.58,"Plan Rows": 400,"Plan Width": 4,"Actual Startup Time": 0.174,"Actual Total Time": 1.741,"Actual Rows": 380,"Actual Loops": 1,"Inner Unique": false,"Plans": [{"Node Type": "Seq Scan","Parent Relationship": "Outer","Parallel Aware": false,"Async Capable": false,"Relation Name": "nation","Alias": "nation_1","Startup Cost": 0.00,"Total Cost": 1.31,"Plan Rows": 1,"Plan Width": 4,"Actual Startup Time": 0.028,"Actual Total Time": 0.042,"Actual Rows": 1,"Actual Loops": 1,"Filter": "(n_name = 'ETHIOPIA'::bpchar)","Rows Removed by Filter": 24},{"Node Type": "Bitmap Heap Scan","Parent Relationship": "Inner","Parallel Aware": false,"Async Capable": false,"Relation Name": "supplier","Alias": "supplier_1","Startup Cost": 7.38,"Total Cost": 239.27,"Plan Rows": 400,"Plan Width": 8,"Actual Startup Time": 0.130,"Actual Total Time": 1.641,"Actual Rows": 380,"Actual Loops": 1,"Recheck Cond": "(s_nationkey = nation_1.n_nationkey)","Rows Removed by Index Recheck": 0,"Exact Heap Blocks": 192,"Lossy Heap Blocks": 0,"Plans": [{"Node Type": "Bitmap Index Scan","Parent Relationship": "Outer","Parallel Aware": false,"Async Capable": false,"Index Name": "idx_supplier_nation_key","Startup Cost": 0.00,"Total Cost": 7.29,"Plan Rows": 400,"Plan Width": 0,"Actual Startup Time": 0.089,"Actual Total Time": 0.091,"Actual Rows": 380,"Actual Loops": 1,"Index Cond": "(s_nationkey = nation_1.n_nationkey)"}]}]},{"Node Type": "Index Scan","Parent Relationship": "Inner","Parallel Aware": false,"Async Capable": false,"Scan Direction": "Forward","Index Name": "idx_partsupp_suppkey","Relation Name": "partsupp","Alias": "partsupp_1","Startup Cost": 0.42,"Total Cost": 9.07,"Plan Rows": 80,"Plan Width": 14,"Actual Startup Time": 0.015,"Actual Total Time": 0.299,"Actual Rows": 80,"Actual Loops": 380,"Index Cond": "(ps_suppkey = supplier_1.s_suppkey)","Rows Removed by Index Recheck": 0}]}]},{"Node Type": "Aggregate","Strategy": "Hashed","Partial Mode": "Simple","Parent Relationship": "Outer","Parallel Aware": false,"Async Capable": false,"Startup Cost": 4514.26,"Total Cost": 4994.26,"Plan Rows": 10667,"Plan Width": 36,"Actual Startup Time": 359.706,"Actual Total Time": 426.732,"Actual Rows": 1241,"Actual Loops": 1,"Group Key": ["partsupp.ps_partkey"],"Filter": "(sum((partsupp.ps_supplycost * (partsupp.ps_availqty)::numeric)) > $2)","Planned Partitions": 0,"HashAgg Batches": 1,"Peak Memory Usage": 17937,"Disk Usage": 0,"Rows Removed by Filter": 27374,"Plans": [{"Node Type": "Nested Loop","Parent Relationship": "Outer","Parallel Aware": false,"Async Capable": false,"Join Type": "Inner","Startup Cost": 7.81,"Total Cost": 4194.26,"Plan Rows": 32000,"Plan Width": 14,"Actual Startup Time": 0.377,"Actual Total Time": 187.744,"Actual Rows": 30400,"Actual Loops": 1,"Inner Unique": false,"Plans": [{"Node Type": "Nested Loop","Parent Relationship": "Outer","Parallel Aware": false,"Async Capable": false,"Join Type": "Inner","Startup Cost": 7.38,"Total Cost": 244.58,"Plan Rows": 400,"Plan Width": 4,"Actual Startup Time": 0.305,"Actual Total Time": 2.864,"Actual Rows": 380,"Actual Loops": 1,"Inner Unique": false,"Plans": [{"Node Type": "Seq Scan","Parent Relationship": "Outer","Parallel Aware": false,"Async Capable": false,"Relation Name": "nation","Alias": "nation","Startup Cost": 0.00,"Total Cost": 1.31,"Plan Rows": 1,"Plan Width": 4,"Actual Startup Time": 0.073,"Actual Total Time": 0.091,"Actual Rows": 1,"Actual Loops": 1,"Filter": "(n_name = 'ETHIOPIA'::bpchar)","Rows Removed by Filter": 24},{"Node Type": "Bitmap Heap Scan","Parent Relationship": "Inner","Parallel Aware": false,"Async Capable": false,"Relation Name": "supplier","Alias": "supplier","Startup Cost": 7.38,"Total Cost": 239.27,"Plan Rows": 400,"Plan Width": 8,"Actual Startup Time": 0.228,"Actual Total Time": 2.728,"Actual Rows": 380,"Actual Loops": 1,"Recheck Cond": "(s_nationkey = nation.n_nationkey)","Rows Removed by Index Recheck": 0,"Exact Heap Blocks": 192,"Lossy Heap Blocks": 0,"Plans": [{"Node Type": "Bitmap Index Scan","Parent Relationship": "Outer","Parallel Aware": false,"Async Capable": false,"Index Name": "idx_supplier_nation_key","Startup Cost": 0.00,"Total Cost": 7.29,"Plan Rows": 400,"Plan Width": 0,"Actual Startup Time": 0.146,"Actual Total Time": 0.146,"Actual Rows": 380,"Actual Loops": 1,"Index Cond": "(s_nationkey = nation.n_nationkey)"}]}]},{"Node Type": "Index Scan","Parent Relationship": "Inner","Parallel Aware": false,"Async Capable": false,"Scan Direction": "Forward","Index Name": "idx_partsupp_suppkey","Relation Name": "partsupp","Alias": "partsupp","Startup Cost": 0.42,"Total Cost": 9.07,"Plan Rows": 80,"Plan Width": 18,"Actual Startup Time": 0.020,"Actual Total Time": 0.475,"Actual Rows": 80,"Actual Loops": 380,"Index Cond": "(ps_suppkey = supplier.s_suppkey)","Rows Removed by Index Recheck": 0}]}]}]},"Planning Time": 7.180,"Triggers": [],"Execution Time": 429.797}]
[{"Plan": {"Node Type": "Sort","Parallel Aware": false,"Async Capable": false,"Startup Cost": 10142.20,"Total Cost": 10168.87,"Plan Rows": 10667,"Plan Width": 36,"Actual Startup Time": 433.392,"Actual Total Time": 433.521,"Actual Rows": 1062,"Actual Loops": 1,"Sort Key": ["(sum((partsupp.ps_supplycost * (partsupp.ps_availqty)::numeric))) DESC"],"Sort Method": "quicksort","Sort Space Used": 107,"Sort Space Type": "Memory","Plans": [{"Node Type": "Aggregate","Strategy": "Plain","Partial Mode": "Simple","Parent Relationship": "InitPlan","Subplan Name": "InitPlan 1 (returns $2)","Parallel Aware": false,"Async Capable": false,"Startup Cost": 4434.26,"Total Cost": 4434.27,"Plan Rows": 1,"Plan Width": 32,"Actual Startup Time": 125.971,"Actual Total Time": 125.990,"Actual Rows": 1,"Actual Loops": 1,"Plans": [{"Node Type": "Nested Loop","Parent Relationship": "Outer","Parallel Aware": false,"Async Capable": false,"Join Type": "Inner","Startup Cost": 7.81,"Total Cost": 4194.26,"Plan Rows": 32000,"Plan Width": 10,"Actual Startup Time": 0.203,"Actual Total Time": 118.781,"Actual Rows": 31440,"Actual Loops": 1,"Inner Unique": false,"Plans": [{"Node Type": "Nested Loop","Parent Relationship": "Outer","Parallel Aware": false,"Async Capable": false,"Join Type": "Inner","Startup Cost": 7.38,"Total Cost": 244.58,"Plan Rows": 400,"Plan Width": 4,"Actual Startup Time": 0.157,"Actual Total Time": 1.656,"Actual Rows": 393,"Actual Loops": 1,"Inner Unique": false,"Plans": [{"Node Type": "Seq Scan","Parent Relationship": "Outer","Parallel Aware": false,"Async Capable": false,"Relation Name": "nation","Alias": "nation_1","Startup Cost": 0.00,"Total Cost": 1.31,"Plan Rows": 1,"Plan Width": 4,"Actual Startup Time": 0.034,"Actual Total Time": 0.054,"Actual Rows": 1,"Actual Loops": 1,"Filter": "(n_name = 'IRAN'::bpchar)","Rows Removed by Filter": 24},{"Node Type": "Bitmap Heap Scan","Parent Relationship": "Inner","Parallel Aware": false,"Async Capable": false,"Relation Name": "supplier","Alias": "supplier_1","Startup Cost": 7.38,"Total Cost": 239.27,"Plan Rows": 400,"Plan Width": 8,"Actual Startup Time": 0.107,"Actual Total Time": 1.545,"Actual Rows": 393,"Actual Loops": 1,"Recheck Cond": "(s_nationkey = nation_1.n_nationkey)","Rows Removed by Index Recheck": 0,"Exact Heap Blocks": 179,"Lossy Heap Blocks": 0,"Plans": [{"Node Type": "Bitmap Index Scan","Parent Relationship": "Outer","Parallel Aware": false,"Async Capable": false,"Index Name": "idx_supplier_nation_key","Startup Cost": 0.00,"Total Cost": 7.29,"Plan Rows": 400,"Plan Width": 0,"Actual Startup Time": 0.076,"Actual Total Time": 0.080,"Actual Rows": 393,"Actual Loops": 1,"Index Cond": "(s_nationkey = nation_1.n_nationkey)"}]}]},{"Node Type": "Index Scan","Parent Relationship": "Inner","Parallel Aware": false,"Async Capable": false,"Scan Direction": "Forward","Index Name": "idx_partsupp_suppkey","Relation Name": "partsupp","Alias": "partsupp_1","Startup Cost": 0.42,"Total Cost": 9.07,"Plan Rows": 80,"Plan Width": 14,"Actual Startup Time": 0.014,"Actual Total Time": 0.286,"Actual Rows": 80,"Actual Loops": 393,"Index Cond": "(ps_suppkey = supplier_1.s_suppkey)","Rows Removed by Index Recheck": 0}]}]},{"Node Type": "Aggregate","Strategy": "Hashed","Partial Mode": "Simple","Parent Relationship": "Outer","Parallel Aware": false,"Async Capable": false,"Startup Cost": 4514.26,"Total Cost": 4994.26,"Plan Rows": 10667,"Plan Width": 36,"Actual Startup Time": 362.794,"Actual Total Time": 432.898,"Actual Rows": 1062,"Actual Loops": 1,"Group Key": ["partsupp.ps_partkey"],"Filter": "(sum((partsupp.ps_supplycost * (partsupp.ps_availqty)::numeric)) > $2)","Planned Partitions": 0,"HashAgg Batches": 1,"Peak Memory Usage": 17937,"Disk Usage": 0,"Rows Removed by Filter": 28595,"Plans": [{"Node Type": "Nested Loop","Parent Relationship": "Outer","Parallel Aware": false,"Async Capable": false,"Join Type": "Inner","Startup Cost": 7.81,"Total Cost": 4194.26,"Plan Rows": 32000,"Plan Width": 14,"Actual Startup Time": 0.338,"Actual Total Time": 194.810,"Actual Rows": 31440,"Actual Loops": 1,"Inner Unique": false,"Plans": [{"Node Type": "Nested Loop","Parent Relationship": "Outer","Parallel Aware": false,"Async Capable": false,"Join Type": "Inner","Startup Cost": 7.38,"Total Cost": 244.58,"Plan Rows": 400,"Plan Width": 4,"Actual Startup Time": 0.285,"Actual Total Time": 2.779,"Actual Rows": 393,"Actual Loops": 1,"Inner Unique": false,"Plans": [{"Node Type": "Seq Scan","Parent Relationship": "Outer","Parallel Aware": false,"Async Capable": false,"Relation Name": "nation","Alias": "nation","Startup Cost": 0.00,"Total Cost": 1.31,"Plan Rows": 1,"Plan Width": 4,"Actual Startup Time": 0.074,"Actual Total Time": 0.096,"Actual Rows": 1,"Actual Loops": 1,"Filter": "(n_name = 'IRAN'::bpchar)","Rows Removed by Filter": 24},{"Node Type": "Bitmap Heap Scan","Parent Relationship": "Inner","Parallel Aware": false,"Async Capable": false,"Relation Name": "supplier","Alias": "supplier","Startup Cost": 7.38,"Total Cost": 239.27,"Plan Rows": 400,"Plan Width": 8,"Actual Startup Time": 0.203,"Actual Total Time": 2.632,"Actual Rows": 393,"Actual Loops": 1,"Recheck Cond": "(s_nationkey = nation.n_nationkey)","Rows Removed by Index Recheck": 0,"Exact Heap Blocks": 179,"Lossy Heap Blocks": 0,"Plans": [{"Node Type": "Bitmap Index Scan","Parent Relationship": "Outer","Parallel Aware": false,"Async Capable": false,"Index Name": "idx_supplier_nation_key","Startup Cost": 0.00,"Total Cost": 7.29,"Plan Rows": 400,"Plan Width": 0,"Actual Startup Time": 0.138,"Actual Total Time": 0.139,"Actual Rows": 393,"Actual Loops": 1,"Index Cond": "(s_nationkey = nation.n_nationkey)"}]}]},{"Node Type": "Index Scan","Parent Relationship": "Inner","Parallel Aware": false,"Async Capable": false,"Scan Direction": "Forward","Index Name": "idx_partsupp_suppkey","Relation Name": "partsupp","Alias": "partsupp","Startup Cost": 0.42,"Total Cost": 9.07,"Plan Rows": 80,"Plan Width": 18,"Actual Startup Time": 0.019,"Actual Total Time": 0.477,"Actual Rows": 80,"Actual Loops": 393,"Index Cond": "(ps_suppkey = supplier.s_suppkey)","Rows Removed by Index Recheck": 0}]}]}]},"Planning Time": 6.603,"Triggers": [],"Execution Time": 437.000}]
[{"Plan": {"Node Type": "Sort","Parallel Aware": false,"Async Capable": false,"Startup Cost": 10142.20,"Total Cost": 10168.87,"Plan Rows": 10667,"Plan Width": 36,"Actual Startup Time": 428.583,"Actual Total Time": 428.704,"Actual Rows": 1225,"Actual Loops": 1,"Sort Key": ["(sum((partsupp.ps_supplycost * (partsupp.ps_availqty)::numeric))) DESC"],"Sort Method": "quicksort","Sort Space Used": 116,"Sort Space Type": "Memory","Plans": [{"Node Type": "Aggregate","Strategy": "Plain","Partial Mode": "Simple","Parent Relationship": "InitPlan","Subplan Name": "InitPlan 1 (returns $2)","Parallel Aware": false,"Async Capable": false,"Startup Cost": 4434.26,"Total Cost": 4434.27,"Plan Rows": 1,"Plan Width": 32,"Actual Startup Time": 128.590,"Actual Total Time": 128.610,"Actual Rows": 1,"Actual Loops": 1,"Plans": [{"Node Type": "Nested Loop","Parent Relationship": "Outer","Parallel Aware": false,"Async Capable": false,"Join Type": "Inner","Startup Cost": 7.81,"Total Cost": 4194.26,"Plan Rows": 32000,"Plan Width": 10,"Actual Startup Time": 0.200,"Actual Total Time": 121.660,"Actual Rows": 30160,"Actual Loops": 1,"Inner Unique": false,"Plans": [{"Node Type": "Nested Loop","Parent Relationship": "Outer","Parallel Aware": false,"Async Capable": false,"Join Type": "Inner","Startup Cost": 7.38,"Total Cost": 244.58,"Plan Rows": 400,"Plan Width": 4,"Actual Startup Time": 0.145,"Actual Total Time": 1.678,"Actual Rows": 377,"Actual Loops": 1,"Inner Unique": false,"Plans": [{"Node Type": "Seq Scan","Parent Relationship": "Outer","Parallel Aware": false,"Async Capable": false,"Relation Name": "nation","Alias": "nation_1","Startup Cost": 0.00,"Total Cost": 1.31,"Plan Rows": 1,"Plan Width": 4,"Actual Startup Time": 0.022,"Actual Total Time": 0.041,"Actual Rows": 1,"Actual Loops": 1,"Filter": "(n_name = 'JAPAN'::bpchar)","Rows Removed by Filter": 24},{"Node Type": "Bitmap Heap Scan","Parent Relationship": "Inner","Parallel Aware": false,"Async Capable": false,"Relation Name": "supplier","Alias": "supplier_1","Startup Cost": 7.38,"Total Cost": 239.27,"Plan Rows": 400,"Plan Width": 8,"Actual Startup Time": 0.107,"Actual Total Time": 1.581,"Actual Rows": 377,"Actual Loops": 1,"Recheck Cond": "(s_nationkey = nation_1.n_nationkey)","Rows Removed by Index Recheck": 0,"Exact Heap Blocks": 180,"Lossy Heap Blocks": 0,"Plans": [{"Node Type": "Bitmap Index Scan","Parent Relationship": "Outer","Parallel Aware": false,"Async Capable": false,"Index Name": "idx_supplier_nation_key","Startup Cost": 0.00,"Total Cost": 7.29,"Plan Rows": 400,"Plan Width": 0,"Actual Startup Time": 0.073,"Actual Total Time": 0.079,"Actual Rows": 377,"Actual Loops": 1,"Index Cond": "(s_nationkey = nation_1.n_nationkey)"}]}]},{"Node Type": "Index Scan","Parent Relationship": "Inner","Parallel Aware": false,"Async Capable": false,"Scan Direction": "Forward","Index Name": "idx_partsupp_suppkey","Relation Name": "partsupp","Alias": "partsupp_1","Startup Cost": 0.42,"Total Cost": 9.07,"Plan Rows": 80,"Plan Width": 14,"Actual Startup Time": 0.015,"Actual Total Time": 0.306,"Actual Rows": 80,"Actual Loops": 377,"Index Cond": "(ps_suppkey = supplier_1.s_suppkey)","Rows Removed by Index Recheck": 0}]}]},{"Node Type": "Aggregate","Strategy": "Hashed","Partial Mode": "Simple","Parent Relationship": "Outer","Parallel Aware": false,"Async Capable": false,"Startup Cost": 4514.26,"Total Cost": 4994.26,"Plan Rows": 10667,"Plan Width": 36,"Actual Startup Time": 361.803,"Actual Total Time": 428.043,"Actual Rows": 1225,"Actual Loops": 1,"Group Key": ["partsupp.ps_partkey"],"Filter": "(sum((partsupp.ps_supplycost * (partsupp.ps_availqty)::numeric)) > $2)","Planned Partitions": 0,"HashAgg Batches": 1,"Peak Memory Usage": 17937,"Disk Usage": 0,"Rows Removed by Filter": 27290,"Plans": [{"Node Type": "Nested Loop","Parent Relationship": "Outer","Parallel Aware": false,"Async Capable": false,"Join Type": "Inner","Startup Cost": 7.81,"Total Cost": 4194.26,"Plan Rows": 32000,"Plan Width": 14,"Actual Startup Time": 0.353,"Actual Total Time": 190.903,"Actual Rows": 30160,"Actual Loops": 1,"Inner Unique": false,"Plans": [{"Node Type": "Nested Loop","Parent Relationship": "Outer","Parallel Aware": false,"Async Capable": false,"Join Type": "Inner","Startup Cost": 7.38,"Total Cost": 244.58,"Plan Rows": 400,"Plan Width": 4,"Actual Startup Time": 0.276,"Actual Total Time": 2.652,"Actual Rows": 377,"Actual Loops": 1,"Inner Unique": false,"Plans": [{"Node Type": "Seq Scan","Parent Relationship": "Outer","Parallel Aware": false,"Async Capable": false,"Relation Name": "nation","Alias": "nation","Startup Cost": 0.00,"Total Cost": 1.31,"Plan Rows": 1,"Plan Width": 4,"Actual Startup Time": 0.069,"Actual Total Time": 0.093,"Actual Rows": 1,"Actual Loops": 1,"Filter": "(n_name = 'JAPAN'::bpchar)","Rows Removed by Filter": 24},{"Node Type": "Bitmap Heap Scan","Parent Relationship": "Inner","Parallel Aware": false,"Async Capable": false,"Relation Name": "supplier","Alias": "supplier","Startup Cost": 7.38,"Total Cost": 239.27,"Plan Rows": 400,"Plan Width": 8,"Actual Startup Time": 0.204,"Actual Total Time": 2.512,"Actual Rows": 377,"Actual Loops": 1,"Recheck Cond": "(s_nationkey = nation.n_nationkey)","Rows Removed by Index Recheck": 0,"Exact Heap Blocks": 180,"Lossy Heap Blocks": 0,"Plans": [{"Node Type": "Bitmap Index Scan","Parent Relationship": "Outer","Parallel Aware": false,"Async Capable": false,"Index Name": "idx_supplier_nation_key","Startup Cost": 0.00,"Total Cost": 7.29,"Plan Rows": 400,"Plan Width": 0,"Actual Startup Time": 0.135,"Actual Total Time": 0.136,"Actual Rows": 377,"Actual Loops": 1,"Index Cond": "(s_nationkey = nation.n_nationkey)"}]}]},{"Node Type": "Index Scan","Parent Relationship": "Inner","Parallel Aware": false,"Async Capable": false,"Scan Direction": "Forward","Index Name": "idx_partsupp_suppkey","Relation Name": "partsupp","Alias": "partsupp","Startup Cost": 0.42,"Total Cost": 9.07,"Plan Rows": 80,"Plan Width": 18,"Actual Startup Time": 0.021,"Actual Total Time": 0.488,"Actual Rows": 80,"Actual Loops": 377,"Index Cond": "(ps_suppkey = supplier.s_suppkey)","Rows Removed by Index Recheck": 0}]}]}]},"Planning Time": 6.421,"Triggers": [],"Execution Time": 431.115}]
[{"Plan": {"Node Type": "Sort","Parallel Aware": false,"Async Capable": false,"Startup Cost": 10142.20,"Total Cost": 10168.87,"Plan Rows": 10667,"Plan Width": 36,"Actual Startup Time": 449.560,"Actual Total Time": 449.671,"Actual Rows": 907,"Actual Loops": 1,"Sort Key": ["(sum((partsupp.ps_supplycost * (partsupp.ps_availqty)::numeric))) DESC"],"Sort Method": "quicksort","Sort Space Used": 74,"Sort Space Type": "Memory","Plans": [{"Node Type": "Aggregate","Strategy": "Plain","Partial Mode": "Simple","Parent Relationship": "InitPlan","Subplan Name": "InitPlan 1 (returns $2)","Parallel Aware": false,"Async Capable": false,"Startup Cost": 4434.26,"Total Cost": 4434.27,"Plan Rows": 1,"Plan Width": 32,"Actual Startup Time": 134.911,"Actual Total Time": 134.932,"Actual Rows": 1,"Actual Loops": 1,"Plans": [{"Node Type": "Nested Loop","Parent Relationship": "Outer","Parallel Aware": false,"Async Capable": false,"Join Type": "Inner","Startup Cost": 7.81,"Total Cost": 4194.26,"Plan Rows": 32000,"Plan Width": 10,"Actual Startup Time": 0.196,"Actual Total Time": 127.626,"Actual Rows": 31760,"Actual Loops": 1,"Inner Unique": false,"Plans": [{"Node Type": "Nested Loop","Parent Relationship": "Outer","Parallel Aware": false,"Async Capable": false,"Join Type": "Inner","Startup Cost": 7.38,"Total Cost": 244.58,"Plan Rows": 400,"Plan Width": 4,"Actual Startup Time": 0.146,"Actual Total Time": 1.719,"Actual Rows": 397,"Actual Loops": 1,"Inner Unique": false,"Plans": [{"Node Type": "Seq Scan","Parent Relationship": "Outer","Parallel Aware": false,"Async Capable": false,"Relation Name": "nation","Alias": "nation_1","Startup Cost": 0.00,"Total Cost": 1.31,"Plan Rows": 1,"Plan Width": 4,"Actual Startup Time": 0.024,"Actual Total Time": 0.052,"Actual Rows": 1,"Actual Loops": 1,"Filter": "(n_name = 'BRAZIL'::bpchar)","Rows Removed by Filter": 24},{"Node Type": "Bitmap Heap Scan","Parent Relationship": "Inner","Parallel Aware": false,"Async Capable": false,"Relation Name": "supplier","Alias": "supplier_1","Startup Cost": 7.38,"Total Cost": 239.27,"Plan Rows": 400,"Plan Width": 8,"Actual Startup Time": 0.105,"Actual Total Time": 1.602,"Actual Rows": 397,"Actual Loops": 1,"Recheck Cond": "(s_nationkey = nation_1.n_nationkey)","Rows Removed by Index Recheck": 0,"Exact Heap Blocks": 187,"Lossy Heap Blocks": 0,"Plans": [{"Node Type": "Bitmap Index Scan","Parent Relationship": "Outer","Parallel Aware": false,"Async Capable": false,"Index Name": "idx_supplier_nation_key","Startup Cost": 0.00,"Total Cost": 7.29,"Plan Rows": 400,"Plan Width": 0,"Actual Startup Time": 0.071,"Actual Total Time": 0.077,"Actual Rows": 397,"Actual Loops": 1,"Index Cond": "(s_nationkey = nation_1.n_nationkey)"}]}]},{"Node Type": "Index Scan","Parent Relationship": "Inner","Parallel Aware": false,"Async Capable": false,"Scan Direction": "Forward","Index Name": "idx_partsupp_suppkey","Relation Name": "partsupp","Alias": "partsupp_1","Startup Cost": 0.42,"Total Cost": 9.07,"Plan Rows": 80,"Plan Width": 14,"Actual Startup Time": 0.015,"Actual Total Time": 0.304,"Actual Rows": 80,"Actual Loops": 397,"Index Cond": "(ps_suppkey = supplier_1.s_suppkey)","Rows Removed by Index Recheck": 0}]}]},{"Node Type": "Aggregate","Strategy": "Hashed","Partial Mode": "Simple","Parent Relationship": "Outer","Parallel Aware": false,"Async Capable": false,"Startup Cost": 4514.26,"Total Cost": 4994.26,"Plan Rows": 10667,"Plan Width": 36,"Actual Startup Time": 378.380,"Actual Total Time": 449.162,"Actual Rows": 907,"Actual Loops": 1,"Group Key": ["partsupp.ps_partkey"],"Filter": "(sum((partsupp.ps_supplycost * (partsupp.ps_availqty)::numeric)) > $2)","Planned Partitions": 0,"HashAgg Batches": 1,"Peak Memory Usage": 17937,"Disk Usage": 0,"Rows Removed by Filter": 29157,"Plans": [{"Node Type": "Nested Loop","Parent Relationship": "Outer","Parallel Aware": false,"Async Capable": false,"Join Type": "Inner","Startup Cost": 7.81,"Total Cost": 4194.26,"Plan Rows": 32000,"Plan Width": 14,"Actual Startup Time": 0.353,"Actual Total Time": 195.500,"Actual Rows": 31760,"Actual Loops": 1,"Inner Unique": false,"Plans": [{"Node Type": "Nested Loop","Parent Relationship": "Outer","Parallel Aware": false,"Async Capable": false,"Join Type": "Inner","Startup Cost": 7.38,"Total Cost": 244.58,"Plan Rows": 400,"Plan Width": 4,"Actual Startup Time": 0.264,"Actual Total Time": 2.773,"Actual Rows": 397,"Actual Loops": 1,"Inner Unique": false,"Plans": [{"Node Type": "Seq Scan","Parent Relationship": "Outer","Parallel Aware": false,"Async Capable": false,"Relation Name": "nation","Alias": "nation","Startup Cost": 0.00,"Total Cost": 1.31,"Plan Rows": 1,"Plan Width": 4,"Actual Startup Time": 0.057,"Actual Total Time": 0.077,"Actual Rows": 1,"Actual Loops": 1,"Filter": "(n_name = 'BRAZIL'::bpchar)","Rows Removed by Filter": 24},{"Node Type": "Bitmap Heap Scan","Parent Relationship": "Inner","Parallel Aware": false,"Async Capable": false,"Relation Name": "supplier","Alias": "supplier","Startup Cost": 7.38,"Total Cost": 239.27,"Plan Rows": 400,"Plan Width": 8,"Actual Startup Time": 0.205,"Actual Total Time": 2.649,"Actual Rows": 397,"Actual Loops": 1,"Recheck Cond": "(s_nationkey = nation.n_nationkey)","Rows Removed by Index Recheck": 0,"Exact Heap Blocks": 187,"Lossy Heap Blocks": 0,"Plans": [{"Node Type": "Bitmap Index Scan","Parent Relationship": "Outer","Parallel Aware": false,"Async Capable": false,"Index Name": "idx_supplier_nation_key","Startup Cost": 0.00,"Total Cost": 7.29,"Plan Rows": 400,"Plan Width": 0,"Actual Startup Time": 0.130,"Actual Total Time": 0.131,"Actual Rows": 397,"Actual Loops": 1,"Index Cond": "(s_nationkey = nation.n_nationkey)"}]}]},{"Node Type": "Index Scan","Parent Relationship": "Inner","Parallel Aware": false,"Async Capable": false,"Scan Direction": "Forward","Index Name": "idx_partsupp_suppkey","Relation Name": "partsupp","Alias": "partsupp","Startup Cost": 0.42,"Total Cost": 9.07,"Plan Rows": 80,"Plan Width": 18,"Actual Startup Time": 0.020,"Actual Total Time": 0.474,"Actual Rows": 80,"Actual Loops": 397,"Index Cond": "(ps_suppkey = supplier.s_suppkey)","Rows Removed by Index Recheck": 0}]}]}]},"Planning Time": 5.165,"Triggers": [],"Execution Time": 452.133}]
[{"Plan": {"Node Type": "Sort","Parallel Aware": false,"Async Capable": false,"Startup Cost": 10142.20,"Total Cost": 10168.87,"Plan Rows": 10667,"Plan Width": 36,"Actual Startup Time": 454.370,"Actual Total Time": 454.495,"Actual Rows": 925,"Actual Loops": 1,"Sort Key": ["(sum((partsupp.ps_supplycost * (partsupp.ps_availqty)::numeric))) DESC"],"Sort Method": "quicksort","Sort Space Used": 75,"Sort Space Type": "Memory","Plans": [{"Node Type": "Aggregate","Strategy": "Plain","Partial Mode": "Simple","Parent Relationship": "InitPlan","Subplan Name": "InitPlan 1 (returns $2)","Parallel Aware": false,"Async Capable": false,"Startup Cost": 4434.26,"Total Cost": 4434.27,"Plan Rows": 1,"Plan Width": 32,"Actual Startup Time": 135.908,"Actual Total Time": 135.923,"Actual Rows": 1,"Actual Loops": 1,"Plans": [{"Node Type": "Nested Loop","Parent Relationship": "Outer","Parallel Aware": false,"Async Capable": false,"Join Type": "Inner","Startup Cost": 7.81,"Total Cost": 4194.26,"Plan Rows": 32000,"Plan Width": 10,"Actual Startup Time": 0.237,"Actual Total Time": 128.564,"Actual Rows": 31840,"Actual Loops": 1,"Inner Unique": false,"Plans": [{"Node Type": "Nested Loop","Parent Relationship": "Outer","Parallel Aware": false,"Async Capable": false,"Join Type": "Inner","Startup Cost": 7.38,"Total Cost": 244.58,"Plan Rows": 400,"Plan Width": 4,"Actual Startup Time": 0.190,"Actual Total Time": 1.776,"Actual Rows": 398,"Actual Loops": 1,"Inner Unique": false,"Plans": [{"Node Type": "Seq Scan","Parent Relationship": "Outer","Parallel Aware": false,"Async Capable": false,"Relation Name": "nation","Alias": "nation_1","Startup Cost": 0.00,"Total Cost": 1.31,"Plan Rows": 1,"Plan Width": 4,"Actual Startup Time": 0.045,"Actual Total Time": 0.060,"Actual Rows": 1,"Actual Loops": 1,"Filter": "(n_name = 'ROMANIA'::bpchar)","Rows Removed by Filter": 24},{"Node Type": "Bitmap Heap Scan","Parent Relationship": "Inner","Parallel Aware": false,"Async Capable": false,"Relation Name": "supplier","Alias": "supplier_1","Startup Cost": 7.38,"Total Cost": 239.27,"Plan Rows": 400,"Plan Width": 8,"Actual Startup Time": 0.127,"Actual Total Time": 1.656,"Actual Rows": 398,"Actual Loops": 1,"Recheck Cond": "(s_nationkey = nation_1.n_nationkey)","Rows Removed by Index Recheck": 0,"Exact Heap Blocks": 186,"Lossy Heap Blocks": 0,"Plans": [{"Node Type": "Bitmap Index Scan","Parent Relationship": "Outer","Parallel Aware": false,"Async Capable": false,"Index Name": "idx_supplier_nation_key","Startup Cost": 0.00,"Total Cost": 7.29,"Plan Rows": 400,"Plan Width": 0,"Actual Startup Time": 0.081,"Actual Total Time": 0.084,"Actual Rows": 398,"Actual Loops": 1,"Index Cond": "(s_nationkey = nation_1.n_nationkey)"}]}]},{"Node Type": "Index Scan","Parent Relationship": "Inner","Parallel Aware": false,"Async Capable": false,"Scan Direction": "Forward","Index Name": "idx_partsupp_suppkey","Relation Name": "partsupp","Alias": "partsupp_1","Startup Cost": 0.42,"Total Cost": 9.07,"Plan Rows": 80,"Plan Width": 14,"Actual Startup Time": 0.015,"Actual Total Time": 0.306,"Actual Rows": 80,"Actual Loops": 398,"Index Cond": "(ps_suppkey = supplier_1.s_suppkey)","Rows Removed by Index Recheck": 0}]}]},{"Node Type": "Aggregate","Strategy": "Hashed","Partial Mode": "Simple","Parent Relationship": "Outer","Parallel Aware": false,"Async Capable": false,"Startup Cost": 4514.26,"Total Cost": 4994.26,"Plan Rows": 10667,"Plan Width": 36,"Actual Startup Time": 383.049,"Actual Total Time": 453.972,"Actual Rows": 925,"Actual Loops": 1,"Group Key": ["partsupp.ps_partkey"],"Filter": "(sum((partsupp.ps_supplycost * (partsupp.ps_availqty)::numeric)) > $2)","Planned Partitions": 0,"HashAgg Batches": 1,"Peak Memory Usage": 17937,"Disk Usage": 0,"Rows Removed by Filter": 29106,"Plans": [{"Node Type": "Nested Loop","Parent Relationship": "Outer","Parallel Aware": false,"Async Capable": false,"Join Type": "Inner","Startup Cost": 7.81,"Total Cost": 4194.26,"Plan Rows": 32000,"Plan Width": 14,"Actual Startup Time": 0.324,"Actual Total Time": 197.326,"Actual Rows": 31840,"Actual Loops": 1,"Inner Unique": false,"Plans": [{"Node Type": "Nested Loop","Parent Relationship": "Outer","Parallel Aware": false,"Async Capable": false,"Join Type": "Inner","Startup Cost": 7.38,"Total Cost": 244.58,"Plan Rows": 400,"Plan Width": 4,"Actual Startup Time": 0.245,"Actual Total Time": 2.763,"Actual Rows": 398,"Actual Loops": 1,"Inner Unique": false,"Plans": [{"Node Type": "Seq Scan","Parent Relationship": "Outer","Parallel Aware": false,"Async Capable": false,"Relation Name": "nation","Alias": "nation","Startup Cost": 0.00,"Total Cost": 1.31,"Plan Rows": 1,"Plan Width": 4,"Actual Startup Time": 0.070,"Actual Total Time": 0.094,"Actual Rows": 1,"Actual Loops": 1,"Filter": "(n_name = 'ROMANIA'::bpchar)","Rows Removed by Filter": 24},{"Node Type": "Bitmap Heap Scan","Parent Relationship": "Inner","Parallel Aware": false,"Async Capable": false,"Relation Name": "supplier","Alias": "supplier","Startup Cost": 7.38,"Total Cost": 239.27,"Plan Rows": 400,"Plan Width": 8,"Actual Startup Time": 0.167,"Actual Total Time": 2.613,"Actual Rows": 398,"Actual Loops": 1,"Recheck Cond": "(s_nationkey = nation.n_nationkey)","Rows Removed by Index Recheck": 0,"Exact Heap Blocks": 186,"Lossy Heap Blocks": 0,"Plans": [{"Node Type": "Bitmap Index Scan","Parent Relationship": "Outer","Parallel Aware": false,"Async Capable": false,"Index Name": "idx_supplier_nation_key","Startup Cost": 0.00,"Total Cost": 7.29,"Plan Rows": 400,"Plan Width": 0,"Actual Startup Time": 0.108,"Actual Total Time": 0.110,"Actual Rows": 398,"Actual Loops": 1,"Index Cond": "(s_nationkey = nation.n_nationkey)"}]}]},{"Node Type": "Index Scan","Parent Relationship": "Inner","Parallel Aware": false,"Async Capable": false,"Scan Direction": "Forward","Index Name": "idx_partsupp_suppkey","Relation Name": "partsupp","Alias": "partsupp","Startup Cost": 0.42,"Total Cost": 9.07,"Plan Rows": 80,"Plan Width": 18,"Actual Startup Time": 0.020,"Actual Total Time": 0.477,"Actual Rows": 80,"Actual Loops": 398,"Index Cond": "(ps_suppkey = supplier.s_suppkey)","Rows Removed by Index Recheck": 0}]}]}]},"Planning Time": 5.113,"Triggers": [],"Execution Time": 456.866}]
[{"Plan": {"Node Type": "Sort","Parallel Aware": false,"Async Capable": false,"Startup Cost": 10142.20,"Total Cost": 10168.87,"Plan Rows": 10667,"Plan Width": 36,"Actual Startup Time": 453.468,"Actual Total Time": 453.579,"Actual Rows": 699,"Actual Loops": 1,"Sort Key": ["(sum((partsupp.ps_supplycost * (partsupp.ps_availqty)::numeric))) DESC"],"Sort Method": "quicksort","Sort Space Used": 63,"Sort Space Type": "Memory","Plans": [{"Node Type": "Aggregate","Strategy": "Plain","Partial Mode": "Simple","Parent Relationship": "InitPlan","Subplan Name": "InitPlan 1 (returns $2)","Parallel Aware": false,"Async Capable": false,"Startup Cost": 4434.26,"Total Cost": 4434.27,"Plan Rows": 1,"Plan Width": 32,"Actual Startup Time": 131.382,"Actual Total Time": 131.405,"Actual Rows": 1,"Actual Loops": 1,"Plans": [{"Node Type": "Nested Loop","Parent Relationship": "Outer","Parallel Aware": false,"Async Capable": false,"Join Type": "Inner","Startup Cost": 7.81,"Total Cost": 4194.26,"Plan Rows": 32000,"Plan Width": 10,"Actual Startup Time": 0.203,"Actual Total Time": 123.789,"Actual Rows": 33200,"Actual Loops": 1,"Inner Unique": false,"Plans": [{"Node Type": "Nested Loop","Parent Relationship": "Outer","Parallel Aware": false,"Async Capable": false,"Join Type": "Inner","Startup Cost": 7.38,"Total Cost": 244.58,"Plan Rows": 400,"Plan Width": 4,"Actual Startup Time": 0.149,"Actual Total Time": 1.767,"Actual Rows": 415,"Actual Loops": 1,"Inner Unique": false,"Plans": [{"Node Type": "Seq Scan","Parent Relationship": "Outer","Parallel Aware": false,"Async Capable": false,"Relation Name": "nation","Alias": "nation_1","Startup Cost": 0.00,"Total Cost": 1.31,"Plan Rows": 1,"Plan Width": 4,"Actual Startup Time": 0.027,"Actual Total Time": 0.047,"Actual Rows": 1,"Actual Loops": 1,"Filter": "(n_name = 'EGYPT'::bpchar)","Rows Removed by Filter": 24},{"Node Type": "Bitmap Heap Scan","Parent Relationship": "Inner","Parallel Aware": false,"Async Capable": false,"Relation Name": "supplier","Alias": "supplier_1","Startup Cost": 7.38,"Total Cost": 239.27,"Plan Rows": 400,"Plan Width": 8,"Actual Startup Time": 0.105,"Actual Total Time": 1.654,"Actual Rows": 415,"Actual Loops": 1,"Recheck Cond": "(s_nationkey = nation_1.n_nationkey)","Rows Removed by Index Recheck": 0,"Exact Heap Blocks": 183,"Lossy Heap Blocks": 0,"Plans": [{"Node Type": "Bitmap Index Scan","Parent Relationship": "Outer","Parallel Aware": false,"Async Capable": false,"Index Name": "idx_supplier_nation_key","Startup Cost": 0.00,"Total Cost": 7.29,"Plan Rows": 400,"Plan Width": 0,"Actual Startup Time": 0.070,"Actual Total Time": 0.074,"Actual Rows": 415,"Actual Loops": 1,"Index Cond": "(s_nationkey = nation_1.n_nationkey)"}]}]},{"Node Type": "Index Scan","Parent Relationship": "Inner","Parallel Aware": false,"Async Capable": false,"Scan Direction": "Forward","Index Name": "idx_partsupp_suppkey","Relation Name": "partsupp","Alias": "partsupp_1","Startup Cost": 0.42,"Total Cost": 9.07,"Plan Rows": 80,"Plan Width": 14,"Actual Startup Time": 0.014,"Actual Total Time": 0.282,"Actual Rows": 80,"Actual Loops": 415,"Index Cond": "(ps_suppkey = supplier_1.s_suppkey)","Rows Removed by Index Recheck": 0}]}]},{"Node Type": "Aggregate","Strategy": "Hashed","Partial Mode": "Simple","Parent Relationship": "Outer","Parallel Aware": false,"Async Capable": false,"Startup Cost": 4514.26,"Total Cost": 4994.26,"Plan Rows": 10667,"Plan Width": 36,"Actual Startup Time": 379.250,"Actual Total Time": 453.099,"Actual Rows": 699,"Actual Loops": 1,"Group Key": ["partsupp.ps_partkey"],"Filter": "(sum((partsupp.ps_supplycost * (partsupp.ps_availqty)::numeric)) > $2)","Planned Partitions": 0,"HashAgg Batches": 1,"Peak Memory Usage": 17937,"Disk Usage": 0,"Rows Removed by Filter": 30398,"Plans": [{"Node Type": "Nested Loop","Parent Relationship": "Outer","Parallel Aware": false,"Async Capable": false,"Join Type": "Inner","Startup Cost": 7.81,"Total Cost": 4194.26,"Plan Rows": 32000,"Plan Width": 14,"Actual Startup Time": 0.395,"Actual Total Time": 204.247,"Actual Rows": 33200,"Actual Loops": 1,"Inner Unique": false,"Plans": [{"Node Type": "Nested Loop","Parent Relationship": "Outer","Parallel Aware": false,"Async Capable": false,"Join Type": "Inner","Startup Cost": 7.38,"Total Cost": 244.58,"Plan Rows": 400,"Plan Width": 4,"Actual Startup Time": 0.281,"Actual Total Time": 2.800,"Actual Rows": 415,"Actual Loops": 1,"Inner Unique": false,"Plans": [{"Node Type": "Seq Scan","Parent Relationship": "Outer","Parallel Aware": false,"Async Capable": false,"Relation Name": "nation","Alias": "nation","Startup Cost": 0.00,"Total Cost": 1.31,"Plan Rows": 1,"Plan Width": 4,"Actual Startup Time": 0.068,"Actual Total Time": 0.091,"Actual Rows": 1,"Actual Loops": 1,"Filter": "(n_name = 'EGYPT'::bpchar)","Rows Removed by Filter": 24},{"Node Type": "Bitmap Heap Scan","Parent Relationship": "Inner","Parallel Aware": false,"Async Capable": false,"Relation Name": "supplier","Alias": "supplier","Startup Cost": 7.38,"Total Cost": 239.27,"Plan Rows": 400,"Plan Width": 8,"Actual Startup Time": 0.209,"Actual Total Time": 2.654,"Actual Rows": 415,"Actual Loops": 1,"Recheck Cond": "(s_nationkey = nation.n_nationkey)","Rows Removed by Index Recheck": 0,"Exact Heap Blocks": 183,"Lossy Heap Blocks": 0,"Plans": [{"Node Type": "Bitmap Index Scan","Parent Relationship": "Outer","Parallel Aware": false,"Async Capable": false,"Index Name": "idx_supplier_nation_key","Startup Cost": 0.00,"Total Cost": 7.29,"Plan Rows": 400,"Plan Width": 0,"Actual Startup Time": 0.130,"Actual Total Time": 0.132,"Actual Rows": 415,"Actual Loops": 1,"Index Cond": "(s_nationkey = nation.n_nationkey)"}]}]},{"Node Type": "Index Scan","Parent Relationship": "Inner","Parallel Aware": false,"Async Capable": false,"Scan Direction": "Forward","Index Name": "idx_partsupp_suppkey","Relation Name": "partsupp","Alias": "partsupp","Startup Cost": 0.42,"Total Cost": 9.07,"Plan Rows": 80,"Plan Width": 18,"Actual Startup Time": 0.020,"Actual Total Time": 0.474,"Actual Rows": 80,"Actual Loops": 415,"Index Cond": "(ps_suppkey = supplier.s_suppkey)","Rows Removed by Index Recheck": 0}]}]}]},"Planning Time": 6.818,"Triggers": [],"Execution Time": 456.802}]
[{"Plan": {"Node Type": "Sort","Parallel Aware": false,"Async Capable": false,"Startup Cost": 10142.20,"Total Cost": 10168.87,"Plan Rows": 10667,"Plan Width": 36,"Actual Startup Time": 448.613,"Actual Total Time": 448.730,"Actual Rows": 888,"Actual Loops": 1,"Sort Key": ["(sum((partsupp.ps_supplycost * (partsupp.ps_availqty)::numeric))) DESC"],"Sort Method": "quicksort","Sort Space Used": 73,"Sort Space Type": "Memory","Plans": [{"Node Type": "Aggregate","Strategy": "Plain","Partial Mode": "Simple","Parent Relationship": "InitPlan","Subplan Name": "InitPlan 1 (returns $2)","Parallel Aware": false,"Async Capable": false,"Startup Cost": 4434.26,"Total Cost": 4434.27,"Plan Rows": 1,"Plan Width": 32,"Actual Startup Time": 133.715,"Actual Total Time": 133.740,"Actual Rows": 1,"Actual Loops": 1,"Plans": [{"Node Type": "Nested Loop","Parent Relationship": "Outer","Parallel Aware": false,"Async Capable": false,"Join Type": "Inner","Startup Cost": 7.81,"Total Cost": 4194.26,"Plan Rows": 32000,"Plan Width": 10,"Actual Startup Time": 0.220,"Actual Total Time": 126.229,"Actual Rows": 32400,"Actual Loops": 1,"Inner Unique": false,"Plans": [{"Node Type": "Nested Loop","Parent Relationship": "Outer","Parallel Aware": false,"Async Capable": false,"Join Type": "Inner","Startup Cost": 7.38,"Total Cost": 244.58,"Plan Rows": 400,"Plan Width": 4,"Actual Startup Time": 0.174,"Actual Total Time": 1.918,"Actual Rows": 405,"Actual Loops": 1,"Inner Unique": false,"Plans": [{"Node Type": "Seq Scan","Parent Relationship": "Outer","Parallel Aware": false,"Async Capable": false,"Relation Name": "nation","Alias": "nation_1","Startup Cost": 0.00,"Total Cost": 1.31,"Plan Rows": 1,"Plan Width": 4,"Actual Startup Time": 0.049,"Actual Total Time": 0.070,"Actual Rows": 1,"Actual Loops": 1,"Filter": "(n_name = 'INDONESIA'::bpchar)","Rows Removed by Filter": 24},{"Node Type": "Bitmap Heap Scan","Parent Relationship": "Inner","Parallel Aware": false,"Async Capable": false,"Relation Name": "supplier","Alias": "supplier_1","Startup Cost": 7.38,"Total Cost": 239.27,"Plan Rows": 400,"Plan Width": 8,"Actual Startup Time": 0.105,"Actual Total Time": 1.781,"Actual Rows": 405,"Actual Loops": 1,"Recheck Cond": "(s_nationkey = nation_1.n_nationkey)","Rows Removed by Index Recheck": 0,"Exact Heap Blocks": 192,"Lossy Heap Blocks": 0,"Plans": [{"Node Type": "Bitmap Index Scan","Parent Relationship": "Outer","Parallel Aware": false,"Async Capable": false,"Index Name": "idx_supplier_nation_key","Startup Cost": 0.00,"Total Cost": 7.29,"Plan Rows": 400,"Plan Width": 0,"Actual Startup Time": 0.069,"Actual Total Time": 0.075,"Actual Rows": 405,"Actual Loops": 1,"Index Cond": "(s_nationkey = nation_1.n_nationkey)"}]}]},{"Node Type": "Index Scan","Parent Relationship": "Inner","Parallel Aware": false,"Async Capable": false,"Scan Direction": "Forward","Index Name": "idx_partsupp_suppkey","Relation Name": "partsupp","Alias": "partsupp_1","Startup Cost": 0.42,"Total Cost": 9.07,"Plan Rows": 80,"Plan Width": 14,"Actual Startup Time": 0.014,"Actual Total Time": 0.294,"Actual Rows": 80,"Actual Loops": 405,"Index Cond": "(ps_suppkey = supplier_1.s_suppkey)","Rows Removed by Index Recheck": 0}]}]},{"Node Type": "Aggregate","Strategy": "Hashed","Partial Mode": "Simple","Parent Relationship": "Outer","Parallel Aware": false,"Async Capable": false,"Startup Cost": 4514.26,"Total Cost": 4994.26,"Plan Rows": 10667,"Plan Width": 36,"Actual Startup Time": 376.503,"Actual Total Time": 448.157,"Actual Rows": 888,"Actual Loops": 1,"Group Key": ["partsupp.ps_partkey"],"Filter": "(sum((partsupp.ps_supplycost * (partsupp.ps_availqty)::numeric)) > $2)","Planned Partitions": 0,"HashAgg Batches": 1,"Peak Memory Usage": 17937,"Disk Usage": 0,"Rows Removed by Filter": 29597,"Plans": [{"Node Type": "Nested Loop","Parent Relationship": "Outer","Parallel Aware": false,"Async Capable": false,"Join Type": "Inner","Startup Cost": 7.81,"Total Cost": 4194.26,"Plan Rows": 32000,"Plan Width": 14,"Actual Startup Time": 0.375,"Actual Total Time": 200.721,"Actual Rows": 32400,"Actual Loops": 1,"Inner Unique": false,"Plans": [{"Node Type": "Nested Loop","Parent Relationship": "Outer","Parallel Aware": false,"Async Capable": false,"Join Type": "Inner","Startup Cost": 7.38,"Total Cost": 244.58,"Plan Rows": 400,"Plan Width": 4,"Actual Startup Time": 0.269,"Actual Total Time": 2.791,"Actual Rows": 405,"Actual Loops": 1,"Inner Unique": false,"Plans": [{"Node Type": "Seq Scan","Parent Relationship": "Outer","Parallel Aware": false,"Async Capable": false,"Relation Name": "nation","Alias": "nation","Startup Cost": 0.00,"Total Cost": 1.31,"Plan Rows": 1,"Plan Width": 4,"Actual Startup Time": 0.076,"Actual Total Time": 0.092,"Actual Rows": 1,"Actual Loops": 1,"Filter": "(n_name = 'INDONESIA'::bpchar)","Rows Removed by Filter": 24},{"Node Type": "Bitmap Heap Scan","Parent Relationship": "Inner","Parallel Aware": false,"Async Capable": false,"Relation Name": "supplier","Alias": "supplier","Startup Cost": 7.38,"Total Cost": 239.27,"Plan Rows": 400,"Plan Width": 8,"Actual Startup Time": 0.187,"Actual Total Time": 2.648,"Actual Rows": 405,"Actual Loops": 1,"Recheck Cond": "(s_nationkey = nation.n_nationkey)","Rows Removed by Index Recheck": 0,"Exact Heap Blocks": 192,"Lossy Heap Blocks": 0,"Plans": [{"Node Type": "Bitmap Index Scan","Parent Relationship": "Outer","Parallel Aware": false,"Async Capable": false,"Index Name": "idx_supplier_nation_key","Startup Cost": 0.00,"Total Cost": 7.29,"Plan Rows": 400,"Plan Width": 0,"Actual Startup Time": 0.121,"Actual Total Time": 0.124,"Actual Rows": 405,"Actual Loops": 1,"Index Cond": "(s_nationkey = nation.n_nationkey)"}]}]},{"Node Type": "Index Scan","Parent Relationship": "Inner","Parallel Aware": false,"Async Capable": false,"Scan Direction": "Forward","Index Name": "idx_partsupp_suppkey","Relation Name": "partsupp","Alias": "partsupp","Startup Cost": 0.42,"Total Cost": 9.07,"Plan Rows": 80,"Plan Width": 18,"Actual Startup Time": 0.019,"Actual Total Time": 0.477,"Actual Rows": 80,"Actual Loops": 405,"Index Cond": "(ps_suppkey = supplier.s_suppkey)","Rows Removed by Index Recheck": 0}]}]}]},"Planning Time": 7.214,"Triggers": [],"Execution Time": 451.949}]
[{"Plan": {"Node Type": "Sort","Parallel Aware": false,"Async Capable": false,"Startup Cost": 10142.20,"Total Cost": 10168.87,"Plan Rows": 10667,"Plan Width": 36,"Actual Startup Time": 455.847,"Actual Total Time": 455.976,"Actual Rows": 819,"Actual Loops": 1,"Sort Key": ["(sum((partsupp.ps_supplycost * (partsupp.ps_availqty)::numeric))) DESC"],"Sort Method": "quicksort","Sort Space Used": 69,"Sort Space Type": "Memory","Plans": [{"Node Type": "Aggregate","Strategy": "Plain","Partial Mode": "Simple","Parent Relationship": "InitPlan","Subplan Name": "InitPlan 1 (returns $2)","Parallel Aware": false,"Async Capable": false,"Startup Cost": 4434.26,"Total Cost": 4434.27,"Plan Rows": 1,"Plan Width": 32,"Actual Startup Time": 134.080,"Actual Total Time": 134.102,"Actual Rows": 1,"Actual Loops": 1,"Plans": [{"Node Type": "Nested Loop","Parent Relationship": "Outer","Parallel Aware": false,"Async Capable": false,"Join Type": "Inner","Startup Cost": 7.81,"Total Cost": 4194.26,"Plan Rows": 32000,"Plan Width": 10,"Actual Startup Time": 0.218,"Actual Total Time": 126.423,"Actual Rows": 32960,"Actual Loops": 1,"Inner Unique": false,"Plans": [{"Node Type": "Nested Loop","Parent Relationship": "Outer","Parallel Aware": false,"Async Capable": false,"Join Type": "Inner","Startup Cost": 7.38,"Total Cost": 244.58,"Plan Rows": 400,"Plan Width": 4,"Actual Startup Time": 0.177,"Actual Total Time": 1.887,"Actual Rows": 412,"Actual Loops": 1,"Inner Unique": false,"Plans": [{"Node Type": "Seq Scan","Parent Relationship": "Outer","Parallel Aware": false,"Async Capable": false,"Relation Name": "nation","Alias": "nation_1","Startup Cost": 0.00,"Total Cost": 1.31,"Plan Rows": 1,"Plan Width": 4,"Actual Startup Time": 0.040,"Actual Total Time": 0.063,"Actual Rows": 1,"Actual Loops": 1,"Filter": "(n_name = 'CANADA'::bpchar)","Rows Removed by Filter": 24},{"Node Type": "Bitmap Heap Scan","Parent Relationship": "Inner","Parallel Aware": false,"Async Capable": false,"Relation Name": "supplier","Alias": "supplier_1","Startup Cost": 7.38,"Total Cost": 239.27,"Plan Rows": 400,"Plan Width": 8,"Actual Startup Time": 0.119,"Actual Total Time": 1.753,"Actual Rows": 412,"Actual Loops": 1,"Recheck Cond": "(s_nationkey = nation_1.n_nationkey)","Rows Removed by Index Recheck": 0,"Exact Heap Blocks": 189,"Lossy Heap Blocks": 0,"Plans": [{"Node Type": "Bitmap Index Scan","Parent Relationship": "Outer","Parallel Aware": false,"Async Capable": false,"Index Name": "idx_supplier_nation_key","Startup Cost": 0.00,"Total Cost": 7.29,"Plan Rows": 400,"Plan Width": 0,"Actual Startup Time": 0.074,"Actual Total Time": 0.083,"Actual Rows": 412,"Actual Loops": 1,"Index Cond": "(s_nationkey = nation_1.n_nationkey)"}]}]},{"Node Type": "Index Scan","Parent Relationship": "Inner","Parallel Aware": false,"Async Capable": false,"Scan Direction": "Forward","Index Name": "idx_partsupp_suppkey","Relation Name": "partsupp","Alias": "partsupp_1","Startup Cost": 0.42,"Total Cost": 9.07,"Plan Rows": 80,"Plan Width": 14,"Actual Startup Time": 0.014,"Actual Total Time": 0.290,"Actual Rows": 80,"Actual Loops": 412,"Index Cond": "(ps_suppkey = supplier_1.s_suppkey)","Rows Removed by Index Recheck": 0}]}]},{"Node Type": "Aggregate","Strategy": "Hashed","Partial Mode": "Simple","Parent Relationship": "Outer","Parallel Aware": false,"Async Capable": false,"Startup Cost": 4514.26,"Total Cost": 4994.26,"Plan Rows": 10667,"Plan Width": 36,"Actual Startup Time": 380.948,"Actual Total Time": 455.394,"Actual Rows": 819,"Actual Loops": 1,"Group Key": ["partsupp.ps_partkey"],"Filter": "(sum((partsupp.ps_supplycost * (partsupp.ps_availqty)::numeric)) > $2)","Planned Partitions": 0,"HashAgg Batches": 1,"Peak Memory Usage": 17937,"Disk Usage": 0,"Rows Removed by Filter": 30166,"Plans": [{"Node Type": "Nested Loop","Parent Relationship": "Outer","Parallel Aware": false,"Async Capable": false,"Join Type": "Inner","Startup Cost": 7.81,"Total Cost": 4194.26,"Plan Rows": 32000,"Plan Width": 14,"Actual Startup Time": 0.343,"Actual Total Time": 202.198,"Actual Rows": 32960,"Actual Loops": 1,"Inner Unique": false,"Plans": [{"Node Type": "Nested Loop","Parent Relationship": "Outer","Parallel Aware": false,"Async Capable": false,"Join Type": "Inner","Startup Cost": 7.38,"Total Cost": 244.58,"Plan Rows": 400,"Plan Width": 4,"Actual Startup Time": 0.272,"Actual Total Time": 2.740,"Actual Rows": 412,"Actual Loops": 1,"Inner Unique": false,"Plans": [{"Node Type": "Seq Scan","Parent Relationship": "Outer","Parallel Aware": false,"Async Capable": false,"Relation Name": "nation","Alias": "nation","Startup Cost": 0.00,"Total Cost": 1.31,"Plan Rows": 1,"Plan Width": 4,"Actual Startup Time": 0.064,"Actual Total Time": 0.078,"Actual Rows": 1,"Actual Loops": 1,"Filter": "(n_name = 'CANADA'::bpchar)","Rows Removed by Filter": 24},{"Node Type": "Bitmap Heap Scan","Parent Relationship": "Inner","Parallel Aware": false,"Async Capable": false,"Relation Name": "supplier","Alias": "supplier","Startup Cost": 7.38,"Total Cost": 239.27,"Plan Rows": 400,"Plan Width": 8,"Actual Startup Time": 0.203,"Actual Total Time": 2.610,"Actual Rows": 412,"Actual Loops": 1,"Recheck Cond": "(s_nationkey = nation.n_nationkey)","Rows Removed by Index Recheck": 0,"Exact Heap Blocks": 189,"Lossy Heap Blocks": 0,"Plans": [{"Node Type": "Bitmap Index Scan","Parent Relationship": "Outer","Parallel Aware": false,"Async Capable": false,"Index Name": "idx_supplier_nation_key","Startup Cost": 0.00,"Total Cost": 7.29,"Plan Rows": 400,"Plan Width": 0,"Actual Startup Time": 0.140,"Actual Total Time": 0.142,"Actual Rows": 412,"Actual Loops": 1,"Index Cond": "(s_nationkey = nation.n_nationkey)"}]}]},{"Node Type": "Index Scan","Parent Relationship": "Inner","Parallel Aware": false,"Async Capable": false,"Scan Direction": "Forward","Index Name": "idx_partsupp_suppkey","Relation Name": "partsupp","Alias": "partsupp","Startup Cost": 0.42,"Total Cost": 9.07,"Plan Rows": 80,"Plan Width": 18,"Actual Startup Time": 0.019,"Actual Total Time": 0.472,"Actual Rows": 80,"Actual Loops": 412,"Index Cond": "(ps_suppkey = supplier.s_suppkey)","Rows Removed by Index Recheck": 0}]}]}]},"Planning Time": 7.565,"Triggers": [],"Execution Time": 459.165}]
[{"Plan": {"Node Type": "Sort","Parallel Aware": false,"Async Capable": false,"Startup Cost": 10142.20,"Total Cost": 10168.87,"Plan Rows": 10667,"Plan Width": 36,"Actual Startup Time": 454.370,"Actual Total Time": 454.495,"Actual Rows": 925,"Actual Loops": 1,"Sort Key": ["(sum((partsupp.ps_supplycost * (partsupp.ps_availqty)::numeric))) DESC"],"Sort Method": "quicksort","Sort Space Used": 75,"Sort Space Type": "Memory","Plans": [{"Node Type": "Aggregate","Strategy": "Plain","Partial Mode": "Simple","Parent Relationship": "InitPlan","Subplan Name": "InitPlan 1 (returns $2)","Parallel Aware": false,"Async Capable": false,"Startup Cost": 4434.26,"Total Cost": 4434.27,"Plan Rows": 1,"Plan Width": 32,"Actual Startup Time": 135.908,"Actual Total Time": 135.923,"Actual Rows": 1,"Actual Loops": 1,"Plans": [{"Node Type": "Nested Loop","Parent Relationship": "Outer","Parallel Aware": false,"Async Capable": false,"Join Type": "Inner","Startup Cost": 7.81,"Total Cost": 4194.26,"Plan Rows": 32000,"Plan Width": 10,"Actual Startup Time": 0.237,"Actual Total Time": 128.564,"Actual Rows": 31840,"Actual Loops": 1,"Inner Unique": false,"Plans": [{"Node Type": "Nested Loop","Parent Relationship": "Outer","Parallel Aware": false,"Async Capable": false,"Join Type": "Inner","Startup Cost": 7.38,"Total Cost": 244.58,"Plan Rows": 400,"Plan Width": 4,"Actual Startup Time": 0.190,"Actual Total Time": 1.776,"Actual Rows": 398,"Actual Loops": 1,"Inner Unique": false,"Plans": [{"Node Type": "Seq Scan","Parent Relationship": "Outer","Parallel Aware": false,"Async Capable": false,"Relation Name": "nation","Alias": "nation_1","Startup Cost": 0.00,"Total Cost": 1.31,"Plan Rows": 1,"Plan Width": 4,"Actual Startup Time": 0.045,"Actual Total Time": 0.060,"Actual Rows": 1,"Actual Loops": 1,"Filter": "(n_name = 'ROMANIA'::bpchar)","Rows Removed by Filter": 24},{"Node Type": "Bitmap Heap Scan","Parent Relationship": "Inner","Parallel Aware": false,"Async Capable": false,"Relation Name": "supplier","Alias": "supplier_1","Startup Cost": 7.38,"Total Cost": 239.27,"Plan Rows": 400,"Plan Width": 8,"Actual Startup Time": 0.127,"Actual Total Time": 1.656,"Actual Rows": 398,"Actual Loops": 1,"Recheck Cond": "(s_nationkey = nation_1.n_nationkey)","Rows Removed by Index Recheck": 0,"Exact Heap Blocks": 186,"Lossy Heap Blocks": 0,"Plans": [{"Node Type": "Bitmap Index Scan","Parent Relationship": "Outer","Parallel Aware": false,"Async Capable": false,"Index Name": "idx_supplier_nation_key","Startup Cost": 0.00,"Total Cost": 7.29,"Plan Rows": 400,"Plan Width": 0,"Actual Startup Time": 0.081,"Actual Total Time": 0.084,"Actual Rows": 398,"Actual Loops": 1,"Index Cond": "(s_nationkey = nation_1.n_nationkey)"}]}]},{"Node Type": "Index Scan","Parent Relationship": "Inner","Parallel Aware": false,"Async Capable": false,"Scan Direction": "Forward","Index Name": "idx_partsupp_suppkey","Relation Name": "partsupp","Alias": "partsupp_1","Startup Cost": 0.42,"Total Cost": 9.07,"Plan Rows": 80,"Plan Width": 14,"Actual Startup Time": 0.015,"Actual Total Time": 0.306,"Actual Rows": 80,"Actual Loops": 398,"Index Cond": "(ps_suppkey = supplier_1.s_suppkey)","Rows Removed by Index Recheck": 0}]}]},{"Node Type": "Aggregate","Strategy": "Hashed","Partial Mode": "Simple","Parent Relationship": "Outer","Parallel Aware": false,"Async Capable": false,"Startup Cost": 4514.26,"Total Cost": 4994.26,"Plan Rows": 10667,"Plan Width": 36,"Actual Startup Time": 383.049,"Actual Total Time": 453.972,"Actual Rows": 925,"Actual Loops": 1,"Group Key": ["partsupp.ps_partkey"],"Filter": "(sum((partsupp.ps_supplycost * (partsupp.ps_availqty)::numeric)) > $2)","Planned Partitions": 0,"HashAgg Batches": 1,"Peak Memory Usage": 17937,"Disk Usage": 0,"Rows Removed by Filter": 29106,"Plans": [{"Node Type": "Nested Loop","Parent Relationship": "Outer","Parallel Aware": false,"Async Capable": false,"Join Type": "Inner","Startup Cost": 7.81,"Total Cost": 4194.26,"Plan Rows": 32000,"Plan Width": 14,"Actual Startup Time": 0.324,"Actual Total Time": 197.326,"Actual Rows": 31840,"Actual Loops": 1,"Inner Unique": false,"Plans": [{"Node Type": "Nested Loop","Parent Relationship": "Outer","Parallel Aware": false,"Async Capable": false,"Join Type": "Inner","Startup Cost": 7.38,"Total Cost": 244.58,"Plan Rows": 400,"Plan Width": 4,"Actual Startup Time": 0.245,"Actual Total Time": 2.763,"Actual Rows": 398,"Actual Loops": 1,"Inner Unique": false,"Plans": [{"Node Type": "Seq Scan","Parent Relationship": "Outer","Parallel Aware": false,"Async Capable": false,"Relation Name": "nation","Alias": "nation","Startup Cost": 0.00,"Total Cost": 1.31,"Plan Rows": 1,"Plan Width": 4,"Actual Startup Time": 0.070,"Actual Total Time": 0.094,"Actual Rows": 1,"Actual Loops": 1,"Filter": "(n_name = 'ROMANIA'::bpchar)","Rows Removed by Filter": 24},{"Node Type": "Bitmap Heap Scan","Parent Relationship": "Inner","Parallel Aware": false,"Async Capable": false,"Relation Name": "supplier","Alias": "supplier","Startup Cost": 7.38,"Total Cost": 239.27,"Plan Rows": 400,"Plan Width": 8,"Actual Startup Time": 0.167,"Actual Total Time": 2.613,"Actual Rows": 398,"Actual Loops": 1,"Recheck Cond": "(s_nationkey = nation.n_nationkey)","Rows Removed by Index Recheck": 0,"Exact Heap Blocks": 186,"Lossy Heap Blocks": 0,"Plans": [{"Node Type": "Bitmap Index Scan","Parent Relationship": "Outer","Parallel Aware": false,"Async Capable": false,"Index Name": "idx_supplier_nation_key","Startup Cost": 0.00,"Total Cost": 7.29,"Plan Rows": 400,"Plan Width": 0,"Actual Startup Time": 0.108,"Actual Total Time": 0.110,"Actual Rows": 398,"Actual Loops": 1,"Index Cond": "(s_nationkey = nation.n_nationkey)"}]}]},{"Node Type": "Index Scan","Parent Relationship": "Inner","Parallel Aware": false,"Async Capable": false,"Scan Direction": "Forward","Index Name": "idx_partsupp_suppkey","Relation Name": "partsupp","Alias": "partsupp","Startup Cost": 0.42,"Total Cost": 9.07,"Plan Rows": 80,"Plan Width": 18,"Actual Startup Time": 0.020,"Actual Total Time": 0.477,"Actual Rows": 80,"Actual Loops": 398,"Index Cond": "(ps_suppkey = supplier.s_suppkey)","Rows Removed by Index Recheck": 0}]}]}]},"Planning Time": 5.113,"Triggers": [],"Execution Time": 456.866}]
[{"Plan": {"Node Type": "Sort","Parallel Aware": false,"Async Capable": false,"Startup Cost": 10142.20,"Total Cost": 10168.87,"Plan Rows": 10667,"Plan Width": 36,"Actual Startup Time": 427.262,"Actual Total Time": 427.423,"Actual Rows": 1241,"Actual Loops": 1,"Sort Key": ["(sum((partsupp.ps_supplycost * (partsupp.ps_availqty)::numeric))) DESC"],"Sort Method": "quicksort","Sort Space Used": 116,"Sort Space Type": "Memory","Plans": [{"Node Type": "Aggregate","Strategy": "Plain","Partial Mode": "Simple","Parent Relationship": "InitPlan","Subplan Name": "InitPlan 1 (returns $2)","Parallel Aware": false,"Async Capable": false,"Startup Cost": 4434.26,"Total Cost": 4434.27,"Plan Rows": 1,"Plan Width": 32,"Actual Startup Time": 127.406,"Actual Total Time": 127.426,"Actual Rows": 1,"Actual Loops": 1,"Plans": [{"Node Type": "Nested Loop","Parent Relationship": "Outer","Parallel Aware": false,"Async Capable": false,"Join Type": "Inner","Startup Cost": 7.81,"Total Cost": 4194.26,"Plan Rows": 32000,"Plan Width": 10,"Actual Startup Time": 0.226,"Actual Total Time": 120.281,"Actual Rows": 30400,"Actual Loops": 1,"Inner Unique": false,"Plans": [{"Node Type": "Nested Loop","Parent Relationship": "Outer","Parallel Aware": false,"Async Capable": false,"Join Type": "Inner","Startup Cost": 7.38,"Total Cost": 244.58,"Plan Rows": 400,"Plan Width": 4,"Actual Startup Time": 0.174,"Actual Total Time": 1.741,"Actual Rows": 380,"Actual Loops": 1,"Inner Unique": false,"Plans": [{"Node Type": "Seq Scan","Parent Relationship": "Outer","Parallel Aware": false,"Async Capable": false,"Relation Name": "nation","Alias": "nation_1","Startup Cost": 0.00,"Total Cost": 1.31,"Plan Rows": 1,"Plan Width": 4,"Actual Startup Time": 0.028,"Actual Total Time": 0.042,"Actual Rows": 1,"Actual Loops": 1,"Filter": "(n_name = 'ETHIOPIA'::bpchar)","Rows Removed by Filter": 24},{"Node Type": "Bitmap Heap Scan","Parent Relationship": "Inner","Parallel Aware": false,"Async Capable": false,"Relation Name": "supplier","Alias": "supplier_1","Startup Cost": 7.38,"Total Cost": 239.27,"Plan Rows": 400,"Plan Width": 8,"Actual Startup Time": 0.130,"Actual Total Time": 1.641,"Actual Rows": 380,"Actual Loops": 1,"Recheck Cond": "(s_nationkey = nation_1.n_nationkey)","Rows Removed by Index Recheck": 0,"Exact Heap Blocks": 192,"Lossy Heap Blocks": 0,"Plans": [{"Node Type": "Bitmap Index Scan","Parent Relationship": "Outer","Parallel Aware": false,"Async Capable": false,"Index Name": "idx_supplier_nation_key","Startup Cost": 0.00,"Total Cost": 7.29,"Plan Rows": 400,"Plan Width": 0,"Actual Startup Time": 0.089,"Actual Total Time": 0.091,"Actual Rows": 380,"Actual Loops": 1,"Index Cond": "(s_nationkey = nation_1.n_nationkey)"}]}]},{"Node Type": "Index Scan","Parent Relationship": "Inner","Parallel Aware": false,"Async Capable": false,"Scan Direction": "Forward","Index Name": "idx_partsupp_suppkey","Relation Name": "partsupp","Alias": "partsupp_1","Startup Cost": 0.42,"Total Cost": 9.07,"Plan Rows": 80,"Plan Width": 14,"Actual Startup Time": 0.015,"Actual Total Time": 0.299,"Actual Rows": 80,"Actual Loops": 380,"Index Cond": "(ps_suppkey = supplier_1.s_suppkey)","Rows Removed by Index Recheck": 0}]}]},{"Node Type": "Aggregate","Strategy": "Hashed","Partial Mode": "Simple","Parent Relationship": "Outer","Parallel Aware": false,"Async Capable": false,"Startup Cost": 4514.26,"Total Cost": 4994.26,"Plan Rows": 10667,"Plan Width": 36,"Actual Startup Time": 359.706,"Actual Total Time": 426.732,"Actual Rows": 1241,"Actual Loops": 1,"Group Key": ["partsupp.ps_partkey"],"Filter": "(sum((partsupp.ps_supplycost * (partsupp.ps_availqty)::numeric)) > $2)","Planned Partitions": 0,"HashAgg Batches": 1,"Peak Memory Usage": 17937,"Disk Usage": 0,"Rows Removed by Filter": 27374,"Plans": [{"Node Type": "Nested Loop","Parent Relationship": "Outer","Parallel Aware": false,"Async Capable": false,"Join Type": "Inner","Startup Cost": 7.81,"Total Cost": 4194.26,"Plan Rows": 32000,"Plan Width": 14,"Actual Startup Time": 0.377,"Actual Total Time": 187.744,"Actual Rows": 30400,"Actual Loops": 1,"Inner Unique": false,"Plans": [{"Node Type": "Nested Loop","Parent Relationship": "Outer","Parallel Aware": false,"Async Capable": false,"Join Type": "Inner","Startup Cost": 7.38,"Total Cost": 244.58,"Plan Rows": 400,"Plan Width": 4,"Actual Startup Time": 0.305,"Actual Total Time": 2.864,"Actual Rows": 380,"Actual Loops": 1,"Inner Unique": false,"Plans": [{"Node Type": "Seq Scan","Parent Relationship": "Outer","Parallel Aware": false,"Async Capable": false,"Relation Name": "nation","Alias": "nation","Startup Cost": 0.00,"Total Cost": 1.31,"Plan Rows": 1,"Plan Width": 4,"Actual Startup Time": 0.073,"Actual Total Time": 0.091,"Actual Rows": 1,"Actual Loops": 1,"Filter": "(n_name = 'ETHIOPIA'::bpchar)","Rows Removed by Filter": 24},{"Node Type": "Bitmap Heap Scan","Parent Relationship": "Inner","Parallel Aware": false,"Async Capable": false,"Relation Name": "supplier","Alias": "supplier","Startup Cost": 7.38,"Total Cost": 239.27,"Plan Rows": 400,"Plan Width": 8,"Actual Startup Time": 0.228,"Actual Total Time": 2.728,"Actual Rows": 380,"Actual Loops": 1,"Recheck Cond": "(s_nationkey = nation.n_nationkey)","Rows Removed by Index Recheck": 0,"Exact Heap Blocks": 192,"Lossy Heap Blocks": 0,"Plans": [{"Node Type": "Bitmap Index Scan","Parent Relationship": "Outer","Parallel Aware": false,"Async Capable": false,"Index Name": "idx_supplier_nation_key","Startup Cost": 0.00,"Total Cost": 7.29,"Plan Rows": 400,"Plan Width": 0,"Actual Startup Time": 0.146,"Actual Total Time": 0.146,"Actual Rows": 380,"Actual Loops": 1,"Index Cond": "(s_nationkey = nation.n_nationkey)"}]}]},{"Node Type": "Index Scan","Parent Relationship": "Inner","Parallel Aware": false,"Async Capable": false,"Scan Direction": "Forward","Index Name": "idx_partsupp_suppkey","Relation Name": "partsupp","Alias": "partsupp","Startup Cost": 0.42,"Total Cost": 9.07,"Plan Rows": 80,"Plan Width": 18,"Actual Startup Time": 0.020,"Actual Total Time": 0.475,"Actual Rows": 80,"Actual Loops": 380,"Index Cond": "(ps_suppkey = supplier.s_suppkey)","Rows Removed by Index Recheck": 0}]}]}]},"Planning Time": 7.180,"Triggers": [],"Execution Time": 429.797}]
[{"Plan": {"Node Type": "Sort","Parallel Aware": false,"Async Capable": false,"Startup Cost": 10142.20,"Total Cost": 10168.87,"Plan Rows": 10667,"Plan Width": 36,"Actual Startup Time": 448.636,"Actual Total Time": 448.779,"Actual Rows": 979,"Actual Loops": 1,"Sort Key": ["(sum((partsupp.ps_supplycost * (partsupp.ps_availqty)::numeric))) DESC"],"Sort Method": "quicksort","Sort Space Used": 78,"Sort Space Type": "Memory","Plans": [{"Node Type": "Aggregate","Strategy": "Plain","Partial Mode": "Simple","Parent Relationship": "InitPlan","Subplan Name": "InitPlan 1 (returns $2)","Parallel Aware": false,"Async Capable": false,"Startup Cost": 4434.26,"Total Cost": 4434.27,"Plan Rows": 1,"Plan Width": 32,"Actual Startup Time": 130.424,"Actual Total Time": 130.461,"Actual Rows": 1,"Actual Loops": 1,"Plans": [{"Node Type": "Nested Loop","Parent Relationship": "Outer","Parallel Aware": false,"Async Capable": false,"Join Type": "Inner","Startup Cost": 7.81,"Total Cost": 4194.26,"Plan Rows": 32000,"Plan Width": 10,"Actual Startup Time": 0.191,"Actual Total Time": 123.113,"Actual Rows": 31920,"Actual Loops": 1,"Inner Unique": false,"Plans": [{"Node Type": "Nested Loop","Parent Relationship": "Outer","Parallel Aware": false,"Async Capable": false,"Join Type": "Inner","Startup Cost": 7.38,"Total Cost": 244.58,"Plan Rows": 400,"Plan Width": 4,"Actual Startup Time": 0.152,"Actual Total Time": 1.823,"Actual Rows": 399,"Actual Loops": 1,"Inner Unique": false,"Plans": [{"Node Type": "Seq Scan","Parent Relationship": "Outer","Parallel Aware": false,"Async Capable": false,"Relation Name": "nation","Alias": "nation_1","Startup Cost": 0.00,"Total Cost": 1.31,"Plan Rows": 1,"Plan Width": 4,"Actual Startup Time": 0.042,"Actual Total Time": 0.060,"Actual Rows": 1,"Actual Loops": 1,"Filter": "(n_name = 'VIETNAM'::bpchar)","Rows Removed by Filter": 24},{"Node Type": "Bitmap Heap Scan","Parent Relationship": "Inner","Parallel Aware": false,"Async Capable": false,"Relation Name": "supplier","Alias": "supplier_1","Startup Cost": 7.38,"Total Cost": 239.27,"Plan Rows": 400,"Plan Width": 8,"Actual Startup Time": 0.095,"Actual Total Time": 1.696,"Actual Rows": 399,"Actual Loops": 1,"Recheck Cond": "(s_nationkey = nation_1.n_nationkey)","Rows Removed by Index Recheck": 0,"Exact Heap Blocks": 191,"Lossy Heap Blocks": 0,"Plans": [{"Node Type": "Bitmap Index Scan","Parent Relationship": "Outer","Parallel Aware": false,"Async Capable": false,"Index Name": "idx_supplier_nation_key","Startup Cost": 0.00,"Total Cost": 7.29,"Plan Rows": 400,"Plan Width": 0,"Actual Startup Time": 0.057,"Actual Total Time": 0.061,"Actual Rows": 399,"Actual Loops": 1,"Index Cond": "(s_nationkey = nation_1.n_nationkey)"}]}]},{"Node Type": "Index Scan","Parent Relationship": "Inner","Parallel Aware": false,"Async Capable": false,"Scan Direction": "Forward","Index Name": "idx_partsupp_suppkey","Relation Name": "partsupp","Alias": "partsupp_1","Startup Cost": 0.42,"Total Cost": 9.07,"Plan Rows": 80,"Plan Width": 14,"Actual Startup Time": 0.014,"Actual Total Time": 0.292,"Actual Rows": 80,"Actual Loops": 399,"Index Cond": "(ps_suppkey = supplier_1.s_suppkey)","Rows Removed by Index Recheck": 0}]}]},{"Node Type": "Aggregate","Strategy": "Hashed","Partial Mode": "Simple","Parent Relationship": "Outer","Parallel Aware": false,"Async Capable": false,"Startup Cost": 4514.26,"Total Cost": 4994.26,"Plan Rows": 10667,"Plan Width": 36,"Actual Startup Time": 376.224,"Actual Total Time": 448.108,"Actual Rows": 979,"Actual Loops": 1,"Group Key": ["partsupp.ps_partkey"],"Filter": "(sum((partsupp.ps_supplycost * (partsupp.ps_availqty)::numeric)) > $2)","Planned Partitions": 0,"HashAgg Batches": 1,"Peak Memory Usage": 17937,"Disk Usage": 0,"Rows Removed by Filter": 29153,"Plans": [{"Node Type": "Nested Loop","Parent Relationship": "Outer","Parallel Aware": false,"Async Capable": false,"Join Type": "Inner","Startup Cost": 7.81,"Total Cost": 4194.26,"Plan Rows": 32000,"Plan Width": 14,"Actual Startup Time": 0.359,"Actual Total Time": 202.215,"Actual Rows": 31920,"Actual Loops": 1,"Inner Unique": false,"Plans": [{"Node Type": "Nested Loop","Parent Relationship": "Outer","Parallel Aware": false,"Async Capable": false,"Join Type": "Inner","Startup Cost": 7.38,"Total Cost": 244.58,"Plan Rows": 400,"Plan Width": 4,"Actual Startup Time": 0.271,"Actual Total Time": 2.875,"Actual Rows": 399,"Actual Loops": 1,"Inner Unique": false,"Plans": [{"Node Type": "Seq Scan","Parent Relationship": "Outer","Parallel Aware": false,"Async Capable": false,"Relation Name": "nation","Alias": "nation","Startup Cost": 0.00,"Total Cost": 1.31,"Plan Rows": 1,"Plan Width": 4,"Actual Startup Time": 0.081,"Actual Total Time": 0.101,"Actual Rows": 1,"Actual Loops": 1,"Filter": "(n_name = 'VIETNAM'::bpchar)","Rows Removed by Filter": 24},{"Node Type": "Bitmap Heap Scan","Parent Relationship": "Inner","Parallel Aware": false,"Async Capable": false,"Relation Name": "supplier","Alias": "supplier","Startup Cost": 7.38,"Total Cost": 239.27,"Plan Rows": 400,"Plan Width": 8,"Actual Startup Time": 0.181,"Actual Total Time": 2.716,"Actual Rows": 399,"Actual Loops": 1,"Recheck Cond": "(s_nationkey = nation.n_nationkey)","Rows Removed by Index Recheck": 0,"Exact Heap Blocks": 191,"Lossy Heap Blocks": 0,"Plans": [{"Node Type": "Bitmap Index Scan","Parent Relationship": "Outer","Parallel Aware": false,"Async Capable": false,"Index Name": "idx_supplier_nation_key","Startup Cost": 0.00,"Total Cost": 7.29,"Plan Rows": 400,"Plan Width": 0,"Actual Startup Time": 0.120,"Actual Total Time": 0.121,"Actual Rows": 399,"Actual Loops": 1,"Index Cond": "(s_nationkey = nation.n_nationkey)"}]}]},{"Node Type": "Index Scan","Parent Relationship": "Inner","Parallel Aware": false,"Async Capable": false,"Scan Direction": "Forward","Index Name": "idx_partsupp_suppkey","Relation Name": "partsupp","Alias": "partsupp","Startup Cost": 0.42,"Total Cost": 9.07,"Plan Rows": 80,"Plan Width": 18,"Actual Startup Time": 0.019,"Actual Total Time": 0.488,"Actual Rows": 80,"Actual Loops": 399,"Index Cond": "(ps_suppkey = supplier.s_suppkey)","Rows Removed by Index Recheck": 0}]}]}]},"Planning Time": 6.254,"Triggers": [],"Execution Time": 451.997}]
[{"Plan": {"Node Type": "Sort","Parallel Aware": false,"Async Capable": false,"Startup Cost": 10142.20,"Total Cost": 10168.87,"Plan Rows": 10667,"Plan Width": 36,"Actual Startup Time": 464.748,"Actual Total Time": 464.880,"Actual Rows": 665,"Actual Loops": 1,"Sort Key": ["(sum((partsupp.ps_supplycost * (partsupp.ps_availqty)::numeric))) DESC"],"Sort Method": "quicksort","Sort Space Used": 61,"Sort Space Type": "Memory","Plans": [{"Node Type": "Aggregate","Strategy": "Plain","Partial Mode": "Simple","Parent Relationship": "InitPlan","Subplan Name": "InitPlan 1 (returns $2)","Parallel Aware": false,"Async Capable": false,"Startup Cost": 4434.26,"Total Cost": 4434.27,"Plan Rows": 1,"Plan Width": 32,"Actual Startup Time": 134.444,"Actual Total Time": 134.478,"Actual Rows": 1,"Actual Loops": 1,"Plans": [{"Node Type": "Nested Loop","Parent Relationship": "Outer","Parallel Aware": false,"Async Capable": false,"Join Type": "Inner","Startup Cost": 7.81,"Total Cost": 4194.26,"Plan Rows": 32000,"Plan Width": 10,"Actual Startup Time": 0.195,"Actual Total Time": 126.758,"Actual Rows": 33600,"Actual Loops": 1,"Inner Unique": false,"Plans": [{"Node Type": "Nested Loop","Parent Relationship": "Outer","Parallel Aware": false,"Async Capable": false,"Join Type": "Inner","Startup Cost": 7.38,"Total Cost": 244.58,"Plan Rows": 400,"Plan Width": 4,"Actual Startup Time": 0.143,"Actual Total Time": 1.895,"Actual Rows": 420,"Actual Loops": 1,"Inner Unique": false,"Plans": [{"Node Type": "Seq Scan","Parent Relationship": "Outer","Parallel Aware": false,"Async Capable": false,"Relation Name": "nation","Alias": "nation_1","Startup Cost": 0.00,"Total Cost": 1.31,"Plan Rows": 1,"Plan Width": 4,"Actual Startup Time": 0.024,"Actual Total Time": 0.046,"Actual Rows": 1,"Actual Loops": 1,"Filter": "(n_name = 'ALGERIA'::bpchar)","Rows Removed by Filter": 24},{"Node Type": "Bitmap Heap Scan","Parent Relationship": "Inner","Parallel Aware": false,"Async Capable": false,"Relation Name": "supplier","Alias": "supplier_1","Startup Cost": 7.38,"Total Cost": 239.27,"Plan Rows": 400,"Plan Width": 8,"Actual Startup Time": 0.107,"Actual Total Time": 1.788,"Actual Rows": 420,"Actual Loops": 1,"Recheck Cond": "(s_nationkey = nation_1.n_nationkey)","Rows Removed by Index Recheck": 0,"Exact Heap Blocks": 197,"Lossy Heap Blocks": 0,"Plans": [{"Node Type": "Bitmap Index Scan","Parent Relationship": "Outer","Parallel Aware": false,"Async Capable": false,"Index Name": "idx_supplier_nation_key","Startup Cost": 0.00,"Total Cost": 7.29,"Plan Rows": 400,"Plan Width": 0,"Actual Startup Time": 0.069,"Actual Total Time": 0.076,"Actual Rows": 420,"Actual Loops": 1,"Index Cond": "(s_nationkey = nation_1.n_nationkey)"}]}]},{"Node Type": "Index Scan","Parent Relationship": "Inner","Parallel Aware": false,"Async Capable": false,"Scan Direction": "Forward","Index Name": "idx_partsupp_suppkey","Relation Name": "partsupp","Alias": "partsupp_1","Startup Cost": 0.42,"Total Cost": 9.07,"Plan Rows": 80,"Plan Width": 14,"Actual Startup Time": 0.014,"Actual Total Time": 0.285,"Actual Rows": 80,"Actual Loops": 420,"Index Cond": "(ps_suppkey = supplier_1.s_suppkey)","Rows Removed by Index Recheck": 0}]}]},{"Node Type": "Aggregate","Strategy": "Hashed","Partial Mode": "Simple","Parent Relationship": "Outer","Parallel Aware": false,"Async Capable": false,"Startup Cost": 4514.26,"Total Cost": 4994.26,"Plan Rows": 10667,"Plan Width": 36,"Actual Startup Time": 388.152,"Actual Total Time": 464.346,"Actual Rows": 665,"Actual Loops": 1,"Group Key": ["partsupp.ps_partkey"],"Filter": "(sum((partsupp.ps_supplycost * (partsupp.ps_availqty)::numeric)) > $2)","Planned Partitions": 0,"HashAgg Batches": 1,"Peak Memory Usage": 17937,"Disk Usage": 0,"Rows Removed by Filter": 30920,"Plans": [{"Node Type": "Nested Loop","Parent Relationship": "Outer","Parallel Aware": false,"Async Capable": false,"Join Type": "Inner","Startup Cost": 7.81,"Total Cost": 4194.26,"Plan Rows": 32000,"Plan Width": 14,"Actual Startup Time": 0.388,"Actual Total Time": 207.629,"Actual Rows": 33600,"Actual Loops": 1,"Inner Unique": false,"Plans": [{"Node Type": "Nested Loop","Parent Relationship": "Outer","Parallel Aware": false,"Async Capable": false,"Join Type": "Inner","Startup Cost": 7.38,"Total Cost": 244.58,"Plan Rows": 400,"Plan Width": 4,"Actual Startup Time": 0.274,"Actual Total Time": 2.984,"Actual Rows": 420,"Actual Loops": 1,"Inner Unique": false,"Plans": [{"Node Type": "Seq Scan","Parent Relationship": "Outer","Parallel Aware": false,"Async Capable": false,"Relation Name": "nation","Alias": "nation","Startup Cost": 0.00,"Total Cost": 1.31,"Plan Rows": 1,"Plan Width": 4,"Actual Startup Time": 0.081,"Actual Total Time": 0.099,"Actual Rows": 1,"Actual Loops": 1,"Filter": "(n_name = 'ALGERIA'::bpchar)","Rows Removed by Filter": 24},{"Node Type": "Bitmap Heap Scan","Parent Relationship": "Inner","Parallel Aware": false,"Async Capable": false,"Relation Name": "supplier","Alias": "supplier","Startup Cost": 7.38,"Total Cost": 239.27,"Plan Rows": 400,"Plan Width": 8,"Actual Startup Time": 0.184,"Actual Total Time": 2.823,"Actual Rows": 420,"Actual Loops": 1,"Recheck Cond": "(s_nationkey = nation.n_nationkey)","Rows Removed by Index Recheck": 0,"Exact Heap Blocks": 197,"Lossy Heap Blocks": 0,"Plans": [{"Node Type": "Bitmap Index Scan","Parent Relationship": "Outer","Parallel Aware": false,"Async Capable": false,"Index Name": "idx_supplier_nation_key","Startup Cost": 0.00,"Total Cost": 7.29,"Plan Rows": 400,"Plan Width": 0,"Actual Startup Time": 0.105,"Actual Total Time": 0.106,"Actual Rows": 420,"Actual Loops": 1,"Index Cond": "(s_nationkey = nation.n_nationkey)"}]}]},{"Node Type": "Index Scan","Parent Relationship": "Inner","Parallel Aware": false,"Async Capable": false,"Scan Direction": "Forward","Index Name": "idx_partsupp_suppkey","Relation Name": "partsupp","Alias": "partsupp","Startup Cost": 0.42,"Total Cost": 9.07,"Plan Rows": 80,"Plan Width": 18,"Actual Startup Time": 0.019,"Actual Total Time": 0.475,"Actual Rows": 80,"Actual Loops": 420,"Index Cond": "(ps_suppkey = supplier.s_suppkey)","Rows Removed by Index Recheck": 0}]}]}]},"Planning Time": 6.930,"Triggers": [],"Execution Time": 468.122}]
[{"Plan": {"Node Type": "Sort","Parallel Aware": false,"Async Capable": false,"Startup Cost": 10142.20,"Total Cost": 10168.87,"Plan Rows": 10667,"Plan Width": 36,"Actual Startup Time": 443.389,"Actual Total Time": 443.514,"Actual Rows": 1031,"Actual Loops": 1,"Sort Key": ["(sum((partsupp.ps_supplycost * (partsupp.ps_availqty)::numeric))) DESC"],"Sort Method": "quicksort","Sort Space Used": 105,"Sort Space Type": "Memory","Plans": [{"Node Type": "Aggregate","Strategy": "Plain","Partial Mode": "Simple","Parent Relationship": "InitPlan","Subplan Name": "InitPlan 1 (returns $2)","Parallel Aware": false,"Async Capable": false,"Startup Cost": 4434.26,"Total Cost": 4434.27,"Plan Rows": 1,"Plan Width": 32,"Actual Startup Time": 132.940,"Actual Total Time": 132.957,"Actual Rows": 1,"Actual Loops": 1,"Plans": [{"Node Type": "Nested Loop","Parent Relationship": "Outer","Parallel Aware": false,"Async Capable": false,"Join Type": "Inner","Startup Cost": 7.81,"Total Cost": 4194.26,"Plan Rows": 32000,"Plan Width": 10,"Actual Startup Time": 0.263,"Actual Total Time": 125.681,"Actual Rows": 31440,"Actual Loops": 1,"Inner Unique": false,"Plans": [{"Node Type": "Nested Loop","Parent Relationship": "Outer","Parallel Aware": false,"Async Capable": false,"Join Type": "Inner","Startup Cost": 7.38,"Total Cost": 244.58,"Plan Rows": 400,"Plan Width": 4,"Actual Startup Time": 0.205,"Actual Total Time": 1.775,"Actual Rows": 393,"Actual Loops": 1,"Inner Unique": false,"Plans": [{"Node Type": "Seq Scan","Parent Relationship": "Outer","Parallel Aware": false,"Async Capable": false,"Relation Name": "nation","Alias": "nation_1","Startup Cost": 0.00,"Total Cost": 1.31,"Plan Rows": 1,"Plan Width": 4,"Actual Startup Time": 0.056,"Actual Total Time": 0.062,"Actual Rows": 1,"Actual Loops": 1,"Filter": "(n_name = 'UNITED STATES'::bpchar)","Rows Removed by Filter": 24},{"Node Type": "Bitmap Heap Scan","Parent Relationship": "Inner","Parallel Aware": false,"Async Capable": false,"Relation Name": "supplier","Alias": "supplier_1","Startup Cost": 7.38,"Total Cost": 239.27,"Plan Rows": 400,"Plan Width": 8,"Actual Startup Time": 0.126,"Actual Total Time": 1.648,"Actual Rows": 393,"Actual Loops": 1,"Recheck Cond": "(s_nationkey = nation_1.n_nationkey)","Rows Removed by Index Recheck": 0,"Exact Heap Blocks": 181,"Lossy Heap Blocks": 0,"Plans": [{"Node Type": "Bitmap Index Scan","Parent Relationship": "Outer","Parallel Aware": false,"Async Capable": false,"Index Name": "idx_supplier_nation_key","Startup Cost": 0.00,"Total Cost": 7.29,"Plan Rows": 400,"Plan Width": 0,"Actual Startup Time": 0.087,"Actual Total Time": 0.091,"Actual Rows": 393,"Actual Loops": 1,"Index Cond": "(s_nationkey = nation_1.n_nationkey)"}]}]},{"Node Type": "Index Scan","Parent Relationship": "Inner","Parallel Aware": false,"Async Capable": false,"Scan Direction": "Forward","Index Name": "idx_partsupp_suppkey","Relation Name": "partsupp","Alias": "partsupp_1","Startup Cost": 0.42,"Total Cost": 9.07,"Plan Rows": 80,"Plan Width": 14,"Actual Startup Time": 0.015,"Actual Total Time": 0.303,"Actual Rows": 80,"Actual Loops": 393,"Index Cond": "(ps_suppkey = supplier_1.s_suppkey)","Rows Removed by Index Recheck": 0}]}]},{"Node Type": "Aggregate","Strategy": "Hashed","Partial Mode": "Simple","Parent Relationship": "Outer","Parallel Aware": false,"Async Capable": false,"Startup Cost": 4514.26,"Total Cost": 4994.26,"Plan Rows": 10667,"Plan Width": 36,"Actual Startup Time": 371.004,"Actual Total Time": 442.894,"Actual Rows": 1031,"Actual Loops": 1,"Group Key": ["partsupp.ps_partkey"],"Filter": "(sum((partsupp.ps_supplycost * (partsupp.ps_availqty)::numeric)) > $2)","Planned Partitions": 0,"HashAgg Batches": 1,"Peak Memory Usage": 17937,"Disk Usage": 0,"Rows Removed by Filter": 28434,"Plans": [{"Node Type": "Nested Loop","Parent Relationship": "Outer","Parallel Aware": false,"Async Capable": false,"Join Type": "Inner","Startup Cost": 7.81,"Total Cost": 4194.26,"Plan Rows": 32000,"Plan Width": 14,"Actual Startup Time": 0.317,"Actual Total Time": 191.179,"Actual Rows": 31440,"Actual Loops": 1,"Inner Unique": false,"Plans": [{"Node Type": "Nested Loop","Parent Relationship": "Outer","Parallel Aware": false,"Async Capable": false,"Join Type": "Inner","Startup Cost": 7.38,"Total Cost": 244.58,"Plan Rows": 400,"Plan Width": 4,"Actual Startup Time": 0.258,"Actual Total Time": 2.692,"Actual Rows": 393,"Actual Loops": 1,"Inner Unique": false,"Plans": [{"Node Type": "Seq Scan","Parent Relationship": "Outer","Parallel Aware": false,"Async Capable": false,"Relation Name": "nation","Alias": "nation","Startup Cost": 0.00,"Total Cost": 1.31,"Plan Rows": 1,"Plan Width": 4,"Actual Startup Time": 0.065,"Actual Total Time": 0.076,"Actual Rows": 1,"Actual Loops": 1,"Filter": "(n_name = 'UNITED STATES'::bpchar)","Rows Removed by Filter": 24},{"Node Type": "Bitmap Heap Scan","Parent Relationship": "Inner","Parallel Aware": false,"Async Capable": false,"Relation Name": "supplier","Alias": "supplier","Startup Cost": 7.38,"Total Cost": 239.27,"Plan Rows": 400,"Plan Width": 8,"Actual Startup Time": 0.185,"Actual Total Time": 2.562,"Actual Rows": 393,"Actual Loops": 1,"Recheck Cond": "(s_nationkey = nation.n_nationkey)","Rows Removed by Index Recheck": 0,"Exact Heap Blocks": 181,"Lossy Heap Blocks": 0,"Plans": [{"Node Type": "Bitmap Index Scan","Parent Relationship": "Outer","Parallel Aware": false,"Async Capable": false,"Index Name": "idx_supplier_nation_key","Startup Cost": 0.00,"Total Cost": 7.29,"Plan Rows": 400,"Plan Width": 0,"Actual Startup Time": 0.119,"Actual Total Time": 0.122,"Actual Rows": 393,"Actual Loops": 1,"Index Cond": "(s_nationkey = nation.n_nationkey)"}]}]},{"Node Type": "Index Scan","Parent Relationship": "Inner","Parallel Aware": false,"Async Capable": false,"Scan Direction": "Forward","Index Name": "idx_partsupp_suppkey","Relation Name": "partsupp","Alias": "partsupp","Startup Cost": 0.42,"Total Cost": 9.07,"Plan Rows": 80,"Plan Width": 18,"Actual Startup Time": 0.020,"Actual Total Time": 0.468,"Actual Rows": 80,"Actual Loops": 393,"Index Cond": "(ps_suppkey = supplier.s_suppkey)","Rows Removed by Index Recheck": 0}]}]}]},"Planning Time": 7.102,"Triggers": [],"Execution Time": 445.930}]
[{"Plan": {"Node Type": "Sort","Parallel Aware": false,"Async Capable": false,"Startup Cost": 10142.20,"Total Cost": 10168.87,"Plan Rows": 10667,"Plan Width": 36,"Actual Startup Time": 448.613,"Actual Total Time": 448.730,"Actual Rows": 888,"Actual Loops": 1,"Sort Key": ["(sum((partsupp.ps_supplycost * (partsupp.ps_availqty)::numeric))) DESC"],"Sort Method": "quicksort","Sort Space Used": 73,"Sort Space Type": "Memory","Plans": [{"Node Type": "Aggregate","Strategy": "Plain","Partial Mode": "Simple","Parent Relationship": "InitPlan","Subplan Name": "InitPlan 1 (returns $2)","Parallel Aware": false,"Async Capable": false,"Startup Cost": 4434.26,"Total Cost": 4434.27,"Plan Rows": 1,"Plan Width": 32,"Actual Startup Time": 133.715,"Actual Total Time": 133.740,"Actual Rows": 1,"Actual Loops": 1,"Plans": [{"Node Type": "Nested Loop","Parent Relationship": "Outer","Parallel Aware": false,"Async Capable": false,"Join Type": "Inner","Startup Cost": 7.81,"Total Cost": 4194.26,"Plan Rows": 32000,"Plan Width": 10,"Actual Startup Time": 0.220,"Actual Total Time": 126.229,"Actual Rows": 32400,"Actual Loops": 1,"Inner Unique": false,"Plans": [{"Node Type": "Nested Loop","Parent Relationship": "Outer","Parallel Aware": false,"Async Capable": false,"Join Type": "Inner","Startup Cost": 7.38,"Total Cost": 244.58,"Plan Rows": 400,"Plan Width": 4,"Actual Startup Time": 0.174,"Actual Total Time": 1.918,"Actual Rows": 405,"Actual Loops": 1,"Inner Unique": false,"Plans": [{"Node Type": "Seq Scan","Parent Relationship": "Outer","Parallel Aware": false,"Async Capable": false,"Relation Name": "nation","Alias": "nation_1","Startup Cost": 0.00,"Total Cost": 1.31,"Plan Rows": 1,"Plan Width": 4,"Actual Startup Time": 0.049,"Actual Total Time": 0.070,"Actual Rows": 1,"Actual Loops": 1,"Filter": "(n_name = 'INDONESIA'::bpchar)","Rows Removed by Filter": 24},{"Node Type": "Bitmap Heap Scan","Parent Relationship": "Inner","Parallel Aware": false,"Async Capable": false,"Relation Name": "supplier","Alias": "supplier_1","Startup Cost": 7.38,"Total Cost": 239.27,"Plan Rows": 400,"Plan Width": 8,"Actual Startup Time": 0.105,"Actual Total Time": 1.781,"Actual Rows": 405,"Actual Loops": 1,"Recheck Cond": "(s_nationkey = nation_1.n_nationkey)","Rows Removed by Index Recheck": 0,"Exact Heap Blocks": 192,"Lossy Heap Blocks": 0,"Plans": [{"Node Type": "Bitmap Index Scan","Parent Relationship": "Outer","Parallel Aware": false,"Async Capable": false,"Index Name": "idx_supplier_nation_key","Startup Cost": 0.00,"Total Cost": 7.29,"Plan Rows": 400,"Plan Width": 0,"Actual Startup Time": 0.069,"Actual Total Time": 0.075,"Actual Rows": 405,"Actual Loops": 1,"Index Cond": "(s_nationkey = nation_1.n_nationkey)"}]}]},{"Node Type": "Index Scan","Parent Relationship": "Inner","Parallel Aware": false,"Async Capable": false,"Scan Direction": "Forward","Index Name": "idx_partsupp_suppkey","Relation Name": "partsupp","Alias": "partsupp_1","Startup Cost": 0.42,"Total Cost": 9.07,"Plan Rows": 80,"Plan Width": 14,"Actual Startup Time": 0.014,"Actual Total Time": 0.294,"Actual Rows": 80,"Actual Loops": 405,"Index Cond": "(ps_suppkey = supplier_1.s_suppkey)","Rows Removed by Index Recheck": 0}]}]},{"Node Type": "Aggregate","Strategy": "Hashed","Partial Mode": "Simple","Parent Relationship": "Outer","Parallel Aware": false,"Async Capable": false,"Startup Cost": 4514.26,"Total Cost": 4994.26,"Plan Rows": 10667,"Plan Width": 36,"Actual Startup Time": 376.503,"Actual Total Time": 448.157,"Actual Rows": 888,"Actual Loops": 1,"Group Key": ["partsupp.ps_partkey"],"Filter": "(sum((partsupp.ps_supplycost * (partsupp.ps_availqty)::numeric)) > $2)","Planned Partitions": 0,"HashAgg Batches": 1,"Peak Memory Usage": 17937,"Disk Usage": 0,"Rows Removed by Filter": 29597,"Plans": [{"Node Type": "Nested Loop","Parent Relationship": "Outer","Parallel Aware": false,"Async Capable": false,"Join Type": "Inner","Startup Cost": 7.81,"Total Cost": 4194.26,"Plan Rows": 32000,"Plan Width": 14,"Actual Startup Time": 0.375,"Actual Total Time": 200.721,"Actual Rows": 32400,"Actual Loops": 1,"Inner Unique": false,"Plans": [{"Node Type": "Nested Loop","Parent Relationship": "Outer","Parallel Aware": false,"Async Capable": false,"Join Type": "Inner","Startup Cost": 7.38,"Total Cost": 244.58,"Plan Rows": 400,"Plan Width": 4,"Actual Startup Time": 0.269,"Actual Total Time": 2.791,"Actual Rows": 405,"Actual Loops": 1,"Inner Unique": false,"Plans": [{"Node Type": "Seq Scan","Parent Relationship": "Outer","Parallel Aware": false,"Async Capable": false,"Relation Name": "nation","Alias": "nation","Startup Cost": 0.00,"Total Cost": 1.31,"Plan Rows": 1,"Plan Width": 4,"Actual Startup Time": 0.076,"Actual Total Time": 0.092,"Actual Rows": 1,"Actual Loops": 1,"Filter": "(n_name = 'INDONESIA'::bpchar)","Rows Removed by Filter": 24},{"Node Type": "Bitmap Heap Scan","Parent Relationship": "Inner","Parallel Aware": false,"Async Capable": false,"Relation Name": "supplier","Alias": "supplier","Startup Cost": 7.38,"Total Cost": 239.27,"Plan Rows": 400,"Plan Width": 8,"Actual Startup Time": 0.187,"Actual Total Time": 2.648,"Actual Rows": 405,"Actual Loops": 1,"Recheck Cond": "(s_nationkey = nation.n_nationkey)","Rows Removed by Index Recheck": 0,"Exact Heap Blocks": 192,"Lossy Heap Blocks": 0,"Plans": [{"Node Type": "Bitmap Index Scan","Parent Relationship": "Outer","Parallel Aware": false,"Async Capable": false,"Index Name": "idx_supplier_nation_key","Startup Cost": 0.00,"Total Cost": 7.29,"Plan Rows": 400,"Plan Width": 0,"Actual Startup Time": 0.121,"Actual Total Time": 0.124,"Actual Rows": 405,"Actual Loops": 1,"Index Cond": "(s_nationkey = nation.n_nationkey)"}]}]},{"Node Type": "Index Scan","Parent Relationship": "Inner","Parallel Aware": false,"Async Capable": false,"Scan Direction": "Forward","Index Name": "idx_partsupp_suppkey","Relation Name": "partsupp","Alias": "partsupp","Startup Cost": 0.42,"Total Cost": 9.07,"Plan Rows": 80,"Plan Width": 18,"Actual Startup Time": 0.019,"Actual Total Time": 0.477,"Actual Rows": 80,"Actual Loops": 405,"Index Cond": "(ps_suppkey = supplier.s_suppkey)","Rows Removed by Index Recheck": 0}]}]}]},"Planning Time": 7.214,"Triggers": [],"Execution Time": 451.949}]
[{"Plan": {"Node Type": "Sort","Parallel Aware": false,"Async Capable": false,"Startup Cost": 10142.20,"Total Cost": 10168.87,"Plan Rows": 10667,"Plan Width": 36,"Actual Startup Time": 479.473,"Actual Total Time": 479.584,"Actual Rows": 514,"Actual Loops": 1,"Sort Key": ["(sum((partsupp.ps_supplycost * (partsupp.ps_availqty)::numeric))) DESC"],"Sort Method": "quicksort","Sort Space Used": 53,"Sort Space Type": "Memory","Plans": [{"Node Type": "Aggregate","Strategy": "Plain","Partial Mode": "Simple","Parent Relationship": "InitPlan","Subplan Name": "InitPlan 1 (returns $2)","Parallel Aware": false,"Async Capable": false,"Startup Cost": 4434.26,"Total Cost": 4434.27,"Plan Rows": 1,"Plan Width": 32,"Actual Startup Time": 141.847,"Actual Total Time": 141.875,"Actual Rows": 1,"Actual Loops": 1,"Plans": [{"Node Type": "Nested Loop","Parent Relationship": "Outer","Parallel Aware": false,"Async Capable": false,"Join Type": "Inner","Startup Cost": 7.81,"Total Cost": 4194.26,"Plan Rows": 32000,"Plan Width": 10,"Actual Startup Time": 0.217,"Actual Total Time": 133.744,"Actual Rows": 35040,"Actual Loops": 1,"Inner Unique": false,"Plans": [{"Node Type": "Nested Loop","Parent Relationship": "Outer","Parallel Aware": false,"Async Capable": false,"Join Type": "Inner","Startup Cost": 7.38,"Total Cost": 244.58,"Plan Rows": 400,"Plan Width": 4,"Actual Startup Time": 0.176,"Actual Total Time": 1.973,"Actual Rows": 438,"Actual Loops": 1,"Inner Unique": false,"Plans": [{"Node Type": "Seq Scan","Parent Relationship": "Outer","Parallel Aware": false,"Async Capable": false,"Relation Name": "nation","Alias": "nation_1","Startup Cost": 0.00,"Total Cost": 1.31,"Plan Rows": 1,"Plan Width": 4,"Actual Startup Time": 0.030,"Actual Total Time": 0.050,"Actual Rows": 1,"Actual Loops": 1,"Filter": "(n_name = 'IRAQ'::bpchar)","Rows Removed by Filter": 24},{"Node Type": "Bitmap Heap Scan","Parent Relationship": "Inner","Parallel Aware": false,"Async Capable": false,"Relation Name": "supplier","Alias": "supplier_1","Startup Cost": 7.38,"Total Cost": 239.27,"Plan Rows": 400,"Plan Width": 8,"Actual Startup Time": 0.128,"Actual Total Time": 1.851,"Actual Rows": 438,"Actual Loops": 1,"Recheck Cond": "(s_nationkey = nation_1.n_nationkey)","Rows Removed by Index Recheck": 0,"Exact Heap Blocks": 194,"Lossy Heap Blocks": 0,"Plans": [{"Node Type": "Bitmap Index Scan","Parent Relationship": "Outer","Parallel Aware": false,"Async Capable": false,"Index Name": "idx_supplier_nation_key","Startup Cost": 0.00,"Total Cost": 7.29,"Plan Rows": 400,"Plan Width": 0,"Actual Startup Time": 0.090,"Actual Total Time": 0.096,"Actual Rows": 438,"Actual Loops": 1,"Index Cond": "(s_nationkey = nation_1.n_nationkey)"}]}]},{"Node Type": "Index Scan","Parent Relationship": "Inner","Parallel Aware": false,"Async Capable": false,"Scan Direction": "Forward","Index Name": "idx_partsupp_suppkey","Relation Name": "partsupp","Alias": "partsupp_1","Startup Cost": 0.42,"Total Cost": 9.07,"Plan Rows": 80,"Plan Width": 14,"Actual Startup Time": 0.014,"Actual Total Time": 0.289,"Actual Rows": 80,"Actual Loops": 438,"Index Cond": "(ps_suppkey = supplier_1.s_suppkey)","Rows Removed by Index Recheck": 0}]}]},{"Node Type": "Aggregate","Strategy": "Hashed","Partial Mode": "Simple","Parent Relationship": "Outer","Parallel Aware": false,"Async Capable": false,"Startup Cost": 4514.26,"Total Cost": 4994.26,"Plan Rows": 10667,"Plan Width": 36,"Actual Startup Time": 398.650,"Actual Total Time": 479.180,"Actual Rows": 514,"Actual Loops": 1,"Group Key": ["partsupp.ps_partkey"],"Filter": "(sum((partsupp.ps_supplycost * (partsupp.ps_availqty)::numeric)) > $2)","Planned Partitions": 0,"HashAgg Batches": 1,"Peak Memory Usage": 17937,"Disk Usage": 0,"Rows Removed by Filter": 32385,"Plans": [{"Node Type": "Nested Loop","Parent Relationship": "Outer","Parallel Aware": false,"Async Capable": false,"Join Type": "Inner","Startup Cost": 7.81,"Total Cost": 4194.26,"Plan Rows": 32000,"Plan Width": 14,"Actual Startup Time": 0.368,"Actual Total Time": 210.024,"Actual Rows": 35040,"Actual Loops": 1,"Inner Unique": false,"Plans": [{"Node Type": "Nested Loop","Parent Relationship": "Outer","Parallel Aware": false,"Async Capable": false,"Join Type": "Inner","Startup Cost": 7.38,"Total Cost": 244.58,"Plan Rows": 400,"Plan Width": 4,"Actual Startup Time": 0.322,"Actual Total Time": 2.894,"Actual Rows": 438,"Actual Loops": 1,"Inner Unique": false,"Plans": [{"Node Type": "Seq Scan","Parent Relationship": "Outer","Parallel Aware": false,"Async Capable": false,"Relation Name": "nation","Alias": "nation","Startup Cost": 0.00,"Total Cost": 1.31,"Plan Rows": 1,"Plan Width": 4,"Actual Startup Time": 0.077,"Actual Total Time": 0.103,"Actual Rows": 1,"Actual Loops": 1,"Filter": "(n_name = 'IRAQ'::bpchar)","Rows Removed by Filter": 24},{"Node Type": "Bitmap Heap Scan","Parent Relationship": "Inner","Parallel Aware": false,"Async Capable": false,"Relation Name": "supplier","Alias": "supplier","Startup Cost": 7.38,"Total Cost": 239.27,"Plan Rows": 400,"Plan Width": 8,"Actual Startup Time": 0.239,"Actual Total Time": 2.735,"Actual Rows": 438,"Actual Loops": 1,"Recheck Cond": "(s_nationkey = nation.n_nationkey)","Rows Removed by Index Recheck": 0,"Exact Heap Blocks": 194,"Lossy Heap Blocks": 0,"Plans": [{"Node Type": "Bitmap Index Scan","Parent Relationship": "Outer","Parallel Aware": false,"Async Capable": false,"Index Name": "idx_supplier_nation_key","Startup Cost": 0.00,"Total Cost": 7.29,"Plan Rows": 400,"Plan Width": 0,"Actual Startup Time": 0.165,"Actual Total Time": 0.169,"Actual Rows": 438,"Actual Loops": 1,"Index Cond": "(s_nationkey = nation.n_nationkey)"}]}]},{"Node Type": "Index Scan","Parent Relationship": "Inner","Parallel Aware": false,"Async Capable": false,"Scan Direction": "Forward","Index Name": "idx_partsupp_suppkey","Relation Name": "partsupp","Alias": "partsupp","Startup Cost": 0.42,"Total Cost": 9.07,"Plan Rows": 80,"Plan Width": 18,"Actual Startup Time": 0.019,"Actual Total Time": 0.461,"Actual Rows": 80,"Actual Loops": 438,"Index Cond": "(ps_suppkey = supplier.s_suppkey)","Rows Removed by Index Recheck": 0}]}]}]},"Planning Time": 5.748,"Triggers": [],"Execution Time": 483.087}]
[{"Plan": {"Node Type": "Sort","Parallel Aware": false,"Async Capable": false,"Startup Cost": 10142.20,"Total Cost": 10168.87,"Plan Rows": 10667,"Plan Width": 36,"Actual Startup Time": 460.124,"Actual Total Time": 460.279,"Actual Rows": 753,"Actual Loops": 1,"Sort Key": ["(sum((partsupp.ps_supplycost * (partsupp.ps_availqty)::numeric))) DESC"],"Sort Method": "quicksort","Sort Space Used": 66,"Sort Space Type": "Memory","Plans": [{"Node Type": "Aggregate","Strategy": "Plain","Partial Mode": "Simple","Parent Relationship": "InitPlan","Subplan Name": "InitPlan 1 (returns $2)","Parallel Aware": false,"Async Capable": false,"Startup Cost": 4434.26,"Total Cost": 4434.27,"Plan Rows": 1,"Plan Width": 32,"Actual Startup Time": 134.377,"Actual Total Time": 134.409,"Actual Rows": 1,"Actual Loops": 1,"Plans": [{"Node Type": "Nested Loop","Parent Relationship": "Outer","Parallel Aware": false,"Async Capable": false,"Join Type": "Inner","Startup Cost": 7.81,"Total Cost": 4194.26,"Plan Rows": 32000,"Plan Width": 10,"Actual Startup Time": 0.237,"Actual Total Time": 126.748,"Actual Rows": 33200,"Actual Loops": 1,"Inner Unique": false,"Plans": [{"Node Type": "Nested Loop","Parent Relationship": "Outer","Parallel Aware": false,"Async Capable": false,"Join Type": "Inner","Startup Cost": 7.38,"Total Cost": 244.58,"Plan Rows": 400,"Plan Width": 4,"Actual Startup Time": 0.181,"Actual Total Time": 1.854,"Actual Rows": 415,"Actual Loops": 1,"Inner Unique": false,"Plans": [{"Node Type": "Seq Scan","Parent Relationship": "Outer","Parallel Aware": false,"Async Capable": false,"Relation Name": "nation","Alias": "nation_1","Startup Cost": 0.00,"Total Cost": 1.31,"Plan Rows": 1,"Plan Width": 4,"Actual Startup Time": 0.049,"Actual Total Time": 0.067,"Actual Rows": 1,"Actual Loops": 1,"Filter": "(n_name = 'INDIA'::bpchar)","Rows Removed by Filter": 24},{"Node Type": "Bitmap Heap Scan","Parent Relationship": "Inner","Parallel Aware": false,"Async Capable": false,"Relation Name": "supplier","Alias": "supplier_1","Startup Cost": 7.38,"Total Cost": 239.27,"Plan Rows": 400,"Plan Width": 8,"Actual Startup Time": 0.112,"Actual Total Time": 1.723,"Actual Rows": 415,"Actual Loops": 1,"Recheck Cond": "(s_nationkey = nation_1.n_nationkey)","Rows Removed by Index Recheck": 0,"Exact Heap Blocks": 186,"Lossy Heap Blocks": 0,"Plans": [{"Node Type": "Bitmap Index Scan","Parent Relationship": "Outer","Parallel Aware": false,"Async Capable": false,"Index Name": "idx_supplier_nation_key","Startup Cost": 0.00,"Total Cost": 7.29,"Plan Rows": 400,"Plan Width": 0,"Actual Startup Time": 0.076,"Actual Total Time": 0.083,"Actual Rows": 415,"Actual Loops": 1,"Index Cond": "(s_nationkey = nation_1.n_nationkey)"}]}]},{"Node Type": "Index Scan","Parent Relationship": "Inner","Parallel Aware": false,"Async Capable": false,"Scan Direction": "Forward","Index Name": "idx_partsupp_suppkey","Relation Name": "partsupp","Alias": "partsupp_1","Startup Cost": 0.42,"Total Cost": 9.07,"Plan Rows": 80,"Plan Width": 14,"Actual Startup Time": 0.014,"Actual Total Time": 0.289,"Actual Rows": 80,"Actual Loops": 415,"Index Cond": "(ps_suppkey = supplier_1.s_suppkey)","Rows Removed by Index Recheck": 0}]}]},{"Node Type": "Aggregate","Strategy": "Hashed","Partial Mode": "Simple","Parent Relationship": "Outer","Parallel Aware": false,"Async Capable": false,"Startup Cost": 4514.26,"Total Cost": 4994.26,"Plan Rows": 10667,"Plan Width": 36,"Actual Startup Time": 384.255,"Actual Total Time": 459.696,"Actual Rows": 753,"Actual Loops": 1,"Group Key": ["partsupp.ps_partkey"],"Filter": "(sum((partsupp.ps_supplycost * (partsupp.ps_availqty)::numeric)) > $2)","Planned Partitions": 0,"HashAgg Batches": 1,"Peak Memory Usage": 17937,"Disk Usage": 0,"Rows Removed by Filter": 30329,"Plans": [{"Node Type": "Nested Loop","Parent Relationship": "Outer","Parallel Aware": false,"Async Capable": false,"Join Type": "Inner","Startup Cost": 7.81,"Total Cost": 4194.26,"Plan Rows": 32000,"Plan Width": 14,"Actual Startup Time": 0.331,"Actual Total Time": 205.215,"Actual Rows": 33200,"Actual Loops": 1,"Inner Unique": false,"Plans": [{"Node Type": "Nested Loop","Parent Relationship": "Outer","Parallel Aware": false,"Async Capable": false,"Join Type": "Inner","Startup Cost": 7.38,"Total Cost": 244.58,"Plan Rows": 400,"Plan Width": 4,"Actual Startup Time": 0.285,"Actual Total Time": 2.795,"Actual Rows": 415,"Actual Loops": 1,"Inner Unique": false,"Plans": [{"Node Type": "Seq Scan","Parent Relationship": "Outer","Parallel Aware": false,"Async Capable": false,"Relation Name": "nation","Alias": "nation","Startup Cost": 0.00,"Total Cost": 1.31,"Plan Rows": 1,"Plan Width": 4,"Actual Startup Time": 0.073,"Actual Total Time": 0.100,"Actual Rows": 1,"Actual Loops": 1,"Filter": "(n_name = 'INDIA'::bpchar)","Rows Removed by Filter": 24},{"Node Type": "Bitmap Heap Scan","Parent Relationship": "Inner","Parallel Aware": false,"Async Capable": false,"Relation Name": "supplier","Alias": "supplier","Startup Cost": 7.38,"Total Cost": 239.27,"Plan Rows": 400,"Plan Width": 8,"Actual Startup Time": 0.206,"Actual Total Time": 2.634,"Actual Rows": 415,"Actual Loops": 1,"Recheck Cond": "(s_nationkey = nation.n_nationkey)","Rows Removed by Index Recheck": 0,"Exact Heap Blocks": 186,"Lossy Heap Blocks": 0,"Plans": [{"Node Type": "Bitmap Index Scan","Parent Relationship": "Outer","Parallel Aware": false,"Async Capable": false,"Index Name": "idx_supplier_nation_key","Startup Cost": 0.00,"Total Cost": 7.29,"Plan Rows": 400,"Plan Width": 0,"Actual Startup Time": 0.132,"Actual Total Time": 0.135,"Actual Rows": 415,"Actual Loops": 1,"Index Cond": "(s_nationkey = nation.n_nationkey)"}]}]},{"Node Type": "Index Scan","Parent Relationship": "Inner","Parallel Aware": false,"Async Capable": false,"Scan Direction": "Forward","Index Name": "idx_partsupp_suppkey","Relation Name": "partsupp","Alias": "partsupp","Startup Cost": 0.42,"Total Cost": 9.07,"Plan Rows": 80,"Plan Width": 18,"Actual Startup Time": 0.019,"Actual Total Time": 0.476,"Actual Rows": 80,"Actual Loops": 415,"Index Cond": "(ps_suppkey = supplier.s_suppkey)","Rows Removed by Index Recheck": 0}]}]}]},"Planning Time": 5.856,"Triggers": [],"Execution Time": 463.781}]
[{"Plan": {"Node Type": "Sort","Parallel Aware": false,"Async Capable": false,"Startup Cost": 10142.20,"Total Cost": 10168.87,"Plan Rows": 10667,"Plan Width": 36,"Actual Startup Time": 448.613,"Actual Total Time": 448.730,"Actual Rows": 888,"Actual Loops": 1,"Sort Key": ["(sum((partsupp.ps_supplycost * (partsupp.ps_availqty)::numeric))) DESC"],"Sort Method": "quicksort","Sort Space Used": 73,"Sort Space Type": "Memory","Plans": [{"Node Type": "Aggregate","Strategy": "Plain","Partial Mode": "Simple","Parent Relationship": "InitPlan","Subplan Name": "InitPlan 1 (returns $2)","Parallel Aware": false,"Async Capable": false,"Startup Cost": 4434.26,"Total Cost": 4434.27,"Plan Rows": 1,"Plan Width": 32,"Actual Startup Time": 133.715,"Actual Total Time": 133.740,"Actual Rows": 1,"Actual Loops": 1,"Plans": [{"Node Type": "Nested Loop","Parent Relationship": "Outer","Parallel Aware": false,"Async Capable": false,"Join Type": "Inner","Startup Cost": 7.81,"Total Cost": 4194.26,"Plan Rows": 32000,"Plan Width": 10,"Actual Startup Time": 0.220,"Actual Total Time": 126.229,"Actual Rows": 32400,"Actual Loops": 1,"Inner Unique": false,"Plans": [{"Node Type": "Nested Loop","Parent Relationship": "Outer","Parallel Aware": false,"Async Capable": false,"Join Type": "Inner","Startup Cost": 7.38,"Total Cost": 244.58,"Plan Rows": 400,"Plan Width": 4,"Actual Startup Time": 0.174,"Actual Total Time": 1.918,"Actual Rows": 405,"Actual Loops": 1,"Inner Unique": false,"Plans": [{"Node Type": "Seq Scan","Parent Relationship": "Outer","Parallel Aware": false,"Async Capable": false,"Relation Name": "nation","Alias": "nation_1","Startup Cost": 0.00,"Total Cost": 1.31,"Plan Rows": 1,"Plan Width": 4,"Actual Startup Time": 0.049,"Actual Total Time": 0.070,"Actual Rows": 1,"Actual Loops": 1,"Filter": "(n_name = 'INDONESIA'::bpchar)","Rows Removed by Filter": 24},{"Node Type": "Bitmap Heap Scan","Parent Relationship": "Inner","Parallel Aware": false,"Async Capable": false,"Relation Name": "supplier","Alias": "supplier_1","Startup Cost": 7.38,"Total Cost": 239.27,"Plan Rows": 400,"Plan Width": 8,"Actual Startup Time": 0.105,"Actual Total Time": 1.781,"Actual Rows": 405,"Actual Loops": 1,"Recheck Cond": "(s_nationkey = nation_1.n_nationkey)","Rows Removed by Index Recheck": 0,"Exact Heap Blocks": 192,"Lossy Heap Blocks": 0,"Plans": [{"Node Type": "Bitmap Index Scan","Parent Relationship": "Outer","Parallel Aware": false,"Async Capable": false,"Index Name": "idx_supplier_nation_key","Startup Cost": 0.00,"Total Cost": 7.29,"Plan Rows": 400,"Plan Width": 0,"Actual Startup Time": 0.069,"Actual Total Time": 0.075,"Actual Rows": 405,"Actual Loops": 1,"Index Cond": "(s_nationkey = nation_1.n_nationkey)"}]}]},{"Node Type": "Index Scan","Parent Relationship": "Inner","Parallel Aware": false,"Async Capable": false,"Scan Direction": "Forward","Index Name": "idx_partsupp_suppkey","Relation Name": "partsupp","Alias": "partsupp_1","Startup Cost": 0.42,"Total Cost": 9.07,"Plan Rows": 80,"Plan Width": 14,"Actual Startup Time": 0.014,"Actual Total Time": 0.294,"Actual Rows": 80,"Actual Loops": 405,"Index Cond": "(ps_suppkey = supplier_1.s_suppkey)","Rows Removed by Index Recheck": 0}]}]},{"Node Type": "Aggregate","Strategy": "Hashed","Partial Mode": "Simple","Parent Relationship": "Outer","Parallel Aware": false,"Async Capable": false,"Startup Cost": 4514.26,"Total Cost": 4994.26,"Plan Rows": 10667,"Plan Width": 36,"Actual Startup Time": 376.503,"Actual Total Time": 448.157,"Actual Rows": 888,"Actual Loops": 1,"Group Key": ["partsupp.ps_partkey"],"Filter": "(sum((partsupp.ps_supplycost * (partsupp.ps_availqty)::numeric)) > $2)","Planned Partitions": 0,"HashAgg Batches": 1,"Peak Memory Usage": 17937,"Disk Usage": 0,"Rows Removed by Filter": 29597,"Plans": [{"Node Type": "Nested Loop","Parent Relationship": "Outer","Parallel Aware": false,"Async Capable": false,"Join Type": "Inner","Startup Cost": 7.81,"Total Cost": 4194.26,"Plan Rows": 32000,"Plan Width": 14,"Actual Startup Time": 0.375,"Actual Total Time": 200.721,"Actual Rows": 32400,"Actual Loops": 1,"Inner Unique": false,"Plans": [{"Node Type": "Nested Loop","Parent Relationship": "Outer","Parallel Aware": false,"Async Capable": false,"Join Type": "Inner","Startup Cost": 7.38,"Total Cost": 244.58,"Plan Rows": 400,"Plan Width": 4,"Actual Startup Time": 0.269,"Actual Total Time": 2.791,"Actual Rows": 405,"Actual Loops": 1,"Inner Unique": false,"Plans": [{"Node Type": "Seq Scan","Parent Relationship": "Outer","Parallel Aware": false,"Async Capable": false,"Relation Name": "nation","Alias": "nation","Startup Cost": 0.00,"Total Cost": 1.31,"Plan Rows": 1,"Plan Width": 4,"Actual Startup Time": 0.076,"Actual Total Time": 0.092,"Actual Rows": 1,"Actual Loops": 1,"Filter": "(n_name = 'INDONESIA'::bpchar)","Rows Removed by Filter": 24},{"Node Type": "Bitmap Heap Scan","Parent Relationship": "Inner","Parallel Aware": false,"Async Capable": false,"Relation Name": "supplier","Alias": "supplier","Startup Cost": 7.38,"Total Cost": 239.27,"Plan Rows": 400,"Plan Width": 8,"Actual Startup Time": 0.187,"Actual Total Time": 2.648,"Actual Rows": 405,"Actual Loops": 1,"Recheck Cond": "(s_nationkey = nation.n_nationkey)","Rows Removed by Index Recheck": 0,"Exact Heap Blocks": 192,"Lossy Heap Blocks": 0,"Plans": [{"Node Type": "Bitmap Index Scan","Parent Relationship": "Outer","Parallel Aware": false,"Async Capable": false,"Index Name": "idx_supplier_nation_key","Startup Cost": 0.00,"Total Cost": 7.29,"Plan Rows": 400,"Plan Width": 0,"Actual Startup Time": 0.121,"Actual Total Time": 0.124,"Actual Rows": 405,"Actual Loops": 1,"Index Cond": "(s_nationkey = nation.n_nationkey)"}]}]},{"Node Type": "Index Scan","Parent Relationship": "Inner","Parallel Aware": false,"Async Capable": false,"Scan Direction": "Forward","Index Name": "idx_partsupp_suppkey","Relation Name": "partsupp","Alias": "partsupp","Startup Cost": 0.42,"Total Cost": 9.07,"Plan Rows": 80,"Plan Width": 18,"Actual Startup Time": 0.019,"Actual Total Time": 0.477,"Actual Rows": 80,"Actual Loops": 405,"Index Cond": "(ps_suppkey = supplier.s_suppkey)","Rows Removed by Index Recheck": 0}]}]}]},"Planning Time": 7.214,"Triggers": [],"Execution Time": 451.949}]
[{"Plan": {"Node Type": "Sort","Parallel Aware": false,"Async Capable": false,"Startup Cost": 10142.20,"Total Cost": 10168.87,"Plan Rows": 10667,"Plan Width": 36,"Actual Startup Time": 479.473,"Actual Total Time": 479.584,"Actual Rows": 514,"Actual Loops": 1,"Sort Key": ["(sum((partsupp.ps_supplycost * (partsupp.ps_availqty)::numeric))) DESC"],"Sort Method": "quicksort","Sort Space Used": 53,"Sort Space Type": "Memory","Plans": [{"Node Type": "Aggregate","Strategy": "Plain","Partial Mode": "Simple","Parent Relationship": "InitPlan","Subplan Name": "InitPlan 1 (returns $2)","Parallel Aware": false,"Async Capable": false,"Startup Cost": 4434.26,"Total Cost": 4434.27,"Plan Rows": 1,"Plan Width": 32,"Actual Startup Time": 141.847,"Actual Total Time": 141.875,"Actual Rows": 1,"Actual Loops": 1,"Plans": [{"Node Type": "Nested Loop","Parent Relationship": "Outer","Parallel Aware": false,"Async Capable": false,"Join Type": "Inner","Startup Cost": 7.81,"Total Cost": 4194.26,"Plan Rows": 32000,"Plan Width": 10,"Actual Startup Time": 0.217,"Actual Total Time": 133.744,"Actual Rows": 35040,"Actual Loops": 1,"Inner Unique": false,"Plans": [{"Node Type": "Nested Loop","Parent Relationship": "Outer","Parallel Aware": false,"Async Capable": false,"Join Type": "Inner","Startup Cost": 7.38,"Total Cost": 244.58,"Plan Rows": 400,"Plan Width": 4,"Actual Startup Time": 0.176,"Actual Total Time": 1.973,"Actual Rows": 438,"Actual Loops": 1,"Inner Unique": false,"Plans": [{"Node Type": "Seq Scan","Parent Relationship": "Outer","Parallel Aware": false,"Async Capable": false,"Relation Name": "nation","Alias": "nation_1","Startup Cost": 0.00,"Total Cost": 1.31,"Plan Rows": 1,"Plan Width": 4,"Actual Startup Time": 0.030,"Actual Total Time": 0.050,"Actual Rows": 1,"Actual Loops": 1,"Filter": "(n_name = 'IRAQ'::bpchar)","Rows Removed by Filter": 24},{"Node Type": "Bitmap Heap Scan","Parent Relationship": "Inner","Parallel Aware": false,"Async Capable": false,"Relation Name": "supplier","Alias": "supplier_1","Startup Cost": 7.38,"Total Cost": 239.27,"Plan Rows": 400,"Plan Width": 8,"Actual Startup Time": 0.128,"Actual Total Time": 1.851,"Actual Rows": 438,"Actual Loops": 1,"Recheck Cond": "(s_nationkey = nation_1.n_nationkey)","Rows Removed by Index Recheck": 0,"Exact Heap Blocks": 194,"Lossy Heap Blocks": 0,"Plans": [{"Node Type": "Bitmap Index Scan","Parent Relationship": "Outer","Parallel Aware": false,"Async Capable": false,"Index Name": "idx_supplier_nation_key","Startup Cost": 0.00,"Total Cost": 7.29,"Plan Rows": 400,"Plan Width": 0,"Actual Startup Time": 0.090,"Actual Total Time": 0.096,"Actual Rows": 438,"Actual Loops": 1,"Index Cond": "(s_nationkey = nation_1.n_nationkey)"}]}]},{"Node Type": "Index Scan","Parent Relationship": "Inner","Parallel Aware": false,"Async Capable": false,"Scan Direction": "Forward","Index Name": "idx_partsupp_suppkey","Relation Name": "partsupp","Alias": "partsupp_1","Startup Cost": 0.42,"Total Cost": 9.07,"Plan Rows": 80,"Plan Width": 14,"Actual Startup Time": 0.014,"Actual Total Time": 0.289,"Actual Rows": 80,"Actual Loops": 438,"Index Cond": "(ps_suppkey = supplier_1.s_suppkey)","Rows Removed by Index Recheck": 0}]}]},{"Node Type": "Aggregate","Strategy": "Hashed","Partial Mode": "Simple","Parent Relationship": "Outer","Parallel Aware": false,"Async Capable": false,"Startup Cost": 4514.26,"Total Cost": 4994.26,"Plan Rows": 10667,"Plan Width": 36,"Actual Startup Time": 398.650,"Actual Total Time": 479.180,"Actual Rows": 514,"Actual Loops": 1,"Group Key": ["partsupp.ps_partkey"],"Filter": "(sum((partsupp.ps_supplycost * (partsupp.ps_availqty)::numeric)) > $2)","Planned Partitions": 0,"HashAgg Batches": 1,"Peak Memory Usage": 17937,"Disk Usage": 0,"Rows Removed by Filter": 32385,"Plans": [{"Node Type": "Nested Loop","Parent Relationship": "Outer","Parallel Aware": false,"Async Capable": false,"Join Type": "Inner","Startup Cost": 7.81,"Total Cost": 4194.26,"Plan Rows": 32000,"Plan Width": 14,"Actual Startup Time": 0.368,"Actual Total Time": 210.024,"Actual Rows": 35040,"Actual Loops": 1,"Inner Unique": false,"Plans": [{"Node Type": "Nested Loop","Parent Relationship": "Outer","Parallel Aware": false,"Async Capable": false,"Join Type": "Inner","Startup Cost": 7.38,"Total Cost": 244.58,"Plan Rows": 400,"Plan Width": 4,"Actual Startup Time": 0.322,"Actual Total Time": 2.894,"Actual Rows": 438,"Actual Loops": 1,"Inner Unique": false,"Plans": [{"Node Type": "Seq Scan","Parent Relationship": "Outer","Parallel Aware": false,"Async Capable": false,"Relation Name": "nation","Alias": "nation","Startup Cost": 0.00,"Total Cost": 1.31,"Plan Rows": 1,"Plan Width": 4,"Actual Startup Time": 0.077,"Actual Total Time": 0.103,"Actual Rows": 1,"Actual Loops": 1,"Filter": "(n_name = 'IRAQ'::bpchar)","Rows Removed by Filter": 24},{"Node Type": "Bitmap Heap Scan","Parent Relationship": "Inner","Parallel Aware": false,"Async Capable": false,"Relation Name": "supplier","Alias": "supplier","Startup Cost": 7.38,"Total Cost": 239.27,"Plan Rows": 400,"Plan Width": 8,"Actual Startup Time": 0.239,"Actual Total Time": 2.735,"Actual Rows": 438,"Actual Loops": 1,"Recheck Cond": "(s_nationkey = nation.n_nationkey)","Rows Removed by Index Recheck": 0,"Exact Heap Blocks": 194,"Lossy Heap Blocks": 0,"Plans": [{"Node Type": "Bitmap Index Scan","Parent Relationship": "Outer","Parallel Aware": false,"Async Capable": false,"Index Name": "idx_supplier_nation_key","Startup Cost": 0.00,"Total Cost": 7.29,"Plan Rows": 400,"Plan Width": 0,"Actual Startup Time": 0.165,"Actual Total Time": 0.169,"Actual Rows": 438,"Actual Loops": 1,"Index Cond": "(s_nationkey = nation.n_nationkey)"}]}]},{"Node Type": "Index Scan","Parent Relationship": "Inner","Parallel Aware": false,"Async Capable": false,"Scan Direction": "Forward","Index Name": "idx_partsupp_suppkey","Relation Name": "partsupp","Alias": "partsupp","Startup Cost": 0.42,"Total Cost": 9.07,"Plan Rows": 80,"Plan Width": 18,"Actual Startup Time": 0.019,"Actual Total Time": 0.461,"Actual Rows": 80,"Actual Loops": 438,"Index Cond": "(ps_suppkey = supplier.s_suppkey)","Rows Removed by Index Recheck": 0}]}]}]},"Planning Time": 5.748,"Triggers": [],"Execution Time": 483.087}]
[{"Plan": {"Node Type": "Sort","Parallel Aware": false,"Async Capable": false,"Startup Cost": 10142.20,"Total Cost": 10168.87,"Plan Rows": 10667,"Plan Width": 36,"Actual Startup Time": 454.370,"Actual Total Time": 454.495,"Actual Rows": 925,"Actual Loops": 1,"Sort Key": ["(sum((partsupp.ps_supplycost * (partsupp.ps_availqty)::numeric))) DESC"],"Sort Method": "quicksort","Sort Space Used": 75,"Sort Space Type": "Memory","Plans": [{"Node Type": "Aggregate","Strategy": "Plain","Partial Mode": "Simple","Parent Relationship": "InitPlan","Subplan Name": "InitPlan 1 (returns $2)","Parallel Aware": false,"Async Capable": false,"Startup Cost": 4434.26,"Total Cost": 4434.27,"Plan Rows": 1,"Plan Width": 32,"Actual Startup Time": 135.908,"Actual Total Time": 135.923,"Actual Rows": 1,"Actual Loops": 1,"Plans": [{"Node Type": "Nested Loop","Parent Relationship": "Outer","Parallel Aware": false,"Async Capable": false,"Join Type": "Inner","Startup Cost": 7.81,"Total Cost": 4194.26,"Plan Rows": 32000,"Plan Width": 10,"Actual Startup Time": 0.237,"Actual Total Time": 128.564,"Actual Rows": 31840,"Actual Loops": 1,"Inner Unique": false,"Plans": [{"Node Type": "Nested Loop","Parent Relationship": "Outer","Parallel Aware": false,"Async Capable": false,"Join Type": "Inner","Startup Cost": 7.38,"Total Cost": 244.58,"Plan Rows": 400,"Plan Width": 4,"Actual Startup Time": 0.190,"Actual Total Time": 1.776,"Actual Rows": 398,"Actual Loops": 1,"Inner Unique": false,"Plans": [{"Node Type": "Seq Scan","Parent Relationship": "Outer","Parallel Aware": false,"Async Capable": false,"Relation Name": "nation","Alias": "nation_1","Startup Cost": 0.00,"Total Cost": 1.31,"Plan Rows": 1,"Plan Width": 4,"Actual Startup Time": 0.045,"Actual Total Time": 0.060,"Actual Rows": 1,"Actual Loops": 1,"Filter": "(n_name = 'ROMANIA'::bpchar)","Rows Removed by Filter": 24},{"Node Type": "Bitmap Heap Scan","Parent Relationship": "Inner","Parallel Aware": false,"Async Capable": false,"Relation Name": "supplier","Alias": "supplier_1","Startup Cost": 7.38,"Total Cost": 239.27,"Plan Rows": 400,"Plan Width": 8,"Actual Startup Time": 0.127,"Actual Total Time": 1.656,"Actual Rows": 398,"Actual Loops": 1,"Recheck Cond": "(s_nationkey = nation_1.n_nationkey)","Rows Removed by Index Recheck": 0,"Exact Heap Blocks": 186,"Lossy Heap Blocks": 0,"Plans": [{"Node Type": "Bitmap Index Scan","Parent Relationship": "Outer","Parallel Aware": false,"Async Capable": false,"Index Name": "idx_supplier_nation_key","Startup Cost": 0.00,"Total Cost": 7.29,"Plan Rows": 400,"Plan Width": 0,"Actual Startup Time": 0.081,"Actual Total Time": 0.084,"Actual Rows": 398,"Actual Loops": 1,"Index Cond": "(s_nationkey = nation_1.n_nationkey)"}]}]},{"Node Type": "Index Scan","Parent Relationship": "Inner","Parallel Aware": false,"Async Capable": false,"Scan Direction": "Forward","Index Name": "idx_partsupp_suppkey","Relation Name": "partsupp","Alias": "partsupp_1","Startup Cost": 0.42,"Total Cost": 9.07,"Plan Rows": 80,"Plan Width": 14,"Actual Startup Time": 0.015,"Actual Total Time": 0.306,"Actual Rows": 80,"Actual Loops": 398,"Index Cond": "(ps_suppkey = supplier_1.s_suppkey)","Rows Removed by Index Recheck": 0}]}]},{"Node Type": "Aggregate","Strategy": "Hashed","Partial Mode": "Simple","Parent Relationship": "Outer","Parallel Aware": false,"Async Capable": false,"Startup Cost": 4514.26,"Total Cost": 4994.26,"Plan Rows": 10667,"Plan Width": 36,"Actual Startup Time": 383.049,"Actual Total Time": 453.972,"Actual Rows": 925,"Actual Loops": 1,"Group Key": ["partsupp.ps_partkey"],"Filter": "(sum((partsupp.ps_supplycost * (partsupp.ps_availqty)::numeric)) > $2)","Planned Partitions": 0,"HashAgg Batches": 1,"Peak Memory Usage": 17937,"Disk Usage": 0,"Rows Removed by Filter": 29106,"Plans": [{"Node Type": "Nested Loop","Parent Relationship": "Outer","Parallel Aware": false,"Async Capable": false,"Join Type": "Inner","Startup Cost": 7.81,"Total Cost": 4194.26,"Plan Rows": 32000,"Plan Width": 14,"Actual Startup Time": 0.324,"Actual Total Time": 197.326,"Actual Rows": 31840,"Actual Loops": 1,"Inner Unique": false,"Plans": [{"Node Type": "Nested Loop","Parent Relationship": "Outer","Parallel Aware": false,"Async Capable": false,"Join Type": "Inner","Startup Cost": 7.38,"Total Cost": 244.58,"Plan Rows": 400,"Plan Width": 4,"Actual Startup Time": 0.245,"Actual Total Time": 2.763,"Actual Rows": 398,"Actual Loops": 1,"Inner Unique": false,"Plans": [{"Node Type": "Seq Scan","Parent Relationship": "Outer","Parallel Aware": false,"Async Capable": false,"Relation Name": "nation","Alias": "nation","Startup Cost": 0.00,"Total Cost": 1.31,"Plan Rows": 1,"Plan Width": 4,"Actual Startup Time": 0.070,"Actual Total Time": 0.094,"Actual Rows": 1,"Actual Loops": 1,"Filter": "(n_name = 'ROMANIA'::bpchar)","Rows Removed by Filter": 24},{"Node Type": "Bitmap Heap Scan","Parent Relationship": "Inner","Parallel Aware": false,"Async Capable": false,"Relation Name": "supplier","Alias": "supplier","Startup Cost": 7.38,"Total Cost": 239.27,"Plan Rows": 400,"Plan Width": 8,"Actual Startup Time": 0.167,"Actual Total Time": 2.613,"Actual Rows": 398,"Actual Loops": 1,"Recheck Cond": "(s_nationkey = nation.n_nationkey)","Rows Removed by Index Recheck": 0,"Exact Heap Blocks": 186,"Lossy Heap Blocks": 0,"Plans": [{"Node Type": "Bitmap Index Scan","Parent Relationship": "Outer","Parallel Aware": false,"Async Capable": false,"Index Name": "idx_supplier_nation_key","Startup Cost": 0.00,"Total Cost": 7.29,"Plan Rows": 400,"Plan Width": 0,"Actual Startup Time": 0.108,"Actual Total Time": 0.110,"Actual Rows": 398,"Actual Loops": 1,"Index Cond": "(s_nationkey = nation.n_nationkey)"}]}]},{"Node Type": "Index Scan","Parent Relationship": "Inner","Parallel Aware": false,"Async Capable": false,"Scan Direction": "Forward","Index Name": "idx_partsupp_suppkey","Relation Name": "partsupp","Alias": "partsupp","Startup Cost": 0.42,"Total Cost": 9.07,"Plan Rows": 80,"Plan Width": 18,"Actual Startup Time": 0.020,"Actual Total Time": 0.477,"Actual Rows": 80,"Actual Loops": 398,"Index Cond": "(ps_suppkey = supplier.s_suppkey)","Rows Removed by Index Recheck": 0}]}]}]},"Planning Time": 5.113,"Triggers": [],"Execution Time": 456.866}]
[{"Plan": {"Node Type": "Sort","Parallel Aware": false,"Async Capable": false,"Startup Cost": 10142.20,"Total Cost": 10168.87,"Plan Rows": 10667,"Plan Width": 36,"Actual Startup Time": 431.698,"Actual Total Time": 431.824,"Actual Rows": 911,"Actual Loops": 1,"Sort Key": ["(sum((partsupp.ps_supplycost * (partsupp.ps_availqty)::numeric))) DESC"],"Sort Method": "quicksort","Sort Space Used": 74,"Sort Space Type": "Memory","Plans": [{"Node Type": "Aggregate","Strategy": "Plain","Partial Mode": "Simple","Parent Relationship": "InitPlan","Subplan Name": "InitPlan 1 (returns $2)","Parallel Aware": false,"Async Capable": false,"Startup Cost": 4434.26,"Total Cost": 4434.27,"Plan Rows": 1,"Plan Width": 32,"Actual Startup Time": 129.087,"Actual Total Time": 129.106,"Actual Rows": 1,"Actual Loops": 1,"Plans": [{"Node Type": "Nested Loop","Parent Relationship": "Outer","Parallel Aware": false,"Async Capable": false,"Join Type": "Inner","Startup Cost": 7.81,"Total Cost": 4194.26,"Plan Rows": 32000,"Plan Width": 10,"Actual Startup Time": 0.210,"Actual Total Time": 121.870,"Actual Rows": 32160,"Actual Loops": 1,"Inner Unique": false,"Plans": [{"Node Type": "Nested Loop","Parent Relationship": "Outer","Parallel Aware": false,"Async Capable": false,"Join Type": "Inner","Startup Cost": 7.38,"Total Cost": 244.58,"Plan Rows": 400,"Plan Width": 4,"Actual Startup Time": 0.174,"Actual Total Time": 1.780,"Actual Rows": 402,"Actual Loops": 1,"Inner Unique": false,"Plans": [{"Node Type": "Seq Scan","Parent Relationship": "Outer","Parallel Aware": false,"Async Capable": false,"Relation Name": "nation","Alias": "nation_1","Startup Cost": 0.00,"Total Cost": 1.31,"Plan Rows": 1,"Plan Width": 4,"Actual Startup Time": 0.036,"Actual Total Time": 0.056,"Actual Rows": 1,"Actual Loops": 1,"Filter": "(n_name = 'FRANCE'::bpchar)","Rows Removed by Filter": 24},{"Node Type": "Bitmap Heap Scan","Parent Relationship": "Inner","Parallel Aware": false,"Async Capable": false,"Relation Name": "supplier","Alias": "supplier_1","Startup Cost": 7.38,"Total Cost": 239.27,"Plan Rows": 400,"Plan Width": 8,"Actual Startup Time": 0.119,"Actual Total Time": 1.663,"Actual Rows": 402,"Actual Loops": 1,"Recheck Cond": "(s_nationkey = nation_1.n_nationkey)","Rows Removed by Index Recheck": 0,"Exact Heap Blocks": 184,"Lossy Heap Blocks": 0,"Plans": [{"Node Type": "Bitmap Index Scan","Parent Relationship": "Outer","Parallel Aware": false,"Async Capable": false,"Index Name": "idx_supplier_nation_key","Startup Cost": 0.00,"Total Cost": 7.29,"Plan Rows": 400,"Plan Width": 0,"Actual Startup Time": 0.075,"Actual Total Time": 0.079,"Actual Rows": 402,"Actual Loops": 1,"Index Cond": "(s_nationkey = nation_1.n_nationkey)"}]}]},{"Node Type": "Index Scan","Parent Relationship": "Inner","Parallel Aware": false,"Async Capable": false,"Scan Direction": "Forward","Index Name": "idx_partsupp_suppkey","Relation Name": "partsupp","Alias": "partsupp_1","Startup Cost": 0.42,"Total Cost": 9.07,"Plan Rows": 80,"Plan Width": 14,"Actual Startup Time": 0.014,"Actual Total Time": 0.286,"Actual Rows": 80,"Actual Loops": 402,"Index Cond": "(ps_suppkey = supplier_1.s_suppkey)","Rows Removed by Index Recheck": 0}]}]},{"Node Type": "Aggregate","Strategy": "Hashed","Partial Mode": "Simple","Parent Relationship": "Outer","Parallel Aware": false,"Async Capable": false,"Startup Cost": 4514.26,"Total Cost": 4994.26,"Plan Rows": 10667,"Plan Width": 36,"Actual Startup Time": 359.069,"Actual Total Time": 431.218,"Actual Rows": 911,"Actual Loops": 1,"Group Key": ["partsupp.ps_partkey"],"Filter": "(sum((partsupp.ps_supplycost * (partsupp.ps_availqty)::numeric)) > $2)","Planned Partitions": 0,"HashAgg Batches": 1,"Peak Memory Usage": 17937,"Disk Usage": 0,"Rows Removed by Filter": 29336,"Plans": [{"Node Type": "Nested Loop","Parent Relationship": "Outer","Parallel Aware": false,"Async Capable": false,"Join Type": "Inner","Startup Cost": 7.81,"Total Cost": 4194.26,"Plan Rows": 32000,"Plan Width": 14,"Actual Startup Time": 0.330,"Actual Total Time": 187.860,"Actual Rows": 32160,"Actual Loops": 1,"Inner Unique": false,"Plans": [{"Node Type": "Nested Loop","Parent Relationship": "Outer","Parallel Aware": false,"Async Capable": false,"Join Type": "Inner","Startup Cost": 7.38,"Total Cost": 244.58,"Plan Rows": 400,"Plan Width": 4,"Actual Startup Time": 0.249,"Actual Total Time": 2.513,"Actual Rows": 402,"Actual Loops": 1,"Inner Unique": false,"Plans": [{"Node Type": "Seq Scan","Parent Relationship": "Outer","Parallel Aware": false,"Async Capable": false,"Relation Name": "nation","Alias": "nation","Startup Cost": 0.00,"Total Cost": 1.31,"Plan Rows": 1,"Plan Width": 4,"Actual Startup Time": 0.077,"Actual Total Time": 0.097,"Actual Rows": 1,"Actual Loops": 1,"Filter": "(n_name = 'FRANCE'::bpchar)","Rows Removed by Filter": 24},{"Node Type": "Bitmap Heap Scan","Parent Relationship": "Inner","Parallel Aware": false,"Async Capable": false,"Relation Name": "supplier","Alias": "supplier","Startup Cost": 7.38,"Total Cost": 239.27,"Plan Rows": 400,"Plan Width": 8,"Actual Startup Time": 0.163,"Actual Total Time": 2.362,"Actual Rows": 402,"Actual Loops": 1,"Recheck Cond": "(s_nationkey = nation.n_nationkey)","Rows Removed by Index Recheck": 0,"Exact Heap Blocks": 184,"Lossy Heap Blocks": 0,"Plans": [{"Node Type": "Bitmap Index Scan","Parent Relationship": "Outer","Parallel Aware": false,"Async Capable": false,"Index Name": "idx_supplier_nation_key","Startup Cost": 0.00,"Total Cost": 7.29,"Plan Rows": 400,"Plan Width": 0,"Actual Startup Time": 0.112,"Actual Total Time": 0.113,"Actual Rows": 402,"Actual Loops": 1,"Index Cond": "(s_nationkey = nation.n_nationkey)"}]}]},{"Node Type": "Index Scan","Parent Relationship": "Inner","Parallel Aware": false,"Async Capable": false,"Scan Direction": "Forward","Index Name": "idx_partsupp_suppkey","Relation Name": "partsupp","Alias": "partsupp","Startup Cost": 0.42,"Total Cost": 9.07,"Plan Rows": 80,"Plan Width": 18,"Actual Startup Time": 0.018,"Actual Total Time": 0.449,"Actual Rows": 80,"Actual Loops": 402,"Index Cond": "(ps_suppkey = supplier.s_suppkey)","Rows Removed by Index Recheck": 0}]}]}]},"Planning Time": 7.171,"Triggers": [],"Execution Time": 434.998}]
[{"Plan": {"Node Type": "Sort","Parallel Aware": false,"Async Capable": false,"Startup Cost": 10142.20,"Total Cost": 10168.87,"Plan Rows": 10667,"Plan Width": 36,"Actual Startup Time": 427.262,"Actual Total Time": 427.423,"Actual Rows": 1241,"Actual Loops": 1,"Sort Key": ["(sum((partsupp.ps_supplycost * (partsupp.ps_availqty)::numeric))) DESC"],"Sort Method": "quicksort","Sort Space Used": 116,"Sort Space Type": "Memory","Plans": [{"Node Type": "Aggregate","Strategy": "Plain","Partial Mode": "Simple","Parent Relationship": "InitPlan","Subplan Name": "InitPlan 1 (returns $2)","Parallel Aware": false,"Async Capable": false,"Startup Cost": 4434.26,"Total Cost": 4434.27,"Plan Rows": 1,"Plan Width": 32,"Actual Startup Time": 127.406,"Actual Total Time": 127.426,"Actual Rows": 1,"Actual Loops": 1,"Plans": [{"Node Type": "Nested Loop","Parent Relationship": "Outer","Parallel Aware": false,"Async Capable": false,"Join Type": "Inner","Startup Cost": 7.81,"Total Cost": 4194.26,"Plan Rows": 32000,"Plan Width": 10,"Actual Startup Time": 0.226,"Actual Total Time": 120.281,"Actual Rows": 30400,"Actual Loops": 1,"Inner Unique": false,"Plans": [{"Node Type": "Nested Loop","Parent Relationship": "Outer","Parallel Aware": false,"Async Capable": false,"Join Type": "Inner","Startup Cost": 7.38,"Total Cost": 244.58,"Plan Rows": 400,"Plan Width": 4,"Actual Startup Time": 0.174,"Actual Total Time": 1.741,"Actual Rows": 380,"Actual Loops": 1,"Inner Unique": false,"Plans": [{"Node Type": "Seq Scan","Parent Relationship": "Outer","Parallel Aware": false,"Async Capable": false,"Relation Name": "nation","Alias": "nation_1","Startup Cost": 0.00,"Total Cost": 1.31,"Plan Rows": 1,"Plan Width": 4,"Actual Startup Time": 0.028,"Actual Total Time": 0.042,"Actual Rows": 1,"Actual Loops": 1,"Filter": "(n_name = 'ETHIOPIA'::bpchar)","Rows Removed by Filter": 24},{"Node Type": "Bitmap Heap Scan","Parent Relationship": "Inner","Parallel Aware": false,"Async Capable": false,"Relation Name": "supplier","Alias": "supplier_1","Startup Cost": 7.38,"Total Cost": 239.27,"Plan Rows": 400,"Plan Width": 8,"Actual Startup Time": 0.130,"Actual Total Time": 1.641,"Actual Rows": 380,"Actual Loops": 1,"Recheck Cond": "(s_nationkey = nation_1.n_nationkey)","Rows Removed by Index Recheck": 0,"Exact Heap Blocks": 192,"Lossy Heap Blocks": 0,"Plans": [{"Node Type": "Bitmap Index Scan","Parent Relationship": "Outer","Parallel Aware": false,"Async Capable": false,"Index Name": "idx_supplier_nation_key","Startup Cost": 0.00,"Total Cost": 7.29,"Plan Rows": 400,"Plan Width": 0,"Actual Startup Time": 0.089,"Actual Total Time": 0.091,"Actual Rows": 380,"Actual Loops": 1,"Index Cond": "(s_nationkey = nation_1.n_nationkey)"}]}]},{"Node Type": "Index Scan","Parent Relationship": "Inner","Parallel Aware": false,"Async Capable": false,"Scan Direction": "Forward","Index Name": "idx_partsupp_suppkey","Relation Name": "partsupp","Alias": "partsupp_1","Startup Cost": 0.42,"Total Cost": 9.07,"Plan Rows": 80,"Plan Width": 14,"Actual Startup Time": 0.015,"Actual Total Time": 0.299,"Actual Rows": 80,"Actual Loops": 380,"Index Cond": "(ps_suppkey = supplier_1.s_suppkey)","Rows Removed by Index Recheck": 0}]}]},{"Node Type": "Aggregate","Strategy": "Hashed","Partial Mode": "Simple","Parent Relationship": "Outer","Parallel Aware": false,"Async Capable": false,"Startup Cost": 4514.26,"Total Cost": 4994.26,"Plan Rows": 10667,"Plan Width": 36,"Actual Startup Time": 359.706,"Actual Total Time": 426.732,"Actual Rows": 1241,"Actual Loops": 1,"Group Key": ["partsupp.ps_partkey"],"Filter": "(sum((partsupp.ps_supplycost * (partsupp.ps_availqty)::numeric)) > $2)","Planned Partitions": 0,"HashAgg Batches": 1,"Peak Memory Usage": 17937,"Disk Usage": 0,"Rows Removed by Filter": 27374,"Plans": [{"Node Type": "Nested Loop","Parent Relationship": "Outer","Parallel Aware": false,"Async Capable": false,"Join Type": "Inner","Startup Cost": 7.81,"Total Cost": 4194.26,"Plan Rows": 32000,"Plan Width": 14,"Actual Startup Time": 0.377,"Actual Total Time": 187.744,"Actual Rows": 30400,"Actual Loops": 1,"Inner Unique": false,"Plans": [{"Node Type": "Nested Loop","Parent Relationship": "Outer","Parallel Aware": false,"Async Capable": false,"Join Type": "Inner","Startup Cost": 7.38,"Total Cost": 244.58,"Plan Rows": 400,"Plan Width": 4,"Actual Startup Time": 0.305,"Actual Total Time": 2.864,"Actual Rows": 380,"Actual Loops": 1,"Inner Unique": false,"Plans": [{"Node Type": "Seq Scan","Parent Relationship": "Outer","Parallel Aware": false,"Async Capable": false,"Relation Name": "nation","Alias": "nation","Startup Cost": 0.00,"Total Cost": 1.31,"Plan Rows": 1,"Plan Width": 4,"Actual Startup Time": 0.073,"Actual Total Time": 0.091,"Actual Rows": 1,"Actual Loops": 1,"Filter": "(n_name = 'ETHIOPIA'::bpchar)","Rows Removed by Filter": 24},{"Node Type": "Bitmap Heap Scan","Parent Relationship": "Inner","Parallel Aware": false,"Async Capable": false,"Relation Name": "supplier","Alias": "supplier","Startup Cost": 7.38,"Total Cost": 239.27,"Plan Rows": 400,"Plan Width": 8,"Actual Startup Time": 0.228,"Actual Total Time": 2.728,"Actual Rows": 380,"Actual Loops": 1,"Recheck Cond": "(s_nationkey = nation.n_nationkey)","Rows Removed by Index Recheck": 0,"Exact Heap Blocks": 192,"Lossy Heap Blocks": 0,"Plans": [{"Node Type": "Bitmap Index Scan","Parent Relationship": "Outer","Parallel Aware": false,"Async Capable": false,"Index Name": "idx_supplier_nation_key","Startup Cost": 0.00,"Total Cost": 7.29,"Plan Rows": 400,"Plan Width": 0,"Actual Startup Time": 0.146,"Actual Total Time": 0.146,"Actual Rows": 380,"Actual Loops": 1,"Index Cond": "(s_nationkey = nation.n_nationkey)"}]}]},{"Node Type": "Index Scan","Parent Relationship": "Inner","Parallel Aware": false,"Async Capable": false,"Scan Direction": "Forward","Index Name": "idx_partsupp_suppkey","Relation Name": "partsupp","Alias": "partsupp","Startup Cost": 0.42,"Total Cost": 9.07,"Plan Rows": 80,"Plan Width": 18,"Actual Startup Time": 0.020,"Actual Total Time": 0.475,"Actual Rows": 80,"Actual Loops": 380,"Index Cond": "(ps_suppkey = supplier.s_suppkey)","Rows Removed by Index Recheck": 0}]}]}]},"Planning Time": 7.180,"Triggers": [],"Execution Time": 429.797}]
[{"Plan": {"Node Type": "Sort","Parallel Aware": false,"Async Capable": false,"Startup Cost": 10142.20,"Total Cost": 10168.87,"Plan Rows": 10667,"Plan Width": 36,"Actual Startup Time": 444.263,"Actual Total Time": 444.393,"Actual Rows": 839,"Actual Loops": 1,"Sort Key": ["(sum((partsupp.ps_supplycost * (partsupp.ps_availqty)::numeric))) DESC"],"Sort Method": "quicksort","Sort Space Used": 70,"Sort Space Type": "Memory","Plans": [{"Node Type": "Aggregate","Strategy": "Plain","Partial Mode": "Simple","Parent Relationship": "InitPlan","Subplan Name": "InitPlan 1 (returns $2)","Parallel Aware": false,"Async Capable": false,"Startup Cost": 4434.26,"Total Cost": 4434.27,"Plan Rows": 1,"Plan Width": 32,"Actual Startup Time": 130.704,"Actual Total Time": 130.725,"Actual Rows": 1,"Actual Loops": 1,"Plans": [{"Node Type": "Nested Loop","Parent Relationship": "Outer","Parallel Aware": false,"Async Capable": false,"Join Type": "Inner","Startup Cost": 7.81,"Total Cost": 4194.26,"Plan Rows": 32000,"Plan Width": 10,"Actual Startup Time": 0.144,"Actual Total Time": 123.234,"Actual Rows": 32880,"Actual Loops": 1,"Inner Unique": false,"Plans": [{"Node Type": "Nested Loop","Parent Relationship": "Outer","Parallel Aware": false,"Async Capable": false,"Join Type": "Inner","Startup Cost": 7.38,"Total Cost": 244.58,"Plan Rows": 400,"Plan Width": 4,"Actual Startup Time": 0.115,"Actual Total Time": 1.739,"Actual Rows": 411,"Actual Loops": 1,"Inner Unique": false,"Plans": [{"Node Type": "Seq Scan","Parent Relationship": "Outer","Parallel Aware": false,"Async Capable": false,"Relation Name": "nation","Alias": "nation_1","Startup Cost": 0.00,"Total Cost": 1.31,"Plan Rows": 1,"Plan Width": 4,"Actual Startup Time": 0.024,"Actual Total Time": 0.046,"Actual Rows": 1,"Actual Loops": 1,"Filter": "(n_name = 'SAUDI ARABIA'::bpchar)","Rows Removed by Filter": 24},{"Node Type": "Bitmap Heap Scan","Parent Relationship": "Inner","Parallel Aware": false,"Async Capable": false,"Relation Name": "supplier","Alias": "supplier_1","Startup Cost": 7.38,"Total Cost": 239.27,"Plan Rows": 400,"Plan Width": 8,"Actual Startup Time": 0.082,"Actual Total Time": 1.642,"Actual Rows": 411,"Actual Loops": 1,"Recheck Cond": "(s_nationkey = nation_1.n_nationkey)","Rows Removed by Index Recheck": 0,"Exact Heap Blocks": 182,"Lossy Heap Blocks": 0,"Plans": [{"Node Type": "Bitmap Index Scan","Parent Relationship": "Outer","Parallel Aware": false,"Async Capable": false,"Index Name": "idx_supplier_nation_key","Startup Cost": 0.00,"Total Cost": 7.29,"Plan Rows": 400,"Plan Width": 0,"Actual Startup Time": 0.049,"Actual Total Time": 0.055,"Actual Rows": 411,"Actual Loops": 1,"Index Cond": "(s_nationkey = nation_1.n_nationkey)"}]}]},{"Node Type": "Index Scan","Parent Relationship": "Inner","Parallel Aware": false,"Async Capable": false,"Scan Direction": "Forward","Index Name": "idx_partsupp_suppkey","Relation Name": "partsupp","Alias": "partsupp_1","Startup Cost": 0.42,"Total Cost": 9.07,"Plan Rows": 80,"Plan Width": 14,"Actual Startup Time": 0.014,"Actual Total Time": 0.283,"Actual Rows": 80,"Actual Loops": 411,"Index Cond": "(ps_suppkey = supplier_1.s_suppkey)","Rows Removed by Index Recheck": 0}]}]},{"Node Type": "Aggregate","Strategy": "Hashed","Partial Mode": "Simple","Parent Relationship": "Outer","Parallel Aware": false,"Async Capable": false,"Startup Cost": 4514.26,"Total Cost": 4994.26,"Plan Rows": 10667,"Plan Width": 36,"Actual Startup Time": 370.866,"Actual Total Time": 443.841,"Actual Rows": 839,"Actual Loops": 1,"Group Key": ["partsupp.ps_partkey"],"Filter": "(sum((partsupp.ps_supplycost * (partsupp.ps_availqty)::numeric)) > $2)","Planned Partitions": 0,"HashAgg Batches": 1,"Peak Memory Usage": 17937,"Disk Usage": 0,"Rows Removed by Filter": 30007,"Plans": [{"Node Type": "Nested Loop","Parent Relationship": "Outer","Parallel Aware": false,"Async Capable": false,"Join Type": "Inner","Startup Cost": 7.81,"Total Cost": 4194.26,"Plan Rows": 32000,"Plan Width": 14,"Actual Startup Time": 0.339,"Actual Total Time": 197.388,"Actual Rows": 32880,"Actual Loops": 1,"Inner Unique": false,"Plans": [{"Node Type": "Nested Loop","Parent Relationship": "Outer","Parallel Aware": false,"Async Capable": false,"Join Type": "Inner","Startup Cost": 7.38,"Total Cost": 244.58,"Plan Rows": 400,"Plan Width": 4,"Actual Startup Time": 0.236,"Actual Total Time": 2.786,"Actual Rows": 411,"Actual Loops": 1,"Inner Unique": false,"Plans": [{"Node Type": "Seq Scan","Parent Relationship": "Outer","Parallel Aware": false,"Async Capable": false,"Relation Name": "nation","Alias": "nation","Startup Cost": 0.00,"Total Cost": 1.31,"Plan Rows": 1,"Plan Width": 4,"Actual Startup Time": 0.067,"Actual Total Time": 0.078,"Actual Rows": 1,"Actual Loops": 1,"Filter": "(n_name = 'SAUDI ARABIA'::bpchar)","Rows Removed by Filter": 24},{"Node Type": "Bitmap Heap Scan","Parent Relationship": "Inner","Parallel Aware": false,"Async Capable": false,"Relation Name": "supplier","Alias": "supplier","Startup Cost": 7.38,"Total Cost": 239.27,"Plan Rows": 400,"Plan Width": 8,"Actual Startup Time": 0.164,"Actual Total Time": 2.651,"Actual Rows": 411,"Actual Loops": 1,"Recheck Cond": "(s_nationkey = nation.n_nationkey)","Rows Removed by Index Recheck": 0,"Exact Heap Blocks": 182,"Lossy Heap Blocks": 0,"Plans": [{"Node Type": "Bitmap Index Scan","Parent Relationship": "Outer","Parallel Aware": false,"Async Capable": false,"Index Name": "idx_supplier_nation_key","Startup Cost": 0.00,"Total Cost": 7.29,"Plan Rows": 400,"Plan Width": 0,"Actual Startup Time": 0.119,"Actual Total Time": 0.120,"Actual Rows": 411,"Actual Loops": 1,"Index Cond": "(s_nationkey = nation.n_nationkey)"}]}]},{"Node Type": "Index Scan","Parent Relationship": "Inner","Parallel Aware": false,"Async Capable": false,"Scan Direction": "Forward","Index Name": "idx_partsupp_suppkey","Relation Name": "partsupp","Alias": "partsupp","Startup Cost": 0.42,"Total Cost": 9.07,"Plan Rows": 80,"Plan Width": 18,"Actual Startup Time": 0.019,"Actual Total Time": 0.462,"Actual Rows": 80,"Actual Loops": 411,"Index Cond": "(ps_suppkey = supplier.s_suppkey)","Rows Removed by Index Recheck": 0}]}]}]},"Planning Time": 5.661,"Triggers": [],"Execution Time": 447.485}]
[{"Plan": {"Node Type": "Sort","Parallel Aware": false,"Async Capable": false,"Startup Cost": 10142.20,"Total Cost": 10168.87,"Plan Rows": 10667,"Plan Width": 36,"Actual Startup Time": 400.788,"Actual Total Time": 400.942,"Actual Rows": 1469,"Actual Loops": 1,"Sort Key": ["(sum((partsupp.ps_supplycost * (partsupp.ps_availqty)::numeric))) DESC"],"Sort Method": "quicksort","Sort Space Used": 129,"Sort Space Type": "Memory","Plans": [{"Node Type": "Aggregate","Strategy": "Plain","Partial Mode": "Simple","Parent Relationship": "InitPlan","Subplan Name": "InitPlan 1 (returns $2)","Parallel Aware": false,"Async Capable": false,"Startup Cost": 4434.26,"Total Cost": 4434.27,"Plan Rows": 1,"Plan Width": 32,"Actual Startup Time": 117.250,"Actual Total Time": 117.272,"Actual Rows": 1,"Actual Loops": 1,"Plans": [{"Node Type": "Nested Loop","Parent Relationship": "Outer","Parallel Aware": false,"Async Capable": false,"Join Type": "Inner","Startup Cost": 7.81,"Total Cost": 4194.26,"Plan Rows": 32000,"Plan Width": 10,"Actual Startup Time": 0.216,"Actual Total Time": 110.575,"Actual Rows": 28960,"Actual Loops": 1,"Inner Unique": false,"Plans": [{"Node Type": "Nested Loop","Parent Relationship": "Outer","Parallel Aware": false,"Async Capable": false,"Join Type": "Inner","Startup Cost": 7.38,"Total Cost": 244.58,"Plan Rows": 400,"Plan Width": 4,"Actual Startup Time": 0.161,"Actual Total Time": 1.515,"Actual Rows": 362,"Actual Loops": 1,"Inner Unique": false,"Plans": [{"Node Type": "Seq Scan","Parent Relationship": "Outer","Parallel Aware": false,"Async Capable": false,"Relation Name": "nation","Alias": "nation_1","Startup Cost": 0.00,"Total Cost": 1.31,"Plan Rows": 1,"Plan Width": 4,"Actual Startup Time": 0.032,"Actual Total Time": 0.051,"Actual Rows": 1,"Actual Loops": 1,"Filter": "(n_name = 'JORDAN'::bpchar)","Rows Removed by Filter": 24},{"Node Type": "Bitmap Heap Scan","Parent Relationship": "Inner","Parallel Aware": false,"Async Capable": false,"Relation Name": "supplier","Alias": "supplier_1","Startup Cost": 7.38,"Total Cost": 239.27,"Plan Rows": 400,"Plan Width": 8,"Actual Startup Time": 0.117,"Actual Total Time": 1.415,"Actual Rows": 362,"Actual Loops": 1,"Recheck Cond": "(s_nationkey = nation_1.n_nationkey)","Rows Removed by Index Recheck": 0,"Exact Heap Blocks": 166,"Lossy Heap Blocks": 0,"Plans": [{"Node Type": "Bitmap Index Scan","Parent Relationship": "Outer","Parallel Aware": false,"Async Capable": false,"Index Name": "idx_supplier_nation_key","Startup Cost": 0.00,"Total Cost": 7.29,"Plan Rows": 400,"Plan Width": 0,"Actual Startup Time": 0.075,"Actual Total Time": 0.079,"Actual Rows": 362,"Actual Loops": 1,"Index Cond": "(s_nationkey = nation_1.n_nationkey)"}]}]},{"Node Type": "Index Scan","Parent Relationship": "Inner","Parallel Aware": false,"Async Capable": false,"Scan Direction": "Forward","Index Name": "idx_partsupp_suppkey","Relation Name": "partsupp","Alias": "partsupp_1","Startup Cost": 0.42,"Total Cost": 9.07,"Plan Rows": 80,"Plan Width": 14,"Actual Startup Time": 0.014,"Actual Total Time": 0.289,"Actual Rows": 80,"Actual Loops": 362,"Index Cond": "(ps_suppkey = supplier_1.s_suppkey)","Rows Removed by Index Recheck": 0}]}]},{"Node Type": "Aggregate","Strategy": "Hashed","Partial Mode": "Simple","Parent Relationship": "Outer","Parallel Aware": false,"Async Capable": false,"Startup Cost": 4514.26,"Total Cost": 4994.26,"Plan Rows": 10667,"Plan Width": 36,"Actual Startup Time": 338.606,"Actual Total Time": 400.138,"Actual Rows": 1469,"Actual Loops": 1,"Group Key": ["partsupp.ps_partkey"],"Filter": "(sum((partsupp.ps_supplycost * (partsupp.ps_availqty)::numeric)) > $2)","Planned Partitions": 0,"HashAgg Batches": 1,"Peak Memory Usage": 17937,"Disk Usage": 0,"Rows Removed by Filter": 25896,"Plans": [{"Node Type": "Nested Loop","Parent Relationship": "Outer","Parallel Aware": false,"Async Capable": false,"Join Type": "Inner","Startup Cost": 7.81,"Total Cost": 4194.26,"Plan Rows": 32000,"Plan Width": 14,"Actual Startup Time": 0.314,"Actual Total Time": 181.118,"Actual Rows": 28960,"Actual Loops": 1,"Inner Unique": false,"Plans": [{"Node Type": "Nested Loop","Parent Relationship": "Outer","Parallel Aware": false,"Async Capable": false,"Join Type": "Inner","Startup Cost": 7.38,"Total Cost": 244.58,"Plan Rows": 400,"Plan Width": 4,"Actual Startup Time": 0.258,"Actual Total Time": 2.692,"Actual Rows": 362,"Actual Loops": 1,"Inner Unique": false,"Plans": [{"Node Type": "Seq Scan","Parent Relationship": "Outer","Parallel Aware": false,"Async Capable": false,"Relation Name": "nation","Alias": "nation","Startup Cost": 0.00,"Total Cost": 1.31,"Plan Rows": 1,"Plan Width": 4,"Actual Startup Time": 0.077,"Actual Total Time": 0.107,"Actual Rows": 1,"Actual Loops": 1,"Filter": "(n_name = 'JORDAN'::bpchar)","Rows Removed by Filter": 24},{"Node Type": "Bitmap Heap Scan","Parent Relationship": "Inner","Parallel Aware": false,"Async Capable": false,"Relation Name": "supplier","Alias": "supplier","Startup Cost": 7.38,"Total Cost": 239.27,"Plan Rows": 400,"Plan Width": 8,"Actual Startup Time": 0.172,"Actual Total Time": 2.539,"Actual Rows": 362,"Actual Loops": 1,"Recheck Cond": "(s_nationkey = nation.n_nationkey)","Rows Removed by Index Recheck": 0,"Exact Heap Blocks": 166,"Lossy Heap Blocks": 0,"Plans": [{"Node Type": "Bitmap Index Scan","Parent Relationship": "Outer","Parallel Aware": false,"Async Capable": false,"Index Name": "idx_supplier_nation_key","Startup Cost": 0.00,"Total Cost": 7.29,"Plan Rows": 400,"Plan Width": 0,"Actual Startup Time": 0.117,"Actual Total Time": 0.118,"Actual Rows": 362,"Actual Loops": 1,"Index Cond": "(s_nationkey = nation.n_nationkey)"}]}]},{"Node Type": "Index Scan","Parent Relationship": "Inner","Parallel Aware": false,"Async Capable": false,"Scan Direction": "Forward","Index Name": "idx_partsupp_suppkey","Relation Name": "partsupp","Alias": "partsupp","Startup Cost": 0.42,"Total Cost": 9.07,"Plan Rows": 80,"Plan Width": 18,"Actual Startup Time": 0.019,"Actual Total Time": 0.481,"Actual Rows": 80,"Actual Loops": 362,"Index Cond": "(ps_suppkey = supplier.s_suppkey)","Rows Removed by Index Recheck": 0}]}]}]},"Planning Time": 6.843,"Triggers": [],"Execution Time": 403.999}]
[{"Plan": {"Node Type": "Sort","Parallel Aware": false,"Async Capable": false,"Startup Cost": 10142.20,"Total Cost": 10168.87,"Plan Rows": 10667,"Plan Width": 36,"Actual Startup Time": 431.698,"Actual Total Time": 431.824,"Actual Rows": 911,"Actual Loops": 1,"Sort Key": ["(sum((partsupp.ps_supplycost * (partsupp.ps_availqty)::numeric))) DESC"],"Sort Method": "quicksort","Sort Space Used": 74,"Sort Space Type": "Memory","Plans": [{"Node Type": "Aggregate","Strategy": "Plain","Partial Mode": "Simple","Parent Relationship": "InitPlan","Subplan Name": "InitPlan 1 (returns $2)","Parallel Aware": false,"Async Capable": false,"Startup Cost": 4434.26,"Total Cost": 4434.27,"Plan Rows": 1,"Plan Width": 32,"Actual Startup Time": 129.087,"Actual Total Time": 129.106,"Actual Rows": 1,"Actual Loops": 1,"Plans": [{"Node Type": "Nested Loop","Parent Relationship": "Outer","Parallel Aware": false,"Async Capable": false,"Join Type": "Inner","Startup Cost": 7.81,"Total Cost": 4194.26,"Plan Rows": 32000,"Plan Width": 10,"Actual Startup Time": 0.210,"Actual Total Time": 121.870,"Actual Rows": 32160,"Actual Loops": 1,"Inner Unique": false,"Plans": [{"Node Type": "Nested Loop","Parent Relationship": "Outer","Parallel Aware": false,"Async Capable": false,"Join Type": "Inner","Startup Cost": 7.38,"Total Cost": 244.58,"Plan Rows": 400,"Plan Width": 4,"Actual Startup Time": 0.174,"Actual Total Time": 1.780,"Actual Rows": 402,"Actual Loops": 1,"Inner Unique": false,"Plans": [{"Node Type": "Seq Scan","Parent Relationship": "Outer","Parallel Aware": false,"Async Capable": false,"Relation Name": "nation","Alias": "nation_1","Startup Cost": 0.00,"Total Cost": 1.31,"Plan Rows": 1,"Plan Width": 4,"Actual Startup Time": 0.036,"Actual Total Time": 0.056,"Actual Rows": 1,"Actual Loops": 1,"Filter": "(n_name = 'FRANCE'::bpchar)","Rows Removed by Filter": 24},{"Node Type": "Bitmap Heap Scan","Parent Relationship": "Inner","Parallel Aware": false,"Async Capable": false,"Relation Name": "supplier","Alias": "supplier_1","Startup Cost": 7.38,"Total Cost": 239.27,"Plan Rows": 400,"Plan Width": 8,"Actual Startup Time": 0.119,"Actual Total Time": 1.663,"Actual Rows": 402,"Actual Loops": 1,"Recheck Cond": "(s_nationkey = nation_1.n_nationkey)","Rows Removed by Index Recheck": 0,"Exact Heap Blocks": 184,"Lossy Heap Blocks": 0,"Plans": [{"Node Type": "Bitmap Index Scan","Parent Relationship": "Outer","Parallel Aware": false,"Async Capable": false,"Index Name": "idx_supplier_nation_key","Startup Cost": 0.00,"Total Cost": 7.29,"Plan Rows": 400,"Plan Width": 0,"Actual Startup Time": 0.075,"Actual Total Time": 0.079,"Actual Rows": 402,"Actual Loops": 1,"Index Cond": "(s_nationkey = nation_1.n_nationkey)"}]}]},{"Node Type": "Index Scan","Parent Relationship": "Inner","Parallel Aware": false,"Async Capable": false,"Scan Direction": "Forward","Index Name": "idx_partsupp_suppkey","Relation Name": "partsupp","Alias": "partsupp_1","Startup Cost": 0.42,"Total Cost": 9.07,"Plan Rows": 80,"Plan Width": 14,"Actual Startup Time": 0.014,"Actual Total Time": 0.286,"Actual Rows": 80,"Actual Loops": 402,"Index Cond": "(ps_suppkey = supplier_1.s_suppkey)","Rows Removed by Index Recheck": 0}]}]},{"Node Type": "Aggregate","Strategy": "Hashed","Partial Mode": "Simple","Parent Relationship": "Outer","Parallel Aware": false,"Async Capable": false,"Startup Cost": 4514.26,"Total Cost": 4994.26,"Plan Rows": 10667,"Plan Width": 36,"Actual Startup Time": 359.069,"Actual Total Time": 431.218,"Actual Rows": 911,"Actual Loops": 1,"Group Key": ["partsupp.ps_partkey"],"Filter": "(sum((partsupp.ps_supplycost * (partsupp.ps_availqty)::numeric)) > $2)","Planned Partitions": 0,"HashAgg Batches": 1,"Peak Memory Usage": 17937,"Disk Usage": 0,"Rows Removed by Filter": 29336,"Plans": [{"Node Type": "Nested Loop","Parent Relationship": "Outer","Parallel Aware": false,"Async Capable": false,"Join Type": "Inner","Startup Cost": 7.81,"Total Cost": 4194.26,"Plan Rows": 32000,"Plan Width": 14,"Actual Startup Time": 0.330,"Actual Total Time": 187.860,"Actual Rows": 32160,"Actual Loops": 1,"Inner Unique": false,"Plans": [{"Node Type": "Nested Loop","Parent Relationship": "Outer","Parallel Aware": false,"Async Capable": false,"Join Type": "Inner","Startup Cost": 7.38,"Total Cost": 244.58,"Plan Rows": 400,"Plan Width": 4,"Actual Startup Time": 0.249,"Actual Total Time": 2.513,"Actual Rows": 402,"Actual Loops": 1,"Inner Unique": false,"Plans": [{"Node Type": "Seq Scan","Parent Relationship": "Outer","Parallel Aware": false,"Async Capable": false,"Relation Name": "nation","Alias": "nation","Startup Cost": 0.00,"Total Cost": 1.31,"Plan Rows": 1,"Plan Width": 4,"Actual Startup Time": 0.077,"Actual Total Time": 0.097,"Actual Rows": 1,"Actual Loops": 1,"Filter": "(n_name = 'FRANCE'::bpchar)","Rows Removed by Filter": 24},{"Node Type": "Bitmap Heap Scan","Parent Relationship": "Inner","Parallel Aware": false,"Async Capable": false,"Relation Name": "supplier","Alias": "supplier","Startup Cost": 7.38,"Total Cost": 239.27,"Plan Rows": 400,"Plan Width": 8,"Actual Startup Time": 0.163,"Actual Total Time": 2.362,"Actual Rows": 402,"Actual Loops": 1,"Recheck Cond": "(s_nationkey = nation.n_nationkey)","Rows Removed by Index Recheck": 0,"Exact Heap Blocks": 184,"Lossy Heap Blocks": 0,"Plans": [{"Node Type": "Bitmap Index Scan","Parent Relationship": "Outer","Parallel Aware": false,"Async Capable": false,"Index Name": "idx_supplier_nation_key","Startup Cost": 0.00,"Total Cost": 7.29,"Plan Rows": 400,"Plan Width": 0,"Actual Startup Time": 0.112,"Actual Total Time": 0.113,"Actual Rows": 402,"Actual Loops": 1,"Index Cond": "(s_nationkey = nation.n_nationkey)"}]}]},{"Node Type": "Index Scan","Parent Relationship": "Inner","Parallel Aware": false,"Async Capable": false,"Scan Direction": "Forward","Index Name": "idx_partsupp_suppkey","Relation Name": "partsupp","Alias": "partsupp","Startup Cost": 0.42,"Total Cost": 9.07,"Plan Rows": 80,"Plan Width": 18,"Actual Startup Time": 0.018,"Actual Total Time": 0.449,"Actual Rows": 80,"Actual Loops": 402,"Index Cond": "(ps_suppkey = supplier.s_suppkey)","Rows Removed by Index Recheck": 0}]}]}]},"Planning Time": 7.171,"Triggers": [],"Execution Time": 434.998}]
[{"Plan": {"Node Type": "Sort","Parallel Aware": false,"Async Capable": false,"Startup Cost": 10142.20,"Total Cost": 10168.87,"Plan Rows": 10667,"Plan Width": 36,"Actual Startup Time": 464.748,"Actual Total Time": 464.880,"Actual Rows": 665,"Actual Loops": 1,"Sort Key": ["(sum((partsupp.ps_supplycost * (partsupp.ps_availqty)::numeric))) DESC"],"Sort Method": "quicksort","Sort Space Used": 61,"Sort Space Type": "Memory","Plans": [{"Node Type": "Aggregate","Strategy": "Plain","Partial Mode": "Simple","Parent Relationship": "InitPlan","Subplan Name": "InitPlan 1 (returns $2)","Parallel Aware": false,"Async Capable": false,"Startup Cost": 4434.26,"Total Cost": 4434.27,"Plan Rows": 1,"Plan Width": 32,"Actual Startup Time": 134.444,"Actual Total Time": 134.478,"Actual Rows": 1,"Actual Loops": 1,"Plans": [{"Node Type": "Nested Loop","Parent Relationship": "Outer","Parallel Aware": false,"Async Capable": false,"Join Type": "Inner","Startup Cost": 7.81,"Total Cost": 4194.26,"Plan Rows": 32000,"Plan Width": 10,"Actual Startup Time": 0.195,"Actual Total Time": 126.758,"Actual Rows": 33600,"Actual Loops": 1,"Inner Unique": false,"Plans": [{"Node Type": "Nested Loop","Parent Relationship": "Outer","Parallel Aware": false,"Async Capable": false,"Join Type": "Inner","Startup Cost": 7.38,"Total Cost": 244.58,"Plan Rows": 400,"Plan Width": 4,"Actual Startup Time": 0.143,"Actual Total Time": 1.895,"Actual Rows": 420,"Actual Loops": 1,"Inner Unique": false,"Plans": [{"Node Type": "Seq Scan","Parent Relationship": "Outer","Parallel Aware": false,"Async Capable": false,"Relation Name": "nation","Alias": "nation_1","Startup Cost": 0.00,"Total Cost": 1.31,"Plan Rows": 1,"Plan Width": 4,"Actual Startup Time": 0.024,"Actual Total Time": 0.046,"Actual Rows": 1,"Actual Loops": 1,"Filter": "(n_name = 'ALGERIA'::bpchar)","Rows Removed by Filter": 24},{"Node Type": "Bitmap Heap Scan","Parent Relationship": "Inner","Parallel Aware": false,"Async Capable": false,"Relation Name": "supplier","Alias": "supplier_1","Startup Cost": 7.38,"Total Cost": 239.27,"Plan Rows": 400,"Plan Width": 8,"Actual Startup Time": 0.107,"Actual Total Time": 1.788,"Actual Rows": 420,"Actual Loops": 1,"Recheck Cond": "(s_nationkey = nation_1.n_nationkey)","Rows Removed by Index Recheck": 0,"Exact Heap Blocks": 197,"Lossy Heap Blocks": 0,"Plans": [{"Node Type": "Bitmap Index Scan","Parent Relationship": "Outer","Parallel Aware": false,"Async Capable": false,"Index Name": "idx_supplier_nation_key","Startup Cost": 0.00,"Total Cost": 7.29,"Plan Rows": 400,"Plan Width": 0,"Actual Startup Time": 0.069,"Actual Total Time": 0.076,"Actual Rows": 420,"Actual Loops": 1,"Index Cond": "(s_nationkey = nation_1.n_nationkey)"}]}]},{"Node Type": "Index Scan","Parent Relationship": "Inner","Parallel Aware": false,"Async Capable": false,"Scan Direction": "Forward","Index Name": "idx_partsupp_suppkey","Relation Name": "partsupp","Alias": "partsupp_1","Startup Cost": 0.42,"Total Cost": 9.07,"Plan Rows": 80,"Plan Width": 14,"Actual Startup Time": 0.014,"Actual Total Time": 0.285,"Actual Rows": 80,"Actual Loops": 420,"Index Cond": "(ps_suppkey = supplier_1.s_suppkey)","Rows Removed by Index Recheck": 0}]}]},{"Node Type": "Aggregate","Strategy": "Hashed","Partial Mode": "Simple","Parent Relationship": "Outer","Parallel Aware": false,"Async Capable": false,"Startup Cost": 4514.26,"Total Cost": 4994.26,"Plan Rows": 10667,"Plan Width": 36,"Actual Startup Time": 388.152,"Actual Total Time": 464.346,"Actual Rows": 665,"Actual Loops": 1,"Group Key": ["partsupp.ps_partkey"],"Filter": "(sum((partsupp.ps_supplycost * (partsupp.ps_availqty)::numeric)) > $2)","Planned Partitions": 0,"HashAgg Batches": 1,"Peak Memory Usage": 17937,"Disk Usage": 0,"Rows Removed by Filter": 30920,"Plans": [{"Node Type": "Nested Loop","Parent Relationship": "Outer","Parallel Aware": false,"Async Capable": false,"Join Type": "Inner","Startup Cost": 7.81,"Total Cost": 4194.26,"Plan Rows": 32000,"Plan Width": 14,"Actual Startup Time": 0.388,"Actual Total Time": 207.629,"Actual Rows": 33600,"Actual Loops": 1,"Inner Unique": false,"Plans": [{"Node Type": "Nested Loop","Parent Relationship": "Outer","Parallel Aware": false,"Async Capable": false,"Join Type": "Inner","Startup Cost": 7.38,"Total Cost": 244.58,"Plan Rows": 400,"Plan Width": 4,"Actual Startup Time": 0.274,"Actual Total Time": 2.984,"Actual Rows": 420,"Actual Loops": 1,"Inner Unique": false,"Plans": [{"Node Type": "Seq Scan","Parent Relationship": "Outer","Parallel Aware": false,"Async Capable": false,"Relation Name": "nation","Alias": "nation","Startup Cost": 0.00,"Total Cost": 1.31,"Plan Rows": 1,"Plan Width": 4,"Actual Startup Time": 0.081,"Actual Total Time": 0.099,"Actual Rows": 1,"Actual Loops": 1,"Filter": "(n_name = 'ALGERIA'::bpchar)","Rows Removed by Filter": 24},{"Node Type": "Bitmap Heap Scan","Parent Relationship": "Inner","Parallel Aware": false,"Async Capable": false,"Relation Name": "supplier","Alias": "supplier","Startup Cost": 7.38,"Total Cost": 239.27,"Plan Rows": 400,"Plan Width": 8,"Actual Startup Time": 0.184,"Actual Total Time": 2.823,"Actual Rows": 420,"Actual Loops": 1,"Recheck Cond": "(s_nationkey = nation.n_nationkey)","Rows Removed by Index Recheck": 0,"Exact Heap Blocks": 197,"Lossy Heap Blocks": 0,"Plans": [{"Node Type": "Bitmap Index Scan","Parent Relationship": "Outer","Parallel Aware": false,"Async Capable": false,"Index Name": "idx_supplier_nation_key","Startup Cost": 0.00,"Total Cost": 7.29,"Plan Rows": 400,"Plan Width": 0,"Actual Startup Time": 0.105,"Actual Total Time": 0.106,"Actual Rows": 420,"Actual Loops": 1,"Index Cond": "(s_nationkey = nation.n_nationkey)"}]}]},{"Node Type": "Index Scan","Parent Relationship": "Inner","Parallel Aware": false,"Async Capable": false,"Scan Direction": "Forward","Index Name": "idx_partsupp_suppkey","Relation Name": "partsupp","Alias": "partsupp","Startup Cost": 0.42,"Total Cost": 9.07,"Plan Rows": 80,"Plan Width": 18,"Actual Startup Time": 0.019,"Actual Total Time": 0.475,"Actual Rows": 80,"Actual Loops": 420,"Index Cond": "(ps_suppkey = supplier.s_suppkey)","Rows Removed by Index Recheck": 0}]}]}]},"Planning Time": 6.930,"Triggers": [],"Execution Time": 468.122}]
[{"Plan": {"Node Type": "Sort","Parallel Aware": false,"Async Capable": false,"Startup Cost": 10142.20,"Total Cost": 10168.87,"Plan Rows": 10667,"Plan Width": 36,"Actual Startup Time": 463.200,"Actual Total Time": 463.334,"Actual Rows": 786,"Actual Loops": 1,"Sort Key": ["(sum((partsupp.ps_supplycost * (partsupp.ps_availqty)::numeric))) DESC"],"Sort Method": "quicksort","Sort Space Used": 67,"Sort Space Type": "Memory","Plans": [{"Node Type": "Aggregate","Strategy": "Plain","Partial Mode": "Simple","Parent Relationship": "InitPlan","Subplan Name": "InitPlan 1 (returns $2)","Parallel Aware": false,"Async Capable": false,"Startup Cost": 4434.26,"Total Cost": 4434.27,"Plan Rows": 1,"Plan Width": 32,"Actual Startup Time": 138.217,"Actual Total Time": 138.241,"Actual Rows": 1,"Actual Loops": 1,"Plans": [{"Node Type": "Nested Loop","Parent Relationship": "Outer","Parallel Aware": false,"Async Capable": false,"Join Type": "Inner","Startup Cost": 7.81,"Total Cost": 4194.26,"Plan Rows": 32000,"Plan Width": 10,"Actual Startup Time": 0.203,"Actual Total Time": 130.632,"Actual Rows": 33040,"Actual Loops": 1,"Inner Unique": false,"Plans": [{"Node Type": "Nested Loop","Parent Relationship": "Outer","Parallel Aware": false,"Async Capable": false,"Join Type": "Inner","Startup Cost": 7.38,"Total Cost": 244.58,"Plan Rows": 400,"Plan Width": 4,"Actual Startup Time": 0.159,"Actual Total Time": 1.911,"Actual Rows": 413,"Actual Loops": 1,"Inner Unique": false,"Plans": [{"Node Type": "Seq Scan","Parent Relationship": "Outer","Parallel Aware": false,"Async Capable": false,"Relation Name": "nation","Alias": "nation_1","Startup Cost": 0.00,"Total Cost": 1.31,"Plan Rows": 1,"Plan Width": 4,"Actual Startup Time": 0.020,"Actual Total Time": 0.050,"Actual Rows": 1,"Actual Loops": 1,"Filter": "(n_name = 'ARGENTINA'::bpchar)","Rows Removed by Filter": 24},{"Node Type": "Bitmap Heap Scan","Parent Relationship": "Inner","Parallel Aware": false,"Async Capable": false,"Relation Name": "supplier","Alias": "supplier_1","Startup Cost": 7.38,"Total Cost": 239.27,"Plan Rows": 400,"Plan Width": 8,"Actual Startup Time": 0.122,"Actual Total Time": 1.805,"Actual Rows": 413,"Actual Loops": 1,"Recheck Cond": "(s_nationkey = nation_1.n_nationkey)","Rows Removed by Index Recheck": 0,"Exact Heap Blocks": 190,"Lossy Heap Blocks": 0,"Plans": [{"Node Type": "Bitmap Index Scan","Parent Relationship": "Outer","Parallel Aware": false,"Async Capable": false,"Index Name": "idx_supplier_nation_key","Startup Cost": 0.00,"Total Cost": 7.29,"Plan Rows": 400,"Plan Width": 0,"Actual Startup Time": 0.076,"Actual Total Time": 0.082,"Actual Rows": 413,"Actual Loops": 1,"Index Cond": "(s_nationkey = nation_1.n_nationkey)"}]}]},{"Node Type": "Index Scan","Parent Relationship": "Inner","Parallel Aware": false,"Async Capable": false,"Scan Direction": "Forward","Index Name": "idx_partsupp_suppkey","Relation Name": "partsupp","Alias": "partsupp_1","Startup Cost": 0.42,"Total Cost": 9.07,"Plan Rows": 80,"Plan Width": 14,"Actual Startup Time": 0.015,"Actual Total Time": 0.299,"Actual Rows": 80,"Actual Loops": 413,"Index Cond": "(ps_suppkey = supplier_1.s_suppkey)","Rows Removed by Index Recheck": 0}]}]},{"Node Type": "Aggregate","Strategy": "Hashed","Partial Mode": "Simple","Parent Relationship": "Outer","Parallel Aware": false,"Async Capable": false,"Startup Cost": 4514.26,"Total Cost": 4994.26,"Plan Rows": 10667,"Plan Width": 36,"Actual Startup Time": 387.894,"Actual Total Time": 462.834,"Actual Rows": 786,"Actual Loops": 1,"Group Key": ["partsupp.ps_partkey"],"Filter": "(sum((partsupp.ps_supplycost * (partsupp.ps_availqty)::numeric)) > $2)","Planned Partitions": 0,"HashAgg Batches": 1,"Peak Memory Usage": 17937,"Disk Usage": 0,"Rows Removed by Filter": 30324,"Plans": [{"Node Type": "Nested Loop","Parent Relationship": "Outer","Parallel Aware": false,"Async Capable": false,"Join Type": "Inner","Startup Cost": 7.81,"Total Cost": 4194.26,"Plan Rows": 32000,"Plan Width": 14,"Actual Startup Time": 0.397,"Actual Total Time": 197.172,"Actual Rows": 33040,"Actual Loops": 1,"Inner Unique": false,"Plans": [{"Node Type": "Nested Loop","Parent Relationship": "Outer","Parallel Aware": false,"Async Capable": false,"Join Type": "Inner","Startup Cost": 7.38,"Total Cost": 244.58,"Plan Rows": 400,"Plan Width": 4,"Actual Startup Time": 0.324,"Actual Total Time": 2.886,"Actual Rows": 413,"Actual Loops": 1,"Inner Unique": false,"Plans": [{"Node Type": "Seq Scan","Parent Relationship": "Outer","Parallel Aware": false,"Async Capable": false,"Relation Name": "nation","Alias": "nation","Startup Cost": 0.00,"Total Cost": 1.31,"Plan Rows": 1,"Plan Width": 4,"Actual Startup Time": 0.073,"Actual Total Time": 0.106,"Actual Rows": 1,"Actual Loops": 1,"Filter": "(n_name = 'ARGENTINA'::bpchar)","Rows Removed by Filter": 24},{"Node Type": "Bitmap Heap Scan","Parent Relationship": "Inner","Parallel Aware": false,"Async Capable": false,"Relation Name": "supplier","Alias": "supplier","Startup Cost": 7.38,"Total Cost": 239.27,"Plan Rows": 400,"Plan Width": 8,"Actual Startup Time": 0.246,"Actual Total Time": 2.727,"Actual Rows": 413,"Actual Loops": 1,"Recheck Cond": "(s_nationkey = nation.n_nationkey)","Rows Removed by Index Recheck": 0,"Exact Heap Blocks": 190,"Lossy Heap Blocks": 0,"Plans": [{"Node Type": "Bitmap Index Scan","Parent Relationship": "Outer","Parallel Aware": false,"Async Capable": false,"Index Name": "idx_supplier_nation_key","Startup Cost": 0.00,"Total Cost": 7.29,"Plan Rows": 400,"Plan Width": 0,"Actual Startup Time": 0.154,"Actual Total Time": 0.156,"Actual Rows": 413,"Actual Loops": 1,"Index Cond": "(s_nationkey = nation.n_nationkey)"}]}]},{"Node Type": "Index Scan","Parent Relationship": "Inner","Parallel Aware": false,"Async Capable": false,"Scan Direction": "Forward","Index Name": "idx_partsupp_suppkey","Relation Name": "partsupp","Alias": "partsupp","Startup Cost": 0.42,"Total Cost": 9.07,"Plan Rows": 80,"Plan Width": 18,"Actual Startup Time": 0.020,"Actual Total Time": 0.459,"Actual Rows": 80,"Actual Loops": 413,"Index Cond": "(ps_suppkey = supplier.s_suppkey)","Rows Removed by Index Recheck": 0}]}]}]},"Planning Time": 6.005,"Triggers": [],"Execution Time": 466.166}]
[{"Plan": {"Node Type": "Sort","Parallel Aware": false,"Async Capable": false,"Startup Cost": 10142.20,"Total Cost": 10168.87,"Plan Rows": 10667,"Plan Width": 36,"Actual Startup Time": 427.262,"Actual Total Time": 427.423,"Actual Rows": 1241,"Actual Loops": 1,"Sort Key": ["(sum((partsupp.ps_supplycost * (partsupp.ps_availqty)::numeric))) DESC"],"Sort Method": "quicksort","Sort Space Used": 116,"Sort Space Type": "Memory","Plans": [{"Node Type": "Aggregate","Strategy": "Plain","Partial Mode": "Simple","Parent Relationship": "InitPlan","Subplan Name": "InitPlan 1 (returns $2)","Parallel Aware": false,"Async Capable": false,"Startup Cost": 4434.26,"Total Cost": 4434.27,"Plan Rows": 1,"Plan Width": 32,"Actual Startup Time": 127.406,"Actual Total Time": 127.426,"Actual Rows": 1,"Actual Loops": 1,"Plans": [{"Node Type": "Nested Loop","Parent Relationship": "Outer","Parallel Aware": false,"Async Capable": false,"Join Type": "Inner","Startup Cost": 7.81,"Total Cost": 4194.26,"Plan Rows": 32000,"Plan Width": 10,"Actual Startup Time": 0.226,"Actual Total Time": 120.281,"Actual Rows": 30400,"Actual Loops": 1,"Inner Unique": false,"Plans": [{"Node Type": "Nested Loop","Parent Relationship": "Outer","Parallel Aware": false,"Async Capable": false,"Join Type": "Inner","Startup Cost": 7.38,"Total Cost": 244.58,"Plan Rows": 400,"Plan Width": 4,"Actual Startup Time": 0.174,"Actual Total Time": 1.741,"Actual Rows": 380,"Actual Loops": 1,"Inner Unique": false,"Plans": [{"Node Type": "Seq Scan","Parent Relationship": "Outer","Parallel Aware": false,"Async Capable": false,"Relation Name": "nation","Alias": "nation_1","Startup Cost": 0.00,"Total Cost": 1.31,"Plan Rows": 1,"Plan Width": 4,"Actual Startup Time": 0.028,"Actual Total Time": 0.042,"Actual Rows": 1,"Actual Loops": 1,"Filter": "(n_name = 'ETHIOPIA'::bpchar)","Rows Removed by Filter": 24},{"Node Type": "Bitmap Heap Scan","Parent Relationship": "Inner","Parallel Aware": false,"Async Capable": false,"Relation Name": "supplier","Alias": "supplier_1","Startup Cost": 7.38,"Total Cost": 239.27,"Plan Rows": 400,"Plan Width": 8,"Actual Startup Time": 0.130,"Actual Total Time": 1.641,"Actual Rows": 380,"Actual Loops": 1,"Recheck Cond": "(s_nationkey = nation_1.n_nationkey)","Rows Removed by Index Recheck": 0,"Exact Heap Blocks": 192,"Lossy Heap Blocks": 0,"Plans": [{"Node Type": "Bitmap Index Scan","Parent Relationship": "Outer","Parallel Aware": false,"Async Capable": false,"Index Name": "idx_supplier_nation_key","Startup Cost": 0.00,"Total Cost": 7.29,"Plan Rows": 400,"Plan Width": 0,"Actual Startup Time": 0.089,"Actual Total Time": 0.091,"Actual Rows": 380,"Actual Loops": 1,"Index Cond": "(s_nationkey = nation_1.n_nationkey)"}]}]},{"Node Type": "Index Scan","Parent Relationship": "Inner","Parallel Aware": false,"Async Capable": false,"Scan Direction": "Forward","Index Name": "idx_partsupp_suppkey","Relation Name": "partsupp","Alias": "partsupp_1","Startup Cost": 0.42,"Total Cost": 9.07,"Plan Rows": 80,"Plan Width": 14,"Actual Startup Time": 0.015,"Actual Total Time": 0.299,"Actual Rows": 80,"Actual Loops": 380,"Index Cond": "(ps_suppkey = supplier_1.s_suppkey)","Rows Removed by Index Recheck": 0}]}]},{"Node Type": "Aggregate","Strategy": "Hashed","Partial Mode": "Simple","Parent Relationship": "Outer","Parallel Aware": false,"Async Capable": false,"Startup Cost": 4514.26,"Total Cost": 4994.26,"Plan Rows": 10667,"Plan Width": 36,"Actual Startup Time": 359.706,"Actual Total Time": 426.732,"Actual Rows": 1241,"Actual Loops": 1,"Group Key": ["partsupp.ps_partkey"],"Filter": "(sum((partsupp.ps_supplycost * (partsupp.ps_availqty)::numeric)) > $2)","Planned Partitions": 0,"HashAgg Batches": 1,"Peak Memory Usage": 17937,"Disk Usage": 0,"Rows Removed by Filter": 27374,"Plans": [{"Node Type": "Nested Loop","Parent Relationship": "Outer","Parallel Aware": false,"Async Capable": false,"Join Type": "Inner","Startup Cost": 7.81,"Total Cost": 4194.26,"Plan Rows": 32000,"Plan Width": 14,"Actual Startup Time": 0.377,"Actual Total Time": 187.744,"Actual Rows": 30400,"Actual Loops": 1,"Inner Unique": false,"Plans": [{"Node Type": "Nested Loop","Parent Relationship": "Outer","Parallel Aware": false,"Async Capable": false,"Join Type": "Inner","Startup Cost": 7.38,"Total Cost": 244.58,"Plan Rows": 400,"Plan Width": 4,"Actual Startup Time": 0.305,"Actual Total Time": 2.864,"Actual Rows": 380,"Actual Loops": 1,"Inner Unique": false,"Plans": [{"Node Type": "Seq Scan","Parent Relationship": "Outer","Parallel Aware": false,"Async Capable": false,"Relation Name": "nation","Alias": "nation","Startup Cost": 0.00,"Total Cost": 1.31,"Plan Rows": 1,"Plan Width": 4,"Actual Startup Time": 0.073,"Actual Total Time": 0.091,"Actual Rows": 1,"Actual Loops": 1,"Filter": "(n_name = 'ETHIOPIA'::bpchar)","Rows Removed by Filter": 24},{"Node Type": "Bitmap Heap Scan","Parent Relationship": "Inner","Parallel Aware": false,"Async Capable": false,"Relation Name": "supplier","Alias": "supplier","Startup Cost": 7.38,"Total Cost": 239.27,"Plan Rows": 400,"Plan Width": 8,"Actual Startup Time": 0.228,"Actual Total Time": 2.728,"Actual Rows": 380,"Actual Loops": 1,"Recheck Cond": "(s_nationkey = nation.n_nationkey)","Rows Removed by Index Recheck": 0,"Exact Heap Blocks": 192,"Lossy Heap Blocks": 0,"Plans": [{"Node Type": "Bitmap Index Scan","Parent Relationship": "Outer","Parallel Aware": false,"Async Capable": false,"Index Name": "idx_supplier_nation_key","Startup Cost": 0.00,"Total Cost": 7.29,"Plan Rows": 400,"Plan Width": 0,"Actual Startup Time": 0.146,"Actual Total Time": 0.146,"Actual Rows": 380,"Actual Loops": 1,"Index Cond": "(s_nationkey = nation.n_nationkey)"}]}]},{"Node Type": "Index Scan","Parent Relationship": "Inner","Parallel Aware": false,"Async Capable": false,"Scan Direction": "Forward","Index Name": "idx_partsupp_suppkey","Relation Name": "partsupp","Alias": "partsupp","Startup Cost": 0.42,"Total Cost": 9.07,"Plan Rows": 80,"Plan Width": 18,"Actual Startup Time": 0.020,"Actual Total Time": 0.475,"Actual Rows": 80,"Actual Loops": 380,"Index Cond": "(ps_suppkey = supplier.s_suppkey)","Rows Removed by Index Recheck": 0}]}]}]},"Planning Time": 7.180,"Triggers": [],"Execution Time": 429.797}]
[{"Plan": {"Node Type": "Sort","Parallel Aware": false,"Async Capable": false,"Startup Cost": 10142.20,"Total Cost": 10168.87,"Plan Rows": 10667,"Plan Width": 36,"Actual Startup Time": 433.392,"Actual Total Time": 433.521,"Actual Rows": 1062,"Actual Loops": 1,"Sort Key": ["(sum((partsupp.ps_supplycost * (partsupp.ps_availqty)::numeric))) DESC"],"Sort Method": "quicksort","Sort Space Used": 107,"Sort Space Type": "Memory","Plans": [{"Node Type": "Aggregate","Strategy": "Plain","Partial Mode": "Simple","Parent Relationship": "InitPlan","Subplan Name": "InitPlan 1 (returns $2)","Parallel Aware": false,"Async Capable": false,"Startup Cost": 4434.26,"Total Cost": 4434.27,"Plan Rows": 1,"Plan Width": 32,"Actual Startup Time": 125.971,"Actual Total Time": 125.990,"Actual Rows": 1,"Actual Loops": 1,"Plans": [{"Node Type": "Nested Loop","Parent Relationship": "Outer","Parallel Aware": false,"Async Capable": false,"Join Type": "Inner","Startup Cost": 7.81,"Total Cost": 4194.26,"Plan Rows": 32000,"Plan Width": 10,"Actual Startup Time": 0.203,"Actual Total Time": 118.781,"Actual Rows": 31440,"Actual Loops": 1,"Inner Unique": false,"Plans": [{"Node Type": "Nested Loop","Parent Relationship": "Outer","Parallel Aware": false,"Async Capable": false,"Join Type": "Inner","Startup Cost": 7.38,"Total Cost": 244.58,"Plan Rows": 400,"Plan Width": 4,"Actual Startup Time": 0.157,"Actual Total Time": 1.656,"Actual Rows": 393,"Actual Loops": 1,"Inner Unique": false,"Plans": [{"Node Type": "Seq Scan","Parent Relationship": "Outer","Parallel Aware": false,"Async Capable": false,"Relation Name": "nation","Alias": "nation_1","Startup Cost": 0.00,"Total Cost": 1.31,"Plan Rows": 1,"Plan Width": 4,"Actual Startup Time": 0.034,"Actual Total Time": 0.054,"Actual Rows": 1,"Actual Loops": 1,"Filter": "(n_name = 'IRAN'::bpchar)","Rows Removed by Filter": 24},{"Node Type": "Bitmap Heap Scan","Parent Relationship": "Inner","Parallel Aware": false,"Async Capable": false,"Relation Name": "supplier","Alias": "supplier_1","Startup Cost": 7.38,"Total Cost": 239.27,"Plan Rows": 400,"Plan Width": 8,"Actual Startup Time": 0.107,"Actual Total Time": 1.545,"Actual Rows": 393,"Actual Loops": 1,"Recheck Cond": "(s_nationkey = nation_1.n_nationkey)","Rows Removed by Index Recheck": 0,"Exact Heap Blocks": 179,"Lossy Heap Blocks": 0,"Plans": [{"Node Type": "Bitmap Index Scan","Parent Relationship": "Outer","Parallel Aware": false,"Async Capable": false,"Index Name": "idx_supplier_nation_key","Startup Cost": 0.00,"Total Cost": 7.29,"Plan Rows": 400,"Plan Width": 0,"Actual Startup Time": 0.076,"Actual Total Time": 0.080,"Actual Rows": 393,"Actual Loops": 1,"Index Cond": "(s_nationkey = nation_1.n_nationkey)"}]}]},{"Node Type": "Index Scan","Parent Relationship": "Inner","Parallel Aware": false,"Async Capable": false,"Scan Direction": "Forward","Index Name": "idx_partsupp_suppkey","Relation Name": "partsupp","Alias": "partsupp_1","Startup Cost": 0.42,"Total Cost": 9.07,"Plan Rows": 80,"Plan Width": 14,"Actual Startup Time": 0.014,"Actual Total Time": 0.286,"Actual Rows": 80,"Actual Loops": 393,"Index Cond": "(ps_suppkey = supplier_1.s_suppkey)","Rows Removed by Index Recheck": 0}]}]},{"Node Type": "Aggregate","Strategy": "Hashed","Partial Mode": "Simple","Parent Relationship": "Outer","Parallel Aware": false,"Async Capable": false,"Startup Cost": 4514.26,"Total Cost": 4994.26,"Plan Rows": 10667,"Plan Width": 36,"Actual Startup Time": 362.794,"Actual Total Time": 432.898,"Actual Rows": 1062,"Actual Loops": 1,"Group Key": ["partsupp.ps_partkey"],"Filter": "(sum((partsupp.ps_supplycost * (partsupp.ps_availqty)::numeric)) > $2)","Planned Partitions": 0,"HashAgg Batches": 1,"Peak Memory Usage": 17937,"Disk Usage": 0,"Rows Removed by Filter": 28595,"Plans": [{"Node Type": "Nested Loop","Parent Relationship": "Outer","Parallel Aware": false,"Async Capable": false,"Join Type": "Inner","Startup Cost": 7.81,"Total Cost": 4194.26,"Plan Rows": 32000,"Plan Width": 14,"Actual Startup Time": 0.338,"Actual Total Time": 194.810,"Actual Rows": 31440,"Actual Loops": 1,"Inner Unique": false,"Plans": [{"Node Type": "Nested Loop","Parent Relationship": "Outer","Parallel Aware": false,"Async Capable": false,"Join Type": "Inner","Startup Cost": 7.38,"Total Cost": 244.58,"Plan Rows": 400,"Plan Width": 4,"Actual Startup Time": 0.285,"Actual Total Time": 2.779,"Actual Rows": 393,"Actual Loops": 1,"Inner Unique": false,"Plans": [{"Node Type": "Seq Scan","Parent Relationship": "Outer","Parallel Aware": false,"Async Capable": false,"Relation Name": "nation","Alias": "nation","Startup Cost": 0.00,"Total Cost": 1.31,"Plan Rows": 1,"Plan Width": 4,"Actual Startup Time": 0.074,"Actual Total Time": 0.096,"Actual Rows": 1,"Actual Loops": 1,"Filter": "(n_name = 'IRAN'::bpchar)","Rows Removed by Filter": 24},{"Node Type": "Bitmap Heap Scan","Parent Relationship": "Inner","Parallel Aware": false,"Async Capable": false,"Relation Name": "supplier","Alias": "supplier","Startup Cost": 7.38,"Total Cost": 239.27,"Plan Rows": 400,"Plan Width": 8,"Actual Startup Time": 0.203,"Actual Total Time": 2.632,"Actual Rows": 393,"Actual Loops": 1,"Recheck Cond": "(s_nationkey = nation.n_nationkey)","Rows Removed by Index Recheck": 0,"Exact Heap Blocks": 179,"Lossy Heap Blocks": 0,"Plans": [{"Node Type": "Bitmap Index Scan","Parent Relationship": "Outer","Parallel Aware": false,"Async Capable": false,"Index Name": "idx_supplier_nation_key","Startup Cost": 0.00,"Total Cost": 7.29,"Plan Rows": 400,"Plan Width": 0,"Actual Startup Time": 0.138,"Actual Total Time": 0.139,"Actual Rows": 393,"Actual Loops": 1,"Index Cond": "(s_nationkey = nation.n_nationkey)"}]}]},{"Node Type": "Index Scan","Parent Relationship": "Inner","Parallel Aware": false,"Async Capable": false,"Scan Direction": "Forward","Index Name": "idx_partsupp_suppkey","Relation Name": "partsupp","Alias": "partsupp","Startup Cost": 0.42,"Total Cost": 9.07,"Plan Rows": 80,"Plan Width": 18,"Actual Startup Time": 0.019,"Actual Total Time": 0.477,"Actual Rows": 80,"Actual Loops": 393,"Index Cond": "(ps_suppkey = supplier.s_suppkey)","Rows Removed by Index Recheck": 0}]}]}]},"Planning Time": 6.603,"Triggers": [],"Execution Time": 437.000}]
[{"Plan": {"Node Type": "Sort","Parallel Aware": false,"Async Capable": false,"Startup Cost": 10142.20,"Total Cost": 10168.87,"Plan Rows": 10667,"Plan Width": 36,"Actual Startup Time": 479.473,"Actual Total Time": 479.584,"Actual Rows": 514,"Actual Loops": 1,"Sort Key": ["(sum((partsupp.ps_supplycost * (partsupp.ps_availqty)::numeric))) DESC"],"Sort Method": "quicksort","Sort Space Used": 53,"Sort Space Type": "Memory","Plans": [{"Node Type": "Aggregate","Strategy": "Plain","Partial Mode": "Simple","Parent Relationship": "InitPlan","Subplan Name": "InitPlan 1 (returns $2)","Parallel Aware": false,"Async Capable": false,"Startup Cost": 4434.26,"Total Cost": 4434.27,"Plan Rows": 1,"Plan Width": 32,"Actual Startup Time": 141.847,"Actual Total Time": 141.875,"Actual Rows": 1,"Actual Loops": 1,"Plans": [{"Node Type": "Nested Loop","Parent Relationship": "Outer","Parallel Aware": false,"Async Capable": false,"Join Type": "Inner","Startup Cost": 7.81,"Total Cost": 4194.26,"Plan Rows": 32000,"Plan Width": 10,"Actual Startup Time": 0.217,"Actual Total Time": 133.744,"Actual Rows": 35040,"Actual Loops": 1,"Inner Unique": false,"Plans": [{"Node Type": "Nested Loop","Parent Relationship": "Outer","Parallel Aware": false,"Async Capable": false,"Join Type": "Inner","Startup Cost": 7.38,"Total Cost": 244.58,"Plan Rows": 400,"Plan Width": 4,"Actual Startup Time": 0.176,"Actual Total Time": 1.973,"Actual Rows": 438,"Actual Loops": 1,"Inner Unique": false,"Plans": [{"Node Type": "Seq Scan","Parent Relationship": "Outer","Parallel Aware": false,"Async Capable": false,"Relation Name": "nation","Alias": "nation_1","Startup Cost": 0.00,"Total Cost": 1.31,"Plan Rows": 1,"Plan Width": 4,"Actual Startup Time": 0.030,"Actual Total Time": 0.050,"Actual Rows": 1,"Actual Loops": 1,"Filter": "(n_name = 'IRAQ'::bpchar)","Rows Removed by Filter": 24},{"Node Type": "Bitmap Heap Scan","Parent Relationship": "Inner","Parallel Aware": false,"Async Capable": false,"Relation Name": "supplier","Alias": "supplier_1","Startup Cost": 7.38,"Total Cost": 239.27,"Plan Rows": 400,"Plan Width": 8,"Actual Startup Time": 0.128,"Actual Total Time": 1.851,"Actual Rows": 438,"Actual Loops": 1,"Recheck Cond": "(s_nationkey = nation_1.n_nationkey)","Rows Removed by Index Recheck": 0,"Exact Heap Blocks": 194,"Lossy Heap Blocks": 0,"Plans": [{"Node Type": "Bitmap Index Scan","Parent Relationship": "Outer","Parallel Aware": false,"Async Capable": false,"Index Name": "idx_supplier_nation_key","Startup Cost": 0.00,"Total Cost": 7.29,"Plan Rows": 400,"Plan Width": 0,"Actual Startup Time": 0.090,"Actual Total Time": 0.096,"Actual Rows": 438,"Actual Loops": 1,"Index Cond": "(s_nationkey = nation_1.n_nationkey)"}]}]},{"Node Type": "Index Scan","Parent Relationship": "Inner","Parallel Aware": false,"Async Capable": false,"Scan Direction": "Forward","Index Name": "idx_partsupp_suppkey","Relation Name": "partsupp","Alias": "partsupp_1","Startup Cost": 0.42,"Total Cost": 9.07,"Plan Rows": 80,"Plan Width": 14,"Actual Startup Time": 0.014,"Actual Total Time": 0.289,"Actual Rows": 80,"Actual Loops": 438,"Index Cond": "(ps_suppkey = supplier_1.s_suppkey)","Rows Removed by Index Recheck": 0}]}]},{"Node Type": "Aggregate","Strategy": "Hashed","Partial Mode": "Simple","Parent Relationship": "Outer","Parallel Aware": false,"Async Capable": false,"Startup Cost": 4514.26,"Total Cost": 4994.26,"Plan Rows": 10667,"Plan Width": 36,"Actual Startup Time": 398.650,"Actual Total Time": 479.180,"Actual Rows": 514,"Actual Loops": 1,"Group Key": ["partsupp.ps_partkey"],"Filter": "(sum((partsupp.ps_supplycost * (partsupp.ps_availqty)::numeric)) > $2)","Planned Partitions": 0,"HashAgg Batches": 1,"Peak Memory Usage": 17937,"Disk Usage": 0,"Rows Removed by Filter": 32385,"Plans": [{"Node Type": "Nested Loop","Parent Relationship": "Outer","Parallel Aware": false,"Async Capable": false,"Join Type": "Inner","Startup Cost": 7.81,"Total Cost": 4194.26,"Plan Rows": 32000,"Plan Width": 14,"Actual Startup Time": 0.368,"Actual Total Time": 210.024,"Actual Rows": 35040,"Actual Loops": 1,"Inner Unique": false,"Plans": [{"Node Type": "Nested Loop","Parent Relationship": "Outer","Parallel Aware": false,"Async Capable": false,"Join Type": "Inner","Startup Cost": 7.38,"Total Cost": 244.58,"Plan Rows": 400,"Plan Width": 4,"Actual Startup Time": 0.322,"Actual Total Time": 2.894,"Actual Rows": 438,"Actual Loops": 1,"Inner Unique": false,"Plans": [{"Node Type": "Seq Scan","Parent Relationship": "Outer","Parallel Aware": false,"Async Capable": false,"Relation Name": "nation","Alias": "nation","Startup Cost": 0.00,"Total Cost": 1.31,"Plan Rows": 1,"Plan Width": 4,"Actual Startup Time": 0.077,"Actual Total Time": 0.103,"Actual Rows": 1,"Actual Loops": 1,"Filter": "(n_name = 'IRAQ'::bpchar)","Rows Removed by Filter": 24},{"Node Type": "Bitmap Heap Scan","Parent Relationship": "Inner","Parallel Aware": false,"Async Capable": false,"Relation Name": "supplier","Alias": "supplier","Startup Cost": 7.38,"Total Cost": 239.27,"Plan Rows": 400,"Plan Width": 8,"Actual Startup Time": 0.239,"Actual Total Time": 2.735,"Actual Rows": 438,"Actual Loops": 1,"Recheck Cond": "(s_nationkey = nation.n_nationkey)","Rows Removed by Index Recheck": 0,"Exact Heap Blocks": 194,"Lossy Heap Blocks": 0,"Plans": [{"Node Type": "Bitmap Index Scan","Parent Relationship": "Outer","Parallel Aware": false,"Async Capable": false,"Index Name": "idx_supplier_nation_key","Startup Cost": 0.00,"Total Cost": 7.29,"Plan Rows": 400,"Plan Width": 0,"Actual Startup Time": 0.165,"Actual Total Time": 0.169,"Actual Rows": 438,"Actual Loops": 1,"Index Cond": "(s_nationkey = nation.n_nationkey)"}]}]},{"Node Type": "Index Scan","Parent Relationship": "Inner","Parallel Aware": false,"Async Capable": false,"Scan Direction": "Forward","Index Name": "idx_partsupp_suppkey","Relation Name": "partsupp","Alias": "partsupp","Startup Cost": 0.42,"Total Cost": 9.07,"Plan Rows": 80,"Plan Width": 18,"Actual Startup Time": 0.019,"Actual Total Time": 0.461,"Actual Rows": 80,"Actual Loops": 438,"Index Cond": "(ps_suppkey = supplier.s_suppkey)","Rows Removed by Index Recheck": 0}]}]}]},"Planning Time": 5.748,"Triggers": [],"Execution Time": 483.087}]
[{"Plan": {"Node Type": "Sort","Parallel Aware": false,"Async Capable": false,"Startup Cost": 10142.20,"Total Cost": 10168.87,"Plan Rows": 10667,"Plan Width": 36,"Actual Startup Time": 428.583,"Actual Total Time": 428.704,"Actual Rows": 1225,"Actual Loops": 1,"Sort Key": ["(sum((partsupp.ps_supplycost * (partsupp.ps_availqty)::numeric))) DESC"],"Sort Method": "quicksort","Sort Space Used": 116,"Sort Space Type": "Memory","Plans": [{"Node Type": "Aggregate","Strategy": "Plain","Partial Mode": "Simple","Parent Relationship": "InitPlan","Subplan Name": "InitPlan 1 (returns $2)","Parallel Aware": false,"Async Capable": false,"Startup Cost": 4434.26,"Total Cost": 4434.27,"Plan Rows": 1,"Plan Width": 32,"Actual Startup Time": 128.590,"Actual Total Time": 128.610,"Actual Rows": 1,"Actual Loops": 1,"Plans": [{"Node Type": "Nested Loop","Parent Relationship": "Outer","Parallel Aware": false,"Async Capable": false,"Join Type": "Inner","Startup Cost": 7.81,"Total Cost": 4194.26,"Plan Rows": 32000,"Plan Width": 10,"Actual Startup Time": 0.200,"Actual Total Time": 121.660,"Actual Rows": 30160,"Actual Loops": 1,"Inner Unique": false,"Plans": [{"Node Type": "Nested Loop","Parent Relationship": "Outer","Parallel Aware": false,"Async Capable": false,"Join Type": "Inner","Startup Cost": 7.38,"Total Cost": 244.58,"Plan Rows": 400,"Plan Width": 4,"Actual Startup Time": 0.145,"Actual Total Time": 1.678,"Actual Rows": 377,"Actual Loops": 1,"Inner Unique": false,"Plans": [{"Node Type": "Seq Scan","Parent Relationship": "Outer","Parallel Aware": false,"Async Capable": false,"Relation Name": "nation","Alias": "nation_1","Startup Cost": 0.00,"Total Cost": 1.31,"Plan Rows": 1,"Plan Width": 4,"Actual Startup Time": 0.022,"Actual Total Time": 0.041,"Actual Rows": 1,"Actual Loops": 1,"Filter": "(n_name = 'JAPAN'::bpchar)","Rows Removed by Filter": 24},{"Node Type": "Bitmap Heap Scan","Parent Relationship": "Inner","Parallel Aware": false,"Async Capable": false,"Relation Name": "supplier","Alias": "supplier_1","Startup Cost": 7.38,"Total Cost": 239.27,"Plan Rows": 400,"Plan Width": 8,"Actual Startup Time": 0.107,"Actual Total Time": 1.581,"Actual Rows": 377,"Actual Loops": 1,"Recheck Cond": "(s_nationkey = nation_1.n_nationkey)","Rows Removed by Index Recheck": 0,"Exact Heap Blocks": 180,"Lossy Heap Blocks": 0,"Plans": [{"Node Type": "Bitmap Index Scan","Parent Relationship": "Outer","Parallel Aware": false,"Async Capable": false,"Index Name": "idx_supplier_nation_key","Startup Cost": 0.00,"Total Cost": 7.29,"Plan Rows": 400,"Plan Width": 0,"Actual Startup Time": 0.073,"Actual Total Time": 0.079,"Actual Rows": 377,"Actual Loops": 1,"Index Cond": "(s_nationkey = nation_1.n_nationkey)"}]}]},{"Node Type": "Index Scan","Parent Relationship": "Inner","Parallel Aware": false,"Async Capable": false,"Scan Direction": "Forward","Index Name": "idx_partsupp_suppkey","Relation Name": "partsupp","Alias": "partsupp_1","Startup Cost": 0.42,"Total Cost": 9.07,"Plan Rows": 80,"Plan Width": 14,"Actual Startup Time": 0.015,"Actual Total Time": 0.306,"Actual Rows": 80,"Actual Loops": 377,"Index Cond": "(ps_suppkey = supplier_1.s_suppkey)","Rows Removed by Index Recheck": 0}]}]},{"Node Type": "Aggregate","Strategy": "Hashed","Partial Mode": "Simple","Parent Relationship": "Outer","Parallel Aware": false,"Async Capable": false,"Startup Cost": 4514.26,"Total Cost": 4994.26,"Plan Rows": 10667,"Plan Width": 36,"Actual Startup Time": 361.803,"Actual Total Time": 428.043,"Actual Rows": 1225,"Actual Loops": 1,"Group Key": ["partsupp.ps_partkey"],"Filter": "(sum((partsupp.ps_supplycost * (partsupp.ps_availqty)::numeric)) > $2)","Planned Partitions": 0,"HashAgg Batches": 1,"Peak Memory Usage": 17937,"Disk Usage": 0,"Rows Removed by Filter": 27290,"Plans": [{"Node Type": "Nested Loop","Parent Relationship": "Outer","Parallel Aware": false,"Async Capable": false,"Join Type": "Inner","Startup Cost": 7.81,"Total Cost": 4194.26,"Plan Rows": 32000,"Plan Width": 14,"Actual Startup Time": 0.353,"Actual Total Time": 190.903,"Actual Rows": 30160,"Actual Loops": 1,"Inner Unique": false,"Plans": [{"Node Type": "Nested Loop","Parent Relationship": "Outer","Parallel Aware": false,"Async Capable": false,"Join Type": "Inner","Startup Cost": 7.38,"Total Cost": 244.58,"Plan Rows": 400,"Plan Width": 4,"Actual Startup Time": 0.276,"Actual Total Time": 2.652,"Actual Rows": 377,"Actual Loops": 1,"Inner Unique": false,"Plans": [{"Node Type": "Seq Scan","Parent Relationship": "Outer","Parallel Aware": false,"Async Capable": false,"Relation Name": "nation","Alias": "nation","Startup Cost": 0.00,"Total Cost": 1.31,"Plan Rows": 1,"Plan Width": 4,"Actual Startup Time": 0.069,"Actual Total Time": 0.093,"Actual Rows": 1,"Actual Loops": 1,"Filter": "(n_name = 'JAPAN'::bpchar)","Rows Removed by Filter": 24},{"Node Type": "Bitmap Heap Scan","Parent Relationship": "Inner","Parallel Aware": false,"Async Capable": false,"Relation Name": "supplier","Alias": "supplier","Startup Cost": 7.38,"Total Cost": 239.27,"Plan Rows": 400,"Plan Width": 8,"Actual Startup Time": 0.204,"Actual Total Time": 2.512,"Actual Rows": 377,"Actual Loops": 1,"Recheck Cond": "(s_nationkey = nation.n_nationkey)","Rows Removed by Index Recheck": 0,"Exact Heap Blocks": 180,"Lossy Heap Blocks": 0,"Plans": [{"Node Type": "Bitmap Index Scan","Parent Relationship": "Outer","Parallel Aware": false,"Async Capable": false,"Index Name": "idx_supplier_nation_key","Startup Cost": 0.00,"Total Cost": 7.29,"Plan Rows": 400,"Plan Width": 0,"Actual Startup Time": 0.135,"Actual Total Time": 0.136,"Actual Rows": 377,"Actual Loops": 1,"Index Cond": "(s_nationkey = nation.n_nationkey)"}]}]},{"Node Type": "Index Scan","Parent Relationship": "Inner","Parallel Aware": false,"Async Capable": false,"Scan Direction": "Forward","Index Name": "idx_partsupp_suppkey","Relation Name": "partsupp","Alias": "partsupp","Startup Cost": 0.42,"Total Cost": 9.07,"Plan Rows": 80,"Plan Width": 18,"Actual Startup Time": 0.021,"Actual Total Time": 0.488,"Actual Rows": 80,"Actual Loops": 377,"Index Cond": "(ps_suppkey = supplier.s_suppkey)","Rows Removed by Index Recheck": 0}]}]}]},"Planning Time": 6.421,"Triggers": [],"Execution Time": 431.115}]
[{"Plan": {"Node Type": "Sort","Parallel Aware": false,"Async Capable": false,"Startup Cost": 10142.20,"Total Cost": 10168.87,"Plan Rows": 10667,"Plan Width": 36,"Actual Startup Time": 448.636,"Actual Total Time": 448.779,"Actual Rows": 979,"Actual Loops": 1,"Sort Key": ["(sum((partsupp.ps_supplycost * (partsupp.ps_availqty)::numeric))) DESC"],"Sort Method": "quicksort","Sort Space Used": 78,"Sort Space Type": "Memory","Plans": [{"Node Type": "Aggregate","Strategy": "Plain","Partial Mode": "Simple","Parent Relationship": "InitPlan","Subplan Name": "InitPlan 1 (returns $2)","Parallel Aware": false,"Async Capable": false,"Startup Cost": 4434.26,"Total Cost": 4434.27,"Plan Rows": 1,"Plan Width": 32,"Actual Startup Time": 130.424,"Actual Total Time": 130.461,"Actual Rows": 1,"Actual Loops": 1,"Plans": [{"Node Type": "Nested Loop","Parent Relationship": "Outer","Parallel Aware": false,"Async Capable": false,"Join Type": "Inner","Startup Cost": 7.81,"Total Cost": 4194.26,"Plan Rows": 32000,"Plan Width": 10,"Actual Startup Time": 0.191,"Actual Total Time": 123.113,"Actual Rows": 31920,"Actual Loops": 1,"Inner Unique": false,"Plans": [{"Node Type": "Nested Loop","Parent Relationship": "Outer","Parallel Aware": false,"Async Capable": false,"Join Type": "Inner","Startup Cost": 7.38,"Total Cost": 244.58,"Plan Rows": 400,"Plan Width": 4,"Actual Startup Time": 0.152,"Actual Total Time": 1.823,"Actual Rows": 399,"Actual Loops": 1,"Inner Unique": false,"Plans": [{"Node Type": "Seq Scan","Parent Relationship": "Outer","Parallel Aware": false,"Async Capable": false,"Relation Name": "nation","Alias": "nation_1","Startup Cost": 0.00,"Total Cost": 1.31,"Plan Rows": 1,"Plan Width": 4,"Actual Startup Time": 0.042,"Actual Total Time": 0.060,"Actual Rows": 1,"Actual Loops": 1,"Filter": "(n_name = 'VIETNAM'::bpchar)","Rows Removed by Filter": 24},{"Node Type": "Bitmap Heap Scan","Parent Relationship": "Inner","Parallel Aware": false,"Async Capable": false,"Relation Name": "supplier","Alias": "supplier_1","Startup Cost": 7.38,"Total Cost": 239.27,"Plan Rows": 400,"Plan Width": 8,"Actual Startup Time": 0.095,"Actual Total Time": 1.696,"Actual Rows": 399,"Actual Loops": 1,"Recheck Cond": "(s_nationkey = nation_1.n_nationkey)","Rows Removed by Index Recheck": 0,"Exact Heap Blocks": 191,"Lossy Heap Blocks": 0,"Plans": [{"Node Type": "Bitmap Index Scan","Parent Relationship": "Outer","Parallel Aware": false,"Async Capable": false,"Index Name": "idx_supplier_nation_key","Startup Cost": 0.00,"Total Cost": 7.29,"Plan Rows": 400,"Plan Width": 0,"Actual Startup Time": 0.057,"Actual Total Time": 0.061,"Actual Rows": 399,"Actual Loops": 1,"Index Cond": "(s_nationkey = nation_1.n_nationkey)"}]}]},{"Node Type": "Index Scan","Parent Relationship": "Inner","Parallel Aware": false,"Async Capable": false,"Scan Direction": "Forward","Index Name": "idx_partsupp_suppkey","Relation Name": "partsupp","Alias": "partsupp_1","Startup Cost": 0.42,"Total Cost": 9.07,"Plan Rows": 80,"Plan Width": 14,"Actual Startup Time": 0.014,"Actual Total Time": 0.292,"Actual Rows": 80,"Actual Loops": 399,"Index Cond": "(ps_suppkey = supplier_1.s_suppkey)","Rows Removed by Index Recheck": 0}]}]},{"Node Type": "Aggregate","Strategy": "Hashed","Partial Mode": "Simple","Parent Relationship": "Outer","Parallel Aware": false,"Async Capable": false,"Startup Cost": 4514.26,"Total Cost": 4994.26,"Plan Rows": 10667,"Plan Width": 36,"Actual Startup Time": 376.224,"Actual Total Time": 448.108,"Actual Rows": 979,"Actual Loops": 1,"Group Key": ["partsupp.ps_partkey"],"Filter": "(sum((partsupp.ps_supplycost * (partsupp.ps_availqty)::numeric)) > $2)","Planned Partitions": 0,"HashAgg Batches": 1,"Peak Memory Usage": 17937,"Disk Usage": 0,"Rows Removed by Filter": 29153,"Plans": [{"Node Type": "Nested Loop","Parent Relationship": "Outer","Parallel Aware": false,"Async Capable": false,"Join Type": "Inner","Startup Cost": 7.81,"Total Cost": 4194.26,"Plan Rows": 32000,"Plan Width": 14,"Actual Startup Time": 0.359,"Actual Total Time": 202.215,"Actual Rows": 31920,"Actual Loops": 1,"Inner Unique": false,"Plans": [{"Node Type": "Nested Loop","Parent Relationship": "Outer","Parallel Aware": false,"Async Capable": false,"Join Type": "Inner","Startup Cost": 7.38,"Total Cost": 244.58,"Plan Rows": 400,"Plan Width": 4,"Actual Startup Time": 0.271,"Actual Total Time": 2.875,"Actual Rows": 399,"Actual Loops": 1,"Inner Unique": false,"Plans": [{"Node Type": "Seq Scan","Parent Relationship": "Outer","Parallel Aware": false,"Async Capable": false,"Relation Name": "nation","Alias": "nation","Startup Cost": 0.00,"Total Cost": 1.31,"Plan Rows": 1,"Plan Width": 4,"Actual Startup Time": 0.081,"Actual Total Time": 0.101,"Actual Rows": 1,"Actual Loops": 1,"Filter": "(n_name = 'VIETNAM'::bpchar)","Rows Removed by Filter": 24},{"Node Type": "Bitmap Heap Scan","Parent Relationship": "Inner","Parallel Aware": false,"Async Capable": false,"Relation Name": "supplier","Alias": "supplier","Startup Cost": 7.38,"Total Cost": 239.27,"Plan Rows": 400,"Plan Width": 8,"Actual Startup Time": 0.181,"Actual Total Time": 2.716,"Actual Rows": 399,"Actual Loops": 1,"Recheck Cond": "(s_nationkey = nation.n_nationkey)","Rows Removed by Index Recheck": 0,"Exact Heap Blocks": 191,"Lossy Heap Blocks": 0,"Plans": [{"Node Type": "Bitmap Index Scan","Parent Relationship": "Outer","Parallel Aware": false,"Async Capable": false,"Index Name": "idx_supplier_nation_key","Startup Cost": 0.00,"Total Cost": 7.29,"Plan Rows": 400,"Plan Width": 0,"Actual Startup Time": 0.120,"Actual Total Time": 0.121,"Actual Rows": 399,"Actual Loops": 1,"Index Cond": "(s_nationkey = nation.n_nationkey)"}]}]},{"Node Type": "Index Scan","Parent Relationship": "Inner","Parallel Aware": false,"Async Capable": false,"Scan Direction": "Forward","Index Name": "idx_partsupp_suppkey","Relation Name": "partsupp","Alias": "partsupp","Startup Cost": 0.42,"Total Cost": 9.07,"Plan Rows": 80,"Plan Width": 18,"Actual Startup Time": 0.019,"Actual Total Time": 0.488,"Actual Rows": 80,"Actual Loops": 399,"Index Cond": "(ps_suppkey = supplier.s_suppkey)","Rows Removed by Index Recheck": 0}]}]}]},"Planning Time": 6.254,"Triggers": [],"Execution Time": 451.997}]
[{"Plan": {"Node Type": "Sort","Parallel Aware": false,"Async Capable": false,"Startup Cost": 10142.20,"Total Cost": 10168.87,"Plan Rows": 10667,"Plan Width": 36,"Actual Startup Time": 433.392,"Actual Total Time": 433.521,"Actual Rows": 1062,"Actual Loops": 1,"Sort Key": ["(sum((partsupp.ps_supplycost * (partsupp.ps_availqty)::numeric))) DESC"],"Sort Method": "quicksort","Sort Space Used": 107,"Sort Space Type": "Memory","Plans": [{"Node Type": "Aggregate","Strategy": "Plain","Partial Mode": "Simple","Parent Relationship": "InitPlan","Subplan Name": "InitPlan 1 (returns $2)","Parallel Aware": false,"Async Capable": false,"Startup Cost": 4434.26,"Total Cost": 4434.27,"Plan Rows": 1,"Plan Width": 32,"Actual Startup Time": 125.971,"Actual Total Time": 125.990,"Actual Rows": 1,"Actual Loops": 1,"Plans": [{"Node Type": "Nested Loop","Parent Relationship": "Outer","Parallel Aware": false,"Async Capable": false,"Join Type": "Inner","Startup Cost": 7.81,"Total Cost": 4194.26,"Plan Rows": 32000,"Plan Width": 10,"Actual Startup Time": 0.203,"Actual Total Time": 118.781,"Actual Rows": 31440,"Actual Loops": 1,"Inner Unique": false,"Plans": [{"Node Type": "Nested Loop","Parent Relationship": "Outer","Parallel Aware": false,"Async Capable": false,"Join Type": "Inner","Startup Cost": 7.38,"Total Cost": 244.58,"Plan Rows": 400,"Plan Width": 4,"Actual Startup Time": 0.157,"Actual Total Time": 1.656,"Actual Rows": 393,"Actual Loops": 1,"Inner Unique": false,"Plans": [{"Node Type": "Seq Scan","Parent Relationship": "Outer","Parallel Aware": false,"Async Capable": false,"Relation Name": "nation","Alias": "nation_1","Startup Cost": 0.00,"Total Cost": 1.31,"Plan Rows": 1,"Plan Width": 4,"Actual Startup Time": 0.034,"Actual Total Time": 0.054,"Actual Rows": 1,"Actual Loops": 1,"Filter": "(n_name = 'IRAN'::bpchar)","Rows Removed by Filter": 24},{"Node Type": "Bitmap Heap Scan","Parent Relationship": "Inner","Parallel Aware": false,"Async Capable": false,"Relation Name": "supplier","Alias": "supplier_1","Startup Cost": 7.38,"Total Cost": 239.27,"Plan Rows": 400,"Plan Width": 8,"Actual Startup Time": 0.107,"Actual Total Time": 1.545,"Actual Rows": 393,"Actual Loops": 1,"Recheck Cond": "(s_nationkey = nation_1.n_nationkey)","Rows Removed by Index Recheck": 0,"Exact Heap Blocks": 179,"Lossy Heap Blocks": 0,"Plans": [{"Node Type": "Bitmap Index Scan","Parent Relationship": "Outer","Parallel Aware": false,"Async Capable": false,"Index Name": "idx_supplier_nation_key","Startup Cost": 0.00,"Total Cost": 7.29,"Plan Rows": 400,"Plan Width": 0,"Actual Startup Time": 0.076,"Actual Total Time": 0.080,"Actual Rows": 393,"Actual Loops": 1,"Index Cond": "(s_nationkey = nation_1.n_nationkey)"}]}]},{"Node Type": "Index Scan","Parent Relationship": "Inner","Parallel Aware": false,"Async Capable": false,"Scan Direction": "Forward","Index Name": "idx_partsupp_suppkey","Relation Name": "partsupp","Alias": "partsupp_1","Startup Cost": 0.42,"Total Cost": 9.07,"Plan Rows": 80,"Plan Width": 14,"Actual Startup Time": 0.014,"Actual Total Time": 0.286,"Actual Rows": 80,"Actual Loops": 393,"Index Cond": "(ps_suppkey = supplier_1.s_suppkey)","Rows Removed by Index Recheck": 0}]}]},{"Node Type": "Aggregate","Strategy": "Hashed","Partial Mode": "Simple","Parent Relationship": "Outer","Parallel Aware": false,"Async Capable": false,"Startup Cost": 4514.26,"Total Cost": 4994.26,"Plan Rows": 10667,"Plan Width": 36,"Actual Startup Time": 362.794,"Actual Total Time": 432.898,"Actual Rows": 1062,"Actual Loops": 1,"Group Key": ["partsupp.ps_partkey"],"Filter": "(sum((partsupp.ps_supplycost * (partsupp.ps_availqty)::numeric)) > $2)","Planned Partitions": 0,"HashAgg Batches": 1,"Peak Memory Usage": 17937,"Disk Usage": 0,"Rows Removed by Filter": 28595,"Plans": [{"Node Type": "Nested Loop","Parent Relationship": "Outer","Parallel Aware": false,"Async Capable": false,"Join Type": "Inner","Startup Cost": 7.81,"Total Cost": 4194.26,"Plan Rows": 32000,"Plan Width": 14,"Actual Startup Time": 0.338,"Actual Total Time": 194.810,"Actual Rows": 31440,"Actual Loops": 1,"Inner Unique": false,"Plans": [{"Node Type": "Nested Loop","Parent Relationship": "Outer","Parallel Aware": false,"Async Capable": false,"Join Type": "Inner","Startup Cost": 7.38,"Total Cost": 244.58,"Plan Rows": 400,"Plan Width": 4,"Actual Startup Time": 0.285,"Actual Total Time": 2.779,"Actual Rows": 393,"Actual Loops": 1,"Inner Unique": false,"Plans": [{"Node Type": "Seq Scan","Parent Relationship": "Outer","Parallel Aware": false,"Async Capable": false,"Relation Name": "nation","Alias": "nation","Startup Cost": 0.00,"Total Cost": 1.31,"Plan Rows": 1,"Plan Width": 4,"Actual Startup Time": 0.074,"Actual Total Time": 0.096,"Actual Rows": 1,"Actual Loops": 1,"Filter": "(n_name = 'IRAN'::bpchar)","Rows Removed by Filter": 24},{"Node Type": "Bitmap Heap Scan","Parent Relationship": "Inner","Parallel Aware": false,"Async Capable": false,"Relation Name": "supplier","Alias": "supplier","Startup Cost": 7.38,"Total Cost": 239.27,"Plan Rows": 400,"Plan Width": 8,"Actual Startup Time": 0.203,"Actual Total Time": 2.632,"Actual Rows": 393,"Actual Loops": 1,"Recheck Cond": "(s_nationkey = nation.n_nationkey)","Rows Removed by Index Recheck": 0,"Exact Heap Blocks": 179,"Lossy Heap Blocks": 0,"Plans": [{"Node Type": "Bitmap Index Scan","Parent Relationship": "Outer","Parallel Aware": false,"Async Capable": false,"Index Name": "idx_supplier_nation_key","Startup Cost": 0.00,"Total Cost": 7.29,"Plan Rows": 400,"Plan Width": 0,"Actual Startup Time": 0.138,"Actual Total Time": 0.139,"Actual Rows": 393,"Actual Loops": 1,"Index Cond": "(s_nationkey = nation.n_nationkey)"}]}]},{"Node Type": "Index Scan","Parent Relationship": "Inner","Parallel Aware": false,"Async Capable": false,"Scan Direction": "Forward","Index Name": "idx_partsupp_suppkey","Relation Name": "partsupp","Alias": "partsupp","Startup Cost": 0.42,"Total Cost": 9.07,"Plan Rows": 80,"Plan Width": 18,"Actual Startup Time": 0.019,"Actual Total Time": 0.477,"Actual Rows": 80,"Actual Loops": 393,"Index Cond": "(ps_suppkey = supplier.s_suppkey)","Rows Removed by Index Recheck": 0}]}]}]},"Planning Time": 6.603,"Triggers": [],"Execution Time": 437.000}]
[{"Plan": {"Node Type": "Sort","Parallel Aware": false,"Async Capable": false,"Startup Cost": 10142.20,"Total Cost": 10168.87,"Plan Rows": 10667,"Plan Width": 36,"Actual Startup Time": 460.724,"Actual Total Time": 460.840,"Actual Rows": 741,"Actual Loops": 1,"Sort Key": ["(sum((partsupp.ps_supplycost * (partsupp.ps_availqty)::numeric))) DESC"],"Sort Method": "quicksort","Sort Space Used": 65,"Sort Space Type": "Memory","Plans": [{"Node Type": "Aggregate","Strategy": "Plain","Partial Mode": "Simple","Parent Relationship": "InitPlan","Subplan Name": "InitPlan 1 (returns $2)","Parallel Aware": false,"Async Capable": false,"Startup Cost": 4434.26,"Total Cost": 4434.27,"Plan Rows": 1,"Plan Width": 32,"Actual Startup Time": 132.110,"Actual Total Time": 132.136,"Actual Rows": 1,"Actual Loops": 1,"Plans": [{"Node Type": "Nested Loop","Parent Relationship": "Outer","Parallel Aware": false,"Async Capable": false,"Join Type": "Inner","Startup Cost": 7.81,"Total Cost": 4194.26,"Plan Rows": 32000,"Plan Width": 10,"Actual Startup Time": 0.212,"Actual Total Time": 124.425,"Actual Rows": 33680,"Actual Loops": 1,"Inner Unique": false,"Plans": [{"Node Type": "Nested Loop","Parent Relationship": "Outer","Parallel Aware": false,"Async Capable": false,"Join Type": "Inner","Startup Cost": 7.38,"Total Cost": 244.58,"Plan Rows": 400,"Plan Width": 4,"Actual Startup Time": 0.146,"Actual Total Time": 1.771,"Actual Rows": 421,"Actual Loops": 1,"Inner Unique": false,"Plans": [{"Node Type": "Seq Scan","Parent Relationship": "Outer","Parallel Aware": false,"Async Capable": false,"Relation Name": "nation","Alias": "nation_1","Startup Cost": 0.00,"Total Cost": 1.31,"Plan Rows": 1,"Plan Width": 4,"Actual Startup Time": 0.036,"Actual Total Time": 0.052,"Actual Rows": 1,"Actual Loops": 1,"Filter": "(n_name = 'PERU'::bpchar)","Rows Removed by Filter": 24},{"Node Type": "Bitmap Heap Scan","Parent Relationship": "Inner","Parallel Aware": false,"Async Capable": false,"Relation Name": "supplier","Alias": "supplier_1","Startup Cost": 7.38,"Total Cost": 239.27,"Plan Rows": 400,"Plan Width": 8,"Actual Startup Time": 0.097,"Actual Total Time": 1.663,"Actual Rows": 421,"Actual Loops": 1,"Recheck Cond": "(s_nationkey = nation_1.n_nationkey)","Rows Removed by Index Recheck": 0,"Exact Heap Blocks": 187,"Lossy Heap Blocks": 0,"Plans": [{"Node Type": "Bitmap Index Scan","Parent Relationship": "Outer","Parallel Aware": false,"Async Capable": false,"Index Name": "idx_supplier_nation_key","Startup Cost": 0.00,"Total Cost": 7.29,"Plan Rows": 400,"Plan Width": 0,"Actual Startup Time": 0.063,"Actual Total Time": 0.070,"Actual Rows": 421,"Actual Loops": 1,"Index Cond": "(s_nationkey = nation_1.n_nationkey)"}]}]},{"Node Type": "Index Scan","Parent Relationship": "Inner","Parallel Aware": false,"Async Capable": false,"Scan Direction": "Forward","Index Name": "idx_partsupp_suppkey","Relation Name": "partsupp","Alias": "partsupp_1","Startup Cost": 0.42,"Total Cost": 9.07,"Plan Rows": 80,"Plan Width": 14,"Actual Startup Time": 0.014,"Actual Total Time": 0.279,"Actual Rows": 80,"Actual Loops": 421,"Index Cond": "(ps_suppkey = supplier_1.s_suppkey)","Rows Removed by Index Recheck": 0}]}]},{"Node Type": "Aggregate","Strategy": "Hashed","Partial Mode": "Simple","Parent Relationship": "Outer","Parallel Aware": false,"Async Capable": false,"Startup Cost": 4514.26,"Total Cost": 4994.26,"Plan Rows": 10667,"Plan Width": 36,"Actual Startup Time": 384.508,"Actual Total Time": 460.301,"Actual Rows": 741,"Actual Loops": 1,"Group Key": ["partsupp.ps_partkey"],"Filter": "(sum((partsupp.ps_supplycost * (partsupp.ps_availqty)::numeric)) > $2)","Planned Partitions": 0,"HashAgg Batches": 1,"Peak Memory Usage": 17937,"Disk Usage": 0,"Rows Removed by Filter": 30846,"Plans": [{"Node Type": "Nested Loop","Parent Relationship": "Outer","Parallel Aware": false,"Async Capable": false,"Join Type": "Inner","Startup Cost": 7.81,"Total Cost": 4194.26,"Plan Rows": 32000,"Plan Width": 14,"Actual Startup Time": 0.389,"Actual Total Time": 205.243,"Actual Rows": 33680,"Actual Loops": 1,"Inner Unique": false,"Plans": [{"Node Type": "Nested Loop","Parent Relationship": "Outer","Parallel Aware": false,"Async Capable": false,"Join Type": "Inner","Startup Cost": 7.38,"Total Cost": 244.58,"Plan Rows": 400,"Plan Width": 4,"Actual Startup Time": 0.332,"Actual Total Time": 2.785,"Actual Rows": 421,"Actual Loops": 1,"Inner Unique": false,"Plans": [{"Node Type": "Seq Scan","Parent Relationship": "Outer","Parallel Aware": false,"Async Capable": false,"Relation Name": "nation","Alias": "nation","Startup Cost": 0.00,"Total Cost": 1.31,"Plan Rows": 1,"Plan Width": 4,"Actual Startup Time": 0.057,"Actual Total Time": 0.075,"Actual Rows": 1,"Actual Loops": 1,"Filter": "(n_name = 'PERU'::bpchar)","Rows Removed by Filter": 24},{"Node Type": "Bitmap Heap Scan","Parent Relationship": "Inner","Parallel Aware": false,"Async Capable": false,"Relation Name": "supplier","Alias": "supplier","Startup Cost": 7.38,"Total Cost": 239.27,"Plan Rows": 400,"Plan Width": 8,"Actual Startup Time": 0.270,"Actual Total Time": 2.660,"Actual Rows": 421,"Actual Loops": 1,"Recheck Cond": "(s_nationkey = nation.n_nationkey)","Rows Removed by Index Recheck": 0,"Exact Heap Blocks": 187,"Lossy Heap Blocks": 0,"Plans": [{"Node Type": "Bitmap Index Scan","Parent Relationship": "Outer","Parallel Aware": false,"Async Capable": false,"Index Name": "idx_supplier_nation_key","Startup Cost": 0.00,"Total Cost": 7.29,"Plan Rows": 400,"Plan Width": 0,"Actual Startup Time": 0.195,"Actual Total Time": 0.196,"Actual Rows": 421,"Actual Loops": 1,"Index Cond": "(s_nationkey = nation.n_nationkey)"}]}]},{"Node Type": "Index Scan","Parent Relationship": "Inner","Parallel Aware": false,"Async Capable": false,"Scan Direction": "Forward","Index Name": "idx_partsupp_suppkey","Relation Name": "partsupp","Alias": "partsupp","Startup Cost": 0.42,"Total Cost": 9.07,"Plan Rows": 80,"Plan Width": 18,"Actual Startup Time": 0.018,"Actual Total Time": 0.469,"Actual Rows": 80,"Actual Loops": 421,"Index Cond": "(ps_suppkey = supplier.s_suppkey)","Rows Removed by Index Recheck": 0}]}]}]},"Planning Time": 6.964,"Triggers": [],"Execution Time": 464.153}]
[{"Plan": {"Node Type": "Sort","Parallel Aware": false,"Async Capable": false,"Startup Cost": 10142.20,"Total Cost": 10168.87,"Plan Rows": 10667,"Plan Width": 36,"Actual Startup Time": 448.613,"Actual Total Time": 448.730,"Actual Rows": 888,"Actual Loops": 1,"Sort Key": ["(sum((partsupp.ps_supplycost * (partsupp.ps_availqty)::numeric))) DESC"],"Sort Method": "quicksort","Sort Space Used": 73,"Sort Space Type": "Memory","Plans": [{"Node Type": "Aggregate","Strategy": "Plain","Partial Mode": "Simple","Parent Relationship": "InitPlan","Subplan Name": "InitPlan 1 (returns $2)","Parallel Aware": false,"Async Capable": false,"Startup Cost": 4434.26,"Total Cost": 4434.27,"Plan Rows": 1,"Plan Width": 32,"Actual Startup Time": 133.715,"Actual Total Time": 133.740,"Actual Rows": 1,"Actual Loops": 1,"Plans": [{"Node Type": "Nested Loop","Parent Relationship": "Outer","Parallel Aware": false,"Async Capable": false,"Join Type": "Inner","Startup Cost": 7.81,"Total Cost": 4194.26,"Plan Rows": 32000,"Plan Width": 10,"Actual Startup Time": 0.220,"Actual Total Time": 126.229,"Actual Rows": 32400,"Actual Loops": 1,"Inner Unique": false,"Plans": [{"Node Type": "Nested Loop","Parent Relationship": "Outer","Parallel Aware": false,"Async Capable": false,"Join Type": "Inner","Startup Cost": 7.38,"Total Cost": 244.58,"Plan Rows": 400,"Plan Width": 4,"Actual Startup Time": 0.174,"Actual Total Time": 1.918,"Actual Rows": 405,"Actual Loops": 1,"Inner Unique": false,"Plans": [{"Node Type": "Seq Scan","Parent Relationship": "Outer","Parallel Aware": false,"Async Capable": false,"Relation Name": "nation","Alias": "nation_1","Startup Cost": 0.00,"Total Cost": 1.31,"Plan Rows": 1,"Plan Width": 4,"Actual Startup Time": 0.049,"Actual Total Time": 0.070,"Actual Rows": 1,"Actual Loops": 1,"Filter": "(n_name = 'INDONESIA'::bpchar)","Rows Removed by Filter": 24},{"Node Type": "Bitmap Heap Scan","Parent Relationship": "Inner","Parallel Aware": false,"Async Capable": false,"Relation Name": "supplier","Alias": "supplier_1","Startup Cost": 7.38,"Total Cost": 239.27,"Plan Rows": 400,"Plan Width": 8,"Actual Startup Time": 0.105,"Actual Total Time": 1.781,"Actual Rows": 405,"Actual Loops": 1,"Recheck Cond": "(s_nationkey = nation_1.n_nationkey)","Rows Removed by Index Recheck": 0,"Exact Heap Blocks": 192,"Lossy Heap Blocks": 0,"Plans": [{"Node Type": "Bitmap Index Scan","Parent Relationship": "Outer","Parallel Aware": false,"Async Capable": false,"Index Name": "idx_supplier_nation_key","Startup Cost": 0.00,"Total Cost": 7.29,"Plan Rows": 400,"Plan Width": 0,"Actual Startup Time": 0.069,"Actual Total Time": 0.075,"Actual Rows": 405,"Actual Loops": 1,"Index Cond": "(s_nationkey = nation_1.n_nationkey)"}]}]},{"Node Type": "Index Scan","Parent Relationship": "Inner","Parallel Aware": false,"Async Capable": false,"Scan Direction": "Forward","Index Name": "idx_partsupp_suppkey","Relation Name": "partsupp","Alias": "partsupp_1","Startup Cost": 0.42,"Total Cost": 9.07,"Plan Rows": 80,"Plan Width": 14,"Actual Startup Time": 0.014,"Actual Total Time": 0.294,"Actual Rows": 80,"Actual Loops": 405,"Index Cond": "(ps_suppkey = supplier_1.s_suppkey)","Rows Removed by Index Recheck": 0}]}]},{"Node Type": "Aggregate","Strategy": "Hashed","Partial Mode": "Simple","Parent Relationship": "Outer","Parallel Aware": false,"Async Capable": false,"Startup Cost": 4514.26,"Total Cost": 4994.26,"Plan Rows": 10667,"Plan Width": 36,"Actual Startup Time": 376.503,"Actual Total Time": 448.157,"Actual Rows": 888,"Actual Loops": 1,"Group Key": ["partsupp.ps_partkey"],"Filter": "(sum((partsupp.ps_supplycost * (partsupp.ps_availqty)::numeric)) > $2)","Planned Partitions": 0,"HashAgg Batches": 1,"Peak Memory Usage": 17937,"Disk Usage": 0,"Rows Removed by Filter": 29597,"Plans": [{"Node Type": "Nested Loop","Parent Relationship": "Outer","Parallel Aware": false,"Async Capable": false,"Join Type": "Inner","Startup Cost": 7.81,"Total Cost": 4194.26,"Plan Rows": 32000,"Plan Width": 14,"Actual Startup Time": 0.375,"Actual Total Time": 200.721,"Actual Rows": 32400,"Actual Loops": 1,"Inner Unique": false,"Plans": [{"Node Type": "Nested Loop","Parent Relationship": "Outer","Parallel Aware": false,"Async Capable": false,"Join Type": "Inner","Startup Cost": 7.38,"Total Cost": 244.58,"Plan Rows": 400,"Plan Width": 4,"Actual Startup Time": 0.269,"Actual Total Time": 2.791,"Actual Rows": 405,"Actual Loops": 1,"Inner Unique": false,"Plans": [{"Node Type": "Seq Scan","Parent Relationship": "Outer","Parallel Aware": false,"Async Capable": false,"Relation Name": "nation","Alias": "nation","Startup Cost": 0.00,"Total Cost": 1.31,"Plan Rows": 1,"Plan Width": 4,"Actual Startup Time": 0.076,"Actual Total Time": 0.092,"Actual Rows": 1,"Actual Loops": 1,"Filter": "(n_name = 'INDONESIA'::bpchar)","Rows Removed by Filter": 24},{"Node Type": "Bitmap Heap Scan","Parent Relationship": "Inner","Parallel Aware": false,"Async Capable": false,"Relation Name": "supplier","Alias": "supplier","Startup Cost": 7.38,"Total Cost": 239.27,"Plan Rows": 400,"Plan Width": 8,"Actual Startup Time": 0.187,"Actual Total Time": 2.648,"Actual Rows": 405,"Actual Loops": 1,"Recheck Cond": "(s_nationkey = nation.n_nationkey)","Rows Removed by Index Recheck": 0,"Exact Heap Blocks": 192,"Lossy Heap Blocks": 0,"Plans": [{"Node Type": "Bitmap Index Scan","Parent Relationship": "Outer","Parallel Aware": false,"Async Capable": false,"Index Name": "idx_supplier_nation_key","Startup Cost": 0.00,"Total Cost": 7.29,"Plan Rows": 400,"Plan Width": 0,"Actual Startup Time": 0.121,"Actual Total Time": 0.124,"Actual Rows": 405,"Actual Loops": 1,"Index Cond": "(s_nationkey = nation.n_nationkey)"}]}]},{"Node Type": "Index Scan","Parent Relationship": "Inner","Parallel Aware": false,"Async Capable": false,"Scan Direction": "Forward","Index Name": "idx_partsupp_suppkey","Relation Name": "partsupp","Alias": "partsupp","Startup Cost": 0.42,"Total Cost": 9.07,"Plan Rows": 80,"Plan Width": 18,"Actual Startup Time": 0.019,"Actual Total Time": 0.477,"Actual Rows": 80,"Actual Loops": 405,"Index Cond": "(ps_suppkey = supplier.s_suppkey)","Rows Removed by Index Recheck": 0}]}]}]},"Planning Time": 7.214,"Triggers": [],"Execution Time": 451.949}]
[{"Plan": {"Node Type": "Sort","Parallel Aware": false,"Async Capable": false,"Startup Cost": 10142.20,"Total Cost": 10168.87,"Plan Rows": 10667,"Plan Width": 36,"Actual Startup Time": 463.200,"Actual Total Time": 463.334,"Actual Rows": 786,"Actual Loops": 1,"Sort Key": ["(sum((partsupp.ps_supplycost * (partsupp.ps_availqty)::numeric))) DESC"],"Sort Method": "quicksort","Sort Space Used": 67,"Sort Space Type": "Memory","Plans": [{"Node Type": "Aggregate","Strategy": "Plain","Partial Mode": "Simple","Parent Relationship": "InitPlan","Subplan Name": "InitPlan 1 (returns $2)","Parallel Aware": false,"Async Capable": false,"Startup Cost": 4434.26,"Total Cost": 4434.27,"Plan Rows": 1,"Plan Width": 32,"Actual Startup Time": 138.217,"Actual Total Time": 138.241,"Actual Rows": 1,"Actual Loops": 1,"Plans": [{"Node Type": "Nested Loop","Parent Relationship": "Outer","Parallel Aware": false,"Async Capable": false,"Join Type": "Inner","Startup Cost": 7.81,"Total Cost": 4194.26,"Plan Rows": 32000,"Plan Width": 10,"Actual Startup Time": 0.203,"Actual Total Time": 130.632,"Actual Rows": 33040,"Actual Loops": 1,"Inner Unique": false,"Plans": [{"Node Type": "Nested Loop","Parent Relationship": "Outer","Parallel Aware": false,"Async Capable": false,"Join Type": "Inner","Startup Cost": 7.38,"Total Cost": 244.58,"Plan Rows": 400,"Plan Width": 4,"Actual Startup Time": 0.159,"Actual Total Time": 1.911,"Actual Rows": 413,"Actual Loops": 1,"Inner Unique": false,"Plans": [{"Node Type": "Seq Scan","Parent Relationship": "Outer","Parallel Aware": false,"Async Capable": false,"Relation Name": "nation","Alias": "nation_1","Startup Cost": 0.00,"Total Cost": 1.31,"Plan Rows": 1,"Plan Width": 4,"Actual Startup Time": 0.020,"Actual Total Time": 0.050,"Actual Rows": 1,"Actual Loops": 1,"Filter": "(n_name = 'ARGENTINA'::bpchar)","Rows Removed by Filter": 24},{"Node Type": "Bitmap Heap Scan","Parent Relationship": "Inner","Parallel Aware": false,"Async Capable": false,"Relation Name": "supplier","Alias": "supplier_1","Startup Cost": 7.38,"Total Cost": 239.27,"Plan Rows": 400,"Plan Width": 8,"Actual Startup Time": 0.122,"Actual Total Time": 1.805,"Actual Rows": 413,"Actual Loops": 1,"Recheck Cond": "(s_nationkey = nation_1.n_nationkey)","Rows Removed by Index Recheck": 0,"Exact Heap Blocks": 190,"Lossy Heap Blocks": 0,"Plans": [{"Node Type": "Bitmap Index Scan","Parent Relationship": "Outer","Parallel Aware": false,"Async Capable": false,"Index Name": "idx_supplier_nation_key","Startup Cost": 0.00,"Total Cost": 7.29,"Plan Rows": 400,"Plan Width": 0,"Actual Startup Time": 0.076,"Actual Total Time": 0.082,"Actual Rows": 413,"Actual Loops": 1,"Index Cond": "(s_nationkey = nation_1.n_nationkey)"}]}]},{"Node Type": "Index Scan","Parent Relationship": "Inner","Parallel Aware": false,"Async Capable": false,"Scan Direction": "Forward","Index Name": "idx_partsupp_suppkey","Relation Name": "partsupp","Alias": "partsupp_1","Startup Cost": 0.42,"Total Cost": 9.07,"Plan Rows": 80,"Plan Width": 14,"Actual Startup Time": 0.015,"Actual Total Time": 0.299,"Actual Rows": 80,"Actual Loops": 413,"Index Cond": "(ps_suppkey = supplier_1.s_suppkey)","Rows Removed by Index Recheck": 0}]}]},{"Node Type": "Aggregate","Strategy": "Hashed","Partial Mode": "Simple","Parent Relationship": "Outer","Parallel Aware": false,"Async Capable": false,"Startup Cost": 4514.26,"Total Cost": 4994.26,"Plan Rows": 10667,"Plan Width": 36,"Actual Startup Time": 387.894,"Actual Total Time": 462.834,"Actual Rows": 786,"Actual Loops": 1,"Group Key": ["partsupp.ps_partkey"],"Filter": "(sum((partsupp.ps_supplycost * (partsupp.ps_availqty)::numeric)) > $2)","Planned Partitions": 0,"HashAgg Batches": 1,"Peak Memory Usage": 17937,"Disk Usage": 0,"Rows Removed by Filter": 30324,"Plans": [{"Node Type": "Nested Loop","Parent Relationship": "Outer","Parallel Aware": false,"Async Capable": false,"Join Type": "Inner","Startup Cost": 7.81,"Total Cost": 4194.26,"Plan Rows": 32000,"Plan Width": 14,"Actual Startup Time": 0.397,"Actual Total Time": 197.172,"Actual Rows": 33040,"Actual Loops": 1,"Inner Unique": false,"Plans": [{"Node Type": "Nested Loop","Parent Relationship": "Outer","Parallel Aware": false,"Async Capable": false,"Join Type": "Inner","Startup Cost": 7.38,"Total Cost": 244.58,"Plan Rows": 400,"Plan Width": 4,"Actual Startup Time": 0.324,"Actual Total Time": 2.886,"Actual Rows": 413,"Actual Loops": 1,"Inner Unique": false,"Plans": [{"Node Type": "Seq Scan","Parent Relationship": "Outer","Parallel Aware": false,"Async Capable": false,"Relation Name": "nation","Alias": "nation","Startup Cost": 0.00,"Total Cost": 1.31,"Plan Rows": 1,"Plan Width": 4,"Actual Startup Time": 0.073,"Actual Total Time": 0.106,"Actual Rows": 1,"Actual Loops": 1,"Filter": "(n_name = 'ARGENTINA'::bpchar)","Rows Removed by Filter": 24},{"Node Type": "Bitmap Heap Scan","Parent Relationship": "Inner","Parallel Aware": false,"Async Capable": false,"Relation Name": "supplier","Alias": "supplier","Startup Cost": 7.38,"Total Cost": 239.27,"Plan Rows": 400,"Plan Width": 8,"Actual Startup Time": 0.246,"Actual Total Time": 2.727,"Actual Rows": 413,"Actual Loops": 1,"Recheck Cond": "(s_nationkey = nation.n_nationkey)","Rows Removed by Index Recheck": 0,"Exact Heap Blocks": 190,"Lossy Heap Blocks": 0,"Plans": [{"Node Type": "Bitmap Index Scan","Parent Relationship": "Outer","Parallel Aware": false,"Async Capable": false,"Index Name": "idx_supplier_nation_key","Startup Cost": 0.00,"Total Cost": 7.29,"Plan Rows": 400,"Plan Width": 0,"Actual Startup Time": 0.154,"Actual Total Time": 0.156,"Actual Rows": 413,"Actual Loops": 1,"Index Cond": "(s_nationkey = nation.n_nationkey)"}]}]},{"Node Type": "Index Scan","Parent Relationship": "Inner","Parallel Aware": false,"Async Capable": false,"Scan Direction": "Forward","Index Name": "idx_partsupp_suppkey","Relation Name": "partsupp","Alias": "partsupp","Startup Cost": 0.42,"Total Cost": 9.07,"Plan Rows": 80,"Plan Width": 18,"Actual Startup Time": 0.020,"Actual Total Time": 0.459,"Actual Rows": 80,"Actual Loops": 413,"Index Cond": "(ps_suppkey = supplier.s_suppkey)","Rows Removed by Index Recheck": 0}]}]}]},"Planning Time": 6.005,"Triggers": [],"Execution Time": 466.166}]
[{"Plan": {"Node Type": "Sort","Parallel Aware": false,"Async Capable": false,"Startup Cost": 10142.20,"Total Cost": 10168.87,"Plan Rows": 10667,"Plan Width": 36,"Actual Startup Time": 454.370,"Actual Total Time": 454.495,"Actual Rows": 925,"Actual Loops": 1,"Sort Key": ["(sum((partsupp.ps_supplycost * (partsupp.ps_availqty)::numeric))) DESC"],"Sort Method": "quicksort","Sort Space Used": 75,"Sort Space Type": "Memory","Plans": [{"Node Type": "Aggregate","Strategy": "Plain","Partial Mode": "Simple","Parent Relationship": "InitPlan","Subplan Name": "InitPlan 1 (returns $2)","Parallel Aware": false,"Async Capable": false,"Startup Cost": 4434.26,"Total Cost": 4434.27,"Plan Rows": 1,"Plan Width": 32,"Actual Startup Time": 135.908,"Actual Total Time": 135.923,"Actual Rows": 1,"Actual Loops": 1,"Plans": [{"Node Type": "Nested Loop","Parent Relationship": "Outer","Parallel Aware": false,"Async Capable": false,"Join Type": "Inner","Startup Cost": 7.81,"Total Cost": 4194.26,"Plan Rows": 32000,"Plan Width": 10,"Actual Startup Time": 0.237,"Actual Total Time": 128.564,"Actual Rows": 31840,"Actual Loops": 1,"Inner Unique": false,"Plans": [{"Node Type": "Nested Loop","Parent Relationship": "Outer","Parallel Aware": false,"Async Capable": false,"Join Type": "Inner","Startup Cost": 7.38,"Total Cost": 244.58,"Plan Rows": 400,"Plan Width": 4,"Actual Startup Time": 0.190,"Actual Total Time": 1.776,"Actual Rows": 398,"Actual Loops": 1,"Inner Unique": false,"Plans": [{"Node Type": "Seq Scan","Parent Relationship": "Outer","Parallel Aware": false,"Async Capable": false,"Relation Name": "nation","Alias": "nation_1","Startup Cost": 0.00,"Total Cost": 1.31,"Plan Rows": 1,"Plan Width": 4,"Actual Startup Time": 0.045,"Actual Total Time": 0.060,"Actual Rows": 1,"Actual Loops": 1,"Filter": "(n_name = 'ROMANIA'::bpchar)","Rows Removed by Filter": 24},{"Node Type": "Bitmap Heap Scan","Parent Relationship": "Inner","Parallel Aware": false,"Async Capable": false,"Relation Name": "supplier","Alias": "supplier_1","Startup Cost": 7.38,"Total Cost": 239.27,"Plan Rows": 400,"Plan Width": 8,"Actual Startup Time": 0.127,"Actual Total Time": 1.656,"Actual Rows": 398,"Actual Loops": 1,"Recheck Cond": "(s_nationkey = nation_1.n_nationkey)","Rows Removed by Index Recheck": 0,"Exact Heap Blocks": 186,"Lossy Heap Blocks": 0,"Plans": [{"Node Type": "Bitmap Index Scan","Parent Relationship": "Outer","Parallel Aware": false,"Async Capable": false,"Index Name": "idx_supplier_nation_key","Startup Cost": 0.00,"Total Cost": 7.29,"Plan Rows": 400,"Plan Width": 0,"Actual Startup Time": 0.081,"Actual Total Time": 0.084,"Actual Rows": 398,"Actual Loops": 1,"Index Cond": "(s_nationkey = nation_1.n_nationkey)"}]}]},{"Node Type": "Index Scan","Parent Relationship": "Inner","Parallel Aware": false,"Async Capable": false,"Scan Direction": "Forward","Index Name": "idx_partsupp_suppkey","Relation Name": "partsupp","Alias": "partsupp_1","Startup Cost": 0.42,"Total Cost": 9.07,"Plan Rows": 80,"Plan Width": 14,"Actual Startup Time": 0.015,"Actual Total Time": 0.306,"Actual Rows": 80,"Actual Loops": 398,"Index Cond": "(ps_suppkey = supplier_1.s_suppkey)","Rows Removed by Index Recheck": 0}]}]},{"Node Type": "Aggregate","Strategy": "Hashed","Partial Mode": "Simple","Parent Relationship": "Outer","Parallel Aware": false,"Async Capable": false,"Startup Cost": 4514.26,"Total Cost": 4994.26,"Plan Rows": 10667,"Plan Width": 36,"Actual Startup Time": 383.049,"Actual Total Time": 453.972,"Actual Rows": 925,"Actual Loops": 1,"Group Key": ["partsupp.ps_partkey"],"Filter": "(sum((partsupp.ps_supplycost * (partsupp.ps_availqty)::numeric)) > $2)","Planned Partitions": 0,"HashAgg Batches": 1,"Peak Memory Usage": 17937,"Disk Usage": 0,"Rows Removed by Filter": 29106,"Plans": [{"Node Type": "Nested Loop","Parent Relationship": "Outer","Parallel Aware": false,"Async Capable": false,"Join Type": "Inner","Startup Cost": 7.81,"Total Cost": 4194.26,"Plan Rows": 32000,"Plan Width": 14,"Actual Startup Time": 0.324,"Actual Total Time": 197.326,"Actual Rows": 31840,"Actual Loops": 1,"Inner Unique": false,"Plans": [{"Node Type": "Nested Loop","Parent Relationship": "Outer","Parallel Aware": false,"Async Capable": false,"Join Type": "Inner","Startup Cost": 7.38,"Total Cost": 244.58,"Plan Rows": 400,"Plan Width": 4,"Actual Startup Time": 0.245,"Actual Total Time": 2.763,"Actual Rows": 398,"Actual Loops": 1,"Inner Unique": false,"Plans": [{"Node Type": "Seq Scan","Parent Relationship": "Outer","Parallel Aware": false,"Async Capable": false,"Relation Name": "nation","Alias": "nation","Startup Cost": 0.00,"Total Cost": 1.31,"Plan Rows": 1,"Plan Width": 4,"Actual Startup Time": 0.070,"Actual Total Time": 0.094,"Actual Rows": 1,"Actual Loops": 1,"Filter": "(n_name = 'ROMANIA'::bpchar)","Rows Removed by Filter": 24},{"Node Type": "Bitmap Heap Scan","Parent Relationship": "Inner","Parallel Aware": false,"Async Capable": false,"Relation Name": "supplier","Alias": "supplier","Startup Cost": 7.38,"Total Cost": 239.27,"Plan Rows": 400,"Plan Width": 8,"Actual Startup Time": 0.167,"Actual Total Time": 2.613,"Actual Rows": 398,"Actual Loops": 1,"Recheck Cond": "(s_nationkey = nation.n_nationkey)","Rows Removed by Index Recheck": 0,"Exact Heap Blocks": 186,"Lossy Heap Blocks": 0,"Plans": [{"Node Type": "Bitmap Index Scan","Parent Relationship": "Outer","Parallel Aware": false,"Async Capable": false,"Index Name": "idx_supplier_nation_key","Startup Cost": 0.00,"Total Cost": 7.29,"Plan Rows": 400,"Plan Width": 0,"Actual Startup Time": 0.108,"Actual Total Time": 0.110,"Actual Rows": 398,"Actual Loops": 1,"Index Cond": "(s_nationkey = nation.n_nationkey)"}]}]},{"Node Type": "Index Scan","Parent Relationship": "Inner","Parallel Aware": false,"Async Capable": false,"Scan Direction": "Forward","Index Name": "idx_partsupp_suppkey","Relation Name": "partsupp","Alias": "partsupp","Startup Cost": 0.42,"Total Cost": 9.07,"Plan Rows": 80,"Plan Width": 18,"Actual Startup Time": 0.020,"Actual Total Time": 0.477,"Actual Rows": 80,"Actual Loops": 398,"Index Cond": "(ps_suppkey = supplier.s_suppkey)","Rows Removed by Index Recheck": 0}]}]}]},"Planning Time": 5.113,"Triggers": [],"Execution Time": 456.866}]
[{"Plan": {"Node Type": "Sort","Parallel Aware": false,"Async Capable": false,"Startup Cost": 10142.20,"Total Cost": 10168.87,"Plan Rows": 10667,"Plan Width": 36,"Actual Startup Time": 433.878,"Actual Total Time": 434.021,"Actual Rows": 1048,"Actual Loops": 1,"Sort Key": ["(sum((partsupp.ps_supplycost * (partsupp.ps_availqty)::numeric))) DESC"],"Sort Method": "quicksort","Sort Space Used": 106,"Sort Space Type": "Memory","Plans": [{"Node Type": "Aggregate","Strategy": "Plain","Partial Mode": "Simple","Parent Relationship": "InitPlan","Subplan Name": "InitPlan 1 (returns $2)","Parallel Aware": false,"Async Capable": false,"Startup Cost": 4434.26,"Total Cost": 4434.27,"Plan Rows": 1,"Plan Width": 32,"Actual Startup Time": 128.490,"Actual Total Time": 128.514,"Actual Rows": 1,"Actual Loops": 1,"Plans": [{"Node Type": "Nested Loop","Parent Relationship": "Outer","Parallel Aware": false,"Async Capable": false,"Join Type": "Inner","Startup Cost": 7.81,"Total Cost": 4194.26,"Plan Rows": 32000,"Plan Width": 10,"Actual Startup Time": 0.194,"Actual Total Time": 121.249,"Actual Rows": 31680,"Actual Loops": 1,"Inner Unique": false,"Plans": [{"Node Type": "Nested Loop","Parent Relationship": "Outer","Parallel Aware": false,"Async Capable": false,"Join Type": "Inner","Startup Cost": 7.38,"Total Cost": 244.58,"Plan Rows": 400,"Plan Width": 4,"Actual Startup Time": 0.149,"Actual Total Time": 1.791,"Actual Rows": 396,"Actual Loops": 1,"Inner Unique": false,"Plans": [{"Node Type": "Seq Scan","Parent Relationship": "Outer","Parallel Aware": false,"Async Capable": false,"Relation Name": "nation","Alias": "nation_1","Startup Cost": 0.00,"Total Cost": 1.31,"Plan Rows": 1,"Plan Width": 4,"Actual Startup Time": 0.037,"Actual Total Time": 0.065,"Actual Rows": 1,"Actual Loops": 1,"Filter": "(n_name = 'GERMANY'::bpchar)","Rows Removed by Filter": 24},{"Node Type": "Bitmap Heap Scan","Parent Relationship": "Inner","Parallel Aware": false,"Async Capable": false,"Relation Name": "supplier","Alias": "supplier_1","Startup Cost": 7.38,"Total Cost": 239.27,"Plan Rows": 400,"Plan Width": 8,"Actual Startup Time": 0.101,"Actual Total Time": 1.663,"Actual Rows": 396,"Actual Loops": 1,"Recheck Cond": "(s_nationkey = nation_1.n_nationkey)","Rows Removed by Index Recheck": 0,"Exact Heap Blocks": 191,"Lossy Heap Blocks": 0,"Plans": [{"Node Type": "Bitmap Index Scan","Parent Relationship": "Outer","Parallel Aware": false,"Async Capable": false,"Index Name": "idx_supplier_nation_key","Startup Cost": 0.00,"Total Cost": 7.29,"Plan Rows": 400,"Plan Width": 0,"Actual Startup Time": 0.064,"Actual Total Time": 0.071,"Actual Rows": 396,"Actual Loops": 1,"Index Cond": "(s_nationkey = nation_1.n_nationkey)"}]}]},{"Node Type": "Index Scan","Parent Relationship": "Inner","Parallel Aware": false,"Async Capable": false,"Scan Direction": "Forward","Index Name": "idx_partsupp_suppkey","Relation Name": "partsupp","Alias": "partsupp_1","Startup Cost": 0.42,"Total Cost": 9.07,"Plan Rows": 80,"Plan Width": 14,"Actual Startup Time": 0.014,"Actual Total Time": 0.289,"Actual Rows": 80,"Actual Loops": 396,"Index Cond": "(ps_suppkey = supplier_1.s_suppkey)","Rows Removed by Index Recheck": 0}]}]},{"Node Type": "Aggregate","Strategy": "Hashed","Partial Mode": "Simple","Parent Relationship": "Outer","Parallel Aware": false,"Async Capable": false,"Startup Cost": 4514.26,"Total Cost": 4994.26,"Plan Rows": 10667,"Plan Width": 36,"Actual Startup Time": 363.472,"Actual Total Time": 433.375,"Actual Rows": 1048,"Actual Loops": 1,"Group Key": ["partsupp.ps_partkey"],"Filter": "(sum((partsupp.ps_supplycost * (partsupp.ps_availqty)::numeric)) > $2)","Planned Partitions": 0,"HashAgg Batches": 1,"Peak Memory Usage": 17937,"Disk Usage": 0,"Rows Removed by Filter": 28770,"Plans": [{"Node Type": "Nested Loop","Parent Relationship": "Outer","Parallel Aware": false,"Async Capable": false,"Join Type": "Inner","Startup Cost": 7.81,"Total Cost": 4194.26,"Plan Rows": 32000,"Plan Width": 14,"Actual Startup Time": 0.319,"Actual Total Time": 192.866,"Actual Rows": 31680,"Actual Loops": 1,"Inner Unique": false,"Plans": [{"Node Type": "Nested Loop","Parent Relationship": "Outer","Parallel Aware": false,"Async Capable": false,"Join Type": "Inner","Startup Cost": 7.38,"Total Cost": 244.58,"Plan Rows": 400,"Plan Width": 4,"Actual Startup Time": 0.254,"Actual Total Time": 2.704,"Actual Rows": 396,"Actual Loops": 1,"Inner Unique": false,"Plans": [{"Node Type": "Seq Scan","Parent Relationship": "Outer","Parallel Aware": false,"Async Capable": false,"Relation Name": "nation","Alias": "nation","Startup Cost": 0.00,"Total Cost": 1.31,"Plan Rows": 1,"Plan Width": 4,"Actual Startup Time": 0.067,"Actual Total Time": 0.092,"Actual Rows": 1,"Actual Loops": 1,"Filter": "(n_name = 'GERMANY'::bpchar)","Rows Removed by Filter": 24},{"Node Type": "Bitmap Heap Scan","Parent Relationship": "Inner","Parallel Aware": false,"Async Capable": false,"Relation Name": "supplier","Alias": "supplier","Startup Cost": 7.38,"Total Cost": 239.27,"Plan Rows": 400,"Plan Width": 8,"Actual Startup Time": 0.180,"Actual Total Time": 2.555,"Actual Rows": 396,"Actual Loops": 1,"Recheck Cond": "(s_nationkey = nation.n_nationkey)","Rows Removed by Index Recheck": 0,"Exact Heap Blocks": 191,"Lossy Heap Blocks": 0,"Plans": [{"Node Type": "Bitmap Index Scan","Parent Relationship": "Outer","Parallel Aware": false,"Async Capable": false,"Index Name": "idx_supplier_nation_key","Startup Cost": 0.00,"Total Cost": 7.29,"Plan Rows": 400,"Plan Width": 0,"Actual Startup Time": 0.114,"Actual Total Time": 0.118,"Actual Rows": 396,"Actual Loops": 1,"Index Cond": "(s_nationkey = nation.n_nationkey)"}]}]},{"Node Type": "Index Scan","Parent Relationship": "Inner","Parallel Aware": false,"Async Capable": false,"Scan Direction": "Forward","Index Name": "idx_partsupp_suppkey","Relation Name": "partsupp","Alias": "partsupp","Startup Cost": 0.42,"Total Cost": 9.07,"Plan Rows": 80,"Plan Width": 18,"Actual Startup Time": 0.019,"Actual Total Time": 0.468,"Actual Rows": 80,"Actual Loops": 396,"Index Cond": "(ps_suppkey = supplier.s_suppkey)","Rows Removed by Index Recheck": 0}]}]}]},"Planning Time": 7.362,"Triggers": [],"Execution Time": 437.365}]
[{"Plan": {"Node Type": "Sort","Parallel Aware": false,"Async Capable": false,"Startup Cost": 10142.20,"Total Cost": 10168.87,"Plan Rows": 10667,"Plan Width": 36,"Actual Startup Time": 479.473,"Actual Total Time": 479.584,"Actual Rows": 514,"Actual Loops": 1,"Sort Key": ["(sum((partsupp.ps_supplycost * (partsupp.ps_availqty)::numeric))) DESC"],"Sort Method": "quicksort","Sort Space Used": 53,"Sort Space Type": "Memory","Plans": [{"Node Type": "Aggregate","Strategy": "Plain","Partial Mode": "Simple","Parent Relationship": "InitPlan","Subplan Name": "InitPlan 1 (returns $2)","Parallel Aware": false,"Async Capable": false,"Startup Cost": 4434.26,"Total Cost": 4434.27,"Plan Rows": 1,"Plan Width": 32,"Actual Startup Time": 141.847,"Actual Total Time": 141.875,"Actual Rows": 1,"Actual Loops": 1,"Plans": [{"Node Type": "Nested Loop","Parent Relationship": "Outer","Parallel Aware": false,"Async Capable": false,"Join Type": "Inner","Startup Cost": 7.81,"Total Cost": 4194.26,"Plan Rows": 32000,"Plan Width": 10,"Actual Startup Time": 0.217,"Actual Total Time": 133.744,"Actual Rows": 35040,"Actual Loops": 1,"Inner Unique": false,"Plans": [{"Node Type": "Nested Loop","Parent Relationship": "Outer","Parallel Aware": false,"Async Capable": false,"Join Type": "Inner","Startup Cost": 7.38,"Total Cost": 244.58,"Plan Rows": 400,"Plan Width": 4,"Actual Startup Time": 0.176,"Actual Total Time": 1.973,"Actual Rows": 438,"Actual Loops": 1,"Inner Unique": false,"Plans": [{"Node Type": "Seq Scan","Parent Relationship": "Outer","Parallel Aware": false,"Async Capable": false,"Relation Name": "nation","Alias": "nation_1","Startup Cost": 0.00,"Total Cost": 1.31,"Plan Rows": 1,"Plan Width": 4,"Actual Startup Time": 0.030,"Actual Total Time": 0.050,"Actual Rows": 1,"Actual Loops": 1,"Filter": "(n_name = 'IRAQ'::bpchar)","Rows Removed by Filter": 24},{"Node Type": "Bitmap Heap Scan","Parent Relationship": "Inner","Parallel Aware": false,"Async Capable": false,"Relation Name": "supplier","Alias": "supplier_1","Startup Cost": 7.38,"Total Cost": 239.27,"Plan Rows": 400,"Plan Width": 8,"Actual Startup Time": 0.128,"Actual Total Time": 1.851,"Actual Rows": 438,"Actual Loops": 1,"Recheck Cond": "(s_nationkey = nation_1.n_nationkey)","Rows Removed by Index Recheck": 0,"Exact Heap Blocks": 194,"Lossy Heap Blocks": 0,"Plans": [{"Node Type": "Bitmap Index Scan","Parent Relationship": "Outer","Parallel Aware": false,"Async Capable": false,"Index Name": "idx_supplier_nation_key","Startup Cost": 0.00,"Total Cost": 7.29,"Plan Rows": 400,"Plan Width": 0,"Actual Startup Time": 0.090,"Actual Total Time": 0.096,"Actual Rows": 438,"Actual Loops": 1,"Index Cond": "(s_nationkey = nation_1.n_nationkey)"}]}]},{"Node Type": "Index Scan","Parent Relationship": "Inner","Parallel Aware": false,"Async Capable": false,"Scan Direction": "Forward","Index Name": "idx_partsupp_suppkey","Relation Name": "partsupp","Alias": "partsupp_1","Startup Cost": 0.42,"Total Cost": 9.07,"Plan Rows": 80,"Plan Width": 14,"Actual Startup Time": 0.014,"Actual Total Time": 0.289,"Actual Rows": 80,"Actual Loops": 438,"Index Cond": "(ps_suppkey = supplier_1.s_suppkey)","Rows Removed by Index Recheck": 0}]}]},{"Node Type": "Aggregate","Strategy": "Hashed","Partial Mode": "Simple","Parent Relationship": "Outer","Parallel Aware": false,"Async Capable": false,"Startup Cost": 4514.26,"Total Cost": 4994.26,"Plan Rows": 10667,"Plan Width": 36,"Actual Startup Time": 398.650,"Actual Total Time": 479.180,"Actual Rows": 514,"Actual Loops": 1,"Group Key": ["partsupp.ps_partkey"],"Filter": "(sum((partsupp.ps_supplycost * (partsupp.ps_availqty)::numeric)) > $2)","Planned Partitions": 0,"HashAgg Batches": 1,"Peak Memory Usage": 17937,"Disk Usage": 0,"Rows Removed by Filter": 32385,"Plans": [{"Node Type": "Nested Loop","Parent Relationship": "Outer","Parallel Aware": false,"Async Capable": false,"Join Type": "Inner","Startup Cost": 7.81,"Total Cost": 4194.26,"Plan Rows": 32000,"Plan Width": 14,"Actual Startup Time": 0.368,"Actual Total Time": 210.024,"Actual Rows": 35040,"Actual Loops": 1,"Inner Unique": false,"Plans": [{"Node Type": "Nested Loop","Parent Relationship": "Outer","Parallel Aware": false,"Async Capable": false,"Join Type": "Inner","Startup Cost": 7.38,"Total Cost": 244.58,"Plan Rows": 400,"Plan Width": 4,"Actual Startup Time": 0.322,"Actual Total Time": 2.894,"Actual Rows": 438,"Actual Loops": 1,"Inner Unique": false,"Plans": [{"Node Type": "Seq Scan","Parent Relationship": "Outer","Parallel Aware": false,"Async Capable": false,"Relation Name": "nation","Alias": "nation","Startup Cost": 0.00,"Total Cost": 1.31,"Plan Rows": 1,"Plan Width": 4,"Actual Startup Time": 0.077,"Actual Total Time": 0.103,"Actual Rows": 1,"Actual Loops": 1,"Filter": "(n_name = 'IRAQ'::bpchar)","Rows Removed by Filter": 24},{"Node Type": "Bitmap Heap Scan","Parent Relationship": "Inner","Parallel Aware": false,"Async Capable": false,"Relation Name": "supplier","Alias": "supplier","Startup Cost": 7.38,"Total Cost": 239.27,"Plan Rows": 400,"Plan Width": 8,"Actual Startup Time": 0.239,"Actual Total Time": 2.735,"Actual Rows": 438,"Actual Loops": 1,"Recheck Cond": "(s_nationkey = nation.n_nationkey)","Rows Removed by Index Recheck": 0,"Exact Heap Blocks": 194,"Lossy Heap Blocks": 0,"Plans": [{"Node Type": "Bitmap Index Scan","Parent Relationship": "Outer","Parallel Aware": false,"Async Capable": false,"Index Name": "idx_supplier_nation_key","Startup Cost": 0.00,"Total Cost": 7.29,"Plan Rows": 400,"Plan Width": 0,"Actual Startup Time": 0.165,"Actual Total Time": 0.169,"Actual Rows": 438,"Actual Loops": 1,"Index Cond": "(s_nationkey = nation.n_nationkey)"}]}]},{"Node Type": "Index Scan","Parent Relationship": "Inner","Parallel Aware": false,"Async Capable": false,"Scan Direction": "Forward","Index Name": "idx_partsupp_suppkey","Relation Name": "partsupp","Alias": "partsupp","Startup Cost": 0.42,"Total Cost": 9.07,"Plan Rows": 80,"Plan Width": 18,"Actual Startup Time": 0.019,"Actual Total Time": 0.461,"Actual Rows": 80,"Actual Loops": 438,"Index Cond": "(ps_suppkey = supplier.s_suppkey)","Rows Removed by Index Recheck": 0}]}]}]},"Planning Time": 5.748,"Triggers": [],"Execution Time": 483.087}]
[{"Plan": {"Node Type": "Sort","Parallel Aware": false,"Async Capable": false,"Startup Cost": 10142.20,"Total Cost": 10168.87,"Plan Rows": 10667,"Plan Width": 36,"Actual Startup Time": 460.724,"Actual Total Time": 460.840,"Actual Rows": 741,"Actual Loops": 1,"Sort Key": ["(sum((partsupp.ps_supplycost * (partsupp.ps_availqty)::numeric))) DESC"],"Sort Method": "quicksort","Sort Space Used": 65,"Sort Space Type": "Memory","Plans": [{"Node Type": "Aggregate","Strategy": "Plain","Partial Mode": "Simple","Parent Relationship": "InitPlan","Subplan Name": "InitPlan 1 (returns $2)","Parallel Aware": false,"Async Capable": false,"Startup Cost": 4434.26,"Total Cost": 4434.27,"Plan Rows": 1,"Plan Width": 32,"Actual Startup Time": 132.110,"Actual Total Time": 132.136,"Actual Rows": 1,"Actual Loops": 1,"Plans": [{"Node Type": "Nested Loop","Parent Relationship": "Outer","Parallel Aware": false,"Async Capable": false,"Join Type": "Inner","Startup Cost": 7.81,"Total Cost": 4194.26,"Plan Rows": 32000,"Plan Width": 10,"Actual Startup Time": 0.212,"Actual Total Time": 124.425,"Actual Rows": 33680,"Actual Loops": 1,"Inner Unique": false,"Plans": [{"Node Type": "Nested Loop","Parent Relationship": "Outer","Parallel Aware": false,"Async Capable": false,"Join Type": "Inner","Startup Cost": 7.38,"Total Cost": 244.58,"Plan Rows": 400,"Plan Width": 4,"Actual Startup Time": 0.146,"Actual Total Time": 1.771,"Actual Rows": 421,"Actual Loops": 1,"Inner Unique": false,"Plans": [{"Node Type": "Seq Scan","Parent Relationship": "Outer","Parallel Aware": false,"Async Capable": false,"Relation Name": "nation","Alias": "nation_1","Startup Cost": 0.00,"Total Cost": 1.31,"Plan Rows": 1,"Plan Width": 4,"Actual Startup Time": 0.036,"Actual Total Time": 0.052,"Actual Rows": 1,"Actual Loops": 1,"Filter": "(n_name = 'PERU'::bpchar)","Rows Removed by Filter": 24},{"Node Type": "Bitmap Heap Scan","Parent Relationship": "Inner","Parallel Aware": false,"Async Capable": false,"Relation Name": "supplier","Alias": "supplier_1","Startup Cost": 7.38,"Total Cost": 239.27,"Plan Rows": 400,"Plan Width": 8,"Actual Startup Time": 0.097,"Actual Total Time": 1.663,"Actual Rows": 421,"Actual Loops": 1,"Recheck Cond": "(s_nationkey = nation_1.n_nationkey)","Rows Removed by Index Recheck": 0,"Exact Heap Blocks": 187,"Lossy Heap Blocks": 0,"Plans": [{"Node Type": "Bitmap Index Scan","Parent Relationship": "Outer","Parallel Aware": false,"Async Capable": false,"Index Name": "idx_supplier_nation_key","Startup Cost": 0.00,"Total Cost": 7.29,"Plan Rows": 400,"Plan Width": 0,"Actual Startup Time": 0.063,"Actual Total Time": 0.070,"Actual Rows": 421,"Actual Loops": 1,"Index Cond": "(s_nationkey = nation_1.n_nationkey)"}]}]},{"Node Type": "Index Scan","Parent Relationship": "Inner","Parallel Aware": false,"Async Capable": false,"Scan Direction": "Forward","Index Name": "idx_partsupp_suppkey","Relation Name": "partsupp","Alias": "partsupp_1","Startup Cost": 0.42,"Total Cost": 9.07,"Plan Rows": 80,"Plan Width": 14,"Actual Startup Time": 0.014,"Actual Total Time": 0.279,"Actual Rows": 80,"Actual Loops": 421,"Index Cond": "(ps_suppkey = supplier_1.s_suppkey)","Rows Removed by Index Recheck": 0}]}]},{"Node Type": "Aggregate","Strategy": "Hashed","Partial Mode": "Simple","Parent Relationship": "Outer","Parallel Aware": false,"Async Capable": false,"Startup Cost": 4514.26,"Total Cost": 4994.26,"Plan Rows": 10667,"Plan Width": 36,"Actual Startup Time": 384.508,"Actual Total Time": 460.301,"Actual Rows": 741,"Actual Loops": 1,"Group Key": ["partsupp.ps_partkey"],"Filter": "(sum((partsupp.ps_supplycost * (partsupp.ps_availqty)::numeric)) > $2)","Planned Partitions": 0,"HashAgg Batches": 1,"Peak Memory Usage": 17937,"Disk Usage": 0,"Rows Removed by Filter": 30846,"Plans": [{"Node Type": "Nested Loop","Parent Relationship": "Outer","Parallel Aware": false,"Async Capable": false,"Join Type": "Inner","Startup Cost": 7.81,"Total Cost": 4194.26,"Plan Rows": 32000,"Plan Width": 14,"Actual Startup Time": 0.389,"Actual Total Time": 205.243,"Actual Rows": 33680,"Actual Loops": 1,"Inner Unique": false,"Plans": [{"Node Type": "Nested Loop","Parent Relationship": "Outer","Parallel Aware": false,"Async Capable": false,"Join Type": "Inner","Startup Cost": 7.38,"Total Cost": 244.58,"Plan Rows": 400,"Plan Width": 4,"Actual Startup Time": 0.332,"Actual Total Time": 2.785,"Actual Rows": 421,"Actual Loops": 1,"Inner Unique": false,"Plans": [{"Node Type": "Seq Scan","Parent Relationship": "Outer","Parallel Aware": false,"Async Capable": false,"Relation Name": "nation","Alias": "nation","Startup Cost": 0.00,"Total Cost": 1.31,"Plan Rows": 1,"Plan Width": 4,"Actual Startup Time": 0.057,"Actual Total Time": 0.075,"Actual Rows": 1,"Actual Loops": 1,"Filter": "(n_name = 'PERU'::bpchar)","Rows Removed by Filter": 24},{"Node Type": "Bitmap Heap Scan","Parent Relationship": "Inner","Parallel Aware": false,"Async Capable": false,"Relation Name": "supplier","Alias": "supplier","Startup Cost": 7.38,"Total Cost": 239.27,"Plan Rows": 400,"Plan Width": 8,"Actual Startup Time": 0.270,"Actual Total Time": 2.660,"Actual Rows": 421,"Actual Loops": 1,"Recheck Cond": "(s_nationkey = nation.n_nationkey)","Rows Removed by Index Recheck": 0,"Exact Heap Blocks": 187,"Lossy Heap Blocks": 0,"Plans": [{"Node Type": "Bitmap Index Scan","Parent Relationship": "Outer","Parallel Aware": false,"Async Capable": false,"Index Name": "idx_supplier_nation_key","Startup Cost": 0.00,"Total Cost": 7.29,"Plan Rows": 400,"Plan Width": 0,"Actual Startup Time": 0.195,"Actual Total Time": 0.196,"Actual Rows": 421,"Actual Loops": 1,"Index Cond": "(s_nationkey = nation.n_nationkey)"}]}]},{"Node Type": "Index Scan","Parent Relationship": "Inner","Parallel Aware": false,"Async Capable": false,"Scan Direction": "Forward","Index Name": "idx_partsupp_suppkey","Relation Name": "partsupp","Alias": "partsupp","Startup Cost": 0.42,"Total Cost": 9.07,"Plan Rows": 80,"Plan Width": 18,"Actual Startup Time": 0.018,"Actual Total Time": 0.469,"Actual Rows": 80,"Actual Loops": 421,"Index Cond": "(ps_suppkey = supplier.s_suppkey)","Rows Removed by Index Recheck": 0}]}]}]},"Planning Time": 6.964,"Triggers": [],"Execution Time": 464.153}]
[{"Plan": {"Node Type": "Sort","Parallel Aware": false,"Async Capable": false,"Startup Cost": 10142.20,"Total Cost": 10168.87,"Plan Rows": 10667,"Plan Width": 36,"Actual Startup Time": 449.560,"Actual Total Time": 449.671,"Actual Rows": 907,"Actual Loops": 1,"Sort Key": ["(sum((partsupp.ps_supplycost * (partsupp.ps_availqty)::numeric))) DESC"],"Sort Method": "quicksort","Sort Space Used": 74,"Sort Space Type": "Memory","Plans": [{"Node Type": "Aggregate","Strategy": "Plain","Partial Mode": "Simple","Parent Relationship": "InitPlan","Subplan Name": "InitPlan 1 (returns $2)","Parallel Aware": false,"Async Capable": false,"Startup Cost": 4434.26,"Total Cost": 4434.27,"Plan Rows": 1,"Plan Width": 32,"Actual Startup Time": 134.911,"Actual Total Time": 134.932,"Actual Rows": 1,"Actual Loops": 1,"Plans": [{"Node Type": "Nested Loop","Parent Relationship": "Outer","Parallel Aware": false,"Async Capable": false,"Join Type": "Inner","Startup Cost": 7.81,"Total Cost": 4194.26,"Plan Rows": 32000,"Plan Width": 10,"Actual Startup Time": 0.196,"Actual Total Time": 127.626,"Actual Rows": 31760,"Actual Loops": 1,"Inner Unique": false,"Plans": [{"Node Type": "Nested Loop","Parent Relationship": "Outer","Parallel Aware": false,"Async Capable": false,"Join Type": "Inner","Startup Cost": 7.38,"Total Cost": 244.58,"Plan Rows": 400,"Plan Width": 4,"Actual Startup Time": 0.146,"Actual Total Time": 1.719,"Actual Rows": 397,"Actual Loops": 1,"Inner Unique": false,"Plans": [{"Node Type": "Seq Scan","Parent Relationship": "Outer","Parallel Aware": false,"Async Capable": false,"Relation Name": "nation","Alias": "nation_1","Startup Cost": 0.00,"Total Cost": 1.31,"Plan Rows": 1,"Plan Width": 4,"Actual Startup Time": 0.024,"Actual Total Time": 0.052,"Actual Rows": 1,"Actual Loops": 1,"Filter": "(n_name = 'BRAZIL'::bpchar)","Rows Removed by Filter": 24},{"Node Type": "Bitmap Heap Scan","Parent Relationship": "Inner","Parallel Aware": false,"Async Capable": false,"Relation Name": "supplier","Alias": "supplier_1","Startup Cost": 7.38,"Total Cost": 239.27,"Plan Rows": 400,"Plan Width": 8,"Actual Startup Time": 0.105,"Actual Total Time": 1.602,"Actual Rows": 397,"Actual Loops": 1,"Recheck Cond": "(s_nationkey = nation_1.n_nationkey)","Rows Removed by Index Recheck": 0,"Exact Heap Blocks": 187,"Lossy Heap Blocks": 0,"Plans": [{"Node Type": "Bitmap Index Scan","Parent Relationship": "Outer","Parallel Aware": false,"Async Capable": false,"Index Name": "idx_supplier_nation_key","Startup Cost": 0.00,"Total Cost": 7.29,"Plan Rows": 400,"Plan Width": 0,"Actual Startup Time": 0.071,"Actual Total Time": 0.077,"Actual Rows": 397,"Actual Loops": 1,"Index Cond": "(s_nationkey = nation_1.n_nationkey)"}]}]},{"Node Type": "Index Scan","Parent Relationship": "Inner","Parallel Aware": false,"Async Capable": false,"Scan Direction": "Forward","Index Name": "idx_partsupp_suppkey","Relation Name": "partsupp","Alias": "partsupp_1","Startup Cost": 0.42,"Total Cost": 9.07,"Plan Rows": 80,"Plan Width": 14,"Actual Startup Time": 0.015,"Actual Total Time": 0.304,"Actual Rows": 80,"Actual Loops": 397,"Index Cond": "(ps_suppkey = supplier_1.s_suppkey)","Rows Removed by Index Recheck": 0}]}]},{"Node Type": "Aggregate","Strategy": "Hashed","Partial Mode": "Simple","Parent Relationship": "Outer","Parallel Aware": false,"Async Capable": false,"Startup Cost": 4514.26,"Total Cost": 4994.26,"Plan Rows": 10667,"Plan Width": 36,"Actual Startup Time": 378.380,"Actual Total Time": 449.162,"Actual Rows": 907,"Actual Loops": 1,"Group Key": ["partsupp.ps_partkey"],"Filter": "(sum((partsupp.ps_supplycost * (partsupp.ps_availqty)::numeric)) > $2)","Planned Partitions": 0,"HashAgg Batches": 1,"Peak Memory Usage": 17937,"Disk Usage": 0,"Rows Removed by Filter": 29157,"Plans": [{"Node Type": "Nested Loop","Parent Relationship": "Outer","Parallel Aware": false,"Async Capable": false,"Join Type": "Inner","Startup Cost": 7.81,"Total Cost": 4194.26,"Plan Rows": 32000,"Plan Width": 14,"Actual Startup Time": 0.353,"Actual Total Time": 195.500,"Actual Rows": 31760,"Actual Loops": 1,"Inner Unique": false,"Plans": [{"Node Type": "Nested Loop","Parent Relationship": "Outer","Parallel Aware": false,"Async Capable": false,"Join Type": "Inner","Startup Cost": 7.38,"Total Cost": 244.58,"Plan Rows": 400,"Plan Width": 4,"Actual Startup Time": 0.264,"Actual Total Time": 2.773,"Actual Rows": 397,"Actual Loops": 1,"Inner Unique": false,"Plans": [{"Node Type": "Seq Scan","Parent Relationship": "Outer","Parallel Aware": false,"Async Capable": false,"Relation Name": "nation","Alias": "nation","Startup Cost": 0.00,"Total Cost": 1.31,"Plan Rows": 1,"Plan Width": 4,"Actual Startup Time": 0.057,"Actual Total Time": 0.077,"Actual Rows": 1,"Actual Loops": 1,"Filter": "(n_name = 'BRAZIL'::bpchar)","Rows Removed by Filter": 24},{"Node Type": "Bitmap Heap Scan","Parent Relationship": "Inner","Parallel Aware": false,"Async Capable": false,"Relation Name": "supplier","Alias": "supplier","Startup Cost": 7.38,"Total Cost": 239.27,"Plan Rows": 400,"Plan Width": 8,"Actual Startup Time": 0.205,"Actual Total Time": 2.649,"Actual Rows": 397,"Actual Loops": 1,"Recheck Cond": "(s_nationkey = nation.n_nationkey)","Rows Removed by Index Recheck": 0,"Exact Heap Blocks": 187,"Lossy Heap Blocks": 0,"Plans": [{"Node Type": "Bitmap Index Scan","Parent Relationship": "Outer","Parallel Aware": false,"Async Capable": false,"Index Name": "idx_supplier_nation_key","Startup Cost": 0.00,"Total Cost": 7.29,"Plan Rows": 400,"Plan Width": 0,"Actual Startup Time": 0.130,"Actual Total Time": 0.131,"Actual Rows": 397,"Actual Loops": 1,"Index Cond": "(s_nationkey = nation.n_nationkey)"}]}]},{"Node Type": "Index Scan","Parent Relationship": "Inner","Parallel Aware": false,"Async Capable": false,"Scan Direction": "Forward","Index Name": "idx_partsupp_suppkey","Relation Name": "partsupp","Alias": "partsupp","Startup Cost": 0.42,"Total Cost": 9.07,"Plan Rows": 80,"Plan Width": 18,"Actual Startup Time": 0.020,"Actual Total Time": 0.474,"Actual Rows": 80,"Actual Loops": 397,"Index Cond": "(ps_suppkey = supplier.s_suppkey)","Rows Removed by Index Recheck": 0}]}]}]},"Planning Time": 5.165,"Triggers": [],"Execution Time": 452.133}]
[{"Plan": {"Node Type": "Sort","Parallel Aware": false,"Async Capable": false,"Startup Cost": 10142.20,"Total Cost": 10168.87,"Plan Rows": 10667,"Plan Width": 36,"Actual Startup Time": 433.392,"Actual Total Time": 433.521,"Actual Rows": 1062,"Actual Loops": 1,"Sort Key": ["(sum((partsupp.ps_supplycost * (partsupp.ps_availqty)::numeric))) DESC"],"Sort Method": "quicksort","Sort Space Used": 107,"Sort Space Type": "Memory","Plans": [{"Node Type": "Aggregate","Strategy": "Plain","Partial Mode": "Simple","Parent Relationship": "InitPlan","Subplan Name": "InitPlan 1 (returns $2)","Parallel Aware": false,"Async Capable": false,"Startup Cost": 4434.26,"Total Cost": 4434.27,"Plan Rows": 1,"Plan Width": 32,"Actual Startup Time": 125.971,"Actual Total Time": 125.990,"Actual Rows": 1,"Actual Loops": 1,"Plans": [{"Node Type": "Nested Loop","Parent Relationship": "Outer","Parallel Aware": false,"Async Capable": false,"Join Type": "Inner","Startup Cost": 7.81,"Total Cost": 4194.26,"Plan Rows": 32000,"Plan Width": 10,"Actual Startup Time": 0.203,"Actual Total Time": 118.781,"Actual Rows": 31440,"Actual Loops": 1,"Inner Unique": false,"Plans": [{"Node Type": "Nested Loop","Parent Relationship": "Outer","Parallel Aware": false,"Async Capable": false,"Join Type": "Inner","Startup Cost": 7.38,"Total Cost": 244.58,"Plan Rows": 400,"Plan Width": 4,"Actual Startup Time": 0.157,"Actual Total Time": 1.656,"Actual Rows": 393,"Actual Loops": 1,"Inner Unique": false,"Plans": [{"Node Type": "Seq Scan","Parent Relationship": "Outer","Parallel Aware": false,"Async Capable": false,"Relation Name": "nation","Alias": "nation_1","Startup Cost": 0.00,"Total Cost": 1.31,"Plan Rows": 1,"Plan Width": 4,"Actual Startup Time": 0.034,"Actual Total Time": 0.054,"Actual Rows": 1,"Actual Loops": 1,"Filter": "(n_name = 'IRAN'::bpchar)","Rows Removed by Filter": 24},{"Node Type": "Bitmap Heap Scan","Parent Relationship": "Inner","Parallel Aware": false,"Async Capable": false,"Relation Name": "supplier","Alias": "supplier_1","Startup Cost": 7.38,"Total Cost": 239.27,"Plan Rows": 400,"Plan Width": 8,"Actual Startup Time": 0.107,"Actual Total Time": 1.545,"Actual Rows": 393,"Actual Loops": 1,"Recheck Cond": "(s_nationkey = nation_1.n_nationkey)","Rows Removed by Index Recheck": 0,"Exact Heap Blocks": 179,"Lossy Heap Blocks": 0,"Plans": [{"Node Type": "Bitmap Index Scan","Parent Relationship": "Outer","Parallel Aware": false,"Async Capable": false,"Index Name": "idx_supplier_nation_key","Startup Cost": 0.00,"Total Cost": 7.29,"Plan Rows": 400,"Plan Width": 0,"Actual Startup Time": 0.076,"Actual Total Time": 0.080,"Actual Rows": 393,"Actual Loops": 1,"Index Cond": "(s_nationkey = nation_1.n_nationkey)"}]}]},{"Node Type": "Index Scan","Parent Relationship": "Inner","Parallel Aware": false,"Async Capable": false,"Scan Direction": "Forward","Index Name": "idx_partsupp_suppkey","Relation Name": "partsupp","Alias": "partsupp_1","Startup Cost": 0.42,"Total Cost": 9.07,"Plan Rows": 80,"Plan Width": 14,"Actual Startup Time": 0.014,"Actual Total Time": 0.286,"Actual Rows": 80,"Actual Loops": 393,"Index Cond": "(ps_suppkey = supplier_1.s_suppkey)","Rows Removed by Index Recheck": 0}]}]},{"Node Type": "Aggregate","Strategy": "Hashed","Partial Mode": "Simple","Parent Relationship": "Outer","Parallel Aware": false,"Async Capable": false,"Startup Cost": 4514.26,"Total Cost": 4994.26,"Plan Rows": 10667,"Plan Width": 36,"Actual Startup Time": 362.794,"Actual Total Time": 432.898,"Actual Rows": 1062,"Actual Loops": 1,"Group Key": ["partsupp.ps_partkey"],"Filter": "(sum((partsupp.ps_supplycost * (partsupp.ps_availqty)::numeric)) > $2)","Planned Partitions": 0,"HashAgg Batches": 1,"Peak Memory Usage": 17937,"Disk Usage": 0,"Rows Removed by Filter": 28595,"Plans": [{"Node Type": "Nested Loop","Parent Relationship": "Outer","Parallel Aware": false,"Async Capable": false,"Join Type": "Inner","Startup Cost": 7.81,"Total Cost": 4194.26,"Plan Rows": 32000,"Plan Width": 14,"Actual Startup Time": 0.338,"Actual Total Time": 194.810,"Actual Rows": 31440,"Actual Loops": 1,"Inner Unique": false,"Plans": [{"Node Type": "Nested Loop","Parent Relationship": "Outer","Parallel Aware": false,"Async Capable": false,"Join Type": "Inner","Startup Cost": 7.38,"Total Cost": 244.58,"Plan Rows": 400,"Plan Width": 4,"Actual Startup Time": 0.285,"Actual Total Time": 2.779,"Actual Rows": 393,"Actual Loops": 1,"Inner Unique": false,"Plans": [{"Node Type": "Seq Scan","Parent Relationship": "Outer","Parallel Aware": false,"Async Capable": false,"Relation Name": "nation","Alias": "nation","Startup Cost": 0.00,"Total Cost": 1.31,"Plan Rows": 1,"Plan Width": 4,"Actual Startup Time": 0.074,"Actual Total Time": 0.096,"Actual Rows": 1,"Actual Loops": 1,"Filter": "(n_name = 'IRAN'::bpchar)","Rows Removed by Filter": 24},{"Node Type": "Bitmap Heap Scan","Parent Relationship": "Inner","Parallel Aware": false,"Async Capable": false,"Relation Name": "supplier","Alias": "supplier","Startup Cost": 7.38,"Total Cost": 239.27,"Plan Rows": 400,"Plan Width": 8,"Actual Startup Time": 0.203,"Actual Total Time": 2.632,"Actual Rows": 393,"Actual Loops": 1,"Recheck Cond": "(s_nationkey = nation.n_nationkey)","Rows Removed by Index Recheck": 0,"Exact Heap Blocks": 179,"Lossy Heap Blocks": 0,"Plans": [{"Node Type": "Bitmap Index Scan","Parent Relationship": "Outer","Parallel Aware": false,"Async Capable": false,"Index Name": "idx_supplier_nation_key","Startup Cost": 0.00,"Total Cost": 7.29,"Plan Rows": 400,"Plan Width": 0,"Actual Startup Time": 0.138,"Actual Total Time": 0.139,"Actual Rows": 393,"Actual Loops": 1,"Index Cond": "(s_nationkey = nation.n_nationkey)"}]}]},{"Node Type": "Index Scan","Parent Relationship": "Inner","Parallel Aware": false,"Async Capable": false,"Scan Direction": "Forward","Index Name": "idx_partsupp_suppkey","Relation Name": "partsupp","Alias": "partsupp","Startup Cost": 0.42,"Total Cost": 9.07,"Plan Rows": 80,"Plan Width": 18,"Actual Startup Time": 0.019,"Actual Total Time": 0.477,"Actual Rows": 80,"Actual Loops": 393,"Index Cond": "(ps_suppkey = supplier.s_suppkey)","Rows Removed by Index Recheck": 0}]}]}]},"Planning Time": 6.603,"Triggers": [],"Execution Time": 437.000}]
[{"Plan": {"Node Type": "Sort","Parallel Aware": false,"Async Capable": false,"Startup Cost": 10142.20,"Total Cost": 10168.87,"Plan Rows": 10667,"Plan Width": 36,"Actual Startup Time": 400.788,"Actual Total Time": 400.942,"Actual Rows": 1469,"Actual Loops": 1,"Sort Key": ["(sum((partsupp.ps_supplycost * (partsupp.ps_availqty)::numeric))) DESC"],"Sort Method": "quicksort","Sort Space Used": 129,"Sort Space Type": "Memory","Plans": [{"Node Type": "Aggregate","Strategy": "Plain","Partial Mode": "Simple","Parent Relationship": "InitPlan","Subplan Name": "InitPlan 1 (returns $2)","Parallel Aware": false,"Async Capable": false,"Startup Cost": 4434.26,"Total Cost": 4434.27,"Plan Rows": 1,"Plan Width": 32,"Actual Startup Time": 117.250,"Actual Total Time": 117.272,"Actual Rows": 1,"Actual Loops": 1,"Plans": [{"Node Type": "Nested Loop","Parent Relationship": "Outer","Parallel Aware": false,"Async Capable": false,"Join Type": "Inner","Startup Cost": 7.81,"Total Cost": 4194.26,"Plan Rows": 32000,"Plan Width": 10,"Actual Startup Time": 0.216,"Actual Total Time": 110.575,"Actual Rows": 28960,"Actual Loops": 1,"Inner Unique": false,"Plans": [{"Node Type": "Nested Loop","Parent Relationship": "Outer","Parallel Aware": false,"Async Capable": false,"Join Type": "Inner","Startup Cost": 7.38,"Total Cost": 244.58,"Plan Rows": 400,"Plan Width": 4,"Actual Startup Time": 0.161,"Actual Total Time": 1.515,"Actual Rows": 362,"Actual Loops": 1,"Inner Unique": false,"Plans": [{"Node Type": "Seq Scan","Parent Relationship": "Outer","Parallel Aware": false,"Async Capable": false,"Relation Name": "nation","Alias": "nation_1","Startup Cost": 0.00,"Total Cost": 1.31,"Plan Rows": 1,"Plan Width": 4,"Actual Startup Time": 0.032,"Actual Total Time": 0.051,"Actual Rows": 1,"Actual Loops": 1,"Filter": "(n_name = 'JORDAN'::bpchar)","Rows Removed by Filter": 24},{"Node Type": "Bitmap Heap Scan","Parent Relationship": "Inner","Parallel Aware": false,"Async Capable": false,"Relation Name": "supplier","Alias": "supplier_1","Startup Cost": 7.38,"Total Cost": 239.27,"Plan Rows": 400,"Plan Width": 8,"Actual Startup Time": 0.117,"Actual Total Time": 1.415,"Actual Rows": 362,"Actual Loops": 1,"Recheck Cond": "(s_nationkey = nation_1.n_nationkey)","Rows Removed by Index Recheck": 0,"Exact Heap Blocks": 166,"Lossy Heap Blocks": 0,"Plans": [{"Node Type": "Bitmap Index Scan","Parent Relationship": "Outer","Parallel Aware": false,"Async Capable": false,"Index Name": "idx_supplier_nation_key","Startup Cost": 0.00,"Total Cost": 7.29,"Plan Rows": 400,"Plan Width": 0,"Actual Startup Time": 0.075,"Actual Total Time": 0.079,"Actual Rows": 362,"Actual Loops": 1,"Index Cond": "(s_nationkey = nation_1.n_nationkey)"}]}]},{"Node Type": "Index Scan","Parent Relationship": "Inner","Parallel Aware": false,"Async Capable": false,"Scan Direction": "Forward","Index Name": "idx_partsupp_suppkey","Relation Name": "partsupp","Alias": "partsupp_1","Startup Cost": 0.42,"Total Cost": 9.07,"Plan Rows": 80,"Plan Width": 14,"Actual Startup Time": 0.014,"Actual Total Time": 0.289,"Actual Rows": 80,"Actual Loops": 362,"Index Cond": "(ps_suppkey = supplier_1.s_suppkey)","Rows Removed by Index Recheck": 0}]}]},{"Node Type": "Aggregate","Strategy": "Hashed","Partial Mode": "Simple","Parent Relationship": "Outer","Parallel Aware": false,"Async Capable": false,"Startup Cost": 4514.26,"Total Cost": 4994.26,"Plan Rows": 10667,"Plan Width": 36,"Actual Startup Time": 338.606,"Actual Total Time": 400.138,"Actual Rows": 1469,"Actual Loops": 1,"Group Key": ["partsupp.ps_partkey"],"Filter": "(sum((partsupp.ps_supplycost * (partsupp.ps_availqty)::numeric)) > $2)","Planned Partitions": 0,"HashAgg Batches": 1,"Peak Memory Usage": 17937,"Disk Usage": 0,"Rows Removed by Filter": 25896,"Plans": [{"Node Type": "Nested Loop","Parent Relationship": "Outer","Parallel Aware": false,"Async Capable": false,"Join Type": "Inner","Startup Cost": 7.81,"Total Cost": 4194.26,"Plan Rows": 32000,"Plan Width": 14,"Actual Startup Time": 0.314,"Actual Total Time": 181.118,"Actual Rows": 28960,"Actual Loops": 1,"Inner Unique": false,"Plans": [{"Node Type": "Nested Loop","Parent Relationship": "Outer","Parallel Aware": false,"Async Capable": false,"Join Type": "Inner","Startup Cost": 7.38,"Total Cost": 244.58,"Plan Rows": 400,"Plan Width": 4,"Actual Startup Time": 0.258,"Actual Total Time": 2.692,"Actual Rows": 362,"Actual Loops": 1,"Inner Unique": false,"Plans": [{"Node Type": "Seq Scan","Parent Relationship": "Outer","Parallel Aware": false,"Async Capable": false,"Relation Name": "nation","Alias": "nation","Startup Cost": 0.00,"Total Cost": 1.31,"Plan Rows": 1,"Plan Width": 4,"Actual Startup Time": 0.077,"Actual Total Time": 0.107,"Actual Rows": 1,"Actual Loops": 1,"Filter": "(n_name = 'JORDAN'::bpchar)","Rows Removed by Filter": 24},{"Node Type": "Bitmap Heap Scan","Parent Relationship": "Inner","Parallel Aware": false,"Async Capable": false,"Relation Name": "supplier","Alias": "supplier","Startup Cost": 7.38,"Total Cost": 239.27,"Plan Rows": 400,"Plan Width": 8,"Actual Startup Time": 0.172,"Actual Total Time": 2.539,"Actual Rows": 362,"Actual Loops": 1,"Recheck Cond": "(s_nationkey = nation.n_nationkey)","Rows Removed by Index Recheck": 0,"Exact Heap Blocks": 166,"Lossy Heap Blocks": 0,"Plans": [{"Node Type": "Bitmap Index Scan","Parent Relationship": "Outer","Parallel Aware": false,"Async Capable": false,"Index Name": "idx_supplier_nation_key","Startup Cost": 0.00,"Total Cost": 7.29,"Plan Rows": 400,"Plan Width": 0,"Actual Startup Time": 0.117,"Actual Total Time": 0.118,"Actual Rows": 362,"Actual Loops": 1,"Index Cond": "(s_nationkey = nation.n_nationkey)"}]}]},{"Node Type": "Index Scan","Parent Relationship": "Inner","Parallel Aware": false,"Async Capable": false,"Scan Direction": "Forward","Index Name": "idx_partsupp_suppkey","Relation Name": "partsupp","Alias": "partsupp","Startup Cost": 0.42,"Total Cost": 9.07,"Plan Rows": 80,"Plan Width": 18,"Actual Startup Time": 0.019,"Actual Total Time": 0.481,"Actual Rows": 80,"Actual Loops": 362,"Index Cond": "(ps_suppkey = supplier.s_suppkey)","Rows Removed by Index Recheck": 0}]}]}]},"Planning Time": 6.843,"Triggers": [],"Execution Time": 403.999}]
[{"Plan": {"Node Type": "Sort","Parallel Aware": false,"Async Capable": false,"Startup Cost": 10142.20,"Total Cost": 10168.87,"Plan Rows": 10667,"Plan Width": 36,"Actual Startup Time": 448.636,"Actual Total Time": 448.779,"Actual Rows": 979,"Actual Loops": 1,"Sort Key": ["(sum((partsupp.ps_supplycost * (partsupp.ps_availqty)::numeric))) DESC"],"Sort Method": "quicksort","Sort Space Used": 78,"Sort Space Type": "Memory","Plans": [{"Node Type": "Aggregate","Strategy": "Plain","Partial Mode": "Simple","Parent Relationship": "InitPlan","Subplan Name": "InitPlan 1 (returns $2)","Parallel Aware": false,"Async Capable": false,"Startup Cost": 4434.26,"Total Cost": 4434.27,"Plan Rows": 1,"Plan Width": 32,"Actual Startup Time": 130.424,"Actual Total Time": 130.461,"Actual Rows": 1,"Actual Loops": 1,"Plans": [{"Node Type": "Nested Loop","Parent Relationship": "Outer","Parallel Aware": false,"Async Capable": false,"Join Type": "Inner","Startup Cost": 7.81,"Total Cost": 4194.26,"Plan Rows": 32000,"Plan Width": 10,"Actual Startup Time": 0.191,"Actual Total Time": 123.113,"Actual Rows": 31920,"Actual Loops": 1,"Inner Unique": false,"Plans": [{"Node Type": "Nested Loop","Parent Relationship": "Outer","Parallel Aware": false,"Async Capable": false,"Join Type": "Inner","Startup Cost": 7.38,"Total Cost": 244.58,"Plan Rows": 400,"Plan Width": 4,"Actual Startup Time": 0.152,"Actual Total Time": 1.823,"Actual Rows": 399,"Actual Loops": 1,"Inner Unique": false,"Plans": [{"Node Type": "Seq Scan","Parent Relationship": "Outer","Parallel Aware": false,"Async Capable": false,"Relation Name": "nation","Alias": "nation_1","Startup Cost": 0.00,"Total Cost": 1.31,"Plan Rows": 1,"Plan Width": 4,"Actual Startup Time": 0.042,"Actual Total Time": 0.060,"Actual Rows": 1,"Actual Loops": 1,"Filter": "(n_name = 'VIETNAM'::bpchar)","Rows Removed by Filter": 24},{"Node Type": "Bitmap Heap Scan","Parent Relationship": "Inner","Parallel Aware": false,"Async Capable": false,"Relation Name": "supplier","Alias": "supplier_1","Startup Cost": 7.38,"Total Cost": 239.27,"Plan Rows": 400,"Plan Width": 8,"Actual Startup Time": 0.095,"Actual Total Time": 1.696,"Actual Rows": 399,"Actual Loops": 1,"Recheck Cond": "(s_nationkey = nation_1.n_nationkey)","Rows Removed by Index Recheck": 0,"Exact Heap Blocks": 191,"Lossy Heap Blocks": 0,"Plans": [{"Node Type": "Bitmap Index Scan","Parent Relationship": "Outer","Parallel Aware": false,"Async Capable": false,"Index Name": "idx_supplier_nation_key","Startup Cost": 0.00,"Total Cost": 7.29,"Plan Rows": 400,"Plan Width": 0,"Actual Startup Time": 0.057,"Actual Total Time": 0.061,"Actual Rows": 399,"Actual Loops": 1,"Index Cond": "(s_nationkey = nation_1.n_nationkey)"}]}]},{"Node Type": "Index Scan","Parent Relationship": "Inner","Parallel Aware": false,"Async Capable": false,"Scan Direction": "Forward","Index Name": "idx_partsupp_suppkey","Relation Name": "partsupp","Alias": "partsupp_1","Startup Cost": 0.42,"Total Cost": 9.07,"Plan Rows": 80,"Plan Width": 14,"Actual Startup Time": 0.014,"Actual Total Time": 0.292,"Actual Rows": 80,"Actual Loops": 399,"Index Cond": "(ps_suppkey = supplier_1.s_suppkey)","Rows Removed by Index Recheck": 0}]}]},{"Node Type": "Aggregate","Strategy": "Hashed","Partial Mode": "Simple","Parent Relationship": "Outer","Parallel Aware": false,"Async Capable": false,"Startup Cost": 4514.26,"Total Cost": 4994.26,"Plan Rows": 10667,"Plan Width": 36,"Actual Startup Time": 376.224,"Actual Total Time": 448.108,"Actual Rows": 979,"Actual Loops": 1,"Group Key": ["partsupp.ps_partkey"],"Filter": "(sum((partsupp.ps_supplycost * (partsupp.ps_availqty)::numeric)) > $2)","Planned Partitions": 0,"HashAgg Batches": 1,"Peak Memory Usage": 17937,"Disk Usage": 0,"Rows Removed by Filter": 29153,"Plans": [{"Node Type": "Nested Loop","Parent Relationship": "Outer","Parallel Aware": false,"Async Capable": false,"Join Type": "Inner","Startup Cost": 7.81,"Total Cost": 4194.26,"Plan Rows": 32000,"Plan Width": 14,"Actual Startup Time": 0.359,"Actual Total Time": 202.215,"Actual Rows": 31920,"Actual Loops": 1,"Inner Unique": false,"Plans": [{"Node Type": "Nested Loop","Parent Relationship": "Outer","Parallel Aware": false,"Async Capable": false,"Join Type": "Inner","Startup Cost": 7.38,"Total Cost": 244.58,"Plan Rows": 400,"Plan Width": 4,"Actual Startup Time": 0.271,"Actual Total Time": 2.875,"Actual Rows": 399,"Actual Loops": 1,"Inner Unique": false,"Plans": [{"Node Type": "Seq Scan","Parent Relationship": "Outer","Parallel Aware": false,"Async Capable": false,"Relation Name": "nation","Alias": "nation","Startup Cost": 0.00,"Total Cost": 1.31,"Plan Rows": 1,"Plan Width": 4,"Actual Startup Time": 0.081,"Actual Total Time": 0.101,"Actual Rows": 1,"Actual Loops": 1,"Filter": "(n_name = 'VIETNAM'::bpchar)","Rows Removed by Filter": 24},{"Node Type": "Bitmap Heap Scan","Parent Relationship": "Inner","Parallel Aware": false,"Async Capable": false,"Relation Name": "supplier","Alias": "supplier","Startup Cost": 7.38,"Total Cost": 239.27,"Plan Rows": 400,"Plan Width": 8,"Actual Startup Time": 0.181,"Actual Total Time": 2.716,"Actual Rows": 399,"Actual Loops": 1,"Recheck Cond": "(s_nationkey = nation.n_nationkey)","Rows Removed by Index Recheck": 0,"Exact Heap Blocks": 191,"Lossy Heap Blocks": 0,"Plans": [{"Node Type": "Bitmap Index Scan","Parent Relationship": "Outer","Parallel Aware": false,"Async Capable": false,"Index Name": "idx_supplier_nation_key","Startup Cost": 0.00,"Total Cost": 7.29,"Plan Rows": 400,"Plan Width": 0,"Actual Startup Time": 0.120,"Actual Total Time": 0.121,"Actual Rows": 399,"Actual Loops": 1,"Index Cond": "(s_nationkey = nation.n_nationkey)"}]}]},{"Node Type": "Index Scan","Parent Relationship": "Inner","Parallel Aware": false,"Async Capable": false,"Scan Direction": "Forward","Index Name": "idx_partsupp_suppkey","Relation Name": "partsupp","Alias": "partsupp","Startup Cost": 0.42,"Total Cost": 9.07,"Plan Rows": 80,"Plan Width": 18,"Actual Startup Time": 0.019,"Actual Total Time": 0.488,"Actual Rows": 80,"Actual Loops": 399,"Index Cond": "(ps_suppkey = supplier.s_suppkey)","Rows Removed by Index Recheck": 0}]}]}]},"Planning Time": 6.254,"Triggers": [],"Execution Time": 451.997}]
[{"Plan": {"Node Type": "Sort","Parallel Aware": false,"Async Capable": false,"Startup Cost": 10142.20,"Total Cost": 10168.87,"Plan Rows": 10667,"Plan Width": 36,"Actual Startup Time": 435.527,"Actual Total Time": 435.700,"Actual Rows": 1089,"Actual Loops": 1,"Sort Key": ["(sum((partsupp.ps_supplycost * (partsupp.ps_availqty)::numeric))) DESC"],"Sort Method": "quicksort","Sort Space Used": 108,"Sort Space Type": "Memory","Plans": [{"Node Type": "Aggregate","Strategy": "Plain","Partial Mode": "Simple","Parent Relationship": "InitPlan","Subplan Name": "InitPlan 1 (returns $2)","Parallel Aware": false,"Async Capable": false,"Startup Cost": 4434.26,"Total Cost": 4434.27,"Plan Rows": 1,"Plan Width": 32,"Actual Startup Time": 127.992,"Actual Total Time": 128.018,"Actual Rows": 1,"Actual Loops": 1,"Plans": [{"Node Type": "Nested Loop","Parent Relationship": "Outer","Parallel Aware": false,"Async Capable": false,"Join Type": "Inner","Startup Cost": 7.81,"Total Cost": 4194.26,"Plan Rows": 32000,"Plan Width": 10,"Actual Startup Time": 0.202,"Actual Total Time": 120.806,"Actual Rows": 31200,"Actual Loops": 1,"Inner Unique": false,"Plans": [{"Node Type": "Nested Loop","Parent Relationship": "Outer","Parallel Aware": false,"Async Capable": false,"Join Type": "Inner","Startup Cost": 7.38,"Total Cost": 244.58,"Plan Rows": 400,"Plan Width": 4,"Actual Startup Time": 0.156,"Actual Total Time": 1.780,"Actual Rows": 390,"Actual Loops": 1,"Inner Unique": false,"Plans": [{"Node Type": "Seq Scan","Parent Relationship": "Outer","Parallel Aware": false,"Async Capable": false,"Relation Name": "nation","Alias": "nation_1","Startup Cost": 0.00,"Total Cost": 1.31,"Plan Rows": 1,"Plan Width": 4,"Actual Startup Time": 0.025,"Actual Total Time": 0.037,"Actual Rows": 1,"Actual Loops": 1,"Filter": "(n_name = 'UNITED KINGDOM'::bpchar)","Rows Removed by Filter": 24},{"Node Type": "Bitmap Heap Scan","Parent Relationship": "Inner","Parallel Aware": false,"Async Capable": false,"Relation Name": "supplier","Alias": "supplier_1","Startup Cost": 7.38,"Total Cost": 239.27,"Plan Rows": 400,"Plan Width": 8,"Actual Startup Time": 0.111,"Actual Total Time": 1.680,"Actual Rows": 390,"Actual Loops": 1,"Recheck Cond": "(s_nationkey = nation_1.n_nationkey)","Rows Removed by Index Recheck": 0,"Exact Heap Blocks": 190,"Lossy Heap Blocks": 0,"Plans": [{"Node Type": "Bitmap Index Scan","Parent Relationship": "Outer","Parallel Aware": false,"Async Capable": false,"Index Name": "idx_supplier_nation_key","Startup Cost": 0.00,"Total Cost": 7.29,"Plan Rows": 400,"Plan Width": 0,"Actual Startup Time": 0.075,"Actual Total Time": 0.080,"Actual Rows": 390,"Actual Loops": 1,"Index Cond": "(s_nationkey = nation_1.n_nationkey)"}]}]},{"Node Type": "Index Scan","Parent Relationship": "Inner","Parallel Aware": false,"Async Capable": false,"Scan Direction": "Forward","Index Name": "idx_partsupp_suppkey","Relation Name": "partsupp","Alias": "partsupp_1","Startup Cost": 0.42,"Total Cost": 9.07,"Plan Rows": 80,"Plan Width": 14,"Actual Startup Time": 0.014,"Actual Total Time": 0.293,"Actual Rows": 80,"Actual Loops": 390,"Index Cond": "(ps_suppkey = supplier_1.s_suppkey)","Rows Removed by Index Recheck": 0}]}]},{"Node Type": "Aggregate","Strategy": "Hashed","Partial Mode": "Simple","Parent Relationship": "Outer","Parallel Aware": false,"Async Capable": false,"Startup Cost": 4514.26,"Total Cost": 4994.26,"Plan Rows": 10667,"Plan Width": 36,"Actual Startup Time": 365.366,"Actual Total Time": 434.999,"Actual Rows": 1089,"Actual Loops": 1,"Group Key": ["partsupp.ps_partkey"],"Filter": "(sum((partsupp.ps_supplycost * (partsupp.ps_availqty)::numeric)) > $2)","Planned Partitions": 0,"HashAgg Batches": 1,"Peak Memory Usage": 17937,"Disk Usage": 0,"Rows Removed by Filter": 28366,"Plans": [{"Node Type": "Nested Loop","Parent Relationship": "Outer","Parallel Aware": false,"Async Capable": false,"Join Type": "Inner","Startup Cost": 7.81,"Total Cost": 4194.26,"Plan Rows": 32000,"Plan Width": 14,"Actual Startup Time": 0.273,"Actual Total Time": 195.557,"Actual Rows": 31200,"Actual Loops": 1,"Inner Unique": false,"Plans": [{"Node Type": "Nested Loop","Parent Relationship": "Outer","Parallel Aware": false,"Async Capable": false,"Join Type": "Inner","Startup Cost": 7.38,"Total Cost": 244.58,"Plan Rows": 400,"Plan Width": 4,"Actual Startup Time": 0.244,"Actual Total Time": 2.901,"Actual Rows": 390,"Actual Loops": 1,"Inner Unique": false,"Plans": [{"Node Type": "Seq Scan","Parent Relationship": "Outer","Parallel Aware": false,"Async Capable": false,"Relation Name": "nation","Alias": "nation","Startup Cost": 0.00,"Total Cost": 1.31,"Plan Rows": 1,"Plan Width": 4,"Actual Startup Time": 0.065,"Actual Total Time": 0.084,"Actual Rows": 1,"Actual Loops": 1,"Filter": "(n_name = 'UNITED KINGDOM'::bpchar)","Rows Removed by Filter": 24},{"Node Type": "Bitmap Heap Scan","Parent Relationship": "Inner","Parallel Aware": false,"Async Capable": false,"Relation Name": "supplier","Alias": "supplier","Startup Cost": 7.38,"Total Cost": 239.27,"Plan Rows": 400,"Plan Width": 8,"Actual Startup Time": 0.171,"Actual Total Time": 2.762,"Actual Rows": 390,"Actual Loops": 1,"Recheck Cond": "(s_nationkey = nation.n_nationkey)","Rows Removed by Index Recheck": 0,"Exact Heap Blocks": 190,"Lossy Heap Blocks": 0,"Plans": [{"Node Type": "Bitmap Index Scan","Parent Relationship": "Outer","Parallel Aware": false,"Async Capable": false,"Index Name": "idx_supplier_nation_key","Startup Cost": 0.00,"Total Cost": 7.29,"Plan Rows": 400,"Plan Width": 0,"Actual Startup Time": 0.123,"Actual Total Time": 0.123,"Actual Rows": 390,"Actual Loops": 1,"Index Cond": "(s_nationkey = nation.n_nationkey)"}]}]},{"Node Type": "Index Scan","Parent Relationship": "Inner","Parallel Aware": false,"Async Capable": false,"Scan Direction": "Forward","Index Name": "idx_partsupp_suppkey","Relation Name": "partsupp","Alias": "partsupp","Startup Cost": 0.42,"Total Cost": 9.07,"Plan Rows": 80,"Plan Width": 18,"Actual Startup Time": 0.020,"Actual Total Time": 0.482,"Actual Rows": 80,"Actual Loops": 390,"Index Cond": "(ps_suppkey = supplier.s_suppkey)","Rows Removed by Index Recheck": 0}]}]}]},"Planning Time": 6.575,"Triggers": [],"Execution Time": 439.057}]
[{"Plan": {"Node Type": "Sort","Parallel Aware": false,"Async Capable": false,"Startup Cost": 10142.20,"Total Cost": 10168.87,"Plan Rows": 10667,"Plan Width": 36,"Actual Startup Time": 438.718,"Actual Total Time": 438.846,"Actual Rows": 919,"Actual Loops": 1,"Sort Key": ["(sum((partsupp.ps_supplycost * (partsupp.ps_availqty)::numeric))) DESC"],"Sort Method": "quicksort","Sort Space Used": 75,"Sort Space Type": "Memory","Plans": [{"Node Type": "Aggregate","Strategy": "Plain","Partial Mode": "Simple","Parent Relationship": "InitPlan","Subplan Name": "InitPlan 1 (returns $2)","Parallel Aware": false,"Async Capable": false,"Startup Cost": 4434.26,"Total Cost": 4434.27,"Plan Rows": 1,"Plan Width": 32,"Actual Startup Time": 130.550,"Actual Total Time": 130.572,"Actual Rows": 1,"Actual Loops": 1,"Plans": [{"Node Type": "Nested Loop","Parent Relationship": "Outer","Parallel Aware": false,"Async Capable": false,"Join Type": "Inner","Startup Cost": 7.81,"Total Cost": 4194.26,"Plan Rows": 32000,"Plan Width": 10,"Actual Startup Time": 0.239,"Actual Total Time": 123.231,"Actual Rows": 32080,"Actual Loops": 1,"Inner Unique": false,"Plans": [{"Node Type": "Nested Loop","Parent Relationship": "Outer","Parallel Aware": false,"Async Capable": false,"Join Type": "Inner","Startup Cost": 7.38,"Total Cost": 244.58,"Plan Rows": 400,"Plan Width": 4,"Actual Startup Time": 0.189,"Actual Total Time": 1.751,"Actual Rows": 401,"Actual Loops": 1,"Inner Unique": false,"Plans": [{"Node Type": "Seq Scan","Parent Relationship": "Outer","Parallel Aware": false,"Async Capable": false,"Relation Name": "nation","Alias": "nation_1","Startup Cost": 0.00,"Total Cost": 1.31,"Plan Rows": 1,"Plan Width": 4,"Actual Startup Time": 0.044,"Actual Total Time": 0.061,"Actual Rows": 1,"Actual Loops": 1,"Filter": "(n_name = 'RUSSIA'::bpchar)","Rows Removed by Filter": 24},{"Node Type": "Bitmap Heap Scan","Parent Relationship": "Inner","Parallel Aware": false,"Async Capable": false,"Relation Name": "supplier","Alias": "supplier_1","Startup Cost": 7.38,"Total Cost": 239.27,"Plan Rows": 400,"Plan Width": 8,"Actual Startup Time": 0.130,"Actual Total Time": 1.632,"Actual Rows": 401,"Actual Loops": 1,"Recheck Cond": "(s_nationkey = nation_1.n_nationkey)","Rows Removed by Index Recheck": 0,"Exact Heap Blocks": 180,"Lossy Heap Blocks": 0,"Plans": [{"Node Type": "Bitmap Index Scan","Parent Relationship": "Outer","Parallel Aware": false,"Async Capable": false,"Index Name": "idx_supplier_nation_key","Startup Cost": 0.00,"Total Cost": 7.29,"Plan Rows": 400,"Plan Width": 0,"Actual Startup Time": 0.092,"Actual Total Time": 0.094,"Actual Rows": 401,"Actual Loops": 1,"Index Cond": "(s_nationkey = nation_1.n_nationkey)"}]}]},{"Node Type": "Index Scan","Parent Relationship": "Inner","Parallel Aware": false,"Async Capable": false,"Scan Direction": "Forward","Index Name": "idx_partsupp_suppkey","Relation Name": "partsupp","Alias": "partsupp_1","Startup Cost": 0.42,"Total Cost": 9.07,"Plan Rows": 80,"Plan Width": 14,"Actual Startup Time": 0.014,"Actual Total Time": 0.291,"Actual Rows": 80,"Actual Loops": 401,"Index Cond": "(ps_suppkey = supplier_1.s_suppkey)","Rows Removed by Index Recheck": 0}]}]},{"Node Type": "Aggregate","Strategy": "Hashed","Partial Mode": "Simple","Parent Relationship": "Outer","Parallel Aware": false,"Async Capable": false,"Startup Cost": 4514.26,"Total Cost": 4994.26,"Plan Rows": 10667,"Plan Width": 36,"Actual Startup Time": 367.075,"Actual Total Time": 438.260,"Actual Rows": 919,"Actual Loops": 1,"Group Key": ["partsupp.ps_partkey"],"Filter": "(sum((partsupp.ps_supplycost * (partsupp.ps_availqty)::numeric)) > $2)","Planned Partitions": 0,"HashAgg Batches": 1,"Peak Memory Usage": 17937,"Disk Usage": 0,"Rows Removed by Filter": 29289,"Plans": [{"Node Type": "Nested Loop","Parent Relationship": "Outer","Parallel Aware": false,"Async Capable": false,"Join Type": "Inner","Startup Cost": 7.81,"Total Cost": 4194.26,"Plan Rows": 32000,"Plan Width": 14,"Actual Startup Time": 0.388,"Actual Total Time": 194.500,"Actual Rows": 32080,"Actual Loops": 1,"Inner Unique": false,"Plans": [{"Node Type": "Nested Loop","Parent Relationship": "Outer","Parallel Aware": false,"Async Capable": false,"Join Type": "Inner","Startup Cost": 7.38,"Total Cost": 244.58,"Plan Rows": 400,"Plan Width": 4,"Actual Startup Time": 0.281,"Actual Total Time": 2.675,"Actual Rows": 401,"Actual Loops": 1,"Inner Unique": false,"Plans": [{"Node Type": "Seq Scan","Parent Relationship": "Outer","Parallel Aware": false,"Async Capable": false,"Relation Name": "nation","Alias": "nation","Startup Cost": 0.00,"Total Cost": 1.31,"Plan Rows": 1,"Plan Width": 4,"Actual Startup Time": 0.057,"Actual Total Time": 0.080,"Actual Rows": 1,"Actual Loops": 1,"Filter": "(n_name = 'RUSSIA'::bpchar)","Rows Removed by Filter": 24},{"Node Type": "Bitmap Heap Scan","Parent Relationship": "Inner","Parallel Aware": false,"Async Capable": false,"Relation Name": "supplier","Alias": "supplier","Startup Cost": 7.38,"Total Cost": 239.27,"Plan Rows": 400,"Plan Width": 8,"Actual Startup Time": 0.220,"Actual Total Time": 2.546,"Actual Rows": 401,"Actual Loops": 1,"Recheck Cond": "(s_nationkey = nation.n_nationkey)","Rows Removed by Index Recheck": 0,"Exact Heap Blocks": 180,"Lossy Heap Blocks": 0,"Plans": [{"Node Type": "Bitmap Index Scan","Parent Relationship": "Outer","Parallel Aware": false,"Async Capable": false,"Index Name": "idx_supplier_nation_key","Startup Cost": 0.00,"Total Cost": 7.29,"Plan Rows": 400,"Plan Width": 0,"Actual Startup Time": 0.151,"Actual Total Time": 0.154,"Actual Rows": 401,"Actual Loops": 1,"Index Cond": "(s_nationkey = nation.n_nationkey)"}]}]},{"Node Type": "Index Scan","Parent Relationship": "Inner","Parallel Aware": false,"Async Capable": false,"Scan Direction": "Forward","Index Name": "idx_partsupp_suppkey","Relation Name": "partsupp","Alias": "partsupp","Startup Cost": 0.42,"Total Cost": 9.07,"Plan Rows": 80,"Plan Width": 18,"Actual Startup Time": 0.018,"Actual Total Time": 0.467,"Actual Rows": 80,"Actual Loops": 401,"Index Cond": "(ps_suppkey = supplier.s_suppkey)","Rows Removed by Index Recheck": 0}]}]}]},"Planning Time": 6.216,"Triggers": [],"Execution Time": 442.343}]
[{"Plan": {"Node Type": "Sort","Parallel Aware": false,"Async Capable": false,"Startup Cost": 10142.20,"Total Cost": 10168.87,"Plan Rows": 10667,"Plan Width": 36,"Actual Startup Time": 448.636,"Actual Total Time": 448.779,"Actual Rows": 979,"Actual Loops": 1,"Sort Key": ["(sum((partsupp.ps_supplycost * (partsupp.ps_availqty)::numeric))) DESC"],"Sort Method": "quicksort","Sort Space Used": 78,"Sort Space Type": "Memory","Plans": [{"Node Type": "Aggregate","Strategy": "Plain","Partial Mode": "Simple","Parent Relationship": "InitPlan","Subplan Name": "InitPlan 1 (returns $2)","Parallel Aware": false,"Async Capable": false,"Startup Cost": 4434.26,"Total Cost": 4434.27,"Plan Rows": 1,"Plan Width": 32,"Actual Startup Time": 130.424,"Actual Total Time": 130.461,"Actual Rows": 1,"Actual Loops": 1,"Plans": [{"Node Type": "Nested Loop","Parent Relationship": "Outer","Parallel Aware": false,"Async Capable": false,"Join Type": "Inner","Startup Cost": 7.81,"Total Cost": 4194.26,"Plan Rows": 32000,"Plan Width": 10,"Actual Startup Time": 0.191,"Actual Total Time": 123.113,"Actual Rows": 31920,"Actual Loops": 1,"Inner Unique": false,"Plans": [{"Node Type": "Nested Loop","Parent Relationship": "Outer","Parallel Aware": false,"Async Capable": false,"Join Type": "Inner","Startup Cost": 7.38,"Total Cost": 244.58,"Plan Rows": 400,"Plan Width": 4,"Actual Startup Time": 0.152,"Actual Total Time": 1.823,"Actual Rows": 399,"Actual Loops": 1,"Inner Unique": false,"Plans": [{"Node Type": "Seq Scan","Parent Relationship": "Outer","Parallel Aware": false,"Async Capable": false,"Relation Name": "nation","Alias": "nation_1","Startup Cost": 0.00,"Total Cost": 1.31,"Plan Rows": 1,"Plan Width": 4,"Actual Startup Time": 0.042,"Actual Total Time": 0.060,"Actual Rows": 1,"Actual Loops": 1,"Filter": "(n_name = 'VIETNAM'::bpchar)","Rows Removed by Filter": 24},{"Node Type": "Bitmap Heap Scan","Parent Relationship": "Inner","Parallel Aware": false,"Async Capable": false,"Relation Name": "supplier","Alias": "supplier_1","Startup Cost": 7.38,"Total Cost": 239.27,"Plan Rows": 400,"Plan Width": 8,"Actual Startup Time": 0.095,"Actual Total Time": 1.696,"Actual Rows": 399,"Actual Loops": 1,"Recheck Cond": "(s_nationkey = nation_1.n_nationkey)","Rows Removed by Index Recheck": 0,"Exact Heap Blocks": 191,"Lossy Heap Blocks": 0,"Plans": [{"Node Type": "Bitmap Index Scan","Parent Relationship": "Outer","Parallel Aware": false,"Async Capable": false,"Index Name": "idx_supplier_nation_key","Startup Cost": 0.00,"Total Cost": 7.29,"Plan Rows": 400,"Plan Width": 0,"Actual Startup Time": 0.057,"Actual Total Time": 0.061,"Actual Rows": 399,"Actual Loops": 1,"Index Cond": "(s_nationkey = nation_1.n_nationkey)"}]}]},{"Node Type": "Index Scan","Parent Relationship": "Inner","Parallel Aware": false,"Async Capable": false,"Scan Direction": "Forward","Index Name": "idx_partsupp_suppkey","Relation Name": "partsupp","Alias": "partsupp_1","Startup Cost": 0.42,"Total Cost": 9.07,"Plan Rows": 80,"Plan Width": 14,"Actual Startup Time": 0.014,"Actual Total Time": 0.292,"Actual Rows": 80,"Actual Loops": 399,"Index Cond": "(ps_suppkey = supplier_1.s_suppkey)","Rows Removed by Index Recheck": 0}]}]},{"Node Type": "Aggregate","Strategy": "Hashed","Partial Mode": "Simple","Parent Relationship": "Outer","Parallel Aware": false,"Async Capable": false,"Startup Cost": 4514.26,"Total Cost": 4994.26,"Plan Rows": 10667,"Plan Width": 36,"Actual Startup Time": 376.224,"Actual Total Time": 448.108,"Actual Rows": 979,"Actual Loops": 1,"Group Key": ["partsupp.ps_partkey"],"Filter": "(sum((partsupp.ps_supplycost * (partsupp.ps_availqty)::numeric)) > $2)","Planned Partitions": 0,"HashAgg Batches": 1,"Peak Memory Usage": 17937,"Disk Usage": 0,"Rows Removed by Filter": 29153,"Plans": [{"Node Type": "Nested Loop","Parent Relationship": "Outer","Parallel Aware": false,"Async Capable": false,"Join Type": "Inner","Startup Cost": 7.81,"Total Cost": 4194.26,"Plan Rows": 32000,"Plan Width": 14,"Actual Startup Time": 0.359,"Actual Total Time": 202.215,"Actual Rows": 31920,"Actual Loops": 1,"Inner Unique": false,"Plans": [{"Node Type": "Nested Loop","Parent Relationship": "Outer","Parallel Aware": false,"Async Capable": false,"Join Type": "Inner","Startup Cost": 7.38,"Total Cost": 244.58,"Plan Rows": 400,"Plan Width": 4,"Actual Startup Time": 0.271,"Actual Total Time": 2.875,"Actual Rows": 399,"Actual Loops": 1,"Inner Unique": false,"Plans": [{"Node Type": "Seq Scan","Parent Relationship": "Outer","Parallel Aware": false,"Async Capable": false,"Relation Name": "nation","Alias": "nation","Startup Cost": 0.00,"Total Cost": 1.31,"Plan Rows": 1,"Plan Width": 4,"Actual Startup Time": 0.081,"Actual Total Time": 0.101,"Actual Rows": 1,"Actual Loops": 1,"Filter": "(n_name = 'VIETNAM'::bpchar)","Rows Removed by Filter": 24},{"Node Type": "Bitmap Heap Scan","Parent Relationship": "Inner","Parallel Aware": false,"Async Capable": false,"Relation Name": "supplier","Alias": "supplier","Startup Cost": 7.38,"Total Cost": 239.27,"Plan Rows": 400,"Plan Width": 8,"Actual Startup Time": 0.181,"Actual Total Time": 2.716,"Actual Rows": 399,"Actual Loops": 1,"Recheck Cond": "(s_nationkey = nation.n_nationkey)","Rows Removed by Index Recheck": 0,"Exact Heap Blocks": 191,"Lossy Heap Blocks": 0,"Plans": [{"Node Type": "Bitmap Index Scan","Parent Relationship": "Outer","Parallel Aware": false,"Async Capable": false,"Index Name": "idx_supplier_nation_key","Startup Cost": 0.00,"Total Cost": 7.29,"Plan Rows": 400,"Plan Width": 0,"Actual Startup Time": 0.120,"Actual Total Time": 0.121,"Actual Rows": 399,"Actual Loops": 1,"Index Cond": "(s_nationkey = nation.n_nationkey)"}]}]},{"Node Type": "Index Scan","Parent Relationship": "Inner","Parallel Aware": false,"Async Capable": false,"Scan Direction": "Forward","Index Name": "idx_partsupp_suppkey","Relation Name": "partsupp","Alias": "partsupp","Startup Cost": 0.42,"Total Cost": 9.07,"Plan Rows": 80,"Plan Width": 18,"Actual Startup Time": 0.019,"Actual Total Time": 0.488,"Actual Rows": 80,"Actual Loops": 399,"Index Cond": "(ps_suppkey = supplier.s_suppkey)","Rows Removed by Index Recheck": 0}]}]}]},"Planning Time": 6.254,"Triggers": [],"Execution Time": 451.997}]
[{"Plan": {"Node Type": "Sort","Parallel Aware": false,"Async Capable": false,"Startup Cost": 10142.20,"Total Cost": 10168.87,"Plan Rows": 10667,"Plan Width": 36,"Actual Startup Time": 431.698,"Actual Total Time": 431.824,"Actual Rows": 911,"Actual Loops": 1,"Sort Key": ["(sum((partsupp.ps_supplycost * (partsupp.ps_availqty)::numeric))) DESC"],"Sort Method": "quicksort","Sort Space Used": 74,"Sort Space Type": "Memory","Plans": [{"Node Type": "Aggregate","Strategy": "Plain","Partial Mode": "Simple","Parent Relationship": "InitPlan","Subplan Name": "InitPlan 1 (returns $2)","Parallel Aware": false,"Async Capable": false,"Startup Cost": 4434.26,"Total Cost": 4434.27,"Plan Rows": 1,"Plan Width": 32,"Actual Startup Time": 129.087,"Actual Total Time": 129.106,"Actual Rows": 1,"Actual Loops": 1,"Plans": [{"Node Type": "Nested Loop","Parent Relationship": "Outer","Parallel Aware": false,"Async Capable": false,"Join Type": "Inner","Startup Cost": 7.81,"Total Cost": 4194.26,"Plan Rows": 32000,"Plan Width": 10,"Actual Startup Time": 0.210,"Actual Total Time": 121.870,"Actual Rows": 32160,"Actual Loops": 1,"Inner Unique": false,"Plans": [{"Node Type": "Nested Loop","Parent Relationship": "Outer","Parallel Aware": false,"Async Capable": false,"Join Type": "Inner","Startup Cost": 7.38,"Total Cost": 244.58,"Plan Rows": 400,"Plan Width": 4,"Actual Startup Time": 0.174,"Actual Total Time": 1.780,"Actual Rows": 402,"Actual Loops": 1,"Inner Unique": false,"Plans": [{"Node Type": "Seq Scan","Parent Relationship": "Outer","Parallel Aware": false,"Async Capable": false,"Relation Name": "nation","Alias": "nation_1","Startup Cost": 0.00,"Total Cost": 1.31,"Plan Rows": 1,"Plan Width": 4,"Actual Startup Time": 0.036,"Actual Total Time": 0.056,"Actual Rows": 1,"Actual Loops": 1,"Filter": "(n_name = 'FRANCE'::bpchar)","Rows Removed by Filter": 24},{"Node Type": "Bitmap Heap Scan","Parent Relationship": "Inner","Parallel Aware": false,"Async Capable": false,"Relation Name": "supplier","Alias": "supplier_1","Startup Cost": 7.38,"Total Cost": 239.27,"Plan Rows": 400,"Plan Width": 8,"Actual Startup Time": 0.119,"Actual Total Time": 1.663,"Actual Rows": 402,"Actual Loops": 1,"Recheck Cond": "(s_nationkey = nation_1.n_nationkey)","Rows Removed by Index Recheck": 0,"Exact Heap Blocks": 184,"Lossy Heap Blocks": 0,"Plans": [{"Node Type": "Bitmap Index Scan","Parent Relationship": "Outer","Parallel Aware": false,"Async Capable": false,"Index Name": "idx_supplier_nation_key","Startup Cost": 0.00,"Total Cost": 7.29,"Plan Rows": 400,"Plan Width": 0,"Actual Startup Time": 0.075,"Actual Total Time": 0.079,"Actual Rows": 402,"Actual Loops": 1,"Index Cond": "(s_nationkey = nation_1.n_nationkey)"}]}]},{"Node Type": "Index Scan","Parent Relationship": "Inner","Parallel Aware": false,"Async Capable": false,"Scan Direction": "Forward","Index Name": "idx_partsupp_suppkey","Relation Name": "partsupp","Alias": "partsupp_1","Startup Cost": 0.42,"Total Cost": 9.07,"Plan Rows": 80,"Plan Width": 14,"Actual Startup Time": 0.014,"Actual Total Time": 0.286,"Actual Rows": 80,"Actual Loops": 402,"Index Cond": "(ps_suppkey = supplier_1.s_suppkey)","Rows Removed by Index Recheck": 0}]}]},{"Node Type": "Aggregate","Strategy": "Hashed","Partial Mode": "Simple","Parent Relationship": "Outer","Parallel Aware": false,"Async Capable": false,"Startup Cost": 4514.26,"Total Cost": 4994.26,"Plan Rows": 10667,"Plan Width": 36,"Actual Startup Time": 359.069,"Actual Total Time": 431.218,"Actual Rows": 911,"Actual Loops": 1,"Group Key": ["partsupp.ps_partkey"],"Filter": "(sum((partsupp.ps_supplycost * (partsupp.ps_availqty)::numeric)) > $2)","Planned Partitions": 0,"HashAgg Batches": 1,"Peak Memory Usage": 17937,"Disk Usage": 0,"Rows Removed by Filter": 29336,"Plans": [{"Node Type": "Nested Loop","Parent Relationship": "Outer","Parallel Aware": false,"Async Capable": false,"Join Type": "Inner","Startup Cost": 7.81,"Total Cost": 4194.26,"Plan Rows": 32000,"Plan Width": 14,"Actual Startup Time": 0.330,"Actual Total Time": 187.860,"Actual Rows": 32160,"Actual Loops": 1,"Inner Unique": false,"Plans": [{"Node Type": "Nested Loop","Parent Relationship": "Outer","Parallel Aware": false,"Async Capable": false,"Join Type": "Inner","Startup Cost": 7.38,"Total Cost": 244.58,"Plan Rows": 400,"Plan Width": 4,"Actual Startup Time": 0.249,"Actual Total Time": 2.513,"Actual Rows": 402,"Actual Loops": 1,"Inner Unique": false,"Plans": [{"Node Type": "Seq Scan","Parent Relationship": "Outer","Parallel Aware": false,"Async Capable": false,"Relation Name": "nation","Alias": "nation","Startup Cost": 0.00,"Total Cost": 1.31,"Plan Rows": 1,"Plan Width": 4,"Actual Startup Time": 0.077,"Actual Total Time": 0.097,"Actual Rows": 1,"Actual Loops": 1,"Filter": "(n_name = 'FRANCE'::bpchar)","Rows Removed by Filter": 24},{"Node Type": "Bitmap Heap Scan","Parent Relationship": "Inner","Parallel Aware": false,"Async Capable": false,"Relation Name": "supplier","Alias": "supplier","Startup Cost": 7.38,"Total Cost": 239.27,"Plan Rows": 400,"Plan Width": 8,"Actual Startup Time": 0.163,"Actual Total Time": 2.362,"Actual Rows": 402,"Actual Loops": 1,"Recheck Cond": "(s_nationkey = nation.n_nationkey)","Rows Removed by Index Recheck": 0,"Exact Heap Blocks": 184,"Lossy Heap Blocks": 0,"Plans": [{"Node Type": "Bitmap Index Scan","Parent Relationship": "Outer","Parallel Aware": false,"Async Capable": false,"Index Name": "idx_supplier_nation_key","Startup Cost": 0.00,"Total Cost": 7.29,"Plan Rows": 400,"Plan Width": 0,"Actual Startup Time": 0.112,"Actual Total Time": 0.113,"Actual Rows": 402,"Actual Loops": 1,"Index Cond": "(s_nationkey = nation.n_nationkey)"}]}]},{"Node Type": "Index Scan","Parent Relationship": "Inner","Parallel Aware": false,"Async Capable": false,"Scan Direction": "Forward","Index Name": "idx_partsupp_suppkey","Relation Name": "partsupp","Alias": "partsupp","Startup Cost": 0.42,"Total Cost": 9.07,"Plan Rows": 80,"Plan Width": 18,"Actual Startup Time": 0.018,"Actual Total Time": 0.449,"Actual Rows": 80,"Actual Loops": 402,"Index Cond": "(ps_suppkey = supplier.s_suppkey)","Rows Removed by Index Recheck": 0}]}]}]},"Planning Time": 7.171,"Triggers": [],"Execution Time": 434.998}]
[{"Plan": {"Node Type": "Sort","Parallel Aware": false,"Async Capable": false,"Startup Cost": 10142.20,"Total Cost": 10168.87,"Plan Rows": 10667,"Plan Width": 36,"Actual Startup Time": 444.263,"Actual Total Time": 444.393,"Actual Rows": 839,"Actual Loops": 1,"Sort Key": ["(sum((partsupp.ps_supplycost * (partsupp.ps_availqty)::numeric))) DESC"],"Sort Method": "quicksort","Sort Space Used": 70,"Sort Space Type": "Memory","Plans": [{"Node Type": "Aggregate","Strategy": "Plain","Partial Mode": "Simple","Parent Relationship": "InitPlan","Subplan Name": "InitPlan 1 (returns $2)","Parallel Aware": false,"Async Capable": false,"Startup Cost": 4434.26,"Total Cost": 4434.27,"Plan Rows": 1,"Plan Width": 32,"Actual Startup Time": 130.704,"Actual Total Time": 130.725,"Actual Rows": 1,"Actual Loops": 1,"Plans": [{"Node Type": "Nested Loop","Parent Relationship": "Outer","Parallel Aware": false,"Async Capable": false,"Join Type": "Inner","Startup Cost": 7.81,"Total Cost": 4194.26,"Plan Rows": 32000,"Plan Width": 10,"Actual Startup Time": 0.144,"Actual Total Time": 123.234,"Actual Rows": 32880,"Actual Loops": 1,"Inner Unique": false,"Plans": [{"Node Type": "Nested Loop","Parent Relationship": "Outer","Parallel Aware": false,"Async Capable": false,"Join Type": "Inner","Startup Cost": 7.38,"Total Cost": 244.58,"Plan Rows": 400,"Plan Width": 4,"Actual Startup Time": 0.115,"Actual Total Time": 1.739,"Actual Rows": 411,"Actual Loops": 1,"Inner Unique": false,"Plans": [{"Node Type": "Seq Scan","Parent Relationship": "Outer","Parallel Aware": false,"Async Capable": false,"Relation Name": "nation","Alias": "nation_1","Startup Cost": 0.00,"Total Cost": 1.31,"Plan Rows": 1,"Plan Width": 4,"Actual Startup Time": 0.024,"Actual Total Time": 0.046,"Actual Rows": 1,"Actual Loops": 1,"Filter": "(n_name = 'SAUDI ARABIA'::bpchar)","Rows Removed by Filter": 24},{"Node Type": "Bitmap Heap Scan","Parent Relationship": "Inner","Parallel Aware": false,"Async Capable": false,"Relation Name": "supplier","Alias": "supplier_1","Startup Cost": 7.38,"Total Cost": 239.27,"Plan Rows": 400,"Plan Width": 8,"Actual Startup Time": 0.082,"Actual Total Time": 1.642,"Actual Rows": 411,"Actual Loops": 1,"Recheck Cond": "(s_nationkey = nation_1.n_nationkey)","Rows Removed by Index Recheck": 0,"Exact Heap Blocks": 182,"Lossy Heap Blocks": 0,"Plans": [{"Node Type": "Bitmap Index Scan","Parent Relationship": "Outer","Parallel Aware": false,"Async Capable": false,"Index Name": "idx_supplier_nation_key","Startup Cost": 0.00,"Total Cost": 7.29,"Plan Rows": 400,"Plan Width": 0,"Actual Startup Time": 0.049,"Actual Total Time": 0.055,"Actual Rows": 411,"Actual Loops": 1,"Index Cond": "(s_nationkey = nation_1.n_nationkey)"}]}]},{"Node Type": "Index Scan","Parent Relationship": "Inner","Parallel Aware": false,"Async Capable": false,"Scan Direction": "Forward","Index Name": "idx_partsupp_suppkey","Relation Name": "partsupp","Alias": "partsupp_1","Startup Cost": 0.42,"Total Cost": 9.07,"Plan Rows": 80,"Plan Width": 14,"Actual Startup Time": 0.014,"Actual Total Time": 0.283,"Actual Rows": 80,"Actual Loops": 411,"Index Cond": "(ps_suppkey = supplier_1.s_suppkey)","Rows Removed by Index Recheck": 0}]}]},{"Node Type": "Aggregate","Strategy": "Hashed","Partial Mode": "Simple","Parent Relationship": "Outer","Parallel Aware": false,"Async Capable": false,"Startup Cost": 4514.26,"Total Cost": 4994.26,"Plan Rows": 10667,"Plan Width": 36,"Actual Startup Time": 370.866,"Actual Total Time": 443.841,"Actual Rows": 839,"Actual Loops": 1,"Group Key": ["partsupp.ps_partkey"],"Filter": "(sum((partsupp.ps_supplycost * (partsupp.ps_availqty)::numeric)) > $2)","Planned Partitions": 0,"HashAgg Batches": 1,"Peak Memory Usage": 17937,"Disk Usage": 0,"Rows Removed by Filter": 30007,"Plans": [{"Node Type": "Nested Loop","Parent Relationship": "Outer","Parallel Aware": false,"Async Capable": false,"Join Type": "Inner","Startup Cost": 7.81,"Total Cost": 4194.26,"Plan Rows": 32000,"Plan Width": 14,"Actual Startup Time": 0.339,"Actual Total Time": 197.388,"Actual Rows": 32880,"Actual Loops": 1,"Inner Unique": false,"Plans": [{"Node Type": "Nested Loop","Parent Relationship": "Outer","Parallel Aware": false,"Async Capable": false,"Join Type": "Inner","Startup Cost": 7.38,"Total Cost": 244.58,"Plan Rows": 400,"Plan Width": 4,"Actual Startup Time": 0.236,"Actual Total Time": 2.786,"Actual Rows": 411,"Actual Loops": 1,"Inner Unique": false,"Plans": [{"Node Type": "Seq Scan","Parent Relationship": "Outer","Parallel Aware": false,"Async Capable": false,"Relation Name": "nation","Alias": "nation","Startup Cost": 0.00,"Total Cost": 1.31,"Plan Rows": 1,"Plan Width": 4,"Actual Startup Time": 0.067,"Actual Total Time": 0.078,"Actual Rows": 1,"Actual Loops": 1,"Filter": "(n_name = 'SAUDI ARABIA'::bpchar)","Rows Removed by Filter": 24},{"Node Type": "Bitmap Heap Scan","Parent Relationship": "Inner","Parallel Aware": false,"Async Capable": false,"Relation Name": "supplier","Alias": "supplier","Startup Cost": 7.38,"Total Cost": 239.27,"Plan Rows": 400,"Plan Width": 8,"Actual Startup Time": 0.164,"Actual Total Time": 2.651,"Actual Rows": 411,"Actual Loops": 1,"Recheck Cond": "(s_nationkey = nation.n_nationkey)","Rows Removed by Index Recheck": 0,"Exact Heap Blocks": 182,"Lossy Heap Blocks": 0,"Plans": [{"Node Type": "Bitmap Index Scan","Parent Relationship": "Outer","Parallel Aware": false,"Async Capable": false,"Index Name": "idx_supplier_nation_key","Startup Cost": 0.00,"Total Cost": 7.29,"Plan Rows": 400,"Plan Width": 0,"Actual Startup Time": 0.119,"Actual Total Time": 0.120,"Actual Rows": 411,"Actual Loops": 1,"Index Cond": "(s_nationkey = nation.n_nationkey)"}]}]},{"Node Type": "Index Scan","Parent Relationship": "Inner","Parallel Aware": false,"Async Capable": false,"Scan Direction": "Forward","Index Name": "idx_partsupp_suppkey","Relation Name": "partsupp","Alias": "partsupp","Startup Cost": 0.42,"Total Cost": 9.07,"Plan Rows": 80,"Plan Width": 18,"Actual Startup Time": 0.019,"Actual Total Time": 0.462,"Actual Rows": 80,"Actual Loops": 411,"Index Cond": "(ps_suppkey = supplier.s_suppkey)","Rows Removed by Index Recheck": 0}]}]}]},"Planning Time": 5.661,"Triggers": [],"Execution Time": 447.485}]
[{"Plan": {"Node Type": "Sort","Parallel Aware": false,"Async Capable": false,"Startup Cost": 10142.20,"Total Cost": 10168.87,"Plan Rows": 10667,"Plan Width": 36,"Actual Startup Time": 449.560,"Actual Total Time": 449.671,"Actual Rows": 907,"Actual Loops": 1,"Sort Key": ["(sum((partsupp.ps_supplycost * (partsupp.ps_availqty)::numeric))) DESC"],"Sort Method": "quicksort","Sort Space Used": 74,"Sort Space Type": "Memory","Plans": [{"Node Type": "Aggregate","Strategy": "Plain","Partial Mode": "Simple","Parent Relationship": "InitPlan","Subplan Name": "InitPlan 1 (returns $2)","Parallel Aware": false,"Async Capable": false,"Startup Cost": 4434.26,"Total Cost": 4434.27,"Plan Rows": 1,"Plan Width": 32,"Actual Startup Time": 134.911,"Actual Total Time": 134.932,"Actual Rows": 1,"Actual Loops": 1,"Plans": [{"Node Type": "Nested Loop","Parent Relationship": "Outer","Parallel Aware": false,"Async Capable": false,"Join Type": "Inner","Startup Cost": 7.81,"Total Cost": 4194.26,"Plan Rows": 32000,"Plan Width": 10,"Actual Startup Time": 0.196,"Actual Total Time": 127.626,"Actual Rows": 31760,"Actual Loops": 1,"Inner Unique": false,"Plans": [{"Node Type": "Nested Loop","Parent Relationship": "Outer","Parallel Aware": false,"Async Capable": false,"Join Type": "Inner","Startup Cost": 7.38,"Total Cost": 244.58,"Plan Rows": 400,"Plan Width": 4,"Actual Startup Time": 0.146,"Actual Total Time": 1.719,"Actual Rows": 397,"Actual Loops": 1,"Inner Unique": false,"Plans": [{"Node Type": "Seq Scan","Parent Relationship": "Outer","Parallel Aware": false,"Async Capable": false,"Relation Name": "nation","Alias": "nation_1","Startup Cost": 0.00,"Total Cost": 1.31,"Plan Rows": 1,"Plan Width": 4,"Actual Startup Time": 0.024,"Actual Total Time": 0.052,"Actual Rows": 1,"Actual Loops": 1,"Filter": "(n_name = 'BRAZIL'::bpchar)","Rows Removed by Filter": 24},{"Node Type": "Bitmap Heap Scan","Parent Relationship": "Inner","Parallel Aware": false,"Async Capable": false,"Relation Name": "supplier","Alias": "supplier_1","Startup Cost": 7.38,"Total Cost": 239.27,"Plan Rows": 400,"Plan Width": 8,"Actual Startup Time": 0.105,"Actual Total Time": 1.602,"Actual Rows": 397,"Actual Loops": 1,"Recheck Cond": "(s_nationkey = nation_1.n_nationkey)","Rows Removed by Index Recheck": 0,"Exact Heap Blocks": 187,"Lossy Heap Blocks": 0,"Plans": [{"Node Type": "Bitmap Index Scan","Parent Relationship": "Outer","Parallel Aware": false,"Async Capable": false,"Index Name": "idx_supplier_nation_key","Startup Cost": 0.00,"Total Cost": 7.29,"Plan Rows": 400,"Plan Width": 0,"Actual Startup Time": 0.071,"Actual Total Time": 0.077,"Actual Rows": 397,"Actual Loops": 1,"Index Cond": "(s_nationkey = nation_1.n_nationkey)"}]}]},{"Node Type": "Index Scan","Parent Relationship": "Inner","Parallel Aware": false,"Async Capable": false,"Scan Direction": "Forward","Index Name": "idx_partsupp_suppkey","Relation Name": "partsupp","Alias": "partsupp_1","Startup Cost": 0.42,"Total Cost": 9.07,"Plan Rows": 80,"Plan Width": 14,"Actual Startup Time": 0.015,"Actual Total Time": 0.304,"Actual Rows": 80,"Actual Loops": 397,"Index Cond": "(ps_suppkey = supplier_1.s_suppkey)","Rows Removed by Index Recheck": 0}]}]},{"Node Type": "Aggregate","Strategy": "Hashed","Partial Mode": "Simple","Parent Relationship": "Outer","Parallel Aware": false,"Async Capable": false,"Startup Cost": 4514.26,"Total Cost": 4994.26,"Plan Rows": 10667,"Plan Width": 36,"Actual Startup Time": 378.380,"Actual Total Time": 449.162,"Actual Rows": 907,"Actual Loops": 1,"Group Key": ["partsupp.ps_partkey"],"Filter": "(sum((partsupp.ps_supplycost * (partsupp.ps_availqty)::numeric)) > $2)","Planned Partitions": 0,"HashAgg Batches": 1,"Peak Memory Usage": 17937,"Disk Usage": 0,"Rows Removed by Filter": 29157,"Plans": [{"Node Type": "Nested Loop","Parent Relationship": "Outer","Parallel Aware": false,"Async Capable": false,"Join Type": "Inner","Startup Cost": 7.81,"Total Cost": 4194.26,"Plan Rows": 32000,"Plan Width": 14,"Actual Startup Time": 0.353,"Actual Total Time": 195.500,"Actual Rows": 31760,"Actual Loops": 1,"Inner Unique": false,"Plans": [{"Node Type": "Nested Loop","Parent Relationship": "Outer","Parallel Aware": false,"Async Capable": false,"Join Type": "Inner","Startup Cost": 7.38,"Total Cost": 244.58,"Plan Rows": 400,"Plan Width": 4,"Actual Startup Time": 0.264,"Actual Total Time": 2.773,"Actual Rows": 397,"Actual Loops": 1,"Inner Unique": false,"Plans": [{"Node Type": "Seq Scan","Parent Relationship": "Outer","Parallel Aware": false,"Async Capable": false,"Relation Name": "nation","Alias": "nation","Startup Cost": 0.00,"Total Cost": 1.31,"Plan Rows": 1,"Plan Width": 4,"Actual Startup Time": 0.057,"Actual Total Time": 0.077,"Actual Rows": 1,"Actual Loops": 1,"Filter": "(n_name = 'BRAZIL'::bpchar)","Rows Removed by Filter": 24},{"Node Type": "Bitmap Heap Scan","Parent Relationship": "Inner","Parallel Aware": false,"Async Capable": false,"Relation Name": "supplier","Alias": "supplier","Startup Cost": 7.38,"Total Cost": 239.27,"Plan Rows": 400,"Plan Width": 8,"Actual Startup Time": 0.205,"Actual Total Time": 2.649,"Actual Rows": 397,"Actual Loops": 1,"Recheck Cond": "(s_nationkey = nation.n_nationkey)","Rows Removed by Index Recheck": 0,"Exact Heap Blocks": 187,"Lossy Heap Blocks": 0,"Plans": [{"Node Type": "Bitmap Index Scan","Parent Relationship": "Outer","Parallel Aware": false,"Async Capable": false,"Index Name": "idx_supplier_nation_key","Startup Cost": 0.00,"Total Cost": 7.29,"Plan Rows": 400,"Plan Width": 0,"Actual Startup Time": 0.130,"Actual Total Time": 0.131,"Actual Rows": 397,"Actual Loops": 1,"Index Cond": "(s_nationkey = nation.n_nationkey)"}]}]},{"Node Type": "Index Scan","Parent Relationship": "Inner","Parallel Aware": false,"Async Capable": false,"Scan Direction": "Forward","Index Name": "idx_partsupp_suppkey","Relation Name": "partsupp","Alias": "partsupp","Startup Cost": 0.42,"Total Cost": 9.07,"Plan Rows": 80,"Plan Width": 18,"Actual Startup Time": 0.020,"Actual Total Time": 0.474,"Actual Rows": 80,"Actual Loops": 397,"Index Cond": "(ps_suppkey = supplier.s_suppkey)","Rows Removed by Index Recheck": 0}]}]}]},"Planning Time": 5.165,"Triggers": [],"Execution Time": 452.133}]
[{"Plan": {"Node Type": "Sort","Parallel Aware": false,"Async Capable": false,"Startup Cost": 10142.20,"Total Cost": 10168.87,"Plan Rows": 10667,"Plan Width": 36,"Actual Startup Time": 463.200,"Actual Total Time": 463.334,"Actual Rows": 786,"Actual Loops": 1,"Sort Key": ["(sum((partsupp.ps_supplycost * (partsupp.ps_availqty)::numeric))) DESC"],"Sort Method": "quicksort","Sort Space Used": 67,"Sort Space Type": "Memory","Plans": [{"Node Type": "Aggregate","Strategy": "Plain","Partial Mode": "Simple","Parent Relationship": "InitPlan","Subplan Name": "InitPlan 1 (returns $2)","Parallel Aware": false,"Async Capable": false,"Startup Cost": 4434.26,"Total Cost": 4434.27,"Plan Rows": 1,"Plan Width": 32,"Actual Startup Time": 138.217,"Actual Total Time": 138.241,"Actual Rows": 1,"Actual Loops": 1,"Plans": [{"Node Type": "Nested Loop","Parent Relationship": "Outer","Parallel Aware": false,"Async Capable": false,"Join Type": "Inner","Startup Cost": 7.81,"Total Cost": 4194.26,"Plan Rows": 32000,"Plan Width": 10,"Actual Startup Time": 0.203,"Actual Total Time": 130.632,"Actual Rows": 33040,"Actual Loops": 1,"Inner Unique": false,"Plans": [{"Node Type": "Nested Loop","Parent Relationship": "Outer","Parallel Aware": false,"Async Capable": false,"Join Type": "Inner","Startup Cost": 7.38,"Total Cost": 244.58,"Plan Rows": 400,"Plan Width": 4,"Actual Startup Time": 0.159,"Actual Total Time": 1.911,"Actual Rows": 413,"Actual Loops": 1,"Inner Unique": false,"Plans": [{"Node Type": "Seq Scan","Parent Relationship": "Outer","Parallel Aware": false,"Async Capable": false,"Relation Name": "nation","Alias": "nation_1","Startup Cost": 0.00,"Total Cost": 1.31,"Plan Rows": 1,"Plan Width": 4,"Actual Startup Time": 0.020,"Actual Total Time": 0.050,"Actual Rows": 1,"Actual Loops": 1,"Filter": "(n_name = 'ARGENTINA'::bpchar)","Rows Removed by Filter": 24},{"Node Type": "Bitmap Heap Scan","Parent Relationship": "Inner","Parallel Aware": false,"Async Capable": false,"Relation Name": "supplier","Alias": "supplier_1","Startup Cost": 7.38,"Total Cost": 239.27,"Plan Rows": 400,"Plan Width": 8,"Actual Startup Time": 0.122,"Actual Total Time": 1.805,"Actual Rows": 413,"Actual Loops": 1,"Recheck Cond": "(s_nationkey = nation_1.n_nationkey)","Rows Removed by Index Recheck": 0,"Exact Heap Blocks": 190,"Lossy Heap Blocks": 0,"Plans": [{"Node Type": "Bitmap Index Scan","Parent Relationship": "Outer","Parallel Aware": false,"Async Capable": false,"Index Name": "idx_supplier_nation_key","Startup Cost": 0.00,"Total Cost": 7.29,"Plan Rows": 400,"Plan Width": 0,"Actual Startup Time": 0.076,"Actual Total Time": 0.082,"Actual Rows": 413,"Actual Loops": 1,"Index Cond": "(s_nationkey = nation_1.n_nationkey)"}]}]},{"Node Type": "Index Scan","Parent Relationship": "Inner","Parallel Aware": false,"Async Capable": false,"Scan Direction": "Forward","Index Name": "idx_partsupp_suppkey","Relation Name": "partsupp","Alias": "partsupp_1","Startup Cost": 0.42,"Total Cost": 9.07,"Plan Rows": 80,"Plan Width": 14,"Actual Startup Time": 0.015,"Actual Total Time": 0.299,"Actual Rows": 80,"Actual Loops": 413,"Index Cond": "(ps_suppkey = supplier_1.s_suppkey)","Rows Removed by Index Recheck": 0}]}]},{"Node Type": "Aggregate","Strategy": "Hashed","Partial Mode": "Simple","Parent Relationship": "Outer","Parallel Aware": false,"Async Capable": false,"Startup Cost": 4514.26,"Total Cost": 4994.26,"Plan Rows": 10667,"Plan Width": 36,"Actual Startup Time": 387.894,"Actual Total Time": 462.834,"Actual Rows": 786,"Actual Loops": 1,"Group Key": ["partsupp.ps_partkey"],"Filter": "(sum((partsupp.ps_supplycost * (partsupp.ps_availqty)::numeric)) > $2)","Planned Partitions": 0,"HashAgg Batches": 1,"Peak Memory Usage": 17937,"Disk Usage": 0,"Rows Removed by Filter": 30324,"Plans": [{"Node Type": "Nested Loop","Parent Relationship": "Outer","Parallel Aware": false,"Async Capable": false,"Join Type": "Inner","Startup Cost": 7.81,"Total Cost": 4194.26,"Plan Rows": 32000,"Plan Width": 14,"Actual Startup Time": 0.397,"Actual Total Time": 197.172,"Actual Rows": 33040,"Actual Loops": 1,"Inner Unique": false,"Plans": [{"Node Type": "Nested Loop","Parent Relationship": "Outer","Parallel Aware": false,"Async Capable": false,"Join Type": "Inner","Startup Cost": 7.38,"Total Cost": 244.58,"Plan Rows": 400,"Plan Width": 4,"Actual Startup Time": 0.324,"Actual Total Time": 2.886,"Actual Rows": 413,"Actual Loops": 1,"Inner Unique": false,"Plans": [{"Node Type": "Seq Scan","Parent Relationship": "Outer","Parallel Aware": false,"Async Capable": false,"Relation Name": "nation","Alias": "nation","Startup Cost": 0.00,"Total Cost": 1.31,"Plan Rows": 1,"Plan Width": 4,"Actual Startup Time": 0.073,"Actual Total Time": 0.106,"Actual Rows": 1,"Actual Loops": 1,"Filter": "(n_name = 'ARGENTINA'::bpchar)","Rows Removed by Filter": 24},{"Node Type": "Bitmap Heap Scan","Parent Relationship": "Inner","Parallel Aware": false,"Async Capable": false,"Relation Name": "supplier","Alias": "supplier","Startup Cost": 7.38,"Total Cost": 239.27,"Plan Rows": 400,"Plan Width": 8,"Actual Startup Time": 0.246,"Actual Total Time": 2.727,"Actual Rows": 413,"Actual Loops": 1,"Recheck Cond": "(s_nationkey = nation.n_nationkey)","Rows Removed by Index Recheck": 0,"Exact Heap Blocks": 190,"Lossy Heap Blocks": 0,"Plans": [{"Node Type": "Bitmap Index Scan","Parent Relationship": "Outer","Parallel Aware": false,"Async Capable": false,"Index Name": "idx_supplier_nation_key","Startup Cost": 0.00,"Total Cost": 7.29,"Plan Rows": 400,"Plan Width": 0,"Actual Startup Time": 0.154,"Actual Total Time": 0.156,"Actual Rows": 413,"Actual Loops": 1,"Index Cond": "(s_nationkey = nation.n_nationkey)"}]}]},{"Node Type": "Index Scan","Parent Relationship": "Inner","Parallel Aware": false,"Async Capable": false,"Scan Direction": "Forward","Index Name": "idx_partsupp_suppkey","Relation Name": "partsupp","Alias": "partsupp","Startup Cost": 0.42,"Total Cost": 9.07,"Plan Rows": 80,"Plan Width": 18,"Actual Startup Time": 0.020,"Actual Total Time": 0.459,"Actual Rows": 80,"Actual Loops": 413,"Index Cond": "(ps_suppkey = supplier.s_suppkey)","Rows Removed by Index Recheck": 0}]}]}]},"Planning Time": 6.005,"Triggers": [],"Execution Time": 466.166}]
[{"Plan": {"Node Type": "Sort","Parallel Aware": false,"Async Capable": false,"Startup Cost": 10142.20,"Total Cost": 10168.87,"Plan Rows": 10667,"Plan Width": 36,"Actual Startup Time": 448.636,"Actual Total Time": 448.779,"Actual Rows": 979,"Actual Loops": 1,"Sort Key": ["(sum((partsupp.ps_supplycost * (partsupp.ps_availqty)::numeric))) DESC"],"Sort Method": "quicksort","Sort Space Used": 78,"Sort Space Type": "Memory","Plans": [{"Node Type": "Aggregate","Strategy": "Plain","Partial Mode": "Simple","Parent Relationship": "InitPlan","Subplan Name": "InitPlan 1 (returns $2)","Parallel Aware": false,"Async Capable": false,"Startup Cost": 4434.26,"Total Cost": 4434.27,"Plan Rows": 1,"Plan Width": 32,"Actual Startup Time": 130.424,"Actual Total Time": 130.461,"Actual Rows": 1,"Actual Loops": 1,"Plans": [{"Node Type": "Nested Loop","Parent Relationship": "Outer","Parallel Aware": false,"Async Capable": false,"Join Type": "Inner","Startup Cost": 7.81,"Total Cost": 4194.26,"Plan Rows": 32000,"Plan Width": 10,"Actual Startup Time": 0.191,"Actual Total Time": 123.113,"Actual Rows": 31920,"Actual Loops": 1,"Inner Unique": false,"Plans": [{"Node Type": "Nested Loop","Parent Relationship": "Outer","Parallel Aware": false,"Async Capable": false,"Join Type": "Inner","Startup Cost": 7.38,"Total Cost": 244.58,"Plan Rows": 400,"Plan Width": 4,"Actual Startup Time": 0.152,"Actual Total Time": 1.823,"Actual Rows": 399,"Actual Loops": 1,"Inner Unique": false,"Plans": [{"Node Type": "Seq Scan","Parent Relationship": "Outer","Parallel Aware": false,"Async Capable": false,"Relation Name": "nation","Alias": "nation_1","Startup Cost": 0.00,"Total Cost": 1.31,"Plan Rows": 1,"Plan Width": 4,"Actual Startup Time": 0.042,"Actual Total Time": 0.060,"Actual Rows": 1,"Actual Loops": 1,"Filter": "(n_name = 'VIETNAM'::bpchar)","Rows Removed by Filter": 24},{"Node Type": "Bitmap Heap Scan","Parent Relationship": "Inner","Parallel Aware": false,"Async Capable": false,"Relation Name": "supplier","Alias": "supplier_1","Startup Cost": 7.38,"Total Cost": 239.27,"Plan Rows": 400,"Plan Width": 8,"Actual Startup Time": 0.095,"Actual Total Time": 1.696,"Actual Rows": 399,"Actual Loops": 1,"Recheck Cond": "(s_nationkey = nation_1.n_nationkey)","Rows Removed by Index Recheck": 0,"Exact Heap Blocks": 191,"Lossy Heap Blocks": 0,"Plans": [{"Node Type": "Bitmap Index Scan","Parent Relationship": "Outer","Parallel Aware": false,"Async Capable": false,"Index Name": "idx_supplier_nation_key","Startup Cost": 0.00,"Total Cost": 7.29,"Plan Rows": 400,"Plan Width": 0,"Actual Startup Time": 0.057,"Actual Total Time": 0.061,"Actual Rows": 399,"Actual Loops": 1,"Index Cond": "(s_nationkey = nation_1.n_nationkey)"}]}]},{"Node Type": "Index Scan","Parent Relationship": "Inner","Parallel Aware": false,"Async Capable": false,"Scan Direction": "Forward","Index Name": "idx_partsupp_suppkey","Relation Name": "partsupp","Alias": "partsupp_1","Startup Cost": 0.42,"Total Cost": 9.07,"Plan Rows": 80,"Plan Width": 14,"Actual Startup Time": 0.014,"Actual Total Time": 0.292,"Actual Rows": 80,"Actual Loops": 399,"Index Cond": "(ps_suppkey = supplier_1.s_suppkey)","Rows Removed by Index Recheck": 0}]}]},{"Node Type": "Aggregate","Strategy": "Hashed","Partial Mode": "Simple","Parent Relationship": "Outer","Parallel Aware": false,"Async Capable": false,"Startup Cost": 4514.26,"Total Cost": 4994.26,"Plan Rows": 10667,"Plan Width": 36,"Actual Startup Time": 376.224,"Actual Total Time": 448.108,"Actual Rows": 979,"Actual Loops": 1,"Group Key": ["partsupp.ps_partkey"],"Filter": "(sum((partsupp.ps_supplycost * (partsupp.ps_availqty)::numeric)) > $2)","Planned Partitions": 0,"HashAgg Batches": 1,"Peak Memory Usage": 17937,"Disk Usage": 0,"Rows Removed by Filter": 29153,"Plans": [{"Node Type": "Nested Loop","Parent Relationship": "Outer","Parallel Aware": false,"Async Capable": false,"Join Type": "Inner","Startup Cost": 7.81,"Total Cost": 4194.26,"Plan Rows": 32000,"Plan Width": 14,"Actual Startup Time": 0.359,"Actual Total Time": 202.215,"Actual Rows": 31920,"Actual Loops": 1,"Inner Unique": false,"Plans": [{"Node Type": "Nested Loop","Parent Relationship": "Outer","Parallel Aware": false,"Async Capable": false,"Join Type": "Inner","Startup Cost": 7.38,"Total Cost": 244.58,"Plan Rows": 400,"Plan Width": 4,"Actual Startup Time": 0.271,"Actual Total Time": 2.875,"Actual Rows": 399,"Actual Loops": 1,"Inner Unique": false,"Plans": [{"Node Type": "Seq Scan","Parent Relationship": "Outer","Parallel Aware": false,"Async Capable": false,"Relation Name": "nation","Alias": "nation","Startup Cost": 0.00,"Total Cost": 1.31,"Plan Rows": 1,"Plan Width": 4,"Actual Startup Time": 0.081,"Actual Total Time": 0.101,"Actual Rows": 1,"Actual Loops": 1,"Filter": "(n_name = 'VIETNAM'::bpchar)","Rows Removed by Filter": 24},{"Node Type": "Bitmap Heap Scan","Parent Relationship": "Inner","Parallel Aware": false,"Async Capable": false,"Relation Name": "supplier","Alias": "supplier","Startup Cost": 7.38,"Total Cost": 239.27,"Plan Rows": 400,"Plan Width": 8,"Actual Startup Time": 0.181,"Actual Total Time": 2.716,"Actual Rows": 399,"Actual Loops": 1,"Recheck Cond": "(s_nationkey = nation.n_nationkey)","Rows Removed by Index Recheck": 0,"Exact Heap Blocks": 191,"Lossy Heap Blocks": 0,"Plans": [{"Node Type": "Bitmap Index Scan","Parent Relationship": "Outer","Parallel Aware": false,"Async Capable": false,"Index Name": "idx_supplier_nation_key","Startup Cost": 0.00,"Total Cost": 7.29,"Plan Rows": 400,"Plan Width": 0,"Actual Startup Time": 0.120,"Actual Total Time": 0.121,"Actual Rows": 399,"Actual Loops": 1,"Index Cond": "(s_nationkey = nation.n_nationkey)"}]}]},{"Node Type": "Index Scan","Parent Relationship": "Inner","Parallel Aware": false,"Async Capable": false,"Scan Direction": "Forward","Index Name": "idx_partsupp_suppkey","Relation Name": "partsupp","Alias": "partsupp","Startup Cost": 0.42,"Total Cost": 9.07,"Plan Rows": 80,"Plan Width": 18,"Actual Startup Time": 0.019,"Actual Total Time": 0.488,"Actual Rows": 80,"Actual Loops": 399,"Index Cond": "(ps_suppkey = supplier.s_suppkey)","Rows Removed by Index Recheck": 0}]}]}]},"Planning Time": 6.254,"Triggers": [],"Execution Time": 451.997}]
[{"Plan": {"Node Type": "Sort","Parallel Aware": false,"Async Capable": false,"Startup Cost": 10142.20,"Total Cost": 10168.87,"Plan Rows": 10667,"Plan Width": 36,"Actual Startup Time": 413.680,"Actual Total Time": 413.810,"Actual Rows": 1217,"Actual Loops": 1,"Sort Key": ["(sum((partsupp.ps_supplycost * (partsupp.ps_availqty)::numeric))) DESC"],"Sort Method": "quicksort","Sort Space Used": 115,"Sort Space Type": "Memory","Plans": [{"Node Type": "Aggregate","Strategy": "Plain","Partial Mode": "Simple","Parent Relationship": "InitPlan","Subplan Name": "InitPlan 1 (returns $2)","Parallel Aware": false,"Async Capable": false,"Startup Cost": 4434.26,"Total Cost": 4434.27,"Plan Rows": 1,"Plan Width": 32,"Actual Startup Time": 121.350,"Actual Total Time": 121.366,"Actual Rows": 1,"Actual Loops": 1,"Plans": [{"Node Type": "Nested Loop","Parent Relationship": "Outer","Parallel Aware": false,"Async Capable": false,"Join Type": "Inner","Startup Cost": 7.81,"Total Cost": 4194.26,"Plan Rows": 32000,"Plan Width": 10,"Actual Startup Time": 0.211,"Actual Total Time": 114.479,"Actual Rows": 30080,"Actual Loops": 1,"Inner Unique": false,"Plans": [{"Node Type": "Nested Loop","Parent Relationship": "Outer","Parallel Aware": false,"Async Capable": false,"Join Type": "Inner","Startup Cost": 7.38,"Total Cost": 244.58,"Plan Rows": 400,"Plan Width": 4,"Actual Startup Time": 0.161,"Actual Total Time": 1.670,"Actual Rows": 376,"Actual Loops": 1,"Inner Unique": false,"Plans": [{"Node Type": "Seq Scan","Parent Relationship": "Outer","Parallel Aware": false,"Async Capable": false,"Relation Name": "nation","Alias": "nation_1","Startup Cost": 0.00,"Total Cost": 1.31,"Plan Rows": 1,"Plan Width": 4,"Actual Startup Time": 0.026,"Actual Total Time": 0.039,"Actual Rows": 1,"Actual Loops": 1,"Filter": "(n_name = 'KENYA'::bpchar)","Rows Removed by Filter": 24},{"Node Type": "Bitmap Heap Scan","Parent Relationship": "Inner","Parallel Aware": false,"Async Capable": false,"Relation Name": "supplier","Alias": "supplier_1","Startup Cost": 7.38,"Total Cost": 239.27,"Plan Rows": 400,"Plan Width": 8,"Actual Startup Time": 0.113,"Actual Total Time": 1.571,"Actual Rows": 376,"Actual Loops": 1,"Recheck Cond": "(s_nationkey = nation_1.n_nationkey)","Rows Removed by Index Recheck": 0,"Exact Heap Blocks": 179,"Lossy Heap Blocks": 0,"Plans": [{"Node Type": "Bitmap Index Scan","Parent Relationship": "Outer","Parallel Aware": false,"Async Capable": false,"Index Name": "idx_supplier_nation_key","Startup Cost": 0.00,"Total Cost": 7.29,"Plan Rows": 400,"Plan Width": 0,"Actual Startup Time": 0.082,"Actual Total Time": 0.086,"Actual Rows": 376,"Actual Loops": 1,"Index Cond": "(s_nationkey = nation_1.n_nationkey)"}]}]},{"Node Type": "Index Scan","Parent Relationship": "Inner","Parallel Aware": false,"Async Capable": false,"Scan Direction": "Forward","Index Name": "idx_partsupp_suppkey","Relation Name": "partsupp","Alias": "partsupp_1","Startup Cost": 0.42,"Total Cost": 9.07,"Plan Rows": 80,"Plan Width": 14,"Actual Startup Time": 0.014,"Actual Total Time": 0.288,"Actual Rows": 80,"Actual Loops": 376,"Index Cond": "(ps_suppkey = supplier_1.s_suppkey)","Rows Removed by Index Recheck": 0}]}]},{"Node Type": "Aggregate","Strategy": "Hashed","Partial Mode": "Simple","Parent Relationship": "Outer","Parallel Aware": false,"Async Capable": false,"Startup Cost": 4514.26,"Total Cost": 4994.26,"Plan Rows": 10667,"Plan Width": 36,"Actual Startup Time": 346.893,"Actual Total Time": 413.082,"Actual Rows": 1217,"Actual Loops": 1,"Group Key": ["partsupp.ps_partkey"],"Filter": "(sum((partsupp.ps_supplycost * (partsupp.ps_availqty)::numeric)) > $2)","Planned Partitions": 0,"HashAgg Batches": 1,"Peak Memory Usage": 17937,"Disk Usage": 0,"Rows Removed by Filter": 27288,"Plans": [{"Node Type": "Nested Loop","Parent Relationship": "Outer","Parallel Aware": false,"Async Capable": false,"Join Type": "Inner","Startup Cost": 7.81,"Total Cost": 4194.26,"Plan Rows": 32000,"Plan Width": 14,"Actual Startup Time": 0.423,"Actual Total Time": 185.679,"Actual Rows": 30080,"Actual Loops": 1,"Inner Unique": false,"Plans": [{"Node Type": "Nested Loop","Parent Relationship": "Outer","Parallel Aware": false,"Async Capable": false,"Join Type": "Inner","Startup Cost": 7.38,"Total Cost": 244.58,"Plan Rows": 400,"Plan Width": 4,"Actual Startup Time": 0.359,"Actual Total Time": 2.922,"Actual Rows": 376,"Actual Loops": 1,"Inner Unique": false,"Plans": [{"Node Type": "Seq Scan","Parent Relationship": "Outer","Parallel Aware": false,"Async Capable": false,"Relation Name": "nation","Alias": "nation","Startup Cost": 0.00,"Total Cost": 1.31,"Plan Rows": 1,"Plan Width": 4,"Actual Startup Time": 0.084,"Actual Total Time": 0.113,"Actual Rows": 1,"Actual Loops": 1,"Filter": "(n_name = 'KENYA'::bpchar)","Rows Removed by Filter": 24},{"Node Type": "Bitmap Heap Scan","Parent Relationship": "Inner","Parallel Aware": false,"Async Capable": false,"Relation Name": "supplier","Alias": "supplier","Startup Cost": 7.38,"Total Cost": 239.27,"Plan Rows": 400,"Plan Width": 8,"Actual Startup Time": 0.263,"Actual Total Time": 2.758,"Actual Rows": 376,"Actual Loops": 1,"Recheck Cond": "(s_nationkey = nation.n_nationkey)","Rows Removed by Index Recheck": 0,"Exact Heap Blocks": 179,"Lossy Heap Blocks": 0,"Plans": [{"Node Type": "Bitmap Index Scan","Parent Relationship": "Outer","Parallel Aware": false,"Async Capable": false,"Index Name": "idx_supplier_nation_key","Startup Cost": 0.00,"Total Cost": 7.29,"Plan Rows": 400,"Plan Width": 0,"Actual Startup Time": 0.183,"Actual Total Time": 0.184,"Actual Rows": 376,"Actual Loops": 1,"Index Cond": "(s_nationkey = nation.n_nationkey)"}]}]},{"Node Type": "Index Scan","Parent Relationship": "Inner","Parallel Aware": false,"Async Capable": false,"Scan Direction": "Forward","Index Name": "idx_partsupp_suppkey","Relation Name": "partsupp","Alias": "partsupp","Startup Cost": 0.42,"Total Cost": 9.07,"Plan Rows": 80,"Plan Width": 18,"Actual Startup Time": 0.018,"Actual Total Time": 0.474,"Actual Rows": 80,"Actual Loops": 376,"Index Cond": "(ps_suppkey = supplier.s_suppkey)","Rows Removed by Index Recheck": 0}]}]}]},"Planning Time": 5.474,"Triggers": [],"Execution Time": 416.886}]
[{"Plan": {"Node Type": "Sort","Parallel Aware": false,"Async Capable": false,"Startup Cost": 10142.20,"Total Cost": 10168.87,"Plan Rows": 10667,"Plan Width": 36,"Actual Startup Time": 451.065,"Actual Total Time": 451.181,"Actual Rows": 838,"Actual Loops": 1,"Sort Key": ["(sum((partsupp.ps_supplycost * (partsupp.ps_availqty)::numeric))) DESC"],"Sort Method": "quicksort","Sort Space Used": 70,"Sort Space Type": "Memory","Plans": [{"Node Type": "Aggregate","Strategy": "Plain","Partial Mode": "Simple","Parent Relationship": "InitPlan","Subplan Name": "InitPlan 1 (returns $2)","Parallel Aware": false,"Async Capable": false,"Startup Cost": 4434.26,"Total Cost": 4434.27,"Plan Rows": 1,"Plan Width": 32,"Actual Startup Time": 132.717,"Actual Total Time": 132.742,"Actual Rows": 1,"Actual Loops": 1,"Plans": [{"Node Type": "Nested Loop","Parent Relationship": "Outer","Parallel Aware": false,"Async Capable": false,"Join Type": "Inner","Startup Cost": 7.81,"Total Cost": 4194.26,"Plan Rows": 32000,"Plan Width": 10,"Actual Startup Time": 0.228,"Actual Total Time": 125.275,"Actual Rows": 32480,"Actual Loops": 1,"Inner Unique": false,"Plans": [{"Node Type": "Nested Loop","Parent Relationship": "Outer","Parallel Aware": false,"Async Capable": false,"Join Type": "Inner","Startup Cost": 7.38,"Total Cost": 244.58,"Plan Rows": 400,"Plan Width": 4,"Actual Startup Time": 0.174,"Actual Total Time": 1.839,"Actual Rows": 406,"Actual Loops": 1,"Inner Unique": false,"Plans": [{"Node Type": "Seq Scan","Parent Relationship": "Outer","Parallel Aware": false,"Async Capable": false,"Relation Name": "nation","Alias": "nation_1","Startup Cost": 0.00,"Total Cost": 1.31,"Plan Rows": 1,"Plan Width": 4,"Actual Startup Time": 0.052,"Actual Total Time": 0.067,"Actual Rows": 1,"Actual Loops": 1,"Filter": "(n_name = 'MOZAMBIQUE'::bpchar)","Rows Removed by Filter": 24},{"Node Type": "Bitmap Heap Scan","Parent Relationship": "Inner","Parallel Aware": false,"Async Capable": false,"Relation Name": "supplier","Alias": "supplier_1","Startup Cost": 7.38,"Total Cost": 239.27,"Plan Rows": 400,"Plan Width": 8,"Actual Startup Time": 0.112,"Actual Total Time": 1.721,"Actual Rows": 406,"Actual Loops": 1,"Recheck Cond": "(s_nationkey = nation_1.n_nationkey)","Rows Removed by Index Recheck": 0,"Exact Heap Blocks": 186,"Lossy Heap Blocks": 0,"Plans": [{"Node Type": "Bitmap Index Scan","Parent Relationship": "Outer","Parallel Aware": false,"Async Capable": false,"Index Name": "idx_supplier_nation_key","Startup Cost": 0.00,"Total Cost": 7.29,"Plan Rows": 400,"Plan Width": 0,"Actual Startup Time": 0.075,"Actual Total Time": 0.080,"Actual Rows": 406,"Actual Loops": 1,"Index Cond": "(s_nationkey = nation_1.n_nationkey)"}]}]},{"Node Type": "Index Scan","Parent Relationship": "Inner","Parallel Aware": false,"Async Capable": false,"Scan Direction": "Forward","Index Name": "idx_partsupp_suppkey","Relation Name": "partsupp","Alias": "partsupp_1","Startup Cost": 0.42,"Total Cost": 9.07,"Plan Rows": 80,"Plan Width": 14,"Actual Startup Time": 0.015,"Actual Total Time": 0.292,"Actual Rows": 80,"Actual Loops": 406,"Index Cond": "(ps_suppkey = supplier_1.s_suppkey)","Rows Removed by Index Recheck": 0}]}]},{"Node Type": "Aggregate","Strategy": "Hashed","Partial Mode": "Simple","Parent Relationship": "Outer","Parallel Aware": false,"Async Capable": false,"Startup Cost": 4514.26,"Total Cost": 4994.26,"Plan Rows": 10667,"Plan Width": 36,"Actual Startup Time": 378.862,"Actual Total Time": 450.673,"Actual Rows": 838,"Actual Loops": 1,"Group Key": ["partsupp.ps_partkey"],"Filter": "(sum((partsupp.ps_supplycost * (partsupp.ps_availqty)::numeric)) > $2)","Planned Partitions": 0,"HashAgg Batches": 1,"Peak Memory Usage": 17937,"Disk Usage": 0,"Rows Removed by Filter": 29832,"Plans": [{"Node Type": "Nested Loop","Parent Relationship": "Outer","Parallel Aware": false,"Async Capable": false,"Join Type": "Inner","Startup Cost": 7.81,"Total Cost": 4194.26,"Plan Rows": 32000,"Plan Width": 14,"Actual Startup Time": 0.382,"Actual Total Time": 202.282,"Actual Rows": 32480,"Actual Loops": 1,"Inner Unique": false,"Plans": [{"Node Type": "Nested Loop","Parent Relationship": "Outer","Parallel Aware": false,"Async Capable": false,"Join Type": "Inner","Startup Cost": 7.38,"Total Cost": 244.58,"Plan Rows": 400,"Plan Width": 4,"Actual Startup Time": 0.293,"Actual Total Time": 2.810,"Actual Rows": 406,"Actual Loops": 1,"Inner Unique": false,"Plans": [{"Node Type": "Seq Scan","Parent Relationship": "Outer","Parallel Aware": false,"Async Capable": false,"Relation Name": "nation","Alias": "nation","Startup Cost": 0.00,"Total Cost": 1.31,"Plan Rows": 1,"Plan Width": 4,"Actual Startup Time": 0.067,"Actual Total Time": 0.098,"Actual Rows": 1,"Actual Loops": 1,"Filter": "(n_name = 'MOZAMBIQUE'::bpchar)","Rows Removed by Filter": 24},{"Node Type": "Bitmap Heap Scan","Parent Relationship": "Inner","Parallel Aware": false,"Async Capable": false,"Relation Name": "supplier","Alias": "supplier","Startup Cost": 7.38,"Total Cost": 239.27,"Plan Rows": 400,"Plan Width": 8,"Actual Startup Time": 0.220,"Actual Total Time": 2.658,"Actual Rows": 406,"Actual Loops": 1,"Recheck Cond": "(s_nationkey = nation.n_nationkey)","Rows Removed by Index Recheck": 0,"Exact Heap Blocks": 186,"Lossy Heap Blocks": 0,"Plans": [{"Node Type": "Bitmap Index Scan","Parent Relationship": "Outer","Parallel Aware": false,"Async Capable": false,"Index Name": "idx_supplier_nation_key","Startup Cost": 0.00,"Total Cost": 7.29,"Plan Rows": 400,"Plan Width": 0,"Actual Startup Time": 0.147,"Actual Total Time": 0.149,"Actual Rows": 406,"Actual Loops": 1,"Index Cond": "(s_nationkey = nation.n_nationkey)"}]}]},{"Node Type": "Index Scan","Parent Relationship": "Inner","Parallel Aware": false,"Async Capable": false,"Scan Direction": "Forward","Index Name": "idx_partsupp_suppkey","Relation Name": "partsupp","Alias": "partsupp","Startup Cost": 0.42,"Total Cost": 9.07,"Plan Rows": 80,"Plan Width": 18,"Actual Startup Time": 0.020,"Actual Total Time": 0.480,"Actual Rows": 80,"Actual Loops": 406,"Index Cond": "(ps_suppkey = supplier.s_suppkey)","Rows Removed by Index Recheck": 0}]}]}]},"Planning Time": 6.783,"Triggers": [],"Execution Time": 454.405}]
[{"Plan": {"Node Type": "Sort","Parallel Aware": false,"Async Capable": false,"Startup Cost": 10142.20,"Total Cost": 10168.87,"Plan Rows": 10667,"Plan Width": 36,"Actual Startup Time": 435.527,"Actual Total Time": 435.700,"Actual Rows": 1089,"Actual Loops": 1,"Sort Key": ["(sum((partsupp.ps_supplycost * (partsupp.ps_availqty)::numeric))) DESC"],"Sort Method": "quicksort","Sort Space Used": 108,"Sort Space Type": "Memory","Plans": [{"Node Type": "Aggregate","Strategy": "Plain","Partial Mode": "Simple","Parent Relationship": "InitPlan","Subplan Name": "InitPlan 1 (returns $2)","Parallel Aware": false,"Async Capable": false,"Startup Cost": 4434.26,"Total Cost": 4434.27,"Plan Rows": 1,"Plan Width": 32,"Actual Startup Time": 127.992,"Actual Total Time": 128.018,"Actual Rows": 1,"Actual Loops": 1,"Plans": [{"Node Type": "Nested Loop","Parent Relationship": "Outer","Parallel Aware": false,"Async Capable": false,"Join Type": "Inner","Startup Cost": 7.81,"Total Cost": 4194.26,"Plan Rows": 32000,"Plan Width": 10,"Actual Startup Time": 0.202,"Actual Total Time": 120.806,"Actual Rows": 31200,"Actual Loops": 1,"Inner Unique": false,"Plans": [{"Node Type": "Nested Loop","Parent Relationship": "Outer","Parallel Aware": false,"Async Capable": false,"Join Type": "Inner","Startup Cost": 7.38,"Total Cost": 244.58,"Plan Rows": 400,"Plan Width": 4,"Actual Startup Time": 0.156,"Actual Total Time": 1.780,"Actual Rows": 390,"Actual Loops": 1,"Inner Unique": false,"Plans": [{"Node Type": "Seq Scan","Parent Relationship": "Outer","Parallel Aware": false,"Async Capable": false,"Relation Name": "nation","Alias": "nation_1","Startup Cost": 0.00,"Total Cost": 1.31,"Plan Rows": 1,"Plan Width": 4,"Actual Startup Time": 0.025,"Actual Total Time": 0.037,"Actual Rows": 1,"Actual Loops": 1,"Filter": "(n_name = 'UNITED KINGDOM'::bpchar)","Rows Removed by Filter": 24},{"Node Type": "Bitmap Heap Scan","Parent Relationship": "Inner","Parallel Aware": false,"Async Capable": false,"Relation Name": "supplier","Alias": "supplier_1","Startup Cost": 7.38,"Total Cost": 239.27,"Plan Rows": 400,"Plan Width": 8,"Actual Startup Time": 0.111,"Actual Total Time": 1.680,"Actual Rows": 390,"Actual Loops": 1,"Recheck Cond": "(s_nationkey = nation_1.n_nationkey)","Rows Removed by Index Recheck": 0,"Exact Heap Blocks": 190,"Lossy Heap Blocks": 0,"Plans": [{"Node Type": "Bitmap Index Scan","Parent Relationship": "Outer","Parallel Aware": false,"Async Capable": false,"Index Name": "idx_supplier_nation_key","Startup Cost": 0.00,"Total Cost": 7.29,"Plan Rows": 400,"Plan Width": 0,"Actual Startup Time": 0.075,"Actual Total Time": 0.080,"Actual Rows": 390,"Actual Loops": 1,"Index Cond": "(s_nationkey = nation_1.n_nationkey)"}]}]},{"Node Type": "Index Scan","Parent Relationship": "Inner","Parallel Aware": false,"Async Capable": false,"Scan Direction": "Forward","Index Name": "idx_partsupp_suppkey","Relation Name": "partsupp","Alias": "partsupp_1","Startup Cost": 0.42,"Total Cost": 9.07,"Plan Rows": 80,"Plan Width": 14,"Actual Startup Time": 0.014,"Actual Total Time": 0.293,"Actual Rows": 80,"Actual Loops": 390,"Index Cond": "(ps_suppkey = supplier_1.s_suppkey)","Rows Removed by Index Recheck": 0}]}]},{"Node Type": "Aggregate","Strategy": "Hashed","Partial Mode": "Simple","Parent Relationship": "Outer","Parallel Aware": false,"Async Capable": false,"Startup Cost": 4514.26,"Total Cost": 4994.26,"Plan Rows": 10667,"Plan Width": 36,"Actual Startup Time": 365.366,"Actual Total Time": 434.999,"Actual Rows": 1089,"Actual Loops": 1,"Group Key": ["partsupp.ps_partkey"],"Filter": "(sum((partsupp.ps_supplycost * (partsupp.ps_availqty)::numeric)) > $2)","Planned Partitions": 0,"HashAgg Batches": 1,"Peak Memory Usage": 17937,"Disk Usage": 0,"Rows Removed by Filter": 28366,"Plans": [{"Node Type": "Nested Loop","Parent Relationship": "Outer","Parallel Aware": false,"Async Capable": false,"Join Type": "Inner","Startup Cost": 7.81,"Total Cost": 4194.26,"Plan Rows": 32000,"Plan Width": 14,"Actual Startup Time": 0.273,"Actual Total Time": 195.557,"Actual Rows": 31200,"Actual Loops": 1,"Inner Unique": false,"Plans": [{"Node Type": "Nested Loop","Parent Relationship": "Outer","Parallel Aware": false,"Async Capable": false,"Join Type": "Inner","Startup Cost": 7.38,"Total Cost": 244.58,"Plan Rows": 400,"Plan Width": 4,"Actual Startup Time": 0.244,"Actual Total Time": 2.901,"Actual Rows": 390,"Actual Loops": 1,"Inner Unique": false,"Plans": [{"Node Type": "Seq Scan","Parent Relationship": "Outer","Parallel Aware": false,"Async Capable": false,"Relation Name": "nation","Alias": "nation","Startup Cost": 0.00,"Total Cost": 1.31,"Plan Rows": 1,"Plan Width": 4,"Actual Startup Time": 0.065,"Actual Total Time": 0.084,"Actual Rows": 1,"Actual Loops": 1,"Filter": "(n_name = 'UNITED KINGDOM'::bpchar)","Rows Removed by Filter": 24},{"Node Type": "Bitmap Heap Scan","Parent Relationship": "Inner","Parallel Aware": false,"Async Capable": false,"Relation Name": "supplier","Alias": "supplier","Startup Cost": 7.38,"Total Cost": 239.27,"Plan Rows": 400,"Plan Width": 8,"Actual Startup Time": 0.171,"Actual Total Time": 2.762,"Actual Rows": 390,"Actual Loops": 1,"Recheck Cond": "(s_nationkey = nation.n_nationkey)","Rows Removed by Index Recheck": 0,"Exact Heap Blocks": 190,"Lossy Heap Blocks": 0,"Plans": [{"Node Type": "Bitmap Index Scan","Parent Relationship": "Outer","Parallel Aware": false,"Async Capable": false,"Index Name": "idx_supplier_nation_key","Startup Cost": 0.00,"Total Cost": 7.29,"Plan Rows": 400,"Plan Width": 0,"Actual Startup Time": 0.123,"Actual Total Time": 0.123,"Actual Rows": 390,"Actual Loops": 1,"Index Cond": "(s_nationkey = nation.n_nationkey)"}]}]},{"Node Type": "Index Scan","Parent Relationship": "Inner","Parallel Aware": false,"Async Capable": false,"Scan Direction": "Forward","Index Name": "idx_partsupp_suppkey","Relation Name": "partsupp","Alias": "partsupp","Startup Cost": 0.42,"Total Cost": 9.07,"Plan Rows": 80,"Plan Width": 18,"Actual Startup Time": 0.020,"Actual Total Time": 0.482,"Actual Rows": 80,"Actual Loops": 390,"Index Cond": "(ps_suppkey = supplier.s_suppkey)","Rows Removed by Index Recheck": 0}]}]}]},"Planning Time": 6.575,"Triggers": [],"Execution Time": 439.057}]
[{"Plan": {"Node Type": "Sort","Parallel Aware": false,"Async Capable": false,"Startup Cost": 10142.20,"Total Cost": 10168.87,"Plan Rows": 10667,"Plan Width": 36,"Actual Startup Time": 448.636,"Actual Total Time": 448.779,"Actual Rows": 979,"Actual Loops": 1,"Sort Key": ["(sum((partsupp.ps_supplycost * (partsupp.ps_availqty)::numeric))) DESC"],"Sort Method": "quicksort","Sort Space Used": 78,"Sort Space Type": "Memory","Plans": [{"Node Type": "Aggregate","Strategy": "Plain","Partial Mode": "Simple","Parent Relationship": "InitPlan","Subplan Name": "InitPlan 1 (returns $2)","Parallel Aware": false,"Async Capable": false,"Startup Cost": 4434.26,"Total Cost": 4434.27,"Plan Rows": 1,"Plan Width": 32,"Actual Startup Time": 130.424,"Actual Total Time": 130.461,"Actual Rows": 1,"Actual Loops": 1,"Plans": [{"Node Type": "Nested Loop","Parent Relationship": "Outer","Parallel Aware": false,"Async Capable": false,"Join Type": "Inner","Startup Cost": 7.81,"Total Cost": 4194.26,"Plan Rows": 32000,"Plan Width": 10,"Actual Startup Time": 0.191,"Actual Total Time": 123.113,"Actual Rows": 31920,"Actual Loops": 1,"Inner Unique": false,"Plans": [{"Node Type": "Nested Loop","Parent Relationship": "Outer","Parallel Aware": false,"Async Capable": false,"Join Type": "Inner","Startup Cost": 7.38,"Total Cost": 244.58,"Plan Rows": 400,"Plan Width": 4,"Actual Startup Time": 0.152,"Actual Total Time": 1.823,"Actual Rows": 399,"Actual Loops": 1,"Inner Unique": false,"Plans": [{"Node Type": "Seq Scan","Parent Relationship": "Outer","Parallel Aware": false,"Async Capable": false,"Relation Name": "nation","Alias": "nation_1","Startup Cost": 0.00,"Total Cost": 1.31,"Plan Rows": 1,"Plan Width": 4,"Actual Startup Time": 0.042,"Actual Total Time": 0.060,"Actual Rows": 1,"Actual Loops": 1,"Filter": "(n_name = 'VIETNAM'::bpchar)","Rows Removed by Filter": 24},{"Node Type": "Bitmap Heap Scan","Parent Relationship": "Inner","Parallel Aware": false,"Async Capable": false,"Relation Name": "supplier","Alias": "supplier_1","Startup Cost": 7.38,"Total Cost": 239.27,"Plan Rows": 400,"Plan Width": 8,"Actual Startup Time": 0.095,"Actual Total Time": 1.696,"Actual Rows": 399,"Actual Loops": 1,"Recheck Cond": "(s_nationkey = nation_1.n_nationkey)","Rows Removed by Index Recheck": 0,"Exact Heap Blocks": 191,"Lossy Heap Blocks": 0,"Plans": [{"Node Type": "Bitmap Index Scan","Parent Relationship": "Outer","Parallel Aware": false,"Async Capable": false,"Index Name": "idx_supplier_nation_key","Startup Cost": 0.00,"Total Cost": 7.29,"Plan Rows": 400,"Plan Width": 0,"Actual Startup Time": 0.057,"Actual Total Time": 0.061,"Actual Rows": 399,"Actual Loops": 1,"Index Cond": "(s_nationkey = nation_1.n_nationkey)"}]}]},{"Node Type": "Index Scan","Parent Relationship": "Inner","Parallel Aware": false,"Async Capable": false,"Scan Direction": "Forward","Index Name": "idx_partsupp_suppkey","Relation Name": "partsupp","Alias": "partsupp_1","Startup Cost": 0.42,"Total Cost": 9.07,"Plan Rows": 80,"Plan Width": 14,"Actual Startup Time": 0.014,"Actual Total Time": 0.292,"Actual Rows": 80,"Actual Loops": 399,"Index Cond": "(ps_suppkey = supplier_1.s_suppkey)","Rows Removed by Index Recheck": 0}]}]},{"Node Type": "Aggregate","Strategy": "Hashed","Partial Mode": "Simple","Parent Relationship": "Outer","Parallel Aware": false,"Async Capable": false,"Startup Cost": 4514.26,"Total Cost": 4994.26,"Plan Rows": 10667,"Plan Width": 36,"Actual Startup Time": 376.224,"Actual Total Time": 448.108,"Actual Rows": 979,"Actual Loops": 1,"Group Key": ["partsupp.ps_partkey"],"Filter": "(sum((partsupp.ps_supplycost * (partsupp.ps_availqty)::numeric)) > $2)","Planned Partitions": 0,"HashAgg Batches": 1,"Peak Memory Usage": 17937,"Disk Usage": 0,"Rows Removed by Filter": 29153,"Plans": [{"Node Type": "Nested Loop","Parent Relationship": "Outer","Parallel Aware": false,"Async Capable": false,"Join Type": "Inner","Startup Cost": 7.81,"Total Cost": 4194.26,"Plan Rows": 32000,"Plan Width": 14,"Actual Startup Time": 0.359,"Actual Total Time": 202.215,"Actual Rows": 31920,"Actual Loops": 1,"Inner Unique": false,"Plans": [{"Node Type": "Nested Loop","Parent Relationship": "Outer","Parallel Aware": false,"Async Capable": false,"Join Type": "Inner","Startup Cost": 7.38,"Total Cost": 244.58,"Plan Rows": 400,"Plan Width": 4,"Actual Startup Time": 0.271,"Actual Total Time": 2.875,"Actual Rows": 399,"Actual Loops": 1,"Inner Unique": false,"Plans": [{"Node Type": "Seq Scan","Parent Relationship": "Outer","Parallel Aware": false,"Async Capable": false,"Relation Name": "nation","Alias": "nation","Startup Cost": 0.00,"Total Cost": 1.31,"Plan Rows": 1,"Plan Width": 4,"Actual Startup Time": 0.081,"Actual Total Time": 0.101,"Actual Rows": 1,"Actual Loops": 1,"Filter": "(n_name = 'VIETNAM'::bpchar)","Rows Removed by Filter": 24},{"Node Type": "Bitmap Heap Scan","Parent Relationship": "Inner","Parallel Aware": false,"Async Capable": false,"Relation Name": "supplier","Alias": "supplier","Startup Cost": 7.38,"Total Cost": 239.27,"Plan Rows": 400,"Plan Width": 8,"Actual Startup Time": 0.181,"Actual Total Time": 2.716,"Actual Rows": 399,"Actual Loops": 1,"Recheck Cond": "(s_nationkey = nation.n_nationkey)","Rows Removed by Index Recheck": 0,"Exact Heap Blocks": 191,"Lossy Heap Blocks": 0,"Plans": [{"Node Type": "Bitmap Index Scan","Parent Relationship": "Outer","Parallel Aware": false,"Async Capable": false,"Index Name": "idx_supplier_nation_key","Startup Cost": 0.00,"Total Cost": 7.29,"Plan Rows": 400,"Plan Width": 0,"Actual Startup Time": 0.120,"Actual Total Time": 0.121,"Actual Rows": 399,"Actual Loops": 1,"Index Cond": "(s_nationkey = nation.n_nationkey)"}]}]},{"Node Type": "Index Scan","Parent Relationship": "Inner","Parallel Aware": false,"Async Capable": false,"Scan Direction": "Forward","Index Name": "idx_partsupp_suppkey","Relation Name": "partsupp","Alias": "partsupp","Startup Cost": 0.42,"Total Cost": 9.07,"Plan Rows": 80,"Plan Width": 18,"Actual Startup Time": 0.019,"Actual Total Time": 0.488,"Actual Rows": 80,"Actual Loops": 399,"Index Cond": "(ps_suppkey = supplier.s_suppkey)","Rows Removed by Index Recheck": 0}]}]}]},"Planning Time": 6.254,"Triggers": [],"Execution Time": 451.997}]
[{"Plan": {"Node Type": "Sort","Parallel Aware": false,"Async Capable": false,"Startup Cost": 10142.20,"Total Cost": 10168.87,"Plan Rows": 10667,"Plan Width": 36,"Actual Startup Time": 451.065,"Actual Total Time": 451.181,"Actual Rows": 838,"Actual Loops": 1,"Sort Key": ["(sum((partsupp.ps_supplycost * (partsupp.ps_availqty)::numeric))) DESC"],"Sort Method": "quicksort","Sort Space Used": 70,"Sort Space Type": "Memory","Plans": [{"Node Type": "Aggregate","Strategy": "Plain","Partial Mode": "Simple","Parent Relationship": "InitPlan","Subplan Name": "InitPlan 1 (returns $2)","Parallel Aware": false,"Async Capable": false,"Startup Cost": 4434.26,"Total Cost": 4434.27,"Plan Rows": 1,"Plan Width": 32,"Actual Startup Time": 132.717,"Actual Total Time": 132.742,"Actual Rows": 1,"Actual Loops": 1,"Plans": [{"Node Type": "Nested Loop","Parent Relationship": "Outer","Parallel Aware": false,"Async Capable": false,"Join Type": "Inner","Startup Cost": 7.81,"Total Cost": 4194.26,"Plan Rows": 32000,"Plan Width": 10,"Actual Startup Time": 0.228,"Actual Total Time": 125.275,"Actual Rows": 32480,"Actual Loops": 1,"Inner Unique": false,"Plans": [{"Node Type": "Nested Loop","Parent Relationship": "Outer","Parallel Aware": false,"Async Capable": false,"Join Type": "Inner","Startup Cost": 7.38,"Total Cost": 244.58,"Plan Rows": 400,"Plan Width": 4,"Actual Startup Time": 0.174,"Actual Total Time": 1.839,"Actual Rows": 406,"Actual Loops": 1,"Inner Unique": false,"Plans": [{"Node Type": "Seq Scan","Parent Relationship": "Outer","Parallel Aware": false,"Async Capable": false,"Relation Name": "nation","Alias": "nation_1","Startup Cost": 0.00,"Total Cost": 1.31,"Plan Rows": 1,"Plan Width": 4,"Actual Startup Time": 0.052,"Actual Total Time": 0.067,"Actual Rows": 1,"Actual Loops": 1,"Filter": "(n_name = 'MOZAMBIQUE'::bpchar)","Rows Removed by Filter": 24},{"Node Type": "Bitmap Heap Scan","Parent Relationship": "Inner","Parallel Aware": false,"Async Capable": false,"Relation Name": "supplier","Alias": "supplier_1","Startup Cost": 7.38,"Total Cost": 239.27,"Plan Rows": 400,"Plan Width": 8,"Actual Startup Time": 0.112,"Actual Total Time": 1.721,"Actual Rows": 406,"Actual Loops": 1,"Recheck Cond": "(s_nationkey = nation_1.n_nationkey)","Rows Removed by Index Recheck": 0,"Exact Heap Blocks": 186,"Lossy Heap Blocks": 0,"Plans": [{"Node Type": "Bitmap Index Scan","Parent Relationship": "Outer","Parallel Aware": false,"Async Capable": false,"Index Name": "idx_supplier_nation_key","Startup Cost": 0.00,"Total Cost": 7.29,"Plan Rows": 400,"Plan Width": 0,"Actual Startup Time": 0.075,"Actual Total Time": 0.080,"Actual Rows": 406,"Actual Loops": 1,"Index Cond": "(s_nationkey = nation_1.n_nationkey)"}]}]},{"Node Type": "Index Scan","Parent Relationship": "Inner","Parallel Aware": false,"Async Capable": false,"Scan Direction": "Forward","Index Name": "idx_partsupp_suppkey","Relation Name": "partsupp","Alias": "partsupp_1","Startup Cost": 0.42,"Total Cost": 9.07,"Plan Rows": 80,"Plan Width": 14,"Actual Startup Time": 0.015,"Actual Total Time": 0.292,"Actual Rows": 80,"Actual Loops": 406,"Index Cond": "(ps_suppkey = supplier_1.s_suppkey)","Rows Removed by Index Recheck": 0}]}]},{"Node Type": "Aggregate","Strategy": "Hashed","Partial Mode": "Simple","Parent Relationship": "Outer","Parallel Aware": false,"Async Capable": false,"Startup Cost": 4514.26,"Total Cost": 4994.26,"Plan Rows": 10667,"Plan Width": 36,"Actual Startup Time": 378.862,"Actual Total Time": 450.673,"Actual Rows": 838,"Actual Loops": 1,"Group Key": ["partsupp.ps_partkey"],"Filter": "(sum((partsupp.ps_supplycost * (partsupp.ps_availqty)::numeric)) > $2)","Planned Partitions": 0,"HashAgg Batches": 1,"Peak Memory Usage": 17937,"Disk Usage": 0,"Rows Removed by Filter": 29832,"Plans": [{"Node Type": "Nested Loop","Parent Relationship": "Outer","Parallel Aware": false,"Async Capable": false,"Join Type": "Inner","Startup Cost": 7.81,"Total Cost": 4194.26,"Plan Rows": 32000,"Plan Width": 14,"Actual Startup Time": 0.382,"Actual Total Time": 202.282,"Actual Rows": 32480,"Actual Loops": 1,"Inner Unique": false,"Plans": [{"Node Type": "Nested Loop","Parent Relationship": "Outer","Parallel Aware": false,"Async Capable": false,"Join Type": "Inner","Startup Cost": 7.38,"Total Cost": 244.58,"Plan Rows": 400,"Plan Width": 4,"Actual Startup Time": 0.293,"Actual Total Time": 2.810,"Actual Rows": 406,"Actual Loops": 1,"Inner Unique": false,"Plans": [{"Node Type": "Seq Scan","Parent Relationship": "Outer","Parallel Aware": false,"Async Capable": false,"Relation Name": "nation","Alias": "nation","Startup Cost": 0.00,"Total Cost": 1.31,"Plan Rows": 1,"Plan Width": 4,"Actual Startup Time": 0.067,"Actual Total Time": 0.098,"Actual Rows": 1,"Actual Loops": 1,"Filter": "(n_name = 'MOZAMBIQUE'::bpchar)","Rows Removed by Filter": 24},{"Node Type": "Bitmap Heap Scan","Parent Relationship": "Inner","Parallel Aware": false,"Async Capable": false,"Relation Name": "supplier","Alias": "supplier","Startup Cost": 7.38,"Total Cost": 239.27,"Plan Rows": 400,"Plan Width": 8,"Actual Startup Time": 0.220,"Actual Total Time": 2.658,"Actual Rows": 406,"Actual Loops": 1,"Recheck Cond": "(s_nationkey = nation.n_nationkey)","Rows Removed by Index Recheck": 0,"Exact Heap Blocks": 186,"Lossy Heap Blocks": 0,"Plans": [{"Node Type": "Bitmap Index Scan","Parent Relationship": "Outer","Parallel Aware": false,"Async Capable": false,"Index Name": "idx_supplier_nation_key","Startup Cost": 0.00,"Total Cost": 7.29,"Plan Rows": 400,"Plan Width": 0,"Actual Startup Time": 0.147,"Actual Total Time": 0.149,"Actual Rows": 406,"Actual Loops": 1,"Index Cond": "(s_nationkey = nation.n_nationkey)"}]}]},{"Node Type": "Index Scan","Parent Relationship": "Inner","Parallel Aware": false,"Async Capable": false,"Scan Direction": "Forward","Index Name": "idx_partsupp_suppkey","Relation Name": "partsupp","Alias": "partsupp","Startup Cost": 0.42,"Total Cost": 9.07,"Plan Rows": 80,"Plan Width": 18,"Actual Startup Time": 0.020,"Actual Total Time": 0.480,"Actual Rows": 80,"Actual Loops": 406,"Index Cond": "(ps_suppkey = supplier.s_suppkey)","Rows Removed by Index Recheck": 0}]}]}]},"Planning Time": 6.783,"Triggers": [],"Execution Time": 454.405}]
[{"Plan": {"Node Type": "Sort","Parallel Aware": false,"Async Capable": false,"Startup Cost": 10142.20,"Total Cost": 10168.87,"Plan Rows": 10667,"Plan Width": 36,"Actual Startup Time": 443.389,"Actual Total Time": 443.514,"Actual Rows": 1031,"Actual Loops": 1,"Sort Key": ["(sum((partsupp.ps_supplycost * (partsupp.ps_availqty)::numeric))) DESC"],"Sort Method": "quicksort","Sort Space Used": 105,"Sort Space Type": "Memory","Plans": [{"Node Type": "Aggregate","Strategy": "Plain","Partial Mode": "Simple","Parent Relationship": "InitPlan","Subplan Name": "InitPlan 1 (returns $2)","Parallel Aware": false,"Async Capable": false,"Startup Cost": 4434.26,"Total Cost": 4434.27,"Plan Rows": 1,"Plan Width": 32,"Actual Startup Time": 132.940,"Actual Total Time": 132.957,"Actual Rows": 1,"Actual Loops": 1,"Plans": [{"Node Type": "Nested Loop","Parent Relationship": "Outer","Parallel Aware": false,"Async Capable": false,"Join Type": "Inner","Startup Cost": 7.81,"Total Cost": 4194.26,"Plan Rows": 32000,"Plan Width": 10,"Actual Startup Time": 0.263,"Actual Total Time": 125.681,"Actual Rows": 31440,"Actual Loops": 1,"Inner Unique": false,"Plans": [{"Node Type": "Nested Loop","Parent Relationship": "Outer","Parallel Aware": false,"Async Capable": false,"Join Type": "Inner","Startup Cost": 7.38,"Total Cost": 244.58,"Plan Rows": 400,"Plan Width": 4,"Actual Startup Time": 0.205,"Actual Total Time": 1.775,"Actual Rows": 393,"Actual Loops": 1,"Inner Unique": false,"Plans": [{"Node Type": "Seq Scan","Parent Relationship": "Outer","Parallel Aware": false,"Async Capable": false,"Relation Name": "nation","Alias": "nation_1","Startup Cost": 0.00,"Total Cost": 1.31,"Plan Rows": 1,"Plan Width": 4,"Actual Startup Time": 0.056,"Actual Total Time": 0.062,"Actual Rows": 1,"Actual Loops": 1,"Filter": "(n_name = 'UNITED STATES'::bpchar)","Rows Removed by Filter": 24},{"Node Type": "Bitmap Heap Scan","Parent Relationship": "Inner","Parallel Aware": false,"Async Capable": false,"Relation Name": "supplier","Alias": "supplier_1","Startup Cost": 7.38,"Total Cost": 239.27,"Plan Rows": 400,"Plan Width": 8,"Actual Startup Time": 0.126,"Actual Total Time": 1.648,"Actual Rows": 393,"Actual Loops": 1,"Recheck Cond": "(s_nationkey = nation_1.n_nationkey)","Rows Removed by Index Recheck": 0,"Exact Heap Blocks": 181,"Lossy Heap Blocks": 0,"Plans": [{"Node Type": "Bitmap Index Scan","Parent Relationship": "Outer","Parallel Aware": false,"Async Capable": false,"Index Name": "idx_supplier_nation_key","Startup Cost": 0.00,"Total Cost": 7.29,"Plan Rows": 400,"Plan Width": 0,"Actual Startup Time": 0.087,"Actual Total Time": 0.091,"Actual Rows": 393,"Actual Loops": 1,"Index Cond": "(s_nationkey = nation_1.n_nationkey)"}]}]},{"Node Type": "Index Scan","Parent Relationship": "Inner","Parallel Aware": false,"Async Capable": false,"Scan Direction": "Forward","Index Name": "idx_partsupp_suppkey","Relation Name": "partsupp","Alias": "partsupp_1","Startup Cost": 0.42,"Total Cost": 9.07,"Plan Rows": 80,"Plan Width": 14,"Actual Startup Time": 0.015,"Actual Total Time": 0.303,"Actual Rows": 80,"Actual Loops": 393,"Index Cond": "(ps_suppkey = supplier_1.s_suppkey)","Rows Removed by Index Recheck": 0}]}]},{"Node Type": "Aggregate","Strategy": "Hashed","Partial Mode": "Simple","Parent Relationship": "Outer","Parallel Aware": false,"Async Capable": false,"Startup Cost": 4514.26,"Total Cost": 4994.26,"Plan Rows": 10667,"Plan Width": 36,"Actual Startup Time": 371.004,"Actual Total Time": 442.894,"Actual Rows": 1031,"Actual Loops": 1,"Group Key": ["partsupp.ps_partkey"],"Filter": "(sum((partsupp.ps_supplycost * (partsupp.ps_availqty)::numeric)) > $2)","Planned Partitions": 0,"HashAgg Batches": 1,"Peak Memory Usage": 17937,"Disk Usage": 0,"Rows Removed by Filter": 28434,"Plans": [{"Node Type": "Nested Loop","Parent Relationship": "Outer","Parallel Aware": false,"Async Capable": false,"Join Type": "Inner","Startup Cost": 7.81,"Total Cost": 4194.26,"Plan Rows": 32000,"Plan Width": 14,"Actual Startup Time": 0.317,"Actual Total Time": 191.179,"Actual Rows": 31440,"Actual Loops": 1,"Inner Unique": false,"Plans": [{"Node Type": "Nested Loop","Parent Relationship": "Outer","Parallel Aware": false,"Async Capable": false,"Join Type": "Inner","Startup Cost": 7.38,"Total Cost": 244.58,"Plan Rows": 400,"Plan Width": 4,"Actual Startup Time": 0.258,"Actual Total Time": 2.692,"Actual Rows": 393,"Actual Loops": 1,"Inner Unique": false,"Plans": [{"Node Type": "Seq Scan","Parent Relationship": "Outer","Parallel Aware": false,"Async Capable": false,"Relation Name": "nation","Alias": "nation","Startup Cost": 0.00,"Total Cost": 1.31,"Plan Rows": 1,"Plan Width": 4,"Actual Startup Time": 0.065,"Actual Total Time": 0.076,"Actual Rows": 1,"Actual Loops": 1,"Filter": "(n_name = 'UNITED STATES'::bpchar)","Rows Removed by Filter": 24},{"Node Type": "Bitmap Heap Scan","Parent Relationship": "Inner","Parallel Aware": false,"Async Capable": false,"Relation Name": "supplier","Alias": "supplier","Startup Cost": 7.38,"Total Cost": 239.27,"Plan Rows": 400,"Plan Width": 8,"Actual Startup Time": 0.185,"Actual Total Time": 2.562,"Actual Rows": 393,"Actual Loops": 1,"Recheck Cond": "(s_nationkey = nation.n_nationkey)","Rows Removed by Index Recheck": 0,"Exact Heap Blocks": 181,"Lossy Heap Blocks": 0,"Plans": [{"Node Type": "Bitmap Index Scan","Parent Relationship": "Outer","Parallel Aware": false,"Async Capable": false,"Index Name": "idx_supplier_nation_key","Startup Cost": 0.00,"Total Cost": 7.29,"Plan Rows": 400,"Plan Width": 0,"Actual Startup Time": 0.119,"Actual Total Time": 0.122,"Actual Rows": 393,"Actual Loops": 1,"Index Cond": "(s_nationkey = nation.n_nationkey)"}]}]},{"Node Type": "Index Scan","Parent Relationship": "Inner","Parallel Aware": false,"Async Capable": false,"Scan Direction": "Forward","Index Name": "idx_partsupp_suppkey","Relation Name": "partsupp","Alias": "partsupp","Startup Cost": 0.42,"Total Cost": 9.07,"Plan Rows": 80,"Plan Width": 18,"Actual Startup Time": 0.020,"Actual Total Time": 0.468,"Actual Rows": 80,"Actual Loops": 393,"Index Cond": "(ps_suppkey = supplier.s_suppkey)","Rows Removed by Index Recheck": 0}]}]}]},"Planning Time": 7.102,"Triggers": [],"Execution Time": 445.930}]
[{"Plan": {"Node Type": "Sort","Parallel Aware": false,"Async Capable": false,"Startup Cost": 10142.20,"Total Cost": 10168.87,"Plan Rows": 10667,"Plan Width": 36,"Actual Startup Time": 448.636,"Actual Total Time": 448.779,"Actual Rows": 979,"Actual Loops": 1,"Sort Key": ["(sum((partsupp.ps_supplycost * (partsupp.ps_availqty)::numeric))) DESC"],"Sort Method": "quicksort","Sort Space Used": 78,"Sort Space Type": "Memory","Plans": [{"Node Type": "Aggregate","Strategy": "Plain","Partial Mode": "Simple","Parent Relationship": "InitPlan","Subplan Name": "InitPlan 1 (returns $2)","Parallel Aware": false,"Async Capable": false,"Startup Cost": 4434.26,"Total Cost": 4434.27,"Plan Rows": 1,"Plan Width": 32,"Actual Startup Time": 130.424,"Actual Total Time": 130.461,"Actual Rows": 1,"Actual Loops": 1,"Plans": [{"Node Type": "Nested Loop","Parent Relationship": "Outer","Parallel Aware": false,"Async Capable": false,"Join Type": "Inner","Startup Cost": 7.81,"Total Cost": 4194.26,"Plan Rows": 32000,"Plan Width": 10,"Actual Startup Time": 0.191,"Actual Total Time": 123.113,"Actual Rows": 31920,"Actual Loops": 1,"Inner Unique": false,"Plans": [{"Node Type": "Nested Loop","Parent Relationship": "Outer","Parallel Aware": false,"Async Capable": false,"Join Type": "Inner","Startup Cost": 7.38,"Total Cost": 244.58,"Plan Rows": 400,"Plan Width": 4,"Actual Startup Time": 0.152,"Actual Total Time": 1.823,"Actual Rows": 399,"Actual Loops": 1,"Inner Unique": false,"Plans": [{"Node Type": "Seq Scan","Parent Relationship": "Outer","Parallel Aware": false,"Async Capable": false,"Relation Name": "nation","Alias": "nation_1","Startup Cost": 0.00,"Total Cost": 1.31,"Plan Rows": 1,"Plan Width": 4,"Actual Startup Time": 0.042,"Actual Total Time": 0.060,"Actual Rows": 1,"Actual Loops": 1,"Filter": "(n_name = 'VIETNAM'::bpchar)","Rows Removed by Filter": 24},{"Node Type": "Bitmap Heap Scan","Parent Relationship": "Inner","Parallel Aware": false,"Async Capable": false,"Relation Name": "supplier","Alias": "supplier_1","Startup Cost": 7.38,"Total Cost": 239.27,"Plan Rows": 400,"Plan Width": 8,"Actual Startup Time": 0.095,"Actual Total Time": 1.696,"Actual Rows": 399,"Actual Loops": 1,"Recheck Cond": "(s_nationkey = nation_1.n_nationkey)","Rows Removed by Index Recheck": 0,"Exact Heap Blocks": 191,"Lossy Heap Blocks": 0,"Plans": [{"Node Type": "Bitmap Index Scan","Parent Relationship": "Outer","Parallel Aware": false,"Async Capable": false,"Index Name": "idx_supplier_nation_key","Startup Cost": 0.00,"Total Cost": 7.29,"Plan Rows": 400,"Plan Width": 0,"Actual Startup Time": 0.057,"Actual Total Time": 0.061,"Actual Rows": 399,"Actual Loops": 1,"Index Cond": "(s_nationkey = nation_1.n_nationkey)"}]}]},{"Node Type": "Index Scan","Parent Relationship": "Inner","Parallel Aware": false,"Async Capable": false,"Scan Direction": "Forward","Index Name": "idx_partsupp_suppkey","Relation Name": "partsupp","Alias": "partsupp_1","Startup Cost": 0.42,"Total Cost": 9.07,"Plan Rows": 80,"Plan Width": 14,"Actual Startup Time": 0.014,"Actual Total Time": 0.292,"Actual Rows": 80,"Actual Loops": 399,"Index Cond": "(ps_suppkey = supplier_1.s_suppkey)","Rows Removed by Index Recheck": 0}]}]},{"Node Type": "Aggregate","Strategy": "Hashed","Partial Mode": "Simple","Parent Relationship": "Outer","Parallel Aware": false,"Async Capable": false,"Startup Cost": 4514.26,"Total Cost": 4994.26,"Plan Rows": 10667,"Plan Width": 36,"Actual Startup Time": 376.224,"Actual Total Time": 448.108,"Actual Rows": 979,"Actual Loops": 1,"Group Key": ["partsupp.ps_partkey"],"Filter": "(sum((partsupp.ps_supplycost * (partsupp.ps_availqty)::numeric)) > $2)","Planned Partitions": 0,"HashAgg Batches": 1,"Peak Memory Usage": 17937,"Disk Usage": 0,"Rows Removed by Filter": 29153,"Plans": [{"Node Type": "Nested Loop","Parent Relationship": "Outer","Parallel Aware": false,"Async Capable": false,"Join Type": "Inner","Startup Cost": 7.81,"Total Cost": 4194.26,"Plan Rows": 32000,"Plan Width": 14,"Actual Startup Time": 0.359,"Actual Total Time": 202.215,"Actual Rows": 31920,"Actual Loops": 1,"Inner Unique": false,"Plans": [{"Node Type": "Nested Loop","Parent Relationship": "Outer","Parallel Aware": false,"Async Capable": false,"Join Type": "Inner","Startup Cost": 7.38,"Total Cost": 244.58,"Plan Rows": 400,"Plan Width": 4,"Actual Startup Time": 0.271,"Actual Total Time": 2.875,"Actual Rows": 399,"Actual Loops": 1,"Inner Unique": false,"Plans": [{"Node Type": "Seq Scan","Parent Relationship": "Outer","Parallel Aware": false,"Async Capable": false,"Relation Name": "nation","Alias": "nation","Startup Cost": 0.00,"Total Cost": 1.31,"Plan Rows": 1,"Plan Width": 4,"Actual Startup Time": 0.081,"Actual Total Time": 0.101,"Actual Rows": 1,"Actual Loops": 1,"Filter": "(n_name = 'VIETNAM'::bpchar)","Rows Removed by Filter": 24},{"Node Type": "Bitmap Heap Scan","Parent Relationship": "Inner","Parallel Aware": false,"Async Capable": false,"Relation Name": "supplier","Alias": "supplier","Startup Cost": 7.38,"Total Cost": 239.27,"Plan Rows": 400,"Plan Width": 8,"Actual Startup Time": 0.181,"Actual Total Time": 2.716,"Actual Rows": 399,"Actual Loops": 1,"Recheck Cond": "(s_nationkey = nation.n_nationkey)","Rows Removed by Index Recheck": 0,"Exact Heap Blocks": 191,"Lossy Heap Blocks": 0,"Plans": [{"Node Type": "Bitmap Index Scan","Parent Relationship": "Outer","Parallel Aware": false,"Async Capable": false,"Index Name": "idx_supplier_nation_key","Startup Cost": 0.00,"Total Cost": 7.29,"Plan Rows": 400,"Plan Width": 0,"Actual Startup Time": 0.120,"Actual Total Time": 0.121,"Actual Rows": 399,"Actual Loops": 1,"Index Cond": "(s_nationkey = nation.n_nationkey)"}]}]},{"Node Type": "Index Scan","Parent Relationship": "Inner","Parallel Aware": false,"Async Capable": false,"Scan Direction": "Forward","Index Name": "idx_partsupp_suppkey","Relation Name": "partsupp","Alias": "partsupp","Startup Cost": 0.42,"Total Cost": 9.07,"Plan Rows": 80,"Plan Width": 18,"Actual Startup Time": 0.019,"Actual Total Time": 0.488,"Actual Rows": 80,"Actual Loops": 399,"Index Cond": "(ps_suppkey = supplier.s_suppkey)","Rows Removed by Index Recheck": 0}]}]}]},"Planning Time": 6.254,"Triggers": [],"Execution Time": 451.997}]
[{"Plan": {"Node Type": "Sort","Parallel Aware": false,"Async Capable": false,"Startup Cost": 10142.20,"Total Cost": 10168.87,"Plan Rows": 10667,"Plan Width": 36,"Actual Startup Time": 448.613,"Actual Total Time": 448.730,"Actual Rows": 888,"Actual Loops": 1,"Sort Key": ["(sum((partsupp.ps_supplycost * (partsupp.ps_availqty)::numeric))) DESC"],"Sort Method": "quicksort","Sort Space Used": 73,"Sort Space Type": "Memory","Plans": [{"Node Type": "Aggregate","Strategy": "Plain","Partial Mode": "Simple","Parent Relationship": "InitPlan","Subplan Name": "InitPlan 1 (returns $2)","Parallel Aware": false,"Async Capable": false,"Startup Cost": 4434.26,"Total Cost": 4434.27,"Plan Rows": 1,"Plan Width": 32,"Actual Startup Time": 133.715,"Actual Total Time": 133.740,"Actual Rows": 1,"Actual Loops": 1,"Plans": [{"Node Type": "Nested Loop","Parent Relationship": "Outer","Parallel Aware": false,"Async Capable": false,"Join Type": "Inner","Startup Cost": 7.81,"Total Cost": 4194.26,"Plan Rows": 32000,"Plan Width": 10,"Actual Startup Time": 0.220,"Actual Total Time": 126.229,"Actual Rows": 32400,"Actual Loops": 1,"Inner Unique": false,"Plans": [{"Node Type": "Nested Loop","Parent Relationship": "Outer","Parallel Aware": false,"Async Capable": false,"Join Type": "Inner","Startup Cost": 7.38,"Total Cost": 244.58,"Plan Rows": 400,"Plan Width": 4,"Actual Startup Time": 0.174,"Actual Total Time": 1.918,"Actual Rows": 405,"Actual Loops": 1,"Inner Unique": false,"Plans": [{"Node Type": "Seq Scan","Parent Relationship": "Outer","Parallel Aware": false,"Async Capable": false,"Relation Name": "nation","Alias": "nation_1","Startup Cost": 0.00,"Total Cost": 1.31,"Plan Rows": 1,"Plan Width": 4,"Actual Startup Time": 0.049,"Actual Total Time": 0.070,"Actual Rows": 1,"Actual Loops": 1,"Filter": "(n_name = 'INDONESIA'::bpchar)","Rows Removed by Filter": 24},{"Node Type": "Bitmap Heap Scan","Parent Relationship": "Inner","Parallel Aware": false,"Async Capable": false,"Relation Name": "supplier","Alias": "supplier_1","Startup Cost": 7.38,"Total Cost": 239.27,"Plan Rows": 400,"Plan Width": 8,"Actual Startup Time": 0.105,"Actual Total Time": 1.781,"Actual Rows": 405,"Actual Loops": 1,"Recheck Cond": "(s_nationkey = nation_1.n_nationkey)","Rows Removed by Index Recheck": 0,"Exact Heap Blocks": 192,"Lossy Heap Blocks": 0,"Plans": [{"Node Type": "Bitmap Index Scan","Parent Relationship": "Outer","Parallel Aware": false,"Async Capable": false,"Index Name": "idx_supplier_nation_key","Startup Cost": 0.00,"Total Cost": 7.29,"Plan Rows": 400,"Plan Width": 0,"Actual Startup Time": 0.069,"Actual Total Time": 0.075,"Actual Rows": 405,"Actual Loops": 1,"Index Cond": "(s_nationkey = nation_1.n_nationkey)"}]}]},{"Node Type": "Index Scan","Parent Relationship": "Inner","Parallel Aware": false,"Async Capable": false,"Scan Direction": "Forward","Index Name": "idx_partsupp_suppkey","Relation Name": "partsupp","Alias": "partsupp_1","Startup Cost": 0.42,"Total Cost": 9.07,"Plan Rows": 80,"Plan Width": 14,"Actual Startup Time": 0.014,"Actual Total Time": 0.294,"Actual Rows": 80,"Actual Loops": 405,"Index Cond": "(ps_suppkey = supplier_1.s_suppkey)","Rows Removed by Index Recheck": 0}]}]},{"Node Type": "Aggregate","Strategy": "Hashed","Partial Mode": "Simple","Parent Relationship": "Outer","Parallel Aware": false,"Async Capable": false,"Startup Cost": 4514.26,"Total Cost": 4994.26,"Plan Rows": 10667,"Plan Width": 36,"Actual Startup Time": 376.503,"Actual Total Time": 448.157,"Actual Rows": 888,"Actual Loops": 1,"Group Key": ["partsupp.ps_partkey"],"Filter": "(sum((partsupp.ps_supplycost * (partsupp.ps_availqty)::numeric)) > $2)","Planned Partitions": 0,"HashAgg Batches": 1,"Peak Memory Usage": 17937,"Disk Usage": 0,"Rows Removed by Filter": 29597,"Plans": [{"Node Type": "Nested Loop","Parent Relationship": "Outer","Parallel Aware": false,"Async Capable": false,"Join Type": "Inner","Startup Cost": 7.81,"Total Cost": 4194.26,"Plan Rows": 32000,"Plan Width": 14,"Actual Startup Time": 0.375,"Actual Total Time": 200.721,"Actual Rows": 32400,"Actual Loops": 1,"Inner Unique": false,"Plans": [{"Node Type": "Nested Loop","Parent Relationship": "Outer","Parallel Aware": false,"Async Capable": false,"Join Type": "Inner","Startup Cost": 7.38,"Total Cost": 244.58,"Plan Rows": 400,"Plan Width": 4,"Actual Startup Time": 0.269,"Actual Total Time": 2.791,"Actual Rows": 405,"Actual Loops": 1,"Inner Unique": false,"Plans": [{"Node Type": "Seq Scan","Parent Relationship": "Outer","Parallel Aware": false,"Async Capable": false,"Relation Name": "nation","Alias": "nation","Startup Cost": 0.00,"Total Cost": 1.31,"Plan Rows": 1,"Plan Width": 4,"Actual Startup Time": 0.076,"Actual Total Time": 0.092,"Actual Rows": 1,"Actual Loops": 1,"Filter": "(n_name = 'INDONESIA'::bpchar)","Rows Removed by Filter": 24},{"Node Type": "Bitmap Heap Scan","Parent Relationship": "Inner","Parallel Aware": false,"Async Capable": false,"Relation Name": "supplier","Alias": "supplier","Startup Cost": 7.38,"Total Cost": 239.27,"Plan Rows": 400,"Plan Width": 8,"Actual Startup Time": 0.187,"Actual Total Time": 2.648,"Actual Rows": 405,"Actual Loops": 1,"Recheck Cond": "(s_nationkey = nation.n_nationkey)","Rows Removed by Index Recheck": 0,"Exact Heap Blocks": 192,"Lossy Heap Blocks": 0,"Plans": [{"Node Type": "Bitmap Index Scan","Parent Relationship": "Outer","Parallel Aware": false,"Async Capable": false,"Index Name": "idx_supplier_nation_key","Startup Cost": 0.00,"Total Cost": 7.29,"Plan Rows": 400,"Plan Width": 0,"Actual Startup Time": 0.121,"Actual Total Time": 0.124,"Actual Rows": 405,"Actual Loops": 1,"Index Cond": "(s_nationkey = nation.n_nationkey)"}]}]},{"Node Type": "Index Scan","Parent Relationship": "Inner","Parallel Aware": false,"Async Capable": false,"Scan Direction": "Forward","Index Name": "idx_partsupp_suppkey","Relation Name": "partsupp","Alias": "partsupp","Startup Cost": 0.42,"Total Cost": 9.07,"Plan Rows": 80,"Plan Width": 18,"Actual Startup Time": 0.019,"Actual Total Time": 0.477,"Actual Rows": 80,"Actual Loops": 405,"Index Cond": "(ps_suppkey = supplier.s_suppkey)","Rows Removed by Index Recheck": 0}]}]}]},"Planning Time": 7.214,"Triggers": [],"Execution Time": 451.949}]
[{"Plan": {"Node Type": "Sort","Parallel Aware": false,"Async Capable": false,"Startup Cost": 10142.20,"Total Cost": 10168.87,"Plan Rows": 10667,"Plan Width": 36,"Actual Startup Time": 427.262,"Actual Total Time": 427.423,"Actual Rows": 1241,"Actual Loops": 1,"Sort Key": ["(sum((partsupp.ps_supplycost * (partsupp.ps_availqty)::numeric))) DESC"],"Sort Method": "quicksort","Sort Space Used": 116,"Sort Space Type": "Memory","Plans": [{"Node Type": "Aggregate","Strategy": "Plain","Partial Mode": "Simple","Parent Relationship": "InitPlan","Subplan Name": "InitPlan 1 (returns $2)","Parallel Aware": false,"Async Capable": false,"Startup Cost": 4434.26,"Total Cost": 4434.27,"Plan Rows": 1,"Plan Width": 32,"Actual Startup Time": 127.406,"Actual Total Time": 127.426,"Actual Rows": 1,"Actual Loops": 1,"Plans": [{"Node Type": "Nested Loop","Parent Relationship": "Outer","Parallel Aware": false,"Async Capable": false,"Join Type": "Inner","Startup Cost": 7.81,"Total Cost": 4194.26,"Plan Rows": 32000,"Plan Width": 10,"Actual Startup Time": 0.226,"Actual Total Time": 120.281,"Actual Rows": 30400,"Actual Loops": 1,"Inner Unique": false,"Plans": [{"Node Type": "Nested Loop","Parent Relationship": "Outer","Parallel Aware": false,"Async Capable": false,"Join Type": "Inner","Startup Cost": 7.38,"Total Cost": 244.58,"Plan Rows": 400,"Plan Width": 4,"Actual Startup Time": 0.174,"Actual Total Time": 1.741,"Actual Rows": 380,"Actual Loops": 1,"Inner Unique": false,"Plans": [{"Node Type": "Seq Scan","Parent Relationship": "Outer","Parallel Aware": false,"Async Capable": false,"Relation Name": "nation","Alias": "nation_1","Startup Cost": 0.00,"Total Cost": 1.31,"Plan Rows": 1,"Plan Width": 4,"Actual Startup Time": 0.028,"Actual Total Time": 0.042,"Actual Rows": 1,"Actual Loops": 1,"Filter": "(n_name = 'ETHIOPIA'::bpchar)","Rows Removed by Filter": 24},{"Node Type": "Bitmap Heap Scan","Parent Relationship": "Inner","Parallel Aware": false,"Async Capable": false,"Relation Name": "supplier","Alias": "supplier_1","Startup Cost": 7.38,"Total Cost": 239.27,"Plan Rows": 400,"Plan Width": 8,"Actual Startup Time": 0.130,"Actual Total Time": 1.641,"Actual Rows": 380,"Actual Loops": 1,"Recheck Cond": "(s_nationkey = nation_1.n_nationkey)","Rows Removed by Index Recheck": 0,"Exact Heap Blocks": 192,"Lossy Heap Blocks": 0,"Plans": [{"Node Type": "Bitmap Index Scan","Parent Relationship": "Outer","Parallel Aware": false,"Async Capable": false,"Index Name": "idx_supplier_nation_key","Startup Cost": 0.00,"Total Cost": 7.29,"Plan Rows": 400,"Plan Width": 0,"Actual Startup Time": 0.089,"Actual Total Time": 0.091,"Actual Rows": 380,"Actual Loops": 1,"Index Cond": "(s_nationkey = nation_1.n_nationkey)"}]}]},{"Node Type": "Index Scan","Parent Relationship": "Inner","Parallel Aware": false,"Async Capable": false,"Scan Direction": "Forward","Index Name": "idx_partsupp_suppkey","Relation Name": "partsupp","Alias": "partsupp_1","Startup Cost": 0.42,"Total Cost": 9.07,"Plan Rows": 80,"Plan Width": 14,"Actual Startup Time": 0.015,"Actual Total Time": 0.299,"Actual Rows": 80,"Actual Loops": 380,"Index Cond": "(ps_suppkey = supplier_1.s_suppkey)","Rows Removed by Index Recheck": 0}]}]},{"Node Type": "Aggregate","Strategy": "Hashed","Partial Mode": "Simple","Parent Relationship": "Outer","Parallel Aware": false,"Async Capable": false,"Startup Cost": 4514.26,"Total Cost": 4994.26,"Plan Rows": 10667,"Plan Width": 36,"Actual Startup Time": 359.706,"Actual Total Time": 426.732,"Actual Rows": 1241,"Actual Loops": 1,"Group Key": ["partsupp.ps_partkey"],"Filter": "(sum((partsupp.ps_supplycost * (partsupp.ps_availqty)::numeric)) > $2)","Planned Partitions": 0,"HashAgg Batches": 1,"Peak Memory Usage": 17937,"Disk Usage": 0,"Rows Removed by Filter": 27374,"Plans": [{"Node Type": "Nested Loop","Parent Relationship": "Outer","Parallel Aware": false,"Async Capable": false,"Join Type": "Inner","Startup Cost": 7.81,"Total Cost": 4194.26,"Plan Rows": 32000,"Plan Width": 14,"Actual Startup Time": 0.377,"Actual Total Time": 187.744,"Actual Rows": 30400,"Actual Loops": 1,"Inner Unique": false,"Plans": [{"Node Type": "Nested Loop","Parent Relationship": "Outer","Parallel Aware": false,"Async Capable": false,"Join Type": "Inner","Startup Cost": 7.38,"Total Cost": 244.58,"Plan Rows": 400,"Plan Width": 4,"Actual Startup Time": 0.305,"Actual Total Time": 2.864,"Actual Rows": 380,"Actual Loops": 1,"Inner Unique": false,"Plans": [{"Node Type": "Seq Scan","Parent Relationship": "Outer","Parallel Aware": false,"Async Capable": false,"Relation Name": "nation","Alias": "nation","Startup Cost": 0.00,"Total Cost": 1.31,"Plan Rows": 1,"Plan Width": 4,"Actual Startup Time": 0.073,"Actual Total Time": 0.091,"Actual Rows": 1,"Actual Loops": 1,"Filter": "(n_name = 'ETHIOPIA'::bpchar)","Rows Removed by Filter": 24},{"Node Type": "Bitmap Heap Scan","Parent Relationship": "Inner","Parallel Aware": false,"Async Capable": false,"Relation Name": "supplier","Alias": "supplier","Startup Cost": 7.38,"Total Cost": 239.27,"Plan Rows": 400,"Plan Width": 8,"Actual Startup Time": 0.228,"Actual Total Time": 2.728,"Actual Rows": 380,"Actual Loops": 1,"Recheck Cond": "(s_nationkey = nation.n_nationkey)","Rows Removed by Index Recheck": 0,"Exact Heap Blocks": 192,"Lossy Heap Blocks": 0,"Plans": [{"Node Type": "Bitmap Index Scan","Parent Relationship": "Outer","Parallel Aware": false,"Async Capable": false,"Index Name": "idx_supplier_nation_key","Startup Cost": 0.00,"Total Cost": 7.29,"Plan Rows": 400,"Plan Width": 0,"Actual Startup Time": 0.146,"Actual Total Time": 0.146,"Actual Rows": 380,"Actual Loops": 1,"Index Cond": "(s_nationkey = nation.n_nationkey)"}]}]},{"Node Type": "Index Scan","Parent Relationship": "Inner","Parallel Aware": false,"Async Capable": false,"Scan Direction": "Forward","Index Name": "idx_partsupp_suppkey","Relation Name": "partsupp","Alias": "partsupp","Startup Cost": 0.42,"Total Cost": 9.07,"Plan Rows": 80,"Plan Width": 18,"Actual Startup Time": 0.020,"Actual Total Time": 0.475,"Actual Rows": 80,"Actual Loops": 380,"Index Cond": "(ps_suppkey = supplier.s_suppkey)","Rows Removed by Index Recheck": 0}]}]}]},"Planning Time": 7.180,"Triggers": [],"Execution Time": 429.797}]
[{"Plan": {"Node Type": "Sort","Parallel Aware": false,"Async Capable": false,"Startup Cost": 10142.20,"Total Cost": 10168.87,"Plan Rows": 10667,"Plan Width": 36,"Actual Startup Time": 455.847,"Actual Total Time": 455.976,"Actual Rows": 819,"Actual Loops": 1,"Sort Key": ["(sum((partsupp.ps_supplycost * (partsupp.ps_availqty)::numeric))) DESC"],"Sort Method": "quicksort","Sort Space Used": 69,"Sort Space Type": "Memory","Plans": [{"Node Type": "Aggregate","Strategy": "Plain","Partial Mode": "Simple","Parent Relationship": "InitPlan","Subplan Name": "InitPlan 1 (returns $2)","Parallel Aware": false,"Async Capable": false,"Startup Cost": 4434.26,"Total Cost": 4434.27,"Plan Rows": 1,"Plan Width": 32,"Actual Startup Time": 134.080,"Actual Total Time": 134.102,"Actual Rows": 1,"Actual Loops": 1,"Plans": [{"Node Type": "Nested Loop","Parent Relationship": "Outer","Parallel Aware": false,"Async Capable": false,"Join Type": "Inner","Startup Cost": 7.81,"Total Cost": 4194.26,"Plan Rows": 32000,"Plan Width": 10,"Actual Startup Time": 0.218,"Actual Total Time": 126.423,"Actual Rows": 32960,"Actual Loops": 1,"Inner Unique": false,"Plans": [{"Node Type": "Nested Loop","Parent Relationship": "Outer","Parallel Aware": false,"Async Capable": false,"Join Type": "Inner","Startup Cost": 7.38,"Total Cost": 244.58,"Plan Rows": 400,"Plan Width": 4,"Actual Startup Time": 0.177,"Actual Total Time": 1.887,"Actual Rows": 412,"Actual Loops": 1,"Inner Unique": false,"Plans": [{"Node Type": "Seq Scan","Parent Relationship": "Outer","Parallel Aware": false,"Async Capable": false,"Relation Name": "nation","Alias": "nation_1","Startup Cost": 0.00,"Total Cost": 1.31,"Plan Rows": 1,"Plan Width": 4,"Actual Startup Time": 0.040,"Actual Total Time": 0.063,"Actual Rows": 1,"Actual Loops": 1,"Filter": "(n_name = 'CANADA'::bpchar)","Rows Removed by Filter": 24},{"Node Type": "Bitmap Heap Scan","Parent Relationship": "Inner","Parallel Aware": false,"Async Capable": false,"Relation Name": "supplier","Alias": "supplier_1","Startup Cost": 7.38,"Total Cost": 239.27,"Plan Rows": 400,"Plan Width": 8,"Actual Startup Time": 0.119,"Actual Total Time": 1.753,"Actual Rows": 412,"Actual Loops": 1,"Recheck Cond": "(s_nationkey = nation_1.n_nationkey)","Rows Removed by Index Recheck": 0,"Exact Heap Blocks": 189,"Lossy Heap Blocks": 0,"Plans": [{"Node Type": "Bitmap Index Scan","Parent Relationship": "Outer","Parallel Aware": false,"Async Capable": false,"Index Name": "idx_supplier_nation_key","Startup Cost": 0.00,"Total Cost": 7.29,"Plan Rows": 400,"Plan Width": 0,"Actual Startup Time": 0.074,"Actual Total Time": 0.083,"Actual Rows": 412,"Actual Loops": 1,"Index Cond": "(s_nationkey = nation_1.n_nationkey)"}]}]},{"Node Type": "Index Scan","Parent Relationship": "Inner","Parallel Aware": false,"Async Capable": false,"Scan Direction": "Forward","Index Name": "idx_partsupp_suppkey","Relation Name": "partsupp","Alias": "partsupp_1","Startup Cost": 0.42,"Total Cost": 9.07,"Plan Rows": 80,"Plan Width": 14,"Actual Startup Time": 0.014,"Actual Total Time": 0.290,"Actual Rows": 80,"Actual Loops": 412,"Index Cond": "(ps_suppkey = supplier_1.s_suppkey)","Rows Removed by Index Recheck": 0}]}]},{"Node Type": "Aggregate","Strategy": "Hashed","Partial Mode": "Simple","Parent Relationship": "Outer","Parallel Aware": false,"Async Capable": false,"Startup Cost": 4514.26,"Total Cost": 4994.26,"Plan Rows": 10667,"Plan Width": 36,"Actual Startup Time": 380.948,"Actual Total Time": 455.394,"Actual Rows": 819,"Actual Loops": 1,"Group Key": ["partsupp.ps_partkey"],"Filter": "(sum((partsupp.ps_supplycost * (partsupp.ps_availqty)::numeric)) > $2)","Planned Partitions": 0,"HashAgg Batches": 1,"Peak Memory Usage": 17937,"Disk Usage": 0,"Rows Removed by Filter": 30166,"Plans": [{"Node Type": "Nested Loop","Parent Relationship": "Outer","Parallel Aware": false,"Async Capable": false,"Join Type": "Inner","Startup Cost": 7.81,"Total Cost": 4194.26,"Plan Rows": 32000,"Plan Width": 14,"Actual Startup Time": 0.343,"Actual Total Time": 202.198,"Actual Rows": 32960,"Actual Loops": 1,"Inner Unique": false,"Plans": [{"Node Type": "Nested Loop","Parent Relationship": "Outer","Parallel Aware": false,"Async Capable": false,"Join Type": "Inner","Startup Cost": 7.38,"Total Cost": 244.58,"Plan Rows": 400,"Plan Width": 4,"Actual Startup Time": 0.272,"Actual Total Time": 2.740,"Actual Rows": 412,"Actual Loops": 1,"Inner Unique": false,"Plans": [{"Node Type": "Seq Scan","Parent Relationship": "Outer","Parallel Aware": false,"Async Capable": false,"Relation Name": "nation","Alias": "nation","Startup Cost": 0.00,"Total Cost": 1.31,"Plan Rows": 1,"Plan Width": 4,"Actual Startup Time": 0.064,"Actual Total Time": 0.078,"Actual Rows": 1,"Actual Loops": 1,"Filter": "(n_name = 'CANADA'::bpchar)","Rows Removed by Filter": 24},{"Node Type": "Bitmap Heap Scan","Parent Relationship": "Inner","Parallel Aware": false,"Async Capable": false,"Relation Name": "supplier","Alias": "supplier","Startup Cost": 7.38,"Total Cost": 239.27,"Plan Rows": 400,"Plan Width": 8,"Actual Startup Time": 0.203,"Actual Total Time": 2.610,"Actual Rows": 412,"Actual Loops": 1,"Recheck Cond": "(s_nationkey = nation.n_nationkey)","Rows Removed by Index Recheck": 0,"Exact Heap Blocks": 189,"Lossy Heap Blocks": 0,"Plans": [{"Node Type": "Bitmap Index Scan","Parent Relationship": "Outer","Parallel Aware": false,"Async Capable": false,"Index Name": "idx_supplier_nation_key","Startup Cost": 0.00,"Total Cost": 7.29,"Plan Rows": 400,"Plan Width": 0,"Actual Startup Time": 0.140,"Actual Total Time": 0.142,"Actual Rows": 412,"Actual Loops": 1,"Index Cond": "(s_nationkey = nation.n_nationkey)"}]}]},{"Node Type": "Index Scan","Parent Relationship": "Inner","Parallel Aware": false,"Async Capable": false,"Scan Direction": "Forward","Index Name": "idx_partsupp_suppkey","Relation Name": "partsupp","Alias": "partsupp","Startup Cost": 0.42,"Total Cost": 9.07,"Plan Rows": 80,"Plan Width": 18,"Actual Startup Time": 0.019,"Actual Total Time": 0.472,"Actual Rows": 80,"Actual Loops": 412,"Index Cond": "(ps_suppkey = supplier.s_suppkey)","Rows Removed by Index Recheck": 0}]}]}]},"Planning Time": 7.565,"Triggers": [],"Execution Time": 459.165}]
[{"Plan": {"Node Type": "Sort","Parallel Aware": false,"Async Capable": false,"Startup Cost": 10142.20,"Total Cost": 10168.87,"Plan Rows": 10667,"Plan Width": 36,"Actual Startup Time": 431.698,"Actual Total Time": 431.824,"Actual Rows": 911,"Actual Loops": 1,"Sort Key": ["(sum((partsupp.ps_supplycost * (partsupp.ps_availqty)::numeric))) DESC"],"Sort Method": "quicksort","Sort Space Used": 74,"Sort Space Type": "Memory","Plans": [{"Node Type": "Aggregate","Strategy": "Plain","Partial Mode": "Simple","Parent Relationship": "InitPlan","Subplan Name": "InitPlan 1 (returns $2)","Parallel Aware": false,"Async Capable": false,"Startup Cost": 4434.26,"Total Cost": 4434.27,"Plan Rows": 1,"Plan Width": 32,"Actual Startup Time": 129.087,"Actual Total Time": 129.106,"Actual Rows": 1,"Actual Loops": 1,"Plans": [{"Node Type": "Nested Loop","Parent Relationship": "Outer","Parallel Aware": false,"Async Capable": false,"Join Type": "Inner","Startup Cost": 7.81,"Total Cost": 4194.26,"Plan Rows": 32000,"Plan Width": 10,"Actual Startup Time": 0.210,"Actual Total Time": 121.870,"Actual Rows": 32160,"Actual Loops": 1,"Inner Unique": false,"Plans": [{"Node Type": "Nested Loop","Parent Relationship": "Outer","Parallel Aware": false,"Async Capable": false,"Join Type": "Inner","Startup Cost": 7.38,"Total Cost": 244.58,"Plan Rows": 400,"Plan Width": 4,"Actual Startup Time": 0.174,"Actual Total Time": 1.780,"Actual Rows": 402,"Actual Loops": 1,"Inner Unique": false,"Plans": [{"Node Type": "Seq Scan","Parent Relationship": "Outer","Parallel Aware": false,"Async Capable": false,"Relation Name": "nation","Alias": "nation_1","Startup Cost": 0.00,"Total Cost": 1.31,"Plan Rows": 1,"Plan Width": 4,"Actual Startup Time": 0.036,"Actual Total Time": 0.056,"Actual Rows": 1,"Actual Loops": 1,"Filter": "(n_name = 'FRANCE'::bpchar)","Rows Removed by Filter": 24},{"Node Type": "Bitmap Heap Scan","Parent Relationship": "Inner","Parallel Aware": false,"Async Capable": false,"Relation Name": "supplier","Alias": "supplier_1","Startup Cost": 7.38,"Total Cost": 239.27,"Plan Rows": 400,"Plan Width": 8,"Actual Startup Time": 0.119,"Actual Total Time": 1.663,"Actual Rows": 402,"Actual Loops": 1,"Recheck Cond": "(s_nationkey = nation_1.n_nationkey)","Rows Removed by Index Recheck": 0,"Exact Heap Blocks": 184,"Lossy Heap Blocks": 0,"Plans": [{"Node Type": "Bitmap Index Scan","Parent Relationship": "Outer","Parallel Aware": false,"Async Capable": false,"Index Name": "idx_supplier_nation_key","Startup Cost": 0.00,"Total Cost": 7.29,"Plan Rows": 400,"Plan Width": 0,"Actual Startup Time": 0.075,"Actual Total Time": 0.079,"Actual Rows": 402,"Actual Loops": 1,"Index Cond": "(s_nationkey = nation_1.n_nationkey)"}]}]},{"Node Type": "Index Scan","Parent Relationship": "Inner","Parallel Aware": false,"Async Capable": false,"Scan Direction": "Forward","Index Name": "idx_partsupp_suppkey","Relation Name": "partsupp","Alias": "partsupp_1","Startup Cost": 0.42,"Total Cost": 9.07,"Plan Rows": 80,"Plan Width": 14,"Actual Startup Time": 0.014,"Actual Total Time": 0.286,"Actual Rows": 80,"Actual Loops": 402,"Index Cond": "(ps_suppkey = supplier_1.s_suppkey)","Rows Removed by Index Recheck": 0}]}]},{"Node Type": "Aggregate","Strategy": "Hashed","Partial Mode": "Simple","Parent Relationship": "Outer","Parallel Aware": false,"Async Capable": false,"Startup Cost": 4514.26,"Total Cost": 4994.26,"Plan Rows": 10667,"Plan Width": 36,"Actual Startup Time": 359.069,"Actual Total Time": 431.218,"Actual Rows": 911,"Actual Loops": 1,"Group Key": ["partsupp.ps_partkey"],"Filter": "(sum((partsupp.ps_supplycost * (partsupp.ps_availqty)::numeric)) > $2)","Planned Partitions": 0,"HashAgg Batches": 1,"Peak Memory Usage": 17937,"Disk Usage": 0,"Rows Removed by Filter": 29336,"Plans": [{"Node Type": "Nested Loop","Parent Relationship": "Outer","Parallel Aware": false,"Async Capable": false,"Join Type": "Inner","Startup Cost": 7.81,"Total Cost": 4194.26,"Plan Rows": 32000,"Plan Width": 14,"Actual Startup Time": 0.330,"Actual Total Time": 187.860,"Actual Rows": 32160,"Actual Loops": 1,"Inner Unique": false,"Plans": [{"Node Type": "Nested Loop","Parent Relationship": "Outer","Parallel Aware": false,"Async Capable": false,"Join Type": "Inner","Startup Cost": 7.38,"Total Cost": 244.58,"Plan Rows": 400,"Plan Width": 4,"Actual Startup Time": 0.249,"Actual Total Time": 2.513,"Actual Rows": 402,"Actual Loops": 1,"Inner Unique": false,"Plans": [{"Node Type": "Seq Scan","Parent Relationship": "Outer","Parallel Aware": false,"Async Capable": false,"Relation Name": "nation","Alias": "nation","Startup Cost": 0.00,"Total Cost": 1.31,"Plan Rows": 1,"Plan Width": 4,"Actual Startup Time": 0.077,"Actual Total Time": 0.097,"Actual Rows": 1,"Actual Loops": 1,"Filter": "(n_name = 'FRANCE'::bpchar)","Rows Removed by Filter": 24},{"Node Type": "Bitmap Heap Scan","Parent Relationship": "Inner","Parallel Aware": false,"Async Capable": false,"Relation Name": "supplier","Alias": "supplier","Startup Cost": 7.38,"Total Cost": 239.27,"Plan Rows": 400,"Plan Width": 8,"Actual Startup Time": 0.163,"Actual Total Time": 2.362,"Actual Rows": 402,"Actual Loops": 1,"Recheck Cond": "(s_nationkey = nation.n_nationkey)","Rows Removed by Index Recheck": 0,"Exact Heap Blocks": 184,"Lossy Heap Blocks": 0,"Plans": [{"Node Type": "Bitmap Index Scan","Parent Relationship": "Outer","Parallel Aware": false,"Async Capable": false,"Index Name": "idx_supplier_nation_key","Startup Cost": 0.00,"Total Cost": 7.29,"Plan Rows": 400,"Plan Width": 0,"Actual Startup Time": 0.112,"Actual Total Time": 0.113,"Actual Rows": 402,"Actual Loops": 1,"Index Cond": "(s_nationkey = nation.n_nationkey)"}]}]},{"Node Type": "Index Scan","Parent Relationship": "Inner","Parallel Aware": false,"Async Capable": false,"Scan Direction": "Forward","Index Name": "idx_partsupp_suppkey","Relation Name": "partsupp","Alias": "partsupp","Startup Cost": 0.42,"Total Cost": 9.07,"Plan Rows": 80,"Plan Width": 18,"Actual Startup Time": 0.018,"Actual Total Time": 0.449,"Actual Rows": 80,"Actual Loops": 402,"Index Cond": "(ps_suppkey = supplier.s_suppkey)","Rows Removed by Index Recheck": 0}]}]}]},"Planning Time": 7.171,"Triggers": [],"Execution Time": 434.998}]
[{"Plan": {"Node Type": "Sort","Parallel Aware": false,"Async Capable": false,"Startup Cost": 10142.20,"Total Cost": 10168.87,"Plan Rows": 10667,"Plan Width": 36,"Actual Startup Time": 427.455,"Actual Total Time": 427.551,"Actual Rows": 1289,"Actual Loops": 1,"Sort Key": ["(sum((partsupp.ps_supplycost * (partsupp.ps_availqty)::numeric))) DESC"],"Sort Method": "quicksort","Sort Space Used": 119,"Sort Space Type": "Memory","Plans": [{"Node Type": "Aggregate","Strategy": "Plain","Partial Mode": "Simple","Parent Relationship": "InitPlan","Subplan Name": "InitPlan 1 (returns $2)","Parallel Aware": false,"Async Capable": false,"Startup Cost": 4434.26,"Total Cost": 4434.27,"Plan Rows": 1,"Plan Width": 32,"Actual Startup Time": 127.032,"Actual Total Time": 127.034,"Actual Rows": 1,"Actual Loops": 1,"Plans": [{"Node Type": "Nested Loop","Parent Relationship": "Outer","Parallel Aware": false,"Async Capable": false,"Join Type": "Inner","Startup Cost": 7.81,"Total Cost": 4194.26,"Plan Rows": 32000,"Plan Width": 10,"Actual Startup Time": 0.214,"Actual Total Time": 120.104,"Actual Rows": 29840,"Actual Loops": 1,"Inner Unique": false,"Plans": [{"Node Type": "Nested Loop","Parent Relationship": "Outer","Parallel Aware": false,"Async Capable": false,"Join Type": "Inner","Startup Cost": 7.38,"Total Cost": 244.58,"Plan Rows": 400,"Plan Width": 4,"Actual Startup Time": 0.166,"Actual Total Time": 1.626,"Actual Rows": 373,"Actual Loops": 1,"Inner Unique": false,"Plans": [{"Node Type": "Seq Scan","Parent Relationship": "Outer","Parallel Aware": false,"Async Capable": false,"Relation Name": "nation","Alias": "nation_1","Startup Cost": 0.00,"Total Cost": 1.31,"Plan Rows": 1,"Plan Width": 4,"Actual Startup Time": 0.026,"Actual Total Time": 0.048,"Actual Rows": 1,"Actual Loops": 1,"Filter": "(n_name = 'MOROCCO'::bpchar)","Rows Removed by Filter": 24},{"Node Type": "Bitmap Heap Scan","Parent Relationship": "Inner","Parallel Aware": false,"Async Capable": false,"Relation Name": "supplier","Alias": "supplier_1","Startup Cost": 7.38,"Total Cost": 239.27,"Plan Rows": 400,"Plan Width": 8,"Actual Startup Time": 0.118,"Actual Total Time": 1.519,"Actual Rows": 373,"Actual Loops": 1,"Recheck Cond": "(s_nationkey = nation_1.n_nationkey)","Rows Removed by Index Recheck": 0,"Exact Heap Blocks": 180,"Lossy Heap Blocks": 0,"Plans": [{"Node Type": "Bitmap Index Scan","Parent Relationship": "Outer","Parallel Aware": false,"Async Capable": false,"Index Name": "idx_supplier_nation_key","Startup Cost": 0.00,"Total Cost": 7.29,"Plan Rows": 400,"Plan Width": 0,"Actual Startup Time": 0.076,"Actual Total Time": 0.076,"Actual Rows": 373,"Actual Loops": 1,"Index Cond": "(s_nationkey = nation_1.n_nationkey)"}]}]},{"Node Type": "Index Scan","Parent Relationship": "Inner","Parallel Aware": false,"Async Capable": false,"Scan Direction": "Forward","Index Name": "idx_partsupp_suppkey","Relation Name": "partsupp","Alias": "partsupp_1","Startup Cost": 0.42,"Total Cost": 9.07,"Plan Rows": 80,"Plan Width": 14,"Actual Startup Time": 0.015,"Actual Total Time": 0.305,"Actual Rows": 80,"Actual Loops": 373,"Index Cond": "(ps_suppkey = supplier_1.s_suppkey)","Rows Removed by Index Recheck": 0}]}]},{"Node Type": "Aggregate","Strategy": "Hashed","Partial Mode": "Simple","Parent Relationship": "Outer","Parallel Aware": false,"Async Capable": false,"Startup Cost": 4514.26,"Total Cost": 4994.26,"Plan Rows": 10667,"Plan Width": 36,"Actual Startup Time": 361.188,"Actual Total Time": 426.914,"Actual Rows": 1289,"Actual Loops": 1,"Group Key": ["partsupp.ps_partkey"],"Filter": "(sum((partsupp.ps_supplycost * (partsupp.ps_availqty)::numeric)) > $2)","Planned Partitions": 0,"HashAgg Batches": 1,"Peak Memory Usage": 17937,"Disk Usage": 0,"Rows Removed by Filter": 26965,"Plans": [{"Node Type": "Nested Loop","Parent Relationship": "Outer","Parallel Aware": false,"Async Capable": false,"Join Type": "Inner","Startup Cost": 7.81,"Total Cost": 4194.26,"Plan Rows": 32000,"Plan Width": 14,"Actual Startup Time": 0.390,"Actual Total Time": 190.362,"Actual Rows": 29840,"Actual Loops": 1,"Inner Unique": false,"Plans": [{"Node Type": "Nested Loop","Parent Relationship": "Outer","Parallel Aware": false,"Async Capable": false,"Join Type": "Inner","Startup Cost": 7.38,"Total Cost": 244.58,"Plan Rows": 400,"Plan Width": 4,"Actual Startup Time": 0.321,"Actual Total Time": 2.795,"Actual Rows": 373,"Actual Loops": 1,"Inner Unique": false,"Plans": [{"Node Type": "Seq Scan","Parent Relationship": "Outer","Parallel Aware": false,"Async Capable": false,"Relation Name": "nation","Alias": "nation","Startup Cost": 0.00,"Total Cost": 1.31,"Plan Rows": 1,"Plan Width": 4,"Actual Startup Time": 0.071,"Actual Total Time": 0.095,"Actual Rows": 1,"Actual Loops": 1,"Filter": "(n_name = 'MOROCCO'::bpchar)","Rows Removed by Filter": 24},{"Node Type": "Bitmap Heap Scan","Parent Relationship": "Inner","Parallel Aware": false,"Async Capable": false,"Relation Name": "supplier","Alias": "supplier","Startup Cost": 7.38,"Total Cost": 239.27,"Plan Rows": 400,"Plan Width": 8,"Actual Startup Time": 0.245,"Actual Total Time": 2.650,"Actual Rows": 373,"Actual Loops": 1,"Recheck Cond": "(s_nationkey = nation.n_nationkey)","Rows Removed by Index Recheck": 0,"Exact Heap Blocks": 180,"Lossy Heap Blocks": 0,"Plans": [{"Node Type": "Bitmap Index Scan","Parent Relationship": "Outer","Parallel Aware": false,"Async Capable": false,"Index Name": "idx_supplier_nation_key","Startup Cost": 0.00,"Total Cost": 7.29,"Plan Rows": 400,"Plan Width": 0,"Actual Startup Time": 0.159,"Actual Total Time": 0.159,"Actual Rows": 373,"Actual Loops": 1,"Index Cond": "(s_nationkey = nation.n_nationkey)"}]}]},{"Node Type": "Index Scan","Parent Relationship": "Inner","Parallel Aware": false,"Async Capable": false,"Scan Direction": "Forward","Index Name": "idx_partsupp_suppkey","Relation Name": "partsupp","Alias": "partsupp","Startup Cost": 0.42,"Total Cost": 9.07,"Plan Rows": 80,"Plan Width": 18,"Actual Startup Time": 0.021,"Actual Total Time": 0.491,"Actual Rows": 80,"Actual Loops": 373,"Index Cond": "(ps_suppkey = supplier.s_suppkey)","Rows Removed by Index Recheck": 0}]}]}]},"Planning Time": 6.174,"Triggers": [],"Execution Time": 430.247}]
[{"Plan": {"Node Type": "Sort","Parallel Aware": false,"Async Capable": false,"Startup Cost": 10142.20,"Total Cost": 10168.87,"Plan Rows": 10667,"Plan Width": 36,"Actual Startup Time": 448.613,"Actual Total Time": 448.730,"Actual Rows": 888,"Actual Loops": 1,"Sort Key": ["(sum((partsupp.ps_supplycost * (partsupp.ps_availqty)::numeric))) DESC"],"Sort Method": "quicksort","Sort Space Used": 73,"Sort Space Type": "Memory","Plans": [{"Node Type": "Aggregate","Strategy": "Plain","Partial Mode": "Simple","Parent Relationship": "InitPlan","Subplan Name": "InitPlan 1 (returns $2)","Parallel Aware": false,"Async Capable": false,"Startup Cost": 4434.26,"Total Cost": 4434.27,"Plan Rows": 1,"Plan Width": 32,"Actual Startup Time": 133.715,"Actual Total Time": 133.740,"Actual Rows": 1,"Actual Loops": 1,"Plans": [{"Node Type": "Nested Loop","Parent Relationship": "Outer","Parallel Aware": false,"Async Capable": false,"Join Type": "Inner","Startup Cost": 7.81,"Total Cost": 4194.26,"Plan Rows": 32000,"Plan Width": 10,"Actual Startup Time": 0.220,"Actual Total Time": 126.229,"Actual Rows": 32400,"Actual Loops": 1,"Inner Unique": false,"Plans": [{"Node Type": "Nested Loop","Parent Relationship": "Outer","Parallel Aware": false,"Async Capable": false,"Join Type": "Inner","Startup Cost": 7.38,"Total Cost": 244.58,"Plan Rows": 400,"Plan Width": 4,"Actual Startup Time": 0.174,"Actual Total Time": 1.918,"Actual Rows": 405,"Actual Loops": 1,"Inner Unique": false,"Plans": [{"Node Type": "Seq Scan","Parent Relationship": "Outer","Parallel Aware": false,"Async Capable": false,"Relation Name": "nation","Alias": "nation_1","Startup Cost": 0.00,"Total Cost": 1.31,"Plan Rows": 1,"Plan Width": 4,"Actual Startup Time": 0.049,"Actual Total Time": 0.070,"Actual Rows": 1,"Actual Loops": 1,"Filter": "(n_name = 'INDONESIA'::bpchar)","Rows Removed by Filter": 24},{"Node Type": "Bitmap Heap Scan","Parent Relationship": "Inner","Parallel Aware": false,"Async Capable": false,"Relation Name": "supplier","Alias": "supplier_1","Startup Cost": 7.38,"Total Cost": 239.27,"Plan Rows": 400,"Plan Width": 8,"Actual Startup Time": 0.105,"Actual Total Time": 1.781,"Actual Rows": 405,"Actual Loops": 1,"Recheck Cond": "(s_nationkey = nation_1.n_nationkey)","Rows Removed by Index Recheck": 0,"Exact Heap Blocks": 192,"Lossy Heap Blocks": 0,"Plans": [{"Node Type": "Bitmap Index Scan","Parent Relationship": "Outer","Parallel Aware": false,"Async Capable": false,"Index Name": "idx_supplier_nation_key","Startup Cost": 0.00,"Total Cost": 7.29,"Plan Rows": 400,"Plan Width": 0,"Actual Startup Time": 0.069,"Actual Total Time": 0.075,"Actual Rows": 405,"Actual Loops": 1,"Index Cond": "(s_nationkey = nation_1.n_nationkey)"}]}]},{"Node Type": "Index Scan","Parent Relationship": "Inner","Parallel Aware": false,"Async Capable": false,"Scan Direction": "Forward","Index Name": "idx_partsupp_suppkey","Relation Name": "partsupp","Alias": "partsupp_1","Startup Cost": 0.42,"Total Cost": 9.07,"Plan Rows": 80,"Plan Width": 14,"Actual Startup Time": 0.014,"Actual Total Time": 0.294,"Actual Rows": 80,"Actual Loops": 405,"Index Cond": "(ps_suppkey = supplier_1.s_suppkey)","Rows Removed by Index Recheck": 0}]}]},{"Node Type": "Aggregate","Strategy": "Hashed","Partial Mode": "Simple","Parent Relationship": "Outer","Parallel Aware": false,"Async Capable": false,"Startup Cost": 4514.26,"Total Cost": 4994.26,"Plan Rows": 10667,"Plan Width": 36,"Actual Startup Time": 376.503,"Actual Total Time": 448.157,"Actual Rows": 888,"Actual Loops": 1,"Group Key": ["partsupp.ps_partkey"],"Filter": "(sum((partsupp.ps_supplycost * (partsupp.ps_availqty)::numeric)) > $2)","Planned Partitions": 0,"HashAgg Batches": 1,"Peak Memory Usage": 17937,"Disk Usage": 0,"Rows Removed by Filter": 29597,"Plans": [{"Node Type": "Nested Loop","Parent Relationship": "Outer","Parallel Aware": false,"Async Capable": false,"Join Type": "Inner","Startup Cost": 7.81,"Total Cost": 4194.26,"Plan Rows": 32000,"Plan Width": 14,"Actual Startup Time": 0.375,"Actual Total Time": 200.721,"Actual Rows": 32400,"Actual Loops": 1,"Inner Unique": false,"Plans": [{"Node Type": "Nested Loop","Parent Relationship": "Outer","Parallel Aware": false,"Async Capable": false,"Join Type": "Inner","Startup Cost": 7.38,"Total Cost": 244.58,"Plan Rows": 400,"Plan Width": 4,"Actual Startup Time": 0.269,"Actual Total Time": 2.791,"Actual Rows": 405,"Actual Loops": 1,"Inner Unique": false,"Plans": [{"Node Type": "Seq Scan","Parent Relationship": "Outer","Parallel Aware": false,"Async Capable": false,"Relation Name": "nation","Alias": "nation","Startup Cost": 0.00,"Total Cost": 1.31,"Plan Rows": 1,"Plan Width": 4,"Actual Startup Time": 0.076,"Actual Total Time": 0.092,"Actual Rows": 1,"Actual Loops": 1,"Filter": "(n_name = 'INDONESIA'::bpchar)","Rows Removed by Filter": 24},{"Node Type": "Bitmap Heap Scan","Parent Relationship": "Inner","Parallel Aware": false,"Async Capable": false,"Relation Name": "supplier","Alias": "supplier","Startup Cost": 7.38,"Total Cost": 239.27,"Plan Rows": 400,"Plan Width": 8,"Actual Startup Time": 0.187,"Actual Total Time": 2.648,"Actual Rows": 405,"Actual Loops": 1,"Recheck Cond": "(s_nationkey = nation.n_nationkey)","Rows Removed by Index Recheck": 0,"Exact Heap Blocks": 192,"Lossy Heap Blocks": 0,"Plans": [{"Node Type": "Bitmap Index Scan","Parent Relationship": "Outer","Parallel Aware": false,"Async Capable": false,"Index Name": "idx_supplier_nation_key","Startup Cost": 0.00,"Total Cost": 7.29,"Plan Rows": 400,"Plan Width": 0,"Actual Startup Time": 0.121,"Actual Total Time": 0.124,"Actual Rows": 405,"Actual Loops": 1,"Index Cond": "(s_nationkey = nation.n_nationkey)"}]}]},{"Node Type": "Index Scan","Parent Relationship": "Inner","Parallel Aware": false,"Async Capable": false,"Scan Direction": "Forward","Index Name": "idx_partsupp_suppkey","Relation Name": "partsupp","Alias": "partsupp","Startup Cost": 0.42,"Total Cost": 9.07,"Plan Rows": 80,"Plan Width": 18,"Actual Startup Time": 0.019,"Actual Total Time": 0.477,"Actual Rows": 80,"Actual Loops": 405,"Index Cond": "(ps_suppkey = supplier.s_suppkey)","Rows Removed by Index Recheck": 0}]}]}]},"Planning Time": 7.214,"Triggers": [],"Execution Time": 451.949}]
[{"Plan": {"Node Type": "Sort","Parallel Aware": false,"Async Capable": false,"Startup Cost": 10142.20,"Total Cost": 10168.87,"Plan Rows": 10667,"Plan Width": 36,"Actual Startup Time": 438.718,"Actual Total Time": 438.846,"Actual Rows": 919,"Actual Loops": 1,"Sort Key": ["(sum((partsupp.ps_supplycost * (partsupp.ps_availqty)::numeric))) DESC"],"Sort Method": "quicksort","Sort Space Used": 75,"Sort Space Type": "Memory","Plans": [{"Node Type": "Aggregate","Strategy": "Plain","Partial Mode": "Simple","Parent Relationship": "InitPlan","Subplan Name": "InitPlan 1 (returns $2)","Parallel Aware": false,"Async Capable": false,"Startup Cost": 4434.26,"Total Cost": 4434.27,"Plan Rows": 1,"Plan Width": 32,"Actual Startup Time": 130.550,"Actual Total Time": 130.572,"Actual Rows": 1,"Actual Loops": 1,"Plans": [{"Node Type": "Nested Loop","Parent Relationship": "Outer","Parallel Aware": false,"Async Capable": false,"Join Type": "Inner","Startup Cost": 7.81,"Total Cost": 4194.26,"Plan Rows": 32000,"Plan Width": 10,"Actual Startup Time": 0.239,"Actual Total Time": 123.231,"Actual Rows": 32080,"Actual Loops": 1,"Inner Unique": false,"Plans": [{"Node Type": "Nested Loop","Parent Relationship": "Outer","Parallel Aware": false,"Async Capable": false,"Join Type": "Inner","Startup Cost": 7.38,"Total Cost": 244.58,"Plan Rows": 400,"Plan Width": 4,"Actual Startup Time": 0.189,"Actual Total Time": 1.751,"Actual Rows": 401,"Actual Loops": 1,"Inner Unique": false,"Plans": [{"Node Type": "Seq Scan","Parent Relationship": "Outer","Parallel Aware": false,"Async Capable": false,"Relation Name": "nation","Alias": "nation_1","Startup Cost": 0.00,"Total Cost": 1.31,"Plan Rows": 1,"Plan Width": 4,"Actual Startup Time": 0.044,"Actual Total Time": 0.061,"Actual Rows": 1,"Actual Loops": 1,"Filter": "(n_name = 'RUSSIA'::bpchar)","Rows Removed by Filter": 24},{"Node Type": "Bitmap Heap Scan","Parent Relationship": "Inner","Parallel Aware": false,"Async Capable": false,"Relation Name": "supplier","Alias": "supplier_1","Startup Cost": 7.38,"Total Cost": 239.27,"Plan Rows": 400,"Plan Width": 8,"Actual Startup Time": 0.130,"Actual Total Time": 1.632,"Actual Rows": 401,"Actual Loops": 1,"Recheck Cond": "(s_nationkey = nation_1.n_nationkey)","Rows Removed by Index Recheck": 0,"Exact Heap Blocks": 180,"Lossy Heap Blocks": 0,"Plans": [{"Node Type": "Bitmap Index Scan","Parent Relationship": "Outer","Parallel Aware": false,"Async Capable": false,"Index Name": "idx_supplier_nation_key","Startup Cost": 0.00,"Total Cost": 7.29,"Plan Rows": 400,"Plan Width": 0,"Actual Startup Time": 0.092,"Actual Total Time": 0.094,"Actual Rows": 401,"Actual Loops": 1,"Index Cond": "(s_nationkey = nation_1.n_nationkey)"}]}]},{"Node Type": "Index Scan","Parent Relationship": "Inner","Parallel Aware": false,"Async Capable": false,"Scan Direction": "Forward","Index Name": "idx_partsupp_suppkey","Relation Name": "partsupp","Alias": "partsupp_1","Startup Cost": 0.42,"Total Cost": 9.07,"Plan Rows": 80,"Plan Width": 14,"Actual Startup Time": 0.014,"Actual Total Time": 0.291,"Actual Rows": 80,"Actual Loops": 401,"Index Cond": "(ps_suppkey = supplier_1.s_suppkey)","Rows Removed by Index Recheck": 0}]}]},{"Node Type": "Aggregate","Strategy": "Hashed","Partial Mode": "Simple","Parent Relationship": "Outer","Parallel Aware": false,"Async Capable": false,"Startup Cost": 4514.26,"Total Cost": 4994.26,"Plan Rows": 10667,"Plan Width": 36,"Actual Startup Time": 367.075,"Actual Total Time": 438.260,"Actual Rows": 919,"Actual Loops": 1,"Group Key": ["partsupp.ps_partkey"],"Filter": "(sum((partsupp.ps_supplycost * (partsupp.ps_availqty)::numeric)) > $2)","Planned Partitions": 0,"HashAgg Batches": 1,"Peak Memory Usage": 17937,"Disk Usage": 0,"Rows Removed by Filter": 29289,"Plans": [{"Node Type": "Nested Loop","Parent Relationship": "Outer","Parallel Aware": false,"Async Capable": false,"Join Type": "Inner","Startup Cost": 7.81,"Total Cost": 4194.26,"Plan Rows": 32000,"Plan Width": 14,"Actual Startup Time": 0.388,"Actual Total Time": 194.500,"Actual Rows": 32080,"Actual Loops": 1,"Inner Unique": false,"Plans": [{"Node Type": "Nested Loop","Parent Relationship": "Outer","Parallel Aware": false,"Async Capable": false,"Join Type": "Inner","Startup Cost": 7.38,"Total Cost": 244.58,"Plan Rows": 400,"Plan Width": 4,"Actual Startup Time": 0.281,"Actual Total Time": 2.675,"Actual Rows": 401,"Actual Loops": 1,"Inner Unique": false,"Plans": [{"Node Type": "Seq Scan","Parent Relationship": "Outer","Parallel Aware": false,"Async Capable": false,"Relation Name": "nation","Alias": "nation","Startup Cost": 0.00,"Total Cost": 1.31,"Plan Rows": 1,"Plan Width": 4,"Actual Startup Time": 0.057,"Actual Total Time": 0.080,"Actual Rows": 1,"Actual Loops": 1,"Filter": "(n_name = 'RUSSIA'::bpchar)","Rows Removed by Filter": 24},{"Node Type": "Bitmap Heap Scan","Parent Relationship": "Inner","Parallel Aware": false,"Async Capable": false,"Relation Name": "supplier","Alias": "supplier","Startup Cost": 7.38,"Total Cost": 239.27,"Plan Rows": 400,"Plan Width": 8,"Actual Startup Time": 0.220,"Actual Total Time": 2.546,"Actual Rows": 401,"Actual Loops": 1,"Recheck Cond": "(s_nationkey = nation.n_nationkey)","Rows Removed by Index Recheck": 0,"Exact Heap Blocks": 180,"Lossy Heap Blocks": 0,"Plans": [{"Node Type": "Bitmap Index Scan","Parent Relationship": "Outer","Parallel Aware": false,"Async Capable": false,"Index Name": "idx_supplier_nation_key","Startup Cost": 0.00,"Total Cost": 7.29,"Plan Rows": 400,"Plan Width": 0,"Actual Startup Time": 0.151,"Actual Total Time": 0.154,"Actual Rows": 401,"Actual Loops": 1,"Index Cond": "(s_nationkey = nation.n_nationkey)"}]}]},{"Node Type": "Index Scan","Parent Relationship": "Inner","Parallel Aware": false,"Async Capable": false,"Scan Direction": "Forward","Index Name": "idx_partsupp_suppkey","Relation Name": "partsupp","Alias": "partsupp","Startup Cost": 0.42,"Total Cost": 9.07,"Plan Rows": 80,"Plan Width": 18,"Actual Startup Time": 0.018,"Actual Total Time": 0.467,"Actual Rows": 80,"Actual Loops": 401,"Index Cond": "(ps_suppkey = supplier.s_suppkey)","Rows Removed by Index Recheck": 0}]}]}]},"Planning Time": 6.216,"Triggers": [],"Execution Time": 442.343}]
[{"Plan": {"Node Type": "Sort","Parallel Aware": false,"Async Capable": false,"Startup Cost": 10142.20,"Total Cost": 10168.87,"Plan Rows": 10667,"Plan Width": 36,"Actual Startup Time": 460.724,"Actual Total Time": 460.840,"Actual Rows": 741,"Actual Loops": 1,"Sort Key": ["(sum((partsupp.ps_supplycost * (partsupp.ps_availqty)::numeric))) DESC"],"Sort Method": "quicksort","Sort Space Used": 65,"Sort Space Type": "Memory","Plans": [{"Node Type": "Aggregate","Strategy": "Plain","Partial Mode": "Simple","Parent Relationship": "InitPlan","Subplan Name": "InitPlan 1 (returns $2)","Parallel Aware": false,"Async Capable": false,"Startup Cost": 4434.26,"Total Cost": 4434.27,"Plan Rows": 1,"Plan Width": 32,"Actual Startup Time": 132.110,"Actual Total Time": 132.136,"Actual Rows": 1,"Actual Loops": 1,"Plans": [{"Node Type": "Nested Loop","Parent Relationship": "Outer","Parallel Aware": false,"Async Capable": false,"Join Type": "Inner","Startup Cost": 7.81,"Total Cost": 4194.26,"Plan Rows": 32000,"Plan Width": 10,"Actual Startup Time": 0.212,"Actual Total Time": 124.425,"Actual Rows": 33680,"Actual Loops": 1,"Inner Unique": false,"Plans": [{"Node Type": "Nested Loop","Parent Relationship": "Outer","Parallel Aware": false,"Async Capable": false,"Join Type": "Inner","Startup Cost": 7.38,"Total Cost": 244.58,"Plan Rows": 400,"Plan Width": 4,"Actual Startup Time": 0.146,"Actual Total Time": 1.771,"Actual Rows": 421,"Actual Loops": 1,"Inner Unique": false,"Plans": [{"Node Type": "Seq Scan","Parent Relationship": "Outer","Parallel Aware": false,"Async Capable": false,"Relation Name": "nation","Alias": "nation_1","Startup Cost": 0.00,"Total Cost": 1.31,"Plan Rows": 1,"Plan Width": 4,"Actual Startup Time": 0.036,"Actual Total Time": 0.052,"Actual Rows": 1,"Actual Loops": 1,"Filter": "(n_name = 'PERU'::bpchar)","Rows Removed by Filter": 24},{"Node Type": "Bitmap Heap Scan","Parent Relationship": "Inner","Parallel Aware": false,"Async Capable": false,"Relation Name": "supplier","Alias": "supplier_1","Startup Cost": 7.38,"Total Cost": 239.27,"Plan Rows": 400,"Plan Width": 8,"Actual Startup Time": 0.097,"Actual Total Time": 1.663,"Actual Rows": 421,"Actual Loops": 1,"Recheck Cond": "(s_nationkey = nation_1.n_nationkey)","Rows Removed by Index Recheck": 0,"Exact Heap Blocks": 187,"Lossy Heap Blocks": 0,"Plans": [{"Node Type": "Bitmap Index Scan","Parent Relationship": "Outer","Parallel Aware": false,"Async Capable": false,"Index Name": "idx_supplier_nation_key","Startup Cost": 0.00,"Total Cost": 7.29,"Plan Rows": 400,"Plan Width": 0,"Actual Startup Time": 0.063,"Actual Total Time": 0.070,"Actual Rows": 421,"Actual Loops": 1,"Index Cond": "(s_nationkey = nation_1.n_nationkey)"}]}]},{"Node Type": "Index Scan","Parent Relationship": "Inner","Parallel Aware": false,"Async Capable": false,"Scan Direction": "Forward","Index Name": "idx_partsupp_suppkey","Relation Name": "partsupp","Alias": "partsupp_1","Startup Cost": 0.42,"Total Cost": 9.07,"Plan Rows": 80,"Plan Width": 14,"Actual Startup Time": 0.014,"Actual Total Time": 0.279,"Actual Rows": 80,"Actual Loops": 421,"Index Cond": "(ps_suppkey = supplier_1.s_suppkey)","Rows Removed by Index Recheck": 0}]}]},{"Node Type": "Aggregate","Strategy": "Hashed","Partial Mode": "Simple","Parent Relationship": "Outer","Parallel Aware": false,"Async Capable": false,"Startup Cost": 4514.26,"Total Cost": 4994.26,"Plan Rows": 10667,"Plan Width": 36,"Actual Startup Time": 384.508,"Actual Total Time": 460.301,"Actual Rows": 741,"Actual Loops": 1,"Group Key": ["partsupp.ps_partkey"],"Filter": "(sum((partsupp.ps_supplycost * (partsupp.ps_availqty)::numeric)) > $2)","Planned Partitions": 0,"HashAgg Batches": 1,"Peak Memory Usage": 17937,"Disk Usage": 0,"Rows Removed by Filter": 30846,"Plans": [{"Node Type": "Nested Loop","Parent Relationship": "Outer","Parallel Aware": false,"Async Capable": false,"Join Type": "Inner","Startup Cost": 7.81,"Total Cost": 4194.26,"Plan Rows": 32000,"Plan Width": 14,"Actual Startup Time": 0.389,"Actual Total Time": 205.243,"Actual Rows": 33680,"Actual Loops": 1,"Inner Unique": false,"Plans": [{"Node Type": "Nested Loop","Parent Relationship": "Outer","Parallel Aware": false,"Async Capable": false,"Join Type": "Inner","Startup Cost": 7.38,"Total Cost": 244.58,"Plan Rows": 400,"Plan Width": 4,"Actual Startup Time": 0.332,"Actual Total Time": 2.785,"Actual Rows": 421,"Actual Loops": 1,"Inner Unique": false,"Plans": [{"Node Type": "Seq Scan","Parent Relationship": "Outer","Parallel Aware": false,"Async Capable": false,"Relation Name": "nation","Alias": "nation","Startup Cost": 0.00,"Total Cost": 1.31,"Plan Rows": 1,"Plan Width": 4,"Actual Startup Time": 0.057,"Actual Total Time": 0.075,"Actual Rows": 1,"Actual Loops": 1,"Filter": "(n_name = 'PERU'::bpchar)","Rows Removed by Filter": 24},{"Node Type": "Bitmap Heap Scan","Parent Relationship": "Inner","Parallel Aware": false,"Async Capable": false,"Relation Name": "supplier","Alias": "supplier","Startup Cost": 7.38,"Total Cost": 239.27,"Plan Rows": 400,"Plan Width": 8,"Actual Startup Time": 0.270,"Actual Total Time": 2.660,"Actual Rows": 421,"Actual Loops": 1,"Recheck Cond": "(s_nationkey = nation.n_nationkey)","Rows Removed by Index Recheck": 0,"Exact Heap Blocks": 187,"Lossy Heap Blocks": 0,"Plans": [{"Node Type": "Bitmap Index Scan","Parent Relationship": "Outer","Parallel Aware": false,"Async Capable": false,"Index Name": "idx_supplier_nation_key","Startup Cost": 0.00,"Total Cost": 7.29,"Plan Rows": 400,"Plan Width": 0,"Actual Startup Time": 0.195,"Actual Total Time": 0.196,"Actual Rows": 421,"Actual Loops": 1,"Index Cond": "(s_nationkey = nation.n_nationkey)"}]}]},{"Node Type": "Index Scan","Parent Relationship": "Inner","Parallel Aware": false,"Async Capable": false,"Scan Direction": "Forward","Index Name": "idx_partsupp_suppkey","Relation Name": "partsupp","Alias": "partsupp","Startup Cost": 0.42,"Total Cost": 9.07,"Plan Rows": 80,"Plan Width": 18,"Actual Startup Time": 0.018,"Actual Total Time": 0.469,"Actual Rows": 80,"Actual Loops": 421,"Index Cond": "(ps_suppkey = supplier.s_suppkey)","Rows Removed by Index Recheck": 0}]}]}]},"Planning Time": 6.964,"Triggers": [],"Execution Time": 464.153}]
[{"Plan": {"Node Type": "Sort","Parallel Aware": false,"Async Capable": false,"Startup Cost": 10142.20,"Total Cost": 10168.87,"Plan Rows": 10667,"Plan Width": 36,"Actual Startup Time": 438.718,"Actual Total Time": 438.846,"Actual Rows": 919,"Actual Loops": 1,"Sort Key": ["(sum((partsupp.ps_supplycost * (partsupp.ps_availqty)::numeric))) DESC"],"Sort Method": "quicksort","Sort Space Used": 75,"Sort Space Type": "Memory","Plans": [{"Node Type": "Aggregate","Strategy": "Plain","Partial Mode": "Simple","Parent Relationship": "InitPlan","Subplan Name": "InitPlan 1 (returns $2)","Parallel Aware": false,"Async Capable": false,"Startup Cost": 4434.26,"Total Cost": 4434.27,"Plan Rows": 1,"Plan Width": 32,"Actual Startup Time": 130.550,"Actual Total Time": 130.572,"Actual Rows": 1,"Actual Loops": 1,"Plans": [{"Node Type": "Nested Loop","Parent Relationship": "Outer","Parallel Aware": false,"Async Capable": false,"Join Type": "Inner","Startup Cost": 7.81,"Total Cost": 4194.26,"Plan Rows": 32000,"Plan Width": 10,"Actual Startup Time": 0.239,"Actual Total Time": 123.231,"Actual Rows": 32080,"Actual Loops": 1,"Inner Unique": false,"Plans": [{"Node Type": "Nested Loop","Parent Relationship": "Outer","Parallel Aware": false,"Async Capable": false,"Join Type": "Inner","Startup Cost": 7.38,"Total Cost": 244.58,"Plan Rows": 400,"Plan Width": 4,"Actual Startup Time": 0.189,"Actual Total Time": 1.751,"Actual Rows": 401,"Actual Loops": 1,"Inner Unique": false,"Plans": [{"Node Type": "Seq Scan","Parent Relationship": "Outer","Parallel Aware": false,"Async Capable": false,"Relation Name": "nation","Alias": "nation_1","Startup Cost": 0.00,"Total Cost": 1.31,"Plan Rows": 1,"Plan Width": 4,"Actual Startup Time": 0.044,"Actual Total Time": 0.061,"Actual Rows": 1,"Actual Loops": 1,"Filter": "(n_name = 'RUSSIA'::bpchar)","Rows Removed by Filter": 24},{"Node Type": "Bitmap Heap Scan","Parent Relationship": "Inner","Parallel Aware": false,"Async Capable": false,"Relation Name": "supplier","Alias": "supplier_1","Startup Cost": 7.38,"Total Cost": 239.27,"Plan Rows": 400,"Plan Width": 8,"Actual Startup Time": 0.130,"Actual Total Time": 1.632,"Actual Rows": 401,"Actual Loops": 1,"Recheck Cond": "(s_nationkey = nation_1.n_nationkey)","Rows Removed by Index Recheck": 0,"Exact Heap Blocks": 180,"Lossy Heap Blocks": 0,"Plans": [{"Node Type": "Bitmap Index Scan","Parent Relationship": "Outer","Parallel Aware": false,"Async Capable": false,"Index Name": "idx_supplier_nation_key","Startup Cost": 0.00,"Total Cost": 7.29,"Plan Rows": 400,"Plan Width": 0,"Actual Startup Time": 0.092,"Actual Total Time": 0.094,"Actual Rows": 401,"Actual Loops": 1,"Index Cond": "(s_nationkey = nation_1.n_nationkey)"}]}]},{"Node Type": "Index Scan","Parent Relationship": "Inner","Parallel Aware": false,"Async Capable": false,"Scan Direction": "Forward","Index Name": "idx_partsupp_suppkey","Relation Name": "partsupp","Alias": "partsupp_1","Startup Cost": 0.42,"Total Cost": 9.07,"Plan Rows": 80,"Plan Width": 14,"Actual Startup Time": 0.014,"Actual Total Time": 0.291,"Actual Rows": 80,"Actual Loops": 401,"Index Cond": "(ps_suppkey = supplier_1.s_suppkey)","Rows Removed by Index Recheck": 0}]}]},{"Node Type": "Aggregate","Strategy": "Hashed","Partial Mode": "Simple","Parent Relationship": "Outer","Parallel Aware": false,"Async Capable": false,"Startup Cost": 4514.26,"Total Cost": 4994.26,"Plan Rows": 10667,"Plan Width": 36,"Actual Startup Time": 367.075,"Actual Total Time": 438.260,"Actual Rows": 919,"Actual Loops": 1,"Group Key": ["partsupp.ps_partkey"],"Filter": "(sum((partsupp.ps_supplycost * (partsupp.ps_availqty)::numeric)) > $2)","Planned Partitions": 0,"HashAgg Batches": 1,"Peak Memory Usage": 17937,"Disk Usage": 0,"Rows Removed by Filter": 29289,"Plans": [{"Node Type": "Nested Loop","Parent Relationship": "Outer","Parallel Aware": false,"Async Capable": false,"Join Type": "Inner","Startup Cost": 7.81,"Total Cost": 4194.26,"Plan Rows": 32000,"Plan Width": 14,"Actual Startup Time": 0.388,"Actual Total Time": 194.500,"Actual Rows": 32080,"Actual Loops": 1,"Inner Unique": false,"Plans": [{"Node Type": "Nested Loop","Parent Relationship": "Outer","Parallel Aware": false,"Async Capable": false,"Join Type": "Inner","Startup Cost": 7.38,"Total Cost": 244.58,"Plan Rows": 400,"Plan Width": 4,"Actual Startup Time": 0.281,"Actual Total Time": 2.675,"Actual Rows": 401,"Actual Loops": 1,"Inner Unique": false,"Plans": [{"Node Type": "Seq Scan","Parent Relationship": "Outer","Parallel Aware": false,"Async Capable": false,"Relation Name": "nation","Alias": "nation","Startup Cost": 0.00,"Total Cost": 1.31,"Plan Rows": 1,"Plan Width": 4,"Actual Startup Time": 0.057,"Actual Total Time": 0.080,"Actual Rows": 1,"Actual Loops": 1,"Filter": "(n_name = 'RUSSIA'::bpchar)","Rows Removed by Filter": 24},{"Node Type": "Bitmap Heap Scan","Parent Relationship": "Inner","Parallel Aware": false,"Async Capable": false,"Relation Name": "supplier","Alias": "supplier","Startup Cost": 7.38,"Total Cost": 239.27,"Plan Rows": 400,"Plan Width": 8,"Actual Startup Time": 0.220,"Actual Total Time": 2.546,"Actual Rows": 401,"Actual Loops": 1,"Recheck Cond": "(s_nationkey = nation.n_nationkey)","Rows Removed by Index Recheck": 0,"Exact Heap Blocks": 180,"Lossy Heap Blocks": 0,"Plans": [{"Node Type": "Bitmap Index Scan","Parent Relationship": "Outer","Parallel Aware": false,"Async Capable": false,"Index Name": "idx_supplier_nation_key","Startup Cost": 0.00,"Total Cost": 7.29,"Plan Rows": 400,"Plan Width": 0,"Actual Startup Time": 0.151,"Actual Total Time": 0.154,"Actual Rows": 401,"Actual Loops": 1,"Index Cond": "(s_nationkey = nation.n_nationkey)"}]}]},{"Node Type": "Index Scan","Parent Relationship": "Inner","Parallel Aware": false,"Async Capable": false,"Scan Direction": "Forward","Index Name": "idx_partsupp_suppkey","Relation Name": "partsupp","Alias": "partsupp","Startup Cost": 0.42,"Total Cost": 9.07,"Plan Rows": 80,"Plan Width": 18,"Actual Startup Time": 0.018,"Actual Total Time": 0.467,"Actual Rows": 80,"Actual Loops": 401,"Index Cond": "(ps_suppkey = supplier.s_suppkey)","Rows Removed by Index Recheck": 0}]}]}]},"Planning Time": 6.216,"Triggers": [],"Execution Time": 442.343}]
[{"Plan": {"Node Type": "Sort","Parallel Aware": false,"Async Capable": false,"Startup Cost": 10142.20,"Total Cost": 10168.87,"Plan Rows": 10667,"Plan Width": 36,"Actual Startup Time": 443.389,"Actual Total Time": 443.514,"Actual Rows": 1031,"Actual Loops": 1,"Sort Key": ["(sum((partsupp.ps_supplycost * (partsupp.ps_availqty)::numeric))) DESC"],"Sort Method": "quicksort","Sort Space Used": 105,"Sort Space Type": "Memory","Plans": [{"Node Type": "Aggregate","Strategy": "Plain","Partial Mode": "Simple","Parent Relationship": "InitPlan","Subplan Name": "InitPlan 1 (returns $2)","Parallel Aware": false,"Async Capable": false,"Startup Cost": 4434.26,"Total Cost": 4434.27,"Plan Rows": 1,"Plan Width": 32,"Actual Startup Time": 132.940,"Actual Total Time": 132.957,"Actual Rows": 1,"Actual Loops": 1,"Plans": [{"Node Type": "Nested Loop","Parent Relationship": "Outer","Parallel Aware": false,"Async Capable": false,"Join Type": "Inner","Startup Cost": 7.81,"Total Cost": 4194.26,"Plan Rows": 32000,"Plan Width": 10,"Actual Startup Time": 0.263,"Actual Total Time": 125.681,"Actual Rows": 31440,"Actual Loops": 1,"Inner Unique": false,"Plans": [{"Node Type": "Nested Loop","Parent Relationship": "Outer","Parallel Aware": false,"Async Capable": false,"Join Type": "Inner","Startup Cost": 7.38,"Total Cost": 244.58,"Plan Rows": 400,"Plan Width": 4,"Actual Startup Time": 0.205,"Actual Total Time": 1.775,"Actual Rows": 393,"Actual Loops": 1,"Inner Unique": false,"Plans": [{"Node Type": "Seq Scan","Parent Relationship": "Outer","Parallel Aware": false,"Async Capable": false,"Relation Name": "nation","Alias": "nation_1","Startup Cost": 0.00,"Total Cost": 1.31,"Plan Rows": 1,"Plan Width": 4,"Actual Startup Time": 0.056,"Actual Total Time": 0.062,"Actual Rows": 1,"Actual Loops": 1,"Filter": "(n_name = 'UNITED STATES'::bpchar)","Rows Removed by Filter": 24},{"Node Type": "Bitmap Heap Scan","Parent Relationship": "Inner","Parallel Aware": false,"Async Capable": false,"Relation Name": "supplier","Alias": "supplier_1","Startup Cost": 7.38,"Total Cost": 239.27,"Plan Rows": 400,"Plan Width": 8,"Actual Startup Time": 0.126,"Actual Total Time": 1.648,"Actual Rows": 393,"Actual Loops": 1,"Recheck Cond": "(s_nationkey = nation_1.n_nationkey)","Rows Removed by Index Recheck": 0,"Exact Heap Blocks": 181,"Lossy Heap Blocks": 0,"Plans": [{"Node Type": "Bitmap Index Scan","Parent Relationship": "Outer","Parallel Aware": false,"Async Capable": false,"Index Name": "idx_supplier_nation_key","Startup Cost": 0.00,"Total Cost": 7.29,"Plan Rows": 400,"Plan Width": 0,"Actual Startup Time": 0.087,"Actual Total Time": 0.091,"Actual Rows": 393,"Actual Loops": 1,"Index Cond": "(s_nationkey = nation_1.n_nationkey)"}]}]},{"Node Type": "Index Scan","Parent Relationship": "Inner","Parallel Aware": false,"Async Capable": false,"Scan Direction": "Forward","Index Name": "idx_partsupp_suppkey","Relation Name": "partsupp","Alias": "partsupp_1","Startup Cost": 0.42,"Total Cost": 9.07,"Plan Rows": 80,"Plan Width": 14,"Actual Startup Time": 0.015,"Actual Total Time": 0.303,"Actual Rows": 80,"Actual Loops": 393,"Index Cond": "(ps_suppkey = supplier_1.s_suppkey)","Rows Removed by Index Recheck": 0}]}]},{"Node Type": "Aggregate","Strategy": "Hashed","Partial Mode": "Simple","Parent Relationship": "Outer","Parallel Aware": false,"Async Capable": false,"Startup Cost": 4514.26,"Total Cost": 4994.26,"Plan Rows": 10667,"Plan Width": 36,"Actual Startup Time": 371.004,"Actual Total Time": 442.894,"Actual Rows": 1031,"Actual Loops": 1,"Group Key": ["partsupp.ps_partkey"],"Filter": "(sum((partsupp.ps_supplycost * (partsupp.ps_availqty)::numeric)) > $2)","Planned Partitions": 0,"HashAgg Batches": 1,"Peak Memory Usage": 17937,"Disk Usage": 0,"Rows Removed by Filter": 28434,"Plans": [{"Node Type": "Nested Loop","Parent Relationship": "Outer","Parallel Aware": false,"Async Capable": false,"Join Type": "Inner","Startup Cost": 7.81,"Total Cost": 4194.26,"Plan Rows": 32000,"Plan Width": 14,"Actual Startup Time": 0.317,"Actual Total Time": 191.179,"Actual Rows": 31440,"Actual Loops": 1,"Inner Unique": false,"Plans": [{"Node Type": "Nested Loop","Parent Relationship": "Outer","Parallel Aware": false,"Async Capable": false,"Join Type": "Inner","Startup Cost": 7.38,"Total Cost": 244.58,"Plan Rows": 400,"Plan Width": 4,"Actual Startup Time": 0.258,"Actual Total Time": 2.692,"Actual Rows": 393,"Actual Loops": 1,"Inner Unique": false,"Plans": [{"Node Type": "Seq Scan","Parent Relationship": "Outer","Parallel Aware": false,"Async Capable": false,"Relation Name": "nation","Alias": "nation","Startup Cost": 0.00,"Total Cost": 1.31,"Plan Rows": 1,"Plan Width": 4,"Actual Startup Time": 0.065,"Actual Total Time": 0.076,"Actual Rows": 1,"Actual Loops": 1,"Filter": "(n_name = 'UNITED STATES'::bpchar)","Rows Removed by Filter": 24},{"Node Type": "Bitmap Heap Scan","Parent Relationship": "Inner","Parallel Aware": false,"Async Capable": false,"Relation Name": "supplier","Alias": "supplier","Startup Cost": 7.38,"Total Cost": 239.27,"Plan Rows": 400,"Plan Width": 8,"Actual Startup Time": 0.185,"Actual Total Time": 2.562,"Actual Rows": 393,"Actual Loops": 1,"Recheck Cond": "(s_nationkey = nation.n_nationkey)","Rows Removed by Index Recheck": 0,"Exact Heap Blocks": 181,"Lossy Heap Blocks": 0,"Plans": [{"Node Type": "Bitmap Index Scan","Parent Relationship": "Outer","Parallel Aware": false,"Async Capable": false,"Index Name": "idx_supplier_nation_key","Startup Cost": 0.00,"Total Cost": 7.29,"Plan Rows": 400,"Plan Width": 0,"Actual Startup Time": 0.119,"Actual Total Time": 0.122,"Actual Rows": 393,"Actual Loops": 1,"Index Cond": "(s_nationkey = nation.n_nationkey)"}]}]},{"Node Type": "Index Scan","Parent Relationship": "Inner","Parallel Aware": false,"Async Capable": false,"Scan Direction": "Forward","Index Name": "idx_partsupp_suppkey","Relation Name": "partsupp","Alias": "partsupp","Startup Cost": 0.42,"Total Cost": 9.07,"Plan Rows": 80,"Plan Width": 18,"Actual Startup Time": 0.020,"Actual Total Time": 0.468,"Actual Rows": 80,"Actual Loops": 393,"Index Cond": "(ps_suppkey = supplier.s_suppkey)","Rows Removed by Index Recheck": 0}]}]}]},"Planning Time": 7.102,"Triggers": [],"Execution Time": 445.930}]
[{"Plan": {"Node Type": "Sort","Parallel Aware": false,"Async Capable": false,"Startup Cost": 10142.20,"Total Cost": 10168.87,"Plan Rows": 10667,"Plan Width": 36,"Actual Startup Time": 438.718,"Actual Total Time": 438.846,"Actual Rows": 919,"Actual Loops": 1,"Sort Key": ["(sum((partsupp.ps_supplycost * (partsupp.ps_availqty)::numeric))) DESC"],"Sort Method": "quicksort","Sort Space Used": 75,"Sort Space Type": "Memory","Plans": [{"Node Type": "Aggregate","Strategy": "Plain","Partial Mode": "Simple","Parent Relationship": "InitPlan","Subplan Name": "InitPlan 1 (returns $2)","Parallel Aware": false,"Async Capable": false,"Startup Cost": 4434.26,"Total Cost": 4434.27,"Plan Rows": 1,"Plan Width": 32,"Actual Startup Time": 130.550,"Actual Total Time": 130.572,"Actual Rows": 1,"Actual Loops": 1,"Plans": [{"Node Type": "Nested Loop","Parent Relationship": "Outer","Parallel Aware": false,"Async Capable": false,"Join Type": "Inner","Startup Cost": 7.81,"Total Cost": 4194.26,"Plan Rows": 32000,"Plan Width": 10,"Actual Startup Time": 0.239,"Actual Total Time": 123.231,"Actual Rows": 32080,"Actual Loops": 1,"Inner Unique": false,"Plans": [{"Node Type": "Nested Loop","Parent Relationship": "Outer","Parallel Aware": false,"Async Capable": false,"Join Type": "Inner","Startup Cost": 7.38,"Total Cost": 244.58,"Plan Rows": 400,"Plan Width": 4,"Actual Startup Time": 0.189,"Actual Total Time": 1.751,"Actual Rows": 401,"Actual Loops": 1,"Inner Unique": false,"Plans": [{"Node Type": "Seq Scan","Parent Relationship": "Outer","Parallel Aware": false,"Async Capable": false,"Relation Name": "nation","Alias": "nation_1","Startup Cost": 0.00,"Total Cost": 1.31,"Plan Rows": 1,"Plan Width": 4,"Actual Startup Time": 0.044,"Actual Total Time": 0.061,"Actual Rows": 1,"Actual Loops": 1,"Filter": "(n_name = 'RUSSIA'::bpchar)","Rows Removed by Filter": 24},{"Node Type": "Bitmap Heap Scan","Parent Relationship": "Inner","Parallel Aware": false,"Async Capable": false,"Relation Name": "supplier","Alias": "supplier_1","Startup Cost": 7.38,"Total Cost": 239.27,"Plan Rows": 400,"Plan Width": 8,"Actual Startup Time": 0.130,"Actual Total Time": 1.632,"Actual Rows": 401,"Actual Loops": 1,"Recheck Cond": "(s_nationkey = nation_1.n_nationkey)","Rows Removed by Index Recheck": 0,"Exact Heap Blocks": 180,"Lossy Heap Blocks": 0,"Plans": [{"Node Type": "Bitmap Index Scan","Parent Relationship": "Outer","Parallel Aware": false,"Async Capable": false,"Index Name": "idx_supplier_nation_key","Startup Cost": 0.00,"Total Cost": 7.29,"Plan Rows": 400,"Plan Width": 0,"Actual Startup Time": 0.092,"Actual Total Time": 0.094,"Actual Rows": 401,"Actual Loops": 1,"Index Cond": "(s_nationkey = nation_1.n_nationkey)"}]}]},{"Node Type": "Index Scan","Parent Relationship": "Inner","Parallel Aware": false,"Async Capable": false,"Scan Direction": "Forward","Index Name": "idx_partsupp_suppkey","Relation Name": "partsupp","Alias": "partsupp_1","Startup Cost": 0.42,"Total Cost": 9.07,"Plan Rows": 80,"Plan Width": 14,"Actual Startup Time": 0.014,"Actual Total Time": 0.291,"Actual Rows": 80,"Actual Loops": 401,"Index Cond": "(ps_suppkey = supplier_1.s_suppkey)","Rows Removed by Index Recheck": 0}]}]},{"Node Type": "Aggregate","Strategy": "Hashed","Partial Mode": "Simple","Parent Relationship": "Outer","Parallel Aware": false,"Async Capable": false,"Startup Cost": 4514.26,"Total Cost": 4994.26,"Plan Rows": 10667,"Plan Width": 36,"Actual Startup Time": 367.075,"Actual Total Time": 438.260,"Actual Rows": 919,"Actual Loops": 1,"Group Key": ["partsupp.ps_partkey"],"Filter": "(sum((partsupp.ps_supplycost * (partsupp.ps_availqty)::numeric)) > $2)","Planned Partitions": 0,"HashAgg Batches": 1,"Peak Memory Usage": 17937,"Disk Usage": 0,"Rows Removed by Filter": 29289,"Plans": [{"Node Type": "Nested Loop","Parent Relationship": "Outer","Parallel Aware": false,"Async Capable": false,"Join Type": "Inner","Startup Cost": 7.81,"Total Cost": 4194.26,"Plan Rows": 32000,"Plan Width": 14,"Actual Startup Time": 0.388,"Actual Total Time": 194.500,"Actual Rows": 32080,"Actual Loops": 1,"Inner Unique": false,"Plans": [{"Node Type": "Nested Loop","Parent Relationship": "Outer","Parallel Aware": false,"Async Capable": false,"Join Type": "Inner","Startup Cost": 7.38,"Total Cost": 244.58,"Plan Rows": 400,"Plan Width": 4,"Actual Startup Time": 0.281,"Actual Total Time": 2.675,"Actual Rows": 401,"Actual Loops": 1,"Inner Unique": false,"Plans": [{"Node Type": "Seq Scan","Parent Relationship": "Outer","Parallel Aware": false,"Async Capable": false,"Relation Name": "nation","Alias": "nation","Startup Cost": 0.00,"Total Cost": 1.31,"Plan Rows": 1,"Plan Width": 4,"Actual Startup Time": 0.057,"Actual Total Time": 0.080,"Actual Rows": 1,"Actual Loops": 1,"Filter": "(n_name = 'RUSSIA'::bpchar)","Rows Removed by Filter": 24},{"Node Type": "Bitmap Heap Scan","Parent Relationship": "Inner","Parallel Aware": false,"Async Capable": false,"Relation Name": "supplier","Alias": "supplier","Startup Cost": 7.38,"Total Cost": 239.27,"Plan Rows": 400,"Plan Width": 8,"Actual Startup Time": 0.220,"Actual Total Time": 2.546,"Actual Rows": 401,"Actual Loops": 1,"Recheck Cond": "(s_nationkey = nation.n_nationkey)","Rows Removed by Index Recheck": 0,"Exact Heap Blocks": 180,"Lossy Heap Blocks": 0,"Plans": [{"Node Type": "Bitmap Index Scan","Parent Relationship": "Outer","Parallel Aware": false,"Async Capable": false,"Index Name": "idx_supplier_nation_key","Startup Cost": 0.00,"Total Cost": 7.29,"Plan Rows": 400,"Plan Width": 0,"Actual Startup Time": 0.151,"Actual Total Time": 0.154,"Actual Rows": 401,"Actual Loops": 1,"Index Cond": "(s_nationkey = nation.n_nationkey)"}]}]},{"Node Type": "Index Scan","Parent Relationship": "Inner","Parallel Aware": false,"Async Capable": false,"Scan Direction": "Forward","Index Name": "idx_partsupp_suppkey","Relation Name": "partsupp","Alias": "partsupp","Startup Cost": 0.42,"Total Cost": 9.07,"Plan Rows": 80,"Plan Width": 18,"Actual Startup Time": 0.018,"Actual Total Time": 0.467,"Actual Rows": 80,"Actual Loops": 401,"Index Cond": "(ps_suppkey = supplier.s_suppkey)","Rows Removed by Index Recheck": 0}]}]}]},"Planning Time": 6.216,"Triggers": [],"Execution Time": 442.343}]
[{"Plan": {"Node Type": "Sort","Parallel Aware": false,"Async Capable": false,"Startup Cost": 10142.20,"Total Cost": 10168.87,"Plan Rows": 10667,"Plan Width": 36,"Actual Startup Time": 413.680,"Actual Total Time": 413.810,"Actual Rows": 1217,"Actual Loops": 1,"Sort Key": ["(sum((partsupp.ps_supplycost * (partsupp.ps_availqty)::numeric))) DESC"],"Sort Method": "quicksort","Sort Space Used": 115,"Sort Space Type": "Memory","Plans": [{"Node Type": "Aggregate","Strategy": "Plain","Partial Mode": "Simple","Parent Relationship": "InitPlan","Subplan Name": "InitPlan 1 (returns $2)","Parallel Aware": false,"Async Capable": false,"Startup Cost": 4434.26,"Total Cost": 4434.27,"Plan Rows": 1,"Plan Width": 32,"Actual Startup Time": 121.350,"Actual Total Time": 121.366,"Actual Rows": 1,"Actual Loops": 1,"Plans": [{"Node Type": "Nested Loop","Parent Relationship": "Outer","Parallel Aware": false,"Async Capable": false,"Join Type": "Inner","Startup Cost": 7.81,"Total Cost": 4194.26,"Plan Rows": 32000,"Plan Width": 10,"Actual Startup Time": 0.211,"Actual Total Time": 114.479,"Actual Rows": 30080,"Actual Loops": 1,"Inner Unique": false,"Plans": [{"Node Type": "Nested Loop","Parent Relationship": "Outer","Parallel Aware": false,"Async Capable": false,"Join Type": "Inner","Startup Cost": 7.38,"Total Cost": 244.58,"Plan Rows": 400,"Plan Width": 4,"Actual Startup Time": 0.161,"Actual Total Time": 1.670,"Actual Rows": 376,"Actual Loops": 1,"Inner Unique": false,"Plans": [{"Node Type": "Seq Scan","Parent Relationship": "Outer","Parallel Aware": false,"Async Capable": false,"Relation Name": "nation","Alias": "nation_1","Startup Cost": 0.00,"Total Cost": 1.31,"Plan Rows": 1,"Plan Width": 4,"Actual Startup Time": 0.026,"Actual Total Time": 0.039,"Actual Rows": 1,"Actual Loops": 1,"Filter": "(n_name = 'KENYA'::bpchar)","Rows Removed by Filter": 24},{"Node Type": "Bitmap Heap Scan","Parent Relationship": "Inner","Parallel Aware": false,"Async Capable": false,"Relation Name": "supplier","Alias": "supplier_1","Startup Cost": 7.38,"Total Cost": 239.27,"Plan Rows": 400,"Plan Width": 8,"Actual Startup Time": 0.113,"Actual Total Time": 1.571,"Actual Rows": 376,"Actual Loops": 1,"Recheck Cond": "(s_nationkey = nation_1.n_nationkey)","Rows Removed by Index Recheck": 0,"Exact Heap Blocks": 179,"Lossy Heap Blocks": 0,"Plans": [{"Node Type": "Bitmap Index Scan","Parent Relationship": "Outer","Parallel Aware": false,"Async Capable": false,"Index Name": "idx_supplier_nation_key","Startup Cost": 0.00,"Total Cost": 7.29,"Plan Rows": 400,"Plan Width": 0,"Actual Startup Time": 0.082,"Actual Total Time": 0.086,"Actual Rows": 376,"Actual Loops": 1,"Index Cond": "(s_nationkey = nation_1.n_nationkey)"}]}]},{"Node Type": "Index Scan","Parent Relationship": "Inner","Parallel Aware": false,"Async Capable": false,"Scan Direction": "Forward","Index Name": "idx_partsupp_suppkey","Relation Name": "partsupp","Alias": "partsupp_1","Startup Cost": 0.42,"Total Cost": 9.07,"Plan Rows": 80,"Plan Width": 14,"Actual Startup Time": 0.014,"Actual Total Time": 0.288,"Actual Rows": 80,"Actual Loops": 376,"Index Cond": "(ps_suppkey = supplier_1.s_suppkey)","Rows Removed by Index Recheck": 0}]}]},{"Node Type": "Aggregate","Strategy": "Hashed","Partial Mode": "Simple","Parent Relationship": "Outer","Parallel Aware": false,"Async Capable": false,"Startup Cost": 4514.26,"Total Cost": 4994.26,"Plan Rows": 10667,"Plan Width": 36,"Actual Startup Time": 346.893,"Actual Total Time": 413.082,"Actual Rows": 1217,"Actual Loops": 1,"Group Key": ["partsupp.ps_partkey"],"Filter": "(sum((partsupp.ps_supplycost * (partsupp.ps_availqty)::numeric)) > $2)","Planned Partitions": 0,"HashAgg Batches": 1,"Peak Memory Usage": 17937,"Disk Usage": 0,"Rows Removed by Filter": 27288,"Plans": [{"Node Type": "Nested Loop","Parent Relationship": "Outer","Parallel Aware": false,"Async Capable": false,"Join Type": "Inner","Startup Cost": 7.81,"Total Cost": 4194.26,"Plan Rows": 32000,"Plan Width": 14,"Actual Startup Time": 0.423,"Actual Total Time": 185.679,"Actual Rows": 30080,"Actual Loops": 1,"Inner Unique": false,"Plans": [{"Node Type": "Nested Loop","Parent Relationship": "Outer","Parallel Aware": false,"Async Capable": false,"Join Type": "Inner","Startup Cost": 7.38,"Total Cost": 244.58,"Plan Rows": 400,"Plan Width": 4,"Actual Startup Time": 0.359,"Actual Total Time": 2.922,"Actual Rows": 376,"Actual Loops": 1,"Inner Unique": false,"Plans": [{"Node Type": "Seq Scan","Parent Relationship": "Outer","Parallel Aware": false,"Async Capable": false,"Relation Name": "nation","Alias": "nation","Startup Cost": 0.00,"Total Cost": 1.31,"Plan Rows": 1,"Plan Width": 4,"Actual Startup Time": 0.084,"Actual Total Time": 0.113,"Actual Rows": 1,"Actual Loops": 1,"Filter": "(n_name = 'KENYA'::bpchar)","Rows Removed by Filter": 24},{"Node Type": "Bitmap Heap Scan","Parent Relationship": "Inner","Parallel Aware": false,"Async Capable": false,"Relation Name": "supplier","Alias": "supplier","Startup Cost": 7.38,"Total Cost": 239.27,"Plan Rows": 400,"Plan Width": 8,"Actual Startup Time": 0.263,"Actual Total Time": 2.758,"Actual Rows": 376,"Actual Loops": 1,"Recheck Cond": "(s_nationkey = nation.n_nationkey)","Rows Removed by Index Recheck": 0,"Exact Heap Blocks": 179,"Lossy Heap Blocks": 0,"Plans": [{"Node Type": "Bitmap Index Scan","Parent Relationship": "Outer","Parallel Aware": false,"Async Capable": false,"Index Name": "idx_supplier_nation_key","Startup Cost": 0.00,"Total Cost": 7.29,"Plan Rows": 400,"Plan Width": 0,"Actual Startup Time": 0.183,"Actual Total Time": 0.184,"Actual Rows": 376,"Actual Loops": 1,"Index Cond": "(s_nationkey = nation.n_nationkey)"}]}]},{"Node Type": "Index Scan","Parent Relationship": "Inner","Parallel Aware": false,"Async Capable": false,"Scan Direction": "Forward","Index Name": "idx_partsupp_suppkey","Relation Name": "partsupp","Alias": "partsupp","Startup Cost": 0.42,"Total Cost": 9.07,"Plan Rows": 80,"Plan Width": 18,"Actual Startup Time": 0.018,"Actual Total Time": 0.474,"Actual Rows": 80,"Actual Loops": 376,"Index Cond": "(ps_suppkey = supplier.s_suppkey)","Rows Removed by Index Recheck": 0}]}]}]},"Planning Time": 5.474,"Triggers": [],"Execution Time": 416.886}]
[{"Plan": {"Node Type": "Sort","Parallel Aware": false,"Async Capable": false,"Startup Cost": 10142.20,"Total Cost": 10168.87,"Plan Rows": 10667,"Plan Width": 36,"Actual Startup Time": 413.680,"Actual Total Time": 413.810,"Actual Rows": 1217,"Actual Loops": 1,"Sort Key": ["(sum((partsupp.ps_supplycost * (partsupp.ps_availqty)::numeric))) DESC"],"Sort Method": "quicksort","Sort Space Used": 115,"Sort Space Type": "Memory","Plans": [{"Node Type": "Aggregate","Strategy": "Plain","Partial Mode": "Simple","Parent Relationship": "InitPlan","Subplan Name": "InitPlan 1 (returns $2)","Parallel Aware": false,"Async Capable": false,"Startup Cost": 4434.26,"Total Cost": 4434.27,"Plan Rows": 1,"Plan Width": 32,"Actual Startup Time": 121.350,"Actual Total Time": 121.366,"Actual Rows": 1,"Actual Loops": 1,"Plans": [{"Node Type": "Nested Loop","Parent Relationship": "Outer","Parallel Aware": false,"Async Capable": false,"Join Type": "Inner","Startup Cost": 7.81,"Total Cost": 4194.26,"Plan Rows": 32000,"Plan Width": 10,"Actual Startup Time": 0.211,"Actual Total Time": 114.479,"Actual Rows": 30080,"Actual Loops": 1,"Inner Unique": false,"Plans": [{"Node Type": "Nested Loop","Parent Relationship": "Outer","Parallel Aware": false,"Async Capable": false,"Join Type": "Inner","Startup Cost": 7.38,"Total Cost": 244.58,"Plan Rows": 400,"Plan Width": 4,"Actual Startup Time": 0.161,"Actual Total Time": 1.670,"Actual Rows": 376,"Actual Loops": 1,"Inner Unique": false,"Plans": [{"Node Type": "Seq Scan","Parent Relationship": "Outer","Parallel Aware": false,"Async Capable": false,"Relation Name": "nation","Alias": "nation_1","Startup Cost": 0.00,"Total Cost": 1.31,"Plan Rows": 1,"Plan Width": 4,"Actual Startup Time": 0.026,"Actual Total Time": 0.039,"Actual Rows": 1,"Actual Loops": 1,"Filter": "(n_name = 'KENYA'::bpchar)","Rows Removed by Filter": 24},{"Node Type": "Bitmap Heap Scan","Parent Relationship": "Inner","Parallel Aware": false,"Async Capable": false,"Relation Name": "supplier","Alias": "supplier_1","Startup Cost": 7.38,"Total Cost": 239.27,"Plan Rows": 400,"Plan Width": 8,"Actual Startup Time": 0.113,"Actual Total Time": 1.571,"Actual Rows": 376,"Actual Loops": 1,"Recheck Cond": "(s_nationkey = nation_1.n_nationkey)","Rows Removed by Index Recheck": 0,"Exact Heap Blocks": 179,"Lossy Heap Blocks": 0,"Plans": [{"Node Type": "Bitmap Index Scan","Parent Relationship": "Outer","Parallel Aware": false,"Async Capable": false,"Index Name": "idx_supplier_nation_key","Startup Cost": 0.00,"Total Cost": 7.29,"Plan Rows": 400,"Plan Width": 0,"Actual Startup Time": 0.082,"Actual Total Time": 0.086,"Actual Rows": 376,"Actual Loops": 1,"Index Cond": "(s_nationkey = nation_1.n_nationkey)"}]}]},{"Node Type": "Index Scan","Parent Relationship": "Inner","Parallel Aware": false,"Async Capable": false,"Scan Direction": "Forward","Index Name": "idx_partsupp_suppkey","Relation Name": "partsupp","Alias": "partsupp_1","Startup Cost": 0.42,"Total Cost": 9.07,"Plan Rows": 80,"Plan Width": 14,"Actual Startup Time": 0.014,"Actual Total Time": 0.288,"Actual Rows": 80,"Actual Loops": 376,"Index Cond": "(ps_suppkey = supplier_1.s_suppkey)","Rows Removed by Index Recheck": 0}]}]},{"Node Type": "Aggregate","Strategy": "Hashed","Partial Mode": "Simple","Parent Relationship": "Outer","Parallel Aware": false,"Async Capable": false,"Startup Cost": 4514.26,"Total Cost": 4994.26,"Plan Rows": 10667,"Plan Width": 36,"Actual Startup Time": 346.893,"Actual Total Time": 413.082,"Actual Rows": 1217,"Actual Loops": 1,"Group Key": ["partsupp.ps_partkey"],"Filter": "(sum((partsupp.ps_supplycost * (partsupp.ps_availqty)::numeric)) > $2)","Planned Partitions": 0,"HashAgg Batches": 1,"Peak Memory Usage": 17937,"Disk Usage": 0,"Rows Removed by Filter": 27288,"Plans": [{"Node Type": "Nested Loop","Parent Relationship": "Outer","Parallel Aware": false,"Async Capable": false,"Join Type": "Inner","Startup Cost": 7.81,"Total Cost": 4194.26,"Plan Rows": 32000,"Plan Width": 14,"Actual Startup Time": 0.423,"Actual Total Time": 185.679,"Actual Rows": 30080,"Actual Loops": 1,"Inner Unique": false,"Plans": [{"Node Type": "Nested Loop","Parent Relationship": "Outer","Parallel Aware": false,"Async Capable": false,"Join Type": "Inner","Startup Cost": 7.38,"Total Cost": 244.58,"Plan Rows": 400,"Plan Width": 4,"Actual Startup Time": 0.359,"Actual Total Time": 2.922,"Actual Rows": 376,"Actual Loops": 1,"Inner Unique": false,"Plans": [{"Node Type": "Seq Scan","Parent Relationship": "Outer","Parallel Aware": false,"Async Capable": false,"Relation Name": "nation","Alias": "nation","Startup Cost": 0.00,"Total Cost": 1.31,"Plan Rows": 1,"Plan Width": 4,"Actual Startup Time": 0.084,"Actual Total Time": 0.113,"Actual Rows": 1,"Actual Loops": 1,"Filter": "(n_name = 'KENYA'::bpchar)","Rows Removed by Filter": 24},{"Node Type": "Bitmap Heap Scan","Parent Relationship": "Inner","Parallel Aware": false,"Async Capable": false,"Relation Name": "supplier","Alias": "supplier","Startup Cost": 7.38,"Total Cost": 239.27,"Plan Rows": 400,"Plan Width": 8,"Actual Startup Time": 0.263,"Actual Total Time": 2.758,"Actual Rows": 376,"Actual Loops": 1,"Recheck Cond": "(s_nationkey = nation.n_nationkey)","Rows Removed by Index Recheck": 0,"Exact Heap Blocks": 179,"Lossy Heap Blocks": 0,"Plans": [{"Node Type": "Bitmap Index Scan","Parent Relationship": "Outer","Parallel Aware": false,"Async Capable": false,"Index Name": "idx_supplier_nation_key","Startup Cost": 0.00,"Total Cost": 7.29,"Plan Rows": 400,"Plan Width": 0,"Actual Startup Time": 0.183,"Actual Total Time": 0.184,"Actual Rows": 376,"Actual Loops": 1,"Index Cond": "(s_nationkey = nation.n_nationkey)"}]}]},{"Node Type": "Index Scan","Parent Relationship": "Inner","Parallel Aware": false,"Async Capable": false,"Scan Direction": "Forward","Index Name": "idx_partsupp_suppkey","Relation Name": "partsupp","Alias": "partsupp","Startup Cost": 0.42,"Total Cost": 9.07,"Plan Rows": 80,"Plan Width": 18,"Actual Startup Time": 0.018,"Actual Total Time": 0.474,"Actual Rows": 80,"Actual Loops": 376,"Index Cond": "(ps_suppkey = supplier.s_suppkey)","Rows Removed by Index Recheck": 0}]}]}]},"Planning Time": 5.474,"Triggers": [],"Execution Time": 416.886}]
[{"Plan": {"Node Type": "Sort","Parallel Aware": false,"Async Capable": false,"Startup Cost": 10142.20,"Total Cost": 10168.87,"Plan Rows": 10667,"Plan Width": 36,"Actual Startup Time": 444.263,"Actual Total Time": 444.393,"Actual Rows": 839,"Actual Loops": 1,"Sort Key": ["(sum((partsupp.ps_supplycost * (partsupp.ps_availqty)::numeric))) DESC"],"Sort Method": "quicksort","Sort Space Used": 70,"Sort Space Type": "Memory","Plans": [{"Node Type": "Aggregate","Strategy": "Plain","Partial Mode": "Simple","Parent Relationship": "InitPlan","Subplan Name": "InitPlan 1 (returns $2)","Parallel Aware": false,"Async Capable": false,"Startup Cost": 4434.26,"Total Cost": 4434.27,"Plan Rows": 1,"Plan Width": 32,"Actual Startup Time": 130.704,"Actual Total Time": 130.725,"Actual Rows": 1,"Actual Loops": 1,"Plans": [{"Node Type": "Nested Loop","Parent Relationship": "Outer","Parallel Aware": false,"Async Capable": false,"Join Type": "Inner","Startup Cost": 7.81,"Total Cost": 4194.26,"Plan Rows": 32000,"Plan Width": 10,"Actual Startup Time": 0.144,"Actual Total Time": 123.234,"Actual Rows": 32880,"Actual Loops": 1,"Inner Unique": false,"Plans": [{"Node Type": "Nested Loop","Parent Relationship": "Outer","Parallel Aware": false,"Async Capable": false,"Join Type": "Inner","Startup Cost": 7.38,"Total Cost": 244.58,"Plan Rows": 400,"Plan Width": 4,"Actual Startup Time": 0.115,"Actual Total Time": 1.739,"Actual Rows": 411,"Actual Loops": 1,"Inner Unique": false,"Plans": [{"Node Type": "Seq Scan","Parent Relationship": "Outer","Parallel Aware": false,"Async Capable": false,"Relation Name": "nation","Alias": "nation_1","Startup Cost": 0.00,"Total Cost": 1.31,"Plan Rows": 1,"Plan Width": 4,"Actual Startup Time": 0.024,"Actual Total Time": 0.046,"Actual Rows": 1,"Actual Loops": 1,"Filter": "(n_name = 'SAUDI ARABIA'::bpchar)","Rows Removed by Filter": 24},{"Node Type": "Bitmap Heap Scan","Parent Relationship": "Inner","Parallel Aware": false,"Async Capable": false,"Relation Name": "supplier","Alias": "supplier_1","Startup Cost": 7.38,"Total Cost": 239.27,"Plan Rows": 400,"Plan Width": 8,"Actual Startup Time": 0.082,"Actual Total Time": 1.642,"Actual Rows": 411,"Actual Loops": 1,"Recheck Cond": "(s_nationkey = nation_1.n_nationkey)","Rows Removed by Index Recheck": 0,"Exact Heap Blocks": 182,"Lossy Heap Blocks": 0,"Plans": [{"Node Type": "Bitmap Index Scan","Parent Relationship": "Outer","Parallel Aware": false,"Async Capable": false,"Index Name": "idx_supplier_nation_key","Startup Cost": 0.00,"Total Cost": 7.29,"Plan Rows": 400,"Plan Width": 0,"Actual Startup Time": 0.049,"Actual Total Time": 0.055,"Actual Rows": 411,"Actual Loops": 1,"Index Cond": "(s_nationkey = nation_1.n_nationkey)"}]}]},{"Node Type": "Index Scan","Parent Relationship": "Inner","Parallel Aware": false,"Async Capable": false,"Scan Direction": "Forward","Index Name": "idx_partsupp_suppkey","Relation Name": "partsupp","Alias": "partsupp_1","Startup Cost": 0.42,"Total Cost": 9.07,"Plan Rows": 80,"Plan Width": 14,"Actual Startup Time": 0.014,"Actual Total Time": 0.283,"Actual Rows": 80,"Actual Loops": 411,"Index Cond": "(ps_suppkey = supplier_1.s_suppkey)","Rows Removed by Index Recheck": 0}]}]},{"Node Type": "Aggregate","Strategy": "Hashed","Partial Mode": "Simple","Parent Relationship": "Outer","Parallel Aware": false,"Async Capable": false,"Startup Cost": 4514.26,"Total Cost": 4994.26,"Plan Rows": 10667,"Plan Width": 36,"Actual Startup Time": 370.866,"Actual Total Time": 443.841,"Actual Rows": 839,"Actual Loops": 1,"Group Key": ["partsupp.ps_partkey"],"Filter": "(sum((partsupp.ps_supplycost * (partsupp.ps_availqty)::numeric)) > $2)","Planned Partitions": 0,"HashAgg Batches": 1,"Peak Memory Usage": 17937,"Disk Usage": 0,"Rows Removed by Filter": 30007,"Plans": [{"Node Type": "Nested Loop","Parent Relationship": "Outer","Parallel Aware": false,"Async Capable": false,"Join Type": "Inner","Startup Cost": 7.81,"Total Cost": 4194.26,"Plan Rows": 32000,"Plan Width": 14,"Actual Startup Time": 0.339,"Actual Total Time": 197.388,"Actual Rows": 32880,"Actual Loops": 1,"Inner Unique": false,"Plans": [{"Node Type": "Nested Loop","Parent Relationship": "Outer","Parallel Aware": false,"Async Capable": false,"Join Type": "Inner","Startup Cost": 7.38,"Total Cost": 244.58,"Plan Rows": 400,"Plan Width": 4,"Actual Startup Time": 0.236,"Actual Total Time": 2.786,"Actual Rows": 411,"Actual Loops": 1,"Inner Unique": false,"Plans": [{"Node Type": "Seq Scan","Parent Relationship": "Outer","Parallel Aware": false,"Async Capable": false,"Relation Name": "nation","Alias": "nation","Startup Cost": 0.00,"Total Cost": 1.31,"Plan Rows": 1,"Plan Width": 4,"Actual Startup Time": 0.067,"Actual Total Time": 0.078,"Actual Rows": 1,"Actual Loops": 1,"Filter": "(n_name = 'SAUDI ARABIA'::bpchar)","Rows Removed by Filter": 24},{"Node Type": "Bitmap Heap Scan","Parent Relationship": "Inner","Parallel Aware": false,"Async Capable": false,"Relation Name": "supplier","Alias": "supplier","Startup Cost": 7.38,"Total Cost": 239.27,"Plan Rows": 400,"Plan Width": 8,"Actual Startup Time": 0.164,"Actual Total Time": 2.651,"Actual Rows": 411,"Actual Loops": 1,"Recheck Cond": "(s_nationkey = nation.n_nationkey)","Rows Removed by Index Recheck": 0,"Exact Heap Blocks": 182,"Lossy Heap Blocks": 0,"Plans": [{"Node Type": "Bitmap Index Scan","Parent Relationship": "Outer","Parallel Aware": false,"Async Capable": false,"Index Name": "idx_supplier_nation_key","Startup Cost": 0.00,"Total Cost": 7.29,"Plan Rows": 400,"Plan Width": 0,"Actual Startup Time": 0.119,"Actual Total Time": 0.120,"Actual Rows": 411,"Actual Loops": 1,"Index Cond": "(s_nationkey = nation.n_nationkey)"}]}]},{"Node Type": "Index Scan","Parent Relationship": "Inner","Parallel Aware": false,"Async Capable": false,"Scan Direction": "Forward","Index Name": "idx_partsupp_suppkey","Relation Name": "partsupp","Alias": "partsupp","Startup Cost": 0.42,"Total Cost": 9.07,"Plan Rows": 80,"Plan Width": 18,"Actual Startup Time": 0.019,"Actual Total Time": 0.462,"Actual Rows": 80,"Actual Loops": 411,"Index Cond": "(ps_suppkey = supplier.s_suppkey)","Rows Removed by Index Recheck": 0}]}]}]},"Planning Time": 5.661,"Triggers": [],"Execution Time": 447.485}]
[{"Plan": {"Node Type": "Sort","Parallel Aware": false,"Async Capable": false,"Startup Cost": 10142.20,"Total Cost": 10168.87,"Plan Rows": 10667,"Plan Width": 36,"Actual Startup Time": 455.847,"Actual Total Time": 455.976,"Actual Rows": 819,"Actual Loops": 1,"Sort Key": ["(sum((partsupp.ps_supplycost * (partsupp.ps_availqty)::numeric))) DESC"],"Sort Method": "quicksort","Sort Space Used": 69,"Sort Space Type": "Memory","Plans": [{"Node Type": "Aggregate","Strategy": "Plain","Partial Mode": "Simple","Parent Relationship": "InitPlan","Subplan Name": "InitPlan 1 (returns $2)","Parallel Aware": false,"Async Capable": false,"Startup Cost": 4434.26,"Total Cost": 4434.27,"Plan Rows": 1,"Plan Width": 32,"Actual Startup Time": 134.080,"Actual Total Time": 134.102,"Actual Rows": 1,"Actual Loops": 1,"Plans": [{"Node Type": "Nested Loop","Parent Relationship": "Outer","Parallel Aware": false,"Async Capable": false,"Join Type": "Inner","Startup Cost": 7.81,"Total Cost": 4194.26,"Plan Rows": 32000,"Plan Width": 10,"Actual Startup Time": 0.218,"Actual Total Time": 126.423,"Actual Rows": 32960,"Actual Loops": 1,"Inner Unique": false,"Plans": [{"Node Type": "Nested Loop","Parent Relationship": "Outer","Parallel Aware": false,"Async Capable": false,"Join Type": "Inner","Startup Cost": 7.38,"Total Cost": 244.58,"Plan Rows": 400,"Plan Width": 4,"Actual Startup Time": 0.177,"Actual Total Time": 1.887,"Actual Rows": 412,"Actual Loops": 1,"Inner Unique": false,"Plans": [{"Node Type": "Seq Scan","Parent Relationship": "Outer","Parallel Aware": false,"Async Capable": false,"Relation Name": "nation","Alias": "nation_1","Startup Cost": 0.00,"Total Cost": 1.31,"Plan Rows": 1,"Plan Width": 4,"Actual Startup Time": 0.040,"Actual Total Time": 0.063,"Actual Rows": 1,"Actual Loops": 1,"Filter": "(n_name = 'CANADA'::bpchar)","Rows Removed by Filter": 24},{"Node Type": "Bitmap Heap Scan","Parent Relationship": "Inner","Parallel Aware": false,"Async Capable": false,"Relation Name": "supplier","Alias": "supplier_1","Startup Cost": 7.38,"Total Cost": 239.27,"Plan Rows": 400,"Plan Width": 8,"Actual Startup Time": 0.119,"Actual Total Time": 1.753,"Actual Rows": 412,"Actual Loops": 1,"Recheck Cond": "(s_nationkey = nation_1.n_nationkey)","Rows Removed by Index Recheck": 0,"Exact Heap Blocks": 189,"Lossy Heap Blocks": 0,"Plans": [{"Node Type": "Bitmap Index Scan","Parent Relationship": "Outer","Parallel Aware": false,"Async Capable": false,"Index Name": "idx_supplier_nation_key","Startup Cost": 0.00,"Total Cost": 7.29,"Plan Rows": 400,"Plan Width": 0,"Actual Startup Time": 0.074,"Actual Total Time": 0.083,"Actual Rows": 412,"Actual Loops": 1,"Index Cond": "(s_nationkey = nation_1.n_nationkey)"}]}]},{"Node Type": "Index Scan","Parent Relationship": "Inner","Parallel Aware": false,"Async Capable": false,"Scan Direction": "Forward","Index Name": "idx_partsupp_suppkey","Relation Name": "partsupp","Alias": "partsupp_1","Startup Cost": 0.42,"Total Cost": 9.07,"Plan Rows": 80,"Plan Width": 14,"Actual Startup Time": 0.014,"Actual Total Time": 0.290,"Actual Rows": 80,"Actual Loops": 412,"Index Cond": "(ps_suppkey = supplier_1.s_suppkey)","Rows Removed by Index Recheck": 0}]}]},{"Node Type": "Aggregate","Strategy": "Hashed","Partial Mode": "Simple","Parent Relationship": "Outer","Parallel Aware": false,"Async Capable": false,"Startup Cost": 4514.26,"Total Cost": 4994.26,"Plan Rows": 10667,"Plan Width": 36,"Actual Startup Time": 380.948,"Actual Total Time": 455.394,"Actual Rows": 819,"Actual Loops": 1,"Group Key": ["partsupp.ps_partkey"],"Filter": "(sum((partsupp.ps_supplycost * (partsupp.ps_availqty)::numeric)) > $2)","Planned Partitions": 0,"HashAgg Batches": 1,"Peak Memory Usage": 17937,"Disk Usage": 0,"Rows Removed by Filter": 30166,"Plans": [{"Node Type": "Nested Loop","Parent Relationship": "Outer","Parallel Aware": false,"Async Capable": false,"Join Type": "Inner","Startup Cost": 7.81,"Total Cost": 4194.26,"Plan Rows": 32000,"Plan Width": 14,"Actual Startup Time": 0.343,"Actual Total Time": 202.198,"Actual Rows": 32960,"Actual Loops": 1,"Inner Unique": false,"Plans": [{"Node Type": "Nested Loop","Parent Relationship": "Outer","Parallel Aware": false,"Async Capable": false,"Join Type": "Inner","Startup Cost": 7.38,"Total Cost": 244.58,"Plan Rows": 400,"Plan Width": 4,"Actual Startup Time": 0.272,"Actual Total Time": 2.740,"Actual Rows": 412,"Actual Loops": 1,"Inner Unique": false,"Plans": [{"Node Type": "Seq Scan","Parent Relationship": "Outer","Parallel Aware": false,"Async Capable": false,"Relation Name": "nation","Alias": "nation","Startup Cost": 0.00,"Total Cost": 1.31,"Plan Rows": 1,"Plan Width": 4,"Actual Startup Time": 0.064,"Actual Total Time": 0.078,"Actual Rows": 1,"Actual Loops": 1,"Filter": "(n_name = 'CANADA'::bpchar)","Rows Removed by Filter": 24},{"Node Type": "Bitmap Heap Scan","Parent Relationship": "Inner","Parallel Aware": false,"Async Capable": false,"Relation Name": "supplier","Alias": "supplier","Startup Cost": 7.38,"Total Cost": 239.27,"Plan Rows": 400,"Plan Width": 8,"Actual Startup Time": 0.203,"Actual Total Time": 2.610,"Actual Rows": 412,"Actual Loops": 1,"Recheck Cond": "(s_nationkey = nation.n_nationkey)","Rows Removed by Index Recheck": 0,"Exact Heap Blocks": 189,"Lossy Heap Blocks": 0,"Plans": [{"Node Type": "Bitmap Index Scan","Parent Relationship": "Outer","Parallel Aware": false,"Async Capable": false,"Index Name": "idx_supplier_nation_key","Startup Cost": 0.00,"Total Cost": 7.29,"Plan Rows": 400,"Plan Width": 0,"Actual Startup Time": 0.140,"Actual Total Time": 0.142,"Actual Rows": 412,"Actual Loops": 1,"Index Cond": "(s_nationkey = nation.n_nationkey)"}]}]},{"Node Type": "Index Scan","Parent Relationship": "Inner","Parallel Aware": false,"Async Capable": false,"Scan Direction": "Forward","Index Name": "idx_partsupp_suppkey","Relation Name": "partsupp","Alias": "partsupp","Startup Cost": 0.42,"Total Cost": 9.07,"Plan Rows": 80,"Plan Width": 18,"Actual Startup Time": 0.019,"Actual Total Time": 0.472,"Actual Rows": 80,"Actual Loops": 412,"Index Cond": "(ps_suppkey = supplier.s_suppkey)","Rows Removed by Index Recheck": 0}]}]}]},"Planning Time": 7.565,"Triggers": [],"Execution Time": 459.165}]
[{"Plan": {"Node Type": "Sort","Parallel Aware": false,"Async Capable": false,"Startup Cost": 10142.20,"Total Cost": 10168.87,"Plan Rows": 10667,"Plan Width": 36,"Actual Startup Time": 427.262,"Actual Total Time": 427.423,"Actual Rows": 1241,"Actual Loops": 1,"Sort Key": ["(sum((partsupp.ps_supplycost * (partsupp.ps_availqty)::numeric))) DESC"],"Sort Method": "quicksort","Sort Space Used": 116,"Sort Space Type": "Memory","Plans": [{"Node Type": "Aggregate","Strategy": "Plain","Partial Mode": "Simple","Parent Relationship": "InitPlan","Subplan Name": "InitPlan 1 (returns $2)","Parallel Aware": false,"Async Capable": false,"Startup Cost": 4434.26,"Total Cost": 4434.27,"Plan Rows": 1,"Plan Width": 32,"Actual Startup Time": 127.406,"Actual Total Time": 127.426,"Actual Rows": 1,"Actual Loops": 1,"Plans": [{"Node Type": "Nested Loop","Parent Relationship": "Outer","Parallel Aware": false,"Async Capable": false,"Join Type": "Inner","Startup Cost": 7.81,"Total Cost": 4194.26,"Plan Rows": 32000,"Plan Width": 10,"Actual Startup Time": 0.226,"Actual Total Time": 120.281,"Actual Rows": 30400,"Actual Loops": 1,"Inner Unique": false,"Plans": [{"Node Type": "Nested Loop","Parent Relationship": "Outer","Parallel Aware": false,"Async Capable": false,"Join Type": "Inner","Startup Cost": 7.38,"Total Cost": 244.58,"Plan Rows": 400,"Plan Width": 4,"Actual Startup Time": 0.174,"Actual Total Time": 1.741,"Actual Rows": 380,"Actual Loops": 1,"Inner Unique": false,"Plans": [{"Node Type": "Seq Scan","Parent Relationship": "Outer","Parallel Aware": false,"Async Capable": false,"Relation Name": "nation","Alias": "nation_1","Startup Cost": 0.00,"Total Cost": 1.31,"Plan Rows": 1,"Plan Width": 4,"Actual Startup Time": 0.028,"Actual Total Time": 0.042,"Actual Rows": 1,"Actual Loops": 1,"Filter": "(n_name = 'ETHIOPIA'::bpchar)","Rows Removed by Filter": 24},{"Node Type": "Bitmap Heap Scan","Parent Relationship": "Inner","Parallel Aware": false,"Async Capable": false,"Relation Name": "supplier","Alias": "supplier_1","Startup Cost": 7.38,"Total Cost": 239.27,"Plan Rows": 400,"Plan Width": 8,"Actual Startup Time": 0.130,"Actual Total Time": 1.641,"Actual Rows": 380,"Actual Loops": 1,"Recheck Cond": "(s_nationkey = nation_1.n_nationkey)","Rows Removed by Index Recheck": 0,"Exact Heap Blocks": 192,"Lossy Heap Blocks": 0,"Plans": [{"Node Type": "Bitmap Index Scan","Parent Relationship": "Outer","Parallel Aware": false,"Async Capable": false,"Index Name": "idx_supplier_nation_key","Startup Cost": 0.00,"Total Cost": 7.29,"Plan Rows": 400,"Plan Width": 0,"Actual Startup Time": 0.089,"Actual Total Time": 0.091,"Actual Rows": 380,"Actual Loops": 1,"Index Cond": "(s_nationkey = nation_1.n_nationkey)"}]}]},{"Node Type": "Index Scan","Parent Relationship": "Inner","Parallel Aware": false,"Async Capable": false,"Scan Direction": "Forward","Index Name": "idx_partsupp_suppkey","Relation Name": "partsupp","Alias": "partsupp_1","Startup Cost": 0.42,"Total Cost": 9.07,"Plan Rows": 80,"Plan Width": 14,"Actual Startup Time": 0.015,"Actual Total Time": 0.299,"Actual Rows": 80,"Actual Loops": 380,"Index Cond": "(ps_suppkey = supplier_1.s_suppkey)","Rows Removed by Index Recheck": 0}]}]},{"Node Type": "Aggregate","Strategy": "Hashed","Partial Mode": "Simple","Parent Relationship": "Outer","Parallel Aware": false,"Async Capable": false,"Startup Cost": 4514.26,"Total Cost": 4994.26,"Plan Rows": 10667,"Plan Width": 36,"Actual Startup Time": 359.706,"Actual Total Time": 426.732,"Actual Rows": 1241,"Actual Loops": 1,"Group Key": ["partsupp.ps_partkey"],"Filter": "(sum((partsupp.ps_supplycost * (partsupp.ps_availqty)::numeric)) > $2)","Planned Partitions": 0,"HashAgg Batches": 1,"Peak Memory Usage": 17937,"Disk Usage": 0,"Rows Removed by Filter": 27374,"Plans": [{"Node Type": "Nested Loop","Parent Relationship": "Outer","Parallel Aware": false,"Async Capable": false,"Join Type": "Inner","Startup Cost": 7.81,"Total Cost": 4194.26,"Plan Rows": 32000,"Plan Width": 14,"Actual Startup Time": 0.377,"Actual Total Time": 187.744,"Actual Rows": 30400,"Actual Loops": 1,"Inner Unique": false,"Plans": [{"Node Type": "Nested Loop","Parent Relationship": "Outer","Parallel Aware": false,"Async Capable": false,"Join Type": "Inner","Startup Cost": 7.38,"Total Cost": 244.58,"Plan Rows": 400,"Plan Width": 4,"Actual Startup Time": 0.305,"Actual Total Time": 2.864,"Actual Rows": 380,"Actual Loops": 1,"Inner Unique": false,"Plans": [{"Node Type": "Seq Scan","Parent Relationship": "Outer","Parallel Aware": false,"Async Capable": false,"Relation Name": "nation","Alias": "nation","Startup Cost": 0.00,"Total Cost": 1.31,"Plan Rows": 1,"Plan Width": 4,"Actual Startup Time": 0.073,"Actual Total Time": 0.091,"Actual Rows": 1,"Actual Loops": 1,"Filter": "(n_name = 'ETHIOPIA'::bpchar)","Rows Removed by Filter": 24},{"Node Type": "Bitmap Heap Scan","Parent Relationship": "Inner","Parallel Aware": false,"Async Capable": false,"Relation Name": "supplier","Alias": "supplier","Startup Cost": 7.38,"Total Cost": 239.27,"Plan Rows": 400,"Plan Width": 8,"Actual Startup Time": 0.228,"Actual Total Time": 2.728,"Actual Rows": 380,"Actual Loops": 1,"Recheck Cond": "(s_nationkey = nation.n_nationkey)","Rows Removed by Index Recheck": 0,"Exact Heap Blocks": 192,"Lossy Heap Blocks": 0,"Plans": [{"Node Type": "Bitmap Index Scan","Parent Relationship": "Outer","Parallel Aware": false,"Async Capable": false,"Index Name": "idx_supplier_nation_key","Startup Cost": 0.00,"Total Cost": 7.29,"Plan Rows": 400,"Plan Width": 0,"Actual Startup Time": 0.146,"Actual Total Time": 0.146,"Actual Rows": 380,"Actual Loops": 1,"Index Cond": "(s_nationkey = nation.n_nationkey)"}]}]},{"Node Type": "Index Scan","Parent Relationship": "Inner","Parallel Aware": false,"Async Capable": false,"Scan Direction": "Forward","Index Name": "idx_partsupp_suppkey","Relation Name": "partsupp","Alias": "partsupp","Startup Cost": 0.42,"Total Cost": 9.07,"Plan Rows": 80,"Plan Width": 18,"Actual Startup Time": 0.020,"Actual Total Time": 0.475,"Actual Rows": 80,"Actual Loops": 380,"Index Cond": "(ps_suppkey = supplier.s_suppkey)","Rows Removed by Index Recheck": 0}]}]}]},"Planning Time": 7.180,"Triggers": [],"Execution Time": 429.797}]
[{"Plan": {"Node Type": "Sort","Parallel Aware": false,"Async Capable": false,"Startup Cost": 10142.20,"Total Cost": 10168.87,"Plan Rows": 10667,"Plan Width": 36,"Actual Startup Time": 400.788,"Actual Total Time": 400.942,"Actual Rows": 1469,"Actual Loops": 1,"Sort Key": ["(sum((partsupp.ps_supplycost * (partsupp.ps_availqty)::numeric))) DESC"],"Sort Method": "quicksort","Sort Space Used": 129,"Sort Space Type": "Memory","Plans": [{"Node Type": "Aggregate","Strategy": "Plain","Partial Mode": "Simple","Parent Relationship": "InitPlan","Subplan Name": "InitPlan 1 (returns $2)","Parallel Aware": false,"Async Capable": false,"Startup Cost": 4434.26,"Total Cost": 4434.27,"Plan Rows": 1,"Plan Width": 32,"Actual Startup Time": 117.250,"Actual Total Time": 117.272,"Actual Rows": 1,"Actual Loops": 1,"Plans": [{"Node Type": "Nested Loop","Parent Relationship": "Outer","Parallel Aware": false,"Async Capable": false,"Join Type": "Inner","Startup Cost": 7.81,"Total Cost": 4194.26,"Plan Rows": 32000,"Plan Width": 10,"Actual Startup Time": 0.216,"Actual Total Time": 110.575,"Actual Rows": 28960,"Actual Loops": 1,"Inner Unique": false,"Plans": [{"Node Type": "Nested Loop","Parent Relationship": "Outer","Parallel Aware": false,"Async Capable": false,"Join Type": "Inner","Startup Cost": 7.38,"Total Cost": 244.58,"Plan Rows": 400,"Plan Width": 4,"Actual Startup Time": 0.161,"Actual Total Time": 1.515,"Actual Rows": 362,"Actual Loops": 1,"Inner Unique": false,"Plans": [{"Node Type": "Seq Scan","Parent Relationship": "Outer","Parallel Aware": false,"Async Capable": false,"Relation Name": "nation","Alias": "nation_1","Startup Cost": 0.00,"Total Cost": 1.31,"Plan Rows": 1,"Plan Width": 4,"Actual Startup Time": 0.032,"Actual Total Time": 0.051,"Actual Rows": 1,"Actual Loops": 1,"Filter": "(n_name = 'JORDAN'::bpchar)","Rows Removed by Filter": 24},{"Node Type": "Bitmap Heap Scan","Parent Relationship": "Inner","Parallel Aware": false,"Async Capable": false,"Relation Name": "supplier","Alias": "supplier_1","Startup Cost": 7.38,"Total Cost": 239.27,"Plan Rows": 400,"Plan Width": 8,"Actual Startup Time": 0.117,"Actual Total Time": 1.415,"Actual Rows": 362,"Actual Loops": 1,"Recheck Cond": "(s_nationkey = nation_1.n_nationkey)","Rows Removed by Index Recheck": 0,"Exact Heap Blocks": 166,"Lossy Heap Blocks": 0,"Plans": [{"Node Type": "Bitmap Index Scan","Parent Relationship": "Outer","Parallel Aware": false,"Async Capable": false,"Index Name": "idx_supplier_nation_key","Startup Cost": 0.00,"Total Cost": 7.29,"Plan Rows": 400,"Plan Width": 0,"Actual Startup Time": 0.075,"Actual Total Time": 0.079,"Actual Rows": 362,"Actual Loops": 1,"Index Cond": "(s_nationkey = nation_1.n_nationkey)"}]}]},{"Node Type": "Index Scan","Parent Relationship": "Inner","Parallel Aware": false,"Async Capable": false,"Scan Direction": "Forward","Index Name": "idx_partsupp_suppkey","Relation Name": "partsupp","Alias": "partsupp_1","Startup Cost": 0.42,"Total Cost": 9.07,"Plan Rows": 80,"Plan Width": 14,"Actual Startup Time": 0.014,"Actual Total Time": 0.289,"Actual Rows": 80,"Actual Loops": 362,"Index Cond": "(ps_suppkey = supplier_1.s_suppkey)","Rows Removed by Index Recheck": 0}]}]},{"Node Type": "Aggregate","Strategy": "Hashed","Partial Mode": "Simple","Parent Relationship": "Outer","Parallel Aware": false,"Async Capable": false,"Startup Cost": 4514.26,"Total Cost": 4994.26,"Plan Rows": 10667,"Plan Width": 36,"Actual Startup Time": 338.606,"Actual Total Time": 400.138,"Actual Rows": 1469,"Actual Loops": 1,"Group Key": ["partsupp.ps_partkey"],"Filter": "(sum((partsupp.ps_supplycost * (partsupp.ps_availqty)::numeric)) > $2)","Planned Partitions": 0,"HashAgg Batches": 1,"Peak Memory Usage": 17937,"Disk Usage": 0,"Rows Removed by Filter": 25896,"Plans": [{"Node Type": "Nested Loop","Parent Relationship": "Outer","Parallel Aware": false,"Async Capable": false,"Join Type": "Inner","Startup Cost": 7.81,"Total Cost": 4194.26,"Plan Rows": 32000,"Plan Width": 14,"Actual Startup Time": 0.314,"Actual Total Time": 181.118,"Actual Rows": 28960,"Actual Loops": 1,"Inner Unique": false,"Plans": [{"Node Type": "Nested Loop","Parent Relationship": "Outer","Parallel Aware": false,"Async Capable": false,"Join Type": "Inner","Startup Cost": 7.38,"Total Cost": 244.58,"Plan Rows": 400,"Plan Width": 4,"Actual Startup Time": 0.258,"Actual Total Time": 2.692,"Actual Rows": 362,"Actual Loops": 1,"Inner Unique": false,"Plans": [{"Node Type": "Seq Scan","Parent Relationship": "Outer","Parallel Aware": false,"Async Capable": false,"Relation Name": "nation","Alias": "nation","Startup Cost": 0.00,"Total Cost": 1.31,"Plan Rows": 1,"Plan Width": 4,"Actual Startup Time": 0.077,"Actual Total Time": 0.107,"Actual Rows": 1,"Actual Loops": 1,"Filter": "(n_name = 'JORDAN'::bpchar)","Rows Removed by Filter": 24},{"Node Type": "Bitmap Heap Scan","Parent Relationship": "Inner","Parallel Aware": false,"Async Capable": false,"Relation Name": "supplier","Alias": "supplier","Startup Cost": 7.38,"Total Cost": 239.27,"Plan Rows": 400,"Plan Width": 8,"Actual Startup Time": 0.172,"Actual Total Time": 2.539,"Actual Rows": 362,"Actual Loops": 1,"Recheck Cond": "(s_nationkey = nation.n_nationkey)","Rows Removed by Index Recheck": 0,"Exact Heap Blocks": 166,"Lossy Heap Blocks": 0,"Plans": [{"Node Type": "Bitmap Index Scan","Parent Relationship": "Outer","Parallel Aware": false,"Async Capable": false,"Index Name": "idx_supplier_nation_key","Startup Cost": 0.00,"Total Cost": 7.29,"Plan Rows": 400,"Plan Width": 0,"Actual Startup Time": 0.117,"Actual Total Time": 0.118,"Actual Rows": 362,"Actual Loops": 1,"Index Cond": "(s_nationkey = nation.n_nationkey)"}]}]},{"Node Type": "Index Scan","Parent Relationship": "Inner","Parallel Aware": false,"Async Capable": false,"Scan Direction": "Forward","Index Name": "idx_partsupp_suppkey","Relation Name": "partsupp","Alias": "partsupp","Startup Cost": 0.42,"Total Cost": 9.07,"Plan Rows": 80,"Plan Width": 18,"Actual Startup Time": 0.019,"Actual Total Time": 0.481,"Actual Rows": 80,"Actual Loops": 362,"Index Cond": "(ps_suppkey = supplier.s_suppkey)","Rows Removed by Index Recheck": 0}]}]}]},"Planning Time": 6.843,"Triggers": [],"Execution Time": 403.999}]
[{"Plan": {"Node Type": "Sort","Parallel Aware": false,"Async Capable": false,"Startup Cost": 10142.20,"Total Cost": 10168.87,"Plan Rows": 10667,"Plan Width": 36,"Actual Startup Time": 460.124,"Actual Total Time": 460.279,"Actual Rows": 753,"Actual Loops": 1,"Sort Key": ["(sum((partsupp.ps_supplycost * (partsupp.ps_availqty)::numeric))) DESC"],"Sort Method": "quicksort","Sort Space Used": 66,"Sort Space Type": "Memory","Plans": [{"Node Type": "Aggregate","Strategy": "Plain","Partial Mode": "Simple","Parent Relationship": "InitPlan","Subplan Name": "InitPlan 1 (returns $2)","Parallel Aware": false,"Async Capable": false,"Startup Cost": 4434.26,"Total Cost": 4434.27,"Plan Rows": 1,"Plan Width": 32,"Actual Startup Time": 134.377,"Actual Total Time": 134.409,"Actual Rows": 1,"Actual Loops": 1,"Plans": [{"Node Type": "Nested Loop","Parent Relationship": "Outer","Parallel Aware": false,"Async Capable": false,"Join Type": "Inner","Startup Cost": 7.81,"Total Cost": 4194.26,"Plan Rows": 32000,"Plan Width": 10,"Actual Startup Time": 0.237,"Actual Total Time": 126.748,"Actual Rows": 33200,"Actual Loops": 1,"Inner Unique": false,"Plans": [{"Node Type": "Nested Loop","Parent Relationship": "Outer","Parallel Aware": false,"Async Capable": false,"Join Type": "Inner","Startup Cost": 7.38,"Total Cost": 244.58,"Plan Rows": 400,"Plan Width": 4,"Actual Startup Time": 0.181,"Actual Total Time": 1.854,"Actual Rows": 415,"Actual Loops": 1,"Inner Unique": false,"Plans": [{"Node Type": "Seq Scan","Parent Relationship": "Outer","Parallel Aware": false,"Async Capable": false,"Relation Name": "nation","Alias": "nation_1","Startup Cost": 0.00,"Total Cost": 1.31,"Plan Rows": 1,"Plan Width": 4,"Actual Startup Time": 0.049,"Actual Total Time": 0.067,"Actual Rows": 1,"Actual Loops": 1,"Filter": "(n_name = 'INDIA'::bpchar)","Rows Removed by Filter": 24},{"Node Type": "Bitmap Heap Scan","Parent Relationship": "Inner","Parallel Aware": false,"Async Capable": false,"Relation Name": "supplier","Alias": "supplier_1","Startup Cost": 7.38,"Total Cost": 239.27,"Plan Rows": 400,"Plan Width": 8,"Actual Startup Time": 0.112,"Actual Total Time": 1.723,"Actual Rows": 415,"Actual Loops": 1,"Recheck Cond": "(s_nationkey = nation_1.n_nationkey)","Rows Removed by Index Recheck": 0,"Exact Heap Blocks": 186,"Lossy Heap Blocks": 0,"Plans": [{"Node Type": "Bitmap Index Scan","Parent Relationship": "Outer","Parallel Aware": false,"Async Capable": false,"Index Name": "idx_supplier_nation_key","Startup Cost": 0.00,"Total Cost": 7.29,"Plan Rows": 400,"Plan Width": 0,"Actual Startup Time": 0.076,"Actual Total Time": 0.083,"Actual Rows": 415,"Actual Loops": 1,"Index Cond": "(s_nationkey = nation_1.n_nationkey)"}]}]},{"Node Type": "Index Scan","Parent Relationship": "Inner","Parallel Aware": false,"Async Capable": false,"Scan Direction": "Forward","Index Name": "idx_partsupp_suppkey","Relation Name": "partsupp","Alias": "partsupp_1","Startup Cost": 0.42,"Total Cost": 9.07,"Plan Rows": 80,"Plan Width": 14,"Actual Startup Time": 0.014,"Actual Total Time": 0.289,"Actual Rows": 80,"Actual Loops": 415,"Index Cond": "(ps_suppkey = supplier_1.s_suppkey)","Rows Removed by Index Recheck": 0}]}]},{"Node Type": "Aggregate","Strategy": "Hashed","Partial Mode": "Simple","Parent Relationship": "Outer","Parallel Aware": false,"Async Capable": false,"Startup Cost": 4514.26,"Total Cost": 4994.26,"Plan Rows": 10667,"Plan Width": 36,"Actual Startup Time": 384.255,"Actual Total Time": 459.696,"Actual Rows": 753,"Actual Loops": 1,"Group Key": ["partsupp.ps_partkey"],"Filter": "(sum((partsupp.ps_supplycost * (partsupp.ps_availqty)::numeric)) > $2)","Planned Partitions": 0,"HashAgg Batches": 1,"Peak Memory Usage": 17937,"Disk Usage": 0,"Rows Removed by Filter": 30329,"Plans": [{"Node Type": "Nested Loop","Parent Relationship": "Outer","Parallel Aware": false,"Async Capable": false,"Join Type": "Inner","Startup Cost": 7.81,"Total Cost": 4194.26,"Plan Rows": 32000,"Plan Width": 14,"Actual Startup Time": 0.331,"Actual Total Time": 205.215,"Actual Rows": 33200,"Actual Loops": 1,"Inner Unique": false,"Plans": [{"Node Type": "Nested Loop","Parent Relationship": "Outer","Parallel Aware": false,"Async Capable": false,"Join Type": "Inner","Startup Cost": 7.38,"Total Cost": 244.58,"Plan Rows": 400,"Plan Width": 4,"Actual Startup Time": 0.285,"Actual Total Time": 2.795,"Actual Rows": 415,"Actual Loops": 1,"Inner Unique": false,"Plans": [{"Node Type": "Seq Scan","Parent Relationship": "Outer","Parallel Aware": false,"Async Capable": false,"Relation Name": "nation","Alias": "nation","Startup Cost": 0.00,"Total Cost": 1.31,"Plan Rows": 1,"Plan Width": 4,"Actual Startup Time": 0.073,"Actual Total Time": 0.100,"Actual Rows": 1,"Actual Loops": 1,"Filter": "(n_name = 'INDIA'::bpchar)","Rows Removed by Filter": 24},{"Node Type": "Bitmap Heap Scan","Parent Relationship": "Inner","Parallel Aware": false,"Async Capable": false,"Relation Name": "supplier","Alias": "supplier","Startup Cost": 7.38,"Total Cost": 239.27,"Plan Rows": 400,"Plan Width": 8,"Actual Startup Time": 0.206,"Actual Total Time": 2.634,"Actual Rows": 415,"Actual Loops": 1,"Recheck Cond": "(s_nationkey = nation.n_nationkey)","Rows Removed by Index Recheck": 0,"Exact Heap Blocks": 186,"Lossy Heap Blocks": 0,"Plans": [{"Node Type": "Bitmap Index Scan","Parent Relationship": "Outer","Parallel Aware": false,"Async Capable": false,"Index Name": "idx_supplier_nation_key","Startup Cost": 0.00,"Total Cost": 7.29,"Plan Rows": 400,"Plan Width": 0,"Actual Startup Time": 0.132,"Actual Total Time": 0.135,"Actual Rows": 415,"Actual Loops": 1,"Index Cond": "(s_nationkey = nation.n_nationkey)"}]}]},{"Node Type": "Index Scan","Parent Relationship": "Inner","Parallel Aware": false,"Async Capable": false,"Scan Direction": "Forward","Index Name": "idx_partsupp_suppkey","Relation Name": "partsupp","Alias": "partsupp","Startup Cost": 0.42,"Total Cost": 9.07,"Plan Rows": 80,"Plan Width": 18,"Actual Startup Time": 0.019,"Actual Total Time": 0.476,"Actual Rows": 80,"Actual Loops": 415,"Index Cond": "(ps_suppkey = supplier.s_suppkey)","Rows Removed by Index Recheck": 0}]}]}]},"Planning Time": 5.856,"Triggers": [],"Execution Time": 463.781}]
[{"Plan": {"Node Type": "Sort","Parallel Aware": false,"Async Capable": false,"Startup Cost": 10142.20,"Total Cost": 10168.87,"Plan Rows": 10667,"Plan Width": 36,"Actual Startup Time": 448.636,"Actual Total Time": 448.779,"Actual Rows": 979,"Actual Loops": 1,"Sort Key": ["(sum((partsupp.ps_supplycost * (partsupp.ps_availqty)::numeric))) DESC"],"Sort Method": "quicksort","Sort Space Used": 78,"Sort Space Type": "Memory","Plans": [{"Node Type": "Aggregate","Strategy": "Plain","Partial Mode": "Simple","Parent Relationship": "InitPlan","Subplan Name": "InitPlan 1 (returns $2)","Parallel Aware": false,"Async Capable": false,"Startup Cost": 4434.26,"Total Cost": 4434.27,"Plan Rows": 1,"Plan Width": 32,"Actual Startup Time": 130.424,"Actual Total Time": 130.461,"Actual Rows": 1,"Actual Loops": 1,"Plans": [{"Node Type": "Nested Loop","Parent Relationship": "Outer","Parallel Aware": false,"Async Capable": false,"Join Type": "Inner","Startup Cost": 7.81,"Total Cost": 4194.26,"Plan Rows": 32000,"Plan Width": 10,"Actual Startup Time": 0.191,"Actual Total Time": 123.113,"Actual Rows": 31920,"Actual Loops": 1,"Inner Unique": false,"Plans": [{"Node Type": "Nested Loop","Parent Relationship": "Outer","Parallel Aware": false,"Async Capable": false,"Join Type": "Inner","Startup Cost": 7.38,"Total Cost": 244.58,"Plan Rows": 400,"Plan Width": 4,"Actual Startup Time": 0.152,"Actual Total Time": 1.823,"Actual Rows": 399,"Actual Loops": 1,"Inner Unique": false,"Plans": [{"Node Type": "Seq Scan","Parent Relationship": "Outer","Parallel Aware": false,"Async Capable": false,"Relation Name": "nation","Alias": "nation_1","Startup Cost": 0.00,"Total Cost": 1.31,"Plan Rows": 1,"Plan Width": 4,"Actual Startup Time": 0.042,"Actual Total Time": 0.060,"Actual Rows": 1,"Actual Loops": 1,"Filter": "(n_name = 'VIETNAM'::bpchar)","Rows Removed by Filter": 24},{"Node Type": "Bitmap Heap Scan","Parent Relationship": "Inner","Parallel Aware": false,"Async Capable": false,"Relation Name": "supplier","Alias": "supplier_1","Startup Cost": 7.38,"Total Cost": 239.27,"Plan Rows": 400,"Plan Width": 8,"Actual Startup Time": 0.095,"Actual Total Time": 1.696,"Actual Rows": 399,"Actual Loops": 1,"Recheck Cond": "(s_nationkey = nation_1.n_nationkey)","Rows Removed by Index Recheck": 0,"Exact Heap Blocks": 191,"Lossy Heap Blocks": 0,"Plans": [{"Node Type": "Bitmap Index Scan","Parent Relationship": "Outer","Parallel Aware": false,"Async Capable": false,"Index Name": "idx_supplier_nation_key","Startup Cost": 0.00,"Total Cost": 7.29,"Plan Rows": 400,"Plan Width": 0,"Actual Startup Time": 0.057,"Actual Total Time": 0.061,"Actual Rows": 399,"Actual Loops": 1,"Index Cond": "(s_nationkey = nation_1.n_nationkey)"}]}]},{"Node Type": "Index Scan","Parent Relationship": "Inner","Parallel Aware": false,"Async Capable": false,"Scan Direction": "Forward","Index Name": "idx_partsupp_suppkey","Relation Name": "partsupp","Alias": "partsupp_1","Startup Cost": 0.42,"Total Cost": 9.07,"Plan Rows": 80,"Plan Width": 14,"Actual Startup Time": 0.014,"Actual Total Time": 0.292,"Actual Rows": 80,"Actual Loops": 399,"Index Cond": "(ps_suppkey = supplier_1.s_suppkey)","Rows Removed by Index Recheck": 0}]}]},{"Node Type": "Aggregate","Strategy": "Hashed","Partial Mode": "Simple","Parent Relationship": "Outer","Parallel Aware": false,"Async Capable": false,"Startup Cost": 4514.26,"Total Cost": 4994.26,"Plan Rows": 10667,"Plan Width": 36,"Actual Startup Time": 376.224,"Actual Total Time": 448.108,"Actual Rows": 979,"Actual Loops": 1,"Group Key": ["partsupp.ps_partkey"],"Filter": "(sum((partsupp.ps_supplycost * (partsupp.ps_availqty)::numeric)) > $2)","Planned Partitions": 0,"HashAgg Batches": 1,"Peak Memory Usage": 17937,"Disk Usage": 0,"Rows Removed by Filter": 29153,"Plans": [{"Node Type": "Nested Loop","Parent Relationship": "Outer","Parallel Aware": false,"Async Capable": false,"Join Type": "Inner","Startup Cost": 7.81,"Total Cost": 4194.26,"Plan Rows": 32000,"Plan Width": 14,"Actual Startup Time": 0.359,"Actual Total Time": 202.215,"Actual Rows": 31920,"Actual Loops": 1,"Inner Unique": false,"Plans": [{"Node Type": "Nested Loop","Parent Relationship": "Outer","Parallel Aware": false,"Async Capable": false,"Join Type": "Inner","Startup Cost": 7.38,"Total Cost": 244.58,"Plan Rows": 400,"Plan Width": 4,"Actual Startup Time": 0.271,"Actual Total Time": 2.875,"Actual Rows": 399,"Actual Loops": 1,"Inner Unique": false,"Plans": [{"Node Type": "Seq Scan","Parent Relationship": "Outer","Parallel Aware": false,"Async Capable": false,"Relation Name": "nation","Alias": "nation","Startup Cost": 0.00,"Total Cost": 1.31,"Plan Rows": 1,"Plan Width": 4,"Actual Startup Time": 0.081,"Actual Total Time": 0.101,"Actual Rows": 1,"Actual Loops": 1,"Filter": "(n_name = 'VIETNAM'::bpchar)","Rows Removed by Filter": 24},{"Node Type": "Bitmap Heap Scan","Parent Relationship": "Inner","Parallel Aware": false,"Async Capable": false,"Relation Name": "supplier","Alias": "supplier","Startup Cost": 7.38,"Total Cost": 239.27,"Plan Rows": 400,"Plan Width": 8,"Actual Startup Time": 0.181,"Actual Total Time": 2.716,"Actual Rows": 399,"Actual Loops": 1,"Recheck Cond": "(s_nationkey = nation.n_nationkey)","Rows Removed by Index Recheck": 0,"Exact Heap Blocks": 191,"Lossy Heap Blocks": 0,"Plans": [{"Node Type": "Bitmap Index Scan","Parent Relationship": "Outer","Parallel Aware": false,"Async Capable": false,"Index Name": "idx_supplier_nation_key","Startup Cost": 0.00,"Total Cost": 7.29,"Plan Rows": 400,"Plan Width": 0,"Actual Startup Time": 0.120,"Actual Total Time": 0.121,"Actual Rows": 399,"Actual Loops": 1,"Index Cond": "(s_nationkey = nation.n_nationkey)"}]}]},{"Node Type": "Index Scan","Parent Relationship": "Inner","Parallel Aware": false,"Async Capable": false,"Scan Direction": "Forward","Index Name": "idx_partsupp_suppkey","Relation Name": "partsupp","Alias": "partsupp","Startup Cost": 0.42,"Total Cost": 9.07,"Plan Rows": 80,"Plan Width": 18,"Actual Startup Time": 0.019,"Actual Total Time": 0.488,"Actual Rows": 80,"Actual Loops": 399,"Index Cond": "(ps_suppkey = supplier.s_suppkey)","Rows Removed by Index Recheck": 0}]}]}]},"Planning Time": 6.254,"Triggers": [],"Execution Time": 451.997}]
[{"Plan": {"Node Type": "Sort","Parallel Aware": false,"Async Capable": false,"Startup Cost": 10142.20,"Total Cost": 10168.87,"Plan Rows": 10667,"Plan Width": 36,"Actual Startup Time": 444.263,"Actual Total Time": 444.393,"Actual Rows": 839,"Actual Loops": 1,"Sort Key": ["(sum((partsupp.ps_supplycost * (partsupp.ps_availqty)::numeric))) DESC"],"Sort Method": "quicksort","Sort Space Used": 70,"Sort Space Type": "Memory","Plans": [{"Node Type": "Aggregate","Strategy": "Plain","Partial Mode": "Simple","Parent Relationship": "InitPlan","Subplan Name": "InitPlan 1 (returns $2)","Parallel Aware": false,"Async Capable": false,"Startup Cost": 4434.26,"Total Cost": 4434.27,"Plan Rows": 1,"Plan Width": 32,"Actual Startup Time": 130.704,"Actual Total Time": 130.725,"Actual Rows": 1,"Actual Loops": 1,"Plans": [{"Node Type": "Nested Loop","Parent Relationship": "Outer","Parallel Aware": false,"Async Capable": false,"Join Type": "Inner","Startup Cost": 7.81,"Total Cost": 4194.26,"Plan Rows": 32000,"Plan Width": 10,"Actual Startup Time": 0.144,"Actual Total Time": 123.234,"Actual Rows": 32880,"Actual Loops": 1,"Inner Unique": false,"Plans": [{"Node Type": "Nested Loop","Parent Relationship": "Outer","Parallel Aware": false,"Async Capable": false,"Join Type": "Inner","Startup Cost": 7.38,"Total Cost": 244.58,"Plan Rows": 400,"Plan Width": 4,"Actual Startup Time": 0.115,"Actual Total Time": 1.739,"Actual Rows": 411,"Actual Loops": 1,"Inner Unique": false,"Plans": [{"Node Type": "Seq Scan","Parent Relationship": "Outer","Parallel Aware": false,"Async Capable": false,"Relation Name": "nation","Alias": "nation_1","Startup Cost": 0.00,"Total Cost": 1.31,"Plan Rows": 1,"Plan Width": 4,"Actual Startup Time": 0.024,"Actual Total Time": 0.046,"Actual Rows": 1,"Actual Loops": 1,"Filter": "(n_name = 'SAUDI ARABIA'::bpchar)","Rows Removed by Filter": 24},{"Node Type": "Bitmap Heap Scan","Parent Relationship": "Inner","Parallel Aware": false,"Async Capable": false,"Relation Name": "supplier","Alias": "supplier_1","Startup Cost": 7.38,"Total Cost": 239.27,"Plan Rows": 400,"Plan Width": 8,"Actual Startup Time": 0.082,"Actual Total Time": 1.642,"Actual Rows": 411,"Actual Loops": 1,"Recheck Cond": "(s_nationkey = nation_1.n_nationkey)","Rows Removed by Index Recheck": 0,"Exact Heap Blocks": 182,"Lossy Heap Blocks": 0,"Plans": [{"Node Type": "Bitmap Index Scan","Parent Relationship": "Outer","Parallel Aware": false,"Async Capable": false,"Index Name": "idx_supplier_nation_key","Startup Cost": 0.00,"Total Cost": 7.29,"Plan Rows": 400,"Plan Width": 0,"Actual Startup Time": 0.049,"Actual Total Time": 0.055,"Actual Rows": 411,"Actual Loops": 1,"Index Cond": "(s_nationkey = nation_1.n_nationkey)"}]}]},{"Node Type": "Index Scan","Parent Relationship": "Inner","Parallel Aware": false,"Async Capable": false,"Scan Direction": "Forward","Index Name": "idx_partsupp_suppkey","Relation Name": "partsupp","Alias": "partsupp_1","Startup Cost": 0.42,"Total Cost": 9.07,"Plan Rows": 80,"Plan Width": 14,"Actual Startup Time": 0.014,"Actual Total Time": 0.283,"Actual Rows": 80,"Actual Loops": 411,"Index Cond": "(ps_suppkey = supplier_1.s_suppkey)","Rows Removed by Index Recheck": 0}]}]},{"Node Type": "Aggregate","Strategy": "Hashed","Partial Mode": "Simple","Parent Relationship": "Outer","Parallel Aware": false,"Async Capable": false,"Startup Cost": 4514.26,"Total Cost": 4994.26,"Plan Rows": 10667,"Plan Width": 36,"Actual Startup Time": 370.866,"Actual Total Time": 443.841,"Actual Rows": 839,"Actual Loops": 1,"Group Key": ["partsupp.ps_partkey"],"Filter": "(sum((partsupp.ps_supplycost * (partsupp.ps_availqty)::numeric)) > $2)","Planned Partitions": 0,"HashAgg Batches": 1,"Peak Memory Usage": 17937,"Disk Usage": 0,"Rows Removed by Filter": 30007,"Plans": [{"Node Type": "Nested Loop","Parent Relationship": "Outer","Parallel Aware": false,"Async Capable": false,"Join Type": "Inner","Startup Cost": 7.81,"Total Cost": 4194.26,"Plan Rows": 32000,"Plan Width": 14,"Actual Startup Time": 0.339,"Actual Total Time": 197.388,"Actual Rows": 32880,"Actual Loops": 1,"Inner Unique": false,"Plans": [{"Node Type": "Nested Loop","Parent Relationship": "Outer","Parallel Aware": false,"Async Capable": false,"Join Type": "Inner","Startup Cost": 7.38,"Total Cost": 244.58,"Plan Rows": 400,"Plan Width": 4,"Actual Startup Time": 0.236,"Actual Total Time": 2.786,"Actual Rows": 411,"Actual Loops": 1,"Inner Unique": false,"Plans": [{"Node Type": "Seq Scan","Parent Relationship": "Outer","Parallel Aware": false,"Async Capable": false,"Relation Name": "nation","Alias": "nation","Startup Cost": 0.00,"Total Cost": 1.31,"Plan Rows": 1,"Plan Width": 4,"Actual Startup Time": 0.067,"Actual Total Time": 0.078,"Actual Rows": 1,"Actual Loops": 1,"Filter": "(n_name = 'SAUDI ARABIA'::bpchar)","Rows Removed by Filter": 24},{"Node Type": "Bitmap Heap Scan","Parent Relationship": "Inner","Parallel Aware": false,"Async Capable": false,"Relation Name": "supplier","Alias": "supplier","Startup Cost": 7.38,"Total Cost": 239.27,"Plan Rows": 400,"Plan Width": 8,"Actual Startup Time": 0.164,"Actual Total Time": 2.651,"Actual Rows": 411,"Actual Loops": 1,"Recheck Cond": "(s_nationkey = nation.n_nationkey)","Rows Removed by Index Recheck": 0,"Exact Heap Blocks": 182,"Lossy Heap Blocks": 0,"Plans": [{"Node Type": "Bitmap Index Scan","Parent Relationship": "Outer","Parallel Aware": false,"Async Capable": false,"Index Name": "idx_supplier_nation_key","Startup Cost": 0.00,"Total Cost": 7.29,"Plan Rows": 400,"Plan Width": 0,"Actual Startup Time": 0.119,"Actual Total Time": 0.120,"Actual Rows": 411,"Actual Loops": 1,"Index Cond": "(s_nationkey = nation.n_nationkey)"}]}]},{"Node Type": "Index Scan","Parent Relationship": "Inner","Parallel Aware": false,"Async Capable": false,"Scan Direction": "Forward","Index Name": "idx_partsupp_suppkey","Relation Name": "partsupp","Alias": "partsupp","Startup Cost": 0.42,"Total Cost": 9.07,"Plan Rows": 80,"Plan Width": 18,"Actual Startup Time": 0.019,"Actual Total Time": 0.462,"Actual Rows": 80,"Actual Loops": 411,"Index Cond": "(ps_suppkey = supplier.s_suppkey)","Rows Removed by Index Recheck": 0}]}]}]},"Planning Time": 5.661,"Triggers": [],"Execution Time": 447.485}]
[{"Plan": {"Node Type": "Sort","Parallel Aware": false,"Async Capable": false,"Startup Cost": 10142.20,"Total Cost": 10168.87,"Plan Rows": 10667,"Plan Width": 36,"Actual Startup Time": 435.527,"Actual Total Time": 435.700,"Actual Rows": 1089,"Actual Loops": 1,"Sort Key": ["(sum((partsupp.ps_supplycost * (partsupp.ps_availqty)::numeric))) DESC"],"Sort Method": "quicksort","Sort Space Used": 108,"Sort Space Type": "Memory","Plans": [{"Node Type": "Aggregate","Strategy": "Plain","Partial Mode": "Simple","Parent Relationship": "InitPlan","Subplan Name": "InitPlan 1 (returns $2)","Parallel Aware": false,"Async Capable": false,"Startup Cost": 4434.26,"Total Cost": 4434.27,"Plan Rows": 1,"Plan Width": 32,"Actual Startup Time": 127.992,"Actual Total Time": 128.018,"Actual Rows": 1,"Actual Loops": 1,"Plans": [{"Node Type": "Nested Loop","Parent Relationship": "Outer","Parallel Aware": false,"Async Capable": false,"Join Type": "Inner","Startup Cost": 7.81,"Total Cost": 4194.26,"Plan Rows": 32000,"Plan Width": 10,"Actual Startup Time": 0.202,"Actual Total Time": 120.806,"Actual Rows": 31200,"Actual Loops": 1,"Inner Unique": false,"Plans": [{"Node Type": "Nested Loop","Parent Relationship": "Outer","Parallel Aware": false,"Async Capable": false,"Join Type": "Inner","Startup Cost": 7.38,"Total Cost": 244.58,"Plan Rows": 400,"Plan Width": 4,"Actual Startup Time": 0.156,"Actual Total Time": 1.780,"Actual Rows": 390,"Actual Loops": 1,"Inner Unique": false,"Plans": [{"Node Type": "Seq Scan","Parent Relationship": "Outer","Parallel Aware": false,"Async Capable": false,"Relation Name": "nation","Alias": "nation_1","Startup Cost": 0.00,"Total Cost": 1.31,"Plan Rows": 1,"Plan Width": 4,"Actual Startup Time": 0.025,"Actual Total Time": 0.037,"Actual Rows": 1,"Actual Loops": 1,"Filter": "(n_name = 'UNITED KINGDOM'::bpchar)","Rows Removed by Filter": 24},{"Node Type": "Bitmap Heap Scan","Parent Relationship": "Inner","Parallel Aware": false,"Async Capable": false,"Relation Name": "supplier","Alias": "supplier_1","Startup Cost": 7.38,"Total Cost": 239.27,"Plan Rows": 400,"Plan Width": 8,"Actual Startup Time": 0.111,"Actual Total Time": 1.680,"Actual Rows": 390,"Actual Loops": 1,"Recheck Cond": "(s_nationkey = nation_1.n_nationkey)","Rows Removed by Index Recheck": 0,"Exact Heap Blocks": 190,"Lossy Heap Blocks": 0,"Plans": [{"Node Type": "Bitmap Index Scan","Parent Relationship": "Outer","Parallel Aware": false,"Async Capable": false,"Index Name": "idx_supplier_nation_key","Startup Cost": 0.00,"Total Cost": 7.29,"Plan Rows": 400,"Plan Width": 0,"Actual Startup Time": 0.075,"Actual Total Time": 0.080,"Actual Rows": 390,"Actual Loops": 1,"Index Cond": "(s_nationkey = nation_1.n_nationkey)"}]}]},{"Node Type": "Index Scan","Parent Relationship": "Inner","Parallel Aware": false,"Async Capable": false,"Scan Direction": "Forward","Index Name": "idx_partsupp_suppkey","Relation Name": "partsupp","Alias": "partsupp_1","Startup Cost": 0.42,"Total Cost": 9.07,"Plan Rows": 80,"Plan Width": 14,"Actual Startup Time": 0.014,"Actual Total Time": 0.293,"Actual Rows": 80,"Actual Loops": 390,"Index Cond": "(ps_suppkey = supplier_1.s_suppkey)","Rows Removed by Index Recheck": 0}]}]},{"Node Type": "Aggregate","Strategy": "Hashed","Partial Mode": "Simple","Parent Relationship": "Outer","Parallel Aware": false,"Async Capable": false,"Startup Cost": 4514.26,"Total Cost": 4994.26,"Plan Rows": 10667,"Plan Width": 36,"Actual Startup Time": 365.366,"Actual Total Time": 434.999,"Actual Rows": 1089,"Actual Loops": 1,"Group Key": ["partsupp.ps_partkey"],"Filter": "(sum((partsupp.ps_supplycost * (partsupp.ps_availqty)::numeric)) > $2)","Planned Partitions": 0,"HashAgg Batches": 1,"Peak Memory Usage": 17937,"Disk Usage": 0,"Rows Removed by Filter": 28366,"Plans": [{"Node Type": "Nested Loop","Parent Relationship": "Outer","Parallel Aware": false,"Async Capable": false,"Join Type": "Inner","Startup Cost": 7.81,"Total Cost": 4194.26,"Plan Rows": 32000,"Plan Width": 14,"Actual Startup Time": 0.273,"Actual Total Time": 195.557,"Actual Rows": 31200,"Actual Loops": 1,"Inner Unique": false,"Plans": [{"Node Type": "Nested Loop","Parent Relationship": "Outer","Parallel Aware": false,"Async Capable": false,"Join Type": "Inner","Startup Cost": 7.38,"Total Cost": 244.58,"Plan Rows": 400,"Plan Width": 4,"Actual Startup Time": 0.244,"Actual Total Time": 2.901,"Actual Rows": 390,"Actual Loops": 1,"Inner Unique": false,"Plans": [{"Node Type": "Seq Scan","Parent Relationship": "Outer","Parallel Aware": false,"Async Capable": false,"Relation Name": "nation","Alias": "nation","Startup Cost": 0.00,"Total Cost": 1.31,"Plan Rows": 1,"Plan Width": 4,"Actual Startup Time": 0.065,"Actual Total Time": 0.084,"Actual Rows": 1,"Actual Loops": 1,"Filter": "(n_name = 'UNITED KINGDOM'::bpchar)","Rows Removed by Filter": 24},{"Node Type": "Bitmap Heap Scan","Parent Relationship": "Inner","Parallel Aware": false,"Async Capable": false,"Relation Name": "supplier","Alias": "supplier","Startup Cost": 7.38,"Total Cost": 239.27,"Plan Rows": 400,"Plan Width": 8,"Actual Startup Time": 0.171,"Actual Total Time": 2.762,"Actual Rows": 390,"Actual Loops": 1,"Recheck Cond": "(s_nationkey = nation.n_nationkey)","Rows Removed by Index Recheck": 0,"Exact Heap Blocks": 190,"Lossy Heap Blocks": 0,"Plans": [{"Node Type": "Bitmap Index Scan","Parent Relationship": "Outer","Parallel Aware": false,"Async Capable": false,"Index Name": "idx_supplier_nation_key","Startup Cost": 0.00,"Total Cost": 7.29,"Plan Rows": 400,"Plan Width": 0,"Actual Startup Time": 0.123,"Actual Total Time": 0.123,"Actual Rows": 390,"Actual Loops": 1,"Index Cond": "(s_nationkey = nation.n_nationkey)"}]}]},{"Node Type": "Index Scan","Parent Relationship": "Inner","Parallel Aware": false,"Async Capable": false,"Scan Direction": "Forward","Index Name": "idx_partsupp_suppkey","Relation Name": "partsupp","Alias": "partsupp","Startup Cost": 0.42,"Total Cost": 9.07,"Plan Rows": 80,"Plan Width": 18,"Actual Startup Time": 0.020,"Actual Total Time": 0.482,"Actual Rows": 80,"Actual Loops": 390,"Index Cond": "(ps_suppkey = supplier.s_suppkey)","Rows Removed by Index Recheck": 0}]}]}]},"Planning Time": 6.575,"Triggers": [],"Execution Time": 439.057}]
[{"Plan": {"Node Type": "Sort","Parallel Aware": false,"Async Capable": false,"Startup Cost": 10142.20,"Total Cost": 10168.87,"Plan Rows": 10667,"Plan Width": 36,"Actual Startup Time": 479.473,"Actual Total Time": 479.584,"Actual Rows": 514,"Actual Loops": 1,"Sort Key": ["(sum((partsupp.ps_supplycost * (partsupp.ps_availqty)::numeric))) DESC"],"Sort Method": "quicksort","Sort Space Used": 53,"Sort Space Type": "Memory","Plans": [{"Node Type": "Aggregate","Strategy": "Plain","Partial Mode": "Simple","Parent Relationship": "InitPlan","Subplan Name": "InitPlan 1 (returns $2)","Parallel Aware": false,"Async Capable": false,"Startup Cost": 4434.26,"Total Cost": 4434.27,"Plan Rows": 1,"Plan Width": 32,"Actual Startup Time": 141.847,"Actual Total Time": 141.875,"Actual Rows": 1,"Actual Loops": 1,"Plans": [{"Node Type": "Nested Loop","Parent Relationship": "Outer","Parallel Aware": false,"Async Capable": false,"Join Type": "Inner","Startup Cost": 7.81,"Total Cost": 4194.26,"Plan Rows": 32000,"Plan Width": 10,"Actual Startup Time": 0.217,"Actual Total Time": 133.744,"Actual Rows": 35040,"Actual Loops": 1,"Inner Unique": false,"Plans": [{"Node Type": "Nested Loop","Parent Relationship": "Outer","Parallel Aware": false,"Async Capable": false,"Join Type": "Inner","Startup Cost": 7.38,"Total Cost": 244.58,"Plan Rows": 400,"Plan Width": 4,"Actual Startup Time": 0.176,"Actual Total Time": 1.973,"Actual Rows": 438,"Actual Loops": 1,"Inner Unique": false,"Plans": [{"Node Type": "Seq Scan","Parent Relationship": "Outer","Parallel Aware": false,"Async Capable": false,"Relation Name": "nation","Alias": "nation_1","Startup Cost": 0.00,"Total Cost": 1.31,"Plan Rows": 1,"Plan Width": 4,"Actual Startup Time": 0.030,"Actual Total Time": 0.050,"Actual Rows": 1,"Actual Loops": 1,"Filter": "(n_name = 'IRAQ'::bpchar)","Rows Removed by Filter": 24},{"Node Type": "Bitmap Heap Scan","Parent Relationship": "Inner","Parallel Aware": false,"Async Capable": false,"Relation Name": "supplier","Alias": "supplier_1","Startup Cost": 7.38,"Total Cost": 239.27,"Plan Rows": 400,"Plan Width": 8,"Actual Startup Time": 0.128,"Actual Total Time": 1.851,"Actual Rows": 438,"Actual Loops": 1,"Recheck Cond": "(s_nationkey = nation_1.n_nationkey)","Rows Removed by Index Recheck": 0,"Exact Heap Blocks": 194,"Lossy Heap Blocks": 0,"Plans": [{"Node Type": "Bitmap Index Scan","Parent Relationship": "Outer","Parallel Aware": false,"Async Capable": false,"Index Name": "idx_supplier_nation_key","Startup Cost": 0.00,"Total Cost": 7.29,"Plan Rows": 400,"Plan Width": 0,"Actual Startup Time": 0.090,"Actual Total Time": 0.096,"Actual Rows": 438,"Actual Loops": 1,"Index Cond": "(s_nationkey = nation_1.n_nationkey)"}]}]},{"Node Type": "Index Scan","Parent Relationship": "Inner","Parallel Aware": false,"Async Capable": false,"Scan Direction": "Forward","Index Name": "idx_partsupp_suppkey","Relation Name": "partsupp","Alias": "partsupp_1","Startup Cost": 0.42,"Total Cost": 9.07,"Plan Rows": 80,"Plan Width": 14,"Actual Startup Time": 0.014,"Actual Total Time": 0.289,"Actual Rows": 80,"Actual Loops": 438,"Index Cond": "(ps_suppkey = supplier_1.s_suppkey)","Rows Removed by Index Recheck": 0}]}]},{"Node Type": "Aggregate","Strategy": "Hashed","Partial Mode": "Simple","Parent Relationship": "Outer","Parallel Aware": false,"Async Capable": false,"Startup Cost": 4514.26,"Total Cost": 4994.26,"Plan Rows": 10667,"Plan Width": 36,"Actual Startup Time": 398.650,"Actual Total Time": 479.180,"Actual Rows": 514,"Actual Loops": 1,"Group Key": ["partsupp.ps_partkey"],"Filter": "(sum((partsupp.ps_supplycost * (partsupp.ps_availqty)::numeric)) > $2)","Planned Partitions": 0,"HashAgg Batches": 1,"Peak Memory Usage": 17937,"Disk Usage": 0,"Rows Removed by Filter": 32385,"Plans": [{"Node Type": "Nested Loop","Parent Relationship": "Outer","Parallel Aware": false,"Async Capable": false,"Join Type": "Inner","Startup Cost": 7.81,"Total Cost": 4194.26,"Plan Rows": 32000,"Plan Width": 14,"Actual Startup Time": 0.368,"Actual Total Time": 210.024,"Actual Rows": 35040,"Actual Loops": 1,"Inner Unique": false,"Plans": [{"Node Type": "Nested Loop","Parent Relationship": "Outer","Parallel Aware": false,"Async Capable": false,"Join Type": "Inner","Startup Cost": 7.38,"Total Cost": 244.58,"Plan Rows": 400,"Plan Width": 4,"Actual Startup Time": 0.322,"Actual Total Time": 2.894,"Actual Rows": 438,"Actual Loops": 1,"Inner Unique": false,"Plans": [{"Node Type": "Seq Scan","Parent Relationship": "Outer","Parallel Aware": false,"Async Capable": false,"Relation Name": "nation","Alias": "nation","Startup Cost": 0.00,"Total Cost": 1.31,"Plan Rows": 1,"Plan Width": 4,"Actual Startup Time": 0.077,"Actual Total Time": 0.103,"Actual Rows": 1,"Actual Loops": 1,"Filter": "(n_name = 'IRAQ'::bpchar)","Rows Removed by Filter": 24},{"Node Type": "Bitmap Heap Scan","Parent Relationship": "Inner","Parallel Aware": false,"Async Capable": false,"Relation Name": "supplier","Alias": "supplier","Startup Cost": 7.38,"Total Cost": 239.27,"Plan Rows": 400,"Plan Width": 8,"Actual Startup Time": 0.239,"Actual Total Time": 2.735,"Actual Rows": 438,"Actual Loops": 1,"Recheck Cond": "(s_nationkey = nation.n_nationkey)","Rows Removed by Index Recheck": 0,"Exact Heap Blocks": 194,"Lossy Heap Blocks": 0,"Plans": [{"Node Type": "Bitmap Index Scan","Parent Relationship": "Outer","Parallel Aware": false,"Async Capable": false,"Index Name": "idx_supplier_nation_key","Startup Cost": 0.00,"Total Cost": 7.29,"Plan Rows": 400,"Plan Width": 0,"Actual Startup Time": 0.165,"Actual Total Time": 0.169,"Actual Rows": 438,"Actual Loops": 1,"Index Cond": "(s_nationkey = nation.n_nationkey)"}]}]},{"Node Type": "Index Scan","Parent Relationship": "Inner","Parallel Aware": false,"Async Capable": false,"Scan Direction": "Forward","Index Name": "idx_partsupp_suppkey","Relation Name": "partsupp","Alias": "partsupp","Startup Cost": 0.42,"Total Cost": 9.07,"Plan Rows": 80,"Plan Width": 18,"Actual Startup Time": 0.019,"Actual Total Time": 0.461,"Actual Rows": 80,"Actual Loops": 438,"Index Cond": "(ps_suppkey = supplier.s_suppkey)","Rows Removed by Index Recheck": 0}]}]}]},"Planning Time": 5.748,"Triggers": [],"Execution Time": 483.087}]
[{"Plan": {"Node Type": "Sort","Parallel Aware": false,"Async Capable": false,"Startup Cost": 10142.20,"Total Cost": 10168.87,"Plan Rows": 10667,"Plan Width": 36,"Actual Startup Time": 427.455,"Actual Total Time": 427.551,"Actual Rows": 1289,"Actual Loops": 1,"Sort Key": ["(sum((partsupp.ps_supplycost * (partsupp.ps_availqty)::numeric))) DESC"],"Sort Method": "quicksort","Sort Space Used": 119,"Sort Space Type": "Memory","Plans": [{"Node Type": "Aggregate","Strategy": "Plain","Partial Mode": "Simple","Parent Relationship": "InitPlan","Subplan Name": "InitPlan 1 (returns $2)","Parallel Aware": false,"Async Capable": false,"Startup Cost": 4434.26,"Total Cost": 4434.27,"Plan Rows": 1,"Plan Width": 32,"Actual Startup Time": 127.032,"Actual Total Time": 127.034,"Actual Rows": 1,"Actual Loops": 1,"Plans": [{"Node Type": "Nested Loop","Parent Relationship": "Outer","Parallel Aware": false,"Async Capable": false,"Join Type": "Inner","Startup Cost": 7.81,"Total Cost": 4194.26,"Plan Rows": 32000,"Plan Width": 10,"Actual Startup Time": 0.214,"Actual Total Time": 120.104,"Actual Rows": 29840,"Actual Loops": 1,"Inner Unique": false,"Plans": [{"Node Type": "Nested Loop","Parent Relationship": "Outer","Parallel Aware": false,"Async Capable": false,"Join Type": "Inner","Startup Cost": 7.38,"Total Cost": 244.58,"Plan Rows": 400,"Plan Width": 4,"Actual Startup Time": 0.166,"Actual Total Time": 1.626,"Actual Rows": 373,"Actual Loops": 1,"Inner Unique": false,"Plans": [{"Node Type": "Seq Scan","Parent Relationship": "Outer","Parallel Aware": false,"Async Capable": false,"Relation Name": "nation","Alias": "nation_1","Startup Cost": 0.00,"Total Cost": 1.31,"Plan Rows": 1,"Plan Width": 4,"Actual Startup Time": 0.026,"Actual Total Time": 0.048,"Actual Rows": 1,"Actual Loops": 1,"Filter": "(n_name = 'MOROCCO'::bpchar)","Rows Removed by Filter": 24},{"Node Type": "Bitmap Heap Scan","Parent Relationship": "Inner","Parallel Aware": false,"Async Capable": false,"Relation Name": "supplier","Alias": "supplier_1","Startup Cost": 7.38,"Total Cost": 239.27,"Plan Rows": 400,"Plan Width": 8,"Actual Startup Time": 0.118,"Actual Total Time": 1.519,"Actual Rows": 373,"Actual Loops": 1,"Recheck Cond": "(s_nationkey = nation_1.n_nationkey)","Rows Removed by Index Recheck": 0,"Exact Heap Blocks": 180,"Lossy Heap Blocks": 0,"Plans": [{"Node Type": "Bitmap Index Scan","Parent Relationship": "Outer","Parallel Aware": false,"Async Capable": false,"Index Name": "idx_supplier_nation_key","Startup Cost": 0.00,"Total Cost": 7.29,"Plan Rows": 400,"Plan Width": 0,"Actual Startup Time": 0.076,"Actual Total Time": 0.076,"Actual Rows": 373,"Actual Loops": 1,"Index Cond": "(s_nationkey = nation_1.n_nationkey)"}]}]},{"Node Type": "Index Scan","Parent Relationship": "Inner","Parallel Aware": false,"Async Capable": false,"Scan Direction": "Forward","Index Name": "idx_partsupp_suppkey","Relation Name": "partsupp","Alias": "partsupp_1","Startup Cost": 0.42,"Total Cost": 9.07,"Plan Rows": 80,"Plan Width": 14,"Actual Startup Time": 0.015,"Actual Total Time": 0.305,"Actual Rows": 80,"Actual Loops": 373,"Index Cond": "(ps_suppkey = supplier_1.s_suppkey)","Rows Removed by Index Recheck": 0}]}]},{"Node Type": "Aggregate","Strategy": "Hashed","Partial Mode": "Simple","Parent Relationship": "Outer","Parallel Aware": false,"Async Capable": false,"Startup Cost": 4514.26,"Total Cost": 4994.26,"Plan Rows": 10667,"Plan Width": 36,"Actual Startup Time": 361.188,"Actual Total Time": 426.914,"Actual Rows": 1289,"Actual Loops": 1,"Group Key": ["partsupp.ps_partkey"],"Filter": "(sum((partsupp.ps_supplycost * (partsupp.ps_availqty)::numeric)) > $2)","Planned Partitions": 0,"HashAgg Batches": 1,"Peak Memory Usage": 17937,"Disk Usage": 0,"Rows Removed by Filter": 26965,"Plans": [{"Node Type": "Nested Loop","Parent Relationship": "Outer","Parallel Aware": false,"Async Capable": false,"Join Type": "Inner","Startup Cost": 7.81,"Total Cost": 4194.26,"Plan Rows": 32000,"Plan Width": 14,"Actual Startup Time": 0.390,"Actual Total Time": 190.362,"Actual Rows": 29840,"Actual Loops": 1,"Inner Unique": false,"Plans": [{"Node Type": "Nested Loop","Parent Relationship": "Outer","Parallel Aware": false,"Async Capable": false,"Join Type": "Inner","Startup Cost": 7.38,"Total Cost": 244.58,"Plan Rows": 400,"Plan Width": 4,"Actual Startup Time": 0.321,"Actual Total Time": 2.795,"Actual Rows": 373,"Actual Loops": 1,"Inner Unique": false,"Plans": [{"Node Type": "Seq Scan","Parent Relationship": "Outer","Parallel Aware": false,"Async Capable": false,"Relation Name": "nation","Alias": "nation","Startup Cost": 0.00,"Total Cost": 1.31,"Plan Rows": 1,"Plan Width": 4,"Actual Startup Time": 0.071,"Actual Total Time": 0.095,"Actual Rows": 1,"Actual Loops": 1,"Filter": "(n_name = 'MOROCCO'::bpchar)","Rows Removed by Filter": 24},{"Node Type": "Bitmap Heap Scan","Parent Relationship": "Inner","Parallel Aware": false,"Async Capable": false,"Relation Name": "supplier","Alias": "supplier","Startup Cost": 7.38,"Total Cost": 239.27,"Plan Rows": 400,"Plan Width": 8,"Actual Startup Time": 0.245,"Actual Total Time": 2.650,"Actual Rows": 373,"Actual Loops": 1,"Recheck Cond": "(s_nationkey = nation.n_nationkey)","Rows Removed by Index Recheck": 0,"Exact Heap Blocks": 180,"Lossy Heap Blocks": 0,"Plans": [{"Node Type": "Bitmap Index Scan","Parent Relationship": "Outer","Parallel Aware": false,"Async Capable": false,"Index Name": "idx_supplier_nation_key","Startup Cost": 0.00,"Total Cost": 7.29,"Plan Rows": 400,"Plan Width": 0,"Actual Startup Time": 0.159,"Actual Total Time": 0.159,"Actual Rows": 373,"Actual Loops": 1,"Index Cond": "(s_nationkey = nation.n_nationkey)"}]}]},{"Node Type": "Index Scan","Parent Relationship": "Inner","Parallel Aware": false,"Async Capable": false,"Scan Direction": "Forward","Index Name": "idx_partsupp_suppkey","Relation Name": "partsupp","Alias": "partsupp","Startup Cost": 0.42,"Total Cost": 9.07,"Plan Rows": 80,"Plan Width": 18,"Actual Startup Time": 0.021,"Actual Total Time": 0.491,"Actual Rows": 80,"Actual Loops": 373,"Index Cond": "(ps_suppkey = supplier.s_suppkey)","Rows Removed by Index Recheck": 0}]}]}]},"Planning Time": 6.174,"Triggers": [],"Execution Time": 430.247}]
[{"Plan": {"Node Type": "Sort","Parallel Aware": false,"Async Capable": false,"Startup Cost": 10142.20,"Total Cost": 10168.87,"Plan Rows": 10667,"Plan Width": 36,"Actual Startup Time": 454.370,"Actual Total Time": 454.495,"Actual Rows": 925,"Actual Loops": 1,"Sort Key": ["(sum((partsupp.ps_supplycost * (partsupp.ps_availqty)::numeric))) DESC"],"Sort Method": "quicksort","Sort Space Used": 75,"Sort Space Type": "Memory","Plans": [{"Node Type": "Aggregate","Strategy": "Plain","Partial Mode": "Simple","Parent Relationship": "InitPlan","Subplan Name": "InitPlan 1 (returns $2)","Parallel Aware": false,"Async Capable": false,"Startup Cost": 4434.26,"Total Cost": 4434.27,"Plan Rows": 1,"Plan Width": 32,"Actual Startup Time": 135.908,"Actual Total Time": 135.923,"Actual Rows": 1,"Actual Loops": 1,"Plans": [{"Node Type": "Nested Loop","Parent Relationship": "Outer","Parallel Aware": false,"Async Capable": false,"Join Type": "Inner","Startup Cost": 7.81,"Total Cost": 4194.26,"Plan Rows": 32000,"Plan Width": 10,"Actual Startup Time": 0.237,"Actual Total Time": 128.564,"Actual Rows": 31840,"Actual Loops": 1,"Inner Unique": false,"Plans": [{"Node Type": "Nested Loop","Parent Relationship": "Outer","Parallel Aware": false,"Async Capable": false,"Join Type": "Inner","Startup Cost": 7.38,"Total Cost": 244.58,"Plan Rows": 400,"Plan Width": 4,"Actual Startup Time": 0.190,"Actual Total Time": 1.776,"Actual Rows": 398,"Actual Loops": 1,"Inner Unique": false,"Plans": [{"Node Type": "Seq Scan","Parent Relationship": "Outer","Parallel Aware": false,"Async Capable": false,"Relation Name": "nation","Alias": "nation_1","Startup Cost": 0.00,"Total Cost": 1.31,"Plan Rows": 1,"Plan Width": 4,"Actual Startup Time": 0.045,"Actual Total Time": 0.060,"Actual Rows": 1,"Actual Loops": 1,"Filter": "(n_name = 'ROMANIA'::bpchar)","Rows Removed by Filter": 24},{"Node Type": "Bitmap Heap Scan","Parent Relationship": "Inner","Parallel Aware": false,"Async Capable": false,"Relation Name": "supplier","Alias": "supplier_1","Startup Cost": 7.38,"Total Cost": 239.27,"Plan Rows": 400,"Plan Width": 8,"Actual Startup Time": 0.127,"Actual Total Time": 1.656,"Actual Rows": 398,"Actual Loops": 1,"Recheck Cond": "(s_nationkey = nation_1.n_nationkey)","Rows Removed by Index Recheck": 0,"Exact Heap Blocks": 186,"Lossy Heap Blocks": 0,"Plans": [{"Node Type": "Bitmap Index Scan","Parent Relationship": "Outer","Parallel Aware": false,"Async Capable": false,"Index Name": "idx_supplier_nation_key","Startup Cost": 0.00,"Total Cost": 7.29,"Plan Rows": 400,"Plan Width": 0,"Actual Startup Time": 0.081,"Actual Total Time": 0.084,"Actual Rows": 398,"Actual Loops": 1,"Index Cond": "(s_nationkey = nation_1.n_nationkey)"}]}]},{"Node Type": "Index Scan","Parent Relationship": "Inner","Parallel Aware": false,"Async Capable": false,"Scan Direction": "Forward","Index Name": "idx_partsupp_suppkey","Relation Name": "partsupp","Alias": "partsupp_1","Startup Cost": 0.42,"Total Cost": 9.07,"Plan Rows": 80,"Plan Width": 14,"Actual Startup Time": 0.015,"Actual Total Time": 0.306,"Actual Rows": 80,"Actual Loops": 398,"Index Cond": "(ps_suppkey = supplier_1.s_suppkey)","Rows Removed by Index Recheck": 0}]}]},{"Node Type": "Aggregate","Strategy": "Hashed","Partial Mode": "Simple","Parent Relationship": "Outer","Parallel Aware": false,"Async Capable": false,"Startup Cost": 4514.26,"Total Cost": 4994.26,"Plan Rows": 10667,"Plan Width": 36,"Actual Startup Time": 383.049,"Actual Total Time": 453.972,"Actual Rows": 925,"Actual Loops": 1,"Group Key": ["partsupp.ps_partkey"],"Filter": "(sum((partsupp.ps_supplycost * (partsupp.ps_availqty)::numeric)) > $2)","Planned Partitions": 0,"HashAgg Batches": 1,"Peak Memory Usage": 17937,"Disk Usage": 0,"Rows Removed by Filter": 29106,"Plans": [{"Node Type": "Nested Loop","Parent Relationship": "Outer","Parallel Aware": false,"Async Capable": false,"Join Type": "Inner","Startup Cost": 7.81,"Total Cost": 4194.26,"Plan Rows": 32000,"Plan Width": 14,"Actual Startup Time": 0.324,"Actual Total Time": 197.326,"Actual Rows": 31840,"Actual Loops": 1,"Inner Unique": false,"Plans": [{"Node Type": "Nested Loop","Parent Relationship": "Outer","Parallel Aware": false,"Async Capable": false,"Join Type": "Inner","Startup Cost": 7.38,"Total Cost": 244.58,"Plan Rows": 400,"Plan Width": 4,"Actual Startup Time": 0.245,"Actual Total Time": 2.763,"Actual Rows": 398,"Actual Loops": 1,"Inner Unique": false,"Plans": [{"Node Type": "Seq Scan","Parent Relationship": "Outer","Parallel Aware": false,"Async Capable": false,"Relation Name": "nation","Alias": "nation","Startup Cost": 0.00,"Total Cost": 1.31,"Plan Rows": 1,"Plan Width": 4,"Actual Startup Time": 0.070,"Actual Total Time": 0.094,"Actual Rows": 1,"Actual Loops": 1,"Filter": "(n_name = 'ROMANIA'::bpchar)","Rows Removed by Filter": 24},{"Node Type": "Bitmap Heap Scan","Parent Relationship": "Inner","Parallel Aware": false,"Async Capable": false,"Relation Name": "supplier","Alias": "supplier","Startup Cost": 7.38,"Total Cost": 239.27,"Plan Rows": 400,"Plan Width": 8,"Actual Startup Time": 0.167,"Actual Total Time": 2.613,"Actual Rows": 398,"Actual Loops": 1,"Recheck Cond": "(s_nationkey = nation.n_nationkey)","Rows Removed by Index Recheck": 0,"Exact Heap Blocks": 186,"Lossy Heap Blocks": 0,"Plans": [{"Node Type": "Bitmap Index Scan","Parent Relationship": "Outer","Parallel Aware": false,"Async Capable": false,"Index Name": "idx_supplier_nation_key","Startup Cost": 0.00,"Total Cost": 7.29,"Plan Rows": 400,"Plan Width": 0,"Actual Startup Time": 0.108,"Actual Total Time": 0.110,"Actual Rows": 398,"Actual Loops": 1,"Index Cond": "(s_nationkey = nation.n_nationkey)"}]}]},{"Node Type": "Index Scan","Parent Relationship": "Inner","Parallel Aware": false,"Async Capable": false,"Scan Direction": "Forward","Index Name": "idx_partsupp_suppkey","Relation Name": "partsupp","Alias": "partsupp","Startup Cost": 0.42,"Total Cost": 9.07,"Plan Rows": 80,"Plan Width": 18,"Actual Startup Time": 0.020,"Actual Total Time": 0.477,"Actual Rows": 80,"Actual Loops": 398,"Index Cond": "(ps_suppkey = supplier.s_suppkey)","Rows Removed by Index Recheck": 0}]}]}]},"Planning Time": 5.113,"Triggers": [],"Execution Time": 456.866}]
[{"Plan": {"Node Type": "Sort","Parallel Aware": false,"Async Capable": false,"Startup Cost": 10142.20,"Total Cost": 10168.87,"Plan Rows": 10667,"Plan Width": 36,"Actual Startup Time": 444.263,"Actual Total Time": 444.393,"Actual Rows": 839,"Actual Loops": 1,"Sort Key": ["(sum((partsupp.ps_supplycost * (partsupp.ps_availqty)::numeric))) DESC"],"Sort Method": "quicksort","Sort Space Used": 70,"Sort Space Type": "Memory","Plans": [{"Node Type": "Aggregate","Strategy": "Plain","Partial Mode": "Simple","Parent Relationship": "InitPlan","Subplan Name": "InitPlan 1 (returns $2)","Parallel Aware": false,"Async Capable": false,"Startup Cost": 4434.26,"Total Cost": 4434.27,"Plan Rows": 1,"Plan Width": 32,"Actual Startup Time": 130.704,"Actual Total Time": 130.725,"Actual Rows": 1,"Actual Loops": 1,"Plans": [{"Node Type": "Nested Loop","Parent Relationship": "Outer","Parallel Aware": false,"Async Capable": false,"Join Type": "Inner","Startup Cost": 7.81,"Total Cost": 4194.26,"Plan Rows": 32000,"Plan Width": 10,"Actual Startup Time": 0.144,"Actual Total Time": 123.234,"Actual Rows": 32880,"Actual Loops": 1,"Inner Unique": false,"Plans": [{"Node Type": "Nested Loop","Parent Relationship": "Outer","Parallel Aware": false,"Async Capable": false,"Join Type": "Inner","Startup Cost": 7.38,"Total Cost": 244.58,"Plan Rows": 400,"Plan Width": 4,"Actual Startup Time": 0.115,"Actual Total Time": 1.739,"Actual Rows": 411,"Actual Loops": 1,"Inner Unique": false,"Plans": [{"Node Type": "Seq Scan","Parent Relationship": "Outer","Parallel Aware": false,"Async Capable": false,"Relation Name": "nation","Alias": "nation_1","Startup Cost": 0.00,"Total Cost": 1.31,"Plan Rows": 1,"Plan Width": 4,"Actual Startup Time": 0.024,"Actual Total Time": 0.046,"Actual Rows": 1,"Actual Loops": 1,"Filter": "(n_name = 'SAUDI ARABIA'::bpchar)","Rows Removed by Filter": 24},{"Node Type": "Bitmap Heap Scan","Parent Relationship": "Inner","Parallel Aware": false,"Async Capable": false,"Relation Name": "supplier","Alias": "supplier_1","Startup Cost": 7.38,"Total Cost": 239.27,"Plan Rows": 400,"Plan Width": 8,"Actual Startup Time": 0.082,"Actual Total Time": 1.642,"Actual Rows": 411,"Actual Loops": 1,"Recheck Cond": "(s_nationkey = nation_1.n_nationkey)","Rows Removed by Index Recheck": 0,"Exact Heap Blocks": 182,"Lossy Heap Blocks": 0,"Plans": [{"Node Type": "Bitmap Index Scan","Parent Relationship": "Outer","Parallel Aware": false,"Async Capable": false,"Index Name": "idx_supplier_nation_key","Startup Cost": 0.00,"Total Cost": 7.29,"Plan Rows": 400,"Plan Width": 0,"Actual Startup Time": 0.049,"Actual Total Time": 0.055,"Actual Rows": 411,"Actual Loops": 1,"Index Cond": "(s_nationkey = nation_1.n_nationkey)"}]}]},{"Node Type": "Index Scan","Parent Relationship": "Inner","Parallel Aware": false,"Async Capable": false,"Scan Direction": "Forward","Index Name": "idx_partsupp_suppkey","Relation Name": "partsupp","Alias": "partsupp_1","Startup Cost": 0.42,"Total Cost": 9.07,"Plan Rows": 80,"Plan Width": 14,"Actual Startup Time": 0.014,"Actual Total Time": 0.283,"Actual Rows": 80,"Actual Loops": 411,"Index Cond": "(ps_suppkey = supplier_1.s_suppkey)","Rows Removed by Index Recheck": 0}]}]},{"Node Type": "Aggregate","Strategy": "Hashed","Partial Mode": "Simple","Parent Relationship": "Outer","Parallel Aware": false,"Async Capable": false,"Startup Cost": 4514.26,"Total Cost": 4994.26,"Plan Rows": 10667,"Plan Width": 36,"Actual Startup Time": 370.866,"Actual Total Time": 443.841,"Actual Rows": 839,"Actual Loops": 1,"Group Key": ["partsupp.ps_partkey"],"Filter": "(sum((partsupp.ps_supplycost * (partsupp.ps_availqty)::numeric)) > $2)","Planned Partitions": 0,"HashAgg Batches": 1,"Peak Memory Usage": 17937,"Disk Usage": 0,"Rows Removed by Filter": 30007,"Plans": [{"Node Type": "Nested Loop","Parent Relationship": "Outer","Parallel Aware": false,"Async Capable": false,"Join Type": "Inner","Startup Cost": 7.81,"Total Cost": 4194.26,"Plan Rows": 32000,"Plan Width": 14,"Actual Startup Time": 0.339,"Actual Total Time": 197.388,"Actual Rows": 32880,"Actual Loops": 1,"Inner Unique": false,"Plans": [{"Node Type": "Nested Loop","Parent Relationship": "Outer","Parallel Aware": false,"Async Capable": false,"Join Type": "Inner","Startup Cost": 7.38,"Total Cost": 244.58,"Plan Rows": 400,"Plan Width": 4,"Actual Startup Time": 0.236,"Actual Total Time": 2.786,"Actual Rows": 411,"Actual Loops": 1,"Inner Unique": false,"Plans": [{"Node Type": "Seq Scan","Parent Relationship": "Outer","Parallel Aware": false,"Async Capable": false,"Relation Name": "nation","Alias": "nation","Startup Cost": 0.00,"Total Cost": 1.31,"Plan Rows": 1,"Plan Width": 4,"Actual Startup Time": 0.067,"Actual Total Time": 0.078,"Actual Rows": 1,"Actual Loops": 1,"Filter": "(n_name = 'SAUDI ARABIA'::bpchar)","Rows Removed by Filter": 24},{"Node Type": "Bitmap Heap Scan","Parent Relationship": "Inner","Parallel Aware": false,"Async Capable": false,"Relation Name": "supplier","Alias": "supplier","Startup Cost": 7.38,"Total Cost": 239.27,"Plan Rows": 400,"Plan Width": 8,"Actual Startup Time": 0.164,"Actual Total Time": 2.651,"Actual Rows": 411,"Actual Loops": 1,"Recheck Cond": "(s_nationkey = nation.n_nationkey)","Rows Removed by Index Recheck": 0,"Exact Heap Blocks": 182,"Lossy Heap Blocks": 0,"Plans": [{"Node Type": "Bitmap Index Scan","Parent Relationship": "Outer","Parallel Aware": false,"Async Capable": false,"Index Name": "idx_supplier_nation_key","Startup Cost": 0.00,"Total Cost": 7.29,"Plan Rows": 400,"Plan Width": 0,"Actual Startup Time": 0.119,"Actual Total Time": 0.120,"Actual Rows": 411,"Actual Loops": 1,"Index Cond": "(s_nationkey = nation.n_nationkey)"}]}]},{"Node Type": "Index Scan","Parent Relationship": "Inner","Parallel Aware": false,"Async Capable": false,"Scan Direction": "Forward","Index Name": "idx_partsupp_suppkey","Relation Name": "partsupp","Alias": "partsupp","Startup Cost": 0.42,"Total Cost": 9.07,"Plan Rows": 80,"Plan Width": 18,"Actual Startup Time": 0.019,"Actual Total Time": 0.462,"Actual Rows": 80,"Actual Loops": 411,"Index Cond": "(ps_suppkey = supplier.s_suppkey)","Rows Removed by Index Recheck": 0}]}]}]},"Planning Time": 5.661,"Triggers": [],"Execution Time": 447.485}]
[{"Plan": {"Node Type": "Sort","Parallel Aware": false,"Async Capable": false,"Startup Cost": 10142.20,"Total Cost": 10168.87,"Plan Rows": 10667,"Plan Width": 36,"Actual Startup Time": 400.788,"Actual Total Time": 400.942,"Actual Rows": 1469,"Actual Loops": 1,"Sort Key": ["(sum((partsupp.ps_supplycost * (partsupp.ps_availqty)::numeric))) DESC"],"Sort Method": "quicksort","Sort Space Used": 129,"Sort Space Type": "Memory","Plans": [{"Node Type": "Aggregate","Strategy": "Plain","Partial Mode": "Simple","Parent Relationship": "InitPlan","Subplan Name": "InitPlan 1 (returns $2)","Parallel Aware": false,"Async Capable": false,"Startup Cost": 4434.26,"Total Cost": 4434.27,"Plan Rows": 1,"Plan Width": 32,"Actual Startup Time": 117.250,"Actual Total Time": 117.272,"Actual Rows": 1,"Actual Loops": 1,"Plans": [{"Node Type": "Nested Loop","Parent Relationship": "Outer","Parallel Aware": false,"Async Capable": false,"Join Type": "Inner","Startup Cost": 7.81,"Total Cost": 4194.26,"Plan Rows": 32000,"Plan Width": 10,"Actual Startup Time": 0.216,"Actual Total Time": 110.575,"Actual Rows": 28960,"Actual Loops": 1,"Inner Unique": false,"Plans": [{"Node Type": "Nested Loop","Parent Relationship": "Outer","Parallel Aware": false,"Async Capable": false,"Join Type": "Inner","Startup Cost": 7.38,"Total Cost": 244.58,"Plan Rows": 400,"Plan Width": 4,"Actual Startup Time": 0.161,"Actual Total Time": 1.515,"Actual Rows": 362,"Actual Loops": 1,"Inner Unique": false,"Plans": [{"Node Type": "Seq Scan","Parent Relationship": "Outer","Parallel Aware": false,"Async Capable": false,"Relation Name": "nation","Alias": "nation_1","Startup Cost": 0.00,"Total Cost": 1.31,"Plan Rows": 1,"Plan Width": 4,"Actual Startup Time": 0.032,"Actual Total Time": 0.051,"Actual Rows": 1,"Actual Loops": 1,"Filter": "(n_name = 'JORDAN'::bpchar)","Rows Removed by Filter": 24},{"Node Type": "Bitmap Heap Scan","Parent Relationship": "Inner","Parallel Aware": false,"Async Capable": false,"Relation Name": "supplier","Alias": "supplier_1","Startup Cost": 7.38,"Total Cost": 239.27,"Plan Rows": 400,"Plan Width": 8,"Actual Startup Time": 0.117,"Actual Total Time": 1.415,"Actual Rows": 362,"Actual Loops": 1,"Recheck Cond": "(s_nationkey = nation_1.n_nationkey)","Rows Removed by Index Recheck": 0,"Exact Heap Blocks": 166,"Lossy Heap Blocks": 0,"Plans": [{"Node Type": "Bitmap Index Scan","Parent Relationship": "Outer","Parallel Aware": false,"Async Capable": false,"Index Name": "idx_supplier_nation_key","Startup Cost": 0.00,"Total Cost": 7.29,"Plan Rows": 400,"Plan Width": 0,"Actual Startup Time": 0.075,"Actual Total Time": 0.079,"Actual Rows": 362,"Actual Loops": 1,"Index Cond": "(s_nationkey = nation_1.n_nationkey)"}]}]},{"Node Type": "Index Scan","Parent Relationship": "Inner","Parallel Aware": false,"Async Capable": false,"Scan Direction": "Forward","Index Name": "idx_partsupp_suppkey","Relation Name": "partsupp","Alias": "partsupp_1","Startup Cost": 0.42,"Total Cost": 9.07,"Plan Rows": 80,"Plan Width": 14,"Actual Startup Time": 0.014,"Actual Total Time": 0.289,"Actual Rows": 80,"Actual Loops": 362,"Index Cond": "(ps_suppkey = supplier_1.s_suppkey)","Rows Removed by Index Recheck": 0}]}]},{"Node Type": "Aggregate","Strategy": "Hashed","Partial Mode": "Simple","Parent Relationship": "Outer","Parallel Aware": false,"Async Capable": false,"Startup Cost": 4514.26,"Total Cost": 4994.26,"Plan Rows": 10667,"Plan Width": 36,"Actual Startup Time": 338.606,"Actual Total Time": 400.138,"Actual Rows": 1469,"Actual Loops": 1,"Group Key": ["partsupp.ps_partkey"],"Filter": "(sum((partsupp.ps_supplycost * (partsupp.ps_availqty)::numeric)) > $2)","Planned Partitions": 0,"HashAgg Batches": 1,"Peak Memory Usage": 17937,"Disk Usage": 0,"Rows Removed by Filter": 25896,"Plans": [{"Node Type": "Nested Loop","Parent Relationship": "Outer","Parallel Aware": false,"Async Capable": false,"Join Type": "Inner","Startup Cost": 7.81,"Total Cost": 4194.26,"Plan Rows": 32000,"Plan Width": 14,"Actual Startup Time": 0.314,"Actual Total Time": 181.118,"Actual Rows": 28960,"Actual Loops": 1,"Inner Unique": false,"Plans": [{"Node Type": "Nested Loop","Parent Relationship": "Outer","Parallel Aware": false,"Async Capable": false,"Join Type": "Inner","Startup Cost": 7.38,"Total Cost": 244.58,"Plan Rows": 400,"Plan Width": 4,"Actual Startup Time": 0.258,"Actual Total Time": 2.692,"Actual Rows": 362,"Actual Loops": 1,"Inner Unique": false,"Plans": [{"Node Type": "Seq Scan","Parent Relationship": "Outer","Parallel Aware": false,"Async Capable": false,"Relation Name": "nation","Alias": "nation","Startup Cost": 0.00,"Total Cost": 1.31,"Plan Rows": 1,"Plan Width": 4,"Actual Startup Time": 0.077,"Actual Total Time": 0.107,"Actual Rows": 1,"Actual Loops": 1,"Filter": "(n_name = 'JORDAN'::bpchar)","Rows Removed by Filter": 24},{"Node Type": "Bitmap Heap Scan","Parent Relationship": "Inner","Parallel Aware": false,"Async Capable": false,"Relation Name": "supplier","Alias": "supplier","Startup Cost": 7.38,"Total Cost": 239.27,"Plan Rows": 400,"Plan Width": 8,"Actual Startup Time": 0.172,"Actual Total Time": 2.539,"Actual Rows": 362,"Actual Loops": 1,"Recheck Cond": "(s_nationkey = nation.n_nationkey)","Rows Removed by Index Recheck": 0,"Exact Heap Blocks": 166,"Lossy Heap Blocks": 0,"Plans": [{"Node Type": "Bitmap Index Scan","Parent Relationship": "Outer","Parallel Aware": false,"Async Capable": false,"Index Name": "idx_supplier_nation_key","Startup Cost": 0.00,"Total Cost": 7.29,"Plan Rows": 400,"Plan Width": 0,"Actual Startup Time": 0.117,"Actual Total Time": 0.118,"Actual Rows": 362,"Actual Loops": 1,"Index Cond": "(s_nationkey = nation.n_nationkey)"}]}]},{"Node Type": "Index Scan","Parent Relationship": "Inner","Parallel Aware": false,"Async Capable": false,"Scan Direction": "Forward","Index Name": "idx_partsupp_suppkey","Relation Name": "partsupp","Alias": "partsupp","Startup Cost": 0.42,"Total Cost": 9.07,"Plan Rows": 80,"Plan Width": 18,"Actual Startup Time": 0.019,"Actual Total Time": 0.481,"Actual Rows": 80,"Actual Loops": 362,"Index Cond": "(ps_suppkey = supplier.s_suppkey)","Rows Removed by Index Recheck": 0}]}]}]},"Planning Time": 6.843,"Triggers": [],"Execution Time": 403.999}]
[{"Plan": {"Node Type": "Sort","Parallel Aware": false,"Async Capable": false,"Startup Cost": 10142.20,"Total Cost": 10168.87,"Plan Rows": 10667,"Plan Width": 36,"Actual Startup Time": 479.473,"Actual Total Time": 479.584,"Actual Rows": 514,"Actual Loops": 1,"Sort Key": ["(sum((partsupp.ps_supplycost * (partsupp.ps_availqty)::numeric))) DESC"],"Sort Method": "quicksort","Sort Space Used": 53,"Sort Space Type": "Memory","Plans": [{"Node Type": "Aggregate","Strategy": "Plain","Partial Mode": "Simple","Parent Relationship": "InitPlan","Subplan Name": "InitPlan 1 (returns $2)","Parallel Aware": false,"Async Capable": false,"Startup Cost": 4434.26,"Total Cost": 4434.27,"Plan Rows": 1,"Plan Width": 32,"Actual Startup Time": 141.847,"Actual Total Time": 141.875,"Actual Rows": 1,"Actual Loops": 1,"Plans": [{"Node Type": "Nested Loop","Parent Relationship": "Outer","Parallel Aware": false,"Async Capable": false,"Join Type": "Inner","Startup Cost": 7.81,"Total Cost": 4194.26,"Plan Rows": 32000,"Plan Width": 10,"Actual Startup Time": 0.217,"Actual Total Time": 133.744,"Actual Rows": 35040,"Actual Loops": 1,"Inner Unique": false,"Plans": [{"Node Type": "Nested Loop","Parent Relationship": "Outer","Parallel Aware": false,"Async Capable": false,"Join Type": "Inner","Startup Cost": 7.38,"Total Cost": 244.58,"Plan Rows": 400,"Plan Width": 4,"Actual Startup Time": 0.176,"Actual Total Time": 1.973,"Actual Rows": 438,"Actual Loops": 1,"Inner Unique": false,"Plans": [{"Node Type": "Seq Scan","Parent Relationship": "Outer","Parallel Aware": false,"Async Capable": false,"Relation Name": "nation","Alias": "nation_1","Startup Cost": 0.00,"Total Cost": 1.31,"Plan Rows": 1,"Plan Width": 4,"Actual Startup Time": 0.030,"Actual Total Time": 0.050,"Actual Rows": 1,"Actual Loops": 1,"Filter": "(n_name = 'IRAQ'::bpchar)","Rows Removed by Filter": 24},{"Node Type": "Bitmap Heap Scan","Parent Relationship": "Inner","Parallel Aware": false,"Async Capable": false,"Relation Name": "supplier","Alias": "supplier_1","Startup Cost": 7.38,"Total Cost": 239.27,"Plan Rows": 400,"Plan Width": 8,"Actual Startup Time": 0.128,"Actual Total Time": 1.851,"Actual Rows": 438,"Actual Loops": 1,"Recheck Cond": "(s_nationkey = nation_1.n_nationkey)","Rows Removed by Index Recheck": 0,"Exact Heap Blocks": 194,"Lossy Heap Blocks": 0,"Plans": [{"Node Type": "Bitmap Index Scan","Parent Relationship": "Outer","Parallel Aware": false,"Async Capable": false,"Index Name": "idx_supplier_nation_key","Startup Cost": 0.00,"Total Cost": 7.29,"Plan Rows": 400,"Plan Width": 0,"Actual Startup Time": 0.090,"Actual Total Time": 0.096,"Actual Rows": 438,"Actual Loops": 1,"Index Cond": "(s_nationkey = nation_1.n_nationkey)"}]}]},{"Node Type": "Index Scan","Parent Relationship": "Inner","Parallel Aware": false,"Async Capable": false,"Scan Direction": "Forward","Index Name": "idx_partsupp_suppkey","Relation Name": "partsupp","Alias": "partsupp_1","Startup Cost": 0.42,"Total Cost": 9.07,"Plan Rows": 80,"Plan Width": 14,"Actual Startup Time": 0.014,"Actual Total Time": 0.289,"Actual Rows": 80,"Actual Loops": 438,"Index Cond": "(ps_suppkey = supplier_1.s_suppkey)","Rows Removed by Index Recheck": 0}]}]},{"Node Type": "Aggregate","Strategy": "Hashed","Partial Mode": "Simple","Parent Relationship": "Outer","Parallel Aware": false,"Async Capable": false,"Startup Cost": 4514.26,"Total Cost": 4994.26,"Plan Rows": 10667,"Plan Width": 36,"Actual Startup Time": 398.650,"Actual Total Time": 479.180,"Actual Rows": 514,"Actual Loops": 1,"Group Key": ["partsupp.ps_partkey"],"Filter": "(sum((partsupp.ps_supplycost * (partsupp.ps_availqty)::numeric)) > $2)","Planned Partitions": 0,"HashAgg Batches": 1,"Peak Memory Usage": 17937,"Disk Usage": 0,"Rows Removed by Filter": 32385,"Plans": [{"Node Type": "Nested Loop","Parent Relationship": "Outer","Parallel Aware": false,"Async Capable": false,"Join Type": "Inner","Startup Cost": 7.81,"Total Cost": 4194.26,"Plan Rows": 32000,"Plan Width": 14,"Actual Startup Time": 0.368,"Actual Total Time": 210.024,"Actual Rows": 35040,"Actual Loops": 1,"Inner Unique": false,"Plans": [{"Node Type": "Nested Loop","Parent Relationship": "Outer","Parallel Aware": false,"Async Capable": false,"Join Type": "Inner","Startup Cost": 7.38,"Total Cost": 244.58,"Plan Rows": 400,"Plan Width": 4,"Actual Startup Time": 0.322,"Actual Total Time": 2.894,"Actual Rows": 438,"Actual Loops": 1,"Inner Unique": false,"Plans": [{"Node Type": "Seq Scan","Parent Relationship": "Outer","Parallel Aware": false,"Async Capable": false,"Relation Name": "nation","Alias": "nation","Startup Cost": 0.00,"Total Cost": 1.31,"Plan Rows": 1,"Plan Width": 4,"Actual Startup Time": 0.077,"Actual Total Time": 0.103,"Actual Rows": 1,"Actual Loops": 1,"Filter": "(n_name = 'IRAQ'::bpchar)","Rows Removed by Filter": 24},{"Node Type": "Bitmap Heap Scan","Parent Relationship": "Inner","Parallel Aware": false,"Async Capable": false,"Relation Name": "supplier","Alias": "supplier","Startup Cost": 7.38,"Total Cost": 239.27,"Plan Rows": 400,"Plan Width": 8,"Actual Startup Time": 0.239,"Actual Total Time": 2.735,"Actual Rows": 438,"Actual Loops": 1,"Recheck Cond": "(s_nationkey = nation.n_nationkey)","Rows Removed by Index Recheck": 0,"Exact Heap Blocks": 194,"Lossy Heap Blocks": 0,"Plans": [{"Node Type": "Bitmap Index Scan","Parent Relationship": "Outer","Parallel Aware": false,"Async Capable": false,"Index Name": "idx_supplier_nation_key","Startup Cost": 0.00,"Total Cost": 7.29,"Plan Rows": 400,"Plan Width": 0,"Actual Startup Time": 0.165,"Actual Total Time": 0.169,"Actual Rows": 438,"Actual Loops": 1,"Index Cond": "(s_nationkey = nation.n_nationkey)"}]}]},{"Node Type": "Index Scan","Parent Relationship": "Inner","Parallel Aware": false,"Async Capable": false,"Scan Direction": "Forward","Index Name": "idx_partsupp_suppkey","Relation Name": "partsupp","Alias": "partsupp","Startup Cost": 0.42,"Total Cost": 9.07,"Plan Rows": 80,"Plan Width": 18,"Actual Startup Time": 0.019,"Actual Total Time": 0.461,"Actual Rows": 80,"Actual Loops": 438,"Index Cond": "(ps_suppkey = supplier.s_suppkey)","Rows Removed by Index Recheck": 0}]}]}]},"Planning Time": 5.748,"Triggers": [],"Execution Time": 483.087}]
[{"Plan": {"Node Type": "Sort","Parallel Aware": false,"Async Capable": false,"Startup Cost": 10142.20,"Total Cost": 10168.87,"Plan Rows": 10667,"Plan Width": 36,"Actual Startup Time": 460.724,"Actual Total Time": 460.840,"Actual Rows": 741,"Actual Loops": 1,"Sort Key": ["(sum((partsupp.ps_supplycost * (partsupp.ps_availqty)::numeric))) DESC"],"Sort Method": "quicksort","Sort Space Used": 65,"Sort Space Type": "Memory","Plans": [{"Node Type": "Aggregate","Strategy": "Plain","Partial Mode": "Simple","Parent Relationship": "InitPlan","Subplan Name": "InitPlan 1 (returns $2)","Parallel Aware": false,"Async Capable": false,"Startup Cost": 4434.26,"Total Cost": 4434.27,"Plan Rows": 1,"Plan Width": 32,"Actual Startup Time": 132.110,"Actual Total Time": 132.136,"Actual Rows": 1,"Actual Loops": 1,"Plans": [{"Node Type": "Nested Loop","Parent Relationship": "Outer","Parallel Aware": false,"Async Capable": false,"Join Type": "Inner","Startup Cost": 7.81,"Total Cost": 4194.26,"Plan Rows": 32000,"Plan Width": 10,"Actual Startup Time": 0.212,"Actual Total Time": 124.425,"Actual Rows": 33680,"Actual Loops": 1,"Inner Unique": false,"Plans": [{"Node Type": "Nested Loop","Parent Relationship": "Outer","Parallel Aware": false,"Async Capable": false,"Join Type": "Inner","Startup Cost": 7.38,"Total Cost": 244.58,"Plan Rows": 400,"Plan Width": 4,"Actual Startup Time": 0.146,"Actual Total Time": 1.771,"Actual Rows": 421,"Actual Loops": 1,"Inner Unique": false,"Plans": [{"Node Type": "Seq Scan","Parent Relationship": "Outer","Parallel Aware": false,"Async Capable": false,"Relation Name": "nation","Alias": "nation_1","Startup Cost": 0.00,"Total Cost": 1.31,"Plan Rows": 1,"Plan Width": 4,"Actual Startup Time": 0.036,"Actual Total Time": 0.052,"Actual Rows": 1,"Actual Loops": 1,"Filter": "(n_name = 'PERU'::bpchar)","Rows Removed by Filter": 24},{"Node Type": "Bitmap Heap Scan","Parent Relationship": "Inner","Parallel Aware": false,"Async Capable": false,"Relation Name": "supplier","Alias": "supplier_1","Startup Cost": 7.38,"Total Cost": 239.27,"Plan Rows": 400,"Plan Width": 8,"Actual Startup Time": 0.097,"Actual Total Time": 1.663,"Actual Rows": 421,"Actual Loops": 1,"Recheck Cond": "(s_nationkey = nation_1.n_nationkey)","Rows Removed by Index Recheck": 0,"Exact Heap Blocks": 187,"Lossy Heap Blocks": 0,"Plans": [{"Node Type": "Bitmap Index Scan","Parent Relationship": "Outer","Parallel Aware": false,"Async Capable": false,"Index Name": "idx_supplier_nation_key","Startup Cost": 0.00,"Total Cost": 7.29,"Plan Rows": 400,"Plan Width": 0,"Actual Startup Time": 0.063,"Actual Total Time": 0.070,"Actual Rows": 421,"Actual Loops": 1,"Index Cond": "(s_nationkey = nation_1.n_nationkey)"}]}]},{"Node Type": "Index Scan","Parent Relationship": "Inner","Parallel Aware": false,"Async Capable": false,"Scan Direction": "Forward","Index Name": "idx_partsupp_suppkey","Relation Name": "partsupp","Alias": "partsupp_1","Startup Cost": 0.42,"Total Cost": 9.07,"Plan Rows": 80,"Plan Width": 14,"Actual Startup Time": 0.014,"Actual Total Time": 0.279,"Actual Rows": 80,"Actual Loops": 421,"Index Cond": "(ps_suppkey = supplier_1.s_suppkey)","Rows Removed by Index Recheck": 0}]}]},{"Node Type": "Aggregate","Strategy": "Hashed","Partial Mode": "Simple","Parent Relationship": "Outer","Parallel Aware": false,"Async Capable": false,"Startup Cost": 4514.26,"Total Cost": 4994.26,"Plan Rows": 10667,"Plan Width": 36,"Actual Startup Time": 384.508,"Actual Total Time": 460.301,"Actual Rows": 741,"Actual Loops": 1,"Group Key": ["partsupp.ps_partkey"],"Filter": "(sum((partsupp.ps_supplycost * (partsupp.ps_availqty)::numeric)) > $2)","Planned Partitions": 0,"HashAgg Batches": 1,"Peak Memory Usage": 17937,"Disk Usage": 0,"Rows Removed by Filter": 30846,"Plans": [{"Node Type": "Nested Loop","Parent Relationship": "Outer","Parallel Aware": false,"Async Capable": false,"Join Type": "Inner","Startup Cost": 7.81,"Total Cost": 4194.26,"Plan Rows": 32000,"Plan Width": 14,"Actual Startup Time": 0.389,"Actual Total Time": 205.243,"Actual Rows": 33680,"Actual Loops": 1,"Inner Unique": false,"Plans": [{"Node Type": "Nested Loop","Parent Relationship": "Outer","Parallel Aware": false,"Async Capable": false,"Join Type": "Inner","Startup Cost": 7.38,"Total Cost": 244.58,"Plan Rows": 400,"Plan Width": 4,"Actual Startup Time": 0.332,"Actual Total Time": 2.785,"Actual Rows": 421,"Actual Loops": 1,"Inner Unique": false,"Plans": [{"Node Type": "Seq Scan","Parent Relationship": "Outer","Parallel Aware": false,"Async Capable": false,"Relation Name": "nation","Alias": "nation","Startup Cost": 0.00,"Total Cost": 1.31,"Plan Rows": 1,"Plan Width": 4,"Actual Startup Time": 0.057,"Actual Total Time": 0.075,"Actual Rows": 1,"Actual Loops": 1,"Filter": "(n_name = 'PERU'::bpchar)","Rows Removed by Filter": 24},{"Node Type": "Bitmap Heap Scan","Parent Relationship": "Inner","Parallel Aware": false,"Async Capable": false,"Relation Name": "supplier","Alias": "supplier","Startup Cost": 7.38,"Total Cost": 239.27,"Plan Rows": 400,"Plan Width": 8,"Actual Startup Time": 0.270,"Actual Total Time": 2.660,"Actual Rows": 421,"Actual Loops": 1,"Recheck Cond": "(s_nationkey = nation.n_nationkey)","Rows Removed by Index Recheck": 0,"Exact Heap Blocks": 187,"Lossy Heap Blocks": 0,"Plans": [{"Node Type": "Bitmap Index Scan","Parent Relationship": "Outer","Parallel Aware": false,"Async Capable": false,"Index Name": "idx_supplier_nation_key","Startup Cost": 0.00,"Total Cost": 7.29,"Plan Rows": 400,"Plan Width": 0,"Actual Startup Time": 0.195,"Actual Total Time": 0.196,"Actual Rows": 421,"Actual Loops": 1,"Index Cond": "(s_nationkey = nation.n_nationkey)"}]}]},{"Node Type": "Index Scan","Parent Relationship": "Inner","Parallel Aware": false,"Async Capable": false,"Scan Direction": "Forward","Index Name": "idx_partsupp_suppkey","Relation Name": "partsupp","Alias": "partsupp","Startup Cost": 0.42,"Total Cost": 9.07,"Plan Rows": 80,"Plan Width": 18,"Actual Startup Time": 0.018,"Actual Total Time": 0.469,"Actual Rows": 80,"Actual Loops": 421,"Index Cond": "(ps_suppkey = supplier.s_suppkey)","Rows Removed by Index Recheck": 0}]}]}]},"Planning Time": 6.964,"Triggers": [],"Execution Time": 464.153}]
[{"Plan": {"Node Type": "Sort","Parallel Aware": false,"Async Capable": false,"Startup Cost": 10142.20,"Total Cost": 10168.87,"Plan Rows": 10667,"Plan Width": 36,"Actual Startup Time": 443.389,"Actual Total Time": 443.514,"Actual Rows": 1031,"Actual Loops": 1,"Sort Key": ["(sum((partsupp.ps_supplycost * (partsupp.ps_availqty)::numeric))) DESC"],"Sort Method": "quicksort","Sort Space Used": 105,"Sort Space Type": "Memory","Plans": [{"Node Type": "Aggregate","Strategy": "Plain","Partial Mode": "Simple","Parent Relationship": "InitPlan","Subplan Name": "InitPlan 1 (returns $2)","Parallel Aware": false,"Async Capable": false,"Startup Cost": 4434.26,"Total Cost": 4434.27,"Plan Rows": 1,"Plan Width": 32,"Actual Startup Time": 132.940,"Actual Total Time": 132.957,"Actual Rows": 1,"Actual Loops": 1,"Plans": [{"Node Type": "Nested Loop","Parent Relationship": "Outer","Parallel Aware": false,"Async Capable": false,"Join Type": "Inner","Startup Cost": 7.81,"Total Cost": 4194.26,"Plan Rows": 32000,"Plan Width": 10,"Actual Startup Time": 0.263,"Actual Total Time": 125.681,"Actual Rows": 31440,"Actual Loops": 1,"Inner Unique": false,"Plans": [{"Node Type": "Nested Loop","Parent Relationship": "Outer","Parallel Aware": false,"Async Capable": false,"Join Type": "Inner","Startup Cost": 7.38,"Total Cost": 244.58,"Plan Rows": 400,"Plan Width": 4,"Actual Startup Time": 0.205,"Actual Total Time": 1.775,"Actual Rows": 393,"Actual Loops": 1,"Inner Unique": false,"Plans": [{"Node Type": "Seq Scan","Parent Relationship": "Outer","Parallel Aware": false,"Async Capable": false,"Relation Name": "nation","Alias": "nation_1","Startup Cost": 0.00,"Total Cost": 1.31,"Plan Rows": 1,"Plan Width": 4,"Actual Startup Time": 0.056,"Actual Total Time": 0.062,"Actual Rows": 1,"Actual Loops": 1,"Filter": "(n_name = 'UNITED STATES'::bpchar)","Rows Removed by Filter": 24},{"Node Type": "Bitmap Heap Scan","Parent Relationship": "Inner","Parallel Aware": false,"Async Capable": false,"Relation Name": "supplier","Alias": "supplier_1","Startup Cost": 7.38,"Total Cost": 239.27,"Plan Rows": 400,"Plan Width": 8,"Actual Startup Time": 0.126,"Actual Total Time": 1.648,"Actual Rows": 393,"Actual Loops": 1,"Recheck Cond": "(s_nationkey = nation_1.n_nationkey)","Rows Removed by Index Recheck": 0,"Exact Heap Blocks": 181,"Lossy Heap Blocks": 0,"Plans": [{"Node Type": "Bitmap Index Scan","Parent Relationship": "Outer","Parallel Aware": false,"Async Capable": false,"Index Name": "idx_supplier_nation_key","Startup Cost": 0.00,"Total Cost": 7.29,"Plan Rows": 400,"Plan Width": 0,"Actual Startup Time": 0.087,"Actual Total Time": 0.091,"Actual Rows": 393,"Actual Loops": 1,"Index Cond": "(s_nationkey = nation_1.n_nationkey)"}]}]},{"Node Type": "Index Scan","Parent Relationship": "Inner","Parallel Aware": false,"Async Capable": false,"Scan Direction": "Forward","Index Name": "idx_partsupp_suppkey","Relation Name": "partsupp","Alias": "partsupp_1","Startup Cost": 0.42,"Total Cost": 9.07,"Plan Rows": 80,"Plan Width": 14,"Actual Startup Time": 0.015,"Actual Total Time": 0.303,"Actual Rows": 80,"Actual Loops": 393,"Index Cond": "(ps_suppkey = supplier_1.s_suppkey)","Rows Removed by Index Recheck": 0}]}]},{"Node Type": "Aggregate","Strategy": "Hashed","Partial Mode": "Simple","Parent Relationship": "Outer","Parallel Aware": false,"Async Capable": false,"Startup Cost": 4514.26,"Total Cost": 4994.26,"Plan Rows": 10667,"Plan Width": 36,"Actual Startup Time": 371.004,"Actual Total Time": 442.894,"Actual Rows": 1031,"Actual Loops": 1,"Group Key": ["partsupp.ps_partkey"],"Filter": "(sum((partsupp.ps_supplycost * (partsupp.ps_availqty)::numeric)) > $2)","Planned Partitions": 0,"HashAgg Batches": 1,"Peak Memory Usage": 17937,"Disk Usage": 0,"Rows Removed by Filter": 28434,"Plans": [{"Node Type": "Nested Loop","Parent Relationship": "Outer","Parallel Aware": false,"Async Capable": false,"Join Type": "Inner","Startup Cost": 7.81,"Total Cost": 4194.26,"Plan Rows": 32000,"Plan Width": 14,"Actual Startup Time": 0.317,"Actual Total Time": 191.179,"Actual Rows": 31440,"Actual Loops": 1,"Inner Unique": false,"Plans": [{"Node Type": "Nested Loop","Parent Relationship": "Outer","Parallel Aware": false,"Async Capable": false,"Join Type": "Inner","Startup Cost": 7.38,"Total Cost": 244.58,"Plan Rows": 400,"Plan Width": 4,"Actual Startup Time": 0.258,"Actual Total Time": 2.692,"Actual Rows": 393,"Actual Loops": 1,"Inner Unique": false,"Plans": [{"Node Type": "Seq Scan","Parent Relationship": "Outer","Parallel Aware": false,"Async Capable": false,"Relation Name": "nation","Alias": "nation","Startup Cost": 0.00,"Total Cost": 1.31,"Plan Rows": 1,"Plan Width": 4,"Actual Startup Time": 0.065,"Actual Total Time": 0.076,"Actual Rows": 1,"Actual Loops": 1,"Filter": "(n_name = 'UNITED STATES'::bpchar)","Rows Removed by Filter": 24},{"Node Type": "Bitmap Heap Scan","Parent Relationship": "Inner","Parallel Aware": false,"Async Capable": false,"Relation Name": "supplier","Alias": "supplier","Startup Cost": 7.38,"Total Cost": 239.27,"Plan Rows": 400,"Plan Width": 8,"Actual Startup Time": 0.185,"Actual Total Time": 2.562,"Actual Rows": 393,"Actual Loops": 1,"Recheck Cond": "(s_nationkey = nation.n_nationkey)","Rows Removed by Index Recheck": 0,"Exact Heap Blocks": 181,"Lossy Heap Blocks": 0,"Plans": [{"Node Type": "Bitmap Index Scan","Parent Relationship": "Outer","Parallel Aware": false,"Async Capable": false,"Index Name": "idx_supplier_nation_key","Startup Cost": 0.00,"Total Cost": 7.29,"Plan Rows": 400,"Plan Width": 0,"Actual Startup Time": 0.119,"Actual Total Time": 0.122,"Actual Rows": 393,"Actual Loops": 1,"Index Cond": "(s_nationkey = nation.n_nationkey)"}]}]},{"Node Type": "Index Scan","Parent Relationship": "Inner","Parallel Aware": false,"Async Capable": false,"Scan Direction": "Forward","Index Name": "idx_partsupp_suppkey","Relation Name": "partsupp","Alias": "partsupp","Startup Cost": 0.42,"Total Cost": 9.07,"Plan Rows": 80,"Plan Width": 18,"Actual Startup Time": 0.020,"Actual Total Time": 0.468,"Actual Rows": 80,"Actual Loops": 393,"Index Cond": "(ps_suppkey = supplier.s_suppkey)","Rows Removed by Index Recheck": 0}]}]}]},"Planning Time": 7.102,"Triggers": [],"Execution Time": 445.930}]
[{"Plan": {"Node Type": "Sort","Parallel Aware": false,"Async Capable": false,"Startup Cost": 10142.20,"Total Cost": 10168.87,"Plan Rows": 10667,"Plan Width": 36,"Actual Startup Time": 427.262,"Actual Total Time": 427.423,"Actual Rows": 1241,"Actual Loops": 1,"Sort Key": ["(sum((partsupp.ps_supplycost * (partsupp.ps_availqty)::numeric))) DESC"],"Sort Method": "quicksort","Sort Space Used": 116,"Sort Space Type": "Memory","Plans": [{"Node Type": "Aggregate","Strategy": "Plain","Partial Mode": "Simple","Parent Relationship": "InitPlan","Subplan Name": "InitPlan 1 (returns $2)","Parallel Aware": false,"Async Capable": false,"Startup Cost": 4434.26,"Total Cost": 4434.27,"Plan Rows": 1,"Plan Width": 32,"Actual Startup Time": 127.406,"Actual Total Time": 127.426,"Actual Rows": 1,"Actual Loops": 1,"Plans": [{"Node Type": "Nested Loop","Parent Relationship": "Outer","Parallel Aware": false,"Async Capable": false,"Join Type": "Inner","Startup Cost": 7.81,"Total Cost": 4194.26,"Plan Rows": 32000,"Plan Width": 10,"Actual Startup Time": 0.226,"Actual Total Time": 120.281,"Actual Rows": 30400,"Actual Loops": 1,"Inner Unique": false,"Plans": [{"Node Type": "Nested Loop","Parent Relationship": "Outer","Parallel Aware": false,"Async Capable": false,"Join Type": "Inner","Startup Cost": 7.38,"Total Cost": 244.58,"Plan Rows": 400,"Plan Width": 4,"Actual Startup Time": 0.174,"Actual Total Time": 1.741,"Actual Rows": 380,"Actual Loops": 1,"Inner Unique": false,"Plans": [{"Node Type": "Seq Scan","Parent Relationship": "Outer","Parallel Aware": false,"Async Capable": false,"Relation Name": "nation","Alias": "nation_1","Startup Cost": 0.00,"Total Cost": 1.31,"Plan Rows": 1,"Plan Width": 4,"Actual Startup Time": 0.028,"Actual Total Time": 0.042,"Actual Rows": 1,"Actual Loops": 1,"Filter": "(n_name = 'ETHIOPIA'::bpchar)","Rows Removed by Filter": 24},{"Node Type": "Bitmap Heap Scan","Parent Relationship": "Inner","Parallel Aware": false,"Async Capable": false,"Relation Name": "supplier","Alias": "supplier_1","Startup Cost": 7.38,"Total Cost": 239.27,"Plan Rows": 400,"Plan Width": 8,"Actual Startup Time": 0.130,"Actual Total Time": 1.641,"Actual Rows": 380,"Actual Loops": 1,"Recheck Cond": "(s_nationkey = nation_1.n_nationkey)","Rows Removed by Index Recheck": 0,"Exact Heap Blocks": 192,"Lossy Heap Blocks": 0,"Plans": [{"Node Type": "Bitmap Index Scan","Parent Relationship": "Outer","Parallel Aware": false,"Async Capable": false,"Index Name": "idx_supplier_nation_key","Startup Cost": 0.00,"Total Cost": 7.29,"Plan Rows": 400,"Plan Width": 0,"Actual Startup Time": 0.089,"Actual Total Time": 0.091,"Actual Rows": 380,"Actual Loops": 1,"Index Cond": "(s_nationkey = nation_1.n_nationkey)"}]}]},{"Node Type": "Index Scan","Parent Relationship": "Inner","Parallel Aware": false,"Async Capable": false,"Scan Direction": "Forward","Index Name": "idx_partsupp_suppkey","Relation Name": "partsupp","Alias": "partsupp_1","Startup Cost": 0.42,"Total Cost": 9.07,"Plan Rows": 80,"Plan Width": 14,"Actual Startup Time": 0.015,"Actual Total Time": 0.299,"Actual Rows": 80,"Actual Loops": 380,"Index Cond": "(ps_suppkey = supplier_1.s_suppkey)","Rows Removed by Index Recheck": 0}]}]},{"Node Type": "Aggregate","Strategy": "Hashed","Partial Mode": "Simple","Parent Relationship": "Outer","Parallel Aware": false,"Async Capable": false,"Startup Cost": 4514.26,"Total Cost": 4994.26,"Plan Rows": 10667,"Plan Width": 36,"Actual Startup Time": 359.706,"Actual Total Time": 426.732,"Actual Rows": 1241,"Actual Loops": 1,"Group Key": ["partsupp.ps_partkey"],"Filter": "(sum((partsupp.ps_supplycost * (partsupp.ps_availqty)::numeric)) > $2)","Planned Partitions": 0,"HashAgg Batches": 1,"Peak Memory Usage": 17937,"Disk Usage": 0,"Rows Removed by Filter": 27374,"Plans": [{"Node Type": "Nested Loop","Parent Relationship": "Outer","Parallel Aware": false,"Async Capable": false,"Join Type": "Inner","Startup Cost": 7.81,"Total Cost": 4194.26,"Plan Rows": 32000,"Plan Width": 14,"Actual Startup Time": 0.377,"Actual Total Time": 187.744,"Actual Rows": 30400,"Actual Loops": 1,"Inner Unique": false,"Plans": [{"Node Type": "Nested Loop","Parent Relationship": "Outer","Parallel Aware": false,"Async Capable": false,"Join Type": "Inner","Startup Cost": 7.38,"Total Cost": 244.58,"Plan Rows": 400,"Plan Width": 4,"Actual Startup Time": 0.305,"Actual Total Time": 2.864,"Actual Rows": 380,"Actual Loops": 1,"Inner Unique": false,"Plans": [{"Node Type": "Seq Scan","Parent Relationship": "Outer","Parallel Aware": false,"Async Capable": false,"Relation Name": "nation","Alias": "nation","Startup Cost": 0.00,"Total Cost": 1.31,"Plan Rows": 1,"Plan Width": 4,"Actual Startup Time": 0.073,"Actual Total Time": 0.091,"Actual Rows": 1,"Actual Loops": 1,"Filter": "(n_name = 'ETHIOPIA'::bpchar)","Rows Removed by Filter": 24},{"Node Type": "Bitmap Heap Scan","Parent Relationship": "Inner","Parallel Aware": false,"Async Capable": false,"Relation Name": "supplier","Alias": "supplier","Startup Cost": 7.38,"Total Cost": 239.27,"Plan Rows": 400,"Plan Width": 8,"Actual Startup Time": 0.228,"Actual Total Time": 2.728,"Actual Rows": 380,"Actual Loops": 1,"Recheck Cond": "(s_nationkey = nation.n_nationkey)","Rows Removed by Index Recheck": 0,"Exact Heap Blocks": 192,"Lossy Heap Blocks": 0,"Plans": [{"Node Type": "Bitmap Index Scan","Parent Relationship": "Outer","Parallel Aware": false,"Async Capable": false,"Index Name": "idx_supplier_nation_key","Startup Cost": 0.00,"Total Cost": 7.29,"Plan Rows": 400,"Plan Width": 0,"Actual Startup Time": 0.146,"Actual Total Time": 0.146,"Actual Rows": 380,"Actual Loops": 1,"Index Cond": "(s_nationkey = nation.n_nationkey)"}]}]},{"Node Type": "Index Scan","Parent Relationship": "Inner","Parallel Aware": false,"Async Capable": false,"Scan Direction": "Forward","Index Name": "idx_partsupp_suppkey","Relation Name": "partsupp","Alias": "partsupp","Startup Cost": 0.42,"Total Cost": 9.07,"Plan Rows": 80,"Plan Width": 18,"Actual Startup Time": 0.020,"Actual Total Time": 0.475,"Actual Rows": 80,"Actual Loops": 380,"Index Cond": "(ps_suppkey = supplier.s_suppkey)","Rows Removed by Index Recheck": 0}]}]}]},"Planning Time": 7.180,"Triggers": [],"Execution Time": 429.797}]
[{"Plan": {"Node Type": "Sort","Parallel Aware": false,"Async Capable": false,"Startup Cost": 10142.20,"Total Cost": 10168.87,"Plan Rows": 10667,"Plan Width": 36,"Actual Startup Time": 463.200,"Actual Total Time": 463.334,"Actual Rows": 786,"Actual Loops": 1,"Sort Key": ["(sum((partsupp.ps_supplycost * (partsupp.ps_availqty)::numeric))) DESC"],"Sort Method": "quicksort","Sort Space Used": 67,"Sort Space Type": "Memory","Plans": [{"Node Type": "Aggregate","Strategy": "Plain","Partial Mode": "Simple","Parent Relationship": "InitPlan","Subplan Name": "InitPlan 1 (returns $2)","Parallel Aware": false,"Async Capable": false,"Startup Cost": 4434.26,"Total Cost": 4434.27,"Plan Rows": 1,"Plan Width": 32,"Actual Startup Time": 138.217,"Actual Total Time": 138.241,"Actual Rows": 1,"Actual Loops": 1,"Plans": [{"Node Type": "Nested Loop","Parent Relationship": "Outer","Parallel Aware": false,"Async Capable": false,"Join Type": "Inner","Startup Cost": 7.81,"Total Cost": 4194.26,"Plan Rows": 32000,"Plan Width": 10,"Actual Startup Time": 0.203,"Actual Total Time": 130.632,"Actual Rows": 33040,"Actual Loops": 1,"Inner Unique": false,"Plans": [{"Node Type": "Nested Loop","Parent Relationship": "Outer","Parallel Aware": false,"Async Capable": false,"Join Type": "Inner","Startup Cost": 7.38,"Total Cost": 244.58,"Plan Rows": 400,"Plan Width": 4,"Actual Startup Time": 0.159,"Actual Total Time": 1.911,"Actual Rows": 413,"Actual Loops": 1,"Inner Unique": false,"Plans": [{"Node Type": "Seq Scan","Parent Relationship": "Outer","Parallel Aware": false,"Async Capable": false,"Relation Name": "nation","Alias": "nation_1","Startup Cost": 0.00,"Total Cost": 1.31,"Plan Rows": 1,"Plan Width": 4,"Actual Startup Time": 0.020,"Actual Total Time": 0.050,"Actual Rows": 1,"Actual Loops": 1,"Filter": "(n_name = 'ARGENTINA'::bpchar)","Rows Removed by Filter": 24},{"Node Type": "Bitmap Heap Scan","Parent Relationship": "Inner","Parallel Aware": false,"Async Capable": false,"Relation Name": "supplier","Alias": "supplier_1","Startup Cost": 7.38,"Total Cost": 239.27,"Plan Rows": 400,"Plan Width": 8,"Actual Startup Time": 0.122,"Actual Total Time": 1.805,"Actual Rows": 413,"Actual Loops": 1,"Recheck Cond": "(s_nationkey = nation_1.n_nationkey)","Rows Removed by Index Recheck": 0,"Exact Heap Blocks": 190,"Lossy Heap Blocks": 0,"Plans": [{"Node Type": "Bitmap Index Scan","Parent Relationship": "Outer","Parallel Aware": false,"Async Capable": false,"Index Name": "idx_supplier_nation_key","Startup Cost": 0.00,"Total Cost": 7.29,"Plan Rows": 400,"Plan Width": 0,"Actual Startup Time": 0.076,"Actual Total Time": 0.082,"Actual Rows": 413,"Actual Loops": 1,"Index Cond": "(s_nationkey = nation_1.n_nationkey)"}]}]},{"Node Type": "Index Scan","Parent Relationship": "Inner","Parallel Aware": false,"Async Capable": false,"Scan Direction": "Forward","Index Name": "idx_partsupp_suppkey","Relation Name": "partsupp","Alias": "partsupp_1","Startup Cost": 0.42,"Total Cost": 9.07,"Plan Rows": 80,"Plan Width": 14,"Actual Startup Time": 0.015,"Actual Total Time": 0.299,"Actual Rows": 80,"Actual Loops": 413,"Index Cond": "(ps_suppkey = supplier_1.s_suppkey)","Rows Removed by Index Recheck": 0}]}]},{"Node Type": "Aggregate","Strategy": "Hashed","Partial Mode": "Simple","Parent Relationship": "Outer","Parallel Aware": false,"Async Capable": false,"Startup Cost": 4514.26,"Total Cost": 4994.26,"Plan Rows": 10667,"Plan Width": 36,"Actual Startup Time": 387.894,"Actual Total Time": 462.834,"Actual Rows": 786,"Actual Loops": 1,"Group Key": ["partsupp.ps_partkey"],"Filter": "(sum((partsupp.ps_supplycost * (partsupp.ps_availqty)::numeric)) > $2)","Planned Partitions": 0,"HashAgg Batches": 1,"Peak Memory Usage": 17937,"Disk Usage": 0,"Rows Removed by Filter": 30324,"Plans": [{"Node Type": "Nested Loop","Parent Relationship": "Outer","Parallel Aware": false,"Async Capable": false,"Join Type": "Inner","Startup Cost": 7.81,"Total Cost": 4194.26,"Plan Rows": 32000,"Plan Width": 14,"Actual Startup Time": 0.397,"Actual Total Time": 197.172,"Actual Rows": 33040,"Actual Loops": 1,"Inner Unique": false,"Plans": [{"Node Type": "Nested Loop","Parent Relationship": "Outer","Parallel Aware": false,"Async Capable": false,"Join Type": "Inner","Startup Cost": 7.38,"Total Cost": 244.58,"Plan Rows": 400,"Plan Width": 4,"Actual Startup Time": 0.324,"Actual Total Time": 2.886,"Actual Rows": 413,"Actual Loops": 1,"Inner Unique": false,"Plans": [{"Node Type": "Seq Scan","Parent Relationship": "Outer","Parallel Aware": false,"Async Capable": false,"Relation Name": "nation","Alias": "nation","Startup Cost": 0.00,"Total Cost": 1.31,"Plan Rows": 1,"Plan Width": 4,"Actual Startup Time": 0.073,"Actual Total Time": 0.106,"Actual Rows": 1,"Actual Loops": 1,"Filter": "(n_name = 'ARGENTINA'::bpchar)","Rows Removed by Filter": 24},{"Node Type": "Bitmap Heap Scan","Parent Relationship": "Inner","Parallel Aware": false,"Async Capable": false,"Relation Name": "supplier","Alias": "supplier","Startup Cost": 7.38,"Total Cost": 239.27,"Plan Rows": 400,"Plan Width": 8,"Actual Startup Time": 0.246,"Actual Total Time": 2.727,"Actual Rows": 413,"Actual Loops": 1,"Recheck Cond": "(s_nationkey = nation.n_nationkey)","Rows Removed by Index Recheck": 0,"Exact Heap Blocks": 190,"Lossy Heap Blocks": 0,"Plans": [{"Node Type": "Bitmap Index Scan","Parent Relationship": "Outer","Parallel Aware": false,"Async Capable": false,"Index Name": "idx_supplier_nation_key","Startup Cost": 0.00,"Total Cost": 7.29,"Plan Rows": 400,"Plan Width": 0,"Actual Startup Time": 0.154,"Actual Total Time": 0.156,"Actual Rows": 413,"Actual Loops": 1,"Index Cond": "(s_nationkey = nation.n_nationkey)"}]}]},{"Node Type": "Index Scan","Parent Relationship": "Inner","Parallel Aware": false,"Async Capable": false,"Scan Direction": "Forward","Index Name": "idx_partsupp_suppkey","Relation Name": "partsupp","Alias": "partsupp","Startup Cost": 0.42,"Total Cost": 9.07,"Plan Rows": 80,"Plan Width": 18,"Actual Startup Time": 0.020,"Actual Total Time": 0.459,"Actual Rows": 80,"Actual Loops": 413,"Index Cond": "(ps_suppkey = supplier.s_suppkey)","Rows Removed by Index Recheck": 0}]}]}]},"Planning Time": 6.005,"Triggers": [],"Execution Time": 466.166}]
[{"Plan": {"Node Type": "Sort","Parallel Aware": false,"Async Capable": false,"Startup Cost": 10142.20,"Total Cost": 10168.87,"Plan Rows": 10667,"Plan Width": 36,"Actual Startup Time": 448.613,"Actual Total Time": 448.730,"Actual Rows": 888,"Actual Loops": 1,"Sort Key": ["(sum((partsupp.ps_supplycost * (partsupp.ps_availqty)::numeric))) DESC"],"Sort Method": "quicksort","Sort Space Used": 73,"Sort Space Type": "Memory","Plans": [{"Node Type": "Aggregate","Strategy": "Plain","Partial Mode": "Simple","Parent Relationship": "InitPlan","Subplan Name": "InitPlan 1 (returns $2)","Parallel Aware": false,"Async Capable": false,"Startup Cost": 4434.26,"Total Cost": 4434.27,"Plan Rows": 1,"Plan Width": 32,"Actual Startup Time": 133.715,"Actual Total Time": 133.740,"Actual Rows": 1,"Actual Loops": 1,"Plans": [{"Node Type": "Nested Loop","Parent Relationship": "Outer","Parallel Aware": false,"Async Capable": false,"Join Type": "Inner","Startup Cost": 7.81,"Total Cost": 4194.26,"Plan Rows": 32000,"Plan Width": 10,"Actual Startup Time": 0.220,"Actual Total Time": 126.229,"Actual Rows": 32400,"Actual Loops": 1,"Inner Unique": false,"Plans": [{"Node Type": "Nested Loop","Parent Relationship": "Outer","Parallel Aware": false,"Async Capable": false,"Join Type": "Inner","Startup Cost": 7.38,"Total Cost": 244.58,"Plan Rows": 400,"Plan Width": 4,"Actual Startup Time": 0.174,"Actual Total Time": 1.918,"Actual Rows": 405,"Actual Loops": 1,"Inner Unique": false,"Plans": [{"Node Type": "Seq Scan","Parent Relationship": "Outer","Parallel Aware": false,"Async Capable": false,"Relation Name": "nation","Alias": "nation_1","Startup Cost": 0.00,"Total Cost": 1.31,"Plan Rows": 1,"Plan Width": 4,"Actual Startup Time": 0.049,"Actual Total Time": 0.070,"Actual Rows": 1,"Actual Loops": 1,"Filter": "(n_name = 'INDONESIA'::bpchar)","Rows Removed by Filter": 24},{"Node Type": "Bitmap Heap Scan","Parent Relationship": "Inner","Parallel Aware": false,"Async Capable": false,"Relation Name": "supplier","Alias": "supplier_1","Startup Cost": 7.38,"Total Cost": 239.27,"Plan Rows": 400,"Plan Width": 8,"Actual Startup Time": 0.105,"Actual Total Time": 1.781,"Actual Rows": 405,"Actual Loops": 1,"Recheck Cond": "(s_nationkey = nation_1.n_nationkey)","Rows Removed by Index Recheck": 0,"Exact Heap Blocks": 192,"Lossy Heap Blocks": 0,"Plans": [{"Node Type": "Bitmap Index Scan","Parent Relationship": "Outer","Parallel Aware": false,"Async Capable": false,"Index Name": "idx_supplier_nation_key","Startup Cost": 0.00,"Total Cost": 7.29,"Plan Rows": 400,"Plan Width": 0,"Actual Startup Time": 0.069,"Actual Total Time": 0.075,"Actual Rows": 405,"Actual Loops": 1,"Index Cond": "(s_nationkey = nation_1.n_nationkey)"}]}]},{"Node Type": "Index Scan","Parent Relationship": "Inner","Parallel Aware": false,"Async Capable": false,"Scan Direction": "Forward","Index Name": "idx_partsupp_suppkey","Relation Name": "partsupp","Alias": "partsupp_1","Startup Cost": 0.42,"Total Cost": 9.07,"Plan Rows": 80,"Plan Width": 14,"Actual Startup Time": 0.014,"Actual Total Time": 0.294,"Actual Rows": 80,"Actual Loops": 405,"Index Cond": "(ps_suppkey = supplier_1.s_suppkey)","Rows Removed by Index Recheck": 0}]}]},{"Node Type": "Aggregate","Strategy": "Hashed","Partial Mode": "Simple","Parent Relationship": "Outer","Parallel Aware": false,"Async Capable": false,"Startup Cost": 4514.26,"Total Cost": 4994.26,"Plan Rows": 10667,"Plan Width": 36,"Actual Startup Time": 376.503,"Actual Total Time": 448.157,"Actual Rows": 888,"Actual Loops": 1,"Group Key": ["partsupp.ps_partkey"],"Filter": "(sum((partsupp.ps_supplycost * (partsupp.ps_availqty)::numeric)) > $2)","Planned Partitions": 0,"HashAgg Batches": 1,"Peak Memory Usage": 17937,"Disk Usage": 0,"Rows Removed by Filter": 29597,"Plans": [{"Node Type": "Nested Loop","Parent Relationship": "Outer","Parallel Aware": false,"Async Capable": false,"Join Type": "Inner","Startup Cost": 7.81,"Total Cost": 4194.26,"Plan Rows": 32000,"Plan Width": 14,"Actual Startup Time": 0.375,"Actual Total Time": 200.721,"Actual Rows": 32400,"Actual Loops": 1,"Inner Unique": false,"Plans": [{"Node Type": "Nested Loop","Parent Relationship": "Outer","Parallel Aware": false,"Async Capable": false,"Join Type": "Inner","Startup Cost": 7.38,"Total Cost": 244.58,"Plan Rows": 400,"Plan Width": 4,"Actual Startup Time": 0.269,"Actual Total Time": 2.791,"Actual Rows": 405,"Actual Loops": 1,"Inner Unique": false,"Plans": [{"Node Type": "Seq Scan","Parent Relationship": "Outer","Parallel Aware": false,"Async Capable": false,"Relation Name": "nation","Alias": "nation","Startup Cost": 0.00,"Total Cost": 1.31,"Plan Rows": 1,"Plan Width": 4,"Actual Startup Time": 0.076,"Actual Total Time": 0.092,"Actual Rows": 1,"Actual Loops": 1,"Filter": "(n_name = 'INDONESIA'::bpchar)","Rows Removed by Filter": 24},{"Node Type": "Bitmap Heap Scan","Parent Relationship": "Inner","Parallel Aware": false,"Async Capable": false,"Relation Name": "supplier","Alias": "supplier","Startup Cost": 7.38,"Total Cost": 239.27,"Plan Rows": 400,"Plan Width": 8,"Actual Startup Time": 0.187,"Actual Total Time": 2.648,"Actual Rows": 405,"Actual Loops": 1,"Recheck Cond": "(s_nationkey = nation.n_nationkey)","Rows Removed by Index Recheck": 0,"Exact Heap Blocks": 192,"Lossy Heap Blocks": 0,"Plans": [{"Node Type": "Bitmap Index Scan","Parent Relationship": "Outer","Parallel Aware": false,"Async Capable": false,"Index Name": "idx_supplier_nation_key","Startup Cost": 0.00,"Total Cost": 7.29,"Plan Rows": 400,"Plan Width": 0,"Actual Startup Time": 0.121,"Actual Total Time": 0.124,"Actual Rows": 405,"Actual Loops": 1,"Index Cond": "(s_nationkey = nation.n_nationkey)"}]}]},{"Node Type": "Index Scan","Parent Relationship": "Inner","Parallel Aware": false,"Async Capable": false,"Scan Direction": "Forward","Index Name": "idx_partsupp_suppkey","Relation Name": "partsupp","Alias": "partsupp","Startup Cost": 0.42,"Total Cost": 9.07,"Plan Rows": 80,"Plan Width": 18,"Actual Startup Time": 0.019,"Actual Total Time": 0.477,"Actual Rows": 80,"Actual Loops": 405,"Index Cond": "(ps_suppkey = supplier.s_suppkey)","Rows Removed by Index Recheck": 0}]}]}]},"Planning Time": 7.214,"Triggers": [],"Execution Time": 451.949}]
[{"Plan": {"Node Type": "Sort","Parallel Aware": false,"Async Capable": false,"Startup Cost": 10142.20,"Total Cost": 10168.87,"Plan Rows": 10667,"Plan Width": 36,"Actual Startup Time": 433.392,"Actual Total Time": 433.521,"Actual Rows": 1062,"Actual Loops": 1,"Sort Key": ["(sum((partsupp.ps_supplycost * (partsupp.ps_availqty)::numeric))) DESC"],"Sort Method": "quicksort","Sort Space Used": 107,"Sort Space Type": "Memory","Plans": [{"Node Type": "Aggregate","Strategy": "Plain","Partial Mode": "Simple","Parent Relationship": "InitPlan","Subplan Name": "InitPlan 1 (returns $2)","Parallel Aware": false,"Async Capable": false,"Startup Cost": 4434.26,"Total Cost": 4434.27,"Plan Rows": 1,"Plan Width": 32,"Actual Startup Time": 125.971,"Actual Total Time": 125.990,"Actual Rows": 1,"Actual Loops": 1,"Plans": [{"Node Type": "Nested Loop","Parent Relationship": "Outer","Parallel Aware": false,"Async Capable": false,"Join Type": "Inner","Startup Cost": 7.81,"Total Cost": 4194.26,"Plan Rows": 32000,"Plan Width": 10,"Actual Startup Time": 0.203,"Actual Total Time": 118.781,"Actual Rows": 31440,"Actual Loops": 1,"Inner Unique": false,"Plans": [{"Node Type": "Nested Loop","Parent Relationship": "Outer","Parallel Aware": false,"Async Capable": false,"Join Type": "Inner","Startup Cost": 7.38,"Total Cost": 244.58,"Plan Rows": 400,"Plan Width": 4,"Actual Startup Time": 0.157,"Actual Total Time": 1.656,"Actual Rows": 393,"Actual Loops": 1,"Inner Unique": false,"Plans": [{"Node Type": "Seq Scan","Parent Relationship": "Outer","Parallel Aware": false,"Async Capable": false,"Relation Name": "nation","Alias": "nation_1","Startup Cost": 0.00,"Total Cost": 1.31,"Plan Rows": 1,"Plan Width": 4,"Actual Startup Time": 0.034,"Actual Total Time": 0.054,"Actual Rows": 1,"Actual Loops": 1,"Filter": "(n_name = 'IRAN'::bpchar)","Rows Removed by Filter": 24},{"Node Type": "Bitmap Heap Scan","Parent Relationship": "Inner","Parallel Aware": false,"Async Capable": false,"Relation Name": "supplier","Alias": "supplier_1","Startup Cost": 7.38,"Total Cost": 239.27,"Plan Rows": 400,"Plan Width": 8,"Actual Startup Time": 0.107,"Actual Total Time": 1.545,"Actual Rows": 393,"Actual Loops": 1,"Recheck Cond": "(s_nationkey = nation_1.n_nationkey)","Rows Removed by Index Recheck": 0,"Exact Heap Blocks": 179,"Lossy Heap Blocks": 0,"Plans": [{"Node Type": "Bitmap Index Scan","Parent Relationship": "Outer","Parallel Aware": false,"Async Capable": false,"Index Name": "idx_supplier_nation_key","Startup Cost": 0.00,"Total Cost": 7.29,"Plan Rows": 400,"Plan Width": 0,"Actual Startup Time": 0.076,"Actual Total Time": 0.080,"Actual Rows": 393,"Actual Loops": 1,"Index Cond": "(s_nationkey = nation_1.n_nationkey)"}]}]},{"Node Type": "Index Scan","Parent Relationship": "Inner","Parallel Aware": false,"Async Capable": false,"Scan Direction": "Forward","Index Name": "idx_partsupp_suppkey","Relation Name": "partsupp","Alias": "partsupp_1","Startup Cost": 0.42,"Total Cost": 9.07,"Plan Rows": 80,"Plan Width": 14,"Actual Startup Time": 0.014,"Actual Total Time": 0.286,"Actual Rows": 80,"Actual Loops": 393,"Index Cond": "(ps_suppkey = supplier_1.s_suppkey)","Rows Removed by Index Recheck": 0}]}]},{"Node Type": "Aggregate","Strategy": "Hashed","Partial Mode": "Simple","Parent Relationship": "Outer","Parallel Aware": false,"Async Capable": false,"Startup Cost": 4514.26,"Total Cost": 4994.26,"Plan Rows": 10667,"Plan Width": 36,"Actual Startup Time": 362.794,"Actual Total Time": 432.898,"Actual Rows": 1062,"Actual Loops": 1,"Group Key": ["partsupp.ps_partkey"],"Filter": "(sum((partsupp.ps_supplycost * (partsupp.ps_availqty)::numeric)) > $2)","Planned Partitions": 0,"HashAgg Batches": 1,"Peak Memory Usage": 17937,"Disk Usage": 0,"Rows Removed by Filter": 28595,"Plans": [{"Node Type": "Nested Loop","Parent Relationship": "Outer","Parallel Aware": false,"Async Capable": false,"Join Type": "Inner","Startup Cost": 7.81,"Total Cost": 4194.26,"Plan Rows": 32000,"Plan Width": 14,"Actual Startup Time": 0.338,"Actual Total Time": 194.810,"Actual Rows": 31440,"Actual Loops": 1,"Inner Unique": false,"Plans": [{"Node Type": "Nested Loop","Parent Relationship": "Outer","Parallel Aware": false,"Async Capable": false,"Join Type": "Inner","Startup Cost": 7.38,"Total Cost": 244.58,"Plan Rows": 400,"Plan Width": 4,"Actual Startup Time": 0.285,"Actual Total Time": 2.779,"Actual Rows": 393,"Actual Loops": 1,"Inner Unique": false,"Plans": [{"Node Type": "Seq Scan","Parent Relationship": "Outer","Parallel Aware": false,"Async Capable": false,"Relation Name": "nation","Alias": "nation","Startup Cost": 0.00,"Total Cost": 1.31,"Plan Rows": 1,"Plan Width": 4,"Actual Startup Time": 0.074,"Actual Total Time": 0.096,"Actual Rows": 1,"Actual Loops": 1,"Filter": "(n_name = 'IRAN'::bpchar)","Rows Removed by Filter": 24},{"Node Type": "Bitmap Heap Scan","Parent Relationship": "Inner","Parallel Aware": false,"Async Capable": false,"Relation Name": "supplier","Alias": "supplier","Startup Cost": 7.38,"Total Cost": 239.27,"Plan Rows": 400,"Plan Width": 8,"Actual Startup Time": 0.203,"Actual Total Time": 2.632,"Actual Rows": 393,"Actual Loops": 1,"Recheck Cond": "(s_nationkey = nation.n_nationkey)","Rows Removed by Index Recheck": 0,"Exact Heap Blocks": 179,"Lossy Heap Blocks": 0,"Plans": [{"Node Type": "Bitmap Index Scan","Parent Relationship": "Outer","Parallel Aware": false,"Async Capable": false,"Index Name": "idx_supplier_nation_key","Startup Cost": 0.00,"Total Cost": 7.29,"Plan Rows": 400,"Plan Width": 0,"Actual Startup Time": 0.138,"Actual Total Time": 0.139,"Actual Rows": 393,"Actual Loops": 1,"Index Cond": "(s_nationkey = nation.n_nationkey)"}]}]},{"Node Type": "Index Scan","Parent Relationship": "Inner","Parallel Aware": false,"Async Capable": false,"Scan Direction": "Forward","Index Name": "idx_partsupp_suppkey","Relation Name": "partsupp","Alias": "partsupp","Startup Cost": 0.42,"Total Cost": 9.07,"Plan Rows": 80,"Plan Width": 18,"Actual Startup Time": 0.019,"Actual Total Time": 0.477,"Actual Rows": 80,"Actual Loops": 393,"Index Cond": "(ps_suppkey = supplier.s_suppkey)","Rows Removed by Index Recheck": 0}]}]}]},"Planning Time": 6.603,"Triggers": [],"Execution Time": 437.000}]
[{"Plan": {"Node Type": "Sort","Parallel Aware": false,"Async Capable": false,"Startup Cost": 10142.20,"Total Cost": 10168.87,"Plan Rows": 10667,"Plan Width": 36,"Actual Startup Time": 443.389,"Actual Total Time": 443.514,"Actual Rows": 1031,"Actual Loops": 1,"Sort Key": ["(sum((partsupp.ps_supplycost * (partsupp.ps_availqty)::numeric))) DESC"],"Sort Method": "quicksort","Sort Space Used": 105,"Sort Space Type": "Memory","Plans": [{"Node Type": "Aggregate","Strategy": "Plain","Partial Mode": "Simple","Parent Relationship": "InitPlan","Subplan Name": "InitPlan 1 (returns $2)","Parallel Aware": false,"Async Capable": false,"Startup Cost": 4434.26,"Total Cost": 4434.27,"Plan Rows": 1,"Plan Width": 32,"Actual Startup Time": 132.940,"Actual Total Time": 132.957,"Actual Rows": 1,"Actual Loops": 1,"Plans": [{"Node Type": "Nested Loop","Parent Relationship": "Outer","Parallel Aware": false,"Async Capable": false,"Join Type": "Inner","Startup Cost": 7.81,"Total Cost": 4194.26,"Plan Rows": 32000,"Plan Width": 10,"Actual Startup Time": 0.263,"Actual Total Time": 125.681,"Actual Rows": 31440,"Actual Loops": 1,"Inner Unique": false,"Plans": [{"Node Type": "Nested Loop","Parent Relationship": "Outer","Parallel Aware": false,"Async Capable": false,"Join Type": "Inner","Startup Cost": 7.38,"Total Cost": 244.58,"Plan Rows": 400,"Plan Width": 4,"Actual Startup Time": 0.205,"Actual Total Time": 1.775,"Actual Rows": 393,"Actual Loops": 1,"Inner Unique": false,"Plans": [{"Node Type": "Seq Scan","Parent Relationship": "Outer","Parallel Aware": false,"Async Capable": false,"Relation Name": "nation","Alias": "nation_1","Startup Cost": 0.00,"Total Cost": 1.31,"Plan Rows": 1,"Plan Width": 4,"Actual Startup Time": 0.056,"Actual Total Time": 0.062,"Actual Rows": 1,"Actual Loops": 1,"Filter": "(n_name = 'UNITED STATES'::bpchar)","Rows Removed by Filter": 24},{"Node Type": "Bitmap Heap Scan","Parent Relationship": "Inner","Parallel Aware": false,"Async Capable": false,"Relation Name": "supplier","Alias": "supplier_1","Startup Cost": 7.38,"Total Cost": 239.27,"Plan Rows": 400,"Plan Width": 8,"Actual Startup Time": 0.126,"Actual Total Time": 1.648,"Actual Rows": 393,"Actual Loops": 1,"Recheck Cond": "(s_nationkey = nation_1.n_nationkey)","Rows Removed by Index Recheck": 0,"Exact Heap Blocks": 181,"Lossy Heap Blocks": 0,"Plans": [{"Node Type": "Bitmap Index Scan","Parent Relationship": "Outer","Parallel Aware": false,"Async Capable": false,"Index Name": "idx_supplier_nation_key","Startup Cost": 0.00,"Total Cost": 7.29,"Plan Rows": 400,"Plan Width": 0,"Actual Startup Time": 0.087,"Actual Total Time": 0.091,"Actual Rows": 393,"Actual Loops": 1,"Index Cond": "(s_nationkey = nation_1.n_nationkey)"}]}]},{"Node Type": "Index Scan","Parent Relationship": "Inner","Parallel Aware": false,"Async Capable": false,"Scan Direction": "Forward","Index Name": "idx_partsupp_suppkey","Relation Name": "partsupp","Alias": "partsupp_1","Startup Cost": 0.42,"Total Cost": 9.07,"Plan Rows": 80,"Plan Width": 14,"Actual Startup Time": 0.015,"Actual Total Time": 0.303,"Actual Rows": 80,"Actual Loops": 393,"Index Cond": "(ps_suppkey = supplier_1.s_suppkey)","Rows Removed by Index Recheck": 0}]}]},{"Node Type": "Aggregate","Strategy": "Hashed","Partial Mode": "Simple","Parent Relationship": "Outer","Parallel Aware": false,"Async Capable": false,"Startup Cost": 4514.26,"Total Cost": 4994.26,"Plan Rows": 10667,"Plan Width": 36,"Actual Startup Time": 371.004,"Actual Total Time": 442.894,"Actual Rows": 1031,"Actual Loops": 1,"Group Key": ["partsupp.ps_partkey"],"Filter": "(sum((partsupp.ps_supplycost * (partsupp.ps_availqty)::numeric)) > $2)","Planned Partitions": 0,"HashAgg Batches": 1,"Peak Memory Usage": 17937,"Disk Usage": 0,"Rows Removed by Filter": 28434,"Plans": [{"Node Type": "Nested Loop","Parent Relationship": "Outer","Parallel Aware": false,"Async Capable": false,"Join Type": "Inner","Startup Cost": 7.81,"Total Cost": 4194.26,"Plan Rows": 32000,"Plan Width": 14,"Actual Startup Time": 0.317,"Actual Total Time": 191.179,"Actual Rows": 31440,"Actual Loops": 1,"Inner Unique": false,"Plans": [{"Node Type": "Nested Loop","Parent Relationship": "Outer","Parallel Aware": false,"Async Capable": false,"Join Type": "Inner","Startup Cost": 7.38,"Total Cost": 244.58,"Plan Rows": 400,"Plan Width": 4,"Actual Startup Time": 0.258,"Actual Total Time": 2.692,"Actual Rows": 393,"Actual Loops": 1,"Inner Unique": false,"Plans": [{"Node Type": "Seq Scan","Parent Relationship": "Outer","Parallel Aware": false,"Async Capable": false,"Relation Name": "nation","Alias": "nation","Startup Cost": 0.00,"Total Cost": 1.31,"Plan Rows": 1,"Plan Width": 4,"Actual Startup Time": 0.065,"Actual Total Time": 0.076,"Actual Rows": 1,"Actual Loops": 1,"Filter": "(n_name = 'UNITED STATES'::bpchar)","Rows Removed by Filter": 24},{"Node Type": "Bitmap Heap Scan","Parent Relationship": "Inner","Parallel Aware": false,"Async Capable": false,"Relation Name": "supplier","Alias": "supplier","Startup Cost": 7.38,"Total Cost": 239.27,"Plan Rows": 400,"Plan Width": 8,"Actual Startup Time": 0.185,"Actual Total Time": 2.562,"Actual Rows": 393,"Actual Loops": 1,"Recheck Cond": "(s_nationkey = nation.n_nationkey)","Rows Removed by Index Recheck": 0,"Exact Heap Blocks": 181,"Lossy Heap Blocks": 0,"Plans": [{"Node Type": "Bitmap Index Scan","Parent Relationship": "Outer","Parallel Aware": false,"Async Capable": false,"Index Name": "idx_supplier_nation_key","Startup Cost": 0.00,"Total Cost": 7.29,"Plan Rows": 400,"Plan Width": 0,"Actual Startup Time": 0.119,"Actual Total Time": 0.122,"Actual Rows": 393,"Actual Loops": 1,"Index Cond": "(s_nationkey = nation.n_nationkey)"}]}]},{"Node Type": "Index Scan","Parent Relationship": "Inner","Parallel Aware": false,"Async Capable": false,"Scan Direction": "Forward","Index Name": "idx_partsupp_suppkey","Relation Name": "partsupp","Alias": "partsupp","Startup Cost": 0.42,"Total Cost": 9.07,"Plan Rows": 80,"Plan Width": 18,"Actual Startup Time": 0.020,"Actual Total Time": 0.468,"Actual Rows": 80,"Actual Loops": 393,"Index Cond": "(ps_suppkey = supplier.s_suppkey)","Rows Removed by Index Recheck": 0}]}]}]},"Planning Time": 7.102,"Triggers": [],"Execution Time": 445.930}]
[{"Plan": {"Node Type": "Sort","Parallel Aware": false,"Async Capable": false,"Startup Cost": 10142.20,"Total Cost": 10168.87,"Plan Rows": 10667,"Plan Width": 36,"Actual Startup Time": 438.718,"Actual Total Time": 438.846,"Actual Rows": 919,"Actual Loops": 1,"Sort Key": ["(sum((partsupp.ps_supplycost * (partsupp.ps_availqty)::numeric))) DESC"],"Sort Method": "quicksort","Sort Space Used": 75,"Sort Space Type": "Memory","Plans": [{"Node Type": "Aggregate","Strategy": "Plain","Partial Mode": "Simple","Parent Relationship": "InitPlan","Subplan Name": "InitPlan 1 (returns $2)","Parallel Aware": false,"Async Capable": false,"Startup Cost": 4434.26,"Total Cost": 4434.27,"Plan Rows": 1,"Plan Width": 32,"Actual Startup Time": 130.550,"Actual Total Time": 130.572,"Actual Rows": 1,"Actual Loops": 1,"Plans": [{"Node Type": "Nested Loop","Parent Relationship": "Outer","Parallel Aware": false,"Async Capable": false,"Join Type": "Inner","Startup Cost": 7.81,"Total Cost": 4194.26,"Plan Rows": 32000,"Plan Width": 10,"Actual Startup Time": 0.239,"Actual Total Time": 123.231,"Actual Rows": 32080,"Actual Loops": 1,"Inner Unique": false,"Plans": [{"Node Type": "Nested Loop","Parent Relationship": "Outer","Parallel Aware": false,"Async Capable": false,"Join Type": "Inner","Startup Cost": 7.38,"Total Cost": 244.58,"Plan Rows": 400,"Plan Width": 4,"Actual Startup Time": 0.189,"Actual Total Time": 1.751,"Actual Rows": 401,"Actual Loops": 1,"Inner Unique": false,"Plans": [{"Node Type": "Seq Scan","Parent Relationship": "Outer","Parallel Aware": false,"Async Capable": false,"Relation Name": "nation","Alias": "nation_1","Startup Cost": 0.00,"Total Cost": 1.31,"Plan Rows": 1,"Plan Width": 4,"Actual Startup Time": 0.044,"Actual Total Time": 0.061,"Actual Rows": 1,"Actual Loops": 1,"Filter": "(n_name = 'RUSSIA'::bpchar)","Rows Removed by Filter": 24},{"Node Type": "Bitmap Heap Scan","Parent Relationship": "Inner","Parallel Aware": false,"Async Capable": false,"Relation Name": "supplier","Alias": "supplier_1","Startup Cost": 7.38,"Total Cost": 239.27,"Plan Rows": 400,"Plan Width": 8,"Actual Startup Time": 0.130,"Actual Total Time": 1.632,"Actual Rows": 401,"Actual Loops": 1,"Recheck Cond": "(s_nationkey = nation_1.n_nationkey)","Rows Removed by Index Recheck": 0,"Exact Heap Blocks": 180,"Lossy Heap Blocks": 0,"Plans": [{"Node Type": "Bitmap Index Scan","Parent Relationship": "Outer","Parallel Aware": false,"Async Capable": false,"Index Name": "idx_supplier_nation_key","Startup Cost": 0.00,"Total Cost": 7.29,"Plan Rows": 400,"Plan Width": 0,"Actual Startup Time": 0.092,"Actual Total Time": 0.094,"Actual Rows": 401,"Actual Loops": 1,"Index Cond": "(s_nationkey = nation_1.n_nationkey)"}]}]},{"Node Type": "Index Scan","Parent Relationship": "Inner","Parallel Aware": false,"Async Capable": false,"Scan Direction": "Forward","Index Name": "idx_partsupp_suppkey","Relation Name": "partsupp","Alias": "partsupp_1","Startup Cost": 0.42,"Total Cost": 9.07,"Plan Rows": 80,"Plan Width": 14,"Actual Startup Time": 0.014,"Actual Total Time": 0.291,"Actual Rows": 80,"Actual Loops": 401,"Index Cond": "(ps_suppkey = supplier_1.s_suppkey)","Rows Removed by Index Recheck": 0}]}]},{"Node Type": "Aggregate","Strategy": "Hashed","Partial Mode": "Simple","Parent Relationship": "Outer","Parallel Aware": false,"Async Capable": false,"Startup Cost": 4514.26,"Total Cost": 4994.26,"Plan Rows": 10667,"Plan Width": 36,"Actual Startup Time": 367.075,"Actual Total Time": 438.260,"Actual Rows": 919,"Actual Loops": 1,"Group Key": ["partsupp.ps_partkey"],"Filter": "(sum((partsupp.ps_supplycost * (partsupp.ps_availqty)::numeric)) > $2)","Planned Partitions": 0,"HashAgg Batches": 1,"Peak Memory Usage": 17937,"Disk Usage": 0,"Rows Removed by Filter": 29289,"Plans": [{"Node Type": "Nested Loop","Parent Relationship": "Outer","Parallel Aware": false,"Async Capable": false,"Join Type": "Inner","Startup Cost": 7.81,"Total Cost": 4194.26,"Plan Rows": 32000,"Plan Width": 14,"Actual Startup Time": 0.388,"Actual Total Time": 194.500,"Actual Rows": 32080,"Actual Loops": 1,"Inner Unique": false,"Plans": [{"Node Type": "Nested Loop","Parent Relationship": "Outer","Parallel Aware": false,"Async Capable": false,"Join Type": "Inner","Startup Cost": 7.38,"Total Cost": 244.58,"Plan Rows": 400,"Plan Width": 4,"Actual Startup Time": 0.281,"Actual Total Time": 2.675,"Actual Rows": 401,"Actual Loops": 1,"Inner Unique": false,"Plans": [{"Node Type": "Seq Scan","Parent Relationship": "Outer","Parallel Aware": false,"Async Capable": false,"Relation Name": "nation","Alias": "nation","Startup Cost": 0.00,"Total Cost": 1.31,"Plan Rows": 1,"Plan Width": 4,"Actual Startup Time": 0.057,"Actual Total Time": 0.080,"Actual Rows": 1,"Actual Loops": 1,"Filter": "(n_name = 'RUSSIA'::bpchar)","Rows Removed by Filter": 24},{"Node Type": "Bitmap Heap Scan","Parent Relationship": "Inner","Parallel Aware": false,"Async Capable": false,"Relation Name": "supplier","Alias": "supplier","Startup Cost": 7.38,"Total Cost": 239.27,"Plan Rows": 400,"Plan Width": 8,"Actual Startup Time": 0.220,"Actual Total Time": 2.546,"Actual Rows": 401,"Actual Loops": 1,"Recheck Cond": "(s_nationkey = nation.n_nationkey)","Rows Removed by Index Recheck": 0,"Exact Heap Blocks": 180,"Lossy Heap Blocks": 0,"Plans": [{"Node Type": "Bitmap Index Scan","Parent Relationship": "Outer","Parallel Aware": false,"Async Capable": false,"Index Name": "idx_supplier_nation_key","Startup Cost": 0.00,"Total Cost": 7.29,"Plan Rows": 400,"Plan Width": 0,"Actual Startup Time": 0.151,"Actual Total Time": 0.154,"Actual Rows": 401,"Actual Loops": 1,"Index Cond": "(s_nationkey = nation.n_nationkey)"}]}]},{"Node Type": "Index Scan","Parent Relationship": "Inner","Parallel Aware": false,"Async Capable": false,"Scan Direction": "Forward","Index Name": "idx_partsupp_suppkey","Relation Name": "partsupp","Alias": "partsupp","Startup Cost": 0.42,"Total Cost": 9.07,"Plan Rows": 80,"Plan Width": 18,"Actual Startup Time": 0.018,"Actual Total Time": 0.467,"Actual Rows": 80,"Actual Loops": 401,"Index Cond": "(ps_suppkey = supplier.s_suppkey)","Rows Removed by Index Recheck": 0}]}]}]},"Planning Time": 6.216,"Triggers": [],"Execution Time": 442.343}]
[{"Plan": {"Node Type": "Sort","Parallel Aware": false,"Async Capable": false,"Startup Cost": 10142.20,"Total Cost": 10168.87,"Plan Rows": 10667,"Plan Width": 36,"Actual Startup Time": 460.124,"Actual Total Time": 460.279,"Actual Rows": 753,"Actual Loops": 1,"Sort Key": ["(sum((partsupp.ps_supplycost * (partsupp.ps_availqty)::numeric))) DESC"],"Sort Method": "quicksort","Sort Space Used": 66,"Sort Space Type": "Memory","Plans": [{"Node Type": "Aggregate","Strategy": "Plain","Partial Mode": "Simple","Parent Relationship": "InitPlan","Subplan Name": "InitPlan 1 (returns $2)","Parallel Aware": false,"Async Capable": false,"Startup Cost": 4434.26,"Total Cost": 4434.27,"Plan Rows": 1,"Plan Width": 32,"Actual Startup Time": 134.377,"Actual Total Time": 134.409,"Actual Rows": 1,"Actual Loops": 1,"Plans": [{"Node Type": "Nested Loop","Parent Relationship": "Outer","Parallel Aware": false,"Async Capable": false,"Join Type": "Inner","Startup Cost": 7.81,"Total Cost": 4194.26,"Plan Rows": 32000,"Plan Width": 10,"Actual Startup Time": 0.237,"Actual Total Time": 126.748,"Actual Rows": 33200,"Actual Loops": 1,"Inner Unique": false,"Plans": [{"Node Type": "Nested Loop","Parent Relationship": "Outer","Parallel Aware": false,"Async Capable": false,"Join Type": "Inner","Startup Cost": 7.38,"Total Cost": 244.58,"Plan Rows": 400,"Plan Width": 4,"Actual Startup Time": 0.181,"Actual Total Time": 1.854,"Actual Rows": 415,"Actual Loops": 1,"Inner Unique": false,"Plans": [{"Node Type": "Seq Scan","Parent Relationship": "Outer","Parallel Aware": false,"Async Capable": false,"Relation Name": "nation","Alias": "nation_1","Startup Cost": 0.00,"Total Cost": 1.31,"Plan Rows": 1,"Plan Width": 4,"Actual Startup Time": 0.049,"Actual Total Time": 0.067,"Actual Rows": 1,"Actual Loops": 1,"Filter": "(n_name = 'INDIA'::bpchar)","Rows Removed by Filter": 24},{"Node Type": "Bitmap Heap Scan","Parent Relationship": "Inner","Parallel Aware": false,"Async Capable": false,"Relation Name": "supplier","Alias": "supplier_1","Startup Cost": 7.38,"Total Cost": 239.27,"Plan Rows": 400,"Plan Width": 8,"Actual Startup Time": 0.112,"Actual Total Time": 1.723,"Actual Rows": 415,"Actual Loops": 1,"Recheck Cond": "(s_nationkey = nation_1.n_nationkey)","Rows Removed by Index Recheck": 0,"Exact Heap Blocks": 186,"Lossy Heap Blocks": 0,"Plans": [{"Node Type": "Bitmap Index Scan","Parent Relationship": "Outer","Parallel Aware": false,"Async Capable": false,"Index Name": "idx_supplier_nation_key","Startup Cost": 0.00,"Total Cost": 7.29,"Plan Rows": 400,"Plan Width": 0,"Actual Startup Time": 0.076,"Actual Total Time": 0.083,"Actual Rows": 415,"Actual Loops": 1,"Index Cond": "(s_nationkey = nation_1.n_nationkey)"}]}]},{"Node Type": "Index Scan","Parent Relationship": "Inner","Parallel Aware": false,"Async Capable": false,"Scan Direction": "Forward","Index Name": "idx_partsupp_suppkey","Relation Name": "partsupp","Alias": "partsupp_1","Startup Cost": 0.42,"Total Cost": 9.07,"Plan Rows": 80,"Plan Width": 14,"Actual Startup Time": 0.014,"Actual Total Time": 0.289,"Actual Rows": 80,"Actual Loops": 415,"Index Cond": "(ps_suppkey = supplier_1.s_suppkey)","Rows Removed by Index Recheck": 0}]}]},{"Node Type": "Aggregate","Strategy": "Hashed","Partial Mode": "Simple","Parent Relationship": "Outer","Parallel Aware": false,"Async Capable": false,"Startup Cost": 4514.26,"Total Cost": 4994.26,"Plan Rows": 10667,"Plan Width": 36,"Actual Startup Time": 384.255,"Actual Total Time": 459.696,"Actual Rows": 753,"Actual Loops": 1,"Group Key": ["partsupp.ps_partkey"],"Filter": "(sum((partsupp.ps_supplycost * (partsupp.ps_availqty)::numeric)) > $2)","Planned Partitions": 0,"HashAgg Batches": 1,"Peak Memory Usage": 17937,"Disk Usage": 0,"Rows Removed by Filter": 30329,"Plans": [{"Node Type": "Nested Loop","Parent Relationship": "Outer","Parallel Aware": false,"Async Capable": false,"Join Type": "Inner","Startup Cost": 7.81,"Total Cost": 4194.26,"Plan Rows": 32000,"Plan Width": 14,"Actual Startup Time": 0.331,"Actual Total Time": 205.215,"Actual Rows": 33200,"Actual Loops": 1,"Inner Unique": false,"Plans": [{"Node Type": "Nested Loop","Parent Relationship": "Outer","Parallel Aware": false,"Async Capable": false,"Join Type": "Inner","Startup Cost": 7.38,"Total Cost": 244.58,"Plan Rows": 400,"Plan Width": 4,"Actual Startup Time": 0.285,"Actual Total Time": 2.795,"Actual Rows": 415,"Actual Loops": 1,"Inner Unique": false,"Plans": [{"Node Type": "Seq Scan","Parent Relationship": "Outer","Parallel Aware": false,"Async Capable": false,"Relation Name": "nation","Alias": "nation","Startup Cost": 0.00,"Total Cost": 1.31,"Plan Rows": 1,"Plan Width": 4,"Actual Startup Time": 0.073,"Actual Total Time": 0.100,"Actual Rows": 1,"Actual Loops": 1,"Filter": "(n_name = 'INDIA'::bpchar)","Rows Removed by Filter": 24},{"Node Type": "Bitmap Heap Scan","Parent Relationship": "Inner","Parallel Aware": false,"Async Capable": false,"Relation Name": "supplier","Alias": "supplier","Startup Cost": 7.38,"Total Cost": 239.27,"Plan Rows": 400,"Plan Width": 8,"Actual Startup Time": 0.206,"Actual Total Time": 2.634,"Actual Rows": 415,"Actual Loops": 1,"Recheck Cond": "(s_nationkey = nation.n_nationkey)","Rows Removed by Index Recheck": 0,"Exact Heap Blocks": 186,"Lossy Heap Blocks": 0,"Plans": [{"Node Type": "Bitmap Index Scan","Parent Relationship": "Outer","Parallel Aware": false,"Async Capable": false,"Index Name": "idx_supplier_nation_key","Startup Cost": 0.00,"Total Cost": 7.29,"Plan Rows": 400,"Plan Width": 0,"Actual Startup Time": 0.132,"Actual Total Time": 0.135,"Actual Rows": 415,"Actual Loops": 1,"Index Cond": "(s_nationkey = nation.n_nationkey)"}]}]},{"Node Type": "Index Scan","Parent Relationship": "Inner","Parallel Aware": false,"Async Capable": false,"Scan Direction": "Forward","Index Name": "idx_partsupp_suppkey","Relation Name": "partsupp","Alias": "partsupp","Startup Cost": 0.42,"Total Cost": 9.07,"Plan Rows": 80,"Plan Width": 18,"Actual Startup Time": 0.019,"Actual Total Time": 0.476,"Actual Rows": 80,"Actual Loops": 415,"Index Cond": "(ps_suppkey = supplier.s_suppkey)","Rows Removed by Index Recheck": 0}]}]}]},"Planning Time": 5.856,"Triggers": [],"Execution Time": 463.781}]
[{"Plan": {"Node Type": "Sort","Parallel Aware": false,"Async Capable": false,"Startup Cost": 10142.20,"Total Cost": 10168.87,"Plan Rows": 10667,"Plan Width": 36,"Actual Startup Time": 449.560,"Actual Total Time": 449.671,"Actual Rows": 907,"Actual Loops": 1,"Sort Key": ["(sum((partsupp.ps_supplycost * (partsupp.ps_availqty)::numeric))) DESC"],"Sort Method": "quicksort","Sort Space Used": 74,"Sort Space Type": "Memory","Plans": [{"Node Type": "Aggregate","Strategy": "Plain","Partial Mode": "Simple","Parent Relationship": "InitPlan","Subplan Name": "InitPlan 1 (returns $2)","Parallel Aware": false,"Async Capable": false,"Startup Cost": 4434.26,"Total Cost": 4434.27,"Plan Rows": 1,"Plan Width": 32,"Actual Startup Time": 134.911,"Actual Total Time": 134.932,"Actual Rows": 1,"Actual Loops": 1,"Plans": [{"Node Type": "Nested Loop","Parent Relationship": "Outer","Parallel Aware": false,"Async Capable": false,"Join Type": "Inner","Startup Cost": 7.81,"Total Cost": 4194.26,"Plan Rows": 32000,"Plan Width": 10,"Actual Startup Time": 0.196,"Actual Total Time": 127.626,"Actual Rows": 31760,"Actual Loops": 1,"Inner Unique": false,"Plans": [{"Node Type": "Nested Loop","Parent Relationship": "Outer","Parallel Aware": false,"Async Capable": false,"Join Type": "Inner","Startup Cost": 7.38,"Total Cost": 244.58,"Plan Rows": 400,"Plan Width": 4,"Actual Startup Time": 0.146,"Actual Total Time": 1.719,"Actual Rows": 397,"Actual Loops": 1,"Inner Unique": false,"Plans": [{"Node Type": "Seq Scan","Parent Relationship": "Outer","Parallel Aware": false,"Async Capable": false,"Relation Name": "nation","Alias": "nation_1","Startup Cost": 0.00,"Total Cost": 1.31,"Plan Rows": 1,"Plan Width": 4,"Actual Startup Time": 0.024,"Actual Total Time": 0.052,"Actual Rows": 1,"Actual Loops": 1,"Filter": "(n_name = 'BRAZIL'::bpchar)","Rows Removed by Filter": 24},{"Node Type": "Bitmap Heap Scan","Parent Relationship": "Inner","Parallel Aware": false,"Async Capable": false,"Relation Name": "supplier","Alias": "supplier_1","Startup Cost": 7.38,"Total Cost": 239.27,"Plan Rows": 400,"Plan Width": 8,"Actual Startup Time": 0.105,"Actual Total Time": 1.602,"Actual Rows": 397,"Actual Loops": 1,"Recheck Cond": "(s_nationkey = nation_1.n_nationkey)","Rows Removed by Index Recheck": 0,"Exact Heap Blocks": 187,"Lossy Heap Blocks": 0,"Plans": [{"Node Type": "Bitmap Index Scan","Parent Relationship": "Outer","Parallel Aware": false,"Async Capable": false,"Index Name": "idx_supplier_nation_key","Startup Cost": 0.00,"Total Cost": 7.29,"Plan Rows": 400,"Plan Width": 0,"Actual Startup Time": 0.071,"Actual Total Time": 0.077,"Actual Rows": 397,"Actual Loops": 1,"Index Cond": "(s_nationkey = nation_1.n_nationkey)"}]}]},{"Node Type": "Index Scan","Parent Relationship": "Inner","Parallel Aware": false,"Async Capable": false,"Scan Direction": "Forward","Index Name": "idx_partsupp_suppkey","Relation Name": "partsupp","Alias": "partsupp_1","Startup Cost": 0.42,"Total Cost": 9.07,"Plan Rows": 80,"Plan Width": 14,"Actual Startup Time": 0.015,"Actual Total Time": 0.304,"Actual Rows": 80,"Actual Loops": 397,"Index Cond": "(ps_suppkey = supplier_1.s_suppkey)","Rows Removed by Index Recheck": 0}]}]},{"Node Type": "Aggregate","Strategy": "Hashed","Partial Mode": "Simple","Parent Relationship": "Outer","Parallel Aware": false,"Async Capable": false,"Startup Cost": 4514.26,"Total Cost": 4994.26,"Plan Rows": 10667,"Plan Width": 36,"Actual Startup Time": 378.380,"Actual Total Time": 449.162,"Actual Rows": 907,"Actual Loops": 1,"Group Key": ["partsupp.ps_partkey"],"Filter": "(sum((partsupp.ps_supplycost * (partsupp.ps_availqty)::numeric)) > $2)","Planned Partitions": 0,"HashAgg Batches": 1,"Peak Memory Usage": 17937,"Disk Usage": 0,"Rows Removed by Filter": 29157,"Plans": [{"Node Type": "Nested Loop","Parent Relationship": "Outer","Parallel Aware": false,"Async Capable": false,"Join Type": "Inner","Startup Cost": 7.81,"Total Cost": 4194.26,"Plan Rows": 32000,"Plan Width": 14,"Actual Startup Time": 0.353,"Actual Total Time": 195.500,"Actual Rows": 31760,"Actual Loops": 1,"Inner Unique": false,"Plans": [{"Node Type": "Nested Loop","Parent Relationship": "Outer","Parallel Aware": false,"Async Capable": false,"Join Type": "Inner","Startup Cost": 7.38,"Total Cost": 244.58,"Plan Rows": 400,"Plan Width": 4,"Actual Startup Time": 0.264,"Actual Total Time": 2.773,"Actual Rows": 397,"Actual Loops": 1,"Inner Unique": false,"Plans": [{"Node Type": "Seq Scan","Parent Relationship": "Outer","Parallel Aware": false,"Async Capable": false,"Relation Name": "nation","Alias": "nation","Startup Cost": 0.00,"Total Cost": 1.31,"Plan Rows": 1,"Plan Width": 4,"Actual Startup Time": 0.057,"Actual Total Time": 0.077,"Actual Rows": 1,"Actual Loops": 1,"Filter": "(n_name = 'BRAZIL'::bpchar)","Rows Removed by Filter": 24},{"Node Type": "Bitmap Heap Scan","Parent Relationship": "Inner","Parallel Aware": false,"Async Capable": false,"Relation Name": "supplier","Alias": "supplier","Startup Cost": 7.38,"Total Cost": 239.27,"Plan Rows": 400,"Plan Width": 8,"Actual Startup Time": 0.205,"Actual Total Time": 2.649,"Actual Rows": 397,"Actual Loops": 1,"Recheck Cond": "(s_nationkey = nation.n_nationkey)","Rows Removed by Index Recheck": 0,"Exact Heap Blocks": 187,"Lossy Heap Blocks": 0,"Plans": [{"Node Type": "Bitmap Index Scan","Parent Relationship": "Outer","Parallel Aware": false,"Async Capable": false,"Index Name": "idx_supplier_nation_key","Startup Cost": 0.00,"Total Cost": 7.29,"Plan Rows": 400,"Plan Width": 0,"Actual Startup Time": 0.130,"Actual Total Time": 0.131,"Actual Rows": 397,"Actual Loops": 1,"Index Cond": "(s_nationkey = nation.n_nationkey)"}]}]},{"Node Type": "Index Scan","Parent Relationship": "Inner","Parallel Aware": false,"Async Capable": false,"Scan Direction": "Forward","Index Name": "idx_partsupp_suppkey","Relation Name": "partsupp","Alias": "partsupp","Startup Cost": 0.42,"Total Cost": 9.07,"Plan Rows": 80,"Plan Width": 18,"Actual Startup Time": 0.020,"Actual Total Time": 0.474,"Actual Rows": 80,"Actual Loops": 397,"Index Cond": "(ps_suppkey = supplier.s_suppkey)","Rows Removed by Index Recheck": 0}]}]}]},"Planning Time": 5.165,"Triggers": [],"Execution Time": 452.133}]
[{"Plan": {"Node Type": "Sort","Parallel Aware": false,"Async Capable": false,"Startup Cost": 10142.20,"Total Cost": 10168.87,"Plan Rows": 10667,"Plan Width": 36,"Actual Startup Time": 454.370,"Actual Total Time": 454.495,"Actual Rows": 925,"Actual Loops": 1,"Sort Key": ["(sum((partsupp.ps_supplycost * (partsupp.ps_availqty)::numeric))) DESC"],"Sort Method": "quicksort","Sort Space Used": 75,"Sort Space Type": "Memory","Plans": [{"Node Type": "Aggregate","Strategy": "Plain","Partial Mode": "Simple","Parent Relationship": "InitPlan","Subplan Name": "InitPlan 1 (returns $2)","Parallel Aware": false,"Async Capable": false,"Startup Cost": 4434.26,"Total Cost": 4434.27,"Plan Rows": 1,"Plan Width": 32,"Actual Startup Time": 135.908,"Actual Total Time": 135.923,"Actual Rows": 1,"Actual Loops": 1,"Plans": [{"Node Type": "Nested Loop","Parent Relationship": "Outer","Parallel Aware": false,"Async Capable": false,"Join Type": "Inner","Startup Cost": 7.81,"Total Cost": 4194.26,"Plan Rows": 32000,"Plan Width": 10,"Actual Startup Time": 0.237,"Actual Total Time": 128.564,"Actual Rows": 31840,"Actual Loops": 1,"Inner Unique": false,"Plans": [{"Node Type": "Nested Loop","Parent Relationship": "Outer","Parallel Aware": false,"Async Capable": false,"Join Type": "Inner","Startup Cost": 7.38,"Total Cost": 244.58,"Plan Rows": 400,"Plan Width": 4,"Actual Startup Time": 0.190,"Actual Total Time": 1.776,"Actual Rows": 398,"Actual Loops": 1,"Inner Unique": false,"Plans": [{"Node Type": "Seq Scan","Parent Relationship": "Outer","Parallel Aware": false,"Async Capable": false,"Relation Name": "nation","Alias": "nation_1","Startup Cost": 0.00,"Total Cost": 1.31,"Plan Rows": 1,"Plan Width": 4,"Actual Startup Time": 0.045,"Actual Total Time": 0.060,"Actual Rows": 1,"Actual Loops": 1,"Filter": "(n_name = 'ROMANIA'::bpchar)","Rows Removed by Filter": 24},{"Node Type": "Bitmap Heap Scan","Parent Relationship": "Inner","Parallel Aware": false,"Async Capable": false,"Relation Name": "supplier","Alias": "supplier_1","Startup Cost": 7.38,"Total Cost": 239.27,"Plan Rows": 400,"Plan Width": 8,"Actual Startup Time": 0.127,"Actual Total Time": 1.656,"Actual Rows": 398,"Actual Loops": 1,"Recheck Cond": "(s_nationkey = nation_1.n_nationkey)","Rows Removed by Index Recheck": 0,"Exact Heap Blocks": 186,"Lossy Heap Blocks": 0,"Plans": [{"Node Type": "Bitmap Index Scan","Parent Relationship": "Outer","Parallel Aware": false,"Async Capable": false,"Index Name": "idx_supplier_nation_key","Startup Cost": 0.00,"Total Cost": 7.29,"Plan Rows": 400,"Plan Width": 0,"Actual Startup Time": 0.081,"Actual Total Time": 0.084,"Actual Rows": 398,"Actual Loops": 1,"Index Cond": "(s_nationkey = nation_1.n_nationkey)"}]}]},{"Node Type": "Index Scan","Parent Relationship": "Inner","Parallel Aware": false,"Async Capable": false,"Scan Direction": "Forward","Index Name": "idx_partsupp_suppkey","Relation Name": "partsupp","Alias": "partsupp_1","Startup Cost": 0.42,"Total Cost": 9.07,"Plan Rows": 80,"Plan Width": 14,"Actual Startup Time": 0.015,"Actual Total Time": 0.306,"Actual Rows": 80,"Actual Loops": 398,"Index Cond": "(ps_suppkey = supplier_1.s_suppkey)","Rows Removed by Index Recheck": 0}]}]},{"Node Type": "Aggregate","Strategy": "Hashed","Partial Mode": "Simple","Parent Relationship": "Outer","Parallel Aware": false,"Async Capable": false,"Startup Cost": 4514.26,"Total Cost": 4994.26,"Plan Rows": 10667,"Plan Width": 36,"Actual Startup Time": 383.049,"Actual Total Time": 453.972,"Actual Rows": 925,"Actual Loops": 1,"Group Key": ["partsupp.ps_partkey"],"Filter": "(sum((partsupp.ps_supplycost * (partsupp.ps_availqty)::numeric)) > $2)","Planned Partitions": 0,"HashAgg Batches": 1,"Peak Memory Usage": 17937,"Disk Usage": 0,"Rows Removed by Filter": 29106,"Plans": [{"Node Type": "Nested Loop","Parent Relationship": "Outer","Parallel Aware": false,"Async Capable": false,"Join Type": "Inner","Startup Cost": 7.81,"Total Cost": 4194.26,"Plan Rows": 32000,"Plan Width": 14,"Actual Startup Time": 0.324,"Actual Total Time": 197.326,"Actual Rows": 31840,"Actual Loops": 1,"Inner Unique": false,"Plans": [{"Node Type": "Nested Loop","Parent Relationship": "Outer","Parallel Aware": false,"Async Capable": false,"Join Type": "Inner","Startup Cost": 7.38,"Total Cost": 244.58,"Plan Rows": 400,"Plan Width": 4,"Actual Startup Time": 0.245,"Actual Total Time": 2.763,"Actual Rows": 398,"Actual Loops": 1,"Inner Unique": false,"Plans": [{"Node Type": "Seq Scan","Parent Relationship": "Outer","Parallel Aware": false,"Async Capable": false,"Relation Name": "nation","Alias": "nation","Startup Cost": 0.00,"Total Cost": 1.31,"Plan Rows": 1,"Plan Width": 4,"Actual Startup Time": 0.070,"Actual Total Time": 0.094,"Actual Rows": 1,"Actual Loops": 1,"Filter": "(n_name = 'ROMANIA'::bpchar)","Rows Removed by Filter": 24},{"Node Type": "Bitmap Heap Scan","Parent Relationship": "Inner","Parallel Aware": false,"Async Capable": false,"Relation Name": "supplier","Alias": "supplier","Startup Cost": 7.38,"Total Cost": 239.27,"Plan Rows": 400,"Plan Width": 8,"Actual Startup Time": 0.167,"Actual Total Time": 2.613,"Actual Rows": 398,"Actual Loops": 1,"Recheck Cond": "(s_nationkey = nation.n_nationkey)","Rows Removed by Index Recheck": 0,"Exact Heap Blocks": 186,"Lossy Heap Blocks": 0,"Plans": [{"Node Type": "Bitmap Index Scan","Parent Relationship": "Outer","Parallel Aware": false,"Async Capable": false,"Index Name": "idx_supplier_nation_key","Startup Cost": 0.00,"Total Cost": 7.29,"Plan Rows": 400,"Plan Width": 0,"Actual Startup Time": 0.108,"Actual Total Time": 0.110,"Actual Rows": 398,"Actual Loops": 1,"Index Cond": "(s_nationkey = nation.n_nationkey)"}]}]},{"Node Type": "Index Scan","Parent Relationship": "Inner","Parallel Aware": false,"Async Capable": false,"Scan Direction": "Forward","Index Name": "idx_partsupp_suppkey","Relation Name": "partsupp","Alias": "partsupp","Startup Cost": 0.42,"Total Cost": 9.07,"Plan Rows": 80,"Plan Width": 18,"Actual Startup Time": 0.020,"Actual Total Time": 0.477,"Actual Rows": 80,"Actual Loops": 398,"Index Cond": "(ps_suppkey = supplier.s_suppkey)","Rows Removed by Index Recheck": 0}]}]}]},"Planning Time": 5.113,"Triggers": [],"Execution Time": 456.866}]
[{"Plan": {"Node Type": "Sort","Parallel Aware": false,"Async Capable": false,"Startup Cost": 10142.20,"Total Cost": 10168.87,"Plan Rows": 10667,"Plan Width": 36,"Actual Startup Time": 464.748,"Actual Total Time": 464.880,"Actual Rows": 665,"Actual Loops": 1,"Sort Key": ["(sum((partsupp.ps_supplycost * (partsupp.ps_availqty)::numeric))) DESC"],"Sort Method": "quicksort","Sort Space Used": 61,"Sort Space Type": "Memory","Plans": [{"Node Type": "Aggregate","Strategy": "Plain","Partial Mode": "Simple","Parent Relationship": "InitPlan","Subplan Name": "InitPlan 1 (returns $2)","Parallel Aware": false,"Async Capable": false,"Startup Cost": 4434.26,"Total Cost": 4434.27,"Plan Rows": 1,"Plan Width": 32,"Actual Startup Time": 134.444,"Actual Total Time": 134.478,"Actual Rows": 1,"Actual Loops": 1,"Plans": [{"Node Type": "Nested Loop","Parent Relationship": "Outer","Parallel Aware": false,"Async Capable": false,"Join Type": "Inner","Startup Cost": 7.81,"Total Cost": 4194.26,"Plan Rows": 32000,"Plan Width": 10,"Actual Startup Time": 0.195,"Actual Total Time": 126.758,"Actual Rows": 33600,"Actual Loops": 1,"Inner Unique": false,"Plans": [{"Node Type": "Nested Loop","Parent Relationship": "Outer","Parallel Aware": false,"Async Capable": false,"Join Type": "Inner","Startup Cost": 7.38,"Total Cost": 244.58,"Plan Rows": 400,"Plan Width": 4,"Actual Startup Time": 0.143,"Actual Total Time": 1.895,"Actual Rows": 420,"Actual Loops": 1,"Inner Unique": false,"Plans": [{"Node Type": "Seq Scan","Parent Relationship": "Outer","Parallel Aware": false,"Async Capable": false,"Relation Name": "nation","Alias": "nation_1","Startup Cost": 0.00,"Total Cost": 1.31,"Plan Rows": 1,"Plan Width": 4,"Actual Startup Time": 0.024,"Actual Total Time": 0.046,"Actual Rows": 1,"Actual Loops": 1,"Filter": "(n_name = 'ALGERIA'::bpchar)","Rows Removed by Filter": 24},{"Node Type": "Bitmap Heap Scan","Parent Relationship": "Inner","Parallel Aware": false,"Async Capable": false,"Relation Name": "supplier","Alias": "supplier_1","Startup Cost": 7.38,"Total Cost": 239.27,"Plan Rows": 400,"Plan Width": 8,"Actual Startup Time": 0.107,"Actual Total Time": 1.788,"Actual Rows": 420,"Actual Loops": 1,"Recheck Cond": "(s_nationkey = nation_1.n_nationkey)","Rows Removed by Index Recheck": 0,"Exact Heap Blocks": 197,"Lossy Heap Blocks": 0,"Plans": [{"Node Type": "Bitmap Index Scan","Parent Relationship": "Outer","Parallel Aware": false,"Async Capable": false,"Index Name": "idx_supplier_nation_key","Startup Cost": 0.00,"Total Cost": 7.29,"Plan Rows": 400,"Plan Width": 0,"Actual Startup Time": 0.069,"Actual Total Time": 0.076,"Actual Rows": 420,"Actual Loops": 1,"Index Cond": "(s_nationkey = nation_1.n_nationkey)"}]}]},{"Node Type": "Index Scan","Parent Relationship": "Inner","Parallel Aware": false,"Async Capable": false,"Scan Direction": "Forward","Index Name": "idx_partsupp_suppkey","Relation Name": "partsupp","Alias": "partsupp_1","Startup Cost": 0.42,"Total Cost": 9.07,"Plan Rows": 80,"Plan Width": 14,"Actual Startup Time": 0.014,"Actual Total Time": 0.285,"Actual Rows": 80,"Actual Loops": 420,"Index Cond": "(ps_suppkey = supplier_1.s_suppkey)","Rows Removed by Index Recheck": 0}]}]},{"Node Type": "Aggregate","Strategy": "Hashed","Partial Mode": "Simple","Parent Relationship": "Outer","Parallel Aware": false,"Async Capable": false,"Startup Cost": 4514.26,"Total Cost": 4994.26,"Plan Rows": 10667,"Plan Width": 36,"Actual Startup Time": 388.152,"Actual Total Time": 464.346,"Actual Rows": 665,"Actual Loops": 1,"Group Key": ["partsupp.ps_partkey"],"Filter": "(sum((partsupp.ps_supplycost * (partsupp.ps_availqty)::numeric)) > $2)","Planned Partitions": 0,"HashAgg Batches": 1,"Peak Memory Usage": 17937,"Disk Usage": 0,"Rows Removed by Filter": 30920,"Plans": [{"Node Type": "Nested Loop","Parent Relationship": "Outer","Parallel Aware": false,"Async Capable": false,"Join Type": "Inner","Startup Cost": 7.81,"Total Cost": 4194.26,"Plan Rows": 32000,"Plan Width": 14,"Actual Startup Time": 0.388,"Actual Total Time": 207.629,"Actual Rows": 33600,"Actual Loops": 1,"Inner Unique": false,"Plans": [{"Node Type": "Nested Loop","Parent Relationship": "Outer","Parallel Aware": false,"Async Capable": false,"Join Type": "Inner","Startup Cost": 7.38,"Total Cost": 244.58,"Plan Rows": 400,"Plan Width": 4,"Actual Startup Time": 0.274,"Actual Total Time": 2.984,"Actual Rows": 420,"Actual Loops": 1,"Inner Unique": false,"Plans": [{"Node Type": "Seq Scan","Parent Relationship": "Outer","Parallel Aware": false,"Async Capable": false,"Relation Name": "nation","Alias": "nation","Startup Cost": 0.00,"Total Cost": 1.31,"Plan Rows": 1,"Plan Width": 4,"Actual Startup Time": 0.081,"Actual Total Time": 0.099,"Actual Rows": 1,"Actual Loops": 1,"Filter": "(n_name = 'ALGERIA'::bpchar)","Rows Removed by Filter": 24},{"Node Type": "Bitmap Heap Scan","Parent Relationship": "Inner","Parallel Aware": false,"Async Capable": false,"Relation Name": "supplier","Alias": "supplier","Startup Cost": 7.38,"Total Cost": 239.27,"Plan Rows": 400,"Plan Width": 8,"Actual Startup Time": 0.184,"Actual Total Time": 2.823,"Actual Rows": 420,"Actual Loops": 1,"Recheck Cond": "(s_nationkey = nation.n_nationkey)","Rows Removed by Index Recheck": 0,"Exact Heap Blocks": 197,"Lossy Heap Blocks": 0,"Plans": [{"Node Type": "Bitmap Index Scan","Parent Relationship": "Outer","Parallel Aware": false,"Async Capable": false,"Index Name": "idx_supplier_nation_key","Startup Cost": 0.00,"Total Cost": 7.29,"Plan Rows": 400,"Plan Width": 0,"Actual Startup Time": 0.105,"Actual Total Time": 0.106,"Actual Rows": 420,"Actual Loops": 1,"Index Cond": "(s_nationkey = nation.n_nationkey)"}]}]},{"Node Type": "Index Scan","Parent Relationship": "Inner","Parallel Aware": false,"Async Capable": false,"Scan Direction": "Forward","Index Name": "idx_partsupp_suppkey","Relation Name": "partsupp","Alias": "partsupp","Startup Cost": 0.42,"Total Cost": 9.07,"Plan Rows": 80,"Plan Width": 18,"Actual Startup Time": 0.019,"Actual Total Time": 0.475,"Actual Rows": 80,"Actual Loops": 420,"Index Cond": "(ps_suppkey = supplier.s_suppkey)","Rows Removed by Index Recheck": 0}]}]}]},"Planning Time": 6.930,"Triggers": [],"Execution Time": 468.122}]
[{"Plan": {"Node Type": "Sort","Parallel Aware": false,"Async Capable": false,"Startup Cost": 10142.20,"Total Cost": 10168.87,"Plan Rows": 10667,"Plan Width": 36,"Actual Startup Time": 464.748,"Actual Total Time": 464.880,"Actual Rows": 665,"Actual Loops": 1,"Sort Key": ["(sum((partsupp.ps_supplycost * (partsupp.ps_availqty)::numeric))) DESC"],"Sort Method": "quicksort","Sort Space Used": 61,"Sort Space Type": "Memory","Plans": [{"Node Type": "Aggregate","Strategy": "Plain","Partial Mode": "Simple","Parent Relationship": "InitPlan","Subplan Name": "InitPlan 1 (returns $2)","Parallel Aware": false,"Async Capable": false,"Startup Cost": 4434.26,"Total Cost": 4434.27,"Plan Rows": 1,"Plan Width": 32,"Actual Startup Time": 134.444,"Actual Total Time": 134.478,"Actual Rows": 1,"Actual Loops": 1,"Plans": [{"Node Type": "Nested Loop","Parent Relationship": "Outer","Parallel Aware": false,"Async Capable": false,"Join Type": "Inner","Startup Cost": 7.81,"Total Cost": 4194.26,"Plan Rows": 32000,"Plan Width": 10,"Actual Startup Time": 0.195,"Actual Total Time": 126.758,"Actual Rows": 33600,"Actual Loops": 1,"Inner Unique": false,"Plans": [{"Node Type": "Nested Loop","Parent Relationship": "Outer","Parallel Aware": false,"Async Capable": false,"Join Type": "Inner","Startup Cost": 7.38,"Total Cost": 244.58,"Plan Rows": 400,"Plan Width": 4,"Actual Startup Time": 0.143,"Actual Total Time": 1.895,"Actual Rows": 420,"Actual Loops": 1,"Inner Unique": false,"Plans": [{"Node Type": "Seq Scan","Parent Relationship": "Outer","Parallel Aware": false,"Async Capable": false,"Relation Name": "nation","Alias": "nation_1","Startup Cost": 0.00,"Total Cost": 1.31,"Plan Rows": 1,"Plan Width": 4,"Actual Startup Time": 0.024,"Actual Total Time": 0.046,"Actual Rows": 1,"Actual Loops": 1,"Filter": "(n_name = 'ALGERIA'::bpchar)","Rows Removed by Filter": 24},{"Node Type": "Bitmap Heap Scan","Parent Relationship": "Inner","Parallel Aware": false,"Async Capable": false,"Relation Name": "supplier","Alias": "supplier_1","Startup Cost": 7.38,"Total Cost": 239.27,"Plan Rows": 400,"Plan Width": 8,"Actual Startup Time": 0.107,"Actual Total Time": 1.788,"Actual Rows": 420,"Actual Loops": 1,"Recheck Cond": "(s_nationkey = nation_1.n_nationkey)","Rows Removed by Index Recheck": 0,"Exact Heap Blocks": 197,"Lossy Heap Blocks": 0,"Plans": [{"Node Type": "Bitmap Index Scan","Parent Relationship": "Outer","Parallel Aware": false,"Async Capable": false,"Index Name": "idx_supplier_nation_key","Startup Cost": 0.00,"Total Cost": 7.29,"Plan Rows": 400,"Plan Width": 0,"Actual Startup Time": 0.069,"Actual Total Time": 0.076,"Actual Rows": 420,"Actual Loops": 1,"Index Cond": "(s_nationkey = nation_1.n_nationkey)"}]}]},{"Node Type": "Index Scan","Parent Relationship": "Inner","Parallel Aware": false,"Async Capable": false,"Scan Direction": "Forward","Index Name": "idx_partsupp_suppkey","Relation Name": "partsupp","Alias": "partsupp_1","Startup Cost": 0.42,"Total Cost": 9.07,"Plan Rows": 80,"Plan Width": 14,"Actual Startup Time": 0.014,"Actual Total Time": 0.285,"Actual Rows": 80,"Actual Loops": 420,"Index Cond": "(ps_suppkey = supplier_1.s_suppkey)","Rows Removed by Index Recheck": 0}]}]},{"Node Type": "Aggregate","Strategy": "Hashed","Partial Mode": "Simple","Parent Relationship": "Outer","Parallel Aware": false,"Async Capable": false,"Startup Cost": 4514.26,"Total Cost": 4994.26,"Plan Rows": 10667,"Plan Width": 36,"Actual Startup Time": 388.152,"Actual Total Time": 464.346,"Actual Rows": 665,"Actual Loops": 1,"Group Key": ["partsupp.ps_partkey"],"Filter": "(sum((partsupp.ps_supplycost * (partsupp.ps_availqty)::numeric)) > $2)","Planned Partitions": 0,"HashAgg Batches": 1,"Peak Memory Usage": 17937,"Disk Usage": 0,"Rows Removed by Filter": 30920,"Plans": [{"Node Type": "Nested Loop","Parent Relationship": "Outer","Parallel Aware": false,"Async Capable": false,"Join Type": "Inner","Startup Cost": 7.81,"Total Cost": 4194.26,"Plan Rows": 32000,"Plan Width": 14,"Actual Startup Time": 0.388,"Actual Total Time": 207.629,"Actual Rows": 33600,"Actual Loops": 1,"Inner Unique": false,"Plans": [{"Node Type": "Nested Loop","Parent Relationship": "Outer","Parallel Aware": false,"Async Capable": false,"Join Type": "Inner","Startup Cost": 7.38,"Total Cost": 244.58,"Plan Rows": 400,"Plan Width": 4,"Actual Startup Time": 0.274,"Actual Total Time": 2.984,"Actual Rows": 420,"Actual Loops": 1,"Inner Unique": false,"Plans": [{"Node Type": "Seq Scan","Parent Relationship": "Outer","Parallel Aware": false,"Async Capable": false,"Relation Name": "nation","Alias": "nation","Startup Cost": 0.00,"Total Cost": 1.31,"Plan Rows": 1,"Plan Width": 4,"Actual Startup Time": 0.081,"Actual Total Time": 0.099,"Actual Rows": 1,"Actual Loops": 1,"Filter": "(n_name = 'ALGERIA'::bpchar)","Rows Removed by Filter": 24},{"Node Type": "Bitmap Heap Scan","Parent Relationship": "Inner","Parallel Aware": false,"Async Capable": false,"Relation Name": "supplier","Alias": "supplier","Startup Cost": 7.38,"Total Cost": 239.27,"Plan Rows": 400,"Plan Width": 8,"Actual Startup Time": 0.184,"Actual Total Time": 2.823,"Actual Rows": 420,"Actual Loops": 1,"Recheck Cond": "(s_nationkey = nation.n_nationkey)","Rows Removed by Index Recheck": 0,"Exact Heap Blocks": 197,"Lossy Heap Blocks": 0,"Plans": [{"Node Type": "Bitmap Index Scan","Parent Relationship": "Outer","Parallel Aware": false,"Async Capable": false,"Index Name": "idx_supplier_nation_key","Startup Cost": 0.00,"Total Cost": 7.29,"Plan Rows": 400,"Plan Width": 0,"Actual Startup Time": 0.105,"Actual Total Time": 0.106,"Actual Rows": 420,"Actual Loops": 1,"Index Cond": "(s_nationkey = nation.n_nationkey)"}]}]},{"Node Type": "Index Scan","Parent Relationship": "Inner","Parallel Aware": false,"Async Capable": false,"Scan Direction": "Forward","Index Name": "idx_partsupp_suppkey","Relation Name": "partsupp","Alias": "partsupp","Startup Cost": 0.42,"Total Cost": 9.07,"Plan Rows": 80,"Plan Width": 18,"Actual Startup Time": 0.019,"Actual Total Time": 0.475,"Actual Rows": 80,"Actual Loops": 420,"Index Cond": "(ps_suppkey = supplier.s_suppkey)","Rows Removed by Index Recheck": 0}]}]}]},"Planning Time": 6.930,"Triggers": [],"Execution Time": 468.122}]
[{"Plan": {"Node Type": "Sort","Parallel Aware": false,"Async Capable": false,"Startup Cost": 10142.20,"Total Cost": 10168.87,"Plan Rows": 10667,"Plan Width": 36,"Actual Startup Time": 454.370,"Actual Total Time": 454.495,"Actual Rows": 925,"Actual Loops": 1,"Sort Key": ["(sum((partsupp.ps_supplycost * (partsupp.ps_availqty)::numeric))) DESC"],"Sort Method": "quicksort","Sort Space Used": 75,"Sort Space Type": "Memory","Plans": [{"Node Type": "Aggregate","Strategy": "Plain","Partial Mode": "Simple","Parent Relationship": "InitPlan","Subplan Name": "InitPlan 1 (returns $2)","Parallel Aware": false,"Async Capable": false,"Startup Cost": 4434.26,"Total Cost": 4434.27,"Plan Rows": 1,"Plan Width": 32,"Actual Startup Time": 135.908,"Actual Total Time": 135.923,"Actual Rows": 1,"Actual Loops": 1,"Plans": [{"Node Type": "Nested Loop","Parent Relationship": "Outer","Parallel Aware": false,"Async Capable": false,"Join Type": "Inner","Startup Cost": 7.81,"Total Cost": 4194.26,"Plan Rows": 32000,"Plan Width": 10,"Actual Startup Time": 0.237,"Actual Total Time": 128.564,"Actual Rows": 31840,"Actual Loops": 1,"Inner Unique": false,"Plans": [{"Node Type": "Nested Loop","Parent Relationship": "Outer","Parallel Aware": false,"Async Capable": false,"Join Type": "Inner","Startup Cost": 7.38,"Total Cost": 244.58,"Plan Rows": 400,"Plan Width": 4,"Actual Startup Time": 0.190,"Actual Total Time": 1.776,"Actual Rows": 398,"Actual Loops": 1,"Inner Unique": false,"Plans": [{"Node Type": "Seq Scan","Parent Relationship": "Outer","Parallel Aware": false,"Async Capable": false,"Relation Name": "nation","Alias": "nation_1","Startup Cost": 0.00,"Total Cost": 1.31,"Plan Rows": 1,"Plan Width": 4,"Actual Startup Time": 0.045,"Actual Total Time": 0.060,"Actual Rows": 1,"Actual Loops": 1,"Filter": "(n_name = 'ROMANIA'::bpchar)","Rows Removed by Filter": 24},{"Node Type": "Bitmap Heap Scan","Parent Relationship": "Inner","Parallel Aware": false,"Async Capable": false,"Relation Name": "supplier","Alias": "supplier_1","Startup Cost": 7.38,"Total Cost": 239.27,"Plan Rows": 400,"Plan Width": 8,"Actual Startup Time": 0.127,"Actual Total Time": 1.656,"Actual Rows": 398,"Actual Loops": 1,"Recheck Cond": "(s_nationkey = nation_1.n_nationkey)","Rows Removed by Index Recheck": 0,"Exact Heap Blocks": 186,"Lossy Heap Blocks": 0,"Plans": [{"Node Type": "Bitmap Index Scan","Parent Relationship": "Outer","Parallel Aware": false,"Async Capable": false,"Index Name": "idx_supplier_nation_key","Startup Cost": 0.00,"Total Cost": 7.29,"Plan Rows": 400,"Plan Width": 0,"Actual Startup Time": 0.081,"Actual Total Time": 0.084,"Actual Rows": 398,"Actual Loops": 1,"Index Cond": "(s_nationkey = nation_1.n_nationkey)"}]}]},{"Node Type": "Index Scan","Parent Relationship": "Inner","Parallel Aware": false,"Async Capable": false,"Scan Direction": "Forward","Index Name": "idx_partsupp_suppkey","Relation Name": "partsupp","Alias": "partsupp_1","Startup Cost": 0.42,"Total Cost": 9.07,"Plan Rows": 80,"Plan Width": 14,"Actual Startup Time": 0.015,"Actual Total Time": 0.306,"Actual Rows": 80,"Actual Loops": 398,"Index Cond": "(ps_suppkey = supplier_1.s_suppkey)","Rows Removed by Index Recheck": 0}]}]},{"Node Type": "Aggregate","Strategy": "Hashed","Partial Mode": "Simple","Parent Relationship": "Outer","Parallel Aware": false,"Async Capable": false,"Startup Cost": 4514.26,"Total Cost": 4994.26,"Plan Rows": 10667,"Plan Width": 36,"Actual Startup Time": 383.049,"Actual Total Time": 453.972,"Actual Rows": 925,"Actual Loops": 1,"Group Key": ["partsupp.ps_partkey"],"Filter": "(sum((partsupp.ps_supplycost * (partsupp.ps_availqty)::numeric)) > $2)","Planned Partitions": 0,"HashAgg Batches": 1,"Peak Memory Usage": 17937,"Disk Usage": 0,"Rows Removed by Filter": 29106,"Plans": [{"Node Type": "Nested Loop","Parent Relationship": "Outer","Parallel Aware": false,"Async Capable": false,"Join Type": "Inner","Startup Cost": 7.81,"Total Cost": 4194.26,"Plan Rows": 32000,"Plan Width": 14,"Actual Startup Time": 0.324,"Actual Total Time": 197.326,"Actual Rows": 31840,"Actual Loops": 1,"Inner Unique": false,"Plans": [{"Node Type": "Nested Loop","Parent Relationship": "Outer","Parallel Aware": false,"Async Capable": false,"Join Type": "Inner","Startup Cost": 7.38,"Total Cost": 244.58,"Plan Rows": 400,"Plan Width": 4,"Actual Startup Time": 0.245,"Actual Total Time": 2.763,"Actual Rows": 398,"Actual Loops": 1,"Inner Unique": false,"Plans": [{"Node Type": "Seq Scan","Parent Relationship": "Outer","Parallel Aware": false,"Async Capable": false,"Relation Name": "nation","Alias": "nation","Startup Cost": 0.00,"Total Cost": 1.31,"Plan Rows": 1,"Plan Width": 4,"Actual Startup Time": 0.070,"Actual Total Time": 0.094,"Actual Rows": 1,"Actual Loops": 1,"Filter": "(n_name = 'ROMANIA'::bpchar)","Rows Removed by Filter": 24},{"Node Type": "Bitmap Heap Scan","Parent Relationship": "Inner","Parallel Aware": false,"Async Capable": false,"Relation Name": "supplier","Alias": "supplier","Startup Cost": 7.38,"Total Cost": 239.27,"Plan Rows": 400,"Plan Width": 8,"Actual Startup Time": 0.167,"Actual Total Time": 2.613,"Actual Rows": 398,"Actual Loops": 1,"Recheck Cond": "(s_nationkey = nation.n_nationkey)","Rows Removed by Index Recheck": 0,"Exact Heap Blocks": 186,"Lossy Heap Blocks": 0,"Plans": [{"Node Type": "Bitmap Index Scan","Parent Relationship": "Outer","Parallel Aware": false,"Async Capable": false,"Index Name": "idx_supplier_nation_key","Startup Cost": 0.00,"Total Cost": 7.29,"Plan Rows": 400,"Plan Width": 0,"Actual Startup Time": 0.108,"Actual Total Time": 0.110,"Actual Rows": 398,"Actual Loops": 1,"Index Cond": "(s_nationkey = nation.n_nationkey)"}]}]},{"Node Type": "Index Scan","Parent Relationship": "Inner","Parallel Aware": false,"Async Capable": false,"Scan Direction": "Forward","Index Name": "idx_partsupp_suppkey","Relation Name": "partsupp","Alias": "partsupp","Startup Cost": 0.42,"Total Cost": 9.07,"Plan Rows": 80,"Plan Width": 18,"Actual Startup Time": 0.020,"Actual Total Time": 0.477,"Actual Rows": 80,"Actual Loops": 398,"Index Cond": "(ps_suppkey = supplier.s_suppkey)","Rows Removed by Index Recheck": 0}]}]}]},"Planning Time": 5.113,"Triggers": [],"Execution Time": 456.866}]
[{"Plan": {"Node Type": "Sort","Parallel Aware": false,"Async Capable": false,"Startup Cost": 10142.20,"Total Cost": 10168.87,"Plan Rows": 10667,"Plan Width": 36,"Actual Startup Time": 427.262,"Actual Total Time": 427.423,"Actual Rows": 1241,"Actual Loops": 1,"Sort Key": ["(sum((partsupp.ps_supplycost * (partsupp.ps_availqty)::numeric))) DESC"],"Sort Method": "quicksort","Sort Space Used": 116,"Sort Space Type": "Memory","Plans": [{"Node Type": "Aggregate","Strategy": "Plain","Partial Mode": "Simple","Parent Relationship": "InitPlan","Subplan Name": "InitPlan 1 (returns $2)","Parallel Aware": false,"Async Capable": false,"Startup Cost": 4434.26,"Total Cost": 4434.27,"Plan Rows": 1,"Plan Width": 32,"Actual Startup Time": 127.406,"Actual Total Time": 127.426,"Actual Rows": 1,"Actual Loops": 1,"Plans": [{"Node Type": "Nested Loop","Parent Relationship": "Outer","Parallel Aware": false,"Async Capable": false,"Join Type": "Inner","Startup Cost": 7.81,"Total Cost": 4194.26,"Plan Rows": 32000,"Plan Width": 10,"Actual Startup Time": 0.226,"Actual Total Time": 120.281,"Actual Rows": 30400,"Actual Loops": 1,"Inner Unique": false,"Plans": [{"Node Type": "Nested Loop","Parent Relationship": "Outer","Parallel Aware": false,"Async Capable": false,"Join Type": "Inner","Startup Cost": 7.38,"Total Cost": 244.58,"Plan Rows": 400,"Plan Width": 4,"Actual Startup Time": 0.174,"Actual Total Time": 1.741,"Actual Rows": 380,"Actual Loops": 1,"Inner Unique": false,"Plans": [{"Node Type": "Seq Scan","Parent Relationship": "Outer","Parallel Aware": false,"Async Capable": false,"Relation Name": "nation","Alias": "nation_1","Startup Cost": 0.00,"Total Cost": 1.31,"Plan Rows": 1,"Plan Width": 4,"Actual Startup Time": 0.028,"Actual Total Time": 0.042,"Actual Rows": 1,"Actual Loops": 1,"Filter": "(n_name = 'ETHIOPIA'::bpchar)","Rows Removed by Filter": 24},{"Node Type": "Bitmap Heap Scan","Parent Relationship": "Inner","Parallel Aware": false,"Async Capable": false,"Relation Name": "supplier","Alias": "supplier_1","Startup Cost": 7.38,"Total Cost": 239.27,"Plan Rows": 400,"Plan Width": 8,"Actual Startup Time": 0.130,"Actual Total Time": 1.641,"Actual Rows": 380,"Actual Loops": 1,"Recheck Cond": "(s_nationkey = nation_1.n_nationkey)","Rows Removed by Index Recheck": 0,"Exact Heap Blocks": 192,"Lossy Heap Blocks": 0,"Plans": [{"Node Type": "Bitmap Index Scan","Parent Relationship": "Outer","Parallel Aware": false,"Async Capable": false,"Index Name": "idx_supplier_nation_key","Startup Cost": 0.00,"Total Cost": 7.29,"Plan Rows": 400,"Plan Width": 0,"Actual Startup Time": 0.089,"Actual Total Time": 0.091,"Actual Rows": 380,"Actual Loops": 1,"Index Cond": "(s_nationkey = nation_1.n_nationkey)"}]}]},{"Node Type": "Index Scan","Parent Relationship": "Inner","Parallel Aware": false,"Async Capable": false,"Scan Direction": "Forward","Index Name": "idx_partsupp_suppkey","Relation Name": "partsupp","Alias": "partsupp_1","Startup Cost": 0.42,"Total Cost": 9.07,"Plan Rows": 80,"Plan Width": 14,"Actual Startup Time": 0.015,"Actual Total Time": 0.299,"Actual Rows": 80,"Actual Loops": 380,"Index Cond": "(ps_suppkey = supplier_1.s_suppkey)","Rows Removed by Index Recheck": 0}]}]},{"Node Type": "Aggregate","Strategy": "Hashed","Partial Mode": "Simple","Parent Relationship": "Outer","Parallel Aware": false,"Async Capable": false,"Startup Cost": 4514.26,"Total Cost": 4994.26,"Plan Rows": 10667,"Plan Width": 36,"Actual Startup Time": 359.706,"Actual Total Time": 426.732,"Actual Rows": 1241,"Actual Loops": 1,"Group Key": ["partsupp.ps_partkey"],"Filter": "(sum((partsupp.ps_supplycost * (partsupp.ps_availqty)::numeric)) > $2)","Planned Partitions": 0,"HashAgg Batches": 1,"Peak Memory Usage": 17937,"Disk Usage": 0,"Rows Removed by Filter": 27374,"Plans": [{"Node Type": "Nested Loop","Parent Relationship": "Outer","Parallel Aware": false,"Async Capable": false,"Join Type": "Inner","Startup Cost": 7.81,"Total Cost": 4194.26,"Plan Rows": 32000,"Plan Width": 14,"Actual Startup Time": 0.377,"Actual Total Time": 187.744,"Actual Rows": 30400,"Actual Loops": 1,"Inner Unique": false,"Plans": [{"Node Type": "Nested Loop","Parent Relationship": "Outer","Parallel Aware": false,"Async Capable": false,"Join Type": "Inner","Startup Cost": 7.38,"Total Cost": 244.58,"Plan Rows": 400,"Plan Width": 4,"Actual Startup Time": 0.305,"Actual Total Time": 2.864,"Actual Rows": 380,"Actual Loops": 1,"Inner Unique": false,"Plans": [{"Node Type": "Seq Scan","Parent Relationship": "Outer","Parallel Aware": false,"Async Capable": false,"Relation Name": "nation","Alias": "nation","Startup Cost": 0.00,"Total Cost": 1.31,"Plan Rows": 1,"Plan Width": 4,"Actual Startup Time": 0.073,"Actual Total Time": 0.091,"Actual Rows": 1,"Actual Loops": 1,"Filter": "(n_name = 'ETHIOPIA'::bpchar)","Rows Removed by Filter": 24},{"Node Type": "Bitmap Heap Scan","Parent Relationship": "Inner","Parallel Aware": false,"Async Capable": false,"Relation Name": "supplier","Alias": "supplier","Startup Cost": 7.38,"Total Cost": 239.27,"Plan Rows": 400,"Plan Width": 8,"Actual Startup Time": 0.228,"Actual Total Time": 2.728,"Actual Rows": 380,"Actual Loops": 1,"Recheck Cond": "(s_nationkey = nation.n_nationkey)","Rows Removed by Index Recheck": 0,"Exact Heap Blocks": 192,"Lossy Heap Blocks": 0,"Plans": [{"Node Type": "Bitmap Index Scan","Parent Relationship": "Outer","Parallel Aware": false,"Async Capable": false,"Index Name": "idx_supplier_nation_key","Startup Cost": 0.00,"Total Cost": 7.29,"Plan Rows": 400,"Plan Width": 0,"Actual Startup Time": 0.146,"Actual Total Time": 0.146,"Actual Rows": 380,"Actual Loops": 1,"Index Cond": "(s_nationkey = nation.n_nationkey)"}]}]},{"Node Type": "Index Scan","Parent Relationship": "Inner","Parallel Aware": false,"Async Capable": false,"Scan Direction": "Forward","Index Name": "idx_partsupp_suppkey","Relation Name": "partsupp","Alias": "partsupp","Startup Cost": 0.42,"Total Cost": 9.07,"Plan Rows": 80,"Plan Width": 18,"Actual Startup Time": 0.020,"Actual Total Time": 0.475,"Actual Rows": 80,"Actual Loops": 380,"Index Cond": "(ps_suppkey = supplier.s_suppkey)","Rows Removed by Index Recheck": 0}]}]}]},"Planning Time": 7.180,"Triggers": [],"Execution Time": 429.797}]
[{"Plan": {"Node Type": "Sort","Parallel Aware": false,"Async Capable": false,"Startup Cost": 10142.20,"Total Cost": 10168.87,"Plan Rows": 10667,"Plan Width": 36,"Actual Startup Time": 448.613,"Actual Total Time": 448.730,"Actual Rows": 888,"Actual Loops": 1,"Sort Key": ["(sum((partsupp.ps_supplycost * (partsupp.ps_availqty)::numeric))) DESC"],"Sort Method": "quicksort","Sort Space Used": 73,"Sort Space Type": "Memory","Plans": [{"Node Type": "Aggregate","Strategy": "Plain","Partial Mode": "Simple","Parent Relationship": "InitPlan","Subplan Name": "InitPlan 1 (returns $2)","Parallel Aware": false,"Async Capable": false,"Startup Cost": 4434.26,"Total Cost": 4434.27,"Plan Rows": 1,"Plan Width": 32,"Actual Startup Time": 133.715,"Actual Total Time": 133.740,"Actual Rows": 1,"Actual Loops": 1,"Plans": [{"Node Type": "Nested Loop","Parent Relationship": "Outer","Parallel Aware": false,"Async Capable": false,"Join Type": "Inner","Startup Cost": 7.81,"Total Cost": 4194.26,"Plan Rows": 32000,"Plan Width": 10,"Actual Startup Time": 0.220,"Actual Total Time": 126.229,"Actual Rows": 32400,"Actual Loops": 1,"Inner Unique": false,"Plans": [{"Node Type": "Nested Loop","Parent Relationship": "Outer","Parallel Aware": false,"Async Capable": false,"Join Type": "Inner","Startup Cost": 7.38,"Total Cost": 244.58,"Plan Rows": 400,"Plan Width": 4,"Actual Startup Time": 0.174,"Actual Total Time": 1.918,"Actual Rows": 405,"Actual Loops": 1,"Inner Unique": false,"Plans": [{"Node Type": "Seq Scan","Parent Relationship": "Outer","Parallel Aware": false,"Async Capable": false,"Relation Name": "nation","Alias": "nation_1","Startup Cost": 0.00,"Total Cost": 1.31,"Plan Rows": 1,"Plan Width": 4,"Actual Startup Time": 0.049,"Actual Total Time": 0.070,"Actual Rows": 1,"Actual Loops": 1,"Filter": "(n_name = 'INDONESIA'::bpchar)","Rows Removed by Filter": 24},{"Node Type": "Bitmap Heap Scan","Parent Relationship": "Inner","Parallel Aware": false,"Async Capable": false,"Relation Name": "supplier","Alias": "supplier_1","Startup Cost": 7.38,"Total Cost": 239.27,"Plan Rows": 400,"Plan Width": 8,"Actual Startup Time": 0.105,"Actual Total Time": 1.781,"Actual Rows": 405,"Actual Loops": 1,"Recheck Cond": "(s_nationkey = nation_1.n_nationkey)","Rows Removed by Index Recheck": 0,"Exact Heap Blocks": 192,"Lossy Heap Blocks": 0,"Plans": [{"Node Type": "Bitmap Index Scan","Parent Relationship": "Outer","Parallel Aware": false,"Async Capable": false,"Index Name": "idx_supplier_nation_key","Startup Cost": 0.00,"Total Cost": 7.29,"Plan Rows": 400,"Plan Width": 0,"Actual Startup Time": 0.069,"Actual Total Time": 0.075,"Actual Rows": 405,"Actual Loops": 1,"Index Cond": "(s_nationkey = nation_1.n_nationkey)"}]}]},{"Node Type": "Index Scan","Parent Relationship": "Inner","Parallel Aware": false,"Async Capable": false,"Scan Direction": "Forward","Index Name": "idx_partsupp_suppkey","Relation Name": "partsupp","Alias": "partsupp_1","Startup Cost": 0.42,"Total Cost": 9.07,"Plan Rows": 80,"Plan Width": 14,"Actual Startup Time": 0.014,"Actual Total Time": 0.294,"Actual Rows": 80,"Actual Loops": 405,"Index Cond": "(ps_suppkey = supplier_1.s_suppkey)","Rows Removed by Index Recheck": 0}]}]},{"Node Type": "Aggregate","Strategy": "Hashed","Partial Mode": "Simple","Parent Relationship": "Outer","Parallel Aware": false,"Async Capable": false,"Startup Cost": 4514.26,"Total Cost": 4994.26,"Plan Rows": 10667,"Plan Width": 36,"Actual Startup Time": 376.503,"Actual Total Time": 448.157,"Actual Rows": 888,"Actual Loops": 1,"Group Key": ["partsupp.ps_partkey"],"Filter": "(sum((partsupp.ps_supplycost * (partsupp.ps_availqty)::numeric)) > $2)","Planned Partitions": 0,"HashAgg Batches": 1,"Peak Memory Usage": 17937,"Disk Usage": 0,"Rows Removed by Filter": 29597,"Plans": [{"Node Type": "Nested Loop","Parent Relationship": "Outer","Parallel Aware": false,"Async Capable": false,"Join Type": "Inner","Startup Cost": 7.81,"Total Cost": 4194.26,"Plan Rows": 32000,"Plan Width": 14,"Actual Startup Time": 0.375,"Actual Total Time": 200.721,"Actual Rows": 32400,"Actual Loops": 1,"Inner Unique": false,"Plans": [{"Node Type": "Nested Loop","Parent Relationship": "Outer","Parallel Aware": false,"Async Capable": false,"Join Type": "Inner","Startup Cost": 7.38,"Total Cost": 244.58,"Plan Rows": 400,"Plan Width": 4,"Actual Startup Time": 0.269,"Actual Total Time": 2.791,"Actual Rows": 405,"Actual Loops": 1,"Inner Unique": false,"Plans": [{"Node Type": "Seq Scan","Parent Relationship": "Outer","Parallel Aware": false,"Async Capable": false,"Relation Name": "nation","Alias": "nation","Startup Cost": 0.00,"Total Cost": 1.31,"Plan Rows": 1,"Plan Width": 4,"Actual Startup Time": 0.076,"Actual Total Time": 0.092,"Actual Rows": 1,"Actual Loops": 1,"Filter": "(n_name = 'INDONESIA'::bpchar)","Rows Removed by Filter": 24},{"Node Type": "Bitmap Heap Scan","Parent Relationship": "Inner","Parallel Aware": false,"Async Capable": false,"Relation Name": "supplier","Alias": "supplier","Startup Cost": 7.38,"Total Cost": 239.27,"Plan Rows": 400,"Plan Width": 8,"Actual Startup Time": 0.187,"Actual Total Time": 2.648,"Actual Rows": 405,"Actual Loops": 1,"Recheck Cond": "(s_nationkey = nation.n_nationkey)","Rows Removed by Index Recheck": 0,"Exact Heap Blocks": 192,"Lossy Heap Blocks": 0,"Plans": [{"Node Type": "Bitmap Index Scan","Parent Relationship": "Outer","Parallel Aware": false,"Async Capable": false,"Index Name": "idx_supplier_nation_key","Startup Cost": 0.00,"Total Cost": 7.29,"Plan Rows": 400,"Plan Width": 0,"Actual Startup Time": 0.121,"Actual Total Time": 0.124,"Actual Rows": 405,"Actual Loops": 1,"Index Cond": "(s_nationkey = nation.n_nationkey)"}]}]},{"Node Type": "Index Scan","Parent Relationship": "Inner","Parallel Aware": false,"Async Capable": false,"Scan Direction": "Forward","Index Name": "idx_partsupp_suppkey","Relation Name": "partsupp","Alias": "partsupp","Startup Cost": 0.42,"Total Cost": 9.07,"Plan Rows": 80,"Plan Width": 18,"Actual Startup Time": 0.019,"Actual Total Time": 0.477,"Actual Rows": 80,"Actual Loops": 405,"Index Cond": "(ps_suppkey = supplier.s_suppkey)","Rows Removed by Index Recheck": 0}]}]}]},"Planning Time": 7.214,"Triggers": [],"Execution Time": 451.949}]
[{"Plan": {"Node Type": "Sort","Parallel Aware": false,"Async Capable": false,"Startup Cost": 10142.20,"Total Cost": 10168.87,"Plan Rows": 10667,"Plan Width": 36,"Actual Startup Time": 455.847,"Actual Total Time": 455.976,"Actual Rows": 819,"Actual Loops": 1,"Sort Key": ["(sum((partsupp.ps_supplycost * (partsupp.ps_availqty)::numeric))) DESC"],"Sort Method": "quicksort","Sort Space Used": 69,"Sort Space Type": "Memory","Plans": [{"Node Type": "Aggregate","Strategy": "Plain","Partial Mode": "Simple","Parent Relationship": "InitPlan","Subplan Name": "InitPlan 1 (returns $2)","Parallel Aware": false,"Async Capable": false,"Startup Cost": 4434.26,"Total Cost": 4434.27,"Plan Rows": 1,"Plan Width": 32,"Actual Startup Time": 134.080,"Actual Total Time": 134.102,"Actual Rows": 1,"Actual Loops": 1,"Plans": [{"Node Type": "Nested Loop","Parent Relationship": "Outer","Parallel Aware": false,"Async Capable": false,"Join Type": "Inner","Startup Cost": 7.81,"Total Cost": 4194.26,"Plan Rows": 32000,"Plan Width": 10,"Actual Startup Time": 0.218,"Actual Total Time": 126.423,"Actual Rows": 32960,"Actual Loops": 1,"Inner Unique": false,"Plans": [{"Node Type": "Nested Loop","Parent Relationship": "Outer","Parallel Aware": false,"Async Capable": false,"Join Type": "Inner","Startup Cost": 7.38,"Total Cost": 244.58,"Plan Rows": 400,"Plan Width": 4,"Actual Startup Time": 0.177,"Actual Total Time": 1.887,"Actual Rows": 412,"Actual Loops": 1,"Inner Unique": false,"Plans": [{"Node Type": "Seq Scan","Parent Relationship": "Outer","Parallel Aware": false,"Async Capable": false,"Relation Name": "nation","Alias": "nation_1","Startup Cost": 0.00,"Total Cost": 1.31,"Plan Rows": 1,"Plan Width": 4,"Actual Startup Time": 0.040,"Actual Total Time": 0.063,"Actual Rows": 1,"Actual Loops": 1,"Filter": "(n_name = 'CANADA'::bpchar)","Rows Removed by Filter": 24},{"Node Type": "Bitmap Heap Scan","Parent Relationship": "Inner","Parallel Aware": false,"Async Capable": false,"Relation Name": "supplier","Alias": "supplier_1","Startup Cost": 7.38,"Total Cost": 239.27,"Plan Rows": 400,"Plan Width": 8,"Actual Startup Time": 0.119,"Actual Total Time": 1.753,"Actual Rows": 412,"Actual Loops": 1,"Recheck Cond": "(s_nationkey = nation_1.n_nationkey)","Rows Removed by Index Recheck": 0,"Exact Heap Blocks": 189,"Lossy Heap Blocks": 0,"Plans": [{"Node Type": "Bitmap Index Scan","Parent Relationship": "Outer","Parallel Aware": false,"Async Capable": false,"Index Name": "idx_supplier_nation_key","Startup Cost": 0.00,"Total Cost": 7.29,"Plan Rows": 400,"Plan Width": 0,"Actual Startup Time": 0.074,"Actual Total Time": 0.083,"Actual Rows": 412,"Actual Loops": 1,"Index Cond": "(s_nationkey = nation_1.n_nationkey)"}]}]},{"Node Type": "Index Scan","Parent Relationship": "Inner","Parallel Aware": false,"Async Capable": false,"Scan Direction": "Forward","Index Name": "idx_partsupp_suppkey","Relation Name": "partsupp","Alias": "partsupp_1","Startup Cost": 0.42,"Total Cost": 9.07,"Plan Rows": 80,"Plan Width": 14,"Actual Startup Time": 0.014,"Actual Total Time": 0.290,"Actual Rows": 80,"Actual Loops": 412,"Index Cond": "(ps_suppkey = supplier_1.s_suppkey)","Rows Removed by Index Recheck": 0}]}]},{"Node Type": "Aggregate","Strategy": "Hashed","Partial Mode": "Simple","Parent Relationship": "Outer","Parallel Aware": false,"Async Capable": false,"Startup Cost": 4514.26,"Total Cost": 4994.26,"Plan Rows": 10667,"Plan Width": 36,"Actual Startup Time": 380.948,"Actual Total Time": 455.394,"Actual Rows": 819,"Actual Loops": 1,"Group Key": ["partsupp.ps_partkey"],"Filter": "(sum((partsupp.ps_supplycost * (partsupp.ps_availqty)::numeric)) > $2)","Planned Partitions": 0,"HashAgg Batches": 1,"Peak Memory Usage": 17937,"Disk Usage": 0,"Rows Removed by Filter": 30166,"Plans": [{"Node Type": "Nested Loop","Parent Relationship": "Outer","Parallel Aware": false,"Async Capable": false,"Join Type": "Inner","Startup Cost": 7.81,"Total Cost": 4194.26,"Plan Rows": 32000,"Plan Width": 14,"Actual Startup Time": 0.343,"Actual Total Time": 202.198,"Actual Rows": 32960,"Actual Loops": 1,"Inner Unique": false,"Plans": [{"Node Type": "Nested Loop","Parent Relationship": "Outer","Parallel Aware": false,"Async Capable": false,"Join Type": "Inner","Startup Cost": 7.38,"Total Cost": 244.58,"Plan Rows": 400,"Plan Width": 4,"Actual Startup Time": 0.272,"Actual Total Time": 2.740,"Actual Rows": 412,"Actual Loops": 1,"Inner Unique": false,"Plans": [{"Node Type": "Seq Scan","Parent Relationship": "Outer","Parallel Aware": false,"Async Capable": false,"Relation Name": "nation","Alias": "nation","Startup Cost": 0.00,"Total Cost": 1.31,"Plan Rows": 1,"Plan Width": 4,"Actual Startup Time": 0.064,"Actual Total Time": 0.078,"Actual Rows": 1,"Actual Loops": 1,"Filter": "(n_name = 'CANADA'::bpchar)","Rows Removed by Filter": 24},{"Node Type": "Bitmap Heap Scan","Parent Relationship": "Inner","Parallel Aware": false,"Async Capable": false,"Relation Name": "supplier","Alias": "supplier","Startup Cost": 7.38,"Total Cost": 239.27,"Plan Rows": 400,"Plan Width": 8,"Actual Startup Time": 0.203,"Actual Total Time": 2.610,"Actual Rows": 412,"Actual Loops": 1,"Recheck Cond": "(s_nationkey = nation.n_nationkey)","Rows Removed by Index Recheck": 0,"Exact Heap Blocks": 189,"Lossy Heap Blocks": 0,"Plans": [{"Node Type": "Bitmap Index Scan","Parent Relationship": "Outer","Parallel Aware": false,"Async Capable": false,"Index Name": "idx_supplier_nation_key","Startup Cost": 0.00,"Total Cost": 7.29,"Plan Rows": 400,"Plan Width": 0,"Actual Startup Time": 0.140,"Actual Total Time": 0.142,"Actual Rows": 412,"Actual Loops": 1,"Index Cond": "(s_nationkey = nation.n_nationkey)"}]}]},{"Node Type": "Index Scan","Parent Relationship": "Inner","Parallel Aware": false,"Async Capable": false,"Scan Direction": "Forward","Index Name": "idx_partsupp_suppkey","Relation Name": "partsupp","Alias": "partsupp","Startup Cost": 0.42,"Total Cost": 9.07,"Plan Rows": 80,"Plan Width": 18,"Actual Startup Time": 0.019,"Actual Total Time": 0.472,"Actual Rows": 80,"Actual Loops": 412,"Index Cond": "(ps_suppkey = supplier.s_suppkey)","Rows Removed by Index Recheck": 0}]}]}]},"Planning Time": 7.565,"Triggers": [],"Execution Time": 459.165}]
[{"Plan": {"Node Type": "Sort","Parallel Aware": false,"Async Capable": false,"Startup Cost": 10142.20,"Total Cost": 10168.87,"Plan Rows": 10667,"Plan Width": 36,"Actual Startup Time": 444.263,"Actual Total Time": 444.393,"Actual Rows": 839,"Actual Loops": 1,"Sort Key": ["(sum((partsupp.ps_supplycost * (partsupp.ps_availqty)::numeric))) DESC"],"Sort Method": "quicksort","Sort Space Used": 70,"Sort Space Type": "Memory","Plans": [{"Node Type": "Aggregate","Strategy": "Plain","Partial Mode": "Simple","Parent Relationship": "InitPlan","Subplan Name": "InitPlan 1 (returns $2)","Parallel Aware": false,"Async Capable": false,"Startup Cost": 4434.26,"Total Cost": 4434.27,"Plan Rows": 1,"Plan Width": 32,"Actual Startup Time": 130.704,"Actual Total Time": 130.725,"Actual Rows": 1,"Actual Loops": 1,"Plans": [{"Node Type": "Nested Loop","Parent Relationship": "Outer","Parallel Aware": false,"Async Capable": false,"Join Type": "Inner","Startup Cost": 7.81,"Total Cost": 4194.26,"Plan Rows": 32000,"Plan Width": 10,"Actual Startup Time": 0.144,"Actual Total Time": 123.234,"Actual Rows": 32880,"Actual Loops": 1,"Inner Unique": false,"Plans": [{"Node Type": "Nested Loop","Parent Relationship": "Outer","Parallel Aware": false,"Async Capable": false,"Join Type": "Inner","Startup Cost": 7.38,"Total Cost": 244.58,"Plan Rows": 400,"Plan Width": 4,"Actual Startup Time": 0.115,"Actual Total Time": 1.739,"Actual Rows": 411,"Actual Loops": 1,"Inner Unique": false,"Plans": [{"Node Type": "Seq Scan","Parent Relationship": "Outer","Parallel Aware": false,"Async Capable": false,"Relation Name": "nation","Alias": "nation_1","Startup Cost": 0.00,"Total Cost": 1.31,"Plan Rows": 1,"Plan Width": 4,"Actual Startup Time": 0.024,"Actual Total Time": 0.046,"Actual Rows": 1,"Actual Loops": 1,"Filter": "(n_name = 'SAUDI ARABIA'::bpchar)","Rows Removed by Filter": 24},{"Node Type": "Bitmap Heap Scan","Parent Relationship": "Inner","Parallel Aware": false,"Async Capable": false,"Relation Name": "supplier","Alias": "supplier_1","Startup Cost": 7.38,"Total Cost": 239.27,"Plan Rows": 400,"Plan Width": 8,"Actual Startup Time": 0.082,"Actual Total Time": 1.642,"Actual Rows": 411,"Actual Loops": 1,"Recheck Cond": "(s_nationkey = nation_1.n_nationkey)","Rows Removed by Index Recheck": 0,"Exact Heap Blocks": 182,"Lossy Heap Blocks": 0,"Plans": [{"Node Type": "Bitmap Index Scan","Parent Relationship": "Outer","Parallel Aware": false,"Async Capable": false,"Index Name": "idx_supplier_nation_key","Startup Cost": 0.00,"Total Cost": 7.29,"Plan Rows": 400,"Plan Width": 0,"Actual Startup Time": 0.049,"Actual Total Time": 0.055,"Actual Rows": 411,"Actual Loops": 1,"Index Cond": "(s_nationkey = nation_1.n_nationkey)"}]}]},{"Node Type": "Index Scan","Parent Relationship": "Inner","Parallel Aware": false,"Async Capable": false,"Scan Direction": "Forward","Index Name": "idx_partsupp_suppkey","Relation Name": "partsupp","Alias": "partsupp_1","Startup Cost": 0.42,"Total Cost": 9.07,"Plan Rows": 80,"Plan Width": 14,"Actual Startup Time": 0.014,"Actual Total Time": 0.283,"Actual Rows": 80,"Actual Loops": 411,"Index Cond": "(ps_suppkey = supplier_1.s_suppkey)","Rows Removed by Index Recheck": 0}]}]},{"Node Type": "Aggregate","Strategy": "Hashed","Partial Mode": "Simple","Parent Relationship": "Outer","Parallel Aware": false,"Async Capable": false,"Startup Cost": 4514.26,"Total Cost": 4994.26,"Plan Rows": 10667,"Plan Width": 36,"Actual Startup Time": 370.866,"Actual Total Time": 443.841,"Actual Rows": 839,"Actual Loops": 1,"Group Key": ["partsupp.ps_partkey"],"Filter": "(sum((partsupp.ps_supplycost * (partsupp.ps_availqty)::numeric)) > $2)","Planned Partitions": 0,"HashAgg Batches": 1,"Peak Memory Usage": 17937,"Disk Usage": 0,"Rows Removed by Filter": 30007,"Plans": [{"Node Type": "Nested Loop","Parent Relationship": "Outer","Parallel Aware": false,"Async Capable": false,"Join Type": "Inner","Startup Cost": 7.81,"Total Cost": 4194.26,"Plan Rows": 32000,"Plan Width": 14,"Actual Startup Time": 0.339,"Actual Total Time": 197.388,"Actual Rows": 32880,"Actual Loops": 1,"Inner Unique": false,"Plans": [{"Node Type": "Nested Loop","Parent Relationship": "Outer","Parallel Aware": false,"Async Capable": false,"Join Type": "Inner","Startup Cost": 7.38,"Total Cost": 244.58,"Plan Rows": 400,"Plan Width": 4,"Actual Startup Time": 0.236,"Actual Total Time": 2.786,"Actual Rows": 411,"Actual Loops": 1,"Inner Unique": false,"Plans": [{"Node Type": "Seq Scan","Parent Relationship": "Outer","Parallel Aware": false,"Async Capable": false,"Relation Name": "nation","Alias": "nation","Startup Cost": 0.00,"Total Cost": 1.31,"Plan Rows": 1,"Plan Width": 4,"Actual Startup Time": 0.067,"Actual Total Time": 0.078,"Actual Rows": 1,"Actual Loops": 1,"Filter": "(n_name = 'SAUDI ARABIA'::bpchar)","Rows Removed by Filter": 24},{"Node Type": "Bitmap Heap Scan","Parent Relationship": "Inner","Parallel Aware": false,"Async Capable": false,"Relation Name": "supplier","Alias": "supplier","Startup Cost": 7.38,"Total Cost": 239.27,"Plan Rows": 400,"Plan Width": 8,"Actual Startup Time": 0.164,"Actual Total Time": 2.651,"Actual Rows": 411,"Actual Loops": 1,"Recheck Cond": "(s_nationkey = nation.n_nationkey)","Rows Removed by Index Recheck": 0,"Exact Heap Blocks": 182,"Lossy Heap Blocks": 0,"Plans": [{"Node Type": "Bitmap Index Scan","Parent Relationship": "Outer","Parallel Aware": false,"Async Capable": false,"Index Name": "idx_supplier_nation_key","Startup Cost": 0.00,"Total Cost": 7.29,"Plan Rows": 400,"Plan Width": 0,"Actual Startup Time": 0.119,"Actual Total Time": 0.120,"Actual Rows": 411,"Actual Loops": 1,"Index Cond": "(s_nationkey = nation.n_nationkey)"}]}]},{"Node Type": "Index Scan","Parent Relationship": "Inner","Parallel Aware": false,"Async Capable": false,"Scan Direction": "Forward","Index Name": "idx_partsupp_suppkey","Relation Name": "partsupp","Alias": "partsupp","Startup Cost": 0.42,"Total Cost": 9.07,"Plan Rows": 80,"Plan Width": 18,"Actual Startup Time": 0.019,"Actual Total Time": 0.462,"Actual Rows": 80,"Actual Loops": 411,"Index Cond": "(ps_suppkey = supplier.s_suppkey)","Rows Removed by Index Recheck": 0}]}]}]},"Planning Time": 5.661,"Triggers": [],"Execution Time": 447.485}]
[{"Plan": {"Node Type": "Sort","Parallel Aware": false,"Async Capable": false,"Startup Cost": 10142.20,"Total Cost": 10168.87,"Plan Rows": 10667,"Plan Width": 36,"Actual Startup Time": 464.748,"Actual Total Time": 464.880,"Actual Rows": 665,"Actual Loops": 1,"Sort Key": ["(sum((partsupp.ps_supplycost * (partsupp.ps_availqty)::numeric))) DESC"],"Sort Method": "quicksort","Sort Space Used": 61,"Sort Space Type": "Memory","Plans": [{"Node Type": "Aggregate","Strategy": "Plain","Partial Mode": "Simple","Parent Relationship": "InitPlan","Subplan Name": "InitPlan 1 (returns $2)","Parallel Aware": false,"Async Capable": false,"Startup Cost": 4434.26,"Total Cost": 4434.27,"Plan Rows": 1,"Plan Width": 32,"Actual Startup Time": 134.444,"Actual Total Time": 134.478,"Actual Rows": 1,"Actual Loops": 1,"Plans": [{"Node Type": "Nested Loop","Parent Relationship": "Outer","Parallel Aware": false,"Async Capable": false,"Join Type": "Inner","Startup Cost": 7.81,"Total Cost": 4194.26,"Plan Rows": 32000,"Plan Width": 10,"Actual Startup Time": 0.195,"Actual Total Time": 126.758,"Actual Rows": 33600,"Actual Loops": 1,"Inner Unique": false,"Plans": [{"Node Type": "Nested Loop","Parent Relationship": "Outer","Parallel Aware": false,"Async Capable": false,"Join Type": "Inner","Startup Cost": 7.38,"Total Cost": 244.58,"Plan Rows": 400,"Plan Width": 4,"Actual Startup Time": 0.143,"Actual Total Time": 1.895,"Actual Rows": 420,"Actual Loops": 1,"Inner Unique": false,"Plans": [{"Node Type": "Seq Scan","Parent Relationship": "Outer","Parallel Aware": false,"Async Capable": false,"Relation Name": "nation","Alias": "nation_1","Startup Cost": 0.00,"Total Cost": 1.31,"Plan Rows": 1,"Plan Width": 4,"Actual Startup Time": 0.024,"Actual Total Time": 0.046,"Actual Rows": 1,"Actual Loops": 1,"Filter": "(n_name = 'ALGERIA'::bpchar)","Rows Removed by Filter": 24},{"Node Type": "Bitmap Heap Scan","Parent Relationship": "Inner","Parallel Aware": false,"Async Capable": false,"Relation Name": "supplier","Alias": "supplier_1","Startup Cost": 7.38,"Total Cost": 239.27,"Plan Rows": 400,"Plan Width": 8,"Actual Startup Time": 0.107,"Actual Total Time": 1.788,"Actual Rows": 420,"Actual Loops": 1,"Recheck Cond": "(s_nationkey = nation_1.n_nationkey)","Rows Removed by Index Recheck": 0,"Exact Heap Blocks": 197,"Lossy Heap Blocks": 0,"Plans": [{"Node Type": "Bitmap Index Scan","Parent Relationship": "Outer","Parallel Aware": false,"Async Capable": false,"Index Name": "idx_supplier_nation_key","Startup Cost": 0.00,"Total Cost": 7.29,"Plan Rows": 400,"Plan Width": 0,"Actual Startup Time": 0.069,"Actual Total Time": 0.076,"Actual Rows": 420,"Actual Loops": 1,"Index Cond": "(s_nationkey = nation_1.n_nationkey)"}]}]},{"Node Type": "Index Scan","Parent Relationship": "Inner","Parallel Aware": false,"Async Capable": false,"Scan Direction": "Forward","Index Name": "idx_partsupp_suppkey","Relation Name": "partsupp","Alias": "partsupp_1","Startup Cost": 0.42,"Total Cost": 9.07,"Plan Rows": 80,"Plan Width": 14,"Actual Startup Time": 0.014,"Actual Total Time": 0.285,"Actual Rows": 80,"Actual Loops": 420,"Index Cond": "(ps_suppkey = supplier_1.s_suppkey)","Rows Removed by Index Recheck": 0}]}]},{"Node Type": "Aggregate","Strategy": "Hashed","Partial Mode": "Simple","Parent Relationship": "Outer","Parallel Aware": false,"Async Capable": false,"Startup Cost": 4514.26,"Total Cost": 4994.26,"Plan Rows": 10667,"Plan Width": 36,"Actual Startup Time": 388.152,"Actual Total Time": 464.346,"Actual Rows": 665,"Actual Loops": 1,"Group Key": ["partsupp.ps_partkey"],"Filter": "(sum((partsupp.ps_supplycost * (partsupp.ps_availqty)::numeric)) > $2)","Planned Partitions": 0,"HashAgg Batches": 1,"Peak Memory Usage": 17937,"Disk Usage": 0,"Rows Removed by Filter": 30920,"Plans": [{"Node Type": "Nested Loop","Parent Relationship": "Outer","Parallel Aware": false,"Async Capable": false,"Join Type": "Inner","Startup Cost": 7.81,"Total Cost": 4194.26,"Plan Rows": 32000,"Plan Width": 14,"Actual Startup Time": 0.388,"Actual Total Time": 207.629,"Actual Rows": 33600,"Actual Loops": 1,"Inner Unique": false,"Plans": [{"Node Type": "Nested Loop","Parent Relationship": "Outer","Parallel Aware": false,"Async Capable": false,"Join Type": "Inner","Startup Cost": 7.38,"Total Cost": 244.58,"Plan Rows": 400,"Plan Width": 4,"Actual Startup Time": 0.274,"Actual Total Time": 2.984,"Actual Rows": 420,"Actual Loops": 1,"Inner Unique": false,"Plans": [{"Node Type": "Seq Scan","Parent Relationship": "Outer","Parallel Aware": false,"Async Capable": false,"Relation Name": "nation","Alias": "nation","Startup Cost": 0.00,"Total Cost": 1.31,"Plan Rows": 1,"Plan Width": 4,"Actual Startup Time": 0.081,"Actual Total Time": 0.099,"Actual Rows": 1,"Actual Loops": 1,"Filter": "(n_name = 'ALGERIA'::bpchar)","Rows Removed by Filter": 24},{"Node Type": "Bitmap Heap Scan","Parent Relationship": "Inner","Parallel Aware": false,"Async Capable": false,"Relation Name": "supplier","Alias": "supplier","Startup Cost": 7.38,"Total Cost": 239.27,"Plan Rows": 400,"Plan Width": 8,"Actual Startup Time": 0.184,"Actual Total Time": 2.823,"Actual Rows": 420,"Actual Loops": 1,"Recheck Cond": "(s_nationkey = nation.n_nationkey)","Rows Removed by Index Recheck": 0,"Exact Heap Blocks": 197,"Lossy Heap Blocks": 0,"Plans": [{"Node Type": "Bitmap Index Scan","Parent Relationship": "Outer","Parallel Aware": false,"Async Capable": false,"Index Name": "idx_supplier_nation_key","Startup Cost": 0.00,"Total Cost": 7.29,"Plan Rows": 400,"Plan Width": 0,"Actual Startup Time": 0.105,"Actual Total Time": 0.106,"Actual Rows": 420,"Actual Loops": 1,"Index Cond": "(s_nationkey = nation.n_nationkey)"}]}]},{"Node Type": "Index Scan","Parent Relationship": "Inner","Parallel Aware": false,"Async Capable": false,"Scan Direction": "Forward","Index Name": "idx_partsupp_suppkey","Relation Name": "partsupp","Alias": "partsupp","Startup Cost": 0.42,"Total Cost": 9.07,"Plan Rows": 80,"Plan Width": 18,"Actual Startup Time": 0.019,"Actual Total Time": 0.475,"Actual Rows": 80,"Actual Loops": 420,"Index Cond": "(ps_suppkey = supplier.s_suppkey)","Rows Removed by Index Recheck": 0}]}]}]},"Planning Time": 6.930,"Triggers": [],"Execution Time": 468.122}]
[{"Plan": {"Node Type": "Sort","Parallel Aware": false,"Async Capable": false,"Startup Cost": 10142.20,"Total Cost": 10168.87,"Plan Rows": 10667,"Plan Width": 36,"Actual Startup Time": 427.455,"Actual Total Time": 427.551,"Actual Rows": 1289,"Actual Loops": 1,"Sort Key": ["(sum((partsupp.ps_supplycost * (partsupp.ps_availqty)::numeric))) DESC"],"Sort Method": "quicksort","Sort Space Used": 119,"Sort Space Type": "Memory","Plans": [{"Node Type": "Aggregate","Strategy": "Plain","Partial Mode": "Simple","Parent Relationship": "InitPlan","Subplan Name": "InitPlan 1 (returns $2)","Parallel Aware": false,"Async Capable": false,"Startup Cost": 4434.26,"Total Cost": 4434.27,"Plan Rows": 1,"Plan Width": 32,"Actual Startup Time": 127.032,"Actual Total Time": 127.034,"Actual Rows": 1,"Actual Loops": 1,"Plans": [{"Node Type": "Nested Loop","Parent Relationship": "Outer","Parallel Aware": false,"Async Capable": false,"Join Type": "Inner","Startup Cost": 7.81,"Total Cost": 4194.26,"Plan Rows": 32000,"Plan Width": 10,"Actual Startup Time": 0.214,"Actual Total Time": 120.104,"Actual Rows": 29840,"Actual Loops": 1,"Inner Unique": false,"Plans": [{"Node Type": "Nested Loop","Parent Relationship": "Outer","Parallel Aware": false,"Async Capable": false,"Join Type": "Inner","Startup Cost": 7.38,"Total Cost": 244.58,"Plan Rows": 400,"Plan Width": 4,"Actual Startup Time": 0.166,"Actual Total Time": 1.626,"Actual Rows": 373,"Actual Loops": 1,"Inner Unique": false,"Plans": [{"Node Type": "Seq Scan","Parent Relationship": "Outer","Parallel Aware": false,"Async Capable": false,"Relation Name": "nation","Alias": "nation_1","Startup Cost": 0.00,"Total Cost": 1.31,"Plan Rows": 1,"Plan Width": 4,"Actual Startup Time": 0.026,"Actual Total Time": 0.048,"Actual Rows": 1,"Actual Loops": 1,"Filter": "(n_name = 'MOROCCO'::bpchar)","Rows Removed by Filter": 24},{"Node Type": "Bitmap Heap Scan","Parent Relationship": "Inner","Parallel Aware": false,"Async Capable": false,"Relation Name": "supplier","Alias": "supplier_1","Startup Cost": 7.38,"Total Cost": 239.27,"Plan Rows": 400,"Plan Width": 8,"Actual Startup Time": 0.118,"Actual Total Time": 1.519,"Actual Rows": 373,"Actual Loops": 1,"Recheck Cond": "(s_nationkey = nation_1.n_nationkey)","Rows Removed by Index Recheck": 0,"Exact Heap Blocks": 180,"Lossy Heap Blocks": 0,"Plans": [{"Node Type": "Bitmap Index Scan","Parent Relationship": "Outer","Parallel Aware": false,"Async Capable": false,"Index Name": "idx_supplier_nation_key","Startup Cost": 0.00,"Total Cost": 7.29,"Plan Rows": 400,"Plan Width": 0,"Actual Startup Time": 0.076,"Actual Total Time": 0.076,"Actual Rows": 373,"Actual Loops": 1,"Index Cond": "(s_nationkey = nation_1.n_nationkey)"}]}]},{"Node Type": "Index Scan","Parent Relationship": "Inner","Parallel Aware": false,"Async Capable": false,"Scan Direction": "Forward","Index Name": "idx_partsupp_suppkey","Relation Name": "partsupp","Alias": "partsupp_1","Startup Cost": 0.42,"Total Cost": 9.07,"Plan Rows": 80,"Plan Width": 14,"Actual Startup Time": 0.015,"Actual Total Time": 0.305,"Actual Rows": 80,"Actual Loops": 373,"Index Cond": "(ps_suppkey = supplier_1.s_suppkey)","Rows Removed by Index Recheck": 0}]}]},{"Node Type": "Aggregate","Strategy": "Hashed","Partial Mode": "Simple","Parent Relationship": "Outer","Parallel Aware": false,"Async Capable": false,"Startup Cost": 4514.26,"Total Cost": 4994.26,"Plan Rows": 10667,"Plan Width": 36,"Actual Startup Time": 361.188,"Actual Total Time": 426.914,"Actual Rows": 1289,"Actual Loops": 1,"Group Key": ["partsupp.ps_partkey"],"Filter": "(sum((partsupp.ps_supplycost * (partsupp.ps_availqty)::numeric)) > $2)","Planned Partitions": 0,"HashAgg Batches": 1,"Peak Memory Usage": 17937,"Disk Usage": 0,"Rows Removed by Filter": 26965,"Plans": [{"Node Type": "Nested Loop","Parent Relationship": "Outer","Parallel Aware": false,"Async Capable": false,"Join Type": "Inner","Startup Cost": 7.81,"Total Cost": 4194.26,"Plan Rows": 32000,"Plan Width": 14,"Actual Startup Time": 0.390,"Actual Total Time": 190.362,"Actual Rows": 29840,"Actual Loops": 1,"Inner Unique": false,"Plans": [{"Node Type": "Nested Loop","Parent Relationship": "Outer","Parallel Aware": false,"Async Capable": false,"Join Type": "Inner","Startup Cost": 7.38,"Total Cost": 244.58,"Plan Rows": 400,"Plan Width": 4,"Actual Startup Time": 0.321,"Actual Total Time": 2.795,"Actual Rows": 373,"Actual Loops": 1,"Inner Unique": false,"Plans": [{"Node Type": "Seq Scan","Parent Relationship": "Outer","Parallel Aware": false,"Async Capable": false,"Relation Name": "nation","Alias": "nation","Startup Cost": 0.00,"Total Cost": 1.31,"Plan Rows": 1,"Plan Width": 4,"Actual Startup Time": 0.071,"Actual Total Time": 0.095,"Actual Rows": 1,"Actual Loops": 1,"Filter": "(n_name = 'MOROCCO'::bpchar)","Rows Removed by Filter": 24},{"Node Type": "Bitmap Heap Scan","Parent Relationship": "Inner","Parallel Aware": false,"Async Capable": false,"Relation Name": "supplier","Alias": "supplier","Startup Cost": 7.38,"Total Cost": 239.27,"Plan Rows": 400,"Plan Width": 8,"Actual Startup Time": 0.245,"Actual Total Time": 2.650,"Actual Rows": 373,"Actual Loops": 1,"Recheck Cond": "(s_nationkey = nation.n_nationkey)","Rows Removed by Index Recheck": 0,"Exact Heap Blocks": 180,"Lossy Heap Blocks": 0,"Plans": [{"Node Type": "Bitmap Index Scan","Parent Relationship": "Outer","Parallel Aware": false,"Async Capable": false,"Index Name": "idx_supplier_nation_key","Startup Cost": 0.00,"Total Cost": 7.29,"Plan Rows": 400,"Plan Width": 0,"Actual Startup Time": 0.159,"Actual Total Time": 0.159,"Actual Rows": 373,"Actual Loops": 1,"Index Cond": "(s_nationkey = nation.n_nationkey)"}]}]},{"Node Type": "Index Scan","Parent Relationship": "Inner","Parallel Aware": false,"Async Capable": false,"Scan Direction": "Forward","Index Name": "idx_partsupp_suppkey","Relation Name": "partsupp","Alias": "partsupp","Startup Cost": 0.42,"Total Cost": 9.07,"Plan Rows": 80,"Plan Width": 18,"Actual Startup Time": 0.021,"Actual Total Time": 0.491,"Actual Rows": 80,"Actual Loops": 373,"Index Cond": "(ps_suppkey = supplier.s_suppkey)","Rows Removed by Index Recheck": 0}]}]}]},"Planning Time": 6.174,"Triggers": [],"Execution Time": 430.247}]
[{"Plan": {"Node Type": "Sort","Parallel Aware": false,"Async Capable": false,"Startup Cost": 10142.20,"Total Cost": 10168.87,"Plan Rows": 10667,"Plan Width": 36,"Actual Startup Time": 460.124,"Actual Total Time": 460.279,"Actual Rows": 753,"Actual Loops": 1,"Sort Key": ["(sum((partsupp.ps_supplycost * (partsupp.ps_availqty)::numeric))) DESC"],"Sort Method": "quicksort","Sort Space Used": 66,"Sort Space Type": "Memory","Plans": [{"Node Type": "Aggregate","Strategy": "Plain","Partial Mode": "Simple","Parent Relationship": "InitPlan","Subplan Name": "InitPlan 1 (returns $2)","Parallel Aware": false,"Async Capable": false,"Startup Cost": 4434.26,"Total Cost": 4434.27,"Plan Rows": 1,"Plan Width": 32,"Actual Startup Time": 134.377,"Actual Total Time": 134.409,"Actual Rows": 1,"Actual Loops": 1,"Plans": [{"Node Type": "Nested Loop","Parent Relationship": "Outer","Parallel Aware": false,"Async Capable": false,"Join Type": "Inner","Startup Cost": 7.81,"Total Cost": 4194.26,"Plan Rows": 32000,"Plan Width": 10,"Actual Startup Time": 0.237,"Actual Total Time": 126.748,"Actual Rows": 33200,"Actual Loops": 1,"Inner Unique": false,"Plans": [{"Node Type": "Nested Loop","Parent Relationship": "Outer","Parallel Aware": false,"Async Capable": false,"Join Type": "Inner","Startup Cost": 7.38,"Total Cost": 244.58,"Plan Rows": 400,"Plan Width": 4,"Actual Startup Time": 0.181,"Actual Total Time": 1.854,"Actual Rows": 415,"Actual Loops": 1,"Inner Unique": false,"Plans": [{"Node Type": "Seq Scan","Parent Relationship": "Outer","Parallel Aware": false,"Async Capable": false,"Relation Name": "nation","Alias": "nation_1","Startup Cost": 0.00,"Total Cost": 1.31,"Plan Rows": 1,"Plan Width": 4,"Actual Startup Time": 0.049,"Actual Total Time": 0.067,"Actual Rows": 1,"Actual Loops": 1,"Filter": "(n_name = 'INDIA'::bpchar)","Rows Removed by Filter": 24},{"Node Type": "Bitmap Heap Scan","Parent Relationship": "Inner","Parallel Aware": false,"Async Capable": false,"Relation Name": "supplier","Alias": "supplier_1","Startup Cost": 7.38,"Total Cost": 239.27,"Plan Rows": 400,"Plan Width": 8,"Actual Startup Time": 0.112,"Actual Total Time": 1.723,"Actual Rows": 415,"Actual Loops": 1,"Recheck Cond": "(s_nationkey = nation_1.n_nationkey)","Rows Removed by Index Recheck": 0,"Exact Heap Blocks": 186,"Lossy Heap Blocks": 0,"Plans": [{"Node Type": "Bitmap Index Scan","Parent Relationship": "Outer","Parallel Aware": false,"Async Capable": false,"Index Name": "idx_supplier_nation_key","Startup Cost": 0.00,"Total Cost": 7.29,"Plan Rows": 400,"Plan Width": 0,"Actual Startup Time": 0.076,"Actual Total Time": 0.083,"Actual Rows": 415,"Actual Loops": 1,"Index Cond": "(s_nationkey = nation_1.n_nationkey)"}]}]},{"Node Type": "Index Scan","Parent Relationship": "Inner","Parallel Aware": false,"Async Capable": false,"Scan Direction": "Forward","Index Name": "idx_partsupp_suppkey","Relation Name": "partsupp","Alias": "partsupp_1","Startup Cost": 0.42,"Total Cost": 9.07,"Plan Rows": 80,"Plan Width": 14,"Actual Startup Time": 0.014,"Actual Total Time": 0.289,"Actual Rows": 80,"Actual Loops": 415,"Index Cond": "(ps_suppkey = supplier_1.s_suppkey)","Rows Removed by Index Recheck": 0}]}]},{"Node Type": "Aggregate","Strategy": "Hashed","Partial Mode": "Simple","Parent Relationship": "Outer","Parallel Aware": false,"Async Capable": false,"Startup Cost": 4514.26,"Total Cost": 4994.26,"Plan Rows": 10667,"Plan Width": 36,"Actual Startup Time": 384.255,"Actual Total Time": 459.696,"Actual Rows": 753,"Actual Loops": 1,"Group Key": ["partsupp.ps_partkey"],"Filter": "(sum((partsupp.ps_supplycost * (partsupp.ps_availqty)::numeric)) > $2)","Planned Partitions": 0,"HashAgg Batches": 1,"Peak Memory Usage": 17937,"Disk Usage": 0,"Rows Removed by Filter": 30329,"Plans": [{"Node Type": "Nested Loop","Parent Relationship": "Outer","Parallel Aware": false,"Async Capable": false,"Join Type": "Inner","Startup Cost": 7.81,"Total Cost": 4194.26,"Plan Rows": 32000,"Plan Width": 14,"Actual Startup Time": 0.331,"Actual Total Time": 205.215,"Actual Rows": 33200,"Actual Loops": 1,"Inner Unique": false,"Plans": [{"Node Type": "Nested Loop","Parent Relationship": "Outer","Parallel Aware": false,"Async Capable": false,"Join Type": "Inner","Startup Cost": 7.38,"Total Cost": 244.58,"Plan Rows": 400,"Plan Width": 4,"Actual Startup Time": 0.285,"Actual Total Time": 2.795,"Actual Rows": 415,"Actual Loops": 1,"Inner Unique": false,"Plans": [{"Node Type": "Seq Scan","Parent Relationship": "Outer","Parallel Aware": false,"Async Capable": false,"Relation Name": "nation","Alias": "nation","Startup Cost": 0.00,"Total Cost": 1.31,"Plan Rows": 1,"Plan Width": 4,"Actual Startup Time": 0.073,"Actual Total Time": 0.100,"Actual Rows": 1,"Actual Loops": 1,"Filter": "(n_name = 'INDIA'::bpchar)","Rows Removed by Filter": 24},{"Node Type": "Bitmap Heap Scan","Parent Relationship": "Inner","Parallel Aware": false,"Async Capable": false,"Relation Name": "supplier","Alias": "supplier","Startup Cost": 7.38,"Total Cost": 239.27,"Plan Rows": 400,"Plan Width": 8,"Actual Startup Time": 0.206,"Actual Total Time": 2.634,"Actual Rows": 415,"Actual Loops": 1,"Recheck Cond": "(s_nationkey = nation.n_nationkey)","Rows Removed by Index Recheck": 0,"Exact Heap Blocks": 186,"Lossy Heap Blocks": 0,"Plans": [{"Node Type": "Bitmap Index Scan","Parent Relationship": "Outer","Parallel Aware": false,"Async Capable": false,"Index Name": "idx_supplier_nation_key","Startup Cost": 0.00,"Total Cost": 7.29,"Plan Rows": 400,"Plan Width": 0,"Actual Startup Time": 0.132,"Actual Total Time": 0.135,"Actual Rows": 415,"Actual Loops": 1,"Index Cond": "(s_nationkey = nation.n_nationkey)"}]}]},{"Node Type": "Index Scan","Parent Relationship": "Inner","Parallel Aware": false,"Async Capable": false,"Scan Direction": "Forward","Index Name": "idx_partsupp_suppkey","Relation Name": "partsupp","Alias": "partsupp","Startup Cost": 0.42,"Total Cost": 9.07,"Plan Rows": 80,"Plan Width": 18,"Actual Startup Time": 0.019,"Actual Total Time": 0.476,"Actual Rows": 80,"Actual Loops": 415,"Index Cond": "(ps_suppkey = supplier.s_suppkey)","Rows Removed by Index Recheck": 0}]}]}]},"Planning Time": 5.856,"Triggers": [],"Execution Time": 463.781}]
[{"Plan": {"Node Type": "Sort","Parallel Aware": false,"Async Capable": false,"Startup Cost": 10142.20,"Total Cost": 10168.87,"Plan Rows": 10667,"Plan Width": 36,"Actual Startup Time": 455.847,"Actual Total Time": 455.976,"Actual Rows": 819,"Actual Loops": 1,"Sort Key": ["(sum((partsupp.ps_supplycost * (partsupp.ps_availqty)::numeric))) DESC"],"Sort Method": "quicksort","Sort Space Used": 69,"Sort Space Type": "Memory","Plans": [{"Node Type": "Aggregate","Strategy": "Plain","Partial Mode": "Simple","Parent Relationship": "InitPlan","Subplan Name": "InitPlan 1 (returns $2)","Parallel Aware": false,"Async Capable": false,"Startup Cost": 4434.26,"Total Cost": 4434.27,"Plan Rows": 1,"Plan Width": 32,"Actual Startup Time": 134.080,"Actual Total Time": 134.102,"Actual Rows": 1,"Actual Loops": 1,"Plans": [{"Node Type": "Nested Loop","Parent Relationship": "Outer","Parallel Aware": false,"Async Capable": false,"Join Type": "Inner","Startup Cost": 7.81,"Total Cost": 4194.26,"Plan Rows": 32000,"Plan Width": 10,"Actual Startup Time": 0.218,"Actual Total Time": 126.423,"Actual Rows": 32960,"Actual Loops": 1,"Inner Unique": false,"Plans": [{"Node Type": "Nested Loop","Parent Relationship": "Outer","Parallel Aware": false,"Async Capable": false,"Join Type": "Inner","Startup Cost": 7.38,"Total Cost": 244.58,"Plan Rows": 400,"Plan Width": 4,"Actual Startup Time": 0.177,"Actual Total Time": 1.887,"Actual Rows": 412,"Actual Loops": 1,"Inner Unique": false,"Plans": [{"Node Type": "Seq Scan","Parent Relationship": "Outer","Parallel Aware": false,"Async Capable": false,"Relation Name": "nation","Alias": "nation_1","Startup Cost": 0.00,"Total Cost": 1.31,"Plan Rows": 1,"Plan Width": 4,"Actual Startup Time": 0.040,"Actual Total Time": 0.063,"Actual Rows": 1,"Actual Loops": 1,"Filter": "(n_name = 'CANADA'::bpchar)","Rows Removed by Filter": 24},{"Node Type": "Bitmap Heap Scan","Parent Relationship": "Inner","Parallel Aware": false,"Async Capable": false,"Relation Name": "supplier","Alias": "supplier_1","Startup Cost": 7.38,"Total Cost": 239.27,"Plan Rows": 400,"Plan Width": 8,"Actual Startup Time": 0.119,"Actual Total Time": 1.753,"Actual Rows": 412,"Actual Loops": 1,"Recheck Cond": "(s_nationkey = nation_1.n_nationkey)","Rows Removed by Index Recheck": 0,"Exact Heap Blocks": 189,"Lossy Heap Blocks": 0,"Plans": [{"Node Type": "Bitmap Index Scan","Parent Relationship": "Outer","Parallel Aware": false,"Async Capable": false,"Index Name": "idx_supplier_nation_key","Startup Cost": 0.00,"Total Cost": 7.29,"Plan Rows": 400,"Plan Width": 0,"Actual Startup Time": 0.074,"Actual Total Time": 0.083,"Actual Rows": 412,"Actual Loops": 1,"Index Cond": "(s_nationkey = nation_1.n_nationkey)"}]}]},{"Node Type": "Index Scan","Parent Relationship": "Inner","Parallel Aware": false,"Async Capable": false,"Scan Direction": "Forward","Index Name": "idx_partsupp_suppkey","Relation Name": "partsupp","Alias": "partsupp_1","Startup Cost": 0.42,"Total Cost": 9.07,"Plan Rows": 80,"Plan Width": 14,"Actual Startup Time": 0.014,"Actual Total Time": 0.290,"Actual Rows": 80,"Actual Loops": 412,"Index Cond": "(ps_suppkey = supplier_1.s_suppkey)","Rows Removed by Index Recheck": 0}]}]},{"Node Type": "Aggregate","Strategy": "Hashed","Partial Mode": "Simple","Parent Relationship": "Outer","Parallel Aware": false,"Async Capable": false,"Startup Cost": 4514.26,"Total Cost": 4994.26,"Plan Rows": 10667,"Plan Width": 36,"Actual Startup Time": 380.948,"Actual Total Time": 455.394,"Actual Rows": 819,"Actual Loops": 1,"Group Key": ["partsupp.ps_partkey"],"Filter": "(sum((partsupp.ps_supplycost * (partsupp.ps_availqty)::numeric)) > $2)","Planned Partitions": 0,"HashAgg Batches": 1,"Peak Memory Usage": 17937,"Disk Usage": 0,"Rows Removed by Filter": 30166,"Plans": [{"Node Type": "Nested Loop","Parent Relationship": "Outer","Parallel Aware": false,"Async Capable": false,"Join Type": "Inner","Startup Cost": 7.81,"Total Cost": 4194.26,"Plan Rows": 32000,"Plan Width": 14,"Actual Startup Time": 0.343,"Actual Total Time": 202.198,"Actual Rows": 32960,"Actual Loops": 1,"Inner Unique": false,"Plans": [{"Node Type": "Nested Loop","Parent Relationship": "Outer","Parallel Aware": false,"Async Capable": false,"Join Type": "Inner","Startup Cost": 7.38,"Total Cost": 244.58,"Plan Rows": 400,"Plan Width": 4,"Actual Startup Time": 0.272,"Actual Total Time": 2.740,"Actual Rows": 412,"Actual Loops": 1,"Inner Unique": false,"Plans": [{"Node Type": "Seq Scan","Parent Relationship": "Outer","Parallel Aware": false,"Async Capable": false,"Relation Name": "nation","Alias": "nation","Startup Cost": 0.00,"Total Cost": 1.31,"Plan Rows": 1,"Plan Width": 4,"Actual Startup Time": 0.064,"Actual Total Time": 0.078,"Actual Rows": 1,"Actual Loops": 1,"Filter": "(n_name = 'CANADA'::bpchar)","Rows Removed by Filter": 24},{"Node Type": "Bitmap Heap Scan","Parent Relationship": "Inner","Parallel Aware": false,"Async Capable": false,"Relation Name": "supplier","Alias": "supplier","Startup Cost": 7.38,"Total Cost": 239.27,"Plan Rows": 400,"Plan Width": 8,"Actual Startup Time": 0.203,"Actual Total Time": 2.610,"Actual Rows": 412,"Actual Loops": 1,"Recheck Cond": "(s_nationkey = nation.n_nationkey)","Rows Removed by Index Recheck": 0,"Exact Heap Blocks": 189,"Lossy Heap Blocks": 0,"Plans": [{"Node Type": "Bitmap Index Scan","Parent Relationship": "Outer","Parallel Aware": false,"Async Capable": false,"Index Name": "idx_supplier_nation_key","Startup Cost": 0.00,"Total Cost": 7.29,"Plan Rows": 400,"Plan Width": 0,"Actual Startup Time": 0.140,"Actual Total Time": 0.142,"Actual Rows": 412,"Actual Loops": 1,"Index Cond": "(s_nationkey = nation.n_nationkey)"}]}]},{"Node Type": "Index Scan","Parent Relationship": "Inner","Parallel Aware": false,"Async Capable": false,"Scan Direction": "Forward","Index Name": "idx_partsupp_suppkey","Relation Name": "partsupp","Alias": "partsupp","Startup Cost": 0.42,"Total Cost": 9.07,"Plan Rows": 80,"Plan Width": 18,"Actual Startup Time": 0.019,"Actual Total Time": 0.472,"Actual Rows": 80,"Actual Loops": 412,"Index Cond": "(ps_suppkey = supplier.s_suppkey)","Rows Removed by Index Recheck": 0}]}]}]},"Planning Time": 7.565,"Triggers": [],"Execution Time": 459.165}]
[{"Plan": {"Node Type": "Sort","Parallel Aware": false,"Async Capable": false,"Startup Cost": 10142.20,"Total Cost": 10168.87,"Plan Rows": 10667,"Plan Width": 36,"Actual Startup Time": 479.473,"Actual Total Time": 479.584,"Actual Rows": 514,"Actual Loops": 1,"Sort Key": ["(sum((partsupp.ps_supplycost * (partsupp.ps_availqty)::numeric))) DESC"],"Sort Method": "quicksort","Sort Space Used": 53,"Sort Space Type": "Memory","Plans": [{"Node Type": "Aggregate","Strategy": "Plain","Partial Mode": "Simple","Parent Relationship": "InitPlan","Subplan Name": "InitPlan 1 (returns $2)","Parallel Aware": false,"Async Capable": false,"Startup Cost": 4434.26,"Total Cost": 4434.27,"Plan Rows": 1,"Plan Width": 32,"Actual Startup Time": 141.847,"Actual Total Time": 141.875,"Actual Rows": 1,"Actual Loops": 1,"Plans": [{"Node Type": "Nested Loop","Parent Relationship": "Outer","Parallel Aware": false,"Async Capable": false,"Join Type": "Inner","Startup Cost": 7.81,"Total Cost": 4194.26,"Plan Rows": 32000,"Plan Width": 10,"Actual Startup Time": 0.217,"Actual Total Time": 133.744,"Actual Rows": 35040,"Actual Loops": 1,"Inner Unique": false,"Plans": [{"Node Type": "Nested Loop","Parent Relationship": "Outer","Parallel Aware": false,"Async Capable": false,"Join Type": "Inner","Startup Cost": 7.38,"Total Cost": 244.58,"Plan Rows": 400,"Plan Width": 4,"Actual Startup Time": 0.176,"Actual Total Time": 1.973,"Actual Rows": 438,"Actual Loops": 1,"Inner Unique": false,"Plans": [{"Node Type": "Seq Scan","Parent Relationship": "Outer","Parallel Aware": false,"Async Capable": false,"Relation Name": "nation","Alias": "nation_1","Startup Cost": 0.00,"Total Cost": 1.31,"Plan Rows": 1,"Plan Width": 4,"Actual Startup Time": 0.030,"Actual Total Time": 0.050,"Actual Rows": 1,"Actual Loops": 1,"Filter": "(n_name = 'IRAQ'::bpchar)","Rows Removed by Filter": 24},{"Node Type": "Bitmap Heap Scan","Parent Relationship": "Inner","Parallel Aware": false,"Async Capable": false,"Relation Name": "supplier","Alias": "supplier_1","Startup Cost": 7.38,"Total Cost": 239.27,"Plan Rows": 400,"Plan Width": 8,"Actual Startup Time": 0.128,"Actual Total Time": 1.851,"Actual Rows": 438,"Actual Loops": 1,"Recheck Cond": "(s_nationkey = nation_1.n_nationkey)","Rows Removed by Index Recheck": 0,"Exact Heap Blocks": 194,"Lossy Heap Blocks": 0,"Plans": [{"Node Type": "Bitmap Index Scan","Parent Relationship": "Outer","Parallel Aware": false,"Async Capable": false,"Index Name": "idx_supplier_nation_key","Startup Cost": 0.00,"Total Cost": 7.29,"Plan Rows": 400,"Plan Width": 0,"Actual Startup Time": 0.090,"Actual Total Time": 0.096,"Actual Rows": 438,"Actual Loops": 1,"Index Cond": "(s_nationkey = nation_1.n_nationkey)"}]}]},{"Node Type": "Index Scan","Parent Relationship": "Inner","Parallel Aware": false,"Async Capable": false,"Scan Direction": "Forward","Index Name": "idx_partsupp_suppkey","Relation Name": "partsupp","Alias": "partsupp_1","Startup Cost": 0.42,"Total Cost": 9.07,"Plan Rows": 80,"Plan Width": 14,"Actual Startup Time": 0.014,"Actual Total Time": 0.289,"Actual Rows": 80,"Actual Loops": 438,"Index Cond": "(ps_suppkey = supplier_1.s_suppkey)","Rows Removed by Index Recheck": 0}]}]},{"Node Type": "Aggregate","Strategy": "Hashed","Partial Mode": "Simple","Parent Relationship": "Outer","Parallel Aware": false,"Async Capable": false,"Startup Cost": 4514.26,"Total Cost": 4994.26,"Plan Rows": 10667,"Plan Width": 36,"Actual Startup Time": 398.650,"Actual Total Time": 479.180,"Actual Rows": 514,"Actual Loops": 1,"Group Key": ["partsupp.ps_partkey"],"Filter": "(sum((partsupp.ps_supplycost * (partsupp.ps_availqty)::numeric)) > $2)","Planned Partitions": 0,"HashAgg Batches": 1,"Peak Memory Usage": 17937,"Disk Usage": 0,"Rows Removed by Filter": 32385,"Plans": [{"Node Type": "Nested Loop","Parent Relationship": "Outer","Parallel Aware": false,"Async Capable": false,"Join Type": "Inner","Startup Cost": 7.81,"Total Cost": 4194.26,"Plan Rows": 32000,"Plan Width": 14,"Actual Startup Time": 0.368,"Actual Total Time": 210.024,"Actual Rows": 35040,"Actual Loops": 1,"Inner Unique": false,"Plans": [{"Node Type": "Nested Loop","Parent Relationship": "Outer","Parallel Aware": false,"Async Capable": false,"Join Type": "Inner","Startup Cost": 7.38,"Total Cost": 244.58,"Plan Rows": 400,"Plan Width": 4,"Actual Startup Time": 0.322,"Actual Total Time": 2.894,"Actual Rows": 438,"Actual Loops": 1,"Inner Unique": false,"Plans": [{"Node Type": "Seq Scan","Parent Relationship": "Outer","Parallel Aware": false,"Async Capable": false,"Relation Name": "nation","Alias": "nation","Startup Cost": 0.00,"Total Cost": 1.31,"Plan Rows": 1,"Plan Width": 4,"Actual Startup Time": 0.077,"Actual Total Time": 0.103,"Actual Rows": 1,"Actual Loops": 1,"Filter": "(n_name = 'IRAQ'::bpchar)","Rows Removed by Filter": 24},{"Node Type": "Bitmap Heap Scan","Parent Relationship": "Inner","Parallel Aware": false,"Async Capable": false,"Relation Name": "supplier","Alias": "supplier","Startup Cost": 7.38,"Total Cost": 239.27,"Plan Rows": 400,"Plan Width": 8,"Actual Startup Time": 0.239,"Actual Total Time": 2.735,"Actual Rows": 438,"Actual Loops": 1,"Recheck Cond": "(s_nationkey = nation.n_nationkey)","Rows Removed by Index Recheck": 0,"Exact Heap Blocks": 194,"Lossy Heap Blocks": 0,"Plans": [{"Node Type": "Bitmap Index Scan","Parent Relationship": "Outer","Parallel Aware": false,"Async Capable": false,"Index Name": "idx_supplier_nation_key","Startup Cost": 0.00,"Total Cost": 7.29,"Plan Rows": 400,"Plan Width": 0,"Actual Startup Time": 0.165,"Actual Total Time": 0.169,"Actual Rows": 438,"Actual Loops": 1,"Index Cond": "(s_nationkey = nation.n_nationkey)"}]}]},{"Node Type": "Index Scan","Parent Relationship": "Inner","Parallel Aware": false,"Async Capable": false,"Scan Direction": "Forward","Index Name": "idx_partsupp_suppkey","Relation Name": "partsupp","Alias": "partsupp","Startup Cost": 0.42,"Total Cost": 9.07,"Plan Rows": 80,"Plan Width": 18,"Actual Startup Time": 0.019,"Actual Total Time": 0.461,"Actual Rows": 80,"Actual Loops": 438,"Index Cond": "(ps_suppkey = supplier.s_suppkey)","Rows Removed by Index Recheck": 0}]}]}]},"Planning Time": 5.748,"Triggers": [],"Execution Time": 483.087}]
[{"Plan": {"Node Type": "Sort","Parallel Aware": false,"Async Capable": false,"Startup Cost": 10142.20,"Total Cost": 10168.87,"Plan Rows": 10667,"Plan Width": 36,"Actual Startup Time": 438.718,"Actual Total Time": 438.846,"Actual Rows": 919,"Actual Loops": 1,"Sort Key": ["(sum((partsupp.ps_supplycost * (partsupp.ps_availqty)::numeric))) DESC"],"Sort Method": "quicksort","Sort Space Used": 75,"Sort Space Type": "Memory","Plans": [{"Node Type": "Aggregate","Strategy": "Plain","Partial Mode": "Simple","Parent Relationship": "InitPlan","Subplan Name": "InitPlan 1 (returns $2)","Parallel Aware": false,"Async Capable": false,"Startup Cost": 4434.26,"Total Cost": 4434.27,"Plan Rows": 1,"Plan Width": 32,"Actual Startup Time": 130.550,"Actual Total Time": 130.572,"Actual Rows": 1,"Actual Loops": 1,"Plans": [{"Node Type": "Nested Loop","Parent Relationship": "Outer","Parallel Aware": false,"Async Capable": false,"Join Type": "Inner","Startup Cost": 7.81,"Total Cost": 4194.26,"Plan Rows": 32000,"Plan Width": 10,"Actual Startup Time": 0.239,"Actual Total Time": 123.231,"Actual Rows": 32080,"Actual Loops": 1,"Inner Unique": false,"Plans": [{"Node Type": "Nested Loop","Parent Relationship": "Outer","Parallel Aware": false,"Async Capable": false,"Join Type": "Inner","Startup Cost": 7.38,"Total Cost": 244.58,"Plan Rows": 400,"Plan Width": 4,"Actual Startup Time": 0.189,"Actual Total Time": 1.751,"Actual Rows": 401,"Actual Loops": 1,"Inner Unique": false,"Plans": [{"Node Type": "Seq Scan","Parent Relationship": "Outer","Parallel Aware": false,"Async Capable": false,"Relation Name": "nation","Alias": "nation_1","Startup Cost": 0.00,"Total Cost": 1.31,"Plan Rows": 1,"Plan Width": 4,"Actual Startup Time": 0.044,"Actual Total Time": 0.061,"Actual Rows": 1,"Actual Loops": 1,"Filter": "(n_name = 'RUSSIA'::bpchar)","Rows Removed by Filter": 24},{"Node Type": "Bitmap Heap Scan","Parent Relationship": "Inner","Parallel Aware": false,"Async Capable": false,"Relation Name": "supplier","Alias": "supplier_1","Startup Cost": 7.38,"Total Cost": 239.27,"Plan Rows": 400,"Plan Width": 8,"Actual Startup Time": 0.130,"Actual Total Time": 1.632,"Actual Rows": 401,"Actual Loops": 1,"Recheck Cond": "(s_nationkey = nation_1.n_nationkey)","Rows Removed by Index Recheck": 0,"Exact Heap Blocks": 180,"Lossy Heap Blocks": 0,"Plans": [{"Node Type": "Bitmap Index Scan","Parent Relationship": "Outer","Parallel Aware": false,"Async Capable": false,"Index Name": "idx_supplier_nation_key","Startup Cost": 0.00,"Total Cost": 7.29,"Plan Rows": 400,"Plan Width": 0,"Actual Startup Time": 0.092,"Actual Total Time": 0.094,"Actual Rows": 401,"Actual Loops": 1,"Index Cond": "(s_nationkey = nation_1.n_nationkey)"}]}]},{"Node Type": "Index Scan","Parent Relationship": "Inner","Parallel Aware": false,"Async Capable": false,"Scan Direction": "Forward","Index Name": "idx_partsupp_suppkey","Relation Name": "partsupp","Alias": "partsupp_1","Startup Cost": 0.42,"Total Cost": 9.07,"Plan Rows": 80,"Plan Width": 14,"Actual Startup Time": 0.014,"Actual Total Time": 0.291,"Actual Rows": 80,"Actual Loops": 401,"Index Cond": "(ps_suppkey = supplier_1.s_suppkey)","Rows Removed by Index Recheck": 0}]}]},{"Node Type": "Aggregate","Strategy": "Hashed","Partial Mode": "Simple","Parent Relationship": "Outer","Parallel Aware": false,"Async Capable": false,"Startup Cost": 4514.26,"Total Cost": 4994.26,"Plan Rows": 10667,"Plan Width": 36,"Actual Startup Time": 367.075,"Actual Total Time": 438.260,"Actual Rows": 919,"Actual Loops": 1,"Group Key": ["partsupp.ps_partkey"],"Filter": "(sum((partsupp.ps_supplycost * (partsupp.ps_availqty)::numeric)) > $2)","Planned Partitions": 0,"HashAgg Batches": 1,"Peak Memory Usage": 17937,"Disk Usage": 0,"Rows Removed by Filter": 29289,"Plans": [{"Node Type": "Nested Loop","Parent Relationship": "Outer","Parallel Aware": false,"Async Capable": false,"Join Type": "Inner","Startup Cost": 7.81,"Total Cost": 4194.26,"Plan Rows": 32000,"Plan Width": 14,"Actual Startup Time": 0.388,"Actual Total Time": 194.500,"Actual Rows": 32080,"Actual Loops": 1,"Inner Unique": false,"Plans": [{"Node Type": "Nested Loop","Parent Relationship": "Outer","Parallel Aware": false,"Async Capable": false,"Join Type": "Inner","Startup Cost": 7.38,"Total Cost": 244.58,"Plan Rows": 400,"Plan Width": 4,"Actual Startup Time": 0.281,"Actual Total Time": 2.675,"Actual Rows": 401,"Actual Loops": 1,"Inner Unique": false,"Plans": [{"Node Type": "Seq Scan","Parent Relationship": "Outer","Parallel Aware": false,"Async Capable": false,"Relation Name": "nation","Alias": "nation","Startup Cost": 0.00,"Total Cost": 1.31,"Plan Rows": 1,"Plan Width": 4,"Actual Startup Time": 0.057,"Actual Total Time": 0.080,"Actual Rows": 1,"Actual Loops": 1,"Filter": "(n_name = 'RUSSIA'::bpchar)","Rows Removed by Filter": 24},{"Node Type": "Bitmap Heap Scan","Parent Relationship": "Inner","Parallel Aware": false,"Async Capable": false,"Relation Name": "supplier","Alias": "supplier","Startup Cost": 7.38,"Total Cost": 239.27,"Plan Rows": 400,"Plan Width": 8,"Actual Startup Time": 0.220,"Actual Total Time": 2.546,"Actual Rows": 401,"Actual Loops": 1,"Recheck Cond": "(s_nationkey = nation.n_nationkey)","Rows Removed by Index Recheck": 0,"Exact Heap Blocks": 180,"Lossy Heap Blocks": 0,"Plans": [{"Node Type": "Bitmap Index Scan","Parent Relationship": "Outer","Parallel Aware": false,"Async Capable": false,"Index Name": "idx_supplier_nation_key","Startup Cost": 0.00,"Total Cost": 7.29,"Plan Rows": 400,"Plan Width": 0,"Actual Startup Time": 0.151,"Actual Total Time": 0.154,"Actual Rows": 401,"Actual Loops": 1,"Index Cond": "(s_nationkey = nation.n_nationkey)"}]}]},{"Node Type": "Index Scan","Parent Relationship": "Inner","Parallel Aware": false,"Async Capable": false,"Scan Direction": "Forward","Index Name": "idx_partsupp_suppkey","Relation Name": "partsupp","Alias": "partsupp","Startup Cost": 0.42,"Total Cost": 9.07,"Plan Rows": 80,"Plan Width": 18,"Actual Startup Time": 0.018,"Actual Total Time": 0.467,"Actual Rows": 80,"Actual Loops": 401,"Index Cond": "(ps_suppkey = supplier.s_suppkey)","Rows Removed by Index Recheck": 0}]}]}]},"Planning Time": 6.216,"Triggers": [],"Execution Time": 442.343}]
[{"Plan": {"Node Type": "Sort","Parallel Aware": false,"Async Capable": false,"Startup Cost": 10142.20,"Total Cost": 10168.87,"Plan Rows": 10667,"Plan Width": 36,"Actual Startup Time": 444.263,"Actual Total Time": 444.393,"Actual Rows": 839,"Actual Loops": 1,"Sort Key": ["(sum((partsupp.ps_supplycost * (partsupp.ps_availqty)::numeric))) DESC"],"Sort Method": "quicksort","Sort Space Used": 70,"Sort Space Type": "Memory","Plans": [{"Node Type": "Aggregate","Strategy": "Plain","Partial Mode": "Simple","Parent Relationship": "InitPlan","Subplan Name": "InitPlan 1 (returns $2)","Parallel Aware": false,"Async Capable": false,"Startup Cost": 4434.26,"Total Cost": 4434.27,"Plan Rows": 1,"Plan Width": 32,"Actual Startup Time": 130.704,"Actual Total Time": 130.725,"Actual Rows": 1,"Actual Loops": 1,"Plans": [{"Node Type": "Nested Loop","Parent Relationship": "Outer","Parallel Aware": false,"Async Capable": false,"Join Type": "Inner","Startup Cost": 7.81,"Total Cost": 4194.26,"Plan Rows": 32000,"Plan Width": 10,"Actual Startup Time": 0.144,"Actual Total Time": 123.234,"Actual Rows": 32880,"Actual Loops": 1,"Inner Unique": false,"Plans": [{"Node Type": "Nested Loop","Parent Relationship": "Outer","Parallel Aware": false,"Async Capable": false,"Join Type": "Inner","Startup Cost": 7.38,"Total Cost": 244.58,"Plan Rows": 400,"Plan Width": 4,"Actual Startup Time": 0.115,"Actual Total Time": 1.739,"Actual Rows": 411,"Actual Loops": 1,"Inner Unique": false,"Plans": [{"Node Type": "Seq Scan","Parent Relationship": "Outer","Parallel Aware": false,"Async Capable": false,"Relation Name": "nation","Alias": "nation_1","Startup Cost": 0.00,"Total Cost": 1.31,"Plan Rows": 1,"Plan Width": 4,"Actual Startup Time": 0.024,"Actual Total Time": 0.046,"Actual Rows": 1,"Actual Loops": 1,"Filter": "(n_name = 'SAUDI ARABIA'::bpchar)","Rows Removed by Filter": 24},{"Node Type": "Bitmap Heap Scan","Parent Relationship": "Inner","Parallel Aware": false,"Async Capable": false,"Relation Name": "supplier","Alias": "supplier_1","Startup Cost": 7.38,"Total Cost": 239.27,"Plan Rows": 400,"Plan Width": 8,"Actual Startup Time": 0.082,"Actual Total Time": 1.642,"Actual Rows": 411,"Actual Loops": 1,"Recheck Cond": "(s_nationkey = nation_1.n_nationkey)","Rows Removed by Index Recheck": 0,"Exact Heap Blocks": 182,"Lossy Heap Blocks": 0,"Plans": [{"Node Type": "Bitmap Index Scan","Parent Relationship": "Outer","Parallel Aware": false,"Async Capable": false,"Index Name": "idx_supplier_nation_key","Startup Cost": 0.00,"Total Cost": 7.29,"Plan Rows": 400,"Plan Width": 0,"Actual Startup Time": 0.049,"Actual Total Time": 0.055,"Actual Rows": 411,"Actual Loops": 1,"Index Cond": "(s_nationkey = nation_1.n_nationkey)"}]}]},{"Node Type": "Index Scan","Parent Relationship": "Inner","Parallel Aware": false,"Async Capable": false,"Scan Direction": "Forward","Index Name": "idx_partsupp_suppkey","Relation Name": "partsupp","Alias": "partsupp_1","Startup Cost": 0.42,"Total Cost": 9.07,"Plan Rows": 80,"Plan Width": 14,"Actual Startup Time": 0.014,"Actual Total Time": 0.283,"Actual Rows": 80,"Actual Loops": 411,"Index Cond": "(ps_suppkey = supplier_1.s_suppkey)","Rows Removed by Index Recheck": 0}]}]},{"Node Type": "Aggregate","Strategy": "Hashed","Partial Mode": "Simple","Parent Relationship": "Outer","Parallel Aware": false,"Async Capable": false,"Startup Cost": 4514.26,"Total Cost": 4994.26,"Plan Rows": 10667,"Plan Width": 36,"Actual Startup Time": 370.866,"Actual Total Time": 443.841,"Actual Rows": 839,"Actual Loops": 1,"Group Key": ["partsupp.ps_partkey"],"Filter": "(sum((partsupp.ps_supplycost * (partsupp.ps_availqty)::numeric)) > $2)","Planned Partitions": 0,"HashAgg Batches": 1,"Peak Memory Usage": 17937,"Disk Usage": 0,"Rows Removed by Filter": 30007,"Plans": [{"Node Type": "Nested Loop","Parent Relationship": "Outer","Parallel Aware": false,"Async Capable": false,"Join Type": "Inner","Startup Cost": 7.81,"Total Cost": 4194.26,"Plan Rows": 32000,"Plan Width": 14,"Actual Startup Time": 0.339,"Actual Total Time": 197.388,"Actual Rows": 32880,"Actual Loops": 1,"Inner Unique": false,"Plans": [{"Node Type": "Nested Loop","Parent Relationship": "Outer","Parallel Aware": false,"Async Capable": false,"Join Type": "Inner","Startup Cost": 7.38,"Total Cost": 244.58,"Plan Rows": 400,"Plan Width": 4,"Actual Startup Time": 0.236,"Actual Total Time": 2.786,"Actual Rows": 411,"Actual Loops": 1,"Inner Unique": false,"Plans": [{"Node Type": "Seq Scan","Parent Relationship": "Outer","Parallel Aware": false,"Async Capable": false,"Relation Name": "nation","Alias": "nation","Startup Cost": 0.00,"Total Cost": 1.31,"Plan Rows": 1,"Plan Width": 4,"Actual Startup Time": 0.067,"Actual Total Time": 0.078,"Actual Rows": 1,"Actual Loops": 1,"Filter": "(n_name = 'SAUDI ARABIA'::bpchar)","Rows Removed by Filter": 24},{"Node Type": "Bitmap Heap Scan","Parent Relationship": "Inner","Parallel Aware": false,"Async Capable": false,"Relation Name": "supplier","Alias": "supplier","Startup Cost": 7.38,"Total Cost": 239.27,"Plan Rows": 400,"Plan Width": 8,"Actual Startup Time": 0.164,"Actual Total Time": 2.651,"Actual Rows": 411,"Actual Loops": 1,"Recheck Cond": "(s_nationkey = nation.n_nationkey)","Rows Removed by Index Recheck": 0,"Exact Heap Blocks": 182,"Lossy Heap Blocks": 0,"Plans": [{"Node Type": "Bitmap Index Scan","Parent Relationship": "Outer","Parallel Aware": false,"Async Capable": false,"Index Name": "idx_supplier_nation_key","Startup Cost": 0.00,"Total Cost": 7.29,"Plan Rows": 400,"Plan Width": 0,"Actual Startup Time": 0.119,"Actual Total Time": 0.120,"Actual Rows": 411,"Actual Loops": 1,"Index Cond": "(s_nationkey = nation.n_nationkey)"}]}]},{"Node Type": "Index Scan","Parent Relationship": "Inner","Parallel Aware": false,"Async Capable": false,"Scan Direction": "Forward","Index Name": "idx_partsupp_suppkey","Relation Name": "partsupp","Alias": "partsupp","Startup Cost": 0.42,"Total Cost": 9.07,"Plan Rows": 80,"Plan Width": 18,"Actual Startup Time": 0.019,"Actual Total Time": 0.462,"Actual Rows": 80,"Actual Loops": 411,"Index Cond": "(ps_suppkey = supplier.s_suppkey)","Rows Removed by Index Recheck": 0}]}]}]},"Planning Time": 5.661,"Triggers": [],"Execution Time": 447.485}]
[{"Plan": {"Node Type": "Sort","Parallel Aware": false,"Async Capable": false,"Startup Cost": 10142.20,"Total Cost": 10168.87,"Plan Rows": 10667,"Plan Width": 36,"Actual Startup Time": 460.724,"Actual Total Time": 460.840,"Actual Rows": 741,"Actual Loops": 1,"Sort Key": ["(sum((partsupp.ps_supplycost * (partsupp.ps_availqty)::numeric))) DESC"],"Sort Method": "quicksort","Sort Space Used": 65,"Sort Space Type": "Memory","Plans": [{"Node Type": "Aggregate","Strategy": "Plain","Partial Mode": "Simple","Parent Relationship": "InitPlan","Subplan Name": "InitPlan 1 (returns $2)","Parallel Aware": false,"Async Capable": false,"Startup Cost": 4434.26,"Total Cost": 4434.27,"Plan Rows": 1,"Plan Width": 32,"Actual Startup Time": 132.110,"Actual Total Time": 132.136,"Actual Rows": 1,"Actual Loops": 1,"Plans": [{"Node Type": "Nested Loop","Parent Relationship": "Outer","Parallel Aware": false,"Async Capable": false,"Join Type": "Inner","Startup Cost": 7.81,"Total Cost": 4194.26,"Plan Rows": 32000,"Plan Width": 10,"Actual Startup Time": 0.212,"Actual Total Time": 124.425,"Actual Rows": 33680,"Actual Loops": 1,"Inner Unique": false,"Plans": [{"Node Type": "Nested Loop","Parent Relationship": "Outer","Parallel Aware": false,"Async Capable": false,"Join Type": "Inner","Startup Cost": 7.38,"Total Cost": 244.58,"Plan Rows": 400,"Plan Width": 4,"Actual Startup Time": 0.146,"Actual Total Time": 1.771,"Actual Rows": 421,"Actual Loops": 1,"Inner Unique": false,"Plans": [{"Node Type": "Seq Scan","Parent Relationship": "Outer","Parallel Aware": false,"Async Capable": false,"Relation Name": "nation","Alias": "nation_1","Startup Cost": 0.00,"Total Cost": 1.31,"Plan Rows": 1,"Plan Width": 4,"Actual Startup Time": 0.036,"Actual Total Time": 0.052,"Actual Rows": 1,"Actual Loops": 1,"Filter": "(n_name = 'PERU'::bpchar)","Rows Removed by Filter": 24},{"Node Type": "Bitmap Heap Scan","Parent Relationship": "Inner","Parallel Aware": false,"Async Capable": false,"Relation Name": "supplier","Alias": "supplier_1","Startup Cost": 7.38,"Total Cost": 239.27,"Plan Rows": 400,"Plan Width": 8,"Actual Startup Time": 0.097,"Actual Total Time": 1.663,"Actual Rows": 421,"Actual Loops": 1,"Recheck Cond": "(s_nationkey = nation_1.n_nationkey)","Rows Removed by Index Recheck": 0,"Exact Heap Blocks": 187,"Lossy Heap Blocks": 0,"Plans": [{"Node Type": "Bitmap Index Scan","Parent Relationship": "Outer","Parallel Aware": false,"Async Capable": false,"Index Name": "idx_supplier_nation_key","Startup Cost": 0.00,"Total Cost": 7.29,"Plan Rows": 400,"Plan Width": 0,"Actual Startup Time": 0.063,"Actual Total Time": 0.070,"Actual Rows": 421,"Actual Loops": 1,"Index Cond": "(s_nationkey = nation_1.n_nationkey)"}]}]},{"Node Type": "Index Scan","Parent Relationship": "Inner","Parallel Aware": false,"Async Capable": false,"Scan Direction": "Forward","Index Name": "idx_partsupp_suppkey","Relation Name": "partsupp","Alias": "partsupp_1","Startup Cost": 0.42,"Total Cost": 9.07,"Plan Rows": 80,"Plan Width": 14,"Actual Startup Time": 0.014,"Actual Total Time": 0.279,"Actual Rows": 80,"Actual Loops": 421,"Index Cond": "(ps_suppkey = supplier_1.s_suppkey)","Rows Removed by Index Recheck": 0}]}]},{"Node Type": "Aggregate","Strategy": "Hashed","Partial Mode": "Simple","Parent Relationship": "Outer","Parallel Aware": false,"Async Capable": false,"Startup Cost": 4514.26,"Total Cost": 4994.26,"Plan Rows": 10667,"Plan Width": 36,"Actual Startup Time": 384.508,"Actual Total Time": 460.301,"Actual Rows": 741,"Actual Loops": 1,"Group Key": ["partsupp.ps_partkey"],"Filter": "(sum((partsupp.ps_supplycost * (partsupp.ps_availqty)::numeric)) > $2)","Planned Partitions": 0,"HashAgg Batches": 1,"Peak Memory Usage": 17937,"Disk Usage": 0,"Rows Removed by Filter": 30846,"Plans": [{"Node Type": "Nested Loop","Parent Relationship": "Outer","Parallel Aware": false,"Async Capable": false,"Join Type": "Inner","Startup Cost": 7.81,"Total Cost": 4194.26,"Plan Rows": 32000,"Plan Width": 14,"Actual Startup Time": 0.389,"Actual Total Time": 205.243,"Actual Rows": 33680,"Actual Loops": 1,"Inner Unique": false,"Plans": [{"Node Type": "Nested Loop","Parent Relationship": "Outer","Parallel Aware": false,"Async Capable": false,"Join Type": "Inner","Startup Cost": 7.38,"Total Cost": 244.58,"Plan Rows": 400,"Plan Width": 4,"Actual Startup Time": 0.332,"Actual Total Time": 2.785,"Actual Rows": 421,"Actual Loops": 1,"Inner Unique": false,"Plans": [{"Node Type": "Seq Scan","Parent Relationship": "Outer","Parallel Aware": false,"Async Capable": false,"Relation Name": "nation","Alias": "nation","Startup Cost": 0.00,"Total Cost": 1.31,"Plan Rows": 1,"Plan Width": 4,"Actual Startup Time": 0.057,"Actual Total Time": 0.075,"Actual Rows": 1,"Actual Loops": 1,"Filter": "(n_name = 'PERU'::bpchar)","Rows Removed by Filter": 24},{"Node Type": "Bitmap Heap Scan","Parent Relationship": "Inner","Parallel Aware": false,"Async Capable": false,"Relation Name": "supplier","Alias": "supplier","Startup Cost": 7.38,"Total Cost": 239.27,"Plan Rows": 400,"Plan Width": 8,"Actual Startup Time": 0.270,"Actual Total Time": 2.660,"Actual Rows": 421,"Actual Loops": 1,"Recheck Cond": "(s_nationkey = nation.n_nationkey)","Rows Removed by Index Recheck": 0,"Exact Heap Blocks": 187,"Lossy Heap Blocks": 0,"Plans": [{"Node Type": "Bitmap Index Scan","Parent Relationship": "Outer","Parallel Aware": false,"Async Capable": false,"Index Name": "idx_supplier_nation_key","Startup Cost": 0.00,"Total Cost": 7.29,"Plan Rows": 400,"Plan Width": 0,"Actual Startup Time": 0.195,"Actual Total Time": 0.196,"Actual Rows": 421,"Actual Loops": 1,"Index Cond": "(s_nationkey = nation.n_nationkey)"}]}]},{"Node Type": "Index Scan","Parent Relationship": "Inner","Parallel Aware": false,"Async Capable": false,"Scan Direction": "Forward","Index Name": "idx_partsupp_suppkey","Relation Name": "partsupp","Alias": "partsupp","Startup Cost": 0.42,"Total Cost": 9.07,"Plan Rows": 80,"Plan Width": 18,"Actual Startup Time": 0.018,"Actual Total Time": 0.469,"Actual Rows": 80,"Actual Loops": 421,"Index Cond": "(ps_suppkey = supplier.s_suppkey)","Rows Removed by Index Recheck": 0}]}]}]},"Planning Time": 6.964,"Triggers": [],"Execution Time": 464.153}]
[{"Plan": {"Node Type": "Sort","Parallel Aware": false,"Async Capable": false,"Startup Cost": 10142.20,"Total Cost": 10168.87,"Plan Rows": 10667,"Plan Width": 36,"Actual Startup Time": 433.878,"Actual Total Time": 434.021,"Actual Rows": 1048,"Actual Loops": 1,"Sort Key": ["(sum((partsupp.ps_supplycost * (partsupp.ps_availqty)::numeric))) DESC"],"Sort Method": "quicksort","Sort Space Used": 106,"Sort Space Type": "Memory","Plans": [{"Node Type": "Aggregate","Strategy": "Plain","Partial Mode": "Simple","Parent Relationship": "InitPlan","Subplan Name": "InitPlan 1 (returns $2)","Parallel Aware": false,"Async Capable": false,"Startup Cost": 4434.26,"Total Cost": 4434.27,"Plan Rows": 1,"Plan Width": 32,"Actual Startup Time": 128.490,"Actual Total Time": 128.514,"Actual Rows": 1,"Actual Loops": 1,"Plans": [{"Node Type": "Nested Loop","Parent Relationship": "Outer","Parallel Aware": false,"Async Capable": false,"Join Type": "Inner","Startup Cost": 7.81,"Total Cost": 4194.26,"Plan Rows": 32000,"Plan Width": 10,"Actual Startup Time": 0.194,"Actual Total Time": 121.249,"Actual Rows": 31680,"Actual Loops": 1,"Inner Unique": false,"Plans": [{"Node Type": "Nested Loop","Parent Relationship": "Outer","Parallel Aware": false,"Async Capable": false,"Join Type": "Inner","Startup Cost": 7.38,"Total Cost": 244.58,"Plan Rows": 400,"Plan Width": 4,"Actual Startup Time": 0.149,"Actual Total Time": 1.791,"Actual Rows": 396,"Actual Loops": 1,"Inner Unique": false,"Plans": [{"Node Type": "Seq Scan","Parent Relationship": "Outer","Parallel Aware": false,"Async Capable": false,"Relation Name": "nation","Alias": "nation_1","Startup Cost": 0.00,"Total Cost": 1.31,"Plan Rows": 1,"Plan Width": 4,"Actual Startup Time": 0.037,"Actual Total Time": 0.065,"Actual Rows": 1,"Actual Loops": 1,"Filter": "(n_name = 'GERMANY'::bpchar)","Rows Removed by Filter": 24},{"Node Type": "Bitmap Heap Scan","Parent Relationship": "Inner","Parallel Aware": false,"Async Capable": false,"Relation Name": "supplier","Alias": "supplier_1","Startup Cost": 7.38,"Total Cost": 239.27,"Plan Rows": 400,"Plan Width": 8,"Actual Startup Time": 0.101,"Actual Total Time": 1.663,"Actual Rows": 396,"Actual Loops": 1,"Recheck Cond": "(s_nationkey = nation_1.n_nationkey)","Rows Removed by Index Recheck": 0,"Exact Heap Blocks": 191,"Lossy Heap Blocks": 0,"Plans": [{"Node Type": "Bitmap Index Scan","Parent Relationship": "Outer","Parallel Aware": false,"Async Capable": false,"Index Name": "idx_supplier_nation_key","Startup Cost": 0.00,"Total Cost": 7.29,"Plan Rows": 400,"Plan Width": 0,"Actual Startup Time": 0.064,"Actual Total Time": 0.071,"Actual Rows": 396,"Actual Loops": 1,"Index Cond": "(s_nationkey = nation_1.n_nationkey)"}]}]},{"Node Type": "Index Scan","Parent Relationship": "Inner","Parallel Aware": false,"Async Capable": false,"Scan Direction": "Forward","Index Name": "idx_partsupp_suppkey","Relation Name": "partsupp","Alias": "partsupp_1","Startup Cost": 0.42,"Total Cost": 9.07,"Plan Rows": 80,"Plan Width": 14,"Actual Startup Time": 0.014,"Actual Total Time": 0.289,"Actual Rows": 80,"Actual Loops": 396,"Index Cond": "(ps_suppkey = supplier_1.s_suppkey)","Rows Removed by Index Recheck": 0}]}]},{"Node Type": "Aggregate","Strategy": "Hashed","Partial Mode": "Simple","Parent Relationship": "Outer","Parallel Aware": false,"Async Capable": false,"Startup Cost": 4514.26,"Total Cost": 4994.26,"Plan Rows": 10667,"Plan Width": 36,"Actual Startup Time": 363.472,"Actual Total Time": 433.375,"Actual Rows": 1048,"Actual Loops": 1,"Group Key": ["partsupp.ps_partkey"],"Filter": "(sum((partsupp.ps_supplycost * (partsupp.ps_availqty)::numeric)) > $2)","Planned Partitions": 0,"HashAgg Batches": 1,"Peak Memory Usage": 17937,"Disk Usage": 0,"Rows Removed by Filter": 28770,"Plans": [{"Node Type": "Nested Loop","Parent Relationship": "Outer","Parallel Aware": false,"Async Capable": false,"Join Type": "Inner","Startup Cost": 7.81,"Total Cost": 4194.26,"Plan Rows": 32000,"Plan Width": 14,"Actual Startup Time": 0.319,"Actual Total Time": 192.866,"Actual Rows": 31680,"Actual Loops": 1,"Inner Unique": false,"Plans": [{"Node Type": "Nested Loop","Parent Relationship": "Outer","Parallel Aware": false,"Async Capable": false,"Join Type": "Inner","Startup Cost": 7.38,"Total Cost": 244.58,"Plan Rows": 400,"Plan Width": 4,"Actual Startup Time": 0.254,"Actual Total Time": 2.704,"Actual Rows": 396,"Actual Loops": 1,"Inner Unique": false,"Plans": [{"Node Type": "Seq Scan","Parent Relationship": "Outer","Parallel Aware": false,"Async Capable": false,"Relation Name": "nation","Alias": "nation","Startup Cost": 0.00,"Total Cost": 1.31,"Plan Rows": 1,"Plan Width": 4,"Actual Startup Time": 0.067,"Actual Total Time": 0.092,"Actual Rows": 1,"Actual Loops": 1,"Filter": "(n_name = 'GERMANY'::bpchar)","Rows Removed by Filter": 24},{"Node Type": "Bitmap Heap Scan","Parent Relationship": "Inner","Parallel Aware": false,"Async Capable": false,"Relation Name": "supplier","Alias": "supplier","Startup Cost": 7.38,"Total Cost": 239.27,"Plan Rows": 400,"Plan Width": 8,"Actual Startup Time": 0.180,"Actual Total Time": 2.555,"Actual Rows": 396,"Actual Loops": 1,"Recheck Cond": "(s_nationkey = nation.n_nationkey)","Rows Removed by Index Recheck": 0,"Exact Heap Blocks": 191,"Lossy Heap Blocks": 0,"Plans": [{"Node Type": "Bitmap Index Scan","Parent Relationship": "Outer","Parallel Aware": false,"Async Capable": false,"Index Name": "idx_supplier_nation_key","Startup Cost": 0.00,"Total Cost": 7.29,"Plan Rows": 400,"Plan Width": 0,"Actual Startup Time": 0.114,"Actual Total Time": 0.118,"Actual Rows": 396,"Actual Loops": 1,"Index Cond": "(s_nationkey = nation.n_nationkey)"}]}]},{"Node Type": "Index Scan","Parent Relationship": "Inner","Parallel Aware": false,"Async Capable": false,"Scan Direction": "Forward","Index Name": "idx_partsupp_suppkey","Relation Name": "partsupp","Alias": "partsupp","Startup Cost": 0.42,"Total Cost": 9.07,"Plan Rows": 80,"Plan Width": 18,"Actual Startup Time": 0.019,"Actual Total Time": 0.468,"Actual Rows": 80,"Actual Loops": 396,"Index Cond": "(ps_suppkey = supplier.s_suppkey)","Rows Removed by Index Recheck": 0}]}]}]},"Planning Time": 7.362,"Triggers": [],"Execution Time": 437.365}]
[{"Plan": {"Node Type": "Sort","Parallel Aware": false,"Async Capable": false,"Startup Cost": 10142.20,"Total Cost": 10168.87,"Plan Rows": 10667,"Plan Width": 36,"Actual Startup Time": 427.455,"Actual Total Time": 427.551,"Actual Rows": 1289,"Actual Loops": 1,"Sort Key": ["(sum((partsupp.ps_supplycost * (partsupp.ps_availqty)::numeric))) DESC"],"Sort Method": "quicksort","Sort Space Used": 119,"Sort Space Type": "Memory","Plans": [{"Node Type": "Aggregate","Strategy": "Plain","Partial Mode": "Simple","Parent Relationship": "InitPlan","Subplan Name": "InitPlan 1 (returns $2)","Parallel Aware": false,"Async Capable": false,"Startup Cost": 4434.26,"Total Cost": 4434.27,"Plan Rows": 1,"Plan Width": 32,"Actual Startup Time": 127.032,"Actual Total Time": 127.034,"Actual Rows": 1,"Actual Loops": 1,"Plans": [{"Node Type": "Nested Loop","Parent Relationship": "Outer","Parallel Aware": false,"Async Capable": false,"Join Type": "Inner","Startup Cost": 7.81,"Total Cost": 4194.26,"Plan Rows": 32000,"Plan Width": 10,"Actual Startup Time": 0.214,"Actual Total Time": 120.104,"Actual Rows": 29840,"Actual Loops": 1,"Inner Unique": false,"Plans": [{"Node Type": "Nested Loop","Parent Relationship": "Outer","Parallel Aware": false,"Async Capable": false,"Join Type": "Inner","Startup Cost": 7.38,"Total Cost": 244.58,"Plan Rows": 400,"Plan Width": 4,"Actual Startup Time": 0.166,"Actual Total Time": 1.626,"Actual Rows": 373,"Actual Loops": 1,"Inner Unique": false,"Plans": [{"Node Type": "Seq Scan","Parent Relationship": "Outer","Parallel Aware": false,"Async Capable": false,"Relation Name": "nation","Alias": "nation_1","Startup Cost": 0.00,"Total Cost": 1.31,"Plan Rows": 1,"Plan Width": 4,"Actual Startup Time": 0.026,"Actual Total Time": 0.048,"Actual Rows": 1,"Actual Loops": 1,"Filter": "(n_name = 'MOROCCO'::bpchar)","Rows Removed by Filter": 24},{"Node Type": "Bitmap Heap Scan","Parent Relationship": "Inner","Parallel Aware": false,"Async Capable": false,"Relation Name": "supplier","Alias": "supplier_1","Startup Cost": 7.38,"Total Cost": 239.27,"Plan Rows": 400,"Plan Width": 8,"Actual Startup Time": 0.118,"Actual Total Time": 1.519,"Actual Rows": 373,"Actual Loops": 1,"Recheck Cond": "(s_nationkey = nation_1.n_nationkey)","Rows Removed by Index Recheck": 0,"Exact Heap Blocks": 180,"Lossy Heap Blocks": 0,"Plans": [{"Node Type": "Bitmap Index Scan","Parent Relationship": "Outer","Parallel Aware": false,"Async Capable": false,"Index Name": "idx_supplier_nation_key","Startup Cost": 0.00,"Total Cost": 7.29,"Plan Rows": 400,"Plan Width": 0,"Actual Startup Time": 0.076,"Actual Total Time": 0.076,"Actual Rows": 373,"Actual Loops": 1,"Index Cond": "(s_nationkey = nation_1.n_nationkey)"}]}]},{"Node Type": "Index Scan","Parent Relationship": "Inner","Parallel Aware": false,"Async Capable": false,"Scan Direction": "Forward","Index Name": "idx_partsupp_suppkey","Relation Name": "partsupp","Alias": "partsupp_1","Startup Cost": 0.42,"Total Cost": 9.07,"Plan Rows": 80,"Plan Width": 14,"Actual Startup Time": 0.015,"Actual Total Time": 0.305,"Actual Rows": 80,"Actual Loops": 373,"Index Cond": "(ps_suppkey = supplier_1.s_suppkey)","Rows Removed by Index Recheck": 0}]}]},{"Node Type": "Aggregate","Strategy": "Hashed","Partial Mode": "Simple","Parent Relationship": "Outer","Parallel Aware": false,"Async Capable": false,"Startup Cost": 4514.26,"Total Cost": 4994.26,"Plan Rows": 10667,"Plan Width": 36,"Actual Startup Time": 361.188,"Actual Total Time": 426.914,"Actual Rows": 1289,"Actual Loops": 1,"Group Key": ["partsupp.ps_partkey"],"Filter": "(sum((partsupp.ps_supplycost * (partsupp.ps_availqty)::numeric)) > $2)","Planned Partitions": 0,"HashAgg Batches": 1,"Peak Memory Usage": 17937,"Disk Usage": 0,"Rows Removed by Filter": 26965,"Plans": [{"Node Type": "Nested Loop","Parent Relationship": "Outer","Parallel Aware": false,"Async Capable": false,"Join Type": "Inner","Startup Cost": 7.81,"Total Cost": 4194.26,"Plan Rows": 32000,"Plan Width": 14,"Actual Startup Time": 0.390,"Actual Total Time": 190.362,"Actual Rows": 29840,"Actual Loops": 1,"Inner Unique": false,"Plans": [{"Node Type": "Nested Loop","Parent Relationship": "Outer","Parallel Aware": false,"Async Capable": false,"Join Type": "Inner","Startup Cost": 7.38,"Total Cost": 244.58,"Plan Rows": 400,"Plan Width": 4,"Actual Startup Time": 0.321,"Actual Total Time": 2.795,"Actual Rows": 373,"Actual Loops": 1,"Inner Unique": false,"Plans": [{"Node Type": "Seq Scan","Parent Relationship": "Outer","Parallel Aware": false,"Async Capable": false,"Relation Name": "nation","Alias": "nation","Startup Cost": 0.00,"Total Cost": 1.31,"Plan Rows": 1,"Plan Width": 4,"Actual Startup Time": 0.071,"Actual Total Time": 0.095,"Actual Rows": 1,"Actual Loops": 1,"Filter": "(n_name = 'MOROCCO'::bpchar)","Rows Removed by Filter": 24},{"Node Type": "Bitmap Heap Scan","Parent Relationship": "Inner","Parallel Aware": false,"Async Capable": false,"Relation Name": "supplier","Alias": "supplier","Startup Cost": 7.38,"Total Cost": 239.27,"Plan Rows": 400,"Plan Width": 8,"Actual Startup Time": 0.245,"Actual Total Time": 2.650,"Actual Rows": 373,"Actual Loops": 1,"Recheck Cond": "(s_nationkey = nation.n_nationkey)","Rows Removed by Index Recheck": 0,"Exact Heap Blocks": 180,"Lossy Heap Blocks": 0,"Plans": [{"Node Type": "Bitmap Index Scan","Parent Relationship": "Outer","Parallel Aware": false,"Async Capable": false,"Index Name": "idx_supplier_nation_key","Startup Cost": 0.00,"Total Cost": 7.29,"Plan Rows": 400,"Plan Width": 0,"Actual Startup Time": 0.159,"Actual Total Time": 0.159,"Actual Rows": 373,"Actual Loops": 1,"Index Cond": "(s_nationkey = nation.n_nationkey)"}]}]},{"Node Type": "Index Scan","Parent Relationship": "Inner","Parallel Aware": false,"Async Capable": false,"Scan Direction": "Forward","Index Name": "idx_partsupp_suppkey","Relation Name": "partsupp","Alias": "partsupp","Startup Cost": 0.42,"Total Cost": 9.07,"Plan Rows": 80,"Plan Width": 18,"Actual Startup Time": 0.021,"Actual Total Time": 0.491,"Actual Rows": 80,"Actual Loops": 373,"Index Cond": "(ps_suppkey = supplier.s_suppkey)","Rows Removed by Index Recheck": 0}]}]}]},"Planning Time": 6.174,"Triggers": [],"Execution Time": 430.247}]
[{"Plan": {"Node Type": "Sort","Parallel Aware": false,"Async Capable": false,"Startup Cost": 10142.20,"Total Cost": 10168.87,"Plan Rows": 10667,"Plan Width": 36,"Actual Startup Time": 428.583,"Actual Total Time": 428.704,"Actual Rows": 1225,"Actual Loops": 1,"Sort Key": ["(sum((partsupp.ps_supplycost * (partsupp.ps_availqty)::numeric))) DESC"],"Sort Method": "quicksort","Sort Space Used": 116,"Sort Space Type": "Memory","Plans": [{"Node Type": "Aggregate","Strategy": "Plain","Partial Mode": "Simple","Parent Relationship": "InitPlan","Subplan Name": "InitPlan 1 (returns $2)","Parallel Aware": false,"Async Capable": false,"Startup Cost": 4434.26,"Total Cost": 4434.27,"Plan Rows": 1,"Plan Width": 32,"Actual Startup Time": 128.590,"Actual Total Time": 128.610,"Actual Rows": 1,"Actual Loops": 1,"Plans": [{"Node Type": "Nested Loop","Parent Relationship": "Outer","Parallel Aware": false,"Async Capable": false,"Join Type": "Inner","Startup Cost": 7.81,"Total Cost": 4194.26,"Plan Rows": 32000,"Plan Width": 10,"Actual Startup Time": 0.200,"Actual Total Time": 121.660,"Actual Rows": 30160,"Actual Loops": 1,"Inner Unique": false,"Plans": [{"Node Type": "Nested Loop","Parent Relationship": "Outer","Parallel Aware": false,"Async Capable": false,"Join Type": "Inner","Startup Cost": 7.38,"Total Cost": 244.58,"Plan Rows": 400,"Plan Width": 4,"Actual Startup Time": 0.145,"Actual Total Time": 1.678,"Actual Rows": 377,"Actual Loops": 1,"Inner Unique": false,"Plans": [{"Node Type": "Seq Scan","Parent Relationship": "Outer","Parallel Aware": false,"Async Capable": false,"Relation Name": "nation","Alias": "nation_1","Startup Cost": 0.00,"Total Cost": 1.31,"Plan Rows": 1,"Plan Width": 4,"Actual Startup Time": 0.022,"Actual Total Time": 0.041,"Actual Rows": 1,"Actual Loops": 1,"Filter": "(n_name = 'JAPAN'::bpchar)","Rows Removed by Filter": 24},{"Node Type": "Bitmap Heap Scan","Parent Relationship": "Inner","Parallel Aware": false,"Async Capable": false,"Relation Name": "supplier","Alias": "supplier_1","Startup Cost": 7.38,"Total Cost": 239.27,"Plan Rows": 400,"Plan Width": 8,"Actual Startup Time": 0.107,"Actual Total Time": 1.581,"Actual Rows": 377,"Actual Loops": 1,"Recheck Cond": "(s_nationkey = nation_1.n_nationkey)","Rows Removed by Index Recheck": 0,"Exact Heap Blocks": 180,"Lossy Heap Blocks": 0,"Plans": [{"Node Type": "Bitmap Index Scan","Parent Relationship": "Outer","Parallel Aware": false,"Async Capable": false,"Index Name": "idx_supplier_nation_key","Startup Cost": 0.00,"Total Cost": 7.29,"Plan Rows": 400,"Plan Width": 0,"Actual Startup Time": 0.073,"Actual Total Time": 0.079,"Actual Rows": 377,"Actual Loops": 1,"Index Cond": "(s_nationkey = nation_1.n_nationkey)"}]}]},{"Node Type": "Index Scan","Parent Relationship": "Inner","Parallel Aware": false,"Async Capable": false,"Scan Direction": "Forward","Index Name": "idx_partsupp_suppkey","Relation Name": "partsupp","Alias": "partsupp_1","Startup Cost": 0.42,"Total Cost": 9.07,"Plan Rows": 80,"Plan Width": 14,"Actual Startup Time": 0.015,"Actual Total Time": 0.306,"Actual Rows": 80,"Actual Loops": 377,"Index Cond": "(ps_suppkey = supplier_1.s_suppkey)","Rows Removed by Index Recheck": 0}]}]},{"Node Type": "Aggregate","Strategy": "Hashed","Partial Mode": "Simple","Parent Relationship": "Outer","Parallel Aware": false,"Async Capable": false,"Startup Cost": 4514.26,"Total Cost": 4994.26,"Plan Rows": 10667,"Plan Width": 36,"Actual Startup Time": 361.803,"Actual Total Time": 428.043,"Actual Rows": 1225,"Actual Loops": 1,"Group Key": ["partsupp.ps_partkey"],"Filter": "(sum((partsupp.ps_supplycost * (partsupp.ps_availqty)::numeric)) > $2)","Planned Partitions": 0,"HashAgg Batches": 1,"Peak Memory Usage": 17937,"Disk Usage": 0,"Rows Removed by Filter": 27290,"Plans": [{"Node Type": "Nested Loop","Parent Relationship": "Outer","Parallel Aware": false,"Async Capable": false,"Join Type": "Inner","Startup Cost": 7.81,"Total Cost": 4194.26,"Plan Rows": 32000,"Plan Width": 14,"Actual Startup Time": 0.353,"Actual Total Time": 190.903,"Actual Rows": 30160,"Actual Loops": 1,"Inner Unique": false,"Plans": [{"Node Type": "Nested Loop","Parent Relationship": "Outer","Parallel Aware": false,"Async Capable": false,"Join Type": "Inner","Startup Cost": 7.38,"Total Cost": 244.58,"Plan Rows": 400,"Plan Width": 4,"Actual Startup Time": 0.276,"Actual Total Time": 2.652,"Actual Rows": 377,"Actual Loops": 1,"Inner Unique": false,"Plans": [{"Node Type": "Seq Scan","Parent Relationship": "Outer","Parallel Aware": false,"Async Capable": false,"Relation Name": "nation","Alias": "nation","Startup Cost": 0.00,"Total Cost": 1.31,"Plan Rows": 1,"Plan Width": 4,"Actual Startup Time": 0.069,"Actual Total Time": 0.093,"Actual Rows": 1,"Actual Loops": 1,"Filter": "(n_name = 'JAPAN'::bpchar)","Rows Removed by Filter": 24},{"Node Type": "Bitmap Heap Scan","Parent Relationship": "Inner","Parallel Aware": false,"Async Capable": false,"Relation Name": "supplier","Alias": "supplier","Startup Cost": 7.38,"Total Cost": 239.27,"Plan Rows": 400,"Plan Width": 8,"Actual Startup Time": 0.204,"Actual Total Time": 2.512,"Actual Rows": 377,"Actual Loops": 1,"Recheck Cond": "(s_nationkey = nation.n_nationkey)","Rows Removed by Index Recheck": 0,"Exact Heap Blocks": 180,"Lossy Heap Blocks": 0,"Plans": [{"Node Type": "Bitmap Index Scan","Parent Relationship": "Outer","Parallel Aware": false,"Async Capable": false,"Index Name": "idx_supplier_nation_key","Startup Cost": 0.00,"Total Cost": 7.29,"Plan Rows": 400,"Plan Width": 0,"Actual Startup Time": 0.135,"Actual Total Time": 0.136,"Actual Rows": 377,"Actual Loops": 1,"Index Cond": "(s_nationkey = nation.n_nationkey)"}]}]},{"Node Type": "Index Scan","Parent Relationship": "Inner","Parallel Aware": false,"Async Capable": false,"Scan Direction": "Forward","Index Name": "idx_partsupp_suppkey","Relation Name": "partsupp","Alias": "partsupp","Startup Cost": 0.42,"Total Cost": 9.07,"Plan Rows": 80,"Plan Width": 18,"Actual Startup Time": 0.021,"Actual Total Time": 0.488,"Actual Rows": 80,"Actual Loops": 377,"Index Cond": "(ps_suppkey = supplier.s_suppkey)","Rows Removed by Index Recheck": 0}]}]}]},"Planning Time": 6.421,"Triggers": [],"Execution Time": 431.115}]
[{"Plan": {"Node Type": "Sort","Parallel Aware": false,"Async Capable": false,"Startup Cost": 10142.20,"Total Cost": 10168.87,"Plan Rows": 10667,"Plan Width": 36,"Actual Startup Time": 444.263,"Actual Total Time": 444.393,"Actual Rows": 839,"Actual Loops": 1,"Sort Key": ["(sum((partsupp.ps_supplycost * (partsupp.ps_availqty)::numeric))) DESC"],"Sort Method": "quicksort","Sort Space Used": 70,"Sort Space Type": "Memory","Plans": [{"Node Type": "Aggregate","Strategy": "Plain","Partial Mode": "Simple","Parent Relationship": "InitPlan","Subplan Name": "InitPlan 1 (returns $2)","Parallel Aware": false,"Async Capable": false,"Startup Cost": 4434.26,"Total Cost": 4434.27,"Plan Rows": 1,"Plan Width": 32,"Actual Startup Time": 130.704,"Actual Total Time": 130.725,"Actual Rows": 1,"Actual Loops": 1,"Plans": [{"Node Type": "Nested Loop","Parent Relationship": "Outer","Parallel Aware": false,"Async Capable": false,"Join Type": "Inner","Startup Cost": 7.81,"Total Cost": 4194.26,"Plan Rows": 32000,"Plan Width": 10,"Actual Startup Time": 0.144,"Actual Total Time": 123.234,"Actual Rows": 32880,"Actual Loops": 1,"Inner Unique": false,"Plans": [{"Node Type": "Nested Loop","Parent Relationship": "Outer","Parallel Aware": false,"Async Capable": false,"Join Type": "Inner","Startup Cost": 7.38,"Total Cost": 244.58,"Plan Rows": 400,"Plan Width": 4,"Actual Startup Time": 0.115,"Actual Total Time": 1.739,"Actual Rows": 411,"Actual Loops": 1,"Inner Unique": false,"Plans": [{"Node Type": "Seq Scan","Parent Relationship": "Outer","Parallel Aware": false,"Async Capable": false,"Relation Name": "nation","Alias": "nation_1","Startup Cost": 0.00,"Total Cost": 1.31,"Plan Rows": 1,"Plan Width": 4,"Actual Startup Time": 0.024,"Actual Total Time": 0.046,"Actual Rows": 1,"Actual Loops": 1,"Filter": "(n_name = 'SAUDI ARABIA'::bpchar)","Rows Removed by Filter": 24},{"Node Type": "Bitmap Heap Scan","Parent Relationship": "Inner","Parallel Aware": false,"Async Capable": false,"Relation Name": "supplier","Alias": "supplier_1","Startup Cost": 7.38,"Total Cost": 239.27,"Plan Rows": 400,"Plan Width": 8,"Actual Startup Time": 0.082,"Actual Total Time": 1.642,"Actual Rows": 411,"Actual Loops": 1,"Recheck Cond": "(s_nationkey = nation_1.n_nationkey)","Rows Removed by Index Recheck": 0,"Exact Heap Blocks": 182,"Lossy Heap Blocks": 0,"Plans": [{"Node Type": "Bitmap Index Scan","Parent Relationship": "Outer","Parallel Aware": false,"Async Capable": false,"Index Name": "idx_supplier_nation_key","Startup Cost": 0.00,"Total Cost": 7.29,"Plan Rows": 400,"Plan Width": 0,"Actual Startup Time": 0.049,"Actual Total Time": 0.055,"Actual Rows": 411,"Actual Loops": 1,"Index Cond": "(s_nationkey = nation_1.n_nationkey)"}]}]},{"Node Type": "Index Scan","Parent Relationship": "Inner","Parallel Aware": false,"Async Capable": false,"Scan Direction": "Forward","Index Name": "idx_partsupp_suppkey","Relation Name": "partsupp","Alias": "partsupp_1","Startup Cost": 0.42,"Total Cost": 9.07,"Plan Rows": 80,"Plan Width": 14,"Actual Startup Time": 0.014,"Actual Total Time": 0.283,"Actual Rows": 80,"Actual Loops": 411,"Index Cond": "(ps_suppkey = supplier_1.s_suppkey)","Rows Removed by Index Recheck": 0}]}]},{"Node Type": "Aggregate","Strategy": "Hashed","Partial Mode": "Simple","Parent Relationship": "Outer","Parallel Aware": false,"Async Capable": false,"Startup Cost": 4514.26,"Total Cost": 4994.26,"Plan Rows": 10667,"Plan Width": 36,"Actual Startup Time": 370.866,"Actual Total Time": 443.841,"Actual Rows": 839,"Actual Loops": 1,"Group Key": ["partsupp.ps_partkey"],"Filter": "(sum((partsupp.ps_supplycost * (partsupp.ps_availqty)::numeric)) > $2)","Planned Partitions": 0,"HashAgg Batches": 1,"Peak Memory Usage": 17937,"Disk Usage": 0,"Rows Removed by Filter": 30007,"Plans": [{"Node Type": "Nested Loop","Parent Relationship": "Outer","Parallel Aware": false,"Async Capable": false,"Join Type": "Inner","Startup Cost": 7.81,"Total Cost": 4194.26,"Plan Rows": 32000,"Plan Width": 14,"Actual Startup Time": 0.339,"Actual Total Time": 197.388,"Actual Rows": 32880,"Actual Loops": 1,"Inner Unique": false,"Plans": [{"Node Type": "Nested Loop","Parent Relationship": "Outer","Parallel Aware": false,"Async Capable": false,"Join Type": "Inner","Startup Cost": 7.38,"Total Cost": 244.58,"Plan Rows": 400,"Plan Width": 4,"Actual Startup Time": 0.236,"Actual Total Time": 2.786,"Actual Rows": 411,"Actual Loops": 1,"Inner Unique": false,"Plans": [{"Node Type": "Seq Scan","Parent Relationship": "Outer","Parallel Aware": false,"Async Capable": false,"Relation Name": "nation","Alias": "nation","Startup Cost": 0.00,"Total Cost": 1.31,"Plan Rows": 1,"Plan Width": 4,"Actual Startup Time": 0.067,"Actual Total Time": 0.078,"Actual Rows": 1,"Actual Loops": 1,"Filter": "(n_name = 'SAUDI ARABIA'::bpchar)","Rows Removed by Filter": 24},{"Node Type": "Bitmap Heap Scan","Parent Relationship": "Inner","Parallel Aware": false,"Async Capable": false,"Relation Name": "supplier","Alias": "supplier","Startup Cost": 7.38,"Total Cost": 239.27,"Plan Rows": 400,"Plan Width": 8,"Actual Startup Time": 0.164,"Actual Total Time": 2.651,"Actual Rows": 411,"Actual Loops": 1,"Recheck Cond": "(s_nationkey = nation.n_nationkey)","Rows Removed by Index Recheck": 0,"Exact Heap Blocks": 182,"Lossy Heap Blocks": 0,"Plans": [{"Node Type": "Bitmap Index Scan","Parent Relationship": "Outer","Parallel Aware": false,"Async Capable": false,"Index Name": "idx_supplier_nation_key","Startup Cost": 0.00,"Total Cost": 7.29,"Plan Rows": 400,"Plan Width": 0,"Actual Startup Time": 0.119,"Actual Total Time": 0.120,"Actual Rows": 411,"Actual Loops": 1,"Index Cond": "(s_nationkey = nation.n_nationkey)"}]}]},{"Node Type": "Index Scan","Parent Relationship": "Inner","Parallel Aware": false,"Async Capable": false,"Scan Direction": "Forward","Index Name": "idx_partsupp_suppkey","Relation Name": "partsupp","Alias": "partsupp","Startup Cost": 0.42,"Total Cost": 9.07,"Plan Rows": 80,"Plan Width": 18,"Actual Startup Time": 0.019,"Actual Total Time": 0.462,"Actual Rows": 80,"Actual Loops": 411,"Index Cond": "(ps_suppkey = supplier.s_suppkey)","Rows Removed by Index Recheck": 0}]}]}]},"Planning Time": 5.661,"Triggers": [],"Execution Time": 447.485}]
[{"Plan": {"Node Type": "Sort","Parallel Aware": false,"Async Capable": false,"Startup Cost": 10142.20,"Total Cost": 10168.87,"Plan Rows": 10667,"Plan Width": 36,"Actual Startup Time": 427.455,"Actual Total Time": 427.551,"Actual Rows": 1289,"Actual Loops": 1,"Sort Key": ["(sum((partsupp.ps_supplycost * (partsupp.ps_availqty)::numeric))) DESC"],"Sort Method": "quicksort","Sort Space Used": 119,"Sort Space Type": "Memory","Plans": [{"Node Type": "Aggregate","Strategy": "Plain","Partial Mode": "Simple","Parent Relationship": "InitPlan","Subplan Name": "InitPlan 1 (returns $2)","Parallel Aware": false,"Async Capable": false,"Startup Cost": 4434.26,"Total Cost": 4434.27,"Plan Rows": 1,"Plan Width": 32,"Actual Startup Time": 127.032,"Actual Total Time": 127.034,"Actual Rows": 1,"Actual Loops": 1,"Plans": [{"Node Type": "Nested Loop","Parent Relationship": "Outer","Parallel Aware": false,"Async Capable": false,"Join Type": "Inner","Startup Cost": 7.81,"Total Cost": 4194.26,"Plan Rows": 32000,"Plan Width": 10,"Actual Startup Time": 0.214,"Actual Total Time": 120.104,"Actual Rows": 29840,"Actual Loops": 1,"Inner Unique": false,"Plans": [{"Node Type": "Nested Loop","Parent Relationship": "Outer","Parallel Aware": false,"Async Capable": false,"Join Type": "Inner","Startup Cost": 7.38,"Total Cost": 244.58,"Plan Rows": 400,"Plan Width": 4,"Actual Startup Time": 0.166,"Actual Total Time": 1.626,"Actual Rows": 373,"Actual Loops": 1,"Inner Unique": false,"Plans": [{"Node Type": "Seq Scan","Parent Relationship": "Outer","Parallel Aware": false,"Async Capable": false,"Relation Name": "nation","Alias": "nation_1","Startup Cost": 0.00,"Total Cost": 1.31,"Plan Rows": 1,"Plan Width": 4,"Actual Startup Time": 0.026,"Actual Total Time": 0.048,"Actual Rows": 1,"Actual Loops": 1,"Filter": "(n_name = 'MOROCCO'::bpchar)","Rows Removed by Filter": 24},{"Node Type": "Bitmap Heap Scan","Parent Relationship": "Inner","Parallel Aware": false,"Async Capable": false,"Relation Name": "supplier","Alias": "supplier_1","Startup Cost": 7.38,"Total Cost": 239.27,"Plan Rows": 400,"Plan Width": 8,"Actual Startup Time": 0.118,"Actual Total Time": 1.519,"Actual Rows": 373,"Actual Loops": 1,"Recheck Cond": "(s_nationkey = nation_1.n_nationkey)","Rows Removed by Index Recheck": 0,"Exact Heap Blocks": 180,"Lossy Heap Blocks": 0,"Plans": [{"Node Type": "Bitmap Index Scan","Parent Relationship": "Outer","Parallel Aware": false,"Async Capable": false,"Index Name": "idx_supplier_nation_key","Startup Cost": 0.00,"Total Cost": 7.29,"Plan Rows": 400,"Plan Width": 0,"Actual Startup Time": 0.076,"Actual Total Time": 0.076,"Actual Rows": 373,"Actual Loops": 1,"Index Cond": "(s_nationkey = nation_1.n_nationkey)"}]}]},{"Node Type": "Index Scan","Parent Relationship": "Inner","Parallel Aware": false,"Async Capable": false,"Scan Direction": "Forward","Index Name": "idx_partsupp_suppkey","Relation Name": "partsupp","Alias": "partsupp_1","Startup Cost": 0.42,"Total Cost": 9.07,"Plan Rows": 80,"Plan Width": 14,"Actual Startup Time": 0.015,"Actual Total Time": 0.305,"Actual Rows": 80,"Actual Loops": 373,"Index Cond": "(ps_suppkey = supplier_1.s_suppkey)","Rows Removed by Index Recheck": 0}]}]},{"Node Type": "Aggregate","Strategy": "Hashed","Partial Mode": "Simple","Parent Relationship": "Outer","Parallel Aware": false,"Async Capable": false,"Startup Cost": 4514.26,"Total Cost": 4994.26,"Plan Rows": 10667,"Plan Width": 36,"Actual Startup Time": 361.188,"Actual Total Time": 426.914,"Actual Rows": 1289,"Actual Loops": 1,"Group Key": ["partsupp.ps_partkey"],"Filter": "(sum((partsupp.ps_supplycost * (partsupp.ps_availqty)::numeric)) > $2)","Planned Partitions": 0,"HashAgg Batches": 1,"Peak Memory Usage": 17937,"Disk Usage": 0,"Rows Removed by Filter": 26965,"Plans": [{"Node Type": "Nested Loop","Parent Relationship": "Outer","Parallel Aware": false,"Async Capable": false,"Join Type": "Inner","Startup Cost": 7.81,"Total Cost": 4194.26,"Plan Rows": 32000,"Plan Width": 14,"Actual Startup Time": 0.390,"Actual Total Time": 190.362,"Actual Rows": 29840,"Actual Loops": 1,"Inner Unique": false,"Plans": [{"Node Type": "Nested Loop","Parent Relationship": "Outer","Parallel Aware": false,"Async Capable": false,"Join Type": "Inner","Startup Cost": 7.38,"Total Cost": 244.58,"Plan Rows": 400,"Plan Width": 4,"Actual Startup Time": 0.321,"Actual Total Time": 2.795,"Actual Rows": 373,"Actual Loops": 1,"Inner Unique": false,"Plans": [{"Node Type": "Seq Scan","Parent Relationship": "Outer","Parallel Aware": false,"Async Capable": false,"Relation Name": "nation","Alias": "nation","Startup Cost": 0.00,"Total Cost": 1.31,"Plan Rows": 1,"Plan Width": 4,"Actual Startup Time": 0.071,"Actual Total Time": 0.095,"Actual Rows": 1,"Actual Loops": 1,"Filter": "(n_name = 'MOROCCO'::bpchar)","Rows Removed by Filter": 24},{"Node Type": "Bitmap Heap Scan","Parent Relationship": "Inner","Parallel Aware": false,"Async Capable": false,"Relation Name": "supplier","Alias": "supplier","Startup Cost": 7.38,"Total Cost": 239.27,"Plan Rows": 400,"Plan Width": 8,"Actual Startup Time": 0.245,"Actual Total Time": 2.650,"Actual Rows": 373,"Actual Loops": 1,"Recheck Cond": "(s_nationkey = nation.n_nationkey)","Rows Removed by Index Recheck": 0,"Exact Heap Blocks": 180,"Lossy Heap Blocks": 0,"Plans": [{"Node Type": "Bitmap Index Scan","Parent Relationship": "Outer","Parallel Aware": false,"Async Capable": false,"Index Name": "idx_supplier_nation_key","Startup Cost": 0.00,"Total Cost": 7.29,"Plan Rows": 400,"Plan Width": 0,"Actual Startup Time": 0.159,"Actual Total Time": 0.159,"Actual Rows": 373,"Actual Loops": 1,"Index Cond": "(s_nationkey = nation.n_nationkey)"}]}]},{"Node Type": "Index Scan","Parent Relationship": "Inner","Parallel Aware": false,"Async Capable": false,"Scan Direction": "Forward","Index Name": "idx_partsupp_suppkey","Relation Name": "partsupp","Alias": "partsupp","Startup Cost": 0.42,"Total Cost": 9.07,"Plan Rows": 80,"Plan Width": 18,"Actual Startup Time": 0.021,"Actual Total Time": 0.491,"Actual Rows": 80,"Actual Loops": 373,"Index Cond": "(ps_suppkey = supplier.s_suppkey)","Rows Removed by Index Recheck": 0}]}]}]},"Planning Time": 6.174,"Triggers": [],"Execution Time": 430.247}]
[{"Plan": {"Node Type": "Sort","Parallel Aware": false,"Async Capable": false,"Startup Cost": 10142.20,"Total Cost": 10168.87,"Plan Rows": 10667,"Plan Width": 36,"Actual Startup Time": 428.583,"Actual Total Time": 428.704,"Actual Rows": 1225,"Actual Loops": 1,"Sort Key": ["(sum((partsupp.ps_supplycost * (partsupp.ps_availqty)::numeric))) DESC"],"Sort Method": "quicksort","Sort Space Used": 116,"Sort Space Type": "Memory","Plans": [{"Node Type": "Aggregate","Strategy": "Plain","Partial Mode": "Simple","Parent Relationship": "InitPlan","Subplan Name": "InitPlan 1 (returns $2)","Parallel Aware": false,"Async Capable": false,"Startup Cost": 4434.26,"Total Cost": 4434.27,"Plan Rows": 1,"Plan Width": 32,"Actual Startup Time": 128.590,"Actual Total Time": 128.610,"Actual Rows": 1,"Actual Loops": 1,"Plans": [{"Node Type": "Nested Loop","Parent Relationship": "Outer","Parallel Aware": false,"Async Capable": false,"Join Type": "Inner","Startup Cost": 7.81,"Total Cost": 4194.26,"Plan Rows": 32000,"Plan Width": 10,"Actual Startup Time": 0.200,"Actual Total Time": 121.660,"Actual Rows": 30160,"Actual Loops": 1,"Inner Unique": false,"Plans": [{"Node Type": "Nested Loop","Parent Relationship": "Outer","Parallel Aware": false,"Async Capable": false,"Join Type": "Inner","Startup Cost": 7.38,"Total Cost": 244.58,"Plan Rows": 400,"Plan Width": 4,"Actual Startup Time": 0.145,"Actual Total Time": 1.678,"Actual Rows": 377,"Actual Loops": 1,"Inner Unique": false,"Plans": [{"Node Type": "Seq Scan","Parent Relationship": "Outer","Parallel Aware": false,"Async Capable": false,"Relation Name": "nation","Alias": "nation_1","Startup Cost": 0.00,"Total Cost": 1.31,"Plan Rows": 1,"Plan Width": 4,"Actual Startup Time": 0.022,"Actual Total Time": 0.041,"Actual Rows": 1,"Actual Loops": 1,"Filter": "(n_name = 'JAPAN'::bpchar)","Rows Removed by Filter": 24},{"Node Type": "Bitmap Heap Scan","Parent Relationship": "Inner","Parallel Aware": false,"Async Capable": false,"Relation Name": "supplier","Alias": "supplier_1","Startup Cost": 7.38,"Total Cost": 239.27,"Plan Rows": 400,"Plan Width": 8,"Actual Startup Time": 0.107,"Actual Total Time": 1.581,"Actual Rows": 377,"Actual Loops": 1,"Recheck Cond": "(s_nationkey = nation_1.n_nationkey)","Rows Removed by Index Recheck": 0,"Exact Heap Blocks": 180,"Lossy Heap Blocks": 0,"Plans": [{"Node Type": "Bitmap Index Scan","Parent Relationship": "Outer","Parallel Aware": false,"Async Capable": false,"Index Name": "idx_supplier_nation_key","Startup Cost": 0.00,"Total Cost": 7.29,"Plan Rows": 400,"Plan Width": 0,"Actual Startup Time": 0.073,"Actual Total Time": 0.079,"Actual Rows": 377,"Actual Loops": 1,"Index Cond": "(s_nationkey = nation_1.n_nationkey)"}]}]},{"Node Type": "Index Scan","Parent Relationship": "Inner","Parallel Aware": false,"Async Capable": false,"Scan Direction": "Forward","Index Name": "idx_partsupp_suppkey","Relation Name": "partsupp","Alias": "partsupp_1","Startup Cost": 0.42,"Total Cost": 9.07,"Plan Rows": 80,"Plan Width": 14,"Actual Startup Time": 0.015,"Actual Total Time": 0.306,"Actual Rows": 80,"Actual Loops": 377,"Index Cond": "(ps_suppkey = supplier_1.s_suppkey)","Rows Removed by Index Recheck": 0}]}]},{"Node Type": "Aggregate","Strategy": "Hashed","Partial Mode": "Simple","Parent Relationship": "Outer","Parallel Aware": false,"Async Capable": false,"Startup Cost": 4514.26,"Total Cost": 4994.26,"Plan Rows": 10667,"Plan Width": 36,"Actual Startup Time": 361.803,"Actual Total Time": 428.043,"Actual Rows": 1225,"Actual Loops": 1,"Group Key": ["partsupp.ps_partkey"],"Filter": "(sum((partsupp.ps_supplycost * (partsupp.ps_availqty)::numeric)) > $2)","Planned Partitions": 0,"HashAgg Batches": 1,"Peak Memory Usage": 17937,"Disk Usage": 0,"Rows Removed by Filter": 27290,"Plans": [{"Node Type": "Nested Loop","Parent Relationship": "Outer","Parallel Aware": false,"Async Capable": false,"Join Type": "Inner","Startup Cost": 7.81,"Total Cost": 4194.26,"Plan Rows": 32000,"Plan Width": 14,"Actual Startup Time": 0.353,"Actual Total Time": 190.903,"Actual Rows": 30160,"Actual Loops": 1,"Inner Unique": false,"Plans": [{"Node Type": "Nested Loop","Parent Relationship": "Outer","Parallel Aware": false,"Async Capable": false,"Join Type": "Inner","Startup Cost": 7.38,"Total Cost": 244.58,"Plan Rows": 400,"Plan Width": 4,"Actual Startup Time": 0.276,"Actual Total Time": 2.652,"Actual Rows": 377,"Actual Loops": 1,"Inner Unique": false,"Plans": [{"Node Type": "Seq Scan","Parent Relationship": "Outer","Parallel Aware": false,"Async Capable": false,"Relation Name": "nation","Alias": "nation","Startup Cost": 0.00,"Total Cost": 1.31,"Plan Rows": 1,"Plan Width": 4,"Actual Startup Time": 0.069,"Actual Total Time": 0.093,"Actual Rows": 1,"Actual Loops": 1,"Filter": "(n_name = 'JAPAN'::bpchar)","Rows Removed by Filter": 24},{"Node Type": "Bitmap Heap Scan","Parent Relationship": "Inner","Parallel Aware": false,"Async Capable": false,"Relation Name": "supplier","Alias": "supplier","Startup Cost": 7.38,"Total Cost": 239.27,"Plan Rows": 400,"Plan Width": 8,"Actual Startup Time": 0.204,"Actual Total Time": 2.512,"Actual Rows": 377,"Actual Loops": 1,"Recheck Cond": "(s_nationkey = nation.n_nationkey)","Rows Removed by Index Recheck": 0,"Exact Heap Blocks": 180,"Lossy Heap Blocks": 0,"Plans": [{"Node Type": "Bitmap Index Scan","Parent Relationship": "Outer","Parallel Aware": false,"Async Capable": false,"Index Name": "idx_supplier_nation_key","Startup Cost": 0.00,"Total Cost": 7.29,"Plan Rows": 400,"Plan Width": 0,"Actual Startup Time": 0.135,"Actual Total Time": 0.136,"Actual Rows": 377,"Actual Loops": 1,"Index Cond": "(s_nationkey = nation.n_nationkey)"}]}]},{"Node Type": "Index Scan","Parent Relationship": "Inner","Parallel Aware": false,"Async Capable": false,"Scan Direction": "Forward","Index Name": "idx_partsupp_suppkey","Relation Name": "partsupp","Alias": "partsupp","Startup Cost": 0.42,"Total Cost": 9.07,"Plan Rows": 80,"Plan Width": 18,"Actual Startup Time": 0.021,"Actual Total Time": 0.488,"Actual Rows": 80,"Actual Loops": 377,"Index Cond": "(ps_suppkey = supplier.s_suppkey)","Rows Removed by Index Recheck": 0}]}]}]},"Planning Time": 6.421,"Triggers": [],"Execution Time": 431.115}]
[{"Plan": {"Node Type": "Sort","Parallel Aware": false,"Async Capable": false,"Startup Cost": 10142.20,"Total Cost": 10168.87,"Plan Rows": 10667,"Plan Width": 36,"Actual Startup Time": 460.124,"Actual Total Time": 460.279,"Actual Rows": 753,"Actual Loops": 1,"Sort Key": ["(sum((partsupp.ps_supplycost * (partsupp.ps_availqty)::numeric))) DESC"],"Sort Method": "quicksort","Sort Space Used": 66,"Sort Space Type": "Memory","Plans": [{"Node Type": "Aggregate","Strategy": "Plain","Partial Mode": "Simple","Parent Relationship": "InitPlan","Subplan Name": "InitPlan 1 (returns $2)","Parallel Aware": false,"Async Capable": false,"Startup Cost": 4434.26,"Total Cost": 4434.27,"Plan Rows": 1,"Plan Width": 32,"Actual Startup Time": 134.377,"Actual Total Time": 134.409,"Actual Rows": 1,"Actual Loops": 1,"Plans": [{"Node Type": "Nested Loop","Parent Relationship": "Outer","Parallel Aware": false,"Async Capable": false,"Join Type": "Inner","Startup Cost": 7.81,"Total Cost": 4194.26,"Plan Rows": 32000,"Plan Width": 10,"Actual Startup Time": 0.237,"Actual Total Time": 126.748,"Actual Rows": 33200,"Actual Loops": 1,"Inner Unique": false,"Plans": [{"Node Type": "Nested Loop","Parent Relationship": "Outer","Parallel Aware": false,"Async Capable": false,"Join Type": "Inner","Startup Cost": 7.38,"Total Cost": 244.58,"Plan Rows": 400,"Plan Width": 4,"Actual Startup Time": 0.181,"Actual Total Time": 1.854,"Actual Rows": 415,"Actual Loops": 1,"Inner Unique": false,"Plans": [{"Node Type": "Seq Scan","Parent Relationship": "Outer","Parallel Aware": false,"Async Capable": false,"Relation Name": "nation","Alias": "nation_1","Startup Cost": 0.00,"Total Cost": 1.31,"Plan Rows": 1,"Plan Width": 4,"Actual Startup Time": 0.049,"Actual Total Time": 0.067,"Actual Rows": 1,"Actual Loops": 1,"Filter": "(n_name = 'INDIA'::bpchar)","Rows Removed by Filter": 24},{"Node Type": "Bitmap Heap Scan","Parent Relationship": "Inner","Parallel Aware": false,"Async Capable": false,"Relation Name": "supplier","Alias": "supplier_1","Startup Cost": 7.38,"Total Cost": 239.27,"Plan Rows": 400,"Plan Width": 8,"Actual Startup Time": 0.112,"Actual Total Time": 1.723,"Actual Rows": 415,"Actual Loops": 1,"Recheck Cond": "(s_nationkey = nation_1.n_nationkey)","Rows Removed by Index Recheck": 0,"Exact Heap Blocks": 186,"Lossy Heap Blocks": 0,"Plans": [{"Node Type": "Bitmap Index Scan","Parent Relationship": "Outer","Parallel Aware": false,"Async Capable": false,"Index Name": "idx_supplier_nation_key","Startup Cost": 0.00,"Total Cost": 7.29,"Plan Rows": 400,"Plan Width": 0,"Actual Startup Time": 0.076,"Actual Total Time": 0.083,"Actual Rows": 415,"Actual Loops": 1,"Index Cond": "(s_nationkey = nation_1.n_nationkey)"}]}]},{"Node Type": "Index Scan","Parent Relationship": "Inner","Parallel Aware": false,"Async Capable": false,"Scan Direction": "Forward","Index Name": "idx_partsupp_suppkey","Relation Name": "partsupp","Alias": "partsupp_1","Startup Cost": 0.42,"Total Cost": 9.07,"Plan Rows": 80,"Plan Width": 14,"Actual Startup Time": 0.014,"Actual Total Time": 0.289,"Actual Rows": 80,"Actual Loops": 415,"Index Cond": "(ps_suppkey = supplier_1.s_suppkey)","Rows Removed by Index Recheck": 0}]}]},{"Node Type": "Aggregate","Strategy": "Hashed","Partial Mode": "Simple","Parent Relationship": "Outer","Parallel Aware": false,"Async Capable": false,"Startup Cost": 4514.26,"Total Cost": 4994.26,"Plan Rows": 10667,"Plan Width": 36,"Actual Startup Time": 384.255,"Actual Total Time": 459.696,"Actual Rows": 753,"Actual Loops": 1,"Group Key": ["partsupp.ps_partkey"],"Filter": "(sum((partsupp.ps_supplycost * (partsupp.ps_availqty)::numeric)) > $2)","Planned Partitions": 0,"HashAgg Batches": 1,"Peak Memory Usage": 17937,"Disk Usage": 0,"Rows Removed by Filter": 30329,"Plans": [{"Node Type": "Nested Loop","Parent Relationship": "Outer","Parallel Aware": false,"Async Capable": false,"Join Type": "Inner","Startup Cost": 7.81,"Total Cost": 4194.26,"Plan Rows": 32000,"Plan Width": 14,"Actual Startup Time": 0.331,"Actual Total Time": 205.215,"Actual Rows": 33200,"Actual Loops": 1,"Inner Unique": false,"Plans": [{"Node Type": "Nested Loop","Parent Relationship": "Outer","Parallel Aware": false,"Async Capable": false,"Join Type": "Inner","Startup Cost": 7.38,"Total Cost": 244.58,"Plan Rows": 400,"Plan Width": 4,"Actual Startup Time": 0.285,"Actual Total Time": 2.795,"Actual Rows": 415,"Actual Loops": 1,"Inner Unique": false,"Plans": [{"Node Type": "Seq Scan","Parent Relationship": "Outer","Parallel Aware": false,"Async Capable": false,"Relation Name": "nation","Alias": "nation","Startup Cost": 0.00,"Total Cost": 1.31,"Plan Rows": 1,"Plan Width": 4,"Actual Startup Time": 0.073,"Actual Total Time": 0.100,"Actual Rows": 1,"Actual Loops": 1,"Filter": "(n_name = 'INDIA'::bpchar)","Rows Removed by Filter": 24},{"Node Type": "Bitmap Heap Scan","Parent Relationship": "Inner","Parallel Aware": false,"Async Capable": false,"Relation Name": "supplier","Alias": "supplier","Startup Cost": 7.38,"Total Cost": 239.27,"Plan Rows": 400,"Plan Width": 8,"Actual Startup Time": 0.206,"Actual Total Time": 2.634,"Actual Rows": 415,"Actual Loops": 1,"Recheck Cond": "(s_nationkey = nation.n_nationkey)","Rows Removed by Index Recheck": 0,"Exact Heap Blocks": 186,"Lossy Heap Blocks": 0,"Plans": [{"Node Type": "Bitmap Index Scan","Parent Relationship": "Outer","Parallel Aware": false,"Async Capable": false,"Index Name": "idx_supplier_nation_key","Startup Cost": 0.00,"Total Cost": 7.29,"Plan Rows": 400,"Plan Width": 0,"Actual Startup Time": 0.132,"Actual Total Time": 0.135,"Actual Rows": 415,"Actual Loops": 1,"Index Cond": "(s_nationkey = nation.n_nationkey)"}]}]},{"Node Type": "Index Scan","Parent Relationship": "Inner","Parallel Aware": false,"Async Capable": false,"Scan Direction": "Forward","Index Name": "idx_partsupp_suppkey","Relation Name": "partsupp","Alias": "partsupp","Startup Cost": 0.42,"Total Cost": 9.07,"Plan Rows": 80,"Plan Width": 18,"Actual Startup Time": 0.019,"Actual Total Time": 0.476,"Actual Rows": 80,"Actual Loops": 415,"Index Cond": "(ps_suppkey = supplier.s_suppkey)","Rows Removed by Index Recheck": 0}]}]}]},"Planning Time": 5.856,"Triggers": [],"Execution Time": 463.781}]
[{"Plan": {"Node Type": "Sort","Parallel Aware": false,"Async Capable": false,"Startup Cost": 10142.20,"Total Cost": 10168.87,"Plan Rows": 10667,"Plan Width": 36,"Actual Startup Time": 444.263,"Actual Total Time": 444.393,"Actual Rows": 839,"Actual Loops": 1,"Sort Key": ["(sum((partsupp.ps_supplycost * (partsupp.ps_availqty)::numeric))) DESC"],"Sort Method": "quicksort","Sort Space Used": 70,"Sort Space Type": "Memory","Plans": [{"Node Type": "Aggregate","Strategy": "Plain","Partial Mode": "Simple","Parent Relationship": "InitPlan","Subplan Name": "InitPlan 1 (returns $2)","Parallel Aware": false,"Async Capable": false,"Startup Cost": 4434.26,"Total Cost": 4434.27,"Plan Rows": 1,"Plan Width": 32,"Actual Startup Time": 130.704,"Actual Total Time": 130.725,"Actual Rows": 1,"Actual Loops": 1,"Plans": [{"Node Type": "Nested Loop","Parent Relationship": "Outer","Parallel Aware": false,"Async Capable": false,"Join Type": "Inner","Startup Cost": 7.81,"Total Cost": 4194.26,"Plan Rows": 32000,"Plan Width": 10,"Actual Startup Time": 0.144,"Actual Total Time": 123.234,"Actual Rows": 32880,"Actual Loops": 1,"Inner Unique": false,"Plans": [{"Node Type": "Nested Loop","Parent Relationship": "Outer","Parallel Aware": false,"Async Capable": false,"Join Type": "Inner","Startup Cost": 7.38,"Total Cost": 244.58,"Plan Rows": 400,"Plan Width": 4,"Actual Startup Time": 0.115,"Actual Total Time": 1.739,"Actual Rows": 411,"Actual Loops": 1,"Inner Unique": false,"Plans": [{"Node Type": "Seq Scan","Parent Relationship": "Outer","Parallel Aware": false,"Async Capable": false,"Relation Name": "nation","Alias": "nation_1","Startup Cost": 0.00,"Total Cost": 1.31,"Plan Rows": 1,"Plan Width": 4,"Actual Startup Time": 0.024,"Actual Total Time": 0.046,"Actual Rows": 1,"Actual Loops": 1,"Filter": "(n_name = 'SAUDI ARABIA'::bpchar)","Rows Removed by Filter": 24},{"Node Type": "Bitmap Heap Scan","Parent Relationship": "Inner","Parallel Aware": false,"Async Capable": false,"Relation Name": "supplier","Alias": "supplier_1","Startup Cost": 7.38,"Total Cost": 239.27,"Plan Rows": 400,"Plan Width": 8,"Actual Startup Time": 0.082,"Actual Total Time": 1.642,"Actual Rows": 411,"Actual Loops": 1,"Recheck Cond": "(s_nationkey = nation_1.n_nationkey)","Rows Removed by Index Recheck": 0,"Exact Heap Blocks": 182,"Lossy Heap Blocks": 0,"Plans": [{"Node Type": "Bitmap Index Scan","Parent Relationship": "Outer","Parallel Aware": false,"Async Capable": false,"Index Name": "idx_supplier_nation_key","Startup Cost": 0.00,"Total Cost": 7.29,"Plan Rows": 400,"Plan Width": 0,"Actual Startup Time": 0.049,"Actual Total Time": 0.055,"Actual Rows": 411,"Actual Loops": 1,"Index Cond": "(s_nationkey = nation_1.n_nationkey)"}]}]},{"Node Type": "Index Scan","Parent Relationship": "Inner","Parallel Aware": false,"Async Capable": false,"Scan Direction": "Forward","Index Name": "idx_partsupp_suppkey","Relation Name": "partsupp","Alias": "partsupp_1","Startup Cost": 0.42,"Total Cost": 9.07,"Plan Rows": 80,"Plan Width": 14,"Actual Startup Time": 0.014,"Actual Total Time": 0.283,"Actual Rows": 80,"Actual Loops": 411,"Index Cond": "(ps_suppkey = supplier_1.s_suppkey)","Rows Removed by Index Recheck": 0}]}]},{"Node Type": "Aggregate","Strategy": "Hashed","Partial Mode": "Simple","Parent Relationship": "Outer","Parallel Aware": false,"Async Capable": false,"Startup Cost": 4514.26,"Total Cost": 4994.26,"Plan Rows": 10667,"Plan Width": 36,"Actual Startup Time": 370.866,"Actual Total Time": 443.841,"Actual Rows": 839,"Actual Loops": 1,"Group Key": ["partsupp.ps_partkey"],"Filter": "(sum((partsupp.ps_supplycost * (partsupp.ps_availqty)::numeric)) > $2)","Planned Partitions": 0,"HashAgg Batches": 1,"Peak Memory Usage": 17937,"Disk Usage": 0,"Rows Removed by Filter": 30007,"Plans": [{"Node Type": "Nested Loop","Parent Relationship": "Outer","Parallel Aware": false,"Async Capable": false,"Join Type": "Inner","Startup Cost": 7.81,"Total Cost": 4194.26,"Plan Rows": 32000,"Plan Width": 14,"Actual Startup Time": 0.339,"Actual Total Time": 197.388,"Actual Rows": 32880,"Actual Loops": 1,"Inner Unique": false,"Plans": [{"Node Type": "Nested Loop","Parent Relationship": "Outer","Parallel Aware": false,"Async Capable": false,"Join Type": "Inner","Startup Cost": 7.38,"Total Cost": 244.58,"Plan Rows": 400,"Plan Width": 4,"Actual Startup Time": 0.236,"Actual Total Time": 2.786,"Actual Rows": 411,"Actual Loops": 1,"Inner Unique": false,"Plans": [{"Node Type": "Seq Scan","Parent Relationship": "Outer","Parallel Aware": false,"Async Capable": false,"Relation Name": "nation","Alias": "nation","Startup Cost": 0.00,"Total Cost": 1.31,"Plan Rows": 1,"Plan Width": 4,"Actual Startup Time": 0.067,"Actual Total Time": 0.078,"Actual Rows": 1,"Actual Loops": 1,"Filter": "(n_name = 'SAUDI ARABIA'::bpchar)","Rows Removed by Filter": 24},{"Node Type": "Bitmap Heap Scan","Parent Relationship": "Inner","Parallel Aware": false,"Async Capable": false,"Relation Name": "supplier","Alias": "supplier","Startup Cost": 7.38,"Total Cost": 239.27,"Plan Rows": 400,"Plan Width": 8,"Actual Startup Time": 0.164,"Actual Total Time": 2.651,"Actual Rows": 411,"Actual Loops": 1,"Recheck Cond": "(s_nationkey = nation.n_nationkey)","Rows Removed by Index Recheck": 0,"Exact Heap Blocks": 182,"Lossy Heap Blocks": 0,"Plans": [{"Node Type": "Bitmap Index Scan","Parent Relationship": "Outer","Parallel Aware": false,"Async Capable": false,"Index Name": "idx_supplier_nation_key","Startup Cost": 0.00,"Total Cost": 7.29,"Plan Rows": 400,"Plan Width": 0,"Actual Startup Time": 0.119,"Actual Total Time": 0.120,"Actual Rows": 411,"Actual Loops": 1,"Index Cond": "(s_nationkey = nation.n_nationkey)"}]}]},{"Node Type": "Index Scan","Parent Relationship": "Inner","Parallel Aware": false,"Async Capable": false,"Scan Direction": "Forward","Index Name": "idx_partsupp_suppkey","Relation Name": "partsupp","Alias": "partsupp","Startup Cost": 0.42,"Total Cost": 9.07,"Plan Rows": 80,"Plan Width": 18,"Actual Startup Time": 0.019,"Actual Total Time": 0.462,"Actual Rows": 80,"Actual Loops": 411,"Index Cond": "(ps_suppkey = supplier.s_suppkey)","Rows Removed by Index Recheck": 0}]}]}]},"Planning Time": 5.661,"Triggers": [],"Execution Time": 447.485}]
[{"Plan": {"Node Type": "Sort","Parallel Aware": false,"Async Capable": false,"Startup Cost": 10142.20,"Total Cost": 10168.87,"Plan Rows": 10667,"Plan Width": 36,"Actual Startup Time": 433.878,"Actual Total Time": 434.021,"Actual Rows": 1048,"Actual Loops": 1,"Sort Key": ["(sum((partsupp.ps_supplycost * (partsupp.ps_availqty)::numeric))) DESC"],"Sort Method": "quicksort","Sort Space Used": 106,"Sort Space Type": "Memory","Plans": [{"Node Type": "Aggregate","Strategy": "Plain","Partial Mode": "Simple","Parent Relationship": "InitPlan","Subplan Name": "InitPlan 1 (returns $2)","Parallel Aware": false,"Async Capable": false,"Startup Cost": 4434.26,"Total Cost": 4434.27,"Plan Rows": 1,"Plan Width": 32,"Actual Startup Time": 128.490,"Actual Total Time": 128.514,"Actual Rows": 1,"Actual Loops": 1,"Plans": [{"Node Type": "Nested Loop","Parent Relationship": "Outer","Parallel Aware": false,"Async Capable": false,"Join Type": "Inner","Startup Cost": 7.81,"Total Cost": 4194.26,"Plan Rows": 32000,"Plan Width": 10,"Actual Startup Time": 0.194,"Actual Total Time": 121.249,"Actual Rows": 31680,"Actual Loops": 1,"Inner Unique": false,"Plans": [{"Node Type": "Nested Loop","Parent Relationship": "Outer","Parallel Aware": false,"Async Capable": false,"Join Type": "Inner","Startup Cost": 7.38,"Total Cost": 244.58,"Plan Rows": 400,"Plan Width": 4,"Actual Startup Time": 0.149,"Actual Total Time": 1.791,"Actual Rows": 396,"Actual Loops": 1,"Inner Unique": false,"Plans": [{"Node Type": "Seq Scan","Parent Relationship": "Outer","Parallel Aware": false,"Async Capable": false,"Relation Name": "nation","Alias": "nation_1","Startup Cost": 0.00,"Total Cost": 1.31,"Plan Rows": 1,"Plan Width": 4,"Actual Startup Time": 0.037,"Actual Total Time": 0.065,"Actual Rows": 1,"Actual Loops": 1,"Filter": "(n_name = 'GERMANY'::bpchar)","Rows Removed by Filter": 24},{"Node Type": "Bitmap Heap Scan","Parent Relationship": "Inner","Parallel Aware": false,"Async Capable": false,"Relation Name": "supplier","Alias": "supplier_1","Startup Cost": 7.38,"Total Cost": 239.27,"Plan Rows": 400,"Plan Width": 8,"Actual Startup Time": 0.101,"Actual Total Time": 1.663,"Actual Rows": 396,"Actual Loops": 1,"Recheck Cond": "(s_nationkey = nation_1.n_nationkey)","Rows Removed by Index Recheck": 0,"Exact Heap Blocks": 191,"Lossy Heap Blocks": 0,"Plans": [{"Node Type": "Bitmap Index Scan","Parent Relationship": "Outer","Parallel Aware": false,"Async Capable": false,"Index Name": "idx_supplier_nation_key","Startup Cost": 0.00,"Total Cost": 7.29,"Plan Rows": 400,"Plan Width": 0,"Actual Startup Time": 0.064,"Actual Total Time": 0.071,"Actual Rows": 396,"Actual Loops": 1,"Index Cond": "(s_nationkey = nation_1.n_nationkey)"}]}]},{"Node Type": "Index Scan","Parent Relationship": "Inner","Parallel Aware": false,"Async Capable": false,"Scan Direction": "Forward","Index Name": "idx_partsupp_suppkey","Relation Name": "partsupp","Alias": "partsupp_1","Startup Cost": 0.42,"Total Cost": 9.07,"Plan Rows": 80,"Plan Width": 14,"Actual Startup Time": 0.014,"Actual Total Time": 0.289,"Actual Rows": 80,"Actual Loops": 396,"Index Cond": "(ps_suppkey = supplier_1.s_suppkey)","Rows Removed by Index Recheck": 0}]}]},{"Node Type": "Aggregate","Strategy": "Hashed","Partial Mode": "Simple","Parent Relationship": "Outer","Parallel Aware": false,"Async Capable": false,"Startup Cost": 4514.26,"Total Cost": 4994.26,"Plan Rows": 10667,"Plan Width": 36,"Actual Startup Time": 363.472,"Actual Total Time": 433.375,"Actual Rows": 1048,"Actual Loops": 1,"Group Key": ["partsupp.ps_partkey"],"Filter": "(sum((partsupp.ps_supplycost * (partsupp.ps_availqty)::numeric)) > $2)","Planned Partitions": 0,"HashAgg Batches": 1,"Peak Memory Usage": 17937,"Disk Usage": 0,"Rows Removed by Filter": 28770,"Plans": [{"Node Type": "Nested Loop","Parent Relationship": "Outer","Parallel Aware": false,"Async Capable": false,"Join Type": "Inner","Startup Cost": 7.81,"Total Cost": 4194.26,"Plan Rows": 32000,"Plan Width": 14,"Actual Startup Time": 0.319,"Actual Total Time": 192.866,"Actual Rows": 31680,"Actual Loops": 1,"Inner Unique": false,"Plans": [{"Node Type": "Nested Loop","Parent Relationship": "Outer","Parallel Aware": false,"Async Capable": false,"Join Type": "Inner","Startup Cost": 7.38,"Total Cost": 244.58,"Plan Rows": 400,"Plan Width": 4,"Actual Startup Time": 0.254,"Actual Total Time": 2.704,"Actual Rows": 396,"Actual Loops": 1,"Inner Unique": false,"Plans": [{"Node Type": "Seq Scan","Parent Relationship": "Outer","Parallel Aware": false,"Async Capable": false,"Relation Name": "nation","Alias": "nation","Startup Cost": 0.00,"Total Cost": 1.31,"Plan Rows": 1,"Plan Width": 4,"Actual Startup Time": 0.067,"Actual Total Time": 0.092,"Actual Rows": 1,"Actual Loops": 1,"Filter": "(n_name = 'GERMANY'::bpchar)","Rows Removed by Filter": 24},{"Node Type": "Bitmap Heap Scan","Parent Relationship": "Inner","Parallel Aware": false,"Async Capable": false,"Relation Name": "supplier","Alias": "supplier","Startup Cost": 7.38,"Total Cost": 239.27,"Plan Rows": 400,"Plan Width": 8,"Actual Startup Time": 0.180,"Actual Total Time": 2.555,"Actual Rows": 396,"Actual Loops": 1,"Recheck Cond": "(s_nationkey = nation.n_nationkey)","Rows Removed by Index Recheck": 0,"Exact Heap Blocks": 191,"Lossy Heap Blocks": 0,"Plans": [{"Node Type": "Bitmap Index Scan","Parent Relationship": "Outer","Parallel Aware": false,"Async Capable": false,"Index Name": "idx_supplier_nation_key","Startup Cost": 0.00,"Total Cost": 7.29,"Plan Rows": 400,"Plan Width": 0,"Actual Startup Time": 0.114,"Actual Total Time": 0.118,"Actual Rows": 396,"Actual Loops": 1,"Index Cond": "(s_nationkey = nation.n_nationkey)"}]}]},{"Node Type": "Index Scan","Parent Relationship": "Inner","Parallel Aware": false,"Async Capable": false,"Scan Direction": "Forward","Index Name": "idx_partsupp_suppkey","Relation Name": "partsupp","Alias": "partsupp","Startup Cost": 0.42,"Total Cost": 9.07,"Plan Rows": 80,"Plan Width": 18,"Actual Startup Time": 0.019,"Actual Total Time": 0.468,"Actual Rows": 80,"Actual Loops": 396,"Index Cond": "(ps_suppkey = supplier.s_suppkey)","Rows Removed by Index Recheck": 0}]}]}]},"Planning Time": 7.362,"Triggers": [],"Execution Time": 437.365}]
[{"Plan": {"Node Type": "Sort","Parallel Aware": false,"Async Capable": false,"Startup Cost": 10142.20,"Total Cost": 10168.87,"Plan Rows": 10667,"Plan Width": 36,"Actual Startup Time": 479.473,"Actual Total Time": 479.584,"Actual Rows": 514,"Actual Loops": 1,"Sort Key": ["(sum((partsupp.ps_supplycost * (partsupp.ps_availqty)::numeric))) DESC"],"Sort Method": "quicksort","Sort Space Used": 53,"Sort Space Type": "Memory","Plans": [{"Node Type": "Aggregate","Strategy": "Plain","Partial Mode": "Simple","Parent Relationship": "InitPlan","Subplan Name": "InitPlan 1 (returns $2)","Parallel Aware": false,"Async Capable": false,"Startup Cost": 4434.26,"Total Cost": 4434.27,"Plan Rows": 1,"Plan Width": 32,"Actual Startup Time": 141.847,"Actual Total Time": 141.875,"Actual Rows": 1,"Actual Loops": 1,"Plans": [{"Node Type": "Nested Loop","Parent Relationship": "Outer","Parallel Aware": false,"Async Capable": false,"Join Type": "Inner","Startup Cost": 7.81,"Total Cost": 4194.26,"Plan Rows": 32000,"Plan Width": 10,"Actual Startup Time": 0.217,"Actual Total Time": 133.744,"Actual Rows": 35040,"Actual Loops": 1,"Inner Unique": false,"Plans": [{"Node Type": "Nested Loop","Parent Relationship": "Outer","Parallel Aware": false,"Async Capable": false,"Join Type": "Inner","Startup Cost": 7.38,"Total Cost": 244.58,"Plan Rows": 400,"Plan Width": 4,"Actual Startup Time": 0.176,"Actual Total Time": 1.973,"Actual Rows": 438,"Actual Loops": 1,"Inner Unique": false,"Plans": [{"Node Type": "Seq Scan","Parent Relationship": "Outer","Parallel Aware": false,"Async Capable": false,"Relation Name": "nation","Alias": "nation_1","Startup Cost": 0.00,"Total Cost": 1.31,"Plan Rows": 1,"Plan Width": 4,"Actual Startup Time": 0.030,"Actual Total Time": 0.050,"Actual Rows": 1,"Actual Loops": 1,"Filter": "(n_name = 'IRAQ'::bpchar)","Rows Removed by Filter": 24},{"Node Type": "Bitmap Heap Scan","Parent Relationship": "Inner","Parallel Aware": false,"Async Capable": false,"Relation Name": "supplier","Alias": "supplier_1","Startup Cost": 7.38,"Total Cost": 239.27,"Plan Rows": 400,"Plan Width": 8,"Actual Startup Time": 0.128,"Actual Total Time": 1.851,"Actual Rows": 438,"Actual Loops": 1,"Recheck Cond": "(s_nationkey = nation_1.n_nationkey)","Rows Removed by Index Recheck": 0,"Exact Heap Blocks": 194,"Lossy Heap Blocks": 0,"Plans": [{"Node Type": "Bitmap Index Scan","Parent Relationship": "Outer","Parallel Aware": false,"Async Capable": false,"Index Name": "idx_supplier_nation_key","Startup Cost": 0.00,"Total Cost": 7.29,"Plan Rows": 400,"Plan Width": 0,"Actual Startup Time": 0.090,"Actual Total Time": 0.096,"Actual Rows": 438,"Actual Loops": 1,"Index Cond": "(s_nationkey = nation_1.n_nationkey)"}]}]},{"Node Type": "Index Scan","Parent Relationship": "Inner","Parallel Aware": false,"Async Capable": false,"Scan Direction": "Forward","Index Name": "idx_partsupp_suppkey","Relation Name": "partsupp","Alias": "partsupp_1","Startup Cost": 0.42,"Total Cost": 9.07,"Plan Rows": 80,"Plan Width": 14,"Actual Startup Time": 0.014,"Actual Total Time": 0.289,"Actual Rows": 80,"Actual Loops": 438,"Index Cond": "(ps_suppkey = supplier_1.s_suppkey)","Rows Removed by Index Recheck": 0}]}]},{"Node Type": "Aggregate","Strategy": "Hashed","Partial Mode": "Simple","Parent Relationship": "Outer","Parallel Aware": false,"Async Capable": false,"Startup Cost": 4514.26,"Total Cost": 4994.26,"Plan Rows": 10667,"Plan Width": 36,"Actual Startup Time": 398.650,"Actual Total Time": 479.180,"Actual Rows": 514,"Actual Loops": 1,"Group Key": ["partsupp.ps_partkey"],"Filter": "(sum((partsupp.ps_supplycost * (partsupp.ps_availqty)::numeric)) > $2)","Planned Partitions": 0,"HashAgg Batches": 1,"Peak Memory Usage": 17937,"Disk Usage": 0,"Rows Removed by Filter": 32385,"Plans": [{"Node Type": "Nested Loop","Parent Relationship": "Outer","Parallel Aware": false,"Async Capable": false,"Join Type": "Inner","Startup Cost": 7.81,"Total Cost": 4194.26,"Plan Rows": 32000,"Plan Width": 14,"Actual Startup Time": 0.368,"Actual Total Time": 210.024,"Actual Rows": 35040,"Actual Loops": 1,"Inner Unique": false,"Plans": [{"Node Type": "Nested Loop","Parent Relationship": "Outer","Parallel Aware": false,"Async Capable": false,"Join Type": "Inner","Startup Cost": 7.38,"Total Cost": 244.58,"Plan Rows": 400,"Plan Width": 4,"Actual Startup Time": 0.322,"Actual Total Time": 2.894,"Actual Rows": 438,"Actual Loops": 1,"Inner Unique": false,"Plans": [{"Node Type": "Seq Scan","Parent Relationship": "Outer","Parallel Aware": false,"Async Capable": false,"Relation Name": "nation","Alias": "nation","Startup Cost": 0.00,"Total Cost": 1.31,"Plan Rows": 1,"Plan Width": 4,"Actual Startup Time": 0.077,"Actual Total Time": 0.103,"Actual Rows": 1,"Actual Loops": 1,"Filter": "(n_name = 'IRAQ'::bpchar)","Rows Removed by Filter": 24},{"Node Type": "Bitmap Heap Scan","Parent Relationship": "Inner","Parallel Aware": false,"Async Capable": false,"Relation Name": "supplier","Alias": "supplier","Startup Cost": 7.38,"Total Cost": 239.27,"Plan Rows": 400,"Plan Width": 8,"Actual Startup Time": 0.239,"Actual Total Time": 2.735,"Actual Rows": 438,"Actual Loops": 1,"Recheck Cond": "(s_nationkey = nation.n_nationkey)","Rows Removed by Index Recheck": 0,"Exact Heap Blocks": 194,"Lossy Heap Blocks": 0,"Plans": [{"Node Type": "Bitmap Index Scan","Parent Relationship": "Outer","Parallel Aware": false,"Async Capable": false,"Index Name": "idx_supplier_nation_key","Startup Cost": 0.00,"Total Cost": 7.29,"Plan Rows": 400,"Plan Width": 0,"Actual Startup Time": 0.165,"Actual Total Time": 0.169,"Actual Rows": 438,"Actual Loops": 1,"Index Cond": "(s_nationkey = nation.n_nationkey)"}]}]},{"Node Type": "Index Scan","Parent Relationship": "Inner","Parallel Aware": false,"Async Capable": false,"Scan Direction": "Forward","Index Name": "idx_partsupp_suppkey","Relation Name": "partsupp","Alias": "partsupp","Startup Cost": 0.42,"Total Cost": 9.07,"Plan Rows": 80,"Plan Width": 18,"Actual Startup Time": 0.019,"Actual Total Time": 0.461,"Actual Rows": 80,"Actual Loops": 438,"Index Cond": "(ps_suppkey = supplier.s_suppkey)","Rows Removed by Index Recheck": 0}]}]}]},"Planning Time": 5.748,"Triggers": [],"Execution Time": 483.087}]
[{"Plan": {"Node Type": "Sort","Parallel Aware": false,"Async Capable": false,"Startup Cost": 10142.20,"Total Cost": 10168.87,"Plan Rows": 10667,"Plan Width": 36,"Actual Startup Time": 400.788,"Actual Total Time": 400.942,"Actual Rows": 1469,"Actual Loops": 1,"Sort Key": ["(sum((partsupp.ps_supplycost * (partsupp.ps_availqty)::numeric))) DESC"],"Sort Method": "quicksort","Sort Space Used": 129,"Sort Space Type": "Memory","Plans": [{"Node Type": "Aggregate","Strategy": "Plain","Partial Mode": "Simple","Parent Relationship": "InitPlan","Subplan Name": "InitPlan 1 (returns $2)","Parallel Aware": false,"Async Capable": false,"Startup Cost": 4434.26,"Total Cost": 4434.27,"Plan Rows": 1,"Plan Width": 32,"Actual Startup Time": 117.250,"Actual Total Time": 117.272,"Actual Rows": 1,"Actual Loops": 1,"Plans": [{"Node Type": "Nested Loop","Parent Relationship": "Outer","Parallel Aware": false,"Async Capable": false,"Join Type": "Inner","Startup Cost": 7.81,"Total Cost": 4194.26,"Plan Rows": 32000,"Plan Width": 10,"Actual Startup Time": 0.216,"Actual Total Time": 110.575,"Actual Rows": 28960,"Actual Loops": 1,"Inner Unique": false,"Plans": [{"Node Type": "Nested Loop","Parent Relationship": "Outer","Parallel Aware": false,"Async Capable": false,"Join Type": "Inner","Startup Cost": 7.38,"Total Cost": 244.58,"Plan Rows": 400,"Plan Width": 4,"Actual Startup Time": 0.161,"Actual Total Time": 1.515,"Actual Rows": 362,"Actual Loops": 1,"Inner Unique": false,"Plans": [{"Node Type": "Seq Scan","Parent Relationship": "Outer","Parallel Aware": false,"Async Capable": false,"Relation Name": "nation","Alias": "nation_1","Startup Cost": 0.00,"Total Cost": 1.31,"Plan Rows": 1,"Plan Width": 4,"Actual Startup Time": 0.032,"Actual Total Time": 0.051,"Actual Rows": 1,"Actual Loops": 1,"Filter": "(n_name = 'JORDAN'::bpchar)","Rows Removed by Filter": 24},{"Node Type": "Bitmap Heap Scan","Parent Relationship": "Inner","Parallel Aware": false,"Async Capable": false,"Relation Name": "supplier","Alias": "supplier_1","Startup Cost": 7.38,"Total Cost": 239.27,"Plan Rows": 400,"Plan Width": 8,"Actual Startup Time": 0.117,"Actual Total Time": 1.415,"Actual Rows": 362,"Actual Loops": 1,"Recheck Cond": "(s_nationkey = nation_1.n_nationkey)","Rows Removed by Index Recheck": 0,"Exact Heap Blocks": 166,"Lossy Heap Blocks": 0,"Plans": [{"Node Type": "Bitmap Index Scan","Parent Relationship": "Outer","Parallel Aware": false,"Async Capable": false,"Index Name": "idx_supplier_nation_key","Startup Cost": 0.00,"Total Cost": 7.29,"Plan Rows": 400,"Plan Width": 0,"Actual Startup Time": 0.075,"Actual Total Time": 0.079,"Actual Rows": 362,"Actual Loops": 1,"Index Cond": "(s_nationkey = nation_1.n_nationkey)"}]}]},{"Node Type": "Index Scan","Parent Relationship": "Inner","Parallel Aware": false,"Async Capable": false,"Scan Direction": "Forward","Index Name": "idx_partsupp_suppkey","Relation Name": "partsupp","Alias": "partsupp_1","Startup Cost": 0.42,"Total Cost": 9.07,"Plan Rows": 80,"Plan Width": 14,"Actual Startup Time": 0.014,"Actual Total Time": 0.289,"Actual Rows": 80,"Actual Loops": 362,"Index Cond": "(ps_suppkey = supplier_1.s_suppkey)","Rows Removed by Index Recheck": 0}]}]},{"Node Type": "Aggregate","Strategy": "Hashed","Partial Mode": "Simple","Parent Relationship": "Outer","Parallel Aware": false,"Async Capable": false,"Startup Cost": 4514.26,"Total Cost": 4994.26,"Plan Rows": 10667,"Plan Width": 36,"Actual Startup Time": 338.606,"Actual Total Time": 400.138,"Actual Rows": 1469,"Actual Loops": 1,"Group Key": ["partsupp.ps_partkey"],"Filter": "(sum((partsupp.ps_supplycost * (partsupp.ps_availqty)::numeric)) > $2)","Planned Partitions": 0,"HashAgg Batches": 1,"Peak Memory Usage": 17937,"Disk Usage": 0,"Rows Removed by Filter": 25896,"Plans": [{"Node Type": "Nested Loop","Parent Relationship": "Outer","Parallel Aware": false,"Async Capable": false,"Join Type": "Inner","Startup Cost": 7.81,"Total Cost": 4194.26,"Plan Rows": 32000,"Plan Width": 14,"Actual Startup Time": 0.314,"Actual Total Time": 181.118,"Actual Rows": 28960,"Actual Loops": 1,"Inner Unique": false,"Plans": [{"Node Type": "Nested Loop","Parent Relationship": "Outer","Parallel Aware": false,"Async Capable": false,"Join Type": "Inner","Startup Cost": 7.38,"Total Cost": 244.58,"Plan Rows": 400,"Plan Width": 4,"Actual Startup Time": 0.258,"Actual Total Time": 2.692,"Actual Rows": 362,"Actual Loops": 1,"Inner Unique": false,"Plans": [{"Node Type": "Seq Scan","Parent Relationship": "Outer","Parallel Aware": false,"Async Capable": false,"Relation Name": "nation","Alias": "nation","Startup Cost": 0.00,"Total Cost": 1.31,"Plan Rows": 1,"Plan Width": 4,"Actual Startup Time": 0.077,"Actual Total Time": 0.107,"Actual Rows": 1,"Actual Loops": 1,"Filter": "(n_name = 'JORDAN'::bpchar)","Rows Removed by Filter": 24},{"Node Type": "Bitmap Heap Scan","Parent Relationship": "Inner","Parallel Aware": false,"Async Capable": false,"Relation Name": "supplier","Alias": "supplier","Startup Cost": 7.38,"Total Cost": 239.27,"Plan Rows": 400,"Plan Width": 8,"Actual Startup Time": 0.172,"Actual Total Time": 2.539,"Actual Rows": 362,"Actual Loops": 1,"Recheck Cond": "(s_nationkey = nation.n_nationkey)","Rows Removed by Index Recheck": 0,"Exact Heap Blocks": 166,"Lossy Heap Blocks": 0,"Plans": [{"Node Type": "Bitmap Index Scan","Parent Relationship": "Outer","Parallel Aware": false,"Async Capable": false,"Index Name": "idx_supplier_nation_key","Startup Cost": 0.00,"Total Cost": 7.29,"Plan Rows": 400,"Plan Width": 0,"Actual Startup Time": 0.117,"Actual Total Time": 0.118,"Actual Rows": 362,"Actual Loops": 1,"Index Cond": "(s_nationkey = nation.n_nationkey)"}]}]},{"Node Type": "Index Scan","Parent Relationship": "Inner","Parallel Aware": false,"Async Capable": false,"Scan Direction": "Forward","Index Name": "idx_partsupp_suppkey","Relation Name": "partsupp","Alias": "partsupp","Startup Cost": 0.42,"Total Cost": 9.07,"Plan Rows": 80,"Plan Width": 18,"Actual Startup Time": 0.019,"Actual Total Time": 0.481,"Actual Rows": 80,"Actual Loops": 362,"Index Cond": "(ps_suppkey = supplier.s_suppkey)","Rows Removed by Index Recheck": 0}]}]}]},"Planning Time": 6.843,"Triggers": [],"Execution Time": 403.999}]
[{"Plan": {"Node Type": "Sort","Parallel Aware": false,"Async Capable": false,"Startup Cost": 10142.20,"Total Cost": 10168.87,"Plan Rows": 10667,"Plan Width": 36,"Actual Startup Time": 433.878,"Actual Total Time": 434.021,"Actual Rows": 1048,"Actual Loops": 1,"Sort Key": ["(sum((partsupp.ps_supplycost * (partsupp.ps_availqty)::numeric))) DESC"],"Sort Method": "quicksort","Sort Space Used": 106,"Sort Space Type": "Memory","Plans": [{"Node Type": "Aggregate","Strategy": "Plain","Partial Mode": "Simple","Parent Relationship": "InitPlan","Subplan Name": "InitPlan 1 (returns $2)","Parallel Aware": false,"Async Capable": false,"Startup Cost": 4434.26,"Total Cost": 4434.27,"Plan Rows": 1,"Plan Width": 32,"Actual Startup Time": 128.490,"Actual Total Time": 128.514,"Actual Rows": 1,"Actual Loops": 1,"Plans": [{"Node Type": "Nested Loop","Parent Relationship": "Outer","Parallel Aware": false,"Async Capable": false,"Join Type": "Inner","Startup Cost": 7.81,"Total Cost": 4194.26,"Plan Rows": 32000,"Plan Width": 10,"Actual Startup Time": 0.194,"Actual Total Time": 121.249,"Actual Rows": 31680,"Actual Loops": 1,"Inner Unique": false,"Plans": [{"Node Type": "Nested Loop","Parent Relationship": "Outer","Parallel Aware": false,"Async Capable": false,"Join Type": "Inner","Startup Cost": 7.38,"Total Cost": 244.58,"Plan Rows": 400,"Plan Width": 4,"Actual Startup Time": 0.149,"Actual Total Time": 1.791,"Actual Rows": 396,"Actual Loops": 1,"Inner Unique": false,"Plans": [{"Node Type": "Seq Scan","Parent Relationship": "Outer","Parallel Aware": false,"Async Capable": false,"Relation Name": "nation","Alias": "nation_1","Startup Cost": 0.00,"Total Cost": 1.31,"Plan Rows": 1,"Plan Width": 4,"Actual Startup Time": 0.037,"Actual Total Time": 0.065,"Actual Rows": 1,"Actual Loops": 1,"Filter": "(n_name = 'GERMANY'::bpchar)","Rows Removed by Filter": 24},{"Node Type": "Bitmap Heap Scan","Parent Relationship": "Inner","Parallel Aware": false,"Async Capable": false,"Relation Name": "supplier","Alias": "supplier_1","Startup Cost": 7.38,"Total Cost": 239.27,"Plan Rows": 400,"Plan Width": 8,"Actual Startup Time": 0.101,"Actual Total Time": 1.663,"Actual Rows": 396,"Actual Loops": 1,"Recheck Cond": "(s_nationkey = nation_1.n_nationkey)","Rows Removed by Index Recheck": 0,"Exact Heap Blocks": 191,"Lossy Heap Blocks": 0,"Plans": [{"Node Type": "Bitmap Index Scan","Parent Relationship": "Outer","Parallel Aware": false,"Async Capable": false,"Index Name": "idx_supplier_nation_key","Startup Cost": 0.00,"Total Cost": 7.29,"Plan Rows": 400,"Plan Width": 0,"Actual Startup Time": 0.064,"Actual Total Time": 0.071,"Actual Rows": 396,"Actual Loops": 1,"Index Cond": "(s_nationkey = nation_1.n_nationkey)"}]}]},{"Node Type": "Index Scan","Parent Relationship": "Inner","Parallel Aware": false,"Async Capable": false,"Scan Direction": "Forward","Index Name": "idx_partsupp_suppkey","Relation Name": "partsupp","Alias": "partsupp_1","Startup Cost": 0.42,"Total Cost": 9.07,"Plan Rows": 80,"Plan Width": 14,"Actual Startup Time": 0.014,"Actual Total Time": 0.289,"Actual Rows": 80,"Actual Loops": 396,"Index Cond": "(ps_suppkey = supplier_1.s_suppkey)","Rows Removed by Index Recheck": 0}]}]},{"Node Type": "Aggregate","Strategy": "Hashed","Partial Mode": "Simple","Parent Relationship": "Outer","Parallel Aware": false,"Async Capable": false,"Startup Cost": 4514.26,"Total Cost": 4994.26,"Plan Rows": 10667,"Plan Width": 36,"Actual Startup Time": 363.472,"Actual Total Time": 433.375,"Actual Rows": 1048,"Actual Loops": 1,"Group Key": ["partsupp.ps_partkey"],"Filter": "(sum((partsupp.ps_supplycost * (partsupp.ps_availqty)::numeric)) > $2)","Planned Partitions": 0,"HashAgg Batches": 1,"Peak Memory Usage": 17937,"Disk Usage": 0,"Rows Removed by Filter": 28770,"Plans": [{"Node Type": "Nested Loop","Parent Relationship": "Outer","Parallel Aware": false,"Async Capable": false,"Join Type": "Inner","Startup Cost": 7.81,"Total Cost": 4194.26,"Plan Rows": 32000,"Plan Width": 14,"Actual Startup Time": 0.319,"Actual Total Time": 192.866,"Actual Rows": 31680,"Actual Loops": 1,"Inner Unique": false,"Plans": [{"Node Type": "Nested Loop","Parent Relationship": "Outer","Parallel Aware": false,"Async Capable": false,"Join Type": "Inner","Startup Cost": 7.38,"Total Cost": 244.58,"Plan Rows": 400,"Plan Width": 4,"Actual Startup Time": 0.254,"Actual Total Time": 2.704,"Actual Rows": 396,"Actual Loops": 1,"Inner Unique": false,"Plans": [{"Node Type": "Seq Scan","Parent Relationship": "Outer","Parallel Aware": false,"Async Capable": false,"Relation Name": "nation","Alias": "nation","Startup Cost": 0.00,"Total Cost": 1.31,"Plan Rows": 1,"Plan Width": 4,"Actual Startup Time": 0.067,"Actual Total Time": 0.092,"Actual Rows": 1,"Actual Loops": 1,"Filter": "(n_name = 'GERMANY'::bpchar)","Rows Removed by Filter": 24},{"Node Type": "Bitmap Heap Scan","Parent Relationship": "Inner","Parallel Aware": false,"Async Capable": false,"Relation Name": "supplier","Alias": "supplier","Startup Cost": 7.38,"Total Cost": 239.27,"Plan Rows": 400,"Plan Width": 8,"Actual Startup Time": 0.180,"Actual Total Time": 2.555,"Actual Rows": 396,"Actual Loops": 1,"Recheck Cond": "(s_nationkey = nation.n_nationkey)","Rows Removed by Index Recheck": 0,"Exact Heap Blocks": 191,"Lossy Heap Blocks": 0,"Plans": [{"Node Type": "Bitmap Index Scan","Parent Relationship": "Outer","Parallel Aware": false,"Async Capable": false,"Index Name": "idx_supplier_nation_key","Startup Cost": 0.00,"Total Cost": 7.29,"Plan Rows": 400,"Plan Width": 0,"Actual Startup Time": 0.114,"Actual Total Time": 0.118,"Actual Rows": 396,"Actual Loops": 1,"Index Cond": "(s_nationkey = nation.n_nationkey)"}]}]},{"Node Type": "Index Scan","Parent Relationship": "Inner","Parallel Aware": false,"Async Capable": false,"Scan Direction": "Forward","Index Name": "idx_partsupp_suppkey","Relation Name": "partsupp","Alias": "partsupp","Startup Cost": 0.42,"Total Cost": 9.07,"Plan Rows": 80,"Plan Width": 18,"Actual Startup Time": 0.019,"Actual Total Time": 0.468,"Actual Rows": 80,"Actual Loops": 396,"Index Cond": "(ps_suppkey = supplier.s_suppkey)","Rows Removed by Index Recheck": 0}]}]}]},"Planning Time": 7.362,"Triggers": [],"Execution Time": 437.365}]
[{"Plan": {"Node Type": "Sort","Parallel Aware": false,"Async Capable": false,"Startup Cost": 10142.20,"Total Cost": 10168.87,"Plan Rows": 10667,"Plan Width": 36,"Actual Startup Time": 448.613,"Actual Total Time": 448.730,"Actual Rows": 888,"Actual Loops": 1,"Sort Key": ["(sum((partsupp.ps_supplycost * (partsupp.ps_availqty)::numeric))) DESC"],"Sort Method": "quicksort","Sort Space Used": 73,"Sort Space Type": "Memory","Plans": [{"Node Type": "Aggregate","Strategy": "Plain","Partial Mode": "Simple","Parent Relationship": "InitPlan","Subplan Name": "InitPlan 1 (returns $2)","Parallel Aware": false,"Async Capable": false,"Startup Cost": 4434.26,"Total Cost": 4434.27,"Plan Rows": 1,"Plan Width": 32,"Actual Startup Time": 133.715,"Actual Total Time": 133.740,"Actual Rows": 1,"Actual Loops": 1,"Plans": [{"Node Type": "Nested Loop","Parent Relationship": "Outer","Parallel Aware": false,"Async Capable": false,"Join Type": "Inner","Startup Cost": 7.81,"Total Cost": 4194.26,"Plan Rows": 32000,"Plan Width": 10,"Actual Startup Time": 0.220,"Actual Total Time": 126.229,"Actual Rows": 32400,"Actual Loops": 1,"Inner Unique": false,"Plans": [{"Node Type": "Nested Loop","Parent Relationship": "Outer","Parallel Aware": false,"Async Capable": false,"Join Type": "Inner","Startup Cost": 7.38,"Total Cost": 244.58,"Plan Rows": 400,"Plan Width": 4,"Actual Startup Time": 0.174,"Actual Total Time": 1.918,"Actual Rows": 405,"Actual Loops": 1,"Inner Unique": false,"Plans": [{"Node Type": "Seq Scan","Parent Relationship": "Outer","Parallel Aware": false,"Async Capable": false,"Relation Name": "nation","Alias": "nation_1","Startup Cost": 0.00,"Total Cost": 1.31,"Plan Rows": 1,"Plan Width": 4,"Actual Startup Time": 0.049,"Actual Total Time": 0.070,"Actual Rows": 1,"Actual Loops": 1,"Filter": "(n_name = 'INDONESIA'::bpchar)","Rows Removed by Filter": 24},{"Node Type": "Bitmap Heap Scan","Parent Relationship": "Inner","Parallel Aware": false,"Async Capable": false,"Relation Name": "supplier","Alias": "supplier_1","Startup Cost": 7.38,"Total Cost": 239.27,"Plan Rows": 400,"Plan Width": 8,"Actual Startup Time": 0.105,"Actual Total Time": 1.781,"Actual Rows": 405,"Actual Loops": 1,"Recheck Cond": "(s_nationkey = nation_1.n_nationkey)","Rows Removed by Index Recheck": 0,"Exact Heap Blocks": 192,"Lossy Heap Blocks": 0,"Plans": [{"Node Type": "Bitmap Index Scan","Parent Relationship": "Outer","Parallel Aware": false,"Async Capable": false,"Index Name": "idx_supplier_nation_key","Startup Cost": 0.00,"Total Cost": 7.29,"Plan Rows": 400,"Plan Width": 0,"Actual Startup Time": 0.069,"Actual Total Time": 0.075,"Actual Rows": 405,"Actual Loops": 1,"Index Cond": "(s_nationkey = nation_1.n_nationkey)"}]}]},{"Node Type": "Index Scan","Parent Relationship": "Inner","Parallel Aware": false,"Async Capable": false,"Scan Direction": "Forward","Index Name": "idx_partsupp_suppkey","Relation Name": "partsupp","Alias": "partsupp_1","Startup Cost": 0.42,"Total Cost": 9.07,"Plan Rows": 80,"Plan Width": 14,"Actual Startup Time": 0.014,"Actual Total Time": 0.294,"Actual Rows": 80,"Actual Loops": 405,"Index Cond": "(ps_suppkey = supplier_1.s_suppkey)","Rows Removed by Index Recheck": 0}]}]},{"Node Type": "Aggregate","Strategy": "Hashed","Partial Mode": "Simple","Parent Relationship": "Outer","Parallel Aware": false,"Async Capable": false,"Startup Cost": 4514.26,"Total Cost": 4994.26,"Plan Rows": 10667,"Plan Width": 36,"Actual Startup Time": 376.503,"Actual Total Time": 448.157,"Actual Rows": 888,"Actual Loops": 1,"Group Key": ["partsupp.ps_partkey"],"Filter": "(sum((partsupp.ps_supplycost * (partsupp.ps_availqty)::numeric)) > $2)","Planned Partitions": 0,"HashAgg Batches": 1,"Peak Memory Usage": 17937,"Disk Usage": 0,"Rows Removed by Filter": 29597,"Plans": [{"Node Type": "Nested Loop","Parent Relationship": "Outer","Parallel Aware": false,"Async Capable": false,"Join Type": "Inner","Startup Cost": 7.81,"Total Cost": 4194.26,"Plan Rows": 32000,"Plan Width": 14,"Actual Startup Time": 0.375,"Actual Total Time": 200.721,"Actual Rows": 32400,"Actual Loops": 1,"Inner Unique": false,"Plans": [{"Node Type": "Nested Loop","Parent Relationship": "Outer","Parallel Aware": false,"Async Capable": false,"Join Type": "Inner","Startup Cost": 7.38,"Total Cost": 244.58,"Plan Rows": 400,"Plan Width": 4,"Actual Startup Time": 0.269,"Actual Total Time": 2.791,"Actual Rows": 405,"Actual Loops": 1,"Inner Unique": false,"Plans": [{"Node Type": "Seq Scan","Parent Relationship": "Outer","Parallel Aware": false,"Async Capable": false,"Relation Name": "nation","Alias": "nation","Startup Cost": 0.00,"Total Cost": 1.31,"Plan Rows": 1,"Plan Width": 4,"Actual Startup Time": 0.076,"Actual Total Time": 0.092,"Actual Rows": 1,"Actual Loops": 1,"Filter": "(n_name = 'INDONESIA'::bpchar)","Rows Removed by Filter": 24},{"Node Type": "Bitmap Heap Scan","Parent Relationship": "Inner","Parallel Aware": false,"Async Capable": false,"Relation Name": "supplier","Alias": "supplier","Startup Cost": 7.38,"Total Cost": 239.27,"Plan Rows": 400,"Plan Width": 8,"Actual Startup Time": 0.187,"Actual Total Time": 2.648,"Actual Rows": 405,"Actual Loops": 1,"Recheck Cond": "(s_nationkey = nation.n_nationkey)","Rows Removed by Index Recheck": 0,"Exact Heap Blocks": 192,"Lossy Heap Blocks": 0,"Plans": [{"Node Type": "Bitmap Index Scan","Parent Relationship": "Outer","Parallel Aware": false,"Async Capable": false,"Index Name": "idx_supplier_nation_key","Startup Cost": 0.00,"Total Cost": 7.29,"Plan Rows": 400,"Plan Width": 0,"Actual Startup Time": 0.121,"Actual Total Time": 0.124,"Actual Rows": 405,"Actual Loops": 1,"Index Cond": "(s_nationkey = nation.n_nationkey)"}]}]},{"Node Type": "Index Scan","Parent Relationship": "Inner","Parallel Aware": false,"Async Capable": false,"Scan Direction": "Forward","Index Name": "idx_partsupp_suppkey","Relation Name": "partsupp","Alias": "partsupp","Startup Cost": 0.42,"Total Cost": 9.07,"Plan Rows": 80,"Plan Width": 18,"Actual Startup Time": 0.019,"Actual Total Time": 0.477,"Actual Rows": 80,"Actual Loops": 405,"Index Cond": "(ps_suppkey = supplier.s_suppkey)","Rows Removed by Index Recheck": 0}]}]}]},"Planning Time": 7.214,"Triggers": [],"Execution Time": 451.949}]
[{"Plan": {"Node Type": "Sort","Parallel Aware": false,"Async Capable": false,"Startup Cost": 10142.20,"Total Cost": 10168.87,"Plan Rows": 10667,"Plan Width": 36,"Actual Startup Time": 448.636,"Actual Total Time": 448.779,"Actual Rows": 979,"Actual Loops": 1,"Sort Key": ["(sum((partsupp.ps_supplycost * (partsupp.ps_availqty)::numeric))) DESC"],"Sort Method": "quicksort","Sort Space Used": 78,"Sort Space Type": "Memory","Plans": [{"Node Type": "Aggregate","Strategy": "Plain","Partial Mode": "Simple","Parent Relationship": "InitPlan","Subplan Name": "InitPlan 1 (returns $2)","Parallel Aware": false,"Async Capable": false,"Startup Cost": 4434.26,"Total Cost": 4434.27,"Plan Rows": 1,"Plan Width": 32,"Actual Startup Time": 130.424,"Actual Total Time": 130.461,"Actual Rows": 1,"Actual Loops": 1,"Plans": [{"Node Type": "Nested Loop","Parent Relationship": "Outer","Parallel Aware": false,"Async Capable": false,"Join Type": "Inner","Startup Cost": 7.81,"Total Cost": 4194.26,"Plan Rows": 32000,"Plan Width": 10,"Actual Startup Time": 0.191,"Actual Total Time": 123.113,"Actual Rows": 31920,"Actual Loops": 1,"Inner Unique": false,"Plans": [{"Node Type": "Nested Loop","Parent Relationship": "Outer","Parallel Aware": false,"Async Capable": false,"Join Type": "Inner","Startup Cost": 7.38,"Total Cost": 244.58,"Plan Rows": 400,"Plan Width": 4,"Actual Startup Time": 0.152,"Actual Total Time": 1.823,"Actual Rows": 399,"Actual Loops": 1,"Inner Unique": false,"Plans": [{"Node Type": "Seq Scan","Parent Relationship": "Outer","Parallel Aware": false,"Async Capable": false,"Relation Name": "nation","Alias": "nation_1","Startup Cost": 0.00,"Total Cost": 1.31,"Plan Rows": 1,"Plan Width": 4,"Actual Startup Time": 0.042,"Actual Total Time": 0.060,"Actual Rows": 1,"Actual Loops": 1,"Filter": "(n_name = 'VIETNAM'::bpchar)","Rows Removed by Filter": 24},{"Node Type": "Bitmap Heap Scan","Parent Relationship": "Inner","Parallel Aware": false,"Async Capable": false,"Relation Name": "supplier","Alias": "supplier_1","Startup Cost": 7.38,"Total Cost": 239.27,"Plan Rows": 400,"Plan Width": 8,"Actual Startup Time": 0.095,"Actual Total Time": 1.696,"Actual Rows": 399,"Actual Loops": 1,"Recheck Cond": "(s_nationkey = nation_1.n_nationkey)","Rows Removed by Index Recheck": 0,"Exact Heap Blocks": 191,"Lossy Heap Blocks": 0,"Plans": [{"Node Type": "Bitmap Index Scan","Parent Relationship": "Outer","Parallel Aware": false,"Async Capable": false,"Index Name": "idx_supplier_nation_key","Startup Cost": 0.00,"Total Cost": 7.29,"Plan Rows": 400,"Plan Width": 0,"Actual Startup Time": 0.057,"Actual Total Time": 0.061,"Actual Rows": 399,"Actual Loops": 1,"Index Cond": "(s_nationkey = nation_1.n_nationkey)"}]}]},{"Node Type": "Index Scan","Parent Relationship": "Inner","Parallel Aware": false,"Async Capable": false,"Scan Direction": "Forward","Index Name": "idx_partsupp_suppkey","Relation Name": "partsupp","Alias": "partsupp_1","Startup Cost": 0.42,"Total Cost": 9.07,"Plan Rows": 80,"Plan Width": 14,"Actual Startup Time": 0.014,"Actual Total Time": 0.292,"Actual Rows": 80,"Actual Loops": 399,"Index Cond": "(ps_suppkey = supplier_1.s_suppkey)","Rows Removed by Index Recheck": 0}]}]},{"Node Type": "Aggregate","Strategy": "Hashed","Partial Mode": "Simple","Parent Relationship": "Outer","Parallel Aware": false,"Async Capable": false,"Startup Cost": 4514.26,"Total Cost": 4994.26,"Plan Rows": 10667,"Plan Width": 36,"Actual Startup Time": 376.224,"Actual Total Time": 448.108,"Actual Rows": 979,"Actual Loops": 1,"Group Key": ["partsupp.ps_partkey"],"Filter": "(sum((partsupp.ps_supplycost * (partsupp.ps_availqty)::numeric)) > $2)","Planned Partitions": 0,"HashAgg Batches": 1,"Peak Memory Usage": 17937,"Disk Usage": 0,"Rows Removed by Filter": 29153,"Plans": [{"Node Type": "Nested Loop","Parent Relationship": "Outer","Parallel Aware": false,"Async Capable": false,"Join Type": "Inner","Startup Cost": 7.81,"Total Cost": 4194.26,"Plan Rows": 32000,"Plan Width": 14,"Actual Startup Time": 0.359,"Actual Total Time": 202.215,"Actual Rows": 31920,"Actual Loops": 1,"Inner Unique": false,"Plans": [{"Node Type": "Nested Loop","Parent Relationship": "Outer","Parallel Aware": false,"Async Capable": false,"Join Type": "Inner","Startup Cost": 7.38,"Total Cost": 244.58,"Plan Rows": 400,"Plan Width": 4,"Actual Startup Time": 0.271,"Actual Total Time": 2.875,"Actual Rows": 399,"Actual Loops": 1,"Inner Unique": false,"Plans": [{"Node Type": "Seq Scan","Parent Relationship": "Outer","Parallel Aware": false,"Async Capable": false,"Relation Name": "nation","Alias": "nation","Startup Cost": 0.00,"Total Cost": 1.31,"Plan Rows": 1,"Plan Width": 4,"Actual Startup Time": 0.081,"Actual Total Time": 0.101,"Actual Rows": 1,"Actual Loops": 1,"Filter": "(n_name = 'VIETNAM'::bpchar)","Rows Removed by Filter": 24},{"Node Type": "Bitmap Heap Scan","Parent Relationship": "Inner","Parallel Aware": false,"Async Capable": false,"Relation Name": "supplier","Alias": "supplier","Startup Cost": 7.38,"Total Cost": 239.27,"Plan Rows": 400,"Plan Width": 8,"Actual Startup Time": 0.181,"Actual Total Time": 2.716,"Actual Rows": 399,"Actual Loops": 1,"Recheck Cond": "(s_nationkey = nation.n_nationkey)","Rows Removed by Index Recheck": 0,"Exact Heap Blocks": 191,"Lossy Heap Blocks": 0,"Plans": [{"Node Type": "Bitmap Index Scan","Parent Relationship": "Outer","Parallel Aware": false,"Async Capable": false,"Index Name": "idx_supplier_nation_key","Startup Cost": 0.00,"Total Cost": 7.29,"Plan Rows": 400,"Plan Width": 0,"Actual Startup Time": 0.120,"Actual Total Time": 0.121,"Actual Rows": 399,"Actual Loops": 1,"Index Cond": "(s_nationkey = nation.n_nationkey)"}]}]},{"Node Type": "Index Scan","Parent Relationship": "Inner","Parallel Aware": false,"Async Capable": false,"Scan Direction": "Forward","Index Name": "idx_partsupp_suppkey","Relation Name": "partsupp","Alias": "partsupp","Startup Cost": 0.42,"Total Cost": 9.07,"Plan Rows": 80,"Plan Width": 18,"Actual Startup Time": 0.019,"Actual Total Time": 0.488,"Actual Rows": 80,"Actual Loops": 399,"Index Cond": "(ps_suppkey = supplier.s_suppkey)","Rows Removed by Index Recheck": 0}]}]}]},"Planning Time": 6.254,"Triggers": [],"Execution Time": 451.997}]
[{"Plan": {"Node Type": "Sort","Parallel Aware": false,"Async Capable": false,"Startup Cost": 10142.20,"Total Cost": 10168.87,"Plan Rows": 10667,"Plan Width": 36,"Actual Startup Time": 435.527,"Actual Total Time": 435.700,"Actual Rows": 1089,"Actual Loops": 1,"Sort Key": ["(sum((partsupp.ps_supplycost * (partsupp.ps_availqty)::numeric))) DESC"],"Sort Method": "quicksort","Sort Space Used": 108,"Sort Space Type": "Memory","Plans": [{"Node Type": "Aggregate","Strategy": "Plain","Partial Mode": "Simple","Parent Relationship": "InitPlan","Subplan Name": "InitPlan 1 (returns $2)","Parallel Aware": false,"Async Capable": false,"Startup Cost": 4434.26,"Total Cost": 4434.27,"Plan Rows": 1,"Plan Width": 32,"Actual Startup Time": 127.992,"Actual Total Time": 128.018,"Actual Rows": 1,"Actual Loops": 1,"Plans": [{"Node Type": "Nested Loop","Parent Relationship": "Outer","Parallel Aware": false,"Async Capable": false,"Join Type": "Inner","Startup Cost": 7.81,"Total Cost": 4194.26,"Plan Rows": 32000,"Plan Width": 10,"Actual Startup Time": 0.202,"Actual Total Time": 120.806,"Actual Rows": 31200,"Actual Loops": 1,"Inner Unique": false,"Plans": [{"Node Type": "Nested Loop","Parent Relationship": "Outer","Parallel Aware": false,"Async Capable": false,"Join Type": "Inner","Startup Cost": 7.38,"Total Cost": 244.58,"Plan Rows": 400,"Plan Width": 4,"Actual Startup Time": 0.156,"Actual Total Time": 1.780,"Actual Rows": 390,"Actual Loops": 1,"Inner Unique": false,"Plans": [{"Node Type": "Seq Scan","Parent Relationship": "Outer","Parallel Aware": false,"Async Capable": false,"Relation Name": "nation","Alias": "nation_1","Startup Cost": 0.00,"Total Cost": 1.31,"Plan Rows": 1,"Plan Width": 4,"Actual Startup Time": 0.025,"Actual Total Time": 0.037,"Actual Rows": 1,"Actual Loops": 1,"Filter": "(n_name = 'UNITED KINGDOM'::bpchar)","Rows Removed by Filter": 24},{"Node Type": "Bitmap Heap Scan","Parent Relationship": "Inner","Parallel Aware": false,"Async Capable": false,"Relation Name": "supplier","Alias": "supplier_1","Startup Cost": 7.38,"Total Cost": 239.27,"Plan Rows": 400,"Plan Width": 8,"Actual Startup Time": 0.111,"Actual Total Time": 1.680,"Actual Rows": 390,"Actual Loops": 1,"Recheck Cond": "(s_nationkey = nation_1.n_nationkey)","Rows Removed by Index Recheck": 0,"Exact Heap Blocks": 190,"Lossy Heap Blocks": 0,"Plans": [{"Node Type": "Bitmap Index Scan","Parent Relationship": "Outer","Parallel Aware": false,"Async Capable": false,"Index Name": "idx_supplier_nation_key","Startup Cost": 0.00,"Total Cost": 7.29,"Plan Rows": 400,"Plan Width": 0,"Actual Startup Time": 0.075,"Actual Total Time": 0.080,"Actual Rows": 390,"Actual Loops": 1,"Index Cond": "(s_nationkey = nation_1.n_nationkey)"}]}]},{"Node Type": "Index Scan","Parent Relationship": "Inner","Parallel Aware": false,"Async Capable": false,"Scan Direction": "Forward","Index Name": "idx_partsupp_suppkey","Relation Name": "partsupp","Alias": "partsupp_1","Startup Cost": 0.42,"Total Cost": 9.07,"Plan Rows": 80,"Plan Width": 14,"Actual Startup Time": 0.014,"Actual Total Time": 0.293,"Actual Rows": 80,"Actual Loops": 390,"Index Cond": "(ps_suppkey = supplier_1.s_suppkey)","Rows Removed by Index Recheck": 0}]}]},{"Node Type": "Aggregate","Strategy": "Hashed","Partial Mode": "Simple","Parent Relationship": "Outer","Parallel Aware": false,"Async Capable": false,"Startup Cost": 4514.26,"Total Cost": 4994.26,"Plan Rows": 10667,"Plan Width": 36,"Actual Startup Time": 365.366,"Actual Total Time": 434.999,"Actual Rows": 1089,"Actual Loops": 1,"Group Key": ["partsupp.ps_partkey"],"Filter": "(sum((partsupp.ps_supplycost * (partsupp.ps_availqty)::numeric)) > $2)","Planned Partitions": 0,"HashAgg Batches": 1,"Peak Memory Usage": 17937,"Disk Usage": 0,"Rows Removed by Filter": 28366,"Plans": [{"Node Type": "Nested Loop","Parent Relationship": "Outer","Parallel Aware": false,"Async Capable": false,"Join Type": "Inner","Startup Cost": 7.81,"Total Cost": 4194.26,"Plan Rows": 32000,"Plan Width": 14,"Actual Startup Time": 0.273,"Actual Total Time": 195.557,"Actual Rows": 31200,"Actual Loops": 1,"Inner Unique": false,"Plans": [{"Node Type": "Nested Loop","Parent Relationship": "Outer","Parallel Aware": false,"Async Capable": false,"Join Type": "Inner","Startup Cost": 7.38,"Total Cost": 244.58,"Plan Rows": 400,"Plan Width": 4,"Actual Startup Time": 0.244,"Actual Total Time": 2.901,"Actual Rows": 390,"Actual Loops": 1,"Inner Unique": false,"Plans": [{"Node Type": "Seq Scan","Parent Relationship": "Outer","Parallel Aware": false,"Async Capable": false,"Relation Name": "nation","Alias": "nation","Startup Cost": 0.00,"Total Cost": 1.31,"Plan Rows": 1,"Plan Width": 4,"Actual Startup Time": 0.065,"Actual Total Time": 0.084,"Actual Rows": 1,"Actual Loops": 1,"Filter": "(n_name = 'UNITED KINGDOM'::bpchar)","Rows Removed by Filter": 24},{"Node Type": "Bitmap Heap Scan","Parent Relationship": "Inner","Parallel Aware": false,"Async Capable": false,"Relation Name": "supplier","Alias": "supplier","Startup Cost": 7.38,"Total Cost": 239.27,"Plan Rows": 400,"Plan Width": 8,"Actual Startup Time": 0.171,"Actual Total Time": 2.762,"Actual Rows": 390,"Actual Loops": 1,"Recheck Cond": "(s_nationkey = nation.n_nationkey)","Rows Removed by Index Recheck": 0,"Exact Heap Blocks": 190,"Lossy Heap Blocks": 0,"Plans": [{"Node Type": "Bitmap Index Scan","Parent Relationship": "Outer","Parallel Aware": false,"Async Capable": false,"Index Name": "idx_supplier_nation_key","Startup Cost": 0.00,"Total Cost": 7.29,"Plan Rows": 400,"Plan Width": 0,"Actual Startup Time": 0.123,"Actual Total Time": 0.123,"Actual Rows": 390,"Actual Loops": 1,"Index Cond": "(s_nationkey = nation.n_nationkey)"}]}]},{"Node Type": "Index Scan","Parent Relationship": "Inner","Parallel Aware": false,"Async Capable": false,"Scan Direction": "Forward","Index Name": "idx_partsupp_suppkey","Relation Name": "partsupp","Alias": "partsupp","Startup Cost": 0.42,"Total Cost": 9.07,"Plan Rows": 80,"Plan Width": 18,"Actual Startup Time": 0.020,"Actual Total Time": 0.482,"Actual Rows": 80,"Actual Loops": 390,"Index Cond": "(ps_suppkey = supplier.s_suppkey)","Rows Removed by Index Recheck": 0}]}]}]},"Planning Time": 6.575,"Triggers": [],"Execution Time": 439.057}]
[{"Plan": {"Node Type": "Sort","Parallel Aware": false,"Async Capable": false,"Startup Cost": 10142.20,"Total Cost": 10168.87,"Plan Rows": 10667,"Plan Width": 36,"Actual Startup Time": 435.527,"Actual Total Time": 435.700,"Actual Rows": 1089,"Actual Loops": 1,"Sort Key": ["(sum((partsupp.ps_supplycost * (partsupp.ps_availqty)::numeric))) DESC"],"Sort Method": "quicksort","Sort Space Used": 108,"Sort Space Type": "Memory","Plans": [{"Node Type": "Aggregate","Strategy": "Plain","Partial Mode": "Simple","Parent Relationship": "InitPlan","Subplan Name": "InitPlan 1 (returns $2)","Parallel Aware": false,"Async Capable": false,"Startup Cost": 4434.26,"Total Cost": 4434.27,"Plan Rows": 1,"Plan Width": 32,"Actual Startup Time": 127.992,"Actual Total Time": 128.018,"Actual Rows": 1,"Actual Loops": 1,"Plans": [{"Node Type": "Nested Loop","Parent Relationship": "Outer","Parallel Aware": false,"Async Capable": false,"Join Type": "Inner","Startup Cost": 7.81,"Total Cost": 4194.26,"Plan Rows": 32000,"Plan Width": 10,"Actual Startup Time": 0.202,"Actual Total Time": 120.806,"Actual Rows": 31200,"Actual Loops": 1,"Inner Unique": false,"Plans": [{"Node Type": "Nested Loop","Parent Relationship": "Outer","Parallel Aware": false,"Async Capable": false,"Join Type": "Inner","Startup Cost": 7.38,"Total Cost": 244.58,"Plan Rows": 400,"Plan Width": 4,"Actual Startup Time": 0.156,"Actual Total Time": 1.780,"Actual Rows": 390,"Actual Loops": 1,"Inner Unique": false,"Plans": [{"Node Type": "Seq Scan","Parent Relationship": "Outer","Parallel Aware": false,"Async Capable": false,"Relation Name": "nation","Alias": "nation_1","Startup Cost": 0.00,"Total Cost": 1.31,"Plan Rows": 1,"Plan Width": 4,"Actual Startup Time": 0.025,"Actual Total Time": 0.037,"Actual Rows": 1,"Actual Loops": 1,"Filter": "(n_name = 'UNITED KINGDOM'::bpchar)","Rows Removed by Filter": 24},{"Node Type": "Bitmap Heap Scan","Parent Relationship": "Inner","Parallel Aware": false,"Async Capable": false,"Relation Name": "supplier","Alias": "supplier_1","Startup Cost": 7.38,"Total Cost": 239.27,"Plan Rows": 400,"Plan Width": 8,"Actual Startup Time": 0.111,"Actual Total Time": 1.680,"Actual Rows": 390,"Actual Loops": 1,"Recheck Cond": "(s_nationkey = nation_1.n_nationkey)","Rows Removed by Index Recheck": 0,"Exact Heap Blocks": 190,"Lossy Heap Blocks": 0,"Plans": [{"Node Type": "Bitmap Index Scan","Parent Relationship": "Outer","Parallel Aware": false,"Async Capable": false,"Index Name": "idx_supplier_nation_key","Startup Cost": 0.00,"Total Cost": 7.29,"Plan Rows": 400,"Plan Width": 0,"Actual Startup Time": 0.075,"Actual Total Time": 0.080,"Actual Rows": 390,"Actual Loops": 1,"Index Cond": "(s_nationkey = nation_1.n_nationkey)"}]}]},{"Node Type": "Index Scan","Parent Relationship": "Inner","Parallel Aware": false,"Async Capable": false,"Scan Direction": "Forward","Index Name": "idx_partsupp_suppkey","Relation Name": "partsupp","Alias": "partsupp_1","Startup Cost": 0.42,"Total Cost": 9.07,"Plan Rows": 80,"Plan Width": 14,"Actual Startup Time": 0.014,"Actual Total Time": 0.293,"Actual Rows": 80,"Actual Loops": 390,"Index Cond": "(ps_suppkey = supplier_1.s_suppkey)","Rows Removed by Index Recheck": 0}]}]},{"Node Type": "Aggregate","Strategy": "Hashed","Partial Mode": "Simple","Parent Relationship": "Outer","Parallel Aware": false,"Async Capable": false,"Startup Cost": 4514.26,"Total Cost": 4994.26,"Plan Rows": 10667,"Plan Width": 36,"Actual Startup Time": 365.366,"Actual Total Time": 434.999,"Actual Rows": 1089,"Actual Loops": 1,"Group Key": ["partsupp.ps_partkey"],"Filter": "(sum((partsupp.ps_supplycost * (partsupp.ps_availqty)::numeric)) > $2)","Planned Partitions": 0,"HashAgg Batches": 1,"Peak Memory Usage": 17937,"Disk Usage": 0,"Rows Removed by Filter": 28366,"Plans": [{"Node Type": "Nested Loop","Parent Relationship": "Outer","Parallel Aware": false,"Async Capable": false,"Join Type": "Inner","Startup Cost": 7.81,"Total Cost": 4194.26,"Plan Rows": 32000,"Plan Width": 14,"Actual Startup Time": 0.273,"Actual Total Time": 195.557,"Actual Rows": 31200,"Actual Loops": 1,"Inner Unique": false,"Plans": [{"Node Type": "Nested Loop","Parent Relationship": "Outer","Parallel Aware": false,"Async Capable": false,"Join Type": "Inner","Startup Cost": 7.38,"Total Cost": 244.58,"Plan Rows": 400,"Plan Width": 4,"Actual Startup Time": 0.244,"Actual Total Time": 2.901,"Actual Rows": 390,"Actual Loops": 1,"Inner Unique": false,"Plans": [{"Node Type": "Seq Scan","Parent Relationship": "Outer","Parallel Aware": false,"Async Capable": false,"Relation Name": "nation","Alias": "nation","Startup Cost": 0.00,"Total Cost": 1.31,"Plan Rows": 1,"Plan Width": 4,"Actual Startup Time": 0.065,"Actual Total Time": 0.084,"Actual Rows": 1,"Actual Loops": 1,"Filter": "(n_name = 'UNITED KINGDOM'::bpchar)","Rows Removed by Filter": 24},{"Node Type": "Bitmap Heap Scan","Parent Relationship": "Inner","Parallel Aware": false,"Async Capable": false,"Relation Name": "supplier","Alias": "supplier","Startup Cost": 7.38,"Total Cost": 239.27,"Plan Rows": 400,"Plan Width": 8,"Actual Startup Time": 0.171,"Actual Total Time": 2.762,"Actual Rows": 390,"Actual Loops": 1,"Recheck Cond": "(s_nationkey = nation.n_nationkey)","Rows Removed by Index Recheck": 0,"Exact Heap Blocks": 190,"Lossy Heap Blocks": 0,"Plans": [{"Node Type": "Bitmap Index Scan","Parent Relationship": "Outer","Parallel Aware": false,"Async Capable": false,"Index Name": "idx_supplier_nation_key","Startup Cost": 0.00,"Total Cost": 7.29,"Plan Rows": 400,"Plan Width": 0,"Actual Startup Time": 0.123,"Actual Total Time": 0.123,"Actual Rows": 390,"Actual Loops": 1,"Index Cond": "(s_nationkey = nation.n_nationkey)"}]}]},{"Node Type": "Index Scan","Parent Relationship": "Inner","Parallel Aware": false,"Async Capable": false,"Scan Direction": "Forward","Index Name": "idx_partsupp_suppkey","Relation Name": "partsupp","Alias": "partsupp","Startup Cost": 0.42,"Total Cost": 9.07,"Plan Rows": 80,"Plan Width": 18,"Actual Startup Time": 0.020,"Actual Total Time": 0.482,"Actual Rows": 80,"Actual Loops": 390,"Index Cond": "(ps_suppkey = supplier.s_suppkey)","Rows Removed by Index Recheck": 0}]}]}]},"Planning Time": 6.575,"Triggers": [],"Execution Time": 439.057}]
[{"Plan": {"Node Type": "Sort","Parallel Aware": false,"Async Capable": false,"Startup Cost": 10142.20,"Total Cost": 10168.87,"Plan Rows": 10667,"Plan Width": 36,"Actual Startup Time": 451.065,"Actual Total Time": 451.181,"Actual Rows": 838,"Actual Loops": 1,"Sort Key": ["(sum((partsupp.ps_supplycost * (partsupp.ps_availqty)::numeric))) DESC"],"Sort Method": "quicksort","Sort Space Used": 70,"Sort Space Type": "Memory","Plans": [{"Node Type": "Aggregate","Strategy": "Plain","Partial Mode": "Simple","Parent Relationship": "InitPlan","Subplan Name": "InitPlan 1 (returns $2)","Parallel Aware": false,"Async Capable": false,"Startup Cost": 4434.26,"Total Cost": 4434.27,"Plan Rows": 1,"Plan Width": 32,"Actual Startup Time": 132.717,"Actual Total Time": 132.742,"Actual Rows": 1,"Actual Loops": 1,"Plans": [{"Node Type": "Nested Loop","Parent Relationship": "Outer","Parallel Aware": false,"Async Capable": false,"Join Type": "Inner","Startup Cost": 7.81,"Total Cost": 4194.26,"Plan Rows": 32000,"Plan Width": 10,"Actual Startup Time": 0.228,"Actual Total Time": 125.275,"Actual Rows": 32480,"Actual Loops": 1,"Inner Unique": false,"Plans": [{"Node Type": "Nested Loop","Parent Relationship": "Outer","Parallel Aware": false,"Async Capable": false,"Join Type": "Inner","Startup Cost": 7.38,"Total Cost": 244.58,"Plan Rows": 400,"Plan Width": 4,"Actual Startup Time": 0.174,"Actual Total Time": 1.839,"Actual Rows": 406,"Actual Loops": 1,"Inner Unique": false,"Plans": [{"Node Type": "Seq Scan","Parent Relationship": "Outer","Parallel Aware": false,"Async Capable": false,"Relation Name": "nation","Alias": "nation_1","Startup Cost": 0.00,"Total Cost": 1.31,"Plan Rows": 1,"Plan Width": 4,"Actual Startup Time": 0.052,"Actual Total Time": 0.067,"Actual Rows": 1,"Actual Loops": 1,"Filter": "(n_name = 'MOZAMBIQUE'::bpchar)","Rows Removed by Filter": 24},{"Node Type": "Bitmap Heap Scan","Parent Relationship": "Inner","Parallel Aware": false,"Async Capable": false,"Relation Name": "supplier","Alias": "supplier_1","Startup Cost": 7.38,"Total Cost": 239.27,"Plan Rows": 400,"Plan Width": 8,"Actual Startup Time": 0.112,"Actual Total Time": 1.721,"Actual Rows": 406,"Actual Loops": 1,"Recheck Cond": "(s_nationkey = nation_1.n_nationkey)","Rows Removed by Index Recheck": 0,"Exact Heap Blocks": 186,"Lossy Heap Blocks": 0,"Plans": [{"Node Type": "Bitmap Index Scan","Parent Relationship": "Outer","Parallel Aware": false,"Async Capable": false,"Index Name": "idx_supplier_nation_key","Startup Cost": 0.00,"Total Cost": 7.29,"Plan Rows": 400,"Plan Width": 0,"Actual Startup Time": 0.075,"Actual Total Time": 0.080,"Actual Rows": 406,"Actual Loops": 1,"Index Cond": "(s_nationkey = nation_1.n_nationkey)"}]}]},{"Node Type": "Index Scan","Parent Relationship": "Inner","Parallel Aware": false,"Async Capable": false,"Scan Direction": "Forward","Index Name": "idx_partsupp_suppkey","Relation Name": "partsupp","Alias": "partsupp_1","Startup Cost": 0.42,"Total Cost": 9.07,"Plan Rows": 80,"Plan Width": 14,"Actual Startup Time": 0.015,"Actual Total Time": 0.292,"Actual Rows": 80,"Actual Loops": 406,"Index Cond": "(ps_suppkey = supplier_1.s_suppkey)","Rows Removed by Index Recheck": 0}]}]},{"Node Type": "Aggregate","Strategy": "Hashed","Partial Mode": "Simple","Parent Relationship": "Outer","Parallel Aware": false,"Async Capable": false,"Startup Cost": 4514.26,"Total Cost": 4994.26,"Plan Rows": 10667,"Plan Width": 36,"Actual Startup Time": 378.862,"Actual Total Time": 450.673,"Actual Rows": 838,"Actual Loops": 1,"Group Key": ["partsupp.ps_partkey"],"Filter": "(sum((partsupp.ps_supplycost * (partsupp.ps_availqty)::numeric)) > $2)","Planned Partitions": 0,"HashAgg Batches": 1,"Peak Memory Usage": 17937,"Disk Usage": 0,"Rows Removed by Filter": 29832,"Plans": [{"Node Type": "Nested Loop","Parent Relationship": "Outer","Parallel Aware": false,"Async Capable": false,"Join Type": "Inner","Startup Cost": 7.81,"Total Cost": 4194.26,"Plan Rows": 32000,"Plan Width": 14,"Actual Startup Time": 0.382,"Actual Total Time": 202.282,"Actual Rows": 32480,"Actual Loops": 1,"Inner Unique": false,"Plans": [{"Node Type": "Nested Loop","Parent Relationship": "Outer","Parallel Aware": false,"Async Capable": false,"Join Type": "Inner","Startup Cost": 7.38,"Total Cost": 244.58,"Plan Rows": 400,"Plan Width": 4,"Actual Startup Time": 0.293,"Actual Total Time": 2.810,"Actual Rows": 406,"Actual Loops": 1,"Inner Unique": false,"Plans": [{"Node Type": "Seq Scan","Parent Relationship": "Outer","Parallel Aware": false,"Async Capable": false,"Relation Name": "nation","Alias": "nation","Startup Cost": 0.00,"Total Cost": 1.31,"Plan Rows": 1,"Plan Width": 4,"Actual Startup Time": 0.067,"Actual Total Time": 0.098,"Actual Rows": 1,"Actual Loops": 1,"Filter": "(n_name = 'MOZAMBIQUE'::bpchar)","Rows Removed by Filter": 24},{"Node Type": "Bitmap Heap Scan","Parent Relationship": "Inner","Parallel Aware": false,"Async Capable": false,"Relation Name": "supplier","Alias": "supplier","Startup Cost": 7.38,"Total Cost": 239.27,"Plan Rows": 400,"Plan Width": 8,"Actual Startup Time": 0.220,"Actual Total Time": 2.658,"Actual Rows": 406,"Actual Loops": 1,"Recheck Cond": "(s_nationkey = nation.n_nationkey)","Rows Removed by Index Recheck": 0,"Exact Heap Blocks": 186,"Lossy Heap Blocks": 0,"Plans": [{"Node Type": "Bitmap Index Scan","Parent Relationship": "Outer","Parallel Aware": false,"Async Capable": false,"Index Name": "idx_supplier_nation_key","Startup Cost": 0.00,"Total Cost": 7.29,"Plan Rows": 400,"Plan Width": 0,"Actual Startup Time": 0.147,"Actual Total Time": 0.149,"Actual Rows": 406,"Actual Loops": 1,"Index Cond": "(s_nationkey = nation.n_nationkey)"}]}]},{"Node Type": "Index Scan","Parent Relationship": "Inner","Parallel Aware": false,"Async Capable": false,"Scan Direction": "Forward","Index Name": "idx_partsupp_suppkey","Relation Name": "partsupp","Alias": "partsupp","Startup Cost": 0.42,"Total Cost": 9.07,"Plan Rows": 80,"Plan Width": 18,"Actual Startup Time": 0.020,"Actual Total Time": 0.480,"Actual Rows": 80,"Actual Loops": 406,"Index Cond": "(ps_suppkey = supplier.s_suppkey)","Rows Removed by Index Recheck": 0}]}]}]},"Planning Time": 6.783,"Triggers": [],"Execution Time": 454.405}]
[{"Plan": {"Node Type": "Sort","Parallel Aware": false,"Async Capable": false,"Startup Cost": 10142.20,"Total Cost": 10168.87,"Plan Rows": 10667,"Plan Width": 36,"Actual Startup Time": 460.724,"Actual Total Time": 460.840,"Actual Rows": 741,"Actual Loops": 1,"Sort Key": ["(sum((partsupp.ps_supplycost * (partsupp.ps_availqty)::numeric))) DESC"],"Sort Method": "quicksort","Sort Space Used": 65,"Sort Space Type": "Memory","Plans": [{"Node Type": "Aggregate","Strategy": "Plain","Partial Mode": "Simple","Parent Relationship": "InitPlan","Subplan Name": "InitPlan 1 (returns $2)","Parallel Aware": false,"Async Capable": false,"Startup Cost": 4434.26,"Total Cost": 4434.27,"Plan Rows": 1,"Plan Width": 32,"Actual Startup Time": 132.110,"Actual Total Time": 132.136,"Actual Rows": 1,"Actual Loops": 1,"Plans": [{"Node Type": "Nested Loop","Parent Relationship": "Outer","Parallel Aware": false,"Async Capable": false,"Join Type": "Inner","Startup Cost": 7.81,"Total Cost": 4194.26,"Plan Rows": 32000,"Plan Width": 10,"Actual Startup Time": 0.212,"Actual Total Time": 124.425,"Actual Rows": 33680,"Actual Loops": 1,"Inner Unique": false,"Plans": [{"Node Type": "Nested Loop","Parent Relationship": "Outer","Parallel Aware": false,"Async Capable": false,"Join Type": "Inner","Startup Cost": 7.38,"Total Cost": 244.58,"Plan Rows": 400,"Plan Width": 4,"Actual Startup Time": 0.146,"Actual Total Time": 1.771,"Actual Rows": 421,"Actual Loops": 1,"Inner Unique": false,"Plans": [{"Node Type": "Seq Scan","Parent Relationship": "Outer","Parallel Aware": false,"Async Capable": false,"Relation Name": "nation","Alias": "nation_1","Startup Cost": 0.00,"Total Cost": 1.31,"Plan Rows": 1,"Plan Width": 4,"Actual Startup Time": 0.036,"Actual Total Time": 0.052,"Actual Rows": 1,"Actual Loops": 1,"Filter": "(n_name = 'PERU'::bpchar)","Rows Removed by Filter": 24},{"Node Type": "Bitmap Heap Scan","Parent Relationship": "Inner","Parallel Aware": false,"Async Capable": false,"Relation Name": "supplier","Alias": "supplier_1","Startup Cost": 7.38,"Total Cost": 239.27,"Plan Rows": 400,"Plan Width": 8,"Actual Startup Time": 0.097,"Actual Total Time": 1.663,"Actual Rows": 421,"Actual Loops": 1,"Recheck Cond": "(s_nationkey = nation_1.n_nationkey)","Rows Removed by Index Recheck": 0,"Exact Heap Blocks": 187,"Lossy Heap Blocks": 0,"Plans": [{"Node Type": "Bitmap Index Scan","Parent Relationship": "Outer","Parallel Aware": false,"Async Capable": false,"Index Name": "idx_supplier_nation_key","Startup Cost": 0.00,"Total Cost": 7.29,"Plan Rows": 400,"Plan Width": 0,"Actual Startup Time": 0.063,"Actual Total Time": 0.070,"Actual Rows": 421,"Actual Loops": 1,"Index Cond": "(s_nationkey = nation_1.n_nationkey)"}]}]},{"Node Type": "Index Scan","Parent Relationship": "Inner","Parallel Aware": false,"Async Capable": false,"Scan Direction": "Forward","Index Name": "idx_partsupp_suppkey","Relation Name": "partsupp","Alias": "partsupp_1","Startup Cost": 0.42,"Total Cost": 9.07,"Plan Rows": 80,"Plan Width": 14,"Actual Startup Time": 0.014,"Actual Total Time": 0.279,"Actual Rows": 80,"Actual Loops": 421,"Index Cond": "(ps_suppkey = supplier_1.s_suppkey)","Rows Removed by Index Recheck": 0}]}]},{"Node Type": "Aggregate","Strategy": "Hashed","Partial Mode": "Simple","Parent Relationship": "Outer","Parallel Aware": false,"Async Capable": false,"Startup Cost": 4514.26,"Total Cost": 4994.26,"Plan Rows": 10667,"Plan Width": 36,"Actual Startup Time": 384.508,"Actual Total Time": 460.301,"Actual Rows": 741,"Actual Loops": 1,"Group Key": ["partsupp.ps_partkey"],"Filter": "(sum((partsupp.ps_supplycost * (partsupp.ps_availqty)::numeric)) > $2)","Planned Partitions": 0,"HashAgg Batches": 1,"Peak Memory Usage": 17937,"Disk Usage": 0,"Rows Removed by Filter": 30846,"Plans": [{"Node Type": "Nested Loop","Parent Relationship": "Outer","Parallel Aware": false,"Async Capable": false,"Join Type": "Inner","Startup Cost": 7.81,"Total Cost": 4194.26,"Plan Rows": 32000,"Plan Width": 14,"Actual Startup Time": 0.389,"Actual Total Time": 205.243,"Actual Rows": 33680,"Actual Loops": 1,"Inner Unique": false,"Plans": [{"Node Type": "Nested Loop","Parent Relationship": "Outer","Parallel Aware": false,"Async Capable": false,"Join Type": "Inner","Startup Cost": 7.38,"Total Cost": 244.58,"Plan Rows": 400,"Plan Width": 4,"Actual Startup Time": 0.332,"Actual Total Time": 2.785,"Actual Rows": 421,"Actual Loops": 1,"Inner Unique": false,"Plans": [{"Node Type": "Seq Scan","Parent Relationship": "Outer","Parallel Aware": false,"Async Capable": false,"Relation Name": "nation","Alias": "nation","Startup Cost": 0.00,"Total Cost": 1.31,"Plan Rows": 1,"Plan Width": 4,"Actual Startup Time": 0.057,"Actual Total Time": 0.075,"Actual Rows": 1,"Actual Loops": 1,"Filter": "(n_name = 'PERU'::bpchar)","Rows Removed by Filter": 24},{"Node Type": "Bitmap Heap Scan","Parent Relationship": "Inner","Parallel Aware": false,"Async Capable": false,"Relation Name": "supplier","Alias": "supplier","Startup Cost": 7.38,"Total Cost": 239.27,"Plan Rows": 400,"Plan Width": 8,"Actual Startup Time": 0.270,"Actual Total Time": 2.660,"Actual Rows": 421,"Actual Loops": 1,"Recheck Cond": "(s_nationkey = nation.n_nationkey)","Rows Removed by Index Recheck": 0,"Exact Heap Blocks": 187,"Lossy Heap Blocks": 0,"Plans": [{"Node Type": "Bitmap Index Scan","Parent Relationship": "Outer","Parallel Aware": false,"Async Capable": false,"Index Name": "idx_supplier_nation_key","Startup Cost": 0.00,"Total Cost": 7.29,"Plan Rows": 400,"Plan Width": 0,"Actual Startup Time": 0.195,"Actual Total Time": 0.196,"Actual Rows": 421,"Actual Loops": 1,"Index Cond": "(s_nationkey = nation.n_nationkey)"}]}]},{"Node Type": "Index Scan","Parent Relationship": "Inner","Parallel Aware": false,"Async Capable": false,"Scan Direction": "Forward","Index Name": "idx_partsupp_suppkey","Relation Name": "partsupp","Alias": "partsupp","Startup Cost": 0.42,"Total Cost": 9.07,"Plan Rows": 80,"Plan Width": 18,"Actual Startup Time": 0.018,"Actual Total Time": 0.469,"Actual Rows": 80,"Actual Loops": 421,"Index Cond": "(ps_suppkey = supplier.s_suppkey)","Rows Removed by Index Recheck": 0}]}]}]},"Planning Time": 6.964,"Triggers": [],"Execution Time": 464.153}]
[{"Plan": {"Node Type": "Sort","Parallel Aware": false,"Async Capable": false,"Startup Cost": 10142.20,"Total Cost": 10168.87,"Plan Rows": 10667,"Plan Width": 36,"Actual Startup Time": 443.389,"Actual Total Time": 443.514,"Actual Rows": 1031,"Actual Loops": 1,"Sort Key": ["(sum((partsupp.ps_supplycost * (partsupp.ps_availqty)::numeric))) DESC"],"Sort Method": "quicksort","Sort Space Used": 105,"Sort Space Type": "Memory","Plans": [{"Node Type": "Aggregate","Strategy": "Plain","Partial Mode": "Simple","Parent Relationship": "InitPlan","Subplan Name": "InitPlan 1 (returns $2)","Parallel Aware": false,"Async Capable": false,"Startup Cost": 4434.26,"Total Cost": 4434.27,"Plan Rows": 1,"Plan Width": 32,"Actual Startup Time": 132.940,"Actual Total Time": 132.957,"Actual Rows": 1,"Actual Loops": 1,"Plans": [{"Node Type": "Nested Loop","Parent Relationship": "Outer","Parallel Aware": false,"Async Capable": false,"Join Type": "Inner","Startup Cost": 7.81,"Total Cost": 4194.26,"Plan Rows": 32000,"Plan Width": 10,"Actual Startup Time": 0.263,"Actual Total Time": 125.681,"Actual Rows": 31440,"Actual Loops": 1,"Inner Unique": false,"Plans": [{"Node Type": "Nested Loop","Parent Relationship": "Outer","Parallel Aware": false,"Async Capable": false,"Join Type": "Inner","Startup Cost": 7.38,"Total Cost": 244.58,"Plan Rows": 400,"Plan Width": 4,"Actual Startup Time": 0.205,"Actual Total Time": 1.775,"Actual Rows": 393,"Actual Loops": 1,"Inner Unique": false,"Plans": [{"Node Type": "Seq Scan","Parent Relationship": "Outer","Parallel Aware": false,"Async Capable": false,"Relation Name": "nation","Alias": "nation_1","Startup Cost": 0.00,"Total Cost": 1.31,"Plan Rows": 1,"Plan Width": 4,"Actual Startup Time": 0.056,"Actual Total Time": 0.062,"Actual Rows": 1,"Actual Loops": 1,"Filter": "(n_name = 'UNITED STATES'::bpchar)","Rows Removed by Filter": 24},{"Node Type": "Bitmap Heap Scan","Parent Relationship": "Inner","Parallel Aware": false,"Async Capable": false,"Relation Name": "supplier","Alias": "supplier_1","Startup Cost": 7.38,"Total Cost": 239.27,"Plan Rows": 400,"Plan Width": 8,"Actual Startup Time": 0.126,"Actual Total Time": 1.648,"Actual Rows": 393,"Actual Loops": 1,"Recheck Cond": "(s_nationkey = nation_1.n_nationkey)","Rows Removed by Index Recheck": 0,"Exact Heap Blocks": 181,"Lossy Heap Blocks": 0,"Plans": [{"Node Type": "Bitmap Index Scan","Parent Relationship": "Outer","Parallel Aware": false,"Async Capable": false,"Index Name": "idx_supplier_nation_key","Startup Cost": 0.00,"Total Cost": 7.29,"Plan Rows": 400,"Plan Width": 0,"Actual Startup Time": 0.087,"Actual Total Time": 0.091,"Actual Rows": 393,"Actual Loops": 1,"Index Cond": "(s_nationkey = nation_1.n_nationkey)"}]}]},{"Node Type": "Index Scan","Parent Relationship": "Inner","Parallel Aware": false,"Async Capable": false,"Scan Direction": "Forward","Index Name": "idx_partsupp_suppkey","Relation Name": "partsupp","Alias": "partsupp_1","Startup Cost": 0.42,"Total Cost": 9.07,"Plan Rows": 80,"Plan Width": 14,"Actual Startup Time": 0.015,"Actual Total Time": 0.303,"Actual Rows": 80,"Actual Loops": 393,"Index Cond": "(ps_suppkey = supplier_1.s_suppkey)","Rows Removed by Index Recheck": 0}]}]},{"Node Type": "Aggregate","Strategy": "Hashed","Partial Mode": "Simple","Parent Relationship": "Outer","Parallel Aware": false,"Async Capable": false,"Startup Cost": 4514.26,"Total Cost": 4994.26,"Plan Rows": 10667,"Plan Width": 36,"Actual Startup Time": 371.004,"Actual Total Time": 442.894,"Actual Rows": 1031,"Actual Loops": 1,"Group Key": ["partsupp.ps_partkey"],"Filter": "(sum((partsupp.ps_supplycost * (partsupp.ps_availqty)::numeric)) > $2)","Planned Partitions": 0,"HashAgg Batches": 1,"Peak Memory Usage": 17937,"Disk Usage": 0,"Rows Removed by Filter": 28434,"Plans": [{"Node Type": "Nested Loop","Parent Relationship": "Outer","Parallel Aware": false,"Async Capable": false,"Join Type": "Inner","Startup Cost": 7.81,"Total Cost": 4194.26,"Plan Rows": 32000,"Plan Width": 14,"Actual Startup Time": 0.317,"Actual Total Time": 191.179,"Actual Rows": 31440,"Actual Loops": 1,"Inner Unique": false,"Plans": [{"Node Type": "Nested Loop","Parent Relationship": "Outer","Parallel Aware": false,"Async Capable": false,"Join Type": "Inner","Startup Cost": 7.38,"Total Cost": 244.58,"Plan Rows": 400,"Plan Width": 4,"Actual Startup Time": 0.258,"Actual Total Time": 2.692,"Actual Rows": 393,"Actual Loops": 1,"Inner Unique": false,"Plans": [{"Node Type": "Seq Scan","Parent Relationship": "Outer","Parallel Aware": false,"Async Capable": false,"Relation Name": "nation","Alias": "nation","Startup Cost": 0.00,"Total Cost": 1.31,"Plan Rows": 1,"Plan Width": 4,"Actual Startup Time": 0.065,"Actual Total Time": 0.076,"Actual Rows": 1,"Actual Loops": 1,"Filter": "(n_name = 'UNITED STATES'::bpchar)","Rows Removed by Filter": 24},{"Node Type": "Bitmap Heap Scan","Parent Relationship": "Inner","Parallel Aware": false,"Async Capable": false,"Relation Name": "supplier","Alias": "supplier","Startup Cost": 7.38,"Total Cost": 239.27,"Plan Rows": 400,"Plan Width": 8,"Actual Startup Time": 0.185,"Actual Total Time": 2.562,"Actual Rows": 393,"Actual Loops": 1,"Recheck Cond": "(s_nationkey = nation.n_nationkey)","Rows Removed by Index Recheck": 0,"Exact Heap Blocks": 181,"Lossy Heap Blocks": 0,"Plans": [{"Node Type": "Bitmap Index Scan","Parent Relationship": "Outer","Parallel Aware": false,"Async Capable": false,"Index Name": "idx_supplier_nation_key","Startup Cost": 0.00,"Total Cost": 7.29,"Plan Rows": 400,"Plan Width": 0,"Actual Startup Time": 0.119,"Actual Total Time": 0.122,"Actual Rows": 393,"Actual Loops": 1,"Index Cond": "(s_nationkey = nation.n_nationkey)"}]}]},{"Node Type": "Index Scan","Parent Relationship": "Inner","Parallel Aware": false,"Async Capable": false,"Scan Direction": "Forward","Index Name": "idx_partsupp_suppkey","Relation Name": "partsupp","Alias": "partsupp","Startup Cost": 0.42,"Total Cost": 9.07,"Plan Rows": 80,"Plan Width": 18,"Actual Startup Time": 0.020,"Actual Total Time": 0.468,"Actual Rows": 80,"Actual Loops": 393,"Index Cond": "(ps_suppkey = supplier.s_suppkey)","Rows Removed by Index Recheck": 0}]}]}]},"Planning Time": 7.102,"Triggers": [],"Execution Time": 445.930}]
[{"Plan": {"Node Type": "Sort","Parallel Aware": false,"Async Capable": false,"Startup Cost": 10142.20,"Total Cost": 10168.87,"Plan Rows": 10667,"Plan Width": 36,"Actual Startup Time": 427.455,"Actual Total Time": 427.551,"Actual Rows": 1289,"Actual Loops": 1,"Sort Key": ["(sum((partsupp.ps_supplycost * (partsupp.ps_availqty)::numeric))) DESC"],"Sort Method": "quicksort","Sort Space Used": 119,"Sort Space Type": "Memory","Plans": [{"Node Type": "Aggregate","Strategy": "Plain","Partial Mode": "Simple","Parent Relationship": "InitPlan","Subplan Name": "InitPlan 1 (returns $2)","Parallel Aware": false,"Async Capable": false,"Startup Cost": 4434.26,"Total Cost": 4434.27,"Plan Rows": 1,"Plan Width": 32,"Actual Startup Time": 127.032,"Actual Total Time": 127.034,"Actual Rows": 1,"Actual Loops": 1,"Plans": [{"Node Type": "Nested Loop","Parent Relationship": "Outer","Parallel Aware": false,"Async Capable": false,"Join Type": "Inner","Startup Cost": 7.81,"Total Cost": 4194.26,"Plan Rows": 32000,"Plan Width": 10,"Actual Startup Time": 0.214,"Actual Total Time": 120.104,"Actual Rows": 29840,"Actual Loops": 1,"Inner Unique": false,"Plans": [{"Node Type": "Nested Loop","Parent Relationship": "Outer","Parallel Aware": false,"Async Capable": false,"Join Type": "Inner","Startup Cost": 7.38,"Total Cost": 244.58,"Plan Rows": 400,"Plan Width": 4,"Actual Startup Time": 0.166,"Actual Total Time": 1.626,"Actual Rows": 373,"Actual Loops": 1,"Inner Unique": false,"Plans": [{"Node Type": "Seq Scan","Parent Relationship": "Outer","Parallel Aware": false,"Async Capable": false,"Relation Name": "nation","Alias": "nation_1","Startup Cost": 0.00,"Total Cost": 1.31,"Plan Rows": 1,"Plan Width": 4,"Actual Startup Time": 0.026,"Actual Total Time": 0.048,"Actual Rows": 1,"Actual Loops": 1,"Filter": "(n_name = 'MOROCCO'::bpchar)","Rows Removed by Filter": 24},{"Node Type": "Bitmap Heap Scan","Parent Relationship": "Inner","Parallel Aware": false,"Async Capable": false,"Relation Name": "supplier","Alias": "supplier_1","Startup Cost": 7.38,"Total Cost": 239.27,"Plan Rows": 400,"Plan Width": 8,"Actual Startup Time": 0.118,"Actual Total Time": 1.519,"Actual Rows": 373,"Actual Loops": 1,"Recheck Cond": "(s_nationkey = nation_1.n_nationkey)","Rows Removed by Index Recheck": 0,"Exact Heap Blocks": 180,"Lossy Heap Blocks": 0,"Plans": [{"Node Type": "Bitmap Index Scan","Parent Relationship": "Outer","Parallel Aware": false,"Async Capable": false,"Index Name": "idx_supplier_nation_key","Startup Cost": 0.00,"Total Cost": 7.29,"Plan Rows": 400,"Plan Width": 0,"Actual Startup Time": 0.076,"Actual Total Time": 0.076,"Actual Rows": 373,"Actual Loops": 1,"Index Cond": "(s_nationkey = nation_1.n_nationkey)"}]}]},{"Node Type": "Index Scan","Parent Relationship": "Inner","Parallel Aware": false,"Async Capable": false,"Scan Direction": "Forward","Index Name": "idx_partsupp_suppkey","Relation Name": "partsupp","Alias": "partsupp_1","Startup Cost": 0.42,"Total Cost": 9.07,"Plan Rows": 80,"Plan Width": 14,"Actual Startup Time": 0.015,"Actual Total Time": 0.305,"Actual Rows": 80,"Actual Loops": 373,"Index Cond": "(ps_suppkey = supplier_1.s_suppkey)","Rows Removed by Index Recheck": 0}]}]},{"Node Type": "Aggregate","Strategy": "Hashed","Partial Mode": "Simple","Parent Relationship": "Outer","Parallel Aware": false,"Async Capable": false,"Startup Cost": 4514.26,"Total Cost": 4994.26,"Plan Rows": 10667,"Plan Width": 36,"Actual Startup Time": 361.188,"Actual Total Time": 426.914,"Actual Rows": 1289,"Actual Loops": 1,"Group Key": ["partsupp.ps_partkey"],"Filter": "(sum((partsupp.ps_supplycost * (partsupp.ps_availqty)::numeric)) > $2)","Planned Partitions": 0,"HashAgg Batches": 1,"Peak Memory Usage": 17937,"Disk Usage": 0,"Rows Removed by Filter": 26965,"Plans": [{"Node Type": "Nested Loop","Parent Relationship": "Outer","Parallel Aware": false,"Async Capable": false,"Join Type": "Inner","Startup Cost": 7.81,"Total Cost": 4194.26,"Plan Rows": 32000,"Plan Width": 14,"Actual Startup Time": 0.390,"Actual Total Time": 190.362,"Actual Rows": 29840,"Actual Loops": 1,"Inner Unique": false,"Plans": [{"Node Type": "Nested Loop","Parent Relationship": "Outer","Parallel Aware": false,"Async Capable": false,"Join Type": "Inner","Startup Cost": 7.38,"Total Cost": 244.58,"Plan Rows": 400,"Plan Width": 4,"Actual Startup Time": 0.321,"Actual Total Time": 2.795,"Actual Rows": 373,"Actual Loops": 1,"Inner Unique": false,"Plans": [{"Node Type": "Seq Scan","Parent Relationship": "Outer","Parallel Aware": false,"Async Capable": false,"Relation Name": "nation","Alias": "nation","Startup Cost": 0.00,"Total Cost": 1.31,"Plan Rows": 1,"Plan Width": 4,"Actual Startup Time": 0.071,"Actual Total Time": 0.095,"Actual Rows": 1,"Actual Loops": 1,"Filter": "(n_name = 'MOROCCO'::bpchar)","Rows Removed by Filter": 24},{"Node Type": "Bitmap Heap Scan","Parent Relationship": "Inner","Parallel Aware": false,"Async Capable": false,"Relation Name": "supplier","Alias": "supplier","Startup Cost": 7.38,"Total Cost": 239.27,"Plan Rows": 400,"Plan Width": 8,"Actual Startup Time": 0.245,"Actual Total Time": 2.650,"Actual Rows": 373,"Actual Loops": 1,"Recheck Cond": "(s_nationkey = nation.n_nationkey)","Rows Removed by Index Recheck": 0,"Exact Heap Blocks": 180,"Lossy Heap Blocks": 0,"Plans": [{"Node Type": "Bitmap Index Scan","Parent Relationship": "Outer","Parallel Aware": false,"Async Capable": false,"Index Name": "idx_supplier_nation_key","Startup Cost": 0.00,"Total Cost": 7.29,"Plan Rows": 400,"Plan Width": 0,"Actual Startup Time": 0.159,"Actual Total Time": 0.159,"Actual Rows": 373,"Actual Loops": 1,"Index Cond": "(s_nationkey = nation.n_nationkey)"}]}]},{"Node Type": "Index Scan","Parent Relationship": "Inner","Parallel Aware": false,"Async Capable": false,"Scan Direction": "Forward","Index Name": "idx_partsupp_suppkey","Relation Name": "partsupp","Alias": "partsupp","Startup Cost": 0.42,"Total Cost": 9.07,"Plan Rows": 80,"Plan Width": 18,"Actual Startup Time": 0.021,"Actual Total Time": 0.491,"Actual Rows": 80,"Actual Loops": 373,"Index Cond": "(ps_suppkey = supplier.s_suppkey)","Rows Removed by Index Recheck": 0}]}]}]},"Planning Time": 6.174,"Triggers": [],"Execution Time": 430.247}]
[{"Plan": {"Node Type": "Sort","Parallel Aware": false,"Async Capable": false,"Startup Cost": 10142.20,"Total Cost": 10168.87,"Plan Rows": 10667,"Plan Width": 36,"Actual Startup Time": 427.455,"Actual Total Time": 427.551,"Actual Rows": 1289,"Actual Loops": 1,"Sort Key": ["(sum((partsupp.ps_supplycost * (partsupp.ps_availqty)::numeric))) DESC"],"Sort Method": "quicksort","Sort Space Used": 119,"Sort Space Type": "Memory","Plans": [{"Node Type": "Aggregate","Strategy": "Plain","Partial Mode": "Simple","Parent Relationship": "InitPlan","Subplan Name": "InitPlan 1 (returns $2)","Parallel Aware": false,"Async Capable": false,"Startup Cost": 4434.26,"Total Cost": 4434.27,"Plan Rows": 1,"Plan Width": 32,"Actual Startup Time": 127.032,"Actual Total Time": 127.034,"Actual Rows": 1,"Actual Loops": 1,"Plans": [{"Node Type": "Nested Loop","Parent Relationship": "Outer","Parallel Aware": false,"Async Capable": false,"Join Type": "Inner","Startup Cost": 7.81,"Total Cost": 4194.26,"Plan Rows": 32000,"Plan Width": 10,"Actual Startup Time": 0.214,"Actual Total Time": 120.104,"Actual Rows": 29840,"Actual Loops": 1,"Inner Unique": false,"Plans": [{"Node Type": "Nested Loop","Parent Relationship": "Outer","Parallel Aware": false,"Async Capable": false,"Join Type": "Inner","Startup Cost": 7.38,"Total Cost": 244.58,"Plan Rows": 400,"Plan Width": 4,"Actual Startup Time": 0.166,"Actual Total Time": 1.626,"Actual Rows": 373,"Actual Loops": 1,"Inner Unique": false,"Plans": [{"Node Type": "Seq Scan","Parent Relationship": "Outer","Parallel Aware": false,"Async Capable": false,"Relation Name": "nation","Alias": "nation_1","Startup Cost": 0.00,"Total Cost": 1.31,"Plan Rows": 1,"Plan Width": 4,"Actual Startup Time": 0.026,"Actual Total Time": 0.048,"Actual Rows": 1,"Actual Loops": 1,"Filter": "(n_name = 'MOROCCO'::bpchar)","Rows Removed by Filter": 24},{"Node Type": "Bitmap Heap Scan","Parent Relationship": "Inner","Parallel Aware": false,"Async Capable": false,"Relation Name": "supplier","Alias": "supplier_1","Startup Cost": 7.38,"Total Cost": 239.27,"Plan Rows": 400,"Plan Width": 8,"Actual Startup Time": 0.118,"Actual Total Time": 1.519,"Actual Rows": 373,"Actual Loops": 1,"Recheck Cond": "(s_nationkey = nation_1.n_nationkey)","Rows Removed by Index Recheck": 0,"Exact Heap Blocks": 180,"Lossy Heap Blocks": 0,"Plans": [{"Node Type": "Bitmap Index Scan","Parent Relationship": "Outer","Parallel Aware": false,"Async Capable": false,"Index Name": "idx_supplier_nation_key","Startup Cost": 0.00,"Total Cost": 7.29,"Plan Rows": 400,"Plan Width": 0,"Actual Startup Time": 0.076,"Actual Total Time": 0.076,"Actual Rows": 373,"Actual Loops": 1,"Index Cond": "(s_nationkey = nation_1.n_nationkey)"}]}]},{"Node Type": "Index Scan","Parent Relationship": "Inner","Parallel Aware": false,"Async Capable": false,"Scan Direction": "Forward","Index Name": "idx_partsupp_suppkey","Relation Name": "partsupp","Alias": "partsupp_1","Startup Cost": 0.42,"Total Cost": 9.07,"Plan Rows": 80,"Plan Width": 14,"Actual Startup Time": 0.015,"Actual Total Time": 0.305,"Actual Rows": 80,"Actual Loops": 373,"Index Cond": "(ps_suppkey = supplier_1.s_suppkey)","Rows Removed by Index Recheck": 0}]}]},{"Node Type": "Aggregate","Strategy": "Hashed","Partial Mode": "Simple","Parent Relationship": "Outer","Parallel Aware": false,"Async Capable": false,"Startup Cost": 4514.26,"Total Cost": 4994.26,"Plan Rows": 10667,"Plan Width": 36,"Actual Startup Time": 361.188,"Actual Total Time": 426.914,"Actual Rows": 1289,"Actual Loops": 1,"Group Key": ["partsupp.ps_partkey"],"Filter": "(sum((partsupp.ps_supplycost * (partsupp.ps_availqty)::numeric)) > $2)","Planned Partitions": 0,"HashAgg Batches": 1,"Peak Memory Usage": 17937,"Disk Usage": 0,"Rows Removed by Filter": 26965,"Plans": [{"Node Type": "Nested Loop","Parent Relationship": "Outer","Parallel Aware": false,"Async Capable": false,"Join Type": "Inner","Startup Cost": 7.81,"Total Cost": 4194.26,"Plan Rows": 32000,"Plan Width": 14,"Actual Startup Time": 0.390,"Actual Total Time": 190.362,"Actual Rows": 29840,"Actual Loops": 1,"Inner Unique": false,"Plans": [{"Node Type": "Nested Loop","Parent Relationship": "Outer","Parallel Aware": false,"Async Capable": false,"Join Type": "Inner","Startup Cost": 7.38,"Total Cost": 244.58,"Plan Rows": 400,"Plan Width": 4,"Actual Startup Time": 0.321,"Actual Total Time": 2.795,"Actual Rows": 373,"Actual Loops": 1,"Inner Unique": false,"Plans": [{"Node Type": "Seq Scan","Parent Relationship": "Outer","Parallel Aware": false,"Async Capable": false,"Relation Name": "nation","Alias": "nation","Startup Cost": 0.00,"Total Cost": 1.31,"Plan Rows": 1,"Plan Width": 4,"Actual Startup Time": 0.071,"Actual Total Time": 0.095,"Actual Rows": 1,"Actual Loops": 1,"Filter": "(n_name = 'MOROCCO'::bpchar)","Rows Removed by Filter": 24},{"Node Type": "Bitmap Heap Scan","Parent Relationship": "Inner","Parallel Aware": false,"Async Capable": false,"Relation Name": "supplier","Alias": "supplier","Startup Cost": 7.38,"Total Cost": 239.27,"Plan Rows": 400,"Plan Width": 8,"Actual Startup Time": 0.245,"Actual Total Time": 2.650,"Actual Rows": 373,"Actual Loops": 1,"Recheck Cond": "(s_nationkey = nation.n_nationkey)","Rows Removed by Index Recheck": 0,"Exact Heap Blocks": 180,"Lossy Heap Blocks": 0,"Plans": [{"Node Type": "Bitmap Index Scan","Parent Relationship": "Outer","Parallel Aware": false,"Async Capable": false,"Index Name": "idx_supplier_nation_key","Startup Cost": 0.00,"Total Cost": 7.29,"Plan Rows": 400,"Plan Width": 0,"Actual Startup Time": 0.159,"Actual Total Time": 0.159,"Actual Rows": 373,"Actual Loops": 1,"Index Cond": "(s_nationkey = nation.n_nationkey)"}]}]},{"Node Type": "Index Scan","Parent Relationship": "Inner","Parallel Aware": false,"Async Capable": false,"Scan Direction": "Forward","Index Name": "idx_partsupp_suppkey","Relation Name": "partsupp","Alias": "partsupp","Startup Cost": 0.42,"Total Cost": 9.07,"Plan Rows": 80,"Plan Width": 18,"Actual Startup Time": 0.021,"Actual Total Time": 0.491,"Actual Rows": 80,"Actual Loops": 373,"Index Cond": "(ps_suppkey = supplier.s_suppkey)","Rows Removed by Index Recheck": 0}]}]}]},"Planning Time": 6.174,"Triggers": [],"Execution Time": 430.247}]
[{"Plan": {"Node Type": "Sort","Parallel Aware": false,"Async Capable": false,"Startup Cost": 10142.20,"Total Cost": 10168.87,"Plan Rows": 10667,"Plan Width": 36,"Actual Startup Time": 438.718,"Actual Total Time": 438.846,"Actual Rows": 919,"Actual Loops": 1,"Sort Key": ["(sum((partsupp.ps_supplycost * (partsupp.ps_availqty)::numeric))) DESC"],"Sort Method": "quicksort","Sort Space Used": 75,"Sort Space Type": "Memory","Plans": [{"Node Type": "Aggregate","Strategy": "Plain","Partial Mode": "Simple","Parent Relationship": "InitPlan","Subplan Name": "InitPlan 1 (returns $2)","Parallel Aware": false,"Async Capable": false,"Startup Cost": 4434.26,"Total Cost": 4434.27,"Plan Rows": 1,"Plan Width": 32,"Actual Startup Time": 130.550,"Actual Total Time": 130.572,"Actual Rows": 1,"Actual Loops": 1,"Plans": [{"Node Type": "Nested Loop","Parent Relationship": "Outer","Parallel Aware": false,"Async Capable": false,"Join Type": "Inner","Startup Cost": 7.81,"Total Cost": 4194.26,"Plan Rows": 32000,"Plan Width": 10,"Actual Startup Time": 0.239,"Actual Total Time": 123.231,"Actual Rows": 32080,"Actual Loops": 1,"Inner Unique": false,"Plans": [{"Node Type": "Nested Loop","Parent Relationship": "Outer","Parallel Aware": false,"Async Capable": false,"Join Type": "Inner","Startup Cost": 7.38,"Total Cost": 244.58,"Plan Rows": 400,"Plan Width": 4,"Actual Startup Time": 0.189,"Actual Total Time": 1.751,"Actual Rows": 401,"Actual Loops": 1,"Inner Unique": false,"Plans": [{"Node Type": "Seq Scan","Parent Relationship": "Outer","Parallel Aware": false,"Async Capable": false,"Relation Name": "nation","Alias": "nation_1","Startup Cost": 0.00,"Total Cost": 1.31,"Plan Rows": 1,"Plan Width": 4,"Actual Startup Time": 0.044,"Actual Total Time": 0.061,"Actual Rows": 1,"Actual Loops": 1,"Filter": "(n_name = 'RUSSIA'::bpchar)","Rows Removed by Filter": 24},{"Node Type": "Bitmap Heap Scan","Parent Relationship": "Inner","Parallel Aware": false,"Async Capable": false,"Relation Name": "supplier","Alias": "supplier_1","Startup Cost": 7.38,"Total Cost": 239.27,"Plan Rows": 400,"Plan Width": 8,"Actual Startup Time": 0.130,"Actual Total Time": 1.632,"Actual Rows": 401,"Actual Loops": 1,"Recheck Cond": "(s_nationkey = nation_1.n_nationkey)","Rows Removed by Index Recheck": 0,"Exact Heap Blocks": 180,"Lossy Heap Blocks": 0,"Plans": [{"Node Type": "Bitmap Index Scan","Parent Relationship": "Outer","Parallel Aware": false,"Async Capable": false,"Index Name": "idx_supplier_nation_key","Startup Cost": 0.00,"Total Cost": 7.29,"Plan Rows": 400,"Plan Width": 0,"Actual Startup Time": 0.092,"Actual Total Time": 0.094,"Actual Rows": 401,"Actual Loops": 1,"Index Cond": "(s_nationkey = nation_1.n_nationkey)"}]}]},{"Node Type": "Index Scan","Parent Relationship": "Inner","Parallel Aware": false,"Async Capable": false,"Scan Direction": "Forward","Index Name": "idx_partsupp_suppkey","Relation Name": "partsupp","Alias": "partsupp_1","Startup Cost": 0.42,"Total Cost": 9.07,"Plan Rows": 80,"Plan Width": 14,"Actual Startup Time": 0.014,"Actual Total Time": 0.291,"Actual Rows": 80,"Actual Loops": 401,"Index Cond": "(ps_suppkey = supplier_1.s_suppkey)","Rows Removed by Index Recheck": 0}]}]},{"Node Type": "Aggregate","Strategy": "Hashed","Partial Mode": "Simple","Parent Relationship": "Outer","Parallel Aware": false,"Async Capable": false,"Startup Cost": 4514.26,"Total Cost": 4994.26,"Plan Rows": 10667,"Plan Width": 36,"Actual Startup Time": 367.075,"Actual Total Time": 438.260,"Actual Rows": 919,"Actual Loops": 1,"Group Key": ["partsupp.ps_partkey"],"Filter": "(sum((partsupp.ps_supplycost * (partsupp.ps_availqty)::numeric)) > $2)","Planned Partitions": 0,"HashAgg Batches": 1,"Peak Memory Usage": 17937,"Disk Usage": 0,"Rows Removed by Filter": 29289,"Plans": [{"Node Type": "Nested Loop","Parent Relationship": "Outer","Parallel Aware": false,"Async Capable": false,"Join Type": "Inner","Startup Cost": 7.81,"Total Cost": 4194.26,"Plan Rows": 32000,"Plan Width": 14,"Actual Startup Time": 0.388,"Actual Total Time": 194.500,"Actual Rows": 32080,"Actual Loops": 1,"Inner Unique": false,"Plans": [{"Node Type": "Nested Loop","Parent Relationship": "Outer","Parallel Aware": false,"Async Capable": false,"Join Type": "Inner","Startup Cost": 7.38,"Total Cost": 244.58,"Plan Rows": 400,"Plan Width": 4,"Actual Startup Time": 0.281,"Actual Total Time": 2.675,"Actual Rows": 401,"Actual Loops": 1,"Inner Unique": false,"Plans": [{"Node Type": "Seq Scan","Parent Relationship": "Outer","Parallel Aware": false,"Async Capable": false,"Relation Name": "nation","Alias": "nation","Startup Cost": 0.00,"Total Cost": 1.31,"Plan Rows": 1,"Plan Width": 4,"Actual Startup Time": 0.057,"Actual Total Time": 0.080,"Actual Rows": 1,"Actual Loops": 1,"Filter": "(n_name = 'RUSSIA'::bpchar)","Rows Removed by Filter": 24},{"Node Type": "Bitmap Heap Scan","Parent Relationship": "Inner","Parallel Aware": false,"Async Capable": false,"Relation Name": "supplier","Alias": "supplier","Startup Cost": 7.38,"Total Cost": 239.27,"Plan Rows": 400,"Plan Width": 8,"Actual Startup Time": 0.220,"Actual Total Time": 2.546,"Actual Rows": 401,"Actual Loops": 1,"Recheck Cond": "(s_nationkey = nation.n_nationkey)","Rows Removed by Index Recheck": 0,"Exact Heap Blocks": 180,"Lossy Heap Blocks": 0,"Plans": [{"Node Type": "Bitmap Index Scan","Parent Relationship": "Outer","Parallel Aware": false,"Async Capable": false,"Index Name": "idx_supplier_nation_key","Startup Cost": 0.00,"Total Cost": 7.29,"Plan Rows": 400,"Plan Width": 0,"Actual Startup Time": 0.151,"Actual Total Time": 0.154,"Actual Rows": 401,"Actual Loops": 1,"Index Cond": "(s_nationkey = nation.n_nationkey)"}]}]},{"Node Type": "Index Scan","Parent Relationship": "Inner","Parallel Aware": false,"Async Capable": false,"Scan Direction": "Forward","Index Name": "idx_partsupp_suppkey","Relation Name": "partsupp","Alias": "partsupp","Startup Cost": 0.42,"Total Cost": 9.07,"Plan Rows": 80,"Plan Width": 18,"Actual Startup Time": 0.018,"Actual Total Time": 0.467,"Actual Rows": 80,"Actual Loops": 401,"Index Cond": "(ps_suppkey = supplier.s_suppkey)","Rows Removed by Index Recheck": 0}]}]}]},"Planning Time": 6.216,"Triggers": [],"Execution Time": 442.343}]
[{"Plan": {"Node Type": "Sort","Parallel Aware": false,"Async Capable": false,"Startup Cost": 10142.20,"Total Cost": 10168.87,"Plan Rows": 10667,"Plan Width": 36,"Actual Startup Time": 433.392,"Actual Total Time": 433.521,"Actual Rows": 1062,"Actual Loops": 1,"Sort Key": ["(sum((partsupp.ps_supplycost * (partsupp.ps_availqty)::numeric))) DESC"],"Sort Method": "quicksort","Sort Space Used": 107,"Sort Space Type": "Memory","Plans": [{"Node Type": "Aggregate","Strategy": "Plain","Partial Mode": "Simple","Parent Relationship": "InitPlan","Subplan Name": "InitPlan 1 (returns $2)","Parallel Aware": false,"Async Capable": false,"Startup Cost": 4434.26,"Total Cost": 4434.27,"Plan Rows": 1,"Plan Width": 32,"Actual Startup Time": 125.971,"Actual Total Time": 125.990,"Actual Rows": 1,"Actual Loops": 1,"Plans": [{"Node Type": "Nested Loop","Parent Relationship": "Outer","Parallel Aware": false,"Async Capable": false,"Join Type": "Inner","Startup Cost": 7.81,"Total Cost": 4194.26,"Plan Rows": 32000,"Plan Width": 10,"Actual Startup Time": 0.203,"Actual Total Time": 118.781,"Actual Rows": 31440,"Actual Loops": 1,"Inner Unique": false,"Plans": [{"Node Type": "Nested Loop","Parent Relationship": "Outer","Parallel Aware": false,"Async Capable": false,"Join Type": "Inner","Startup Cost": 7.38,"Total Cost": 244.58,"Plan Rows": 400,"Plan Width": 4,"Actual Startup Time": 0.157,"Actual Total Time": 1.656,"Actual Rows": 393,"Actual Loops": 1,"Inner Unique": false,"Plans": [{"Node Type": "Seq Scan","Parent Relationship": "Outer","Parallel Aware": false,"Async Capable": false,"Relation Name": "nation","Alias": "nation_1","Startup Cost": 0.00,"Total Cost": 1.31,"Plan Rows": 1,"Plan Width": 4,"Actual Startup Time": 0.034,"Actual Total Time": 0.054,"Actual Rows": 1,"Actual Loops": 1,"Filter": "(n_name = 'IRAN'::bpchar)","Rows Removed by Filter": 24},{"Node Type": "Bitmap Heap Scan","Parent Relationship": "Inner","Parallel Aware": false,"Async Capable": false,"Relation Name": "supplier","Alias": "supplier_1","Startup Cost": 7.38,"Total Cost": 239.27,"Plan Rows": 400,"Plan Width": 8,"Actual Startup Time": 0.107,"Actual Total Time": 1.545,"Actual Rows": 393,"Actual Loops": 1,"Recheck Cond": "(s_nationkey = nation_1.n_nationkey)","Rows Removed by Index Recheck": 0,"Exact Heap Blocks": 179,"Lossy Heap Blocks": 0,"Plans": [{"Node Type": "Bitmap Index Scan","Parent Relationship": "Outer","Parallel Aware": false,"Async Capable": false,"Index Name": "idx_supplier_nation_key","Startup Cost": 0.00,"Total Cost": 7.29,"Plan Rows": 400,"Plan Width": 0,"Actual Startup Time": 0.076,"Actual Total Time": 0.080,"Actual Rows": 393,"Actual Loops": 1,"Index Cond": "(s_nationkey = nation_1.n_nationkey)"}]}]},{"Node Type": "Index Scan","Parent Relationship": "Inner","Parallel Aware": false,"Async Capable": false,"Scan Direction": "Forward","Index Name": "idx_partsupp_suppkey","Relation Name": "partsupp","Alias": "partsupp_1","Startup Cost": 0.42,"Total Cost": 9.07,"Plan Rows": 80,"Plan Width": 14,"Actual Startup Time": 0.014,"Actual Total Time": 0.286,"Actual Rows": 80,"Actual Loops": 393,"Index Cond": "(ps_suppkey = supplier_1.s_suppkey)","Rows Removed by Index Recheck": 0}]}]},{"Node Type": "Aggregate","Strategy": "Hashed","Partial Mode": "Simple","Parent Relationship": "Outer","Parallel Aware": false,"Async Capable": false,"Startup Cost": 4514.26,"Total Cost": 4994.26,"Plan Rows": 10667,"Plan Width": 36,"Actual Startup Time": 362.794,"Actual Total Time": 432.898,"Actual Rows": 1062,"Actual Loops": 1,"Group Key": ["partsupp.ps_partkey"],"Filter": "(sum((partsupp.ps_supplycost * (partsupp.ps_availqty)::numeric)) > $2)","Planned Partitions": 0,"HashAgg Batches": 1,"Peak Memory Usage": 17937,"Disk Usage": 0,"Rows Removed by Filter": 28595,"Plans": [{"Node Type": "Nested Loop","Parent Relationship": "Outer","Parallel Aware": false,"Async Capable": false,"Join Type": "Inner","Startup Cost": 7.81,"Total Cost": 4194.26,"Plan Rows": 32000,"Plan Width": 14,"Actual Startup Time": 0.338,"Actual Total Time": 194.810,"Actual Rows": 31440,"Actual Loops": 1,"Inner Unique": false,"Plans": [{"Node Type": "Nested Loop","Parent Relationship": "Outer","Parallel Aware": false,"Async Capable": false,"Join Type": "Inner","Startup Cost": 7.38,"Total Cost": 244.58,"Plan Rows": 400,"Plan Width": 4,"Actual Startup Time": 0.285,"Actual Total Time": 2.779,"Actual Rows": 393,"Actual Loops": 1,"Inner Unique": false,"Plans": [{"Node Type": "Seq Scan","Parent Relationship": "Outer","Parallel Aware": false,"Async Capable": false,"Relation Name": "nation","Alias": "nation","Startup Cost": 0.00,"Total Cost": 1.31,"Plan Rows": 1,"Plan Width": 4,"Actual Startup Time": 0.074,"Actual Total Time": 0.096,"Actual Rows": 1,"Actual Loops": 1,"Filter": "(n_name = 'IRAN'::bpchar)","Rows Removed by Filter": 24},{"Node Type": "Bitmap Heap Scan","Parent Relationship": "Inner","Parallel Aware": false,"Async Capable": false,"Relation Name": "supplier","Alias": "supplier","Startup Cost": 7.38,"Total Cost": 239.27,"Plan Rows": 400,"Plan Width": 8,"Actual Startup Time": 0.203,"Actual Total Time": 2.632,"Actual Rows": 393,"Actual Loops": 1,"Recheck Cond": "(s_nationkey = nation.n_nationkey)","Rows Removed by Index Recheck": 0,"Exact Heap Blocks": 179,"Lossy Heap Blocks": 0,"Plans": [{"Node Type": "Bitmap Index Scan","Parent Relationship": "Outer","Parallel Aware": false,"Async Capable": false,"Index Name": "idx_supplier_nation_key","Startup Cost": 0.00,"Total Cost": 7.29,"Plan Rows": 400,"Plan Width": 0,"Actual Startup Time": 0.138,"Actual Total Time": 0.139,"Actual Rows": 393,"Actual Loops": 1,"Index Cond": "(s_nationkey = nation.n_nationkey)"}]}]},{"Node Type": "Index Scan","Parent Relationship": "Inner","Parallel Aware": false,"Async Capable": false,"Scan Direction": "Forward","Index Name": "idx_partsupp_suppkey","Relation Name": "partsupp","Alias": "partsupp","Startup Cost": 0.42,"Total Cost": 9.07,"Plan Rows": 80,"Plan Width": 18,"Actual Startup Time": 0.019,"Actual Total Time": 0.477,"Actual Rows": 80,"Actual Loops": 393,"Index Cond": "(ps_suppkey = supplier.s_suppkey)","Rows Removed by Index Recheck": 0}]}]}]},"Planning Time": 6.603,"Triggers": [],"Execution Time": 437.000}]
[{"Plan": {"Node Type": "Sort","Parallel Aware": false,"Async Capable": false,"Startup Cost": 10142.20,"Total Cost": 10168.87,"Plan Rows": 10667,"Plan Width": 36,"Actual Startup Time": 448.613,"Actual Total Time": 448.730,"Actual Rows": 888,"Actual Loops": 1,"Sort Key": ["(sum((partsupp.ps_supplycost * (partsupp.ps_availqty)::numeric))) DESC"],"Sort Method": "quicksort","Sort Space Used": 73,"Sort Space Type": "Memory","Plans": [{"Node Type": "Aggregate","Strategy": "Plain","Partial Mode": "Simple","Parent Relationship": "InitPlan","Subplan Name": "InitPlan 1 (returns $2)","Parallel Aware": false,"Async Capable": false,"Startup Cost": 4434.26,"Total Cost": 4434.27,"Plan Rows": 1,"Plan Width": 32,"Actual Startup Time": 133.715,"Actual Total Time": 133.740,"Actual Rows": 1,"Actual Loops": 1,"Plans": [{"Node Type": "Nested Loop","Parent Relationship": "Outer","Parallel Aware": false,"Async Capable": false,"Join Type": "Inner","Startup Cost": 7.81,"Total Cost": 4194.26,"Plan Rows": 32000,"Plan Width": 10,"Actual Startup Time": 0.220,"Actual Total Time": 126.229,"Actual Rows": 32400,"Actual Loops": 1,"Inner Unique": false,"Plans": [{"Node Type": "Nested Loop","Parent Relationship": "Outer","Parallel Aware": false,"Async Capable": false,"Join Type": "Inner","Startup Cost": 7.38,"Total Cost": 244.58,"Plan Rows": 400,"Plan Width": 4,"Actual Startup Time": 0.174,"Actual Total Time": 1.918,"Actual Rows": 405,"Actual Loops": 1,"Inner Unique": false,"Plans": [{"Node Type": "Seq Scan","Parent Relationship": "Outer","Parallel Aware": false,"Async Capable": false,"Relation Name": "nation","Alias": "nation_1","Startup Cost": 0.00,"Total Cost": 1.31,"Plan Rows": 1,"Plan Width": 4,"Actual Startup Time": 0.049,"Actual Total Time": 0.070,"Actual Rows": 1,"Actual Loops": 1,"Filter": "(n_name = 'INDONESIA'::bpchar)","Rows Removed by Filter": 24},{"Node Type": "Bitmap Heap Scan","Parent Relationship": "Inner","Parallel Aware": false,"Async Capable": false,"Relation Name": "supplier","Alias": "supplier_1","Startup Cost": 7.38,"Total Cost": 239.27,"Plan Rows": 400,"Plan Width": 8,"Actual Startup Time": 0.105,"Actual Total Time": 1.781,"Actual Rows": 405,"Actual Loops": 1,"Recheck Cond": "(s_nationkey = nation_1.n_nationkey)","Rows Removed by Index Recheck": 0,"Exact Heap Blocks": 192,"Lossy Heap Blocks": 0,"Plans": [{"Node Type": "Bitmap Index Scan","Parent Relationship": "Outer","Parallel Aware": false,"Async Capable": false,"Index Name": "idx_supplier_nation_key","Startup Cost": 0.00,"Total Cost": 7.29,"Plan Rows": 400,"Plan Width": 0,"Actual Startup Time": 0.069,"Actual Total Time": 0.075,"Actual Rows": 405,"Actual Loops": 1,"Index Cond": "(s_nationkey = nation_1.n_nationkey)"}]}]},{"Node Type": "Index Scan","Parent Relationship": "Inner","Parallel Aware": false,"Async Capable": false,"Scan Direction": "Forward","Index Name": "idx_partsupp_suppkey","Relation Name": "partsupp","Alias": "partsupp_1","Startup Cost": 0.42,"Total Cost": 9.07,"Plan Rows": 80,"Plan Width": 14,"Actual Startup Time": 0.014,"Actual Total Time": 0.294,"Actual Rows": 80,"Actual Loops": 405,"Index Cond": "(ps_suppkey = supplier_1.s_suppkey)","Rows Removed by Index Recheck": 0}]}]},{"Node Type": "Aggregate","Strategy": "Hashed","Partial Mode": "Simple","Parent Relationship": "Outer","Parallel Aware": false,"Async Capable": false,"Startup Cost": 4514.26,"Total Cost": 4994.26,"Plan Rows": 10667,"Plan Width": 36,"Actual Startup Time": 376.503,"Actual Total Time": 448.157,"Actual Rows": 888,"Actual Loops": 1,"Group Key": ["partsupp.ps_partkey"],"Filter": "(sum((partsupp.ps_supplycost * (partsupp.ps_availqty)::numeric)) > $2)","Planned Partitions": 0,"HashAgg Batches": 1,"Peak Memory Usage": 17937,"Disk Usage": 0,"Rows Removed by Filter": 29597,"Plans": [{"Node Type": "Nested Loop","Parent Relationship": "Outer","Parallel Aware": false,"Async Capable": false,"Join Type": "Inner","Startup Cost": 7.81,"Total Cost": 4194.26,"Plan Rows": 32000,"Plan Width": 14,"Actual Startup Time": 0.375,"Actual Total Time": 200.721,"Actual Rows": 32400,"Actual Loops": 1,"Inner Unique": false,"Plans": [{"Node Type": "Nested Loop","Parent Relationship": "Outer","Parallel Aware": false,"Async Capable": false,"Join Type": "Inner","Startup Cost": 7.38,"Total Cost": 244.58,"Plan Rows": 400,"Plan Width": 4,"Actual Startup Time": 0.269,"Actual Total Time": 2.791,"Actual Rows": 405,"Actual Loops": 1,"Inner Unique": false,"Plans": [{"Node Type": "Seq Scan","Parent Relationship": "Outer","Parallel Aware": false,"Async Capable": false,"Relation Name": "nation","Alias": "nation","Startup Cost": 0.00,"Total Cost": 1.31,"Plan Rows": 1,"Plan Width": 4,"Actual Startup Time": 0.076,"Actual Total Time": 0.092,"Actual Rows": 1,"Actual Loops": 1,"Filter": "(n_name = 'INDONESIA'::bpchar)","Rows Removed by Filter": 24},{"Node Type": "Bitmap Heap Scan","Parent Relationship": "Inner","Parallel Aware": false,"Async Capable": false,"Relation Name": "supplier","Alias": "supplier","Startup Cost": 7.38,"Total Cost": 239.27,"Plan Rows": 400,"Plan Width": 8,"Actual Startup Time": 0.187,"Actual Total Time": 2.648,"Actual Rows": 405,"Actual Loops": 1,"Recheck Cond": "(s_nationkey = nation.n_nationkey)","Rows Removed by Index Recheck": 0,"Exact Heap Blocks": 192,"Lossy Heap Blocks": 0,"Plans": [{"Node Type": "Bitmap Index Scan","Parent Relationship": "Outer","Parallel Aware": false,"Async Capable": false,"Index Name": "idx_supplier_nation_key","Startup Cost": 0.00,"Total Cost": 7.29,"Plan Rows": 400,"Plan Width": 0,"Actual Startup Time": 0.121,"Actual Total Time": 0.124,"Actual Rows": 405,"Actual Loops": 1,"Index Cond": "(s_nationkey = nation.n_nationkey)"}]}]},{"Node Type": "Index Scan","Parent Relationship": "Inner","Parallel Aware": false,"Async Capable": false,"Scan Direction": "Forward","Index Name": "idx_partsupp_suppkey","Relation Name": "partsupp","Alias": "partsupp","Startup Cost": 0.42,"Total Cost": 9.07,"Plan Rows": 80,"Plan Width": 18,"Actual Startup Time": 0.019,"Actual Total Time": 0.477,"Actual Rows": 80,"Actual Loops": 405,"Index Cond": "(ps_suppkey = supplier.s_suppkey)","Rows Removed by Index Recheck": 0}]}]}]},"Planning Time": 7.214,"Triggers": [],"Execution Time": 451.949}]
[{"Plan": {"Node Type": "Sort","Parallel Aware": false,"Async Capable": false,"Startup Cost": 10142.20,"Total Cost": 10168.87,"Plan Rows": 10667,"Plan Width": 36,"Actual Startup Time": 428.583,"Actual Total Time": 428.704,"Actual Rows": 1225,"Actual Loops": 1,"Sort Key": ["(sum((partsupp.ps_supplycost * (partsupp.ps_availqty)::numeric))) DESC"],"Sort Method": "quicksort","Sort Space Used": 116,"Sort Space Type": "Memory","Plans": [{"Node Type": "Aggregate","Strategy": "Plain","Partial Mode": "Simple","Parent Relationship": "InitPlan","Subplan Name": "InitPlan 1 (returns $2)","Parallel Aware": false,"Async Capable": false,"Startup Cost": 4434.26,"Total Cost": 4434.27,"Plan Rows": 1,"Plan Width": 32,"Actual Startup Time": 128.590,"Actual Total Time": 128.610,"Actual Rows": 1,"Actual Loops": 1,"Plans": [{"Node Type": "Nested Loop","Parent Relationship": "Outer","Parallel Aware": false,"Async Capable": false,"Join Type": "Inner","Startup Cost": 7.81,"Total Cost": 4194.26,"Plan Rows": 32000,"Plan Width": 10,"Actual Startup Time": 0.200,"Actual Total Time": 121.660,"Actual Rows": 30160,"Actual Loops": 1,"Inner Unique": false,"Plans": [{"Node Type": "Nested Loop","Parent Relationship": "Outer","Parallel Aware": false,"Async Capable": false,"Join Type": "Inner","Startup Cost": 7.38,"Total Cost": 244.58,"Plan Rows": 400,"Plan Width": 4,"Actual Startup Time": 0.145,"Actual Total Time": 1.678,"Actual Rows": 377,"Actual Loops": 1,"Inner Unique": false,"Plans": [{"Node Type": "Seq Scan","Parent Relationship": "Outer","Parallel Aware": false,"Async Capable": false,"Relation Name": "nation","Alias": "nation_1","Startup Cost": 0.00,"Total Cost": 1.31,"Plan Rows": 1,"Plan Width": 4,"Actual Startup Time": 0.022,"Actual Total Time": 0.041,"Actual Rows": 1,"Actual Loops": 1,"Filter": "(n_name = 'JAPAN'::bpchar)","Rows Removed by Filter": 24},{"Node Type": "Bitmap Heap Scan","Parent Relationship": "Inner","Parallel Aware": false,"Async Capable": false,"Relation Name": "supplier","Alias": "supplier_1","Startup Cost": 7.38,"Total Cost": 239.27,"Plan Rows": 400,"Plan Width": 8,"Actual Startup Time": 0.107,"Actual Total Time": 1.581,"Actual Rows": 377,"Actual Loops": 1,"Recheck Cond": "(s_nationkey = nation_1.n_nationkey)","Rows Removed by Index Recheck": 0,"Exact Heap Blocks": 180,"Lossy Heap Blocks": 0,"Plans": [{"Node Type": "Bitmap Index Scan","Parent Relationship": "Outer","Parallel Aware": false,"Async Capable": false,"Index Name": "idx_supplier_nation_key","Startup Cost": 0.00,"Total Cost": 7.29,"Plan Rows": 400,"Plan Width": 0,"Actual Startup Time": 0.073,"Actual Total Time": 0.079,"Actual Rows": 377,"Actual Loops": 1,"Index Cond": "(s_nationkey = nation_1.n_nationkey)"}]}]},{"Node Type": "Index Scan","Parent Relationship": "Inner","Parallel Aware": false,"Async Capable": false,"Scan Direction": "Forward","Index Name": "idx_partsupp_suppkey","Relation Name": "partsupp","Alias": "partsupp_1","Startup Cost": 0.42,"Total Cost": 9.07,"Plan Rows": 80,"Plan Width": 14,"Actual Startup Time": 0.015,"Actual Total Time": 0.306,"Actual Rows": 80,"Actual Loops": 377,"Index Cond": "(ps_suppkey = supplier_1.s_suppkey)","Rows Removed by Index Recheck": 0}]}]},{"Node Type": "Aggregate","Strategy": "Hashed","Partial Mode": "Simple","Parent Relationship": "Outer","Parallel Aware": false,"Async Capable": false,"Startup Cost": 4514.26,"Total Cost": 4994.26,"Plan Rows": 10667,"Plan Width": 36,"Actual Startup Time": 361.803,"Actual Total Time": 428.043,"Actual Rows": 1225,"Actual Loops": 1,"Group Key": ["partsupp.ps_partkey"],"Filter": "(sum((partsupp.ps_supplycost * (partsupp.ps_availqty)::numeric)) > $2)","Planned Partitions": 0,"HashAgg Batches": 1,"Peak Memory Usage": 17937,"Disk Usage": 0,"Rows Removed by Filter": 27290,"Plans": [{"Node Type": "Nested Loop","Parent Relationship": "Outer","Parallel Aware": false,"Async Capable": false,"Join Type": "Inner","Startup Cost": 7.81,"Total Cost": 4194.26,"Plan Rows": 32000,"Plan Width": 14,"Actual Startup Time": 0.353,"Actual Total Time": 190.903,"Actual Rows": 30160,"Actual Loops": 1,"Inner Unique": false,"Plans": [{"Node Type": "Nested Loop","Parent Relationship": "Outer","Parallel Aware": false,"Async Capable": false,"Join Type": "Inner","Startup Cost": 7.38,"Total Cost": 244.58,"Plan Rows": 400,"Plan Width": 4,"Actual Startup Time": 0.276,"Actual Total Time": 2.652,"Actual Rows": 377,"Actual Loops": 1,"Inner Unique": false,"Plans": [{"Node Type": "Seq Scan","Parent Relationship": "Outer","Parallel Aware": false,"Async Capable": false,"Relation Name": "nation","Alias": "nation","Startup Cost": 0.00,"Total Cost": 1.31,"Plan Rows": 1,"Plan Width": 4,"Actual Startup Time": 0.069,"Actual Total Time": 0.093,"Actual Rows": 1,"Actual Loops": 1,"Filter": "(n_name = 'JAPAN'::bpchar)","Rows Removed by Filter": 24},{"Node Type": "Bitmap Heap Scan","Parent Relationship": "Inner","Parallel Aware": false,"Async Capable": false,"Relation Name": "supplier","Alias": "supplier","Startup Cost": 7.38,"Total Cost": 239.27,"Plan Rows": 400,"Plan Width": 8,"Actual Startup Time": 0.204,"Actual Total Time": 2.512,"Actual Rows": 377,"Actual Loops": 1,"Recheck Cond": "(s_nationkey = nation.n_nationkey)","Rows Removed by Index Recheck": 0,"Exact Heap Blocks": 180,"Lossy Heap Blocks": 0,"Plans": [{"Node Type": "Bitmap Index Scan","Parent Relationship": "Outer","Parallel Aware": false,"Async Capable": false,"Index Name": "idx_supplier_nation_key","Startup Cost": 0.00,"Total Cost": 7.29,"Plan Rows": 400,"Plan Width": 0,"Actual Startup Time": 0.135,"Actual Total Time": 0.136,"Actual Rows": 377,"Actual Loops": 1,"Index Cond": "(s_nationkey = nation.n_nationkey)"}]}]},{"Node Type": "Index Scan","Parent Relationship": "Inner","Parallel Aware": false,"Async Capable": false,"Scan Direction": "Forward","Index Name": "idx_partsupp_suppkey","Relation Name": "partsupp","Alias": "partsupp","Startup Cost": 0.42,"Total Cost": 9.07,"Plan Rows": 80,"Plan Width": 18,"Actual Startup Time": 0.021,"Actual Total Time": 0.488,"Actual Rows": 80,"Actual Loops": 377,"Index Cond": "(ps_suppkey = supplier.s_suppkey)","Rows Removed by Index Recheck": 0}]}]}]},"Planning Time": 6.421,"Triggers": [],"Execution Time": 431.115}]
[{"Plan": {"Node Type": "Sort","Parallel Aware": false,"Async Capable": false,"Startup Cost": 10142.20,"Total Cost": 10168.87,"Plan Rows": 10667,"Plan Width": 36,"Actual Startup Time": 400.788,"Actual Total Time": 400.942,"Actual Rows": 1469,"Actual Loops": 1,"Sort Key": ["(sum((partsupp.ps_supplycost * (partsupp.ps_availqty)::numeric))) DESC"],"Sort Method": "quicksort","Sort Space Used": 129,"Sort Space Type": "Memory","Plans": [{"Node Type": "Aggregate","Strategy": "Plain","Partial Mode": "Simple","Parent Relationship": "InitPlan","Subplan Name": "InitPlan 1 (returns $2)","Parallel Aware": false,"Async Capable": false,"Startup Cost": 4434.26,"Total Cost": 4434.27,"Plan Rows": 1,"Plan Width": 32,"Actual Startup Time": 117.250,"Actual Total Time": 117.272,"Actual Rows": 1,"Actual Loops": 1,"Plans": [{"Node Type": "Nested Loop","Parent Relationship": "Outer","Parallel Aware": false,"Async Capable": false,"Join Type": "Inner","Startup Cost": 7.81,"Total Cost": 4194.26,"Plan Rows": 32000,"Plan Width": 10,"Actual Startup Time": 0.216,"Actual Total Time": 110.575,"Actual Rows": 28960,"Actual Loops": 1,"Inner Unique": false,"Plans": [{"Node Type": "Nested Loop","Parent Relationship": "Outer","Parallel Aware": false,"Async Capable": false,"Join Type": "Inner","Startup Cost": 7.38,"Total Cost": 244.58,"Plan Rows": 400,"Plan Width": 4,"Actual Startup Time": 0.161,"Actual Total Time": 1.515,"Actual Rows": 362,"Actual Loops": 1,"Inner Unique": false,"Plans": [{"Node Type": "Seq Scan","Parent Relationship": "Outer","Parallel Aware": false,"Async Capable": false,"Relation Name": "nation","Alias": "nation_1","Startup Cost": 0.00,"Total Cost": 1.31,"Plan Rows": 1,"Plan Width": 4,"Actual Startup Time": 0.032,"Actual Total Time": 0.051,"Actual Rows": 1,"Actual Loops": 1,"Filter": "(n_name = 'JORDAN'::bpchar)","Rows Removed by Filter": 24},{"Node Type": "Bitmap Heap Scan","Parent Relationship": "Inner","Parallel Aware": false,"Async Capable": false,"Relation Name": "supplier","Alias": "supplier_1","Startup Cost": 7.38,"Total Cost": 239.27,"Plan Rows": 400,"Plan Width": 8,"Actual Startup Time": 0.117,"Actual Total Time": 1.415,"Actual Rows": 362,"Actual Loops": 1,"Recheck Cond": "(s_nationkey = nation_1.n_nationkey)","Rows Removed by Index Recheck": 0,"Exact Heap Blocks": 166,"Lossy Heap Blocks": 0,"Plans": [{"Node Type": "Bitmap Index Scan","Parent Relationship": "Outer","Parallel Aware": false,"Async Capable": false,"Index Name": "idx_supplier_nation_key","Startup Cost": 0.00,"Total Cost": 7.29,"Plan Rows": 400,"Plan Width": 0,"Actual Startup Time": 0.075,"Actual Total Time": 0.079,"Actual Rows": 362,"Actual Loops": 1,"Index Cond": "(s_nationkey = nation_1.n_nationkey)"}]}]},{"Node Type": "Index Scan","Parent Relationship": "Inner","Parallel Aware": false,"Async Capable": false,"Scan Direction": "Forward","Index Name": "idx_partsupp_suppkey","Relation Name": "partsupp","Alias": "partsupp_1","Startup Cost": 0.42,"Total Cost": 9.07,"Plan Rows": 80,"Plan Width": 14,"Actual Startup Time": 0.014,"Actual Total Time": 0.289,"Actual Rows": 80,"Actual Loops": 362,"Index Cond": "(ps_suppkey = supplier_1.s_suppkey)","Rows Removed by Index Recheck": 0}]}]},{"Node Type": "Aggregate","Strategy": "Hashed","Partial Mode": "Simple","Parent Relationship": "Outer","Parallel Aware": false,"Async Capable": false,"Startup Cost": 4514.26,"Total Cost": 4994.26,"Plan Rows": 10667,"Plan Width": 36,"Actual Startup Time": 338.606,"Actual Total Time": 400.138,"Actual Rows": 1469,"Actual Loops": 1,"Group Key": ["partsupp.ps_partkey"],"Filter": "(sum((partsupp.ps_supplycost * (partsupp.ps_availqty)::numeric)) > $2)","Planned Partitions": 0,"HashAgg Batches": 1,"Peak Memory Usage": 17937,"Disk Usage": 0,"Rows Removed by Filter": 25896,"Plans": [{"Node Type": "Nested Loop","Parent Relationship": "Outer","Parallel Aware": false,"Async Capable": false,"Join Type": "Inner","Startup Cost": 7.81,"Total Cost": 4194.26,"Plan Rows": 32000,"Plan Width": 14,"Actual Startup Time": 0.314,"Actual Total Time": 181.118,"Actual Rows": 28960,"Actual Loops": 1,"Inner Unique": false,"Plans": [{"Node Type": "Nested Loop","Parent Relationship": "Outer","Parallel Aware": false,"Async Capable": false,"Join Type": "Inner","Startup Cost": 7.38,"Total Cost": 244.58,"Plan Rows": 400,"Plan Width": 4,"Actual Startup Time": 0.258,"Actual Total Time": 2.692,"Actual Rows": 362,"Actual Loops": 1,"Inner Unique": false,"Plans": [{"Node Type": "Seq Scan","Parent Relationship": "Outer","Parallel Aware": false,"Async Capable": false,"Relation Name": "nation","Alias": "nation","Startup Cost": 0.00,"Total Cost": 1.31,"Plan Rows": 1,"Plan Width": 4,"Actual Startup Time": 0.077,"Actual Total Time": 0.107,"Actual Rows": 1,"Actual Loops": 1,"Filter": "(n_name = 'JORDAN'::bpchar)","Rows Removed by Filter": 24},{"Node Type": "Bitmap Heap Scan","Parent Relationship": "Inner","Parallel Aware": false,"Async Capable": false,"Relation Name": "supplier","Alias": "supplier","Startup Cost": 7.38,"Total Cost": 239.27,"Plan Rows": 400,"Plan Width": 8,"Actual Startup Time": 0.172,"Actual Total Time": 2.539,"Actual Rows": 362,"Actual Loops": 1,"Recheck Cond": "(s_nationkey = nation.n_nationkey)","Rows Removed by Index Recheck": 0,"Exact Heap Blocks": 166,"Lossy Heap Blocks": 0,"Plans": [{"Node Type": "Bitmap Index Scan","Parent Relationship": "Outer","Parallel Aware": false,"Async Capable": false,"Index Name": "idx_supplier_nation_key","Startup Cost": 0.00,"Total Cost": 7.29,"Plan Rows": 400,"Plan Width": 0,"Actual Startup Time": 0.117,"Actual Total Time": 0.118,"Actual Rows": 362,"Actual Loops": 1,"Index Cond": "(s_nationkey = nation.n_nationkey)"}]}]},{"Node Type": "Index Scan","Parent Relationship": "Inner","Parallel Aware": false,"Async Capable": false,"Scan Direction": "Forward","Index Name": "idx_partsupp_suppkey","Relation Name": "partsupp","Alias": "partsupp","Startup Cost": 0.42,"Total Cost": 9.07,"Plan Rows": 80,"Plan Width": 18,"Actual Startup Time": 0.019,"Actual Total Time": 0.481,"Actual Rows": 80,"Actual Loops": 362,"Index Cond": "(ps_suppkey = supplier.s_suppkey)","Rows Removed by Index Recheck": 0}]}]}]},"Planning Time": 6.843,"Triggers": [],"Execution Time": 403.999}]
[{"Plan": {"Node Type": "Sort","Parallel Aware": false,"Async Capable": false,"Startup Cost": 10142.20,"Total Cost": 10168.87,"Plan Rows": 10667,"Plan Width": 36,"Actual Startup Time": 433.878,"Actual Total Time": 434.021,"Actual Rows": 1048,"Actual Loops": 1,"Sort Key": ["(sum((partsupp.ps_supplycost * (partsupp.ps_availqty)::numeric))) DESC"],"Sort Method": "quicksort","Sort Space Used": 106,"Sort Space Type": "Memory","Plans": [{"Node Type": "Aggregate","Strategy": "Plain","Partial Mode": "Simple","Parent Relationship": "InitPlan","Subplan Name": "InitPlan 1 (returns $2)","Parallel Aware": false,"Async Capable": false,"Startup Cost": 4434.26,"Total Cost": 4434.27,"Plan Rows": 1,"Plan Width": 32,"Actual Startup Time": 128.490,"Actual Total Time": 128.514,"Actual Rows": 1,"Actual Loops": 1,"Plans": [{"Node Type": "Nested Loop","Parent Relationship": "Outer","Parallel Aware": false,"Async Capable": false,"Join Type": "Inner","Startup Cost": 7.81,"Total Cost": 4194.26,"Plan Rows": 32000,"Plan Width": 10,"Actual Startup Time": 0.194,"Actual Total Time": 121.249,"Actual Rows": 31680,"Actual Loops": 1,"Inner Unique": false,"Plans": [{"Node Type": "Nested Loop","Parent Relationship": "Outer","Parallel Aware": false,"Async Capable": false,"Join Type": "Inner","Startup Cost": 7.38,"Total Cost": 244.58,"Plan Rows": 400,"Plan Width": 4,"Actual Startup Time": 0.149,"Actual Total Time": 1.791,"Actual Rows": 396,"Actual Loops": 1,"Inner Unique": false,"Plans": [{"Node Type": "Seq Scan","Parent Relationship": "Outer","Parallel Aware": false,"Async Capable": false,"Relation Name": "nation","Alias": "nation_1","Startup Cost": 0.00,"Total Cost": 1.31,"Plan Rows": 1,"Plan Width": 4,"Actual Startup Time": 0.037,"Actual Total Time": 0.065,"Actual Rows": 1,"Actual Loops": 1,"Filter": "(n_name = 'GERMANY'::bpchar)","Rows Removed by Filter": 24},{"Node Type": "Bitmap Heap Scan","Parent Relationship": "Inner","Parallel Aware": false,"Async Capable": false,"Relation Name": "supplier","Alias": "supplier_1","Startup Cost": 7.38,"Total Cost": 239.27,"Plan Rows": 400,"Plan Width": 8,"Actual Startup Time": 0.101,"Actual Total Time": 1.663,"Actual Rows": 396,"Actual Loops": 1,"Recheck Cond": "(s_nationkey = nation_1.n_nationkey)","Rows Removed by Index Recheck": 0,"Exact Heap Blocks": 191,"Lossy Heap Blocks": 0,"Plans": [{"Node Type": "Bitmap Index Scan","Parent Relationship": "Outer","Parallel Aware": false,"Async Capable": false,"Index Name": "idx_supplier_nation_key","Startup Cost": 0.00,"Total Cost": 7.29,"Plan Rows": 400,"Plan Width": 0,"Actual Startup Time": 0.064,"Actual Total Time": 0.071,"Actual Rows": 396,"Actual Loops": 1,"Index Cond": "(s_nationkey = nation_1.n_nationkey)"}]}]},{"Node Type": "Index Scan","Parent Relationship": "Inner","Parallel Aware": false,"Async Capable": false,"Scan Direction": "Forward","Index Name": "idx_partsupp_suppkey","Relation Name": "partsupp","Alias": "partsupp_1","Startup Cost": 0.42,"Total Cost": 9.07,"Plan Rows": 80,"Plan Width": 14,"Actual Startup Time": 0.014,"Actual Total Time": 0.289,"Actual Rows": 80,"Actual Loops": 396,"Index Cond": "(ps_suppkey = supplier_1.s_suppkey)","Rows Removed by Index Recheck": 0}]}]},{"Node Type": "Aggregate","Strategy": "Hashed","Partial Mode": "Simple","Parent Relationship": "Outer","Parallel Aware": false,"Async Capable": false,"Startup Cost": 4514.26,"Total Cost": 4994.26,"Plan Rows": 10667,"Plan Width": 36,"Actual Startup Time": 363.472,"Actual Total Time": 433.375,"Actual Rows": 1048,"Actual Loops": 1,"Group Key": ["partsupp.ps_partkey"],"Filter": "(sum((partsupp.ps_supplycost * (partsupp.ps_availqty)::numeric)) > $2)","Planned Partitions": 0,"HashAgg Batches": 1,"Peak Memory Usage": 17937,"Disk Usage": 0,"Rows Removed by Filter": 28770,"Plans": [{"Node Type": "Nested Loop","Parent Relationship": "Outer","Parallel Aware": false,"Async Capable": false,"Join Type": "Inner","Startup Cost": 7.81,"Total Cost": 4194.26,"Plan Rows": 32000,"Plan Width": 14,"Actual Startup Time": 0.319,"Actual Total Time": 192.866,"Actual Rows": 31680,"Actual Loops": 1,"Inner Unique": false,"Plans": [{"Node Type": "Nested Loop","Parent Relationship": "Outer","Parallel Aware": false,"Async Capable": false,"Join Type": "Inner","Startup Cost": 7.38,"Total Cost": 244.58,"Plan Rows": 400,"Plan Width": 4,"Actual Startup Time": 0.254,"Actual Total Time": 2.704,"Actual Rows": 396,"Actual Loops": 1,"Inner Unique": false,"Plans": [{"Node Type": "Seq Scan","Parent Relationship": "Outer","Parallel Aware": false,"Async Capable": false,"Relation Name": "nation","Alias": "nation","Startup Cost": 0.00,"Total Cost": 1.31,"Plan Rows": 1,"Plan Width": 4,"Actual Startup Time": 0.067,"Actual Total Time": 0.092,"Actual Rows": 1,"Actual Loops": 1,"Filter": "(n_name = 'GERMANY'::bpchar)","Rows Removed by Filter": 24},{"Node Type": "Bitmap Heap Scan","Parent Relationship": "Inner","Parallel Aware": false,"Async Capable": false,"Relation Name": "supplier","Alias": "supplier","Startup Cost": 7.38,"Total Cost": 239.27,"Plan Rows": 400,"Plan Width": 8,"Actual Startup Time": 0.180,"Actual Total Time": 2.555,"Actual Rows": 396,"Actual Loops": 1,"Recheck Cond": "(s_nationkey = nation.n_nationkey)","Rows Removed by Index Recheck": 0,"Exact Heap Blocks": 191,"Lossy Heap Blocks": 0,"Plans": [{"Node Type": "Bitmap Index Scan","Parent Relationship": "Outer","Parallel Aware": false,"Async Capable": false,"Index Name": "idx_supplier_nation_key","Startup Cost": 0.00,"Total Cost": 7.29,"Plan Rows": 400,"Plan Width": 0,"Actual Startup Time": 0.114,"Actual Total Time": 0.118,"Actual Rows": 396,"Actual Loops": 1,"Index Cond": "(s_nationkey = nation.n_nationkey)"}]}]},{"Node Type": "Index Scan","Parent Relationship": "Inner","Parallel Aware": false,"Async Capable": false,"Scan Direction": "Forward","Index Name": "idx_partsupp_suppkey","Relation Name": "partsupp","Alias": "partsupp","Startup Cost": 0.42,"Total Cost": 9.07,"Plan Rows": 80,"Plan Width": 18,"Actual Startup Time": 0.019,"Actual Total Time": 0.468,"Actual Rows": 80,"Actual Loops": 396,"Index Cond": "(ps_suppkey = supplier.s_suppkey)","Rows Removed by Index Recheck": 0}]}]}]},"Planning Time": 7.362,"Triggers": [],"Execution Time": 437.365}]
[{"Plan": {"Node Type": "Sort","Parallel Aware": false,"Async Capable": false,"Startup Cost": 10142.20,"Total Cost": 10168.87,"Plan Rows": 10667,"Plan Width": 36,"Actual Startup Time": 431.698,"Actual Total Time": 431.824,"Actual Rows": 911,"Actual Loops": 1,"Sort Key": ["(sum((partsupp.ps_supplycost * (partsupp.ps_availqty)::numeric))) DESC"],"Sort Method": "quicksort","Sort Space Used": 74,"Sort Space Type": "Memory","Plans": [{"Node Type": "Aggregate","Strategy": "Plain","Partial Mode": "Simple","Parent Relationship": "InitPlan","Subplan Name": "InitPlan 1 (returns $2)","Parallel Aware": false,"Async Capable": false,"Startup Cost": 4434.26,"Total Cost": 4434.27,"Plan Rows": 1,"Plan Width": 32,"Actual Startup Time": 129.087,"Actual Total Time": 129.106,"Actual Rows": 1,"Actual Loops": 1,"Plans": [{"Node Type": "Nested Loop","Parent Relationship": "Outer","Parallel Aware": false,"Async Capable": false,"Join Type": "Inner","Startup Cost": 7.81,"Total Cost": 4194.26,"Plan Rows": 32000,"Plan Width": 10,"Actual Startup Time": 0.210,"Actual Total Time": 121.870,"Actual Rows": 32160,"Actual Loops": 1,"Inner Unique": false,"Plans": [{"Node Type": "Nested Loop","Parent Relationship": "Outer","Parallel Aware": false,"Async Capable": false,"Join Type": "Inner","Startup Cost": 7.38,"Total Cost": 244.58,"Plan Rows": 400,"Plan Width": 4,"Actual Startup Time": 0.174,"Actual Total Time": 1.780,"Actual Rows": 402,"Actual Loops": 1,"Inner Unique": false,"Plans": [{"Node Type": "Seq Scan","Parent Relationship": "Outer","Parallel Aware": false,"Async Capable": false,"Relation Name": "nation","Alias": "nation_1","Startup Cost": 0.00,"Total Cost": 1.31,"Plan Rows": 1,"Plan Width": 4,"Actual Startup Time": 0.036,"Actual Total Time": 0.056,"Actual Rows": 1,"Actual Loops": 1,"Filter": "(n_name = 'FRANCE'::bpchar)","Rows Removed by Filter": 24},{"Node Type": "Bitmap Heap Scan","Parent Relationship": "Inner","Parallel Aware": false,"Async Capable": false,"Relation Name": "supplier","Alias": "supplier_1","Startup Cost": 7.38,"Total Cost": 239.27,"Plan Rows": 400,"Plan Width": 8,"Actual Startup Time": 0.119,"Actual Total Time": 1.663,"Actual Rows": 402,"Actual Loops": 1,"Recheck Cond": "(s_nationkey = nation_1.n_nationkey)","Rows Removed by Index Recheck": 0,"Exact Heap Blocks": 184,"Lossy Heap Blocks": 0,"Plans": [{"Node Type": "Bitmap Index Scan","Parent Relationship": "Outer","Parallel Aware": false,"Async Capable": false,"Index Name": "idx_supplier_nation_key","Startup Cost": 0.00,"Total Cost": 7.29,"Plan Rows": 400,"Plan Width": 0,"Actual Startup Time": 0.075,"Actual Total Time": 0.079,"Actual Rows": 402,"Actual Loops": 1,"Index Cond": "(s_nationkey = nation_1.n_nationkey)"}]}]},{"Node Type": "Index Scan","Parent Relationship": "Inner","Parallel Aware": false,"Async Capable": false,"Scan Direction": "Forward","Index Name": "idx_partsupp_suppkey","Relation Name": "partsupp","Alias": "partsupp_1","Startup Cost": 0.42,"Total Cost": 9.07,"Plan Rows": 80,"Plan Width": 14,"Actual Startup Time": 0.014,"Actual Total Time": 0.286,"Actual Rows": 80,"Actual Loops": 402,"Index Cond": "(ps_suppkey = supplier_1.s_suppkey)","Rows Removed by Index Recheck": 0}]}]},{"Node Type": "Aggregate","Strategy": "Hashed","Partial Mode": "Simple","Parent Relationship": "Outer","Parallel Aware": false,"Async Capable": false,"Startup Cost": 4514.26,"Total Cost": 4994.26,"Plan Rows": 10667,"Plan Width": 36,"Actual Startup Time": 359.069,"Actual Total Time": 431.218,"Actual Rows": 911,"Actual Loops": 1,"Group Key": ["partsupp.ps_partkey"],"Filter": "(sum((partsupp.ps_supplycost * (partsupp.ps_availqty)::numeric)) > $2)","Planned Partitions": 0,"HashAgg Batches": 1,"Peak Memory Usage": 17937,"Disk Usage": 0,"Rows Removed by Filter": 29336,"Plans": [{"Node Type": "Nested Loop","Parent Relationship": "Outer","Parallel Aware": false,"Async Capable": false,"Join Type": "Inner","Startup Cost": 7.81,"Total Cost": 4194.26,"Plan Rows": 32000,"Plan Width": 14,"Actual Startup Time": 0.330,"Actual Total Time": 187.860,"Actual Rows": 32160,"Actual Loops": 1,"Inner Unique": false,"Plans": [{"Node Type": "Nested Loop","Parent Relationship": "Outer","Parallel Aware": false,"Async Capable": false,"Join Type": "Inner","Startup Cost": 7.38,"Total Cost": 244.58,"Plan Rows": 400,"Plan Width": 4,"Actual Startup Time": 0.249,"Actual Total Time": 2.513,"Actual Rows": 402,"Actual Loops": 1,"Inner Unique": false,"Plans": [{"Node Type": "Seq Scan","Parent Relationship": "Outer","Parallel Aware": false,"Async Capable": false,"Relation Name": "nation","Alias": "nation","Startup Cost": 0.00,"Total Cost": 1.31,"Plan Rows": 1,"Plan Width": 4,"Actual Startup Time": 0.077,"Actual Total Time": 0.097,"Actual Rows": 1,"Actual Loops": 1,"Filter": "(n_name = 'FRANCE'::bpchar)","Rows Removed by Filter": 24},{"Node Type": "Bitmap Heap Scan","Parent Relationship": "Inner","Parallel Aware": false,"Async Capable": false,"Relation Name": "supplier","Alias": "supplier","Startup Cost": 7.38,"Total Cost": 239.27,"Plan Rows": 400,"Plan Width": 8,"Actual Startup Time": 0.163,"Actual Total Time": 2.362,"Actual Rows": 402,"Actual Loops": 1,"Recheck Cond": "(s_nationkey = nation.n_nationkey)","Rows Removed by Index Recheck": 0,"Exact Heap Blocks": 184,"Lossy Heap Blocks": 0,"Plans": [{"Node Type": "Bitmap Index Scan","Parent Relationship": "Outer","Parallel Aware": false,"Async Capable": false,"Index Name": "idx_supplier_nation_key","Startup Cost": 0.00,"Total Cost": 7.29,"Plan Rows": 400,"Plan Width": 0,"Actual Startup Time": 0.112,"Actual Total Time": 0.113,"Actual Rows": 402,"Actual Loops": 1,"Index Cond": "(s_nationkey = nation.n_nationkey)"}]}]},{"Node Type": "Index Scan","Parent Relationship": "Inner","Parallel Aware": false,"Async Capable": false,"Scan Direction": "Forward","Index Name": "idx_partsupp_suppkey","Relation Name": "partsupp","Alias": "partsupp","Startup Cost": 0.42,"Total Cost": 9.07,"Plan Rows": 80,"Plan Width": 18,"Actual Startup Time": 0.018,"Actual Total Time": 0.449,"Actual Rows": 80,"Actual Loops": 402,"Index Cond": "(ps_suppkey = supplier.s_suppkey)","Rows Removed by Index Recheck": 0}]}]}]},"Planning Time": 7.171,"Triggers": [],"Execution Time": 434.998}]
[{"Plan": {"Node Type": "Sort","Parallel Aware": false,"Async Capable": false,"Startup Cost": 10142.20,"Total Cost": 10168.87,"Plan Rows": 10667,"Plan Width": 36,"Actual Startup Time": 479.473,"Actual Total Time": 479.584,"Actual Rows": 514,"Actual Loops": 1,"Sort Key": ["(sum((partsupp.ps_supplycost * (partsupp.ps_availqty)::numeric))) DESC"],"Sort Method": "quicksort","Sort Space Used": 53,"Sort Space Type": "Memory","Plans": [{"Node Type": "Aggregate","Strategy": "Plain","Partial Mode": "Simple","Parent Relationship": "InitPlan","Subplan Name": "InitPlan 1 (returns $2)","Parallel Aware": false,"Async Capable": false,"Startup Cost": 4434.26,"Total Cost": 4434.27,"Plan Rows": 1,"Plan Width": 32,"Actual Startup Time": 141.847,"Actual Total Time": 141.875,"Actual Rows": 1,"Actual Loops": 1,"Plans": [{"Node Type": "Nested Loop","Parent Relationship": "Outer","Parallel Aware": false,"Async Capable": false,"Join Type": "Inner","Startup Cost": 7.81,"Total Cost": 4194.26,"Plan Rows": 32000,"Plan Width": 10,"Actual Startup Time": 0.217,"Actual Total Time": 133.744,"Actual Rows": 35040,"Actual Loops": 1,"Inner Unique": false,"Plans": [{"Node Type": "Nested Loop","Parent Relationship": "Outer","Parallel Aware": false,"Async Capable": false,"Join Type": "Inner","Startup Cost": 7.38,"Total Cost": 244.58,"Plan Rows": 400,"Plan Width": 4,"Actual Startup Time": 0.176,"Actual Total Time": 1.973,"Actual Rows": 438,"Actual Loops": 1,"Inner Unique": false,"Plans": [{"Node Type": "Seq Scan","Parent Relationship": "Outer","Parallel Aware": false,"Async Capable": false,"Relation Name": "nation","Alias": "nation_1","Startup Cost": 0.00,"Total Cost": 1.31,"Plan Rows": 1,"Plan Width": 4,"Actual Startup Time": 0.030,"Actual Total Time": 0.050,"Actual Rows": 1,"Actual Loops": 1,"Filter": "(n_name = 'IRAQ'::bpchar)","Rows Removed by Filter": 24},{"Node Type": "Bitmap Heap Scan","Parent Relationship": "Inner","Parallel Aware": false,"Async Capable": false,"Relation Name": "supplier","Alias": "supplier_1","Startup Cost": 7.38,"Total Cost": 239.27,"Plan Rows": 400,"Plan Width": 8,"Actual Startup Time": 0.128,"Actual Total Time": 1.851,"Actual Rows": 438,"Actual Loops": 1,"Recheck Cond": "(s_nationkey = nation_1.n_nationkey)","Rows Removed by Index Recheck": 0,"Exact Heap Blocks": 194,"Lossy Heap Blocks": 0,"Plans": [{"Node Type": "Bitmap Index Scan","Parent Relationship": "Outer","Parallel Aware": false,"Async Capable": false,"Index Name": "idx_supplier_nation_key","Startup Cost": 0.00,"Total Cost": 7.29,"Plan Rows": 400,"Plan Width": 0,"Actual Startup Time": 0.090,"Actual Total Time": 0.096,"Actual Rows": 438,"Actual Loops": 1,"Index Cond": "(s_nationkey = nation_1.n_nationkey)"}]}]},{"Node Type": "Index Scan","Parent Relationship": "Inner","Parallel Aware": false,"Async Capable": false,"Scan Direction": "Forward","Index Name": "idx_partsupp_suppkey","Relation Name": "partsupp","Alias": "partsupp_1","Startup Cost": 0.42,"Total Cost": 9.07,"Plan Rows": 80,"Plan Width": 14,"Actual Startup Time": 0.014,"Actual Total Time": 0.289,"Actual Rows": 80,"Actual Loops": 438,"Index Cond": "(ps_suppkey = supplier_1.s_suppkey)","Rows Removed by Index Recheck": 0}]}]},{"Node Type": "Aggregate","Strategy": "Hashed","Partial Mode": "Simple","Parent Relationship": "Outer","Parallel Aware": false,"Async Capable": false,"Startup Cost": 4514.26,"Total Cost": 4994.26,"Plan Rows": 10667,"Plan Width": 36,"Actual Startup Time": 398.650,"Actual Total Time": 479.180,"Actual Rows": 514,"Actual Loops": 1,"Group Key": ["partsupp.ps_partkey"],"Filter": "(sum((partsupp.ps_supplycost * (partsupp.ps_availqty)::numeric)) > $2)","Planned Partitions": 0,"HashAgg Batches": 1,"Peak Memory Usage": 17937,"Disk Usage": 0,"Rows Removed by Filter": 32385,"Plans": [{"Node Type": "Nested Loop","Parent Relationship": "Outer","Parallel Aware": false,"Async Capable": false,"Join Type": "Inner","Startup Cost": 7.81,"Total Cost": 4194.26,"Plan Rows": 32000,"Plan Width": 14,"Actual Startup Time": 0.368,"Actual Total Time": 210.024,"Actual Rows": 35040,"Actual Loops": 1,"Inner Unique": false,"Plans": [{"Node Type": "Nested Loop","Parent Relationship": "Outer","Parallel Aware": false,"Async Capable": false,"Join Type": "Inner","Startup Cost": 7.38,"Total Cost": 244.58,"Plan Rows": 400,"Plan Width": 4,"Actual Startup Time": 0.322,"Actual Total Time": 2.894,"Actual Rows": 438,"Actual Loops": 1,"Inner Unique": false,"Plans": [{"Node Type": "Seq Scan","Parent Relationship": "Outer","Parallel Aware": false,"Async Capable": false,"Relation Name": "nation","Alias": "nation","Startup Cost": 0.00,"Total Cost": 1.31,"Plan Rows": 1,"Plan Width": 4,"Actual Startup Time": 0.077,"Actual Total Time": 0.103,"Actual Rows": 1,"Actual Loops": 1,"Filter": "(n_name = 'IRAQ'::bpchar)","Rows Removed by Filter": 24},{"Node Type": "Bitmap Heap Scan","Parent Relationship": "Inner","Parallel Aware": false,"Async Capable": false,"Relation Name": "supplier","Alias": "supplier","Startup Cost": 7.38,"Total Cost": 239.27,"Plan Rows": 400,"Plan Width": 8,"Actual Startup Time": 0.239,"Actual Total Time": 2.735,"Actual Rows": 438,"Actual Loops": 1,"Recheck Cond": "(s_nationkey = nation.n_nationkey)","Rows Removed by Index Recheck": 0,"Exact Heap Blocks": 194,"Lossy Heap Blocks": 0,"Plans": [{"Node Type": "Bitmap Index Scan","Parent Relationship": "Outer","Parallel Aware": false,"Async Capable": false,"Index Name": "idx_supplier_nation_key","Startup Cost": 0.00,"Total Cost": 7.29,"Plan Rows": 400,"Plan Width": 0,"Actual Startup Time": 0.165,"Actual Total Time": 0.169,"Actual Rows": 438,"Actual Loops": 1,"Index Cond": "(s_nationkey = nation.n_nationkey)"}]}]},{"Node Type": "Index Scan","Parent Relationship": "Inner","Parallel Aware": false,"Async Capable": false,"Scan Direction": "Forward","Index Name": "idx_partsupp_suppkey","Relation Name": "partsupp","Alias": "partsupp","Startup Cost": 0.42,"Total Cost": 9.07,"Plan Rows": 80,"Plan Width": 18,"Actual Startup Time": 0.019,"Actual Total Time": 0.461,"Actual Rows": 80,"Actual Loops": 438,"Index Cond": "(ps_suppkey = supplier.s_suppkey)","Rows Removed by Index Recheck": 0}]}]}]},"Planning Time": 5.748,"Triggers": [],"Execution Time": 483.087}]
[{"Plan": {"Node Type": "Sort","Parallel Aware": false,"Async Capable": false,"Startup Cost": 10142.20,"Total Cost": 10168.87,"Plan Rows": 10667,"Plan Width": 36,"Actual Startup Time": 455.847,"Actual Total Time": 455.976,"Actual Rows": 819,"Actual Loops": 1,"Sort Key": ["(sum((partsupp.ps_supplycost * (partsupp.ps_availqty)::numeric))) DESC"],"Sort Method": "quicksort","Sort Space Used": 69,"Sort Space Type": "Memory","Plans": [{"Node Type": "Aggregate","Strategy": "Plain","Partial Mode": "Simple","Parent Relationship": "InitPlan","Subplan Name": "InitPlan 1 (returns $2)","Parallel Aware": false,"Async Capable": false,"Startup Cost": 4434.26,"Total Cost": 4434.27,"Plan Rows": 1,"Plan Width": 32,"Actual Startup Time": 134.080,"Actual Total Time": 134.102,"Actual Rows": 1,"Actual Loops": 1,"Plans": [{"Node Type": "Nested Loop","Parent Relationship": "Outer","Parallel Aware": false,"Async Capable": false,"Join Type": "Inner","Startup Cost": 7.81,"Total Cost": 4194.26,"Plan Rows": 32000,"Plan Width": 10,"Actual Startup Time": 0.218,"Actual Total Time": 126.423,"Actual Rows": 32960,"Actual Loops": 1,"Inner Unique": false,"Plans": [{"Node Type": "Nested Loop","Parent Relationship": "Outer","Parallel Aware": false,"Async Capable": false,"Join Type": "Inner","Startup Cost": 7.38,"Total Cost": 244.58,"Plan Rows": 400,"Plan Width": 4,"Actual Startup Time": 0.177,"Actual Total Time": 1.887,"Actual Rows": 412,"Actual Loops": 1,"Inner Unique": false,"Plans": [{"Node Type": "Seq Scan","Parent Relationship": "Outer","Parallel Aware": false,"Async Capable": false,"Relation Name": "nation","Alias": "nation_1","Startup Cost": 0.00,"Total Cost": 1.31,"Plan Rows": 1,"Plan Width": 4,"Actual Startup Time": 0.040,"Actual Total Time": 0.063,"Actual Rows": 1,"Actual Loops": 1,"Filter": "(n_name = 'CANADA'::bpchar)","Rows Removed by Filter": 24},{"Node Type": "Bitmap Heap Scan","Parent Relationship": "Inner","Parallel Aware": false,"Async Capable": false,"Relation Name": "supplier","Alias": "supplier_1","Startup Cost": 7.38,"Total Cost": 239.27,"Plan Rows": 400,"Plan Width": 8,"Actual Startup Time": 0.119,"Actual Total Time": 1.753,"Actual Rows": 412,"Actual Loops": 1,"Recheck Cond": "(s_nationkey = nation_1.n_nationkey)","Rows Removed by Index Recheck": 0,"Exact Heap Blocks": 189,"Lossy Heap Blocks": 0,"Plans": [{"Node Type": "Bitmap Index Scan","Parent Relationship": "Outer","Parallel Aware": false,"Async Capable": false,"Index Name": "idx_supplier_nation_key","Startup Cost": 0.00,"Total Cost": 7.29,"Plan Rows": 400,"Plan Width": 0,"Actual Startup Time": 0.074,"Actual Total Time": 0.083,"Actual Rows": 412,"Actual Loops": 1,"Index Cond": "(s_nationkey = nation_1.n_nationkey)"}]}]},{"Node Type": "Index Scan","Parent Relationship": "Inner","Parallel Aware": false,"Async Capable": false,"Scan Direction": "Forward","Index Name": "idx_partsupp_suppkey","Relation Name": "partsupp","Alias": "partsupp_1","Startup Cost": 0.42,"Total Cost": 9.07,"Plan Rows": 80,"Plan Width": 14,"Actual Startup Time": 0.014,"Actual Total Time": 0.290,"Actual Rows": 80,"Actual Loops": 412,"Index Cond": "(ps_suppkey = supplier_1.s_suppkey)","Rows Removed by Index Recheck": 0}]}]},{"Node Type": "Aggregate","Strategy": "Hashed","Partial Mode": "Simple","Parent Relationship": "Outer","Parallel Aware": false,"Async Capable": false,"Startup Cost": 4514.26,"Total Cost": 4994.26,"Plan Rows": 10667,"Plan Width": 36,"Actual Startup Time": 380.948,"Actual Total Time": 455.394,"Actual Rows": 819,"Actual Loops": 1,"Group Key": ["partsupp.ps_partkey"],"Filter": "(sum((partsupp.ps_supplycost * (partsupp.ps_availqty)::numeric)) > $2)","Planned Partitions": 0,"HashAgg Batches": 1,"Peak Memory Usage": 17937,"Disk Usage": 0,"Rows Removed by Filter": 30166,"Plans": [{"Node Type": "Nested Loop","Parent Relationship": "Outer","Parallel Aware": false,"Async Capable": false,"Join Type": "Inner","Startup Cost": 7.81,"Total Cost": 4194.26,"Plan Rows": 32000,"Plan Width": 14,"Actual Startup Time": 0.343,"Actual Total Time": 202.198,"Actual Rows": 32960,"Actual Loops": 1,"Inner Unique": false,"Plans": [{"Node Type": "Nested Loop","Parent Relationship": "Outer","Parallel Aware": false,"Async Capable": false,"Join Type": "Inner","Startup Cost": 7.38,"Total Cost": 244.58,"Plan Rows": 400,"Plan Width": 4,"Actual Startup Time": 0.272,"Actual Total Time": 2.740,"Actual Rows": 412,"Actual Loops": 1,"Inner Unique": false,"Plans": [{"Node Type": "Seq Scan","Parent Relationship": "Outer","Parallel Aware": false,"Async Capable": false,"Relation Name": "nation","Alias": "nation","Startup Cost": 0.00,"Total Cost": 1.31,"Plan Rows": 1,"Plan Width": 4,"Actual Startup Time": 0.064,"Actual Total Time": 0.078,"Actual Rows": 1,"Actual Loops": 1,"Filter": "(n_name = 'CANADA'::bpchar)","Rows Removed by Filter": 24},{"Node Type": "Bitmap Heap Scan","Parent Relationship": "Inner","Parallel Aware": false,"Async Capable": false,"Relation Name": "supplier","Alias": "supplier","Startup Cost": 7.38,"Total Cost": 239.27,"Plan Rows": 400,"Plan Width": 8,"Actual Startup Time": 0.203,"Actual Total Time": 2.610,"Actual Rows": 412,"Actual Loops": 1,"Recheck Cond": "(s_nationkey = nation.n_nationkey)","Rows Removed by Index Recheck": 0,"Exact Heap Blocks": 189,"Lossy Heap Blocks": 0,"Plans": [{"Node Type": "Bitmap Index Scan","Parent Relationship": "Outer","Parallel Aware": false,"Async Capable": false,"Index Name": "idx_supplier_nation_key","Startup Cost": 0.00,"Total Cost": 7.29,"Plan Rows": 400,"Plan Width": 0,"Actual Startup Time": 0.140,"Actual Total Time": 0.142,"Actual Rows": 412,"Actual Loops": 1,"Index Cond": "(s_nationkey = nation.n_nationkey)"}]}]},{"Node Type": "Index Scan","Parent Relationship": "Inner","Parallel Aware": false,"Async Capable": false,"Scan Direction": "Forward","Index Name": "idx_partsupp_suppkey","Relation Name": "partsupp","Alias": "partsupp","Startup Cost": 0.42,"Total Cost": 9.07,"Plan Rows": 80,"Plan Width": 18,"Actual Startup Time": 0.019,"Actual Total Time": 0.472,"Actual Rows": 80,"Actual Loops": 412,"Index Cond": "(ps_suppkey = supplier.s_suppkey)","Rows Removed by Index Recheck": 0}]}]}]},"Planning Time": 7.565,"Triggers": [],"Execution Time": 459.165}]
[{"Plan": {"Node Type": "Sort","Parallel Aware": false,"Async Capable": false,"Startup Cost": 10142.20,"Total Cost": 10168.87,"Plan Rows": 10667,"Plan Width": 36,"Actual Startup Time": 443.389,"Actual Total Time": 443.514,"Actual Rows": 1031,"Actual Loops": 1,"Sort Key": ["(sum((partsupp.ps_supplycost * (partsupp.ps_availqty)::numeric))) DESC"],"Sort Method": "quicksort","Sort Space Used": 105,"Sort Space Type": "Memory","Plans": [{"Node Type": "Aggregate","Strategy": "Plain","Partial Mode": "Simple","Parent Relationship": "InitPlan","Subplan Name": "InitPlan 1 (returns $2)","Parallel Aware": false,"Async Capable": false,"Startup Cost": 4434.26,"Total Cost": 4434.27,"Plan Rows": 1,"Plan Width": 32,"Actual Startup Time": 132.940,"Actual Total Time": 132.957,"Actual Rows": 1,"Actual Loops": 1,"Plans": [{"Node Type": "Nested Loop","Parent Relationship": "Outer","Parallel Aware": false,"Async Capable": false,"Join Type": "Inner","Startup Cost": 7.81,"Total Cost": 4194.26,"Plan Rows": 32000,"Plan Width": 10,"Actual Startup Time": 0.263,"Actual Total Time": 125.681,"Actual Rows": 31440,"Actual Loops": 1,"Inner Unique": false,"Plans": [{"Node Type": "Nested Loop","Parent Relationship": "Outer","Parallel Aware": false,"Async Capable": false,"Join Type": "Inner","Startup Cost": 7.38,"Total Cost": 244.58,"Plan Rows": 400,"Plan Width": 4,"Actual Startup Time": 0.205,"Actual Total Time": 1.775,"Actual Rows": 393,"Actual Loops": 1,"Inner Unique": false,"Plans": [{"Node Type": "Seq Scan","Parent Relationship": "Outer","Parallel Aware": false,"Async Capable": false,"Relation Name": "nation","Alias": "nation_1","Startup Cost": 0.00,"Total Cost": 1.31,"Plan Rows": 1,"Plan Width": 4,"Actual Startup Time": 0.056,"Actual Total Time": 0.062,"Actual Rows": 1,"Actual Loops": 1,"Filter": "(n_name = 'UNITED STATES'::bpchar)","Rows Removed by Filter": 24},{"Node Type": "Bitmap Heap Scan","Parent Relationship": "Inner","Parallel Aware": false,"Async Capable": false,"Relation Name": "supplier","Alias": "supplier_1","Startup Cost": 7.38,"Total Cost": 239.27,"Plan Rows": 400,"Plan Width": 8,"Actual Startup Time": 0.126,"Actual Total Time": 1.648,"Actual Rows": 393,"Actual Loops": 1,"Recheck Cond": "(s_nationkey = nation_1.n_nationkey)","Rows Removed by Index Recheck": 0,"Exact Heap Blocks": 181,"Lossy Heap Blocks": 0,"Plans": [{"Node Type": "Bitmap Index Scan","Parent Relationship": "Outer","Parallel Aware": false,"Async Capable": false,"Index Name": "idx_supplier_nation_key","Startup Cost": 0.00,"Total Cost": 7.29,"Plan Rows": 400,"Plan Width": 0,"Actual Startup Time": 0.087,"Actual Total Time": 0.091,"Actual Rows": 393,"Actual Loops": 1,"Index Cond": "(s_nationkey = nation_1.n_nationkey)"}]}]},{"Node Type": "Index Scan","Parent Relationship": "Inner","Parallel Aware": false,"Async Capable": false,"Scan Direction": "Forward","Index Name": "idx_partsupp_suppkey","Relation Name": "partsupp","Alias": "partsupp_1","Startup Cost": 0.42,"Total Cost": 9.07,"Plan Rows": 80,"Plan Width": 14,"Actual Startup Time": 0.015,"Actual Total Time": 0.303,"Actual Rows": 80,"Actual Loops": 393,"Index Cond": "(ps_suppkey = supplier_1.s_suppkey)","Rows Removed by Index Recheck": 0}]}]},{"Node Type": "Aggregate","Strategy": "Hashed","Partial Mode": "Simple","Parent Relationship": "Outer","Parallel Aware": false,"Async Capable": false,"Startup Cost": 4514.26,"Total Cost": 4994.26,"Plan Rows": 10667,"Plan Width": 36,"Actual Startup Time": 371.004,"Actual Total Time": 442.894,"Actual Rows": 1031,"Actual Loops": 1,"Group Key": ["partsupp.ps_partkey"],"Filter": "(sum((partsupp.ps_supplycost * (partsupp.ps_availqty)::numeric)) > $2)","Planned Partitions": 0,"HashAgg Batches": 1,"Peak Memory Usage": 17937,"Disk Usage": 0,"Rows Removed by Filter": 28434,"Plans": [{"Node Type": "Nested Loop","Parent Relationship": "Outer","Parallel Aware": false,"Async Capable": false,"Join Type": "Inner","Startup Cost": 7.81,"Total Cost": 4194.26,"Plan Rows": 32000,"Plan Width": 14,"Actual Startup Time": 0.317,"Actual Total Time": 191.179,"Actual Rows": 31440,"Actual Loops": 1,"Inner Unique": false,"Plans": [{"Node Type": "Nested Loop","Parent Relationship": "Outer","Parallel Aware": false,"Async Capable": false,"Join Type": "Inner","Startup Cost": 7.38,"Total Cost": 244.58,"Plan Rows": 400,"Plan Width": 4,"Actual Startup Time": 0.258,"Actual Total Time": 2.692,"Actual Rows": 393,"Actual Loops": 1,"Inner Unique": false,"Plans": [{"Node Type": "Seq Scan","Parent Relationship": "Outer","Parallel Aware": false,"Async Capable": false,"Relation Name": "nation","Alias": "nation","Startup Cost": 0.00,"Total Cost": 1.31,"Plan Rows": 1,"Plan Width": 4,"Actual Startup Time": 0.065,"Actual Total Time": 0.076,"Actual Rows": 1,"Actual Loops": 1,"Filter": "(n_name = 'UNITED STATES'::bpchar)","Rows Removed by Filter": 24},{"Node Type": "Bitmap Heap Scan","Parent Relationship": "Inner","Parallel Aware": false,"Async Capable": false,"Relation Name": "supplier","Alias": "supplier","Startup Cost": 7.38,"Total Cost": 239.27,"Plan Rows": 400,"Plan Width": 8,"Actual Startup Time": 0.185,"Actual Total Time": 2.562,"Actual Rows": 393,"Actual Loops": 1,"Recheck Cond": "(s_nationkey = nation.n_nationkey)","Rows Removed by Index Recheck": 0,"Exact Heap Blocks": 181,"Lossy Heap Blocks": 0,"Plans": [{"Node Type": "Bitmap Index Scan","Parent Relationship": "Outer","Parallel Aware": false,"Async Capable": false,"Index Name": "idx_supplier_nation_key","Startup Cost": 0.00,"Total Cost": 7.29,"Plan Rows": 400,"Plan Width": 0,"Actual Startup Time": 0.119,"Actual Total Time": 0.122,"Actual Rows": 393,"Actual Loops": 1,"Index Cond": "(s_nationkey = nation.n_nationkey)"}]}]},{"Node Type": "Index Scan","Parent Relationship": "Inner","Parallel Aware": false,"Async Capable": false,"Scan Direction": "Forward","Index Name": "idx_partsupp_suppkey","Relation Name": "partsupp","Alias": "partsupp","Startup Cost": 0.42,"Total Cost": 9.07,"Plan Rows": 80,"Plan Width": 18,"Actual Startup Time": 0.020,"Actual Total Time": 0.468,"Actual Rows": 80,"Actual Loops": 393,"Index Cond": "(ps_suppkey = supplier.s_suppkey)","Rows Removed by Index Recheck": 0}]}]}]},"Planning Time": 7.102,"Triggers": [],"Execution Time": 445.930}]
[{"Plan": {"Node Type": "Sort","Parallel Aware": false,"Async Capable": false,"Startup Cost": 10142.20,"Total Cost": 10168.87,"Plan Rows": 10667,"Plan Width": 36,"Actual Startup Time": 464.748,"Actual Total Time": 464.880,"Actual Rows": 665,"Actual Loops": 1,"Sort Key": ["(sum((partsupp.ps_supplycost * (partsupp.ps_availqty)::numeric))) DESC"],"Sort Method": "quicksort","Sort Space Used": 61,"Sort Space Type": "Memory","Plans": [{"Node Type": "Aggregate","Strategy": "Plain","Partial Mode": "Simple","Parent Relationship": "InitPlan","Subplan Name": "InitPlan 1 (returns $2)","Parallel Aware": false,"Async Capable": false,"Startup Cost": 4434.26,"Total Cost": 4434.27,"Plan Rows": 1,"Plan Width": 32,"Actual Startup Time": 134.444,"Actual Total Time": 134.478,"Actual Rows": 1,"Actual Loops": 1,"Plans": [{"Node Type": "Nested Loop","Parent Relationship": "Outer","Parallel Aware": false,"Async Capable": false,"Join Type": "Inner","Startup Cost": 7.81,"Total Cost": 4194.26,"Plan Rows": 32000,"Plan Width": 10,"Actual Startup Time": 0.195,"Actual Total Time": 126.758,"Actual Rows": 33600,"Actual Loops": 1,"Inner Unique": false,"Plans": [{"Node Type": "Nested Loop","Parent Relationship": "Outer","Parallel Aware": false,"Async Capable": false,"Join Type": "Inner","Startup Cost": 7.38,"Total Cost": 244.58,"Plan Rows": 400,"Plan Width": 4,"Actual Startup Time": 0.143,"Actual Total Time": 1.895,"Actual Rows": 420,"Actual Loops": 1,"Inner Unique": false,"Plans": [{"Node Type": "Seq Scan","Parent Relationship": "Outer","Parallel Aware": false,"Async Capable": false,"Relation Name": "nation","Alias": "nation_1","Startup Cost": 0.00,"Total Cost": 1.31,"Plan Rows": 1,"Plan Width": 4,"Actual Startup Time": 0.024,"Actual Total Time": 0.046,"Actual Rows": 1,"Actual Loops": 1,"Filter": "(n_name = 'ALGERIA'::bpchar)","Rows Removed by Filter": 24},{"Node Type": "Bitmap Heap Scan","Parent Relationship": "Inner","Parallel Aware": false,"Async Capable": false,"Relation Name": "supplier","Alias": "supplier_1","Startup Cost": 7.38,"Total Cost": 239.27,"Plan Rows": 400,"Plan Width": 8,"Actual Startup Time": 0.107,"Actual Total Time": 1.788,"Actual Rows": 420,"Actual Loops": 1,"Recheck Cond": "(s_nationkey = nation_1.n_nationkey)","Rows Removed by Index Recheck": 0,"Exact Heap Blocks": 197,"Lossy Heap Blocks": 0,"Plans": [{"Node Type": "Bitmap Index Scan","Parent Relationship": "Outer","Parallel Aware": false,"Async Capable": false,"Index Name": "idx_supplier_nation_key","Startup Cost": 0.00,"Total Cost": 7.29,"Plan Rows": 400,"Plan Width": 0,"Actual Startup Time": 0.069,"Actual Total Time": 0.076,"Actual Rows": 420,"Actual Loops": 1,"Index Cond": "(s_nationkey = nation_1.n_nationkey)"}]}]},{"Node Type": "Index Scan","Parent Relationship": "Inner","Parallel Aware": false,"Async Capable": false,"Scan Direction": "Forward","Index Name": "idx_partsupp_suppkey","Relation Name": "partsupp","Alias": "partsupp_1","Startup Cost": 0.42,"Total Cost": 9.07,"Plan Rows": 80,"Plan Width": 14,"Actual Startup Time": 0.014,"Actual Total Time": 0.285,"Actual Rows": 80,"Actual Loops": 420,"Index Cond": "(ps_suppkey = supplier_1.s_suppkey)","Rows Removed by Index Recheck": 0}]}]},{"Node Type": "Aggregate","Strategy": "Hashed","Partial Mode": "Simple","Parent Relationship": "Outer","Parallel Aware": false,"Async Capable": false,"Startup Cost": 4514.26,"Total Cost": 4994.26,"Plan Rows": 10667,"Plan Width": 36,"Actual Startup Time": 388.152,"Actual Total Time": 464.346,"Actual Rows": 665,"Actual Loops": 1,"Group Key": ["partsupp.ps_partkey"],"Filter": "(sum((partsupp.ps_supplycost * (partsupp.ps_availqty)::numeric)) > $2)","Planned Partitions": 0,"HashAgg Batches": 1,"Peak Memory Usage": 17937,"Disk Usage": 0,"Rows Removed by Filter": 30920,"Plans": [{"Node Type": "Nested Loop","Parent Relationship": "Outer","Parallel Aware": false,"Async Capable": false,"Join Type": "Inner","Startup Cost": 7.81,"Total Cost": 4194.26,"Plan Rows": 32000,"Plan Width": 14,"Actual Startup Time": 0.388,"Actual Total Time": 207.629,"Actual Rows": 33600,"Actual Loops": 1,"Inner Unique": false,"Plans": [{"Node Type": "Nested Loop","Parent Relationship": "Outer","Parallel Aware": false,"Async Capable": false,"Join Type": "Inner","Startup Cost": 7.38,"Total Cost": 244.58,"Plan Rows": 400,"Plan Width": 4,"Actual Startup Time": 0.274,"Actual Total Time": 2.984,"Actual Rows": 420,"Actual Loops": 1,"Inner Unique": false,"Plans": [{"Node Type": "Seq Scan","Parent Relationship": "Outer","Parallel Aware": false,"Async Capable": false,"Relation Name": "nation","Alias": "nation","Startup Cost": 0.00,"Total Cost": 1.31,"Plan Rows": 1,"Plan Width": 4,"Actual Startup Time": 0.081,"Actual Total Time": 0.099,"Actual Rows": 1,"Actual Loops": 1,"Filter": "(n_name = 'ALGERIA'::bpchar)","Rows Removed by Filter": 24},{"Node Type": "Bitmap Heap Scan","Parent Relationship": "Inner","Parallel Aware": false,"Async Capable": false,"Relation Name": "supplier","Alias": "supplier","Startup Cost": 7.38,"Total Cost": 239.27,"Plan Rows": 400,"Plan Width": 8,"Actual Startup Time": 0.184,"Actual Total Time": 2.823,"Actual Rows": 420,"Actual Loops": 1,"Recheck Cond": "(s_nationkey = nation.n_nationkey)","Rows Removed by Index Recheck": 0,"Exact Heap Blocks": 197,"Lossy Heap Blocks": 0,"Plans": [{"Node Type": "Bitmap Index Scan","Parent Relationship": "Outer","Parallel Aware": false,"Async Capable": false,"Index Name": "idx_supplier_nation_key","Startup Cost": 0.00,"Total Cost": 7.29,"Plan Rows": 400,"Plan Width": 0,"Actual Startup Time": 0.105,"Actual Total Time": 0.106,"Actual Rows": 420,"Actual Loops": 1,"Index Cond": "(s_nationkey = nation.n_nationkey)"}]}]},{"Node Type": "Index Scan","Parent Relationship": "Inner","Parallel Aware": false,"Async Capable": false,"Scan Direction": "Forward","Index Name": "idx_partsupp_suppkey","Relation Name": "partsupp","Alias": "partsupp","Startup Cost": 0.42,"Total Cost": 9.07,"Plan Rows": 80,"Plan Width": 18,"Actual Startup Time": 0.019,"Actual Total Time": 0.475,"Actual Rows": 80,"Actual Loops": 420,"Index Cond": "(ps_suppkey = supplier.s_suppkey)","Rows Removed by Index Recheck": 0}]}]}]},"Planning Time": 6.930,"Triggers": [],"Execution Time": 468.122}]
[{"Plan": {"Node Type": "Sort","Parallel Aware": false,"Async Capable": false,"Startup Cost": 10142.20,"Total Cost": 10168.87,"Plan Rows": 10667,"Plan Width": 36,"Actual Startup Time": 428.583,"Actual Total Time": 428.704,"Actual Rows": 1225,"Actual Loops": 1,"Sort Key": ["(sum((partsupp.ps_supplycost * (partsupp.ps_availqty)::numeric))) DESC"],"Sort Method": "quicksort","Sort Space Used": 116,"Sort Space Type": "Memory","Plans": [{"Node Type": "Aggregate","Strategy": "Plain","Partial Mode": "Simple","Parent Relationship": "InitPlan","Subplan Name": "InitPlan 1 (returns $2)","Parallel Aware": false,"Async Capable": false,"Startup Cost": 4434.26,"Total Cost": 4434.27,"Plan Rows": 1,"Plan Width": 32,"Actual Startup Time": 128.590,"Actual Total Time": 128.610,"Actual Rows": 1,"Actual Loops": 1,"Plans": [{"Node Type": "Nested Loop","Parent Relationship": "Outer","Parallel Aware": false,"Async Capable": false,"Join Type": "Inner","Startup Cost": 7.81,"Total Cost": 4194.26,"Plan Rows": 32000,"Plan Width": 10,"Actual Startup Time": 0.200,"Actual Total Time": 121.660,"Actual Rows": 30160,"Actual Loops": 1,"Inner Unique": false,"Plans": [{"Node Type": "Nested Loop","Parent Relationship": "Outer","Parallel Aware": false,"Async Capable": false,"Join Type": "Inner","Startup Cost": 7.38,"Total Cost": 244.58,"Plan Rows": 400,"Plan Width": 4,"Actual Startup Time": 0.145,"Actual Total Time": 1.678,"Actual Rows": 377,"Actual Loops": 1,"Inner Unique": false,"Plans": [{"Node Type": "Seq Scan","Parent Relationship": "Outer","Parallel Aware": false,"Async Capable": false,"Relation Name": "nation","Alias": "nation_1","Startup Cost": 0.00,"Total Cost": 1.31,"Plan Rows": 1,"Plan Width": 4,"Actual Startup Time": 0.022,"Actual Total Time": 0.041,"Actual Rows": 1,"Actual Loops": 1,"Filter": "(n_name = 'JAPAN'::bpchar)","Rows Removed by Filter": 24},{"Node Type": "Bitmap Heap Scan","Parent Relationship": "Inner","Parallel Aware": false,"Async Capable": false,"Relation Name": "supplier","Alias": "supplier_1","Startup Cost": 7.38,"Total Cost": 239.27,"Plan Rows": 400,"Plan Width": 8,"Actual Startup Time": 0.107,"Actual Total Time": 1.581,"Actual Rows": 377,"Actual Loops": 1,"Recheck Cond": "(s_nationkey = nation_1.n_nationkey)","Rows Removed by Index Recheck": 0,"Exact Heap Blocks": 180,"Lossy Heap Blocks": 0,"Plans": [{"Node Type": "Bitmap Index Scan","Parent Relationship": "Outer","Parallel Aware": false,"Async Capable": false,"Index Name": "idx_supplier_nation_key","Startup Cost": 0.00,"Total Cost": 7.29,"Plan Rows": 400,"Plan Width": 0,"Actual Startup Time": 0.073,"Actual Total Time": 0.079,"Actual Rows": 377,"Actual Loops": 1,"Index Cond": "(s_nationkey = nation_1.n_nationkey)"}]}]},{"Node Type": "Index Scan","Parent Relationship": "Inner","Parallel Aware": false,"Async Capable": false,"Scan Direction": "Forward","Index Name": "idx_partsupp_suppkey","Relation Name": "partsupp","Alias": "partsupp_1","Startup Cost": 0.42,"Total Cost": 9.07,"Plan Rows": 80,"Plan Width": 14,"Actual Startup Time": 0.015,"Actual Total Time": 0.306,"Actual Rows": 80,"Actual Loops": 377,"Index Cond": "(ps_suppkey = supplier_1.s_suppkey)","Rows Removed by Index Recheck": 0}]}]},{"Node Type": "Aggregate","Strategy": "Hashed","Partial Mode": "Simple","Parent Relationship": "Outer","Parallel Aware": false,"Async Capable": false,"Startup Cost": 4514.26,"Total Cost": 4994.26,"Plan Rows": 10667,"Plan Width": 36,"Actual Startup Time": 361.803,"Actual Total Time": 428.043,"Actual Rows": 1225,"Actual Loops": 1,"Group Key": ["partsupp.ps_partkey"],"Filter": "(sum((partsupp.ps_supplycost * (partsupp.ps_availqty)::numeric)) > $2)","Planned Partitions": 0,"HashAgg Batches": 1,"Peak Memory Usage": 17937,"Disk Usage": 0,"Rows Removed by Filter": 27290,"Plans": [{"Node Type": "Nested Loop","Parent Relationship": "Outer","Parallel Aware": false,"Async Capable": false,"Join Type": "Inner","Startup Cost": 7.81,"Total Cost": 4194.26,"Plan Rows": 32000,"Plan Width": 14,"Actual Startup Time": 0.353,"Actual Total Time": 190.903,"Actual Rows": 30160,"Actual Loops": 1,"Inner Unique": false,"Plans": [{"Node Type": "Nested Loop","Parent Relationship": "Outer","Parallel Aware": false,"Async Capable": false,"Join Type": "Inner","Startup Cost": 7.38,"Total Cost": 244.58,"Plan Rows": 400,"Plan Width": 4,"Actual Startup Time": 0.276,"Actual Total Time": 2.652,"Actual Rows": 377,"Actual Loops": 1,"Inner Unique": false,"Plans": [{"Node Type": "Seq Scan","Parent Relationship": "Outer","Parallel Aware": false,"Async Capable": false,"Relation Name": "nation","Alias": "nation","Startup Cost": 0.00,"Total Cost": 1.31,"Plan Rows": 1,"Plan Width": 4,"Actual Startup Time": 0.069,"Actual Total Time": 0.093,"Actual Rows": 1,"Actual Loops": 1,"Filter": "(n_name = 'JAPAN'::bpchar)","Rows Removed by Filter": 24},{"Node Type": "Bitmap Heap Scan","Parent Relationship": "Inner","Parallel Aware": false,"Async Capable": false,"Relation Name": "supplier","Alias": "supplier","Startup Cost": 7.38,"Total Cost": 239.27,"Plan Rows": 400,"Plan Width": 8,"Actual Startup Time": 0.204,"Actual Total Time": 2.512,"Actual Rows": 377,"Actual Loops": 1,"Recheck Cond": "(s_nationkey = nation.n_nationkey)","Rows Removed by Index Recheck": 0,"Exact Heap Blocks": 180,"Lossy Heap Blocks": 0,"Plans": [{"Node Type": "Bitmap Index Scan","Parent Relationship": "Outer","Parallel Aware": false,"Async Capable": false,"Index Name": "idx_supplier_nation_key","Startup Cost": 0.00,"Total Cost": 7.29,"Plan Rows": 400,"Plan Width": 0,"Actual Startup Time": 0.135,"Actual Total Time": 0.136,"Actual Rows": 377,"Actual Loops": 1,"Index Cond": "(s_nationkey = nation.n_nationkey)"}]}]},{"Node Type": "Index Scan","Parent Relationship": "Inner","Parallel Aware": false,"Async Capable": false,"Scan Direction": "Forward","Index Name": "idx_partsupp_suppkey","Relation Name": "partsupp","Alias": "partsupp","Startup Cost": 0.42,"Total Cost": 9.07,"Plan Rows": 80,"Plan Width": 18,"Actual Startup Time": 0.021,"Actual Total Time": 0.488,"Actual Rows": 80,"Actual Loops": 377,"Index Cond": "(ps_suppkey = supplier.s_suppkey)","Rows Removed by Index Recheck": 0}]}]}]},"Planning Time": 6.421,"Triggers": [],"Execution Time": 431.115}]
[{"Plan": {"Node Type": "Sort","Parallel Aware": false,"Async Capable": false,"Startup Cost": 10142.20,"Total Cost": 10168.87,"Plan Rows": 10667,"Plan Width": 36,"Actual Startup Time": 452.788,"Actual Total Time": 452.912,"Actual Rows": 869,"Actual Loops": 1,"Sort Key": ["(sum((partsupp.ps_supplycost * (partsupp.ps_availqty)::numeric))) DESC"],"Sort Method": "quicksort","Sort Space Used": 72,"Sort Space Type": "Memory","Plans": [{"Node Type": "Aggregate","Strategy": "Plain","Partial Mode": "Simple","Parent Relationship": "InitPlan","Subplan Name": "InitPlan 1 (returns $2)","Parallel Aware": false,"Async Capable": false,"Startup Cost": 4434.26,"Total Cost": 4434.27,"Plan Rows": 1,"Plan Width": 32,"Actual Startup Time": 133.523,"Actual Total Time": 133.544,"Actual Rows": 1,"Actual Loops": 1,"Plans": [{"Node Type": "Nested Loop","Parent Relationship": "Outer","Parallel Aware": false,"Async Capable": false,"Join Type": "Inner","Startup Cost": 7.81,"Total Cost": 4194.26,"Plan Rows": 32000,"Plan Width": 10,"Actual Startup Time": 0.165,"Actual Total Time": 126.080,"Actual Rows": 32560,"Actual Loops": 1,"Inner Unique": false,"Plans": [{"Node Type": "Nested Loop","Parent Relationship": "Outer","Parallel Aware": false,"Async Capable": false,"Join Type": "Inner","Startup Cost": 7.38,"Total Cost": 244.58,"Plan Rows": 400,"Plan Width": 4,"Actual Startup Time": 0.133,"Actual Total Time": 1.798,"Actual Rows": 407,"Actual Loops": 1,"Inner Unique": false,"Plans": [{"Node Type": "Seq Scan","Parent Relationship": "Outer","Parallel Aware": false,"Async Capable": false,"Relation Name": "nation","Alias": "nation_1","Startup Cost": 0.00,"Total Cost": 1.31,"Plan Rows": 1,"Plan Width": 4,"Actual Startup Time": 0.028,"Actual Total Time": 0.044,"Actual Rows": 1,"Actual Loops": 1,"Filter": "(n_name = 'CHINA'::bpchar)","Rows Removed by Filter": 24},{"Node Type": "Bitmap Heap Scan","Parent Relationship": "Inner","Parallel Aware": false,"Async Capable": false,"Relation Name": "supplier","Alias": "supplier_1","Startup Cost": 7.38,"Total Cost": 239.27,"Plan Rows": 400,"Plan Width": 8,"Actual Startup Time": 0.091,"Actual Total Time": 1.697,"Actual Rows": 407,"Actual Loops": 1,"Recheck Cond": "(s_nationkey = nation_1.n_nationkey)","Rows Removed by Index Recheck": 0,"Exact Heap Blocks": 186,"Lossy Heap Blocks": 0,"Plans": [{"Node Type": "Bitmap Index Scan","Parent Relationship": "Outer","Parallel Aware": false,"Async Capable": false,"Index Name": "idx_supplier_nation_key","Startup Cost": 0.00,"Total Cost": 7.29,"Plan Rows": 400,"Plan Width": 0,"Actual Startup Time": 0.055,"Actual Total Time": 0.061,"Actual Rows": 407,"Actual Loops": 1,"Index Cond": "(s_nationkey = nation_1.n_nationkey)"}]}]},{"Node Type": "Index Scan","Parent Relationship": "Inner","Parallel Aware": false,"Async Capable": false,"Scan Direction": "Forward","Index Name": "idx_partsupp_suppkey","Relation Name": "partsupp","Alias": "partsupp_1","Startup Cost": 0.42,"Total Cost": 9.07,"Plan Rows": 80,"Plan Width": 14,"Actual Startup Time": 0.014,"Actual Total Time": 0.293,"Actual Rows": 80,"Actual Loops": 407,"Index Cond": "(ps_suppkey = supplier_1.s_suppkey)","Rows Removed by Index Recheck": 0}]}]},{"Node Type": "Aggregate","Strategy": "Hashed","Partial Mode": "Simple","Parent Relationship": "Outer","Parallel Aware": false,"Async Capable": false,"Startup Cost": 4514.26,"Total Cost": 4994.26,"Plan Rows": 10667,"Plan Width": 36,"Actual Startup Time": 377.714,"Actual Total Time": 452.344,"Actual Rows": 869,"Actual Loops": 1,"Group Key": ["partsupp.ps_partkey"],"Filter": "(sum((partsupp.ps_supplycost * (partsupp.ps_availqty)::numeric)) > $2)","Planned Partitions": 0,"HashAgg Batches": 1,"Peak Memory Usage": 17937,"Disk Usage": 0,"Rows Removed by Filter": 29770,"Plans": [{"Node Type": "Nested Loop","Parent Relationship": "Outer","Parallel Aware": false,"Async Capable": false,"Join Type": "Inner","Startup Cost": 7.81,"Total Cost": 4194.26,"Plan Rows": 32000,"Plan Width": 14,"Actual Startup Time": 0.336,"Actual Total Time": 203.001,"Actual Rows": 32560,"Actual Loops": 1,"Inner Unique": false,"Plans": [{"Node Type": "Nested Loop","Parent Relationship": "Outer","Parallel Aware": false,"Async Capable": false,"Join Type": "Inner","Startup Cost": 7.38,"Total Cost": 244.58,"Plan Rows": 400,"Plan Width": 4,"Actual Startup Time": 0.273,"Actual Total Time": 2.796,"Actual Rows": 407,"Actual Loops": 1,"Inner Unique": false,"Plans": [{"Node Type": "Seq Scan","Parent Relationship": "Outer","Parallel Aware": false,"Async Capable": false,"Relation Name": "nation","Alias": "nation","Startup Cost": 0.00,"Total Cost": 1.31,"Plan Rows": 1,"Plan Width": 4,"Actual Startup Time": 0.063,"Actual Total Time": 0.079,"Actual Rows": 1,"Actual Loops": 1,"Filter": "(n_name = 'CHINA'::bpchar)","Rows Removed by Filter": 24},{"Node Type": "Bitmap Heap Scan","Parent Relationship": "Inner","Parallel Aware": false,"Async Capable": false,"Relation Name": "supplier","Alias": "supplier","Startup Cost": 7.38,"Total Cost": 239.27,"Plan Rows": 400,"Plan Width": 8,"Actual Startup Time": 0.204,"Actual Total Time": 2.666,"Actual Rows": 407,"Actual Loops": 1,"Recheck Cond": "(s_nationkey = nation.n_nationkey)","Rows Removed by Index Recheck": 0,"Exact Heap Blocks": 186,"Lossy Heap Blocks": 0,"Plans": [{"Node Type": "Bitmap Index Scan","Parent Relationship": "Outer","Parallel Aware": false,"Async Capable": false,"Index Name": "idx_supplier_nation_key","Startup Cost": 0.00,"Total Cost": 7.29,"Plan Rows": 400,"Plan Width": 0,"Actual Startup Time": 0.129,"Actual Total Time": 0.129,"Actual Rows": 407,"Actual Loops": 1,"Index Cond": "(s_nationkey = nation.n_nationkey)"}]}]},{"Node Type": "Index Scan","Parent Relationship": "Inner","Parallel Aware": false,"Async Capable": false,"Scan Direction": "Forward","Index Name": "idx_partsupp_suppkey","Relation Name": "partsupp","Alias": "partsupp","Startup Cost": 0.42,"Total Cost": 9.07,"Plan Rows": 80,"Plan Width": 18,"Actual Startup Time": 0.020,"Actual Total Time": 0.480,"Actual Rows": 80,"Actual Loops": 407,"Index Cond": "(ps_suppkey = supplier.s_suppkey)","Rows Removed by Index Recheck": 0}]}]}]},"Planning Time": 7.317,"Triggers": [],"Execution Time": 456.700}]
[{"Plan": {"Node Type": "Sort","Parallel Aware": false,"Async Capable": false,"Startup Cost": 10142.20,"Total Cost": 10168.87,"Plan Rows": 10667,"Plan Width": 36,"Actual Startup Time": 448.636,"Actual Total Time": 448.779,"Actual Rows": 979,"Actual Loops": 1,"Sort Key": ["(sum((partsupp.ps_supplycost * (partsupp.ps_availqty)::numeric))) DESC"],"Sort Method": "quicksort","Sort Space Used": 78,"Sort Space Type": "Memory","Plans": [{"Node Type": "Aggregate","Strategy": "Plain","Partial Mode": "Simple","Parent Relationship": "InitPlan","Subplan Name": "InitPlan 1 (returns $2)","Parallel Aware": false,"Async Capable": false,"Startup Cost": 4434.26,"Total Cost": 4434.27,"Plan Rows": 1,"Plan Width": 32,"Actual Startup Time": 130.424,"Actual Total Time": 130.461,"Actual Rows": 1,"Actual Loops": 1,"Plans": [{"Node Type": "Nested Loop","Parent Relationship": "Outer","Parallel Aware": false,"Async Capable": false,"Join Type": "Inner","Startup Cost": 7.81,"Total Cost": 4194.26,"Plan Rows": 32000,"Plan Width": 10,"Actual Startup Time": 0.191,"Actual Total Time": 123.113,"Actual Rows": 31920,"Actual Loops": 1,"Inner Unique": false,"Plans": [{"Node Type": "Nested Loop","Parent Relationship": "Outer","Parallel Aware": false,"Async Capable": false,"Join Type": "Inner","Startup Cost": 7.38,"Total Cost": 244.58,"Plan Rows": 400,"Plan Width": 4,"Actual Startup Time": 0.152,"Actual Total Time": 1.823,"Actual Rows": 399,"Actual Loops": 1,"Inner Unique": false,"Plans": [{"Node Type": "Seq Scan","Parent Relationship": "Outer","Parallel Aware": false,"Async Capable": false,"Relation Name": "nation","Alias": "nation_1","Startup Cost": 0.00,"Total Cost": 1.31,"Plan Rows": 1,"Plan Width": 4,"Actual Startup Time": 0.042,"Actual Total Time": 0.060,"Actual Rows": 1,"Actual Loops": 1,"Filter": "(n_name = 'VIETNAM'::bpchar)","Rows Removed by Filter": 24},{"Node Type": "Bitmap Heap Scan","Parent Relationship": "Inner","Parallel Aware": false,"Async Capable": false,"Relation Name": "supplier","Alias": "supplier_1","Startup Cost": 7.38,"Total Cost": 239.27,"Plan Rows": 400,"Plan Width": 8,"Actual Startup Time": 0.095,"Actual Total Time": 1.696,"Actual Rows": 399,"Actual Loops": 1,"Recheck Cond": "(s_nationkey = nation_1.n_nationkey)","Rows Removed by Index Recheck": 0,"Exact Heap Blocks": 191,"Lossy Heap Blocks": 0,"Plans": [{"Node Type": "Bitmap Index Scan","Parent Relationship": "Outer","Parallel Aware": false,"Async Capable": false,"Index Name": "idx_supplier_nation_key","Startup Cost": 0.00,"Total Cost": 7.29,"Plan Rows": 400,"Plan Width": 0,"Actual Startup Time": 0.057,"Actual Total Time": 0.061,"Actual Rows": 399,"Actual Loops": 1,"Index Cond": "(s_nationkey = nation_1.n_nationkey)"}]}]},{"Node Type": "Index Scan","Parent Relationship": "Inner","Parallel Aware": false,"Async Capable": false,"Scan Direction": "Forward","Index Name": "idx_partsupp_suppkey","Relation Name": "partsupp","Alias": "partsupp_1","Startup Cost": 0.42,"Total Cost": 9.07,"Plan Rows": 80,"Plan Width": 14,"Actual Startup Time": 0.014,"Actual Total Time": 0.292,"Actual Rows": 80,"Actual Loops": 399,"Index Cond": "(ps_suppkey = supplier_1.s_suppkey)","Rows Removed by Index Recheck": 0}]}]},{"Node Type": "Aggregate","Strategy": "Hashed","Partial Mode": "Simple","Parent Relationship": "Outer","Parallel Aware": false,"Async Capable": false,"Startup Cost": 4514.26,"Total Cost": 4994.26,"Plan Rows": 10667,"Plan Width": 36,"Actual Startup Time": 376.224,"Actual Total Time": 448.108,"Actual Rows": 979,"Actual Loops": 1,"Group Key": ["partsupp.ps_partkey"],"Filter": "(sum((partsupp.ps_supplycost * (partsupp.ps_availqty)::numeric)) > $2)","Planned Partitions": 0,"HashAgg Batches": 1,"Peak Memory Usage": 17937,"Disk Usage": 0,"Rows Removed by Filter": 29153,"Plans": [{"Node Type": "Nested Loop","Parent Relationship": "Outer","Parallel Aware": false,"Async Capable": false,"Join Type": "Inner","Startup Cost": 7.81,"Total Cost": 4194.26,"Plan Rows": 32000,"Plan Width": 14,"Actual Startup Time": 0.359,"Actual Total Time": 202.215,"Actual Rows": 31920,"Actual Loops": 1,"Inner Unique": false,"Plans": [{"Node Type": "Nested Loop","Parent Relationship": "Outer","Parallel Aware": false,"Async Capable": false,"Join Type": "Inner","Startup Cost": 7.38,"Total Cost": 244.58,"Plan Rows": 400,"Plan Width": 4,"Actual Startup Time": 0.271,"Actual Total Time": 2.875,"Actual Rows": 399,"Actual Loops": 1,"Inner Unique": false,"Plans": [{"Node Type": "Seq Scan","Parent Relationship": "Outer","Parallel Aware": false,"Async Capable": false,"Relation Name": "nation","Alias": "nation","Startup Cost": 0.00,"Total Cost": 1.31,"Plan Rows": 1,"Plan Width": 4,"Actual Startup Time": 0.081,"Actual Total Time": 0.101,"Actual Rows": 1,"Actual Loops": 1,"Filter": "(n_name = 'VIETNAM'::bpchar)","Rows Removed by Filter": 24},{"Node Type": "Bitmap Heap Scan","Parent Relationship": "Inner","Parallel Aware": false,"Async Capable": false,"Relation Name": "supplier","Alias": "supplier","Startup Cost": 7.38,"Total Cost": 239.27,"Plan Rows": 400,"Plan Width": 8,"Actual Startup Time": 0.181,"Actual Total Time": 2.716,"Actual Rows": 399,"Actual Loops": 1,"Recheck Cond": "(s_nationkey = nation.n_nationkey)","Rows Removed by Index Recheck": 0,"Exact Heap Blocks": 191,"Lossy Heap Blocks": 0,"Plans": [{"Node Type": "Bitmap Index Scan","Parent Relationship": "Outer","Parallel Aware": false,"Async Capable": false,"Index Name": "idx_supplier_nation_key","Startup Cost": 0.00,"Total Cost": 7.29,"Plan Rows": 400,"Plan Width": 0,"Actual Startup Time": 0.120,"Actual Total Time": 0.121,"Actual Rows": 399,"Actual Loops": 1,"Index Cond": "(s_nationkey = nation.n_nationkey)"}]}]},{"Node Type": "Index Scan","Parent Relationship": "Inner","Parallel Aware": false,"Async Capable": false,"Scan Direction": "Forward","Index Name": "idx_partsupp_suppkey","Relation Name": "partsupp","Alias": "partsupp","Startup Cost": 0.42,"Total Cost": 9.07,"Plan Rows": 80,"Plan Width": 18,"Actual Startup Time": 0.019,"Actual Total Time": 0.488,"Actual Rows": 80,"Actual Loops": 399,"Index Cond": "(ps_suppkey = supplier.s_suppkey)","Rows Removed by Index Recheck": 0}]}]}]},"Planning Time": 6.254,"Triggers": [],"Execution Time": 451.997}]
[{"Plan": {"Node Type": "Sort","Parallel Aware": false,"Async Capable": false,"Startup Cost": 10142.20,"Total Cost": 10168.87,"Plan Rows": 10667,"Plan Width": 36,"Actual Startup Time": 448.636,"Actual Total Time": 448.779,"Actual Rows": 979,"Actual Loops": 1,"Sort Key": ["(sum((partsupp.ps_supplycost * (partsupp.ps_availqty)::numeric))) DESC"],"Sort Method": "quicksort","Sort Space Used": 78,"Sort Space Type": "Memory","Plans": [{"Node Type": "Aggregate","Strategy": "Plain","Partial Mode": "Simple","Parent Relationship": "InitPlan","Subplan Name": "InitPlan 1 (returns $2)","Parallel Aware": false,"Async Capable": false,"Startup Cost": 4434.26,"Total Cost": 4434.27,"Plan Rows": 1,"Plan Width": 32,"Actual Startup Time": 130.424,"Actual Total Time": 130.461,"Actual Rows": 1,"Actual Loops": 1,"Plans": [{"Node Type": "Nested Loop","Parent Relationship": "Outer","Parallel Aware": false,"Async Capable": false,"Join Type": "Inner","Startup Cost": 7.81,"Total Cost": 4194.26,"Plan Rows": 32000,"Plan Width": 10,"Actual Startup Time": 0.191,"Actual Total Time": 123.113,"Actual Rows": 31920,"Actual Loops": 1,"Inner Unique": false,"Plans": [{"Node Type": "Nested Loop","Parent Relationship": "Outer","Parallel Aware": false,"Async Capable": false,"Join Type": "Inner","Startup Cost": 7.38,"Total Cost": 244.58,"Plan Rows": 400,"Plan Width": 4,"Actual Startup Time": 0.152,"Actual Total Time": 1.823,"Actual Rows": 399,"Actual Loops": 1,"Inner Unique": false,"Plans": [{"Node Type": "Seq Scan","Parent Relationship": "Outer","Parallel Aware": false,"Async Capable": false,"Relation Name": "nation","Alias": "nation_1","Startup Cost": 0.00,"Total Cost": 1.31,"Plan Rows": 1,"Plan Width": 4,"Actual Startup Time": 0.042,"Actual Total Time": 0.060,"Actual Rows": 1,"Actual Loops": 1,"Filter": "(n_name = 'VIETNAM'::bpchar)","Rows Removed by Filter": 24},{"Node Type": "Bitmap Heap Scan","Parent Relationship": "Inner","Parallel Aware": false,"Async Capable": false,"Relation Name": "supplier","Alias": "supplier_1","Startup Cost": 7.38,"Total Cost": 239.27,"Plan Rows": 400,"Plan Width": 8,"Actual Startup Time": 0.095,"Actual Total Time": 1.696,"Actual Rows": 399,"Actual Loops": 1,"Recheck Cond": "(s_nationkey = nation_1.n_nationkey)","Rows Removed by Index Recheck": 0,"Exact Heap Blocks": 191,"Lossy Heap Blocks": 0,"Plans": [{"Node Type": "Bitmap Index Scan","Parent Relationship": "Outer","Parallel Aware": false,"Async Capable": false,"Index Name": "idx_supplier_nation_key","Startup Cost": 0.00,"Total Cost": 7.29,"Plan Rows": 400,"Plan Width": 0,"Actual Startup Time": 0.057,"Actual Total Time": 0.061,"Actual Rows": 399,"Actual Loops": 1,"Index Cond": "(s_nationkey = nation_1.n_nationkey)"}]}]},{"Node Type": "Index Scan","Parent Relationship": "Inner","Parallel Aware": false,"Async Capable": false,"Scan Direction": "Forward","Index Name": "idx_partsupp_suppkey","Relation Name": "partsupp","Alias": "partsupp_1","Startup Cost": 0.42,"Total Cost": 9.07,"Plan Rows": 80,"Plan Width": 14,"Actual Startup Time": 0.014,"Actual Total Time": 0.292,"Actual Rows": 80,"Actual Loops": 399,"Index Cond": "(ps_suppkey = supplier_1.s_suppkey)","Rows Removed by Index Recheck": 0}]}]},{"Node Type": "Aggregate","Strategy": "Hashed","Partial Mode": "Simple","Parent Relationship": "Outer","Parallel Aware": false,"Async Capable": false,"Startup Cost": 4514.26,"Total Cost": 4994.26,"Plan Rows": 10667,"Plan Width": 36,"Actual Startup Time": 376.224,"Actual Total Time": 448.108,"Actual Rows": 979,"Actual Loops": 1,"Group Key": ["partsupp.ps_partkey"],"Filter": "(sum((partsupp.ps_supplycost * (partsupp.ps_availqty)::numeric)) > $2)","Planned Partitions": 0,"HashAgg Batches": 1,"Peak Memory Usage": 17937,"Disk Usage": 0,"Rows Removed by Filter": 29153,"Plans": [{"Node Type": "Nested Loop","Parent Relationship": "Outer","Parallel Aware": false,"Async Capable": false,"Join Type": "Inner","Startup Cost": 7.81,"Total Cost": 4194.26,"Plan Rows": 32000,"Plan Width": 14,"Actual Startup Time": 0.359,"Actual Total Time": 202.215,"Actual Rows": 31920,"Actual Loops": 1,"Inner Unique": false,"Plans": [{"Node Type": "Nested Loop","Parent Relationship": "Outer","Parallel Aware": false,"Async Capable": false,"Join Type": "Inner","Startup Cost": 7.38,"Total Cost": 244.58,"Plan Rows": 400,"Plan Width": 4,"Actual Startup Time": 0.271,"Actual Total Time": 2.875,"Actual Rows": 399,"Actual Loops": 1,"Inner Unique": false,"Plans": [{"Node Type": "Seq Scan","Parent Relationship": "Outer","Parallel Aware": false,"Async Capable": false,"Relation Name": "nation","Alias": "nation","Startup Cost": 0.00,"Total Cost": 1.31,"Plan Rows": 1,"Plan Width": 4,"Actual Startup Time": 0.081,"Actual Total Time": 0.101,"Actual Rows": 1,"Actual Loops": 1,"Filter": "(n_name = 'VIETNAM'::bpchar)","Rows Removed by Filter": 24},{"Node Type": "Bitmap Heap Scan","Parent Relationship": "Inner","Parallel Aware": false,"Async Capable": false,"Relation Name": "supplier","Alias": "supplier","Startup Cost": 7.38,"Total Cost": 239.27,"Plan Rows": 400,"Plan Width": 8,"Actual Startup Time": 0.181,"Actual Total Time": 2.716,"Actual Rows": 399,"Actual Loops": 1,"Recheck Cond": "(s_nationkey = nation.n_nationkey)","Rows Removed by Index Recheck": 0,"Exact Heap Blocks": 191,"Lossy Heap Blocks": 0,"Plans": [{"Node Type": "Bitmap Index Scan","Parent Relationship": "Outer","Parallel Aware": false,"Async Capable": false,"Index Name": "idx_supplier_nation_key","Startup Cost": 0.00,"Total Cost": 7.29,"Plan Rows": 400,"Plan Width": 0,"Actual Startup Time": 0.120,"Actual Total Time": 0.121,"Actual Rows": 399,"Actual Loops": 1,"Index Cond": "(s_nationkey = nation.n_nationkey)"}]}]},{"Node Type": "Index Scan","Parent Relationship": "Inner","Parallel Aware": false,"Async Capable": false,"Scan Direction": "Forward","Index Name": "idx_partsupp_suppkey","Relation Name": "partsupp","Alias": "partsupp","Startup Cost": 0.42,"Total Cost": 9.07,"Plan Rows": 80,"Plan Width": 18,"Actual Startup Time": 0.019,"Actual Total Time": 0.488,"Actual Rows": 80,"Actual Loops": 399,"Index Cond": "(ps_suppkey = supplier.s_suppkey)","Rows Removed by Index Recheck": 0}]}]}]},"Planning Time": 6.254,"Triggers": [],"Execution Time": 451.997}]
[{"Plan": {"Node Type": "Sort","Parallel Aware": false,"Async Capable": false,"Startup Cost": 10142.20,"Total Cost": 10168.87,"Plan Rows": 10667,"Plan Width": 36,"Actual Startup Time": 443.389,"Actual Total Time": 443.514,"Actual Rows": 1031,"Actual Loops": 1,"Sort Key": ["(sum((partsupp.ps_supplycost * (partsupp.ps_availqty)::numeric))) DESC"],"Sort Method": "quicksort","Sort Space Used": 105,"Sort Space Type": "Memory","Plans": [{"Node Type": "Aggregate","Strategy": "Plain","Partial Mode": "Simple","Parent Relationship": "InitPlan","Subplan Name": "InitPlan 1 (returns $2)","Parallel Aware": false,"Async Capable": false,"Startup Cost": 4434.26,"Total Cost": 4434.27,"Plan Rows": 1,"Plan Width": 32,"Actual Startup Time": 132.940,"Actual Total Time": 132.957,"Actual Rows": 1,"Actual Loops": 1,"Plans": [{"Node Type": "Nested Loop","Parent Relationship": "Outer","Parallel Aware": false,"Async Capable": false,"Join Type": "Inner","Startup Cost": 7.81,"Total Cost": 4194.26,"Plan Rows": 32000,"Plan Width": 10,"Actual Startup Time": 0.263,"Actual Total Time": 125.681,"Actual Rows": 31440,"Actual Loops": 1,"Inner Unique": false,"Plans": [{"Node Type": "Nested Loop","Parent Relationship": "Outer","Parallel Aware": false,"Async Capable": false,"Join Type": "Inner","Startup Cost": 7.38,"Total Cost": 244.58,"Plan Rows": 400,"Plan Width": 4,"Actual Startup Time": 0.205,"Actual Total Time": 1.775,"Actual Rows": 393,"Actual Loops": 1,"Inner Unique": false,"Plans": [{"Node Type": "Seq Scan","Parent Relationship": "Outer","Parallel Aware": false,"Async Capable": false,"Relation Name": "nation","Alias": "nation_1","Startup Cost": 0.00,"Total Cost": 1.31,"Plan Rows": 1,"Plan Width": 4,"Actual Startup Time": 0.056,"Actual Total Time": 0.062,"Actual Rows": 1,"Actual Loops": 1,"Filter": "(n_name = 'UNITED STATES'::bpchar)","Rows Removed by Filter": 24},{"Node Type": "Bitmap Heap Scan","Parent Relationship": "Inner","Parallel Aware": false,"Async Capable": false,"Relation Name": "supplier","Alias": "supplier_1","Startup Cost": 7.38,"Total Cost": 239.27,"Plan Rows": 400,"Plan Width": 8,"Actual Startup Time": 0.126,"Actual Total Time": 1.648,"Actual Rows": 393,"Actual Loops": 1,"Recheck Cond": "(s_nationkey = nation_1.n_nationkey)","Rows Removed by Index Recheck": 0,"Exact Heap Blocks": 181,"Lossy Heap Blocks": 0,"Plans": [{"Node Type": "Bitmap Index Scan","Parent Relationship": "Outer","Parallel Aware": false,"Async Capable": false,"Index Name": "idx_supplier_nation_key","Startup Cost": 0.00,"Total Cost": 7.29,"Plan Rows": 400,"Plan Width": 0,"Actual Startup Time": 0.087,"Actual Total Time": 0.091,"Actual Rows": 393,"Actual Loops": 1,"Index Cond": "(s_nationkey = nation_1.n_nationkey)"}]}]},{"Node Type": "Index Scan","Parent Relationship": "Inner","Parallel Aware": false,"Async Capable": false,"Scan Direction": "Forward","Index Name": "idx_partsupp_suppkey","Relation Name": "partsupp","Alias": "partsupp_1","Startup Cost": 0.42,"Total Cost": 9.07,"Plan Rows": 80,"Plan Width": 14,"Actual Startup Time": 0.015,"Actual Total Time": 0.303,"Actual Rows": 80,"Actual Loops": 393,"Index Cond": "(ps_suppkey = supplier_1.s_suppkey)","Rows Removed by Index Recheck": 0}]}]},{"Node Type": "Aggregate","Strategy": "Hashed","Partial Mode": "Simple","Parent Relationship": "Outer","Parallel Aware": false,"Async Capable": false,"Startup Cost": 4514.26,"Total Cost": 4994.26,"Plan Rows": 10667,"Plan Width": 36,"Actual Startup Time": 371.004,"Actual Total Time": 442.894,"Actual Rows": 1031,"Actual Loops": 1,"Group Key": ["partsupp.ps_partkey"],"Filter": "(sum((partsupp.ps_supplycost * (partsupp.ps_availqty)::numeric)) > $2)","Planned Partitions": 0,"HashAgg Batches": 1,"Peak Memory Usage": 17937,"Disk Usage": 0,"Rows Removed by Filter": 28434,"Plans": [{"Node Type": "Nested Loop","Parent Relationship": "Outer","Parallel Aware": false,"Async Capable": false,"Join Type": "Inner","Startup Cost": 7.81,"Total Cost": 4194.26,"Plan Rows": 32000,"Plan Width": 14,"Actual Startup Time": 0.317,"Actual Total Time": 191.179,"Actual Rows": 31440,"Actual Loops": 1,"Inner Unique": false,"Plans": [{"Node Type": "Nested Loop","Parent Relationship": "Outer","Parallel Aware": false,"Async Capable": false,"Join Type": "Inner","Startup Cost": 7.38,"Total Cost": 244.58,"Plan Rows": 400,"Plan Width": 4,"Actual Startup Time": 0.258,"Actual Total Time": 2.692,"Actual Rows": 393,"Actual Loops": 1,"Inner Unique": false,"Plans": [{"Node Type": "Seq Scan","Parent Relationship": "Outer","Parallel Aware": false,"Async Capable": false,"Relation Name": "nation","Alias": "nation","Startup Cost": 0.00,"Total Cost": 1.31,"Plan Rows": 1,"Plan Width": 4,"Actual Startup Time": 0.065,"Actual Total Time": 0.076,"Actual Rows": 1,"Actual Loops": 1,"Filter": "(n_name = 'UNITED STATES'::bpchar)","Rows Removed by Filter": 24},{"Node Type": "Bitmap Heap Scan","Parent Relationship": "Inner","Parallel Aware": false,"Async Capable": false,"Relation Name": "supplier","Alias": "supplier","Startup Cost": 7.38,"Total Cost": 239.27,"Plan Rows": 400,"Plan Width": 8,"Actual Startup Time": 0.185,"Actual Total Time": 2.562,"Actual Rows": 393,"Actual Loops": 1,"Recheck Cond": "(s_nationkey = nation.n_nationkey)","Rows Removed by Index Recheck": 0,"Exact Heap Blocks": 181,"Lossy Heap Blocks": 0,"Plans": [{"Node Type": "Bitmap Index Scan","Parent Relationship": "Outer","Parallel Aware": false,"Async Capable": false,"Index Name": "idx_supplier_nation_key","Startup Cost": 0.00,"Total Cost": 7.29,"Plan Rows": 400,"Plan Width": 0,"Actual Startup Time": 0.119,"Actual Total Time": 0.122,"Actual Rows": 393,"Actual Loops": 1,"Index Cond": "(s_nationkey = nation.n_nationkey)"}]}]},{"Node Type": "Index Scan","Parent Relationship": "Inner","Parallel Aware": false,"Async Capable": false,"Scan Direction": "Forward","Index Name": "idx_partsupp_suppkey","Relation Name": "partsupp","Alias": "partsupp","Startup Cost": 0.42,"Total Cost": 9.07,"Plan Rows": 80,"Plan Width": 18,"Actual Startup Time": 0.020,"Actual Total Time": 0.468,"Actual Rows": 80,"Actual Loops": 393,"Index Cond": "(ps_suppkey = supplier.s_suppkey)","Rows Removed by Index Recheck": 0}]}]}]},"Planning Time": 7.102,"Triggers": [],"Execution Time": 445.930}]
[{"Plan": {"Node Type": "Sort","Parallel Aware": false,"Async Capable": false,"Startup Cost": 10142.20,"Total Cost": 10168.87,"Plan Rows": 10667,"Plan Width": 36,"Actual Startup Time": 435.527,"Actual Total Time": 435.700,"Actual Rows": 1089,"Actual Loops": 1,"Sort Key": ["(sum((partsupp.ps_supplycost * (partsupp.ps_availqty)::numeric))) DESC"],"Sort Method": "quicksort","Sort Space Used": 108,"Sort Space Type": "Memory","Plans": [{"Node Type": "Aggregate","Strategy": "Plain","Partial Mode": "Simple","Parent Relationship": "InitPlan","Subplan Name": "InitPlan 1 (returns $2)","Parallel Aware": false,"Async Capable": false,"Startup Cost": 4434.26,"Total Cost": 4434.27,"Plan Rows": 1,"Plan Width": 32,"Actual Startup Time": 127.992,"Actual Total Time": 128.018,"Actual Rows": 1,"Actual Loops": 1,"Plans": [{"Node Type": "Nested Loop","Parent Relationship": "Outer","Parallel Aware": false,"Async Capable": false,"Join Type": "Inner","Startup Cost": 7.81,"Total Cost": 4194.26,"Plan Rows": 32000,"Plan Width": 10,"Actual Startup Time": 0.202,"Actual Total Time": 120.806,"Actual Rows": 31200,"Actual Loops": 1,"Inner Unique": false,"Plans": [{"Node Type": "Nested Loop","Parent Relationship": "Outer","Parallel Aware": false,"Async Capable": false,"Join Type": "Inner","Startup Cost": 7.38,"Total Cost": 244.58,"Plan Rows": 400,"Plan Width": 4,"Actual Startup Time": 0.156,"Actual Total Time": 1.780,"Actual Rows": 390,"Actual Loops": 1,"Inner Unique": false,"Plans": [{"Node Type": "Seq Scan","Parent Relationship": "Outer","Parallel Aware": false,"Async Capable": false,"Relation Name": "nation","Alias": "nation_1","Startup Cost": 0.00,"Total Cost": 1.31,"Plan Rows": 1,"Plan Width": 4,"Actual Startup Time": 0.025,"Actual Total Time": 0.037,"Actual Rows": 1,"Actual Loops": 1,"Filter": "(n_name = 'UNITED KINGDOM'::bpchar)","Rows Removed by Filter": 24},{"Node Type": "Bitmap Heap Scan","Parent Relationship": "Inner","Parallel Aware": false,"Async Capable": false,"Relation Name": "supplier","Alias": "supplier_1","Startup Cost": 7.38,"Total Cost": 239.27,"Plan Rows": 400,"Plan Width": 8,"Actual Startup Time": 0.111,"Actual Total Time": 1.680,"Actual Rows": 390,"Actual Loops": 1,"Recheck Cond": "(s_nationkey = nation_1.n_nationkey)","Rows Removed by Index Recheck": 0,"Exact Heap Blocks": 190,"Lossy Heap Blocks": 0,"Plans": [{"Node Type": "Bitmap Index Scan","Parent Relationship": "Outer","Parallel Aware": false,"Async Capable": false,"Index Name": "idx_supplier_nation_key","Startup Cost": 0.00,"Total Cost": 7.29,"Plan Rows": 400,"Plan Width": 0,"Actual Startup Time": 0.075,"Actual Total Time": 0.080,"Actual Rows": 390,"Actual Loops": 1,"Index Cond": "(s_nationkey = nation_1.n_nationkey)"}]}]},{"Node Type": "Index Scan","Parent Relationship": "Inner","Parallel Aware": false,"Async Capable": false,"Scan Direction": "Forward","Index Name": "idx_partsupp_suppkey","Relation Name": "partsupp","Alias": "partsupp_1","Startup Cost": 0.42,"Total Cost": 9.07,"Plan Rows": 80,"Plan Width": 14,"Actual Startup Time": 0.014,"Actual Total Time": 0.293,"Actual Rows": 80,"Actual Loops": 390,"Index Cond": "(ps_suppkey = supplier_1.s_suppkey)","Rows Removed by Index Recheck": 0}]}]},{"Node Type": "Aggregate","Strategy": "Hashed","Partial Mode": "Simple","Parent Relationship": "Outer","Parallel Aware": false,"Async Capable": false,"Startup Cost": 4514.26,"Total Cost": 4994.26,"Plan Rows": 10667,"Plan Width": 36,"Actual Startup Time": 365.366,"Actual Total Time": 434.999,"Actual Rows": 1089,"Actual Loops": 1,"Group Key": ["partsupp.ps_partkey"],"Filter": "(sum((partsupp.ps_supplycost * (partsupp.ps_availqty)::numeric)) > $2)","Planned Partitions": 0,"HashAgg Batches": 1,"Peak Memory Usage": 17937,"Disk Usage": 0,"Rows Removed by Filter": 28366,"Plans": [{"Node Type": "Nested Loop","Parent Relationship": "Outer","Parallel Aware": false,"Async Capable": false,"Join Type": "Inner","Startup Cost": 7.81,"Total Cost": 4194.26,"Plan Rows": 32000,"Plan Width": 14,"Actual Startup Time": 0.273,"Actual Total Time": 195.557,"Actual Rows": 31200,"Actual Loops": 1,"Inner Unique": false,"Plans": [{"Node Type": "Nested Loop","Parent Relationship": "Outer","Parallel Aware": false,"Async Capable": false,"Join Type": "Inner","Startup Cost": 7.38,"Total Cost": 244.58,"Plan Rows": 400,"Plan Width": 4,"Actual Startup Time": 0.244,"Actual Total Time": 2.901,"Actual Rows": 390,"Actual Loops": 1,"Inner Unique": false,"Plans": [{"Node Type": "Seq Scan","Parent Relationship": "Outer","Parallel Aware": false,"Async Capable": false,"Relation Name": "nation","Alias": "nation","Startup Cost": 0.00,"Total Cost": 1.31,"Plan Rows": 1,"Plan Width": 4,"Actual Startup Time": 0.065,"Actual Total Time": 0.084,"Actual Rows": 1,"Actual Loops": 1,"Filter": "(n_name = 'UNITED KINGDOM'::bpchar)","Rows Removed by Filter": 24},{"Node Type": "Bitmap Heap Scan","Parent Relationship": "Inner","Parallel Aware": false,"Async Capable": false,"Relation Name": "supplier","Alias": "supplier","Startup Cost": 7.38,"Total Cost": 239.27,"Plan Rows": 400,"Plan Width": 8,"Actual Startup Time": 0.171,"Actual Total Time": 2.762,"Actual Rows": 390,"Actual Loops": 1,"Recheck Cond": "(s_nationkey = nation.n_nationkey)","Rows Removed by Index Recheck": 0,"Exact Heap Blocks": 190,"Lossy Heap Blocks": 0,"Plans": [{"Node Type": "Bitmap Index Scan","Parent Relationship": "Outer","Parallel Aware": false,"Async Capable": false,"Index Name": "idx_supplier_nation_key","Startup Cost": 0.00,"Total Cost": 7.29,"Plan Rows": 400,"Plan Width": 0,"Actual Startup Time": 0.123,"Actual Total Time": 0.123,"Actual Rows": 390,"Actual Loops": 1,"Index Cond": "(s_nationkey = nation.n_nationkey)"}]}]},{"Node Type": "Index Scan","Parent Relationship": "Inner","Parallel Aware": false,"Async Capable": false,"Scan Direction": "Forward","Index Name": "idx_partsupp_suppkey","Relation Name": "partsupp","Alias": "partsupp","Startup Cost": 0.42,"Total Cost": 9.07,"Plan Rows": 80,"Plan Width": 18,"Actual Startup Time": 0.020,"Actual Total Time": 0.482,"Actual Rows": 80,"Actual Loops": 390,"Index Cond": "(ps_suppkey = supplier.s_suppkey)","Rows Removed by Index Recheck": 0}]}]}]},"Planning Time": 6.575,"Triggers": [],"Execution Time": 439.057}]
[{"Plan": {"Node Type": "Sort","Parallel Aware": false,"Async Capable": false,"Startup Cost": 10142.20,"Total Cost": 10168.87,"Plan Rows": 10667,"Plan Width": 36,"Actual Startup Time": 443.389,"Actual Total Time": 443.514,"Actual Rows": 1031,"Actual Loops": 1,"Sort Key": ["(sum((partsupp.ps_supplycost * (partsupp.ps_availqty)::numeric))) DESC"],"Sort Method": "quicksort","Sort Space Used": 105,"Sort Space Type": "Memory","Plans": [{"Node Type": "Aggregate","Strategy": "Plain","Partial Mode": "Simple","Parent Relationship": "InitPlan","Subplan Name": "InitPlan 1 (returns $2)","Parallel Aware": false,"Async Capable": false,"Startup Cost": 4434.26,"Total Cost": 4434.27,"Plan Rows": 1,"Plan Width": 32,"Actual Startup Time": 132.940,"Actual Total Time": 132.957,"Actual Rows": 1,"Actual Loops": 1,"Plans": [{"Node Type": "Nested Loop","Parent Relationship": "Outer","Parallel Aware": false,"Async Capable": false,"Join Type": "Inner","Startup Cost": 7.81,"Total Cost": 4194.26,"Plan Rows": 32000,"Plan Width": 10,"Actual Startup Time": 0.263,"Actual Total Time": 125.681,"Actual Rows": 31440,"Actual Loops": 1,"Inner Unique": false,"Plans": [{"Node Type": "Nested Loop","Parent Relationship": "Outer","Parallel Aware": false,"Async Capable": false,"Join Type": "Inner","Startup Cost": 7.38,"Total Cost": 244.58,"Plan Rows": 400,"Plan Width": 4,"Actual Startup Time": 0.205,"Actual Total Time": 1.775,"Actual Rows": 393,"Actual Loops": 1,"Inner Unique": false,"Plans": [{"Node Type": "Seq Scan","Parent Relationship": "Outer","Parallel Aware": false,"Async Capable": false,"Relation Name": "nation","Alias": "nation_1","Startup Cost": 0.00,"Total Cost": 1.31,"Plan Rows": 1,"Plan Width": 4,"Actual Startup Time": 0.056,"Actual Total Time": 0.062,"Actual Rows": 1,"Actual Loops": 1,"Filter": "(n_name = 'UNITED STATES'::bpchar)","Rows Removed by Filter": 24},{"Node Type": "Bitmap Heap Scan","Parent Relationship": "Inner","Parallel Aware": false,"Async Capable": false,"Relation Name": "supplier","Alias": "supplier_1","Startup Cost": 7.38,"Total Cost": 239.27,"Plan Rows": 400,"Plan Width": 8,"Actual Startup Time": 0.126,"Actual Total Time": 1.648,"Actual Rows": 393,"Actual Loops": 1,"Recheck Cond": "(s_nationkey = nation_1.n_nationkey)","Rows Removed by Index Recheck": 0,"Exact Heap Blocks": 181,"Lossy Heap Blocks": 0,"Plans": [{"Node Type": "Bitmap Index Scan","Parent Relationship": "Outer","Parallel Aware": false,"Async Capable": false,"Index Name": "idx_supplier_nation_key","Startup Cost": 0.00,"Total Cost": 7.29,"Plan Rows": 400,"Plan Width": 0,"Actual Startup Time": 0.087,"Actual Total Time": 0.091,"Actual Rows": 393,"Actual Loops": 1,"Index Cond": "(s_nationkey = nation_1.n_nationkey)"}]}]},{"Node Type": "Index Scan","Parent Relationship": "Inner","Parallel Aware": false,"Async Capable": false,"Scan Direction": "Forward","Index Name": "idx_partsupp_suppkey","Relation Name": "partsupp","Alias": "partsupp_1","Startup Cost": 0.42,"Total Cost": 9.07,"Plan Rows": 80,"Plan Width": 14,"Actual Startup Time": 0.015,"Actual Total Time": 0.303,"Actual Rows": 80,"Actual Loops": 393,"Index Cond": "(ps_suppkey = supplier_1.s_suppkey)","Rows Removed by Index Recheck": 0}]}]},{"Node Type": "Aggregate","Strategy": "Hashed","Partial Mode": "Simple","Parent Relationship": "Outer","Parallel Aware": false,"Async Capable": false,"Startup Cost": 4514.26,"Total Cost": 4994.26,"Plan Rows": 10667,"Plan Width": 36,"Actual Startup Time": 371.004,"Actual Total Time": 442.894,"Actual Rows": 1031,"Actual Loops": 1,"Group Key": ["partsupp.ps_partkey"],"Filter": "(sum((partsupp.ps_supplycost * (partsupp.ps_availqty)::numeric)) > $2)","Planned Partitions": 0,"HashAgg Batches": 1,"Peak Memory Usage": 17937,"Disk Usage": 0,"Rows Removed by Filter": 28434,"Plans": [{"Node Type": "Nested Loop","Parent Relationship": "Outer","Parallel Aware": false,"Async Capable": false,"Join Type": "Inner","Startup Cost": 7.81,"Total Cost": 4194.26,"Plan Rows": 32000,"Plan Width": 14,"Actual Startup Time": 0.317,"Actual Total Time": 191.179,"Actual Rows": 31440,"Actual Loops": 1,"Inner Unique": false,"Plans": [{"Node Type": "Nested Loop","Parent Relationship": "Outer","Parallel Aware": false,"Async Capable": false,"Join Type": "Inner","Startup Cost": 7.38,"Total Cost": 244.58,"Plan Rows": 400,"Plan Width": 4,"Actual Startup Time": 0.258,"Actual Total Time": 2.692,"Actual Rows": 393,"Actual Loops": 1,"Inner Unique": false,"Plans": [{"Node Type": "Seq Scan","Parent Relationship": "Outer","Parallel Aware": false,"Async Capable": false,"Relation Name": "nation","Alias": "nation","Startup Cost": 0.00,"Total Cost": 1.31,"Plan Rows": 1,"Plan Width": 4,"Actual Startup Time": 0.065,"Actual Total Time": 0.076,"Actual Rows": 1,"Actual Loops": 1,"Filter": "(n_name = 'UNITED STATES'::bpchar)","Rows Removed by Filter": 24},{"Node Type": "Bitmap Heap Scan","Parent Relationship": "Inner","Parallel Aware": false,"Async Capable": false,"Relation Name": "supplier","Alias": "supplier","Startup Cost": 7.38,"Total Cost": 239.27,"Plan Rows": 400,"Plan Width": 8,"Actual Startup Time": 0.185,"Actual Total Time": 2.562,"Actual Rows": 393,"Actual Loops": 1,"Recheck Cond": "(s_nationkey = nation.n_nationkey)","Rows Removed by Index Recheck": 0,"Exact Heap Blocks": 181,"Lossy Heap Blocks": 0,"Plans": [{"Node Type": "Bitmap Index Scan","Parent Relationship": "Outer","Parallel Aware": false,"Async Capable": false,"Index Name": "idx_supplier_nation_key","Startup Cost": 0.00,"Total Cost": 7.29,"Plan Rows": 400,"Plan Width": 0,"Actual Startup Time": 0.119,"Actual Total Time": 0.122,"Actual Rows": 393,"Actual Loops": 1,"Index Cond": "(s_nationkey = nation.n_nationkey)"}]}]},{"Node Type": "Index Scan","Parent Relationship": "Inner","Parallel Aware": false,"Async Capable": false,"Scan Direction": "Forward","Index Name": "idx_partsupp_suppkey","Relation Name": "partsupp","Alias": "partsupp","Startup Cost": 0.42,"Total Cost": 9.07,"Plan Rows": 80,"Plan Width": 18,"Actual Startup Time": 0.020,"Actual Total Time": 0.468,"Actual Rows": 80,"Actual Loops": 393,"Index Cond": "(ps_suppkey = supplier.s_suppkey)","Rows Removed by Index Recheck": 0}]}]}]},"Planning Time": 7.102,"Triggers": [],"Execution Time": 445.930}]
[{"Plan": {"Node Type": "Sort","Parallel Aware": false,"Async Capable": false,"Startup Cost": 10142.20,"Total Cost": 10168.87,"Plan Rows": 10667,"Plan Width": 36,"Actual Startup Time": 433.878,"Actual Total Time": 434.021,"Actual Rows": 1048,"Actual Loops": 1,"Sort Key": ["(sum((partsupp.ps_supplycost * (partsupp.ps_availqty)::numeric))) DESC"],"Sort Method": "quicksort","Sort Space Used": 106,"Sort Space Type": "Memory","Plans": [{"Node Type": "Aggregate","Strategy": "Plain","Partial Mode": "Simple","Parent Relationship": "InitPlan","Subplan Name": "InitPlan 1 (returns $2)","Parallel Aware": false,"Async Capable": false,"Startup Cost": 4434.26,"Total Cost": 4434.27,"Plan Rows": 1,"Plan Width": 32,"Actual Startup Time": 128.490,"Actual Total Time": 128.514,"Actual Rows": 1,"Actual Loops": 1,"Plans": [{"Node Type": "Nested Loop","Parent Relationship": "Outer","Parallel Aware": false,"Async Capable": false,"Join Type": "Inner","Startup Cost": 7.81,"Total Cost": 4194.26,"Plan Rows": 32000,"Plan Width": 10,"Actual Startup Time": 0.194,"Actual Total Time": 121.249,"Actual Rows": 31680,"Actual Loops": 1,"Inner Unique": false,"Plans": [{"Node Type": "Nested Loop","Parent Relationship": "Outer","Parallel Aware": false,"Async Capable": false,"Join Type": "Inner","Startup Cost": 7.38,"Total Cost": 244.58,"Plan Rows": 400,"Plan Width": 4,"Actual Startup Time": 0.149,"Actual Total Time": 1.791,"Actual Rows": 396,"Actual Loops": 1,"Inner Unique": false,"Plans": [{"Node Type": "Seq Scan","Parent Relationship": "Outer","Parallel Aware": false,"Async Capable": false,"Relation Name": "nation","Alias": "nation_1","Startup Cost": 0.00,"Total Cost": 1.31,"Plan Rows": 1,"Plan Width": 4,"Actual Startup Time": 0.037,"Actual Total Time": 0.065,"Actual Rows": 1,"Actual Loops": 1,"Filter": "(n_name = 'GERMANY'::bpchar)","Rows Removed by Filter": 24},{"Node Type": "Bitmap Heap Scan","Parent Relationship": "Inner","Parallel Aware": false,"Async Capable": false,"Relation Name": "supplier","Alias": "supplier_1","Startup Cost": 7.38,"Total Cost": 239.27,"Plan Rows": 400,"Plan Width": 8,"Actual Startup Time": 0.101,"Actual Total Time": 1.663,"Actual Rows": 396,"Actual Loops": 1,"Recheck Cond": "(s_nationkey = nation_1.n_nationkey)","Rows Removed by Index Recheck": 0,"Exact Heap Blocks": 191,"Lossy Heap Blocks": 0,"Plans": [{"Node Type": "Bitmap Index Scan","Parent Relationship": "Outer","Parallel Aware": false,"Async Capable": false,"Index Name": "idx_supplier_nation_key","Startup Cost": 0.00,"Total Cost": 7.29,"Plan Rows": 400,"Plan Width": 0,"Actual Startup Time": 0.064,"Actual Total Time": 0.071,"Actual Rows": 396,"Actual Loops": 1,"Index Cond": "(s_nationkey = nation_1.n_nationkey)"}]}]},{"Node Type": "Index Scan","Parent Relationship": "Inner","Parallel Aware": false,"Async Capable": false,"Scan Direction": "Forward","Index Name": "idx_partsupp_suppkey","Relation Name": "partsupp","Alias": "partsupp_1","Startup Cost": 0.42,"Total Cost": 9.07,"Plan Rows": 80,"Plan Width": 14,"Actual Startup Time": 0.014,"Actual Total Time": 0.289,"Actual Rows": 80,"Actual Loops": 396,"Index Cond": "(ps_suppkey = supplier_1.s_suppkey)","Rows Removed by Index Recheck": 0}]}]},{"Node Type": "Aggregate","Strategy": "Hashed","Partial Mode": "Simple","Parent Relationship": "Outer","Parallel Aware": false,"Async Capable": false,"Startup Cost": 4514.26,"Total Cost": 4994.26,"Plan Rows": 10667,"Plan Width": 36,"Actual Startup Time": 363.472,"Actual Total Time": 433.375,"Actual Rows": 1048,"Actual Loops": 1,"Group Key": ["partsupp.ps_partkey"],"Filter": "(sum((partsupp.ps_supplycost * (partsupp.ps_availqty)::numeric)) > $2)","Planned Partitions": 0,"HashAgg Batches": 1,"Peak Memory Usage": 17937,"Disk Usage": 0,"Rows Removed by Filter": 28770,"Plans": [{"Node Type": "Nested Loop","Parent Relationship": "Outer","Parallel Aware": false,"Async Capable": false,"Join Type": "Inner","Startup Cost": 7.81,"Total Cost": 4194.26,"Plan Rows": 32000,"Plan Width": 14,"Actual Startup Time": 0.319,"Actual Total Time": 192.866,"Actual Rows": 31680,"Actual Loops": 1,"Inner Unique": false,"Plans": [{"Node Type": "Nested Loop","Parent Relationship": "Outer","Parallel Aware": false,"Async Capable": false,"Join Type": "Inner","Startup Cost": 7.38,"Total Cost": 244.58,"Plan Rows": 400,"Plan Width": 4,"Actual Startup Time": 0.254,"Actual Total Time": 2.704,"Actual Rows": 396,"Actual Loops": 1,"Inner Unique": false,"Plans": [{"Node Type": "Seq Scan","Parent Relationship": "Outer","Parallel Aware": false,"Async Capable": false,"Relation Name": "nation","Alias": "nation","Startup Cost": 0.00,"Total Cost": 1.31,"Plan Rows": 1,"Plan Width": 4,"Actual Startup Time": 0.067,"Actual Total Time": 0.092,"Actual Rows": 1,"Actual Loops": 1,"Filter": "(n_name = 'GERMANY'::bpchar)","Rows Removed by Filter": 24},{"Node Type": "Bitmap Heap Scan","Parent Relationship": "Inner","Parallel Aware": false,"Async Capable": false,"Relation Name": "supplier","Alias": "supplier","Startup Cost": 7.38,"Total Cost": 239.27,"Plan Rows": 400,"Plan Width": 8,"Actual Startup Time": 0.180,"Actual Total Time": 2.555,"Actual Rows": 396,"Actual Loops": 1,"Recheck Cond": "(s_nationkey = nation.n_nationkey)","Rows Removed by Index Recheck": 0,"Exact Heap Blocks": 191,"Lossy Heap Blocks": 0,"Plans": [{"Node Type": "Bitmap Index Scan","Parent Relationship": "Outer","Parallel Aware": false,"Async Capable": false,"Index Name": "idx_supplier_nation_key","Startup Cost": 0.00,"Total Cost": 7.29,"Plan Rows": 400,"Plan Width": 0,"Actual Startup Time": 0.114,"Actual Total Time": 0.118,"Actual Rows": 396,"Actual Loops": 1,"Index Cond": "(s_nationkey = nation.n_nationkey)"}]}]},{"Node Type": "Index Scan","Parent Relationship": "Inner","Parallel Aware": false,"Async Capable": false,"Scan Direction": "Forward","Index Name": "idx_partsupp_suppkey","Relation Name": "partsupp","Alias": "partsupp","Startup Cost": 0.42,"Total Cost": 9.07,"Plan Rows": 80,"Plan Width": 18,"Actual Startup Time": 0.019,"Actual Total Time": 0.468,"Actual Rows": 80,"Actual Loops": 396,"Index Cond": "(ps_suppkey = supplier.s_suppkey)","Rows Removed by Index Recheck": 0}]}]}]},"Planning Time": 7.362,"Triggers": [],"Execution Time": 437.365}]
[{"Plan": {"Node Type": "Sort","Parallel Aware": false,"Async Capable": false,"Startup Cost": 10142.20,"Total Cost": 10168.87,"Plan Rows": 10667,"Plan Width": 36,"Actual Startup Time": 435.527,"Actual Total Time": 435.700,"Actual Rows": 1089,"Actual Loops": 1,"Sort Key": ["(sum((partsupp.ps_supplycost * (partsupp.ps_availqty)::numeric))) DESC"],"Sort Method": "quicksort","Sort Space Used": 108,"Sort Space Type": "Memory","Plans": [{"Node Type": "Aggregate","Strategy": "Plain","Partial Mode": "Simple","Parent Relationship": "InitPlan","Subplan Name": "InitPlan 1 (returns $2)","Parallel Aware": false,"Async Capable": false,"Startup Cost": 4434.26,"Total Cost": 4434.27,"Plan Rows": 1,"Plan Width": 32,"Actual Startup Time": 127.992,"Actual Total Time": 128.018,"Actual Rows": 1,"Actual Loops": 1,"Plans": [{"Node Type": "Nested Loop","Parent Relationship": "Outer","Parallel Aware": false,"Async Capable": false,"Join Type": "Inner","Startup Cost": 7.81,"Total Cost": 4194.26,"Plan Rows": 32000,"Plan Width": 10,"Actual Startup Time": 0.202,"Actual Total Time": 120.806,"Actual Rows": 31200,"Actual Loops": 1,"Inner Unique": false,"Plans": [{"Node Type": "Nested Loop","Parent Relationship": "Outer","Parallel Aware": false,"Async Capable": false,"Join Type": "Inner","Startup Cost": 7.38,"Total Cost": 244.58,"Plan Rows": 400,"Plan Width": 4,"Actual Startup Time": 0.156,"Actual Total Time": 1.780,"Actual Rows": 390,"Actual Loops": 1,"Inner Unique": false,"Plans": [{"Node Type": "Seq Scan","Parent Relationship": "Outer","Parallel Aware": false,"Async Capable": false,"Relation Name": "nation","Alias": "nation_1","Startup Cost": 0.00,"Total Cost": 1.31,"Plan Rows": 1,"Plan Width": 4,"Actual Startup Time": 0.025,"Actual Total Time": 0.037,"Actual Rows": 1,"Actual Loops": 1,"Filter": "(n_name = 'UNITED KINGDOM'::bpchar)","Rows Removed by Filter": 24},{"Node Type": "Bitmap Heap Scan","Parent Relationship": "Inner","Parallel Aware": false,"Async Capable": false,"Relation Name": "supplier","Alias": "supplier_1","Startup Cost": 7.38,"Total Cost": 239.27,"Plan Rows": 400,"Plan Width": 8,"Actual Startup Time": 0.111,"Actual Total Time": 1.680,"Actual Rows": 390,"Actual Loops": 1,"Recheck Cond": "(s_nationkey = nation_1.n_nationkey)","Rows Removed by Index Recheck": 0,"Exact Heap Blocks": 190,"Lossy Heap Blocks": 0,"Plans": [{"Node Type": "Bitmap Index Scan","Parent Relationship": "Outer","Parallel Aware": false,"Async Capable": false,"Index Name": "idx_supplier_nation_key","Startup Cost": 0.00,"Total Cost": 7.29,"Plan Rows": 400,"Plan Width": 0,"Actual Startup Time": 0.075,"Actual Total Time": 0.080,"Actual Rows": 390,"Actual Loops": 1,"Index Cond": "(s_nationkey = nation_1.n_nationkey)"}]}]},{"Node Type": "Index Scan","Parent Relationship": "Inner","Parallel Aware": false,"Async Capable": false,"Scan Direction": "Forward","Index Name": "idx_partsupp_suppkey","Relation Name": "partsupp","Alias": "partsupp_1","Startup Cost": 0.42,"Total Cost": 9.07,"Plan Rows": 80,"Plan Width": 14,"Actual Startup Time": 0.014,"Actual Total Time": 0.293,"Actual Rows": 80,"Actual Loops": 390,"Index Cond": "(ps_suppkey = supplier_1.s_suppkey)","Rows Removed by Index Recheck": 0}]}]},{"Node Type": "Aggregate","Strategy": "Hashed","Partial Mode": "Simple","Parent Relationship": "Outer","Parallel Aware": false,"Async Capable": false,"Startup Cost": 4514.26,"Total Cost": 4994.26,"Plan Rows": 10667,"Plan Width": 36,"Actual Startup Time": 365.366,"Actual Total Time": 434.999,"Actual Rows": 1089,"Actual Loops": 1,"Group Key": ["partsupp.ps_partkey"],"Filter": "(sum((partsupp.ps_supplycost * (partsupp.ps_availqty)::numeric)) > $2)","Planned Partitions": 0,"HashAgg Batches": 1,"Peak Memory Usage": 17937,"Disk Usage": 0,"Rows Removed by Filter": 28366,"Plans": [{"Node Type": "Nested Loop","Parent Relationship": "Outer","Parallel Aware": false,"Async Capable": false,"Join Type": "Inner","Startup Cost": 7.81,"Total Cost": 4194.26,"Plan Rows": 32000,"Plan Width": 14,"Actual Startup Time": 0.273,"Actual Total Time": 195.557,"Actual Rows": 31200,"Actual Loops": 1,"Inner Unique": false,"Plans": [{"Node Type": "Nested Loop","Parent Relationship": "Outer","Parallel Aware": false,"Async Capable": false,"Join Type": "Inner","Startup Cost": 7.38,"Total Cost": 244.58,"Plan Rows": 400,"Plan Width": 4,"Actual Startup Time": 0.244,"Actual Total Time": 2.901,"Actual Rows": 390,"Actual Loops": 1,"Inner Unique": false,"Plans": [{"Node Type": "Seq Scan","Parent Relationship": "Outer","Parallel Aware": false,"Async Capable": false,"Relation Name": "nation","Alias": "nation","Startup Cost": 0.00,"Total Cost": 1.31,"Plan Rows": 1,"Plan Width": 4,"Actual Startup Time": 0.065,"Actual Total Time": 0.084,"Actual Rows": 1,"Actual Loops": 1,"Filter": "(n_name = 'UNITED KINGDOM'::bpchar)","Rows Removed by Filter": 24},{"Node Type": "Bitmap Heap Scan","Parent Relationship": "Inner","Parallel Aware": false,"Async Capable": false,"Relation Name": "supplier","Alias": "supplier","Startup Cost": 7.38,"Total Cost": 239.27,"Plan Rows": 400,"Plan Width": 8,"Actual Startup Time": 0.171,"Actual Total Time": 2.762,"Actual Rows": 390,"Actual Loops": 1,"Recheck Cond": "(s_nationkey = nation.n_nationkey)","Rows Removed by Index Recheck": 0,"Exact Heap Blocks": 190,"Lossy Heap Blocks": 0,"Plans": [{"Node Type": "Bitmap Index Scan","Parent Relationship": "Outer","Parallel Aware": false,"Async Capable": false,"Index Name": "idx_supplier_nation_key","Startup Cost": 0.00,"Total Cost": 7.29,"Plan Rows": 400,"Plan Width": 0,"Actual Startup Time": 0.123,"Actual Total Time": 0.123,"Actual Rows": 390,"Actual Loops": 1,"Index Cond": "(s_nationkey = nation.n_nationkey)"}]}]},{"Node Type": "Index Scan","Parent Relationship": "Inner","Parallel Aware": false,"Async Capable": false,"Scan Direction": "Forward","Index Name": "idx_partsupp_suppkey","Relation Name": "partsupp","Alias": "partsupp","Startup Cost": 0.42,"Total Cost": 9.07,"Plan Rows": 80,"Plan Width": 18,"Actual Startup Time": 0.020,"Actual Total Time": 0.482,"Actual Rows": 80,"Actual Loops": 390,"Index Cond": "(ps_suppkey = supplier.s_suppkey)","Rows Removed by Index Recheck": 0}]}]}]},"Planning Time": 6.575,"Triggers": [],"Execution Time": 439.057}]
[{"Plan": {"Node Type": "Sort","Parallel Aware": false,"Async Capable": false,"Startup Cost": 10142.20,"Total Cost": 10168.87,"Plan Rows": 10667,"Plan Width": 36,"Actual Startup Time": 428.583,"Actual Total Time": 428.704,"Actual Rows": 1225,"Actual Loops": 1,"Sort Key": ["(sum((partsupp.ps_supplycost * (partsupp.ps_availqty)::numeric))) DESC"],"Sort Method": "quicksort","Sort Space Used": 116,"Sort Space Type": "Memory","Plans": [{"Node Type": "Aggregate","Strategy": "Plain","Partial Mode": "Simple","Parent Relationship": "InitPlan","Subplan Name": "InitPlan 1 (returns $2)","Parallel Aware": false,"Async Capable": false,"Startup Cost": 4434.26,"Total Cost": 4434.27,"Plan Rows": 1,"Plan Width": 32,"Actual Startup Time": 128.590,"Actual Total Time": 128.610,"Actual Rows": 1,"Actual Loops": 1,"Plans": [{"Node Type": "Nested Loop","Parent Relationship": "Outer","Parallel Aware": false,"Async Capable": false,"Join Type": "Inner","Startup Cost": 7.81,"Total Cost": 4194.26,"Plan Rows": 32000,"Plan Width": 10,"Actual Startup Time": 0.200,"Actual Total Time": 121.660,"Actual Rows": 30160,"Actual Loops": 1,"Inner Unique": false,"Plans": [{"Node Type": "Nested Loop","Parent Relationship": "Outer","Parallel Aware": false,"Async Capable": false,"Join Type": "Inner","Startup Cost": 7.38,"Total Cost": 244.58,"Plan Rows": 400,"Plan Width": 4,"Actual Startup Time": 0.145,"Actual Total Time": 1.678,"Actual Rows": 377,"Actual Loops": 1,"Inner Unique": false,"Plans": [{"Node Type": "Seq Scan","Parent Relationship": "Outer","Parallel Aware": false,"Async Capable": false,"Relation Name": "nation","Alias": "nation_1","Startup Cost": 0.00,"Total Cost": 1.31,"Plan Rows": 1,"Plan Width": 4,"Actual Startup Time": 0.022,"Actual Total Time": 0.041,"Actual Rows": 1,"Actual Loops": 1,"Filter": "(n_name = 'JAPAN'::bpchar)","Rows Removed by Filter": 24},{"Node Type": "Bitmap Heap Scan","Parent Relationship": "Inner","Parallel Aware": false,"Async Capable": false,"Relation Name": "supplier","Alias": "supplier_1","Startup Cost": 7.38,"Total Cost": 239.27,"Plan Rows": 400,"Plan Width": 8,"Actual Startup Time": 0.107,"Actual Total Time": 1.581,"Actual Rows": 377,"Actual Loops": 1,"Recheck Cond": "(s_nationkey = nation_1.n_nationkey)","Rows Removed by Index Recheck": 0,"Exact Heap Blocks": 180,"Lossy Heap Blocks": 0,"Plans": [{"Node Type": "Bitmap Index Scan","Parent Relationship": "Outer","Parallel Aware": false,"Async Capable": false,"Index Name": "idx_supplier_nation_key","Startup Cost": 0.00,"Total Cost": 7.29,"Plan Rows": 400,"Plan Width": 0,"Actual Startup Time": 0.073,"Actual Total Time": 0.079,"Actual Rows": 377,"Actual Loops": 1,"Index Cond": "(s_nationkey = nation_1.n_nationkey)"}]}]},{"Node Type": "Index Scan","Parent Relationship": "Inner","Parallel Aware": false,"Async Capable": false,"Scan Direction": "Forward","Index Name": "idx_partsupp_suppkey","Relation Name": "partsupp","Alias": "partsupp_1","Startup Cost": 0.42,"Total Cost": 9.07,"Plan Rows": 80,"Plan Width": 14,"Actual Startup Time": 0.015,"Actual Total Time": 0.306,"Actual Rows": 80,"Actual Loops": 377,"Index Cond": "(ps_suppkey = supplier_1.s_suppkey)","Rows Removed by Index Recheck": 0}]}]},{"Node Type": "Aggregate","Strategy": "Hashed","Partial Mode": "Simple","Parent Relationship": "Outer","Parallel Aware": false,"Async Capable": false,"Startup Cost": 4514.26,"Total Cost": 4994.26,"Plan Rows": 10667,"Plan Width": 36,"Actual Startup Time": 361.803,"Actual Total Time": 428.043,"Actual Rows": 1225,"Actual Loops": 1,"Group Key": ["partsupp.ps_partkey"],"Filter": "(sum((partsupp.ps_supplycost * (partsupp.ps_availqty)::numeric)) > $2)","Planned Partitions": 0,"HashAgg Batches": 1,"Peak Memory Usage": 17937,"Disk Usage": 0,"Rows Removed by Filter": 27290,"Plans": [{"Node Type": "Nested Loop","Parent Relationship": "Outer","Parallel Aware": false,"Async Capable": false,"Join Type": "Inner","Startup Cost": 7.81,"Total Cost": 4194.26,"Plan Rows": 32000,"Plan Width": 14,"Actual Startup Time": 0.353,"Actual Total Time": 190.903,"Actual Rows": 30160,"Actual Loops": 1,"Inner Unique": false,"Plans": [{"Node Type": "Nested Loop","Parent Relationship": "Outer","Parallel Aware": false,"Async Capable": false,"Join Type": "Inner","Startup Cost": 7.38,"Total Cost": 244.58,"Plan Rows": 400,"Plan Width": 4,"Actual Startup Time": 0.276,"Actual Total Time": 2.652,"Actual Rows": 377,"Actual Loops": 1,"Inner Unique": false,"Plans": [{"Node Type": "Seq Scan","Parent Relationship": "Outer","Parallel Aware": false,"Async Capable": false,"Relation Name": "nation","Alias": "nation","Startup Cost": 0.00,"Total Cost": 1.31,"Plan Rows": 1,"Plan Width": 4,"Actual Startup Time": 0.069,"Actual Total Time": 0.093,"Actual Rows": 1,"Actual Loops": 1,"Filter": "(n_name = 'JAPAN'::bpchar)","Rows Removed by Filter": 24},{"Node Type": "Bitmap Heap Scan","Parent Relationship": "Inner","Parallel Aware": false,"Async Capable": false,"Relation Name": "supplier","Alias": "supplier","Startup Cost": 7.38,"Total Cost": 239.27,"Plan Rows": 400,"Plan Width": 8,"Actual Startup Time": 0.204,"Actual Total Time": 2.512,"Actual Rows": 377,"Actual Loops": 1,"Recheck Cond": "(s_nationkey = nation.n_nationkey)","Rows Removed by Index Recheck": 0,"Exact Heap Blocks": 180,"Lossy Heap Blocks": 0,"Plans": [{"Node Type": "Bitmap Index Scan","Parent Relationship": "Outer","Parallel Aware": false,"Async Capable": false,"Index Name": "idx_supplier_nation_key","Startup Cost": 0.00,"Total Cost": 7.29,"Plan Rows": 400,"Plan Width": 0,"Actual Startup Time": 0.135,"Actual Total Time": 0.136,"Actual Rows": 377,"Actual Loops": 1,"Index Cond": "(s_nationkey = nation.n_nationkey)"}]}]},{"Node Type": "Index Scan","Parent Relationship": "Inner","Parallel Aware": false,"Async Capable": false,"Scan Direction": "Forward","Index Name": "idx_partsupp_suppkey","Relation Name": "partsupp","Alias": "partsupp","Startup Cost": 0.42,"Total Cost": 9.07,"Plan Rows": 80,"Plan Width": 18,"Actual Startup Time": 0.021,"Actual Total Time": 0.488,"Actual Rows": 80,"Actual Loops": 377,"Index Cond": "(ps_suppkey = supplier.s_suppkey)","Rows Removed by Index Recheck": 0}]}]}]},"Planning Time": 6.421,"Triggers": [],"Execution Time": 431.115}]
[{"Plan": {"Node Type": "Sort","Parallel Aware": false,"Async Capable": false,"Startup Cost": 10142.20,"Total Cost": 10168.87,"Plan Rows": 10667,"Plan Width": 36,"Actual Startup Time": 448.613,"Actual Total Time": 448.730,"Actual Rows": 888,"Actual Loops": 1,"Sort Key": ["(sum((partsupp.ps_supplycost * (partsupp.ps_availqty)::numeric))) DESC"],"Sort Method": "quicksort","Sort Space Used": 73,"Sort Space Type": "Memory","Plans": [{"Node Type": "Aggregate","Strategy": "Plain","Partial Mode": "Simple","Parent Relationship": "InitPlan","Subplan Name": "InitPlan 1 (returns $2)","Parallel Aware": false,"Async Capable": false,"Startup Cost": 4434.26,"Total Cost": 4434.27,"Plan Rows": 1,"Plan Width": 32,"Actual Startup Time": 133.715,"Actual Total Time": 133.740,"Actual Rows": 1,"Actual Loops": 1,"Plans": [{"Node Type": "Nested Loop","Parent Relationship": "Outer","Parallel Aware": false,"Async Capable": false,"Join Type": "Inner","Startup Cost": 7.81,"Total Cost": 4194.26,"Plan Rows": 32000,"Plan Width": 10,"Actual Startup Time": 0.220,"Actual Total Time": 126.229,"Actual Rows": 32400,"Actual Loops": 1,"Inner Unique": false,"Plans": [{"Node Type": "Nested Loop","Parent Relationship": "Outer","Parallel Aware": false,"Async Capable": false,"Join Type": "Inner","Startup Cost": 7.38,"Total Cost": 244.58,"Plan Rows": 400,"Plan Width": 4,"Actual Startup Time": 0.174,"Actual Total Time": 1.918,"Actual Rows": 405,"Actual Loops": 1,"Inner Unique": false,"Plans": [{"Node Type": "Seq Scan","Parent Relationship": "Outer","Parallel Aware": false,"Async Capable": false,"Relation Name": "nation","Alias": "nation_1","Startup Cost": 0.00,"Total Cost": 1.31,"Plan Rows": 1,"Plan Width": 4,"Actual Startup Time": 0.049,"Actual Total Time": 0.070,"Actual Rows": 1,"Actual Loops": 1,"Filter": "(n_name = 'INDONESIA'::bpchar)","Rows Removed by Filter": 24},{"Node Type": "Bitmap Heap Scan","Parent Relationship": "Inner","Parallel Aware": false,"Async Capable": false,"Relation Name": "supplier","Alias": "supplier_1","Startup Cost": 7.38,"Total Cost": 239.27,"Plan Rows": 400,"Plan Width": 8,"Actual Startup Time": 0.105,"Actual Total Time": 1.781,"Actual Rows": 405,"Actual Loops": 1,"Recheck Cond": "(s_nationkey = nation_1.n_nationkey)","Rows Removed by Index Recheck": 0,"Exact Heap Blocks": 192,"Lossy Heap Blocks": 0,"Plans": [{"Node Type": "Bitmap Index Scan","Parent Relationship": "Outer","Parallel Aware": false,"Async Capable": false,"Index Name": "idx_supplier_nation_key","Startup Cost": 0.00,"Total Cost": 7.29,"Plan Rows": 400,"Plan Width": 0,"Actual Startup Time": 0.069,"Actual Total Time": 0.075,"Actual Rows": 405,"Actual Loops": 1,"Index Cond": "(s_nationkey = nation_1.n_nationkey)"}]}]},{"Node Type": "Index Scan","Parent Relationship": "Inner","Parallel Aware": false,"Async Capable": false,"Scan Direction": "Forward","Index Name": "idx_partsupp_suppkey","Relation Name": "partsupp","Alias": "partsupp_1","Startup Cost": 0.42,"Total Cost": 9.07,"Plan Rows": 80,"Plan Width": 14,"Actual Startup Time": 0.014,"Actual Total Time": 0.294,"Actual Rows": 80,"Actual Loops": 405,"Index Cond": "(ps_suppkey = supplier_1.s_suppkey)","Rows Removed by Index Recheck": 0}]}]},{"Node Type": "Aggregate","Strategy": "Hashed","Partial Mode": "Simple","Parent Relationship": "Outer","Parallel Aware": false,"Async Capable": false,"Startup Cost": 4514.26,"Total Cost": 4994.26,"Plan Rows": 10667,"Plan Width": 36,"Actual Startup Time": 376.503,"Actual Total Time": 448.157,"Actual Rows": 888,"Actual Loops": 1,"Group Key": ["partsupp.ps_partkey"],"Filter": "(sum((partsupp.ps_supplycost * (partsupp.ps_availqty)::numeric)) > $2)","Planned Partitions": 0,"HashAgg Batches": 1,"Peak Memory Usage": 17937,"Disk Usage": 0,"Rows Removed by Filter": 29597,"Plans": [{"Node Type": "Nested Loop","Parent Relationship": "Outer","Parallel Aware": false,"Async Capable": false,"Join Type": "Inner","Startup Cost": 7.81,"Total Cost": 4194.26,"Plan Rows": 32000,"Plan Width": 14,"Actual Startup Time": 0.375,"Actual Total Time": 200.721,"Actual Rows": 32400,"Actual Loops": 1,"Inner Unique": false,"Plans": [{"Node Type": "Nested Loop","Parent Relationship": "Outer","Parallel Aware": false,"Async Capable": false,"Join Type": "Inner","Startup Cost": 7.38,"Total Cost": 244.58,"Plan Rows": 400,"Plan Width": 4,"Actual Startup Time": 0.269,"Actual Total Time": 2.791,"Actual Rows": 405,"Actual Loops": 1,"Inner Unique": false,"Plans": [{"Node Type": "Seq Scan","Parent Relationship": "Outer","Parallel Aware": false,"Async Capable": false,"Relation Name": "nation","Alias": "nation","Startup Cost": 0.00,"Total Cost": 1.31,"Plan Rows": 1,"Plan Width": 4,"Actual Startup Time": 0.076,"Actual Total Time": 0.092,"Actual Rows": 1,"Actual Loops": 1,"Filter": "(n_name = 'INDONESIA'::bpchar)","Rows Removed by Filter": 24},{"Node Type": "Bitmap Heap Scan","Parent Relationship": "Inner","Parallel Aware": false,"Async Capable": false,"Relation Name": "supplier","Alias": "supplier","Startup Cost": 7.38,"Total Cost": 239.27,"Plan Rows": 400,"Plan Width": 8,"Actual Startup Time": 0.187,"Actual Total Time": 2.648,"Actual Rows": 405,"Actual Loops": 1,"Recheck Cond": "(s_nationkey = nation.n_nationkey)","Rows Removed by Index Recheck": 0,"Exact Heap Blocks": 192,"Lossy Heap Blocks": 0,"Plans": [{"Node Type": "Bitmap Index Scan","Parent Relationship": "Outer","Parallel Aware": false,"Async Capable": false,"Index Name": "idx_supplier_nation_key","Startup Cost": 0.00,"Total Cost": 7.29,"Plan Rows": 400,"Plan Width": 0,"Actual Startup Time": 0.121,"Actual Total Time": 0.124,"Actual Rows": 405,"Actual Loops": 1,"Index Cond": "(s_nationkey = nation.n_nationkey)"}]}]},{"Node Type": "Index Scan","Parent Relationship": "Inner","Parallel Aware": false,"Async Capable": false,"Scan Direction": "Forward","Index Name": "idx_partsupp_suppkey","Relation Name": "partsupp","Alias": "partsupp","Startup Cost": 0.42,"Total Cost": 9.07,"Plan Rows": 80,"Plan Width": 18,"Actual Startup Time": 0.019,"Actual Total Time": 0.477,"Actual Rows": 80,"Actual Loops": 405,"Index Cond": "(ps_suppkey = supplier.s_suppkey)","Rows Removed by Index Recheck": 0}]}]}]},"Planning Time": 7.214,"Triggers": [],"Execution Time": 451.949}]
[{"Plan": {"Node Type": "Sort","Parallel Aware": false,"Async Capable": false,"Startup Cost": 10142.20,"Total Cost": 10168.87,"Plan Rows": 10667,"Plan Width": 36,"Actual Startup Time": 463.200,"Actual Total Time": 463.334,"Actual Rows": 786,"Actual Loops": 1,"Sort Key": ["(sum((partsupp.ps_supplycost * (partsupp.ps_availqty)::numeric))) DESC"],"Sort Method": "quicksort","Sort Space Used": 67,"Sort Space Type": "Memory","Plans": [{"Node Type": "Aggregate","Strategy": "Plain","Partial Mode": "Simple","Parent Relationship": "InitPlan","Subplan Name": "InitPlan 1 (returns $2)","Parallel Aware": false,"Async Capable": false,"Startup Cost": 4434.26,"Total Cost": 4434.27,"Plan Rows": 1,"Plan Width": 32,"Actual Startup Time": 138.217,"Actual Total Time": 138.241,"Actual Rows": 1,"Actual Loops": 1,"Plans": [{"Node Type": "Nested Loop","Parent Relationship": "Outer","Parallel Aware": false,"Async Capable": false,"Join Type": "Inner","Startup Cost": 7.81,"Total Cost": 4194.26,"Plan Rows": 32000,"Plan Width": 10,"Actual Startup Time": 0.203,"Actual Total Time": 130.632,"Actual Rows": 33040,"Actual Loops": 1,"Inner Unique": false,"Plans": [{"Node Type": "Nested Loop","Parent Relationship": "Outer","Parallel Aware": false,"Async Capable": false,"Join Type": "Inner","Startup Cost": 7.38,"Total Cost": 244.58,"Plan Rows": 400,"Plan Width": 4,"Actual Startup Time": 0.159,"Actual Total Time": 1.911,"Actual Rows": 413,"Actual Loops": 1,"Inner Unique": false,"Plans": [{"Node Type": "Seq Scan","Parent Relationship": "Outer","Parallel Aware": false,"Async Capable": false,"Relation Name": "nation","Alias": "nation_1","Startup Cost": 0.00,"Total Cost": 1.31,"Plan Rows": 1,"Plan Width": 4,"Actual Startup Time": 0.020,"Actual Total Time": 0.050,"Actual Rows": 1,"Actual Loops": 1,"Filter": "(n_name = 'ARGENTINA'::bpchar)","Rows Removed by Filter": 24},{"Node Type": "Bitmap Heap Scan","Parent Relationship": "Inner","Parallel Aware": false,"Async Capable": false,"Relation Name": "supplier","Alias": "supplier_1","Startup Cost": 7.38,"Total Cost": 239.27,"Plan Rows": 400,"Plan Width": 8,"Actual Startup Time": 0.122,"Actual Total Time": 1.805,"Actual Rows": 413,"Actual Loops": 1,"Recheck Cond": "(s_nationkey = nation_1.n_nationkey)","Rows Removed by Index Recheck": 0,"Exact Heap Blocks": 190,"Lossy Heap Blocks": 0,"Plans": [{"Node Type": "Bitmap Index Scan","Parent Relationship": "Outer","Parallel Aware": false,"Async Capable": false,"Index Name": "idx_supplier_nation_key","Startup Cost": 0.00,"Total Cost": 7.29,"Plan Rows": 400,"Plan Width": 0,"Actual Startup Time": 0.076,"Actual Total Time": 0.082,"Actual Rows": 413,"Actual Loops": 1,"Index Cond": "(s_nationkey = nation_1.n_nationkey)"}]}]},{"Node Type": "Index Scan","Parent Relationship": "Inner","Parallel Aware": false,"Async Capable": false,"Scan Direction": "Forward","Index Name": "idx_partsupp_suppkey","Relation Name": "partsupp","Alias": "partsupp_1","Startup Cost": 0.42,"Total Cost": 9.07,"Plan Rows": 80,"Plan Width": 14,"Actual Startup Time": 0.015,"Actual Total Time": 0.299,"Actual Rows": 80,"Actual Loops": 413,"Index Cond": "(ps_suppkey = supplier_1.s_suppkey)","Rows Removed by Index Recheck": 0}]}]},{"Node Type": "Aggregate","Strategy": "Hashed","Partial Mode": "Simple","Parent Relationship": "Outer","Parallel Aware": false,"Async Capable": false,"Startup Cost": 4514.26,"Total Cost": 4994.26,"Plan Rows": 10667,"Plan Width": 36,"Actual Startup Time": 387.894,"Actual Total Time": 462.834,"Actual Rows": 786,"Actual Loops": 1,"Group Key": ["partsupp.ps_partkey"],"Filter": "(sum((partsupp.ps_supplycost * (partsupp.ps_availqty)::numeric)) > $2)","Planned Partitions": 0,"HashAgg Batches": 1,"Peak Memory Usage": 17937,"Disk Usage": 0,"Rows Removed by Filter": 30324,"Plans": [{"Node Type": "Nested Loop","Parent Relationship": "Outer","Parallel Aware": false,"Async Capable": false,"Join Type": "Inner","Startup Cost": 7.81,"Total Cost": 4194.26,"Plan Rows": 32000,"Plan Width": 14,"Actual Startup Time": 0.397,"Actual Total Time": 197.172,"Actual Rows": 33040,"Actual Loops": 1,"Inner Unique": false,"Plans": [{"Node Type": "Nested Loop","Parent Relationship": "Outer","Parallel Aware": false,"Async Capable": false,"Join Type": "Inner","Startup Cost": 7.38,"Total Cost": 244.58,"Plan Rows": 400,"Plan Width": 4,"Actual Startup Time": 0.324,"Actual Total Time": 2.886,"Actual Rows": 413,"Actual Loops": 1,"Inner Unique": false,"Plans": [{"Node Type": "Seq Scan","Parent Relationship": "Outer","Parallel Aware": false,"Async Capable": false,"Relation Name": "nation","Alias": "nation","Startup Cost": 0.00,"Total Cost": 1.31,"Plan Rows": 1,"Plan Width": 4,"Actual Startup Time": 0.073,"Actual Total Time": 0.106,"Actual Rows": 1,"Actual Loops": 1,"Filter": "(n_name = 'ARGENTINA'::bpchar)","Rows Removed by Filter": 24},{"Node Type": "Bitmap Heap Scan","Parent Relationship": "Inner","Parallel Aware": false,"Async Capable": false,"Relation Name": "supplier","Alias": "supplier","Startup Cost": 7.38,"Total Cost": 239.27,"Plan Rows": 400,"Plan Width": 8,"Actual Startup Time": 0.246,"Actual Total Time": 2.727,"Actual Rows": 413,"Actual Loops": 1,"Recheck Cond": "(s_nationkey = nation.n_nationkey)","Rows Removed by Index Recheck": 0,"Exact Heap Blocks": 190,"Lossy Heap Blocks": 0,"Plans": [{"Node Type": "Bitmap Index Scan","Parent Relationship": "Outer","Parallel Aware": false,"Async Capable": false,"Index Name": "idx_supplier_nation_key","Startup Cost": 0.00,"Total Cost": 7.29,"Plan Rows": 400,"Plan Width": 0,"Actual Startup Time": 0.154,"Actual Total Time": 0.156,"Actual Rows": 413,"Actual Loops": 1,"Index Cond": "(s_nationkey = nation.n_nationkey)"}]}]},{"Node Type": "Index Scan","Parent Relationship": "Inner","Parallel Aware": false,"Async Capable": false,"Scan Direction": "Forward","Index Name": "idx_partsupp_suppkey","Relation Name": "partsupp","Alias": "partsupp","Startup Cost": 0.42,"Total Cost": 9.07,"Plan Rows": 80,"Plan Width": 18,"Actual Startup Time": 0.020,"Actual Total Time": 0.459,"Actual Rows": 80,"Actual Loops": 413,"Index Cond": "(ps_suppkey = supplier.s_suppkey)","Rows Removed by Index Recheck": 0}]}]}]},"Planning Time": 6.005,"Triggers": [],"Execution Time": 466.166}]
[{"Plan": {"Node Type": "Sort","Parallel Aware": false,"Async Capable": false,"Startup Cost": 10142.20,"Total Cost": 10168.87,"Plan Rows": 10667,"Plan Width": 36,"Actual Startup Time": 455.847,"Actual Total Time": 455.976,"Actual Rows": 819,"Actual Loops": 1,"Sort Key": ["(sum((partsupp.ps_supplycost * (partsupp.ps_availqty)::numeric))) DESC"],"Sort Method": "quicksort","Sort Space Used": 69,"Sort Space Type": "Memory","Plans": [{"Node Type": "Aggregate","Strategy": "Plain","Partial Mode": "Simple","Parent Relationship": "InitPlan","Subplan Name": "InitPlan 1 (returns $2)","Parallel Aware": false,"Async Capable": false,"Startup Cost": 4434.26,"Total Cost": 4434.27,"Plan Rows": 1,"Plan Width": 32,"Actual Startup Time": 134.080,"Actual Total Time": 134.102,"Actual Rows": 1,"Actual Loops": 1,"Plans": [{"Node Type": "Nested Loop","Parent Relationship": "Outer","Parallel Aware": false,"Async Capable": false,"Join Type": "Inner","Startup Cost": 7.81,"Total Cost": 4194.26,"Plan Rows": 32000,"Plan Width": 10,"Actual Startup Time": 0.218,"Actual Total Time": 126.423,"Actual Rows": 32960,"Actual Loops": 1,"Inner Unique": false,"Plans": [{"Node Type": "Nested Loop","Parent Relationship": "Outer","Parallel Aware": false,"Async Capable": false,"Join Type": "Inner","Startup Cost": 7.38,"Total Cost": 244.58,"Plan Rows": 400,"Plan Width": 4,"Actual Startup Time": 0.177,"Actual Total Time": 1.887,"Actual Rows": 412,"Actual Loops": 1,"Inner Unique": false,"Plans": [{"Node Type": "Seq Scan","Parent Relationship": "Outer","Parallel Aware": false,"Async Capable": false,"Relation Name": "nation","Alias": "nation_1","Startup Cost": 0.00,"Total Cost": 1.31,"Plan Rows": 1,"Plan Width": 4,"Actual Startup Time": 0.040,"Actual Total Time": 0.063,"Actual Rows": 1,"Actual Loops": 1,"Filter": "(n_name = 'CANADA'::bpchar)","Rows Removed by Filter": 24},{"Node Type": "Bitmap Heap Scan","Parent Relationship": "Inner","Parallel Aware": false,"Async Capable": false,"Relation Name": "supplier","Alias": "supplier_1","Startup Cost": 7.38,"Total Cost": 239.27,"Plan Rows": 400,"Plan Width": 8,"Actual Startup Time": 0.119,"Actual Total Time": 1.753,"Actual Rows": 412,"Actual Loops": 1,"Recheck Cond": "(s_nationkey = nation_1.n_nationkey)","Rows Removed by Index Recheck": 0,"Exact Heap Blocks": 189,"Lossy Heap Blocks": 0,"Plans": [{"Node Type": "Bitmap Index Scan","Parent Relationship": "Outer","Parallel Aware": false,"Async Capable": false,"Index Name": "idx_supplier_nation_key","Startup Cost": 0.00,"Total Cost": 7.29,"Plan Rows": 400,"Plan Width": 0,"Actual Startup Time": 0.074,"Actual Total Time": 0.083,"Actual Rows": 412,"Actual Loops": 1,"Index Cond": "(s_nationkey = nation_1.n_nationkey)"}]}]},{"Node Type": "Index Scan","Parent Relationship": "Inner","Parallel Aware": false,"Async Capable": false,"Scan Direction": "Forward","Index Name": "idx_partsupp_suppkey","Relation Name": "partsupp","Alias": "partsupp_1","Startup Cost": 0.42,"Total Cost": 9.07,"Plan Rows": 80,"Plan Width": 14,"Actual Startup Time": 0.014,"Actual Total Time": 0.290,"Actual Rows": 80,"Actual Loops": 412,"Index Cond": "(ps_suppkey = supplier_1.s_suppkey)","Rows Removed by Index Recheck": 0}]}]},{"Node Type": "Aggregate","Strategy": "Hashed","Partial Mode": "Simple","Parent Relationship": "Outer","Parallel Aware": false,"Async Capable": false,"Startup Cost": 4514.26,"Total Cost": 4994.26,"Plan Rows": 10667,"Plan Width": 36,"Actual Startup Time": 380.948,"Actual Total Time": 455.394,"Actual Rows": 819,"Actual Loops": 1,"Group Key": ["partsupp.ps_partkey"],"Filter": "(sum((partsupp.ps_supplycost * (partsupp.ps_availqty)::numeric)) > $2)","Planned Partitions": 0,"HashAgg Batches": 1,"Peak Memory Usage": 17937,"Disk Usage": 0,"Rows Removed by Filter": 30166,"Plans": [{"Node Type": "Nested Loop","Parent Relationship": "Outer","Parallel Aware": false,"Async Capable": false,"Join Type": "Inner","Startup Cost": 7.81,"Total Cost": 4194.26,"Plan Rows": 32000,"Plan Width": 14,"Actual Startup Time": 0.343,"Actual Total Time": 202.198,"Actual Rows": 32960,"Actual Loops": 1,"Inner Unique": false,"Plans": [{"Node Type": "Nested Loop","Parent Relationship": "Outer","Parallel Aware": false,"Async Capable": false,"Join Type": "Inner","Startup Cost": 7.38,"Total Cost": 244.58,"Plan Rows": 400,"Plan Width": 4,"Actual Startup Time": 0.272,"Actual Total Time": 2.740,"Actual Rows": 412,"Actual Loops": 1,"Inner Unique": false,"Plans": [{"Node Type": "Seq Scan","Parent Relationship": "Outer","Parallel Aware": false,"Async Capable": false,"Relation Name": "nation","Alias": "nation","Startup Cost": 0.00,"Total Cost": 1.31,"Plan Rows": 1,"Plan Width": 4,"Actual Startup Time": 0.064,"Actual Total Time": 0.078,"Actual Rows": 1,"Actual Loops": 1,"Filter": "(n_name = 'CANADA'::bpchar)","Rows Removed by Filter": 24},{"Node Type": "Bitmap Heap Scan","Parent Relationship": "Inner","Parallel Aware": false,"Async Capable": false,"Relation Name": "supplier","Alias": "supplier","Startup Cost": 7.38,"Total Cost": 239.27,"Plan Rows": 400,"Plan Width": 8,"Actual Startup Time": 0.203,"Actual Total Time": 2.610,"Actual Rows": 412,"Actual Loops": 1,"Recheck Cond": "(s_nationkey = nation.n_nationkey)","Rows Removed by Index Recheck": 0,"Exact Heap Blocks": 189,"Lossy Heap Blocks": 0,"Plans": [{"Node Type": "Bitmap Index Scan","Parent Relationship": "Outer","Parallel Aware": false,"Async Capable": false,"Index Name": "idx_supplier_nation_key","Startup Cost": 0.00,"Total Cost": 7.29,"Plan Rows": 400,"Plan Width": 0,"Actual Startup Time": 0.140,"Actual Total Time": 0.142,"Actual Rows": 412,"Actual Loops": 1,"Index Cond": "(s_nationkey = nation.n_nationkey)"}]}]},{"Node Type": "Index Scan","Parent Relationship": "Inner","Parallel Aware": false,"Async Capable": false,"Scan Direction": "Forward","Index Name": "idx_partsupp_suppkey","Relation Name": "partsupp","Alias": "partsupp","Startup Cost": 0.42,"Total Cost": 9.07,"Plan Rows": 80,"Plan Width": 18,"Actual Startup Time": 0.019,"Actual Total Time": 0.472,"Actual Rows": 80,"Actual Loops": 412,"Index Cond": "(ps_suppkey = supplier.s_suppkey)","Rows Removed by Index Recheck": 0}]}]}]},"Planning Time": 7.565,"Triggers": [],"Execution Time": 459.165}]
[{"Plan": {"Node Type": "Sort","Parallel Aware": false,"Async Capable": false,"Startup Cost": 10142.20,"Total Cost": 10168.87,"Plan Rows": 10667,"Plan Width": 36,"Actual Startup Time": 463.200,"Actual Total Time": 463.334,"Actual Rows": 786,"Actual Loops": 1,"Sort Key": ["(sum((partsupp.ps_supplycost * (partsupp.ps_availqty)::numeric))) DESC"],"Sort Method": "quicksort","Sort Space Used": 67,"Sort Space Type": "Memory","Plans": [{"Node Type": "Aggregate","Strategy": "Plain","Partial Mode": "Simple","Parent Relationship": "InitPlan","Subplan Name": "InitPlan 1 (returns $2)","Parallel Aware": false,"Async Capable": false,"Startup Cost": 4434.26,"Total Cost": 4434.27,"Plan Rows": 1,"Plan Width": 32,"Actual Startup Time": 138.217,"Actual Total Time": 138.241,"Actual Rows": 1,"Actual Loops": 1,"Plans": [{"Node Type": "Nested Loop","Parent Relationship": "Outer","Parallel Aware": false,"Async Capable": false,"Join Type": "Inner","Startup Cost": 7.81,"Total Cost": 4194.26,"Plan Rows": 32000,"Plan Width": 10,"Actual Startup Time": 0.203,"Actual Total Time": 130.632,"Actual Rows": 33040,"Actual Loops": 1,"Inner Unique": false,"Plans": [{"Node Type": "Nested Loop","Parent Relationship": "Outer","Parallel Aware": false,"Async Capable": false,"Join Type": "Inner","Startup Cost": 7.38,"Total Cost": 244.58,"Plan Rows": 400,"Plan Width": 4,"Actual Startup Time": 0.159,"Actual Total Time": 1.911,"Actual Rows": 413,"Actual Loops": 1,"Inner Unique": false,"Plans": [{"Node Type": "Seq Scan","Parent Relationship": "Outer","Parallel Aware": false,"Async Capable": false,"Relation Name": "nation","Alias": "nation_1","Startup Cost": 0.00,"Total Cost": 1.31,"Plan Rows": 1,"Plan Width": 4,"Actual Startup Time": 0.020,"Actual Total Time": 0.050,"Actual Rows": 1,"Actual Loops": 1,"Filter": "(n_name = 'ARGENTINA'::bpchar)","Rows Removed by Filter": 24},{"Node Type": "Bitmap Heap Scan","Parent Relationship": "Inner","Parallel Aware": false,"Async Capable": false,"Relation Name": "supplier","Alias": "supplier_1","Startup Cost": 7.38,"Total Cost": 239.27,"Plan Rows": 400,"Plan Width": 8,"Actual Startup Time": 0.122,"Actual Total Time": 1.805,"Actual Rows": 413,"Actual Loops": 1,"Recheck Cond": "(s_nationkey = nation_1.n_nationkey)","Rows Removed by Index Recheck": 0,"Exact Heap Blocks": 190,"Lossy Heap Blocks": 0,"Plans": [{"Node Type": "Bitmap Index Scan","Parent Relationship": "Outer","Parallel Aware": false,"Async Capable": false,"Index Name": "idx_supplier_nation_key","Startup Cost": 0.00,"Total Cost": 7.29,"Plan Rows": 400,"Plan Width": 0,"Actual Startup Time": 0.076,"Actual Total Time": 0.082,"Actual Rows": 413,"Actual Loops": 1,"Index Cond": "(s_nationkey = nation_1.n_nationkey)"}]}]},{"Node Type": "Index Scan","Parent Relationship": "Inner","Parallel Aware": false,"Async Capable": false,"Scan Direction": "Forward","Index Name": "idx_partsupp_suppkey","Relation Name": "partsupp","Alias": "partsupp_1","Startup Cost": 0.42,"Total Cost": 9.07,"Plan Rows": 80,"Plan Width": 14,"Actual Startup Time": 0.015,"Actual Total Time": 0.299,"Actual Rows": 80,"Actual Loops": 413,"Index Cond": "(ps_suppkey = supplier_1.s_suppkey)","Rows Removed by Index Recheck": 0}]}]},{"Node Type": "Aggregate","Strategy": "Hashed","Partial Mode": "Simple","Parent Relationship": "Outer","Parallel Aware": false,"Async Capable": false,"Startup Cost": 4514.26,"Total Cost": 4994.26,"Plan Rows": 10667,"Plan Width": 36,"Actual Startup Time": 387.894,"Actual Total Time": 462.834,"Actual Rows": 786,"Actual Loops": 1,"Group Key": ["partsupp.ps_partkey"],"Filter": "(sum((partsupp.ps_supplycost * (partsupp.ps_availqty)::numeric)) > $2)","Planned Partitions": 0,"HashAgg Batches": 1,"Peak Memory Usage": 17937,"Disk Usage": 0,"Rows Removed by Filter": 30324,"Plans": [{"Node Type": "Nested Loop","Parent Relationship": "Outer","Parallel Aware": false,"Async Capable": false,"Join Type": "Inner","Startup Cost": 7.81,"Total Cost": 4194.26,"Plan Rows": 32000,"Plan Width": 14,"Actual Startup Time": 0.397,"Actual Total Time": 197.172,"Actual Rows": 33040,"Actual Loops": 1,"Inner Unique": false,"Plans": [{"Node Type": "Nested Loop","Parent Relationship": "Outer","Parallel Aware": false,"Async Capable": false,"Join Type": "Inner","Startup Cost": 7.38,"Total Cost": 244.58,"Plan Rows": 400,"Plan Width": 4,"Actual Startup Time": 0.324,"Actual Total Time": 2.886,"Actual Rows": 413,"Actual Loops": 1,"Inner Unique": false,"Plans": [{"Node Type": "Seq Scan","Parent Relationship": "Outer","Parallel Aware": false,"Async Capable": false,"Relation Name": "nation","Alias": "nation","Startup Cost": 0.00,"Total Cost": 1.31,"Plan Rows": 1,"Plan Width": 4,"Actual Startup Time": 0.073,"Actual Total Time": 0.106,"Actual Rows": 1,"Actual Loops": 1,"Filter": "(n_name = 'ARGENTINA'::bpchar)","Rows Removed by Filter": 24},{"Node Type": "Bitmap Heap Scan","Parent Relationship": "Inner","Parallel Aware": false,"Async Capable": false,"Relation Name": "supplier","Alias": "supplier","Startup Cost": 7.38,"Total Cost": 239.27,"Plan Rows": 400,"Plan Width": 8,"Actual Startup Time": 0.246,"Actual Total Time": 2.727,"Actual Rows": 413,"Actual Loops": 1,"Recheck Cond": "(s_nationkey = nation.n_nationkey)","Rows Removed by Index Recheck": 0,"Exact Heap Blocks": 190,"Lossy Heap Blocks": 0,"Plans": [{"Node Type": "Bitmap Index Scan","Parent Relationship": "Outer","Parallel Aware": false,"Async Capable": false,"Index Name": "idx_supplier_nation_key","Startup Cost": 0.00,"Total Cost": 7.29,"Plan Rows": 400,"Plan Width": 0,"Actual Startup Time": 0.154,"Actual Total Time": 0.156,"Actual Rows": 413,"Actual Loops": 1,"Index Cond": "(s_nationkey = nation.n_nationkey)"}]}]},{"Node Type": "Index Scan","Parent Relationship": "Inner","Parallel Aware": false,"Async Capable": false,"Scan Direction": "Forward","Index Name": "idx_partsupp_suppkey","Relation Name": "partsupp","Alias": "partsupp","Startup Cost": 0.42,"Total Cost": 9.07,"Plan Rows": 80,"Plan Width": 18,"Actual Startup Time": 0.020,"Actual Total Time": 0.459,"Actual Rows": 80,"Actual Loops": 413,"Index Cond": "(ps_suppkey = supplier.s_suppkey)","Rows Removed by Index Recheck": 0}]}]}]},"Planning Time": 6.005,"Triggers": [],"Execution Time": 466.166}]
[{"Plan": {"Node Type": "Sort","Parallel Aware": false,"Async Capable": false,"Startup Cost": 10142.20,"Total Cost": 10168.87,"Plan Rows": 10667,"Plan Width": 36,"Actual Startup Time": 400.788,"Actual Total Time": 400.942,"Actual Rows": 1469,"Actual Loops": 1,"Sort Key": ["(sum((partsupp.ps_supplycost * (partsupp.ps_availqty)::numeric))) DESC"],"Sort Method": "quicksort","Sort Space Used": 129,"Sort Space Type": "Memory","Plans": [{"Node Type": "Aggregate","Strategy": "Plain","Partial Mode": "Simple","Parent Relationship": "InitPlan","Subplan Name": "InitPlan 1 (returns $2)","Parallel Aware": false,"Async Capable": false,"Startup Cost": 4434.26,"Total Cost": 4434.27,"Plan Rows": 1,"Plan Width": 32,"Actual Startup Time": 117.250,"Actual Total Time": 117.272,"Actual Rows": 1,"Actual Loops": 1,"Plans": [{"Node Type": "Nested Loop","Parent Relationship": "Outer","Parallel Aware": false,"Async Capable": false,"Join Type": "Inner","Startup Cost": 7.81,"Total Cost": 4194.26,"Plan Rows": 32000,"Plan Width": 10,"Actual Startup Time": 0.216,"Actual Total Time": 110.575,"Actual Rows": 28960,"Actual Loops": 1,"Inner Unique": false,"Plans": [{"Node Type": "Nested Loop","Parent Relationship": "Outer","Parallel Aware": false,"Async Capable": false,"Join Type": "Inner","Startup Cost": 7.38,"Total Cost": 244.58,"Plan Rows": 400,"Plan Width": 4,"Actual Startup Time": 0.161,"Actual Total Time": 1.515,"Actual Rows": 362,"Actual Loops": 1,"Inner Unique": false,"Plans": [{"Node Type": "Seq Scan","Parent Relationship": "Outer","Parallel Aware": false,"Async Capable": false,"Relation Name": "nation","Alias": "nation_1","Startup Cost": 0.00,"Total Cost": 1.31,"Plan Rows": 1,"Plan Width": 4,"Actual Startup Time": 0.032,"Actual Total Time": 0.051,"Actual Rows": 1,"Actual Loops": 1,"Filter": "(n_name = 'JORDAN'::bpchar)","Rows Removed by Filter": 24},{"Node Type": "Bitmap Heap Scan","Parent Relationship": "Inner","Parallel Aware": false,"Async Capable": false,"Relation Name": "supplier","Alias": "supplier_1","Startup Cost": 7.38,"Total Cost": 239.27,"Plan Rows": 400,"Plan Width": 8,"Actual Startup Time": 0.117,"Actual Total Time": 1.415,"Actual Rows": 362,"Actual Loops": 1,"Recheck Cond": "(s_nationkey = nation_1.n_nationkey)","Rows Removed by Index Recheck": 0,"Exact Heap Blocks": 166,"Lossy Heap Blocks": 0,"Plans": [{"Node Type": "Bitmap Index Scan","Parent Relationship": "Outer","Parallel Aware": false,"Async Capable": false,"Index Name": "idx_supplier_nation_key","Startup Cost": 0.00,"Total Cost": 7.29,"Plan Rows": 400,"Plan Width": 0,"Actual Startup Time": 0.075,"Actual Total Time": 0.079,"Actual Rows": 362,"Actual Loops": 1,"Index Cond": "(s_nationkey = nation_1.n_nationkey)"}]}]},{"Node Type": "Index Scan","Parent Relationship": "Inner","Parallel Aware": false,"Async Capable": false,"Scan Direction": "Forward","Index Name": "idx_partsupp_suppkey","Relation Name": "partsupp","Alias": "partsupp_1","Startup Cost": 0.42,"Total Cost": 9.07,"Plan Rows": 80,"Plan Width": 14,"Actual Startup Time": 0.014,"Actual Total Time": 0.289,"Actual Rows": 80,"Actual Loops": 362,"Index Cond": "(ps_suppkey = supplier_1.s_suppkey)","Rows Removed by Index Recheck": 0}]}]},{"Node Type": "Aggregate","Strategy": "Hashed","Partial Mode": "Simple","Parent Relationship": "Outer","Parallel Aware": false,"Async Capable": false,"Startup Cost": 4514.26,"Total Cost": 4994.26,"Plan Rows": 10667,"Plan Width": 36,"Actual Startup Time": 338.606,"Actual Total Time": 400.138,"Actual Rows": 1469,"Actual Loops": 1,"Group Key": ["partsupp.ps_partkey"],"Filter": "(sum((partsupp.ps_supplycost * (partsupp.ps_availqty)::numeric)) > $2)","Planned Partitions": 0,"HashAgg Batches": 1,"Peak Memory Usage": 17937,"Disk Usage": 0,"Rows Removed by Filter": 25896,"Plans": [{"Node Type": "Nested Loop","Parent Relationship": "Outer","Parallel Aware": false,"Async Capable": false,"Join Type": "Inner","Startup Cost": 7.81,"Total Cost": 4194.26,"Plan Rows": 32000,"Plan Width": 14,"Actual Startup Time": 0.314,"Actual Total Time": 181.118,"Actual Rows": 28960,"Actual Loops": 1,"Inner Unique": false,"Plans": [{"Node Type": "Nested Loop","Parent Relationship": "Outer","Parallel Aware": false,"Async Capable": false,"Join Type": "Inner","Startup Cost": 7.38,"Total Cost": 244.58,"Plan Rows": 400,"Plan Width": 4,"Actual Startup Time": 0.258,"Actual Total Time": 2.692,"Actual Rows": 362,"Actual Loops": 1,"Inner Unique": false,"Plans": [{"Node Type": "Seq Scan","Parent Relationship": "Outer","Parallel Aware": false,"Async Capable": false,"Relation Name": "nation","Alias": "nation","Startup Cost": 0.00,"Total Cost": 1.31,"Plan Rows": 1,"Plan Width": 4,"Actual Startup Time": 0.077,"Actual Total Time": 0.107,"Actual Rows": 1,"Actual Loops": 1,"Filter": "(n_name = 'JORDAN'::bpchar)","Rows Removed by Filter": 24},{"Node Type": "Bitmap Heap Scan","Parent Relationship": "Inner","Parallel Aware": false,"Async Capable": false,"Relation Name": "supplier","Alias": "supplier","Startup Cost": 7.38,"Total Cost": 239.27,"Plan Rows": 400,"Plan Width": 8,"Actual Startup Time": 0.172,"Actual Total Time": 2.539,"Actual Rows": 362,"Actual Loops": 1,"Recheck Cond": "(s_nationkey = nation.n_nationkey)","Rows Removed by Index Recheck": 0,"Exact Heap Blocks": 166,"Lossy Heap Blocks": 0,"Plans": [{"Node Type": "Bitmap Index Scan","Parent Relationship": "Outer","Parallel Aware": false,"Async Capable": false,"Index Name": "idx_supplier_nation_key","Startup Cost": 0.00,"Total Cost": 7.29,"Plan Rows": 400,"Plan Width": 0,"Actual Startup Time": 0.117,"Actual Total Time": 0.118,"Actual Rows": 362,"Actual Loops": 1,"Index Cond": "(s_nationkey = nation.n_nationkey)"}]}]},{"Node Type": "Index Scan","Parent Relationship": "Inner","Parallel Aware": false,"Async Capable": false,"Scan Direction": "Forward","Index Name": "idx_partsupp_suppkey","Relation Name": "partsupp","Alias": "partsupp","Startup Cost": 0.42,"Total Cost": 9.07,"Plan Rows": 80,"Plan Width": 18,"Actual Startup Time": 0.019,"Actual Total Time": 0.481,"Actual Rows": 80,"Actual Loops": 362,"Index Cond": "(ps_suppkey = supplier.s_suppkey)","Rows Removed by Index Recheck": 0}]}]}]},"Planning Time": 6.843,"Triggers": [],"Execution Time": 403.999}]
[{"Plan": {"Node Type": "Sort","Parallel Aware": false,"Async Capable": false,"Startup Cost": 10142.20,"Total Cost": 10168.87,"Plan Rows": 10667,"Plan Width": 36,"Actual Startup Time": 400.788,"Actual Total Time": 400.942,"Actual Rows": 1469,"Actual Loops": 1,"Sort Key": ["(sum((partsupp.ps_supplycost * (partsupp.ps_availqty)::numeric))) DESC"],"Sort Method": "quicksort","Sort Space Used": 129,"Sort Space Type": "Memory","Plans": [{"Node Type": "Aggregate","Strategy": "Plain","Partial Mode": "Simple","Parent Relationship": "InitPlan","Subplan Name": "InitPlan 1 (returns $2)","Parallel Aware": false,"Async Capable": false,"Startup Cost": 4434.26,"Total Cost": 4434.27,"Plan Rows": 1,"Plan Width": 32,"Actual Startup Time": 117.250,"Actual Total Time": 117.272,"Actual Rows": 1,"Actual Loops": 1,"Plans": [{"Node Type": "Nested Loop","Parent Relationship": "Outer","Parallel Aware": false,"Async Capable": false,"Join Type": "Inner","Startup Cost": 7.81,"Total Cost": 4194.26,"Plan Rows": 32000,"Plan Width": 10,"Actual Startup Time": 0.216,"Actual Total Time": 110.575,"Actual Rows": 28960,"Actual Loops": 1,"Inner Unique": false,"Plans": [{"Node Type": "Nested Loop","Parent Relationship": "Outer","Parallel Aware": false,"Async Capable": false,"Join Type": "Inner","Startup Cost": 7.38,"Total Cost": 244.58,"Plan Rows": 400,"Plan Width": 4,"Actual Startup Time": 0.161,"Actual Total Time": 1.515,"Actual Rows": 362,"Actual Loops": 1,"Inner Unique": false,"Plans": [{"Node Type": "Seq Scan","Parent Relationship": "Outer","Parallel Aware": false,"Async Capable": false,"Relation Name": "nation","Alias": "nation_1","Startup Cost": 0.00,"Total Cost": 1.31,"Plan Rows": 1,"Plan Width": 4,"Actual Startup Time": 0.032,"Actual Total Time": 0.051,"Actual Rows": 1,"Actual Loops": 1,"Filter": "(n_name = 'JORDAN'::bpchar)","Rows Removed by Filter": 24},{"Node Type": "Bitmap Heap Scan","Parent Relationship": "Inner","Parallel Aware": false,"Async Capable": false,"Relation Name": "supplier","Alias": "supplier_1","Startup Cost": 7.38,"Total Cost": 239.27,"Plan Rows": 400,"Plan Width": 8,"Actual Startup Time": 0.117,"Actual Total Time": 1.415,"Actual Rows": 362,"Actual Loops": 1,"Recheck Cond": "(s_nationkey = nation_1.n_nationkey)","Rows Removed by Index Recheck": 0,"Exact Heap Blocks": 166,"Lossy Heap Blocks": 0,"Plans": [{"Node Type": "Bitmap Index Scan","Parent Relationship": "Outer","Parallel Aware": false,"Async Capable": false,"Index Name": "idx_supplier_nation_key","Startup Cost": 0.00,"Total Cost": 7.29,"Plan Rows": 400,"Plan Width": 0,"Actual Startup Time": 0.075,"Actual Total Time": 0.079,"Actual Rows": 362,"Actual Loops": 1,"Index Cond": "(s_nationkey = nation_1.n_nationkey)"}]}]},{"Node Type": "Index Scan","Parent Relationship": "Inner","Parallel Aware": false,"Async Capable": false,"Scan Direction": "Forward","Index Name": "idx_partsupp_suppkey","Relation Name": "partsupp","Alias": "partsupp_1","Startup Cost": 0.42,"Total Cost": 9.07,"Plan Rows": 80,"Plan Width": 14,"Actual Startup Time": 0.014,"Actual Total Time": 0.289,"Actual Rows": 80,"Actual Loops": 362,"Index Cond": "(ps_suppkey = supplier_1.s_suppkey)","Rows Removed by Index Recheck": 0}]}]},{"Node Type": "Aggregate","Strategy": "Hashed","Partial Mode": "Simple","Parent Relationship": "Outer","Parallel Aware": false,"Async Capable": false,"Startup Cost": 4514.26,"Total Cost": 4994.26,"Plan Rows": 10667,"Plan Width": 36,"Actual Startup Time": 338.606,"Actual Total Time": 400.138,"Actual Rows": 1469,"Actual Loops": 1,"Group Key": ["partsupp.ps_partkey"],"Filter": "(sum((partsupp.ps_supplycost * (partsupp.ps_availqty)::numeric)) > $2)","Planned Partitions": 0,"HashAgg Batches": 1,"Peak Memory Usage": 17937,"Disk Usage": 0,"Rows Removed by Filter": 25896,"Plans": [{"Node Type": "Nested Loop","Parent Relationship": "Outer","Parallel Aware": false,"Async Capable": false,"Join Type": "Inner","Startup Cost": 7.81,"Total Cost": 4194.26,"Plan Rows": 32000,"Plan Width": 14,"Actual Startup Time": 0.314,"Actual Total Time": 181.118,"Actual Rows": 28960,"Actual Loops": 1,"Inner Unique": false,"Plans": [{"Node Type": "Nested Loop","Parent Relationship": "Outer","Parallel Aware": false,"Async Capable": false,"Join Type": "Inner","Startup Cost": 7.38,"Total Cost": 244.58,"Plan Rows": 400,"Plan Width": 4,"Actual Startup Time": 0.258,"Actual Total Time": 2.692,"Actual Rows": 362,"Actual Loops": 1,"Inner Unique": false,"Plans": [{"Node Type": "Seq Scan","Parent Relationship": "Outer","Parallel Aware": false,"Async Capable": false,"Relation Name": "nation","Alias": "nation","Startup Cost": 0.00,"Total Cost": 1.31,"Plan Rows": 1,"Plan Width": 4,"Actual Startup Time": 0.077,"Actual Total Time": 0.107,"Actual Rows": 1,"Actual Loops": 1,"Filter": "(n_name = 'JORDAN'::bpchar)","Rows Removed by Filter": 24},{"Node Type": "Bitmap Heap Scan","Parent Relationship": "Inner","Parallel Aware": false,"Async Capable": false,"Relation Name": "supplier","Alias": "supplier","Startup Cost": 7.38,"Total Cost": 239.27,"Plan Rows": 400,"Plan Width": 8,"Actual Startup Time": 0.172,"Actual Total Time": 2.539,"Actual Rows": 362,"Actual Loops": 1,"Recheck Cond": "(s_nationkey = nation.n_nationkey)","Rows Removed by Index Recheck": 0,"Exact Heap Blocks": 166,"Lossy Heap Blocks": 0,"Plans": [{"Node Type": "Bitmap Index Scan","Parent Relationship": "Outer","Parallel Aware": false,"Async Capable": false,"Index Name": "idx_supplier_nation_key","Startup Cost": 0.00,"Total Cost": 7.29,"Plan Rows": 400,"Plan Width": 0,"Actual Startup Time": 0.117,"Actual Total Time": 0.118,"Actual Rows": 362,"Actual Loops": 1,"Index Cond": "(s_nationkey = nation.n_nationkey)"}]}]},{"Node Type": "Index Scan","Parent Relationship": "Inner","Parallel Aware": false,"Async Capable": false,"Scan Direction": "Forward","Index Name": "idx_partsupp_suppkey","Relation Name": "partsupp","Alias": "partsupp","Startup Cost": 0.42,"Total Cost": 9.07,"Plan Rows": 80,"Plan Width": 18,"Actual Startup Time": 0.019,"Actual Total Time": 0.481,"Actual Rows": 80,"Actual Loops": 362,"Index Cond": "(ps_suppkey = supplier.s_suppkey)","Rows Removed by Index Recheck": 0}]}]}]},"Planning Time": 6.843,"Triggers": [],"Execution Time": 403.999}]
[{"Plan": {"Node Type": "Sort","Parallel Aware": false,"Async Capable": false,"Startup Cost": 10142.20,"Total Cost": 10168.87,"Plan Rows": 10667,"Plan Width": 36,"Actual Startup Time": 433.878,"Actual Total Time": 434.021,"Actual Rows": 1048,"Actual Loops": 1,"Sort Key": ["(sum((partsupp.ps_supplycost * (partsupp.ps_availqty)::numeric))) DESC"],"Sort Method": "quicksort","Sort Space Used": 106,"Sort Space Type": "Memory","Plans": [{"Node Type": "Aggregate","Strategy": "Plain","Partial Mode": "Simple","Parent Relationship": "InitPlan","Subplan Name": "InitPlan 1 (returns $2)","Parallel Aware": false,"Async Capable": false,"Startup Cost": 4434.26,"Total Cost": 4434.27,"Plan Rows": 1,"Plan Width": 32,"Actual Startup Time": 128.490,"Actual Total Time": 128.514,"Actual Rows": 1,"Actual Loops": 1,"Plans": [{"Node Type": "Nested Loop","Parent Relationship": "Outer","Parallel Aware": false,"Async Capable": false,"Join Type": "Inner","Startup Cost": 7.81,"Total Cost": 4194.26,"Plan Rows": 32000,"Plan Width": 10,"Actual Startup Time": 0.194,"Actual Total Time": 121.249,"Actual Rows": 31680,"Actual Loops": 1,"Inner Unique": false,"Plans": [{"Node Type": "Nested Loop","Parent Relationship": "Outer","Parallel Aware": false,"Async Capable": false,"Join Type": "Inner","Startup Cost": 7.38,"Total Cost": 244.58,"Plan Rows": 400,"Plan Width": 4,"Actual Startup Time": 0.149,"Actual Total Time": 1.791,"Actual Rows": 396,"Actual Loops": 1,"Inner Unique": false,"Plans": [{"Node Type": "Seq Scan","Parent Relationship": "Outer","Parallel Aware": false,"Async Capable": false,"Relation Name": "nation","Alias": "nation_1","Startup Cost": 0.00,"Total Cost": 1.31,"Plan Rows": 1,"Plan Width": 4,"Actual Startup Time": 0.037,"Actual Total Time": 0.065,"Actual Rows": 1,"Actual Loops": 1,"Filter": "(n_name = 'GERMANY'::bpchar)","Rows Removed by Filter": 24},{"Node Type": "Bitmap Heap Scan","Parent Relationship": "Inner","Parallel Aware": false,"Async Capable": false,"Relation Name": "supplier","Alias": "supplier_1","Startup Cost": 7.38,"Total Cost": 239.27,"Plan Rows": 400,"Plan Width": 8,"Actual Startup Time": 0.101,"Actual Total Time": 1.663,"Actual Rows": 396,"Actual Loops": 1,"Recheck Cond": "(s_nationkey = nation_1.n_nationkey)","Rows Removed by Index Recheck": 0,"Exact Heap Blocks": 191,"Lossy Heap Blocks": 0,"Plans": [{"Node Type": "Bitmap Index Scan","Parent Relationship": "Outer","Parallel Aware": false,"Async Capable": false,"Index Name": "idx_supplier_nation_key","Startup Cost": 0.00,"Total Cost": 7.29,"Plan Rows": 400,"Plan Width": 0,"Actual Startup Time": 0.064,"Actual Total Time": 0.071,"Actual Rows": 396,"Actual Loops": 1,"Index Cond": "(s_nationkey = nation_1.n_nationkey)"}]}]},{"Node Type": "Index Scan","Parent Relationship": "Inner","Parallel Aware": false,"Async Capable": false,"Scan Direction": "Forward","Index Name": "idx_partsupp_suppkey","Relation Name": "partsupp","Alias": "partsupp_1","Startup Cost": 0.42,"Total Cost": 9.07,"Plan Rows": 80,"Plan Width": 14,"Actual Startup Time": 0.014,"Actual Total Time": 0.289,"Actual Rows": 80,"Actual Loops": 396,"Index Cond": "(ps_suppkey = supplier_1.s_suppkey)","Rows Removed by Index Recheck": 0}]}]},{"Node Type": "Aggregate","Strategy": "Hashed","Partial Mode": "Simple","Parent Relationship": "Outer","Parallel Aware": false,"Async Capable": false,"Startup Cost": 4514.26,"Total Cost": 4994.26,"Plan Rows": 10667,"Plan Width": 36,"Actual Startup Time": 363.472,"Actual Total Time": 433.375,"Actual Rows": 1048,"Actual Loops": 1,"Group Key": ["partsupp.ps_partkey"],"Filter": "(sum((partsupp.ps_supplycost * (partsupp.ps_availqty)::numeric)) > $2)","Planned Partitions": 0,"HashAgg Batches": 1,"Peak Memory Usage": 17937,"Disk Usage": 0,"Rows Removed by Filter": 28770,"Plans": [{"Node Type": "Nested Loop","Parent Relationship": "Outer","Parallel Aware": false,"Async Capable": false,"Join Type": "Inner","Startup Cost": 7.81,"Total Cost": 4194.26,"Plan Rows": 32000,"Plan Width": 14,"Actual Startup Time": 0.319,"Actual Total Time": 192.866,"Actual Rows": 31680,"Actual Loops": 1,"Inner Unique": false,"Plans": [{"Node Type": "Nested Loop","Parent Relationship": "Outer","Parallel Aware": false,"Async Capable": false,"Join Type": "Inner","Startup Cost": 7.38,"Total Cost": 244.58,"Plan Rows": 400,"Plan Width": 4,"Actual Startup Time": 0.254,"Actual Total Time": 2.704,"Actual Rows": 396,"Actual Loops": 1,"Inner Unique": false,"Plans": [{"Node Type": "Seq Scan","Parent Relationship": "Outer","Parallel Aware": false,"Async Capable": false,"Relation Name": "nation","Alias": "nation","Startup Cost": 0.00,"Total Cost": 1.31,"Plan Rows": 1,"Plan Width": 4,"Actual Startup Time": 0.067,"Actual Total Time": 0.092,"Actual Rows": 1,"Actual Loops": 1,"Filter": "(n_name = 'GERMANY'::bpchar)","Rows Removed by Filter": 24},{"Node Type": "Bitmap Heap Scan","Parent Relationship": "Inner","Parallel Aware": false,"Async Capable": false,"Relation Name": "supplier","Alias": "supplier","Startup Cost": 7.38,"Total Cost": 239.27,"Plan Rows": 400,"Plan Width": 8,"Actual Startup Time": 0.180,"Actual Total Time": 2.555,"Actual Rows": 396,"Actual Loops": 1,"Recheck Cond": "(s_nationkey = nation.n_nationkey)","Rows Removed by Index Recheck": 0,"Exact Heap Blocks": 191,"Lossy Heap Blocks": 0,"Plans": [{"Node Type": "Bitmap Index Scan","Parent Relationship": "Outer","Parallel Aware": false,"Async Capable": false,"Index Name": "idx_supplier_nation_key","Startup Cost": 0.00,"Total Cost": 7.29,"Plan Rows": 400,"Plan Width": 0,"Actual Startup Time": 0.114,"Actual Total Time": 0.118,"Actual Rows": 396,"Actual Loops": 1,"Index Cond": "(s_nationkey = nation.n_nationkey)"}]}]},{"Node Type": "Index Scan","Parent Relationship": "Inner","Parallel Aware": false,"Async Capable": false,"Scan Direction": "Forward","Index Name": "idx_partsupp_suppkey","Relation Name": "partsupp","Alias": "partsupp","Startup Cost": 0.42,"Total Cost": 9.07,"Plan Rows": 80,"Plan Width": 18,"Actual Startup Time": 0.019,"Actual Total Time": 0.468,"Actual Rows": 80,"Actual Loops": 396,"Index Cond": "(ps_suppkey = supplier.s_suppkey)","Rows Removed by Index Recheck": 0}]}]}]},"Planning Time": 7.362,"Triggers": [],"Execution Time": 437.365}]
[{"Plan": {"Node Type": "Sort","Parallel Aware": false,"Async Capable": false,"Startup Cost": 10142.20,"Total Cost": 10168.87,"Plan Rows": 10667,"Plan Width": 36,"Actual Startup Time": 400.788,"Actual Total Time": 400.942,"Actual Rows": 1469,"Actual Loops": 1,"Sort Key": ["(sum((partsupp.ps_supplycost * (partsupp.ps_availqty)::numeric))) DESC"],"Sort Method": "quicksort","Sort Space Used": 129,"Sort Space Type": "Memory","Plans": [{"Node Type": "Aggregate","Strategy": "Plain","Partial Mode": "Simple","Parent Relationship": "InitPlan","Subplan Name": "InitPlan 1 (returns $2)","Parallel Aware": false,"Async Capable": false,"Startup Cost": 4434.26,"Total Cost": 4434.27,"Plan Rows": 1,"Plan Width": 32,"Actual Startup Time": 117.250,"Actual Total Time": 117.272,"Actual Rows": 1,"Actual Loops": 1,"Plans": [{"Node Type": "Nested Loop","Parent Relationship": "Outer","Parallel Aware": false,"Async Capable": false,"Join Type": "Inner","Startup Cost": 7.81,"Total Cost": 4194.26,"Plan Rows": 32000,"Plan Width": 10,"Actual Startup Time": 0.216,"Actual Total Time": 110.575,"Actual Rows": 28960,"Actual Loops": 1,"Inner Unique": false,"Plans": [{"Node Type": "Nested Loop","Parent Relationship": "Outer","Parallel Aware": false,"Async Capable": false,"Join Type": "Inner","Startup Cost": 7.38,"Total Cost": 244.58,"Plan Rows": 400,"Plan Width": 4,"Actual Startup Time": 0.161,"Actual Total Time": 1.515,"Actual Rows": 362,"Actual Loops": 1,"Inner Unique": false,"Plans": [{"Node Type": "Seq Scan","Parent Relationship": "Outer","Parallel Aware": false,"Async Capable": false,"Relation Name": "nation","Alias": "nation_1","Startup Cost": 0.00,"Total Cost": 1.31,"Plan Rows": 1,"Plan Width": 4,"Actual Startup Time": 0.032,"Actual Total Time": 0.051,"Actual Rows": 1,"Actual Loops": 1,"Filter": "(n_name = 'JORDAN'::bpchar)","Rows Removed by Filter": 24},{"Node Type": "Bitmap Heap Scan","Parent Relationship": "Inner","Parallel Aware": false,"Async Capable": false,"Relation Name": "supplier","Alias": "supplier_1","Startup Cost": 7.38,"Total Cost": 239.27,"Plan Rows": 400,"Plan Width": 8,"Actual Startup Time": 0.117,"Actual Total Time": 1.415,"Actual Rows": 362,"Actual Loops": 1,"Recheck Cond": "(s_nationkey = nation_1.n_nationkey)","Rows Removed by Index Recheck": 0,"Exact Heap Blocks": 166,"Lossy Heap Blocks": 0,"Plans": [{"Node Type": "Bitmap Index Scan","Parent Relationship": "Outer","Parallel Aware": false,"Async Capable": false,"Index Name": "idx_supplier_nation_key","Startup Cost": 0.00,"Total Cost": 7.29,"Plan Rows": 400,"Plan Width": 0,"Actual Startup Time": 0.075,"Actual Total Time": 0.079,"Actual Rows": 362,"Actual Loops": 1,"Index Cond": "(s_nationkey = nation_1.n_nationkey)"}]}]},{"Node Type": "Index Scan","Parent Relationship": "Inner","Parallel Aware": false,"Async Capable": false,"Scan Direction": "Forward","Index Name": "idx_partsupp_suppkey","Relation Name": "partsupp","Alias": "partsupp_1","Startup Cost": 0.42,"Total Cost": 9.07,"Plan Rows": 80,"Plan Width": 14,"Actual Startup Time": 0.014,"Actual Total Time": 0.289,"Actual Rows": 80,"Actual Loops": 362,"Index Cond": "(ps_suppkey = supplier_1.s_suppkey)","Rows Removed by Index Recheck": 0}]}]},{"Node Type": "Aggregate","Strategy": "Hashed","Partial Mode": "Simple","Parent Relationship": "Outer","Parallel Aware": false,"Async Capable": false,"Startup Cost": 4514.26,"Total Cost": 4994.26,"Plan Rows": 10667,"Plan Width": 36,"Actual Startup Time": 338.606,"Actual Total Time": 400.138,"Actual Rows": 1469,"Actual Loops": 1,"Group Key": ["partsupp.ps_partkey"],"Filter": "(sum((partsupp.ps_supplycost * (partsupp.ps_availqty)::numeric)) > $2)","Planned Partitions": 0,"HashAgg Batches": 1,"Peak Memory Usage": 17937,"Disk Usage": 0,"Rows Removed by Filter": 25896,"Plans": [{"Node Type": "Nested Loop","Parent Relationship": "Outer","Parallel Aware": false,"Async Capable": false,"Join Type": "Inner","Startup Cost": 7.81,"Total Cost": 4194.26,"Plan Rows": 32000,"Plan Width": 14,"Actual Startup Time": 0.314,"Actual Total Time": 181.118,"Actual Rows": 28960,"Actual Loops": 1,"Inner Unique": false,"Plans": [{"Node Type": "Nested Loop","Parent Relationship": "Outer","Parallel Aware": false,"Async Capable": false,"Join Type": "Inner","Startup Cost": 7.38,"Total Cost": 244.58,"Plan Rows": 400,"Plan Width": 4,"Actual Startup Time": 0.258,"Actual Total Time": 2.692,"Actual Rows": 362,"Actual Loops": 1,"Inner Unique": false,"Plans": [{"Node Type": "Seq Scan","Parent Relationship": "Outer","Parallel Aware": false,"Async Capable": false,"Relation Name": "nation","Alias": "nation","Startup Cost": 0.00,"Total Cost": 1.31,"Plan Rows": 1,"Plan Width": 4,"Actual Startup Time": 0.077,"Actual Total Time": 0.107,"Actual Rows": 1,"Actual Loops": 1,"Filter": "(n_name = 'JORDAN'::bpchar)","Rows Removed by Filter": 24},{"Node Type": "Bitmap Heap Scan","Parent Relationship": "Inner","Parallel Aware": false,"Async Capable": false,"Relation Name": "supplier","Alias": "supplier","Startup Cost": 7.38,"Total Cost": 239.27,"Plan Rows": 400,"Plan Width": 8,"Actual Startup Time": 0.172,"Actual Total Time": 2.539,"Actual Rows": 362,"Actual Loops": 1,"Recheck Cond": "(s_nationkey = nation.n_nationkey)","Rows Removed by Index Recheck": 0,"Exact Heap Blocks": 166,"Lossy Heap Blocks": 0,"Plans": [{"Node Type": "Bitmap Index Scan","Parent Relationship": "Outer","Parallel Aware": false,"Async Capable": false,"Index Name": "idx_supplier_nation_key","Startup Cost": 0.00,"Total Cost": 7.29,"Plan Rows": 400,"Plan Width": 0,"Actual Startup Time": 0.117,"Actual Total Time": 0.118,"Actual Rows": 362,"Actual Loops": 1,"Index Cond": "(s_nationkey = nation.n_nationkey)"}]}]},{"Node Type": "Index Scan","Parent Relationship": "Inner","Parallel Aware": false,"Async Capable": false,"Scan Direction": "Forward","Index Name": "idx_partsupp_suppkey","Relation Name": "partsupp","Alias": "partsupp","Startup Cost": 0.42,"Total Cost": 9.07,"Plan Rows": 80,"Plan Width": 18,"Actual Startup Time": 0.019,"Actual Total Time": 0.481,"Actual Rows": 80,"Actual Loops": 362,"Index Cond": "(ps_suppkey = supplier.s_suppkey)","Rows Removed by Index Recheck": 0}]}]}]},"Planning Time": 6.843,"Triggers": [],"Execution Time": 403.999}]
[{"Plan": {"Node Type": "Sort","Parallel Aware": false,"Async Capable": false,"Startup Cost": 10142.20,"Total Cost": 10168.87,"Plan Rows": 10667,"Plan Width": 36,"Actual Startup Time": 451.065,"Actual Total Time": 451.181,"Actual Rows": 838,"Actual Loops": 1,"Sort Key": ["(sum((partsupp.ps_supplycost * (partsupp.ps_availqty)::numeric))) DESC"],"Sort Method": "quicksort","Sort Space Used": 70,"Sort Space Type": "Memory","Plans": [{"Node Type": "Aggregate","Strategy": "Plain","Partial Mode": "Simple","Parent Relationship": "InitPlan","Subplan Name": "InitPlan 1 (returns $2)","Parallel Aware": false,"Async Capable": false,"Startup Cost": 4434.26,"Total Cost": 4434.27,"Plan Rows": 1,"Plan Width": 32,"Actual Startup Time": 132.717,"Actual Total Time": 132.742,"Actual Rows": 1,"Actual Loops": 1,"Plans": [{"Node Type": "Nested Loop","Parent Relationship": "Outer","Parallel Aware": false,"Async Capable": false,"Join Type": "Inner","Startup Cost": 7.81,"Total Cost": 4194.26,"Plan Rows": 32000,"Plan Width": 10,"Actual Startup Time": 0.228,"Actual Total Time": 125.275,"Actual Rows": 32480,"Actual Loops": 1,"Inner Unique": false,"Plans": [{"Node Type": "Nested Loop","Parent Relationship": "Outer","Parallel Aware": false,"Async Capable": false,"Join Type": "Inner","Startup Cost": 7.38,"Total Cost": 244.58,"Plan Rows": 400,"Plan Width": 4,"Actual Startup Time": 0.174,"Actual Total Time": 1.839,"Actual Rows": 406,"Actual Loops": 1,"Inner Unique": false,"Plans": [{"Node Type": "Seq Scan","Parent Relationship": "Outer","Parallel Aware": false,"Async Capable": false,"Relation Name": "nation","Alias": "nation_1","Startup Cost": 0.00,"Total Cost": 1.31,"Plan Rows": 1,"Plan Width": 4,"Actual Startup Time": 0.052,"Actual Total Time": 0.067,"Actual Rows": 1,"Actual Loops": 1,"Filter": "(n_name = 'MOZAMBIQUE'::bpchar)","Rows Removed by Filter": 24},{"Node Type": "Bitmap Heap Scan","Parent Relationship": "Inner","Parallel Aware": false,"Async Capable": false,"Relation Name": "supplier","Alias": "supplier_1","Startup Cost": 7.38,"Total Cost": 239.27,"Plan Rows": 400,"Plan Width": 8,"Actual Startup Time": 0.112,"Actual Total Time": 1.721,"Actual Rows": 406,"Actual Loops": 1,"Recheck Cond": "(s_nationkey = nation_1.n_nationkey)","Rows Removed by Index Recheck": 0,"Exact Heap Blocks": 186,"Lossy Heap Blocks": 0,"Plans": [{"Node Type": "Bitmap Index Scan","Parent Relationship": "Outer","Parallel Aware": false,"Async Capable": false,"Index Name": "idx_supplier_nation_key","Startup Cost": 0.00,"Total Cost": 7.29,"Plan Rows": 400,"Plan Width": 0,"Actual Startup Time": 0.075,"Actual Total Time": 0.080,"Actual Rows": 406,"Actual Loops": 1,"Index Cond": "(s_nationkey = nation_1.n_nationkey)"}]}]},{"Node Type": "Index Scan","Parent Relationship": "Inner","Parallel Aware": false,"Async Capable": false,"Scan Direction": "Forward","Index Name": "idx_partsupp_suppkey","Relation Name": "partsupp","Alias": "partsupp_1","Startup Cost": 0.42,"Total Cost": 9.07,"Plan Rows": 80,"Plan Width": 14,"Actual Startup Time": 0.015,"Actual Total Time": 0.292,"Actual Rows": 80,"Actual Loops": 406,"Index Cond": "(ps_suppkey = supplier_1.s_suppkey)","Rows Removed by Index Recheck": 0}]}]},{"Node Type": "Aggregate","Strategy": "Hashed","Partial Mode": "Simple","Parent Relationship": "Outer","Parallel Aware": false,"Async Capable": false,"Startup Cost": 4514.26,"Total Cost": 4994.26,"Plan Rows": 10667,"Plan Width": 36,"Actual Startup Time": 378.862,"Actual Total Time": 450.673,"Actual Rows": 838,"Actual Loops": 1,"Group Key": ["partsupp.ps_partkey"],"Filter": "(sum((partsupp.ps_supplycost * (partsupp.ps_availqty)::numeric)) > $2)","Planned Partitions": 0,"HashAgg Batches": 1,"Peak Memory Usage": 17937,"Disk Usage": 0,"Rows Removed by Filter": 29832,"Plans": [{"Node Type": "Nested Loop","Parent Relationship": "Outer","Parallel Aware": false,"Async Capable": false,"Join Type": "Inner","Startup Cost": 7.81,"Total Cost": 4194.26,"Plan Rows": 32000,"Plan Width": 14,"Actual Startup Time": 0.382,"Actual Total Time": 202.282,"Actual Rows": 32480,"Actual Loops": 1,"Inner Unique": false,"Plans": [{"Node Type": "Nested Loop","Parent Relationship": "Outer","Parallel Aware": false,"Async Capable": false,"Join Type": "Inner","Startup Cost": 7.38,"Total Cost": 244.58,"Plan Rows": 400,"Plan Width": 4,"Actual Startup Time": 0.293,"Actual Total Time": 2.810,"Actual Rows": 406,"Actual Loops": 1,"Inner Unique": false,"Plans": [{"Node Type": "Seq Scan","Parent Relationship": "Outer","Parallel Aware": false,"Async Capable": false,"Relation Name": "nation","Alias": "nation","Startup Cost": 0.00,"Total Cost": 1.31,"Plan Rows": 1,"Plan Width": 4,"Actual Startup Time": 0.067,"Actual Total Time": 0.098,"Actual Rows": 1,"Actual Loops": 1,"Filter": "(n_name = 'MOZAMBIQUE'::bpchar)","Rows Removed by Filter": 24},{"Node Type": "Bitmap Heap Scan","Parent Relationship": "Inner","Parallel Aware": false,"Async Capable": false,"Relation Name": "supplier","Alias": "supplier","Startup Cost": 7.38,"Total Cost": 239.27,"Plan Rows": 400,"Plan Width": 8,"Actual Startup Time": 0.220,"Actual Total Time": 2.658,"Actual Rows": 406,"Actual Loops": 1,"Recheck Cond": "(s_nationkey = nation.n_nationkey)","Rows Removed by Index Recheck": 0,"Exact Heap Blocks": 186,"Lossy Heap Blocks": 0,"Plans": [{"Node Type": "Bitmap Index Scan","Parent Relationship": "Outer","Parallel Aware": false,"Async Capable": false,"Index Name": "idx_supplier_nation_key","Startup Cost": 0.00,"Total Cost": 7.29,"Plan Rows": 400,"Plan Width": 0,"Actual Startup Time": 0.147,"Actual Total Time": 0.149,"Actual Rows": 406,"Actual Loops": 1,"Index Cond": "(s_nationkey = nation.n_nationkey)"}]}]},{"Node Type": "Index Scan","Parent Relationship": "Inner","Parallel Aware": false,"Async Capable": false,"Scan Direction": "Forward","Index Name": "idx_partsupp_suppkey","Relation Name": "partsupp","Alias": "partsupp","Startup Cost": 0.42,"Total Cost": 9.07,"Plan Rows": 80,"Plan Width": 18,"Actual Startup Time": 0.020,"Actual Total Time": 0.480,"Actual Rows": 80,"Actual Loops": 406,"Index Cond": "(ps_suppkey = supplier.s_suppkey)","Rows Removed by Index Recheck": 0}]}]}]},"Planning Time": 6.783,"Triggers": [],"Execution Time": 454.405}]
[{"Plan": {"Node Type": "Sort","Parallel Aware": false,"Async Capable": false,"Startup Cost": 10142.20,"Total Cost": 10168.87,"Plan Rows": 10667,"Plan Width": 36,"Actual Startup Time": 451.065,"Actual Total Time": 451.181,"Actual Rows": 838,"Actual Loops": 1,"Sort Key": ["(sum((partsupp.ps_supplycost * (partsupp.ps_availqty)::numeric))) DESC"],"Sort Method": "quicksort","Sort Space Used": 70,"Sort Space Type": "Memory","Plans": [{"Node Type": "Aggregate","Strategy": "Plain","Partial Mode": "Simple","Parent Relationship": "InitPlan","Subplan Name": "InitPlan 1 (returns $2)","Parallel Aware": false,"Async Capable": false,"Startup Cost": 4434.26,"Total Cost": 4434.27,"Plan Rows": 1,"Plan Width": 32,"Actual Startup Time": 132.717,"Actual Total Time": 132.742,"Actual Rows": 1,"Actual Loops": 1,"Plans": [{"Node Type": "Nested Loop","Parent Relationship": "Outer","Parallel Aware": false,"Async Capable": false,"Join Type": "Inner","Startup Cost": 7.81,"Total Cost": 4194.26,"Plan Rows": 32000,"Plan Width": 10,"Actual Startup Time": 0.228,"Actual Total Time": 125.275,"Actual Rows": 32480,"Actual Loops": 1,"Inner Unique": false,"Plans": [{"Node Type": "Nested Loop","Parent Relationship": "Outer","Parallel Aware": false,"Async Capable": false,"Join Type": "Inner","Startup Cost": 7.38,"Total Cost": 244.58,"Plan Rows": 400,"Plan Width": 4,"Actual Startup Time": 0.174,"Actual Total Time": 1.839,"Actual Rows": 406,"Actual Loops": 1,"Inner Unique": false,"Plans": [{"Node Type": "Seq Scan","Parent Relationship": "Outer","Parallel Aware": false,"Async Capable": false,"Relation Name": "nation","Alias": "nation_1","Startup Cost": 0.00,"Total Cost": 1.31,"Plan Rows": 1,"Plan Width": 4,"Actual Startup Time": 0.052,"Actual Total Time": 0.067,"Actual Rows": 1,"Actual Loops": 1,"Filter": "(n_name = 'MOZAMBIQUE'::bpchar)","Rows Removed by Filter": 24},{"Node Type": "Bitmap Heap Scan","Parent Relationship": "Inner","Parallel Aware": false,"Async Capable": false,"Relation Name": "supplier","Alias": "supplier_1","Startup Cost": 7.38,"Total Cost": 239.27,"Plan Rows": 400,"Plan Width": 8,"Actual Startup Time": 0.112,"Actual Total Time": 1.721,"Actual Rows": 406,"Actual Loops": 1,"Recheck Cond": "(s_nationkey = nation_1.n_nationkey)","Rows Removed by Index Recheck": 0,"Exact Heap Blocks": 186,"Lossy Heap Blocks": 0,"Plans": [{"Node Type": "Bitmap Index Scan","Parent Relationship": "Outer","Parallel Aware": false,"Async Capable": false,"Index Name": "idx_supplier_nation_key","Startup Cost": 0.00,"Total Cost": 7.29,"Plan Rows": 400,"Plan Width": 0,"Actual Startup Time": 0.075,"Actual Total Time": 0.080,"Actual Rows": 406,"Actual Loops": 1,"Index Cond": "(s_nationkey = nation_1.n_nationkey)"}]}]},{"Node Type": "Index Scan","Parent Relationship": "Inner","Parallel Aware": false,"Async Capable": false,"Scan Direction": "Forward","Index Name": "idx_partsupp_suppkey","Relation Name": "partsupp","Alias": "partsupp_1","Startup Cost": 0.42,"Total Cost": 9.07,"Plan Rows": 80,"Plan Width": 14,"Actual Startup Time": 0.015,"Actual Total Time": 0.292,"Actual Rows": 80,"Actual Loops": 406,"Index Cond": "(ps_suppkey = supplier_1.s_suppkey)","Rows Removed by Index Recheck": 0}]}]},{"Node Type": "Aggregate","Strategy": "Hashed","Partial Mode": "Simple","Parent Relationship": "Outer","Parallel Aware": false,"Async Capable": false,"Startup Cost": 4514.26,"Total Cost": 4994.26,"Plan Rows": 10667,"Plan Width": 36,"Actual Startup Time": 378.862,"Actual Total Time": 450.673,"Actual Rows": 838,"Actual Loops": 1,"Group Key": ["partsupp.ps_partkey"],"Filter": "(sum((partsupp.ps_supplycost * (partsupp.ps_availqty)::numeric)) > $2)","Planned Partitions": 0,"HashAgg Batches": 1,"Peak Memory Usage": 17937,"Disk Usage": 0,"Rows Removed by Filter": 29832,"Plans": [{"Node Type": "Nested Loop","Parent Relationship": "Outer","Parallel Aware": false,"Async Capable": false,"Join Type": "Inner","Startup Cost": 7.81,"Total Cost": 4194.26,"Plan Rows": 32000,"Plan Width": 14,"Actual Startup Time": 0.382,"Actual Total Time": 202.282,"Actual Rows": 32480,"Actual Loops": 1,"Inner Unique": false,"Plans": [{"Node Type": "Nested Loop","Parent Relationship": "Outer","Parallel Aware": false,"Async Capable": false,"Join Type": "Inner","Startup Cost": 7.38,"Total Cost": 244.58,"Plan Rows": 400,"Plan Width": 4,"Actual Startup Time": 0.293,"Actual Total Time": 2.810,"Actual Rows": 406,"Actual Loops": 1,"Inner Unique": false,"Plans": [{"Node Type": "Seq Scan","Parent Relationship": "Outer","Parallel Aware": false,"Async Capable": false,"Relation Name": "nation","Alias": "nation","Startup Cost": 0.00,"Total Cost": 1.31,"Plan Rows": 1,"Plan Width": 4,"Actual Startup Time": 0.067,"Actual Total Time": 0.098,"Actual Rows": 1,"Actual Loops": 1,"Filter": "(n_name = 'MOZAMBIQUE'::bpchar)","Rows Removed by Filter": 24},{"Node Type": "Bitmap Heap Scan","Parent Relationship": "Inner","Parallel Aware": false,"Async Capable": false,"Relation Name": "supplier","Alias": "supplier","Startup Cost": 7.38,"Total Cost": 239.27,"Plan Rows": 400,"Plan Width": 8,"Actual Startup Time": 0.220,"Actual Total Time": 2.658,"Actual Rows": 406,"Actual Loops": 1,"Recheck Cond": "(s_nationkey = nation.n_nationkey)","Rows Removed by Index Recheck": 0,"Exact Heap Blocks": 186,"Lossy Heap Blocks": 0,"Plans": [{"Node Type": "Bitmap Index Scan","Parent Relationship": "Outer","Parallel Aware": false,"Async Capable": false,"Index Name": "idx_supplier_nation_key","Startup Cost": 0.00,"Total Cost": 7.29,"Plan Rows": 400,"Plan Width": 0,"Actual Startup Time": 0.147,"Actual Total Time": 0.149,"Actual Rows": 406,"Actual Loops": 1,"Index Cond": "(s_nationkey = nation.n_nationkey)"}]}]},{"Node Type": "Index Scan","Parent Relationship": "Inner","Parallel Aware": false,"Async Capable": false,"Scan Direction": "Forward","Index Name": "idx_partsupp_suppkey","Relation Name": "partsupp","Alias": "partsupp","Startup Cost": 0.42,"Total Cost": 9.07,"Plan Rows": 80,"Plan Width": 18,"Actual Startup Time": 0.020,"Actual Total Time": 0.480,"Actual Rows": 80,"Actual Loops": 406,"Index Cond": "(ps_suppkey = supplier.s_suppkey)","Rows Removed by Index Recheck": 0}]}]}]},"Planning Time": 6.783,"Triggers": [],"Execution Time": 454.405}]
[{"Plan": {"Node Type": "Sort","Parallel Aware": false,"Async Capable": false,"Startup Cost": 10142.20,"Total Cost": 10168.87,"Plan Rows": 10667,"Plan Width": 36,"Actual Startup Time": 433.392,"Actual Total Time": 433.521,"Actual Rows": 1062,"Actual Loops": 1,"Sort Key": ["(sum((partsupp.ps_supplycost * (partsupp.ps_availqty)::numeric))) DESC"],"Sort Method": "quicksort","Sort Space Used": 107,"Sort Space Type": "Memory","Plans": [{"Node Type": "Aggregate","Strategy": "Plain","Partial Mode": "Simple","Parent Relationship": "InitPlan","Subplan Name": "InitPlan 1 (returns $2)","Parallel Aware": false,"Async Capable": false,"Startup Cost": 4434.26,"Total Cost": 4434.27,"Plan Rows": 1,"Plan Width": 32,"Actual Startup Time": 125.971,"Actual Total Time": 125.990,"Actual Rows": 1,"Actual Loops": 1,"Plans": [{"Node Type": "Nested Loop","Parent Relationship": "Outer","Parallel Aware": false,"Async Capable": false,"Join Type": "Inner","Startup Cost": 7.81,"Total Cost": 4194.26,"Plan Rows": 32000,"Plan Width": 10,"Actual Startup Time": 0.203,"Actual Total Time": 118.781,"Actual Rows": 31440,"Actual Loops": 1,"Inner Unique": false,"Plans": [{"Node Type": "Nested Loop","Parent Relationship": "Outer","Parallel Aware": false,"Async Capable": false,"Join Type": "Inner","Startup Cost": 7.38,"Total Cost": 244.58,"Plan Rows": 400,"Plan Width": 4,"Actual Startup Time": 0.157,"Actual Total Time": 1.656,"Actual Rows": 393,"Actual Loops": 1,"Inner Unique": false,"Plans": [{"Node Type": "Seq Scan","Parent Relationship": "Outer","Parallel Aware": false,"Async Capable": false,"Relation Name": "nation","Alias": "nation_1","Startup Cost": 0.00,"Total Cost": 1.31,"Plan Rows": 1,"Plan Width": 4,"Actual Startup Time": 0.034,"Actual Total Time": 0.054,"Actual Rows": 1,"Actual Loops": 1,"Filter": "(n_name = 'IRAN'::bpchar)","Rows Removed by Filter": 24},{"Node Type": "Bitmap Heap Scan","Parent Relationship": "Inner","Parallel Aware": false,"Async Capable": false,"Relation Name": "supplier","Alias": "supplier_1","Startup Cost": 7.38,"Total Cost": 239.27,"Plan Rows": 400,"Plan Width": 8,"Actual Startup Time": 0.107,"Actual Total Time": 1.545,"Actual Rows": 393,"Actual Loops": 1,"Recheck Cond": "(s_nationkey = nation_1.n_nationkey)","Rows Removed by Index Recheck": 0,"Exact Heap Blocks": 179,"Lossy Heap Blocks": 0,"Plans": [{"Node Type": "Bitmap Index Scan","Parent Relationship": "Outer","Parallel Aware": false,"Async Capable": false,"Index Name": "idx_supplier_nation_key","Startup Cost": 0.00,"Total Cost": 7.29,"Plan Rows": 400,"Plan Width": 0,"Actual Startup Time": 0.076,"Actual Total Time": 0.080,"Actual Rows": 393,"Actual Loops": 1,"Index Cond": "(s_nationkey = nation_1.n_nationkey)"}]}]},{"Node Type": "Index Scan","Parent Relationship": "Inner","Parallel Aware": false,"Async Capable": false,"Scan Direction": "Forward","Index Name": "idx_partsupp_suppkey","Relation Name": "partsupp","Alias": "partsupp_1","Startup Cost": 0.42,"Total Cost": 9.07,"Plan Rows": 80,"Plan Width": 14,"Actual Startup Time": 0.014,"Actual Total Time": 0.286,"Actual Rows": 80,"Actual Loops": 393,"Index Cond": "(ps_suppkey = supplier_1.s_suppkey)","Rows Removed by Index Recheck": 0}]}]},{"Node Type": "Aggregate","Strategy": "Hashed","Partial Mode": "Simple","Parent Relationship": "Outer","Parallel Aware": false,"Async Capable": false,"Startup Cost": 4514.26,"Total Cost": 4994.26,"Plan Rows": 10667,"Plan Width": 36,"Actual Startup Time": 362.794,"Actual Total Time": 432.898,"Actual Rows": 1062,"Actual Loops": 1,"Group Key": ["partsupp.ps_partkey"],"Filter": "(sum((partsupp.ps_supplycost * (partsupp.ps_availqty)::numeric)) > $2)","Planned Partitions": 0,"HashAgg Batches": 1,"Peak Memory Usage": 17937,"Disk Usage": 0,"Rows Removed by Filter": 28595,"Plans": [{"Node Type": "Nested Loop","Parent Relationship": "Outer","Parallel Aware": false,"Async Capable": false,"Join Type": "Inner","Startup Cost": 7.81,"Total Cost": 4194.26,"Plan Rows": 32000,"Plan Width": 14,"Actual Startup Time": 0.338,"Actual Total Time": 194.810,"Actual Rows": 31440,"Actual Loops": 1,"Inner Unique": false,"Plans": [{"Node Type": "Nested Loop","Parent Relationship": "Outer","Parallel Aware": false,"Async Capable": false,"Join Type": "Inner","Startup Cost": 7.38,"Total Cost": 244.58,"Plan Rows": 400,"Plan Width": 4,"Actual Startup Time": 0.285,"Actual Total Time": 2.779,"Actual Rows": 393,"Actual Loops": 1,"Inner Unique": false,"Plans": [{"Node Type": "Seq Scan","Parent Relationship": "Outer","Parallel Aware": false,"Async Capable": false,"Relation Name": "nation","Alias": "nation","Startup Cost": 0.00,"Total Cost": 1.31,"Plan Rows": 1,"Plan Width": 4,"Actual Startup Time": 0.074,"Actual Total Time": 0.096,"Actual Rows": 1,"Actual Loops": 1,"Filter": "(n_name = 'IRAN'::bpchar)","Rows Removed by Filter": 24},{"Node Type": "Bitmap Heap Scan","Parent Relationship": "Inner","Parallel Aware": false,"Async Capable": false,"Relation Name": "supplier","Alias": "supplier","Startup Cost": 7.38,"Total Cost": 239.27,"Plan Rows": 400,"Plan Width": 8,"Actual Startup Time": 0.203,"Actual Total Time": 2.632,"Actual Rows": 393,"Actual Loops": 1,"Recheck Cond": "(s_nationkey = nation.n_nationkey)","Rows Removed by Index Recheck": 0,"Exact Heap Blocks": 179,"Lossy Heap Blocks": 0,"Plans": [{"Node Type": "Bitmap Index Scan","Parent Relationship": "Outer","Parallel Aware": false,"Async Capable": false,"Index Name": "idx_supplier_nation_key","Startup Cost": 0.00,"Total Cost": 7.29,"Plan Rows": 400,"Plan Width": 0,"Actual Startup Time": 0.138,"Actual Total Time": 0.139,"Actual Rows": 393,"Actual Loops": 1,"Index Cond": "(s_nationkey = nation.n_nationkey)"}]}]},{"Node Type": "Index Scan","Parent Relationship": "Inner","Parallel Aware": false,"Async Capable": false,"Scan Direction": "Forward","Index Name": "idx_partsupp_suppkey","Relation Name": "partsupp","Alias": "partsupp","Startup Cost": 0.42,"Total Cost": 9.07,"Plan Rows": 80,"Plan Width": 18,"Actual Startup Time": 0.019,"Actual Total Time": 0.477,"Actual Rows": 80,"Actual Loops": 393,"Index Cond": "(ps_suppkey = supplier.s_suppkey)","Rows Removed by Index Recheck": 0}]}]}]},"Planning Time": 6.603,"Triggers": [],"Execution Time": 437.000}]
[{"Plan": {"Node Type": "Sort","Parallel Aware": false,"Async Capable": false,"Startup Cost": 10142.20,"Total Cost": 10168.87,"Plan Rows": 10667,"Plan Width": 36,"Actual Startup Time": 448.636,"Actual Total Time": 448.779,"Actual Rows": 979,"Actual Loops": 1,"Sort Key": ["(sum((partsupp.ps_supplycost * (partsupp.ps_availqty)::numeric))) DESC"],"Sort Method": "quicksort","Sort Space Used": 78,"Sort Space Type": "Memory","Plans": [{"Node Type": "Aggregate","Strategy": "Plain","Partial Mode": "Simple","Parent Relationship": "InitPlan","Subplan Name": "InitPlan 1 (returns $2)","Parallel Aware": false,"Async Capable": false,"Startup Cost": 4434.26,"Total Cost": 4434.27,"Plan Rows": 1,"Plan Width": 32,"Actual Startup Time": 130.424,"Actual Total Time": 130.461,"Actual Rows": 1,"Actual Loops": 1,"Plans": [{"Node Type": "Nested Loop","Parent Relationship": "Outer","Parallel Aware": false,"Async Capable": false,"Join Type": "Inner","Startup Cost": 7.81,"Total Cost": 4194.26,"Plan Rows": 32000,"Plan Width": 10,"Actual Startup Time": 0.191,"Actual Total Time": 123.113,"Actual Rows": 31920,"Actual Loops": 1,"Inner Unique": false,"Plans": [{"Node Type": "Nested Loop","Parent Relationship": "Outer","Parallel Aware": false,"Async Capable": false,"Join Type": "Inner","Startup Cost": 7.38,"Total Cost": 244.58,"Plan Rows": 400,"Plan Width": 4,"Actual Startup Time": 0.152,"Actual Total Time": 1.823,"Actual Rows": 399,"Actual Loops": 1,"Inner Unique": false,"Plans": [{"Node Type": "Seq Scan","Parent Relationship": "Outer","Parallel Aware": false,"Async Capable": false,"Relation Name": "nation","Alias": "nation_1","Startup Cost": 0.00,"Total Cost": 1.31,"Plan Rows": 1,"Plan Width": 4,"Actual Startup Time": 0.042,"Actual Total Time": 0.060,"Actual Rows": 1,"Actual Loops": 1,"Filter": "(n_name = 'VIETNAM'::bpchar)","Rows Removed by Filter": 24},{"Node Type": "Bitmap Heap Scan","Parent Relationship": "Inner","Parallel Aware": false,"Async Capable": false,"Relation Name": "supplier","Alias": "supplier_1","Startup Cost": 7.38,"Total Cost": 239.27,"Plan Rows": 400,"Plan Width": 8,"Actual Startup Time": 0.095,"Actual Total Time": 1.696,"Actual Rows": 399,"Actual Loops": 1,"Recheck Cond": "(s_nationkey = nation_1.n_nationkey)","Rows Removed by Index Recheck": 0,"Exact Heap Blocks": 191,"Lossy Heap Blocks": 0,"Plans": [{"Node Type": "Bitmap Index Scan","Parent Relationship": "Outer","Parallel Aware": false,"Async Capable": false,"Index Name": "idx_supplier_nation_key","Startup Cost": 0.00,"Total Cost": 7.29,"Plan Rows": 400,"Plan Width": 0,"Actual Startup Time": 0.057,"Actual Total Time": 0.061,"Actual Rows": 399,"Actual Loops": 1,"Index Cond": "(s_nationkey = nation_1.n_nationkey)"}]}]},{"Node Type": "Index Scan","Parent Relationship": "Inner","Parallel Aware": false,"Async Capable": false,"Scan Direction": "Forward","Index Name": "idx_partsupp_suppkey","Relation Name": "partsupp","Alias": "partsupp_1","Startup Cost": 0.42,"Total Cost": 9.07,"Plan Rows": 80,"Plan Width": 14,"Actual Startup Time": 0.014,"Actual Total Time": 0.292,"Actual Rows": 80,"Actual Loops": 399,"Index Cond": "(ps_suppkey = supplier_1.s_suppkey)","Rows Removed by Index Recheck": 0}]}]},{"Node Type": "Aggregate","Strategy": "Hashed","Partial Mode": "Simple","Parent Relationship": "Outer","Parallel Aware": false,"Async Capable": false,"Startup Cost": 4514.26,"Total Cost": 4994.26,"Plan Rows": 10667,"Plan Width": 36,"Actual Startup Time": 376.224,"Actual Total Time": 448.108,"Actual Rows": 979,"Actual Loops": 1,"Group Key": ["partsupp.ps_partkey"],"Filter": "(sum((partsupp.ps_supplycost * (partsupp.ps_availqty)::numeric)) > $2)","Planned Partitions": 0,"HashAgg Batches": 1,"Peak Memory Usage": 17937,"Disk Usage": 0,"Rows Removed by Filter": 29153,"Plans": [{"Node Type": "Nested Loop","Parent Relationship": "Outer","Parallel Aware": false,"Async Capable": false,"Join Type": "Inner","Startup Cost": 7.81,"Total Cost": 4194.26,"Plan Rows": 32000,"Plan Width": 14,"Actual Startup Time": 0.359,"Actual Total Time": 202.215,"Actual Rows": 31920,"Actual Loops": 1,"Inner Unique": false,"Plans": [{"Node Type": "Nested Loop","Parent Relationship": "Outer","Parallel Aware": false,"Async Capable": false,"Join Type": "Inner","Startup Cost": 7.38,"Total Cost": 244.58,"Plan Rows": 400,"Plan Width": 4,"Actual Startup Time": 0.271,"Actual Total Time": 2.875,"Actual Rows": 399,"Actual Loops": 1,"Inner Unique": false,"Plans": [{"Node Type": "Seq Scan","Parent Relationship": "Outer","Parallel Aware": false,"Async Capable": false,"Relation Name": "nation","Alias": "nation","Startup Cost": 0.00,"Total Cost": 1.31,"Plan Rows": 1,"Plan Width": 4,"Actual Startup Time": 0.081,"Actual Total Time": 0.101,"Actual Rows": 1,"Actual Loops": 1,"Filter": "(n_name = 'VIETNAM'::bpchar)","Rows Removed by Filter": 24},{"Node Type": "Bitmap Heap Scan","Parent Relationship": "Inner","Parallel Aware": false,"Async Capable": false,"Relation Name": "supplier","Alias": "supplier","Startup Cost": 7.38,"Total Cost": 239.27,"Plan Rows": 400,"Plan Width": 8,"Actual Startup Time": 0.181,"Actual Total Time": 2.716,"Actual Rows": 399,"Actual Loops": 1,"Recheck Cond": "(s_nationkey = nation.n_nationkey)","Rows Removed by Index Recheck": 0,"Exact Heap Blocks": 191,"Lossy Heap Blocks": 0,"Plans": [{"Node Type": "Bitmap Index Scan","Parent Relationship": "Outer","Parallel Aware": false,"Async Capable": false,"Index Name": "idx_supplier_nation_key","Startup Cost": 0.00,"Total Cost": 7.29,"Plan Rows": 400,"Plan Width": 0,"Actual Startup Time": 0.120,"Actual Total Time": 0.121,"Actual Rows": 399,"Actual Loops": 1,"Index Cond": "(s_nationkey = nation.n_nationkey)"}]}]},{"Node Type": "Index Scan","Parent Relationship": "Inner","Parallel Aware": false,"Async Capable": false,"Scan Direction": "Forward","Index Name": "idx_partsupp_suppkey","Relation Name": "partsupp","Alias": "partsupp","Startup Cost": 0.42,"Total Cost": 9.07,"Plan Rows": 80,"Plan Width": 18,"Actual Startup Time": 0.019,"Actual Total Time": 0.488,"Actual Rows": 80,"Actual Loops": 399,"Index Cond": "(ps_suppkey = supplier.s_suppkey)","Rows Removed by Index Recheck": 0}]}]}]},"Planning Time": 6.254,"Triggers": [],"Execution Time": 451.997}]
[{"Plan": {"Node Type": "Sort","Parallel Aware": false,"Async Capable": false,"Startup Cost": 10142.20,"Total Cost": 10168.87,"Plan Rows": 10667,"Plan Width": 36,"Actual Startup Time": 444.263,"Actual Total Time": 444.393,"Actual Rows": 839,"Actual Loops": 1,"Sort Key": ["(sum((partsupp.ps_supplycost * (partsupp.ps_availqty)::numeric))) DESC"],"Sort Method": "quicksort","Sort Space Used": 70,"Sort Space Type": "Memory","Plans": [{"Node Type": "Aggregate","Strategy": "Plain","Partial Mode": "Simple","Parent Relationship": "InitPlan","Subplan Name": "InitPlan 1 (returns $2)","Parallel Aware": false,"Async Capable": false,"Startup Cost": 4434.26,"Total Cost": 4434.27,"Plan Rows": 1,"Plan Width": 32,"Actual Startup Time": 130.704,"Actual Total Time": 130.725,"Actual Rows": 1,"Actual Loops": 1,"Plans": [{"Node Type": "Nested Loop","Parent Relationship": "Outer","Parallel Aware": false,"Async Capable": false,"Join Type": "Inner","Startup Cost": 7.81,"Total Cost": 4194.26,"Plan Rows": 32000,"Plan Width": 10,"Actual Startup Time": 0.144,"Actual Total Time": 123.234,"Actual Rows": 32880,"Actual Loops": 1,"Inner Unique": false,"Plans": [{"Node Type": "Nested Loop","Parent Relationship": "Outer","Parallel Aware": false,"Async Capable": false,"Join Type": "Inner","Startup Cost": 7.38,"Total Cost": 244.58,"Plan Rows": 400,"Plan Width": 4,"Actual Startup Time": 0.115,"Actual Total Time": 1.739,"Actual Rows": 411,"Actual Loops": 1,"Inner Unique": false,"Plans": [{"Node Type": "Seq Scan","Parent Relationship": "Outer","Parallel Aware": false,"Async Capable": false,"Relation Name": "nation","Alias": "nation_1","Startup Cost": 0.00,"Total Cost": 1.31,"Plan Rows": 1,"Plan Width": 4,"Actual Startup Time": 0.024,"Actual Total Time": 0.046,"Actual Rows": 1,"Actual Loops": 1,"Filter": "(n_name = 'SAUDI ARABIA'::bpchar)","Rows Removed by Filter": 24},{"Node Type": "Bitmap Heap Scan","Parent Relationship": "Inner","Parallel Aware": false,"Async Capable": false,"Relation Name": "supplier","Alias": "supplier_1","Startup Cost": 7.38,"Total Cost": 239.27,"Plan Rows": 400,"Plan Width": 8,"Actual Startup Time": 0.082,"Actual Total Time": 1.642,"Actual Rows": 411,"Actual Loops": 1,"Recheck Cond": "(s_nationkey = nation_1.n_nationkey)","Rows Removed by Index Recheck": 0,"Exact Heap Blocks": 182,"Lossy Heap Blocks": 0,"Plans": [{"Node Type": "Bitmap Index Scan","Parent Relationship": "Outer","Parallel Aware": false,"Async Capable": false,"Index Name": "idx_supplier_nation_key","Startup Cost": 0.00,"Total Cost": 7.29,"Plan Rows": 400,"Plan Width": 0,"Actual Startup Time": 0.049,"Actual Total Time": 0.055,"Actual Rows": 411,"Actual Loops": 1,"Index Cond": "(s_nationkey = nation_1.n_nationkey)"}]}]},{"Node Type": "Index Scan","Parent Relationship": "Inner","Parallel Aware": false,"Async Capable": false,"Scan Direction": "Forward","Index Name": "idx_partsupp_suppkey","Relation Name": "partsupp","Alias": "partsupp_1","Startup Cost": 0.42,"Total Cost": 9.07,"Plan Rows": 80,"Plan Width": 14,"Actual Startup Time": 0.014,"Actual Total Time": 0.283,"Actual Rows": 80,"Actual Loops": 411,"Index Cond": "(ps_suppkey = supplier_1.s_suppkey)","Rows Removed by Index Recheck": 0}]}]},{"Node Type": "Aggregate","Strategy": "Hashed","Partial Mode": "Simple","Parent Relationship": "Outer","Parallel Aware": false,"Async Capable": false,"Startup Cost": 4514.26,"Total Cost": 4994.26,"Plan Rows": 10667,"Plan Width": 36,"Actual Startup Time": 370.866,"Actual Total Time": 443.841,"Actual Rows": 839,"Actual Loops": 1,"Group Key": ["partsupp.ps_partkey"],"Filter": "(sum((partsupp.ps_supplycost * (partsupp.ps_availqty)::numeric)) > $2)","Planned Partitions": 0,"HashAgg Batches": 1,"Peak Memory Usage": 17937,"Disk Usage": 0,"Rows Removed by Filter": 30007,"Plans": [{"Node Type": "Nested Loop","Parent Relationship": "Outer","Parallel Aware": false,"Async Capable": false,"Join Type": "Inner","Startup Cost": 7.81,"Total Cost": 4194.26,"Plan Rows": 32000,"Plan Width": 14,"Actual Startup Time": 0.339,"Actual Total Time": 197.388,"Actual Rows": 32880,"Actual Loops": 1,"Inner Unique": false,"Plans": [{"Node Type": "Nested Loop","Parent Relationship": "Outer","Parallel Aware": false,"Async Capable": false,"Join Type": "Inner","Startup Cost": 7.38,"Total Cost": 244.58,"Plan Rows": 400,"Plan Width": 4,"Actual Startup Time": 0.236,"Actual Total Time": 2.786,"Actual Rows": 411,"Actual Loops": 1,"Inner Unique": false,"Plans": [{"Node Type": "Seq Scan","Parent Relationship": "Outer","Parallel Aware": false,"Async Capable": false,"Relation Name": "nation","Alias": "nation","Startup Cost": 0.00,"Total Cost": 1.31,"Plan Rows": 1,"Plan Width": 4,"Actual Startup Time": 0.067,"Actual Total Time": 0.078,"Actual Rows": 1,"Actual Loops": 1,"Filter": "(n_name = 'SAUDI ARABIA'::bpchar)","Rows Removed by Filter": 24},{"Node Type": "Bitmap Heap Scan","Parent Relationship": "Inner","Parallel Aware": false,"Async Capable": false,"Relation Name": "supplier","Alias": "supplier","Startup Cost": 7.38,"Total Cost": 239.27,"Plan Rows": 400,"Plan Width": 8,"Actual Startup Time": 0.164,"Actual Total Time": 2.651,"Actual Rows": 411,"Actual Loops": 1,"Recheck Cond": "(s_nationkey = nation.n_nationkey)","Rows Removed by Index Recheck": 0,"Exact Heap Blocks": 182,"Lossy Heap Blocks": 0,"Plans": [{"Node Type": "Bitmap Index Scan","Parent Relationship": "Outer","Parallel Aware": false,"Async Capable": false,"Index Name": "idx_supplier_nation_key","Startup Cost": 0.00,"Total Cost": 7.29,"Plan Rows": 400,"Plan Width": 0,"Actual Startup Time": 0.119,"Actual Total Time": 0.120,"Actual Rows": 411,"Actual Loops": 1,"Index Cond": "(s_nationkey = nation.n_nationkey)"}]}]},{"Node Type": "Index Scan","Parent Relationship": "Inner","Parallel Aware": false,"Async Capable": false,"Scan Direction": "Forward","Index Name": "idx_partsupp_suppkey","Relation Name": "partsupp","Alias": "partsupp","Startup Cost": 0.42,"Total Cost": 9.07,"Plan Rows": 80,"Plan Width": 18,"Actual Startup Time": 0.019,"Actual Total Time": 0.462,"Actual Rows": 80,"Actual Loops": 411,"Index Cond": "(ps_suppkey = supplier.s_suppkey)","Rows Removed by Index Recheck": 0}]}]}]},"Planning Time": 5.661,"Triggers": [],"Execution Time": 447.485}]
[{"Plan": {"Node Type": "Sort","Parallel Aware": false,"Async Capable": false,"Startup Cost": 10142.20,"Total Cost": 10168.87,"Plan Rows": 10667,"Plan Width": 36,"Actual Startup Time": 427.262,"Actual Total Time": 427.423,"Actual Rows": 1241,"Actual Loops": 1,"Sort Key": ["(sum((partsupp.ps_supplycost * (partsupp.ps_availqty)::numeric))) DESC"],"Sort Method": "quicksort","Sort Space Used": 116,"Sort Space Type": "Memory","Plans": [{"Node Type": "Aggregate","Strategy": "Plain","Partial Mode": "Simple","Parent Relationship": "InitPlan","Subplan Name": "InitPlan 1 (returns $2)","Parallel Aware": false,"Async Capable": false,"Startup Cost": 4434.26,"Total Cost": 4434.27,"Plan Rows": 1,"Plan Width": 32,"Actual Startup Time": 127.406,"Actual Total Time": 127.426,"Actual Rows": 1,"Actual Loops": 1,"Plans": [{"Node Type": "Nested Loop","Parent Relationship": "Outer","Parallel Aware": false,"Async Capable": false,"Join Type": "Inner","Startup Cost": 7.81,"Total Cost": 4194.26,"Plan Rows": 32000,"Plan Width": 10,"Actual Startup Time": 0.226,"Actual Total Time": 120.281,"Actual Rows": 30400,"Actual Loops": 1,"Inner Unique": false,"Plans": [{"Node Type": "Nested Loop","Parent Relationship": "Outer","Parallel Aware": false,"Async Capable": false,"Join Type": "Inner","Startup Cost": 7.38,"Total Cost": 244.58,"Plan Rows": 400,"Plan Width": 4,"Actual Startup Time": 0.174,"Actual Total Time": 1.741,"Actual Rows": 380,"Actual Loops": 1,"Inner Unique": false,"Plans": [{"Node Type": "Seq Scan","Parent Relationship": "Outer","Parallel Aware": false,"Async Capable": false,"Relation Name": "nation","Alias": "nation_1","Startup Cost": 0.00,"Total Cost": 1.31,"Plan Rows": 1,"Plan Width": 4,"Actual Startup Time": 0.028,"Actual Total Time": 0.042,"Actual Rows": 1,"Actual Loops": 1,"Filter": "(n_name = 'ETHIOPIA'::bpchar)","Rows Removed by Filter": 24},{"Node Type": "Bitmap Heap Scan","Parent Relationship": "Inner","Parallel Aware": false,"Async Capable": false,"Relation Name": "supplier","Alias": "supplier_1","Startup Cost": 7.38,"Total Cost": 239.27,"Plan Rows": 400,"Plan Width": 8,"Actual Startup Time": 0.130,"Actual Total Time": 1.641,"Actual Rows": 380,"Actual Loops": 1,"Recheck Cond": "(s_nationkey = nation_1.n_nationkey)","Rows Removed by Index Recheck": 0,"Exact Heap Blocks": 192,"Lossy Heap Blocks": 0,"Plans": [{"Node Type": "Bitmap Index Scan","Parent Relationship": "Outer","Parallel Aware": false,"Async Capable": false,"Index Name": "idx_supplier_nation_key","Startup Cost": 0.00,"Total Cost": 7.29,"Plan Rows": 400,"Plan Width": 0,"Actual Startup Time": 0.089,"Actual Total Time": 0.091,"Actual Rows": 380,"Actual Loops": 1,"Index Cond": "(s_nationkey = nation_1.n_nationkey)"}]}]},{"Node Type": "Index Scan","Parent Relationship": "Inner","Parallel Aware": false,"Async Capable": false,"Scan Direction": "Forward","Index Name": "idx_partsupp_suppkey","Relation Name": "partsupp","Alias": "partsupp_1","Startup Cost": 0.42,"Total Cost": 9.07,"Plan Rows": 80,"Plan Width": 14,"Actual Startup Time": 0.015,"Actual Total Time": 0.299,"Actual Rows": 80,"Actual Loops": 380,"Index Cond": "(ps_suppkey = supplier_1.s_suppkey)","Rows Removed by Index Recheck": 0}]}]},{"Node Type": "Aggregate","Strategy": "Hashed","Partial Mode": "Simple","Parent Relationship": "Outer","Parallel Aware": false,"Async Capable": false,"Startup Cost": 4514.26,"Total Cost": 4994.26,"Plan Rows": 10667,"Plan Width": 36,"Actual Startup Time": 359.706,"Actual Total Time": 426.732,"Actual Rows": 1241,"Actual Loops": 1,"Group Key": ["partsupp.ps_partkey"],"Filter": "(sum((partsupp.ps_supplycost * (partsupp.ps_availqty)::numeric)) > $2)","Planned Partitions": 0,"HashAgg Batches": 1,"Peak Memory Usage": 17937,"Disk Usage": 0,"Rows Removed by Filter": 27374,"Plans": [{"Node Type": "Nested Loop","Parent Relationship": "Outer","Parallel Aware": false,"Async Capable": false,"Join Type": "Inner","Startup Cost": 7.81,"Total Cost": 4194.26,"Plan Rows": 32000,"Plan Width": 14,"Actual Startup Time": 0.377,"Actual Total Time": 187.744,"Actual Rows": 30400,"Actual Loops": 1,"Inner Unique": false,"Plans": [{"Node Type": "Nested Loop","Parent Relationship": "Outer","Parallel Aware": false,"Async Capable": false,"Join Type": "Inner","Startup Cost": 7.38,"Total Cost": 244.58,"Plan Rows": 400,"Plan Width": 4,"Actual Startup Time": 0.305,"Actual Total Time": 2.864,"Actual Rows": 380,"Actual Loops": 1,"Inner Unique": false,"Plans": [{"Node Type": "Seq Scan","Parent Relationship": "Outer","Parallel Aware": false,"Async Capable": false,"Relation Name": "nation","Alias": "nation","Startup Cost": 0.00,"Total Cost": 1.31,"Plan Rows": 1,"Plan Width": 4,"Actual Startup Time": 0.073,"Actual Total Time": 0.091,"Actual Rows": 1,"Actual Loops": 1,"Filter": "(n_name = 'ETHIOPIA'::bpchar)","Rows Removed by Filter": 24},{"Node Type": "Bitmap Heap Scan","Parent Relationship": "Inner","Parallel Aware": false,"Async Capable": false,"Relation Name": "supplier","Alias": "supplier","Startup Cost": 7.38,"Total Cost": 239.27,"Plan Rows": 400,"Plan Width": 8,"Actual Startup Time": 0.228,"Actual Total Time": 2.728,"Actual Rows": 380,"Actual Loops": 1,"Recheck Cond": "(s_nationkey = nation.n_nationkey)","Rows Removed by Index Recheck": 0,"Exact Heap Blocks": 192,"Lossy Heap Blocks": 0,"Plans": [{"Node Type": "Bitmap Index Scan","Parent Relationship": "Outer","Parallel Aware": false,"Async Capable": false,"Index Name": "idx_supplier_nation_key","Startup Cost": 0.00,"Total Cost": 7.29,"Plan Rows": 400,"Plan Width": 0,"Actual Startup Time": 0.146,"Actual Total Time": 0.146,"Actual Rows": 380,"Actual Loops": 1,"Index Cond": "(s_nationkey = nation.n_nationkey)"}]}]},{"Node Type": "Index Scan","Parent Relationship": "Inner","Parallel Aware": false,"Async Capable": false,"Scan Direction": "Forward","Index Name": "idx_partsupp_suppkey","Relation Name": "partsupp","Alias": "partsupp","Startup Cost": 0.42,"Total Cost": 9.07,"Plan Rows": 80,"Plan Width": 18,"Actual Startup Time": 0.020,"Actual Total Time": 0.475,"Actual Rows": 80,"Actual Loops": 380,"Index Cond": "(ps_suppkey = supplier.s_suppkey)","Rows Removed by Index Recheck": 0}]}]}]},"Planning Time": 7.180,"Triggers": [],"Execution Time": 429.797}]
[{"Plan": {"Node Type": "Sort","Parallel Aware": false,"Async Capable": false,"Startup Cost": 10142.20,"Total Cost": 10168.87,"Plan Rows": 10667,"Plan Width": 36,"Actual Startup Time": 435.527,"Actual Total Time": 435.700,"Actual Rows": 1089,"Actual Loops": 1,"Sort Key": ["(sum((partsupp.ps_supplycost * (partsupp.ps_availqty)::numeric))) DESC"],"Sort Method": "quicksort","Sort Space Used": 108,"Sort Space Type": "Memory","Plans": [{"Node Type": "Aggregate","Strategy": "Plain","Partial Mode": "Simple","Parent Relationship": "InitPlan","Subplan Name": "InitPlan 1 (returns $2)","Parallel Aware": false,"Async Capable": false,"Startup Cost": 4434.26,"Total Cost": 4434.27,"Plan Rows": 1,"Plan Width": 32,"Actual Startup Time": 127.992,"Actual Total Time": 128.018,"Actual Rows": 1,"Actual Loops": 1,"Plans": [{"Node Type": "Nested Loop","Parent Relationship": "Outer","Parallel Aware": false,"Async Capable": false,"Join Type": "Inner","Startup Cost": 7.81,"Total Cost": 4194.26,"Plan Rows": 32000,"Plan Width": 10,"Actual Startup Time": 0.202,"Actual Total Time": 120.806,"Actual Rows": 31200,"Actual Loops": 1,"Inner Unique": false,"Plans": [{"Node Type": "Nested Loop","Parent Relationship": "Outer","Parallel Aware": false,"Async Capable": false,"Join Type": "Inner","Startup Cost": 7.38,"Total Cost": 244.58,"Plan Rows": 400,"Plan Width": 4,"Actual Startup Time": 0.156,"Actual Total Time": 1.780,"Actual Rows": 390,"Actual Loops": 1,"Inner Unique": false,"Plans": [{"Node Type": "Seq Scan","Parent Relationship": "Outer","Parallel Aware": false,"Async Capable": false,"Relation Name": "nation","Alias": "nation_1","Startup Cost": 0.00,"Total Cost": 1.31,"Plan Rows": 1,"Plan Width": 4,"Actual Startup Time": 0.025,"Actual Total Time": 0.037,"Actual Rows": 1,"Actual Loops": 1,"Filter": "(n_name = 'UNITED KINGDOM'::bpchar)","Rows Removed by Filter": 24},{"Node Type": "Bitmap Heap Scan","Parent Relationship": "Inner","Parallel Aware": false,"Async Capable": false,"Relation Name": "supplier","Alias": "supplier_1","Startup Cost": 7.38,"Total Cost": 239.27,"Plan Rows": 400,"Plan Width": 8,"Actual Startup Time": 0.111,"Actual Total Time": 1.680,"Actual Rows": 390,"Actual Loops": 1,"Recheck Cond": "(s_nationkey = nation_1.n_nationkey)","Rows Removed by Index Recheck": 0,"Exact Heap Blocks": 190,"Lossy Heap Blocks": 0,"Plans": [{"Node Type": "Bitmap Index Scan","Parent Relationship": "Outer","Parallel Aware": false,"Async Capable": false,"Index Name": "idx_supplier_nation_key","Startup Cost": 0.00,"Total Cost": 7.29,"Plan Rows": 400,"Plan Width": 0,"Actual Startup Time": 0.075,"Actual Total Time": 0.080,"Actual Rows": 390,"Actual Loops": 1,"Index Cond": "(s_nationkey = nation_1.n_nationkey)"}]}]},{"Node Type": "Index Scan","Parent Relationship": "Inner","Parallel Aware": false,"Async Capable": false,"Scan Direction": "Forward","Index Name": "idx_partsupp_suppkey","Relation Name": "partsupp","Alias": "partsupp_1","Startup Cost": 0.42,"Total Cost": 9.07,"Plan Rows": 80,"Plan Width": 14,"Actual Startup Time": 0.014,"Actual Total Time": 0.293,"Actual Rows": 80,"Actual Loops": 390,"Index Cond": "(ps_suppkey = supplier_1.s_suppkey)","Rows Removed by Index Recheck": 0}]}]},{"Node Type": "Aggregate","Strategy": "Hashed","Partial Mode": "Simple","Parent Relationship": "Outer","Parallel Aware": false,"Async Capable": false,"Startup Cost": 4514.26,"Total Cost": 4994.26,"Plan Rows": 10667,"Plan Width": 36,"Actual Startup Time": 365.366,"Actual Total Time": 434.999,"Actual Rows": 1089,"Actual Loops": 1,"Group Key": ["partsupp.ps_partkey"],"Filter": "(sum((partsupp.ps_supplycost * (partsupp.ps_availqty)::numeric)) > $2)","Planned Partitions": 0,"HashAgg Batches": 1,"Peak Memory Usage": 17937,"Disk Usage": 0,"Rows Removed by Filter": 28366,"Plans": [{"Node Type": "Nested Loop","Parent Relationship": "Outer","Parallel Aware": false,"Async Capable": false,"Join Type": "Inner","Startup Cost": 7.81,"Total Cost": 4194.26,"Plan Rows": 32000,"Plan Width": 14,"Actual Startup Time": 0.273,"Actual Total Time": 195.557,"Actual Rows": 31200,"Actual Loops": 1,"Inner Unique": false,"Plans": [{"Node Type": "Nested Loop","Parent Relationship": "Outer","Parallel Aware": false,"Async Capable": false,"Join Type": "Inner","Startup Cost": 7.38,"Total Cost": 244.58,"Plan Rows": 400,"Plan Width": 4,"Actual Startup Time": 0.244,"Actual Total Time": 2.901,"Actual Rows": 390,"Actual Loops": 1,"Inner Unique": false,"Plans": [{"Node Type": "Seq Scan","Parent Relationship": "Outer","Parallel Aware": false,"Async Capable": false,"Relation Name": "nation","Alias": "nation","Startup Cost": 0.00,"Total Cost": 1.31,"Plan Rows": 1,"Plan Width": 4,"Actual Startup Time": 0.065,"Actual Total Time": 0.084,"Actual Rows": 1,"Actual Loops": 1,"Filter": "(n_name = 'UNITED KINGDOM'::bpchar)","Rows Removed by Filter": 24},{"Node Type": "Bitmap Heap Scan","Parent Relationship": "Inner","Parallel Aware": false,"Async Capable": false,"Relation Name": "supplier","Alias": "supplier","Startup Cost": 7.38,"Total Cost": 239.27,"Plan Rows": 400,"Plan Width": 8,"Actual Startup Time": 0.171,"Actual Total Time": 2.762,"Actual Rows": 390,"Actual Loops": 1,"Recheck Cond": "(s_nationkey = nation.n_nationkey)","Rows Removed by Index Recheck": 0,"Exact Heap Blocks": 190,"Lossy Heap Blocks": 0,"Plans": [{"Node Type": "Bitmap Index Scan","Parent Relationship": "Outer","Parallel Aware": false,"Async Capable": false,"Index Name": "idx_supplier_nation_key","Startup Cost": 0.00,"Total Cost": 7.29,"Plan Rows": 400,"Plan Width": 0,"Actual Startup Time": 0.123,"Actual Total Time": 0.123,"Actual Rows": 390,"Actual Loops": 1,"Index Cond": "(s_nationkey = nation.n_nationkey)"}]}]},{"Node Type": "Index Scan","Parent Relationship": "Inner","Parallel Aware": false,"Async Capable": false,"Scan Direction": "Forward","Index Name": "idx_partsupp_suppkey","Relation Name": "partsupp","Alias": "partsupp","Startup Cost": 0.42,"Total Cost": 9.07,"Plan Rows": 80,"Plan Width": 18,"Actual Startup Time": 0.020,"Actual Total Time": 0.482,"Actual Rows": 80,"Actual Loops": 390,"Index Cond": "(ps_suppkey = supplier.s_suppkey)","Rows Removed by Index Recheck": 0}]}]}]},"Planning Time": 6.575,"Triggers": [],"Execution Time": 439.057}]
[{"Plan": {"Node Type": "Sort","Parallel Aware": false,"Async Capable": false,"Startup Cost": 10142.20,"Total Cost": 10168.87,"Plan Rows": 10667,"Plan Width": 36,"Actual Startup Time": 449.560,"Actual Total Time": 449.671,"Actual Rows": 907,"Actual Loops": 1,"Sort Key": ["(sum((partsupp.ps_supplycost * (partsupp.ps_availqty)::numeric))) DESC"],"Sort Method": "quicksort","Sort Space Used": 74,"Sort Space Type": "Memory","Plans": [{"Node Type": "Aggregate","Strategy": "Plain","Partial Mode": "Simple","Parent Relationship": "InitPlan","Subplan Name": "InitPlan 1 (returns $2)","Parallel Aware": false,"Async Capable": false,"Startup Cost": 4434.26,"Total Cost": 4434.27,"Plan Rows": 1,"Plan Width": 32,"Actual Startup Time": 134.911,"Actual Total Time": 134.932,"Actual Rows": 1,"Actual Loops": 1,"Plans": [{"Node Type": "Nested Loop","Parent Relationship": "Outer","Parallel Aware": false,"Async Capable": false,"Join Type": "Inner","Startup Cost": 7.81,"Total Cost": 4194.26,"Plan Rows": 32000,"Plan Width": 10,"Actual Startup Time": 0.196,"Actual Total Time": 127.626,"Actual Rows": 31760,"Actual Loops": 1,"Inner Unique": false,"Plans": [{"Node Type": "Nested Loop","Parent Relationship": "Outer","Parallel Aware": false,"Async Capable": false,"Join Type": "Inner","Startup Cost": 7.38,"Total Cost": 244.58,"Plan Rows": 400,"Plan Width": 4,"Actual Startup Time": 0.146,"Actual Total Time": 1.719,"Actual Rows": 397,"Actual Loops": 1,"Inner Unique": false,"Plans": [{"Node Type": "Seq Scan","Parent Relationship": "Outer","Parallel Aware": false,"Async Capable": false,"Relation Name": "nation","Alias": "nation_1","Startup Cost": 0.00,"Total Cost": 1.31,"Plan Rows": 1,"Plan Width": 4,"Actual Startup Time": 0.024,"Actual Total Time": 0.052,"Actual Rows": 1,"Actual Loops": 1,"Filter": "(n_name = 'BRAZIL'::bpchar)","Rows Removed by Filter": 24},{"Node Type": "Bitmap Heap Scan","Parent Relationship": "Inner","Parallel Aware": false,"Async Capable": false,"Relation Name": "supplier","Alias": "supplier_1","Startup Cost": 7.38,"Total Cost": 239.27,"Plan Rows": 400,"Plan Width": 8,"Actual Startup Time": 0.105,"Actual Total Time": 1.602,"Actual Rows": 397,"Actual Loops": 1,"Recheck Cond": "(s_nationkey = nation_1.n_nationkey)","Rows Removed by Index Recheck": 0,"Exact Heap Blocks": 187,"Lossy Heap Blocks": 0,"Plans": [{"Node Type": "Bitmap Index Scan","Parent Relationship": "Outer","Parallel Aware": false,"Async Capable": false,"Index Name": "idx_supplier_nation_key","Startup Cost": 0.00,"Total Cost": 7.29,"Plan Rows": 400,"Plan Width": 0,"Actual Startup Time": 0.071,"Actual Total Time": 0.077,"Actual Rows": 397,"Actual Loops": 1,"Index Cond": "(s_nationkey = nation_1.n_nationkey)"}]}]},{"Node Type": "Index Scan","Parent Relationship": "Inner","Parallel Aware": false,"Async Capable": false,"Scan Direction": "Forward","Index Name": "idx_partsupp_suppkey","Relation Name": "partsupp","Alias": "partsupp_1","Startup Cost": 0.42,"Total Cost": 9.07,"Plan Rows": 80,"Plan Width": 14,"Actual Startup Time": 0.015,"Actual Total Time": 0.304,"Actual Rows": 80,"Actual Loops": 397,"Index Cond": "(ps_suppkey = supplier_1.s_suppkey)","Rows Removed by Index Recheck": 0}]}]},{"Node Type": "Aggregate","Strategy": "Hashed","Partial Mode": "Simple","Parent Relationship": "Outer","Parallel Aware": false,"Async Capable": false,"Startup Cost": 4514.26,"Total Cost": 4994.26,"Plan Rows": 10667,"Plan Width": 36,"Actual Startup Time": 378.380,"Actual Total Time": 449.162,"Actual Rows": 907,"Actual Loops": 1,"Group Key": ["partsupp.ps_partkey"],"Filter": "(sum((partsupp.ps_supplycost * (partsupp.ps_availqty)::numeric)) > $2)","Planned Partitions": 0,"HashAgg Batches": 1,"Peak Memory Usage": 17937,"Disk Usage": 0,"Rows Removed by Filter": 29157,"Plans": [{"Node Type": "Nested Loop","Parent Relationship": "Outer","Parallel Aware": false,"Async Capable": false,"Join Type": "Inner","Startup Cost": 7.81,"Total Cost": 4194.26,"Plan Rows": 32000,"Plan Width": 14,"Actual Startup Time": 0.353,"Actual Total Time": 195.500,"Actual Rows": 31760,"Actual Loops": 1,"Inner Unique": false,"Plans": [{"Node Type": "Nested Loop","Parent Relationship": "Outer","Parallel Aware": false,"Async Capable": false,"Join Type": "Inner","Startup Cost": 7.38,"Total Cost": 244.58,"Plan Rows": 400,"Plan Width": 4,"Actual Startup Time": 0.264,"Actual Total Time": 2.773,"Actual Rows": 397,"Actual Loops": 1,"Inner Unique": false,"Plans": [{"Node Type": "Seq Scan","Parent Relationship": "Outer","Parallel Aware": false,"Async Capable": false,"Relation Name": "nation","Alias": "nation","Startup Cost": 0.00,"Total Cost": 1.31,"Plan Rows": 1,"Plan Width": 4,"Actual Startup Time": 0.057,"Actual Total Time": 0.077,"Actual Rows": 1,"Actual Loops": 1,"Filter": "(n_name = 'BRAZIL'::bpchar)","Rows Removed by Filter": 24},{"Node Type": "Bitmap Heap Scan","Parent Relationship": "Inner","Parallel Aware": false,"Async Capable": false,"Relation Name": "supplier","Alias": "supplier","Startup Cost": 7.38,"Total Cost": 239.27,"Plan Rows": 400,"Plan Width": 8,"Actual Startup Time": 0.205,"Actual Total Time": 2.649,"Actual Rows": 397,"Actual Loops": 1,"Recheck Cond": "(s_nationkey = nation.n_nationkey)","Rows Removed by Index Recheck": 0,"Exact Heap Blocks": 187,"Lossy Heap Blocks": 0,"Plans": [{"Node Type": "Bitmap Index Scan","Parent Relationship": "Outer","Parallel Aware": false,"Async Capable": false,"Index Name": "idx_supplier_nation_key","Startup Cost": 0.00,"Total Cost": 7.29,"Plan Rows": 400,"Plan Width": 0,"Actual Startup Time": 0.130,"Actual Total Time": 0.131,"Actual Rows": 397,"Actual Loops": 1,"Index Cond": "(s_nationkey = nation.n_nationkey)"}]}]},{"Node Type": "Index Scan","Parent Relationship": "Inner","Parallel Aware": false,"Async Capable": false,"Scan Direction": "Forward","Index Name": "idx_partsupp_suppkey","Relation Name": "partsupp","Alias": "partsupp","Startup Cost": 0.42,"Total Cost": 9.07,"Plan Rows": 80,"Plan Width": 18,"Actual Startup Time": 0.020,"Actual Total Time": 0.474,"Actual Rows": 80,"Actual Loops": 397,"Index Cond": "(ps_suppkey = supplier.s_suppkey)","Rows Removed by Index Recheck": 0}]}]}]},"Planning Time": 5.165,"Triggers": [],"Execution Time": 452.133}]
[{"Plan": {"Node Type": "Sort","Parallel Aware": false,"Async Capable": false,"Startup Cost": 10142.20,"Total Cost": 10168.87,"Plan Rows": 10667,"Plan Width": 36,"Actual Startup Time": 428.583,"Actual Total Time": 428.704,"Actual Rows": 1225,"Actual Loops": 1,"Sort Key": ["(sum((partsupp.ps_supplycost * (partsupp.ps_availqty)::numeric))) DESC"],"Sort Method": "quicksort","Sort Space Used": 116,"Sort Space Type": "Memory","Plans": [{"Node Type": "Aggregate","Strategy": "Plain","Partial Mode": "Simple","Parent Relationship": "InitPlan","Subplan Name": "InitPlan 1 (returns $2)","Parallel Aware": false,"Async Capable": false,"Startup Cost": 4434.26,"Total Cost": 4434.27,"Plan Rows": 1,"Plan Width": 32,"Actual Startup Time": 128.590,"Actual Total Time": 128.610,"Actual Rows": 1,"Actual Loops": 1,"Plans": [{"Node Type": "Nested Loop","Parent Relationship": "Outer","Parallel Aware": false,"Async Capable": false,"Join Type": "Inner","Startup Cost": 7.81,"Total Cost": 4194.26,"Plan Rows": 32000,"Plan Width": 10,"Actual Startup Time": 0.200,"Actual Total Time": 121.660,"Actual Rows": 30160,"Actual Loops": 1,"Inner Unique": false,"Plans": [{"Node Type": "Nested Loop","Parent Relationship": "Outer","Parallel Aware": false,"Async Capable": false,"Join Type": "Inner","Startup Cost": 7.38,"Total Cost": 244.58,"Plan Rows": 400,"Plan Width": 4,"Actual Startup Time": 0.145,"Actual Total Time": 1.678,"Actual Rows": 377,"Actual Loops": 1,"Inner Unique": false,"Plans": [{"Node Type": "Seq Scan","Parent Relationship": "Outer","Parallel Aware": false,"Async Capable": false,"Relation Name": "nation","Alias": "nation_1","Startup Cost": 0.00,"Total Cost": 1.31,"Plan Rows": 1,"Plan Width": 4,"Actual Startup Time": 0.022,"Actual Total Time": 0.041,"Actual Rows": 1,"Actual Loops": 1,"Filter": "(n_name = 'JAPAN'::bpchar)","Rows Removed by Filter": 24},{"Node Type": "Bitmap Heap Scan","Parent Relationship": "Inner","Parallel Aware": false,"Async Capable": false,"Relation Name": "supplier","Alias": "supplier_1","Startup Cost": 7.38,"Total Cost": 239.27,"Plan Rows": 400,"Plan Width": 8,"Actual Startup Time": 0.107,"Actual Total Time": 1.581,"Actual Rows": 377,"Actual Loops": 1,"Recheck Cond": "(s_nationkey = nation_1.n_nationkey)","Rows Removed by Index Recheck": 0,"Exact Heap Blocks": 180,"Lossy Heap Blocks": 0,"Plans": [{"Node Type": "Bitmap Index Scan","Parent Relationship": "Outer","Parallel Aware": false,"Async Capable": false,"Index Name": "idx_supplier_nation_key","Startup Cost": 0.00,"Total Cost": 7.29,"Plan Rows": 400,"Plan Width": 0,"Actual Startup Time": 0.073,"Actual Total Time": 0.079,"Actual Rows": 377,"Actual Loops": 1,"Index Cond": "(s_nationkey = nation_1.n_nationkey)"}]}]},{"Node Type": "Index Scan","Parent Relationship": "Inner","Parallel Aware": false,"Async Capable": false,"Scan Direction": "Forward","Index Name": "idx_partsupp_suppkey","Relation Name": "partsupp","Alias": "partsupp_1","Startup Cost": 0.42,"Total Cost": 9.07,"Plan Rows": 80,"Plan Width": 14,"Actual Startup Time": 0.015,"Actual Total Time": 0.306,"Actual Rows": 80,"Actual Loops": 377,"Index Cond": "(ps_suppkey = supplier_1.s_suppkey)","Rows Removed by Index Recheck": 0}]}]},{"Node Type": "Aggregate","Strategy": "Hashed","Partial Mode": "Simple","Parent Relationship": "Outer","Parallel Aware": false,"Async Capable": false,"Startup Cost": 4514.26,"Total Cost": 4994.26,"Plan Rows": 10667,"Plan Width": 36,"Actual Startup Time": 361.803,"Actual Total Time": 428.043,"Actual Rows": 1225,"Actual Loops": 1,"Group Key": ["partsupp.ps_partkey"],"Filter": "(sum((partsupp.ps_supplycost * (partsupp.ps_availqty)::numeric)) > $2)","Planned Partitions": 0,"HashAgg Batches": 1,"Peak Memory Usage": 17937,"Disk Usage": 0,"Rows Removed by Filter": 27290,"Plans": [{"Node Type": "Nested Loop","Parent Relationship": "Outer","Parallel Aware": false,"Async Capable": false,"Join Type": "Inner","Startup Cost": 7.81,"Total Cost": 4194.26,"Plan Rows": 32000,"Plan Width": 14,"Actual Startup Time": 0.353,"Actual Total Time": 190.903,"Actual Rows": 30160,"Actual Loops": 1,"Inner Unique": false,"Plans": [{"Node Type": "Nested Loop","Parent Relationship": "Outer","Parallel Aware": false,"Async Capable": false,"Join Type": "Inner","Startup Cost": 7.38,"Total Cost": 244.58,"Plan Rows": 400,"Plan Width": 4,"Actual Startup Time": 0.276,"Actual Total Time": 2.652,"Actual Rows": 377,"Actual Loops": 1,"Inner Unique": false,"Plans": [{"Node Type": "Seq Scan","Parent Relationship": "Outer","Parallel Aware": false,"Async Capable": false,"Relation Name": "nation","Alias": "nation","Startup Cost": 0.00,"Total Cost": 1.31,"Plan Rows": 1,"Plan Width": 4,"Actual Startup Time": 0.069,"Actual Total Time": 0.093,"Actual Rows": 1,"Actual Loops": 1,"Filter": "(n_name = 'JAPAN'::bpchar)","Rows Removed by Filter": 24},{"Node Type": "Bitmap Heap Scan","Parent Relationship": "Inner","Parallel Aware": false,"Async Capable": false,"Relation Name": "supplier","Alias": "supplier","Startup Cost": 7.38,"Total Cost": 239.27,"Plan Rows": 400,"Plan Width": 8,"Actual Startup Time": 0.204,"Actual Total Time": 2.512,"Actual Rows": 377,"Actual Loops": 1,"Recheck Cond": "(s_nationkey = nation.n_nationkey)","Rows Removed by Index Recheck": 0,"Exact Heap Blocks": 180,"Lossy Heap Blocks": 0,"Plans": [{"Node Type": "Bitmap Index Scan","Parent Relationship": "Outer","Parallel Aware": false,"Async Capable": false,"Index Name": "idx_supplier_nation_key","Startup Cost": 0.00,"Total Cost": 7.29,"Plan Rows": 400,"Plan Width": 0,"Actual Startup Time": 0.135,"Actual Total Time": 0.136,"Actual Rows": 377,"Actual Loops": 1,"Index Cond": "(s_nationkey = nation.n_nationkey)"}]}]},{"Node Type": "Index Scan","Parent Relationship": "Inner","Parallel Aware": false,"Async Capable": false,"Scan Direction": "Forward","Index Name": "idx_partsupp_suppkey","Relation Name": "partsupp","Alias": "partsupp","Startup Cost": 0.42,"Total Cost": 9.07,"Plan Rows": 80,"Plan Width": 18,"Actual Startup Time": 0.021,"Actual Total Time": 0.488,"Actual Rows": 80,"Actual Loops": 377,"Index Cond": "(ps_suppkey = supplier.s_suppkey)","Rows Removed by Index Recheck": 0}]}]}]},"Planning Time": 6.421,"Triggers": [],"Execution Time": 431.115}]
[{"Plan": {"Node Type": "Sort","Parallel Aware": false,"Async Capable": false,"Startup Cost": 10142.20,"Total Cost": 10168.87,"Plan Rows": 10667,"Plan Width": 36,"Actual Startup Time": 455.847,"Actual Total Time": 455.976,"Actual Rows": 819,"Actual Loops": 1,"Sort Key": ["(sum((partsupp.ps_supplycost * (partsupp.ps_availqty)::numeric))) DESC"],"Sort Method": "quicksort","Sort Space Used": 69,"Sort Space Type": "Memory","Plans": [{"Node Type": "Aggregate","Strategy": "Plain","Partial Mode": "Simple","Parent Relationship": "InitPlan","Subplan Name": "InitPlan 1 (returns $2)","Parallel Aware": false,"Async Capable": false,"Startup Cost": 4434.26,"Total Cost": 4434.27,"Plan Rows": 1,"Plan Width": 32,"Actual Startup Time": 134.080,"Actual Total Time": 134.102,"Actual Rows": 1,"Actual Loops": 1,"Plans": [{"Node Type": "Nested Loop","Parent Relationship": "Outer","Parallel Aware": false,"Async Capable": false,"Join Type": "Inner","Startup Cost": 7.81,"Total Cost": 4194.26,"Plan Rows": 32000,"Plan Width": 10,"Actual Startup Time": 0.218,"Actual Total Time": 126.423,"Actual Rows": 32960,"Actual Loops": 1,"Inner Unique": false,"Plans": [{"Node Type": "Nested Loop","Parent Relationship": "Outer","Parallel Aware": false,"Async Capable": false,"Join Type": "Inner","Startup Cost": 7.38,"Total Cost": 244.58,"Plan Rows": 400,"Plan Width": 4,"Actual Startup Time": 0.177,"Actual Total Time": 1.887,"Actual Rows": 412,"Actual Loops": 1,"Inner Unique": false,"Plans": [{"Node Type": "Seq Scan","Parent Relationship": "Outer","Parallel Aware": false,"Async Capable": false,"Relation Name": "nation","Alias": "nation_1","Startup Cost": 0.00,"Total Cost": 1.31,"Plan Rows": 1,"Plan Width": 4,"Actual Startup Time": 0.040,"Actual Total Time": 0.063,"Actual Rows": 1,"Actual Loops": 1,"Filter": "(n_name = 'CANADA'::bpchar)","Rows Removed by Filter": 24},{"Node Type": "Bitmap Heap Scan","Parent Relationship": "Inner","Parallel Aware": false,"Async Capable": false,"Relation Name": "supplier","Alias": "supplier_1","Startup Cost": 7.38,"Total Cost": 239.27,"Plan Rows": 400,"Plan Width": 8,"Actual Startup Time": 0.119,"Actual Total Time": 1.753,"Actual Rows": 412,"Actual Loops": 1,"Recheck Cond": "(s_nationkey = nation_1.n_nationkey)","Rows Removed by Index Recheck": 0,"Exact Heap Blocks": 189,"Lossy Heap Blocks": 0,"Plans": [{"Node Type": "Bitmap Index Scan","Parent Relationship": "Outer","Parallel Aware": false,"Async Capable": false,"Index Name": "idx_supplier_nation_key","Startup Cost": 0.00,"Total Cost": 7.29,"Plan Rows": 400,"Plan Width": 0,"Actual Startup Time": 0.074,"Actual Total Time": 0.083,"Actual Rows": 412,"Actual Loops": 1,"Index Cond": "(s_nationkey = nation_1.n_nationkey)"}]}]},{"Node Type": "Index Scan","Parent Relationship": "Inner","Parallel Aware": false,"Async Capable": false,"Scan Direction": "Forward","Index Name": "idx_partsupp_suppkey","Relation Name": "partsupp","Alias": "partsupp_1","Startup Cost": 0.42,"Total Cost": 9.07,"Plan Rows": 80,"Plan Width": 14,"Actual Startup Time": 0.014,"Actual Total Time": 0.290,"Actual Rows": 80,"Actual Loops": 412,"Index Cond": "(ps_suppkey = supplier_1.s_suppkey)","Rows Removed by Index Recheck": 0}]}]},{"Node Type": "Aggregate","Strategy": "Hashed","Partial Mode": "Simple","Parent Relationship": "Outer","Parallel Aware": false,"Async Capable": false,"Startup Cost": 4514.26,"Total Cost": 4994.26,"Plan Rows": 10667,"Plan Width": 36,"Actual Startup Time": 380.948,"Actual Total Time": 455.394,"Actual Rows": 819,"Actual Loops": 1,"Group Key": ["partsupp.ps_partkey"],"Filter": "(sum((partsupp.ps_supplycost * (partsupp.ps_availqty)::numeric)) > $2)","Planned Partitions": 0,"HashAgg Batches": 1,"Peak Memory Usage": 17937,"Disk Usage": 0,"Rows Removed by Filter": 30166,"Plans": [{"Node Type": "Nested Loop","Parent Relationship": "Outer","Parallel Aware": false,"Async Capable": false,"Join Type": "Inner","Startup Cost": 7.81,"Total Cost": 4194.26,"Plan Rows": 32000,"Plan Width": 14,"Actual Startup Time": 0.343,"Actual Total Time": 202.198,"Actual Rows": 32960,"Actual Loops": 1,"Inner Unique": false,"Plans": [{"Node Type": "Nested Loop","Parent Relationship": "Outer","Parallel Aware": false,"Async Capable": false,"Join Type": "Inner","Startup Cost": 7.38,"Total Cost": 244.58,"Plan Rows": 400,"Plan Width": 4,"Actual Startup Time": 0.272,"Actual Total Time": 2.740,"Actual Rows": 412,"Actual Loops": 1,"Inner Unique": false,"Plans": [{"Node Type": "Seq Scan","Parent Relationship": "Outer","Parallel Aware": false,"Async Capable": false,"Relation Name": "nation","Alias": "nation","Startup Cost": 0.00,"Total Cost": 1.31,"Plan Rows": 1,"Plan Width": 4,"Actual Startup Time": 0.064,"Actual Total Time": 0.078,"Actual Rows": 1,"Actual Loops": 1,"Filter": "(n_name = 'CANADA'::bpchar)","Rows Removed by Filter": 24},{"Node Type": "Bitmap Heap Scan","Parent Relationship": "Inner","Parallel Aware": false,"Async Capable": false,"Relation Name": "supplier","Alias": "supplier","Startup Cost": 7.38,"Total Cost": 239.27,"Plan Rows": 400,"Plan Width": 8,"Actual Startup Time": 0.203,"Actual Total Time": 2.610,"Actual Rows": 412,"Actual Loops": 1,"Recheck Cond": "(s_nationkey = nation.n_nationkey)","Rows Removed by Index Recheck": 0,"Exact Heap Blocks": 189,"Lossy Heap Blocks": 0,"Plans": [{"Node Type": "Bitmap Index Scan","Parent Relationship": "Outer","Parallel Aware": false,"Async Capable": false,"Index Name": "idx_supplier_nation_key","Startup Cost": 0.00,"Total Cost": 7.29,"Plan Rows": 400,"Plan Width": 0,"Actual Startup Time": 0.140,"Actual Total Time": 0.142,"Actual Rows": 412,"Actual Loops": 1,"Index Cond": "(s_nationkey = nation.n_nationkey)"}]}]},{"Node Type": "Index Scan","Parent Relationship": "Inner","Parallel Aware": false,"Async Capable": false,"Scan Direction": "Forward","Index Name": "idx_partsupp_suppkey","Relation Name": "partsupp","Alias": "partsupp","Startup Cost": 0.42,"Total Cost": 9.07,"Plan Rows": 80,"Plan Width": 18,"Actual Startup Time": 0.019,"Actual Total Time": 0.472,"Actual Rows": 80,"Actual Loops": 412,"Index Cond": "(ps_suppkey = supplier.s_suppkey)","Rows Removed by Index Recheck": 0}]}]}]},"Planning Time": 7.565,"Triggers": [],"Execution Time": 459.165}]
[{"Plan": {"Node Type": "Sort","Parallel Aware": false,"Async Capable": false,"Startup Cost": 10142.20,"Total Cost": 10168.87,"Plan Rows": 10667,"Plan Width": 36,"Actual Startup Time": 443.389,"Actual Total Time": 443.514,"Actual Rows": 1031,"Actual Loops": 1,"Sort Key": ["(sum((partsupp.ps_supplycost * (partsupp.ps_availqty)::numeric))) DESC"],"Sort Method": "quicksort","Sort Space Used": 105,"Sort Space Type": "Memory","Plans": [{"Node Type": "Aggregate","Strategy": "Plain","Partial Mode": "Simple","Parent Relationship": "InitPlan","Subplan Name": "InitPlan 1 (returns $2)","Parallel Aware": false,"Async Capable": false,"Startup Cost": 4434.26,"Total Cost": 4434.27,"Plan Rows": 1,"Plan Width": 32,"Actual Startup Time": 132.940,"Actual Total Time": 132.957,"Actual Rows": 1,"Actual Loops": 1,"Plans": [{"Node Type": "Nested Loop","Parent Relationship": "Outer","Parallel Aware": false,"Async Capable": false,"Join Type": "Inner","Startup Cost": 7.81,"Total Cost": 4194.26,"Plan Rows": 32000,"Plan Width": 10,"Actual Startup Time": 0.263,"Actual Total Time": 125.681,"Actual Rows": 31440,"Actual Loops": 1,"Inner Unique": false,"Plans": [{"Node Type": "Nested Loop","Parent Relationship": "Outer","Parallel Aware": false,"Async Capable": false,"Join Type": "Inner","Startup Cost": 7.38,"Total Cost": 244.58,"Plan Rows": 400,"Plan Width": 4,"Actual Startup Time": 0.205,"Actual Total Time": 1.775,"Actual Rows": 393,"Actual Loops": 1,"Inner Unique": false,"Plans": [{"Node Type": "Seq Scan","Parent Relationship": "Outer","Parallel Aware": false,"Async Capable": false,"Relation Name": "nation","Alias": "nation_1","Startup Cost": 0.00,"Total Cost": 1.31,"Plan Rows": 1,"Plan Width": 4,"Actual Startup Time": 0.056,"Actual Total Time": 0.062,"Actual Rows": 1,"Actual Loops": 1,"Filter": "(n_name = 'UNITED STATES'::bpchar)","Rows Removed by Filter": 24},{"Node Type": "Bitmap Heap Scan","Parent Relationship": "Inner","Parallel Aware": false,"Async Capable": false,"Relation Name": "supplier","Alias": "supplier_1","Startup Cost": 7.38,"Total Cost": 239.27,"Plan Rows": 400,"Plan Width": 8,"Actual Startup Time": 0.126,"Actual Total Time": 1.648,"Actual Rows": 393,"Actual Loops": 1,"Recheck Cond": "(s_nationkey = nation_1.n_nationkey)","Rows Removed by Index Recheck": 0,"Exact Heap Blocks": 181,"Lossy Heap Blocks": 0,"Plans": [{"Node Type": "Bitmap Index Scan","Parent Relationship": "Outer","Parallel Aware": false,"Async Capable": false,"Index Name": "idx_supplier_nation_key","Startup Cost": 0.00,"Total Cost": 7.29,"Plan Rows": 400,"Plan Width": 0,"Actual Startup Time": 0.087,"Actual Total Time": 0.091,"Actual Rows": 393,"Actual Loops": 1,"Index Cond": "(s_nationkey = nation_1.n_nationkey)"}]}]},{"Node Type": "Index Scan","Parent Relationship": "Inner","Parallel Aware": false,"Async Capable": false,"Scan Direction": "Forward","Index Name": "idx_partsupp_suppkey","Relation Name": "partsupp","Alias": "partsupp_1","Startup Cost": 0.42,"Total Cost": 9.07,"Plan Rows": 80,"Plan Width": 14,"Actual Startup Time": 0.015,"Actual Total Time": 0.303,"Actual Rows": 80,"Actual Loops": 393,"Index Cond": "(ps_suppkey = supplier_1.s_suppkey)","Rows Removed by Index Recheck": 0}]}]},{"Node Type": "Aggregate","Strategy": "Hashed","Partial Mode": "Simple","Parent Relationship": "Outer","Parallel Aware": false,"Async Capable": false,"Startup Cost": 4514.26,"Total Cost": 4994.26,"Plan Rows": 10667,"Plan Width": 36,"Actual Startup Time": 371.004,"Actual Total Time": 442.894,"Actual Rows": 1031,"Actual Loops": 1,"Group Key": ["partsupp.ps_partkey"],"Filter": "(sum((partsupp.ps_supplycost * (partsupp.ps_availqty)::numeric)) > $2)","Planned Partitions": 0,"HashAgg Batches": 1,"Peak Memory Usage": 17937,"Disk Usage": 0,"Rows Removed by Filter": 28434,"Plans": [{"Node Type": "Nested Loop","Parent Relationship": "Outer","Parallel Aware": false,"Async Capable": false,"Join Type": "Inner","Startup Cost": 7.81,"Total Cost": 4194.26,"Plan Rows": 32000,"Plan Width": 14,"Actual Startup Time": 0.317,"Actual Total Time": 191.179,"Actual Rows": 31440,"Actual Loops": 1,"Inner Unique": false,"Plans": [{"Node Type": "Nested Loop","Parent Relationship": "Outer","Parallel Aware": false,"Async Capable": false,"Join Type": "Inner","Startup Cost": 7.38,"Total Cost": 244.58,"Plan Rows": 400,"Plan Width": 4,"Actual Startup Time": 0.258,"Actual Total Time": 2.692,"Actual Rows": 393,"Actual Loops": 1,"Inner Unique": false,"Plans": [{"Node Type": "Seq Scan","Parent Relationship": "Outer","Parallel Aware": false,"Async Capable": false,"Relation Name": "nation","Alias": "nation","Startup Cost": 0.00,"Total Cost": 1.31,"Plan Rows": 1,"Plan Width": 4,"Actual Startup Time": 0.065,"Actual Total Time": 0.076,"Actual Rows": 1,"Actual Loops": 1,"Filter": "(n_name = 'UNITED STATES'::bpchar)","Rows Removed by Filter": 24},{"Node Type": "Bitmap Heap Scan","Parent Relationship": "Inner","Parallel Aware": false,"Async Capable": false,"Relation Name": "supplier","Alias": "supplier","Startup Cost": 7.38,"Total Cost": 239.27,"Plan Rows": 400,"Plan Width": 8,"Actual Startup Time": 0.185,"Actual Total Time": 2.562,"Actual Rows": 393,"Actual Loops": 1,"Recheck Cond": "(s_nationkey = nation.n_nationkey)","Rows Removed by Index Recheck": 0,"Exact Heap Blocks": 181,"Lossy Heap Blocks": 0,"Plans": [{"Node Type": "Bitmap Index Scan","Parent Relationship": "Outer","Parallel Aware": false,"Async Capable": false,"Index Name": "idx_supplier_nation_key","Startup Cost": 0.00,"Total Cost": 7.29,"Plan Rows": 400,"Plan Width": 0,"Actual Startup Time": 0.119,"Actual Total Time": 0.122,"Actual Rows": 393,"Actual Loops": 1,"Index Cond": "(s_nationkey = nation.n_nationkey)"}]}]},{"Node Type": "Index Scan","Parent Relationship": "Inner","Parallel Aware": false,"Async Capable": false,"Scan Direction": "Forward","Index Name": "idx_partsupp_suppkey","Relation Name": "partsupp","Alias": "partsupp","Startup Cost": 0.42,"Total Cost": 9.07,"Plan Rows": 80,"Plan Width": 18,"Actual Startup Time": 0.020,"Actual Total Time": 0.468,"Actual Rows": 80,"Actual Loops": 393,"Index Cond": "(ps_suppkey = supplier.s_suppkey)","Rows Removed by Index Recheck": 0}]}]}]},"Planning Time": 7.102,"Triggers": [],"Execution Time": 445.930}]
[{"Plan": {"Node Type": "Sort","Parallel Aware": false,"Async Capable": false,"Startup Cost": 10142.20,"Total Cost": 10168.87,"Plan Rows": 10667,"Plan Width": 36,"Actual Startup Time": 427.262,"Actual Total Time": 427.423,"Actual Rows": 1241,"Actual Loops": 1,"Sort Key": ["(sum((partsupp.ps_supplycost * (partsupp.ps_availqty)::numeric))) DESC"],"Sort Method": "quicksort","Sort Space Used": 116,"Sort Space Type": "Memory","Plans": [{"Node Type": "Aggregate","Strategy": "Plain","Partial Mode": "Simple","Parent Relationship": "InitPlan","Subplan Name": "InitPlan 1 (returns $2)","Parallel Aware": false,"Async Capable": false,"Startup Cost": 4434.26,"Total Cost": 4434.27,"Plan Rows": 1,"Plan Width": 32,"Actual Startup Time": 127.406,"Actual Total Time": 127.426,"Actual Rows": 1,"Actual Loops": 1,"Plans": [{"Node Type": "Nested Loop","Parent Relationship": "Outer","Parallel Aware": false,"Async Capable": false,"Join Type": "Inner","Startup Cost": 7.81,"Total Cost": 4194.26,"Plan Rows": 32000,"Plan Width": 10,"Actual Startup Time": 0.226,"Actual Total Time": 120.281,"Actual Rows": 30400,"Actual Loops": 1,"Inner Unique": false,"Plans": [{"Node Type": "Nested Loop","Parent Relationship": "Outer","Parallel Aware": false,"Async Capable": false,"Join Type": "Inner","Startup Cost": 7.38,"Total Cost": 244.58,"Plan Rows": 400,"Plan Width": 4,"Actual Startup Time": 0.174,"Actual Total Time": 1.741,"Actual Rows": 380,"Actual Loops": 1,"Inner Unique": false,"Plans": [{"Node Type": "Seq Scan","Parent Relationship": "Outer","Parallel Aware": false,"Async Capable": false,"Relation Name": "nation","Alias": "nation_1","Startup Cost": 0.00,"Total Cost": 1.31,"Plan Rows": 1,"Plan Width": 4,"Actual Startup Time": 0.028,"Actual Total Time": 0.042,"Actual Rows": 1,"Actual Loops": 1,"Filter": "(n_name = 'ETHIOPIA'::bpchar)","Rows Removed by Filter": 24},{"Node Type": "Bitmap Heap Scan","Parent Relationship": "Inner","Parallel Aware": false,"Async Capable": false,"Relation Name": "supplier","Alias": "supplier_1","Startup Cost": 7.38,"Total Cost": 239.27,"Plan Rows": 400,"Plan Width": 8,"Actual Startup Time": 0.130,"Actual Total Time": 1.641,"Actual Rows": 380,"Actual Loops": 1,"Recheck Cond": "(s_nationkey = nation_1.n_nationkey)","Rows Removed by Index Recheck": 0,"Exact Heap Blocks": 192,"Lossy Heap Blocks": 0,"Plans": [{"Node Type": "Bitmap Index Scan","Parent Relationship": "Outer","Parallel Aware": false,"Async Capable": false,"Index Name": "idx_supplier_nation_key","Startup Cost": 0.00,"Total Cost": 7.29,"Plan Rows": 400,"Plan Width": 0,"Actual Startup Time": 0.089,"Actual Total Time": 0.091,"Actual Rows": 380,"Actual Loops": 1,"Index Cond": "(s_nationkey = nation_1.n_nationkey)"}]}]},{"Node Type": "Index Scan","Parent Relationship": "Inner","Parallel Aware": false,"Async Capable": false,"Scan Direction": "Forward","Index Name": "idx_partsupp_suppkey","Relation Name": "partsupp","Alias": "partsupp_1","Startup Cost": 0.42,"Total Cost": 9.07,"Plan Rows": 80,"Plan Width": 14,"Actual Startup Time": 0.015,"Actual Total Time": 0.299,"Actual Rows": 80,"Actual Loops": 380,"Index Cond": "(ps_suppkey = supplier_1.s_suppkey)","Rows Removed by Index Recheck": 0}]}]},{"Node Type": "Aggregate","Strategy": "Hashed","Partial Mode": "Simple","Parent Relationship": "Outer","Parallel Aware": false,"Async Capable": false,"Startup Cost": 4514.26,"Total Cost": 4994.26,"Plan Rows": 10667,"Plan Width": 36,"Actual Startup Time": 359.706,"Actual Total Time": 426.732,"Actual Rows": 1241,"Actual Loops": 1,"Group Key": ["partsupp.ps_partkey"],"Filter": "(sum((partsupp.ps_supplycost * (partsupp.ps_availqty)::numeric)) > $2)","Planned Partitions": 0,"HashAgg Batches": 1,"Peak Memory Usage": 17937,"Disk Usage": 0,"Rows Removed by Filter": 27374,"Plans": [{"Node Type": "Nested Loop","Parent Relationship": "Outer","Parallel Aware": false,"Async Capable": false,"Join Type": "Inner","Startup Cost": 7.81,"Total Cost": 4194.26,"Plan Rows": 32000,"Plan Width": 14,"Actual Startup Time": 0.377,"Actual Total Time": 187.744,"Actual Rows": 30400,"Actual Loops": 1,"Inner Unique": false,"Plans": [{"Node Type": "Nested Loop","Parent Relationship": "Outer","Parallel Aware": false,"Async Capable": false,"Join Type": "Inner","Startup Cost": 7.38,"Total Cost": 244.58,"Plan Rows": 400,"Plan Width": 4,"Actual Startup Time": 0.305,"Actual Total Time": 2.864,"Actual Rows": 380,"Actual Loops": 1,"Inner Unique": false,"Plans": [{"Node Type": "Seq Scan","Parent Relationship": "Outer","Parallel Aware": false,"Async Capable": false,"Relation Name": "nation","Alias": "nation","Startup Cost": 0.00,"Total Cost": 1.31,"Plan Rows": 1,"Plan Width": 4,"Actual Startup Time": 0.073,"Actual Total Time": 0.091,"Actual Rows": 1,"Actual Loops": 1,"Filter": "(n_name = 'ETHIOPIA'::bpchar)","Rows Removed by Filter": 24},{"Node Type": "Bitmap Heap Scan","Parent Relationship": "Inner","Parallel Aware": false,"Async Capable": false,"Relation Name": "supplier","Alias": "supplier","Startup Cost": 7.38,"Total Cost": 239.27,"Plan Rows": 400,"Plan Width": 8,"Actual Startup Time": 0.228,"Actual Total Time": 2.728,"Actual Rows": 380,"Actual Loops": 1,"Recheck Cond": "(s_nationkey = nation.n_nationkey)","Rows Removed by Index Recheck": 0,"Exact Heap Blocks": 192,"Lossy Heap Blocks": 0,"Plans": [{"Node Type": "Bitmap Index Scan","Parent Relationship": "Outer","Parallel Aware": false,"Async Capable": false,"Index Name": "idx_supplier_nation_key","Startup Cost": 0.00,"Total Cost": 7.29,"Plan Rows": 400,"Plan Width": 0,"Actual Startup Time": 0.146,"Actual Total Time": 0.146,"Actual Rows": 380,"Actual Loops": 1,"Index Cond": "(s_nationkey = nation.n_nationkey)"}]}]},{"Node Type": "Index Scan","Parent Relationship": "Inner","Parallel Aware": false,"Async Capable": false,"Scan Direction": "Forward","Index Name": "idx_partsupp_suppkey","Relation Name": "partsupp","Alias": "partsupp","Startup Cost": 0.42,"Total Cost": 9.07,"Plan Rows": 80,"Plan Width": 18,"Actual Startup Time": 0.020,"Actual Total Time": 0.475,"Actual Rows": 80,"Actual Loops": 380,"Index Cond": "(ps_suppkey = supplier.s_suppkey)","Rows Removed by Index Recheck": 0}]}]}]},"Planning Time": 7.180,"Triggers": [],"Execution Time": 429.797}]
[{"Plan": {"Node Type": "Sort","Parallel Aware": false,"Async Capable": false,"Startup Cost": 10142.20,"Total Cost": 10168.87,"Plan Rows": 10667,"Plan Width": 36,"Actual Startup Time": 455.847,"Actual Total Time": 455.976,"Actual Rows": 819,"Actual Loops": 1,"Sort Key": ["(sum((partsupp.ps_supplycost * (partsupp.ps_availqty)::numeric))) DESC"],"Sort Method": "quicksort","Sort Space Used": 69,"Sort Space Type": "Memory","Plans": [{"Node Type": "Aggregate","Strategy": "Plain","Partial Mode": "Simple","Parent Relationship": "InitPlan","Subplan Name": "InitPlan 1 (returns $2)","Parallel Aware": false,"Async Capable": false,"Startup Cost": 4434.26,"Total Cost": 4434.27,"Plan Rows": 1,"Plan Width": 32,"Actual Startup Time": 134.080,"Actual Total Time": 134.102,"Actual Rows": 1,"Actual Loops": 1,"Plans": [{"Node Type": "Nested Loop","Parent Relationship": "Outer","Parallel Aware": false,"Async Capable": false,"Join Type": "Inner","Startup Cost": 7.81,"Total Cost": 4194.26,"Plan Rows": 32000,"Plan Width": 10,"Actual Startup Time": 0.218,"Actual Total Time": 126.423,"Actual Rows": 32960,"Actual Loops": 1,"Inner Unique": false,"Plans": [{"Node Type": "Nested Loop","Parent Relationship": "Outer","Parallel Aware": false,"Async Capable": false,"Join Type": "Inner","Startup Cost": 7.38,"Total Cost": 244.58,"Plan Rows": 400,"Plan Width": 4,"Actual Startup Time": 0.177,"Actual Total Time": 1.887,"Actual Rows": 412,"Actual Loops": 1,"Inner Unique": false,"Plans": [{"Node Type": "Seq Scan","Parent Relationship": "Outer","Parallel Aware": false,"Async Capable": false,"Relation Name": "nation","Alias": "nation_1","Startup Cost": 0.00,"Total Cost": 1.31,"Plan Rows": 1,"Plan Width": 4,"Actual Startup Time": 0.040,"Actual Total Time": 0.063,"Actual Rows": 1,"Actual Loops": 1,"Filter": "(n_name = 'CANADA'::bpchar)","Rows Removed by Filter": 24},{"Node Type": "Bitmap Heap Scan","Parent Relationship": "Inner","Parallel Aware": false,"Async Capable": false,"Relation Name": "supplier","Alias": "supplier_1","Startup Cost": 7.38,"Total Cost": 239.27,"Plan Rows": 400,"Plan Width": 8,"Actual Startup Time": 0.119,"Actual Total Time": 1.753,"Actual Rows": 412,"Actual Loops": 1,"Recheck Cond": "(s_nationkey = nation_1.n_nationkey)","Rows Removed by Index Recheck": 0,"Exact Heap Blocks": 189,"Lossy Heap Blocks": 0,"Plans": [{"Node Type": "Bitmap Index Scan","Parent Relationship": "Outer","Parallel Aware": false,"Async Capable": false,"Index Name": "idx_supplier_nation_key","Startup Cost": 0.00,"Total Cost": 7.29,"Plan Rows": 400,"Plan Width": 0,"Actual Startup Time": 0.074,"Actual Total Time": 0.083,"Actual Rows": 412,"Actual Loops": 1,"Index Cond": "(s_nationkey = nation_1.n_nationkey)"}]}]},{"Node Type": "Index Scan","Parent Relationship": "Inner","Parallel Aware": false,"Async Capable": false,"Scan Direction": "Forward","Index Name": "idx_partsupp_suppkey","Relation Name": "partsupp","Alias": "partsupp_1","Startup Cost": 0.42,"Total Cost": 9.07,"Plan Rows": 80,"Plan Width": 14,"Actual Startup Time": 0.014,"Actual Total Time": 0.290,"Actual Rows": 80,"Actual Loops": 412,"Index Cond": "(ps_suppkey = supplier_1.s_suppkey)","Rows Removed by Index Recheck": 0}]}]},{"Node Type": "Aggregate","Strategy": "Hashed","Partial Mode": "Simple","Parent Relationship": "Outer","Parallel Aware": false,"Async Capable": false,"Startup Cost": 4514.26,"Total Cost": 4994.26,"Plan Rows": 10667,"Plan Width": 36,"Actual Startup Time": 380.948,"Actual Total Time": 455.394,"Actual Rows": 819,"Actual Loops": 1,"Group Key": ["partsupp.ps_partkey"],"Filter": "(sum((partsupp.ps_supplycost * (partsupp.ps_availqty)::numeric)) > $2)","Planned Partitions": 0,"HashAgg Batches": 1,"Peak Memory Usage": 17937,"Disk Usage": 0,"Rows Removed by Filter": 30166,"Plans": [{"Node Type": "Nested Loop","Parent Relationship": "Outer","Parallel Aware": false,"Async Capable": false,"Join Type": "Inner","Startup Cost": 7.81,"Total Cost": 4194.26,"Plan Rows": 32000,"Plan Width": 14,"Actual Startup Time": 0.343,"Actual Total Time": 202.198,"Actual Rows": 32960,"Actual Loops": 1,"Inner Unique": false,"Plans": [{"Node Type": "Nested Loop","Parent Relationship": "Outer","Parallel Aware": false,"Async Capable": false,"Join Type": "Inner","Startup Cost": 7.38,"Total Cost": 244.58,"Plan Rows": 400,"Plan Width": 4,"Actual Startup Time": 0.272,"Actual Total Time": 2.740,"Actual Rows": 412,"Actual Loops": 1,"Inner Unique": false,"Plans": [{"Node Type": "Seq Scan","Parent Relationship": "Outer","Parallel Aware": false,"Async Capable": false,"Relation Name": "nation","Alias": "nation","Startup Cost": 0.00,"Total Cost": 1.31,"Plan Rows": 1,"Plan Width": 4,"Actual Startup Time": 0.064,"Actual Total Time": 0.078,"Actual Rows": 1,"Actual Loops": 1,"Filter": "(n_name = 'CANADA'::bpchar)","Rows Removed by Filter": 24},{"Node Type": "Bitmap Heap Scan","Parent Relationship": "Inner","Parallel Aware": false,"Async Capable": false,"Relation Name": "supplier","Alias": "supplier","Startup Cost": 7.38,"Total Cost": 239.27,"Plan Rows": 400,"Plan Width": 8,"Actual Startup Time": 0.203,"Actual Total Time": 2.610,"Actual Rows": 412,"Actual Loops": 1,"Recheck Cond": "(s_nationkey = nation.n_nationkey)","Rows Removed by Index Recheck": 0,"Exact Heap Blocks": 189,"Lossy Heap Blocks": 0,"Plans": [{"Node Type": "Bitmap Index Scan","Parent Relationship": "Outer","Parallel Aware": false,"Async Capable": false,"Index Name": "idx_supplier_nation_key","Startup Cost": 0.00,"Total Cost": 7.29,"Plan Rows": 400,"Plan Width": 0,"Actual Startup Time": 0.140,"Actual Total Time": 0.142,"Actual Rows": 412,"Actual Loops": 1,"Index Cond": "(s_nationkey = nation.n_nationkey)"}]}]},{"Node Type": "Index Scan","Parent Relationship": "Inner","Parallel Aware": false,"Async Capable": false,"Scan Direction": "Forward","Index Name": "idx_partsupp_suppkey","Relation Name": "partsupp","Alias": "partsupp","Startup Cost": 0.42,"Total Cost": 9.07,"Plan Rows": 80,"Plan Width": 18,"Actual Startup Time": 0.019,"Actual Total Time": 0.472,"Actual Rows": 80,"Actual Loops": 412,"Index Cond": "(ps_suppkey = supplier.s_suppkey)","Rows Removed by Index Recheck": 0}]}]}]},"Planning Time": 7.565,"Triggers": [],"Execution Time": 459.165}]
[{"Plan": {"Node Type": "Sort","Parallel Aware": false,"Async Capable": false,"Startup Cost": 10142.20,"Total Cost": 10168.87,"Plan Rows": 10667,"Plan Width": 36,"Actual Startup Time": 428.583,"Actual Total Time": 428.704,"Actual Rows": 1225,"Actual Loops": 1,"Sort Key": ["(sum((partsupp.ps_supplycost * (partsupp.ps_availqty)::numeric))) DESC"],"Sort Method": "quicksort","Sort Space Used": 116,"Sort Space Type": "Memory","Plans": [{"Node Type": "Aggregate","Strategy": "Plain","Partial Mode": "Simple","Parent Relationship": "InitPlan","Subplan Name": "InitPlan 1 (returns $2)","Parallel Aware": false,"Async Capable": false,"Startup Cost": 4434.26,"Total Cost": 4434.27,"Plan Rows": 1,"Plan Width": 32,"Actual Startup Time": 128.590,"Actual Total Time": 128.610,"Actual Rows": 1,"Actual Loops": 1,"Plans": [{"Node Type": "Nested Loop","Parent Relationship": "Outer","Parallel Aware": false,"Async Capable": false,"Join Type": "Inner","Startup Cost": 7.81,"Total Cost": 4194.26,"Plan Rows": 32000,"Plan Width": 10,"Actual Startup Time": 0.200,"Actual Total Time": 121.660,"Actual Rows": 30160,"Actual Loops": 1,"Inner Unique": false,"Plans": [{"Node Type": "Nested Loop","Parent Relationship": "Outer","Parallel Aware": false,"Async Capable": false,"Join Type": "Inner","Startup Cost": 7.38,"Total Cost": 244.58,"Plan Rows": 400,"Plan Width": 4,"Actual Startup Time": 0.145,"Actual Total Time": 1.678,"Actual Rows": 377,"Actual Loops": 1,"Inner Unique": false,"Plans": [{"Node Type": "Seq Scan","Parent Relationship": "Outer","Parallel Aware": false,"Async Capable": false,"Relation Name": "nation","Alias": "nation_1","Startup Cost": 0.00,"Total Cost": 1.31,"Plan Rows": 1,"Plan Width": 4,"Actual Startup Time": 0.022,"Actual Total Time": 0.041,"Actual Rows": 1,"Actual Loops": 1,"Filter": "(n_name = 'JAPAN'::bpchar)","Rows Removed by Filter": 24},{"Node Type": "Bitmap Heap Scan","Parent Relationship": "Inner","Parallel Aware": false,"Async Capable": false,"Relation Name": "supplier","Alias": "supplier_1","Startup Cost": 7.38,"Total Cost": 239.27,"Plan Rows": 400,"Plan Width": 8,"Actual Startup Time": 0.107,"Actual Total Time": 1.581,"Actual Rows": 377,"Actual Loops": 1,"Recheck Cond": "(s_nationkey = nation_1.n_nationkey)","Rows Removed by Index Recheck": 0,"Exact Heap Blocks": 180,"Lossy Heap Blocks": 0,"Plans": [{"Node Type": "Bitmap Index Scan","Parent Relationship": "Outer","Parallel Aware": false,"Async Capable": false,"Index Name": "idx_supplier_nation_key","Startup Cost": 0.00,"Total Cost": 7.29,"Plan Rows": 400,"Plan Width": 0,"Actual Startup Time": 0.073,"Actual Total Time": 0.079,"Actual Rows": 377,"Actual Loops": 1,"Index Cond": "(s_nationkey = nation_1.n_nationkey)"}]}]},{"Node Type": "Index Scan","Parent Relationship": "Inner","Parallel Aware": false,"Async Capable": false,"Scan Direction": "Forward","Index Name": "idx_partsupp_suppkey","Relation Name": "partsupp","Alias": "partsupp_1","Startup Cost": 0.42,"Total Cost": 9.07,"Plan Rows": 80,"Plan Width": 14,"Actual Startup Time": 0.015,"Actual Total Time": 0.306,"Actual Rows": 80,"Actual Loops": 377,"Index Cond": "(ps_suppkey = supplier_1.s_suppkey)","Rows Removed by Index Recheck": 0}]}]},{"Node Type": "Aggregate","Strategy": "Hashed","Partial Mode": "Simple","Parent Relationship": "Outer","Parallel Aware": false,"Async Capable": false,"Startup Cost": 4514.26,"Total Cost": 4994.26,"Plan Rows": 10667,"Plan Width": 36,"Actual Startup Time": 361.803,"Actual Total Time": 428.043,"Actual Rows": 1225,"Actual Loops": 1,"Group Key": ["partsupp.ps_partkey"],"Filter": "(sum((partsupp.ps_supplycost * (partsupp.ps_availqty)::numeric)) > $2)","Planned Partitions": 0,"HashAgg Batches": 1,"Peak Memory Usage": 17937,"Disk Usage": 0,"Rows Removed by Filter": 27290,"Plans": [{"Node Type": "Nested Loop","Parent Relationship": "Outer","Parallel Aware": false,"Async Capable": false,"Join Type": "Inner","Startup Cost": 7.81,"Total Cost": 4194.26,"Plan Rows": 32000,"Plan Width": 14,"Actual Startup Time": 0.353,"Actual Total Time": 190.903,"Actual Rows": 30160,"Actual Loops": 1,"Inner Unique": false,"Plans": [{"Node Type": "Nested Loop","Parent Relationship": "Outer","Parallel Aware": false,"Async Capable": false,"Join Type": "Inner","Startup Cost": 7.38,"Total Cost": 244.58,"Plan Rows": 400,"Plan Width": 4,"Actual Startup Time": 0.276,"Actual Total Time": 2.652,"Actual Rows": 377,"Actual Loops": 1,"Inner Unique": false,"Plans": [{"Node Type": "Seq Scan","Parent Relationship": "Outer","Parallel Aware": false,"Async Capable": false,"Relation Name": "nation","Alias": "nation","Startup Cost": 0.00,"Total Cost": 1.31,"Plan Rows": 1,"Plan Width": 4,"Actual Startup Time": 0.069,"Actual Total Time": 0.093,"Actual Rows": 1,"Actual Loops": 1,"Filter": "(n_name = 'JAPAN'::bpchar)","Rows Removed by Filter": 24},{"Node Type": "Bitmap Heap Scan","Parent Relationship": "Inner","Parallel Aware": false,"Async Capable": false,"Relation Name": "supplier","Alias": "supplier","Startup Cost": 7.38,"Total Cost": 239.27,"Plan Rows": 400,"Plan Width": 8,"Actual Startup Time": 0.204,"Actual Total Time": 2.512,"Actual Rows": 377,"Actual Loops": 1,"Recheck Cond": "(s_nationkey = nation.n_nationkey)","Rows Removed by Index Recheck": 0,"Exact Heap Blocks": 180,"Lossy Heap Blocks": 0,"Plans": [{"Node Type": "Bitmap Index Scan","Parent Relationship": "Outer","Parallel Aware": false,"Async Capable": false,"Index Name": "idx_supplier_nation_key","Startup Cost": 0.00,"Total Cost": 7.29,"Plan Rows": 400,"Plan Width": 0,"Actual Startup Time": 0.135,"Actual Total Time": 0.136,"Actual Rows": 377,"Actual Loops": 1,"Index Cond": "(s_nationkey = nation.n_nationkey)"}]}]},{"Node Type": "Index Scan","Parent Relationship": "Inner","Parallel Aware": false,"Async Capable": false,"Scan Direction": "Forward","Index Name": "idx_partsupp_suppkey","Relation Name": "partsupp","Alias": "partsupp","Startup Cost": 0.42,"Total Cost": 9.07,"Plan Rows": 80,"Plan Width": 18,"Actual Startup Time": 0.021,"Actual Total Time": 0.488,"Actual Rows": 80,"Actual Loops": 377,"Index Cond": "(ps_suppkey = supplier.s_suppkey)","Rows Removed by Index Recheck": 0}]}]}]},"Planning Time": 6.421,"Triggers": [],"Execution Time": 431.115}]
[{"Plan": {"Node Type": "Sort","Parallel Aware": false,"Async Capable": false,"Startup Cost": 10142.20,"Total Cost": 10168.87,"Plan Rows": 10667,"Plan Width": 36,"Actual Startup Time": 452.788,"Actual Total Time": 452.912,"Actual Rows": 869,"Actual Loops": 1,"Sort Key": ["(sum((partsupp.ps_supplycost * (partsupp.ps_availqty)::numeric))) DESC"],"Sort Method": "quicksort","Sort Space Used": 72,"Sort Space Type": "Memory","Plans": [{"Node Type": "Aggregate","Strategy": "Plain","Partial Mode": "Simple","Parent Relationship": "InitPlan","Subplan Name": "InitPlan 1 (returns $2)","Parallel Aware": false,"Async Capable": false,"Startup Cost": 4434.26,"Total Cost": 4434.27,"Plan Rows": 1,"Plan Width": 32,"Actual Startup Time": 133.523,"Actual Total Time": 133.544,"Actual Rows": 1,"Actual Loops": 1,"Plans": [{"Node Type": "Nested Loop","Parent Relationship": "Outer","Parallel Aware": false,"Async Capable": false,"Join Type": "Inner","Startup Cost": 7.81,"Total Cost": 4194.26,"Plan Rows": 32000,"Plan Width": 10,"Actual Startup Time": 0.165,"Actual Total Time": 126.080,"Actual Rows": 32560,"Actual Loops": 1,"Inner Unique": false,"Plans": [{"Node Type": "Nested Loop","Parent Relationship": "Outer","Parallel Aware": false,"Async Capable": false,"Join Type": "Inner","Startup Cost": 7.38,"Total Cost": 244.58,"Plan Rows": 400,"Plan Width": 4,"Actual Startup Time": 0.133,"Actual Total Time": 1.798,"Actual Rows": 407,"Actual Loops": 1,"Inner Unique": false,"Plans": [{"Node Type": "Seq Scan","Parent Relationship": "Outer","Parallel Aware": false,"Async Capable": false,"Relation Name": "nation","Alias": "nation_1","Startup Cost": 0.00,"Total Cost": 1.31,"Plan Rows": 1,"Plan Width": 4,"Actual Startup Time": 0.028,"Actual Total Time": 0.044,"Actual Rows": 1,"Actual Loops": 1,"Filter": "(n_name = 'CHINA'::bpchar)","Rows Removed by Filter": 24},{"Node Type": "Bitmap Heap Scan","Parent Relationship": "Inner","Parallel Aware": false,"Async Capable": false,"Relation Name": "supplier","Alias": "supplier_1","Startup Cost": 7.38,"Total Cost": 239.27,"Plan Rows": 400,"Plan Width": 8,"Actual Startup Time": 0.091,"Actual Total Time": 1.697,"Actual Rows": 407,"Actual Loops": 1,"Recheck Cond": "(s_nationkey = nation_1.n_nationkey)","Rows Removed by Index Recheck": 0,"Exact Heap Blocks": 186,"Lossy Heap Blocks": 0,"Plans": [{"Node Type": "Bitmap Index Scan","Parent Relationship": "Outer","Parallel Aware": false,"Async Capable": false,"Index Name": "idx_supplier_nation_key","Startup Cost": 0.00,"Total Cost": 7.29,"Plan Rows": 400,"Plan Width": 0,"Actual Startup Time": 0.055,"Actual Total Time": 0.061,"Actual Rows": 407,"Actual Loops": 1,"Index Cond": "(s_nationkey = nation_1.n_nationkey)"}]}]},{"Node Type": "Index Scan","Parent Relationship": "Inner","Parallel Aware": false,"Async Capable": false,"Scan Direction": "Forward","Index Name": "idx_partsupp_suppkey","Relation Name": "partsupp","Alias": "partsupp_1","Startup Cost": 0.42,"Total Cost": 9.07,"Plan Rows": 80,"Plan Width": 14,"Actual Startup Time": 0.014,"Actual Total Time": 0.293,"Actual Rows": 80,"Actual Loops": 407,"Index Cond": "(ps_suppkey = supplier_1.s_suppkey)","Rows Removed by Index Recheck": 0}]}]},{"Node Type": "Aggregate","Strategy": "Hashed","Partial Mode": "Simple","Parent Relationship": "Outer","Parallel Aware": false,"Async Capable": false,"Startup Cost": 4514.26,"Total Cost": 4994.26,"Plan Rows": 10667,"Plan Width": 36,"Actual Startup Time": 377.714,"Actual Total Time": 452.344,"Actual Rows": 869,"Actual Loops": 1,"Group Key": ["partsupp.ps_partkey"],"Filter": "(sum((partsupp.ps_supplycost * (partsupp.ps_availqty)::numeric)) > $2)","Planned Partitions": 0,"HashAgg Batches": 1,"Peak Memory Usage": 17937,"Disk Usage": 0,"Rows Removed by Filter": 29770,"Plans": [{"Node Type": "Nested Loop","Parent Relationship": "Outer","Parallel Aware": false,"Async Capable": false,"Join Type": "Inner","Startup Cost": 7.81,"Total Cost": 4194.26,"Plan Rows": 32000,"Plan Width": 14,"Actual Startup Time": 0.336,"Actual Total Time": 203.001,"Actual Rows": 32560,"Actual Loops": 1,"Inner Unique": false,"Plans": [{"Node Type": "Nested Loop","Parent Relationship": "Outer","Parallel Aware": false,"Async Capable": false,"Join Type": "Inner","Startup Cost": 7.38,"Total Cost": 244.58,"Plan Rows": 400,"Plan Width": 4,"Actual Startup Time": 0.273,"Actual Total Time": 2.796,"Actual Rows": 407,"Actual Loops": 1,"Inner Unique": false,"Plans": [{"Node Type": "Seq Scan","Parent Relationship": "Outer","Parallel Aware": false,"Async Capable": false,"Relation Name": "nation","Alias": "nation","Startup Cost": 0.00,"Total Cost": 1.31,"Plan Rows": 1,"Plan Width": 4,"Actual Startup Time": 0.063,"Actual Total Time": 0.079,"Actual Rows": 1,"Actual Loops": 1,"Filter": "(n_name = 'CHINA'::bpchar)","Rows Removed by Filter": 24},{"Node Type": "Bitmap Heap Scan","Parent Relationship": "Inner","Parallel Aware": false,"Async Capable": false,"Relation Name": "supplier","Alias": "supplier","Startup Cost": 7.38,"Total Cost": 239.27,"Plan Rows": 400,"Plan Width": 8,"Actual Startup Time": 0.204,"Actual Total Time": 2.666,"Actual Rows": 407,"Actual Loops": 1,"Recheck Cond": "(s_nationkey = nation.n_nationkey)","Rows Removed by Index Recheck": 0,"Exact Heap Blocks": 186,"Lossy Heap Blocks": 0,"Plans": [{"Node Type": "Bitmap Index Scan","Parent Relationship": "Outer","Parallel Aware": false,"Async Capable": false,"Index Name": "idx_supplier_nation_key","Startup Cost": 0.00,"Total Cost": 7.29,"Plan Rows": 400,"Plan Width": 0,"Actual Startup Time": 0.129,"Actual Total Time": 0.129,"Actual Rows": 407,"Actual Loops": 1,"Index Cond": "(s_nationkey = nation.n_nationkey)"}]}]},{"Node Type": "Index Scan","Parent Relationship": "Inner","Parallel Aware": false,"Async Capable": false,"Scan Direction": "Forward","Index Name": "idx_partsupp_suppkey","Relation Name": "partsupp","Alias": "partsupp","Startup Cost": 0.42,"Total Cost": 9.07,"Plan Rows": 80,"Plan Width": 18,"Actual Startup Time": 0.020,"Actual Total Time": 0.480,"Actual Rows": 80,"Actual Loops": 407,"Index Cond": "(ps_suppkey = supplier.s_suppkey)","Rows Removed by Index Recheck": 0}]}]}]},"Planning Time": 7.317,"Triggers": [],"Execution Time": 456.700}]
[{"Plan": {"Node Type": "Sort","Parallel Aware": false,"Async Capable": false,"Startup Cost": 10142.20,"Total Cost": 10168.87,"Plan Rows": 10667,"Plan Width": 36,"Actual Startup Time": 400.788,"Actual Total Time": 400.942,"Actual Rows": 1469,"Actual Loops": 1,"Sort Key": ["(sum((partsupp.ps_supplycost * (partsupp.ps_availqty)::numeric))) DESC"],"Sort Method": "quicksort","Sort Space Used": 129,"Sort Space Type": "Memory","Plans": [{"Node Type": "Aggregate","Strategy": "Plain","Partial Mode": "Simple","Parent Relationship": "InitPlan","Subplan Name": "InitPlan 1 (returns $2)","Parallel Aware": false,"Async Capable": false,"Startup Cost": 4434.26,"Total Cost": 4434.27,"Plan Rows": 1,"Plan Width": 32,"Actual Startup Time": 117.250,"Actual Total Time": 117.272,"Actual Rows": 1,"Actual Loops": 1,"Plans": [{"Node Type": "Nested Loop","Parent Relationship": "Outer","Parallel Aware": false,"Async Capable": false,"Join Type": "Inner","Startup Cost": 7.81,"Total Cost": 4194.26,"Plan Rows": 32000,"Plan Width": 10,"Actual Startup Time": 0.216,"Actual Total Time": 110.575,"Actual Rows": 28960,"Actual Loops": 1,"Inner Unique": false,"Plans": [{"Node Type": "Nested Loop","Parent Relationship": "Outer","Parallel Aware": false,"Async Capable": false,"Join Type": "Inner","Startup Cost": 7.38,"Total Cost": 244.58,"Plan Rows": 400,"Plan Width": 4,"Actual Startup Time": 0.161,"Actual Total Time": 1.515,"Actual Rows": 362,"Actual Loops": 1,"Inner Unique": false,"Plans": [{"Node Type": "Seq Scan","Parent Relationship": "Outer","Parallel Aware": false,"Async Capable": false,"Relation Name": "nation","Alias": "nation_1","Startup Cost": 0.00,"Total Cost": 1.31,"Plan Rows": 1,"Plan Width": 4,"Actual Startup Time": 0.032,"Actual Total Time": 0.051,"Actual Rows": 1,"Actual Loops": 1,"Filter": "(n_name = 'JORDAN'::bpchar)","Rows Removed by Filter": 24},{"Node Type": "Bitmap Heap Scan","Parent Relationship": "Inner","Parallel Aware": false,"Async Capable": false,"Relation Name": "supplier","Alias": "supplier_1","Startup Cost": 7.38,"Total Cost": 239.27,"Plan Rows": 400,"Plan Width": 8,"Actual Startup Time": 0.117,"Actual Total Time": 1.415,"Actual Rows": 362,"Actual Loops": 1,"Recheck Cond": "(s_nationkey = nation_1.n_nationkey)","Rows Removed by Index Recheck": 0,"Exact Heap Blocks": 166,"Lossy Heap Blocks": 0,"Plans": [{"Node Type": "Bitmap Index Scan","Parent Relationship": "Outer","Parallel Aware": false,"Async Capable": false,"Index Name": "idx_supplier_nation_key","Startup Cost": 0.00,"Total Cost": 7.29,"Plan Rows": 400,"Plan Width": 0,"Actual Startup Time": 0.075,"Actual Total Time": 0.079,"Actual Rows": 362,"Actual Loops": 1,"Index Cond": "(s_nationkey = nation_1.n_nationkey)"}]}]},{"Node Type": "Index Scan","Parent Relationship": "Inner","Parallel Aware": false,"Async Capable": false,"Scan Direction": "Forward","Index Name": "idx_partsupp_suppkey","Relation Name": "partsupp","Alias": "partsupp_1","Startup Cost": 0.42,"Total Cost": 9.07,"Plan Rows": 80,"Plan Width": 14,"Actual Startup Time": 0.014,"Actual Total Time": 0.289,"Actual Rows": 80,"Actual Loops": 362,"Index Cond": "(ps_suppkey = supplier_1.s_suppkey)","Rows Removed by Index Recheck": 0}]}]},{"Node Type": "Aggregate","Strategy": "Hashed","Partial Mode": "Simple","Parent Relationship": "Outer","Parallel Aware": false,"Async Capable": false,"Startup Cost": 4514.26,"Total Cost": 4994.26,"Plan Rows": 10667,"Plan Width": 36,"Actual Startup Time": 338.606,"Actual Total Time": 400.138,"Actual Rows": 1469,"Actual Loops": 1,"Group Key": ["partsupp.ps_partkey"],"Filter": "(sum((partsupp.ps_supplycost * (partsupp.ps_availqty)::numeric)) > $2)","Planned Partitions": 0,"HashAgg Batches": 1,"Peak Memory Usage": 17937,"Disk Usage": 0,"Rows Removed by Filter": 25896,"Plans": [{"Node Type": "Nested Loop","Parent Relationship": "Outer","Parallel Aware": false,"Async Capable": false,"Join Type": "Inner","Startup Cost": 7.81,"Total Cost": 4194.26,"Plan Rows": 32000,"Plan Width": 14,"Actual Startup Time": 0.314,"Actual Total Time": 181.118,"Actual Rows": 28960,"Actual Loops": 1,"Inner Unique": false,"Plans": [{"Node Type": "Nested Loop","Parent Relationship": "Outer","Parallel Aware": false,"Async Capable": false,"Join Type": "Inner","Startup Cost": 7.38,"Total Cost": 244.58,"Plan Rows": 400,"Plan Width": 4,"Actual Startup Time": 0.258,"Actual Total Time": 2.692,"Actual Rows": 362,"Actual Loops": 1,"Inner Unique": false,"Plans": [{"Node Type": "Seq Scan","Parent Relationship": "Outer","Parallel Aware": false,"Async Capable": false,"Relation Name": "nation","Alias": "nation","Startup Cost": 0.00,"Total Cost": 1.31,"Plan Rows": 1,"Plan Width": 4,"Actual Startup Time": 0.077,"Actual Total Time": 0.107,"Actual Rows": 1,"Actual Loops": 1,"Filter": "(n_name = 'JORDAN'::bpchar)","Rows Removed by Filter": 24},{"Node Type": "Bitmap Heap Scan","Parent Relationship": "Inner","Parallel Aware": false,"Async Capable": false,"Relation Name": "supplier","Alias": "supplier","Startup Cost": 7.38,"Total Cost": 239.27,"Plan Rows": 400,"Plan Width": 8,"Actual Startup Time": 0.172,"Actual Total Time": 2.539,"Actual Rows": 362,"Actual Loops": 1,"Recheck Cond": "(s_nationkey = nation.n_nationkey)","Rows Removed by Index Recheck": 0,"Exact Heap Blocks": 166,"Lossy Heap Blocks": 0,"Plans": [{"Node Type": "Bitmap Index Scan","Parent Relationship": "Outer","Parallel Aware": false,"Async Capable": false,"Index Name": "idx_supplier_nation_key","Startup Cost": 0.00,"Total Cost": 7.29,"Plan Rows": 400,"Plan Width": 0,"Actual Startup Time": 0.117,"Actual Total Time": 0.118,"Actual Rows": 362,"Actual Loops": 1,"Index Cond": "(s_nationkey = nation.n_nationkey)"}]}]},{"Node Type": "Index Scan","Parent Relationship": "Inner","Parallel Aware": false,"Async Capable": false,"Scan Direction": "Forward","Index Name": "idx_partsupp_suppkey","Relation Name": "partsupp","Alias": "partsupp","Startup Cost": 0.42,"Total Cost": 9.07,"Plan Rows": 80,"Plan Width": 18,"Actual Startup Time": 0.019,"Actual Total Time": 0.481,"Actual Rows": 80,"Actual Loops": 362,"Index Cond": "(ps_suppkey = supplier.s_suppkey)","Rows Removed by Index Recheck": 0}]}]}]},"Planning Time": 6.843,"Triggers": [],"Execution Time": 403.999}]
[{"Plan": {"Node Type": "Sort","Parallel Aware": false,"Async Capable": false,"Startup Cost": 10142.20,"Total Cost": 10168.87,"Plan Rows": 10667,"Plan Width": 36,"Actual Startup Time": 438.718,"Actual Total Time": 438.846,"Actual Rows": 919,"Actual Loops": 1,"Sort Key": ["(sum((partsupp.ps_supplycost * (partsupp.ps_availqty)::numeric))) DESC"],"Sort Method": "quicksort","Sort Space Used": 75,"Sort Space Type": "Memory","Plans": [{"Node Type": "Aggregate","Strategy": "Plain","Partial Mode": "Simple","Parent Relationship": "InitPlan","Subplan Name": "InitPlan 1 (returns $2)","Parallel Aware": false,"Async Capable": false,"Startup Cost": 4434.26,"Total Cost": 4434.27,"Plan Rows": 1,"Plan Width": 32,"Actual Startup Time": 130.550,"Actual Total Time": 130.572,"Actual Rows": 1,"Actual Loops": 1,"Plans": [{"Node Type": "Nested Loop","Parent Relationship": "Outer","Parallel Aware": false,"Async Capable": false,"Join Type": "Inner","Startup Cost": 7.81,"Total Cost": 4194.26,"Plan Rows": 32000,"Plan Width": 10,"Actual Startup Time": 0.239,"Actual Total Time": 123.231,"Actual Rows": 32080,"Actual Loops": 1,"Inner Unique": false,"Plans": [{"Node Type": "Nested Loop","Parent Relationship": "Outer","Parallel Aware": false,"Async Capable": false,"Join Type": "Inner","Startup Cost": 7.38,"Total Cost": 244.58,"Plan Rows": 400,"Plan Width": 4,"Actual Startup Time": 0.189,"Actual Total Time": 1.751,"Actual Rows": 401,"Actual Loops": 1,"Inner Unique": false,"Plans": [{"Node Type": "Seq Scan","Parent Relationship": "Outer","Parallel Aware": false,"Async Capable": false,"Relation Name": "nation","Alias": "nation_1","Startup Cost": 0.00,"Total Cost": 1.31,"Plan Rows": 1,"Plan Width": 4,"Actual Startup Time": 0.044,"Actual Total Time": 0.061,"Actual Rows": 1,"Actual Loops": 1,"Filter": "(n_name = 'RUSSIA'::bpchar)","Rows Removed by Filter": 24},{"Node Type": "Bitmap Heap Scan","Parent Relationship": "Inner","Parallel Aware": false,"Async Capable": false,"Relation Name": "supplier","Alias": "supplier_1","Startup Cost": 7.38,"Total Cost": 239.27,"Plan Rows": 400,"Plan Width": 8,"Actual Startup Time": 0.130,"Actual Total Time": 1.632,"Actual Rows": 401,"Actual Loops": 1,"Recheck Cond": "(s_nationkey = nation_1.n_nationkey)","Rows Removed by Index Recheck": 0,"Exact Heap Blocks": 180,"Lossy Heap Blocks": 0,"Plans": [{"Node Type": "Bitmap Index Scan","Parent Relationship": "Outer","Parallel Aware": false,"Async Capable": false,"Index Name": "idx_supplier_nation_key","Startup Cost": 0.00,"Total Cost": 7.29,"Plan Rows": 400,"Plan Width": 0,"Actual Startup Time": 0.092,"Actual Total Time": 0.094,"Actual Rows": 401,"Actual Loops": 1,"Index Cond": "(s_nationkey = nation_1.n_nationkey)"}]}]},{"Node Type": "Index Scan","Parent Relationship": "Inner","Parallel Aware": false,"Async Capable": false,"Scan Direction": "Forward","Index Name": "idx_partsupp_suppkey","Relation Name": "partsupp","Alias": "partsupp_1","Startup Cost": 0.42,"Total Cost": 9.07,"Plan Rows": 80,"Plan Width": 14,"Actual Startup Time": 0.014,"Actual Total Time": 0.291,"Actual Rows": 80,"Actual Loops": 401,"Index Cond": "(ps_suppkey = supplier_1.s_suppkey)","Rows Removed by Index Recheck": 0}]}]},{"Node Type": "Aggregate","Strategy": "Hashed","Partial Mode": "Simple","Parent Relationship": "Outer","Parallel Aware": false,"Async Capable": false,"Startup Cost": 4514.26,"Total Cost": 4994.26,"Plan Rows": 10667,"Plan Width": 36,"Actual Startup Time": 367.075,"Actual Total Time": 438.260,"Actual Rows": 919,"Actual Loops": 1,"Group Key": ["partsupp.ps_partkey"],"Filter": "(sum((partsupp.ps_supplycost * (partsupp.ps_availqty)::numeric)) > $2)","Planned Partitions": 0,"HashAgg Batches": 1,"Peak Memory Usage": 17937,"Disk Usage": 0,"Rows Removed by Filter": 29289,"Plans": [{"Node Type": "Nested Loop","Parent Relationship": "Outer","Parallel Aware": false,"Async Capable": false,"Join Type": "Inner","Startup Cost": 7.81,"Total Cost": 4194.26,"Plan Rows": 32000,"Plan Width": 14,"Actual Startup Time": 0.388,"Actual Total Time": 194.500,"Actual Rows": 32080,"Actual Loops": 1,"Inner Unique": false,"Plans": [{"Node Type": "Nested Loop","Parent Relationship": "Outer","Parallel Aware": false,"Async Capable": false,"Join Type": "Inner","Startup Cost": 7.38,"Total Cost": 244.58,"Plan Rows": 400,"Plan Width": 4,"Actual Startup Time": 0.281,"Actual Total Time": 2.675,"Actual Rows": 401,"Actual Loops": 1,"Inner Unique": false,"Plans": [{"Node Type": "Seq Scan","Parent Relationship": "Outer","Parallel Aware": false,"Async Capable": false,"Relation Name": "nation","Alias": "nation","Startup Cost": 0.00,"Total Cost": 1.31,"Plan Rows": 1,"Plan Width": 4,"Actual Startup Time": 0.057,"Actual Total Time": 0.080,"Actual Rows": 1,"Actual Loops": 1,"Filter": "(n_name = 'RUSSIA'::bpchar)","Rows Removed by Filter": 24},{"Node Type": "Bitmap Heap Scan","Parent Relationship": "Inner","Parallel Aware": false,"Async Capable": false,"Relation Name": "supplier","Alias": "supplier","Startup Cost": 7.38,"Total Cost": 239.27,"Plan Rows": 400,"Plan Width": 8,"Actual Startup Time": 0.220,"Actual Total Time": 2.546,"Actual Rows": 401,"Actual Loops": 1,"Recheck Cond": "(s_nationkey = nation.n_nationkey)","Rows Removed by Index Recheck": 0,"Exact Heap Blocks": 180,"Lossy Heap Blocks": 0,"Plans": [{"Node Type": "Bitmap Index Scan","Parent Relationship": "Outer","Parallel Aware": false,"Async Capable": false,"Index Name": "idx_supplier_nation_key","Startup Cost": 0.00,"Total Cost": 7.29,"Plan Rows": 400,"Plan Width": 0,"Actual Startup Time": 0.151,"Actual Total Time": 0.154,"Actual Rows": 401,"Actual Loops": 1,"Index Cond": "(s_nationkey = nation.n_nationkey)"}]}]},{"Node Type": "Index Scan","Parent Relationship": "Inner","Parallel Aware": false,"Async Capable": false,"Scan Direction": "Forward","Index Name": "idx_partsupp_suppkey","Relation Name": "partsupp","Alias": "partsupp","Startup Cost": 0.42,"Total Cost": 9.07,"Plan Rows": 80,"Plan Width": 18,"Actual Startup Time": 0.018,"Actual Total Time": 0.467,"Actual Rows": 80,"Actual Loops": 401,"Index Cond": "(ps_suppkey = supplier.s_suppkey)","Rows Removed by Index Recheck": 0}]}]}]},"Planning Time": 6.216,"Triggers": [],"Execution Time": 442.343}]
[{"Plan": {"Node Type": "Sort","Parallel Aware": false,"Async Capable": false,"Startup Cost": 10142.20,"Total Cost": 10168.87,"Plan Rows": 10667,"Plan Width": 36,"Actual Startup Time": 452.788,"Actual Total Time": 452.912,"Actual Rows": 869,"Actual Loops": 1,"Sort Key": ["(sum((partsupp.ps_supplycost * (partsupp.ps_availqty)::numeric))) DESC"],"Sort Method": "quicksort","Sort Space Used": 72,"Sort Space Type": "Memory","Plans": [{"Node Type": "Aggregate","Strategy": "Plain","Partial Mode": "Simple","Parent Relationship": "InitPlan","Subplan Name": "InitPlan 1 (returns $2)","Parallel Aware": false,"Async Capable": false,"Startup Cost": 4434.26,"Total Cost": 4434.27,"Plan Rows": 1,"Plan Width": 32,"Actual Startup Time": 133.523,"Actual Total Time": 133.544,"Actual Rows": 1,"Actual Loops": 1,"Plans": [{"Node Type": "Nested Loop","Parent Relationship": "Outer","Parallel Aware": false,"Async Capable": false,"Join Type": "Inner","Startup Cost": 7.81,"Total Cost": 4194.26,"Plan Rows": 32000,"Plan Width": 10,"Actual Startup Time": 0.165,"Actual Total Time": 126.080,"Actual Rows": 32560,"Actual Loops": 1,"Inner Unique": false,"Plans": [{"Node Type": "Nested Loop","Parent Relationship": "Outer","Parallel Aware": false,"Async Capable": false,"Join Type": "Inner","Startup Cost": 7.38,"Total Cost": 244.58,"Plan Rows": 400,"Plan Width": 4,"Actual Startup Time": 0.133,"Actual Total Time": 1.798,"Actual Rows": 407,"Actual Loops": 1,"Inner Unique": false,"Plans": [{"Node Type": "Seq Scan","Parent Relationship": "Outer","Parallel Aware": false,"Async Capable": false,"Relation Name": "nation","Alias": "nation_1","Startup Cost": 0.00,"Total Cost": 1.31,"Plan Rows": 1,"Plan Width": 4,"Actual Startup Time": 0.028,"Actual Total Time": 0.044,"Actual Rows": 1,"Actual Loops": 1,"Filter": "(n_name = 'CHINA'::bpchar)","Rows Removed by Filter": 24},{"Node Type": "Bitmap Heap Scan","Parent Relationship": "Inner","Parallel Aware": false,"Async Capable": false,"Relation Name": "supplier","Alias": "supplier_1","Startup Cost": 7.38,"Total Cost": 239.27,"Plan Rows": 400,"Plan Width": 8,"Actual Startup Time": 0.091,"Actual Total Time": 1.697,"Actual Rows": 407,"Actual Loops": 1,"Recheck Cond": "(s_nationkey = nation_1.n_nationkey)","Rows Removed by Index Recheck": 0,"Exact Heap Blocks": 186,"Lossy Heap Blocks": 0,"Plans": [{"Node Type": "Bitmap Index Scan","Parent Relationship": "Outer","Parallel Aware": false,"Async Capable": false,"Index Name": "idx_supplier_nation_key","Startup Cost": 0.00,"Total Cost": 7.29,"Plan Rows": 400,"Plan Width": 0,"Actual Startup Time": 0.055,"Actual Total Time": 0.061,"Actual Rows": 407,"Actual Loops": 1,"Index Cond": "(s_nationkey = nation_1.n_nationkey)"}]}]},{"Node Type": "Index Scan","Parent Relationship": "Inner","Parallel Aware": false,"Async Capable": false,"Scan Direction": "Forward","Index Name": "idx_partsupp_suppkey","Relation Name": "partsupp","Alias": "partsupp_1","Startup Cost": 0.42,"Total Cost": 9.07,"Plan Rows": 80,"Plan Width": 14,"Actual Startup Time": 0.014,"Actual Total Time": 0.293,"Actual Rows": 80,"Actual Loops": 407,"Index Cond": "(ps_suppkey = supplier_1.s_suppkey)","Rows Removed by Index Recheck": 0}]}]},{"Node Type": "Aggregate","Strategy": "Hashed","Partial Mode": "Simple","Parent Relationship": "Outer","Parallel Aware": false,"Async Capable": false,"Startup Cost": 4514.26,"Total Cost": 4994.26,"Plan Rows": 10667,"Plan Width": 36,"Actual Startup Time": 377.714,"Actual Total Time": 452.344,"Actual Rows": 869,"Actual Loops": 1,"Group Key": ["partsupp.ps_partkey"],"Filter": "(sum((partsupp.ps_supplycost * (partsupp.ps_availqty)::numeric)) > $2)","Planned Partitions": 0,"HashAgg Batches": 1,"Peak Memory Usage": 17937,"Disk Usage": 0,"Rows Removed by Filter": 29770,"Plans": [{"Node Type": "Nested Loop","Parent Relationship": "Outer","Parallel Aware": false,"Async Capable": false,"Join Type": "Inner","Startup Cost": 7.81,"Total Cost": 4194.26,"Plan Rows": 32000,"Plan Width": 14,"Actual Startup Time": 0.336,"Actual Total Time": 203.001,"Actual Rows": 32560,"Actual Loops": 1,"Inner Unique": false,"Plans": [{"Node Type": "Nested Loop","Parent Relationship": "Outer","Parallel Aware": false,"Async Capable": false,"Join Type": "Inner","Startup Cost": 7.38,"Total Cost": 244.58,"Plan Rows": 400,"Plan Width": 4,"Actual Startup Time": 0.273,"Actual Total Time": 2.796,"Actual Rows": 407,"Actual Loops": 1,"Inner Unique": false,"Plans": [{"Node Type": "Seq Scan","Parent Relationship": "Outer","Parallel Aware": false,"Async Capable": false,"Relation Name": "nation","Alias": "nation","Startup Cost": 0.00,"Total Cost": 1.31,"Plan Rows": 1,"Plan Width": 4,"Actual Startup Time": 0.063,"Actual Total Time": 0.079,"Actual Rows": 1,"Actual Loops": 1,"Filter": "(n_name = 'CHINA'::bpchar)","Rows Removed by Filter": 24},{"Node Type": "Bitmap Heap Scan","Parent Relationship": "Inner","Parallel Aware": false,"Async Capable": false,"Relation Name": "supplier","Alias": "supplier","Startup Cost": 7.38,"Total Cost": 239.27,"Plan Rows": 400,"Plan Width": 8,"Actual Startup Time": 0.204,"Actual Total Time": 2.666,"Actual Rows": 407,"Actual Loops": 1,"Recheck Cond": "(s_nationkey = nation.n_nationkey)","Rows Removed by Index Recheck": 0,"Exact Heap Blocks": 186,"Lossy Heap Blocks": 0,"Plans": [{"Node Type": "Bitmap Index Scan","Parent Relationship": "Outer","Parallel Aware": false,"Async Capable": false,"Index Name": "idx_supplier_nation_key","Startup Cost": 0.00,"Total Cost": 7.29,"Plan Rows": 400,"Plan Width": 0,"Actual Startup Time": 0.129,"Actual Total Time": 0.129,"Actual Rows": 407,"Actual Loops": 1,"Index Cond": "(s_nationkey = nation.n_nationkey)"}]}]},{"Node Type": "Index Scan","Parent Relationship": "Inner","Parallel Aware": false,"Async Capable": false,"Scan Direction": "Forward","Index Name": "idx_partsupp_suppkey","Relation Name": "partsupp","Alias": "partsupp","Startup Cost": 0.42,"Total Cost": 9.07,"Plan Rows": 80,"Plan Width": 18,"Actual Startup Time": 0.020,"Actual Total Time": 0.480,"Actual Rows": 80,"Actual Loops": 407,"Index Cond": "(ps_suppkey = supplier.s_suppkey)","Rows Removed by Index Recheck": 0}]}]}]},"Planning Time": 7.317,"Triggers": [],"Execution Time": 456.700}]
[{"Plan": {"Node Type": "Sort","Parallel Aware": false,"Async Capable": false,"Startup Cost": 10142.20,"Total Cost": 10168.87,"Plan Rows": 10667,"Plan Width": 36,"Actual Startup Time": 431.698,"Actual Total Time": 431.824,"Actual Rows": 911,"Actual Loops": 1,"Sort Key": ["(sum((partsupp.ps_supplycost * (partsupp.ps_availqty)::numeric))) DESC"],"Sort Method": "quicksort","Sort Space Used": 74,"Sort Space Type": "Memory","Plans": [{"Node Type": "Aggregate","Strategy": "Plain","Partial Mode": "Simple","Parent Relationship": "InitPlan","Subplan Name": "InitPlan 1 (returns $2)","Parallel Aware": false,"Async Capable": false,"Startup Cost": 4434.26,"Total Cost": 4434.27,"Plan Rows": 1,"Plan Width": 32,"Actual Startup Time": 129.087,"Actual Total Time": 129.106,"Actual Rows": 1,"Actual Loops": 1,"Plans": [{"Node Type": "Nested Loop","Parent Relationship": "Outer","Parallel Aware": false,"Async Capable": false,"Join Type": "Inner","Startup Cost": 7.81,"Total Cost": 4194.26,"Plan Rows": 32000,"Plan Width": 10,"Actual Startup Time": 0.210,"Actual Total Time": 121.870,"Actual Rows": 32160,"Actual Loops": 1,"Inner Unique": false,"Plans": [{"Node Type": "Nested Loop","Parent Relationship": "Outer","Parallel Aware": false,"Async Capable": false,"Join Type": "Inner","Startup Cost": 7.38,"Total Cost": 244.58,"Plan Rows": 400,"Plan Width": 4,"Actual Startup Time": 0.174,"Actual Total Time": 1.780,"Actual Rows": 402,"Actual Loops": 1,"Inner Unique": false,"Plans": [{"Node Type": "Seq Scan","Parent Relationship": "Outer","Parallel Aware": false,"Async Capable": false,"Relation Name": "nation","Alias": "nation_1","Startup Cost": 0.00,"Total Cost": 1.31,"Plan Rows": 1,"Plan Width": 4,"Actual Startup Time": 0.036,"Actual Total Time": 0.056,"Actual Rows": 1,"Actual Loops": 1,"Filter": "(n_name = 'FRANCE'::bpchar)","Rows Removed by Filter": 24},{"Node Type": "Bitmap Heap Scan","Parent Relationship": "Inner","Parallel Aware": false,"Async Capable": false,"Relation Name": "supplier","Alias": "supplier_1","Startup Cost": 7.38,"Total Cost": 239.27,"Plan Rows": 400,"Plan Width": 8,"Actual Startup Time": 0.119,"Actual Total Time": 1.663,"Actual Rows": 402,"Actual Loops": 1,"Recheck Cond": "(s_nationkey = nation_1.n_nationkey)","Rows Removed by Index Recheck": 0,"Exact Heap Blocks": 184,"Lossy Heap Blocks": 0,"Plans": [{"Node Type": "Bitmap Index Scan","Parent Relationship": "Outer","Parallel Aware": false,"Async Capable": false,"Index Name": "idx_supplier_nation_key","Startup Cost": 0.00,"Total Cost": 7.29,"Plan Rows": 400,"Plan Width": 0,"Actual Startup Time": 0.075,"Actual Total Time": 0.079,"Actual Rows": 402,"Actual Loops": 1,"Index Cond": "(s_nationkey = nation_1.n_nationkey)"}]}]},{"Node Type": "Index Scan","Parent Relationship": "Inner","Parallel Aware": false,"Async Capable": false,"Scan Direction": "Forward","Index Name": "idx_partsupp_suppkey","Relation Name": "partsupp","Alias": "partsupp_1","Startup Cost": 0.42,"Total Cost": 9.07,"Plan Rows": 80,"Plan Width": 14,"Actual Startup Time": 0.014,"Actual Total Time": 0.286,"Actual Rows": 80,"Actual Loops": 402,"Index Cond": "(ps_suppkey = supplier_1.s_suppkey)","Rows Removed by Index Recheck": 0}]}]},{"Node Type": "Aggregate","Strategy": "Hashed","Partial Mode": "Simple","Parent Relationship": "Outer","Parallel Aware": false,"Async Capable": false,"Startup Cost": 4514.26,"Total Cost": 4994.26,"Plan Rows": 10667,"Plan Width": 36,"Actual Startup Time": 359.069,"Actual Total Time": 431.218,"Actual Rows": 911,"Actual Loops": 1,"Group Key": ["partsupp.ps_partkey"],"Filter": "(sum((partsupp.ps_supplycost * (partsupp.ps_availqty)::numeric)) > $2)","Planned Partitions": 0,"HashAgg Batches": 1,"Peak Memory Usage": 17937,"Disk Usage": 0,"Rows Removed by Filter": 29336,"Plans": [{"Node Type": "Nested Loop","Parent Relationship": "Outer","Parallel Aware": false,"Async Capable": false,"Join Type": "Inner","Startup Cost": 7.81,"Total Cost": 4194.26,"Plan Rows": 32000,"Plan Width": 14,"Actual Startup Time": 0.330,"Actual Total Time": 187.860,"Actual Rows": 32160,"Actual Loops": 1,"Inner Unique": false,"Plans": [{"Node Type": "Nested Loop","Parent Relationship": "Outer","Parallel Aware": false,"Async Capable": false,"Join Type": "Inner","Startup Cost": 7.38,"Total Cost": 244.58,"Plan Rows": 400,"Plan Width": 4,"Actual Startup Time": 0.249,"Actual Total Time": 2.513,"Actual Rows": 402,"Actual Loops": 1,"Inner Unique": false,"Plans": [{"Node Type": "Seq Scan","Parent Relationship": "Outer","Parallel Aware": false,"Async Capable": false,"Relation Name": "nation","Alias": "nation","Startup Cost": 0.00,"Total Cost": 1.31,"Plan Rows": 1,"Plan Width": 4,"Actual Startup Time": 0.077,"Actual Total Time": 0.097,"Actual Rows": 1,"Actual Loops": 1,"Filter": "(n_name = 'FRANCE'::bpchar)","Rows Removed by Filter": 24},{"Node Type": "Bitmap Heap Scan","Parent Relationship": "Inner","Parallel Aware": false,"Async Capable": false,"Relation Name": "supplier","Alias": "supplier","Startup Cost": 7.38,"Total Cost": 239.27,"Plan Rows": 400,"Plan Width": 8,"Actual Startup Time": 0.163,"Actual Total Time": 2.362,"Actual Rows": 402,"Actual Loops": 1,"Recheck Cond": "(s_nationkey = nation.n_nationkey)","Rows Removed by Index Recheck": 0,"Exact Heap Blocks": 184,"Lossy Heap Blocks": 0,"Plans": [{"Node Type": "Bitmap Index Scan","Parent Relationship": "Outer","Parallel Aware": false,"Async Capable": false,"Index Name": "idx_supplier_nation_key","Startup Cost": 0.00,"Total Cost": 7.29,"Plan Rows": 400,"Plan Width": 0,"Actual Startup Time": 0.112,"Actual Total Time": 0.113,"Actual Rows": 402,"Actual Loops": 1,"Index Cond": "(s_nationkey = nation.n_nationkey)"}]}]},{"Node Type": "Index Scan","Parent Relationship": "Inner","Parallel Aware": false,"Async Capable": false,"Scan Direction": "Forward","Index Name": "idx_partsupp_suppkey","Relation Name": "partsupp","Alias": "partsupp","Startup Cost": 0.42,"Total Cost": 9.07,"Plan Rows": 80,"Plan Width": 18,"Actual Startup Time": 0.018,"Actual Total Time": 0.449,"Actual Rows": 80,"Actual Loops": 402,"Index Cond": "(ps_suppkey = supplier.s_suppkey)","Rows Removed by Index Recheck": 0}]}]}]},"Planning Time": 7.171,"Triggers": [],"Execution Time": 434.998}]
[{"Plan": {"Node Type": "Sort","Parallel Aware": false,"Async Capable": false,"Startup Cost": 10142.20,"Total Cost": 10168.87,"Plan Rows": 10667,"Plan Width": 36,"Actual Startup Time": 438.718,"Actual Total Time": 438.846,"Actual Rows": 919,"Actual Loops": 1,"Sort Key": ["(sum((partsupp.ps_supplycost * (partsupp.ps_availqty)::numeric))) DESC"],"Sort Method": "quicksort","Sort Space Used": 75,"Sort Space Type": "Memory","Plans": [{"Node Type": "Aggregate","Strategy": "Plain","Partial Mode": "Simple","Parent Relationship": "InitPlan","Subplan Name": "InitPlan 1 (returns $2)","Parallel Aware": false,"Async Capable": false,"Startup Cost": 4434.26,"Total Cost": 4434.27,"Plan Rows": 1,"Plan Width": 32,"Actual Startup Time": 130.550,"Actual Total Time": 130.572,"Actual Rows": 1,"Actual Loops": 1,"Plans": [{"Node Type": "Nested Loop","Parent Relationship": "Outer","Parallel Aware": false,"Async Capable": false,"Join Type": "Inner","Startup Cost": 7.81,"Total Cost": 4194.26,"Plan Rows": 32000,"Plan Width": 10,"Actual Startup Time": 0.239,"Actual Total Time": 123.231,"Actual Rows": 32080,"Actual Loops": 1,"Inner Unique": false,"Plans": [{"Node Type": "Nested Loop","Parent Relationship": "Outer","Parallel Aware": false,"Async Capable": false,"Join Type": "Inner","Startup Cost": 7.38,"Total Cost": 244.58,"Plan Rows": 400,"Plan Width": 4,"Actual Startup Time": 0.189,"Actual Total Time": 1.751,"Actual Rows": 401,"Actual Loops": 1,"Inner Unique": false,"Plans": [{"Node Type": "Seq Scan","Parent Relationship": "Outer","Parallel Aware": false,"Async Capable": false,"Relation Name": "nation","Alias": "nation_1","Startup Cost": 0.00,"Total Cost": 1.31,"Plan Rows": 1,"Plan Width": 4,"Actual Startup Time": 0.044,"Actual Total Time": 0.061,"Actual Rows": 1,"Actual Loops": 1,"Filter": "(n_name = 'RUSSIA'::bpchar)","Rows Removed by Filter": 24},{"Node Type": "Bitmap Heap Scan","Parent Relationship": "Inner","Parallel Aware": false,"Async Capable": false,"Relation Name": "supplier","Alias": "supplier_1","Startup Cost": 7.38,"Total Cost": 239.27,"Plan Rows": 400,"Plan Width": 8,"Actual Startup Time": 0.130,"Actual Total Time": 1.632,"Actual Rows": 401,"Actual Loops": 1,"Recheck Cond": "(s_nationkey = nation_1.n_nationkey)","Rows Removed by Index Recheck": 0,"Exact Heap Blocks": 180,"Lossy Heap Blocks": 0,"Plans": [{"Node Type": "Bitmap Index Scan","Parent Relationship": "Outer","Parallel Aware": false,"Async Capable": false,"Index Name": "idx_supplier_nation_key","Startup Cost": 0.00,"Total Cost": 7.29,"Plan Rows": 400,"Plan Width": 0,"Actual Startup Time": 0.092,"Actual Total Time": 0.094,"Actual Rows": 401,"Actual Loops": 1,"Index Cond": "(s_nationkey = nation_1.n_nationkey)"}]}]},{"Node Type": "Index Scan","Parent Relationship": "Inner","Parallel Aware": false,"Async Capable": false,"Scan Direction": "Forward","Index Name": "idx_partsupp_suppkey","Relation Name": "partsupp","Alias": "partsupp_1","Startup Cost": 0.42,"Total Cost": 9.07,"Plan Rows": 80,"Plan Width": 14,"Actual Startup Time": 0.014,"Actual Total Time": 0.291,"Actual Rows": 80,"Actual Loops": 401,"Index Cond": "(ps_suppkey = supplier_1.s_suppkey)","Rows Removed by Index Recheck": 0}]}]},{"Node Type": "Aggregate","Strategy": "Hashed","Partial Mode": "Simple","Parent Relationship": "Outer","Parallel Aware": false,"Async Capable": false,"Startup Cost": 4514.26,"Total Cost": 4994.26,"Plan Rows": 10667,"Plan Width": 36,"Actual Startup Time": 367.075,"Actual Total Time": 438.260,"Actual Rows": 919,"Actual Loops": 1,"Group Key": ["partsupp.ps_partkey"],"Filter": "(sum((partsupp.ps_supplycost * (partsupp.ps_availqty)::numeric)) > $2)","Planned Partitions": 0,"HashAgg Batches": 1,"Peak Memory Usage": 17937,"Disk Usage": 0,"Rows Removed by Filter": 29289,"Plans": [{"Node Type": "Nested Loop","Parent Relationship": "Outer","Parallel Aware": false,"Async Capable": false,"Join Type": "Inner","Startup Cost": 7.81,"Total Cost": 4194.26,"Plan Rows": 32000,"Plan Width": 14,"Actual Startup Time": 0.388,"Actual Total Time": 194.500,"Actual Rows": 32080,"Actual Loops": 1,"Inner Unique": false,"Plans": [{"Node Type": "Nested Loop","Parent Relationship": "Outer","Parallel Aware": false,"Async Capable": false,"Join Type": "Inner","Startup Cost": 7.38,"Total Cost": 244.58,"Plan Rows": 400,"Plan Width": 4,"Actual Startup Time": 0.281,"Actual Total Time": 2.675,"Actual Rows": 401,"Actual Loops": 1,"Inner Unique": false,"Plans": [{"Node Type": "Seq Scan","Parent Relationship": "Outer","Parallel Aware": false,"Async Capable": false,"Relation Name": "nation","Alias": "nation","Startup Cost": 0.00,"Total Cost": 1.31,"Plan Rows": 1,"Plan Width": 4,"Actual Startup Time": 0.057,"Actual Total Time": 0.080,"Actual Rows": 1,"Actual Loops": 1,"Filter": "(n_name = 'RUSSIA'::bpchar)","Rows Removed by Filter": 24},{"Node Type": "Bitmap Heap Scan","Parent Relationship": "Inner","Parallel Aware": false,"Async Capable": false,"Relation Name": "supplier","Alias": "supplier","Startup Cost": 7.38,"Total Cost": 239.27,"Plan Rows": 400,"Plan Width": 8,"Actual Startup Time": 0.220,"Actual Total Time": 2.546,"Actual Rows": 401,"Actual Loops": 1,"Recheck Cond": "(s_nationkey = nation.n_nationkey)","Rows Removed by Index Recheck": 0,"Exact Heap Blocks": 180,"Lossy Heap Blocks": 0,"Plans": [{"Node Type": "Bitmap Index Scan","Parent Relationship": "Outer","Parallel Aware": false,"Async Capable": false,"Index Name": "idx_supplier_nation_key","Startup Cost": 0.00,"Total Cost": 7.29,"Plan Rows": 400,"Plan Width": 0,"Actual Startup Time": 0.151,"Actual Total Time": 0.154,"Actual Rows": 401,"Actual Loops": 1,"Index Cond": "(s_nationkey = nation.n_nationkey)"}]}]},{"Node Type": "Index Scan","Parent Relationship": "Inner","Parallel Aware": false,"Async Capable": false,"Scan Direction": "Forward","Index Name": "idx_partsupp_suppkey","Relation Name": "partsupp","Alias": "partsupp","Startup Cost": 0.42,"Total Cost": 9.07,"Plan Rows": 80,"Plan Width": 18,"Actual Startup Time": 0.018,"Actual Total Time": 0.467,"Actual Rows": 80,"Actual Loops": 401,"Index Cond": "(ps_suppkey = supplier.s_suppkey)","Rows Removed by Index Recheck": 0}]}]}]},"Planning Time": 6.216,"Triggers": [],"Execution Time": 442.343}]
[{"Plan": {"Node Type": "Sort","Parallel Aware": false,"Async Capable": false,"Startup Cost": 10142.20,"Total Cost": 10168.87,"Plan Rows": 10667,"Plan Width": 36,"Actual Startup Time": 464.748,"Actual Total Time": 464.880,"Actual Rows": 665,"Actual Loops": 1,"Sort Key": ["(sum((partsupp.ps_supplycost * (partsupp.ps_availqty)::numeric))) DESC"],"Sort Method": "quicksort","Sort Space Used": 61,"Sort Space Type": "Memory","Plans": [{"Node Type": "Aggregate","Strategy": "Plain","Partial Mode": "Simple","Parent Relationship": "InitPlan","Subplan Name": "InitPlan 1 (returns $2)","Parallel Aware": false,"Async Capable": false,"Startup Cost": 4434.26,"Total Cost": 4434.27,"Plan Rows": 1,"Plan Width": 32,"Actual Startup Time": 134.444,"Actual Total Time": 134.478,"Actual Rows": 1,"Actual Loops": 1,"Plans": [{"Node Type": "Nested Loop","Parent Relationship": "Outer","Parallel Aware": false,"Async Capable": false,"Join Type": "Inner","Startup Cost": 7.81,"Total Cost": 4194.26,"Plan Rows": 32000,"Plan Width": 10,"Actual Startup Time": 0.195,"Actual Total Time": 126.758,"Actual Rows": 33600,"Actual Loops": 1,"Inner Unique": false,"Plans": [{"Node Type": "Nested Loop","Parent Relationship": "Outer","Parallel Aware": false,"Async Capable": false,"Join Type": "Inner","Startup Cost": 7.38,"Total Cost": 244.58,"Plan Rows": 400,"Plan Width": 4,"Actual Startup Time": 0.143,"Actual Total Time": 1.895,"Actual Rows": 420,"Actual Loops": 1,"Inner Unique": false,"Plans": [{"Node Type": "Seq Scan","Parent Relationship": "Outer","Parallel Aware": false,"Async Capable": false,"Relation Name": "nation","Alias": "nation_1","Startup Cost": 0.00,"Total Cost": 1.31,"Plan Rows": 1,"Plan Width": 4,"Actual Startup Time": 0.024,"Actual Total Time": 0.046,"Actual Rows": 1,"Actual Loops": 1,"Filter": "(n_name = 'ALGERIA'::bpchar)","Rows Removed by Filter": 24},{"Node Type": "Bitmap Heap Scan","Parent Relationship": "Inner","Parallel Aware": false,"Async Capable": false,"Relation Name": "supplier","Alias": "supplier_1","Startup Cost": 7.38,"Total Cost": 239.27,"Plan Rows": 400,"Plan Width": 8,"Actual Startup Time": 0.107,"Actual Total Time": 1.788,"Actual Rows": 420,"Actual Loops": 1,"Recheck Cond": "(s_nationkey = nation_1.n_nationkey)","Rows Removed by Index Recheck": 0,"Exact Heap Blocks": 197,"Lossy Heap Blocks": 0,"Plans": [{"Node Type": "Bitmap Index Scan","Parent Relationship": "Outer","Parallel Aware": false,"Async Capable": false,"Index Name": "idx_supplier_nation_key","Startup Cost": 0.00,"Total Cost": 7.29,"Plan Rows": 400,"Plan Width": 0,"Actual Startup Time": 0.069,"Actual Total Time": 0.076,"Actual Rows": 420,"Actual Loops": 1,"Index Cond": "(s_nationkey = nation_1.n_nationkey)"}]}]},{"Node Type": "Index Scan","Parent Relationship": "Inner","Parallel Aware": false,"Async Capable": false,"Scan Direction": "Forward","Index Name": "idx_partsupp_suppkey","Relation Name": "partsupp","Alias": "partsupp_1","Startup Cost": 0.42,"Total Cost": 9.07,"Plan Rows": 80,"Plan Width": 14,"Actual Startup Time": 0.014,"Actual Total Time": 0.285,"Actual Rows": 80,"Actual Loops": 420,"Index Cond": "(ps_suppkey = supplier_1.s_suppkey)","Rows Removed by Index Recheck": 0}]}]},{"Node Type": "Aggregate","Strategy": "Hashed","Partial Mode": "Simple","Parent Relationship": "Outer","Parallel Aware": false,"Async Capable": false,"Startup Cost": 4514.26,"Total Cost": 4994.26,"Plan Rows": 10667,"Plan Width": 36,"Actual Startup Time": 388.152,"Actual Total Time": 464.346,"Actual Rows": 665,"Actual Loops": 1,"Group Key": ["partsupp.ps_partkey"],"Filter": "(sum((partsupp.ps_supplycost * (partsupp.ps_availqty)::numeric)) > $2)","Planned Partitions": 0,"HashAgg Batches": 1,"Peak Memory Usage": 17937,"Disk Usage": 0,"Rows Removed by Filter": 30920,"Plans": [{"Node Type": "Nested Loop","Parent Relationship": "Outer","Parallel Aware": false,"Async Capable": false,"Join Type": "Inner","Startup Cost": 7.81,"Total Cost": 4194.26,"Plan Rows": 32000,"Plan Width": 14,"Actual Startup Time": 0.388,"Actual Total Time": 207.629,"Actual Rows": 33600,"Actual Loops": 1,"Inner Unique": false,"Plans": [{"Node Type": "Nested Loop","Parent Relationship": "Outer","Parallel Aware": false,"Async Capable": false,"Join Type": "Inner","Startup Cost": 7.38,"Total Cost": 244.58,"Plan Rows": 400,"Plan Width": 4,"Actual Startup Time": 0.274,"Actual Total Time": 2.984,"Actual Rows": 420,"Actual Loops": 1,"Inner Unique": false,"Plans": [{"Node Type": "Seq Scan","Parent Relationship": "Outer","Parallel Aware": false,"Async Capable": false,"Relation Name": "nation","Alias": "nation","Startup Cost": 0.00,"Total Cost": 1.31,"Plan Rows": 1,"Plan Width": 4,"Actual Startup Time": 0.081,"Actual Total Time": 0.099,"Actual Rows": 1,"Actual Loops": 1,"Filter": "(n_name = 'ALGERIA'::bpchar)","Rows Removed by Filter": 24},{"Node Type": "Bitmap Heap Scan","Parent Relationship": "Inner","Parallel Aware": false,"Async Capable": false,"Relation Name": "supplier","Alias": "supplier","Startup Cost": 7.38,"Total Cost": 239.27,"Plan Rows": 400,"Plan Width": 8,"Actual Startup Time": 0.184,"Actual Total Time": 2.823,"Actual Rows": 420,"Actual Loops": 1,"Recheck Cond": "(s_nationkey = nation.n_nationkey)","Rows Removed by Index Recheck": 0,"Exact Heap Blocks": 197,"Lossy Heap Blocks": 0,"Plans": [{"Node Type": "Bitmap Index Scan","Parent Relationship": "Outer","Parallel Aware": false,"Async Capable": false,"Index Name": "idx_supplier_nation_key","Startup Cost": 0.00,"Total Cost": 7.29,"Plan Rows": 400,"Plan Width": 0,"Actual Startup Time": 0.105,"Actual Total Time": 0.106,"Actual Rows": 420,"Actual Loops": 1,"Index Cond": "(s_nationkey = nation.n_nationkey)"}]}]},{"Node Type": "Index Scan","Parent Relationship": "Inner","Parallel Aware": false,"Async Capable": false,"Scan Direction": "Forward","Index Name": "idx_partsupp_suppkey","Relation Name": "partsupp","Alias": "partsupp","Startup Cost": 0.42,"Total Cost": 9.07,"Plan Rows": 80,"Plan Width": 18,"Actual Startup Time": 0.019,"Actual Total Time": 0.475,"Actual Rows": 80,"Actual Loops": 420,"Index Cond": "(ps_suppkey = supplier.s_suppkey)","Rows Removed by Index Recheck": 0}]}]}]},"Planning Time": 6.930,"Triggers": [],"Execution Time": 468.122}]
[{"Plan": {"Node Type": "Sort","Parallel Aware": false,"Async Capable": false,"Startup Cost": 10142.20,"Total Cost": 10168.87,"Plan Rows": 10667,"Plan Width": 36,"Actual Startup Time": 453.468,"Actual Total Time": 453.579,"Actual Rows": 699,"Actual Loops": 1,"Sort Key": ["(sum((partsupp.ps_supplycost * (partsupp.ps_availqty)::numeric))) DESC"],"Sort Method": "quicksort","Sort Space Used": 63,"Sort Space Type": "Memory","Plans": [{"Node Type": "Aggregate","Strategy": "Plain","Partial Mode": "Simple","Parent Relationship": "InitPlan","Subplan Name": "InitPlan 1 (returns $2)","Parallel Aware": false,"Async Capable": false,"Startup Cost": 4434.26,"Total Cost": 4434.27,"Plan Rows": 1,"Plan Width": 32,"Actual Startup Time": 131.382,"Actual Total Time": 131.405,"Actual Rows": 1,"Actual Loops": 1,"Plans": [{"Node Type": "Nested Loop","Parent Relationship": "Outer","Parallel Aware": false,"Async Capable": false,"Join Type": "Inner","Startup Cost": 7.81,"Total Cost": 4194.26,"Plan Rows": 32000,"Plan Width": 10,"Actual Startup Time": 0.203,"Actual Total Time": 123.789,"Actual Rows": 33200,"Actual Loops": 1,"Inner Unique": false,"Plans": [{"Node Type": "Nested Loop","Parent Relationship": "Outer","Parallel Aware": false,"Async Capable": false,"Join Type": "Inner","Startup Cost": 7.38,"Total Cost": 244.58,"Plan Rows": 400,"Plan Width": 4,"Actual Startup Time": 0.149,"Actual Total Time": 1.767,"Actual Rows": 415,"Actual Loops": 1,"Inner Unique": false,"Plans": [{"Node Type": "Seq Scan","Parent Relationship": "Outer","Parallel Aware": false,"Async Capable": false,"Relation Name": "nation","Alias": "nation_1","Startup Cost": 0.00,"Total Cost": 1.31,"Plan Rows": 1,"Plan Width": 4,"Actual Startup Time": 0.027,"Actual Total Time": 0.047,"Actual Rows": 1,"Actual Loops": 1,"Filter": "(n_name = 'EGYPT'::bpchar)","Rows Removed by Filter": 24},{"Node Type": "Bitmap Heap Scan","Parent Relationship": "Inner","Parallel Aware": false,"Async Capable": false,"Relation Name": "supplier","Alias": "supplier_1","Startup Cost": 7.38,"Total Cost": 239.27,"Plan Rows": 400,"Plan Width": 8,"Actual Startup Time": 0.105,"Actual Total Time": 1.654,"Actual Rows": 415,"Actual Loops": 1,"Recheck Cond": "(s_nationkey = nation_1.n_nationkey)","Rows Removed by Index Recheck": 0,"Exact Heap Blocks": 183,"Lossy Heap Blocks": 0,"Plans": [{"Node Type": "Bitmap Index Scan","Parent Relationship": "Outer","Parallel Aware": false,"Async Capable": false,"Index Name": "idx_supplier_nation_key","Startup Cost": 0.00,"Total Cost": 7.29,"Plan Rows": 400,"Plan Width": 0,"Actual Startup Time": 0.070,"Actual Total Time": 0.074,"Actual Rows": 415,"Actual Loops": 1,"Index Cond": "(s_nationkey = nation_1.n_nationkey)"}]}]},{"Node Type": "Index Scan","Parent Relationship": "Inner","Parallel Aware": false,"Async Capable": false,"Scan Direction": "Forward","Index Name": "idx_partsupp_suppkey","Relation Name": "partsupp","Alias": "partsupp_1","Startup Cost": 0.42,"Total Cost": 9.07,"Plan Rows": 80,"Plan Width": 14,"Actual Startup Time": 0.014,"Actual Total Time": 0.282,"Actual Rows": 80,"Actual Loops": 415,"Index Cond": "(ps_suppkey = supplier_1.s_suppkey)","Rows Removed by Index Recheck": 0}]}]},{"Node Type": "Aggregate","Strategy": "Hashed","Partial Mode": "Simple","Parent Relationship": "Outer","Parallel Aware": false,"Async Capable": false,"Startup Cost": 4514.26,"Total Cost": 4994.26,"Plan Rows": 10667,"Plan Width": 36,"Actual Startup Time": 379.250,"Actual Total Time": 453.099,"Actual Rows": 699,"Actual Loops": 1,"Group Key": ["partsupp.ps_partkey"],"Filter": "(sum((partsupp.ps_supplycost * (partsupp.ps_availqty)::numeric)) > $2)","Planned Partitions": 0,"HashAgg Batches": 1,"Peak Memory Usage": 17937,"Disk Usage": 0,"Rows Removed by Filter": 30398,"Plans": [{"Node Type": "Nested Loop","Parent Relationship": "Outer","Parallel Aware": false,"Async Capable": false,"Join Type": "Inner","Startup Cost": 7.81,"Total Cost": 4194.26,"Plan Rows": 32000,"Plan Width": 14,"Actual Startup Time": 0.395,"Actual Total Time": 204.247,"Actual Rows": 33200,"Actual Loops": 1,"Inner Unique": false,"Plans": [{"Node Type": "Nested Loop","Parent Relationship": "Outer","Parallel Aware": false,"Async Capable": false,"Join Type": "Inner","Startup Cost": 7.38,"Total Cost": 244.58,"Plan Rows": 400,"Plan Width": 4,"Actual Startup Time": 0.281,"Actual Total Time": 2.800,"Actual Rows": 415,"Actual Loops": 1,"Inner Unique": false,"Plans": [{"Node Type": "Seq Scan","Parent Relationship": "Outer","Parallel Aware": false,"Async Capable": false,"Relation Name": "nation","Alias": "nation","Startup Cost": 0.00,"Total Cost": 1.31,"Plan Rows": 1,"Plan Width": 4,"Actual Startup Time": 0.068,"Actual Total Time": 0.091,"Actual Rows": 1,"Actual Loops": 1,"Filter": "(n_name = 'EGYPT'::bpchar)","Rows Removed by Filter": 24},{"Node Type": "Bitmap Heap Scan","Parent Relationship": "Inner","Parallel Aware": false,"Async Capable": false,"Relation Name": "supplier","Alias": "supplier","Startup Cost": 7.38,"Total Cost": 239.27,"Plan Rows": 400,"Plan Width": 8,"Actual Startup Time": 0.209,"Actual Total Time": 2.654,"Actual Rows": 415,"Actual Loops": 1,"Recheck Cond": "(s_nationkey = nation.n_nationkey)","Rows Removed by Index Recheck": 0,"Exact Heap Blocks": 183,"Lossy Heap Blocks": 0,"Plans": [{"Node Type": "Bitmap Index Scan","Parent Relationship": "Outer","Parallel Aware": false,"Async Capable": false,"Index Name": "idx_supplier_nation_key","Startup Cost": 0.00,"Total Cost": 7.29,"Plan Rows": 400,"Plan Width": 0,"Actual Startup Time": 0.130,"Actual Total Time": 0.132,"Actual Rows": 415,"Actual Loops": 1,"Index Cond": "(s_nationkey = nation.n_nationkey)"}]}]},{"Node Type": "Index Scan","Parent Relationship": "Inner","Parallel Aware": false,"Async Capable": false,"Scan Direction": "Forward","Index Name": "idx_partsupp_suppkey","Relation Name": "partsupp","Alias": "partsupp","Startup Cost": 0.42,"Total Cost": 9.07,"Plan Rows": 80,"Plan Width": 18,"Actual Startup Time": 0.020,"Actual Total Time": 0.474,"Actual Rows": 80,"Actual Loops": 415,"Index Cond": "(ps_suppkey = supplier.s_suppkey)","Rows Removed by Index Recheck": 0}]}]}]},"Planning Time": 6.818,"Triggers": [],"Execution Time": 456.802}]
[{"Plan": {"Node Type": "Sort","Parallel Aware": false,"Async Capable": false,"Startup Cost": 10142.20,"Total Cost": 10168.87,"Plan Rows": 10667,"Plan Width": 36,"Actual Startup Time": 453.468,"Actual Total Time": 453.579,"Actual Rows": 699,"Actual Loops": 1,"Sort Key": ["(sum((partsupp.ps_supplycost * (partsupp.ps_availqty)::numeric))) DESC"],"Sort Method": "quicksort","Sort Space Used": 63,"Sort Space Type": "Memory","Plans": [{"Node Type": "Aggregate","Strategy": "Plain","Partial Mode": "Simple","Parent Relationship": "InitPlan","Subplan Name": "InitPlan 1 (returns $2)","Parallel Aware": false,"Async Capable": false,"Startup Cost": 4434.26,"Total Cost": 4434.27,"Plan Rows": 1,"Plan Width": 32,"Actual Startup Time": 131.382,"Actual Total Time": 131.405,"Actual Rows": 1,"Actual Loops": 1,"Plans": [{"Node Type": "Nested Loop","Parent Relationship": "Outer","Parallel Aware": false,"Async Capable": false,"Join Type": "Inner","Startup Cost": 7.81,"Total Cost": 4194.26,"Plan Rows": 32000,"Plan Width": 10,"Actual Startup Time": 0.203,"Actual Total Time": 123.789,"Actual Rows": 33200,"Actual Loops": 1,"Inner Unique": false,"Plans": [{"Node Type": "Nested Loop","Parent Relationship": "Outer","Parallel Aware": false,"Async Capable": false,"Join Type": "Inner","Startup Cost": 7.38,"Total Cost": 244.58,"Plan Rows": 400,"Plan Width": 4,"Actual Startup Time": 0.149,"Actual Total Time": 1.767,"Actual Rows": 415,"Actual Loops": 1,"Inner Unique": false,"Plans": [{"Node Type": "Seq Scan","Parent Relationship": "Outer","Parallel Aware": false,"Async Capable": false,"Relation Name": "nation","Alias": "nation_1","Startup Cost": 0.00,"Total Cost": 1.31,"Plan Rows": 1,"Plan Width": 4,"Actual Startup Time": 0.027,"Actual Total Time": 0.047,"Actual Rows": 1,"Actual Loops": 1,"Filter": "(n_name = 'EGYPT'::bpchar)","Rows Removed by Filter": 24},{"Node Type": "Bitmap Heap Scan","Parent Relationship": "Inner","Parallel Aware": false,"Async Capable": false,"Relation Name": "supplier","Alias": "supplier_1","Startup Cost": 7.38,"Total Cost": 239.27,"Plan Rows": 400,"Plan Width": 8,"Actual Startup Time": 0.105,"Actual Total Time": 1.654,"Actual Rows": 415,"Actual Loops": 1,"Recheck Cond": "(s_nationkey = nation_1.n_nationkey)","Rows Removed by Index Recheck": 0,"Exact Heap Blocks": 183,"Lossy Heap Blocks": 0,"Plans": [{"Node Type": "Bitmap Index Scan","Parent Relationship": "Outer","Parallel Aware": false,"Async Capable": false,"Index Name": "idx_supplier_nation_key","Startup Cost": 0.00,"Total Cost": 7.29,"Plan Rows": 400,"Plan Width": 0,"Actual Startup Time": 0.070,"Actual Total Time": 0.074,"Actual Rows": 415,"Actual Loops": 1,"Index Cond": "(s_nationkey = nation_1.n_nationkey)"}]}]},{"Node Type": "Index Scan","Parent Relationship": "Inner","Parallel Aware": false,"Async Capable": false,"Scan Direction": "Forward","Index Name": "idx_partsupp_suppkey","Relation Name": "partsupp","Alias": "partsupp_1","Startup Cost": 0.42,"Total Cost": 9.07,"Plan Rows": 80,"Plan Width": 14,"Actual Startup Time": 0.014,"Actual Total Time": 0.282,"Actual Rows": 80,"Actual Loops": 415,"Index Cond": "(ps_suppkey = supplier_1.s_suppkey)","Rows Removed by Index Recheck": 0}]}]},{"Node Type": "Aggregate","Strategy": "Hashed","Partial Mode": "Simple","Parent Relationship": "Outer","Parallel Aware": false,"Async Capable": false,"Startup Cost": 4514.26,"Total Cost": 4994.26,"Plan Rows": 10667,"Plan Width": 36,"Actual Startup Time": 379.250,"Actual Total Time": 453.099,"Actual Rows": 699,"Actual Loops": 1,"Group Key": ["partsupp.ps_partkey"],"Filter": "(sum((partsupp.ps_supplycost * (partsupp.ps_availqty)::numeric)) > $2)","Planned Partitions": 0,"HashAgg Batches": 1,"Peak Memory Usage": 17937,"Disk Usage": 0,"Rows Removed by Filter": 30398,"Plans": [{"Node Type": "Nested Loop","Parent Relationship": "Outer","Parallel Aware": false,"Async Capable": false,"Join Type": "Inner","Startup Cost": 7.81,"Total Cost": 4194.26,"Plan Rows": 32000,"Plan Width": 14,"Actual Startup Time": 0.395,"Actual Total Time": 204.247,"Actual Rows": 33200,"Actual Loops": 1,"Inner Unique": false,"Plans": [{"Node Type": "Nested Loop","Parent Relationship": "Outer","Parallel Aware": false,"Async Capable": false,"Join Type": "Inner","Startup Cost": 7.38,"Total Cost": 244.58,"Plan Rows": 400,"Plan Width": 4,"Actual Startup Time": 0.281,"Actual Total Time": 2.800,"Actual Rows": 415,"Actual Loops": 1,"Inner Unique": false,"Plans": [{"Node Type": "Seq Scan","Parent Relationship": "Outer","Parallel Aware": false,"Async Capable": false,"Relation Name": "nation","Alias": "nation","Startup Cost": 0.00,"Total Cost": 1.31,"Plan Rows": 1,"Plan Width": 4,"Actual Startup Time": 0.068,"Actual Total Time": 0.091,"Actual Rows": 1,"Actual Loops": 1,"Filter": "(n_name = 'EGYPT'::bpchar)","Rows Removed by Filter": 24},{"Node Type": "Bitmap Heap Scan","Parent Relationship": "Inner","Parallel Aware": false,"Async Capable": false,"Relation Name": "supplier","Alias": "supplier","Startup Cost": 7.38,"Total Cost": 239.27,"Plan Rows": 400,"Plan Width": 8,"Actual Startup Time": 0.209,"Actual Total Time": 2.654,"Actual Rows": 415,"Actual Loops": 1,"Recheck Cond": "(s_nationkey = nation.n_nationkey)","Rows Removed by Index Recheck": 0,"Exact Heap Blocks": 183,"Lossy Heap Blocks": 0,"Plans": [{"Node Type": "Bitmap Index Scan","Parent Relationship": "Outer","Parallel Aware": false,"Async Capable": false,"Index Name": "idx_supplier_nation_key","Startup Cost": 0.00,"Total Cost": 7.29,"Plan Rows": 400,"Plan Width": 0,"Actual Startup Time": 0.130,"Actual Total Time": 0.132,"Actual Rows": 415,"Actual Loops": 1,"Index Cond": "(s_nationkey = nation.n_nationkey)"}]}]},{"Node Type": "Index Scan","Parent Relationship": "Inner","Parallel Aware": false,"Async Capable": false,"Scan Direction": "Forward","Index Name": "idx_partsupp_suppkey","Relation Name": "partsupp","Alias": "partsupp","Startup Cost": 0.42,"Total Cost": 9.07,"Plan Rows": 80,"Plan Width": 18,"Actual Startup Time": 0.020,"Actual Total Time": 0.474,"Actual Rows": 80,"Actual Loops": 415,"Index Cond": "(ps_suppkey = supplier.s_suppkey)","Rows Removed by Index Recheck": 0}]}]}]},"Planning Time": 6.818,"Triggers": [],"Execution Time": 456.802}]
[{"Plan": {"Node Type": "Sort","Parallel Aware": false,"Async Capable": false,"Startup Cost": 10142.20,"Total Cost": 10168.87,"Plan Rows": 10667,"Plan Width": 36,"Actual Startup Time": 460.724,"Actual Total Time": 460.840,"Actual Rows": 741,"Actual Loops": 1,"Sort Key": ["(sum((partsupp.ps_supplycost * (partsupp.ps_availqty)::numeric))) DESC"],"Sort Method": "quicksort","Sort Space Used": 65,"Sort Space Type": "Memory","Plans": [{"Node Type": "Aggregate","Strategy": "Plain","Partial Mode": "Simple","Parent Relationship": "InitPlan","Subplan Name": "InitPlan 1 (returns $2)","Parallel Aware": false,"Async Capable": false,"Startup Cost": 4434.26,"Total Cost": 4434.27,"Plan Rows": 1,"Plan Width": 32,"Actual Startup Time": 132.110,"Actual Total Time": 132.136,"Actual Rows": 1,"Actual Loops": 1,"Plans": [{"Node Type": "Nested Loop","Parent Relationship": "Outer","Parallel Aware": false,"Async Capable": false,"Join Type": "Inner","Startup Cost": 7.81,"Total Cost": 4194.26,"Plan Rows": 32000,"Plan Width": 10,"Actual Startup Time": 0.212,"Actual Total Time": 124.425,"Actual Rows": 33680,"Actual Loops": 1,"Inner Unique": false,"Plans": [{"Node Type": "Nested Loop","Parent Relationship": "Outer","Parallel Aware": false,"Async Capable": false,"Join Type": "Inner","Startup Cost": 7.38,"Total Cost": 244.58,"Plan Rows": 400,"Plan Width": 4,"Actual Startup Time": 0.146,"Actual Total Time": 1.771,"Actual Rows": 421,"Actual Loops": 1,"Inner Unique": false,"Plans": [{"Node Type": "Seq Scan","Parent Relationship": "Outer","Parallel Aware": false,"Async Capable": false,"Relation Name": "nation","Alias": "nation_1","Startup Cost": 0.00,"Total Cost": 1.31,"Plan Rows": 1,"Plan Width": 4,"Actual Startup Time": 0.036,"Actual Total Time": 0.052,"Actual Rows": 1,"Actual Loops": 1,"Filter": "(n_name = 'PERU'::bpchar)","Rows Removed by Filter": 24},{"Node Type": "Bitmap Heap Scan","Parent Relationship": "Inner","Parallel Aware": false,"Async Capable": false,"Relation Name": "supplier","Alias": "supplier_1","Startup Cost": 7.38,"Total Cost": 239.27,"Plan Rows": 400,"Plan Width": 8,"Actual Startup Time": 0.097,"Actual Total Time": 1.663,"Actual Rows": 421,"Actual Loops": 1,"Recheck Cond": "(s_nationkey = nation_1.n_nationkey)","Rows Removed by Index Recheck": 0,"Exact Heap Blocks": 187,"Lossy Heap Blocks": 0,"Plans": [{"Node Type": "Bitmap Index Scan","Parent Relationship": "Outer","Parallel Aware": false,"Async Capable": false,"Index Name": "idx_supplier_nation_key","Startup Cost": 0.00,"Total Cost": 7.29,"Plan Rows": 400,"Plan Width": 0,"Actual Startup Time": 0.063,"Actual Total Time": 0.070,"Actual Rows": 421,"Actual Loops": 1,"Index Cond": "(s_nationkey = nation_1.n_nationkey)"}]}]},{"Node Type": "Index Scan","Parent Relationship": "Inner","Parallel Aware": false,"Async Capable": false,"Scan Direction": "Forward","Index Name": "idx_partsupp_suppkey","Relation Name": "partsupp","Alias": "partsupp_1","Startup Cost": 0.42,"Total Cost": 9.07,"Plan Rows": 80,"Plan Width": 14,"Actual Startup Time": 0.014,"Actual Total Time": 0.279,"Actual Rows": 80,"Actual Loops": 421,"Index Cond": "(ps_suppkey = supplier_1.s_suppkey)","Rows Removed by Index Recheck": 0}]}]},{"Node Type": "Aggregate","Strategy": "Hashed","Partial Mode": "Simple","Parent Relationship": "Outer","Parallel Aware": false,"Async Capable": false,"Startup Cost": 4514.26,"Total Cost": 4994.26,"Plan Rows": 10667,"Plan Width": 36,"Actual Startup Time": 384.508,"Actual Total Time": 460.301,"Actual Rows": 741,"Actual Loops": 1,"Group Key": ["partsupp.ps_partkey"],"Filter": "(sum((partsupp.ps_supplycost * (partsupp.ps_availqty)::numeric)) > $2)","Planned Partitions": 0,"HashAgg Batches": 1,"Peak Memory Usage": 17937,"Disk Usage": 0,"Rows Removed by Filter": 30846,"Plans": [{"Node Type": "Nested Loop","Parent Relationship": "Outer","Parallel Aware": false,"Async Capable": false,"Join Type": "Inner","Startup Cost": 7.81,"Total Cost": 4194.26,"Plan Rows": 32000,"Plan Width": 14,"Actual Startup Time": 0.389,"Actual Total Time": 205.243,"Actual Rows": 33680,"Actual Loops": 1,"Inner Unique": false,"Plans": [{"Node Type": "Nested Loop","Parent Relationship": "Outer","Parallel Aware": false,"Async Capable": false,"Join Type": "Inner","Startup Cost": 7.38,"Total Cost": 244.58,"Plan Rows": 400,"Plan Width": 4,"Actual Startup Time": 0.332,"Actual Total Time": 2.785,"Actual Rows": 421,"Actual Loops": 1,"Inner Unique": false,"Plans": [{"Node Type": "Seq Scan","Parent Relationship": "Outer","Parallel Aware": false,"Async Capable": false,"Relation Name": "nation","Alias": "nation","Startup Cost": 0.00,"Total Cost": 1.31,"Plan Rows": 1,"Plan Width": 4,"Actual Startup Time": 0.057,"Actual Total Time": 0.075,"Actual Rows": 1,"Actual Loops": 1,"Filter": "(n_name = 'PERU'::bpchar)","Rows Removed by Filter": 24},{"Node Type": "Bitmap Heap Scan","Parent Relationship": "Inner","Parallel Aware": false,"Async Capable": false,"Relation Name": "supplier","Alias": "supplier","Startup Cost": 7.38,"Total Cost": 239.27,"Plan Rows": 400,"Plan Width": 8,"Actual Startup Time": 0.270,"Actual Total Time": 2.660,"Actual Rows": 421,"Actual Loops": 1,"Recheck Cond": "(s_nationkey = nation.n_nationkey)","Rows Removed by Index Recheck": 0,"Exact Heap Blocks": 187,"Lossy Heap Blocks": 0,"Plans": [{"Node Type": "Bitmap Index Scan","Parent Relationship": "Outer","Parallel Aware": false,"Async Capable": false,"Index Name": "idx_supplier_nation_key","Startup Cost": 0.00,"Total Cost": 7.29,"Plan Rows": 400,"Plan Width": 0,"Actual Startup Time": 0.195,"Actual Total Time": 0.196,"Actual Rows": 421,"Actual Loops": 1,"Index Cond": "(s_nationkey = nation.n_nationkey)"}]}]},{"Node Type": "Index Scan","Parent Relationship": "Inner","Parallel Aware": false,"Async Capable": false,"Scan Direction": "Forward","Index Name": "idx_partsupp_suppkey","Relation Name": "partsupp","Alias": "partsupp","Startup Cost": 0.42,"Total Cost": 9.07,"Plan Rows": 80,"Plan Width": 18,"Actual Startup Time": 0.018,"Actual Total Time": 0.469,"Actual Rows": 80,"Actual Loops": 421,"Index Cond": "(ps_suppkey = supplier.s_suppkey)","Rows Removed by Index Recheck": 0}]}]}]},"Planning Time": 6.964,"Triggers": [],"Execution Time": 464.153}]
[{"Plan": {"Node Type": "Sort","Parallel Aware": false,"Async Capable": false,"Startup Cost": 10142.20,"Total Cost": 10168.87,"Plan Rows": 10667,"Plan Width": 36,"Actual Startup Time": 400.788,"Actual Total Time": 400.942,"Actual Rows": 1469,"Actual Loops": 1,"Sort Key": ["(sum((partsupp.ps_supplycost * (partsupp.ps_availqty)::numeric))) DESC"],"Sort Method": "quicksort","Sort Space Used": 129,"Sort Space Type": "Memory","Plans": [{"Node Type": "Aggregate","Strategy": "Plain","Partial Mode": "Simple","Parent Relationship": "InitPlan","Subplan Name": "InitPlan 1 (returns $2)","Parallel Aware": false,"Async Capable": false,"Startup Cost": 4434.26,"Total Cost": 4434.27,"Plan Rows": 1,"Plan Width": 32,"Actual Startup Time": 117.250,"Actual Total Time": 117.272,"Actual Rows": 1,"Actual Loops": 1,"Plans": [{"Node Type": "Nested Loop","Parent Relationship": "Outer","Parallel Aware": false,"Async Capable": false,"Join Type": "Inner","Startup Cost": 7.81,"Total Cost": 4194.26,"Plan Rows": 32000,"Plan Width": 10,"Actual Startup Time": 0.216,"Actual Total Time": 110.575,"Actual Rows": 28960,"Actual Loops": 1,"Inner Unique": false,"Plans": [{"Node Type": "Nested Loop","Parent Relationship": "Outer","Parallel Aware": false,"Async Capable": false,"Join Type": "Inner","Startup Cost": 7.38,"Total Cost": 244.58,"Plan Rows": 400,"Plan Width": 4,"Actual Startup Time": 0.161,"Actual Total Time": 1.515,"Actual Rows": 362,"Actual Loops": 1,"Inner Unique": false,"Plans": [{"Node Type": "Seq Scan","Parent Relationship": "Outer","Parallel Aware": false,"Async Capable": false,"Relation Name": "nation","Alias": "nation_1","Startup Cost": 0.00,"Total Cost": 1.31,"Plan Rows": 1,"Plan Width": 4,"Actual Startup Time": 0.032,"Actual Total Time": 0.051,"Actual Rows": 1,"Actual Loops": 1,"Filter": "(n_name = 'JORDAN'::bpchar)","Rows Removed by Filter": 24},{"Node Type": "Bitmap Heap Scan","Parent Relationship": "Inner","Parallel Aware": false,"Async Capable": false,"Relation Name": "supplier","Alias": "supplier_1","Startup Cost": 7.38,"Total Cost": 239.27,"Plan Rows": 400,"Plan Width": 8,"Actual Startup Time": 0.117,"Actual Total Time": 1.415,"Actual Rows": 362,"Actual Loops": 1,"Recheck Cond": "(s_nationkey = nation_1.n_nationkey)","Rows Removed by Index Recheck": 0,"Exact Heap Blocks": 166,"Lossy Heap Blocks": 0,"Plans": [{"Node Type": "Bitmap Index Scan","Parent Relationship": "Outer","Parallel Aware": false,"Async Capable": false,"Index Name": "idx_supplier_nation_key","Startup Cost": 0.00,"Total Cost": 7.29,"Plan Rows": 400,"Plan Width": 0,"Actual Startup Time": 0.075,"Actual Total Time": 0.079,"Actual Rows": 362,"Actual Loops": 1,"Index Cond": "(s_nationkey = nation_1.n_nationkey)"}]}]},{"Node Type": "Index Scan","Parent Relationship": "Inner","Parallel Aware": false,"Async Capable": false,"Scan Direction": "Forward","Index Name": "idx_partsupp_suppkey","Relation Name": "partsupp","Alias": "partsupp_1","Startup Cost": 0.42,"Total Cost": 9.07,"Plan Rows": 80,"Plan Width": 14,"Actual Startup Time": 0.014,"Actual Total Time": 0.289,"Actual Rows": 80,"Actual Loops": 362,"Index Cond": "(ps_suppkey = supplier_1.s_suppkey)","Rows Removed by Index Recheck": 0}]}]},{"Node Type": "Aggregate","Strategy": "Hashed","Partial Mode": "Simple","Parent Relationship": "Outer","Parallel Aware": false,"Async Capable": false,"Startup Cost": 4514.26,"Total Cost": 4994.26,"Plan Rows": 10667,"Plan Width": 36,"Actual Startup Time": 338.606,"Actual Total Time": 400.138,"Actual Rows": 1469,"Actual Loops": 1,"Group Key": ["partsupp.ps_partkey"],"Filter": "(sum((partsupp.ps_supplycost * (partsupp.ps_availqty)::numeric)) > $2)","Planned Partitions": 0,"HashAgg Batches": 1,"Peak Memory Usage": 17937,"Disk Usage": 0,"Rows Removed by Filter": 25896,"Plans": [{"Node Type": "Nested Loop","Parent Relationship": "Outer","Parallel Aware": false,"Async Capable": false,"Join Type": "Inner","Startup Cost": 7.81,"Total Cost": 4194.26,"Plan Rows": 32000,"Plan Width": 14,"Actual Startup Time": 0.314,"Actual Total Time": 181.118,"Actual Rows": 28960,"Actual Loops": 1,"Inner Unique": false,"Plans": [{"Node Type": "Nested Loop","Parent Relationship": "Outer","Parallel Aware": false,"Async Capable": false,"Join Type": "Inner","Startup Cost": 7.38,"Total Cost": 244.58,"Plan Rows": 400,"Plan Width": 4,"Actual Startup Time": 0.258,"Actual Total Time": 2.692,"Actual Rows": 362,"Actual Loops": 1,"Inner Unique": false,"Plans": [{"Node Type": "Seq Scan","Parent Relationship": "Outer","Parallel Aware": false,"Async Capable": false,"Relation Name": "nation","Alias": "nation","Startup Cost": 0.00,"Total Cost": 1.31,"Plan Rows": 1,"Plan Width": 4,"Actual Startup Time": 0.077,"Actual Total Time": 0.107,"Actual Rows": 1,"Actual Loops": 1,"Filter": "(n_name = 'JORDAN'::bpchar)","Rows Removed by Filter": 24},{"Node Type": "Bitmap Heap Scan","Parent Relationship": "Inner","Parallel Aware": false,"Async Capable": false,"Relation Name": "supplier","Alias": "supplier","Startup Cost": 7.38,"Total Cost": 239.27,"Plan Rows": 400,"Plan Width": 8,"Actual Startup Time": 0.172,"Actual Total Time": 2.539,"Actual Rows": 362,"Actual Loops": 1,"Recheck Cond": "(s_nationkey = nation.n_nationkey)","Rows Removed by Index Recheck": 0,"Exact Heap Blocks": 166,"Lossy Heap Blocks": 0,"Plans": [{"Node Type": "Bitmap Index Scan","Parent Relationship": "Outer","Parallel Aware": false,"Async Capable": false,"Index Name": "idx_supplier_nation_key","Startup Cost": 0.00,"Total Cost": 7.29,"Plan Rows": 400,"Plan Width": 0,"Actual Startup Time": 0.117,"Actual Total Time": 0.118,"Actual Rows": 362,"Actual Loops": 1,"Index Cond": "(s_nationkey = nation.n_nationkey)"}]}]},{"Node Type": "Index Scan","Parent Relationship": "Inner","Parallel Aware": false,"Async Capable": false,"Scan Direction": "Forward","Index Name": "idx_partsupp_suppkey","Relation Name": "partsupp","Alias": "partsupp","Startup Cost": 0.42,"Total Cost": 9.07,"Plan Rows": 80,"Plan Width": 18,"Actual Startup Time": 0.019,"Actual Total Time": 0.481,"Actual Rows": 80,"Actual Loops": 362,"Index Cond": "(ps_suppkey = supplier.s_suppkey)","Rows Removed by Index Recheck": 0}]}]}]},"Planning Time": 6.843,"Triggers": [],"Execution Time": 403.999}]
[{"Plan": {"Node Type": "Sort","Parallel Aware": false,"Async Capable": false,"Startup Cost": 10142.20,"Total Cost": 10168.87,"Plan Rows": 10667,"Plan Width": 36,"Actual Startup Time": 463.200,"Actual Total Time": 463.334,"Actual Rows": 786,"Actual Loops": 1,"Sort Key": ["(sum((partsupp.ps_supplycost * (partsupp.ps_availqty)::numeric))) DESC"],"Sort Method": "quicksort","Sort Space Used": 67,"Sort Space Type": "Memory","Plans": [{"Node Type": "Aggregate","Strategy": "Plain","Partial Mode": "Simple","Parent Relationship": "InitPlan","Subplan Name": "InitPlan 1 (returns $2)","Parallel Aware": false,"Async Capable": false,"Startup Cost": 4434.26,"Total Cost": 4434.27,"Plan Rows": 1,"Plan Width": 32,"Actual Startup Time": 138.217,"Actual Total Time": 138.241,"Actual Rows": 1,"Actual Loops": 1,"Plans": [{"Node Type": "Nested Loop","Parent Relationship": "Outer","Parallel Aware": false,"Async Capable": false,"Join Type": "Inner","Startup Cost": 7.81,"Total Cost": 4194.26,"Plan Rows": 32000,"Plan Width": 10,"Actual Startup Time": 0.203,"Actual Total Time": 130.632,"Actual Rows": 33040,"Actual Loops": 1,"Inner Unique": false,"Plans": [{"Node Type": "Nested Loop","Parent Relationship": "Outer","Parallel Aware": false,"Async Capable": false,"Join Type": "Inner","Startup Cost": 7.38,"Total Cost": 244.58,"Plan Rows": 400,"Plan Width": 4,"Actual Startup Time": 0.159,"Actual Total Time": 1.911,"Actual Rows": 413,"Actual Loops": 1,"Inner Unique": false,"Plans": [{"Node Type": "Seq Scan","Parent Relationship": "Outer","Parallel Aware": false,"Async Capable": false,"Relation Name": "nation","Alias": "nation_1","Startup Cost": 0.00,"Total Cost": 1.31,"Plan Rows": 1,"Plan Width": 4,"Actual Startup Time": 0.020,"Actual Total Time": 0.050,"Actual Rows": 1,"Actual Loops": 1,"Filter": "(n_name = 'ARGENTINA'::bpchar)","Rows Removed by Filter": 24},{"Node Type": "Bitmap Heap Scan","Parent Relationship": "Inner","Parallel Aware": false,"Async Capable": false,"Relation Name": "supplier","Alias": "supplier_1","Startup Cost": 7.38,"Total Cost": 239.27,"Plan Rows": 400,"Plan Width": 8,"Actual Startup Time": 0.122,"Actual Total Time": 1.805,"Actual Rows": 413,"Actual Loops": 1,"Recheck Cond": "(s_nationkey = nation_1.n_nationkey)","Rows Removed by Index Recheck": 0,"Exact Heap Blocks": 190,"Lossy Heap Blocks": 0,"Plans": [{"Node Type": "Bitmap Index Scan","Parent Relationship": "Outer","Parallel Aware": false,"Async Capable": false,"Index Name": "idx_supplier_nation_key","Startup Cost": 0.00,"Total Cost": 7.29,"Plan Rows": 400,"Plan Width": 0,"Actual Startup Time": 0.076,"Actual Total Time": 0.082,"Actual Rows": 413,"Actual Loops": 1,"Index Cond": "(s_nationkey = nation_1.n_nationkey)"}]}]},{"Node Type": "Index Scan","Parent Relationship": "Inner","Parallel Aware": false,"Async Capable": false,"Scan Direction": "Forward","Index Name": "idx_partsupp_suppkey","Relation Name": "partsupp","Alias": "partsupp_1","Startup Cost": 0.42,"Total Cost": 9.07,"Plan Rows": 80,"Plan Width": 14,"Actual Startup Time": 0.015,"Actual Total Time": 0.299,"Actual Rows": 80,"Actual Loops": 413,"Index Cond": "(ps_suppkey = supplier_1.s_suppkey)","Rows Removed by Index Recheck": 0}]}]},{"Node Type": "Aggregate","Strategy": "Hashed","Partial Mode": "Simple","Parent Relationship": "Outer","Parallel Aware": false,"Async Capable": false,"Startup Cost": 4514.26,"Total Cost": 4994.26,"Plan Rows": 10667,"Plan Width": 36,"Actual Startup Time": 387.894,"Actual Total Time": 462.834,"Actual Rows": 786,"Actual Loops": 1,"Group Key": ["partsupp.ps_partkey"],"Filter": "(sum((partsupp.ps_supplycost * (partsupp.ps_availqty)::numeric)) > $2)","Planned Partitions": 0,"HashAgg Batches": 1,"Peak Memory Usage": 17937,"Disk Usage": 0,"Rows Removed by Filter": 30324,"Plans": [{"Node Type": "Nested Loop","Parent Relationship": "Outer","Parallel Aware": false,"Async Capable": false,"Join Type": "Inner","Startup Cost": 7.81,"Total Cost": 4194.26,"Plan Rows": 32000,"Plan Width": 14,"Actual Startup Time": 0.397,"Actual Total Time": 197.172,"Actual Rows": 33040,"Actual Loops": 1,"Inner Unique": false,"Plans": [{"Node Type": "Nested Loop","Parent Relationship": "Outer","Parallel Aware": false,"Async Capable": false,"Join Type": "Inner","Startup Cost": 7.38,"Total Cost": 244.58,"Plan Rows": 400,"Plan Width": 4,"Actual Startup Time": 0.324,"Actual Total Time": 2.886,"Actual Rows": 413,"Actual Loops": 1,"Inner Unique": false,"Plans": [{"Node Type": "Seq Scan","Parent Relationship": "Outer","Parallel Aware": false,"Async Capable": false,"Relation Name": "nation","Alias": "nation","Startup Cost": 0.00,"Total Cost": 1.31,"Plan Rows": 1,"Plan Width": 4,"Actual Startup Time": 0.073,"Actual Total Time": 0.106,"Actual Rows": 1,"Actual Loops": 1,"Filter": "(n_name = 'ARGENTINA'::bpchar)","Rows Removed by Filter": 24},{"Node Type": "Bitmap Heap Scan","Parent Relationship": "Inner","Parallel Aware": false,"Async Capable": false,"Relation Name": "supplier","Alias": "supplier","Startup Cost": 7.38,"Total Cost": 239.27,"Plan Rows": 400,"Plan Width": 8,"Actual Startup Time": 0.246,"Actual Total Time": 2.727,"Actual Rows": 413,"Actual Loops": 1,"Recheck Cond": "(s_nationkey = nation.n_nationkey)","Rows Removed by Index Recheck": 0,"Exact Heap Blocks": 190,"Lossy Heap Blocks": 0,"Plans": [{"Node Type": "Bitmap Index Scan","Parent Relationship": "Outer","Parallel Aware": false,"Async Capable": false,"Index Name": "idx_supplier_nation_key","Startup Cost": 0.00,"Total Cost": 7.29,"Plan Rows": 400,"Plan Width": 0,"Actual Startup Time": 0.154,"Actual Total Time": 0.156,"Actual Rows": 413,"Actual Loops": 1,"Index Cond": "(s_nationkey = nation.n_nationkey)"}]}]},{"Node Type": "Index Scan","Parent Relationship": "Inner","Parallel Aware": false,"Async Capable": false,"Scan Direction": "Forward","Index Name": "idx_partsupp_suppkey","Relation Name": "partsupp","Alias": "partsupp","Startup Cost": 0.42,"Total Cost": 9.07,"Plan Rows": 80,"Plan Width": 18,"Actual Startup Time": 0.020,"Actual Total Time": 0.459,"Actual Rows": 80,"Actual Loops": 413,"Index Cond": "(ps_suppkey = supplier.s_suppkey)","Rows Removed by Index Recheck": 0}]}]}]},"Planning Time": 6.005,"Triggers": [],"Execution Time": 466.166}]
[{"Plan": {"Node Type": "Sort","Parallel Aware": false,"Async Capable": false,"Startup Cost": 10142.20,"Total Cost": 10168.87,"Plan Rows": 10667,"Plan Width": 36,"Actual Startup Time": 452.788,"Actual Total Time": 452.912,"Actual Rows": 869,"Actual Loops": 1,"Sort Key": ["(sum((partsupp.ps_supplycost * (partsupp.ps_availqty)::numeric))) DESC"],"Sort Method": "quicksort","Sort Space Used": 72,"Sort Space Type": "Memory","Plans": [{"Node Type": "Aggregate","Strategy": "Plain","Partial Mode": "Simple","Parent Relationship": "InitPlan","Subplan Name": "InitPlan 1 (returns $2)","Parallel Aware": false,"Async Capable": false,"Startup Cost": 4434.26,"Total Cost": 4434.27,"Plan Rows": 1,"Plan Width": 32,"Actual Startup Time": 133.523,"Actual Total Time": 133.544,"Actual Rows": 1,"Actual Loops": 1,"Plans": [{"Node Type": "Nested Loop","Parent Relationship": "Outer","Parallel Aware": false,"Async Capable": false,"Join Type": "Inner","Startup Cost": 7.81,"Total Cost": 4194.26,"Plan Rows": 32000,"Plan Width": 10,"Actual Startup Time": 0.165,"Actual Total Time": 126.080,"Actual Rows": 32560,"Actual Loops": 1,"Inner Unique": false,"Plans": [{"Node Type": "Nested Loop","Parent Relationship": "Outer","Parallel Aware": false,"Async Capable": false,"Join Type": "Inner","Startup Cost": 7.38,"Total Cost": 244.58,"Plan Rows": 400,"Plan Width": 4,"Actual Startup Time": 0.133,"Actual Total Time": 1.798,"Actual Rows": 407,"Actual Loops": 1,"Inner Unique": false,"Plans": [{"Node Type": "Seq Scan","Parent Relationship": "Outer","Parallel Aware": false,"Async Capable": false,"Relation Name": "nation","Alias": "nation_1","Startup Cost": 0.00,"Total Cost": 1.31,"Plan Rows": 1,"Plan Width": 4,"Actual Startup Time": 0.028,"Actual Total Time": 0.044,"Actual Rows": 1,"Actual Loops": 1,"Filter": "(n_name = 'CHINA'::bpchar)","Rows Removed by Filter": 24},{"Node Type": "Bitmap Heap Scan","Parent Relationship": "Inner","Parallel Aware": false,"Async Capable": false,"Relation Name": "supplier","Alias": "supplier_1","Startup Cost": 7.38,"Total Cost": 239.27,"Plan Rows": 400,"Plan Width": 8,"Actual Startup Time": 0.091,"Actual Total Time": 1.697,"Actual Rows": 407,"Actual Loops": 1,"Recheck Cond": "(s_nationkey = nation_1.n_nationkey)","Rows Removed by Index Recheck": 0,"Exact Heap Blocks": 186,"Lossy Heap Blocks": 0,"Plans": [{"Node Type": "Bitmap Index Scan","Parent Relationship": "Outer","Parallel Aware": false,"Async Capable": false,"Index Name": "idx_supplier_nation_key","Startup Cost": 0.00,"Total Cost": 7.29,"Plan Rows": 400,"Plan Width": 0,"Actual Startup Time": 0.055,"Actual Total Time": 0.061,"Actual Rows": 407,"Actual Loops": 1,"Index Cond": "(s_nationkey = nation_1.n_nationkey)"}]}]},{"Node Type": "Index Scan","Parent Relationship": "Inner","Parallel Aware": false,"Async Capable": false,"Scan Direction": "Forward","Index Name": "idx_partsupp_suppkey","Relation Name": "partsupp","Alias": "partsupp_1","Startup Cost": 0.42,"Total Cost": 9.07,"Plan Rows": 80,"Plan Width": 14,"Actual Startup Time": 0.014,"Actual Total Time": 0.293,"Actual Rows": 80,"Actual Loops": 407,"Index Cond": "(ps_suppkey = supplier_1.s_suppkey)","Rows Removed by Index Recheck": 0}]}]},{"Node Type": "Aggregate","Strategy": "Hashed","Partial Mode": "Simple","Parent Relationship": "Outer","Parallel Aware": false,"Async Capable": false,"Startup Cost": 4514.26,"Total Cost": 4994.26,"Plan Rows": 10667,"Plan Width": 36,"Actual Startup Time": 377.714,"Actual Total Time": 452.344,"Actual Rows": 869,"Actual Loops": 1,"Group Key": ["partsupp.ps_partkey"],"Filter": "(sum((partsupp.ps_supplycost * (partsupp.ps_availqty)::numeric)) > $2)","Planned Partitions": 0,"HashAgg Batches": 1,"Peak Memory Usage": 17937,"Disk Usage": 0,"Rows Removed by Filter": 29770,"Plans": [{"Node Type": "Nested Loop","Parent Relationship": "Outer","Parallel Aware": false,"Async Capable": false,"Join Type": "Inner","Startup Cost": 7.81,"Total Cost": 4194.26,"Plan Rows": 32000,"Plan Width": 14,"Actual Startup Time": 0.336,"Actual Total Time": 203.001,"Actual Rows": 32560,"Actual Loops": 1,"Inner Unique": false,"Plans": [{"Node Type": "Nested Loop","Parent Relationship": "Outer","Parallel Aware": false,"Async Capable": false,"Join Type": "Inner","Startup Cost": 7.38,"Total Cost": 244.58,"Plan Rows": 400,"Plan Width": 4,"Actual Startup Time": 0.273,"Actual Total Time": 2.796,"Actual Rows": 407,"Actual Loops": 1,"Inner Unique": false,"Plans": [{"Node Type": "Seq Scan","Parent Relationship": "Outer","Parallel Aware": false,"Async Capable": false,"Relation Name": "nation","Alias": "nation","Startup Cost": 0.00,"Total Cost": 1.31,"Plan Rows": 1,"Plan Width": 4,"Actual Startup Time": 0.063,"Actual Total Time": 0.079,"Actual Rows": 1,"Actual Loops": 1,"Filter": "(n_name = 'CHINA'::bpchar)","Rows Removed by Filter": 24},{"Node Type": "Bitmap Heap Scan","Parent Relationship": "Inner","Parallel Aware": false,"Async Capable": false,"Relation Name": "supplier","Alias": "supplier","Startup Cost": 7.38,"Total Cost": 239.27,"Plan Rows": 400,"Plan Width": 8,"Actual Startup Time": 0.204,"Actual Total Time": 2.666,"Actual Rows": 407,"Actual Loops": 1,"Recheck Cond": "(s_nationkey = nation.n_nationkey)","Rows Removed by Index Recheck": 0,"Exact Heap Blocks": 186,"Lossy Heap Blocks": 0,"Plans": [{"Node Type": "Bitmap Index Scan","Parent Relationship": "Outer","Parallel Aware": false,"Async Capable": false,"Index Name": "idx_supplier_nation_key","Startup Cost": 0.00,"Total Cost": 7.29,"Plan Rows": 400,"Plan Width": 0,"Actual Startup Time": 0.129,"Actual Total Time": 0.129,"Actual Rows": 407,"Actual Loops": 1,"Index Cond": "(s_nationkey = nation.n_nationkey)"}]}]},{"Node Type": "Index Scan","Parent Relationship": "Inner","Parallel Aware": false,"Async Capable": false,"Scan Direction": "Forward","Index Name": "idx_partsupp_suppkey","Relation Name": "partsupp","Alias": "partsupp","Startup Cost": 0.42,"Total Cost": 9.07,"Plan Rows": 80,"Plan Width": 18,"Actual Startup Time": 0.020,"Actual Total Time": 0.480,"Actual Rows": 80,"Actual Loops": 407,"Index Cond": "(ps_suppkey = supplier.s_suppkey)","Rows Removed by Index Recheck": 0}]}]}]},"Planning Time": 7.317,"Triggers": [],"Execution Time": 456.700}]
[{"Plan": {"Node Type": "Sort","Parallel Aware": false,"Async Capable": false,"Startup Cost": 10142.20,"Total Cost": 10168.87,"Plan Rows": 10667,"Plan Width": 36,"Actual Startup Time": 449.560,"Actual Total Time": 449.671,"Actual Rows": 907,"Actual Loops": 1,"Sort Key": ["(sum((partsupp.ps_supplycost * (partsupp.ps_availqty)::numeric))) DESC"],"Sort Method": "quicksort","Sort Space Used": 74,"Sort Space Type": "Memory","Plans": [{"Node Type": "Aggregate","Strategy": "Plain","Partial Mode": "Simple","Parent Relationship": "InitPlan","Subplan Name": "InitPlan 1 (returns $2)","Parallel Aware": false,"Async Capable": false,"Startup Cost": 4434.26,"Total Cost": 4434.27,"Plan Rows": 1,"Plan Width": 32,"Actual Startup Time": 134.911,"Actual Total Time": 134.932,"Actual Rows": 1,"Actual Loops": 1,"Plans": [{"Node Type": "Nested Loop","Parent Relationship": "Outer","Parallel Aware": false,"Async Capable": false,"Join Type": "Inner","Startup Cost": 7.81,"Total Cost": 4194.26,"Plan Rows": 32000,"Plan Width": 10,"Actual Startup Time": 0.196,"Actual Total Time": 127.626,"Actual Rows": 31760,"Actual Loops": 1,"Inner Unique": false,"Plans": [{"Node Type": "Nested Loop","Parent Relationship": "Outer","Parallel Aware": false,"Async Capable": false,"Join Type": "Inner","Startup Cost": 7.38,"Total Cost": 244.58,"Plan Rows": 400,"Plan Width": 4,"Actual Startup Time": 0.146,"Actual Total Time": 1.719,"Actual Rows": 397,"Actual Loops": 1,"Inner Unique": false,"Plans": [{"Node Type": "Seq Scan","Parent Relationship": "Outer","Parallel Aware": false,"Async Capable": false,"Relation Name": "nation","Alias": "nation_1","Startup Cost": 0.00,"Total Cost": 1.31,"Plan Rows": 1,"Plan Width": 4,"Actual Startup Time": 0.024,"Actual Total Time": 0.052,"Actual Rows": 1,"Actual Loops": 1,"Filter": "(n_name = 'BRAZIL'::bpchar)","Rows Removed by Filter": 24},{"Node Type": "Bitmap Heap Scan","Parent Relationship": "Inner","Parallel Aware": false,"Async Capable": false,"Relation Name": "supplier","Alias": "supplier_1","Startup Cost": 7.38,"Total Cost": 239.27,"Plan Rows": 400,"Plan Width": 8,"Actual Startup Time": 0.105,"Actual Total Time": 1.602,"Actual Rows": 397,"Actual Loops": 1,"Recheck Cond": "(s_nationkey = nation_1.n_nationkey)","Rows Removed by Index Recheck": 0,"Exact Heap Blocks": 187,"Lossy Heap Blocks": 0,"Plans": [{"Node Type": "Bitmap Index Scan","Parent Relationship": "Outer","Parallel Aware": false,"Async Capable": false,"Index Name": "idx_supplier_nation_key","Startup Cost": 0.00,"Total Cost": 7.29,"Plan Rows": 400,"Plan Width": 0,"Actual Startup Time": 0.071,"Actual Total Time": 0.077,"Actual Rows": 397,"Actual Loops": 1,"Index Cond": "(s_nationkey = nation_1.n_nationkey)"}]}]},{"Node Type": "Index Scan","Parent Relationship": "Inner","Parallel Aware": false,"Async Capable": false,"Scan Direction": "Forward","Index Name": "idx_partsupp_suppkey","Relation Name": "partsupp","Alias": "partsupp_1","Startup Cost": 0.42,"Total Cost": 9.07,"Plan Rows": 80,"Plan Width": 14,"Actual Startup Time": 0.015,"Actual Total Time": 0.304,"Actual Rows": 80,"Actual Loops": 397,"Index Cond": "(ps_suppkey = supplier_1.s_suppkey)","Rows Removed by Index Recheck": 0}]}]},{"Node Type": "Aggregate","Strategy": "Hashed","Partial Mode": "Simple","Parent Relationship": "Outer","Parallel Aware": false,"Async Capable": false,"Startup Cost": 4514.26,"Total Cost": 4994.26,"Plan Rows": 10667,"Plan Width": 36,"Actual Startup Time": 378.380,"Actual Total Time": 449.162,"Actual Rows": 907,"Actual Loops": 1,"Group Key": ["partsupp.ps_partkey"],"Filter": "(sum((partsupp.ps_supplycost * (partsupp.ps_availqty)::numeric)) > $2)","Planned Partitions": 0,"HashAgg Batches": 1,"Peak Memory Usage": 17937,"Disk Usage": 0,"Rows Removed by Filter": 29157,"Plans": [{"Node Type": "Nested Loop","Parent Relationship": "Outer","Parallel Aware": false,"Async Capable": false,"Join Type": "Inner","Startup Cost": 7.81,"Total Cost": 4194.26,"Plan Rows": 32000,"Plan Width": 14,"Actual Startup Time": 0.353,"Actual Total Time": 195.500,"Actual Rows": 31760,"Actual Loops": 1,"Inner Unique": false,"Plans": [{"Node Type": "Nested Loop","Parent Relationship": "Outer","Parallel Aware": false,"Async Capable": false,"Join Type": "Inner","Startup Cost": 7.38,"Total Cost": 244.58,"Plan Rows": 400,"Plan Width": 4,"Actual Startup Time": 0.264,"Actual Total Time": 2.773,"Actual Rows": 397,"Actual Loops": 1,"Inner Unique": false,"Plans": [{"Node Type": "Seq Scan","Parent Relationship": "Outer","Parallel Aware": false,"Async Capable": false,"Relation Name": "nation","Alias": "nation","Startup Cost": 0.00,"Total Cost": 1.31,"Plan Rows": 1,"Plan Width": 4,"Actual Startup Time": 0.057,"Actual Total Time": 0.077,"Actual Rows": 1,"Actual Loops": 1,"Filter": "(n_name = 'BRAZIL'::bpchar)","Rows Removed by Filter": 24},{"Node Type": "Bitmap Heap Scan","Parent Relationship": "Inner","Parallel Aware": false,"Async Capable": false,"Relation Name": "supplier","Alias": "supplier","Startup Cost": 7.38,"Total Cost": 239.27,"Plan Rows": 400,"Plan Width": 8,"Actual Startup Time": 0.205,"Actual Total Time": 2.649,"Actual Rows": 397,"Actual Loops": 1,"Recheck Cond": "(s_nationkey = nation.n_nationkey)","Rows Removed by Index Recheck": 0,"Exact Heap Blocks": 187,"Lossy Heap Blocks": 0,"Plans": [{"Node Type": "Bitmap Index Scan","Parent Relationship": "Outer","Parallel Aware": false,"Async Capable": false,"Index Name": "idx_supplier_nation_key","Startup Cost": 0.00,"Total Cost": 7.29,"Plan Rows": 400,"Plan Width": 0,"Actual Startup Time": 0.130,"Actual Total Time": 0.131,"Actual Rows": 397,"Actual Loops": 1,"Index Cond": "(s_nationkey = nation.n_nationkey)"}]}]},{"Node Type": "Index Scan","Parent Relationship": "Inner","Parallel Aware": false,"Async Capable": false,"Scan Direction": "Forward","Index Name": "idx_partsupp_suppkey","Relation Name": "partsupp","Alias": "partsupp","Startup Cost": 0.42,"Total Cost": 9.07,"Plan Rows": 80,"Plan Width": 18,"Actual Startup Time": 0.020,"Actual Total Time": 0.474,"Actual Rows": 80,"Actual Loops": 397,"Index Cond": "(ps_suppkey = supplier.s_suppkey)","Rows Removed by Index Recheck": 0}]}]}]},"Planning Time": 5.165,"Triggers": [],"Execution Time": 452.133}]
[{"Plan": {"Node Type": "Sort","Parallel Aware": false,"Async Capable": false,"Startup Cost": 10142.20,"Total Cost": 10168.87,"Plan Rows": 10667,"Plan Width": 36,"Actual Startup Time": 413.680,"Actual Total Time": 413.810,"Actual Rows": 1217,"Actual Loops": 1,"Sort Key": ["(sum((partsupp.ps_supplycost * (partsupp.ps_availqty)::numeric))) DESC"],"Sort Method": "quicksort","Sort Space Used": 115,"Sort Space Type": "Memory","Plans": [{"Node Type": "Aggregate","Strategy": "Plain","Partial Mode": "Simple","Parent Relationship": "InitPlan","Subplan Name": "InitPlan 1 (returns $2)","Parallel Aware": false,"Async Capable": false,"Startup Cost": 4434.26,"Total Cost": 4434.27,"Plan Rows": 1,"Plan Width": 32,"Actual Startup Time": 121.350,"Actual Total Time": 121.366,"Actual Rows": 1,"Actual Loops": 1,"Plans": [{"Node Type": "Nested Loop","Parent Relationship": "Outer","Parallel Aware": false,"Async Capable": false,"Join Type": "Inner","Startup Cost": 7.81,"Total Cost": 4194.26,"Plan Rows": 32000,"Plan Width": 10,"Actual Startup Time": 0.211,"Actual Total Time": 114.479,"Actual Rows": 30080,"Actual Loops": 1,"Inner Unique": false,"Plans": [{"Node Type": "Nested Loop","Parent Relationship": "Outer","Parallel Aware": false,"Async Capable": false,"Join Type": "Inner","Startup Cost": 7.38,"Total Cost": 244.58,"Plan Rows": 400,"Plan Width": 4,"Actual Startup Time": 0.161,"Actual Total Time": 1.670,"Actual Rows": 376,"Actual Loops": 1,"Inner Unique": false,"Plans": [{"Node Type": "Seq Scan","Parent Relationship": "Outer","Parallel Aware": false,"Async Capable": false,"Relation Name": "nation","Alias": "nation_1","Startup Cost": 0.00,"Total Cost": 1.31,"Plan Rows": 1,"Plan Width": 4,"Actual Startup Time": 0.026,"Actual Total Time": 0.039,"Actual Rows": 1,"Actual Loops": 1,"Filter": "(n_name = 'KENYA'::bpchar)","Rows Removed by Filter": 24},{"Node Type": "Bitmap Heap Scan","Parent Relationship": "Inner","Parallel Aware": false,"Async Capable": false,"Relation Name": "supplier","Alias": "supplier_1","Startup Cost": 7.38,"Total Cost": 239.27,"Plan Rows": 400,"Plan Width": 8,"Actual Startup Time": 0.113,"Actual Total Time": 1.571,"Actual Rows": 376,"Actual Loops": 1,"Recheck Cond": "(s_nationkey = nation_1.n_nationkey)","Rows Removed by Index Recheck": 0,"Exact Heap Blocks": 179,"Lossy Heap Blocks": 0,"Plans": [{"Node Type": "Bitmap Index Scan","Parent Relationship": "Outer","Parallel Aware": false,"Async Capable": false,"Index Name": "idx_supplier_nation_key","Startup Cost": 0.00,"Total Cost": 7.29,"Plan Rows": 400,"Plan Width": 0,"Actual Startup Time": 0.082,"Actual Total Time": 0.086,"Actual Rows": 376,"Actual Loops": 1,"Index Cond": "(s_nationkey = nation_1.n_nationkey)"}]}]},{"Node Type": "Index Scan","Parent Relationship": "Inner","Parallel Aware": false,"Async Capable": false,"Scan Direction": "Forward","Index Name": "idx_partsupp_suppkey","Relation Name": "partsupp","Alias": "partsupp_1","Startup Cost": 0.42,"Total Cost": 9.07,"Plan Rows": 80,"Plan Width": 14,"Actual Startup Time": 0.014,"Actual Total Time": 0.288,"Actual Rows": 80,"Actual Loops": 376,"Index Cond": "(ps_suppkey = supplier_1.s_suppkey)","Rows Removed by Index Recheck": 0}]}]},{"Node Type": "Aggregate","Strategy": "Hashed","Partial Mode": "Simple","Parent Relationship": "Outer","Parallel Aware": false,"Async Capable": false,"Startup Cost": 4514.26,"Total Cost": 4994.26,"Plan Rows": 10667,"Plan Width": 36,"Actual Startup Time": 346.893,"Actual Total Time": 413.082,"Actual Rows": 1217,"Actual Loops": 1,"Group Key": ["partsupp.ps_partkey"],"Filter": "(sum((partsupp.ps_supplycost * (partsupp.ps_availqty)::numeric)) > $2)","Planned Partitions": 0,"HashAgg Batches": 1,"Peak Memory Usage": 17937,"Disk Usage": 0,"Rows Removed by Filter": 27288,"Plans": [{"Node Type": "Nested Loop","Parent Relationship": "Outer","Parallel Aware": false,"Async Capable": false,"Join Type": "Inner","Startup Cost": 7.81,"Total Cost": 4194.26,"Plan Rows": 32000,"Plan Width": 14,"Actual Startup Time": 0.423,"Actual Total Time": 185.679,"Actual Rows": 30080,"Actual Loops": 1,"Inner Unique": false,"Plans": [{"Node Type": "Nested Loop","Parent Relationship": "Outer","Parallel Aware": false,"Async Capable": false,"Join Type": "Inner","Startup Cost": 7.38,"Total Cost": 244.58,"Plan Rows": 400,"Plan Width": 4,"Actual Startup Time": 0.359,"Actual Total Time": 2.922,"Actual Rows": 376,"Actual Loops": 1,"Inner Unique": false,"Plans": [{"Node Type": "Seq Scan","Parent Relationship": "Outer","Parallel Aware": false,"Async Capable": false,"Relation Name": "nation","Alias": "nation","Startup Cost": 0.00,"Total Cost": 1.31,"Plan Rows": 1,"Plan Width": 4,"Actual Startup Time": 0.084,"Actual Total Time": 0.113,"Actual Rows": 1,"Actual Loops": 1,"Filter": "(n_name = 'KENYA'::bpchar)","Rows Removed by Filter": 24},{"Node Type": "Bitmap Heap Scan","Parent Relationship": "Inner","Parallel Aware": false,"Async Capable": false,"Relation Name": "supplier","Alias": "supplier","Startup Cost": 7.38,"Total Cost": 239.27,"Plan Rows": 400,"Plan Width": 8,"Actual Startup Time": 0.263,"Actual Total Time": 2.758,"Actual Rows": 376,"Actual Loops": 1,"Recheck Cond": "(s_nationkey = nation.n_nationkey)","Rows Removed by Index Recheck": 0,"Exact Heap Blocks": 179,"Lossy Heap Blocks": 0,"Plans": [{"Node Type": "Bitmap Index Scan","Parent Relationship": "Outer","Parallel Aware": false,"Async Capable": false,"Index Name": "idx_supplier_nation_key","Startup Cost": 0.00,"Total Cost": 7.29,"Plan Rows": 400,"Plan Width": 0,"Actual Startup Time": 0.183,"Actual Total Time": 0.184,"Actual Rows": 376,"Actual Loops": 1,"Index Cond": "(s_nationkey = nation.n_nationkey)"}]}]},{"Node Type": "Index Scan","Parent Relationship": "Inner","Parallel Aware": false,"Async Capable": false,"Scan Direction": "Forward","Index Name": "idx_partsupp_suppkey","Relation Name": "partsupp","Alias": "partsupp","Startup Cost": 0.42,"Total Cost": 9.07,"Plan Rows": 80,"Plan Width": 18,"Actual Startup Time": 0.018,"Actual Total Time": 0.474,"Actual Rows": 80,"Actual Loops": 376,"Index Cond": "(ps_suppkey = supplier.s_suppkey)","Rows Removed by Index Recheck": 0}]}]}]},"Planning Time": 5.474,"Triggers": [],"Execution Time": 416.886}]
[{"Plan": {"Node Type": "Sort","Parallel Aware": false,"Async Capable": false,"Startup Cost": 10142.20,"Total Cost": 10168.87,"Plan Rows": 10667,"Plan Width": 36,"Actual Startup Time": 454.370,"Actual Total Time": 454.495,"Actual Rows": 925,"Actual Loops": 1,"Sort Key": ["(sum((partsupp.ps_supplycost * (partsupp.ps_availqty)::numeric))) DESC"],"Sort Method": "quicksort","Sort Space Used": 75,"Sort Space Type": "Memory","Plans": [{"Node Type": "Aggregate","Strategy": "Plain","Partial Mode": "Simple","Parent Relationship": "InitPlan","Subplan Name": "InitPlan 1 (returns $2)","Parallel Aware": false,"Async Capable": false,"Startup Cost": 4434.26,"Total Cost": 4434.27,"Plan Rows": 1,"Plan Width": 32,"Actual Startup Time": 135.908,"Actual Total Time": 135.923,"Actual Rows": 1,"Actual Loops": 1,"Plans": [{"Node Type": "Nested Loop","Parent Relationship": "Outer","Parallel Aware": false,"Async Capable": false,"Join Type": "Inner","Startup Cost": 7.81,"Total Cost": 4194.26,"Plan Rows": 32000,"Plan Width": 10,"Actual Startup Time": 0.237,"Actual Total Time": 128.564,"Actual Rows": 31840,"Actual Loops": 1,"Inner Unique": false,"Plans": [{"Node Type": "Nested Loop","Parent Relationship": "Outer","Parallel Aware": false,"Async Capable": false,"Join Type": "Inner","Startup Cost": 7.38,"Total Cost": 244.58,"Plan Rows": 400,"Plan Width": 4,"Actual Startup Time": 0.190,"Actual Total Time": 1.776,"Actual Rows": 398,"Actual Loops": 1,"Inner Unique": false,"Plans": [{"Node Type": "Seq Scan","Parent Relationship": "Outer","Parallel Aware": false,"Async Capable": false,"Relation Name": "nation","Alias": "nation_1","Startup Cost": 0.00,"Total Cost": 1.31,"Plan Rows": 1,"Plan Width": 4,"Actual Startup Time": 0.045,"Actual Total Time": 0.060,"Actual Rows": 1,"Actual Loops": 1,"Filter": "(n_name = 'ROMANIA'::bpchar)","Rows Removed by Filter": 24},{"Node Type": "Bitmap Heap Scan","Parent Relationship": "Inner","Parallel Aware": false,"Async Capable": false,"Relation Name": "supplier","Alias": "supplier_1","Startup Cost": 7.38,"Total Cost": 239.27,"Plan Rows": 400,"Plan Width": 8,"Actual Startup Time": 0.127,"Actual Total Time": 1.656,"Actual Rows": 398,"Actual Loops": 1,"Recheck Cond": "(s_nationkey = nation_1.n_nationkey)","Rows Removed by Index Recheck": 0,"Exact Heap Blocks": 186,"Lossy Heap Blocks": 0,"Plans": [{"Node Type": "Bitmap Index Scan","Parent Relationship": "Outer","Parallel Aware": false,"Async Capable": false,"Index Name": "idx_supplier_nation_key","Startup Cost": 0.00,"Total Cost": 7.29,"Plan Rows": 400,"Plan Width": 0,"Actual Startup Time": 0.081,"Actual Total Time": 0.084,"Actual Rows": 398,"Actual Loops": 1,"Index Cond": "(s_nationkey = nation_1.n_nationkey)"}]}]},{"Node Type": "Index Scan","Parent Relationship": "Inner","Parallel Aware": false,"Async Capable": false,"Scan Direction": "Forward","Index Name": "idx_partsupp_suppkey","Relation Name": "partsupp","Alias": "partsupp_1","Startup Cost": 0.42,"Total Cost": 9.07,"Plan Rows": 80,"Plan Width": 14,"Actual Startup Time": 0.015,"Actual Total Time": 0.306,"Actual Rows": 80,"Actual Loops": 398,"Index Cond": "(ps_suppkey = supplier_1.s_suppkey)","Rows Removed by Index Recheck": 0}]}]},{"Node Type": "Aggregate","Strategy": "Hashed","Partial Mode": "Simple","Parent Relationship": "Outer","Parallel Aware": false,"Async Capable": false,"Startup Cost": 4514.26,"Total Cost": 4994.26,"Plan Rows": 10667,"Plan Width": 36,"Actual Startup Time": 383.049,"Actual Total Time": 453.972,"Actual Rows": 925,"Actual Loops": 1,"Group Key": ["partsupp.ps_partkey"],"Filter": "(sum((partsupp.ps_supplycost * (partsupp.ps_availqty)::numeric)) > $2)","Planned Partitions": 0,"HashAgg Batches": 1,"Peak Memory Usage": 17937,"Disk Usage": 0,"Rows Removed by Filter": 29106,"Plans": [{"Node Type": "Nested Loop","Parent Relationship": "Outer","Parallel Aware": false,"Async Capable": false,"Join Type": "Inner","Startup Cost": 7.81,"Total Cost": 4194.26,"Plan Rows": 32000,"Plan Width": 14,"Actual Startup Time": 0.324,"Actual Total Time": 197.326,"Actual Rows": 31840,"Actual Loops": 1,"Inner Unique": false,"Plans": [{"Node Type": "Nested Loop","Parent Relationship": "Outer","Parallel Aware": false,"Async Capable": false,"Join Type": "Inner","Startup Cost": 7.38,"Total Cost": 244.58,"Plan Rows": 400,"Plan Width": 4,"Actual Startup Time": 0.245,"Actual Total Time": 2.763,"Actual Rows": 398,"Actual Loops": 1,"Inner Unique": false,"Plans": [{"Node Type": "Seq Scan","Parent Relationship": "Outer","Parallel Aware": false,"Async Capable": false,"Relation Name": "nation","Alias": "nation","Startup Cost": 0.00,"Total Cost": 1.31,"Plan Rows": 1,"Plan Width": 4,"Actual Startup Time": 0.070,"Actual Total Time": 0.094,"Actual Rows": 1,"Actual Loops": 1,"Filter": "(n_name = 'ROMANIA'::bpchar)","Rows Removed by Filter": 24},{"Node Type": "Bitmap Heap Scan","Parent Relationship": "Inner","Parallel Aware": false,"Async Capable": false,"Relation Name": "supplier","Alias": "supplier","Startup Cost": 7.38,"Total Cost": 239.27,"Plan Rows": 400,"Plan Width": 8,"Actual Startup Time": 0.167,"Actual Total Time": 2.613,"Actual Rows": 398,"Actual Loops": 1,"Recheck Cond": "(s_nationkey = nation.n_nationkey)","Rows Removed by Index Recheck": 0,"Exact Heap Blocks": 186,"Lossy Heap Blocks": 0,"Plans": [{"Node Type": "Bitmap Index Scan","Parent Relationship": "Outer","Parallel Aware": false,"Async Capable": false,"Index Name": "idx_supplier_nation_key","Startup Cost": 0.00,"Total Cost": 7.29,"Plan Rows": 400,"Plan Width": 0,"Actual Startup Time": 0.108,"Actual Total Time": 0.110,"Actual Rows": 398,"Actual Loops": 1,"Index Cond": "(s_nationkey = nation.n_nationkey)"}]}]},{"Node Type": "Index Scan","Parent Relationship": "Inner","Parallel Aware": false,"Async Capable": false,"Scan Direction": "Forward","Index Name": "idx_partsupp_suppkey","Relation Name": "partsupp","Alias": "partsupp","Startup Cost": 0.42,"Total Cost": 9.07,"Plan Rows": 80,"Plan Width": 18,"Actual Startup Time": 0.020,"Actual Total Time": 0.477,"Actual Rows": 80,"Actual Loops": 398,"Index Cond": "(ps_suppkey = supplier.s_suppkey)","Rows Removed by Index Recheck": 0}]}]}]},"Planning Time": 5.113,"Triggers": [],"Execution Time": 456.866}]
[{"Plan": {"Node Type": "Sort","Parallel Aware": false,"Async Capable": false,"Startup Cost": 10142.20,"Total Cost": 10168.87,"Plan Rows": 10667,"Plan Width": 36,"Actual Startup Time": 448.613,"Actual Total Time": 448.730,"Actual Rows": 888,"Actual Loops": 1,"Sort Key": ["(sum((partsupp.ps_supplycost * (partsupp.ps_availqty)::numeric))) DESC"],"Sort Method": "quicksort","Sort Space Used": 73,"Sort Space Type": "Memory","Plans": [{"Node Type": "Aggregate","Strategy": "Plain","Partial Mode": "Simple","Parent Relationship": "InitPlan","Subplan Name": "InitPlan 1 (returns $2)","Parallel Aware": false,"Async Capable": false,"Startup Cost": 4434.26,"Total Cost": 4434.27,"Plan Rows": 1,"Plan Width": 32,"Actual Startup Time": 133.715,"Actual Total Time": 133.740,"Actual Rows": 1,"Actual Loops": 1,"Plans": [{"Node Type": "Nested Loop","Parent Relationship": "Outer","Parallel Aware": false,"Async Capable": false,"Join Type": "Inner","Startup Cost": 7.81,"Total Cost": 4194.26,"Plan Rows": 32000,"Plan Width": 10,"Actual Startup Time": 0.220,"Actual Total Time": 126.229,"Actual Rows": 32400,"Actual Loops": 1,"Inner Unique": false,"Plans": [{"Node Type": "Nested Loop","Parent Relationship": "Outer","Parallel Aware": false,"Async Capable": false,"Join Type": "Inner","Startup Cost": 7.38,"Total Cost": 244.58,"Plan Rows": 400,"Plan Width": 4,"Actual Startup Time": 0.174,"Actual Total Time": 1.918,"Actual Rows": 405,"Actual Loops": 1,"Inner Unique": false,"Plans": [{"Node Type": "Seq Scan","Parent Relationship": "Outer","Parallel Aware": false,"Async Capable": false,"Relation Name": "nation","Alias": "nation_1","Startup Cost": 0.00,"Total Cost": 1.31,"Plan Rows": 1,"Plan Width": 4,"Actual Startup Time": 0.049,"Actual Total Time": 0.070,"Actual Rows": 1,"Actual Loops": 1,"Filter": "(n_name = 'INDONESIA'::bpchar)","Rows Removed by Filter": 24},{"Node Type": "Bitmap Heap Scan","Parent Relationship": "Inner","Parallel Aware": false,"Async Capable": false,"Relation Name": "supplier","Alias": "supplier_1","Startup Cost": 7.38,"Total Cost": 239.27,"Plan Rows": 400,"Plan Width": 8,"Actual Startup Time": 0.105,"Actual Total Time": 1.781,"Actual Rows": 405,"Actual Loops": 1,"Recheck Cond": "(s_nationkey = nation_1.n_nationkey)","Rows Removed by Index Recheck": 0,"Exact Heap Blocks": 192,"Lossy Heap Blocks": 0,"Plans": [{"Node Type": "Bitmap Index Scan","Parent Relationship": "Outer","Parallel Aware": false,"Async Capable": false,"Index Name": "idx_supplier_nation_key","Startup Cost": 0.00,"Total Cost": 7.29,"Plan Rows": 400,"Plan Width": 0,"Actual Startup Time": 0.069,"Actual Total Time": 0.075,"Actual Rows": 405,"Actual Loops": 1,"Index Cond": "(s_nationkey = nation_1.n_nationkey)"}]}]},{"Node Type": "Index Scan","Parent Relationship": "Inner","Parallel Aware": false,"Async Capable": false,"Scan Direction": "Forward","Index Name": "idx_partsupp_suppkey","Relation Name": "partsupp","Alias": "partsupp_1","Startup Cost": 0.42,"Total Cost": 9.07,"Plan Rows": 80,"Plan Width": 14,"Actual Startup Time": 0.014,"Actual Total Time": 0.294,"Actual Rows": 80,"Actual Loops": 405,"Index Cond": "(ps_suppkey = supplier_1.s_suppkey)","Rows Removed by Index Recheck": 0}]}]},{"Node Type": "Aggregate","Strategy": "Hashed","Partial Mode": "Simple","Parent Relationship": "Outer","Parallel Aware": false,"Async Capable": false,"Startup Cost": 4514.26,"Total Cost": 4994.26,"Plan Rows": 10667,"Plan Width": 36,"Actual Startup Time": 376.503,"Actual Total Time": 448.157,"Actual Rows": 888,"Actual Loops": 1,"Group Key": ["partsupp.ps_partkey"],"Filter": "(sum((partsupp.ps_supplycost * (partsupp.ps_availqty)::numeric)) > $2)","Planned Partitions": 0,"HashAgg Batches": 1,"Peak Memory Usage": 17937,"Disk Usage": 0,"Rows Removed by Filter": 29597,"Plans": [{"Node Type": "Nested Loop","Parent Relationship": "Outer","Parallel Aware": false,"Async Capable": false,"Join Type": "Inner","Startup Cost": 7.81,"Total Cost": 4194.26,"Plan Rows": 32000,"Plan Width": 14,"Actual Startup Time": 0.375,"Actual Total Time": 200.721,"Actual Rows": 32400,"Actual Loops": 1,"Inner Unique": false,"Plans": [{"Node Type": "Nested Loop","Parent Relationship": "Outer","Parallel Aware": false,"Async Capable": false,"Join Type": "Inner","Startup Cost": 7.38,"Total Cost": 244.58,"Plan Rows": 400,"Plan Width": 4,"Actual Startup Time": 0.269,"Actual Total Time": 2.791,"Actual Rows": 405,"Actual Loops": 1,"Inner Unique": false,"Plans": [{"Node Type": "Seq Scan","Parent Relationship": "Outer","Parallel Aware": false,"Async Capable": false,"Relation Name": "nation","Alias": "nation","Startup Cost": 0.00,"Total Cost": 1.31,"Plan Rows": 1,"Plan Width": 4,"Actual Startup Time": 0.076,"Actual Total Time": 0.092,"Actual Rows": 1,"Actual Loops": 1,"Filter": "(n_name = 'INDONESIA'::bpchar)","Rows Removed by Filter": 24},{"Node Type": "Bitmap Heap Scan","Parent Relationship": "Inner","Parallel Aware": false,"Async Capable": false,"Relation Name": "supplier","Alias": "supplier","Startup Cost": 7.38,"Total Cost": 239.27,"Plan Rows": 400,"Plan Width": 8,"Actual Startup Time": 0.187,"Actual Total Time": 2.648,"Actual Rows": 405,"Actual Loops": 1,"Recheck Cond": "(s_nationkey = nation.n_nationkey)","Rows Removed by Index Recheck": 0,"Exact Heap Blocks": 192,"Lossy Heap Blocks": 0,"Plans": [{"Node Type": "Bitmap Index Scan","Parent Relationship": "Outer","Parallel Aware": false,"Async Capable": false,"Index Name": "idx_supplier_nation_key","Startup Cost": 0.00,"Total Cost": 7.29,"Plan Rows": 400,"Plan Width": 0,"Actual Startup Time": 0.121,"Actual Total Time": 0.124,"Actual Rows": 405,"Actual Loops": 1,"Index Cond": "(s_nationkey = nation.n_nationkey)"}]}]},{"Node Type": "Index Scan","Parent Relationship": "Inner","Parallel Aware": false,"Async Capable": false,"Scan Direction": "Forward","Index Name": "idx_partsupp_suppkey","Relation Name": "partsupp","Alias": "partsupp","Startup Cost": 0.42,"Total Cost": 9.07,"Plan Rows": 80,"Plan Width": 18,"Actual Startup Time": 0.019,"Actual Total Time": 0.477,"Actual Rows": 80,"Actual Loops": 405,"Index Cond": "(ps_suppkey = supplier.s_suppkey)","Rows Removed by Index Recheck": 0}]}]}]},"Planning Time": 7.214,"Triggers": [],"Execution Time": 451.949}]
[{"Plan": {"Node Type": "Sort","Parallel Aware": false,"Async Capable": false,"Startup Cost": 10142.20,"Total Cost": 10168.87,"Plan Rows": 10667,"Plan Width": 36,"Actual Startup Time": 464.748,"Actual Total Time": 464.880,"Actual Rows": 665,"Actual Loops": 1,"Sort Key": ["(sum((partsupp.ps_supplycost * (partsupp.ps_availqty)::numeric))) DESC"],"Sort Method": "quicksort","Sort Space Used": 61,"Sort Space Type": "Memory","Plans": [{"Node Type": "Aggregate","Strategy": "Plain","Partial Mode": "Simple","Parent Relationship": "InitPlan","Subplan Name": "InitPlan 1 (returns $2)","Parallel Aware": false,"Async Capable": false,"Startup Cost": 4434.26,"Total Cost": 4434.27,"Plan Rows": 1,"Plan Width": 32,"Actual Startup Time": 134.444,"Actual Total Time": 134.478,"Actual Rows": 1,"Actual Loops": 1,"Plans": [{"Node Type": "Nested Loop","Parent Relationship": "Outer","Parallel Aware": false,"Async Capable": false,"Join Type": "Inner","Startup Cost": 7.81,"Total Cost": 4194.26,"Plan Rows": 32000,"Plan Width": 10,"Actual Startup Time": 0.195,"Actual Total Time": 126.758,"Actual Rows": 33600,"Actual Loops": 1,"Inner Unique": false,"Plans": [{"Node Type": "Nested Loop","Parent Relationship": "Outer","Parallel Aware": false,"Async Capable": false,"Join Type": "Inner","Startup Cost": 7.38,"Total Cost": 244.58,"Plan Rows": 400,"Plan Width": 4,"Actual Startup Time": 0.143,"Actual Total Time": 1.895,"Actual Rows": 420,"Actual Loops": 1,"Inner Unique": false,"Plans": [{"Node Type": "Seq Scan","Parent Relationship": "Outer","Parallel Aware": false,"Async Capable": false,"Relation Name": "nation","Alias": "nation_1","Startup Cost": 0.00,"Total Cost": 1.31,"Plan Rows": 1,"Plan Width": 4,"Actual Startup Time": 0.024,"Actual Total Time": 0.046,"Actual Rows": 1,"Actual Loops": 1,"Filter": "(n_name = 'ALGERIA'::bpchar)","Rows Removed by Filter": 24},{"Node Type": "Bitmap Heap Scan","Parent Relationship": "Inner","Parallel Aware": false,"Async Capable": false,"Relation Name": "supplier","Alias": "supplier_1","Startup Cost": 7.38,"Total Cost": 239.27,"Plan Rows": 400,"Plan Width": 8,"Actual Startup Time": 0.107,"Actual Total Time": 1.788,"Actual Rows": 420,"Actual Loops": 1,"Recheck Cond": "(s_nationkey = nation_1.n_nationkey)","Rows Removed by Index Recheck": 0,"Exact Heap Blocks": 197,"Lossy Heap Blocks": 0,"Plans": [{"Node Type": "Bitmap Index Scan","Parent Relationship": "Outer","Parallel Aware": false,"Async Capable": false,"Index Name": "idx_supplier_nation_key","Startup Cost": 0.00,"Total Cost": 7.29,"Plan Rows": 400,"Plan Width": 0,"Actual Startup Time": 0.069,"Actual Total Time": 0.076,"Actual Rows": 420,"Actual Loops": 1,"Index Cond": "(s_nationkey = nation_1.n_nationkey)"}]}]},{"Node Type": "Index Scan","Parent Relationship": "Inner","Parallel Aware": false,"Async Capable": false,"Scan Direction": "Forward","Index Name": "idx_partsupp_suppkey","Relation Name": "partsupp","Alias": "partsupp_1","Startup Cost": 0.42,"Total Cost": 9.07,"Plan Rows": 80,"Plan Width": 14,"Actual Startup Time": 0.014,"Actual Total Time": 0.285,"Actual Rows": 80,"Actual Loops": 420,"Index Cond": "(ps_suppkey = supplier_1.s_suppkey)","Rows Removed by Index Recheck": 0}]}]},{"Node Type": "Aggregate","Strategy": "Hashed","Partial Mode": "Simple","Parent Relationship": "Outer","Parallel Aware": false,"Async Capable": false,"Startup Cost": 4514.26,"Total Cost": 4994.26,"Plan Rows": 10667,"Plan Width": 36,"Actual Startup Time": 388.152,"Actual Total Time": 464.346,"Actual Rows": 665,"Actual Loops": 1,"Group Key": ["partsupp.ps_partkey"],"Filter": "(sum((partsupp.ps_supplycost * (partsupp.ps_availqty)::numeric)) > $2)","Planned Partitions": 0,"HashAgg Batches": 1,"Peak Memory Usage": 17937,"Disk Usage": 0,"Rows Removed by Filter": 30920,"Plans": [{"Node Type": "Nested Loop","Parent Relationship": "Outer","Parallel Aware": false,"Async Capable": false,"Join Type": "Inner","Startup Cost": 7.81,"Total Cost": 4194.26,"Plan Rows": 32000,"Plan Width": 14,"Actual Startup Time": 0.388,"Actual Total Time": 207.629,"Actual Rows": 33600,"Actual Loops": 1,"Inner Unique": false,"Plans": [{"Node Type": "Nested Loop","Parent Relationship": "Outer","Parallel Aware": false,"Async Capable": false,"Join Type": "Inner","Startup Cost": 7.38,"Total Cost": 244.58,"Plan Rows": 400,"Plan Width": 4,"Actual Startup Time": 0.274,"Actual Total Time": 2.984,"Actual Rows": 420,"Actual Loops": 1,"Inner Unique": false,"Plans": [{"Node Type": "Seq Scan","Parent Relationship": "Outer","Parallel Aware": false,"Async Capable": false,"Relation Name": "nation","Alias": "nation","Startup Cost": 0.00,"Total Cost": 1.31,"Plan Rows": 1,"Plan Width": 4,"Actual Startup Time": 0.081,"Actual Total Time": 0.099,"Actual Rows": 1,"Actual Loops": 1,"Filter": "(n_name = 'ALGERIA'::bpchar)","Rows Removed by Filter": 24},{"Node Type": "Bitmap Heap Scan","Parent Relationship": "Inner","Parallel Aware": false,"Async Capable": false,"Relation Name": "supplier","Alias": "supplier","Startup Cost": 7.38,"Total Cost": 239.27,"Plan Rows": 400,"Plan Width": 8,"Actual Startup Time": 0.184,"Actual Total Time": 2.823,"Actual Rows": 420,"Actual Loops": 1,"Recheck Cond": "(s_nationkey = nation.n_nationkey)","Rows Removed by Index Recheck": 0,"Exact Heap Blocks": 197,"Lossy Heap Blocks": 0,"Plans": [{"Node Type": "Bitmap Index Scan","Parent Relationship": "Outer","Parallel Aware": false,"Async Capable": false,"Index Name": "idx_supplier_nation_key","Startup Cost": 0.00,"Total Cost": 7.29,"Plan Rows": 400,"Plan Width": 0,"Actual Startup Time": 0.105,"Actual Total Time": 0.106,"Actual Rows": 420,"Actual Loops": 1,"Index Cond": "(s_nationkey = nation.n_nationkey)"}]}]},{"Node Type": "Index Scan","Parent Relationship": "Inner","Parallel Aware": false,"Async Capable": false,"Scan Direction": "Forward","Index Name": "idx_partsupp_suppkey","Relation Name": "partsupp","Alias": "partsupp","Startup Cost": 0.42,"Total Cost": 9.07,"Plan Rows": 80,"Plan Width": 18,"Actual Startup Time": 0.019,"Actual Total Time": 0.475,"Actual Rows": 80,"Actual Loops": 420,"Index Cond": "(ps_suppkey = supplier.s_suppkey)","Rows Removed by Index Recheck": 0}]}]}]},"Planning Time": 6.930,"Triggers": [],"Execution Time": 468.122}]
[{"Plan": {"Node Type": "Sort","Parallel Aware": false,"Async Capable": false,"Startup Cost": 10142.20,"Total Cost": 10168.87,"Plan Rows": 10667,"Plan Width": 36,"Actual Startup Time": 433.392,"Actual Total Time": 433.521,"Actual Rows": 1062,"Actual Loops": 1,"Sort Key": ["(sum((partsupp.ps_supplycost * (partsupp.ps_availqty)::numeric))) DESC"],"Sort Method": "quicksort","Sort Space Used": 107,"Sort Space Type": "Memory","Plans": [{"Node Type": "Aggregate","Strategy": "Plain","Partial Mode": "Simple","Parent Relationship": "InitPlan","Subplan Name": "InitPlan 1 (returns $2)","Parallel Aware": false,"Async Capable": false,"Startup Cost": 4434.26,"Total Cost": 4434.27,"Plan Rows": 1,"Plan Width": 32,"Actual Startup Time": 125.971,"Actual Total Time": 125.990,"Actual Rows": 1,"Actual Loops": 1,"Plans": [{"Node Type": "Nested Loop","Parent Relationship": "Outer","Parallel Aware": false,"Async Capable": false,"Join Type": "Inner","Startup Cost": 7.81,"Total Cost": 4194.26,"Plan Rows": 32000,"Plan Width": 10,"Actual Startup Time": 0.203,"Actual Total Time": 118.781,"Actual Rows": 31440,"Actual Loops": 1,"Inner Unique": false,"Plans": [{"Node Type": "Nested Loop","Parent Relationship": "Outer","Parallel Aware": false,"Async Capable": false,"Join Type": "Inner","Startup Cost": 7.38,"Total Cost": 244.58,"Plan Rows": 400,"Plan Width": 4,"Actual Startup Time": 0.157,"Actual Total Time": 1.656,"Actual Rows": 393,"Actual Loops": 1,"Inner Unique": false,"Plans": [{"Node Type": "Seq Scan","Parent Relationship": "Outer","Parallel Aware": false,"Async Capable": false,"Relation Name": "nation","Alias": "nation_1","Startup Cost": 0.00,"Total Cost": 1.31,"Plan Rows": 1,"Plan Width": 4,"Actual Startup Time": 0.034,"Actual Total Time": 0.054,"Actual Rows": 1,"Actual Loops": 1,"Filter": "(n_name = 'IRAN'::bpchar)","Rows Removed by Filter": 24},{"Node Type": "Bitmap Heap Scan","Parent Relationship": "Inner","Parallel Aware": false,"Async Capable": false,"Relation Name": "supplier","Alias": "supplier_1","Startup Cost": 7.38,"Total Cost": 239.27,"Plan Rows": 400,"Plan Width": 8,"Actual Startup Time": 0.107,"Actual Total Time": 1.545,"Actual Rows": 393,"Actual Loops": 1,"Recheck Cond": "(s_nationkey = nation_1.n_nationkey)","Rows Removed by Index Recheck": 0,"Exact Heap Blocks": 179,"Lossy Heap Blocks": 0,"Plans": [{"Node Type": "Bitmap Index Scan","Parent Relationship": "Outer","Parallel Aware": false,"Async Capable": false,"Index Name": "idx_supplier_nation_key","Startup Cost": 0.00,"Total Cost": 7.29,"Plan Rows": 400,"Plan Width": 0,"Actual Startup Time": 0.076,"Actual Total Time": 0.080,"Actual Rows": 393,"Actual Loops": 1,"Index Cond": "(s_nationkey = nation_1.n_nationkey)"}]}]},{"Node Type": "Index Scan","Parent Relationship": "Inner","Parallel Aware": false,"Async Capable": false,"Scan Direction": "Forward","Index Name": "idx_partsupp_suppkey","Relation Name": "partsupp","Alias": "partsupp_1","Startup Cost": 0.42,"Total Cost": 9.07,"Plan Rows": 80,"Plan Width": 14,"Actual Startup Time": 0.014,"Actual Total Time": 0.286,"Actual Rows": 80,"Actual Loops": 393,"Index Cond": "(ps_suppkey = supplier_1.s_suppkey)","Rows Removed by Index Recheck": 0}]}]},{"Node Type": "Aggregate","Strategy": "Hashed","Partial Mode": "Simple","Parent Relationship": "Outer","Parallel Aware": false,"Async Capable": false,"Startup Cost": 4514.26,"Total Cost": 4994.26,"Plan Rows": 10667,"Plan Width": 36,"Actual Startup Time": 362.794,"Actual Total Time": 432.898,"Actual Rows": 1062,"Actual Loops": 1,"Group Key": ["partsupp.ps_partkey"],"Filter": "(sum((partsupp.ps_supplycost * (partsupp.ps_availqty)::numeric)) > $2)","Planned Partitions": 0,"HashAgg Batches": 1,"Peak Memory Usage": 17937,"Disk Usage": 0,"Rows Removed by Filter": 28595,"Plans": [{"Node Type": "Nested Loop","Parent Relationship": "Outer","Parallel Aware": false,"Async Capable": false,"Join Type": "Inner","Startup Cost": 7.81,"Total Cost": 4194.26,"Plan Rows": 32000,"Plan Width": 14,"Actual Startup Time": 0.338,"Actual Total Time": 194.810,"Actual Rows": 31440,"Actual Loops": 1,"Inner Unique": false,"Plans": [{"Node Type": "Nested Loop","Parent Relationship": "Outer","Parallel Aware": false,"Async Capable": false,"Join Type": "Inner","Startup Cost": 7.38,"Total Cost": 244.58,"Plan Rows": 400,"Plan Width": 4,"Actual Startup Time": 0.285,"Actual Total Time": 2.779,"Actual Rows": 393,"Actual Loops": 1,"Inner Unique": false,"Plans": [{"Node Type": "Seq Scan","Parent Relationship": "Outer","Parallel Aware": false,"Async Capable": false,"Relation Name": "nation","Alias": "nation","Startup Cost": 0.00,"Total Cost": 1.31,"Plan Rows": 1,"Plan Width": 4,"Actual Startup Time": 0.074,"Actual Total Time": 0.096,"Actual Rows": 1,"Actual Loops": 1,"Filter": "(n_name = 'IRAN'::bpchar)","Rows Removed by Filter": 24},{"Node Type": "Bitmap Heap Scan","Parent Relationship": "Inner","Parallel Aware": false,"Async Capable": false,"Relation Name": "supplier","Alias": "supplier","Startup Cost": 7.38,"Total Cost": 239.27,"Plan Rows": 400,"Plan Width": 8,"Actual Startup Time": 0.203,"Actual Total Time": 2.632,"Actual Rows": 393,"Actual Loops": 1,"Recheck Cond": "(s_nationkey = nation.n_nationkey)","Rows Removed by Index Recheck": 0,"Exact Heap Blocks": 179,"Lossy Heap Blocks": 0,"Plans": [{"Node Type": "Bitmap Index Scan","Parent Relationship": "Outer","Parallel Aware": false,"Async Capable": false,"Index Name": "idx_supplier_nation_key","Startup Cost": 0.00,"Total Cost": 7.29,"Plan Rows": 400,"Plan Width": 0,"Actual Startup Time": 0.138,"Actual Total Time": 0.139,"Actual Rows": 393,"Actual Loops": 1,"Index Cond": "(s_nationkey = nation.n_nationkey)"}]}]},{"Node Type": "Index Scan","Parent Relationship": "Inner","Parallel Aware": false,"Async Capable": false,"Scan Direction": "Forward","Index Name": "idx_partsupp_suppkey","Relation Name": "partsupp","Alias": "partsupp","Startup Cost": 0.42,"Total Cost": 9.07,"Plan Rows": 80,"Plan Width": 18,"Actual Startup Time": 0.019,"Actual Total Time": 0.477,"Actual Rows": 80,"Actual Loops": 393,"Index Cond": "(ps_suppkey = supplier.s_suppkey)","Rows Removed by Index Recheck": 0}]}]}]},"Planning Time": 6.603,"Triggers": [],"Execution Time": 437.000}]
[{"Plan": {"Node Type": "Sort","Parallel Aware": false,"Async Capable": false,"Startup Cost": 10142.20,"Total Cost": 10168.87,"Plan Rows": 10667,"Plan Width": 36,"Actual Startup Time": 454.370,"Actual Total Time": 454.495,"Actual Rows": 925,"Actual Loops": 1,"Sort Key": ["(sum((partsupp.ps_supplycost * (partsupp.ps_availqty)::numeric))) DESC"],"Sort Method": "quicksort","Sort Space Used": 75,"Sort Space Type": "Memory","Plans": [{"Node Type": "Aggregate","Strategy": "Plain","Partial Mode": "Simple","Parent Relationship": "InitPlan","Subplan Name": "InitPlan 1 (returns $2)","Parallel Aware": false,"Async Capable": false,"Startup Cost": 4434.26,"Total Cost": 4434.27,"Plan Rows": 1,"Plan Width": 32,"Actual Startup Time": 135.908,"Actual Total Time": 135.923,"Actual Rows": 1,"Actual Loops": 1,"Plans": [{"Node Type": "Nested Loop","Parent Relationship": "Outer","Parallel Aware": false,"Async Capable": false,"Join Type": "Inner","Startup Cost": 7.81,"Total Cost": 4194.26,"Plan Rows": 32000,"Plan Width": 10,"Actual Startup Time": 0.237,"Actual Total Time": 128.564,"Actual Rows": 31840,"Actual Loops": 1,"Inner Unique": false,"Plans": [{"Node Type": "Nested Loop","Parent Relationship": "Outer","Parallel Aware": false,"Async Capable": false,"Join Type": "Inner","Startup Cost": 7.38,"Total Cost": 244.58,"Plan Rows": 400,"Plan Width": 4,"Actual Startup Time": 0.190,"Actual Total Time": 1.776,"Actual Rows": 398,"Actual Loops": 1,"Inner Unique": false,"Plans": [{"Node Type": "Seq Scan","Parent Relationship": "Outer","Parallel Aware": false,"Async Capable": false,"Relation Name": "nation","Alias": "nation_1","Startup Cost": 0.00,"Total Cost": 1.31,"Plan Rows": 1,"Plan Width": 4,"Actual Startup Time": 0.045,"Actual Total Time": 0.060,"Actual Rows": 1,"Actual Loops": 1,"Filter": "(n_name = 'ROMANIA'::bpchar)","Rows Removed by Filter": 24},{"Node Type": "Bitmap Heap Scan","Parent Relationship": "Inner","Parallel Aware": false,"Async Capable": false,"Relation Name": "supplier","Alias": "supplier_1","Startup Cost": 7.38,"Total Cost": 239.27,"Plan Rows": 400,"Plan Width": 8,"Actual Startup Time": 0.127,"Actual Total Time": 1.656,"Actual Rows": 398,"Actual Loops": 1,"Recheck Cond": "(s_nationkey = nation_1.n_nationkey)","Rows Removed by Index Recheck": 0,"Exact Heap Blocks": 186,"Lossy Heap Blocks": 0,"Plans": [{"Node Type": "Bitmap Index Scan","Parent Relationship": "Outer","Parallel Aware": false,"Async Capable": false,"Index Name": "idx_supplier_nation_key","Startup Cost": 0.00,"Total Cost": 7.29,"Plan Rows": 400,"Plan Width": 0,"Actual Startup Time": 0.081,"Actual Total Time": 0.084,"Actual Rows": 398,"Actual Loops": 1,"Index Cond": "(s_nationkey = nation_1.n_nationkey)"}]}]},{"Node Type": "Index Scan","Parent Relationship": "Inner","Parallel Aware": false,"Async Capable": false,"Scan Direction": "Forward","Index Name": "idx_partsupp_suppkey","Relation Name": "partsupp","Alias": "partsupp_1","Startup Cost": 0.42,"Total Cost": 9.07,"Plan Rows": 80,"Plan Width": 14,"Actual Startup Time": 0.015,"Actual Total Time": 0.306,"Actual Rows": 80,"Actual Loops": 398,"Index Cond": "(ps_suppkey = supplier_1.s_suppkey)","Rows Removed by Index Recheck": 0}]}]},{"Node Type": "Aggregate","Strategy": "Hashed","Partial Mode": "Simple","Parent Relationship": "Outer","Parallel Aware": false,"Async Capable": false,"Startup Cost": 4514.26,"Total Cost": 4994.26,"Plan Rows": 10667,"Plan Width": 36,"Actual Startup Time": 383.049,"Actual Total Time": 453.972,"Actual Rows": 925,"Actual Loops": 1,"Group Key": ["partsupp.ps_partkey"],"Filter": "(sum((partsupp.ps_supplycost * (partsupp.ps_availqty)::numeric)) > $2)","Planned Partitions": 0,"HashAgg Batches": 1,"Peak Memory Usage": 17937,"Disk Usage": 0,"Rows Removed by Filter": 29106,"Plans": [{"Node Type": "Nested Loop","Parent Relationship": "Outer","Parallel Aware": false,"Async Capable": false,"Join Type": "Inner","Startup Cost": 7.81,"Total Cost": 4194.26,"Plan Rows": 32000,"Plan Width": 14,"Actual Startup Time": 0.324,"Actual Total Time": 197.326,"Actual Rows": 31840,"Actual Loops": 1,"Inner Unique": false,"Plans": [{"Node Type": "Nested Loop","Parent Relationship": "Outer","Parallel Aware": false,"Async Capable": false,"Join Type": "Inner","Startup Cost": 7.38,"Total Cost": 244.58,"Plan Rows": 400,"Plan Width": 4,"Actual Startup Time": 0.245,"Actual Total Time": 2.763,"Actual Rows": 398,"Actual Loops": 1,"Inner Unique": false,"Plans": [{"Node Type": "Seq Scan","Parent Relationship": "Outer","Parallel Aware": false,"Async Capable": false,"Relation Name": "nation","Alias": "nation","Startup Cost": 0.00,"Total Cost": 1.31,"Plan Rows": 1,"Plan Width": 4,"Actual Startup Time": 0.070,"Actual Total Time": 0.094,"Actual Rows": 1,"Actual Loops": 1,"Filter": "(n_name = 'ROMANIA'::bpchar)","Rows Removed by Filter": 24},{"Node Type": "Bitmap Heap Scan","Parent Relationship": "Inner","Parallel Aware": false,"Async Capable": false,"Relation Name": "supplier","Alias": "supplier","Startup Cost": 7.38,"Total Cost": 239.27,"Plan Rows": 400,"Plan Width": 8,"Actual Startup Time": 0.167,"Actual Total Time": 2.613,"Actual Rows": 398,"Actual Loops": 1,"Recheck Cond": "(s_nationkey = nation.n_nationkey)","Rows Removed by Index Recheck": 0,"Exact Heap Blocks": 186,"Lossy Heap Blocks": 0,"Plans": [{"Node Type": "Bitmap Index Scan","Parent Relationship": "Outer","Parallel Aware": false,"Async Capable": false,"Index Name": "idx_supplier_nation_key","Startup Cost": 0.00,"Total Cost": 7.29,"Plan Rows": 400,"Plan Width": 0,"Actual Startup Time": 0.108,"Actual Total Time": 0.110,"Actual Rows": 398,"Actual Loops": 1,"Index Cond": "(s_nationkey = nation.n_nationkey)"}]}]},{"Node Type": "Index Scan","Parent Relationship": "Inner","Parallel Aware": false,"Async Capable": false,"Scan Direction": "Forward","Index Name": "idx_partsupp_suppkey","Relation Name": "partsupp","Alias": "partsupp","Startup Cost": 0.42,"Total Cost": 9.07,"Plan Rows": 80,"Plan Width": 18,"Actual Startup Time": 0.020,"Actual Total Time": 0.477,"Actual Rows": 80,"Actual Loops": 398,"Index Cond": "(ps_suppkey = supplier.s_suppkey)","Rows Removed by Index Recheck": 0}]}]}]},"Planning Time": 5.113,"Triggers": [],"Execution Time": 456.866}]
[{"Plan": {"Node Type": "Sort","Parallel Aware": false,"Async Capable": false,"Startup Cost": 10142.20,"Total Cost": 10168.87,"Plan Rows": 10667,"Plan Width": 36,"Actual Startup Time": 433.392,"Actual Total Time": 433.521,"Actual Rows": 1062,"Actual Loops": 1,"Sort Key": ["(sum((partsupp.ps_supplycost * (partsupp.ps_availqty)::numeric))) DESC"],"Sort Method": "quicksort","Sort Space Used": 107,"Sort Space Type": "Memory","Plans": [{"Node Type": "Aggregate","Strategy": "Plain","Partial Mode": "Simple","Parent Relationship": "InitPlan","Subplan Name": "InitPlan 1 (returns $2)","Parallel Aware": false,"Async Capable": false,"Startup Cost": 4434.26,"Total Cost": 4434.27,"Plan Rows": 1,"Plan Width": 32,"Actual Startup Time": 125.971,"Actual Total Time": 125.990,"Actual Rows": 1,"Actual Loops": 1,"Plans": [{"Node Type": "Nested Loop","Parent Relationship": "Outer","Parallel Aware": false,"Async Capable": false,"Join Type": "Inner","Startup Cost": 7.81,"Total Cost": 4194.26,"Plan Rows": 32000,"Plan Width": 10,"Actual Startup Time": 0.203,"Actual Total Time": 118.781,"Actual Rows": 31440,"Actual Loops": 1,"Inner Unique": false,"Plans": [{"Node Type": "Nested Loop","Parent Relationship": "Outer","Parallel Aware": false,"Async Capable": false,"Join Type": "Inner","Startup Cost": 7.38,"Total Cost": 244.58,"Plan Rows": 400,"Plan Width": 4,"Actual Startup Time": 0.157,"Actual Total Time": 1.656,"Actual Rows": 393,"Actual Loops": 1,"Inner Unique": false,"Plans": [{"Node Type": "Seq Scan","Parent Relationship": "Outer","Parallel Aware": false,"Async Capable": false,"Relation Name": "nation","Alias": "nation_1","Startup Cost": 0.00,"Total Cost": 1.31,"Plan Rows": 1,"Plan Width": 4,"Actual Startup Time": 0.034,"Actual Total Time": 0.054,"Actual Rows": 1,"Actual Loops": 1,"Filter": "(n_name = 'IRAN'::bpchar)","Rows Removed by Filter": 24},{"Node Type": "Bitmap Heap Scan","Parent Relationship": "Inner","Parallel Aware": false,"Async Capable": false,"Relation Name": "supplier","Alias": "supplier_1","Startup Cost": 7.38,"Total Cost": 239.27,"Plan Rows": 400,"Plan Width": 8,"Actual Startup Time": 0.107,"Actual Total Time": 1.545,"Actual Rows": 393,"Actual Loops": 1,"Recheck Cond": "(s_nationkey = nation_1.n_nationkey)","Rows Removed by Index Recheck": 0,"Exact Heap Blocks": 179,"Lossy Heap Blocks": 0,"Plans": [{"Node Type": "Bitmap Index Scan","Parent Relationship": "Outer","Parallel Aware": false,"Async Capable": false,"Index Name": "idx_supplier_nation_key","Startup Cost": 0.00,"Total Cost": 7.29,"Plan Rows": 400,"Plan Width": 0,"Actual Startup Time": 0.076,"Actual Total Time": 0.080,"Actual Rows": 393,"Actual Loops": 1,"Index Cond": "(s_nationkey = nation_1.n_nationkey)"}]}]},{"Node Type": "Index Scan","Parent Relationship": "Inner","Parallel Aware": false,"Async Capable": false,"Scan Direction": "Forward","Index Name": "idx_partsupp_suppkey","Relation Name": "partsupp","Alias": "partsupp_1","Startup Cost": 0.42,"Total Cost": 9.07,"Plan Rows": 80,"Plan Width": 14,"Actual Startup Time": 0.014,"Actual Total Time": 0.286,"Actual Rows": 80,"Actual Loops": 393,"Index Cond": "(ps_suppkey = supplier_1.s_suppkey)","Rows Removed by Index Recheck": 0}]}]},{"Node Type": "Aggregate","Strategy": "Hashed","Partial Mode": "Simple","Parent Relationship": "Outer","Parallel Aware": false,"Async Capable": false,"Startup Cost": 4514.26,"Total Cost": 4994.26,"Plan Rows": 10667,"Plan Width": 36,"Actual Startup Time": 362.794,"Actual Total Time": 432.898,"Actual Rows": 1062,"Actual Loops": 1,"Group Key": ["partsupp.ps_partkey"],"Filter": "(sum((partsupp.ps_supplycost * (partsupp.ps_availqty)::numeric)) > $2)","Planned Partitions": 0,"HashAgg Batches": 1,"Peak Memory Usage": 17937,"Disk Usage": 0,"Rows Removed by Filter": 28595,"Plans": [{"Node Type": "Nested Loop","Parent Relationship": "Outer","Parallel Aware": false,"Async Capable": false,"Join Type": "Inner","Startup Cost": 7.81,"Total Cost": 4194.26,"Plan Rows": 32000,"Plan Width": 14,"Actual Startup Time": 0.338,"Actual Total Time": 194.810,"Actual Rows": 31440,"Actual Loops": 1,"Inner Unique": false,"Plans": [{"Node Type": "Nested Loop","Parent Relationship": "Outer","Parallel Aware": false,"Async Capable": false,"Join Type": "Inner","Startup Cost": 7.38,"Total Cost": 244.58,"Plan Rows": 400,"Plan Width": 4,"Actual Startup Time": 0.285,"Actual Total Time": 2.779,"Actual Rows": 393,"Actual Loops": 1,"Inner Unique": false,"Plans": [{"Node Type": "Seq Scan","Parent Relationship": "Outer","Parallel Aware": false,"Async Capable": false,"Relation Name": "nation","Alias": "nation","Startup Cost": 0.00,"Total Cost": 1.31,"Plan Rows": 1,"Plan Width": 4,"Actual Startup Time": 0.074,"Actual Total Time": 0.096,"Actual Rows": 1,"Actual Loops": 1,"Filter": "(n_name = 'IRAN'::bpchar)","Rows Removed by Filter": 24},{"Node Type": "Bitmap Heap Scan","Parent Relationship": "Inner","Parallel Aware": false,"Async Capable": false,"Relation Name": "supplier","Alias": "supplier","Startup Cost": 7.38,"Total Cost": 239.27,"Plan Rows": 400,"Plan Width": 8,"Actual Startup Time": 0.203,"Actual Total Time": 2.632,"Actual Rows": 393,"Actual Loops": 1,"Recheck Cond": "(s_nationkey = nation.n_nationkey)","Rows Removed by Index Recheck": 0,"Exact Heap Blocks": 179,"Lossy Heap Blocks": 0,"Plans": [{"Node Type": "Bitmap Index Scan","Parent Relationship": "Outer","Parallel Aware": false,"Async Capable": false,"Index Name": "idx_supplier_nation_key","Startup Cost": 0.00,"Total Cost": 7.29,"Plan Rows": 400,"Plan Width": 0,"Actual Startup Time": 0.138,"Actual Total Time": 0.139,"Actual Rows": 393,"Actual Loops": 1,"Index Cond": "(s_nationkey = nation.n_nationkey)"}]}]},{"Node Type": "Index Scan","Parent Relationship": "Inner","Parallel Aware": false,"Async Capable": false,"Scan Direction": "Forward","Index Name": "idx_partsupp_suppkey","Relation Name": "partsupp","Alias": "partsupp","Startup Cost": 0.42,"Total Cost": 9.07,"Plan Rows": 80,"Plan Width": 18,"Actual Startup Time": 0.019,"Actual Total Time": 0.477,"Actual Rows": 80,"Actual Loops": 393,"Index Cond": "(ps_suppkey = supplier.s_suppkey)","Rows Removed by Index Recheck": 0}]}]}]},"Planning Time": 6.603,"Triggers": [],"Execution Time": 437.000}]
[{"Plan": {"Node Type": "Sort","Parallel Aware": false,"Async Capable": false,"Startup Cost": 10142.20,"Total Cost": 10168.87,"Plan Rows": 10667,"Plan Width": 36,"Actual Startup Time": 464.748,"Actual Total Time": 464.880,"Actual Rows": 665,"Actual Loops": 1,"Sort Key": ["(sum((partsupp.ps_supplycost * (partsupp.ps_availqty)::numeric))) DESC"],"Sort Method": "quicksort","Sort Space Used": 61,"Sort Space Type": "Memory","Plans": [{"Node Type": "Aggregate","Strategy": "Plain","Partial Mode": "Simple","Parent Relationship": "InitPlan","Subplan Name": "InitPlan 1 (returns $2)","Parallel Aware": false,"Async Capable": false,"Startup Cost": 4434.26,"Total Cost": 4434.27,"Plan Rows": 1,"Plan Width": 32,"Actual Startup Time": 134.444,"Actual Total Time": 134.478,"Actual Rows": 1,"Actual Loops": 1,"Plans": [{"Node Type": "Nested Loop","Parent Relationship": "Outer","Parallel Aware": false,"Async Capable": false,"Join Type": "Inner","Startup Cost": 7.81,"Total Cost": 4194.26,"Plan Rows": 32000,"Plan Width": 10,"Actual Startup Time": 0.195,"Actual Total Time": 126.758,"Actual Rows": 33600,"Actual Loops": 1,"Inner Unique": false,"Plans": [{"Node Type": "Nested Loop","Parent Relationship": "Outer","Parallel Aware": false,"Async Capable": false,"Join Type": "Inner","Startup Cost": 7.38,"Total Cost": 244.58,"Plan Rows": 400,"Plan Width": 4,"Actual Startup Time": 0.143,"Actual Total Time": 1.895,"Actual Rows": 420,"Actual Loops": 1,"Inner Unique": false,"Plans": [{"Node Type": "Seq Scan","Parent Relationship": "Outer","Parallel Aware": false,"Async Capable": false,"Relation Name": "nation","Alias": "nation_1","Startup Cost": 0.00,"Total Cost": 1.31,"Plan Rows": 1,"Plan Width": 4,"Actual Startup Time": 0.024,"Actual Total Time": 0.046,"Actual Rows": 1,"Actual Loops": 1,"Filter": "(n_name = 'ALGERIA'::bpchar)","Rows Removed by Filter": 24},{"Node Type": "Bitmap Heap Scan","Parent Relationship": "Inner","Parallel Aware": false,"Async Capable": false,"Relation Name": "supplier","Alias": "supplier_1","Startup Cost": 7.38,"Total Cost": 239.27,"Plan Rows": 400,"Plan Width": 8,"Actual Startup Time": 0.107,"Actual Total Time": 1.788,"Actual Rows": 420,"Actual Loops": 1,"Recheck Cond": "(s_nationkey = nation_1.n_nationkey)","Rows Removed by Index Recheck": 0,"Exact Heap Blocks": 197,"Lossy Heap Blocks": 0,"Plans": [{"Node Type": "Bitmap Index Scan","Parent Relationship": "Outer","Parallel Aware": false,"Async Capable": false,"Index Name": "idx_supplier_nation_key","Startup Cost": 0.00,"Total Cost": 7.29,"Plan Rows": 400,"Plan Width": 0,"Actual Startup Time": 0.069,"Actual Total Time": 0.076,"Actual Rows": 420,"Actual Loops": 1,"Index Cond": "(s_nationkey = nation_1.n_nationkey)"}]}]},{"Node Type": "Index Scan","Parent Relationship": "Inner","Parallel Aware": false,"Async Capable": false,"Scan Direction": "Forward","Index Name": "idx_partsupp_suppkey","Relation Name": "partsupp","Alias": "partsupp_1","Startup Cost": 0.42,"Total Cost": 9.07,"Plan Rows": 80,"Plan Width": 14,"Actual Startup Time": 0.014,"Actual Total Time": 0.285,"Actual Rows": 80,"Actual Loops": 420,"Index Cond": "(ps_suppkey = supplier_1.s_suppkey)","Rows Removed by Index Recheck": 0}]}]},{"Node Type": "Aggregate","Strategy": "Hashed","Partial Mode": "Simple","Parent Relationship": "Outer","Parallel Aware": false,"Async Capable": false,"Startup Cost": 4514.26,"Total Cost": 4994.26,"Plan Rows": 10667,"Plan Width": 36,"Actual Startup Time": 388.152,"Actual Total Time": 464.346,"Actual Rows": 665,"Actual Loops": 1,"Group Key": ["partsupp.ps_partkey"],"Filter": "(sum((partsupp.ps_supplycost * (partsupp.ps_availqty)::numeric)) > $2)","Planned Partitions": 0,"HashAgg Batches": 1,"Peak Memory Usage": 17937,"Disk Usage": 0,"Rows Removed by Filter": 30920,"Plans": [{"Node Type": "Nested Loop","Parent Relationship": "Outer","Parallel Aware": false,"Async Capable": false,"Join Type": "Inner","Startup Cost": 7.81,"Total Cost": 4194.26,"Plan Rows": 32000,"Plan Width": 14,"Actual Startup Time": 0.388,"Actual Total Time": 207.629,"Actual Rows": 33600,"Actual Loops": 1,"Inner Unique": false,"Plans": [{"Node Type": "Nested Loop","Parent Relationship": "Outer","Parallel Aware": false,"Async Capable": false,"Join Type": "Inner","Startup Cost": 7.38,"Total Cost": 244.58,"Plan Rows": 400,"Plan Width": 4,"Actual Startup Time": 0.274,"Actual Total Time": 2.984,"Actual Rows": 420,"Actual Loops": 1,"Inner Unique": false,"Plans": [{"Node Type": "Seq Scan","Parent Relationship": "Outer","Parallel Aware": false,"Async Capable": false,"Relation Name": "nation","Alias": "nation","Startup Cost": 0.00,"Total Cost": 1.31,"Plan Rows": 1,"Plan Width": 4,"Actual Startup Time": 0.081,"Actual Total Time": 0.099,"Actual Rows": 1,"Actual Loops": 1,"Filter": "(n_name = 'ALGERIA'::bpchar)","Rows Removed by Filter": 24},{"Node Type": "Bitmap Heap Scan","Parent Relationship": "Inner","Parallel Aware": false,"Async Capable": false,"Relation Name": "supplier","Alias": "supplier","Startup Cost": 7.38,"Total Cost": 239.27,"Plan Rows": 400,"Plan Width": 8,"Actual Startup Time": 0.184,"Actual Total Time": 2.823,"Actual Rows": 420,"Actual Loops": 1,"Recheck Cond": "(s_nationkey = nation.n_nationkey)","Rows Removed by Index Recheck": 0,"Exact Heap Blocks": 197,"Lossy Heap Blocks": 0,"Plans": [{"Node Type": "Bitmap Index Scan","Parent Relationship": "Outer","Parallel Aware": false,"Async Capable": false,"Index Name": "idx_supplier_nation_key","Startup Cost": 0.00,"Total Cost": 7.29,"Plan Rows": 400,"Plan Width": 0,"Actual Startup Time": 0.105,"Actual Total Time": 0.106,"Actual Rows": 420,"Actual Loops": 1,"Index Cond": "(s_nationkey = nation.n_nationkey)"}]}]},{"Node Type": "Index Scan","Parent Relationship": "Inner","Parallel Aware": false,"Async Capable": false,"Scan Direction": "Forward","Index Name": "idx_partsupp_suppkey","Relation Name": "partsupp","Alias": "partsupp","Startup Cost": 0.42,"Total Cost": 9.07,"Plan Rows": 80,"Plan Width": 18,"Actual Startup Time": 0.019,"Actual Total Time": 0.475,"Actual Rows": 80,"Actual Loops": 420,"Index Cond": "(ps_suppkey = supplier.s_suppkey)","Rows Removed by Index Recheck": 0}]}]}]},"Planning Time": 6.930,"Triggers": [],"Execution Time": 468.122}]
[{"Plan": {"Node Type": "Sort","Parallel Aware": false,"Async Capable": false,"Startup Cost": 10142.20,"Total Cost": 10168.87,"Plan Rows": 10667,"Plan Width": 36,"Actual Startup Time": 454.370,"Actual Total Time": 454.495,"Actual Rows": 925,"Actual Loops": 1,"Sort Key": ["(sum((partsupp.ps_supplycost * (partsupp.ps_availqty)::numeric))) DESC"],"Sort Method": "quicksort","Sort Space Used": 75,"Sort Space Type": "Memory","Plans": [{"Node Type": "Aggregate","Strategy": "Plain","Partial Mode": "Simple","Parent Relationship": "InitPlan","Subplan Name": "InitPlan 1 (returns $2)","Parallel Aware": false,"Async Capable": false,"Startup Cost": 4434.26,"Total Cost": 4434.27,"Plan Rows": 1,"Plan Width": 32,"Actual Startup Time": 135.908,"Actual Total Time": 135.923,"Actual Rows": 1,"Actual Loops": 1,"Plans": [{"Node Type": "Nested Loop","Parent Relationship": "Outer","Parallel Aware": false,"Async Capable": false,"Join Type": "Inner","Startup Cost": 7.81,"Total Cost": 4194.26,"Plan Rows": 32000,"Plan Width": 10,"Actual Startup Time": 0.237,"Actual Total Time": 128.564,"Actual Rows": 31840,"Actual Loops": 1,"Inner Unique": false,"Plans": [{"Node Type": "Nested Loop","Parent Relationship": "Outer","Parallel Aware": false,"Async Capable": false,"Join Type": "Inner","Startup Cost": 7.38,"Total Cost": 244.58,"Plan Rows": 400,"Plan Width": 4,"Actual Startup Time": 0.190,"Actual Total Time": 1.776,"Actual Rows": 398,"Actual Loops": 1,"Inner Unique": false,"Plans": [{"Node Type": "Seq Scan","Parent Relationship": "Outer","Parallel Aware": false,"Async Capable": false,"Relation Name": "nation","Alias": "nation_1","Startup Cost": 0.00,"Total Cost": 1.31,"Plan Rows": 1,"Plan Width": 4,"Actual Startup Time": 0.045,"Actual Total Time": 0.060,"Actual Rows": 1,"Actual Loops": 1,"Filter": "(n_name = 'ROMANIA'::bpchar)","Rows Removed by Filter": 24},{"Node Type": "Bitmap Heap Scan","Parent Relationship": "Inner","Parallel Aware": false,"Async Capable": false,"Relation Name": "supplier","Alias": "supplier_1","Startup Cost": 7.38,"Total Cost": 239.27,"Plan Rows": 400,"Plan Width": 8,"Actual Startup Time": 0.127,"Actual Total Time": 1.656,"Actual Rows": 398,"Actual Loops": 1,"Recheck Cond": "(s_nationkey = nation_1.n_nationkey)","Rows Removed by Index Recheck": 0,"Exact Heap Blocks": 186,"Lossy Heap Blocks": 0,"Plans": [{"Node Type": "Bitmap Index Scan","Parent Relationship": "Outer","Parallel Aware": false,"Async Capable": false,"Index Name": "idx_supplier_nation_key","Startup Cost": 0.00,"Total Cost": 7.29,"Plan Rows": 400,"Plan Width": 0,"Actual Startup Time": 0.081,"Actual Total Time": 0.084,"Actual Rows": 398,"Actual Loops": 1,"Index Cond": "(s_nationkey = nation_1.n_nationkey)"}]}]},{"Node Type": "Index Scan","Parent Relationship": "Inner","Parallel Aware": false,"Async Capable": false,"Scan Direction": "Forward","Index Name": "idx_partsupp_suppkey","Relation Name": "partsupp","Alias": "partsupp_1","Startup Cost": 0.42,"Total Cost": 9.07,"Plan Rows": 80,"Plan Width": 14,"Actual Startup Time": 0.015,"Actual Total Time": 0.306,"Actual Rows": 80,"Actual Loops": 398,"Index Cond": "(ps_suppkey = supplier_1.s_suppkey)","Rows Removed by Index Recheck": 0}]}]},{"Node Type": "Aggregate","Strategy": "Hashed","Partial Mode": "Simple","Parent Relationship": "Outer","Parallel Aware": false,"Async Capable": false,"Startup Cost": 4514.26,"Total Cost": 4994.26,"Plan Rows": 10667,"Plan Width": 36,"Actual Startup Time": 383.049,"Actual Total Time": 453.972,"Actual Rows": 925,"Actual Loops": 1,"Group Key": ["partsupp.ps_partkey"],"Filter": "(sum((partsupp.ps_supplycost * (partsupp.ps_availqty)::numeric)) > $2)","Planned Partitions": 0,"HashAgg Batches": 1,"Peak Memory Usage": 17937,"Disk Usage": 0,"Rows Removed by Filter": 29106,"Plans": [{"Node Type": "Nested Loop","Parent Relationship": "Outer","Parallel Aware": false,"Async Capable": false,"Join Type": "Inner","Startup Cost": 7.81,"Total Cost": 4194.26,"Plan Rows": 32000,"Plan Width": 14,"Actual Startup Time": 0.324,"Actual Total Time": 197.326,"Actual Rows": 31840,"Actual Loops": 1,"Inner Unique": false,"Plans": [{"Node Type": "Nested Loop","Parent Relationship": "Outer","Parallel Aware": false,"Async Capable": false,"Join Type": "Inner","Startup Cost": 7.38,"Total Cost": 244.58,"Plan Rows": 400,"Plan Width": 4,"Actual Startup Time": 0.245,"Actual Total Time": 2.763,"Actual Rows": 398,"Actual Loops": 1,"Inner Unique": false,"Plans": [{"Node Type": "Seq Scan","Parent Relationship": "Outer","Parallel Aware": false,"Async Capable": false,"Relation Name": "nation","Alias": "nation","Startup Cost": 0.00,"Total Cost": 1.31,"Plan Rows": 1,"Plan Width": 4,"Actual Startup Time": 0.070,"Actual Total Time": 0.094,"Actual Rows": 1,"Actual Loops": 1,"Filter": "(n_name = 'ROMANIA'::bpchar)","Rows Removed by Filter": 24},{"Node Type": "Bitmap Heap Scan","Parent Relationship": "Inner","Parallel Aware": false,"Async Capable": false,"Relation Name": "supplier","Alias": "supplier","Startup Cost": 7.38,"Total Cost": 239.27,"Plan Rows": 400,"Plan Width": 8,"Actual Startup Time": 0.167,"Actual Total Time": 2.613,"Actual Rows": 398,"Actual Loops": 1,"Recheck Cond": "(s_nationkey = nation.n_nationkey)","Rows Removed by Index Recheck": 0,"Exact Heap Blocks": 186,"Lossy Heap Blocks": 0,"Plans": [{"Node Type": "Bitmap Index Scan","Parent Relationship": "Outer","Parallel Aware": false,"Async Capable": false,"Index Name": "idx_supplier_nation_key","Startup Cost": 0.00,"Total Cost": 7.29,"Plan Rows": 400,"Plan Width": 0,"Actual Startup Time": 0.108,"Actual Total Time": 0.110,"Actual Rows": 398,"Actual Loops": 1,"Index Cond": "(s_nationkey = nation.n_nationkey)"}]}]},{"Node Type": "Index Scan","Parent Relationship": "Inner","Parallel Aware": false,"Async Capable": false,"Scan Direction": "Forward","Index Name": "idx_partsupp_suppkey","Relation Name": "partsupp","Alias": "partsupp","Startup Cost": 0.42,"Total Cost": 9.07,"Plan Rows": 80,"Plan Width": 18,"Actual Startup Time": 0.020,"Actual Total Time": 0.477,"Actual Rows": 80,"Actual Loops": 398,"Index Cond": "(ps_suppkey = supplier.s_suppkey)","Rows Removed by Index Recheck": 0}]}]}]},"Planning Time": 5.113,"Triggers": [],"Execution Time": 456.866}]
[{"Plan": {"Node Type": "Sort","Parallel Aware": false,"Async Capable": false,"Startup Cost": 10142.20,"Total Cost": 10168.87,"Plan Rows": 10667,"Plan Width": 36,"Actual Startup Time": 460.124,"Actual Total Time": 460.279,"Actual Rows": 753,"Actual Loops": 1,"Sort Key": ["(sum((partsupp.ps_supplycost * (partsupp.ps_availqty)::numeric))) DESC"],"Sort Method": "quicksort","Sort Space Used": 66,"Sort Space Type": "Memory","Plans": [{"Node Type": "Aggregate","Strategy": "Plain","Partial Mode": "Simple","Parent Relationship": "InitPlan","Subplan Name": "InitPlan 1 (returns $2)","Parallel Aware": false,"Async Capable": false,"Startup Cost": 4434.26,"Total Cost": 4434.27,"Plan Rows": 1,"Plan Width": 32,"Actual Startup Time": 134.377,"Actual Total Time": 134.409,"Actual Rows": 1,"Actual Loops": 1,"Plans": [{"Node Type": "Nested Loop","Parent Relationship": "Outer","Parallel Aware": false,"Async Capable": false,"Join Type": "Inner","Startup Cost": 7.81,"Total Cost": 4194.26,"Plan Rows": 32000,"Plan Width": 10,"Actual Startup Time": 0.237,"Actual Total Time": 126.748,"Actual Rows": 33200,"Actual Loops": 1,"Inner Unique": false,"Plans": [{"Node Type": "Nested Loop","Parent Relationship": "Outer","Parallel Aware": false,"Async Capable": false,"Join Type": "Inner","Startup Cost": 7.38,"Total Cost": 244.58,"Plan Rows": 400,"Plan Width": 4,"Actual Startup Time": 0.181,"Actual Total Time": 1.854,"Actual Rows": 415,"Actual Loops": 1,"Inner Unique": false,"Plans": [{"Node Type": "Seq Scan","Parent Relationship": "Outer","Parallel Aware": false,"Async Capable": false,"Relation Name": "nation","Alias": "nation_1","Startup Cost": 0.00,"Total Cost": 1.31,"Plan Rows": 1,"Plan Width": 4,"Actual Startup Time": 0.049,"Actual Total Time": 0.067,"Actual Rows": 1,"Actual Loops": 1,"Filter": "(n_name = 'INDIA'::bpchar)","Rows Removed by Filter": 24},{"Node Type": "Bitmap Heap Scan","Parent Relationship": "Inner","Parallel Aware": false,"Async Capable": false,"Relation Name": "supplier","Alias": "supplier_1","Startup Cost": 7.38,"Total Cost": 239.27,"Plan Rows": 400,"Plan Width": 8,"Actual Startup Time": 0.112,"Actual Total Time": 1.723,"Actual Rows": 415,"Actual Loops": 1,"Recheck Cond": "(s_nationkey = nation_1.n_nationkey)","Rows Removed by Index Recheck": 0,"Exact Heap Blocks": 186,"Lossy Heap Blocks": 0,"Plans": [{"Node Type": "Bitmap Index Scan","Parent Relationship": "Outer","Parallel Aware": false,"Async Capable": false,"Index Name": "idx_supplier_nation_key","Startup Cost": 0.00,"Total Cost": 7.29,"Plan Rows": 400,"Plan Width": 0,"Actual Startup Time": 0.076,"Actual Total Time": 0.083,"Actual Rows": 415,"Actual Loops": 1,"Index Cond": "(s_nationkey = nation_1.n_nationkey)"}]}]},{"Node Type": "Index Scan","Parent Relationship": "Inner","Parallel Aware": false,"Async Capable": false,"Scan Direction": "Forward","Index Name": "idx_partsupp_suppkey","Relation Name": "partsupp","Alias": "partsupp_1","Startup Cost": 0.42,"Total Cost": 9.07,"Plan Rows": 80,"Plan Width": 14,"Actual Startup Time": 0.014,"Actual Total Time": 0.289,"Actual Rows": 80,"Actual Loops": 415,"Index Cond": "(ps_suppkey = supplier_1.s_suppkey)","Rows Removed by Index Recheck": 0}]}]},{"Node Type": "Aggregate","Strategy": "Hashed","Partial Mode": "Simple","Parent Relationship": "Outer","Parallel Aware": false,"Async Capable": false,"Startup Cost": 4514.26,"Total Cost": 4994.26,"Plan Rows": 10667,"Plan Width": 36,"Actual Startup Time": 384.255,"Actual Total Time": 459.696,"Actual Rows": 753,"Actual Loops": 1,"Group Key": ["partsupp.ps_partkey"],"Filter": "(sum((partsupp.ps_supplycost * (partsupp.ps_availqty)::numeric)) > $2)","Planned Partitions": 0,"HashAgg Batches": 1,"Peak Memory Usage": 17937,"Disk Usage": 0,"Rows Removed by Filter": 30329,"Plans": [{"Node Type": "Nested Loop","Parent Relationship": "Outer","Parallel Aware": false,"Async Capable": false,"Join Type": "Inner","Startup Cost": 7.81,"Total Cost": 4194.26,"Plan Rows": 32000,"Plan Width": 14,"Actual Startup Time": 0.331,"Actual Total Time": 205.215,"Actual Rows": 33200,"Actual Loops": 1,"Inner Unique": false,"Plans": [{"Node Type": "Nested Loop","Parent Relationship": "Outer","Parallel Aware": false,"Async Capable": false,"Join Type": "Inner","Startup Cost": 7.38,"Total Cost": 244.58,"Plan Rows": 400,"Plan Width": 4,"Actual Startup Time": 0.285,"Actual Total Time": 2.795,"Actual Rows": 415,"Actual Loops": 1,"Inner Unique": false,"Plans": [{"Node Type": "Seq Scan","Parent Relationship": "Outer","Parallel Aware": false,"Async Capable": false,"Relation Name": "nation","Alias": "nation","Startup Cost": 0.00,"Total Cost": 1.31,"Plan Rows": 1,"Plan Width": 4,"Actual Startup Time": 0.073,"Actual Total Time": 0.100,"Actual Rows": 1,"Actual Loops": 1,"Filter": "(n_name = 'INDIA'::bpchar)","Rows Removed by Filter": 24},{"Node Type": "Bitmap Heap Scan","Parent Relationship": "Inner","Parallel Aware": false,"Async Capable": false,"Relation Name": "supplier","Alias": "supplier","Startup Cost": 7.38,"Total Cost": 239.27,"Plan Rows": 400,"Plan Width": 8,"Actual Startup Time": 0.206,"Actual Total Time": 2.634,"Actual Rows": 415,"Actual Loops": 1,"Recheck Cond": "(s_nationkey = nation.n_nationkey)","Rows Removed by Index Recheck": 0,"Exact Heap Blocks": 186,"Lossy Heap Blocks": 0,"Plans": [{"Node Type": "Bitmap Index Scan","Parent Relationship": "Outer","Parallel Aware": false,"Async Capable": false,"Index Name": "idx_supplier_nation_key","Startup Cost": 0.00,"Total Cost": 7.29,"Plan Rows": 400,"Plan Width": 0,"Actual Startup Time": 0.132,"Actual Total Time": 0.135,"Actual Rows": 415,"Actual Loops": 1,"Index Cond": "(s_nationkey = nation.n_nationkey)"}]}]},{"Node Type": "Index Scan","Parent Relationship": "Inner","Parallel Aware": false,"Async Capable": false,"Scan Direction": "Forward","Index Name": "idx_partsupp_suppkey","Relation Name": "partsupp","Alias": "partsupp","Startup Cost": 0.42,"Total Cost": 9.07,"Plan Rows": 80,"Plan Width": 18,"Actual Startup Time": 0.019,"Actual Total Time": 0.476,"Actual Rows": 80,"Actual Loops": 415,"Index Cond": "(ps_suppkey = supplier.s_suppkey)","Rows Removed by Index Recheck": 0}]}]}]},"Planning Time": 5.856,"Triggers": [],"Execution Time": 463.781}]
[{"Plan": {"Node Type": "Sort","Parallel Aware": false,"Async Capable": false,"Startup Cost": 10142.20,"Total Cost": 10168.87,"Plan Rows": 10667,"Plan Width": 36,"Actual Startup Time": 455.847,"Actual Total Time": 455.976,"Actual Rows": 819,"Actual Loops": 1,"Sort Key": ["(sum((partsupp.ps_supplycost * (partsupp.ps_availqty)::numeric))) DESC"],"Sort Method": "quicksort","Sort Space Used": 69,"Sort Space Type": "Memory","Plans": [{"Node Type": "Aggregate","Strategy": "Plain","Partial Mode": "Simple","Parent Relationship": "InitPlan","Subplan Name": "InitPlan 1 (returns $2)","Parallel Aware": false,"Async Capable": false,"Startup Cost": 4434.26,"Total Cost": 4434.27,"Plan Rows": 1,"Plan Width": 32,"Actual Startup Time": 134.080,"Actual Total Time": 134.102,"Actual Rows": 1,"Actual Loops": 1,"Plans": [{"Node Type": "Nested Loop","Parent Relationship": "Outer","Parallel Aware": false,"Async Capable": false,"Join Type": "Inner","Startup Cost": 7.81,"Total Cost": 4194.26,"Plan Rows": 32000,"Plan Width": 10,"Actual Startup Time": 0.218,"Actual Total Time": 126.423,"Actual Rows": 32960,"Actual Loops": 1,"Inner Unique": false,"Plans": [{"Node Type": "Nested Loop","Parent Relationship": "Outer","Parallel Aware": false,"Async Capable": false,"Join Type": "Inner","Startup Cost": 7.38,"Total Cost": 244.58,"Plan Rows": 400,"Plan Width": 4,"Actual Startup Time": 0.177,"Actual Total Time": 1.887,"Actual Rows": 412,"Actual Loops": 1,"Inner Unique": false,"Plans": [{"Node Type": "Seq Scan","Parent Relationship": "Outer","Parallel Aware": false,"Async Capable": false,"Relation Name": "nation","Alias": "nation_1","Startup Cost": 0.00,"Total Cost": 1.31,"Plan Rows": 1,"Plan Width": 4,"Actual Startup Time": 0.040,"Actual Total Time": 0.063,"Actual Rows": 1,"Actual Loops": 1,"Filter": "(n_name = 'CANADA'::bpchar)","Rows Removed by Filter": 24},{"Node Type": "Bitmap Heap Scan","Parent Relationship": "Inner","Parallel Aware": false,"Async Capable": false,"Relation Name": "supplier","Alias": "supplier_1","Startup Cost": 7.38,"Total Cost": 239.27,"Plan Rows": 400,"Plan Width": 8,"Actual Startup Time": 0.119,"Actual Total Time": 1.753,"Actual Rows": 412,"Actual Loops": 1,"Recheck Cond": "(s_nationkey = nation_1.n_nationkey)","Rows Removed by Index Recheck": 0,"Exact Heap Blocks": 189,"Lossy Heap Blocks": 0,"Plans": [{"Node Type": "Bitmap Index Scan","Parent Relationship": "Outer","Parallel Aware": false,"Async Capable": false,"Index Name": "idx_supplier_nation_key","Startup Cost": 0.00,"Total Cost": 7.29,"Plan Rows": 400,"Plan Width": 0,"Actual Startup Time": 0.074,"Actual Total Time": 0.083,"Actual Rows": 412,"Actual Loops": 1,"Index Cond": "(s_nationkey = nation_1.n_nationkey)"}]}]},{"Node Type": "Index Scan","Parent Relationship": "Inner","Parallel Aware": false,"Async Capable": false,"Scan Direction": "Forward","Index Name": "idx_partsupp_suppkey","Relation Name": "partsupp","Alias": "partsupp_1","Startup Cost": 0.42,"Total Cost": 9.07,"Plan Rows": 80,"Plan Width": 14,"Actual Startup Time": 0.014,"Actual Total Time": 0.290,"Actual Rows": 80,"Actual Loops": 412,"Index Cond": "(ps_suppkey = supplier_1.s_suppkey)","Rows Removed by Index Recheck": 0}]}]},{"Node Type": "Aggregate","Strategy": "Hashed","Partial Mode": "Simple","Parent Relationship": "Outer","Parallel Aware": false,"Async Capable": false,"Startup Cost": 4514.26,"Total Cost": 4994.26,"Plan Rows": 10667,"Plan Width": 36,"Actual Startup Time": 380.948,"Actual Total Time": 455.394,"Actual Rows": 819,"Actual Loops": 1,"Group Key": ["partsupp.ps_partkey"],"Filter": "(sum((partsupp.ps_supplycost * (partsupp.ps_availqty)::numeric)) > $2)","Planned Partitions": 0,"HashAgg Batches": 1,"Peak Memory Usage": 17937,"Disk Usage": 0,"Rows Removed by Filter": 30166,"Plans": [{"Node Type": "Nested Loop","Parent Relationship": "Outer","Parallel Aware": false,"Async Capable": false,"Join Type": "Inner","Startup Cost": 7.81,"Total Cost": 4194.26,"Plan Rows": 32000,"Plan Width": 14,"Actual Startup Time": 0.343,"Actual Total Time": 202.198,"Actual Rows": 32960,"Actual Loops": 1,"Inner Unique": false,"Plans": [{"Node Type": "Nested Loop","Parent Relationship": "Outer","Parallel Aware": false,"Async Capable": false,"Join Type": "Inner","Startup Cost": 7.38,"Total Cost": 244.58,"Plan Rows": 400,"Plan Width": 4,"Actual Startup Time": 0.272,"Actual Total Time": 2.740,"Actual Rows": 412,"Actual Loops": 1,"Inner Unique": false,"Plans": [{"Node Type": "Seq Scan","Parent Relationship": "Outer","Parallel Aware": false,"Async Capable": false,"Relation Name": "nation","Alias": "nation","Startup Cost": 0.00,"Total Cost": 1.31,"Plan Rows": 1,"Plan Width": 4,"Actual Startup Time": 0.064,"Actual Total Time": 0.078,"Actual Rows": 1,"Actual Loops": 1,"Filter": "(n_name = 'CANADA'::bpchar)","Rows Removed by Filter": 24},{"Node Type": "Bitmap Heap Scan","Parent Relationship": "Inner","Parallel Aware": false,"Async Capable": false,"Relation Name": "supplier","Alias": "supplier","Startup Cost": 7.38,"Total Cost": 239.27,"Plan Rows": 400,"Plan Width": 8,"Actual Startup Time": 0.203,"Actual Total Time": 2.610,"Actual Rows": 412,"Actual Loops": 1,"Recheck Cond": "(s_nationkey = nation.n_nationkey)","Rows Removed by Index Recheck": 0,"Exact Heap Blocks": 189,"Lossy Heap Blocks": 0,"Plans": [{"Node Type": "Bitmap Index Scan","Parent Relationship": "Outer","Parallel Aware": false,"Async Capable": false,"Index Name": "idx_supplier_nation_key","Startup Cost": 0.00,"Total Cost": 7.29,"Plan Rows": 400,"Plan Width": 0,"Actual Startup Time": 0.140,"Actual Total Time": 0.142,"Actual Rows": 412,"Actual Loops": 1,"Index Cond": "(s_nationkey = nation.n_nationkey)"}]}]},{"Node Type": "Index Scan","Parent Relationship": "Inner","Parallel Aware": false,"Async Capable": false,"Scan Direction": "Forward","Index Name": "idx_partsupp_suppkey","Relation Name": "partsupp","Alias": "partsupp","Startup Cost": 0.42,"Total Cost": 9.07,"Plan Rows": 80,"Plan Width": 18,"Actual Startup Time": 0.019,"Actual Total Time": 0.472,"Actual Rows": 80,"Actual Loops": 412,"Index Cond": "(ps_suppkey = supplier.s_suppkey)","Rows Removed by Index Recheck": 0}]}]}]},"Planning Time": 7.565,"Triggers": [],"Execution Time": 459.165}]
[{"Plan": {"Node Type": "Sort","Parallel Aware": false,"Async Capable": false,"Startup Cost": 10142.20,"Total Cost": 10168.87,"Plan Rows": 10667,"Plan Width": 36,"Actual Startup Time": 464.748,"Actual Total Time": 464.880,"Actual Rows": 665,"Actual Loops": 1,"Sort Key": ["(sum((partsupp.ps_supplycost * (partsupp.ps_availqty)::numeric))) DESC"],"Sort Method": "quicksort","Sort Space Used": 61,"Sort Space Type": "Memory","Plans": [{"Node Type": "Aggregate","Strategy": "Plain","Partial Mode": "Simple","Parent Relationship": "InitPlan","Subplan Name": "InitPlan 1 (returns $2)","Parallel Aware": false,"Async Capable": false,"Startup Cost": 4434.26,"Total Cost": 4434.27,"Plan Rows": 1,"Plan Width": 32,"Actual Startup Time": 134.444,"Actual Total Time": 134.478,"Actual Rows": 1,"Actual Loops": 1,"Plans": [{"Node Type": "Nested Loop","Parent Relationship": "Outer","Parallel Aware": false,"Async Capable": false,"Join Type": "Inner","Startup Cost": 7.81,"Total Cost": 4194.26,"Plan Rows": 32000,"Plan Width": 10,"Actual Startup Time": 0.195,"Actual Total Time": 126.758,"Actual Rows": 33600,"Actual Loops": 1,"Inner Unique": false,"Plans": [{"Node Type": "Nested Loop","Parent Relationship": "Outer","Parallel Aware": false,"Async Capable": false,"Join Type": "Inner","Startup Cost": 7.38,"Total Cost": 244.58,"Plan Rows": 400,"Plan Width": 4,"Actual Startup Time": 0.143,"Actual Total Time": 1.895,"Actual Rows": 420,"Actual Loops": 1,"Inner Unique": false,"Plans": [{"Node Type": "Seq Scan","Parent Relationship": "Outer","Parallel Aware": false,"Async Capable": false,"Relation Name": "nation","Alias": "nation_1","Startup Cost": 0.00,"Total Cost": 1.31,"Plan Rows": 1,"Plan Width": 4,"Actual Startup Time": 0.024,"Actual Total Time": 0.046,"Actual Rows": 1,"Actual Loops": 1,"Filter": "(n_name = 'ALGERIA'::bpchar)","Rows Removed by Filter": 24},{"Node Type": "Bitmap Heap Scan","Parent Relationship": "Inner","Parallel Aware": false,"Async Capable": false,"Relation Name": "supplier","Alias": "supplier_1","Startup Cost": 7.38,"Total Cost": 239.27,"Plan Rows": 400,"Plan Width": 8,"Actual Startup Time": 0.107,"Actual Total Time": 1.788,"Actual Rows": 420,"Actual Loops": 1,"Recheck Cond": "(s_nationkey = nation_1.n_nationkey)","Rows Removed by Index Recheck": 0,"Exact Heap Blocks": 197,"Lossy Heap Blocks": 0,"Plans": [{"Node Type": "Bitmap Index Scan","Parent Relationship": "Outer","Parallel Aware": false,"Async Capable": false,"Index Name": "idx_supplier_nation_key","Startup Cost": 0.00,"Total Cost": 7.29,"Plan Rows": 400,"Plan Width": 0,"Actual Startup Time": 0.069,"Actual Total Time": 0.076,"Actual Rows": 420,"Actual Loops": 1,"Index Cond": "(s_nationkey = nation_1.n_nationkey)"}]}]},{"Node Type": "Index Scan","Parent Relationship": "Inner","Parallel Aware": false,"Async Capable": false,"Scan Direction": "Forward","Index Name": "idx_partsupp_suppkey","Relation Name": "partsupp","Alias": "partsupp_1","Startup Cost": 0.42,"Total Cost": 9.07,"Plan Rows": 80,"Plan Width": 14,"Actual Startup Time": 0.014,"Actual Total Time": 0.285,"Actual Rows": 80,"Actual Loops": 420,"Index Cond": "(ps_suppkey = supplier_1.s_suppkey)","Rows Removed by Index Recheck": 0}]}]},{"Node Type": "Aggregate","Strategy": "Hashed","Partial Mode": "Simple","Parent Relationship": "Outer","Parallel Aware": false,"Async Capable": false,"Startup Cost": 4514.26,"Total Cost": 4994.26,"Plan Rows": 10667,"Plan Width": 36,"Actual Startup Time": 388.152,"Actual Total Time": 464.346,"Actual Rows": 665,"Actual Loops": 1,"Group Key": ["partsupp.ps_partkey"],"Filter": "(sum((partsupp.ps_supplycost * (partsupp.ps_availqty)::numeric)) > $2)","Planned Partitions": 0,"HashAgg Batches": 1,"Peak Memory Usage": 17937,"Disk Usage": 0,"Rows Removed by Filter": 30920,"Plans": [{"Node Type": "Nested Loop","Parent Relationship": "Outer","Parallel Aware": false,"Async Capable": false,"Join Type": "Inner","Startup Cost": 7.81,"Total Cost": 4194.26,"Plan Rows": 32000,"Plan Width": 14,"Actual Startup Time": 0.388,"Actual Total Time": 207.629,"Actual Rows": 33600,"Actual Loops": 1,"Inner Unique": false,"Plans": [{"Node Type": "Nested Loop","Parent Relationship": "Outer","Parallel Aware": false,"Async Capable": false,"Join Type": "Inner","Startup Cost": 7.38,"Total Cost": 244.58,"Plan Rows": 400,"Plan Width": 4,"Actual Startup Time": 0.274,"Actual Total Time": 2.984,"Actual Rows": 420,"Actual Loops": 1,"Inner Unique": false,"Plans": [{"Node Type": "Seq Scan","Parent Relationship": "Outer","Parallel Aware": false,"Async Capable": false,"Relation Name": "nation","Alias": "nation","Startup Cost": 0.00,"Total Cost": 1.31,"Plan Rows": 1,"Plan Width": 4,"Actual Startup Time": 0.081,"Actual Total Time": 0.099,"Actual Rows": 1,"Actual Loops": 1,"Filter": "(n_name = 'ALGERIA'::bpchar)","Rows Removed by Filter": 24},{"Node Type": "Bitmap Heap Scan","Parent Relationship": "Inner","Parallel Aware": false,"Async Capable": false,"Relation Name": "supplier","Alias": "supplier","Startup Cost": 7.38,"Total Cost": 239.27,"Plan Rows": 400,"Plan Width": 8,"Actual Startup Time": 0.184,"Actual Total Time": 2.823,"Actual Rows": 420,"Actual Loops": 1,"Recheck Cond": "(s_nationkey = nation.n_nationkey)","Rows Removed by Index Recheck": 0,"Exact Heap Blocks": 197,"Lossy Heap Blocks": 0,"Plans": [{"Node Type": "Bitmap Index Scan","Parent Relationship": "Outer","Parallel Aware": false,"Async Capable": false,"Index Name": "idx_supplier_nation_key","Startup Cost": 0.00,"Total Cost": 7.29,"Plan Rows": 400,"Plan Width": 0,"Actual Startup Time": 0.105,"Actual Total Time": 0.106,"Actual Rows": 420,"Actual Loops": 1,"Index Cond": "(s_nationkey = nation.n_nationkey)"}]}]},{"Node Type": "Index Scan","Parent Relationship": "Inner","Parallel Aware": false,"Async Capable": false,"Scan Direction": "Forward","Index Name": "idx_partsupp_suppkey","Relation Name": "partsupp","Alias": "partsupp","Startup Cost": 0.42,"Total Cost": 9.07,"Plan Rows": 80,"Plan Width": 18,"Actual Startup Time": 0.019,"Actual Total Time": 0.475,"Actual Rows": 80,"Actual Loops": 420,"Index Cond": "(ps_suppkey = supplier.s_suppkey)","Rows Removed by Index Recheck": 0}]}]}]},"Planning Time": 6.930,"Triggers": [],"Execution Time": 468.122}]
[{"Plan": {"Node Type": "Sort","Parallel Aware": false,"Async Capable": false,"Startup Cost": 10142.20,"Total Cost": 10168.87,"Plan Rows": 10667,"Plan Width": 36,"Actual Startup Time": 479.473,"Actual Total Time": 479.584,"Actual Rows": 514,"Actual Loops": 1,"Sort Key": ["(sum((partsupp.ps_supplycost * (partsupp.ps_availqty)::numeric))) DESC"],"Sort Method": "quicksort","Sort Space Used": 53,"Sort Space Type": "Memory","Plans": [{"Node Type": "Aggregate","Strategy": "Plain","Partial Mode": "Simple","Parent Relationship": "InitPlan","Subplan Name": "InitPlan 1 (returns $2)","Parallel Aware": false,"Async Capable": false,"Startup Cost": 4434.26,"Total Cost": 4434.27,"Plan Rows": 1,"Plan Width": 32,"Actual Startup Time": 141.847,"Actual Total Time": 141.875,"Actual Rows": 1,"Actual Loops": 1,"Plans": [{"Node Type": "Nested Loop","Parent Relationship": "Outer","Parallel Aware": false,"Async Capable": false,"Join Type": "Inner","Startup Cost": 7.81,"Total Cost": 4194.26,"Plan Rows": 32000,"Plan Width": 10,"Actual Startup Time": 0.217,"Actual Total Time": 133.744,"Actual Rows": 35040,"Actual Loops": 1,"Inner Unique": false,"Plans": [{"Node Type": "Nested Loop","Parent Relationship": "Outer","Parallel Aware": false,"Async Capable": false,"Join Type": "Inner","Startup Cost": 7.38,"Total Cost": 244.58,"Plan Rows": 400,"Plan Width": 4,"Actual Startup Time": 0.176,"Actual Total Time": 1.973,"Actual Rows": 438,"Actual Loops": 1,"Inner Unique": false,"Plans": [{"Node Type": "Seq Scan","Parent Relationship": "Outer","Parallel Aware": false,"Async Capable": false,"Relation Name": "nation","Alias": "nation_1","Startup Cost": 0.00,"Total Cost": 1.31,"Plan Rows": 1,"Plan Width": 4,"Actual Startup Time": 0.030,"Actual Total Time": 0.050,"Actual Rows": 1,"Actual Loops": 1,"Filter": "(n_name = 'IRAQ'::bpchar)","Rows Removed by Filter": 24},{"Node Type": "Bitmap Heap Scan","Parent Relationship": "Inner","Parallel Aware": false,"Async Capable": false,"Relation Name": "supplier","Alias": "supplier_1","Startup Cost": 7.38,"Total Cost": 239.27,"Plan Rows": 400,"Plan Width": 8,"Actual Startup Time": 0.128,"Actual Total Time": 1.851,"Actual Rows": 438,"Actual Loops": 1,"Recheck Cond": "(s_nationkey = nation_1.n_nationkey)","Rows Removed by Index Recheck": 0,"Exact Heap Blocks": 194,"Lossy Heap Blocks": 0,"Plans": [{"Node Type": "Bitmap Index Scan","Parent Relationship": "Outer","Parallel Aware": false,"Async Capable": false,"Index Name": "idx_supplier_nation_key","Startup Cost": 0.00,"Total Cost": 7.29,"Plan Rows": 400,"Plan Width": 0,"Actual Startup Time": 0.090,"Actual Total Time": 0.096,"Actual Rows": 438,"Actual Loops": 1,"Index Cond": "(s_nationkey = nation_1.n_nationkey)"}]}]},{"Node Type": "Index Scan","Parent Relationship": "Inner","Parallel Aware": false,"Async Capable": false,"Scan Direction": "Forward","Index Name": "idx_partsupp_suppkey","Relation Name": "partsupp","Alias": "partsupp_1","Startup Cost": 0.42,"Total Cost": 9.07,"Plan Rows": 80,"Plan Width": 14,"Actual Startup Time": 0.014,"Actual Total Time": 0.289,"Actual Rows": 80,"Actual Loops": 438,"Index Cond": "(ps_suppkey = supplier_1.s_suppkey)","Rows Removed by Index Recheck": 0}]}]},{"Node Type": "Aggregate","Strategy": "Hashed","Partial Mode": "Simple","Parent Relationship": "Outer","Parallel Aware": false,"Async Capable": false,"Startup Cost": 4514.26,"Total Cost": 4994.26,"Plan Rows": 10667,"Plan Width": 36,"Actual Startup Time": 398.650,"Actual Total Time": 479.180,"Actual Rows": 514,"Actual Loops": 1,"Group Key": ["partsupp.ps_partkey"],"Filter": "(sum((partsupp.ps_supplycost * (partsupp.ps_availqty)::numeric)) > $2)","Planned Partitions": 0,"HashAgg Batches": 1,"Peak Memory Usage": 17937,"Disk Usage": 0,"Rows Removed by Filter": 32385,"Plans": [{"Node Type": "Nested Loop","Parent Relationship": "Outer","Parallel Aware": false,"Async Capable": false,"Join Type": "Inner","Startup Cost": 7.81,"Total Cost": 4194.26,"Plan Rows": 32000,"Plan Width": 14,"Actual Startup Time": 0.368,"Actual Total Time": 210.024,"Actual Rows": 35040,"Actual Loops": 1,"Inner Unique": false,"Plans": [{"Node Type": "Nested Loop","Parent Relationship": "Outer","Parallel Aware": false,"Async Capable": false,"Join Type": "Inner","Startup Cost": 7.38,"Total Cost": 244.58,"Plan Rows": 400,"Plan Width": 4,"Actual Startup Time": 0.322,"Actual Total Time": 2.894,"Actual Rows": 438,"Actual Loops": 1,"Inner Unique": false,"Plans": [{"Node Type": "Seq Scan","Parent Relationship": "Outer","Parallel Aware": false,"Async Capable": false,"Relation Name": "nation","Alias": "nation","Startup Cost": 0.00,"Total Cost": 1.31,"Plan Rows": 1,"Plan Width": 4,"Actual Startup Time": 0.077,"Actual Total Time": 0.103,"Actual Rows": 1,"Actual Loops": 1,"Filter": "(n_name = 'IRAQ'::bpchar)","Rows Removed by Filter": 24},{"Node Type": "Bitmap Heap Scan","Parent Relationship": "Inner","Parallel Aware": false,"Async Capable": false,"Relation Name": "supplier","Alias": "supplier","Startup Cost": 7.38,"Total Cost": 239.27,"Plan Rows": 400,"Plan Width": 8,"Actual Startup Time": 0.239,"Actual Total Time": 2.735,"Actual Rows": 438,"Actual Loops": 1,"Recheck Cond": "(s_nationkey = nation.n_nationkey)","Rows Removed by Index Recheck": 0,"Exact Heap Blocks": 194,"Lossy Heap Blocks": 0,"Plans": [{"Node Type": "Bitmap Index Scan","Parent Relationship": "Outer","Parallel Aware": false,"Async Capable": false,"Index Name": "idx_supplier_nation_key","Startup Cost": 0.00,"Total Cost": 7.29,"Plan Rows": 400,"Plan Width": 0,"Actual Startup Time": 0.165,"Actual Total Time": 0.169,"Actual Rows": 438,"Actual Loops": 1,"Index Cond": "(s_nationkey = nation.n_nationkey)"}]}]},{"Node Type": "Index Scan","Parent Relationship": "Inner","Parallel Aware": false,"Async Capable": false,"Scan Direction": "Forward","Index Name": "idx_partsupp_suppkey","Relation Name": "partsupp","Alias": "partsupp","Startup Cost": 0.42,"Total Cost": 9.07,"Plan Rows": 80,"Plan Width": 18,"Actual Startup Time": 0.019,"Actual Total Time": 0.461,"Actual Rows": 80,"Actual Loops": 438,"Index Cond": "(ps_suppkey = supplier.s_suppkey)","Rows Removed by Index Recheck": 0}]}]}]},"Planning Time": 5.748,"Triggers": [],"Execution Time": 483.087}]
[{"Plan": {"Node Type": "Sort","Parallel Aware": false,"Async Capable": false,"Startup Cost": 10142.20,"Total Cost": 10168.87,"Plan Rows": 10667,"Plan Width": 36,"Actual Startup Time": 455.847,"Actual Total Time": 455.976,"Actual Rows": 819,"Actual Loops": 1,"Sort Key": ["(sum((partsupp.ps_supplycost * (partsupp.ps_availqty)::numeric))) DESC"],"Sort Method": "quicksort","Sort Space Used": 69,"Sort Space Type": "Memory","Plans": [{"Node Type": "Aggregate","Strategy": "Plain","Partial Mode": "Simple","Parent Relationship": "InitPlan","Subplan Name": "InitPlan 1 (returns $2)","Parallel Aware": false,"Async Capable": false,"Startup Cost": 4434.26,"Total Cost": 4434.27,"Plan Rows": 1,"Plan Width": 32,"Actual Startup Time": 134.080,"Actual Total Time": 134.102,"Actual Rows": 1,"Actual Loops": 1,"Plans": [{"Node Type": "Nested Loop","Parent Relationship": "Outer","Parallel Aware": false,"Async Capable": false,"Join Type": "Inner","Startup Cost": 7.81,"Total Cost": 4194.26,"Plan Rows": 32000,"Plan Width": 10,"Actual Startup Time": 0.218,"Actual Total Time": 126.423,"Actual Rows": 32960,"Actual Loops": 1,"Inner Unique": false,"Plans": [{"Node Type": "Nested Loop","Parent Relationship": "Outer","Parallel Aware": false,"Async Capable": false,"Join Type": "Inner","Startup Cost": 7.38,"Total Cost": 244.58,"Plan Rows": 400,"Plan Width": 4,"Actual Startup Time": 0.177,"Actual Total Time": 1.887,"Actual Rows": 412,"Actual Loops": 1,"Inner Unique": false,"Plans": [{"Node Type": "Seq Scan","Parent Relationship": "Outer","Parallel Aware": false,"Async Capable": false,"Relation Name": "nation","Alias": "nation_1","Startup Cost": 0.00,"Total Cost": 1.31,"Plan Rows": 1,"Plan Width": 4,"Actual Startup Time": 0.040,"Actual Total Time": 0.063,"Actual Rows": 1,"Actual Loops": 1,"Filter": "(n_name = 'CANADA'::bpchar)","Rows Removed by Filter": 24},{"Node Type": "Bitmap Heap Scan","Parent Relationship": "Inner","Parallel Aware": false,"Async Capable": false,"Relation Name": "supplier","Alias": "supplier_1","Startup Cost": 7.38,"Total Cost": 239.27,"Plan Rows": 400,"Plan Width": 8,"Actual Startup Time": 0.119,"Actual Total Time": 1.753,"Actual Rows": 412,"Actual Loops": 1,"Recheck Cond": "(s_nationkey = nation_1.n_nationkey)","Rows Removed by Index Recheck": 0,"Exact Heap Blocks": 189,"Lossy Heap Blocks": 0,"Plans": [{"Node Type": "Bitmap Index Scan","Parent Relationship": "Outer","Parallel Aware": false,"Async Capable": false,"Index Name": "idx_supplier_nation_key","Startup Cost": 0.00,"Total Cost": 7.29,"Plan Rows": 400,"Plan Width": 0,"Actual Startup Time": 0.074,"Actual Total Time": 0.083,"Actual Rows": 412,"Actual Loops": 1,"Index Cond": "(s_nationkey = nation_1.n_nationkey)"}]}]},{"Node Type": "Index Scan","Parent Relationship": "Inner","Parallel Aware": false,"Async Capable": false,"Scan Direction": "Forward","Index Name": "idx_partsupp_suppkey","Relation Name": "partsupp","Alias": "partsupp_1","Startup Cost": 0.42,"Total Cost": 9.07,"Plan Rows": 80,"Plan Width": 14,"Actual Startup Time": 0.014,"Actual Total Time": 0.290,"Actual Rows": 80,"Actual Loops": 412,"Index Cond": "(ps_suppkey = supplier_1.s_suppkey)","Rows Removed by Index Recheck": 0}]}]},{"Node Type": "Aggregate","Strategy": "Hashed","Partial Mode": "Simple","Parent Relationship": "Outer","Parallel Aware": false,"Async Capable": false,"Startup Cost": 4514.26,"Total Cost": 4994.26,"Plan Rows": 10667,"Plan Width": 36,"Actual Startup Time": 380.948,"Actual Total Time": 455.394,"Actual Rows": 819,"Actual Loops": 1,"Group Key": ["partsupp.ps_partkey"],"Filter": "(sum((partsupp.ps_supplycost * (partsupp.ps_availqty)::numeric)) > $2)","Planned Partitions": 0,"HashAgg Batches": 1,"Peak Memory Usage": 17937,"Disk Usage": 0,"Rows Removed by Filter": 30166,"Plans": [{"Node Type": "Nested Loop","Parent Relationship": "Outer","Parallel Aware": false,"Async Capable": false,"Join Type": "Inner","Startup Cost": 7.81,"Total Cost": 4194.26,"Plan Rows": 32000,"Plan Width": 14,"Actual Startup Time": 0.343,"Actual Total Time": 202.198,"Actual Rows": 32960,"Actual Loops": 1,"Inner Unique": false,"Plans": [{"Node Type": "Nested Loop","Parent Relationship": "Outer","Parallel Aware": false,"Async Capable": false,"Join Type": "Inner","Startup Cost": 7.38,"Total Cost": 244.58,"Plan Rows": 400,"Plan Width": 4,"Actual Startup Time": 0.272,"Actual Total Time": 2.740,"Actual Rows": 412,"Actual Loops": 1,"Inner Unique": false,"Plans": [{"Node Type": "Seq Scan","Parent Relationship": "Outer","Parallel Aware": false,"Async Capable": false,"Relation Name": "nation","Alias": "nation","Startup Cost": 0.00,"Total Cost": 1.31,"Plan Rows": 1,"Plan Width": 4,"Actual Startup Time": 0.064,"Actual Total Time": 0.078,"Actual Rows": 1,"Actual Loops": 1,"Filter": "(n_name = 'CANADA'::bpchar)","Rows Removed by Filter": 24},{"Node Type": "Bitmap Heap Scan","Parent Relationship": "Inner","Parallel Aware": false,"Async Capable": false,"Relation Name": "supplier","Alias": "supplier","Startup Cost": 7.38,"Total Cost": 239.27,"Plan Rows": 400,"Plan Width": 8,"Actual Startup Time": 0.203,"Actual Total Time": 2.610,"Actual Rows": 412,"Actual Loops": 1,"Recheck Cond": "(s_nationkey = nation.n_nationkey)","Rows Removed by Index Recheck": 0,"Exact Heap Blocks": 189,"Lossy Heap Blocks": 0,"Plans": [{"Node Type": "Bitmap Index Scan","Parent Relationship": "Outer","Parallel Aware": false,"Async Capable": false,"Index Name": "idx_supplier_nation_key","Startup Cost": 0.00,"Total Cost": 7.29,"Plan Rows": 400,"Plan Width": 0,"Actual Startup Time": 0.140,"Actual Total Time": 0.142,"Actual Rows": 412,"Actual Loops": 1,"Index Cond": "(s_nationkey = nation.n_nationkey)"}]}]},{"Node Type": "Index Scan","Parent Relationship": "Inner","Parallel Aware": false,"Async Capable": false,"Scan Direction": "Forward","Index Name": "idx_partsupp_suppkey","Relation Name": "partsupp","Alias": "partsupp","Startup Cost": 0.42,"Total Cost": 9.07,"Plan Rows": 80,"Plan Width": 18,"Actual Startup Time": 0.019,"Actual Total Time": 0.472,"Actual Rows": 80,"Actual Loops": 412,"Index Cond": "(ps_suppkey = supplier.s_suppkey)","Rows Removed by Index Recheck": 0}]}]}]},"Planning Time": 7.565,"Triggers": [],"Execution Time": 459.165}]
[{"Plan": {"Node Type": "Sort","Parallel Aware": false,"Async Capable": false,"Startup Cost": 10142.20,"Total Cost": 10168.87,"Plan Rows": 10667,"Plan Width": 36,"Actual Startup Time": 452.788,"Actual Total Time": 452.912,"Actual Rows": 869,"Actual Loops": 1,"Sort Key": ["(sum((partsupp.ps_supplycost * (partsupp.ps_availqty)::numeric))) DESC"],"Sort Method": "quicksort","Sort Space Used": 72,"Sort Space Type": "Memory","Plans": [{"Node Type": "Aggregate","Strategy": "Plain","Partial Mode": "Simple","Parent Relationship": "InitPlan","Subplan Name": "InitPlan 1 (returns $2)","Parallel Aware": false,"Async Capable": false,"Startup Cost": 4434.26,"Total Cost": 4434.27,"Plan Rows": 1,"Plan Width": 32,"Actual Startup Time": 133.523,"Actual Total Time": 133.544,"Actual Rows": 1,"Actual Loops": 1,"Plans": [{"Node Type": "Nested Loop","Parent Relationship": "Outer","Parallel Aware": false,"Async Capable": false,"Join Type": "Inner","Startup Cost": 7.81,"Total Cost": 4194.26,"Plan Rows": 32000,"Plan Width": 10,"Actual Startup Time": 0.165,"Actual Total Time": 126.080,"Actual Rows": 32560,"Actual Loops": 1,"Inner Unique": false,"Plans": [{"Node Type": "Nested Loop","Parent Relationship": "Outer","Parallel Aware": false,"Async Capable": false,"Join Type": "Inner","Startup Cost": 7.38,"Total Cost": 244.58,"Plan Rows": 400,"Plan Width": 4,"Actual Startup Time": 0.133,"Actual Total Time": 1.798,"Actual Rows": 407,"Actual Loops": 1,"Inner Unique": false,"Plans": [{"Node Type": "Seq Scan","Parent Relationship": "Outer","Parallel Aware": false,"Async Capable": false,"Relation Name": "nation","Alias": "nation_1","Startup Cost": 0.00,"Total Cost": 1.31,"Plan Rows": 1,"Plan Width": 4,"Actual Startup Time": 0.028,"Actual Total Time": 0.044,"Actual Rows": 1,"Actual Loops": 1,"Filter": "(n_name = 'CHINA'::bpchar)","Rows Removed by Filter": 24},{"Node Type": "Bitmap Heap Scan","Parent Relationship": "Inner","Parallel Aware": false,"Async Capable": false,"Relation Name": "supplier","Alias": "supplier_1","Startup Cost": 7.38,"Total Cost": 239.27,"Plan Rows": 400,"Plan Width": 8,"Actual Startup Time": 0.091,"Actual Total Time": 1.697,"Actual Rows": 407,"Actual Loops": 1,"Recheck Cond": "(s_nationkey = nation_1.n_nationkey)","Rows Removed by Index Recheck": 0,"Exact Heap Blocks": 186,"Lossy Heap Blocks": 0,"Plans": [{"Node Type": "Bitmap Index Scan","Parent Relationship": "Outer","Parallel Aware": false,"Async Capable": false,"Index Name": "idx_supplier_nation_key","Startup Cost": 0.00,"Total Cost": 7.29,"Plan Rows": 400,"Plan Width": 0,"Actual Startup Time": 0.055,"Actual Total Time": 0.061,"Actual Rows": 407,"Actual Loops": 1,"Index Cond": "(s_nationkey = nation_1.n_nationkey)"}]}]},{"Node Type": "Index Scan","Parent Relationship": "Inner","Parallel Aware": false,"Async Capable": false,"Scan Direction": "Forward","Index Name": "idx_partsupp_suppkey","Relation Name": "partsupp","Alias": "partsupp_1","Startup Cost": 0.42,"Total Cost": 9.07,"Plan Rows": 80,"Plan Width": 14,"Actual Startup Time": 0.014,"Actual Total Time": 0.293,"Actual Rows": 80,"Actual Loops": 407,"Index Cond": "(ps_suppkey = supplier_1.s_suppkey)","Rows Removed by Index Recheck": 0}]}]},{"Node Type": "Aggregate","Strategy": "Hashed","Partial Mode": "Simple","Parent Relationship": "Outer","Parallel Aware": false,"Async Capable": false,"Startup Cost": 4514.26,"Total Cost": 4994.26,"Plan Rows": 10667,"Plan Width": 36,"Actual Startup Time": 377.714,"Actual Total Time": 452.344,"Actual Rows": 869,"Actual Loops": 1,"Group Key": ["partsupp.ps_partkey"],"Filter": "(sum((partsupp.ps_supplycost * (partsupp.ps_availqty)::numeric)) > $2)","Planned Partitions": 0,"HashAgg Batches": 1,"Peak Memory Usage": 17937,"Disk Usage": 0,"Rows Removed by Filter": 29770,"Plans": [{"Node Type": "Nested Loop","Parent Relationship": "Outer","Parallel Aware": false,"Async Capable": false,"Join Type": "Inner","Startup Cost": 7.81,"Total Cost": 4194.26,"Plan Rows": 32000,"Plan Width": 14,"Actual Startup Time": 0.336,"Actual Total Time": 203.001,"Actual Rows": 32560,"Actual Loops": 1,"Inner Unique": false,"Plans": [{"Node Type": "Nested Loop","Parent Relationship": "Outer","Parallel Aware": false,"Async Capable": false,"Join Type": "Inner","Startup Cost": 7.38,"Total Cost": 244.58,"Plan Rows": 400,"Plan Width": 4,"Actual Startup Time": 0.273,"Actual Total Time": 2.796,"Actual Rows": 407,"Actual Loops": 1,"Inner Unique": false,"Plans": [{"Node Type": "Seq Scan","Parent Relationship": "Outer","Parallel Aware": false,"Async Capable": false,"Relation Name": "nation","Alias": "nation","Startup Cost": 0.00,"Total Cost": 1.31,"Plan Rows": 1,"Plan Width": 4,"Actual Startup Time": 0.063,"Actual Total Time": 0.079,"Actual Rows": 1,"Actual Loops": 1,"Filter": "(n_name = 'CHINA'::bpchar)","Rows Removed by Filter": 24},{"Node Type": "Bitmap Heap Scan","Parent Relationship": "Inner","Parallel Aware": false,"Async Capable": false,"Relation Name": "supplier","Alias": "supplier","Startup Cost": 7.38,"Total Cost": 239.27,"Plan Rows": 400,"Plan Width": 8,"Actual Startup Time": 0.204,"Actual Total Time": 2.666,"Actual Rows": 407,"Actual Loops": 1,"Recheck Cond": "(s_nationkey = nation.n_nationkey)","Rows Removed by Index Recheck": 0,"Exact Heap Blocks": 186,"Lossy Heap Blocks": 0,"Plans": [{"Node Type": "Bitmap Index Scan","Parent Relationship": "Outer","Parallel Aware": false,"Async Capable": false,"Index Name": "idx_supplier_nation_key","Startup Cost": 0.00,"Total Cost": 7.29,"Plan Rows": 400,"Plan Width": 0,"Actual Startup Time": 0.129,"Actual Total Time": 0.129,"Actual Rows": 407,"Actual Loops": 1,"Index Cond": "(s_nationkey = nation.n_nationkey)"}]}]},{"Node Type": "Index Scan","Parent Relationship": "Inner","Parallel Aware": false,"Async Capable": false,"Scan Direction": "Forward","Index Name": "idx_partsupp_suppkey","Relation Name": "partsupp","Alias": "partsupp","Startup Cost": 0.42,"Total Cost": 9.07,"Plan Rows": 80,"Plan Width": 18,"Actual Startup Time": 0.020,"Actual Total Time": 0.480,"Actual Rows": 80,"Actual Loops": 407,"Index Cond": "(ps_suppkey = supplier.s_suppkey)","Rows Removed by Index Recheck": 0}]}]}]},"Planning Time": 7.317,"Triggers": [],"Execution Time": 456.700}]
[{"Plan": {"Node Type": "Sort","Parallel Aware": false,"Async Capable": false,"Startup Cost": 10142.20,"Total Cost": 10168.87,"Plan Rows": 10667,"Plan Width": 36,"Actual Startup Time": 455.847,"Actual Total Time": 455.976,"Actual Rows": 819,"Actual Loops": 1,"Sort Key": ["(sum((partsupp.ps_supplycost * (partsupp.ps_availqty)::numeric))) DESC"],"Sort Method": "quicksort","Sort Space Used": 69,"Sort Space Type": "Memory","Plans": [{"Node Type": "Aggregate","Strategy": "Plain","Partial Mode": "Simple","Parent Relationship": "InitPlan","Subplan Name": "InitPlan 1 (returns $2)","Parallel Aware": false,"Async Capable": false,"Startup Cost": 4434.26,"Total Cost": 4434.27,"Plan Rows": 1,"Plan Width": 32,"Actual Startup Time": 134.080,"Actual Total Time": 134.102,"Actual Rows": 1,"Actual Loops": 1,"Plans": [{"Node Type": "Nested Loop","Parent Relationship": "Outer","Parallel Aware": false,"Async Capable": false,"Join Type": "Inner","Startup Cost": 7.81,"Total Cost": 4194.26,"Plan Rows": 32000,"Plan Width": 10,"Actual Startup Time": 0.218,"Actual Total Time": 126.423,"Actual Rows": 32960,"Actual Loops": 1,"Inner Unique": false,"Plans": [{"Node Type": "Nested Loop","Parent Relationship": "Outer","Parallel Aware": false,"Async Capable": false,"Join Type": "Inner","Startup Cost": 7.38,"Total Cost": 244.58,"Plan Rows": 400,"Plan Width": 4,"Actual Startup Time": 0.177,"Actual Total Time": 1.887,"Actual Rows": 412,"Actual Loops": 1,"Inner Unique": false,"Plans": [{"Node Type": "Seq Scan","Parent Relationship": "Outer","Parallel Aware": false,"Async Capable": false,"Relation Name": "nation","Alias": "nation_1","Startup Cost": 0.00,"Total Cost": 1.31,"Plan Rows": 1,"Plan Width": 4,"Actual Startup Time": 0.040,"Actual Total Time": 0.063,"Actual Rows": 1,"Actual Loops": 1,"Filter": "(n_name = 'CANADA'::bpchar)","Rows Removed by Filter": 24},{"Node Type": "Bitmap Heap Scan","Parent Relationship": "Inner","Parallel Aware": false,"Async Capable": false,"Relation Name": "supplier","Alias": "supplier_1","Startup Cost": 7.38,"Total Cost": 239.27,"Plan Rows": 400,"Plan Width": 8,"Actual Startup Time": 0.119,"Actual Total Time": 1.753,"Actual Rows": 412,"Actual Loops": 1,"Recheck Cond": "(s_nationkey = nation_1.n_nationkey)","Rows Removed by Index Recheck": 0,"Exact Heap Blocks": 189,"Lossy Heap Blocks": 0,"Plans": [{"Node Type": "Bitmap Index Scan","Parent Relationship": "Outer","Parallel Aware": false,"Async Capable": false,"Index Name": "idx_supplier_nation_key","Startup Cost": 0.00,"Total Cost": 7.29,"Plan Rows": 400,"Plan Width": 0,"Actual Startup Time": 0.074,"Actual Total Time": 0.083,"Actual Rows": 412,"Actual Loops": 1,"Index Cond": "(s_nationkey = nation_1.n_nationkey)"}]}]},{"Node Type": "Index Scan","Parent Relationship": "Inner","Parallel Aware": false,"Async Capable": false,"Scan Direction": "Forward","Index Name": "idx_partsupp_suppkey","Relation Name": "partsupp","Alias": "partsupp_1","Startup Cost": 0.42,"Total Cost": 9.07,"Plan Rows": 80,"Plan Width": 14,"Actual Startup Time": 0.014,"Actual Total Time": 0.290,"Actual Rows": 80,"Actual Loops": 412,"Index Cond": "(ps_suppkey = supplier_1.s_suppkey)","Rows Removed by Index Recheck": 0}]}]},{"Node Type": "Aggregate","Strategy": "Hashed","Partial Mode": "Simple","Parent Relationship": "Outer","Parallel Aware": false,"Async Capable": false,"Startup Cost": 4514.26,"Total Cost": 4994.26,"Plan Rows": 10667,"Plan Width": 36,"Actual Startup Time": 380.948,"Actual Total Time": 455.394,"Actual Rows": 819,"Actual Loops": 1,"Group Key": ["partsupp.ps_partkey"],"Filter": "(sum((partsupp.ps_supplycost * (partsupp.ps_availqty)::numeric)) > $2)","Planned Partitions": 0,"HashAgg Batches": 1,"Peak Memory Usage": 17937,"Disk Usage": 0,"Rows Removed by Filter": 30166,"Plans": [{"Node Type": "Nested Loop","Parent Relationship": "Outer","Parallel Aware": false,"Async Capable": false,"Join Type": "Inner","Startup Cost": 7.81,"Total Cost": 4194.26,"Plan Rows": 32000,"Plan Width": 14,"Actual Startup Time": 0.343,"Actual Total Time": 202.198,"Actual Rows": 32960,"Actual Loops": 1,"Inner Unique": false,"Plans": [{"Node Type": "Nested Loop","Parent Relationship": "Outer","Parallel Aware": false,"Async Capable": false,"Join Type": "Inner","Startup Cost": 7.38,"Total Cost": 244.58,"Plan Rows": 400,"Plan Width": 4,"Actual Startup Time": 0.272,"Actual Total Time": 2.740,"Actual Rows": 412,"Actual Loops": 1,"Inner Unique": false,"Plans": [{"Node Type": "Seq Scan","Parent Relationship": "Outer","Parallel Aware": false,"Async Capable": false,"Relation Name": "nation","Alias": "nation","Startup Cost": 0.00,"Total Cost": 1.31,"Plan Rows": 1,"Plan Width": 4,"Actual Startup Time": 0.064,"Actual Total Time": 0.078,"Actual Rows": 1,"Actual Loops": 1,"Filter": "(n_name = 'CANADA'::bpchar)","Rows Removed by Filter": 24},{"Node Type": "Bitmap Heap Scan","Parent Relationship": "Inner","Parallel Aware": false,"Async Capable": false,"Relation Name": "supplier","Alias": "supplier","Startup Cost": 7.38,"Total Cost": 239.27,"Plan Rows": 400,"Plan Width": 8,"Actual Startup Time": 0.203,"Actual Total Time": 2.610,"Actual Rows": 412,"Actual Loops": 1,"Recheck Cond": "(s_nationkey = nation.n_nationkey)","Rows Removed by Index Recheck": 0,"Exact Heap Blocks": 189,"Lossy Heap Blocks": 0,"Plans": [{"Node Type": "Bitmap Index Scan","Parent Relationship": "Outer","Parallel Aware": false,"Async Capable": false,"Index Name": "idx_supplier_nation_key","Startup Cost": 0.00,"Total Cost": 7.29,"Plan Rows": 400,"Plan Width": 0,"Actual Startup Time": 0.140,"Actual Total Time": 0.142,"Actual Rows": 412,"Actual Loops": 1,"Index Cond": "(s_nationkey = nation.n_nationkey)"}]}]},{"Node Type": "Index Scan","Parent Relationship": "Inner","Parallel Aware": false,"Async Capable": false,"Scan Direction": "Forward","Index Name": "idx_partsupp_suppkey","Relation Name": "partsupp","Alias": "partsupp","Startup Cost": 0.42,"Total Cost": 9.07,"Plan Rows": 80,"Plan Width": 18,"Actual Startup Time": 0.019,"Actual Total Time": 0.472,"Actual Rows": 80,"Actual Loops": 412,"Index Cond": "(ps_suppkey = supplier.s_suppkey)","Rows Removed by Index Recheck": 0}]}]}]},"Planning Time": 7.565,"Triggers": [],"Execution Time": 459.165}]
[{"Plan": {"Node Type": "Sort","Parallel Aware": false,"Async Capable": false,"Startup Cost": 10142.20,"Total Cost": 10168.87,"Plan Rows": 10667,"Plan Width": 36,"Actual Startup Time": 438.718,"Actual Total Time": 438.846,"Actual Rows": 919,"Actual Loops": 1,"Sort Key": ["(sum((partsupp.ps_supplycost * (partsupp.ps_availqty)::numeric))) DESC"],"Sort Method": "quicksort","Sort Space Used": 75,"Sort Space Type": "Memory","Plans": [{"Node Type": "Aggregate","Strategy": "Plain","Partial Mode": "Simple","Parent Relationship": "InitPlan","Subplan Name": "InitPlan 1 (returns $2)","Parallel Aware": false,"Async Capable": false,"Startup Cost": 4434.26,"Total Cost": 4434.27,"Plan Rows": 1,"Plan Width": 32,"Actual Startup Time": 130.550,"Actual Total Time": 130.572,"Actual Rows": 1,"Actual Loops": 1,"Plans": [{"Node Type": "Nested Loop","Parent Relationship": "Outer","Parallel Aware": false,"Async Capable": false,"Join Type": "Inner","Startup Cost": 7.81,"Total Cost": 4194.26,"Plan Rows": 32000,"Plan Width": 10,"Actual Startup Time": 0.239,"Actual Total Time": 123.231,"Actual Rows": 32080,"Actual Loops": 1,"Inner Unique": false,"Plans": [{"Node Type": "Nested Loop","Parent Relationship": "Outer","Parallel Aware": false,"Async Capable": false,"Join Type": "Inner","Startup Cost": 7.38,"Total Cost": 244.58,"Plan Rows": 400,"Plan Width": 4,"Actual Startup Time": 0.189,"Actual Total Time": 1.751,"Actual Rows": 401,"Actual Loops": 1,"Inner Unique": false,"Plans": [{"Node Type": "Seq Scan","Parent Relationship": "Outer","Parallel Aware": false,"Async Capable": false,"Relation Name": "nation","Alias": "nation_1","Startup Cost": 0.00,"Total Cost": 1.31,"Plan Rows": 1,"Plan Width": 4,"Actual Startup Time": 0.044,"Actual Total Time": 0.061,"Actual Rows": 1,"Actual Loops": 1,"Filter": "(n_name = 'RUSSIA'::bpchar)","Rows Removed by Filter": 24},{"Node Type": "Bitmap Heap Scan","Parent Relationship": "Inner","Parallel Aware": false,"Async Capable": false,"Relation Name": "supplier","Alias": "supplier_1","Startup Cost": 7.38,"Total Cost": 239.27,"Plan Rows": 400,"Plan Width": 8,"Actual Startup Time": 0.130,"Actual Total Time": 1.632,"Actual Rows": 401,"Actual Loops": 1,"Recheck Cond": "(s_nationkey = nation_1.n_nationkey)","Rows Removed by Index Recheck": 0,"Exact Heap Blocks": 180,"Lossy Heap Blocks": 0,"Plans": [{"Node Type": "Bitmap Index Scan","Parent Relationship": "Outer","Parallel Aware": false,"Async Capable": false,"Index Name": "idx_supplier_nation_key","Startup Cost": 0.00,"Total Cost": 7.29,"Plan Rows": 400,"Plan Width": 0,"Actual Startup Time": 0.092,"Actual Total Time": 0.094,"Actual Rows": 401,"Actual Loops": 1,"Index Cond": "(s_nationkey = nation_1.n_nationkey)"}]}]},{"Node Type": "Index Scan","Parent Relationship": "Inner","Parallel Aware": false,"Async Capable": false,"Scan Direction": "Forward","Index Name": "idx_partsupp_suppkey","Relation Name": "partsupp","Alias": "partsupp_1","Startup Cost": 0.42,"Total Cost": 9.07,"Plan Rows": 80,"Plan Width": 14,"Actual Startup Time": 0.014,"Actual Total Time": 0.291,"Actual Rows": 80,"Actual Loops": 401,"Index Cond": "(ps_suppkey = supplier_1.s_suppkey)","Rows Removed by Index Recheck": 0}]}]},{"Node Type": "Aggregate","Strategy": "Hashed","Partial Mode": "Simple","Parent Relationship": "Outer","Parallel Aware": false,"Async Capable": false,"Startup Cost": 4514.26,"Total Cost": 4994.26,"Plan Rows": 10667,"Plan Width": 36,"Actual Startup Time": 367.075,"Actual Total Time": 438.260,"Actual Rows": 919,"Actual Loops": 1,"Group Key": ["partsupp.ps_partkey"],"Filter": "(sum((partsupp.ps_supplycost * (partsupp.ps_availqty)::numeric)) > $2)","Planned Partitions": 0,"HashAgg Batches": 1,"Peak Memory Usage": 17937,"Disk Usage": 0,"Rows Removed by Filter": 29289,"Plans": [{"Node Type": "Nested Loop","Parent Relationship": "Outer","Parallel Aware": false,"Async Capable": false,"Join Type": "Inner","Startup Cost": 7.81,"Total Cost": 4194.26,"Plan Rows": 32000,"Plan Width": 14,"Actual Startup Time": 0.388,"Actual Total Time": 194.500,"Actual Rows": 32080,"Actual Loops": 1,"Inner Unique": false,"Plans": [{"Node Type": "Nested Loop","Parent Relationship": "Outer","Parallel Aware": false,"Async Capable": false,"Join Type": "Inner","Startup Cost": 7.38,"Total Cost": 244.58,"Plan Rows": 400,"Plan Width": 4,"Actual Startup Time": 0.281,"Actual Total Time": 2.675,"Actual Rows": 401,"Actual Loops": 1,"Inner Unique": false,"Plans": [{"Node Type": "Seq Scan","Parent Relationship": "Outer","Parallel Aware": false,"Async Capable": false,"Relation Name": "nation","Alias": "nation","Startup Cost": 0.00,"Total Cost": 1.31,"Plan Rows": 1,"Plan Width": 4,"Actual Startup Time": 0.057,"Actual Total Time": 0.080,"Actual Rows": 1,"Actual Loops": 1,"Filter": "(n_name = 'RUSSIA'::bpchar)","Rows Removed by Filter": 24},{"Node Type": "Bitmap Heap Scan","Parent Relationship": "Inner","Parallel Aware": false,"Async Capable": false,"Relation Name": "supplier","Alias": "supplier","Startup Cost": 7.38,"Total Cost": 239.27,"Plan Rows": 400,"Plan Width": 8,"Actual Startup Time": 0.220,"Actual Total Time": 2.546,"Actual Rows": 401,"Actual Loops": 1,"Recheck Cond": "(s_nationkey = nation.n_nationkey)","Rows Removed by Index Recheck": 0,"Exact Heap Blocks": 180,"Lossy Heap Blocks": 0,"Plans": [{"Node Type": "Bitmap Index Scan","Parent Relationship": "Outer","Parallel Aware": false,"Async Capable": false,"Index Name": "idx_supplier_nation_key","Startup Cost": 0.00,"Total Cost": 7.29,"Plan Rows": 400,"Plan Width": 0,"Actual Startup Time": 0.151,"Actual Total Time": 0.154,"Actual Rows": 401,"Actual Loops": 1,"Index Cond": "(s_nationkey = nation.n_nationkey)"}]}]},{"Node Type": "Index Scan","Parent Relationship": "Inner","Parallel Aware": false,"Async Capable": false,"Scan Direction": "Forward","Index Name": "idx_partsupp_suppkey","Relation Name": "partsupp","Alias": "partsupp","Startup Cost": 0.42,"Total Cost": 9.07,"Plan Rows": 80,"Plan Width": 18,"Actual Startup Time": 0.018,"Actual Total Time": 0.467,"Actual Rows": 80,"Actual Loops": 401,"Index Cond": "(ps_suppkey = supplier.s_suppkey)","Rows Removed by Index Recheck": 0}]}]}]},"Planning Time": 6.216,"Triggers": [],"Execution Time": 442.343}]
[{"Plan": {"Node Type": "Sort","Parallel Aware": false,"Async Capable": false,"Startup Cost": 10142.20,"Total Cost": 10168.87,"Plan Rows": 10667,"Plan Width": 36,"Actual Startup Time": 479.473,"Actual Total Time": 479.584,"Actual Rows": 514,"Actual Loops": 1,"Sort Key": ["(sum((partsupp.ps_supplycost * (partsupp.ps_availqty)::numeric))) DESC"],"Sort Method": "quicksort","Sort Space Used": 53,"Sort Space Type": "Memory","Plans": [{"Node Type": "Aggregate","Strategy": "Plain","Partial Mode": "Simple","Parent Relationship": "InitPlan","Subplan Name": "InitPlan 1 (returns $2)","Parallel Aware": false,"Async Capable": false,"Startup Cost": 4434.26,"Total Cost": 4434.27,"Plan Rows": 1,"Plan Width": 32,"Actual Startup Time": 141.847,"Actual Total Time": 141.875,"Actual Rows": 1,"Actual Loops": 1,"Plans": [{"Node Type": "Nested Loop","Parent Relationship": "Outer","Parallel Aware": false,"Async Capable": false,"Join Type": "Inner","Startup Cost": 7.81,"Total Cost": 4194.26,"Plan Rows": 32000,"Plan Width": 10,"Actual Startup Time": 0.217,"Actual Total Time": 133.744,"Actual Rows": 35040,"Actual Loops": 1,"Inner Unique": false,"Plans": [{"Node Type": "Nested Loop","Parent Relationship": "Outer","Parallel Aware": false,"Async Capable": false,"Join Type": "Inner","Startup Cost": 7.38,"Total Cost": 244.58,"Plan Rows": 400,"Plan Width": 4,"Actual Startup Time": 0.176,"Actual Total Time": 1.973,"Actual Rows": 438,"Actual Loops": 1,"Inner Unique": false,"Plans": [{"Node Type": "Seq Scan","Parent Relationship": "Outer","Parallel Aware": false,"Async Capable": false,"Relation Name": "nation","Alias": "nation_1","Startup Cost": 0.00,"Total Cost": 1.31,"Plan Rows": 1,"Plan Width": 4,"Actual Startup Time": 0.030,"Actual Total Time": 0.050,"Actual Rows": 1,"Actual Loops": 1,"Filter": "(n_name = 'IRAQ'::bpchar)","Rows Removed by Filter": 24},{"Node Type": "Bitmap Heap Scan","Parent Relationship": "Inner","Parallel Aware": false,"Async Capable": false,"Relation Name": "supplier","Alias": "supplier_1","Startup Cost": 7.38,"Total Cost": 239.27,"Plan Rows": 400,"Plan Width": 8,"Actual Startup Time": 0.128,"Actual Total Time": 1.851,"Actual Rows": 438,"Actual Loops": 1,"Recheck Cond": "(s_nationkey = nation_1.n_nationkey)","Rows Removed by Index Recheck": 0,"Exact Heap Blocks": 194,"Lossy Heap Blocks": 0,"Plans": [{"Node Type": "Bitmap Index Scan","Parent Relationship": "Outer","Parallel Aware": false,"Async Capable": false,"Index Name": "idx_supplier_nation_key","Startup Cost": 0.00,"Total Cost": 7.29,"Plan Rows": 400,"Plan Width": 0,"Actual Startup Time": 0.090,"Actual Total Time": 0.096,"Actual Rows": 438,"Actual Loops": 1,"Index Cond": "(s_nationkey = nation_1.n_nationkey)"}]}]},{"Node Type": "Index Scan","Parent Relationship": "Inner","Parallel Aware": false,"Async Capable": false,"Scan Direction": "Forward","Index Name": "idx_partsupp_suppkey","Relation Name": "partsupp","Alias": "partsupp_1","Startup Cost": 0.42,"Total Cost": 9.07,"Plan Rows": 80,"Plan Width": 14,"Actual Startup Time": 0.014,"Actual Total Time": 0.289,"Actual Rows": 80,"Actual Loops": 438,"Index Cond": "(ps_suppkey = supplier_1.s_suppkey)","Rows Removed by Index Recheck": 0}]}]},{"Node Type": "Aggregate","Strategy": "Hashed","Partial Mode": "Simple","Parent Relationship": "Outer","Parallel Aware": false,"Async Capable": false,"Startup Cost": 4514.26,"Total Cost": 4994.26,"Plan Rows": 10667,"Plan Width": 36,"Actual Startup Time": 398.650,"Actual Total Time": 479.180,"Actual Rows": 514,"Actual Loops": 1,"Group Key": ["partsupp.ps_partkey"],"Filter": "(sum((partsupp.ps_supplycost * (partsupp.ps_availqty)::numeric)) > $2)","Planned Partitions": 0,"HashAgg Batches": 1,"Peak Memory Usage": 17937,"Disk Usage": 0,"Rows Removed by Filter": 32385,"Plans": [{"Node Type": "Nested Loop","Parent Relationship": "Outer","Parallel Aware": false,"Async Capable": false,"Join Type": "Inner","Startup Cost": 7.81,"Total Cost": 4194.26,"Plan Rows": 32000,"Plan Width": 14,"Actual Startup Time": 0.368,"Actual Total Time": 210.024,"Actual Rows": 35040,"Actual Loops": 1,"Inner Unique": false,"Plans": [{"Node Type": "Nested Loop","Parent Relationship": "Outer","Parallel Aware": false,"Async Capable": false,"Join Type": "Inner","Startup Cost": 7.38,"Total Cost": 244.58,"Plan Rows": 400,"Plan Width": 4,"Actual Startup Time": 0.322,"Actual Total Time": 2.894,"Actual Rows": 438,"Actual Loops": 1,"Inner Unique": false,"Plans": [{"Node Type": "Seq Scan","Parent Relationship": "Outer","Parallel Aware": false,"Async Capable": false,"Relation Name": "nation","Alias": "nation","Startup Cost": 0.00,"Total Cost": 1.31,"Plan Rows": 1,"Plan Width": 4,"Actual Startup Time": 0.077,"Actual Total Time": 0.103,"Actual Rows": 1,"Actual Loops": 1,"Filter": "(n_name = 'IRAQ'::bpchar)","Rows Removed by Filter": 24},{"Node Type": "Bitmap Heap Scan","Parent Relationship": "Inner","Parallel Aware": false,"Async Capable": false,"Relation Name": "supplier","Alias": "supplier","Startup Cost": 7.38,"Total Cost": 239.27,"Plan Rows": 400,"Plan Width": 8,"Actual Startup Time": 0.239,"Actual Total Time": 2.735,"Actual Rows": 438,"Actual Loops": 1,"Recheck Cond": "(s_nationkey = nation.n_nationkey)","Rows Removed by Index Recheck": 0,"Exact Heap Blocks": 194,"Lossy Heap Blocks": 0,"Plans": [{"Node Type": "Bitmap Index Scan","Parent Relationship": "Outer","Parallel Aware": false,"Async Capable": false,"Index Name": "idx_supplier_nation_key","Startup Cost": 0.00,"Total Cost": 7.29,"Plan Rows": 400,"Plan Width": 0,"Actual Startup Time": 0.165,"Actual Total Time": 0.169,"Actual Rows": 438,"Actual Loops": 1,"Index Cond": "(s_nationkey = nation.n_nationkey)"}]}]},{"Node Type": "Index Scan","Parent Relationship": "Inner","Parallel Aware": false,"Async Capable": false,"Scan Direction": "Forward","Index Name": "idx_partsupp_suppkey","Relation Name": "partsupp","Alias": "partsupp","Startup Cost": 0.42,"Total Cost": 9.07,"Plan Rows": 80,"Plan Width": 18,"Actual Startup Time": 0.019,"Actual Total Time": 0.461,"Actual Rows": 80,"Actual Loops": 438,"Index Cond": "(ps_suppkey = supplier.s_suppkey)","Rows Removed by Index Recheck": 0}]}]}]},"Planning Time": 5.748,"Triggers": [],"Execution Time": 483.087}]
[{"Plan": {"Node Type": "Sort","Parallel Aware": false,"Async Capable": false,"Startup Cost": 10142.20,"Total Cost": 10168.87,"Plan Rows": 10667,"Plan Width": 36,"Actual Startup Time": 433.392,"Actual Total Time": 433.521,"Actual Rows": 1062,"Actual Loops": 1,"Sort Key": ["(sum((partsupp.ps_supplycost * (partsupp.ps_availqty)::numeric))) DESC"],"Sort Method": "quicksort","Sort Space Used": 107,"Sort Space Type": "Memory","Plans": [{"Node Type": "Aggregate","Strategy": "Plain","Partial Mode": "Simple","Parent Relationship": "InitPlan","Subplan Name": "InitPlan 1 (returns $2)","Parallel Aware": false,"Async Capable": false,"Startup Cost": 4434.26,"Total Cost": 4434.27,"Plan Rows": 1,"Plan Width": 32,"Actual Startup Time": 125.971,"Actual Total Time": 125.990,"Actual Rows": 1,"Actual Loops": 1,"Plans": [{"Node Type": "Nested Loop","Parent Relationship": "Outer","Parallel Aware": false,"Async Capable": false,"Join Type": "Inner","Startup Cost": 7.81,"Total Cost": 4194.26,"Plan Rows": 32000,"Plan Width": 10,"Actual Startup Time": 0.203,"Actual Total Time": 118.781,"Actual Rows": 31440,"Actual Loops": 1,"Inner Unique": false,"Plans": [{"Node Type": "Nested Loop","Parent Relationship": "Outer","Parallel Aware": false,"Async Capable": false,"Join Type": "Inner","Startup Cost": 7.38,"Total Cost": 244.58,"Plan Rows": 400,"Plan Width": 4,"Actual Startup Time": 0.157,"Actual Total Time": 1.656,"Actual Rows": 393,"Actual Loops": 1,"Inner Unique": false,"Plans": [{"Node Type": "Seq Scan","Parent Relationship": "Outer","Parallel Aware": false,"Async Capable": false,"Relation Name": "nation","Alias": "nation_1","Startup Cost": 0.00,"Total Cost": 1.31,"Plan Rows": 1,"Plan Width": 4,"Actual Startup Time": 0.034,"Actual Total Time": 0.054,"Actual Rows": 1,"Actual Loops": 1,"Filter": "(n_name = 'IRAN'::bpchar)","Rows Removed by Filter": 24},{"Node Type": "Bitmap Heap Scan","Parent Relationship": "Inner","Parallel Aware": false,"Async Capable": false,"Relation Name": "supplier","Alias": "supplier_1","Startup Cost": 7.38,"Total Cost": 239.27,"Plan Rows": 400,"Plan Width": 8,"Actual Startup Time": 0.107,"Actual Total Time": 1.545,"Actual Rows": 393,"Actual Loops": 1,"Recheck Cond": "(s_nationkey = nation_1.n_nationkey)","Rows Removed by Index Recheck": 0,"Exact Heap Blocks": 179,"Lossy Heap Blocks": 0,"Plans": [{"Node Type": "Bitmap Index Scan","Parent Relationship": "Outer","Parallel Aware": false,"Async Capable": false,"Index Name": "idx_supplier_nation_key","Startup Cost": 0.00,"Total Cost": 7.29,"Plan Rows": 400,"Plan Width": 0,"Actual Startup Time": 0.076,"Actual Total Time": 0.080,"Actual Rows": 393,"Actual Loops": 1,"Index Cond": "(s_nationkey = nation_1.n_nationkey)"}]}]},{"Node Type": "Index Scan","Parent Relationship": "Inner","Parallel Aware": false,"Async Capable": false,"Scan Direction": "Forward","Index Name": "idx_partsupp_suppkey","Relation Name": "partsupp","Alias": "partsupp_1","Startup Cost": 0.42,"Total Cost": 9.07,"Plan Rows": 80,"Plan Width": 14,"Actual Startup Time": 0.014,"Actual Total Time": 0.286,"Actual Rows": 80,"Actual Loops": 393,"Index Cond": "(ps_suppkey = supplier_1.s_suppkey)","Rows Removed by Index Recheck": 0}]}]},{"Node Type": "Aggregate","Strategy": "Hashed","Partial Mode": "Simple","Parent Relationship": "Outer","Parallel Aware": false,"Async Capable": false,"Startup Cost": 4514.26,"Total Cost": 4994.26,"Plan Rows": 10667,"Plan Width": 36,"Actual Startup Time": 362.794,"Actual Total Time": 432.898,"Actual Rows": 1062,"Actual Loops": 1,"Group Key": ["partsupp.ps_partkey"],"Filter": "(sum((partsupp.ps_supplycost * (partsupp.ps_availqty)::numeric)) > $2)","Planned Partitions": 0,"HashAgg Batches": 1,"Peak Memory Usage": 17937,"Disk Usage": 0,"Rows Removed by Filter": 28595,"Plans": [{"Node Type": "Nested Loop","Parent Relationship": "Outer","Parallel Aware": false,"Async Capable": false,"Join Type": "Inner","Startup Cost": 7.81,"Total Cost": 4194.26,"Plan Rows": 32000,"Plan Width": 14,"Actual Startup Time": 0.338,"Actual Total Time": 194.810,"Actual Rows": 31440,"Actual Loops": 1,"Inner Unique": false,"Plans": [{"Node Type": "Nested Loop","Parent Relationship": "Outer","Parallel Aware": false,"Async Capable": false,"Join Type": "Inner","Startup Cost": 7.38,"Total Cost": 244.58,"Plan Rows": 400,"Plan Width": 4,"Actual Startup Time": 0.285,"Actual Total Time": 2.779,"Actual Rows": 393,"Actual Loops": 1,"Inner Unique": false,"Plans": [{"Node Type": "Seq Scan","Parent Relationship": "Outer","Parallel Aware": false,"Async Capable": false,"Relation Name": "nation","Alias": "nation","Startup Cost": 0.00,"Total Cost": 1.31,"Plan Rows": 1,"Plan Width": 4,"Actual Startup Time": 0.074,"Actual Total Time": 0.096,"Actual Rows": 1,"Actual Loops": 1,"Filter": "(n_name = 'IRAN'::bpchar)","Rows Removed by Filter": 24},{"Node Type": "Bitmap Heap Scan","Parent Relationship": "Inner","Parallel Aware": false,"Async Capable": false,"Relation Name": "supplier","Alias": "supplier","Startup Cost": 7.38,"Total Cost": 239.27,"Plan Rows": 400,"Plan Width": 8,"Actual Startup Time": 0.203,"Actual Total Time": 2.632,"Actual Rows": 393,"Actual Loops": 1,"Recheck Cond": "(s_nationkey = nation.n_nationkey)","Rows Removed by Index Recheck": 0,"Exact Heap Blocks": 179,"Lossy Heap Blocks": 0,"Plans": [{"Node Type": "Bitmap Index Scan","Parent Relationship": "Outer","Parallel Aware": false,"Async Capable": false,"Index Name": "idx_supplier_nation_key","Startup Cost": 0.00,"Total Cost": 7.29,"Plan Rows": 400,"Plan Width": 0,"Actual Startup Time": 0.138,"Actual Total Time": 0.139,"Actual Rows": 393,"Actual Loops": 1,"Index Cond": "(s_nationkey = nation.n_nationkey)"}]}]},{"Node Type": "Index Scan","Parent Relationship": "Inner","Parallel Aware": false,"Async Capable": false,"Scan Direction": "Forward","Index Name": "idx_partsupp_suppkey","Relation Name": "partsupp","Alias": "partsupp","Startup Cost": 0.42,"Total Cost": 9.07,"Plan Rows": 80,"Plan Width": 18,"Actual Startup Time": 0.019,"Actual Total Time": 0.477,"Actual Rows": 80,"Actual Loops": 393,"Index Cond": "(ps_suppkey = supplier.s_suppkey)","Rows Removed by Index Recheck": 0}]}]}]},"Planning Time": 6.603,"Triggers": [],"Execution Time": 437.000}]
[{"Plan": {"Node Type": "Sort","Parallel Aware": false,"Async Capable": false,"Startup Cost": 10142.20,"Total Cost": 10168.87,"Plan Rows": 10667,"Plan Width": 36,"Actual Startup Time": 444.263,"Actual Total Time": 444.393,"Actual Rows": 839,"Actual Loops": 1,"Sort Key": ["(sum((partsupp.ps_supplycost * (partsupp.ps_availqty)::numeric))) DESC"],"Sort Method": "quicksort","Sort Space Used": 70,"Sort Space Type": "Memory","Plans": [{"Node Type": "Aggregate","Strategy": "Plain","Partial Mode": "Simple","Parent Relationship": "InitPlan","Subplan Name": "InitPlan 1 (returns $2)","Parallel Aware": false,"Async Capable": false,"Startup Cost": 4434.26,"Total Cost": 4434.27,"Plan Rows": 1,"Plan Width": 32,"Actual Startup Time": 130.704,"Actual Total Time": 130.725,"Actual Rows": 1,"Actual Loops": 1,"Plans": [{"Node Type": "Nested Loop","Parent Relationship": "Outer","Parallel Aware": false,"Async Capable": false,"Join Type": "Inner","Startup Cost": 7.81,"Total Cost": 4194.26,"Plan Rows": 32000,"Plan Width": 10,"Actual Startup Time": 0.144,"Actual Total Time": 123.234,"Actual Rows": 32880,"Actual Loops": 1,"Inner Unique": false,"Plans": [{"Node Type": "Nested Loop","Parent Relationship": "Outer","Parallel Aware": false,"Async Capable": false,"Join Type": "Inner","Startup Cost": 7.38,"Total Cost": 244.58,"Plan Rows": 400,"Plan Width": 4,"Actual Startup Time": 0.115,"Actual Total Time": 1.739,"Actual Rows": 411,"Actual Loops": 1,"Inner Unique": false,"Plans": [{"Node Type": "Seq Scan","Parent Relationship": "Outer","Parallel Aware": false,"Async Capable": false,"Relation Name": "nation","Alias": "nation_1","Startup Cost": 0.00,"Total Cost": 1.31,"Plan Rows": 1,"Plan Width": 4,"Actual Startup Time": 0.024,"Actual Total Time": 0.046,"Actual Rows": 1,"Actual Loops": 1,"Filter": "(n_name = 'SAUDI ARABIA'::bpchar)","Rows Removed by Filter": 24},{"Node Type": "Bitmap Heap Scan","Parent Relationship": "Inner","Parallel Aware": false,"Async Capable": false,"Relation Name": "supplier","Alias": "supplier_1","Startup Cost": 7.38,"Total Cost": 239.27,"Plan Rows": 400,"Plan Width": 8,"Actual Startup Time": 0.082,"Actual Total Time": 1.642,"Actual Rows": 411,"Actual Loops": 1,"Recheck Cond": "(s_nationkey = nation_1.n_nationkey)","Rows Removed by Index Recheck": 0,"Exact Heap Blocks": 182,"Lossy Heap Blocks": 0,"Plans": [{"Node Type": "Bitmap Index Scan","Parent Relationship": "Outer","Parallel Aware": false,"Async Capable": false,"Index Name": "idx_supplier_nation_key","Startup Cost": 0.00,"Total Cost": 7.29,"Plan Rows": 400,"Plan Width": 0,"Actual Startup Time": 0.049,"Actual Total Time": 0.055,"Actual Rows": 411,"Actual Loops": 1,"Index Cond": "(s_nationkey = nation_1.n_nationkey)"}]}]},{"Node Type": "Index Scan","Parent Relationship": "Inner","Parallel Aware": false,"Async Capable": false,"Scan Direction": "Forward","Index Name": "idx_partsupp_suppkey","Relation Name": "partsupp","Alias": "partsupp_1","Startup Cost": 0.42,"Total Cost": 9.07,"Plan Rows": 80,"Plan Width": 14,"Actual Startup Time": 0.014,"Actual Total Time": 0.283,"Actual Rows": 80,"Actual Loops": 411,"Index Cond": "(ps_suppkey = supplier_1.s_suppkey)","Rows Removed by Index Recheck": 0}]}]},{"Node Type": "Aggregate","Strategy": "Hashed","Partial Mode": "Simple","Parent Relationship": "Outer","Parallel Aware": false,"Async Capable": false,"Startup Cost": 4514.26,"Total Cost": 4994.26,"Plan Rows": 10667,"Plan Width": 36,"Actual Startup Time": 370.866,"Actual Total Time": 443.841,"Actual Rows": 839,"Actual Loops": 1,"Group Key": ["partsupp.ps_partkey"],"Filter": "(sum((partsupp.ps_supplycost * (partsupp.ps_availqty)::numeric)) > $2)","Planned Partitions": 0,"HashAgg Batches": 1,"Peak Memory Usage": 17937,"Disk Usage": 0,"Rows Removed by Filter": 30007,"Plans": [{"Node Type": "Nested Loop","Parent Relationship": "Outer","Parallel Aware": false,"Async Capable": false,"Join Type": "Inner","Startup Cost": 7.81,"Total Cost": 4194.26,"Plan Rows": 32000,"Plan Width": 14,"Actual Startup Time": 0.339,"Actual Total Time": 197.388,"Actual Rows": 32880,"Actual Loops": 1,"Inner Unique": false,"Plans": [{"Node Type": "Nested Loop","Parent Relationship": "Outer","Parallel Aware": false,"Async Capable": false,"Join Type": "Inner","Startup Cost": 7.38,"Total Cost": 244.58,"Plan Rows": 400,"Plan Width": 4,"Actual Startup Time": 0.236,"Actual Total Time": 2.786,"Actual Rows": 411,"Actual Loops": 1,"Inner Unique": false,"Plans": [{"Node Type": "Seq Scan","Parent Relationship": "Outer","Parallel Aware": false,"Async Capable": false,"Relation Name": "nation","Alias": "nation","Startup Cost": 0.00,"Total Cost": 1.31,"Plan Rows": 1,"Plan Width": 4,"Actual Startup Time": 0.067,"Actual Total Time": 0.078,"Actual Rows": 1,"Actual Loops": 1,"Filter": "(n_name = 'SAUDI ARABIA'::bpchar)","Rows Removed by Filter": 24},{"Node Type": "Bitmap Heap Scan","Parent Relationship": "Inner","Parallel Aware": false,"Async Capable": false,"Relation Name": "supplier","Alias": "supplier","Startup Cost": 7.38,"Total Cost": 239.27,"Plan Rows": 400,"Plan Width": 8,"Actual Startup Time": 0.164,"Actual Total Time": 2.651,"Actual Rows": 411,"Actual Loops": 1,"Recheck Cond": "(s_nationkey = nation.n_nationkey)","Rows Removed by Index Recheck": 0,"Exact Heap Blocks": 182,"Lossy Heap Blocks": 0,"Plans": [{"Node Type": "Bitmap Index Scan","Parent Relationship": "Outer","Parallel Aware": false,"Async Capable": false,"Index Name": "idx_supplier_nation_key","Startup Cost": 0.00,"Total Cost": 7.29,"Plan Rows": 400,"Plan Width": 0,"Actual Startup Time": 0.119,"Actual Total Time": 0.120,"Actual Rows": 411,"Actual Loops": 1,"Index Cond": "(s_nationkey = nation.n_nationkey)"}]}]},{"Node Type": "Index Scan","Parent Relationship": "Inner","Parallel Aware": false,"Async Capable": false,"Scan Direction": "Forward","Index Name": "idx_partsupp_suppkey","Relation Name": "partsupp","Alias": "partsupp","Startup Cost": 0.42,"Total Cost": 9.07,"Plan Rows": 80,"Plan Width": 18,"Actual Startup Time": 0.019,"Actual Total Time": 0.462,"Actual Rows": 80,"Actual Loops": 411,"Index Cond": "(ps_suppkey = supplier.s_suppkey)","Rows Removed by Index Recheck": 0}]}]}]},"Planning Time": 5.661,"Triggers": [],"Execution Time": 447.485}]
[{"Plan": {"Node Type": "Sort","Parallel Aware": false,"Async Capable": false,"Startup Cost": 10142.20,"Total Cost": 10168.87,"Plan Rows": 10667,"Plan Width": 36,"Actual Startup Time": 479.473,"Actual Total Time": 479.584,"Actual Rows": 514,"Actual Loops": 1,"Sort Key": ["(sum((partsupp.ps_supplycost * (partsupp.ps_availqty)::numeric))) DESC"],"Sort Method": "quicksort","Sort Space Used": 53,"Sort Space Type": "Memory","Plans": [{"Node Type": "Aggregate","Strategy": "Plain","Partial Mode": "Simple","Parent Relationship": "InitPlan","Subplan Name": "InitPlan 1 (returns $2)","Parallel Aware": false,"Async Capable": false,"Startup Cost": 4434.26,"Total Cost": 4434.27,"Plan Rows": 1,"Plan Width": 32,"Actual Startup Time": 141.847,"Actual Total Time": 141.875,"Actual Rows": 1,"Actual Loops": 1,"Plans": [{"Node Type": "Nested Loop","Parent Relationship": "Outer","Parallel Aware": false,"Async Capable": false,"Join Type": "Inner","Startup Cost": 7.81,"Total Cost": 4194.26,"Plan Rows": 32000,"Plan Width": 10,"Actual Startup Time": 0.217,"Actual Total Time": 133.744,"Actual Rows": 35040,"Actual Loops": 1,"Inner Unique": false,"Plans": [{"Node Type": "Nested Loop","Parent Relationship": "Outer","Parallel Aware": false,"Async Capable": false,"Join Type": "Inner","Startup Cost": 7.38,"Total Cost": 244.58,"Plan Rows": 400,"Plan Width": 4,"Actual Startup Time": 0.176,"Actual Total Time": 1.973,"Actual Rows": 438,"Actual Loops": 1,"Inner Unique": false,"Plans": [{"Node Type": "Seq Scan","Parent Relationship": "Outer","Parallel Aware": false,"Async Capable": false,"Relation Name": "nation","Alias": "nation_1","Startup Cost": 0.00,"Total Cost": 1.31,"Plan Rows": 1,"Plan Width": 4,"Actual Startup Time": 0.030,"Actual Total Time": 0.050,"Actual Rows": 1,"Actual Loops": 1,"Filter": "(n_name = 'IRAQ'::bpchar)","Rows Removed by Filter": 24},{"Node Type": "Bitmap Heap Scan","Parent Relationship": "Inner","Parallel Aware": false,"Async Capable": false,"Relation Name": "supplier","Alias": "supplier_1","Startup Cost": 7.38,"Total Cost": 239.27,"Plan Rows": 400,"Plan Width": 8,"Actual Startup Time": 0.128,"Actual Total Time": 1.851,"Actual Rows": 438,"Actual Loops": 1,"Recheck Cond": "(s_nationkey = nation_1.n_nationkey)","Rows Removed by Index Recheck": 0,"Exact Heap Blocks": 194,"Lossy Heap Blocks": 0,"Plans": [{"Node Type": "Bitmap Index Scan","Parent Relationship": "Outer","Parallel Aware": false,"Async Capable": false,"Index Name": "idx_supplier_nation_key","Startup Cost": 0.00,"Total Cost": 7.29,"Plan Rows": 400,"Plan Width": 0,"Actual Startup Time": 0.090,"Actual Total Time": 0.096,"Actual Rows": 438,"Actual Loops": 1,"Index Cond": "(s_nationkey = nation_1.n_nationkey)"}]}]},{"Node Type": "Index Scan","Parent Relationship": "Inner","Parallel Aware": false,"Async Capable": false,"Scan Direction": "Forward","Index Name": "idx_partsupp_suppkey","Relation Name": "partsupp","Alias": "partsupp_1","Startup Cost": 0.42,"Total Cost": 9.07,"Plan Rows": 80,"Plan Width": 14,"Actual Startup Time": 0.014,"Actual Total Time": 0.289,"Actual Rows": 80,"Actual Loops": 438,"Index Cond": "(ps_suppkey = supplier_1.s_suppkey)","Rows Removed by Index Recheck": 0}]}]},{"Node Type": "Aggregate","Strategy": "Hashed","Partial Mode": "Simple","Parent Relationship": "Outer","Parallel Aware": false,"Async Capable": false,"Startup Cost": 4514.26,"Total Cost": 4994.26,"Plan Rows": 10667,"Plan Width": 36,"Actual Startup Time": 398.650,"Actual Total Time": 479.180,"Actual Rows": 514,"Actual Loops": 1,"Group Key": ["partsupp.ps_partkey"],"Filter": "(sum((partsupp.ps_supplycost * (partsupp.ps_availqty)::numeric)) > $2)","Planned Partitions": 0,"HashAgg Batches": 1,"Peak Memory Usage": 17937,"Disk Usage": 0,"Rows Removed by Filter": 32385,"Plans": [{"Node Type": "Nested Loop","Parent Relationship": "Outer","Parallel Aware": false,"Async Capable": false,"Join Type": "Inner","Startup Cost": 7.81,"Total Cost": 4194.26,"Plan Rows": 32000,"Plan Width": 14,"Actual Startup Time": 0.368,"Actual Total Time": 210.024,"Actual Rows": 35040,"Actual Loops": 1,"Inner Unique": false,"Plans": [{"Node Type": "Nested Loop","Parent Relationship": "Outer","Parallel Aware": false,"Async Capable": false,"Join Type": "Inner","Startup Cost": 7.38,"Total Cost": 244.58,"Plan Rows": 400,"Plan Width": 4,"Actual Startup Time": 0.322,"Actual Total Time": 2.894,"Actual Rows": 438,"Actual Loops": 1,"Inner Unique": false,"Plans": [{"Node Type": "Seq Scan","Parent Relationship": "Outer","Parallel Aware": false,"Async Capable": false,"Relation Name": "nation","Alias": "nation","Startup Cost": 0.00,"Total Cost": 1.31,"Plan Rows": 1,"Plan Width": 4,"Actual Startup Time": 0.077,"Actual Total Time": 0.103,"Actual Rows": 1,"Actual Loops": 1,"Filter": "(n_name = 'IRAQ'::bpchar)","Rows Removed by Filter": 24},{"Node Type": "Bitmap Heap Scan","Parent Relationship": "Inner","Parallel Aware": false,"Async Capable": false,"Relation Name": "supplier","Alias": "supplier","Startup Cost": 7.38,"Total Cost": 239.27,"Plan Rows": 400,"Plan Width": 8,"Actual Startup Time": 0.239,"Actual Total Time": 2.735,"Actual Rows": 438,"Actual Loops": 1,"Recheck Cond": "(s_nationkey = nation.n_nationkey)","Rows Removed by Index Recheck": 0,"Exact Heap Blocks": 194,"Lossy Heap Blocks": 0,"Plans": [{"Node Type": "Bitmap Index Scan","Parent Relationship": "Outer","Parallel Aware": false,"Async Capable": false,"Index Name": "idx_supplier_nation_key","Startup Cost": 0.00,"Total Cost": 7.29,"Plan Rows": 400,"Plan Width": 0,"Actual Startup Time": 0.165,"Actual Total Time": 0.169,"Actual Rows": 438,"Actual Loops": 1,"Index Cond": "(s_nationkey = nation.n_nationkey)"}]}]},{"Node Type": "Index Scan","Parent Relationship": "Inner","Parallel Aware": false,"Async Capable": false,"Scan Direction": "Forward","Index Name": "idx_partsupp_suppkey","Relation Name": "partsupp","Alias": "partsupp","Startup Cost": 0.42,"Total Cost": 9.07,"Plan Rows": 80,"Plan Width": 18,"Actual Startup Time": 0.019,"Actual Total Time": 0.461,"Actual Rows": 80,"Actual Loops": 438,"Index Cond": "(ps_suppkey = supplier.s_suppkey)","Rows Removed by Index Recheck": 0}]}]}]},"Planning Time": 5.748,"Triggers": [],"Execution Time": 483.087}]
[{"Plan": {"Node Type": "Sort","Parallel Aware": false,"Async Capable": false,"Startup Cost": 10142.20,"Total Cost": 10168.87,"Plan Rows": 10667,"Plan Width": 36,"Actual Startup Time": 433.392,"Actual Total Time": 433.521,"Actual Rows": 1062,"Actual Loops": 1,"Sort Key": ["(sum((partsupp.ps_supplycost * (partsupp.ps_availqty)::numeric))) DESC"],"Sort Method": "quicksort","Sort Space Used": 107,"Sort Space Type": "Memory","Plans": [{"Node Type": "Aggregate","Strategy": "Plain","Partial Mode": "Simple","Parent Relationship": "InitPlan","Subplan Name": "InitPlan 1 (returns $2)","Parallel Aware": false,"Async Capable": false,"Startup Cost": 4434.26,"Total Cost": 4434.27,"Plan Rows": 1,"Plan Width": 32,"Actual Startup Time": 125.971,"Actual Total Time": 125.990,"Actual Rows": 1,"Actual Loops": 1,"Plans": [{"Node Type": "Nested Loop","Parent Relationship": "Outer","Parallel Aware": false,"Async Capable": false,"Join Type": "Inner","Startup Cost": 7.81,"Total Cost": 4194.26,"Plan Rows": 32000,"Plan Width": 10,"Actual Startup Time": 0.203,"Actual Total Time": 118.781,"Actual Rows": 31440,"Actual Loops": 1,"Inner Unique": false,"Plans": [{"Node Type": "Nested Loop","Parent Relationship": "Outer","Parallel Aware": false,"Async Capable": false,"Join Type": "Inner","Startup Cost": 7.38,"Total Cost": 244.58,"Plan Rows": 400,"Plan Width": 4,"Actual Startup Time": 0.157,"Actual Total Time": 1.656,"Actual Rows": 393,"Actual Loops": 1,"Inner Unique": false,"Plans": [{"Node Type": "Seq Scan","Parent Relationship": "Outer","Parallel Aware": false,"Async Capable": false,"Relation Name": "nation","Alias": "nation_1","Startup Cost": 0.00,"Total Cost": 1.31,"Plan Rows": 1,"Plan Width": 4,"Actual Startup Time": 0.034,"Actual Total Time": 0.054,"Actual Rows": 1,"Actual Loops": 1,"Filter": "(n_name = 'IRAN'::bpchar)","Rows Removed by Filter": 24},{"Node Type": "Bitmap Heap Scan","Parent Relationship": "Inner","Parallel Aware": false,"Async Capable": false,"Relation Name": "supplier","Alias": "supplier_1","Startup Cost": 7.38,"Total Cost": 239.27,"Plan Rows": 400,"Plan Width": 8,"Actual Startup Time": 0.107,"Actual Total Time": 1.545,"Actual Rows": 393,"Actual Loops": 1,"Recheck Cond": "(s_nationkey = nation_1.n_nationkey)","Rows Removed by Index Recheck": 0,"Exact Heap Blocks": 179,"Lossy Heap Blocks": 0,"Plans": [{"Node Type": "Bitmap Index Scan","Parent Relationship": "Outer","Parallel Aware": false,"Async Capable": false,"Index Name": "idx_supplier_nation_key","Startup Cost": 0.00,"Total Cost": 7.29,"Plan Rows": 400,"Plan Width": 0,"Actual Startup Time": 0.076,"Actual Total Time": 0.080,"Actual Rows": 393,"Actual Loops": 1,"Index Cond": "(s_nationkey = nation_1.n_nationkey)"}]}]},{"Node Type": "Index Scan","Parent Relationship": "Inner","Parallel Aware": false,"Async Capable": false,"Scan Direction": "Forward","Index Name": "idx_partsupp_suppkey","Relation Name": "partsupp","Alias": "partsupp_1","Startup Cost": 0.42,"Total Cost": 9.07,"Plan Rows": 80,"Plan Width": 14,"Actual Startup Time": 0.014,"Actual Total Time": 0.286,"Actual Rows": 80,"Actual Loops": 393,"Index Cond": "(ps_suppkey = supplier_1.s_suppkey)","Rows Removed by Index Recheck": 0}]}]},{"Node Type": "Aggregate","Strategy": "Hashed","Partial Mode": "Simple","Parent Relationship": "Outer","Parallel Aware": false,"Async Capable": false,"Startup Cost": 4514.26,"Total Cost": 4994.26,"Plan Rows": 10667,"Plan Width": 36,"Actual Startup Time": 362.794,"Actual Total Time": 432.898,"Actual Rows": 1062,"Actual Loops": 1,"Group Key": ["partsupp.ps_partkey"],"Filter": "(sum((partsupp.ps_supplycost * (partsupp.ps_availqty)::numeric)) > $2)","Planned Partitions": 0,"HashAgg Batches": 1,"Peak Memory Usage": 17937,"Disk Usage": 0,"Rows Removed by Filter": 28595,"Plans": [{"Node Type": "Nested Loop","Parent Relationship": "Outer","Parallel Aware": false,"Async Capable": false,"Join Type": "Inner","Startup Cost": 7.81,"Total Cost": 4194.26,"Plan Rows": 32000,"Plan Width": 14,"Actual Startup Time": 0.338,"Actual Total Time": 194.810,"Actual Rows": 31440,"Actual Loops": 1,"Inner Unique": false,"Plans": [{"Node Type": "Nested Loop","Parent Relationship": "Outer","Parallel Aware": false,"Async Capable": false,"Join Type": "Inner","Startup Cost": 7.38,"Total Cost": 244.58,"Plan Rows": 400,"Plan Width": 4,"Actual Startup Time": 0.285,"Actual Total Time": 2.779,"Actual Rows": 393,"Actual Loops": 1,"Inner Unique": false,"Plans": [{"Node Type": "Seq Scan","Parent Relationship": "Outer","Parallel Aware": false,"Async Capable": false,"Relation Name": "nation","Alias": "nation","Startup Cost": 0.00,"Total Cost": 1.31,"Plan Rows": 1,"Plan Width": 4,"Actual Startup Time": 0.074,"Actual Total Time": 0.096,"Actual Rows": 1,"Actual Loops": 1,"Filter": "(n_name = 'IRAN'::bpchar)","Rows Removed by Filter": 24},{"Node Type": "Bitmap Heap Scan","Parent Relationship": "Inner","Parallel Aware": false,"Async Capable": false,"Relation Name": "supplier","Alias": "supplier","Startup Cost": 7.38,"Total Cost": 239.27,"Plan Rows": 400,"Plan Width": 8,"Actual Startup Time": 0.203,"Actual Total Time": 2.632,"Actual Rows": 393,"Actual Loops": 1,"Recheck Cond": "(s_nationkey = nation.n_nationkey)","Rows Removed by Index Recheck": 0,"Exact Heap Blocks": 179,"Lossy Heap Blocks": 0,"Plans": [{"Node Type": "Bitmap Index Scan","Parent Relationship": "Outer","Parallel Aware": false,"Async Capable": false,"Index Name": "idx_supplier_nation_key","Startup Cost": 0.00,"Total Cost": 7.29,"Plan Rows": 400,"Plan Width": 0,"Actual Startup Time": 0.138,"Actual Total Time": 0.139,"Actual Rows": 393,"Actual Loops": 1,"Index Cond": "(s_nationkey = nation.n_nationkey)"}]}]},{"Node Type": "Index Scan","Parent Relationship": "Inner","Parallel Aware": false,"Async Capable": false,"Scan Direction": "Forward","Index Name": "idx_partsupp_suppkey","Relation Name": "partsupp","Alias": "partsupp","Startup Cost": 0.42,"Total Cost": 9.07,"Plan Rows": 80,"Plan Width": 18,"Actual Startup Time": 0.019,"Actual Total Time": 0.477,"Actual Rows": 80,"Actual Loops": 393,"Index Cond": "(ps_suppkey = supplier.s_suppkey)","Rows Removed by Index Recheck": 0}]}]}]},"Planning Time": 6.603,"Triggers": [],"Execution Time": 437.000}]
[{"Plan": {"Node Type": "Sort","Parallel Aware": false,"Async Capable": false,"Startup Cost": 10142.20,"Total Cost": 10168.87,"Plan Rows": 10667,"Plan Width": 36,"Actual Startup Time": 479.473,"Actual Total Time": 479.584,"Actual Rows": 514,"Actual Loops": 1,"Sort Key": ["(sum((partsupp.ps_supplycost * (partsupp.ps_availqty)::numeric))) DESC"],"Sort Method": "quicksort","Sort Space Used": 53,"Sort Space Type": "Memory","Plans": [{"Node Type": "Aggregate","Strategy": "Plain","Partial Mode": "Simple","Parent Relationship": "InitPlan","Subplan Name": "InitPlan 1 (returns $2)","Parallel Aware": false,"Async Capable": false,"Startup Cost": 4434.26,"Total Cost": 4434.27,"Plan Rows": 1,"Plan Width": 32,"Actual Startup Time": 141.847,"Actual Total Time": 141.875,"Actual Rows": 1,"Actual Loops": 1,"Plans": [{"Node Type": "Nested Loop","Parent Relationship": "Outer","Parallel Aware": false,"Async Capable": false,"Join Type": "Inner","Startup Cost": 7.81,"Total Cost": 4194.26,"Plan Rows": 32000,"Plan Width": 10,"Actual Startup Time": 0.217,"Actual Total Time": 133.744,"Actual Rows": 35040,"Actual Loops": 1,"Inner Unique": false,"Plans": [{"Node Type": "Nested Loop","Parent Relationship": "Outer","Parallel Aware": false,"Async Capable": false,"Join Type": "Inner","Startup Cost": 7.38,"Total Cost": 244.58,"Plan Rows": 400,"Plan Width": 4,"Actual Startup Time": 0.176,"Actual Total Time": 1.973,"Actual Rows": 438,"Actual Loops": 1,"Inner Unique": false,"Plans": [{"Node Type": "Seq Scan","Parent Relationship": "Outer","Parallel Aware": false,"Async Capable": false,"Relation Name": "nation","Alias": "nation_1","Startup Cost": 0.00,"Total Cost": 1.31,"Plan Rows": 1,"Plan Width": 4,"Actual Startup Time": 0.030,"Actual Total Time": 0.050,"Actual Rows": 1,"Actual Loops": 1,"Filter": "(n_name = 'IRAQ'::bpchar)","Rows Removed by Filter": 24},{"Node Type": "Bitmap Heap Scan","Parent Relationship": "Inner","Parallel Aware": false,"Async Capable": false,"Relation Name": "supplier","Alias": "supplier_1","Startup Cost": 7.38,"Total Cost": 239.27,"Plan Rows": 400,"Plan Width": 8,"Actual Startup Time": 0.128,"Actual Total Time": 1.851,"Actual Rows": 438,"Actual Loops": 1,"Recheck Cond": "(s_nationkey = nation_1.n_nationkey)","Rows Removed by Index Recheck": 0,"Exact Heap Blocks": 194,"Lossy Heap Blocks": 0,"Plans": [{"Node Type": "Bitmap Index Scan","Parent Relationship": "Outer","Parallel Aware": false,"Async Capable": false,"Index Name": "idx_supplier_nation_key","Startup Cost": 0.00,"Total Cost": 7.29,"Plan Rows": 400,"Plan Width": 0,"Actual Startup Time": 0.090,"Actual Total Time": 0.096,"Actual Rows": 438,"Actual Loops": 1,"Index Cond": "(s_nationkey = nation_1.n_nationkey)"}]}]},{"Node Type": "Index Scan","Parent Relationship": "Inner","Parallel Aware": false,"Async Capable": false,"Scan Direction": "Forward","Index Name": "idx_partsupp_suppkey","Relation Name": "partsupp","Alias": "partsupp_1","Startup Cost": 0.42,"Total Cost": 9.07,"Plan Rows": 80,"Plan Width": 14,"Actual Startup Time": 0.014,"Actual Total Time": 0.289,"Actual Rows": 80,"Actual Loops": 438,"Index Cond": "(ps_suppkey = supplier_1.s_suppkey)","Rows Removed by Index Recheck": 0}]}]},{"Node Type": "Aggregate","Strategy": "Hashed","Partial Mode": "Simple","Parent Relationship": "Outer","Parallel Aware": false,"Async Capable": false,"Startup Cost": 4514.26,"Total Cost": 4994.26,"Plan Rows": 10667,"Plan Width": 36,"Actual Startup Time": 398.650,"Actual Total Time": 479.180,"Actual Rows": 514,"Actual Loops": 1,"Group Key": ["partsupp.ps_partkey"],"Filter": "(sum((partsupp.ps_supplycost * (partsupp.ps_availqty)::numeric)) > $2)","Planned Partitions": 0,"HashAgg Batches": 1,"Peak Memory Usage": 17937,"Disk Usage": 0,"Rows Removed by Filter": 32385,"Plans": [{"Node Type": "Nested Loop","Parent Relationship": "Outer","Parallel Aware": false,"Async Capable": false,"Join Type": "Inner","Startup Cost": 7.81,"Total Cost": 4194.26,"Plan Rows": 32000,"Plan Width": 14,"Actual Startup Time": 0.368,"Actual Total Time": 210.024,"Actual Rows": 35040,"Actual Loops": 1,"Inner Unique": false,"Plans": [{"Node Type": "Nested Loop","Parent Relationship": "Outer","Parallel Aware": false,"Async Capable": false,"Join Type": "Inner","Startup Cost": 7.38,"Total Cost": 244.58,"Plan Rows": 400,"Plan Width": 4,"Actual Startup Time": 0.322,"Actual Total Time": 2.894,"Actual Rows": 438,"Actual Loops": 1,"Inner Unique": false,"Plans": [{"Node Type": "Seq Scan","Parent Relationship": "Outer","Parallel Aware": false,"Async Capable": false,"Relation Name": "nation","Alias": "nation","Startup Cost": 0.00,"Total Cost": 1.31,"Plan Rows": 1,"Plan Width": 4,"Actual Startup Time": 0.077,"Actual Total Time": 0.103,"Actual Rows": 1,"Actual Loops": 1,"Filter": "(n_name = 'IRAQ'::bpchar)","Rows Removed by Filter": 24},{"Node Type": "Bitmap Heap Scan","Parent Relationship": "Inner","Parallel Aware": false,"Async Capable": false,"Relation Name": "supplier","Alias": "supplier","Startup Cost": 7.38,"Total Cost": 239.27,"Plan Rows": 400,"Plan Width": 8,"Actual Startup Time": 0.239,"Actual Total Time": 2.735,"Actual Rows": 438,"Actual Loops": 1,"Recheck Cond": "(s_nationkey = nation.n_nationkey)","Rows Removed by Index Recheck": 0,"Exact Heap Blocks": 194,"Lossy Heap Blocks": 0,"Plans": [{"Node Type": "Bitmap Index Scan","Parent Relationship": "Outer","Parallel Aware": false,"Async Capable": false,"Index Name": "idx_supplier_nation_key","Startup Cost": 0.00,"Total Cost": 7.29,"Plan Rows": 400,"Plan Width": 0,"Actual Startup Time": 0.165,"Actual Total Time": 0.169,"Actual Rows": 438,"Actual Loops": 1,"Index Cond": "(s_nationkey = nation.n_nationkey)"}]}]},{"Node Type": "Index Scan","Parent Relationship": "Inner","Parallel Aware": false,"Async Capable": false,"Scan Direction": "Forward","Index Name": "idx_partsupp_suppkey","Relation Name": "partsupp","Alias": "partsupp","Startup Cost": 0.42,"Total Cost": 9.07,"Plan Rows": 80,"Plan Width": 18,"Actual Startup Time": 0.019,"Actual Total Time": 0.461,"Actual Rows": 80,"Actual Loops": 438,"Index Cond": "(ps_suppkey = supplier.s_suppkey)","Rows Removed by Index Recheck": 0}]}]}]},"Planning Time": 5.748,"Triggers": [],"Execution Time": 483.087}]
[{"Plan": {"Node Type": "Sort","Parallel Aware": false,"Async Capable": false,"Startup Cost": 10142.20,"Total Cost": 10168.87,"Plan Rows": 10667,"Plan Width": 36,"Actual Startup Time": 431.698,"Actual Total Time": 431.824,"Actual Rows": 911,"Actual Loops": 1,"Sort Key": ["(sum((partsupp.ps_supplycost * (partsupp.ps_availqty)::numeric))) DESC"],"Sort Method": "quicksort","Sort Space Used": 74,"Sort Space Type": "Memory","Plans": [{"Node Type": "Aggregate","Strategy": "Plain","Partial Mode": "Simple","Parent Relationship": "InitPlan","Subplan Name": "InitPlan 1 (returns $2)","Parallel Aware": false,"Async Capable": false,"Startup Cost": 4434.26,"Total Cost": 4434.27,"Plan Rows": 1,"Plan Width": 32,"Actual Startup Time": 129.087,"Actual Total Time": 129.106,"Actual Rows": 1,"Actual Loops": 1,"Plans": [{"Node Type": "Nested Loop","Parent Relationship": "Outer","Parallel Aware": false,"Async Capable": false,"Join Type": "Inner","Startup Cost": 7.81,"Total Cost": 4194.26,"Plan Rows": 32000,"Plan Width": 10,"Actual Startup Time": 0.210,"Actual Total Time": 121.870,"Actual Rows": 32160,"Actual Loops": 1,"Inner Unique": false,"Plans": [{"Node Type": "Nested Loop","Parent Relationship": "Outer","Parallel Aware": false,"Async Capable": false,"Join Type": "Inner","Startup Cost": 7.38,"Total Cost": 244.58,"Plan Rows": 400,"Plan Width": 4,"Actual Startup Time": 0.174,"Actual Total Time": 1.780,"Actual Rows": 402,"Actual Loops": 1,"Inner Unique": false,"Plans": [{"Node Type": "Seq Scan","Parent Relationship": "Outer","Parallel Aware": false,"Async Capable": false,"Relation Name": "nation","Alias": "nation_1","Startup Cost": 0.00,"Total Cost": 1.31,"Plan Rows": 1,"Plan Width": 4,"Actual Startup Time": 0.036,"Actual Total Time": 0.056,"Actual Rows": 1,"Actual Loops": 1,"Filter": "(n_name = 'FRANCE'::bpchar)","Rows Removed by Filter": 24},{"Node Type": "Bitmap Heap Scan","Parent Relationship": "Inner","Parallel Aware": false,"Async Capable": false,"Relation Name": "supplier","Alias": "supplier_1","Startup Cost": 7.38,"Total Cost": 239.27,"Plan Rows": 400,"Plan Width": 8,"Actual Startup Time": 0.119,"Actual Total Time": 1.663,"Actual Rows": 402,"Actual Loops": 1,"Recheck Cond": "(s_nationkey = nation_1.n_nationkey)","Rows Removed by Index Recheck": 0,"Exact Heap Blocks": 184,"Lossy Heap Blocks": 0,"Plans": [{"Node Type": "Bitmap Index Scan","Parent Relationship": "Outer","Parallel Aware": false,"Async Capable": false,"Index Name": "idx_supplier_nation_key","Startup Cost": 0.00,"Total Cost": 7.29,"Plan Rows": 400,"Plan Width": 0,"Actual Startup Time": 0.075,"Actual Total Time": 0.079,"Actual Rows": 402,"Actual Loops": 1,"Index Cond": "(s_nationkey = nation_1.n_nationkey)"}]}]},{"Node Type": "Index Scan","Parent Relationship": "Inner","Parallel Aware": false,"Async Capable": false,"Scan Direction": "Forward","Index Name": "idx_partsupp_suppkey","Relation Name": "partsupp","Alias": "partsupp_1","Startup Cost": 0.42,"Total Cost": 9.07,"Plan Rows": 80,"Plan Width": 14,"Actual Startup Time": 0.014,"Actual Total Time": 0.286,"Actual Rows": 80,"Actual Loops": 402,"Index Cond": "(ps_suppkey = supplier_1.s_suppkey)","Rows Removed by Index Recheck": 0}]}]},{"Node Type": "Aggregate","Strategy": "Hashed","Partial Mode": "Simple","Parent Relationship": "Outer","Parallel Aware": false,"Async Capable": false,"Startup Cost": 4514.26,"Total Cost": 4994.26,"Plan Rows": 10667,"Plan Width": 36,"Actual Startup Time": 359.069,"Actual Total Time": 431.218,"Actual Rows": 911,"Actual Loops": 1,"Group Key": ["partsupp.ps_partkey"],"Filter": "(sum((partsupp.ps_supplycost * (partsupp.ps_availqty)::numeric)) > $2)","Planned Partitions": 0,"HashAgg Batches": 1,"Peak Memory Usage": 17937,"Disk Usage": 0,"Rows Removed by Filter": 29336,"Plans": [{"Node Type": "Nested Loop","Parent Relationship": "Outer","Parallel Aware": false,"Async Capable": false,"Join Type": "Inner","Startup Cost": 7.81,"Total Cost": 4194.26,"Plan Rows": 32000,"Plan Width": 14,"Actual Startup Time": 0.330,"Actual Total Time": 187.860,"Actual Rows": 32160,"Actual Loops": 1,"Inner Unique": false,"Plans": [{"Node Type": "Nested Loop","Parent Relationship": "Outer","Parallel Aware": false,"Async Capable": false,"Join Type": "Inner","Startup Cost": 7.38,"Total Cost": 244.58,"Plan Rows": 400,"Plan Width": 4,"Actual Startup Time": 0.249,"Actual Total Time": 2.513,"Actual Rows": 402,"Actual Loops": 1,"Inner Unique": false,"Plans": [{"Node Type": "Seq Scan","Parent Relationship": "Outer","Parallel Aware": false,"Async Capable": false,"Relation Name": "nation","Alias": "nation","Startup Cost": 0.00,"Total Cost": 1.31,"Plan Rows": 1,"Plan Width": 4,"Actual Startup Time": 0.077,"Actual Total Time": 0.097,"Actual Rows": 1,"Actual Loops": 1,"Filter": "(n_name = 'FRANCE'::bpchar)","Rows Removed by Filter": 24},{"Node Type": "Bitmap Heap Scan","Parent Relationship": "Inner","Parallel Aware": false,"Async Capable": false,"Relation Name": "supplier","Alias": "supplier","Startup Cost": 7.38,"Total Cost": 239.27,"Plan Rows": 400,"Plan Width": 8,"Actual Startup Time": 0.163,"Actual Total Time": 2.362,"Actual Rows": 402,"Actual Loops": 1,"Recheck Cond": "(s_nationkey = nation.n_nationkey)","Rows Removed by Index Recheck": 0,"Exact Heap Blocks": 184,"Lossy Heap Blocks": 0,"Plans": [{"Node Type": "Bitmap Index Scan","Parent Relationship": "Outer","Parallel Aware": false,"Async Capable": false,"Index Name": "idx_supplier_nation_key","Startup Cost": 0.00,"Total Cost": 7.29,"Plan Rows": 400,"Plan Width": 0,"Actual Startup Time": 0.112,"Actual Total Time": 0.113,"Actual Rows": 402,"Actual Loops": 1,"Index Cond": "(s_nationkey = nation.n_nationkey)"}]}]},{"Node Type": "Index Scan","Parent Relationship": "Inner","Parallel Aware": false,"Async Capable": false,"Scan Direction": "Forward","Index Name": "idx_partsupp_suppkey","Relation Name": "partsupp","Alias": "partsupp","Startup Cost": 0.42,"Total Cost": 9.07,"Plan Rows": 80,"Plan Width": 18,"Actual Startup Time": 0.018,"Actual Total Time": 0.449,"Actual Rows": 80,"Actual Loops": 402,"Index Cond": "(ps_suppkey = supplier.s_suppkey)","Rows Removed by Index Recheck": 0}]}]}]},"Planning Time": 7.171,"Triggers": [],"Execution Time": 434.998}]
[{"Plan": {"Node Type": "Sort","Parallel Aware": false,"Async Capable": false,"Startup Cost": 10142.20,"Total Cost": 10168.87,"Plan Rows": 10667,"Plan Width": 36,"Actual Startup Time": 438.718,"Actual Total Time": 438.846,"Actual Rows": 919,"Actual Loops": 1,"Sort Key": ["(sum((partsupp.ps_supplycost * (partsupp.ps_availqty)::numeric))) DESC"],"Sort Method": "quicksort","Sort Space Used": 75,"Sort Space Type": "Memory","Plans": [{"Node Type": "Aggregate","Strategy": "Plain","Partial Mode": "Simple","Parent Relationship": "InitPlan","Subplan Name": "InitPlan 1 (returns $2)","Parallel Aware": false,"Async Capable": false,"Startup Cost": 4434.26,"Total Cost": 4434.27,"Plan Rows": 1,"Plan Width": 32,"Actual Startup Time": 130.550,"Actual Total Time": 130.572,"Actual Rows": 1,"Actual Loops": 1,"Plans": [{"Node Type": "Nested Loop","Parent Relationship": "Outer","Parallel Aware": false,"Async Capable": false,"Join Type": "Inner","Startup Cost": 7.81,"Total Cost": 4194.26,"Plan Rows": 32000,"Plan Width": 10,"Actual Startup Time": 0.239,"Actual Total Time": 123.231,"Actual Rows": 32080,"Actual Loops": 1,"Inner Unique": false,"Plans": [{"Node Type": "Nested Loop","Parent Relationship": "Outer","Parallel Aware": false,"Async Capable": false,"Join Type": "Inner","Startup Cost": 7.38,"Total Cost": 244.58,"Plan Rows": 400,"Plan Width": 4,"Actual Startup Time": 0.189,"Actual Total Time": 1.751,"Actual Rows": 401,"Actual Loops": 1,"Inner Unique": false,"Plans": [{"Node Type": "Seq Scan","Parent Relationship": "Outer","Parallel Aware": false,"Async Capable": false,"Relation Name": "nation","Alias": "nation_1","Startup Cost": 0.00,"Total Cost": 1.31,"Plan Rows": 1,"Plan Width": 4,"Actual Startup Time": 0.044,"Actual Total Time": 0.061,"Actual Rows": 1,"Actual Loops": 1,"Filter": "(n_name = 'RUSSIA'::bpchar)","Rows Removed by Filter": 24},{"Node Type": "Bitmap Heap Scan","Parent Relationship": "Inner","Parallel Aware": false,"Async Capable": false,"Relation Name": "supplier","Alias": "supplier_1","Startup Cost": 7.38,"Total Cost": 239.27,"Plan Rows": 400,"Plan Width": 8,"Actual Startup Time": 0.130,"Actual Total Time": 1.632,"Actual Rows": 401,"Actual Loops": 1,"Recheck Cond": "(s_nationkey = nation_1.n_nationkey)","Rows Removed by Index Recheck": 0,"Exact Heap Blocks": 180,"Lossy Heap Blocks": 0,"Plans": [{"Node Type": "Bitmap Index Scan","Parent Relationship": "Outer","Parallel Aware": false,"Async Capable": false,"Index Name": "idx_supplier_nation_key","Startup Cost": 0.00,"Total Cost": 7.29,"Plan Rows": 400,"Plan Width": 0,"Actual Startup Time": 0.092,"Actual Total Time": 0.094,"Actual Rows": 401,"Actual Loops": 1,"Index Cond": "(s_nationkey = nation_1.n_nationkey)"}]}]},{"Node Type": "Index Scan","Parent Relationship": "Inner","Parallel Aware": false,"Async Capable": false,"Scan Direction": "Forward","Index Name": "idx_partsupp_suppkey","Relation Name": "partsupp","Alias": "partsupp_1","Startup Cost": 0.42,"Total Cost": 9.07,"Plan Rows": 80,"Plan Width": 14,"Actual Startup Time": 0.014,"Actual Total Time": 0.291,"Actual Rows": 80,"Actual Loops": 401,"Index Cond": "(ps_suppkey = supplier_1.s_suppkey)","Rows Removed by Index Recheck": 0}]}]},{"Node Type": "Aggregate","Strategy": "Hashed","Partial Mode": "Simple","Parent Relationship": "Outer","Parallel Aware": false,"Async Capable": false,"Startup Cost": 4514.26,"Total Cost": 4994.26,"Plan Rows": 10667,"Plan Width": 36,"Actual Startup Time": 367.075,"Actual Total Time": 438.260,"Actual Rows": 919,"Actual Loops": 1,"Group Key": ["partsupp.ps_partkey"],"Filter": "(sum((partsupp.ps_supplycost * (partsupp.ps_availqty)::numeric)) > $2)","Planned Partitions": 0,"HashAgg Batches": 1,"Peak Memory Usage": 17937,"Disk Usage": 0,"Rows Removed by Filter": 29289,"Plans": [{"Node Type": "Nested Loop","Parent Relationship": "Outer","Parallel Aware": false,"Async Capable": false,"Join Type": "Inner","Startup Cost": 7.81,"Total Cost": 4194.26,"Plan Rows": 32000,"Plan Width": 14,"Actual Startup Time": 0.388,"Actual Total Time": 194.500,"Actual Rows": 32080,"Actual Loops": 1,"Inner Unique": false,"Plans": [{"Node Type": "Nested Loop","Parent Relationship": "Outer","Parallel Aware": false,"Async Capable": false,"Join Type": "Inner","Startup Cost": 7.38,"Total Cost": 244.58,"Plan Rows": 400,"Plan Width": 4,"Actual Startup Time": 0.281,"Actual Total Time": 2.675,"Actual Rows": 401,"Actual Loops": 1,"Inner Unique": false,"Plans": [{"Node Type": "Seq Scan","Parent Relationship": "Outer","Parallel Aware": false,"Async Capable": false,"Relation Name": "nation","Alias": "nation","Startup Cost": 0.00,"Total Cost": 1.31,"Plan Rows": 1,"Plan Width": 4,"Actual Startup Time": 0.057,"Actual Total Time": 0.080,"Actual Rows": 1,"Actual Loops": 1,"Filter": "(n_name = 'RUSSIA'::bpchar)","Rows Removed by Filter": 24},{"Node Type": "Bitmap Heap Scan","Parent Relationship": "Inner","Parallel Aware": false,"Async Capable": false,"Relation Name": "supplier","Alias": "supplier","Startup Cost": 7.38,"Total Cost": 239.27,"Plan Rows": 400,"Plan Width": 8,"Actual Startup Time": 0.220,"Actual Total Time": 2.546,"Actual Rows": 401,"Actual Loops": 1,"Recheck Cond": "(s_nationkey = nation.n_nationkey)","Rows Removed by Index Recheck": 0,"Exact Heap Blocks": 180,"Lossy Heap Blocks": 0,"Plans": [{"Node Type": "Bitmap Index Scan","Parent Relationship": "Outer","Parallel Aware": false,"Async Capable": false,"Index Name": "idx_supplier_nation_key","Startup Cost": 0.00,"Total Cost": 7.29,"Plan Rows": 400,"Plan Width": 0,"Actual Startup Time": 0.151,"Actual Total Time": 0.154,"Actual Rows": 401,"Actual Loops": 1,"Index Cond": "(s_nationkey = nation.n_nationkey)"}]}]},{"Node Type": "Index Scan","Parent Relationship": "Inner","Parallel Aware": false,"Async Capable": false,"Scan Direction": "Forward","Index Name": "idx_partsupp_suppkey","Relation Name": "partsupp","Alias": "partsupp","Startup Cost": 0.42,"Total Cost": 9.07,"Plan Rows": 80,"Plan Width": 18,"Actual Startup Time": 0.018,"Actual Total Time": 0.467,"Actual Rows": 80,"Actual Loops": 401,"Index Cond": "(ps_suppkey = supplier.s_suppkey)","Rows Removed by Index Recheck": 0}]}]}]},"Planning Time": 6.216,"Triggers": [],"Execution Time": 442.343}]
[{"Plan": {"Node Type": "Sort","Parallel Aware": false,"Async Capable": false,"Startup Cost": 10142.20,"Total Cost": 10168.87,"Plan Rows": 10667,"Plan Width": 36,"Actual Startup Time": 448.613,"Actual Total Time": 448.730,"Actual Rows": 888,"Actual Loops": 1,"Sort Key": ["(sum((partsupp.ps_supplycost * (partsupp.ps_availqty)::numeric))) DESC"],"Sort Method": "quicksort","Sort Space Used": 73,"Sort Space Type": "Memory","Plans": [{"Node Type": "Aggregate","Strategy": "Plain","Partial Mode": "Simple","Parent Relationship": "InitPlan","Subplan Name": "InitPlan 1 (returns $2)","Parallel Aware": false,"Async Capable": false,"Startup Cost": 4434.26,"Total Cost": 4434.27,"Plan Rows": 1,"Plan Width": 32,"Actual Startup Time": 133.715,"Actual Total Time": 133.740,"Actual Rows": 1,"Actual Loops": 1,"Plans": [{"Node Type": "Nested Loop","Parent Relationship": "Outer","Parallel Aware": false,"Async Capable": false,"Join Type": "Inner","Startup Cost": 7.81,"Total Cost": 4194.26,"Plan Rows": 32000,"Plan Width": 10,"Actual Startup Time": 0.220,"Actual Total Time": 126.229,"Actual Rows": 32400,"Actual Loops": 1,"Inner Unique": false,"Plans": [{"Node Type": "Nested Loop","Parent Relationship": "Outer","Parallel Aware": false,"Async Capable": false,"Join Type": "Inner","Startup Cost": 7.38,"Total Cost": 244.58,"Plan Rows": 400,"Plan Width": 4,"Actual Startup Time": 0.174,"Actual Total Time": 1.918,"Actual Rows": 405,"Actual Loops": 1,"Inner Unique": false,"Plans": [{"Node Type": "Seq Scan","Parent Relationship": "Outer","Parallel Aware": false,"Async Capable": false,"Relation Name": "nation","Alias": "nation_1","Startup Cost": 0.00,"Total Cost": 1.31,"Plan Rows": 1,"Plan Width": 4,"Actual Startup Time": 0.049,"Actual Total Time": 0.070,"Actual Rows": 1,"Actual Loops": 1,"Filter": "(n_name = 'INDONESIA'::bpchar)","Rows Removed by Filter": 24},{"Node Type": "Bitmap Heap Scan","Parent Relationship": "Inner","Parallel Aware": false,"Async Capable": false,"Relation Name": "supplier","Alias": "supplier_1","Startup Cost": 7.38,"Total Cost": 239.27,"Plan Rows": 400,"Plan Width": 8,"Actual Startup Time": 0.105,"Actual Total Time": 1.781,"Actual Rows": 405,"Actual Loops": 1,"Recheck Cond": "(s_nationkey = nation_1.n_nationkey)","Rows Removed by Index Recheck": 0,"Exact Heap Blocks": 192,"Lossy Heap Blocks": 0,"Plans": [{"Node Type": "Bitmap Index Scan","Parent Relationship": "Outer","Parallel Aware": false,"Async Capable": false,"Index Name": "idx_supplier_nation_key","Startup Cost": 0.00,"Total Cost": 7.29,"Plan Rows": 400,"Plan Width": 0,"Actual Startup Time": 0.069,"Actual Total Time": 0.075,"Actual Rows": 405,"Actual Loops": 1,"Index Cond": "(s_nationkey = nation_1.n_nationkey)"}]}]},{"Node Type": "Index Scan","Parent Relationship": "Inner","Parallel Aware": false,"Async Capable": false,"Scan Direction": "Forward","Index Name": "idx_partsupp_suppkey","Relation Name": "partsupp","Alias": "partsupp_1","Startup Cost": 0.42,"Total Cost": 9.07,"Plan Rows": 80,"Plan Width": 14,"Actual Startup Time": 0.014,"Actual Total Time": 0.294,"Actual Rows": 80,"Actual Loops": 405,"Index Cond": "(ps_suppkey = supplier_1.s_suppkey)","Rows Removed by Index Recheck": 0}]}]},{"Node Type": "Aggregate","Strategy": "Hashed","Partial Mode": "Simple","Parent Relationship": "Outer","Parallel Aware": false,"Async Capable": false,"Startup Cost": 4514.26,"Total Cost": 4994.26,"Plan Rows": 10667,"Plan Width": 36,"Actual Startup Time": 376.503,"Actual Total Time": 448.157,"Actual Rows": 888,"Actual Loops": 1,"Group Key": ["partsupp.ps_partkey"],"Filter": "(sum((partsupp.ps_supplycost * (partsupp.ps_availqty)::numeric)) > $2)","Planned Partitions": 0,"HashAgg Batches": 1,"Peak Memory Usage": 17937,"Disk Usage": 0,"Rows Removed by Filter": 29597,"Plans": [{"Node Type": "Nested Loop","Parent Relationship": "Outer","Parallel Aware": false,"Async Capable": false,"Join Type": "Inner","Startup Cost": 7.81,"Total Cost": 4194.26,"Plan Rows": 32000,"Plan Width": 14,"Actual Startup Time": 0.375,"Actual Total Time": 200.721,"Actual Rows": 32400,"Actual Loops": 1,"Inner Unique": false,"Plans": [{"Node Type": "Nested Loop","Parent Relationship": "Outer","Parallel Aware": false,"Async Capable": false,"Join Type": "Inner","Startup Cost": 7.38,"Total Cost": 244.58,"Plan Rows": 400,"Plan Width": 4,"Actual Startup Time": 0.269,"Actual Total Time": 2.791,"Actual Rows": 405,"Actual Loops": 1,"Inner Unique": false,"Plans": [{"Node Type": "Seq Scan","Parent Relationship": "Outer","Parallel Aware": false,"Async Capable": false,"Relation Name": "nation","Alias": "nation","Startup Cost": 0.00,"Total Cost": 1.31,"Plan Rows": 1,"Plan Width": 4,"Actual Startup Time": 0.076,"Actual Total Time": 0.092,"Actual Rows": 1,"Actual Loops": 1,"Filter": "(n_name = 'INDONESIA'::bpchar)","Rows Removed by Filter": 24},{"Node Type": "Bitmap Heap Scan","Parent Relationship": "Inner","Parallel Aware": false,"Async Capable": false,"Relation Name": "supplier","Alias": "supplier","Startup Cost": 7.38,"Total Cost": 239.27,"Plan Rows": 400,"Plan Width": 8,"Actual Startup Time": 0.187,"Actual Total Time": 2.648,"Actual Rows": 405,"Actual Loops": 1,"Recheck Cond": "(s_nationkey = nation.n_nationkey)","Rows Removed by Index Recheck": 0,"Exact Heap Blocks": 192,"Lossy Heap Blocks": 0,"Plans": [{"Node Type": "Bitmap Index Scan","Parent Relationship": "Outer","Parallel Aware": false,"Async Capable": false,"Index Name": "idx_supplier_nation_key","Startup Cost": 0.00,"Total Cost": 7.29,"Plan Rows": 400,"Plan Width": 0,"Actual Startup Time": 0.121,"Actual Total Time": 0.124,"Actual Rows": 405,"Actual Loops": 1,"Index Cond": "(s_nationkey = nation.n_nationkey)"}]}]},{"Node Type": "Index Scan","Parent Relationship": "Inner","Parallel Aware": false,"Async Capable": false,"Scan Direction": "Forward","Index Name": "idx_partsupp_suppkey","Relation Name": "partsupp","Alias": "partsupp","Startup Cost": 0.42,"Total Cost": 9.07,"Plan Rows": 80,"Plan Width": 18,"Actual Startup Time": 0.019,"Actual Total Time": 0.477,"Actual Rows": 80,"Actual Loops": 405,"Index Cond": "(ps_suppkey = supplier.s_suppkey)","Rows Removed by Index Recheck": 0}]}]}]},"Planning Time": 7.214,"Triggers": [],"Execution Time": 451.949}]
[{"Plan": {"Node Type": "Sort","Parallel Aware": false,"Async Capable": false,"Startup Cost": 10142.20,"Total Cost": 10168.87,"Plan Rows": 10667,"Plan Width": 36,"Actual Startup Time": 435.527,"Actual Total Time": 435.700,"Actual Rows": 1089,"Actual Loops": 1,"Sort Key": ["(sum((partsupp.ps_supplycost * (partsupp.ps_availqty)::numeric))) DESC"],"Sort Method": "quicksort","Sort Space Used": 108,"Sort Space Type": "Memory","Plans": [{"Node Type": "Aggregate","Strategy": "Plain","Partial Mode": "Simple","Parent Relationship": "InitPlan","Subplan Name": "InitPlan 1 (returns $2)","Parallel Aware": false,"Async Capable": false,"Startup Cost": 4434.26,"Total Cost": 4434.27,"Plan Rows": 1,"Plan Width": 32,"Actual Startup Time": 127.992,"Actual Total Time": 128.018,"Actual Rows": 1,"Actual Loops": 1,"Plans": [{"Node Type": "Nested Loop","Parent Relationship": "Outer","Parallel Aware": false,"Async Capable": false,"Join Type": "Inner","Startup Cost": 7.81,"Total Cost": 4194.26,"Plan Rows": 32000,"Plan Width": 10,"Actual Startup Time": 0.202,"Actual Total Time": 120.806,"Actual Rows": 31200,"Actual Loops": 1,"Inner Unique": false,"Plans": [{"Node Type": "Nested Loop","Parent Relationship": "Outer","Parallel Aware": false,"Async Capable": false,"Join Type": "Inner","Startup Cost": 7.38,"Total Cost": 244.58,"Plan Rows": 400,"Plan Width": 4,"Actual Startup Time": 0.156,"Actual Total Time": 1.780,"Actual Rows": 390,"Actual Loops": 1,"Inner Unique": false,"Plans": [{"Node Type": "Seq Scan","Parent Relationship": "Outer","Parallel Aware": false,"Async Capable": false,"Relation Name": "nation","Alias": "nation_1","Startup Cost": 0.00,"Total Cost": 1.31,"Plan Rows": 1,"Plan Width": 4,"Actual Startup Time": 0.025,"Actual Total Time": 0.037,"Actual Rows": 1,"Actual Loops": 1,"Filter": "(n_name = 'UNITED KINGDOM'::bpchar)","Rows Removed by Filter": 24},{"Node Type": "Bitmap Heap Scan","Parent Relationship": "Inner","Parallel Aware": false,"Async Capable": false,"Relation Name": "supplier","Alias": "supplier_1","Startup Cost": 7.38,"Total Cost": 239.27,"Plan Rows": 400,"Plan Width": 8,"Actual Startup Time": 0.111,"Actual Total Time": 1.680,"Actual Rows": 390,"Actual Loops": 1,"Recheck Cond": "(s_nationkey = nation_1.n_nationkey)","Rows Removed by Index Recheck": 0,"Exact Heap Blocks": 190,"Lossy Heap Blocks": 0,"Plans": [{"Node Type": "Bitmap Index Scan","Parent Relationship": "Outer","Parallel Aware": false,"Async Capable": false,"Index Name": "idx_supplier_nation_key","Startup Cost": 0.00,"Total Cost": 7.29,"Plan Rows": 400,"Plan Width": 0,"Actual Startup Time": 0.075,"Actual Total Time": 0.080,"Actual Rows": 390,"Actual Loops": 1,"Index Cond": "(s_nationkey = nation_1.n_nationkey)"}]}]},{"Node Type": "Index Scan","Parent Relationship": "Inner","Parallel Aware": false,"Async Capable": false,"Scan Direction": "Forward","Index Name": "idx_partsupp_suppkey","Relation Name": "partsupp","Alias": "partsupp_1","Startup Cost": 0.42,"Total Cost": 9.07,"Plan Rows": 80,"Plan Width": 14,"Actual Startup Time": 0.014,"Actual Total Time": 0.293,"Actual Rows": 80,"Actual Loops": 390,"Index Cond": "(ps_suppkey = supplier_1.s_suppkey)","Rows Removed by Index Recheck": 0}]}]},{"Node Type": "Aggregate","Strategy": "Hashed","Partial Mode": "Simple","Parent Relationship": "Outer","Parallel Aware": false,"Async Capable": false,"Startup Cost": 4514.26,"Total Cost": 4994.26,"Plan Rows": 10667,"Plan Width": 36,"Actual Startup Time": 365.366,"Actual Total Time": 434.999,"Actual Rows": 1089,"Actual Loops": 1,"Group Key": ["partsupp.ps_partkey"],"Filter": "(sum((partsupp.ps_supplycost * (partsupp.ps_availqty)::numeric)) > $2)","Planned Partitions": 0,"HashAgg Batches": 1,"Peak Memory Usage": 17937,"Disk Usage": 0,"Rows Removed by Filter": 28366,"Plans": [{"Node Type": "Nested Loop","Parent Relationship": "Outer","Parallel Aware": false,"Async Capable": false,"Join Type": "Inner","Startup Cost": 7.81,"Total Cost": 4194.26,"Plan Rows": 32000,"Plan Width": 14,"Actual Startup Time": 0.273,"Actual Total Time": 195.557,"Actual Rows": 31200,"Actual Loops": 1,"Inner Unique": false,"Plans": [{"Node Type": "Nested Loop","Parent Relationship": "Outer","Parallel Aware": false,"Async Capable": false,"Join Type": "Inner","Startup Cost": 7.38,"Total Cost": 244.58,"Plan Rows": 400,"Plan Width": 4,"Actual Startup Time": 0.244,"Actual Total Time": 2.901,"Actual Rows": 390,"Actual Loops": 1,"Inner Unique": false,"Plans": [{"Node Type": "Seq Scan","Parent Relationship": "Outer","Parallel Aware": false,"Async Capable": false,"Relation Name": "nation","Alias": "nation","Startup Cost": 0.00,"Total Cost": 1.31,"Plan Rows": 1,"Plan Width": 4,"Actual Startup Time": 0.065,"Actual Total Time": 0.084,"Actual Rows": 1,"Actual Loops": 1,"Filter": "(n_name = 'UNITED KINGDOM'::bpchar)","Rows Removed by Filter": 24},{"Node Type": "Bitmap Heap Scan","Parent Relationship": "Inner","Parallel Aware": false,"Async Capable": false,"Relation Name": "supplier","Alias": "supplier","Startup Cost": 7.38,"Total Cost": 239.27,"Plan Rows": 400,"Plan Width": 8,"Actual Startup Time": 0.171,"Actual Total Time": 2.762,"Actual Rows": 390,"Actual Loops": 1,"Recheck Cond": "(s_nationkey = nation.n_nationkey)","Rows Removed by Index Recheck": 0,"Exact Heap Blocks": 190,"Lossy Heap Blocks": 0,"Plans": [{"Node Type": "Bitmap Index Scan","Parent Relationship": "Outer","Parallel Aware": false,"Async Capable": false,"Index Name": "idx_supplier_nation_key","Startup Cost": 0.00,"Total Cost": 7.29,"Plan Rows": 400,"Plan Width": 0,"Actual Startup Time": 0.123,"Actual Total Time": 0.123,"Actual Rows": 390,"Actual Loops": 1,"Index Cond": "(s_nationkey = nation.n_nationkey)"}]}]},{"Node Type": "Index Scan","Parent Relationship": "Inner","Parallel Aware": false,"Async Capable": false,"Scan Direction": "Forward","Index Name": "idx_partsupp_suppkey","Relation Name": "partsupp","Alias": "partsupp","Startup Cost": 0.42,"Total Cost": 9.07,"Plan Rows": 80,"Plan Width": 18,"Actual Startup Time": 0.020,"Actual Total Time": 0.482,"Actual Rows": 80,"Actual Loops": 390,"Index Cond": "(ps_suppkey = supplier.s_suppkey)","Rows Removed by Index Recheck": 0}]}]}]},"Planning Time": 6.575,"Triggers": [],"Execution Time": 439.057}]
[{"Plan": {"Node Type": "Sort","Parallel Aware": false,"Async Capable": false,"Startup Cost": 10142.20,"Total Cost": 10168.87,"Plan Rows": 10667,"Plan Width": 36,"Actual Startup Time": 479.473,"Actual Total Time": 479.584,"Actual Rows": 514,"Actual Loops": 1,"Sort Key": ["(sum((partsupp.ps_supplycost * (partsupp.ps_availqty)::numeric))) DESC"],"Sort Method": "quicksort","Sort Space Used": 53,"Sort Space Type": "Memory","Plans": [{"Node Type": "Aggregate","Strategy": "Plain","Partial Mode": "Simple","Parent Relationship": "InitPlan","Subplan Name": "InitPlan 1 (returns $2)","Parallel Aware": false,"Async Capable": false,"Startup Cost": 4434.26,"Total Cost": 4434.27,"Plan Rows": 1,"Plan Width": 32,"Actual Startup Time": 141.847,"Actual Total Time": 141.875,"Actual Rows": 1,"Actual Loops": 1,"Plans": [{"Node Type": "Nested Loop","Parent Relationship": "Outer","Parallel Aware": false,"Async Capable": false,"Join Type": "Inner","Startup Cost": 7.81,"Total Cost": 4194.26,"Plan Rows": 32000,"Plan Width": 10,"Actual Startup Time": 0.217,"Actual Total Time": 133.744,"Actual Rows": 35040,"Actual Loops": 1,"Inner Unique": false,"Plans": [{"Node Type": "Nested Loop","Parent Relationship": "Outer","Parallel Aware": false,"Async Capable": false,"Join Type": "Inner","Startup Cost": 7.38,"Total Cost": 244.58,"Plan Rows": 400,"Plan Width": 4,"Actual Startup Time": 0.176,"Actual Total Time": 1.973,"Actual Rows": 438,"Actual Loops": 1,"Inner Unique": false,"Plans": [{"Node Type": "Seq Scan","Parent Relationship": "Outer","Parallel Aware": false,"Async Capable": false,"Relation Name": "nation","Alias": "nation_1","Startup Cost": 0.00,"Total Cost": 1.31,"Plan Rows": 1,"Plan Width": 4,"Actual Startup Time": 0.030,"Actual Total Time": 0.050,"Actual Rows": 1,"Actual Loops": 1,"Filter": "(n_name = 'IRAQ'::bpchar)","Rows Removed by Filter": 24},{"Node Type": "Bitmap Heap Scan","Parent Relationship": "Inner","Parallel Aware": false,"Async Capable": false,"Relation Name": "supplier","Alias": "supplier_1","Startup Cost": 7.38,"Total Cost": 239.27,"Plan Rows": 400,"Plan Width": 8,"Actual Startup Time": 0.128,"Actual Total Time": 1.851,"Actual Rows": 438,"Actual Loops": 1,"Recheck Cond": "(s_nationkey = nation_1.n_nationkey)","Rows Removed by Index Recheck": 0,"Exact Heap Blocks": 194,"Lossy Heap Blocks": 0,"Plans": [{"Node Type": "Bitmap Index Scan","Parent Relationship": "Outer","Parallel Aware": false,"Async Capable": false,"Index Name": "idx_supplier_nation_key","Startup Cost": 0.00,"Total Cost": 7.29,"Plan Rows": 400,"Plan Width": 0,"Actual Startup Time": 0.090,"Actual Total Time": 0.096,"Actual Rows": 438,"Actual Loops": 1,"Index Cond": "(s_nationkey = nation_1.n_nationkey)"}]}]},{"Node Type": "Index Scan","Parent Relationship": "Inner","Parallel Aware": false,"Async Capable": false,"Scan Direction": "Forward","Index Name": "idx_partsupp_suppkey","Relation Name": "partsupp","Alias": "partsupp_1","Startup Cost": 0.42,"Total Cost": 9.07,"Plan Rows": 80,"Plan Width": 14,"Actual Startup Time": 0.014,"Actual Total Time": 0.289,"Actual Rows": 80,"Actual Loops": 438,"Index Cond": "(ps_suppkey = supplier_1.s_suppkey)","Rows Removed by Index Recheck": 0}]}]},{"Node Type": "Aggregate","Strategy": "Hashed","Partial Mode": "Simple","Parent Relationship": "Outer","Parallel Aware": false,"Async Capable": false,"Startup Cost": 4514.26,"Total Cost": 4994.26,"Plan Rows": 10667,"Plan Width": 36,"Actual Startup Time": 398.650,"Actual Total Time": 479.180,"Actual Rows": 514,"Actual Loops": 1,"Group Key": ["partsupp.ps_partkey"],"Filter": "(sum((partsupp.ps_supplycost * (partsupp.ps_availqty)::numeric)) > $2)","Planned Partitions": 0,"HashAgg Batches": 1,"Peak Memory Usage": 17937,"Disk Usage": 0,"Rows Removed by Filter": 32385,"Plans": [{"Node Type": "Nested Loop","Parent Relationship": "Outer","Parallel Aware": false,"Async Capable": false,"Join Type": "Inner","Startup Cost": 7.81,"Total Cost": 4194.26,"Plan Rows": 32000,"Plan Width": 14,"Actual Startup Time": 0.368,"Actual Total Time": 210.024,"Actual Rows": 35040,"Actual Loops": 1,"Inner Unique": false,"Plans": [{"Node Type": "Nested Loop","Parent Relationship": "Outer","Parallel Aware": false,"Async Capable": false,"Join Type": "Inner","Startup Cost": 7.38,"Total Cost": 244.58,"Plan Rows": 400,"Plan Width": 4,"Actual Startup Time": 0.322,"Actual Total Time": 2.894,"Actual Rows": 438,"Actual Loops": 1,"Inner Unique": false,"Plans": [{"Node Type": "Seq Scan","Parent Relationship": "Outer","Parallel Aware": false,"Async Capable": false,"Relation Name": "nation","Alias": "nation","Startup Cost": 0.00,"Total Cost": 1.31,"Plan Rows": 1,"Plan Width": 4,"Actual Startup Time": 0.077,"Actual Total Time": 0.103,"Actual Rows": 1,"Actual Loops": 1,"Filter": "(n_name = 'IRAQ'::bpchar)","Rows Removed by Filter": 24},{"Node Type": "Bitmap Heap Scan","Parent Relationship": "Inner","Parallel Aware": false,"Async Capable": false,"Relation Name": "supplier","Alias": "supplier","Startup Cost": 7.38,"Total Cost": 239.27,"Plan Rows": 400,"Plan Width": 8,"Actual Startup Time": 0.239,"Actual Total Time": 2.735,"Actual Rows": 438,"Actual Loops": 1,"Recheck Cond": "(s_nationkey = nation.n_nationkey)","Rows Removed by Index Recheck": 0,"Exact Heap Blocks": 194,"Lossy Heap Blocks": 0,"Plans": [{"Node Type": "Bitmap Index Scan","Parent Relationship": "Outer","Parallel Aware": false,"Async Capable": false,"Index Name": "idx_supplier_nation_key","Startup Cost": 0.00,"Total Cost": 7.29,"Plan Rows": 400,"Plan Width": 0,"Actual Startup Time": 0.165,"Actual Total Time": 0.169,"Actual Rows": 438,"Actual Loops": 1,"Index Cond": "(s_nationkey = nation.n_nationkey)"}]}]},{"Node Type": "Index Scan","Parent Relationship": "Inner","Parallel Aware": false,"Async Capable": false,"Scan Direction": "Forward","Index Name": "idx_partsupp_suppkey","Relation Name": "partsupp","Alias": "partsupp","Startup Cost": 0.42,"Total Cost": 9.07,"Plan Rows": 80,"Plan Width": 18,"Actual Startup Time": 0.019,"Actual Total Time": 0.461,"Actual Rows": 80,"Actual Loops": 438,"Index Cond": "(ps_suppkey = supplier.s_suppkey)","Rows Removed by Index Recheck": 0}]}]}]},"Planning Time": 5.748,"Triggers": [],"Execution Time": 483.087}]
[{"Plan": {"Node Type": "Sort","Parallel Aware": false,"Async Capable": false,"Startup Cost": 10142.20,"Total Cost": 10168.87,"Plan Rows": 10667,"Plan Width": 36,"Actual Startup Time": 433.392,"Actual Total Time": 433.521,"Actual Rows": 1062,"Actual Loops": 1,"Sort Key": ["(sum((partsupp.ps_supplycost * (partsupp.ps_availqty)::numeric))) DESC"],"Sort Method": "quicksort","Sort Space Used": 107,"Sort Space Type": "Memory","Plans": [{"Node Type": "Aggregate","Strategy": "Plain","Partial Mode": "Simple","Parent Relationship": "InitPlan","Subplan Name": "InitPlan 1 (returns $2)","Parallel Aware": false,"Async Capable": false,"Startup Cost": 4434.26,"Total Cost": 4434.27,"Plan Rows": 1,"Plan Width": 32,"Actual Startup Time": 125.971,"Actual Total Time": 125.990,"Actual Rows": 1,"Actual Loops": 1,"Plans": [{"Node Type": "Nested Loop","Parent Relationship": "Outer","Parallel Aware": false,"Async Capable": false,"Join Type": "Inner","Startup Cost": 7.81,"Total Cost": 4194.26,"Plan Rows": 32000,"Plan Width": 10,"Actual Startup Time": 0.203,"Actual Total Time": 118.781,"Actual Rows": 31440,"Actual Loops": 1,"Inner Unique": false,"Plans": [{"Node Type": "Nested Loop","Parent Relationship": "Outer","Parallel Aware": false,"Async Capable": false,"Join Type": "Inner","Startup Cost": 7.38,"Total Cost": 244.58,"Plan Rows": 400,"Plan Width": 4,"Actual Startup Time": 0.157,"Actual Total Time": 1.656,"Actual Rows": 393,"Actual Loops": 1,"Inner Unique": false,"Plans": [{"Node Type": "Seq Scan","Parent Relationship": "Outer","Parallel Aware": false,"Async Capable": false,"Relation Name": "nation","Alias": "nation_1","Startup Cost": 0.00,"Total Cost": 1.31,"Plan Rows": 1,"Plan Width": 4,"Actual Startup Time": 0.034,"Actual Total Time": 0.054,"Actual Rows": 1,"Actual Loops": 1,"Filter": "(n_name = 'IRAN'::bpchar)","Rows Removed by Filter": 24},{"Node Type": "Bitmap Heap Scan","Parent Relationship": "Inner","Parallel Aware": false,"Async Capable": false,"Relation Name": "supplier","Alias": "supplier_1","Startup Cost": 7.38,"Total Cost": 239.27,"Plan Rows": 400,"Plan Width": 8,"Actual Startup Time": 0.107,"Actual Total Time": 1.545,"Actual Rows": 393,"Actual Loops": 1,"Recheck Cond": "(s_nationkey = nation_1.n_nationkey)","Rows Removed by Index Recheck": 0,"Exact Heap Blocks": 179,"Lossy Heap Blocks": 0,"Plans": [{"Node Type": "Bitmap Index Scan","Parent Relationship": "Outer","Parallel Aware": false,"Async Capable": false,"Index Name": "idx_supplier_nation_key","Startup Cost": 0.00,"Total Cost": 7.29,"Plan Rows": 400,"Plan Width": 0,"Actual Startup Time": 0.076,"Actual Total Time": 0.080,"Actual Rows": 393,"Actual Loops": 1,"Index Cond": "(s_nationkey = nation_1.n_nationkey)"}]}]},{"Node Type": "Index Scan","Parent Relationship": "Inner","Parallel Aware": false,"Async Capable": false,"Scan Direction": "Forward","Index Name": "idx_partsupp_suppkey","Relation Name": "partsupp","Alias": "partsupp_1","Startup Cost": 0.42,"Total Cost": 9.07,"Plan Rows": 80,"Plan Width": 14,"Actual Startup Time": 0.014,"Actual Total Time": 0.286,"Actual Rows": 80,"Actual Loops": 393,"Index Cond": "(ps_suppkey = supplier_1.s_suppkey)","Rows Removed by Index Recheck": 0}]}]},{"Node Type": "Aggregate","Strategy": "Hashed","Partial Mode": "Simple","Parent Relationship": "Outer","Parallel Aware": false,"Async Capable": false,"Startup Cost": 4514.26,"Total Cost": 4994.26,"Plan Rows": 10667,"Plan Width": 36,"Actual Startup Time": 362.794,"Actual Total Time": 432.898,"Actual Rows": 1062,"Actual Loops": 1,"Group Key": ["partsupp.ps_partkey"],"Filter": "(sum((partsupp.ps_supplycost * (partsupp.ps_availqty)::numeric)) > $2)","Planned Partitions": 0,"HashAgg Batches": 1,"Peak Memory Usage": 17937,"Disk Usage": 0,"Rows Removed by Filter": 28595,"Plans": [{"Node Type": "Nested Loop","Parent Relationship": "Outer","Parallel Aware": false,"Async Capable": false,"Join Type": "Inner","Startup Cost": 7.81,"Total Cost": 4194.26,"Plan Rows": 32000,"Plan Width": 14,"Actual Startup Time": 0.338,"Actual Total Time": 194.810,"Actual Rows": 31440,"Actual Loops": 1,"Inner Unique": false,"Plans": [{"Node Type": "Nested Loop","Parent Relationship": "Outer","Parallel Aware": false,"Async Capable": false,"Join Type": "Inner","Startup Cost": 7.38,"Total Cost": 244.58,"Plan Rows": 400,"Plan Width": 4,"Actual Startup Time": 0.285,"Actual Total Time": 2.779,"Actual Rows": 393,"Actual Loops": 1,"Inner Unique": false,"Plans": [{"Node Type": "Seq Scan","Parent Relationship": "Outer","Parallel Aware": false,"Async Capable": false,"Relation Name": "nation","Alias": "nation","Startup Cost": 0.00,"Total Cost": 1.31,"Plan Rows": 1,"Plan Width": 4,"Actual Startup Time": 0.074,"Actual Total Time": 0.096,"Actual Rows": 1,"Actual Loops": 1,"Filter": "(n_name = 'IRAN'::bpchar)","Rows Removed by Filter": 24},{"Node Type": "Bitmap Heap Scan","Parent Relationship": "Inner","Parallel Aware": false,"Async Capable": false,"Relation Name": "supplier","Alias": "supplier","Startup Cost": 7.38,"Total Cost": 239.27,"Plan Rows": 400,"Plan Width": 8,"Actual Startup Time": 0.203,"Actual Total Time": 2.632,"Actual Rows": 393,"Actual Loops": 1,"Recheck Cond": "(s_nationkey = nation.n_nationkey)","Rows Removed by Index Recheck": 0,"Exact Heap Blocks": 179,"Lossy Heap Blocks": 0,"Plans": [{"Node Type": "Bitmap Index Scan","Parent Relationship": "Outer","Parallel Aware": false,"Async Capable": false,"Index Name": "idx_supplier_nation_key","Startup Cost": 0.00,"Total Cost": 7.29,"Plan Rows": 400,"Plan Width": 0,"Actual Startup Time": 0.138,"Actual Total Time": 0.139,"Actual Rows": 393,"Actual Loops": 1,"Index Cond": "(s_nationkey = nation.n_nationkey)"}]}]},{"Node Type": "Index Scan","Parent Relationship": "Inner","Parallel Aware": false,"Async Capable": false,"Scan Direction": "Forward","Index Name": "idx_partsupp_suppkey","Relation Name": "partsupp","Alias": "partsupp","Startup Cost": 0.42,"Total Cost": 9.07,"Plan Rows": 80,"Plan Width": 18,"Actual Startup Time": 0.019,"Actual Total Time": 0.477,"Actual Rows": 80,"Actual Loops": 393,"Index Cond": "(ps_suppkey = supplier.s_suppkey)","Rows Removed by Index Recheck": 0}]}]}]},"Planning Time": 6.603,"Triggers": [],"Execution Time": 437.000}]
[{"Plan": {"Node Type": "Sort","Parallel Aware": false,"Async Capable": false,"Startup Cost": 10142.20,"Total Cost": 10168.87,"Plan Rows": 10667,"Plan Width": 36,"Actual Startup Time": 443.389,"Actual Total Time": 443.514,"Actual Rows": 1031,"Actual Loops": 1,"Sort Key": ["(sum((partsupp.ps_supplycost * (partsupp.ps_availqty)::numeric))) DESC"],"Sort Method": "quicksort","Sort Space Used": 105,"Sort Space Type": "Memory","Plans": [{"Node Type": "Aggregate","Strategy": "Plain","Partial Mode": "Simple","Parent Relationship": "InitPlan","Subplan Name": "InitPlan 1 (returns $2)","Parallel Aware": false,"Async Capable": false,"Startup Cost": 4434.26,"Total Cost": 4434.27,"Plan Rows": 1,"Plan Width": 32,"Actual Startup Time": 132.940,"Actual Total Time": 132.957,"Actual Rows": 1,"Actual Loops": 1,"Plans": [{"Node Type": "Nested Loop","Parent Relationship": "Outer","Parallel Aware": false,"Async Capable": false,"Join Type": "Inner","Startup Cost": 7.81,"Total Cost": 4194.26,"Plan Rows": 32000,"Plan Width": 10,"Actual Startup Time": 0.263,"Actual Total Time": 125.681,"Actual Rows": 31440,"Actual Loops": 1,"Inner Unique": false,"Plans": [{"Node Type": "Nested Loop","Parent Relationship": "Outer","Parallel Aware": false,"Async Capable": false,"Join Type": "Inner","Startup Cost": 7.38,"Total Cost": 244.58,"Plan Rows": 400,"Plan Width": 4,"Actual Startup Time": 0.205,"Actual Total Time": 1.775,"Actual Rows": 393,"Actual Loops": 1,"Inner Unique": false,"Plans": [{"Node Type": "Seq Scan","Parent Relationship": "Outer","Parallel Aware": false,"Async Capable": false,"Relation Name": "nation","Alias": "nation_1","Startup Cost": 0.00,"Total Cost": 1.31,"Plan Rows": 1,"Plan Width": 4,"Actual Startup Time": 0.056,"Actual Total Time": 0.062,"Actual Rows": 1,"Actual Loops": 1,"Filter": "(n_name = 'UNITED STATES'::bpchar)","Rows Removed by Filter": 24},{"Node Type": "Bitmap Heap Scan","Parent Relationship": "Inner","Parallel Aware": false,"Async Capable": false,"Relation Name": "supplier","Alias": "supplier_1","Startup Cost": 7.38,"Total Cost": 239.27,"Plan Rows": 400,"Plan Width": 8,"Actual Startup Time": 0.126,"Actual Total Time": 1.648,"Actual Rows": 393,"Actual Loops": 1,"Recheck Cond": "(s_nationkey = nation_1.n_nationkey)","Rows Removed by Index Recheck": 0,"Exact Heap Blocks": 181,"Lossy Heap Blocks": 0,"Plans": [{"Node Type": "Bitmap Index Scan","Parent Relationship": "Outer","Parallel Aware": false,"Async Capable": false,"Index Name": "idx_supplier_nation_key","Startup Cost": 0.00,"Total Cost": 7.29,"Plan Rows": 400,"Plan Width": 0,"Actual Startup Time": 0.087,"Actual Total Time": 0.091,"Actual Rows": 393,"Actual Loops": 1,"Index Cond": "(s_nationkey = nation_1.n_nationkey)"}]}]},{"Node Type": "Index Scan","Parent Relationship": "Inner","Parallel Aware": false,"Async Capable": false,"Scan Direction": "Forward","Index Name": "idx_partsupp_suppkey","Relation Name": "partsupp","Alias": "partsupp_1","Startup Cost": 0.42,"Total Cost": 9.07,"Plan Rows": 80,"Plan Width": 14,"Actual Startup Time": 0.015,"Actual Total Time": 0.303,"Actual Rows": 80,"Actual Loops": 393,"Index Cond": "(ps_suppkey = supplier_1.s_suppkey)","Rows Removed by Index Recheck": 0}]}]},{"Node Type": "Aggregate","Strategy": "Hashed","Partial Mode": "Simple","Parent Relationship": "Outer","Parallel Aware": false,"Async Capable": false,"Startup Cost": 4514.26,"Total Cost": 4994.26,"Plan Rows": 10667,"Plan Width": 36,"Actual Startup Time": 371.004,"Actual Total Time": 442.894,"Actual Rows": 1031,"Actual Loops": 1,"Group Key": ["partsupp.ps_partkey"],"Filter": "(sum((partsupp.ps_supplycost * (partsupp.ps_availqty)::numeric)) > $2)","Planned Partitions": 0,"HashAgg Batches": 1,"Peak Memory Usage": 17937,"Disk Usage": 0,"Rows Removed by Filter": 28434,"Plans": [{"Node Type": "Nested Loop","Parent Relationship": "Outer","Parallel Aware": false,"Async Capable": false,"Join Type": "Inner","Startup Cost": 7.81,"Total Cost": 4194.26,"Plan Rows": 32000,"Plan Width": 14,"Actual Startup Time": 0.317,"Actual Total Time": 191.179,"Actual Rows": 31440,"Actual Loops": 1,"Inner Unique": false,"Plans": [{"Node Type": "Nested Loop","Parent Relationship": "Outer","Parallel Aware": false,"Async Capable": false,"Join Type": "Inner","Startup Cost": 7.38,"Total Cost": 244.58,"Plan Rows": 400,"Plan Width": 4,"Actual Startup Time": 0.258,"Actual Total Time": 2.692,"Actual Rows": 393,"Actual Loops": 1,"Inner Unique": false,"Plans": [{"Node Type": "Seq Scan","Parent Relationship": "Outer","Parallel Aware": false,"Async Capable": false,"Relation Name": "nation","Alias": "nation","Startup Cost": 0.00,"Total Cost": 1.31,"Plan Rows": 1,"Plan Width": 4,"Actual Startup Time": 0.065,"Actual Total Time": 0.076,"Actual Rows": 1,"Actual Loops": 1,"Filter": "(n_name = 'UNITED STATES'::bpchar)","Rows Removed by Filter": 24},{"Node Type": "Bitmap Heap Scan","Parent Relationship": "Inner","Parallel Aware": false,"Async Capable": false,"Relation Name": "supplier","Alias": "supplier","Startup Cost": 7.38,"Total Cost": 239.27,"Plan Rows": 400,"Plan Width": 8,"Actual Startup Time": 0.185,"Actual Total Time": 2.562,"Actual Rows": 393,"Actual Loops": 1,"Recheck Cond": "(s_nationkey = nation.n_nationkey)","Rows Removed by Index Recheck": 0,"Exact Heap Blocks": 181,"Lossy Heap Blocks": 0,"Plans": [{"Node Type": "Bitmap Index Scan","Parent Relationship": "Outer","Parallel Aware": false,"Async Capable": false,"Index Name": "idx_supplier_nation_key","Startup Cost": 0.00,"Total Cost": 7.29,"Plan Rows": 400,"Plan Width": 0,"Actual Startup Time": 0.119,"Actual Total Time": 0.122,"Actual Rows": 393,"Actual Loops": 1,"Index Cond": "(s_nationkey = nation.n_nationkey)"}]}]},{"Node Type": "Index Scan","Parent Relationship": "Inner","Parallel Aware": false,"Async Capable": false,"Scan Direction": "Forward","Index Name": "idx_partsupp_suppkey","Relation Name": "partsupp","Alias": "partsupp","Startup Cost": 0.42,"Total Cost": 9.07,"Plan Rows": 80,"Plan Width": 18,"Actual Startup Time": 0.020,"Actual Total Time": 0.468,"Actual Rows": 80,"Actual Loops": 393,"Index Cond": "(ps_suppkey = supplier.s_suppkey)","Rows Removed by Index Recheck": 0}]}]}]},"Planning Time": 7.102,"Triggers": [],"Execution Time": 445.930}]
[{"Plan": {"Node Type": "Sort","Parallel Aware": false,"Async Capable": false,"Startup Cost": 10142.20,"Total Cost": 10168.87,"Plan Rows": 10667,"Plan Width": 36,"Actual Startup Time": 400.788,"Actual Total Time": 400.942,"Actual Rows": 1469,"Actual Loops": 1,"Sort Key": ["(sum((partsupp.ps_supplycost * (partsupp.ps_availqty)::numeric))) DESC"],"Sort Method": "quicksort","Sort Space Used": 129,"Sort Space Type": "Memory","Plans": [{"Node Type": "Aggregate","Strategy": "Plain","Partial Mode": "Simple","Parent Relationship": "InitPlan","Subplan Name": "InitPlan 1 (returns $2)","Parallel Aware": false,"Async Capable": false,"Startup Cost": 4434.26,"Total Cost": 4434.27,"Plan Rows": 1,"Plan Width": 32,"Actual Startup Time": 117.250,"Actual Total Time": 117.272,"Actual Rows": 1,"Actual Loops": 1,"Plans": [{"Node Type": "Nested Loop","Parent Relationship": "Outer","Parallel Aware": false,"Async Capable": false,"Join Type": "Inner","Startup Cost": 7.81,"Total Cost": 4194.26,"Plan Rows": 32000,"Plan Width": 10,"Actual Startup Time": 0.216,"Actual Total Time": 110.575,"Actual Rows": 28960,"Actual Loops": 1,"Inner Unique": false,"Plans": [{"Node Type": "Nested Loop","Parent Relationship": "Outer","Parallel Aware": false,"Async Capable": false,"Join Type": "Inner","Startup Cost": 7.38,"Total Cost": 244.58,"Plan Rows": 400,"Plan Width": 4,"Actual Startup Time": 0.161,"Actual Total Time": 1.515,"Actual Rows": 362,"Actual Loops": 1,"Inner Unique": false,"Plans": [{"Node Type": "Seq Scan","Parent Relationship": "Outer","Parallel Aware": false,"Async Capable": false,"Relation Name": "nation","Alias": "nation_1","Startup Cost": 0.00,"Total Cost": 1.31,"Plan Rows": 1,"Plan Width": 4,"Actual Startup Time": 0.032,"Actual Total Time": 0.051,"Actual Rows": 1,"Actual Loops": 1,"Filter": "(n_name = 'JORDAN'::bpchar)","Rows Removed by Filter": 24},{"Node Type": "Bitmap Heap Scan","Parent Relationship": "Inner","Parallel Aware": false,"Async Capable": false,"Relation Name": "supplier","Alias": "supplier_1","Startup Cost": 7.38,"Total Cost": 239.27,"Plan Rows": 400,"Plan Width": 8,"Actual Startup Time": 0.117,"Actual Total Time": 1.415,"Actual Rows": 362,"Actual Loops": 1,"Recheck Cond": "(s_nationkey = nation_1.n_nationkey)","Rows Removed by Index Recheck": 0,"Exact Heap Blocks": 166,"Lossy Heap Blocks": 0,"Plans": [{"Node Type": "Bitmap Index Scan","Parent Relationship": "Outer","Parallel Aware": false,"Async Capable": false,"Index Name": "idx_supplier_nation_key","Startup Cost": 0.00,"Total Cost": 7.29,"Plan Rows": 400,"Plan Width": 0,"Actual Startup Time": 0.075,"Actual Total Time": 0.079,"Actual Rows": 362,"Actual Loops": 1,"Index Cond": "(s_nationkey = nation_1.n_nationkey)"}]}]},{"Node Type": "Index Scan","Parent Relationship": "Inner","Parallel Aware": false,"Async Capable": false,"Scan Direction": "Forward","Index Name": "idx_partsupp_suppkey","Relation Name": "partsupp","Alias": "partsupp_1","Startup Cost": 0.42,"Total Cost": 9.07,"Plan Rows": 80,"Plan Width": 14,"Actual Startup Time": 0.014,"Actual Total Time": 0.289,"Actual Rows": 80,"Actual Loops": 362,"Index Cond": "(ps_suppkey = supplier_1.s_suppkey)","Rows Removed by Index Recheck": 0}]}]},{"Node Type": "Aggregate","Strategy": "Hashed","Partial Mode": "Simple","Parent Relationship": "Outer","Parallel Aware": false,"Async Capable": false,"Startup Cost": 4514.26,"Total Cost": 4994.26,"Plan Rows": 10667,"Plan Width": 36,"Actual Startup Time": 338.606,"Actual Total Time": 400.138,"Actual Rows": 1469,"Actual Loops": 1,"Group Key": ["partsupp.ps_partkey"],"Filter": "(sum((partsupp.ps_supplycost * (partsupp.ps_availqty)::numeric)) > $2)","Planned Partitions": 0,"HashAgg Batches": 1,"Peak Memory Usage": 17937,"Disk Usage": 0,"Rows Removed by Filter": 25896,"Plans": [{"Node Type": "Nested Loop","Parent Relationship": "Outer","Parallel Aware": false,"Async Capable": false,"Join Type": "Inner","Startup Cost": 7.81,"Total Cost": 4194.26,"Plan Rows": 32000,"Plan Width": 14,"Actual Startup Time": 0.314,"Actual Total Time": 181.118,"Actual Rows": 28960,"Actual Loops": 1,"Inner Unique": false,"Plans": [{"Node Type": "Nested Loop","Parent Relationship": "Outer","Parallel Aware": false,"Async Capable": false,"Join Type": "Inner","Startup Cost": 7.38,"Total Cost": 244.58,"Plan Rows": 400,"Plan Width": 4,"Actual Startup Time": 0.258,"Actual Total Time": 2.692,"Actual Rows": 362,"Actual Loops": 1,"Inner Unique": false,"Plans": [{"Node Type": "Seq Scan","Parent Relationship": "Outer","Parallel Aware": false,"Async Capable": false,"Relation Name": "nation","Alias": "nation","Startup Cost": 0.00,"Total Cost": 1.31,"Plan Rows": 1,"Plan Width": 4,"Actual Startup Time": 0.077,"Actual Total Time": 0.107,"Actual Rows": 1,"Actual Loops": 1,"Filter": "(n_name = 'JORDAN'::bpchar)","Rows Removed by Filter": 24},{"Node Type": "Bitmap Heap Scan","Parent Relationship": "Inner","Parallel Aware": false,"Async Capable": false,"Relation Name": "supplier","Alias": "supplier","Startup Cost": 7.38,"Total Cost": 239.27,"Plan Rows": 400,"Plan Width": 8,"Actual Startup Time": 0.172,"Actual Total Time": 2.539,"Actual Rows": 362,"Actual Loops": 1,"Recheck Cond": "(s_nationkey = nation.n_nationkey)","Rows Removed by Index Recheck": 0,"Exact Heap Blocks": 166,"Lossy Heap Blocks": 0,"Plans": [{"Node Type": "Bitmap Index Scan","Parent Relationship": "Outer","Parallel Aware": false,"Async Capable": false,"Index Name": "idx_supplier_nation_key","Startup Cost": 0.00,"Total Cost": 7.29,"Plan Rows": 400,"Plan Width": 0,"Actual Startup Time": 0.117,"Actual Total Time": 0.118,"Actual Rows": 362,"Actual Loops": 1,"Index Cond": "(s_nationkey = nation.n_nationkey)"}]}]},{"Node Type": "Index Scan","Parent Relationship": "Inner","Parallel Aware": false,"Async Capable": false,"Scan Direction": "Forward","Index Name": "idx_partsupp_suppkey","Relation Name": "partsupp","Alias": "partsupp","Startup Cost": 0.42,"Total Cost": 9.07,"Plan Rows": 80,"Plan Width": 18,"Actual Startup Time": 0.019,"Actual Total Time": 0.481,"Actual Rows": 80,"Actual Loops": 362,"Index Cond": "(ps_suppkey = supplier.s_suppkey)","Rows Removed by Index Recheck": 0}]}]}]},"Planning Time": 6.843,"Triggers": [],"Execution Time": 403.999}]
[{"Plan": {"Node Type": "Sort","Parallel Aware": false,"Async Capable": false,"Startup Cost": 10142.20,"Total Cost": 10168.87,"Plan Rows": 10667,"Plan Width": 36,"Actual Startup Time": 454.370,"Actual Total Time": 454.495,"Actual Rows": 925,"Actual Loops": 1,"Sort Key": ["(sum((partsupp.ps_supplycost * (partsupp.ps_availqty)::numeric))) DESC"],"Sort Method": "quicksort","Sort Space Used": 75,"Sort Space Type": "Memory","Plans": [{"Node Type": "Aggregate","Strategy": "Plain","Partial Mode": "Simple","Parent Relationship": "InitPlan","Subplan Name": "InitPlan 1 (returns $2)","Parallel Aware": false,"Async Capable": false,"Startup Cost": 4434.26,"Total Cost": 4434.27,"Plan Rows": 1,"Plan Width": 32,"Actual Startup Time": 135.908,"Actual Total Time": 135.923,"Actual Rows": 1,"Actual Loops": 1,"Plans": [{"Node Type": "Nested Loop","Parent Relationship": "Outer","Parallel Aware": false,"Async Capable": false,"Join Type": "Inner","Startup Cost": 7.81,"Total Cost": 4194.26,"Plan Rows": 32000,"Plan Width": 10,"Actual Startup Time": 0.237,"Actual Total Time": 128.564,"Actual Rows": 31840,"Actual Loops": 1,"Inner Unique": false,"Plans": [{"Node Type": "Nested Loop","Parent Relationship": "Outer","Parallel Aware": false,"Async Capable": false,"Join Type": "Inner","Startup Cost": 7.38,"Total Cost": 244.58,"Plan Rows": 400,"Plan Width": 4,"Actual Startup Time": 0.190,"Actual Total Time": 1.776,"Actual Rows": 398,"Actual Loops": 1,"Inner Unique": false,"Plans": [{"Node Type": "Seq Scan","Parent Relationship": "Outer","Parallel Aware": false,"Async Capable": false,"Relation Name": "nation","Alias": "nation_1","Startup Cost": 0.00,"Total Cost": 1.31,"Plan Rows": 1,"Plan Width": 4,"Actual Startup Time": 0.045,"Actual Total Time": 0.060,"Actual Rows": 1,"Actual Loops": 1,"Filter": "(n_name = 'ROMANIA'::bpchar)","Rows Removed by Filter": 24},{"Node Type": "Bitmap Heap Scan","Parent Relationship": "Inner","Parallel Aware": false,"Async Capable": false,"Relation Name": "supplier","Alias": "supplier_1","Startup Cost": 7.38,"Total Cost": 239.27,"Plan Rows": 400,"Plan Width": 8,"Actual Startup Time": 0.127,"Actual Total Time": 1.656,"Actual Rows": 398,"Actual Loops": 1,"Recheck Cond": "(s_nationkey = nation_1.n_nationkey)","Rows Removed by Index Recheck": 0,"Exact Heap Blocks": 186,"Lossy Heap Blocks": 0,"Plans": [{"Node Type": "Bitmap Index Scan","Parent Relationship": "Outer","Parallel Aware": false,"Async Capable": false,"Index Name": "idx_supplier_nation_key","Startup Cost": 0.00,"Total Cost": 7.29,"Plan Rows": 400,"Plan Width": 0,"Actual Startup Time": 0.081,"Actual Total Time": 0.084,"Actual Rows": 398,"Actual Loops": 1,"Index Cond": "(s_nationkey = nation_1.n_nationkey)"}]}]},{"Node Type": "Index Scan","Parent Relationship": "Inner","Parallel Aware": false,"Async Capable": false,"Scan Direction": "Forward","Index Name": "idx_partsupp_suppkey","Relation Name": "partsupp","Alias": "partsupp_1","Startup Cost": 0.42,"Total Cost": 9.07,"Plan Rows": 80,"Plan Width": 14,"Actual Startup Time": 0.015,"Actual Total Time": 0.306,"Actual Rows": 80,"Actual Loops": 398,"Index Cond": "(ps_suppkey = supplier_1.s_suppkey)","Rows Removed by Index Recheck": 0}]}]},{"Node Type": "Aggregate","Strategy": "Hashed","Partial Mode": "Simple","Parent Relationship": "Outer","Parallel Aware": false,"Async Capable": false,"Startup Cost": 4514.26,"Total Cost": 4994.26,"Plan Rows": 10667,"Plan Width": 36,"Actual Startup Time": 383.049,"Actual Total Time": 453.972,"Actual Rows": 925,"Actual Loops": 1,"Group Key": ["partsupp.ps_partkey"],"Filter": "(sum((partsupp.ps_supplycost * (partsupp.ps_availqty)::numeric)) > $2)","Planned Partitions": 0,"HashAgg Batches": 1,"Peak Memory Usage": 17937,"Disk Usage": 0,"Rows Removed by Filter": 29106,"Plans": [{"Node Type": "Nested Loop","Parent Relationship": "Outer","Parallel Aware": false,"Async Capable": false,"Join Type": "Inner","Startup Cost": 7.81,"Total Cost": 4194.26,"Plan Rows": 32000,"Plan Width": 14,"Actual Startup Time": 0.324,"Actual Total Time": 197.326,"Actual Rows": 31840,"Actual Loops": 1,"Inner Unique": false,"Plans": [{"Node Type": "Nested Loop","Parent Relationship": "Outer","Parallel Aware": false,"Async Capable": false,"Join Type": "Inner","Startup Cost": 7.38,"Total Cost": 244.58,"Plan Rows": 400,"Plan Width": 4,"Actual Startup Time": 0.245,"Actual Total Time": 2.763,"Actual Rows": 398,"Actual Loops": 1,"Inner Unique": false,"Plans": [{"Node Type": "Seq Scan","Parent Relationship": "Outer","Parallel Aware": false,"Async Capable": false,"Relation Name": "nation","Alias": "nation","Startup Cost": 0.00,"Total Cost": 1.31,"Plan Rows": 1,"Plan Width": 4,"Actual Startup Time": 0.070,"Actual Total Time": 0.094,"Actual Rows": 1,"Actual Loops": 1,"Filter": "(n_name = 'ROMANIA'::bpchar)","Rows Removed by Filter": 24},{"Node Type": "Bitmap Heap Scan","Parent Relationship": "Inner","Parallel Aware": false,"Async Capable": false,"Relation Name": "supplier","Alias": "supplier","Startup Cost": 7.38,"Total Cost": 239.27,"Plan Rows": 400,"Plan Width": 8,"Actual Startup Time": 0.167,"Actual Total Time": 2.613,"Actual Rows": 398,"Actual Loops": 1,"Recheck Cond": "(s_nationkey = nation.n_nationkey)","Rows Removed by Index Recheck": 0,"Exact Heap Blocks": 186,"Lossy Heap Blocks": 0,"Plans": [{"Node Type": "Bitmap Index Scan","Parent Relationship": "Outer","Parallel Aware": false,"Async Capable": false,"Index Name": "idx_supplier_nation_key","Startup Cost": 0.00,"Total Cost": 7.29,"Plan Rows": 400,"Plan Width": 0,"Actual Startup Time": 0.108,"Actual Total Time": 0.110,"Actual Rows": 398,"Actual Loops": 1,"Index Cond": "(s_nationkey = nation.n_nationkey)"}]}]},{"Node Type": "Index Scan","Parent Relationship": "Inner","Parallel Aware": false,"Async Capable": false,"Scan Direction": "Forward","Index Name": "idx_partsupp_suppkey","Relation Name": "partsupp","Alias": "partsupp","Startup Cost": 0.42,"Total Cost": 9.07,"Plan Rows": 80,"Plan Width": 18,"Actual Startup Time": 0.020,"Actual Total Time": 0.477,"Actual Rows": 80,"Actual Loops": 398,"Index Cond": "(ps_suppkey = supplier.s_suppkey)","Rows Removed by Index Recheck": 0}]}]}]},"Planning Time": 5.113,"Triggers": [],"Execution Time": 456.866}]
[{"Plan": {"Node Type": "Sort","Parallel Aware": false,"Async Capable": false,"Startup Cost": 10142.20,"Total Cost": 10168.87,"Plan Rows": 10667,"Plan Width": 36,"Actual Startup Time": 454.370,"Actual Total Time": 454.495,"Actual Rows": 925,"Actual Loops": 1,"Sort Key": ["(sum((partsupp.ps_supplycost * (partsupp.ps_availqty)::numeric))) DESC"],"Sort Method": "quicksort","Sort Space Used": 75,"Sort Space Type": "Memory","Plans": [{"Node Type": "Aggregate","Strategy": "Plain","Partial Mode": "Simple","Parent Relationship": "InitPlan","Subplan Name": "InitPlan 1 (returns $2)","Parallel Aware": false,"Async Capable": false,"Startup Cost": 4434.26,"Total Cost": 4434.27,"Plan Rows": 1,"Plan Width": 32,"Actual Startup Time": 135.908,"Actual Total Time": 135.923,"Actual Rows": 1,"Actual Loops": 1,"Plans": [{"Node Type": "Nested Loop","Parent Relationship": "Outer","Parallel Aware": false,"Async Capable": false,"Join Type": "Inner","Startup Cost": 7.81,"Total Cost": 4194.26,"Plan Rows": 32000,"Plan Width": 10,"Actual Startup Time": 0.237,"Actual Total Time": 128.564,"Actual Rows": 31840,"Actual Loops": 1,"Inner Unique": false,"Plans": [{"Node Type": "Nested Loop","Parent Relationship": "Outer","Parallel Aware": false,"Async Capable": false,"Join Type": "Inner","Startup Cost": 7.38,"Total Cost": 244.58,"Plan Rows": 400,"Plan Width": 4,"Actual Startup Time": 0.190,"Actual Total Time": 1.776,"Actual Rows": 398,"Actual Loops": 1,"Inner Unique": false,"Plans": [{"Node Type": "Seq Scan","Parent Relationship": "Outer","Parallel Aware": false,"Async Capable": false,"Relation Name": "nation","Alias": "nation_1","Startup Cost": 0.00,"Total Cost": 1.31,"Plan Rows": 1,"Plan Width": 4,"Actual Startup Time": 0.045,"Actual Total Time": 0.060,"Actual Rows": 1,"Actual Loops": 1,"Filter": "(n_name = 'ROMANIA'::bpchar)","Rows Removed by Filter": 24},{"Node Type": "Bitmap Heap Scan","Parent Relationship": "Inner","Parallel Aware": false,"Async Capable": false,"Relation Name": "supplier","Alias": "supplier_1","Startup Cost": 7.38,"Total Cost": 239.27,"Plan Rows": 400,"Plan Width": 8,"Actual Startup Time": 0.127,"Actual Total Time": 1.656,"Actual Rows": 398,"Actual Loops": 1,"Recheck Cond": "(s_nationkey = nation_1.n_nationkey)","Rows Removed by Index Recheck": 0,"Exact Heap Blocks": 186,"Lossy Heap Blocks": 0,"Plans": [{"Node Type": "Bitmap Index Scan","Parent Relationship": "Outer","Parallel Aware": false,"Async Capable": false,"Index Name": "idx_supplier_nation_key","Startup Cost": 0.00,"Total Cost": 7.29,"Plan Rows": 400,"Plan Width": 0,"Actual Startup Time": 0.081,"Actual Total Time": 0.084,"Actual Rows": 398,"Actual Loops": 1,"Index Cond": "(s_nationkey = nation_1.n_nationkey)"}]}]},{"Node Type": "Index Scan","Parent Relationship": "Inner","Parallel Aware": false,"Async Capable": false,"Scan Direction": "Forward","Index Name": "idx_partsupp_suppkey","Relation Name": "partsupp","Alias": "partsupp_1","Startup Cost": 0.42,"Total Cost": 9.07,"Plan Rows": 80,"Plan Width": 14,"Actual Startup Time": 0.015,"Actual Total Time": 0.306,"Actual Rows": 80,"Actual Loops": 398,"Index Cond": "(ps_suppkey = supplier_1.s_suppkey)","Rows Removed by Index Recheck": 0}]}]},{"Node Type": "Aggregate","Strategy": "Hashed","Partial Mode": "Simple","Parent Relationship": "Outer","Parallel Aware": false,"Async Capable": false,"Startup Cost": 4514.26,"Total Cost": 4994.26,"Plan Rows": 10667,"Plan Width": 36,"Actual Startup Time": 383.049,"Actual Total Time": 453.972,"Actual Rows": 925,"Actual Loops": 1,"Group Key": ["partsupp.ps_partkey"],"Filter": "(sum((partsupp.ps_supplycost * (partsupp.ps_availqty)::numeric)) > $2)","Planned Partitions": 0,"HashAgg Batches": 1,"Peak Memory Usage": 17937,"Disk Usage": 0,"Rows Removed by Filter": 29106,"Plans": [{"Node Type": "Nested Loop","Parent Relationship": "Outer","Parallel Aware": false,"Async Capable": false,"Join Type": "Inner","Startup Cost": 7.81,"Total Cost": 4194.26,"Plan Rows": 32000,"Plan Width": 14,"Actual Startup Time": 0.324,"Actual Total Time": 197.326,"Actual Rows": 31840,"Actual Loops": 1,"Inner Unique": false,"Plans": [{"Node Type": "Nested Loop","Parent Relationship": "Outer","Parallel Aware": false,"Async Capable": false,"Join Type": "Inner","Startup Cost": 7.38,"Total Cost": 244.58,"Plan Rows": 400,"Plan Width": 4,"Actual Startup Time": 0.245,"Actual Total Time": 2.763,"Actual Rows": 398,"Actual Loops": 1,"Inner Unique": false,"Plans": [{"Node Type": "Seq Scan","Parent Relationship": "Outer","Parallel Aware": false,"Async Capable": false,"Relation Name": "nation","Alias": "nation","Startup Cost": 0.00,"Total Cost": 1.31,"Plan Rows": 1,"Plan Width": 4,"Actual Startup Time": 0.070,"Actual Total Time": 0.094,"Actual Rows": 1,"Actual Loops": 1,"Filter": "(n_name = 'ROMANIA'::bpchar)","Rows Removed by Filter": 24},{"Node Type": "Bitmap Heap Scan","Parent Relationship": "Inner","Parallel Aware": false,"Async Capable": false,"Relation Name": "supplier","Alias": "supplier","Startup Cost": 7.38,"Total Cost": 239.27,"Plan Rows": 400,"Plan Width": 8,"Actual Startup Time": 0.167,"Actual Total Time": 2.613,"Actual Rows": 398,"Actual Loops": 1,"Recheck Cond": "(s_nationkey = nation.n_nationkey)","Rows Removed by Index Recheck": 0,"Exact Heap Blocks": 186,"Lossy Heap Blocks": 0,"Plans": [{"Node Type": "Bitmap Index Scan","Parent Relationship": "Outer","Parallel Aware": false,"Async Capable": false,"Index Name": "idx_supplier_nation_key","Startup Cost": 0.00,"Total Cost": 7.29,"Plan Rows": 400,"Plan Width": 0,"Actual Startup Time": 0.108,"Actual Total Time": 0.110,"Actual Rows": 398,"Actual Loops": 1,"Index Cond": "(s_nationkey = nation.n_nationkey)"}]}]},{"Node Type": "Index Scan","Parent Relationship": "Inner","Parallel Aware": false,"Async Capable": false,"Scan Direction": "Forward","Index Name": "idx_partsupp_suppkey","Relation Name": "partsupp","Alias": "partsupp","Startup Cost": 0.42,"Total Cost": 9.07,"Plan Rows": 80,"Plan Width": 18,"Actual Startup Time": 0.020,"Actual Total Time": 0.477,"Actual Rows": 80,"Actual Loops": 398,"Index Cond": "(ps_suppkey = supplier.s_suppkey)","Rows Removed by Index Recheck": 0}]}]}]},"Planning Time": 5.113,"Triggers": [],"Execution Time": 456.866}]
[{"Plan": {"Node Type": "Sort","Parallel Aware": false,"Async Capable": false,"Startup Cost": 10142.20,"Total Cost": 10168.87,"Plan Rows": 10667,"Plan Width": 36,"Actual Startup Time": 435.527,"Actual Total Time": 435.700,"Actual Rows": 1089,"Actual Loops": 1,"Sort Key": ["(sum((partsupp.ps_supplycost * (partsupp.ps_availqty)::numeric))) DESC"],"Sort Method": "quicksort","Sort Space Used": 108,"Sort Space Type": "Memory","Plans": [{"Node Type": "Aggregate","Strategy": "Plain","Partial Mode": "Simple","Parent Relationship": "InitPlan","Subplan Name": "InitPlan 1 (returns $2)","Parallel Aware": false,"Async Capable": false,"Startup Cost": 4434.26,"Total Cost": 4434.27,"Plan Rows": 1,"Plan Width": 32,"Actual Startup Time": 127.992,"Actual Total Time": 128.018,"Actual Rows": 1,"Actual Loops": 1,"Plans": [{"Node Type": "Nested Loop","Parent Relationship": "Outer","Parallel Aware": false,"Async Capable": false,"Join Type": "Inner","Startup Cost": 7.81,"Total Cost": 4194.26,"Plan Rows": 32000,"Plan Width": 10,"Actual Startup Time": 0.202,"Actual Total Time": 120.806,"Actual Rows": 31200,"Actual Loops": 1,"Inner Unique": false,"Plans": [{"Node Type": "Nested Loop","Parent Relationship": "Outer","Parallel Aware": false,"Async Capable": false,"Join Type": "Inner","Startup Cost": 7.38,"Total Cost": 244.58,"Plan Rows": 400,"Plan Width": 4,"Actual Startup Time": 0.156,"Actual Total Time": 1.780,"Actual Rows": 390,"Actual Loops": 1,"Inner Unique": false,"Plans": [{"Node Type": "Seq Scan","Parent Relationship": "Outer","Parallel Aware": false,"Async Capable": false,"Relation Name": "nation","Alias": "nation_1","Startup Cost": 0.00,"Total Cost": 1.31,"Plan Rows": 1,"Plan Width": 4,"Actual Startup Time": 0.025,"Actual Total Time": 0.037,"Actual Rows": 1,"Actual Loops": 1,"Filter": "(n_name = 'UNITED KINGDOM'::bpchar)","Rows Removed by Filter": 24},{"Node Type": "Bitmap Heap Scan","Parent Relationship": "Inner","Parallel Aware": false,"Async Capable": false,"Relation Name": "supplier","Alias": "supplier_1","Startup Cost": 7.38,"Total Cost": 239.27,"Plan Rows": 400,"Plan Width": 8,"Actual Startup Time": 0.111,"Actual Total Time": 1.680,"Actual Rows": 390,"Actual Loops": 1,"Recheck Cond": "(s_nationkey = nation_1.n_nationkey)","Rows Removed by Index Recheck": 0,"Exact Heap Blocks": 190,"Lossy Heap Blocks": 0,"Plans": [{"Node Type": "Bitmap Index Scan","Parent Relationship": "Outer","Parallel Aware": false,"Async Capable": false,"Index Name": "idx_supplier_nation_key","Startup Cost": 0.00,"Total Cost": 7.29,"Plan Rows": 400,"Plan Width": 0,"Actual Startup Time": 0.075,"Actual Total Time": 0.080,"Actual Rows": 390,"Actual Loops": 1,"Index Cond": "(s_nationkey = nation_1.n_nationkey)"}]}]},{"Node Type": "Index Scan","Parent Relationship": "Inner","Parallel Aware": false,"Async Capable": false,"Scan Direction": "Forward","Index Name": "idx_partsupp_suppkey","Relation Name": "partsupp","Alias": "partsupp_1","Startup Cost": 0.42,"Total Cost": 9.07,"Plan Rows": 80,"Plan Width": 14,"Actual Startup Time": 0.014,"Actual Total Time": 0.293,"Actual Rows": 80,"Actual Loops": 390,"Index Cond": "(ps_suppkey = supplier_1.s_suppkey)","Rows Removed by Index Recheck": 0}]}]},{"Node Type": "Aggregate","Strategy": "Hashed","Partial Mode": "Simple","Parent Relationship": "Outer","Parallel Aware": false,"Async Capable": false,"Startup Cost": 4514.26,"Total Cost": 4994.26,"Plan Rows": 10667,"Plan Width": 36,"Actual Startup Time": 365.366,"Actual Total Time": 434.999,"Actual Rows": 1089,"Actual Loops": 1,"Group Key": ["partsupp.ps_partkey"],"Filter": "(sum((partsupp.ps_supplycost * (partsupp.ps_availqty)::numeric)) > $2)","Planned Partitions": 0,"HashAgg Batches": 1,"Peak Memory Usage": 17937,"Disk Usage": 0,"Rows Removed by Filter": 28366,"Plans": [{"Node Type": "Nested Loop","Parent Relationship": "Outer","Parallel Aware": false,"Async Capable": false,"Join Type": "Inner","Startup Cost": 7.81,"Total Cost": 4194.26,"Plan Rows": 32000,"Plan Width": 14,"Actual Startup Time": 0.273,"Actual Total Time": 195.557,"Actual Rows": 31200,"Actual Loops": 1,"Inner Unique": false,"Plans": [{"Node Type": "Nested Loop","Parent Relationship": "Outer","Parallel Aware": false,"Async Capable": false,"Join Type": "Inner","Startup Cost": 7.38,"Total Cost": 244.58,"Plan Rows": 400,"Plan Width": 4,"Actual Startup Time": 0.244,"Actual Total Time": 2.901,"Actual Rows": 390,"Actual Loops": 1,"Inner Unique": false,"Plans": [{"Node Type": "Seq Scan","Parent Relationship": "Outer","Parallel Aware": false,"Async Capable": false,"Relation Name": "nation","Alias": "nation","Startup Cost": 0.00,"Total Cost": 1.31,"Plan Rows": 1,"Plan Width": 4,"Actual Startup Time": 0.065,"Actual Total Time": 0.084,"Actual Rows": 1,"Actual Loops": 1,"Filter": "(n_name = 'UNITED KINGDOM'::bpchar)","Rows Removed by Filter": 24},{"Node Type": "Bitmap Heap Scan","Parent Relationship": "Inner","Parallel Aware": false,"Async Capable": false,"Relation Name": "supplier","Alias": "supplier","Startup Cost": 7.38,"Total Cost": 239.27,"Plan Rows": 400,"Plan Width": 8,"Actual Startup Time": 0.171,"Actual Total Time": 2.762,"Actual Rows": 390,"Actual Loops": 1,"Recheck Cond": "(s_nationkey = nation.n_nationkey)","Rows Removed by Index Recheck": 0,"Exact Heap Blocks": 190,"Lossy Heap Blocks": 0,"Plans": [{"Node Type": "Bitmap Index Scan","Parent Relationship": "Outer","Parallel Aware": false,"Async Capable": false,"Index Name": "idx_supplier_nation_key","Startup Cost": 0.00,"Total Cost": 7.29,"Plan Rows": 400,"Plan Width": 0,"Actual Startup Time": 0.123,"Actual Total Time": 0.123,"Actual Rows": 390,"Actual Loops": 1,"Index Cond": "(s_nationkey = nation.n_nationkey)"}]}]},{"Node Type": "Index Scan","Parent Relationship": "Inner","Parallel Aware": false,"Async Capable": false,"Scan Direction": "Forward","Index Name": "idx_partsupp_suppkey","Relation Name": "partsupp","Alias": "partsupp","Startup Cost": 0.42,"Total Cost": 9.07,"Plan Rows": 80,"Plan Width": 18,"Actual Startup Time": 0.020,"Actual Total Time": 0.482,"Actual Rows": 80,"Actual Loops": 390,"Index Cond": "(ps_suppkey = supplier.s_suppkey)","Rows Removed by Index Recheck": 0}]}]}]},"Planning Time": 6.575,"Triggers": [],"Execution Time": 439.057}]
[{"Plan": {"Node Type": "Sort","Parallel Aware": false,"Async Capable": false,"Startup Cost": 10142.20,"Total Cost": 10168.87,"Plan Rows": 10667,"Plan Width": 36,"Actual Startup Time": 460.124,"Actual Total Time": 460.279,"Actual Rows": 753,"Actual Loops": 1,"Sort Key": ["(sum((partsupp.ps_supplycost * (partsupp.ps_availqty)::numeric))) DESC"],"Sort Method": "quicksort","Sort Space Used": 66,"Sort Space Type": "Memory","Plans": [{"Node Type": "Aggregate","Strategy": "Plain","Partial Mode": "Simple","Parent Relationship": "InitPlan","Subplan Name": "InitPlan 1 (returns $2)","Parallel Aware": false,"Async Capable": false,"Startup Cost": 4434.26,"Total Cost": 4434.27,"Plan Rows": 1,"Plan Width": 32,"Actual Startup Time": 134.377,"Actual Total Time": 134.409,"Actual Rows": 1,"Actual Loops": 1,"Plans": [{"Node Type": "Nested Loop","Parent Relationship": "Outer","Parallel Aware": false,"Async Capable": false,"Join Type": "Inner","Startup Cost": 7.81,"Total Cost": 4194.26,"Plan Rows": 32000,"Plan Width": 10,"Actual Startup Time": 0.237,"Actual Total Time": 126.748,"Actual Rows": 33200,"Actual Loops": 1,"Inner Unique": false,"Plans": [{"Node Type": "Nested Loop","Parent Relationship": "Outer","Parallel Aware": false,"Async Capable": false,"Join Type": "Inner","Startup Cost": 7.38,"Total Cost": 244.58,"Plan Rows": 400,"Plan Width": 4,"Actual Startup Time": 0.181,"Actual Total Time": 1.854,"Actual Rows": 415,"Actual Loops": 1,"Inner Unique": false,"Plans": [{"Node Type": "Seq Scan","Parent Relationship": "Outer","Parallel Aware": false,"Async Capable": false,"Relation Name": "nation","Alias": "nation_1","Startup Cost": 0.00,"Total Cost": 1.31,"Plan Rows": 1,"Plan Width": 4,"Actual Startup Time": 0.049,"Actual Total Time": 0.067,"Actual Rows": 1,"Actual Loops": 1,"Filter": "(n_name = 'INDIA'::bpchar)","Rows Removed by Filter": 24},{"Node Type": "Bitmap Heap Scan","Parent Relationship": "Inner","Parallel Aware": false,"Async Capable": false,"Relation Name": "supplier","Alias": "supplier_1","Startup Cost": 7.38,"Total Cost": 239.27,"Plan Rows": 400,"Plan Width": 8,"Actual Startup Time": 0.112,"Actual Total Time": 1.723,"Actual Rows": 415,"Actual Loops": 1,"Recheck Cond": "(s_nationkey = nation_1.n_nationkey)","Rows Removed by Index Recheck": 0,"Exact Heap Blocks": 186,"Lossy Heap Blocks": 0,"Plans": [{"Node Type": "Bitmap Index Scan","Parent Relationship": "Outer","Parallel Aware": false,"Async Capable": false,"Index Name": "idx_supplier_nation_key","Startup Cost": 0.00,"Total Cost": 7.29,"Plan Rows": 400,"Plan Width": 0,"Actual Startup Time": 0.076,"Actual Total Time": 0.083,"Actual Rows": 415,"Actual Loops": 1,"Index Cond": "(s_nationkey = nation_1.n_nationkey)"}]}]},{"Node Type": "Index Scan","Parent Relationship": "Inner","Parallel Aware": false,"Async Capable": false,"Scan Direction": "Forward","Index Name": "idx_partsupp_suppkey","Relation Name": "partsupp","Alias": "partsupp_1","Startup Cost": 0.42,"Total Cost": 9.07,"Plan Rows": 80,"Plan Width": 14,"Actual Startup Time": 0.014,"Actual Total Time": 0.289,"Actual Rows": 80,"Actual Loops": 415,"Index Cond": "(ps_suppkey = supplier_1.s_suppkey)","Rows Removed by Index Recheck": 0}]}]},{"Node Type": "Aggregate","Strategy": "Hashed","Partial Mode": "Simple","Parent Relationship": "Outer","Parallel Aware": false,"Async Capable": false,"Startup Cost": 4514.26,"Total Cost": 4994.26,"Plan Rows": 10667,"Plan Width": 36,"Actual Startup Time": 384.255,"Actual Total Time": 459.696,"Actual Rows": 753,"Actual Loops": 1,"Group Key": ["partsupp.ps_partkey"],"Filter": "(sum((partsupp.ps_supplycost * (partsupp.ps_availqty)::numeric)) > $2)","Planned Partitions": 0,"HashAgg Batches": 1,"Peak Memory Usage": 17937,"Disk Usage": 0,"Rows Removed by Filter": 30329,"Plans": [{"Node Type": "Nested Loop","Parent Relationship": "Outer","Parallel Aware": false,"Async Capable": false,"Join Type": "Inner","Startup Cost": 7.81,"Total Cost": 4194.26,"Plan Rows": 32000,"Plan Width": 14,"Actual Startup Time": 0.331,"Actual Total Time": 205.215,"Actual Rows": 33200,"Actual Loops": 1,"Inner Unique": false,"Plans": [{"Node Type": "Nested Loop","Parent Relationship": "Outer","Parallel Aware": false,"Async Capable": false,"Join Type": "Inner","Startup Cost": 7.38,"Total Cost": 244.58,"Plan Rows": 400,"Plan Width": 4,"Actual Startup Time": 0.285,"Actual Total Time": 2.795,"Actual Rows": 415,"Actual Loops": 1,"Inner Unique": false,"Plans": [{"Node Type": "Seq Scan","Parent Relationship": "Outer","Parallel Aware": false,"Async Capable": false,"Relation Name": "nation","Alias": "nation","Startup Cost": 0.00,"Total Cost": 1.31,"Plan Rows": 1,"Plan Width": 4,"Actual Startup Time": 0.073,"Actual Total Time": 0.100,"Actual Rows": 1,"Actual Loops": 1,"Filter": "(n_name = 'INDIA'::bpchar)","Rows Removed by Filter": 24},{"Node Type": "Bitmap Heap Scan","Parent Relationship": "Inner","Parallel Aware": false,"Async Capable": false,"Relation Name": "supplier","Alias": "supplier","Startup Cost": 7.38,"Total Cost": 239.27,"Plan Rows": 400,"Plan Width": 8,"Actual Startup Time": 0.206,"Actual Total Time": 2.634,"Actual Rows": 415,"Actual Loops": 1,"Recheck Cond": "(s_nationkey = nation.n_nationkey)","Rows Removed by Index Recheck": 0,"Exact Heap Blocks": 186,"Lossy Heap Blocks": 0,"Plans": [{"Node Type": "Bitmap Index Scan","Parent Relationship": "Outer","Parallel Aware": false,"Async Capable": false,"Index Name": "idx_supplier_nation_key","Startup Cost": 0.00,"Total Cost": 7.29,"Plan Rows": 400,"Plan Width": 0,"Actual Startup Time": 0.132,"Actual Total Time": 0.135,"Actual Rows": 415,"Actual Loops": 1,"Index Cond": "(s_nationkey = nation.n_nationkey)"}]}]},{"Node Type": "Index Scan","Parent Relationship": "Inner","Parallel Aware": false,"Async Capable": false,"Scan Direction": "Forward","Index Name": "idx_partsupp_suppkey","Relation Name": "partsupp","Alias": "partsupp","Startup Cost": 0.42,"Total Cost": 9.07,"Plan Rows": 80,"Plan Width": 18,"Actual Startup Time": 0.019,"Actual Total Time": 0.476,"Actual Rows": 80,"Actual Loops": 415,"Index Cond": "(ps_suppkey = supplier.s_suppkey)","Rows Removed by Index Recheck": 0}]}]}]},"Planning Time": 5.856,"Triggers": [],"Execution Time": 463.781}]
[{"Plan": {"Node Type": "Sort","Parallel Aware": false,"Async Capable": false,"Startup Cost": 10142.20,"Total Cost": 10168.87,"Plan Rows": 10667,"Plan Width": 36,"Actual Startup Time": 428.583,"Actual Total Time": 428.704,"Actual Rows": 1225,"Actual Loops": 1,"Sort Key": ["(sum((partsupp.ps_supplycost * (partsupp.ps_availqty)::numeric))) DESC"],"Sort Method": "quicksort","Sort Space Used": 116,"Sort Space Type": "Memory","Plans": [{"Node Type": "Aggregate","Strategy": "Plain","Partial Mode": "Simple","Parent Relationship": "InitPlan","Subplan Name": "InitPlan 1 (returns $2)","Parallel Aware": false,"Async Capable": false,"Startup Cost": 4434.26,"Total Cost": 4434.27,"Plan Rows": 1,"Plan Width": 32,"Actual Startup Time": 128.590,"Actual Total Time": 128.610,"Actual Rows": 1,"Actual Loops": 1,"Plans": [{"Node Type": "Nested Loop","Parent Relationship": "Outer","Parallel Aware": false,"Async Capable": false,"Join Type": "Inner","Startup Cost": 7.81,"Total Cost": 4194.26,"Plan Rows": 32000,"Plan Width": 10,"Actual Startup Time": 0.200,"Actual Total Time": 121.660,"Actual Rows": 30160,"Actual Loops": 1,"Inner Unique": false,"Plans": [{"Node Type": "Nested Loop","Parent Relationship": "Outer","Parallel Aware": false,"Async Capable": false,"Join Type": "Inner","Startup Cost": 7.38,"Total Cost": 244.58,"Plan Rows": 400,"Plan Width": 4,"Actual Startup Time": 0.145,"Actual Total Time": 1.678,"Actual Rows": 377,"Actual Loops": 1,"Inner Unique": false,"Plans": [{"Node Type": "Seq Scan","Parent Relationship": "Outer","Parallel Aware": false,"Async Capable": false,"Relation Name": "nation","Alias": "nation_1","Startup Cost": 0.00,"Total Cost": 1.31,"Plan Rows": 1,"Plan Width": 4,"Actual Startup Time": 0.022,"Actual Total Time": 0.041,"Actual Rows": 1,"Actual Loops": 1,"Filter": "(n_name = 'JAPAN'::bpchar)","Rows Removed by Filter": 24},{"Node Type": "Bitmap Heap Scan","Parent Relationship": "Inner","Parallel Aware": false,"Async Capable": false,"Relation Name": "supplier","Alias": "supplier_1","Startup Cost": 7.38,"Total Cost": 239.27,"Plan Rows": 400,"Plan Width": 8,"Actual Startup Time": 0.107,"Actual Total Time": 1.581,"Actual Rows": 377,"Actual Loops": 1,"Recheck Cond": "(s_nationkey = nation_1.n_nationkey)","Rows Removed by Index Recheck": 0,"Exact Heap Blocks": 180,"Lossy Heap Blocks": 0,"Plans": [{"Node Type": "Bitmap Index Scan","Parent Relationship": "Outer","Parallel Aware": false,"Async Capable": false,"Index Name": "idx_supplier_nation_key","Startup Cost": 0.00,"Total Cost": 7.29,"Plan Rows": 400,"Plan Width": 0,"Actual Startup Time": 0.073,"Actual Total Time": 0.079,"Actual Rows": 377,"Actual Loops": 1,"Index Cond": "(s_nationkey = nation_1.n_nationkey)"}]}]},{"Node Type": "Index Scan","Parent Relationship": "Inner","Parallel Aware": false,"Async Capable": false,"Scan Direction": "Forward","Index Name": "idx_partsupp_suppkey","Relation Name": "partsupp","Alias": "partsupp_1","Startup Cost": 0.42,"Total Cost": 9.07,"Plan Rows": 80,"Plan Width": 14,"Actual Startup Time": 0.015,"Actual Total Time": 0.306,"Actual Rows": 80,"Actual Loops": 377,"Index Cond": "(ps_suppkey = supplier_1.s_suppkey)","Rows Removed by Index Recheck": 0}]}]},{"Node Type": "Aggregate","Strategy": "Hashed","Partial Mode": "Simple","Parent Relationship": "Outer","Parallel Aware": false,"Async Capable": false,"Startup Cost": 4514.26,"Total Cost": 4994.26,"Plan Rows": 10667,"Plan Width": 36,"Actual Startup Time": 361.803,"Actual Total Time": 428.043,"Actual Rows": 1225,"Actual Loops": 1,"Group Key": ["partsupp.ps_partkey"],"Filter": "(sum((partsupp.ps_supplycost * (partsupp.ps_availqty)::numeric)) > $2)","Planned Partitions": 0,"HashAgg Batches": 1,"Peak Memory Usage": 17937,"Disk Usage": 0,"Rows Removed by Filter": 27290,"Plans": [{"Node Type": "Nested Loop","Parent Relationship": "Outer","Parallel Aware": false,"Async Capable": false,"Join Type": "Inner","Startup Cost": 7.81,"Total Cost": 4194.26,"Plan Rows": 32000,"Plan Width": 14,"Actual Startup Time": 0.353,"Actual Total Time": 190.903,"Actual Rows": 30160,"Actual Loops": 1,"Inner Unique": false,"Plans": [{"Node Type": "Nested Loop","Parent Relationship": "Outer","Parallel Aware": false,"Async Capable": false,"Join Type": "Inner","Startup Cost": 7.38,"Total Cost": 244.58,"Plan Rows": 400,"Plan Width": 4,"Actual Startup Time": 0.276,"Actual Total Time": 2.652,"Actual Rows": 377,"Actual Loops": 1,"Inner Unique": false,"Plans": [{"Node Type": "Seq Scan","Parent Relationship": "Outer","Parallel Aware": false,"Async Capable": false,"Relation Name": "nation","Alias": "nation","Startup Cost": 0.00,"Total Cost": 1.31,"Plan Rows": 1,"Plan Width": 4,"Actual Startup Time": 0.069,"Actual Total Time": 0.093,"Actual Rows": 1,"Actual Loops": 1,"Filter": "(n_name = 'JAPAN'::bpchar)","Rows Removed by Filter": 24},{"Node Type": "Bitmap Heap Scan","Parent Relationship": "Inner","Parallel Aware": false,"Async Capable": false,"Relation Name": "supplier","Alias": "supplier","Startup Cost": 7.38,"Total Cost": 239.27,"Plan Rows": 400,"Plan Width": 8,"Actual Startup Time": 0.204,"Actual Total Time": 2.512,"Actual Rows": 377,"Actual Loops": 1,"Recheck Cond": "(s_nationkey = nation.n_nationkey)","Rows Removed by Index Recheck": 0,"Exact Heap Blocks": 180,"Lossy Heap Blocks": 0,"Plans": [{"Node Type": "Bitmap Index Scan","Parent Relationship": "Outer","Parallel Aware": false,"Async Capable": false,"Index Name": "idx_supplier_nation_key","Startup Cost": 0.00,"Total Cost": 7.29,"Plan Rows": 400,"Plan Width": 0,"Actual Startup Time": 0.135,"Actual Total Time": 0.136,"Actual Rows": 377,"Actual Loops": 1,"Index Cond": "(s_nationkey = nation.n_nationkey)"}]}]},{"Node Type": "Index Scan","Parent Relationship": "Inner","Parallel Aware": false,"Async Capable": false,"Scan Direction": "Forward","Index Name": "idx_partsupp_suppkey","Relation Name": "partsupp","Alias": "partsupp","Startup Cost": 0.42,"Total Cost": 9.07,"Plan Rows": 80,"Plan Width": 18,"Actual Startup Time": 0.021,"Actual Total Time": 0.488,"Actual Rows": 80,"Actual Loops": 377,"Index Cond": "(ps_suppkey = supplier.s_suppkey)","Rows Removed by Index Recheck": 0}]}]}]},"Planning Time": 6.421,"Triggers": [],"Execution Time": 431.115}]
[{"Plan": {"Node Type": "Sort","Parallel Aware": false,"Async Capable": false,"Startup Cost": 10142.20,"Total Cost": 10168.87,"Plan Rows": 10667,"Plan Width": 36,"Actual Startup Time": 428.583,"Actual Total Time": 428.704,"Actual Rows": 1225,"Actual Loops": 1,"Sort Key": ["(sum((partsupp.ps_supplycost * (partsupp.ps_availqty)::numeric))) DESC"],"Sort Method": "quicksort","Sort Space Used": 116,"Sort Space Type": "Memory","Plans": [{"Node Type": "Aggregate","Strategy": "Plain","Partial Mode": "Simple","Parent Relationship": "InitPlan","Subplan Name": "InitPlan 1 (returns $2)","Parallel Aware": false,"Async Capable": false,"Startup Cost": 4434.26,"Total Cost": 4434.27,"Plan Rows": 1,"Plan Width": 32,"Actual Startup Time": 128.590,"Actual Total Time": 128.610,"Actual Rows": 1,"Actual Loops": 1,"Plans": [{"Node Type": "Nested Loop","Parent Relationship": "Outer","Parallel Aware": false,"Async Capable": false,"Join Type": "Inner","Startup Cost": 7.81,"Total Cost": 4194.26,"Plan Rows": 32000,"Plan Width": 10,"Actual Startup Time": 0.200,"Actual Total Time": 121.660,"Actual Rows": 30160,"Actual Loops": 1,"Inner Unique": false,"Plans": [{"Node Type": "Nested Loop","Parent Relationship": "Outer","Parallel Aware": false,"Async Capable": false,"Join Type": "Inner","Startup Cost": 7.38,"Total Cost": 244.58,"Plan Rows": 400,"Plan Width": 4,"Actual Startup Time": 0.145,"Actual Total Time": 1.678,"Actual Rows": 377,"Actual Loops": 1,"Inner Unique": false,"Plans": [{"Node Type": "Seq Scan","Parent Relationship": "Outer","Parallel Aware": false,"Async Capable": false,"Relation Name": "nation","Alias": "nation_1","Startup Cost": 0.00,"Total Cost": 1.31,"Plan Rows": 1,"Plan Width": 4,"Actual Startup Time": 0.022,"Actual Total Time": 0.041,"Actual Rows": 1,"Actual Loops": 1,"Filter": "(n_name = 'JAPAN'::bpchar)","Rows Removed by Filter": 24},{"Node Type": "Bitmap Heap Scan","Parent Relationship": "Inner","Parallel Aware": false,"Async Capable": false,"Relation Name": "supplier","Alias": "supplier_1","Startup Cost": 7.38,"Total Cost": 239.27,"Plan Rows": 400,"Plan Width": 8,"Actual Startup Time": 0.107,"Actual Total Time": 1.581,"Actual Rows": 377,"Actual Loops": 1,"Recheck Cond": "(s_nationkey = nation_1.n_nationkey)","Rows Removed by Index Recheck": 0,"Exact Heap Blocks": 180,"Lossy Heap Blocks": 0,"Plans": [{"Node Type": "Bitmap Index Scan","Parent Relationship": "Outer","Parallel Aware": false,"Async Capable": false,"Index Name": "idx_supplier_nation_key","Startup Cost": 0.00,"Total Cost": 7.29,"Plan Rows": 400,"Plan Width": 0,"Actual Startup Time": 0.073,"Actual Total Time": 0.079,"Actual Rows": 377,"Actual Loops": 1,"Index Cond": "(s_nationkey = nation_1.n_nationkey)"}]}]},{"Node Type": "Index Scan","Parent Relationship": "Inner","Parallel Aware": false,"Async Capable": false,"Scan Direction": "Forward","Index Name": "idx_partsupp_suppkey","Relation Name": "partsupp","Alias": "partsupp_1","Startup Cost": 0.42,"Total Cost": 9.07,"Plan Rows": 80,"Plan Width": 14,"Actual Startup Time": 0.015,"Actual Total Time": 0.306,"Actual Rows": 80,"Actual Loops": 377,"Index Cond": "(ps_suppkey = supplier_1.s_suppkey)","Rows Removed by Index Recheck": 0}]}]},{"Node Type": "Aggregate","Strategy": "Hashed","Partial Mode": "Simple","Parent Relationship": "Outer","Parallel Aware": false,"Async Capable": false,"Startup Cost": 4514.26,"Total Cost": 4994.26,"Plan Rows": 10667,"Plan Width": 36,"Actual Startup Time": 361.803,"Actual Total Time": 428.043,"Actual Rows": 1225,"Actual Loops": 1,"Group Key": ["partsupp.ps_partkey"],"Filter": "(sum((partsupp.ps_supplycost * (partsupp.ps_availqty)::numeric)) > $2)","Planned Partitions": 0,"HashAgg Batches": 1,"Peak Memory Usage": 17937,"Disk Usage": 0,"Rows Removed by Filter": 27290,"Plans": [{"Node Type": "Nested Loop","Parent Relationship": "Outer","Parallel Aware": false,"Async Capable": false,"Join Type": "Inner","Startup Cost": 7.81,"Total Cost": 4194.26,"Plan Rows": 32000,"Plan Width": 14,"Actual Startup Time": 0.353,"Actual Total Time": 190.903,"Actual Rows": 30160,"Actual Loops": 1,"Inner Unique": false,"Plans": [{"Node Type": "Nested Loop","Parent Relationship": "Outer","Parallel Aware": false,"Async Capable": false,"Join Type": "Inner","Startup Cost": 7.38,"Total Cost": 244.58,"Plan Rows": 400,"Plan Width": 4,"Actual Startup Time": 0.276,"Actual Total Time": 2.652,"Actual Rows": 377,"Actual Loops": 1,"Inner Unique": false,"Plans": [{"Node Type": "Seq Scan","Parent Relationship": "Outer","Parallel Aware": false,"Async Capable": false,"Relation Name": "nation","Alias": "nation","Startup Cost": 0.00,"Total Cost": 1.31,"Plan Rows": 1,"Plan Width": 4,"Actual Startup Time": 0.069,"Actual Total Time": 0.093,"Actual Rows": 1,"Actual Loops": 1,"Filter": "(n_name = 'JAPAN'::bpchar)","Rows Removed by Filter": 24},{"Node Type": "Bitmap Heap Scan","Parent Relationship": "Inner","Parallel Aware": false,"Async Capable": false,"Relation Name": "supplier","Alias": "supplier","Startup Cost": 7.38,"Total Cost": 239.27,"Plan Rows": 400,"Plan Width": 8,"Actual Startup Time": 0.204,"Actual Total Time": 2.512,"Actual Rows": 377,"Actual Loops": 1,"Recheck Cond": "(s_nationkey = nation.n_nationkey)","Rows Removed by Index Recheck": 0,"Exact Heap Blocks": 180,"Lossy Heap Blocks": 0,"Plans": [{"Node Type": "Bitmap Index Scan","Parent Relationship": "Outer","Parallel Aware": false,"Async Capable": false,"Index Name": "idx_supplier_nation_key","Startup Cost": 0.00,"Total Cost": 7.29,"Plan Rows": 400,"Plan Width": 0,"Actual Startup Time": 0.135,"Actual Total Time": 0.136,"Actual Rows": 377,"Actual Loops": 1,"Index Cond": "(s_nationkey = nation.n_nationkey)"}]}]},{"Node Type": "Index Scan","Parent Relationship": "Inner","Parallel Aware": false,"Async Capable": false,"Scan Direction": "Forward","Index Name": "idx_partsupp_suppkey","Relation Name": "partsupp","Alias": "partsupp","Startup Cost": 0.42,"Total Cost": 9.07,"Plan Rows": 80,"Plan Width": 18,"Actual Startup Time": 0.021,"Actual Total Time": 0.488,"Actual Rows": 80,"Actual Loops": 377,"Index Cond": "(ps_suppkey = supplier.s_suppkey)","Rows Removed by Index Recheck": 0}]}]}]},"Planning Time": 6.421,"Triggers": [],"Execution Time": 431.115}]
[{"Plan": {"Node Type": "Sort","Parallel Aware": false,"Async Capable": false,"Startup Cost": 10142.20,"Total Cost": 10168.87,"Plan Rows": 10667,"Plan Width": 36,"Actual Startup Time": 428.583,"Actual Total Time": 428.704,"Actual Rows": 1225,"Actual Loops": 1,"Sort Key": ["(sum((partsupp.ps_supplycost * (partsupp.ps_availqty)::numeric))) DESC"],"Sort Method": "quicksort","Sort Space Used": 116,"Sort Space Type": "Memory","Plans": [{"Node Type": "Aggregate","Strategy": "Plain","Partial Mode": "Simple","Parent Relationship": "InitPlan","Subplan Name": "InitPlan 1 (returns $2)","Parallel Aware": false,"Async Capable": false,"Startup Cost": 4434.26,"Total Cost": 4434.27,"Plan Rows": 1,"Plan Width": 32,"Actual Startup Time": 128.590,"Actual Total Time": 128.610,"Actual Rows": 1,"Actual Loops": 1,"Plans": [{"Node Type": "Nested Loop","Parent Relationship": "Outer","Parallel Aware": false,"Async Capable": false,"Join Type": "Inner","Startup Cost": 7.81,"Total Cost": 4194.26,"Plan Rows": 32000,"Plan Width": 10,"Actual Startup Time": 0.200,"Actual Total Time": 121.660,"Actual Rows": 30160,"Actual Loops": 1,"Inner Unique": false,"Plans": [{"Node Type": "Nested Loop","Parent Relationship": "Outer","Parallel Aware": false,"Async Capable": false,"Join Type": "Inner","Startup Cost": 7.38,"Total Cost": 244.58,"Plan Rows": 400,"Plan Width": 4,"Actual Startup Time": 0.145,"Actual Total Time": 1.678,"Actual Rows": 377,"Actual Loops": 1,"Inner Unique": false,"Plans": [{"Node Type": "Seq Scan","Parent Relationship": "Outer","Parallel Aware": false,"Async Capable": false,"Relation Name": "nation","Alias": "nation_1","Startup Cost": 0.00,"Total Cost": 1.31,"Plan Rows": 1,"Plan Width": 4,"Actual Startup Time": 0.022,"Actual Total Time": 0.041,"Actual Rows": 1,"Actual Loops": 1,"Filter": "(n_name = 'JAPAN'::bpchar)","Rows Removed by Filter": 24},{"Node Type": "Bitmap Heap Scan","Parent Relationship": "Inner","Parallel Aware": false,"Async Capable": false,"Relation Name": "supplier","Alias": "supplier_1","Startup Cost": 7.38,"Total Cost": 239.27,"Plan Rows": 400,"Plan Width": 8,"Actual Startup Time": 0.107,"Actual Total Time": 1.581,"Actual Rows": 377,"Actual Loops": 1,"Recheck Cond": "(s_nationkey = nation_1.n_nationkey)","Rows Removed by Index Recheck": 0,"Exact Heap Blocks": 180,"Lossy Heap Blocks": 0,"Plans": [{"Node Type": "Bitmap Index Scan","Parent Relationship": "Outer","Parallel Aware": false,"Async Capable": false,"Index Name": "idx_supplier_nation_key","Startup Cost": 0.00,"Total Cost": 7.29,"Plan Rows": 400,"Plan Width": 0,"Actual Startup Time": 0.073,"Actual Total Time": 0.079,"Actual Rows": 377,"Actual Loops": 1,"Index Cond": "(s_nationkey = nation_1.n_nationkey)"}]}]},{"Node Type": "Index Scan","Parent Relationship": "Inner","Parallel Aware": false,"Async Capable": false,"Scan Direction": "Forward","Index Name": "idx_partsupp_suppkey","Relation Name": "partsupp","Alias": "partsupp_1","Startup Cost": 0.42,"Total Cost": 9.07,"Plan Rows": 80,"Plan Width": 14,"Actual Startup Time": 0.015,"Actual Total Time": 0.306,"Actual Rows": 80,"Actual Loops": 377,"Index Cond": "(ps_suppkey = supplier_1.s_suppkey)","Rows Removed by Index Recheck": 0}]}]},{"Node Type": "Aggregate","Strategy": "Hashed","Partial Mode": "Simple","Parent Relationship": "Outer","Parallel Aware": false,"Async Capable": false,"Startup Cost": 4514.26,"Total Cost": 4994.26,"Plan Rows": 10667,"Plan Width": 36,"Actual Startup Time": 361.803,"Actual Total Time": 428.043,"Actual Rows": 1225,"Actual Loops": 1,"Group Key": ["partsupp.ps_partkey"],"Filter": "(sum((partsupp.ps_supplycost * (partsupp.ps_availqty)::numeric)) > $2)","Planned Partitions": 0,"HashAgg Batches": 1,"Peak Memory Usage": 17937,"Disk Usage": 0,"Rows Removed by Filter": 27290,"Plans": [{"Node Type": "Nested Loop","Parent Relationship": "Outer","Parallel Aware": false,"Async Capable": false,"Join Type": "Inner","Startup Cost": 7.81,"Total Cost": 4194.26,"Plan Rows": 32000,"Plan Width": 14,"Actual Startup Time": 0.353,"Actual Total Time": 190.903,"Actual Rows": 30160,"Actual Loops": 1,"Inner Unique": false,"Plans": [{"Node Type": "Nested Loop","Parent Relationship": "Outer","Parallel Aware": false,"Async Capable": false,"Join Type": "Inner","Startup Cost": 7.38,"Total Cost": 244.58,"Plan Rows": 400,"Plan Width": 4,"Actual Startup Time": 0.276,"Actual Total Time": 2.652,"Actual Rows": 377,"Actual Loops": 1,"Inner Unique": false,"Plans": [{"Node Type": "Seq Scan","Parent Relationship": "Outer","Parallel Aware": false,"Async Capable": false,"Relation Name": "nation","Alias": "nation","Startup Cost": 0.00,"Total Cost": 1.31,"Plan Rows": 1,"Plan Width": 4,"Actual Startup Time": 0.069,"Actual Total Time": 0.093,"Actual Rows": 1,"Actual Loops": 1,"Filter": "(n_name = 'JAPAN'::bpchar)","Rows Removed by Filter": 24},{"Node Type": "Bitmap Heap Scan","Parent Relationship": "Inner","Parallel Aware": false,"Async Capable": false,"Relation Name": "supplier","Alias": "supplier","Startup Cost": 7.38,"Total Cost": 239.27,"Plan Rows": 400,"Plan Width": 8,"Actual Startup Time": 0.204,"Actual Total Time": 2.512,"Actual Rows": 377,"Actual Loops": 1,"Recheck Cond": "(s_nationkey = nation.n_nationkey)","Rows Removed by Index Recheck": 0,"Exact Heap Blocks": 180,"Lossy Heap Blocks": 0,"Plans": [{"Node Type": "Bitmap Index Scan","Parent Relationship": "Outer","Parallel Aware": false,"Async Capable": false,"Index Name": "idx_supplier_nation_key","Startup Cost": 0.00,"Total Cost": 7.29,"Plan Rows": 400,"Plan Width": 0,"Actual Startup Time": 0.135,"Actual Total Time": 0.136,"Actual Rows": 377,"Actual Loops": 1,"Index Cond": "(s_nationkey = nation.n_nationkey)"}]}]},{"Node Type": "Index Scan","Parent Relationship": "Inner","Parallel Aware": false,"Async Capable": false,"Scan Direction": "Forward","Index Name": "idx_partsupp_suppkey","Relation Name": "partsupp","Alias": "partsupp","Startup Cost": 0.42,"Total Cost": 9.07,"Plan Rows": 80,"Plan Width": 18,"Actual Startup Time": 0.021,"Actual Total Time": 0.488,"Actual Rows": 80,"Actual Loops": 377,"Index Cond": "(ps_suppkey = supplier.s_suppkey)","Rows Removed by Index Recheck": 0}]}]}]},"Planning Time": 6.421,"Triggers": [],"Execution Time": 431.115}]
[{"Plan": {"Node Type": "Sort","Parallel Aware": false,"Async Capable": false,"Startup Cost": 10142.20,"Total Cost": 10168.87,"Plan Rows": 10667,"Plan Width": 36,"Actual Startup Time": 428.583,"Actual Total Time": 428.704,"Actual Rows": 1225,"Actual Loops": 1,"Sort Key": ["(sum((partsupp.ps_supplycost * (partsupp.ps_availqty)::numeric))) DESC"],"Sort Method": "quicksort","Sort Space Used": 116,"Sort Space Type": "Memory","Plans": [{"Node Type": "Aggregate","Strategy": "Plain","Partial Mode": "Simple","Parent Relationship": "InitPlan","Subplan Name": "InitPlan 1 (returns $2)","Parallel Aware": false,"Async Capable": false,"Startup Cost": 4434.26,"Total Cost": 4434.27,"Plan Rows": 1,"Plan Width": 32,"Actual Startup Time": 128.590,"Actual Total Time": 128.610,"Actual Rows": 1,"Actual Loops": 1,"Plans": [{"Node Type": "Nested Loop","Parent Relationship": "Outer","Parallel Aware": false,"Async Capable": false,"Join Type": "Inner","Startup Cost": 7.81,"Total Cost": 4194.26,"Plan Rows": 32000,"Plan Width": 10,"Actual Startup Time": 0.200,"Actual Total Time": 121.660,"Actual Rows": 30160,"Actual Loops": 1,"Inner Unique": false,"Plans": [{"Node Type": "Nested Loop","Parent Relationship": "Outer","Parallel Aware": false,"Async Capable": false,"Join Type": "Inner","Startup Cost": 7.38,"Total Cost": 244.58,"Plan Rows": 400,"Plan Width": 4,"Actual Startup Time": 0.145,"Actual Total Time": 1.678,"Actual Rows": 377,"Actual Loops": 1,"Inner Unique": false,"Plans": [{"Node Type": "Seq Scan","Parent Relationship": "Outer","Parallel Aware": false,"Async Capable": false,"Relation Name": "nation","Alias": "nation_1","Startup Cost": 0.00,"Total Cost": 1.31,"Plan Rows": 1,"Plan Width": 4,"Actual Startup Time": 0.022,"Actual Total Time": 0.041,"Actual Rows": 1,"Actual Loops": 1,"Filter": "(n_name = 'JAPAN'::bpchar)","Rows Removed by Filter": 24},{"Node Type": "Bitmap Heap Scan","Parent Relationship": "Inner","Parallel Aware": false,"Async Capable": false,"Relation Name": "supplier","Alias": "supplier_1","Startup Cost": 7.38,"Total Cost": 239.27,"Plan Rows": 400,"Plan Width": 8,"Actual Startup Time": 0.107,"Actual Total Time": 1.581,"Actual Rows": 377,"Actual Loops": 1,"Recheck Cond": "(s_nationkey = nation_1.n_nationkey)","Rows Removed by Index Recheck": 0,"Exact Heap Blocks": 180,"Lossy Heap Blocks": 0,"Plans": [{"Node Type": "Bitmap Index Scan","Parent Relationship": "Outer","Parallel Aware": false,"Async Capable": false,"Index Name": "idx_supplier_nation_key","Startup Cost": 0.00,"Total Cost": 7.29,"Plan Rows": 400,"Plan Width": 0,"Actual Startup Time": 0.073,"Actual Total Time": 0.079,"Actual Rows": 377,"Actual Loops": 1,"Index Cond": "(s_nationkey = nation_1.n_nationkey)"}]}]},{"Node Type": "Index Scan","Parent Relationship": "Inner","Parallel Aware": false,"Async Capable": false,"Scan Direction": "Forward","Index Name": "idx_partsupp_suppkey","Relation Name": "partsupp","Alias": "partsupp_1","Startup Cost": 0.42,"Total Cost": 9.07,"Plan Rows": 80,"Plan Width": 14,"Actual Startup Time": 0.015,"Actual Total Time": 0.306,"Actual Rows": 80,"Actual Loops": 377,"Index Cond": "(ps_suppkey = supplier_1.s_suppkey)","Rows Removed by Index Recheck": 0}]}]},{"Node Type": "Aggregate","Strategy": "Hashed","Partial Mode": "Simple","Parent Relationship": "Outer","Parallel Aware": false,"Async Capable": false,"Startup Cost": 4514.26,"Total Cost": 4994.26,"Plan Rows": 10667,"Plan Width": 36,"Actual Startup Time": 361.803,"Actual Total Time": 428.043,"Actual Rows": 1225,"Actual Loops": 1,"Group Key": ["partsupp.ps_partkey"],"Filter": "(sum((partsupp.ps_supplycost * (partsupp.ps_availqty)::numeric)) > $2)","Planned Partitions": 0,"HashAgg Batches": 1,"Peak Memory Usage": 17937,"Disk Usage": 0,"Rows Removed by Filter": 27290,"Plans": [{"Node Type": "Nested Loop","Parent Relationship": "Outer","Parallel Aware": false,"Async Capable": false,"Join Type": "Inner","Startup Cost": 7.81,"Total Cost": 4194.26,"Plan Rows": 32000,"Plan Width": 14,"Actual Startup Time": 0.353,"Actual Total Time": 190.903,"Actual Rows": 30160,"Actual Loops": 1,"Inner Unique": false,"Plans": [{"Node Type": "Nested Loop","Parent Relationship": "Outer","Parallel Aware": false,"Async Capable": false,"Join Type": "Inner","Startup Cost": 7.38,"Total Cost": 244.58,"Plan Rows": 400,"Plan Width": 4,"Actual Startup Time": 0.276,"Actual Total Time": 2.652,"Actual Rows": 377,"Actual Loops": 1,"Inner Unique": false,"Plans": [{"Node Type": "Seq Scan","Parent Relationship": "Outer","Parallel Aware": false,"Async Capable": false,"Relation Name": "nation","Alias": "nation","Startup Cost": 0.00,"Total Cost": 1.31,"Plan Rows": 1,"Plan Width": 4,"Actual Startup Time": 0.069,"Actual Total Time": 0.093,"Actual Rows": 1,"Actual Loops": 1,"Filter": "(n_name = 'JAPAN'::bpchar)","Rows Removed by Filter": 24},{"Node Type": "Bitmap Heap Scan","Parent Relationship": "Inner","Parallel Aware": false,"Async Capable": false,"Relation Name": "supplier","Alias": "supplier","Startup Cost": 7.38,"Total Cost": 239.27,"Plan Rows": 400,"Plan Width": 8,"Actual Startup Time": 0.204,"Actual Total Time": 2.512,"Actual Rows": 377,"Actual Loops": 1,"Recheck Cond": "(s_nationkey = nation.n_nationkey)","Rows Removed by Index Recheck": 0,"Exact Heap Blocks": 180,"Lossy Heap Blocks": 0,"Plans": [{"Node Type": "Bitmap Index Scan","Parent Relationship": "Outer","Parallel Aware": false,"Async Capable": false,"Index Name": "idx_supplier_nation_key","Startup Cost": 0.00,"Total Cost": 7.29,"Plan Rows": 400,"Plan Width": 0,"Actual Startup Time": 0.135,"Actual Total Time": 0.136,"Actual Rows": 377,"Actual Loops": 1,"Index Cond": "(s_nationkey = nation.n_nationkey)"}]}]},{"Node Type": "Index Scan","Parent Relationship": "Inner","Parallel Aware": false,"Async Capable": false,"Scan Direction": "Forward","Index Name": "idx_partsupp_suppkey","Relation Name": "partsupp","Alias": "partsupp","Startup Cost": 0.42,"Total Cost": 9.07,"Plan Rows": 80,"Plan Width": 18,"Actual Startup Time": 0.021,"Actual Total Time": 0.488,"Actual Rows": 80,"Actual Loops": 377,"Index Cond": "(ps_suppkey = supplier.s_suppkey)","Rows Removed by Index Recheck": 0}]}]}]},"Planning Time": 6.421,"Triggers": [],"Execution Time": 431.115}]
[{"Plan": {"Node Type": "Sort","Parallel Aware": false,"Async Capable": false,"Startup Cost": 10142.20,"Total Cost": 10168.87,"Plan Rows": 10667,"Plan Width": 36,"Actual Startup Time": 454.370,"Actual Total Time": 454.495,"Actual Rows": 925,"Actual Loops": 1,"Sort Key": ["(sum((partsupp.ps_supplycost * (partsupp.ps_availqty)::numeric))) DESC"],"Sort Method": "quicksort","Sort Space Used": 75,"Sort Space Type": "Memory","Plans": [{"Node Type": "Aggregate","Strategy": "Plain","Partial Mode": "Simple","Parent Relationship": "InitPlan","Subplan Name": "InitPlan 1 (returns $2)","Parallel Aware": false,"Async Capable": false,"Startup Cost": 4434.26,"Total Cost": 4434.27,"Plan Rows": 1,"Plan Width": 32,"Actual Startup Time": 135.908,"Actual Total Time": 135.923,"Actual Rows": 1,"Actual Loops": 1,"Plans": [{"Node Type": "Nested Loop","Parent Relationship": "Outer","Parallel Aware": false,"Async Capable": false,"Join Type": "Inner","Startup Cost": 7.81,"Total Cost": 4194.26,"Plan Rows": 32000,"Plan Width": 10,"Actual Startup Time": 0.237,"Actual Total Time": 128.564,"Actual Rows": 31840,"Actual Loops": 1,"Inner Unique": false,"Plans": [{"Node Type": "Nested Loop","Parent Relationship": "Outer","Parallel Aware": false,"Async Capable": false,"Join Type": "Inner","Startup Cost": 7.38,"Total Cost": 244.58,"Plan Rows": 400,"Plan Width": 4,"Actual Startup Time": 0.190,"Actual Total Time": 1.776,"Actual Rows": 398,"Actual Loops": 1,"Inner Unique": false,"Plans": [{"Node Type": "Seq Scan","Parent Relationship": "Outer","Parallel Aware": false,"Async Capable": false,"Relation Name": "nation","Alias": "nation_1","Startup Cost": 0.00,"Total Cost": 1.31,"Plan Rows": 1,"Plan Width": 4,"Actual Startup Time": 0.045,"Actual Total Time": 0.060,"Actual Rows": 1,"Actual Loops": 1,"Filter": "(n_name = 'ROMANIA'::bpchar)","Rows Removed by Filter": 24},{"Node Type": "Bitmap Heap Scan","Parent Relationship": "Inner","Parallel Aware": false,"Async Capable": false,"Relation Name": "supplier","Alias": "supplier_1","Startup Cost": 7.38,"Total Cost": 239.27,"Plan Rows": 400,"Plan Width": 8,"Actual Startup Time": 0.127,"Actual Total Time": 1.656,"Actual Rows": 398,"Actual Loops": 1,"Recheck Cond": "(s_nationkey = nation_1.n_nationkey)","Rows Removed by Index Recheck": 0,"Exact Heap Blocks": 186,"Lossy Heap Blocks": 0,"Plans": [{"Node Type": "Bitmap Index Scan","Parent Relationship": "Outer","Parallel Aware": false,"Async Capable": false,"Index Name": "idx_supplier_nation_key","Startup Cost": 0.00,"Total Cost": 7.29,"Plan Rows": 400,"Plan Width": 0,"Actual Startup Time": 0.081,"Actual Total Time": 0.084,"Actual Rows": 398,"Actual Loops": 1,"Index Cond": "(s_nationkey = nation_1.n_nationkey)"}]}]},{"Node Type": "Index Scan","Parent Relationship": "Inner","Parallel Aware": false,"Async Capable": false,"Scan Direction": "Forward","Index Name": "idx_partsupp_suppkey","Relation Name": "partsupp","Alias": "partsupp_1","Startup Cost": 0.42,"Total Cost": 9.07,"Plan Rows": 80,"Plan Width": 14,"Actual Startup Time": 0.015,"Actual Total Time": 0.306,"Actual Rows": 80,"Actual Loops": 398,"Index Cond": "(ps_suppkey = supplier_1.s_suppkey)","Rows Removed by Index Recheck": 0}]}]},{"Node Type": "Aggregate","Strategy": "Hashed","Partial Mode": "Simple","Parent Relationship": "Outer","Parallel Aware": false,"Async Capable": false,"Startup Cost": 4514.26,"Total Cost": 4994.26,"Plan Rows": 10667,"Plan Width": 36,"Actual Startup Time": 383.049,"Actual Total Time": 453.972,"Actual Rows": 925,"Actual Loops": 1,"Group Key": ["partsupp.ps_partkey"],"Filter": "(sum((partsupp.ps_supplycost * (partsupp.ps_availqty)::numeric)) > $2)","Planned Partitions": 0,"HashAgg Batches": 1,"Peak Memory Usage": 17937,"Disk Usage": 0,"Rows Removed by Filter": 29106,"Plans": [{"Node Type": "Nested Loop","Parent Relationship": "Outer","Parallel Aware": false,"Async Capable": false,"Join Type": "Inner","Startup Cost": 7.81,"Total Cost": 4194.26,"Plan Rows": 32000,"Plan Width": 14,"Actual Startup Time": 0.324,"Actual Total Time": 197.326,"Actual Rows": 31840,"Actual Loops": 1,"Inner Unique": false,"Plans": [{"Node Type": "Nested Loop","Parent Relationship": "Outer","Parallel Aware": false,"Async Capable": false,"Join Type": "Inner","Startup Cost": 7.38,"Total Cost": 244.58,"Plan Rows": 400,"Plan Width": 4,"Actual Startup Time": 0.245,"Actual Total Time": 2.763,"Actual Rows": 398,"Actual Loops": 1,"Inner Unique": false,"Plans": [{"Node Type": "Seq Scan","Parent Relationship": "Outer","Parallel Aware": false,"Async Capable": false,"Relation Name": "nation","Alias": "nation","Startup Cost": 0.00,"Total Cost": 1.31,"Plan Rows": 1,"Plan Width": 4,"Actual Startup Time": 0.070,"Actual Total Time": 0.094,"Actual Rows": 1,"Actual Loops": 1,"Filter": "(n_name = 'ROMANIA'::bpchar)","Rows Removed by Filter": 24},{"Node Type": "Bitmap Heap Scan","Parent Relationship": "Inner","Parallel Aware": false,"Async Capable": false,"Relation Name": "supplier","Alias": "supplier","Startup Cost": 7.38,"Total Cost": 239.27,"Plan Rows": 400,"Plan Width": 8,"Actual Startup Time": 0.167,"Actual Total Time": 2.613,"Actual Rows": 398,"Actual Loops": 1,"Recheck Cond": "(s_nationkey = nation.n_nationkey)","Rows Removed by Index Recheck": 0,"Exact Heap Blocks": 186,"Lossy Heap Blocks": 0,"Plans": [{"Node Type": "Bitmap Index Scan","Parent Relationship": "Outer","Parallel Aware": false,"Async Capable": false,"Index Name": "idx_supplier_nation_key","Startup Cost": 0.00,"Total Cost": 7.29,"Plan Rows": 400,"Plan Width": 0,"Actual Startup Time": 0.108,"Actual Total Time": 0.110,"Actual Rows": 398,"Actual Loops": 1,"Index Cond": "(s_nationkey = nation.n_nationkey)"}]}]},{"Node Type": "Index Scan","Parent Relationship": "Inner","Parallel Aware": false,"Async Capable": false,"Scan Direction": "Forward","Index Name": "idx_partsupp_suppkey","Relation Name": "partsupp","Alias": "partsupp","Startup Cost": 0.42,"Total Cost": 9.07,"Plan Rows": 80,"Plan Width": 18,"Actual Startup Time": 0.020,"Actual Total Time": 0.477,"Actual Rows": 80,"Actual Loops": 398,"Index Cond": "(ps_suppkey = supplier.s_suppkey)","Rows Removed by Index Recheck": 0}]}]}]},"Planning Time": 5.113,"Triggers": [],"Execution Time": 456.866}]
[{"Plan": {"Node Type": "Sort","Parallel Aware": false,"Async Capable": false,"Startup Cost": 10142.20,"Total Cost": 10168.87,"Plan Rows": 10667,"Plan Width": 36,"Actual Startup Time": 444.263,"Actual Total Time": 444.393,"Actual Rows": 839,"Actual Loops": 1,"Sort Key": ["(sum((partsupp.ps_supplycost * (partsupp.ps_availqty)::numeric))) DESC"],"Sort Method": "quicksort","Sort Space Used": 70,"Sort Space Type": "Memory","Plans": [{"Node Type": "Aggregate","Strategy": "Plain","Partial Mode": "Simple","Parent Relationship": "InitPlan","Subplan Name": "InitPlan 1 (returns $2)","Parallel Aware": false,"Async Capable": false,"Startup Cost": 4434.26,"Total Cost": 4434.27,"Plan Rows": 1,"Plan Width": 32,"Actual Startup Time": 130.704,"Actual Total Time": 130.725,"Actual Rows": 1,"Actual Loops": 1,"Plans": [{"Node Type": "Nested Loop","Parent Relationship": "Outer","Parallel Aware": false,"Async Capable": false,"Join Type": "Inner","Startup Cost": 7.81,"Total Cost": 4194.26,"Plan Rows": 32000,"Plan Width": 10,"Actual Startup Time": 0.144,"Actual Total Time": 123.234,"Actual Rows": 32880,"Actual Loops": 1,"Inner Unique": false,"Plans": [{"Node Type": "Nested Loop","Parent Relationship": "Outer","Parallel Aware": false,"Async Capable": false,"Join Type": "Inner","Startup Cost": 7.38,"Total Cost": 244.58,"Plan Rows": 400,"Plan Width": 4,"Actual Startup Time": 0.115,"Actual Total Time": 1.739,"Actual Rows": 411,"Actual Loops": 1,"Inner Unique": false,"Plans": [{"Node Type": "Seq Scan","Parent Relationship": "Outer","Parallel Aware": false,"Async Capable": false,"Relation Name": "nation","Alias": "nation_1","Startup Cost": 0.00,"Total Cost": 1.31,"Plan Rows": 1,"Plan Width": 4,"Actual Startup Time": 0.024,"Actual Total Time": 0.046,"Actual Rows": 1,"Actual Loops": 1,"Filter": "(n_name = 'SAUDI ARABIA'::bpchar)","Rows Removed by Filter": 24},{"Node Type": "Bitmap Heap Scan","Parent Relationship": "Inner","Parallel Aware": false,"Async Capable": false,"Relation Name": "supplier","Alias": "supplier_1","Startup Cost": 7.38,"Total Cost": 239.27,"Plan Rows": 400,"Plan Width": 8,"Actual Startup Time": 0.082,"Actual Total Time": 1.642,"Actual Rows": 411,"Actual Loops": 1,"Recheck Cond": "(s_nationkey = nation_1.n_nationkey)","Rows Removed by Index Recheck": 0,"Exact Heap Blocks": 182,"Lossy Heap Blocks": 0,"Plans": [{"Node Type": "Bitmap Index Scan","Parent Relationship": "Outer","Parallel Aware": false,"Async Capable": false,"Index Name": "idx_supplier_nation_key","Startup Cost": 0.00,"Total Cost": 7.29,"Plan Rows": 400,"Plan Width": 0,"Actual Startup Time": 0.049,"Actual Total Time": 0.055,"Actual Rows": 411,"Actual Loops": 1,"Index Cond": "(s_nationkey = nation_1.n_nationkey)"}]}]},{"Node Type": "Index Scan","Parent Relationship": "Inner","Parallel Aware": false,"Async Capable": false,"Scan Direction": "Forward","Index Name": "idx_partsupp_suppkey","Relation Name": "partsupp","Alias": "partsupp_1","Startup Cost": 0.42,"Total Cost": 9.07,"Plan Rows": 80,"Plan Width": 14,"Actual Startup Time": 0.014,"Actual Total Time": 0.283,"Actual Rows": 80,"Actual Loops": 411,"Index Cond": "(ps_suppkey = supplier_1.s_suppkey)","Rows Removed by Index Recheck": 0}]}]},{"Node Type": "Aggregate","Strategy": "Hashed","Partial Mode": "Simple","Parent Relationship": "Outer","Parallel Aware": false,"Async Capable": false,"Startup Cost": 4514.26,"Total Cost": 4994.26,"Plan Rows": 10667,"Plan Width": 36,"Actual Startup Time": 370.866,"Actual Total Time": 443.841,"Actual Rows": 839,"Actual Loops": 1,"Group Key": ["partsupp.ps_partkey"],"Filter": "(sum((partsupp.ps_supplycost * (partsupp.ps_availqty)::numeric)) > $2)","Planned Partitions": 0,"HashAgg Batches": 1,"Peak Memory Usage": 17937,"Disk Usage": 0,"Rows Removed by Filter": 30007,"Plans": [{"Node Type": "Nested Loop","Parent Relationship": "Outer","Parallel Aware": false,"Async Capable": false,"Join Type": "Inner","Startup Cost": 7.81,"Total Cost": 4194.26,"Plan Rows": 32000,"Plan Width": 14,"Actual Startup Time": 0.339,"Actual Total Time": 197.388,"Actual Rows": 32880,"Actual Loops": 1,"Inner Unique": false,"Plans": [{"Node Type": "Nested Loop","Parent Relationship": "Outer","Parallel Aware": false,"Async Capable": false,"Join Type": "Inner","Startup Cost": 7.38,"Total Cost": 244.58,"Plan Rows": 400,"Plan Width": 4,"Actual Startup Time": 0.236,"Actual Total Time": 2.786,"Actual Rows": 411,"Actual Loops": 1,"Inner Unique": false,"Plans": [{"Node Type": "Seq Scan","Parent Relationship": "Outer","Parallel Aware": false,"Async Capable": false,"Relation Name": "nation","Alias": "nation","Startup Cost": 0.00,"Total Cost": 1.31,"Plan Rows": 1,"Plan Width": 4,"Actual Startup Time": 0.067,"Actual Total Time": 0.078,"Actual Rows": 1,"Actual Loops": 1,"Filter": "(n_name = 'SAUDI ARABIA'::bpchar)","Rows Removed by Filter": 24},{"Node Type": "Bitmap Heap Scan","Parent Relationship": "Inner","Parallel Aware": false,"Async Capable": false,"Relation Name": "supplier","Alias": "supplier","Startup Cost": 7.38,"Total Cost": 239.27,"Plan Rows": 400,"Plan Width": 8,"Actual Startup Time": 0.164,"Actual Total Time": 2.651,"Actual Rows": 411,"Actual Loops": 1,"Recheck Cond": "(s_nationkey = nation.n_nationkey)","Rows Removed by Index Recheck": 0,"Exact Heap Blocks": 182,"Lossy Heap Blocks": 0,"Plans": [{"Node Type": "Bitmap Index Scan","Parent Relationship": "Outer","Parallel Aware": false,"Async Capable": false,"Index Name": "idx_supplier_nation_key","Startup Cost": 0.00,"Total Cost": 7.29,"Plan Rows": 400,"Plan Width": 0,"Actual Startup Time": 0.119,"Actual Total Time": 0.120,"Actual Rows": 411,"Actual Loops": 1,"Index Cond": "(s_nationkey = nation.n_nationkey)"}]}]},{"Node Type": "Index Scan","Parent Relationship": "Inner","Parallel Aware": false,"Async Capable": false,"Scan Direction": "Forward","Index Name": "idx_partsupp_suppkey","Relation Name": "partsupp","Alias": "partsupp","Startup Cost": 0.42,"Total Cost": 9.07,"Plan Rows": 80,"Plan Width": 18,"Actual Startup Time": 0.019,"Actual Total Time": 0.462,"Actual Rows": 80,"Actual Loops": 411,"Index Cond": "(ps_suppkey = supplier.s_suppkey)","Rows Removed by Index Recheck": 0}]}]}]},"Planning Time": 5.661,"Triggers": [],"Execution Time": 447.485}]
[{"Plan": {"Node Type": "Sort","Parallel Aware": false,"Async Capable": false,"Startup Cost": 10142.20,"Total Cost": 10168.87,"Plan Rows": 10667,"Plan Width": 36,"Actual Startup Time": 438.718,"Actual Total Time": 438.846,"Actual Rows": 919,"Actual Loops": 1,"Sort Key": ["(sum((partsupp.ps_supplycost * (partsupp.ps_availqty)::numeric))) DESC"],"Sort Method": "quicksort","Sort Space Used": 75,"Sort Space Type": "Memory","Plans": [{"Node Type": "Aggregate","Strategy": "Plain","Partial Mode": "Simple","Parent Relationship": "InitPlan","Subplan Name": "InitPlan 1 (returns $2)","Parallel Aware": false,"Async Capable": false,"Startup Cost": 4434.26,"Total Cost": 4434.27,"Plan Rows": 1,"Plan Width": 32,"Actual Startup Time": 130.550,"Actual Total Time": 130.572,"Actual Rows": 1,"Actual Loops": 1,"Plans": [{"Node Type": "Nested Loop","Parent Relationship": "Outer","Parallel Aware": false,"Async Capable": false,"Join Type": "Inner","Startup Cost": 7.81,"Total Cost": 4194.26,"Plan Rows": 32000,"Plan Width": 10,"Actual Startup Time": 0.239,"Actual Total Time": 123.231,"Actual Rows": 32080,"Actual Loops": 1,"Inner Unique": false,"Plans": [{"Node Type": "Nested Loop","Parent Relationship": "Outer","Parallel Aware": false,"Async Capable": false,"Join Type": "Inner","Startup Cost": 7.38,"Total Cost": 244.58,"Plan Rows": 400,"Plan Width": 4,"Actual Startup Time": 0.189,"Actual Total Time": 1.751,"Actual Rows": 401,"Actual Loops": 1,"Inner Unique": false,"Plans": [{"Node Type": "Seq Scan","Parent Relationship": "Outer","Parallel Aware": false,"Async Capable": false,"Relation Name": "nation","Alias": "nation_1","Startup Cost": 0.00,"Total Cost": 1.31,"Plan Rows": 1,"Plan Width": 4,"Actual Startup Time": 0.044,"Actual Total Time": 0.061,"Actual Rows": 1,"Actual Loops": 1,"Filter": "(n_name = 'RUSSIA'::bpchar)","Rows Removed by Filter": 24},{"Node Type": "Bitmap Heap Scan","Parent Relationship": "Inner","Parallel Aware": false,"Async Capable": false,"Relation Name": "supplier","Alias": "supplier_1","Startup Cost": 7.38,"Total Cost": 239.27,"Plan Rows": 400,"Plan Width": 8,"Actual Startup Time": 0.130,"Actual Total Time": 1.632,"Actual Rows": 401,"Actual Loops": 1,"Recheck Cond": "(s_nationkey = nation_1.n_nationkey)","Rows Removed by Index Recheck": 0,"Exact Heap Blocks": 180,"Lossy Heap Blocks": 0,"Plans": [{"Node Type": "Bitmap Index Scan","Parent Relationship": "Outer","Parallel Aware": false,"Async Capable": false,"Index Name": "idx_supplier_nation_key","Startup Cost": 0.00,"Total Cost": 7.29,"Plan Rows": 400,"Plan Width": 0,"Actual Startup Time": 0.092,"Actual Total Time": 0.094,"Actual Rows": 401,"Actual Loops": 1,"Index Cond": "(s_nationkey = nation_1.n_nationkey)"}]}]},{"Node Type": "Index Scan","Parent Relationship": "Inner","Parallel Aware": false,"Async Capable": false,"Scan Direction": "Forward","Index Name": "idx_partsupp_suppkey","Relation Name": "partsupp","Alias": "partsupp_1","Startup Cost": 0.42,"Total Cost": 9.07,"Plan Rows": 80,"Plan Width": 14,"Actual Startup Time": 0.014,"Actual Total Time": 0.291,"Actual Rows": 80,"Actual Loops": 401,"Index Cond": "(ps_suppkey = supplier_1.s_suppkey)","Rows Removed by Index Recheck": 0}]}]},{"Node Type": "Aggregate","Strategy": "Hashed","Partial Mode": "Simple","Parent Relationship": "Outer","Parallel Aware": false,"Async Capable": false,"Startup Cost": 4514.26,"Total Cost": 4994.26,"Plan Rows": 10667,"Plan Width": 36,"Actual Startup Time": 367.075,"Actual Total Time": 438.260,"Actual Rows": 919,"Actual Loops": 1,"Group Key": ["partsupp.ps_partkey"],"Filter": "(sum((partsupp.ps_supplycost * (partsupp.ps_availqty)::numeric)) > $2)","Planned Partitions": 0,"HashAgg Batches": 1,"Peak Memory Usage": 17937,"Disk Usage": 0,"Rows Removed by Filter": 29289,"Plans": [{"Node Type": "Nested Loop","Parent Relationship": "Outer","Parallel Aware": false,"Async Capable": false,"Join Type": "Inner","Startup Cost": 7.81,"Total Cost": 4194.26,"Plan Rows": 32000,"Plan Width": 14,"Actual Startup Time": 0.388,"Actual Total Time": 194.500,"Actual Rows": 32080,"Actual Loops": 1,"Inner Unique": false,"Plans": [{"Node Type": "Nested Loop","Parent Relationship": "Outer","Parallel Aware": false,"Async Capable": false,"Join Type": "Inner","Startup Cost": 7.38,"Total Cost": 244.58,"Plan Rows": 400,"Plan Width": 4,"Actual Startup Time": 0.281,"Actual Total Time": 2.675,"Actual Rows": 401,"Actual Loops": 1,"Inner Unique": false,"Plans": [{"Node Type": "Seq Scan","Parent Relationship": "Outer","Parallel Aware": false,"Async Capable": false,"Relation Name": "nation","Alias": "nation","Startup Cost": 0.00,"Total Cost": 1.31,"Plan Rows": 1,"Plan Width": 4,"Actual Startup Time": 0.057,"Actual Total Time": 0.080,"Actual Rows": 1,"Actual Loops": 1,"Filter": "(n_name = 'RUSSIA'::bpchar)","Rows Removed by Filter": 24},{"Node Type": "Bitmap Heap Scan","Parent Relationship": "Inner","Parallel Aware": false,"Async Capable": false,"Relation Name": "supplier","Alias": "supplier","Startup Cost": 7.38,"Total Cost": 239.27,"Plan Rows": 400,"Plan Width": 8,"Actual Startup Time": 0.220,"Actual Total Time": 2.546,"Actual Rows": 401,"Actual Loops": 1,"Recheck Cond": "(s_nationkey = nation.n_nationkey)","Rows Removed by Index Recheck": 0,"Exact Heap Blocks": 180,"Lossy Heap Blocks": 0,"Plans": [{"Node Type": "Bitmap Index Scan","Parent Relationship": "Outer","Parallel Aware": false,"Async Capable": false,"Index Name": "idx_supplier_nation_key","Startup Cost": 0.00,"Total Cost": 7.29,"Plan Rows": 400,"Plan Width": 0,"Actual Startup Time": 0.151,"Actual Total Time": 0.154,"Actual Rows": 401,"Actual Loops": 1,"Index Cond": "(s_nationkey = nation.n_nationkey)"}]}]},{"Node Type": "Index Scan","Parent Relationship": "Inner","Parallel Aware": false,"Async Capable": false,"Scan Direction": "Forward","Index Name": "idx_partsupp_suppkey","Relation Name": "partsupp","Alias": "partsupp","Startup Cost": 0.42,"Total Cost": 9.07,"Plan Rows": 80,"Plan Width": 18,"Actual Startup Time": 0.018,"Actual Total Time": 0.467,"Actual Rows": 80,"Actual Loops": 401,"Index Cond": "(ps_suppkey = supplier.s_suppkey)","Rows Removed by Index Recheck": 0}]}]}]},"Planning Time": 6.216,"Triggers": [],"Execution Time": 442.343}]
[{"Plan": {"Node Type": "Sort","Parallel Aware": false,"Async Capable": false,"Startup Cost": 10142.20,"Total Cost": 10168.87,"Plan Rows": 10667,"Plan Width": 36,"Actual Startup Time": 400.788,"Actual Total Time": 400.942,"Actual Rows": 1469,"Actual Loops": 1,"Sort Key": ["(sum((partsupp.ps_supplycost * (partsupp.ps_availqty)::numeric))) DESC"],"Sort Method": "quicksort","Sort Space Used": 129,"Sort Space Type": "Memory","Plans": [{"Node Type": "Aggregate","Strategy": "Plain","Partial Mode": "Simple","Parent Relationship": "InitPlan","Subplan Name": "InitPlan 1 (returns $2)","Parallel Aware": false,"Async Capable": false,"Startup Cost": 4434.26,"Total Cost": 4434.27,"Plan Rows": 1,"Plan Width": 32,"Actual Startup Time": 117.250,"Actual Total Time": 117.272,"Actual Rows": 1,"Actual Loops": 1,"Plans": [{"Node Type": "Nested Loop","Parent Relationship": "Outer","Parallel Aware": false,"Async Capable": false,"Join Type": "Inner","Startup Cost": 7.81,"Total Cost": 4194.26,"Plan Rows": 32000,"Plan Width": 10,"Actual Startup Time": 0.216,"Actual Total Time": 110.575,"Actual Rows": 28960,"Actual Loops": 1,"Inner Unique": false,"Plans": [{"Node Type": "Nested Loop","Parent Relationship": "Outer","Parallel Aware": false,"Async Capable": false,"Join Type": "Inner","Startup Cost": 7.38,"Total Cost": 244.58,"Plan Rows": 400,"Plan Width": 4,"Actual Startup Time": 0.161,"Actual Total Time": 1.515,"Actual Rows": 362,"Actual Loops": 1,"Inner Unique": false,"Plans": [{"Node Type": "Seq Scan","Parent Relationship": "Outer","Parallel Aware": false,"Async Capable": false,"Relation Name": "nation","Alias": "nation_1","Startup Cost": 0.00,"Total Cost": 1.31,"Plan Rows": 1,"Plan Width": 4,"Actual Startup Time": 0.032,"Actual Total Time": 0.051,"Actual Rows": 1,"Actual Loops": 1,"Filter": "(n_name = 'JORDAN'::bpchar)","Rows Removed by Filter": 24},{"Node Type": "Bitmap Heap Scan","Parent Relationship": "Inner","Parallel Aware": false,"Async Capable": false,"Relation Name": "supplier","Alias": "supplier_1","Startup Cost": 7.38,"Total Cost": 239.27,"Plan Rows": 400,"Plan Width": 8,"Actual Startup Time": 0.117,"Actual Total Time": 1.415,"Actual Rows": 362,"Actual Loops": 1,"Recheck Cond": "(s_nationkey = nation_1.n_nationkey)","Rows Removed by Index Recheck": 0,"Exact Heap Blocks": 166,"Lossy Heap Blocks": 0,"Plans": [{"Node Type": "Bitmap Index Scan","Parent Relationship": "Outer","Parallel Aware": false,"Async Capable": false,"Index Name": "idx_supplier_nation_key","Startup Cost": 0.00,"Total Cost": 7.29,"Plan Rows": 400,"Plan Width": 0,"Actual Startup Time": 0.075,"Actual Total Time": 0.079,"Actual Rows": 362,"Actual Loops": 1,"Index Cond": "(s_nationkey = nation_1.n_nationkey)"}]}]},{"Node Type": "Index Scan","Parent Relationship": "Inner","Parallel Aware": false,"Async Capable": false,"Scan Direction": "Forward","Index Name": "idx_partsupp_suppkey","Relation Name": "partsupp","Alias": "partsupp_1","Startup Cost": 0.42,"Total Cost": 9.07,"Plan Rows": 80,"Plan Width": 14,"Actual Startup Time": 0.014,"Actual Total Time": 0.289,"Actual Rows": 80,"Actual Loops": 362,"Index Cond": "(ps_suppkey = supplier_1.s_suppkey)","Rows Removed by Index Recheck": 0}]}]},{"Node Type": "Aggregate","Strategy": "Hashed","Partial Mode": "Simple","Parent Relationship": "Outer","Parallel Aware": false,"Async Capable": false,"Startup Cost": 4514.26,"Total Cost": 4994.26,"Plan Rows": 10667,"Plan Width": 36,"Actual Startup Time": 338.606,"Actual Total Time": 400.138,"Actual Rows": 1469,"Actual Loops": 1,"Group Key": ["partsupp.ps_partkey"],"Filter": "(sum((partsupp.ps_supplycost * (partsupp.ps_availqty)::numeric)) > $2)","Planned Partitions": 0,"HashAgg Batches": 1,"Peak Memory Usage": 17937,"Disk Usage": 0,"Rows Removed by Filter": 25896,"Plans": [{"Node Type": "Nested Loop","Parent Relationship": "Outer","Parallel Aware": false,"Async Capable": false,"Join Type": "Inner","Startup Cost": 7.81,"Total Cost": 4194.26,"Plan Rows": 32000,"Plan Width": 14,"Actual Startup Time": 0.314,"Actual Total Time": 181.118,"Actual Rows": 28960,"Actual Loops": 1,"Inner Unique": false,"Plans": [{"Node Type": "Nested Loop","Parent Relationship": "Outer","Parallel Aware": false,"Async Capable": false,"Join Type": "Inner","Startup Cost": 7.38,"Total Cost": 244.58,"Plan Rows": 400,"Plan Width": 4,"Actual Startup Time": 0.258,"Actual Total Time": 2.692,"Actual Rows": 362,"Actual Loops": 1,"Inner Unique": false,"Plans": [{"Node Type": "Seq Scan","Parent Relationship": "Outer","Parallel Aware": false,"Async Capable": false,"Relation Name": "nation","Alias": "nation","Startup Cost": 0.00,"Total Cost": 1.31,"Plan Rows": 1,"Plan Width": 4,"Actual Startup Time": 0.077,"Actual Total Time": 0.107,"Actual Rows": 1,"Actual Loops": 1,"Filter": "(n_name = 'JORDAN'::bpchar)","Rows Removed by Filter": 24},{"Node Type": "Bitmap Heap Scan","Parent Relationship": "Inner","Parallel Aware": false,"Async Capable": false,"Relation Name": "supplier","Alias": "supplier","Startup Cost": 7.38,"Total Cost": 239.27,"Plan Rows": 400,"Plan Width": 8,"Actual Startup Time": 0.172,"Actual Total Time": 2.539,"Actual Rows": 362,"Actual Loops": 1,"Recheck Cond": "(s_nationkey = nation.n_nationkey)","Rows Removed by Index Recheck": 0,"Exact Heap Blocks": 166,"Lossy Heap Blocks": 0,"Plans": [{"Node Type": "Bitmap Index Scan","Parent Relationship": "Outer","Parallel Aware": false,"Async Capable": false,"Index Name": "idx_supplier_nation_key","Startup Cost": 0.00,"Total Cost": 7.29,"Plan Rows": 400,"Plan Width": 0,"Actual Startup Time": 0.117,"Actual Total Time": 0.118,"Actual Rows": 362,"Actual Loops": 1,"Index Cond": "(s_nationkey = nation.n_nationkey)"}]}]},{"Node Type": "Index Scan","Parent Relationship": "Inner","Parallel Aware": false,"Async Capable": false,"Scan Direction": "Forward","Index Name": "idx_partsupp_suppkey","Relation Name": "partsupp","Alias": "partsupp","Startup Cost": 0.42,"Total Cost": 9.07,"Plan Rows": 80,"Plan Width": 18,"Actual Startup Time": 0.019,"Actual Total Time": 0.481,"Actual Rows": 80,"Actual Loops": 362,"Index Cond": "(ps_suppkey = supplier.s_suppkey)","Rows Removed by Index Recheck": 0}]}]}]},"Planning Time": 6.843,"Triggers": [],"Execution Time": 403.999}]
[{"Plan": {"Node Type": "Sort","Parallel Aware": false,"Async Capable": false,"Startup Cost": 10142.20,"Total Cost": 10168.87,"Plan Rows": 10667,"Plan Width": 36,"Actual Startup Time": 463.200,"Actual Total Time": 463.334,"Actual Rows": 786,"Actual Loops": 1,"Sort Key": ["(sum((partsupp.ps_supplycost * (partsupp.ps_availqty)::numeric))) DESC"],"Sort Method": "quicksort","Sort Space Used": 67,"Sort Space Type": "Memory","Plans": [{"Node Type": "Aggregate","Strategy": "Plain","Partial Mode": "Simple","Parent Relationship": "InitPlan","Subplan Name": "InitPlan 1 (returns $2)","Parallel Aware": false,"Async Capable": false,"Startup Cost": 4434.26,"Total Cost": 4434.27,"Plan Rows": 1,"Plan Width": 32,"Actual Startup Time": 138.217,"Actual Total Time": 138.241,"Actual Rows": 1,"Actual Loops": 1,"Plans": [{"Node Type": "Nested Loop","Parent Relationship": "Outer","Parallel Aware": false,"Async Capable": false,"Join Type": "Inner","Startup Cost": 7.81,"Total Cost": 4194.26,"Plan Rows": 32000,"Plan Width": 10,"Actual Startup Time": 0.203,"Actual Total Time": 130.632,"Actual Rows": 33040,"Actual Loops": 1,"Inner Unique": false,"Plans": [{"Node Type": "Nested Loop","Parent Relationship": "Outer","Parallel Aware": false,"Async Capable": false,"Join Type": "Inner","Startup Cost": 7.38,"Total Cost": 244.58,"Plan Rows": 400,"Plan Width": 4,"Actual Startup Time": 0.159,"Actual Total Time": 1.911,"Actual Rows": 413,"Actual Loops": 1,"Inner Unique": false,"Plans": [{"Node Type": "Seq Scan","Parent Relationship": "Outer","Parallel Aware": false,"Async Capable": false,"Relation Name": "nation","Alias": "nation_1","Startup Cost": 0.00,"Total Cost": 1.31,"Plan Rows": 1,"Plan Width": 4,"Actual Startup Time": 0.020,"Actual Total Time": 0.050,"Actual Rows": 1,"Actual Loops": 1,"Filter": "(n_name = 'ARGENTINA'::bpchar)","Rows Removed by Filter": 24},{"Node Type": "Bitmap Heap Scan","Parent Relationship": "Inner","Parallel Aware": false,"Async Capable": false,"Relation Name": "supplier","Alias": "supplier_1","Startup Cost": 7.38,"Total Cost": 239.27,"Plan Rows": 400,"Plan Width": 8,"Actual Startup Time": 0.122,"Actual Total Time": 1.805,"Actual Rows": 413,"Actual Loops": 1,"Recheck Cond": "(s_nationkey = nation_1.n_nationkey)","Rows Removed by Index Recheck": 0,"Exact Heap Blocks": 190,"Lossy Heap Blocks": 0,"Plans": [{"Node Type": "Bitmap Index Scan","Parent Relationship": "Outer","Parallel Aware": false,"Async Capable": false,"Index Name": "idx_supplier_nation_key","Startup Cost": 0.00,"Total Cost": 7.29,"Plan Rows": 400,"Plan Width": 0,"Actual Startup Time": 0.076,"Actual Total Time": 0.082,"Actual Rows": 413,"Actual Loops": 1,"Index Cond": "(s_nationkey = nation_1.n_nationkey)"}]}]},{"Node Type": "Index Scan","Parent Relationship": "Inner","Parallel Aware": false,"Async Capable": false,"Scan Direction": "Forward","Index Name": "idx_partsupp_suppkey","Relation Name": "partsupp","Alias": "partsupp_1","Startup Cost": 0.42,"Total Cost": 9.07,"Plan Rows": 80,"Plan Width": 14,"Actual Startup Time": 0.015,"Actual Total Time": 0.299,"Actual Rows": 80,"Actual Loops": 413,"Index Cond": "(ps_suppkey = supplier_1.s_suppkey)","Rows Removed by Index Recheck": 0}]}]},{"Node Type": "Aggregate","Strategy": "Hashed","Partial Mode": "Simple","Parent Relationship": "Outer","Parallel Aware": false,"Async Capable": false,"Startup Cost": 4514.26,"Total Cost": 4994.26,"Plan Rows": 10667,"Plan Width": 36,"Actual Startup Time": 387.894,"Actual Total Time": 462.834,"Actual Rows": 786,"Actual Loops": 1,"Group Key": ["partsupp.ps_partkey"],"Filter": "(sum((partsupp.ps_supplycost * (partsupp.ps_availqty)::numeric)) > $2)","Planned Partitions": 0,"HashAgg Batches": 1,"Peak Memory Usage": 17937,"Disk Usage": 0,"Rows Removed by Filter": 30324,"Plans": [{"Node Type": "Nested Loop","Parent Relationship": "Outer","Parallel Aware": false,"Async Capable": false,"Join Type": "Inner","Startup Cost": 7.81,"Total Cost": 4194.26,"Plan Rows": 32000,"Plan Width": 14,"Actual Startup Time": 0.397,"Actual Total Time": 197.172,"Actual Rows": 33040,"Actual Loops": 1,"Inner Unique": false,"Plans": [{"Node Type": "Nested Loop","Parent Relationship": "Outer","Parallel Aware": false,"Async Capable": false,"Join Type": "Inner","Startup Cost": 7.38,"Total Cost": 244.58,"Plan Rows": 400,"Plan Width": 4,"Actual Startup Time": 0.324,"Actual Total Time": 2.886,"Actual Rows": 413,"Actual Loops": 1,"Inner Unique": false,"Plans": [{"Node Type": "Seq Scan","Parent Relationship": "Outer","Parallel Aware": false,"Async Capable": false,"Relation Name": "nation","Alias": "nation","Startup Cost": 0.00,"Total Cost": 1.31,"Plan Rows": 1,"Plan Width": 4,"Actual Startup Time": 0.073,"Actual Total Time": 0.106,"Actual Rows": 1,"Actual Loops": 1,"Filter": "(n_name = 'ARGENTINA'::bpchar)","Rows Removed by Filter": 24},{"Node Type": "Bitmap Heap Scan","Parent Relationship": "Inner","Parallel Aware": false,"Async Capable": false,"Relation Name": "supplier","Alias": "supplier","Startup Cost": 7.38,"Total Cost": 239.27,"Plan Rows": 400,"Plan Width": 8,"Actual Startup Time": 0.246,"Actual Total Time": 2.727,"Actual Rows": 413,"Actual Loops": 1,"Recheck Cond": "(s_nationkey = nation.n_nationkey)","Rows Removed by Index Recheck": 0,"Exact Heap Blocks": 190,"Lossy Heap Blocks": 0,"Plans": [{"Node Type": "Bitmap Index Scan","Parent Relationship": "Outer","Parallel Aware": false,"Async Capable": false,"Index Name": "idx_supplier_nation_key","Startup Cost": 0.00,"Total Cost": 7.29,"Plan Rows": 400,"Plan Width": 0,"Actual Startup Time": 0.154,"Actual Total Time": 0.156,"Actual Rows": 413,"Actual Loops": 1,"Index Cond": "(s_nationkey = nation.n_nationkey)"}]}]},{"Node Type": "Index Scan","Parent Relationship": "Inner","Parallel Aware": false,"Async Capable": false,"Scan Direction": "Forward","Index Name": "idx_partsupp_suppkey","Relation Name": "partsupp","Alias": "partsupp","Startup Cost": 0.42,"Total Cost": 9.07,"Plan Rows": 80,"Plan Width": 18,"Actual Startup Time": 0.020,"Actual Total Time": 0.459,"Actual Rows": 80,"Actual Loops": 413,"Index Cond": "(ps_suppkey = supplier.s_suppkey)","Rows Removed by Index Recheck": 0}]}]}]},"Planning Time": 6.005,"Triggers": [],"Execution Time": 466.166}]
[{"Plan": {"Node Type": "Sort","Parallel Aware": false,"Async Capable": false,"Startup Cost": 10142.20,"Total Cost": 10168.87,"Plan Rows": 10667,"Plan Width": 36,"Actual Startup Time": 454.370,"Actual Total Time": 454.495,"Actual Rows": 925,"Actual Loops": 1,"Sort Key": ["(sum((partsupp.ps_supplycost * (partsupp.ps_availqty)::numeric))) DESC"],"Sort Method": "quicksort","Sort Space Used": 75,"Sort Space Type": "Memory","Plans": [{"Node Type": "Aggregate","Strategy": "Plain","Partial Mode": "Simple","Parent Relationship": "InitPlan","Subplan Name": "InitPlan 1 (returns $2)","Parallel Aware": false,"Async Capable": false,"Startup Cost": 4434.26,"Total Cost": 4434.27,"Plan Rows": 1,"Plan Width": 32,"Actual Startup Time": 135.908,"Actual Total Time": 135.923,"Actual Rows": 1,"Actual Loops": 1,"Plans": [{"Node Type": "Nested Loop","Parent Relationship": "Outer","Parallel Aware": false,"Async Capable": false,"Join Type": "Inner","Startup Cost": 7.81,"Total Cost": 4194.26,"Plan Rows": 32000,"Plan Width": 10,"Actual Startup Time": 0.237,"Actual Total Time": 128.564,"Actual Rows": 31840,"Actual Loops": 1,"Inner Unique": false,"Plans": [{"Node Type": "Nested Loop","Parent Relationship": "Outer","Parallel Aware": false,"Async Capable": false,"Join Type": "Inner","Startup Cost": 7.38,"Total Cost": 244.58,"Plan Rows": 400,"Plan Width": 4,"Actual Startup Time": 0.190,"Actual Total Time": 1.776,"Actual Rows": 398,"Actual Loops": 1,"Inner Unique": false,"Plans": [{"Node Type": "Seq Scan","Parent Relationship": "Outer","Parallel Aware": false,"Async Capable": false,"Relation Name": "nation","Alias": "nation_1","Startup Cost": 0.00,"Total Cost": 1.31,"Plan Rows": 1,"Plan Width": 4,"Actual Startup Time": 0.045,"Actual Total Time": 0.060,"Actual Rows": 1,"Actual Loops": 1,"Filter": "(n_name = 'ROMANIA'::bpchar)","Rows Removed by Filter": 24},{"Node Type": "Bitmap Heap Scan","Parent Relationship": "Inner","Parallel Aware": false,"Async Capable": false,"Relation Name": "supplier","Alias": "supplier_1","Startup Cost": 7.38,"Total Cost": 239.27,"Plan Rows": 400,"Plan Width": 8,"Actual Startup Time": 0.127,"Actual Total Time": 1.656,"Actual Rows": 398,"Actual Loops": 1,"Recheck Cond": "(s_nationkey = nation_1.n_nationkey)","Rows Removed by Index Recheck": 0,"Exact Heap Blocks": 186,"Lossy Heap Blocks": 0,"Plans": [{"Node Type": "Bitmap Index Scan","Parent Relationship": "Outer","Parallel Aware": false,"Async Capable": false,"Index Name": "idx_supplier_nation_key","Startup Cost": 0.00,"Total Cost": 7.29,"Plan Rows": 400,"Plan Width": 0,"Actual Startup Time": 0.081,"Actual Total Time": 0.084,"Actual Rows": 398,"Actual Loops": 1,"Index Cond": "(s_nationkey = nation_1.n_nationkey)"}]}]},{"Node Type": "Index Scan","Parent Relationship": "Inner","Parallel Aware": false,"Async Capable": false,"Scan Direction": "Forward","Index Name": "idx_partsupp_suppkey","Relation Name": "partsupp","Alias": "partsupp_1","Startup Cost": 0.42,"Total Cost": 9.07,"Plan Rows": 80,"Plan Width": 14,"Actual Startup Time": 0.015,"Actual Total Time": 0.306,"Actual Rows": 80,"Actual Loops": 398,"Index Cond": "(ps_suppkey = supplier_1.s_suppkey)","Rows Removed by Index Recheck": 0}]}]},{"Node Type": "Aggregate","Strategy": "Hashed","Partial Mode": "Simple","Parent Relationship": "Outer","Parallel Aware": false,"Async Capable": false,"Startup Cost": 4514.26,"Total Cost": 4994.26,"Plan Rows": 10667,"Plan Width": 36,"Actual Startup Time": 383.049,"Actual Total Time": 453.972,"Actual Rows": 925,"Actual Loops": 1,"Group Key": ["partsupp.ps_partkey"],"Filter": "(sum((partsupp.ps_supplycost * (partsupp.ps_availqty)::numeric)) > $2)","Planned Partitions": 0,"HashAgg Batches": 1,"Peak Memory Usage": 17937,"Disk Usage": 0,"Rows Removed by Filter": 29106,"Plans": [{"Node Type": "Nested Loop","Parent Relationship": "Outer","Parallel Aware": false,"Async Capable": false,"Join Type": "Inner","Startup Cost": 7.81,"Total Cost": 4194.26,"Plan Rows": 32000,"Plan Width": 14,"Actual Startup Time": 0.324,"Actual Total Time": 197.326,"Actual Rows": 31840,"Actual Loops": 1,"Inner Unique": false,"Plans": [{"Node Type": "Nested Loop","Parent Relationship": "Outer","Parallel Aware": false,"Async Capable": false,"Join Type": "Inner","Startup Cost": 7.38,"Total Cost": 244.58,"Plan Rows": 400,"Plan Width": 4,"Actual Startup Time": 0.245,"Actual Total Time": 2.763,"Actual Rows": 398,"Actual Loops": 1,"Inner Unique": false,"Plans": [{"Node Type": "Seq Scan","Parent Relationship": "Outer","Parallel Aware": false,"Async Capable": false,"Relation Name": "nation","Alias": "nation","Startup Cost": 0.00,"Total Cost": 1.31,"Plan Rows": 1,"Plan Width": 4,"Actual Startup Time": 0.070,"Actual Total Time": 0.094,"Actual Rows": 1,"Actual Loops": 1,"Filter": "(n_name = 'ROMANIA'::bpchar)","Rows Removed by Filter": 24},{"Node Type": "Bitmap Heap Scan","Parent Relationship": "Inner","Parallel Aware": false,"Async Capable": false,"Relation Name": "supplier","Alias": "supplier","Startup Cost": 7.38,"Total Cost": 239.27,"Plan Rows": 400,"Plan Width": 8,"Actual Startup Time": 0.167,"Actual Total Time": 2.613,"Actual Rows": 398,"Actual Loops": 1,"Recheck Cond": "(s_nationkey = nation.n_nationkey)","Rows Removed by Index Recheck": 0,"Exact Heap Blocks": 186,"Lossy Heap Blocks": 0,"Plans": [{"Node Type": "Bitmap Index Scan","Parent Relationship": "Outer","Parallel Aware": false,"Async Capable": false,"Index Name": "idx_supplier_nation_key","Startup Cost": 0.00,"Total Cost": 7.29,"Plan Rows": 400,"Plan Width": 0,"Actual Startup Time": 0.108,"Actual Total Time": 0.110,"Actual Rows": 398,"Actual Loops": 1,"Index Cond": "(s_nationkey = nation.n_nationkey)"}]}]},{"Node Type": "Index Scan","Parent Relationship": "Inner","Parallel Aware": false,"Async Capable": false,"Scan Direction": "Forward","Index Name": "idx_partsupp_suppkey","Relation Name": "partsupp","Alias": "partsupp","Startup Cost": 0.42,"Total Cost": 9.07,"Plan Rows": 80,"Plan Width": 18,"Actual Startup Time": 0.020,"Actual Total Time": 0.477,"Actual Rows": 80,"Actual Loops": 398,"Index Cond": "(ps_suppkey = supplier.s_suppkey)","Rows Removed by Index Recheck": 0}]}]}]},"Planning Time": 5.113,"Triggers": [],"Execution Time": 456.866}]
[{"Plan": {"Node Type": "Sort","Parallel Aware": false,"Async Capable": false,"Startup Cost": 10142.20,"Total Cost": 10168.87,"Plan Rows": 10667,"Plan Width": 36,"Actual Startup Time": 433.878,"Actual Total Time": 434.021,"Actual Rows": 1048,"Actual Loops": 1,"Sort Key": ["(sum((partsupp.ps_supplycost * (partsupp.ps_availqty)::numeric))) DESC"],"Sort Method": "quicksort","Sort Space Used": 106,"Sort Space Type": "Memory","Plans": [{"Node Type": "Aggregate","Strategy": "Plain","Partial Mode": "Simple","Parent Relationship": "InitPlan","Subplan Name": "InitPlan 1 (returns $2)","Parallel Aware": false,"Async Capable": false,"Startup Cost": 4434.26,"Total Cost": 4434.27,"Plan Rows": 1,"Plan Width": 32,"Actual Startup Time": 128.490,"Actual Total Time": 128.514,"Actual Rows": 1,"Actual Loops": 1,"Plans": [{"Node Type": "Nested Loop","Parent Relationship": "Outer","Parallel Aware": false,"Async Capable": false,"Join Type": "Inner","Startup Cost": 7.81,"Total Cost": 4194.26,"Plan Rows": 32000,"Plan Width": 10,"Actual Startup Time": 0.194,"Actual Total Time": 121.249,"Actual Rows": 31680,"Actual Loops": 1,"Inner Unique": false,"Plans": [{"Node Type": "Nested Loop","Parent Relationship": "Outer","Parallel Aware": false,"Async Capable": false,"Join Type": "Inner","Startup Cost": 7.38,"Total Cost": 244.58,"Plan Rows": 400,"Plan Width": 4,"Actual Startup Time": 0.149,"Actual Total Time": 1.791,"Actual Rows": 396,"Actual Loops": 1,"Inner Unique": false,"Plans": [{"Node Type": "Seq Scan","Parent Relationship": "Outer","Parallel Aware": false,"Async Capable": false,"Relation Name": "nation","Alias": "nation_1","Startup Cost": 0.00,"Total Cost": 1.31,"Plan Rows": 1,"Plan Width": 4,"Actual Startup Time": 0.037,"Actual Total Time": 0.065,"Actual Rows": 1,"Actual Loops": 1,"Filter": "(n_name = 'GERMANY'::bpchar)","Rows Removed by Filter": 24},{"Node Type": "Bitmap Heap Scan","Parent Relationship": "Inner","Parallel Aware": false,"Async Capable": false,"Relation Name": "supplier","Alias": "supplier_1","Startup Cost": 7.38,"Total Cost": 239.27,"Plan Rows": 400,"Plan Width": 8,"Actual Startup Time": 0.101,"Actual Total Time": 1.663,"Actual Rows": 396,"Actual Loops": 1,"Recheck Cond": "(s_nationkey = nation_1.n_nationkey)","Rows Removed by Index Recheck": 0,"Exact Heap Blocks": 191,"Lossy Heap Blocks": 0,"Plans": [{"Node Type": "Bitmap Index Scan","Parent Relationship": "Outer","Parallel Aware": false,"Async Capable": false,"Index Name": "idx_supplier_nation_key","Startup Cost": 0.00,"Total Cost": 7.29,"Plan Rows": 400,"Plan Width": 0,"Actual Startup Time": 0.064,"Actual Total Time": 0.071,"Actual Rows": 396,"Actual Loops": 1,"Index Cond": "(s_nationkey = nation_1.n_nationkey)"}]}]},{"Node Type": "Index Scan","Parent Relationship": "Inner","Parallel Aware": false,"Async Capable": false,"Scan Direction": "Forward","Index Name": "idx_partsupp_suppkey","Relation Name": "partsupp","Alias": "partsupp_1","Startup Cost": 0.42,"Total Cost": 9.07,"Plan Rows": 80,"Plan Width": 14,"Actual Startup Time": 0.014,"Actual Total Time": 0.289,"Actual Rows": 80,"Actual Loops": 396,"Index Cond": "(ps_suppkey = supplier_1.s_suppkey)","Rows Removed by Index Recheck": 0}]}]},{"Node Type": "Aggregate","Strategy": "Hashed","Partial Mode": "Simple","Parent Relationship": "Outer","Parallel Aware": false,"Async Capable": false,"Startup Cost": 4514.26,"Total Cost": 4994.26,"Plan Rows": 10667,"Plan Width": 36,"Actual Startup Time": 363.472,"Actual Total Time": 433.375,"Actual Rows": 1048,"Actual Loops": 1,"Group Key": ["partsupp.ps_partkey"],"Filter": "(sum((partsupp.ps_supplycost * (partsupp.ps_availqty)::numeric)) > $2)","Planned Partitions": 0,"HashAgg Batches": 1,"Peak Memory Usage": 17937,"Disk Usage": 0,"Rows Removed by Filter": 28770,"Plans": [{"Node Type": "Nested Loop","Parent Relationship": "Outer","Parallel Aware": false,"Async Capable": false,"Join Type": "Inner","Startup Cost": 7.81,"Total Cost": 4194.26,"Plan Rows": 32000,"Plan Width": 14,"Actual Startup Time": 0.319,"Actual Total Time": 192.866,"Actual Rows": 31680,"Actual Loops": 1,"Inner Unique": false,"Plans": [{"Node Type": "Nested Loop","Parent Relationship": "Outer","Parallel Aware": false,"Async Capable": false,"Join Type": "Inner","Startup Cost": 7.38,"Total Cost": 244.58,"Plan Rows": 400,"Plan Width": 4,"Actual Startup Time": 0.254,"Actual Total Time": 2.704,"Actual Rows": 396,"Actual Loops": 1,"Inner Unique": false,"Plans": [{"Node Type": "Seq Scan","Parent Relationship": "Outer","Parallel Aware": false,"Async Capable": false,"Relation Name": "nation","Alias": "nation","Startup Cost": 0.00,"Total Cost": 1.31,"Plan Rows": 1,"Plan Width": 4,"Actual Startup Time": 0.067,"Actual Total Time": 0.092,"Actual Rows": 1,"Actual Loops": 1,"Filter": "(n_name = 'GERMANY'::bpchar)","Rows Removed by Filter": 24},{"Node Type": "Bitmap Heap Scan","Parent Relationship": "Inner","Parallel Aware": false,"Async Capable": false,"Relation Name": "supplier","Alias": "supplier","Startup Cost": 7.38,"Total Cost": 239.27,"Plan Rows": 400,"Plan Width": 8,"Actual Startup Time": 0.180,"Actual Total Time": 2.555,"Actual Rows": 396,"Actual Loops": 1,"Recheck Cond": "(s_nationkey = nation.n_nationkey)","Rows Removed by Index Recheck": 0,"Exact Heap Blocks": 191,"Lossy Heap Blocks": 0,"Plans": [{"Node Type": "Bitmap Index Scan","Parent Relationship": "Outer","Parallel Aware": false,"Async Capable": false,"Index Name": "idx_supplier_nation_key","Startup Cost": 0.00,"Total Cost": 7.29,"Plan Rows": 400,"Plan Width": 0,"Actual Startup Time": 0.114,"Actual Total Time": 0.118,"Actual Rows": 396,"Actual Loops": 1,"Index Cond": "(s_nationkey = nation.n_nationkey)"}]}]},{"Node Type": "Index Scan","Parent Relationship": "Inner","Parallel Aware": false,"Async Capable": false,"Scan Direction": "Forward","Index Name": "idx_partsupp_suppkey","Relation Name": "partsupp","Alias": "partsupp","Startup Cost": 0.42,"Total Cost": 9.07,"Plan Rows": 80,"Plan Width": 18,"Actual Startup Time": 0.019,"Actual Total Time": 0.468,"Actual Rows": 80,"Actual Loops": 396,"Index Cond": "(ps_suppkey = supplier.s_suppkey)","Rows Removed by Index Recheck": 0}]}]}]},"Planning Time": 7.362,"Triggers": [],"Execution Time": 437.365}]
[{"Plan": {"Node Type": "Sort","Parallel Aware": false,"Async Capable": false,"Startup Cost": 10142.20,"Total Cost": 10168.87,"Plan Rows": 10667,"Plan Width": 36,"Actual Startup Time": 443.389,"Actual Total Time": 443.514,"Actual Rows": 1031,"Actual Loops": 1,"Sort Key": ["(sum((partsupp.ps_supplycost * (partsupp.ps_availqty)::numeric))) DESC"],"Sort Method": "quicksort","Sort Space Used": 105,"Sort Space Type": "Memory","Plans": [{"Node Type": "Aggregate","Strategy": "Plain","Partial Mode": "Simple","Parent Relationship": "InitPlan","Subplan Name": "InitPlan 1 (returns $2)","Parallel Aware": false,"Async Capable": false,"Startup Cost": 4434.26,"Total Cost": 4434.27,"Plan Rows": 1,"Plan Width": 32,"Actual Startup Time": 132.940,"Actual Total Time": 132.957,"Actual Rows": 1,"Actual Loops": 1,"Plans": [{"Node Type": "Nested Loop","Parent Relationship": "Outer","Parallel Aware": false,"Async Capable": false,"Join Type": "Inner","Startup Cost": 7.81,"Total Cost": 4194.26,"Plan Rows": 32000,"Plan Width": 10,"Actual Startup Time": 0.263,"Actual Total Time": 125.681,"Actual Rows": 31440,"Actual Loops": 1,"Inner Unique": false,"Plans": [{"Node Type": "Nested Loop","Parent Relationship": "Outer","Parallel Aware": false,"Async Capable": false,"Join Type": "Inner","Startup Cost": 7.38,"Total Cost": 244.58,"Plan Rows": 400,"Plan Width": 4,"Actual Startup Time": 0.205,"Actual Total Time": 1.775,"Actual Rows": 393,"Actual Loops": 1,"Inner Unique": false,"Plans": [{"Node Type": "Seq Scan","Parent Relationship": "Outer","Parallel Aware": false,"Async Capable": false,"Relation Name": "nation","Alias": "nation_1","Startup Cost": 0.00,"Total Cost": 1.31,"Plan Rows": 1,"Plan Width": 4,"Actual Startup Time": 0.056,"Actual Total Time": 0.062,"Actual Rows": 1,"Actual Loops": 1,"Filter": "(n_name = 'UNITED STATES'::bpchar)","Rows Removed by Filter": 24},{"Node Type": "Bitmap Heap Scan","Parent Relationship": "Inner","Parallel Aware": false,"Async Capable": false,"Relation Name": "supplier","Alias": "supplier_1","Startup Cost": 7.38,"Total Cost": 239.27,"Plan Rows": 400,"Plan Width": 8,"Actual Startup Time": 0.126,"Actual Total Time": 1.648,"Actual Rows": 393,"Actual Loops": 1,"Recheck Cond": "(s_nationkey = nation_1.n_nationkey)","Rows Removed by Index Recheck": 0,"Exact Heap Blocks": 181,"Lossy Heap Blocks": 0,"Plans": [{"Node Type": "Bitmap Index Scan","Parent Relationship": "Outer","Parallel Aware": false,"Async Capable": false,"Index Name": "idx_supplier_nation_key","Startup Cost": 0.00,"Total Cost": 7.29,"Plan Rows": 400,"Plan Width": 0,"Actual Startup Time": 0.087,"Actual Total Time": 0.091,"Actual Rows": 393,"Actual Loops": 1,"Index Cond": "(s_nationkey = nation_1.n_nationkey)"}]}]},{"Node Type": "Index Scan","Parent Relationship": "Inner","Parallel Aware": false,"Async Capable": false,"Scan Direction": "Forward","Index Name": "idx_partsupp_suppkey","Relation Name": "partsupp","Alias": "partsupp_1","Startup Cost": 0.42,"Total Cost": 9.07,"Plan Rows": 80,"Plan Width": 14,"Actual Startup Time": 0.015,"Actual Total Time": 0.303,"Actual Rows": 80,"Actual Loops": 393,"Index Cond": "(ps_suppkey = supplier_1.s_suppkey)","Rows Removed by Index Recheck": 0}]}]},{"Node Type": "Aggregate","Strategy": "Hashed","Partial Mode": "Simple","Parent Relationship": "Outer","Parallel Aware": false,"Async Capable": false,"Startup Cost": 4514.26,"Total Cost": 4994.26,"Plan Rows": 10667,"Plan Width": 36,"Actual Startup Time": 371.004,"Actual Total Time": 442.894,"Actual Rows": 1031,"Actual Loops": 1,"Group Key": ["partsupp.ps_partkey"],"Filter": "(sum((partsupp.ps_supplycost * (partsupp.ps_availqty)::numeric)) > $2)","Planned Partitions": 0,"HashAgg Batches": 1,"Peak Memory Usage": 17937,"Disk Usage": 0,"Rows Removed by Filter": 28434,"Plans": [{"Node Type": "Nested Loop","Parent Relationship": "Outer","Parallel Aware": false,"Async Capable": false,"Join Type": "Inner","Startup Cost": 7.81,"Total Cost": 4194.26,"Plan Rows": 32000,"Plan Width": 14,"Actual Startup Time": 0.317,"Actual Total Time": 191.179,"Actual Rows": 31440,"Actual Loops": 1,"Inner Unique": false,"Plans": [{"Node Type": "Nested Loop","Parent Relationship": "Outer","Parallel Aware": false,"Async Capable": false,"Join Type": "Inner","Startup Cost": 7.38,"Total Cost": 244.58,"Plan Rows": 400,"Plan Width": 4,"Actual Startup Time": 0.258,"Actual Total Time": 2.692,"Actual Rows": 393,"Actual Loops": 1,"Inner Unique": false,"Plans": [{"Node Type": "Seq Scan","Parent Relationship": "Outer","Parallel Aware": false,"Async Capable": false,"Relation Name": "nation","Alias": "nation","Startup Cost": 0.00,"Total Cost": 1.31,"Plan Rows": 1,"Plan Width": 4,"Actual Startup Time": 0.065,"Actual Total Time": 0.076,"Actual Rows": 1,"Actual Loops": 1,"Filter": "(n_name = 'UNITED STATES'::bpchar)","Rows Removed by Filter": 24},{"Node Type": "Bitmap Heap Scan","Parent Relationship": "Inner","Parallel Aware": false,"Async Capable": false,"Relation Name": "supplier","Alias": "supplier","Startup Cost": 7.38,"Total Cost": 239.27,"Plan Rows": 400,"Plan Width": 8,"Actual Startup Time": 0.185,"Actual Total Time": 2.562,"Actual Rows": 393,"Actual Loops": 1,"Recheck Cond": "(s_nationkey = nation.n_nationkey)","Rows Removed by Index Recheck": 0,"Exact Heap Blocks": 181,"Lossy Heap Blocks": 0,"Plans": [{"Node Type": "Bitmap Index Scan","Parent Relationship": "Outer","Parallel Aware": false,"Async Capable": false,"Index Name": "idx_supplier_nation_key","Startup Cost": 0.00,"Total Cost": 7.29,"Plan Rows": 400,"Plan Width": 0,"Actual Startup Time": 0.119,"Actual Total Time": 0.122,"Actual Rows": 393,"Actual Loops": 1,"Index Cond": "(s_nationkey = nation.n_nationkey)"}]}]},{"Node Type": "Index Scan","Parent Relationship": "Inner","Parallel Aware": false,"Async Capable": false,"Scan Direction": "Forward","Index Name": "idx_partsupp_suppkey","Relation Name": "partsupp","Alias": "partsupp","Startup Cost": 0.42,"Total Cost": 9.07,"Plan Rows": 80,"Plan Width": 18,"Actual Startup Time": 0.020,"Actual Total Time": 0.468,"Actual Rows": 80,"Actual Loops": 393,"Index Cond": "(ps_suppkey = supplier.s_suppkey)","Rows Removed by Index Recheck": 0}]}]}]},"Planning Time": 7.102,"Triggers": [],"Execution Time": 445.930}]
[{"Plan": {"Node Type": "Sort","Parallel Aware": false,"Async Capable": false,"Startup Cost": 10142.20,"Total Cost": 10168.87,"Plan Rows": 10667,"Plan Width": 36,"Actual Startup Time": 460.724,"Actual Total Time": 460.840,"Actual Rows": 741,"Actual Loops": 1,"Sort Key": ["(sum((partsupp.ps_supplycost * (partsupp.ps_availqty)::numeric))) DESC"],"Sort Method": "quicksort","Sort Space Used": 65,"Sort Space Type": "Memory","Plans": [{"Node Type": "Aggregate","Strategy": "Plain","Partial Mode": "Simple","Parent Relationship": "InitPlan","Subplan Name": "InitPlan 1 (returns $2)","Parallel Aware": false,"Async Capable": false,"Startup Cost": 4434.26,"Total Cost": 4434.27,"Plan Rows": 1,"Plan Width": 32,"Actual Startup Time": 132.110,"Actual Total Time": 132.136,"Actual Rows": 1,"Actual Loops": 1,"Plans": [{"Node Type": "Nested Loop","Parent Relationship": "Outer","Parallel Aware": false,"Async Capable": false,"Join Type": "Inner","Startup Cost": 7.81,"Total Cost": 4194.26,"Plan Rows": 32000,"Plan Width": 10,"Actual Startup Time": 0.212,"Actual Total Time": 124.425,"Actual Rows": 33680,"Actual Loops": 1,"Inner Unique": false,"Plans": [{"Node Type": "Nested Loop","Parent Relationship": "Outer","Parallel Aware": false,"Async Capable": false,"Join Type": "Inner","Startup Cost": 7.38,"Total Cost": 244.58,"Plan Rows": 400,"Plan Width": 4,"Actual Startup Time": 0.146,"Actual Total Time": 1.771,"Actual Rows": 421,"Actual Loops": 1,"Inner Unique": false,"Plans": [{"Node Type": "Seq Scan","Parent Relationship": "Outer","Parallel Aware": false,"Async Capable": false,"Relation Name": "nation","Alias": "nation_1","Startup Cost": 0.00,"Total Cost": 1.31,"Plan Rows": 1,"Plan Width": 4,"Actual Startup Time": 0.036,"Actual Total Time": 0.052,"Actual Rows": 1,"Actual Loops": 1,"Filter": "(n_name = 'PERU'::bpchar)","Rows Removed by Filter": 24},{"Node Type": "Bitmap Heap Scan","Parent Relationship": "Inner","Parallel Aware": false,"Async Capable": false,"Relation Name": "supplier","Alias": "supplier_1","Startup Cost": 7.38,"Total Cost": 239.27,"Plan Rows": 400,"Plan Width": 8,"Actual Startup Time": 0.097,"Actual Total Time": 1.663,"Actual Rows": 421,"Actual Loops": 1,"Recheck Cond": "(s_nationkey = nation_1.n_nationkey)","Rows Removed by Index Recheck": 0,"Exact Heap Blocks": 187,"Lossy Heap Blocks": 0,"Plans": [{"Node Type": "Bitmap Index Scan","Parent Relationship": "Outer","Parallel Aware": false,"Async Capable": false,"Index Name": "idx_supplier_nation_key","Startup Cost": 0.00,"Total Cost": 7.29,"Plan Rows": 400,"Plan Width": 0,"Actual Startup Time": 0.063,"Actual Total Time": 0.070,"Actual Rows": 421,"Actual Loops": 1,"Index Cond": "(s_nationkey = nation_1.n_nationkey)"}]}]},{"Node Type": "Index Scan","Parent Relationship": "Inner","Parallel Aware": false,"Async Capable": false,"Scan Direction": "Forward","Index Name": "idx_partsupp_suppkey","Relation Name": "partsupp","Alias": "partsupp_1","Startup Cost": 0.42,"Total Cost": 9.07,"Plan Rows": 80,"Plan Width": 14,"Actual Startup Time": 0.014,"Actual Total Time": 0.279,"Actual Rows": 80,"Actual Loops": 421,"Index Cond": "(ps_suppkey = supplier_1.s_suppkey)","Rows Removed by Index Recheck": 0}]}]},{"Node Type": "Aggregate","Strategy": "Hashed","Partial Mode": "Simple","Parent Relationship": "Outer","Parallel Aware": false,"Async Capable": false,"Startup Cost": 4514.26,"Total Cost": 4994.26,"Plan Rows": 10667,"Plan Width": 36,"Actual Startup Time": 384.508,"Actual Total Time": 460.301,"Actual Rows": 741,"Actual Loops": 1,"Group Key": ["partsupp.ps_partkey"],"Filter": "(sum((partsupp.ps_supplycost * (partsupp.ps_availqty)::numeric)) > $2)","Planned Partitions": 0,"HashAgg Batches": 1,"Peak Memory Usage": 17937,"Disk Usage": 0,"Rows Removed by Filter": 30846,"Plans": [{"Node Type": "Nested Loop","Parent Relationship": "Outer","Parallel Aware": false,"Async Capable": false,"Join Type": "Inner","Startup Cost": 7.81,"Total Cost": 4194.26,"Plan Rows": 32000,"Plan Width": 14,"Actual Startup Time": 0.389,"Actual Total Time": 205.243,"Actual Rows": 33680,"Actual Loops": 1,"Inner Unique": false,"Plans": [{"Node Type": "Nested Loop","Parent Relationship": "Outer","Parallel Aware": false,"Async Capable": false,"Join Type": "Inner","Startup Cost": 7.38,"Total Cost": 244.58,"Plan Rows": 400,"Plan Width": 4,"Actual Startup Time": 0.332,"Actual Total Time": 2.785,"Actual Rows": 421,"Actual Loops": 1,"Inner Unique": false,"Plans": [{"Node Type": "Seq Scan","Parent Relationship": "Outer","Parallel Aware": false,"Async Capable": false,"Relation Name": "nation","Alias": "nation","Startup Cost": 0.00,"Total Cost": 1.31,"Plan Rows": 1,"Plan Width": 4,"Actual Startup Time": 0.057,"Actual Total Time": 0.075,"Actual Rows": 1,"Actual Loops": 1,"Filter": "(n_name = 'PERU'::bpchar)","Rows Removed by Filter": 24},{"Node Type": "Bitmap Heap Scan","Parent Relationship": "Inner","Parallel Aware": false,"Async Capable": false,"Relation Name": "supplier","Alias": "supplier","Startup Cost": 7.38,"Total Cost": 239.27,"Plan Rows": 400,"Plan Width": 8,"Actual Startup Time": 0.270,"Actual Total Time": 2.660,"Actual Rows": 421,"Actual Loops": 1,"Recheck Cond": "(s_nationkey = nation.n_nationkey)","Rows Removed by Index Recheck": 0,"Exact Heap Blocks": 187,"Lossy Heap Blocks": 0,"Plans": [{"Node Type": "Bitmap Index Scan","Parent Relationship": "Outer","Parallel Aware": false,"Async Capable": false,"Index Name": "idx_supplier_nation_key","Startup Cost": 0.00,"Total Cost": 7.29,"Plan Rows": 400,"Plan Width": 0,"Actual Startup Time": 0.195,"Actual Total Time": 0.196,"Actual Rows": 421,"Actual Loops": 1,"Index Cond": "(s_nationkey = nation.n_nationkey)"}]}]},{"Node Type": "Index Scan","Parent Relationship": "Inner","Parallel Aware": false,"Async Capable": false,"Scan Direction": "Forward","Index Name": "idx_partsupp_suppkey","Relation Name": "partsupp","Alias": "partsupp","Startup Cost": 0.42,"Total Cost": 9.07,"Plan Rows": 80,"Plan Width": 18,"Actual Startup Time": 0.018,"Actual Total Time": 0.469,"Actual Rows": 80,"Actual Loops": 421,"Index Cond": "(ps_suppkey = supplier.s_suppkey)","Rows Removed by Index Recheck": 0}]}]}]},"Planning Time": 6.964,"Triggers": [],"Execution Time": 464.153}]
[{"Plan": {"Node Type": "Sort","Parallel Aware": false,"Async Capable": false,"Startup Cost": 10142.20,"Total Cost": 10168.87,"Plan Rows": 10667,"Plan Width": 36,"Actual Startup Time": 464.748,"Actual Total Time": 464.880,"Actual Rows": 665,"Actual Loops": 1,"Sort Key": ["(sum((partsupp.ps_supplycost * (partsupp.ps_availqty)::numeric))) DESC"],"Sort Method": "quicksort","Sort Space Used": 61,"Sort Space Type": "Memory","Plans": [{"Node Type": "Aggregate","Strategy": "Plain","Partial Mode": "Simple","Parent Relationship": "InitPlan","Subplan Name": "InitPlan 1 (returns $2)","Parallel Aware": false,"Async Capable": false,"Startup Cost": 4434.26,"Total Cost": 4434.27,"Plan Rows": 1,"Plan Width": 32,"Actual Startup Time": 134.444,"Actual Total Time": 134.478,"Actual Rows": 1,"Actual Loops": 1,"Plans": [{"Node Type": "Nested Loop","Parent Relationship": "Outer","Parallel Aware": false,"Async Capable": false,"Join Type": "Inner","Startup Cost": 7.81,"Total Cost": 4194.26,"Plan Rows": 32000,"Plan Width": 10,"Actual Startup Time": 0.195,"Actual Total Time": 126.758,"Actual Rows": 33600,"Actual Loops": 1,"Inner Unique": false,"Plans": [{"Node Type": "Nested Loop","Parent Relationship": "Outer","Parallel Aware": false,"Async Capable": false,"Join Type": "Inner","Startup Cost": 7.38,"Total Cost": 244.58,"Plan Rows": 400,"Plan Width": 4,"Actual Startup Time": 0.143,"Actual Total Time": 1.895,"Actual Rows": 420,"Actual Loops": 1,"Inner Unique": false,"Plans": [{"Node Type": "Seq Scan","Parent Relationship": "Outer","Parallel Aware": false,"Async Capable": false,"Relation Name": "nation","Alias": "nation_1","Startup Cost": 0.00,"Total Cost": 1.31,"Plan Rows": 1,"Plan Width": 4,"Actual Startup Time": 0.024,"Actual Total Time": 0.046,"Actual Rows": 1,"Actual Loops": 1,"Filter": "(n_name = 'ALGERIA'::bpchar)","Rows Removed by Filter": 24},{"Node Type": "Bitmap Heap Scan","Parent Relationship": "Inner","Parallel Aware": false,"Async Capable": false,"Relation Name": "supplier","Alias": "supplier_1","Startup Cost": 7.38,"Total Cost": 239.27,"Plan Rows": 400,"Plan Width": 8,"Actual Startup Time": 0.107,"Actual Total Time": 1.788,"Actual Rows": 420,"Actual Loops": 1,"Recheck Cond": "(s_nationkey = nation_1.n_nationkey)","Rows Removed by Index Recheck": 0,"Exact Heap Blocks": 197,"Lossy Heap Blocks": 0,"Plans": [{"Node Type": "Bitmap Index Scan","Parent Relationship": "Outer","Parallel Aware": false,"Async Capable": false,"Index Name": "idx_supplier_nation_key","Startup Cost": 0.00,"Total Cost": 7.29,"Plan Rows": 400,"Plan Width": 0,"Actual Startup Time": 0.069,"Actual Total Time": 0.076,"Actual Rows": 420,"Actual Loops": 1,"Index Cond": "(s_nationkey = nation_1.n_nationkey)"}]}]},{"Node Type": "Index Scan","Parent Relationship": "Inner","Parallel Aware": false,"Async Capable": false,"Scan Direction": "Forward","Index Name": "idx_partsupp_suppkey","Relation Name": "partsupp","Alias": "partsupp_1","Startup Cost": 0.42,"Total Cost": 9.07,"Plan Rows": 80,"Plan Width": 14,"Actual Startup Time": 0.014,"Actual Total Time": 0.285,"Actual Rows": 80,"Actual Loops": 420,"Index Cond": "(ps_suppkey = supplier_1.s_suppkey)","Rows Removed by Index Recheck": 0}]}]},{"Node Type": "Aggregate","Strategy": "Hashed","Partial Mode": "Simple","Parent Relationship": "Outer","Parallel Aware": false,"Async Capable": false,"Startup Cost": 4514.26,"Total Cost": 4994.26,"Plan Rows": 10667,"Plan Width": 36,"Actual Startup Time": 388.152,"Actual Total Time": 464.346,"Actual Rows": 665,"Actual Loops": 1,"Group Key": ["partsupp.ps_partkey"],"Filter": "(sum((partsupp.ps_supplycost * (partsupp.ps_availqty)::numeric)) > $2)","Planned Partitions": 0,"HashAgg Batches": 1,"Peak Memory Usage": 17937,"Disk Usage": 0,"Rows Removed by Filter": 30920,"Plans": [{"Node Type": "Nested Loop","Parent Relationship": "Outer","Parallel Aware": false,"Async Capable": false,"Join Type": "Inner","Startup Cost": 7.81,"Total Cost": 4194.26,"Plan Rows": 32000,"Plan Width": 14,"Actual Startup Time": 0.388,"Actual Total Time": 207.629,"Actual Rows": 33600,"Actual Loops": 1,"Inner Unique": false,"Plans": [{"Node Type": "Nested Loop","Parent Relationship": "Outer","Parallel Aware": false,"Async Capable": false,"Join Type": "Inner","Startup Cost": 7.38,"Total Cost": 244.58,"Plan Rows": 400,"Plan Width": 4,"Actual Startup Time": 0.274,"Actual Total Time": 2.984,"Actual Rows": 420,"Actual Loops": 1,"Inner Unique": false,"Plans": [{"Node Type": "Seq Scan","Parent Relationship": "Outer","Parallel Aware": false,"Async Capable": false,"Relation Name": "nation","Alias": "nation","Startup Cost": 0.00,"Total Cost": 1.31,"Plan Rows": 1,"Plan Width": 4,"Actual Startup Time": 0.081,"Actual Total Time": 0.099,"Actual Rows": 1,"Actual Loops": 1,"Filter": "(n_name = 'ALGERIA'::bpchar)","Rows Removed by Filter": 24},{"Node Type": "Bitmap Heap Scan","Parent Relationship": "Inner","Parallel Aware": false,"Async Capable": false,"Relation Name": "supplier","Alias": "supplier","Startup Cost": 7.38,"Total Cost": 239.27,"Plan Rows": 400,"Plan Width": 8,"Actual Startup Time": 0.184,"Actual Total Time": 2.823,"Actual Rows": 420,"Actual Loops": 1,"Recheck Cond": "(s_nationkey = nation.n_nationkey)","Rows Removed by Index Recheck": 0,"Exact Heap Blocks": 197,"Lossy Heap Blocks": 0,"Plans": [{"Node Type": "Bitmap Index Scan","Parent Relationship": "Outer","Parallel Aware": false,"Async Capable": false,"Index Name": "idx_supplier_nation_key","Startup Cost": 0.00,"Total Cost": 7.29,"Plan Rows": 400,"Plan Width": 0,"Actual Startup Time": 0.105,"Actual Total Time": 0.106,"Actual Rows": 420,"Actual Loops": 1,"Index Cond": "(s_nationkey = nation.n_nationkey)"}]}]},{"Node Type": "Index Scan","Parent Relationship": "Inner","Parallel Aware": false,"Async Capable": false,"Scan Direction": "Forward","Index Name": "idx_partsupp_suppkey","Relation Name": "partsupp","Alias": "partsupp","Startup Cost": 0.42,"Total Cost": 9.07,"Plan Rows": 80,"Plan Width": 18,"Actual Startup Time": 0.019,"Actual Total Time": 0.475,"Actual Rows": 80,"Actual Loops": 420,"Index Cond": "(ps_suppkey = supplier.s_suppkey)","Rows Removed by Index Recheck": 0}]}]}]},"Planning Time": 6.930,"Triggers": [],"Execution Time": 468.122}]
[{"Plan": {"Node Type": "Sort","Parallel Aware": false,"Async Capable": false,"Startup Cost": 10142.20,"Total Cost": 10168.87,"Plan Rows": 10667,"Plan Width": 36,"Actual Startup Time": 453.468,"Actual Total Time": 453.579,"Actual Rows": 699,"Actual Loops": 1,"Sort Key": ["(sum((partsupp.ps_supplycost * (partsupp.ps_availqty)::numeric))) DESC"],"Sort Method": "quicksort","Sort Space Used": 63,"Sort Space Type": "Memory","Plans": [{"Node Type": "Aggregate","Strategy": "Plain","Partial Mode": "Simple","Parent Relationship": "InitPlan","Subplan Name": "InitPlan 1 (returns $2)","Parallel Aware": false,"Async Capable": false,"Startup Cost": 4434.26,"Total Cost": 4434.27,"Plan Rows": 1,"Plan Width": 32,"Actual Startup Time": 131.382,"Actual Total Time": 131.405,"Actual Rows": 1,"Actual Loops": 1,"Plans": [{"Node Type": "Nested Loop","Parent Relationship": "Outer","Parallel Aware": false,"Async Capable": false,"Join Type": "Inner","Startup Cost": 7.81,"Total Cost": 4194.26,"Plan Rows": 32000,"Plan Width": 10,"Actual Startup Time": 0.203,"Actual Total Time": 123.789,"Actual Rows": 33200,"Actual Loops": 1,"Inner Unique": false,"Plans": [{"Node Type": "Nested Loop","Parent Relationship": "Outer","Parallel Aware": false,"Async Capable": false,"Join Type": "Inner","Startup Cost": 7.38,"Total Cost": 244.58,"Plan Rows": 400,"Plan Width": 4,"Actual Startup Time": 0.149,"Actual Total Time": 1.767,"Actual Rows": 415,"Actual Loops": 1,"Inner Unique": false,"Plans": [{"Node Type": "Seq Scan","Parent Relationship": "Outer","Parallel Aware": false,"Async Capable": false,"Relation Name": "nation","Alias": "nation_1","Startup Cost": 0.00,"Total Cost": 1.31,"Plan Rows": 1,"Plan Width": 4,"Actual Startup Time": 0.027,"Actual Total Time": 0.047,"Actual Rows": 1,"Actual Loops": 1,"Filter": "(n_name = 'EGYPT'::bpchar)","Rows Removed by Filter": 24},{"Node Type": "Bitmap Heap Scan","Parent Relationship": "Inner","Parallel Aware": false,"Async Capable": false,"Relation Name": "supplier","Alias": "supplier_1","Startup Cost": 7.38,"Total Cost": 239.27,"Plan Rows": 400,"Plan Width": 8,"Actual Startup Time": 0.105,"Actual Total Time": 1.654,"Actual Rows": 415,"Actual Loops": 1,"Recheck Cond": "(s_nationkey = nation_1.n_nationkey)","Rows Removed by Index Recheck": 0,"Exact Heap Blocks": 183,"Lossy Heap Blocks": 0,"Plans": [{"Node Type": "Bitmap Index Scan","Parent Relationship": "Outer","Parallel Aware": false,"Async Capable": false,"Index Name": "idx_supplier_nation_key","Startup Cost": 0.00,"Total Cost": 7.29,"Plan Rows": 400,"Plan Width": 0,"Actual Startup Time": 0.070,"Actual Total Time": 0.074,"Actual Rows": 415,"Actual Loops": 1,"Index Cond": "(s_nationkey = nation_1.n_nationkey)"}]}]},{"Node Type": "Index Scan","Parent Relationship": "Inner","Parallel Aware": false,"Async Capable": false,"Scan Direction": "Forward","Index Name": "idx_partsupp_suppkey","Relation Name": "partsupp","Alias": "partsupp_1","Startup Cost": 0.42,"Total Cost": 9.07,"Plan Rows": 80,"Plan Width": 14,"Actual Startup Time": 0.014,"Actual Total Time": 0.282,"Actual Rows": 80,"Actual Loops": 415,"Index Cond": "(ps_suppkey = supplier_1.s_suppkey)","Rows Removed by Index Recheck": 0}]}]},{"Node Type": "Aggregate","Strategy": "Hashed","Partial Mode": "Simple","Parent Relationship": "Outer","Parallel Aware": false,"Async Capable": false,"Startup Cost": 4514.26,"Total Cost": 4994.26,"Plan Rows": 10667,"Plan Width": 36,"Actual Startup Time": 379.250,"Actual Total Time": 453.099,"Actual Rows": 699,"Actual Loops": 1,"Group Key": ["partsupp.ps_partkey"],"Filter": "(sum((partsupp.ps_supplycost * (partsupp.ps_availqty)::numeric)) > $2)","Planned Partitions": 0,"HashAgg Batches": 1,"Peak Memory Usage": 17937,"Disk Usage": 0,"Rows Removed by Filter": 30398,"Plans": [{"Node Type": "Nested Loop","Parent Relationship": "Outer","Parallel Aware": false,"Async Capable": false,"Join Type": "Inner","Startup Cost": 7.81,"Total Cost": 4194.26,"Plan Rows": 32000,"Plan Width": 14,"Actual Startup Time": 0.395,"Actual Total Time": 204.247,"Actual Rows": 33200,"Actual Loops": 1,"Inner Unique": false,"Plans": [{"Node Type": "Nested Loop","Parent Relationship": "Outer","Parallel Aware": false,"Async Capable": false,"Join Type": "Inner","Startup Cost": 7.38,"Total Cost": 244.58,"Plan Rows": 400,"Plan Width": 4,"Actual Startup Time": 0.281,"Actual Total Time": 2.800,"Actual Rows": 415,"Actual Loops": 1,"Inner Unique": false,"Plans": [{"Node Type": "Seq Scan","Parent Relationship": "Outer","Parallel Aware": false,"Async Capable": false,"Relation Name": "nation","Alias": "nation","Startup Cost": 0.00,"Total Cost": 1.31,"Plan Rows": 1,"Plan Width": 4,"Actual Startup Time": 0.068,"Actual Total Time": 0.091,"Actual Rows": 1,"Actual Loops": 1,"Filter": "(n_name = 'EGYPT'::bpchar)","Rows Removed by Filter": 24},{"Node Type": "Bitmap Heap Scan","Parent Relationship": "Inner","Parallel Aware": false,"Async Capable": false,"Relation Name": "supplier","Alias": "supplier","Startup Cost": 7.38,"Total Cost": 239.27,"Plan Rows": 400,"Plan Width": 8,"Actual Startup Time": 0.209,"Actual Total Time": 2.654,"Actual Rows": 415,"Actual Loops": 1,"Recheck Cond": "(s_nationkey = nation.n_nationkey)","Rows Removed by Index Recheck": 0,"Exact Heap Blocks": 183,"Lossy Heap Blocks": 0,"Plans": [{"Node Type": "Bitmap Index Scan","Parent Relationship": "Outer","Parallel Aware": false,"Async Capable": false,"Index Name": "idx_supplier_nation_key","Startup Cost": 0.00,"Total Cost": 7.29,"Plan Rows": 400,"Plan Width": 0,"Actual Startup Time": 0.130,"Actual Total Time": 0.132,"Actual Rows": 415,"Actual Loops": 1,"Index Cond": "(s_nationkey = nation.n_nationkey)"}]}]},{"Node Type": "Index Scan","Parent Relationship": "Inner","Parallel Aware": false,"Async Capable": false,"Scan Direction": "Forward","Index Name": "idx_partsupp_suppkey","Relation Name": "partsupp","Alias": "partsupp","Startup Cost": 0.42,"Total Cost": 9.07,"Plan Rows": 80,"Plan Width": 18,"Actual Startup Time": 0.020,"Actual Total Time": 0.474,"Actual Rows": 80,"Actual Loops": 415,"Index Cond": "(ps_suppkey = supplier.s_suppkey)","Rows Removed by Index Recheck": 0}]}]}]},"Planning Time": 6.818,"Triggers": [],"Execution Time": 456.802}]
[{"Plan": {"Node Type": "Sort","Parallel Aware": false,"Async Capable": false,"Startup Cost": 10142.20,"Total Cost": 10168.87,"Plan Rows": 10667,"Plan Width": 36,"Actual Startup Time": 431.698,"Actual Total Time": 431.824,"Actual Rows": 911,"Actual Loops": 1,"Sort Key": ["(sum((partsupp.ps_supplycost * (partsupp.ps_availqty)::numeric))) DESC"],"Sort Method": "quicksort","Sort Space Used": 74,"Sort Space Type": "Memory","Plans": [{"Node Type": "Aggregate","Strategy": "Plain","Partial Mode": "Simple","Parent Relationship": "InitPlan","Subplan Name": "InitPlan 1 (returns $2)","Parallel Aware": false,"Async Capable": false,"Startup Cost": 4434.26,"Total Cost": 4434.27,"Plan Rows": 1,"Plan Width": 32,"Actual Startup Time": 129.087,"Actual Total Time": 129.106,"Actual Rows": 1,"Actual Loops": 1,"Plans": [{"Node Type": "Nested Loop","Parent Relationship": "Outer","Parallel Aware": false,"Async Capable": false,"Join Type": "Inner","Startup Cost": 7.81,"Total Cost": 4194.26,"Plan Rows": 32000,"Plan Width": 10,"Actual Startup Time": 0.210,"Actual Total Time": 121.870,"Actual Rows": 32160,"Actual Loops": 1,"Inner Unique": false,"Plans": [{"Node Type": "Nested Loop","Parent Relationship": "Outer","Parallel Aware": false,"Async Capable": false,"Join Type": "Inner","Startup Cost": 7.38,"Total Cost": 244.58,"Plan Rows": 400,"Plan Width": 4,"Actual Startup Time": 0.174,"Actual Total Time": 1.780,"Actual Rows": 402,"Actual Loops": 1,"Inner Unique": false,"Plans": [{"Node Type": "Seq Scan","Parent Relationship": "Outer","Parallel Aware": false,"Async Capable": false,"Relation Name": "nation","Alias": "nation_1","Startup Cost": 0.00,"Total Cost": 1.31,"Plan Rows": 1,"Plan Width": 4,"Actual Startup Time": 0.036,"Actual Total Time": 0.056,"Actual Rows": 1,"Actual Loops": 1,"Filter": "(n_name = 'FRANCE'::bpchar)","Rows Removed by Filter": 24},{"Node Type": "Bitmap Heap Scan","Parent Relationship": "Inner","Parallel Aware": false,"Async Capable": false,"Relation Name": "supplier","Alias": "supplier_1","Startup Cost": 7.38,"Total Cost": 239.27,"Plan Rows": 400,"Plan Width": 8,"Actual Startup Time": 0.119,"Actual Total Time": 1.663,"Actual Rows": 402,"Actual Loops": 1,"Recheck Cond": "(s_nationkey = nation_1.n_nationkey)","Rows Removed by Index Recheck": 0,"Exact Heap Blocks": 184,"Lossy Heap Blocks": 0,"Plans": [{"Node Type": "Bitmap Index Scan","Parent Relationship": "Outer","Parallel Aware": false,"Async Capable": false,"Index Name": "idx_supplier_nation_key","Startup Cost": 0.00,"Total Cost": 7.29,"Plan Rows": 400,"Plan Width": 0,"Actual Startup Time": 0.075,"Actual Total Time": 0.079,"Actual Rows": 402,"Actual Loops": 1,"Index Cond": "(s_nationkey = nation_1.n_nationkey)"}]}]},{"Node Type": "Index Scan","Parent Relationship": "Inner","Parallel Aware": false,"Async Capable": false,"Scan Direction": "Forward","Index Name": "idx_partsupp_suppkey","Relation Name": "partsupp","Alias": "partsupp_1","Startup Cost": 0.42,"Total Cost": 9.07,"Plan Rows": 80,"Plan Width": 14,"Actual Startup Time": 0.014,"Actual Total Time": 0.286,"Actual Rows": 80,"Actual Loops": 402,"Index Cond": "(ps_suppkey = supplier_1.s_suppkey)","Rows Removed by Index Recheck": 0}]}]},{"Node Type": "Aggregate","Strategy": "Hashed","Partial Mode": "Simple","Parent Relationship": "Outer","Parallel Aware": false,"Async Capable": false,"Startup Cost": 4514.26,"Total Cost": 4994.26,"Plan Rows": 10667,"Plan Width": 36,"Actual Startup Time": 359.069,"Actual Total Time": 431.218,"Actual Rows": 911,"Actual Loops": 1,"Group Key": ["partsupp.ps_partkey"],"Filter": "(sum((partsupp.ps_supplycost * (partsupp.ps_availqty)::numeric)) > $2)","Planned Partitions": 0,"HashAgg Batches": 1,"Peak Memory Usage": 17937,"Disk Usage": 0,"Rows Removed by Filter": 29336,"Plans": [{"Node Type": "Nested Loop","Parent Relationship": "Outer","Parallel Aware": false,"Async Capable": false,"Join Type": "Inner","Startup Cost": 7.81,"Total Cost": 4194.26,"Plan Rows": 32000,"Plan Width": 14,"Actual Startup Time": 0.330,"Actual Total Time": 187.860,"Actual Rows": 32160,"Actual Loops": 1,"Inner Unique": false,"Plans": [{"Node Type": "Nested Loop","Parent Relationship": "Outer","Parallel Aware": false,"Async Capable": false,"Join Type": "Inner","Startup Cost": 7.38,"Total Cost": 244.58,"Plan Rows": 400,"Plan Width": 4,"Actual Startup Time": 0.249,"Actual Total Time": 2.513,"Actual Rows": 402,"Actual Loops": 1,"Inner Unique": false,"Plans": [{"Node Type": "Seq Scan","Parent Relationship": "Outer","Parallel Aware": false,"Async Capable": false,"Relation Name": "nation","Alias": "nation","Startup Cost": 0.00,"Total Cost": 1.31,"Plan Rows": 1,"Plan Width": 4,"Actual Startup Time": 0.077,"Actual Total Time": 0.097,"Actual Rows": 1,"Actual Loops": 1,"Filter": "(n_name = 'FRANCE'::bpchar)","Rows Removed by Filter": 24},{"Node Type": "Bitmap Heap Scan","Parent Relationship": "Inner","Parallel Aware": false,"Async Capable": false,"Relation Name": "supplier","Alias": "supplier","Startup Cost": 7.38,"Total Cost": 239.27,"Plan Rows": 400,"Plan Width": 8,"Actual Startup Time": 0.163,"Actual Total Time": 2.362,"Actual Rows": 402,"Actual Loops": 1,"Recheck Cond": "(s_nationkey = nation.n_nationkey)","Rows Removed by Index Recheck": 0,"Exact Heap Blocks": 184,"Lossy Heap Blocks": 0,"Plans": [{"Node Type": "Bitmap Index Scan","Parent Relationship": "Outer","Parallel Aware": false,"Async Capable": false,"Index Name": "idx_supplier_nation_key","Startup Cost": 0.00,"Total Cost": 7.29,"Plan Rows": 400,"Plan Width": 0,"Actual Startup Time": 0.112,"Actual Total Time": 0.113,"Actual Rows": 402,"Actual Loops": 1,"Index Cond": "(s_nationkey = nation.n_nationkey)"}]}]},{"Node Type": "Index Scan","Parent Relationship": "Inner","Parallel Aware": false,"Async Capable": false,"Scan Direction": "Forward","Index Name": "idx_partsupp_suppkey","Relation Name": "partsupp","Alias": "partsupp","Startup Cost": 0.42,"Total Cost": 9.07,"Plan Rows": 80,"Plan Width": 18,"Actual Startup Time": 0.018,"Actual Total Time": 0.449,"Actual Rows": 80,"Actual Loops": 402,"Index Cond": "(ps_suppkey = supplier.s_suppkey)","Rows Removed by Index Recheck": 0}]}]}]},"Planning Time": 7.171,"Triggers": [],"Execution Time": 434.998}]
[{"Plan": {"Node Type": "Sort","Parallel Aware": false,"Async Capable": false,"Startup Cost": 10142.20,"Total Cost": 10168.87,"Plan Rows": 10667,"Plan Width": 36,"Actual Startup Time": 431.698,"Actual Total Time": 431.824,"Actual Rows": 911,"Actual Loops": 1,"Sort Key": ["(sum((partsupp.ps_supplycost * (partsupp.ps_availqty)::numeric))) DESC"],"Sort Method": "quicksort","Sort Space Used": 74,"Sort Space Type": "Memory","Plans": [{"Node Type": "Aggregate","Strategy": "Plain","Partial Mode": "Simple","Parent Relationship": "InitPlan","Subplan Name": "InitPlan 1 (returns $2)","Parallel Aware": false,"Async Capable": false,"Startup Cost": 4434.26,"Total Cost": 4434.27,"Plan Rows": 1,"Plan Width": 32,"Actual Startup Time": 129.087,"Actual Total Time": 129.106,"Actual Rows": 1,"Actual Loops": 1,"Plans": [{"Node Type": "Nested Loop","Parent Relationship": "Outer","Parallel Aware": false,"Async Capable": false,"Join Type": "Inner","Startup Cost": 7.81,"Total Cost": 4194.26,"Plan Rows": 32000,"Plan Width": 10,"Actual Startup Time": 0.210,"Actual Total Time": 121.870,"Actual Rows": 32160,"Actual Loops": 1,"Inner Unique": false,"Plans": [{"Node Type": "Nested Loop","Parent Relationship": "Outer","Parallel Aware": false,"Async Capable": false,"Join Type": "Inner","Startup Cost": 7.38,"Total Cost": 244.58,"Plan Rows": 400,"Plan Width": 4,"Actual Startup Time": 0.174,"Actual Total Time": 1.780,"Actual Rows": 402,"Actual Loops": 1,"Inner Unique": false,"Plans": [{"Node Type": "Seq Scan","Parent Relationship": "Outer","Parallel Aware": false,"Async Capable": false,"Relation Name": "nation","Alias": "nation_1","Startup Cost": 0.00,"Total Cost": 1.31,"Plan Rows": 1,"Plan Width": 4,"Actual Startup Time": 0.036,"Actual Total Time": 0.056,"Actual Rows": 1,"Actual Loops": 1,"Filter": "(n_name = 'FRANCE'::bpchar)","Rows Removed by Filter": 24},{"Node Type": "Bitmap Heap Scan","Parent Relationship": "Inner","Parallel Aware": false,"Async Capable": false,"Relation Name": "supplier","Alias": "supplier_1","Startup Cost": 7.38,"Total Cost": 239.27,"Plan Rows": 400,"Plan Width": 8,"Actual Startup Time": 0.119,"Actual Total Time": 1.663,"Actual Rows": 402,"Actual Loops": 1,"Recheck Cond": "(s_nationkey = nation_1.n_nationkey)","Rows Removed by Index Recheck": 0,"Exact Heap Blocks": 184,"Lossy Heap Blocks": 0,"Plans": [{"Node Type": "Bitmap Index Scan","Parent Relationship": "Outer","Parallel Aware": false,"Async Capable": false,"Index Name": "idx_supplier_nation_key","Startup Cost": 0.00,"Total Cost": 7.29,"Plan Rows": 400,"Plan Width": 0,"Actual Startup Time": 0.075,"Actual Total Time": 0.079,"Actual Rows": 402,"Actual Loops": 1,"Index Cond": "(s_nationkey = nation_1.n_nationkey)"}]}]},{"Node Type": "Index Scan","Parent Relationship": "Inner","Parallel Aware": false,"Async Capable": false,"Scan Direction": "Forward","Index Name": "idx_partsupp_suppkey","Relation Name": "partsupp","Alias": "partsupp_1","Startup Cost": 0.42,"Total Cost": 9.07,"Plan Rows": 80,"Plan Width": 14,"Actual Startup Time": 0.014,"Actual Total Time": 0.286,"Actual Rows": 80,"Actual Loops": 402,"Index Cond": "(ps_suppkey = supplier_1.s_suppkey)","Rows Removed by Index Recheck": 0}]}]},{"Node Type": "Aggregate","Strategy": "Hashed","Partial Mode": "Simple","Parent Relationship": "Outer","Parallel Aware": false,"Async Capable": false,"Startup Cost": 4514.26,"Total Cost": 4994.26,"Plan Rows": 10667,"Plan Width": 36,"Actual Startup Time": 359.069,"Actual Total Time": 431.218,"Actual Rows": 911,"Actual Loops": 1,"Group Key": ["partsupp.ps_partkey"],"Filter": "(sum((partsupp.ps_supplycost * (partsupp.ps_availqty)::numeric)) > $2)","Planned Partitions": 0,"HashAgg Batches": 1,"Peak Memory Usage": 17937,"Disk Usage": 0,"Rows Removed by Filter": 29336,"Plans": [{"Node Type": "Nested Loop","Parent Relationship": "Outer","Parallel Aware": false,"Async Capable": false,"Join Type": "Inner","Startup Cost": 7.81,"Total Cost": 4194.26,"Plan Rows": 32000,"Plan Width": 14,"Actual Startup Time": 0.330,"Actual Total Time": 187.860,"Actual Rows": 32160,"Actual Loops": 1,"Inner Unique": false,"Plans": [{"Node Type": "Nested Loop","Parent Relationship": "Outer","Parallel Aware": false,"Async Capable": false,"Join Type": "Inner","Startup Cost": 7.38,"Total Cost": 244.58,"Plan Rows": 400,"Plan Width": 4,"Actual Startup Time": 0.249,"Actual Total Time": 2.513,"Actual Rows": 402,"Actual Loops": 1,"Inner Unique": false,"Plans": [{"Node Type": "Seq Scan","Parent Relationship": "Outer","Parallel Aware": false,"Async Capable": false,"Relation Name": "nation","Alias": "nation","Startup Cost": 0.00,"Total Cost": 1.31,"Plan Rows": 1,"Plan Width": 4,"Actual Startup Time": 0.077,"Actual Total Time": 0.097,"Actual Rows": 1,"Actual Loops": 1,"Filter": "(n_name = 'FRANCE'::bpchar)","Rows Removed by Filter": 24},{"Node Type": "Bitmap Heap Scan","Parent Relationship": "Inner","Parallel Aware": false,"Async Capable": false,"Relation Name": "supplier","Alias": "supplier","Startup Cost": 7.38,"Total Cost": 239.27,"Plan Rows": 400,"Plan Width": 8,"Actual Startup Time": 0.163,"Actual Total Time": 2.362,"Actual Rows": 402,"Actual Loops": 1,"Recheck Cond": "(s_nationkey = nation.n_nationkey)","Rows Removed by Index Recheck": 0,"Exact Heap Blocks": 184,"Lossy Heap Blocks": 0,"Plans": [{"Node Type": "Bitmap Index Scan","Parent Relationship": "Outer","Parallel Aware": false,"Async Capable": false,"Index Name": "idx_supplier_nation_key","Startup Cost": 0.00,"Total Cost": 7.29,"Plan Rows": 400,"Plan Width": 0,"Actual Startup Time": 0.112,"Actual Total Time": 0.113,"Actual Rows": 402,"Actual Loops": 1,"Index Cond": "(s_nationkey = nation.n_nationkey)"}]}]},{"Node Type": "Index Scan","Parent Relationship": "Inner","Parallel Aware": false,"Async Capable": false,"Scan Direction": "Forward","Index Name": "idx_partsupp_suppkey","Relation Name": "partsupp","Alias": "partsupp","Startup Cost": 0.42,"Total Cost": 9.07,"Plan Rows": 80,"Plan Width": 18,"Actual Startup Time": 0.018,"Actual Total Time": 0.449,"Actual Rows": 80,"Actual Loops": 402,"Index Cond": "(ps_suppkey = supplier.s_suppkey)","Rows Removed by Index Recheck": 0}]}]}]},"Planning Time": 7.171,"Triggers": [],"Execution Time": 434.998}]
[{"Plan": {"Node Type": "Sort","Parallel Aware": false,"Async Capable": false,"Startup Cost": 10142.20,"Total Cost": 10168.87,"Plan Rows": 10667,"Plan Width": 36,"Actual Startup Time": 455.847,"Actual Total Time": 455.976,"Actual Rows": 819,"Actual Loops": 1,"Sort Key": ["(sum((partsupp.ps_supplycost * (partsupp.ps_availqty)::numeric))) DESC"],"Sort Method": "quicksort","Sort Space Used": 69,"Sort Space Type": "Memory","Plans": [{"Node Type": "Aggregate","Strategy": "Plain","Partial Mode": "Simple","Parent Relationship": "InitPlan","Subplan Name": "InitPlan 1 (returns $2)","Parallel Aware": false,"Async Capable": false,"Startup Cost": 4434.26,"Total Cost": 4434.27,"Plan Rows": 1,"Plan Width": 32,"Actual Startup Time": 134.080,"Actual Total Time": 134.102,"Actual Rows": 1,"Actual Loops": 1,"Plans": [{"Node Type": "Nested Loop","Parent Relationship": "Outer","Parallel Aware": false,"Async Capable": false,"Join Type": "Inner","Startup Cost": 7.81,"Total Cost": 4194.26,"Plan Rows": 32000,"Plan Width": 10,"Actual Startup Time": 0.218,"Actual Total Time": 126.423,"Actual Rows": 32960,"Actual Loops": 1,"Inner Unique": false,"Plans": [{"Node Type": "Nested Loop","Parent Relationship": "Outer","Parallel Aware": false,"Async Capable": false,"Join Type": "Inner","Startup Cost": 7.38,"Total Cost": 244.58,"Plan Rows": 400,"Plan Width": 4,"Actual Startup Time": 0.177,"Actual Total Time": 1.887,"Actual Rows": 412,"Actual Loops": 1,"Inner Unique": false,"Plans": [{"Node Type": "Seq Scan","Parent Relationship": "Outer","Parallel Aware": false,"Async Capable": false,"Relation Name": "nation","Alias": "nation_1","Startup Cost": 0.00,"Total Cost": 1.31,"Plan Rows": 1,"Plan Width": 4,"Actual Startup Time": 0.040,"Actual Total Time": 0.063,"Actual Rows": 1,"Actual Loops": 1,"Filter": "(n_name = 'CANADA'::bpchar)","Rows Removed by Filter": 24},{"Node Type": "Bitmap Heap Scan","Parent Relationship": "Inner","Parallel Aware": false,"Async Capable": false,"Relation Name": "supplier","Alias": "supplier_1","Startup Cost": 7.38,"Total Cost": 239.27,"Plan Rows": 400,"Plan Width": 8,"Actual Startup Time": 0.119,"Actual Total Time": 1.753,"Actual Rows": 412,"Actual Loops": 1,"Recheck Cond": "(s_nationkey = nation_1.n_nationkey)","Rows Removed by Index Recheck": 0,"Exact Heap Blocks": 189,"Lossy Heap Blocks": 0,"Plans": [{"Node Type": "Bitmap Index Scan","Parent Relationship": "Outer","Parallel Aware": false,"Async Capable": false,"Index Name": "idx_supplier_nation_key","Startup Cost": 0.00,"Total Cost": 7.29,"Plan Rows": 400,"Plan Width": 0,"Actual Startup Time": 0.074,"Actual Total Time": 0.083,"Actual Rows": 412,"Actual Loops": 1,"Index Cond": "(s_nationkey = nation_1.n_nationkey)"}]}]},{"Node Type": "Index Scan","Parent Relationship": "Inner","Parallel Aware": false,"Async Capable": false,"Scan Direction": "Forward","Index Name": "idx_partsupp_suppkey","Relation Name": "partsupp","Alias": "partsupp_1","Startup Cost": 0.42,"Total Cost": 9.07,"Plan Rows": 80,"Plan Width": 14,"Actual Startup Time": 0.014,"Actual Total Time": 0.290,"Actual Rows": 80,"Actual Loops": 412,"Index Cond": "(ps_suppkey = supplier_1.s_suppkey)","Rows Removed by Index Recheck": 0}]}]},{"Node Type": "Aggregate","Strategy": "Hashed","Partial Mode": "Simple","Parent Relationship": "Outer","Parallel Aware": false,"Async Capable": false,"Startup Cost": 4514.26,"Total Cost": 4994.26,"Plan Rows": 10667,"Plan Width": 36,"Actual Startup Time": 380.948,"Actual Total Time": 455.394,"Actual Rows": 819,"Actual Loops": 1,"Group Key": ["partsupp.ps_partkey"],"Filter": "(sum((partsupp.ps_supplycost * (partsupp.ps_availqty)::numeric)) > $2)","Planned Partitions": 0,"HashAgg Batches": 1,"Peak Memory Usage": 17937,"Disk Usage": 0,"Rows Removed by Filter": 30166,"Plans": [{"Node Type": "Nested Loop","Parent Relationship": "Outer","Parallel Aware": false,"Async Capable": false,"Join Type": "Inner","Startup Cost": 7.81,"Total Cost": 4194.26,"Plan Rows": 32000,"Plan Width": 14,"Actual Startup Time": 0.343,"Actual Total Time": 202.198,"Actual Rows": 32960,"Actual Loops": 1,"Inner Unique": false,"Plans": [{"Node Type": "Nested Loop","Parent Relationship": "Outer","Parallel Aware": false,"Async Capable": false,"Join Type": "Inner","Startup Cost": 7.38,"Total Cost": 244.58,"Plan Rows": 400,"Plan Width": 4,"Actual Startup Time": 0.272,"Actual Total Time": 2.740,"Actual Rows": 412,"Actual Loops": 1,"Inner Unique": false,"Plans": [{"Node Type": "Seq Scan","Parent Relationship": "Outer","Parallel Aware": false,"Async Capable": false,"Relation Name": "nation","Alias": "nation","Startup Cost": 0.00,"Total Cost": 1.31,"Plan Rows": 1,"Plan Width": 4,"Actual Startup Time": 0.064,"Actual Total Time": 0.078,"Actual Rows": 1,"Actual Loops": 1,"Filter": "(n_name = 'CANADA'::bpchar)","Rows Removed by Filter": 24},{"Node Type": "Bitmap Heap Scan","Parent Relationship": "Inner","Parallel Aware": false,"Async Capable": false,"Relation Name": "supplier","Alias": "supplier","Startup Cost": 7.38,"Total Cost": 239.27,"Plan Rows": 400,"Plan Width": 8,"Actual Startup Time": 0.203,"Actual Total Time": 2.610,"Actual Rows": 412,"Actual Loops": 1,"Recheck Cond": "(s_nationkey = nation.n_nationkey)","Rows Removed by Index Recheck": 0,"Exact Heap Blocks": 189,"Lossy Heap Blocks": 0,"Plans": [{"Node Type": "Bitmap Index Scan","Parent Relationship": "Outer","Parallel Aware": false,"Async Capable": false,"Index Name": "idx_supplier_nation_key","Startup Cost": 0.00,"Total Cost": 7.29,"Plan Rows": 400,"Plan Width": 0,"Actual Startup Time": 0.140,"Actual Total Time": 0.142,"Actual Rows": 412,"Actual Loops": 1,"Index Cond": "(s_nationkey = nation.n_nationkey)"}]}]},{"Node Type": "Index Scan","Parent Relationship": "Inner","Parallel Aware": false,"Async Capable": false,"Scan Direction": "Forward","Index Name": "idx_partsupp_suppkey","Relation Name": "partsupp","Alias": "partsupp","Startup Cost": 0.42,"Total Cost": 9.07,"Plan Rows": 80,"Plan Width": 18,"Actual Startup Time": 0.019,"Actual Total Time": 0.472,"Actual Rows": 80,"Actual Loops": 412,"Index Cond": "(ps_suppkey = supplier.s_suppkey)","Rows Removed by Index Recheck": 0}]}]}]},"Planning Time": 7.565,"Triggers": [],"Execution Time": 459.165}]
[{"Plan": {"Node Type": "Sort","Parallel Aware": false,"Async Capable": false,"Startup Cost": 10142.20,"Total Cost": 10168.87,"Plan Rows": 10667,"Plan Width": 36,"Actual Startup Time": 428.583,"Actual Total Time": 428.704,"Actual Rows": 1225,"Actual Loops": 1,"Sort Key": ["(sum((partsupp.ps_supplycost * (partsupp.ps_availqty)::numeric))) DESC"],"Sort Method": "quicksort","Sort Space Used": 116,"Sort Space Type": "Memory","Plans": [{"Node Type": "Aggregate","Strategy": "Plain","Partial Mode": "Simple","Parent Relationship": "InitPlan","Subplan Name": "InitPlan 1 (returns $2)","Parallel Aware": false,"Async Capable": false,"Startup Cost": 4434.26,"Total Cost": 4434.27,"Plan Rows": 1,"Plan Width": 32,"Actual Startup Time": 128.590,"Actual Total Time": 128.610,"Actual Rows": 1,"Actual Loops": 1,"Plans": [{"Node Type": "Nested Loop","Parent Relationship": "Outer","Parallel Aware": false,"Async Capable": false,"Join Type": "Inner","Startup Cost": 7.81,"Total Cost": 4194.26,"Plan Rows": 32000,"Plan Width": 10,"Actual Startup Time": 0.200,"Actual Total Time": 121.660,"Actual Rows": 30160,"Actual Loops": 1,"Inner Unique": false,"Plans": [{"Node Type": "Nested Loop","Parent Relationship": "Outer","Parallel Aware": false,"Async Capable": false,"Join Type": "Inner","Startup Cost": 7.38,"Total Cost": 244.58,"Plan Rows": 400,"Plan Width": 4,"Actual Startup Time": 0.145,"Actual Total Time": 1.678,"Actual Rows": 377,"Actual Loops": 1,"Inner Unique": false,"Plans": [{"Node Type": "Seq Scan","Parent Relationship": "Outer","Parallel Aware": false,"Async Capable": false,"Relation Name": "nation","Alias": "nation_1","Startup Cost": 0.00,"Total Cost": 1.31,"Plan Rows": 1,"Plan Width": 4,"Actual Startup Time": 0.022,"Actual Total Time": 0.041,"Actual Rows": 1,"Actual Loops": 1,"Filter": "(n_name = 'JAPAN'::bpchar)","Rows Removed by Filter": 24},{"Node Type": "Bitmap Heap Scan","Parent Relationship": "Inner","Parallel Aware": false,"Async Capable": false,"Relation Name": "supplier","Alias": "supplier_1","Startup Cost": 7.38,"Total Cost": 239.27,"Plan Rows": 400,"Plan Width": 8,"Actual Startup Time": 0.107,"Actual Total Time": 1.581,"Actual Rows": 377,"Actual Loops": 1,"Recheck Cond": "(s_nationkey = nation_1.n_nationkey)","Rows Removed by Index Recheck": 0,"Exact Heap Blocks": 180,"Lossy Heap Blocks": 0,"Plans": [{"Node Type": "Bitmap Index Scan","Parent Relationship": "Outer","Parallel Aware": false,"Async Capable": false,"Index Name": "idx_supplier_nation_key","Startup Cost": 0.00,"Total Cost": 7.29,"Plan Rows": 400,"Plan Width": 0,"Actual Startup Time": 0.073,"Actual Total Time": 0.079,"Actual Rows": 377,"Actual Loops": 1,"Index Cond": "(s_nationkey = nation_1.n_nationkey)"}]}]},{"Node Type": "Index Scan","Parent Relationship": "Inner","Parallel Aware": false,"Async Capable": false,"Scan Direction": "Forward","Index Name": "idx_partsupp_suppkey","Relation Name": "partsupp","Alias": "partsupp_1","Startup Cost": 0.42,"Total Cost": 9.07,"Plan Rows": 80,"Plan Width": 14,"Actual Startup Time": 0.015,"Actual Total Time": 0.306,"Actual Rows": 80,"Actual Loops": 377,"Index Cond": "(ps_suppkey = supplier_1.s_suppkey)","Rows Removed by Index Recheck": 0}]}]},{"Node Type": "Aggregate","Strategy": "Hashed","Partial Mode": "Simple","Parent Relationship": "Outer","Parallel Aware": false,"Async Capable": false,"Startup Cost": 4514.26,"Total Cost": 4994.26,"Plan Rows": 10667,"Plan Width": 36,"Actual Startup Time": 361.803,"Actual Total Time": 428.043,"Actual Rows": 1225,"Actual Loops": 1,"Group Key": ["partsupp.ps_partkey"],"Filter": "(sum((partsupp.ps_supplycost * (partsupp.ps_availqty)::numeric)) > $2)","Planned Partitions": 0,"HashAgg Batches": 1,"Peak Memory Usage": 17937,"Disk Usage": 0,"Rows Removed by Filter": 27290,"Plans": [{"Node Type": "Nested Loop","Parent Relationship": "Outer","Parallel Aware": false,"Async Capable": false,"Join Type": "Inner","Startup Cost": 7.81,"Total Cost": 4194.26,"Plan Rows": 32000,"Plan Width": 14,"Actual Startup Time": 0.353,"Actual Total Time": 190.903,"Actual Rows": 30160,"Actual Loops": 1,"Inner Unique": false,"Plans": [{"Node Type": "Nested Loop","Parent Relationship": "Outer","Parallel Aware": false,"Async Capable": false,"Join Type": "Inner","Startup Cost": 7.38,"Total Cost": 244.58,"Plan Rows": 400,"Plan Width": 4,"Actual Startup Time": 0.276,"Actual Total Time": 2.652,"Actual Rows": 377,"Actual Loops": 1,"Inner Unique": false,"Plans": [{"Node Type": "Seq Scan","Parent Relationship": "Outer","Parallel Aware": false,"Async Capable": false,"Relation Name": "nation","Alias": "nation","Startup Cost": 0.00,"Total Cost": 1.31,"Plan Rows": 1,"Plan Width": 4,"Actual Startup Time": 0.069,"Actual Total Time": 0.093,"Actual Rows": 1,"Actual Loops": 1,"Filter": "(n_name = 'JAPAN'::bpchar)","Rows Removed by Filter": 24},{"Node Type": "Bitmap Heap Scan","Parent Relationship": "Inner","Parallel Aware": false,"Async Capable": false,"Relation Name": "supplier","Alias": "supplier","Startup Cost": 7.38,"Total Cost": 239.27,"Plan Rows": 400,"Plan Width": 8,"Actual Startup Time": 0.204,"Actual Total Time": 2.512,"Actual Rows": 377,"Actual Loops": 1,"Recheck Cond": "(s_nationkey = nation.n_nationkey)","Rows Removed by Index Recheck": 0,"Exact Heap Blocks": 180,"Lossy Heap Blocks": 0,"Plans": [{"Node Type": "Bitmap Index Scan","Parent Relationship": "Outer","Parallel Aware": false,"Async Capable": false,"Index Name": "idx_supplier_nation_key","Startup Cost": 0.00,"Total Cost": 7.29,"Plan Rows": 400,"Plan Width": 0,"Actual Startup Time": 0.135,"Actual Total Time": 0.136,"Actual Rows": 377,"Actual Loops": 1,"Index Cond": "(s_nationkey = nation.n_nationkey)"}]}]},{"Node Type": "Index Scan","Parent Relationship": "Inner","Parallel Aware": false,"Async Capable": false,"Scan Direction": "Forward","Index Name": "idx_partsupp_suppkey","Relation Name": "partsupp","Alias": "partsupp","Startup Cost": 0.42,"Total Cost": 9.07,"Plan Rows": 80,"Plan Width": 18,"Actual Startup Time": 0.021,"Actual Total Time": 0.488,"Actual Rows": 80,"Actual Loops": 377,"Index Cond": "(ps_suppkey = supplier.s_suppkey)","Rows Removed by Index Recheck": 0}]}]}]},"Planning Time": 6.421,"Triggers": [],"Execution Time": 431.115}]
[{"Plan": {"Node Type": "Sort","Parallel Aware": false,"Async Capable": false,"Startup Cost": 10142.20,"Total Cost": 10168.87,"Plan Rows": 10667,"Plan Width": 36,"Actual Startup Time": 400.788,"Actual Total Time": 400.942,"Actual Rows": 1469,"Actual Loops": 1,"Sort Key": ["(sum((partsupp.ps_supplycost * (partsupp.ps_availqty)::numeric))) DESC"],"Sort Method": "quicksort","Sort Space Used": 129,"Sort Space Type": "Memory","Plans": [{"Node Type": "Aggregate","Strategy": "Plain","Partial Mode": "Simple","Parent Relationship": "InitPlan","Subplan Name": "InitPlan 1 (returns $2)","Parallel Aware": false,"Async Capable": false,"Startup Cost": 4434.26,"Total Cost": 4434.27,"Plan Rows": 1,"Plan Width": 32,"Actual Startup Time": 117.250,"Actual Total Time": 117.272,"Actual Rows": 1,"Actual Loops": 1,"Plans": [{"Node Type": "Nested Loop","Parent Relationship": "Outer","Parallel Aware": false,"Async Capable": false,"Join Type": "Inner","Startup Cost": 7.81,"Total Cost": 4194.26,"Plan Rows": 32000,"Plan Width": 10,"Actual Startup Time": 0.216,"Actual Total Time": 110.575,"Actual Rows": 28960,"Actual Loops": 1,"Inner Unique": false,"Plans": [{"Node Type": "Nested Loop","Parent Relationship": "Outer","Parallel Aware": false,"Async Capable": false,"Join Type": "Inner","Startup Cost": 7.38,"Total Cost": 244.58,"Plan Rows": 400,"Plan Width": 4,"Actual Startup Time": 0.161,"Actual Total Time": 1.515,"Actual Rows": 362,"Actual Loops": 1,"Inner Unique": false,"Plans": [{"Node Type": "Seq Scan","Parent Relationship": "Outer","Parallel Aware": false,"Async Capable": false,"Relation Name": "nation","Alias": "nation_1","Startup Cost": 0.00,"Total Cost": 1.31,"Plan Rows": 1,"Plan Width": 4,"Actual Startup Time": 0.032,"Actual Total Time": 0.051,"Actual Rows": 1,"Actual Loops": 1,"Filter": "(n_name = 'JORDAN'::bpchar)","Rows Removed by Filter": 24},{"Node Type": "Bitmap Heap Scan","Parent Relationship": "Inner","Parallel Aware": false,"Async Capable": false,"Relation Name": "supplier","Alias": "supplier_1","Startup Cost": 7.38,"Total Cost": 239.27,"Plan Rows": 400,"Plan Width": 8,"Actual Startup Time": 0.117,"Actual Total Time": 1.415,"Actual Rows": 362,"Actual Loops": 1,"Recheck Cond": "(s_nationkey = nation_1.n_nationkey)","Rows Removed by Index Recheck": 0,"Exact Heap Blocks": 166,"Lossy Heap Blocks": 0,"Plans": [{"Node Type": "Bitmap Index Scan","Parent Relationship": "Outer","Parallel Aware": false,"Async Capable": false,"Index Name": "idx_supplier_nation_key","Startup Cost": 0.00,"Total Cost": 7.29,"Plan Rows": 400,"Plan Width": 0,"Actual Startup Time": 0.075,"Actual Total Time": 0.079,"Actual Rows": 362,"Actual Loops": 1,"Index Cond": "(s_nationkey = nation_1.n_nationkey)"}]}]},{"Node Type": "Index Scan","Parent Relationship": "Inner","Parallel Aware": false,"Async Capable": false,"Scan Direction": "Forward","Index Name": "idx_partsupp_suppkey","Relation Name": "partsupp","Alias": "partsupp_1","Startup Cost": 0.42,"Total Cost": 9.07,"Plan Rows": 80,"Plan Width": 14,"Actual Startup Time": 0.014,"Actual Total Time": 0.289,"Actual Rows": 80,"Actual Loops": 362,"Index Cond": "(ps_suppkey = supplier_1.s_suppkey)","Rows Removed by Index Recheck": 0}]}]},{"Node Type": "Aggregate","Strategy": "Hashed","Partial Mode": "Simple","Parent Relationship": "Outer","Parallel Aware": false,"Async Capable": false,"Startup Cost": 4514.26,"Total Cost": 4994.26,"Plan Rows": 10667,"Plan Width": 36,"Actual Startup Time": 338.606,"Actual Total Time": 400.138,"Actual Rows": 1469,"Actual Loops": 1,"Group Key": ["partsupp.ps_partkey"],"Filter": "(sum((partsupp.ps_supplycost * (partsupp.ps_availqty)::numeric)) > $2)","Planned Partitions": 0,"HashAgg Batches": 1,"Peak Memory Usage": 17937,"Disk Usage": 0,"Rows Removed by Filter": 25896,"Plans": [{"Node Type": "Nested Loop","Parent Relationship": "Outer","Parallel Aware": false,"Async Capable": false,"Join Type": "Inner","Startup Cost": 7.81,"Total Cost": 4194.26,"Plan Rows": 32000,"Plan Width": 14,"Actual Startup Time": 0.314,"Actual Total Time": 181.118,"Actual Rows": 28960,"Actual Loops": 1,"Inner Unique": false,"Plans": [{"Node Type": "Nested Loop","Parent Relationship": "Outer","Parallel Aware": false,"Async Capable": false,"Join Type": "Inner","Startup Cost": 7.38,"Total Cost": 244.58,"Plan Rows": 400,"Plan Width": 4,"Actual Startup Time": 0.258,"Actual Total Time": 2.692,"Actual Rows": 362,"Actual Loops": 1,"Inner Unique": false,"Plans": [{"Node Type": "Seq Scan","Parent Relationship": "Outer","Parallel Aware": false,"Async Capable": false,"Relation Name": "nation","Alias": "nation","Startup Cost": 0.00,"Total Cost": 1.31,"Plan Rows": 1,"Plan Width": 4,"Actual Startup Time": 0.077,"Actual Total Time": 0.107,"Actual Rows": 1,"Actual Loops": 1,"Filter": "(n_name = 'JORDAN'::bpchar)","Rows Removed by Filter": 24},{"Node Type": "Bitmap Heap Scan","Parent Relationship": "Inner","Parallel Aware": false,"Async Capable": false,"Relation Name": "supplier","Alias": "supplier","Startup Cost": 7.38,"Total Cost": 239.27,"Plan Rows": 400,"Plan Width": 8,"Actual Startup Time": 0.172,"Actual Total Time": 2.539,"Actual Rows": 362,"Actual Loops": 1,"Recheck Cond": "(s_nationkey = nation.n_nationkey)","Rows Removed by Index Recheck": 0,"Exact Heap Blocks": 166,"Lossy Heap Blocks": 0,"Plans": [{"Node Type": "Bitmap Index Scan","Parent Relationship": "Outer","Parallel Aware": false,"Async Capable": false,"Index Name": "idx_supplier_nation_key","Startup Cost": 0.00,"Total Cost": 7.29,"Plan Rows": 400,"Plan Width": 0,"Actual Startup Time": 0.117,"Actual Total Time": 0.118,"Actual Rows": 362,"Actual Loops": 1,"Index Cond": "(s_nationkey = nation.n_nationkey)"}]}]},{"Node Type": "Index Scan","Parent Relationship": "Inner","Parallel Aware": false,"Async Capable": false,"Scan Direction": "Forward","Index Name": "idx_partsupp_suppkey","Relation Name": "partsupp","Alias": "partsupp","Startup Cost": 0.42,"Total Cost": 9.07,"Plan Rows": 80,"Plan Width": 18,"Actual Startup Time": 0.019,"Actual Total Time": 0.481,"Actual Rows": 80,"Actual Loops": 362,"Index Cond": "(ps_suppkey = supplier.s_suppkey)","Rows Removed by Index Recheck": 0}]}]}]},"Planning Time": 6.843,"Triggers": [],"Execution Time": 403.999}]
[{"Plan": {"Node Type": "Sort","Parallel Aware": false,"Async Capable": false,"Startup Cost": 10142.20,"Total Cost": 10168.87,"Plan Rows": 10667,"Plan Width": 36,"Actual Startup Time": 463.200,"Actual Total Time": 463.334,"Actual Rows": 786,"Actual Loops": 1,"Sort Key": ["(sum((partsupp.ps_supplycost * (partsupp.ps_availqty)::numeric))) DESC"],"Sort Method": "quicksort","Sort Space Used": 67,"Sort Space Type": "Memory","Plans": [{"Node Type": "Aggregate","Strategy": "Plain","Partial Mode": "Simple","Parent Relationship": "InitPlan","Subplan Name": "InitPlan 1 (returns $2)","Parallel Aware": false,"Async Capable": false,"Startup Cost": 4434.26,"Total Cost": 4434.27,"Plan Rows": 1,"Plan Width": 32,"Actual Startup Time": 138.217,"Actual Total Time": 138.241,"Actual Rows": 1,"Actual Loops": 1,"Plans": [{"Node Type": "Nested Loop","Parent Relationship": "Outer","Parallel Aware": false,"Async Capable": false,"Join Type": "Inner","Startup Cost": 7.81,"Total Cost": 4194.26,"Plan Rows": 32000,"Plan Width": 10,"Actual Startup Time": 0.203,"Actual Total Time": 130.632,"Actual Rows": 33040,"Actual Loops": 1,"Inner Unique": false,"Plans": [{"Node Type": "Nested Loop","Parent Relationship": "Outer","Parallel Aware": false,"Async Capable": false,"Join Type": "Inner","Startup Cost": 7.38,"Total Cost": 244.58,"Plan Rows": 400,"Plan Width": 4,"Actual Startup Time": 0.159,"Actual Total Time": 1.911,"Actual Rows": 413,"Actual Loops": 1,"Inner Unique": false,"Plans": [{"Node Type": "Seq Scan","Parent Relationship": "Outer","Parallel Aware": false,"Async Capable": false,"Relation Name": "nation","Alias": "nation_1","Startup Cost": 0.00,"Total Cost": 1.31,"Plan Rows": 1,"Plan Width": 4,"Actual Startup Time": 0.020,"Actual Total Time": 0.050,"Actual Rows": 1,"Actual Loops": 1,"Filter": "(n_name = 'ARGENTINA'::bpchar)","Rows Removed by Filter": 24},{"Node Type": "Bitmap Heap Scan","Parent Relationship": "Inner","Parallel Aware": false,"Async Capable": false,"Relation Name": "supplier","Alias": "supplier_1","Startup Cost": 7.38,"Total Cost": 239.27,"Plan Rows": 400,"Plan Width": 8,"Actual Startup Time": 0.122,"Actual Total Time": 1.805,"Actual Rows": 413,"Actual Loops": 1,"Recheck Cond": "(s_nationkey = nation_1.n_nationkey)","Rows Removed by Index Recheck": 0,"Exact Heap Blocks": 190,"Lossy Heap Blocks": 0,"Plans": [{"Node Type": "Bitmap Index Scan","Parent Relationship": "Outer","Parallel Aware": false,"Async Capable": false,"Index Name": "idx_supplier_nation_key","Startup Cost": 0.00,"Total Cost": 7.29,"Plan Rows": 400,"Plan Width": 0,"Actual Startup Time": 0.076,"Actual Total Time": 0.082,"Actual Rows": 413,"Actual Loops": 1,"Index Cond": "(s_nationkey = nation_1.n_nationkey)"}]}]},{"Node Type": "Index Scan","Parent Relationship": "Inner","Parallel Aware": false,"Async Capable": false,"Scan Direction": "Forward","Index Name": "idx_partsupp_suppkey","Relation Name": "partsupp","Alias": "partsupp_1","Startup Cost": 0.42,"Total Cost": 9.07,"Plan Rows": 80,"Plan Width": 14,"Actual Startup Time": 0.015,"Actual Total Time": 0.299,"Actual Rows": 80,"Actual Loops": 413,"Index Cond": "(ps_suppkey = supplier_1.s_suppkey)","Rows Removed by Index Recheck": 0}]}]},{"Node Type": "Aggregate","Strategy": "Hashed","Partial Mode": "Simple","Parent Relationship": "Outer","Parallel Aware": false,"Async Capable": false,"Startup Cost": 4514.26,"Total Cost": 4994.26,"Plan Rows": 10667,"Plan Width": 36,"Actual Startup Time": 387.894,"Actual Total Time": 462.834,"Actual Rows": 786,"Actual Loops": 1,"Group Key": ["partsupp.ps_partkey"],"Filter": "(sum((partsupp.ps_supplycost * (partsupp.ps_availqty)::numeric)) > $2)","Planned Partitions": 0,"HashAgg Batches": 1,"Peak Memory Usage": 17937,"Disk Usage": 0,"Rows Removed by Filter": 30324,"Plans": [{"Node Type": "Nested Loop","Parent Relationship": "Outer","Parallel Aware": false,"Async Capable": false,"Join Type": "Inner","Startup Cost": 7.81,"Total Cost": 4194.26,"Plan Rows": 32000,"Plan Width": 14,"Actual Startup Time": 0.397,"Actual Total Time": 197.172,"Actual Rows": 33040,"Actual Loops": 1,"Inner Unique": false,"Plans": [{"Node Type": "Nested Loop","Parent Relationship": "Outer","Parallel Aware": false,"Async Capable": false,"Join Type": "Inner","Startup Cost": 7.38,"Total Cost": 244.58,"Plan Rows": 400,"Plan Width": 4,"Actual Startup Time": 0.324,"Actual Total Time": 2.886,"Actual Rows": 413,"Actual Loops": 1,"Inner Unique": false,"Plans": [{"Node Type": "Seq Scan","Parent Relationship": "Outer","Parallel Aware": false,"Async Capable": false,"Relation Name": "nation","Alias": "nation","Startup Cost": 0.00,"Total Cost": 1.31,"Plan Rows": 1,"Plan Width": 4,"Actual Startup Time": 0.073,"Actual Total Time": 0.106,"Actual Rows": 1,"Actual Loops": 1,"Filter": "(n_name = 'ARGENTINA'::bpchar)","Rows Removed by Filter": 24},{"Node Type": "Bitmap Heap Scan","Parent Relationship": "Inner","Parallel Aware": false,"Async Capable": false,"Relation Name": "supplier","Alias": "supplier","Startup Cost": 7.38,"Total Cost": 239.27,"Plan Rows": 400,"Plan Width": 8,"Actual Startup Time": 0.246,"Actual Total Time": 2.727,"Actual Rows": 413,"Actual Loops": 1,"Recheck Cond": "(s_nationkey = nation.n_nationkey)","Rows Removed by Index Recheck": 0,"Exact Heap Blocks": 190,"Lossy Heap Blocks": 0,"Plans": [{"Node Type": "Bitmap Index Scan","Parent Relationship": "Outer","Parallel Aware": false,"Async Capable": false,"Index Name": "idx_supplier_nation_key","Startup Cost": 0.00,"Total Cost": 7.29,"Plan Rows": 400,"Plan Width": 0,"Actual Startup Time": 0.154,"Actual Total Time": 0.156,"Actual Rows": 413,"Actual Loops": 1,"Index Cond": "(s_nationkey = nation.n_nationkey)"}]}]},{"Node Type": "Index Scan","Parent Relationship": "Inner","Parallel Aware": false,"Async Capable": false,"Scan Direction": "Forward","Index Name": "idx_partsupp_suppkey","Relation Name": "partsupp","Alias": "partsupp","Startup Cost": 0.42,"Total Cost": 9.07,"Plan Rows": 80,"Plan Width": 18,"Actual Startup Time": 0.020,"Actual Total Time": 0.459,"Actual Rows": 80,"Actual Loops": 413,"Index Cond": "(ps_suppkey = supplier.s_suppkey)","Rows Removed by Index Recheck": 0}]}]}]},"Planning Time": 6.005,"Triggers": [],"Execution Time": 466.166}]
[{"Plan": {"Node Type": "Sort","Parallel Aware": false,"Async Capable": false,"Startup Cost": 10142.20,"Total Cost": 10168.87,"Plan Rows": 10667,"Plan Width": 36,"Actual Startup Time": 448.636,"Actual Total Time": 448.779,"Actual Rows": 979,"Actual Loops": 1,"Sort Key": ["(sum((partsupp.ps_supplycost * (partsupp.ps_availqty)::numeric))) DESC"],"Sort Method": "quicksort","Sort Space Used": 78,"Sort Space Type": "Memory","Plans": [{"Node Type": "Aggregate","Strategy": "Plain","Partial Mode": "Simple","Parent Relationship": "InitPlan","Subplan Name": "InitPlan 1 (returns $2)","Parallel Aware": false,"Async Capable": false,"Startup Cost": 4434.26,"Total Cost": 4434.27,"Plan Rows": 1,"Plan Width": 32,"Actual Startup Time": 130.424,"Actual Total Time": 130.461,"Actual Rows": 1,"Actual Loops": 1,"Plans": [{"Node Type": "Nested Loop","Parent Relationship": "Outer","Parallel Aware": false,"Async Capable": false,"Join Type": "Inner","Startup Cost": 7.81,"Total Cost": 4194.26,"Plan Rows": 32000,"Plan Width": 10,"Actual Startup Time": 0.191,"Actual Total Time": 123.113,"Actual Rows": 31920,"Actual Loops": 1,"Inner Unique": false,"Plans": [{"Node Type": "Nested Loop","Parent Relationship": "Outer","Parallel Aware": false,"Async Capable": false,"Join Type": "Inner","Startup Cost": 7.38,"Total Cost": 244.58,"Plan Rows": 400,"Plan Width": 4,"Actual Startup Time": 0.152,"Actual Total Time": 1.823,"Actual Rows": 399,"Actual Loops": 1,"Inner Unique": false,"Plans": [{"Node Type": "Seq Scan","Parent Relationship": "Outer","Parallel Aware": false,"Async Capable": false,"Relation Name": "nation","Alias": "nation_1","Startup Cost": 0.00,"Total Cost": 1.31,"Plan Rows": 1,"Plan Width": 4,"Actual Startup Time": 0.042,"Actual Total Time": 0.060,"Actual Rows": 1,"Actual Loops": 1,"Filter": "(n_name = 'VIETNAM'::bpchar)","Rows Removed by Filter": 24},{"Node Type": "Bitmap Heap Scan","Parent Relationship": "Inner","Parallel Aware": false,"Async Capable": false,"Relation Name": "supplier","Alias": "supplier_1","Startup Cost": 7.38,"Total Cost": 239.27,"Plan Rows": 400,"Plan Width": 8,"Actual Startup Time": 0.095,"Actual Total Time": 1.696,"Actual Rows": 399,"Actual Loops": 1,"Recheck Cond": "(s_nationkey = nation_1.n_nationkey)","Rows Removed by Index Recheck": 0,"Exact Heap Blocks": 191,"Lossy Heap Blocks": 0,"Plans": [{"Node Type": "Bitmap Index Scan","Parent Relationship": "Outer","Parallel Aware": false,"Async Capable": false,"Index Name": "idx_supplier_nation_key","Startup Cost": 0.00,"Total Cost": 7.29,"Plan Rows": 400,"Plan Width": 0,"Actual Startup Time": 0.057,"Actual Total Time": 0.061,"Actual Rows": 399,"Actual Loops": 1,"Index Cond": "(s_nationkey = nation_1.n_nationkey)"}]}]},{"Node Type": "Index Scan","Parent Relationship": "Inner","Parallel Aware": false,"Async Capable": false,"Scan Direction": "Forward","Index Name": "idx_partsupp_suppkey","Relation Name": "partsupp","Alias": "partsupp_1","Startup Cost": 0.42,"Total Cost": 9.07,"Plan Rows": 80,"Plan Width": 14,"Actual Startup Time": 0.014,"Actual Total Time": 0.292,"Actual Rows": 80,"Actual Loops": 399,"Index Cond": "(ps_suppkey = supplier_1.s_suppkey)","Rows Removed by Index Recheck": 0}]}]},{"Node Type": "Aggregate","Strategy": "Hashed","Partial Mode": "Simple","Parent Relationship": "Outer","Parallel Aware": false,"Async Capable": false,"Startup Cost": 4514.26,"Total Cost": 4994.26,"Plan Rows": 10667,"Plan Width": 36,"Actual Startup Time": 376.224,"Actual Total Time": 448.108,"Actual Rows": 979,"Actual Loops": 1,"Group Key": ["partsupp.ps_partkey"],"Filter": "(sum((partsupp.ps_supplycost * (partsupp.ps_availqty)::numeric)) > $2)","Planned Partitions": 0,"HashAgg Batches": 1,"Peak Memory Usage": 17937,"Disk Usage": 0,"Rows Removed by Filter": 29153,"Plans": [{"Node Type": "Nested Loop","Parent Relationship": "Outer","Parallel Aware": false,"Async Capable": false,"Join Type": "Inner","Startup Cost": 7.81,"Total Cost": 4194.26,"Plan Rows": 32000,"Plan Width": 14,"Actual Startup Time": 0.359,"Actual Total Time": 202.215,"Actual Rows": 31920,"Actual Loops": 1,"Inner Unique": false,"Plans": [{"Node Type": "Nested Loop","Parent Relationship": "Outer","Parallel Aware": false,"Async Capable": false,"Join Type": "Inner","Startup Cost": 7.38,"Total Cost": 244.58,"Plan Rows": 400,"Plan Width": 4,"Actual Startup Time": 0.271,"Actual Total Time": 2.875,"Actual Rows": 399,"Actual Loops": 1,"Inner Unique": false,"Plans": [{"Node Type": "Seq Scan","Parent Relationship": "Outer","Parallel Aware": false,"Async Capable": false,"Relation Name": "nation","Alias": "nation","Startup Cost": 0.00,"Total Cost": 1.31,"Plan Rows": 1,"Plan Width": 4,"Actual Startup Time": 0.081,"Actual Total Time": 0.101,"Actual Rows": 1,"Actual Loops": 1,"Filter": "(n_name = 'VIETNAM'::bpchar)","Rows Removed by Filter": 24},{"Node Type": "Bitmap Heap Scan","Parent Relationship": "Inner","Parallel Aware": false,"Async Capable": false,"Relation Name": "supplier","Alias": "supplier","Startup Cost": 7.38,"Total Cost": 239.27,"Plan Rows": 400,"Plan Width": 8,"Actual Startup Time": 0.181,"Actual Total Time": 2.716,"Actual Rows": 399,"Actual Loops": 1,"Recheck Cond": "(s_nationkey = nation.n_nationkey)","Rows Removed by Index Recheck": 0,"Exact Heap Blocks": 191,"Lossy Heap Blocks": 0,"Plans": [{"Node Type": "Bitmap Index Scan","Parent Relationship": "Outer","Parallel Aware": false,"Async Capable": false,"Index Name": "idx_supplier_nation_key","Startup Cost": 0.00,"Total Cost": 7.29,"Plan Rows": 400,"Plan Width": 0,"Actual Startup Time": 0.120,"Actual Total Time": 0.121,"Actual Rows": 399,"Actual Loops": 1,"Index Cond": "(s_nationkey = nation.n_nationkey)"}]}]},{"Node Type": "Index Scan","Parent Relationship": "Inner","Parallel Aware": false,"Async Capable": false,"Scan Direction": "Forward","Index Name": "idx_partsupp_suppkey","Relation Name": "partsupp","Alias": "partsupp","Startup Cost": 0.42,"Total Cost": 9.07,"Plan Rows": 80,"Plan Width": 18,"Actual Startup Time": 0.019,"Actual Total Time": 0.488,"Actual Rows": 80,"Actual Loops": 399,"Index Cond": "(ps_suppkey = supplier.s_suppkey)","Rows Removed by Index Recheck": 0}]}]}]},"Planning Time": 6.254,"Triggers": [],"Execution Time": 451.997}]
[{"Plan": {"Node Type": "Sort","Parallel Aware": false,"Async Capable": false,"Startup Cost": 10142.20,"Total Cost": 10168.87,"Plan Rows": 10667,"Plan Width": 36,"Actual Startup Time": 454.370,"Actual Total Time": 454.495,"Actual Rows": 925,"Actual Loops": 1,"Sort Key": ["(sum((partsupp.ps_supplycost * (partsupp.ps_availqty)::numeric))) DESC"],"Sort Method": "quicksort","Sort Space Used": 75,"Sort Space Type": "Memory","Plans": [{"Node Type": "Aggregate","Strategy": "Plain","Partial Mode": "Simple","Parent Relationship": "InitPlan","Subplan Name": "InitPlan 1 (returns $2)","Parallel Aware": false,"Async Capable": false,"Startup Cost": 4434.26,"Total Cost": 4434.27,"Plan Rows": 1,"Plan Width": 32,"Actual Startup Time": 135.908,"Actual Total Time": 135.923,"Actual Rows": 1,"Actual Loops": 1,"Plans": [{"Node Type": "Nested Loop","Parent Relationship": "Outer","Parallel Aware": false,"Async Capable": false,"Join Type": "Inner","Startup Cost": 7.81,"Total Cost": 4194.26,"Plan Rows": 32000,"Plan Width": 10,"Actual Startup Time": 0.237,"Actual Total Time": 128.564,"Actual Rows": 31840,"Actual Loops": 1,"Inner Unique": false,"Plans": [{"Node Type": "Nested Loop","Parent Relationship": "Outer","Parallel Aware": false,"Async Capable": false,"Join Type": "Inner","Startup Cost": 7.38,"Total Cost": 244.58,"Plan Rows": 400,"Plan Width": 4,"Actual Startup Time": 0.190,"Actual Total Time": 1.776,"Actual Rows": 398,"Actual Loops": 1,"Inner Unique": false,"Plans": [{"Node Type": "Seq Scan","Parent Relationship": "Outer","Parallel Aware": false,"Async Capable": false,"Relation Name": "nation","Alias": "nation_1","Startup Cost": 0.00,"Total Cost": 1.31,"Plan Rows": 1,"Plan Width": 4,"Actual Startup Time": 0.045,"Actual Total Time": 0.060,"Actual Rows": 1,"Actual Loops": 1,"Filter": "(n_name = 'ROMANIA'::bpchar)","Rows Removed by Filter": 24},{"Node Type": "Bitmap Heap Scan","Parent Relationship": "Inner","Parallel Aware": false,"Async Capable": false,"Relation Name": "supplier","Alias": "supplier_1","Startup Cost": 7.38,"Total Cost": 239.27,"Plan Rows": 400,"Plan Width": 8,"Actual Startup Time": 0.127,"Actual Total Time": 1.656,"Actual Rows": 398,"Actual Loops": 1,"Recheck Cond": "(s_nationkey = nation_1.n_nationkey)","Rows Removed by Index Recheck": 0,"Exact Heap Blocks": 186,"Lossy Heap Blocks": 0,"Plans": [{"Node Type": "Bitmap Index Scan","Parent Relationship": "Outer","Parallel Aware": false,"Async Capable": false,"Index Name": "idx_supplier_nation_key","Startup Cost": 0.00,"Total Cost": 7.29,"Plan Rows": 400,"Plan Width": 0,"Actual Startup Time": 0.081,"Actual Total Time": 0.084,"Actual Rows": 398,"Actual Loops": 1,"Index Cond": "(s_nationkey = nation_1.n_nationkey)"}]}]},{"Node Type": "Index Scan","Parent Relationship": "Inner","Parallel Aware": false,"Async Capable": false,"Scan Direction": "Forward","Index Name": "idx_partsupp_suppkey","Relation Name": "partsupp","Alias": "partsupp_1","Startup Cost": 0.42,"Total Cost": 9.07,"Plan Rows": 80,"Plan Width": 14,"Actual Startup Time": 0.015,"Actual Total Time": 0.306,"Actual Rows": 80,"Actual Loops": 398,"Index Cond": "(ps_suppkey = supplier_1.s_suppkey)","Rows Removed by Index Recheck": 0}]}]},{"Node Type": "Aggregate","Strategy": "Hashed","Partial Mode": "Simple","Parent Relationship": "Outer","Parallel Aware": false,"Async Capable": false,"Startup Cost": 4514.26,"Total Cost": 4994.26,"Plan Rows": 10667,"Plan Width": 36,"Actual Startup Time": 383.049,"Actual Total Time": 453.972,"Actual Rows": 925,"Actual Loops": 1,"Group Key": ["partsupp.ps_partkey"],"Filter": "(sum((partsupp.ps_supplycost * (partsupp.ps_availqty)::numeric)) > $2)","Planned Partitions": 0,"HashAgg Batches": 1,"Peak Memory Usage": 17937,"Disk Usage": 0,"Rows Removed by Filter": 29106,"Plans": [{"Node Type": "Nested Loop","Parent Relationship": "Outer","Parallel Aware": false,"Async Capable": false,"Join Type": "Inner","Startup Cost": 7.81,"Total Cost": 4194.26,"Plan Rows": 32000,"Plan Width": 14,"Actual Startup Time": 0.324,"Actual Total Time": 197.326,"Actual Rows": 31840,"Actual Loops": 1,"Inner Unique": false,"Plans": [{"Node Type": "Nested Loop","Parent Relationship": "Outer","Parallel Aware": false,"Async Capable": false,"Join Type": "Inner","Startup Cost": 7.38,"Total Cost": 244.58,"Plan Rows": 400,"Plan Width": 4,"Actual Startup Time": 0.245,"Actual Total Time": 2.763,"Actual Rows": 398,"Actual Loops": 1,"Inner Unique": false,"Plans": [{"Node Type": "Seq Scan","Parent Relationship": "Outer","Parallel Aware": false,"Async Capable": false,"Relation Name": "nation","Alias": "nation","Startup Cost": 0.00,"Total Cost": 1.31,"Plan Rows": 1,"Plan Width": 4,"Actual Startup Time": 0.070,"Actual Total Time": 0.094,"Actual Rows": 1,"Actual Loops": 1,"Filter": "(n_name = 'ROMANIA'::bpchar)","Rows Removed by Filter": 24},{"Node Type": "Bitmap Heap Scan","Parent Relationship": "Inner","Parallel Aware": false,"Async Capable": false,"Relation Name": "supplier","Alias": "supplier","Startup Cost": 7.38,"Total Cost": 239.27,"Plan Rows": 400,"Plan Width": 8,"Actual Startup Time": 0.167,"Actual Total Time": 2.613,"Actual Rows": 398,"Actual Loops": 1,"Recheck Cond": "(s_nationkey = nation.n_nationkey)","Rows Removed by Index Recheck": 0,"Exact Heap Blocks": 186,"Lossy Heap Blocks": 0,"Plans": [{"Node Type": "Bitmap Index Scan","Parent Relationship": "Outer","Parallel Aware": false,"Async Capable": false,"Index Name": "idx_supplier_nation_key","Startup Cost": 0.00,"Total Cost": 7.29,"Plan Rows": 400,"Plan Width": 0,"Actual Startup Time": 0.108,"Actual Total Time": 0.110,"Actual Rows": 398,"Actual Loops": 1,"Index Cond": "(s_nationkey = nation.n_nationkey)"}]}]},{"Node Type": "Index Scan","Parent Relationship": "Inner","Parallel Aware": false,"Async Capable": false,"Scan Direction": "Forward","Index Name": "idx_partsupp_suppkey","Relation Name": "partsupp","Alias": "partsupp","Startup Cost": 0.42,"Total Cost": 9.07,"Plan Rows": 80,"Plan Width": 18,"Actual Startup Time": 0.020,"Actual Total Time": 0.477,"Actual Rows": 80,"Actual Loops": 398,"Index Cond": "(ps_suppkey = supplier.s_suppkey)","Rows Removed by Index Recheck": 0}]}]}]},"Planning Time": 5.113,"Triggers": [],"Execution Time": 456.866}]
[{"Plan": {"Node Type": "Sort","Parallel Aware": false,"Async Capable": false,"Startup Cost": 10142.20,"Total Cost": 10168.87,"Plan Rows": 10667,"Plan Width": 36,"Actual Startup Time": 400.788,"Actual Total Time": 400.942,"Actual Rows": 1469,"Actual Loops": 1,"Sort Key": ["(sum((partsupp.ps_supplycost * (partsupp.ps_availqty)::numeric))) DESC"],"Sort Method": "quicksort","Sort Space Used": 129,"Sort Space Type": "Memory","Plans": [{"Node Type": "Aggregate","Strategy": "Plain","Partial Mode": "Simple","Parent Relationship": "InitPlan","Subplan Name": "InitPlan 1 (returns $2)","Parallel Aware": false,"Async Capable": false,"Startup Cost": 4434.26,"Total Cost": 4434.27,"Plan Rows": 1,"Plan Width": 32,"Actual Startup Time": 117.250,"Actual Total Time": 117.272,"Actual Rows": 1,"Actual Loops": 1,"Plans": [{"Node Type": "Nested Loop","Parent Relationship": "Outer","Parallel Aware": false,"Async Capable": false,"Join Type": "Inner","Startup Cost": 7.81,"Total Cost": 4194.26,"Plan Rows": 32000,"Plan Width": 10,"Actual Startup Time": 0.216,"Actual Total Time": 110.575,"Actual Rows": 28960,"Actual Loops": 1,"Inner Unique": false,"Plans": [{"Node Type": "Nested Loop","Parent Relationship": "Outer","Parallel Aware": false,"Async Capable": false,"Join Type": "Inner","Startup Cost": 7.38,"Total Cost": 244.58,"Plan Rows": 400,"Plan Width": 4,"Actual Startup Time": 0.161,"Actual Total Time": 1.515,"Actual Rows": 362,"Actual Loops": 1,"Inner Unique": false,"Plans": [{"Node Type": "Seq Scan","Parent Relationship": "Outer","Parallel Aware": false,"Async Capable": false,"Relation Name": "nation","Alias": "nation_1","Startup Cost": 0.00,"Total Cost": 1.31,"Plan Rows": 1,"Plan Width": 4,"Actual Startup Time": 0.032,"Actual Total Time": 0.051,"Actual Rows": 1,"Actual Loops": 1,"Filter": "(n_name = 'JORDAN'::bpchar)","Rows Removed by Filter": 24},{"Node Type": "Bitmap Heap Scan","Parent Relationship": "Inner","Parallel Aware": false,"Async Capable": false,"Relation Name": "supplier","Alias": "supplier_1","Startup Cost": 7.38,"Total Cost": 239.27,"Plan Rows": 400,"Plan Width": 8,"Actual Startup Time": 0.117,"Actual Total Time": 1.415,"Actual Rows": 362,"Actual Loops": 1,"Recheck Cond": "(s_nationkey = nation_1.n_nationkey)","Rows Removed by Index Recheck": 0,"Exact Heap Blocks": 166,"Lossy Heap Blocks": 0,"Plans": [{"Node Type": "Bitmap Index Scan","Parent Relationship": "Outer","Parallel Aware": false,"Async Capable": false,"Index Name": "idx_supplier_nation_key","Startup Cost": 0.00,"Total Cost": 7.29,"Plan Rows": 400,"Plan Width": 0,"Actual Startup Time": 0.075,"Actual Total Time": 0.079,"Actual Rows": 362,"Actual Loops": 1,"Index Cond": "(s_nationkey = nation_1.n_nationkey)"}]}]},{"Node Type": "Index Scan","Parent Relationship": "Inner","Parallel Aware": false,"Async Capable": false,"Scan Direction": "Forward","Index Name": "idx_partsupp_suppkey","Relation Name": "partsupp","Alias": "partsupp_1","Startup Cost": 0.42,"Total Cost": 9.07,"Plan Rows": 80,"Plan Width": 14,"Actual Startup Time": 0.014,"Actual Total Time": 0.289,"Actual Rows": 80,"Actual Loops": 362,"Index Cond": "(ps_suppkey = supplier_1.s_suppkey)","Rows Removed by Index Recheck": 0}]}]},{"Node Type": "Aggregate","Strategy": "Hashed","Partial Mode": "Simple","Parent Relationship": "Outer","Parallel Aware": false,"Async Capable": false,"Startup Cost": 4514.26,"Total Cost": 4994.26,"Plan Rows": 10667,"Plan Width": 36,"Actual Startup Time": 338.606,"Actual Total Time": 400.138,"Actual Rows": 1469,"Actual Loops": 1,"Group Key": ["partsupp.ps_partkey"],"Filter": "(sum((partsupp.ps_supplycost * (partsupp.ps_availqty)::numeric)) > $2)","Planned Partitions": 0,"HashAgg Batches": 1,"Peak Memory Usage": 17937,"Disk Usage": 0,"Rows Removed by Filter": 25896,"Plans": [{"Node Type": "Nested Loop","Parent Relationship": "Outer","Parallel Aware": false,"Async Capable": false,"Join Type": "Inner","Startup Cost": 7.81,"Total Cost": 4194.26,"Plan Rows": 32000,"Plan Width": 14,"Actual Startup Time": 0.314,"Actual Total Time": 181.118,"Actual Rows": 28960,"Actual Loops": 1,"Inner Unique": false,"Plans": [{"Node Type": "Nested Loop","Parent Relationship": "Outer","Parallel Aware": false,"Async Capable": false,"Join Type": "Inner","Startup Cost": 7.38,"Total Cost": 244.58,"Plan Rows": 400,"Plan Width": 4,"Actual Startup Time": 0.258,"Actual Total Time": 2.692,"Actual Rows": 362,"Actual Loops": 1,"Inner Unique": false,"Plans": [{"Node Type": "Seq Scan","Parent Relationship": "Outer","Parallel Aware": false,"Async Capable": false,"Relation Name": "nation","Alias": "nation","Startup Cost": 0.00,"Total Cost": 1.31,"Plan Rows": 1,"Plan Width": 4,"Actual Startup Time": 0.077,"Actual Total Time": 0.107,"Actual Rows": 1,"Actual Loops": 1,"Filter": "(n_name = 'JORDAN'::bpchar)","Rows Removed by Filter": 24},{"Node Type": "Bitmap Heap Scan","Parent Relationship": "Inner","Parallel Aware": false,"Async Capable": false,"Relation Name": "supplier","Alias": "supplier","Startup Cost": 7.38,"Total Cost": 239.27,"Plan Rows": 400,"Plan Width": 8,"Actual Startup Time": 0.172,"Actual Total Time": 2.539,"Actual Rows": 362,"Actual Loops": 1,"Recheck Cond": "(s_nationkey = nation.n_nationkey)","Rows Removed by Index Recheck": 0,"Exact Heap Blocks": 166,"Lossy Heap Blocks": 0,"Plans": [{"Node Type": "Bitmap Index Scan","Parent Relationship": "Outer","Parallel Aware": false,"Async Capable": false,"Index Name": "idx_supplier_nation_key","Startup Cost": 0.00,"Total Cost": 7.29,"Plan Rows": 400,"Plan Width": 0,"Actual Startup Time": 0.117,"Actual Total Time": 0.118,"Actual Rows": 362,"Actual Loops": 1,"Index Cond": "(s_nationkey = nation.n_nationkey)"}]}]},{"Node Type": "Index Scan","Parent Relationship": "Inner","Parallel Aware": false,"Async Capable": false,"Scan Direction": "Forward","Index Name": "idx_partsupp_suppkey","Relation Name": "partsupp","Alias": "partsupp","Startup Cost": 0.42,"Total Cost": 9.07,"Plan Rows": 80,"Plan Width": 18,"Actual Startup Time": 0.019,"Actual Total Time": 0.481,"Actual Rows": 80,"Actual Loops": 362,"Index Cond": "(ps_suppkey = supplier.s_suppkey)","Rows Removed by Index Recheck": 0}]}]}]},"Planning Time": 6.843,"Triggers": [],"Execution Time": 403.999}]
[{"Plan": {"Node Type": "Sort","Parallel Aware": false,"Async Capable": false,"Startup Cost": 10142.20,"Total Cost": 10168.87,"Plan Rows": 10667,"Plan Width": 36,"Actual Startup Time": 449.560,"Actual Total Time": 449.671,"Actual Rows": 907,"Actual Loops": 1,"Sort Key": ["(sum((partsupp.ps_supplycost * (partsupp.ps_availqty)::numeric))) DESC"],"Sort Method": "quicksort","Sort Space Used": 74,"Sort Space Type": "Memory","Plans": [{"Node Type": "Aggregate","Strategy": "Plain","Partial Mode": "Simple","Parent Relationship": "InitPlan","Subplan Name": "InitPlan 1 (returns $2)","Parallel Aware": false,"Async Capable": false,"Startup Cost": 4434.26,"Total Cost": 4434.27,"Plan Rows": 1,"Plan Width": 32,"Actual Startup Time": 134.911,"Actual Total Time": 134.932,"Actual Rows": 1,"Actual Loops": 1,"Plans": [{"Node Type": "Nested Loop","Parent Relationship": "Outer","Parallel Aware": false,"Async Capable": false,"Join Type": "Inner","Startup Cost": 7.81,"Total Cost": 4194.26,"Plan Rows": 32000,"Plan Width": 10,"Actual Startup Time": 0.196,"Actual Total Time": 127.626,"Actual Rows": 31760,"Actual Loops": 1,"Inner Unique": false,"Plans": [{"Node Type": "Nested Loop","Parent Relationship": "Outer","Parallel Aware": false,"Async Capable": false,"Join Type": "Inner","Startup Cost": 7.38,"Total Cost": 244.58,"Plan Rows": 400,"Plan Width": 4,"Actual Startup Time": 0.146,"Actual Total Time": 1.719,"Actual Rows": 397,"Actual Loops": 1,"Inner Unique": false,"Plans": [{"Node Type": "Seq Scan","Parent Relationship": "Outer","Parallel Aware": false,"Async Capable": false,"Relation Name": "nation","Alias": "nation_1","Startup Cost": 0.00,"Total Cost": 1.31,"Plan Rows": 1,"Plan Width": 4,"Actual Startup Time": 0.024,"Actual Total Time": 0.052,"Actual Rows": 1,"Actual Loops": 1,"Filter": "(n_name = 'BRAZIL'::bpchar)","Rows Removed by Filter": 24},{"Node Type": "Bitmap Heap Scan","Parent Relationship": "Inner","Parallel Aware": false,"Async Capable": false,"Relation Name": "supplier","Alias": "supplier_1","Startup Cost": 7.38,"Total Cost": 239.27,"Plan Rows": 400,"Plan Width": 8,"Actual Startup Time": 0.105,"Actual Total Time": 1.602,"Actual Rows": 397,"Actual Loops": 1,"Recheck Cond": "(s_nationkey = nation_1.n_nationkey)","Rows Removed by Index Recheck": 0,"Exact Heap Blocks": 187,"Lossy Heap Blocks": 0,"Plans": [{"Node Type": "Bitmap Index Scan","Parent Relationship": "Outer","Parallel Aware": false,"Async Capable": false,"Index Name": "idx_supplier_nation_key","Startup Cost": 0.00,"Total Cost": 7.29,"Plan Rows": 400,"Plan Width": 0,"Actual Startup Time": 0.071,"Actual Total Time": 0.077,"Actual Rows": 397,"Actual Loops": 1,"Index Cond": "(s_nationkey = nation_1.n_nationkey)"}]}]},{"Node Type": "Index Scan","Parent Relationship": "Inner","Parallel Aware": false,"Async Capable": false,"Scan Direction": "Forward","Index Name": "idx_partsupp_suppkey","Relation Name": "partsupp","Alias": "partsupp_1","Startup Cost": 0.42,"Total Cost": 9.07,"Plan Rows": 80,"Plan Width": 14,"Actual Startup Time": 0.015,"Actual Total Time": 0.304,"Actual Rows": 80,"Actual Loops": 397,"Index Cond": "(ps_suppkey = supplier_1.s_suppkey)","Rows Removed by Index Recheck": 0}]}]},{"Node Type": "Aggregate","Strategy": "Hashed","Partial Mode": "Simple","Parent Relationship": "Outer","Parallel Aware": false,"Async Capable": false,"Startup Cost": 4514.26,"Total Cost": 4994.26,"Plan Rows": 10667,"Plan Width": 36,"Actual Startup Time": 378.380,"Actual Total Time": 449.162,"Actual Rows": 907,"Actual Loops": 1,"Group Key": ["partsupp.ps_partkey"],"Filter": "(sum((partsupp.ps_supplycost * (partsupp.ps_availqty)::numeric)) > $2)","Planned Partitions": 0,"HashAgg Batches": 1,"Peak Memory Usage": 17937,"Disk Usage": 0,"Rows Removed by Filter": 29157,"Plans": [{"Node Type": "Nested Loop","Parent Relationship": "Outer","Parallel Aware": false,"Async Capable": false,"Join Type": "Inner","Startup Cost": 7.81,"Total Cost": 4194.26,"Plan Rows": 32000,"Plan Width": 14,"Actual Startup Time": 0.353,"Actual Total Time": 195.500,"Actual Rows": 31760,"Actual Loops": 1,"Inner Unique": false,"Plans": [{"Node Type": "Nested Loop","Parent Relationship": "Outer","Parallel Aware": false,"Async Capable": false,"Join Type": "Inner","Startup Cost": 7.38,"Total Cost": 244.58,"Plan Rows": 400,"Plan Width": 4,"Actual Startup Time": 0.264,"Actual Total Time": 2.773,"Actual Rows": 397,"Actual Loops": 1,"Inner Unique": false,"Plans": [{"Node Type": "Seq Scan","Parent Relationship": "Outer","Parallel Aware": false,"Async Capable": false,"Relation Name": "nation","Alias": "nation","Startup Cost": 0.00,"Total Cost": 1.31,"Plan Rows": 1,"Plan Width": 4,"Actual Startup Time": 0.057,"Actual Total Time": 0.077,"Actual Rows": 1,"Actual Loops": 1,"Filter": "(n_name = 'BRAZIL'::bpchar)","Rows Removed by Filter": 24},{"Node Type": "Bitmap Heap Scan","Parent Relationship": "Inner","Parallel Aware": false,"Async Capable": false,"Relation Name": "supplier","Alias": "supplier","Startup Cost": 7.38,"Total Cost": 239.27,"Plan Rows": 400,"Plan Width": 8,"Actual Startup Time": 0.205,"Actual Total Time": 2.649,"Actual Rows": 397,"Actual Loops": 1,"Recheck Cond": "(s_nationkey = nation.n_nationkey)","Rows Removed by Index Recheck": 0,"Exact Heap Blocks": 187,"Lossy Heap Blocks": 0,"Plans": [{"Node Type": "Bitmap Index Scan","Parent Relationship": "Outer","Parallel Aware": false,"Async Capable": false,"Index Name": "idx_supplier_nation_key","Startup Cost": 0.00,"Total Cost": 7.29,"Plan Rows": 400,"Plan Width": 0,"Actual Startup Time": 0.130,"Actual Total Time": 0.131,"Actual Rows": 397,"Actual Loops": 1,"Index Cond": "(s_nationkey = nation.n_nationkey)"}]}]},{"Node Type": "Index Scan","Parent Relationship": "Inner","Parallel Aware": false,"Async Capable": false,"Scan Direction": "Forward","Index Name": "idx_partsupp_suppkey","Relation Name": "partsupp","Alias": "partsupp","Startup Cost": 0.42,"Total Cost": 9.07,"Plan Rows": 80,"Plan Width": 18,"Actual Startup Time": 0.020,"Actual Total Time": 0.474,"Actual Rows": 80,"Actual Loops": 397,"Index Cond": "(ps_suppkey = supplier.s_suppkey)","Rows Removed by Index Recheck": 0}]}]}]},"Planning Time": 5.165,"Triggers": [],"Execution Time": 452.133}]
[{"Plan": {"Node Type": "Sort","Parallel Aware": false,"Async Capable": false,"Startup Cost": 10142.20,"Total Cost": 10168.87,"Plan Rows": 10667,"Plan Width": 36,"Actual Startup Time": 452.788,"Actual Total Time": 452.912,"Actual Rows": 869,"Actual Loops": 1,"Sort Key": ["(sum((partsupp.ps_supplycost * (partsupp.ps_availqty)::numeric))) DESC"],"Sort Method": "quicksort","Sort Space Used": 72,"Sort Space Type": "Memory","Plans": [{"Node Type": "Aggregate","Strategy": "Plain","Partial Mode": "Simple","Parent Relationship": "InitPlan","Subplan Name": "InitPlan 1 (returns $2)","Parallel Aware": false,"Async Capable": false,"Startup Cost": 4434.26,"Total Cost": 4434.27,"Plan Rows": 1,"Plan Width": 32,"Actual Startup Time": 133.523,"Actual Total Time": 133.544,"Actual Rows": 1,"Actual Loops": 1,"Plans": [{"Node Type": "Nested Loop","Parent Relationship": "Outer","Parallel Aware": false,"Async Capable": false,"Join Type": "Inner","Startup Cost": 7.81,"Total Cost": 4194.26,"Plan Rows": 32000,"Plan Width": 10,"Actual Startup Time": 0.165,"Actual Total Time": 126.080,"Actual Rows": 32560,"Actual Loops": 1,"Inner Unique": false,"Plans": [{"Node Type": "Nested Loop","Parent Relationship": "Outer","Parallel Aware": false,"Async Capable": false,"Join Type": "Inner","Startup Cost": 7.38,"Total Cost": 244.58,"Plan Rows": 400,"Plan Width": 4,"Actual Startup Time": 0.133,"Actual Total Time": 1.798,"Actual Rows": 407,"Actual Loops": 1,"Inner Unique": false,"Plans": [{"Node Type": "Seq Scan","Parent Relationship": "Outer","Parallel Aware": false,"Async Capable": false,"Relation Name": "nation","Alias": "nation_1","Startup Cost": 0.00,"Total Cost": 1.31,"Plan Rows": 1,"Plan Width": 4,"Actual Startup Time": 0.028,"Actual Total Time": 0.044,"Actual Rows": 1,"Actual Loops": 1,"Filter": "(n_name = 'CHINA'::bpchar)","Rows Removed by Filter": 24},{"Node Type": "Bitmap Heap Scan","Parent Relationship": "Inner","Parallel Aware": false,"Async Capable": false,"Relation Name": "supplier","Alias": "supplier_1","Startup Cost": 7.38,"Total Cost": 239.27,"Plan Rows": 400,"Plan Width": 8,"Actual Startup Time": 0.091,"Actual Total Time": 1.697,"Actual Rows": 407,"Actual Loops": 1,"Recheck Cond": "(s_nationkey = nation_1.n_nationkey)","Rows Removed by Index Recheck": 0,"Exact Heap Blocks": 186,"Lossy Heap Blocks": 0,"Plans": [{"Node Type": "Bitmap Index Scan","Parent Relationship": "Outer","Parallel Aware": false,"Async Capable": false,"Index Name": "idx_supplier_nation_key","Startup Cost": 0.00,"Total Cost": 7.29,"Plan Rows": 400,"Plan Width": 0,"Actual Startup Time": 0.055,"Actual Total Time": 0.061,"Actual Rows": 407,"Actual Loops": 1,"Index Cond": "(s_nationkey = nation_1.n_nationkey)"}]}]},{"Node Type": "Index Scan","Parent Relationship": "Inner","Parallel Aware": false,"Async Capable": false,"Scan Direction": "Forward","Index Name": "idx_partsupp_suppkey","Relation Name": "partsupp","Alias": "partsupp_1","Startup Cost": 0.42,"Total Cost": 9.07,"Plan Rows": 80,"Plan Width": 14,"Actual Startup Time": 0.014,"Actual Total Time": 0.293,"Actual Rows": 80,"Actual Loops": 407,"Index Cond": "(ps_suppkey = supplier_1.s_suppkey)","Rows Removed by Index Recheck": 0}]}]},{"Node Type": "Aggregate","Strategy": "Hashed","Partial Mode": "Simple","Parent Relationship": "Outer","Parallel Aware": false,"Async Capable": false,"Startup Cost": 4514.26,"Total Cost": 4994.26,"Plan Rows": 10667,"Plan Width": 36,"Actual Startup Time": 377.714,"Actual Total Time": 452.344,"Actual Rows": 869,"Actual Loops": 1,"Group Key": ["partsupp.ps_partkey"],"Filter": "(sum((partsupp.ps_supplycost * (partsupp.ps_availqty)::numeric)) > $2)","Planned Partitions": 0,"HashAgg Batches": 1,"Peak Memory Usage": 17937,"Disk Usage": 0,"Rows Removed by Filter": 29770,"Plans": [{"Node Type": "Nested Loop","Parent Relationship": "Outer","Parallel Aware": false,"Async Capable": false,"Join Type": "Inner","Startup Cost": 7.81,"Total Cost": 4194.26,"Plan Rows": 32000,"Plan Width": 14,"Actual Startup Time": 0.336,"Actual Total Time": 203.001,"Actual Rows": 32560,"Actual Loops": 1,"Inner Unique": false,"Plans": [{"Node Type": "Nested Loop","Parent Relationship": "Outer","Parallel Aware": false,"Async Capable": false,"Join Type": "Inner","Startup Cost": 7.38,"Total Cost": 244.58,"Plan Rows": 400,"Plan Width": 4,"Actual Startup Time": 0.273,"Actual Total Time": 2.796,"Actual Rows": 407,"Actual Loops": 1,"Inner Unique": false,"Plans": [{"Node Type": "Seq Scan","Parent Relationship": "Outer","Parallel Aware": false,"Async Capable": false,"Relation Name": "nation","Alias": "nation","Startup Cost": 0.00,"Total Cost": 1.31,"Plan Rows": 1,"Plan Width": 4,"Actual Startup Time": 0.063,"Actual Total Time": 0.079,"Actual Rows": 1,"Actual Loops": 1,"Filter": "(n_name = 'CHINA'::bpchar)","Rows Removed by Filter": 24},{"Node Type": "Bitmap Heap Scan","Parent Relationship": "Inner","Parallel Aware": false,"Async Capable": false,"Relation Name": "supplier","Alias": "supplier","Startup Cost": 7.38,"Total Cost": 239.27,"Plan Rows": 400,"Plan Width": 8,"Actual Startup Time": 0.204,"Actual Total Time": 2.666,"Actual Rows": 407,"Actual Loops": 1,"Recheck Cond": "(s_nationkey = nation.n_nationkey)","Rows Removed by Index Recheck": 0,"Exact Heap Blocks": 186,"Lossy Heap Blocks": 0,"Plans": [{"Node Type": "Bitmap Index Scan","Parent Relationship": "Outer","Parallel Aware": false,"Async Capable": false,"Index Name": "idx_supplier_nation_key","Startup Cost": 0.00,"Total Cost": 7.29,"Plan Rows": 400,"Plan Width": 0,"Actual Startup Time": 0.129,"Actual Total Time": 0.129,"Actual Rows": 407,"Actual Loops": 1,"Index Cond": "(s_nationkey = nation.n_nationkey)"}]}]},{"Node Type": "Index Scan","Parent Relationship": "Inner","Parallel Aware": false,"Async Capable": false,"Scan Direction": "Forward","Index Name": "idx_partsupp_suppkey","Relation Name": "partsupp","Alias": "partsupp","Startup Cost": 0.42,"Total Cost": 9.07,"Plan Rows": 80,"Plan Width": 18,"Actual Startup Time": 0.020,"Actual Total Time": 0.480,"Actual Rows": 80,"Actual Loops": 407,"Index Cond": "(ps_suppkey = supplier.s_suppkey)","Rows Removed by Index Recheck": 0}]}]}]},"Planning Time": 7.317,"Triggers": [],"Execution Time": 456.700}]
[{"Plan": {"Node Type": "Sort","Parallel Aware": false,"Async Capable": false,"Startup Cost": 10142.20,"Total Cost": 10168.87,"Plan Rows": 10667,"Plan Width": 36,"Actual Startup Time": 448.636,"Actual Total Time": 448.779,"Actual Rows": 979,"Actual Loops": 1,"Sort Key": ["(sum((partsupp.ps_supplycost * (partsupp.ps_availqty)::numeric))) DESC"],"Sort Method": "quicksort","Sort Space Used": 78,"Sort Space Type": "Memory","Plans": [{"Node Type": "Aggregate","Strategy": "Plain","Partial Mode": "Simple","Parent Relationship": "InitPlan","Subplan Name": "InitPlan 1 (returns $2)","Parallel Aware": false,"Async Capable": false,"Startup Cost": 4434.26,"Total Cost": 4434.27,"Plan Rows": 1,"Plan Width": 32,"Actual Startup Time": 130.424,"Actual Total Time": 130.461,"Actual Rows": 1,"Actual Loops": 1,"Plans": [{"Node Type": "Nested Loop","Parent Relationship": "Outer","Parallel Aware": false,"Async Capable": false,"Join Type": "Inner","Startup Cost": 7.81,"Total Cost": 4194.26,"Plan Rows": 32000,"Plan Width": 10,"Actual Startup Time": 0.191,"Actual Total Time": 123.113,"Actual Rows": 31920,"Actual Loops": 1,"Inner Unique": false,"Plans": [{"Node Type": "Nested Loop","Parent Relationship": "Outer","Parallel Aware": false,"Async Capable": false,"Join Type": "Inner","Startup Cost": 7.38,"Total Cost": 244.58,"Plan Rows": 400,"Plan Width": 4,"Actual Startup Time": 0.152,"Actual Total Time": 1.823,"Actual Rows": 399,"Actual Loops": 1,"Inner Unique": false,"Plans": [{"Node Type": "Seq Scan","Parent Relationship": "Outer","Parallel Aware": false,"Async Capable": false,"Relation Name": "nation","Alias": "nation_1","Startup Cost": 0.00,"Total Cost": 1.31,"Plan Rows": 1,"Plan Width": 4,"Actual Startup Time": 0.042,"Actual Total Time": 0.060,"Actual Rows": 1,"Actual Loops": 1,"Filter": "(n_name = 'VIETNAM'::bpchar)","Rows Removed by Filter": 24},{"Node Type": "Bitmap Heap Scan","Parent Relationship": "Inner","Parallel Aware": false,"Async Capable": false,"Relation Name": "supplier","Alias": "supplier_1","Startup Cost": 7.38,"Total Cost": 239.27,"Plan Rows": 400,"Plan Width": 8,"Actual Startup Time": 0.095,"Actual Total Time": 1.696,"Actual Rows": 399,"Actual Loops": 1,"Recheck Cond": "(s_nationkey = nation_1.n_nationkey)","Rows Removed by Index Recheck": 0,"Exact Heap Blocks": 191,"Lossy Heap Blocks": 0,"Plans": [{"Node Type": "Bitmap Index Scan","Parent Relationship": "Outer","Parallel Aware": false,"Async Capable": false,"Index Name": "idx_supplier_nation_key","Startup Cost": 0.00,"Total Cost": 7.29,"Plan Rows": 400,"Plan Width": 0,"Actual Startup Time": 0.057,"Actual Total Time": 0.061,"Actual Rows": 399,"Actual Loops": 1,"Index Cond": "(s_nationkey = nation_1.n_nationkey)"}]}]},{"Node Type": "Index Scan","Parent Relationship": "Inner","Parallel Aware": false,"Async Capable": false,"Scan Direction": "Forward","Index Name": "idx_partsupp_suppkey","Relation Name": "partsupp","Alias": "partsupp_1","Startup Cost": 0.42,"Total Cost": 9.07,"Plan Rows": 80,"Plan Width": 14,"Actual Startup Time": 0.014,"Actual Total Time": 0.292,"Actual Rows": 80,"Actual Loops": 399,"Index Cond": "(ps_suppkey = supplier_1.s_suppkey)","Rows Removed by Index Recheck": 0}]}]},{"Node Type": "Aggregate","Strategy": "Hashed","Partial Mode": "Simple","Parent Relationship": "Outer","Parallel Aware": false,"Async Capable": false,"Startup Cost": 4514.26,"Total Cost": 4994.26,"Plan Rows": 10667,"Plan Width": 36,"Actual Startup Time": 376.224,"Actual Total Time": 448.108,"Actual Rows": 979,"Actual Loops": 1,"Group Key": ["partsupp.ps_partkey"],"Filter": "(sum((partsupp.ps_supplycost * (partsupp.ps_availqty)::numeric)) > $2)","Planned Partitions": 0,"HashAgg Batches": 1,"Peak Memory Usage": 17937,"Disk Usage": 0,"Rows Removed by Filter": 29153,"Plans": [{"Node Type": "Nested Loop","Parent Relationship": "Outer","Parallel Aware": false,"Async Capable": false,"Join Type": "Inner","Startup Cost": 7.81,"Total Cost": 4194.26,"Plan Rows": 32000,"Plan Width": 14,"Actual Startup Time": 0.359,"Actual Total Time": 202.215,"Actual Rows": 31920,"Actual Loops": 1,"Inner Unique": false,"Plans": [{"Node Type": "Nested Loop","Parent Relationship": "Outer","Parallel Aware": false,"Async Capable": false,"Join Type": "Inner","Startup Cost": 7.38,"Total Cost": 244.58,"Plan Rows": 400,"Plan Width": 4,"Actual Startup Time": 0.271,"Actual Total Time": 2.875,"Actual Rows": 399,"Actual Loops": 1,"Inner Unique": false,"Plans": [{"Node Type": "Seq Scan","Parent Relationship": "Outer","Parallel Aware": false,"Async Capable": false,"Relation Name": "nation","Alias": "nation","Startup Cost": 0.00,"Total Cost": 1.31,"Plan Rows": 1,"Plan Width": 4,"Actual Startup Time": 0.081,"Actual Total Time": 0.101,"Actual Rows": 1,"Actual Loops": 1,"Filter": "(n_name = 'VIETNAM'::bpchar)","Rows Removed by Filter": 24},{"Node Type": "Bitmap Heap Scan","Parent Relationship": "Inner","Parallel Aware": false,"Async Capable": false,"Relation Name": "supplier","Alias": "supplier","Startup Cost": 7.38,"Total Cost": 239.27,"Plan Rows": 400,"Plan Width": 8,"Actual Startup Time": 0.181,"Actual Total Time": 2.716,"Actual Rows": 399,"Actual Loops": 1,"Recheck Cond": "(s_nationkey = nation.n_nationkey)","Rows Removed by Index Recheck": 0,"Exact Heap Blocks": 191,"Lossy Heap Blocks": 0,"Plans": [{"Node Type": "Bitmap Index Scan","Parent Relationship": "Outer","Parallel Aware": false,"Async Capable": false,"Index Name": "idx_supplier_nation_key","Startup Cost": 0.00,"Total Cost": 7.29,"Plan Rows": 400,"Plan Width": 0,"Actual Startup Time": 0.120,"Actual Total Time": 0.121,"Actual Rows": 399,"Actual Loops": 1,"Index Cond": "(s_nationkey = nation.n_nationkey)"}]}]},{"Node Type": "Index Scan","Parent Relationship": "Inner","Parallel Aware": false,"Async Capable": false,"Scan Direction": "Forward","Index Name": "idx_partsupp_suppkey","Relation Name": "partsupp","Alias": "partsupp","Startup Cost": 0.42,"Total Cost": 9.07,"Plan Rows": 80,"Plan Width": 18,"Actual Startup Time": 0.019,"Actual Total Time": 0.488,"Actual Rows": 80,"Actual Loops": 399,"Index Cond": "(ps_suppkey = supplier.s_suppkey)","Rows Removed by Index Recheck": 0}]}]}]},"Planning Time": 6.254,"Triggers": [],"Execution Time": 451.997}]
[{"Plan": {"Node Type": "Sort","Parallel Aware": false,"Async Capable": false,"Startup Cost": 10142.20,"Total Cost": 10168.87,"Plan Rows": 10667,"Plan Width": 36,"Actual Startup Time": 448.613,"Actual Total Time": 448.730,"Actual Rows": 888,"Actual Loops": 1,"Sort Key": ["(sum((partsupp.ps_supplycost * (partsupp.ps_availqty)::numeric))) DESC"],"Sort Method": "quicksort","Sort Space Used": 73,"Sort Space Type": "Memory","Plans": [{"Node Type": "Aggregate","Strategy": "Plain","Partial Mode": "Simple","Parent Relationship": "InitPlan","Subplan Name": "InitPlan 1 (returns $2)","Parallel Aware": false,"Async Capable": false,"Startup Cost": 4434.26,"Total Cost": 4434.27,"Plan Rows": 1,"Plan Width": 32,"Actual Startup Time": 133.715,"Actual Total Time": 133.740,"Actual Rows": 1,"Actual Loops": 1,"Plans": [{"Node Type": "Nested Loop","Parent Relationship": "Outer","Parallel Aware": false,"Async Capable": false,"Join Type": "Inner","Startup Cost": 7.81,"Total Cost": 4194.26,"Plan Rows": 32000,"Plan Width": 10,"Actual Startup Time": 0.220,"Actual Total Time": 126.229,"Actual Rows": 32400,"Actual Loops": 1,"Inner Unique": false,"Plans": [{"Node Type": "Nested Loop","Parent Relationship": "Outer","Parallel Aware": false,"Async Capable": false,"Join Type": "Inner","Startup Cost": 7.38,"Total Cost": 244.58,"Plan Rows": 400,"Plan Width": 4,"Actual Startup Time": 0.174,"Actual Total Time": 1.918,"Actual Rows": 405,"Actual Loops": 1,"Inner Unique": false,"Plans": [{"Node Type": "Seq Scan","Parent Relationship": "Outer","Parallel Aware": false,"Async Capable": false,"Relation Name": "nation","Alias": "nation_1","Startup Cost": 0.00,"Total Cost": 1.31,"Plan Rows": 1,"Plan Width": 4,"Actual Startup Time": 0.049,"Actual Total Time": 0.070,"Actual Rows": 1,"Actual Loops": 1,"Filter": "(n_name = 'INDONESIA'::bpchar)","Rows Removed by Filter": 24},{"Node Type": "Bitmap Heap Scan","Parent Relationship": "Inner","Parallel Aware": false,"Async Capable": false,"Relation Name": "supplier","Alias": "supplier_1","Startup Cost": 7.38,"Total Cost": 239.27,"Plan Rows": 400,"Plan Width": 8,"Actual Startup Time": 0.105,"Actual Total Time": 1.781,"Actual Rows": 405,"Actual Loops": 1,"Recheck Cond": "(s_nationkey = nation_1.n_nationkey)","Rows Removed by Index Recheck": 0,"Exact Heap Blocks": 192,"Lossy Heap Blocks": 0,"Plans": [{"Node Type": "Bitmap Index Scan","Parent Relationship": "Outer","Parallel Aware": false,"Async Capable": false,"Index Name": "idx_supplier_nation_key","Startup Cost": 0.00,"Total Cost": 7.29,"Plan Rows": 400,"Plan Width": 0,"Actual Startup Time": 0.069,"Actual Total Time": 0.075,"Actual Rows": 405,"Actual Loops": 1,"Index Cond": "(s_nationkey = nation_1.n_nationkey)"}]}]},{"Node Type": "Index Scan","Parent Relationship": "Inner","Parallel Aware": false,"Async Capable": false,"Scan Direction": "Forward","Index Name": "idx_partsupp_suppkey","Relation Name": "partsupp","Alias": "partsupp_1","Startup Cost": 0.42,"Total Cost": 9.07,"Plan Rows": 80,"Plan Width": 14,"Actual Startup Time": 0.014,"Actual Total Time": 0.294,"Actual Rows": 80,"Actual Loops": 405,"Index Cond": "(ps_suppkey = supplier_1.s_suppkey)","Rows Removed by Index Recheck": 0}]}]},{"Node Type": "Aggregate","Strategy": "Hashed","Partial Mode": "Simple","Parent Relationship": "Outer","Parallel Aware": false,"Async Capable": false,"Startup Cost": 4514.26,"Total Cost": 4994.26,"Plan Rows": 10667,"Plan Width": 36,"Actual Startup Time": 376.503,"Actual Total Time": 448.157,"Actual Rows": 888,"Actual Loops": 1,"Group Key": ["partsupp.ps_partkey"],"Filter": "(sum((partsupp.ps_supplycost * (partsupp.ps_availqty)::numeric)) > $2)","Planned Partitions": 0,"HashAgg Batches": 1,"Peak Memory Usage": 17937,"Disk Usage": 0,"Rows Removed by Filter": 29597,"Plans": [{"Node Type": "Nested Loop","Parent Relationship": "Outer","Parallel Aware": false,"Async Capable": false,"Join Type": "Inner","Startup Cost": 7.81,"Total Cost": 4194.26,"Plan Rows": 32000,"Plan Width": 14,"Actual Startup Time": 0.375,"Actual Total Time": 200.721,"Actual Rows": 32400,"Actual Loops": 1,"Inner Unique": false,"Plans": [{"Node Type": "Nested Loop","Parent Relationship": "Outer","Parallel Aware": false,"Async Capable": false,"Join Type": "Inner","Startup Cost": 7.38,"Total Cost": 244.58,"Plan Rows": 400,"Plan Width": 4,"Actual Startup Time": 0.269,"Actual Total Time": 2.791,"Actual Rows": 405,"Actual Loops": 1,"Inner Unique": false,"Plans": [{"Node Type": "Seq Scan","Parent Relationship": "Outer","Parallel Aware": false,"Async Capable": false,"Relation Name": "nation","Alias": "nation","Startup Cost": 0.00,"Total Cost": 1.31,"Plan Rows": 1,"Plan Width": 4,"Actual Startup Time": 0.076,"Actual Total Time": 0.092,"Actual Rows": 1,"Actual Loops": 1,"Filter": "(n_name = 'INDONESIA'::bpchar)","Rows Removed by Filter": 24},{"Node Type": "Bitmap Heap Scan","Parent Relationship": "Inner","Parallel Aware": false,"Async Capable": false,"Relation Name": "supplier","Alias": "supplier","Startup Cost": 7.38,"Total Cost": 239.27,"Plan Rows": 400,"Plan Width": 8,"Actual Startup Time": 0.187,"Actual Total Time": 2.648,"Actual Rows": 405,"Actual Loops": 1,"Recheck Cond": "(s_nationkey = nation.n_nationkey)","Rows Removed by Index Recheck": 0,"Exact Heap Blocks": 192,"Lossy Heap Blocks": 0,"Plans": [{"Node Type": "Bitmap Index Scan","Parent Relationship": "Outer","Parallel Aware": false,"Async Capable": false,"Index Name": "idx_supplier_nation_key","Startup Cost": 0.00,"Total Cost": 7.29,"Plan Rows": 400,"Plan Width": 0,"Actual Startup Time": 0.121,"Actual Total Time": 0.124,"Actual Rows": 405,"Actual Loops": 1,"Index Cond": "(s_nationkey = nation.n_nationkey)"}]}]},{"Node Type": "Index Scan","Parent Relationship": "Inner","Parallel Aware": false,"Async Capable": false,"Scan Direction": "Forward","Index Name": "idx_partsupp_suppkey","Relation Name": "partsupp","Alias": "partsupp","Startup Cost": 0.42,"Total Cost": 9.07,"Plan Rows": 80,"Plan Width": 18,"Actual Startup Time": 0.019,"Actual Total Time": 0.477,"Actual Rows": 80,"Actual Loops": 405,"Index Cond": "(ps_suppkey = supplier.s_suppkey)","Rows Removed by Index Recheck": 0}]}]}]},"Planning Time": 7.214,"Triggers": [],"Execution Time": 451.949}]
[{"Plan": {"Node Type": "Sort","Parallel Aware": false,"Async Capable": false,"Startup Cost": 10142.20,"Total Cost": 10168.87,"Plan Rows": 10667,"Plan Width": 36,"Actual Startup Time": 400.788,"Actual Total Time": 400.942,"Actual Rows": 1469,"Actual Loops": 1,"Sort Key": ["(sum((partsupp.ps_supplycost * (partsupp.ps_availqty)::numeric))) DESC"],"Sort Method": "quicksort","Sort Space Used": 129,"Sort Space Type": "Memory","Plans": [{"Node Type": "Aggregate","Strategy": "Plain","Partial Mode": "Simple","Parent Relationship": "InitPlan","Subplan Name": "InitPlan 1 (returns $2)","Parallel Aware": false,"Async Capable": false,"Startup Cost": 4434.26,"Total Cost": 4434.27,"Plan Rows": 1,"Plan Width": 32,"Actual Startup Time": 117.250,"Actual Total Time": 117.272,"Actual Rows": 1,"Actual Loops": 1,"Plans": [{"Node Type": "Nested Loop","Parent Relationship": "Outer","Parallel Aware": false,"Async Capable": false,"Join Type": "Inner","Startup Cost": 7.81,"Total Cost": 4194.26,"Plan Rows": 32000,"Plan Width": 10,"Actual Startup Time": 0.216,"Actual Total Time": 110.575,"Actual Rows": 28960,"Actual Loops": 1,"Inner Unique": false,"Plans": [{"Node Type": "Nested Loop","Parent Relationship": "Outer","Parallel Aware": false,"Async Capable": false,"Join Type": "Inner","Startup Cost": 7.38,"Total Cost": 244.58,"Plan Rows": 400,"Plan Width": 4,"Actual Startup Time": 0.161,"Actual Total Time": 1.515,"Actual Rows": 362,"Actual Loops": 1,"Inner Unique": false,"Plans": [{"Node Type": "Seq Scan","Parent Relationship": "Outer","Parallel Aware": false,"Async Capable": false,"Relation Name": "nation","Alias": "nation_1","Startup Cost": 0.00,"Total Cost": 1.31,"Plan Rows": 1,"Plan Width": 4,"Actual Startup Time": 0.032,"Actual Total Time": 0.051,"Actual Rows": 1,"Actual Loops": 1,"Filter": "(n_name = 'JORDAN'::bpchar)","Rows Removed by Filter": 24},{"Node Type": "Bitmap Heap Scan","Parent Relationship": "Inner","Parallel Aware": false,"Async Capable": false,"Relation Name": "supplier","Alias": "supplier_1","Startup Cost": 7.38,"Total Cost": 239.27,"Plan Rows": 400,"Plan Width": 8,"Actual Startup Time": 0.117,"Actual Total Time": 1.415,"Actual Rows": 362,"Actual Loops": 1,"Recheck Cond": "(s_nationkey = nation_1.n_nationkey)","Rows Removed by Index Recheck": 0,"Exact Heap Blocks": 166,"Lossy Heap Blocks": 0,"Plans": [{"Node Type": "Bitmap Index Scan","Parent Relationship": "Outer","Parallel Aware": false,"Async Capable": false,"Index Name": "idx_supplier_nation_key","Startup Cost": 0.00,"Total Cost": 7.29,"Plan Rows": 400,"Plan Width": 0,"Actual Startup Time": 0.075,"Actual Total Time": 0.079,"Actual Rows": 362,"Actual Loops": 1,"Index Cond": "(s_nationkey = nation_1.n_nationkey)"}]}]},{"Node Type": "Index Scan","Parent Relationship": "Inner","Parallel Aware": false,"Async Capable": false,"Scan Direction": "Forward","Index Name": "idx_partsupp_suppkey","Relation Name": "partsupp","Alias": "partsupp_1","Startup Cost": 0.42,"Total Cost": 9.07,"Plan Rows": 80,"Plan Width": 14,"Actual Startup Time": 0.014,"Actual Total Time": 0.289,"Actual Rows": 80,"Actual Loops": 362,"Index Cond": "(ps_suppkey = supplier_1.s_suppkey)","Rows Removed by Index Recheck": 0}]}]},{"Node Type": "Aggregate","Strategy": "Hashed","Partial Mode": "Simple","Parent Relationship": "Outer","Parallel Aware": false,"Async Capable": false,"Startup Cost": 4514.26,"Total Cost": 4994.26,"Plan Rows": 10667,"Plan Width": 36,"Actual Startup Time": 338.606,"Actual Total Time": 400.138,"Actual Rows": 1469,"Actual Loops": 1,"Group Key": ["partsupp.ps_partkey"],"Filter": "(sum((partsupp.ps_supplycost * (partsupp.ps_availqty)::numeric)) > $2)","Planned Partitions": 0,"HashAgg Batches": 1,"Peak Memory Usage": 17937,"Disk Usage": 0,"Rows Removed by Filter": 25896,"Plans": [{"Node Type": "Nested Loop","Parent Relationship": "Outer","Parallel Aware": false,"Async Capable": false,"Join Type": "Inner","Startup Cost": 7.81,"Total Cost": 4194.26,"Plan Rows": 32000,"Plan Width": 14,"Actual Startup Time": 0.314,"Actual Total Time": 181.118,"Actual Rows": 28960,"Actual Loops": 1,"Inner Unique": false,"Plans": [{"Node Type": "Nested Loop","Parent Relationship": "Outer","Parallel Aware": false,"Async Capable": false,"Join Type": "Inner","Startup Cost": 7.38,"Total Cost": 244.58,"Plan Rows": 400,"Plan Width": 4,"Actual Startup Time": 0.258,"Actual Total Time": 2.692,"Actual Rows": 362,"Actual Loops": 1,"Inner Unique": false,"Plans": [{"Node Type": "Seq Scan","Parent Relationship": "Outer","Parallel Aware": false,"Async Capable": false,"Relation Name": "nation","Alias": "nation","Startup Cost": 0.00,"Total Cost": 1.31,"Plan Rows": 1,"Plan Width": 4,"Actual Startup Time": 0.077,"Actual Total Time": 0.107,"Actual Rows": 1,"Actual Loops": 1,"Filter": "(n_name = 'JORDAN'::bpchar)","Rows Removed by Filter": 24},{"Node Type": "Bitmap Heap Scan","Parent Relationship": "Inner","Parallel Aware": false,"Async Capable": false,"Relation Name": "supplier","Alias": "supplier","Startup Cost": 7.38,"Total Cost": 239.27,"Plan Rows": 400,"Plan Width": 8,"Actual Startup Time": 0.172,"Actual Total Time": 2.539,"Actual Rows": 362,"Actual Loops": 1,"Recheck Cond": "(s_nationkey = nation.n_nationkey)","Rows Removed by Index Recheck": 0,"Exact Heap Blocks": 166,"Lossy Heap Blocks": 0,"Plans": [{"Node Type": "Bitmap Index Scan","Parent Relationship": "Outer","Parallel Aware": false,"Async Capable": false,"Index Name": "idx_supplier_nation_key","Startup Cost": 0.00,"Total Cost": 7.29,"Plan Rows": 400,"Plan Width": 0,"Actual Startup Time": 0.117,"Actual Total Time": 0.118,"Actual Rows": 362,"Actual Loops": 1,"Index Cond": "(s_nationkey = nation.n_nationkey)"}]}]},{"Node Type": "Index Scan","Parent Relationship": "Inner","Parallel Aware": false,"Async Capable": false,"Scan Direction": "Forward","Index Name": "idx_partsupp_suppkey","Relation Name": "partsupp","Alias": "partsupp","Startup Cost": 0.42,"Total Cost": 9.07,"Plan Rows": 80,"Plan Width": 18,"Actual Startup Time": 0.019,"Actual Total Time": 0.481,"Actual Rows": 80,"Actual Loops": 362,"Index Cond": "(ps_suppkey = supplier.s_suppkey)","Rows Removed by Index Recheck": 0}]}]}]},"Planning Time": 6.843,"Triggers": [],"Execution Time": 403.999}]
[{"Plan": {"Node Type": "Sort","Parallel Aware": false,"Async Capable": false,"Startup Cost": 10142.20,"Total Cost": 10168.87,"Plan Rows": 10667,"Plan Width": 36,"Actual Startup Time": 454.370,"Actual Total Time": 454.495,"Actual Rows": 925,"Actual Loops": 1,"Sort Key": ["(sum((partsupp.ps_supplycost * (partsupp.ps_availqty)::numeric))) DESC"],"Sort Method": "quicksort","Sort Space Used": 75,"Sort Space Type": "Memory","Plans": [{"Node Type": "Aggregate","Strategy": "Plain","Partial Mode": "Simple","Parent Relationship": "InitPlan","Subplan Name": "InitPlan 1 (returns $2)","Parallel Aware": false,"Async Capable": false,"Startup Cost": 4434.26,"Total Cost": 4434.27,"Plan Rows": 1,"Plan Width": 32,"Actual Startup Time": 135.908,"Actual Total Time": 135.923,"Actual Rows": 1,"Actual Loops": 1,"Plans": [{"Node Type": "Nested Loop","Parent Relationship": "Outer","Parallel Aware": false,"Async Capable": false,"Join Type": "Inner","Startup Cost": 7.81,"Total Cost": 4194.26,"Plan Rows": 32000,"Plan Width": 10,"Actual Startup Time": 0.237,"Actual Total Time": 128.564,"Actual Rows": 31840,"Actual Loops": 1,"Inner Unique": false,"Plans": [{"Node Type": "Nested Loop","Parent Relationship": "Outer","Parallel Aware": false,"Async Capable": false,"Join Type": "Inner","Startup Cost": 7.38,"Total Cost": 244.58,"Plan Rows": 400,"Plan Width": 4,"Actual Startup Time": 0.190,"Actual Total Time": 1.776,"Actual Rows": 398,"Actual Loops": 1,"Inner Unique": false,"Plans": [{"Node Type": "Seq Scan","Parent Relationship": "Outer","Parallel Aware": false,"Async Capable": false,"Relation Name": "nation","Alias": "nation_1","Startup Cost": 0.00,"Total Cost": 1.31,"Plan Rows": 1,"Plan Width": 4,"Actual Startup Time": 0.045,"Actual Total Time": 0.060,"Actual Rows": 1,"Actual Loops": 1,"Filter": "(n_name = 'ROMANIA'::bpchar)","Rows Removed by Filter": 24},{"Node Type": "Bitmap Heap Scan","Parent Relationship": "Inner","Parallel Aware": false,"Async Capable": false,"Relation Name": "supplier","Alias": "supplier_1","Startup Cost": 7.38,"Total Cost": 239.27,"Plan Rows": 400,"Plan Width": 8,"Actual Startup Time": 0.127,"Actual Total Time": 1.656,"Actual Rows": 398,"Actual Loops": 1,"Recheck Cond": "(s_nationkey = nation_1.n_nationkey)","Rows Removed by Index Recheck": 0,"Exact Heap Blocks": 186,"Lossy Heap Blocks": 0,"Plans": [{"Node Type": "Bitmap Index Scan","Parent Relationship": "Outer","Parallel Aware": false,"Async Capable": false,"Index Name": "idx_supplier_nation_key","Startup Cost": 0.00,"Total Cost": 7.29,"Plan Rows": 400,"Plan Width": 0,"Actual Startup Time": 0.081,"Actual Total Time": 0.084,"Actual Rows": 398,"Actual Loops": 1,"Index Cond": "(s_nationkey = nation_1.n_nationkey)"}]}]},{"Node Type": "Index Scan","Parent Relationship": "Inner","Parallel Aware": false,"Async Capable": false,"Scan Direction": "Forward","Index Name": "idx_partsupp_suppkey","Relation Name": "partsupp","Alias": "partsupp_1","Startup Cost": 0.42,"Total Cost": 9.07,"Plan Rows": 80,"Plan Width": 14,"Actual Startup Time": 0.015,"Actual Total Time": 0.306,"Actual Rows": 80,"Actual Loops": 398,"Index Cond": "(ps_suppkey = supplier_1.s_suppkey)","Rows Removed by Index Recheck": 0}]}]},{"Node Type": "Aggregate","Strategy": "Hashed","Partial Mode": "Simple","Parent Relationship": "Outer","Parallel Aware": false,"Async Capable": false,"Startup Cost": 4514.26,"Total Cost": 4994.26,"Plan Rows": 10667,"Plan Width": 36,"Actual Startup Time": 383.049,"Actual Total Time": 453.972,"Actual Rows": 925,"Actual Loops": 1,"Group Key": ["partsupp.ps_partkey"],"Filter": "(sum((partsupp.ps_supplycost * (partsupp.ps_availqty)::numeric)) > $2)","Planned Partitions": 0,"HashAgg Batches": 1,"Peak Memory Usage": 17937,"Disk Usage": 0,"Rows Removed by Filter": 29106,"Plans": [{"Node Type": "Nested Loop","Parent Relationship": "Outer","Parallel Aware": false,"Async Capable": false,"Join Type": "Inner","Startup Cost": 7.81,"Total Cost": 4194.26,"Plan Rows": 32000,"Plan Width": 14,"Actual Startup Time": 0.324,"Actual Total Time": 197.326,"Actual Rows": 31840,"Actual Loops": 1,"Inner Unique": false,"Plans": [{"Node Type": "Nested Loop","Parent Relationship": "Outer","Parallel Aware": false,"Async Capable": false,"Join Type": "Inner","Startup Cost": 7.38,"Total Cost": 244.58,"Plan Rows": 400,"Plan Width": 4,"Actual Startup Time": 0.245,"Actual Total Time": 2.763,"Actual Rows": 398,"Actual Loops": 1,"Inner Unique": false,"Plans": [{"Node Type": "Seq Scan","Parent Relationship": "Outer","Parallel Aware": false,"Async Capable": false,"Relation Name": "nation","Alias": "nation","Startup Cost": 0.00,"Total Cost": 1.31,"Plan Rows": 1,"Plan Width": 4,"Actual Startup Time": 0.070,"Actual Total Time": 0.094,"Actual Rows": 1,"Actual Loops": 1,"Filter": "(n_name = 'ROMANIA'::bpchar)","Rows Removed by Filter": 24},{"Node Type": "Bitmap Heap Scan","Parent Relationship": "Inner","Parallel Aware": false,"Async Capable": false,"Relation Name": "supplier","Alias": "supplier","Startup Cost": 7.38,"Total Cost": 239.27,"Plan Rows": 400,"Plan Width": 8,"Actual Startup Time": 0.167,"Actual Total Time": 2.613,"Actual Rows": 398,"Actual Loops": 1,"Recheck Cond": "(s_nationkey = nation.n_nationkey)","Rows Removed by Index Recheck": 0,"Exact Heap Blocks": 186,"Lossy Heap Blocks": 0,"Plans": [{"Node Type": "Bitmap Index Scan","Parent Relationship": "Outer","Parallel Aware": false,"Async Capable": false,"Index Name": "idx_supplier_nation_key","Startup Cost": 0.00,"Total Cost": 7.29,"Plan Rows": 400,"Plan Width": 0,"Actual Startup Time": 0.108,"Actual Total Time": 0.110,"Actual Rows": 398,"Actual Loops": 1,"Index Cond": "(s_nationkey = nation.n_nationkey)"}]}]},{"Node Type": "Index Scan","Parent Relationship": "Inner","Parallel Aware": false,"Async Capable": false,"Scan Direction": "Forward","Index Name": "idx_partsupp_suppkey","Relation Name": "partsupp","Alias": "partsupp","Startup Cost": 0.42,"Total Cost": 9.07,"Plan Rows": 80,"Plan Width": 18,"Actual Startup Time": 0.020,"Actual Total Time": 0.477,"Actual Rows": 80,"Actual Loops": 398,"Index Cond": "(ps_suppkey = supplier.s_suppkey)","Rows Removed by Index Recheck": 0}]}]}]},"Planning Time": 5.113,"Triggers": [],"Execution Time": 456.866}]
[{"Plan": {"Node Type": "Sort","Parallel Aware": false,"Async Capable": false,"Startup Cost": 10142.20,"Total Cost": 10168.87,"Plan Rows": 10667,"Plan Width": 36,"Actual Startup Time": 479.473,"Actual Total Time": 479.584,"Actual Rows": 514,"Actual Loops": 1,"Sort Key": ["(sum((partsupp.ps_supplycost * (partsupp.ps_availqty)::numeric))) DESC"],"Sort Method": "quicksort","Sort Space Used": 53,"Sort Space Type": "Memory","Plans": [{"Node Type": "Aggregate","Strategy": "Plain","Partial Mode": "Simple","Parent Relationship": "InitPlan","Subplan Name": "InitPlan 1 (returns $2)","Parallel Aware": false,"Async Capable": false,"Startup Cost": 4434.26,"Total Cost": 4434.27,"Plan Rows": 1,"Plan Width": 32,"Actual Startup Time": 141.847,"Actual Total Time": 141.875,"Actual Rows": 1,"Actual Loops": 1,"Plans": [{"Node Type": "Nested Loop","Parent Relationship": "Outer","Parallel Aware": false,"Async Capable": false,"Join Type": "Inner","Startup Cost": 7.81,"Total Cost": 4194.26,"Plan Rows": 32000,"Plan Width": 10,"Actual Startup Time": 0.217,"Actual Total Time": 133.744,"Actual Rows": 35040,"Actual Loops": 1,"Inner Unique": false,"Plans": [{"Node Type": "Nested Loop","Parent Relationship": "Outer","Parallel Aware": false,"Async Capable": false,"Join Type": "Inner","Startup Cost": 7.38,"Total Cost": 244.58,"Plan Rows": 400,"Plan Width": 4,"Actual Startup Time": 0.176,"Actual Total Time": 1.973,"Actual Rows": 438,"Actual Loops": 1,"Inner Unique": false,"Plans": [{"Node Type": "Seq Scan","Parent Relationship": "Outer","Parallel Aware": false,"Async Capable": false,"Relation Name": "nation","Alias": "nation_1","Startup Cost": 0.00,"Total Cost": 1.31,"Plan Rows": 1,"Plan Width": 4,"Actual Startup Time": 0.030,"Actual Total Time": 0.050,"Actual Rows": 1,"Actual Loops": 1,"Filter": "(n_name = 'IRAQ'::bpchar)","Rows Removed by Filter": 24},{"Node Type": "Bitmap Heap Scan","Parent Relationship": "Inner","Parallel Aware": false,"Async Capable": false,"Relation Name": "supplier","Alias": "supplier_1","Startup Cost": 7.38,"Total Cost": 239.27,"Plan Rows": 400,"Plan Width": 8,"Actual Startup Time": 0.128,"Actual Total Time": 1.851,"Actual Rows": 438,"Actual Loops": 1,"Recheck Cond": "(s_nationkey = nation_1.n_nationkey)","Rows Removed by Index Recheck": 0,"Exact Heap Blocks": 194,"Lossy Heap Blocks": 0,"Plans": [{"Node Type": "Bitmap Index Scan","Parent Relationship": "Outer","Parallel Aware": false,"Async Capable": false,"Index Name": "idx_supplier_nation_key","Startup Cost": 0.00,"Total Cost": 7.29,"Plan Rows": 400,"Plan Width": 0,"Actual Startup Time": 0.090,"Actual Total Time": 0.096,"Actual Rows": 438,"Actual Loops": 1,"Index Cond": "(s_nationkey = nation_1.n_nationkey)"}]}]},{"Node Type": "Index Scan","Parent Relationship": "Inner","Parallel Aware": false,"Async Capable": false,"Scan Direction": "Forward","Index Name": "idx_partsupp_suppkey","Relation Name": "partsupp","Alias": "partsupp_1","Startup Cost": 0.42,"Total Cost": 9.07,"Plan Rows": 80,"Plan Width": 14,"Actual Startup Time": 0.014,"Actual Total Time": 0.289,"Actual Rows": 80,"Actual Loops": 438,"Index Cond": "(ps_suppkey = supplier_1.s_suppkey)","Rows Removed by Index Recheck": 0}]}]},{"Node Type": "Aggregate","Strategy": "Hashed","Partial Mode": "Simple","Parent Relationship": "Outer","Parallel Aware": false,"Async Capable": false,"Startup Cost": 4514.26,"Total Cost": 4994.26,"Plan Rows": 10667,"Plan Width": 36,"Actual Startup Time": 398.650,"Actual Total Time": 479.180,"Actual Rows": 514,"Actual Loops": 1,"Group Key": ["partsupp.ps_partkey"],"Filter": "(sum((partsupp.ps_supplycost * (partsupp.ps_availqty)::numeric)) > $2)","Planned Partitions": 0,"HashAgg Batches": 1,"Peak Memory Usage": 17937,"Disk Usage": 0,"Rows Removed by Filter": 32385,"Plans": [{"Node Type": "Nested Loop","Parent Relationship": "Outer","Parallel Aware": false,"Async Capable": false,"Join Type": "Inner","Startup Cost": 7.81,"Total Cost": 4194.26,"Plan Rows": 32000,"Plan Width": 14,"Actual Startup Time": 0.368,"Actual Total Time": 210.024,"Actual Rows": 35040,"Actual Loops": 1,"Inner Unique": false,"Plans": [{"Node Type": "Nested Loop","Parent Relationship": "Outer","Parallel Aware": false,"Async Capable": false,"Join Type": "Inner","Startup Cost": 7.38,"Total Cost": 244.58,"Plan Rows": 400,"Plan Width": 4,"Actual Startup Time": 0.322,"Actual Total Time": 2.894,"Actual Rows": 438,"Actual Loops": 1,"Inner Unique": false,"Plans": [{"Node Type": "Seq Scan","Parent Relationship": "Outer","Parallel Aware": false,"Async Capable": false,"Relation Name": "nation","Alias": "nation","Startup Cost": 0.00,"Total Cost": 1.31,"Plan Rows": 1,"Plan Width": 4,"Actual Startup Time": 0.077,"Actual Total Time": 0.103,"Actual Rows": 1,"Actual Loops": 1,"Filter": "(n_name = 'IRAQ'::bpchar)","Rows Removed by Filter": 24},{"Node Type": "Bitmap Heap Scan","Parent Relationship": "Inner","Parallel Aware": false,"Async Capable": false,"Relation Name": "supplier","Alias": "supplier","Startup Cost": 7.38,"Total Cost": 239.27,"Plan Rows": 400,"Plan Width": 8,"Actual Startup Time": 0.239,"Actual Total Time": 2.735,"Actual Rows": 438,"Actual Loops": 1,"Recheck Cond": "(s_nationkey = nation.n_nationkey)","Rows Removed by Index Recheck": 0,"Exact Heap Blocks": 194,"Lossy Heap Blocks": 0,"Plans": [{"Node Type": "Bitmap Index Scan","Parent Relationship": "Outer","Parallel Aware": false,"Async Capable": false,"Index Name": "idx_supplier_nation_key","Startup Cost": 0.00,"Total Cost": 7.29,"Plan Rows": 400,"Plan Width": 0,"Actual Startup Time": 0.165,"Actual Total Time": 0.169,"Actual Rows": 438,"Actual Loops": 1,"Index Cond": "(s_nationkey = nation.n_nationkey)"}]}]},{"Node Type": "Index Scan","Parent Relationship": "Inner","Parallel Aware": false,"Async Capable": false,"Scan Direction": "Forward","Index Name": "idx_partsupp_suppkey","Relation Name": "partsupp","Alias": "partsupp","Startup Cost": 0.42,"Total Cost": 9.07,"Plan Rows": 80,"Plan Width": 18,"Actual Startup Time": 0.019,"Actual Total Time": 0.461,"Actual Rows": 80,"Actual Loops": 438,"Index Cond": "(ps_suppkey = supplier.s_suppkey)","Rows Removed by Index Recheck": 0}]}]}]},"Planning Time": 5.748,"Triggers": [],"Execution Time": 483.087}]
[{"Plan": {"Node Type": "Sort","Parallel Aware": false,"Async Capable": false,"Startup Cost": 10142.20,"Total Cost": 10168.87,"Plan Rows": 10667,"Plan Width": 36,"Actual Startup Time": 464.748,"Actual Total Time": 464.880,"Actual Rows": 665,"Actual Loops": 1,"Sort Key": ["(sum((partsupp.ps_supplycost * (partsupp.ps_availqty)::numeric))) DESC"],"Sort Method": "quicksort","Sort Space Used": 61,"Sort Space Type": "Memory","Plans": [{"Node Type": "Aggregate","Strategy": "Plain","Partial Mode": "Simple","Parent Relationship": "InitPlan","Subplan Name": "InitPlan 1 (returns $2)","Parallel Aware": false,"Async Capable": false,"Startup Cost": 4434.26,"Total Cost": 4434.27,"Plan Rows": 1,"Plan Width": 32,"Actual Startup Time": 134.444,"Actual Total Time": 134.478,"Actual Rows": 1,"Actual Loops": 1,"Plans": [{"Node Type": "Nested Loop","Parent Relationship": "Outer","Parallel Aware": false,"Async Capable": false,"Join Type": "Inner","Startup Cost": 7.81,"Total Cost": 4194.26,"Plan Rows": 32000,"Plan Width": 10,"Actual Startup Time": 0.195,"Actual Total Time": 126.758,"Actual Rows": 33600,"Actual Loops": 1,"Inner Unique": false,"Plans": [{"Node Type": "Nested Loop","Parent Relationship": "Outer","Parallel Aware": false,"Async Capable": false,"Join Type": "Inner","Startup Cost": 7.38,"Total Cost": 244.58,"Plan Rows": 400,"Plan Width": 4,"Actual Startup Time": 0.143,"Actual Total Time": 1.895,"Actual Rows": 420,"Actual Loops": 1,"Inner Unique": false,"Plans": [{"Node Type": "Seq Scan","Parent Relationship": "Outer","Parallel Aware": false,"Async Capable": false,"Relation Name": "nation","Alias": "nation_1","Startup Cost": 0.00,"Total Cost": 1.31,"Plan Rows": 1,"Plan Width": 4,"Actual Startup Time": 0.024,"Actual Total Time": 0.046,"Actual Rows": 1,"Actual Loops": 1,"Filter": "(n_name = 'ALGERIA'::bpchar)","Rows Removed by Filter": 24},{"Node Type": "Bitmap Heap Scan","Parent Relationship": "Inner","Parallel Aware": false,"Async Capable": false,"Relation Name": "supplier","Alias": "supplier_1","Startup Cost": 7.38,"Total Cost": 239.27,"Plan Rows": 400,"Plan Width": 8,"Actual Startup Time": 0.107,"Actual Total Time": 1.788,"Actual Rows": 420,"Actual Loops": 1,"Recheck Cond": "(s_nationkey = nation_1.n_nationkey)","Rows Removed by Index Recheck": 0,"Exact Heap Blocks": 197,"Lossy Heap Blocks": 0,"Plans": [{"Node Type": "Bitmap Index Scan","Parent Relationship": "Outer","Parallel Aware": false,"Async Capable": false,"Index Name": "idx_supplier_nation_key","Startup Cost": 0.00,"Total Cost": 7.29,"Plan Rows": 400,"Plan Width": 0,"Actual Startup Time": 0.069,"Actual Total Time": 0.076,"Actual Rows": 420,"Actual Loops": 1,"Index Cond": "(s_nationkey = nation_1.n_nationkey)"}]}]},{"Node Type": "Index Scan","Parent Relationship": "Inner","Parallel Aware": false,"Async Capable": false,"Scan Direction": "Forward","Index Name": "idx_partsupp_suppkey","Relation Name": "partsupp","Alias": "partsupp_1","Startup Cost": 0.42,"Total Cost": 9.07,"Plan Rows": 80,"Plan Width": 14,"Actual Startup Time": 0.014,"Actual Total Time": 0.285,"Actual Rows": 80,"Actual Loops": 420,"Index Cond": "(ps_suppkey = supplier_1.s_suppkey)","Rows Removed by Index Recheck": 0}]}]},{"Node Type": "Aggregate","Strategy": "Hashed","Partial Mode": "Simple","Parent Relationship": "Outer","Parallel Aware": false,"Async Capable": false,"Startup Cost": 4514.26,"Total Cost": 4994.26,"Plan Rows": 10667,"Plan Width": 36,"Actual Startup Time": 388.152,"Actual Total Time": 464.346,"Actual Rows": 665,"Actual Loops": 1,"Group Key": ["partsupp.ps_partkey"],"Filter": "(sum((partsupp.ps_supplycost * (partsupp.ps_availqty)::numeric)) > $2)","Planned Partitions": 0,"HashAgg Batches": 1,"Peak Memory Usage": 17937,"Disk Usage": 0,"Rows Removed by Filter": 30920,"Plans": [{"Node Type": "Nested Loop","Parent Relationship": "Outer","Parallel Aware": false,"Async Capable": false,"Join Type": "Inner","Startup Cost": 7.81,"Total Cost": 4194.26,"Plan Rows": 32000,"Plan Width": 14,"Actual Startup Time": 0.388,"Actual Total Time": 207.629,"Actual Rows": 33600,"Actual Loops": 1,"Inner Unique": false,"Plans": [{"Node Type": "Nested Loop","Parent Relationship": "Outer","Parallel Aware": false,"Async Capable": false,"Join Type": "Inner","Startup Cost": 7.38,"Total Cost": 244.58,"Plan Rows": 400,"Plan Width": 4,"Actual Startup Time": 0.274,"Actual Total Time": 2.984,"Actual Rows": 420,"Actual Loops": 1,"Inner Unique": false,"Plans": [{"Node Type": "Seq Scan","Parent Relationship": "Outer","Parallel Aware": false,"Async Capable": false,"Relation Name": "nation","Alias": "nation","Startup Cost": 0.00,"Total Cost": 1.31,"Plan Rows": 1,"Plan Width": 4,"Actual Startup Time": 0.081,"Actual Total Time": 0.099,"Actual Rows": 1,"Actual Loops": 1,"Filter": "(n_name = 'ALGERIA'::bpchar)","Rows Removed by Filter": 24},{"Node Type": "Bitmap Heap Scan","Parent Relationship": "Inner","Parallel Aware": false,"Async Capable": false,"Relation Name": "supplier","Alias": "supplier","Startup Cost": 7.38,"Total Cost": 239.27,"Plan Rows": 400,"Plan Width": 8,"Actual Startup Time": 0.184,"Actual Total Time": 2.823,"Actual Rows": 420,"Actual Loops": 1,"Recheck Cond": "(s_nationkey = nation.n_nationkey)","Rows Removed by Index Recheck": 0,"Exact Heap Blocks": 197,"Lossy Heap Blocks": 0,"Plans": [{"Node Type": "Bitmap Index Scan","Parent Relationship": "Outer","Parallel Aware": false,"Async Capable": false,"Index Name": "idx_supplier_nation_key","Startup Cost": 0.00,"Total Cost": 7.29,"Plan Rows": 400,"Plan Width": 0,"Actual Startup Time": 0.105,"Actual Total Time": 0.106,"Actual Rows": 420,"Actual Loops": 1,"Index Cond": "(s_nationkey = nation.n_nationkey)"}]}]},{"Node Type": "Index Scan","Parent Relationship": "Inner","Parallel Aware": false,"Async Capable": false,"Scan Direction": "Forward","Index Name": "idx_partsupp_suppkey","Relation Name": "partsupp","Alias": "partsupp","Startup Cost": 0.42,"Total Cost": 9.07,"Plan Rows": 80,"Plan Width": 18,"Actual Startup Time": 0.019,"Actual Total Time": 0.475,"Actual Rows": 80,"Actual Loops": 420,"Index Cond": "(ps_suppkey = supplier.s_suppkey)","Rows Removed by Index Recheck": 0}]}]}]},"Planning Time": 6.930,"Triggers": [],"Execution Time": 468.122}]
[{"Plan": {"Node Type": "Sort","Parallel Aware": false,"Async Capable": false,"Startup Cost": 10142.20,"Total Cost": 10168.87,"Plan Rows": 10667,"Plan Width": 36,"Actual Startup Time": 464.748,"Actual Total Time": 464.880,"Actual Rows": 665,"Actual Loops": 1,"Sort Key": ["(sum((partsupp.ps_supplycost * (partsupp.ps_availqty)::numeric))) DESC"],"Sort Method": "quicksort","Sort Space Used": 61,"Sort Space Type": "Memory","Plans": [{"Node Type": "Aggregate","Strategy": "Plain","Partial Mode": "Simple","Parent Relationship": "InitPlan","Subplan Name": "InitPlan 1 (returns $2)","Parallel Aware": false,"Async Capable": false,"Startup Cost": 4434.26,"Total Cost": 4434.27,"Plan Rows": 1,"Plan Width": 32,"Actual Startup Time": 134.444,"Actual Total Time": 134.478,"Actual Rows": 1,"Actual Loops": 1,"Plans": [{"Node Type": "Nested Loop","Parent Relationship": "Outer","Parallel Aware": false,"Async Capable": false,"Join Type": "Inner","Startup Cost": 7.81,"Total Cost": 4194.26,"Plan Rows": 32000,"Plan Width": 10,"Actual Startup Time": 0.195,"Actual Total Time": 126.758,"Actual Rows": 33600,"Actual Loops": 1,"Inner Unique": false,"Plans": [{"Node Type": "Nested Loop","Parent Relationship": "Outer","Parallel Aware": false,"Async Capable": false,"Join Type": "Inner","Startup Cost": 7.38,"Total Cost": 244.58,"Plan Rows": 400,"Plan Width": 4,"Actual Startup Time": 0.143,"Actual Total Time": 1.895,"Actual Rows": 420,"Actual Loops": 1,"Inner Unique": false,"Plans": [{"Node Type": "Seq Scan","Parent Relationship": "Outer","Parallel Aware": false,"Async Capable": false,"Relation Name": "nation","Alias": "nation_1","Startup Cost": 0.00,"Total Cost": 1.31,"Plan Rows": 1,"Plan Width": 4,"Actual Startup Time": 0.024,"Actual Total Time": 0.046,"Actual Rows": 1,"Actual Loops": 1,"Filter": "(n_name = 'ALGERIA'::bpchar)","Rows Removed by Filter": 24},{"Node Type": "Bitmap Heap Scan","Parent Relationship": "Inner","Parallel Aware": false,"Async Capable": false,"Relation Name": "supplier","Alias": "supplier_1","Startup Cost": 7.38,"Total Cost": 239.27,"Plan Rows": 400,"Plan Width": 8,"Actual Startup Time": 0.107,"Actual Total Time": 1.788,"Actual Rows": 420,"Actual Loops": 1,"Recheck Cond": "(s_nationkey = nation_1.n_nationkey)","Rows Removed by Index Recheck": 0,"Exact Heap Blocks": 197,"Lossy Heap Blocks": 0,"Plans": [{"Node Type": "Bitmap Index Scan","Parent Relationship": "Outer","Parallel Aware": false,"Async Capable": false,"Index Name": "idx_supplier_nation_key","Startup Cost": 0.00,"Total Cost": 7.29,"Plan Rows": 400,"Plan Width": 0,"Actual Startup Time": 0.069,"Actual Total Time": 0.076,"Actual Rows": 420,"Actual Loops": 1,"Index Cond": "(s_nationkey = nation_1.n_nationkey)"}]}]},{"Node Type": "Index Scan","Parent Relationship": "Inner","Parallel Aware": false,"Async Capable": false,"Scan Direction": "Forward","Index Name": "idx_partsupp_suppkey","Relation Name": "partsupp","Alias": "partsupp_1","Startup Cost": 0.42,"Total Cost": 9.07,"Plan Rows": 80,"Plan Width": 14,"Actual Startup Time": 0.014,"Actual Total Time": 0.285,"Actual Rows": 80,"Actual Loops": 420,"Index Cond": "(ps_suppkey = supplier_1.s_suppkey)","Rows Removed by Index Recheck": 0}]}]},{"Node Type": "Aggregate","Strategy": "Hashed","Partial Mode": "Simple","Parent Relationship": "Outer","Parallel Aware": false,"Async Capable": false,"Startup Cost": 4514.26,"Total Cost": 4994.26,"Plan Rows": 10667,"Plan Width": 36,"Actual Startup Time": 388.152,"Actual Total Time": 464.346,"Actual Rows": 665,"Actual Loops": 1,"Group Key": ["partsupp.ps_partkey"],"Filter": "(sum((partsupp.ps_supplycost * (partsupp.ps_availqty)::numeric)) > $2)","Planned Partitions": 0,"HashAgg Batches": 1,"Peak Memory Usage": 17937,"Disk Usage": 0,"Rows Removed by Filter": 30920,"Plans": [{"Node Type": "Nested Loop","Parent Relationship": "Outer","Parallel Aware": false,"Async Capable": false,"Join Type": "Inner","Startup Cost": 7.81,"Total Cost": 4194.26,"Plan Rows": 32000,"Plan Width": 14,"Actual Startup Time": 0.388,"Actual Total Time": 207.629,"Actual Rows": 33600,"Actual Loops": 1,"Inner Unique": false,"Plans": [{"Node Type": "Nested Loop","Parent Relationship": "Outer","Parallel Aware": false,"Async Capable": false,"Join Type": "Inner","Startup Cost": 7.38,"Total Cost": 244.58,"Plan Rows": 400,"Plan Width": 4,"Actual Startup Time": 0.274,"Actual Total Time": 2.984,"Actual Rows": 420,"Actual Loops": 1,"Inner Unique": false,"Plans": [{"Node Type": "Seq Scan","Parent Relationship": "Outer","Parallel Aware": false,"Async Capable": false,"Relation Name": "nation","Alias": "nation","Startup Cost": 0.00,"Total Cost": 1.31,"Plan Rows": 1,"Plan Width": 4,"Actual Startup Time": 0.081,"Actual Total Time": 0.099,"Actual Rows": 1,"Actual Loops": 1,"Filter": "(n_name = 'ALGERIA'::bpchar)","Rows Removed by Filter": 24},{"Node Type": "Bitmap Heap Scan","Parent Relationship": "Inner","Parallel Aware": false,"Async Capable": false,"Relation Name": "supplier","Alias": "supplier","Startup Cost": 7.38,"Total Cost": 239.27,"Plan Rows": 400,"Plan Width": 8,"Actual Startup Time": 0.184,"Actual Total Time": 2.823,"Actual Rows": 420,"Actual Loops": 1,"Recheck Cond": "(s_nationkey = nation.n_nationkey)","Rows Removed by Index Recheck": 0,"Exact Heap Blocks": 197,"Lossy Heap Blocks": 0,"Plans": [{"Node Type": "Bitmap Index Scan","Parent Relationship": "Outer","Parallel Aware": false,"Async Capable": false,"Index Name": "idx_supplier_nation_key","Startup Cost": 0.00,"Total Cost": 7.29,"Plan Rows": 400,"Plan Width": 0,"Actual Startup Time": 0.105,"Actual Total Time": 0.106,"Actual Rows": 420,"Actual Loops": 1,"Index Cond": "(s_nationkey = nation.n_nationkey)"}]}]},{"Node Type": "Index Scan","Parent Relationship": "Inner","Parallel Aware": false,"Async Capable": false,"Scan Direction": "Forward","Index Name": "idx_partsupp_suppkey","Relation Name": "partsupp","Alias": "partsupp","Startup Cost": 0.42,"Total Cost": 9.07,"Plan Rows": 80,"Plan Width": 18,"Actual Startup Time": 0.019,"Actual Total Time": 0.475,"Actual Rows": 80,"Actual Loops": 420,"Index Cond": "(ps_suppkey = supplier.s_suppkey)","Rows Removed by Index Recheck": 0}]}]}]},"Planning Time": 6.930,"Triggers": [],"Execution Time": 468.122}]
[{"Plan": {"Node Type": "Sort","Parallel Aware": false,"Async Capable": false,"Startup Cost": 10142.20,"Total Cost": 10168.87,"Plan Rows": 10667,"Plan Width": 36,"Actual Startup Time": 443.389,"Actual Total Time": 443.514,"Actual Rows": 1031,"Actual Loops": 1,"Sort Key": ["(sum((partsupp.ps_supplycost * (partsupp.ps_availqty)::numeric))) DESC"],"Sort Method": "quicksort","Sort Space Used": 105,"Sort Space Type": "Memory","Plans": [{"Node Type": "Aggregate","Strategy": "Plain","Partial Mode": "Simple","Parent Relationship": "InitPlan","Subplan Name": "InitPlan 1 (returns $2)","Parallel Aware": false,"Async Capable": false,"Startup Cost": 4434.26,"Total Cost": 4434.27,"Plan Rows": 1,"Plan Width": 32,"Actual Startup Time": 132.940,"Actual Total Time": 132.957,"Actual Rows": 1,"Actual Loops": 1,"Plans": [{"Node Type": "Nested Loop","Parent Relationship": "Outer","Parallel Aware": false,"Async Capable": false,"Join Type": "Inner","Startup Cost": 7.81,"Total Cost": 4194.26,"Plan Rows": 32000,"Plan Width": 10,"Actual Startup Time": 0.263,"Actual Total Time": 125.681,"Actual Rows": 31440,"Actual Loops": 1,"Inner Unique": false,"Plans": [{"Node Type": "Nested Loop","Parent Relationship": "Outer","Parallel Aware": false,"Async Capable": false,"Join Type": "Inner","Startup Cost": 7.38,"Total Cost": 244.58,"Plan Rows": 400,"Plan Width": 4,"Actual Startup Time": 0.205,"Actual Total Time": 1.775,"Actual Rows": 393,"Actual Loops": 1,"Inner Unique": false,"Plans": [{"Node Type": "Seq Scan","Parent Relationship": "Outer","Parallel Aware": false,"Async Capable": false,"Relation Name": "nation","Alias": "nation_1","Startup Cost": 0.00,"Total Cost": 1.31,"Plan Rows": 1,"Plan Width": 4,"Actual Startup Time": 0.056,"Actual Total Time": 0.062,"Actual Rows": 1,"Actual Loops": 1,"Filter": "(n_name = 'UNITED STATES'::bpchar)","Rows Removed by Filter": 24},{"Node Type": "Bitmap Heap Scan","Parent Relationship": "Inner","Parallel Aware": false,"Async Capable": false,"Relation Name": "supplier","Alias": "supplier_1","Startup Cost": 7.38,"Total Cost": 239.27,"Plan Rows": 400,"Plan Width": 8,"Actual Startup Time": 0.126,"Actual Total Time": 1.648,"Actual Rows": 393,"Actual Loops": 1,"Recheck Cond": "(s_nationkey = nation_1.n_nationkey)","Rows Removed by Index Recheck": 0,"Exact Heap Blocks": 181,"Lossy Heap Blocks": 0,"Plans": [{"Node Type": "Bitmap Index Scan","Parent Relationship": "Outer","Parallel Aware": false,"Async Capable": false,"Index Name": "idx_supplier_nation_key","Startup Cost": 0.00,"Total Cost": 7.29,"Plan Rows": 400,"Plan Width": 0,"Actual Startup Time": 0.087,"Actual Total Time": 0.091,"Actual Rows": 393,"Actual Loops": 1,"Index Cond": "(s_nationkey = nation_1.n_nationkey)"}]}]},{"Node Type": "Index Scan","Parent Relationship": "Inner","Parallel Aware": false,"Async Capable": false,"Scan Direction": "Forward","Index Name": "idx_partsupp_suppkey","Relation Name": "partsupp","Alias": "partsupp_1","Startup Cost": 0.42,"Total Cost": 9.07,"Plan Rows": 80,"Plan Width": 14,"Actual Startup Time": 0.015,"Actual Total Time": 0.303,"Actual Rows": 80,"Actual Loops": 393,"Index Cond": "(ps_suppkey = supplier_1.s_suppkey)","Rows Removed by Index Recheck": 0}]}]},{"Node Type": "Aggregate","Strategy": "Hashed","Partial Mode": "Simple","Parent Relationship": "Outer","Parallel Aware": false,"Async Capable": false,"Startup Cost": 4514.26,"Total Cost": 4994.26,"Plan Rows": 10667,"Plan Width": 36,"Actual Startup Time": 371.004,"Actual Total Time": 442.894,"Actual Rows": 1031,"Actual Loops": 1,"Group Key": ["partsupp.ps_partkey"],"Filter": "(sum((partsupp.ps_supplycost * (partsupp.ps_availqty)::numeric)) > $2)","Planned Partitions": 0,"HashAgg Batches": 1,"Peak Memory Usage": 17937,"Disk Usage": 0,"Rows Removed by Filter": 28434,"Plans": [{"Node Type": "Nested Loop","Parent Relationship": "Outer","Parallel Aware": false,"Async Capable": false,"Join Type": "Inner","Startup Cost": 7.81,"Total Cost": 4194.26,"Plan Rows": 32000,"Plan Width": 14,"Actual Startup Time": 0.317,"Actual Total Time": 191.179,"Actual Rows": 31440,"Actual Loops": 1,"Inner Unique": false,"Plans": [{"Node Type": "Nested Loop","Parent Relationship": "Outer","Parallel Aware": false,"Async Capable": false,"Join Type": "Inner","Startup Cost": 7.38,"Total Cost": 244.58,"Plan Rows": 400,"Plan Width": 4,"Actual Startup Time": 0.258,"Actual Total Time": 2.692,"Actual Rows": 393,"Actual Loops": 1,"Inner Unique": false,"Plans": [{"Node Type": "Seq Scan","Parent Relationship": "Outer","Parallel Aware": false,"Async Capable": false,"Relation Name": "nation","Alias": "nation","Startup Cost": 0.00,"Total Cost": 1.31,"Plan Rows": 1,"Plan Width": 4,"Actual Startup Time": 0.065,"Actual Total Time": 0.076,"Actual Rows": 1,"Actual Loops": 1,"Filter": "(n_name = 'UNITED STATES'::bpchar)","Rows Removed by Filter": 24},{"Node Type": "Bitmap Heap Scan","Parent Relationship": "Inner","Parallel Aware": false,"Async Capable": false,"Relation Name": "supplier","Alias": "supplier","Startup Cost": 7.38,"Total Cost": 239.27,"Plan Rows": 400,"Plan Width": 8,"Actual Startup Time": 0.185,"Actual Total Time": 2.562,"Actual Rows": 393,"Actual Loops": 1,"Recheck Cond": "(s_nationkey = nation.n_nationkey)","Rows Removed by Index Recheck": 0,"Exact Heap Blocks": 181,"Lossy Heap Blocks": 0,"Plans": [{"Node Type": "Bitmap Index Scan","Parent Relationship": "Outer","Parallel Aware": false,"Async Capable": false,"Index Name": "idx_supplier_nation_key","Startup Cost": 0.00,"Total Cost": 7.29,"Plan Rows": 400,"Plan Width": 0,"Actual Startup Time": 0.119,"Actual Total Time": 0.122,"Actual Rows": 393,"Actual Loops": 1,"Index Cond": "(s_nationkey = nation.n_nationkey)"}]}]},{"Node Type": "Index Scan","Parent Relationship": "Inner","Parallel Aware": false,"Async Capable": false,"Scan Direction": "Forward","Index Name": "idx_partsupp_suppkey","Relation Name": "partsupp","Alias": "partsupp","Startup Cost": 0.42,"Total Cost": 9.07,"Plan Rows": 80,"Plan Width": 18,"Actual Startup Time": 0.020,"Actual Total Time": 0.468,"Actual Rows": 80,"Actual Loops": 393,"Index Cond": "(ps_suppkey = supplier.s_suppkey)","Rows Removed by Index Recheck": 0}]}]}]},"Planning Time": 7.102,"Triggers": [],"Execution Time": 445.930}]
[{"Plan": {"Node Type": "Sort","Parallel Aware": false,"Async Capable": false,"Startup Cost": 10142.20,"Total Cost": 10168.87,"Plan Rows": 10667,"Plan Width": 36,"Actual Startup Time": 454.370,"Actual Total Time": 454.495,"Actual Rows": 925,"Actual Loops": 1,"Sort Key": ["(sum((partsupp.ps_supplycost * (partsupp.ps_availqty)::numeric))) DESC"],"Sort Method": "quicksort","Sort Space Used": 75,"Sort Space Type": "Memory","Plans": [{"Node Type": "Aggregate","Strategy": "Plain","Partial Mode": "Simple","Parent Relationship": "InitPlan","Subplan Name": "InitPlan 1 (returns $2)","Parallel Aware": false,"Async Capable": false,"Startup Cost": 4434.26,"Total Cost": 4434.27,"Plan Rows": 1,"Plan Width": 32,"Actual Startup Time": 135.908,"Actual Total Time": 135.923,"Actual Rows": 1,"Actual Loops": 1,"Plans": [{"Node Type": "Nested Loop","Parent Relationship": "Outer","Parallel Aware": false,"Async Capable": false,"Join Type": "Inner","Startup Cost": 7.81,"Total Cost": 4194.26,"Plan Rows": 32000,"Plan Width": 10,"Actual Startup Time": 0.237,"Actual Total Time": 128.564,"Actual Rows": 31840,"Actual Loops": 1,"Inner Unique": false,"Plans": [{"Node Type": "Nested Loop","Parent Relationship": "Outer","Parallel Aware": false,"Async Capable": false,"Join Type": "Inner","Startup Cost": 7.38,"Total Cost": 244.58,"Plan Rows": 400,"Plan Width": 4,"Actual Startup Time": 0.190,"Actual Total Time": 1.776,"Actual Rows": 398,"Actual Loops": 1,"Inner Unique": false,"Plans": [{"Node Type": "Seq Scan","Parent Relationship": "Outer","Parallel Aware": false,"Async Capable": false,"Relation Name": "nation","Alias": "nation_1","Startup Cost": 0.00,"Total Cost": 1.31,"Plan Rows": 1,"Plan Width": 4,"Actual Startup Time": 0.045,"Actual Total Time": 0.060,"Actual Rows": 1,"Actual Loops": 1,"Filter": "(n_name = 'ROMANIA'::bpchar)","Rows Removed by Filter": 24},{"Node Type": "Bitmap Heap Scan","Parent Relationship": "Inner","Parallel Aware": false,"Async Capable": false,"Relation Name": "supplier","Alias": "supplier_1","Startup Cost": 7.38,"Total Cost": 239.27,"Plan Rows": 400,"Plan Width": 8,"Actual Startup Time": 0.127,"Actual Total Time": 1.656,"Actual Rows": 398,"Actual Loops": 1,"Recheck Cond": "(s_nationkey = nation_1.n_nationkey)","Rows Removed by Index Recheck": 0,"Exact Heap Blocks": 186,"Lossy Heap Blocks": 0,"Plans": [{"Node Type": "Bitmap Index Scan","Parent Relationship": "Outer","Parallel Aware": false,"Async Capable": false,"Index Name": "idx_supplier_nation_key","Startup Cost": 0.00,"Total Cost": 7.29,"Plan Rows": 400,"Plan Width": 0,"Actual Startup Time": 0.081,"Actual Total Time": 0.084,"Actual Rows": 398,"Actual Loops": 1,"Index Cond": "(s_nationkey = nation_1.n_nationkey)"}]}]},{"Node Type": "Index Scan","Parent Relationship": "Inner","Parallel Aware": false,"Async Capable": false,"Scan Direction": "Forward","Index Name": "idx_partsupp_suppkey","Relation Name": "partsupp","Alias": "partsupp_1","Startup Cost": 0.42,"Total Cost": 9.07,"Plan Rows": 80,"Plan Width": 14,"Actual Startup Time": 0.015,"Actual Total Time": 0.306,"Actual Rows": 80,"Actual Loops": 398,"Index Cond": "(ps_suppkey = supplier_1.s_suppkey)","Rows Removed by Index Recheck": 0}]}]},{"Node Type": "Aggregate","Strategy": "Hashed","Partial Mode": "Simple","Parent Relationship": "Outer","Parallel Aware": false,"Async Capable": false,"Startup Cost": 4514.26,"Total Cost": 4994.26,"Plan Rows": 10667,"Plan Width": 36,"Actual Startup Time": 383.049,"Actual Total Time": 453.972,"Actual Rows": 925,"Actual Loops": 1,"Group Key": ["partsupp.ps_partkey"],"Filter": "(sum((partsupp.ps_supplycost * (partsupp.ps_availqty)::numeric)) > $2)","Planned Partitions": 0,"HashAgg Batches": 1,"Peak Memory Usage": 17937,"Disk Usage": 0,"Rows Removed by Filter": 29106,"Plans": [{"Node Type": "Nested Loop","Parent Relationship": "Outer","Parallel Aware": false,"Async Capable": false,"Join Type": "Inner","Startup Cost": 7.81,"Total Cost": 4194.26,"Plan Rows": 32000,"Plan Width": 14,"Actual Startup Time": 0.324,"Actual Total Time": 197.326,"Actual Rows": 31840,"Actual Loops": 1,"Inner Unique": false,"Plans": [{"Node Type": "Nested Loop","Parent Relationship": "Outer","Parallel Aware": false,"Async Capable": false,"Join Type": "Inner","Startup Cost": 7.38,"Total Cost": 244.58,"Plan Rows": 400,"Plan Width": 4,"Actual Startup Time": 0.245,"Actual Total Time": 2.763,"Actual Rows": 398,"Actual Loops": 1,"Inner Unique": false,"Plans": [{"Node Type": "Seq Scan","Parent Relationship": "Outer","Parallel Aware": false,"Async Capable": false,"Relation Name": "nation","Alias": "nation","Startup Cost": 0.00,"Total Cost": 1.31,"Plan Rows": 1,"Plan Width": 4,"Actual Startup Time": 0.070,"Actual Total Time": 0.094,"Actual Rows": 1,"Actual Loops": 1,"Filter": "(n_name = 'ROMANIA'::bpchar)","Rows Removed by Filter": 24},{"Node Type": "Bitmap Heap Scan","Parent Relationship": "Inner","Parallel Aware": false,"Async Capable": false,"Relation Name": "supplier","Alias": "supplier","Startup Cost": 7.38,"Total Cost": 239.27,"Plan Rows": 400,"Plan Width": 8,"Actual Startup Time": 0.167,"Actual Total Time": 2.613,"Actual Rows": 398,"Actual Loops": 1,"Recheck Cond": "(s_nationkey = nation.n_nationkey)","Rows Removed by Index Recheck": 0,"Exact Heap Blocks": 186,"Lossy Heap Blocks": 0,"Plans": [{"Node Type": "Bitmap Index Scan","Parent Relationship": "Outer","Parallel Aware": false,"Async Capable": false,"Index Name": "idx_supplier_nation_key","Startup Cost": 0.00,"Total Cost": 7.29,"Plan Rows": 400,"Plan Width": 0,"Actual Startup Time": 0.108,"Actual Total Time": 0.110,"Actual Rows": 398,"Actual Loops": 1,"Index Cond": "(s_nationkey = nation.n_nationkey)"}]}]},{"Node Type": "Index Scan","Parent Relationship": "Inner","Parallel Aware": false,"Async Capable": false,"Scan Direction": "Forward","Index Name": "idx_partsupp_suppkey","Relation Name": "partsupp","Alias": "partsupp","Startup Cost": 0.42,"Total Cost": 9.07,"Plan Rows": 80,"Plan Width": 18,"Actual Startup Time": 0.020,"Actual Total Time": 0.477,"Actual Rows": 80,"Actual Loops": 398,"Index Cond": "(ps_suppkey = supplier.s_suppkey)","Rows Removed by Index Recheck": 0}]}]}]},"Planning Time": 5.113,"Triggers": [],"Execution Time": 456.866}]
[{"Plan": {"Node Type": "Sort","Parallel Aware": false,"Async Capable": false,"Startup Cost": 10142.20,"Total Cost": 10168.87,"Plan Rows": 10667,"Plan Width": 36,"Actual Startup Time": 400.788,"Actual Total Time": 400.942,"Actual Rows": 1469,"Actual Loops": 1,"Sort Key": ["(sum((partsupp.ps_supplycost * (partsupp.ps_availqty)::numeric))) DESC"],"Sort Method": "quicksort","Sort Space Used": 129,"Sort Space Type": "Memory","Plans": [{"Node Type": "Aggregate","Strategy": "Plain","Partial Mode": "Simple","Parent Relationship": "InitPlan","Subplan Name": "InitPlan 1 (returns $2)","Parallel Aware": false,"Async Capable": false,"Startup Cost": 4434.26,"Total Cost": 4434.27,"Plan Rows": 1,"Plan Width": 32,"Actual Startup Time": 117.250,"Actual Total Time": 117.272,"Actual Rows": 1,"Actual Loops": 1,"Plans": [{"Node Type": "Nested Loop","Parent Relationship": "Outer","Parallel Aware": false,"Async Capable": false,"Join Type": "Inner","Startup Cost": 7.81,"Total Cost": 4194.26,"Plan Rows": 32000,"Plan Width": 10,"Actual Startup Time": 0.216,"Actual Total Time": 110.575,"Actual Rows": 28960,"Actual Loops": 1,"Inner Unique": false,"Plans": [{"Node Type": "Nested Loop","Parent Relationship": "Outer","Parallel Aware": false,"Async Capable": false,"Join Type": "Inner","Startup Cost": 7.38,"Total Cost": 244.58,"Plan Rows": 400,"Plan Width": 4,"Actual Startup Time": 0.161,"Actual Total Time": 1.515,"Actual Rows": 362,"Actual Loops": 1,"Inner Unique": false,"Plans": [{"Node Type": "Seq Scan","Parent Relationship": "Outer","Parallel Aware": false,"Async Capable": false,"Relation Name": "nation","Alias": "nation_1","Startup Cost": 0.00,"Total Cost": 1.31,"Plan Rows": 1,"Plan Width": 4,"Actual Startup Time": 0.032,"Actual Total Time": 0.051,"Actual Rows": 1,"Actual Loops": 1,"Filter": "(n_name = 'JORDAN'::bpchar)","Rows Removed by Filter": 24},{"Node Type": "Bitmap Heap Scan","Parent Relationship": "Inner","Parallel Aware": false,"Async Capable": false,"Relation Name": "supplier","Alias": "supplier_1","Startup Cost": 7.38,"Total Cost": 239.27,"Plan Rows": 400,"Plan Width": 8,"Actual Startup Time": 0.117,"Actual Total Time": 1.415,"Actual Rows": 362,"Actual Loops": 1,"Recheck Cond": "(s_nationkey = nation_1.n_nationkey)","Rows Removed by Index Recheck": 0,"Exact Heap Blocks": 166,"Lossy Heap Blocks": 0,"Plans": [{"Node Type": "Bitmap Index Scan","Parent Relationship": "Outer","Parallel Aware": false,"Async Capable": false,"Index Name": "idx_supplier_nation_key","Startup Cost": 0.00,"Total Cost": 7.29,"Plan Rows": 400,"Plan Width": 0,"Actual Startup Time": 0.075,"Actual Total Time": 0.079,"Actual Rows": 362,"Actual Loops": 1,"Index Cond": "(s_nationkey = nation_1.n_nationkey)"}]}]},{"Node Type": "Index Scan","Parent Relationship": "Inner","Parallel Aware": false,"Async Capable": false,"Scan Direction": "Forward","Index Name": "idx_partsupp_suppkey","Relation Name": "partsupp","Alias": "partsupp_1","Startup Cost": 0.42,"Total Cost": 9.07,"Plan Rows": 80,"Plan Width": 14,"Actual Startup Time": 0.014,"Actual Total Time": 0.289,"Actual Rows": 80,"Actual Loops": 362,"Index Cond": "(ps_suppkey = supplier_1.s_suppkey)","Rows Removed by Index Recheck": 0}]}]},{"Node Type": "Aggregate","Strategy": "Hashed","Partial Mode": "Simple","Parent Relationship": "Outer","Parallel Aware": false,"Async Capable": false,"Startup Cost": 4514.26,"Total Cost": 4994.26,"Plan Rows": 10667,"Plan Width": 36,"Actual Startup Time": 338.606,"Actual Total Time": 400.138,"Actual Rows": 1469,"Actual Loops": 1,"Group Key": ["partsupp.ps_partkey"],"Filter": "(sum((partsupp.ps_supplycost * (partsupp.ps_availqty)::numeric)) > $2)","Planned Partitions": 0,"HashAgg Batches": 1,"Peak Memory Usage": 17937,"Disk Usage": 0,"Rows Removed by Filter": 25896,"Plans": [{"Node Type": "Nested Loop","Parent Relationship": "Outer","Parallel Aware": false,"Async Capable": false,"Join Type": "Inner","Startup Cost": 7.81,"Total Cost": 4194.26,"Plan Rows": 32000,"Plan Width": 14,"Actual Startup Time": 0.314,"Actual Total Time": 181.118,"Actual Rows": 28960,"Actual Loops": 1,"Inner Unique": false,"Plans": [{"Node Type": "Nested Loop","Parent Relationship": "Outer","Parallel Aware": false,"Async Capable": false,"Join Type": "Inner","Startup Cost": 7.38,"Total Cost": 244.58,"Plan Rows": 400,"Plan Width": 4,"Actual Startup Time": 0.258,"Actual Total Time": 2.692,"Actual Rows": 362,"Actual Loops": 1,"Inner Unique": false,"Plans": [{"Node Type": "Seq Scan","Parent Relationship": "Outer","Parallel Aware": false,"Async Capable": false,"Relation Name": "nation","Alias": "nation","Startup Cost": 0.00,"Total Cost": 1.31,"Plan Rows": 1,"Plan Width": 4,"Actual Startup Time": 0.077,"Actual Total Time": 0.107,"Actual Rows": 1,"Actual Loops": 1,"Filter": "(n_name = 'JORDAN'::bpchar)","Rows Removed by Filter": 24},{"Node Type": "Bitmap Heap Scan","Parent Relationship": "Inner","Parallel Aware": false,"Async Capable": false,"Relation Name": "supplier","Alias": "supplier","Startup Cost": 7.38,"Total Cost": 239.27,"Plan Rows": 400,"Plan Width": 8,"Actual Startup Time": 0.172,"Actual Total Time": 2.539,"Actual Rows": 362,"Actual Loops": 1,"Recheck Cond": "(s_nationkey = nation.n_nationkey)","Rows Removed by Index Recheck": 0,"Exact Heap Blocks": 166,"Lossy Heap Blocks": 0,"Plans": [{"Node Type": "Bitmap Index Scan","Parent Relationship": "Outer","Parallel Aware": false,"Async Capable": false,"Index Name": "idx_supplier_nation_key","Startup Cost": 0.00,"Total Cost": 7.29,"Plan Rows": 400,"Plan Width": 0,"Actual Startup Time": 0.117,"Actual Total Time": 0.118,"Actual Rows": 362,"Actual Loops": 1,"Index Cond": "(s_nationkey = nation.n_nationkey)"}]}]},{"Node Type": "Index Scan","Parent Relationship": "Inner","Parallel Aware": false,"Async Capable": false,"Scan Direction": "Forward","Index Name": "idx_partsupp_suppkey","Relation Name": "partsupp","Alias": "partsupp","Startup Cost": 0.42,"Total Cost": 9.07,"Plan Rows": 80,"Plan Width": 18,"Actual Startup Time": 0.019,"Actual Total Time": 0.481,"Actual Rows": 80,"Actual Loops": 362,"Index Cond": "(ps_suppkey = supplier.s_suppkey)","Rows Removed by Index Recheck": 0}]}]}]},"Planning Time": 6.843,"Triggers": [],"Execution Time": 403.999}]
[{"Plan": {"Node Type": "Sort","Parallel Aware": false,"Async Capable": false,"Startup Cost": 10142.20,"Total Cost": 10168.87,"Plan Rows": 10667,"Plan Width": 36,"Actual Startup Time": 413.680,"Actual Total Time": 413.810,"Actual Rows": 1217,"Actual Loops": 1,"Sort Key": ["(sum((partsupp.ps_supplycost * (partsupp.ps_availqty)::numeric))) DESC"],"Sort Method": "quicksort","Sort Space Used": 115,"Sort Space Type": "Memory","Plans": [{"Node Type": "Aggregate","Strategy": "Plain","Partial Mode": "Simple","Parent Relationship": "InitPlan","Subplan Name": "InitPlan 1 (returns $2)","Parallel Aware": false,"Async Capable": false,"Startup Cost": 4434.26,"Total Cost": 4434.27,"Plan Rows": 1,"Plan Width": 32,"Actual Startup Time": 121.350,"Actual Total Time": 121.366,"Actual Rows": 1,"Actual Loops": 1,"Plans": [{"Node Type": "Nested Loop","Parent Relationship": "Outer","Parallel Aware": false,"Async Capable": false,"Join Type": "Inner","Startup Cost": 7.81,"Total Cost": 4194.26,"Plan Rows": 32000,"Plan Width": 10,"Actual Startup Time": 0.211,"Actual Total Time": 114.479,"Actual Rows": 30080,"Actual Loops": 1,"Inner Unique": false,"Plans": [{"Node Type": "Nested Loop","Parent Relationship": "Outer","Parallel Aware": false,"Async Capable": false,"Join Type": "Inner","Startup Cost": 7.38,"Total Cost": 244.58,"Plan Rows": 400,"Plan Width": 4,"Actual Startup Time": 0.161,"Actual Total Time": 1.670,"Actual Rows": 376,"Actual Loops": 1,"Inner Unique": false,"Plans": [{"Node Type": "Seq Scan","Parent Relationship": "Outer","Parallel Aware": false,"Async Capable": false,"Relation Name": "nation","Alias": "nation_1","Startup Cost": 0.00,"Total Cost": 1.31,"Plan Rows": 1,"Plan Width": 4,"Actual Startup Time": 0.026,"Actual Total Time": 0.039,"Actual Rows": 1,"Actual Loops": 1,"Filter": "(n_name = 'KENYA'::bpchar)","Rows Removed by Filter": 24},{"Node Type": "Bitmap Heap Scan","Parent Relationship": "Inner","Parallel Aware": false,"Async Capable": false,"Relation Name": "supplier","Alias": "supplier_1","Startup Cost": 7.38,"Total Cost": 239.27,"Plan Rows": 400,"Plan Width": 8,"Actual Startup Time": 0.113,"Actual Total Time": 1.571,"Actual Rows": 376,"Actual Loops": 1,"Recheck Cond": "(s_nationkey = nation_1.n_nationkey)","Rows Removed by Index Recheck": 0,"Exact Heap Blocks": 179,"Lossy Heap Blocks": 0,"Plans": [{"Node Type": "Bitmap Index Scan","Parent Relationship": "Outer","Parallel Aware": false,"Async Capable": false,"Index Name": "idx_supplier_nation_key","Startup Cost": 0.00,"Total Cost": 7.29,"Plan Rows": 400,"Plan Width": 0,"Actual Startup Time": 0.082,"Actual Total Time": 0.086,"Actual Rows": 376,"Actual Loops": 1,"Index Cond": "(s_nationkey = nation_1.n_nationkey)"}]}]},{"Node Type": "Index Scan","Parent Relationship": "Inner","Parallel Aware": false,"Async Capable": false,"Scan Direction": "Forward","Index Name": "idx_partsupp_suppkey","Relation Name": "partsupp","Alias": "partsupp_1","Startup Cost": 0.42,"Total Cost": 9.07,"Plan Rows": 80,"Plan Width": 14,"Actual Startup Time": 0.014,"Actual Total Time": 0.288,"Actual Rows": 80,"Actual Loops": 376,"Index Cond": "(ps_suppkey = supplier_1.s_suppkey)","Rows Removed by Index Recheck": 0}]}]},{"Node Type": "Aggregate","Strategy": "Hashed","Partial Mode": "Simple","Parent Relationship": "Outer","Parallel Aware": false,"Async Capable": false,"Startup Cost": 4514.26,"Total Cost": 4994.26,"Plan Rows": 10667,"Plan Width": 36,"Actual Startup Time": 346.893,"Actual Total Time": 413.082,"Actual Rows": 1217,"Actual Loops": 1,"Group Key": ["partsupp.ps_partkey"],"Filter": "(sum((partsupp.ps_supplycost * (partsupp.ps_availqty)::numeric)) > $2)","Planned Partitions": 0,"HashAgg Batches": 1,"Peak Memory Usage": 17937,"Disk Usage": 0,"Rows Removed by Filter": 27288,"Plans": [{"Node Type": "Nested Loop","Parent Relationship": "Outer","Parallel Aware": false,"Async Capable": false,"Join Type": "Inner","Startup Cost": 7.81,"Total Cost": 4194.26,"Plan Rows": 32000,"Plan Width": 14,"Actual Startup Time": 0.423,"Actual Total Time": 185.679,"Actual Rows": 30080,"Actual Loops": 1,"Inner Unique": false,"Plans": [{"Node Type": "Nested Loop","Parent Relationship": "Outer","Parallel Aware": false,"Async Capable": false,"Join Type": "Inner","Startup Cost": 7.38,"Total Cost": 244.58,"Plan Rows": 400,"Plan Width": 4,"Actual Startup Time": 0.359,"Actual Total Time": 2.922,"Actual Rows": 376,"Actual Loops": 1,"Inner Unique": false,"Plans": [{"Node Type": "Seq Scan","Parent Relationship": "Outer","Parallel Aware": false,"Async Capable": false,"Relation Name": "nation","Alias": "nation","Startup Cost": 0.00,"Total Cost": 1.31,"Plan Rows": 1,"Plan Width": 4,"Actual Startup Time": 0.084,"Actual Total Time": 0.113,"Actual Rows": 1,"Actual Loops": 1,"Filter": "(n_name = 'KENYA'::bpchar)","Rows Removed by Filter": 24},{"Node Type": "Bitmap Heap Scan","Parent Relationship": "Inner","Parallel Aware": false,"Async Capable": false,"Relation Name": "supplier","Alias": "supplier","Startup Cost": 7.38,"Total Cost": 239.27,"Plan Rows": 400,"Plan Width": 8,"Actual Startup Time": 0.263,"Actual Total Time": 2.758,"Actual Rows": 376,"Actual Loops": 1,"Recheck Cond": "(s_nationkey = nation.n_nationkey)","Rows Removed by Index Recheck": 0,"Exact Heap Blocks": 179,"Lossy Heap Blocks": 0,"Plans": [{"Node Type": "Bitmap Index Scan","Parent Relationship": "Outer","Parallel Aware": false,"Async Capable": false,"Index Name": "idx_supplier_nation_key","Startup Cost": 0.00,"Total Cost": 7.29,"Plan Rows": 400,"Plan Width": 0,"Actual Startup Time": 0.183,"Actual Total Time": 0.184,"Actual Rows": 376,"Actual Loops": 1,"Index Cond": "(s_nationkey = nation.n_nationkey)"}]}]},{"Node Type": "Index Scan","Parent Relationship": "Inner","Parallel Aware": false,"Async Capable": false,"Scan Direction": "Forward","Index Name": "idx_partsupp_suppkey","Relation Name": "partsupp","Alias": "partsupp","Startup Cost": 0.42,"Total Cost": 9.07,"Plan Rows": 80,"Plan Width": 18,"Actual Startup Time": 0.018,"Actual Total Time": 0.474,"Actual Rows": 80,"Actual Loops": 376,"Index Cond": "(ps_suppkey = supplier.s_suppkey)","Rows Removed by Index Recheck": 0}]}]}]},"Planning Time": 5.474,"Triggers": [],"Execution Time": 416.886}]
[{"Plan": {"Node Type": "Sort","Parallel Aware": false,"Async Capable": false,"Startup Cost": 10142.20,"Total Cost": 10168.87,"Plan Rows": 10667,"Plan Width": 36,"Actual Startup Time": 460.724,"Actual Total Time": 460.840,"Actual Rows": 741,"Actual Loops": 1,"Sort Key": ["(sum((partsupp.ps_supplycost * (partsupp.ps_availqty)::numeric))) DESC"],"Sort Method": "quicksort","Sort Space Used": 65,"Sort Space Type": "Memory","Plans": [{"Node Type": "Aggregate","Strategy": "Plain","Partial Mode": "Simple","Parent Relationship": "InitPlan","Subplan Name": "InitPlan 1 (returns $2)","Parallel Aware": false,"Async Capable": false,"Startup Cost": 4434.26,"Total Cost": 4434.27,"Plan Rows": 1,"Plan Width": 32,"Actual Startup Time": 132.110,"Actual Total Time": 132.136,"Actual Rows": 1,"Actual Loops": 1,"Plans": [{"Node Type": "Nested Loop","Parent Relationship": "Outer","Parallel Aware": false,"Async Capable": false,"Join Type": "Inner","Startup Cost": 7.81,"Total Cost": 4194.26,"Plan Rows": 32000,"Plan Width": 10,"Actual Startup Time": 0.212,"Actual Total Time": 124.425,"Actual Rows": 33680,"Actual Loops": 1,"Inner Unique": false,"Plans": [{"Node Type": "Nested Loop","Parent Relationship": "Outer","Parallel Aware": false,"Async Capable": false,"Join Type": "Inner","Startup Cost": 7.38,"Total Cost": 244.58,"Plan Rows": 400,"Plan Width": 4,"Actual Startup Time": 0.146,"Actual Total Time": 1.771,"Actual Rows": 421,"Actual Loops": 1,"Inner Unique": false,"Plans": [{"Node Type": "Seq Scan","Parent Relationship": "Outer","Parallel Aware": false,"Async Capable": false,"Relation Name": "nation","Alias": "nation_1","Startup Cost": 0.00,"Total Cost": 1.31,"Plan Rows": 1,"Plan Width": 4,"Actual Startup Time": 0.036,"Actual Total Time": 0.052,"Actual Rows": 1,"Actual Loops": 1,"Filter": "(n_name = 'PERU'::bpchar)","Rows Removed by Filter": 24},{"Node Type": "Bitmap Heap Scan","Parent Relationship": "Inner","Parallel Aware": false,"Async Capable": false,"Relation Name": "supplier","Alias": "supplier_1","Startup Cost": 7.38,"Total Cost": 239.27,"Plan Rows": 400,"Plan Width": 8,"Actual Startup Time": 0.097,"Actual Total Time": 1.663,"Actual Rows": 421,"Actual Loops": 1,"Recheck Cond": "(s_nationkey = nation_1.n_nationkey)","Rows Removed by Index Recheck": 0,"Exact Heap Blocks": 187,"Lossy Heap Blocks": 0,"Plans": [{"Node Type": "Bitmap Index Scan","Parent Relationship": "Outer","Parallel Aware": false,"Async Capable": false,"Index Name": "idx_supplier_nation_key","Startup Cost": 0.00,"Total Cost": 7.29,"Plan Rows": 400,"Plan Width": 0,"Actual Startup Time": 0.063,"Actual Total Time": 0.070,"Actual Rows": 421,"Actual Loops": 1,"Index Cond": "(s_nationkey = nation_1.n_nationkey)"}]}]},{"Node Type": "Index Scan","Parent Relationship": "Inner","Parallel Aware": false,"Async Capable": false,"Scan Direction": "Forward","Index Name": "idx_partsupp_suppkey","Relation Name": "partsupp","Alias": "partsupp_1","Startup Cost": 0.42,"Total Cost": 9.07,"Plan Rows": 80,"Plan Width": 14,"Actual Startup Time": 0.014,"Actual Total Time": 0.279,"Actual Rows": 80,"Actual Loops": 421,"Index Cond": "(ps_suppkey = supplier_1.s_suppkey)","Rows Removed by Index Recheck": 0}]}]},{"Node Type": "Aggregate","Strategy": "Hashed","Partial Mode": "Simple","Parent Relationship": "Outer","Parallel Aware": false,"Async Capable": false,"Startup Cost": 4514.26,"Total Cost": 4994.26,"Plan Rows": 10667,"Plan Width": 36,"Actual Startup Time": 384.508,"Actual Total Time": 460.301,"Actual Rows": 741,"Actual Loops": 1,"Group Key": ["partsupp.ps_partkey"],"Filter": "(sum((partsupp.ps_supplycost * (partsupp.ps_availqty)::numeric)) > $2)","Planned Partitions": 0,"HashAgg Batches": 1,"Peak Memory Usage": 17937,"Disk Usage": 0,"Rows Removed by Filter": 30846,"Plans": [{"Node Type": "Nested Loop","Parent Relationship": "Outer","Parallel Aware": false,"Async Capable": false,"Join Type": "Inner","Startup Cost": 7.81,"Total Cost": 4194.26,"Plan Rows": 32000,"Plan Width": 14,"Actual Startup Time": 0.389,"Actual Total Time": 205.243,"Actual Rows": 33680,"Actual Loops": 1,"Inner Unique": false,"Plans": [{"Node Type": "Nested Loop","Parent Relationship": "Outer","Parallel Aware": false,"Async Capable": false,"Join Type": "Inner","Startup Cost": 7.38,"Total Cost": 244.58,"Plan Rows": 400,"Plan Width": 4,"Actual Startup Time": 0.332,"Actual Total Time": 2.785,"Actual Rows": 421,"Actual Loops": 1,"Inner Unique": false,"Plans": [{"Node Type": "Seq Scan","Parent Relationship": "Outer","Parallel Aware": false,"Async Capable": false,"Relation Name": "nation","Alias": "nation","Startup Cost": 0.00,"Total Cost": 1.31,"Plan Rows": 1,"Plan Width": 4,"Actual Startup Time": 0.057,"Actual Total Time": 0.075,"Actual Rows": 1,"Actual Loops": 1,"Filter": "(n_name = 'PERU'::bpchar)","Rows Removed by Filter": 24},{"Node Type": "Bitmap Heap Scan","Parent Relationship": "Inner","Parallel Aware": false,"Async Capable": false,"Relation Name": "supplier","Alias": "supplier","Startup Cost": 7.38,"Total Cost": 239.27,"Plan Rows": 400,"Plan Width": 8,"Actual Startup Time": 0.270,"Actual Total Time": 2.660,"Actual Rows": 421,"Actual Loops": 1,"Recheck Cond": "(s_nationkey = nation.n_nationkey)","Rows Removed by Index Recheck": 0,"Exact Heap Blocks": 187,"Lossy Heap Blocks": 0,"Plans": [{"Node Type": "Bitmap Index Scan","Parent Relationship": "Outer","Parallel Aware": false,"Async Capable": false,"Index Name": "idx_supplier_nation_key","Startup Cost": 0.00,"Total Cost": 7.29,"Plan Rows": 400,"Plan Width": 0,"Actual Startup Time": 0.195,"Actual Total Time": 0.196,"Actual Rows": 421,"Actual Loops": 1,"Index Cond": "(s_nationkey = nation.n_nationkey)"}]}]},{"Node Type": "Index Scan","Parent Relationship": "Inner","Parallel Aware": false,"Async Capable": false,"Scan Direction": "Forward","Index Name": "idx_partsupp_suppkey","Relation Name": "partsupp","Alias": "partsupp","Startup Cost": 0.42,"Total Cost": 9.07,"Plan Rows": 80,"Plan Width": 18,"Actual Startup Time": 0.018,"Actual Total Time": 0.469,"Actual Rows": 80,"Actual Loops": 421,"Index Cond": "(ps_suppkey = supplier.s_suppkey)","Rows Removed by Index Recheck": 0}]}]}]},"Planning Time": 6.964,"Triggers": [],"Execution Time": 464.153}]
